<?xml version="1.0" encoding="UTF-8"?>
<testsuites name="QA Smoke Test" time="6982.264" tests="3" failures="2" errors="0">
   <testsuite name="QA Smoke Test" tests="3" failures="2" errors="0" time="6982.264" timestamp="2020-12-22 16:57:35" hostname="iahmed - DESKTOP-B2QI6NS.govolution.com" id="Test Suites/QA Smoke Test/QA Smoke Test">
      <properties>
         <property name="deviceName" value=""/>
         <property name="devicePlatform" value=""/>
         <property name="logFolder" value="C:\\Users\\iahmed\\Documents\\VPS-Smoke-Version001\\Reports\\20201222_165732\\QA Smoke Test\\QA Smoke Test\\20201222_165732"/>
         <property name="logFiles" value="C:\\Users\\iahmed\\Documents\\VPS-Smoke-Version001\\Reports\\20201222_165732\\QA Smoke Test\\QA Smoke Test\\20201222_165732\\execution0.log"/>
         <property name="attachments" value="C:\\Users\\iahmed\\Documents\\VPS-Smoke-Version001\\Reports\\20201222_165732\\QA Smoke Test\\QA Smoke Test\\20201222_165732\\1608674285303.png"/>
         <property name="hostName" value="iahmed - DESKTOP-B2QI6NS.govolution.com"/>
         <property name="os" value="Windows 10 64bit"/>
         <property name="katalonVersion" value="7.5.10.1"/>
         <property name="browser" value="Chrome 87.0.4280.88"/>
         <property name="hostAddress" value="10.5.20.29"/>
         <property name="sessionId" value="647a98abb62222d9dc9cf3f95d242dec"/>
         <property name="seleniumVersion" value="3.141.59"/>
         <property name="proxyInformation" value="ProxyInformation { proxyOption=NO_PROXY, proxyServerType=HTTP, username=, password=********, proxyServerAddress=, proxyServerPort=0, executionList=\&quot;\&quot;, isApplyToDesiredCapabilities=true }"/>
         <property name="platform" value="Windows 10"/>
      </properties>
      <testcase name="Test Cases/VirtualTerminal/Sale-ReqFieldsOnly" time="42.075" classname="Test Cases/VirtualTerminal/Sale-ReqFieldsOnly" status="FAILED">
         <failure type="FAILED" message="Test Cases/VirtualTerminal/Sale-ReqFieldsOnly FAILED.
Reason:
com.kms.katalon.core.exception.StepFailedException: Unable to set text '4111111111111111' of object 'Object Repository/Sale Payment Entry/CardNumber' (Root cause: com.kms.katalon.core.exception.StepFailedException: Unable to set text '4111111111111111' of object 'Object Repository/Sale Payment Entry/CardNumber'
	at com.kms.katalon.core.webui.keyword.internal.WebUIKeywordMain.stepFailed(WebUIKeywordMain.groovy:64)
	at com.kms.katalon.core.webui.keyword.internal.WebUIKeywordMain.runKeyword(WebUIKeywordMain.groovy:26)
	at com.kms.katalon.core.webui.keyword.builtin.SetTextKeyword.setText(SetTextKeyword.groovy:66)
	at com.kms.katalon.core.webui.keyword.builtin.SetTextKeyword.execute(SetTextKeyword.groovy:37)
	at com.kms.katalon.core.keyword.internal.KeywordExecutor.executeKeywordForPlatform(KeywordExecutor.groovy:72)
	at com.kms.katalon.core.webui.keyword.WebUiBuiltInKeywords.setText(WebUiBuiltInKeywords.groovy:976)
	at com.kms.katalon.core.webui.keyword.WebUiBuiltInKeywords$setText$3.call(Unknown Source)
	at Sale-ReqFieldsOnly.run(Sale-ReqFieldsOnly:32)
	at com.kms.katalon.core.main.ScriptEngine.run(ScriptEngine.java:194)
	at com.kms.katalon.core.main.ScriptEngine.runScriptAsRawText(ScriptEngine.java:119)
	at com.kms.katalon.core.main.TestCaseExecutor.runScript(TestCaseExecutor.java:337)
	at com.kms.katalon.core.main.TestCaseExecutor.doExecute(TestCaseExecutor.java:328)
	at com.kms.katalon.core.main.TestCaseExecutor.processExecutionPhase(TestCaseExecutor.java:307)
	at com.kms.katalon.core.main.TestCaseExecutor.accessMainPhase(TestCaseExecutor.java:299)
	at com.kms.katalon.core.main.TestCaseExecutor.execute(TestCaseExecutor.java:233)
	at com.kms.katalon.core.main.TestSuiteExecutor.accessTestCaseMainPhase(TestSuiteExecutor.java:169)
	at com.kms.katalon.core.main.TestSuiteExecutor.accessTestSuiteMainPhase(TestSuiteExecutor.java:142)
	at com.kms.katalon.core.main.TestSuiteExecutor.execute(TestSuiteExecutor.java:91)
	at com.kms.katalon.core.main.TestCaseMain.startTestSuite(TestCaseMain.java:157)
	at com.kms.katalon.core.main.TestCaseMain$startTestSuite$0.call(Unknown Source)
	at TempTestSuite1608674252830.run(TempTestSuite1608674252830.groovy:37)
Caused by: org.openqa.selenium.ElementNotInteractableException: element not interactable
  (Session info: chrome=87.0.4280.88)
Build info: version: '3.141.59', revision: 'e82be7d358', time: '2018-11-14T08:25:53'
System info: host: 'DESKTOP-B2QI6NS', ip: '10.5.20.29', os.name: 'Windows 10', os.arch: 'amd64', os.version: '10.0', java.version: '1.8.0_181'
Driver info: com.kms.katalon.selenium.driver.CChromeDriver
Capabilities {acceptInsecureCerts: true, browserName: chrome, browserVersion: 87.0.4280.88, chrome: {chromedriverVersion: 87.0.4280.88 (89e2380a3e36c..., userDataDir: C:\Users\iahmed\AppData\Loc...}, goog:chromeOptions: {debuggerAddress: localhost:53722}, javascriptEnabled: true, networkConnectionEnabled: false, pageLoadStrategy: normal, platform: WINDOWS, platformName: WINDOWS, proxy: Proxy(), setWindowRect: true, strictFileInteractability: false, timeouts: {implicit: 0, pageLoad: 300000, script: 30000}, unhandledPromptBehavior: dismiss and notify, webauthn:virtualAuthenticators: true}
Session ID: 3047a110bb643f4106f595934fcf3191
	at org.openqa.selenium.remote.http.W3CHttpResponseCodec.createException(W3CHttpResponseCodec.java:187)
	at org.openqa.selenium.remote.http.W3CHttpResponseCodec.decode(W3CHttpResponseCodec.java:122)
	at org.openqa.selenium.remote.http.W3CHttpResponseCodec.decode(W3CHttpResponseCodec.java:49)
	at org.openqa.selenium.remote.HttpCommandExecutor.execute(HttpCommandExecutor.java:158)
	at org.openqa.selenium.remote.service.DriverCommandExecutor.execute(DriverCommandExecutor.java:83)
	at org.openqa.selenium.remote.RemoteWebDriver.execute(RemoteWebDriver.java:552)
	at com.kms.katalon.selenium.driver.CChromeDriver.execute(CChromeDriver.java:19)
	at org.openqa.selenium.remote.RemoteWebElement.execute(RemoteWebElement.java:285)
	at org.openqa.selenium.remote.RemoteWebElement.clear(RemoteWebElement.java:124)
	at org.openqa.selenium.support.events.EventFiringWebDriver$EventFiringWebElement.lambda$new$0(EventFiringWebDriver.java:404)
	at com.sun.proxy.$Proxy9.clear(Unknown Source)
	at org.openqa.selenium.support.events.EventFiringWebDriver$EventFiringWebElement.clear(EventFiringWebDriver.java:436)
	at com.kms.katalon.core.webui.keyword.builtin.SetTextKeyword$_setText_closure1.doCall(SetTextKeyword.groovy:53)
	at com.kms.katalon.core.webui.keyword.builtin.SetTextKeyword$_setText_closure1.call(SetTextKeyword.groovy)
	at com.kms.katalon.core.webui.keyword.internal.WebUIKeywordMain.runKeyword(WebUIKeywordMain.groovy:20)
	at com.kms.katalon.core.webui.keyword.builtin.SetTextKeyword.setText(SetTextKeyword.groovy:66)
	at com.kms.katalon.core.webui.keyword.builtin.SetTextKeyword.execute(SetTextKeyword.groovy:37)
	at com.kms.katalon.core.keyword.internal.KeywordExecutor.executeKeywordForPlatform(KeywordExecutor.groovy:72)
	at com.kms.katalon.core.webui.keyword.WebUiBuiltInKeywords.setText(WebUiBuiltInKeywords.groovy:976)
	at com.kms.katalon.core.webui.keyword.WebUiBuiltInKeywords$setText$3.call(Unknown Source)
	at Script1554154540305.run(Script1554154540305.groovy:32)
	... 13 more
)
	at com.kms.katalon.core.keyword.internal.KeywordMain.stepFailed(KeywordMain.groovy:39)
	at com.kms.katalon.core.webui.keyword.internal.WebUIKeywordMain.stepFailed(WebUIKeywordMain.groovy:64)
	at com.kms.katalon.core.webui.keyword.internal.WebUIKeywordMain.runKeyword(WebUIKeywordMain.groovy:26)
	at com.kms.katalon.core.webui.keyword.builtin.SetTextKeyword.setText(SetTextKeyword.groovy:66)
	at com.kms.katalon.core.webui.keyword.builtin.SetTextKeyword.execute(SetTextKeyword.groovy:37)
	at com.kms.katalon.core.keyword.internal.KeywordExecutor.executeKeywordForPlatform(KeywordExecutor.groovy:72)
	at com.kms.katalon.core.webui.keyword.WebUiBuiltInKeywords.setText(WebUiBuiltInKeywords.groovy:976)
	at com.kms.katalon.core.webui.keyword.WebUiBuiltInKeywords$setText$3.call(Unknown Source)
	at Sale-ReqFieldsOnly.run(Sale-ReqFieldsOnly:32)
	at com.kms.katalon.core.main.ScriptEngine.run(ScriptEngine.java:194)
	at com.kms.katalon.core.main.ScriptEngine.runScriptAsRawText(ScriptEngine.java:119)
	at com.kms.katalon.core.main.TestCaseExecutor.runScript(TestCaseExecutor.java:337)
	at com.kms.katalon.core.main.TestCaseExecutor.doExecute(TestCaseExecutor.java:328)
	at com.kms.katalon.core.main.TestCaseExecutor.processExecutionPhase(TestCaseExecutor.java:307)
	at com.kms.katalon.core.main.TestCaseExecutor.accessMainPhase(TestCaseExecutor.java:299)
	at com.kms.katalon.core.main.TestCaseExecutor.execute(TestCaseExecutor.java:233)
	at com.kms.katalon.core.main.TestSuiteExecutor.accessTestCaseMainPhase(TestSuiteExecutor.java:169)
	at com.kms.katalon.core.main.TestSuiteExecutor.accessTestSuiteMainPhase(TestSuiteExecutor.java:142)
	at com.kms.katalon.core.main.TestSuiteExecutor.execute(TestSuiteExecutor.java:91)
	at com.kms.katalon.core.main.TestCaseMain.startTestSuite(TestCaseMain.java:157)
	at com.kms.katalon.core.main.TestCaseMain$startTestSuite$0.call(Unknown Source)
	at TempTestSuite1608674252830.run(TempTestSuite1608674252830.groovy:37)
Caused by: com.kms.katalon.core.exception.StepFailedException: Unable to set text '4111111111111111' of object 'Object Repository/Sale Payment Entry/CardNumber'
	... 21 more
Caused by: org.openqa.selenium.ElementNotInteractableException: element not interactable
  (Session info: chrome=87.0.4280.88)
Build info: version: '3.141.59', revision: 'e82be7d358', time: '2018-11-14T08:25:53'
System info: host: 'DESKTOP-B2QI6NS', ip: '10.5.20.29', os.name: 'Windows 10', os.arch: 'amd64', os.version: '10.0', java.version: '1.8.0_181'
Driver info: com.kms.katalon.selenium.driver.CChromeDriver
Capabilities {acceptInsecureCerts: true, browserName: chrome, browserVersion: 87.0.4280.88, chrome: {chromedriverVersion: 87.0.4280.88 (89e2380a3e36c..., userDataDir: C:\Users\iahmed\AppData\Loc...}, goog:chromeOptions: {debuggerAddress: localhost:53722}, javascriptEnabled: true, networkConnectionEnabled: false, pageLoadStrategy: normal, platform: WINDOWS, platformName: WINDOWS, proxy: Proxy(), setWindowRect: true, strictFileInteractability: false, timeouts: {implicit: 0, pageLoad: 300000, script: 30000}, unhandledPromptBehavior: dismiss and notify, webauthn:virtualAuthenticators: true}
Session ID: 3047a110bb643f4106f595934fcf3191
	at org.openqa.selenium.remote.http.W3CHttpResponseCodec.createException(W3CHttpResponseCodec.java:187)
	at org.openqa.selenium.remote.http.W3CHttpResponseCodec.decode(W3CHttpResponseCodec.java:122)
	at org.openqa.selenium.remote.http.W3CHttpResponseCodec.decode(W3CHttpResponseCodec.java:49)
	at org.openqa.selenium.remote.HttpCommandExecutor.execute(HttpCommandExecutor.java:158)
	at org.openqa.selenium.remote.service.DriverCommandExecutor.execute(DriverCommandExecutor.java:83)
	at org.openqa.selenium.remote.RemoteWebDriver.execute(RemoteWebDriver.java:552)
	at com.kms.katalon.selenium.driver.CChromeDriver.execute(CChromeDriver.java:19)
	at org.openqa.selenium.remote.RemoteWebElement.execute(RemoteWebElement.java:285)
	at org.openqa.selenium.remote.RemoteWebElement.clear(RemoteWebElement.java:124)
	at org.openqa.selenium.support.events.EventFiringWebDriver$EventFiringWebElement.lambda$new$0(EventFiringWebDriver.java:404)
	at com.sun.proxy.$Proxy9.clear(Unknown Source)
	at org.openqa.selenium.support.events.EventFiringWebDriver$EventFiringWebElement.clear(EventFiringWebDriver.java:436)
	at com.kms.katalon.core.webui.keyword.builtin.SetTextKeyword$_setText_closure1.doCall(SetTextKeyword.groovy:53)
	at com.kms.katalon.core.webui.keyword.builtin.SetTextKeyword$_setText_closure1.call(SetTextKeyword.groovy)
	at com.kms.katalon.core.webui.keyword.internal.WebUIKeywordMain.runKeyword(WebUIKeywordMain.groovy:20)
	... 19 more
"/>
         <system-out><![CDATA[2020-12-22 16:57:36 - [TEST_CASE][FAILED] - Test Cases/VirtualTerminal/Sale-ReqFieldsOnly: Test Cases/VirtualTerminal/Sale-ReqFieldsOnly FAILED.
Reason:
com.kms.katalon.core.exception.StepFailedException: Unable to set text '4111111111111111' of object 'Object Repository/Sale Payment Entry/CardNumber' (Root cause: com.kms.katalon.core.exception.StepFailedException: Unable to set text '4111111111111111' of object 'Object Repository/Sale Payment Entry/CardNumber'
	at com.kms.katalon.core.webui.keyword.internal.WebUIKeywordMain.stepFailed(WebUIKeywordMain.groovy:64)
	at com.kms.katalon.core.webui.keyword.internal.WebUIKeywordMain.runKeyword(WebUIKeywordMain.groovy:26)
	at com.kms.katalon.core.webui.keyword.builtin.SetTextKeyword.setText(SetTextKeyword.groovy:66)
	at com.kms.katalon.core.webui.keyword.builtin.SetTextKeyword.execute(SetTextKeyword.groovy:37)
	at com.kms.katalon.core.keyword.internal.KeywordExecutor.executeKeywordForPlatform(KeywordExecutor.groovy:72)
	at com.kms.katalon.core.webui.keyword.WebUiBuiltInKeywords.setText(WebUiBuiltInKeywords.groovy:976)
	at com.kms.katalon.core.webui.keyword.WebUiBuiltInKeywords$setText$3.call(Unknown Source)
	at Sale-ReqFieldsOnly.run(Sale-ReqFieldsOnly:32)
	at com.kms.katalon.core.main.ScriptEngine.run(ScriptEngine.java:194)
	at com.kms.katalon.core.main.ScriptEngine.runScriptAsRawText(ScriptEngine.java:119)
	at com.kms.katalon.core.main.TestCaseExecutor.runScript(TestCaseExecutor.java:337)
	at com.kms.katalon.core.main.TestCaseExecutor.doExecute(TestCaseExecutor.java:328)
	at com.kms.katalon.core.main.TestCaseExecutor.processExecutionPhase(TestCaseExecutor.java:307)
	at com.kms.katalon.core.main.TestCaseExecutor.accessMainPhase(TestCaseExecutor.java:299)
	at com.kms.katalon.core.main.TestCaseExecutor.execute(TestCaseExecutor.java:233)
	at com.kms.katalon.core.main.TestSuiteExecutor.accessTestCaseMainPhase(TestSuiteExecutor.java:169)
	at com.kms.katalon.core.main.TestSuiteExecutor.accessTestSuiteMainPhase(TestSuiteExecutor.java:142)
	at com.kms.katalon.core.main.TestSuiteExecutor.execute(TestSuiteExecutor.java:91)
	at com.kms.katalon.core.main.TestCaseMain.startTestSuite(TestCaseMain.java:157)
	at com.kms.katalon.core.main.TestCaseMain$startTestSuite$0.call(Unknown Source)
	at TempTestSuite1608674252830.run(TempTestSuite1608674252830.groovy:37)
Caused by: org.openqa.selenium.ElementNotInteractableException: element not interactable
  (Session info: chrome=87.0.4280.88)
Build info: version: '3.141.59', revision: 'e82be7d358', time: '2018-11-14T08:25:53'
System info: host: 'DESKTOP-B2QI6NS', ip: '10.5.20.29', os.name: 'Windows 10', os.arch: 'amd64', os.version: '10.0', java.version: '1.8.0_181'
Driver info: com.kms.katalon.selenium.driver.CChromeDriver
Capabilities {acceptInsecureCerts: true, browserName: chrome, browserVersion: 87.0.4280.88, chrome: {chromedriverVersion: 87.0.4280.88 (89e2380a3e36c..., userDataDir: C:\Users\iahmed\AppData\Loc...}, goog:chromeOptions: {debuggerAddress: localhost:53722}, javascriptEnabled: true, networkConnectionEnabled: false, pageLoadStrategy: normal, platform: WINDOWS, platformName: WINDOWS, proxy: Proxy(), setWindowRect: true, strictFileInteractability: false, timeouts: {implicit: 0, pageLoad: 300000, script: 30000}, unhandledPromptBehavior: dismiss and notify, webauthn:virtualAuthenticators: true}
Session ID: 3047a110bb643f4106f595934fcf3191
	at org.openqa.selenium.remote.http.W3CHttpResponseCodec.createException(W3CHttpResponseCodec.java:187)
	at org.openqa.selenium.remote.http.W3CHttpResponseCodec.decode(W3CHttpResponseCodec.java:122)
	at org.openqa.selenium.remote.http.W3CHttpResponseCodec.decode(W3CHttpResponseCodec.java:49)
	at org.openqa.selenium.remote.HttpCommandExecutor.execute(HttpCommandExecutor.java:158)
	at org.openqa.selenium.remote.service.DriverCommandExecutor.execute(DriverCommandExecutor.java:83)
	at org.openqa.selenium.remote.RemoteWebDriver.execute(RemoteWebDriver.java:552)
	at com.kms.katalon.selenium.driver.CChromeDriver.execute(CChromeDriver.java:19)
	at org.openqa.selenium.remote.RemoteWebElement.execute(RemoteWebElement.java:285)
	at org.openqa.selenium.remote.RemoteWebElement.clear(RemoteWebElement.java:124)
	at org.openqa.selenium.support.events.EventFiringWebDriver$EventFiringWebElement.lambda$new$0(EventFiringWebDriver.java:404)
	at com.sun.proxy.$Proxy9.clear(Unknown Source)
	at org.openqa.selenium.support.events.EventFiringWebDriver$EventFiringWebElement.clear(EventFiringWebDriver.java:436)
	at com.kms.katalon.core.webui.keyword.builtin.SetTextKeyword$_setText_closure1.doCall(SetTextKeyword.groovy:53)
	at com.kms.katalon.core.webui.keyword.builtin.SetTextKeyword$_setText_closure1.call(SetTextKeyword.groovy)
	at com.kms.katalon.core.webui.keyword.internal.WebUIKeywordMain.runKeyword(WebUIKeywordMain.groovy:20)
	at com.kms.katalon.core.webui.keyword.builtin.SetTextKeyword.setText(SetTextKeyword.groovy:66)
	at com.kms.katalon.core.webui.keyword.builtin.SetTextKeyword.execute(SetTextKeyword.groovy:37)
	at com.kms.katalon.core.keyword.internal.KeywordExecutor.executeKeywordForPlatform(KeywordExecutor.groovy:72)
	at com.kms.katalon.core.webui.keyword.WebUiBuiltInKeywords.setText(WebUiBuiltInKeywords.groovy:976)
	at com.kms.katalon.core.webui.keyword.WebUiBuiltInKeywords$setText$3.call(Unknown Source)
	at Script1554154540305.run(Script1554154540305.groovy:32)
	... 13 more
)
	at com.kms.katalon.core.keyword.internal.KeywordMain.stepFailed(KeywordMain.groovy:39)
	at com.kms.katalon.core.webui.keyword.internal.WebUIKeywordMain.stepFailed(WebUIKeywordMain.groovy:64)
	at com.kms.katalon.core.webui.keyword.internal.WebUIKeywordMain.runKeyword(WebUIKeywordMain.groovy:26)
	at com.kms.katalon.core.webui.keyword.builtin.SetTextKeyword.setText(SetTextKeyword.groovy:66)
	at com.kms.katalon.core.webui.keyword.builtin.SetTextKeyword.execute(SetTextKeyword.groovy:37)
	at com.kms.katalon.core.keyword.internal.KeywordExecutor.executeKeywordForPlatform(KeywordExecutor.groovy:72)
	at com.kms.katalon.core.webui.keyword.WebUiBuiltInKeywords.setText(WebUiBuiltInKeywords.groovy:976)
	at com.kms.katalon.core.webui.keyword.WebUiBuiltInKeywords$setText$3.call(Unknown Source)
	at Sale-ReqFieldsOnly.run(Sale-ReqFieldsOnly:32)
	at com.kms.katalon.core.main.ScriptEngine.run(ScriptEngine.java:194)
	at com.kms.katalon.core.main.ScriptEngine.runScriptAsRawText(ScriptEngine.java:119)
	at com.kms.katalon.core.main.TestCaseExecutor.runScript(TestCaseExecutor.java:337)
	at com.kms.katalon.core.main.TestCaseExecutor.doExecute(TestCaseExecutor.java:328)
	at com.kms.katalon.core.main.TestCaseExecutor.processExecutionPhase(TestCaseExecutor.java:307)
	at com.kms.katalon.core.main.TestCaseExecutor.accessMainPhase(TestCaseExecutor.java:299)
	at com.kms.katalon.core.main.TestCaseExecutor.execute(TestCaseExecutor.java:233)
	at com.kms.katalon.core.main.TestSuiteExecutor.accessTestCaseMainPhase(TestSuiteExecutor.java:169)
	at com.kms.katalon.core.main.TestSuiteExecutor.accessTestSuiteMainPhase(TestSuiteExecutor.java:142)
	at com.kms.katalon.core.main.TestSuiteExecutor.execute(TestSuiteExecutor.java:91)
	at com.kms.katalon.core.main.TestCaseMain.startTestSuite(TestCaseMain.java:157)
	at com.kms.katalon.core.main.TestCaseMain$startTestSuite$0.call(Unknown Source)
	at TempTestSuite1608674252830.run(TempTestSuite1608674252830.groovy:37)
Caused by: com.kms.katalon.core.exception.StepFailedException: Unable to set text '4111111111111111' of object 'Object Repository/Sale Payment Entry/CardNumber'
	... 21 more
Caused by: org.openqa.selenium.ElementNotInteractableException: element not interactable
  (Session info: chrome=87.0.4280.88)
Build info: version: '3.141.59', revision: 'e82be7d358', time: '2018-11-14T08:25:53'
System info: host: 'DESKTOP-B2QI6NS', ip: '10.5.20.29', os.name: 'Windows 10', os.arch: 'amd64', os.version: '10.0', java.version: '1.8.0_181'
Driver info: com.kms.katalon.selenium.driver.CChromeDriver
Capabilities {acceptInsecureCerts: true, browserName: chrome, browserVersion: 87.0.4280.88, chrome: {chromedriverVersion: 87.0.4280.88 (89e2380a3e36c..., userDataDir: C:\Users\iahmed\AppData\Loc...}, goog:chromeOptions: {debuggerAddress: localhost:53722}, javascriptEnabled: true, networkConnectionEnabled: false, pageLoadStrategy: normal, platform: WINDOWS, platformName: WINDOWS, proxy: Proxy(), setWindowRect: true, strictFileInteractability: false, timeouts: {implicit: 0, pageLoad: 300000, script: 30000}, unhandledPromptBehavior: dismiss and notify, webauthn:virtualAuthenticators: true}
Session ID: 3047a110bb643f4106f595934fcf3191
	at org.openqa.selenium.remote.http.W3CHttpResponseCodec.createException(W3CHttpResponseCodec.java:187)
	at org.openqa.selenium.remote.http.W3CHttpResponseCodec.decode(W3CHttpResponseCodec.java:122)
	at org.openqa.selenium.remote.http.W3CHttpResponseCodec.decode(W3CHttpResponseCodec.java:49)
	at org.openqa.selenium.remote.HttpCommandExecutor.execute(HttpCommandExecutor.java:158)
	at org.openqa.selenium.remote.service.DriverCommandExecutor.execute(DriverCommandExecutor.java:83)
	at org.openqa.selenium.remote.RemoteWebDriver.execute(RemoteWebDriver.java:552)
	at com.kms.katalon.selenium.driver.CChromeDriver.execute(CChromeDriver.java:19)
	at org.openqa.selenium.remote.RemoteWebElement.execute(RemoteWebElement.java:285)
	at org.openqa.selenium.remote.RemoteWebElement.clear(RemoteWebElement.java:124)
	at org.openqa.selenium.support.events.EventFiringWebDriver$EventFiringWebElement.lambda$new$0(EventFiringWebDriver.java:404)
	at com.sun.proxy.$Proxy9.clear(Unknown Source)
	at org.openqa.selenium.support.events.EventFiringWebDriver$EventFiringWebElement.clear(EventFiringWebDriver.java:436)
	at com.kms.katalon.core.webui.keyword.builtin.SetTextKeyword$_setText_closure1.doCall(SetTextKeyword.groovy:53)
	at com.kms.katalon.core.webui.keyword.builtin.SetTextKeyword$_setText_closure1.call(SetTextKeyword.groovy)
	at com.kms.katalon.core.webui.keyword.internal.WebUIKeywordMain.runKeyword(WebUIKeywordMain.groovy:20)
	... 19 more


2020-12-22 16:57:36 - [TEST_STEP][PASSED] - callTestCase(findTestCase("VirtualTerminal/Login"), ["username":"iahmed", "password":"hello2222"], STOP_ON_FAILURE): Call Test Case 'Test Cases/VirtualTerminal/Login' successfully

2020-12-22 16:57:36 - [TEST_CASE][PASSED] - Test Cases/VirtualTerminal/Login: Test Cases/VirtualTerminal/Login

2020-12-22 16:57:36 - [TEST_STEP][PASSED] - openBrowser(""): Browser is opened with url: ''

2020-12-22 16:57:37 - [MESSAGE][INFO] - Starting 'Chrome' driver

2020-12-22 16:57:37 - [MESSAGE][INFO] - User set preference: ['acceptInsecureCerts', 'true']

2020-12-22 16:57:37 - [MESSAGE][INFO] - Action delay is set to 0 milliseconds

2020-12-22 16:57:41 - [MESSAGE][PASSED] - Browser is opened with url: ''

2020-12-22 16:57:41 - [TEST_STEP][PASSED] - maximizeWindow(): Current window maximized

2020-12-22 16:57:41 - [MESSAGE][PASSED] - Current window maximized

2020-12-22 16:57:41 - [TEST_STEP][PASSED] - navigateToUrl("https://qa.velocitypayment.com/admin/imtiaz"): Navigate to 'https://qa.velocitypayment.com/admin/imtiaz' successfully

2020-12-22 16:57:42 - [MESSAGE][PASSED] - Navigate to 'https://qa.velocitypayment.com/admin/imtiaz' successfully

2020-12-22 16:57:42 - [TEST_STEP][PASSED] - if (verifyElementPresent(findTestObject("Login_Page/Login_Username"), 30)): null

2020-12-22 16:57:43 - [MESSAGE][PASSED] - Object 'Object Repository/Login_Page/Login_Username' is present

2020-12-22 16:57:43 - [TEST_STEP][PASSED] - out.println("We are on Login Page, start populating the fields"): null

2020-12-22 16:57:43 - [TEST_STEP][PASSED] - setText(findTestObject("Login_Page/Login_Username"), username): Text 'iahmed' is set on object 'Object Repository/Login_Page/Login_Username'

2020-12-22 16:57:44 - [MESSAGE][PASSED] - Text 'iahmed' is set on object 'Object Repository/Login_Page/Login_Username'

2020-12-22 16:57:44 - [TEST_STEP][PASSED] - setText(findTestObject("Login_Page/Login_Password"), password): Text 'hello2222' is set on object 'Object Repository/Login_Page/Login_Password'

2020-12-22 16:57:44 - [MESSAGE][PASSED] - Text 'hello2222' is set on object 'Object Repository/Login_Page/Login_Password'

2020-12-22 16:57:44 - [TEST_STEP][PASSED] - click(findTestObject("Login_Page/Login_Submit")): Object: 'Object Repository/Login_Page/Login_Submit' is clicked on

2020-12-22 16:57:57 - [MESSAGE][PASSED] - Object: 'Object Repository/Login_Page/Login_Submit' is clicked on

2020-12-22 16:57:57 - [MESSAGE][PASSED] - Call Test Case 'Test Cases/VirtualTerminal/Login' successfully

2020-12-22 16:57:57 - [TEST_STEP][PASSED] - click(findTestObject("Dashboard/AccessAhmedPayment")): Object: 'Object Repository/Dashboard/AccessAhmedPayment' is clicked on

2020-12-22 16:58:00 - [MESSAGE][PASSED] - Object: 'Object Repository/Dashboard/AccessAhmedPayment' is clicked on

2020-12-22 16:58:00 - [TEST_STEP][PASSED] - click(findTestObject("Issue Transactions/SaleLink")): Object: 'Object Repository/Issue Transactions/SaleLink' is clicked on

2020-12-22 16:58:01 - [MESSAGE][PASSED] - Object: 'Object Repository/Issue Transactions/SaleLink' is clicked on

2020-12-22 16:58:01 - [TEST_STEP][PASSED] - setText(findTestObject("Sale Payment Entry/ClientAccountNumber"), "123456wwe"): Text '123456wwe' is set on object 'Object Repository/Sale Payment Entry/ClientAccountNumber'

2020-12-22 16:58:02 - [MESSAGE][PASSED] - Text '123456wwe' is set on object 'Object Repository/Sale Payment Entry/ClientAccountNumber'

2020-12-22 16:58:02 - [TEST_STEP][PASSED] - setText(findTestObject("Sale Payment Entry/CardName"), "imtiaz ahmed"): Text 'imtiaz ahmed' is set on object 'Object Repository/Sale Payment Entry/CardName'

2020-12-22 16:58:03 - [MESSAGE][PASSED] - Text 'imtiaz ahmed' is set on object 'Object Repository/Sale Payment Entry/CardName'

2020-12-22 16:58:03 - [TEST_STEP][PASSED] - setText(findTestObject("Sale Payment Entry/AL1"), "2311 york road"): Text '2311 york road' is set on object 'Object Repository/Sale Payment Entry/AL1'

2020-12-22 16:58:04 - [MESSAGE][PASSED] - Text '2311 york road' is set on object 'Object Repository/Sale Payment Entry/AL1'

2020-12-22 16:58:04 - [TEST_STEP][PASSED] - setText(findTestObject("Sale Payment Entry/ZIP"), "22201"): Text '22201' is set on object 'Object Repository/Sale Payment Entry/ZIP'

2020-12-22 16:58:04 - [MESSAGE][PASSED] - Text '22201' is set on object 'Object Repository/Sale Payment Entry/ZIP'

2020-12-22 16:58:04 - [TEST_STEP][FAILED] - setText(findTestObject("Sale Payment Entry/CardNumber"), "4111111111111111"): Unable to set text '4111111111111111' of object 'Object Repository/Sale Payment Entry/CardNumber' (Root cause: com.kms.katalon.core.exception.StepFailedException: Unable to set text '4111111111111111' of object 'Object Repository/Sale Payment Entry/CardNumber'
	at com.kms.katalon.core.webui.keyword.internal.WebUIKeywordMain.stepFailed(WebUIKeywordMain.groovy:64)
	at com.kms.katalon.core.webui.keyword.internal.WebUIKeywordMain.runKeyword(WebUIKeywordMain.groovy:26)
	at com.kms.katalon.core.webui.keyword.builtin.SetTextKeyword.setText(SetTextKeyword.groovy:66)
	at com.kms.katalon.core.webui.keyword.builtin.SetTextKeyword.execute(SetTextKeyword.groovy:37)
	at com.kms.katalon.core.keyword.internal.KeywordExecutor.executeKeywordForPlatform(KeywordExecutor.groovy:72)
	at com.kms.katalon.core.webui.keyword.WebUiBuiltInKeywords.setText(WebUiBuiltInKeywords.groovy:976)
	at com.kms.katalon.core.webui.keyword.WebUiBuiltInKeywords$setText$3.call(Unknown Source)
	at Sale-ReqFieldsOnly.run(Sale-ReqFieldsOnly:32)
	at com.kms.katalon.core.main.ScriptEngine.run(ScriptEngine.java:194)
	at com.kms.katalon.core.main.ScriptEngine.runScriptAsRawText(ScriptEngine.java:119)
	at com.kms.katalon.core.main.TestCaseExecutor.runScript(TestCaseExecutor.java:337)
	at com.kms.katalon.core.main.TestCaseExecutor.doExecute(TestCaseExecutor.java:328)
	at com.kms.katalon.core.main.TestCaseExecutor.processExecutionPhase(TestCaseExecutor.java:307)
	at com.kms.katalon.core.main.TestCaseExecutor.accessMainPhase(TestCaseExecutor.java:299)
	at com.kms.katalon.core.main.TestCaseExecutor.execute(TestCaseExecutor.java:233)
	at com.kms.katalon.core.main.TestSuiteExecutor.accessTestCaseMainPhase(TestSuiteExecutor.java:169)
	at com.kms.katalon.core.main.TestSuiteExecutor.accessTestSuiteMainPhase(TestSuiteExecutor.java:142)
	at com.kms.katalon.core.main.TestSuiteExecutor.execute(TestSuiteExecutor.java:91)
	at com.kms.katalon.core.main.TestCaseMain.startTestSuite(TestCaseMain.java:157)
	at com.kms.katalon.core.main.TestCaseMain$startTestSuite$0.call(Unknown Source)
	at TempTestSuite1608674252830.run(TempTestSuite1608674252830.groovy:37)
Caused by: org.openqa.selenium.ElementNotInteractableException: element not interactable
  (Session info: chrome=87.0.4280.88)
Build info: version: '3.141.59', revision: 'e82be7d358', time: '2018-11-14T08:25:53'
System info: host: 'DESKTOP-B2QI6NS', ip: '10.5.20.29', os.name: 'Windows 10', os.arch: 'amd64', os.version: '10.0', java.version: '1.8.0_181'
Driver info: com.kms.katalon.selenium.driver.CChromeDriver
Capabilities {acceptInsecureCerts: true, browserName: chrome, browserVersion: 87.0.4280.88, chrome: {chromedriverVersion: 87.0.4280.88 (89e2380a3e36c..., userDataDir: C:\Users\iahmed\AppData\Loc...}, goog:chromeOptions: {debuggerAddress: localhost:53722}, javascriptEnabled: true, networkConnectionEnabled: false, pageLoadStrategy: normal, platform: WINDOWS, platformName: WINDOWS, proxy: Proxy(), setWindowRect: true, strictFileInteractability: false, timeouts: {implicit: 0, pageLoad: 300000, script: 30000}, unhandledPromptBehavior: dismiss and notify, webauthn:virtualAuthenticators: true}
Session ID: 3047a110bb643f4106f595934fcf3191
	at org.openqa.selenium.remote.http.W3CHttpResponseCodec.createException(W3CHttpResponseCodec.java:187)
	at org.openqa.selenium.remote.http.W3CHttpResponseCodec.decode(W3CHttpResponseCodec.java:122)
	at org.openqa.selenium.remote.http.W3CHttpResponseCodec.decode(W3CHttpResponseCodec.java:49)
	at org.openqa.selenium.remote.HttpCommandExecutor.execute(HttpCommandExecutor.java:158)
	at org.openqa.selenium.remote.service.DriverCommandExecutor.execute(DriverCommandExecutor.java:83)
	at org.openqa.selenium.remote.RemoteWebDriver.execute(RemoteWebDriver.java:552)
	at com.kms.katalon.selenium.driver.CChromeDriver.execute(CChromeDriver.java:19)
	at org.openqa.selenium.remote.RemoteWebElement.execute(RemoteWebElement.java:285)
	at org.openqa.selenium.remote.RemoteWebElement.clear(RemoteWebElement.java:124)
	at org.openqa.selenium.support.events.EventFiringWebDriver$EventFiringWebElement.lambda$new$0(EventFiringWebDriver.java:404)
	at com.sun.proxy.$Proxy9.clear(Unknown Source)
	at org.openqa.selenium.support.events.EventFiringWebDriver$EventFiringWebElement.clear(EventFiringWebDriver.java:436)
	at com.kms.katalon.core.webui.keyword.builtin.SetTextKeyword$_setText_closure1.doCall(SetTextKeyword.groovy:53)
	at com.kms.katalon.core.webui.keyword.builtin.SetTextKeyword$_setText_closure1.call(SetTextKeyword.groovy)
	at com.kms.katalon.core.webui.keyword.internal.WebUIKeywordMain.runKeyword(WebUIKeywordMain.groovy:20)
	at com.kms.katalon.core.webui.keyword.builtin.SetTextKeyword.setText(SetTextKeyword.groovy:66)
	at com.kms.katalon.core.webui.keyword.builtin.SetTextKeyword.execute(SetTextKeyword.groovy:37)
	at com.kms.katalon.core.keyword.internal.KeywordExecutor.executeKeywordForPlatform(KeywordExecutor.groovy:72)
	at com.kms.katalon.core.webui.keyword.WebUiBuiltInKeywords.setText(WebUiBuiltInKeywords.groovy:976)
	at com.kms.katalon.core.webui.keyword.WebUiBuiltInKeywords$setText$3.call(Unknown Source)
	at Script1554154540305.run(Script1554154540305.groovy:32)
	... 13 more
)

2020-12-22 16:58:05 - [MESSAGE][FAILED] - Unable to set text '4111111111111111' of object 'Object Repository/Sale Payment Entry/CardNumber' (Root cause: com.kms.katalon.core.exception.StepFailedException: Unable to set text '4111111111111111' of object 'Object Repository/Sale Payment Entry/CardNumber'
	at com.kms.katalon.core.webui.keyword.internal.WebUIKeywordMain.stepFailed(WebUIKeywordMain.groovy:64)
	at com.kms.katalon.core.webui.keyword.internal.WebUIKeywordMain.runKeyword(WebUIKeywordMain.groovy:26)
	at com.kms.katalon.core.webui.keyword.builtin.SetTextKeyword.setText(SetTextKeyword.groovy:66)
	at com.kms.katalon.core.webui.keyword.builtin.SetTextKeyword.execute(SetTextKeyword.groovy:37)
	at com.kms.katalon.core.keyword.internal.KeywordExecutor.executeKeywordForPlatform(KeywordExecutor.groovy:72)
	at com.kms.katalon.core.webui.keyword.WebUiBuiltInKeywords.setText(WebUiBuiltInKeywords.groovy:976)
	at com.kms.katalon.core.webui.keyword.WebUiBuiltInKeywords$setText$3.call(Unknown Source)
	at Sale-ReqFieldsOnly.run(Sale-ReqFieldsOnly:32)
	at com.kms.katalon.core.main.ScriptEngine.run(ScriptEngine.java:194)
	at com.kms.katalon.core.main.ScriptEngine.runScriptAsRawText(ScriptEngine.java:119)
	at com.kms.katalon.core.main.TestCaseExecutor.runScript(TestCaseExecutor.java:337)
	at com.kms.katalon.core.main.TestCaseExecutor.doExecute(TestCaseExecutor.java:328)
	at com.kms.katalon.core.main.TestCaseExecutor.processExecutionPhase(TestCaseExecutor.java:307)
	at com.kms.katalon.core.main.TestCaseExecutor.accessMainPhase(TestCaseExecutor.java:299)
	at com.kms.katalon.core.main.TestCaseExecutor.execute(TestCaseExecutor.java:233)
	at com.kms.katalon.core.main.TestSuiteExecutor.accessTestCaseMainPhase(TestSuiteExecutor.java:169)
	at com.kms.katalon.core.main.TestSuiteExecutor.accessTestSuiteMainPhase(TestSuiteExecutor.java:142)
	at com.kms.katalon.core.main.TestSuiteExecutor.execute(TestSuiteExecutor.java:91)
	at com.kms.katalon.core.main.TestCaseMain.startTestSuite(TestCaseMain.java:157)
	at com.kms.katalon.core.main.TestCaseMain$startTestSuite$0.call(Unknown Source)
	at TempTestSuite1608674252830.run(TempTestSuite1608674252830.groovy:37)
Caused by: org.openqa.selenium.ElementNotInteractableException: element not interactable
  (Session info: chrome=87.0.4280.88)
Build info: version: '3.141.59', revision: 'e82be7d358', time: '2018-11-14T08:25:53'
System info: host: 'DESKTOP-B2QI6NS', ip: '10.5.20.29', os.name: 'Windows 10', os.arch: 'amd64', os.version: '10.0', java.version: '1.8.0_181'
Driver info: com.kms.katalon.selenium.driver.CChromeDriver
Capabilities {acceptInsecureCerts: true, browserName: chrome, browserVersion: 87.0.4280.88, chrome: {chromedriverVersion: 87.0.4280.88 (89e2380a3e36c..., userDataDir: C:\Users\iahmed\AppData\Loc...}, goog:chromeOptions: {debuggerAddress: localhost:53722}, javascriptEnabled: true, networkConnectionEnabled: false, pageLoadStrategy: normal, platform: WINDOWS, platformName: WINDOWS, proxy: Proxy(), setWindowRect: true, strictFileInteractability: false, timeouts: {implicit: 0, pageLoad: 300000, script: 30000}, unhandledPromptBehavior: dismiss and notify, webauthn:virtualAuthenticators: true}
Session ID: 3047a110bb643f4106f595934fcf3191
	at org.openqa.selenium.remote.http.W3CHttpResponseCodec.createException(W3CHttpResponseCodec.java:187)
	at org.openqa.selenium.remote.http.W3CHttpResponseCodec.decode(W3CHttpResponseCodec.java:122)
	at org.openqa.selenium.remote.http.W3CHttpResponseCodec.decode(W3CHttpResponseCodec.java:49)
	at org.openqa.selenium.remote.HttpCommandExecutor.execute(HttpCommandExecutor.java:158)
	at org.openqa.selenium.remote.service.DriverCommandExecutor.execute(DriverCommandExecutor.java:83)
	at org.openqa.selenium.remote.RemoteWebDriver.execute(RemoteWebDriver.java:552)
	at com.kms.katalon.selenium.driver.CChromeDriver.execute(CChromeDriver.java:19)
	at org.openqa.selenium.remote.RemoteWebElement.execute(RemoteWebElement.java:285)
	at org.openqa.selenium.remote.RemoteWebElement.clear(RemoteWebElement.java:124)
	at org.openqa.selenium.support.events.EventFiringWebDriver$EventFiringWebElement.lambda$new$0(EventFiringWebDriver.java:404)
	at com.sun.proxy.$Proxy9.clear(Unknown Source)
	at org.openqa.selenium.support.events.EventFiringWebDriver$EventFiringWebElement.clear(EventFiringWebDriver.java:436)
	at com.kms.katalon.core.webui.keyword.builtin.SetTextKeyword$_setText_closure1.doCall(SetTextKeyword.groovy:53)
	at com.kms.katalon.core.webui.keyword.builtin.SetTextKeyword$_setText_closure1.call(SetTextKeyword.groovy)
	at com.kms.katalon.core.webui.keyword.internal.WebUIKeywordMain.runKeyword(WebUIKeywordMain.groovy:20)
	at com.kms.katalon.core.webui.keyword.builtin.SetTextKeyword.setText(SetTextKeyword.groovy:66)
	at com.kms.katalon.core.webui.keyword.builtin.SetTextKeyword.execute(SetTextKeyword.groovy:37)
	at com.kms.katalon.core.keyword.internal.KeywordExecutor.executeKeywordForPlatform(KeywordExecutor.groovy:72)
	at com.kms.katalon.core.webui.keyword.WebUiBuiltInKeywords.setText(WebUiBuiltInKeywords.groovy:976)
	at com.kms.katalon.core.webui.keyword.WebUiBuiltInKeywords$setText$3.call(Unknown Source)
	at Script1554154540305.run(Script1554154540305.groovy:32)
	... 13 more
)
[[ATTACHMENT|C:\\Users\\iahmed\\Documents\\VPS-Smoke-Version001\\Reports\\20201222_165732\\QA Smoke Test\\QA Smoke Test\\20201222_165732\\1608674285303.png]]

2020-12-22 16:58:05 - [TEST_STEP][PASSED] - selectOptionByValue(findTestObject("Sale Payment Entry/MM"), "3", true): All options with value '3' are selected in object 'Object Repository/Sale Payment Entry/MM'  using regular expression

2020-12-22 16:58:06 - [MESSAGE][PASSED] - All options with value '3' are selected in object 'Object Repository/Sale Payment Entry/MM'  using regular expression

2020-12-22 16:58:06 - [TEST_STEP][PASSED] - selectOptionByValue(findTestObject("Sale Payment Entry/YYYY"), "2024", true): All options with value '2024' are selected in object 'Object Repository/Sale Payment Entry/YYYY'  using regular expression

2020-12-22 16:58:08 - [MESSAGE][PASSED] - All options with value '2024' are selected in object 'Object Repository/Sale Payment Entry/YYYY'  using regular expression

2020-12-22 16:58:08 - [TEST_STEP][PASSED] - selectOptionByValue(findTestObject("Sale Payment Entry/TransactionCategory"), "MOTO", true): All options with value 'MOTO' are selected in object 'Object Repository/Sale Payment Entry/TransactionCategory'  using regular expression

2020-12-22 16:58:09 - [MESSAGE][PASSED] - All options with value 'MOTO' are selected in object 'Object Repository/Sale Payment Entry/TransactionCategory'  using regular expression

2020-12-22 16:58:09 - [TEST_STEP][PASSED] - setText(findTestObject("Sale Payment Entry/Amount"), "10.00"): Text '10.00' is set on object 'Object Repository/Sale Payment Entry/Amount'

2020-12-22 16:58:10 - [MESSAGE][PASSED] - Text '10.00' is set on object 'Object Repository/Sale Payment Entry/Amount'

2020-12-22 16:58:10 - [TEST_STEP][PASSED] - selectOptionByValue(findTestObject("Sale Payment Entry/UDF1"), "groupItem66", true): All options with value 'groupItem66' are selected in object 'Object Repository/Sale Payment Entry/UDF1'  using regular expression

2020-12-22 16:58:11 - [MESSAGE][PASSED] - All options with value 'groupItem66' are selected in object 'Object Repository/Sale Payment Entry/UDF1'  using regular expression

2020-12-22 16:58:11 - [TEST_STEP][PASSED] - selectOptionByValue(findTestObject("Sale Payment Entry/UDF2"), "groupItem84", true): All options with value 'groupItem84' are selected in object 'Object Repository/Sale Payment Entry/UDF2'  using regular expression

2020-12-22 16:58:12 - [MESSAGE][PASSED] - All options with value 'groupItem84' are selected in object 'Object Repository/Sale Payment Entry/UDF2'  using regular expression

2020-12-22 16:58:12 - [TEST_STEP][PASSED] - click(findTestObject("Sale Payment Entry/Submit")): Object: 'Object Repository/Sale Payment Entry/Submit' is clicked on

2020-12-22 16:58:13 - [MESSAGE][PASSED] - Object: 'Object Repository/Sale Payment Entry/Submit' is clicked on

2020-12-22 16:58:13 - [TEST_STEP][FAILED] - verifyTextPresent("Transaction Successful", true): Text 'Transaction Successful' is not present on page  using regular expression (Root cause: com.kms.katalon.core.exception.StepFailedException: Text 'Transaction Successful' is not present on page  using regular expression
	at com.kms.katalon.core.webui.keyword.internal.WebUIKeywordMain.stepFailed(WebUIKeywordMain.groovy:64)
	at com.kms.katalon.core.webui.keyword.builtin.VerifyTextPresentKeyword$_verifyTextPresent_closure1.doCall(VerifyTextPresentKeyword.groovy:79)
	at com.kms.katalon.core.webui.keyword.builtin.VerifyTextPresentKeyword$_verifyTextPresent_closure1.call(VerifyTextPresentKeyword.groovy)
	at com.kms.katalon.core.webui.keyword.internal.WebUIKeywordMain.runKeyword(WebUIKeywordMain.groovy:20)
	at com.kms.katalon.core.webui.keyword.builtin.VerifyTextPresentKeyword.verifyTextPresent(VerifyTextPresentKeyword.groovy:83)
	at com.kms.katalon.core.webui.keyword.builtin.VerifyTextPresentKeyword.execute(VerifyTextPresentKeyword.groovy:68)
	at com.kms.katalon.core.keyword.internal.KeywordExecutor.executeKeywordForPlatform(KeywordExecutor.groovy:72)
	at com.kms.katalon.core.webui.keyword.WebUiBuiltInKeywords.verifyTextPresent(WebUiBuiltInKeywords.groovy:1719)
	at com.kms.katalon.core.webui.keyword.WebUiBuiltInKeywords$verifyTextPresent$6.call(Unknown Source)
	at Sale-ReqFieldsOnly.run(Sale-ReqFieldsOnly:52)
	at com.kms.katalon.core.main.ScriptEngine.run(ScriptEngine.java:194)
	at com.kms.katalon.core.main.ScriptEngine.runScriptAsRawText(ScriptEngine.java:119)
	at com.kms.katalon.core.main.TestCaseExecutor.runScript(TestCaseExecutor.java:337)
	at com.kms.katalon.core.main.TestCaseExecutor.doExecute(TestCaseExecutor.java:328)
	at com.kms.katalon.core.main.TestCaseExecutor.processExecutionPhase(TestCaseExecutor.java:307)
	at com.kms.katalon.core.main.TestCaseExecutor.accessMainPhase(TestCaseExecutor.java:299)
	at com.kms.katalon.core.main.TestCaseExecutor.execute(TestCaseExecutor.java:233)
	at com.kms.katalon.core.main.TestSuiteExecutor.accessTestCaseMainPhase(TestSuiteExecutor.java:169)
	at com.kms.katalon.core.main.TestSuiteExecutor.accessTestSuiteMainPhase(TestSuiteExecutor.java:142)
	at com.kms.katalon.core.main.TestSuiteExecutor.execute(TestSuiteExecutor.java:91)
	at com.kms.katalon.core.main.TestCaseMain.startTestSuite(TestCaseMain.java:157)
	at com.kms.katalon.core.main.TestCaseMain$startTestSuite$0.call(Unknown Source)
	at TempTestSuite1608674252830.run(TempTestSuite1608674252830.groovy:37)
)

2020-12-22 16:58:14 - [MESSAGE][FAILED] - Text 'Transaction Successful' is not present on page  using regular expression (Root cause: com.kms.katalon.core.exception.StepFailedException: Text 'Transaction Successful' is not present on page  using regular expression
	at com.kms.katalon.core.webui.keyword.internal.WebUIKeywordMain.stepFailed(WebUIKeywordMain.groovy:64)
	at com.kms.katalon.core.webui.keyword.builtin.VerifyTextPresentKeyword$_verifyTextPresent_closure1.doCall(VerifyTextPresentKeyword.groovy:79)
	at com.kms.katalon.core.webui.keyword.builtin.VerifyTextPresentKeyword$_verifyTextPresent_closure1.call(VerifyTextPresentKeyword.groovy)
	at com.kms.katalon.core.webui.keyword.internal.WebUIKeywordMain.runKeyword(WebUIKeywordMain.groovy:20)
	at com.kms.katalon.core.webui.keyword.builtin.VerifyTextPresentKeyword.verifyTextPresent(VerifyTextPresentKeyword.groovy:83)
	at com.kms.katalon.core.webui.keyword.builtin.VerifyTextPresentKeyword.execute(VerifyTextPresentKeyword.groovy:68)
	at com.kms.katalon.core.keyword.internal.KeywordExecutor.executeKeywordForPlatform(KeywordExecutor.groovy:72)
	at com.kms.katalon.core.webui.keyword.WebUiBuiltInKeywords.verifyTextPresent(WebUiBuiltInKeywords.groovy:1719)
	at com.kms.katalon.core.webui.keyword.WebUiBuiltInKeywords$verifyTextPresent$6.call(Unknown Source)
	at Sale-ReqFieldsOnly.run(Sale-ReqFieldsOnly:52)
	at com.kms.katalon.core.main.ScriptEngine.run(ScriptEngine.java:194)
	at com.kms.katalon.core.main.ScriptEngine.runScriptAsRawText(ScriptEngine.java:119)
	at com.kms.katalon.core.main.TestCaseExecutor.runScript(TestCaseExecutor.java:337)
	at com.kms.katalon.core.main.TestCaseExecutor.doExecute(TestCaseExecutor.java:328)
	at com.kms.katalon.core.main.TestCaseExecutor.processExecutionPhase(TestCaseExecutor.java:307)
	at com.kms.katalon.core.main.TestCaseExecutor.accessMainPhase(TestCaseExecutor.java:299)
	at com.kms.katalon.core.main.TestCaseExecutor.execute(TestCaseExecutor.java:233)
	at com.kms.katalon.core.main.TestSuiteExecutor.accessTestCaseMainPhase(TestSuiteExecutor.java:169)
	at com.kms.katalon.core.main.TestSuiteExecutor.accessTestSuiteMainPhase(TestSuiteExecutor.java:142)
	at com.kms.katalon.core.main.TestSuiteExecutor.execute(TestSuiteExecutor.java:91)
	at com.kms.katalon.core.main.TestCaseMain.startTestSuite(TestCaseMain.java:157)
	at com.kms.katalon.core.main.TestCaseMain$startTestSuite$0.call(Unknown Source)
	at TempTestSuite1608674252830.run(TempTestSuite1608674252830.groovy:37)
)

2020-12-22 16:58:14 - [TEST_STEP][FAILED] - verifyTextPresent("Authorization and Capture", true): Text 'Authorization and Capture' is not present on page  using regular expression (Root cause: com.kms.katalon.core.exception.StepFailedException: Text 'Authorization and Capture' is not present on page  using regular expression
	at com.kms.katalon.core.webui.keyword.internal.WebUIKeywordMain.stepFailed(WebUIKeywordMain.groovy:64)
	at com.kms.katalon.core.webui.keyword.builtin.VerifyTextPresentKeyword$_verifyTextPresent_closure1.doCall(VerifyTextPresentKeyword.groovy:79)
	at com.kms.katalon.core.webui.keyword.builtin.VerifyTextPresentKeyword$_verifyTextPresent_closure1.call(VerifyTextPresentKeyword.groovy)
	at com.kms.katalon.core.webui.keyword.internal.WebUIKeywordMain.runKeyword(WebUIKeywordMain.groovy:20)
	at com.kms.katalon.core.webui.keyword.builtin.VerifyTextPresentKeyword.verifyTextPresent(VerifyTextPresentKeyword.groovy:83)
	at com.kms.katalon.core.webui.keyword.builtin.VerifyTextPresentKeyword.execute(VerifyTextPresentKeyword.groovy:68)
	at com.kms.katalon.core.keyword.internal.KeywordExecutor.executeKeywordForPlatform(KeywordExecutor.groovy:72)
	at com.kms.katalon.core.webui.keyword.WebUiBuiltInKeywords.verifyTextPresent(WebUiBuiltInKeywords.groovy:1719)
	at com.kms.katalon.core.webui.keyword.WebUiBuiltInKeywords$verifyTextPresent$6.call(Unknown Source)
	at Sale-ReqFieldsOnly.run(Sale-ReqFieldsOnly:55)
	at com.kms.katalon.core.main.ScriptEngine.run(ScriptEngine.java:194)
	at com.kms.katalon.core.main.ScriptEngine.runScriptAsRawText(ScriptEngine.java:119)
	at com.kms.katalon.core.main.TestCaseExecutor.runScript(TestCaseExecutor.java:337)
	at com.kms.katalon.core.main.TestCaseExecutor.doExecute(TestCaseExecutor.java:328)
	at com.kms.katalon.core.main.TestCaseExecutor.processExecutionPhase(TestCaseExecutor.java:307)
	at com.kms.katalon.core.main.TestCaseExecutor.accessMainPhase(TestCaseExecutor.java:299)
	at com.kms.katalon.core.main.TestCaseExecutor.execute(TestCaseExecutor.java:233)
	at com.kms.katalon.core.main.TestSuiteExecutor.accessTestCaseMainPhase(TestSuiteExecutor.java:169)
	at com.kms.katalon.core.main.TestSuiteExecutor.accessTestSuiteMainPhase(TestSuiteExecutor.java:142)
	at com.kms.katalon.core.main.TestSuiteExecutor.execute(TestSuiteExecutor.java:91)
	at com.kms.katalon.core.main.TestCaseMain.startTestSuite(TestCaseMain.java:157)
	at com.kms.katalon.core.main.TestCaseMain$startTestSuite$0.call(Unknown Source)
	at TempTestSuite1608674252830.run(TempTestSuite1608674252830.groovy:37)
)

2020-12-22 16:58:14 - [MESSAGE][FAILED] - Text 'Authorization and Capture' is not present on page  using regular expression (Root cause: com.kms.katalon.core.exception.StepFailedException: Text 'Authorization and Capture' is not present on page  using regular expression
	at com.kms.katalon.core.webui.keyword.internal.WebUIKeywordMain.stepFailed(WebUIKeywordMain.groovy:64)
	at com.kms.katalon.core.webui.keyword.builtin.VerifyTextPresentKeyword$_verifyTextPresent_closure1.doCall(VerifyTextPresentKeyword.groovy:79)
	at com.kms.katalon.core.webui.keyword.builtin.VerifyTextPresentKeyword$_verifyTextPresent_closure1.call(VerifyTextPresentKeyword.groovy)
	at com.kms.katalon.core.webui.keyword.internal.WebUIKeywordMain.runKeyword(WebUIKeywordMain.groovy:20)
	at com.kms.katalon.core.webui.keyword.builtin.VerifyTextPresentKeyword.verifyTextPresent(VerifyTextPresentKeyword.groovy:83)
	at com.kms.katalon.core.webui.keyword.builtin.VerifyTextPresentKeyword.execute(VerifyTextPresentKeyword.groovy:68)
	at com.kms.katalon.core.keyword.internal.KeywordExecutor.executeKeywordForPlatform(KeywordExecutor.groovy:72)
	at com.kms.katalon.core.webui.keyword.WebUiBuiltInKeywords.verifyTextPresent(WebUiBuiltInKeywords.groovy:1719)
	at com.kms.katalon.core.webui.keyword.WebUiBuiltInKeywords$verifyTextPresent$6.call(Unknown Source)
	at Sale-ReqFieldsOnly.run(Sale-ReqFieldsOnly:55)
	at com.kms.katalon.core.main.ScriptEngine.run(ScriptEngine.java:194)
	at com.kms.katalon.core.main.ScriptEngine.runScriptAsRawText(ScriptEngine.java:119)
	at com.kms.katalon.core.main.TestCaseExecutor.runScript(TestCaseExecutor.java:337)
	at com.kms.katalon.core.main.TestCaseExecutor.doExecute(TestCaseExecutor.java:328)
	at com.kms.katalon.core.main.TestCaseExecutor.processExecutionPhase(TestCaseExecutor.java:307)
	at com.kms.katalon.core.main.TestCaseExecutor.accessMainPhase(TestCaseExecutor.java:299)
	at com.kms.katalon.core.main.TestCaseExecutor.execute(TestCaseExecutor.java:233)
	at com.kms.katalon.core.main.TestSuiteExecutor.accessTestCaseMainPhase(TestSuiteExecutor.java:169)
	at com.kms.katalon.core.main.TestSuiteExecutor.accessTestSuiteMainPhase(TestSuiteExecutor.java:142)
	at com.kms.katalon.core.main.TestSuiteExecutor.execute(TestSuiteExecutor.java:91)
	at com.kms.katalon.core.main.TestCaseMain.startTestSuite(TestCaseMain.java:157)
	at com.kms.katalon.core.main.TestCaseMain$startTestSuite$0.call(Unknown Source)
	at TempTestSuite1608674252830.run(TempTestSuite1608674252830.groovy:37)
)

2020-12-22 16:58:14 - [TEST_STEP][FAILED] - verifyTextPresent("Visa", true): Text 'Visa' is not present on page  using regular expression (Root cause: com.kms.katalon.core.exception.StepFailedException: Text 'Visa' is not present on page  using regular expression
	at com.kms.katalon.core.webui.keyword.internal.WebUIKeywordMain.stepFailed(WebUIKeywordMain.groovy:64)
	at com.kms.katalon.core.webui.keyword.builtin.VerifyTextPresentKeyword$_verifyTextPresent_closure1.doCall(VerifyTextPresentKeyword.groovy:79)
	at com.kms.katalon.core.webui.keyword.builtin.VerifyTextPresentKeyword$_verifyTextPresent_closure1.call(VerifyTextPresentKeyword.groovy)
	at com.kms.katalon.core.webui.keyword.internal.WebUIKeywordMain.runKeyword(WebUIKeywordMain.groovy:20)
	at com.kms.katalon.core.webui.keyword.builtin.VerifyTextPresentKeyword.verifyTextPresent(VerifyTextPresentKeyword.groovy:83)
	at com.kms.katalon.core.webui.keyword.builtin.VerifyTextPresentKeyword.execute(VerifyTextPresentKeyword.groovy:68)
	at com.kms.katalon.core.keyword.internal.KeywordExecutor.executeKeywordForPlatform(KeywordExecutor.groovy:72)
	at com.kms.katalon.core.webui.keyword.WebUiBuiltInKeywords.verifyTextPresent(WebUiBuiltInKeywords.groovy:1719)
	at com.kms.katalon.core.webui.keyword.WebUiBuiltInKeywords$verifyTextPresent$6.call(Unknown Source)
	at Sale-ReqFieldsOnly.run(Sale-ReqFieldsOnly:58)
	at com.kms.katalon.core.main.ScriptEngine.run(ScriptEngine.java:194)
	at com.kms.katalon.core.main.ScriptEngine.runScriptAsRawText(ScriptEngine.java:119)
	at com.kms.katalon.core.main.TestCaseExecutor.runScript(TestCaseExecutor.java:337)
	at com.kms.katalon.core.main.TestCaseExecutor.doExecute(TestCaseExecutor.java:328)
	at com.kms.katalon.core.main.TestCaseExecutor.processExecutionPhase(TestCaseExecutor.java:307)
	at com.kms.katalon.core.main.TestCaseExecutor.accessMainPhase(TestCaseExecutor.java:299)
	at com.kms.katalon.core.main.TestCaseExecutor.execute(TestCaseExecutor.java:233)
	at com.kms.katalon.core.main.TestSuiteExecutor.accessTestCaseMainPhase(TestSuiteExecutor.java:169)
	at com.kms.katalon.core.main.TestSuiteExecutor.accessTestSuiteMainPhase(TestSuiteExecutor.java:142)
	at com.kms.katalon.core.main.TestSuiteExecutor.execute(TestSuiteExecutor.java:91)
	at com.kms.katalon.core.main.TestCaseMain.startTestSuite(TestCaseMain.java:157)
	at com.kms.katalon.core.main.TestCaseMain$startTestSuite$0.call(Unknown Source)
	at TempTestSuite1608674252830.run(TempTestSuite1608674252830.groovy:37)
)

2020-12-22 16:58:14 - [MESSAGE][FAILED] - Text 'Visa' is not present on page  using regular expression (Root cause: com.kms.katalon.core.exception.StepFailedException: Text 'Visa' is not present on page  using regular expression
	at com.kms.katalon.core.webui.keyword.internal.WebUIKeywordMain.stepFailed(WebUIKeywordMain.groovy:64)
	at com.kms.katalon.core.webui.keyword.builtin.VerifyTextPresentKeyword$_verifyTextPresent_closure1.doCall(VerifyTextPresentKeyword.groovy:79)
	at com.kms.katalon.core.webui.keyword.builtin.VerifyTextPresentKeyword$_verifyTextPresent_closure1.call(VerifyTextPresentKeyword.groovy)
	at com.kms.katalon.core.webui.keyword.internal.WebUIKeywordMain.runKeyword(WebUIKeywordMain.groovy:20)
	at com.kms.katalon.core.webui.keyword.builtin.VerifyTextPresentKeyword.verifyTextPresent(VerifyTextPresentKeyword.groovy:83)
	at com.kms.katalon.core.webui.keyword.builtin.VerifyTextPresentKeyword.execute(VerifyTextPresentKeyword.groovy:68)
	at com.kms.katalon.core.keyword.internal.KeywordExecutor.executeKeywordForPlatform(KeywordExecutor.groovy:72)
	at com.kms.katalon.core.webui.keyword.WebUiBuiltInKeywords.verifyTextPresent(WebUiBuiltInKeywords.groovy:1719)
	at com.kms.katalon.core.webui.keyword.WebUiBuiltInKeywords$verifyTextPresent$6.call(Unknown Source)
	at Sale-ReqFieldsOnly.run(Sale-ReqFieldsOnly:58)
	at com.kms.katalon.core.main.ScriptEngine.run(ScriptEngine.java:194)
	at com.kms.katalon.core.main.ScriptEngine.runScriptAsRawText(ScriptEngine.java:119)
	at com.kms.katalon.core.main.TestCaseExecutor.runScript(TestCaseExecutor.java:337)
	at com.kms.katalon.core.main.TestCaseExecutor.doExecute(TestCaseExecutor.java:328)
	at com.kms.katalon.core.main.TestCaseExecutor.processExecutionPhase(TestCaseExecutor.java:307)
	at com.kms.katalon.core.main.TestCaseExecutor.accessMainPhase(TestCaseExecutor.java:299)
	at com.kms.katalon.core.main.TestCaseExecutor.execute(TestCaseExecutor.java:233)
	at com.kms.katalon.core.main.TestSuiteExecutor.accessTestCaseMainPhase(TestSuiteExecutor.java:169)
	at com.kms.katalon.core.main.TestSuiteExecutor.accessTestSuiteMainPhase(TestSuiteExecutor.java:142)
	at com.kms.katalon.core.main.TestSuiteExecutor.execute(TestSuiteExecutor.java:91)
	at com.kms.katalon.core.main.TestCaseMain.startTestSuite(TestCaseMain.java:157)
	at com.kms.katalon.core.main.TestCaseMain$startTestSuite$0.call(Unknown Source)
	at TempTestSuite1608674252830.run(TempTestSuite1608674252830.groovy:37)
)

2020-12-22 16:58:14 - [TEST_STEP][FAILED] - verifyTextPresent("IMTIAZ AHMED", true): Text 'IMTIAZ AHMED' is not present on page  using regular expression (Root cause: com.kms.katalon.core.exception.StepFailedException: Text 'IMTIAZ AHMED' is not present on page  using regular expression
	at com.kms.katalon.core.webui.keyword.internal.WebUIKeywordMain.stepFailed(WebUIKeywordMain.groovy:64)
	at com.kms.katalon.core.webui.keyword.builtin.VerifyTextPresentKeyword$_verifyTextPresent_closure1.doCall(VerifyTextPresentKeyword.groovy:79)
	at com.kms.katalon.core.webui.keyword.builtin.VerifyTextPresentKeyword$_verifyTextPresent_closure1.call(VerifyTextPresentKeyword.groovy)
	at com.kms.katalon.core.webui.keyword.internal.WebUIKeywordMain.runKeyword(WebUIKeywordMain.groovy:20)
	at com.kms.katalon.core.webui.keyword.builtin.VerifyTextPresentKeyword.verifyTextPresent(VerifyTextPresentKeyword.groovy:83)
	at com.kms.katalon.core.webui.keyword.builtin.VerifyTextPresentKeyword.execute(VerifyTextPresentKeyword.groovy:68)
	at com.kms.katalon.core.keyword.internal.KeywordExecutor.executeKeywordForPlatform(KeywordExecutor.groovy:72)
	at com.kms.katalon.core.webui.keyword.WebUiBuiltInKeywords.verifyTextPresent(WebUiBuiltInKeywords.groovy:1719)
	at com.kms.katalon.core.webui.keyword.WebUiBuiltInKeywords$verifyTextPresent$6.call(Unknown Source)
	at Sale-ReqFieldsOnly.run(Sale-ReqFieldsOnly:61)
	at com.kms.katalon.core.main.ScriptEngine.run(ScriptEngine.java:194)
	at com.kms.katalon.core.main.ScriptEngine.runScriptAsRawText(ScriptEngine.java:119)
	at com.kms.katalon.core.main.TestCaseExecutor.runScript(TestCaseExecutor.java:337)
	at com.kms.katalon.core.main.TestCaseExecutor.doExecute(TestCaseExecutor.java:328)
	at com.kms.katalon.core.main.TestCaseExecutor.processExecutionPhase(TestCaseExecutor.java:307)
	at com.kms.katalon.core.main.TestCaseExecutor.accessMainPhase(TestCaseExecutor.java:299)
	at com.kms.katalon.core.main.TestCaseExecutor.execute(TestCaseExecutor.java:233)
	at com.kms.katalon.core.main.TestSuiteExecutor.accessTestCaseMainPhase(TestSuiteExecutor.java:169)
	at com.kms.katalon.core.main.TestSuiteExecutor.accessTestSuiteMainPhase(TestSuiteExecutor.java:142)
	at com.kms.katalon.core.main.TestSuiteExecutor.execute(TestSuiteExecutor.java:91)
	at com.kms.katalon.core.main.TestCaseMain.startTestSuite(TestCaseMain.java:157)
	at com.kms.katalon.core.main.TestCaseMain$startTestSuite$0.call(Unknown Source)
	at TempTestSuite1608674252830.run(TempTestSuite1608674252830.groovy:37)
)

2020-12-22 16:58:15 - [MESSAGE][FAILED] - Text 'IMTIAZ AHMED' is not present on page  using regular expression (Root cause: com.kms.katalon.core.exception.StepFailedException: Text 'IMTIAZ AHMED' is not present on page  using regular expression
	at com.kms.katalon.core.webui.keyword.internal.WebUIKeywordMain.stepFailed(WebUIKeywordMain.groovy:64)
	at com.kms.katalon.core.webui.keyword.builtin.VerifyTextPresentKeyword$_verifyTextPresent_closure1.doCall(VerifyTextPresentKeyword.groovy:79)
	at com.kms.katalon.core.webui.keyword.builtin.VerifyTextPresentKeyword$_verifyTextPresent_closure1.call(VerifyTextPresentKeyword.groovy)
	at com.kms.katalon.core.webui.keyword.internal.WebUIKeywordMain.runKeyword(WebUIKeywordMain.groovy:20)
	at com.kms.katalon.core.webui.keyword.builtin.VerifyTextPresentKeyword.verifyTextPresent(VerifyTextPresentKeyword.groovy:83)
	at com.kms.katalon.core.webui.keyword.builtin.VerifyTextPresentKeyword.execute(VerifyTextPresentKeyword.groovy:68)
	at com.kms.katalon.core.keyword.internal.KeywordExecutor.executeKeywordForPlatform(KeywordExecutor.groovy:72)
	at com.kms.katalon.core.webui.keyword.WebUiBuiltInKeywords.verifyTextPresent(WebUiBuiltInKeywords.groovy:1719)
	at com.kms.katalon.core.webui.keyword.WebUiBuiltInKeywords$verifyTextPresent$6.call(Unknown Source)
	at Sale-ReqFieldsOnly.run(Sale-ReqFieldsOnly:61)
	at com.kms.katalon.core.main.ScriptEngine.run(ScriptEngine.java:194)
	at com.kms.katalon.core.main.ScriptEngine.runScriptAsRawText(ScriptEngine.java:119)
	at com.kms.katalon.core.main.TestCaseExecutor.runScript(TestCaseExecutor.java:337)
	at com.kms.katalon.core.main.TestCaseExecutor.doExecute(TestCaseExecutor.java:328)
	at com.kms.katalon.core.main.TestCaseExecutor.processExecutionPhase(TestCaseExecutor.java:307)
	at com.kms.katalon.core.main.TestCaseExecutor.accessMainPhase(TestCaseExecutor.java:299)
	at com.kms.katalon.core.main.TestCaseExecutor.execute(TestCaseExecutor.java:233)
	at com.kms.katalon.core.main.TestSuiteExecutor.accessTestCaseMainPhase(TestSuiteExecutor.java:169)
	at com.kms.katalon.core.main.TestSuiteExecutor.accessTestSuiteMainPhase(TestSuiteExecutor.java:142)
	at com.kms.katalon.core.main.TestSuiteExecutor.execute(TestSuiteExecutor.java:91)
	at com.kms.katalon.core.main.TestCaseMain.startTestSuite(TestCaseMain.java:157)
	at com.kms.katalon.core.main.TestCaseMain$startTestSuite$0.call(Unknown Source)
	at TempTestSuite1608674252830.run(TempTestSuite1608674252830.groovy:37)
)

2020-12-22 16:58:15 - [TEST_STEP][FAILED] - verifyTextPresent("************1111", false): Text '************1111' is not present on page  (Root cause: com.kms.katalon.core.exception.StepFailedException: Text '************1111' is not present on page 
	at com.kms.katalon.core.webui.keyword.internal.WebUIKeywordMain.stepFailed(WebUIKeywordMain.groovy:64)
	at com.kms.katalon.core.webui.keyword.builtin.VerifyTextPresentKeyword$_verifyTextPresent_closure1.doCall(VerifyTextPresentKeyword.groovy:79)
	at com.kms.katalon.core.webui.keyword.builtin.VerifyTextPresentKeyword$_verifyTextPresent_closure1.call(VerifyTextPresentKeyword.groovy)
	at com.kms.katalon.core.webui.keyword.internal.WebUIKeywordMain.runKeyword(WebUIKeywordMain.groovy:20)
	at com.kms.katalon.core.webui.keyword.builtin.VerifyTextPresentKeyword.verifyTextPresent(VerifyTextPresentKeyword.groovy:83)
	at com.kms.katalon.core.webui.keyword.builtin.VerifyTextPresentKeyword.execute(VerifyTextPresentKeyword.groovy:68)
	at com.kms.katalon.core.keyword.internal.KeywordExecutor.executeKeywordForPlatform(KeywordExecutor.groovy:72)
	at com.kms.katalon.core.webui.keyword.WebUiBuiltInKeywords.verifyTextPresent(WebUiBuiltInKeywords.groovy:1719)
	at com.kms.katalon.core.webui.keyword.WebUiBuiltInKeywords$verifyTextPresent$6.call(Unknown Source)
	at Sale-ReqFieldsOnly.run(Sale-ReqFieldsOnly:64)
	at com.kms.katalon.core.main.ScriptEngine.run(ScriptEngine.java:194)
	at com.kms.katalon.core.main.ScriptEngine.runScriptAsRawText(ScriptEngine.java:119)
	at com.kms.katalon.core.main.TestCaseExecutor.runScript(TestCaseExecutor.java:337)
	at com.kms.katalon.core.main.TestCaseExecutor.doExecute(TestCaseExecutor.java:328)
	at com.kms.katalon.core.main.TestCaseExecutor.processExecutionPhase(TestCaseExecutor.java:307)
	at com.kms.katalon.core.main.TestCaseExecutor.accessMainPhase(TestCaseExecutor.java:299)
	at com.kms.katalon.core.main.TestCaseExecutor.execute(TestCaseExecutor.java:233)
	at com.kms.katalon.core.main.TestSuiteExecutor.accessTestCaseMainPhase(TestSuiteExecutor.java:169)
	at com.kms.katalon.core.main.TestSuiteExecutor.accessTestSuiteMainPhase(TestSuiteExecutor.java:142)
	at com.kms.katalon.core.main.TestSuiteExecutor.execute(TestSuiteExecutor.java:91)
	at com.kms.katalon.core.main.TestCaseMain.startTestSuite(TestCaseMain.java:157)
	at com.kms.katalon.core.main.TestCaseMain$startTestSuite$0.call(Unknown Source)
	at TempTestSuite1608674252830.run(TempTestSuite1608674252830.groovy:37)
)

2020-12-22 16:58:15 - [MESSAGE][FAILED] - Text '************1111' is not present on page  (Root cause: com.kms.katalon.core.exception.StepFailedException: Text '************1111' is not present on page 
	at com.kms.katalon.core.webui.keyword.internal.WebUIKeywordMain.stepFailed(WebUIKeywordMain.groovy:64)
	at com.kms.katalon.core.webui.keyword.builtin.VerifyTextPresentKeyword$_verifyTextPresent_closure1.doCall(VerifyTextPresentKeyword.groovy:79)
	at com.kms.katalon.core.webui.keyword.builtin.VerifyTextPresentKeyword$_verifyTextPresent_closure1.call(VerifyTextPresentKeyword.groovy)
	at com.kms.katalon.core.webui.keyword.internal.WebUIKeywordMain.runKeyword(WebUIKeywordMain.groovy:20)
	at com.kms.katalon.core.webui.keyword.builtin.VerifyTextPresentKeyword.verifyTextPresent(VerifyTextPresentKeyword.groovy:83)
	at com.kms.katalon.core.webui.keyword.builtin.VerifyTextPresentKeyword.execute(VerifyTextPresentKeyword.groovy:68)
	at com.kms.katalon.core.keyword.internal.KeywordExecutor.executeKeywordForPlatform(KeywordExecutor.groovy:72)
	at com.kms.katalon.core.webui.keyword.WebUiBuiltInKeywords.verifyTextPresent(WebUiBuiltInKeywords.groovy:1719)
	at com.kms.katalon.core.webui.keyword.WebUiBuiltInKeywords$verifyTextPresent$6.call(Unknown Source)
	at Sale-ReqFieldsOnly.run(Sale-ReqFieldsOnly:64)
	at com.kms.katalon.core.main.ScriptEngine.run(ScriptEngine.java:194)
	at com.kms.katalon.core.main.ScriptEngine.runScriptAsRawText(ScriptEngine.java:119)
	at com.kms.katalon.core.main.TestCaseExecutor.runScript(TestCaseExecutor.java:337)
	at com.kms.katalon.core.main.TestCaseExecutor.doExecute(TestCaseExecutor.java:328)
	at com.kms.katalon.core.main.TestCaseExecutor.processExecutionPhase(TestCaseExecutor.java:307)
	at com.kms.katalon.core.main.TestCaseExecutor.accessMainPhase(TestCaseExecutor.java:299)
	at com.kms.katalon.core.main.TestCaseExecutor.execute(TestCaseExecutor.java:233)
	at com.kms.katalon.core.main.TestSuiteExecutor.accessTestCaseMainPhase(TestSuiteExecutor.java:169)
	at com.kms.katalon.core.main.TestSuiteExecutor.accessTestSuiteMainPhase(TestSuiteExecutor.java:142)
	at com.kms.katalon.core.main.TestSuiteExecutor.execute(TestSuiteExecutor.java:91)
	at com.kms.katalon.core.main.TestCaseMain.startTestSuite(TestCaseMain.java:157)
	at com.kms.katalon.core.main.TestCaseMain$startTestSuite$0.call(Unknown Source)
	at TempTestSuite1608674252830.run(TempTestSuite1608674252830.groovy:37)
)

2020-12-22 16:58:15 - [TEST_STEP][FAILED] - verifyTextPresent("The transaction has been successfully processed", true): Text 'The transaction has been successfully processed' is not present on page  using regular expression (Root cause: com.kms.katalon.core.exception.StepFailedException: Text 'The transaction has been successfully processed' is not present on page  using regular expression
	at com.kms.katalon.core.webui.keyword.internal.WebUIKeywordMain.stepFailed(WebUIKeywordMain.groovy:64)
	at com.kms.katalon.core.webui.keyword.builtin.VerifyTextPresentKeyword$_verifyTextPresent_closure1.doCall(VerifyTextPresentKeyword.groovy:79)
	at com.kms.katalon.core.webui.keyword.builtin.VerifyTextPresentKeyword$_verifyTextPresent_closure1.call(VerifyTextPresentKeyword.groovy)
	at com.kms.katalon.core.webui.keyword.internal.WebUIKeywordMain.runKeyword(WebUIKeywordMain.groovy:20)
	at com.kms.katalon.core.webui.keyword.builtin.VerifyTextPresentKeyword.verifyTextPresent(VerifyTextPresentKeyword.groovy:83)
	at com.kms.katalon.core.webui.keyword.builtin.VerifyTextPresentKeyword.execute(VerifyTextPresentKeyword.groovy:68)
	at com.kms.katalon.core.keyword.internal.KeywordExecutor.executeKeywordForPlatform(KeywordExecutor.groovy:72)
	at com.kms.katalon.core.webui.keyword.WebUiBuiltInKeywords.verifyTextPresent(WebUiBuiltInKeywords.groovy:1719)
	at com.kms.katalon.core.webui.keyword.WebUiBuiltInKeywords$verifyTextPresent$6.call(Unknown Source)
	at Sale-ReqFieldsOnly.run(Sale-ReqFieldsOnly:67)
	at com.kms.katalon.core.main.ScriptEngine.run(ScriptEngine.java:194)
	at com.kms.katalon.core.main.ScriptEngine.runScriptAsRawText(ScriptEngine.java:119)
	at com.kms.katalon.core.main.TestCaseExecutor.runScript(TestCaseExecutor.java:337)
	at com.kms.katalon.core.main.TestCaseExecutor.doExecute(TestCaseExecutor.java:328)
	at com.kms.katalon.core.main.TestCaseExecutor.processExecutionPhase(TestCaseExecutor.java:307)
	at com.kms.katalon.core.main.TestCaseExecutor.accessMainPhase(TestCaseExecutor.java:299)
	at com.kms.katalon.core.main.TestCaseExecutor.execute(TestCaseExecutor.java:233)
	at com.kms.katalon.core.main.TestSuiteExecutor.accessTestCaseMainPhase(TestSuiteExecutor.java:169)
	at com.kms.katalon.core.main.TestSuiteExecutor.accessTestSuiteMainPhase(TestSuiteExecutor.java:142)
	at com.kms.katalon.core.main.TestSuiteExecutor.execute(TestSuiteExecutor.java:91)
	at com.kms.katalon.core.main.TestCaseMain.startTestSuite(TestCaseMain.java:157)
	at com.kms.katalon.core.main.TestCaseMain$startTestSuite$0.call(Unknown Source)
	at TempTestSuite1608674252830.run(TempTestSuite1608674252830.groovy:37)
)

2020-12-22 16:58:16 - [MESSAGE][FAILED] - Text 'The transaction has been successfully processed' is not present on page  using regular expression (Root cause: com.kms.katalon.core.exception.StepFailedException: Text 'The transaction has been successfully processed' is not present on page  using regular expression
	at com.kms.katalon.core.webui.keyword.internal.WebUIKeywordMain.stepFailed(WebUIKeywordMain.groovy:64)
	at com.kms.katalon.core.webui.keyword.builtin.VerifyTextPresentKeyword$_verifyTextPresent_closure1.doCall(VerifyTextPresentKeyword.groovy:79)
	at com.kms.katalon.core.webui.keyword.builtin.VerifyTextPresentKeyword$_verifyTextPresent_closure1.call(VerifyTextPresentKeyword.groovy)
	at com.kms.katalon.core.webui.keyword.internal.WebUIKeywordMain.runKeyword(WebUIKeywordMain.groovy:20)
	at com.kms.katalon.core.webui.keyword.builtin.VerifyTextPresentKeyword.verifyTextPresent(VerifyTextPresentKeyword.groovy:83)
	at com.kms.katalon.core.webui.keyword.builtin.VerifyTextPresentKeyword.execute(VerifyTextPresentKeyword.groovy:68)
	at com.kms.katalon.core.keyword.internal.KeywordExecutor.executeKeywordForPlatform(KeywordExecutor.groovy:72)
	at com.kms.katalon.core.webui.keyword.WebUiBuiltInKeywords.verifyTextPresent(WebUiBuiltInKeywords.groovy:1719)
	at com.kms.katalon.core.webui.keyword.WebUiBuiltInKeywords$verifyTextPresent$6.call(Unknown Source)
	at Sale-ReqFieldsOnly.run(Sale-ReqFieldsOnly:67)
	at com.kms.katalon.core.main.ScriptEngine.run(ScriptEngine.java:194)
	at com.kms.katalon.core.main.ScriptEngine.runScriptAsRawText(ScriptEngine.java:119)
	at com.kms.katalon.core.main.TestCaseExecutor.runScript(TestCaseExecutor.java:337)
	at com.kms.katalon.core.main.TestCaseExecutor.doExecute(TestCaseExecutor.java:328)
	at com.kms.katalon.core.main.TestCaseExecutor.processExecutionPhase(TestCaseExecutor.java:307)
	at com.kms.katalon.core.main.TestCaseExecutor.accessMainPhase(TestCaseExecutor.java:299)
	at com.kms.katalon.core.main.TestCaseExecutor.execute(TestCaseExecutor.java:233)
	at com.kms.katalon.core.main.TestSuiteExecutor.accessTestCaseMainPhase(TestSuiteExecutor.java:169)
	at com.kms.katalon.core.main.TestSuiteExecutor.accessTestSuiteMainPhase(TestSuiteExecutor.java:142)
	at com.kms.katalon.core.main.TestSuiteExecutor.execute(TestSuiteExecutor.java:91)
	at com.kms.katalon.core.main.TestCaseMain.startTestSuite(TestCaseMain.java:157)
	at com.kms.katalon.core.main.TestCaseMain$startTestSuite$0.call(Unknown Source)
	at TempTestSuite1608674252830.run(TempTestSuite1608674252830.groovy:37)
)

2020-12-22 16:58:16 - [TEST_STEP][FAILED] - verifyTextPresent("2311 york road", true): Text '2311 york road' is not present on page  using regular expression (Root cause: com.kms.katalon.core.exception.StepFailedException: Text '2311 york road' is not present on page  using regular expression
	at com.kms.katalon.core.webui.keyword.internal.WebUIKeywordMain.stepFailed(WebUIKeywordMain.groovy:64)
	at com.kms.katalon.core.webui.keyword.builtin.VerifyTextPresentKeyword$_verifyTextPresent_closure1.doCall(VerifyTextPresentKeyword.groovy:79)
	at com.kms.katalon.core.webui.keyword.builtin.VerifyTextPresentKeyword$_verifyTextPresent_closure1.call(VerifyTextPresentKeyword.groovy)
	at com.kms.katalon.core.webui.keyword.internal.WebUIKeywordMain.runKeyword(WebUIKeywordMain.groovy:20)
	at com.kms.katalon.core.webui.keyword.builtin.VerifyTextPresentKeyword.verifyTextPresent(VerifyTextPresentKeyword.groovy:83)
	at com.kms.katalon.core.webui.keyword.builtin.VerifyTextPresentKeyword.execute(VerifyTextPresentKeyword.groovy:68)
	at com.kms.katalon.core.keyword.internal.KeywordExecutor.executeKeywordForPlatform(KeywordExecutor.groovy:72)
	at com.kms.katalon.core.webui.keyword.WebUiBuiltInKeywords.verifyTextPresent(WebUiBuiltInKeywords.groovy:1719)
	at com.kms.katalon.core.webui.keyword.WebUiBuiltInKeywords$verifyTextPresent$6.call(Unknown Source)
	at Sale-ReqFieldsOnly.run(Sale-ReqFieldsOnly:70)
	at com.kms.katalon.core.main.ScriptEngine.run(ScriptEngine.java:194)
	at com.kms.katalon.core.main.ScriptEngine.runScriptAsRawText(ScriptEngine.java:119)
	at com.kms.katalon.core.main.TestCaseExecutor.runScript(TestCaseExecutor.java:337)
	at com.kms.katalon.core.main.TestCaseExecutor.doExecute(TestCaseExecutor.java:328)
	at com.kms.katalon.core.main.TestCaseExecutor.processExecutionPhase(TestCaseExecutor.java:307)
	at com.kms.katalon.core.main.TestCaseExecutor.accessMainPhase(TestCaseExecutor.java:299)
	at com.kms.katalon.core.main.TestCaseExecutor.execute(TestCaseExecutor.java:233)
	at com.kms.katalon.core.main.TestSuiteExecutor.accessTestCaseMainPhase(TestSuiteExecutor.java:169)
	at com.kms.katalon.core.main.TestSuiteExecutor.accessTestSuiteMainPhase(TestSuiteExecutor.java:142)
	at com.kms.katalon.core.main.TestSuiteExecutor.execute(TestSuiteExecutor.java:91)
	at com.kms.katalon.core.main.TestCaseMain.startTestSuite(TestCaseMain.java:157)
	at com.kms.katalon.core.main.TestCaseMain$startTestSuite$0.call(Unknown Source)
	at TempTestSuite1608674252830.run(TempTestSuite1608674252830.groovy:37)
)

2020-12-22 16:58:16 - [MESSAGE][FAILED] - Text '2311 york road' is not present on page  using regular expression (Root cause: com.kms.katalon.core.exception.StepFailedException: Text '2311 york road' is not present on page  using regular expression
	at com.kms.katalon.core.webui.keyword.internal.WebUIKeywordMain.stepFailed(WebUIKeywordMain.groovy:64)
	at com.kms.katalon.core.webui.keyword.builtin.VerifyTextPresentKeyword$_verifyTextPresent_closure1.doCall(VerifyTextPresentKeyword.groovy:79)
	at com.kms.katalon.core.webui.keyword.builtin.VerifyTextPresentKeyword$_verifyTextPresent_closure1.call(VerifyTextPresentKeyword.groovy)
	at com.kms.katalon.core.webui.keyword.internal.WebUIKeywordMain.runKeyword(WebUIKeywordMain.groovy:20)
	at com.kms.katalon.core.webui.keyword.builtin.VerifyTextPresentKeyword.verifyTextPresent(VerifyTextPresentKeyword.groovy:83)
	at com.kms.katalon.core.webui.keyword.builtin.VerifyTextPresentKeyword.execute(VerifyTextPresentKeyword.groovy:68)
	at com.kms.katalon.core.keyword.internal.KeywordExecutor.executeKeywordForPlatform(KeywordExecutor.groovy:72)
	at com.kms.katalon.core.webui.keyword.WebUiBuiltInKeywords.verifyTextPresent(WebUiBuiltInKeywords.groovy:1719)
	at com.kms.katalon.core.webui.keyword.WebUiBuiltInKeywords$verifyTextPresent$6.call(Unknown Source)
	at Sale-ReqFieldsOnly.run(Sale-ReqFieldsOnly:70)
	at com.kms.katalon.core.main.ScriptEngine.run(ScriptEngine.java:194)
	at com.kms.katalon.core.main.ScriptEngine.runScriptAsRawText(ScriptEngine.java:119)
	at com.kms.katalon.core.main.TestCaseExecutor.runScript(TestCaseExecutor.java:337)
	at com.kms.katalon.core.main.TestCaseExecutor.doExecute(TestCaseExecutor.java:328)
	at com.kms.katalon.core.main.TestCaseExecutor.processExecutionPhase(TestCaseExecutor.java:307)
	at com.kms.katalon.core.main.TestCaseExecutor.accessMainPhase(TestCaseExecutor.java:299)
	at com.kms.katalon.core.main.TestCaseExecutor.execute(TestCaseExecutor.java:233)
	at com.kms.katalon.core.main.TestSuiteExecutor.accessTestCaseMainPhase(TestSuiteExecutor.java:169)
	at com.kms.katalon.core.main.TestSuiteExecutor.accessTestSuiteMainPhase(TestSuiteExecutor.java:142)
	at com.kms.katalon.core.main.TestSuiteExecutor.execute(TestSuiteExecutor.java:91)
	at com.kms.katalon.core.main.TestCaseMain.startTestSuite(TestCaseMain.java:157)
	at com.kms.katalon.core.main.TestCaseMain$startTestSuite$0.call(Unknown Source)
	at TempTestSuite1608674252830.run(TempTestSuite1608674252830.groovy:37)
)

2020-12-22 16:58:16 - [TEST_STEP][PASSED] - verifyTextPresent("United States", true): Text 'United States' is present on page  using regular expression

2020-12-22 16:58:16 - [MESSAGE][PASSED] - Text 'United States' is present on page  using regular expression

2020-12-22 16:58:16 - [TEST_STEP][FAILED] - verifyTextPresent("ARLINGTON", true): Text 'ARLINGTON' is not present on page  using regular expression (Root cause: com.kms.katalon.core.exception.StepFailedException: Text 'ARLINGTON' is not present on page  using regular expression
	at com.kms.katalon.core.webui.keyword.internal.WebUIKeywordMain.stepFailed(WebUIKeywordMain.groovy:64)
	at com.kms.katalon.core.webui.keyword.builtin.VerifyTextPresentKeyword$_verifyTextPresent_closure1.doCall(VerifyTextPresentKeyword.groovy:79)
	at com.kms.katalon.core.webui.keyword.builtin.VerifyTextPresentKeyword$_verifyTextPresent_closure1.call(VerifyTextPresentKeyword.groovy)
	at com.kms.katalon.core.webui.keyword.internal.WebUIKeywordMain.runKeyword(WebUIKeywordMain.groovy:20)
	at com.kms.katalon.core.webui.keyword.builtin.VerifyTextPresentKeyword.verifyTextPresent(VerifyTextPresentKeyword.groovy:83)
	at com.kms.katalon.core.webui.keyword.builtin.VerifyTextPresentKeyword.execute(VerifyTextPresentKeyword.groovy:68)
	at com.kms.katalon.core.keyword.internal.KeywordExecutor.executeKeywordForPlatform(KeywordExecutor.groovy:72)
	at com.kms.katalon.core.webui.keyword.WebUiBuiltInKeywords.verifyTextPresent(WebUiBuiltInKeywords.groovy:1719)
	at com.kms.katalon.core.webui.keyword.WebUiBuiltInKeywords$verifyTextPresent$6.call(Unknown Source)
	at Sale-ReqFieldsOnly.run(Sale-ReqFieldsOnly:74)
	at com.kms.katalon.core.main.ScriptEngine.run(ScriptEngine.java:194)
	at com.kms.katalon.core.main.ScriptEngine.runScriptAsRawText(ScriptEngine.java:119)
	at com.kms.katalon.core.main.TestCaseExecutor.runScript(TestCaseExecutor.java:337)
	at com.kms.katalon.core.main.TestCaseExecutor.doExecute(TestCaseExecutor.java:328)
	at com.kms.katalon.core.main.TestCaseExecutor.processExecutionPhase(TestCaseExecutor.java:307)
	at com.kms.katalon.core.main.TestCaseExecutor.accessMainPhase(TestCaseExecutor.java:299)
	at com.kms.katalon.core.main.TestCaseExecutor.execute(TestCaseExecutor.java:233)
	at com.kms.katalon.core.main.TestSuiteExecutor.accessTestCaseMainPhase(TestSuiteExecutor.java:169)
	at com.kms.katalon.core.main.TestSuiteExecutor.accessTestSuiteMainPhase(TestSuiteExecutor.java:142)
	at com.kms.katalon.core.main.TestSuiteExecutor.execute(TestSuiteExecutor.java:91)
	at com.kms.katalon.core.main.TestCaseMain.startTestSuite(TestCaseMain.java:157)
	at com.kms.katalon.core.main.TestCaseMain$startTestSuite$0.call(Unknown Source)
	at TempTestSuite1608674252830.run(TempTestSuite1608674252830.groovy:37)
)

2020-12-22 16:58:17 - [MESSAGE][FAILED] - Text 'ARLINGTON' is not present on page  using regular expression (Root cause: com.kms.katalon.core.exception.StepFailedException: Text 'ARLINGTON' is not present on page  using regular expression
	at com.kms.katalon.core.webui.keyword.internal.WebUIKeywordMain.stepFailed(WebUIKeywordMain.groovy:64)
	at com.kms.katalon.core.webui.keyword.builtin.VerifyTextPresentKeyword$_verifyTextPresent_closure1.doCall(VerifyTextPresentKeyword.groovy:79)
	at com.kms.katalon.core.webui.keyword.builtin.VerifyTextPresentKeyword$_verifyTextPresent_closure1.call(VerifyTextPresentKeyword.groovy)
	at com.kms.katalon.core.webui.keyword.internal.WebUIKeywordMain.runKeyword(WebUIKeywordMain.groovy:20)
	at com.kms.katalon.core.webui.keyword.builtin.VerifyTextPresentKeyword.verifyTextPresent(VerifyTextPresentKeyword.groovy:83)
	at com.kms.katalon.core.webui.keyword.builtin.VerifyTextPresentKeyword.execute(VerifyTextPresentKeyword.groovy:68)
	at com.kms.katalon.core.keyword.internal.KeywordExecutor.executeKeywordForPlatform(KeywordExecutor.groovy:72)
	at com.kms.katalon.core.webui.keyword.WebUiBuiltInKeywords.verifyTextPresent(WebUiBuiltInKeywords.groovy:1719)
	at com.kms.katalon.core.webui.keyword.WebUiBuiltInKeywords$verifyTextPresent$6.call(Unknown Source)
	at Sale-ReqFieldsOnly.run(Sale-ReqFieldsOnly:74)
	at com.kms.katalon.core.main.ScriptEngine.run(ScriptEngine.java:194)
	at com.kms.katalon.core.main.ScriptEngine.runScriptAsRawText(ScriptEngine.java:119)
	at com.kms.katalon.core.main.TestCaseExecutor.runScript(TestCaseExecutor.java:337)
	at com.kms.katalon.core.main.TestCaseExecutor.doExecute(TestCaseExecutor.java:328)
	at com.kms.katalon.core.main.TestCaseExecutor.processExecutionPhase(TestCaseExecutor.java:307)
	at com.kms.katalon.core.main.TestCaseExecutor.accessMainPhase(TestCaseExecutor.java:299)
	at com.kms.katalon.core.main.TestCaseExecutor.execute(TestCaseExecutor.java:233)
	at com.kms.katalon.core.main.TestSuiteExecutor.accessTestCaseMainPhase(TestSuiteExecutor.java:169)
	at com.kms.katalon.core.main.TestSuiteExecutor.accessTestSuiteMainPhase(TestSuiteExecutor.java:142)
	at com.kms.katalon.core.main.TestSuiteExecutor.execute(TestSuiteExecutor.java:91)
	at com.kms.katalon.core.main.TestCaseMain.startTestSuite(TestCaseMain.java:157)
	at com.kms.katalon.core.main.TestCaseMain$startTestSuite$0.call(Unknown Source)
	at TempTestSuite1608674252830.run(TempTestSuite1608674252830.groovy:37)
)

2020-12-22 16:58:17 - [TEST_STEP][PASSED] - verifyTextPresent("Virginia", true): Text 'Virginia' is present on page  using regular expression

2020-12-22 16:58:17 - [MESSAGE][PASSED] - Text 'Virginia' is present on page  using regular expression

2020-12-22 16:58:17 - [TEST_STEP][PASSED] - verifyTextPresent("22201", true): Text '22201' is present on page  using regular expression

2020-12-22 16:58:18 - [MESSAGE][PASSED] - Text '22201' is present on page  using regular expression

2020-12-22 16:58:18 - [TEST_STEP][PASSED] - println("VT-Sale-ReqFieldsOnly executed successfully"): null]]></system-out>
         <system-err><![CDATA[2020-12-22 16:57:36 - [TEST_CASE][FAILED] - Test Cases/VirtualTerminal/Sale-ReqFieldsOnly: Test Cases/VirtualTerminal/Sale-ReqFieldsOnly FAILED.
Reason:
com.kms.katalon.core.exception.StepFailedException: Unable to set text '4111111111111111' of object 'Object Repository/Sale Payment Entry/CardNumber' (Root cause: com.kms.katalon.core.exception.StepFailedException: Unable to set text '4111111111111111' of object 'Object Repository/Sale Payment Entry/CardNumber'
	at com.kms.katalon.core.webui.keyword.internal.WebUIKeywordMain.stepFailed(WebUIKeywordMain.groovy:64)
	at com.kms.katalon.core.webui.keyword.internal.WebUIKeywordMain.runKeyword(WebUIKeywordMain.groovy:26)
	at com.kms.katalon.core.webui.keyword.builtin.SetTextKeyword.setText(SetTextKeyword.groovy:66)
	at com.kms.katalon.core.webui.keyword.builtin.SetTextKeyword.execute(SetTextKeyword.groovy:37)
	at com.kms.katalon.core.keyword.internal.KeywordExecutor.executeKeywordForPlatform(KeywordExecutor.groovy:72)
	at com.kms.katalon.core.webui.keyword.WebUiBuiltInKeywords.setText(WebUiBuiltInKeywords.groovy:976)
	at com.kms.katalon.core.webui.keyword.WebUiBuiltInKeywords$setText$3.call(Unknown Source)
	at Sale-ReqFieldsOnly.run(Sale-ReqFieldsOnly:32)
	at com.kms.katalon.core.main.ScriptEngine.run(ScriptEngine.java:194)
	at com.kms.katalon.core.main.ScriptEngine.runScriptAsRawText(ScriptEngine.java:119)
	at com.kms.katalon.core.main.TestCaseExecutor.runScript(TestCaseExecutor.java:337)
	at com.kms.katalon.core.main.TestCaseExecutor.doExecute(TestCaseExecutor.java:328)
	at com.kms.katalon.core.main.TestCaseExecutor.processExecutionPhase(TestCaseExecutor.java:307)
	at com.kms.katalon.core.main.TestCaseExecutor.accessMainPhase(TestCaseExecutor.java:299)
	at com.kms.katalon.core.main.TestCaseExecutor.execute(TestCaseExecutor.java:233)
	at com.kms.katalon.core.main.TestSuiteExecutor.accessTestCaseMainPhase(TestSuiteExecutor.java:169)
	at com.kms.katalon.core.main.TestSuiteExecutor.accessTestSuiteMainPhase(TestSuiteExecutor.java:142)
	at com.kms.katalon.core.main.TestSuiteExecutor.execute(TestSuiteExecutor.java:91)
	at com.kms.katalon.core.main.TestCaseMain.startTestSuite(TestCaseMain.java:157)
	at com.kms.katalon.core.main.TestCaseMain$startTestSuite$0.call(Unknown Source)
	at TempTestSuite1608674252830.run(TempTestSuite1608674252830.groovy:37)
Caused by: org.openqa.selenium.ElementNotInteractableException: element not interactable
  (Session info: chrome=87.0.4280.88)
Build info: version: '3.141.59', revision: 'e82be7d358', time: '2018-11-14T08:25:53'
System info: host: 'DESKTOP-B2QI6NS', ip: '10.5.20.29', os.name: 'Windows 10', os.arch: 'amd64', os.version: '10.0', java.version: '1.8.0_181'
Driver info: com.kms.katalon.selenium.driver.CChromeDriver
Capabilities {acceptInsecureCerts: true, browserName: chrome, browserVersion: 87.0.4280.88, chrome: {chromedriverVersion: 87.0.4280.88 (89e2380a3e36c..., userDataDir: C:\Users\iahmed\AppData\Loc...}, goog:chromeOptions: {debuggerAddress: localhost:53722}, javascriptEnabled: true, networkConnectionEnabled: false, pageLoadStrategy: normal, platform: WINDOWS, platformName: WINDOWS, proxy: Proxy(), setWindowRect: true, strictFileInteractability: false, timeouts: {implicit: 0, pageLoad: 300000, script: 30000}, unhandledPromptBehavior: dismiss and notify, webauthn:virtualAuthenticators: true}
Session ID: 3047a110bb643f4106f595934fcf3191
	at org.openqa.selenium.remote.http.W3CHttpResponseCodec.createException(W3CHttpResponseCodec.java:187)
	at org.openqa.selenium.remote.http.W3CHttpResponseCodec.decode(W3CHttpResponseCodec.java:122)
	at org.openqa.selenium.remote.http.W3CHttpResponseCodec.decode(W3CHttpResponseCodec.java:49)
	at org.openqa.selenium.remote.HttpCommandExecutor.execute(HttpCommandExecutor.java:158)
	at org.openqa.selenium.remote.service.DriverCommandExecutor.execute(DriverCommandExecutor.java:83)
	at org.openqa.selenium.remote.RemoteWebDriver.execute(RemoteWebDriver.java:552)
	at com.kms.katalon.selenium.driver.CChromeDriver.execute(CChromeDriver.java:19)
	at org.openqa.selenium.remote.RemoteWebElement.execute(RemoteWebElement.java:285)
	at org.openqa.selenium.remote.RemoteWebElement.clear(RemoteWebElement.java:124)
	at org.openqa.selenium.support.events.EventFiringWebDriver$EventFiringWebElement.lambda$new$0(EventFiringWebDriver.java:404)
	at com.sun.proxy.$Proxy9.clear(Unknown Source)
	at org.openqa.selenium.support.events.EventFiringWebDriver$EventFiringWebElement.clear(EventFiringWebDriver.java:436)
	at com.kms.katalon.core.webui.keyword.builtin.SetTextKeyword$_setText_closure1.doCall(SetTextKeyword.groovy:53)
	at com.kms.katalon.core.webui.keyword.builtin.SetTextKeyword$_setText_closure1.call(SetTextKeyword.groovy)
	at com.kms.katalon.core.webui.keyword.internal.WebUIKeywordMain.runKeyword(WebUIKeywordMain.groovy:20)
	at com.kms.katalon.core.webui.keyword.builtin.SetTextKeyword.setText(SetTextKeyword.groovy:66)
	at com.kms.katalon.core.webui.keyword.builtin.SetTextKeyword.execute(SetTextKeyword.groovy:37)
	at com.kms.katalon.core.keyword.internal.KeywordExecutor.executeKeywordForPlatform(KeywordExecutor.groovy:72)
	at com.kms.katalon.core.webui.keyword.WebUiBuiltInKeywords.setText(WebUiBuiltInKeywords.groovy:976)
	at com.kms.katalon.core.webui.keyword.WebUiBuiltInKeywords$setText$3.call(Unknown Source)
	at Script1554154540305.run(Script1554154540305.groovy:32)
	... 13 more
)
	at com.kms.katalon.core.keyword.internal.KeywordMain.stepFailed(KeywordMain.groovy:39)
	at com.kms.katalon.core.webui.keyword.internal.WebUIKeywordMain.stepFailed(WebUIKeywordMain.groovy:64)
	at com.kms.katalon.core.webui.keyword.internal.WebUIKeywordMain.runKeyword(WebUIKeywordMain.groovy:26)
	at com.kms.katalon.core.webui.keyword.builtin.SetTextKeyword.setText(SetTextKeyword.groovy:66)
	at com.kms.katalon.core.webui.keyword.builtin.SetTextKeyword.execute(SetTextKeyword.groovy:37)
	at com.kms.katalon.core.keyword.internal.KeywordExecutor.executeKeywordForPlatform(KeywordExecutor.groovy:72)
	at com.kms.katalon.core.webui.keyword.WebUiBuiltInKeywords.setText(WebUiBuiltInKeywords.groovy:976)
	at com.kms.katalon.core.webui.keyword.WebUiBuiltInKeywords$setText$3.call(Unknown Source)
	at Sale-ReqFieldsOnly.run(Sale-ReqFieldsOnly:32)
	at com.kms.katalon.core.main.ScriptEngine.run(ScriptEngine.java:194)
	at com.kms.katalon.core.main.ScriptEngine.runScriptAsRawText(ScriptEngine.java:119)
	at com.kms.katalon.core.main.TestCaseExecutor.runScript(TestCaseExecutor.java:337)
	at com.kms.katalon.core.main.TestCaseExecutor.doExecute(TestCaseExecutor.java:328)
	at com.kms.katalon.core.main.TestCaseExecutor.processExecutionPhase(TestCaseExecutor.java:307)
	at com.kms.katalon.core.main.TestCaseExecutor.accessMainPhase(TestCaseExecutor.java:299)
	at com.kms.katalon.core.main.TestCaseExecutor.execute(TestCaseExecutor.java:233)
	at com.kms.katalon.core.main.TestSuiteExecutor.accessTestCaseMainPhase(TestSuiteExecutor.java:169)
	at com.kms.katalon.core.main.TestSuiteExecutor.accessTestSuiteMainPhase(TestSuiteExecutor.java:142)
	at com.kms.katalon.core.main.TestSuiteExecutor.execute(TestSuiteExecutor.java:91)
	at com.kms.katalon.core.main.TestCaseMain.startTestSuite(TestCaseMain.java:157)
	at com.kms.katalon.core.main.TestCaseMain$startTestSuite$0.call(Unknown Source)
	at TempTestSuite1608674252830.run(TempTestSuite1608674252830.groovy:37)
Caused by: com.kms.katalon.core.exception.StepFailedException: Unable to set text '4111111111111111' of object 'Object Repository/Sale Payment Entry/CardNumber'
	... 21 more
Caused by: org.openqa.selenium.ElementNotInteractableException: element not interactable
  (Session info: chrome=87.0.4280.88)
Build info: version: '3.141.59', revision: 'e82be7d358', time: '2018-11-14T08:25:53'
System info: host: 'DESKTOP-B2QI6NS', ip: '10.5.20.29', os.name: 'Windows 10', os.arch: 'amd64', os.version: '10.0', java.version: '1.8.0_181'
Driver info: com.kms.katalon.selenium.driver.CChromeDriver
Capabilities {acceptInsecureCerts: true, browserName: chrome, browserVersion: 87.0.4280.88, chrome: {chromedriverVersion: 87.0.4280.88 (89e2380a3e36c..., userDataDir: C:\Users\iahmed\AppData\Loc...}, goog:chromeOptions: {debuggerAddress: localhost:53722}, javascriptEnabled: true, networkConnectionEnabled: false, pageLoadStrategy: normal, platform: WINDOWS, platformName: WINDOWS, proxy: Proxy(), setWindowRect: true, strictFileInteractability: false, timeouts: {implicit: 0, pageLoad: 300000, script: 30000}, unhandledPromptBehavior: dismiss and notify, webauthn:virtualAuthenticators: true}
Session ID: 3047a110bb643f4106f595934fcf3191
	at org.openqa.selenium.remote.http.W3CHttpResponseCodec.createException(W3CHttpResponseCodec.java:187)
	at org.openqa.selenium.remote.http.W3CHttpResponseCodec.decode(W3CHttpResponseCodec.java:122)
	at org.openqa.selenium.remote.http.W3CHttpResponseCodec.decode(W3CHttpResponseCodec.java:49)
	at org.openqa.selenium.remote.HttpCommandExecutor.execute(HttpCommandExecutor.java:158)
	at org.openqa.selenium.remote.service.DriverCommandExecutor.execute(DriverCommandExecutor.java:83)
	at org.openqa.selenium.remote.RemoteWebDriver.execute(RemoteWebDriver.java:552)
	at com.kms.katalon.selenium.driver.CChromeDriver.execute(CChromeDriver.java:19)
	at org.openqa.selenium.remote.RemoteWebElement.execute(RemoteWebElement.java:285)
	at org.openqa.selenium.remote.RemoteWebElement.clear(RemoteWebElement.java:124)
	at org.openqa.selenium.support.events.EventFiringWebDriver$EventFiringWebElement.lambda$new$0(EventFiringWebDriver.java:404)
	at com.sun.proxy.$Proxy9.clear(Unknown Source)
	at org.openqa.selenium.support.events.EventFiringWebDriver$EventFiringWebElement.clear(EventFiringWebDriver.java:436)
	at com.kms.katalon.core.webui.keyword.builtin.SetTextKeyword$_setText_closure1.doCall(SetTextKeyword.groovy:53)
	at com.kms.katalon.core.webui.keyword.builtin.SetTextKeyword$_setText_closure1.call(SetTextKeyword.groovy)
	at com.kms.katalon.core.webui.keyword.internal.WebUIKeywordMain.runKeyword(WebUIKeywordMain.groovy:20)
	... 19 more]]></system-err>
      </testcase>
      <testcase name="Test Cases/VLink/QA/VLinkSale-ReqFieldsOnly" time="34.798" classname="Test Cases/VLink/QA/VLinkSale-ReqFieldsOnly" status="PASSED">
         <system-out><![CDATA[2020-12-22 16:58:18 - [TEST_CASE][PASSED] - Test Cases/VLink/QA/VLinkSale-ReqFieldsOnly: Test Cases/VLink/QA/VLinkSale-ReqFieldsOnly

2020-12-22 16:58:18 - [TEST_STEP][PASSED] - openBrowser("https://dev-algorithm.govolution.com/vlinktest/QA/version_2_0/authcap.html"): Browser is opened with url: 'https://dev-algorithm.govolution.com/vlinktest/QA/version_2_0/authcap.html'

2020-12-22 16:58:18 - [MESSAGE][WARNING] - A browser is already opened. Closing browser and opening a new one

2020-12-22 16:58:19 - [MESSAGE][INFO] - Starting 'Chrome' driver

2020-12-22 16:58:19 - [MESSAGE][INFO] - User set preference: ['acceptInsecureCerts', 'true']

2020-12-22 16:58:19 - [MESSAGE][INFO] - Action delay is set to 0 milliseconds

2020-12-22 16:58:22 - [MESSAGE][PASSED] - Browser is opened with url: 'https://dev-algorithm.govolution.com/vlinktest/QA/version_2_0/authcap.html'

2020-12-22 16:58:22 - [TEST_STEP][PASSED] - maximizeWindow(): Current window maximized

2020-12-22 16:58:22 - [MESSAGE][PASSED] - Current window maximized

2020-12-22 16:58:22 - [TEST_STEP][PASSED] - setText(findTestObject("Object Repository/Page_QAVLinkAuthCap/input_Transaction Type"), "104"): Text '104' is set on object 'Object Repository/Page_QAVLinkAuthCap/input_Transaction Type'

2020-12-22 16:58:23 - [MESSAGE][PASSED] - Text '104' is set on object 'Object Repository/Page_QAVLinkAuthCap/input_Transaction Type'

2020-12-22 16:58:23 - [TEST_STEP][PASSED] - setText(findTestObject("Object Repository/Page_QAVLinkAuthCap/input_Message Version"), "2.0C"): Text '2.0C' is set on object 'Object Repository/Page_QAVLinkAuthCap/input_Message Version'

2020-12-22 16:58:24 - [MESSAGE][PASSED] - Text '2.0C' is set on object 'Object Repository/Page_QAVLinkAuthCap/input_Message Version'

2020-12-22 16:58:24 - [TEST_STEP][PASSED] - genRemID = RandomStringUtils.random(12, true, true): null

2020-12-22 16:58:24 - [TEST_STEP][PASSED] - setText(findTestObject("Object Repository/Page_QAVLinkAuthCap/input_Remittance Id_remittance_id"), genRemID): Text 'vN6Y1Olnuw91' is set on object 'Object Repository/Page_QAVLinkAuthCap/input_Remittance Id_remittance_id'

2020-12-22 16:58:25 - [MESSAGE][PASSED] - Text 'vN6Y1Olnuw91' is set on object 'Object Repository/Page_QAVLinkAuthCap/input_Remittance Id_remittance_id'

2020-12-22 16:58:25 - [TEST_STEP][PASSED] - setText(findTestObject("Object Repository/Page_QAVLinkAuthCap/input_Application Id_application_id"), "234"): Text '234' is set on object 'Object Repository/Page_QAVLinkAuthCap/input_Application Id_application_id'

2020-12-22 16:58:25 - [MESSAGE][PASSED] - Text '234' is set on object 'Object Repository/Page_QAVLinkAuthCap/input_Application Id_application_id'

2020-12-22 16:58:25 - [TEST_STEP][PASSED] - setText(findTestObject("Object Repository/Page_QAVLinkAuthCap/input_Username_username"), "username"): Text 'username' is set on object 'Object Repository/Page_QAVLinkAuthCap/input_Username_username'

2020-12-22 16:58:26 - [MESSAGE][PASSED] - Text 'username' is set on object 'Object Repository/Page_QAVLinkAuthCap/input_Username_username'

2020-12-22 16:58:26 - [TEST_STEP][PASSED] - setText(findTestObject("Object Repository/Page_QAVLinkAuthCap/input_Password_password"), "password"): Text 'password' is set on object 'Object Repository/Page_QAVLinkAuthCap/input_Password_password'

2020-12-22 16:58:27 - [MESSAGE][PASSED] - Text 'password' is set on object 'Object Repository/Page_QAVLinkAuthCap/input_Password_password'

2020-12-22 16:58:27 - [TEST_STEP][PASSED] - setText(findTestObject("Object Repository/Page_QAVLinkAuthCap/input_Response Format_response_format"), "fixed_width"): Text 'fixed_width' is set on object 'Object Repository/Page_QAVLinkAuthCap/input_Response Format_response_format'

2020-12-22 16:58:27 - [MESSAGE][PASSED] - Text 'fixed_width' is set on object 'Object Repository/Page_QAVLinkAuthCap/input_Response Format_response_format'

2020-12-22 16:58:27 - [TEST_STEP][PASSED] - setText(findTestObject("Object Repository/Page_QAVLinkAuthCap/input_Category_category"), "ECOM"): Text 'ECOM' is set on object 'Object Repository/Page_QAVLinkAuthCap/input_Category_category'

2020-12-22 16:58:28 - [MESSAGE][PASSED] - Text 'ECOM' is set on object 'Object Repository/Page_QAVLinkAuthCap/input_Category_category'

2020-12-22 16:58:28 - [TEST_STEP][PASSED] - setText(findTestObject("Object Repository/Page_QAVLinkAuthCap/input_Transaction ID_transaction_id"), ""): Text '' is set on object 'Object Repository/Page_QAVLinkAuthCap/input_Transaction ID_transaction_id'

2020-12-22 16:58:29 - [MESSAGE][PASSED] - Text '' is set on object 'Object Repository/Page_QAVLinkAuthCap/input_Transaction ID_transaction_id'

2020-12-22 16:58:29 - [TEST_STEP][PASSED] - setText(findTestObject("Object Repository/Page_QAVLinkAuthCap/input_Approval Code_approval_code"), ""): Text '' is set on object 'Object Repository/Page_QAVLinkAuthCap/input_Approval Code_approval_code'

2020-12-22 16:58:29 - [MESSAGE][PASSED] - Text '' is set on object 'Object Repository/Page_QAVLinkAuthCap/input_Approval Code_approval_code'

2020-12-22 16:58:29 - [TEST_STEP][PASSED] - setText(findTestObject("Object Repository/Page_QAVLinkAuthCap/input_Card name_card_name"), "Imtiaz Ahmed"): Text 'Imtiaz Ahmed' is set on object 'Object Repository/Page_QAVLinkAuthCap/input_Card name_card_name'

2020-12-22 16:58:30 - [MESSAGE][PASSED] - Text 'Imtiaz Ahmed' is set on object 'Object Repository/Page_QAVLinkAuthCap/input_Card name_card_name'

2020-12-22 16:58:30 - [TEST_STEP][PASSED] - setText(findTestObject("Object Repository/Page_QAVLinkAuthCap/input_Card address_card_address"), "2311 york road"): Text '2311 york road' is set on object 'Object Repository/Page_QAVLinkAuthCap/input_Card address_card_address'

2020-12-22 16:58:31 - [MESSAGE][PASSED] - Text '2311 york road' is set on object 'Object Repository/Page_QAVLinkAuthCap/input_Card address_card_address'

2020-12-22 16:58:31 - [TEST_STEP][PASSED] - setText(findTestObject("Object Repository/Page_QAVLinkAuthCap/input_Card address2_card_address2"), ""): Text '' is set on object 'Object Repository/Page_QAVLinkAuthCap/input_Card address2_card_address2'

2020-12-22 16:58:31 - [MESSAGE][PASSED] - Text '' is set on object 'Object Repository/Page_QAVLinkAuthCap/input_Card address2_card_address2'

2020-12-22 16:58:31 - [TEST_STEP][PASSED] - setText(findTestObject("Object Repository/Page_QAVLinkAuthCap/input_Card city_card_city"), ""): Text '' is set on object 'Object Repository/Page_QAVLinkAuthCap/input_Card city_card_city'

2020-12-22 16:58:32 - [MESSAGE][PASSED] - Text '' is set on object 'Object Repository/Page_QAVLinkAuthCap/input_Card city_card_city'

2020-12-22 16:58:32 - [TEST_STEP][PASSED] - setText(findTestObject("Object Repository/Page_QAVLinkAuthCap/input_Card state_card_state"), ""): Text '' is set on object 'Object Repository/Page_QAVLinkAuthCap/input_Card state_card_state'

2020-12-22 16:58:32 - [MESSAGE][PASSED] - Text '' is set on object 'Object Repository/Page_QAVLinkAuthCap/input_Card state_card_state'

2020-12-22 16:58:32 - [TEST_STEP][PASSED] - setText(findTestObject("Object Repository/Page_QAVLinkAuthCap/input_Card zip_card_zip"), "22201"): Text '22201' is set on object 'Object Repository/Page_QAVLinkAuthCap/input_Card zip_card_zip'

2020-12-22 16:58:33 - [MESSAGE][PASSED] - Text '22201' is set on object 'Object Repository/Page_QAVLinkAuthCap/input_Card zip_card_zip'

2020-12-22 16:58:33 - [TEST_STEP][PASSED] - setText(findTestObject("Object Repository/Page_QAVLinkAuthCap/input_Country ID_country_id"), ""): Text '' is set on object 'Object Repository/Page_QAVLinkAuthCap/input_Country ID_country_id'

2020-12-22 16:58:34 - [MESSAGE][PASSED] - Text '' is set on object 'Object Repository/Page_QAVLinkAuthCap/input_Country ID_country_id'

2020-12-22 16:58:34 - [TEST_STEP][PASSED] - setText(findTestObject("Object Repository/Page_QAVLinkAuthCap/input_Amount_amount"), "10.00"): Text '10.00' is set on object 'Object Repository/Page_QAVLinkAuthCap/input_Amount_amount'

2020-12-22 16:58:34 - [MESSAGE][PASSED] - Text '10.00' is set on object 'Object Repository/Page_QAVLinkAuthCap/input_Amount_amount'

2020-12-22 16:58:34 - [TEST_STEP][PASSED] - setText(findTestObject("Object Repository/Page_QAVLinkAuthCap/input_Card number_card_number"), "4111111111111111"): Text '4111111111111111' is set on object 'Object Repository/Page_QAVLinkAuthCap/input_Card number_card_number'

2020-12-22 16:58:35 - [MESSAGE][PASSED] - Text '4111111111111111' is set on object 'Object Repository/Page_QAVLinkAuthCap/input_Card number_card_number'

2020-12-22 16:58:35 - [TEST_STEP][PASSED] - setText(findTestObject("Object Repository/Page_QAVLinkAuthCap/input_Card ex month_card_exmo"), "06"): Text '06' is set on object 'Object Repository/Page_QAVLinkAuthCap/input_Card ex month_card_exmo'

2020-12-22 16:58:35 - [MESSAGE][PASSED] - Text '06' is set on object 'Object Repository/Page_QAVLinkAuthCap/input_Card ex month_card_exmo'

2020-12-22 16:58:35 - [TEST_STEP][PASSED] - setText(findTestObject("Object Repository/Page_QAVLinkAuthCap/input_Card ex year_card_exyr"), "2020"): Text '2020' is set on object 'Object Repository/Page_QAVLinkAuthCap/input_Card ex year_card_exyr'

2020-12-22 16:58:36 - [MESSAGE][PASSED] - Text '2020' is set on object 'Object Repository/Page_QAVLinkAuthCap/input_Card ex year_card_exyr'

2020-12-22 16:58:36 - [TEST_STEP][PASSED] - setText(findTestObject("Object Repository/Page_QAVLinkAuthCap/input_CVV data_cvv_data"), ""): Text '' is set on object 'Object Repository/Page_QAVLinkAuthCap/input_CVV data_cvv_data'

2020-12-22 16:58:37 - [MESSAGE][PASSED] - Text '' is set on object 'Object Repository/Page_QAVLinkAuthCap/input_CVV data_cvv_data'

2020-12-22 16:58:37 - [TEST_STEP][PASSED] - setText(findTestObject("Object Repository/Page_QAVLinkAuthCap/input_CVV state_cvv_state"), ""): Text '' is set on object 'Object Repository/Page_QAVLinkAuthCap/input_CVV state_cvv_state'

2020-12-22 16:58:37 - [MESSAGE][PASSED] - Text '' is set on object 'Object Repository/Page_QAVLinkAuthCap/input_CVV state_cvv_state'

2020-12-22 16:58:37 - [TEST_STEP][PASSED] - setText(findTestObject("Object Repository/Page_QAVLinkAuthCap/input_Track Data_track_data"), ""): Text '' is set on object 'Object Repository/Page_QAVLinkAuthCap/input_Track Data_track_data'

2020-12-22 16:58:38 - [MESSAGE][PASSED] - Text '' is set on object 'Object Repository/Page_QAVLinkAuthCap/input_Track Data_track_data'

2020-12-22 16:58:38 - [TEST_STEP][PASSED] - setText(findTestObject("Object Repository/Page_QAVLinkAuthCap/input_Track 1 Data_track_1_data"), ""): Text '' is set on object 'Object Repository/Page_QAVLinkAuthCap/input_Track 1 Data_track_1_data'

2020-12-22 16:58:38 - [MESSAGE][PASSED] - Text '' is set on object 'Object Repository/Page_QAVLinkAuthCap/input_Track 1 Data_track_1_data'

2020-12-22 16:58:38 - [TEST_STEP][PASSED] - setText(findTestObject("Object Repository/Page_QAVLinkAuthCap/input_Track 2 Data_track_2_data"), ""): Text '' is set on object 'Object Repository/Page_QAVLinkAuthCap/input_Track 2 Data_track_2_data'

2020-12-22 16:58:39 - [MESSAGE][PASSED] - Text '' is set on object 'Object Repository/Page_QAVLinkAuthCap/input_Track 2 Data_track_2_data'

2020-12-22 16:58:39 - [TEST_STEP][PASSED] - setText(findTestObject("Object Repository/Page_QAVLinkAuthCap/input_POS Entry mode_entry_mode"), ""): Text '' is set on object 'Object Repository/Page_QAVLinkAuthCap/input_POS Entry mode_entry_mode'

2020-12-22 16:58:40 - [MESSAGE][PASSED] - Text '' is set on object 'Object Repository/Page_QAVLinkAuthCap/input_POS Entry mode_entry_mode'

2020-12-22 16:58:40 - [TEST_STEP][PASSED] - setText(findTestObject("Object Repository/Page_QAVLinkAuthCap/input_concat(Cardholder  s email)_email"), ""): Text '' is set on object 'Object Repository/Page_QAVLinkAuthCap/input_concat(Cardholder  s email)_email'

2020-12-22 16:58:41 - [MESSAGE][PASSED] - Text '' is set on object 'Object Repository/Page_QAVLinkAuthCap/input_concat(Cardholder  s email)_email'

2020-12-22 16:58:41 - [TEST_STEP][PASSED] - setText(findTestObject("Object Repository/Page_QAVLinkAuthCap/input_Order Number_order_number"), ""): Text '' is set on object 'Object Repository/Page_QAVLinkAuthCap/input_Order Number_order_number'

2020-12-22 16:58:41 - [MESSAGE][PASSED] - Text '' is set on object 'Object Repository/Page_QAVLinkAuthCap/input_Order Number_order_number'

2020-12-22 16:58:41 - [TEST_STEP][PASSED] - setText(findTestObject("Object Repository/Page_QAVLinkAuthCap/input_Tax Amount_tax_amount"), ""): Text '' is set on object 'Object Repository/Page_QAVLinkAuthCap/input_Tax Amount_tax_amount'

2020-12-22 16:58:42 - [MESSAGE][PASSED] - Text '' is set on object 'Object Repository/Page_QAVLinkAuthCap/input_Tax Amount_tax_amount'

2020-12-22 16:58:42 - [TEST_STEP][PASSED] - setText(findTestObject("Object Repository/Page_QAVLinkAuthCap/input_Charge Description_charge_description"), ""): Text '' is set on object 'Object Repository/Page_QAVLinkAuthCap/input_Charge Description_charge_description'

2020-12-22 16:58:43 - [MESSAGE][PASSED] - Text '' is set on object 'Object Repository/Page_QAVLinkAuthCap/input_Charge Description_charge_description'

2020-12-22 16:58:43 - [TEST_STEP][PASSED] - setText(findTestObject("Object Repository/Page_QAVLinkAuthCap/input_Client Account Number_client_account_number"), ""): Text '' is set on object 'Object Repository/Page_QAVLinkAuthCap/input_Client Account Number_client_account_number'

2020-12-22 16:58:43 - [MESSAGE][PASSED] - Text '' is set on object 'Object Repository/Page_QAVLinkAuthCap/input_Client Account Number_client_account_number'

2020-12-22 16:58:43 - [TEST_STEP][PASSED] - setText(findTestObject("Object Repository/Page_QAVLinkAuthCap/input_Bill Payment Indicator_bill_payment_indicator"), ""): Text '' is set on object 'Object Repository/Page_QAVLinkAuthCap/input_Bill Payment Indicator_bill_payment_indicator'

2020-12-22 16:58:44 - [MESSAGE][PASSED] - Text '' is set on object 'Object Repository/Page_QAVLinkAuthCap/input_Bill Payment Indicator_bill_payment_indicator'

2020-12-22 16:58:44 - [TEST_STEP][PASSED] - setText(findTestObject("Object Repository/Page_QAVLinkAuthCap/input_user_defined1_user_defined1"), ""): Text '' is set on object 'Object Repository/Page_QAVLinkAuthCap/input_user_defined1_user_defined1'

2020-12-22 16:58:45 - [MESSAGE][PASSED] - Text '' is set on object 'Object Repository/Page_QAVLinkAuthCap/input_user_defined1_user_defined1'

2020-12-22 16:58:45 - [TEST_STEP][PASSED] - setText(findTestObject("Object Repository/Page_QAVLinkAuthCap/input_user_defined2_user_defined2"), ""): Text '' is set on object 'Object Repository/Page_QAVLinkAuthCap/input_user_defined2_user_defined2'

2020-12-22 16:58:45 - [MESSAGE][PASSED] - Text '' is set on object 'Object Repository/Page_QAVLinkAuthCap/input_user_defined2_user_defined2'

2020-12-22 16:58:45 - [TEST_STEP][PASSED] - setText(findTestObject("Object Repository/Page_QAVLinkAuthCap/input_user_defined3_user_defined3"), ""): Text '' is set on object 'Object Repository/Page_QAVLinkAuthCap/input_user_defined3_user_defined3'

2020-12-22 16:58:46 - [MESSAGE][PASSED] - Text '' is set on object 'Object Repository/Page_QAVLinkAuthCap/input_user_defined3_user_defined3'

2020-12-22 16:58:46 - [TEST_STEP][PASSED] - setText(findTestObject("Object Repository/Page_QAVLinkAuthCap/input_user_defined4_user_defined4"), ""): Text '' is set on object 'Object Repository/Page_QAVLinkAuthCap/input_user_defined4_user_defined4'

2020-12-22 16:58:47 - [MESSAGE][PASSED] - Text '' is set on object 'Object Repository/Page_QAVLinkAuthCap/input_user_defined4_user_defined4'

2020-12-22 16:58:47 - [TEST_STEP][PASSED] - setText(findTestObject("Object Repository/Page_QAVLinkAuthCap/input_user_defined5_user_defined5"), ""): Text '' is set on object 'Object Repository/Page_QAVLinkAuthCap/input_user_defined5_user_defined5'

2020-12-22 16:58:47 - [MESSAGE][PASSED] - Text '' is set on object 'Object Repository/Page_QAVLinkAuthCap/input_user_defined5_user_defined5'

2020-12-22 16:58:47 - [TEST_STEP][PASSED] - setText(findTestObject("Object Repository/Page_QAVLinkAuthCap/input_user_defined6_user_defined6"), ""): Text '' is set on object 'Object Repository/Page_QAVLinkAuthCap/input_user_defined6_user_defined6'

2020-12-22 16:58:48 - [MESSAGE][PASSED] - Text '' is set on object 'Object Repository/Page_QAVLinkAuthCap/input_user_defined6_user_defined6'

2020-12-22 16:58:48 - [TEST_STEP][PASSED] - setText(findTestObject("Object Repository/Page_QAVLinkAuthCap/input_user_defined7_user_defined7"), ""): Text '' is set on object 'Object Repository/Page_QAVLinkAuthCap/input_user_defined7_user_defined7'

2020-12-22 16:58:49 - [MESSAGE][PASSED] - Text '' is set on object 'Object Repository/Page_QAVLinkAuthCap/input_user_defined7_user_defined7'

2020-12-22 16:58:49 - [TEST_STEP][PASSED] - setText(findTestObject("Object Repository/Page_QAVLinkAuthCap/input_user_defined8_user_defined8"), ""): Text '' is set on object 'Object Repository/Page_QAVLinkAuthCap/input_user_defined8_user_defined8'

2020-12-22 16:58:49 - [MESSAGE][PASSED] - Text '' is set on object 'Object Repository/Page_QAVLinkAuthCap/input_user_defined8_user_defined8'

2020-12-22 16:58:49 - [TEST_STEP][PASSED] - setText(findTestObject("Object Repository/Page_QAVLinkAuthCap/input_user_defined9_user_defined9"), ""): Text '' is set on object 'Object Repository/Page_QAVLinkAuthCap/input_user_defined9_user_defined9'

2020-12-22 16:58:50 - [MESSAGE][PASSED] - Text '' is set on object 'Object Repository/Page_QAVLinkAuthCap/input_user_defined9_user_defined9'

2020-12-22 16:58:50 - [TEST_STEP][PASSED] - setText(findTestObject("Object Repository/Page_QAVLinkAuthCap/input_user_defined10_user_defined10"), ""): Text '' is set on object 'Object Repository/Page_QAVLinkAuthCap/input_user_defined10_user_defined10'

2020-12-22 16:58:51 - [MESSAGE][PASSED] - Text '' is set on object 'Object Repository/Page_QAVLinkAuthCap/input_user_defined10_user_defined10'

2020-12-22 16:58:51 - [TEST_STEP][PASSED] - click(findTestObject("Object Repository/Page_QAVLinkAuthCap/input")): Object: 'Object Repository/Page_QAVLinkAuthCap/input' is clicked on

2020-12-22 16:58:52 - [MESSAGE][PASSED] - Object: 'Object Repository/Page_QAVLinkAuthCap/input' is clicked on

2020-12-22 16:58:52 - [TEST_STEP][PASSED] - verifyTextPresent("Transaction approved, no errors", true): Text 'Transaction approved, no errors' is present on page  using regular expression

2020-12-22 16:58:52 - [MESSAGE][PASSED] - Text 'Transaction approved, no errors' is present on page  using regular expression

2020-12-22 16:58:52 - [TEST_STEP][PASSED] - sdfo = getText(findTestObject("Object Repository/Page_VLinkReceipt/pre_STX")): Text of object 'Object Repository/Page_VLinkReceipt/pre_STX' is: '<STX>vN6Y1Olnuw91                  12087903            0  Transaction approved, no errors                   0                                                                                  Y 987701825<ETX>'

2020-12-22 16:58:52 - [MESSAGE][PASSED] - Text of object 'Object Repository/Page_VLinkReceipt/pre_STX' is: '<STX>vN6Y1Olnuw91                  12087903            0  Transaction approved, no errors                   0                                                                                  Y 987701825<ETX>'

2020-12-22 16:58:52 - [TEST_STEP][PASSED] - out.println("sdfo: " + sdfo): null

2020-12-22 16:58:52 - [TEST_STEP][PASSED] - remID = substring(5, 35).trim(): null

2020-12-22 16:58:52 - [TEST_STEP][PASSED] - out.println("remID: " + remID): null

2020-12-22 16:58:52 - [TEST_STEP][PASSED] - traxID = substring(35, 55).trim(): null

2020-12-22 16:58:52 - [TEST_STEP][PASSED] - out.println("traxID: " + traxID): null

2020-12-22 16:58:52 - [TEST_STEP][PASSED] - VLinkSaleRemID = remID: null

2020-12-22 16:58:52 - [TEST_STEP][PASSED] - VLinkSaleTranxID = traxID: null]]></system-out>
         <system-err><![CDATA[]]></system-err>
      </testcase>
      <testcase name="Test Cases/VLink/QA/VLinkSale-Successful" time="6905.008" classname="Test Cases/VLink/QA/VLinkSale-Successful" status="FAILED">
         <failure type="FAILED" message="Test Cases/VLink/QA/VLinkSale-Successful FAILED.
Reason:
com.kms.katalon.core.exception.StepFailedException: Text 'Transaction approved, no errors' is not present on page  using regular expression (Root cause: com.kms.katalon.core.exception.StepFailedException: Text 'Transaction approved, no errors' is not present on page  using regular expression
	at com.kms.katalon.core.webui.keyword.internal.WebUIKeywordMain.stepFailed(WebUIKeywordMain.groovy:64)
	at com.kms.katalon.core.webui.keyword.builtin.VerifyTextPresentKeyword$_verifyTextPresent_closure1.doCall(VerifyTextPresentKeyword.groovy:79)
	at com.kms.katalon.core.webui.keyword.builtin.VerifyTextPresentKeyword$_verifyTextPresent_closure1.call(VerifyTextPresentKeyword.groovy)
	at com.kms.katalon.core.webui.keyword.internal.WebUIKeywordMain.runKeyword(WebUIKeywordMain.groovy:20)
	at com.kms.katalon.core.webui.keyword.builtin.VerifyTextPresentKeyword.verifyTextPresent(VerifyTextPresentKeyword.groovy:83)
	at com.kms.katalon.core.webui.keyword.builtin.VerifyTextPresentKeyword.execute(VerifyTextPresentKeyword.groovy:68)
	at com.kms.katalon.core.keyword.internal.KeywordExecutor.executeKeywordForPlatform(KeywordExecutor.groovy:72)
	at com.kms.katalon.core.webui.keyword.WebUiBuiltInKeywords.verifyTextPresent(WebUiBuiltInKeywords.groovy:1719)
	at com.kms.katalon.core.webui.keyword.WebUiBuiltInKeywords$verifyTextPresent$6.call(Unknown Source)
	at VLinkSale-Successful.run(VLinkSale-Successful:60)
	at com.kms.katalon.core.main.ScriptEngine.run(ScriptEngine.java:194)
	at com.kms.katalon.core.main.ScriptEngine.runScriptAsRawText(ScriptEngine.java:119)
	at com.kms.katalon.core.main.TestCaseExecutor.runScript(TestCaseExecutor.java:337)
	at com.kms.katalon.core.main.TestCaseExecutor.doExecute(TestCaseExecutor.java:328)
	at com.kms.katalon.core.main.TestCaseExecutor.processExecutionPhase(TestCaseExecutor.java:307)
	at com.kms.katalon.core.main.TestCaseExecutor.accessMainPhase(TestCaseExecutor.java:299)
	at com.kms.katalon.core.main.TestCaseExecutor.execute(TestCaseExecutor.java:233)
	at com.kms.katalon.core.main.TestSuiteExecutor.accessTestCaseMainPhase(TestSuiteExecutor.java:169)
	at com.kms.katalon.core.main.TestSuiteExecutor.accessTestSuiteMainPhase(TestSuiteExecutor.java:142)
	at com.kms.katalon.core.main.TestSuiteExecutor.execute(TestSuiteExecutor.java:91)
	at com.kms.katalon.core.main.TestCaseMain.startTestSuite(TestCaseMain.java:157)
	at com.kms.katalon.core.main.TestCaseMain$startTestSuite$0.call(Unknown Source)
	at TempTestSuite1608674252830.run(TempTestSuite1608674252830.groovy:37)
)
	at com.kms.katalon.core.keyword.internal.KeywordMain.stepFailed(KeywordMain.groovy:39)
	at com.kms.katalon.core.webui.keyword.internal.WebUIKeywordMain.stepFailed(WebUIKeywordMain.groovy:64)
	at com.kms.katalon.core.webui.keyword.builtin.VerifyTextPresentKeyword$_verifyTextPresent_closure1.doCall(VerifyTextPresentKeyword.groovy:79)
	at com.kms.katalon.core.webui.keyword.builtin.VerifyTextPresentKeyword$_verifyTextPresent_closure1.call(VerifyTextPresentKeyword.groovy)
	at com.kms.katalon.core.webui.keyword.internal.WebUIKeywordMain.runKeyword(WebUIKeywordMain.groovy:20)
	at com.kms.katalon.core.webui.keyword.builtin.VerifyTextPresentKeyword.verifyTextPresent(VerifyTextPresentKeyword.groovy:83)
	at com.kms.katalon.core.webui.keyword.builtin.VerifyTextPresentKeyword.execute(VerifyTextPresentKeyword.groovy:68)
	at com.kms.katalon.core.keyword.internal.KeywordExecutor.executeKeywordForPlatform(KeywordExecutor.groovy:72)
	at com.kms.katalon.core.webui.keyword.WebUiBuiltInKeywords.verifyTextPresent(WebUiBuiltInKeywords.groovy:1719)
	at com.kms.katalon.core.webui.keyword.WebUiBuiltInKeywords$verifyTextPresent$6.call(Unknown Source)
	at VLinkSale-Successful.run(VLinkSale-Successful:60)
	at com.kms.katalon.core.main.ScriptEngine.run(ScriptEngine.java:194)
	at com.kms.katalon.core.main.ScriptEngine.runScriptAsRawText(ScriptEngine.java:119)
	at com.kms.katalon.core.main.TestCaseExecutor.runScript(TestCaseExecutor.java:337)
	at com.kms.katalon.core.main.TestCaseExecutor.doExecute(TestCaseExecutor.java:328)
	at com.kms.katalon.core.main.TestCaseExecutor.processExecutionPhase(TestCaseExecutor.java:307)
	at com.kms.katalon.core.main.TestCaseExecutor.accessMainPhase(TestCaseExecutor.java:299)
	at com.kms.katalon.core.main.TestCaseExecutor.execute(TestCaseExecutor.java:233)
	at com.kms.katalon.core.main.TestSuiteExecutor.accessTestCaseMainPhase(TestSuiteExecutor.java:169)
	at com.kms.katalon.core.main.TestSuiteExecutor.accessTestSuiteMainPhase(TestSuiteExecutor.java:142)
	at com.kms.katalon.core.main.TestSuiteExecutor.execute(TestSuiteExecutor.java:91)
	at com.kms.katalon.core.main.TestCaseMain.startTestSuite(TestCaseMain.java:157)
	at com.kms.katalon.core.main.TestCaseMain$startTestSuite$0.call(Unknown Source)
	at TempTestSuite1608674252830.run(TempTestSuite1608674252830.groovy:37)
Caused by: com.kms.katalon.core.exception.StepFailedException: Text 'Transaction approved, no errors' is not present on page  using regular expression
	... 23 more
"/>
         <system-out><![CDATA[2020-12-22 16:58:52 - [TEST_CASE][FAILED] - Test Cases/VLink/QA/VLinkSale-Successful: Test Cases/VLink/QA/VLinkSale-Successful FAILED.
Reason:
com.kms.katalon.core.exception.StepFailedException: Text 'Transaction approved, no errors' is not present on page  using regular expression (Root cause: com.kms.katalon.core.exception.StepFailedException: Text 'Transaction approved, no errors' is not present on page  using regular expression
	at com.kms.katalon.core.webui.keyword.internal.WebUIKeywordMain.stepFailed(WebUIKeywordMain.groovy:64)
	at com.kms.katalon.core.webui.keyword.builtin.VerifyTextPresentKeyword$_verifyTextPresent_closure1.doCall(VerifyTextPresentKeyword.groovy:79)
	at com.kms.katalon.core.webui.keyword.builtin.VerifyTextPresentKeyword$_verifyTextPresent_closure1.call(VerifyTextPresentKeyword.groovy)
	at com.kms.katalon.core.webui.keyword.internal.WebUIKeywordMain.runKeyword(WebUIKeywordMain.groovy:20)
	at com.kms.katalon.core.webui.keyword.builtin.VerifyTextPresentKeyword.verifyTextPresent(VerifyTextPresentKeyword.groovy:83)
	at com.kms.katalon.core.webui.keyword.builtin.VerifyTextPresentKeyword.execute(VerifyTextPresentKeyword.groovy:68)
	at com.kms.katalon.core.keyword.internal.KeywordExecutor.executeKeywordForPlatform(KeywordExecutor.groovy:72)
	at com.kms.katalon.core.webui.keyword.WebUiBuiltInKeywords.verifyTextPresent(WebUiBuiltInKeywords.groovy:1719)
	at com.kms.katalon.core.webui.keyword.WebUiBuiltInKeywords$verifyTextPresent$6.call(Unknown Source)
	at VLinkSale-Successful.run(VLinkSale-Successful:60)
	at com.kms.katalon.core.main.ScriptEngine.run(ScriptEngine.java:194)
	at com.kms.katalon.core.main.ScriptEngine.runScriptAsRawText(ScriptEngine.java:119)
	at com.kms.katalon.core.main.TestCaseExecutor.runScript(TestCaseExecutor.java:337)
	at com.kms.katalon.core.main.TestCaseExecutor.doExecute(TestCaseExecutor.java:328)
	at com.kms.katalon.core.main.TestCaseExecutor.processExecutionPhase(TestCaseExecutor.java:307)
	at com.kms.katalon.core.main.TestCaseExecutor.accessMainPhase(TestCaseExecutor.java:299)
	at com.kms.katalon.core.main.TestCaseExecutor.execute(TestCaseExecutor.java:233)
	at com.kms.katalon.core.main.TestSuiteExecutor.accessTestCaseMainPhase(TestSuiteExecutor.java:169)
	at com.kms.katalon.core.main.TestSuiteExecutor.accessTestSuiteMainPhase(TestSuiteExecutor.java:142)
	at com.kms.katalon.core.main.TestSuiteExecutor.execute(TestSuiteExecutor.java:91)
	at com.kms.katalon.core.main.TestCaseMain.startTestSuite(TestCaseMain.java:157)
	at com.kms.katalon.core.main.TestCaseMain$startTestSuite$0.call(Unknown Source)
	at TempTestSuite1608674252830.run(TempTestSuite1608674252830.groovy:37)
)
	at com.kms.katalon.core.keyword.internal.KeywordMain.stepFailed(KeywordMain.groovy:39)
	at com.kms.katalon.core.webui.keyword.internal.WebUIKeywordMain.stepFailed(WebUIKeywordMain.groovy:64)
	at com.kms.katalon.core.webui.keyword.builtin.VerifyTextPresentKeyword$_verifyTextPresent_closure1.doCall(VerifyTextPresentKeyword.groovy:79)
	at com.kms.katalon.core.webui.keyword.builtin.VerifyTextPresentKeyword$_verifyTextPresent_closure1.call(VerifyTextPresentKeyword.groovy)
	at com.kms.katalon.core.webui.keyword.internal.WebUIKeywordMain.runKeyword(WebUIKeywordMain.groovy:20)
	at com.kms.katalon.core.webui.keyword.builtin.VerifyTextPresentKeyword.verifyTextPresent(VerifyTextPresentKeyword.groovy:83)
	at com.kms.katalon.core.webui.keyword.builtin.VerifyTextPresentKeyword.execute(VerifyTextPresentKeyword.groovy:68)
	at com.kms.katalon.core.keyword.internal.KeywordExecutor.executeKeywordForPlatform(KeywordExecutor.groovy:72)
	at com.kms.katalon.core.webui.keyword.WebUiBuiltInKeywords.verifyTextPresent(WebUiBuiltInKeywords.groovy:1719)
	at com.kms.katalon.core.webui.keyword.WebUiBuiltInKeywords$verifyTextPresent$6.call(Unknown Source)
	at VLinkSale-Successful.run(VLinkSale-Successful:60)
	at com.kms.katalon.core.main.ScriptEngine.run(ScriptEngine.java:194)
	at com.kms.katalon.core.main.ScriptEngine.runScriptAsRawText(ScriptEngine.java:119)
	at com.kms.katalon.core.main.TestCaseExecutor.runScript(TestCaseExecutor.java:337)
	at com.kms.katalon.core.main.TestCaseExecutor.doExecute(TestCaseExecutor.java:328)
	at com.kms.katalon.core.main.TestCaseExecutor.processExecutionPhase(TestCaseExecutor.java:307)
	at com.kms.katalon.core.main.TestCaseExecutor.accessMainPhase(TestCaseExecutor.java:299)
	at com.kms.katalon.core.main.TestCaseExecutor.execute(TestCaseExecutor.java:233)
	at com.kms.katalon.core.main.TestSuiteExecutor.accessTestCaseMainPhase(TestSuiteExecutor.java:169)
	at com.kms.katalon.core.main.TestSuiteExecutor.accessTestSuiteMainPhase(TestSuiteExecutor.java:142)
	at com.kms.katalon.core.main.TestSuiteExecutor.execute(TestSuiteExecutor.java:91)
	at com.kms.katalon.core.main.TestCaseMain.startTestSuite(TestCaseMain.java:157)
	at com.kms.katalon.core.main.TestCaseMain$startTestSuite$0.call(Unknown Source)
	at TempTestSuite1608674252830.run(TempTestSuite1608674252830.groovy:37)
Caused by: com.kms.katalon.core.exception.StepFailedException: Text 'Transaction approved, no errors' is not present on page  using regular expression
	... 23 more


2020-12-22 16:58:53 - [TEST_STEP][PASSED] - numOfRows = findTestData("QA/VLinkTestData/VLinkCCTestData").getRowNumbers(): null

2020-12-22 16:58:54 - [TEST_STEP][PASSED] - println("Number of Records: " + numOfRows): null

2020-12-22 16:58:54 - [TEST_STEP][PASSED] - dataFile = "QA/VLinkTestData/VLinkCCTestData": null

2020-12-22 16:58:54 - [TEST_STEP][FAILED] - for ([row = 1, row <= numOfRows, (row++)]): null

2020-12-22 16:58:54 - [TEST_STEP][PASSED] - out.println("Begin Record Number: " + row): null

2020-12-22 16:58:54 - [TEST_STEP][PASSED] - openBrowser(VLinkURL + "authcap.html"): Browser is opened with url: 'https://dev-algorithm.govolution.com/vlinktest/QA/version_2_0/authcap.html'

2020-12-22 16:58:54 - [MESSAGE][WARNING] - A browser is already opened. Closing browser and opening a new one

2020-12-22 16:58:54 - [MESSAGE][INFO] - Starting 'Chrome' driver

2020-12-22 16:58:54 - [MESSAGE][INFO] - User set preference: ['acceptInsecureCerts', 'true']

2020-12-22 16:58:54 - [MESSAGE][INFO] - Action delay is set to 0 milliseconds

2020-12-22 16:58:58 - [MESSAGE][PASSED] - Browser is opened with url: 'https://dev-algorithm.govolution.com/vlinktest/QA/version_2_0/authcap.html'

2020-12-22 16:58:58 - [TEST_STEP][PASSED] - maximizeWindow(): Current window maximized

2020-12-22 16:58:58 - [MESSAGE][PASSED] - Current window maximized

2020-12-22 16:58:58 - [TEST_STEP][PASSED] - vlinkPages.saleCCPage.setDataSCC(row, dataFile): vlinkPages.saleCCPage.setDataSCC is PASSED

2020-12-22 16:59:01 - [MESSAGE][PASSED] - Object 'Object Repository/VLink/Page_CCSale/txt_CardNumber' is present

2020-12-22 16:59:01 - [MESSAGE][PASSED] - Object 'Object Repository/VLink/Page_CCSale/txt_TransactionType' is present

2020-12-22 16:59:01 - [MESSAGE][PASSED] - Text '104' is set on object 'Object Repository/VLink/Page_CCSale/txt_TransactionType'

2020-12-22 16:59:02 - [MESSAGE][PASSED] - Object 'Object Repository/VLink/Page_CCSale/txt_MessageVersion' is present

2020-12-22 16:59:02 - [MESSAGE][PASSED] - Text '2.0C' is set on object 'Object Repository/VLink/Page_CCSale/txt_MessageVersion'

2020-12-22 16:59:03 - [MESSAGE][PASSED] - Object 'Object Repository/VLink/Page_CCSale/txt_RemID' is present

2020-12-22 16:59:03 - [MESSAGE][PASSED] - Text 'lQADHN4FELND' is set on object 'Object Repository/VLink/Page_CCSale/txt_RemID'

2020-12-22 16:59:04 - [MESSAGE][PASSED] - Object 'Object Repository/VLink/Page_CCSale/txt_ApplicationId' is present

2020-12-22 16:59:04 - [MESSAGE][PASSED] - Text '665' is set on object 'Object Repository/VLink/Page_CCSale/txt_ApplicationId'

2020-12-22 16:59:04 - [MESSAGE][PASSED] - Object 'Object Repository/VLink/Page_CCSale/txt_Username' is present

2020-12-22 16:59:05 - [MESSAGE][PASSED] - Text 'username' is set on object 'Object Repository/VLink/Page_CCSale/txt_Username'

2020-12-22 16:59:05 - [MESSAGE][PASSED] - Object 'Object Repository/VLink/Page_CCSale/txt_Password' is present

2020-12-22 16:59:06 - [MESSAGE][PASSED] - Text 'password' is set on object 'Object Repository/VLink/Page_CCSale/txt_Password'

2020-12-22 16:59:06 - [MESSAGE][PASSED] - Object 'Object Repository/VLink/Page_CCSale/txt_ResponseFormat' is present

2020-12-22 16:59:07 - [MESSAGE][PASSED] - Text 'fixed_width' is set on object 'Object Repository/VLink/Page_CCSale/txt_ResponseFormat'

2020-12-22 16:59:07 - [MESSAGE][PASSED] - Object 'Object Repository/VLink/Page_CCSale/txt_Category' is present

2020-12-22 16:59:08 - [MESSAGE][PASSED] - Text 'ECOM' is set on object 'Object Repository/VLink/Page_CCSale/txt_Category'

2020-12-22 16:59:08 - [MESSAGE][PASSED] - Object 'Object Repository/VLink/Page_CCSale/txt_TransactionID' is present

2020-12-22 16:59:09 - [MESSAGE][PASSED] - Text '' is set on object 'Object Repository/VLink/Page_CCSale/txt_TransactionID'

2020-12-22 16:59:09 - [MESSAGE][PASSED] - Object 'Object Repository/VLink/Page_CCSale/txt_ApprovalCode' is present

2020-12-22 16:59:10 - [MESSAGE][PASSED] - Text '' is set on object 'Object Repository/VLink/Page_CCSale/txt_ApprovalCode'

2020-12-22 16:59:10 - [MESSAGE][PASSED] - Object 'Object Repository/VLink/Page_CCSale/txt_CardName' is present

2020-12-22 16:59:11 - [MESSAGE][PASSED] - Text 'Kris Roshan' is set on object 'Object Repository/VLink/Page_CCSale/txt_CardName'

2020-12-22 16:59:11 - [MESSAGE][PASSED] - Object 'Object Repository/VLink/Page_CCSale/txt_AL1' is present

2020-12-22 16:59:12 - [MESSAGE][PASSED] - Text '258 Elm Road' is set on object 'Object Repository/VLink/Page_CCSale/txt_AL1'

2020-12-22 16:59:12 - [MESSAGE][PASSED] - Object 'Object Repository/VLink/Page_CCSale/txt_AL2' is present

2020-12-22 16:59:13 - [MESSAGE][PASSED] - Text 'Suite 56' is set on object 'Object Repository/VLink/Page_CCSale/txt_AL2'

2020-12-22 16:59:13 - [MESSAGE][PASSED] - Object 'Object Repository/VLink/Page_CCSale/txt_CardCity' is present

2020-12-22 16:59:14 - [MESSAGE][PASSED] - Text 'Arlington' is set on object 'Object Repository/VLink/Page_CCSale/txt_CardCity'

2020-12-22 16:59:14 - [MESSAGE][PASSED] - Object 'Object Repository/VLink/Page_CCSale/txt_CardState' is present

2020-12-22 16:59:15 - [MESSAGE][PASSED] - Text 'VA' is set on object 'Object Repository/VLink/Page_CCSale/txt_CardState'

2020-12-22 16:59:15 - [MESSAGE][PASSED] - Object 'Object Repository/VLink/Page_CCSale/txt_CardZIP' is present

2020-12-22 16:59:16 - [MESSAGE][PASSED] - Text '22201' is set on object 'Object Repository/VLink/Page_CCSale/txt_CardZIP'

2020-12-22 16:59:16 - [MESSAGE][PASSED] - Object 'Object Repository/VLink/Page_CCSale/txt_CountryID' is present

2020-12-22 16:59:17 - [MESSAGE][PASSED] - Text '840' is set on object 'Object Repository/VLink/Page_CCSale/txt_CountryID'

2020-12-22 16:59:17 - [MESSAGE][PASSED] - Object 'Object Repository/VLink/Page_CCSale/txt_Amount' is present

2020-12-22 16:59:18 - [MESSAGE][PASSED] - Text '1.50' is set on object 'Object Repository/VLink/Page_CCSale/txt_Amount'

2020-12-22 16:59:18 - [MESSAGE][PASSED] - Object 'Object Repository/VLink/Page_CCSale/txt_CardNumber' is present

2020-12-22 16:59:19 - [MESSAGE][PASSED] - Text '4111111111111111' is set on object 'Object Repository/VLink/Page_CCSale/txt_CardNumber'

2020-12-22 16:59:19 - [MESSAGE][PASSED] - Object 'Object Repository/VLink/Page_CCSale/txt_ExpMonth' is present

2020-12-22 16:59:20 - [MESSAGE][PASSED] - Text '12' is set on object 'Object Repository/VLink/Page_CCSale/txt_ExpMonth'

2020-12-22 16:59:20 - [MESSAGE][PASSED] - Object 'Object Repository/VLink/Page_CCSale/txt_ExpYear' is present

2020-12-22 16:59:21 - [MESSAGE][PASSED] - Text '2025' is set on object 'Object Repository/VLink/Page_CCSale/txt_ExpYear'

2020-12-22 16:59:21 - [MESSAGE][PASSED] - Object 'Object Repository/VLink/Page_CCSale/txt_CVV' is present

2020-12-22 16:59:22 - [MESSAGE][PASSED] - Text '' is set on object 'Object Repository/VLink/Page_CCSale/txt_CVV'

2020-12-22 16:59:22 - [MESSAGE][PASSED] - Object 'Object Repository/VLink/Page_CCSale/txt_CVVstate' is present

2020-12-22 16:59:23 - [MESSAGE][PASSED] - Text '' is set on object 'Object Repository/VLink/Page_CCSale/txt_CVVstate'

2020-12-22 16:59:23 - [MESSAGE][PASSED] - Object 'Object Repository/VLink/Page_CCSale/txt_TrackData' is present

2020-12-22 16:59:24 - [MESSAGE][PASSED] - Text '' is set on object 'Object Repository/VLink/Page_CCSale/txt_TrackData'

2020-12-22 16:59:24 - [MESSAGE][PASSED] - Object 'Object Repository/VLink/Page_CCSale/txt_Track1Data' is present

2020-12-22 16:59:25 - [MESSAGE][PASSED] - Text '' is set on object 'Object Repository/VLink/Page_CCSale/txt_Track1Data'

2020-12-22 16:59:25 - [MESSAGE][PASSED] - Object 'Object Repository/VLink/Page_CCSale/txt_Track2Data' is present

2020-12-22 16:59:26 - [MESSAGE][PASSED] - Text '' is set on object 'Object Repository/VLink/Page_CCSale/txt_Track2Data'

2020-12-22 16:59:26 - [MESSAGE][PASSED] - Object 'Object Repository/VLink/Page_CCSale/txt_POSEntryMode' is present

2020-12-22 16:59:27 - [MESSAGE][PASSED] - Text 'manual' is set on object 'Object Repository/VLink/Page_CCSale/txt_POSEntryMode'

2020-12-22 16:59:27 - [MESSAGE][PASSED] - Object 'Object Repository/VLink/Page_CCSale/txt_Email' is present

2020-12-22 16:59:28 - [MESSAGE][PASSED] - Text 'iahmed@govolution.com' is set on object 'Object Repository/VLink/Page_CCSale/txt_Email'

2020-12-22 16:59:28 - [MESSAGE][PASSED] - Object 'Object Repository/VLink/Page_CCSale/txt_OrderNumber' is present

2020-12-22 16:59:29 - [MESSAGE][PASSED] - Text '2569362' is set on object 'Object Repository/VLink/Page_CCSale/txt_OrderNumber'

2020-12-22 16:59:29 - [MESSAGE][PASSED] - Object 'Object Repository/VLink/Page_CCSale/txt_TaxAmount' is present

2020-12-22 16:59:30 - [MESSAGE][PASSED] - Text '1.15' is set on object 'Object Repository/VLink/Page_CCSale/txt_TaxAmount'

2020-12-22 16:59:30 - [MESSAGE][PASSED] - Object 'Object Repository/VLink/Page_CCSale/txt_ChargeDescription' is present

2020-12-22 16:59:31 - [MESSAGE][PASSED] - Text 'Charge Description' is set on object 'Object Repository/VLink/Page_CCSale/txt_ChargeDescription'

2020-12-22 16:59:31 - [MESSAGE][PASSED] - Object 'Object Repository/VLink/Page_CCSale/txt_CAN' is present

2020-12-22 16:59:32 - [MESSAGE][PASSED] - Text '147357' is set on object 'Object Repository/VLink/Page_CCSale/txt_CAN'

2020-12-22 16:59:32 - [MESSAGE][PASSED] - Object 'Object Repository/VLink/Page_CCSale/txt_BillPaymentIndicator' is present

2020-12-22 16:59:33 - [MESSAGE][PASSED] - Text '1' is set on object 'Object Repository/VLink/Page_CCSale/txt_BillPaymentIndicator'

2020-12-22 16:59:33 - [MESSAGE][PASSED] - Object 'Object Repository/VLink/Page_CCSale/txt_UDF1' is present

2020-12-22 16:59:34 - [MESSAGE][PASSED] - Text 'UDF Data 1' is set on object 'Object Repository/VLink/Page_CCSale/txt_UDF1'

2020-12-22 16:59:34 - [MESSAGE][PASSED] - Object 'Object Repository/VLink/Page_CCSale/txt_UDF2' is present

2020-12-22 16:59:35 - [MESSAGE][PASSED] - Text 'UDF Data 2' is set on object 'Object Repository/VLink/Page_CCSale/txt_UDF2'

2020-12-22 16:59:35 - [MESSAGE][PASSED] - Object 'Object Repository/VLink/Page_CCSale/txt_UDF3' is present

2020-12-22 16:59:36 - [MESSAGE][PASSED] - Text 'UDF Data 3' is set on object 'Object Repository/VLink/Page_CCSale/txt_UDF3'

2020-12-22 16:59:36 - [MESSAGE][PASSED] - Object 'Object Repository/VLink/Page_CCSale/txt_UDF4' is present

2020-12-22 16:59:37 - [MESSAGE][PASSED] - Text 'UDF Data 4' is set on object 'Object Repository/VLink/Page_CCSale/txt_UDF4'

2020-12-22 16:59:37 - [MESSAGE][PASSED] - Object 'Object Repository/VLink/Page_CCSale/txt_UDF5' is present

2020-12-22 16:59:38 - [MESSAGE][PASSED] - Text 'UDF Data 5' is set on object 'Object Repository/VLink/Page_CCSale/txt_UDF5'

2020-12-22 16:59:38 - [MESSAGE][PASSED] - Object 'Object Repository/VLink/Page_CCSale/txt_UDF6' is present

2020-12-22 16:59:39 - [MESSAGE][PASSED] - Text 'UDF Data 6' is set on object 'Object Repository/VLink/Page_CCSale/txt_UDF6'

2020-12-22 16:59:39 - [MESSAGE][PASSED] - Object 'Object Repository/VLink/Page_CCSale/txt_UDF7' is present

2020-12-22 16:59:39 - [MESSAGE][PASSED] - Text 'UDF Data 7' is set on object 'Object Repository/VLink/Page_CCSale/txt_UDF7'

2020-12-22 16:59:40 - [MESSAGE][PASSED] - Object 'Object Repository/VLink/Page_CCSale/txt_UDF8' is present

2020-12-22 16:59:40 - [MESSAGE][PASSED] - Text 'UDF Data 8' is set on object 'Object Repository/VLink/Page_CCSale/txt_UDF8'

2020-12-22 16:59:41 - [MESSAGE][PASSED] - Object 'Object Repository/VLink/Page_CCSale/txt_UDF9' is present

2020-12-22 16:59:41 - [MESSAGE][PASSED] - Text 'UDF Data 9' is set on object 'Object Repository/VLink/Page_CCSale/txt_UDF9'

2020-12-22 16:59:42 - [MESSAGE][PASSED] - Object 'Object Repository/VLink/Page_CCSale/txt_UDF10' is present

2020-12-22 16:59:42 - [MESSAGE][PASSED] - Text 'UDF Data 10' is set on object 'Object Repository/VLink/Page_CCSale/txt_UDF10'

2020-12-22 16:59:43 - [MESSAGE][PASSED] - Object 'Object Repository/VLink/Page_CCSale/txt_CardOnFileIndicator' is present

2020-12-22 16:59:43 - [MESSAGE][PASSED] - Text '' is set on object 'Object Repository/VLink/Page_CCSale/txt_CardOnFileIndicator'

2020-12-22 16:59:44 - [MESSAGE][PASSED] - Object 'Object Repository/VLink/Page_CCSale/txt_StoredCredentialIndicator' is present

2020-12-22 16:59:44 - [MESSAGE][PASSED] - Text '' is set on object 'Object Repository/VLink/Page_CCSale/txt_StoredCredentialIndicator'

2020-12-22 16:59:45 - [MESSAGE][PASSED] - Object 'Object Repository/VLink/Page_CCSale/txt_COFScheduledIndicator' is present

2020-12-22 16:59:45 - [MESSAGE][PASSED] - Text '' is set on object 'Object Repository/VLink/Page_CCSale/txt_COFScheduledIndicator'

2020-12-22 16:59:46 - [MESSAGE][PASSED] - Object 'Object Repository/VLink/Page_CCSale/txt_COFTransactionInitiatedBy' is present

2020-12-22 16:59:46 - [MESSAGE][PASSED] - Text '' is set on object 'Object Repository/VLink/Page_CCSale/txt_COFTransactionInitiatedBy'

2020-12-22 16:59:49 - [MESSAGE][PASSED] - Object: 'Object Repository/VLink/Page_CCSale/btn_ProcessVLinkTransaction' is clicked on

2020-12-22 16:59:54 - [MESSAGE][PASSED] - vlinkPages.saleCCPage.setDataSCC is PASSED

2020-12-22 16:59:54 - [TEST_STEP][PASSED] - if (verifyTextPresent("Transaction approved, no errors", true)): null

2020-12-22 16:59:54 - [MESSAGE][PASSED] - Text 'Transaction approved, no errors' is present on page  using regular expression

2020-12-22 16:59:54 - [TEST_STEP][PASSED] - println("Transaction Approved, no errors text is present on the Confirmation page"): null

2020-12-22 16:59:54 - [TEST_STEP][PASSED] - out.println("Pass Record Number: " + row): null

2020-12-22 16:59:54 - [TEST_STEP][PASSED] - sdfo = getText(findTestObject("Object Repository/Page_VLinkReceipt/pre_STX")): Text of object 'Object Repository/Page_VLinkReceipt/pre_STX' is: '<STX>lQADHN4FELND                  12087904            0  Transaction approved, no errors                   0                                                                                  XXOK7970   <ETX>'

2020-12-22 16:59:55 - [MESSAGE][PASSED] - Text of object 'Object Repository/Page_VLinkReceipt/pre_STX' is: '<STX>lQADHN4FELND                  12087904            0  Transaction approved, no errors                   0                                                                                  XXOK7970   <ETX>'

2020-12-22 16:59:55 - [TEST_STEP][PASSED] - out.println("sdfo: " + sdfo): null

2020-12-22 16:59:55 - [TEST_STEP][PASSED] - remID = substring(5, 35).trim(): null

2020-12-22 16:59:55 - [TEST_STEP][PASSED] - out.println("Remittance ID: " + remID): null

2020-12-22 16:59:55 - [TEST_STEP][PASSED] - traxID = substring(35, 55).trim(): null

2020-12-22 16:59:55 - [TEST_STEP][PASSED] - out.println("Transaction ID: " + traxID): null

2020-12-22 16:59:55 - [TEST_STEP][PASSED] - out.println("End Record Number: " + row): null

2020-12-22 16:59:55 - [TEST_STEP][PASSED] - closeBrowser(): Browser is closed

2020-12-22 16:59:55 - [MESSAGE][PASSED] - Browser is closed

2020-12-22 16:59:55 - [TEST_STEP][PASSED] - out.println("Begin Record Number: " + row): null

2020-12-22 16:59:55 - [TEST_STEP][PASSED] - openBrowser(VLinkURL + "authcap.html"): Browser is opened with url: 'https://dev-algorithm.govolution.com/vlinktest/QA/version_2_0/authcap.html'

2020-12-22 16:59:55 - [MESSAGE][INFO] - Starting 'Chrome' driver

2020-12-22 16:59:56 - [MESSAGE][INFO] - User set preference: ['acceptInsecureCerts', 'true']

2020-12-22 16:59:56 - [MESSAGE][INFO] - Action delay is set to 0 milliseconds

2020-12-22 16:59:59 - [MESSAGE][PASSED] - Browser is opened with url: 'https://dev-algorithm.govolution.com/vlinktest/QA/version_2_0/authcap.html'

2020-12-22 16:59:59 - [TEST_STEP][PASSED] - maximizeWindow(): Current window maximized

2020-12-22 16:59:59 - [MESSAGE][PASSED] - Current window maximized

2020-12-22 16:59:59 - [TEST_STEP][PASSED] - vlinkPages.saleCCPage.setDataSCC(row, dataFile): vlinkPages.saleCCPage.setDataSCC is PASSED

2020-12-22 17:00:01 - [MESSAGE][PASSED] - Object 'Object Repository/VLink/Page_CCSale/txt_CardNumber' is present

2020-12-22 17:00:01 - [MESSAGE][PASSED] - Object 'Object Repository/VLink/Page_CCSale/txt_TransactionType' is present

2020-12-22 17:00:02 - [MESSAGE][PASSED] - Text '104' is set on object 'Object Repository/VLink/Page_CCSale/txt_TransactionType'

2020-12-22 17:00:02 - [MESSAGE][PASSED] - Object 'Object Repository/VLink/Page_CCSale/txt_MessageVersion' is present

2020-12-22 17:00:03 - [MESSAGE][PASSED] - Text '2.0C' is set on object 'Object Repository/VLink/Page_CCSale/txt_MessageVersion'

2020-12-22 17:00:03 - [MESSAGE][PASSED] - Object 'Object Repository/VLink/Page_CCSale/txt_RemID' is present

2020-12-22 17:00:03 - [MESSAGE][PASSED] - Text '0Sw7nKSsbPCz' is set on object 'Object Repository/VLink/Page_CCSale/txt_RemID'

2020-12-22 17:00:04 - [MESSAGE][PASSED] - Object 'Object Repository/VLink/Page_CCSale/txt_ApplicationId' is present

2020-12-22 17:00:04 - [MESSAGE][PASSED] - Text '672' is set on object 'Object Repository/VLink/Page_CCSale/txt_ApplicationId'

2020-12-22 17:00:05 - [MESSAGE][PASSED] - Object 'Object Repository/VLink/Page_CCSale/txt_Username' is present

2020-12-22 17:00:05 - [MESSAGE][PASSED] - Text 'username' is set on object 'Object Repository/VLink/Page_CCSale/txt_Username'

2020-12-22 17:00:05 - [MESSAGE][PASSED] - Object 'Object Repository/VLink/Page_CCSale/txt_Password' is present

2020-12-22 17:00:06 - [MESSAGE][PASSED] - Text 'password' is set on object 'Object Repository/VLink/Page_CCSale/txt_Password'

2020-12-22 17:00:06 - [MESSAGE][PASSED] - Object 'Object Repository/VLink/Page_CCSale/txt_ResponseFormat' is present

2020-12-22 17:00:07 - [MESSAGE][PASSED] - Text 'fixed_width' is set on object 'Object Repository/VLink/Page_CCSale/txt_ResponseFormat'

2020-12-22 17:00:07 - [MESSAGE][PASSED] - Object 'Object Repository/VLink/Page_CCSale/txt_Category' is present

2020-12-22 17:00:08 - [MESSAGE][PASSED] - Text 'ECOM' is set on object 'Object Repository/VLink/Page_CCSale/txt_Category'

2020-12-22 17:00:08 - [MESSAGE][PASSED] - Object 'Object Repository/VLink/Page_CCSale/txt_TransactionID' is present

2020-12-22 17:00:09 - [MESSAGE][PASSED] - Text '' is set on object 'Object Repository/VLink/Page_CCSale/txt_TransactionID'

2020-12-22 17:00:09 - [MESSAGE][PASSED] - Object 'Object Repository/VLink/Page_CCSale/txt_ApprovalCode' is present

2020-12-22 17:00:10 - [MESSAGE][PASSED] - Text '' is set on object 'Object Repository/VLink/Page_CCSale/txt_ApprovalCode'

2020-12-22 17:00:10 - [MESSAGE][PASSED] - Object 'Object Repository/VLink/Page_CCSale/txt_CardName' is present

2020-12-22 17:00:11 - [MESSAGE][PASSED] - Text 'Arvind Silva' is set on object 'Object Repository/VLink/Page_CCSale/txt_CardName'

2020-12-22 17:00:11 - [MESSAGE][PASSED] - Object 'Object Repository/VLink/Page_CCSale/txt_AL1' is present

2020-12-22 17:00:12 - [MESSAGE][PASSED] - Text '111 Main Ave' is set on object 'Object Repository/VLink/Page_CCSale/txt_AL1'

2020-12-22 17:00:12 - [MESSAGE][PASSED] - Object 'Object Repository/VLink/Page_CCSale/txt_AL2' is present

2020-12-22 17:00:13 - [MESSAGE][PASSED] - Text '' is set on object 'Object Repository/VLink/Page_CCSale/txt_AL2'

2020-12-22 17:00:13 - [MESSAGE][PASSED] - Object 'Object Repository/VLink/Page_CCSale/txt_CardCity' is present

2020-12-22 17:00:14 - [MESSAGE][PASSED] - Text 'Arlington' is set on object 'Object Repository/VLink/Page_CCSale/txt_CardCity'

2020-12-22 17:00:14 - [MESSAGE][PASSED] - Object 'Object Repository/VLink/Page_CCSale/txt_CardState' is present

2020-12-22 17:00:15 - [MESSAGE][PASSED] - Text 'VA' is set on object 'Object Repository/VLink/Page_CCSale/txt_CardState'

2020-12-22 17:00:15 - [MESSAGE][PASSED] - Object 'Object Repository/VLink/Page_CCSale/txt_CardZIP' is present

2020-12-22 17:00:16 - [MESSAGE][PASSED] - Text '22201' is set on object 'Object Repository/VLink/Page_CCSale/txt_CardZIP'

2020-12-22 17:00:16 - [MESSAGE][PASSED] - Object 'Object Repository/VLink/Page_CCSale/txt_CountryID' is present

2020-12-22 17:00:17 - [MESSAGE][PASSED] - Text '' is set on object 'Object Repository/VLink/Page_CCSale/txt_CountryID'

2020-12-22 17:00:17 - [MESSAGE][PASSED] - Object 'Object Repository/VLink/Page_CCSale/txt_Amount' is present

2020-12-22 17:00:18 - [MESSAGE][PASSED] - Text '2.50' is set on object 'Object Repository/VLink/Page_CCSale/txt_Amount'

2020-12-22 17:00:18 - [MESSAGE][PASSED] - Object 'Object Repository/VLink/Page_CCSale/txt_CardNumber' is present

2020-12-22 17:00:18 - [MESSAGE][PASSED] - Text '4111111111111111' is set on object 'Object Repository/VLink/Page_CCSale/txt_CardNumber'

2020-12-22 17:00:19 - [MESSAGE][PASSED] - Object 'Object Repository/VLink/Page_CCSale/txt_ExpMonth' is present

2020-12-22 17:00:19 - [MESSAGE][PASSED] - Text '01' is set on object 'Object Repository/VLink/Page_CCSale/txt_ExpMonth'

2020-12-22 17:00:20 - [MESSAGE][PASSED] - Object 'Object Repository/VLink/Page_CCSale/txt_ExpYear' is present

2020-12-22 17:00:20 - [MESSAGE][PASSED] - Text '2026' is set on object 'Object Repository/VLink/Page_CCSale/txt_ExpYear'

2020-12-22 17:00:21 - [MESSAGE][PASSED] - Object 'Object Repository/VLink/Page_CCSale/txt_CVV' is present

2020-12-22 17:00:21 - [MESSAGE][PASSED] - Text '' is set on object 'Object Repository/VLink/Page_CCSale/txt_CVV'

2020-12-22 17:00:22 - [MESSAGE][PASSED] - Object 'Object Repository/VLink/Page_CCSale/txt_CVVstate' is present

2020-12-22 17:00:22 - [MESSAGE][PASSED] - Text '' is set on object 'Object Repository/VLink/Page_CCSale/txt_CVVstate'

2020-12-22 17:00:23 - [MESSAGE][PASSED] - Object 'Object Repository/VLink/Page_CCSale/txt_TrackData' is present

2020-12-22 17:00:23 - [MESSAGE][PASSED] - Text '' is set on object 'Object Repository/VLink/Page_CCSale/txt_TrackData'

2020-12-22 17:00:24 - [MESSAGE][PASSED] - Object 'Object Repository/VLink/Page_CCSale/txt_Track1Data' is present

2020-12-22 17:00:24 - [MESSAGE][PASSED] - Text '' is set on object 'Object Repository/VLink/Page_CCSale/txt_Track1Data'

2020-12-22 17:00:25 - [MESSAGE][PASSED] - Object 'Object Repository/VLink/Page_CCSale/txt_Track2Data' is present

2020-12-22 17:00:25 - [MESSAGE][PASSED] - Text '' is set on object 'Object Repository/VLink/Page_CCSale/txt_Track2Data'

2020-12-22 17:00:26 - [MESSAGE][PASSED] - Object 'Object Repository/VLink/Page_CCSale/txt_POSEntryMode' is present

2020-12-22 17:00:26 - [MESSAGE][PASSED] - Text 'manual' is set on object 'Object Repository/VLink/Page_CCSale/txt_POSEntryMode'

2020-12-22 17:00:27 - [MESSAGE][PASSED] - Object 'Object Repository/VLink/Page_CCSale/txt_Email' is present

2020-12-22 17:00:27 - [MESSAGE][PASSED] - Text '' is set on object 'Object Repository/VLink/Page_CCSale/txt_Email'

2020-12-22 17:00:27 - [MESSAGE][PASSED] - Object 'Object Repository/VLink/Page_CCSale/txt_OrderNumber' is present

2020-12-22 17:00:28 - [MESSAGE][PASSED] - Text '' is set on object 'Object Repository/VLink/Page_CCSale/txt_OrderNumber'

2020-12-22 17:00:28 - [MESSAGE][PASSED] - Object 'Object Repository/VLink/Page_CCSale/txt_TaxAmount' is present

2020-12-22 17:00:29 - [MESSAGE][PASSED] - Text '' is set on object 'Object Repository/VLink/Page_CCSale/txt_TaxAmount'

2020-12-22 17:00:29 - [MESSAGE][PASSED] - Object 'Object Repository/VLink/Page_CCSale/txt_ChargeDescription' is present

2020-12-22 17:00:30 - [MESSAGE][PASSED] - Text '' is set on object 'Object Repository/VLink/Page_CCSale/txt_ChargeDescription'

2020-12-22 17:00:30 - [MESSAGE][PASSED] - Object 'Object Repository/VLink/Page_CCSale/txt_CAN' is present

2020-12-22 17:00:31 - [MESSAGE][PASSED] - Text '' is set on object 'Object Repository/VLink/Page_CCSale/txt_CAN'

2020-12-22 17:00:31 - [MESSAGE][PASSED] - Object 'Object Repository/VLink/Page_CCSale/txt_BillPaymentIndicator' is present

2020-12-22 17:00:32 - [MESSAGE][PASSED] - Text '' is set on object 'Object Repository/VLink/Page_CCSale/txt_BillPaymentIndicator'

2020-12-22 17:00:32 - [MESSAGE][PASSED] - Object 'Object Repository/VLink/Page_CCSale/txt_UDF1' is present

2020-12-22 17:00:33 - [MESSAGE][PASSED] - Text '' is set on object 'Object Repository/VLink/Page_CCSale/txt_UDF1'

2020-12-22 17:00:33 - [MESSAGE][PASSED] - Object 'Object Repository/VLink/Page_CCSale/txt_UDF2' is present

2020-12-22 17:00:34 - [MESSAGE][PASSED] - Text '' is set on object 'Object Repository/VLink/Page_CCSale/txt_UDF2'

2020-12-22 17:00:34 - [MESSAGE][PASSED] - Object 'Object Repository/VLink/Page_CCSale/txt_UDF3' is present

2020-12-22 17:00:35 - [MESSAGE][PASSED] - Text '' is set on object 'Object Repository/VLink/Page_CCSale/txt_UDF3'

2020-12-22 17:00:35 - [MESSAGE][PASSED] - Object 'Object Repository/VLink/Page_CCSale/txt_UDF4' is present

2020-12-22 17:00:36 - [MESSAGE][PASSED] - Text '' is set on object 'Object Repository/VLink/Page_CCSale/txt_UDF4'

2020-12-22 17:00:36 - [MESSAGE][PASSED] - Object 'Object Repository/VLink/Page_CCSale/txt_UDF5' is present

2020-12-22 17:00:37 - [MESSAGE][PASSED] - Text '' is set on object 'Object Repository/VLink/Page_CCSale/txt_UDF5'

2020-12-22 17:00:37 - [MESSAGE][PASSED] - Object 'Object Repository/VLink/Page_CCSale/txt_UDF6' is present

2020-12-22 17:00:38 - [MESSAGE][PASSED] - Text '' is set on object 'Object Repository/VLink/Page_CCSale/txt_UDF6'

2020-12-22 17:00:38 - [MESSAGE][PASSED] - Object 'Object Repository/VLink/Page_CCSale/txt_UDF7' is present

2020-12-22 17:00:39 - [MESSAGE][PASSED] - Text '' is set on object 'Object Repository/VLink/Page_CCSale/txt_UDF7'

2020-12-22 17:00:39 - [MESSAGE][PASSED] - Object 'Object Repository/VLink/Page_CCSale/txt_UDF8' is present

2020-12-22 17:00:40 - [MESSAGE][PASSED] - Text '' is set on object 'Object Repository/VLink/Page_CCSale/txt_UDF8'

2020-12-22 17:00:40 - [MESSAGE][PASSED] - Object 'Object Repository/VLink/Page_CCSale/txt_UDF9' is present

2020-12-22 17:00:41 - [MESSAGE][PASSED] - Text '' is set on object 'Object Repository/VLink/Page_CCSale/txt_UDF9'

2020-12-22 17:00:41 - [MESSAGE][PASSED] - Object 'Object Repository/VLink/Page_CCSale/txt_UDF10' is present

2020-12-22 17:00:42 - [MESSAGE][PASSED] - Text '' is set on object 'Object Repository/VLink/Page_CCSale/txt_UDF10'

2020-12-22 17:00:42 - [MESSAGE][PASSED] - Object 'Object Repository/VLink/Page_CCSale/txt_CardOnFileIndicator' is present

2020-12-22 17:00:43 - [MESSAGE][PASSED] - Text '' is set on object 'Object Repository/VLink/Page_CCSale/txt_CardOnFileIndicator'

2020-12-22 17:00:43 - [MESSAGE][PASSED] - Object 'Object Repository/VLink/Page_CCSale/txt_StoredCredentialIndicator' is present

2020-12-22 17:00:44 - [MESSAGE][PASSED] - Text '' is set on object 'Object Repository/VLink/Page_CCSale/txt_StoredCredentialIndicator'

2020-12-22 17:00:44 - [MESSAGE][PASSED] - Object 'Object Repository/VLink/Page_CCSale/txt_COFScheduledIndicator' is present

2020-12-22 17:00:45 - [MESSAGE][PASSED] - Text '' is set on object 'Object Repository/VLink/Page_CCSale/txt_COFScheduledIndicator'

2020-12-22 17:00:45 - [MESSAGE][PASSED] - Object 'Object Repository/VLink/Page_CCSale/txt_COFTransactionInitiatedBy' is present

2020-12-22 17:00:46 - [MESSAGE][PASSED] - Text '' is set on object 'Object Repository/VLink/Page_CCSale/txt_COFTransactionInitiatedBy'

2020-12-22 17:00:48 - [MESSAGE][PASSED] - Object: 'Object Repository/VLink/Page_CCSale/btn_ProcessVLinkTransaction' is clicked on

2020-12-22 17:00:53 - [MESSAGE][PASSED] - vlinkPages.saleCCPage.setDataSCC is PASSED

2020-12-22 17:00:53 - [TEST_STEP][PASSED] - if (verifyTextPresent("Transaction approved, no errors", true)): null

2020-12-22 17:00:54 - [MESSAGE][PASSED] - Text 'Transaction approved, no errors' is present on page  using regular expression

2020-12-22 17:00:54 - [TEST_STEP][PASSED] - println("Transaction Approved, no errors text is present on the Confirmation page"): null

2020-12-22 17:00:54 - [TEST_STEP][PASSED] - out.println("Pass Record Number: " + row): null

2020-12-22 17:00:54 - [TEST_STEP][PASSED] - sdfo = getText(findTestObject("Object Repository/Page_VLinkReceipt/pre_STX")): Text of object 'Object Repository/Page_VLinkReceipt/pre_STX' is: '<STX>0Sw7nKSsbPCz                  12087905            0  Transaction approved, no errors                   0                                                                                  XXOK8130   <ETX>'

2020-12-22 17:00:54 - [MESSAGE][PASSED] - Text of object 'Object Repository/Page_VLinkReceipt/pre_STX' is: '<STX>0Sw7nKSsbPCz                  12087905            0  Transaction approved, no errors                   0                                                                                  XXOK8130   <ETX>'

2020-12-22 17:00:54 - [TEST_STEP][PASSED] - out.println("sdfo: " + sdfo): null

2020-12-22 17:00:54 - [TEST_STEP][PASSED] - remID = substring(5, 35).trim(): null

2020-12-22 17:00:54 - [TEST_STEP][PASSED] - out.println("Remittance ID: " + remID): null

2020-12-22 17:00:54 - [TEST_STEP][PASSED] - traxID = substring(35, 55).trim(): null

2020-12-22 17:00:54 - [TEST_STEP][PASSED] - out.println("Transaction ID: " + traxID): null

2020-12-22 17:00:54 - [TEST_STEP][PASSED] - out.println("End Record Number: " + row): null

2020-12-22 17:00:54 - [TEST_STEP][PASSED] - closeBrowser(): Browser is closed

2020-12-22 17:00:55 - [MESSAGE][PASSED] - Browser is closed

2020-12-22 17:00:55 - [TEST_STEP][PASSED] - out.println("Begin Record Number: " + row): null

2020-12-22 17:00:55 - [TEST_STEP][PASSED] - openBrowser(VLinkURL + "authcap.html"): Browser is opened with url: 'https://dev-algorithm.govolution.com/vlinktest/QA/version_2_0/authcap.html'

2020-12-22 17:00:55 - [MESSAGE][INFO] - Starting 'Chrome' driver

2020-12-22 17:00:55 - [MESSAGE][INFO] - User set preference: ['acceptInsecureCerts', 'true']

2020-12-22 17:00:55 - [MESSAGE][INFO] - Action delay is set to 0 milliseconds

2020-12-22 17:00:59 - [MESSAGE][PASSED] - Browser is opened with url: 'https://dev-algorithm.govolution.com/vlinktest/QA/version_2_0/authcap.html'

2020-12-22 17:00:59 - [TEST_STEP][PASSED] - maximizeWindow(): Current window maximized

2020-12-22 17:00:59 - [MESSAGE][PASSED] - Current window maximized

2020-12-22 17:00:59 - [TEST_STEP][PASSED] - vlinkPages.saleCCPage.setDataSCC(row, dataFile): vlinkPages.saleCCPage.setDataSCC is PASSED

2020-12-22 17:01:01 - [MESSAGE][PASSED] - Object 'Object Repository/VLink/Page_CCSale/txt_CardNumber' is present

2020-12-22 17:01:01 - [MESSAGE][PASSED] - Object 'Object Repository/VLink/Page_CCSale/txt_TransactionType' is present

2020-12-22 17:01:02 - [MESSAGE][PASSED] - Text '104' is set on object 'Object Repository/VLink/Page_CCSale/txt_TransactionType'

2020-12-22 17:01:02 - [MESSAGE][PASSED] - Object 'Object Repository/VLink/Page_CCSale/txt_MessageVersion' is present

2020-12-22 17:01:02 - [MESSAGE][PASSED] - Text '2.0C' is set on object 'Object Repository/VLink/Page_CCSale/txt_MessageVersion'

2020-12-22 17:01:03 - [MESSAGE][PASSED] - Object 'Object Repository/VLink/Page_CCSale/txt_RemID' is present

2020-12-22 17:01:03 - [MESSAGE][PASSED] - Text '70yEXvPP0J2f' is set on object 'Object Repository/VLink/Page_CCSale/txt_RemID'

2020-12-22 17:01:04 - [MESSAGE][PASSED] - Object 'Object Repository/VLink/Page_CCSale/txt_ApplicationId' is present

2020-12-22 17:01:04 - [MESSAGE][PASSED] - Text '677' is set on object 'Object Repository/VLink/Page_CCSale/txt_ApplicationId'

2020-12-22 17:01:04 - [MESSAGE][PASSED] - Object 'Object Repository/VLink/Page_CCSale/txt_Username' is present

2020-12-22 17:01:05 - [MESSAGE][PASSED] - Text 'username' is set on object 'Object Repository/VLink/Page_CCSale/txt_Username'

2020-12-22 17:01:05 - [MESSAGE][PASSED] - Object 'Object Repository/VLink/Page_CCSale/txt_Password' is present

2020-12-22 17:01:06 - [MESSAGE][PASSED] - Text 'password' is set on object 'Object Repository/VLink/Page_CCSale/txt_Password'

2020-12-22 17:01:06 - [MESSAGE][PASSED] - Object 'Object Repository/VLink/Page_CCSale/txt_ResponseFormat' is present

2020-12-22 17:01:07 - [MESSAGE][PASSED] - Text 'fixed_width' is set on object 'Object Repository/VLink/Page_CCSale/txt_ResponseFormat'

2020-12-22 17:01:07 - [MESSAGE][PASSED] - Object 'Object Repository/VLink/Page_CCSale/txt_Category' is present

2020-12-22 17:01:08 - [MESSAGE][PASSED] - Text 'ECOM' is set on object 'Object Repository/VLink/Page_CCSale/txt_Category'

2020-12-22 17:01:08 - [MESSAGE][PASSED] - Object 'Object Repository/VLink/Page_CCSale/txt_TransactionID' is present

2020-12-22 17:01:09 - [MESSAGE][PASSED] - Text '' is set on object 'Object Repository/VLink/Page_CCSale/txt_TransactionID'

2020-12-22 17:01:09 - [MESSAGE][PASSED] - Object 'Object Repository/VLink/Page_CCSale/txt_ApprovalCode' is present

2020-12-22 17:01:09 - [MESSAGE][PASSED] - Text '' is set on object 'Object Repository/VLink/Page_CCSale/txt_ApprovalCode'

2020-12-22 17:01:10 - [MESSAGE][PASSED] - Object 'Object Repository/VLink/Page_CCSale/txt_CardName' is present

2020-12-22 17:01:10 - [MESSAGE][PASSED] - Text 'Roshan Maha' is set on object 'Object Repository/VLink/Page_CCSale/txt_CardName'

2020-12-22 17:01:11 - [MESSAGE][PASSED] - Object 'Object Repository/VLink/Page_CCSale/txt_AL1' is present

2020-12-22 17:01:11 - [MESSAGE][PASSED] - Text '12563 Bazaar road' is set on object 'Object Repository/VLink/Page_CCSale/txt_AL1'

2020-12-22 17:01:12 - [MESSAGE][PASSED] - Object 'Object Repository/VLink/Page_CCSale/txt_AL2' is present

2020-12-22 17:01:12 - [MESSAGE][PASSED] - Text '' is set on object 'Object Repository/VLink/Page_CCSale/txt_AL2'

2020-12-22 17:01:13 - [MESSAGE][PASSED] - Object 'Object Repository/VLink/Page_CCSale/txt_CardCity' is present

2020-12-22 17:01:13 - [MESSAGE][PASSED] - Text 'Crofton' is set on object 'Object Repository/VLink/Page_CCSale/txt_CardCity'

2020-12-22 17:01:14 - [MESSAGE][PASSED] - Object 'Object Repository/VLink/Page_CCSale/txt_CardState' is present

2020-12-22 17:01:14 - [MESSAGE][PASSED] - Text 'MD' is set on object 'Object Repository/VLink/Page_CCSale/txt_CardState'

2020-12-22 17:01:15 - [MESSAGE][PASSED] - Object 'Object Repository/VLink/Page_CCSale/txt_CardZIP' is present

2020-12-22 17:01:15 - [MESSAGE][PASSED] - Text '21114' is set on object 'Object Repository/VLink/Page_CCSale/txt_CardZIP'

2020-12-22 17:01:16 - [MESSAGE][PASSED] - Object 'Object Repository/VLink/Page_CCSale/txt_CountryID' is present

2020-12-22 17:01:16 - [MESSAGE][PASSED] - Text '' is set on object 'Object Repository/VLink/Page_CCSale/txt_CountryID'

2020-12-22 17:01:17 - [MESSAGE][PASSED] - Object 'Object Repository/VLink/Page_CCSale/txt_Amount' is present

2020-12-22 17:01:17 - [MESSAGE][PASSED] - Text '3.50' is set on object 'Object Repository/VLink/Page_CCSale/txt_Amount'

2020-12-22 17:01:18 - [MESSAGE][PASSED] - Object 'Object Repository/VLink/Page_CCSale/txt_CardNumber' is present

2020-12-22 17:01:18 - [MESSAGE][PASSED] - Text '4111111111111111' is set on object 'Object Repository/VLink/Page_CCSale/txt_CardNumber'

2020-12-22 17:01:19 - [MESSAGE][PASSED] - Object 'Object Repository/VLink/Page_CCSale/txt_ExpMonth' is present

2020-12-22 17:01:19 - [MESSAGE][PASSED] - Text '01' is set on object 'Object Repository/VLink/Page_CCSale/txt_ExpMonth'

2020-12-22 17:01:20 - [MESSAGE][PASSED] - Object 'Object Repository/VLink/Page_CCSale/txt_ExpYear' is present

2020-12-22 17:01:20 - [MESSAGE][PASSED] - Text '2026' is set on object 'Object Repository/VLink/Page_CCSale/txt_ExpYear'

2020-12-22 17:01:21 - [MESSAGE][PASSED] - Object 'Object Repository/VLink/Page_CCSale/txt_CVV' is present

2020-12-22 17:01:21 - [MESSAGE][PASSED] - Text '' is set on object 'Object Repository/VLink/Page_CCSale/txt_CVV'

2020-12-22 17:01:21 - [MESSAGE][PASSED] - Object 'Object Repository/VLink/Page_CCSale/txt_CVVstate' is present

2020-12-22 17:01:22 - [MESSAGE][PASSED] - Text '' is set on object 'Object Repository/VLink/Page_CCSale/txt_CVVstate'

2020-12-22 17:01:22 - [MESSAGE][PASSED] - Object 'Object Repository/VLink/Page_CCSale/txt_TrackData' is present

2020-12-22 17:01:23 - [MESSAGE][PASSED] - Text '' is set on object 'Object Repository/VLink/Page_CCSale/txt_TrackData'

2020-12-22 17:01:23 - [MESSAGE][PASSED] - Object 'Object Repository/VLink/Page_CCSale/txt_Track1Data' is present

2020-12-22 17:01:24 - [MESSAGE][PASSED] - Text '' is set on object 'Object Repository/VLink/Page_CCSale/txt_Track1Data'

2020-12-22 17:01:24 - [MESSAGE][PASSED] - Object 'Object Repository/VLink/Page_CCSale/txt_Track2Data' is present

2020-12-22 17:01:25 - [MESSAGE][PASSED] - Text '' is set on object 'Object Repository/VLink/Page_CCSale/txt_Track2Data'

2020-12-22 17:01:25 - [MESSAGE][PASSED] - Object 'Object Repository/VLink/Page_CCSale/txt_POSEntryMode' is present

2020-12-22 17:01:26 - [MESSAGE][PASSED] - Text 'manual' is set on object 'Object Repository/VLink/Page_CCSale/txt_POSEntryMode'

2020-12-22 17:01:26 - [MESSAGE][PASSED] - Object 'Object Repository/VLink/Page_CCSale/txt_Email' is present

2020-12-22 17:01:27 - [MESSAGE][PASSED] - Text '' is set on object 'Object Repository/VLink/Page_CCSale/txt_Email'

2020-12-22 17:01:27 - [MESSAGE][PASSED] - Object 'Object Repository/VLink/Page_CCSale/txt_OrderNumber' is present

2020-12-22 17:01:28 - [MESSAGE][PASSED] - Text '' is set on object 'Object Repository/VLink/Page_CCSale/txt_OrderNumber'

2020-12-22 17:01:28 - [MESSAGE][PASSED] - Object 'Object Repository/VLink/Page_CCSale/txt_TaxAmount' is present

2020-12-22 17:01:29 - [MESSAGE][PASSED] - Text '' is set on object 'Object Repository/VLink/Page_CCSale/txt_TaxAmount'

2020-12-22 17:01:29 - [MESSAGE][PASSED] - Object 'Object Repository/VLink/Page_CCSale/txt_ChargeDescription' is present

2020-12-22 17:01:30 - [MESSAGE][PASSED] - Text '' is set on object 'Object Repository/VLink/Page_CCSale/txt_ChargeDescription'

2020-12-22 17:01:30 - [MESSAGE][PASSED] - Object 'Object Repository/VLink/Page_CCSale/txt_CAN' is present

2020-12-22 17:01:31 - [MESSAGE][PASSED] - Text '' is set on object 'Object Repository/VLink/Page_CCSale/txt_CAN'

2020-12-22 17:01:31 - [MESSAGE][PASSED] - Object 'Object Repository/VLink/Page_CCSale/txt_BillPaymentIndicator' is present

2020-12-22 17:01:32 - [MESSAGE][PASSED] - Text '' is set on object 'Object Repository/VLink/Page_CCSale/txt_BillPaymentIndicator'

2020-12-22 17:01:32 - [MESSAGE][PASSED] - Object 'Object Repository/VLink/Page_CCSale/txt_UDF1' is present

2020-12-22 17:01:33 - [MESSAGE][PASSED] - Text '' is set on object 'Object Repository/VLink/Page_CCSale/txt_UDF1'

2020-12-22 17:01:33 - [MESSAGE][PASSED] - Object 'Object Repository/VLink/Page_CCSale/txt_UDF2' is present

2020-12-22 17:01:34 - [MESSAGE][PASSED] - Text '' is set on object 'Object Repository/VLink/Page_CCSale/txt_UDF2'

2020-12-22 17:01:34 - [MESSAGE][PASSED] - Object 'Object Repository/VLink/Page_CCSale/txt_UDF3' is present

2020-12-22 17:01:35 - [MESSAGE][PASSED] - Text '' is set on object 'Object Repository/VLink/Page_CCSale/txt_UDF3'

2020-12-22 17:01:35 - [MESSAGE][PASSED] - Object 'Object Repository/VLink/Page_CCSale/txt_UDF4' is present

2020-12-22 17:01:36 - [MESSAGE][PASSED] - Text '' is set on object 'Object Repository/VLink/Page_CCSale/txt_UDF4'

2020-12-22 17:01:36 - [MESSAGE][PASSED] - Object 'Object Repository/VLink/Page_CCSale/txt_UDF5' is present

2020-12-22 17:01:37 - [MESSAGE][PASSED] - Text '' is set on object 'Object Repository/VLink/Page_CCSale/txt_UDF5'

2020-12-22 17:01:37 - [MESSAGE][PASSED] - Object 'Object Repository/VLink/Page_CCSale/txt_UDF6' is present

2020-12-22 17:01:38 - [MESSAGE][PASSED] - Text '' is set on object 'Object Repository/VLink/Page_CCSale/txt_UDF6'

2020-12-22 17:01:38 - [MESSAGE][PASSED] - Object 'Object Repository/VLink/Page_CCSale/txt_UDF7' is present

2020-12-22 17:01:39 - [MESSAGE][PASSED] - Text '' is set on object 'Object Repository/VLink/Page_CCSale/txt_UDF7'

2020-12-22 17:01:39 - [MESSAGE][PASSED] - Object 'Object Repository/VLink/Page_CCSale/txt_UDF8' is present

2020-12-22 17:01:40 - [MESSAGE][PASSED] - Text '' is set on object 'Object Repository/VLink/Page_CCSale/txt_UDF8'

2020-12-22 17:01:40 - [MESSAGE][PASSED] - Object 'Object Repository/VLink/Page_CCSale/txt_UDF9' is present

2020-12-22 17:01:41 - [MESSAGE][PASSED] - Text '' is set on object 'Object Repository/VLink/Page_CCSale/txt_UDF9'

2020-12-22 17:01:41 - [MESSAGE][PASSED] - Object 'Object Repository/VLink/Page_CCSale/txt_UDF10' is present

2020-12-22 17:01:42 - [MESSAGE][PASSED] - Text '' is set on object 'Object Repository/VLink/Page_CCSale/txt_UDF10'

2020-12-22 17:01:42 - [MESSAGE][PASSED] - Object 'Object Repository/VLink/Page_CCSale/txt_CardOnFileIndicator' is present

2020-12-22 17:01:43 - [MESSAGE][PASSED] - Text '' is set on object 'Object Repository/VLink/Page_CCSale/txt_CardOnFileIndicator'

2020-12-22 17:01:43 - [MESSAGE][PASSED] - Object 'Object Repository/VLink/Page_CCSale/txt_StoredCredentialIndicator' is present

2020-12-22 17:01:44 - [MESSAGE][PASSED] - Text '' is set on object 'Object Repository/VLink/Page_CCSale/txt_StoredCredentialIndicator'

2020-12-22 17:01:44 - [MESSAGE][PASSED] - Object 'Object Repository/VLink/Page_CCSale/txt_COFScheduledIndicator' is present

2020-12-22 17:01:45 - [MESSAGE][PASSED] - Text '' is set on object 'Object Repository/VLink/Page_CCSale/txt_COFScheduledIndicator'

2020-12-22 17:01:45 - [MESSAGE][PASSED] - Object 'Object Repository/VLink/Page_CCSale/txt_COFTransactionInitiatedBy' is present

2020-12-22 17:01:46 - [MESSAGE][PASSED] - Text '' is set on object 'Object Repository/VLink/Page_CCSale/txt_COFTransactionInitiatedBy'

2020-12-22 17:01:48 - [MESSAGE][PASSED] - Object: 'Object Repository/VLink/Page_CCSale/btn_ProcessVLinkTransaction' is clicked on

2020-12-22 17:01:53 - [MESSAGE][PASSED] - vlinkPages.saleCCPage.setDataSCC is PASSED

2020-12-22 17:01:53 - [TEST_STEP][PASSED] - if (verifyTextPresent("Transaction approved, no errors", true)): null

2020-12-22 17:01:54 - [MESSAGE][PASSED] - Text 'Transaction approved, no errors' is present on page  using regular expression

2020-12-22 17:01:54 - [TEST_STEP][PASSED] - println("Transaction Approved, no errors text is present on the Confirmation page"): null

2020-12-22 17:01:54 - [TEST_STEP][PASSED] - out.println("Pass Record Number: " + row): null

2020-12-22 17:01:54 - [TEST_STEP][PASSED] - sdfo = getText(findTestObject("Object Repository/Page_VLinkReceipt/pre_STX")): Text of object 'Object Repository/Page_VLinkReceipt/pre_STX' is: '<STX>70yEXvPP0J2f                  12087906            0  Transaction approved, no errors                   0                                                                                  XXOK8440   <ETX>'

2020-12-22 17:01:54 - [MESSAGE][PASSED] - Text of object 'Object Repository/Page_VLinkReceipt/pre_STX' is: '<STX>70yEXvPP0J2f                  12087906            0  Transaction approved, no errors                   0                                                                                  XXOK8440   <ETX>'

2020-12-22 17:01:54 - [TEST_STEP][PASSED] - out.println("sdfo: " + sdfo): null

2020-12-22 17:01:54 - [TEST_STEP][PASSED] - remID = substring(5, 35).trim(): null

2020-12-22 17:01:54 - [TEST_STEP][PASSED] - out.println("Remittance ID: " + remID): null

2020-12-22 17:01:54 - [TEST_STEP][PASSED] - traxID = substring(35, 55).trim(): null

2020-12-22 17:01:54 - [TEST_STEP][PASSED] - out.println("Transaction ID: " + traxID): null

2020-12-22 17:01:54 - [TEST_STEP][PASSED] - out.println("End Record Number: " + row): null

2020-12-22 17:01:54 - [TEST_STEP][PASSED] - closeBrowser(): Browser is closed

2020-12-22 17:01:55 - [MESSAGE][PASSED] - Browser is closed

2020-12-22 17:01:55 - [TEST_STEP][PASSED] - out.println("Begin Record Number: " + row): null

2020-12-22 17:01:55 - [TEST_STEP][PASSED] - openBrowser(VLinkURL + "authcap.html"): Browser is opened with url: 'https://dev-algorithm.govolution.com/vlinktest/QA/version_2_0/authcap.html'

2020-12-22 17:01:55 - [MESSAGE][INFO] - Starting 'Chrome' driver

2020-12-22 17:01:55 - [MESSAGE][INFO] - User set preference: ['acceptInsecureCerts', 'true']

2020-12-22 17:01:55 - [MESSAGE][INFO] - Action delay is set to 0 milliseconds

2020-12-22 17:01:59 - [MESSAGE][PASSED] - Browser is opened with url: 'https://dev-algorithm.govolution.com/vlinktest/QA/version_2_0/authcap.html'

2020-12-22 17:01:59 - [TEST_STEP][PASSED] - maximizeWindow(): Current window maximized

2020-12-22 17:01:59 - [MESSAGE][PASSED] - Current window maximized

2020-12-22 17:01:59 - [TEST_STEP][PASSED] - vlinkPages.saleCCPage.setDataSCC(row, dataFile): vlinkPages.saleCCPage.setDataSCC is PASSED

2020-12-22 17:02:01 - [MESSAGE][PASSED] - Object 'Object Repository/VLink/Page_CCSale/txt_CardNumber' is present

2020-12-22 17:02:01 - [MESSAGE][PASSED] - Object 'Object Repository/VLink/Page_CCSale/txt_TransactionType' is present

2020-12-22 17:02:02 - [MESSAGE][PASSED] - Text '104' is set on object 'Object Repository/VLink/Page_CCSale/txt_TransactionType'

2020-12-22 17:02:02 - [MESSAGE][PASSED] - Object 'Object Repository/VLink/Page_CCSale/txt_MessageVersion' is present

2020-12-22 17:02:02 - [MESSAGE][PASSED] - Text '2.0C' is set on object 'Object Repository/VLink/Page_CCSale/txt_MessageVersion'

2020-12-22 17:02:03 - [MESSAGE][PASSED] - Object 'Object Repository/VLink/Page_CCSale/txt_RemID' is present

2020-12-22 17:02:03 - [MESSAGE][PASSED] - Text 'MerizI98FVvj' is set on object 'Object Repository/VLink/Page_CCSale/txt_RemID'

2020-12-22 17:02:04 - [MESSAGE][PASSED] - Object 'Object Repository/VLink/Page_CCSale/txt_ApplicationId' is present

2020-12-22 17:02:04 - [MESSAGE][PASSED] - Text '665' is set on object 'Object Repository/VLink/Page_CCSale/txt_ApplicationId'

2020-12-22 17:02:04 - [MESSAGE][PASSED] - Object 'Object Repository/VLink/Page_CCSale/txt_Username' is present

2020-12-22 17:02:05 - [MESSAGE][PASSED] - Text 'username' is set on object 'Object Repository/VLink/Page_CCSale/txt_Username'

2020-12-22 17:02:05 - [MESSAGE][PASSED] - Object 'Object Repository/VLink/Page_CCSale/txt_Password' is present

2020-12-22 17:02:06 - [MESSAGE][PASSED] - Text 'password' is set on object 'Object Repository/VLink/Page_CCSale/txt_Password'

2020-12-22 17:02:06 - [MESSAGE][PASSED] - Object 'Object Repository/VLink/Page_CCSale/txt_ResponseFormat' is present

2020-12-22 17:02:07 - [MESSAGE][PASSED] - Text 'fixed_width' is set on object 'Object Repository/VLink/Page_CCSale/txt_ResponseFormat'

2020-12-22 17:02:07 - [MESSAGE][PASSED] - Object 'Object Repository/VLink/Page_CCSale/txt_Category' is present

2020-12-22 17:02:08 - [MESSAGE][PASSED] - Text 'ECOM' is set on object 'Object Repository/VLink/Page_CCSale/txt_Category'

2020-12-22 17:02:08 - [MESSAGE][PASSED] - Object 'Object Repository/VLink/Page_CCSale/txt_TransactionID' is present

2020-12-22 17:02:09 - [MESSAGE][PASSED] - Text '' is set on object 'Object Repository/VLink/Page_CCSale/txt_TransactionID'

2020-12-22 17:02:09 - [MESSAGE][PASSED] - Object 'Object Repository/VLink/Page_CCSale/txt_ApprovalCode' is present

2020-12-22 17:02:10 - [MESSAGE][PASSED] - Text '' is set on object 'Object Repository/VLink/Page_CCSale/txt_ApprovalCode'

2020-12-22 17:02:10 - [MESSAGE][PASSED] - Object 'Object Repository/VLink/Page_CCSale/txt_CardName' is present

2020-12-22 17:02:11 - [MESSAGE][PASSED] - Text 'Kris Roshan' is set on object 'Object Repository/VLink/Page_CCSale/txt_CardName'

2020-12-22 17:02:11 - [MESSAGE][PASSED] - Object 'Object Repository/VLink/Page_CCSale/txt_AL1' is present

2020-12-22 17:02:12 - [MESSAGE][PASSED] - Text '258 Elm Road' is set on object 'Object Repository/VLink/Page_CCSale/txt_AL1'

2020-12-22 17:02:12 - [MESSAGE][PASSED] - Object 'Object Repository/VLink/Page_CCSale/txt_AL2' is present

2020-12-22 17:02:13 - [MESSAGE][PASSED] - Text 'Suite 56' is set on object 'Object Repository/VLink/Page_CCSale/txt_AL2'

2020-12-22 17:02:13 - [MESSAGE][PASSED] - Object 'Object Repository/VLink/Page_CCSale/txt_CardCity' is present

2020-12-22 17:02:14 - [MESSAGE][PASSED] - Text 'Arlington' is set on object 'Object Repository/VLink/Page_CCSale/txt_CardCity'

2020-12-22 17:02:14 - [MESSAGE][PASSED] - Object 'Object Repository/VLink/Page_CCSale/txt_CardState' is present

2020-12-22 17:02:15 - [MESSAGE][PASSED] - Text 'VA' is set on object 'Object Repository/VLink/Page_CCSale/txt_CardState'

2020-12-22 17:02:15 - [MESSAGE][PASSED] - Object 'Object Repository/VLink/Page_CCSale/txt_CardZIP' is present

2020-12-22 17:02:16 - [MESSAGE][PASSED] - Text '22201' is set on object 'Object Repository/VLink/Page_CCSale/txt_CardZIP'

2020-12-22 17:02:16 - [MESSAGE][PASSED] - Object 'Object Repository/VLink/Page_CCSale/txt_CountryID' is present

2020-12-22 17:02:17 - [MESSAGE][PASSED] - Text '840' is set on object 'Object Repository/VLink/Page_CCSale/txt_CountryID'

2020-12-22 17:02:17 - [MESSAGE][PASSED] - Object 'Object Repository/VLink/Page_CCSale/txt_Amount' is present

2020-12-22 17:02:18 - [MESSAGE][PASSED] - Text '1.50' is set on object 'Object Repository/VLink/Page_CCSale/txt_Amount'

2020-12-22 17:02:18 - [MESSAGE][PASSED] - Object 'Object Repository/VLink/Page_CCSale/txt_CardNumber' is present

2020-12-22 17:02:19 - [MESSAGE][PASSED] - Text '5424000000000015' is set on object 'Object Repository/VLink/Page_CCSale/txt_CardNumber'

2020-12-22 17:02:19 - [MESSAGE][PASSED] - Object 'Object Repository/VLink/Page_CCSale/txt_ExpMonth' is present

2020-12-22 17:02:20 - [MESSAGE][PASSED] - Text '12' is set on object 'Object Repository/VLink/Page_CCSale/txt_ExpMonth'

2020-12-22 17:02:20 - [MESSAGE][PASSED] - Object 'Object Repository/VLink/Page_CCSale/txt_ExpYear' is present

2020-12-22 17:02:21 - [MESSAGE][PASSED] - Text '2025' is set on object 'Object Repository/VLink/Page_CCSale/txt_ExpYear'

2020-12-22 17:02:21 - [MESSAGE][PASSED] - Object 'Object Repository/VLink/Page_CCSale/txt_CVV' is present

2020-12-22 17:02:22 - [MESSAGE][PASSED] - Text '' is set on object 'Object Repository/VLink/Page_CCSale/txt_CVV'

2020-12-22 17:02:22 - [MESSAGE][PASSED] - Object 'Object Repository/VLink/Page_CCSale/txt_CVVstate' is present

2020-12-22 17:02:23 - [MESSAGE][PASSED] - Text '' is set on object 'Object Repository/VLink/Page_CCSale/txt_CVVstate'

2020-12-22 17:02:23 - [MESSAGE][PASSED] - Object 'Object Repository/VLink/Page_CCSale/txt_TrackData' is present

2020-12-22 17:02:24 - [MESSAGE][PASSED] - Text '' is set on object 'Object Repository/VLink/Page_CCSale/txt_TrackData'

2020-12-22 17:02:24 - [MESSAGE][PASSED] - Object 'Object Repository/VLink/Page_CCSale/txt_Track1Data' is present

2020-12-22 17:02:25 - [MESSAGE][PASSED] - Text '' is set on object 'Object Repository/VLink/Page_CCSale/txt_Track1Data'

2020-12-22 17:02:25 - [MESSAGE][PASSED] - Object 'Object Repository/VLink/Page_CCSale/txt_Track2Data' is present

2020-12-22 17:02:26 - [MESSAGE][PASSED] - Text '' is set on object 'Object Repository/VLink/Page_CCSale/txt_Track2Data'

2020-12-22 17:02:26 - [MESSAGE][PASSED] - Object 'Object Repository/VLink/Page_CCSale/txt_POSEntryMode' is present

2020-12-22 17:02:27 - [MESSAGE][PASSED] - Text 'manual' is set on object 'Object Repository/VLink/Page_CCSale/txt_POSEntryMode'

2020-12-22 17:02:27 - [MESSAGE][PASSED] - Object 'Object Repository/VLink/Page_CCSale/txt_Email' is present

2020-12-22 17:02:28 - [MESSAGE][PASSED] - Text 'iahmed@govolution.com' is set on object 'Object Repository/VLink/Page_CCSale/txt_Email'

2020-12-22 17:02:28 - [MESSAGE][PASSED] - Object 'Object Repository/VLink/Page_CCSale/txt_OrderNumber' is present

2020-12-22 17:02:29 - [MESSAGE][PASSED] - Text '2569362' is set on object 'Object Repository/VLink/Page_CCSale/txt_OrderNumber'

2020-12-22 17:02:29 - [MESSAGE][PASSED] - Object 'Object Repository/VLink/Page_CCSale/txt_TaxAmount' is present

2020-12-22 17:02:30 - [MESSAGE][PASSED] - Text '1.15' is set on object 'Object Repository/VLink/Page_CCSale/txt_TaxAmount'

2020-12-22 17:02:30 - [MESSAGE][PASSED] - Object 'Object Repository/VLink/Page_CCSale/txt_ChargeDescription' is present

2020-12-22 17:02:31 - [MESSAGE][PASSED] - Text 'Charge Description' is set on object 'Object Repository/VLink/Page_CCSale/txt_ChargeDescription'

2020-12-22 17:02:31 - [MESSAGE][PASSED] - Object 'Object Repository/VLink/Page_CCSale/txt_CAN' is present

2020-12-22 17:02:32 - [MESSAGE][PASSED] - Text '147357' is set on object 'Object Repository/VLink/Page_CCSale/txt_CAN'

2020-12-22 17:02:32 - [MESSAGE][PASSED] - Object 'Object Repository/VLink/Page_CCSale/txt_BillPaymentIndicator' is present

2020-12-22 17:02:33 - [MESSAGE][PASSED] - Text '1' is set on object 'Object Repository/VLink/Page_CCSale/txt_BillPaymentIndicator'

2020-12-22 17:02:33 - [MESSAGE][PASSED] - Object 'Object Repository/VLink/Page_CCSale/txt_UDF1' is present

2020-12-22 17:02:34 - [MESSAGE][PASSED] - Text 'UDF Data 1' is set on object 'Object Repository/VLink/Page_CCSale/txt_UDF1'

2020-12-22 17:02:34 - [MESSAGE][PASSED] - Object 'Object Repository/VLink/Page_CCSale/txt_UDF2' is present

2020-12-22 17:02:35 - [MESSAGE][PASSED] - Text 'UDF Data 2' is set on object 'Object Repository/VLink/Page_CCSale/txt_UDF2'

2020-12-22 17:02:35 - [MESSAGE][PASSED] - Object 'Object Repository/VLink/Page_CCSale/txt_UDF3' is present

2020-12-22 17:02:36 - [MESSAGE][PASSED] - Text 'UDF Data 3' is set on object 'Object Repository/VLink/Page_CCSale/txt_UDF3'

2020-12-22 17:02:36 - [MESSAGE][PASSED] - Object 'Object Repository/VLink/Page_CCSale/txt_UDF4' is present

2020-12-22 17:02:37 - [MESSAGE][PASSED] - Text 'UDF Data 4' is set on object 'Object Repository/VLink/Page_CCSale/txt_UDF4'

2020-12-22 17:02:37 - [MESSAGE][PASSED] - Object 'Object Repository/VLink/Page_CCSale/txt_UDF5' is present

2020-12-22 17:02:38 - [MESSAGE][PASSED] - Text 'UDF Data 5' is set on object 'Object Repository/VLink/Page_CCSale/txt_UDF5'

2020-12-22 17:02:38 - [MESSAGE][PASSED] - Object 'Object Repository/VLink/Page_CCSale/txt_UDF6' is present

2020-12-22 17:02:39 - [MESSAGE][PASSED] - Text 'UDF Data 6' is set on object 'Object Repository/VLink/Page_CCSale/txt_UDF6'

2020-12-22 17:02:39 - [MESSAGE][PASSED] - Object 'Object Repository/VLink/Page_CCSale/txt_UDF7' is present

2020-12-22 17:02:40 - [MESSAGE][PASSED] - Text 'UDF Data 7' is set on object 'Object Repository/VLink/Page_CCSale/txt_UDF7'

2020-12-22 17:02:40 - [MESSAGE][PASSED] - Object 'Object Repository/VLink/Page_CCSale/txt_UDF8' is present

2020-12-22 17:02:41 - [MESSAGE][PASSED] - Text 'UDF Data 8' is set on object 'Object Repository/VLink/Page_CCSale/txt_UDF8'

2020-12-22 17:02:41 - [MESSAGE][PASSED] - Object 'Object Repository/VLink/Page_CCSale/txt_UDF9' is present

2020-12-22 17:02:42 - [MESSAGE][PASSED] - Text 'UDF Data 9' is set on object 'Object Repository/VLink/Page_CCSale/txt_UDF9'

2020-12-22 17:02:42 - [MESSAGE][PASSED] - Object 'Object Repository/VLink/Page_CCSale/txt_UDF10' is present

2020-12-22 17:02:43 - [MESSAGE][PASSED] - Text 'UDF Data 10' is set on object 'Object Repository/VLink/Page_CCSale/txt_UDF10'

2020-12-22 17:02:43 - [MESSAGE][PASSED] - Object 'Object Repository/VLink/Page_CCSale/txt_CardOnFileIndicator' is present

2020-12-22 17:02:44 - [MESSAGE][PASSED] - Text '' is set on object 'Object Repository/VLink/Page_CCSale/txt_CardOnFileIndicator'

2020-12-22 17:02:44 - [MESSAGE][PASSED] - Object 'Object Repository/VLink/Page_CCSale/txt_StoredCredentialIndicator' is present

2020-12-22 17:02:45 - [MESSAGE][PASSED] - Text '' is set on object 'Object Repository/VLink/Page_CCSale/txt_StoredCredentialIndicator'

2020-12-22 17:02:45 - [MESSAGE][PASSED] - Object 'Object Repository/VLink/Page_CCSale/txt_COFScheduledIndicator' is present

2020-12-22 17:02:46 - [MESSAGE][PASSED] - Text '' is set on object 'Object Repository/VLink/Page_CCSale/txt_COFScheduledIndicator'

2020-12-22 17:02:46 - [MESSAGE][PASSED] - Object 'Object Repository/VLink/Page_CCSale/txt_COFTransactionInitiatedBy' is present

2020-12-22 17:02:47 - [MESSAGE][PASSED] - Text '' is set on object 'Object Repository/VLink/Page_CCSale/txt_COFTransactionInitiatedBy'

2020-12-22 17:02:49 - [MESSAGE][PASSED] - Object: 'Object Repository/VLink/Page_CCSale/btn_ProcessVLinkTransaction' is clicked on

2020-12-22 17:02:54 - [MESSAGE][PASSED] - vlinkPages.saleCCPage.setDataSCC is PASSED

2020-12-22 17:02:54 - [TEST_STEP][PASSED] - if (verifyTextPresent("Transaction approved, no errors", true)): null

2020-12-22 17:02:55 - [MESSAGE][PASSED] - Text 'Transaction approved, no errors' is present on page  using regular expression

2020-12-22 17:02:55 - [TEST_STEP][PASSED] - println("Transaction Approved, no errors text is present on the Confirmation page"): null

2020-12-22 17:02:55 - [TEST_STEP][PASSED] - out.println("Pass Record Number: " + row): null

2020-12-22 17:02:55 - [TEST_STEP][PASSED] - sdfo = getText(findTestObject("Object Repository/Page_VLinkReceipt/pre_STX")): Text of object 'Object Repository/Page_VLinkReceipt/pre_STX' is: '<STX>MerizI98FVvj                  12087908            0  Transaction approved, no errors                   0                                                                                  XXOK8630   <ETX>'

2020-12-22 17:02:55 - [MESSAGE][PASSED] - Text of object 'Object Repository/Page_VLinkReceipt/pre_STX' is: '<STX>MerizI98FVvj                  12087908            0  Transaction approved, no errors                   0                                                                                  XXOK8630   <ETX>'

2020-12-22 17:02:55 - [TEST_STEP][PASSED] - out.println("sdfo: " + sdfo): null

2020-12-22 17:02:55 - [TEST_STEP][PASSED] - remID = substring(5, 35).trim(): null

2020-12-22 17:02:55 - [TEST_STEP][PASSED] - out.println("Remittance ID: " + remID): null

2020-12-22 17:02:55 - [TEST_STEP][PASSED] - traxID = substring(35, 55).trim(): null

2020-12-22 17:02:55 - [TEST_STEP][PASSED] - out.println("Transaction ID: " + traxID): null

2020-12-22 17:02:55 - [TEST_STEP][PASSED] - out.println("End Record Number: " + row): null

2020-12-22 17:02:55 - [TEST_STEP][PASSED] - closeBrowser(): Browser is closed

2020-12-22 17:02:56 - [MESSAGE][PASSED] - Browser is closed

2020-12-22 17:02:56 - [TEST_STEP][PASSED] - out.println("Begin Record Number: " + row): null

2020-12-22 17:02:56 - [TEST_STEP][PASSED] - openBrowser(VLinkURL + "authcap.html"): Browser is opened with url: 'https://dev-algorithm.govolution.com/vlinktest/QA/version_2_0/authcap.html'

2020-12-22 17:02:56 - [MESSAGE][INFO] - Starting 'Chrome' driver

2020-12-22 17:02:56 - [MESSAGE][INFO] - User set preference: ['acceptInsecureCerts', 'true']

2020-12-22 17:02:56 - [MESSAGE][INFO] - Action delay is set to 0 milliseconds

2020-12-22 17:03:00 - [MESSAGE][PASSED] - Browser is opened with url: 'https://dev-algorithm.govolution.com/vlinktest/QA/version_2_0/authcap.html'

2020-12-22 17:03:00 - [TEST_STEP][PASSED] - maximizeWindow(): Current window maximized

2020-12-22 17:03:00 - [MESSAGE][PASSED] - Current window maximized

2020-12-22 17:03:00 - [TEST_STEP][PASSED] - vlinkPages.saleCCPage.setDataSCC(row, dataFile): vlinkPages.saleCCPage.setDataSCC is PASSED

2020-12-22 17:03:02 - [MESSAGE][PASSED] - Object 'Object Repository/VLink/Page_CCSale/txt_CardNumber' is present

2020-12-22 17:03:02 - [MESSAGE][PASSED] - Object 'Object Repository/VLink/Page_CCSale/txt_TransactionType' is present

2020-12-22 17:03:03 - [MESSAGE][PASSED] - Text '104' is set on object 'Object Repository/VLink/Page_CCSale/txt_TransactionType'

2020-12-22 17:03:03 - [MESSAGE][PASSED] - Object 'Object Repository/VLink/Page_CCSale/txt_MessageVersion' is present

2020-12-22 17:03:04 - [MESSAGE][PASSED] - Text '2.0C' is set on object 'Object Repository/VLink/Page_CCSale/txt_MessageVersion'

2020-12-22 17:03:04 - [MESSAGE][PASSED] - Object 'Object Repository/VLink/Page_CCSale/txt_RemID' is present

2020-12-22 17:03:05 - [MESSAGE][PASSED] - Text 'fX1G8jmxozpV' is set on object 'Object Repository/VLink/Page_CCSale/txt_RemID'

2020-12-22 17:03:05 - [MESSAGE][PASSED] - Object 'Object Repository/VLink/Page_CCSale/txt_ApplicationId' is present

2020-12-22 17:03:05 - [MESSAGE][PASSED] - Text '672' is set on object 'Object Repository/VLink/Page_CCSale/txt_ApplicationId'

2020-12-22 17:03:06 - [MESSAGE][PASSED] - Object 'Object Repository/VLink/Page_CCSale/txt_Username' is present

2020-12-22 17:03:06 - [MESSAGE][PASSED] - Text 'username' is set on object 'Object Repository/VLink/Page_CCSale/txt_Username'

2020-12-22 17:03:07 - [MESSAGE][PASSED] - Object 'Object Repository/VLink/Page_CCSale/txt_Password' is present

2020-12-22 17:03:07 - [MESSAGE][PASSED] - Text 'password' is set on object 'Object Repository/VLink/Page_CCSale/txt_Password'

2020-12-22 17:03:08 - [MESSAGE][PASSED] - Object 'Object Repository/VLink/Page_CCSale/txt_ResponseFormat' is present

2020-12-22 17:03:08 - [MESSAGE][PASSED] - Text 'fixed_width' is set on object 'Object Repository/VLink/Page_CCSale/txt_ResponseFormat'

2020-12-22 17:03:08 - [MESSAGE][PASSED] - Object 'Object Repository/VLink/Page_CCSale/txt_Category' is present

2020-12-22 17:03:09 - [MESSAGE][PASSED] - Text 'ECOM' is set on object 'Object Repository/VLink/Page_CCSale/txt_Category'

2020-12-22 17:03:09 - [MESSAGE][PASSED] - Object 'Object Repository/VLink/Page_CCSale/txt_TransactionID' is present

2020-12-22 17:03:10 - [MESSAGE][PASSED] - Text '' is set on object 'Object Repository/VLink/Page_CCSale/txt_TransactionID'

2020-12-22 17:03:10 - [MESSAGE][PASSED] - Object 'Object Repository/VLink/Page_CCSale/txt_ApprovalCode' is present

2020-12-22 17:03:11 - [MESSAGE][PASSED] - Text '' is set on object 'Object Repository/VLink/Page_CCSale/txt_ApprovalCode'

2020-12-22 17:03:11 - [MESSAGE][PASSED] - Object 'Object Repository/VLink/Page_CCSale/txt_CardName' is present

2020-12-22 17:03:12 - [MESSAGE][PASSED] - Text 'Arvind Silva' is set on object 'Object Repository/VLink/Page_CCSale/txt_CardName'

2020-12-22 17:03:12 - [MESSAGE][PASSED] - Object 'Object Repository/VLink/Page_CCSale/txt_AL1' is present

2020-12-22 17:03:12 - [MESSAGE][PASSED] - Text '111 Main Ave' is set on object 'Object Repository/VLink/Page_CCSale/txt_AL1'

2020-12-22 17:03:13 - [MESSAGE][PASSED] - Object 'Object Repository/VLink/Page_CCSale/txt_AL2' is present

2020-12-22 17:03:13 - [MESSAGE][PASSED] - Text '' is set on object 'Object Repository/VLink/Page_CCSale/txt_AL2'

2020-12-22 17:03:14 - [MESSAGE][PASSED] - Object 'Object Repository/VLink/Page_CCSale/txt_CardCity' is present

2020-12-22 17:03:14 - [MESSAGE][PASSED] - Text 'Arlington' is set on object 'Object Repository/VLink/Page_CCSale/txt_CardCity'

2020-12-22 17:03:15 - [MESSAGE][PASSED] - Object 'Object Repository/VLink/Page_CCSale/txt_CardState' is present

2020-12-22 17:03:15 - [MESSAGE][PASSED] - Text 'VA' is set on object 'Object Repository/VLink/Page_CCSale/txt_CardState'

2020-12-22 17:03:16 - [MESSAGE][PASSED] - Object 'Object Repository/VLink/Page_CCSale/txt_CardZIP' is present

2020-12-22 17:03:16 - [MESSAGE][PASSED] - Text '22201' is set on object 'Object Repository/VLink/Page_CCSale/txt_CardZIP'

2020-12-22 17:03:17 - [MESSAGE][PASSED] - Object 'Object Repository/VLink/Page_CCSale/txt_CountryID' is present

2020-12-22 17:03:17 - [MESSAGE][PASSED] - Text '' is set on object 'Object Repository/VLink/Page_CCSale/txt_CountryID'

2020-12-22 17:03:18 - [MESSAGE][PASSED] - Object 'Object Repository/VLink/Page_CCSale/txt_Amount' is present

2020-12-22 17:03:18 - [MESSAGE][PASSED] - Text '2.50' is set on object 'Object Repository/VLink/Page_CCSale/txt_Amount'

2020-12-22 17:03:19 - [MESSAGE][PASSED] - Object 'Object Repository/VLink/Page_CCSale/txt_CardNumber' is present

2020-12-22 17:03:19 - [MESSAGE][PASSED] - Text '5424000000000015' is set on object 'Object Repository/VLink/Page_CCSale/txt_CardNumber'

2020-12-22 17:03:20 - [MESSAGE][PASSED] - Object 'Object Repository/VLink/Page_CCSale/txt_ExpMonth' is present

2020-12-22 17:03:20 - [MESSAGE][PASSED] - Text '01' is set on object 'Object Repository/VLink/Page_CCSale/txt_ExpMonth'

2020-12-22 17:03:20 - [MESSAGE][PASSED] - Object 'Object Repository/VLink/Page_CCSale/txt_ExpYear' is present

2020-12-22 17:03:21 - [MESSAGE][PASSED] - Text '2026' is set on object 'Object Repository/VLink/Page_CCSale/txt_ExpYear'

2020-12-22 17:03:22 - [MESSAGE][PASSED] - Object 'Object Repository/VLink/Page_CCSale/txt_CVV' is present

2020-12-22 17:03:22 - [MESSAGE][PASSED] - Text '' is set on object 'Object Repository/VLink/Page_CCSale/txt_CVV'

2020-12-22 17:03:22 - [MESSAGE][PASSED] - Object 'Object Repository/VLink/Page_CCSale/txt_CVVstate' is present

2020-12-22 17:03:23 - [MESSAGE][PASSED] - Text '' is set on object 'Object Repository/VLink/Page_CCSale/txt_CVVstate'

2020-12-22 17:03:23 - [MESSAGE][PASSED] - Object 'Object Repository/VLink/Page_CCSale/txt_TrackData' is present

2020-12-22 17:03:24 - [MESSAGE][PASSED] - Text '' is set on object 'Object Repository/VLink/Page_CCSale/txt_TrackData'

2020-12-22 17:03:24 - [MESSAGE][PASSED] - Object 'Object Repository/VLink/Page_CCSale/txt_Track1Data' is present

2020-12-22 17:03:25 - [MESSAGE][PASSED] - Text '' is set on object 'Object Repository/VLink/Page_CCSale/txt_Track1Data'

2020-12-22 17:03:25 - [MESSAGE][PASSED] - Object 'Object Repository/VLink/Page_CCSale/txt_Track2Data' is present

2020-12-22 17:03:26 - [MESSAGE][PASSED] - Text '' is set on object 'Object Repository/VLink/Page_CCSale/txt_Track2Data'

2020-12-22 17:03:26 - [MESSAGE][PASSED] - Object 'Object Repository/VLink/Page_CCSale/txt_POSEntryMode' is present

2020-12-22 17:03:27 - [MESSAGE][PASSED] - Text 'manual' is set on object 'Object Repository/VLink/Page_CCSale/txt_POSEntryMode'

2020-12-22 17:03:27 - [MESSAGE][PASSED] - Object 'Object Repository/VLink/Page_CCSale/txt_Email' is present

2020-12-22 17:03:28 - [MESSAGE][PASSED] - Text '' is set on object 'Object Repository/VLink/Page_CCSale/txt_Email'

2020-12-22 17:03:28 - [MESSAGE][PASSED] - Object 'Object Repository/VLink/Page_CCSale/txt_OrderNumber' is present

2020-12-22 17:03:29 - [MESSAGE][PASSED] - Text '' is set on object 'Object Repository/VLink/Page_CCSale/txt_OrderNumber'

2020-12-22 17:03:29 - [MESSAGE][PASSED] - Object 'Object Repository/VLink/Page_CCSale/txt_TaxAmount' is present

2020-12-22 17:03:30 - [MESSAGE][PASSED] - Text '' is set on object 'Object Repository/VLink/Page_CCSale/txt_TaxAmount'

2020-12-22 17:03:30 - [MESSAGE][PASSED] - Object 'Object Repository/VLink/Page_CCSale/txt_ChargeDescription' is present

2020-12-22 17:03:31 - [MESSAGE][PASSED] - Text '' is set on object 'Object Repository/VLink/Page_CCSale/txt_ChargeDescription'

2020-12-22 17:03:31 - [MESSAGE][PASSED] - Object 'Object Repository/VLink/Page_CCSale/txt_CAN' is present

2020-12-22 17:03:32 - [MESSAGE][PASSED] - Text '' is set on object 'Object Repository/VLink/Page_CCSale/txt_CAN'

2020-12-22 17:03:32 - [MESSAGE][PASSED] - Object 'Object Repository/VLink/Page_CCSale/txt_BillPaymentIndicator' is present

2020-12-22 17:03:33 - [MESSAGE][PASSED] - Text '' is set on object 'Object Repository/VLink/Page_CCSale/txt_BillPaymentIndicator'

2020-12-22 17:03:33 - [MESSAGE][PASSED] - Object 'Object Repository/VLink/Page_CCSale/txt_UDF1' is present

2020-12-22 17:03:34 - [MESSAGE][PASSED] - Text '' is set on object 'Object Repository/VLink/Page_CCSale/txt_UDF1'

2020-12-22 17:03:34 - [MESSAGE][PASSED] - Object 'Object Repository/VLink/Page_CCSale/txt_UDF2' is present

2020-12-22 17:03:35 - [MESSAGE][PASSED] - Text '' is set on object 'Object Repository/VLink/Page_CCSale/txt_UDF2'

2020-12-22 17:03:35 - [MESSAGE][PASSED] - Object 'Object Repository/VLink/Page_CCSale/txt_UDF3' is present

2020-12-22 17:03:36 - [MESSAGE][PASSED] - Text '' is set on object 'Object Repository/VLink/Page_CCSale/txt_UDF3'

2020-12-22 17:03:36 - [MESSAGE][PASSED] - Object 'Object Repository/VLink/Page_CCSale/txt_UDF4' is present

2020-12-22 17:03:37 - [MESSAGE][PASSED] - Text '' is set on object 'Object Repository/VLink/Page_CCSale/txt_UDF4'

2020-12-22 17:03:37 - [MESSAGE][PASSED] - Object 'Object Repository/VLink/Page_CCSale/txt_UDF5' is present

2020-12-22 17:03:38 - [MESSAGE][PASSED] - Text '' is set on object 'Object Repository/VLink/Page_CCSale/txt_UDF5'

2020-12-22 17:03:38 - [MESSAGE][PASSED] - Object 'Object Repository/VLink/Page_CCSale/txt_UDF6' is present

2020-12-22 17:03:39 - [MESSAGE][PASSED] - Text '' is set on object 'Object Repository/VLink/Page_CCSale/txt_UDF6'

2020-12-22 17:03:39 - [MESSAGE][PASSED] - Object 'Object Repository/VLink/Page_CCSale/txt_UDF7' is present

2020-12-22 17:03:40 - [MESSAGE][PASSED] - Text '' is set on object 'Object Repository/VLink/Page_CCSale/txt_UDF7'

2020-12-22 17:03:40 - [MESSAGE][PASSED] - Object 'Object Repository/VLink/Page_CCSale/txt_UDF8' is present

2020-12-22 17:03:41 - [MESSAGE][PASSED] - Text '' is set on object 'Object Repository/VLink/Page_CCSale/txt_UDF8'

2020-12-22 17:03:41 - [MESSAGE][PASSED] - Object 'Object Repository/VLink/Page_CCSale/txt_UDF9' is present

2020-12-22 17:03:42 - [MESSAGE][PASSED] - Text '' is set on object 'Object Repository/VLink/Page_CCSale/txt_UDF9'

2020-12-22 17:03:42 - [MESSAGE][PASSED] - Object 'Object Repository/VLink/Page_CCSale/txt_UDF10' is present

2020-12-22 17:03:43 - [MESSAGE][PASSED] - Text '' is set on object 'Object Repository/VLink/Page_CCSale/txt_UDF10'

2020-12-22 17:03:43 - [MESSAGE][PASSED] - Object 'Object Repository/VLink/Page_CCSale/txt_CardOnFileIndicator' is present

2020-12-22 17:03:44 - [MESSAGE][PASSED] - Text '' is set on object 'Object Repository/VLink/Page_CCSale/txt_CardOnFileIndicator'

2020-12-22 17:03:44 - [MESSAGE][PASSED] - Object 'Object Repository/VLink/Page_CCSale/txt_StoredCredentialIndicator' is present

2020-12-22 17:03:44 - [MESSAGE][PASSED] - Text '' is set on object 'Object Repository/VLink/Page_CCSale/txt_StoredCredentialIndicator'

2020-12-22 17:03:45 - [MESSAGE][PASSED] - Object 'Object Repository/VLink/Page_CCSale/txt_COFScheduledIndicator' is present

2020-12-22 17:03:45 - [MESSAGE][PASSED] - Text '' is set on object 'Object Repository/VLink/Page_CCSale/txt_COFScheduledIndicator'

2020-12-22 17:03:46 - [MESSAGE][PASSED] - Object 'Object Repository/VLink/Page_CCSale/txt_COFTransactionInitiatedBy' is present

2020-12-22 17:03:46 - [MESSAGE][PASSED] - Text '' is set on object 'Object Repository/VLink/Page_CCSale/txt_COFTransactionInitiatedBy'

2020-12-22 17:03:49 - [MESSAGE][PASSED] - Object: 'Object Repository/VLink/Page_CCSale/btn_ProcessVLinkTransaction' is clicked on

2020-12-22 17:03:54 - [MESSAGE][PASSED] - vlinkPages.saleCCPage.setDataSCC is PASSED

2020-12-22 17:03:54 - [TEST_STEP][PASSED] - if (verifyTextPresent("Transaction approved, no errors", true)): null

2020-12-22 17:03:55 - [MESSAGE][PASSED] - Text 'Transaction approved, no errors' is present on page  using regular expression

2020-12-22 17:03:55 - [TEST_STEP][PASSED] - println("Transaction Approved, no errors text is present on the Confirmation page"): null

2020-12-22 17:03:55 - [TEST_STEP][PASSED] - out.println("Pass Record Number: " + row): null

2020-12-22 17:03:55 - [TEST_STEP][PASSED] - sdfo = getText(findTestObject("Object Repository/Page_VLinkReceipt/pre_STX")): Text of object 'Object Repository/Page_VLinkReceipt/pre_STX' is: '<STX>fX1G8jmxozpV                  12087909            0  Transaction approved, no errors                   0                                                                                  XXOK8780   <ETX>'

2020-12-22 17:03:55 - [MESSAGE][PASSED] - Text of object 'Object Repository/Page_VLinkReceipt/pre_STX' is: '<STX>fX1G8jmxozpV                  12087909            0  Transaction approved, no errors                   0                                                                                  XXOK8780   <ETX>'

2020-12-22 17:03:55 - [TEST_STEP][PASSED] - out.println("sdfo: " + sdfo): null

2020-12-22 17:03:55 - [TEST_STEP][PASSED] - remID = substring(5, 35).trim(): null

2020-12-22 17:03:55 - [TEST_STEP][PASSED] - out.println("Remittance ID: " + remID): null

2020-12-22 17:03:55 - [TEST_STEP][PASSED] - traxID = substring(35, 55).trim(): null

2020-12-22 17:03:55 - [TEST_STEP][PASSED] - out.println("Transaction ID: " + traxID): null

2020-12-22 17:03:55 - [TEST_STEP][PASSED] - out.println("End Record Number: " + row): null

2020-12-22 17:03:55 - [TEST_STEP][PASSED] - closeBrowser(): Browser is closed

2020-12-22 17:03:56 - [MESSAGE][PASSED] - Browser is closed

2020-12-22 17:03:56 - [TEST_STEP][PASSED] - out.println("Begin Record Number: " + row): null

2020-12-22 17:03:56 - [TEST_STEP][PASSED] - openBrowser(VLinkURL + "authcap.html"): Browser is opened with url: 'https://dev-algorithm.govolution.com/vlinktest/QA/version_2_0/authcap.html'

2020-12-22 17:03:56 - [MESSAGE][INFO] - Starting 'Chrome' driver

2020-12-22 17:03:56 - [MESSAGE][INFO] - User set preference: ['acceptInsecureCerts', 'true']

2020-12-22 17:03:56 - [MESSAGE][INFO] - Action delay is set to 0 milliseconds

2020-12-22 17:04:00 - [MESSAGE][PASSED] - Browser is opened with url: 'https://dev-algorithm.govolution.com/vlinktest/QA/version_2_0/authcap.html'

2020-12-22 17:04:00 - [TEST_STEP][PASSED] - maximizeWindow(): Current window maximized

2020-12-22 17:04:00 - [MESSAGE][PASSED] - Current window maximized

2020-12-22 17:04:00 - [TEST_STEP][PASSED] - vlinkPages.saleCCPage.setDataSCC(row, dataFile): vlinkPages.saleCCPage.setDataSCC is PASSED

2020-12-22 17:04:01 - [MESSAGE][PASSED] - Object 'Object Repository/VLink/Page_CCSale/txt_CardNumber' is present

2020-12-22 17:04:02 - [MESSAGE][PASSED] - Object 'Object Repository/VLink/Page_CCSale/txt_TransactionType' is present

2020-12-22 17:04:02 - [MESSAGE][PASSED] - Text '104' is set on object 'Object Repository/VLink/Page_CCSale/txt_TransactionType'

2020-12-22 17:04:03 - [MESSAGE][PASSED] - Object 'Object Repository/VLink/Page_CCSale/txt_MessageVersion' is present

2020-12-22 17:04:03 - [MESSAGE][PASSED] - Text '2.0C' is set on object 'Object Repository/VLink/Page_CCSale/txt_MessageVersion'

2020-12-22 17:04:04 - [MESSAGE][PASSED] - Object 'Object Repository/VLink/Page_CCSale/txt_RemID' is present

2020-12-22 17:04:04 - [MESSAGE][PASSED] - Text 'OW8VSMlYoDxF' is set on object 'Object Repository/VLink/Page_CCSale/txt_RemID'

2020-12-22 17:04:04 - [MESSAGE][PASSED] - Object 'Object Repository/VLink/Page_CCSale/txt_ApplicationId' is present

2020-12-22 17:04:05 - [MESSAGE][PASSED] - Text '677' is set on object 'Object Repository/VLink/Page_CCSale/txt_ApplicationId'

2020-12-22 17:04:05 - [MESSAGE][PASSED] - Object 'Object Repository/VLink/Page_CCSale/txt_Username' is present

2020-12-22 17:04:06 - [MESSAGE][PASSED] - Text 'username' is set on object 'Object Repository/VLink/Page_CCSale/txt_Username'

2020-12-22 17:04:06 - [MESSAGE][PASSED] - Object 'Object Repository/VLink/Page_CCSale/txt_Password' is present

2020-12-22 17:04:07 - [MESSAGE][PASSED] - Text 'password' is set on object 'Object Repository/VLink/Page_CCSale/txt_Password'

2020-12-22 17:04:07 - [MESSAGE][PASSED] - Object 'Object Repository/VLink/Page_CCSale/txt_ResponseFormat' is present

2020-12-22 17:04:08 - [MESSAGE][PASSED] - Text 'fixed_width' is set on object 'Object Repository/VLink/Page_CCSale/txt_ResponseFormat'

2020-12-22 17:04:08 - [MESSAGE][PASSED] - Object 'Object Repository/VLink/Page_CCSale/txt_Category' is present

2020-12-22 17:04:09 - [MESSAGE][PASSED] - Text 'ECOM' is set on object 'Object Repository/VLink/Page_CCSale/txt_Category'

2020-12-22 17:04:09 - [MESSAGE][PASSED] - Object 'Object Repository/VLink/Page_CCSale/txt_TransactionID' is present

2020-12-22 17:04:09 - [MESSAGE][PASSED] - Text '' is set on object 'Object Repository/VLink/Page_CCSale/txt_TransactionID'

2020-12-22 17:04:10 - [MESSAGE][PASSED] - Object 'Object Repository/VLink/Page_CCSale/txt_ApprovalCode' is present

2020-12-22 17:04:10 - [MESSAGE][PASSED] - Text '' is set on object 'Object Repository/VLink/Page_CCSale/txt_ApprovalCode'

2020-12-22 17:04:11 - [MESSAGE][PASSED] - Object 'Object Repository/VLink/Page_CCSale/txt_CardName' is present

2020-12-22 17:04:11 - [MESSAGE][PASSED] - Text 'Roshan Maha' is set on object 'Object Repository/VLink/Page_CCSale/txt_CardName'

2020-12-22 17:04:12 - [MESSAGE][PASSED] - Object 'Object Repository/VLink/Page_CCSale/txt_AL1' is present

2020-12-22 17:04:12 - [MESSAGE][PASSED] - Text '12563 Bazaar road' is set on object 'Object Repository/VLink/Page_CCSale/txt_AL1'

2020-12-22 17:04:13 - [MESSAGE][PASSED] - Object 'Object Repository/VLink/Page_CCSale/txt_AL2' is present

2020-12-22 17:04:13 - [MESSAGE][PASSED] - Text '' is set on object 'Object Repository/VLink/Page_CCSale/txt_AL2'

2020-12-22 17:04:14 - [MESSAGE][PASSED] - Object 'Object Repository/VLink/Page_CCSale/txt_CardCity' is present

2020-12-22 17:04:14 - [MESSAGE][PASSED] - Text 'Crofton' is set on object 'Object Repository/VLink/Page_CCSale/txt_CardCity'

2020-12-22 17:04:15 - [MESSAGE][PASSED] - Object 'Object Repository/VLink/Page_CCSale/txt_CardState' is present

2020-12-22 17:04:15 - [MESSAGE][PASSED] - Text 'MD' is set on object 'Object Repository/VLink/Page_CCSale/txt_CardState'

2020-12-22 17:04:16 - [MESSAGE][PASSED] - Object 'Object Repository/VLink/Page_CCSale/txt_CardZIP' is present

2020-12-22 17:04:16 - [MESSAGE][PASSED] - Text '21114' is set on object 'Object Repository/VLink/Page_CCSale/txt_CardZIP'

2020-12-22 17:04:17 - [MESSAGE][PASSED] - Object 'Object Repository/VLink/Page_CCSale/txt_CountryID' is present

2020-12-22 17:04:17 - [MESSAGE][PASSED] - Text '' is set on object 'Object Repository/VLink/Page_CCSale/txt_CountryID'

2020-12-22 17:04:18 - [MESSAGE][PASSED] - Object 'Object Repository/VLink/Page_CCSale/txt_Amount' is present

2020-12-22 17:04:18 - [MESSAGE][PASSED] - Text '3.50' is set on object 'Object Repository/VLink/Page_CCSale/txt_Amount'

2020-12-22 17:04:18 - [MESSAGE][PASSED] - Object 'Object Repository/VLink/Page_CCSale/txt_CardNumber' is present

2020-12-22 17:04:19 - [MESSAGE][PASSED] - Text '5424000000000015' is set on object 'Object Repository/VLink/Page_CCSale/txt_CardNumber'

2020-12-22 17:04:19 - [MESSAGE][PASSED] - Object 'Object Repository/VLink/Page_CCSale/txt_ExpMonth' is present

2020-12-22 17:04:20 - [MESSAGE][PASSED] - Text '01' is set on object 'Object Repository/VLink/Page_CCSale/txt_ExpMonth'

2020-12-22 17:04:20 - [MESSAGE][PASSED] - Object 'Object Repository/VLink/Page_CCSale/txt_ExpYear' is present

2020-12-22 17:04:21 - [MESSAGE][PASSED] - Text '2026' is set on object 'Object Repository/VLink/Page_CCSale/txt_ExpYear'

2020-12-22 17:04:21 - [MESSAGE][PASSED] - Object 'Object Repository/VLink/Page_CCSale/txt_CVV' is present

2020-12-22 17:04:22 - [MESSAGE][PASSED] - Text '' is set on object 'Object Repository/VLink/Page_CCSale/txt_CVV'

2020-12-22 17:04:22 - [MESSAGE][PASSED] - Object 'Object Repository/VLink/Page_CCSale/txt_CVVstate' is present

2020-12-22 17:04:23 - [MESSAGE][PASSED] - Text '' is set on object 'Object Repository/VLink/Page_CCSale/txt_CVVstate'

2020-12-22 17:04:23 - [MESSAGE][PASSED] - Object 'Object Repository/VLink/Page_CCSale/txt_TrackData' is present

2020-12-22 17:04:24 - [MESSAGE][PASSED] - Text '' is set on object 'Object Repository/VLink/Page_CCSale/txt_TrackData'

2020-12-22 17:04:24 - [MESSAGE][PASSED] - Object 'Object Repository/VLink/Page_CCSale/txt_Track1Data' is present

2020-12-22 17:04:25 - [MESSAGE][PASSED] - Text '' is set on object 'Object Repository/VLink/Page_CCSale/txt_Track1Data'

2020-12-22 17:04:25 - [MESSAGE][PASSED] - Object 'Object Repository/VLink/Page_CCSale/txt_Track2Data' is present

2020-12-22 17:04:26 - [MESSAGE][PASSED] - Text '' is set on object 'Object Repository/VLink/Page_CCSale/txt_Track2Data'

2020-12-22 17:04:26 - [MESSAGE][PASSED] - Object 'Object Repository/VLink/Page_CCSale/txt_POSEntryMode' is present

2020-12-22 17:04:27 - [MESSAGE][PASSED] - Text 'manual' is set on object 'Object Repository/VLink/Page_CCSale/txt_POSEntryMode'

2020-12-22 17:04:27 - [MESSAGE][PASSED] - Object 'Object Repository/VLink/Page_CCSale/txt_Email' is present

2020-12-22 17:04:28 - [MESSAGE][PASSED] - Text '' is set on object 'Object Repository/VLink/Page_CCSale/txt_Email'

2020-12-22 17:04:28 - [MESSAGE][PASSED] - Object 'Object Repository/VLink/Page_CCSale/txt_OrderNumber' is present

2020-12-22 17:04:29 - [MESSAGE][PASSED] - Text '' is set on object 'Object Repository/VLink/Page_CCSale/txt_OrderNumber'

2020-12-22 17:04:29 - [MESSAGE][PASSED] - Object 'Object Repository/VLink/Page_CCSale/txt_TaxAmount' is present

2020-12-22 17:04:30 - [MESSAGE][PASSED] - Text '' is set on object 'Object Repository/VLink/Page_CCSale/txt_TaxAmount'

2020-12-22 17:04:30 - [MESSAGE][PASSED] - Object 'Object Repository/VLink/Page_CCSale/txt_ChargeDescription' is present

2020-12-22 17:04:31 - [MESSAGE][PASSED] - Text '' is set on object 'Object Repository/VLink/Page_CCSale/txt_ChargeDescription'

2020-12-22 17:04:31 - [MESSAGE][PASSED] - Object 'Object Repository/VLink/Page_CCSale/txt_CAN' is present

2020-12-22 17:04:32 - [MESSAGE][PASSED] - Text '' is set on object 'Object Repository/VLink/Page_CCSale/txt_CAN'

2020-12-22 17:04:32 - [MESSAGE][PASSED] - Object 'Object Repository/VLink/Page_CCSale/txt_BillPaymentIndicator' is present

2020-12-22 17:04:33 - [MESSAGE][PASSED] - Text '' is set on object 'Object Repository/VLink/Page_CCSale/txt_BillPaymentIndicator'

2020-12-22 17:04:33 - [MESSAGE][PASSED] - Object 'Object Repository/VLink/Page_CCSale/txt_UDF1' is present

2020-12-22 17:04:34 - [MESSAGE][PASSED] - Text '' is set on object 'Object Repository/VLink/Page_CCSale/txt_UDF1'

2020-12-22 17:04:34 - [MESSAGE][PASSED] - Object 'Object Repository/VLink/Page_CCSale/txt_UDF2' is present

2020-12-22 17:04:35 - [MESSAGE][PASSED] - Text '' is set on object 'Object Repository/VLink/Page_CCSale/txt_UDF2'

2020-12-22 17:04:35 - [MESSAGE][PASSED] - Object 'Object Repository/VLink/Page_CCSale/txt_UDF3' is present

2020-12-22 17:04:36 - [MESSAGE][PASSED] - Text '' is set on object 'Object Repository/VLink/Page_CCSale/txt_UDF3'

2020-12-22 17:04:36 - [MESSAGE][PASSED] - Object 'Object Repository/VLink/Page_CCSale/txt_UDF4' is present

2020-12-22 17:04:37 - [MESSAGE][PASSED] - Text '' is set on object 'Object Repository/VLink/Page_CCSale/txt_UDF4'

2020-12-22 17:04:37 - [MESSAGE][PASSED] - Object 'Object Repository/VLink/Page_CCSale/txt_UDF5' is present

2020-12-22 17:04:38 - [MESSAGE][PASSED] - Text '' is set on object 'Object Repository/VLink/Page_CCSale/txt_UDF5'

2020-12-22 17:04:38 - [MESSAGE][PASSED] - Object 'Object Repository/VLink/Page_CCSale/txt_UDF6' is present

2020-12-22 17:04:39 - [MESSAGE][PASSED] - Text '' is set on object 'Object Repository/VLink/Page_CCSale/txt_UDF6'

2020-12-22 17:04:39 - [MESSAGE][PASSED] - Object 'Object Repository/VLink/Page_CCSale/txt_UDF7' is present

2020-12-22 17:04:40 - [MESSAGE][PASSED] - Text '' is set on object 'Object Repository/VLink/Page_CCSale/txt_UDF7'

2020-12-22 17:04:40 - [MESSAGE][PASSED] - Object 'Object Repository/VLink/Page_CCSale/txt_UDF8' is present

2020-12-22 17:04:41 - [MESSAGE][PASSED] - Text '' is set on object 'Object Repository/VLink/Page_CCSale/txt_UDF8'

2020-12-22 17:04:41 - [MESSAGE][PASSED] - Object 'Object Repository/VLink/Page_CCSale/txt_UDF9' is present

2020-12-22 17:04:42 - [MESSAGE][PASSED] - Text '' is set on object 'Object Repository/VLink/Page_CCSale/txt_UDF9'

2020-12-22 17:04:42 - [MESSAGE][PASSED] - Object 'Object Repository/VLink/Page_CCSale/txt_UDF10' is present

2020-12-22 17:04:43 - [MESSAGE][PASSED] - Text '' is set on object 'Object Repository/VLink/Page_CCSale/txt_UDF10'

2020-12-22 17:04:43 - [MESSAGE][PASSED] - Object 'Object Repository/VLink/Page_CCSale/txt_CardOnFileIndicator' is present

2020-12-22 17:04:44 - [MESSAGE][PASSED] - Text '' is set on object 'Object Repository/VLink/Page_CCSale/txt_CardOnFileIndicator'

2020-12-22 17:04:44 - [MESSAGE][PASSED] - Object 'Object Repository/VLink/Page_CCSale/txt_StoredCredentialIndicator' is present

2020-12-22 17:04:45 - [MESSAGE][PASSED] - Text '' is set on object 'Object Repository/VLink/Page_CCSale/txt_StoredCredentialIndicator'

2020-12-22 17:04:45 - [MESSAGE][PASSED] - Object 'Object Repository/VLink/Page_CCSale/txt_COFScheduledIndicator' is present

2020-12-22 17:04:46 - [MESSAGE][PASSED] - Text '' is set on object 'Object Repository/VLink/Page_CCSale/txt_COFScheduledIndicator'

2020-12-22 17:04:46 - [MESSAGE][PASSED] - Object 'Object Repository/VLink/Page_CCSale/txt_COFTransactionInitiatedBy' is present

2020-12-22 17:04:47 - [MESSAGE][PASSED] - Text '' is set on object 'Object Repository/VLink/Page_CCSale/txt_COFTransactionInitiatedBy'

2020-12-22 17:04:49 - [MESSAGE][PASSED] - Object: 'Object Repository/VLink/Page_CCSale/btn_ProcessVLinkTransaction' is clicked on

2020-12-22 17:04:54 - [MESSAGE][PASSED] - vlinkPages.saleCCPage.setDataSCC is PASSED

2020-12-22 17:04:54 - [TEST_STEP][PASSED] - if (verifyTextPresent("Transaction approved, no errors", true)): null

2020-12-22 17:04:55 - [MESSAGE][PASSED] - Text 'Transaction approved, no errors' is present on page  using regular expression

2020-12-22 17:04:55 - [TEST_STEP][PASSED] - println("Transaction Approved, no errors text is present on the Confirmation page"): null

2020-12-22 17:04:55 - [TEST_STEP][PASSED] - out.println("Pass Record Number: " + row): null

2020-12-22 17:04:55 - [TEST_STEP][PASSED] - sdfo = getText(findTestObject("Object Repository/Page_VLinkReceipt/pre_STX")): Text of object 'Object Repository/Page_VLinkReceipt/pre_STX' is: '<STX>OW8VSMlYoDxF                  12087910            0  Transaction approved, no errors                   0                                                                                  XXOK8990   <ETX>'

2020-12-22 17:04:55 - [MESSAGE][PASSED] - Text of object 'Object Repository/Page_VLinkReceipt/pre_STX' is: '<STX>OW8VSMlYoDxF                  12087910            0  Transaction approved, no errors                   0                                                                                  XXOK8990   <ETX>'

2020-12-22 17:04:55 - [TEST_STEP][PASSED] - out.println("sdfo: " + sdfo): null

2020-12-22 17:04:55 - [TEST_STEP][PASSED] - remID = substring(5, 35).trim(): null

2020-12-22 17:04:55 - [TEST_STEP][PASSED] - out.println("Remittance ID: " + remID): null

2020-12-22 17:04:55 - [TEST_STEP][PASSED] - traxID = substring(35, 55).trim(): null

2020-12-22 17:04:55 - [TEST_STEP][PASSED] - out.println("Transaction ID: " + traxID): null

2020-12-22 17:04:55 - [TEST_STEP][PASSED] - out.println("End Record Number: " + row): null

2020-12-22 17:04:55 - [TEST_STEP][PASSED] - closeBrowser(): Browser is closed

2020-12-22 17:04:56 - [MESSAGE][PASSED] - Browser is closed

2020-12-22 17:04:56 - [TEST_STEP][PASSED] - out.println("Begin Record Number: " + row): null

2020-12-22 17:04:56 - [TEST_STEP][PASSED] - openBrowser(VLinkURL + "authcap.html"): Browser is opened with url: 'https://dev-algorithm.govolution.com/vlinktest/QA/version_2_0/authcap.html'

2020-12-22 17:04:56 - [MESSAGE][INFO] - Starting 'Chrome' driver

2020-12-22 17:04:56 - [MESSAGE][INFO] - User set preference: ['acceptInsecureCerts', 'true']

2020-12-22 17:04:56 - [MESSAGE][INFO] - Action delay is set to 0 milliseconds

2020-12-22 17:04:59 - [MESSAGE][PASSED] - Browser is opened with url: 'https://dev-algorithm.govolution.com/vlinktest/QA/version_2_0/authcap.html'

2020-12-22 17:04:59 - [TEST_STEP][PASSED] - maximizeWindow(): Current window maximized

2020-12-22 17:05:00 - [MESSAGE][PASSED] - Current window maximized

2020-12-22 17:05:00 - [TEST_STEP][PASSED] - vlinkPages.saleCCPage.setDataSCC(row, dataFile): vlinkPages.saleCCPage.setDataSCC is PASSED

2020-12-22 17:05:01 - [MESSAGE][PASSED] - Object 'Object Repository/VLink/Page_CCSale/txt_CardNumber' is present

2020-12-22 17:05:01 - [MESSAGE][PASSED] - Object 'Object Repository/VLink/Page_CCSale/txt_TransactionType' is present

2020-12-22 17:05:02 - [MESSAGE][PASSED] - Text '104' is set on object 'Object Repository/VLink/Page_CCSale/txt_TransactionType'

2020-12-22 17:05:02 - [MESSAGE][PASSED] - Object 'Object Repository/VLink/Page_CCSale/txt_MessageVersion' is present

2020-12-22 17:05:03 - [MESSAGE][PASSED] - Text '2.0C' is set on object 'Object Repository/VLink/Page_CCSale/txt_MessageVersion'

2020-12-22 17:05:03 - [MESSAGE][PASSED] - Object 'Object Repository/VLink/Page_CCSale/txt_RemID' is present

2020-12-22 17:05:04 - [MESSAGE][PASSED] - Text 'phTfuUkQHA2S' is set on object 'Object Repository/VLink/Page_CCSale/txt_RemID'

2020-12-22 17:05:04 - [MESSAGE][PASSED] - Object 'Object Repository/VLink/Page_CCSale/txt_ApplicationId' is present

2020-12-22 17:05:05 - [MESSAGE][PASSED] - Text '665' is set on object 'Object Repository/VLink/Page_CCSale/txt_ApplicationId'

2020-12-22 17:05:05 - [MESSAGE][PASSED] - Object 'Object Repository/VLink/Page_CCSale/txt_Username' is present

2020-12-22 17:05:06 - [MESSAGE][PASSED] - Text 'username' is set on object 'Object Repository/VLink/Page_CCSale/txt_Username'

2020-12-22 17:05:06 - [MESSAGE][PASSED] - Object 'Object Repository/VLink/Page_CCSale/txt_Password' is present

2020-12-22 17:05:07 - [MESSAGE][PASSED] - Text 'password' is set on object 'Object Repository/VLink/Page_CCSale/txt_Password'

2020-12-22 17:05:07 - [MESSAGE][PASSED] - Object 'Object Repository/VLink/Page_CCSale/txt_ResponseFormat' is present

2020-12-22 17:05:08 - [MESSAGE][PASSED] - Text 'fixed_width' is set on object 'Object Repository/VLink/Page_CCSale/txt_ResponseFormat'

2020-12-22 17:05:08 - [MESSAGE][PASSED] - Object 'Object Repository/VLink/Page_CCSale/txt_Category' is present

2020-12-22 17:05:08 - [MESSAGE][PASSED] - Text 'ECOM' is set on object 'Object Repository/VLink/Page_CCSale/txt_Category'

2020-12-22 17:05:09 - [MESSAGE][PASSED] - Object 'Object Repository/VLink/Page_CCSale/txt_TransactionID' is present

2020-12-22 17:05:09 - [MESSAGE][PASSED] - Text '' is set on object 'Object Repository/VLink/Page_CCSale/txt_TransactionID'

2020-12-22 17:05:10 - [MESSAGE][PASSED] - Object 'Object Repository/VLink/Page_CCSale/txt_ApprovalCode' is present

2020-12-22 17:05:10 - [MESSAGE][PASSED] - Text '' is set on object 'Object Repository/VLink/Page_CCSale/txt_ApprovalCode'

2020-12-22 17:05:10 - [MESSAGE][PASSED] - Object 'Object Repository/VLink/Page_CCSale/txt_CardName' is present

2020-12-22 17:05:11 - [MESSAGE][PASSED] - Text 'Kris Roshan' is set on object 'Object Repository/VLink/Page_CCSale/txt_CardName'

2020-12-22 17:05:11 - [MESSAGE][PASSED] - Object 'Object Repository/VLink/Page_CCSale/txt_AL1' is present

2020-12-22 17:05:12 - [MESSAGE][PASSED] - Text '258 Elm Road' is set on object 'Object Repository/VLink/Page_CCSale/txt_AL1'

2020-12-22 17:05:12 - [MESSAGE][PASSED] - Object 'Object Repository/VLink/Page_CCSale/txt_AL2' is present

2020-12-22 17:05:13 - [MESSAGE][PASSED] - Text 'Suite 56' is set on object 'Object Repository/VLink/Page_CCSale/txt_AL2'

2020-12-22 17:05:13 - [MESSAGE][PASSED] - Object 'Object Repository/VLink/Page_CCSale/txt_CardCity' is present

2020-12-22 17:05:14 - [MESSAGE][PASSED] - Text 'Arlington' is set on object 'Object Repository/VLink/Page_CCSale/txt_CardCity'

2020-12-22 17:05:14 - [MESSAGE][PASSED] - Object 'Object Repository/VLink/Page_CCSale/txt_CardState' is present

2020-12-22 17:05:15 - [MESSAGE][PASSED] - Text 'VA' is set on object 'Object Repository/VLink/Page_CCSale/txt_CardState'

2020-12-22 17:05:15 - [MESSAGE][PASSED] - Object 'Object Repository/VLink/Page_CCSale/txt_CardZIP' is present

2020-12-22 17:05:16 - [MESSAGE][PASSED] - Text '22201' is set on object 'Object Repository/VLink/Page_CCSale/txt_CardZIP'

2020-12-22 17:05:16 - [MESSAGE][PASSED] - Object 'Object Repository/VLink/Page_CCSale/txt_CountryID' is present

2020-12-22 17:05:17 - [MESSAGE][PASSED] - Text '840' is set on object 'Object Repository/VLink/Page_CCSale/txt_CountryID'

2020-12-22 17:05:17 - [MESSAGE][PASSED] - Object 'Object Repository/VLink/Page_CCSale/txt_Amount' is present

2020-12-22 17:05:18 - [MESSAGE][PASSED] - Text '1.50' is set on object 'Object Repository/VLink/Page_CCSale/txt_Amount'

2020-12-22 17:05:18 - [MESSAGE][PASSED] - Object 'Object Repository/VLink/Page_CCSale/txt_CardNumber' is present

2020-12-22 17:05:19 - [MESSAGE][PASSED] - Text '370000000000002' is set on object 'Object Repository/VLink/Page_CCSale/txt_CardNumber'

2020-12-22 17:05:19 - [MESSAGE][PASSED] - Object 'Object Repository/VLink/Page_CCSale/txt_ExpMonth' is present

2020-12-22 17:05:20 - [MESSAGE][PASSED] - Text '12' is set on object 'Object Repository/VLink/Page_CCSale/txt_ExpMonth'

2020-12-22 17:05:20 - [MESSAGE][PASSED] - Object 'Object Repository/VLink/Page_CCSale/txt_ExpYear' is present

2020-12-22 17:05:21 - [MESSAGE][PASSED] - Text '2025' is set on object 'Object Repository/VLink/Page_CCSale/txt_ExpYear'

2020-12-22 17:05:21 - [MESSAGE][PASSED] - Object 'Object Repository/VLink/Page_CCSale/txt_CVV' is present

2020-12-22 17:05:22 - [MESSAGE][PASSED] - Text '' is set on object 'Object Repository/VLink/Page_CCSale/txt_CVV'

2020-12-22 17:05:22 - [MESSAGE][PASSED] - Object 'Object Repository/VLink/Page_CCSale/txt_CVVstate' is present

2020-12-22 17:05:23 - [MESSAGE][PASSED] - Text '' is set on object 'Object Repository/VLink/Page_CCSale/txt_CVVstate'

2020-12-22 17:05:23 - [MESSAGE][PASSED] - Object 'Object Repository/VLink/Page_CCSale/txt_TrackData' is present

2020-12-22 17:05:24 - [MESSAGE][PASSED] - Text '' is set on object 'Object Repository/VLink/Page_CCSale/txt_TrackData'

2020-12-22 17:05:24 - [MESSAGE][PASSED] - Object 'Object Repository/VLink/Page_CCSale/txt_Track1Data' is present

2020-12-22 17:05:25 - [MESSAGE][PASSED] - Text '' is set on object 'Object Repository/VLink/Page_CCSale/txt_Track1Data'

2020-12-22 17:05:25 - [MESSAGE][PASSED] - Object 'Object Repository/VLink/Page_CCSale/txt_Track2Data' is present

2020-12-22 17:05:26 - [MESSAGE][PASSED] - Text '' is set on object 'Object Repository/VLink/Page_CCSale/txt_Track2Data'

2020-12-22 17:05:26 - [MESSAGE][PASSED] - Object 'Object Repository/VLink/Page_CCSale/txt_POSEntryMode' is present

2020-12-22 17:05:27 - [MESSAGE][PASSED] - Text 'manual' is set on object 'Object Repository/VLink/Page_CCSale/txt_POSEntryMode'

2020-12-22 17:05:27 - [MESSAGE][PASSED] - Object 'Object Repository/VLink/Page_CCSale/txt_Email' is present

2020-12-22 17:05:28 - [MESSAGE][PASSED] - Text 'iahmed@govolution.com' is set on object 'Object Repository/VLink/Page_CCSale/txt_Email'

2020-12-22 17:05:28 - [MESSAGE][PASSED] - Object 'Object Repository/VLink/Page_CCSale/txt_OrderNumber' is present

2020-12-22 17:05:29 - [MESSAGE][PASSED] - Text '2569362' is set on object 'Object Repository/VLink/Page_CCSale/txt_OrderNumber'

2020-12-22 17:05:29 - [MESSAGE][PASSED] - Object 'Object Repository/VLink/Page_CCSale/txt_TaxAmount' is present

2020-12-22 17:05:30 - [MESSAGE][PASSED] - Text '1.15' is set on object 'Object Repository/VLink/Page_CCSale/txt_TaxAmount'

2020-12-22 17:05:30 - [MESSAGE][PASSED] - Object 'Object Repository/VLink/Page_CCSale/txt_ChargeDescription' is present

2020-12-22 17:05:31 - [MESSAGE][PASSED] - Text 'Charge Description' is set on object 'Object Repository/VLink/Page_CCSale/txt_ChargeDescription'

2020-12-22 17:05:31 - [MESSAGE][PASSED] - Object 'Object Repository/VLink/Page_CCSale/txt_CAN' is present

2020-12-22 17:05:32 - [MESSAGE][PASSED] - Text '147357' is set on object 'Object Repository/VLink/Page_CCSale/txt_CAN'

2020-12-22 17:05:32 - [MESSAGE][PASSED] - Object 'Object Repository/VLink/Page_CCSale/txt_BillPaymentIndicator' is present

2020-12-22 17:05:33 - [MESSAGE][PASSED] - Text '1' is set on object 'Object Repository/VLink/Page_CCSale/txt_BillPaymentIndicator'

2020-12-22 17:05:33 - [MESSAGE][PASSED] - Object 'Object Repository/VLink/Page_CCSale/txt_UDF1' is present

2020-12-22 17:05:34 - [MESSAGE][PASSED] - Text 'UDF Data 1' is set on object 'Object Repository/VLink/Page_CCSale/txt_UDF1'

2020-12-22 17:05:34 - [MESSAGE][PASSED] - Object 'Object Repository/VLink/Page_CCSale/txt_UDF2' is present

2020-12-22 17:05:35 - [MESSAGE][PASSED] - Text 'UDF Data 2' is set on object 'Object Repository/VLink/Page_CCSale/txt_UDF2'

2020-12-22 17:05:35 - [MESSAGE][PASSED] - Object 'Object Repository/VLink/Page_CCSale/txt_UDF3' is present

2020-12-22 17:05:36 - [MESSAGE][PASSED] - Text 'UDF Data 3' is set on object 'Object Repository/VLink/Page_CCSale/txt_UDF3'

2020-12-22 17:05:36 - [MESSAGE][PASSED] - Object 'Object Repository/VLink/Page_CCSale/txt_UDF4' is present

2020-12-22 17:05:37 - [MESSAGE][PASSED] - Text 'UDF Data 4' is set on object 'Object Repository/VLink/Page_CCSale/txt_UDF4'

2020-12-22 17:05:37 - [MESSAGE][PASSED] - Object 'Object Repository/VLink/Page_CCSale/txt_UDF5' is present

2020-12-22 17:05:38 - [MESSAGE][PASSED] - Text 'UDF Data 5' is set on object 'Object Repository/VLink/Page_CCSale/txt_UDF5'

2020-12-22 17:05:38 - [MESSAGE][PASSED] - Object 'Object Repository/VLink/Page_CCSale/txt_UDF6' is present

2020-12-22 17:05:39 - [MESSAGE][PASSED] - Text 'UDF Data 6' is set on object 'Object Repository/VLink/Page_CCSale/txt_UDF6'

2020-12-22 17:05:39 - [MESSAGE][PASSED] - Object 'Object Repository/VLink/Page_CCSale/txt_UDF7' is present

2020-12-22 17:05:40 - [MESSAGE][PASSED] - Text 'UDF Data 7' is set on object 'Object Repository/VLink/Page_CCSale/txt_UDF7'

2020-12-22 17:05:40 - [MESSAGE][PASSED] - Object 'Object Repository/VLink/Page_CCSale/txt_UDF8' is present

2020-12-22 17:05:41 - [MESSAGE][PASSED] - Text 'UDF Data 8' is set on object 'Object Repository/VLink/Page_CCSale/txt_UDF8'

2020-12-22 17:05:41 - [MESSAGE][PASSED] - Object 'Object Repository/VLink/Page_CCSale/txt_UDF9' is present

2020-12-22 17:05:42 - [MESSAGE][PASSED] - Text 'UDF Data 9' is set on object 'Object Repository/VLink/Page_CCSale/txt_UDF9'

2020-12-22 17:05:42 - [MESSAGE][PASSED] - Object 'Object Repository/VLink/Page_CCSale/txt_UDF10' is present

2020-12-22 17:05:43 - [MESSAGE][PASSED] - Text 'UDF Data 10' is set on object 'Object Repository/VLink/Page_CCSale/txt_UDF10'

2020-12-22 17:05:43 - [MESSAGE][PASSED] - Object 'Object Repository/VLink/Page_CCSale/txt_CardOnFileIndicator' is present

2020-12-22 17:05:44 - [MESSAGE][PASSED] - Text '' is set on object 'Object Repository/VLink/Page_CCSale/txt_CardOnFileIndicator'

2020-12-22 17:05:44 - [MESSAGE][PASSED] - Object 'Object Repository/VLink/Page_CCSale/txt_StoredCredentialIndicator' is present

2020-12-22 17:05:45 - [MESSAGE][PASSED] - Text '' is set on object 'Object Repository/VLink/Page_CCSale/txt_StoredCredentialIndicator'

2020-12-22 17:05:45 - [MESSAGE][PASSED] - Object 'Object Repository/VLink/Page_CCSale/txt_COFScheduledIndicator' is present

2020-12-22 17:05:46 - [MESSAGE][PASSED] - Text '' is set on object 'Object Repository/VLink/Page_CCSale/txt_COFScheduledIndicator'

2020-12-22 17:05:46 - [MESSAGE][PASSED] - Object 'Object Repository/VLink/Page_CCSale/txt_COFTransactionInitiatedBy' is present

2020-12-22 17:05:47 - [MESSAGE][PASSED] - Text '' is set on object 'Object Repository/VLink/Page_CCSale/txt_COFTransactionInitiatedBy'

2020-12-22 17:05:49 - [MESSAGE][PASSED] - Object: 'Object Repository/VLink/Page_CCSale/btn_ProcessVLinkTransaction' is clicked on

2020-12-22 17:05:54 - [MESSAGE][PASSED] - vlinkPages.saleCCPage.setDataSCC is PASSED

2020-12-22 17:05:54 - [TEST_STEP][PASSED] - if (verifyTextPresent("Transaction approved, no errors", true)): null

2020-12-22 17:05:54 - [MESSAGE][PASSED] - Text 'Transaction approved, no errors' is present on page  using regular expression

2020-12-22 17:05:54 - [TEST_STEP][PASSED] - println("Transaction Approved, no errors text is present on the Confirmation page"): null

2020-12-22 17:05:54 - [TEST_STEP][PASSED] - out.println("Pass Record Number: " + row): null

2020-12-22 17:05:54 - [TEST_STEP][PASSED] - sdfo = getText(findTestObject("Object Repository/Page_VLinkReceipt/pre_STX")): Text of object 'Object Repository/Page_VLinkReceipt/pre_STX' is: '<STX>phTfuUkQHA2S                  12087912            0  Transaction approved, no errors                   0                                                                                  X OK9180   <ETX>'

2020-12-22 17:05:55 - [MESSAGE][PASSED] - Text of object 'Object Repository/Page_VLinkReceipt/pre_STX' is: '<STX>phTfuUkQHA2S                  12087912            0  Transaction approved, no errors                   0                                                                                  X OK9180   <ETX>'

2020-12-22 17:05:55 - [TEST_STEP][PASSED] - out.println("sdfo: " + sdfo): null

2020-12-22 17:05:55 - [TEST_STEP][PASSED] - remID = substring(5, 35).trim(): null

2020-12-22 17:05:55 - [TEST_STEP][PASSED] - out.println("Remittance ID: " + remID): null

2020-12-22 17:05:55 - [TEST_STEP][PASSED] - traxID = substring(35, 55).trim(): null

2020-12-22 17:05:55 - [TEST_STEP][PASSED] - out.println("Transaction ID: " + traxID): null

2020-12-22 17:05:55 - [TEST_STEP][PASSED] - out.println("End Record Number: " + row): null

2020-12-22 17:05:55 - [TEST_STEP][PASSED] - closeBrowser(): Browser is closed

2020-12-22 17:05:56 - [MESSAGE][PASSED] - Browser is closed

2020-12-22 17:05:56 - [TEST_STEP][PASSED] - out.println("Begin Record Number: " + row): null

2020-12-22 17:05:56 - [TEST_STEP][PASSED] - openBrowser(VLinkURL + "authcap.html"): Browser is opened with url: 'https://dev-algorithm.govolution.com/vlinktest/QA/version_2_0/authcap.html'

2020-12-22 17:05:56 - [MESSAGE][INFO] - Starting 'Chrome' driver

2020-12-22 17:05:56 - [MESSAGE][INFO] - User set preference: ['acceptInsecureCerts', 'true']

2020-12-22 17:05:56 - [MESSAGE][INFO] - Action delay is set to 0 milliseconds

2020-12-22 17:06:00 - [MESSAGE][PASSED] - Browser is opened with url: 'https://dev-algorithm.govolution.com/vlinktest/QA/version_2_0/authcap.html'

2020-12-22 17:06:00 - [TEST_STEP][PASSED] - maximizeWindow(): Current window maximized

2020-12-22 17:06:00 - [MESSAGE][PASSED] - Current window maximized

2020-12-22 17:06:00 - [TEST_STEP][PASSED] - vlinkPages.saleCCPage.setDataSCC(row, dataFile): vlinkPages.saleCCPage.setDataSCC is PASSED

2020-12-22 17:06:01 - [MESSAGE][PASSED] - Object 'Object Repository/VLink/Page_CCSale/txt_CardNumber' is present

2020-12-22 17:06:02 - [MESSAGE][PASSED] - Object 'Object Repository/VLink/Page_CCSale/txt_TransactionType' is present

2020-12-22 17:06:02 - [MESSAGE][PASSED] - Text '104' is set on object 'Object Repository/VLink/Page_CCSale/txt_TransactionType'

2020-12-22 17:06:03 - [MESSAGE][PASSED] - Object 'Object Repository/VLink/Page_CCSale/txt_MessageVersion' is present

2020-12-22 17:06:03 - [MESSAGE][PASSED] - Text '2.0C' is set on object 'Object Repository/VLink/Page_CCSale/txt_MessageVersion'

2020-12-22 17:06:04 - [MESSAGE][PASSED] - Object 'Object Repository/VLink/Page_CCSale/txt_RemID' is present

2020-12-22 17:06:04 - [MESSAGE][PASSED] - Text 'NvnHuw0WoBKz' is set on object 'Object Repository/VLink/Page_CCSale/txt_RemID'

2020-12-22 17:06:05 - [MESSAGE][PASSED] - Object 'Object Repository/VLink/Page_CCSale/txt_ApplicationId' is present

2020-12-22 17:06:05 - [MESSAGE][PASSED] - Text '672' is set on object 'Object Repository/VLink/Page_CCSale/txt_ApplicationId'

2020-12-22 17:06:06 - [MESSAGE][PASSED] - Object 'Object Repository/VLink/Page_CCSale/txt_Username' is present

2020-12-22 17:06:06 - [MESSAGE][PASSED] - Text 'username' is set on object 'Object Repository/VLink/Page_CCSale/txt_Username'

2020-12-22 17:06:07 - [MESSAGE][PASSED] - Object 'Object Repository/VLink/Page_CCSale/txt_Password' is present

2020-12-22 17:06:07 - [MESSAGE][PASSED] - Text 'password' is set on object 'Object Repository/VLink/Page_CCSale/txt_Password'

2020-12-22 17:06:08 - [MESSAGE][PASSED] - Object 'Object Repository/VLink/Page_CCSale/txt_ResponseFormat' is present

2020-12-22 17:06:08 - [MESSAGE][PASSED] - Text 'fixed_width' is set on object 'Object Repository/VLink/Page_CCSale/txt_ResponseFormat'

2020-12-22 17:06:08 - [MESSAGE][PASSED] - Object 'Object Repository/VLink/Page_CCSale/txt_Category' is present

2020-12-22 17:06:09 - [MESSAGE][PASSED] - Text 'ECOM' is set on object 'Object Repository/VLink/Page_CCSale/txt_Category'

2020-12-22 17:06:09 - [MESSAGE][PASSED] - Object 'Object Repository/VLink/Page_CCSale/txt_TransactionID' is present

2020-12-22 17:06:10 - [MESSAGE][PASSED] - Text '' is set on object 'Object Repository/VLink/Page_CCSale/txt_TransactionID'

2020-12-22 17:06:10 - [MESSAGE][PASSED] - Object 'Object Repository/VLink/Page_CCSale/txt_ApprovalCode' is present

2020-12-22 17:06:11 - [MESSAGE][PASSED] - Text '' is set on object 'Object Repository/VLink/Page_CCSale/txt_ApprovalCode'

2020-12-22 17:06:11 - [MESSAGE][PASSED] - Object 'Object Repository/VLink/Page_CCSale/txt_CardName' is present

2020-12-22 17:06:12 - [MESSAGE][PASSED] - Text 'Arvind Silva' is set on object 'Object Repository/VLink/Page_CCSale/txt_CardName'

2020-12-22 17:06:12 - [MESSAGE][PASSED] - Object 'Object Repository/VLink/Page_CCSale/txt_AL1' is present

2020-12-22 17:06:12 - [MESSAGE][PASSED] - Text '111 Main Ave' is set on object 'Object Repository/VLink/Page_CCSale/txt_AL1'

2020-12-22 17:06:13 - [MESSAGE][PASSED] - Object 'Object Repository/VLink/Page_CCSale/txt_AL2' is present

2020-12-22 17:06:13 - [MESSAGE][PASSED] - Text '' is set on object 'Object Repository/VLink/Page_CCSale/txt_AL2'

2020-12-22 17:06:14 - [MESSAGE][PASSED] - Object 'Object Repository/VLink/Page_CCSale/txt_CardCity' is present

2020-12-22 17:06:14 - [MESSAGE][PASSED] - Text 'Arlington' is set on object 'Object Repository/VLink/Page_CCSale/txt_CardCity'

2020-12-22 17:06:14 - [MESSAGE][PASSED] - Object 'Object Repository/VLink/Page_CCSale/txt_CardState' is present

2020-12-22 17:06:15 - [MESSAGE][PASSED] - Text 'VA' is set on object 'Object Repository/VLink/Page_CCSale/txt_CardState'

2020-12-22 17:06:15 - [MESSAGE][PASSED] - Object 'Object Repository/VLink/Page_CCSale/txt_CardZIP' is present

2020-12-22 17:06:16 - [MESSAGE][PASSED] - Text '22201' is set on object 'Object Repository/VLink/Page_CCSale/txt_CardZIP'

2020-12-22 17:06:16 - [MESSAGE][PASSED] - Object 'Object Repository/VLink/Page_CCSale/txt_CountryID' is present

2020-12-22 17:06:17 - [MESSAGE][PASSED] - Text '' is set on object 'Object Repository/VLink/Page_CCSale/txt_CountryID'

2020-12-22 17:06:17 - [MESSAGE][PASSED] - Object 'Object Repository/VLink/Page_CCSale/txt_Amount' is present

2020-12-22 17:06:18 - [MESSAGE][PASSED] - Text '2.50' is set on object 'Object Repository/VLink/Page_CCSale/txt_Amount'

2020-12-22 17:06:18 - [MESSAGE][PASSED] - Object 'Object Repository/VLink/Page_CCSale/txt_CardNumber' is present

2020-12-22 17:06:19 - [MESSAGE][PASSED] - Text '370000000000002' is set on object 'Object Repository/VLink/Page_CCSale/txt_CardNumber'

2020-12-22 17:06:20 - [MESSAGE][PASSED] - Object 'Object Repository/VLink/Page_CCSale/txt_ExpMonth' is present

2020-12-22 17:06:20 - [MESSAGE][PASSED] - Text '01' is set on object 'Object Repository/VLink/Page_CCSale/txt_ExpMonth'

2020-12-22 17:06:20 - [MESSAGE][PASSED] - Object 'Object Repository/VLink/Page_CCSale/txt_ExpYear' is present

2020-12-22 17:06:21 - [MESSAGE][PASSED] - Text '2026' is set on object 'Object Repository/VLink/Page_CCSale/txt_ExpYear'

2020-12-22 17:06:21 - [MESSAGE][PASSED] - Object 'Object Repository/VLink/Page_CCSale/txt_CVV' is present

2020-12-22 17:06:22 - [MESSAGE][PASSED] - Text '' is set on object 'Object Repository/VLink/Page_CCSale/txt_CVV'

2020-12-22 17:06:22 - [MESSAGE][PASSED] - Object 'Object Repository/VLink/Page_CCSale/txt_CVVstate' is present

2020-12-22 17:06:23 - [MESSAGE][PASSED] - Text '' is set on object 'Object Repository/VLink/Page_CCSale/txt_CVVstate'

2020-12-22 17:06:23 - [MESSAGE][PASSED] - Object 'Object Repository/VLink/Page_CCSale/txt_TrackData' is present

2020-12-22 17:06:24 - [MESSAGE][PASSED] - Text '' is set on object 'Object Repository/VLink/Page_CCSale/txt_TrackData'

2020-12-22 17:06:24 - [MESSAGE][PASSED] - Object 'Object Repository/VLink/Page_CCSale/txt_Track1Data' is present

2020-12-22 17:06:25 - [MESSAGE][PASSED] - Text '' is set on object 'Object Repository/VLink/Page_CCSale/txt_Track1Data'

2020-12-22 17:06:25 - [MESSAGE][PASSED] - Object 'Object Repository/VLink/Page_CCSale/txt_Track2Data' is present

2020-12-22 17:06:26 - [MESSAGE][PASSED] - Text '' is set on object 'Object Repository/VLink/Page_CCSale/txt_Track2Data'

2020-12-22 17:06:26 - [MESSAGE][PASSED] - Object 'Object Repository/VLink/Page_CCSale/txt_POSEntryMode' is present

2020-12-22 17:06:27 - [MESSAGE][PASSED] - Text 'manual' is set on object 'Object Repository/VLink/Page_CCSale/txt_POSEntryMode'

2020-12-22 17:06:27 - [MESSAGE][PASSED] - Object 'Object Repository/VLink/Page_CCSale/txt_Email' is present

2020-12-22 17:06:28 - [MESSAGE][PASSED] - Text '' is set on object 'Object Repository/VLink/Page_CCSale/txt_Email'

2020-12-22 17:06:28 - [MESSAGE][PASSED] - Object 'Object Repository/VLink/Page_CCSale/txt_OrderNumber' is present

2020-12-22 17:06:29 - [MESSAGE][PASSED] - Text '' is set on object 'Object Repository/VLink/Page_CCSale/txt_OrderNumber'

2020-12-22 17:06:29 - [MESSAGE][PASSED] - Object 'Object Repository/VLink/Page_CCSale/txt_TaxAmount' is present

2020-12-22 17:06:30 - [MESSAGE][PASSED] - Text '' is set on object 'Object Repository/VLink/Page_CCSale/txt_TaxAmount'

2020-12-22 17:06:30 - [MESSAGE][PASSED] - Object 'Object Repository/VLink/Page_CCSale/txt_ChargeDescription' is present

2020-12-22 17:06:31 - [MESSAGE][PASSED] - Text '' is set on object 'Object Repository/VLink/Page_CCSale/txt_ChargeDescription'

2020-12-22 17:06:31 - [MESSAGE][PASSED] - Object 'Object Repository/VLink/Page_CCSale/txt_CAN' is present

2020-12-22 17:06:32 - [MESSAGE][PASSED] - Text '' is set on object 'Object Repository/VLink/Page_CCSale/txt_CAN'

2020-12-22 17:06:32 - [MESSAGE][PASSED] - Object 'Object Repository/VLink/Page_CCSale/txt_BillPaymentIndicator' is present

2020-12-22 17:06:33 - [MESSAGE][PASSED] - Text '' is set on object 'Object Repository/VLink/Page_CCSale/txt_BillPaymentIndicator'

2020-12-22 17:06:33 - [MESSAGE][PASSED] - Object 'Object Repository/VLink/Page_CCSale/txt_UDF1' is present

2020-12-22 17:06:34 - [MESSAGE][PASSED] - Text '' is set on object 'Object Repository/VLink/Page_CCSale/txt_UDF1'

2020-12-22 17:06:34 - [MESSAGE][PASSED] - Object 'Object Repository/VLink/Page_CCSale/txt_UDF2' is present

2020-12-22 17:06:35 - [MESSAGE][PASSED] - Text '' is set on object 'Object Repository/VLink/Page_CCSale/txt_UDF2'

2020-12-22 17:06:35 - [MESSAGE][PASSED] - Object 'Object Repository/VLink/Page_CCSale/txt_UDF3' is present

2020-12-22 17:06:36 - [MESSAGE][PASSED] - Text '' is set on object 'Object Repository/VLink/Page_CCSale/txt_UDF3'

2020-12-22 17:06:36 - [MESSAGE][PASSED] - Object 'Object Repository/VLink/Page_CCSale/txt_UDF4' is present

2020-12-22 17:06:37 - [MESSAGE][PASSED] - Text '' is set on object 'Object Repository/VLink/Page_CCSale/txt_UDF4'

2020-12-22 17:06:37 - [MESSAGE][PASSED] - Object 'Object Repository/VLink/Page_CCSale/txt_UDF5' is present

2020-12-22 17:06:38 - [MESSAGE][PASSED] - Text '' is set on object 'Object Repository/VLink/Page_CCSale/txt_UDF5'

2020-12-22 17:06:38 - [MESSAGE][PASSED] - Object 'Object Repository/VLink/Page_CCSale/txt_UDF6' is present

2020-12-22 17:06:39 - [MESSAGE][PASSED] - Text '' is set on object 'Object Repository/VLink/Page_CCSale/txt_UDF6'

2020-12-22 17:06:39 - [MESSAGE][PASSED] - Object 'Object Repository/VLink/Page_CCSale/txt_UDF7' is present

2020-12-22 17:06:40 - [MESSAGE][PASSED] - Text '' is set on object 'Object Repository/VLink/Page_CCSale/txt_UDF7'

2020-12-22 17:06:40 - [MESSAGE][PASSED] - Object 'Object Repository/VLink/Page_CCSale/txt_UDF8' is present

2020-12-22 17:06:41 - [MESSAGE][PASSED] - Text '' is set on object 'Object Repository/VLink/Page_CCSale/txt_UDF8'

2020-12-22 17:06:41 - [MESSAGE][PASSED] - Object 'Object Repository/VLink/Page_CCSale/txt_UDF9' is present

2020-12-22 17:06:42 - [MESSAGE][PASSED] - Text '' is set on object 'Object Repository/VLink/Page_CCSale/txt_UDF9'

2020-12-22 17:06:42 - [MESSAGE][PASSED] - Object 'Object Repository/VLink/Page_CCSale/txt_UDF10' is present

2020-12-22 17:06:43 - [MESSAGE][PASSED] - Text '' is set on object 'Object Repository/VLink/Page_CCSale/txt_UDF10'

2020-12-22 17:06:43 - [MESSAGE][PASSED] - Object 'Object Repository/VLink/Page_CCSale/txt_CardOnFileIndicator' is present

2020-12-22 17:06:44 - [MESSAGE][PASSED] - Text '' is set on object 'Object Repository/VLink/Page_CCSale/txt_CardOnFileIndicator'

2020-12-22 17:06:44 - [MESSAGE][PASSED] - Object 'Object Repository/VLink/Page_CCSale/txt_StoredCredentialIndicator' is present

2020-12-22 17:06:45 - [MESSAGE][PASSED] - Text '' is set on object 'Object Repository/VLink/Page_CCSale/txt_StoredCredentialIndicator'

2020-12-22 17:06:45 - [MESSAGE][PASSED] - Object 'Object Repository/VLink/Page_CCSale/txt_COFScheduledIndicator' is present

2020-12-22 17:06:46 - [MESSAGE][PASSED] - Text '' is set on object 'Object Repository/VLink/Page_CCSale/txt_COFScheduledIndicator'

2020-12-22 17:06:46 - [MESSAGE][PASSED] - Object 'Object Repository/VLink/Page_CCSale/txt_COFTransactionInitiatedBy' is present

2020-12-22 17:06:47 - [MESSAGE][PASSED] - Text '' is set on object 'Object Repository/VLink/Page_CCSale/txt_COFTransactionInitiatedBy'

2020-12-22 17:06:49 - [MESSAGE][PASSED] - Object: 'Object Repository/VLink/Page_CCSale/btn_ProcessVLinkTransaction' is clicked on

2020-12-22 17:06:54 - [MESSAGE][PASSED] - vlinkPages.saleCCPage.setDataSCC is PASSED

2020-12-22 17:06:54 - [TEST_STEP][PASSED] - if (verifyTextPresent("Transaction approved, no errors", true)): null

2020-12-22 17:06:55 - [MESSAGE][PASSED] - Text 'Transaction approved, no errors' is present on page  using regular expression

2020-12-22 17:06:55 - [TEST_STEP][PASSED] - println("Transaction Approved, no errors text is present on the Confirmation page"): null

2020-12-22 17:06:55 - [TEST_STEP][PASSED] - out.println("Pass Record Number: " + row): null

2020-12-22 17:06:55 - [TEST_STEP][PASSED] - sdfo = getText(findTestObject("Object Repository/Page_VLinkReceipt/pre_STX")): Text of object 'Object Repository/Page_VLinkReceipt/pre_STX' is: '<STX>NvnHuw0WoBKz                  12087913            0  Transaction approved, no errors                   0                                                                                  X OK9370   <ETX>'

2020-12-22 17:06:55 - [MESSAGE][PASSED] - Text of object 'Object Repository/Page_VLinkReceipt/pre_STX' is: '<STX>NvnHuw0WoBKz                  12087913            0  Transaction approved, no errors                   0                                                                                  X OK9370   <ETX>'

2020-12-22 17:06:55 - [TEST_STEP][PASSED] - out.println("sdfo: " + sdfo): null

2020-12-22 17:06:55 - [TEST_STEP][PASSED] - remID = substring(5, 35).trim(): null

2020-12-22 17:06:55 - [TEST_STEP][PASSED] - out.println("Remittance ID: " + remID): null

2020-12-22 17:06:55 - [TEST_STEP][PASSED] - traxID = substring(35, 55).trim(): null

2020-12-22 17:06:55 - [TEST_STEP][PASSED] - out.println("Transaction ID: " + traxID): null

2020-12-22 17:06:55 - [TEST_STEP][PASSED] - out.println("End Record Number: " + row): null

2020-12-22 17:06:55 - [TEST_STEP][PASSED] - closeBrowser(): Browser is closed

2020-12-22 17:06:56 - [MESSAGE][PASSED] - Browser is closed

2020-12-22 17:06:56 - [TEST_STEP][PASSED] - out.println("Begin Record Number: " + row): null

2020-12-22 17:06:56 - [TEST_STEP][PASSED] - openBrowser(VLinkURL + "authcap.html"): Browser is opened with url: 'https://dev-algorithm.govolution.com/vlinktest/QA/version_2_0/authcap.html'

2020-12-22 17:06:56 - [MESSAGE][INFO] - Starting 'Chrome' driver

2020-12-22 17:06:56 - [MESSAGE][INFO] - User set preference: ['acceptInsecureCerts', 'true']

2020-12-22 17:06:56 - [MESSAGE][INFO] - Action delay is set to 0 milliseconds

2020-12-22 17:06:59 - [MESSAGE][PASSED] - Browser is opened with url: 'https://dev-algorithm.govolution.com/vlinktest/QA/version_2_0/authcap.html'

2020-12-22 17:06:59 - [TEST_STEP][PASSED] - maximizeWindow(): Current window maximized

2020-12-22 17:06:59 - [MESSAGE][PASSED] - Current window maximized

2020-12-22 17:06:59 - [TEST_STEP][PASSED] - vlinkPages.saleCCPage.setDataSCC(row, dataFile): vlinkPages.saleCCPage.setDataSCC is PASSED

2020-12-22 17:07:01 - [MESSAGE][PASSED] - Object 'Object Repository/VLink/Page_CCSale/txt_CardNumber' is present

2020-12-22 17:07:01 - [MESSAGE][PASSED] - Object 'Object Repository/VLink/Page_CCSale/txt_TransactionType' is present

2020-12-22 17:07:02 - [MESSAGE][PASSED] - Text '104' is set on object 'Object Repository/VLink/Page_CCSale/txt_TransactionType'

2020-12-22 17:07:02 - [MESSAGE][PASSED] - Object 'Object Repository/VLink/Page_CCSale/txt_MessageVersion' is present

2020-12-22 17:07:03 - [MESSAGE][PASSED] - Text '2.0C' is set on object 'Object Repository/VLink/Page_CCSale/txt_MessageVersion'

2020-12-22 17:07:03 - [MESSAGE][PASSED] - Object 'Object Repository/VLink/Page_CCSale/txt_RemID' is present

2020-12-22 17:07:04 - [MESSAGE][PASSED] - Text 'p9TtE288FYYF' is set on object 'Object Repository/VLink/Page_CCSale/txt_RemID'

2020-12-22 17:07:04 - [MESSAGE][PASSED] - Object 'Object Repository/VLink/Page_CCSale/txt_ApplicationId' is present

2020-12-22 17:07:05 - [MESSAGE][PASSED] - Text '677' is set on object 'Object Repository/VLink/Page_CCSale/txt_ApplicationId'

2020-12-22 17:07:05 - [MESSAGE][PASSED] - Object 'Object Repository/VLink/Page_CCSale/txt_Username' is present

2020-12-22 17:07:05 - [MESSAGE][PASSED] - Text 'username' is set on object 'Object Repository/VLink/Page_CCSale/txt_Username'

2020-12-22 17:07:06 - [MESSAGE][PASSED] - Object 'Object Repository/VLink/Page_CCSale/txt_Password' is present

2020-12-22 17:07:06 - [MESSAGE][PASSED] - Text 'password' is set on object 'Object Repository/VLink/Page_CCSale/txt_Password'

2020-12-22 17:07:07 - [MESSAGE][PASSED] - Object 'Object Repository/VLink/Page_CCSale/txt_ResponseFormat' is present

2020-12-22 17:07:07 - [MESSAGE][PASSED] - Text 'fixed_width' is set on object 'Object Repository/VLink/Page_CCSale/txt_ResponseFormat'

2020-12-22 17:07:07 - [MESSAGE][PASSED] - Object 'Object Repository/VLink/Page_CCSale/txt_Category' is present

2020-12-22 17:07:08 - [MESSAGE][PASSED] - Text 'ECOM' is set on object 'Object Repository/VLink/Page_CCSale/txt_Category'

2020-12-22 17:07:08 - [MESSAGE][PASSED] - Object 'Object Repository/VLink/Page_CCSale/txt_TransactionID' is present

2020-12-22 17:07:09 - [MESSAGE][PASSED] - Text '' is set on object 'Object Repository/VLink/Page_CCSale/txt_TransactionID'

2020-12-22 17:07:09 - [MESSAGE][PASSED] - Object 'Object Repository/VLink/Page_CCSale/txt_ApprovalCode' is present

2020-12-22 17:07:10 - [MESSAGE][PASSED] - Text '' is set on object 'Object Repository/VLink/Page_CCSale/txt_ApprovalCode'

2020-12-22 17:07:10 - [MESSAGE][PASSED] - Object 'Object Repository/VLink/Page_CCSale/txt_CardName' is present

2020-12-22 17:07:11 - [MESSAGE][PASSED] - Text 'Roshan Maha' is set on object 'Object Repository/VLink/Page_CCSale/txt_CardName'

2020-12-22 17:07:11 - [MESSAGE][PASSED] - Object 'Object Repository/VLink/Page_CCSale/txt_AL1' is present

2020-12-22 17:07:12 - [MESSAGE][PASSED] - Text '12563 Bazaar road' is set on object 'Object Repository/VLink/Page_CCSale/txt_AL1'

2020-12-22 17:07:12 - [MESSAGE][PASSED] - Object 'Object Repository/VLink/Page_CCSale/txt_AL2' is present

2020-12-22 17:07:13 - [MESSAGE][PASSED] - Text '' is set on object 'Object Repository/VLink/Page_CCSale/txt_AL2'

2020-12-22 17:07:13 - [MESSAGE][PASSED] - Object 'Object Repository/VLink/Page_CCSale/txt_CardCity' is present

2020-12-22 17:07:14 - [MESSAGE][PASSED] - Text 'Crofton' is set on object 'Object Repository/VLink/Page_CCSale/txt_CardCity'

2020-12-22 17:07:14 - [MESSAGE][PASSED] - Object 'Object Repository/VLink/Page_CCSale/txt_CardState' is present

2020-12-22 17:07:15 - [MESSAGE][PASSED] - Text 'MD' is set on object 'Object Repository/VLink/Page_CCSale/txt_CardState'

2020-12-22 17:07:15 - [MESSAGE][PASSED] - Object 'Object Repository/VLink/Page_CCSale/txt_CardZIP' is present

2020-12-22 17:07:16 - [MESSAGE][PASSED] - Text '21114' is set on object 'Object Repository/VLink/Page_CCSale/txt_CardZIP'

2020-12-22 17:07:16 - [MESSAGE][PASSED] - Object 'Object Repository/VLink/Page_CCSale/txt_CountryID' is present

2020-12-22 17:07:17 - [MESSAGE][PASSED] - Text '' is set on object 'Object Repository/VLink/Page_CCSale/txt_CountryID'

2020-12-22 17:07:17 - [MESSAGE][PASSED] - Object 'Object Repository/VLink/Page_CCSale/txt_Amount' is present

2020-12-22 17:07:18 - [MESSAGE][PASSED] - Text '3.50' is set on object 'Object Repository/VLink/Page_CCSale/txt_Amount'

2020-12-22 17:07:18 - [MESSAGE][PASSED] - Object 'Object Repository/VLink/Page_CCSale/txt_CardNumber' is present

2020-12-22 17:07:19 - [MESSAGE][PASSED] - Text '370000000000002' is set on object 'Object Repository/VLink/Page_CCSale/txt_CardNumber'

2020-12-22 17:07:19 - [MESSAGE][PASSED] - Object 'Object Repository/VLink/Page_CCSale/txt_ExpMonth' is present

2020-12-22 17:07:20 - [MESSAGE][PASSED] - Text '01' is set on object 'Object Repository/VLink/Page_CCSale/txt_ExpMonth'

2020-12-22 17:07:20 - [MESSAGE][PASSED] - Object 'Object Repository/VLink/Page_CCSale/txt_ExpYear' is present

2020-12-22 17:07:21 - [MESSAGE][PASSED] - Text '2026' is set on object 'Object Repository/VLink/Page_CCSale/txt_ExpYear'

2020-12-22 17:07:21 - [MESSAGE][PASSED] - Object 'Object Repository/VLink/Page_CCSale/txt_CVV' is present

2020-12-22 17:07:21 - [MESSAGE][PASSED] - Text '' is set on object 'Object Repository/VLink/Page_CCSale/txt_CVV'

2020-12-22 17:07:22 - [MESSAGE][PASSED] - Object 'Object Repository/VLink/Page_CCSale/txt_CVVstate' is present

2020-12-22 17:07:22 - [MESSAGE][PASSED] - Text '' is set on object 'Object Repository/VLink/Page_CCSale/txt_CVVstate'

2020-12-22 17:07:23 - [MESSAGE][PASSED] - Object 'Object Repository/VLink/Page_CCSale/txt_TrackData' is present

2020-12-22 17:07:23 - [MESSAGE][PASSED] - Text '' is set on object 'Object Repository/VLink/Page_CCSale/txt_TrackData'

2020-12-22 17:07:24 - [MESSAGE][PASSED] - Object 'Object Repository/VLink/Page_CCSale/txt_Track1Data' is present

2020-12-22 17:07:24 - [MESSAGE][PASSED] - Text '' is set on object 'Object Repository/VLink/Page_CCSale/txt_Track1Data'

2020-12-22 17:07:25 - [MESSAGE][PASSED] - Object 'Object Repository/VLink/Page_CCSale/txt_Track2Data' is present

2020-12-22 17:07:25 - [MESSAGE][PASSED] - Text '' is set on object 'Object Repository/VLink/Page_CCSale/txt_Track2Data'

2020-12-22 17:07:26 - [MESSAGE][PASSED] - Object 'Object Repository/VLink/Page_CCSale/txt_POSEntryMode' is present

2020-12-22 17:07:26 - [MESSAGE][PASSED] - Text 'manual' is set on object 'Object Repository/VLink/Page_CCSale/txt_POSEntryMode'

2020-12-22 17:07:27 - [MESSAGE][PASSED] - Object 'Object Repository/VLink/Page_CCSale/txt_Email' is present

2020-12-22 17:07:27 - [MESSAGE][PASSED] - Text '' is set on object 'Object Repository/VLink/Page_CCSale/txt_Email'

2020-12-22 17:07:28 - [MESSAGE][PASSED] - Object 'Object Repository/VLink/Page_CCSale/txt_OrderNumber' is present

2020-12-22 17:07:28 - [MESSAGE][PASSED] - Text '' is set on object 'Object Repository/VLink/Page_CCSale/txt_OrderNumber'

2020-12-22 17:07:29 - [MESSAGE][PASSED] - Object 'Object Repository/VLink/Page_CCSale/txt_TaxAmount' is present

2020-12-22 17:07:29 - [MESSAGE][PASSED] - Text '' is set on object 'Object Repository/VLink/Page_CCSale/txt_TaxAmount'

2020-12-22 17:07:30 - [MESSAGE][PASSED] - Object 'Object Repository/VLink/Page_CCSale/txt_ChargeDescription' is present

2020-12-22 17:07:30 - [MESSAGE][PASSED] - Text '' is set on object 'Object Repository/VLink/Page_CCSale/txt_ChargeDescription'

2020-12-22 17:07:31 - [MESSAGE][PASSED] - Object 'Object Repository/VLink/Page_CCSale/txt_CAN' is present

2020-12-22 17:07:31 - [MESSAGE][PASSED] - Text '' is set on object 'Object Repository/VLink/Page_CCSale/txt_CAN'

2020-12-22 17:07:32 - [MESSAGE][PASSED] - Object 'Object Repository/VLink/Page_CCSale/txt_BillPaymentIndicator' is present

2020-12-22 17:07:32 - [MESSAGE][PASSED] - Text '' is set on object 'Object Repository/VLink/Page_CCSale/txt_BillPaymentIndicator'

2020-12-22 17:07:33 - [MESSAGE][PASSED] - Object 'Object Repository/VLink/Page_CCSale/txt_UDF1' is present

2020-12-22 17:07:33 - [MESSAGE][PASSED] - Text '' is set on object 'Object Repository/VLink/Page_CCSale/txt_UDF1'

2020-12-22 17:07:34 - [MESSAGE][PASSED] - Object 'Object Repository/VLink/Page_CCSale/txt_UDF2' is present

2020-12-22 17:07:34 - [MESSAGE][PASSED] - Text '' is set on object 'Object Repository/VLink/Page_CCSale/txt_UDF2'

2020-12-22 17:07:35 - [MESSAGE][PASSED] - Object 'Object Repository/VLink/Page_CCSale/txt_UDF3' is present

2020-12-22 17:07:35 - [MESSAGE][PASSED] - Text '' is set on object 'Object Repository/VLink/Page_CCSale/txt_UDF3'

2020-12-22 17:07:35 - [MESSAGE][PASSED] - Object 'Object Repository/VLink/Page_CCSale/txt_UDF4' is present

2020-12-22 17:07:36 - [MESSAGE][PASSED] - Text '' is set on object 'Object Repository/VLink/Page_CCSale/txt_UDF4'

2020-12-22 17:07:36 - [MESSAGE][PASSED] - Object 'Object Repository/VLink/Page_CCSale/txt_UDF5' is present

2020-12-22 17:07:37 - [MESSAGE][PASSED] - Text '' is set on object 'Object Repository/VLink/Page_CCSale/txt_UDF5'

2020-12-22 17:07:37 - [MESSAGE][PASSED] - Object 'Object Repository/VLink/Page_CCSale/txt_UDF6' is present

2020-12-22 17:07:38 - [MESSAGE][PASSED] - Text '' is set on object 'Object Repository/VLink/Page_CCSale/txt_UDF6'

2020-12-22 17:07:38 - [MESSAGE][PASSED] - Object 'Object Repository/VLink/Page_CCSale/txt_UDF7' is present

2020-12-22 17:07:39 - [MESSAGE][PASSED] - Text '' is set on object 'Object Repository/VLink/Page_CCSale/txt_UDF7'

2020-12-22 17:07:39 - [MESSAGE][PASSED] - Object 'Object Repository/VLink/Page_CCSale/txt_UDF8' is present

2020-12-22 17:07:40 - [MESSAGE][PASSED] - Text '' is set on object 'Object Repository/VLink/Page_CCSale/txt_UDF8'

2020-12-22 17:07:40 - [MESSAGE][PASSED] - Object 'Object Repository/VLink/Page_CCSale/txt_UDF9' is present

2020-12-22 17:07:41 - [MESSAGE][PASSED] - Text '' is set on object 'Object Repository/VLink/Page_CCSale/txt_UDF9'

2020-12-22 17:07:41 - [MESSAGE][PASSED] - Object 'Object Repository/VLink/Page_CCSale/txt_UDF10' is present

2020-12-22 17:07:42 - [MESSAGE][PASSED] - Text '' is set on object 'Object Repository/VLink/Page_CCSale/txt_UDF10'

2020-12-22 17:07:42 - [MESSAGE][PASSED] - Object 'Object Repository/VLink/Page_CCSale/txt_CardOnFileIndicator' is present

2020-12-22 17:07:43 - [MESSAGE][PASSED] - Text '' is set on object 'Object Repository/VLink/Page_CCSale/txt_CardOnFileIndicator'

2020-12-22 17:07:43 - [MESSAGE][PASSED] - Object 'Object Repository/VLink/Page_CCSale/txt_StoredCredentialIndicator' is present

2020-12-22 17:07:44 - [MESSAGE][PASSED] - Text '' is set on object 'Object Repository/VLink/Page_CCSale/txt_StoredCredentialIndicator'

2020-12-22 17:07:44 - [MESSAGE][PASSED] - Object 'Object Repository/VLink/Page_CCSale/txt_COFScheduledIndicator' is present

2020-12-22 17:07:45 - [MESSAGE][PASSED] - Text '' is set on object 'Object Repository/VLink/Page_CCSale/txt_COFScheduledIndicator'

2020-12-22 17:07:45 - [MESSAGE][PASSED] - Object 'Object Repository/VLink/Page_CCSale/txt_COFTransactionInitiatedBy' is present

2020-12-22 17:07:45 - [MESSAGE][PASSED] - Text '' is set on object 'Object Repository/VLink/Page_CCSale/txt_COFTransactionInitiatedBy'

2020-12-22 17:07:48 - [MESSAGE][PASSED] - Object: 'Object Repository/VLink/Page_CCSale/btn_ProcessVLinkTransaction' is clicked on

2020-12-22 17:07:53 - [MESSAGE][PASSED] - vlinkPages.saleCCPage.setDataSCC is PASSED

2020-12-22 17:07:53 - [TEST_STEP][PASSED] - if (verifyTextPresent("Transaction approved, no errors", true)): null

2020-12-22 17:07:53 - [MESSAGE][PASSED] - Text 'Transaction approved, no errors' is present on page  using regular expression

2020-12-22 17:07:53 - [TEST_STEP][PASSED] - println("Transaction Approved, no errors text is present on the Confirmation page"): null

2020-12-22 17:07:53 - [TEST_STEP][PASSED] - out.println("Pass Record Number: " + row): null

2020-12-22 17:07:53 - [TEST_STEP][PASSED] - sdfo = getText(findTestObject("Object Repository/Page_VLinkReceipt/pre_STX")): Text of object 'Object Repository/Page_VLinkReceipt/pre_STX' is: '<STX>p9TtE288FYYF                  12087914            0  Transaction approved, no errors                   0                                                                                  X OK9550   <ETX>'

2020-12-22 17:07:54 - [MESSAGE][PASSED] - Text of object 'Object Repository/Page_VLinkReceipt/pre_STX' is: '<STX>p9TtE288FYYF                  12087914            0  Transaction approved, no errors                   0                                                                                  X OK9550   <ETX>'

2020-12-22 17:07:54 - [TEST_STEP][PASSED] - out.println("sdfo: " + sdfo): null

2020-12-22 17:07:54 - [TEST_STEP][PASSED] - remID = substring(5, 35).trim(): null

2020-12-22 17:07:54 - [TEST_STEP][PASSED] - out.println("Remittance ID: " + remID): null

2020-12-22 17:07:54 - [TEST_STEP][PASSED] - traxID = substring(35, 55).trim(): null

2020-12-22 17:07:54 - [TEST_STEP][PASSED] - out.println("Transaction ID: " + traxID): null

2020-12-22 17:07:54 - [TEST_STEP][PASSED] - out.println("End Record Number: " + row): null

2020-12-22 17:07:54 - [TEST_STEP][PASSED] - closeBrowser(): Browser is closed

2020-12-22 17:07:54 - [MESSAGE][PASSED] - Browser is closed

2020-12-22 17:07:54 - [TEST_STEP][PASSED] - out.println("Begin Record Number: " + row): null

2020-12-22 17:07:54 - [TEST_STEP][PASSED] - openBrowser(VLinkURL + "authcap.html"): Browser is opened with url: 'https://dev-algorithm.govolution.com/vlinktest/QA/version_2_0/authcap.html'

2020-12-22 17:07:54 - [MESSAGE][INFO] - Starting 'Chrome' driver

2020-12-22 17:07:54 - [MESSAGE][INFO] - User set preference: ['acceptInsecureCerts', 'true']

2020-12-22 17:07:54 - [MESSAGE][INFO] - Action delay is set to 0 milliseconds

2020-12-22 17:07:58 - [MESSAGE][PASSED] - Browser is opened with url: 'https://dev-algorithm.govolution.com/vlinktest/QA/version_2_0/authcap.html'

2020-12-22 17:07:58 - [TEST_STEP][PASSED] - maximizeWindow(): Current window maximized

2020-12-22 17:07:58 - [MESSAGE][PASSED] - Current window maximized

2020-12-22 17:07:58 - [TEST_STEP][PASSED] - vlinkPages.saleCCPage.setDataSCC(row, dataFile): vlinkPages.saleCCPage.setDataSCC is PASSED

2020-12-22 17:08:00 - [MESSAGE][PASSED] - Object 'Object Repository/VLink/Page_CCSale/txt_CardNumber' is present

2020-12-22 17:08:00 - [MESSAGE][PASSED] - Object 'Object Repository/VLink/Page_CCSale/txt_TransactionType' is present

2020-12-22 17:08:01 - [MESSAGE][PASSED] - Text '104' is set on object 'Object Repository/VLink/Page_CCSale/txt_TransactionType'

2020-12-22 17:08:01 - [MESSAGE][PASSED] - Object 'Object Repository/VLink/Page_CCSale/txt_MessageVersion' is present

2020-12-22 17:08:01 - [MESSAGE][PASSED] - Text '2.0C' is set on object 'Object Repository/VLink/Page_CCSale/txt_MessageVersion'

2020-12-22 17:08:02 - [MESSAGE][PASSED] - Object 'Object Repository/VLink/Page_CCSale/txt_RemID' is present

2020-12-22 17:08:02 - [MESSAGE][PASSED] - Text 'DyHZETIwCBC3' is set on object 'Object Repository/VLink/Page_CCSale/txt_RemID'

2020-12-22 17:08:03 - [MESSAGE][PASSED] - Object 'Object Repository/VLink/Page_CCSale/txt_ApplicationId' is present

2020-12-22 17:08:03 - [MESSAGE][PASSED] - Text '665' is set on object 'Object Repository/VLink/Page_CCSale/txt_ApplicationId'

2020-12-22 17:08:04 - [MESSAGE][PASSED] - Object 'Object Repository/VLink/Page_CCSale/txt_Username' is present

2020-12-22 17:08:04 - [MESSAGE][PASSED] - Text 'username' is set on object 'Object Repository/VLink/Page_CCSale/txt_Username'

2020-12-22 17:08:04 - [MESSAGE][PASSED] - Object 'Object Repository/VLink/Page_CCSale/txt_Password' is present

2020-12-22 17:08:05 - [MESSAGE][PASSED] - Text 'password' is set on object 'Object Repository/VLink/Page_CCSale/txt_Password'

2020-12-22 17:08:05 - [MESSAGE][PASSED] - Object 'Object Repository/VLink/Page_CCSale/txt_ResponseFormat' is present

2020-12-22 17:08:06 - [MESSAGE][PASSED] - Text 'fixed_width' is set on object 'Object Repository/VLink/Page_CCSale/txt_ResponseFormat'

2020-12-22 17:08:06 - [MESSAGE][PASSED] - Object 'Object Repository/VLink/Page_CCSale/txt_Category' is present

2020-12-22 17:08:07 - [MESSAGE][PASSED] - Text 'ECOM' is set on object 'Object Repository/VLink/Page_CCSale/txt_Category'

2020-12-22 17:08:07 - [MESSAGE][PASSED] - Object 'Object Repository/VLink/Page_CCSale/txt_TransactionID' is present

2020-12-22 17:08:08 - [MESSAGE][PASSED] - Text '' is set on object 'Object Repository/VLink/Page_CCSale/txt_TransactionID'

2020-12-22 17:08:08 - [MESSAGE][PASSED] - Object 'Object Repository/VLink/Page_CCSale/txt_ApprovalCode' is present

2020-12-22 17:08:08 - [MESSAGE][PASSED] - Text '' is set on object 'Object Repository/VLink/Page_CCSale/txt_ApprovalCode'

2020-12-22 17:08:09 - [MESSAGE][PASSED] - Object 'Object Repository/VLink/Page_CCSale/txt_CardName' is present

2020-12-22 17:08:09 - [MESSAGE][PASSED] - Text 'Kris Roshan' is set on object 'Object Repository/VLink/Page_CCSale/txt_CardName'

2020-12-22 17:08:10 - [MESSAGE][PASSED] - Object 'Object Repository/VLink/Page_CCSale/txt_AL1' is present

2020-12-22 17:08:10 - [MESSAGE][PASSED] - Text '258 Elm Road' is set on object 'Object Repository/VLink/Page_CCSale/txt_AL1'

2020-12-22 17:08:10 - [MESSAGE][PASSED] - Object 'Object Repository/VLink/Page_CCSale/txt_AL2' is present

2020-12-22 17:08:11 - [MESSAGE][PASSED] - Text 'Suite 56' is set on object 'Object Repository/VLink/Page_CCSale/txt_AL2'

2020-12-22 17:08:11 - [MESSAGE][PASSED] - Object 'Object Repository/VLink/Page_CCSale/txt_CardCity' is present

2020-12-22 17:08:12 - [MESSAGE][PASSED] - Text 'Arlington' is set on object 'Object Repository/VLink/Page_CCSale/txt_CardCity'

2020-12-22 17:08:12 - [MESSAGE][PASSED] - Object 'Object Repository/VLink/Page_CCSale/txt_CardState' is present

2020-12-22 17:08:13 - [MESSAGE][PASSED] - Text 'VA' is set on object 'Object Repository/VLink/Page_CCSale/txt_CardState'

2020-12-22 17:08:13 - [MESSAGE][PASSED] - Object 'Object Repository/VLink/Page_CCSale/txt_CardZIP' is present

2020-12-22 17:08:14 - [MESSAGE][PASSED] - Text '22201' is set on object 'Object Repository/VLink/Page_CCSale/txt_CardZIP'

2020-12-22 17:08:14 - [MESSAGE][PASSED] - Object 'Object Repository/VLink/Page_CCSale/txt_CountryID' is present

2020-12-22 17:08:15 - [MESSAGE][PASSED] - Text '840' is set on object 'Object Repository/VLink/Page_CCSale/txt_CountryID'

2020-12-22 17:08:15 - [MESSAGE][PASSED] - Object 'Object Repository/VLink/Page_CCSale/txt_Amount' is present

2020-12-22 17:08:16 - [MESSAGE][PASSED] - Text '1.50' is set on object 'Object Repository/VLink/Page_CCSale/txt_Amount'

2020-12-22 17:08:16 - [MESSAGE][PASSED] - Object 'Object Repository/VLink/Page_CCSale/txt_CardNumber' is present

2020-12-22 17:08:17 - [MESSAGE][PASSED] - Text '6011000000000004' is set on object 'Object Repository/VLink/Page_CCSale/txt_CardNumber'

2020-12-22 17:08:17 - [MESSAGE][PASSED] - Object 'Object Repository/VLink/Page_CCSale/txt_ExpMonth' is present

2020-12-22 17:08:18 - [MESSAGE][PASSED] - Text '12' is set on object 'Object Repository/VLink/Page_CCSale/txt_ExpMonth'

2020-12-22 17:08:18 - [MESSAGE][PASSED] - Object 'Object Repository/VLink/Page_CCSale/txt_ExpYear' is present

2020-12-22 17:08:19 - [MESSAGE][PASSED] - Text '2025' is set on object 'Object Repository/VLink/Page_CCSale/txt_ExpYear'

2020-12-22 17:08:19 - [MESSAGE][PASSED] - Object 'Object Repository/VLink/Page_CCSale/txt_CVV' is present

2020-12-22 17:08:20 - [MESSAGE][PASSED] - Text '' is set on object 'Object Repository/VLink/Page_CCSale/txt_CVV'

2020-12-22 17:08:20 - [MESSAGE][PASSED] - Object 'Object Repository/VLink/Page_CCSale/txt_CVVstate' is present

2020-12-22 17:08:21 - [MESSAGE][PASSED] - Text '' is set on object 'Object Repository/VLink/Page_CCSale/txt_CVVstate'

2020-12-22 17:08:21 - [MESSAGE][PASSED] - Object 'Object Repository/VLink/Page_CCSale/txt_TrackData' is present

2020-12-22 17:08:22 - [MESSAGE][PASSED] - Text '' is set on object 'Object Repository/VLink/Page_CCSale/txt_TrackData'

2020-12-22 17:08:22 - [MESSAGE][PASSED] - Object 'Object Repository/VLink/Page_CCSale/txt_Track1Data' is present

2020-12-22 17:08:23 - [MESSAGE][PASSED] - Text '' is set on object 'Object Repository/VLink/Page_CCSale/txt_Track1Data'

2020-12-22 17:08:23 - [MESSAGE][PASSED] - Object 'Object Repository/VLink/Page_CCSale/txt_Track2Data' is present

2020-12-22 17:08:24 - [MESSAGE][PASSED] - Text '' is set on object 'Object Repository/VLink/Page_CCSale/txt_Track2Data'

2020-12-22 17:08:24 - [MESSAGE][PASSED] - Object 'Object Repository/VLink/Page_CCSale/txt_POSEntryMode' is present

2020-12-22 17:08:25 - [MESSAGE][PASSED] - Text 'manual' is set on object 'Object Repository/VLink/Page_CCSale/txt_POSEntryMode'

2020-12-22 17:08:25 - [MESSAGE][PASSED] - Object 'Object Repository/VLink/Page_CCSale/txt_Email' is present

2020-12-22 17:08:26 - [MESSAGE][PASSED] - Text 'iahmed@govolution.com' is set on object 'Object Repository/VLink/Page_CCSale/txt_Email'

2020-12-22 17:08:26 - [MESSAGE][PASSED] - Object 'Object Repository/VLink/Page_CCSale/txt_OrderNumber' is present

2020-12-22 17:08:27 - [MESSAGE][PASSED] - Text '2569362' is set on object 'Object Repository/VLink/Page_CCSale/txt_OrderNumber'

2020-12-22 17:08:27 - [MESSAGE][PASSED] - Object 'Object Repository/VLink/Page_CCSale/txt_TaxAmount' is present

2020-12-22 17:08:28 - [MESSAGE][PASSED] - Text '1.15' is set on object 'Object Repository/VLink/Page_CCSale/txt_TaxAmount'

2020-12-22 17:08:28 - [MESSAGE][PASSED] - Object 'Object Repository/VLink/Page_CCSale/txt_ChargeDescription' is present

2020-12-22 17:08:29 - [MESSAGE][PASSED] - Text 'Charge Description' is set on object 'Object Repository/VLink/Page_CCSale/txt_ChargeDescription'

2020-12-22 17:08:29 - [MESSAGE][PASSED] - Object 'Object Repository/VLink/Page_CCSale/txt_CAN' is present

2020-12-22 17:08:30 - [MESSAGE][PASSED] - Text '147357' is set on object 'Object Repository/VLink/Page_CCSale/txt_CAN'

2020-12-22 17:08:30 - [MESSAGE][PASSED] - Object 'Object Repository/VLink/Page_CCSale/txt_BillPaymentIndicator' is present

2020-12-22 17:08:31 - [MESSAGE][PASSED] - Text '1' is set on object 'Object Repository/VLink/Page_CCSale/txt_BillPaymentIndicator'

2020-12-22 17:08:31 - [MESSAGE][PASSED] - Object 'Object Repository/VLink/Page_CCSale/txt_UDF1' is present

2020-12-22 17:08:32 - [MESSAGE][PASSED] - Text 'UDF Data 1' is set on object 'Object Repository/VLink/Page_CCSale/txt_UDF1'

2020-12-22 17:08:32 - [MESSAGE][PASSED] - Object 'Object Repository/VLink/Page_CCSale/txt_UDF2' is present

2020-12-22 17:08:33 - [MESSAGE][PASSED] - Text 'UDF Data 2' is set on object 'Object Repository/VLink/Page_CCSale/txt_UDF2'

2020-12-22 17:08:33 - [MESSAGE][PASSED] - Object 'Object Repository/VLink/Page_CCSale/txt_UDF3' is present

2020-12-22 17:08:34 - [MESSAGE][PASSED] - Text 'UDF Data 3' is set on object 'Object Repository/VLink/Page_CCSale/txt_UDF3'

2020-12-22 17:08:34 - [MESSAGE][PASSED] - Object 'Object Repository/VLink/Page_CCSale/txt_UDF4' is present

2020-12-22 17:08:35 - [MESSAGE][PASSED] - Text 'UDF Data 4' is set on object 'Object Repository/VLink/Page_CCSale/txt_UDF4'

2020-12-22 17:08:35 - [MESSAGE][PASSED] - Object 'Object Repository/VLink/Page_CCSale/txt_UDF5' is present

2020-12-22 17:08:36 - [MESSAGE][PASSED] - Text 'UDF Data 5' is set on object 'Object Repository/VLink/Page_CCSale/txt_UDF5'

2020-12-22 17:08:36 - [MESSAGE][PASSED] - Object 'Object Repository/VLink/Page_CCSale/txt_UDF6' is present

2020-12-22 17:08:37 - [MESSAGE][PASSED] - Text 'UDF Data 6' is set on object 'Object Repository/VLink/Page_CCSale/txt_UDF6'

2020-12-22 17:08:37 - [MESSAGE][PASSED] - Object 'Object Repository/VLink/Page_CCSale/txt_UDF7' is present

2020-12-22 17:08:38 - [MESSAGE][PASSED] - Text 'UDF Data 7' is set on object 'Object Repository/VLink/Page_CCSale/txt_UDF7'

2020-12-22 17:08:38 - [MESSAGE][PASSED] - Object 'Object Repository/VLink/Page_CCSale/txt_UDF8' is present

2020-12-22 17:08:39 - [MESSAGE][PASSED] - Text 'UDF Data 8' is set on object 'Object Repository/VLink/Page_CCSale/txt_UDF8'

2020-12-22 17:08:39 - [MESSAGE][PASSED] - Object 'Object Repository/VLink/Page_CCSale/txt_UDF9' is present

2020-12-22 17:08:40 - [MESSAGE][PASSED] - Text 'UDF Data 9' is set on object 'Object Repository/VLink/Page_CCSale/txt_UDF9'

2020-12-22 17:08:40 - [MESSAGE][PASSED] - Object 'Object Repository/VLink/Page_CCSale/txt_UDF10' is present

2020-12-22 17:08:41 - [MESSAGE][PASSED] - Text 'UDF Data 10' is set on object 'Object Repository/VLink/Page_CCSale/txt_UDF10'

2020-12-22 17:08:41 - [MESSAGE][PASSED] - Object 'Object Repository/VLink/Page_CCSale/txt_CardOnFileIndicator' is present

2020-12-22 17:08:42 - [MESSAGE][PASSED] - Text '' is set on object 'Object Repository/VLink/Page_CCSale/txt_CardOnFileIndicator'

2020-12-22 17:08:42 - [MESSAGE][PASSED] - Object 'Object Repository/VLink/Page_CCSale/txt_StoredCredentialIndicator' is present

2020-12-22 17:08:43 - [MESSAGE][PASSED] - Text '' is set on object 'Object Repository/VLink/Page_CCSale/txt_StoredCredentialIndicator'

2020-12-22 17:08:43 - [MESSAGE][PASSED] - Object 'Object Repository/VLink/Page_CCSale/txt_COFScheduledIndicator' is present

2020-12-22 17:08:44 - [MESSAGE][PASSED] - Text '' is set on object 'Object Repository/VLink/Page_CCSale/txt_COFScheduledIndicator'

2020-12-22 17:08:44 - [MESSAGE][PASSED] - Object 'Object Repository/VLink/Page_CCSale/txt_COFTransactionInitiatedBy' is present

2020-12-22 17:08:45 - [MESSAGE][PASSED] - Text '' is set on object 'Object Repository/VLink/Page_CCSale/txt_COFTransactionInitiatedBy'

2020-12-22 17:08:47 - [MESSAGE][PASSED] - Object: 'Object Repository/VLink/Page_CCSale/btn_ProcessVLinkTransaction' is clicked on

2020-12-22 17:08:52 - [MESSAGE][PASSED] - vlinkPages.saleCCPage.setDataSCC is PASSED

2020-12-22 17:08:52 - [TEST_STEP][PASSED] - if (verifyTextPresent("Transaction approved, no errors", true)): null

2020-12-22 17:08:52 - [MESSAGE][PASSED] - Text 'Transaction approved, no errors' is present on page  using regular expression

2020-12-22 17:08:52 - [TEST_STEP][PASSED] - println("Transaction Approved, no errors text is present on the Confirmation page"): null

2020-12-22 17:08:52 - [TEST_STEP][PASSED] - out.println("Pass Record Number: " + row): null

2020-12-22 17:08:52 - [TEST_STEP][PASSED] - sdfo = getText(findTestObject("Object Repository/Page_VLinkReceipt/pre_STX")): Text of object 'Object Repository/Page_VLinkReceipt/pre_STX' is: '<STX>DyHZETIwCBC3                  12087916            0  Transaction approved, no errors                   0                                                                                  XXOK9740   <ETX>'

2020-12-22 17:08:53 - [MESSAGE][PASSED] - Text of object 'Object Repository/Page_VLinkReceipt/pre_STX' is: '<STX>DyHZETIwCBC3                  12087916            0  Transaction approved, no errors                   0                                                                                  XXOK9740   <ETX>'

2020-12-22 17:08:53 - [TEST_STEP][PASSED] - out.println("sdfo: " + sdfo): null

2020-12-22 17:08:53 - [TEST_STEP][PASSED] - remID = substring(5, 35).trim(): null

2020-12-22 17:08:53 - [TEST_STEP][PASSED] - out.println("Remittance ID: " + remID): null

2020-12-22 17:08:53 - [TEST_STEP][PASSED] - traxID = substring(35, 55).trim(): null

2020-12-22 17:08:53 - [TEST_STEP][PASSED] - out.println("Transaction ID: " + traxID): null

2020-12-22 17:08:53 - [TEST_STEP][PASSED] - out.println("End Record Number: " + row): null

2020-12-22 17:08:53 - [TEST_STEP][PASSED] - closeBrowser(): Browser is closed

2020-12-22 17:08:54 - [MESSAGE][PASSED] - Browser is closed

2020-12-22 17:08:54 - [TEST_STEP][PASSED] - out.println("Begin Record Number: " + row): null

2020-12-22 17:08:54 - [TEST_STEP][PASSED] - openBrowser(VLinkURL + "authcap.html"): Browser is opened with url: 'https://dev-algorithm.govolution.com/vlinktest/QA/version_2_0/authcap.html'

2020-12-22 17:08:54 - [MESSAGE][INFO] - Starting 'Chrome' driver

2020-12-22 17:08:54 - [MESSAGE][INFO] - User set preference: ['acceptInsecureCerts', 'true']

2020-12-22 17:08:54 - [MESSAGE][INFO] - Action delay is set to 0 milliseconds

2020-12-22 17:08:58 - [MESSAGE][PASSED] - Browser is opened with url: 'https://dev-algorithm.govolution.com/vlinktest/QA/version_2_0/authcap.html'

2020-12-22 17:08:58 - [TEST_STEP][PASSED] - maximizeWindow(): Current window maximized

2020-12-22 17:08:58 - [MESSAGE][PASSED] - Current window maximized

2020-12-22 17:08:58 - [TEST_STEP][PASSED] - vlinkPages.saleCCPage.setDataSCC(row, dataFile): vlinkPages.saleCCPage.setDataSCC is PASSED

2020-12-22 17:08:59 - [MESSAGE][PASSED] - Object 'Object Repository/VLink/Page_CCSale/txt_CardNumber' is present

2020-12-22 17:09:00 - [MESSAGE][PASSED] - Object 'Object Repository/VLink/Page_CCSale/txt_TransactionType' is present

2020-12-22 17:09:00 - [MESSAGE][PASSED] - Text '104' is set on object 'Object Repository/VLink/Page_CCSale/txt_TransactionType'

2020-12-22 17:09:01 - [MESSAGE][PASSED] - Object 'Object Repository/VLink/Page_CCSale/txt_MessageVersion' is present

2020-12-22 17:09:01 - [MESSAGE][PASSED] - Text '2.0C' is set on object 'Object Repository/VLink/Page_CCSale/txt_MessageVersion'

2020-12-22 17:09:01 - [MESSAGE][PASSED] - Object 'Object Repository/VLink/Page_CCSale/txt_RemID' is present

2020-12-22 17:09:02 - [MESSAGE][PASSED] - Text 'Nmv7YCwITTV4' is set on object 'Object Repository/VLink/Page_CCSale/txt_RemID'

2020-12-22 17:09:02 - [MESSAGE][PASSED] - Object 'Object Repository/VLink/Page_CCSale/txt_ApplicationId' is present

2020-12-22 17:09:03 - [MESSAGE][PASSED] - Text '672' is set on object 'Object Repository/VLink/Page_CCSale/txt_ApplicationId'

2020-12-22 17:09:03 - [MESSAGE][PASSED] - Object 'Object Repository/VLink/Page_CCSale/txt_Username' is present

2020-12-22 17:09:04 - [MESSAGE][PASSED] - Text 'username' is set on object 'Object Repository/VLink/Page_CCSale/txt_Username'

2020-12-22 17:09:04 - [MESSAGE][PASSED] - Object 'Object Repository/VLink/Page_CCSale/txt_Password' is present

2020-12-22 17:09:05 - [MESSAGE][PASSED] - Text 'password' is set on object 'Object Repository/VLink/Page_CCSale/txt_Password'

2020-12-22 17:09:05 - [MESSAGE][PASSED] - Object 'Object Repository/VLink/Page_CCSale/txt_ResponseFormat' is present

2020-12-22 17:09:06 - [MESSAGE][PASSED] - Text 'fixed_width' is set on object 'Object Repository/VLink/Page_CCSale/txt_ResponseFormat'

2020-12-22 17:09:06 - [MESSAGE][PASSED] - Object 'Object Repository/VLink/Page_CCSale/txt_Category' is present

2020-12-22 17:09:06 - [MESSAGE][PASSED] - Text 'ECOM' is set on object 'Object Repository/VLink/Page_CCSale/txt_Category'

2020-12-22 17:09:07 - [MESSAGE][PASSED] - Object 'Object Repository/VLink/Page_CCSale/txt_TransactionID' is present

2020-12-22 17:09:07 - [MESSAGE][PASSED] - Text '' is set on object 'Object Repository/VLink/Page_CCSale/txt_TransactionID'

2020-12-22 17:09:08 - [MESSAGE][PASSED] - Object 'Object Repository/VLink/Page_CCSale/txt_ApprovalCode' is present

2020-12-22 17:09:08 - [MESSAGE][PASSED] - Text '' is set on object 'Object Repository/VLink/Page_CCSale/txt_ApprovalCode'

2020-12-22 17:09:09 - [MESSAGE][PASSED] - Object 'Object Repository/VLink/Page_CCSale/txt_CardName' is present

2020-12-22 17:09:09 - [MESSAGE][PASSED] - Text 'Arvind Silva' is set on object 'Object Repository/VLink/Page_CCSale/txt_CardName'

2020-12-22 17:09:10 - [MESSAGE][PASSED] - Object 'Object Repository/VLink/Page_CCSale/txt_AL1' is present

2020-12-22 17:09:10 - [MESSAGE][PASSED] - Text '111 Main Ave' is set on object 'Object Repository/VLink/Page_CCSale/txt_AL1'

2020-12-22 17:09:11 - [MESSAGE][PASSED] - Object 'Object Repository/VLink/Page_CCSale/txt_AL2' is present

2020-12-22 17:09:11 - [MESSAGE][PASSED] - Text '' is set on object 'Object Repository/VLink/Page_CCSale/txt_AL2'

2020-12-22 17:09:11 - [MESSAGE][PASSED] - Object 'Object Repository/VLink/Page_CCSale/txt_CardCity' is present

2020-12-22 17:09:12 - [MESSAGE][PASSED] - Text 'Arlington' is set on object 'Object Repository/VLink/Page_CCSale/txt_CardCity'

2020-12-22 17:09:13 - [MESSAGE][PASSED] - Object 'Object Repository/VLink/Page_CCSale/txt_CardState' is present

2020-12-22 17:09:13 - [MESSAGE][PASSED] - Text 'VA' is set on object 'Object Repository/VLink/Page_CCSale/txt_CardState'

2020-12-22 17:09:14 - [MESSAGE][PASSED] - Object 'Object Repository/VLink/Page_CCSale/txt_CardZIP' is present

2020-12-22 17:09:14 - [MESSAGE][PASSED] - Text '22201' is set on object 'Object Repository/VLink/Page_CCSale/txt_CardZIP'

2020-12-22 17:09:15 - [MESSAGE][PASSED] - Object 'Object Repository/VLink/Page_CCSale/txt_CountryID' is present

2020-12-22 17:09:15 - [MESSAGE][PASSED] - Text '' is set on object 'Object Repository/VLink/Page_CCSale/txt_CountryID'

2020-12-22 17:09:16 - [MESSAGE][PASSED] - Object 'Object Repository/VLink/Page_CCSale/txt_Amount' is present

2020-12-22 17:09:16 - [MESSAGE][PASSED] - Text '2.50' is set on object 'Object Repository/VLink/Page_CCSale/txt_Amount'

2020-12-22 17:09:17 - [MESSAGE][PASSED] - Object 'Object Repository/VLink/Page_CCSale/txt_CardNumber' is present

2020-12-22 17:09:17 - [MESSAGE][PASSED] - Text '6011000000000004' is set on object 'Object Repository/VLink/Page_CCSale/txt_CardNumber'

2020-12-22 17:09:17 - [MESSAGE][PASSED] - Object 'Object Repository/VLink/Page_CCSale/txt_ExpMonth' is present

2020-12-22 17:09:18 - [MESSAGE][PASSED] - Text '01' is set on object 'Object Repository/VLink/Page_CCSale/txt_ExpMonth'

2020-12-22 17:09:18 - [MESSAGE][PASSED] - Object 'Object Repository/VLink/Page_CCSale/txt_ExpYear' is present

2020-12-22 17:09:19 - [MESSAGE][PASSED] - Text '2026' is set on object 'Object Repository/VLink/Page_CCSale/txt_ExpYear'

2020-12-22 17:09:19 - [MESSAGE][PASSED] - Object 'Object Repository/VLink/Page_CCSale/txt_CVV' is present

2020-12-22 17:09:20 - [MESSAGE][PASSED] - Text '' is set on object 'Object Repository/VLink/Page_CCSale/txt_CVV'

2020-12-22 17:09:20 - [MESSAGE][PASSED] - Object 'Object Repository/VLink/Page_CCSale/txt_CVVstate' is present

2020-12-22 17:09:21 - [MESSAGE][PASSED] - Text '' is set on object 'Object Repository/VLink/Page_CCSale/txt_CVVstate'

2020-12-22 17:09:21 - [MESSAGE][PASSED] - Object 'Object Repository/VLink/Page_CCSale/txt_TrackData' is present

2020-12-22 17:09:22 - [MESSAGE][PASSED] - Text '' is set on object 'Object Repository/VLink/Page_CCSale/txt_TrackData'

2020-12-22 17:09:22 - [MESSAGE][PASSED] - Object 'Object Repository/VLink/Page_CCSale/txt_Track1Data' is present

2020-12-22 17:09:23 - [MESSAGE][PASSED] - Text '' is set on object 'Object Repository/VLink/Page_CCSale/txt_Track1Data'

2020-12-22 17:09:23 - [MESSAGE][PASSED] - Object 'Object Repository/VLink/Page_CCSale/txt_Track2Data' is present

2020-12-22 17:09:24 - [MESSAGE][PASSED] - Text '' is set on object 'Object Repository/VLink/Page_CCSale/txt_Track2Data'

2020-12-22 17:09:24 - [MESSAGE][PASSED] - Object 'Object Repository/VLink/Page_CCSale/txt_POSEntryMode' is present

2020-12-22 17:09:25 - [MESSAGE][PASSED] - Text 'manual' is set on object 'Object Repository/VLink/Page_CCSale/txt_POSEntryMode'

2020-12-22 17:09:25 - [MESSAGE][PASSED] - Object 'Object Repository/VLink/Page_CCSale/txt_Email' is present

2020-12-22 17:09:26 - [MESSAGE][PASSED] - Text '' is set on object 'Object Repository/VLink/Page_CCSale/txt_Email'

2020-12-22 17:09:26 - [MESSAGE][PASSED] - Object 'Object Repository/VLink/Page_CCSale/txt_OrderNumber' is present

2020-12-22 17:09:27 - [MESSAGE][PASSED] - Text '' is set on object 'Object Repository/VLink/Page_CCSale/txt_OrderNumber'

2020-12-22 17:09:27 - [MESSAGE][PASSED] - Object 'Object Repository/VLink/Page_CCSale/txt_TaxAmount' is present

2020-12-22 17:09:28 - [MESSAGE][PASSED] - Text '' is set on object 'Object Repository/VLink/Page_CCSale/txt_TaxAmount'

2020-12-22 17:09:28 - [MESSAGE][PASSED] - Object 'Object Repository/VLink/Page_CCSale/txt_ChargeDescription' is present

2020-12-22 17:09:29 - [MESSAGE][PASSED] - Text '' is set on object 'Object Repository/VLink/Page_CCSale/txt_ChargeDescription'

2020-12-22 17:09:29 - [MESSAGE][PASSED] - Object 'Object Repository/VLink/Page_CCSale/txt_CAN' is present

2020-12-22 17:09:30 - [MESSAGE][PASSED] - Text '' is set on object 'Object Repository/VLink/Page_CCSale/txt_CAN'

2020-12-22 17:09:30 - [MESSAGE][PASSED] - Object 'Object Repository/VLink/Page_CCSale/txt_BillPaymentIndicator' is present

2020-12-22 17:09:31 - [MESSAGE][PASSED] - Text '' is set on object 'Object Repository/VLink/Page_CCSale/txt_BillPaymentIndicator'

2020-12-22 17:09:31 - [MESSAGE][PASSED] - Object 'Object Repository/VLink/Page_CCSale/txt_UDF1' is present

2020-12-22 17:09:32 - [MESSAGE][PASSED] - Text '' is set on object 'Object Repository/VLink/Page_CCSale/txt_UDF1'

2020-12-22 17:09:32 - [MESSAGE][PASSED] - Object 'Object Repository/VLink/Page_CCSale/txt_UDF2' is present

2020-12-22 17:09:33 - [MESSAGE][PASSED] - Text '' is set on object 'Object Repository/VLink/Page_CCSale/txt_UDF2'

2020-12-22 17:09:33 - [MESSAGE][PASSED] - Object 'Object Repository/VLink/Page_CCSale/txt_UDF3' is present

2020-12-22 17:09:34 - [MESSAGE][PASSED] - Text '' is set on object 'Object Repository/VLink/Page_CCSale/txt_UDF3'

2020-12-22 17:09:34 - [MESSAGE][PASSED] - Object 'Object Repository/VLink/Page_CCSale/txt_UDF4' is present

2020-12-22 17:09:35 - [MESSAGE][PASSED] - Text '' is set on object 'Object Repository/VLink/Page_CCSale/txt_UDF4'

2020-12-22 17:09:35 - [MESSAGE][PASSED] - Object 'Object Repository/VLink/Page_CCSale/txt_UDF5' is present

2020-12-22 17:09:36 - [MESSAGE][PASSED] - Text '' is set on object 'Object Repository/VLink/Page_CCSale/txt_UDF5'

2020-12-22 17:09:36 - [MESSAGE][PASSED] - Object 'Object Repository/VLink/Page_CCSale/txt_UDF6' is present

2020-12-22 17:09:37 - [MESSAGE][PASSED] - Text '' is set on object 'Object Repository/VLink/Page_CCSale/txt_UDF6'

2020-12-22 17:09:37 - [MESSAGE][PASSED] - Object 'Object Repository/VLink/Page_CCSale/txt_UDF7' is present

2020-12-22 17:09:38 - [MESSAGE][PASSED] - Text '' is set on object 'Object Repository/VLink/Page_CCSale/txt_UDF7'

2020-12-22 17:09:38 - [MESSAGE][PASSED] - Object 'Object Repository/VLink/Page_CCSale/txt_UDF8' is present

2020-12-22 17:09:39 - [MESSAGE][PASSED] - Text '' is set on object 'Object Repository/VLink/Page_CCSale/txt_UDF8'

2020-12-22 17:09:39 - [MESSAGE][PASSED] - Object 'Object Repository/VLink/Page_CCSale/txt_UDF9' is present

2020-12-22 17:09:40 - [MESSAGE][PASSED] - Text '' is set on object 'Object Repository/VLink/Page_CCSale/txt_UDF9'

2020-12-22 17:09:40 - [MESSAGE][PASSED] - Object 'Object Repository/VLink/Page_CCSale/txt_UDF10' is present

2020-12-22 17:09:41 - [MESSAGE][PASSED] - Text '' is set on object 'Object Repository/VLink/Page_CCSale/txt_UDF10'

2020-12-22 17:09:41 - [MESSAGE][PASSED] - Object 'Object Repository/VLink/Page_CCSale/txt_CardOnFileIndicator' is present

2020-12-22 17:09:42 - [MESSAGE][PASSED] - Text '' is set on object 'Object Repository/VLink/Page_CCSale/txt_CardOnFileIndicator'

2020-12-22 17:09:42 - [MESSAGE][PASSED] - Object 'Object Repository/VLink/Page_CCSale/txt_StoredCredentialIndicator' is present

2020-12-22 17:09:43 - [MESSAGE][PASSED] - Text '' is set on object 'Object Repository/VLink/Page_CCSale/txt_StoredCredentialIndicator'

2020-12-22 17:09:43 - [MESSAGE][PASSED] - Object 'Object Repository/VLink/Page_CCSale/txt_COFScheduledIndicator' is present

2020-12-22 17:09:44 - [MESSAGE][PASSED] - Text '' is set on object 'Object Repository/VLink/Page_CCSale/txt_COFScheduledIndicator'

2020-12-22 17:09:44 - [MESSAGE][PASSED] - Object 'Object Repository/VLink/Page_CCSale/txt_COFTransactionInitiatedBy' is present

2020-12-22 17:09:45 - [MESSAGE][PASSED] - Text '' is set on object 'Object Repository/VLink/Page_CCSale/txt_COFTransactionInitiatedBy'

2020-12-22 17:09:47 - [MESSAGE][PASSED] - Object: 'Object Repository/VLink/Page_CCSale/btn_ProcessVLinkTransaction' is clicked on

2020-12-22 17:09:52 - [MESSAGE][PASSED] - vlinkPages.saleCCPage.setDataSCC is PASSED

2020-12-22 17:09:52 - [TEST_STEP][PASSED] - if (verifyTextPresent("Transaction approved, no errors", true)): null

2020-12-22 17:09:52 - [MESSAGE][PASSED] - Text 'Transaction approved, no errors' is present on page  using regular expression

2020-12-22 17:09:52 - [TEST_STEP][PASSED] - println("Transaction Approved, no errors text is present on the Confirmation page"): null

2020-12-22 17:09:52 - [TEST_STEP][PASSED] - out.println("Pass Record Number: " + row): null

2020-12-22 17:09:52 - [TEST_STEP][PASSED] - sdfo = getText(findTestObject("Object Repository/Page_VLinkReceipt/pre_STX")): Text of object 'Object Repository/Page_VLinkReceipt/pre_STX' is: '<STX>Nmv7YCwITTV4                  12087917            0  Transaction approved, no errors                   0                                                                                  XXOK9960   <ETX>'

2020-12-22 17:09:53 - [MESSAGE][PASSED] - Text of object 'Object Repository/Page_VLinkReceipt/pre_STX' is: '<STX>Nmv7YCwITTV4                  12087917            0  Transaction approved, no errors                   0                                                                                  XXOK9960   <ETX>'

2020-12-22 17:09:53 - [TEST_STEP][PASSED] - out.println("sdfo: " + sdfo): null

2020-12-22 17:09:53 - [TEST_STEP][PASSED] - remID = substring(5, 35).trim(): null

2020-12-22 17:09:53 - [TEST_STEP][PASSED] - out.println("Remittance ID: " + remID): null

2020-12-22 17:09:53 - [TEST_STEP][PASSED] - traxID = substring(35, 55).trim(): null

2020-12-22 17:09:53 - [TEST_STEP][PASSED] - out.println("Transaction ID: " + traxID): null

2020-12-22 17:09:53 - [TEST_STEP][PASSED] - out.println("End Record Number: " + row): null

2020-12-22 17:09:53 - [TEST_STEP][PASSED] - closeBrowser(): Browser is closed

2020-12-22 17:09:53 - [MESSAGE][PASSED] - Browser is closed

2020-12-22 17:09:53 - [TEST_STEP][PASSED] - out.println("Begin Record Number: " + row): null

2020-12-22 17:09:53 - [TEST_STEP][PASSED] - openBrowser(VLinkURL + "authcap.html"): Browser is opened with url: 'https://dev-algorithm.govolution.com/vlinktest/QA/version_2_0/authcap.html'

2020-12-22 17:09:53 - [MESSAGE][INFO] - Starting 'Chrome' driver

2020-12-22 17:09:53 - [MESSAGE][INFO] - User set preference: ['acceptInsecureCerts', 'true']

2020-12-22 17:09:53 - [MESSAGE][INFO] - Action delay is set to 0 milliseconds

2020-12-22 17:09:58 - [MESSAGE][PASSED] - Browser is opened with url: 'https://dev-algorithm.govolution.com/vlinktest/QA/version_2_0/authcap.html'

2020-12-22 17:09:58 - [TEST_STEP][PASSED] - maximizeWindow(): Current window maximized

2020-12-22 17:09:58 - [MESSAGE][PASSED] - Current window maximized

2020-12-22 17:09:58 - [TEST_STEP][PASSED] - vlinkPages.saleCCPage.setDataSCC(row, dataFile): vlinkPages.saleCCPage.setDataSCC is PASSED

2020-12-22 17:09:59 - [MESSAGE][PASSED] - Object 'Object Repository/VLink/Page_CCSale/txt_CardNumber' is present

2020-12-22 17:10:00 - [MESSAGE][PASSED] - Object 'Object Repository/VLink/Page_CCSale/txt_TransactionType' is present

2020-12-22 17:10:00 - [MESSAGE][PASSED] - Text '104' is set on object 'Object Repository/VLink/Page_CCSale/txt_TransactionType'

2020-12-22 17:10:01 - [MESSAGE][PASSED] - Object 'Object Repository/VLink/Page_CCSale/txt_MessageVersion' is present

2020-12-22 17:10:01 - [MESSAGE][PASSED] - Text '2.0C' is set on object 'Object Repository/VLink/Page_CCSale/txt_MessageVersion'

2020-12-22 17:10:01 - [MESSAGE][PASSED] - Object 'Object Repository/VLink/Page_CCSale/txt_RemID' is present

2020-12-22 17:10:02 - [MESSAGE][PASSED] - Text 'lLU9QiTIOFhO' is set on object 'Object Repository/VLink/Page_CCSale/txt_RemID'

2020-12-22 17:10:02 - [MESSAGE][PASSED] - Object 'Object Repository/VLink/Page_CCSale/txt_ApplicationId' is present

2020-12-22 17:10:03 - [MESSAGE][PASSED] - Text '677' is set on object 'Object Repository/VLink/Page_CCSale/txt_ApplicationId'

2020-12-22 17:10:03 - [MESSAGE][PASSED] - Object 'Object Repository/VLink/Page_CCSale/txt_Username' is present

2020-12-22 17:10:04 - [MESSAGE][PASSED] - Text 'username' is set on object 'Object Repository/VLink/Page_CCSale/txt_Username'

2020-12-22 17:10:04 - [MESSAGE][PASSED] - Object 'Object Repository/VLink/Page_CCSale/txt_Password' is present

2020-12-22 17:10:05 - [MESSAGE][PASSED] - Text 'password' is set on object 'Object Repository/VLink/Page_CCSale/txt_Password'

2020-12-22 17:10:05 - [MESSAGE][PASSED] - Object 'Object Repository/VLink/Page_CCSale/txt_ResponseFormat' is present

2020-12-22 17:10:06 - [MESSAGE][PASSED] - Text 'fixed_width' is set on object 'Object Repository/VLink/Page_CCSale/txt_ResponseFormat'

2020-12-22 17:10:06 - [MESSAGE][PASSED] - Object 'Object Repository/VLink/Page_CCSale/txt_Category' is present

2020-12-22 17:10:06 - [MESSAGE][PASSED] - Text 'ECOM' is set on object 'Object Repository/VLink/Page_CCSale/txt_Category'

2020-12-22 17:10:07 - [MESSAGE][PASSED] - Object 'Object Repository/VLink/Page_CCSale/txt_TransactionID' is present

2020-12-22 17:10:07 - [MESSAGE][PASSED] - Text '' is set on object 'Object Repository/VLink/Page_CCSale/txt_TransactionID'

2020-12-22 17:10:07 - [MESSAGE][PASSED] - Object 'Object Repository/VLink/Page_CCSale/txt_ApprovalCode' is present

2020-12-22 17:10:08 - [MESSAGE][PASSED] - Text '' is set on object 'Object Repository/VLink/Page_CCSale/txt_ApprovalCode'

2020-12-22 17:10:08 - [MESSAGE][PASSED] - Object 'Object Repository/VLink/Page_CCSale/txt_CardName' is present

2020-12-22 17:10:09 - [MESSAGE][PASSED] - Text 'Roshan Maha' is set on object 'Object Repository/VLink/Page_CCSale/txt_CardName'

2020-12-22 17:10:09 - [MESSAGE][PASSED] - Object 'Object Repository/VLink/Page_CCSale/txt_AL1' is present

2020-12-22 17:10:10 - [MESSAGE][PASSED] - Text '12563 Bazaar road' is set on object 'Object Repository/VLink/Page_CCSale/txt_AL1'

2020-12-22 17:10:10 - [MESSAGE][PASSED] - Object 'Object Repository/VLink/Page_CCSale/txt_AL2' is present

2020-12-22 17:10:11 - [MESSAGE][PASSED] - Text '' is set on object 'Object Repository/VLink/Page_CCSale/txt_AL2'

2020-12-22 17:10:11 - [MESSAGE][PASSED] - Object 'Object Repository/VLink/Page_CCSale/txt_CardCity' is present

2020-12-22 17:10:12 - [MESSAGE][PASSED] - Text 'Crofton' is set on object 'Object Repository/VLink/Page_CCSale/txt_CardCity'

2020-12-22 17:10:12 - [MESSAGE][PASSED] - Object 'Object Repository/VLink/Page_CCSale/txt_CardState' is present

2020-12-22 17:10:13 - [MESSAGE][PASSED] - Text 'MD' is set on object 'Object Repository/VLink/Page_CCSale/txt_CardState'

2020-12-22 17:10:13 - [MESSAGE][PASSED] - Object 'Object Repository/VLink/Page_CCSale/txt_CardZIP' is present

2020-12-22 17:10:14 - [MESSAGE][PASSED] - Text '21114' is set on object 'Object Repository/VLink/Page_CCSale/txt_CardZIP'

2020-12-22 17:10:14 - [MESSAGE][PASSED] - Object 'Object Repository/VLink/Page_CCSale/txt_CountryID' is present

2020-12-22 17:10:15 - [MESSAGE][PASSED] - Text '' is set on object 'Object Repository/VLink/Page_CCSale/txt_CountryID'

2020-12-22 17:10:15 - [MESSAGE][PASSED] - Object 'Object Repository/VLink/Page_CCSale/txt_Amount' is present

2020-12-22 17:10:16 - [MESSAGE][PASSED] - Text '3.50' is set on object 'Object Repository/VLink/Page_CCSale/txt_Amount'

2020-12-22 17:10:16 - [MESSAGE][PASSED] - Object 'Object Repository/VLink/Page_CCSale/txt_CardNumber' is present

2020-12-22 17:10:17 - [MESSAGE][PASSED] - Text '6011000000000004' is set on object 'Object Repository/VLink/Page_CCSale/txt_CardNumber'

2020-12-22 17:10:17 - [MESSAGE][PASSED] - Object 'Object Repository/VLink/Page_CCSale/txt_ExpMonth' is present

2020-12-22 17:10:18 - [MESSAGE][PASSED] - Text '01' is set on object 'Object Repository/VLink/Page_CCSale/txt_ExpMonth'

2020-12-22 17:10:18 - [MESSAGE][PASSED] - Object 'Object Repository/VLink/Page_CCSale/txt_ExpYear' is present

2020-12-22 17:10:19 - [MESSAGE][PASSED] - Text '2026' is set on object 'Object Repository/VLink/Page_CCSale/txt_ExpYear'

2020-12-22 17:10:19 - [MESSAGE][PASSED] - Object 'Object Repository/VLink/Page_CCSale/txt_CVV' is present

2020-12-22 17:10:20 - [MESSAGE][PASSED] - Text '' is set on object 'Object Repository/VLink/Page_CCSale/txt_CVV'

2020-12-22 17:10:20 - [MESSAGE][PASSED] - Object 'Object Repository/VLink/Page_CCSale/txt_CVVstate' is present

2020-12-22 17:10:21 - [MESSAGE][PASSED] - Text '' is set on object 'Object Repository/VLink/Page_CCSale/txt_CVVstate'

2020-12-22 17:10:21 - [MESSAGE][PASSED] - Object 'Object Repository/VLink/Page_CCSale/txt_TrackData' is present

2020-12-22 17:10:22 - [MESSAGE][PASSED] - Text '' is set on object 'Object Repository/VLink/Page_CCSale/txt_TrackData'

2020-12-22 17:10:22 - [MESSAGE][PASSED] - Object 'Object Repository/VLink/Page_CCSale/txt_Track1Data' is present

2020-12-22 17:10:23 - [MESSAGE][PASSED] - Text '' is set on object 'Object Repository/VLink/Page_CCSale/txt_Track1Data'

2020-12-22 17:10:23 - [MESSAGE][PASSED] - Object 'Object Repository/VLink/Page_CCSale/txt_Track2Data' is present

2020-12-22 17:10:24 - [MESSAGE][PASSED] - Text '' is set on object 'Object Repository/VLink/Page_CCSale/txt_Track2Data'

2020-12-22 17:10:24 - [MESSAGE][PASSED] - Object 'Object Repository/VLink/Page_CCSale/txt_POSEntryMode' is present

2020-12-22 17:10:25 - [MESSAGE][PASSED] - Text 'manual' is set on object 'Object Repository/VLink/Page_CCSale/txt_POSEntryMode'

2020-12-22 17:10:25 - [MESSAGE][PASSED] - Object 'Object Repository/VLink/Page_CCSale/txt_Email' is present

2020-12-22 17:10:26 - [MESSAGE][PASSED] - Text '' is set on object 'Object Repository/VLink/Page_CCSale/txt_Email'

2020-12-22 17:10:26 - [MESSAGE][PASSED] - Object 'Object Repository/VLink/Page_CCSale/txt_OrderNumber' is present

2020-12-22 17:10:27 - [MESSAGE][PASSED] - Text '' is set on object 'Object Repository/VLink/Page_CCSale/txt_OrderNumber'

2020-12-22 17:10:27 - [MESSAGE][PASSED] - Object 'Object Repository/VLink/Page_CCSale/txt_TaxAmount' is present

2020-12-22 17:10:28 - [MESSAGE][PASSED] - Text '' is set on object 'Object Repository/VLink/Page_CCSale/txt_TaxAmount'

2020-12-22 17:10:28 - [MESSAGE][PASSED] - Object 'Object Repository/VLink/Page_CCSale/txt_ChargeDescription' is present

2020-12-22 17:10:29 - [MESSAGE][PASSED] - Text '' is set on object 'Object Repository/VLink/Page_CCSale/txt_ChargeDescription'

2020-12-22 17:10:29 - [MESSAGE][PASSED] - Object 'Object Repository/VLink/Page_CCSale/txt_CAN' is present

2020-12-22 17:10:30 - [MESSAGE][PASSED] - Text '' is set on object 'Object Repository/VLink/Page_CCSale/txt_CAN'

2020-12-22 17:10:30 - [MESSAGE][PASSED] - Object 'Object Repository/VLink/Page_CCSale/txt_BillPaymentIndicator' is present

2020-12-22 17:10:31 - [MESSAGE][PASSED] - Text '' is set on object 'Object Repository/VLink/Page_CCSale/txt_BillPaymentIndicator'

2020-12-22 17:10:31 - [MESSAGE][PASSED] - Object 'Object Repository/VLink/Page_CCSale/txt_UDF1' is present

2020-12-22 17:10:32 - [MESSAGE][PASSED] - Text '' is set on object 'Object Repository/VLink/Page_CCSale/txt_UDF1'

2020-12-22 17:10:32 - [MESSAGE][PASSED] - Object 'Object Repository/VLink/Page_CCSale/txt_UDF2' is present

2020-12-22 17:10:33 - [MESSAGE][PASSED] - Text '' is set on object 'Object Repository/VLink/Page_CCSale/txt_UDF2'

2020-12-22 17:10:33 - [MESSAGE][PASSED] - Object 'Object Repository/VLink/Page_CCSale/txt_UDF3' is present

2020-12-22 17:10:34 - [MESSAGE][PASSED] - Text '' is set on object 'Object Repository/VLink/Page_CCSale/txt_UDF3'

2020-12-22 17:10:34 - [MESSAGE][PASSED] - Object 'Object Repository/VLink/Page_CCSale/txt_UDF4' is present

2020-12-22 17:10:35 - [MESSAGE][PASSED] - Text '' is set on object 'Object Repository/VLink/Page_CCSale/txt_UDF4'

2020-12-22 17:10:35 - [MESSAGE][PASSED] - Object 'Object Repository/VLink/Page_CCSale/txt_UDF5' is present

2020-12-22 17:10:36 - [MESSAGE][PASSED] - Text '' is set on object 'Object Repository/VLink/Page_CCSale/txt_UDF5'

2020-12-22 17:10:36 - [MESSAGE][PASSED] - Object 'Object Repository/VLink/Page_CCSale/txt_UDF6' is present

2020-12-22 17:10:37 - [MESSAGE][PASSED] - Text '' is set on object 'Object Repository/VLink/Page_CCSale/txt_UDF6'

2020-12-22 17:10:37 - [MESSAGE][PASSED] - Object 'Object Repository/VLink/Page_CCSale/txt_UDF7' is present

2020-12-22 17:10:38 - [MESSAGE][PASSED] - Text '' is set on object 'Object Repository/VLink/Page_CCSale/txt_UDF7'

2020-12-22 17:10:38 - [MESSAGE][PASSED] - Object 'Object Repository/VLink/Page_CCSale/txt_UDF8' is present

2020-12-22 17:10:39 - [MESSAGE][PASSED] - Text '' is set on object 'Object Repository/VLink/Page_CCSale/txt_UDF8'

2020-12-22 17:10:39 - [MESSAGE][PASSED] - Object 'Object Repository/VLink/Page_CCSale/txt_UDF9' is present

2020-12-22 17:10:39 - [MESSAGE][PASSED] - Text '' is set on object 'Object Repository/VLink/Page_CCSale/txt_UDF9'

2020-12-22 17:10:40 - [MESSAGE][PASSED] - Object 'Object Repository/VLink/Page_CCSale/txt_UDF10' is present

2020-12-22 17:10:40 - [MESSAGE][PASSED] - Text '' is set on object 'Object Repository/VLink/Page_CCSale/txt_UDF10'

2020-12-22 17:10:41 - [MESSAGE][PASSED] - Object 'Object Repository/VLink/Page_CCSale/txt_CardOnFileIndicator' is present

2020-12-22 17:10:41 - [MESSAGE][PASSED] - Text '' is set on object 'Object Repository/VLink/Page_CCSale/txt_CardOnFileIndicator'

2020-12-22 17:10:42 - [MESSAGE][PASSED] - Object 'Object Repository/VLink/Page_CCSale/txt_StoredCredentialIndicator' is present

2020-12-22 17:10:42 - [MESSAGE][PASSED] - Text '' is set on object 'Object Repository/VLink/Page_CCSale/txt_StoredCredentialIndicator'

2020-12-22 17:10:43 - [MESSAGE][PASSED] - Object 'Object Repository/VLink/Page_CCSale/txt_COFScheduledIndicator' is present

2020-12-22 17:10:43 - [MESSAGE][PASSED] - Text '' is set on object 'Object Repository/VLink/Page_CCSale/txt_COFScheduledIndicator'

2020-12-22 17:10:44 - [MESSAGE][PASSED] - Object 'Object Repository/VLink/Page_CCSale/txt_COFTransactionInitiatedBy' is present

2020-12-22 17:10:44 - [MESSAGE][PASSED] - Text '' is set on object 'Object Repository/VLink/Page_CCSale/txt_COFTransactionInitiatedBy'

2020-12-22 17:10:47 - [MESSAGE][PASSED] - Object: 'Object Repository/VLink/Page_CCSale/btn_ProcessVLinkTransaction' is clicked on

2020-12-22 17:10:52 - [MESSAGE][PASSED] - vlinkPages.saleCCPage.setDataSCC is PASSED

2020-12-22 17:10:52 - [TEST_STEP][PASSED] - if (verifyTextPresent("Transaction approved, no errors", true)): null

2020-12-22 17:10:53 - [MESSAGE][PASSED] - Text 'Transaction approved, no errors' is present on page  using regular expression

2020-12-22 17:10:53 - [TEST_STEP][PASSED] - println("Transaction Approved, no errors text is present on the Confirmation page"): null

2020-12-22 17:10:53 - [TEST_STEP][PASSED] - out.println("Pass Record Number: " + row): null

2020-12-22 17:10:53 - [TEST_STEP][PASSED] - sdfo = getText(findTestObject("Object Repository/Page_VLinkReceipt/pre_STX")): Text of object 'Object Repository/Page_VLinkReceipt/pre_STX' is: '<STX>lLU9QiTIOFhO                  12087918            0  Transaction approved, no errors                   0                                                                                  XXOK0120   <ETX>'

2020-12-22 17:10:53 - [MESSAGE][PASSED] - Text of object 'Object Repository/Page_VLinkReceipt/pre_STX' is: '<STX>lLU9QiTIOFhO                  12087918            0  Transaction approved, no errors                   0                                                                                  XXOK0120   <ETX>'

2020-12-22 17:10:53 - [TEST_STEP][PASSED] - out.println("sdfo: " + sdfo): null

2020-12-22 17:10:53 - [TEST_STEP][PASSED] - remID = substring(5, 35).trim(): null

2020-12-22 17:10:53 - [TEST_STEP][PASSED] - out.println("Remittance ID: " + remID): null

2020-12-22 17:10:53 - [TEST_STEP][PASSED] - traxID = substring(35, 55).trim(): null

2020-12-22 17:10:53 - [TEST_STEP][PASSED] - out.println("Transaction ID: " + traxID): null

2020-12-22 17:10:53 - [TEST_STEP][PASSED] - out.println("End Record Number: " + row): null

2020-12-22 17:10:53 - [TEST_STEP][PASSED] - closeBrowser(): Browser is closed

2020-12-22 17:10:54 - [MESSAGE][PASSED] - Browser is closed

2020-12-22 17:10:54 - [TEST_STEP][PASSED] - out.println("Begin Record Number: " + row): null

2020-12-22 17:10:54 - [TEST_STEP][PASSED] - openBrowser(VLinkURL + "authcap.html"): Browser is opened with url: 'https://dev-algorithm.govolution.com/vlinktest/QA/version_2_0/authcap.html'

2020-12-22 17:10:54 - [MESSAGE][INFO] - Starting 'Chrome' driver

2020-12-22 17:10:54 - [MESSAGE][INFO] - User set preference: ['acceptInsecureCerts', 'true']

2020-12-22 17:10:54 - [MESSAGE][INFO] - Action delay is set to 0 milliseconds

2020-12-22 17:10:57 - [MESSAGE][PASSED] - Browser is opened with url: 'https://dev-algorithm.govolution.com/vlinktest/QA/version_2_0/authcap.html'

2020-12-22 17:10:57 - [TEST_STEP][PASSED] - maximizeWindow(): Current window maximized

2020-12-22 17:10:57 - [MESSAGE][PASSED] - Current window maximized

2020-12-22 17:10:57 - [TEST_STEP][PASSED] - vlinkPages.saleCCPage.setDataSCC(row, dataFile): vlinkPages.saleCCPage.setDataSCC is PASSED

2020-12-22 17:10:59 - [MESSAGE][PASSED] - Object 'Object Repository/VLink/Page_CCSale/txt_CardNumber' is present

2020-12-22 17:10:59 - [MESSAGE][PASSED] - Object 'Object Repository/VLink/Page_CCSale/txt_TransactionType' is present

2020-12-22 17:11:00 - [MESSAGE][PASSED] - Text '104' is set on object 'Object Repository/VLink/Page_CCSale/txt_TransactionType'

2020-12-22 17:11:00 - [MESSAGE][PASSED] - Object 'Object Repository/VLink/Page_CCSale/txt_MessageVersion' is present

2020-12-22 17:11:01 - [MESSAGE][PASSED] - Text '2.0C' is set on object 'Object Repository/VLink/Page_CCSale/txt_MessageVersion'

2020-12-22 17:11:01 - [MESSAGE][PASSED] - Object 'Object Repository/VLink/Page_CCSale/txt_RemID' is present

2020-12-22 17:11:02 - [MESSAGE][PASSED] - Text '2F0VKFNFmJxf' is set on object 'Object Repository/VLink/Page_CCSale/txt_RemID'

2020-12-22 17:11:02 - [MESSAGE][PASSED] - Object 'Object Repository/VLink/Page_CCSale/txt_ApplicationId' is present

2020-12-22 17:11:03 - [MESSAGE][PASSED] - Text '665' is set on object 'Object Repository/VLink/Page_CCSale/txt_ApplicationId'

2020-12-22 17:11:03 - [MESSAGE][PASSED] - Object 'Object Repository/VLink/Page_CCSale/txt_Username' is present

2020-12-22 17:11:03 - [MESSAGE][PASSED] - Text 'username' is set on object 'Object Repository/VLink/Page_CCSale/txt_Username'

2020-12-22 17:11:04 - [MESSAGE][PASSED] - Object 'Object Repository/VLink/Page_CCSale/txt_Password' is present

2020-12-22 17:11:04 - [MESSAGE][PASSED] - Text 'password' is set on object 'Object Repository/VLink/Page_CCSale/txt_Password'

2020-12-22 17:11:05 - [MESSAGE][PASSED] - Object 'Object Repository/VLink/Page_CCSale/txt_ResponseFormat' is present

2020-12-22 17:11:05 - [MESSAGE][PASSED] - Text 'fixed_width' is set on object 'Object Repository/VLink/Page_CCSale/txt_ResponseFormat'

2020-12-22 17:11:05 - [MESSAGE][PASSED] - Object 'Object Repository/VLink/Page_CCSale/txt_Category' is present

2020-12-22 17:11:06 - [MESSAGE][PASSED] - Text 'MOTO' is set on object 'Object Repository/VLink/Page_CCSale/txt_Category'

2020-12-22 17:11:06 - [MESSAGE][PASSED] - Object 'Object Repository/VLink/Page_CCSale/txt_TransactionID' is present

2020-12-22 17:11:07 - [MESSAGE][PASSED] - Text '' is set on object 'Object Repository/VLink/Page_CCSale/txt_TransactionID'

2020-12-22 17:11:07 - [MESSAGE][PASSED] - Object 'Object Repository/VLink/Page_CCSale/txt_ApprovalCode' is present

2020-12-22 17:11:08 - [MESSAGE][PASSED] - Text '' is set on object 'Object Repository/VLink/Page_CCSale/txt_ApprovalCode'

2020-12-22 17:11:08 - [MESSAGE][PASSED] - Object 'Object Repository/VLink/Page_CCSale/txt_CardName' is present

2020-12-22 17:11:09 - [MESSAGE][PASSED] - Text 'Kris Roshan' is set on object 'Object Repository/VLink/Page_CCSale/txt_CardName'

2020-12-22 17:11:09 - [MESSAGE][PASSED] - Object 'Object Repository/VLink/Page_CCSale/txt_AL1' is present

2020-12-22 17:11:09 - [MESSAGE][PASSED] - Text '258 Elm Road' is set on object 'Object Repository/VLink/Page_CCSale/txt_AL1'

2020-12-22 17:11:10 - [MESSAGE][PASSED] - Object 'Object Repository/VLink/Page_CCSale/txt_AL2' is present

2020-12-22 17:11:10 - [MESSAGE][PASSED] - Text 'Suite 56' is set on object 'Object Repository/VLink/Page_CCSale/txt_AL2'

2020-12-22 17:11:11 - [MESSAGE][PASSED] - Object 'Object Repository/VLink/Page_CCSale/txt_CardCity' is present

2020-12-22 17:11:11 - [MESSAGE][PASSED] - Text 'Arlington' is set on object 'Object Repository/VLink/Page_CCSale/txt_CardCity'

2020-12-22 17:11:12 - [MESSAGE][PASSED] - Object 'Object Repository/VLink/Page_CCSale/txt_CardState' is present

2020-12-22 17:11:12 - [MESSAGE][PASSED] - Text 'VA' is set on object 'Object Repository/VLink/Page_CCSale/txt_CardState'

2020-12-22 17:11:13 - [MESSAGE][PASSED] - Object 'Object Repository/VLink/Page_CCSale/txt_CardZIP' is present

2020-12-22 17:11:13 - [MESSAGE][PASSED] - Text '22201' is set on object 'Object Repository/VLink/Page_CCSale/txt_CardZIP'

2020-12-22 17:11:13 - [MESSAGE][PASSED] - Object 'Object Repository/VLink/Page_CCSale/txt_CountryID' is present

2020-12-22 17:11:14 - [MESSAGE][PASSED] - Text '840' is set on object 'Object Repository/VLink/Page_CCSale/txt_CountryID'

2020-12-22 17:11:14 - [MESSAGE][PASSED] - Object 'Object Repository/VLink/Page_CCSale/txt_Amount' is present

2020-12-22 17:11:15 - [MESSAGE][PASSED] - Text '1.50' is set on object 'Object Repository/VLink/Page_CCSale/txt_Amount'

2020-12-22 17:11:15 - [MESSAGE][PASSED] - Object 'Object Repository/VLink/Page_CCSale/txt_CardNumber' is present

2020-12-22 17:11:16 - [MESSAGE][PASSED] - Text '4111111111111111' is set on object 'Object Repository/VLink/Page_CCSale/txt_CardNumber'

2020-12-22 17:11:16 - [MESSAGE][PASSED] - Object 'Object Repository/VLink/Page_CCSale/txt_ExpMonth' is present

2020-12-22 17:11:17 - [MESSAGE][PASSED] - Text '12' is set on object 'Object Repository/VLink/Page_CCSale/txt_ExpMonth'

2020-12-22 17:11:17 - [MESSAGE][PASSED] - Object 'Object Repository/VLink/Page_CCSale/txt_ExpYear' is present

2020-12-22 17:11:18 - [MESSAGE][PASSED] - Text '2025' is set on object 'Object Repository/VLink/Page_CCSale/txt_ExpYear'

2020-12-22 17:11:18 - [MESSAGE][PASSED] - Object 'Object Repository/VLink/Page_CCSale/txt_CVV' is present

2020-12-22 17:11:19 - [MESSAGE][PASSED] - Text '' is set on object 'Object Repository/VLink/Page_CCSale/txt_CVV'

2020-12-22 17:11:19 - [MESSAGE][PASSED] - Object 'Object Repository/VLink/Page_CCSale/txt_CVVstate' is present

2020-12-22 17:11:20 - [MESSAGE][PASSED] - Text '' is set on object 'Object Repository/VLink/Page_CCSale/txt_CVVstate'

2020-12-22 17:11:20 - [MESSAGE][PASSED] - Object 'Object Repository/VLink/Page_CCSale/txt_TrackData' is present

2020-12-22 17:11:21 - [MESSAGE][PASSED] - Text '' is set on object 'Object Repository/VLink/Page_CCSale/txt_TrackData'

2020-12-22 17:11:21 - [MESSAGE][PASSED] - Object 'Object Repository/VLink/Page_CCSale/txt_Track1Data' is present

2020-12-22 17:11:22 - [MESSAGE][PASSED] - Text '' is set on object 'Object Repository/VLink/Page_CCSale/txt_Track1Data'

2020-12-22 17:11:22 - [MESSAGE][PASSED] - Object 'Object Repository/VLink/Page_CCSale/txt_Track2Data' is present

2020-12-22 17:11:23 - [MESSAGE][PASSED] - Text '' is set on object 'Object Repository/VLink/Page_CCSale/txt_Track2Data'

2020-12-22 17:11:23 - [MESSAGE][PASSED] - Object 'Object Repository/VLink/Page_CCSale/txt_POSEntryMode' is present

2020-12-22 17:11:24 - [MESSAGE][PASSED] - Text 'manual' is set on object 'Object Repository/VLink/Page_CCSale/txt_POSEntryMode'

2020-12-22 17:11:24 - [MESSAGE][PASSED] - Object 'Object Repository/VLink/Page_CCSale/txt_Email' is present

2020-12-22 17:11:25 - [MESSAGE][PASSED] - Text 'iahmed@govolution.com' is set on object 'Object Repository/VLink/Page_CCSale/txt_Email'

2020-12-22 17:11:25 - [MESSAGE][PASSED] - Object 'Object Repository/VLink/Page_CCSale/txt_OrderNumber' is present

2020-12-22 17:11:26 - [MESSAGE][PASSED] - Text '2569362' is set on object 'Object Repository/VLink/Page_CCSale/txt_OrderNumber'

2020-12-22 17:11:26 - [MESSAGE][PASSED] - Object 'Object Repository/VLink/Page_CCSale/txt_TaxAmount' is present

2020-12-22 17:11:27 - [MESSAGE][PASSED] - Text '1.15' is set on object 'Object Repository/VLink/Page_CCSale/txt_TaxAmount'

2020-12-22 17:11:27 - [MESSAGE][PASSED] - Object 'Object Repository/VLink/Page_CCSale/txt_ChargeDescription' is present

2020-12-22 17:11:28 - [MESSAGE][PASSED] - Text 'Charge Description' is set on object 'Object Repository/VLink/Page_CCSale/txt_ChargeDescription'

2020-12-22 17:11:28 - [MESSAGE][PASSED] - Object 'Object Repository/VLink/Page_CCSale/txt_CAN' is present

2020-12-22 17:11:29 - [MESSAGE][PASSED] - Text '147357' is set on object 'Object Repository/VLink/Page_CCSale/txt_CAN'

2020-12-22 17:11:29 - [MESSAGE][PASSED] - Object 'Object Repository/VLink/Page_CCSale/txt_BillPaymentIndicator' is present

2020-12-22 17:11:30 - [MESSAGE][PASSED] - Text '1' is set on object 'Object Repository/VLink/Page_CCSale/txt_BillPaymentIndicator'

2020-12-22 17:11:30 - [MESSAGE][PASSED] - Object 'Object Repository/VLink/Page_CCSale/txt_UDF1' is present

2020-12-22 17:11:31 - [MESSAGE][PASSED] - Text 'UDF Data 1' is set on object 'Object Repository/VLink/Page_CCSale/txt_UDF1'

2020-12-22 17:11:31 - [MESSAGE][PASSED] - Object 'Object Repository/VLink/Page_CCSale/txt_UDF2' is present

2020-12-22 17:11:32 - [MESSAGE][PASSED] - Text 'UDF Data 2' is set on object 'Object Repository/VLink/Page_CCSale/txt_UDF2'

2020-12-22 17:11:32 - [MESSAGE][PASSED] - Object 'Object Repository/VLink/Page_CCSale/txt_UDF3' is present

2020-12-22 17:11:33 - [MESSAGE][PASSED] - Text 'UDF Data 3' is set on object 'Object Repository/VLink/Page_CCSale/txt_UDF3'

2020-12-22 17:11:33 - [MESSAGE][PASSED] - Object 'Object Repository/VLink/Page_CCSale/txt_UDF4' is present

2020-12-22 17:11:34 - [MESSAGE][PASSED] - Text 'UDF Data 4' is set on object 'Object Repository/VLink/Page_CCSale/txt_UDF4'

2020-12-22 17:11:34 - [MESSAGE][PASSED] - Object 'Object Repository/VLink/Page_CCSale/txt_UDF5' is present

2020-12-22 17:11:35 - [MESSAGE][PASSED] - Text 'UDF Data 5' is set on object 'Object Repository/VLink/Page_CCSale/txt_UDF5'

2020-12-22 17:11:35 - [MESSAGE][PASSED] - Object 'Object Repository/VLink/Page_CCSale/txt_UDF6' is present

2020-12-22 17:11:36 - [MESSAGE][PASSED] - Text 'UDF Data 6' is set on object 'Object Repository/VLink/Page_CCSale/txt_UDF6'

2020-12-22 17:11:36 - [MESSAGE][PASSED] - Object 'Object Repository/VLink/Page_CCSale/txt_UDF7' is present

2020-12-22 17:11:37 - [MESSAGE][PASSED] - Text 'UDF Data 7' is set on object 'Object Repository/VLink/Page_CCSale/txt_UDF7'

2020-12-22 17:11:37 - [MESSAGE][PASSED] - Object 'Object Repository/VLink/Page_CCSale/txt_UDF8' is present

2020-12-22 17:11:38 - [MESSAGE][PASSED] - Text 'UDF Data 8' is set on object 'Object Repository/VLink/Page_CCSale/txt_UDF8'

2020-12-22 17:11:38 - [MESSAGE][PASSED] - Object 'Object Repository/VLink/Page_CCSale/txt_UDF9' is present

2020-12-22 17:11:39 - [MESSAGE][PASSED] - Text 'UDF Data 9' is set on object 'Object Repository/VLink/Page_CCSale/txt_UDF9'

2020-12-22 17:11:39 - [MESSAGE][PASSED] - Object 'Object Repository/VLink/Page_CCSale/txt_UDF10' is present

2020-12-22 17:11:40 - [MESSAGE][PASSED] - Text 'UDF Data 10' is set on object 'Object Repository/VLink/Page_CCSale/txt_UDF10'

2020-12-22 17:11:40 - [MESSAGE][PASSED] - Object 'Object Repository/VLink/Page_CCSale/txt_CardOnFileIndicator' is present

2020-12-22 17:11:41 - [MESSAGE][PASSED] - Text '' is set on object 'Object Repository/VLink/Page_CCSale/txt_CardOnFileIndicator'

2020-12-22 17:11:41 - [MESSAGE][PASSED] - Object 'Object Repository/VLink/Page_CCSale/txt_StoredCredentialIndicator' is present

2020-12-22 17:11:42 - [MESSAGE][PASSED] - Text '' is set on object 'Object Repository/VLink/Page_CCSale/txt_StoredCredentialIndicator'

2020-12-22 17:11:42 - [MESSAGE][PASSED] - Object 'Object Repository/VLink/Page_CCSale/txt_COFScheduledIndicator' is present

2020-12-22 17:11:43 - [MESSAGE][PASSED] - Text '' is set on object 'Object Repository/VLink/Page_CCSale/txt_COFScheduledIndicator'

2020-12-22 17:11:43 - [MESSAGE][PASSED] - Object 'Object Repository/VLink/Page_CCSale/txt_COFTransactionInitiatedBy' is present

2020-12-22 17:11:44 - [MESSAGE][PASSED] - Text '' is set on object 'Object Repository/VLink/Page_CCSale/txt_COFTransactionInitiatedBy'

2020-12-22 17:11:46 - [MESSAGE][PASSED] - Object: 'Object Repository/VLink/Page_CCSale/btn_ProcessVLinkTransaction' is clicked on

2020-12-22 17:11:51 - [MESSAGE][PASSED] - vlinkPages.saleCCPage.setDataSCC is PASSED

2020-12-22 17:11:51 - [TEST_STEP][PASSED] - if (verifyTextPresent("Transaction approved, no errors", true)): null

2020-12-22 17:11:52 - [MESSAGE][PASSED] - Text 'Transaction approved, no errors' is present on page  using regular expression

2020-12-22 17:11:52 - [TEST_STEP][PASSED] - println("Transaction Approved, no errors text is present on the Confirmation page"): null

2020-12-22 17:11:52 - [TEST_STEP][PASSED] - out.println("Pass Record Number: " + row): null

2020-12-22 17:11:52 - [TEST_STEP][PASSED] - sdfo = getText(findTestObject("Object Repository/Page_VLinkReceipt/pre_STX")): Text of object 'Object Repository/Page_VLinkReceipt/pre_STX' is: '<STX>2F0VKFNFmJxf                  12087920            0  Transaction approved, no errors                   0                                                                                  XXOK0320   <ETX>'

2020-12-22 17:11:52 - [MESSAGE][PASSED] - Text of object 'Object Repository/Page_VLinkReceipt/pre_STX' is: '<STX>2F0VKFNFmJxf                  12087920            0  Transaction approved, no errors                   0                                                                                  XXOK0320   <ETX>'

2020-12-22 17:11:52 - [TEST_STEP][PASSED] - out.println("sdfo: " + sdfo): null

2020-12-22 17:11:52 - [TEST_STEP][PASSED] - remID = substring(5, 35).trim(): null

2020-12-22 17:11:52 - [TEST_STEP][PASSED] - out.println("Remittance ID: " + remID): null

2020-12-22 17:11:52 - [TEST_STEP][PASSED] - traxID = substring(35, 55).trim(): null

2020-12-22 17:11:52 - [TEST_STEP][PASSED] - out.println("Transaction ID: " + traxID): null

2020-12-22 17:11:52 - [TEST_STEP][PASSED] - out.println("End Record Number: " + row): null

2020-12-22 17:11:52 - [TEST_STEP][PASSED] - closeBrowser(): Browser is closed

2020-12-22 17:11:53 - [MESSAGE][PASSED] - Browser is closed

2020-12-22 17:11:53 - [TEST_STEP][PASSED] - out.println("Begin Record Number: " + row): null

2020-12-22 17:11:53 - [TEST_STEP][PASSED] - openBrowser(VLinkURL + "authcap.html"): Browser is opened with url: 'https://dev-algorithm.govolution.com/vlinktest/QA/version_2_0/authcap.html'

2020-12-22 17:11:53 - [MESSAGE][INFO] - Starting 'Chrome' driver

2020-12-22 17:11:53 - [MESSAGE][INFO] - User set preference: ['acceptInsecureCerts', 'true']

2020-12-22 17:11:53 - [MESSAGE][INFO] - Action delay is set to 0 milliseconds

2020-12-22 17:11:57 - [MESSAGE][PASSED] - Browser is opened with url: 'https://dev-algorithm.govolution.com/vlinktest/QA/version_2_0/authcap.html'

2020-12-22 17:11:57 - [TEST_STEP][PASSED] - maximizeWindow(): Current window maximized

2020-12-22 17:11:57 - [MESSAGE][PASSED] - Current window maximized

2020-12-22 17:11:57 - [TEST_STEP][PASSED] - vlinkPages.saleCCPage.setDataSCC(row, dataFile): vlinkPages.saleCCPage.setDataSCC is PASSED

2020-12-22 17:11:58 - [MESSAGE][PASSED] - Object 'Object Repository/VLink/Page_CCSale/txt_CardNumber' is present

2020-12-22 17:11:59 - [MESSAGE][PASSED] - Object 'Object Repository/VLink/Page_CCSale/txt_TransactionType' is present

2020-12-22 17:11:59 - [MESSAGE][PASSED] - Text '104' is set on object 'Object Repository/VLink/Page_CCSale/txt_TransactionType'

2020-12-22 17:12:00 - [MESSAGE][PASSED] - Object 'Object Repository/VLink/Page_CCSale/txt_MessageVersion' is present

2020-12-22 17:12:00 - [MESSAGE][PASSED] - Text '2.0C' is set on object 'Object Repository/VLink/Page_CCSale/txt_MessageVersion'

2020-12-22 17:12:00 - [MESSAGE][PASSED] - Object 'Object Repository/VLink/Page_CCSale/txt_RemID' is present

2020-12-22 17:12:01 - [MESSAGE][PASSED] - Text 'lOSBVS3oPlbr' is set on object 'Object Repository/VLink/Page_CCSale/txt_RemID'

2020-12-22 17:12:01 - [MESSAGE][PASSED] - Object 'Object Repository/VLink/Page_CCSale/txt_ApplicationId' is present

2020-12-22 17:12:02 - [MESSAGE][PASSED] - Text '672' is set on object 'Object Repository/VLink/Page_CCSale/txt_ApplicationId'

2020-12-22 17:12:02 - [MESSAGE][PASSED] - Object 'Object Repository/VLink/Page_CCSale/txt_Username' is present

2020-12-22 17:12:03 - [MESSAGE][PASSED] - Text 'username' is set on object 'Object Repository/VLink/Page_CCSale/txt_Username'

2020-12-22 17:12:03 - [MESSAGE][PASSED] - Object 'Object Repository/VLink/Page_CCSale/txt_Password' is present

2020-12-22 17:12:04 - [MESSAGE][PASSED] - Text 'password' is set on object 'Object Repository/VLink/Page_CCSale/txt_Password'

2020-12-22 17:12:04 - [MESSAGE][PASSED] - Object 'Object Repository/VLink/Page_CCSale/txt_ResponseFormat' is present

2020-12-22 17:12:04 - [MESSAGE][PASSED] - Text 'fixed_width' is set on object 'Object Repository/VLink/Page_CCSale/txt_ResponseFormat'

2020-12-22 17:12:05 - [MESSAGE][PASSED] - Object 'Object Repository/VLink/Page_CCSale/txt_Category' is present

2020-12-22 17:12:05 - [MESSAGE][PASSED] - Text 'MOTO' is set on object 'Object Repository/VLink/Page_CCSale/txt_Category'

2020-12-22 17:12:06 - [MESSAGE][PASSED] - Object 'Object Repository/VLink/Page_CCSale/txt_TransactionID' is present

2020-12-22 17:12:06 - [MESSAGE][PASSED] - Text '' is set on object 'Object Repository/VLink/Page_CCSale/txt_TransactionID'

2020-12-22 17:12:07 - [MESSAGE][PASSED] - Object 'Object Repository/VLink/Page_CCSale/txt_ApprovalCode' is present

2020-12-22 17:12:07 - [MESSAGE][PASSED] - Text '' is set on object 'Object Repository/VLink/Page_CCSale/txt_ApprovalCode'

2020-12-22 17:12:08 - [MESSAGE][PASSED] - Object 'Object Repository/VLink/Page_CCSale/txt_CardName' is present

2020-12-22 17:12:08 - [MESSAGE][PASSED] - Text 'Arvind Silva' is set on object 'Object Repository/VLink/Page_CCSale/txt_CardName'

2020-12-22 17:12:09 - [MESSAGE][PASSED] - Object 'Object Repository/VLink/Page_CCSale/txt_AL1' is present

2020-12-22 17:12:09 - [MESSAGE][PASSED] - Text '111 Main Ave' is set on object 'Object Repository/VLink/Page_CCSale/txt_AL1'

2020-12-22 17:12:09 - [MESSAGE][PASSED] - Object 'Object Repository/VLink/Page_CCSale/txt_AL2' is present

2020-12-22 17:12:10 - [MESSAGE][PASSED] - Text '' is set on object 'Object Repository/VLink/Page_CCSale/txt_AL2'

2020-12-22 17:12:10 - [MESSAGE][PASSED] - Object 'Object Repository/VLink/Page_CCSale/txt_CardCity' is present

2020-12-22 17:12:11 - [MESSAGE][PASSED] - Text 'Arlington' is set on object 'Object Repository/VLink/Page_CCSale/txt_CardCity'

2020-12-22 17:12:11 - [MESSAGE][PASSED] - Object 'Object Repository/VLink/Page_CCSale/txt_CardState' is present

2020-12-22 17:12:12 - [MESSAGE][PASSED] - Text 'VA' is set on object 'Object Repository/VLink/Page_CCSale/txt_CardState'

2020-12-22 17:12:12 - [MESSAGE][PASSED] - Object 'Object Repository/VLink/Page_CCSale/txt_CardZIP' is present

2020-12-22 17:12:13 - [MESSAGE][PASSED] - Text '22201' is set on object 'Object Repository/VLink/Page_CCSale/txt_CardZIP'

2020-12-22 17:12:13 - [MESSAGE][PASSED] - Object 'Object Repository/VLink/Page_CCSale/txt_CountryID' is present

2020-12-22 17:12:14 - [MESSAGE][PASSED] - Text '' is set on object 'Object Repository/VLink/Page_CCSale/txt_CountryID'

2020-12-22 17:12:14 - [MESSAGE][PASSED] - Object 'Object Repository/VLink/Page_CCSale/txt_Amount' is present

2020-12-22 17:12:15 - [MESSAGE][PASSED] - Text '2.50' is set on object 'Object Repository/VLink/Page_CCSale/txt_Amount'

2020-12-22 17:12:15 - [MESSAGE][PASSED] - Object 'Object Repository/VLink/Page_CCSale/txt_CardNumber' is present

2020-12-22 17:12:16 - [MESSAGE][PASSED] - Text '4111111111111111' is set on object 'Object Repository/VLink/Page_CCSale/txt_CardNumber'

2020-12-22 17:12:16 - [MESSAGE][PASSED] - Object 'Object Repository/VLink/Page_CCSale/txt_ExpMonth' is present

2020-12-22 17:12:17 - [MESSAGE][PASSED] - Text '01' is set on object 'Object Repository/VLink/Page_CCSale/txt_ExpMonth'

2020-12-22 17:12:17 - [MESSAGE][PASSED] - Object 'Object Repository/VLink/Page_CCSale/txt_ExpYear' is present

2020-12-22 17:12:18 - [MESSAGE][PASSED] - Text '2026' is set on object 'Object Repository/VLink/Page_CCSale/txt_ExpYear'

2020-12-22 17:12:18 - [MESSAGE][PASSED] - Object 'Object Repository/VLink/Page_CCSale/txt_CVV' is present

2020-12-22 17:12:19 - [MESSAGE][PASSED] - Text '' is set on object 'Object Repository/VLink/Page_CCSale/txt_CVV'

2020-12-22 17:12:19 - [MESSAGE][PASSED] - Object 'Object Repository/VLink/Page_CCSale/txt_CVVstate' is present

2020-12-22 17:12:20 - [MESSAGE][PASSED] - Text '' is set on object 'Object Repository/VLink/Page_CCSale/txt_CVVstate'

2020-12-22 17:12:20 - [MESSAGE][PASSED] - Object 'Object Repository/VLink/Page_CCSale/txt_TrackData' is present

2020-12-22 17:12:21 - [MESSAGE][PASSED] - Text '' is set on object 'Object Repository/VLink/Page_CCSale/txt_TrackData'

2020-12-22 17:12:21 - [MESSAGE][PASSED] - Object 'Object Repository/VLink/Page_CCSale/txt_Track1Data' is present

2020-12-22 17:12:22 - [MESSAGE][PASSED] - Text '' is set on object 'Object Repository/VLink/Page_CCSale/txt_Track1Data'

2020-12-22 17:12:22 - [MESSAGE][PASSED] - Object 'Object Repository/VLink/Page_CCSale/txt_Track2Data' is present

2020-12-22 17:12:23 - [MESSAGE][PASSED] - Text '' is set on object 'Object Repository/VLink/Page_CCSale/txt_Track2Data'

2020-12-22 17:12:23 - [MESSAGE][PASSED] - Object 'Object Repository/VLink/Page_CCSale/txt_POSEntryMode' is present

2020-12-22 17:12:24 - [MESSAGE][PASSED] - Text 'manual' is set on object 'Object Repository/VLink/Page_CCSale/txt_POSEntryMode'

2020-12-22 17:12:24 - [MESSAGE][PASSED] - Object 'Object Repository/VLink/Page_CCSale/txt_Email' is present

2020-12-22 17:12:25 - [MESSAGE][PASSED] - Text '' is set on object 'Object Repository/VLink/Page_CCSale/txt_Email'

2020-12-22 17:12:25 - [MESSAGE][PASSED] - Object 'Object Repository/VLink/Page_CCSale/txt_OrderNumber' is present

2020-12-22 17:12:26 - [MESSAGE][PASSED] - Text '' is set on object 'Object Repository/VLink/Page_CCSale/txt_OrderNumber'

2020-12-22 17:12:26 - [MESSAGE][PASSED] - Object 'Object Repository/VLink/Page_CCSale/txt_TaxAmount' is present

2020-12-22 17:12:27 - [MESSAGE][PASSED] - Text '' is set on object 'Object Repository/VLink/Page_CCSale/txt_TaxAmount'

2020-12-22 17:12:27 - [MESSAGE][PASSED] - Object 'Object Repository/VLink/Page_CCSale/txt_ChargeDescription' is present

2020-12-22 17:12:28 - [MESSAGE][PASSED] - Text '' is set on object 'Object Repository/VLink/Page_CCSale/txt_ChargeDescription'

2020-12-22 17:12:28 - [MESSAGE][PASSED] - Object 'Object Repository/VLink/Page_CCSale/txt_CAN' is present

2020-12-22 17:12:29 - [MESSAGE][PASSED] - Text '' is set on object 'Object Repository/VLink/Page_CCSale/txt_CAN'

2020-12-22 17:12:29 - [MESSAGE][PASSED] - Object 'Object Repository/VLink/Page_CCSale/txt_BillPaymentIndicator' is present

2020-12-22 17:12:30 - [MESSAGE][PASSED] - Text '' is set on object 'Object Repository/VLink/Page_CCSale/txt_BillPaymentIndicator'

2020-12-22 17:12:30 - [MESSAGE][PASSED] - Object 'Object Repository/VLink/Page_CCSale/txt_UDF1' is present

2020-12-22 17:12:31 - [MESSAGE][PASSED] - Text '' is set on object 'Object Repository/VLink/Page_CCSale/txt_UDF1'

2020-12-22 17:12:31 - [MESSAGE][PASSED] - Object 'Object Repository/VLink/Page_CCSale/txt_UDF2' is present

2020-12-22 17:12:32 - [MESSAGE][PASSED] - Text '' is set on object 'Object Repository/VLink/Page_CCSale/txt_UDF2'

2020-12-22 17:12:32 - [MESSAGE][PASSED] - Object 'Object Repository/VLink/Page_CCSale/txt_UDF3' is present

2020-12-22 17:12:33 - [MESSAGE][PASSED] - Text '' is set on object 'Object Repository/VLink/Page_CCSale/txt_UDF3'

2020-12-22 17:12:33 - [MESSAGE][PASSED] - Object 'Object Repository/VLink/Page_CCSale/txt_UDF4' is present

2020-12-22 17:12:34 - [MESSAGE][PASSED] - Text '' is set on object 'Object Repository/VLink/Page_CCSale/txt_UDF4'

2020-12-22 17:12:34 - [MESSAGE][PASSED] - Object 'Object Repository/VLink/Page_CCSale/txt_UDF5' is present

2020-12-22 17:12:35 - [MESSAGE][PASSED] - Text '' is set on object 'Object Repository/VLink/Page_CCSale/txt_UDF5'

2020-12-22 17:12:35 - [MESSAGE][PASSED] - Object 'Object Repository/VLink/Page_CCSale/txt_UDF6' is present

2020-12-22 17:12:36 - [MESSAGE][PASSED] - Text '' is set on object 'Object Repository/VLink/Page_CCSale/txt_UDF6'

2020-12-22 17:12:36 - [MESSAGE][PASSED] - Object 'Object Repository/VLink/Page_CCSale/txt_UDF7' is present

2020-12-22 17:12:37 - [MESSAGE][PASSED] - Text '' is set on object 'Object Repository/VLink/Page_CCSale/txt_UDF7'

2020-12-22 17:12:37 - [MESSAGE][PASSED] - Object 'Object Repository/VLink/Page_CCSale/txt_UDF8' is present

2020-12-22 17:12:38 - [MESSAGE][PASSED] - Text '' is set on object 'Object Repository/VLink/Page_CCSale/txt_UDF8'

2020-12-22 17:12:38 - [MESSAGE][PASSED] - Object 'Object Repository/VLink/Page_CCSale/txt_UDF9' is present

2020-12-22 17:12:39 - [MESSAGE][PASSED] - Text '' is set on object 'Object Repository/VLink/Page_CCSale/txt_UDF9'

2020-12-22 17:12:39 - [MESSAGE][PASSED] - Object 'Object Repository/VLink/Page_CCSale/txt_UDF10' is present

2020-12-22 17:12:40 - [MESSAGE][PASSED] - Text '' is set on object 'Object Repository/VLink/Page_CCSale/txt_UDF10'

2020-12-22 17:12:40 - [MESSAGE][PASSED] - Object 'Object Repository/VLink/Page_CCSale/txt_CardOnFileIndicator' is present

2020-12-22 17:12:40 - [MESSAGE][PASSED] - Text '' is set on object 'Object Repository/VLink/Page_CCSale/txt_CardOnFileIndicator'

2020-12-22 17:12:41 - [MESSAGE][PASSED] - Object 'Object Repository/VLink/Page_CCSale/txt_StoredCredentialIndicator' is present

2020-12-22 17:12:41 - [MESSAGE][PASSED] - Text '' is set on object 'Object Repository/VLink/Page_CCSale/txt_StoredCredentialIndicator'

2020-12-22 17:12:42 - [MESSAGE][PASSED] - Object 'Object Repository/VLink/Page_CCSale/txt_COFScheduledIndicator' is present

2020-12-22 17:12:42 - [MESSAGE][PASSED] - Text '' is set on object 'Object Repository/VLink/Page_CCSale/txt_COFScheduledIndicator'

2020-12-22 17:12:43 - [MESSAGE][PASSED] - Object 'Object Repository/VLink/Page_CCSale/txt_COFTransactionInitiatedBy' is present

2020-12-22 17:12:43 - [MESSAGE][PASSED] - Text '' is set on object 'Object Repository/VLink/Page_CCSale/txt_COFTransactionInitiatedBy'

2020-12-22 17:12:46 - [MESSAGE][PASSED] - Object: 'Object Repository/VLink/Page_CCSale/btn_ProcessVLinkTransaction' is clicked on

2020-12-22 17:12:51 - [MESSAGE][PASSED] - vlinkPages.saleCCPage.setDataSCC is PASSED

2020-12-22 17:12:51 - [TEST_STEP][PASSED] - if (verifyTextPresent("Transaction approved, no errors", true)): null

2020-12-22 17:12:51 - [MESSAGE][PASSED] - Text 'Transaction approved, no errors' is present on page  using regular expression

2020-12-22 17:12:51 - [TEST_STEP][PASSED] - println("Transaction Approved, no errors text is present on the Confirmation page"): null

2020-12-22 17:12:51 - [TEST_STEP][PASSED] - out.println("Pass Record Number: " + row): null

2020-12-22 17:12:51 - [TEST_STEP][PASSED] - sdfo = getText(findTestObject("Object Repository/Page_VLinkReceipt/pre_STX")): Text of object 'Object Repository/Page_VLinkReceipt/pre_STX' is: '<STX>lOSBVS3oPlbr                  12087921            0  Transaction approved, no errors                   0                                                                                  XXOK0460   <ETX>'

2020-12-22 17:12:52 - [MESSAGE][PASSED] - Text of object 'Object Repository/Page_VLinkReceipt/pre_STX' is: '<STX>lOSBVS3oPlbr                  12087921            0  Transaction approved, no errors                   0                                                                                  XXOK0460   <ETX>'

2020-12-22 17:12:52 - [TEST_STEP][PASSED] - out.println("sdfo: " + sdfo): null

2020-12-22 17:12:52 - [TEST_STEP][PASSED] - remID = substring(5, 35).trim(): null

2020-12-22 17:12:52 - [TEST_STEP][PASSED] - out.println("Remittance ID: " + remID): null

2020-12-22 17:12:52 - [TEST_STEP][PASSED] - traxID = substring(35, 55).trim(): null

2020-12-22 17:12:52 - [TEST_STEP][PASSED] - out.println("Transaction ID: " + traxID): null

2020-12-22 17:12:52 - [TEST_STEP][PASSED] - out.println("End Record Number: " + row): null

2020-12-22 17:12:52 - [TEST_STEP][PASSED] - closeBrowser(): Browser is closed

2020-12-22 17:12:53 - [MESSAGE][PASSED] - Browser is closed

2020-12-22 17:12:53 - [TEST_STEP][PASSED] - out.println("Begin Record Number: " + row): null

2020-12-22 17:12:53 - [TEST_STEP][PASSED] - openBrowser(VLinkURL + "authcap.html"): Browser is opened with url: 'https://dev-algorithm.govolution.com/vlinktest/QA/version_2_0/authcap.html'

2020-12-22 17:12:53 - [MESSAGE][INFO] - Starting 'Chrome' driver

2020-12-22 17:12:53 - [MESSAGE][INFO] - User set preference: ['acceptInsecureCerts', 'true']

2020-12-22 17:12:53 - [MESSAGE][INFO] - Action delay is set to 0 milliseconds

2020-12-22 17:12:57 - [MESSAGE][PASSED] - Browser is opened with url: 'https://dev-algorithm.govolution.com/vlinktest/QA/version_2_0/authcap.html'

2020-12-22 17:12:57 - [TEST_STEP][PASSED] - maximizeWindow(): Current window maximized

2020-12-22 17:12:57 - [MESSAGE][PASSED] - Current window maximized

2020-12-22 17:12:57 - [TEST_STEP][PASSED] - vlinkPages.saleCCPage.setDataSCC(row, dataFile): vlinkPages.saleCCPage.setDataSCC is PASSED

2020-12-22 17:12:58 - [MESSAGE][PASSED] - Object 'Object Repository/VLink/Page_CCSale/txt_CardNumber' is present

2020-12-22 17:12:59 - [MESSAGE][PASSED] - Object 'Object Repository/VLink/Page_CCSale/txt_TransactionType' is present

2020-12-22 17:12:59 - [MESSAGE][PASSED] - Text '104' is set on object 'Object Repository/VLink/Page_CCSale/txt_TransactionType'

2020-12-22 17:13:00 - [MESSAGE][PASSED] - Object 'Object Repository/VLink/Page_CCSale/txt_MessageVersion' is present

2020-12-22 17:13:00 - [MESSAGE][PASSED] - Text '2.0C' is set on object 'Object Repository/VLink/Page_CCSale/txt_MessageVersion'

2020-12-22 17:13:01 - [MESSAGE][PASSED] - Object 'Object Repository/VLink/Page_CCSale/txt_RemID' is present

2020-12-22 17:13:01 - [MESSAGE][PASSED] - Text 'H8DbfwY6HpIy' is set on object 'Object Repository/VLink/Page_CCSale/txt_RemID'

2020-12-22 17:13:02 - [MESSAGE][PASSED] - Object 'Object Repository/VLink/Page_CCSale/txt_ApplicationId' is present

2020-12-22 17:13:02 - [MESSAGE][PASSED] - Text '677' is set on object 'Object Repository/VLink/Page_CCSale/txt_ApplicationId'

2020-12-22 17:13:03 - [MESSAGE][PASSED] - Object 'Object Repository/VLink/Page_CCSale/txt_Username' is present

2020-12-22 17:13:03 - [MESSAGE][PASSED] - Text 'username' is set on object 'Object Repository/VLink/Page_CCSale/txt_Username'

2020-12-22 17:13:04 - [MESSAGE][PASSED] - Object 'Object Repository/VLink/Page_CCSale/txt_Password' is present

2020-12-22 17:13:04 - [MESSAGE][PASSED] - Text 'password' is set on object 'Object Repository/VLink/Page_CCSale/txt_Password'

2020-12-22 17:13:04 - [MESSAGE][PASSED] - Object 'Object Repository/VLink/Page_CCSale/txt_ResponseFormat' is present

2020-12-22 17:13:05 - [MESSAGE][PASSED] - Text 'fixed_width' is set on object 'Object Repository/VLink/Page_CCSale/txt_ResponseFormat'

2020-12-22 17:13:05 - [MESSAGE][PASSED] - Object 'Object Repository/VLink/Page_CCSale/txt_Category' is present

2020-12-22 17:13:06 - [MESSAGE][PASSED] - Text 'MOTO' is set on object 'Object Repository/VLink/Page_CCSale/txt_Category'

2020-12-22 17:13:06 - [MESSAGE][PASSED] - Object 'Object Repository/VLink/Page_CCSale/txt_TransactionID' is present

2020-12-22 17:13:07 - [MESSAGE][PASSED] - Text '' is set on object 'Object Repository/VLink/Page_CCSale/txt_TransactionID'

2020-12-22 17:13:07 - [MESSAGE][PASSED] - Object 'Object Repository/VLink/Page_CCSale/txt_ApprovalCode' is present

2020-12-22 17:13:08 - [MESSAGE][PASSED] - Text '' is set on object 'Object Repository/VLink/Page_CCSale/txt_ApprovalCode'

2020-12-22 17:13:08 - [MESSAGE][PASSED] - Object 'Object Repository/VLink/Page_CCSale/txt_CardName' is present

2020-12-22 17:13:09 - [MESSAGE][PASSED] - Text 'Roshan Maha' is set on object 'Object Repository/VLink/Page_CCSale/txt_CardName'

2020-12-22 17:13:09 - [MESSAGE][PASSED] - Object 'Object Repository/VLink/Page_CCSale/txt_AL1' is present

2020-12-22 17:13:09 - [MESSAGE][PASSED] - Text '12563 Bazaar road' is set on object 'Object Repository/VLink/Page_CCSale/txt_AL1'

2020-12-22 17:13:10 - [MESSAGE][PASSED] - Object 'Object Repository/VLink/Page_CCSale/txt_AL2' is present

2020-12-22 17:13:10 - [MESSAGE][PASSED] - Text '' is set on object 'Object Repository/VLink/Page_CCSale/txt_AL2'

2020-12-22 17:13:11 - [MESSAGE][PASSED] - Object 'Object Repository/VLink/Page_CCSale/txt_CardCity' is present

2020-12-22 17:13:11 - [MESSAGE][PASSED] - Text 'Crofton' is set on object 'Object Repository/VLink/Page_CCSale/txt_CardCity'

2020-12-22 17:13:11 - [MESSAGE][PASSED] - Object 'Object Repository/VLink/Page_CCSale/txt_CardState' is present

2020-12-22 17:13:12 - [MESSAGE][PASSED] - Text 'MD' is set on object 'Object Repository/VLink/Page_CCSale/txt_CardState'

2020-12-22 17:13:12 - [MESSAGE][PASSED] - Object 'Object Repository/VLink/Page_CCSale/txt_CardZIP' is present

2020-12-22 17:13:13 - [MESSAGE][PASSED] - Text '21114' is set on object 'Object Repository/VLink/Page_CCSale/txt_CardZIP'

2020-12-22 17:13:13 - [MESSAGE][PASSED] - Object 'Object Repository/VLink/Page_CCSale/txt_CountryID' is present

2020-12-22 17:13:14 - [MESSAGE][PASSED] - Text '' is set on object 'Object Repository/VLink/Page_CCSale/txt_CountryID'

2020-12-22 17:13:14 - [MESSAGE][PASSED] - Object 'Object Repository/VLink/Page_CCSale/txt_Amount' is present

2020-12-22 17:13:15 - [MESSAGE][PASSED] - Text '3.50' is set on object 'Object Repository/VLink/Page_CCSale/txt_Amount'

2020-12-22 17:13:15 - [MESSAGE][PASSED] - Object 'Object Repository/VLink/Page_CCSale/txt_CardNumber' is present

2020-12-22 17:13:16 - [MESSAGE][PASSED] - Text '4111111111111111' is set on object 'Object Repository/VLink/Page_CCSale/txt_CardNumber'

2020-12-22 17:13:16 - [MESSAGE][PASSED] - Object 'Object Repository/VLink/Page_CCSale/txt_ExpMonth' is present

2020-12-22 17:13:17 - [MESSAGE][PASSED] - Text '01' is set on object 'Object Repository/VLink/Page_CCSale/txt_ExpMonth'

2020-12-22 17:13:17 - [MESSAGE][PASSED] - Object 'Object Repository/VLink/Page_CCSale/txt_ExpYear' is present

2020-12-22 17:13:18 - [MESSAGE][PASSED] - Text '2026' is set on object 'Object Repository/VLink/Page_CCSale/txt_ExpYear'

2020-12-22 17:13:18 - [MESSAGE][PASSED] - Object 'Object Repository/VLink/Page_CCSale/txt_CVV' is present

2020-12-22 17:13:19 - [MESSAGE][PASSED] - Text '' is set on object 'Object Repository/VLink/Page_CCSale/txt_CVV'

2020-12-22 17:13:19 - [MESSAGE][PASSED] - Object 'Object Repository/VLink/Page_CCSale/txt_CVVstate' is present

2020-12-22 17:13:20 - [MESSAGE][PASSED] - Text '' is set on object 'Object Repository/VLink/Page_CCSale/txt_CVVstate'

2020-12-22 17:13:20 - [MESSAGE][PASSED] - Object 'Object Repository/VLink/Page_CCSale/txt_TrackData' is present

2020-12-22 17:13:21 - [MESSAGE][PASSED] - Text '' is set on object 'Object Repository/VLink/Page_CCSale/txt_TrackData'

2020-12-22 17:13:21 - [MESSAGE][PASSED] - Object 'Object Repository/VLink/Page_CCSale/txt_Track1Data' is present

2020-12-22 17:13:22 - [MESSAGE][PASSED] - Text '' is set on object 'Object Repository/VLink/Page_CCSale/txt_Track1Data'

2020-12-22 17:13:22 - [MESSAGE][PASSED] - Object 'Object Repository/VLink/Page_CCSale/txt_Track2Data' is present

2020-12-22 17:13:23 - [MESSAGE][PASSED] - Text '' is set on object 'Object Repository/VLink/Page_CCSale/txt_Track2Data'

2020-12-22 17:13:23 - [MESSAGE][PASSED] - Object 'Object Repository/VLink/Page_CCSale/txt_POSEntryMode' is present

2020-12-22 17:13:24 - [MESSAGE][PASSED] - Text 'manual' is set on object 'Object Repository/VLink/Page_CCSale/txt_POSEntryMode'

2020-12-22 17:13:24 - [MESSAGE][PASSED] - Object 'Object Repository/VLink/Page_CCSale/txt_Email' is present

2020-12-22 17:13:25 - [MESSAGE][PASSED] - Text '' is set on object 'Object Repository/VLink/Page_CCSale/txt_Email'

2020-12-22 17:13:25 - [MESSAGE][PASSED] - Object 'Object Repository/VLink/Page_CCSale/txt_OrderNumber' is present

2020-12-22 17:13:26 - [MESSAGE][PASSED] - Text '' is set on object 'Object Repository/VLink/Page_CCSale/txt_OrderNumber'

2020-12-22 17:13:26 - [MESSAGE][PASSED] - Object 'Object Repository/VLink/Page_CCSale/txt_TaxAmount' is present

2020-12-22 17:13:27 - [MESSAGE][PASSED] - Text '' is set on object 'Object Repository/VLink/Page_CCSale/txt_TaxAmount'

2020-12-22 17:13:27 - [MESSAGE][PASSED] - Object 'Object Repository/VLink/Page_CCSale/txt_ChargeDescription' is present

2020-12-22 17:13:28 - [MESSAGE][PASSED] - Text '' is set on object 'Object Repository/VLink/Page_CCSale/txt_ChargeDescription'

2020-12-22 17:13:28 - [MESSAGE][PASSED] - Object 'Object Repository/VLink/Page_CCSale/txt_CAN' is present

2020-12-22 17:13:29 - [MESSAGE][PASSED] - Text '' is set on object 'Object Repository/VLink/Page_CCSale/txt_CAN'

2020-12-22 17:13:29 - [MESSAGE][PASSED] - Object 'Object Repository/VLink/Page_CCSale/txt_BillPaymentIndicator' is present

2020-12-22 17:13:30 - [MESSAGE][PASSED] - Text '' is set on object 'Object Repository/VLink/Page_CCSale/txt_BillPaymentIndicator'

2020-12-22 17:13:30 - [MESSAGE][PASSED] - Object 'Object Repository/VLink/Page_CCSale/txt_UDF1' is present

2020-12-22 17:13:31 - [MESSAGE][PASSED] - Text '' is set on object 'Object Repository/VLink/Page_CCSale/txt_UDF1'

2020-12-22 17:13:31 - [MESSAGE][PASSED] - Object 'Object Repository/VLink/Page_CCSale/txt_UDF2' is present

2020-12-22 17:13:32 - [MESSAGE][PASSED] - Text '' is set on object 'Object Repository/VLink/Page_CCSale/txt_UDF2'

2020-12-22 17:13:32 - [MESSAGE][PASSED] - Object 'Object Repository/VLink/Page_CCSale/txt_UDF3' is present

2020-12-22 17:13:33 - [MESSAGE][PASSED] - Text '' is set on object 'Object Repository/VLink/Page_CCSale/txt_UDF3'

2020-12-22 17:13:33 - [MESSAGE][PASSED] - Object 'Object Repository/VLink/Page_CCSale/txt_UDF4' is present

2020-12-22 17:13:34 - [MESSAGE][PASSED] - Text '' is set on object 'Object Repository/VLink/Page_CCSale/txt_UDF4'

2020-12-22 17:13:34 - [MESSAGE][PASSED] - Object 'Object Repository/VLink/Page_CCSale/txt_UDF5' is present

2020-12-22 17:13:34 - [MESSAGE][PASSED] - Text '' is set on object 'Object Repository/VLink/Page_CCSale/txt_UDF5'

2020-12-22 17:13:35 - [MESSAGE][PASSED] - Object 'Object Repository/VLink/Page_CCSale/txt_UDF6' is present

2020-12-22 17:13:35 - [MESSAGE][PASSED] - Text '' is set on object 'Object Repository/VLink/Page_CCSale/txt_UDF6'

2020-12-22 17:13:36 - [MESSAGE][PASSED] - Object 'Object Repository/VLink/Page_CCSale/txt_UDF7' is present

2020-12-22 17:13:36 - [MESSAGE][PASSED] - Text '' is set on object 'Object Repository/VLink/Page_CCSale/txt_UDF7'

2020-12-22 17:13:37 - [MESSAGE][PASSED] - Object 'Object Repository/VLink/Page_CCSale/txt_UDF8' is present

2020-12-22 17:13:37 - [MESSAGE][PASSED] - Text '' is set on object 'Object Repository/VLink/Page_CCSale/txt_UDF8'

2020-12-22 17:13:38 - [MESSAGE][PASSED] - Object 'Object Repository/VLink/Page_CCSale/txt_UDF9' is present

2020-12-22 17:13:38 - [MESSAGE][PASSED] - Text '' is set on object 'Object Repository/VLink/Page_CCSale/txt_UDF9'

2020-12-22 17:13:39 - [MESSAGE][PASSED] - Object 'Object Repository/VLink/Page_CCSale/txt_UDF10' is present

2020-12-22 17:13:39 - [MESSAGE][PASSED] - Text '' is set on object 'Object Repository/VLink/Page_CCSale/txt_UDF10'

2020-12-22 17:13:40 - [MESSAGE][PASSED] - Object 'Object Repository/VLink/Page_CCSale/txt_CardOnFileIndicator' is present

2020-12-22 17:13:40 - [MESSAGE][PASSED] - Text '' is set on object 'Object Repository/VLink/Page_CCSale/txt_CardOnFileIndicator'

2020-12-22 17:13:41 - [MESSAGE][PASSED] - Object 'Object Repository/VLink/Page_CCSale/txt_StoredCredentialIndicator' is present

2020-12-22 17:13:41 - [MESSAGE][PASSED] - Text '' is set on object 'Object Repository/VLink/Page_CCSale/txt_StoredCredentialIndicator'

2020-12-22 17:13:42 - [MESSAGE][PASSED] - Object 'Object Repository/VLink/Page_CCSale/txt_COFScheduledIndicator' is present

2020-12-22 17:13:42 - [MESSAGE][PASSED] - Text '' is set on object 'Object Repository/VLink/Page_CCSale/txt_COFScheduledIndicator'

2020-12-22 17:13:42 - [MESSAGE][PASSED] - Object 'Object Repository/VLink/Page_CCSale/txt_COFTransactionInitiatedBy' is present

2020-12-22 17:13:43 - [MESSAGE][PASSED] - Text '' is set on object 'Object Repository/VLink/Page_CCSale/txt_COFTransactionInitiatedBy'

2020-12-22 17:13:46 - [MESSAGE][PASSED] - Object: 'Object Repository/VLink/Page_CCSale/btn_ProcessVLinkTransaction' is clicked on

2020-12-22 17:13:51 - [MESSAGE][PASSED] - vlinkPages.saleCCPage.setDataSCC is PASSED

2020-12-22 17:13:51 - [TEST_STEP][PASSED] - if (verifyTextPresent("Transaction approved, no errors", true)): null

2020-12-22 17:13:51 - [MESSAGE][PASSED] - Text 'Transaction approved, no errors' is present on page  using regular expression

2020-12-22 17:13:51 - [TEST_STEP][PASSED] - println("Transaction Approved, no errors text is present on the Confirmation page"): null

2020-12-22 17:13:51 - [TEST_STEP][PASSED] - out.println("Pass Record Number: " + row): null

2020-12-22 17:13:51 - [TEST_STEP][PASSED] - sdfo = getText(findTestObject("Object Repository/Page_VLinkReceipt/pre_STX")): Text of object 'Object Repository/Page_VLinkReceipt/pre_STX' is: '<STX>H8DbfwY6HpIy                  12087922            0  Transaction approved, no errors                   0                                                                                  XXOK0630   <ETX>'

2020-12-22 17:13:52 - [MESSAGE][PASSED] - Text of object 'Object Repository/Page_VLinkReceipt/pre_STX' is: '<STX>H8DbfwY6HpIy                  12087922            0  Transaction approved, no errors                   0                                                                                  XXOK0630   <ETX>'

2020-12-22 17:13:52 - [TEST_STEP][PASSED] - out.println("sdfo: " + sdfo): null

2020-12-22 17:13:52 - [TEST_STEP][PASSED] - remID = substring(5, 35).trim(): null

2020-12-22 17:13:52 - [TEST_STEP][PASSED] - out.println("Remittance ID: " + remID): null

2020-12-22 17:13:52 - [TEST_STEP][PASSED] - traxID = substring(35, 55).trim(): null

2020-12-22 17:13:52 - [TEST_STEP][PASSED] - out.println("Transaction ID: " + traxID): null

2020-12-22 17:13:52 - [TEST_STEP][PASSED] - out.println("End Record Number: " + row): null

2020-12-22 17:13:52 - [TEST_STEP][PASSED] - closeBrowser(): Browser is closed

2020-12-22 17:13:52 - [MESSAGE][PASSED] - Browser is closed

2020-12-22 17:13:52 - [TEST_STEP][PASSED] - out.println("Begin Record Number: " + row): null

2020-12-22 17:13:52 - [TEST_STEP][PASSED] - openBrowser(VLinkURL + "authcap.html"): Browser is opened with url: 'https://dev-algorithm.govolution.com/vlinktest/QA/version_2_0/authcap.html'

2020-12-22 17:13:52 - [MESSAGE][INFO] - Starting 'Chrome' driver

2020-12-22 17:13:52 - [MESSAGE][INFO] - User set preference: ['acceptInsecureCerts', 'true']

2020-12-22 17:13:52 - [MESSAGE][INFO] - Action delay is set to 0 milliseconds

2020-12-22 17:13:56 - [MESSAGE][PASSED] - Browser is opened with url: 'https://dev-algorithm.govolution.com/vlinktest/QA/version_2_0/authcap.html'

2020-12-22 17:13:56 - [TEST_STEP][PASSED] - maximizeWindow(): Current window maximized

2020-12-22 17:13:56 - [MESSAGE][PASSED] - Current window maximized

2020-12-22 17:13:56 - [TEST_STEP][PASSED] - vlinkPages.saleCCPage.setDataSCC(row, dataFile): vlinkPages.saleCCPage.setDataSCC is PASSED

2020-12-22 17:13:58 - [MESSAGE][PASSED] - Object 'Object Repository/VLink/Page_CCSale/txt_CardNumber' is present

2020-12-22 17:13:58 - [MESSAGE][PASSED] - Object 'Object Repository/VLink/Page_CCSale/txt_TransactionType' is present

2020-12-22 17:13:59 - [MESSAGE][PASSED] - Text '104' is set on object 'Object Repository/VLink/Page_CCSale/txt_TransactionType'

2020-12-22 17:13:59 - [MESSAGE][PASSED] - Object 'Object Repository/VLink/Page_CCSale/txt_MessageVersion' is present

2020-12-22 17:14:00 - [MESSAGE][PASSED] - Text '2.0C' is set on object 'Object Repository/VLink/Page_CCSale/txt_MessageVersion'

2020-12-22 17:14:00 - [MESSAGE][PASSED] - Object 'Object Repository/VLink/Page_CCSale/txt_RemID' is present

2020-12-22 17:14:01 - [MESSAGE][PASSED] - Text 'e7VkuRRWZvGc' is set on object 'Object Repository/VLink/Page_CCSale/txt_RemID'

2020-12-22 17:14:01 - [MESSAGE][PASSED] - Object 'Object Repository/VLink/Page_CCSale/txt_ApplicationId' is present

2020-12-22 17:14:02 - [MESSAGE][PASSED] - Text '665' is set on object 'Object Repository/VLink/Page_CCSale/txt_ApplicationId'

2020-12-22 17:14:02 - [MESSAGE][PASSED] - Object 'Object Repository/VLink/Page_CCSale/txt_Username' is present

2020-12-22 17:14:03 - [MESSAGE][PASSED] - Text 'username' is set on object 'Object Repository/VLink/Page_CCSale/txt_Username'

2020-12-22 17:14:03 - [MESSAGE][PASSED] - Object 'Object Repository/VLink/Page_CCSale/txt_Password' is present

2020-12-22 17:14:03 - [MESSAGE][PASSED] - Text 'password' is set on object 'Object Repository/VLink/Page_CCSale/txt_Password'

2020-12-22 17:14:04 - [MESSAGE][PASSED] - Object 'Object Repository/VLink/Page_CCSale/txt_ResponseFormat' is present

2020-12-22 17:14:04 - [MESSAGE][PASSED] - Text 'fixed_width' is set on object 'Object Repository/VLink/Page_CCSale/txt_ResponseFormat'

2020-12-22 17:14:05 - [MESSAGE][PASSED] - Object 'Object Repository/VLink/Page_CCSale/txt_Category' is present

2020-12-22 17:14:05 - [MESSAGE][PASSED] - Text 'MOTO' is set on object 'Object Repository/VLink/Page_CCSale/txt_Category'

2020-12-22 17:14:05 - [MESSAGE][PASSED] - Object 'Object Repository/VLink/Page_CCSale/txt_TransactionID' is present

2020-12-22 17:14:06 - [MESSAGE][PASSED] - Text '' is set on object 'Object Repository/VLink/Page_CCSale/txt_TransactionID'

2020-12-22 17:14:06 - [MESSAGE][PASSED] - Object 'Object Repository/VLink/Page_CCSale/txt_ApprovalCode' is present

2020-12-22 17:14:07 - [MESSAGE][PASSED] - Text '' is set on object 'Object Repository/VLink/Page_CCSale/txt_ApprovalCode'

2020-12-22 17:14:07 - [MESSAGE][PASSED] - Object 'Object Repository/VLink/Page_CCSale/txt_CardName' is present

2020-12-22 17:14:08 - [MESSAGE][PASSED] - Text 'Kris Roshan' is set on object 'Object Repository/VLink/Page_CCSale/txt_CardName'

2020-12-22 17:14:08 - [MESSAGE][PASSED] - Object 'Object Repository/VLink/Page_CCSale/txt_AL1' is present

2020-12-22 17:14:09 - [MESSAGE][PASSED] - Text '258 Elm Road' is set on object 'Object Repository/VLink/Page_CCSale/txt_AL1'

2020-12-22 17:14:09 - [MESSAGE][PASSED] - Object 'Object Repository/VLink/Page_CCSale/txt_AL2' is present

2020-12-22 17:14:09 - [MESSAGE][PASSED] - Text 'Suite 56' is set on object 'Object Repository/VLink/Page_CCSale/txt_AL2'

2020-12-22 17:14:10 - [MESSAGE][PASSED] - Object 'Object Repository/VLink/Page_CCSale/txt_CardCity' is present

2020-12-22 17:14:10 - [MESSAGE][PASSED] - Text 'Arlington' is set on object 'Object Repository/VLink/Page_CCSale/txt_CardCity'

2020-12-22 17:14:11 - [MESSAGE][PASSED] - Object 'Object Repository/VLink/Page_CCSale/txt_CardState' is present

2020-12-22 17:14:12 - [MESSAGE][PASSED] - Text 'VA' is set on object 'Object Repository/VLink/Page_CCSale/txt_CardState'

2020-12-22 17:14:12 - [MESSAGE][PASSED] - Object 'Object Repository/VLink/Page_CCSale/txt_CardZIP' is present

2020-12-22 17:14:13 - [MESSAGE][PASSED] - Text '22201' is set on object 'Object Repository/VLink/Page_CCSale/txt_CardZIP'

2020-12-22 17:14:13 - [MESSAGE][PASSED] - Object 'Object Repository/VLink/Page_CCSale/txt_CountryID' is present

2020-12-22 17:14:13 - [MESSAGE][PASSED] - Text '840' is set on object 'Object Repository/VLink/Page_CCSale/txt_CountryID'

2020-12-22 17:14:14 - [MESSAGE][PASSED] - Object 'Object Repository/VLink/Page_CCSale/txt_Amount' is present

2020-12-22 17:14:15 - [MESSAGE][PASSED] - Text '1.50' is set on object 'Object Repository/VLink/Page_CCSale/txt_Amount'

2020-12-22 17:14:15 - [MESSAGE][PASSED] - Object 'Object Repository/VLink/Page_CCSale/txt_CardNumber' is present

2020-12-22 17:14:16 - [MESSAGE][PASSED] - Text '5424000000000015' is set on object 'Object Repository/VLink/Page_CCSale/txt_CardNumber'

2020-12-22 17:14:16 - [MESSAGE][PASSED] - Object 'Object Repository/VLink/Page_CCSale/txt_ExpMonth' is present

2020-12-22 17:14:17 - [MESSAGE][PASSED] - Text '12' is set on object 'Object Repository/VLink/Page_CCSale/txt_ExpMonth'

2020-12-22 17:14:17 - [MESSAGE][PASSED] - Object 'Object Repository/VLink/Page_CCSale/txt_ExpYear' is present

2020-12-22 17:14:18 - [MESSAGE][PASSED] - Text '2025' is set on object 'Object Repository/VLink/Page_CCSale/txt_ExpYear'

2020-12-22 17:14:18 - [MESSAGE][PASSED] - Object 'Object Repository/VLink/Page_CCSale/txt_CVV' is present

2020-12-22 17:14:19 - [MESSAGE][PASSED] - Text '' is set on object 'Object Repository/VLink/Page_CCSale/txt_CVV'

2020-12-22 17:14:19 - [MESSAGE][PASSED] - Object 'Object Repository/VLink/Page_CCSale/txt_CVVstate' is present

2020-12-22 17:14:20 - [MESSAGE][PASSED] - Text '' is set on object 'Object Repository/VLink/Page_CCSale/txt_CVVstate'

2020-12-22 17:14:20 - [MESSAGE][PASSED] - Object 'Object Repository/VLink/Page_CCSale/txt_TrackData' is present

2020-12-22 17:14:20 - [MESSAGE][PASSED] - Text '' is set on object 'Object Repository/VLink/Page_CCSale/txt_TrackData'

2020-12-22 17:14:21 - [MESSAGE][PASSED] - Object 'Object Repository/VLink/Page_CCSale/txt_Track1Data' is present

2020-12-22 17:14:21 - [MESSAGE][PASSED] - Text '' is set on object 'Object Repository/VLink/Page_CCSale/txt_Track1Data'

2020-12-22 17:14:22 - [MESSAGE][PASSED] - Object 'Object Repository/VLink/Page_CCSale/txt_Track2Data' is present

2020-12-22 17:14:22 - [MESSAGE][PASSED] - Text '' is set on object 'Object Repository/VLink/Page_CCSale/txt_Track2Data'

2020-12-22 17:14:23 - [MESSAGE][PASSED] - Object 'Object Repository/VLink/Page_CCSale/txt_POSEntryMode' is present

2020-12-22 17:14:23 - [MESSAGE][PASSED] - Text 'manual' is set on object 'Object Repository/VLink/Page_CCSale/txt_POSEntryMode'

2020-12-22 17:14:24 - [MESSAGE][PASSED] - Object 'Object Repository/VLink/Page_CCSale/txt_Email' is present

2020-12-22 17:14:24 - [MESSAGE][PASSED] - Text 'iahmed@govolution.com' is set on object 'Object Repository/VLink/Page_CCSale/txt_Email'

2020-12-22 17:14:25 - [MESSAGE][PASSED] - Object 'Object Repository/VLink/Page_CCSale/txt_OrderNumber' is present

2020-12-22 17:14:26 - [MESSAGE][PASSED] - Text '2569362' is set on object 'Object Repository/VLink/Page_CCSale/txt_OrderNumber'

2020-12-22 17:14:26 - [MESSAGE][PASSED] - Object 'Object Repository/VLink/Page_CCSale/txt_TaxAmount' is present

2020-12-22 17:14:27 - [MESSAGE][PASSED] - Text '1.15' is set on object 'Object Repository/VLink/Page_CCSale/txt_TaxAmount'

2020-12-22 17:14:27 - [MESSAGE][PASSED] - Object 'Object Repository/VLink/Page_CCSale/txt_ChargeDescription' is present

2020-12-22 17:14:27 - [MESSAGE][PASSED] - Text 'Charge Description' is set on object 'Object Repository/VLink/Page_CCSale/txt_ChargeDescription'

2020-12-22 17:14:28 - [MESSAGE][PASSED] - Object 'Object Repository/VLink/Page_CCSale/txt_CAN' is present

2020-12-22 17:14:28 - [MESSAGE][PASSED] - Text '147357' is set on object 'Object Repository/VLink/Page_CCSale/txt_CAN'

2020-12-22 17:14:29 - [MESSAGE][PASSED] - Object 'Object Repository/VLink/Page_CCSale/txt_BillPaymentIndicator' is present

2020-12-22 17:14:29 - [MESSAGE][PASSED] - Text '1' is set on object 'Object Repository/VLink/Page_CCSale/txt_BillPaymentIndicator'

2020-12-22 17:14:30 - [MESSAGE][PASSED] - Object 'Object Repository/VLink/Page_CCSale/txt_UDF1' is present

2020-12-22 17:14:30 - [MESSAGE][PASSED] - Text 'UDF Data 1' is set on object 'Object Repository/VLink/Page_CCSale/txt_UDF1'

2020-12-22 17:14:31 - [MESSAGE][PASSED] - Object 'Object Repository/VLink/Page_CCSale/txt_UDF2' is present

2020-12-22 17:14:31 - [MESSAGE][PASSED] - Text 'UDF Data 2' is set on object 'Object Repository/VLink/Page_CCSale/txt_UDF2'

2020-12-22 17:14:32 - [MESSAGE][PASSED] - Object 'Object Repository/VLink/Page_CCSale/txt_UDF3' is present

2020-12-22 17:14:32 - [MESSAGE][PASSED] - Text 'UDF Data 3' is set on object 'Object Repository/VLink/Page_CCSale/txt_UDF3'

2020-12-22 17:14:33 - [MESSAGE][PASSED] - Object 'Object Repository/VLink/Page_CCSale/txt_UDF4' is present

2020-12-22 17:14:33 - [MESSAGE][PASSED] - Text 'UDF Data 4' is set on object 'Object Repository/VLink/Page_CCSale/txt_UDF4'

2020-12-22 17:14:34 - [MESSAGE][PASSED] - Object 'Object Repository/VLink/Page_CCSale/txt_UDF5' is present

2020-12-22 17:14:34 - [MESSAGE][PASSED] - Text 'UDF Data 5' is set on object 'Object Repository/VLink/Page_CCSale/txt_UDF5'

2020-12-22 17:14:35 - [MESSAGE][PASSED] - Object 'Object Repository/VLink/Page_CCSale/txt_UDF6' is present

2020-12-22 17:14:35 - [MESSAGE][PASSED] - Text 'UDF Data 6' is set on object 'Object Repository/VLink/Page_CCSale/txt_UDF6'

2020-12-22 17:14:36 - [MESSAGE][PASSED] - Object 'Object Repository/VLink/Page_CCSale/txt_UDF7' is present

2020-12-22 17:14:36 - [MESSAGE][PASSED] - Text 'UDF Data 7' is set on object 'Object Repository/VLink/Page_CCSale/txt_UDF7'

2020-12-22 17:14:37 - [MESSAGE][PASSED] - Object 'Object Repository/VLink/Page_CCSale/txt_UDF8' is present

2020-12-22 17:14:37 - [MESSAGE][PASSED] - Text 'UDF Data 8' is set on object 'Object Repository/VLink/Page_CCSale/txt_UDF8'

2020-12-22 17:14:38 - [MESSAGE][PASSED] - Object 'Object Repository/VLink/Page_CCSale/txt_UDF9' is present

2020-12-22 17:14:38 - [MESSAGE][PASSED] - Text 'UDF Data 9' is set on object 'Object Repository/VLink/Page_CCSale/txt_UDF9'

2020-12-22 17:14:39 - [MESSAGE][PASSED] - Object 'Object Repository/VLink/Page_CCSale/txt_UDF10' is present

2020-12-22 17:14:39 - [MESSAGE][PASSED] - Text 'UDF Data 10' is set on object 'Object Repository/VLink/Page_CCSale/txt_UDF10'

2020-12-22 17:14:40 - [MESSAGE][PASSED] - Object 'Object Repository/VLink/Page_CCSale/txt_CardOnFileIndicator' is present

2020-12-22 17:14:40 - [MESSAGE][PASSED] - Text '' is set on object 'Object Repository/VLink/Page_CCSale/txt_CardOnFileIndicator'

2020-12-22 17:14:41 - [MESSAGE][PASSED] - Object 'Object Repository/VLink/Page_CCSale/txt_StoredCredentialIndicator' is present

2020-12-22 17:14:41 - [MESSAGE][PASSED] - Text '' is set on object 'Object Repository/VLink/Page_CCSale/txt_StoredCredentialIndicator'

2020-12-22 17:14:42 - [MESSAGE][PASSED] - Object 'Object Repository/VLink/Page_CCSale/txt_COFScheduledIndicator' is present

2020-12-22 17:14:42 - [MESSAGE][PASSED] - Text '' is set on object 'Object Repository/VLink/Page_CCSale/txt_COFScheduledIndicator'

2020-12-22 17:14:43 - [MESSAGE][PASSED] - Object 'Object Repository/VLink/Page_CCSale/txt_COFTransactionInitiatedBy' is present

2020-12-22 17:14:43 - [MESSAGE][PASSED] - Text '' is set on object 'Object Repository/VLink/Page_CCSale/txt_COFTransactionInitiatedBy'

2020-12-22 17:14:46 - [MESSAGE][PASSED] - Object: 'Object Repository/VLink/Page_CCSale/btn_ProcessVLinkTransaction' is clicked on

2020-12-22 17:14:51 - [MESSAGE][PASSED] - vlinkPages.saleCCPage.setDataSCC is PASSED

2020-12-22 17:14:51 - [TEST_STEP][PASSED] - if (verifyTextPresent("Transaction approved, no errors", true)): null

2020-12-22 17:14:51 - [MESSAGE][PASSED] - Text 'Transaction approved, no errors' is present on page  using regular expression

2020-12-22 17:14:51 - [TEST_STEP][PASSED] - println("Transaction Approved, no errors text is present on the Confirmation page"): null

2020-12-22 17:14:51 - [TEST_STEP][PASSED] - out.println("Pass Record Number: " + row): null

2020-12-22 17:14:51 - [TEST_STEP][PASSED] - sdfo = getText(findTestObject("Object Repository/Page_VLinkReceipt/pre_STX")): Text of object 'Object Repository/Page_VLinkReceipt/pre_STX' is: '<STX>e7VkuRRWZvGc                  12087924            0  Transaction approved, no errors                   0                                                                                  XXOK0670   <ETX>'

2020-12-22 17:14:52 - [MESSAGE][PASSED] - Text of object 'Object Repository/Page_VLinkReceipt/pre_STX' is: '<STX>e7VkuRRWZvGc                  12087924            0  Transaction approved, no errors                   0                                                                                  XXOK0670   <ETX>'

2020-12-22 17:14:52 - [TEST_STEP][PASSED] - out.println("sdfo: " + sdfo): null

2020-12-22 17:14:52 - [TEST_STEP][PASSED] - remID = substring(5, 35).trim(): null

2020-12-22 17:14:52 - [TEST_STEP][PASSED] - out.println("Remittance ID: " + remID): null

2020-12-22 17:14:52 - [TEST_STEP][PASSED] - traxID = substring(35, 55).trim(): null

2020-12-22 17:14:52 - [TEST_STEP][PASSED] - out.println("Transaction ID: " + traxID): null

2020-12-22 17:14:52 - [TEST_STEP][PASSED] - out.println("End Record Number: " + row): null

2020-12-22 17:14:52 - [TEST_STEP][PASSED] - closeBrowser(): Browser is closed

2020-12-22 17:14:53 - [MESSAGE][PASSED] - Browser is closed

2020-12-22 17:14:53 - [TEST_STEP][PASSED] - out.println("Begin Record Number: " + row): null

2020-12-22 17:14:53 - [TEST_STEP][PASSED] - openBrowser(VLinkURL + "authcap.html"): Browser is opened with url: 'https://dev-algorithm.govolution.com/vlinktest/QA/version_2_0/authcap.html'

2020-12-22 17:14:53 - [MESSAGE][INFO] - Starting 'Chrome' driver

2020-12-22 17:14:53 - [MESSAGE][INFO] - User set preference: ['acceptInsecureCerts', 'true']

2020-12-22 17:14:53 - [MESSAGE][INFO] - Action delay is set to 0 milliseconds

2020-12-22 17:14:56 - [MESSAGE][PASSED] - Browser is opened with url: 'https://dev-algorithm.govolution.com/vlinktest/QA/version_2_0/authcap.html'

2020-12-22 17:14:56 - [TEST_STEP][PASSED] - maximizeWindow(): Current window maximized

2020-12-22 17:14:56 - [MESSAGE][PASSED] - Current window maximized

2020-12-22 17:14:56 - [TEST_STEP][PASSED] - vlinkPages.saleCCPage.setDataSCC(row, dataFile): vlinkPages.saleCCPage.setDataSCC is PASSED

2020-12-22 17:14:58 - [MESSAGE][PASSED] - Object 'Object Repository/VLink/Page_CCSale/txt_CardNumber' is present

2020-12-22 17:14:58 - [MESSAGE][PASSED] - Object 'Object Repository/VLink/Page_CCSale/txt_TransactionType' is present

2020-12-22 17:14:59 - [MESSAGE][PASSED] - Text '104' is set on object 'Object Repository/VLink/Page_CCSale/txt_TransactionType'

2020-12-22 17:14:59 - [MESSAGE][PASSED] - Object 'Object Repository/VLink/Page_CCSale/txt_MessageVersion' is present

2020-12-22 17:15:00 - [MESSAGE][PASSED] - Text '2.0C' is set on object 'Object Repository/VLink/Page_CCSale/txt_MessageVersion'

2020-12-22 17:15:00 - [MESSAGE][PASSED] - Object 'Object Repository/VLink/Page_CCSale/txt_RemID' is present

2020-12-22 17:15:01 - [MESSAGE][PASSED] - Text 'j0Kuj5B5l6St' is set on object 'Object Repository/VLink/Page_CCSale/txt_RemID'

2020-12-22 17:15:01 - [MESSAGE][PASSED] - Object 'Object Repository/VLink/Page_CCSale/txt_ApplicationId' is present

2020-12-22 17:15:01 - [MESSAGE][PASSED] - Text '672' is set on object 'Object Repository/VLink/Page_CCSale/txt_ApplicationId'

2020-12-22 17:15:02 - [MESSAGE][PASSED] - Object 'Object Repository/VLink/Page_CCSale/txt_Username' is present

2020-12-22 17:15:02 - [MESSAGE][PASSED] - Text 'username' is set on object 'Object Repository/VLink/Page_CCSale/txt_Username'

2020-12-22 17:15:03 - [MESSAGE][PASSED] - Object 'Object Repository/VLink/Page_CCSale/txt_Password' is present

2020-12-22 17:15:03 - [MESSAGE][PASSED] - Text 'password' is set on object 'Object Repository/VLink/Page_CCSale/txt_Password'

2020-12-22 17:15:04 - [MESSAGE][PASSED] - Object 'Object Repository/VLink/Page_CCSale/txt_ResponseFormat' is present

2020-12-22 17:15:04 - [MESSAGE][PASSED] - Text 'fixed_width' is set on object 'Object Repository/VLink/Page_CCSale/txt_ResponseFormat'

2020-12-22 17:15:05 - [MESSAGE][PASSED] - Object 'Object Repository/VLink/Page_CCSale/txt_Category' is present

2020-12-22 17:15:05 - [MESSAGE][PASSED] - Text 'MOTO' is set on object 'Object Repository/VLink/Page_CCSale/txt_Category'

2020-12-22 17:15:06 - [MESSAGE][PASSED] - Object 'Object Repository/VLink/Page_CCSale/txt_TransactionID' is present

2020-12-22 17:15:06 - [MESSAGE][PASSED] - Text '' is set on object 'Object Repository/VLink/Page_CCSale/txt_TransactionID'

2020-12-22 17:15:06 - [MESSAGE][PASSED] - Object 'Object Repository/VLink/Page_CCSale/txt_ApprovalCode' is present

2020-12-22 17:15:07 - [MESSAGE][PASSED] - Text '' is set on object 'Object Repository/VLink/Page_CCSale/txt_ApprovalCode'

2020-12-22 17:15:07 - [MESSAGE][PASSED] - Object 'Object Repository/VLink/Page_CCSale/txt_CardName' is present

2020-12-22 17:15:08 - [MESSAGE][PASSED] - Text 'Arvind Silva' is set on object 'Object Repository/VLink/Page_CCSale/txt_CardName'

2020-12-22 17:15:08 - [MESSAGE][PASSED] - Object 'Object Repository/VLink/Page_CCSale/txt_AL1' is present

2020-12-22 17:15:09 - [MESSAGE][PASSED] - Text '111 Main Ave' is set on object 'Object Repository/VLink/Page_CCSale/txt_AL1'

2020-12-22 17:15:09 - [MESSAGE][PASSED] - Object 'Object Repository/VLink/Page_CCSale/txt_AL2' is present

2020-12-22 17:15:10 - [MESSAGE][PASSED] - Text '' is set on object 'Object Repository/VLink/Page_CCSale/txt_AL2'

2020-12-22 17:15:10 - [MESSAGE][PASSED] - Object 'Object Repository/VLink/Page_CCSale/txt_CardCity' is present

2020-12-22 17:15:10 - [MESSAGE][PASSED] - Text 'Arlington' is set on object 'Object Repository/VLink/Page_CCSale/txt_CardCity'

2020-12-22 17:15:11 - [MESSAGE][PASSED] - Object 'Object Repository/VLink/Page_CCSale/txt_CardState' is present

2020-12-22 17:15:11 - [MESSAGE][PASSED] - Text 'VA' is set on object 'Object Repository/VLink/Page_CCSale/txt_CardState'

2020-12-22 17:15:12 - [MESSAGE][PASSED] - Object 'Object Repository/VLink/Page_CCSale/txt_CardZIP' is present

2020-12-22 17:15:12 - [MESSAGE][PASSED] - Text '22201' is set on object 'Object Repository/VLink/Page_CCSale/txt_CardZIP'

2020-12-22 17:15:12 - [MESSAGE][PASSED] - Object 'Object Repository/VLink/Page_CCSale/txt_CountryID' is present

2020-12-22 17:15:13 - [MESSAGE][PASSED] - Text '' is set on object 'Object Repository/VLink/Page_CCSale/txt_CountryID'

2020-12-22 17:15:13 - [MESSAGE][PASSED] - Object 'Object Repository/VLink/Page_CCSale/txt_Amount' is present

2020-12-22 17:15:14 - [MESSAGE][PASSED] - Text '2.50' is set on object 'Object Repository/VLink/Page_CCSale/txt_Amount'

2020-12-22 17:15:14 - [MESSAGE][PASSED] - Object 'Object Repository/VLink/Page_CCSale/txt_CardNumber' is present

2020-12-22 17:15:15 - [MESSAGE][PASSED] - Text '5424000000000015' is set on object 'Object Repository/VLink/Page_CCSale/txt_CardNumber'

2020-12-22 17:15:15 - [MESSAGE][PASSED] - Object 'Object Repository/VLink/Page_CCSale/txt_ExpMonth' is present

2020-12-22 17:15:16 - [MESSAGE][PASSED] - Text '01' is set on object 'Object Repository/VLink/Page_CCSale/txt_ExpMonth'

2020-12-22 17:15:16 - [MESSAGE][PASSED] - Object 'Object Repository/VLink/Page_CCSale/txt_ExpYear' is present

2020-12-22 17:15:17 - [MESSAGE][PASSED] - Text '2026' is set on object 'Object Repository/VLink/Page_CCSale/txt_ExpYear'

2020-12-22 17:15:17 - [MESSAGE][PASSED] - Object 'Object Repository/VLink/Page_CCSale/txt_CVV' is present

2020-12-22 17:15:18 - [MESSAGE][PASSED] - Text '' is set on object 'Object Repository/VLink/Page_CCSale/txt_CVV'

2020-12-22 17:15:18 - [MESSAGE][PASSED] - Object 'Object Repository/VLink/Page_CCSale/txt_CVVstate' is present

2020-12-22 17:15:19 - [MESSAGE][PASSED] - Text '' is set on object 'Object Repository/VLink/Page_CCSale/txt_CVVstate'

2020-12-22 17:15:19 - [MESSAGE][PASSED] - Object 'Object Repository/VLink/Page_CCSale/txt_TrackData' is present

2020-12-22 17:15:20 - [MESSAGE][PASSED] - Text '' is set on object 'Object Repository/VLink/Page_CCSale/txt_TrackData'

2020-12-22 17:15:20 - [MESSAGE][PASSED] - Object 'Object Repository/VLink/Page_CCSale/txt_Track1Data' is present

2020-12-22 17:15:21 - [MESSAGE][PASSED] - Text '' is set on object 'Object Repository/VLink/Page_CCSale/txt_Track1Data'

2020-12-22 17:15:21 - [MESSAGE][PASSED] - Object 'Object Repository/VLink/Page_CCSale/txt_Track2Data' is present

2020-12-22 17:15:22 - [MESSAGE][PASSED] - Text '' is set on object 'Object Repository/VLink/Page_CCSale/txt_Track2Data'

2020-12-22 17:15:22 - [MESSAGE][PASSED] - Object 'Object Repository/VLink/Page_CCSale/txt_POSEntryMode' is present

2020-12-22 17:15:23 - [MESSAGE][PASSED] - Text 'manual' is set on object 'Object Repository/VLink/Page_CCSale/txt_POSEntryMode'

2020-12-22 17:15:23 - [MESSAGE][PASSED] - Object 'Object Repository/VLink/Page_CCSale/txt_Email' is present

2020-12-22 17:15:24 - [MESSAGE][PASSED] - Text '' is set on object 'Object Repository/VLink/Page_CCSale/txt_Email'

2020-12-22 17:15:24 - [MESSAGE][PASSED] - Object 'Object Repository/VLink/Page_CCSale/txt_OrderNumber' is present

2020-12-22 17:15:25 - [MESSAGE][PASSED] - Text '' is set on object 'Object Repository/VLink/Page_CCSale/txt_OrderNumber'

2020-12-22 17:15:25 - [MESSAGE][PASSED] - Object 'Object Repository/VLink/Page_CCSale/txt_TaxAmount' is present

2020-12-22 17:15:26 - [MESSAGE][PASSED] - Text '' is set on object 'Object Repository/VLink/Page_CCSale/txt_TaxAmount'

2020-12-22 17:15:26 - [MESSAGE][PASSED] - Object 'Object Repository/VLink/Page_CCSale/txt_ChargeDescription' is present

2020-12-22 17:15:27 - [MESSAGE][PASSED] - Text '' is set on object 'Object Repository/VLink/Page_CCSale/txt_ChargeDescription'

2020-12-22 17:15:27 - [MESSAGE][PASSED] - Object 'Object Repository/VLink/Page_CCSale/txt_CAN' is present

2020-12-22 17:15:28 - [MESSAGE][PASSED] - Text '' is set on object 'Object Repository/VLink/Page_CCSale/txt_CAN'

2020-12-22 17:15:28 - [MESSAGE][PASSED] - Object 'Object Repository/VLink/Page_CCSale/txt_BillPaymentIndicator' is present

2020-12-22 17:15:29 - [MESSAGE][PASSED] - Text '' is set on object 'Object Repository/VLink/Page_CCSale/txt_BillPaymentIndicator'

2020-12-22 17:15:29 - [MESSAGE][PASSED] - Object 'Object Repository/VLink/Page_CCSale/txt_UDF1' is present

2020-12-22 17:15:30 - [MESSAGE][PASSED] - Text '' is set on object 'Object Repository/VLink/Page_CCSale/txt_UDF1'

2020-12-22 17:15:30 - [MESSAGE][PASSED] - Object 'Object Repository/VLink/Page_CCSale/txt_UDF2' is present

2020-12-22 17:15:31 - [MESSAGE][PASSED] - Text '' is set on object 'Object Repository/VLink/Page_CCSale/txt_UDF2'

2020-12-22 17:15:31 - [MESSAGE][PASSED] - Object 'Object Repository/VLink/Page_CCSale/txt_UDF3' is present

2020-12-22 17:15:32 - [MESSAGE][PASSED] - Text '' is set on object 'Object Repository/VLink/Page_CCSale/txt_UDF3'

2020-12-22 17:15:32 - [MESSAGE][PASSED] - Object 'Object Repository/VLink/Page_CCSale/txt_UDF4' is present

2020-12-22 17:15:33 - [MESSAGE][PASSED] - Text '' is set on object 'Object Repository/VLink/Page_CCSale/txt_UDF4'

2020-12-22 17:15:33 - [MESSAGE][PASSED] - Object 'Object Repository/VLink/Page_CCSale/txt_UDF5' is present

2020-12-22 17:15:34 - [MESSAGE][PASSED] - Text '' is set on object 'Object Repository/VLink/Page_CCSale/txt_UDF5'

2020-12-22 17:15:34 - [MESSAGE][PASSED] - Object 'Object Repository/VLink/Page_CCSale/txt_UDF6' is present

2020-12-22 17:15:35 - [MESSAGE][PASSED] - Text '' is set on object 'Object Repository/VLink/Page_CCSale/txt_UDF6'

2020-12-22 17:15:35 - [MESSAGE][PASSED] - Object 'Object Repository/VLink/Page_CCSale/txt_UDF7' is present

2020-12-22 17:15:36 - [MESSAGE][PASSED] - Text '' is set on object 'Object Repository/VLink/Page_CCSale/txt_UDF7'

2020-12-22 17:15:36 - [MESSAGE][PASSED] - Object 'Object Repository/VLink/Page_CCSale/txt_UDF8' is present

2020-12-22 17:15:36 - [MESSAGE][PASSED] - Text '' is set on object 'Object Repository/VLink/Page_CCSale/txt_UDF8'

2020-12-22 17:15:37 - [MESSAGE][PASSED] - Object 'Object Repository/VLink/Page_CCSale/txt_UDF9' is present

2020-12-22 17:15:37 - [MESSAGE][PASSED] - Text '' is set on object 'Object Repository/VLink/Page_CCSale/txt_UDF9'

2020-12-22 17:15:38 - [MESSAGE][PASSED] - Object 'Object Repository/VLink/Page_CCSale/txt_UDF10' is present

2020-12-22 17:15:38 - [MESSAGE][PASSED] - Text '' is set on object 'Object Repository/VLink/Page_CCSale/txt_UDF10'

2020-12-22 17:15:39 - [MESSAGE][PASSED] - Object 'Object Repository/VLink/Page_CCSale/txt_CardOnFileIndicator' is present

2020-12-22 17:15:39 - [MESSAGE][PASSED] - Text '' is set on object 'Object Repository/VLink/Page_CCSale/txt_CardOnFileIndicator'

2020-12-22 17:15:40 - [MESSAGE][PASSED] - Object 'Object Repository/VLink/Page_CCSale/txt_StoredCredentialIndicator' is present

2020-12-22 17:15:40 - [MESSAGE][PASSED] - Text '' is set on object 'Object Repository/VLink/Page_CCSale/txt_StoredCredentialIndicator'

2020-12-22 17:15:41 - [MESSAGE][PASSED] - Object 'Object Repository/VLink/Page_CCSale/txt_COFScheduledIndicator' is present

2020-12-22 17:15:41 - [MESSAGE][PASSED] - Text '' is set on object 'Object Repository/VLink/Page_CCSale/txt_COFScheduledIndicator'

2020-12-22 17:15:42 - [MESSAGE][PASSED] - Object 'Object Repository/VLink/Page_CCSale/txt_COFTransactionInitiatedBy' is present

2020-12-22 17:15:42 - [MESSAGE][PASSED] - Text '' is set on object 'Object Repository/VLink/Page_CCSale/txt_COFTransactionInitiatedBy'

2020-12-22 17:15:45 - [MESSAGE][PASSED] - Object: 'Object Repository/VLink/Page_CCSale/btn_ProcessVLinkTransaction' is clicked on

2020-12-22 17:15:50 - [MESSAGE][PASSED] - vlinkPages.saleCCPage.setDataSCC is PASSED

2020-12-22 17:15:50 - [TEST_STEP][PASSED] - if (verifyTextPresent("Transaction approved, no errors", true)): null

2020-12-22 17:15:50 - [MESSAGE][PASSED] - Text 'Transaction approved, no errors' is present on page  using regular expression

2020-12-22 17:15:50 - [TEST_STEP][PASSED] - println("Transaction Approved, no errors text is present on the Confirmation page"): null

2020-12-22 17:15:50 - [TEST_STEP][PASSED] - out.println("Pass Record Number: " + row): null

2020-12-22 17:15:50 - [TEST_STEP][PASSED] - sdfo = getText(findTestObject("Object Repository/Page_VLinkReceipt/pre_STX")): Text of object 'Object Repository/Page_VLinkReceipt/pre_STX' is: '<STX>j0Kuj5B5l6St                  12087925            0  Transaction approved, no errors                   0                                                                                  XXOK0740   <ETX>'

2020-12-22 17:15:50 - [MESSAGE][PASSED] - Text of object 'Object Repository/Page_VLinkReceipt/pre_STX' is: '<STX>j0Kuj5B5l6St                  12087925            0  Transaction approved, no errors                   0                                                                                  XXOK0740   <ETX>'

2020-12-22 17:15:50 - [TEST_STEP][PASSED] - out.println("sdfo: " + sdfo): null

2020-12-22 17:15:50 - [TEST_STEP][PASSED] - remID = substring(5, 35).trim(): null

2020-12-22 17:15:50 - [TEST_STEP][PASSED] - out.println("Remittance ID: " + remID): null

2020-12-22 17:15:50 - [TEST_STEP][PASSED] - traxID = substring(35, 55).trim(): null

2020-12-22 17:15:50 - [TEST_STEP][PASSED] - out.println("Transaction ID: " + traxID): null

2020-12-22 17:15:50 - [TEST_STEP][PASSED] - out.println("End Record Number: " + row): null

2020-12-22 17:15:50 - [TEST_STEP][PASSED] - closeBrowser(): Browser is closed

2020-12-22 17:15:51 - [MESSAGE][PASSED] - Browser is closed

2020-12-22 17:15:51 - [TEST_STEP][PASSED] - out.println("Begin Record Number: " + row): null

2020-12-22 17:15:51 - [TEST_STEP][PASSED] - openBrowser(VLinkURL + "authcap.html"): Browser is opened with url: 'https://dev-algorithm.govolution.com/vlinktest/QA/version_2_0/authcap.html'

2020-12-22 17:15:51 - [MESSAGE][INFO] - Starting 'Chrome' driver

2020-12-22 17:15:51 - [MESSAGE][INFO] - User set preference: ['acceptInsecureCerts', 'true']

2020-12-22 17:15:51 - [MESSAGE][INFO] - Action delay is set to 0 milliseconds

2020-12-22 17:15:55 - [MESSAGE][PASSED] - Browser is opened with url: 'https://dev-algorithm.govolution.com/vlinktest/QA/version_2_0/authcap.html'

2020-12-22 17:15:55 - [TEST_STEP][PASSED] - maximizeWindow(): Current window maximized

2020-12-22 17:15:55 - [MESSAGE][PASSED] - Current window maximized

2020-12-22 17:15:55 - [TEST_STEP][PASSED] - vlinkPages.saleCCPage.setDataSCC(row, dataFile): vlinkPages.saleCCPage.setDataSCC is PASSED

2020-12-22 17:15:56 - [MESSAGE][PASSED] - Object 'Object Repository/VLink/Page_CCSale/txt_CardNumber' is present

2020-12-22 17:15:56 - [MESSAGE][PASSED] - Object 'Object Repository/VLink/Page_CCSale/txt_TransactionType' is present

2020-12-22 17:15:57 - [MESSAGE][PASSED] - Text '104' is set on object 'Object Repository/VLink/Page_CCSale/txt_TransactionType'

2020-12-22 17:15:58 - [MESSAGE][PASSED] - Object 'Object Repository/VLink/Page_CCSale/txt_MessageVersion' is present

2020-12-22 17:15:58 - [MESSAGE][PASSED] - Text '2.0C' is set on object 'Object Repository/VLink/Page_CCSale/txt_MessageVersion'

2020-12-22 17:15:59 - [MESSAGE][PASSED] - Object 'Object Repository/VLink/Page_CCSale/txt_RemID' is present

2020-12-22 17:15:59 - [MESSAGE][PASSED] - Text '2udD1xezQroP' is set on object 'Object Repository/VLink/Page_CCSale/txt_RemID'

2020-12-22 17:15:59 - [MESSAGE][PASSED] - Object 'Object Repository/VLink/Page_CCSale/txt_ApplicationId' is present

2020-12-22 17:16:00 - [MESSAGE][PASSED] - Text '677' is set on object 'Object Repository/VLink/Page_CCSale/txt_ApplicationId'

2020-12-22 17:16:00 - [MESSAGE][PASSED] - Object 'Object Repository/VLink/Page_CCSale/txt_Username' is present

2020-12-22 17:16:01 - [MESSAGE][PASSED] - Text 'username' is set on object 'Object Repository/VLink/Page_CCSale/txt_Username'

2020-12-22 17:16:01 - [MESSAGE][PASSED] - Object 'Object Repository/VLink/Page_CCSale/txt_Password' is present

2020-12-22 17:16:02 - [MESSAGE][PASSED] - Text 'password' is set on object 'Object Repository/VLink/Page_CCSale/txt_Password'

2020-12-22 17:16:02 - [MESSAGE][PASSED] - Object 'Object Repository/VLink/Page_CCSale/txt_ResponseFormat' is present

2020-12-22 17:16:03 - [MESSAGE][PASSED] - Text 'fixed_width' is set on object 'Object Repository/VLink/Page_CCSale/txt_ResponseFormat'

2020-12-22 17:16:03 - [MESSAGE][PASSED] - Object 'Object Repository/VLink/Page_CCSale/txt_Category' is present

2020-12-22 17:16:04 - [MESSAGE][PASSED] - Text 'MOTO' is set on object 'Object Repository/VLink/Page_CCSale/txt_Category'

2020-12-22 17:16:04 - [MESSAGE][PASSED] - Object 'Object Repository/VLink/Page_CCSale/txt_TransactionID' is present

2020-12-22 17:16:05 - [MESSAGE][PASSED] - Text '' is set on object 'Object Repository/VLink/Page_CCSale/txt_TransactionID'

2020-12-22 17:16:05 - [MESSAGE][PASSED] - Object 'Object Repository/VLink/Page_CCSale/txt_ApprovalCode' is present

2020-12-22 17:16:06 - [MESSAGE][PASSED] - Text '' is set on object 'Object Repository/VLink/Page_CCSale/txt_ApprovalCode'

2020-12-22 17:16:06 - [MESSAGE][PASSED] - Object 'Object Repository/VLink/Page_CCSale/txt_CardName' is present

2020-12-22 17:16:06 - [MESSAGE][PASSED] - Text 'Roshan Maha' is set on object 'Object Repository/VLink/Page_CCSale/txt_CardName'

2020-12-22 17:16:07 - [MESSAGE][PASSED] - Object 'Object Repository/VLink/Page_CCSale/txt_AL1' is present

2020-12-22 17:16:07 - [MESSAGE][PASSED] - Text '12563 Bazaar road' is set on object 'Object Repository/VLink/Page_CCSale/txt_AL1'

2020-12-22 17:16:08 - [MESSAGE][PASSED] - Object 'Object Repository/VLink/Page_CCSale/txt_AL2' is present

2020-12-22 17:16:08 - [MESSAGE][PASSED] - Text '' is set on object 'Object Repository/VLink/Page_CCSale/txt_AL2'

2020-12-22 17:16:08 - [MESSAGE][PASSED] - Object 'Object Repository/VLink/Page_CCSale/txt_CardCity' is present

2020-12-22 17:16:09 - [MESSAGE][PASSED] - Text 'Crofton' is set on object 'Object Repository/VLink/Page_CCSale/txt_CardCity'

2020-12-22 17:16:09 - [MESSAGE][PASSED] - Object 'Object Repository/VLink/Page_CCSale/txt_CardState' is present

2020-12-22 17:16:10 - [MESSAGE][PASSED] - Text 'MD' is set on object 'Object Repository/VLink/Page_CCSale/txt_CardState'

2020-12-22 17:16:10 - [MESSAGE][PASSED] - Object 'Object Repository/VLink/Page_CCSale/txt_CardZIP' is present

2020-12-22 17:16:11 - [MESSAGE][PASSED] - Text '21114' is set on object 'Object Repository/VLink/Page_CCSale/txt_CardZIP'

2020-12-22 17:16:11 - [MESSAGE][PASSED] - Object 'Object Repository/VLink/Page_CCSale/txt_CountryID' is present

2020-12-22 17:16:12 - [MESSAGE][PASSED] - Text '' is set on object 'Object Repository/VLink/Page_CCSale/txt_CountryID'

2020-12-22 17:16:12 - [MESSAGE][PASSED] - Object 'Object Repository/VLink/Page_CCSale/txt_Amount' is present

2020-12-22 17:16:13 - [MESSAGE][PASSED] - Text '3.50' is set on object 'Object Repository/VLink/Page_CCSale/txt_Amount'

2020-12-22 17:16:13 - [MESSAGE][PASSED] - Object 'Object Repository/VLink/Page_CCSale/txt_CardNumber' is present

2020-12-22 17:16:14 - [MESSAGE][PASSED] - Text '5424000000000015' is set on object 'Object Repository/VLink/Page_CCSale/txt_CardNumber'

2020-12-22 17:16:14 - [MESSAGE][PASSED] - Object 'Object Repository/VLink/Page_CCSale/txt_ExpMonth' is present

2020-12-22 17:16:15 - [MESSAGE][PASSED] - Text '01' is set on object 'Object Repository/VLink/Page_CCSale/txt_ExpMonth'

2020-12-22 17:16:15 - [MESSAGE][PASSED] - Object 'Object Repository/VLink/Page_CCSale/txt_ExpYear' is present

2020-12-22 17:16:16 - [MESSAGE][PASSED] - Text '2026' is set on object 'Object Repository/VLink/Page_CCSale/txt_ExpYear'

2020-12-22 17:16:16 - [MESSAGE][PASSED] - Object 'Object Repository/VLink/Page_CCSale/txt_CVV' is present

2020-12-22 17:16:17 - [MESSAGE][PASSED] - Text '' is set on object 'Object Repository/VLink/Page_CCSale/txt_CVV'

2020-12-22 17:16:17 - [MESSAGE][PASSED] - Object 'Object Repository/VLink/Page_CCSale/txt_CVVstate' is present

2020-12-22 17:16:18 - [MESSAGE][PASSED] - Text '' is set on object 'Object Repository/VLink/Page_CCSale/txt_CVVstate'

2020-12-22 17:16:18 - [MESSAGE][PASSED] - Object 'Object Repository/VLink/Page_CCSale/txt_TrackData' is present

2020-12-22 17:16:19 - [MESSAGE][PASSED] - Text '' is set on object 'Object Repository/VLink/Page_CCSale/txt_TrackData'

2020-12-22 17:16:19 - [MESSAGE][PASSED] - Object 'Object Repository/VLink/Page_CCSale/txt_Track1Data' is present

2020-12-22 17:16:20 - [MESSAGE][PASSED] - Text '' is set on object 'Object Repository/VLink/Page_CCSale/txt_Track1Data'

2020-12-22 17:16:20 - [MESSAGE][PASSED] - Object 'Object Repository/VLink/Page_CCSale/txt_Track2Data' is present

2020-12-22 17:16:21 - [MESSAGE][PASSED] - Text '' is set on object 'Object Repository/VLink/Page_CCSale/txt_Track2Data'

2020-12-22 17:16:21 - [MESSAGE][PASSED] - Object 'Object Repository/VLink/Page_CCSale/txt_POSEntryMode' is present

2020-12-22 17:16:21 - [MESSAGE][PASSED] - Text 'manual' is set on object 'Object Repository/VLink/Page_CCSale/txt_POSEntryMode'

2020-12-22 17:16:22 - [MESSAGE][PASSED] - Object 'Object Repository/VLink/Page_CCSale/txt_Email' is present

2020-12-22 17:16:22 - [MESSAGE][PASSED] - Text '' is set on object 'Object Repository/VLink/Page_CCSale/txt_Email'

2020-12-22 17:16:23 - [MESSAGE][PASSED] - Object 'Object Repository/VLink/Page_CCSale/txt_OrderNumber' is present

2020-12-22 17:16:23 - [MESSAGE][PASSED] - Text '' is set on object 'Object Repository/VLink/Page_CCSale/txt_OrderNumber'

2020-12-22 17:16:24 - [MESSAGE][PASSED] - Object 'Object Repository/VLink/Page_CCSale/txt_TaxAmount' is present

2020-12-22 17:16:24 - [MESSAGE][PASSED] - Text '' is set on object 'Object Repository/VLink/Page_CCSale/txt_TaxAmount'

2020-12-22 17:16:25 - [MESSAGE][PASSED] - Object 'Object Repository/VLink/Page_CCSale/txt_ChargeDescription' is present

2020-12-22 17:16:25 - [MESSAGE][PASSED] - Text '' is set on object 'Object Repository/VLink/Page_CCSale/txt_ChargeDescription'

2020-12-22 17:16:26 - [MESSAGE][PASSED] - Object 'Object Repository/VLink/Page_CCSale/txt_CAN' is present

2020-12-22 17:16:26 - [MESSAGE][PASSED] - Text '' is set on object 'Object Repository/VLink/Page_CCSale/txt_CAN'

2020-12-22 17:16:27 - [MESSAGE][PASSED] - Object 'Object Repository/VLink/Page_CCSale/txt_BillPaymentIndicator' is present

2020-12-22 17:16:27 - [MESSAGE][PASSED] - Text '' is set on object 'Object Repository/VLink/Page_CCSale/txt_BillPaymentIndicator'

2020-12-22 17:16:28 - [MESSAGE][PASSED] - Object 'Object Repository/VLink/Page_CCSale/txt_UDF1' is present

2020-12-22 17:16:28 - [MESSAGE][PASSED] - Text '' is set on object 'Object Repository/VLink/Page_CCSale/txt_UDF1'

2020-12-22 17:16:29 - [MESSAGE][PASSED] - Object 'Object Repository/VLink/Page_CCSale/txt_UDF2' is present

2020-12-22 17:16:29 - [MESSAGE][PASSED] - Text '' is set on object 'Object Repository/VLink/Page_CCSale/txt_UDF2'

2020-12-22 17:16:30 - [MESSAGE][PASSED] - Object 'Object Repository/VLink/Page_CCSale/txt_UDF3' is present

2020-12-22 17:16:30 - [MESSAGE][PASSED] - Text '' is set on object 'Object Repository/VLink/Page_CCSale/txt_UDF3'

2020-12-22 17:16:31 - [MESSAGE][PASSED] - Object 'Object Repository/VLink/Page_CCSale/txt_UDF4' is present

2020-12-22 17:16:31 - [MESSAGE][PASSED] - Text '' is set on object 'Object Repository/VLink/Page_CCSale/txt_UDF4'

2020-12-22 17:16:32 - [MESSAGE][PASSED] - Object 'Object Repository/VLink/Page_CCSale/txt_UDF5' is present

2020-12-22 17:16:32 - [MESSAGE][PASSED] - Text '' is set on object 'Object Repository/VLink/Page_CCSale/txt_UDF5'

2020-12-22 17:16:33 - [MESSAGE][PASSED] - Object 'Object Repository/VLink/Page_CCSale/txt_UDF6' is present

2020-12-22 17:16:33 - [MESSAGE][PASSED] - Text '' is set on object 'Object Repository/VLink/Page_CCSale/txt_UDF6'

2020-12-22 17:16:34 - [MESSAGE][PASSED] - Object 'Object Repository/VLink/Page_CCSale/txt_UDF7' is present

2020-12-22 17:16:34 - [MESSAGE][PASSED] - Text '' is set on object 'Object Repository/VLink/Page_CCSale/txt_UDF7'

2020-12-22 17:16:35 - [MESSAGE][PASSED] - Object 'Object Repository/VLink/Page_CCSale/txt_UDF8' is present

2020-12-22 17:16:35 - [MESSAGE][PASSED] - Text '' is set on object 'Object Repository/VLink/Page_CCSale/txt_UDF8'

2020-12-22 17:16:36 - [MESSAGE][PASSED] - Object 'Object Repository/VLink/Page_CCSale/txt_UDF9' is present

2020-12-22 17:16:36 - [MESSAGE][PASSED] - Text '' is set on object 'Object Repository/VLink/Page_CCSale/txt_UDF9'

2020-12-22 17:16:37 - [MESSAGE][PASSED] - Object 'Object Repository/VLink/Page_CCSale/txt_UDF10' is present

2020-12-22 17:16:37 - [MESSAGE][PASSED] - Text '' is set on object 'Object Repository/VLink/Page_CCSale/txt_UDF10'

2020-12-22 17:16:37 - [MESSAGE][PASSED] - Object 'Object Repository/VLink/Page_CCSale/txt_CardOnFileIndicator' is present

2020-12-22 17:16:38 - [MESSAGE][PASSED] - Text '' is set on object 'Object Repository/VLink/Page_CCSale/txt_CardOnFileIndicator'

2020-12-22 17:16:38 - [MESSAGE][PASSED] - Object 'Object Repository/VLink/Page_CCSale/txt_StoredCredentialIndicator' is present

2020-12-22 17:16:39 - [MESSAGE][PASSED] - Text '' is set on object 'Object Repository/VLink/Page_CCSale/txt_StoredCredentialIndicator'

2020-12-22 17:16:39 - [MESSAGE][PASSED] - Object 'Object Repository/VLink/Page_CCSale/txt_COFScheduledIndicator' is present

2020-12-22 17:16:40 - [MESSAGE][PASSED] - Text '' is set on object 'Object Repository/VLink/Page_CCSale/txt_COFScheduledIndicator'

2020-12-22 17:16:40 - [MESSAGE][PASSED] - Object 'Object Repository/VLink/Page_CCSale/txt_COFTransactionInitiatedBy' is present

2020-12-22 17:16:41 - [MESSAGE][PASSED] - Text '' is set on object 'Object Repository/VLink/Page_CCSale/txt_COFTransactionInitiatedBy'

2020-12-22 17:16:44 - [MESSAGE][PASSED] - Object: 'Object Repository/VLink/Page_CCSale/btn_ProcessVLinkTransaction' is clicked on

2020-12-22 17:16:49 - [MESSAGE][PASSED] - vlinkPages.saleCCPage.setDataSCC is PASSED

2020-12-22 17:16:49 - [TEST_STEP][PASSED] - if (verifyTextPresent("Transaction approved, no errors", true)): null

2020-12-22 17:16:49 - [MESSAGE][PASSED] - Text 'Transaction approved, no errors' is present on page  using regular expression

2020-12-22 17:16:49 - [TEST_STEP][PASSED] - println("Transaction Approved, no errors text is present on the Confirmation page"): null

2020-12-22 17:16:49 - [TEST_STEP][PASSED] - out.println("Pass Record Number: " + row): null

2020-12-22 17:16:49 - [TEST_STEP][PASSED] - sdfo = getText(findTestObject("Object Repository/Page_VLinkReceipt/pre_STX")): Text of object 'Object Repository/Page_VLinkReceipt/pre_STX' is: '<STX>2udD1xezQroP                  12087926            0  Transaction approved, no errors                   0                                                                                  XXOK0880   <ETX>'

2020-12-22 17:16:50 - [MESSAGE][PASSED] - Text of object 'Object Repository/Page_VLinkReceipt/pre_STX' is: '<STX>2udD1xezQroP                  12087926            0  Transaction approved, no errors                   0                                                                                  XXOK0880   <ETX>'

2020-12-22 17:16:50 - [TEST_STEP][PASSED] - out.println("sdfo: " + sdfo): null

2020-12-22 17:16:50 - [TEST_STEP][PASSED] - remID = substring(5, 35).trim(): null

2020-12-22 17:16:50 - [TEST_STEP][PASSED] - out.println("Remittance ID: " + remID): null

2020-12-22 17:16:50 - [TEST_STEP][PASSED] - traxID = substring(35, 55).trim(): null

2020-12-22 17:16:50 - [TEST_STEP][PASSED] - out.println("Transaction ID: " + traxID): null

2020-12-22 17:16:50 - [TEST_STEP][PASSED] - out.println("End Record Number: " + row): null

2020-12-22 17:16:50 - [TEST_STEP][PASSED] - closeBrowser(): Browser is closed

2020-12-22 17:16:50 - [MESSAGE][PASSED] - Browser is closed

2020-12-22 17:16:50 - [TEST_STEP][PASSED] - out.println("Begin Record Number: " + row): null

2020-12-22 17:16:50 - [TEST_STEP][PASSED] - openBrowser(VLinkURL + "authcap.html"): Browser is opened with url: 'https://dev-algorithm.govolution.com/vlinktest/QA/version_2_0/authcap.html'

2020-12-22 17:16:50 - [MESSAGE][INFO] - Starting 'Chrome' driver

2020-12-22 17:16:50 - [MESSAGE][INFO] - User set preference: ['acceptInsecureCerts', 'true']

2020-12-22 17:16:50 - [MESSAGE][INFO] - Action delay is set to 0 milliseconds

2020-12-22 17:16:55 - [MESSAGE][PASSED] - Browser is opened with url: 'https://dev-algorithm.govolution.com/vlinktest/QA/version_2_0/authcap.html'

2020-12-22 17:16:55 - [TEST_STEP][PASSED] - maximizeWindow(): Current window maximized

2020-12-22 17:16:55 - [MESSAGE][PASSED] - Current window maximized

2020-12-22 17:16:55 - [TEST_STEP][PASSED] - vlinkPages.saleCCPage.setDataSCC(row, dataFile): vlinkPages.saleCCPage.setDataSCC is PASSED

2020-12-22 17:16:56 - [MESSAGE][PASSED] - Object 'Object Repository/VLink/Page_CCSale/txt_CardNumber' is present

2020-12-22 17:16:56 - [MESSAGE][PASSED] - Object 'Object Repository/VLink/Page_CCSale/txt_TransactionType' is present

2020-12-22 17:16:57 - [MESSAGE][PASSED] - Text '104' is set on object 'Object Repository/VLink/Page_CCSale/txt_TransactionType'

2020-12-22 17:16:57 - [MESSAGE][PASSED] - Object 'Object Repository/VLink/Page_CCSale/txt_MessageVersion' is present

2020-12-22 17:16:58 - [MESSAGE][PASSED] - Text '2.0C' is set on object 'Object Repository/VLink/Page_CCSale/txt_MessageVersion'

2020-12-22 17:16:58 - [MESSAGE][PASSED] - Object 'Object Repository/VLink/Page_CCSale/txt_RemID' is present

2020-12-22 17:16:59 - [MESSAGE][PASSED] - Text 'CW3zz2EFMchH' is set on object 'Object Repository/VLink/Page_CCSale/txt_RemID'

2020-12-22 17:16:59 - [MESSAGE][PASSED] - Object 'Object Repository/VLink/Page_CCSale/txt_ApplicationId' is present

2020-12-22 17:17:00 - [MESSAGE][PASSED] - Text '665' is set on object 'Object Repository/VLink/Page_CCSale/txt_ApplicationId'

2020-12-22 17:17:00 - [MESSAGE][PASSED] - Object 'Object Repository/VLink/Page_CCSale/txt_Username' is present

2020-12-22 17:17:01 - [MESSAGE][PASSED] - Text 'username' is set on object 'Object Repository/VLink/Page_CCSale/txt_Username'

2020-12-22 17:17:01 - [MESSAGE][PASSED] - Object 'Object Repository/VLink/Page_CCSale/txt_Password' is present

2020-12-22 17:17:01 - [MESSAGE][PASSED] - Text 'password' is set on object 'Object Repository/VLink/Page_CCSale/txt_Password'

2020-12-22 17:17:02 - [MESSAGE][PASSED] - Object 'Object Repository/VLink/Page_CCSale/txt_ResponseFormat' is present

2020-12-22 17:17:02 - [MESSAGE][PASSED] - Text 'fixed_width' is set on object 'Object Repository/VLink/Page_CCSale/txt_ResponseFormat'

2020-12-22 17:17:03 - [MESSAGE][PASSED] - Object 'Object Repository/VLink/Page_CCSale/txt_Category' is present

2020-12-22 17:17:03 - [MESSAGE][PASSED] - Text 'MOTO' is set on object 'Object Repository/VLink/Page_CCSale/txt_Category'

2020-12-22 17:17:04 - [MESSAGE][PASSED] - Object 'Object Repository/VLink/Page_CCSale/txt_TransactionID' is present

2020-12-22 17:17:04 - [MESSAGE][PASSED] - Text '' is set on object 'Object Repository/VLink/Page_CCSale/txt_TransactionID'

2020-12-22 17:17:05 - [MESSAGE][PASSED] - Object 'Object Repository/VLink/Page_CCSale/txt_ApprovalCode' is present

2020-12-22 17:17:05 - [MESSAGE][PASSED] - Text '' is set on object 'Object Repository/VLink/Page_CCSale/txt_ApprovalCode'

2020-12-22 17:17:06 - [MESSAGE][PASSED] - Object 'Object Repository/VLink/Page_CCSale/txt_CardName' is present

2020-12-22 17:17:06 - [MESSAGE][PASSED] - Text 'Kris Roshan' is set on object 'Object Repository/VLink/Page_CCSale/txt_CardName'

2020-12-22 17:17:07 - [MESSAGE][PASSED] - Object 'Object Repository/VLink/Page_CCSale/txt_AL1' is present

2020-12-22 17:17:07 - [MESSAGE][PASSED] - Text '258 Elm Road' is set on object 'Object Repository/VLink/Page_CCSale/txt_AL1'

2020-12-22 17:17:07 - [MESSAGE][PASSED] - Object 'Object Repository/VLink/Page_CCSale/txt_AL2' is present

2020-12-22 17:17:08 - [MESSAGE][PASSED] - Text 'Suite 56' is set on object 'Object Repository/VLink/Page_CCSale/txt_AL2'

2020-12-22 17:17:08 - [MESSAGE][PASSED] - Object 'Object Repository/VLink/Page_CCSale/txt_CardCity' is present

2020-12-22 17:17:09 - [MESSAGE][PASSED] - Text 'Arlington' is set on object 'Object Repository/VLink/Page_CCSale/txt_CardCity'

2020-12-22 17:17:09 - [MESSAGE][PASSED] - Object 'Object Repository/VLink/Page_CCSale/txt_CardState' is present

2020-12-22 17:17:10 - [MESSAGE][PASSED] - Text 'VA' is set on object 'Object Repository/VLink/Page_CCSale/txt_CardState'

2020-12-22 17:17:10 - [MESSAGE][PASSED] - Object 'Object Repository/VLink/Page_CCSale/txt_CardZIP' is present

2020-12-22 17:17:11 - [MESSAGE][PASSED] - Text '22201' is set on object 'Object Repository/VLink/Page_CCSale/txt_CardZIP'

2020-12-22 17:17:11 - [MESSAGE][PASSED] - Object 'Object Repository/VLink/Page_CCSale/txt_CountryID' is present

2020-12-22 17:17:12 - [MESSAGE][PASSED] - Text '840' is set on object 'Object Repository/VLink/Page_CCSale/txt_CountryID'

2020-12-22 17:17:12 - [MESSAGE][PASSED] - Object 'Object Repository/VLink/Page_CCSale/txt_Amount' is present

2020-12-22 17:17:13 - [MESSAGE][PASSED] - Text '1.50' is set on object 'Object Repository/VLink/Page_CCSale/txt_Amount'

2020-12-22 17:17:13 - [MESSAGE][PASSED] - Object 'Object Repository/VLink/Page_CCSale/txt_CardNumber' is present

2020-12-22 17:17:14 - [MESSAGE][PASSED] - Text '370000000000002' is set on object 'Object Repository/VLink/Page_CCSale/txt_CardNumber'

2020-12-22 17:17:14 - [MESSAGE][PASSED] - Object 'Object Repository/VLink/Page_CCSale/txt_ExpMonth' is present

2020-12-22 17:17:15 - [MESSAGE][PASSED] - Text '12' is set on object 'Object Repository/VLink/Page_CCSale/txt_ExpMonth'

2020-12-22 17:17:15 - [MESSAGE][PASSED] - Object 'Object Repository/VLink/Page_CCSale/txt_ExpYear' is present

2020-12-22 17:17:16 - [MESSAGE][PASSED] - Text '2025' is set on object 'Object Repository/VLink/Page_CCSale/txt_ExpYear'

2020-12-22 17:17:16 - [MESSAGE][PASSED] - Object 'Object Repository/VLink/Page_CCSale/txt_CVV' is present

2020-12-22 17:17:17 - [MESSAGE][PASSED] - Text '' is set on object 'Object Repository/VLink/Page_CCSale/txt_CVV'

2020-12-22 17:17:17 - [MESSAGE][PASSED] - Object 'Object Repository/VLink/Page_CCSale/txt_CVVstate' is present

2020-12-22 17:17:18 - [MESSAGE][PASSED] - Text '' is set on object 'Object Repository/VLink/Page_CCSale/txt_CVVstate'

2020-12-22 17:17:18 - [MESSAGE][PASSED] - Object 'Object Repository/VLink/Page_CCSale/txt_TrackData' is present

2020-12-22 17:17:19 - [MESSAGE][PASSED] - Text '' is set on object 'Object Repository/VLink/Page_CCSale/txt_TrackData'

2020-12-22 17:17:19 - [MESSAGE][PASSED] - Object 'Object Repository/VLink/Page_CCSale/txt_Track1Data' is present

2020-12-22 17:17:20 - [MESSAGE][PASSED] - Text '' is set on object 'Object Repository/VLink/Page_CCSale/txt_Track1Data'

2020-12-22 17:17:20 - [MESSAGE][PASSED] - Object 'Object Repository/VLink/Page_CCSale/txt_Track2Data' is present

2020-12-22 17:17:21 - [MESSAGE][PASSED] - Text '' is set on object 'Object Repository/VLink/Page_CCSale/txt_Track2Data'

2020-12-22 17:17:21 - [MESSAGE][PASSED] - Object 'Object Repository/VLink/Page_CCSale/txt_POSEntryMode' is present

2020-12-22 17:17:22 - [MESSAGE][PASSED] - Text 'manual' is set on object 'Object Repository/VLink/Page_CCSale/txt_POSEntryMode'

2020-12-22 17:17:22 - [MESSAGE][PASSED] - Object 'Object Repository/VLink/Page_CCSale/txt_Email' is present

2020-12-22 17:17:23 - [MESSAGE][PASSED] - Text 'iahmed@govolution.com' is set on object 'Object Repository/VLink/Page_CCSale/txt_Email'

2020-12-22 17:17:23 - [MESSAGE][PASSED] - Object 'Object Repository/VLink/Page_CCSale/txt_OrderNumber' is present

2020-12-22 17:17:24 - [MESSAGE][PASSED] - Text '2569362' is set on object 'Object Repository/VLink/Page_CCSale/txt_OrderNumber'

2020-12-22 17:17:24 - [MESSAGE][PASSED] - Object 'Object Repository/VLink/Page_CCSale/txt_TaxAmount' is present

2020-12-22 17:17:25 - [MESSAGE][PASSED] - Text '1.15' is set on object 'Object Repository/VLink/Page_CCSale/txt_TaxAmount'

2020-12-22 17:17:25 - [MESSAGE][PASSED] - Object 'Object Repository/VLink/Page_CCSale/txt_ChargeDescription' is present

2020-12-22 17:17:26 - [MESSAGE][PASSED] - Text 'Charge Description' is set on object 'Object Repository/VLink/Page_CCSale/txt_ChargeDescription'

2020-12-22 17:17:26 - [MESSAGE][PASSED] - Object 'Object Repository/VLink/Page_CCSale/txt_CAN' is present

2020-12-22 17:17:27 - [MESSAGE][PASSED] - Text '147357' is set on object 'Object Repository/VLink/Page_CCSale/txt_CAN'

2020-12-22 17:17:27 - [MESSAGE][PASSED] - Object 'Object Repository/VLink/Page_CCSale/txt_BillPaymentIndicator' is present

2020-12-22 17:17:28 - [MESSAGE][PASSED] - Text '1' is set on object 'Object Repository/VLink/Page_CCSale/txt_BillPaymentIndicator'

2020-12-22 17:17:28 - [MESSAGE][PASSED] - Object 'Object Repository/VLink/Page_CCSale/txt_UDF1' is present

2020-12-22 17:17:29 - [MESSAGE][PASSED] - Text 'UDF Data 1' is set on object 'Object Repository/VLink/Page_CCSale/txt_UDF1'

2020-12-22 17:17:29 - [MESSAGE][PASSED] - Object 'Object Repository/VLink/Page_CCSale/txt_UDF2' is present

2020-12-22 17:17:29 - [MESSAGE][PASSED] - Text 'UDF Data 2' is set on object 'Object Repository/VLink/Page_CCSale/txt_UDF2'

2020-12-22 17:17:30 - [MESSAGE][PASSED] - Object 'Object Repository/VLink/Page_CCSale/txt_UDF3' is present

2020-12-22 17:17:30 - [MESSAGE][PASSED] - Text 'UDF Data 3' is set on object 'Object Repository/VLink/Page_CCSale/txt_UDF3'

2020-12-22 17:17:31 - [MESSAGE][PASSED] - Object 'Object Repository/VLink/Page_CCSale/txt_UDF4' is present

2020-12-22 17:17:31 - [MESSAGE][PASSED] - Text 'UDF Data 4' is set on object 'Object Repository/VLink/Page_CCSale/txt_UDF4'

2020-12-22 17:17:31 - [MESSAGE][PASSED] - Object 'Object Repository/VLink/Page_CCSale/txt_UDF5' is present

2020-12-22 17:17:32 - [MESSAGE][PASSED] - Text 'UDF Data 5' is set on object 'Object Repository/VLink/Page_CCSale/txt_UDF5'

2020-12-22 17:17:32 - [MESSAGE][PASSED] - Object 'Object Repository/VLink/Page_CCSale/txt_UDF6' is present

2020-12-22 17:17:33 - [MESSAGE][PASSED] - Text 'UDF Data 6' is set on object 'Object Repository/VLink/Page_CCSale/txt_UDF6'

2020-12-22 17:17:33 - [MESSAGE][PASSED] - Object 'Object Repository/VLink/Page_CCSale/txt_UDF7' is present

2020-12-22 17:17:34 - [MESSAGE][PASSED] - Text 'UDF Data 7' is set on object 'Object Repository/VLink/Page_CCSale/txt_UDF7'

2020-12-22 17:17:34 - [MESSAGE][PASSED] - Object 'Object Repository/VLink/Page_CCSale/txt_UDF8' is present

2020-12-22 17:17:35 - [MESSAGE][PASSED] - Text 'UDF Data 8' is set on object 'Object Repository/VLink/Page_CCSale/txt_UDF8'

2020-12-22 17:17:35 - [MESSAGE][PASSED] - Object 'Object Repository/VLink/Page_CCSale/txt_UDF9' is present

2020-12-22 17:17:35 - [MESSAGE][PASSED] - Text 'UDF Data 9' is set on object 'Object Repository/VLink/Page_CCSale/txt_UDF9'

2020-12-22 17:17:36 - [MESSAGE][PASSED] - Object 'Object Repository/VLink/Page_CCSale/txt_UDF10' is present

2020-12-22 17:17:36 - [MESSAGE][PASSED] - Text 'UDF Data 10' is set on object 'Object Repository/VLink/Page_CCSale/txt_UDF10'

2020-12-22 17:17:37 - [MESSAGE][PASSED] - Object 'Object Repository/VLink/Page_CCSale/txt_CardOnFileIndicator' is present

2020-12-22 17:17:37 - [MESSAGE][PASSED] - Text '' is set on object 'Object Repository/VLink/Page_CCSale/txt_CardOnFileIndicator'

2020-12-22 17:17:38 - [MESSAGE][PASSED] - Object 'Object Repository/VLink/Page_CCSale/txt_StoredCredentialIndicator' is present

2020-12-22 17:17:38 - [MESSAGE][PASSED] - Text '' is set on object 'Object Repository/VLink/Page_CCSale/txt_StoredCredentialIndicator'

2020-12-22 17:17:38 - [MESSAGE][PASSED] - Object 'Object Repository/VLink/Page_CCSale/txt_COFScheduledIndicator' is present

2020-12-22 17:17:39 - [MESSAGE][PASSED] - Text '' is set on object 'Object Repository/VLink/Page_CCSale/txt_COFScheduledIndicator'

2020-12-22 17:17:39 - [MESSAGE][PASSED] - Object 'Object Repository/VLink/Page_CCSale/txt_COFTransactionInitiatedBy' is present

2020-12-22 17:17:40 - [MESSAGE][PASSED] - Text '' is set on object 'Object Repository/VLink/Page_CCSale/txt_COFTransactionInitiatedBy'

2020-12-22 17:17:43 - [MESSAGE][PASSED] - Object: 'Object Repository/VLink/Page_CCSale/btn_ProcessVLinkTransaction' is clicked on

2020-12-22 17:17:48 - [MESSAGE][PASSED] - vlinkPages.saleCCPage.setDataSCC is PASSED

2020-12-22 17:17:48 - [TEST_STEP][PASSED] - if (verifyTextPresent("Transaction approved, no errors", true)): null

2020-12-22 17:17:48 - [MESSAGE][PASSED] - Text 'Transaction approved, no errors' is present on page  using regular expression

2020-12-22 17:17:48 - [TEST_STEP][PASSED] - println("Transaction Approved, no errors text is present on the Confirmation page"): null

2020-12-22 17:17:48 - [TEST_STEP][PASSED] - out.println("Pass Record Number: " + row): null

2020-12-22 17:17:48 - [TEST_STEP][PASSED] - sdfo = getText(findTestObject("Object Repository/Page_VLinkReceipt/pre_STX")): Text of object 'Object Repository/Page_VLinkReceipt/pre_STX' is: '<STX>CW3zz2EFMchH                  12087928            0  Transaction approved, no errors                   0                                                                                  X OK0920   <ETX>'

2020-12-22 17:17:48 - [MESSAGE][PASSED] - Text of object 'Object Repository/Page_VLinkReceipt/pre_STX' is: '<STX>CW3zz2EFMchH                  12087928            0  Transaction approved, no errors                   0                                                                                  X OK0920   <ETX>'

2020-12-22 17:17:48 - [TEST_STEP][PASSED] - out.println("sdfo: " + sdfo): null

2020-12-22 17:17:48 - [TEST_STEP][PASSED] - remID = substring(5, 35).trim(): null

2020-12-22 17:17:48 - [TEST_STEP][PASSED] - out.println("Remittance ID: " + remID): null

2020-12-22 17:17:48 - [TEST_STEP][PASSED] - traxID = substring(35, 55).trim(): null

2020-12-22 17:17:48 - [TEST_STEP][PASSED] - out.println("Transaction ID: " + traxID): null

2020-12-22 17:17:48 - [TEST_STEP][PASSED] - out.println("End Record Number: " + row): null

2020-12-22 17:17:48 - [TEST_STEP][PASSED] - closeBrowser(): Browser is closed

2020-12-22 17:17:49 - [MESSAGE][PASSED] - Browser is closed

2020-12-22 17:17:49 - [TEST_STEP][PASSED] - out.println("Begin Record Number: " + row): null

2020-12-22 17:17:49 - [TEST_STEP][PASSED] - openBrowser(VLinkURL + "authcap.html"): Browser is opened with url: 'https://dev-algorithm.govolution.com/vlinktest/QA/version_2_0/authcap.html'

2020-12-22 17:17:49 - [MESSAGE][INFO] - Starting 'Chrome' driver

2020-12-22 17:17:49 - [MESSAGE][INFO] - User set preference: ['acceptInsecureCerts', 'true']

2020-12-22 17:17:49 - [MESSAGE][INFO] - Action delay is set to 0 milliseconds

2020-12-22 17:17:52 - [MESSAGE][PASSED] - Browser is opened with url: 'https://dev-algorithm.govolution.com/vlinktest/QA/version_2_0/authcap.html'

2020-12-22 17:17:52 - [TEST_STEP][PASSED] - maximizeWindow(): Current window maximized

2020-12-22 17:17:53 - [MESSAGE][PASSED] - Current window maximized

2020-12-22 17:17:53 - [TEST_STEP][PASSED] - vlinkPages.saleCCPage.setDataSCC(row, dataFile): vlinkPages.saleCCPage.setDataSCC is PASSED

2020-12-22 17:17:54 - [MESSAGE][PASSED] - Object 'Object Repository/VLink/Page_CCSale/txt_CardNumber' is present

2020-12-22 17:17:54 - [MESSAGE][PASSED] - Object 'Object Repository/VLink/Page_CCSale/txt_TransactionType' is present

2020-12-22 17:17:55 - [MESSAGE][PASSED] - Text '104' is set on object 'Object Repository/VLink/Page_CCSale/txt_TransactionType'

2020-12-22 17:17:55 - [MESSAGE][PASSED] - Object 'Object Repository/VLink/Page_CCSale/txt_MessageVersion' is present

2020-12-22 17:17:56 - [MESSAGE][PASSED] - Text '2.0C' is set on object 'Object Repository/VLink/Page_CCSale/txt_MessageVersion'

2020-12-22 17:17:56 - [MESSAGE][PASSED] - Object 'Object Repository/VLink/Page_CCSale/txt_RemID' is present

2020-12-22 17:17:57 - [MESSAGE][PASSED] - Text '8YCHDFKG9VDj' is set on object 'Object Repository/VLink/Page_CCSale/txt_RemID'

2020-12-22 17:17:57 - [MESSAGE][PASSED] - Object 'Object Repository/VLink/Page_CCSale/txt_ApplicationId' is present

2020-12-22 17:17:58 - [MESSAGE][PASSED] - Text '672' is set on object 'Object Repository/VLink/Page_CCSale/txt_ApplicationId'

2020-12-22 17:17:58 - [MESSAGE][PASSED] - Object 'Object Repository/VLink/Page_CCSale/txt_Username' is present

2020-12-22 17:17:59 - [MESSAGE][PASSED] - Text 'username' is set on object 'Object Repository/VLink/Page_CCSale/txt_Username'

2020-12-22 17:17:59 - [MESSAGE][PASSED] - Object 'Object Repository/VLink/Page_CCSale/txt_Password' is present

2020-12-22 17:18:00 - [MESSAGE][PASSED] - Text 'password' is set on object 'Object Repository/VLink/Page_CCSale/txt_Password'

2020-12-22 17:18:00 - [MESSAGE][PASSED] - Object 'Object Repository/VLink/Page_CCSale/txt_ResponseFormat' is present

2020-12-22 17:18:01 - [MESSAGE][PASSED] - Text 'fixed_width' is set on object 'Object Repository/VLink/Page_CCSale/txt_ResponseFormat'

2020-12-22 17:18:01 - [MESSAGE][PASSED] - Object 'Object Repository/VLink/Page_CCSale/txt_Category' is present

2020-12-22 17:18:02 - [MESSAGE][PASSED] - Text 'MOTO' is set on object 'Object Repository/VLink/Page_CCSale/txt_Category'

2020-12-22 17:18:02 - [MESSAGE][PASSED] - Object 'Object Repository/VLink/Page_CCSale/txt_TransactionID' is present

2020-12-22 17:18:03 - [MESSAGE][PASSED] - Text '' is set on object 'Object Repository/VLink/Page_CCSale/txt_TransactionID'

2020-12-22 17:18:03 - [MESSAGE][PASSED] - Object 'Object Repository/VLink/Page_CCSale/txt_ApprovalCode' is present

2020-12-22 17:18:03 - [MESSAGE][PASSED] - Text '' is set on object 'Object Repository/VLink/Page_CCSale/txt_ApprovalCode'

2020-12-22 17:18:04 - [MESSAGE][PASSED] - Object 'Object Repository/VLink/Page_CCSale/txt_CardName' is present

2020-12-22 17:18:04 - [MESSAGE][PASSED] - Text 'Arvind Silva' is set on object 'Object Repository/VLink/Page_CCSale/txt_CardName'

2020-12-22 17:18:05 - [MESSAGE][PASSED] - Object 'Object Repository/VLink/Page_CCSale/txt_AL1' is present

2020-12-22 17:18:05 - [MESSAGE][PASSED] - Text '111 Main Ave' is set on object 'Object Repository/VLink/Page_CCSale/txt_AL1'

2020-12-22 17:18:05 - [MESSAGE][PASSED] - Object 'Object Repository/VLink/Page_CCSale/txt_AL2' is present

2020-12-22 17:18:06 - [MESSAGE][PASSED] - Text '' is set on object 'Object Repository/VLink/Page_CCSale/txt_AL2'

2020-12-22 17:18:06 - [MESSAGE][PASSED] - Object 'Object Repository/VLink/Page_CCSale/txt_CardCity' is present

2020-12-22 17:18:07 - [MESSAGE][PASSED] - Text 'Arlington' is set on object 'Object Repository/VLink/Page_CCSale/txt_CardCity'

2020-12-22 17:18:07 - [MESSAGE][PASSED] - Object 'Object Repository/VLink/Page_CCSale/txt_CardState' is present

2020-12-22 17:18:08 - [MESSAGE][PASSED] - Text 'VA' is set on object 'Object Repository/VLink/Page_CCSale/txt_CardState'

2020-12-22 17:18:08 - [MESSAGE][PASSED] - Object 'Object Repository/VLink/Page_CCSale/txt_CardZIP' is present

2020-12-22 17:18:09 - [MESSAGE][PASSED] - Text '22201' is set on object 'Object Repository/VLink/Page_CCSale/txt_CardZIP'

2020-12-22 17:18:09 - [MESSAGE][PASSED] - Object 'Object Repository/VLink/Page_CCSale/txt_CountryID' is present

2020-12-22 17:18:10 - [MESSAGE][PASSED] - Text '' is set on object 'Object Repository/VLink/Page_CCSale/txt_CountryID'

2020-12-22 17:18:10 - [MESSAGE][PASSED] - Object 'Object Repository/VLink/Page_CCSale/txt_Amount' is present

2020-12-22 17:18:11 - [MESSAGE][PASSED] - Text '2.50' is set on object 'Object Repository/VLink/Page_CCSale/txt_Amount'

2020-12-22 17:18:11 - [MESSAGE][PASSED] - Object 'Object Repository/VLink/Page_CCSale/txt_CardNumber' is present

2020-12-22 17:18:12 - [MESSAGE][PASSED] - Text '370000000000002' is set on object 'Object Repository/VLink/Page_CCSale/txt_CardNumber'

2020-12-22 17:18:12 - [MESSAGE][PASSED] - Object 'Object Repository/VLink/Page_CCSale/txt_ExpMonth' is present

2020-12-22 17:18:13 - [MESSAGE][PASSED] - Text '01' is set on object 'Object Repository/VLink/Page_CCSale/txt_ExpMonth'

2020-12-22 17:18:13 - [MESSAGE][PASSED] - Object 'Object Repository/VLink/Page_CCSale/txt_ExpYear' is present

2020-12-22 17:18:14 - [MESSAGE][PASSED] - Text '2026' is set on object 'Object Repository/VLink/Page_CCSale/txt_ExpYear'

2020-12-22 17:18:14 - [MESSAGE][PASSED] - Object 'Object Repository/VLink/Page_CCSale/txt_CVV' is present

2020-12-22 17:18:15 - [MESSAGE][PASSED] - Text '' is set on object 'Object Repository/VLink/Page_CCSale/txt_CVV'

2020-12-22 17:18:15 - [MESSAGE][PASSED] - Object 'Object Repository/VLink/Page_CCSale/txt_CVVstate' is present

2020-12-22 17:18:16 - [MESSAGE][PASSED] - Text '' is set on object 'Object Repository/VLink/Page_CCSale/txt_CVVstate'

2020-12-22 17:18:16 - [MESSAGE][PASSED] - Object 'Object Repository/VLink/Page_CCSale/txt_TrackData' is present

2020-12-22 17:18:17 - [MESSAGE][PASSED] - Text '' is set on object 'Object Repository/VLink/Page_CCSale/txt_TrackData'

2020-12-22 17:18:17 - [MESSAGE][PASSED] - Object 'Object Repository/VLink/Page_CCSale/txt_Track1Data' is present

2020-12-22 17:18:18 - [MESSAGE][PASSED] - Text '' is set on object 'Object Repository/VLink/Page_CCSale/txt_Track1Data'

2020-12-22 17:18:18 - [MESSAGE][PASSED] - Object 'Object Repository/VLink/Page_CCSale/txt_Track2Data' is present

2020-12-22 17:18:19 - [MESSAGE][PASSED] - Text '' is set on object 'Object Repository/VLink/Page_CCSale/txt_Track2Data'

2020-12-22 17:18:19 - [MESSAGE][PASSED] - Object 'Object Repository/VLink/Page_CCSale/txt_POSEntryMode' is present

2020-12-22 17:18:20 - [MESSAGE][PASSED] - Text 'manual' is set on object 'Object Repository/VLink/Page_CCSale/txt_POSEntryMode'

2020-12-22 17:18:20 - [MESSAGE][PASSED] - Object 'Object Repository/VLink/Page_CCSale/txt_Email' is present

2020-12-22 17:18:21 - [MESSAGE][PASSED] - Text '' is set on object 'Object Repository/VLink/Page_CCSale/txt_Email'

2020-12-22 17:18:21 - [MESSAGE][PASSED] - Object 'Object Repository/VLink/Page_CCSale/txt_OrderNumber' is present

2020-12-22 17:18:22 - [MESSAGE][PASSED] - Text '' is set on object 'Object Repository/VLink/Page_CCSale/txt_OrderNumber'

2020-12-22 17:18:22 - [MESSAGE][PASSED] - Object 'Object Repository/VLink/Page_CCSale/txt_TaxAmount' is present

2020-12-22 17:18:22 - [MESSAGE][PASSED] - Text '' is set on object 'Object Repository/VLink/Page_CCSale/txt_TaxAmount'

2020-12-22 17:18:23 - [MESSAGE][PASSED] - Object 'Object Repository/VLink/Page_CCSale/txt_ChargeDescription' is present

2020-12-22 17:18:23 - [MESSAGE][PASSED] - Text '' is set on object 'Object Repository/VLink/Page_CCSale/txt_ChargeDescription'

2020-12-22 17:18:24 - [MESSAGE][PASSED] - Object 'Object Repository/VLink/Page_CCSale/txt_CAN' is present

2020-12-22 17:18:24 - [MESSAGE][PASSED] - Text '' is set on object 'Object Repository/VLink/Page_CCSale/txt_CAN'

2020-12-22 17:18:25 - [MESSAGE][PASSED] - Object 'Object Repository/VLink/Page_CCSale/txt_BillPaymentIndicator' is present

2020-12-22 17:18:25 - [MESSAGE][PASSED] - Text '' is set on object 'Object Repository/VLink/Page_CCSale/txt_BillPaymentIndicator'

2020-12-22 17:18:26 - [MESSAGE][PASSED] - Object 'Object Repository/VLink/Page_CCSale/txt_UDF1' is present

2020-12-22 17:18:26 - [MESSAGE][PASSED] - Text '' is set on object 'Object Repository/VLink/Page_CCSale/txt_UDF1'

2020-12-22 17:18:27 - [MESSAGE][PASSED] - Object 'Object Repository/VLink/Page_CCSale/txt_UDF2' is present

2020-12-22 17:18:27 - [MESSAGE][PASSED] - Text '' is set on object 'Object Repository/VLink/Page_CCSale/txt_UDF2'

2020-12-22 17:18:28 - [MESSAGE][PASSED] - Object 'Object Repository/VLink/Page_CCSale/txt_UDF3' is present

2020-12-22 17:18:28 - [MESSAGE][PASSED] - Text '' is set on object 'Object Repository/VLink/Page_CCSale/txt_UDF3'

2020-12-22 17:18:29 - [MESSAGE][PASSED] - Object 'Object Repository/VLink/Page_CCSale/txt_UDF4' is present

2020-12-22 17:18:29 - [MESSAGE][PASSED] - Text '' is set on object 'Object Repository/VLink/Page_CCSale/txt_UDF4'

2020-12-22 17:18:30 - [MESSAGE][PASSED] - Object 'Object Repository/VLink/Page_CCSale/txt_UDF5' is present

2020-12-22 17:18:30 - [MESSAGE][PASSED] - Text '' is set on object 'Object Repository/VLink/Page_CCSale/txt_UDF5'

2020-12-22 17:18:31 - [MESSAGE][PASSED] - Object 'Object Repository/VLink/Page_CCSale/txt_UDF6' is present

2020-12-22 17:18:31 - [MESSAGE][PASSED] - Text '' is set on object 'Object Repository/VLink/Page_CCSale/txt_UDF6'

2020-12-22 17:18:32 - [MESSAGE][PASSED] - Object 'Object Repository/VLink/Page_CCSale/txt_UDF7' is present

2020-12-22 17:18:32 - [MESSAGE][PASSED] - Text '' is set on object 'Object Repository/VLink/Page_CCSale/txt_UDF7'

2020-12-22 17:18:33 - [MESSAGE][PASSED] - Object 'Object Repository/VLink/Page_CCSale/txt_UDF8' is present

2020-12-22 17:18:33 - [MESSAGE][PASSED] - Text '' is set on object 'Object Repository/VLink/Page_CCSale/txt_UDF8'

2020-12-22 17:18:34 - [MESSAGE][PASSED] - Object 'Object Repository/VLink/Page_CCSale/txt_UDF9' is present

2020-12-22 17:18:34 - [MESSAGE][PASSED] - Text '' is set on object 'Object Repository/VLink/Page_CCSale/txt_UDF9'

2020-12-22 17:18:35 - [MESSAGE][PASSED] - Object 'Object Repository/VLink/Page_CCSale/txt_UDF10' is present

2020-12-22 17:18:35 - [MESSAGE][PASSED] - Text '' is set on object 'Object Repository/VLink/Page_CCSale/txt_UDF10'

2020-12-22 17:18:36 - [MESSAGE][PASSED] - Object 'Object Repository/VLink/Page_CCSale/txt_CardOnFileIndicator' is present

2020-12-22 17:18:36 - [MESSAGE][PASSED] - Text '' is set on object 'Object Repository/VLink/Page_CCSale/txt_CardOnFileIndicator'

2020-12-22 17:18:37 - [MESSAGE][PASSED] - Object 'Object Repository/VLink/Page_CCSale/txt_StoredCredentialIndicator' is present

2020-12-22 17:18:37 - [MESSAGE][PASSED] - Text '' is set on object 'Object Repository/VLink/Page_CCSale/txt_StoredCredentialIndicator'

2020-12-22 17:18:37 - [MESSAGE][PASSED] - Object 'Object Repository/VLink/Page_CCSale/txt_COFScheduledIndicator' is present

2020-12-22 17:18:38 - [MESSAGE][PASSED] - Text '' is set on object 'Object Repository/VLink/Page_CCSale/txt_COFScheduledIndicator'

2020-12-22 17:18:38 - [MESSAGE][PASSED] - Object 'Object Repository/VLink/Page_CCSale/txt_COFTransactionInitiatedBy' is present

2020-12-22 17:18:39 - [MESSAGE][PASSED] - Text '' is set on object 'Object Repository/VLink/Page_CCSale/txt_COFTransactionInitiatedBy'

2020-12-22 17:18:42 - [MESSAGE][PASSED] - Object: 'Object Repository/VLink/Page_CCSale/btn_ProcessVLinkTransaction' is clicked on

2020-12-22 17:18:47 - [MESSAGE][PASSED] - vlinkPages.saleCCPage.setDataSCC is PASSED

2020-12-22 17:18:47 - [TEST_STEP][PASSED] - if (verifyTextPresent("Transaction approved, no errors", true)): null

2020-12-22 17:18:47 - [MESSAGE][PASSED] - Text 'Transaction approved, no errors' is present on page  using regular expression

2020-12-22 17:18:47 - [TEST_STEP][PASSED] - println("Transaction Approved, no errors text is present on the Confirmation page"): null

2020-12-22 17:18:47 - [TEST_STEP][PASSED] - out.println("Pass Record Number: " + row): null

2020-12-22 17:18:47 - [TEST_STEP][PASSED] - sdfo = getText(findTestObject("Object Repository/Page_VLinkReceipt/pre_STX")): Text of object 'Object Repository/Page_VLinkReceipt/pre_STX' is: '<STX>8YCHDFKG9VDj                  12087929            0  Transaction approved, no errors                   0                                                                                  X OK0970   <ETX>'

2020-12-22 17:18:47 - [MESSAGE][PASSED] - Text of object 'Object Repository/Page_VLinkReceipt/pre_STX' is: '<STX>8YCHDFKG9VDj                  12087929            0  Transaction approved, no errors                   0                                                                                  X OK0970   <ETX>'

2020-12-22 17:18:47 - [TEST_STEP][PASSED] - out.println("sdfo: " + sdfo): null

2020-12-22 17:18:47 - [TEST_STEP][PASSED] - remID = substring(5, 35).trim(): null

2020-12-22 17:18:47 - [TEST_STEP][PASSED] - out.println("Remittance ID: " + remID): null

2020-12-22 17:18:47 - [TEST_STEP][PASSED] - traxID = substring(35, 55).trim(): null

2020-12-22 17:18:47 - [TEST_STEP][PASSED] - out.println("Transaction ID: " + traxID): null

2020-12-22 17:18:47 - [TEST_STEP][PASSED] - out.println("End Record Number: " + row): null

2020-12-22 17:18:47 - [TEST_STEP][PASSED] - closeBrowser(): Browser is closed

2020-12-22 17:18:48 - [MESSAGE][PASSED] - Browser is closed

2020-12-22 17:18:48 - [TEST_STEP][PASSED] - out.println("Begin Record Number: " + row): null

2020-12-22 17:18:48 - [TEST_STEP][PASSED] - openBrowser(VLinkURL + "authcap.html"): Browser is opened with url: 'https://dev-algorithm.govolution.com/vlinktest/QA/version_2_0/authcap.html'

2020-12-22 17:18:48 - [MESSAGE][INFO] - Starting 'Chrome' driver

2020-12-22 17:18:48 - [MESSAGE][INFO] - User set preference: ['acceptInsecureCerts', 'true']

2020-12-22 17:18:48 - [MESSAGE][INFO] - Action delay is set to 0 milliseconds

2020-12-22 17:18:52 - [MESSAGE][PASSED] - Browser is opened with url: 'https://dev-algorithm.govolution.com/vlinktest/QA/version_2_0/authcap.html'

2020-12-22 17:18:52 - [TEST_STEP][PASSED] - maximizeWindow(): Current window maximized

2020-12-22 17:18:52 - [MESSAGE][PASSED] - Current window maximized

2020-12-22 17:18:52 - [TEST_STEP][PASSED] - vlinkPages.saleCCPage.setDataSCC(row, dataFile): vlinkPages.saleCCPage.setDataSCC is PASSED

2020-12-22 17:18:54 - [MESSAGE][PASSED] - Object 'Object Repository/VLink/Page_CCSale/txt_CardNumber' is present

2020-12-22 17:18:54 - [MESSAGE][PASSED] - Object 'Object Repository/VLink/Page_CCSale/txt_TransactionType' is present

2020-12-22 17:18:55 - [MESSAGE][PASSED] - Text '104' is set on object 'Object Repository/VLink/Page_CCSale/txt_TransactionType'

2020-12-22 17:18:55 - [MESSAGE][PASSED] - Object 'Object Repository/VLink/Page_CCSale/txt_MessageVersion' is present

2020-12-22 17:18:56 - [MESSAGE][PASSED] - Text '2.0C' is set on object 'Object Repository/VLink/Page_CCSale/txt_MessageVersion'

2020-12-22 17:18:56 - [MESSAGE][PASSED] - Object 'Object Repository/VLink/Page_CCSale/txt_RemID' is present

2020-12-22 17:18:56 - [MESSAGE][PASSED] - Text '3TDEOVsaCg86' is set on object 'Object Repository/VLink/Page_CCSale/txt_RemID'

2020-12-22 17:18:57 - [MESSAGE][PASSED] - Object 'Object Repository/VLink/Page_CCSale/txt_ApplicationId' is present

2020-12-22 17:18:57 - [MESSAGE][PASSED] - Text '677' is set on object 'Object Repository/VLink/Page_CCSale/txt_ApplicationId'

2020-12-22 17:18:58 - [MESSAGE][PASSED] - Object 'Object Repository/VLink/Page_CCSale/txt_Username' is present

2020-12-22 17:18:58 - [MESSAGE][PASSED] - Text 'username' is set on object 'Object Repository/VLink/Page_CCSale/txt_Username'

2020-12-22 17:18:59 - [MESSAGE][PASSED] - Object 'Object Repository/VLink/Page_CCSale/txt_Password' is present

2020-12-22 17:18:59 - [MESSAGE][PASSED] - Text 'password' is set on object 'Object Repository/VLink/Page_CCSale/txt_Password'

2020-12-22 17:19:00 - [MESSAGE][PASSED] - Object 'Object Repository/VLink/Page_CCSale/txt_ResponseFormat' is present

2020-12-22 17:19:00 - [MESSAGE][PASSED] - Text 'fixed_width' is set on object 'Object Repository/VLink/Page_CCSale/txt_ResponseFormat'

2020-12-22 17:19:00 - [MESSAGE][PASSED] - Object 'Object Repository/VLink/Page_CCSale/txt_Category' is present

2020-12-22 17:19:01 - [MESSAGE][PASSED] - Text 'MOTO' is set on object 'Object Repository/VLink/Page_CCSale/txt_Category'

2020-12-22 17:19:01 - [MESSAGE][PASSED] - Object 'Object Repository/VLink/Page_CCSale/txt_TransactionID' is present

2020-12-22 17:19:02 - [MESSAGE][PASSED] - Text '' is set on object 'Object Repository/VLink/Page_CCSale/txt_TransactionID'

2020-12-22 17:19:02 - [MESSAGE][PASSED] - Object 'Object Repository/VLink/Page_CCSale/txt_ApprovalCode' is present

2020-12-22 17:19:03 - [MESSAGE][PASSED] - Text '' is set on object 'Object Repository/VLink/Page_CCSale/txt_ApprovalCode'

2020-12-22 17:19:03 - [MESSAGE][PASSED] - Object 'Object Repository/VLink/Page_CCSale/txt_CardName' is present

2020-12-22 17:19:04 - [MESSAGE][PASSED] - Text 'Roshan Maha' is set on object 'Object Repository/VLink/Page_CCSale/txt_CardName'

2020-12-22 17:19:04 - [MESSAGE][PASSED] - Object 'Object Repository/VLink/Page_CCSale/txt_AL1' is present

2020-12-22 17:19:05 - [MESSAGE][PASSED] - Text '12563 Bazaar road' is set on object 'Object Repository/VLink/Page_CCSale/txt_AL1'

2020-12-22 17:19:05 - [MESSAGE][PASSED] - Object 'Object Repository/VLink/Page_CCSale/txt_AL2' is present

2020-12-22 17:19:06 - [MESSAGE][PASSED] - Text '' is set on object 'Object Repository/VLink/Page_CCSale/txt_AL2'

2020-12-22 17:19:06 - [MESSAGE][PASSED] - Object 'Object Repository/VLink/Page_CCSale/txt_CardCity' is present

2020-12-22 17:19:07 - [MESSAGE][PASSED] - Text 'Crofton' is set on object 'Object Repository/VLink/Page_CCSale/txt_CardCity'

2020-12-22 17:19:07 - [MESSAGE][PASSED] - Object 'Object Repository/VLink/Page_CCSale/txt_CardState' is present

2020-12-22 17:19:08 - [MESSAGE][PASSED] - Text 'MD' is set on object 'Object Repository/VLink/Page_CCSale/txt_CardState'

2020-12-22 17:19:08 - [MESSAGE][PASSED] - Object 'Object Repository/VLink/Page_CCSale/txt_CardZIP' is present

2020-12-22 17:19:09 - [MESSAGE][PASSED] - Text '21114' is set on object 'Object Repository/VLink/Page_CCSale/txt_CardZIP'

2020-12-22 17:19:09 - [MESSAGE][PASSED] - Object 'Object Repository/VLink/Page_CCSale/txt_CountryID' is present

2020-12-22 17:19:10 - [MESSAGE][PASSED] - Text '' is set on object 'Object Repository/VLink/Page_CCSale/txt_CountryID'

2020-12-22 17:19:10 - [MESSAGE][PASSED] - Object 'Object Repository/VLink/Page_CCSale/txt_Amount' is present

2020-12-22 17:19:10 - [MESSAGE][PASSED] - Text '3.50' is set on object 'Object Repository/VLink/Page_CCSale/txt_Amount'

2020-12-22 17:19:11 - [MESSAGE][PASSED] - Object 'Object Repository/VLink/Page_CCSale/txt_CardNumber' is present

2020-12-22 17:19:11 - [MESSAGE][PASSED] - Text '370000000000002' is set on object 'Object Repository/VLink/Page_CCSale/txt_CardNumber'

2020-12-22 17:19:12 - [MESSAGE][PASSED] - Object 'Object Repository/VLink/Page_CCSale/txt_ExpMonth' is present

2020-12-22 17:19:12 - [MESSAGE][PASSED] - Text '01' is set on object 'Object Repository/VLink/Page_CCSale/txt_ExpMonth'

2020-12-22 17:19:13 - [MESSAGE][PASSED] - Object 'Object Repository/VLink/Page_CCSale/txt_ExpYear' is present

2020-12-22 17:19:13 - [MESSAGE][PASSED] - Text '2026' is set on object 'Object Repository/VLink/Page_CCSale/txt_ExpYear'

2020-12-22 17:19:14 - [MESSAGE][PASSED] - Object 'Object Repository/VLink/Page_CCSale/txt_CVV' is present

2020-12-22 17:19:14 - [MESSAGE][PASSED] - Text '' is set on object 'Object Repository/VLink/Page_CCSale/txt_CVV'

2020-12-22 17:19:15 - [MESSAGE][PASSED] - Object 'Object Repository/VLink/Page_CCSale/txt_CVVstate' is present

2020-12-22 17:19:15 - [MESSAGE][PASSED] - Text '' is set on object 'Object Repository/VLink/Page_CCSale/txt_CVVstate'

2020-12-22 17:19:16 - [MESSAGE][PASSED] - Object 'Object Repository/VLink/Page_CCSale/txt_TrackData' is present

2020-12-22 17:19:16 - [MESSAGE][PASSED] - Text '' is set on object 'Object Repository/VLink/Page_CCSale/txt_TrackData'

2020-12-22 17:19:17 - [MESSAGE][PASSED] - Object 'Object Repository/VLink/Page_CCSale/txt_Track1Data' is present

2020-12-22 17:19:17 - [MESSAGE][PASSED] - Text '' is set on object 'Object Repository/VLink/Page_CCSale/txt_Track1Data'

2020-12-22 17:19:18 - [MESSAGE][PASSED] - Object 'Object Repository/VLink/Page_CCSale/txt_Track2Data' is present

2020-12-22 17:19:18 - [MESSAGE][PASSED] - Text '' is set on object 'Object Repository/VLink/Page_CCSale/txt_Track2Data'

2020-12-22 17:19:19 - [MESSAGE][PASSED] - Object 'Object Repository/VLink/Page_CCSale/txt_POSEntryMode' is present

2020-12-22 17:19:19 - [MESSAGE][PASSED] - Text 'manual' is set on object 'Object Repository/VLink/Page_CCSale/txt_POSEntryMode'

2020-12-22 17:19:20 - [MESSAGE][PASSED] - Object 'Object Repository/VLink/Page_CCSale/txt_Email' is present

2020-12-22 17:19:20 - [MESSAGE][PASSED] - Text '' is set on object 'Object Repository/VLink/Page_CCSale/txt_Email'

2020-12-22 17:19:20 - [MESSAGE][PASSED] - Object 'Object Repository/VLink/Page_CCSale/txt_OrderNumber' is present

2020-12-22 17:19:21 - [MESSAGE][PASSED] - Text '' is set on object 'Object Repository/VLink/Page_CCSale/txt_OrderNumber'

2020-12-22 17:19:21 - [MESSAGE][PASSED] - Object 'Object Repository/VLink/Page_CCSale/txt_TaxAmount' is present

2020-12-22 17:19:22 - [MESSAGE][PASSED] - Text '' is set on object 'Object Repository/VLink/Page_CCSale/txt_TaxAmount'

2020-12-22 17:19:22 - [MESSAGE][PASSED] - Object 'Object Repository/VLink/Page_CCSale/txt_ChargeDescription' is present

2020-12-22 17:19:23 - [MESSAGE][PASSED] - Text '' is set on object 'Object Repository/VLink/Page_CCSale/txt_ChargeDescription'

2020-12-22 17:19:23 - [MESSAGE][PASSED] - Object 'Object Repository/VLink/Page_CCSale/txt_CAN' is present

2020-12-22 17:19:24 - [MESSAGE][PASSED] - Text '' is set on object 'Object Repository/VLink/Page_CCSale/txt_CAN'

2020-12-22 17:19:24 - [MESSAGE][PASSED] - Object 'Object Repository/VLink/Page_CCSale/txt_BillPaymentIndicator' is present

2020-12-22 17:19:25 - [MESSAGE][PASSED] - Text '' is set on object 'Object Repository/VLink/Page_CCSale/txt_BillPaymentIndicator'

2020-12-22 17:19:25 - [MESSAGE][PASSED] - Object 'Object Repository/VLink/Page_CCSale/txt_UDF1' is present

2020-12-22 17:19:26 - [MESSAGE][PASSED] - Text '' is set on object 'Object Repository/VLink/Page_CCSale/txt_UDF1'

2020-12-22 17:19:26 - [MESSAGE][PASSED] - Object 'Object Repository/VLink/Page_CCSale/txt_UDF2' is present

2020-12-22 17:19:27 - [MESSAGE][PASSED] - Text '' is set on object 'Object Repository/VLink/Page_CCSale/txt_UDF2'

2020-12-22 17:19:27 - [MESSAGE][PASSED] - Object 'Object Repository/VLink/Page_CCSale/txt_UDF3' is present

2020-12-22 17:19:28 - [MESSAGE][PASSED] - Text '' is set on object 'Object Repository/VLink/Page_CCSale/txt_UDF3'

2020-12-22 17:19:28 - [MESSAGE][PASSED] - Object 'Object Repository/VLink/Page_CCSale/txt_UDF4' is present

2020-12-22 17:19:29 - [MESSAGE][PASSED] - Text '' is set on object 'Object Repository/VLink/Page_CCSale/txt_UDF4'

2020-12-22 17:19:29 - [MESSAGE][PASSED] - Object 'Object Repository/VLink/Page_CCSale/txt_UDF5' is present

2020-12-22 17:19:30 - [MESSAGE][PASSED] - Text '' is set on object 'Object Repository/VLink/Page_CCSale/txt_UDF5'

2020-12-22 17:19:30 - [MESSAGE][PASSED] - Object 'Object Repository/VLink/Page_CCSale/txt_UDF6' is present

2020-12-22 17:19:31 - [MESSAGE][PASSED] - Text '' is set on object 'Object Repository/VLink/Page_CCSale/txt_UDF6'

2020-12-22 17:19:31 - [MESSAGE][PASSED] - Object 'Object Repository/VLink/Page_CCSale/txt_UDF7' is present

2020-12-22 17:19:32 - [MESSAGE][PASSED] - Text '' is set on object 'Object Repository/VLink/Page_CCSale/txt_UDF7'

2020-12-22 17:19:32 - [MESSAGE][PASSED] - Object 'Object Repository/VLink/Page_CCSale/txt_UDF8' is present

2020-12-22 17:19:33 - [MESSAGE][PASSED] - Text '' is set on object 'Object Repository/VLink/Page_CCSale/txt_UDF8'

2020-12-22 17:19:33 - [MESSAGE][PASSED] - Object 'Object Repository/VLink/Page_CCSale/txt_UDF9' is present

2020-12-22 17:19:34 - [MESSAGE][PASSED] - Text '' is set on object 'Object Repository/VLink/Page_CCSale/txt_UDF9'

2020-12-22 17:19:34 - [MESSAGE][PASSED] - Object 'Object Repository/VLink/Page_CCSale/txt_UDF10' is present

2020-12-22 17:19:34 - [MESSAGE][PASSED] - Text '' is set on object 'Object Repository/VLink/Page_CCSale/txt_UDF10'

2020-12-22 17:19:35 - [MESSAGE][PASSED] - Object 'Object Repository/VLink/Page_CCSale/txt_CardOnFileIndicator' is present

2020-12-22 17:19:35 - [MESSAGE][PASSED] - Text '' is set on object 'Object Repository/VLink/Page_CCSale/txt_CardOnFileIndicator'

2020-12-22 17:19:36 - [MESSAGE][PASSED] - Object 'Object Repository/VLink/Page_CCSale/txt_StoredCredentialIndicator' is present

2020-12-22 17:19:36 - [MESSAGE][PASSED] - Text '' is set on object 'Object Repository/VLink/Page_CCSale/txt_StoredCredentialIndicator'

2020-12-22 17:19:37 - [MESSAGE][PASSED] - Object 'Object Repository/VLink/Page_CCSale/txt_COFScheduledIndicator' is present

2020-12-22 17:19:37 - [MESSAGE][PASSED] - Text '' is set on object 'Object Repository/VLink/Page_CCSale/txt_COFScheduledIndicator'

2020-12-22 17:19:38 - [MESSAGE][PASSED] - Object 'Object Repository/VLink/Page_CCSale/txt_COFTransactionInitiatedBy' is present

2020-12-22 17:19:38 - [MESSAGE][PASSED] - Text '' is set on object 'Object Repository/VLink/Page_CCSale/txt_COFTransactionInitiatedBy'

2020-12-22 17:19:41 - [MESSAGE][PASSED] - Object: 'Object Repository/VLink/Page_CCSale/btn_ProcessVLinkTransaction' is clicked on

2020-12-22 17:19:46 - [MESSAGE][PASSED] - vlinkPages.saleCCPage.setDataSCC is PASSED

2020-12-22 17:19:46 - [TEST_STEP][PASSED] - if (verifyTextPresent("Transaction approved, no errors", true)): null

2020-12-22 17:19:46 - [MESSAGE][PASSED] - Text 'Transaction approved, no errors' is present on page  using regular expression

2020-12-22 17:19:46 - [TEST_STEP][PASSED] - println("Transaction Approved, no errors text is present on the Confirmation page"): null

2020-12-22 17:19:46 - [TEST_STEP][PASSED] - out.println("Pass Record Number: " + row): null

2020-12-22 17:19:46 - [TEST_STEP][PASSED] - sdfo = getText(findTestObject("Object Repository/Page_VLinkReceipt/pre_STX")): Text of object 'Object Repository/Page_VLinkReceipt/pre_STX' is: '<STX>3TDEOVsaCg86                  12087930            0  Transaction approved, no errors                   0                                                                                  X OK1100   <ETX>'

2020-12-22 17:19:47 - [MESSAGE][PASSED] - Text of object 'Object Repository/Page_VLinkReceipt/pre_STX' is: '<STX>3TDEOVsaCg86                  12087930            0  Transaction approved, no errors                   0                                                                                  X OK1100   <ETX>'

2020-12-22 17:19:47 - [TEST_STEP][PASSED] - out.println("sdfo: " + sdfo): null

2020-12-22 17:19:47 - [TEST_STEP][PASSED] - remID = substring(5, 35).trim(): null

2020-12-22 17:19:47 - [TEST_STEP][PASSED] - out.println("Remittance ID: " + remID): null

2020-12-22 17:19:47 - [TEST_STEP][PASSED] - traxID = substring(35, 55).trim(): null

2020-12-22 17:19:47 - [TEST_STEP][PASSED] - out.println("Transaction ID: " + traxID): null

2020-12-22 17:19:47 - [TEST_STEP][PASSED] - out.println("End Record Number: " + row): null

2020-12-22 17:19:47 - [TEST_STEP][PASSED] - closeBrowser(): Browser is closed

2020-12-22 17:19:47 - [MESSAGE][PASSED] - Browser is closed

2020-12-22 17:19:47 - [TEST_STEP][PASSED] - out.println("Begin Record Number: " + row): null

2020-12-22 17:19:47 - [TEST_STEP][PASSED] - openBrowser(VLinkURL + "authcap.html"): Browser is opened with url: 'https://dev-algorithm.govolution.com/vlinktest/QA/version_2_0/authcap.html'

2020-12-22 17:19:47 - [MESSAGE][INFO] - Starting 'Chrome' driver

2020-12-22 17:19:47 - [MESSAGE][INFO] - User set preference: ['acceptInsecureCerts', 'true']

2020-12-22 17:19:47 - [MESSAGE][INFO] - Action delay is set to 0 milliseconds

2020-12-22 17:19:52 - [MESSAGE][PASSED] - Browser is opened with url: 'https://dev-algorithm.govolution.com/vlinktest/QA/version_2_0/authcap.html'

2020-12-22 17:19:52 - [TEST_STEP][PASSED] - maximizeWindow(): Current window maximized

2020-12-22 17:19:52 - [MESSAGE][PASSED] - Current window maximized

2020-12-22 17:19:52 - [TEST_STEP][PASSED] - vlinkPages.saleCCPage.setDataSCC(row, dataFile): vlinkPages.saleCCPage.setDataSCC is PASSED

2020-12-22 17:19:53 - [MESSAGE][PASSED] - Object 'Object Repository/VLink/Page_CCSale/txt_CardNumber' is present

2020-12-22 17:19:53 - [MESSAGE][PASSED] - Object 'Object Repository/VLink/Page_CCSale/txt_TransactionType' is present

2020-12-22 17:19:54 - [MESSAGE][PASSED] - Text '104' is set on object 'Object Repository/VLink/Page_CCSale/txt_TransactionType'

2020-12-22 17:19:54 - [MESSAGE][PASSED] - Object 'Object Repository/VLink/Page_CCSale/txt_MessageVersion' is present

2020-12-22 17:19:55 - [MESSAGE][PASSED] - Text '2.0C' is set on object 'Object Repository/VLink/Page_CCSale/txt_MessageVersion'

2020-12-22 17:19:55 - [MESSAGE][PASSED] - Object 'Object Repository/VLink/Page_CCSale/txt_RemID' is present

2020-12-22 17:19:56 - [MESSAGE][PASSED] - Text '8HUQFXC4YQT6' is set on object 'Object Repository/VLink/Page_CCSale/txt_RemID'

2020-12-22 17:19:56 - [MESSAGE][PASSED] - Object 'Object Repository/VLink/Page_CCSale/txt_ApplicationId' is present

2020-12-22 17:19:57 - [MESSAGE][PASSED] - Text '665' is set on object 'Object Repository/VLink/Page_CCSale/txt_ApplicationId'

2020-12-22 17:19:57 - [MESSAGE][PASSED] - Object 'Object Repository/VLink/Page_CCSale/txt_Username' is present

2020-12-22 17:19:58 - [MESSAGE][PASSED] - Text 'username' is set on object 'Object Repository/VLink/Page_CCSale/txt_Username'

2020-12-22 17:19:58 - [MESSAGE][PASSED] - Object 'Object Repository/VLink/Page_CCSale/txt_Password' is present

2020-12-22 17:19:58 - [MESSAGE][PASSED] - Text 'password' is set on object 'Object Repository/VLink/Page_CCSale/txt_Password'

2020-12-22 17:19:59 - [MESSAGE][PASSED] - Object 'Object Repository/VLink/Page_CCSale/txt_ResponseFormat' is present

2020-12-22 17:19:59 - [MESSAGE][PASSED] - Text 'fixed_width' is set on object 'Object Repository/VLink/Page_CCSale/txt_ResponseFormat'

2020-12-22 17:20:00 - [MESSAGE][PASSED] - Object 'Object Repository/VLink/Page_CCSale/txt_Category' is present

2020-12-22 17:20:00 - [MESSAGE][PASSED] - Text 'MOTO' is set on object 'Object Repository/VLink/Page_CCSale/txt_Category'

2020-12-22 17:20:01 - [MESSAGE][PASSED] - Object 'Object Repository/VLink/Page_CCSale/txt_TransactionID' is present

2020-12-22 17:20:01 - [MESSAGE][PASSED] - Text '' is set on object 'Object Repository/VLink/Page_CCSale/txt_TransactionID'

2020-12-22 17:20:02 - [MESSAGE][PASSED] - Object 'Object Repository/VLink/Page_CCSale/txt_ApprovalCode' is present

2020-12-22 17:20:02 - [MESSAGE][PASSED] - Text '' is set on object 'Object Repository/VLink/Page_CCSale/txt_ApprovalCode'

2020-12-22 17:20:02 - [MESSAGE][PASSED] - Object 'Object Repository/VLink/Page_CCSale/txt_CardName' is present

2020-12-22 17:20:03 - [MESSAGE][PASSED] - Text 'Kris Roshan' is set on object 'Object Repository/VLink/Page_CCSale/txt_CardName'

2020-12-22 17:20:03 - [MESSAGE][PASSED] - Object 'Object Repository/VLink/Page_CCSale/txt_AL1' is present

2020-12-22 17:20:04 - [MESSAGE][PASSED] - Text '258 Elm Road' is set on object 'Object Repository/VLink/Page_CCSale/txt_AL1'

2020-12-22 17:20:04 - [MESSAGE][PASSED] - Object 'Object Repository/VLink/Page_CCSale/txt_AL2' is present

2020-12-22 17:20:05 - [MESSAGE][PASSED] - Text 'Suite 56' is set on object 'Object Repository/VLink/Page_CCSale/txt_AL2'

2020-12-22 17:20:05 - [MESSAGE][PASSED] - Object 'Object Repository/VLink/Page_CCSale/txt_CardCity' is present

2020-12-22 17:20:06 - [MESSAGE][PASSED] - Text 'Arlington' is set on object 'Object Repository/VLink/Page_CCSale/txt_CardCity'

2020-12-22 17:20:06 - [MESSAGE][PASSED] - Object 'Object Repository/VLink/Page_CCSale/txt_CardState' is present

2020-12-22 17:20:07 - [MESSAGE][PASSED] - Text 'VA' is set on object 'Object Repository/VLink/Page_CCSale/txt_CardState'

2020-12-22 17:20:07 - [MESSAGE][PASSED] - Object 'Object Repository/VLink/Page_CCSale/txt_CardZIP' is present

2020-12-22 17:20:08 - [MESSAGE][PASSED] - Text '22201' is set on object 'Object Repository/VLink/Page_CCSale/txt_CardZIP'

2020-12-22 17:20:08 - [MESSAGE][PASSED] - Object 'Object Repository/VLink/Page_CCSale/txt_CountryID' is present

2020-12-22 17:20:09 - [MESSAGE][PASSED] - Text '840' is set on object 'Object Repository/VLink/Page_CCSale/txt_CountryID'

2020-12-22 17:20:10 - [MESSAGE][PASSED] - Object 'Object Repository/VLink/Page_CCSale/txt_Amount' is present

2020-12-22 17:20:10 - [MESSAGE][PASSED] - Text '1.50' is set on object 'Object Repository/VLink/Page_CCSale/txt_Amount'

2020-12-22 17:20:11 - [MESSAGE][PASSED] - Object 'Object Repository/VLink/Page_CCSale/txt_CardNumber' is present

2020-12-22 17:20:11 - [MESSAGE][PASSED] - Text '6011000000000004' is set on object 'Object Repository/VLink/Page_CCSale/txt_CardNumber'

2020-12-22 17:20:12 - [MESSAGE][PASSED] - Object 'Object Repository/VLink/Page_CCSale/txt_ExpMonth' is present

2020-12-22 17:20:12 - [MESSAGE][PASSED] - Text '12' is set on object 'Object Repository/VLink/Page_CCSale/txt_ExpMonth'

2020-12-22 17:20:12 - [MESSAGE][PASSED] - Object 'Object Repository/VLink/Page_CCSale/txt_ExpYear' is present

2020-12-22 17:20:13 - [MESSAGE][PASSED] - Text '2025' is set on object 'Object Repository/VLink/Page_CCSale/txt_ExpYear'

2020-12-22 17:20:13 - [MESSAGE][PASSED] - Object 'Object Repository/VLink/Page_CCSale/txt_CVV' is present

2020-12-22 17:20:14 - [MESSAGE][PASSED] - Text '' is set on object 'Object Repository/VLink/Page_CCSale/txt_CVV'

2020-12-22 17:20:14 - [MESSAGE][PASSED] - Object 'Object Repository/VLink/Page_CCSale/txt_CVVstate' is present

2020-12-22 17:20:15 - [MESSAGE][PASSED] - Text '' is set on object 'Object Repository/VLink/Page_CCSale/txt_CVVstate'

2020-12-22 17:20:15 - [MESSAGE][PASSED] - Object 'Object Repository/VLink/Page_CCSale/txt_TrackData' is present

2020-12-22 17:20:16 - [MESSAGE][PASSED] - Text '' is set on object 'Object Repository/VLink/Page_CCSale/txt_TrackData'

2020-12-22 17:20:16 - [MESSAGE][PASSED] - Object 'Object Repository/VLink/Page_CCSale/txt_Track1Data' is present

2020-12-22 17:20:17 - [MESSAGE][PASSED] - Text '' is set on object 'Object Repository/VLink/Page_CCSale/txt_Track1Data'

2020-12-22 17:20:17 - [MESSAGE][PASSED] - Object 'Object Repository/VLink/Page_CCSale/txt_Track2Data' is present

2020-12-22 17:20:18 - [MESSAGE][PASSED] - Text '' is set on object 'Object Repository/VLink/Page_CCSale/txt_Track2Data'

2020-12-22 17:20:18 - [MESSAGE][PASSED] - Object 'Object Repository/VLink/Page_CCSale/txt_POSEntryMode' is present

2020-12-22 17:20:19 - [MESSAGE][PASSED] - Text 'manual' is set on object 'Object Repository/VLink/Page_CCSale/txt_POSEntryMode'

2020-12-22 17:20:19 - [MESSAGE][PASSED] - Object 'Object Repository/VLink/Page_CCSale/txt_Email' is present

2020-12-22 17:20:20 - [MESSAGE][PASSED] - Text 'iahmed@govolution.com' is set on object 'Object Repository/VLink/Page_CCSale/txt_Email'

2020-12-22 17:20:20 - [MESSAGE][PASSED] - Object 'Object Repository/VLink/Page_CCSale/txt_OrderNumber' is present

2020-12-22 17:20:21 - [MESSAGE][PASSED] - Text '2569362' is set on object 'Object Repository/VLink/Page_CCSale/txt_OrderNumber'

2020-12-22 17:20:21 - [MESSAGE][PASSED] - Object 'Object Repository/VLink/Page_CCSale/txt_TaxAmount' is present

2020-12-22 17:20:22 - [MESSAGE][PASSED] - Text '1.15' is set on object 'Object Repository/VLink/Page_CCSale/txt_TaxAmount'

2020-12-22 17:20:22 - [MESSAGE][PASSED] - Object 'Object Repository/VLink/Page_CCSale/txt_ChargeDescription' is present

2020-12-22 17:20:23 - [MESSAGE][PASSED] - Text 'Charge Description' is set on object 'Object Repository/VLink/Page_CCSale/txt_ChargeDescription'

2020-12-22 17:20:23 - [MESSAGE][PASSED] - Object 'Object Repository/VLink/Page_CCSale/txt_CAN' is present

2020-12-22 17:20:24 - [MESSAGE][PASSED] - Text '147357' is set on object 'Object Repository/VLink/Page_CCSale/txt_CAN'

2020-12-22 17:20:24 - [MESSAGE][PASSED] - Object 'Object Repository/VLink/Page_CCSale/txt_BillPaymentIndicator' is present

2020-12-22 17:20:25 - [MESSAGE][PASSED] - Text '1' is set on object 'Object Repository/VLink/Page_CCSale/txt_BillPaymentIndicator'

2020-12-22 17:20:25 - [MESSAGE][PASSED] - Object 'Object Repository/VLink/Page_CCSale/txt_UDF1' is present

2020-12-22 17:20:26 - [MESSAGE][PASSED] - Text 'UDF Data 1' is set on object 'Object Repository/VLink/Page_CCSale/txt_UDF1'

2020-12-22 17:20:26 - [MESSAGE][PASSED] - Object 'Object Repository/VLink/Page_CCSale/txt_UDF2' is present

2020-12-22 17:20:27 - [MESSAGE][PASSED] - Text 'UDF Data 2' is set on object 'Object Repository/VLink/Page_CCSale/txt_UDF2'

2020-12-22 17:20:27 - [MESSAGE][PASSED] - Object 'Object Repository/VLink/Page_CCSale/txt_UDF3' is present

2020-12-22 17:20:28 - [MESSAGE][PASSED] - Text 'UDF Data 3' is set on object 'Object Repository/VLink/Page_CCSale/txt_UDF3'

2020-12-22 17:20:28 - [MESSAGE][PASSED] - Object 'Object Repository/VLink/Page_CCSale/txt_UDF4' is present

2020-12-22 17:20:29 - [MESSAGE][PASSED] - Text 'UDF Data 4' is set on object 'Object Repository/VLink/Page_CCSale/txt_UDF4'

2020-12-22 17:20:29 - [MESSAGE][PASSED] - Object 'Object Repository/VLink/Page_CCSale/txt_UDF5' is present

2020-12-22 17:20:30 - [MESSAGE][PASSED] - Text 'UDF Data 5' is set on object 'Object Repository/VLink/Page_CCSale/txt_UDF5'

2020-12-22 17:20:30 - [MESSAGE][PASSED] - Object 'Object Repository/VLink/Page_CCSale/txt_UDF6' is present

2020-12-22 17:20:31 - [MESSAGE][PASSED] - Text 'UDF Data 6' is set on object 'Object Repository/VLink/Page_CCSale/txt_UDF6'

2020-12-22 17:20:31 - [MESSAGE][PASSED] - Object 'Object Repository/VLink/Page_CCSale/txt_UDF7' is present

2020-12-22 17:20:32 - [MESSAGE][PASSED] - Text 'UDF Data 7' is set on object 'Object Repository/VLink/Page_CCSale/txt_UDF7'

2020-12-22 17:20:32 - [MESSAGE][PASSED] - Object 'Object Repository/VLink/Page_CCSale/txt_UDF8' is present

2020-12-22 17:20:33 - [MESSAGE][PASSED] - Text 'UDF Data 8' is set on object 'Object Repository/VLink/Page_CCSale/txt_UDF8'

2020-12-22 17:20:33 - [MESSAGE][PASSED] - Object 'Object Repository/VLink/Page_CCSale/txt_UDF9' is present

2020-12-22 17:20:34 - [MESSAGE][PASSED] - Text 'UDF Data 9' is set on object 'Object Repository/VLink/Page_CCSale/txt_UDF9'

2020-12-22 17:20:34 - [MESSAGE][PASSED] - Object 'Object Repository/VLink/Page_CCSale/txt_UDF10' is present

2020-12-22 17:20:35 - [MESSAGE][PASSED] - Text 'UDF Data 10' is set on object 'Object Repository/VLink/Page_CCSale/txt_UDF10'

2020-12-22 17:20:35 - [MESSAGE][PASSED] - Object 'Object Repository/VLink/Page_CCSale/txt_CardOnFileIndicator' is present

2020-12-22 17:20:36 - [MESSAGE][PASSED] - Text '' is set on object 'Object Repository/VLink/Page_CCSale/txt_CardOnFileIndicator'

2020-12-22 17:20:36 - [MESSAGE][PASSED] - Object 'Object Repository/VLink/Page_CCSale/txt_StoredCredentialIndicator' is present

2020-12-22 17:20:37 - [MESSAGE][PASSED] - Text '' is set on object 'Object Repository/VLink/Page_CCSale/txt_StoredCredentialIndicator'

2020-12-22 17:20:37 - [MESSAGE][PASSED] - Object 'Object Repository/VLink/Page_CCSale/txt_COFScheduledIndicator' is present

2020-12-22 17:20:38 - [MESSAGE][PASSED] - Text '' is set on object 'Object Repository/VLink/Page_CCSale/txt_COFScheduledIndicator'

2020-12-22 17:20:38 - [MESSAGE][PASSED] - Object 'Object Repository/VLink/Page_CCSale/txt_COFTransactionInitiatedBy' is present

2020-12-22 17:20:39 - [MESSAGE][PASSED] - Text '' is set on object 'Object Repository/VLink/Page_CCSale/txt_COFTransactionInitiatedBy'

2020-12-22 17:20:42 - [MESSAGE][PASSED] - Object: 'Object Repository/VLink/Page_CCSale/btn_ProcessVLinkTransaction' is clicked on

2020-12-22 17:20:47 - [MESSAGE][PASSED] - vlinkPages.saleCCPage.setDataSCC is PASSED

2020-12-22 17:20:47 - [TEST_STEP][PASSED] - if (verifyTextPresent("Transaction approved, no errors", true)): null

2020-12-22 17:20:47 - [MESSAGE][PASSED] - Text 'Transaction approved, no errors' is present on page  using regular expression

2020-12-22 17:20:47 - [TEST_STEP][PASSED] - println("Transaction Approved, no errors text is present on the Confirmation page"): null

2020-12-22 17:20:47 - [TEST_STEP][PASSED] - out.println("Pass Record Number: " + row): null

2020-12-22 17:20:47 - [TEST_STEP][PASSED] - sdfo = getText(findTestObject("Object Repository/Page_VLinkReceipt/pre_STX")): Text of object 'Object Repository/Page_VLinkReceipt/pre_STX' is: '<STX>8HUQFXC4YQT6                  12087932            0  Transaction approved, no errors                   0                                                                                  XXOK1120   <ETX>'

2020-12-22 17:20:47 - [MESSAGE][PASSED] - Text of object 'Object Repository/Page_VLinkReceipt/pre_STX' is: '<STX>8HUQFXC4YQT6                  12087932            0  Transaction approved, no errors                   0                                                                                  XXOK1120   <ETX>'

2020-12-22 17:20:47 - [TEST_STEP][PASSED] - out.println("sdfo: " + sdfo): null

2020-12-22 17:20:47 - [TEST_STEP][PASSED] - remID = substring(5, 35).trim(): null

2020-12-22 17:20:47 - [TEST_STEP][PASSED] - out.println("Remittance ID: " + remID): null

2020-12-22 17:20:47 - [TEST_STEP][PASSED] - traxID = substring(35, 55).trim(): null

2020-12-22 17:20:47 - [TEST_STEP][PASSED] - out.println("Transaction ID: " + traxID): null

2020-12-22 17:20:47 - [TEST_STEP][PASSED] - out.println("End Record Number: " + row): null

2020-12-22 17:20:47 - [TEST_STEP][PASSED] - closeBrowser(): Browser is closed

2020-12-22 17:20:48 - [MESSAGE][PASSED] - Browser is closed

2020-12-22 17:20:48 - [TEST_STEP][PASSED] - out.println("Begin Record Number: " + row): null

2020-12-22 17:20:48 - [TEST_STEP][PASSED] - openBrowser(VLinkURL + "authcap.html"): Browser is opened with url: 'https://dev-algorithm.govolution.com/vlinktest/QA/version_2_0/authcap.html'

2020-12-22 17:20:48 - [MESSAGE][INFO] - Starting 'Chrome' driver

2020-12-22 17:20:48 - [MESSAGE][INFO] - User set preference: ['acceptInsecureCerts', 'true']

2020-12-22 17:20:48 - [MESSAGE][INFO] - Action delay is set to 0 milliseconds

2020-12-22 17:20:51 - [MESSAGE][PASSED] - Browser is opened with url: 'https://dev-algorithm.govolution.com/vlinktest/QA/version_2_0/authcap.html'

2020-12-22 17:20:51 - [TEST_STEP][PASSED] - maximizeWindow(): Current window maximized

2020-12-22 17:20:52 - [MESSAGE][PASSED] - Current window maximized

2020-12-22 17:20:52 - [TEST_STEP][PASSED] - vlinkPages.saleCCPage.setDataSCC(row, dataFile): vlinkPages.saleCCPage.setDataSCC is PASSED

2020-12-22 17:20:53 - [MESSAGE][PASSED] - Object 'Object Repository/VLink/Page_CCSale/txt_CardNumber' is present

2020-12-22 17:20:53 - [MESSAGE][PASSED] - Object 'Object Repository/VLink/Page_CCSale/txt_TransactionType' is present

2020-12-22 17:20:54 - [MESSAGE][PASSED] - Text '104' is set on object 'Object Repository/VLink/Page_CCSale/txt_TransactionType'

2020-12-22 17:20:54 - [MESSAGE][PASSED] - Object 'Object Repository/VLink/Page_CCSale/txt_MessageVersion' is present

2020-12-22 17:20:55 - [MESSAGE][PASSED] - Text '2.0C' is set on object 'Object Repository/VLink/Page_CCSale/txt_MessageVersion'

2020-12-22 17:20:55 - [MESSAGE][PASSED] - Object 'Object Repository/VLink/Page_CCSale/txt_RemID' is present

2020-12-22 17:20:56 - [MESSAGE][PASSED] - Text 'FT4ZSvnpBn3z' is set on object 'Object Repository/VLink/Page_CCSale/txt_RemID'

2020-12-22 17:20:56 - [MESSAGE][PASSED] - Object 'Object Repository/VLink/Page_CCSale/txt_ApplicationId' is present

2020-12-22 17:20:57 - [MESSAGE][PASSED] - Text '672' is set on object 'Object Repository/VLink/Page_CCSale/txt_ApplicationId'

2020-12-22 17:20:57 - [MESSAGE][PASSED] - Object 'Object Repository/VLink/Page_CCSale/txt_Username' is present

2020-12-22 17:20:58 - [MESSAGE][PASSED] - Text 'username' is set on object 'Object Repository/VLink/Page_CCSale/txt_Username'

2020-12-22 17:20:58 - [MESSAGE][PASSED] - Object 'Object Repository/VLink/Page_CCSale/txt_Password' is present

2020-12-22 17:20:59 - [MESSAGE][PASSED] - Text 'password' is set on object 'Object Repository/VLink/Page_CCSale/txt_Password'

2020-12-22 17:20:59 - [MESSAGE][PASSED] - Object 'Object Repository/VLink/Page_CCSale/txt_ResponseFormat' is present

2020-12-22 17:21:00 - [MESSAGE][PASSED] - Text 'fixed_width' is set on object 'Object Repository/VLink/Page_CCSale/txt_ResponseFormat'

2020-12-22 17:21:00 - [MESSAGE][PASSED] - Object 'Object Repository/VLink/Page_CCSale/txt_Category' is present

2020-12-22 17:21:01 - [MESSAGE][PASSED] - Text 'MOTO' is set on object 'Object Repository/VLink/Page_CCSale/txt_Category'

2020-12-22 17:21:01 - [MESSAGE][PASSED] - Object 'Object Repository/VLink/Page_CCSale/txt_TransactionID' is present

2020-12-22 17:21:02 - [MESSAGE][PASSED] - Text '' is set on object 'Object Repository/VLink/Page_CCSale/txt_TransactionID'

2020-12-22 17:21:02 - [MESSAGE][PASSED] - Object 'Object Repository/VLink/Page_CCSale/txt_ApprovalCode' is present

2020-12-22 17:21:03 - [MESSAGE][PASSED] - Text '' is set on object 'Object Repository/VLink/Page_CCSale/txt_ApprovalCode'

2020-12-22 17:21:03 - [MESSAGE][PASSED] - Object 'Object Repository/VLink/Page_CCSale/txt_CardName' is present

2020-12-22 17:21:04 - [MESSAGE][PASSED] - Text 'Arvind Silva' is set on object 'Object Repository/VLink/Page_CCSale/txt_CardName'

2020-12-22 17:21:04 - [MESSAGE][PASSED] - Object 'Object Repository/VLink/Page_CCSale/txt_AL1' is present

2020-12-22 17:21:04 - [MESSAGE][PASSED] - Text '111 Main Ave' is set on object 'Object Repository/VLink/Page_CCSale/txt_AL1'

2020-12-22 17:21:05 - [MESSAGE][PASSED] - Object 'Object Repository/VLink/Page_CCSale/txt_AL2' is present

2020-12-22 17:21:05 - [MESSAGE][PASSED] - Text '' is set on object 'Object Repository/VLink/Page_CCSale/txt_AL2'

2020-12-22 17:21:06 - [MESSAGE][PASSED] - Object 'Object Repository/VLink/Page_CCSale/txt_CardCity' is present

2020-12-22 17:21:06 - [MESSAGE][PASSED] - Text 'Arlington' is set on object 'Object Repository/VLink/Page_CCSale/txt_CardCity'

2020-12-22 17:21:07 - [MESSAGE][PASSED] - Object 'Object Repository/VLink/Page_CCSale/txt_CardState' is present

2020-12-22 17:21:07 - [MESSAGE][PASSED] - Text 'VA' is set on object 'Object Repository/VLink/Page_CCSale/txt_CardState'

2020-12-22 17:21:07 - [MESSAGE][PASSED] - Object 'Object Repository/VLink/Page_CCSale/txt_CardZIP' is present

2020-12-22 17:21:08 - [MESSAGE][PASSED] - Text '22201' is set on object 'Object Repository/VLink/Page_CCSale/txt_CardZIP'

2020-12-22 17:21:08 - [MESSAGE][PASSED] - Object 'Object Repository/VLink/Page_CCSale/txt_CountryID' is present

2020-12-22 17:21:09 - [MESSAGE][PASSED] - Text '' is set on object 'Object Repository/VLink/Page_CCSale/txt_CountryID'

2020-12-22 17:21:09 - [MESSAGE][PASSED] - Object 'Object Repository/VLink/Page_CCSale/txt_Amount' is present

2020-12-22 17:21:10 - [MESSAGE][PASSED] - Text '2.50' is set on object 'Object Repository/VLink/Page_CCSale/txt_Amount'

2020-12-22 17:21:10 - [MESSAGE][PASSED] - Object 'Object Repository/VLink/Page_CCSale/txt_CardNumber' is present

2020-12-22 17:21:11 - [MESSAGE][PASSED] - Text '6011000000000004' is set on object 'Object Repository/VLink/Page_CCSale/txt_CardNumber'

2020-12-22 17:21:11 - [MESSAGE][PASSED] - Object 'Object Repository/VLink/Page_CCSale/txt_ExpMonth' is present

2020-12-22 17:21:12 - [MESSAGE][PASSED] - Text '01' is set on object 'Object Repository/VLink/Page_CCSale/txt_ExpMonth'

2020-12-22 17:21:12 - [MESSAGE][PASSED] - Object 'Object Repository/VLink/Page_CCSale/txt_ExpYear' is present

2020-12-22 17:21:13 - [MESSAGE][PASSED] - Text '2026' is set on object 'Object Repository/VLink/Page_CCSale/txt_ExpYear'

2020-12-22 17:21:13 - [MESSAGE][PASSED] - Object 'Object Repository/VLink/Page_CCSale/txt_CVV' is present

2020-12-22 17:21:14 - [MESSAGE][PASSED] - Text '' is set on object 'Object Repository/VLink/Page_CCSale/txt_CVV'

2020-12-22 17:21:14 - [MESSAGE][PASSED] - Object 'Object Repository/VLink/Page_CCSale/txt_CVVstate' is present

2020-12-22 17:21:15 - [MESSAGE][PASSED] - Text '' is set on object 'Object Repository/VLink/Page_CCSale/txt_CVVstate'

2020-12-22 17:21:15 - [MESSAGE][PASSED] - Object 'Object Repository/VLink/Page_CCSale/txt_TrackData' is present

2020-12-22 17:21:16 - [MESSAGE][PASSED] - Text '' is set on object 'Object Repository/VLink/Page_CCSale/txt_TrackData'

2020-12-22 17:21:16 - [MESSAGE][PASSED] - Object 'Object Repository/VLink/Page_CCSale/txt_Track1Data' is present

2020-12-22 17:21:17 - [MESSAGE][PASSED] - Text '' is set on object 'Object Repository/VLink/Page_CCSale/txt_Track1Data'

2020-12-22 17:21:17 - [MESSAGE][PASSED] - Object 'Object Repository/VLink/Page_CCSale/txt_Track2Data' is present

2020-12-22 17:21:18 - [MESSAGE][PASSED] - Text '' is set on object 'Object Repository/VLink/Page_CCSale/txt_Track2Data'

2020-12-22 17:21:18 - [MESSAGE][PASSED] - Object 'Object Repository/VLink/Page_CCSale/txt_POSEntryMode' is present

2020-12-22 17:21:19 - [MESSAGE][PASSED] - Text 'manual' is set on object 'Object Repository/VLink/Page_CCSale/txt_POSEntryMode'

2020-12-22 17:21:20 - [MESSAGE][PASSED] - Object 'Object Repository/VLink/Page_CCSale/txt_Email' is present

2020-12-22 17:21:20 - [MESSAGE][PASSED] - Text '' is set on object 'Object Repository/VLink/Page_CCSale/txt_Email'

2020-12-22 17:21:21 - [MESSAGE][PASSED] - Object 'Object Repository/VLink/Page_CCSale/txt_OrderNumber' is present

2020-12-22 17:21:21 - [MESSAGE][PASSED] - Text '' is set on object 'Object Repository/VLink/Page_CCSale/txt_OrderNumber'

2020-12-22 17:21:22 - [MESSAGE][PASSED] - Object 'Object Repository/VLink/Page_CCSale/txt_TaxAmount' is present

2020-12-22 17:21:22 - [MESSAGE][PASSED] - Text '' is set on object 'Object Repository/VLink/Page_CCSale/txt_TaxAmount'

2020-12-22 17:21:23 - [MESSAGE][PASSED] - Object 'Object Repository/VLink/Page_CCSale/txt_ChargeDescription' is present

2020-12-22 17:21:23 - [MESSAGE][PASSED] - Text '' is set on object 'Object Repository/VLink/Page_CCSale/txt_ChargeDescription'

2020-12-22 17:21:24 - [MESSAGE][PASSED] - Object 'Object Repository/VLink/Page_CCSale/txt_CAN' is present

2020-12-22 17:21:24 - [MESSAGE][PASSED] - Text '' is set on object 'Object Repository/VLink/Page_CCSale/txt_CAN'

2020-12-22 17:21:25 - [MESSAGE][PASSED] - Object 'Object Repository/VLink/Page_CCSale/txt_BillPaymentIndicator' is present

2020-12-22 17:21:25 - [MESSAGE][PASSED] - Text '' is set on object 'Object Repository/VLink/Page_CCSale/txt_BillPaymentIndicator'

2020-12-22 17:21:26 - [MESSAGE][PASSED] - Object 'Object Repository/VLink/Page_CCSale/txt_UDF1' is present

2020-12-22 17:21:26 - [MESSAGE][PASSED] - Text '' is set on object 'Object Repository/VLink/Page_CCSale/txt_UDF1'

2020-12-22 17:21:27 - [MESSAGE][PASSED] - Object 'Object Repository/VLink/Page_CCSale/txt_UDF2' is present

2020-12-22 17:21:27 - [MESSAGE][PASSED] - Text '' is set on object 'Object Repository/VLink/Page_CCSale/txt_UDF2'

2020-12-22 17:21:28 - [MESSAGE][PASSED] - Object 'Object Repository/VLink/Page_CCSale/txt_UDF3' is present

2020-12-22 17:21:28 - [MESSAGE][PASSED] - Text '' is set on object 'Object Repository/VLink/Page_CCSale/txt_UDF3'

2020-12-22 17:21:29 - [MESSAGE][PASSED] - Object 'Object Repository/VLink/Page_CCSale/txt_UDF4' is present

2020-12-22 17:21:29 - [MESSAGE][PASSED] - Text '' is set on object 'Object Repository/VLink/Page_CCSale/txt_UDF4'

2020-12-22 17:21:30 - [MESSAGE][PASSED] - Object 'Object Repository/VLink/Page_CCSale/txt_UDF5' is present

2020-12-22 17:21:30 - [MESSAGE][PASSED] - Text '' is set on object 'Object Repository/VLink/Page_CCSale/txt_UDF5'

2020-12-22 17:21:31 - [MESSAGE][PASSED] - Object 'Object Repository/VLink/Page_CCSale/txt_UDF6' is present

2020-12-22 17:21:31 - [MESSAGE][PASSED] - Text '' is set on object 'Object Repository/VLink/Page_CCSale/txt_UDF6'

2020-12-22 17:21:32 - [MESSAGE][PASSED] - Object 'Object Repository/VLink/Page_CCSale/txt_UDF7' is present

2020-12-22 17:21:32 - [MESSAGE][PASSED] - Text '' is set on object 'Object Repository/VLink/Page_CCSale/txt_UDF7'

2020-12-22 17:21:33 - [MESSAGE][PASSED] - Object 'Object Repository/VLink/Page_CCSale/txt_UDF8' is present

2020-12-22 17:21:33 - [MESSAGE][PASSED] - Text '' is set on object 'Object Repository/VLink/Page_CCSale/txt_UDF8'

2020-12-22 17:21:34 - [MESSAGE][PASSED] - Object 'Object Repository/VLink/Page_CCSale/txt_UDF9' is present

2020-12-22 17:21:34 - [MESSAGE][PASSED] - Text '' is set on object 'Object Repository/VLink/Page_CCSale/txt_UDF9'

2020-12-22 17:21:35 - [MESSAGE][PASSED] - Object 'Object Repository/VLink/Page_CCSale/txt_UDF10' is present

2020-12-22 17:21:35 - [MESSAGE][PASSED] - Text '' is set on object 'Object Repository/VLink/Page_CCSale/txt_UDF10'

2020-12-22 17:21:35 - [MESSAGE][PASSED] - Object 'Object Repository/VLink/Page_CCSale/txt_CardOnFileIndicator' is present

2020-12-22 17:21:36 - [MESSAGE][PASSED] - Text '' is set on object 'Object Repository/VLink/Page_CCSale/txt_CardOnFileIndicator'

2020-12-22 17:21:37 - [MESSAGE][PASSED] - Object 'Object Repository/VLink/Page_CCSale/txt_StoredCredentialIndicator' is present

2020-12-22 17:21:37 - [MESSAGE][PASSED] - Text '' is set on object 'Object Repository/VLink/Page_CCSale/txt_StoredCredentialIndicator'

2020-12-22 17:21:38 - [MESSAGE][PASSED] - Object 'Object Repository/VLink/Page_CCSale/txt_COFScheduledIndicator' is present

2020-12-22 17:21:38 - [MESSAGE][PASSED] - Text '' is set on object 'Object Repository/VLink/Page_CCSale/txt_COFScheduledIndicator'

2020-12-22 17:21:39 - [MESSAGE][PASSED] - Object 'Object Repository/VLink/Page_CCSale/txt_COFTransactionInitiatedBy' is present

2020-12-22 17:21:39 - [MESSAGE][PASSED] - Text '' is set on object 'Object Repository/VLink/Page_CCSale/txt_COFTransactionInitiatedBy'

2020-12-22 17:21:42 - [MESSAGE][PASSED] - Object: 'Object Repository/VLink/Page_CCSale/btn_ProcessVLinkTransaction' is clicked on

2020-12-22 17:21:47 - [MESSAGE][PASSED] - vlinkPages.saleCCPage.setDataSCC is PASSED

2020-12-22 17:21:47 - [TEST_STEP][PASSED] - if (verifyTextPresent("Transaction approved, no errors", true)): null

2020-12-22 17:21:47 - [MESSAGE][PASSED] - Text 'Transaction approved, no errors' is present on page  using regular expression

2020-12-22 17:21:47 - [TEST_STEP][PASSED] - println("Transaction Approved, no errors text is present on the Confirmation page"): null

2020-12-22 17:21:47 - [TEST_STEP][PASSED] - out.println("Pass Record Number: " + row): null

2020-12-22 17:21:47 - [TEST_STEP][PASSED] - sdfo = getText(findTestObject("Object Repository/Page_VLinkReceipt/pre_STX")): Text of object 'Object Repository/Page_VLinkReceipt/pre_STX' is: '<STX>FT4ZSvnpBn3z                  12087933            0  Transaction approved, no errors                   0                                                                                  XXOK1280   <ETX>'

2020-12-22 17:21:47 - [MESSAGE][PASSED] - Text of object 'Object Repository/Page_VLinkReceipt/pre_STX' is: '<STX>FT4ZSvnpBn3z                  12087933            0  Transaction approved, no errors                   0                                                                                  XXOK1280   <ETX>'

2020-12-22 17:21:47 - [TEST_STEP][PASSED] - out.println("sdfo: " + sdfo): null

2020-12-22 17:21:47 - [TEST_STEP][PASSED] - remID = substring(5, 35).trim(): null

2020-12-22 17:21:47 - [TEST_STEP][PASSED] - out.println("Remittance ID: " + remID): null

2020-12-22 17:21:47 - [TEST_STEP][PASSED] - traxID = substring(35, 55).trim(): null

2020-12-22 17:21:47 - [TEST_STEP][PASSED] - out.println("Transaction ID: " + traxID): null

2020-12-22 17:21:47 - [TEST_STEP][PASSED] - out.println("End Record Number: " + row): null

2020-12-22 17:21:47 - [TEST_STEP][PASSED] - closeBrowser(): Browser is closed

2020-12-22 17:21:48 - [MESSAGE][PASSED] - Browser is closed

2020-12-22 17:21:48 - [TEST_STEP][PASSED] - out.println("Begin Record Number: " + row): null

2020-12-22 17:21:48 - [TEST_STEP][PASSED] - openBrowser(VLinkURL + "authcap.html"): Browser is opened with url: 'https://dev-algorithm.govolution.com/vlinktest/QA/version_2_0/authcap.html'

2020-12-22 17:21:48 - [MESSAGE][INFO] - Starting 'Chrome' driver

2020-12-22 17:21:48 - [MESSAGE][INFO] - User set preference: ['acceptInsecureCerts', 'true']

2020-12-22 17:21:48 - [MESSAGE][INFO] - Action delay is set to 0 milliseconds

2020-12-22 17:21:52 - [MESSAGE][PASSED] - Browser is opened with url: 'https://dev-algorithm.govolution.com/vlinktest/QA/version_2_0/authcap.html'

2020-12-22 17:21:52 - [TEST_STEP][PASSED] - maximizeWindow(): Current window maximized

2020-12-22 17:21:52 - [MESSAGE][PASSED] - Current window maximized

2020-12-22 17:21:52 - [TEST_STEP][PASSED] - vlinkPages.saleCCPage.setDataSCC(row, dataFile): vlinkPages.saleCCPage.setDataSCC is PASSED

2020-12-22 17:21:53 - [MESSAGE][PASSED] - Object 'Object Repository/VLink/Page_CCSale/txt_CardNumber' is present

2020-12-22 17:21:54 - [MESSAGE][PASSED] - Object 'Object Repository/VLink/Page_CCSale/txt_TransactionType' is present

2020-12-22 17:21:54 - [MESSAGE][PASSED] - Text '104' is set on object 'Object Repository/VLink/Page_CCSale/txt_TransactionType'

2020-12-22 17:21:55 - [MESSAGE][PASSED] - Object 'Object Repository/VLink/Page_CCSale/txt_MessageVersion' is present

2020-12-22 17:21:55 - [MESSAGE][PASSED] - Text '2.0C' is set on object 'Object Repository/VLink/Page_CCSale/txt_MessageVersion'

2020-12-22 17:21:55 - [MESSAGE][PASSED] - Object 'Object Repository/VLink/Page_CCSale/txt_RemID' is present

2020-12-22 17:21:56 - [MESSAGE][PASSED] - Text 'cHLccAbct9Ms' is set on object 'Object Repository/VLink/Page_CCSale/txt_RemID'

2020-12-22 17:21:57 - [MESSAGE][PASSED] - Object 'Object Repository/VLink/Page_CCSale/txt_ApplicationId' is present

2020-12-22 17:21:57 - [MESSAGE][PASSED] - Text '677' is set on object 'Object Repository/VLink/Page_CCSale/txt_ApplicationId'

2020-12-22 17:21:58 - [MESSAGE][PASSED] - Object 'Object Repository/VLink/Page_CCSale/txt_Username' is present

2020-12-22 17:21:58 - [MESSAGE][PASSED] - Text 'username' is set on object 'Object Repository/VLink/Page_CCSale/txt_Username'

2020-12-22 17:21:58 - [MESSAGE][PASSED] - Object 'Object Repository/VLink/Page_CCSale/txt_Password' is present

2020-12-22 17:21:59 - [MESSAGE][PASSED] - Text 'password' is set on object 'Object Repository/VLink/Page_CCSale/txt_Password'

2020-12-22 17:21:59 - [MESSAGE][PASSED] - Object 'Object Repository/VLink/Page_CCSale/txt_ResponseFormat' is present

2020-12-22 17:22:00 - [MESSAGE][PASSED] - Text 'fixed_width' is set on object 'Object Repository/VLink/Page_CCSale/txt_ResponseFormat'

2020-12-22 17:22:00 - [MESSAGE][PASSED] - Object 'Object Repository/VLink/Page_CCSale/txt_Category' is present

2020-12-22 17:22:01 - [MESSAGE][PASSED] - Text 'MOTO' is set on object 'Object Repository/VLink/Page_CCSale/txt_Category'

2020-12-22 17:22:01 - [MESSAGE][PASSED] - Object 'Object Repository/VLink/Page_CCSale/txt_TransactionID' is present

2020-12-22 17:22:02 - [MESSAGE][PASSED] - Text '' is set on object 'Object Repository/VLink/Page_CCSale/txt_TransactionID'

2020-12-22 17:22:02 - [MESSAGE][PASSED] - Object 'Object Repository/VLink/Page_CCSale/txt_ApprovalCode' is present

2020-12-22 17:22:03 - [MESSAGE][PASSED] - Text '' is set on object 'Object Repository/VLink/Page_CCSale/txt_ApprovalCode'

2020-12-22 17:22:03 - [MESSAGE][PASSED] - Object 'Object Repository/VLink/Page_CCSale/txt_CardName' is present

2020-12-22 17:22:03 - [MESSAGE][PASSED] - Text 'Roshan Maha' is set on object 'Object Repository/VLink/Page_CCSale/txt_CardName'

2020-12-22 17:22:04 - [MESSAGE][PASSED] - Object 'Object Repository/VLink/Page_CCSale/txt_AL1' is present

2020-12-22 17:22:04 - [MESSAGE][PASSED] - Text '12563 Bazaar road' is set on object 'Object Repository/VLink/Page_CCSale/txt_AL1'

2020-12-22 17:22:05 - [MESSAGE][PASSED] - Object 'Object Repository/VLink/Page_CCSale/txt_AL2' is present

2020-12-22 17:22:05 - [MESSAGE][PASSED] - Text '' is set on object 'Object Repository/VLink/Page_CCSale/txt_AL2'

2020-12-22 17:22:05 - [MESSAGE][PASSED] - Object 'Object Repository/VLink/Page_CCSale/txt_CardCity' is present

2020-12-22 17:22:06 - [MESSAGE][PASSED] - Text 'Crofton' is set on object 'Object Repository/VLink/Page_CCSale/txt_CardCity'

2020-12-22 17:22:06 - [MESSAGE][PASSED] - Object 'Object Repository/VLink/Page_CCSale/txt_CardState' is present

2020-12-22 17:22:07 - [MESSAGE][PASSED] - Text 'MD' is set on object 'Object Repository/VLink/Page_CCSale/txt_CardState'

2020-12-22 17:22:07 - [MESSAGE][PASSED] - Object 'Object Repository/VLink/Page_CCSale/txt_CardZIP' is present

2020-12-22 17:22:08 - [MESSAGE][PASSED] - Text '21114' is set on object 'Object Repository/VLink/Page_CCSale/txt_CardZIP'

2020-12-22 17:22:08 - [MESSAGE][PASSED] - Object 'Object Repository/VLink/Page_CCSale/txt_CountryID' is present

2020-12-22 17:22:09 - [MESSAGE][PASSED] - Text '' is set on object 'Object Repository/VLink/Page_CCSale/txt_CountryID'

2020-12-22 17:22:09 - [MESSAGE][PASSED] - Object 'Object Repository/VLink/Page_CCSale/txt_Amount' is present

2020-12-22 17:22:10 - [MESSAGE][PASSED] - Text '3.50' is set on object 'Object Repository/VLink/Page_CCSale/txt_Amount'

2020-12-22 17:22:10 - [MESSAGE][PASSED] - Object 'Object Repository/VLink/Page_CCSale/txt_CardNumber' is present

2020-12-22 17:22:11 - [MESSAGE][PASSED] - Text '6011000000000004' is set on object 'Object Repository/VLink/Page_CCSale/txt_CardNumber'

2020-12-22 17:22:11 - [MESSAGE][PASSED] - Object 'Object Repository/VLink/Page_CCSale/txt_ExpMonth' is present

2020-12-22 17:22:12 - [MESSAGE][PASSED] - Text '01' is set on object 'Object Repository/VLink/Page_CCSale/txt_ExpMonth'

2020-12-22 17:22:12 - [MESSAGE][PASSED] - Object 'Object Repository/VLink/Page_CCSale/txt_ExpYear' is present

2020-12-22 17:22:13 - [MESSAGE][PASSED] - Text '2026' is set on object 'Object Repository/VLink/Page_CCSale/txt_ExpYear'

2020-12-22 17:22:13 - [MESSAGE][PASSED] - Object 'Object Repository/VLink/Page_CCSale/txt_CVV' is present

2020-12-22 17:22:14 - [MESSAGE][PASSED] - Text '' is set on object 'Object Repository/VLink/Page_CCSale/txt_CVV'

2020-12-22 17:22:14 - [MESSAGE][PASSED] - Object 'Object Repository/VLink/Page_CCSale/txt_CVVstate' is present

2020-12-22 17:22:15 - [MESSAGE][PASSED] - Text '' is set on object 'Object Repository/VLink/Page_CCSale/txt_CVVstate'

2020-12-22 17:22:15 - [MESSAGE][PASSED] - Object 'Object Repository/VLink/Page_CCSale/txt_TrackData' is present

2020-12-22 17:22:16 - [MESSAGE][PASSED] - Text '' is set on object 'Object Repository/VLink/Page_CCSale/txt_TrackData'

2020-12-22 17:22:16 - [MESSAGE][PASSED] - Object 'Object Repository/VLink/Page_CCSale/txt_Track1Data' is present

2020-12-22 17:22:17 - [MESSAGE][PASSED] - Text '' is set on object 'Object Repository/VLink/Page_CCSale/txt_Track1Data'

2020-12-22 17:22:17 - [MESSAGE][PASSED] - Object 'Object Repository/VLink/Page_CCSale/txt_Track2Data' is present

2020-12-22 17:22:18 - [MESSAGE][PASSED] - Text '' is set on object 'Object Repository/VLink/Page_CCSale/txt_Track2Data'

2020-12-22 17:22:18 - [MESSAGE][PASSED] - Object 'Object Repository/VLink/Page_CCSale/txt_POSEntryMode' is present

2020-12-22 17:22:19 - [MESSAGE][PASSED] - Text 'manual' is set on object 'Object Repository/VLink/Page_CCSale/txt_POSEntryMode'

2020-12-22 17:22:19 - [MESSAGE][PASSED] - Object 'Object Repository/VLink/Page_CCSale/txt_Email' is present

2020-12-22 17:22:20 - [MESSAGE][PASSED] - Text '' is set on object 'Object Repository/VLink/Page_CCSale/txt_Email'

2020-12-22 17:22:20 - [MESSAGE][PASSED] - Object 'Object Repository/VLink/Page_CCSale/txt_OrderNumber' is present

2020-12-22 17:22:21 - [MESSAGE][PASSED] - Text '' is set on object 'Object Repository/VLink/Page_CCSale/txt_OrderNumber'

2020-12-22 17:22:21 - [MESSAGE][PASSED] - Object 'Object Repository/VLink/Page_CCSale/txt_TaxAmount' is present

2020-12-22 17:22:22 - [MESSAGE][PASSED] - Text '' is set on object 'Object Repository/VLink/Page_CCSale/txt_TaxAmount'

2020-12-22 17:22:22 - [MESSAGE][PASSED] - Object 'Object Repository/VLink/Page_CCSale/txt_ChargeDescription' is present

2020-12-22 17:22:23 - [MESSAGE][PASSED] - Text '' is set on object 'Object Repository/VLink/Page_CCSale/txt_ChargeDescription'

2020-12-22 17:22:23 - [MESSAGE][PASSED] - Object 'Object Repository/VLink/Page_CCSale/txt_CAN' is present

2020-12-22 17:22:24 - [MESSAGE][PASSED] - Text '' is set on object 'Object Repository/VLink/Page_CCSale/txt_CAN'

2020-12-22 17:22:24 - [MESSAGE][PASSED] - Object 'Object Repository/VLink/Page_CCSale/txt_BillPaymentIndicator' is present

2020-12-22 17:22:25 - [MESSAGE][PASSED] - Text '' is set on object 'Object Repository/VLink/Page_CCSale/txt_BillPaymentIndicator'

2020-12-22 17:22:25 - [MESSAGE][PASSED] - Object 'Object Repository/VLink/Page_CCSale/txt_UDF1' is present

2020-12-22 17:22:26 - [MESSAGE][PASSED] - Text '' is set on object 'Object Repository/VLink/Page_CCSale/txt_UDF1'

2020-12-22 17:22:26 - [MESSAGE][PASSED] - Object 'Object Repository/VLink/Page_CCSale/txt_UDF2' is present

2020-12-22 17:22:27 - [MESSAGE][PASSED] - Text '' is set on object 'Object Repository/VLink/Page_CCSale/txt_UDF2'

2020-12-22 17:22:27 - [MESSAGE][PASSED] - Object 'Object Repository/VLink/Page_CCSale/txt_UDF3' is present

2020-12-22 17:22:28 - [MESSAGE][PASSED] - Text '' is set on object 'Object Repository/VLink/Page_CCSale/txt_UDF3'

2020-12-22 17:22:28 - [MESSAGE][PASSED] - Object 'Object Repository/VLink/Page_CCSale/txt_UDF4' is present

2020-12-22 17:22:29 - [MESSAGE][PASSED] - Text '' is set on object 'Object Repository/VLink/Page_CCSale/txt_UDF4'

2020-12-22 17:22:29 - [MESSAGE][PASSED] - Object 'Object Repository/VLink/Page_CCSale/txt_UDF5' is present

2020-12-22 17:22:29 - [MESSAGE][PASSED] - Text '' is set on object 'Object Repository/VLink/Page_CCSale/txt_UDF5'

2020-12-22 17:22:30 - [MESSAGE][PASSED] - Object 'Object Repository/VLink/Page_CCSale/txt_UDF6' is present

2020-12-22 17:22:30 - [MESSAGE][PASSED] - Text '' is set on object 'Object Repository/VLink/Page_CCSale/txt_UDF6'

2020-12-22 17:22:31 - [MESSAGE][PASSED] - Object 'Object Repository/VLink/Page_CCSale/txt_UDF7' is present

2020-12-22 17:22:31 - [MESSAGE][PASSED] - Text '' is set on object 'Object Repository/VLink/Page_CCSale/txt_UDF7'

2020-12-22 17:22:32 - [MESSAGE][PASSED] - Object 'Object Repository/VLink/Page_CCSale/txt_UDF8' is present

2020-12-22 17:22:32 - [MESSAGE][PASSED] - Text '' is set on object 'Object Repository/VLink/Page_CCSale/txt_UDF8'

2020-12-22 17:22:33 - [MESSAGE][PASSED] - Object 'Object Repository/VLink/Page_CCSale/txt_UDF9' is present

2020-12-22 17:22:33 - [MESSAGE][PASSED] - Text '' is set on object 'Object Repository/VLink/Page_CCSale/txt_UDF9'

2020-12-22 17:22:34 - [MESSAGE][PASSED] - Object 'Object Repository/VLink/Page_CCSale/txt_UDF10' is present

2020-12-22 17:22:34 - [MESSAGE][PASSED] - Text '' is set on object 'Object Repository/VLink/Page_CCSale/txt_UDF10'

2020-12-22 17:22:35 - [MESSAGE][PASSED] - Object 'Object Repository/VLink/Page_CCSale/txt_CardOnFileIndicator' is present

2020-12-22 17:22:35 - [MESSAGE][PASSED] - Text '' is set on object 'Object Repository/VLink/Page_CCSale/txt_CardOnFileIndicator'

2020-12-22 17:22:36 - [MESSAGE][PASSED] - Object 'Object Repository/VLink/Page_CCSale/txt_StoredCredentialIndicator' is present

2020-12-22 17:22:36 - [MESSAGE][PASSED] - Text '' is set on object 'Object Repository/VLink/Page_CCSale/txt_StoredCredentialIndicator'

2020-12-22 17:22:37 - [MESSAGE][PASSED] - Object 'Object Repository/VLink/Page_CCSale/txt_COFScheduledIndicator' is present

2020-12-22 17:22:37 - [MESSAGE][PASSED] - Text '' is set on object 'Object Repository/VLink/Page_CCSale/txt_COFScheduledIndicator'

2020-12-22 17:22:38 - [MESSAGE][PASSED] - Object 'Object Repository/VLink/Page_CCSale/txt_COFTransactionInitiatedBy' is present

2020-12-22 17:22:38 - [MESSAGE][PASSED] - Text '' is set on object 'Object Repository/VLink/Page_CCSale/txt_COFTransactionInitiatedBy'

2020-12-22 17:22:41 - [MESSAGE][PASSED] - Object: 'Object Repository/VLink/Page_CCSale/btn_ProcessVLinkTransaction' is clicked on

2020-12-22 17:22:46 - [MESSAGE][PASSED] - vlinkPages.saleCCPage.setDataSCC is PASSED

2020-12-22 17:22:46 - [TEST_STEP][PASSED] - if (verifyTextPresent("Transaction approved, no errors", true)): null

2020-12-22 17:22:47 - [MESSAGE][PASSED] - Text 'Transaction approved, no errors' is present on page  using regular expression

2020-12-22 17:22:47 - [TEST_STEP][PASSED] - println("Transaction Approved, no errors text is present on the Confirmation page"): null

2020-12-22 17:22:47 - [TEST_STEP][PASSED] - out.println("Pass Record Number: " + row): null

2020-12-22 17:22:47 - [TEST_STEP][PASSED] - sdfo = getText(findTestObject("Object Repository/Page_VLinkReceipt/pre_STX")): Text of object 'Object Repository/Page_VLinkReceipt/pre_STX' is: '<STX>cHLccAbct9Ms                  12087934            0  Transaction approved, no errors                   0                                                                                  XXOK1400   <ETX>'

2020-12-22 17:22:47 - [MESSAGE][PASSED] - Text of object 'Object Repository/Page_VLinkReceipt/pre_STX' is: '<STX>cHLccAbct9Ms                  12087934            0  Transaction approved, no errors                   0                                                                                  XXOK1400   <ETX>'

2020-12-22 17:22:47 - [TEST_STEP][PASSED] - out.println("sdfo: " + sdfo): null

2020-12-22 17:22:47 - [TEST_STEP][PASSED] - remID = substring(5, 35).trim(): null

2020-12-22 17:22:47 - [TEST_STEP][PASSED] - out.println("Remittance ID: " + remID): null

2020-12-22 17:22:47 - [TEST_STEP][PASSED] - traxID = substring(35, 55).trim(): null

2020-12-22 17:22:47 - [TEST_STEP][PASSED] - out.println("Transaction ID: " + traxID): null

2020-12-22 17:22:47 - [TEST_STEP][PASSED] - out.println("End Record Number: " + row): null

2020-12-22 17:22:47 - [TEST_STEP][PASSED] - closeBrowser(): Browser is closed

2020-12-22 17:22:48 - [MESSAGE][PASSED] - Browser is closed

2020-12-22 17:22:48 - [TEST_STEP][PASSED] - out.println("Begin Record Number: " + row): null

2020-12-22 17:22:48 - [TEST_STEP][PASSED] - openBrowser(VLinkURL + "authcap.html"): Browser is opened with url: 'https://dev-algorithm.govolution.com/vlinktest/QA/version_2_0/authcap.html'

2020-12-22 17:22:48 - [MESSAGE][INFO] - Starting 'Chrome' driver

2020-12-22 17:22:48 - [MESSAGE][INFO] - User set preference: ['acceptInsecureCerts', 'true']

2020-12-22 17:22:48 - [MESSAGE][INFO] - Action delay is set to 0 milliseconds

2020-12-22 17:22:51 - [MESSAGE][PASSED] - Browser is opened with url: 'https://dev-algorithm.govolution.com/vlinktest/QA/version_2_0/authcap.html'

2020-12-22 17:22:51 - [TEST_STEP][PASSED] - maximizeWindow(): Current window maximized

2020-12-22 17:22:51 - [MESSAGE][PASSED] - Current window maximized

2020-12-22 17:22:51 - [TEST_STEP][PASSED] - vlinkPages.saleCCPage.setDataSCC(row, dataFile): vlinkPages.saleCCPage.setDataSCC is PASSED

2020-12-22 17:22:53 - [MESSAGE][PASSED] - Object 'Object Repository/VLink/Page_CCSale/txt_CardNumber' is present

2020-12-22 17:22:53 - [MESSAGE][PASSED] - Object 'Object Repository/VLink/Page_CCSale/txt_TransactionType' is present

2020-12-22 17:22:54 - [MESSAGE][PASSED] - Text '104' is set on object 'Object Repository/VLink/Page_CCSale/txt_TransactionType'

2020-12-22 17:22:54 - [MESSAGE][PASSED] - Object 'Object Repository/VLink/Page_CCSale/txt_MessageVersion' is present

2020-12-22 17:22:54 - [MESSAGE][PASSED] - Text '2.0C' is set on object 'Object Repository/VLink/Page_CCSale/txt_MessageVersion'

2020-12-22 17:22:55 - [MESSAGE][PASSED] - Object 'Object Repository/VLink/Page_CCSale/txt_RemID' is present

2020-12-22 17:22:55 - [MESSAGE][PASSED] - Text 'iJmC2QgYzG5r' is set on object 'Object Repository/VLink/Page_CCSale/txt_RemID'

2020-12-22 17:22:56 - [MESSAGE][PASSED] - Object 'Object Repository/VLink/Page_CCSale/txt_ApplicationId' is present

2020-12-22 17:22:56 - [MESSAGE][PASSED] - Text '665' is set on object 'Object Repository/VLink/Page_CCSale/txt_ApplicationId'

2020-12-22 17:22:56 - [MESSAGE][PASSED] - Object 'Object Repository/VLink/Page_CCSale/txt_Username' is present

2020-12-22 17:22:57 - [MESSAGE][PASSED] - Text 'username' is set on object 'Object Repository/VLink/Page_CCSale/txt_Username'

2020-12-22 17:22:57 - [MESSAGE][PASSED] - Object 'Object Repository/VLink/Page_CCSale/txt_Password' is present

2020-12-22 17:22:58 - [MESSAGE][PASSED] - Text 'password' is set on object 'Object Repository/VLink/Page_CCSale/txt_Password'

2020-12-22 17:22:58 - [MESSAGE][PASSED] - Object 'Object Repository/VLink/Page_CCSale/txt_ResponseFormat' is present

2020-12-22 17:22:59 - [MESSAGE][PASSED] - Text 'fixed_width' is set on object 'Object Repository/VLink/Page_CCSale/txt_ResponseFormat'

2020-12-22 17:22:59 - [MESSAGE][PASSED] - Object 'Object Repository/VLink/Page_CCSale/txt_Category' is present

2020-12-22 17:23:00 - [MESSAGE][PASSED] - Text 'RETL' is set on object 'Object Repository/VLink/Page_CCSale/txt_Category'

2020-12-22 17:23:00 - [MESSAGE][PASSED] - Object 'Object Repository/VLink/Page_CCSale/txt_TransactionID' is present

2020-12-22 17:23:00 - [MESSAGE][PASSED] - Text '' is set on object 'Object Repository/VLink/Page_CCSale/txt_TransactionID'

2020-12-22 17:23:01 - [MESSAGE][PASSED] - Object 'Object Repository/VLink/Page_CCSale/txt_ApprovalCode' is present

2020-12-22 17:23:01 - [MESSAGE][PASSED] - Text '' is set on object 'Object Repository/VLink/Page_CCSale/txt_ApprovalCode'

2020-12-22 17:23:02 - [MESSAGE][PASSED] - Object 'Object Repository/VLink/Page_CCSale/txt_CardName' is present

2020-12-22 17:23:02 - [MESSAGE][PASSED] - Text 'Kris Roshan' is set on object 'Object Repository/VLink/Page_CCSale/txt_CardName'

2020-12-22 17:23:03 - [MESSAGE][PASSED] - Object 'Object Repository/VLink/Page_CCSale/txt_AL1' is present

2020-12-22 17:23:03 - [MESSAGE][PASSED] - Text '258 Elm Road' is set on object 'Object Repository/VLink/Page_CCSale/txt_AL1'

2020-12-22 17:23:04 - [MESSAGE][PASSED] - Object 'Object Repository/VLink/Page_CCSale/txt_AL2' is present

2020-12-22 17:23:04 - [MESSAGE][PASSED] - Text 'Suite 56' is set on object 'Object Repository/VLink/Page_CCSale/txt_AL2'

2020-12-22 17:23:05 - [MESSAGE][PASSED] - Object 'Object Repository/VLink/Page_CCSale/txt_CardCity' is present

2020-12-22 17:23:05 - [MESSAGE][PASSED] - Text 'Arlington' is set on object 'Object Repository/VLink/Page_CCSale/txt_CardCity'

2020-12-22 17:23:06 - [MESSAGE][PASSED] - Object 'Object Repository/VLink/Page_CCSale/txt_CardState' is present

2020-12-22 17:23:06 - [MESSAGE][PASSED] - Text 'VA' is set on object 'Object Repository/VLink/Page_CCSale/txt_CardState'

2020-12-22 17:23:06 - [MESSAGE][PASSED] - Object 'Object Repository/VLink/Page_CCSale/txt_CardZIP' is present

2020-12-22 17:23:07 - [MESSAGE][PASSED] - Text '22201' is set on object 'Object Repository/VLink/Page_CCSale/txt_CardZIP'

2020-12-22 17:23:07 - [MESSAGE][PASSED] - Object 'Object Repository/VLink/Page_CCSale/txt_CountryID' is present

2020-12-22 17:23:08 - [MESSAGE][PASSED] - Text '840' is set on object 'Object Repository/VLink/Page_CCSale/txt_CountryID'

2020-12-22 17:23:08 - [MESSAGE][PASSED] - Object 'Object Repository/VLink/Page_CCSale/txt_Amount' is present

2020-12-22 17:23:09 - [MESSAGE][PASSED] - Text '1.50' is set on object 'Object Repository/VLink/Page_CCSale/txt_Amount'

2020-12-22 17:23:09 - [MESSAGE][PASSED] - Object 'Object Repository/VLink/Page_CCSale/txt_CardNumber' is present

2020-12-22 17:23:10 - [MESSAGE][PASSED] - Text '4111111111111111' is set on object 'Object Repository/VLink/Page_CCSale/txt_CardNumber'

2020-12-22 17:23:11 - [MESSAGE][PASSED] - Object 'Object Repository/VLink/Page_CCSale/txt_ExpMonth' is present

2020-12-22 17:23:11 - [MESSAGE][PASSED] - Text '12' is set on object 'Object Repository/VLink/Page_CCSale/txt_ExpMonth'

2020-12-22 17:23:12 - [MESSAGE][PASSED] - Object 'Object Repository/VLink/Page_CCSale/txt_ExpYear' is present

2020-12-22 17:23:12 - [MESSAGE][PASSED] - Text '2025' is set on object 'Object Repository/VLink/Page_CCSale/txt_ExpYear'

2020-12-22 17:23:13 - [MESSAGE][PASSED] - Object 'Object Repository/VLink/Page_CCSale/txt_CVV' is present

2020-12-22 17:23:13 - [MESSAGE][PASSED] - Text '' is set on object 'Object Repository/VLink/Page_CCSale/txt_CVV'

2020-12-22 17:23:13 - [MESSAGE][PASSED] - Object 'Object Repository/VLink/Page_CCSale/txt_CVVstate' is present

2020-12-22 17:23:14 - [MESSAGE][PASSED] - Text '' is set on object 'Object Repository/VLink/Page_CCSale/txt_CVVstate'

2020-12-22 17:23:14 - [MESSAGE][PASSED] - Object 'Object Repository/VLink/Page_CCSale/txt_TrackData' is present

2020-12-22 17:23:15 - [MESSAGE][PASSED] - Text '' is set on object 'Object Repository/VLink/Page_CCSale/txt_TrackData'

2020-12-22 17:23:15 - [MESSAGE][PASSED] - Object 'Object Repository/VLink/Page_CCSale/txt_Track1Data' is present

2020-12-22 17:23:16 - [MESSAGE][PASSED] - Text '' is set on object 'Object Repository/VLink/Page_CCSale/txt_Track1Data'

2020-12-22 17:23:16 - [MESSAGE][PASSED] - Object 'Object Repository/VLink/Page_CCSale/txt_Track2Data' is present

2020-12-22 17:23:17 - [MESSAGE][PASSED] - Text '' is set on object 'Object Repository/VLink/Page_CCSale/txt_Track2Data'

2020-12-22 17:23:17 - [MESSAGE][PASSED] - Object 'Object Repository/VLink/Page_CCSale/txt_POSEntryMode' is present

2020-12-22 17:23:18 - [MESSAGE][PASSED] - Text 'manual' is set on object 'Object Repository/VLink/Page_CCSale/txt_POSEntryMode'

2020-12-22 17:23:18 - [MESSAGE][PASSED] - Object 'Object Repository/VLink/Page_CCSale/txt_Email' is present

2020-12-22 17:23:19 - [MESSAGE][PASSED] - Text 'iahmed@govolution.com' is set on object 'Object Repository/VLink/Page_CCSale/txt_Email'

2020-12-22 17:23:19 - [MESSAGE][PASSED] - Object 'Object Repository/VLink/Page_CCSale/txt_OrderNumber' is present

2020-12-22 17:23:20 - [MESSAGE][PASSED] - Text '2569362' is set on object 'Object Repository/VLink/Page_CCSale/txt_OrderNumber'

2020-12-22 17:23:20 - [MESSAGE][PASSED] - Object 'Object Repository/VLink/Page_CCSale/txt_TaxAmount' is present

2020-12-22 17:23:21 - [MESSAGE][PASSED] - Text '1.15' is set on object 'Object Repository/VLink/Page_CCSale/txt_TaxAmount'

2020-12-22 17:23:21 - [MESSAGE][PASSED] - Object 'Object Repository/VLink/Page_CCSale/txt_ChargeDescription' is present

2020-12-22 17:23:22 - [MESSAGE][PASSED] - Text 'Charge Description' is set on object 'Object Repository/VLink/Page_CCSale/txt_ChargeDescription'

2020-12-22 17:23:22 - [MESSAGE][PASSED] - Object 'Object Repository/VLink/Page_CCSale/txt_CAN' is present

2020-12-22 17:23:23 - [MESSAGE][PASSED] - Text '147357' is set on object 'Object Repository/VLink/Page_CCSale/txt_CAN'

2020-12-22 17:23:23 - [MESSAGE][PASSED] - Object 'Object Repository/VLink/Page_CCSale/txt_BillPaymentIndicator' is present

2020-12-22 17:23:24 - [MESSAGE][PASSED] - Text '1' is set on object 'Object Repository/VLink/Page_CCSale/txt_BillPaymentIndicator'

2020-12-22 17:23:24 - [MESSAGE][PASSED] - Object 'Object Repository/VLink/Page_CCSale/txt_UDF1' is present

2020-12-22 17:23:25 - [MESSAGE][PASSED] - Text 'UDF Data 1' is set on object 'Object Repository/VLink/Page_CCSale/txt_UDF1'

2020-12-22 17:23:25 - [MESSAGE][PASSED] - Object 'Object Repository/VLink/Page_CCSale/txt_UDF2' is present

2020-12-22 17:23:26 - [MESSAGE][PASSED] - Text 'UDF Data 2' is set on object 'Object Repository/VLink/Page_CCSale/txt_UDF2'

2020-12-22 17:23:26 - [MESSAGE][PASSED] - Object 'Object Repository/VLink/Page_CCSale/txt_UDF3' is present

2020-12-22 17:23:27 - [MESSAGE][PASSED] - Text 'UDF Data 3' is set on object 'Object Repository/VLink/Page_CCSale/txt_UDF3'

2020-12-22 17:23:27 - [MESSAGE][PASSED] - Object 'Object Repository/VLink/Page_CCSale/txt_UDF4' is present

2020-12-22 17:23:28 - [MESSAGE][PASSED] - Text 'UDF Data 4' is set on object 'Object Repository/VLink/Page_CCSale/txt_UDF4'

2020-12-22 17:23:28 - [MESSAGE][PASSED] - Object 'Object Repository/VLink/Page_CCSale/txt_UDF5' is present

2020-12-22 17:23:29 - [MESSAGE][PASSED] - Text 'UDF Data 5' is set on object 'Object Repository/VLink/Page_CCSale/txt_UDF5'

2020-12-22 17:23:29 - [MESSAGE][PASSED] - Object 'Object Repository/VLink/Page_CCSale/txt_UDF6' is present

2020-12-22 17:23:30 - [MESSAGE][PASSED] - Text 'UDF Data 6' is set on object 'Object Repository/VLink/Page_CCSale/txt_UDF6'

2020-12-22 17:23:30 - [MESSAGE][PASSED] - Object 'Object Repository/VLink/Page_CCSale/txt_UDF7' is present

2020-12-22 17:23:31 - [MESSAGE][PASSED] - Text 'UDF Data 7' is set on object 'Object Repository/VLink/Page_CCSale/txt_UDF7'

2020-12-22 17:23:31 - [MESSAGE][PASSED] - Object 'Object Repository/VLink/Page_CCSale/txt_UDF8' is present

2020-12-22 17:23:32 - [MESSAGE][PASSED] - Text 'UDF Data 8' is set on object 'Object Repository/VLink/Page_CCSale/txt_UDF8'

2020-12-22 17:23:32 - [MESSAGE][PASSED] - Object 'Object Repository/VLink/Page_CCSale/txt_UDF9' is present

2020-12-22 17:23:33 - [MESSAGE][PASSED] - Text 'UDF Data 9' is set on object 'Object Repository/VLink/Page_CCSale/txt_UDF9'

2020-12-22 17:23:33 - [MESSAGE][PASSED] - Object 'Object Repository/VLink/Page_CCSale/txt_UDF10' is present

2020-12-22 17:23:34 - [MESSAGE][PASSED] - Text 'UDF Data 10' is set on object 'Object Repository/VLink/Page_CCSale/txt_UDF10'

2020-12-22 17:23:34 - [MESSAGE][PASSED] - Object 'Object Repository/VLink/Page_CCSale/txt_CardOnFileIndicator' is present

2020-12-22 17:23:35 - [MESSAGE][PASSED] - Text '' is set on object 'Object Repository/VLink/Page_CCSale/txt_CardOnFileIndicator'

2020-12-22 17:23:35 - [MESSAGE][PASSED] - Object 'Object Repository/VLink/Page_CCSale/txt_StoredCredentialIndicator' is present

2020-12-22 17:23:36 - [MESSAGE][PASSED] - Text '' is set on object 'Object Repository/VLink/Page_CCSale/txt_StoredCredentialIndicator'

2020-12-22 17:23:36 - [MESSAGE][PASSED] - Object 'Object Repository/VLink/Page_CCSale/txt_COFScheduledIndicator' is present

2020-12-22 17:23:37 - [MESSAGE][PASSED] - Text '' is set on object 'Object Repository/VLink/Page_CCSale/txt_COFScheduledIndicator'

2020-12-22 17:23:37 - [MESSAGE][PASSED] - Object 'Object Repository/VLink/Page_CCSale/txt_COFTransactionInitiatedBy' is present

2020-12-22 17:23:38 - [MESSAGE][PASSED] - Text '' is set on object 'Object Repository/VLink/Page_CCSale/txt_COFTransactionInitiatedBy'

2020-12-22 17:23:40 - [MESSAGE][PASSED] - Object: 'Object Repository/VLink/Page_CCSale/btn_ProcessVLinkTransaction' is clicked on

2020-12-22 17:23:45 - [MESSAGE][PASSED] - vlinkPages.saleCCPage.setDataSCC is PASSED

2020-12-22 17:23:45 - [TEST_STEP][PASSED] - if (verifyTextPresent("Transaction approved, no errors", true)): null

2020-12-22 17:23:46 - [MESSAGE][PASSED] - Text 'Transaction approved, no errors' is present on page  using regular expression

2020-12-22 17:23:46 - [TEST_STEP][PASSED] - println("Transaction Approved, no errors text is present on the Confirmation page"): null

2020-12-22 17:23:46 - [TEST_STEP][PASSED] - out.println("Pass Record Number: " + row): null

2020-12-22 17:23:46 - [TEST_STEP][PASSED] - sdfo = getText(findTestObject("Object Repository/Page_VLinkReceipt/pre_STX")): Text of object 'Object Repository/Page_VLinkReceipt/pre_STX' is: '<STX>iJmC2QgYzG5r                  12087936            0  Transaction approved, no errors                   0                                                                                  X OK1530   <ETX>'

2020-12-22 17:23:46 - [MESSAGE][PASSED] - Text of object 'Object Repository/Page_VLinkReceipt/pre_STX' is: '<STX>iJmC2QgYzG5r                  12087936            0  Transaction approved, no errors                   0                                                                                  X OK1530   <ETX>'

2020-12-22 17:23:46 - [TEST_STEP][PASSED] - out.println("sdfo: " + sdfo): null

2020-12-22 17:23:46 - [TEST_STEP][PASSED] - remID = substring(5, 35).trim(): null

2020-12-22 17:23:46 - [TEST_STEP][PASSED] - out.println("Remittance ID: " + remID): null

2020-12-22 17:23:46 - [TEST_STEP][PASSED] - traxID = substring(35, 55).trim(): null

2020-12-22 17:23:46 - [TEST_STEP][PASSED] - out.println("Transaction ID: " + traxID): null

2020-12-22 17:23:46 - [TEST_STEP][PASSED] - out.println("End Record Number: " + row): null

2020-12-22 17:23:46 - [TEST_STEP][PASSED] - closeBrowser(): Browser is closed

2020-12-22 17:23:47 - [MESSAGE][PASSED] - Browser is closed

2020-12-22 17:23:47 - [TEST_STEP][PASSED] - out.println("Begin Record Number: " + row): null

2020-12-22 17:23:47 - [TEST_STEP][PASSED] - openBrowser(VLinkURL + "authcap.html"): Browser is opened with url: 'https://dev-algorithm.govolution.com/vlinktest/QA/version_2_0/authcap.html'

2020-12-22 17:23:47 - [MESSAGE][INFO] - Starting 'Chrome' driver

2020-12-22 17:23:47 - [MESSAGE][INFO] - User set preference: ['acceptInsecureCerts', 'true']

2020-12-22 17:23:47 - [MESSAGE][INFO] - Action delay is set to 0 milliseconds

2020-12-22 17:23:50 - [MESSAGE][PASSED] - Browser is opened with url: 'https://dev-algorithm.govolution.com/vlinktest/QA/version_2_0/authcap.html'

2020-12-22 17:23:50 - [TEST_STEP][PASSED] - maximizeWindow(): Current window maximized

2020-12-22 17:23:50 - [MESSAGE][PASSED] - Current window maximized

2020-12-22 17:23:50 - [TEST_STEP][PASSED] - vlinkPages.saleCCPage.setDataSCC(row, dataFile): vlinkPages.saleCCPage.setDataSCC is PASSED

2020-12-22 17:23:52 - [MESSAGE][PASSED] - Object 'Object Repository/VLink/Page_CCSale/txt_CardNumber' is present

2020-12-22 17:23:52 - [MESSAGE][PASSED] - Object 'Object Repository/VLink/Page_CCSale/txt_TransactionType' is present

2020-12-22 17:23:53 - [MESSAGE][PASSED] - Text '104' is set on object 'Object Repository/VLink/Page_CCSale/txt_TransactionType'

2020-12-22 17:23:53 - [MESSAGE][PASSED] - Object 'Object Repository/VLink/Page_CCSale/txt_MessageVersion' is present

2020-12-22 17:23:54 - [MESSAGE][PASSED] - Text '2.0C' is set on object 'Object Repository/VLink/Page_CCSale/txt_MessageVersion'

2020-12-22 17:23:54 - [MESSAGE][PASSED] - Object 'Object Repository/VLink/Page_CCSale/txt_RemID' is present

2020-12-22 17:23:55 - [MESSAGE][PASSED] - Text 'fom9Cspme3Re' is set on object 'Object Repository/VLink/Page_CCSale/txt_RemID'

2020-12-22 17:23:55 - [MESSAGE][PASSED] - Object 'Object Repository/VLink/Page_CCSale/txt_ApplicationId' is present

2020-12-22 17:23:56 - [MESSAGE][PASSED] - Text '672' is set on object 'Object Repository/VLink/Page_CCSale/txt_ApplicationId'

2020-12-22 17:23:56 - [MESSAGE][PASSED] - Object 'Object Repository/VLink/Page_CCSale/txt_Username' is present

2020-12-22 17:23:57 - [MESSAGE][PASSED] - Text 'username' is set on object 'Object Repository/VLink/Page_CCSale/txt_Username'

2020-12-22 17:23:57 - [MESSAGE][PASSED] - Object 'Object Repository/VLink/Page_CCSale/txt_Password' is present

2020-12-22 17:23:57 - [MESSAGE][PASSED] - Text 'password' is set on object 'Object Repository/VLink/Page_CCSale/txt_Password'

2020-12-22 17:23:58 - [MESSAGE][PASSED] - Object 'Object Repository/VLink/Page_CCSale/txt_ResponseFormat' is present

2020-12-22 17:23:58 - [MESSAGE][PASSED] - Text 'fixed_width' is set on object 'Object Repository/VLink/Page_CCSale/txt_ResponseFormat'

2020-12-22 17:23:59 - [MESSAGE][PASSED] - Object 'Object Repository/VLink/Page_CCSale/txt_Category' is present

2020-12-22 17:23:59 - [MESSAGE][PASSED] - Text 'RETL' is set on object 'Object Repository/VLink/Page_CCSale/txt_Category'

2020-12-22 17:23:59 - [MESSAGE][PASSED] - Object 'Object Repository/VLink/Page_CCSale/txt_TransactionID' is present

2020-12-22 17:24:00 - [MESSAGE][PASSED] - Text '' is set on object 'Object Repository/VLink/Page_CCSale/txt_TransactionID'

2020-12-22 17:24:00 - [MESSAGE][PASSED] - Object 'Object Repository/VLink/Page_CCSale/txt_ApprovalCode' is present

2020-12-22 17:24:01 - [MESSAGE][PASSED] - Text '' is set on object 'Object Repository/VLink/Page_CCSale/txt_ApprovalCode'

2020-12-22 17:24:01 - [MESSAGE][PASSED] - Object 'Object Repository/VLink/Page_CCSale/txt_CardName' is present

2020-12-22 17:24:02 - [MESSAGE][PASSED] - Text 'Arvind Silva' is set on object 'Object Repository/VLink/Page_CCSale/txt_CardName'

2020-12-22 17:24:02 - [MESSAGE][PASSED] - Object 'Object Repository/VLink/Page_CCSale/txt_AL1' is present

2020-12-22 17:24:03 - [MESSAGE][PASSED] - Text '111 Main Ave' is set on object 'Object Repository/VLink/Page_CCSale/txt_AL1'

2020-12-22 17:24:03 - [MESSAGE][PASSED] - Object 'Object Repository/VLink/Page_CCSale/txt_AL2' is present

2020-12-22 17:24:03 - [MESSAGE][PASSED] - Text '' is set on object 'Object Repository/VLink/Page_CCSale/txt_AL2'

2020-12-22 17:24:04 - [MESSAGE][PASSED] - Object 'Object Repository/VLink/Page_CCSale/txt_CardCity' is present

2020-12-22 17:24:04 - [MESSAGE][PASSED] - Text 'Arlington' is set on object 'Object Repository/VLink/Page_CCSale/txt_CardCity'

2020-12-22 17:24:05 - [MESSAGE][PASSED] - Object 'Object Repository/VLink/Page_CCSale/txt_CardState' is present

2020-12-22 17:24:05 - [MESSAGE][PASSED] - Text 'VA' is set on object 'Object Repository/VLink/Page_CCSale/txt_CardState'

2020-12-22 17:24:06 - [MESSAGE][PASSED] - Object 'Object Repository/VLink/Page_CCSale/txt_CardZIP' is present

2020-12-22 17:24:06 - [MESSAGE][PASSED] - Text '22201' is set on object 'Object Repository/VLink/Page_CCSale/txt_CardZIP'

2020-12-22 17:24:07 - [MESSAGE][PASSED] - Object 'Object Repository/VLink/Page_CCSale/txt_CountryID' is present

2020-12-22 17:24:07 - [MESSAGE][PASSED] - Text '' is set on object 'Object Repository/VLink/Page_CCSale/txt_CountryID'

2020-12-22 17:24:08 - [MESSAGE][PASSED] - Object 'Object Repository/VLink/Page_CCSale/txt_Amount' is present

2020-12-22 17:24:08 - [MESSAGE][PASSED] - Text '2.50' is set on object 'Object Repository/VLink/Page_CCSale/txt_Amount'

2020-12-22 17:24:09 - [MESSAGE][PASSED] - Object 'Object Repository/VLink/Page_CCSale/txt_CardNumber' is present

2020-12-22 17:24:09 - [MESSAGE][PASSED] - Text '4111111111111111' is set on object 'Object Repository/VLink/Page_CCSale/txt_CardNumber'

2020-12-22 17:24:10 - [MESSAGE][PASSED] - Object 'Object Repository/VLink/Page_CCSale/txt_ExpMonth' is present

2020-12-22 17:24:10 - [MESSAGE][PASSED] - Text '01' is set on object 'Object Repository/VLink/Page_CCSale/txt_ExpMonth'

2020-12-22 17:24:11 - [MESSAGE][PASSED] - Object 'Object Repository/VLink/Page_CCSale/txt_ExpYear' is present

2020-12-22 17:24:11 - [MESSAGE][PASSED] - Text '2026' is set on object 'Object Repository/VLink/Page_CCSale/txt_ExpYear'

2020-12-22 17:24:12 - [MESSAGE][PASSED] - Object 'Object Repository/VLink/Page_CCSale/txt_CVV' is present

2020-12-22 17:24:12 - [MESSAGE][PASSED] - Text '' is set on object 'Object Repository/VLink/Page_CCSale/txt_CVV'

2020-12-22 17:24:13 - [MESSAGE][PASSED] - Object 'Object Repository/VLink/Page_CCSale/txt_CVVstate' is present

2020-12-22 17:24:13 - [MESSAGE][PASSED] - Text '' is set on object 'Object Repository/VLink/Page_CCSale/txt_CVVstate'

2020-12-22 17:24:14 - [MESSAGE][PASSED] - Object 'Object Repository/VLink/Page_CCSale/txt_TrackData' is present

2020-12-22 17:24:14 - [MESSAGE][PASSED] - Text '' is set on object 'Object Repository/VLink/Page_CCSale/txt_TrackData'

2020-12-22 17:24:15 - [MESSAGE][PASSED] - Object 'Object Repository/VLink/Page_CCSale/txt_Track1Data' is present

2020-12-22 17:24:15 - [MESSAGE][PASSED] - Text '' is set on object 'Object Repository/VLink/Page_CCSale/txt_Track1Data'

2020-12-22 17:24:16 - [MESSAGE][PASSED] - Object 'Object Repository/VLink/Page_CCSale/txt_Track2Data' is present

2020-12-22 17:24:16 - [MESSAGE][PASSED] - Text '' is set on object 'Object Repository/VLink/Page_CCSale/txt_Track2Data'

2020-12-22 17:24:17 - [MESSAGE][PASSED] - Object 'Object Repository/VLink/Page_CCSale/txt_POSEntryMode' is present

2020-12-22 17:24:17 - [MESSAGE][PASSED] - Text 'manual' is set on object 'Object Repository/VLink/Page_CCSale/txt_POSEntryMode'

2020-12-22 17:24:18 - [MESSAGE][PASSED] - Object 'Object Repository/VLink/Page_CCSale/txt_Email' is present

2020-12-22 17:24:18 - [MESSAGE][PASSED] - Text '' is set on object 'Object Repository/VLink/Page_CCSale/txt_Email'

2020-12-22 17:24:19 - [MESSAGE][PASSED] - Object 'Object Repository/VLink/Page_CCSale/txt_OrderNumber' is present

2020-12-22 17:24:19 - [MESSAGE][PASSED] - Text '' is set on object 'Object Repository/VLink/Page_CCSale/txt_OrderNumber'

2020-12-22 17:24:19 - [MESSAGE][PASSED] - Object 'Object Repository/VLink/Page_CCSale/txt_TaxAmount' is present

2020-12-22 17:24:20 - [MESSAGE][PASSED] - Text '' is set on object 'Object Repository/VLink/Page_CCSale/txt_TaxAmount'

2020-12-22 17:24:21 - [MESSAGE][PASSED] - Object 'Object Repository/VLink/Page_CCSale/txt_ChargeDescription' is present

2020-12-22 17:24:21 - [MESSAGE][PASSED] - Text '' is set on object 'Object Repository/VLink/Page_CCSale/txt_ChargeDescription'

2020-12-22 17:24:21 - [MESSAGE][PASSED] - Object 'Object Repository/VLink/Page_CCSale/txt_CAN' is present

2020-12-22 17:24:22 - [MESSAGE][PASSED] - Text '' is set on object 'Object Repository/VLink/Page_CCSale/txt_CAN'

2020-12-22 17:24:23 - [MESSAGE][PASSED] - Object 'Object Repository/VLink/Page_CCSale/txt_BillPaymentIndicator' is present

2020-12-22 17:24:23 - [MESSAGE][PASSED] - Text '' is set on object 'Object Repository/VLink/Page_CCSale/txt_BillPaymentIndicator'

2020-12-22 17:24:24 - [MESSAGE][PASSED] - Object 'Object Repository/VLink/Page_CCSale/txt_UDF1' is present

2020-12-22 17:24:24 - [MESSAGE][PASSED] - Text '' is set on object 'Object Repository/VLink/Page_CCSale/txt_UDF1'

2020-12-22 17:24:24 - [MESSAGE][PASSED] - Object 'Object Repository/VLink/Page_CCSale/txt_UDF2' is present

2020-12-22 17:24:25 - [MESSAGE][PASSED] - Text '' is set on object 'Object Repository/VLink/Page_CCSale/txt_UDF2'

2020-12-22 17:24:26 - [MESSAGE][PASSED] - Object 'Object Repository/VLink/Page_CCSale/txt_UDF3' is present

2020-12-22 17:24:26 - [MESSAGE][PASSED] - Text '' is set on object 'Object Repository/VLink/Page_CCSale/txt_UDF3'

2020-12-22 17:24:26 - [MESSAGE][PASSED] - Object 'Object Repository/VLink/Page_CCSale/txt_UDF4' is present

2020-12-22 17:24:27 - [MESSAGE][PASSED] - Text '' is set on object 'Object Repository/VLink/Page_CCSale/txt_UDF4'

2020-12-22 17:24:27 - [MESSAGE][PASSED] - Object 'Object Repository/VLink/Page_CCSale/txt_UDF5' is present

2020-12-22 17:24:28 - [MESSAGE][PASSED] - Text '' is set on object 'Object Repository/VLink/Page_CCSale/txt_UDF5'

2020-12-22 17:24:28 - [MESSAGE][PASSED] - Object 'Object Repository/VLink/Page_CCSale/txt_UDF6' is present

2020-12-22 17:24:29 - [MESSAGE][PASSED] - Text '' is set on object 'Object Repository/VLink/Page_CCSale/txt_UDF6'

2020-12-22 17:24:29 - [MESSAGE][PASSED] - Object 'Object Repository/VLink/Page_CCSale/txt_UDF7' is present

2020-12-22 17:24:30 - [MESSAGE][PASSED] - Text '' is set on object 'Object Repository/VLink/Page_CCSale/txt_UDF7'

2020-12-22 17:24:30 - [MESSAGE][PASSED] - Object 'Object Repository/VLink/Page_CCSale/txt_UDF8' is present

2020-12-22 17:24:31 - [MESSAGE][PASSED] - Text '' is set on object 'Object Repository/VLink/Page_CCSale/txt_UDF8'

2020-12-22 17:24:31 - [MESSAGE][PASSED] - Object 'Object Repository/VLink/Page_CCSale/txt_UDF9' is present

2020-12-22 17:24:32 - [MESSAGE][PASSED] - Text '' is set on object 'Object Repository/VLink/Page_CCSale/txt_UDF9'

2020-12-22 17:24:32 - [MESSAGE][PASSED] - Object 'Object Repository/VLink/Page_CCSale/txt_UDF10' is present

2020-12-22 17:24:33 - [MESSAGE][PASSED] - Text '' is set on object 'Object Repository/VLink/Page_CCSale/txt_UDF10'

2020-12-22 17:24:33 - [MESSAGE][PASSED] - Object 'Object Repository/VLink/Page_CCSale/txt_CardOnFileIndicator' is present

2020-12-22 17:24:34 - [MESSAGE][PASSED] - Text '' is set on object 'Object Repository/VLink/Page_CCSale/txt_CardOnFileIndicator'

2020-12-22 17:24:34 - [MESSAGE][PASSED] - Object 'Object Repository/VLink/Page_CCSale/txt_StoredCredentialIndicator' is present

2020-12-22 17:24:35 - [MESSAGE][PASSED] - Text '' is set on object 'Object Repository/VLink/Page_CCSale/txt_StoredCredentialIndicator'

2020-12-22 17:24:35 - [MESSAGE][PASSED] - Object 'Object Repository/VLink/Page_CCSale/txt_COFScheduledIndicator' is present

2020-12-22 17:24:36 - [MESSAGE][PASSED] - Text '' is set on object 'Object Repository/VLink/Page_CCSale/txt_COFScheduledIndicator'

2020-12-22 17:24:36 - [MESSAGE][PASSED] - Object 'Object Repository/VLink/Page_CCSale/txt_COFTransactionInitiatedBy' is present

2020-12-22 17:24:37 - [MESSAGE][PASSED] - Text '' is set on object 'Object Repository/VLink/Page_CCSale/txt_COFTransactionInitiatedBy'

2020-12-22 17:24:39 - [MESSAGE][PASSED] - Object: 'Object Repository/VLink/Page_CCSale/btn_ProcessVLinkTransaction' is clicked on

2020-12-22 17:24:44 - [MESSAGE][PASSED] - vlinkPages.saleCCPage.setDataSCC is PASSED

2020-12-22 17:24:44 - [TEST_STEP][PASSED] - if (verifyTextPresent("Transaction approved, no errors", true)): null

2020-12-22 17:24:45 - [MESSAGE][PASSED] - Text 'Transaction approved, no errors' is present on page  using regular expression

2020-12-22 17:24:45 - [TEST_STEP][PASSED] - println("Transaction Approved, no errors text is present on the Confirmation page"): null

2020-12-22 17:24:45 - [TEST_STEP][PASSED] - out.println("Pass Record Number: " + row): null

2020-12-22 17:24:45 - [TEST_STEP][PASSED] - sdfo = getText(findTestObject("Object Repository/Page_VLinkReceipt/pre_STX")): Text of object 'Object Repository/Page_VLinkReceipt/pre_STX' is: '<STX>fom9Cspme3Re                  12087937            0  Transaction approved, no errors                   0                                                                                  X OK1700   <ETX>'

2020-12-22 17:24:45 - [MESSAGE][PASSED] - Text of object 'Object Repository/Page_VLinkReceipt/pre_STX' is: '<STX>fom9Cspme3Re                  12087937            0  Transaction approved, no errors                   0                                                                                  X OK1700   <ETX>'

2020-12-22 17:24:45 - [TEST_STEP][PASSED] - out.println("sdfo: " + sdfo): null

2020-12-22 17:24:45 - [TEST_STEP][PASSED] - remID = substring(5, 35).trim(): null

2020-12-22 17:24:45 - [TEST_STEP][PASSED] - out.println("Remittance ID: " + remID): null

2020-12-22 17:24:45 - [TEST_STEP][PASSED] - traxID = substring(35, 55).trim(): null

2020-12-22 17:24:45 - [TEST_STEP][PASSED] - out.println("Transaction ID: " + traxID): null

2020-12-22 17:24:45 - [TEST_STEP][PASSED] - out.println("End Record Number: " + row): null

2020-12-22 17:24:45 - [TEST_STEP][PASSED] - closeBrowser(): Browser is closed

2020-12-22 17:24:46 - [MESSAGE][PASSED] - Browser is closed

2020-12-22 17:24:46 - [TEST_STEP][PASSED] - out.println("Begin Record Number: " + row): null

2020-12-22 17:24:46 - [TEST_STEP][PASSED] - openBrowser(VLinkURL + "authcap.html"): Browser is opened with url: 'https://dev-algorithm.govolution.com/vlinktest/QA/version_2_0/authcap.html'

2020-12-22 17:24:46 - [MESSAGE][INFO] - Starting 'Chrome' driver

2020-12-22 17:24:46 - [MESSAGE][INFO] - User set preference: ['acceptInsecureCerts', 'true']

2020-12-22 17:24:46 - [MESSAGE][INFO] - Action delay is set to 0 milliseconds

2020-12-22 17:24:49 - [MESSAGE][PASSED] - Browser is opened with url: 'https://dev-algorithm.govolution.com/vlinktest/QA/version_2_0/authcap.html'

2020-12-22 17:24:49 - [TEST_STEP][PASSED] - maximizeWindow(): Current window maximized

2020-12-22 17:24:49 - [MESSAGE][PASSED] - Current window maximized

2020-12-22 17:24:49 - [TEST_STEP][PASSED] - vlinkPages.saleCCPage.setDataSCC(row, dataFile): vlinkPages.saleCCPage.setDataSCC is PASSED

2020-12-22 17:24:51 - [MESSAGE][PASSED] - Object 'Object Repository/VLink/Page_CCSale/txt_CardNumber' is present

2020-12-22 17:24:51 - [MESSAGE][PASSED] - Object 'Object Repository/VLink/Page_CCSale/txt_TransactionType' is present

2020-12-22 17:24:52 - [MESSAGE][PASSED] - Text '104' is set on object 'Object Repository/VLink/Page_CCSale/txt_TransactionType'

2020-12-22 17:24:52 - [MESSAGE][PASSED] - Object 'Object Repository/VLink/Page_CCSale/txt_MessageVersion' is present

2020-12-22 17:24:53 - [MESSAGE][PASSED] - Text '2.0C' is set on object 'Object Repository/VLink/Page_CCSale/txt_MessageVersion'

2020-12-22 17:24:53 - [MESSAGE][PASSED] - Object 'Object Repository/VLink/Page_CCSale/txt_RemID' is present

2020-12-22 17:24:54 - [MESSAGE][PASSED] - Text 'hXeY8sbMp58q' is set on object 'Object Repository/VLink/Page_CCSale/txt_RemID'

2020-12-22 17:24:54 - [MESSAGE][PASSED] - Object 'Object Repository/VLink/Page_CCSale/txt_ApplicationId' is present

2020-12-22 17:24:54 - [MESSAGE][PASSED] - Text '677' is set on object 'Object Repository/VLink/Page_CCSale/txt_ApplicationId'

2020-12-22 17:24:55 - [MESSAGE][PASSED] - Object 'Object Repository/VLink/Page_CCSale/txt_Username' is present

2020-12-22 17:24:55 - [MESSAGE][PASSED] - Text 'username' is set on object 'Object Repository/VLink/Page_CCSale/txt_Username'

2020-12-22 17:24:56 - [MESSAGE][PASSED] - Object 'Object Repository/VLink/Page_CCSale/txt_Password' is present

2020-12-22 17:24:56 - [MESSAGE][PASSED] - Text 'password' is set on object 'Object Repository/VLink/Page_CCSale/txt_Password'

2020-12-22 17:24:56 - [MESSAGE][PASSED] - Object 'Object Repository/VLink/Page_CCSale/txt_ResponseFormat' is present

2020-12-22 17:24:57 - [MESSAGE][PASSED] - Text 'fixed_width' is set on object 'Object Repository/VLink/Page_CCSale/txt_ResponseFormat'

2020-12-22 17:24:57 - [MESSAGE][PASSED] - Object 'Object Repository/VLink/Page_CCSale/txt_Category' is present

2020-12-22 17:24:58 - [MESSAGE][PASSED] - Text 'RETL' is set on object 'Object Repository/VLink/Page_CCSale/txt_Category'

2020-12-22 17:24:58 - [MESSAGE][PASSED] - Object 'Object Repository/VLink/Page_CCSale/txt_TransactionID' is present

2020-12-22 17:24:59 - [MESSAGE][PASSED] - Text '' is set on object 'Object Repository/VLink/Page_CCSale/txt_TransactionID'

2020-12-22 17:24:59 - [MESSAGE][PASSED] - Object 'Object Repository/VLink/Page_CCSale/txt_ApprovalCode' is present

2020-12-22 17:25:00 - [MESSAGE][PASSED] - Text '' is set on object 'Object Repository/VLink/Page_CCSale/txt_ApprovalCode'

2020-12-22 17:25:00 - [MESSAGE][PASSED] - Object 'Object Repository/VLink/Page_CCSale/txt_CardName' is present

2020-12-22 17:25:00 - [MESSAGE][PASSED] - Text 'Roshan Maha' is set on object 'Object Repository/VLink/Page_CCSale/txt_CardName'

2020-12-22 17:25:01 - [MESSAGE][PASSED] - Object 'Object Repository/VLink/Page_CCSale/txt_AL1' is present

2020-12-22 17:25:01 - [MESSAGE][PASSED] - Text '12563 Bazaar road' is set on object 'Object Repository/VLink/Page_CCSale/txt_AL1'

2020-12-22 17:25:02 - [MESSAGE][PASSED] - Object 'Object Repository/VLink/Page_CCSale/txt_AL2' is present

2020-12-22 17:25:02 - [MESSAGE][PASSED] - Text '' is set on object 'Object Repository/VLink/Page_CCSale/txt_AL2'

2020-12-22 17:25:03 - [MESSAGE][PASSED] - Object 'Object Repository/VLink/Page_CCSale/txt_CardCity' is present

2020-12-22 17:25:03 - [MESSAGE][PASSED] - Text 'Crofton' is set on object 'Object Repository/VLink/Page_CCSale/txt_CardCity'

2020-12-22 17:25:04 - [MESSAGE][PASSED] - Object 'Object Repository/VLink/Page_CCSale/txt_CardState' is present

2020-12-22 17:25:04 - [MESSAGE][PASSED] - Text 'MD' is set on object 'Object Repository/VLink/Page_CCSale/txt_CardState'

2020-12-22 17:25:05 - [MESSAGE][PASSED] - Object 'Object Repository/VLink/Page_CCSale/txt_CardZIP' is present

2020-12-22 17:25:05 - [MESSAGE][PASSED] - Text '21114' is set on object 'Object Repository/VLink/Page_CCSale/txt_CardZIP'

2020-12-22 17:25:06 - [MESSAGE][PASSED] - Object 'Object Repository/VLink/Page_CCSale/txt_CountryID' is present

2020-12-22 17:25:06 - [MESSAGE][PASSED] - Text '' is set on object 'Object Repository/VLink/Page_CCSale/txt_CountryID'

2020-12-22 17:25:07 - [MESSAGE][PASSED] - Object 'Object Repository/VLink/Page_CCSale/txt_Amount' is present

2020-12-22 17:25:07 - [MESSAGE][PASSED] - Text '3.50' is set on object 'Object Repository/VLink/Page_CCSale/txt_Amount'

2020-12-22 17:25:08 - [MESSAGE][PASSED] - Object 'Object Repository/VLink/Page_CCSale/txt_CardNumber' is present

2020-12-22 17:25:08 - [MESSAGE][PASSED] - Text '4111111111111111' is set on object 'Object Repository/VLink/Page_CCSale/txt_CardNumber'

2020-12-22 17:25:09 - [MESSAGE][PASSED] - Object 'Object Repository/VLink/Page_CCSale/txt_ExpMonth' is present

2020-12-22 17:25:09 - [MESSAGE][PASSED] - Text '01' is set on object 'Object Repository/VLink/Page_CCSale/txt_ExpMonth'

2020-12-22 17:25:10 - [MESSAGE][PASSED] - Object 'Object Repository/VLink/Page_CCSale/txt_ExpYear' is present

2020-12-22 17:25:10 - [MESSAGE][PASSED] - Text '2026' is set on object 'Object Repository/VLink/Page_CCSale/txt_ExpYear'

2020-12-22 17:25:10 - [MESSAGE][PASSED] - Object 'Object Repository/VLink/Page_CCSale/txt_CVV' is present

2020-12-22 17:25:11 - [MESSAGE][PASSED] - Text '' is set on object 'Object Repository/VLink/Page_CCSale/txt_CVV'

2020-12-22 17:25:11 - [MESSAGE][PASSED] - Object 'Object Repository/VLink/Page_CCSale/txt_CVVstate' is present

2020-12-22 17:25:12 - [MESSAGE][PASSED] - Text '' is set on object 'Object Repository/VLink/Page_CCSale/txt_CVVstate'

2020-12-22 17:25:12 - [MESSAGE][PASSED] - Object 'Object Repository/VLink/Page_CCSale/txt_TrackData' is present

2020-12-22 17:25:13 - [MESSAGE][PASSED] - Text '' is set on object 'Object Repository/VLink/Page_CCSale/txt_TrackData'

2020-12-22 17:25:13 - [MESSAGE][PASSED] - Object 'Object Repository/VLink/Page_CCSale/txt_Track1Data' is present

2020-12-22 17:25:14 - [MESSAGE][PASSED] - Text '' is set on object 'Object Repository/VLink/Page_CCSale/txt_Track1Data'

2020-12-22 17:25:14 - [MESSAGE][PASSED] - Object 'Object Repository/VLink/Page_CCSale/txt_Track2Data' is present

2020-12-22 17:25:15 - [MESSAGE][PASSED] - Text '' is set on object 'Object Repository/VLink/Page_CCSale/txt_Track2Data'

2020-12-22 17:25:15 - [MESSAGE][PASSED] - Object 'Object Repository/VLink/Page_CCSale/txt_POSEntryMode' is present

2020-12-22 17:25:16 - [MESSAGE][PASSED] - Text 'manual' is set on object 'Object Repository/VLink/Page_CCSale/txt_POSEntryMode'

2020-12-22 17:25:16 - [MESSAGE][PASSED] - Object 'Object Repository/VLink/Page_CCSale/txt_Email' is present

2020-12-22 17:25:17 - [MESSAGE][PASSED] - Text '' is set on object 'Object Repository/VLink/Page_CCSale/txt_Email'

2020-12-22 17:25:17 - [MESSAGE][PASSED] - Object 'Object Repository/VLink/Page_CCSale/txt_OrderNumber' is present

2020-12-22 17:25:18 - [MESSAGE][PASSED] - Text '' is set on object 'Object Repository/VLink/Page_CCSale/txt_OrderNumber'

2020-12-22 17:25:18 - [MESSAGE][PASSED] - Object 'Object Repository/VLink/Page_CCSale/txt_TaxAmount' is present

2020-12-22 17:25:19 - [MESSAGE][PASSED] - Text '' is set on object 'Object Repository/VLink/Page_CCSale/txt_TaxAmount'

2020-12-22 17:25:19 - [MESSAGE][PASSED] - Object 'Object Repository/VLink/Page_CCSale/txt_ChargeDescription' is present

2020-12-22 17:25:20 - [MESSAGE][PASSED] - Text '' is set on object 'Object Repository/VLink/Page_CCSale/txt_ChargeDescription'

2020-12-22 17:25:20 - [MESSAGE][PASSED] - Object 'Object Repository/VLink/Page_CCSale/txt_CAN' is present

2020-12-22 17:25:21 - [MESSAGE][PASSED] - Text '' is set on object 'Object Repository/VLink/Page_CCSale/txt_CAN'

2020-12-22 17:25:21 - [MESSAGE][PASSED] - Object 'Object Repository/VLink/Page_CCSale/txt_BillPaymentIndicator' is present

2020-12-22 17:25:22 - [MESSAGE][PASSED] - Text '' is set on object 'Object Repository/VLink/Page_CCSale/txt_BillPaymentIndicator'

2020-12-22 17:25:22 - [MESSAGE][PASSED] - Object 'Object Repository/VLink/Page_CCSale/txt_UDF1' is present

2020-12-22 17:25:23 - [MESSAGE][PASSED] - Text '' is set on object 'Object Repository/VLink/Page_CCSale/txt_UDF1'

2020-12-22 17:25:23 - [MESSAGE][PASSED] - Object 'Object Repository/VLink/Page_CCSale/txt_UDF2' is present

2020-12-22 17:25:24 - [MESSAGE][PASSED] - Text '' is set on object 'Object Repository/VLink/Page_CCSale/txt_UDF2'

2020-12-22 17:25:24 - [MESSAGE][PASSED] - Object 'Object Repository/VLink/Page_CCSale/txt_UDF3' is present

2020-12-22 17:25:25 - [MESSAGE][PASSED] - Text '' is set on object 'Object Repository/VLink/Page_CCSale/txt_UDF3'

2020-12-22 17:25:25 - [MESSAGE][PASSED] - Object 'Object Repository/VLink/Page_CCSale/txt_UDF4' is present

2020-12-22 17:25:26 - [MESSAGE][PASSED] - Text '' is set on object 'Object Repository/VLink/Page_CCSale/txt_UDF4'

2020-12-22 17:25:26 - [MESSAGE][PASSED] - Object 'Object Repository/VLink/Page_CCSale/txt_UDF5' is present

2020-12-22 17:25:27 - [MESSAGE][PASSED] - Text '' is set on object 'Object Repository/VLink/Page_CCSale/txt_UDF5'

2020-12-22 17:25:27 - [MESSAGE][PASSED] - Object 'Object Repository/VLink/Page_CCSale/txt_UDF6' is present

2020-12-22 17:25:28 - [MESSAGE][PASSED] - Text '' is set on object 'Object Repository/VLink/Page_CCSale/txt_UDF6'

2020-12-22 17:25:28 - [MESSAGE][PASSED] - Object 'Object Repository/VLink/Page_CCSale/txt_UDF7' is present

2020-12-22 17:25:29 - [MESSAGE][PASSED] - Text '' is set on object 'Object Repository/VLink/Page_CCSale/txt_UDF7'

2020-12-22 17:25:29 - [MESSAGE][PASSED] - Object 'Object Repository/VLink/Page_CCSale/txt_UDF8' is present

2020-12-22 17:25:30 - [MESSAGE][PASSED] - Text '' is set on object 'Object Repository/VLink/Page_CCSale/txt_UDF8'

2020-12-22 17:25:30 - [MESSAGE][PASSED] - Object 'Object Repository/VLink/Page_CCSale/txt_UDF9' is present

2020-12-22 17:25:31 - [MESSAGE][PASSED] - Text '' is set on object 'Object Repository/VLink/Page_CCSale/txt_UDF9'

2020-12-22 17:25:31 - [MESSAGE][PASSED] - Object 'Object Repository/VLink/Page_CCSale/txt_UDF10' is present

2020-12-22 17:25:32 - [MESSAGE][PASSED] - Text '' is set on object 'Object Repository/VLink/Page_CCSale/txt_UDF10'

2020-12-22 17:25:32 - [MESSAGE][PASSED] - Object 'Object Repository/VLink/Page_CCSale/txt_CardOnFileIndicator' is present

2020-12-22 17:25:33 - [MESSAGE][PASSED] - Text '' is set on object 'Object Repository/VLink/Page_CCSale/txt_CardOnFileIndicator'

2020-12-22 17:25:33 - [MESSAGE][PASSED] - Object 'Object Repository/VLink/Page_CCSale/txt_StoredCredentialIndicator' is present

2020-12-22 17:25:34 - [MESSAGE][PASSED] - Text '' is set on object 'Object Repository/VLink/Page_CCSale/txt_StoredCredentialIndicator'

2020-12-22 17:25:34 - [MESSAGE][PASSED] - Object 'Object Repository/VLink/Page_CCSale/txt_COFScheduledIndicator' is present

2020-12-22 17:25:35 - [MESSAGE][PASSED] - Text '' is set on object 'Object Repository/VLink/Page_CCSale/txt_COFScheduledIndicator'

2020-12-22 17:25:35 - [MESSAGE][PASSED] - Object 'Object Repository/VLink/Page_CCSale/txt_COFTransactionInitiatedBy' is present

2020-12-22 17:25:36 - [MESSAGE][PASSED] - Text '' is set on object 'Object Repository/VLink/Page_CCSale/txt_COFTransactionInitiatedBy'

2020-12-22 17:25:38 - [MESSAGE][PASSED] - Object: 'Object Repository/VLink/Page_CCSale/btn_ProcessVLinkTransaction' is clicked on

2020-12-22 17:25:43 - [MESSAGE][PASSED] - vlinkPages.saleCCPage.setDataSCC is PASSED

2020-12-22 17:25:43 - [TEST_STEP][PASSED] - if (verifyTextPresent("Transaction approved, no errors", true)): null

2020-12-22 17:25:44 - [MESSAGE][PASSED] - Text 'Transaction approved, no errors' is present on page  using regular expression

2020-12-22 17:25:44 - [TEST_STEP][PASSED] - println("Transaction Approved, no errors text is present on the Confirmation page"): null

2020-12-22 17:25:44 - [TEST_STEP][PASSED] - out.println("Pass Record Number: " + row): null

2020-12-22 17:25:44 - [TEST_STEP][PASSED] - sdfo = getText(findTestObject("Object Repository/Page_VLinkReceipt/pre_STX")): Text of object 'Object Repository/Page_VLinkReceipt/pre_STX' is: '<STX>hXeY8sbMp58q                  12087938            0  Transaction approved, no errors                   0                                                                                  X OK1810   <ETX>'

2020-12-22 17:25:44 - [MESSAGE][PASSED] - Text of object 'Object Repository/Page_VLinkReceipt/pre_STX' is: '<STX>hXeY8sbMp58q                  12087938            0  Transaction approved, no errors                   0                                                                                  X OK1810   <ETX>'

2020-12-22 17:25:44 - [TEST_STEP][PASSED] - out.println("sdfo: " + sdfo): null

2020-12-22 17:25:44 - [TEST_STEP][PASSED] - remID = substring(5, 35).trim(): null

2020-12-22 17:25:44 - [TEST_STEP][PASSED] - out.println("Remittance ID: " + remID): null

2020-12-22 17:25:44 - [TEST_STEP][PASSED] - traxID = substring(35, 55).trim(): null

2020-12-22 17:25:44 - [TEST_STEP][PASSED] - out.println("Transaction ID: " + traxID): null

2020-12-22 17:25:44 - [TEST_STEP][PASSED] - out.println("End Record Number: " + row): null

2020-12-22 17:25:44 - [TEST_STEP][PASSED] - closeBrowser(): Browser is closed

2020-12-22 17:25:45 - [MESSAGE][PASSED] - Browser is closed

2020-12-22 17:25:45 - [TEST_STEP][PASSED] - out.println("Begin Record Number: " + row): null

2020-12-22 17:25:45 - [TEST_STEP][PASSED] - openBrowser(VLinkURL + "authcap.html"): Browser is opened with url: 'https://dev-algorithm.govolution.com/vlinktest/QA/version_2_0/authcap.html'

2020-12-22 17:25:45 - [MESSAGE][INFO] - Starting 'Chrome' driver

2020-12-22 17:25:45 - [MESSAGE][INFO] - User set preference: ['acceptInsecureCerts', 'true']

2020-12-22 17:25:45 - [MESSAGE][INFO] - Action delay is set to 0 milliseconds

2020-12-22 17:25:49 - [MESSAGE][PASSED] - Browser is opened with url: 'https://dev-algorithm.govolution.com/vlinktest/QA/version_2_0/authcap.html'

2020-12-22 17:25:49 - [TEST_STEP][PASSED] - maximizeWindow(): Current window maximized

2020-12-22 17:25:49 - [MESSAGE][PASSED] - Current window maximized

2020-12-22 17:25:49 - [TEST_STEP][PASSED] - vlinkPages.saleCCPage.setDataSCC(row, dataFile): vlinkPages.saleCCPage.setDataSCC is PASSED

2020-12-22 17:25:50 - [MESSAGE][PASSED] - Object 'Object Repository/VLink/Page_CCSale/txt_CardNumber' is present

2020-12-22 17:25:51 - [MESSAGE][PASSED] - Object 'Object Repository/VLink/Page_CCSale/txt_TransactionType' is present

2020-12-22 17:25:51 - [MESSAGE][PASSED] - Text '104' is set on object 'Object Repository/VLink/Page_CCSale/txt_TransactionType'

2020-12-22 17:25:52 - [MESSAGE][PASSED] - Object 'Object Repository/VLink/Page_CCSale/txt_MessageVersion' is present

2020-12-22 17:25:52 - [MESSAGE][PASSED] - Text '2.0C' is set on object 'Object Repository/VLink/Page_CCSale/txt_MessageVersion'

2020-12-22 17:25:52 - [MESSAGE][PASSED] - Object 'Object Repository/VLink/Page_CCSale/txt_RemID' is present

2020-12-22 17:25:53 - [MESSAGE][PASSED] - Text 'a85lIuoARPOm' is set on object 'Object Repository/VLink/Page_CCSale/txt_RemID'

2020-12-22 17:25:53 - [MESSAGE][PASSED] - Object 'Object Repository/VLink/Page_CCSale/txt_ApplicationId' is present

2020-12-22 17:25:54 - [MESSAGE][PASSED] - Text '665' is set on object 'Object Repository/VLink/Page_CCSale/txt_ApplicationId'

2020-12-22 17:25:54 - [MESSAGE][PASSED] - Object 'Object Repository/VLink/Page_CCSale/txt_Username' is present

2020-12-22 17:25:55 - [MESSAGE][PASSED] - Text 'username' is set on object 'Object Repository/VLink/Page_CCSale/txt_Username'

2020-12-22 17:25:55 - [MESSAGE][PASSED] - Object 'Object Repository/VLink/Page_CCSale/txt_Password' is present

2020-12-22 17:25:56 - [MESSAGE][PASSED] - Text 'password' is set on object 'Object Repository/VLink/Page_CCSale/txt_Password'

2020-12-22 17:25:56 - [MESSAGE][PASSED] - Object 'Object Repository/VLink/Page_CCSale/txt_ResponseFormat' is present

2020-12-22 17:25:57 - [MESSAGE][PASSED] - Text 'fixed_width' is set on object 'Object Repository/VLink/Page_CCSale/txt_ResponseFormat'

2020-12-22 17:25:57 - [MESSAGE][PASSED] - Object 'Object Repository/VLink/Page_CCSale/txt_Category' is present

2020-12-22 17:25:58 - [MESSAGE][PASSED] - Text 'RETL' is set on object 'Object Repository/VLink/Page_CCSale/txt_Category'

2020-12-22 17:25:58 - [MESSAGE][PASSED] - Object 'Object Repository/VLink/Page_CCSale/txt_TransactionID' is present

2020-12-22 17:25:59 - [MESSAGE][PASSED] - Text '' is set on object 'Object Repository/VLink/Page_CCSale/txt_TransactionID'

2020-12-22 17:25:59 - [MESSAGE][PASSED] - Object 'Object Repository/VLink/Page_CCSale/txt_ApprovalCode' is present

2020-12-22 17:26:00 - [MESSAGE][PASSED] - Text '' is set on object 'Object Repository/VLink/Page_CCSale/txt_ApprovalCode'

2020-12-22 17:26:00 - [MESSAGE][PASSED] - Object 'Object Repository/VLink/Page_CCSale/txt_CardName' is present

2020-12-22 17:26:00 - [MESSAGE][PASSED] - Text 'Kris Roshan' is set on object 'Object Repository/VLink/Page_CCSale/txt_CardName'

2020-12-22 17:26:01 - [MESSAGE][PASSED] - Object 'Object Repository/VLink/Page_CCSale/txt_AL1' is present

2020-12-22 17:26:02 - [MESSAGE][PASSED] - Text '258 Elm Road' is set on object 'Object Repository/VLink/Page_CCSale/txt_AL1'

2020-12-22 17:26:02 - [MESSAGE][PASSED] - Object 'Object Repository/VLink/Page_CCSale/txt_AL2' is present

2020-12-22 17:26:03 - [MESSAGE][PASSED] - Text 'Suite 56' is set on object 'Object Repository/VLink/Page_CCSale/txt_AL2'

2020-12-22 17:26:03 - [MESSAGE][PASSED] - Object 'Object Repository/VLink/Page_CCSale/txt_CardCity' is present

2020-12-22 17:26:04 - [MESSAGE][PASSED] - Text 'Arlington' is set on object 'Object Repository/VLink/Page_CCSale/txt_CardCity'

2020-12-22 17:26:04 - [MESSAGE][PASSED] - Object 'Object Repository/VLink/Page_CCSale/txt_CardState' is present

2020-12-22 17:26:05 - [MESSAGE][PASSED] - Text 'VA' is set on object 'Object Repository/VLink/Page_CCSale/txt_CardState'

2020-12-22 17:26:05 - [MESSAGE][PASSED] - Object 'Object Repository/VLink/Page_CCSale/txt_CardZIP' is present

2020-12-22 17:26:06 - [MESSAGE][PASSED] - Text '22201' is set on object 'Object Repository/VLink/Page_CCSale/txt_CardZIP'

2020-12-22 17:26:06 - [MESSAGE][PASSED] - Object 'Object Repository/VLink/Page_CCSale/txt_CountryID' is present

2020-12-22 17:26:07 - [MESSAGE][PASSED] - Text '840' is set on object 'Object Repository/VLink/Page_CCSale/txt_CountryID'

2020-12-22 17:26:07 - [MESSAGE][PASSED] - Object 'Object Repository/VLink/Page_CCSale/txt_Amount' is present

2020-12-22 17:26:08 - [MESSAGE][PASSED] - Text '1.50' is set on object 'Object Repository/VLink/Page_CCSale/txt_Amount'

2020-12-22 17:26:08 - [MESSAGE][PASSED] - Object 'Object Repository/VLink/Page_CCSale/txt_CardNumber' is present

2020-12-22 17:26:09 - [MESSAGE][PASSED] - Text '5424000000000015' is set on object 'Object Repository/VLink/Page_CCSale/txt_CardNumber'

2020-12-22 17:26:09 - [MESSAGE][PASSED] - Object 'Object Repository/VLink/Page_CCSale/txt_ExpMonth' is present

2020-12-22 17:26:10 - [MESSAGE][PASSED] - Text '12' is set on object 'Object Repository/VLink/Page_CCSale/txt_ExpMonth'

2020-12-22 17:26:10 - [MESSAGE][PASSED] - Object 'Object Repository/VLink/Page_CCSale/txt_ExpYear' is present

2020-12-22 17:26:11 - [MESSAGE][PASSED] - Text '2025' is set on object 'Object Repository/VLink/Page_CCSale/txt_ExpYear'

2020-12-22 17:26:11 - [MESSAGE][PASSED] - Object 'Object Repository/VLink/Page_CCSale/txt_CVV' is present

2020-12-22 17:26:12 - [MESSAGE][PASSED] - Text '' is set on object 'Object Repository/VLink/Page_CCSale/txt_CVV'

2020-12-22 17:26:12 - [MESSAGE][PASSED] - Object 'Object Repository/VLink/Page_CCSale/txt_CVVstate' is present

2020-12-22 17:26:13 - [MESSAGE][PASSED] - Text '' is set on object 'Object Repository/VLink/Page_CCSale/txt_CVVstate'

2020-12-22 17:26:13 - [MESSAGE][PASSED] - Object 'Object Repository/VLink/Page_CCSale/txt_TrackData' is present

2020-12-22 17:26:14 - [MESSAGE][PASSED] - Text '' is set on object 'Object Repository/VLink/Page_CCSale/txt_TrackData'

2020-12-22 17:26:14 - [MESSAGE][PASSED] - Object 'Object Repository/VLink/Page_CCSale/txt_Track1Data' is present

2020-12-22 17:26:15 - [MESSAGE][PASSED] - Text '' is set on object 'Object Repository/VLink/Page_CCSale/txt_Track1Data'

2020-12-22 17:26:15 - [MESSAGE][PASSED] - Object 'Object Repository/VLink/Page_CCSale/txt_Track2Data' is present

2020-12-22 17:26:15 - [MESSAGE][PASSED] - Text '' is set on object 'Object Repository/VLink/Page_CCSale/txt_Track2Data'

2020-12-22 17:26:16 - [MESSAGE][PASSED] - Object 'Object Repository/VLink/Page_CCSale/txt_POSEntryMode' is present

2020-12-22 17:26:16 - [MESSAGE][PASSED] - Text 'manual' is set on object 'Object Repository/VLink/Page_CCSale/txt_POSEntryMode'

2020-12-22 17:26:17 - [MESSAGE][PASSED] - Object 'Object Repository/VLink/Page_CCSale/txt_Email' is present

2020-12-22 17:26:18 - [MESSAGE][PASSED] - Text 'iahmed@govolution.com' is set on object 'Object Repository/VLink/Page_CCSale/txt_Email'

2020-12-22 17:26:18 - [MESSAGE][PASSED] - Object 'Object Repository/VLink/Page_CCSale/txt_OrderNumber' is present

2020-12-22 17:26:19 - [MESSAGE][PASSED] - Text '2569362' is set on object 'Object Repository/VLink/Page_CCSale/txt_OrderNumber'

2020-12-22 17:26:19 - [MESSAGE][PASSED] - Object 'Object Repository/VLink/Page_CCSale/txt_TaxAmount' is present

2020-12-22 17:26:20 - [MESSAGE][PASSED] - Text '1.15' is set on object 'Object Repository/VLink/Page_CCSale/txt_TaxAmount'

2020-12-22 17:26:20 - [MESSAGE][PASSED] - Object 'Object Repository/VLink/Page_CCSale/txt_ChargeDescription' is present

2020-12-22 17:26:21 - [MESSAGE][PASSED] - Text 'Charge Description' is set on object 'Object Repository/VLink/Page_CCSale/txt_ChargeDescription'

2020-12-22 17:26:21 - [MESSAGE][PASSED] - Object 'Object Repository/VLink/Page_CCSale/txt_CAN' is present

2020-12-22 17:26:22 - [MESSAGE][PASSED] - Text '147357' is set on object 'Object Repository/VLink/Page_CCSale/txt_CAN'

2020-12-22 17:26:22 - [MESSAGE][PASSED] - Object 'Object Repository/VLink/Page_CCSale/txt_BillPaymentIndicator' is present

2020-12-22 17:26:22 - [MESSAGE][PASSED] - Text '1' is set on object 'Object Repository/VLink/Page_CCSale/txt_BillPaymentIndicator'

2020-12-22 17:26:23 - [MESSAGE][PASSED] - Object 'Object Repository/VLink/Page_CCSale/txt_UDF1' is present

2020-12-22 17:26:23 - [MESSAGE][PASSED] - Text 'UDF Data 1' is set on object 'Object Repository/VLink/Page_CCSale/txt_UDF1'

2020-12-22 17:26:24 - [MESSAGE][PASSED] - Object 'Object Repository/VLink/Page_CCSale/txt_UDF2' is present

2020-12-22 17:26:24 - [MESSAGE][PASSED] - Text 'UDF Data 2' is set on object 'Object Repository/VLink/Page_CCSale/txt_UDF2'

2020-12-22 17:26:25 - [MESSAGE][PASSED] - Object 'Object Repository/VLink/Page_CCSale/txt_UDF3' is present

2020-12-22 17:26:25 - [MESSAGE][PASSED] - Text 'UDF Data 3' is set on object 'Object Repository/VLink/Page_CCSale/txt_UDF3'

2020-12-22 17:26:26 - [MESSAGE][PASSED] - Object 'Object Repository/VLink/Page_CCSale/txt_UDF4' is present

2020-12-22 17:26:26 - [MESSAGE][PASSED] - Text 'UDF Data 4' is set on object 'Object Repository/VLink/Page_CCSale/txt_UDF4'

2020-12-22 17:26:27 - [MESSAGE][PASSED] - Object 'Object Repository/VLink/Page_CCSale/txt_UDF5' is present

2020-12-22 17:26:27 - [MESSAGE][PASSED] - Text 'UDF Data 5' is set on object 'Object Repository/VLink/Page_CCSale/txt_UDF5'

2020-12-22 17:26:28 - [MESSAGE][PASSED] - Object 'Object Repository/VLink/Page_CCSale/txt_UDF6' is present

2020-12-22 17:26:28 - [MESSAGE][PASSED] - Text 'UDF Data 6' is set on object 'Object Repository/VLink/Page_CCSale/txt_UDF6'

2020-12-22 17:26:29 - [MESSAGE][PASSED] - Object 'Object Repository/VLink/Page_CCSale/txt_UDF7' is present

2020-12-22 17:26:29 - [MESSAGE][PASSED] - Text 'UDF Data 7' is set on object 'Object Repository/VLink/Page_CCSale/txt_UDF7'

2020-12-22 17:26:30 - [MESSAGE][PASSED] - Object 'Object Repository/VLink/Page_CCSale/txt_UDF8' is present

2020-12-22 17:26:30 - [MESSAGE][PASSED] - Text 'UDF Data 8' is set on object 'Object Repository/VLink/Page_CCSale/txt_UDF8'

2020-12-22 17:26:31 - [MESSAGE][PASSED] - Object 'Object Repository/VLink/Page_CCSale/txt_UDF9' is present

2020-12-22 17:26:31 - [MESSAGE][PASSED] - Text 'UDF Data 9' is set on object 'Object Repository/VLink/Page_CCSale/txt_UDF9'

2020-12-22 17:26:32 - [MESSAGE][PASSED] - Object 'Object Repository/VLink/Page_CCSale/txt_UDF10' is present

2020-12-22 17:26:32 - [MESSAGE][PASSED] - Text 'UDF Data 10' is set on object 'Object Repository/VLink/Page_CCSale/txt_UDF10'

2020-12-22 17:26:33 - [MESSAGE][PASSED] - Object 'Object Repository/VLink/Page_CCSale/txt_CardOnFileIndicator' is present

2020-12-22 17:26:33 - [MESSAGE][PASSED] - Text '' is set on object 'Object Repository/VLink/Page_CCSale/txt_CardOnFileIndicator'

2020-12-22 17:26:34 - [MESSAGE][PASSED] - Object 'Object Repository/VLink/Page_CCSale/txt_StoredCredentialIndicator' is present

2020-12-22 17:26:34 - [MESSAGE][PASSED] - Text '' is set on object 'Object Repository/VLink/Page_CCSale/txt_StoredCredentialIndicator'

2020-12-22 17:26:35 - [MESSAGE][PASSED] - Object 'Object Repository/VLink/Page_CCSale/txt_COFScheduledIndicator' is present

2020-12-22 17:26:35 - [MESSAGE][PASSED] - Text '' is set on object 'Object Repository/VLink/Page_CCSale/txt_COFScheduledIndicator'

2020-12-22 17:26:36 - [MESSAGE][PASSED] - Object 'Object Repository/VLink/Page_CCSale/txt_COFTransactionInitiatedBy' is present

2020-12-22 17:26:36 - [MESSAGE][PASSED] - Text '' is set on object 'Object Repository/VLink/Page_CCSale/txt_COFTransactionInitiatedBy'

2020-12-22 17:26:39 - [MESSAGE][PASSED] - Object: 'Object Repository/VLink/Page_CCSale/btn_ProcessVLinkTransaction' is clicked on

2020-12-22 17:26:44 - [MESSAGE][PASSED] - vlinkPages.saleCCPage.setDataSCC is PASSED

2020-12-22 17:26:44 - [TEST_STEP][PASSED] - if (verifyTextPresent("Transaction approved, no errors", true)): null

2020-12-22 17:26:44 - [MESSAGE][PASSED] - Text 'Transaction approved, no errors' is present on page  using regular expression

2020-12-22 17:26:44 - [TEST_STEP][PASSED] - println("Transaction Approved, no errors text is present on the Confirmation page"): null

2020-12-22 17:26:44 - [TEST_STEP][PASSED] - out.println("Pass Record Number: " + row): null

2020-12-22 17:26:44 - [TEST_STEP][PASSED] - sdfo = getText(findTestObject("Object Repository/Page_VLinkReceipt/pre_STX")): Text of object 'Object Repository/Page_VLinkReceipt/pre_STX' is: '<STX>a85lIuoARPOm                  12087940            0  Transaction approved, no errors                   0                                                                                  X OK1950   <ETX>'

2020-12-22 17:26:44 - [MESSAGE][PASSED] - Text of object 'Object Repository/Page_VLinkReceipt/pre_STX' is: '<STX>a85lIuoARPOm                  12087940            0  Transaction approved, no errors                   0                                                                                  X OK1950   <ETX>'

2020-12-22 17:26:44 - [TEST_STEP][PASSED] - out.println("sdfo: " + sdfo): null

2020-12-22 17:26:44 - [TEST_STEP][PASSED] - remID = substring(5, 35).trim(): null

2020-12-22 17:26:44 - [TEST_STEP][PASSED] - out.println("Remittance ID: " + remID): null

2020-12-22 17:26:44 - [TEST_STEP][PASSED] - traxID = substring(35, 55).trim(): null

2020-12-22 17:26:44 - [TEST_STEP][PASSED] - out.println("Transaction ID: " + traxID): null

2020-12-22 17:26:44 - [TEST_STEP][PASSED] - out.println("End Record Number: " + row): null

2020-12-22 17:26:44 - [TEST_STEP][PASSED] - closeBrowser(): Browser is closed

2020-12-22 17:26:45 - [MESSAGE][PASSED] - Browser is closed

2020-12-22 17:26:45 - [TEST_STEP][PASSED] - out.println("Begin Record Number: " + row): null

2020-12-22 17:26:45 - [TEST_STEP][PASSED] - openBrowser(VLinkURL + "authcap.html"): Browser is opened with url: 'https://dev-algorithm.govolution.com/vlinktest/QA/version_2_0/authcap.html'

2020-12-22 17:26:45 - [MESSAGE][INFO] - Starting 'Chrome' driver

2020-12-22 17:26:45 - [MESSAGE][INFO] - User set preference: ['acceptInsecureCerts', 'true']

2020-12-22 17:26:45 - [MESSAGE][INFO] - Action delay is set to 0 milliseconds

2020-12-22 17:26:49 - [MESSAGE][PASSED] - Browser is opened with url: 'https://dev-algorithm.govolution.com/vlinktest/QA/version_2_0/authcap.html'

2020-12-22 17:26:49 - [TEST_STEP][PASSED] - maximizeWindow(): Current window maximized

2020-12-22 17:26:49 - [MESSAGE][PASSED] - Current window maximized

2020-12-22 17:26:49 - [TEST_STEP][PASSED] - vlinkPages.saleCCPage.setDataSCC(row, dataFile): vlinkPages.saleCCPage.setDataSCC is PASSED

2020-12-22 17:26:50 - [MESSAGE][PASSED] - Object 'Object Repository/VLink/Page_CCSale/txt_CardNumber' is present

2020-12-22 17:26:50 - [MESSAGE][PASSED] - Object 'Object Repository/VLink/Page_CCSale/txt_TransactionType' is present

2020-12-22 17:26:51 - [MESSAGE][PASSED] - Text '104' is set on object 'Object Repository/VLink/Page_CCSale/txt_TransactionType'

2020-12-22 17:26:51 - [MESSAGE][PASSED] - Object 'Object Repository/VLink/Page_CCSale/txt_MessageVersion' is present

2020-12-22 17:26:52 - [MESSAGE][PASSED] - Text '2.0C' is set on object 'Object Repository/VLink/Page_CCSale/txt_MessageVersion'

2020-12-22 17:26:52 - [MESSAGE][PASSED] - Object 'Object Repository/VLink/Page_CCSale/txt_RemID' is present

2020-12-22 17:26:53 - [MESSAGE][PASSED] - Text 'Xs4Xbgl25n13' is set on object 'Object Repository/VLink/Page_CCSale/txt_RemID'

2020-12-22 17:26:53 - [MESSAGE][PASSED] - Object 'Object Repository/VLink/Page_CCSale/txt_ApplicationId' is present

2020-12-22 17:26:54 - [MESSAGE][PASSED] - Text '672' is set on object 'Object Repository/VLink/Page_CCSale/txt_ApplicationId'

2020-12-22 17:26:54 - [MESSAGE][PASSED] - Object 'Object Repository/VLink/Page_CCSale/txt_Username' is present

2020-12-22 17:26:55 - [MESSAGE][PASSED] - Text 'username' is set on object 'Object Repository/VLink/Page_CCSale/txt_Username'

2020-12-22 17:26:55 - [MESSAGE][PASSED] - Object 'Object Repository/VLink/Page_CCSale/txt_Password' is present

2020-12-22 17:26:55 - [MESSAGE][PASSED] - Text 'password' is set on object 'Object Repository/VLink/Page_CCSale/txt_Password'

2020-12-22 17:26:56 - [MESSAGE][PASSED] - Object 'Object Repository/VLink/Page_CCSale/txt_ResponseFormat' is present

2020-12-22 17:26:56 - [MESSAGE][PASSED] - Text 'fixed_width' is set on object 'Object Repository/VLink/Page_CCSale/txt_ResponseFormat'

2020-12-22 17:26:57 - [MESSAGE][PASSED] - Object 'Object Repository/VLink/Page_CCSale/txt_Category' is present

2020-12-22 17:26:57 - [MESSAGE][PASSED] - Text 'RETL' is set on object 'Object Repository/VLink/Page_CCSale/txt_Category'

2020-12-22 17:26:57 - [MESSAGE][PASSED] - Object 'Object Repository/VLink/Page_CCSale/txt_TransactionID' is present

2020-12-22 17:26:58 - [MESSAGE][PASSED] - Text '' is set on object 'Object Repository/VLink/Page_CCSale/txt_TransactionID'

2020-12-22 17:26:58 - [MESSAGE][PASSED] - Object 'Object Repository/VLink/Page_CCSale/txt_ApprovalCode' is present

2020-12-22 17:26:59 - [MESSAGE][PASSED] - Text '' is set on object 'Object Repository/VLink/Page_CCSale/txt_ApprovalCode'

2020-12-22 17:26:59 - [MESSAGE][PASSED] - Object 'Object Repository/VLink/Page_CCSale/txt_CardName' is present

2020-12-22 17:27:00 - [MESSAGE][PASSED] - Text 'Arvind Silva' is set on object 'Object Repository/VLink/Page_CCSale/txt_CardName'

2020-12-22 17:27:00 - [MESSAGE][PASSED] - Object 'Object Repository/VLink/Page_CCSale/txt_AL1' is present

2020-12-22 17:27:01 - [MESSAGE][PASSED] - Text '111 Main Ave' is set on object 'Object Repository/VLink/Page_CCSale/txt_AL1'

2020-12-22 17:27:01 - [MESSAGE][PASSED] - Object 'Object Repository/VLink/Page_CCSale/txt_AL2' is present

2020-12-22 17:27:02 - [MESSAGE][PASSED] - Text '' is set on object 'Object Repository/VLink/Page_CCSale/txt_AL2'

2020-12-22 17:27:02 - [MESSAGE][PASSED] - Object 'Object Repository/VLink/Page_CCSale/txt_CardCity' is present

2020-12-22 17:27:03 - [MESSAGE][PASSED] - Text 'Arlington' is set on object 'Object Repository/VLink/Page_CCSale/txt_CardCity'

2020-12-22 17:27:03 - [MESSAGE][PASSED] - Object 'Object Repository/VLink/Page_CCSale/txt_CardState' is present

2020-12-22 17:27:04 - [MESSAGE][PASSED] - Text 'VA' is set on object 'Object Repository/VLink/Page_CCSale/txt_CardState'

2020-12-22 17:27:04 - [MESSAGE][PASSED] - Object 'Object Repository/VLink/Page_CCSale/txt_CardZIP' is present

2020-12-22 17:27:05 - [MESSAGE][PASSED] - Text '22201' is set on object 'Object Repository/VLink/Page_CCSale/txt_CardZIP'

2020-12-22 17:27:05 - [MESSAGE][PASSED] - Object 'Object Repository/VLink/Page_CCSale/txt_CountryID' is present

2020-12-22 17:27:06 - [MESSAGE][PASSED] - Text '' is set on object 'Object Repository/VLink/Page_CCSale/txt_CountryID'

2020-12-22 17:27:06 - [MESSAGE][PASSED] - Object 'Object Repository/VLink/Page_CCSale/txt_Amount' is present

2020-12-22 17:27:07 - [MESSAGE][PASSED] - Text '2.50' is set on object 'Object Repository/VLink/Page_CCSale/txt_Amount'

2020-12-22 17:27:07 - [MESSAGE][PASSED] - Object 'Object Repository/VLink/Page_CCSale/txt_CardNumber' is present

2020-12-22 17:27:08 - [MESSAGE][PASSED] - Text '5424000000000015' is set on object 'Object Repository/VLink/Page_CCSale/txt_CardNumber'

2020-12-22 17:27:08 - [MESSAGE][PASSED] - Object 'Object Repository/VLink/Page_CCSale/txt_ExpMonth' is present

2020-12-22 17:27:09 - [MESSAGE][PASSED] - Text '01' is set on object 'Object Repository/VLink/Page_CCSale/txt_ExpMonth'

2020-12-22 17:27:09 - [MESSAGE][PASSED] - Object 'Object Repository/VLink/Page_CCSale/txt_ExpYear' is present

2020-12-22 17:27:10 - [MESSAGE][PASSED] - Text '2026' is set on object 'Object Repository/VLink/Page_CCSale/txt_ExpYear'

2020-12-22 17:27:10 - [MESSAGE][PASSED] - Object 'Object Repository/VLink/Page_CCSale/txt_CVV' is present

2020-12-22 17:27:11 - [MESSAGE][PASSED] - Text '' is set on object 'Object Repository/VLink/Page_CCSale/txt_CVV'

2020-12-22 17:27:11 - [MESSAGE][PASSED] - Object 'Object Repository/VLink/Page_CCSale/txt_CVVstate' is present

2020-12-22 17:27:12 - [MESSAGE][PASSED] - Text '' is set on object 'Object Repository/VLink/Page_CCSale/txt_CVVstate'

2020-12-22 17:27:12 - [MESSAGE][PASSED] - Object 'Object Repository/VLink/Page_CCSale/txt_TrackData' is present

2020-12-22 17:27:13 - [MESSAGE][PASSED] - Text '' is set on object 'Object Repository/VLink/Page_CCSale/txt_TrackData'

2020-12-22 17:27:13 - [MESSAGE][PASSED] - Object 'Object Repository/VLink/Page_CCSale/txt_Track1Data' is present

2020-12-22 17:27:14 - [MESSAGE][PASSED] - Text '' is set on object 'Object Repository/VLink/Page_CCSale/txt_Track1Data'

2020-12-22 17:27:14 - [MESSAGE][PASSED] - Object 'Object Repository/VLink/Page_CCSale/txt_Track2Data' is present

2020-12-22 17:27:15 - [MESSAGE][PASSED] - Text '' is set on object 'Object Repository/VLink/Page_CCSale/txt_Track2Data'

2020-12-22 17:27:15 - [MESSAGE][PASSED] - Object 'Object Repository/VLink/Page_CCSale/txt_POSEntryMode' is present

2020-12-22 17:27:16 - [MESSAGE][PASSED] - Text 'manual' is set on object 'Object Repository/VLink/Page_CCSale/txt_POSEntryMode'

2020-12-22 17:27:16 - [MESSAGE][PASSED] - Object 'Object Repository/VLink/Page_CCSale/txt_Email' is present

2020-12-22 17:27:17 - [MESSAGE][PASSED] - Text '' is set on object 'Object Repository/VLink/Page_CCSale/txt_Email'

2020-12-22 17:27:17 - [MESSAGE][PASSED] - Object 'Object Repository/VLink/Page_CCSale/txt_OrderNumber' is present

2020-12-22 17:27:18 - [MESSAGE][PASSED] - Text '' is set on object 'Object Repository/VLink/Page_CCSale/txt_OrderNumber'

2020-12-22 17:27:18 - [MESSAGE][PASSED] - Object 'Object Repository/VLink/Page_CCSale/txt_TaxAmount' is present

2020-12-22 17:27:19 - [MESSAGE][PASSED] - Text '' is set on object 'Object Repository/VLink/Page_CCSale/txt_TaxAmount'

2020-12-22 17:27:19 - [MESSAGE][PASSED] - Object 'Object Repository/VLink/Page_CCSale/txt_ChargeDescription' is present

2020-12-22 17:27:20 - [MESSAGE][PASSED] - Text '' is set on object 'Object Repository/VLink/Page_CCSale/txt_ChargeDescription'

2020-12-22 17:27:20 - [MESSAGE][PASSED] - Object 'Object Repository/VLink/Page_CCSale/txt_CAN' is present

2020-12-22 17:27:21 - [MESSAGE][PASSED] - Text '' is set on object 'Object Repository/VLink/Page_CCSale/txt_CAN'

2020-12-22 17:27:21 - [MESSAGE][PASSED] - Object 'Object Repository/VLink/Page_CCSale/txt_BillPaymentIndicator' is present

2020-12-22 17:27:22 - [MESSAGE][PASSED] - Text '' is set on object 'Object Repository/VLink/Page_CCSale/txt_BillPaymentIndicator'

2020-12-22 17:27:22 - [MESSAGE][PASSED] - Object 'Object Repository/VLink/Page_CCSale/txt_UDF1' is present

2020-12-22 17:27:23 - [MESSAGE][PASSED] - Text '' is set on object 'Object Repository/VLink/Page_CCSale/txt_UDF1'

2020-12-22 17:27:23 - [MESSAGE][PASSED] - Object 'Object Repository/VLink/Page_CCSale/txt_UDF2' is present

2020-12-22 17:27:24 - [MESSAGE][PASSED] - Text '' is set on object 'Object Repository/VLink/Page_CCSale/txt_UDF2'

2020-12-22 17:27:24 - [MESSAGE][PASSED] - Object 'Object Repository/VLink/Page_CCSale/txt_UDF3' is present

2020-12-22 17:27:25 - [MESSAGE][PASSED] - Text '' is set on object 'Object Repository/VLink/Page_CCSale/txt_UDF3'

2020-12-22 17:27:25 - [MESSAGE][PASSED] - Object 'Object Repository/VLink/Page_CCSale/txt_UDF4' is present

2020-12-22 17:27:26 - [MESSAGE][PASSED] - Text '' is set on object 'Object Repository/VLink/Page_CCSale/txt_UDF4'

2020-12-22 17:27:26 - [MESSAGE][PASSED] - Object 'Object Repository/VLink/Page_CCSale/txt_UDF5' is present

2020-12-22 17:27:27 - [MESSAGE][PASSED] - Text '' is set on object 'Object Repository/VLink/Page_CCSale/txt_UDF5'

2020-12-22 17:27:27 - [MESSAGE][PASSED] - Object 'Object Repository/VLink/Page_CCSale/txt_UDF6' is present

2020-12-22 17:27:28 - [MESSAGE][PASSED] - Text '' is set on object 'Object Repository/VLink/Page_CCSale/txt_UDF6'

2020-12-22 17:27:28 - [MESSAGE][PASSED] - Object 'Object Repository/VLink/Page_CCSale/txt_UDF7' is present

2020-12-22 17:27:29 - [MESSAGE][PASSED] - Text '' is set on object 'Object Repository/VLink/Page_CCSale/txt_UDF7'

2020-12-22 17:27:29 - [MESSAGE][PASSED] - Object 'Object Repository/VLink/Page_CCSale/txt_UDF8' is present

2020-12-22 17:27:30 - [MESSAGE][PASSED] - Text '' is set on object 'Object Repository/VLink/Page_CCSale/txt_UDF8'

2020-12-22 17:27:30 - [MESSAGE][PASSED] - Object 'Object Repository/VLink/Page_CCSale/txt_UDF9' is present

2020-12-22 17:27:31 - [MESSAGE][PASSED] - Text '' is set on object 'Object Repository/VLink/Page_CCSale/txt_UDF9'

2020-12-22 17:27:31 - [MESSAGE][PASSED] - Object 'Object Repository/VLink/Page_CCSale/txt_UDF10' is present

2020-12-22 17:27:32 - [MESSAGE][PASSED] - Text '' is set on object 'Object Repository/VLink/Page_CCSale/txt_UDF10'

2020-12-22 17:27:32 - [MESSAGE][PASSED] - Object 'Object Repository/VLink/Page_CCSale/txt_CardOnFileIndicator' is present

2020-12-22 17:27:33 - [MESSAGE][PASSED] - Text '' is set on object 'Object Repository/VLink/Page_CCSale/txt_CardOnFileIndicator'

2020-12-22 17:27:33 - [MESSAGE][PASSED] - Object 'Object Repository/VLink/Page_CCSale/txt_StoredCredentialIndicator' is present

2020-12-22 17:27:34 - [MESSAGE][PASSED] - Text '' is set on object 'Object Repository/VLink/Page_CCSale/txt_StoredCredentialIndicator'

2020-12-22 17:27:34 - [MESSAGE][PASSED] - Object 'Object Repository/VLink/Page_CCSale/txt_COFScheduledIndicator' is present

2020-12-22 17:27:35 - [MESSAGE][PASSED] - Text '' is set on object 'Object Repository/VLink/Page_CCSale/txt_COFScheduledIndicator'

2020-12-22 17:27:35 - [MESSAGE][PASSED] - Object 'Object Repository/VLink/Page_CCSale/txt_COFTransactionInitiatedBy' is present

2020-12-22 17:27:36 - [MESSAGE][PASSED] - Text '' is set on object 'Object Repository/VLink/Page_CCSale/txt_COFTransactionInitiatedBy'

2020-12-22 17:27:38 - [MESSAGE][PASSED] - Object: 'Object Repository/VLink/Page_CCSale/btn_ProcessVLinkTransaction' is clicked on

2020-12-22 17:27:43 - [MESSAGE][PASSED] - vlinkPages.saleCCPage.setDataSCC is PASSED

2020-12-22 17:27:43 - [TEST_STEP][PASSED] - if (verifyTextPresent("Transaction approved, no errors", true)): null

2020-12-22 17:27:43 - [MESSAGE][PASSED] - Text 'Transaction approved, no errors' is present on page  using regular expression

2020-12-22 17:27:43 - [TEST_STEP][PASSED] - println("Transaction Approved, no errors text is present on the Confirmation page"): null

2020-12-22 17:27:43 - [TEST_STEP][PASSED] - out.println("Pass Record Number: " + row): null

2020-12-22 17:27:43 - [TEST_STEP][PASSED] - sdfo = getText(findTestObject("Object Repository/Page_VLinkReceipt/pre_STX")): Text of object 'Object Repository/Page_VLinkReceipt/pre_STX' is: '<STX>Xs4Xbgl25n13                  12087941            0  Transaction approved, no errors                   0                                                                                  X OK2000   <ETX>'

2020-12-22 17:27:44 - [MESSAGE][PASSED] - Text of object 'Object Repository/Page_VLinkReceipt/pre_STX' is: '<STX>Xs4Xbgl25n13                  12087941            0  Transaction approved, no errors                   0                                                                                  X OK2000   <ETX>'

2020-12-22 17:27:44 - [TEST_STEP][PASSED] - out.println("sdfo: " + sdfo): null

2020-12-22 17:27:44 - [TEST_STEP][PASSED] - remID = substring(5, 35).trim(): null

2020-12-22 17:27:44 - [TEST_STEP][PASSED] - out.println("Remittance ID: " + remID): null

2020-12-22 17:27:44 - [TEST_STEP][PASSED] - traxID = substring(35, 55).trim(): null

2020-12-22 17:27:44 - [TEST_STEP][PASSED] - out.println("Transaction ID: " + traxID): null

2020-12-22 17:27:44 - [TEST_STEP][PASSED] - out.println("End Record Number: " + row): null

2020-12-22 17:27:44 - [TEST_STEP][PASSED] - closeBrowser(): Browser is closed

2020-12-22 17:27:44 - [MESSAGE][PASSED] - Browser is closed

2020-12-22 17:27:44 - [TEST_STEP][PASSED] - out.println("Begin Record Number: " + row): null

2020-12-22 17:27:44 - [TEST_STEP][PASSED] - openBrowser(VLinkURL + "authcap.html"): Browser is opened with url: 'https://dev-algorithm.govolution.com/vlinktest/QA/version_2_0/authcap.html'

2020-12-22 17:27:44 - [MESSAGE][INFO] - Starting 'Chrome' driver

2020-12-22 17:27:44 - [MESSAGE][INFO] - User set preference: ['acceptInsecureCerts', 'true']

2020-12-22 17:27:44 - [MESSAGE][INFO] - Action delay is set to 0 milliseconds

2020-12-22 17:27:48 - [MESSAGE][PASSED] - Browser is opened with url: 'https://dev-algorithm.govolution.com/vlinktest/QA/version_2_0/authcap.html'

2020-12-22 17:27:48 - [TEST_STEP][PASSED] - maximizeWindow(): Current window maximized

2020-12-22 17:27:48 - [MESSAGE][PASSED] - Current window maximized

2020-12-22 17:27:48 - [TEST_STEP][PASSED] - vlinkPages.saleCCPage.setDataSCC(row, dataFile): vlinkPages.saleCCPage.setDataSCC is PASSED

2020-12-22 17:27:49 - [MESSAGE][PASSED] - Object 'Object Repository/VLink/Page_CCSale/txt_CardNumber' is present

2020-12-22 17:27:50 - [MESSAGE][PASSED] - Object 'Object Repository/VLink/Page_CCSale/txt_TransactionType' is present

2020-12-22 17:27:50 - [MESSAGE][PASSED] - Text '104' is set on object 'Object Repository/VLink/Page_CCSale/txt_TransactionType'

2020-12-22 17:27:51 - [MESSAGE][PASSED] - Object 'Object Repository/VLink/Page_CCSale/txt_MessageVersion' is present

2020-12-22 17:27:51 - [MESSAGE][PASSED] - Text '2.0C' is set on object 'Object Repository/VLink/Page_CCSale/txt_MessageVersion'

2020-12-22 17:27:52 - [MESSAGE][PASSED] - Object 'Object Repository/VLink/Page_CCSale/txt_RemID' is present

2020-12-22 17:27:52 - [MESSAGE][PASSED] - Text '2uijSpOxQNd9' is set on object 'Object Repository/VLink/Page_CCSale/txt_RemID'

2020-12-22 17:27:53 - [MESSAGE][PASSED] - Object 'Object Repository/VLink/Page_CCSale/txt_ApplicationId' is present

2020-12-22 17:27:53 - [MESSAGE][PASSED] - Text '677' is set on object 'Object Repository/VLink/Page_CCSale/txt_ApplicationId'

2020-12-22 17:27:54 - [MESSAGE][PASSED] - Object 'Object Repository/VLink/Page_CCSale/txt_Username' is present

2020-12-22 17:27:54 - [MESSAGE][PASSED] - Text 'username' is set on object 'Object Repository/VLink/Page_CCSale/txt_Username'

2020-12-22 17:27:54 - [MESSAGE][PASSED] - Object 'Object Repository/VLink/Page_CCSale/txt_Password' is present

2020-12-22 17:27:55 - [MESSAGE][PASSED] - Text 'password' is set on object 'Object Repository/VLink/Page_CCSale/txt_Password'

2020-12-22 17:27:55 - [MESSAGE][PASSED] - Object 'Object Repository/VLink/Page_CCSale/txt_ResponseFormat' is present

2020-12-22 17:27:56 - [MESSAGE][PASSED] - Text 'fixed_width' is set on object 'Object Repository/VLink/Page_CCSale/txt_ResponseFormat'

2020-12-22 17:27:56 - [MESSAGE][PASSED] - Object 'Object Repository/VLink/Page_CCSale/txt_Category' is present

2020-12-22 17:27:57 - [MESSAGE][PASSED] - Text 'RETL' is set on object 'Object Repository/VLink/Page_CCSale/txt_Category'

2020-12-22 17:27:57 - [MESSAGE][PASSED] - Object 'Object Repository/VLink/Page_CCSale/txt_TransactionID' is present

2020-12-22 17:27:58 - [MESSAGE][PASSED] - Text '' is set on object 'Object Repository/VLink/Page_CCSale/txt_TransactionID'

2020-12-22 17:27:58 - [MESSAGE][PASSED] - Object 'Object Repository/VLink/Page_CCSale/txt_ApprovalCode' is present

2020-12-22 17:27:59 - [MESSAGE][PASSED] - Text '' is set on object 'Object Repository/VLink/Page_CCSale/txt_ApprovalCode'

2020-12-22 17:27:59 - [MESSAGE][PASSED] - Object 'Object Repository/VLink/Page_CCSale/txt_CardName' is present

2020-12-22 17:27:59 - [MESSAGE][PASSED] - Text 'Roshan Maha' is set on object 'Object Repository/VLink/Page_CCSale/txt_CardName'

2020-12-22 17:28:00 - [MESSAGE][PASSED] - Object 'Object Repository/VLink/Page_CCSale/txt_AL1' is present

2020-12-22 17:28:00 - [MESSAGE][PASSED] - Text '12563 Bazaar road' is set on object 'Object Repository/VLink/Page_CCSale/txt_AL1'

2020-12-22 17:28:01 - [MESSAGE][PASSED] - Object 'Object Repository/VLink/Page_CCSale/txt_AL2' is present

2020-12-22 17:28:01 - [MESSAGE][PASSED] - Text '' is set on object 'Object Repository/VLink/Page_CCSale/txt_AL2'

2020-12-22 17:28:01 - [MESSAGE][PASSED] - Object 'Object Repository/VLink/Page_CCSale/txt_CardCity' is present

2020-12-22 17:28:02 - [MESSAGE][PASSED] - Text 'Crofton' is set on object 'Object Repository/VLink/Page_CCSale/txt_CardCity'

2020-12-22 17:28:02 - [MESSAGE][PASSED] - Object 'Object Repository/VLink/Page_CCSale/txt_CardState' is present

2020-12-22 17:28:03 - [MESSAGE][PASSED] - Text 'MD' is set on object 'Object Repository/VLink/Page_CCSale/txt_CardState'

2020-12-22 17:28:03 - [MESSAGE][PASSED] - Object 'Object Repository/VLink/Page_CCSale/txt_CardZIP' is present

2020-12-22 17:28:04 - [MESSAGE][PASSED] - Text '21114' is set on object 'Object Repository/VLink/Page_CCSale/txt_CardZIP'

2020-12-22 17:28:04 - [MESSAGE][PASSED] - Object 'Object Repository/VLink/Page_CCSale/txt_CountryID' is present

2020-12-22 17:28:05 - [MESSAGE][PASSED] - Text '' is set on object 'Object Repository/VLink/Page_CCSale/txt_CountryID'

2020-12-22 17:28:05 - [MESSAGE][PASSED] - Object 'Object Repository/VLink/Page_CCSale/txt_Amount' is present

2020-12-22 17:28:06 - [MESSAGE][PASSED] - Text '3.50' is set on object 'Object Repository/VLink/Page_CCSale/txt_Amount'

2020-12-22 17:28:06 - [MESSAGE][PASSED] - Object 'Object Repository/VLink/Page_CCSale/txt_CardNumber' is present

2020-12-22 17:28:07 - [MESSAGE][PASSED] - Text '5424000000000015' is set on object 'Object Repository/VLink/Page_CCSale/txt_CardNumber'

2020-12-22 17:28:07 - [MESSAGE][PASSED] - Object 'Object Repository/VLink/Page_CCSale/txt_ExpMonth' is present

2020-12-22 17:28:08 - [MESSAGE][PASSED] - Text '01' is set on object 'Object Repository/VLink/Page_CCSale/txt_ExpMonth'

2020-12-22 17:28:08 - [MESSAGE][PASSED] - Object 'Object Repository/VLink/Page_CCSale/txt_ExpYear' is present

2020-12-22 17:28:09 - [MESSAGE][PASSED] - Text '2026' is set on object 'Object Repository/VLink/Page_CCSale/txt_ExpYear'

2020-12-22 17:28:09 - [MESSAGE][PASSED] - Object 'Object Repository/VLink/Page_CCSale/txt_CVV' is present

2020-12-22 17:28:10 - [MESSAGE][PASSED] - Text '' is set on object 'Object Repository/VLink/Page_CCSale/txt_CVV'

2020-12-22 17:28:10 - [MESSAGE][PASSED] - Object 'Object Repository/VLink/Page_CCSale/txt_CVVstate' is present

2020-12-22 17:28:11 - [MESSAGE][PASSED] - Text '' is set on object 'Object Repository/VLink/Page_CCSale/txt_CVVstate'

2020-12-22 17:28:11 - [MESSAGE][PASSED] - Object 'Object Repository/VLink/Page_CCSale/txt_TrackData' is present

2020-12-22 17:28:12 - [MESSAGE][PASSED] - Text '' is set on object 'Object Repository/VLink/Page_CCSale/txt_TrackData'

2020-12-22 17:28:12 - [MESSAGE][PASSED] - Object 'Object Repository/VLink/Page_CCSale/txt_Track1Data' is present

2020-12-22 17:28:13 - [MESSAGE][PASSED] - Text '' is set on object 'Object Repository/VLink/Page_CCSale/txt_Track1Data'

2020-12-22 17:28:13 - [MESSAGE][PASSED] - Object 'Object Repository/VLink/Page_CCSale/txt_Track2Data' is present

2020-12-22 17:28:14 - [MESSAGE][PASSED] - Text '' is set on object 'Object Repository/VLink/Page_CCSale/txt_Track2Data'

2020-12-22 17:28:14 - [MESSAGE][PASSED] - Object 'Object Repository/VLink/Page_CCSale/txt_POSEntryMode' is present

2020-12-22 17:28:15 - [MESSAGE][PASSED] - Text 'manual' is set on object 'Object Repository/VLink/Page_CCSale/txt_POSEntryMode'

2020-12-22 17:28:15 - [MESSAGE][PASSED] - Object 'Object Repository/VLink/Page_CCSale/txt_Email' is present

2020-12-22 17:28:16 - [MESSAGE][PASSED] - Text '' is set on object 'Object Repository/VLink/Page_CCSale/txt_Email'

2020-12-22 17:28:16 - [MESSAGE][PASSED] - Object 'Object Repository/VLink/Page_CCSale/txt_OrderNumber' is present

2020-12-22 17:28:17 - [MESSAGE][PASSED] - Text '' is set on object 'Object Repository/VLink/Page_CCSale/txt_OrderNumber'

2020-12-22 17:28:17 - [MESSAGE][PASSED] - Object 'Object Repository/VLink/Page_CCSale/txt_TaxAmount' is present

2020-12-22 17:28:18 - [MESSAGE][PASSED] - Text '' is set on object 'Object Repository/VLink/Page_CCSale/txt_TaxAmount'

2020-12-22 17:28:18 - [MESSAGE][PASSED] - Object 'Object Repository/VLink/Page_CCSale/txt_ChargeDescription' is present

2020-12-22 17:28:19 - [MESSAGE][PASSED] - Text '' is set on object 'Object Repository/VLink/Page_CCSale/txt_ChargeDescription'

2020-12-22 17:28:19 - [MESSAGE][PASSED] - Object 'Object Repository/VLink/Page_CCSale/txt_CAN' is present

2020-12-22 17:28:20 - [MESSAGE][PASSED] - Text '' is set on object 'Object Repository/VLink/Page_CCSale/txt_CAN'

2020-12-22 17:28:20 - [MESSAGE][PASSED] - Object 'Object Repository/VLink/Page_CCSale/txt_BillPaymentIndicator' is present

2020-12-22 17:28:21 - [MESSAGE][PASSED] - Text '' is set on object 'Object Repository/VLink/Page_CCSale/txt_BillPaymentIndicator'

2020-12-22 17:28:21 - [MESSAGE][PASSED] - Object 'Object Repository/VLink/Page_CCSale/txt_UDF1' is present

2020-12-22 17:28:22 - [MESSAGE][PASSED] - Text '' is set on object 'Object Repository/VLink/Page_CCSale/txt_UDF1'

2020-12-22 17:28:22 - [MESSAGE][PASSED] - Object 'Object Repository/VLink/Page_CCSale/txt_UDF2' is present

2020-12-22 17:28:23 - [MESSAGE][PASSED] - Text '' is set on object 'Object Repository/VLink/Page_CCSale/txt_UDF2'

2020-12-22 17:28:23 - [MESSAGE][PASSED] - Object 'Object Repository/VLink/Page_CCSale/txt_UDF3' is present

2020-12-22 17:28:24 - [MESSAGE][PASSED] - Text '' is set on object 'Object Repository/VLink/Page_CCSale/txt_UDF3'

2020-12-22 17:28:24 - [MESSAGE][PASSED] - Object 'Object Repository/VLink/Page_CCSale/txt_UDF4' is present

2020-12-22 17:28:25 - [MESSAGE][PASSED] - Text '' is set on object 'Object Repository/VLink/Page_CCSale/txt_UDF4'

2020-12-22 17:28:25 - [MESSAGE][PASSED] - Object 'Object Repository/VLink/Page_CCSale/txt_UDF5' is present

2020-12-22 17:28:26 - [MESSAGE][PASSED] - Text '' is set on object 'Object Repository/VLink/Page_CCSale/txt_UDF5'

2020-12-22 17:28:26 - [MESSAGE][PASSED] - Object 'Object Repository/VLink/Page_CCSale/txt_UDF6' is present

2020-12-22 17:28:27 - [MESSAGE][PASSED] - Text '' is set on object 'Object Repository/VLink/Page_CCSale/txt_UDF6'

2020-12-22 17:28:27 - [MESSAGE][PASSED] - Object 'Object Repository/VLink/Page_CCSale/txt_UDF7' is present

2020-12-22 17:28:28 - [MESSAGE][PASSED] - Text '' is set on object 'Object Repository/VLink/Page_CCSale/txt_UDF7'

2020-12-22 17:28:28 - [MESSAGE][PASSED] - Object 'Object Repository/VLink/Page_CCSale/txt_UDF8' is present

2020-12-22 17:28:29 - [MESSAGE][PASSED] - Text '' is set on object 'Object Repository/VLink/Page_CCSale/txt_UDF8'

2020-12-22 17:28:29 - [MESSAGE][PASSED] - Object 'Object Repository/VLink/Page_CCSale/txt_UDF9' is present

2020-12-22 17:28:30 - [MESSAGE][PASSED] - Text '' is set on object 'Object Repository/VLink/Page_CCSale/txt_UDF9'

2020-12-22 17:28:30 - [MESSAGE][PASSED] - Object 'Object Repository/VLink/Page_CCSale/txt_UDF10' is present

2020-12-22 17:28:31 - [MESSAGE][PASSED] - Text '' is set on object 'Object Repository/VLink/Page_CCSale/txt_UDF10'

2020-12-22 17:28:31 - [MESSAGE][PASSED] - Object 'Object Repository/VLink/Page_CCSale/txt_CardOnFileIndicator' is present

2020-12-22 17:28:32 - [MESSAGE][PASSED] - Text '' is set on object 'Object Repository/VLink/Page_CCSale/txt_CardOnFileIndicator'

2020-12-22 17:28:32 - [MESSAGE][PASSED] - Object 'Object Repository/VLink/Page_CCSale/txt_StoredCredentialIndicator' is present

2020-12-22 17:28:33 - [MESSAGE][PASSED] - Text '' is set on object 'Object Repository/VLink/Page_CCSale/txt_StoredCredentialIndicator'

2020-12-22 17:28:33 - [MESSAGE][PASSED] - Object 'Object Repository/VLink/Page_CCSale/txt_COFScheduledIndicator' is present

2020-12-22 17:28:34 - [MESSAGE][PASSED] - Text '' is set on object 'Object Repository/VLink/Page_CCSale/txt_COFScheduledIndicator'

2020-12-22 17:28:34 - [MESSAGE][PASSED] - Object 'Object Repository/VLink/Page_CCSale/txt_COFTransactionInitiatedBy' is present

2020-12-22 17:28:35 - [MESSAGE][PASSED] - Text '' is set on object 'Object Repository/VLink/Page_CCSale/txt_COFTransactionInitiatedBy'

2020-12-22 17:28:37 - [MESSAGE][PASSED] - Object: 'Object Repository/VLink/Page_CCSale/btn_ProcessVLinkTransaction' is clicked on

2020-12-22 17:28:42 - [MESSAGE][PASSED] - vlinkPages.saleCCPage.setDataSCC is PASSED

2020-12-22 17:28:42 - [TEST_STEP][PASSED] - if (verifyTextPresent("Transaction approved, no errors", true)): null

2020-12-22 17:28:43 - [MESSAGE][PASSED] - Text 'Transaction approved, no errors' is present on page  using regular expression

2020-12-22 17:28:43 - [TEST_STEP][PASSED] - println("Transaction Approved, no errors text is present on the Confirmation page"): null

2020-12-22 17:28:43 - [TEST_STEP][PASSED] - out.println("Pass Record Number: " + row): null

2020-12-22 17:28:43 - [TEST_STEP][PASSED] - sdfo = getText(findTestObject("Object Repository/Page_VLinkReceipt/pre_STX")): Text of object 'Object Repository/Page_VLinkReceipt/pre_STX' is: '<STX>2uijSpOxQNd9                  12087942            0  Transaction approved, no errors                   0                                                                                  X OK2020   <ETX>'

2020-12-22 17:28:43 - [MESSAGE][PASSED] - Text of object 'Object Repository/Page_VLinkReceipt/pre_STX' is: '<STX>2uijSpOxQNd9                  12087942            0  Transaction approved, no errors                   0                                                                                  X OK2020   <ETX>'

2020-12-22 17:28:43 - [TEST_STEP][PASSED] - out.println("sdfo: " + sdfo): null

2020-12-22 17:28:43 - [TEST_STEP][PASSED] - remID = substring(5, 35).trim(): null

2020-12-22 17:28:43 - [TEST_STEP][PASSED] - out.println("Remittance ID: " + remID): null

2020-12-22 17:28:43 - [TEST_STEP][PASSED] - traxID = substring(35, 55).trim(): null

2020-12-22 17:28:43 - [TEST_STEP][PASSED] - out.println("Transaction ID: " + traxID): null

2020-12-22 17:28:43 - [TEST_STEP][PASSED] - out.println("End Record Number: " + row): null

2020-12-22 17:28:43 - [TEST_STEP][PASSED] - closeBrowser(): Browser is closed

2020-12-22 17:28:44 - [MESSAGE][PASSED] - Browser is closed

2020-12-22 17:28:44 - [TEST_STEP][PASSED] - out.println("Begin Record Number: " + row): null

2020-12-22 17:28:44 - [TEST_STEP][PASSED] - openBrowser(VLinkURL + "authcap.html"): Browser is opened with url: 'https://dev-algorithm.govolution.com/vlinktest/QA/version_2_0/authcap.html'

2020-12-22 17:28:44 - [MESSAGE][INFO] - Starting 'Chrome' driver

2020-12-22 17:28:44 - [MESSAGE][INFO] - User set preference: ['acceptInsecureCerts', 'true']

2020-12-22 17:28:44 - [MESSAGE][INFO] - Action delay is set to 0 milliseconds

2020-12-22 17:28:47 - [MESSAGE][PASSED] - Browser is opened with url: 'https://dev-algorithm.govolution.com/vlinktest/QA/version_2_0/authcap.html'

2020-12-22 17:28:47 - [TEST_STEP][PASSED] - maximizeWindow(): Current window maximized

2020-12-22 17:28:47 - [MESSAGE][PASSED] - Current window maximized

2020-12-22 17:28:47 - [TEST_STEP][PASSED] - vlinkPages.saleCCPage.setDataSCC(row, dataFile): vlinkPages.saleCCPage.setDataSCC is PASSED

2020-12-22 17:28:49 - [MESSAGE][PASSED] - Object 'Object Repository/VLink/Page_CCSale/txt_CardNumber' is present

2020-12-22 17:28:49 - [MESSAGE][PASSED] - Object 'Object Repository/VLink/Page_CCSale/txt_TransactionType' is present

2020-12-22 17:28:52 - [MESSAGE][PASSED] - Text '104' is set on object 'Object Repository/VLink/Page_CCSale/txt_TransactionType'

2020-12-22 17:28:52 - [MESSAGE][PASSED] - Object 'Object Repository/VLink/Page_CCSale/txt_MessageVersion' is present

2020-12-22 17:28:53 - [MESSAGE][PASSED] - Text '2.0C' is set on object 'Object Repository/VLink/Page_CCSale/txt_MessageVersion'

2020-12-22 17:28:53 - [MESSAGE][PASSED] - Object 'Object Repository/VLink/Page_CCSale/txt_RemID' is present

2020-12-22 17:28:54 - [MESSAGE][PASSED] - Text 'Z4TZEiRaQpdj' is set on object 'Object Repository/VLink/Page_CCSale/txt_RemID'

2020-12-22 17:28:54 - [MESSAGE][PASSED] - Object 'Object Repository/VLink/Page_CCSale/txt_ApplicationId' is present

2020-12-22 17:28:55 - [MESSAGE][PASSED] - Text '665' is set on object 'Object Repository/VLink/Page_CCSale/txt_ApplicationId'

2020-12-22 17:28:55 - [MESSAGE][PASSED] - Object 'Object Repository/VLink/Page_CCSale/txt_Username' is present

2020-12-22 17:28:56 - [MESSAGE][PASSED] - Text 'username' is set on object 'Object Repository/VLink/Page_CCSale/txt_Username'

2020-12-22 17:28:56 - [MESSAGE][PASSED] - Object 'Object Repository/VLink/Page_CCSale/txt_Password' is present

2020-12-22 17:28:57 - [MESSAGE][PASSED] - Text 'password' is set on object 'Object Repository/VLink/Page_CCSale/txt_Password'

2020-12-22 17:28:58 - [MESSAGE][PASSED] - Object 'Object Repository/VLink/Page_CCSale/txt_ResponseFormat' is present

2020-12-22 17:28:58 - [MESSAGE][PASSED] - Text 'fixed_width' is set on object 'Object Repository/VLink/Page_CCSale/txt_ResponseFormat'

2020-12-22 17:28:59 - [MESSAGE][PASSED] - Object 'Object Repository/VLink/Page_CCSale/txt_Category' is present

2020-12-22 17:28:59 - [MESSAGE][PASSED] - Text 'RETL' is set on object 'Object Repository/VLink/Page_CCSale/txt_Category'

2020-12-22 17:29:00 - [MESSAGE][PASSED] - Object 'Object Repository/VLink/Page_CCSale/txt_TransactionID' is present

2020-12-22 17:29:00 - [MESSAGE][PASSED] - Text '' is set on object 'Object Repository/VLink/Page_CCSale/txt_TransactionID'

2020-12-22 17:29:01 - [MESSAGE][PASSED] - Object 'Object Repository/VLink/Page_CCSale/txt_ApprovalCode' is present

2020-12-22 17:29:01 - [MESSAGE][PASSED] - Text '' is set on object 'Object Repository/VLink/Page_CCSale/txt_ApprovalCode'

2020-12-22 17:29:01 - [MESSAGE][PASSED] - Object 'Object Repository/VLink/Page_CCSale/txt_CardName' is present

2020-12-22 17:29:02 - [MESSAGE][PASSED] - Text 'Kris Roshan' is set on object 'Object Repository/VLink/Page_CCSale/txt_CardName'

2020-12-22 17:29:02 - [MESSAGE][PASSED] - Object 'Object Repository/VLink/Page_CCSale/txt_AL1' is present

2020-12-22 17:29:03 - [MESSAGE][PASSED] - Text '258 Elm Road' is set on object 'Object Repository/VLink/Page_CCSale/txt_AL1'

2020-12-22 17:29:03 - [MESSAGE][PASSED] - Object 'Object Repository/VLink/Page_CCSale/txt_AL2' is present

2020-12-22 17:29:04 - [MESSAGE][PASSED] - Text 'Suite 56' is set on object 'Object Repository/VLink/Page_CCSale/txt_AL2'

2020-12-22 17:29:04 - [MESSAGE][PASSED] - Object 'Object Repository/VLink/Page_CCSale/txt_CardCity' is present

2020-12-22 17:29:05 - [MESSAGE][PASSED] - Text 'Arlington' is set on object 'Object Repository/VLink/Page_CCSale/txt_CardCity'

2020-12-22 17:29:05 - [MESSAGE][PASSED] - Object 'Object Repository/VLink/Page_CCSale/txt_CardState' is present

2020-12-22 17:29:06 - [MESSAGE][PASSED] - Text 'VA' is set on object 'Object Repository/VLink/Page_CCSale/txt_CardState'

2020-12-22 17:29:06 - [MESSAGE][PASSED] - Object 'Object Repository/VLink/Page_CCSale/txt_CardZIP' is present

2020-12-22 17:29:07 - [MESSAGE][PASSED] - Text '22201' is set on object 'Object Repository/VLink/Page_CCSale/txt_CardZIP'

2020-12-22 17:29:07 - [MESSAGE][PASSED] - Object 'Object Repository/VLink/Page_CCSale/txt_CountryID' is present

2020-12-22 17:29:08 - [MESSAGE][PASSED] - Text '840' is set on object 'Object Repository/VLink/Page_CCSale/txt_CountryID'

2020-12-22 17:29:08 - [MESSAGE][PASSED] - Object 'Object Repository/VLink/Page_CCSale/txt_Amount' is present

2020-12-22 17:29:09 - [MESSAGE][PASSED] - Text '1.50' is set on object 'Object Repository/VLink/Page_CCSale/txt_Amount'

2020-12-22 17:29:09 - [MESSAGE][PASSED] - Object 'Object Repository/VLink/Page_CCSale/txt_CardNumber' is present

2020-12-22 17:29:10 - [MESSAGE][PASSED] - Text '370000000000002' is set on object 'Object Repository/VLink/Page_CCSale/txt_CardNumber'

2020-12-22 17:29:10 - [MESSAGE][PASSED] - Object 'Object Repository/VLink/Page_CCSale/txt_ExpMonth' is present

2020-12-22 17:29:11 - [MESSAGE][PASSED] - Text '12' is set on object 'Object Repository/VLink/Page_CCSale/txt_ExpMonth'

2020-12-22 17:29:11 - [MESSAGE][PASSED] - Object 'Object Repository/VLink/Page_CCSale/txt_ExpYear' is present

2020-12-22 17:29:12 - [MESSAGE][PASSED] - Text '2025' is set on object 'Object Repository/VLink/Page_CCSale/txt_ExpYear'

2020-12-22 17:29:12 - [MESSAGE][PASSED] - Object 'Object Repository/VLink/Page_CCSale/txt_CVV' is present

2020-12-22 17:29:13 - [MESSAGE][PASSED] - Text '' is set on object 'Object Repository/VLink/Page_CCSale/txt_CVV'

2020-12-22 17:29:13 - [MESSAGE][PASSED] - Object 'Object Repository/VLink/Page_CCSale/txt_CVVstate' is present

2020-12-22 17:29:14 - [MESSAGE][PASSED] - Text '' is set on object 'Object Repository/VLink/Page_CCSale/txt_CVVstate'

2020-12-22 17:29:14 - [MESSAGE][PASSED] - Object 'Object Repository/VLink/Page_CCSale/txt_TrackData' is present

2020-12-22 17:29:15 - [MESSAGE][PASSED] - Text '' is set on object 'Object Repository/VLink/Page_CCSale/txt_TrackData'

2020-12-22 17:29:15 - [MESSAGE][PASSED] - Object 'Object Repository/VLink/Page_CCSale/txt_Track1Data' is present

2020-12-22 17:29:16 - [MESSAGE][PASSED] - Text '' is set on object 'Object Repository/VLink/Page_CCSale/txt_Track1Data'

2020-12-22 17:29:16 - [MESSAGE][PASSED] - Object 'Object Repository/VLink/Page_CCSale/txt_Track2Data' is present

2020-12-22 17:29:17 - [MESSAGE][PASSED] - Text '' is set on object 'Object Repository/VLink/Page_CCSale/txt_Track2Data'

2020-12-22 17:29:17 - [MESSAGE][PASSED] - Object 'Object Repository/VLink/Page_CCSale/txt_POSEntryMode' is present

2020-12-22 17:29:18 - [MESSAGE][PASSED] - Text 'manual' is set on object 'Object Repository/VLink/Page_CCSale/txt_POSEntryMode'

2020-12-22 17:29:18 - [MESSAGE][PASSED] - Object 'Object Repository/VLink/Page_CCSale/txt_Email' is present

2020-12-22 17:29:19 - [MESSAGE][PASSED] - Text 'iahmed@govolution.com' is set on object 'Object Repository/VLink/Page_CCSale/txt_Email'

2020-12-22 17:29:19 - [MESSAGE][PASSED] - Object 'Object Repository/VLink/Page_CCSale/txt_OrderNumber' is present

2020-12-22 17:29:20 - [MESSAGE][PASSED] - Text '2569362' is set on object 'Object Repository/VLink/Page_CCSale/txt_OrderNumber'

2020-12-22 17:29:20 - [MESSAGE][PASSED] - Object 'Object Repository/VLink/Page_CCSale/txt_TaxAmount' is present

2020-12-22 17:29:21 - [MESSAGE][PASSED] - Text '1.15' is set on object 'Object Repository/VLink/Page_CCSale/txt_TaxAmount'

2020-12-22 17:29:21 - [MESSAGE][PASSED] - Object 'Object Repository/VLink/Page_CCSale/txt_ChargeDescription' is present

2020-12-22 17:29:22 - [MESSAGE][PASSED] - Text 'Charge Description' is set on object 'Object Repository/VLink/Page_CCSale/txt_ChargeDescription'

2020-12-22 17:29:22 - [MESSAGE][PASSED] - Object 'Object Repository/VLink/Page_CCSale/txt_CAN' is present

2020-12-22 17:29:23 - [MESSAGE][PASSED] - Text '147357' is set on object 'Object Repository/VLink/Page_CCSale/txt_CAN'

2020-12-22 17:29:23 - [MESSAGE][PASSED] - Object 'Object Repository/VLink/Page_CCSale/txt_BillPaymentIndicator' is present

2020-12-22 17:29:24 - [MESSAGE][PASSED] - Text '1' is set on object 'Object Repository/VLink/Page_CCSale/txt_BillPaymentIndicator'

2020-12-22 17:29:24 - [MESSAGE][PASSED] - Object 'Object Repository/VLink/Page_CCSale/txt_UDF1' is present

2020-12-22 17:29:25 - [MESSAGE][PASSED] - Text 'UDF Data 1' is set on object 'Object Repository/VLink/Page_CCSale/txt_UDF1'

2020-12-22 17:29:25 - [MESSAGE][PASSED] - Object 'Object Repository/VLink/Page_CCSale/txt_UDF2' is present

2020-12-22 17:29:26 - [MESSAGE][PASSED] - Text 'UDF Data 2' is set on object 'Object Repository/VLink/Page_CCSale/txt_UDF2'

2020-12-22 17:29:26 - [MESSAGE][PASSED] - Object 'Object Repository/VLink/Page_CCSale/txt_UDF3' is present

2020-12-22 17:29:27 - [MESSAGE][PASSED] - Text 'UDF Data 3' is set on object 'Object Repository/VLink/Page_CCSale/txt_UDF3'

2020-12-22 17:29:27 - [MESSAGE][PASSED] - Object 'Object Repository/VLink/Page_CCSale/txt_UDF4' is present

2020-12-22 17:29:28 - [MESSAGE][PASSED] - Text 'UDF Data 4' is set on object 'Object Repository/VLink/Page_CCSale/txt_UDF4'

2020-12-22 17:29:28 - [MESSAGE][PASSED] - Object 'Object Repository/VLink/Page_CCSale/txt_UDF5' is present

2020-12-22 17:29:29 - [MESSAGE][PASSED] - Text 'UDF Data 5' is set on object 'Object Repository/VLink/Page_CCSale/txt_UDF5'

2020-12-22 17:29:29 - [MESSAGE][PASSED] - Object 'Object Repository/VLink/Page_CCSale/txt_UDF6' is present

2020-12-22 17:29:30 - [MESSAGE][PASSED] - Text 'UDF Data 6' is set on object 'Object Repository/VLink/Page_CCSale/txt_UDF6'

2020-12-22 17:29:30 - [MESSAGE][PASSED] - Object 'Object Repository/VLink/Page_CCSale/txt_UDF7' is present

2020-12-22 17:29:31 - [MESSAGE][PASSED] - Text 'UDF Data 7' is set on object 'Object Repository/VLink/Page_CCSale/txt_UDF7'

2020-12-22 17:29:31 - [MESSAGE][PASSED] - Object 'Object Repository/VLink/Page_CCSale/txt_UDF8' is present

2020-12-22 17:29:32 - [MESSAGE][PASSED] - Text 'UDF Data 8' is set on object 'Object Repository/VLink/Page_CCSale/txt_UDF8'

2020-12-22 17:29:32 - [MESSAGE][PASSED] - Object 'Object Repository/VLink/Page_CCSale/txt_UDF9' is present

2020-12-22 17:29:33 - [MESSAGE][PASSED] - Text 'UDF Data 9' is set on object 'Object Repository/VLink/Page_CCSale/txt_UDF9'

2020-12-22 17:29:33 - [MESSAGE][PASSED] - Object 'Object Repository/VLink/Page_CCSale/txt_UDF10' is present

2020-12-22 17:29:34 - [MESSAGE][PASSED] - Text 'UDF Data 10' is set on object 'Object Repository/VLink/Page_CCSale/txt_UDF10'

2020-12-22 17:29:34 - [MESSAGE][PASSED] - Object 'Object Repository/VLink/Page_CCSale/txt_CardOnFileIndicator' is present

2020-12-22 17:29:35 - [MESSAGE][PASSED] - Text '' is set on object 'Object Repository/VLink/Page_CCSale/txt_CardOnFileIndicator'

2020-12-22 17:29:35 - [MESSAGE][PASSED] - Object 'Object Repository/VLink/Page_CCSale/txt_StoredCredentialIndicator' is present

2020-12-22 17:29:36 - [MESSAGE][PASSED] - Text '' is set on object 'Object Repository/VLink/Page_CCSale/txt_StoredCredentialIndicator'

2020-12-22 17:29:36 - [MESSAGE][PASSED] - Object 'Object Repository/VLink/Page_CCSale/txt_COFScheduledIndicator' is present

2020-12-22 17:29:37 - [MESSAGE][PASSED] - Text '' is set on object 'Object Repository/VLink/Page_CCSale/txt_COFScheduledIndicator'

2020-12-22 17:29:37 - [MESSAGE][PASSED] - Object 'Object Repository/VLink/Page_CCSale/txt_COFTransactionInitiatedBy' is present

2020-12-22 17:29:38 - [MESSAGE][PASSED] - Text '' is set on object 'Object Repository/VLink/Page_CCSale/txt_COFTransactionInitiatedBy'

2020-12-22 17:29:40 - [MESSAGE][PASSED] - Object: 'Object Repository/VLink/Page_CCSale/btn_ProcessVLinkTransaction' is clicked on

2020-12-22 17:29:45 - [MESSAGE][PASSED] - vlinkPages.saleCCPage.setDataSCC is PASSED

2020-12-22 17:29:45 - [TEST_STEP][PASSED] - if (verifyTextPresent("Transaction approved, no errors", true)): null

2020-12-22 17:29:45 - [MESSAGE][PASSED] - Text 'Transaction approved, no errors' is present on page  using regular expression

2020-12-22 17:29:45 - [TEST_STEP][PASSED] - println("Transaction Approved, no errors text is present on the Confirmation page"): null

2020-12-22 17:29:45 - [TEST_STEP][PASSED] - out.println("Pass Record Number: " + row): null

2020-12-22 17:29:45 - [TEST_STEP][PASSED] - sdfo = getText(findTestObject("Object Repository/Page_VLinkReceipt/pre_STX")): Text of object 'Object Repository/Page_VLinkReceipt/pre_STX' is: '<STX>Z4TZEiRaQpdj                  12087944            0  Transaction approved, no errors                   0                                                                                  X OK2040   <ETX>'

2020-12-22 17:29:46 - [MESSAGE][PASSED] - Text of object 'Object Repository/Page_VLinkReceipt/pre_STX' is: '<STX>Z4TZEiRaQpdj                  12087944            0  Transaction approved, no errors                   0                                                                                  X OK2040   <ETX>'

2020-12-22 17:29:46 - [TEST_STEP][PASSED] - out.println("sdfo: " + sdfo): null

2020-12-22 17:29:46 - [TEST_STEP][PASSED] - remID = substring(5, 35).trim(): null

2020-12-22 17:29:46 - [TEST_STEP][PASSED] - out.println("Remittance ID: " + remID): null

2020-12-22 17:29:46 - [TEST_STEP][PASSED] - traxID = substring(35, 55).trim(): null

2020-12-22 17:29:46 - [TEST_STEP][PASSED] - out.println("Transaction ID: " + traxID): null

2020-12-22 17:29:46 - [TEST_STEP][PASSED] - out.println("End Record Number: " + row): null

2020-12-22 17:29:46 - [TEST_STEP][PASSED] - closeBrowser(): Browser is closed

2020-12-22 17:29:46 - [MESSAGE][PASSED] - Browser is closed

2020-12-22 17:29:46 - [TEST_STEP][PASSED] - out.println("Begin Record Number: " + row): null

2020-12-22 17:29:46 - [TEST_STEP][PASSED] - openBrowser(VLinkURL + "authcap.html"): Browser is opened with url: 'https://dev-algorithm.govolution.com/vlinktest/QA/version_2_0/authcap.html'

2020-12-22 17:29:46 - [MESSAGE][INFO] - Starting 'Chrome' driver

2020-12-22 17:29:46 - [MESSAGE][INFO] - User set preference: ['acceptInsecureCerts', 'true']

2020-12-22 17:29:46 - [MESSAGE][INFO] - Action delay is set to 0 milliseconds

2020-12-22 17:29:51 - [MESSAGE][PASSED] - Browser is opened with url: 'https://dev-algorithm.govolution.com/vlinktest/QA/version_2_0/authcap.html'

2020-12-22 17:29:51 - [TEST_STEP][PASSED] - maximizeWindow(): Current window maximized

2020-12-22 17:29:51 - [MESSAGE][PASSED] - Current window maximized

2020-12-22 17:29:51 - [TEST_STEP][PASSED] - vlinkPages.saleCCPage.setDataSCC(row, dataFile): vlinkPages.saleCCPage.setDataSCC is PASSED

2020-12-22 17:29:52 - [MESSAGE][PASSED] - Object 'Object Repository/VLink/Page_CCSale/txt_CardNumber' is present

2020-12-22 17:29:53 - [MESSAGE][PASSED] - Object 'Object Repository/VLink/Page_CCSale/txt_TransactionType' is present

2020-12-22 17:29:53 - [MESSAGE][PASSED] - Text '104' is set on object 'Object Repository/VLink/Page_CCSale/txt_TransactionType'

2020-12-22 17:29:54 - [MESSAGE][PASSED] - Object 'Object Repository/VLink/Page_CCSale/txt_MessageVersion' is present

2020-12-22 17:29:54 - [MESSAGE][PASSED] - Text '2.0C' is set on object 'Object Repository/VLink/Page_CCSale/txt_MessageVersion'

2020-12-22 17:29:55 - [MESSAGE][PASSED] - Object 'Object Repository/VLink/Page_CCSale/txt_RemID' is present

2020-12-22 17:29:55 - [MESSAGE][PASSED] - Text '31jbFvRQl7E9' is set on object 'Object Repository/VLink/Page_CCSale/txt_RemID'

2020-12-22 17:29:55 - [MESSAGE][PASSED] - Object 'Object Repository/VLink/Page_CCSale/txt_ApplicationId' is present

2020-12-22 17:29:56 - [MESSAGE][PASSED] - Text '672' is set on object 'Object Repository/VLink/Page_CCSale/txt_ApplicationId'

2020-12-22 17:29:57 - [MESSAGE][PASSED] - Object 'Object Repository/VLink/Page_CCSale/txt_Username' is present

2020-12-22 17:29:57 - [MESSAGE][PASSED] - Text 'username' is set on object 'Object Repository/VLink/Page_CCSale/txt_Username'

2020-12-22 17:29:57 - [MESSAGE][PASSED] - Object 'Object Repository/VLink/Page_CCSale/txt_Password' is present

2020-12-22 17:29:58 - [MESSAGE][PASSED] - Text 'password' is set on object 'Object Repository/VLink/Page_CCSale/txt_Password'

2020-12-22 17:29:58 - [MESSAGE][PASSED] - Object 'Object Repository/VLink/Page_CCSale/txt_ResponseFormat' is present

2020-12-22 17:29:59 - [MESSAGE][PASSED] - Text 'fixed_width' is set on object 'Object Repository/VLink/Page_CCSale/txt_ResponseFormat'

2020-12-22 17:29:59 - [MESSAGE][PASSED] - Object 'Object Repository/VLink/Page_CCSale/txt_Category' is present

2020-12-22 17:30:00 - [MESSAGE][PASSED] - Text 'RETL' is set on object 'Object Repository/VLink/Page_CCSale/txt_Category'

2020-12-22 17:30:00 - [MESSAGE][PASSED] - Object 'Object Repository/VLink/Page_CCSale/txt_TransactionID' is present

2020-12-22 17:30:01 - [MESSAGE][PASSED] - Text '' is set on object 'Object Repository/VLink/Page_CCSale/txt_TransactionID'

2020-12-22 17:30:01 - [MESSAGE][PASSED] - Object 'Object Repository/VLink/Page_CCSale/txt_ApprovalCode' is present

2020-12-22 17:30:02 - [MESSAGE][PASSED] - Text '' is set on object 'Object Repository/VLink/Page_CCSale/txt_ApprovalCode'

2020-12-22 17:30:02 - [MESSAGE][PASSED] - Object 'Object Repository/VLink/Page_CCSale/txt_CardName' is present

2020-12-22 17:30:02 - [MESSAGE][PASSED] - Text 'Arvind Silva' is set on object 'Object Repository/VLink/Page_CCSale/txt_CardName'

2020-12-22 17:30:03 - [MESSAGE][PASSED] - Object 'Object Repository/VLink/Page_CCSale/txt_AL1' is present

2020-12-22 17:30:03 - [MESSAGE][PASSED] - Text '111 Main Ave' is set on object 'Object Repository/VLink/Page_CCSale/txt_AL1'

2020-12-22 17:30:04 - [MESSAGE][PASSED] - Object 'Object Repository/VLink/Page_CCSale/txt_AL2' is present

2020-12-22 17:30:04 - [MESSAGE][PASSED] - Text '' is set on object 'Object Repository/VLink/Page_CCSale/txt_AL2'

2020-12-22 17:30:04 - [MESSAGE][PASSED] - Object 'Object Repository/VLink/Page_CCSale/txt_CardCity' is present

2020-12-22 17:30:05 - [MESSAGE][PASSED] - Text 'Arlington' is set on object 'Object Repository/VLink/Page_CCSale/txt_CardCity'

2020-12-22 17:30:05 - [MESSAGE][PASSED] - Object 'Object Repository/VLink/Page_CCSale/txt_CardState' is present

2020-12-22 17:30:06 - [MESSAGE][PASSED] - Text 'VA' is set on object 'Object Repository/VLink/Page_CCSale/txt_CardState'

2020-12-22 17:30:06 - [MESSAGE][PASSED] - Object 'Object Repository/VLink/Page_CCSale/txt_CardZIP' is present

2020-12-22 17:30:07 - [MESSAGE][PASSED] - Text '22201' is set on object 'Object Repository/VLink/Page_CCSale/txt_CardZIP'

2020-12-22 17:30:07 - [MESSAGE][PASSED] - Object 'Object Repository/VLink/Page_CCSale/txt_CountryID' is present

2020-12-22 17:30:08 - [MESSAGE][PASSED] - Text '' is set on object 'Object Repository/VLink/Page_CCSale/txt_CountryID'

2020-12-22 17:30:08 - [MESSAGE][PASSED] - Object 'Object Repository/VLink/Page_CCSale/txt_Amount' is present

2020-12-22 17:30:09 - [MESSAGE][PASSED] - Text '2.50' is set on object 'Object Repository/VLink/Page_CCSale/txt_Amount'

2020-12-22 17:30:09 - [MESSAGE][PASSED] - Object 'Object Repository/VLink/Page_CCSale/txt_CardNumber' is present

2020-12-22 17:30:10 - [MESSAGE][PASSED] - Text '370000000000002' is set on object 'Object Repository/VLink/Page_CCSale/txt_CardNumber'

2020-12-22 17:30:10 - [MESSAGE][PASSED] - Object 'Object Repository/VLink/Page_CCSale/txt_ExpMonth' is present

2020-12-22 17:30:11 - [MESSAGE][PASSED] - Text '01' is set on object 'Object Repository/VLink/Page_CCSale/txt_ExpMonth'

2020-12-22 17:30:11 - [MESSAGE][PASSED] - Object 'Object Repository/VLink/Page_CCSale/txt_ExpYear' is present

2020-12-22 17:30:12 - [MESSAGE][PASSED] - Text '2026' is set on object 'Object Repository/VLink/Page_CCSale/txt_ExpYear'

2020-12-22 17:30:12 - [MESSAGE][PASSED] - Object 'Object Repository/VLink/Page_CCSale/txt_CVV' is present

2020-12-22 17:30:13 - [MESSAGE][PASSED] - Text '' is set on object 'Object Repository/VLink/Page_CCSale/txt_CVV'

2020-12-22 17:30:13 - [MESSAGE][PASSED] - Object 'Object Repository/VLink/Page_CCSale/txt_CVVstate' is present

2020-12-22 17:30:14 - [MESSAGE][PASSED] - Text '' is set on object 'Object Repository/VLink/Page_CCSale/txt_CVVstate'

2020-12-22 17:30:14 - [MESSAGE][PASSED] - Object 'Object Repository/VLink/Page_CCSale/txt_TrackData' is present

2020-12-22 17:30:15 - [MESSAGE][PASSED] - Text '' is set on object 'Object Repository/VLink/Page_CCSale/txt_TrackData'

2020-12-22 17:30:15 - [MESSAGE][PASSED] - Object 'Object Repository/VLink/Page_CCSale/txt_Track1Data' is present

2020-12-22 17:30:16 - [MESSAGE][PASSED] - Text '' is set on object 'Object Repository/VLink/Page_CCSale/txt_Track1Data'

2020-12-22 17:30:16 - [MESSAGE][PASSED] - Object 'Object Repository/VLink/Page_CCSale/txt_Track2Data' is present

2020-12-22 17:30:17 - [MESSAGE][PASSED] - Text '' is set on object 'Object Repository/VLink/Page_CCSale/txt_Track2Data'

2020-12-22 17:30:17 - [MESSAGE][PASSED] - Object 'Object Repository/VLink/Page_CCSale/txt_POSEntryMode' is present

2020-12-22 17:30:18 - [MESSAGE][PASSED] - Text 'manual' is set on object 'Object Repository/VLink/Page_CCSale/txt_POSEntryMode'

2020-12-22 17:30:18 - [MESSAGE][PASSED] - Object 'Object Repository/VLink/Page_CCSale/txt_Email' is present

2020-12-22 17:30:19 - [MESSAGE][PASSED] - Text '' is set on object 'Object Repository/VLink/Page_CCSale/txt_Email'

2020-12-22 17:30:19 - [MESSAGE][PASSED] - Object 'Object Repository/VLink/Page_CCSale/txt_OrderNumber' is present

2020-12-22 17:30:20 - [MESSAGE][PASSED] - Text '' is set on object 'Object Repository/VLink/Page_CCSale/txt_OrderNumber'

2020-12-22 17:30:20 - [MESSAGE][PASSED] - Object 'Object Repository/VLink/Page_CCSale/txt_TaxAmount' is present

2020-12-22 17:30:21 - [MESSAGE][PASSED] - Text '' is set on object 'Object Repository/VLink/Page_CCSale/txt_TaxAmount'

2020-12-22 17:30:21 - [MESSAGE][PASSED] - Object 'Object Repository/VLink/Page_CCSale/txt_ChargeDescription' is present

2020-12-22 17:30:22 - [MESSAGE][PASSED] - Text '' is set on object 'Object Repository/VLink/Page_CCSale/txt_ChargeDescription'

2020-12-22 17:30:22 - [MESSAGE][PASSED] - Object 'Object Repository/VLink/Page_CCSale/txt_CAN' is present

2020-12-22 17:30:23 - [MESSAGE][PASSED] - Text '' is set on object 'Object Repository/VLink/Page_CCSale/txt_CAN'

2020-12-22 17:30:23 - [MESSAGE][PASSED] - Object 'Object Repository/VLink/Page_CCSale/txt_BillPaymentIndicator' is present

2020-12-22 17:30:24 - [MESSAGE][PASSED] - Text '' is set on object 'Object Repository/VLink/Page_CCSale/txt_BillPaymentIndicator'

2020-12-22 17:30:24 - [MESSAGE][PASSED] - Object 'Object Repository/VLink/Page_CCSale/txt_UDF1' is present

2020-12-22 17:30:25 - [MESSAGE][PASSED] - Text '' is set on object 'Object Repository/VLink/Page_CCSale/txt_UDF1'

2020-12-22 17:30:25 - [MESSAGE][PASSED] - Object 'Object Repository/VLink/Page_CCSale/txt_UDF2' is present

2020-12-22 17:30:26 - [MESSAGE][PASSED] - Text '' is set on object 'Object Repository/VLink/Page_CCSale/txt_UDF2'

2020-12-22 17:30:26 - [MESSAGE][PASSED] - Object 'Object Repository/VLink/Page_CCSale/txt_UDF3' is present

2020-12-22 17:30:27 - [MESSAGE][PASSED] - Text '' is set on object 'Object Repository/VLink/Page_CCSale/txt_UDF3'

2020-12-22 17:30:27 - [MESSAGE][PASSED] - Object 'Object Repository/VLink/Page_CCSale/txt_UDF4' is present

2020-12-22 17:30:28 - [MESSAGE][PASSED] - Text '' is set on object 'Object Repository/VLink/Page_CCSale/txt_UDF4'

2020-12-22 17:30:28 - [MESSAGE][PASSED] - Object 'Object Repository/VLink/Page_CCSale/txt_UDF5' is present

2020-12-22 17:30:29 - [MESSAGE][PASSED] - Text '' is set on object 'Object Repository/VLink/Page_CCSale/txt_UDF5'

2020-12-22 17:30:29 - [MESSAGE][PASSED] - Object 'Object Repository/VLink/Page_CCSale/txt_UDF6' is present

2020-12-22 17:30:30 - [MESSAGE][PASSED] - Text '' is set on object 'Object Repository/VLink/Page_CCSale/txt_UDF6'

2020-12-22 17:30:30 - [MESSAGE][PASSED] - Object 'Object Repository/VLink/Page_CCSale/txt_UDF7' is present

2020-12-22 17:30:31 - [MESSAGE][PASSED] - Text '' is set on object 'Object Repository/VLink/Page_CCSale/txt_UDF7'

2020-12-22 17:30:31 - [MESSAGE][PASSED] - Object 'Object Repository/VLink/Page_CCSale/txt_UDF8' is present

2020-12-22 17:30:32 - [MESSAGE][PASSED] - Text '' is set on object 'Object Repository/VLink/Page_CCSale/txt_UDF8'

2020-12-22 17:30:32 - [MESSAGE][PASSED] - Object 'Object Repository/VLink/Page_CCSale/txt_UDF9' is present

2020-12-22 17:30:33 - [MESSAGE][PASSED] - Text '' is set on object 'Object Repository/VLink/Page_CCSale/txt_UDF9'

2020-12-22 17:30:33 - [MESSAGE][PASSED] - Object 'Object Repository/VLink/Page_CCSale/txt_UDF10' is present

2020-12-22 17:30:34 - [MESSAGE][PASSED] - Text '' is set on object 'Object Repository/VLink/Page_CCSale/txt_UDF10'

2020-12-22 17:30:34 - [MESSAGE][PASSED] - Object 'Object Repository/VLink/Page_CCSale/txt_CardOnFileIndicator' is present

2020-12-22 17:30:35 - [MESSAGE][PASSED] - Text '' is set on object 'Object Repository/VLink/Page_CCSale/txt_CardOnFileIndicator'

2020-12-22 17:30:35 - [MESSAGE][PASSED] - Object 'Object Repository/VLink/Page_CCSale/txt_StoredCredentialIndicator' is present

2020-12-22 17:30:36 - [MESSAGE][PASSED] - Text '' is set on object 'Object Repository/VLink/Page_CCSale/txt_StoredCredentialIndicator'

2020-12-22 17:30:36 - [MESSAGE][PASSED] - Object 'Object Repository/VLink/Page_CCSale/txt_COFScheduledIndicator' is present

2020-12-22 17:30:37 - [MESSAGE][PASSED] - Text '' is set on object 'Object Repository/VLink/Page_CCSale/txt_COFScheduledIndicator'

2020-12-22 17:30:37 - [MESSAGE][PASSED] - Object 'Object Repository/VLink/Page_CCSale/txt_COFTransactionInitiatedBy' is present

2020-12-22 17:30:38 - [MESSAGE][PASSED] - Text '' is set on object 'Object Repository/VLink/Page_CCSale/txt_COFTransactionInitiatedBy'

2020-12-22 17:30:40 - [MESSAGE][PASSED] - Object: 'Object Repository/VLink/Page_CCSale/btn_ProcessVLinkTransaction' is clicked on

2020-12-22 17:30:45 - [MESSAGE][PASSED] - vlinkPages.saleCCPage.setDataSCC is PASSED

2020-12-22 17:30:45 - [TEST_STEP][PASSED] - if (verifyTextPresent("Transaction approved, no errors", true)): null

2020-12-22 17:30:45 - [MESSAGE][PASSED] - Text 'Transaction approved, no errors' is present on page  using regular expression

2020-12-22 17:30:45 - [TEST_STEP][PASSED] - println("Transaction Approved, no errors text is present on the Confirmation page"): null

2020-12-22 17:30:45 - [TEST_STEP][PASSED] - out.println("Pass Record Number: " + row): null

2020-12-22 17:30:45 - [TEST_STEP][PASSED] - sdfo = getText(findTestObject("Object Repository/Page_VLinkReceipt/pre_STX")): Text of object 'Object Repository/Page_VLinkReceipt/pre_STX' is: '<STX>31jbFvRQl7E9                  12087945            0  Transaction approved, no errors                   0                                                                                  X OK2070   <ETX>'

2020-12-22 17:30:46 - [MESSAGE][PASSED] - Text of object 'Object Repository/Page_VLinkReceipt/pre_STX' is: '<STX>31jbFvRQl7E9                  12087945            0  Transaction approved, no errors                   0                                                                                  X OK2070   <ETX>'

2020-12-22 17:30:46 - [TEST_STEP][PASSED] - out.println("sdfo: " + sdfo): null

2020-12-22 17:30:46 - [TEST_STEP][PASSED] - remID = substring(5, 35).trim(): null

2020-12-22 17:30:46 - [TEST_STEP][PASSED] - out.println("Remittance ID: " + remID): null

2020-12-22 17:30:46 - [TEST_STEP][PASSED] - traxID = substring(35, 55).trim(): null

2020-12-22 17:30:46 - [TEST_STEP][PASSED] - out.println("Transaction ID: " + traxID): null

2020-12-22 17:30:46 - [TEST_STEP][PASSED] - out.println("End Record Number: " + row): null

2020-12-22 17:30:46 - [TEST_STEP][PASSED] - closeBrowser(): Browser is closed

2020-12-22 17:30:47 - [MESSAGE][PASSED] - Browser is closed

2020-12-22 17:30:47 - [TEST_STEP][PASSED] - out.println("Begin Record Number: " + row): null

2020-12-22 17:30:47 - [TEST_STEP][PASSED] - openBrowser(VLinkURL + "authcap.html"): Browser is opened with url: 'https://dev-algorithm.govolution.com/vlinktest/QA/version_2_0/authcap.html'

2020-12-22 17:30:47 - [MESSAGE][INFO] - Starting 'Chrome' driver

2020-12-22 17:30:47 - [MESSAGE][INFO] - User set preference: ['acceptInsecureCerts', 'true']

2020-12-22 17:30:47 - [MESSAGE][INFO] - Action delay is set to 0 milliseconds

2020-12-22 17:30:50 - [MESSAGE][PASSED] - Browser is opened with url: 'https://dev-algorithm.govolution.com/vlinktest/QA/version_2_0/authcap.html'

2020-12-22 17:30:50 - [TEST_STEP][PASSED] - maximizeWindow(): Current window maximized

2020-12-22 17:30:50 - [MESSAGE][PASSED] - Current window maximized

2020-12-22 17:30:50 - [TEST_STEP][PASSED] - vlinkPages.saleCCPage.setDataSCC(row, dataFile): vlinkPages.saleCCPage.setDataSCC is PASSED

2020-12-22 17:30:52 - [MESSAGE][PASSED] - Object 'Object Repository/VLink/Page_CCSale/txt_CardNumber' is present

2020-12-22 17:30:52 - [MESSAGE][PASSED] - Object 'Object Repository/VLink/Page_CCSale/txt_TransactionType' is present

2020-12-22 17:30:53 - [MESSAGE][PASSED] - Text '104' is set on object 'Object Repository/VLink/Page_CCSale/txt_TransactionType'

2020-12-22 17:30:53 - [MESSAGE][PASSED] - Object 'Object Repository/VLink/Page_CCSale/txt_MessageVersion' is present

2020-12-22 17:30:54 - [MESSAGE][PASSED] - Text '2.0C' is set on object 'Object Repository/VLink/Page_CCSale/txt_MessageVersion'

2020-12-22 17:30:54 - [MESSAGE][PASSED] - Object 'Object Repository/VLink/Page_CCSale/txt_RemID' is present

2020-12-22 17:30:54 - [MESSAGE][PASSED] - Text 'Z18u8sMjwLJy' is set on object 'Object Repository/VLink/Page_CCSale/txt_RemID'

2020-12-22 17:30:55 - [MESSAGE][PASSED] - Object 'Object Repository/VLink/Page_CCSale/txt_ApplicationId' is present

2020-12-22 17:30:55 - [MESSAGE][PASSED] - Text '677' is set on object 'Object Repository/VLink/Page_CCSale/txt_ApplicationId'

2020-12-22 17:30:56 - [MESSAGE][PASSED] - Object 'Object Repository/VLink/Page_CCSale/txt_Username' is present

2020-12-22 17:30:56 - [MESSAGE][PASSED] - Text 'username' is set on object 'Object Repository/VLink/Page_CCSale/txt_Username'

2020-12-22 17:30:56 - [MESSAGE][PASSED] - Object 'Object Repository/VLink/Page_CCSale/txt_Password' is present

2020-12-22 17:30:57 - [MESSAGE][PASSED] - Text 'password' is set on object 'Object Repository/VLink/Page_CCSale/txt_Password'

2020-12-22 17:30:57 - [MESSAGE][PASSED] - Object 'Object Repository/VLink/Page_CCSale/txt_ResponseFormat' is present

2020-12-22 17:30:58 - [MESSAGE][PASSED] - Text 'fixed_width' is set on object 'Object Repository/VLink/Page_CCSale/txt_ResponseFormat'

2020-12-22 17:30:58 - [MESSAGE][PASSED] - Object 'Object Repository/VLink/Page_CCSale/txt_Category' is present

2020-12-22 17:30:59 - [MESSAGE][PASSED] - Text 'RETL' is set on object 'Object Repository/VLink/Page_CCSale/txt_Category'

2020-12-22 17:30:59 - [MESSAGE][PASSED] - Object 'Object Repository/VLink/Page_CCSale/txt_TransactionID' is present

2020-12-22 17:31:00 - [MESSAGE][PASSED] - Text '' is set on object 'Object Repository/VLink/Page_CCSale/txt_TransactionID'

2020-12-22 17:31:00 - [MESSAGE][PASSED] - Object 'Object Repository/VLink/Page_CCSale/txt_ApprovalCode' is present

2020-12-22 17:31:00 - [MESSAGE][PASSED] - Text '' is set on object 'Object Repository/VLink/Page_CCSale/txt_ApprovalCode'

2020-12-22 17:31:01 - [MESSAGE][PASSED] - Object 'Object Repository/VLink/Page_CCSale/txt_CardName' is present

2020-12-22 17:31:01 - [MESSAGE][PASSED] - Text 'Roshan Maha' is set on object 'Object Repository/VLink/Page_CCSale/txt_CardName'

2020-12-22 17:31:02 - [MESSAGE][PASSED] - Object 'Object Repository/VLink/Page_CCSale/txt_AL1' is present

2020-12-22 17:31:02 - [MESSAGE][PASSED] - Text '12563 Bazaar road' is set on object 'Object Repository/VLink/Page_CCSale/txt_AL1'

2020-12-22 17:31:03 - [MESSAGE][PASSED] - Object 'Object Repository/VLink/Page_CCSale/txt_AL2' is present

2020-12-22 17:31:03 - [MESSAGE][PASSED] - Text '' is set on object 'Object Repository/VLink/Page_CCSale/txt_AL2'

2020-12-22 17:31:04 - [MESSAGE][PASSED] - Object 'Object Repository/VLink/Page_CCSale/txt_CardCity' is present

2020-12-22 17:31:04 - [MESSAGE][PASSED] - Text 'Crofton' is set on object 'Object Repository/VLink/Page_CCSale/txt_CardCity'

2020-12-22 17:31:05 - [MESSAGE][PASSED] - Object 'Object Repository/VLink/Page_CCSale/txt_CardState' is present

2020-12-22 17:31:05 - [MESSAGE][PASSED] - Text 'MD' is set on object 'Object Repository/VLink/Page_CCSale/txt_CardState'

2020-12-22 17:31:06 - [MESSAGE][PASSED] - Object 'Object Repository/VLink/Page_CCSale/txt_CardZIP' is present

2020-12-22 17:31:06 - [MESSAGE][PASSED] - Text '21114' is set on object 'Object Repository/VLink/Page_CCSale/txt_CardZIP'

2020-12-22 17:31:07 - [MESSAGE][PASSED] - Object 'Object Repository/VLink/Page_CCSale/txt_CountryID' is present

2020-12-22 17:31:07 - [MESSAGE][PASSED] - Text '' is set on object 'Object Repository/VLink/Page_CCSale/txt_CountryID'

2020-12-22 17:31:08 - [MESSAGE][PASSED] - Object 'Object Repository/VLink/Page_CCSale/txt_Amount' is present

2020-12-22 17:31:08 - [MESSAGE][PASSED] - Text '3.50' is set on object 'Object Repository/VLink/Page_CCSale/txt_Amount'

2020-12-22 17:31:08 - [MESSAGE][PASSED] - Object 'Object Repository/VLink/Page_CCSale/txt_CardNumber' is present

2020-12-22 17:31:09 - [MESSAGE][PASSED] - Text '370000000000002' is set on object 'Object Repository/VLink/Page_CCSale/txt_CardNumber'

2020-12-22 17:31:09 - [MESSAGE][PASSED] - Object 'Object Repository/VLink/Page_CCSale/txt_ExpMonth' is present

2020-12-22 17:31:10 - [MESSAGE][PASSED] - Text '01' is set on object 'Object Repository/VLink/Page_CCSale/txt_ExpMonth'

2020-12-22 17:31:10 - [MESSAGE][PASSED] - Object 'Object Repository/VLink/Page_CCSale/txt_ExpYear' is present

2020-12-22 17:31:11 - [MESSAGE][PASSED] - Text '2026' is set on object 'Object Repository/VLink/Page_CCSale/txt_ExpYear'

2020-12-22 17:31:11 - [MESSAGE][PASSED] - Object 'Object Repository/VLink/Page_CCSale/txt_CVV' is present

2020-12-22 17:31:12 - [MESSAGE][PASSED] - Text '' is set on object 'Object Repository/VLink/Page_CCSale/txt_CVV'

2020-12-22 17:31:12 - [MESSAGE][PASSED] - Object 'Object Repository/VLink/Page_CCSale/txt_CVVstate' is present

2020-12-22 17:31:13 - [MESSAGE][PASSED] - Text '' is set on object 'Object Repository/VLink/Page_CCSale/txt_CVVstate'

2020-12-22 17:31:13 - [MESSAGE][PASSED] - Object 'Object Repository/VLink/Page_CCSale/txt_TrackData' is present

2020-12-22 17:31:14 - [MESSAGE][PASSED] - Text '' is set on object 'Object Repository/VLink/Page_CCSale/txt_TrackData'

2020-12-22 17:31:14 - [MESSAGE][PASSED] - Object 'Object Repository/VLink/Page_CCSale/txt_Track1Data' is present

2020-12-22 17:31:15 - [MESSAGE][PASSED] - Text '' is set on object 'Object Repository/VLink/Page_CCSale/txt_Track1Data'

2020-12-22 17:31:15 - [MESSAGE][PASSED] - Object 'Object Repository/VLink/Page_CCSale/txt_Track2Data' is present

2020-12-22 17:31:16 - [MESSAGE][PASSED] - Text '' is set on object 'Object Repository/VLink/Page_CCSale/txt_Track2Data'

2020-12-22 17:31:16 - [MESSAGE][PASSED] - Object 'Object Repository/VLink/Page_CCSale/txt_POSEntryMode' is present

2020-12-22 17:31:17 - [MESSAGE][PASSED] - Text 'manual' is set on object 'Object Repository/VLink/Page_CCSale/txt_POSEntryMode'

2020-12-22 17:31:17 - [MESSAGE][PASSED] - Object 'Object Repository/VLink/Page_CCSale/txt_Email' is present

2020-12-22 17:31:18 - [MESSAGE][PASSED] - Text '' is set on object 'Object Repository/VLink/Page_CCSale/txt_Email'

2020-12-22 17:31:18 - [MESSAGE][PASSED] - Object 'Object Repository/VLink/Page_CCSale/txt_OrderNumber' is present

2020-12-22 17:31:19 - [MESSAGE][PASSED] - Text '' is set on object 'Object Repository/VLink/Page_CCSale/txt_OrderNumber'

2020-12-22 17:31:19 - [MESSAGE][PASSED] - Object 'Object Repository/VLink/Page_CCSale/txt_TaxAmount' is present

2020-12-22 17:31:20 - [MESSAGE][PASSED] - Text '' is set on object 'Object Repository/VLink/Page_CCSale/txt_TaxAmount'

2020-12-22 17:31:20 - [MESSAGE][PASSED] - Object 'Object Repository/VLink/Page_CCSale/txt_ChargeDescription' is present

2020-12-22 17:31:21 - [MESSAGE][PASSED] - Text '' is set on object 'Object Repository/VLink/Page_CCSale/txt_ChargeDescription'

2020-12-22 17:31:21 - [MESSAGE][PASSED] - Object 'Object Repository/VLink/Page_CCSale/txt_CAN' is present

2020-12-22 17:31:22 - [MESSAGE][PASSED] - Text '' is set on object 'Object Repository/VLink/Page_CCSale/txt_CAN'

2020-12-22 17:31:22 - [MESSAGE][PASSED] - Object 'Object Repository/VLink/Page_CCSale/txt_BillPaymentIndicator' is present

2020-12-22 17:31:23 - [MESSAGE][PASSED] - Text '' is set on object 'Object Repository/VLink/Page_CCSale/txt_BillPaymentIndicator'

2020-12-22 17:31:23 - [MESSAGE][PASSED] - Object 'Object Repository/VLink/Page_CCSale/txt_UDF1' is present

2020-12-22 17:31:24 - [MESSAGE][PASSED] - Text '' is set on object 'Object Repository/VLink/Page_CCSale/txt_UDF1'

2020-12-22 17:31:24 - [MESSAGE][PASSED] - Object 'Object Repository/VLink/Page_CCSale/txt_UDF2' is present

2020-12-22 17:31:25 - [MESSAGE][PASSED] - Text '' is set on object 'Object Repository/VLink/Page_CCSale/txt_UDF2'

2020-12-22 17:31:25 - [MESSAGE][PASSED] - Object 'Object Repository/VLink/Page_CCSale/txt_UDF3' is present

2020-12-22 17:31:25 - [MESSAGE][PASSED] - Text '' is set on object 'Object Repository/VLink/Page_CCSale/txt_UDF3'

2020-12-22 17:31:26 - [MESSAGE][PASSED] - Object 'Object Repository/VLink/Page_CCSale/txt_UDF4' is present

2020-12-22 17:31:26 - [MESSAGE][PASSED] - Text '' is set on object 'Object Repository/VLink/Page_CCSale/txt_UDF4'

2020-12-22 17:31:27 - [MESSAGE][PASSED] - Object 'Object Repository/VLink/Page_CCSale/txt_UDF5' is present

2020-12-22 17:31:27 - [MESSAGE][PASSED] - Text '' is set on object 'Object Repository/VLink/Page_CCSale/txt_UDF5'

2020-12-22 17:31:28 - [MESSAGE][PASSED] - Object 'Object Repository/VLink/Page_CCSale/txt_UDF6' is present

2020-12-22 17:31:28 - [MESSAGE][PASSED] - Text '' is set on object 'Object Repository/VLink/Page_CCSale/txt_UDF6'

2020-12-22 17:31:29 - [MESSAGE][PASSED] - Object 'Object Repository/VLink/Page_CCSale/txt_UDF7' is present

2020-12-22 17:31:29 - [MESSAGE][PASSED] - Text '' is set on object 'Object Repository/VLink/Page_CCSale/txt_UDF7'

2020-12-22 17:31:30 - [MESSAGE][PASSED] - Object 'Object Repository/VLink/Page_CCSale/txt_UDF8' is present

2020-12-22 17:31:30 - [MESSAGE][PASSED] - Text '' is set on object 'Object Repository/VLink/Page_CCSale/txt_UDF8'

2020-12-22 17:31:31 - [MESSAGE][PASSED] - Object 'Object Repository/VLink/Page_CCSale/txt_UDF9' is present

2020-12-22 17:31:31 - [MESSAGE][PASSED] - Text '' is set on object 'Object Repository/VLink/Page_CCSale/txt_UDF9'

2020-12-22 17:31:32 - [MESSAGE][PASSED] - Object 'Object Repository/VLink/Page_CCSale/txt_UDF10' is present

2020-12-22 17:31:32 - [MESSAGE][PASSED] - Text '' is set on object 'Object Repository/VLink/Page_CCSale/txt_UDF10'

2020-12-22 17:31:32 - [MESSAGE][PASSED] - Object 'Object Repository/VLink/Page_CCSale/txt_CardOnFileIndicator' is present

2020-12-22 17:31:33 - [MESSAGE][PASSED] - Text '' is set on object 'Object Repository/VLink/Page_CCSale/txt_CardOnFileIndicator'

2020-12-22 17:31:33 - [MESSAGE][PASSED] - Object 'Object Repository/VLink/Page_CCSale/txt_StoredCredentialIndicator' is present

2020-12-22 17:31:34 - [MESSAGE][PASSED] - Text '' is set on object 'Object Repository/VLink/Page_CCSale/txt_StoredCredentialIndicator'

2020-12-22 17:31:34 - [MESSAGE][PASSED] - Object 'Object Repository/VLink/Page_CCSale/txt_COFScheduledIndicator' is present

2020-12-22 17:31:35 - [MESSAGE][PASSED] - Text '' is set on object 'Object Repository/VLink/Page_CCSale/txt_COFScheduledIndicator'

2020-12-22 17:31:35 - [MESSAGE][PASSED] - Object 'Object Repository/VLink/Page_CCSale/txt_COFTransactionInitiatedBy' is present

2020-12-22 17:31:36 - [MESSAGE][PASSED] - Text '' is set on object 'Object Repository/VLink/Page_CCSale/txt_COFTransactionInitiatedBy'

2020-12-22 17:31:39 - [MESSAGE][PASSED] - Object: 'Object Repository/VLink/Page_CCSale/btn_ProcessVLinkTransaction' is clicked on

2020-12-22 17:31:44 - [MESSAGE][PASSED] - vlinkPages.saleCCPage.setDataSCC is PASSED

2020-12-22 17:31:44 - [TEST_STEP][PASSED] - if (verifyTextPresent("Transaction approved, no errors", true)): null

2020-12-22 17:31:44 - [MESSAGE][PASSED] - Text 'Transaction approved, no errors' is present on page  using regular expression

2020-12-22 17:31:44 - [TEST_STEP][PASSED] - println("Transaction Approved, no errors text is present on the Confirmation page"): null

2020-12-22 17:31:44 - [TEST_STEP][PASSED] - out.println("Pass Record Number: " + row): null

2020-12-22 17:31:44 - [TEST_STEP][PASSED] - sdfo = getText(findTestObject("Object Repository/Page_VLinkReceipt/pre_STX")): Text of object 'Object Repository/Page_VLinkReceipt/pre_STX' is: '<STX>Z18u8sMjwLJy                  12087946            0  Transaction approved, no errors                   0                                                                                  X OK2140   <ETX>'

2020-12-22 17:31:44 - [MESSAGE][PASSED] - Text of object 'Object Repository/Page_VLinkReceipt/pre_STX' is: '<STX>Z18u8sMjwLJy                  12087946            0  Transaction approved, no errors                   0                                                                                  X OK2140   <ETX>'

2020-12-22 17:31:44 - [TEST_STEP][PASSED] - out.println("sdfo: " + sdfo): null

2020-12-22 17:31:44 - [TEST_STEP][PASSED] - remID = substring(5, 35).trim(): null

2020-12-22 17:31:44 - [TEST_STEP][PASSED] - out.println("Remittance ID: " + remID): null

2020-12-22 17:31:44 - [TEST_STEP][PASSED] - traxID = substring(35, 55).trim(): null

2020-12-22 17:31:44 - [TEST_STEP][PASSED] - out.println("Transaction ID: " + traxID): null

2020-12-22 17:31:44 - [TEST_STEP][PASSED] - out.println("End Record Number: " + row): null

2020-12-22 17:31:44 - [TEST_STEP][PASSED] - closeBrowser(): Browser is closed

2020-12-22 17:31:45 - [MESSAGE][PASSED] - Browser is closed

2020-12-22 17:31:45 - [TEST_STEP][PASSED] - out.println("Begin Record Number: " + row): null

2020-12-22 17:31:45 - [TEST_STEP][PASSED] - openBrowser(VLinkURL + "authcap.html"): Browser is opened with url: 'https://dev-algorithm.govolution.com/vlinktest/QA/version_2_0/authcap.html'

2020-12-22 17:31:45 - [MESSAGE][INFO] - Starting 'Chrome' driver

2020-12-22 17:31:45 - [MESSAGE][INFO] - User set preference: ['acceptInsecureCerts', 'true']

2020-12-22 17:31:45 - [MESSAGE][INFO] - Action delay is set to 0 milliseconds

2020-12-22 17:31:49 - [MESSAGE][PASSED] - Browser is opened with url: 'https://dev-algorithm.govolution.com/vlinktest/QA/version_2_0/authcap.html'

2020-12-22 17:31:49 - [TEST_STEP][PASSED] - maximizeWindow(): Current window maximized

2020-12-22 17:31:49 - [MESSAGE][PASSED] - Current window maximized

2020-12-22 17:31:49 - [TEST_STEP][PASSED] - vlinkPages.saleCCPage.setDataSCC(row, dataFile): vlinkPages.saleCCPage.setDataSCC is PASSED

2020-12-22 17:31:50 - [MESSAGE][PASSED] - Object 'Object Repository/VLink/Page_CCSale/txt_CardNumber' is present

2020-12-22 17:31:50 - [MESSAGE][PASSED] - Object 'Object Repository/VLink/Page_CCSale/txt_TransactionType' is present

2020-12-22 17:31:51 - [MESSAGE][PASSED] - Text '104' is set on object 'Object Repository/VLink/Page_CCSale/txt_TransactionType'

2020-12-22 17:31:51 - [MESSAGE][PASSED] - Object 'Object Repository/VLink/Page_CCSale/txt_MessageVersion' is present

2020-12-22 17:31:52 - [MESSAGE][PASSED] - Text '2.0C' is set on object 'Object Repository/VLink/Page_CCSale/txt_MessageVersion'

2020-12-22 17:31:52 - [MESSAGE][PASSED] - Object 'Object Repository/VLink/Page_CCSale/txt_RemID' is present

2020-12-22 17:31:53 - [MESSAGE][PASSED] - Text 'hijaLP5z3ODD' is set on object 'Object Repository/VLink/Page_CCSale/txt_RemID'

2020-12-22 17:31:53 - [MESSAGE][PASSED] - Object 'Object Repository/VLink/Page_CCSale/txt_ApplicationId' is present

2020-12-22 17:31:54 - [MESSAGE][PASSED] - Text '665' is set on object 'Object Repository/VLink/Page_CCSale/txt_ApplicationId'

2020-12-22 17:31:54 - [MESSAGE][PASSED] - Object 'Object Repository/VLink/Page_CCSale/txt_Username' is present

2020-12-22 17:31:54 - [MESSAGE][PASSED] - Text 'username' is set on object 'Object Repository/VLink/Page_CCSale/txt_Username'

2020-12-22 17:31:55 - [MESSAGE][PASSED] - Object 'Object Repository/VLink/Page_CCSale/txt_Password' is present

2020-12-22 17:31:55 - [MESSAGE][PASSED] - Text 'password' is set on object 'Object Repository/VLink/Page_CCSale/txt_Password'

2020-12-22 17:31:56 - [MESSAGE][PASSED] - Object 'Object Repository/VLink/Page_CCSale/txt_ResponseFormat' is present

2020-12-22 17:31:56 - [MESSAGE][PASSED] - Text 'fixed_width' is set on object 'Object Repository/VLink/Page_CCSale/txt_ResponseFormat'

2020-12-22 17:31:56 - [MESSAGE][PASSED] - Object 'Object Repository/VLink/Page_CCSale/txt_Category' is present

2020-12-22 17:31:57 - [MESSAGE][PASSED] - Text 'RETL' is set on object 'Object Repository/VLink/Page_CCSale/txt_Category'

2020-12-22 17:31:57 - [MESSAGE][PASSED] - Object 'Object Repository/VLink/Page_CCSale/txt_TransactionID' is present

2020-12-22 17:31:58 - [MESSAGE][PASSED] - Text '' is set on object 'Object Repository/VLink/Page_CCSale/txt_TransactionID'

2020-12-22 17:31:58 - [MESSAGE][PASSED] - Object 'Object Repository/VLink/Page_CCSale/txt_ApprovalCode' is present

2020-12-22 17:31:59 - [MESSAGE][PASSED] - Text '' is set on object 'Object Repository/VLink/Page_CCSale/txt_ApprovalCode'

2020-12-22 17:31:59 - [MESSAGE][PASSED] - Object 'Object Repository/VLink/Page_CCSale/txt_CardName' is present

2020-12-22 17:32:00 - [MESSAGE][PASSED] - Text 'Kris Roshan' is set on object 'Object Repository/VLink/Page_CCSale/txt_CardName'

2020-12-22 17:32:00 - [MESSAGE][PASSED] - Object 'Object Repository/VLink/Page_CCSale/txt_AL1' is present

2020-12-22 17:32:01 - [MESSAGE][PASSED] - Text '258 Elm Road' is set on object 'Object Repository/VLink/Page_CCSale/txt_AL1'

2020-12-22 17:32:01 - [MESSAGE][PASSED] - Object 'Object Repository/VLink/Page_CCSale/txt_AL2' is present

2020-12-22 17:32:02 - [MESSAGE][PASSED] - Text 'Suite 56' is set on object 'Object Repository/VLink/Page_CCSale/txt_AL2'

2020-12-22 17:32:02 - [MESSAGE][PASSED] - Object 'Object Repository/VLink/Page_CCSale/txt_CardCity' is present

2020-12-22 17:32:03 - [MESSAGE][PASSED] - Text 'Arlington' is set on object 'Object Repository/VLink/Page_CCSale/txt_CardCity'

2020-12-22 17:32:03 - [MESSAGE][PASSED] - Object 'Object Repository/VLink/Page_CCSale/txt_CardState' is present

2020-12-22 17:32:04 - [MESSAGE][PASSED] - Text 'VA' is set on object 'Object Repository/VLink/Page_CCSale/txt_CardState'

2020-12-22 17:32:04 - [MESSAGE][PASSED] - Object 'Object Repository/VLink/Page_CCSale/txt_CardZIP' is present

2020-12-22 17:32:05 - [MESSAGE][PASSED] - Text '22201' is set on object 'Object Repository/VLink/Page_CCSale/txt_CardZIP'

2020-12-22 17:32:05 - [MESSAGE][PASSED] - Object 'Object Repository/VLink/Page_CCSale/txt_CountryID' is present

2020-12-22 17:32:06 - [MESSAGE][PASSED] - Text '840' is set on object 'Object Repository/VLink/Page_CCSale/txt_CountryID'

2020-12-22 17:32:06 - [MESSAGE][PASSED] - Object 'Object Repository/VLink/Page_CCSale/txt_Amount' is present

2020-12-22 17:32:07 - [MESSAGE][PASSED] - Text '1.50' is set on object 'Object Repository/VLink/Page_CCSale/txt_Amount'

2020-12-22 17:32:07 - [MESSAGE][PASSED] - Object 'Object Repository/VLink/Page_CCSale/txt_CardNumber' is present

2020-12-22 17:32:08 - [MESSAGE][PASSED] - Text '6011000000000004' is set on object 'Object Repository/VLink/Page_CCSale/txt_CardNumber'

2020-12-22 17:32:08 - [MESSAGE][PASSED] - Object 'Object Repository/VLink/Page_CCSale/txt_ExpMonth' is present

2020-12-22 17:32:09 - [MESSAGE][PASSED] - Text '12' is set on object 'Object Repository/VLink/Page_CCSale/txt_ExpMonth'

2020-12-22 17:32:09 - [MESSAGE][PASSED] - Object 'Object Repository/VLink/Page_CCSale/txt_ExpYear' is present

2020-12-22 17:32:10 - [MESSAGE][PASSED] - Text '2025' is set on object 'Object Repository/VLink/Page_CCSale/txt_ExpYear'

2020-12-22 17:32:10 - [MESSAGE][PASSED] - Object 'Object Repository/VLink/Page_CCSale/txt_CVV' is present

2020-12-22 17:32:10 - [MESSAGE][PASSED] - Text '' is set on object 'Object Repository/VLink/Page_CCSale/txt_CVV'

2020-12-22 17:32:11 - [MESSAGE][PASSED] - Object 'Object Repository/VLink/Page_CCSale/txt_CVVstate' is present

2020-12-22 17:32:11 - [MESSAGE][PASSED] - Text '' is set on object 'Object Repository/VLink/Page_CCSale/txt_CVVstate'

2020-12-22 17:32:12 - [MESSAGE][PASSED] - Object 'Object Repository/VLink/Page_CCSale/txt_TrackData' is present

2020-12-22 17:32:12 - [MESSAGE][PASSED] - Text '' is set on object 'Object Repository/VLink/Page_CCSale/txt_TrackData'

2020-12-22 17:32:13 - [MESSAGE][PASSED] - Object 'Object Repository/VLink/Page_CCSale/txt_Track1Data' is present

2020-12-22 17:32:13 - [MESSAGE][PASSED] - Text '' is set on object 'Object Repository/VLink/Page_CCSale/txt_Track1Data'

2020-12-22 17:32:14 - [MESSAGE][PASSED] - Object 'Object Repository/VLink/Page_CCSale/txt_Track2Data' is present

2020-12-22 17:32:14 - [MESSAGE][PASSED] - Text '' is set on object 'Object Repository/VLink/Page_CCSale/txt_Track2Data'

2020-12-22 17:32:15 - [MESSAGE][PASSED] - Object 'Object Repository/VLink/Page_CCSale/txt_POSEntryMode' is present

2020-12-22 17:32:15 - [MESSAGE][PASSED] - Text 'manual' is set on object 'Object Repository/VLink/Page_CCSale/txt_POSEntryMode'

2020-12-22 17:32:16 - [MESSAGE][PASSED] - Object 'Object Repository/VLink/Page_CCSale/txt_Email' is present

2020-12-22 17:32:16 - [MESSAGE][PASSED] - Text 'iahmed@govolution.com' is set on object 'Object Repository/VLink/Page_CCSale/txt_Email'

2020-12-22 17:32:17 - [MESSAGE][PASSED] - Object 'Object Repository/VLink/Page_CCSale/txt_OrderNumber' is present

2020-12-22 17:32:17 - [MESSAGE][PASSED] - Text '2569362' is set on object 'Object Repository/VLink/Page_CCSale/txt_OrderNumber'

2020-12-22 17:32:18 - [MESSAGE][PASSED] - Object 'Object Repository/VLink/Page_CCSale/txt_TaxAmount' is present

2020-12-22 17:32:18 - [MESSAGE][PASSED] - Text '1.15' is set on object 'Object Repository/VLink/Page_CCSale/txt_TaxAmount'

2020-12-22 17:32:19 - [MESSAGE][PASSED] - Object 'Object Repository/VLink/Page_CCSale/txt_ChargeDescription' is present

2020-12-22 17:32:19 - [MESSAGE][PASSED] - Text 'Charge Description' is set on object 'Object Repository/VLink/Page_CCSale/txt_ChargeDescription'

2020-12-22 17:32:20 - [MESSAGE][PASSED] - Object 'Object Repository/VLink/Page_CCSale/txt_CAN' is present

2020-12-22 17:32:20 - [MESSAGE][PASSED] - Text '147357' is set on object 'Object Repository/VLink/Page_CCSale/txt_CAN'

2020-12-22 17:32:21 - [MESSAGE][PASSED] - Object 'Object Repository/VLink/Page_CCSale/txt_BillPaymentIndicator' is present

2020-12-22 17:32:21 - [MESSAGE][PASSED] - Text '1' is set on object 'Object Repository/VLink/Page_CCSale/txt_BillPaymentIndicator'

2020-12-22 17:32:22 - [MESSAGE][PASSED] - Object 'Object Repository/VLink/Page_CCSale/txt_UDF1' is present

2020-12-22 17:32:22 - [MESSAGE][PASSED] - Text 'UDF Data 1' is set on object 'Object Repository/VLink/Page_CCSale/txt_UDF1'

2020-12-22 17:32:23 - [MESSAGE][PASSED] - Object 'Object Repository/VLink/Page_CCSale/txt_UDF2' is present

2020-12-22 17:32:23 - [MESSAGE][PASSED] - Text 'UDF Data 2' is set on object 'Object Repository/VLink/Page_CCSale/txt_UDF2'

2020-12-22 17:32:24 - [MESSAGE][PASSED] - Object 'Object Repository/VLink/Page_CCSale/txt_UDF3' is present

2020-12-22 17:32:24 - [MESSAGE][PASSED] - Text 'UDF Data 3' is set on object 'Object Repository/VLink/Page_CCSale/txt_UDF3'

2020-12-22 17:32:25 - [MESSAGE][PASSED] - Object 'Object Repository/VLink/Page_CCSale/txt_UDF4' is present

2020-12-22 17:32:25 - [MESSAGE][PASSED] - Text 'UDF Data 4' is set on object 'Object Repository/VLink/Page_CCSale/txt_UDF4'

2020-12-22 17:32:26 - [MESSAGE][PASSED] - Object 'Object Repository/VLink/Page_CCSale/txt_UDF5' is present

2020-12-22 17:32:26 - [MESSAGE][PASSED] - Text 'UDF Data 5' is set on object 'Object Repository/VLink/Page_CCSale/txt_UDF5'

2020-12-22 17:32:26 - [MESSAGE][PASSED] - Object 'Object Repository/VLink/Page_CCSale/txt_UDF6' is present

2020-12-22 17:32:27 - [MESSAGE][PASSED] - Text 'UDF Data 6' is set on object 'Object Repository/VLink/Page_CCSale/txt_UDF6'

2020-12-22 17:32:27 - [MESSAGE][PASSED] - Object 'Object Repository/VLink/Page_CCSale/txt_UDF7' is present

2020-12-22 17:32:28 - [MESSAGE][PASSED] - Text 'UDF Data 7' is set on object 'Object Repository/VLink/Page_CCSale/txt_UDF7'

2020-12-22 17:32:28 - [MESSAGE][PASSED] - Object 'Object Repository/VLink/Page_CCSale/txt_UDF8' is present

2020-12-22 17:32:29 - [MESSAGE][PASSED] - Text 'UDF Data 8' is set on object 'Object Repository/VLink/Page_CCSale/txt_UDF8'

2020-12-22 17:32:29 - [MESSAGE][PASSED] - Object 'Object Repository/VLink/Page_CCSale/txt_UDF9' is present

2020-12-22 17:32:30 - [MESSAGE][PASSED] - Text 'UDF Data 9' is set on object 'Object Repository/VLink/Page_CCSale/txt_UDF9'

2020-12-22 17:32:30 - [MESSAGE][PASSED] - Object 'Object Repository/VLink/Page_CCSale/txt_UDF10' is present

2020-12-22 17:32:31 - [MESSAGE][PASSED] - Text 'UDF Data 10' is set on object 'Object Repository/VLink/Page_CCSale/txt_UDF10'

2020-12-22 17:32:31 - [MESSAGE][PASSED] - Object 'Object Repository/VLink/Page_CCSale/txt_CardOnFileIndicator' is present

2020-12-22 17:32:32 - [MESSAGE][PASSED] - Text '' is set on object 'Object Repository/VLink/Page_CCSale/txt_CardOnFileIndicator'

2020-12-22 17:32:32 - [MESSAGE][PASSED] - Object 'Object Repository/VLink/Page_CCSale/txt_StoredCredentialIndicator' is present

2020-12-22 17:32:33 - [MESSAGE][PASSED] - Text '' is set on object 'Object Repository/VLink/Page_CCSale/txt_StoredCredentialIndicator'

2020-12-22 17:32:33 - [MESSAGE][PASSED] - Object 'Object Repository/VLink/Page_CCSale/txt_COFScheduledIndicator' is present

2020-12-22 17:32:34 - [MESSAGE][PASSED] - Text '' is set on object 'Object Repository/VLink/Page_CCSale/txt_COFScheduledIndicator'

2020-12-22 17:32:34 - [MESSAGE][PASSED] - Object 'Object Repository/VLink/Page_CCSale/txt_COFTransactionInitiatedBy' is present

2020-12-22 17:32:35 - [MESSAGE][PASSED] - Text '' is set on object 'Object Repository/VLink/Page_CCSale/txt_COFTransactionInitiatedBy'

2020-12-22 17:32:38 - [MESSAGE][PASSED] - Object: 'Object Repository/VLink/Page_CCSale/btn_ProcessVLinkTransaction' is clicked on

2020-12-22 17:32:43 - [MESSAGE][PASSED] - vlinkPages.saleCCPage.setDataSCC is PASSED

2020-12-22 17:32:43 - [TEST_STEP][PASSED] - if (verifyTextPresent("Transaction approved, no errors", true)): null

2020-12-22 17:32:43 - [MESSAGE][PASSED] - Text 'Transaction approved, no errors' is present on page  using regular expression

2020-12-22 17:32:43 - [TEST_STEP][PASSED] - println("Transaction Approved, no errors text is present on the Confirmation page"): null

2020-12-22 17:32:43 - [TEST_STEP][PASSED] - out.println("Pass Record Number: " + row): null

2020-12-22 17:32:43 - [TEST_STEP][PASSED] - sdfo = getText(findTestObject("Object Repository/Page_VLinkReceipt/pre_STX")): Text of object 'Object Repository/Page_VLinkReceipt/pre_STX' is: '<STX>hijaLP5z3ODD                  12087948            0  Transaction approved, no errors                   0                                                                                  X OK2240   <ETX>'

2020-12-22 17:32:43 - [MESSAGE][PASSED] - Text of object 'Object Repository/Page_VLinkReceipt/pre_STX' is: '<STX>hijaLP5z3ODD                  12087948            0  Transaction approved, no errors                   0                                                                                  X OK2240   <ETX>'

2020-12-22 17:32:43 - [TEST_STEP][PASSED] - out.println("sdfo: " + sdfo): null

2020-12-22 17:32:43 - [TEST_STEP][PASSED] - remID = substring(5, 35).trim(): null

2020-12-22 17:32:43 - [TEST_STEP][PASSED] - out.println("Remittance ID: " + remID): null

2020-12-22 17:32:43 - [TEST_STEP][PASSED] - traxID = substring(35, 55).trim(): null

2020-12-22 17:32:43 - [TEST_STEP][PASSED] - out.println("Transaction ID: " + traxID): null

2020-12-22 17:32:43 - [TEST_STEP][PASSED] - out.println("End Record Number: " + row): null

2020-12-22 17:32:43 - [TEST_STEP][PASSED] - closeBrowser(): Browser is closed

2020-12-22 17:32:44 - [MESSAGE][PASSED] - Browser is closed

2020-12-22 17:32:44 - [TEST_STEP][PASSED] - out.println("Begin Record Number: " + row): null

2020-12-22 17:32:44 - [TEST_STEP][PASSED] - openBrowser(VLinkURL + "authcap.html"): Browser is opened with url: 'https://dev-algorithm.govolution.com/vlinktest/QA/version_2_0/authcap.html'

2020-12-22 17:32:44 - [MESSAGE][INFO] - Starting 'Chrome' driver

2020-12-22 17:32:44 - [MESSAGE][INFO] - User set preference: ['acceptInsecureCerts', 'true']

2020-12-22 17:32:44 - [MESSAGE][INFO] - Action delay is set to 0 milliseconds

2020-12-22 17:32:47 - [MESSAGE][PASSED] - Browser is opened with url: 'https://dev-algorithm.govolution.com/vlinktest/QA/version_2_0/authcap.html'

2020-12-22 17:32:47 - [TEST_STEP][PASSED] - maximizeWindow(): Current window maximized

2020-12-22 17:32:48 - [MESSAGE][PASSED] - Current window maximized

2020-12-22 17:32:48 - [TEST_STEP][PASSED] - vlinkPages.saleCCPage.setDataSCC(row, dataFile): vlinkPages.saleCCPage.setDataSCC is PASSED

2020-12-22 17:32:49 - [MESSAGE][PASSED] - Object 'Object Repository/VLink/Page_CCSale/txt_CardNumber' is present

2020-12-22 17:32:49 - [MESSAGE][PASSED] - Object 'Object Repository/VLink/Page_CCSale/txt_TransactionType' is present

2020-12-22 17:32:50 - [MESSAGE][PASSED] - Text '104' is set on object 'Object Repository/VLink/Page_CCSale/txt_TransactionType'

2020-12-22 17:32:50 - [MESSAGE][PASSED] - Object 'Object Repository/VLink/Page_CCSale/txt_MessageVersion' is present

2020-12-22 17:32:51 - [MESSAGE][PASSED] - Text '2.0C' is set on object 'Object Repository/VLink/Page_CCSale/txt_MessageVersion'

2020-12-22 17:32:51 - [MESSAGE][PASSED] - Object 'Object Repository/VLink/Page_CCSale/txt_RemID' is present

2020-12-22 17:32:52 - [MESSAGE][PASSED] - Text 'IxjT0Zu6flbH' is set on object 'Object Repository/VLink/Page_CCSale/txt_RemID'

2020-12-22 17:32:52 - [MESSAGE][PASSED] - Object 'Object Repository/VLink/Page_CCSale/txt_ApplicationId' is present

2020-12-22 17:32:52 - [MESSAGE][PASSED] - Text '672' is set on object 'Object Repository/VLink/Page_CCSale/txt_ApplicationId'

2020-12-22 17:32:53 - [MESSAGE][PASSED] - Object 'Object Repository/VLink/Page_CCSale/txt_Username' is present

2020-12-22 17:32:53 - [MESSAGE][PASSED] - Text 'username' is set on object 'Object Repository/VLink/Page_CCSale/txt_Username'

2020-12-22 17:32:54 - [MESSAGE][PASSED] - Object 'Object Repository/VLink/Page_CCSale/txt_Password' is present

2020-12-22 17:32:54 - [MESSAGE][PASSED] - Text 'password' is set on object 'Object Repository/VLink/Page_CCSale/txt_Password'

2020-12-22 17:32:54 - [MESSAGE][PASSED] - Object 'Object Repository/VLink/Page_CCSale/txt_ResponseFormat' is present

2020-12-22 17:32:55 - [MESSAGE][PASSED] - Text 'fixed_width' is set on object 'Object Repository/VLink/Page_CCSale/txt_ResponseFormat'

2020-12-22 17:32:55 - [MESSAGE][PASSED] - Object 'Object Repository/VLink/Page_CCSale/txt_Category' is present

2020-12-22 17:32:56 - [MESSAGE][PASSED] - Text 'RETL' is set on object 'Object Repository/VLink/Page_CCSale/txt_Category'

2020-12-22 17:32:56 - [MESSAGE][PASSED] - Object 'Object Repository/VLink/Page_CCSale/txt_TransactionID' is present

2020-12-22 17:32:57 - [MESSAGE][PASSED] - Text '' is set on object 'Object Repository/VLink/Page_CCSale/txt_TransactionID'

2020-12-22 17:32:57 - [MESSAGE][PASSED] - Object 'Object Repository/VLink/Page_CCSale/txt_ApprovalCode' is present

2020-12-22 17:32:58 - [MESSAGE][PASSED] - Text '' is set on object 'Object Repository/VLink/Page_CCSale/txt_ApprovalCode'

2020-12-22 17:32:58 - [MESSAGE][PASSED] - Object 'Object Repository/VLink/Page_CCSale/txt_CardName' is present

2020-12-22 17:32:59 - [MESSAGE][PASSED] - Text 'Arvind Silva' is set on object 'Object Repository/VLink/Page_CCSale/txt_CardName'

2020-12-22 17:32:59 - [MESSAGE][PASSED] - Object 'Object Repository/VLink/Page_CCSale/txt_AL1' is present

2020-12-22 17:33:00 - [MESSAGE][PASSED] - Text '111 Main Ave' is set on object 'Object Repository/VLink/Page_CCSale/txt_AL1'

2020-12-22 17:33:00 - [MESSAGE][PASSED] - Object 'Object Repository/VLink/Page_CCSale/txt_AL2' is present

2020-12-22 17:33:01 - [MESSAGE][PASSED] - Text '' is set on object 'Object Repository/VLink/Page_CCSale/txt_AL2'

2020-12-22 17:33:01 - [MESSAGE][PASSED] - Object 'Object Repository/VLink/Page_CCSale/txt_CardCity' is present

2020-12-22 17:33:02 - [MESSAGE][PASSED] - Text 'Arlington' is set on object 'Object Repository/VLink/Page_CCSale/txt_CardCity'

2020-12-22 17:33:02 - [MESSAGE][PASSED] - Object 'Object Repository/VLink/Page_CCSale/txt_CardState' is present

2020-12-22 17:33:03 - [MESSAGE][PASSED] - Text 'VA' is set on object 'Object Repository/VLink/Page_CCSale/txt_CardState'

2020-12-22 17:33:03 - [MESSAGE][PASSED] - Object 'Object Repository/VLink/Page_CCSale/txt_CardZIP' is present

2020-12-22 17:33:04 - [MESSAGE][PASSED] - Text '22201' is set on object 'Object Repository/VLink/Page_CCSale/txt_CardZIP'

2020-12-22 17:33:04 - [MESSAGE][PASSED] - Object 'Object Repository/VLink/Page_CCSale/txt_CountryID' is present

2020-12-22 17:33:05 - [MESSAGE][PASSED] - Text '' is set on object 'Object Repository/VLink/Page_CCSale/txt_CountryID'

2020-12-22 17:33:05 - [MESSAGE][PASSED] - Object 'Object Repository/VLink/Page_CCSale/txt_Amount' is present

2020-12-22 17:33:06 - [MESSAGE][PASSED] - Text '2.50' is set on object 'Object Repository/VLink/Page_CCSale/txt_Amount'

2020-12-22 17:33:06 - [MESSAGE][PASSED] - Object 'Object Repository/VLink/Page_CCSale/txt_CardNumber' is present

2020-12-22 17:33:07 - [MESSAGE][PASSED] - Text '6011000000000004' is set on object 'Object Repository/VLink/Page_CCSale/txt_CardNumber'

2020-12-22 17:33:07 - [MESSAGE][PASSED] - Object 'Object Repository/VLink/Page_CCSale/txt_ExpMonth' is present

2020-12-22 17:33:08 - [MESSAGE][PASSED] - Text '01' is set on object 'Object Repository/VLink/Page_CCSale/txt_ExpMonth'

2020-12-22 17:33:08 - [MESSAGE][PASSED] - Object 'Object Repository/VLink/Page_CCSale/txt_ExpYear' is present

2020-12-22 17:33:09 - [MESSAGE][PASSED] - Text '2026' is set on object 'Object Repository/VLink/Page_CCSale/txt_ExpYear'

2020-12-22 17:33:09 - [MESSAGE][PASSED] - Object 'Object Repository/VLink/Page_CCSale/txt_CVV' is present

2020-12-22 17:33:10 - [MESSAGE][PASSED] - Text '' is set on object 'Object Repository/VLink/Page_CCSale/txt_CVV'

2020-12-22 17:33:10 - [MESSAGE][PASSED] - Object 'Object Repository/VLink/Page_CCSale/txt_CVVstate' is present

2020-12-22 17:33:11 - [MESSAGE][PASSED] - Text '' is set on object 'Object Repository/VLink/Page_CCSale/txt_CVVstate'

2020-12-22 17:33:11 - [MESSAGE][PASSED] - Object 'Object Repository/VLink/Page_CCSale/txt_TrackData' is present

2020-12-22 17:33:12 - [MESSAGE][PASSED] - Text '' is set on object 'Object Repository/VLink/Page_CCSale/txt_TrackData'

2020-12-22 17:33:12 - [MESSAGE][PASSED] - Object 'Object Repository/VLink/Page_CCSale/txt_Track1Data' is present

2020-12-22 17:33:13 - [MESSAGE][PASSED] - Text '' is set on object 'Object Repository/VLink/Page_CCSale/txt_Track1Data'

2020-12-22 17:33:13 - [MESSAGE][PASSED] - Object 'Object Repository/VLink/Page_CCSale/txt_Track2Data' is present

2020-12-22 17:33:14 - [MESSAGE][PASSED] - Text '' is set on object 'Object Repository/VLink/Page_CCSale/txt_Track2Data'

2020-12-22 17:33:14 - [MESSAGE][PASSED] - Object 'Object Repository/VLink/Page_CCSale/txt_POSEntryMode' is present

2020-12-22 17:33:15 - [MESSAGE][PASSED] - Text 'manual' is set on object 'Object Repository/VLink/Page_CCSale/txt_POSEntryMode'

2020-12-22 17:33:15 - [MESSAGE][PASSED] - Object 'Object Repository/VLink/Page_CCSale/txt_Email' is present

2020-12-22 17:33:16 - [MESSAGE][PASSED] - Text '' is set on object 'Object Repository/VLink/Page_CCSale/txt_Email'

2020-12-22 17:33:16 - [MESSAGE][PASSED] - Object 'Object Repository/VLink/Page_CCSale/txt_OrderNumber' is present

2020-12-22 17:33:17 - [MESSAGE][PASSED] - Text '' is set on object 'Object Repository/VLink/Page_CCSale/txt_OrderNumber'

2020-12-22 17:33:17 - [MESSAGE][PASSED] - Object 'Object Repository/VLink/Page_CCSale/txt_TaxAmount' is present

2020-12-22 17:33:18 - [MESSAGE][PASSED] - Text '' is set on object 'Object Repository/VLink/Page_CCSale/txt_TaxAmount'

2020-12-22 17:33:18 - [MESSAGE][PASSED] - Object 'Object Repository/VLink/Page_CCSale/txt_ChargeDescription' is present

2020-12-22 17:33:19 - [MESSAGE][PASSED] - Text '' is set on object 'Object Repository/VLink/Page_CCSale/txt_ChargeDescription'

2020-12-22 17:33:19 - [MESSAGE][PASSED] - Object 'Object Repository/VLink/Page_CCSale/txt_CAN' is present

2020-12-22 17:33:20 - [MESSAGE][PASSED] - Text '' is set on object 'Object Repository/VLink/Page_CCSale/txt_CAN'

2020-12-22 17:33:20 - [MESSAGE][PASSED] - Object 'Object Repository/VLink/Page_CCSale/txt_BillPaymentIndicator' is present

2020-12-22 17:33:21 - [MESSAGE][PASSED] - Text '' is set on object 'Object Repository/VLink/Page_CCSale/txt_BillPaymentIndicator'

2020-12-22 17:33:21 - [MESSAGE][PASSED] - Object 'Object Repository/VLink/Page_CCSale/txt_UDF1' is present

2020-12-22 17:33:22 - [MESSAGE][PASSED] - Text '' is set on object 'Object Repository/VLink/Page_CCSale/txt_UDF1'

2020-12-22 17:33:22 - [MESSAGE][PASSED] - Object 'Object Repository/VLink/Page_CCSale/txt_UDF2' is present

2020-12-22 17:33:23 - [MESSAGE][PASSED] - Text '' is set on object 'Object Repository/VLink/Page_CCSale/txt_UDF2'

2020-12-22 17:33:23 - [MESSAGE][PASSED] - Object 'Object Repository/VLink/Page_CCSale/txt_UDF3' is present

2020-12-22 17:33:24 - [MESSAGE][PASSED] - Text '' is set on object 'Object Repository/VLink/Page_CCSale/txt_UDF3'

2020-12-22 17:33:24 - [MESSAGE][PASSED] - Object 'Object Repository/VLink/Page_CCSale/txt_UDF4' is present

2020-12-22 17:33:25 - [MESSAGE][PASSED] - Text '' is set on object 'Object Repository/VLink/Page_CCSale/txt_UDF4'

2020-12-22 17:33:25 - [MESSAGE][PASSED] - Object 'Object Repository/VLink/Page_CCSale/txt_UDF5' is present

2020-12-22 17:33:25 - [MESSAGE][PASSED] - Text '' is set on object 'Object Repository/VLink/Page_CCSale/txt_UDF5'

2020-12-22 17:33:26 - [MESSAGE][PASSED] - Object 'Object Repository/VLink/Page_CCSale/txt_UDF6' is present

2020-12-22 17:33:27 - [MESSAGE][PASSED] - Text '' is set on object 'Object Repository/VLink/Page_CCSale/txt_UDF6'

2020-12-22 17:33:27 - [MESSAGE][PASSED] - Object 'Object Repository/VLink/Page_CCSale/txt_UDF7' is present

2020-12-22 17:33:27 - [MESSAGE][PASSED] - Text '' is set on object 'Object Repository/VLink/Page_CCSale/txt_UDF7'

2020-12-22 17:33:28 - [MESSAGE][PASSED] - Object 'Object Repository/VLink/Page_CCSale/txt_UDF8' is present

2020-12-22 17:33:28 - [MESSAGE][PASSED] - Text '' is set on object 'Object Repository/VLink/Page_CCSale/txt_UDF8'

2020-12-22 17:33:29 - [MESSAGE][PASSED] - Object 'Object Repository/VLink/Page_CCSale/txt_UDF9' is present

2020-12-22 17:33:29 - [MESSAGE][PASSED] - Text '' is set on object 'Object Repository/VLink/Page_CCSale/txt_UDF9'

2020-12-22 17:33:30 - [MESSAGE][PASSED] - Object 'Object Repository/VLink/Page_CCSale/txt_UDF10' is present

2020-12-22 17:33:30 - [MESSAGE][PASSED] - Text '' is set on object 'Object Repository/VLink/Page_CCSale/txt_UDF10'

2020-12-22 17:33:31 - [MESSAGE][PASSED] - Object 'Object Repository/VLink/Page_CCSale/txt_CardOnFileIndicator' is present

2020-12-22 17:33:31 - [MESSAGE][PASSED] - Text '' is set on object 'Object Repository/VLink/Page_CCSale/txt_CardOnFileIndicator'

2020-12-22 17:33:32 - [MESSAGE][PASSED] - Object 'Object Repository/VLink/Page_CCSale/txt_StoredCredentialIndicator' is present

2020-12-22 17:33:32 - [MESSAGE][PASSED] - Text '' is set on object 'Object Repository/VLink/Page_CCSale/txt_StoredCredentialIndicator'

2020-12-22 17:33:33 - [MESSAGE][PASSED] - Object 'Object Repository/VLink/Page_CCSale/txt_COFScheduledIndicator' is present

2020-12-22 17:33:33 - [MESSAGE][PASSED] - Text '' is set on object 'Object Repository/VLink/Page_CCSale/txt_COFScheduledIndicator'

2020-12-22 17:33:34 - [MESSAGE][PASSED] - Object 'Object Repository/VLink/Page_CCSale/txt_COFTransactionInitiatedBy' is present

2020-12-22 17:33:34 - [MESSAGE][PASSED] - Text '' is set on object 'Object Repository/VLink/Page_CCSale/txt_COFTransactionInitiatedBy'

2020-12-22 17:33:37 - [MESSAGE][PASSED] - Object: 'Object Repository/VLink/Page_CCSale/btn_ProcessVLinkTransaction' is clicked on

2020-12-22 17:33:42 - [MESSAGE][PASSED] - vlinkPages.saleCCPage.setDataSCC is PASSED

2020-12-22 17:33:42 - [TEST_STEP][PASSED] - if (verifyTextPresent("Transaction approved, no errors", true)): null

2020-12-22 17:33:42 - [MESSAGE][PASSED] - Text 'Transaction approved, no errors' is present on page  using regular expression

2020-12-22 17:33:42 - [TEST_STEP][PASSED] - println("Transaction Approved, no errors text is present on the Confirmation page"): null

2020-12-22 17:33:42 - [TEST_STEP][PASSED] - out.println("Pass Record Number: " + row): null

2020-12-22 17:33:42 - [TEST_STEP][PASSED] - sdfo = getText(findTestObject("Object Repository/Page_VLinkReceipt/pre_STX")): Text of object 'Object Repository/Page_VLinkReceipt/pre_STX' is: '<STX>IxjT0Zu6flbH                  12087949            0  Transaction approved, no errors                   0                                                                                  X OK2290   <ETX>'

2020-12-22 17:33:43 - [MESSAGE][PASSED] - Text of object 'Object Repository/Page_VLinkReceipt/pre_STX' is: '<STX>IxjT0Zu6flbH                  12087949            0  Transaction approved, no errors                   0                                                                                  X OK2290   <ETX>'

2020-12-22 17:33:43 - [TEST_STEP][PASSED] - out.println("sdfo: " + sdfo): null

2020-12-22 17:33:43 - [TEST_STEP][PASSED] - remID = substring(5, 35).trim(): null

2020-12-22 17:33:43 - [TEST_STEP][PASSED] - out.println("Remittance ID: " + remID): null

2020-12-22 17:33:43 - [TEST_STEP][PASSED] - traxID = substring(35, 55).trim(): null

2020-12-22 17:33:43 - [TEST_STEP][PASSED] - out.println("Transaction ID: " + traxID): null

2020-12-22 17:33:43 - [TEST_STEP][PASSED] - out.println("End Record Number: " + row): null

2020-12-22 17:33:43 - [TEST_STEP][PASSED] - closeBrowser(): Browser is closed

2020-12-22 17:33:43 - [MESSAGE][PASSED] - Browser is closed

2020-12-22 17:33:43 - [TEST_STEP][PASSED] - out.println("Begin Record Number: " + row): null

2020-12-22 17:33:43 - [TEST_STEP][PASSED] - openBrowser(VLinkURL + "authcap.html"): Browser is opened with url: 'https://dev-algorithm.govolution.com/vlinktest/QA/version_2_0/authcap.html'

2020-12-22 17:33:43 - [MESSAGE][INFO] - Starting 'Chrome' driver

2020-12-22 17:33:43 - [MESSAGE][INFO] - User set preference: ['acceptInsecureCerts', 'true']

2020-12-22 17:33:43 - [MESSAGE][INFO] - Action delay is set to 0 milliseconds

2020-12-22 17:33:47 - [MESSAGE][PASSED] - Browser is opened with url: 'https://dev-algorithm.govolution.com/vlinktest/QA/version_2_0/authcap.html'

2020-12-22 17:33:47 - [TEST_STEP][PASSED] - maximizeWindow(): Current window maximized

2020-12-22 17:33:48 - [MESSAGE][PASSED] - Current window maximized

2020-12-22 17:33:48 - [TEST_STEP][PASSED] - vlinkPages.saleCCPage.setDataSCC(row, dataFile): vlinkPages.saleCCPage.setDataSCC is PASSED

2020-12-22 17:33:49 - [MESSAGE][PASSED] - Object 'Object Repository/VLink/Page_CCSale/txt_CardNumber' is present

2020-12-22 17:33:49 - [MESSAGE][PASSED] - Object 'Object Repository/VLink/Page_CCSale/txt_TransactionType' is present

2020-12-22 17:33:50 - [MESSAGE][PASSED] - Text '104' is set on object 'Object Repository/VLink/Page_CCSale/txt_TransactionType'

2020-12-22 17:33:50 - [MESSAGE][PASSED] - Object 'Object Repository/VLink/Page_CCSale/txt_MessageVersion' is present

2020-12-22 17:33:51 - [MESSAGE][PASSED] - Text '2.0C' is set on object 'Object Repository/VLink/Page_CCSale/txt_MessageVersion'

2020-12-22 17:33:51 - [MESSAGE][PASSED] - Object 'Object Repository/VLink/Page_CCSale/txt_RemID' is present

2020-12-22 17:33:52 - [MESSAGE][PASSED] - Text 'nPMmK248kVdu' is set on object 'Object Repository/VLink/Page_CCSale/txt_RemID'

2020-12-22 17:33:52 - [MESSAGE][PASSED] - Object 'Object Repository/VLink/Page_CCSale/txt_ApplicationId' is present

2020-12-22 17:33:53 - [MESSAGE][PASSED] - Text '677' is set on object 'Object Repository/VLink/Page_CCSale/txt_ApplicationId'

2020-12-22 17:33:53 - [MESSAGE][PASSED] - Object 'Object Repository/VLink/Page_CCSale/txt_Username' is present

2020-12-22 17:33:54 - [MESSAGE][PASSED] - Text 'username' is set on object 'Object Repository/VLink/Page_CCSale/txt_Username'

2020-12-22 17:33:54 - [MESSAGE][PASSED] - Object 'Object Repository/VLink/Page_CCSale/txt_Password' is present

2020-12-22 17:33:55 - [MESSAGE][PASSED] - Text 'password' is set on object 'Object Repository/VLink/Page_CCSale/txt_Password'

2020-12-22 17:33:55 - [MESSAGE][PASSED] - Object 'Object Repository/VLink/Page_CCSale/txt_ResponseFormat' is present

2020-12-22 17:33:55 - [MESSAGE][PASSED] - Text 'fixed_width' is set on object 'Object Repository/VLink/Page_CCSale/txt_ResponseFormat'

2020-12-22 17:33:56 - [MESSAGE][PASSED] - Object 'Object Repository/VLink/Page_CCSale/txt_Category' is present

2020-12-22 17:33:56 - [MESSAGE][PASSED] - Text 'RETL' is set on object 'Object Repository/VLink/Page_CCSale/txt_Category'

2020-12-22 17:33:57 - [MESSAGE][PASSED] - Object 'Object Repository/VLink/Page_CCSale/txt_TransactionID' is present

2020-12-22 17:33:57 - [MESSAGE][PASSED] - Text '' is set on object 'Object Repository/VLink/Page_CCSale/txt_TransactionID'

2020-12-22 17:33:57 - [MESSAGE][PASSED] - Object 'Object Repository/VLink/Page_CCSale/txt_ApprovalCode' is present

2020-12-22 17:33:58 - [MESSAGE][PASSED] - Text '' is set on object 'Object Repository/VLink/Page_CCSale/txt_ApprovalCode'

2020-12-22 17:33:58 - [MESSAGE][PASSED] - Object 'Object Repository/VLink/Page_CCSale/txt_CardName' is present

2020-12-22 17:33:59 - [MESSAGE][PASSED] - Text 'Roshan Maha' is set on object 'Object Repository/VLink/Page_CCSale/txt_CardName'

2020-12-22 17:33:59 - [MESSAGE][PASSED] - Object 'Object Repository/VLink/Page_CCSale/txt_AL1' is present

2020-12-22 17:34:00 - [MESSAGE][PASSED] - Text '12563 Bazaar road' is set on object 'Object Repository/VLink/Page_CCSale/txt_AL1'

2020-12-22 17:34:00 - [MESSAGE][PASSED] - Object 'Object Repository/VLink/Page_CCSale/txt_AL2' is present

2020-12-22 17:34:01 - [MESSAGE][PASSED] - Text '' is set on object 'Object Repository/VLink/Page_CCSale/txt_AL2'

2020-12-22 17:34:01 - [MESSAGE][PASSED] - Object 'Object Repository/VLink/Page_CCSale/txt_CardCity' is present

2020-12-22 17:34:02 - [MESSAGE][PASSED] - Text 'Crofton' is set on object 'Object Repository/VLink/Page_CCSale/txt_CardCity'

2020-12-22 17:34:02 - [MESSAGE][PASSED] - Object 'Object Repository/VLink/Page_CCSale/txt_CardState' is present

2020-12-22 17:34:03 - [MESSAGE][PASSED] - Text 'MD' is set on object 'Object Repository/VLink/Page_CCSale/txt_CardState'

2020-12-22 17:34:03 - [MESSAGE][PASSED] - Object 'Object Repository/VLink/Page_CCSale/txt_CardZIP' is present

2020-12-22 17:34:04 - [MESSAGE][PASSED] - Text '21114' is set on object 'Object Repository/VLink/Page_CCSale/txt_CardZIP'

2020-12-22 17:34:04 - [MESSAGE][PASSED] - Object 'Object Repository/VLink/Page_CCSale/txt_CountryID' is present

2020-12-22 17:34:05 - [MESSAGE][PASSED] - Text '' is set on object 'Object Repository/VLink/Page_CCSale/txt_CountryID'

2020-12-22 17:34:05 - [MESSAGE][PASSED] - Object 'Object Repository/VLink/Page_CCSale/txt_Amount' is present

2020-12-22 17:34:06 - [MESSAGE][PASSED] - Text '3.50' is set on object 'Object Repository/VLink/Page_CCSale/txt_Amount'

2020-12-22 17:34:06 - [MESSAGE][PASSED] - Object 'Object Repository/VLink/Page_CCSale/txt_CardNumber' is present

2020-12-22 17:34:07 - [MESSAGE][PASSED] - Text '6011000000000004' is set on object 'Object Repository/VLink/Page_CCSale/txt_CardNumber'

2020-12-22 17:34:07 - [MESSAGE][PASSED] - Object 'Object Repository/VLink/Page_CCSale/txt_ExpMonth' is present

2020-12-22 17:34:08 - [MESSAGE][PASSED] - Text '01' is set on object 'Object Repository/VLink/Page_CCSale/txt_ExpMonth'

2020-12-22 17:34:08 - [MESSAGE][PASSED] - Object 'Object Repository/VLink/Page_CCSale/txt_ExpYear' is present

2020-12-22 17:34:09 - [MESSAGE][PASSED] - Text '2026' is set on object 'Object Repository/VLink/Page_CCSale/txt_ExpYear'

2020-12-22 17:34:09 - [MESSAGE][PASSED] - Object 'Object Repository/VLink/Page_CCSale/txt_CVV' is present

2020-12-22 17:34:09 - [MESSAGE][PASSED] - Text '' is set on object 'Object Repository/VLink/Page_CCSale/txt_CVV'

2020-12-22 17:34:10 - [MESSAGE][PASSED] - Object 'Object Repository/VLink/Page_CCSale/txt_CVVstate' is present

2020-12-22 17:34:10 - [MESSAGE][PASSED] - Text '' is set on object 'Object Repository/VLink/Page_CCSale/txt_CVVstate'

2020-12-22 17:34:11 - [MESSAGE][PASSED] - Object 'Object Repository/VLink/Page_CCSale/txt_TrackData' is present

2020-12-22 17:34:11 - [MESSAGE][PASSED] - Text '' is set on object 'Object Repository/VLink/Page_CCSale/txt_TrackData'

2020-12-22 17:34:12 - [MESSAGE][PASSED] - Object 'Object Repository/VLink/Page_CCSale/txt_Track1Data' is present

2020-12-22 17:34:12 - [MESSAGE][PASSED] - Text '' is set on object 'Object Repository/VLink/Page_CCSale/txt_Track1Data'

2020-12-22 17:34:13 - [MESSAGE][PASSED] - Object 'Object Repository/VLink/Page_CCSale/txt_Track2Data' is present

2020-12-22 17:34:13 - [MESSAGE][PASSED] - Text '' is set on object 'Object Repository/VLink/Page_CCSale/txt_Track2Data'

2020-12-22 17:34:14 - [MESSAGE][PASSED] - Object 'Object Repository/VLink/Page_CCSale/txt_POSEntryMode' is present

2020-12-22 17:34:14 - [MESSAGE][PASSED] - Text 'manual' is set on object 'Object Repository/VLink/Page_CCSale/txt_POSEntryMode'

2020-12-22 17:34:15 - [MESSAGE][PASSED] - Object 'Object Repository/VLink/Page_CCSale/txt_Email' is present

2020-12-22 17:34:15 - [MESSAGE][PASSED] - Text '' is set on object 'Object Repository/VLink/Page_CCSale/txt_Email'

2020-12-22 17:34:16 - [MESSAGE][PASSED] - Object 'Object Repository/VLink/Page_CCSale/txt_OrderNumber' is present

2020-12-22 17:34:16 - [MESSAGE][PASSED] - Text '' is set on object 'Object Repository/VLink/Page_CCSale/txt_OrderNumber'

2020-12-22 17:34:17 - [MESSAGE][PASSED] - Object 'Object Repository/VLink/Page_CCSale/txt_TaxAmount' is present

2020-12-22 17:34:17 - [MESSAGE][PASSED] - Text '' is set on object 'Object Repository/VLink/Page_CCSale/txt_TaxAmount'

2020-12-22 17:34:18 - [MESSAGE][PASSED] - Object 'Object Repository/VLink/Page_CCSale/txt_ChargeDescription' is present

2020-12-22 17:34:18 - [MESSAGE][PASSED] - Text '' is set on object 'Object Repository/VLink/Page_CCSale/txt_ChargeDescription'

2020-12-22 17:34:19 - [MESSAGE][PASSED] - Object 'Object Repository/VLink/Page_CCSale/txt_CAN' is present

2020-12-22 17:34:19 - [MESSAGE][PASSED] - Text '' is set on object 'Object Repository/VLink/Page_CCSale/txt_CAN'

2020-12-22 17:34:20 - [MESSAGE][PASSED] - Object 'Object Repository/VLink/Page_CCSale/txt_BillPaymentIndicator' is present

2020-12-22 17:34:20 - [MESSAGE][PASSED] - Text '' is set on object 'Object Repository/VLink/Page_CCSale/txt_BillPaymentIndicator'

2020-12-22 17:34:21 - [MESSAGE][PASSED] - Object 'Object Repository/VLink/Page_CCSale/txt_UDF1' is present

2020-12-22 17:34:21 - [MESSAGE][PASSED] - Text '' is set on object 'Object Repository/VLink/Page_CCSale/txt_UDF1'

2020-12-22 17:34:22 - [MESSAGE][PASSED] - Object 'Object Repository/VLink/Page_CCSale/txt_UDF2' is present

2020-12-22 17:34:22 - [MESSAGE][PASSED] - Text '' is set on object 'Object Repository/VLink/Page_CCSale/txt_UDF2'

2020-12-22 17:34:23 - [MESSAGE][PASSED] - Object 'Object Repository/VLink/Page_CCSale/txt_UDF3' is present

2020-12-22 17:34:23 - [MESSAGE][PASSED] - Text '' is set on object 'Object Repository/VLink/Page_CCSale/txt_UDF3'

2020-12-22 17:34:24 - [MESSAGE][PASSED] - Object 'Object Repository/VLink/Page_CCSale/txt_UDF4' is present

2020-12-22 17:34:24 - [MESSAGE][PASSED] - Text '' is set on object 'Object Repository/VLink/Page_CCSale/txt_UDF4'

2020-12-22 17:34:25 - [MESSAGE][PASSED] - Object 'Object Repository/VLink/Page_CCSale/txt_UDF5' is present

2020-12-22 17:34:25 - [MESSAGE][PASSED] - Text '' is set on object 'Object Repository/VLink/Page_CCSale/txt_UDF5'

2020-12-22 17:34:26 - [MESSAGE][PASSED] - Object 'Object Repository/VLink/Page_CCSale/txt_UDF6' is present

2020-12-22 17:34:26 - [MESSAGE][PASSED] - Text '' is set on object 'Object Repository/VLink/Page_CCSale/txt_UDF6'

2020-12-22 17:34:27 - [MESSAGE][PASSED] - Object 'Object Repository/VLink/Page_CCSale/txt_UDF7' is present

2020-12-22 17:34:27 - [MESSAGE][PASSED] - Text '' is set on object 'Object Repository/VLink/Page_CCSale/txt_UDF7'

2020-12-22 17:34:28 - [MESSAGE][PASSED] - Object 'Object Repository/VLink/Page_CCSale/txt_UDF8' is present

2020-12-22 17:34:28 - [MESSAGE][PASSED] - Text '' is set on object 'Object Repository/VLink/Page_CCSale/txt_UDF8'

2020-12-22 17:34:29 - [MESSAGE][PASSED] - Object 'Object Repository/VLink/Page_CCSale/txt_UDF9' is present

2020-12-22 17:34:29 - [MESSAGE][PASSED] - Text '' is set on object 'Object Repository/VLink/Page_CCSale/txt_UDF9'

2020-12-22 17:34:30 - [MESSAGE][PASSED] - Object 'Object Repository/VLink/Page_CCSale/txt_UDF10' is present

2020-12-22 17:34:30 - [MESSAGE][PASSED] - Text '' is set on object 'Object Repository/VLink/Page_CCSale/txt_UDF10'

2020-12-22 17:34:30 - [MESSAGE][PASSED] - Object 'Object Repository/VLink/Page_CCSale/txt_CardOnFileIndicator' is present

2020-12-22 17:34:31 - [MESSAGE][PASSED] - Text '' is set on object 'Object Repository/VLink/Page_CCSale/txt_CardOnFileIndicator'

2020-12-22 17:34:31 - [MESSAGE][PASSED] - Object 'Object Repository/VLink/Page_CCSale/txt_StoredCredentialIndicator' is present

2020-12-22 17:34:32 - [MESSAGE][PASSED] - Text '' is set on object 'Object Repository/VLink/Page_CCSale/txt_StoredCredentialIndicator'

2020-12-22 17:34:32 - [MESSAGE][PASSED] - Object 'Object Repository/VLink/Page_CCSale/txt_COFScheduledIndicator' is present

2020-12-22 17:34:33 - [MESSAGE][PASSED] - Text '' is set on object 'Object Repository/VLink/Page_CCSale/txt_COFScheduledIndicator'

2020-12-22 17:34:33 - [MESSAGE][PASSED] - Object 'Object Repository/VLink/Page_CCSale/txt_COFTransactionInitiatedBy' is present

2020-12-22 17:34:34 - [MESSAGE][PASSED] - Text '' is set on object 'Object Repository/VLink/Page_CCSale/txt_COFTransactionInitiatedBy'

2020-12-22 17:34:37 - [MESSAGE][PASSED] - Object: 'Object Repository/VLink/Page_CCSale/btn_ProcessVLinkTransaction' is clicked on

2020-12-22 17:34:42 - [MESSAGE][PASSED] - vlinkPages.saleCCPage.setDataSCC is PASSED

2020-12-22 17:34:42 - [TEST_STEP][PASSED] - if (verifyTextPresent("Transaction approved, no errors", true)): null

2020-12-22 17:34:42 - [MESSAGE][PASSED] - Text 'Transaction approved, no errors' is present on page  using regular expression

2020-12-22 17:34:42 - [TEST_STEP][PASSED] - println("Transaction Approved, no errors text is present on the Confirmation page"): null

2020-12-22 17:34:42 - [TEST_STEP][PASSED] - out.println("Pass Record Number: " + row): null

2020-12-22 17:34:42 - [TEST_STEP][PASSED] - sdfo = getText(findTestObject("Object Repository/Page_VLinkReceipt/pre_STX")): Text of object 'Object Repository/Page_VLinkReceipt/pre_STX' is: '<STX>nPMmK248kVdu                  12087950            0  Transaction approved, no errors                   0                                                                                  X OK2440   <ETX>'

2020-12-22 17:34:43 - [MESSAGE][PASSED] - Text of object 'Object Repository/Page_VLinkReceipt/pre_STX' is: '<STX>nPMmK248kVdu                  12087950            0  Transaction approved, no errors                   0                                                                                  X OK2440   <ETX>'

2020-12-22 17:34:43 - [TEST_STEP][PASSED] - out.println("sdfo: " + sdfo): null

2020-12-22 17:34:43 - [TEST_STEP][PASSED] - remID = substring(5, 35).trim(): null

2020-12-22 17:34:43 - [TEST_STEP][PASSED] - out.println("Remittance ID: " + remID): null

2020-12-22 17:34:43 - [TEST_STEP][PASSED] - traxID = substring(35, 55).trim(): null

2020-12-22 17:34:43 - [TEST_STEP][PASSED] - out.println("Transaction ID: " + traxID): null

2020-12-22 17:34:43 - [TEST_STEP][PASSED] - out.println("End Record Number: " + row): null

2020-12-22 17:34:43 - [TEST_STEP][PASSED] - closeBrowser(): Browser is closed

2020-12-22 17:34:43 - [MESSAGE][PASSED] - Browser is closed

2020-12-22 17:34:43 - [TEST_STEP][PASSED] - out.println("Begin Record Number: " + row): null

2020-12-22 17:34:43 - [TEST_STEP][PASSED] - openBrowser(VLinkURL + "authcap.html"): Browser is opened with url: 'https://dev-algorithm.govolution.com/vlinktest/QA/version_2_0/authcap.html'

2020-12-22 17:34:43 - [MESSAGE][INFO] - Starting 'Chrome' driver

2020-12-22 17:34:43 - [MESSAGE][INFO] - User set preference: ['acceptInsecureCerts', 'true']

2020-12-22 17:34:43 - [MESSAGE][INFO] - Action delay is set to 0 milliseconds

2020-12-22 17:34:48 - [MESSAGE][PASSED] - Browser is opened with url: 'https://dev-algorithm.govolution.com/vlinktest/QA/version_2_0/authcap.html'

2020-12-22 17:34:48 - [TEST_STEP][PASSED] - maximizeWindow(): Current window maximized

2020-12-22 17:34:48 - [MESSAGE][PASSED] - Current window maximized

2020-12-22 17:34:48 - [TEST_STEP][PASSED] - vlinkPages.saleCCPage.setDataSCC(row, dataFile): vlinkPages.saleCCPage.setDataSCC is PASSED

2020-12-22 17:34:49 - [MESSAGE][PASSED] - Object 'Object Repository/VLink/Page_CCSale/txt_CardNumber' is present

2020-12-22 17:34:49 - [MESSAGE][PASSED] - Object 'Object Repository/VLink/Page_CCSale/txt_TransactionType' is present

2020-12-22 17:34:50 - [MESSAGE][PASSED] - Text '104' is set on object 'Object Repository/VLink/Page_CCSale/txt_TransactionType'

2020-12-22 17:34:50 - [MESSAGE][PASSED] - Object 'Object Repository/VLink/Page_CCSale/txt_MessageVersion' is present

2020-12-22 17:34:51 - [MESSAGE][PASSED] - Text '2.0C' is set on object 'Object Repository/VLink/Page_CCSale/txt_MessageVersion'

2020-12-22 17:34:51 - [MESSAGE][PASSED] - Object 'Object Repository/VLink/Page_CCSale/txt_RemID' is present

2020-12-22 17:34:52 - [MESSAGE][PASSED] - Text 'irx8iOYxjdSK' is set on object 'Object Repository/VLink/Page_CCSale/txt_RemID'

2020-12-22 17:34:52 - [MESSAGE][PASSED] - Object 'Object Repository/VLink/Page_CCSale/txt_ApplicationId' is present

2020-12-22 17:34:53 - [MESSAGE][PASSED] - Text '667' is set on object 'Object Repository/VLink/Page_CCSale/txt_ApplicationId'

2020-12-22 17:34:53 - [MESSAGE][PASSED] - Object 'Object Repository/VLink/Page_CCSale/txt_Username' is present

2020-12-22 17:34:54 - [MESSAGE][PASSED] - Text 'username' is set on object 'Object Repository/VLink/Page_CCSale/txt_Username'

2020-12-22 17:34:54 - [MESSAGE][PASSED] - Object 'Object Repository/VLink/Page_CCSale/txt_Password' is present

2020-12-22 17:34:55 - [MESSAGE][PASSED] - Text 'password' is set on object 'Object Repository/VLink/Page_CCSale/txt_Password'

2020-12-22 17:34:55 - [MESSAGE][PASSED] - Object 'Object Repository/VLink/Page_CCSale/txt_ResponseFormat' is present

2020-12-22 17:34:56 - [MESSAGE][PASSED] - Text 'fixed_width' is set on object 'Object Repository/VLink/Page_CCSale/txt_ResponseFormat'

2020-12-22 17:34:56 - [MESSAGE][PASSED] - Object 'Object Repository/VLink/Page_CCSale/txt_Category' is present

2020-12-22 17:34:57 - [MESSAGE][PASSED] - Text 'ECOM' is set on object 'Object Repository/VLink/Page_CCSale/txt_Category'

2020-12-22 17:34:57 - [MESSAGE][PASSED] - Object 'Object Repository/VLink/Page_CCSale/txt_TransactionID' is present

2020-12-22 17:34:58 - [MESSAGE][PASSED] - Text '' is set on object 'Object Repository/VLink/Page_CCSale/txt_TransactionID'

2020-12-22 17:34:58 - [MESSAGE][PASSED] - Object 'Object Repository/VLink/Page_CCSale/txt_ApprovalCode' is present

2020-12-22 17:34:59 - [MESSAGE][PASSED] - Text '' is set on object 'Object Repository/VLink/Page_CCSale/txt_ApprovalCode'

2020-12-22 17:34:59 - [MESSAGE][PASSED] - Object 'Object Repository/VLink/Page_CCSale/txt_CardName' is present

2020-12-22 17:34:59 - [MESSAGE][PASSED] - Text 'Kris Roshan' is set on object 'Object Repository/VLink/Page_CCSale/txt_CardName'

2020-12-22 17:35:00 - [MESSAGE][PASSED] - Object 'Object Repository/VLink/Page_CCSale/txt_AL1' is present

2020-12-22 17:35:00 - [MESSAGE][PASSED] - Text '258 Elm Road' is set on object 'Object Repository/VLink/Page_CCSale/txt_AL1'

2020-12-22 17:35:01 - [MESSAGE][PASSED] - Object 'Object Repository/VLink/Page_CCSale/txt_AL2' is present

2020-12-22 17:35:01 - [MESSAGE][PASSED] - Text 'Suite 56' is set on object 'Object Repository/VLink/Page_CCSale/txt_AL2'

2020-12-22 17:35:02 - [MESSAGE][PASSED] - Object 'Object Repository/VLink/Page_CCSale/txt_CardCity' is present

2020-12-22 17:35:02 - [MESSAGE][PASSED] - Text 'Arlington' is set on object 'Object Repository/VLink/Page_CCSale/txt_CardCity'

2020-12-22 17:35:03 - [MESSAGE][PASSED] - Object 'Object Repository/VLink/Page_CCSale/txt_CardState' is present

2020-12-22 17:35:03 - [MESSAGE][PASSED] - Text 'VA' is set on object 'Object Repository/VLink/Page_CCSale/txt_CardState'

2020-12-22 17:35:03 - [MESSAGE][PASSED] - Object 'Object Repository/VLink/Page_CCSale/txt_CardZIP' is present

2020-12-22 17:35:04 - [MESSAGE][PASSED] - Text '22201' is set on object 'Object Repository/VLink/Page_CCSale/txt_CardZIP'

2020-12-22 17:35:04 - [MESSAGE][PASSED] - Object 'Object Repository/VLink/Page_CCSale/txt_CountryID' is present

2020-12-22 17:35:05 - [MESSAGE][PASSED] - Text '840' is set on object 'Object Repository/VLink/Page_CCSale/txt_CountryID'

2020-12-22 17:35:06 - [MESSAGE][PASSED] - Object 'Object Repository/VLink/Page_CCSale/txt_Amount' is present

2020-12-22 17:35:06 - [MESSAGE][PASSED] - Text '1.50' is set on object 'Object Repository/VLink/Page_CCSale/txt_Amount'

2020-12-22 17:35:07 - [MESSAGE][PASSED] - Object 'Object Repository/VLink/Page_CCSale/txt_CardNumber' is present

2020-12-22 17:35:07 - [MESSAGE][PASSED] - Text '4111111111111111' is set on object 'Object Repository/VLink/Page_CCSale/txt_CardNumber'

2020-12-22 17:35:08 - [MESSAGE][PASSED] - Object 'Object Repository/VLink/Page_CCSale/txt_ExpMonth' is present

2020-12-22 17:35:08 - [MESSAGE][PASSED] - Text '12' is set on object 'Object Repository/VLink/Page_CCSale/txt_ExpMonth'

2020-12-22 17:35:09 - [MESSAGE][PASSED] - Object 'Object Repository/VLink/Page_CCSale/txt_ExpYear' is present

2020-12-22 17:35:09 - [MESSAGE][PASSED] - Text '2025' is set on object 'Object Repository/VLink/Page_CCSale/txt_ExpYear'

2020-12-22 17:35:10 - [MESSAGE][PASSED] - Object 'Object Repository/VLink/Page_CCSale/txt_CVV' is present

2020-12-22 17:35:10 - [MESSAGE][PASSED] - Text '' is set on object 'Object Repository/VLink/Page_CCSale/txt_CVV'

2020-12-22 17:35:10 - [MESSAGE][PASSED] - Object 'Object Repository/VLink/Page_CCSale/txt_CVVstate' is present

2020-12-22 17:35:11 - [MESSAGE][PASSED] - Text '' is set on object 'Object Repository/VLink/Page_CCSale/txt_CVVstate'

2020-12-22 17:35:11 - [MESSAGE][PASSED] - Object 'Object Repository/VLink/Page_CCSale/txt_TrackData' is present

2020-12-22 17:35:12 - [MESSAGE][PASSED] - Text '' is set on object 'Object Repository/VLink/Page_CCSale/txt_TrackData'

2020-12-22 17:35:12 - [MESSAGE][PASSED] - Object 'Object Repository/VLink/Page_CCSale/txt_Track1Data' is present

2020-12-22 17:35:13 - [MESSAGE][PASSED] - Text '' is set on object 'Object Repository/VLink/Page_CCSale/txt_Track1Data'

2020-12-22 17:35:13 - [MESSAGE][PASSED] - Object 'Object Repository/VLink/Page_CCSale/txt_Track2Data' is present

2020-12-22 17:35:14 - [MESSAGE][PASSED] - Text '' is set on object 'Object Repository/VLink/Page_CCSale/txt_Track2Data'

2020-12-22 17:35:14 - [MESSAGE][PASSED] - Object 'Object Repository/VLink/Page_CCSale/txt_POSEntryMode' is present

2020-12-22 17:35:15 - [MESSAGE][PASSED] - Text 'manual' is set on object 'Object Repository/VLink/Page_CCSale/txt_POSEntryMode'

2020-12-22 17:35:15 - [MESSAGE][PASSED] - Object 'Object Repository/VLink/Page_CCSale/txt_Email' is present

2020-12-22 17:35:16 - [MESSAGE][PASSED] - Text 'iahmed@govolution.com' is set on object 'Object Repository/VLink/Page_CCSale/txt_Email'

2020-12-22 17:35:16 - [MESSAGE][PASSED] - Object 'Object Repository/VLink/Page_CCSale/txt_OrderNumber' is present

2020-12-22 17:35:17 - [MESSAGE][PASSED] - Text '2569362' is set on object 'Object Repository/VLink/Page_CCSale/txt_OrderNumber'

2020-12-22 17:35:17 - [MESSAGE][PASSED] - Object 'Object Repository/VLink/Page_CCSale/txt_TaxAmount' is present

2020-12-22 17:35:18 - [MESSAGE][PASSED] - Text '1.15' is set on object 'Object Repository/VLink/Page_CCSale/txt_TaxAmount'

2020-12-22 17:35:18 - [MESSAGE][PASSED] - Object 'Object Repository/VLink/Page_CCSale/txt_ChargeDescription' is present

2020-12-22 17:35:19 - [MESSAGE][PASSED] - Text 'Charge Description' is set on object 'Object Repository/VLink/Page_CCSale/txt_ChargeDescription'

2020-12-22 17:35:19 - [MESSAGE][PASSED] - Object 'Object Repository/VLink/Page_CCSale/txt_CAN' is present

2020-12-22 17:35:20 - [MESSAGE][PASSED] - Text '147357' is set on object 'Object Repository/VLink/Page_CCSale/txt_CAN'

2020-12-22 17:35:20 - [MESSAGE][PASSED] - Object 'Object Repository/VLink/Page_CCSale/txt_BillPaymentIndicator' is present

2020-12-22 17:35:21 - [MESSAGE][PASSED] - Text '1' is set on object 'Object Repository/VLink/Page_CCSale/txt_BillPaymentIndicator'

2020-12-22 17:35:21 - [MESSAGE][PASSED] - Object 'Object Repository/VLink/Page_CCSale/txt_UDF1' is present

2020-12-22 17:35:22 - [MESSAGE][PASSED] - Text 'UDF Data 1' is set on object 'Object Repository/VLink/Page_CCSale/txt_UDF1'

2020-12-22 17:35:22 - [MESSAGE][PASSED] - Object 'Object Repository/VLink/Page_CCSale/txt_UDF2' is present

2020-12-22 17:35:23 - [MESSAGE][PASSED] - Text 'UDF Data 2' is set on object 'Object Repository/VLink/Page_CCSale/txt_UDF2'

2020-12-22 17:35:23 - [MESSAGE][PASSED] - Object 'Object Repository/VLink/Page_CCSale/txt_UDF3' is present

2020-12-22 17:35:24 - [MESSAGE][PASSED] - Text 'UDF Data 3' is set on object 'Object Repository/VLink/Page_CCSale/txt_UDF3'

2020-12-22 17:35:24 - [MESSAGE][PASSED] - Object 'Object Repository/VLink/Page_CCSale/txt_UDF4' is present

2020-12-22 17:35:25 - [MESSAGE][PASSED] - Text 'UDF Data 4' is set on object 'Object Repository/VLink/Page_CCSale/txt_UDF4'

2020-12-22 17:35:25 - [MESSAGE][PASSED] - Object 'Object Repository/VLink/Page_CCSale/txt_UDF5' is present

2020-12-22 17:35:26 - [MESSAGE][PASSED] - Text 'UDF Data 5' is set on object 'Object Repository/VLink/Page_CCSale/txt_UDF5'

2020-12-22 17:35:26 - [MESSAGE][PASSED] - Object 'Object Repository/VLink/Page_CCSale/txt_UDF6' is present

2020-12-22 17:35:27 - [MESSAGE][PASSED] - Text 'UDF Data 6' is set on object 'Object Repository/VLink/Page_CCSale/txt_UDF6'

2020-12-22 17:35:27 - [MESSAGE][PASSED] - Object 'Object Repository/VLink/Page_CCSale/txt_UDF7' is present

2020-12-22 17:35:28 - [MESSAGE][PASSED] - Text 'UDF Data 7' is set on object 'Object Repository/VLink/Page_CCSale/txt_UDF7'

2020-12-22 17:35:28 - [MESSAGE][PASSED] - Object 'Object Repository/VLink/Page_CCSale/txt_UDF8' is present

2020-12-22 17:35:29 - [MESSAGE][PASSED] - Text 'UDF Data 8' is set on object 'Object Repository/VLink/Page_CCSale/txt_UDF8'

2020-12-22 17:35:29 - [MESSAGE][PASSED] - Object 'Object Repository/VLink/Page_CCSale/txt_UDF9' is present

2020-12-22 17:35:30 - [MESSAGE][PASSED] - Text 'UDF Data 9' is set on object 'Object Repository/VLink/Page_CCSale/txt_UDF9'

2020-12-22 17:35:30 - [MESSAGE][PASSED] - Object 'Object Repository/VLink/Page_CCSale/txt_UDF10' is present

2020-12-22 17:35:30 - [MESSAGE][PASSED] - Text 'UDF Data 10' is set on object 'Object Repository/VLink/Page_CCSale/txt_UDF10'

2020-12-22 17:35:31 - [MESSAGE][PASSED] - Object 'Object Repository/VLink/Page_CCSale/txt_CardOnFileIndicator' is present

2020-12-22 17:35:31 - [MESSAGE][PASSED] - Text '' is set on object 'Object Repository/VLink/Page_CCSale/txt_CardOnFileIndicator'

2020-12-22 17:35:32 - [MESSAGE][PASSED] - Object 'Object Repository/VLink/Page_CCSale/txt_StoredCredentialIndicator' is present

2020-12-22 17:35:32 - [MESSAGE][PASSED] - Text '' is set on object 'Object Repository/VLink/Page_CCSale/txt_StoredCredentialIndicator'

2020-12-22 17:35:32 - [MESSAGE][PASSED] - Object 'Object Repository/VLink/Page_CCSale/txt_COFScheduledIndicator' is present

2020-12-22 17:35:33 - [MESSAGE][PASSED] - Text '' is set on object 'Object Repository/VLink/Page_CCSale/txt_COFScheduledIndicator'

2020-12-22 17:35:33 - [MESSAGE][PASSED] - Object 'Object Repository/VLink/Page_CCSale/txt_COFTransactionInitiatedBy' is present

2020-12-22 17:35:34 - [MESSAGE][PASSED] - Text '' is set on object 'Object Repository/VLink/Page_CCSale/txt_COFTransactionInitiatedBy'

2020-12-22 17:35:37 - [MESSAGE][PASSED] - Object: 'Object Repository/VLink/Page_CCSale/btn_ProcessVLinkTransaction' is clicked on

2020-12-22 17:35:42 - [MESSAGE][PASSED] - vlinkPages.saleCCPage.setDataSCC is PASSED

2020-12-22 17:35:42 - [TEST_STEP][FAILED] - if (verifyTextPresent("Transaction approved, no errors", true)): Text 'Transaction approved, no errors' is not present on page  using regular expression (Root cause: com.kms.katalon.core.exception.StepFailedException: Text 'Transaction approved, no errors' is not present on page  using regular expression
	at com.kms.katalon.core.webui.keyword.internal.WebUIKeywordMain.stepFailed(WebUIKeywordMain.groovy:64)
	at com.kms.katalon.core.webui.keyword.builtin.VerifyTextPresentKeyword$_verifyTextPresent_closure1.doCall(VerifyTextPresentKeyword.groovy:79)
	at com.kms.katalon.core.webui.keyword.builtin.VerifyTextPresentKeyword$_verifyTextPresent_closure1.call(VerifyTextPresentKeyword.groovy)
	at com.kms.katalon.core.webui.keyword.internal.WebUIKeywordMain.runKeyword(WebUIKeywordMain.groovy:20)
	at com.kms.katalon.core.webui.keyword.builtin.VerifyTextPresentKeyword.verifyTextPresent(VerifyTextPresentKeyword.groovy:83)
	at com.kms.katalon.core.webui.keyword.builtin.VerifyTextPresentKeyword.execute(VerifyTextPresentKeyword.groovy:68)
	at com.kms.katalon.core.keyword.internal.KeywordExecutor.executeKeywordForPlatform(KeywordExecutor.groovy:72)
	at com.kms.katalon.core.webui.keyword.WebUiBuiltInKeywords.verifyTextPresent(WebUiBuiltInKeywords.groovy:1719)
	at com.kms.katalon.core.webui.keyword.WebUiBuiltInKeywords$verifyTextPresent$6.call(Unknown Source)
	at VLinkSale-Successful.run(VLinkSale-Successful:60)
	at com.kms.katalon.core.main.ScriptEngine.run(ScriptEngine.java:194)
	at com.kms.katalon.core.main.ScriptEngine.runScriptAsRawText(ScriptEngine.java:119)
	at com.kms.katalon.core.main.TestCaseExecutor.runScript(TestCaseExecutor.java:337)
	at com.kms.katalon.core.main.TestCaseExecutor.doExecute(TestCaseExecutor.java:328)
	at com.kms.katalon.core.main.TestCaseExecutor.processExecutionPhase(TestCaseExecutor.java:307)
	at com.kms.katalon.core.main.TestCaseExecutor.accessMainPhase(TestCaseExecutor.java:299)
	at com.kms.katalon.core.main.TestCaseExecutor.execute(TestCaseExecutor.java:233)
	at com.kms.katalon.core.main.TestSuiteExecutor.accessTestCaseMainPhase(TestSuiteExecutor.java:169)
	at com.kms.katalon.core.main.TestSuiteExecutor.accessTestSuiteMainPhase(TestSuiteExecutor.java:142)
	at com.kms.katalon.core.main.TestSuiteExecutor.execute(TestSuiteExecutor.java:91)
	at com.kms.katalon.core.main.TestCaseMain.startTestSuite(TestCaseMain.java:157)
	at com.kms.katalon.core.main.TestCaseMain$startTestSuite$0.call(Unknown Source)
	at TempTestSuite1608674252830.run(TempTestSuite1608674252830.groovy:37)
)

2020-12-22 17:35:42 - [MESSAGE][FAILED] - Text 'Transaction approved, no errors' is not present on page  using regular expression (Root cause: com.kms.katalon.core.exception.StepFailedException: Text 'Transaction approved, no errors' is not present on page  using regular expression
	at com.kms.katalon.core.webui.keyword.internal.WebUIKeywordMain.stepFailed(WebUIKeywordMain.groovy:64)
	at com.kms.katalon.core.webui.keyword.builtin.VerifyTextPresentKeyword$_verifyTextPresent_closure1.doCall(VerifyTextPresentKeyword.groovy:79)
	at com.kms.katalon.core.webui.keyword.builtin.VerifyTextPresentKeyword$_verifyTextPresent_closure1.call(VerifyTextPresentKeyword.groovy)
	at com.kms.katalon.core.webui.keyword.internal.WebUIKeywordMain.runKeyword(WebUIKeywordMain.groovy:20)
	at com.kms.katalon.core.webui.keyword.builtin.VerifyTextPresentKeyword.verifyTextPresent(VerifyTextPresentKeyword.groovy:83)
	at com.kms.katalon.core.webui.keyword.builtin.VerifyTextPresentKeyword.execute(VerifyTextPresentKeyword.groovy:68)
	at com.kms.katalon.core.keyword.internal.KeywordExecutor.executeKeywordForPlatform(KeywordExecutor.groovy:72)
	at com.kms.katalon.core.webui.keyword.WebUiBuiltInKeywords.verifyTextPresent(WebUiBuiltInKeywords.groovy:1719)
	at com.kms.katalon.core.webui.keyword.WebUiBuiltInKeywords$verifyTextPresent$6.call(Unknown Source)
	at VLinkSale-Successful.run(VLinkSale-Successful:60)
	at com.kms.katalon.core.main.ScriptEngine.run(ScriptEngine.java:194)
	at com.kms.katalon.core.main.ScriptEngine.runScriptAsRawText(ScriptEngine.java:119)
	at com.kms.katalon.core.main.TestCaseExecutor.runScript(TestCaseExecutor.java:337)
	at com.kms.katalon.core.main.TestCaseExecutor.doExecute(TestCaseExecutor.java:328)
	at com.kms.katalon.core.main.TestCaseExecutor.processExecutionPhase(TestCaseExecutor.java:307)
	at com.kms.katalon.core.main.TestCaseExecutor.accessMainPhase(TestCaseExecutor.java:299)
	at com.kms.katalon.core.main.TestCaseExecutor.execute(TestCaseExecutor.java:233)
	at com.kms.katalon.core.main.TestSuiteExecutor.accessTestCaseMainPhase(TestSuiteExecutor.java:169)
	at com.kms.katalon.core.main.TestSuiteExecutor.accessTestSuiteMainPhase(TestSuiteExecutor.java:142)
	at com.kms.katalon.core.main.TestSuiteExecutor.execute(TestSuiteExecutor.java:91)
	at com.kms.katalon.core.main.TestCaseMain.startTestSuite(TestCaseMain.java:157)
	at com.kms.katalon.core.main.TestCaseMain$startTestSuite$0.call(Unknown Source)
	at TempTestSuite1608674252830.run(TempTestSuite1608674252830.groovy:37)
)

2020-12-22 17:35:42 - [TEST_STEP][PASSED] - else: null

2020-12-22 17:35:42 - [TEST_STEP][PASSED] - println("Transaction Approved, no errors text is not present on the Confirmation page"): null

2020-12-22 17:35:42 - [TEST_STEP][PASSED] - out.println("Fail Record Number: " + row): null

2020-12-22 17:35:42 - [TEST_STEP][PASSED] - sdfo = getText(findTestObject("Object Repository/Page_VLinkReceipt/pre_STX")): Text of object 'Object Repository/Page_VLinkReceipt/pre_STX' is: '<STX>irx8iOYxjdSK                  12087952            2  Transaction failed                                105Processor reported error                                                                   <ETX>'

2020-12-22 17:35:43 - [MESSAGE][PASSED] - Text of object 'Object Repository/Page_VLinkReceipt/pre_STX' is: '<STX>irx8iOYxjdSK                  12087952            2  Transaction failed                                105Processor reported error                                                                   <ETX>'

2020-12-22 17:35:43 - [TEST_STEP][PASSED] - out.println("sdfo: " + sdfo): null

2020-12-22 17:35:43 - [TEST_STEP][PASSED] - remID = substring(5, 35).trim(): null

2020-12-22 17:35:43 - [TEST_STEP][PASSED] - out.println("Remittance ID: " + remID): null

2020-12-22 17:35:43 - [TEST_STEP][PASSED] - traxID = substring(35, 55).trim(): null

2020-12-22 17:35:43 - [TEST_STEP][PASSED] - out.println("Transaction ID: " + traxID): null

2020-12-22 17:35:43 - [TEST_STEP][PASSED] - out.println("End Record Number: " + row): null

2020-12-22 17:35:43 - [TEST_STEP][PASSED] - closeBrowser(): Browser is closed

2020-12-22 17:35:43 - [MESSAGE][PASSED] - Browser is closed

2020-12-22 17:35:43 - [TEST_STEP][PASSED] - out.println("Begin Record Number: " + row): null

2020-12-22 17:35:43 - [TEST_STEP][PASSED] - openBrowser(VLinkURL + "authcap.html"): Browser is opened with url: 'https://dev-algorithm.govolution.com/vlinktest/QA/version_2_0/authcap.html'

2020-12-22 17:35:43 - [MESSAGE][INFO] - Starting 'Chrome' driver

2020-12-22 17:35:43 - [MESSAGE][INFO] - User set preference: ['acceptInsecureCerts', 'true']

2020-12-22 17:35:43 - [MESSAGE][INFO] - Action delay is set to 0 milliseconds

2020-12-22 17:35:47 - [MESSAGE][PASSED] - Browser is opened with url: 'https://dev-algorithm.govolution.com/vlinktest/QA/version_2_0/authcap.html'

2020-12-22 17:35:47 - [TEST_STEP][PASSED] - maximizeWindow(): Current window maximized

2020-12-22 17:35:47 - [MESSAGE][PASSED] - Current window maximized

2020-12-22 17:35:47 - [TEST_STEP][PASSED] - vlinkPages.saleCCPage.setDataSCC(row, dataFile): vlinkPages.saleCCPage.setDataSCC is PASSED

2020-12-22 17:35:49 - [MESSAGE][PASSED] - Object 'Object Repository/VLink/Page_CCSale/txt_CardNumber' is present

2020-12-22 17:35:49 - [MESSAGE][PASSED] - Object 'Object Repository/VLink/Page_CCSale/txt_TransactionType' is present

2020-12-22 17:35:50 - [MESSAGE][PASSED] - Text '104' is set on object 'Object Repository/VLink/Page_CCSale/txt_TransactionType'

2020-12-22 17:35:50 - [MESSAGE][PASSED] - Object 'Object Repository/VLink/Page_CCSale/txt_MessageVersion' is present

2020-12-22 17:35:51 - [MESSAGE][PASSED] - Text '2.0C' is set on object 'Object Repository/VLink/Page_CCSale/txt_MessageVersion'

2020-12-22 17:35:51 - [MESSAGE][PASSED] - Object 'Object Repository/VLink/Page_CCSale/txt_RemID' is present

2020-12-22 17:35:52 - [MESSAGE][PASSED] - Text 'vxLu5kXO7AbV' is set on object 'Object Repository/VLink/Page_CCSale/txt_RemID'

2020-12-22 17:35:52 - [MESSAGE][PASSED] - Object 'Object Repository/VLink/Page_CCSale/txt_ApplicationId' is present

2020-12-22 17:35:53 - [MESSAGE][PASSED] - Text '667' is set on object 'Object Repository/VLink/Page_CCSale/txt_ApplicationId'

2020-12-22 17:35:53 - [MESSAGE][PASSED] - Object 'Object Repository/VLink/Page_CCSale/txt_Username' is present

2020-12-22 17:35:53 - [MESSAGE][PASSED] - Text 'username' is set on object 'Object Repository/VLink/Page_CCSale/txt_Username'

2020-12-22 17:35:54 - [MESSAGE][PASSED] - Object 'Object Repository/VLink/Page_CCSale/txt_Password' is present

2020-12-22 17:35:54 - [MESSAGE][PASSED] - Text 'password' is set on object 'Object Repository/VLink/Page_CCSale/txt_Password'

2020-12-22 17:35:55 - [MESSAGE][PASSED] - Object 'Object Repository/VLink/Page_CCSale/txt_ResponseFormat' is present

2020-12-22 17:35:55 - [MESSAGE][PASSED] - Text 'fixed_width' is set on object 'Object Repository/VLink/Page_CCSale/txt_ResponseFormat'

2020-12-22 17:35:55 - [MESSAGE][PASSED] - Object 'Object Repository/VLink/Page_CCSale/txt_Category' is present

2020-12-22 17:35:56 - [MESSAGE][PASSED] - Text 'ECOM' is set on object 'Object Repository/VLink/Page_CCSale/txt_Category'

2020-12-22 17:35:56 - [MESSAGE][PASSED] - Object 'Object Repository/VLink/Page_CCSale/txt_TransactionID' is present

2020-12-22 17:35:57 - [MESSAGE][PASSED] - Text '' is set on object 'Object Repository/VLink/Page_CCSale/txt_TransactionID'

2020-12-22 17:35:57 - [MESSAGE][PASSED] - Object 'Object Repository/VLink/Page_CCSale/txt_ApprovalCode' is present

2020-12-22 17:35:58 - [MESSAGE][PASSED] - Text '' is set on object 'Object Repository/VLink/Page_CCSale/txt_ApprovalCode'

2020-12-22 17:35:58 - [MESSAGE][PASSED] - Object 'Object Repository/VLink/Page_CCSale/txt_CardName' is present

2020-12-22 17:35:59 - [MESSAGE][PASSED] - Text 'Arvind Silva' is set on object 'Object Repository/VLink/Page_CCSale/txt_CardName'

2020-12-22 17:35:59 - [MESSAGE][PASSED] - Object 'Object Repository/VLink/Page_CCSale/txt_AL1' is present

2020-12-22 17:36:00 - [MESSAGE][PASSED] - Text '111 Main Ave' is set on object 'Object Repository/VLink/Page_CCSale/txt_AL1'

2020-12-22 17:36:00 - [MESSAGE][PASSED] - Object 'Object Repository/VLink/Page_CCSale/txt_AL2' is present

2020-12-22 17:36:00 - [MESSAGE][PASSED] - Text '' is set on object 'Object Repository/VLink/Page_CCSale/txt_AL2'

2020-12-22 17:36:01 - [MESSAGE][PASSED] - Object 'Object Repository/VLink/Page_CCSale/txt_CardCity' is present

2020-12-22 17:36:01 - [MESSAGE][PASSED] - Text 'Arlington' is set on object 'Object Repository/VLink/Page_CCSale/txt_CardCity'

2020-12-22 17:36:02 - [MESSAGE][PASSED] - Object 'Object Repository/VLink/Page_CCSale/txt_CardState' is present

2020-12-22 17:36:02 - [MESSAGE][PASSED] - Text 'VA' is set on object 'Object Repository/VLink/Page_CCSale/txt_CardState'

2020-12-22 17:36:03 - [MESSAGE][PASSED] - Object 'Object Repository/VLink/Page_CCSale/txt_CardZIP' is present

2020-12-22 17:36:03 - [MESSAGE][PASSED] - Text '22201' is set on object 'Object Repository/VLink/Page_CCSale/txt_CardZIP'

2020-12-22 17:36:04 - [MESSAGE][PASSED] - Object 'Object Repository/VLink/Page_CCSale/txt_CountryID' is present

2020-12-22 17:36:04 - [MESSAGE][PASSED] - Text '' is set on object 'Object Repository/VLink/Page_CCSale/txt_CountryID'

2020-12-22 17:36:05 - [MESSAGE][PASSED] - Object 'Object Repository/VLink/Page_CCSale/txt_Amount' is present

2020-12-22 17:36:05 - [MESSAGE][PASSED] - Text '2.50' is set on object 'Object Repository/VLink/Page_CCSale/txt_Amount'

2020-12-22 17:36:06 - [MESSAGE][PASSED] - Object 'Object Repository/VLink/Page_CCSale/txt_CardNumber' is present

2020-12-22 17:36:06 - [MESSAGE][PASSED] - Text '5424000000000015' is set on object 'Object Repository/VLink/Page_CCSale/txt_CardNumber'

2020-12-22 17:36:06 - [MESSAGE][PASSED] - Object 'Object Repository/VLink/Page_CCSale/txt_ExpMonth' is present

2020-12-22 17:36:07 - [MESSAGE][PASSED] - Text '01' is set on object 'Object Repository/VLink/Page_CCSale/txt_ExpMonth'

2020-12-22 17:36:07 - [MESSAGE][PASSED] - Object 'Object Repository/VLink/Page_CCSale/txt_ExpYear' is present

2020-12-22 17:36:08 - [MESSAGE][PASSED] - Text '2026' is set on object 'Object Repository/VLink/Page_CCSale/txt_ExpYear'

2020-12-22 17:36:08 - [MESSAGE][PASSED] - Object 'Object Repository/VLink/Page_CCSale/txt_CVV' is present

2020-12-22 17:36:09 - [MESSAGE][PASSED] - Text '' is set on object 'Object Repository/VLink/Page_CCSale/txt_CVV'

2020-12-22 17:36:09 - [MESSAGE][PASSED] - Object 'Object Repository/VLink/Page_CCSale/txt_CVVstate' is present

2020-12-22 17:36:10 - [MESSAGE][PASSED] - Text '' is set on object 'Object Repository/VLink/Page_CCSale/txt_CVVstate'

2020-12-22 17:36:10 - [MESSAGE][PASSED] - Object 'Object Repository/VLink/Page_CCSale/txt_TrackData' is present

2020-12-22 17:36:11 - [MESSAGE][PASSED] - Text '' is set on object 'Object Repository/VLink/Page_CCSale/txt_TrackData'

2020-12-22 17:36:11 - [MESSAGE][PASSED] - Object 'Object Repository/VLink/Page_CCSale/txt_Track1Data' is present

2020-12-22 17:36:12 - [MESSAGE][PASSED] - Text '' is set on object 'Object Repository/VLink/Page_CCSale/txt_Track1Data'

2020-12-22 17:36:12 - [MESSAGE][PASSED] - Object 'Object Repository/VLink/Page_CCSale/txt_Track2Data' is present

2020-12-22 17:36:13 - [MESSAGE][PASSED] - Text '' is set on object 'Object Repository/VLink/Page_CCSale/txt_Track2Data'

2020-12-22 17:36:13 - [MESSAGE][PASSED] - Object 'Object Repository/VLink/Page_CCSale/txt_POSEntryMode' is present

2020-12-22 17:36:14 - [MESSAGE][PASSED] - Text 'manual' is set on object 'Object Repository/VLink/Page_CCSale/txt_POSEntryMode'

2020-12-22 17:36:14 - [MESSAGE][PASSED] - Object 'Object Repository/VLink/Page_CCSale/txt_Email' is present

2020-12-22 17:36:15 - [MESSAGE][PASSED] - Text '' is set on object 'Object Repository/VLink/Page_CCSale/txt_Email'

2020-12-22 17:36:15 - [MESSAGE][PASSED] - Object 'Object Repository/VLink/Page_CCSale/txt_OrderNumber' is present

2020-12-22 17:36:16 - [MESSAGE][PASSED] - Text '' is set on object 'Object Repository/VLink/Page_CCSale/txt_OrderNumber'

2020-12-22 17:36:16 - [MESSAGE][PASSED] - Object 'Object Repository/VLink/Page_CCSale/txt_TaxAmount' is present

2020-12-22 17:36:17 - [MESSAGE][PASSED] - Text '' is set on object 'Object Repository/VLink/Page_CCSale/txt_TaxAmount'

2020-12-22 17:36:17 - [MESSAGE][PASSED] - Object 'Object Repository/VLink/Page_CCSale/txt_ChargeDescription' is present

2020-12-22 17:36:18 - [MESSAGE][PASSED] - Text '' is set on object 'Object Repository/VLink/Page_CCSale/txt_ChargeDescription'

2020-12-22 17:36:18 - [MESSAGE][PASSED] - Object 'Object Repository/VLink/Page_CCSale/txt_CAN' is present

2020-12-22 17:36:19 - [MESSAGE][PASSED] - Text '' is set on object 'Object Repository/VLink/Page_CCSale/txt_CAN'

2020-12-22 17:36:19 - [MESSAGE][PASSED] - Object 'Object Repository/VLink/Page_CCSale/txt_BillPaymentIndicator' is present

2020-12-22 17:36:20 - [MESSAGE][PASSED] - Text '' is set on object 'Object Repository/VLink/Page_CCSale/txt_BillPaymentIndicator'

2020-12-22 17:36:20 - [MESSAGE][PASSED] - Object 'Object Repository/VLink/Page_CCSale/txt_UDF1' is present

2020-12-22 17:36:21 - [MESSAGE][PASSED] - Text '' is set on object 'Object Repository/VLink/Page_CCSale/txt_UDF1'

2020-12-22 17:36:21 - [MESSAGE][PASSED] - Object 'Object Repository/VLink/Page_CCSale/txt_UDF2' is present

2020-12-22 17:36:22 - [MESSAGE][PASSED] - Text '' is set on object 'Object Repository/VLink/Page_CCSale/txt_UDF2'

2020-12-22 17:36:22 - [MESSAGE][PASSED] - Object 'Object Repository/VLink/Page_CCSale/txt_UDF3' is present

2020-12-22 17:36:23 - [MESSAGE][PASSED] - Text '' is set on object 'Object Repository/VLink/Page_CCSale/txt_UDF3'

2020-12-22 17:36:23 - [MESSAGE][PASSED] - Object 'Object Repository/VLink/Page_CCSale/txt_UDF4' is present

2020-12-22 17:36:24 - [MESSAGE][PASSED] - Text '' is set on object 'Object Repository/VLink/Page_CCSale/txt_UDF4'

2020-12-22 17:36:24 - [MESSAGE][PASSED] - Object 'Object Repository/VLink/Page_CCSale/txt_UDF5' is present

2020-12-22 17:36:25 - [MESSAGE][PASSED] - Text '' is set on object 'Object Repository/VLink/Page_CCSale/txt_UDF5'

2020-12-22 17:36:25 - [MESSAGE][PASSED] - Object 'Object Repository/VLink/Page_CCSale/txt_UDF6' is present

2020-12-22 17:36:26 - [MESSAGE][PASSED] - Text '' is set on object 'Object Repository/VLink/Page_CCSale/txt_UDF6'

2020-12-22 17:36:26 - [MESSAGE][PASSED] - Object 'Object Repository/VLink/Page_CCSale/txt_UDF7' is present

2020-12-22 17:36:27 - [MESSAGE][PASSED] - Text '' is set on object 'Object Repository/VLink/Page_CCSale/txt_UDF7'

2020-12-22 17:36:27 - [MESSAGE][PASSED] - Object 'Object Repository/VLink/Page_CCSale/txt_UDF8' is present

2020-12-22 17:36:28 - [MESSAGE][PASSED] - Text '' is set on object 'Object Repository/VLink/Page_CCSale/txt_UDF8'

2020-12-22 17:36:28 - [MESSAGE][PASSED] - Object 'Object Repository/VLink/Page_CCSale/txt_UDF9' is present

2020-12-22 17:36:29 - [MESSAGE][PASSED] - Text '' is set on object 'Object Repository/VLink/Page_CCSale/txt_UDF9'

2020-12-22 17:36:29 - [MESSAGE][PASSED] - Object 'Object Repository/VLink/Page_CCSale/txt_UDF10' is present

2020-12-22 17:36:30 - [MESSAGE][PASSED] - Text '' is set on object 'Object Repository/VLink/Page_CCSale/txt_UDF10'

2020-12-22 17:36:30 - [MESSAGE][PASSED] - Object 'Object Repository/VLink/Page_CCSale/txt_CardOnFileIndicator' is present

2020-12-22 17:36:31 - [MESSAGE][PASSED] - Text '' is set on object 'Object Repository/VLink/Page_CCSale/txt_CardOnFileIndicator'

2020-12-22 17:36:31 - [MESSAGE][PASSED] - Object 'Object Repository/VLink/Page_CCSale/txt_StoredCredentialIndicator' is present

2020-12-22 17:36:32 - [MESSAGE][PASSED] - Text '' is set on object 'Object Repository/VLink/Page_CCSale/txt_StoredCredentialIndicator'

2020-12-22 17:36:32 - [MESSAGE][PASSED] - Object 'Object Repository/VLink/Page_CCSale/txt_COFScheduledIndicator' is present

2020-12-22 17:36:33 - [MESSAGE][PASSED] - Text '' is set on object 'Object Repository/VLink/Page_CCSale/txt_COFScheduledIndicator'

2020-12-22 17:36:33 - [MESSAGE][PASSED] - Object 'Object Repository/VLink/Page_CCSale/txt_COFTransactionInitiatedBy' is present

2020-12-22 17:36:34 - [MESSAGE][PASSED] - Text '' is set on object 'Object Repository/VLink/Page_CCSale/txt_COFTransactionInitiatedBy'

2020-12-22 17:36:40 - [MESSAGE][PASSED] - Object: 'Object Repository/VLink/Page_CCSale/btn_ProcessVLinkTransaction' is clicked on

2020-12-22 17:36:45 - [MESSAGE][PASSED] - vlinkPages.saleCCPage.setDataSCC is PASSED

2020-12-22 17:36:45 - [TEST_STEP][PASSED] - if (verifyTextPresent("Transaction approved, no errors", true)): null

2020-12-22 17:36:45 - [MESSAGE][PASSED] - Text 'Transaction approved, no errors' is present on page  using regular expression

2020-12-22 17:36:45 - [TEST_STEP][PASSED] - println("Transaction Approved, no errors text is present on the Confirmation page"): null

2020-12-22 17:36:45 - [TEST_STEP][PASSED] - out.println("Pass Record Number: " + row): null

2020-12-22 17:36:45 - [TEST_STEP][PASSED] - sdfo = getText(findTestObject("Object Repository/Page_VLinkReceipt/pre_STX")): Text of object 'Object Repository/Page_VLinkReceipt/pre_STX' is: '<STX>vxLu5kXO7AbV                  12087953            0  Transaction approved, no errors                   0                                                                                  Y OK5267   <ETX>'

2020-12-22 17:36:45 - [MESSAGE][PASSED] - Text of object 'Object Repository/Page_VLinkReceipt/pre_STX' is: '<STX>vxLu5kXO7AbV                  12087953            0  Transaction approved, no errors                   0                                                                                  Y OK5267   <ETX>'

2020-12-22 17:36:45 - [TEST_STEP][PASSED] - out.println("sdfo: " + sdfo): null

2020-12-22 17:36:45 - [TEST_STEP][PASSED] - remID = substring(5, 35).trim(): null

2020-12-22 17:36:45 - [TEST_STEP][PASSED] - out.println("Remittance ID: " + remID): null

2020-12-22 17:36:45 - [TEST_STEP][PASSED] - traxID = substring(35, 55).trim(): null

2020-12-22 17:36:45 - [TEST_STEP][PASSED] - out.println("Transaction ID: " + traxID): null

2020-12-22 17:36:45 - [TEST_STEP][PASSED] - out.println("End Record Number: " + row): null

2020-12-22 17:36:45 - [TEST_STEP][PASSED] - closeBrowser(): Browser is closed

2020-12-22 17:36:46 - [MESSAGE][PASSED] - Browser is closed

2020-12-22 17:36:46 - [TEST_STEP][PASSED] - out.println("Begin Record Number: " + row): null

2020-12-22 17:36:46 - [TEST_STEP][PASSED] - openBrowser(VLinkURL + "authcap.html"): Browser is opened with url: 'https://dev-algorithm.govolution.com/vlinktest/QA/version_2_0/authcap.html'

2020-12-22 17:36:46 - [MESSAGE][INFO] - Starting 'Chrome' driver

2020-12-22 17:36:46 - [MESSAGE][INFO] - User set preference: ['acceptInsecureCerts', 'true']

2020-12-22 17:36:46 - [MESSAGE][INFO] - Action delay is set to 0 milliseconds

2020-12-22 17:36:50 - [MESSAGE][PASSED] - Browser is opened with url: 'https://dev-algorithm.govolution.com/vlinktest/QA/version_2_0/authcap.html'

2020-12-22 17:36:50 - [TEST_STEP][PASSED] - maximizeWindow(): Current window maximized

2020-12-22 17:36:50 - [MESSAGE][PASSED] - Current window maximized

2020-12-22 17:36:50 - [TEST_STEP][PASSED] - vlinkPages.saleCCPage.setDataSCC(row, dataFile): vlinkPages.saleCCPage.setDataSCC is PASSED

2020-12-22 17:36:52 - [MESSAGE][PASSED] - Object 'Object Repository/VLink/Page_CCSale/txt_CardNumber' is present

2020-12-22 17:36:52 - [MESSAGE][PASSED] - Object 'Object Repository/VLink/Page_CCSale/txt_TransactionType' is present

2020-12-22 17:36:53 - [MESSAGE][PASSED] - Text '104' is set on object 'Object Repository/VLink/Page_CCSale/txt_TransactionType'

2020-12-22 17:36:53 - [MESSAGE][PASSED] - Object 'Object Repository/VLink/Page_CCSale/txt_MessageVersion' is present

2020-12-22 17:36:54 - [MESSAGE][PASSED] - Text '2.0C' is set on object 'Object Repository/VLink/Page_CCSale/txt_MessageVersion'

2020-12-22 17:36:54 - [MESSAGE][PASSED] - Object 'Object Repository/VLink/Page_CCSale/txt_RemID' is present

2020-12-22 17:36:55 - [MESSAGE][PASSED] - Text 'wxy13T7NHhd4' is set on object 'Object Repository/VLink/Page_CCSale/txt_RemID'

2020-12-22 17:36:55 - [MESSAGE][PASSED] - Object 'Object Repository/VLink/Page_CCSale/txt_ApplicationId' is present

2020-12-22 17:36:56 - [MESSAGE][PASSED] - Text '667' is set on object 'Object Repository/VLink/Page_CCSale/txt_ApplicationId'

2020-12-22 17:36:56 - [MESSAGE][PASSED] - Object 'Object Repository/VLink/Page_CCSale/txt_Username' is present

2020-12-22 17:36:56 - [MESSAGE][PASSED] - Text 'username' is set on object 'Object Repository/VLink/Page_CCSale/txt_Username'

2020-12-22 17:36:57 - [MESSAGE][PASSED] - Object 'Object Repository/VLink/Page_CCSale/txt_Password' is present

2020-12-22 17:36:57 - [MESSAGE][PASSED] - Text 'password' is set on object 'Object Repository/VLink/Page_CCSale/txt_Password'

2020-12-22 17:36:58 - [MESSAGE][PASSED] - Object 'Object Repository/VLink/Page_CCSale/txt_ResponseFormat' is present

2020-12-22 17:36:58 - [MESSAGE][PASSED] - Text 'fixed_width' is set on object 'Object Repository/VLink/Page_CCSale/txt_ResponseFormat'

2020-12-22 17:36:58 - [MESSAGE][PASSED] - Object 'Object Repository/VLink/Page_CCSale/txt_Category' is present

2020-12-22 17:36:59 - [MESSAGE][PASSED] - Text 'ECOM' is set on object 'Object Repository/VLink/Page_CCSale/txt_Category'

2020-12-22 17:36:59 - [MESSAGE][PASSED] - Object 'Object Repository/VLink/Page_CCSale/txt_TransactionID' is present

2020-12-22 17:37:00 - [MESSAGE][PASSED] - Text '' is set on object 'Object Repository/VLink/Page_CCSale/txt_TransactionID'

2020-12-22 17:37:00 - [MESSAGE][PASSED] - Object 'Object Repository/VLink/Page_CCSale/txt_ApprovalCode' is present

2020-12-22 17:37:01 - [MESSAGE][PASSED] - Text '' is set on object 'Object Repository/VLink/Page_CCSale/txt_ApprovalCode'

2020-12-22 17:37:01 - [MESSAGE][PASSED] - Object 'Object Repository/VLink/Page_CCSale/txt_CardName' is present

2020-12-22 17:37:02 - [MESSAGE][PASSED] - Text 'Roshan Maha' is set on object 'Object Repository/VLink/Page_CCSale/txt_CardName'

2020-12-22 17:37:02 - [MESSAGE][PASSED] - Object 'Object Repository/VLink/Page_CCSale/txt_AL1' is present

2020-12-22 17:37:02 - [MESSAGE][PASSED] - Text '12563 Bazaar road' is set on object 'Object Repository/VLink/Page_CCSale/txt_AL1'

2020-12-22 17:37:03 - [MESSAGE][PASSED] - Object 'Object Repository/VLink/Page_CCSale/txt_AL2' is present

2020-12-22 17:37:03 - [MESSAGE][PASSED] - Text '' is set on object 'Object Repository/VLink/Page_CCSale/txt_AL2'

2020-12-22 17:37:04 - [MESSAGE][PASSED] - Object 'Object Repository/VLink/Page_CCSale/txt_CardCity' is present

2020-12-22 17:37:04 - [MESSAGE][PASSED] - Text 'Crofton' is set on object 'Object Repository/VLink/Page_CCSale/txt_CardCity'

2020-12-22 17:37:05 - [MESSAGE][PASSED] - Object 'Object Repository/VLink/Page_CCSale/txt_CardState' is present

2020-12-22 17:37:05 - [MESSAGE][PASSED] - Text 'MD' is set on object 'Object Repository/VLink/Page_CCSale/txt_CardState'

2020-12-22 17:37:06 - [MESSAGE][PASSED] - Object 'Object Repository/VLink/Page_CCSale/txt_CardZIP' is present

2020-12-22 17:37:06 - [MESSAGE][PASSED] - Text '21114' is set on object 'Object Repository/VLink/Page_CCSale/txt_CardZIP'

2020-12-22 17:37:07 - [MESSAGE][PASSED] - Object 'Object Repository/VLink/Page_CCSale/txt_CountryID' is present

2020-12-22 17:37:07 - [MESSAGE][PASSED] - Text '' is set on object 'Object Repository/VLink/Page_CCSale/txt_CountryID'

2020-12-22 17:37:08 - [MESSAGE][PASSED] - Object 'Object Repository/VLink/Page_CCSale/txt_Amount' is present

2020-12-22 17:37:08 - [MESSAGE][PASSED] - Text '3.50' is set on object 'Object Repository/VLink/Page_CCSale/txt_Amount'

2020-12-22 17:37:09 - [MESSAGE][PASSED] - Object 'Object Repository/VLink/Page_CCSale/txt_CardNumber' is present

2020-12-22 17:37:09 - [MESSAGE][PASSED] - Text '370000000000002' is set on object 'Object Repository/VLink/Page_CCSale/txt_CardNumber'

2020-12-22 17:37:10 - [MESSAGE][PASSED] - Object 'Object Repository/VLink/Page_CCSale/txt_ExpMonth' is present

2020-12-22 17:37:10 - [MESSAGE][PASSED] - Text '01' is set on object 'Object Repository/VLink/Page_CCSale/txt_ExpMonth'

2020-12-22 17:37:11 - [MESSAGE][PASSED] - Object 'Object Repository/VLink/Page_CCSale/txt_ExpYear' is present

2020-12-22 17:37:11 - [MESSAGE][PASSED] - Text '2026' is set on object 'Object Repository/VLink/Page_CCSale/txt_ExpYear'

2020-12-22 17:37:12 - [MESSAGE][PASSED] - Object 'Object Repository/VLink/Page_CCSale/txt_CVV' is present

2020-12-22 17:37:12 - [MESSAGE][PASSED] - Text '' is set on object 'Object Repository/VLink/Page_CCSale/txt_CVV'

2020-12-22 17:37:13 - [MESSAGE][PASSED] - Object 'Object Repository/VLink/Page_CCSale/txt_CVVstate' is present

2020-12-22 17:37:13 - [MESSAGE][PASSED] - Text '' is set on object 'Object Repository/VLink/Page_CCSale/txt_CVVstate'

2020-12-22 17:37:14 - [MESSAGE][PASSED] - Object 'Object Repository/VLink/Page_CCSale/txt_TrackData' is present

2020-12-22 17:37:14 - [MESSAGE][PASSED] - Text '' is set on object 'Object Repository/VLink/Page_CCSale/txt_TrackData'

2020-12-22 17:37:15 - [MESSAGE][PASSED] - Object 'Object Repository/VLink/Page_CCSale/txt_Track1Data' is present

2020-12-22 17:37:15 - [MESSAGE][PASSED] - Text '' is set on object 'Object Repository/VLink/Page_CCSale/txt_Track1Data'

2020-12-22 17:37:16 - [MESSAGE][PASSED] - Object 'Object Repository/VLink/Page_CCSale/txt_Track2Data' is present

2020-12-22 17:37:16 - [MESSAGE][PASSED] - Text '' is set on object 'Object Repository/VLink/Page_CCSale/txt_Track2Data'

2020-12-22 17:37:17 - [MESSAGE][PASSED] - Object 'Object Repository/VLink/Page_CCSale/txt_POSEntryMode' is present

2020-12-22 17:37:17 - [MESSAGE][PASSED] - Text 'manual' is set on object 'Object Repository/VLink/Page_CCSale/txt_POSEntryMode'

2020-12-22 17:37:18 - [MESSAGE][PASSED] - Object 'Object Repository/VLink/Page_CCSale/txt_Email' is present

2020-12-22 17:37:18 - [MESSAGE][PASSED] - Text '' is set on object 'Object Repository/VLink/Page_CCSale/txt_Email'

2020-12-22 17:37:19 - [MESSAGE][PASSED] - Object 'Object Repository/VLink/Page_CCSale/txt_OrderNumber' is present

2020-12-22 17:37:19 - [MESSAGE][PASSED] - Text '' is set on object 'Object Repository/VLink/Page_CCSale/txt_OrderNumber'

2020-12-22 17:37:20 - [MESSAGE][PASSED] - Object 'Object Repository/VLink/Page_CCSale/txt_TaxAmount' is present

2020-12-22 17:37:20 - [MESSAGE][PASSED] - Text '' is set on object 'Object Repository/VLink/Page_CCSale/txt_TaxAmount'

2020-12-22 17:37:21 - [MESSAGE][PASSED] - Object 'Object Repository/VLink/Page_CCSale/txt_ChargeDescription' is present

2020-12-22 17:37:21 - [MESSAGE][PASSED] - Text '' is set on object 'Object Repository/VLink/Page_CCSale/txt_ChargeDescription'

2020-12-22 17:37:22 - [MESSAGE][PASSED] - Object 'Object Repository/VLink/Page_CCSale/txt_CAN' is present

2020-12-22 17:37:22 - [MESSAGE][PASSED] - Text '' is set on object 'Object Repository/VLink/Page_CCSale/txt_CAN'

2020-12-22 17:37:23 - [MESSAGE][PASSED] - Object 'Object Repository/VLink/Page_CCSale/txt_BillPaymentIndicator' is present

2020-12-22 17:37:23 - [MESSAGE][PASSED] - Text '' is set on object 'Object Repository/VLink/Page_CCSale/txt_BillPaymentIndicator'

2020-12-22 17:37:24 - [MESSAGE][PASSED] - Object 'Object Repository/VLink/Page_CCSale/txt_UDF1' is present

2020-12-22 17:37:24 - [MESSAGE][PASSED] - Text '' is set on object 'Object Repository/VLink/Page_CCSale/txt_UDF1'

2020-12-22 17:37:25 - [MESSAGE][PASSED] - Object 'Object Repository/VLink/Page_CCSale/txt_UDF2' is present

2020-12-22 17:37:25 - [MESSAGE][PASSED] - Text '' is set on object 'Object Repository/VLink/Page_CCSale/txt_UDF2'

2020-12-22 17:37:26 - [MESSAGE][PASSED] - Object 'Object Repository/VLink/Page_CCSale/txt_UDF3' is present

2020-12-22 17:37:26 - [MESSAGE][PASSED] - Text '' is set on object 'Object Repository/VLink/Page_CCSale/txt_UDF3'

2020-12-22 17:37:27 - [MESSAGE][PASSED] - Object 'Object Repository/VLink/Page_CCSale/txt_UDF4' is present

2020-12-22 17:37:27 - [MESSAGE][PASSED] - Text '' is set on object 'Object Repository/VLink/Page_CCSale/txt_UDF4'

2020-12-22 17:37:27 - [MESSAGE][PASSED] - Object 'Object Repository/VLink/Page_CCSale/txt_UDF5' is present

2020-12-22 17:37:28 - [MESSAGE][PASSED] - Text '' is set on object 'Object Repository/VLink/Page_CCSale/txt_UDF5'

2020-12-22 17:37:28 - [MESSAGE][PASSED] - Object 'Object Repository/VLink/Page_CCSale/txt_UDF6' is present

2020-12-22 17:37:29 - [MESSAGE][PASSED] - Text '' is set on object 'Object Repository/VLink/Page_CCSale/txt_UDF6'

2020-12-22 17:37:29 - [MESSAGE][PASSED] - Object 'Object Repository/VLink/Page_CCSale/txt_UDF7' is present

2020-12-22 17:37:30 - [MESSAGE][PASSED] - Text '' is set on object 'Object Repository/VLink/Page_CCSale/txt_UDF7'

2020-12-22 17:37:30 - [MESSAGE][PASSED] - Object 'Object Repository/VLink/Page_CCSale/txt_UDF8' is present

2020-12-22 17:37:31 - [MESSAGE][PASSED] - Text '' is set on object 'Object Repository/VLink/Page_CCSale/txt_UDF8'

2020-12-22 17:37:31 - [MESSAGE][PASSED] - Object 'Object Repository/VLink/Page_CCSale/txt_UDF9' is present

2020-12-22 17:37:32 - [MESSAGE][PASSED] - Text '' is set on object 'Object Repository/VLink/Page_CCSale/txt_UDF9'

2020-12-22 17:37:32 - [MESSAGE][PASSED] - Object 'Object Repository/VLink/Page_CCSale/txt_UDF10' is present

2020-12-22 17:37:33 - [MESSAGE][PASSED] - Text '' is set on object 'Object Repository/VLink/Page_CCSale/txt_UDF10'

2020-12-22 17:37:33 - [MESSAGE][PASSED] - Object 'Object Repository/VLink/Page_CCSale/txt_CardOnFileIndicator' is present

2020-12-22 17:37:34 - [MESSAGE][PASSED] - Text '' is set on object 'Object Repository/VLink/Page_CCSale/txt_CardOnFileIndicator'

2020-12-22 17:37:34 - [MESSAGE][PASSED] - Object 'Object Repository/VLink/Page_CCSale/txt_StoredCredentialIndicator' is present

2020-12-22 17:37:35 - [MESSAGE][PASSED] - Text '' is set on object 'Object Repository/VLink/Page_CCSale/txt_StoredCredentialIndicator'

2020-12-22 17:37:35 - [MESSAGE][PASSED] - Object 'Object Repository/VLink/Page_CCSale/txt_COFScheduledIndicator' is present

2020-12-22 17:37:36 - [MESSAGE][PASSED] - Text '' is set on object 'Object Repository/VLink/Page_CCSale/txt_COFScheduledIndicator'

2020-12-22 17:37:36 - [MESSAGE][PASSED] - Object 'Object Repository/VLink/Page_CCSale/txt_COFTransactionInitiatedBy' is present

2020-12-22 17:37:37 - [MESSAGE][PASSED] - Text '' is set on object 'Object Repository/VLink/Page_CCSale/txt_COFTransactionInitiatedBy'

2020-12-22 17:37:41 - [MESSAGE][PASSED] - Object: 'Object Repository/VLink/Page_CCSale/btn_ProcessVLinkTransaction' is clicked on

2020-12-22 17:37:46 - [MESSAGE][PASSED] - vlinkPages.saleCCPage.setDataSCC is PASSED

2020-12-22 17:37:46 - [TEST_STEP][PASSED] - if (verifyTextPresent("Transaction approved, no errors", true)): null

2020-12-22 17:37:46 - [MESSAGE][PASSED] - Text 'Transaction approved, no errors' is present on page  using regular expression

2020-12-22 17:37:46 - [TEST_STEP][PASSED] - println("Transaction Approved, no errors text is present on the Confirmation page"): null

2020-12-22 17:37:46 - [TEST_STEP][PASSED] - out.println("Pass Record Number: " + row): null

2020-12-22 17:37:46 - [TEST_STEP][PASSED] - sdfo = getText(findTestObject("Object Repository/Page_VLinkReceipt/pre_STX")): Text of object 'Object Repository/Page_VLinkReceipt/pre_STX' is: '<STX>wxy13T7NHhd4                  12087954            0  Transaction approved, no errors                   0                                                                                  Y OK5707   <ETX>'

2020-12-22 17:37:47 - [MESSAGE][PASSED] - Text of object 'Object Repository/Page_VLinkReceipt/pre_STX' is: '<STX>wxy13T7NHhd4                  12087954            0  Transaction approved, no errors                   0                                                                                  Y OK5707   <ETX>'

2020-12-22 17:37:47 - [TEST_STEP][PASSED] - out.println("sdfo: " + sdfo): null

2020-12-22 17:37:47 - [TEST_STEP][PASSED] - remID = substring(5, 35).trim(): null

2020-12-22 17:37:47 - [TEST_STEP][PASSED] - out.println("Remittance ID: " + remID): null

2020-12-22 17:37:47 - [TEST_STEP][PASSED] - traxID = substring(35, 55).trim(): null

2020-12-22 17:37:47 - [TEST_STEP][PASSED] - out.println("Transaction ID: " + traxID): null

2020-12-22 17:37:47 - [TEST_STEP][PASSED] - out.println("End Record Number: " + row): null

2020-12-22 17:37:47 - [TEST_STEP][PASSED] - closeBrowser(): Browser is closed

2020-12-22 17:37:47 - [MESSAGE][PASSED] - Browser is closed

2020-12-22 17:37:47 - [TEST_STEP][PASSED] - out.println("Begin Record Number: " + row): null

2020-12-22 17:37:47 - [TEST_STEP][PASSED] - openBrowser(VLinkURL + "authcap.html"): Browser is opened with url: 'https://dev-algorithm.govolution.com/vlinktest/QA/version_2_0/authcap.html'

2020-12-22 17:37:47 - [MESSAGE][INFO] - Starting 'Chrome' driver

2020-12-22 17:37:47 - [MESSAGE][INFO] - User set preference: ['acceptInsecureCerts', 'true']

2020-12-22 17:37:48 - [MESSAGE][INFO] - Action delay is set to 0 milliseconds

2020-12-22 17:37:51 - [MESSAGE][PASSED] - Browser is opened with url: 'https://dev-algorithm.govolution.com/vlinktest/QA/version_2_0/authcap.html'

2020-12-22 17:37:51 - [TEST_STEP][PASSED] - maximizeWindow(): Current window maximized

2020-12-22 17:37:51 - [MESSAGE][PASSED] - Current window maximized

2020-12-22 17:37:51 - [TEST_STEP][PASSED] - vlinkPages.saleCCPage.setDataSCC(row, dataFile): vlinkPages.saleCCPage.setDataSCC is PASSED

2020-12-22 17:37:53 - [MESSAGE][PASSED] - Object 'Object Repository/VLink/Page_CCSale/txt_CardNumber' is present

2020-12-22 17:37:53 - [MESSAGE][PASSED] - Object 'Object Repository/VLink/Page_CCSale/txt_TransactionType' is present

2020-12-22 17:37:53 - [MESSAGE][PASSED] - Text '104' is set on object 'Object Repository/VLink/Page_CCSale/txt_TransactionType'

2020-12-22 17:37:54 - [MESSAGE][PASSED] - Object 'Object Repository/VLink/Page_CCSale/txt_MessageVersion' is present

2020-12-22 17:37:54 - [MESSAGE][PASSED] - Text '2.0C' is set on object 'Object Repository/VLink/Page_CCSale/txt_MessageVersion'

2020-12-22 17:37:55 - [MESSAGE][PASSED] - Object 'Object Repository/VLink/Page_CCSale/txt_RemID' is present

2020-12-22 17:37:55 - [MESSAGE][PASSED] - Text 'rtdYJajPdF3K' is set on object 'Object Repository/VLink/Page_CCSale/txt_RemID'

2020-12-22 17:37:55 - [MESSAGE][PASSED] - Object 'Object Repository/VLink/Page_CCSale/txt_ApplicationId' is present

2020-12-22 17:37:56 - [MESSAGE][PASSED] - Text '667' is set on object 'Object Repository/VLink/Page_CCSale/txt_ApplicationId'

2020-12-22 17:37:56 - [MESSAGE][PASSED] - Object 'Object Repository/VLink/Page_CCSale/txt_Username' is present

2020-12-22 17:37:57 - [MESSAGE][PASSED] - Text 'username' is set on object 'Object Repository/VLink/Page_CCSale/txt_Username'

2020-12-22 17:37:57 - [MESSAGE][PASSED] - Object 'Object Repository/VLink/Page_CCSale/txt_Password' is present

2020-12-22 17:37:58 - [MESSAGE][PASSED] - Text 'password' is set on object 'Object Repository/VLink/Page_CCSale/txt_Password'

2020-12-22 17:37:58 - [MESSAGE][PASSED] - Object 'Object Repository/VLink/Page_CCSale/txt_ResponseFormat' is present

2020-12-22 17:37:59 - [MESSAGE][PASSED] - Text 'fixed_width' is set on object 'Object Repository/VLink/Page_CCSale/txt_ResponseFormat'

2020-12-22 17:37:59 - [MESSAGE][PASSED] - Object 'Object Repository/VLink/Page_CCSale/txt_Category' is present

2020-12-22 17:38:00 - [MESSAGE][PASSED] - Text 'ECOM' is set on object 'Object Repository/VLink/Page_CCSale/txt_Category'

2020-12-22 17:38:00 - [MESSAGE][PASSED] - Object 'Object Repository/VLink/Page_CCSale/txt_TransactionID' is present

2020-12-22 17:38:00 - [MESSAGE][PASSED] - Text '' is set on object 'Object Repository/VLink/Page_CCSale/txt_TransactionID'

2020-12-22 17:38:01 - [MESSAGE][PASSED] - Object 'Object Repository/VLink/Page_CCSale/txt_ApprovalCode' is present

2020-12-22 17:38:01 - [MESSAGE][PASSED] - Text '' is set on object 'Object Repository/VLink/Page_CCSale/txt_ApprovalCode'

2020-12-22 17:38:02 - [MESSAGE][PASSED] - Object 'Object Repository/VLink/Page_CCSale/txt_CardName' is present

2020-12-22 17:38:02 - [MESSAGE][PASSED] - Text 'Kris Roshan' is set on object 'Object Repository/VLink/Page_CCSale/txt_CardName'

2020-12-22 17:38:03 - [MESSAGE][PASSED] - Object 'Object Repository/VLink/Page_CCSale/txt_AL1' is present

2020-12-22 17:38:03 - [MESSAGE][PASSED] - Text '258 Elm Road' is set on object 'Object Repository/VLink/Page_CCSale/txt_AL1'

2020-12-22 17:38:04 - [MESSAGE][PASSED] - Object 'Object Repository/VLink/Page_CCSale/txt_AL2' is present

2020-12-22 17:38:04 - [MESSAGE][PASSED] - Text 'Suite 56' is set on object 'Object Repository/VLink/Page_CCSale/txt_AL2'

2020-12-22 17:38:05 - [MESSAGE][PASSED] - Object 'Object Repository/VLink/Page_CCSale/txt_CardCity' is present

2020-12-22 17:38:05 - [MESSAGE][PASSED] - Text 'Arlington' is set on object 'Object Repository/VLink/Page_CCSale/txt_CardCity'

2020-12-22 17:38:06 - [MESSAGE][PASSED] - Object 'Object Repository/VLink/Page_CCSale/txt_CardState' is present

2020-12-22 17:38:06 - [MESSAGE][PASSED] - Text 'VA' is set on object 'Object Repository/VLink/Page_CCSale/txt_CardState'

2020-12-22 17:38:07 - [MESSAGE][PASSED] - Object 'Object Repository/VLink/Page_CCSale/txt_CardZIP' is present

2020-12-22 17:38:07 - [MESSAGE][PASSED] - Text '22201' is set on object 'Object Repository/VLink/Page_CCSale/txt_CardZIP'

2020-12-22 17:38:08 - [MESSAGE][PASSED] - Object 'Object Repository/VLink/Page_CCSale/txt_CountryID' is present

2020-12-22 17:38:08 - [MESSAGE][PASSED] - Text '840' is set on object 'Object Repository/VLink/Page_CCSale/txt_CountryID'

2020-12-22 17:38:09 - [MESSAGE][PASSED] - Object 'Object Repository/VLink/Page_CCSale/txt_Amount' is present

2020-12-22 17:38:09 - [MESSAGE][PASSED] - Text '1.50' is set on object 'Object Repository/VLink/Page_CCSale/txt_Amount'

2020-12-22 17:38:10 - [MESSAGE][PASSED] - Object 'Object Repository/VLink/Page_CCSale/txt_CardNumber' is present

2020-12-22 17:38:10 - [MESSAGE][PASSED] - Text '6011000000000004' is set on object 'Object Repository/VLink/Page_CCSale/txt_CardNumber'

2020-12-22 17:38:11 - [MESSAGE][PASSED] - Object 'Object Repository/VLink/Page_CCSale/txt_ExpMonth' is present

2020-12-22 17:38:11 - [MESSAGE][PASSED] - Text '12' is set on object 'Object Repository/VLink/Page_CCSale/txt_ExpMonth'

2020-12-22 17:38:12 - [MESSAGE][PASSED] - Object 'Object Repository/VLink/Page_CCSale/txt_ExpYear' is present

2020-12-22 17:38:12 - [MESSAGE][PASSED] - Text '2025' is set on object 'Object Repository/VLink/Page_CCSale/txt_ExpYear'

2020-12-22 17:38:13 - [MESSAGE][PASSED] - Object 'Object Repository/VLink/Page_CCSale/txt_CVV' is present

2020-12-22 17:38:13 - [MESSAGE][PASSED] - Text '' is set on object 'Object Repository/VLink/Page_CCSale/txt_CVV'

2020-12-22 17:38:13 - [MESSAGE][PASSED] - Object 'Object Repository/VLink/Page_CCSale/txt_CVVstate' is present

2020-12-22 17:38:14 - [MESSAGE][PASSED] - Text '' is set on object 'Object Repository/VLink/Page_CCSale/txt_CVVstate'

2020-12-22 17:38:14 - [MESSAGE][PASSED] - Object 'Object Repository/VLink/Page_CCSale/txt_TrackData' is present

2020-12-22 17:38:15 - [MESSAGE][PASSED] - Text '' is set on object 'Object Repository/VLink/Page_CCSale/txt_TrackData'

2020-12-22 17:38:15 - [MESSAGE][PASSED] - Object 'Object Repository/VLink/Page_CCSale/txt_Track1Data' is present

2020-12-22 17:38:16 - [MESSAGE][PASSED] - Text '' is set on object 'Object Repository/VLink/Page_CCSale/txt_Track1Data'

2020-12-22 17:38:16 - [MESSAGE][PASSED] - Object 'Object Repository/VLink/Page_CCSale/txt_Track2Data' is present

2020-12-22 17:38:17 - [MESSAGE][PASSED] - Text '' is set on object 'Object Repository/VLink/Page_CCSale/txt_Track2Data'

2020-12-22 17:38:17 - [MESSAGE][PASSED] - Object 'Object Repository/VLink/Page_CCSale/txt_POSEntryMode' is present

2020-12-22 17:38:18 - [MESSAGE][PASSED] - Text 'manual' is set on object 'Object Repository/VLink/Page_CCSale/txt_POSEntryMode'

2020-12-22 17:38:18 - [MESSAGE][PASSED] - Object 'Object Repository/VLink/Page_CCSale/txt_Email' is present

2020-12-22 17:38:19 - [MESSAGE][PASSED] - Text 'iahmed@govolution.com' is set on object 'Object Repository/VLink/Page_CCSale/txt_Email'

2020-12-22 17:38:19 - [MESSAGE][PASSED] - Object 'Object Repository/VLink/Page_CCSale/txt_OrderNumber' is present

2020-12-22 17:38:20 - [MESSAGE][PASSED] - Text '2569362' is set on object 'Object Repository/VLink/Page_CCSale/txt_OrderNumber'

2020-12-22 17:38:20 - [MESSAGE][PASSED] - Object 'Object Repository/VLink/Page_CCSale/txt_TaxAmount' is present

2020-12-22 17:38:21 - [MESSAGE][PASSED] - Text '1.15' is set on object 'Object Repository/VLink/Page_CCSale/txt_TaxAmount'

2020-12-22 17:38:21 - [MESSAGE][PASSED] - Object 'Object Repository/VLink/Page_CCSale/txt_ChargeDescription' is present

2020-12-22 17:38:22 - [MESSAGE][PASSED] - Text 'Charge Description' is set on object 'Object Repository/VLink/Page_CCSale/txt_ChargeDescription'

2020-12-22 17:38:22 - [MESSAGE][PASSED] - Object 'Object Repository/VLink/Page_CCSale/txt_CAN' is present

2020-12-22 17:38:23 - [MESSAGE][PASSED] - Text '147357' is set on object 'Object Repository/VLink/Page_CCSale/txt_CAN'

2020-12-22 17:38:23 - [MESSAGE][PASSED] - Object 'Object Repository/VLink/Page_CCSale/txt_BillPaymentIndicator' is present

2020-12-22 17:38:24 - [MESSAGE][PASSED] - Text '1' is set on object 'Object Repository/VLink/Page_CCSale/txt_BillPaymentIndicator'

2020-12-22 17:38:24 - [MESSAGE][PASSED] - Object 'Object Repository/VLink/Page_CCSale/txt_UDF1' is present

2020-12-22 17:38:25 - [MESSAGE][PASSED] - Text 'UDF Data 1' is set on object 'Object Repository/VLink/Page_CCSale/txt_UDF1'

2020-12-22 17:38:25 - [MESSAGE][PASSED] - Object 'Object Repository/VLink/Page_CCSale/txt_UDF2' is present

2020-12-22 17:38:26 - [MESSAGE][PASSED] - Text 'UDF Data 2' is set on object 'Object Repository/VLink/Page_CCSale/txt_UDF2'

2020-12-22 17:38:26 - [MESSAGE][PASSED] - Object 'Object Repository/VLink/Page_CCSale/txt_UDF3' is present

2020-12-22 17:38:27 - [MESSAGE][PASSED] - Text 'UDF Data 3' is set on object 'Object Repository/VLink/Page_CCSale/txt_UDF3'

2020-12-22 17:38:27 - [MESSAGE][PASSED] - Object 'Object Repository/VLink/Page_CCSale/txt_UDF4' is present

2020-12-22 17:38:28 - [MESSAGE][PASSED] - Text 'UDF Data 4' is set on object 'Object Repository/VLink/Page_CCSale/txt_UDF4'

2020-12-22 17:38:28 - [MESSAGE][PASSED] - Object 'Object Repository/VLink/Page_CCSale/txt_UDF5' is present

2020-12-22 17:38:29 - [MESSAGE][PASSED] - Text 'UDF Data 5' is set on object 'Object Repository/VLink/Page_CCSale/txt_UDF5'

2020-12-22 17:38:29 - [MESSAGE][PASSED] - Object 'Object Repository/VLink/Page_CCSale/txt_UDF6' is present

2020-12-22 17:38:30 - [MESSAGE][PASSED] - Text 'UDF Data 6' is set on object 'Object Repository/VLink/Page_CCSale/txt_UDF6'

2020-12-22 17:38:30 - [MESSAGE][PASSED] - Object 'Object Repository/VLink/Page_CCSale/txt_UDF7' is present

2020-12-22 17:38:31 - [MESSAGE][PASSED] - Text 'UDF Data 7' is set on object 'Object Repository/VLink/Page_CCSale/txt_UDF7'

2020-12-22 17:38:31 - [MESSAGE][PASSED] - Object 'Object Repository/VLink/Page_CCSale/txt_UDF8' is present

2020-12-22 17:38:32 - [MESSAGE][PASSED] - Text 'UDF Data 8' is set on object 'Object Repository/VLink/Page_CCSale/txt_UDF8'

2020-12-22 17:38:32 - [MESSAGE][PASSED] - Object 'Object Repository/VLink/Page_CCSale/txt_UDF9' is present

2020-12-22 17:38:33 - [MESSAGE][PASSED] - Text 'UDF Data 9' is set on object 'Object Repository/VLink/Page_CCSale/txt_UDF9'

2020-12-22 17:38:33 - [MESSAGE][PASSED] - Object 'Object Repository/VLink/Page_CCSale/txt_UDF10' is present

2020-12-22 17:38:34 - [MESSAGE][PASSED] - Text 'UDF Data 10' is set on object 'Object Repository/VLink/Page_CCSale/txt_UDF10'

2020-12-22 17:38:34 - [MESSAGE][PASSED] - Object 'Object Repository/VLink/Page_CCSale/txt_CardOnFileIndicator' is present

2020-12-22 17:38:35 - [MESSAGE][PASSED] - Text '' is set on object 'Object Repository/VLink/Page_CCSale/txt_CardOnFileIndicator'

2020-12-22 17:38:35 - [MESSAGE][PASSED] - Object 'Object Repository/VLink/Page_CCSale/txt_StoredCredentialIndicator' is present

2020-12-22 17:38:36 - [MESSAGE][PASSED] - Text '' is set on object 'Object Repository/VLink/Page_CCSale/txt_StoredCredentialIndicator'

2020-12-22 17:38:36 - [MESSAGE][PASSED] - Object 'Object Repository/VLink/Page_CCSale/txt_COFScheduledIndicator' is present

2020-12-22 17:38:37 - [MESSAGE][PASSED] - Text '' is set on object 'Object Repository/VLink/Page_CCSale/txt_COFScheduledIndicator'

2020-12-22 17:38:37 - [MESSAGE][PASSED] - Object 'Object Repository/VLink/Page_CCSale/txt_COFTransactionInitiatedBy' is present

2020-12-22 17:38:38 - [MESSAGE][PASSED] - Text '' is set on object 'Object Repository/VLink/Page_CCSale/txt_COFTransactionInitiatedBy'

2020-12-22 17:38:43 - [MESSAGE][PASSED] - Object: 'Object Repository/VLink/Page_CCSale/btn_ProcessVLinkTransaction' is clicked on

2020-12-22 17:38:48 - [MESSAGE][PASSED] - vlinkPages.saleCCPage.setDataSCC is PASSED

2020-12-22 17:38:48 - [TEST_STEP][PASSED] - if (verifyTextPresent("Transaction approved, no errors", true)): null

2020-12-22 17:38:49 - [MESSAGE][PASSED] - Text 'Transaction approved, no errors' is present on page  using regular expression

2020-12-22 17:38:49 - [TEST_STEP][PASSED] - println("Transaction Approved, no errors text is present on the Confirmation page"): null

2020-12-22 17:38:49 - [TEST_STEP][PASSED] - out.println("Pass Record Number: " + row): null

2020-12-22 17:38:49 - [TEST_STEP][PASSED] - sdfo = getText(findTestObject("Object Repository/Page_VLinkReceipt/pre_STX")): Text of object 'Object Repository/Page_VLinkReceipt/pre_STX' is: '<STX>rtdYJajPdF3K                  12087955            0  Transaction approved, no errors                   0                                                                                  Y OK6077   <ETX>'

2020-12-22 17:38:49 - [MESSAGE][PASSED] - Text of object 'Object Repository/Page_VLinkReceipt/pre_STX' is: '<STX>rtdYJajPdF3K                  12087955            0  Transaction approved, no errors                   0                                                                                  Y OK6077   <ETX>'

2020-12-22 17:38:49 - [TEST_STEP][PASSED] - out.println("sdfo: " + sdfo): null

2020-12-22 17:38:49 - [TEST_STEP][PASSED] - remID = substring(5, 35).trim(): null

2020-12-22 17:38:49 - [TEST_STEP][PASSED] - out.println("Remittance ID: " + remID): null

2020-12-22 17:38:49 - [TEST_STEP][PASSED] - traxID = substring(35, 55).trim(): null

2020-12-22 17:38:49 - [TEST_STEP][PASSED] - out.println("Transaction ID: " + traxID): null

2020-12-22 17:38:49 - [TEST_STEP][PASSED] - out.println("End Record Number: " + row): null

2020-12-22 17:38:49 - [TEST_STEP][PASSED] - closeBrowser(): Browser is closed

2020-12-22 17:38:50 - [MESSAGE][PASSED] - Browser is closed

2020-12-22 17:38:50 - [TEST_STEP][PASSED] - out.println("Begin Record Number: " + row): null

2020-12-22 17:38:50 - [TEST_STEP][PASSED] - openBrowser(VLinkURL + "authcap.html"): Browser is opened with url: 'https://dev-algorithm.govolution.com/vlinktest/QA/version_2_0/authcap.html'

2020-12-22 17:38:50 - [MESSAGE][INFO] - Starting 'Chrome' driver

2020-12-22 17:38:50 - [MESSAGE][INFO] - User set preference: ['acceptInsecureCerts', 'true']

2020-12-22 17:38:50 - [MESSAGE][INFO] - Action delay is set to 0 milliseconds

2020-12-22 17:38:53 - [MESSAGE][PASSED] - Browser is opened with url: 'https://dev-algorithm.govolution.com/vlinktest/QA/version_2_0/authcap.html'

2020-12-22 17:38:53 - [TEST_STEP][PASSED] - maximizeWindow(): Current window maximized

2020-12-22 17:38:53 - [MESSAGE][PASSED] - Current window maximized

2020-12-22 17:38:53 - [TEST_STEP][PASSED] - vlinkPages.saleCCPage.setDataSCC(row, dataFile): vlinkPages.saleCCPage.setDataSCC is PASSED

2020-12-22 17:38:55 - [MESSAGE][PASSED] - Object 'Object Repository/VLink/Page_CCSale/txt_CardNumber' is present

2020-12-22 17:38:55 - [MESSAGE][PASSED] - Object 'Object Repository/VLink/Page_CCSale/txt_TransactionType' is present

2020-12-22 17:38:56 - [MESSAGE][PASSED] - Text '104' is set on object 'Object Repository/VLink/Page_CCSale/txt_TransactionType'

2020-12-22 17:38:56 - [MESSAGE][PASSED] - Object 'Object Repository/VLink/Page_CCSale/txt_MessageVersion' is present

2020-12-22 17:38:57 - [MESSAGE][PASSED] - Text '2.0C' is set on object 'Object Repository/VLink/Page_CCSale/txt_MessageVersion'

2020-12-22 17:38:57 - [MESSAGE][PASSED] - Object 'Object Repository/VLink/Page_CCSale/txt_RemID' is present

2020-12-22 17:38:58 - [MESSAGE][PASSED] - Text 'wBiz2DwEvDtf' is set on object 'Object Repository/VLink/Page_CCSale/txt_RemID'

2020-12-22 17:38:58 - [MESSAGE][PASSED] - Object 'Object Repository/VLink/Page_CCSale/txt_ApplicationId' is present

2020-12-22 17:38:59 - [MESSAGE][PASSED] - Text '670' is set on object 'Object Repository/VLink/Page_CCSale/txt_ApplicationId'

2020-12-22 17:38:59 - [MESSAGE][PASSED] - Object 'Object Repository/VLink/Page_CCSale/txt_Username' is present

2020-12-22 17:39:00 - [MESSAGE][PASSED] - Text 'username' is set on object 'Object Repository/VLink/Page_CCSale/txt_Username'

2020-12-22 17:39:00 - [MESSAGE][PASSED] - Object 'Object Repository/VLink/Page_CCSale/txt_Password' is present

2020-12-22 17:39:01 - [MESSAGE][PASSED] - Text 'password' is set on object 'Object Repository/VLink/Page_CCSale/txt_Password'

2020-12-22 17:39:01 - [MESSAGE][PASSED] - Object 'Object Repository/VLink/Page_CCSale/txt_ResponseFormat' is present

2020-12-22 17:39:02 - [MESSAGE][PASSED] - Text 'fixed_width' is set on object 'Object Repository/VLink/Page_CCSale/txt_ResponseFormat'

2020-12-22 17:39:02 - [MESSAGE][PASSED] - Object 'Object Repository/VLink/Page_CCSale/txt_Category' is present

2020-12-22 17:39:03 - [MESSAGE][PASSED] - Text 'MOTO' is set on object 'Object Repository/VLink/Page_CCSale/txt_Category'

2020-12-22 17:39:03 - [MESSAGE][PASSED] - Object 'Object Repository/VLink/Page_CCSale/txt_TransactionID' is present

2020-12-22 17:39:03 - [MESSAGE][PASSED] - Text '' is set on object 'Object Repository/VLink/Page_CCSale/txt_TransactionID'

2020-12-22 17:39:04 - [MESSAGE][PASSED] - Object 'Object Repository/VLink/Page_CCSale/txt_ApprovalCode' is present

2020-12-22 17:39:04 - [MESSAGE][PASSED] - Text '' is set on object 'Object Repository/VLink/Page_CCSale/txt_ApprovalCode'

2020-12-22 17:39:05 - [MESSAGE][PASSED] - Object 'Object Repository/VLink/Page_CCSale/txt_CardName' is present

2020-12-22 17:39:05 - [MESSAGE][PASSED] - Text 'Arvind Silva' is set on object 'Object Repository/VLink/Page_CCSale/txt_CardName'

2020-12-22 17:39:05 - [MESSAGE][PASSED] - Object 'Object Repository/VLink/Page_CCSale/txt_AL1' is present

2020-12-22 17:39:06 - [MESSAGE][PASSED] - Text '111 Main Ave' is set on object 'Object Repository/VLink/Page_CCSale/txt_AL1'

2020-12-22 17:39:06 - [MESSAGE][PASSED] - Object 'Object Repository/VLink/Page_CCSale/txt_AL2' is present

2020-12-22 17:39:07 - [MESSAGE][PASSED] - Text '' is set on object 'Object Repository/VLink/Page_CCSale/txt_AL2'

2020-12-22 17:39:07 - [MESSAGE][PASSED] - Object 'Object Repository/VLink/Page_CCSale/txt_CardCity' is present

2020-12-22 17:39:08 - [MESSAGE][PASSED] - Text 'Arlington' is set on object 'Object Repository/VLink/Page_CCSale/txt_CardCity'

2020-12-22 17:39:08 - [MESSAGE][PASSED] - Object 'Object Repository/VLink/Page_CCSale/txt_CardState' is present

2020-12-22 17:39:09 - [MESSAGE][PASSED] - Text 'VA' is set on object 'Object Repository/VLink/Page_CCSale/txt_CardState'

2020-12-22 17:39:09 - [MESSAGE][PASSED] - Object 'Object Repository/VLink/Page_CCSale/txt_CardZIP' is present

2020-12-22 17:39:10 - [MESSAGE][PASSED] - Text '22201' is set on object 'Object Repository/VLink/Page_CCSale/txt_CardZIP'

2020-12-22 17:39:10 - [MESSAGE][PASSED] - Object 'Object Repository/VLink/Page_CCSale/txt_CountryID' is present

2020-12-22 17:39:11 - [MESSAGE][PASSED] - Text '' is set on object 'Object Repository/VLink/Page_CCSale/txt_CountryID'

2020-12-22 17:39:11 - [MESSAGE][PASSED] - Object 'Object Repository/VLink/Page_CCSale/txt_Amount' is present

2020-12-22 17:39:12 - [MESSAGE][PASSED] - Text '2.50' is set on object 'Object Repository/VLink/Page_CCSale/txt_Amount'

2020-12-22 17:39:12 - [MESSAGE][PASSED] - Object 'Object Repository/VLink/Page_CCSale/txt_CardNumber' is present

2020-12-22 17:39:13 - [MESSAGE][PASSED] - Text '4111111111111111' is set on object 'Object Repository/VLink/Page_CCSale/txt_CardNumber'

2020-12-22 17:39:13 - [MESSAGE][PASSED] - Object 'Object Repository/VLink/Page_CCSale/txt_ExpMonth' is present

2020-12-22 17:39:14 - [MESSAGE][PASSED] - Text '01' is set on object 'Object Repository/VLink/Page_CCSale/txt_ExpMonth'

2020-12-22 17:39:14 - [MESSAGE][PASSED] - Object 'Object Repository/VLink/Page_CCSale/txt_ExpYear' is present

2020-12-22 17:39:15 - [MESSAGE][PASSED] - Text '2026' is set on object 'Object Repository/VLink/Page_CCSale/txt_ExpYear'

2020-12-22 17:39:15 - [MESSAGE][PASSED] - Object 'Object Repository/VLink/Page_CCSale/txt_CVV' is present

2020-12-22 17:39:15 - [MESSAGE][PASSED] - Text '' is set on object 'Object Repository/VLink/Page_CCSale/txt_CVV'

2020-12-22 17:39:16 - [MESSAGE][PASSED] - Object 'Object Repository/VLink/Page_CCSale/txt_CVVstate' is present

2020-12-22 17:39:16 - [MESSAGE][PASSED] - Text '' is set on object 'Object Repository/VLink/Page_CCSale/txt_CVVstate'

2020-12-22 17:39:17 - [MESSAGE][PASSED] - Object 'Object Repository/VLink/Page_CCSale/txt_TrackData' is present

2020-12-22 17:39:17 - [MESSAGE][PASSED] - Text '' is set on object 'Object Repository/VLink/Page_CCSale/txt_TrackData'

2020-12-22 17:39:18 - [MESSAGE][PASSED] - Object 'Object Repository/VLink/Page_CCSale/txt_Track1Data' is present

2020-12-22 17:39:18 - [MESSAGE][PASSED] - Text '' is set on object 'Object Repository/VLink/Page_CCSale/txt_Track1Data'

2020-12-22 17:39:19 - [MESSAGE][PASSED] - Object 'Object Repository/VLink/Page_CCSale/txt_Track2Data' is present

2020-12-22 17:39:19 - [MESSAGE][PASSED] - Text '' is set on object 'Object Repository/VLink/Page_CCSale/txt_Track2Data'

2020-12-22 17:39:20 - [MESSAGE][PASSED] - Object 'Object Repository/VLink/Page_CCSale/txt_POSEntryMode' is present

2020-12-22 17:39:20 - [MESSAGE][PASSED] - Text 'manual' is set on object 'Object Repository/VLink/Page_CCSale/txt_POSEntryMode'

2020-12-22 17:39:21 - [MESSAGE][PASSED] - Object 'Object Repository/VLink/Page_CCSale/txt_Email' is present

2020-12-22 17:39:21 - [MESSAGE][PASSED] - Text '' is set on object 'Object Repository/VLink/Page_CCSale/txt_Email'

2020-12-22 17:39:22 - [MESSAGE][PASSED] - Object 'Object Repository/VLink/Page_CCSale/txt_OrderNumber' is present

2020-12-22 17:39:22 - [MESSAGE][PASSED] - Text '' is set on object 'Object Repository/VLink/Page_CCSale/txt_OrderNumber'

2020-12-22 17:39:23 - [MESSAGE][PASSED] - Object 'Object Repository/VLink/Page_CCSale/txt_TaxAmount' is present

2020-12-22 17:39:23 - [MESSAGE][PASSED] - Text '' is set on object 'Object Repository/VLink/Page_CCSale/txt_TaxAmount'

2020-12-22 17:39:24 - [MESSAGE][PASSED] - Object 'Object Repository/VLink/Page_CCSale/txt_ChargeDescription' is present

2020-12-22 17:39:24 - [MESSAGE][PASSED] - Text '' is set on object 'Object Repository/VLink/Page_CCSale/txt_ChargeDescription'

2020-12-22 17:39:25 - [MESSAGE][PASSED] - Object 'Object Repository/VLink/Page_CCSale/txt_CAN' is present

2020-12-22 17:39:25 - [MESSAGE][PASSED] - Text '' is set on object 'Object Repository/VLink/Page_CCSale/txt_CAN'

2020-12-22 17:39:26 - [MESSAGE][PASSED] - Object 'Object Repository/VLink/Page_CCSale/txt_BillPaymentIndicator' is present

2020-12-22 17:39:26 - [MESSAGE][PASSED] - Text '' is set on object 'Object Repository/VLink/Page_CCSale/txt_BillPaymentIndicator'

2020-12-22 17:39:27 - [MESSAGE][PASSED] - Object 'Object Repository/VLink/Page_CCSale/txt_UDF1' is present

2020-12-22 17:39:27 - [MESSAGE][PASSED] - Text '' is set on object 'Object Repository/VLink/Page_CCSale/txt_UDF1'

2020-12-22 17:39:28 - [MESSAGE][PASSED] - Object 'Object Repository/VLink/Page_CCSale/txt_UDF2' is present

2020-12-22 17:39:28 - [MESSAGE][PASSED] - Text '' is set on object 'Object Repository/VLink/Page_CCSale/txt_UDF2'

2020-12-22 17:39:29 - [MESSAGE][PASSED] - Object 'Object Repository/VLink/Page_CCSale/txt_UDF3' is present

2020-12-22 17:39:29 - [MESSAGE][PASSED] - Text '' is set on object 'Object Repository/VLink/Page_CCSale/txt_UDF3'

2020-12-22 17:39:30 - [MESSAGE][PASSED] - Object 'Object Repository/VLink/Page_CCSale/txt_UDF4' is present

2020-12-22 17:39:30 - [MESSAGE][PASSED] - Text '' is set on object 'Object Repository/VLink/Page_CCSale/txt_UDF4'

2020-12-22 17:39:31 - [MESSAGE][PASSED] - Object 'Object Repository/VLink/Page_CCSale/txt_UDF5' is present

2020-12-22 17:39:31 - [MESSAGE][PASSED] - Text '' is set on object 'Object Repository/VLink/Page_CCSale/txt_UDF5'

2020-12-22 17:39:32 - [MESSAGE][PASSED] - Object 'Object Repository/VLink/Page_CCSale/txt_UDF6' is present

2020-12-22 17:39:32 - [MESSAGE][PASSED] - Text '' is set on object 'Object Repository/VLink/Page_CCSale/txt_UDF6'

2020-12-22 17:39:33 - [MESSAGE][PASSED] - Object 'Object Repository/VLink/Page_CCSale/txt_UDF7' is present

2020-12-22 17:39:33 - [MESSAGE][PASSED] - Text '' is set on object 'Object Repository/VLink/Page_CCSale/txt_UDF7'

2020-12-22 17:39:34 - [MESSAGE][PASSED] - Object 'Object Repository/VLink/Page_CCSale/txt_UDF8' is present

2020-12-22 17:39:34 - [MESSAGE][PASSED] - Text '' is set on object 'Object Repository/VLink/Page_CCSale/txt_UDF8'

2020-12-22 17:39:35 - [MESSAGE][PASSED] - Object 'Object Repository/VLink/Page_CCSale/txt_UDF9' is present

2020-12-22 17:39:35 - [MESSAGE][PASSED] - Text '' is set on object 'Object Repository/VLink/Page_CCSale/txt_UDF9'

2020-12-22 17:39:36 - [MESSAGE][PASSED] - Object 'Object Repository/VLink/Page_CCSale/txt_UDF10' is present

2020-12-22 17:39:36 - [MESSAGE][PASSED] - Text '' is set on object 'Object Repository/VLink/Page_CCSale/txt_UDF10'

2020-12-22 17:39:36 - [MESSAGE][PASSED] - Object 'Object Repository/VLink/Page_CCSale/txt_CardOnFileIndicator' is present

2020-12-22 17:39:37 - [MESSAGE][PASSED] - Text '' is set on object 'Object Repository/VLink/Page_CCSale/txt_CardOnFileIndicator'

2020-12-22 17:39:37 - [MESSAGE][PASSED] - Object 'Object Repository/VLink/Page_CCSale/txt_StoredCredentialIndicator' is present

2020-12-22 17:39:38 - [MESSAGE][PASSED] - Text '' is set on object 'Object Repository/VLink/Page_CCSale/txt_StoredCredentialIndicator'

2020-12-22 17:39:38 - [MESSAGE][PASSED] - Object 'Object Repository/VLink/Page_CCSale/txt_COFScheduledIndicator' is present

2020-12-22 17:39:39 - [MESSAGE][PASSED] - Text '' is set on object 'Object Repository/VLink/Page_CCSale/txt_COFScheduledIndicator'

2020-12-22 17:39:39 - [MESSAGE][PASSED] - Object 'Object Repository/VLink/Page_CCSale/txt_COFTransactionInitiatedBy' is present

2020-12-22 17:39:40 - [MESSAGE][PASSED] - Text '' is set on object 'Object Repository/VLink/Page_CCSale/txt_COFTransactionInitiatedBy'

2020-12-22 17:39:44 - [MESSAGE][PASSED] - Object: 'Object Repository/VLink/Page_CCSale/btn_ProcessVLinkTransaction' is clicked on

2020-12-22 17:39:49 - [MESSAGE][PASSED] - vlinkPages.saleCCPage.setDataSCC is PASSED

2020-12-22 17:39:49 - [TEST_STEP][PASSED] - if (verifyTextPresent("Transaction approved, no errors", true)): null

2020-12-22 17:39:49 - [MESSAGE][PASSED] - Text 'Transaction approved, no errors' is present on page  using regular expression

2020-12-22 17:39:49 - [TEST_STEP][PASSED] - println("Transaction Approved, no errors text is present on the Confirmation page"): null

2020-12-22 17:39:49 - [TEST_STEP][PASSED] - out.println("Pass Record Number: " + row): null

2020-12-22 17:39:49 - [TEST_STEP][PASSED] - sdfo = getText(findTestObject("Object Repository/Page_VLinkReceipt/pre_STX")): Text of object 'Object Repository/Page_VLinkReceipt/pre_STX' is: '<STX>wBiz2DwEvDtf                  12087956            0  Transaction approved, no errors                   0                                                                                  Y OK6567   <ETX>'

2020-12-22 17:39:50 - [MESSAGE][PASSED] - Text of object 'Object Repository/Page_VLinkReceipt/pre_STX' is: '<STX>wBiz2DwEvDtf                  12087956            0  Transaction approved, no errors                   0                                                                                  Y OK6567   <ETX>'

2020-12-22 17:39:50 - [TEST_STEP][PASSED] - out.println("sdfo: " + sdfo): null

2020-12-22 17:39:50 - [TEST_STEP][PASSED] - remID = substring(5, 35).trim(): null

2020-12-22 17:39:50 - [TEST_STEP][PASSED] - out.println("Remittance ID: " + remID): null

2020-12-22 17:39:50 - [TEST_STEP][PASSED] - traxID = substring(35, 55).trim(): null

2020-12-22 17:39:50 - [TEST_STEP][PASSED] - out.println("Transaction ID: " + traxID): null

2020-12-22 17:39:50 - [TEST_STEP][PASSED] - out.println("End Record Number: " + row): null

2020-12-22 17:39:50 - [TEST_STEP][PASSED] - closeBrowser(): Browser is closed

2020-12-22 17:39:51 - [MESSAGE][PASSED] - Browser is closed

2020-12-22 17:39:51 - [TEST_STEP][PASSED] - out.println("Begin Record Number: " + row): null

2020-12-22 17:39:51 - [TEST_STEP][PASSED] - openBrowser(VLinkURL + "authcap.html"): Browser is opened with url: 'https://dev-algorithm.govolution.com/vlinktest/QA/version_2_0/authcap.html'

2020-12-22 17:39:51 - [MESSAGE][INFO] - Starting 'Chrome' driver

2020-12-22 17:39:51 - [MESSAGE][INFO] - User set preference: ['acceptInsecureCerts', 'true']

2020-12-22 17:39:51 - [MESSAGE][INFO] - Action delay is set to 0 milliseconds

2020-12-22 17:39:54 - [MESSAGE][PASSED] - Browser is opened with url: 'https://dev-algorithm.govolution.com/vlinktest/QA/version_2_0/authcap.html'

2020-12-22 17:39:54 - [TEST_STEP][PASSED] - maximizeWindow(): Current window maximized

2020-12-22 17:39:54 - [MESSAGE][PASSED] - Current window maximized

2020-12-22 17:39:54 - [TEST_STEP][PASSED] - vlinkPages.saleCCPage.setDataSCC(row, dataFile): vlinkPages.saleCCPage.setDataSCC is PASSED

2020-12-22 17:39:56 - [MESSAGE][PASSED] - Object 'Object Repository/VLink/Page_CCSale/txt_CardNumber' is present

2020-12-22 17:39:56 - [MESSAGE][PASSED] - Object 'Object Repository/VLink/Page_CCSale/txt_TransactionType' is present

2020-12-22 17:39:57 - [MESSAGE][PASSED] - Text '104' is set on object 'Object Repository/VLink/Page_CCSale/txt_TransactionType'

2020-12-22 17:39:57 - [MESSAGE][PASSED] - Object 'Object Repository/VLink/Page_CCSale/txt_MessageVersion' is present

2020-12-22 17:39:58 - [MESSAGE][PASSED] - Text '2.0C' is set on object 'Object Repository/VLink/Page_CCSale/txt_MessageVersion'

2020-12-22 17:39:58 - [MESSAGE][PASSED] - Object 'Object Repository/VLink/Page_CCSale/txt_RemID' is present

2020-12-22 17:39:58 - [MESSAGE][PASSED] - Text 'D8YWi59oaxSH' is set on object 'Object Repository/VLink/Page_CCSale/txt_RemID'

2020-12-22 17:39:59 - [MESSAGE][PASSED] - Object 'Object Repository/VLink/Page_CCSale/txt_ApplicationId' is present

2020-12-22 17:39:59 - [MESSAGE][PASSED] - Text '670' is set on object 'Object Repository/VLink/Page_CCSale/txt_ApplicationId'

2020-12-22 17:40:00 - [MESSAGE][PASSED] - Object 'Object Repository/VLink/Page_CCSale/txt_Username' is present

2020-12-22 17:40:00 - [MESSAGE][PASSED] - Text 'username' is set on object 'Object Repository/VLink/Page_CCSale/txt_Username'

2020-12-22 17:40:00 - [MESSAGE][PASSED] - Object 'Object Repository/VLink/Page_CCSale/txt_Password' is present

2020-12-22 17:40:01 - [MESSAGE][PASSED] - Text 'password' is set on object 'Object Repository/VLink/Page_CCSale/txt_Password'

2020-12-22 17:40:01 - [MESSAGE][PASSED] - Object 'Object Repository/VLink/Page_CCSale/txt_ResponseFormat' is present

2020-12-22 17:40:02 - [MESSAGE][PASSED] - Text 'fixed_width' is set on object 'Object Repository/VLink/Page_CCSale/txt_ResponseFormat'

2020-12-22 17:40:02 - [MESSAGE][PASSED] - Object 'Object Repository/VLink/Page_CCSale/txt_Category' is present

2020-12-22 17:40:03 - [MESSAGE][PASSED] - Text 'MOTO' is set on object 'Object Repository/VLink/Page_CCSale/txt_Category'

2020-12-22 17:40:03 - [MESSAGE][PASSED] - Object 'Object Repository/VLink/Page_CCSale/txt_TransactionID' is present

2020-12-22 17:40:04 - [MESSAGE][PASSED] - Text '' is set on object 'Object Repository/VLink/Page_CCSale/txt_TransactionID'

2020-12-22 17:40:04 - [MESSAGE][PASSED] - Object 'Object Repository/VLink/Page_CCSale/txt_ApprovalCode' is present

2020-12-22 17:40:05 - [MESSAGE][PASSED] - Text '' is set on object 'Object Repository/VLink/Page_CCSale/txt_ApprovalCode'

2020-12-22 17:40:05 - [MESSAGE][PASSED] - Object 'Object Repository/VLink/Page_CCSale/txt_CardName' is present

2020-12-22 17:40:05 - [MESSAGE][PASSED] - Text 'Roshan Maha' is set on object 'Object Repository/VLink/Page_CCSale/txt_CardName'

2020-12-22 17:40:06 - [MESSAGE][PASSED] - Object 'Object Repository/VLink/Page_CCSale/txt_AL1' is present

2020-12-22 17:40:06 - [MESSAGE][PASSED] - Text '12563 Bazaar road' is set on object 'Object Repository/VLink/Page_CCSale/txt_AL1'

2020-12-22 17:40:07 - [MESSAGE][PASSED] - Object 'Object Repository/VLink/Page_CCSale/txt_AL2' is present

2020-12-22 17:40:07 - [MESSAGE][PASSED] - Text '' is set on object 'Object Repository/VLink/Page_CCSale/txt_AL2'

2020-12-22 17:40:08 - [MESSAGE][PASSED] - Object 'Object Repository/VLink/Page_CCSale/txt_CardCity' is present

2020-12-22 17:40:08 - [MESSAGE][PASSED] - Text 'Crofton' is set on object 'Object Repository/VLink/Page_CCSale/txt_CardCity'

2020-12-22 17:40:09 - [MESSAGE][PASSED] - Object 'Object Repository/VLink/Page_CCSale/txt_CardState' is present

2020-12-22 17:40:09 - [MESSAGE][PASSED] - Text 'MD' is set on object 'Object Repository/VLink/Page_CCSale/txt_CardState'

2020-12-22 17:40:10 - [MESSAGE][PASSED] - Object 'Object Repository/VLink/Page_CCSale/txt_CardZIP' is present

2020-12-22 17:40:10 - [MESSAGE][PASSED] - Text '21114' is set on object 'Object Repository/VLink/Page_CCSale/txt_CardZIP'

2020-12-22 17:40:11 - [MESSAGE][PASSED] - Object 'Object Repository/VLink/Page_CCSale/txt_CountryID' is present

2020-12-22 17:40:11 - [MESSAGE][PASSED] - Text '' is set on object 'Object Repository/VLink/Page_CCSale/txt_CountryID'

2020-12-22 17:40:11 - [MESSAGE][PASSED] - Object 'Object Repository/VLink/Page_CCSale/txt_Amount' is present

2020-12-22 17:40:12 - [MESSAGE][PASSED] - Text '3.50' is set on object 'Object Repository/VLink/Page_CCSale/txt_Amount'

2020-12-22 17:40:12 - [MESSAGE][PASSED] - Object 'Object Repository/VLink/Page_CCSale/txt_CardNumber' is present

2020-12-22 17:40:13 - [MESSAGE][PASSED] - Text '5424000000000015' is set on object 'Object Repository/VLink/Page_CCSale/txt_CardNumber'

2020-12-22 17:40:13 - [MESSAGE][PASSED] - Object 'Object Repository/VLink/Page_CCSale/txt_ExpMonth' is present

2020-12-22 17:40:14 - [MESSAGE][PASSED] - Text '01' is set on object 'Object Repository/VLink/Page_CCSale/txt_ExpMonth'

2020-12-22 17:40:14 - [MESSAGE][PASSED] - Object 'Object Repository/VLink/Page_CCSale/txt_ExpYear' is present

2020-12-22 17:40:15 - [MESSAGE][PASSED] - Text '2026' is set on object 'Object Repository/VLink/Page_CCSale/txt_ExpYear'

2020-12-22 17:40:15 - [MESSAGE][PASSED] - Object 'Object Repository/VLink/Page_CCSale/txt_CVV' is present

2020-12-22 17:40:16 - [MESSAGE][PASSED] - Text '' is set on object 'Object Repository/VLink/Page_CCSale/txt_CVV'

2020-12-22 17:40:16 - [MESSAGE][PASSED] - Object 'Object Repository/VLink/Page_CCSale/txt_CVVstate' is present

2020-12-22 17:40:17 - [MESSAGE][PASSED] - Text '' is set on object 'Object Repository/VLink/Page_CCSale/txt_CVVstate'

2020-12-22 17:40:17 - [MESSAGE][PASSED] - Object 'Object Repository/VLink/Page_CCSale/txt_TrackData' is present

2020-12-22 17:40:18 - [MESSAGE][PASSED] - Text '' is set on object 'Object Repository/VLink/Page_CCSale/txt_TrackData'

2020-12-22 17:40:18 - [MESSAGE][PASSED] - Object 'Object Repository/VLink/Page_CCSale/txt_Track1Data' is present

2020-12-22 17:40:19 - [MESSAGE][PASSED] - Text '' is set on object 'Object Repository/VLink/Page_CCSale/txt_Track1Data'

2020-12-22 17:40:19 - [MESSAGE][PASSED] - Object 'Object Repository/VLink/Page_CCSale/txt_Track2Data' is present

2020-12-22 17:40:20 - [MESSAGE][PASSED] - Text '' is set on object 'Object Repository/VLink/Page_CCSale/txt_Track2Data'

2020-12-22 17:40:20 - [MESSAGE][PASSED] - Object 'Object Repository/VLink/Page_CCSale/txt_POSEntryMode' is present

2020-12-22 17:40:21 - [MESSAGE][PASSED] - Text 'manual' is set on object 'Object Repository/VLink/Page_CCSale/txt_POSEntryMode'

2020-12-22 17:40:21 - [MESSAGE][PASSED] - Object 'Object Repository/VLink/Page_CCSale/txt_Email' is present

2020-12-22 17:40:22 - [MESSAGE][PASSED] - Text '' is set on object 'Object Repository/VLink/Page_CCSale/txt_Email'

2020-12-22 17:40:22 - [MESSAGE][PASSED] - Object 'Object Repository/VLink/Page_CCSale/txt_OrderNumber' is present

2020-12-22 17:40:23 - [MESSAGE][PASSED] - Text '' is set on object 'Object Repository/VLink/Page_CCSale/txt_OrderNumber'

2020-12-22 17:40:23 - [MESSAGE][PASSED] - Object 'Object Repository/VLink/Page_CCSale/txt_TaxAmount' is present

2020-12-22 17:40:24 - [MESSAGE][PASSED] - Text '' is set on object 'Object Repository/VLink/Page_CCSale/txt_TaxAmount'

2020-12-22 17:40:24 - [MESSAGE][PASSED] - Object 'Object Repository/VLink/Page_CCSale/txt_ChargeDescription' is present

2020-12-22 17:40:25 - [MESSAGE][PASSED] - Text '' is set on object 'Object Repository/VLink/Page_CCSale/txt_ChargeDescription'

2020-12-22 17:40:25 - [MESSAGE][PASSED] - Object 'Object Repository/VLink/Page_CCSale/txt_CAN' is present

2020-12-22 17:40:26 - [MESSAGE][PASSED] - Text '' is set on object 'Object Repository/VLink/Page_CCSale/txt_CAN'

2020-12-22 17:40:26 - [MESSAGE][PASSED] - Object 'Object Repository/VLink/Page_CCSale/txt_BillPaymentIndicator' is present

2020-12-22 17:40:27 - [MESSAGE][PASSED] - Text '' is set on object 'Object Repository/VLink/Page_CCSale/txt_BillPaymentIndicator'

2020-12-22 17:40:27 - [MESSAGE][PASSED] - Object 'Object Repository/VLink/Page_CCSale/txt_UDF1' is present

2020-12-22 17:40:28 - [MESSAGE][PASSED] - Text '' is set on object 'Object Repository/VLink/Page_CCSale/txt_UDF1'

2020-12-22 17:40:28 - [MESSAGE][PASSED] - Object 'Object Repository/VLink/Page_CCSale/txt_UDF2' is present

2020-12-22 17:40:28 - [MESSAGE][PASSED] - Text '' is set on object 'Object Repository/VLink/Page_CCSale/txt_UDF2'

2020-12-22 17:40:29 - [MESSAGE][PASSED] - Object 'Object Repository/VLink/Page_CCSale/txt_UDF3' is present

2020-12-22 17:40:29 - [MESSAGE][PASSED] - Text '' is set on object 'Object Repository/VLink/Page_CCSale/txt_UDF3'

2020-12-22 17:40:30 - [MESSAGE][PASSED] - Object 'Object Repository/VLink/Page_CCSale/txt_UDF4' is present

2020-12-22 17:40:30 - [MESSAGE][PASSED] - Text '' is set on object 'Object Repository/VLink/Page_CCSale/txt_UDF4'

2020-12-22 17:40:30 - [MESSAGE][PASSED] - Object 'Object Repository/VLink/Page_CCSale/txt_UDF5' is present

2020-12-22 17:40:31 - [MESSAGE][PASSED] - Text '' is set on object 'Object Repository/VLink/Page_CCSale/txt_UDF5'

2020-12-22 17:40:31 - [MESSAGE][PASSED] - Object 'Object Repository/VLink/Page_CCSale/txt_UDF6' is present

2020-12-22 17:40:32 - [MESSAGE][PASSED] - Text '' is set on object 'Object Repository/VLink/Page_CCSale/txt_UDF6'

2020-12-22 17:40:32 - [MESSAGE][PASSED] - Object 'Object Repository/VLink/Page_CCSale/txt_UDF7' is present

2020-12-22 17:40:33 - [MESSAGE][PASSED] - Text '' is set on object 'Object Repository/VLink/Page_CCSale/txt_UDF7'

2020-12-22 17:40:33 - [MESSAGE][PASSED] - Object 'Object Repository/VLink/Page_CCSale/txt_UDF8' is present

2020-12-22 17:40:34 - [MESSAGE][PASSED] - Text '' is set on object 'Object Repository/VLink/Page_CCSale/txt_UDF8'

2020-12-22 17:40:34 - [MESSAGE][PASSED] - Object 'Object Repository/VLink/Page_CCSale/txt_UDF9' is present

2020-12-22 17:40:34 - [MESSAGE][PASSED] - Text '' is set on object 'Object Repository/VLink/Page_CCSale/txt_UDF9'

2020-12-22 17:40:35 - [MESSAGE][PASSED] - Object 'Object Repository/VLink/Page_CCSale/txt_UDF10' is present

2020-12-22 17:40:35 - [MESSAGE][PASSED] - Text '' is set on object 'Object Repository/VLink/Page_CCSale/txt_UDF10'

2020-12-22 17:40:36 - [MESSAGE][PASSED] - Object 'Object Repository/VLink/Page_CCSale/txt_CardOnFileIndicator' is present

2020-12-22 17:40:36 - [MESSAGE][PASSED] - Text '' is set on object 'Object Repository/VLink/Page_CCSale/txt_CardOnFileIndicator'

2020-12-22 17:40:37 - [MESSAGE][PASSED] - Object 'Object Repository/VLink/Page_CCSale/txt_StoredCredentialIndicator' is present

2020-12-22 17:40:37 - [MESSAGE][PASSED] - Text '' is set on object 'Object Repository/VLink/Page_CCSale/txt_StoredCredentialIndicator'

2020-12-22 17:40:38 - [MESSAGE][PASSED] - Object 'Object Repository/VLink/Page_CCSale/txt_COFScheduledIndicator' is present

2020-12-22 17:40:38 - [MESSAGE][PASSED] - Text '' is set on object 'Object Repository/VLink/Page_CCSale/txt_COFScheduledIndicator'

2020-12-22 17:40:39 - [MESSAGE][PASSED] - Object 'Object Repository/VLink/Page_CCSale/txt_COFTransactionInitiatedBy' is present

2020-12-22 17:40:39 - [MESSAGE][PASSED] - Text '' is set on object 'Object Repository/VLink/Page_CCSale/txt_COFTransactionInitiatedBy'

2020-12-22 17:40:43 - [MESSAGE][PASSED] - Object: 'Object Repository/VLink/Page_CCSale/btn_ProcessVLinkTransaction' is clicked on

2020-12-22 17:40:48 - [MESSAGE][PASSED] - vlinkPages.saleCCPage.setDataSCC is PASSED

2020-12-22 17:40:48 - [TEST_STEP][PASSED] - if (verifyTextPresent("Transaction approved, no errors", true)): null

2020-12-22 17:40:49 - [MESSAGE][PASSED] - Text 'Transaction approved, no errors' is present on page  using regular expression

2020-12-22 17:40:49 - [TEST_STEP][PASSED] - println("Transaction Approved, no errors text is present on the Confirmation page"): null

2020-12-22 17:40:49 - [TEST_STEP][PASSED] - out.println("Pass Record Number: " + row): null

2020-12-22 17:40:49 - [TEST_STEP][PASSED] - sdfo = getText(findTestObject("Object Repository/Page_VLinkReceipt/pre_STX")): Text of object 'Object Repository/Page_VLinkReceipt/pre_STX' is: '<STX>D8YWi59oaxSH                  12087957            0  Transaction approved, no errors                   0                                                                                  Y OK6917   <ETX>'

2020-12-22 17:40:49 - [MESSAGE][PASSED] - Text of object 'Object Repository/Page_VLinkReceipt/pre_STX' is: '<STX>D8YWi59oaxSH                  12087957            0  Transaction approved, no errors                   0                                                                                  Y OK6917   <ETX>'

2020-12-22 17:40:49 - [TEST_STEP][PASSED] - out.println("sdfo: " + sdfo): null

2020-12-22 17:40:49 - [TEST_STEP][PASSED] - remID = substring(5, 35).trim(): null

2020-12-22 17:40:49 - [TEST_STEP][PASSED] - out.println("Remittance ID: " + remID): null

2020-12-22 17:40:49 - [TEST_STEP][PASSED] - traxID = substring(35, 55).trim(): null

2020-12-22 17:40:49 - [TEST_STEP][PASSED] - out.println("Transaction ID: " + traxID): null

2020-12-22 17:40:49 - [TEST_STEP][PASSED] - out.println("End Record Number: " + row): null

2020-12-22 17:40:49 - [TEST_STEP][PASSED] - closeBrowser(): Browser is closed

2020-12-22 17:40:50 - [MESSAGE][PASSED] - Browser is closed

2020-12-22 17:40:50 - [TEST_STEP][PASSED] - out.println("Begin Record Number: " + row): null

2020-12-22 17:40:50 - [TEST_STEP][PASSED] - openBrowser(VLinkURL + "authcap.html"): Browser is opened with url: 'https://dev-algorithm.govolution.com/vlinktest/QA/version_2_0/authcap.html'

2020-12-22 17:40:50 - [MESSAGE][INFO] - Starting 'Chrome' driver

2020-12-22 17:40:50 - [MESSAGE][INFO] - User set preference: ['acceptInsecureCerts', 'true']

2020-12-22 17:40:50 - [MESSAGE][INFO] - Action delay is set to 0 milliseconds

2020-12-22 17:40:53 - [MESSAGE][PASSED] - Browser is opened with url: 'https://dev-algorithm.govolution.com/vlinktest/QA/version_2_0/authcap.html'

2020-12-22 17:40:53 - [TEST_STEP][PASSED] - maximizeWindow(): Current window maximized

2020-12-22 17:40:53 - [MESSAGE][PASSED] - Current window maximized

2020-12-22 17:40:53 - [TEST_STEP][PASSED] - vlinkPages.saleCCPage.setDataSCC(row, dataFile): vlinkPages.saleCCPage.setDataSCC is PASSED

2020-12-22 17:40:55 - [MESSAGE][PASSED] - Object 'Object Repository/VLink/Page_CCSale/txt_CardNumber' is present

2020-12-22 17:40:55 - [MESSAGE][PASSED] - Object 'Object Repository/VLink/Page_CCSale/txt_TransactionType' is present

2020-12-22 17:40:56 - [MESSAGE][PASSED] - Text '104' is set on object 'Object Repository/VLink/Page_CCSale/txt_TransactionType'

2020-12-22 17:40:56 - [MESSAGE][PASSED] - Object 'Object Repository/VLink/Page_CCSale/txt_MessageVersion' is present

2020-12-22 17:40:57 - [MESSAGE][PASSED] - Text '2.0C' is set on object 'Object Repository/VLink/Page_CCSale/txt_MessageVersion'

2020-12-22 17:40:57 - [MESSAGE][PASSED] - Object 'Object Repository/VLink/Page_CCSale/txt_RemID' is present

2020-12-22 17:40:58 - [MESSAGE][PASSED] - Text 'BRQKG8mH5WGb' is set on object 'Object Repository/VLink/Page_CCSale/txt_RemID'

2020-12-22 17:40:58 - [MESSAGE][PASSED] - Object 'Object Repository/VLink/Page_CCSale/txt_ApplicationId' is present

2020-12-22 17:40:59 - [MESSAGE][PASSED] - Text '670' is set on object 'Object Repository/VLink/Page_CCSale/txt_ApplicationId'

2020-12-22 17:40:59 - [MESSAGE][PASSED] - Object 'Object Repository/VLink/Page_CCSale/txt_Username' is present

2020-12-22 17:41:00 - [MESSAGE][PASSED] - Text 'username' is set on object 'Object Repository/VLink/Page_CCSale/txt_Username'

2020-12-22 17:41:00 - [MESSAGE][PASSED] - Object 'Object Repository/VLink/Page_CCSale/txt_Password' is present

2020-12-22 17:41:01 - [MESSAGE][PASSED] - Text 'password' is set on object 'Object Repository/VLink/Page_CCSale/txt_Password'

2020-12-22 17:41:01 - [MESSAGE][PASSED] - Object 'Object Repository/VLink/Page_CCSale/txt_ResponseFormat' is present

2020-12-22 17:41:02 - [MESSAGE][PASSED] - Text 'fixed_width' is set on object 'Object Repository/VLink/Page_CCSale/txt_ResponseFormat'

2020-12-22 17:41:02 - [MESSAGE][PASSED] - Object 'Object Repository/VLink/Page_CCSale/txt_Category' is present

2020-12-22 17:41:03 - [MESSAGE][PASSED] - Text 'MOTO' is set on object 'Object Repository/VLink/Page_CCSale/txt_Category'

2020-12-22 17:41:03 - [MESSAGE][PASSED] - Object 'Object Repository/VLink/Page_CCSale/txt_TransactionID' is present

2020-12-22 17:41:03 - [MESSAGE][PASSED] - Text '' is set on object 'Object Repository/VLink/Page_CCSale/txt_TransactionID'

2020-12-22 17:41:04 - [MESSAGE][PASSED] - Object 'Object Repository/VLink/Page_CCSale/txt_ApprovalCode' is present

2020-12-22 17:41:04 - [MESSAGE][PASSED] - Text '' is set on object 'Object Repository/VLink/Page_CCSale/txt_ApprovalCode'

2020-12-22 17:41:05 - [MESSAGE][PASSED] - Object 'Object Repository/VLink/Page_CCSale/txt_CardName' is present

2020-12-22 17:41:05 - [MESSAGE][PASSED] - Text 'Kris Roshan' is set on object 'Object Repository/VLink/Page_CCSale/txt_CardName'

2020-12-22 17:41:05 - [MESSAGE][PASSED] - Object 'Object Repository/VLink/Page_CCSale/txt_AL1' is present

2020-12-22 17:41:06 - [MESSAGE][PASSED] - Text '258 Elm Road' is set on object 'Object Repository/VLink/Page_CCSale/txt_AL1'

2020-12-22 17:41:06 - [MESSAGE][PASSED] - Object 'Object Repository/VLink/Page_CCSale/txt_AL2' is present

2020-12-22 17:41:07 - [MESSAGE][PASSED] - Text 'Suite 56' is set on object 'Object Repository/VLink/Page_CCSale/txt_AL2'

2020-12-22 17:41:07 - [MESSAGE][PASSED] - Object 'Object Repository/VLink/Page_CCSale/txt_CardCity' is present

2020-12-22 17:41:08 - [MESSAGE][PASSED] - Text 'Arlington' is set on object 'Object Repository/VLink/Page_CCSale/txt_CardCity'

2020-12-22 17:41:08 - [MESSAGE][PASSED] - Object 'Object Repository/VLink/Page_CCSale/txt_CardState' is present

2020-12-22 17:41:09 - [MESSAGE][PASSED] - Text 'VA' is set on object 'Object Repository/VLink/Page_CCSale/txt_CardState'

2020-12-22 17:41:09 - [MESSAGE][PASSED] - Object 'Object Repository/VLink/Page_CCSale/txt_CardZIP' is present

2020-12-22 17:41:10 - [MESSAGE][PASSED] - Text '22201' is set on object 'Object Repository/VLink/Page_CCSale/txt_CardZIP'

2020-12-22 17:41:10 - [MESSAGE][PASSED] - Object 'Object Repository/VLink/Page_CCSale/txt_CountryID' is present

2020-12-22 17:41:11 - [MESSAGE][PASSED] - Text '840' is set on object 'Object Repository/VLink/Page_CCSale/txt_CountryID'

2020-12-22 17:41:11 - [MESSAGE][PASSED] - Object 'Object Repository/VLink/Page_CCSale/txt_Amount' is present

2020-12-22 17:41:12 - [MESSAGE][PASSED] - Text '1.50' is set on object 'Object Repository/VLink/Page_CCSale/txt_Amount'

2020-12-22 17:41:12 - [MESSAGE][PASSED] - Object 'Object Repository/VLink/Page_CCSale/txt_CardNumber' is present

2020-12-22 17:41:13 - [MESSAGE][PASSED] - Text '370000000000002' is set on object 'Object Repository/VLink/Page_CCSale/txt_CardNumber'

2020-12-22 17:41:13 - [MESSAGE][PASSED] - Object 'Object Repository/VLink/Page_CCSale/txt_ExpMonth' is present

2020-12-22 17:41:14 - [MESSAGE][PASSED] - Text '12' is set on object 'Object Repository/VLink/Page_CCSale/txt_ExpMonth'

2020-12-22 17:41:14 - [MESSAGE][PASSED] - Object 'Object Repository/VLink/Page_CCSale/txt_ExpYear' is present

2020-12-22 17:41:15 - [MESSAGE][PASSED] - Text '2025' is set on object 'Object Repository/VLink/Page_CCSale/txt_ExpYear'

2020-12-22 17:41:15 - [MESSAGE][PASSED] - Object 'Object Repository/VLink/Page_CCSale/txt_CVV' is present

2020-12-22 17:41:16 - [MESSAGE][PASSED] - Text '' is set on object 'Object Repository/VLink/Page_CCSale/txt_CVV'

2020-12-22 17:41:16 - [MESSAGE][PASSED] - Object 'Object Repository/VLink/Page_CCSale/txt_CVVstate' is present

2020-12-22 17:41:17 - [MESSAGE][PASSED] - Text '' is set on object 'Object Repository/VLink/Page_CCSale/txt_CVVstate'

2020-12-22 17:41:17 - [MESSAGE][PASSED] - Object 'Object Repository/VLink/Page_CCSale/txt_TrackData' is present

2020-12-22 17:41:17 - [MESSAGE][PASSED] - Text '' is set on object 'Object Repository/VLink/Page_CCSale/txt_TrackData'

2020-12-22 17:41:18 - [MESSAGE][PASSED] - Object 'Object Repository/VLink/Page_CCSale/txt_Track1Data' is present

2020-12-22 17:41:18 - [MESSAGE][PASSED] - Text '' is set on object 'Object Repository/VLink/Page_CCSale/txt_Track1Data'

2020-12-22 17:41:19 - [MESSAGE][PASSED] - Object 'Object Repository/VLink/Page_CCSale/txt_Track2Data' is present

2020-12-22 17:41:19 - [MESSAGE][PASSED] - Text '' is set on object 'Object Repository/VLink/Page_CCSale/txt_Track2Data'

2020-12-22 17:41:20 - [MESSAGE][PASSED] - Object 'Object Repository/VLink/Page_CCSale/txt_POSEntryMode' is present

2020-12-22 17:41:21 - [MESSAGE][PASSED] - Text 'manual' is set on object 'Object Repository/VLink/Page_CCSale/txt_POSEntryMode'

2020-12-22 17:41:21 - [MESSAGE][PASSED] - Object 'Object Repository/VLink/Page_CCSale/txt_Email' is present

2020-12-22 17:41:22 - [MESSAGE][PASSED] - Text 'iahmed@govolution.com' is set on object 'Object Repository/VLink/Page_CCSale/txt_Email'

2020-12-22 17:41:22 - [MESSAGE][PASSED] - Object 'Object Repository/VLink/Page_CCSale/txt_OrderNumber' is present

2020-12-22 17:41:23 - [MESSAGE][PASSED] - Text '2569362' is set on object 'Object Repository/VLink/Page_CCSale/txt_OrderNumber'

2020-12-22 17:41:23 - [MESSAGE][PASSED] - Object 'Object Repository/VLink/Page_CCSale/txt_TaxAmount' is present

2020-12-22 17:41:24 - [MESSAGE][PASSED] - Text '1.15' is set on object 'Object Repository/VLink/Page_CCSale/txt_TaxAmount'

2020-12-22 17:41:24 - [MESSAGE][PASSED] - Object 'Object Repository/VLink/Page_CCSale/txt_ChargeDescription' is present

2020-12-22 17:41:25 - [MESSAGE][PASSED] - Text 'Charge Description' is set on object 'Object Repository/VLink/Page_CCSale/txt_ChargeDescription'

2020-12-22 17:41:25 - [MESSAGE][PASSED] - Object 'Object Repository/VLink/Page_CCSale/txt_CAN' is present

2020-12-22 17:41:26 - [MESSAGE][PASSED] - Text '147357' is set on object 'Object Repository/VLink/Page_CCSale/txt_CAN'

2020-12-22 17:41:26 - [MESSAGE][PASSED] - Object 'Object Repository/VLink/Page_CCSale/txt_BillPaymentIndicator' is present

2020-12-22 17:41:27 - [MESSAGE][PASSED] - Text '1' is set on object 'Object Repository/VLink/Page_CCSale/txt_BillPaymentIndicator'

2020-12-22 17:41:27 - [MESSAGE][PASSED] - Object 'Object Repository/VLink/Page_CCSale/txt_UDF1' is present

2020-12-22 17:41:28 - [MESSAGE][PASSED] - Text 'UDF Data 1' is set on object 'Object Repository/VLink/Page_CCSale/txt_UDF1'

2020-12-22 17:41:28 - [MESSAGE][PASSED] - Object 'Object Repository/VLink/Page_CCSale/txt_UDF2' is present

2020-12-22 17:41:29 - [MESSAGE][PASSED] - Text 'UDF Data 2' is set on object 'Object Repository/VLink/Page_CCSale/txt_UDF2'

2020-12-22 17:41:29 - [MESSAGE][PASSED] - Object 'Object Repository/VLink/Page_CCSale/txt_UDF3' is present

2020-12-22 17:41:30 - [MESSAGE][PASSED] - Text 'UDF Data 3' is set on object 'Object Repository/VLink/Page_CCSale/txt_UDF3'

2020-12-22 17:41:30 - [MESSAGE][PASSED] - Object 'Object Repository/VLink/Page_CCSale/txt_UDF4' is present

2020-12-22 17:41:31 - [MESSAGE][PASSED] - Text 'UDF Data 4' is set on object 'Object Repository/VLink/Page_CCSale/txt_UDF4'

2020-12-22 17:41:31 - [MESSAGE][PASSED] - Object 'Object Repository/VLink/Page_CCSale/txt_UDF5' is present

2020-12-22 17:41:32 - [MESSAGE][PASSED] - Text 'UDF Data 5' is set on object 'Object Repository/VLink/Page_CCSale/txt_UDF5'

2020-12-22 17:41:32 - [MESSAGE][PASSED] - Object 'Object Repository/VLink/Page_CCSale/txt_UDF6' is present

2020-12-22 17:41:33 - [MESSAGE][PASSED] - Text 'UDF Data 6' is set on object 'Object Repository/VLink/Page_CCSale/txt_UDF6'

2020-12-22 17:41:33 - [MESSAGE][PASSED] - Object 'Object Repository/VLink/Page_CCSale/txt_UDF7' is present

2020-12-22 17:41:34 - [MESSAGE][PASSED] - Text 'UDF Data 7' is set on object 'Object Repository/VLink/Page_CCSale/txt_UDF7'

2020-12-22 17:41:34 - [MESSAGE][PASSED] - Object 'Object Repository/VLink/Page_CCSale/txt_UDF8' is present

2020-12-22 17:41:35 - [MESSAGE][PASSED] - Text 'UDF Data 8' is set on object 'Object Repository/VLink/Page_CCSale/txt_UDF8'

2020-12-22 17:41:35 - [MESSAGE][PASSED] - Object 'Object Repository/VLink/Page_CCSale/txt_UDF9' is present

2020-12-22 17:41:36 - [MESSAGE][PASSED] - Text 'UDF Data 9' is set on object 'Object Repository/VLink/Page_CCSale/txt_UDF9'

2020-12-22 17:41:36 - [MESSAGE][PASSED] - Object 'Object Repository/VLink/Page_CCSale/txt_UDF10' is present

2020-12-22 17:41:37 - [MESSAGE][PASSED] - Text 'UDF Data 10' is set on object 'Object Repository/VLink/Page_CCSale/txt_UDF10'

2020-12-22 17:41:37 - [MESSAGE][PASSED] - Object 'Object Repository/VLink/Page_CCSale/txt_CardOnFileIndicator' is present

2020-12-22 17:41:38 - [MESSAGE][PASSED] - Text '' is set on object 'Object Repository/VLink/Page_CCSale/txt_CardOnFileIndicator'

2020-12-22 17:41:38 - [MESSAGE][PASSED] - Object 'Object Repository/VLink/Page_CCSale/txt_StoredCredentialIndicator' is present

2020-12-22 17:41:38 - [MESSAGE][PASSED] - Text '' is set on object 'Object Repository/VLink/Page_CCSale/txt_StoredCredentialIndicator'

2020-12-22 17:41:39 - [MESSAGE][PASSED] - Object 'Object Repository/VLink/Page_CCSale/txt_COFScheduledIndicator' is present

2020-12-22 17:41:39 - [MESSAGE][PASSED] - Text '' is set on object 'Object Repository/VLink/Page_CCSale/txt_COFScheduledIndicator'

2020-12-22 17:41:40 - [MESSAGE][PASSED] - Object 'Object Repository/VLink/Page_CCSale/txt_COFTransactionInitiatedBy' is present

2020-12-22 17:41:40 - [MESSAGE][PASSED] - Text '' is set on object 'Object Repository/VLink/Page_CCSale/txt_COFTransactionInitiatedBy'

2020-12-22 17:41:45 - [MESSAGE][PASSED] - Object: 'Object Repository/VLink/Page_CCSale/btn_ProcessVLinkTransaction' is clicked on

2020-12-22 17:41:50 - [MESSAGE][PASSED] - vlinkPages.saleCCPage.setDataSCC is PASSED

2020-12-22 17:41:50 - [TEST_STEP][PASSED] - if (verifyTextPresent("Transaction approved, no errors", true)): null

2020-12-22 17:41:50 - [MESSAGE][PASSED] - Text 'Transaction approved, no errors' is present on page  using regular expression

2020-12-22 17:41:50 - [TEST_STEP][PASSED] - println("Transaction Approved, no errors text is present on the Confirmation page"): null

2020-12-22 17:41:50 - [TEST_STEP][PASSED] - out.println("Pass Record Number: " + row): null

2020-12-22 17:41:50 - [TEST_STEP][PASSED] - sdfo = getText(findTestObject("Object Repository/Page_VLinkReceipt/pre_STX")): Text of object 'Object Repository/Page_VLinkReceipt/pre_STX' is: '<STX>BRQKG8mH5WGb                  12087958            0  Transaction approved, no errors                   0                                                                                  Y OK7337   <ETX>'

2020-12-22 17:41:51 - [MESSAGE][PASSED] - Text of object 'Object Repository/Page_VLinkReceipt/pre_STX' is: '<STX>BRQKG8mH5WGb                  12087958            0  Transaction approved, no errors                   0                                                                                  Y OK7337   <ETX>'

2020-12-22 17:41:51 - [TEST_STEP][PASSED] - out.println("sdfo: " + sdfo): null

2020-12-22 17:41:51 - [TEST_STEP][PASSED] - remID = substring(5, 35).trim(): null

2020-12-22 17:41:51 - [TEST_STEP][PASSED] - out.println("Remittance ID: " + remID): null

2020-12-22 17:41:51 - [TEST_STEP][PASSED] - traxID = substring(35, 55).trim(): null

2020-12-22 17:41:51 - [TEST_STEP][PASSED] - out.println("Transaction ID: " + traxID): null

2020-12-22 17:41:51 - [TEST_STEP][PASSED] - out.println("End Record Number: " + row): null

2020-12-22 17:41:51 - [TEST_STEP][PASSED] - closeBrowser(): Browser is closed

2020-12-22 17:41:51 - [MESSAGE][PASSED] - Browser is closed

2020-12-22 17:41:51 - [TEST_STEP][PASSED] - out.println("Begin Record Number: " + row): null

2020-12-22 17:41:51 - [TEST_STEP][PASSED] - openBrowser(VLinkURL + "authcap.html"): Browser is opened with url: 'https://dev-algorithm.govolution.com/vlinktest/QA/version_2_0/authcap.html'

2020-12-22 17:41:51 - [MESSAGE][INFO] - Starting 'Chrome' driver

2020-12-22 17:41:51 - [MESSAGE][INFO] - User set preference: ['acceptInsecureCerts', 'true']

2020-12-22 17:41:51 - [MESSAGE][INFO] - Action delay is set to 0 milliseconds

2020-12-22 17:41:55 - [MESSAGE][PASSED] - Browser is opened with url: 'https://dev-algorithm.govolution.com/vlinktest/QA/version_2_0/authcap.html'

2020-12-22 17:41:55 - [TEST_STEP][PASSED] - maximizeWindow(): Current window maximized

2020-12-22 17:41:55 - [MESSAGE][PASSED] - Current window maximized

2020-12-22 17:41:55 - [TEST_STEP][PASSED] - vlinkPages.saleCCPage.setDataSCC(row, dataFile): vlinkPages.saleCCPage.setDataSCC is PASSED

2020-12-22 17:41:56 - [MESSAGE][PASSED] - Object 'Object Repository/VLink/Page_CCSale/txt_CardNumber' is present

2020-12-22 17:41:57 - [MESSAGE][PASSED] - Object 'Object Repository/VLink/Page_CCSale/txt_TransactionType' is present

2020-12-22 17:41:57 - [MESSAGE][PASSED] - Text '104' is set on object 'Object Repository/VLink/Page_CCSale/txt_TransactionType'

2020-12-22 17:41:58 - [MESSAGE][PASSED] - Object 'Object Repository/VLink/Page_CCSale/txt_MessageVersion' is present

2020-12-22 17:41:58 - [MESSAGE][PASSED] - Text '2.0C' is set on object 'Object Repository/VLink/Page_CCSale/txt_MessageVersion'

2020-12-22 17:41:59 - [MESSAGE][PASSED] - Object 'Object Repository/VLink/Page_CCSale/txt_RemID' is present

2020-12-22 17:41:59 - [MESSAGE][PASSED] - Text 'R3PU5wPIUvWA' is set on object 'Object Repository/VLink/Page_CCSale/txt_RemID'

2020-12-22 17:42:00 - [MESSAGE][PASSED] - Object 'Object Repository/VLink/Page_CCSale/txt_ApplicationId' is present

2020-12-22 17:42:00 - [MESSAGE][PASSED] - Text '670' is set on object 'Object Repository/VLink/Page_CCSale/txt_ApplicationId'

2020-12-22 17:42:01 - [MESSAGE][PASSED] - Object 'Object Repository/VLink/Page_CCSale/txt_Username' is present

2020-12-22 17:42:01 - [MESSAGE][PASSED] - Text 'username' is set on object 'Object Repository/VLink/Page_CCSale/txt_Username'

2020-12-22 17:42:02 - [MESSAGE][PASSED] - Object 'Object Repository/VLink/Page_CCSale/txt_Password' is present

2020-12-22 17:42:02 - [MESSAGE][PASSED] - Text 'password' is set on object 'Object Repository/VLink/Page_CCSale/txt_Password'

2020-12-22 17:42:02 - [MESSAGE][PASSED] - Object 'Object Repository/VLink/Page_CCSale/txt_ResponseFormat' is present

2020-12-22 17:42:03 - [MESSAGE][PASSED] - Text 'fixed_width' is set on object 'Object Repository/VLink/Page_CCSale/txt_ResponseFormat'

2020-12-22 17:42:03 - [MESSAGE][PASSED] - Object 'Object Repository/VLink/Page_CCSale/txt_Category' is present

2020-12-22 17:42:04 - [MESSAGE][PASSED] - Text 'MOTO' is set on object 'Object Repository/VLink/Page_CCSale/txt_Category'

2020-12-22 17:42:04 - [MESSAGE][PASSED] - Object 'Object Repository/VLink/Page_CCSale/txt_TransactionID' is present

2020-12-22 17:42:05 - [MESSAGE][PASSED] - Text '' is set on object 'Object Repository/VLink/Page_CCSale/txt_TransactionID'

2020-12-22 17:42:05 - [MESSAGE][PASSED] - Object 'Object Repository/VLink/Page_CCSale/txt_ApprovalCode' is present

2020-12-22 17:42:06 - [MESSAGE][PASSED] - Text '' is set on object 'Object Repository/VLink/Page_CCSale/txt_ApprovalCode'

2020-12-22 17:42:06 - [MESSAGE][PASSED] - Object 'Object Repository/VLink/Page_CCSale/txt_CardName' is present

2020-12-22 17:42:06 - [MESSAGE][PASSED] - Text 'Arvind Silva' is set on object 'Object Repository/VLink/Page_CCSale/txt_CardName'

2020-12-22 17:42:07 - [MESSAGE][PASSED] - Object 'Object Repository/VLink/Page_CCSale/txt_AL1' is present

2020-12-22 17:42:07 - [MESSAGE][PASSED] - Text '111 Main Ave' is set on object 'Object Repository/VLink/Page_CCSale/txt_AL1'

2020-12-22 17:42:08 - [MESSAGE][PASSED] - Object 'Object Repository/VLink/Page_CCSale/txt_AL2' is present

2020-12-22 17:42:08 - [MESSAGE][PASSED] - Text '' is set on object 'Object Repository/VLink/Page_CCSale/txt_AL2'

2020-12-22 17:42:09 - [MESSAGE][PASSED] - Object 'Object Repository/VLink/Page_CCSale/txt_CardCity' is present

2020-12-22 17:42:09 - [MESSAGE][PASSED] - Text 'Arlington' is set on object 'Object Repository/VLink/Page_CCSale/txt_CardCity'

2020-12-22 17:42:10 - [MESSAGE][PASSED] - Object 'Object Repository/VLink/Page_CCSale/txt_CardState' is present

2020-12-22 17:42:10 - [MESSAGE][PASSED] - Text 'VA' is set on object 'Object Repository/VLink/Page_CCSale/txt_CardState'

2020-12-22 17:42:11 - [MESSAGE][PASSED] - Object 'Object Repository/VLink/Page_CCSale/txt_CardZIP' is present

2020-12-22 17:42:11 - [MESSAGE][PASSED] - Text '22201' is set on object 'Object Repository/VLink/Page_CCSale/txt_CardZIP'

2020-12-22 17:42:12 - [MESSAGE][PASSED] - Object 'Object Repository/VLink/Page_CCSale/txt_CountryID' is present

2020-12-22 17:42:12 - [MESSAGE][PASSED] - Text '' is set on object 'Object Repository/VLink/Page_CCSale/txt_CountryID'

2020-12-22 17:42:13 - [MESSAGE][PASSED] - Object 'Object Repository/VLink/Page_CCSale/txt_Amount' is present

2020-12-22 17:42:13 - [MESSAGE][PASSED] - Text '2.50' is set on object 'Object Repository/VLink/Page_CCSale/txt_Amount'

2020-12-22 17:42:14 - [MESSAGE][PASSED] - Object 'Object Repository/VLink/Page_CCSale/txt_CardNumber' is present

2020-12-22 17:42:14 - [MESSAGE][PASSED] - Text '6011000000000004' is set on object 'Object Repository/VLink/Page_CCSale/txt_CardNumber'

2020-12-22 17:42:15 - [MESSAGE][PASSED] - Object 'Object Repository/VLink/Page_CCSale/txt_ExpMonth' is present

2020-12-22 17:42:15 - [MESSAGE][PASSED] - Text '01' is set on object 'Object Repository/VLink/Page_CCSale/txt_ExpMonth'

2020-12-22 17:42:15 - [MESSAGE][PASSED] - Object 'Object Repository/VLink/Page_CCSale/txt_ExpYear' is present

2020-12-22 17:42:16 - [MESSAGE][PASSED] - Text '2026' is set on object 'Object Repository/VLink/Page_CCSale/txt_ExpYear'

2020-12-22 17:42:17 - [MESSAGE][PASSED] - Object 'Object Repository/VLink/Page_CCSale/txt_CVV' is present

2020-12-22 17:42:17 - [MESSAGE][PASSED] - Text '' is set on object 'Object Repository/VLink/Page_CCSale/txt_CVV'

2020-12-22 17:42:18 - [MESSAGE][PASSED] - Object 'Object Repository/VLink/Page_CCSale/txt_CVVstate' is present

2020-12-22 17:42:18 - [MESSAGE][PASSED] - Text '' is set on object 'Object Repository/VLink/Page_CCSale/txt_CVVstate'

2020-12-22 17:42:18 - [MESSAGE][PASSED] - Object 'Object Repository/VLink/Page_CCSale/txt_TrackData' is present

2020-12-22 17:42:19 - [MESSAGE][PASSED] - Text '' is set on object 'Object Repository/VLink/Page_CCSale/txt_TrackData'

2020-12-22 17:42:19 - [MESSAGE][PASSED] - Object 'Object Repository/VLink/Page_CCSale/txt_Track1Data' is present

2020-12-22 17:42:20 - [MESSAGE][PASSED] - Text '' is set on object 'Object Repository/VLink/Page_CCSale/txt_Track1Data'

2020-12-22 17:42:20 - [MESSAGE][PASSED] - Object 'Object Repository/VLink/Page_CCSale/txt_Track2Data' is present

2020-12-22 17:42:21 - [MESSAGE][PASSED] - Text '' is set on object 'Object Repository/VLink/Page_CCSale/txt_Track2Data'

2020-12-22 17:42:21 - [MESSAGE][PASSED] - Object 'Object Repository/VLink/Page_CCSale/txt_POSEntryMode' is present

2020-12-22 17:42:22 - [MESSAGE][PASSED] - Text 'manual' is set on object 'Object Repository/VLink/Page_CCSale/txt_POSEntryMode'

2020-12-22 17:42:22 - [MESSAGE][PASSED] - Object 'Object Repository/VLink/Page_CCSale/txt_Email' is present

2020-12-22 17:42:23 - [MESSAGE][PASSED] - Text '' is set on object 'Object Repository/VLink/Page_CCSale/txt_Email'

2020-12-22 17:42:23 - [MESSAGE][PASSED] - Object 'Object Repository/VLink/Page_CCSale/txt_OrderNumber' is present

2020-12-22 17:42:24 - [MESSAGE][PASSED] - Text '' is set on object 'Object Repository/VLink/Page_CCSale/txt_OrderNumber'

2020-12-22 17:42:24 - [MESSAGE][PASSED] - Object 'Object Repository/VLink/Page_CCSale/txt_TaxAmount' is present

2020-12-22 17:42:25 - [MESSAGE][PASSED] - Text '' is set on object 'Object Repository/VLink/Page_CCSale/txt_TaxAmount'

2020-12-22 17:42:25 - [MESSAGE][PASSED] - Object 'Object Repository/VLink/Page_CCSale/txt_ChargeDescription' is present

2020-12-22 17:42:26 - [MESSAGE][PASSED] - Text '' is set on object 'Object Repository/VLink/Page_CCSale/txt_ChargeDescription'

2020-12-22 17:42:26 - [MESSAGE][PASSED] - Object 'Object Repository/VLink/Page_CCSale/txt_CAN' is present

2020-12-22 17:42:27 - [MESSAGE][PASSED] - Text '' is set on object 'Object Repository/VLink/Page_CCSale/txt_CAN'

2020-12-22 17:42:27 - [MESSAGE][PASSED] - Object 'Object Repository/VLink/Page_CCSale/txt_BillPaymentIndicator' is present

2020-12-22 17:42:28 - [MESSAGE][PASSED] - Text '' is set on object 'Object Repository/VLink/Page_CCSale/txt_BillPaymentIndicator'

2020-12-22 17:42:28 - [MESSAGE][PASSED] - Object 'Object Repository/VLink/Page_CCSale/txt_UDF1' is present

2020-12-22 17:42:29 - [MESSAGE][PASSED] - Text '' is set on object 'Object Repository/VLink/Page_CCSale/txt_UDF1'

2020-12-22 17:42:30 - [MESSAGE][PASSED] - Object 'Object Repository/VLink/Page_CCSale/txt_UDF2' is present

2020-12-22 17:42:30 - [MESSAGE][PASSED] - Text '' is set on object 'Object Repository/VLink/Page_CCSale/txt_UDF2'

2020-12-22 17:42:31 - [MESSAGE][PASSED] - Object 'Object Repository/VLink/Page_CCSale/txt_UDF3' is present

2020-12-22 17:42:31 - [MESSAGE][PASSED] - Text '' is set on object 'Object Repository/VLink/Page_CCSale/txt_UDF3'

2020-12-22 17:42:32 - [MESSAGE][PASSED] - Object 'Object Repository/VLink/Page_CCSale/txt_UDF4' is present

2020-12-22 17:42:32 - [MESSAGE][PASSED] - Text '' is set on object 'Object Repository/VLink/Page_CCSale/txt_UDF4'

2020-12-22 17:42:33 - [MESSAGE][PASSED] - Object 'Object Repository/VLink/Page_CCSale/txt_UDF5' is present

2020-12-22 17:42:33 - [MESSAGE][PASSED] - Text '' is set on object 'Object Repository/VLink/Page_CCSale/txt_UDF5'

2020-12-22 17:42:34 - [MESSAGE][PASSED] - Object 'Object Repository/VLink/Page_CCSale/txt_UDF6' is present

2020-12-22 17:42:34 - [MESSAGE][PASSED] - Text '' is set on object 'Object Repository/VLink/Page_CCSale/txt_UDF6'

2020-12-22 17:42:35 - [MESSAGE][PASSED] - Object 'Object Repository/VLink/Page_CCSale/txt_UDF7' is present

2020-12-22 17:42:35 - [MESSAGE][PASSED] - Text '' is set on object 'Object Repository/VLink/Page_CCSale/txt_UDF7'

2020-12-22 17:42:36 - [MESSAGE][PASSED] - Object 'Object Repository/VLink/Page_CCSale/txt_UDF8' is present

2020-12-22 17:42:36 - [MESSAGE][PASSED] - Text '' is set on object 'Object Repository/VLink/Page_CCSale/txt_UDF8'

2020-12-22 17:42:37 - [MESSAGE][PASSED] - Object 'Object Repository/VLink/Page_CCSale/txt_UDF9' is present

2020-12-22 17:42:37 - [MESSAGE][PASSED] - Text '' is set on object 'Object Repository/VLink/Page_CCSale/txt_UDF9'

2020-12-22 17:42:37 - [MESSAGE][PASSED] - Object 'Object Repository/VLink/Page_CCSale/txt_UDF10' is present

2020-12-22 17:42:38 - [MESSAGE][PASSED] - Text '' is set on object 'Object Repository/VLink/Page_CCSale/txt_UDF10'

2020-12-22 17:42:38 - [MESSAGE][PASSED] - Object 'Object Repository/VLink/Page_CCSale/txt_CardOnFileIndicator' is present

2020-12-22 17:42:39 - [MESSAGE][PASSED] - Text '' is set on object 'Object Repository/VLink/Page_CCSale/txt_CardOnFileIndicator'

2020-12-22 17:42:39 - [MESSAGE][PASSED] - Object 'Object Repository/VLink/Page_CCSale/txt_StoredCredentialIndicator' is present

2020-12-22 17:42:40 - [MESSAGE][PASSED] - Text '' is set on object 'Object Repository/VLink/Page_CCSale/txt_StoredCredentialIndicator'

2020-12-22 17:42:40 - [MESSAGE][PASSED] - Object 'Object Repository/VLink/Page_CCSale/txt_COFScheduledIndicator' is present

2020-12-22 17:42:41 - [MESSAGE][PASSED] - Text '' is set on object 'Object Repository/VLink/Page_CCSale/txt_COFScheduledIndicator'

2020-12-22 17:42:41 - [MESSAGE][PASSED] - Object 'Object Repository/VLink/Page_CCSale/txt_COFTransactionInitiatedBy' is present

2020-12-22 17:42:42 - [MESSAGE][PASSED] - Text '' is set on object 'Object Repository/VLink/Page_CCSale/txt_COFTransactionInitiatedBy'

2020-12-22 17:42:47 - [MESSAGE][PASSED] - Object: 'Object Repository/VLink/Page_CCSale/btn_ProcessVLinkTransaction' is clicked on

2020-12-22 17:42:52 - [MESSAGE][PASSED] - vlinkPages.saleCCPage.setDataSCC is PASSED

2020-12-22 17:42:52 - [TEST_STEP][PASSED] - if (verifyTextPresent("Transaction approved, no errors", true)): null

2020-12-22 17:42:53 - [MESSAGE][PASSED] - Text 'Transaction approved, no errors' is present on page  using regular expression

2020-12-22 17:42:53 - [TEST_STEP][PASSED] - println("Transaction Approved, no errors text is present on the Confirmation page"): null

2020-12-22 17:42:53 - [TEST_STEP][PASSED] - out.println("Pass Record Number: " + row): null

2020-12-22 17:42:53 - [TEST_STEP][PASSED] - sdfo = getText(findTestObject("Object Repository/Page_VLinkReceipt/pre_STX")): Text of object 'Object Repository/Page_VLinkReceipt/pre_STX' is: '<STX>R3PU5wPIUvWA                  12087959            0  Transaction approved, no errors                   0                                                                                  Y OK7837   <ETX>'

2020-12-22 17:42:53 - [MESSAGE][PASSED] - Text of object 'Object Repository/Page_VLinkReceipt/pre_STX' is: '<STX>R3PU5wPIUvWA                  12087959            0  Transaction approved, no errors                   0                                                                                  Y OK7837   <ETX>'

2020-12-22 17:42:53 - [TEST_STEP][PASSED] - out.println("sdfo: " + sdfo): null

2020-12-22 17:42:53 - [TEST_STEP][PASSED] - remID = substring(5, 35).trim(): null

2020-12-22 17:42:53 - [TEST_STEP][PASSED] - out.println("Remittance ID: " + remID): null

2020-12-22 17:42:53 - [TEST_STEP][PASSED] - traxID = substring(35, 55).trim(): null

2020-12-22 17:42:53 - [TEST_STEP][PASSED] - out.println("Transaction ID: " + traxID): null

2020-12-22 17:42:53 - [TEST_STEP][PASSED] - out.println("End Record Number: " + row): null

2020-12-22 17:42:53 - [TEST_STEP][PASSED] - closeBrowser(): Browser is closed

2020-12-22 17:42:54 - [MESSAGE][PASSED] - Browser is closed

2020-12-22 17:42:54 - [TEST_STEP][PASSED] - out.println("Begin Record Number: " + row): null

2020-12-22 17:42:54 - [TEST_STEP][PASSED] - openBrowser(VLinkURL + "authcap.html"): Browser is opened with url: 'https://dev-algorithm.govolution.com/vlinktest/QA/version_2_0/authcap.html'

2020-12-22 17:42:54 - [MESSAGE][INFO] - Starting 'Chrome' driver

2020-12-22 17:42:54 - [MESSAGE][INFO] - User set preference: ['acceptInsecureCerts', 'true']

2020-12-22 17:42:54 - [MESSAGE][INFO] - Action delay is set to 0 milliseconds

2020-12-22 17:42:57 - [MESSAGE][PASSED] - Browser is opened with url: 'https://dev-algorithm.govolution.com/vlinktest/QA/version_2_0/authcap.html'

2020-12-22 17:42:57 - [TEST_STEP][PASSED] - maximizeWindow(): Current window maximized

2020-12-22 17:42:57 - [MESSAGE][PASSED] - Current window maximized

2020-12-22 17:42:57 - [TEST_STEP][PASSED] - vlinkPages.saleCCPage.setDataSCC(row, dataFile): vlinkPages.saleCCPage.setDataSCC is PASSED

2020-12-22 17:42:59 - [MESSAGE][PASSED] - Object 'Object Repository/VLink/Page_CCSale/txt_CardNumber' is present

2020-12-22 17:42:59 - [MESSAGE][PASSED] - Object 'Object Repository/VLink/Page_CCSale/txt_TransactionType' is present

2020-12-22 17:43:00 - [MESSAGE][PASSED] - Text '104' is set on object 'Object Repository/VLink/Page_CCSale/txt_TransactionType'

2020-12-22 17:43:00 - [MESSAGE][PASSED] - Object 'Object Repository/VLink/Page_CCSale/txt_MessageVersion' is present

2020-12-22 17:43:01 - [MESSAGE][PASSED] - Text '2.0C' is set on object 'Object Repository/VLink/Page_CCSale/txt_MessageVersion'

2020-12-22 17:43:01 - [MESSAGE][PASSED] - Object 'Object Repository/VLink/Page_CCSale/txt_RemID' is present

2020-12-22 17:43:01 - [MESSAGE][PASSED] - Text 'wRWceqTjkDlS' is set on object 'Object Repository/VLink/Page_CCSale/txt_RemID'

2020-12-22 17:43:02 - [MESSAGE][PASSED] - Object 'Object Repository/VLink/Page_CCSale/txt_ApplicationId' is present

2020-12-22 17:43:02 - [MESSAGE][PASSED] - Text '671' is set on object 'Object Repository/VLink/Page_CCSale/txt_ApplicationId'

2020-12-22 17:43:03 - [MESSAGE][PASSED] - Object 'Object Repository/VLink/Page_CCSale/txt_Username' is present

2020-12-22 17:43:03 - [MESSAGE][PASSED] - Text 'username' is set on object 'Object Repository/VLink/Page_CCSale/txt_Username'

2020-12-22 17:43:03 - [MESSAGE][PASSED] - Object 'Object Repository/VLink/Page_CCSale/txt_Password' is present

2020-12-22 17:43:04 - [MESSAGE][PASSED] - Text 'password' is set on object 'Object Repository/VLink/Page_CCSale/txt_Password'

2020-12-22 17:43:04 - [MESSAGE][PASSED] - Object 'Object Repository/VLink/Page_CCSale/txt_ResponseFormat' is present

2020-12-22 17:43:05 - [MESSAGE][PASSED] - Text 'fixed_width' is set on object 'Object Repository/VLink/Page_CCSale/txt_ResponseFormat'

2020-12-22 17:43:05 - [MESSAGE][PASSED] - Object 'Object Repository/VLink/Page_CCSale/txt_Category' is present

2020-12-22 17:43:06 - [MESSAGE][PASSED] - Text 'RETL' is set on object 'Object Repository/VLink/Page_CCSale/txt_Category'

2020-12-22 17:43:06 - [MESSAGE][PASSED] - Object 'Object Repository/VLink/Page_CCSale/txt_TransactionID' is present

2020-12-22 17:43:07 - [MESSAGE][PASSED] - Text '' is set on object 'Object Repository/VLink/Page_CCSale/txt_TransactionID'

2020-12-22 17:43:07 - [MESSAGE][PASSED] - Object 'Object Repository/VLink/Page_CCSale/txt_ApprovalCode' is present

2020-12-22 17:43:08 - [MESSAGE][PASSED] - Text '' is set on object 'Object Repository/VLink/Page_CCSale/txt_ApprovalCode'

2020-12-22 17:43:08 - [MESSAGE][PASSED] - Object 'Object Repository/VLink/Page_CCSale/txt_CardName' is present

2020-12-22 17:43:09 - [MESSAGE][PASSED] - Text 'Roshan Maha' is set on object 'Object Repository/VLink/Page_CCSale/txt_CardName'

2020-12-22 17:43:09 - [MESSAGE][PASSED] - Object 'Object Repository/VLink/Page_CCSale/txt_AL1' is present

2020-12-22 17:43:10 - [MESSAGE][PASSED] - Text '12563 Bazaar road' is set on object 'Object Repository/VLink/Page_CCSale/txt_AL1'

2020-12-22 17:43:10 - [MESSAGE][PASSED] - Object 'Object Repository/VLink/Page_CCSale/txt_AL2' is present

2020-12-22 17:43:11 - [MESSAGE][PASSED] - Text '' is set on object 'Object Repository/VLink/Page_CCSale/txt_AL2'

2020-12-22 17:43:11 - [MESSAGE][PASSED] - Object 'Object Repository/VLink/Page_CCSale/txt_CardCity' is present

2020-12-22 17:43:12 - [MESSAGE][PASSED] - Text 'Crofton' is set on object 'Object Repository/VLink/Page_CCSale/txt_CardCity'

2020-12-22 17:43:12 - [MESSAGE][PASSED] - Object 'Object Repository/VLink/Page_CCSale/txt_CardState' is present

2020-12-22 17:43:13 - [MESSAGE][PASSED] - Text 'MD' is set on object 'Object Repository/VLink/Page_CCSale/txt_CardState'

2020-12-22 17:43:13 - [MESSAGE][PASSED] - Object 'Object Repository/VLink/Page_CCSale/txt_CardZIP' is present

2020-12-22 17:43:14 - [MESSAGE][PASSED] - Text '21114' is set on object 'Object Repository/VLink/Page_CCSale/txt_CardZIP'

2020-12-22 17:43:14 - [MESSAGE][PASSED] - Object 'Object Repository/VLink/Page_CCSale/txt_CountryID' is present

2020-12-22 17:43:15 - [MESSAGE][PASSED] - Text '' is set on object 'Object Repository/VLink/Page_CCSale/txt_CountryID'

2020-12-22 17:43:15 - [MESSAGE][PASSED] - Object 'Object Repository/VLink/Page_CCSale/txt_Amount' is present

2020-12-22 17:43:16 - [MESSAGE][PASSED] - Text '3.50' is set on object 'Object Repository/VLink/Page_CCSale/txt_Amount'

2020-12-22 17:43:16 - [MESSAGE][PASSED] - Object 'Object Repository/VLink/Page_CCSale/txt_CardNumber' is present

2020-12-22 17:43:17 - [MESSAGE][PASSED] - Text '4111111111111111' is set on object 'Object Repository/VLink/Page_CCSale/txt_CardNumber'

2020-12-22 17:43:17 - [MESSAGE][PASSED] - Object 'Object Repository/VLink/Page_CCSale/txt_ExpMonth' is present

2020-12-22 17:43:18 - [MESSAGE][PASSED] - Text '01' is set on object 'Object Repository/VLink/Page_CCSale/txt_ExpMonth'

2020-12-22 17:43:18 - [MESSAGE][PASSED] - Object 'Object Repository/VLink/Page_CCSale/txt_ExpYear' is present

2020-12-22 17:43:19 - [MESSAGE][PASSED] - Text '2026' is set on object 'Object Repository/VLink/Page_CCSale/txt_ExpYear'

2020-12-22 17:43:19 - [MESSAGE][PASSED] - Object 'Object Repository/VLink/Page_CCSale/txt_CVV' is present

2020-12-22 17:43:20 - [MESSAGE][PASSED] - Text '' is set on object 'Object Repository/VLink/Page_CCSale/txt_CVV'

2020-12-22 17:43:20 - [MESSAGE][PASSED] - Object 'Object Repository/VLink/Page_CCSale/txt_CVVstate' is present

2020-12-22 17:43:21 - [MESSAGE][PASSED] - Text '' is set on object 'Object Repository/VLink/Page_CCSale/txt_CVVstate'

2020-12-22 17:43:21 - [MESSAGE][PASSED] - Object 'Object Repository/VLink/Page_CCSale/txt_TrackData' is present

2020-12-22 17:43:22 - [MESSAGE][PASSED] - Text '' is set on object 'Object Repository/VLink/Page_CCSale/txt_TrackData'

2020-12-22 17:43:22 - [MESSAGE][PASSED] - Object 'Object Repository/VLink/Page_CCSale/txt_Track1Data' is present

2020-12-22 17:43:23 - [MESSAGE][PASSED] - Text '' is set on object 'Object Repository/VLink/Page_CCSale/txt_Track1Data'

2020-12-22 17:43:23 - [MESSAGE][PASSED] - Object 'Object Repository/VLink/Page_CCSale/txt_Track2Data' is present

2020-12-22 17:43:24 - [MESSAGE][PASSED] - Text '' is set on object 'Object Repository/VLink/Page_CCSale/txt_Track2Data'

2020-12-22 17:43:24 - [MESSAGE][PASSED] - Object 'Object Repository/VLink/Page_CCSale/txt_POSEntryMode' is present

2020-12-22 17:43:25 - [MESSAGE][PASSED] - Text 'manual' is set on object 'Object Repository/VLink/Page_CCSale/txt_POSEntryMode'

2020-12-22 17:43:25 - [MESSAGE][PASSED] - Object 'Object Repository/VLink/Page_CCSale/txt_Email' is present

2020-12-22 17:43:26 - [MESSAGE][PASSED] - Text '' is set on object 'Object Repository/VLink/Page_CCSale/txt_Email'

2020-12-22 17:43:26 - [MESSAGE][PASSED] - Object 'Object Repository/VLink/Page_CCSale/txt_OrderNumber' is present

2020-12-22 17:43:27 - [MESSAGE][PASSED] - Text '' is set on object 'Object Repository/VLink/Page_CCSale/txt_OrderNumber'

2020-12-22 17:43:27 - [MESSAGE][PASSED] - Object 'Object Repository/VLink/Page_CCSale/txt_TaxAmount' is present

2020-12-22 17:43:28 - [MESSAGE][PASSED] - Text '' is set on object 'Object Repository/VLink/Page_CCSale/txt_TaxAmount'

2020-12-22 17:43:28 - [MESSAGE][PASSED] - Object 'Object Repository/VLink/Page_CCSale/txt_ChargeDescription' is present

2020-12-22 17:43:29 - [MESSAGE][PASSED] - Text '' is set on object 'Object Repository/VLink/Page_CCSale/txt_ChargeDescription'

2020-12-22 17:43:29 - [MESSAGE][PASSED] - Object 'Object Repository/VLink/Page_CCSale/txt_CAN' is present

2020-12-22 17:43:30 - [MESSAGE][PASSED] - Text '' is set on object 'Object Repository/VLink/Page_CCSale/txt_CAN'

2020-12-22 17:43:30 - [MESSAGE][PASSED] - Object 'Object Repository/VLink/Page_CCSale/txt_BillPaymentIndicator' is present

2020-12-22 17:43:31 - [MESSAGE][PASSED] - Text '' is set on object 'Object Repository/VLink/Page_CCSale/txt_BillPaymentIndicator'

2020-12-22 17:43:31 - [MESSAGE][PASSED] - Object 'Object Repository/VLink/Page_CCSale/txt_UDF1' is present

2020-12-22 17:43:32 - [MESSAGE][PASSED] - Text '' is set on object 'Object Repository/VLink/Page_CCSale/txt_UDF1'

2020-12-22 17:43:32 - [MESSAGE][PASSED] - Object 'Object Repository/VLink/Page_CCSale/txt_UDF2' is present

2020-12-22 17:43:33 - [MESSAGE][PASSED] - Text '' is set on object 'Object Repository/VLink/Page_CCSale/txt_UDF2'

2020-12-22 17:43:33 - [MESSAGE][PASSED] - Object 'Object Repository/VLink/Page_CCSale/txt_UDF3' is present

2020-12-22 17:43:34 - [MESSAGE][PASSED] - Text '' is set on object 'Object Repository/VLink/Page_CCSale/txt_UDF3'

2020-12-22 17:43:34 - [MESSAGE][PASSED] - Object 'Object Repository/VLink/Page_CCSale/txt_UDF4' is present

2020-12-22 17:43:35 - [MESSAGE][PASSED] - Text '' is set on object 'Object Repository/VLink/Page_CCSale/txt_UDF4'

2020-12-22 17:43:35 - [MESSAGE][PASSED] - Object 'Object Repository/VLink/Page_CCSale/txt_UDF5' is present

2020-12-22 17:43:36 - [MESSAGE][PASSED] - Text '' is set on object 'Object Repository/VLink/Page_CCSale/txt_UDF5'

2020-12-22 17:43:36 - [MESSAGE][PASSED] - Object 'Object Repository/VLink/Page_CCSale/txt_UDF6' is present

2020-12-22 17:43:37 - [MESSAGE][PASSED] - Text '' is set on object 'Object Repository/VLink/Page_CCSale/txt_UDF6'

2020-12-22 17:43:37 - [MESSAGE][PASSED] - Object 'Object Repository/VLink/Page_CCSale/txt_UDF7' is present

2020-12-22 17:43:38 - [MESSAGE][PASSED] - Text '' is set on object 'Object Repository/VLink/Page_CCSale/txt_UDF7'

2020-12-22 17:43:38 - [MESSAGE][PASSED] - Object 'Object Repository/VLink/Page_CCSale/txt_UDF8' is present

2020-12-22 17:43:39 - [MESSAGE][PASSED] - Text '' is set on object 'Object Repository/VLink/Page_CCSale/txt_UDF8'

2020-12-22 17:43:39 - [MESSAGE][PASSED] - Object 'Object Repository/VLink/Page_CCSale/txt_UDF9' is present

2020-12-22 17:43:40 - [MESSAGE][PASSED] - Text '' is set on object 'Object Repository/VLink/Page_CCSale/txt_UDF9'

2020-12-22 17:43:40 - [MESSAGE][PASSED] - Object 'Object Repository/VLink/Page_CCSale/txt_UDF10' is present

2020-12-22 17:43:41 - [MESSAGE][PASSED] - Text '' is set on object 'Object Repository/VLink/Page_CCSale/txt_UDF10'

2020-12-22 17:43:41 - [MESSAGE][PASSED] - Object 'Object Repository/VLink/Page_CCSale/txt_CardOnFileIndicator' is present

2020-12-22 17:43:42 - [MESSAGE][PASSED] - Text '' is set on object 'Object Repository/VLink/Page_CCSale/txt_CardOnFileIndicator'

2020-12-22 17:43:42 - [MESSAGE][PASSED] - Object 'Object Repository/VLink/Page_CCSale/txt_StoredCredentialIndicator' is present

2020-12-22 17:43:43 - [MESSAGE][PASSED] - Text '' is set on object 'Object Repository/VLink/Page_CCSale/txt_StoredCredentialIndicator'

2020-12-22 17:43:43 - [MESSAGE][PASSED] - Object 'Object Repository/VLink/Page_CCSale/txt_COFScheduledIndicator' is present

2020-12-22 17:43:44 - [MESSAGE][PASSED] - Text '' is set on object 'Object Repository/VLink/Page_CCSale/txt_COFScheduledIndicator'

2020-12-22 17:43:44 - [MESSAGE][PASSED] - Object 'Object Repository/VLink/Page_CCSale/txt_COFTransactionInitiatedBy' is present

2020-12-22 17:43:44 - [MESSAGE][PASSED] - Text '' is set on object 'Object Repository/VLink/Page_CCSale/txt_COFTransactionInitiatedBy'

2020-12-22 17:43:48 - [MESSAGE][PASSED] - Object: 'Object Repository/VLink/Page_CCSale/btn_ProcessVLinkTransaction' is clicked on

2020-12-22 17:43:53 - [MESSAGE][PASSED] - vlinkPages.saleCCPage.setDataSCC is PASSED

2020-12-22 17:43:53 - [TEST_STEP][PASSED] - if (verifyTextPresent("Transaction approved, no errors", true)): null

2020-12-22 17:43:54 - [MESSAGE][PASSED] - Text 'Transaction approved, no errors' is present on page  using regular expression

2020-12-22 17:43:54 - [TEST_STEP][PASSED] - println("Transaction Approved, no errors text is present on the Confirmation page"): null

2020-12-22 17:43:54 - [TEST_STEP][PASSED] - out.println("Pass Record Number: " + row): null

2020-12-22 17:43:54 - [TEST_STEP][PASSED] - sdfo = getText(findTestObject("Object Repository/Page_VLinkReceipt/pre_STX")): Text of object 'Object Repository/Page_VLinkReceipt/pre_STX' is: '<STX>wRWceqTjkDlS                  12087960            0  Transaction approved, no errors                   0                                                                                  Y OK8107   <ETX>'

2020-12-22 17:43:54 - [MESSAGE][PASSED] - Text of object 'Object Repository/Page_VLinkReceipt/pre_STX' is: '<STX>wRWceqTjkDlS                  12087960            0  Transaction approved, no errors                   0                                                                                  Y OK8107   <ETX>'

2020-12-22 17:43:54 - [TEST_STEP][PASSED] - out.println("sdfo: " + sdfo): null

2020-12-22 17:43:54 - [TEST_STEP][PASSED] - remID = substring(5, 35).trim(): null

2020-12-22 17:43:54 - [TEST_STEP][PASSED] - out.println("Remittance ID: " + remID): null

2020-12-22 17:43:54 - [TEST_STEP][PASSED] - traxID = substring(35, 55).trim(): null

2020-12-22 17:43:54 - [TEST_STEP][PASSED] - out.println("Transaction ID: " + traxID): null

2020-12-22 17:43:54 - [TEST_STEP][PASSED] - out.println("End Record Number: " + row): null

2020-12-22 17:43:54 - [TEST_STEP][PASSED] - closeBrowser(): Browser is closed

2020-12-22 17:43:55 - [MESSAGE][PASSED] - Browser is closed

2020-12-22 17:43:55 - [TEST_STEP][PASSED] - out.println("Begin Record Number: " + row): null

2020-12-22 17:43:55 - [TEST_STEP][PASSED] - openBrowser(VLinkURL + "authcap.html"): Browser is opened with url: 'https://dev-algorithm.govolution.com/vlinktest/QA/version_2_0/authcap.html'

2020-12-22 17:43:55 - [MESSAGE][INFO] - Starting 'Chrome' driver

2020-12-22 17:43:55 - [MESSAGE][INFO] - User set preference: ['acceptInsecureCerts', 'true']

2020-12-22 17:43:55 - [MESSAGE][INFO] - Action delay is set to 0 milliseconds

2020-12-22 17:43:59 - [MESSAGE][PASSED] - Browser is opened with url: 'https://dev-algorithm.govolution.com/vlinktest/QA/version_2_0/authcap.html'

2020-12-22 17:43:59 - [TEST_STEP][PASSED] - maximizeWindow(): Current window maximized

2020-12-22 17:43:59 - [MESSAGE][PASSED] - Current window maximized

2020-12-22 17:43:59 - [TEST_STEP][PASSED] - vlinkPages.saleCCPage.setDataSCC(row, dataFile): vlinkPages.saleCCPage.setDataSCC is PASSED

2020-12-22 17:44:00 - [MESSAGE][PASSED] - Object 'Object Repository/VLink/Page_CCSale/txt_CardNumber' is present

2020-12-22 17:44:01 - [MESSAGE][PASSED] - Object 'Object Repository/VLink/Page_CCSale/txt_TransactionType' is present

2020-12-22 17:44:01 - [MESSAGE][PASSED] - Text '104' is set on object 'Object Repository/VLink/Page_CCSale/txt_TransactionType'

2020-12-22 17:44:02 - [MESSAGE][PASSED] - Object 'Object Repository/VLink/Page_CCSale/txt_MessageVersion' is present

2020-12-22 17:44:02 - [MESSAGE][PASSED] - Text '2.0C' is set on object 'Object Repository/VLink/Page_CCSale/txt_MessageVersion'

2020-12-22 17:44:03 - [MESSAGE][PASSED] - Object 'Object Repository/VLink/Page_CCSale/txt_RemID' is present

2020-12-22 17:44:03 - [MESSAGE][PASSED] - Text 'a0kFcf86phJ8' is set on object 'Object Repository/VLink/Page_CCSale/txt_RemID'

2020-12-22 17:44:03 - [MESSAGE][PASSED] - Object 'Object Repository/VLink/Page_CCSale/txt_ApplicationId' is present

2020-12-22 17:44:04 - [MESSAGE][PASSED] - Text '671' is set on object 'Object Repository/VLink/Page_CCSale/txt_ApplicationId'

2020-12-22 17:44:04 - [MESSAGE][PASSED] - Object 'Object Repository/VLink/Page_CCSale/txt_Username' is present

2020-12-22 17:44:05 - [MESSAGE][PASSED] - Text 'username' is set on object 'Object Repository/VLink/Page_CCSale/txt_Username'

2020-12-22 17:44:05 - [MESSAGE][PASSED] - Object 'Object Repository/VLink/Page_CCSale/txt_Password' is present

2020-12-22 17:44:06 - [MESSAGE][PASSED] - Text 'password' is set on object 'Object Repository/VLink/Page_CCSale/txt_Password'

2020-12-22 17:44:06 - [MESSAGE][PASSED] - Object 'Object Repository/VLink/Page_CCSale/txt_ResponseFormat' is present

2020-12-22 17:44:07 - [MESSAGE][PASSED] - Text 'fixed_width' is set on object 'Object Repository/VLink/Page_CCSale/txt_ResponseFormat'

2020-12-22 17:44:07 - [MESSAGE][PASSED] - Object 'Object Repository/VLink/Page_CCSale/txt_Category' is present

2020-12-22 17:44:08 - [MESSAGE][PASSED] - Text 'RETL' is set on object 'Object Repository/VLink/Page_CCSale/txt_Category'

2020-12-22 17:44:08 - [MESSAGE][PASSED] - Object 'Object Repository/VLink/Page_CCSale/txt_TransactionID' is present

2020-12-22 17:44:08 - [MESSAGE][PASSED] - Text '' is set on object 'Object Repository/VLink/Page_CCSale/txt_TransactionID'

2020-12-22 17:44:09 - [MESSAGE][PASSED] - Object 'Object Repository/VLink/Page_CCSale/txt_ApprovalCode' is present

2020-12-22 17:44:09 - [MESSAGE][PASSED] - Text '' is set on object 'Object Repository/VLink/Page_CCSale/txt_ApprovalCode'

2020-12-22 17:44:09 - [MESSAGE][PASSED] - Object 'Object Repository/VLink/Page_CCSale/txt_CardName' is present

2020-12-22 17:44:10 - [MESSAGE][PASSED] - Text 'Kris Roshan' is set on object 'Object Repository/VLink/Page_CCSale/txt_CardName'

2020-12-22 17:44:10 - [MESSAGE][PASSED] - Object 'Object Repository/VLink/Page_CCSale/txt_AL1' is present

2020-12-22 17:44:11 - [MESSAGE][PASSED] - Text '258 Elm Road' is set on object 'Object Repository/VLink/Page_CCSale/txt_AL1'

2020-12-22 17:44:11 - [MESSAGE][PASSED] - Object 'Object Repository/VLink/Page_CCSale/txt_AL2' is present

2020-12-22 17:44:12 - [MESSAGE][PASSED] - Text 'Suite 56' is set on object 'Object Repository/VLink/Page_CCSale/txt_AL2'

2020-12-22 17:44:12 - [MESSAGE][PASSED] - Object 'Object Repository/VLink/Page_CCSale/txt_CardCity' is present

2020-12-22 17:44:13 - [MESSAGE][PASSED] - Text 'Arlington' is set on object 'Object Repository/VLink/Page_CCSale/txt_CardCity'

2020-12-22 17:44:13 - [MESSAGE][PASSED] - Object 'Object Repository/VLink/Page_CCSale/txt_CardState' is present

2020-12-22 17:44:14 - [MESSAGE][PASSED] - Text 'VA' is set on object 'Object Repository/VLink/Page_CCSale/txt_CardState'

2020-12-22 17:44:14 - [MESSAGE][PASSED] - Object 'Object Repository/VLink/Page_CCSale/txt_CardZIP' is present

2020-12-22 17:44:15 - [MESSAGE][PASSED] - Text '22201' is set on object 'Object Repository/VLink/Page_CCSale/txt_CardZIP'

2020-12-22 17:44:15 - [MESSAGE][PASSED] - Object 'Object Repository/VLink/Page_CCSale/txt_CountryID' is present

2020-12-22 17:44:16 - [MESSAGE][PASSED] - Text '840' is set on object 'Object Repository/VLink/Page_CCSale/txt_CountryID'

2020-12-22 17:44:16 - [MESSAGE][PASSED] - Object 'Object Repository/VLink/Page_CCSale/txt_Amount' is present

2020-12-22 17:44:17 - [MESSAGE][PASSED] - Text '1.50' is set on object 'Object Repository/VLink/Page_CCSale/txt_Amount'

2020-12-22 17:44:17 - [MESSAGE][PASSED] - Object 'Object Repository/VLink/Page_CCSale/txt_CardNumber' is present

2020-12-22 17:44:18 - [MESSAGE][PASSED] - Text '5424000000000015' is set on object 'Object Repository/VLink/Page_CCSale/txt_CardNumber'

2020-12-22 17:44:18 - [MESSAGE][PASSED] - Object 'Object Repository/VLink/Page_CCSale/txt_ExpMonth' is present

2020-12-22 17:44:19 - [MESSAGE][PASSED] - Text '12' is set on object 'Object Repository/VLink/Page_CCSale/txt_ExpMonth'

2020-12-22 17:44:19 - [MESSAGE][PASSED] - Object 'Object Repository/VLink/Page_CCSale/txt_ExpYear' is present

2020-12-22 17:44:20 - [MESSAGE][PASSED] - Text '2025' is set on object 'Object Repository/VLink/Page_CCSale/txt_ExpYear'

2020-12-22 17:44:20 - [MESSAGE][PASSED] - Object 'Object Repository/VLink/Page_CCSale/txt_CVV' is present

2020-12-22 17:44:21 - [MESSAGE][PASSED] - Text '' is set on object 'Object Repository/VLink/Page_CCSale/txt_CVV'

2020-12-22 17:44:21 - [MESSAGE][PASSED] - Object 'Object Repository/VLink/Page_CCSale/txt_CVVstate' is present

2020-12-22 17:44:22 - [MESSAGE][PASSED] - Text '' is set on object 'Object Repository/VLink/Page_CCSale/txt_CVVstate'

2020-12-22 17:44:22 - [MESSAGE][PASSED] - Object 'Object Repository/VLink/Page_CCSale/txt_TrackData' is present

2020-12-22 17:44:23 - [MESSAGE][PASSED] - Text '' is set on object 'Object Repository/VLink/Page_CCSale/txt_TrackData'

2020-12-22 17:44:23 - [MESSAGE][PASSED] - Object 'Object Repository/VLink/Page_CCSale/txt_Track1Data' is present

2020-12-22 17:44:24 - [MESSAGE][PASSED] - Text '' is set on object 'Object Repository/VLink/Page_CCSale/txt_Track1Data'

2020-12-22 17:44:24 - [MESSAGE][PASSED] - Object 'Object Repository/VLink/Page_CCSale/txt_Track2Data' is present

2020-12-22 17:44:25 - [MESSAGE][PASSED] - Text '' is set on object 'Object Repository/VLink/Page_CCSale/txt_Track2Data'

2020-12-22 17:44:25 - [MESSAGE][PASSED] - Object 'Object Repository/VLink/Page_CCSale/txt_POSEntryMode' is present

2020-12-22 17:44:26 - [MESSAGE][PASSED] - Text 'manual' is set on object 'Object Repository/VLink/Page_CCSale/txt_POSEntryMode'

2020-12-22 17:44:26 - [MESSAGE][PASSED] - Object 'Object Repository/VLink/Page_CCSale/txt_Email' is present

2020-12-22 17:44:27 - [MESSAGE][PASSED] - Text 'iahmed@govolution.com' is set on object 'Object Repository/VLink/Page_CCSale/txt_Email'

2020-12-22 17:44:27 - [MESSAGE][PASSED] - Object 'Object Repository/VLink/Page_CCSale/txt_OrderNumber' is present

2020-12-22 17:44:28 - [MESSAGE][PASSED] - Text '2569362' is set on object 'Object Repository/VLink/Page_CCSale/txt_OrderNumber'

2020-12-22 17:44:28 - [MESSAGE][PASSED] - Object 'Object Repository/VLink/Page_CCSale/txt_TaxAmount' is present

2020-12-22 17:44:29 - [MESSAGE][PASSED] - Text '1.15' is set on object 'Object Repository/VLink/Page_CCSale/txt_TaxAmount'

2020-12-22 17:44:29 - [MESSAGE][PASSED] - Object 'Object Repository/VLink/Page_CCSale/txt_ChargeDescription' is present

2020-12-22 17:44:30 - [MESSAGE][PASSED] - Text 'Charge Description' is set on object 'Object Repository/VLink/Page_CCSale/txt_ChargeDescription'

2020-12-22 17:44:30 - [MESSAGE][PASSED] - Object 'Object Repository/VLink/Page_CCSale/txt_CAN' is present

2020-12-22 17:44:31 - [MESSAGE][PASSED] - Text '147357' is set on object 'Object Repository/VLink/Page_CCSale/txt_CAN'

2020-12-22 17:44:31 - [MESSAGE][PASSED] - Object 'Object Repository/VLink/Page_CCSale/txt_BillPaymentIndicator' is present

2020-12-22 17:44:32 - [MESSAGE][PASSED] - Text '1' is set on object 'Object Repository/VLink/Page_CCSale/txt_BillPaymentIndicator'

2020-12-22 17:44:32 - [MESSAGE][PASSED] - Object 'Object Repository/VLink/Page_CCSale/txt_UDF1' is present

2020-12-22 17:44:33 - [MESSAGE][PASSED] - Text 'UDF Data 1' is set on object 'Object Repository/VLink/Page_CCSale/txt_UDF1'

2020-12-22 17:44:33 - [MESSAGE][PASSED] - Object 'Object Repository/VLink/Page_CCSale/txt_UDF2' is present

2020-12-22 17:44:34 - [MESSAGE][PASSED] - Text 'UDF Data 2' is set on object 'Object Repository/VLink/Page_CCSale/txt_UDF2'

2020-12-22 17:44:34 - [MESSAGE][PASSED] - Object 'Object Repository/VLink/Page_CCSale/txt_UDF3' is present

2020-12-22 17:44:35 - [MESSAGE][PASSED] - Text 'UDF Data 3' is set on object 'Object Repository/VLink/Page_CCSale/txt_UDF3'

2020-12-22 17:44:35 - [MESSAGE][PASSED] - Object 'Object Repository/VLink/Page_CCSale/txt_UDF4' is present

2020-12-22 17:44:36 - [MESSAGE][PASSED] - Text 'UDF Data 4' is set on object 'Object Repository/VLink/Page_CCSale/txt_UDF4'

2020-12-22 17:44:36 - [MESSAGE][PASSED] - Object 'Object Repository/VLink/Page_CCSale/txt_UDF5' is present

2020-12-22 17:44:37 - [MESSAGE][PASSED] - Text 'UDF Data 5' is set on object 'Object Repository/VLink/Page_CCSale/txt_UDF5'

2020-12-22 17:44:37 - [MESSAGE][PASSED] - Object 'Object Repository/VLink/Page_CCSale/txt_UDF6' is present

2020-12-22 17:44:38 - [MESSAGE][PASSED] - Text 'UDF Data 6' is set on object 'Object Repository/VLink/Page_CCSale/txt_UDF6'

2020-12-22 17:44:38 - [MESSAGE][PASSED] - Object 'Object Repository/VLink/Page_CCSale/txt_UDF7' is present

2020-12-22 17:44:39 - [MESSAGE][PASSED] - Text 'UDF Data 7' is set on object 'Object Repository/VLink/Page_CCSale/txt_UDF7'

2020-12-22 17:44:39 - [MESSAGE][PASSED] - Object 'Object Repository/VLink/Page_CCSale/txt_UDF8' is present

2020-12-22 17:44:40 - [MESSAGE][PASSED] - Text 'UDF Data 8' is set on object 'Object Repository/VLink/Page_CCSale/txt_UDF8'

2020-12-22 17:44:40 - [MESSAGE][PASSED] - Object 'Object Repository/VLink/Page_CCSale/txt_UDF9' is present

2020-12-22 17:44:41 - [MESSAGE][PASSED] - Text 'UDF Data 9' is set on object 'Object Repository/VLink/Page_CCSale/txt_UDF9'

2020-12-22 17:44:41 - [MESSAGE][PASSED] - Object 'Object Repository/VLink/Page_CCSale/txt_UDF10' is present

2020-12-22 17:44:42 - [MESSAGE][PASSED] - Text 'UDF Data 10' is set on object 'Object Repository/VLink/Page_CCSale/txt_UDF10'

2020-12-22 17:44:42 - [MESSAGE][PASSED] - Object 'Object Repository/VLink/Page_CCSale/txt_CardOnFileIndicator' is present

2020-12-22 17:44:43 - [MESSAGE][PASSED] - Text '' is set on object 'Object Repository/VLink/Page_CCSale/txt_CardOnFileIndicator'

2020-12-22 17:44:43 - [MESSAGE][PASSED] - Object 'Object Repository/VLink/Page_CCSale/txt_StoredCredentialIndicator' is present

2020-12-22 17:44:44 - [MESSAGE][PASSED] - Text '' is set on object 'Object Repository/VLink/Page_CCSale/txt_StoredCredentialIndicator'

2020-12-22 17:44:44 - [MESSAGE][PASSED] - Object 'Object Repository/VLink/Page_CCSale/txt_COFScheduledIndicator' is present

2020-12-22 17:44:45 - [MESSAGE][PASSED] - Text '' is set on object 'Object Repository/VLink/Page_CCSale/txt_COFScheduledIndicator'

2020-12-22 17:44:45 - [MESSAGE][PASSED] - Object 'Object Repository/VLink/Page_CCSale/txt_COFTransactionInitiatedBy' is present

2020-12-22 17:44:46 - [MESSAGE][PASSED] - Text '' is set on object 'Object Repository/VLink/Page_CCSale/txt_COFTransactionInitiatedBy'

2020-12-22 17:44:49 - [MESSAGE][PASSED] - Object: 'Object Repository/VLink/Page_CCSale/btn_ProcessVLinkTransaction' is clicked on

2020-12-22 17:44:54 - [MESSAGE][PASSED] - vlinkPages.saleCCPage.setDataSCC is PASSED

2020-12-22 17:44:54 - [TEST_STEP][PASSED] - if (verifyTextPresent("Transaction approved, no errors", true)): null

2020-12-22 17:44:55 - [MESSAGE][PASSED] - Text 'Transaction approved, no errors' is present on page  using regular expression

2020-12-22 17:44:55 - [TEST_STEP][PASSED] - println("Transaction Approved, no errors text is present on the Confirmation page"): null

2020-12-22 17:44:55 - [TEST_STEP][PASSED] - out.println("Pass Record Number: " + row): null

2020-12-22 17:44:55 - [TEST_STEP][PASSED] - sdfo = getText(findTestObject("Object Repository/Page_VLinkReceipt/pre_STX")): Text of object 'Object Repository/Page_VLinkReceipt/pre_STX' is: '<STX>a0kFcf86phJ8                  12087961            0  Transaction approved, no errors                   0                                                                                  Y OK8227   <ETX>'

2020-12-22 17:44:55 - [MESSAGE][PASSED] - Text of object 'Object Repository/Page_VLinkReceipt/pre_STX' is: '<STX>a0kFcf86phJ8                  12087961            0  Transaction approved, no errors                   0                                                                                  Y OK8227   <ETX>'

2020-12-22 17:44:55 - [TEST_STEP][PASSED] - out.println("sdfo: " + sdfo): null

2020-12-22 17:44:55 - [TEST_STEP][PASSED] - remID = substring(5, 35).trim(): null

2020-12-22 17:44:55 - [TEST_STEP][PASSED] - out.println("Remittance ID: " + remID): null

2020-12-22 17:44:55 - [TEST_STEP][PASSED] - traxID = substring(35, 55).trim(): null

2020-12-22 17:44:55 - [TEST_STEP][PASSED] - out.println("Transaction ID: " + traxID): null

2020-12-22 17:44:55 - [TEST_STEP][PASSED] - out.println("End Record Number: " + row): null

2020-12-22 17:44:55 - [TEST_STEP][PASSED] - closeBrowser(): Browser is closed

2020-12-22 17:44:56 - [MESSAGE][PASSED] - Browser is closed

2020-12-22 17:44:56 - [TEST_STEP][PASSED] - out.println("Begin Record Number: " + row): null

2020-12-22 17:44:56 - [TEST_STEP][PASSED] - openBrowser(VLinkURL + "authcap.html"): Browser is opened with url: 'https://dev-algorithm.govolution.com/vlinktest/QA/version_2_0/authcap.html'

2020-12-22 17:44:56 - [MESSAGE][INFO] - Starting 'Chrome' driver

2020-12-22 17:44:56 - [MESSAGE][INFO] - User set preference: ['acceptInsecureCerts', 'true']

2020-12-22 17:44:56 - [MESSAGE][INFO] - Action delay is set to 0 milliseconds

2020-12-22 17:44:59 - [MESSAGE][PASSED] - Browser is opened with url: 'https://dev-algorithm.govolution.com/vlinktest/QA/version_2_0/authcap.html'

2020-12-22 17:44:59 - [TEST_STEP][PASSED] - maximizeWindow(): Current window maximized

2020-12-22 17:44:59 - [MESSAGE][PASSED] - Current window maximized

2020-12-22 17:44:59 - [TEST_STEP][PASSED] - vlinkPages.saleCCPage.setDataSCC(row, dataFile): vlinkPages.saleCCPage.setDataSCC is PASSED

2020-12-22 17:45:01 - [MESSAGE][PASSED] - Object 'Object Repository/VLink/Page_CCSale/txt_CardNumber' is present

2020-12-22 17:45:01 - [MESSAGE][PASSED] - Object 'Object Repository/VLink/Page_CCSale/txt_TransactionType' is present

2020-12-22 17:45:02 - [MESSAGE][PASSED] - Text '104' is set on object 'Object Repository/VLink/Page_CCSale/txt_TransactionType'

2020-12-22 17:45:02 - [MESSAGE][PASSED] - Object 'Object Repository/VLink/Page_CCSale/txt_MessageVersion' is present

2020-12-22 17:45:03 - [MESSAGE][PASSED] - Text '2.0C' is set on object 'Object Repository/VLink/Page_CCSale/txt_MessageVersion'

2020-12-22 17:45:03 - [MESSAGE][PASSED] - Object 'Object Repository/VLink/Page_CCSale/txt_RemID' is present

2020-12-22 17:45:04 - [MESSAGE][PASSED] - Text '2ZO2zjqqStUR' is set on object 'Object Repository/VLink/Page_CCSale/txt_RemID'

2020-12-22 17:45:04 - [MESSAGE][PASSED] - Object 'Object Repository/VLink/Page_CCSale/txt_ApplicationId' is present

2020-12-22 17:45:04 - [MESSAGE][PASSED] - Text '671' is set on object 'Object Repository/VLink/Page_CCSale/txt_ApplicationId'

2020-12-22 17:45:05 - [MESSAGE][PASSED] - Object 'Object Repository/VLink/Page_CCSale/txt_Username' is present

2020-12-22 17:45:05 - [MESSAGE][PASSED] - Text 'username' is set on object 'Object Repository/VLink/Page_CCSale/txt_Username'

2020-12-22 17:45:06 - [MESSAGE][PASSED] - Object 'Object Repository/VLink/Page_CCSale/txt_Password' is present

2020-12-22 17:45:06 - [MESSAGE][PASSED] - Text 'password' is set on object 'Object Repository/VLink/Page_CCSale/txt_Password'

2020-12-22 17:45:07 - [MESSAGE][PASSED] - Object 'Object Repository/VLink/Page_CCSale/txt_ResponseFormat' is present

2020-12-22 17:45:07 - [MESSAGE][PASSED] - Text 'fixed_width' is set on object 'Object Repository/VLink/Page_CCSale/txt_ResponseFormat'

2020-12-22 17:45:07 - [MESSAGE][PASSED] - Object 'Object Repository/VLink/Page_CCSale/txt_Category' is present

2020-12-22 17:45:08 - [MESSAGE][PASSED] - Text 'RETL' is set on object 'Object Repository/VLink/Page_CCSale/txt_Category'

2020-12-22 17:45:08 - [MESSAGE][PASSED] - Object 'Object Repository/VLink/Page_CCSale/txt_TransactionID' is present

2020-12-22 17:45:09 - [MESSAGE][PASSED] - Text '' is set on object 'Object Repository/VLink/Page_CCSale/txt_TransactionID'

2020-12-22 17:45:09 - [MESSAGE][PASSED] - Object 'Object Repository/VLink/Page_CCSale/txt_ApprovalCode' is present

2020-12-22 17:45:10 - [MESSAGE][PASSED] - Text '' is set on object 'Object Repository/VLink/Page_CCSale/txt_ApprovalCode'

2020-12-22 17:45:10 - [MESSAGE][PASSED] - Object 'Object Repository/VLink/Page_CCSale/txt_CardName' is present

2020-12-22 17:45:11 - [MESSAGE][PASSED] - Text 'Arvind Silva' is set on object 'Object Repository/VLink/Page_CCSale/txt_CardName'

2020-12-22 17:45:11 - [MESSAGE][PASSED] - Object 'Object Repository/VLink/Page_CCSale/txt_AL1' is present

2020-12-22 17:45:12 - [MESSAGE][PASSED] - Text '111 Main Ave' is set on object 'Object Repository/VLink/Page_CCSale/txt_AL1'

2020-12-22 17:45:12 - [MESSAGE][PASSED] - Object 'Object Repository/VLink/Page_CCSale/txt_AL2' is present

2020-12-22 17:45:13 - [MESSAGE][PASSED] - Text '' is set on object 'Object Repository/VLink/Page_CCSale/txt_AL2'

2020-12-22 17:45:13 - [MESSAGE][PASSED] - Object 'Object Repository/VLink/Page_CCSale/txt_CardCity' is present

2020-12-22 17:45:14 - [MESSAGE][PASSED] - Text 'Arlington' is set on object 'Object Repository/VLink/Page_CCSale/txt_CardCity'

2020-12-22 17:45:14 - [MESSAGE][PASSED] - Object 'Object Repository/VLink/Page_CCSale/txt_CardState' is present

2020-12-22 17:45:15 - [MESSAGE][PASSED] - Text 'VA' is set on object 'Object Repository/VLink/Page_CCSale/txt_CardState'

2020-12-22 17:45:15 - [MESSAGE][PASSED] - Object 'Object Repository/VLink/Page_CCSale/txt_CardZIP' is present

2020-12-22 17:45:16 - [MESSAGE][PASSED] - Text '22201' is set on object 'Object Repository/VLink/Page_CCSale/txt_CardZIP'

2020-12-22 17:45:16 - [MESSAGE][PASSED] - Object 'Object Repository/VLink/Page_CCSale/txt_CountryID' is present

2020-12-22 17:45:17 - [MESSAGE][PASSED] - Text '' is set on object 'Object Repository/VLink/Page_CCSale/txt_CountryID'

2020-12-22 17:45:17 - [MESSAGE][PASSED] - Object 'Object Repository/VLink/Page_CCSale/txt_Amount' is present

2020-12-22 17:45:18 - [MESSAGE][PASSED] - Text '2.50' is set on object 'Object Repository/VLink/Page_CCSale/txt_Amount'

2020-12-22 17:45:18 - [MESSAGE][PASSED] - Object 'Object Repository/VLink/Page_CCSale/txt_CardNumber' is present

2020-12-22 17:45:19 - [MESSAGE][PASSED] - Text '370000000000002' is set on object 'Object Repository/VLink/Page_CCSale/txt_CardNumber'

2020-12-22 17:45:19 - [MESSAGE][PASSED] - Object 'Object Repository/VLink/Page_CCSale/txt_ExpMonth' is present

2020-12-22 17:45:20 - [MESSAGE][PASSED] - Text '01' is set on object 'Object Repository/VLink/Page_CCSale/txt_ExpMonth'

2020-12-22 17:45:20 - [MESSAGE][PASSED] - Object 'Object Repository/VLink/Page_CCSale/txt_ExpYear' is present

2020-12-22 17:45:21 - [MESSAGE][PASSED] - Text '2026' is set on object 'Object Repository/VLink/Page_CCSale/txt_ExpYear'

2020-12-22 17:45:21 - [MESSAGE][PASSED] - Object 'Object Repository/VLink/Page_CCSale/txt_CVV' is present

2020-12-22 17:45:22 - [MESSAGE][PASSED] - Text '' is set on object 'Object Repository/VLink/Page_CCSale/txt_CVV'

2020-12-22 17:45:22 - [MESSAGE][PASSED] - Object 'Object Repository/VLink/Page_CCSale/txt_CVVstate' is present

2020-12-22 17:45:23 - [MESSAGE][PASSED] - Text '' is set on object 'Object Repository/VLink/Page_CCSale/txt_CVVstate'

2020-12-22 17:45:23 - [MESSAGE][PASSED] - Object 'Object Repository/VLink/Page_CCSale/txt_TrackData' is present

2020-12-22 17:45:24 - [MESSAGE][PASSED] - Text '' is set on object 'Object Repository/VLink/Page_CCSale/txt_TrackData'

2020-12-22 17:45:24 - [MESSAGE][PASSED] - Object 'Object Repository/VLink/Page_CCSale/txt_Track1Data' is present

2020-12-22 17:45:25 - [MESSAGE][PASSED] - Text '' is set on object 'Object Repository/VLink/Page_CCSale/txt_Track1Data'

2020-12-22 17:45:25 - [MESSAGE][PASSED] - Object 'Object Repository/VLink/Page_CCSale/txt_Track2Data' is present

2020-12-22 17:45:26 - [MESSAGE][PASSED] - Text '' is set on object 'Object Repository/VLink/Page_CCSale/txt_Track2Data'

2020-12-22 17:45:26 - [MESSAGE][PASSED] - Object 'Object Repository/VLink/Page_CCSale/txt_POSEntryMode' is present

2020-12-22 17:45:27 - [MESSAGE][PASSED] - Text 'manual' is set on object 'Object Repository/VLink/Page_CCSale/txt_POSEntryMode'

2020-12-22 17:45:27 - [MESSAGE][PASSED] - Object 'Object Repository/VLink/Page_CCSale/txt_Email' is present

2020-12-22 17:45:28 - [MESSAGE][PASSED] - Text '' is set on object 'Object Repository/VLink/Page_CCSale/txt_Email'

2020-12-22 17:45:28 - [MESSAGE][PASSED] - Object 'Object Repository/VLink/Page_CCSale/txt_OrderNumber' is present

2020-12-22 17:45:29 - [MESSAGE][PASSED] - Text '' is set on object 'Object Repository/VLink/Page_CCSale/txt_OrderNumber'

2020-12-22 17:45:29 - [MESSAGE][PASSED] - Object 'Object Repository/VLink/Page_CCSale/txt_TaxAmount' is present

2020-12-22 17:45:30 - [MESSAGE][PASSED] - Text '' is set on object 'Object Repository/VLink/Page_CCSale/txt_TaxAmount'

2020-12-22 17:45:30 - [MESSAGE][PASSED] - Object 'Object Repository/VLink/Page_CCSale/txt_ChargeDescription' is present

2020-12-22 17:45:31 - [MESSAGE][PASSED] - Text '' is set on object 'Object Repository/VLink/Page_CCSale/txt_ChargeDescription'

2020-12-22 17:45:31 - [MESSAGE][PASSED] - Object 'Object Repository/VLink/Page_CCSale/txt_CAN' is present

2020-12-22 17:45:32 - [MESSAGE][PASSED] - Text '' is set on object 'Object Repository/VLink/Page_CCSale/txt_CAN'

2020-12-22 17:45:32 - [MESSAGE][PASSED] - Object 'Object Repository/VLink/Page_CCSale/txt_BillPaymentIndicator' is present

2020-12-22 17:45:33 - [MESSAGE][PASSED] - Text '' is set on object 'Object Repository/VLink/Page_CCSale/txt_BillPaymentIndicator'

2020-12-22 17:45:33 - [MESSAGE][PASSED] - Object 'Object Repository/VLink/Page_CCSale/txt_UDF1' is present

2020-12-22 17:45:34 - [MESSAGE][PASSED] - Text '' is set on object 'Object Repository/VLink/Page_CCSale/txt_UDF1'

2020-12-22 17:45:34 - [MESSAGE][PASSED] - Object 'Object Repository/VLink/Page_CCSale/txt_UDF2' is present

2020-12-22 17:45:35 - [MESSAGE][PASSED] - Text '' is set on object 'Object Repository/VLink/Page_CCSale/txt_UDF2'

2020-12-22 17:45:35 - [MESSAGE][PASSED] - Object 'Object Repository/VLink/Page_CCSale/txt_UDF3' is present

2020-12-22 17:45:36 - [MESSAGE][PASSED] - Text '' is set on object 'Object Repository/VLink/Page_CCSale/txt_UDF3'

2020-12-22 17:45:36 - [MESSAGE][PASSED] - Object 'Object Repository/VLink/Page_CCSale/txt_UDF4' is present

2020-12-22 17:45:37 - [MESSAGE][PASSED] - Text '' is set on object 'Object Repository/VLink/Page_CCSale/txt_UDF4'

2020-12-22 17:45:37 - [MESSAGE][PASSED] - Object 'Object Repository/VLink/Page_CCSale/txt_UDF5' is present

2020-12-22 17:45:38 - [MESSAGE][PASSED] - Text '' is set on object 'Object Repository/VLink/Page_CCSale/txt_UDF5'

2020-12-22 17:45:38 - [MESSAGE][PASSED] - Object 'Object Repository/VLink/Page_CCSale/txt_UDF6' is present

2020-12-22 17:45:39 - [MESSAGE][PASSED] - Text '' is set on object 'Object Repository/VLink/Page_CCSale/txt_UDF6'

2020-12-22 17:45:39 - [MESSAGE][PASSED] - Object 'Object Repository/VLink/Page_CCSale/txt_UDF7' is present

2020-12-22 17:45:40 - [MESSAGE][PASSED] - Text '' is set on object 'Object Repository/VLink/Page_CCSale/txt_UDF7'

2020-12-22 17:45:40 - [MESSAGE][PASSED] - Object 'Object Repository/VLink/Page_CCSale/txt_UDF8' is present

2020-12-22 17:45:41 - [MESSAGE][PASSED] - Text '' is set on object 'Object Repository/VLink/Page_CCSale/txt_UDF8'

2020-12-22 17:45:41 - [MESSAGE][PASSED] - Object 'Object Repository/VLink/Page_CCSale/txt_UDF9' is present

2020-12-22 17:45:42 - [MESSAGE][PASSED] - Text '' is set on object 'Object Repository/VLink/Page_CCSale/txt_UDF9'

2020-12-22 17:45:42 - [MESSAGE][PASSED] - Object 'Object Repository/VLink/Page_CCSale/txt_UDF10' is present

2020-12-22 17:45:42 - [MESSAGE][PASSED] - Text '' is set on object 'Object Repository/VLink/Page_CCSale/txt_UDF10'

2020-12-22 17:45:43 - [MESSAGE][PASSED] - Object 'Object Repository/VLink/Page_CCSale/txt_CardOnFileIndicator' is present

2020-12-22 17:45:43 - [MESSAGE][PASSED] - Text '' is set on object 'Object Repository/VLink/Page_CCSale/txt_CardOnFileIndicator'

2020-12-22 17:45:44 - [MESSAGE][PASSED] - Object 'Object Repository/VLink/Page_CCSale/txt_StoredCredentialIndicator' is present

2020-12-22 17:45:44 - [MESSAGE][PASSED] - Text '' is set on object 'Object Repository/VLink/Page_CCSale/txt_StoredCredentialIndicator'

2020-12-22 17:45:45 - [MESSAGE][PASSED] - Object 'Object Repository/VLink/Page_CCSale/txt_COFScheduledIndicator' is present

2020-12-22 17:45:46 - [MESSAGE][PASSED] - Text '' is set on object 'Object Repository/VLink/Page_CCSale/txt_COFScheduledIndicator'

2020-12-22 17:45:46 - [MESSAGE][PASSED] - Object 'Object Repository/VLink/Page_CCSale/txt_COFTransactionInitiatedBy' is present

2020-12-22 17:45:46 - [MESSAGE][PASSED] - Text '' is set on object 'Object Repository/VLink/Page_CCSale/txt_COFTransactionInitiatedBy'

2020-12-22 17:45:51 - [MESSAGE][PASSED] - Object: 'Object Repository/VLink/Page_CCSale/btn_ProcessVLinkTransaction' is clicked on

2020-12-22 17:45:56 - [MESSAGE][PASSED] - vlinkPages.saleCCPage.setDataSCC is PASSED

2020-12-22 17:45:56 - [TEST_STEP][PASSED] - if (verifyTextPresent("Transaction approved, no errors", true)): null

2020-12-22 17:45:56 - [MESSAGE][PASSED] - Text 'Transaction approved, no errors' is present on page  using regular expression

2020-12-22 17:45:56 - [TEST_STEP][PASSED] - println("Transaction Approved, no errors text is present on the Confirmation page"): null

2020-12-22 17:45:56 - [TEST_STEP][PASSED] - out.println("Pass Record Number: " + row): null

2020-12-22 17:45:56 - [TEST_STEP][PASSED] - sdfo = getText(findTestObject("Object Repository/Page_VLinkReceipt/pre_STX")): Text of object 'Object Repository/Page_VLinkReceipt/pre_STX' is: '<STX>2ZO2zjqqStUR                  12087962            0  Transaction approved, no errors                   0                                                                                  Y OK8337   <ETX>'

2020-12-22 17:45:56 - [MESSAGE][PASSED] - Text of object 'Object Repository/Page_VLinkReceipt/pre_STX' is: '<STX>2ZO2zjqqStUR                  12087962            0  Transaction approved, no errors                   0                                                                                  Y OK8337   <ETX>'

2020-12-22 17:45:56 - [TEST_STEP][PASSED] - out.println("sdfo: " + sdfo): null

2020-12-22 17:45:56 - [TEST_STEP][PASSED] - remID = substring(5, 35).trim(): null

2020-12-22 17:45:56 - [TEST_STEP][PASSED] - out.println("Remittance ID: " + remID): null

2020-12-22 17:45:56 - [TEST_STEP][PASSED] - traxID = substring(35, 55).trim(): null

2020-12-22 17:45:56 - [TEST_STEP][PASSED] - out.println("Transaction ID: " + traxID): null

2020-12-22 17:45:56 - [TEST_STEP][PASSED] - out.println("End Record Number: " + row): null

2020-12-22 17:45:56 - [TEST_STEP][PASSED] - closeBrowser(): Browser is closed

2020-12-22 17:45:57 - [MESSAGE][PASSED] - Browser is closed

2020-12-22 17:45:57 - [TEST_STEP][PASSED] - out.println("Begin Record Number: " + row): null

2020-12-22 17:45:57 - [TEST_STEP][PASSED] - openBrowser(VLinkURL + "authcap.html"): Browser is opened with url: 'https://dev-algorithm.govolution.com/vlinktest/QA/version_2_0/authcap.html'

2020-12-22 17:45:57 - [MESSAGE][INFO] - Starting 'Chrome' driver

2020-12-22 17:45:57 - [MESSAGE][INFO] - User set preference: ['acceptInsecureCerts', 'true']

2020-12-22 17:45:57 - [MESSAGE][INFO] - Action delay is set to 0 milliseconds

2020-12-22 17:46:01 - [MESSAGE][PASSED] - Browser is opened with url: 'https://dev-algorithm.govolution.com/vlinktest/QA/version_2_0/authcap.html'

2020-12-22 17:46:01 - [TEST_STEP][PASSED] - maximizeWindow(): Current window maximized

2020-12-22 17:46:01 - [MESSAGE][PASSED] - Current window maximized

2020-12-22 17:46:01 - [TEST_STEP][PASSED] - vlinkPages.saleCCPage.setDataSCC(row, dataFile): vlinkPages.saleCCPage.setDataSCC is PASSED

2020-12-22 17:46:03 - [MESSAGE][PASSED] - Object 'Object Repository/VLink/Page_CCSale/txt_CardNumber' is present

2020-12-22 17:46:03 - [MESSAGE][PASSED] - Object 'Object Repository/VLink/Page_CCSale/txt_TransactionType' is present

2020-12-22 17:46:04 - [MESSAGE][PASSED] - Text '104' is set on object 'Object Repository/VLink/Page_CCSale/txt_TransactionType'

2020-12-22 17:46:04 - [MESSAGE][PASSED] - Object 'Object Repository/VLink/Page_CCSale/txt_MessageVersion' is present

2020-12-22 17:46:05 - [MESSAGE][PASSED] - Text '2.0C' is set on object 'Object Repository/VLink/Page_CCSale/txt_MessageVersion'

2020-12-22 17:46:05 - [MESSAGE][PASSED] - Object 'Object Repository/VLink/Page_CCSale/txt_RemID' is present

2020-12-22 17:46:06 - [MESSAGE][PASSED] - Text 'SLDwx3cLWcg9' is set on object 'Object Repository/VLink/Page_CCSale/txt_RemID'

2020-12-22 17:46:06 - [MESSAGE][PASSED] - Object 'Object Repository/VLink/Page_CCSale/txt_ApplicationId' is present

2020-12-22 17:46:07 - [MESSAGE][PASSED] - Text '671' is set on object 'Object Repository/VLink/Page_CCSale/txt_ApplicationId'

2020-12-22 17:46:07 - [MESSAGE][PASSED] - Object 'Object Repository/VLink/Page_CCSale/txt_Username' is present

2020-12-22 17:46:08 - [MESSAGE][PASSED] - Text 'username' is set on object 'Object Repository/VLink/Page_CCSale/txt_Username'

2020-12-22 17:46:08 - [MESSAGE][PASSED] - Object 'Object Repository/VLink/Page_CCSale/txt_Password' is present

2020-12-22 17:46:09 - [MESSAGE][PASSED] - Text 'password' is set on object 'Object Repository/VLink/Page_CCSale/txt_Password'

2020-12-22 17:46:09 - [MESSAGE][PASSED] - Object 'Object Repository/VLink/Page_CCSale/txt_ResponseFormat' is present

2020-12-22 17:46:09 - [MESSAGE][PASSED] - Text 'fixed_width' is set on object 'Object Repository/VLink/Page_CCSale/txt_ResponseFormat'

2020-12-22 17:46:10 - [MESSAGE][PASSED] - Object 'Object Repository/VLink/Page_CCSale/txt_Category' is present

2020-12-22 17:46:10 - [MESSAGE][PASSED] - Text 'RETL' is set on object 'Object Repository/VLink/Page_CCSale/txt_Category'

2020-12-22 17:46:11 - [MESSAGE][PASSED] - Object 'Object Repository/VLink/Page_CCSale/txt_TransactionID' is present

2020-12-22 17:46:11 - [MESSAGE][PASSED] - Text '' is set on object 'Object Repository/VLink/Page_CCSale/txt_TransactionID'

2020-12-22 17:46:11 - [MESSAGE][PASSED] - Object 'Object Repository/VLink/Page_CCSale/txt_ApprovalCode' is present

2020-12-22 17:46:12 - [MESSAGE][PASSED] - Text '' is set on object 'Object Repository/VLink/Page_CCSale/txt_ApprovalCode'

2020-12-22 17:46:12 - [MESSAGE][PASSED] - Object 'Object Repository/VLink/Page_CCSale/txt_CardName' is present

2020-12-22 17:46:13 - [MESSAGE][PASSED] - Text 'Roshan Maha' is set on object 'Object Repository/VLink/Page_CCSale/txt_CardName'

2020-12-22 17:46:13 - [MESSAGE][PASSED] - Object 'Object Repository/VLink/Page_CCSale/txt_AL1' is present

2020-12-22 17:46:14 - [MESSAGE][PASSED] - Text '12563 Bazaar road' is set on object 'Object Repository/VLink/Page_CCSale/txt_AL1'

2020-12-22 17:46:14 - [MESSAGE][PASSED] - Object 'Object Repository/VLink/Page_CCSale/txt_AL2' is present

2020-12-22 17:46:15 - [MESSAGE][PASSED] - Text '' is set on object 'Object Repository/VLink/Page_CCSale/txt_AL2'

2020-12-22 17:46:15 - [MESSAGE][PASSED] - Object 'Object Repository/VLink/Page_CCSale/txt_CardCity' is present

2020-12-22 17:46:15 - [MESSAGE][PASSED] - Text 'Crofton' is set on object 'Object Repository/VLink/Page_CCSale/txt_CardCity'

2020-12-22 17:46:16 - [MESSAGE][PASSED] - Object 'Object Repository/VLink/Page_CCSale/txt_CardState' is present

2020-12-22 17:46:16 - [MESSAGE][PASSED] - Text 'MD' is set on object 'Object Repository/VLink/Page_CCSale/txt_CardState'

2020-12-22 17:46:17 - [MESSAGE][PASSED] - Object 'Object Repository/VLink/Page_CCSale/txt_CardZIP' is present

2020-12-22 17:46:17 - [MESSAGE][PASSED] - Text '21114' is set on object 'Object Repository/VLink/Page_CCSale/txt_CardZIP'

2020-12-22 17:46:18 - [MESSAGE][PASSED] - Object 'Object Repository/VLink/Page_CCSale/txt_CountryID' is present

2020-12-22 17:46:18 - [MESSAGE][PASSED] - Text '' is set on object 'Object Repository/VLink/Page_CCSale/txt_CountryID'

2020-12-22 17:46:19 - [MESSAGE][PASSED] - Object 'Object Repository/VLink/Page_CCSale/txt_Amount' is present

2020-12-22 17:46:19 - [MESSAGE][PASSED] - Text '3.50' is set on object 'Object Repository/VLink/Page_CCSale/txt_Amount'

2020-12-22 17:46:20 - [MESSAGE][PASSED] - Object 'Object Repository/VLink/Page_CCSale/txt_CardNumber' is present

2020-12-22 17:46:20 - [MESSAGE][PASSED] - Text '6011000000000004' is set on object 'Object Repository/VLink/Page_CCSale/txt_CardNumber'

2020-12-22 17:46:21 - [MESSAGE][PASSED] - Object 'Object Repository/VLink/Page_CCSale/txt_ExpMonth' is present

2020-12-22 17:46:21 - [MESSAGE][PASSED] - Text '01' is set on object 'Object Repository/VLink/Page_CCSale/txt_ExpMonth'

2020-12-22 17:46:22 - [MESSAGE][PASSED] - Object 'Object Repository/VLink/Page_CCSale/txt_ExpYear' is present

2020-12-22 17:46:22 - [MESSAGE][PASSED] - Text '2026' is set on object 'Object Repository/VLink/Page_CCSale/txt_ExpYear'

2020-12-22 17:46:23 - [MESSAGE][PASSED] - Object 'Object Repository/VLink/Page_CCSale/txt_CVV' is present

2020-12-22 17:46:23 - [MESSAGE][PASSED] - Text '' is set on object 'Object Repository/VLink/Page_CCSale/txt_CVV'

2020-12-22 17:46:24 - [MESSAGE][PASSED] - Object 'Object Repository/VLink/Page_CCSale/txt_CVVstate' is present

2020-12-22 17:46:24 - [MESSAGE][PASSED] - Text '' is set on object 'Object Repository/VLink/Page_CCSale/txt_CVVstate'

2020-12-22 17:46:25 - [MESSAGE][PASSED] - Object 'Object Repository/VLink/Page_CCSale/txt_TrackData' is present

2020-12-22 17:46:25 - [MESSAGE][PASSED] - Text '' is set on object 'Object Repository/VLink/Page_CCSale/txt_TrackData'

2020-12-22 17:46:26 - [MESSAGE][PASSED] - Object 'Object Repository/VLink/Page_CCSale/txt_Track1Data' is present

2020-12-22 17:46:26 - [MESSAGE][PASSED] - Text '' is set on object 'Object Repository/VLink/Page_CCSale/txt_Track1Data'

2020-12-22 17:46:27 - [MESSAGE][PASSED] - Object 'Object Repository/VLink/Page_CCSale/txt_Track2Data' is present

2020-12-22 17:46:27 - [MESSAGE][PASSED] - Text '' is set on object 'Object Repository/VLink/Page_CCSale/txt_Track2Data'

2020-12-22 17:46:28 - [MESSAGE][PASSED] - Object 'Object Repository/VLink/Page_CCSale/txt_POSEntryMode' is present

2020-12-22 17:46:28 - [MESSAGE][PASSED] - Text 'manual' is set on object 'Object Repository/VLink/Page_CCSale/txt_POSEntryMode'

2020-12-22 17:46:29 - [MESSAGE][PASSED] - Object 'Object Repository/VLink/Page_CCSale/txt_Email' is present

2020-12-22 17:46:29 - [MESSAGE][PASSED] - Text '' is set on object 'Object Repository/VLink/Page_CCSale/txt_Email'

2020-12-22 17:46:30 - [MESSAGE][PASSED] - Object 'Object Repository/VLink/Page_CCSale/txt_OrderNumber' is present

2020-12-22 17:46:30 - [MESSAGE][PASSED] - Text '' is set on object 'Object Repository/VLink/Page_CCSale/txt_OrderNumber'

2020-12-22 17:46:31 - [MESSAGE][PASSED] - Object 'Object Repository/VLink/Page_CCSale/txt_TaxAmount' is present

2020-12-22 17:46:31 - [MESSAGE][PASSED] - Text '' is set on object 'Object Repository/VLink/Page_CCSale/txt_TaxAmount'

2020-12-22 17:46:32 - [MESSAGE][PASSED] - Object 'Object Repository/VLink/Page_CCSale/txt_ChargeDescription' is present

2020-12-22 17:46:32 - [MESSAGE][PASSED] - Text '' is set on object 'Object Repository/VLink/Page_CCSale/txt_ChargeDescription'

2020-12-22 17:46:32 - [MESSAGE][PASSED] - Object 'Object Repository/VLink/Page_CCSale/txt_CAN' is present

2020-12-22 17:46:33 - [MESSAGE][PASSED] - Text '' is set on object 'Object Repository/VLink/Page_CCSale/txt_CAN'

2020-12-22 17:46:34 - [MESSAGE][PASSED] - Object 'Object Repository/VLink/Page_CCSale/txt_BillPaymentIndicator' is present

2020-12-22 17:46:34 - [MESSAGE][PASSED] - Text '' is set on object 'Object Repository/VLink/Page_CCSale/txt_BillPaymentIndicator'

2020-12-22 17:46:34 - [MESSAGE][PASSED] - Object 'Object Repository/VLink/Page_CCSale/txt_UDF1' is present

2020-12-22 17:46:35 - [MESSAGE][PASSED] - Text '' is set on object 'Object Repository/VLink/Page_CCSale/txt_UDF1'

2020-12-22 17:46:35 - [MESSAGE][PASSED] - Object 'Object Repository/VLink/Page_CCSale/txt_UDF2' is present

2020-12-22 17:46:36 - [MESSAGE][PASSED] - Text '' is set on object 'Object Repository/VLink/Page_CCSale/txt_UDF2'

2020-12-22 17:46:37 - [MESSAGE][PASSED] - Object 'Object Repository/VLink/Page_CCSale/txt_UDF3' is present

2020-12-22 17:46:37 - [MESSAGE][PASSED] - Text '' is set on object 'Object Repository/VLink/Page_CCSale/txt_UDF3'

2020-12-22 17:46:37 - [MESSAGE][PASSED] - Object 'Object Repository/VLink/Page_CCSale/txt_UDF4' is present

2020-12-22 17:46:38 - [MESSAGE][PASSED] - Text '' is set on object 'Object Repository/VLink/Page_CCSale/txt_UDF4'

2020-12-22 17:46:38 - [MESSAGE][PASSED] - Object 'Object Repository/VLink/Page_CCSale/txt_UDF5' is present

2020-12-22 17:46:39 - [MESSAGE][PASSED] - Text '' is set on object 'Object Repository/VLink/Page_CCSale/txt_UDF5'

2020-12-22 17:46:39 - [MESSAGE][PASSED] - Object 'Object Repository/VLink/Page_CCSale/txt_UDF6' is present

2020-12-22 17:46:40 - [MESSAGE][PASSED] - Text '' is set on object 'Object Repository/VLink/Page_CCSale/txt_UDF6'

2020-12-22 17:46:40 - [MESSAGE][PASSED] - Object 'Object Repository/VLink/Page_CCSale/txt_UDF7' is present

2020-12-22 17:46:41 - [MESSAGE][PASSED] - Text '' is set on object 'Object Repository/VLink/Page_CCSale/txt_UDF7'

2020-12-22 17:46:41 - [MESSAGE][PASSED] - Object 'Object Repository/VLink/Page_CCSale/txt_UDF8' is present

2020-12-22 17:46:42 - [MESSAGE][PASSED] - Text '' is set on object 'Object Repository/VLink/Page_CCSale/txt_UDF8'

2020-12-22 17:46:42 - [MESSAGE][PASSED] - Object 'Object Repository/VLink/Page_CCSale/txt_UDF9' is present

2020-12-22 17:46:43 - [MESSAGE][PASSED] - Text '' is set on object 'Object Repository/VLink/Page_CCSale/txt_UDF9'

2020-12-22 17:46:43 - [MESSAGE][PASSED] - Object 'Object Repository/VLink/Page_CCSale/txt_UDF10' is present

2020-12-22 17:46:44 - [MESSAGE][PASSED] - Text '' is set on object 'Object Repository/VLink/Page_CCSale/txt_UDF10'

2020-12-22 17:46:44 - [MESSAGE][PASSED] - Object 'Object Repository/VLink/Page_CCSale/txt_CardOnFileIndicator' is present

2020-12-22 17:46:45 - [MESSAGE][PASSED] - Text '' is set on object 'Object Repository/VLink/Page_CCSale/txt_CardOnFileIndicator'

2020-12-22 17:46:45 - [MESSAGE][PASSED] - Object 'Object Repository/VLink/Page_CCSale/txt_StoredCredentialIndicator' is present

2020-12-22 17:46:46 - [MESSAGE][PASSED] - Text '' is set on object 'Object Repository/VLink/Page_CCSale/txt_StoredCredentialIndicator'

2020-12-22 17:46:46 - [MESSAGE][PASSED] - Object 'Object Repository/VLink/Page_CCSale/txt_COFScheduledIndicator' is present

2020-12-22 17:46:47 - [MESSAGE][PASSED] - Text '' is set on object 'Object Repository/VLink/Page_CCSale/txt_COFScheduledIndicator'

2020-12-22 17:46:47 - [MESSAGE][PASSED] - Object 'Object Repository/VLink/Page_CCSale/txt_COFTransactionInitiatedBy' is present

2020-12-22 17:46:48 - [MESSAGE][PASSED] - Text '' is set on object 'Object Repository/VLink/Page_CCSale/txt_COFTransactionInitiatedBy'

2020-12-22 17:46:52 - [MESSAGE][PASSED] - Object: 'Object Repository/VLink/Page_CCSale/btn_ProcessVLinkTransaction' is clicked on

2020-12-22 17:46:57 - [MESSAGE][PASSED] - vlinkPages.saleCCPage.setDataSCC is PASSED

2020-12-22 17:46:57 - [TEST_STEP][PASSED] - if (verifyTextPresent("Transaction approved, no errors", true)): null

2020-12-22 17:46:57 - [MESSAGE][PASSED] - Text 'Transaction approved, no errors' is present on page  using regular expression

2020-12-22 17:46:57 - [TEST_STEP][PASSED] - println("Transaction Approved, no errors text is present on the Confirmation page"): null

2020-12-22 17:46:57 - [TEST_STEP][PASSED] - out.println("Pass Record Number: " + row): null

2020-12-22 17:46:57 - [TEST_STEP][PASSED] - sdfo = getText(findTestObject("Object Repository/Page_VLinkReceipt/pre_STX")): Text of object 'Object Repository/Page_VLinkReceipt/pre_STX' is: '<STX>SLDwx3cLWcg9                  12087963            0  Transaction approved, no errors                   0                                                                                  Y OK8687   <ETX>'

2020-12-22 17:46:58 - [MESSAGE][PASSED] - Text of object 'Object Repository/Page_VLinkReceipt/pre_STX' is: '<STX>SLDwx3cLWcg9                  12087963            0  Transaction approved, no errors                   0                                                                                  Y OK8687   <ETX>'

2020-12-22 17:46:58 - [TEST_STEP][PASSED] - out.println("sdfo: " + sdfo): null

2020-12-22 17:46:58 - [TEST_STEP][PASSED] - remID = substring(5, 35).trim(): null

2020-12-22 17:46:58 - [TEST_STEP][PASSED] - out.println("Remittance ID: " + remID): null

2020-12-22 17:46:58 - [TEST_STEP][PASSED] - traxID = substring(35, 55).trim(): null

2020-12-22 17:46:58 - [TEST_STEP][PASSED] - out.println("Transaction ID: " + traxID): null

2020-12-22 17:46:58 - [TEST_STEP][PASSED] - out.println("End Record Number: " + row): null

2020-12-22 17:46:58 - [TEST_STEP][PASSED] - closeBrowser(): Browser is closed

2020-12-22 17:46:58 - [MESSAGE][PASSED] - Browser is closed

2020-12-22 17:46:58 - [TEST_STEP][PASSED] - out.println("Begin Record Number: " + row): null

2020-12-22 17:46:58 - [TEST_STEP][PASSED] - openBrowser(VLinkURL + "authcap.html"): Browser is opened with url: 'https://dev-algorithm.govolution.com/vlinktest/QA/version_2_0/authcap.html'

2020-12-22 17:46:58 - [MESSAGE][INFO] - Starting 'Chrome' driver

2020-12-22 17:46:58 - [MESSAGE][INFO] - User set preference: ['acceptInsecureCerts', 'true']

2020-12-22 17:46:58 - [MESSAGE][INFO] - Action delay is set to 0 milliseconds

2020-12-22 17:47:02 - [MESSAGE][PASSED] - Browser is opened with url: 'https://dev-algorithm.govolution.com/vlinktest/QA/version_2_0/authcap.html'

2020-12-22 17:47:02 - [TEST_STEP][PASSED] - maximizeWindow(): Current window maximized

2020-12-22 17:47:02 - [MESSAGE][PASSED] - Current window maximized

2020-12-22 17:47:02 - [TEST_STEP][PASSED] - vlinkPages.saleCCPage.setDataSCC(row, dataFile): vlinkPages.saleCCPage.setDataSCC is PASSED

2020-12-22 17:47:03 - [MESSAGE][PASSED] - Object 'Object Repository/VLink/Page_CCSale/txt_CardNumber' is present

2020-12-22 17:47:04 - [MESSAGE][PASSED] - Object 'Object Repository/VLink/Page_CCSale/txt_TransactionType' is present

2020-12-22 17:47:04 - [MESSAGE][PASSED] - Text '104' is set on object 'Object Repository/VLink/Page_CCSale/txt_TransactionType'

2020-12-22 17:47:05 - [MESSAGE][PASSED] - Object 'Object Repository/VLink/Page_CCSale/txt_MessageVersion' is present

2020-12-22 17:47:05 - [MESSAGE][PASSED] - Text '2.0C' is set on object 'Object Repository/VLink/Page_CCSale/txt_MessageVersion'

2020-12-22 17:47:05 - [MESSAGE][PASSED] - Object 'Object Repository/VLink/Page_CCSale/txt_RemID' is present

2020-12-22 17:47:06 - [MESSAGE][PASSED] - Text 'xvTeCLBUJpAa' is set on object 'Object Repository/VLink/Page_CCSale/txt_RemID'

2020-12-22 17:47:06 - [MESSAGE][PASSED] - Object 'Object Repository/VLink/Page_CCSale/txt_ApplicationId' is present

2020-12-22 17:47:07 - [MESSAGE][PASSED] - Text '665' is set on object 'Object Repository/VLink/Page_CCSale/txt_ApplicationId'

2020-12-22 17:47:07 - [MESSAGE][PASSED] - Object 'Object Repository/VLink/Page_CCSale/txt_Username' is present

2020-12-22 17:47:08 - [MESSAGE][PASSED] - Text 'username' is set on object 'Object Repository/VLink/Page_CCSale/txt_Username'

2020-12-22 17:47:08 - [MESSAGE][PASSED] - Object 'Object Repository/VLink/Page_CCSale/txt_Password' is present

2020-12-22 17:47:09 - [MESSAGE][PASSED] - Text 'password' is set on object 'Object Repository/VLink/Page_CCSale/txt_Password'

2020-12-22 17:47:09 - [MESSAGE][PASSED] - Object 'Object Repository/VLink/Page_CCSale/txt_ResponseFormat' is present

2020-12-22 17:47:09 - [MESSAGE][PASSED] - Text 'fixed_width' is set on object 'Object Repository/VLink/Page_CCSale/txt_ResponseFormat'

2020-12-22 17:47:10 - [MESSAGE][PASSED] - Object 'Object Repository/VLink/Page_CCSale/txt_Category' is present

2020-12-22 17:47:10 - [MESSAGE][PASSED] - Text 'ECOM' is set on object 'Object Repository/VLink/Page_CCSale/txt_Category'

2020-12-22 17:47:11 - [MESSAGE][PASSED] - Object 'Object Repository/VLink/Page_CCSale/txt_TransactionID' is present

2020-12-22 17:47:11 - [MESSAGE][PASSED] - Text '' is set on object 'Object Repository/VLink/Page_CCSale/txt_TransactionID'

2020-12-22 17:47:12 - [MESSAGE][PASSED] - Object 'Object Repository/VLink/Page_CCSale/txt_ApprovalCode' is present

2020-12-22 17:47:12 - [MESSAGE][PASSED] - Text '' is set on object 'Object Repository/VLink/Page_CCSale/txt_ApprovalCode'

2020-12-22 17:47:13 - [MESSAGE][PASSED] - Object 'Object Repository/VLink/Page_CCSale/txt_CardName' is present

2020-12-22 17:47:13 - [MESSAGE][PASSED] - Text 'Roshan Maha' is set on object 'Object Repository/VLink/Page_CCSale/txt_CardName'

2020-12-22 17:47:14 - [MESSAGE][PASSED] - Object 'Object Repository/VLink/Page_CCSale/txt_AL1' is present

2020-12-22 17:47:14 - [MESSAGE][PASSED] - Text '12563 Bazaar road' is set on object 'Object Repository/VLink/Page_CCSale/txt_AL1'

2020-12-22 17:47:15 - [MESSAGE][PASSED] - Object 'Object Repository/VLink/Page_CCSale/txt_AL2' is present

2020-12-22 17:47:15 - [MESSAGE][PASSED] - Text '' is set on object 'Object Repository/VLink/Page_CCSale/txt_AL2'

2020-12-22 17:47:16 - [MESSAGE][PASSED] - Object 'Object Repository/VLink/Page_CCSale/txt_CardCity' is present

2020-12-22 17:47:16 - [MESSAGE][PASSED] - Text 'Crofton' is set on object 'Object Repository/VLink/Page_CCSale/txt_CardCity'

2020-12-22 17:47:17 - [MESSAGE][PASSED] - Object 'Object Repository/VLink/Page_CCSale/txt_CardState' is present

2020-12-22 17:47:17 - [MESSAGE][PASSED] - Text 'MD' is set on object 'Object Repository/VLink/Page_CCSale/txt_CardState'

2020-12-22 17:47:18 - [MESSAGE][PASSED] - Object 'Object Repository/VLink/Page_CCSale/txt_CardZIP' is present

2020-12-22 17:47:18 - [MESSAGE][PASSED] - Text '21114' is set on object 'Object Repository/VLink/Page_CCSale/txt_CardZIP'

2020-12-22 17:47:19 - [MESSAGE][PASSED] - Object 'Object Repository/VLink/Page_CCSale/txt_CountryID' is present

2020-12-22 17:47:19 - [MESSAGE][PASSED] - Text '' is set on object 'Object Repository/VLink/Page_CCSale/txt_CountryID'

2020-12-22 17:47:20 - [MESSAGE][PASSED] - Object 'Object Repository/VLink/Page_CCSale/txt_Amount' is present

2020-12-22 17:47:20 - [MESSAGE][PASSED] - Text '3.50' is set on object 'Object Repository/VLink/Page_CCSale/txt_Amount'

2020-12-22 17:47:21 - [MESSAGE][PASSED] - Object 'Object Repository/VLink/Page_CCSale/txt_CardNumber' is present

2020-12-22 17:47:21 - [MESSAGE][PASSED] - Text '4111111111111111' is set on object 'Object Repository/VLink/Page_CCSale/txt_CardNumber'

2020-12-22 17:47:22 - [MESSAGE][PASSED] - Object 'Object Repository/VLink/Page_CCSale/txt_ExpMonth' is present

2020-12-22 17:47:22 - [MESSAGE][PASSED] - Text '01' is set on object 'Object Repository/VLink/Page_CCSale/txt_ExpMonth'

2020-12-22 17:47:23 - [MESSAGE][PASSED] - Object 'Object Repository/VLink/Page_CCSale/txt_ExpYear' is present

2020-12-22 17:47:23 - [MESSAGE][PASSED] - Text '2026' is set on object 'Object Repository/VLink/Page_CCSale/txt_ExpYear'

2020-12-22 17:47:24 - [MESSAGE][PASSED] - Object 'Object Repository/VLink/Page_CCSale/txt_CVV' is present

2020-12-22 17:47:24 - [MESSAGE][PASSED] - Text '' is set on object 'Object Repository/VLink/Page_CCSale/txt_CVV'

2020-12-22 17:47:25 - [MESSAGE][PASSED] - Object 'Object Repository/VLink/Page_CCSale/txt_CVVstate' is present

2020-12-22 17:47:25 - [MESSAGE][PASSED] - Text '' is set on object 'Object Repository/VLink/Page_CCSale/txt_CVVstate'

2020-12-22 17:47:26 - [MESSAGE][PASSED] - Object 'Object Repository/VLink/Page_CCSale/txt_TrackData' is present

2020-12-22 17:47:26 - [MESSAGE][PASSED] - Text '' is set on object 'Object Repository/VLink/Page_CCSale/txt_TrackData'

2020-12-22 17:47:27 - [MESSAGE][PASSED] - Object 'Object Repository/VLink/Page_CCSale/txt_Track1Data' is present

2020-12-22 17:47:27 - [MESSAGE][PASSED] - Text '' is set on object 'Object Repository/VLink/Page_CCSale/txt_Track1Data'

2020-12-22 17:47:28 - [MESSAGE][PASSED] - Object 'Object Repository/VLink/Page_CCSale/txt_Track2Data' is present

2020-12-22 17:47:28 - [MESSAGE][PASSED] - Text '' is set on object 'Object Repository/VLink/Page_CCSale/txt_Track2Data'

2020-12-22 17:47:29 - [MESSAGE][PASSED] - Object 'Object Repository/VLink/Page_CCSale/txt_POSEntryMode' is present

2020-12-22 17:47:29 - [MESSAGE][PASSED] - Text 'manual' is set on object 'Object Repository/VLink/Page_CCSale/txt_POSEntryMode'

2020-12-22 17:47:30 - [MESSAGE][PASSED] - Object 'Object Repository/VLink/Page_CCSale/txt_Email' is present

2020-12-22 17:47:30 - [MESSAGE][PASSED] - Text '' is set on object 'Object Repository/VLink/Page_CCSale/txt_Email'

2020-12-22 17:47:31 - [MESSAGE][PASSED] - Object 'Object Repository/VLink/Page_CCSale/txt_OrderNumber' is present

2020-12-22 17:47:31 - [MESSAGE][PASSED] - Text '' is set on object 'Object Repository/VLink/Page_CCSale/txt_OrderNumber'

2020-12-22 17:47:32 - [MESSAGE][PASSED] - Object 'Object Repository/VLink/Page_CCSale/txt_TaxAmount' is present

2020-12-22 17:47:32 - [MESSAGE][PASSED] - Text '' is set on object 'Object Repository/VLink/Page_CCSale/txt_TaxAmount'

2020-12-22 17:47:33 - [MESSAGE][PASSED] - Object 'Object Repository/VLink/Page_CCSale/txt_ChargeDescription' is present

2020-12-22 17:47:33 - [MESSAGE][PASSED] - Text '' is set on object 'Object Repository/VLink/Page_CCSale/txt_ChargeDescription'

2020-12-22 17:47:33 - [MESSAGE][PASSED] - Object 'Object Repository/VLink/Page_CCSale/txt_CAN' is present

2020-12-22 17:47:34 - [MESSAGE][PASSED] - Text '' is set on object 'Object Repository/VLink/Page_CCSale/txt_CAN'

2020-12-22 17:47:34 - [MESSAGE][PASSED] - Object 'Object Repository/VLink/Page_CCSale/txt_BillPaymentIndicator' is present

2020-12-22 17:47:35 - [MESSAGE][PASSED] - Text '' is set on object 'Object Repository/VLink/Page_CCSale/txt_BillPaymentIndicator'

2020-12-22 17:47:35 - [MESSAGE][PASSED] - Object 'Object Repository/VLink/Page_CCSale/txt_UDF1' is present

2020-12-22 17:47:36 - [MESSAGE][PASSED] - Text '' is set on object 'Object Repository/VLink/Page_CCSale/txt_UDF1'

2020-12-22 17:47:36 - [MESSAGE][PASSED] - Object 'Object Repository/VLink/Page_CCSale/txt_UDF2' is present

2020-12-22 17:47:37 - [MESSAGE][PASSED] - Text '' is set on object 'Object Repository/VLink/Page_CCSale/txt_UDF2'

2020-12-22 17:47:37 - [MESSAGE][PASSED] - Object 'Object Repository/VLink/Page_CCSale/txt_UDF3' is present

2020-12-22 17:47:38 - [MESSAGE][PASSED] - Text '' is set on object 'Object Repository/VLink/Page_CCSale/txt_UDF3'

2020-12-22 17:47:38 - [MESSAGE][PASSED] - Object 'Object Repository/VLink/Page_CCSale/txt_UDF4' is present

2020-12-22 17:47:39 - [MESSAGE][PASSED] - Text '' is set on object 'Object Repository/VLink/Page_CCSale/txt_UDF4'

2020-12-22 17:47:39 - [MESSAGE][PASSED] - Object 'Object Repository/VLink/Page_CCSale/txt_UDF5' is present

2020-12-22 17:47:40 - [MESSAGE][PASSED] - Text '' is set on object 'Object Repository/VLink/Page_CCSale/txt_UDF5'

2020-12-22 17:47:40 - [MESSAGE][PASSED] - Object 'Object Repository/VLink/Page_CCSale/txt_UDF6' is present

2020-12-22 17:47:41 - [MESSAGE][PASSED] - Text '' is set on object 'Object Repository/VLink/Page_CCSale/txt_UDF6'

2020-12-22 17:47:41 - [MESSAGE][PASSED] - Object 'Object Repository/VLink/Page_CCSale/txt_UDF7' is present

2020-12-22 17:47:42 - [MESSAGE][PASSED] - Text '' is set on object 'Object Repository/VLink/Page_CCSale/txt_UDF7'

2020-12-22 17:47:42 - [MESSAGE][PASSED] - Object 'Object Repository/VLink/Page_CCSale/txt_UDF8' is present

2020-12-22 17:47:43 - [MESSAGE][PASSED] - Text '' is set on object 'Object Repository/VLink/Page_CCSale/txt_UDF8'

2020-12-22 17:47:43 - [MESSAGE][PASSED] - Object 'Object Repository/VLink/Page_CCSale/txt_UDF9' is present

2020-12-22 17:47:44 - [MESSAGE][PASSED] - Text '' is set on object 'Object Repository/VLink/Page_CCSale/txt_UDF9'

2020-12-22 17:47:44 - [MESSAGE][PASSED] - Object 'Object Repository/VLink/Page_CCSale/txt_UDF10' is present

2020-12-22 17:47:45 - [MESSAGE][PASSED] - Text '' is set on object 'Object Repository/VLink/Page_CCSale/txt_UDF10'

2020-12-22 17:47:45 - [MESSAGE][PASSED] - Object 'Object Repository/VLink/Page_CCSale/txt_CardOnFileIndicator' is present

2020-12-22 17:47:46 - [MESSAGE][PASSED] - Text '0' is set on object 'Object Repository/VLink/Page_CCSale/txt_CardOnFileIndicator'

2020-12-22 17:47:46 - [MESSAGE][PASSED] - Object 'Object Repository/VLink/Page_CCSale/txt_StoredCredentialIndicator' is present

2020-12-22 17:47:47 - [MESSAGE][PASSED] - Text 'Initial' is set on object 'Object Repository/VLink/Page_CCSale/txt_StoredCredentialIndicator'

2020-12-22 17:47:47 - [MESSAGE][PASSED] - Object 'Object Repository/VLink/Page_CCSale/txt_COFScheduledIndicator' is present

2020-12-22 17:47:48 - [MESSAGE][PASSED] - Text 'Unscheduled' is set on object 'Object Repository/VLink/Page_CCSale/txt_COFScheduledIndicator'

2020-12-22 17:47:48 - [MESSAGE][PASSED] - Object 'Object Repository/VLink/Page_CCSale/txt_COFTransactionInitiatedBy' is present

2020-12-22 17:47:49 - [MESSAGE][PASSED] - Text 'Customer' is set on object 'Object Repository/VLink/Page_CCSale/txt_COFTransactionInitiatedBy'

2020-12-22 17:47:52 - [MESSAGE][PASSED] - Object: 'Object Repository/VLink/Page_CCSale/btn_ProcessVLinkTransaction' is clicked on

2020-12-22 17:47:57 - [MESSAGE][PASSED] - vlinkPages.saleCCPage.setDataSCC is PASSED

2020-12-22 17:47:57 - [TEST_STEP][PASSED] - if (verifyTextPresent("Transaction approved, no errors", true)): null

2020-12-22 17:47:57 - [MESSAGE][PASSED] - Text 'Transaction approved, no errors' is present on page  using regular expression

2020-12-22 17:47:57 - [TEST_STEP][PASSED] - println("Transaction Approved, no errors text is present on the Confirmation page"): null

2020-12-22 17:47:57 - [TEST_STEP][PASSED] - out.println("Pass Record Number: " + row): null

2020-12-22 17:47:57 - [TEST_STEP][PASSED] - sdfo = getText(findTestObject("Object Repository/Page_VLinkReceipt/pre_STX")): Text of object 'Object Repository/Page_VLinkReceipt/pre_STX' is: '<STX>xvTeCLBUJpAa                  12087964            0  Transaction approved, no errors                   0                                                                                  XXOK3830   <ETX>'

2020-12-22 17:47:57 - [MESSAGE][PASSED] - Text of object 'Object Repository/Page_VLinkReceipt/pre_STX' is: '<STX>xvTeCLBUJpAa                  12087964            0  Transaction approved, no errors                   0                                                                                  XXOK3830   <ETX>'

2020-12-22 17:47:57 - [TEST_STEP][PASSED] - out.println("sdfo: " + sdfo): null

2020-12-22 17:47:57 - [TEST_STEP][PASSED] - remID = substring(5, 35).trim(): null

2020-12-22 17:47:57 - [TEST_STEP][PASSED] - out.println("Remittance ID: " + remID): null

2020-12-22 17:47:57 - [TEST_STEP][PASSED] - traxID = substring(35, 55).trim(): null

2020-12-22 17:47:57 - [TEST_STEP][PASSED] - out.println("Transaction ID: " + traxID): null

2020-12-22 17:47:57 - [TEST_STEP][PASSED] - out.println("End Record Number: " + row): null

2020-12-22 17:47:57 - [TEST_STEP][PASSED] - closeBrowser(): Browser is closed

2020-12-22 17:47:58 - [MESSAGE][PASSED] - Browser is closed

2020-12-22 17:47:58 - [TEST_STEP][PASSED] - out.println("Begin Record Number: " + row): null

2020-12-22 17:47:58 - [TEST_STEP][PASSED] - openBrowser(VLinkURL + "authcap.html"): Browser is opened with url: 'https://dev-algorithm.govolution.com/vlinktest/QA/version_2_0/authcap.html'

2020-12-22 17:47:58 - [MESSAGE][INFO] - Starting 'Chrome' driver

2020-12-22 17:47:58 - [MESSAGE][INFO] - User set preference: ['acceptInsecureCerts', 'true']

2020-12-22 17:47:58 - [MESSAGE][INFO] - Action delay is set to 0 milliseconds

2020-12-22 17:48:02 - [MESSAGE][PASSED] - Browser is opened with url: 'https://dev-algorithm.govolution.com/vlinktest/QA/version_2_0/authcap.html'

2020-12-22 17:48:02 - [TEST_STEP][PASSED] - maximizeWindow(): Current window maximized

2020-12-22 17:48:02 - [MESSAGE][PASSED] - Current window maximized

2020-12-22 17:48:02 - [TEST_STEP][PASSED] - vlinkPages.saleCCPage.setDataSCC(row, dataFile): vlinkPages.saleCCPage.setDataSCC is PASSED

2020-12-22 17:48:04 - [MESSAGE][PASSED] - Object 'Object Repository/VLink/Page_CCSale/txt_CardNumber' is present

2020-12-22 17:48:04 - [MESSAGE][PASSED] - Object 'Object Repository/VLink/Page_CCSale/txt_TransactionType' is present

2020-12-22 17:48:05 - [MESSAGE][PASSED] - Text '104' is set on object 'Object Repository/VLink/Page_CCSale/txt_TransactionType'

2020-12-22 17:48:05 - [MESSAGE][PASSED] - Object 'Object Repository/VLink/Page_CCSale/txt_MessageVersion' is present

2020-12-22 17:48:05 - [MESSAGE][PASSED] - Text '2.0C' is set on object 'Object Repository/VLink/Page_CCSale/txt_MessageVersion'

2020-12-22 17:48:06 - [MESSAGE][PASSED] - Object 'Object Repository/VLink/Page_CCSale/txt_RemID' is present

2020-12-22 17:48:06 - [MESSAGE][PASSED] - Text 'FN7BC4Np0A5r' is set on object 'Object Repository/VLink/Page_CCSale/txt_RemID'

2020-12-22 17:48:07 - [MESSAGE][PASSED] - Object 'Object Repository/VLink/Page_CCSale/txt_ApplicationId' is present

2020-12-22 17:48:07 - [MESSAGE][PASSED] - Text '665' is set on object 'Object Repository/VLink/Page_CCSale/txt_ApplicationId'

2020-12-22 17:48:07 - [MESSAGE][PASSED] - Object 'Object Repository/VLink/Page_CCSale/txt_Username' is present

2020-12-22 17:48:08 - [MESSAGE][PASSED] - Text 'username' is set on object 'Object Repository/VLink/Page_CCSale/txt_Username'

2020-12-22 17:48:08 - [MESSAGE][PASSED] - Object 'Object Repository/VLink/Page_CCSale/txt_Password' is present

2020-12-22 17:48:09 - [MESSAGE][PASSED] - Text 'password' is set on object 'Object Repository/VLink/Page_CCSale/txt_Password'

2020-12-22 17:48:09 - [MESSAGE][PASSED] - Object 'Object Repository/VLink/Page_CCSale/txt_ResponseFormat' is present

2020-12-22 17:48:10 - [MESSAGE][PASSED] - Text 'fixed_width' is set on object 'Object Repository/VLink/Page_CCSale/txt_ResponseFormat'

2020-12-22 17:48:10 - [MESSAGE][PASSED] - Object 'Object Repository/VLink/Page_CCSale/txt_Category' is present

2020-12-22 17:48:11 - [MESSAGE][PASSED] - Text 'ECOM' is set on object 'Object Repository/VLink/Page_CCSale/txt_Category'

2020-12-22 17:48:11 - [MESSAGE][PASSED] - Object 'Object Repository/VLink/Page_CCSale/txt_TransactionID' is present

2020-12-22 17:48:12 - [MESSAGE][PASSED] - Text '' is set on object 'Object Repository/VLink/Page_CCSale/txt_TransactionID'

2020-12-22 17:48:12 - [MESSAGE][PASSED] - Object 'Object Repository/VLink/Page_CCSale/txt_ApprovalCode' is present

2020-12-22 17:48:12 - [MESSAGE][PASSED] - Text '' is set on object 'Object Repository/VLink/Page_CCSale/txt_ApprovalCode'

2020-12-22 17:48:13 - [MESSAGE][PASSED] - Object 'Object Repository/VLink/Page_CCSale/txt_CardName' is present

2020-12-22 17:48:14 - [MESSAGE][PASSED] - Text 'Kris Roshan' is set on object 'Object Repository/VLink/Page_CCSale/txt_CardName'

2020-12-22 17:48:14 - [MESSAGE][PASSED] - Object 'Object Repository/VLink/Page_CCSale/txt_AL1' is present

2020-12-22 17:48:14 - [MESSAGE][PASSED] - Text '258 Elm Road' is set on object 'Object Repository/VLink/Page_CCSale/txt_AL1'

2020-12-22 17:48:15 - [MESSAGE][PASSED] - Object 'Object Repository/VLink/Page_CCSale/txt_AL2' is present

2020-12-22 17:48:16 - [MESSAGE][PASSED] - Text 'Suite 56' is set on object 'Object Repository/VLink/Page_CCSale/txt_AL2'

2020-12-22 17:48:16 - [MESSAGE][PASSED] - Object 'Object Repository/VLink/Page_CCSale/txt_CardCity' is present

2020-12-22 17:48:17 - [MESSAGE][PASSED] - Text 'Arlington' is set on object 'Object Repository/VLink/Page_CCSale/txt_CardCity'

2020-12-22 17:48:17 - [MESSAGE][PASSED] - Object 'Object Repository/VLink/Page_CCSale/txt_CardState' is present

2020-12-22 17:48:18 - [MESSAGE][PASSED] - Text 'VA' is set on object 'Object Repository/VLink/Page_CCSale/txt_CardState'

2020-12-22 17:48:18 - [MESSAGE][PASSED] - Object 'Object Repository/VLink/Page_CCSale/txt_CardZIP' is present

2020-12-22 17:48:19 - [MESSAGE][PASSED] - Text '22201' is set on object 'Object Repository/VLink/Page_CCSale/txt_CardZIP'

2020-12-22 17:48:19 - [MESSAGE][PASSED] - Object 'Object Repository/VLink/Page_CCSale/txt_CountryID' is present

2020-12-22 17:48:20 - [MESSAGE][PASSED] - Text '840' is set on object 'Object Repository/VLink/Page_CCSale/txt_CountryID'

2020-12-22 17:48:20 - [MESSAGE][PASSED] - Object 'Object Repository/VLink/Page_CCSale/txt_Amount' is present

2020-12-22 17:48:21 - [MESSAGE][PASSED] - Text '1.50' is set on object 'Object Repository/VLink/Page_CCSale/txt_Amount'

2020-12-22 17:48:21 - [MESSAGE][PASSED] - Object 'Object Repository/VLink/Page_CCSale/txt_CardNumber' is present

2020-12-22 17:48:22 - [MESSAGE][PASSED] - Text '5424000000000015' is set on object 'Object Repository/VLink/Page_CCSale/txt_CardNumber'

2020-12-22 17:48:22 - [MESSAGE][PASSED] - Object 'Object Repository/VLink/Page_CCSale/txt_ExpMonth' is present

2020-12-22 17:48:23 - [MESSAGE][PASSED] - Text '12' is set on object 'Object Repository/VLink/Page_CCSale/txt_ExpMonth'

2020-12-22 17:48:23 - [MESSAGE][PASSED] - Object 'Object Repository/VLink/Page_CCSale/txt_ExpYear' is present

2020-12-22 17:48:24 - [MESSAGE][PASSED] - Text '2025' is set on object 'Object Repository/VLink/Page_CCSale/txt_ExpYear'

2020-12-22 17:48:24 - [MESSAGE][PASSED] - Object 'Object Repository/VLink/Page_CCSale/txt_CVV' is present

2020-12-22 17:48:25 - [MESSAGE][PASSED] - Text '' is set on object 'Object Repository/VLink/Page_CCSale/txt_CVV'

2020-12-22 17:48:25 - [MESSAGE][PASSED] - Object 'Object Repository/VLink/Page_CCSale/txt_CVVstate' is present

2020-12-22 17:48:26 - [MESSAGE][PASSED] - Text '' is set on object 'Object Repository/VLink/Page_CCSale/txt_CVVstate'

2020-12-22 17:48:26 - [MESSAGE][PASSED] - Object 'Object Repository/VLink/Page_CCSale/txt_TrackData' is present

2020-12-22 17:48:27 - [MESSAGE][PASSED] - Text '' is set on object 'Object Repository/VLink/Page_CCSale/txt_TrackData'

2020-12-22 17:48:27 - [MESSAGE][PASSED] - Object 'Object Repository/VLink/Page_CCSale/txt_Track1Data' is present

2020-12-22 17:48:28 - [MESSAGE][PASSED] - Text '' is set on object 'Object Repository/VLink/Page_CCSale/txt_Track1Data'

2020-12-22 17:48:28 - [MESSAGE][PASSED] - Object 'Object Repository/VLink/Page_CCSale/txt_Track2Data' is present

2020-12-22 17:48:29 - [MESSAGE][PASSED] - Text '' is set on object 'Object Repository/VLink/Page_CCSale/txt_Track2Data'

2020-12-22 17:48:29 - [MESSAGE][PASSED] - Object 'Object Repository/VLink/Page_CCSale/txt_POSEntryMode' is present

2020-12-22 17:48:30 - [MESSAGE][PASSED] - Text 'manual' is set on object 'Object Repository/VLink/Page_CCSale/txt_POSEntryMode'

2020-12-22 17:48:30 - [MESSAGE][PASSED] - Object 'Object Repository/VLink/Page_CCSale/txt_Email' is present

2020-12-22 17:48:31 - [MESSAGE][PASSED] - Text 'iahmed@govolution.com' is set on object 'Object Repository/VLink/Page_CCSale/txt_Email'

2020-12-22 17:48:31 - [MESSAGE][PASSED] - Object 'Object Repository/VLink/Page_CCSale/txt_OrderNumber' is present

2020-12-22 17:48:32 - [MESSAGE][PASSED] - Text '2569362' is set on object 'Object Repository/VLink/Page_CCSale/txt_OrderNumber'

2020-12-22 17:48:32 - [MESSAGE][PASSED] - Object 'Object Repository/VLink/Page_CCSale/txt_TaxAmount' is present

2020-12-22 17:48:33 - [MESSAGE][PASSED] - Text '1.15' is set on object 'Object Repository/VLink/Page_CCSale/txt_TaxAmount'

2020-12-22 17:48:33 - [MESSAGE][PASSED] - Object 'Object Repository/VLink/Page_CCSale/txt_ChargeDescription' is present

2020-12-22 17:48:34 - [MESSAGE][PASSED] - Text 'Charge Description' is set on object 'Object Repository/VLink/Page_CCSale/txt_ChargeDescription'

2020-12-22 17:48:34 - [MESSAGE][PASSED] - Object 'Object Repository/VLink/Page_CCSale/txt_CAN' is present

2020-12-22 17:48:35 - [MESSAGE][PASSED] - Text '147357' is set on object 'Object Repository/VLink/Page_CCSale/txt_CAN'

2020-12-22 17:48:35 - [MESSAGE][PASSED] - Object 'Object Repository/VLink/Page_CCSale/txt_BillPaymentIndicator' is present

2020-12-22 17:48:36 - [MESSAGE][PASSED] - Text '1' is set on object 'Object Repository/VLink/Page_CCSale/txt_BillPaymentIndicator'

2020-12-22 17:48:36 - [MESSAGE][PASSED] - Object 'Object Repository/VLink/Page_CCSale/txt_UDF1' is present

2020-12-22 17:48:37 - [MESSAGE][PASSED] - Text 'UDF Data 1' is set on object 'Object Repository/VLink/Page_CCSale/txt_UDF1'

2020-12-22 17:48:37 - [MESSAGE][PASSED] - Object 'Object Repository/VLink/Page_CCSale/txt_UDF2' is present

2020-12-22 17:48:38 - [MESSAGE][PASSED] - Text 'UDF Data 2' is set on object 'Object Repository/VLink/Page_CCSale/txt_UDF2'

2020-12-22 17:48:38 - [MESSAGE][PASSED] - Object 'Object Repository/VLink/Page_CCSale/txt_UDF3' is present

2020-12-22 17:48:39 - [MESSAGE][PASSED] - Text 'UDF Data 3' is set on object 'Object Repository/VLink/Page_CCSale/txt_UDF3'

2020-12-22 17:48:39 - [MESSAGE][PASSED] - Object 'Object Repository/VLink/Page_CCSale/txt_UDF4' is present

2020-12-22 17:48:40 - [MESSAGE][PASSED] - Text 'UDF Data 4' is set on object 'Object Repository/VLink/Page_CCSale/txt_UDF4'

2020-12-22 17:48:40 - [MESSAGE][PASSED] - Object 'Object Repository/VLink/Page_CCSale/txt_UDF5' is present

2020-12-22 17:48:40 - [MESSAGE][PASSED] - Text 'UDF Data 5' is set on object 'Object Repository/VLink/Page_CCSale/txt_UDF5'

2020-12-22 17:48:41 - [MESSAGE][PASSED] - Object 'Object Repository/VLink/Page_CCSale/txt_UDF6' is present

2020-12-22 17:48:42 - [MESSAGE][PASSED] - Text 'UDF Data 6' is set on object 'Object Repository/VLink/Page_CCSale/txt_UDF6'

2020-12-22 17:48:42 - [MESSAGE][PASSED] - Object 'Object Repository/VLink/Page_CCSale/txt_UDF7' is present

2020-12-22 17:48:43 - [MESSAGE][PASSED] - Text 'UDF Data 7' is set on object 'Object Repository/VLink/Page_CCSale/txt_UDF7'

2020-12-22 17:48:43 - [MESSAGE][PASSED] - Object 'Object Repository/VLink/Page_CCSale/txt_UDF8' is present

2020-12-22 17:48:44 - [MESSAGE][PASSED] - Text 'UDF Data 8' is set on object 'Object Repository/VLink/Page_CCSale/txt_UDF8'

2020-12-22 17:48:44 - [MESSAGE][PASSED] - Object 'Object Repository/VLink/Page_CCSale/txt_UDF9' is present

2020-12-22 17:48:44 - [MESSAGE][PASSED] - Text 'UDF Data 9' is set on object 'Object Repository/VLink/Page_CCSale/txt_UDF9'

2020-12-22 17:48:45 - [MESSAGE][PASSED] - Object 'Object Repository/VLink/Page_CCSale/txt_UDF10' is present

2020-12-22 17:48:46 - [MESSAGE][PASSED] - Text 'UDF Data 10' is set on object 'Object Repository/VLink/Page_CCSale/txt_UDF10'

2020-12-22 17:48:46 - [MESSAGE][PASSED] - Object 'Object Repository/VLink/Page_CCSale/txt_CardOnFileIndicator' is present

2020-12-22 17:48:47 - [MESSAGE][PASSED] - Text '0' is set on object 'Object Repository/VLink/Page_CCSale/txt_CardOnFileIndicator'

2020-12-22 17:48:47 - [MESSAGE][PASSED] - Object 'Object Repository/VLink/Page_CCSale/txt_StoredCredentialIndicator' is present

2020-12-22 17:48:48 - [MESSAGE][PASSED] - Text 'Initial' is set on object 'Object Repository/VLink/Page_CCSale/txt_StoredCredentialIndicator'

2020-12-22 17:48:48 - [MESSAGE][PASSED] - Object 'Object Repository/VLink/Page_CCSale/txt_COFScheduledIndicator' is present

2020-12-22 17:48:49 - [MESSAGE][PASSED] - Text 'Unscheduled' is set on object 'Object Repository/VLink/Page_CCSale/txt_COFScheduledIndicator'

2020-12-22 17:48:49 - [MESSAGE][PASSED] - Object 'Object Repository/VLink/Page_CCSale/txt_COFTransactionInitiatedBy' is present

2020-12-22 17:48:50 - [MESSAGE][PASSED] - Text 'Customer' is set on object 'Object Repository/VLink/Page_CCSale/txt_COFTransactionInitiatedBy'

2020-12-22 17:48:52 - [MESSAGE][PASSED] - Object: 'Object Repository/VLink/Page_CCSale/btn_ProcessVLinkTransaction' is clicked on

2020-12-22 17:48:57 - [MESSAGE][PASSED] - vlinkPages.saleCCPage.setDataSCC is PASSED

2020-12-22 17:48:57 - [TEST_STEP][PASSED] - if (verifyTextPresent("Transaction approved, no errors", true)): null

2020-12-22 17:48:57 - [MESSAGE][PASSED] - Text 'Transaction approved, no errors' is present on page  using regular expression

2020-12-22 17:48:57 - [TEST_STEP][PASSED] - println("Transaction Approved, no errors text is present on the Confirmation page"): null

2020-12-22 17:48:57 - [TEST_STEP][PASSED] - out.println("Pass Record Number: " + row): null

2020-12-22 17:48:57 - [TEST_STEP][PASSED] - sdfo = getText(findTestObject("Object Repository/Page_VLinkReceipt/pre_STX")): Text of object 'Object Repository/Page_VLinkReceipt/pre_STX' is: '<STX>FN7BC4Np0A5r                  12087965            0  Transaction approved, no errors                   0                                                                                  XXOK3940   <ETX>'

2020-12-22 17:48:58 - [MESSAGE][PASSED] - Text of object 'Object Repository/Page_VLinkReceipt/pre_STX' is: '<STX>FN7BC4Np0A5r                  12087965            0  Transaction approved, no errors                   0                                                                                  XXOK3940   <ETX>'

2020-12-22 17:48:58 - [TEST_STEP][PASSED] - out.println("sdfo: " + sdfo): null

2020-12-22 17:48:58 - [TEST_STEP][PASSED] - remID = substring(5, 35).trim(): null

2020-12-22 17:48:58 - [TEST_STEP][PASSED] - out.println("Remittance ID: " + remID): null

2020-12-22 17:48:58 - [TEST_STEP][PASSED] - traxID = substring(35, 55).trim(): null

2020-12-22 17:48:58 - [TEST_STEP][PASSED] - out.println("Transaction ID: " + traxID): null

2020-12-22 17:48:58 - [TEST_STEP][PASSED] - out.println("End Record Number: " + row): null

2020-12-22 17:48:58 - [TEST_STEP][PASSED] - closeBrowser(): Browser is closed

2020-12-22 17:48:58 - [MESSAGE][PASSED] - Browser is closed

2020-12-22 17:48:58 - [TEST_STEP][PASSED] - out.println("Begin Record Number: " + row): null

2020-12-22 17:48:58 - [TEST_STEP][PASSED] - openBrowser(VLinkURL + "authcap.html"): Browser is opened with url: 'https://dev-algorithm.govolution.com/vlinktest/QA/version_2_0/authcap.html'

2020-12-22 17:48:58 - [MESSAGE][INFO] - Starting 'Chrome' driver

2020-12-22 17:48:58 - [MESSAGE][INFO] - User set preference: ['acceptInsecureCerts', 'true']

2020-12-22 17:48:58 - [MESSAGE][INFO] - Action delay is set to 0 milliseconds

2020-12-22 17:49:02 - [MESSAGE][PASSED] - Browser is opened with url: 'https://dev-algorithm.govolution.com/vlinktest/QA/version_2_0/authcap.html'

2020-12-22 17:49:02 - [TEST_STEP][PASSED] - maximizeWindow(): Current window maximized

2020-12-22 17:49:02 - [MESSAGE][PASSED] - Current window maximized

2020-12-22 17:49:02 - [TEST_STEP][PASSED] - vlinkPages.saleCCPage.setDataSCC(row, dataFile): vlinkPages.saleCCPage.setDataSCC is PASSED

2020-12-22 17:49:03 - [MESSAGE][PASSED] - Object 'Object Repository/VLink/Page_CCSale/txt_CardNumber' is present

2020-12-22 17:49:04 - [MESSAGE][PASSED] - Object 'Object Repository/VLink/Page_CCSale/txt_TransactionType' is present

2020-12-22 17:49:04 - [MESSAGE][PASSED] - Text '104' is set on object 'Object Repository/VLink/Page_CCSale/txt_TransactionType'

2020-12-22 17:49:05 - [MESSAGE][PASSED] - Object 'Object Repository/VLink/Page_CCSale/txt_MessageVersion' is present

2020-12-22 17:49:05 - [MESSAGE][PASSED] - Text '2.0C' is set on object 'Object Repository/VLink/Page_CCSale/txt_MessageVersion'

2020-12-22 17:49:06 - [MESSAGE][PASSED] - Object 'Object Repository/VLink/Page_CCSale/txt_RemID' is present

2020-12-22 17:49:06 - [MESSAGE][PASSED] - Text 'Tzq33igHGCxL' is set on object 'Object Repository/VLink/Page_CCSale/txt_RemID'

2020-12-22 17:49:07 - [MESSAGE][PASSED] - Object 'Object Repository/VLink/Page_CCSale/txt_ApplicationId' is present

2020-12-22 17:49:07 - [MESSAGE][PASSED] - Text '665' is set on object 'Object Repository/VLink/Page_CCSale/txt_ApplicationId'

2020-12-22 17:49:08 - [MESSAGE][PASSED] - Object 'Object Repository/VLink/Page_CCSale/txt_Username' is present

2020-12-22 17:49:08 - [MESSAGE][PASSED] - Text 'username' is set on object 'Object Repository/VLink/Page_CCSale/txt_Username'

2020-12-22 17:49:09 - [MESSAGE][PASSED] - Object 'Object Repository/VLink/Page_CCSale/txt_Password' is present

2020-12-22 17:49:09 - [MESSAGE][PASSED] - Text 'password' is set on object 'Object Repository/VLink/Page_CCSale/txt_Password'

2020-12-22 17:49:10 - [MESSAGE][PASSED] - Object 'Object Repository/VLink/Page_CCSale/txt_ResponseFormat' is present

2020-12-22 17:49:10 - [MESSAGE][PASSED] - Text 'fixed_width' is set on object 'Object Repository/VLink/Page_CCSale/txt_ResponseFormat'

2020-12-22 17:49:10 - [MESSAGE][PASSED] - Object 'Object Repository/VLink/Page_CCSale/txt_Category' is present

2020-12-22 17:49:11 - [MESSAGE][PASSED] - Text 'ECOM' is set on object 'Object Repository/VLink/Page_CCSale/txt_Category'

2020-12-22 17:49:11 - [MESSAGE][PASSED] - Object 'Object Repository/VLink/Page_CCSale/txt_TransactionID' is present

2020-12-22 17:49:12 - [MESSAGE][PASSED] - Text '' is set on object 'Object Repository/VLink/Page_CCSale/txt_TransactionID'

2020-12-22 17:49:12 - [MESSAGE][PASSED] - Object 'Object Repository/VLink/Page_CCSale/txt_ApprovalCode' is present

2020-12-22 17:49:13 - [MESSAGE][PASSED] - Text '' is set on object 'Object Repository/VLink/Page_CCSale/txt_ApprovalCode'

2020-12-22 17:49:13 - [MESSAGE][PASSED] - Object 'Object Repository/VLink/Page_CCSale/txt_CardName' is present

2020-12-22 17:49:14 - [MESSAGE][PASSED] - Text 'Roshan Maha' is set on object 'Object Repository/VLink/Page_CCSale/txt_CardName'

2020-12-22 17:49:14 - [MESSAGE][PASSED] - Object 'Object Repository/VLink/Page_CCSale/txt_AL1' is present

2020-12-22 17:49:14 - [MESSAGE][PASSED] - Text '12563 Bazaar road' is set on object 'Object Repository/VLink/Page_CCSale/txt_AL1'

2020-12-22 17:49:15 - [MESSAGE][PASSED] - Object 'Object Repository/VLink/Page_CCSale/txt_AL2' is present

2020-12-22 17:49:15 - [MESSAGE][PASSED] - Text '' is set on object 'Object Repository/VLink/Page_CCSale/txt_AL2'

2020-12-22 17:49:16 - [MESSAGE][PASSED] - Object 'Object Repository/VLink/Page_CCSale/txt_CardCity' is present

2020-12-22 17:49:16 - [MESSAGE][PASSED] - Text 'Crofton' is set on object 'Object Repository/VLink/Page_CCSale/txt_CardCity'

2020-12-22 17:49:17 - [MESSAGE][PASSED] - Object 'Object Repository/VLink/Page_CCSale/txt_CardState' is present

2020-12-22 17:49:17 - [MESSAGE][PASSED] - Text 'MD' is set on object 'Object Repository/VLink/Page_CCSale/txt_CardState'

2020-12-22 17:49:18 - [MESSAGE][PASSED] - Object 'Object Repository/VLink/Page_CCSale/txt_CardZIP' is present

2020-12-22 17:49:18 - [MESSAGE][PASSED] - Text '21114' is set on object 'Object Repository/VLink/Page_CCSale/txt_CardZIP'

2020-12-22 17:49:19 - [MESSAGE][PASSED] - Object 'Object Repository/VLink/Page_CCSale/txt_CountryID' is present

2020-12-22 17:49:19 - [MESSAGE][PASSED] - Text '' is set on object 'Object Repository/VLink/Page_CCSale/txt_CountryID'

2020-12-22 17:49:19 - [MESSAGE][PASSED] - Object 'Object Repository/VLink/Page_CCSale/txt_Amount' is present

2020-12-22 17:49:20 - [MESSAGE][PASSED] - Text '3.50' is set on object 'Object Repository/VLink/Page_CCSale/txt_Amount'

2020-12-22 17:49:20 - [MESSAGE][PASSED] - Object 'Object Repository/VLink/Page_CCSale/txt_CardNumber' is present

2020-12-22 17:49:21 - [MESSAGE][PASSED] - Text '370000000000002' is set on object 'Object Repository/VLink/Page_CCSale/txt_CardNumber'

2020-12-22 17:49:21 - [MESSAGE][PASSED] - Object 'Object Repository/VLink/Page_CCSale/txt_ExpMonth' is present

2020-12-22 17:49:22 - [MESSAGE][PASSED] - Text '01' is set on object 'Object Repository/VLink/Page_CCSale/txt_ExpMonth'

2020-12-22 17:49:22 - [MESSAGE][PASSED] - Object 'Object Repository/VLink/Page_CCSale/txt_ExpYear' is present

2020-12-22 17:49:23 - [MESSAGE][PASSED] - Text '2026' is set on object 'Object Repository/VLink/Page_CCSale/txt_ExpYear'

2020-12-22 17:49:23 - [MESSAGE][PASSED] - Object 'Object Repository/VLink/Page_CCSale/txt_CVV' is present

2020-12-22 17:49:24 - [MESSAGE][PASSED] - Text '' is set on object 'Object Repository/VLink/Page_CCSale/txt_CVV'

2020-12-22 17:49:24 - [MESSAGE][PASSED] - Object 'Object Repository/VLink/Page_CCSale/txt_CVVstate' is present

2020-12-22 17:49:25 - [MESSAGE][PASSED] - Text '' is set on object 'Object Repository/VLink/Page_CCSale/txt_CVVstate'

2020-12-22 17:49:25 - [MESSAGE][PASSED] - Object 'Object Repository/VLink/Page_CCSale/txt_TrackData' is present

2020-12-22 17:49:26 - [MESSAGE][PASSED] - Text '' is set on object 'Object Repository/VLink/Page_CCSale/txt_TrackData'

2020-12-22 17:49:26 - [MESSAGE][PASSED] - Object 'Object Repository/VLink/Page_CCSale/txt_Track1Data' is present

2020-12-22 17:49:27 - [MESSAGE][PASSED] - Text '' is set on object 'Object Repository/VLink/Page_CCSale/txt_Track1Data'

2020-12-22 17:49:27 - [MESSAGE][PASSED] - Object 'Object Repository/VLink/Page_CCSale/txt_Track2Data' is present

2020-12-22 17:49:28 - [MESSAGE][PASSED] - Text '' is set on object 'Object Repository/VLink/Page_CCSale/txt_Track2Data'

2020-12-22 17:49:28 - [MESSAGE][PASSED] - Object 'Object Repository/VLink/Page_CCSale/txt_POSEntryMode' is present

2020-12-22 17:49:29 - [MESSAGE][PASSED] - Text 'manual' is set on object 'Object Repository/VLink/Page_CCSale/txt_POSEntryMode'

2020-12-22 17:49:29 - [MESSAGE][PASSED] - Object 'Object Repository/VLink/Page_CCSale/txt_Email' is present

2020-12-22 17:49:30 - [MESSAGE][PASSED] - Text '' is set on object 'Object Repository/VLink/Page_CCSale/txt_Email'

2020-12-22 17:49:30 - [MESSAGE][PASSED] - Object 'Object Repository/VLink/Page_CCSale/txt_OrderNumber' is present

2020-12-22 17:49:31 - [MESSAGE][PASSED] - Text '' is set on object 'Object Repository/VLink/Page_CCSale/txt_OrderNumber'

2020-12-22 17:49:31 - [MESSAGE][PASSED] - Object 'Object Repository/VLink/Page_CCSale/txt_TaxAmount' is present

2020-12-22 17:49:32 - [MESSAGE][PASSED] - Text '' is set on object 'Object Repository/VLink/Page_CCSale/txt_TaxAmount'

2020-12-22 17:49:32 - [MESSAGE][PASSED] - Object 'Object Repository/VLink/Page_CCSale/txt_ChargeDescription' is present

2020-12-22 17:49:33 - [MESSAGE][PASSED] - Text '' is set on object 'Object Repository/VLink/Page_CCSale/txt_ChargeDescription'

2020-12-22 17:49:33 - [MESSAGE][PASSED] - Object 'Object Repository/VLink/Page_CCSale/txt_CAN' is present

2020-12-22 17:49:34 - [MESSAGE][PASSED] - Text '' is set on object 'Object Repository/VLink/Page_CCSale/txt_CAN'

2020-12-22 17:49:34 - [MESSAGE][PASSED] - Object 'Object Repository/VLink/Page_CCSale/txt_BillPaymentIndicator' is present

2020-12-22 17:49:35 - [MESSAGE][PASSED] - Text '' is set on object 'Object Repository/VLink/Page_CCSale/txt_BillPaymentIndicator'

2020-12-22 17:49:35 - [MESSAGE][PASSED] - Object 'Object Repository/VLink/Page_CCSale/txt_UDF1' is present

2020-12-22 17:49:36 - [MESSAGE][PASSED] - Text '' is set on object 'Object Repository/VLink/Page_CCSale/txt_UDF1'

2020-12-22 17:49:36 - [MESSAGE][PASSED] - Object 'Object Repository/VLink/Page_CCSale/txt_UDF2' is present

2020-12-22 17:49:37 - [MESSAGE][PASSED] - Text '' is set on object 'Object Repository/VLink/Page_CCSale/txt_UDF2'

2020-12-22 17:49:37 - [MESSAGE][PASSED] - Object 'Object Repository/VLink/Page_CCSale/txt_UDF3' is present

2020-12-22 17:49:38 - [MESSAGE][PASSED] - Text '' is set on object 'Object Repository/VLink/Page_CCSale/txt_UDF3'

2020-12-22 17:49:38 - [MESSAGE][PASSED] - Object 'Object Repository/VLink/Page_CCSale/txt_UDF4' is present

2020-12-22 17:49:39 - [MESSAGE][PASSED] - Text '' is set on object 'Object Repository/VLink/Page_CCSale/txt_UDF4'

2020-12-22 17:49:39 - [MESSAGE][PASSED] - Object 'Object Repository/VLink/Page_CCSale/txt_UDF5' is present

2020-12-22 17:49:40 - [MESSAGE][PASSED] - Text '' is set on object 'Object Repository/VLink/Page_CCSale/txt_UDF5'

2020-12-22 17:49:40 - [MESSAGE][PASSED] - Object 'Object Repository/VLink/Page_CCSale/txt_UDF6' is present

2020-12-22 17:49:41 - [MESSAGE][PASSED] - Text '' is set on object 'Object Repository/VLink/Page_CCSale/txt_UDF6'

2020-12-22 17:49:41 - [MESSAGE][PASSED] - Object 'Object Repository/VLink/Page_CCSale/txt_UDF7' is present

2020-12-22 17:49:42 - [MESSAGE][PASSED] - Text '' is set on object 'Object Repository/VLink/Page_CCSale/txt_UDF7'

2020-12-22 17:49:42 - [MESSAGE][PASSED] - Object 'Object Repository/VLink/Page_CCSale/txt_UDF8' is present

2020-12-22 17:49:43 - [MESSAGE][PASSED] - Text '' is set on object 'Object Repository/VLink/Page_CCSale/txt_UDF8'

2020-12-22 17:49:43 - [MESSAGE][PASSED] - Object 'Object Repository/VLink/Page_CCSale/txt_UDF9' is present

2020-12-22 17:49:44 - [MESSAGE][PASSED] - Text '' is set on object 'Object Repository/VLink/Page_CCSale/txt_UDF9'

2020-12-22 17:49:44 - [MESSAGE][PASSED] - Object 'Object Repository/VLink/Page_CCSale/txt_UDF10' is present

2020-12-22 17:49:45 - [MESSAGE][PASSED] - Text '' is set on object 'Object Repository/VLink/Page_CCSale/txt_UDF10'

2020-12-22 17:49:45 - [MESSAGE][PASSED] - Object 'Object Repository/VLink/Page_CCSale/txt_CardOnFileIndicator' is present

2020-12-22 17:49:46 - [MESSAGE][PASSED] - Text '0' is set on object 'Object Repository/VLink/Page_CCSale/txt_CardOnFileIndicator'

2020-12-22 17:49:46 - [MESSAGE][PASSED] - Object 'Object Repository/VLink/Page_CCSale/txt_StoredCredentialIndicator' is present

2020-12-22 17:49:47 - [MESSAGE][PASSED] - Text 'Initial' is set on object 'Object Repository/VLink/Page_CCSale/txt_StoredCredentialIndicator'

2020-12-22 17:49:47 - [MESSAGE][PASSED] - Object 'Object Repository/VLink/Page_CCSale/txt_COFScheduledIndicator' is present

2020-12-22 17:49:48 - [MESSAGE][PASSED] - Text 'Unscheduled' is set on object 'Object Repository/VLink/Page_CCSale/txt_COFScheduledIndicator'

2020-12-22 17:49:48 - [MESSAGE][PASSED] - Object 'Object Repository/VLink/Page_CCSale/txt_COFTransactionInitiatedBy' is present

2020-12-22 17:49:49 - [MESSAGE][PASSED] - Text 'Customer' is set on object 'Object Repository/VLink/Page_CCSale/txt_COFTransactionInitiatedBy'

2020-12-22 17:49:51 - [MESSAGE][PASSED] - Object: 'Object Repository/VLink/Page_CCSale/btn_ProcessVLinkTransaction' is clicked on

2020-12-22 17:49:56 - [MESSAGE][PASSED] - vlinkPages.saleCCPage.setDataSCC is PASSED

2020-12-22 17:49:56 - [TEST_STEP][PASSED] - if (verifyTextPresent("Transaction approved, no errors", true)): null

2020-12-22 17:49:56 - [MESSAGE][PASSED] - Text 'Transaction approved, no errors' is present on page  using regular expression

2020-12-22 17:49:56 - [TEST_STEP][PASSED] - println("Transaction Approved, no errors text is present on the Confirmation page"): null

2020-12-22 17:49:56 - [TEST_STEP][PASSED] - out.println("Pass Record Number: " + row): null

2020-12-22 17:49:56 - [TEST_STEP][PASSED] - sdfo = getText(findTestObject("Object Repository/Page_VLinkReceipt/pre_STX")): Text of object 'Object Repository/Page_VLinkReceipt/pre_STX' is: '<STX>Tzq33igHGCxL                  12087966            0  Transaction approved, no errors                   0                                                                                  X OK4070   <ETX>'

2020-12-22 17:49:57 - [MESSAGE][PASSED] - Text of object 'Object Repository/Page_VLinkReceipt/pre_STX' is: '<STX>Tzq33igHGCxL                  12087966            0  Transaction approved, no errors                   0                                                                                  X OK4070   <ETX>'

2020-12-22 17:49:57 - [TEST_STEP][PASSED] - out.println("sdfo: " + sdfo): null

2020-12-22 17:49:57 - [TEST_STEP][PASSED] - remID = substring(5, 35).trim(): null

2020-12-22 17:49:57 - [TEST_STEP][PASSED] - out.println("Remittance ID: " + remID): null

2020-12-22 17:49:57 - [TEST_STEP][PASSED] - traxID = substring(35, 55).trim(): null

2020-12-22 17:49:57 - [TEST_STEP][PASSED] - out.println("Transaction ID: " + traxID): null

2020-12-22 17:49:57 - [TEST_STEP][PASSED] - out.println("End Record Number: " + row): null

2020-12-22 17:49:57 - [TEST_STEP][PASSED] - closeBrowser(): Browser is closed

2020-12-22 17:49:58 - [MESSAGE][PASSED] - Browser is closed

2020-12-22 17:49:58 - [TEST_STEP][PASSED] - out.println("Begin Record Number: " + row): null

2020-12-22 17:49:58 - [TEST_STEP][PASSED] - openBrowser(VLinkURL + "authcap.html"): Browser is opened with url: 'https://dev-algorithm.govolution.com/vlinktest/QA/version_2_0/authcap.html'

2020-12-22 17:49:58 - [MESSAGE][INFO] - Starting 'Chrome' driver

2020-12-22 17:49:58 - [MESSAGE][INFO] - User set preference: ['acceptInsecureCerts', 'true']

2020-12-22 17:49:58 - [MESSAGE][INFO] - Action delay is set to 0 milliseconds

2020-12-22 17:50:02 - [MESSAGE][PASSED] - Browser is opened with url: 'https://dev-algorithm.govolution.com/vlinktest/QA/version_2_0/authcap.html'

2020-12-22 17:50:02 - [TEST_STEP][PASSED] - maximizeWindow(): Current window maximized

2020-12-22 17:50:02 - [MESSAGE][PASSED] - Current window maximized

2020-12-22 17:50:02 - [TEST_STEP][PASSED] - vlinkPages.saleCCPage.setDataSCC(row, dataFile): vlinkPages.saleCCPage.setDataSCC is PASSED

2020-12-22 17:50:03 - [MESSAGE][PASSED] - Object 'Object Repository/VLink/Page_CCSale/txt_CardNumber' is present

2020-12-22 17:50:04 - [MESSAGE][PASSED] - Object 'Object Repository/VLink/Page_CCSale/txt_TransactionType' is present

2020-12-22 17:50:04 - [MESSAGE][PASSED] - Text '104' is set on object 'Object Repository/VLink/Page_CCSale/txt_TransactionType'

2020-12-22 17:50:04 - [MESSAGE][PASSED] - Object 'Object Repository/VLink/Page_CCSale/txt_MessageVersion' is present

2020-12-22 17:50:05 - [MESSAGE][PASSED] - Text '2.0C' is set on object 'Object Repository/VLink/Page_CCSale/txt_MessageVersion'

2020-12-22 17:50:05 - [MESSAGE][PASSED] - Object 'Object Repository/VLink/Page_CCSale/txt_RemID' is present

2020-12-22 17:50:06 - [MESSAGE][PASSED] - Text '22l0BcuCfXIj' is set on object 'Object Repository/VLink/Page_CCSale/txt_RemID'

2020-12-22 17:50:06 - [MESSAGE][PASSED] - Object 'Object Repository/VLink/Page_CCSale/txt_ApplicationId' is present

2020-12-22 17:50:07 - [MESSAGE][PASSED] - Text '665' is set on object 'Object Repository/VLink/Page_CCSale/txt_ApplicationId'

2020-12-22 17:50:07 - [MESSAGE][PASSED] - Object 'Object Repository/VLink/Page_CCSale/txt_Username' is present

2020-12-22 17:50:08 - [MESSAGE][PASSED] - Text 'username' is set on object 'Object Repository/VLink/Page_CCSale/txt_Username'

2020-12-22 17:50:08 - [MESSAGE][PASSED] - Object 'Object Repository/VLink/Page_CCSale/txt_Password' is present

2020-12-22 17:50:09 - [MESSAGE][PASSED] - Text 'password' is set on object 'Object Repository/VLink/Page_CCSale/txt_Password'

2020-12-22 17:50:09 - [MESSAGE][PASSED] - Object 'Object Repository/VLink/Page_CCSale/txt_ResponseFormat' is present

2020-12-22 17:50:09 - [MESSAGE][PASSED] - Text 'fixed_width' is set on object 'Object Repository/VLink/Page_CCSale/txt_ResponseFormat'

2020-12-22 17:50:10 - [MESSAGE][PASSED] - Object 'Object Repository/VLink/Page_CCSale/txt_Category' is present

2020-12-22 17:50:10 - [MESSAGE][PASSED] - Text 'ECOM' is set on object 'Object Repository/VLink/Page_CCSale/txt_Category'

2020-12-22 17:50:11 - [MESSAGE][PASSED] - Object 'Object Repository/VLink/Page_CCSale/txt_TransactionID' is present

2020-12-22 17:50:11 - [MESSAGE][PASSED] - Text '' is set on object 'Object Repository/VLink/Page_CCSale/txt_TransactionID'

2020-12-22 17:50:11 - [MESSAGE][PASSED] - Object 'Object Repository/VLink/Page_CCSale/txt_ApprovalCode' is present

2020-12-22 17:50:12 - [MESSAGE][PASSED] - Text '' is set on object 'Object Repository/VLink/Page_CCSale/txt_ApprovalCode'

2020-12-22 17:50:12 - [MESSAGE][PASSED] - Object 'Object Repository/VLink/Page_CCSale/txt_CardName' is present

2020-12-22 17:50:13 - [MESSAGE][PASSED] - Text 'Kris Roshan' is set on object 'Object Repository/VLink/Page_CCSale/txt_CardName'

2020-12-22 17:50:13 - [MESSAGE][PASSED] - Object 'Object Repository/VLink/Page_CCSale/txt_AL1' is present

2020-12-22 17:50:14 - [MESSAGE][PASSED] - Text '258 Elm Road' is set on object 'Object Repository/VLink/Page_CCSale/txt_AL1'

2020-12-22 17:50:14 - [MESSAGE][PASSED] - Object 'Object Repository/VLink/Page_CCSale/txt_AL2' is present

2020-12-22 17:50:15 - [MESSAGE][PASSED] - Text 'Suite 56' is set on object 'Object Repository/VLink/Page_CCSale/txt_AL2'

2020-12-22 17:50:15 - [MESSAGE][PASSED] - Object 'Object Repository/VLink/Page_CCSale/txt_CardCity' is present

2020-12-22 17:50:16 - [MESSAGE][PASSED] - Text 'Arlington' is set on object 'Object Repository/VLink/Page_CCSale/txt_CardCity'

2020-12-22 17:50:16 - [MESSAGE][PASSED] - Object 'Object Repository/VLink/Page_CCSale/txt_CardState' is present

2020-12-22 17:50:17 - [MESSAGE][PASSED] - Text 'VA' is set on object 'Object Repository/VLink/Page_CCSale/txt_CardState'

2020-12-22 17:50:17 - [MESSAGE][PASSED] - Object 'Object Repository/VLink/Page_CCSale/txt_CardZIP' is present

2020-12-22 17:50:18 - [MESSAGE][PASSED] - Text '22201' is set on object 'Object Repository/VLink/Page_CCSale/txt_CardZIP'

2020-12-22 17:50:18 - [MESSAGE][PASSED] - Object 'Object Repository/VLink/Page_CCSale/txt_CountryID' is present

2020-12-22 17:50:19 - [MESSAGE][PASSED] - Text '840' is set on object 'Object Repository/VLink/Page_CCSale/txt_CountryID'

2020-12-22 17:50:19 - [MESSAGE][PASSED] - Object 'Object Repository/VLink/Page_CCSale/txt_Amount' is present

2020-12-22 17:50:20 - [MESSAGE][PASSED] - Text '1.50' is set on object 'Object Repository/VLink/Page_CCSale/txt_Amount'

2020-12-22 17:50:20 - [MESSAGE][PASSED] - Object 'Object Repository/VLink/Page_CCSale/txt_CardNumber' is present

2020-12-22 17:50:21 - [MESSAGE][PASSED] - Text '6011000000000004' is set on object 'Object Repository/VLink/Page_CCSale/txt_CardNumber'

2020-12-22 17:50:21 - [MESSAGE][PASSED] - Object 'Object Repository/VLink/Page_CCSale/txt_ExpMonth' is present

2020-12-22 17:50:22 - [MESSAGE][PASSED] - Text '12' is set on object 'Object Repository/VLink/Page_CCSale/txt_ExpMonth'

2020-12-22 17:50:22 - [MESSAGE][PASSED] - Object 'Object Repository/VLink/Page_CCSale/txt_ExpYear' is present

2020-12-22 17:50:23 - [MESSAGE][PASSED] - Text '2025' is set on object 'Object Repository/VLink/Page_CCSale/txt_ExpYear'

2020-12-22 17:50:23 - [MESSAGE][PASSED] - Object 'Object Repository/VLink/Page_CCSale/txt_CVV' is present

2020-12-22 17:50:24 - [MESSAGE][PASSED] - Text '' is set on object 'Object Repository/VLink/Page_CCSale/txt_CVV'

2020-12-22 17:50:24 - [MESSAGE][PASSED] - Object 'Object Repository/VLink/Page_CCSale/txt_CVVstate' is present

2020-12-22 17:50:25 - [MESSAGE][PASSED] - Text '' is set on object 'Object Repository/VLink/Page_CCSale/txt_CVVstate'

2020-12-22 17:50:25 - [MESSAGE][PASSED] - Object 'Object Repository/VLink/Page_CCSale/txt_TrackData' is present

2020-12-22 17:50:26 - [MESSAGE][PASSED] - Text '' is set on object 'Object Repository/VLink/Page_CCSale/txt_TrackData'

2020-12-22 17:50:26 - [MESSAGE][PASSED] - Object 'Object Repository/VLink/Page_CCSale/txt_Track1Data' is present

2020-12-22 17:50:27 - [MESSAGE][PASSED] - Text '' is set on object 'Object Repository/VLink/Page_CCSale/txt_Track1Data'

2020-12-22 17:50:27 - [MESSAGE][PASSED] - Object 'Object Repository/VLink/Page_CCSale/txt_Track2Data' is present

2020-12-22 17:50:28 - [MESSAGE][PASSED] - Text '' is set on object 'Object Repository/VLink/Page_CCSale/txt_Track2Data'

2020-12-22 17:50:28 - [MESSAGE][PASSED] - Object 'Object Repository/VLink/Page_CCSale/txt_POSEntryMode' is present

2020-12-22 17:50:29 - [MESSAGE][PASSED] - Text 'manual' is set on object 'Object Repository/VLink/Page_CCSale/txt_POSEntryMode'

2020-12-22 17:50:29 - [MESSAGE][PASSED] - Object 'Object Repository/VLink/Page_CCSale/txt_Email' is present

2020-12-22 17:50:30 - [MESSAGE][PASSED] - Text 'iahmed@govolution.com' is set on object 'Object Repository/VLink/Page_CCSale/txt_Email'

2020-12-22 17:50:30 - [MESSAGE][PASSED] - Object 'Object Repository/VLink/Page_CCSale/txt_OrderNumber' is present

2020-12-22 17:50:31 - [MESSAGE][PASSED] - Text '2569362' is set on object 'Object Repository/VLink/Page_CCSale/txt_OrderNumber'

2020-12-22 17:50:31 - [MESSAGE][PASSED] - Object 'Object Repository/VLink/Page_CCSale/txt_TaxAmount' is present

2020-12-22 17:50:32 - [MESSAGE][PASSED] - Text '1.15' is set on object 'Object Repository/VLink/Page_CCSale/txt_TaxAmount'

2020-12-22 17:50:32 - [MESSAGE][PASSED] - Object 'Object Repository/VLink/Page_CCSale/txt_ChargeDescription' is present

2020-12-22 17:50:33 - [MESSAGE][PASSED] - Text 'Charge Description' is set on object 'Object Repository/VLink/Page_CCSale/txt_ChargeDescription'

2020-12-22 17:50:33 - [MESSAGE][PASSED] - Object 'Object Repository/VLink/Page_CCSale/txt_CAN' is present

2020-12-22 17:50:34 - [MESSAGE][PASSED] - Text '147357' is set on object 'Object Repository/VLink/Page_CCSale/txt_CAN'

2020-12-22 17:50:34 - [MESSAGE][PASSED] - Object 'Object Repository/VLink/Page_CCSale/txt_BillPaymentIndicator' is present

2020-12-22 17:50:35 - [MESSAGE][PASSED] - Text '1' is set on object 'Object Repository/VLink/Page_CCSale/txt_BillPaymentIndicator'

2020-12-22 17:50:35 - [MESSAGE][PASSED] - Object 'Object Repository/VLink/Page_CCSale/txt_UDF1' is present

2020-12-22 17:50:36 - [MESSAGE][PASSED] - Text 'UDF Data 1' is set on object 'Object Repository/VLink/Page_CCSale/txt_UDF1'

2020-12-22 17:50:36 - [MESSAGE][PASSED] - Object 'Object Repository/VLink/Page_CCSale/txt_UDF2' is present

2020-12-22 17:50:37 - [MESSAGE][PASSED] - Text 'UDF Data 2' is set on object 'Object Repository/VLink/Page_CCSale/txt_UDF2'

2020-12-22 17:50:37 - [MESSAGE][PASSED] - Object 'Object Repository/VLink/Page_CCSale/txt_UDF3' is present

2020-12-22 17:50:38 - [MESSAGE][PASSED] - Text 'UDF Data 3' is set on object 'Object Repository/VLink/Page_CCSale/txt_UDF3'

2020-12-22 17:50:38 - [MESSAGE][PASSED] - Object 'Object Repository/VLink/Page_CCSale/txt_UDF4' is present

2020-12-22 17:50:39 - [MESSAGE][PASSED] - Text 'UDF Data 4' is set on object 'Object Repository/VLink/Page_CCSale/txt_UDF4'

2020-12-22 17:50:39 - [MESSAGE][PASSED] - Object 'Object Repository/VLink/Page_CCSale/txt_UDF5' is present

2020-12-22 17:50:40 - [MESSAGE][PASSED] - Text 'UDF Data 5' is set on object 'Object Repository/VLink/Page_CCSale/txt_UDF5'

2020-12-22 17:50:40 - [MESSAGE][PASSED] - Object 'Object Repository/VLink/Page_CCSale/txt_UDF6' is present

2020-12-22 17:50:41 - [MESSAGE][PASSED] - Text 'UDF Data 6' is set on object 'Object Repository/VLink/Page_CCSale/txt_UDF6'

2020-12-22 17:50:41 - [MESSAGE][PASSED] - Object 'Object Repository/VLink/Page_CCSale/txt_UDF7' is present

2020-12-22 17:50:42 - [MESSAGE][PASSED] - Text 'UDF Data 7' is set on object 'Object Repository/VLink/Page_CCSale/txt_UDF7'

2020-12-22 17:50:42 - [MESSAGE][PASSED] - Object 'Object Repository/VLink/Page_CCSale/txt_UDF8' is present

2020-12-22 17:50:43 - [MESSAGE][PASSED] - Text 'UDF Data 8' is set on object 'Object Repository/VLink/Page_CCSale/txt_UDF8'

2020-12-22 17:50:43 - [MESSAGE][PASSED] - Object 'Object Repository/VLink/Page_CCSale/txt_UDF9' is present

2020-12-22 17:50:44 - [MESSAGE][PASSED] - Text 'UDF Data 9' is set on object 'Object Repository/VLink/Page_CCSale/txt_UDF9'

2020-12-22 17:50:44 - [MESSAGE][PASSED] - Object 'Object Repository/VLink/Page_CCSale/txt_UDF10' is present

2020-12-22 17:50:45 - [MESSAGE][PASSED] - Text 'UDF Data 10' is set on object 'Object Repository/VLink/Page_CCSale/txt_UDF10'

2020-12-22 17:50:45 - [MESSAGE][PASSED] - Object 'Object Repository/VLink/Page_CCSale/txt_CardOnFileIndicator' is present

2020-12-22 17:50:46 - [MESSAGE][PASSED] - Text '0' is set on object 'Object Repository/VLink/Page_CCSale/txt_CardOnFileIndicator'

2020-12-22 17:50:46 - [MESSAGE][PASSED] - Object 'Object Repository/VLink/Page_CCSale/txt_StoredCredentialIndicator' is present

2020-12-22 17:50:47 - [MESSAGE][PASSED] - Text 'Initial' is set on object 'Object Repository/VLink/Page_CCSale/txt_StoredCredentialIndicator'

2020-12-22 17:50:47 - [MESSAGE][PASSED] - Object 'Object Repository/VLink/Page_CCSale/txt_COFScheduledIndicator' is present

2020-12-22 17:50:48 - [MESSAGE][PASSED] - Text 'Unscheduled' is set on object 'Object Repository/VLink/Page_CCSale/txt_COFScheduledIndicator'

2020-12-22 17:50:48 - [MESSAGE][PASSED] - Object 'Object Repository/VLink/Page_CCSale/txt_COFTransactionInitiatedBy' is present

2020-12-22 17:50:49 - [MESSAGE][PASSED] - Text 'Customer' is set on object 'Object Repository/VLink/Page_CCSale/txt_COFTransactionInitiatedBy'

2020-12-22 17:50:52 - [MESSAGE][PASSED] - Object: 'Object Repository/VLink/Page_CCSale/btn_ProcessVLinkTransaction' is clicked on

2020-12-22 17:50:57 - [MESSAGE][PASSED] - vlinkPages.saleCCPage.setDataSCC is PASSED

2020-12-22 17:50:57 - [TEST_STEP][PASSED] - if (verifyTextPresent("Transaction approved, no errors", true)): null

2020-12-22 17:50:57 - [MESSAGE][PASSED] - Text 'Transaction approved, no errors' is present on page  using regular expression

2020-12-22 17:50:57 - [TEST_STEP][PASSED] - println("Transaction Approved, no errors text is present on the Confirmation page"): null

2020-12-22 17:50:57 - [TEST_STEP][PASSED] - out.println("Pass Record Number: " + row): null

2020-12-22 17:50:57 - [TEST_STEP][PASSED] - sdfo = getText(findTestObject("Object Repository/Page_VLinkReceipt/pre_STX")): Text of object 'Object Repository/Page_VLinkReceipt/pre_STX' is: '<STX>22l0BcuCfXIj                  12087967            0  Transaction approved, no errors                   0                                                                                  XXOK4180   <ETX>'

2020-12-22 17:50:57 - [MESSAGE][PASSED] - Text of object 'Object Repository/Page_VLinkReceipt/pre_STX' is: '<STX>22l0BcuCfXIj                  12087967            0  Transaction approved, no errors                   0                                                                                  XXOK4180   <ETX>'

2020-12-22 17:50:57 - [TEST_STEP][PASSED] - out.println("sdfo: " + sdfo): null

2020-12-22 17:50:57 - [TEST_STEP][PASSED] - remID = substring(5, 35).trim(): null

2020-12-22 17:50:57 - [TEST_STEP][PASSED] - out.println("Remittance ID: " + remID): null

2020-12-22 17:50:57 - [TEST_STEP][PASSED] - traxID = substring(35, 55).trim(): null

2020-12-22 17:50:57 - [TEST_STEP][PASSED] - out.println("Transaction ID: " + traxID): null

2020-12-22 17:50:57 - [TEST_STEP][PASSED] - out.println("End Record Number: " + row): null

2020-12-22 17:50:57 - [TEST_STEP][PASSED] - closeBrowser(): Browser is closed

2020-12-22 17:50:58 - [MESSAGE][PASSED] - Browser is closed

2020-12-22 17:50:58 - [TEST_STEP][PASSED] - out.println("Begin Record Number: " + row): null

2020-12-22 17:50:58 - [TEST_STEP][PASSED] - openBrowser(VLinkURL + "authcap.html"): Browser is opened with url: 'https://dev-algorithm.govolution.com/vlinktest/QA/version_2_0/authcap.html'

2020-12-22 17:50:58 - [MESSAGE][INFO] - Starting 'Chrome' driver

2020-12-22 17:50:58 - [MESSAGE][INFO] - User set preference: ['acceptInsecureCerts', 'true']

2020-12-22 17:50:58 - [MESSAGE][INFO] - Action delay is set to 0 milliseconds

2020-12-22 17:51:01 - [MESSAGE][PASSED] - Browser is opened with url: 'https://dev-algorithm.govolution.com/vlinktest/QA/version_2_0/authcap.html'

2020-12-22 17:51:01 - [TEST_STEP][PASSED] - maximizeWindow(): Current window maximized

2020-12-22 17:51:02 - [MESSAGE][PASSED] - Current window maximized

2020-12-22 17:51:02 - [TEST_STEP][PASSED] - vlinkPages.saleCCPage.setDataSCC(row, dataFile): vlinkPages.saleCCPage.setDataSCC is PASSED

2020-12-22 17:51:03 - [MESSAGE][PASSED] - Object 'Object Repository/VLink/Page_CCSale/txt_CardNumber' is present

2020-12-22 17:51:03 - [MESSAGE][PASSED] - Object 'Object Repository/VLink/Page_CCSale/txt_TransactionType' is present

2020-12-22 17:51:04 - [MESSAGE][PASSED] - Text '104' is set on object 'Object Repository/VLink/Page_CCSale/txt_TransactionType'

2020-12-22 17:51:04 - [MESSAGE][PASSED] - Object 'Object Repository/VLink/Page_CCSale/txt_MessageVersion' is present

2020-12-22 17:51:05 - [MESSAGE][PASSED] - Text '2.0C' is set on object 'Object Repository/VLink/Page_CCSale/txt_MessageVersion'

2020-12-22 17:51:05 - [MESSAGE][PASSED] - Object 'Object Repository/VLink/Page_CCSale/txt_RemID' is present

2020-12-22 17:51:06 - [MESSAGE][PASSED] - Text '4P5gCyz1X8lt' is set on object 'Object Repository/VLink/Page_CCSale/txt_RemID'

2020-12-22 17:51:06 - [MESSAGE][PASSED] - Object 'Object Repository/VLink/Page_CCSale/txt_ApplicationId' is present

2020-12-22 17:51:06 - [MESSAGE][PASSED] - Text '665' is set on object 'Object Repository/VLink/Page_CCSale/txt_ApplicationId'

2020-12-22 17:51:07 - [MESSAGE][PASSED] - Object 'Object Repository/VLink/Page_CCSale/txt_Username' is present

2020-12-22 17:51:07 - [MESSAGE][PASSED] - Text 'username' is set on object 'Object Repository/VLink/Page_CCSale/txt_Username'

2020-12-22 17:51:08 - [MESSAGE][PASSED] - Object 'Object Repository/VLink/Page_CCSale/txt_Password' is present

2020-12-22 17:51:08 - [MESSAGE][PASSED] - Text 'password' is set on object 'Object Repository/VLink/Page_CCSale/txt_Password'

2020-12-22 17:51:08 - [MESSAGE][PASSED] - Object 'Object Repository/VLink/Page_CCSale/txt_ResponseFormat' is present

2020-12-22 17:51:09 - [MESSAGE][PASSED] - Text 'fixed_width' is set on object 'Object Repository/VLink/Page_CCSale/txt_ResponseFormat'

2020-12-22 17:51:09 - [MESSAGE][PASSED] - Object 'Object Repository/VLink/Page_CCSale/txt_Category' is present

2020-12-22 17:51:10 - [MESSAGE][PASSED] - Text 'MOTO' is set on object 'Object Repository/VLink/Page_CCSale/txt_Category'

2020-12-22 17:51:10 - [MESSAGE][PASSED] - Object 'Object Repository/VLink/Page_CCSale/txt_TransactionID' is present

2020-12-22 17:51:11 - [MESSAGE][PASSED] - Text '' is set on object 'Object Repository/VLink/Page_CCSale/txt_TransactionID'

2020-12-22 17:51:11 - [MESSAGE][PASSED] - Object 'Object Repository/VLink/Page_CCSale/txt_ApprovalCode' is present

2020-12-22 17:51:12 - [MESSAGE][PASSED] - Text '' is set on object 'Object Repository/VLink/Page_CCSale/txt_ApprovalCode'

2020-12-22 17:51:12 - [MESSAGE][PASSED] - Object 'Object Repository/VLink/Page_CCSale/txt_CardName' is present

2020-12-22 17:51:13 - [MESSAGE][PASSED] - Text 'Roshan Maha' is set on object 'Object Repository/VLink/Page_CCSale/txt_CardName'

2020-12-22 17:51:13 - [MESSAGE][PASSED] - Object 'Object Repository/VLink/Page_CCSale/txt_AL1' is present

2020-12-22 17:51:14 - [MESSAGE][PASSED] - Text '12563 Bazaar road' is set on object 'Object Repository/VLink/Page_CCSale/txt_AL1'

2020-12-22 17:51:14 - [MESSAGE][PASSED] - Object 'Object Repository/VLink/Page_CCSale/txt_AL2' is present

2020-12-22 17:51:14 - [MESSAGE][PASSED] - Text '' is set on object 'Object Repository/VLink/Page_CCSale/txt_AL2'

2020-12-22 17:51:15 - [MESSAGE][PASSED] - Object 'Object Repository/VLink/Page_CCSale/txt_CardCity' is present

2020-12-22 17:51:15 - [MESSAGE][PASSED] - Text 'Crofton' is set on object 'Object Repository/VLink/Page_CCSale/txt_CardCity'

2020-12-22 17:51:16 - [MESSAGE][PASSED] - Object 'Object Repository/VLink/Page_CCSale/txt_CardState' is present

2020-12-22 17:51:16 - [MESSAGE][PASSED] - Text 'MD' is set on object 'Object Repository/VLink/Page_CCSale/txt_CardState'

2020-12-22 17:51:17 - [MESSAGE][PASSED] - Object 'Object Repository/VLink/Page_CCSale/txt_CardZIP' is present

2020-12-22 17:51:17 - [MESSAGE][PASSED] - Text '21114' is set on object 'Object Repository/VLink/Page_CCSale/txt_CardZIP'

2020-12-22 17:51:18 - [MESSAGE][PASSED] - Object 'Object Repository/VLink/Page_CCSale/txt_CountryID' is present

2020-12-22 17:51:18 - [MESSAGE][PASSED] - Text '' is set on object 'Object Repository/VLink/Page_CCSale/txt_CountryID'

2020-12-22 17:51:19 - [MESSAGE][PASSED] - Object 'Object Repository/VLink/Page_CCSale/txt_Amount' is present

2020-12-22 17:51:19 - [MESSAGE][PASSED] - Text '3.50' is set on object 'Object Repository/VLink/Page_CCSale/txt_Amount'

2020-12-22 17:51:20 - [MESSAGE][PASSED] - Object 'Object Repository/VLink/Page_CCSale/txt_CardNumber' is present

2020-12-22 17:51:20 - [MESSAGE][PASSED] - Text '4111111111111111' is set on object 'Object Repository/VLink/Page_CCSale/txt_CardNumber'

2020-12-22 17:51:20 - [MESSAGE][PASSED] - Object 'Object Repository/VLink/Page_CCSale/txt_ExpMonth' is present

2020-12-22 17:51:21 - [MESSAGE][PASSED] - Text '01' is set on object 'Object Repository/VLink/Page_CCSale/txt_ExpMonth'

2020-12-22 17:51:21 - [MESSAGE][PASSED] - Object 'Object Repository/VLink/Page_CCSale/txt_ExpYear' is present

2020-12-22 17:51:22 - [MESSAGE][PASSED] - Text '2026' is set on object 'Object Repository/VLink/Page_CCSale/txt_ExpYear'

2020-12-22 17:51:22 - [MESSAGE][PASSED] - Object 'Object Repository/VLink/Page_CCSale/txt_CVV' is present

2020-12-22 17:51:23 - [MESSAGE][PASSED] - Text '' is set on object 'Object Repository/VLink/Page_CCSale/txt_CVV'

2020-12-22 17:51:23 - [MESSAGE][PASSED] - Object 'Object Repository/VLink/Page_CCSale/txt_CVVstate' is present

2020-12-22 17:51:24 - [MESSAGE][PASSED] - Text '' is set on object 'Object Repository/VLink/Page_CCSale/txt_CVVstate'

2020-12-22 17:51:24 - [MESSAGE][PASSED] - Object 'Object Repository/VLink/Page_CCSale/txt_TrackData' is present

2020-12-22 17:51:25 - [MESSAGE][PASSED] - Text '' is set on object 'Object Repository/VLink/Page_CCSale/txt_TrackData'

2020-12-22 17:51:25 - [MESSAGE][PASSED] - Object 'Object Repository/VLink/Page_CCSale/txt_Track1Data' is present

2020-12-22 17:51:26 - [MESSAGE][PASSED] - Text '' is set on object 'Object Repository/VLink/Page_CCSale/txt_Track1Data'

2020-12-22 17:51:26 - [MESSAGE][PASSED] - Object 'Object Repository/VLink/Page_CCSale/txt_Track2Data' is present

2020-12-22 17:51:27 - [MESSAGE][PASSED] - Text '' is set on object 'Object Repository/VLink/Page_CCSale/txt_Track2Data'

2020-12-22 17:51:27 - [MESSAGE][PASSED] - Object 'Object Repository/VLink/Page_CCSale/txt_POSEntryMode' is present

2020-12-22 17:51:28 - [MESSAGE][PASSED] - Text 'manual' is set on object 'Object Repository/VLink/Page_CCSale/txt_POSEntryMode'

2020-12-22 17:51:28 - [MESSAGE][PASSED] - Object 'Object Repository/VLink/Page_CCSale/txt_Email' is present

2020-12-22 17:51:29 - [MESSAGE][PASSED] - Text '' is set on object 'Object Repository/VLink/Page_CCSale/txt_Email'

2020-12-22 17:51:29 - [MESSAGE][PASSED] - Object 'Object Repository/VLink/Page_CCSale/txt_OrderNumber' is present

2020-12-22 17:51:30 - [MESSAGE][PASSED] - Text '' is set on object 'Object Repository/VLink/Page_CCSale/txt_OrderNumber'

2020-12-22 17:51:30 - [MESSAGE][PASSED] - Object 'Object Repository/VLink/Page_CCSale/txt_TaxAmount' is present

2020-12-22 17:51:31 - [MESSAGE][PASSED] - Text '' is set on object 'Object Repository/VLink/Page_CCSale/txt_TaxAmount'

2020-12-22 17:51:31 - [MESSAGE][PASSED] - Object 'Object Repository/VLink/Page_CCSale/txt_ChargeDescription' is present

2020-12-22 17:51:32 - [MESSAGE][PASSED] - Text '' is set on object 'Object Repository/VLink/Page_CCSale/txt_ChargeDescription'

2020-12-22 17:51:32 - [MESSAGE][PASSED] - Object 'Object Repository/VLink/Page_CCSale/txt_CAN' is present

2020-12-22 17:51:33 - [MESSAGE][PASSED] - Text '' is set on object 'Object Repository/VLink/Page_CCSale/txt_CAN'

2020-12-22 17:51:33 - [MESSAGE][PASSED] - Object 'Object Repository/VLink/Page_CCSale/txt_BillPaymentIndicator' is present

2020-12-22 17:51:34 - [MESSAGE][PASSED] - Text '' is set on object 'Object Repository/VLink/Page_CCSale/txt_BillPaymentIndicator'

2020-12-22 17:51:34 - [MESSAGE][PASSED] - Object 'Object Repository/VLink/Page_CCSale/txt_UDF1' is present

2020-12-22 17:51:35 - [MESSAGE][PASSED] - Text '' is set on object 'Object Repository/VLink/Page_CCSale/txt_UDF1'

2020-12-22 17:51:35 - [MESSAGE][PASSED] - Object 'Object Repository/VLink/Page_CCSale/txt_UDF2' is present

2020-12-22 17:51:36 - [MESSAGE][PASSED] - Text '' is set on object 'Object Repository/VLink/Page_CCSale/txt_UDF2'

2020-12-22 17:51:36 - [MESSAGE][PASSED] - Object 'Object Repository/VLink/Page_CCSale/txt_UDF3' is present

2020-12-22 17:51:37 - [MESSAGE][PASSED] - Text '' is set on object 'Object Repository/VLink/Page_CCSale/txt_UDF3'

2020-12-22 17:51:37 - [MESSAGE][PASSED] - Object 'Object Repository/VLink/Page_CCSale/txt_UDF4' is present

2020-12-22 17:51:38 - [MESSAGE][PASSED] - Text '' is set on object 'Object Repository/VLink/Page_CCSale/txt_UDF4'

2020-12-22 17:51:38 - [MESSAGE][PASSED] - Object 'Object Repository/VLink/Page_CCSale/txt_UDF5' is present

2020-12-22 17:51:39 - [MESSAGE][PASSED] - Text '' is set on object 'Object Repository/VLink/Page_CCSale/txt_UDF5'

2020-12-22 17:51:39 - [MESSAGE][PASSED] - Object 'Object Repository/VLink/Page_CCSale/txt_UDF6' is present

2020-12-22 17:51:40 - [MESSAGE][PASSED] - Text '' is set on object 'Object Repository/VLink/Page_CCSale/txt_UDF6'

2020-12-22 17:51:40 - [MESSAGE][PASSED] - Object 'Object Repository/VLink/Page_CCSale/txt_UDF7' is present

2020-12-22 17:51:41 - [MESSAGE][PASSED] - Text '' is set on object 'Object Repository/VLink/Page_CCSale/txt_UDF7'

2020-12-22 17:51:41 - [MESSAGE][PASSED] - Object 'Object Repository/VLink/Page_CCSale/txt_UDF8' is present

2020-12-22 17:51:42 - [MESSAGE][PASSED] - Text '' is set on object 'Object Repository/VLink/Page_CCSale/txt_UDF8'

2020-12-22 17:51:42 - [MESSAGE][PASSED] - Object 'Object Repository/VLink/Page_CCSale/txt_UDF9' is present

2020-12-22 17:51:43 - [MESSAGE][PASSED] - Text '' is set on object 'Object Repository/VLink/Page_CCSale/txt_UDF9'

2020-12-22 17:51:43 - [MESSAGE][PASSED] - Object 'Object Repository/VLink/Page_CCSale/txt_UDF10' is present

2020-12-22 17:51:44 - [MESSAGE][PASSED] - Text '' is set on object 'Object Repository/VLink/Page_CCSale/txt_UDF10'

2020-12-22 17:51:44 - [MESSAGE][PASSED] - Object 'Object Repository/VLink/Page_CCSale/txt_CardOnFileIndicator' is present

2020-12-22 17:51:45 - [MESSAGE][PASSED] - Text '0' is set on object 'Object Repository/VLink/Page_CCSale/txt_CardOnFileIndicator'

2020-12-22 17:51:45 - [MESSAGE][PASSED] - Object 'Object Repository/VLink/Page_CCSale/txt_StoredCredentialIndicator' is present

2020-12-22 17:51:46 - [MESSAGE][PASSED] - Text 'Initial' is set on object 'Object Repository/VLink/Page_CCSale/txt_StoredCredentialIndicator'

2020-12-22 17:51:46 - [MESSAGE][PASSED] - Object 'Object Repository/VLink/Page_CCSale/txt_COFScheduledIndicator' is present

2020-12-22 17:51:47 - [MESSAGE][PASSED] - Text 'Unscheduled' is set on object 'Object Repository/VLink/Page_CCSale/txt_COFScheduledIndicator'

2020-12-22 17:51:47 - [MESSAGE][PASSED] - Object 'Object Repository/VLink/Page_CCSale/txt_COFTransactionInitiatedBy' is present

2020-12-22 17:51:48 - [MESSAGE][PASSED] - Text 'Customer' is set on object 'Object Repository/VLink/Page_CCSale/txt_COFTransactionInitiatedBy'

2020-12-22 17:51:50 - [MESSAGE][PASSED] - Object: 'Object Repository/VLink/Page_CCSale/btn_ProcessVLinkTransaction' is clicked on

2020-12-22 17:51:55 - [MESSAGE][PASSED] - vlinkPages.saleCCPage.setDataSCC is PASSED

2020-12-22 17:51:55 - [TEST_STEP][PASSED] - if (verifyTextPresent("Transaction approved, no errors", true)): null

2020-12-22 17:51:55 - [MESSAGE][PASSED] - Text 'Transaction approved, no errors' is present on page  using regular expression

2020-12-22 17:51:55 - [TEST_STEP][PASSED] - println("Transaction Approved, no errors text is present on the Confirmation page"): null

2020-12-22 17:51:55 - [TEST_STEP][PASSED] - out.println("Pass Record Number: " + row): null

2020-12-22 17:51:55 - [TEST_STEP][PASSED] - sdfo = getText(findTestObject("Object Repository/Page_VLinkReceipt/pre_STX")): Text of object 'Object Repository/Page_VLinkReceipt/pre_STX' is: '<STX>4P5gCyz1X8lt                  12087968            0  Transaction approved, no errors                   0                                                                                  XXOK4280   <ETX>'

2020-12-22 17:51:56 - [MESSAGE][PASSED] - Text of object 'Object Repository/Page_VLinkReceipt/pre_STX' is: '<STX>4P5gCyz1X8lt                  12087968            0  Transaction approved, no errors                   0                                                                                  XXOK4280   <ETX>'

2020-12-22 17:51:56 - [TEST_STEP][PASSED] - out.println("sdfo: " + sdfo): null

2020-12-22 17:51:56 - [TEST_STEP][PASSED] - remID = substring(5, 35).trim(): null

2020-12-22 17:51:56 - [TEST_STEP][PASSED] - out.println("Remittance ID: " + remID): null

2020-12-22 17:51:56 - [TEST_STEP][PASSED] - traxID = substring(35, 55).trim(): null

2020-12-22 17:51:56 - [TEST_STEP][PASSED] - out.println("Transaction ID: " + traxID): null

2020-12-22 17:51:56 - [TEST_STEP][PASSED] - out.println("End Record Number: " + row): null

2020-12-22 17:51:56 - [TEST_STEP][PASSED] - closeBrowser(): Browser is closed

2020-12-22 17:51:56 - [MESSAGE][PASSED] - Browser is closed

2020-12-22 17:51:56 - [TEST_STEP][PASSED] - out.println("Begin Record Number: " + row): null

2020-12-22 17:51:56 - [TEST_STEP][PASSED] - openBrowser(VLinkURL + "authcap.html"): Browser is opened with url: 'https://dev-algorithm.govolution.com/vlinktest/QA/version_2_0/authcap.html'

2020-12-22 17:51:56 - [MESSAGE][INFO] - Starting 'Chrome' driver

2020-12-22 17:51:56 - [MESSAGE][INFO] - User set preference: ['acceptInsecureCerts', 'true']

2020-12-22 17:51:56 - [MESSAGE][INFO] - Action delay is set to 0 milliseconds

2020-12-22 17:52:01 - [MESSAGE][PASSED] - Browser is opened with url: 'https://dev-algorithm.govolution.com/vlinktest/QA/version_2_0/authcap.html'

2020-12-22 17:52:01 - [TEST_STEP][PASSED] - maximizeWindow(): Current window maximized

2020-12-22 17:52:01 - [MESSAGE][PASSED] - Current window maximized

2020-12-22 17:52:01 - [TEST_STEP][PASSED] - vlinkPages.saleCCPage.setDataSCC(row, dataFile): vlinkPages.saleCCPage.setDataSCC is PASSED

2020-12-22 17:52:02 - [MESSAGE][PASSED] - Object 'Object Repository/VLink/Page_CCSale/txt_CardNumber' is present

2020-12-22 17:52:02 - [MESSAGE][PASSED] - Object 'Object Repository/VLink/Page_CCSale/txt_TransactionType' is present

2020-12-22 17:52:03 - [MESSAGE][PASSED] - Text '104' is set on object 'Object Repository/VLink/Page_CCSale/txt_TransactionType'

2020-12-22 17:52:03 - [MESSAGE][PASSED] - Object 'Object Repository/VLink/Page_CCSale/txt_MessageVersion' is present

2020-12-22 17:52:04 - [MESSAGE][PASSED] - Text '2.0C' is set on object 'Object Repository/VLink/Page_CCSale/txt_MessageVersion'

2020-12-22 17:52:04 - [MESSAGE][PASSED] - Object 'Object Repository/VLink/Page_CCSale/txt_RemID' is present

2020-12-22 17:52:05 - [MESSAGE][PASSED] - Text 'yUJlWpIgfqtn' is set on object 'Object Repository/VLink/Page_CCSale/txt_RemID'

2020-12-22 17:52:05 - [MESSAGE][PASSED] - Object 'Object Repository/VLink/Page_CCSale/txt_ApplicationId' is present

2020-12-22 17:52:06 - [MESSAGE][PASSED] - Text '665' is set on object 'Object Repository/VLink/Page_CCSale/txt_ApplicationId'

2020-12-22 17:52:06 - [MESSAGE][PASSED] - Object 'Object Repository/VLink/Page_CCSale/txt_Username' is present

2020-12-22 17:52:07 - [MESSAGE][PASSED] - Text 'username' is set on object 'Object Repository/VLink/Page_CCSale/txt_Username'

2020-12-22 17:52:07 - [MESSAGE][PASSED] - Object 'Object Repository/VLink/Page_CCSale/txt_Password' is present

2020-12-22 17:52:07 - [MESSAGE][PASSED] - Text 'password' is set on object 'Object Repository/VLink/Page_CCSale/txt_Password'

2020-12-22 17:52:08 - [MESSAGE][PASSED] - Object 'Object Repository/VLink/Page_CCSale/txt_ResponseFormat' is present

2020-12-22 17:52:08 - [MESSAGE][PASSED] - Text 'fixed_width' is set on object 'Object Repository/VLink/Page_CCSale/txt_ResponseFormat'

2020-12-22 17:52:09 - [MESSAGE][PASSED] - Object 'Object Repository/VLink/Page_CCSale/txt_Category' is present

2020-12-22 17:52:09 - [MESSAGE][PASSED] - Text 'MOTO' is set on object 'Object Repository/VLink/Page_CCSale/txt_Category'

2020-12-22 17:52:09 - [MESSAGE][PASSED] - Object 'Object Repository/VLink/Page_CCSale/txt_TransactionID' is present

2020-12-22 17:52:10 - [MESSAGE][PASSED] - Text '' is set on object 'Object Repository/VLink/Page_CCSale/txt_TransactionID'

2020-12-22 17:52:10 - [MESSAGE][PASSED] - Object 'Object Repository/VLink/Page_CCSale/txt_ApprovalCode' is present

2020-12-22 17:52:11 - [MESSAGE][PASSED] - Text '' is set on object 'Object Repository/VLink/Page_CCSale/txt_ApprovalCode'

2020-12-22 17:52:11 - [MESSAGE][PASSED] - Object 'Object Repository/VLink/Page_CCSale/txt_CardName' is present

2020-12-22 17:52:12 - [MESSAGE][PASSED] - Text 'Kris Roshan' is set on object 'Object Repository/VLink/Page_CCSale/txt_CardName'

2020-12-22 17:52:12 - [MESSAGE][PASSED] - Object 'Object Repository/VLink/Page_CCSale/txt_AL1' is present

2020-12-22 17:52:13 - [MESSAGE][PASSED] - Text '258 Elm Road' is set on object 'Object Repository/VLink/Page_CCSale/txt_AL1'

2020-12-22 17:52:13 - [MESSAGE][PASSED] - Object 'Object Repository/VLink/Page_CCSale/txt_AL2' is present

2020-12-22 17:52:14 - [MESSAGE][PASSED] - Text 'Suite 56' is set on object 'Object Repository/VLink/Page_CCSale/txt_AL2'

2020-12-22 17:52:14 - [MESSAGE][PASSED] - Object 'Object Repository/VLink/Page_CCSale/txt_CardCity' is present

2020-12-22 17:52:15 - [MESSAGE][PASSED] - Text 'Arlington' is set on object 'Object Repository/VLink/Page_CCSale/txt_CardCity'

2020-12-22 17:52:15 - [MESSAGE][PASSED] - Object 'Object Repository/VLink/Page_CCSale/txt_CardState' is present

2020-12-22 17:52:16 - [MESSAGE][PASSED] - Text 'VA' is set on object 'Object Repository/VLink/Page_CCSale/txt_CardState'

2020-12-22 17:52:16 - [MESSAGE][PASSED] - Object 'Object Repository/VLink/Page_CCSale/txt_CardZIP' is present

2020-12-22 17:52:17 - [MESSAGE][PASSED] - Text '22201' is set on object 'Object Repository/VLink/Page_CCSale/txt_CardZIP'

2020-12-22 17:52:17 - [MESSAGE][PASSED] - Object 'Object Repository/VLink/Page_CCSale/txt_CountryID' is present

2020-12-22 17:52:18 - [MESSAGE][PASSED] - Text '840' is set on object 'Object Repository/VLink/Page_CCSale/txt_CountryID'

2020-12-22 17:52:18 - [MESSAGE][PASSED] - Object 'Object Repository/VLink/Page_CCSale/txt_Amount' is present

2020-12-22 17:52:19 - [MESSAGE][PASSED] - Text '1.50' is set on object 'Object Repository/VLink/Page_CCSale/txt_Amount'

2020-12-22 17:52:19 - [MESSAGE][PASSED] - Object 'Object Repository/VLink/Page_CCSale/txt_CardNumber' is present

2020-12-22 17:52:20 - [MESSAGE][PASSED] - Text '5424000000000015' is set on object 'Object Repository/VLink/Page_CCSale/txt_CardNumber'

2020-12-22 17:52:20 - [MESSAGE][PASSED] - Object 'Object Repository/VLink/Page_CCSale/txt_ExpMonth' is present

2020-12-22 17:52:21 - [MESSAGE][PASSED] - Text '12' is set on object 'Object Repository/VLink/Page_CCSale/txt_ExpMonth'

2020-12-22 17:52:21 - [MESSAGE][PASSED] - Object 'Object Repository/VLink/Page_CCSale/txt_ExpYear' is present

2020-12-22 17:52:22 - [MESSAGE][PASSED] - Text '2025' is set on object 'Object Repository/VLink/Page_CCSale/txt_ExpYear'

2020-12-22 17:52:22 - [MESSAGE][PASSED] - Object 'Object Repository/VLink/Page_CCSale/txt_CVV' is present

2020-12-22 17:52:23 - [MESSAGE][PASSED] - Text '' is set on object 'Object Repository/VLink/Page_CCSale/txt_CVV'

2020-12-22 17:52:23 - [MESSAGE][PASSED] - Object 'Object Repository/VLink/Page_CCSale/txt_CVVstate' is present

2020-12-22 17:52:24 - [MESSAGE][PASSED] - Text '' is set on object 'Object Repository/VLink/Page_CCSale/txt_CVVstate'

2020-12-22 17:52:24 - [MESSAGE][PASSED] - Object 'Object Repository/VLink/Page_CCSale/txt_TrackData' is present

2020-12-22 17:52:25 - [MESSAGE][PASSED] - Text '' is set on object 'Object Repository/VLink/Page_CCSale/txt_TrackData'

2020-12-22 17:52:25 - [MESSAGE][PASSED] - Object 'Object Repository/VLink/Page_CCSale/txt_Track1Data' is present

2020-12-22 17:52:26 - [MESSAGE][PASSED] - Text '' is set on object 'Object Repository/VLink/Page_CCSale/txt_Track1Data'

2020-12-22 17:52:26 - [MESSAGE][PASSED] - Object 'Object Repository/VLink/Page_CCSale/txt_Track2Data' is present

2020-12-22 17:52:27 - [MESSAGE][PASSED] - Text '' is set on object 'Object Repository/VLink/Page_CCSale/txt_Track2Data'

2020-12-22 17:52:27 - [MESSAGE][PASSED] - Object 'Object Repository/VLink/Page_CCSale/txt_POSEntryMode' is present

2020-12-22 17:52:28 - [MESSAGE][PASSED] - Text 'manual' is set on object 'Object Repository/VLink/Page_CCSale/txt_POSEntryMode'

2020-12-22 17:52:28 - [MESSAGE][PASSED] - Object 'Object Repository/VLink/Page_CCSale/txt_Email' is present

2020-12-22 17:52:29 - [MESSAGE][PASSED] - Text 'iahmed@govolution.com' is set on object 'Object Repository/VLink/Page_CCSale/txt_Email'

2020-12-22 17:52:29 - [MESSAGE][PASSED] - Object 'Object Repository/VLink/Page_CCSale/txt_OrderNumber' is present

2020-12-22 17:52:30 - [MESSAGE][PASSED] - Text '2569362' is set on object 'Object Repository/VLink/Page_CCSale/txt_OrderNumber'

2020-12-22 17:52:30 - [MESSAGE][PASSED] - Object 'Object Repository/VLink/Page_CCSale/txt_TaxAmount' is present

2020-12-22 17:52:31 - [MESSAGE][PASSED] - Text '1.15' is set on object 'Object Repository/VLink/Page_CCSale/txt_TaxAmount'

2020-12-22 17:52:31 - [MESSAGE][PASSED] - Object 'Object Repository/VLink/Page_CCSale/txt_ChargeDescription' is present

2020-12-22 17:52:32 - [MESSAGE][PASSED] - Text 'Charge Description' is set on object 'Object Repository/VLink/Page_CCSale/txt_ChargeDescription'

2020-12-22 17:52:32 - [MESSAGE][PASSED] - Object 'Object Repository/VLink/Page_CCSale/txt_CAN' is present

2020-12-22 17:52:33 - [MESSAGE][PASSED] - Text '147357' is set on object 'Object Repository/VLink/Page_CCSale/txt_CAN'

2020-12-22 17:52:33 - [MESSAGE][PASSED] - Object 'Object Repository/VLink/Page_CCSale/txt_BillPaymentIndicator' is present

2020-12-22 17:52:34 - [MESSAGE][PASSED] - Text '1' is set on object 'Object Repository/VLink/Page_CCSale/txt_BillPaymentIndicator'

2020-12-22 17:52:34 - [MESSAGE][PASSED] - Object 'Object Repository/VLink/Page_CCSale/txt_UDF1' is present

2020-12-22 17:52:35 - [MESSAGE][PASSED] - Text 'UDF Data 1' is set on object 'Object Repository/VLink/Page_CCSale/txt_UDF1'

2020-12-22 17:52:35 - [MESSAGE][PASSED] - Object 'Object Repository/VLink/Page_CCSale/txt_UDF2' is present

2020-12-22 17:52:36 - [MESSAGE][PASSED] - Text 'UDF Data 2' is set on object 'Object Repository/VLink/Page_CCSale/txt_UDF2'

2020-12-22 17:52:36 - [MESSAGE][PASSED] - Object 'Object Repository/VLink/Page_CCSale/txt_UDF3' is present

2020-12-22 17:52:37 - [MESSAGE][PASSED] - Text 'UDF Data 3' is set on object 'Object Repository/VLink/Page_CCSale/txt_UDF3'

2020-12-22 17:52:37 - [MESSAGE][PASSED] - Object 'Object Repository/VLink/Page_CCSale/txt_UDF4' is present

2020-12-22 17:52:38 - [MESSAGE][PASSED] - Text 'UDF Data 4' is set on object 'Object Repository/VLink/Page_CCSale/txt_UDF4'

2020-12-22 17:52:38 - [MESSAGE][PASSED] - Object 'Object Repository/VLink/Page_CCSale/txt_UDF5' is present

2020-12-22 17:52:39 - [MESSAGE][PASSED] - Text 'UDF Data 5' is set on object 'Object Repository/VLink/Page_CCSale/txt_UDF5'

2020-12-22 17:52:39 - [MESSAGE][PASSED] - Object 'Object Repository/VLink/Page_CCSale/txt_UDF6' is present

2020-12-22 17:52:40 - [MESSAGE][PASSED] - Text 'UDF Data 6' is set on object 'Object Repository/VLink/Page_CCSale/txt_UDF6'

2020-12-22 17:52:40 - [MESSAGE][PASSED] - Object 'Object Repository/VLink/Page_CCSale/txt_UDF7' is present

2020-12-22 17:52:41 - [MESSAGE][PASSED] - Text 'UDF Data 7' is set on object 'Object Repository/VLink/Page_CCSale/txt_UDF7'

2020-12-22 17:52:41 - [MESSAGE][PASSED] - Object 'Object Repository/VLink/Page_CCSale/txt_UDF8' is present

2020-12-22 17:52:42 - [MESSAGE][PASSED] - Text 'UDF Data 8' is set on object 'Object Repository/VLink/Page_CCSale/txt_UDF8'

2020-12-22 17:52:42 - [MESSAGE][PASSED] - Object 'Object Repository/VLink/Page_CCSale/txt_UDF9' is present

2020-12-22 17:52:43 - [MESSAGE][PASSED] - Text 'UDF Data 9' is set on object 'Object Repository/VLink/Page_CCSale/txt_UDF9'

2020-12-22 17:52:43 - [MESSAGE][PASSED] - Object 'Object Repository/VLink/Page_CCSale/txt_UDF10' is present

2020-12-22 17:52:44 - [MESSAGE][PASSED] - Text 'UDF Data 10' is set on object 'Object Repository/VLink/Page_CCSale/txt_UDF10'

2020-12-22 17:52:44 - [MESSAGE][PASSED] - Object 'Object Repository/VLink/Page_CCSale/txt_CardOnFileIndicator' is present

2020-12-22 17:52:45 - [MESSAGE][PASSED] - Text '0' is set on object 'Object Repository/VLink/Page_CCSale/txt_CardOnFileIndicator'

2020-12-22 17:52:45 - [MESSAGE][PASSED] - Object 'Object Repository/VLink/Page_CCSale/txt_StoredCredentialIndicator' is present

2020-12-22 17:52:46 - [MESSAGE][PASSED] - Text 'Initial' is set on object 'Object Repository/VLink/Page_CCSale/txt_StoredCredentialIndicator'

2020-12-22 17:52:46 - [MESSAGE][PASSED] - Object 'Object Repository/VLink/Page_CCSale/txt_COFScheduledIndicator' is present

2020-12-22 17:52:47 - [MESSAGE][PASSED] - Text 'Unscheduled' is set on object 'Object Repository/VLink/Page_CCSale/txt_COFScheduledIndicator'

2020-12-22 17:52:47 - [MESSAGE][PASSED] - Object 'Object Repository/VLink/Page_CCSale/txt_COFTransactionInitiatedBy' is present

2020-12-22 17:52:48 - [MESSAGE][PASSED] - Text 'Customer' is set on object 'Object Repository/VLink/Page_CCSale/txt_COFTransactionInitiatedBy'

2020-12-22 17:52:50 - [MESSAGE][PASSED] - Object: 'Object Repository/VLink/Page_CCSale/btn_ProcessVLinkTransaction' is clicked on

2020-12-22 17:52:55 - [MESSAGE][PASSED] - vlinkPages.saleCCPage.setDataSCC is PASSED

2020-12-22 17:52:55 - [TEST_STEP][PASSED] - if (verifyTextPresent("Transaction approved, no errors", true)): null

2020-12-22 17:52:56 - [MESSAGE][PASSED] - Text 'Transaction approved, no errors' is present on page  using regular expression

2020-12-22 17:52:56 - [TEST_STEP][PASSED] - println("Transaction Approved, no errors text is present on the Confirmation page"): null

2020-12-22 17:52:56 - [TEST_STEP][PASSED] - out.println("Pass Record Number: " + row): null

2020-12-22 17:52:56 - [TEST_STEP][PASSED] - sdfo = getText(findTestObject("Object Repository/Page_VLinkReceipt/pre_STX")): Text of object 'Object Repository/Page_VLinkReceipt/pre_STX' is: '<STX>yUJlWpIgfqtn                  12087969            0  Transaction approved, no errors                   0                                                                                  XXOK4390   <ETX>'

2020-12-22 17:52:56 - [MESSAGE][PASSED] - Text of object 'Object Repository/Page_VLinkReceipt/pre_STX' is: '<STX>yUJlWpIgfqtn                  12087969            0  Transaction approved, no errors                   0                                                                                  XXOK4390   <ETX>'

2020-12-22 17:52:56 - [TEST_STEP][PASSED] - out.println("sdfo: " + sdfo): null

2020-12-22 17:52:56 - [TEST_STEP][PASSED] - remID = substring(5, 35).trim(): null

2020-12-22 17:52:56 - [TEST_STEP][PASSED] - out.println("Remittance ID: " + remID): null

2020-12-22 17:52:56 - [TEST_STEP][PASSED] - traxID = substring(35, 55).trim(): null

2020-12-22 17:52:56 - [TEST_STEP][PASSED] - out.println("Transaction ID: " + traxID): null

2020-12-22 17:52:56 - [TEST_STEP][PASSED] - out.println("End Record Number: " + row): null

2020-12-22 17:52:56 - [TEST_STEP][PASSED] - closeBrowser(): Browser is closed

2020-12-22 17:52:57 - [MESSAGE][PASSED] - Browser is closed

2020-12-22 17:52:57 - [TEST_STEP][PASSED] - out.println("Begin Record Number: " + row): null

2020-12-22 17:52:57 - [TEST_STEP][PASSED] - openBrowser(VLinkURL + "authcap.html"): Browser is opened with url: 'https://dev-algorithm.govolution.com/vlinktest/QA/version_2_0/authcap.html'

2020-12-22 17:52:57 - [MESSAGE][INFO] - Starting 'Chrome' driver

2020-12-22 17:52:57 - [MESSAGE][INFO] - User set preference: ['acceptInsecureCerts', 'true']

2020-12-22 17:52:57 - [MESSAGE][INFO] - Action delay is set to 0 milliseconds

2020-12-22 17:53:01 - [MESSAGE][PASSED] - Browser is opened with url: 'https://dev-algorithm.govolution.com/vlinktest/QA/version_2_0/authcap.html'

2020-12-22 17:53:01 - [TEST_STEP][PASSED] - maximizeWindow(): Current window maximized

2020-12-22 17:53:01 - [MESSAGE][PASSED] - Current window maximized

2020-12-22 17:53:01 - [TEST_STEP][PASSED] - vlinkPages.saleCCPage.setDataSCC(row, dataFile): vlinkPages.saleCCPage.setDataSCC is PASSED

2020-12-22 17:53:02 - [MESSAGE][PASSED] - Object 'Object Repository/VLink/Page_CCSale/txt_CardNumber' is present

2020-12-22 17:53:03 - [MESSAGE][PASSED] - Object 'Object Repository/VLink/Page_CCSale/txt_TransactionType' is present

2020-12-22 17:53:03 - [MESSAGE][PASSED] - Text '104' is set on object 'Object Repository/VLink/Page_CCSale/txt_TransactionType'

2020-12-22 17:53:04 - [MESSAGE][PASSED] - Object 'Object Repository/VLink/Page_CCSale/txt_MessageVersion' is present

2020-12-22 17:53:04 - [MESSAGE][PASSED] - Text '2.0C' is set on object 'Object Repository/VLink/Page_CCSale/txt_MessageVersion'

2020-12-22 17:53:05 - [MESSAGE][PASSED] - Object 'Object Repository/VLink/Page_CCSale/txt_RemID' is present

2020-12-22 17:53:05 - [MESSAGE][PASSED] - Text '9nCJcpk8X5pv' is set on object 'Object Repository/VLink/Page_CCSale/txt_RemID'

2020-12-22 17:53:05 - [MESSAGE][PASSED] - Object 'Object Repository/VLink/Page_CCSale/txt_ApplicationId' is present

2020-12-22 17:53:06 - [MESSAGE][PASSED] - Text '665' is set on object 'Object Repository/VLink/Page_CCSale/txt_ApplicationId'

2020-12-22 17:53:06 - [MESSAGE][PASSED] - Object 'Object Repository/VLink/Page_CCSale/txt_Username' is present

2020-12-22 17:53:07 - [MESSAGE][PASSED] - Text 'username' is set on object 'Object Repository/VLink/Page_CCSale/txt_Username'

2020-12-22 17:53:07 - [MESSAGE][PASSED] - Object 'Object Repository/VLink/Page_CCSale/txt_Password' is present

2020-12-22 17:53:08 - [MESSAGE][PASSED] - Text 'password' is set on object 'Object Repository/VLink/Page_CCSale/txt_Password'

2020-12-22 17:53:08 - [MESSAGE][PASSED] - Object 'Object Repository/VLink/Page_CCSale/txt_ResponseFormat' is present

2020-12-22 17:53:09 - [MESSAGE][PASSED] - Text 'fixed_width' is set on object 'Object Repository/VLink/Page_CCSale/txt_ResponseFormat'

2020-12-22 17:53:09 - [MESSAGE][PASSED] - Object 'Object Repository/VLink/Page_CCSale/txt_Category' is present

2020-12-22 17:53:10 - [MESSAGE][PASSED] - Text 'MOTO' is set on object 'Object Repository/VLink/Page_CCSale/txt_Category'

2020-12-22 17:53:10 - [MESSAGE][PASSED] - Object 'Object Repository/VLink/Page_CCSale/txt_TransactionID' is present

2020-12-22 17:53:10 - [MESSAGE][PASSED] - Text '' is set on object 'Object Repository/VLink/Page_CCSale/txt_TransactionID'

2020-12-22 17:53:11 - [MESSAGE][PASSED] - Object 'Object Repository/VLink/Page_CCSale/txt_ApprovalCode' is present

2020-12-22 17:53:11 - [MESSAGE][PASSED] - Text '' is set on object 'Object Repository/VLink/Page_CCSale/txt_ApprovalCode'

2020-12-22 17:53:12 - [MESSAGE][PASSED] - Object 'Object Repository/VLink/Page_CCSale/txt_CardName' is present

2020-12-22 17:53:12 - [MESSAGE][PASSED] - Text 'Roshan Maha' is set on object 'Object Repository/VLink/Page_CCSale/txt_CardName'

2020-12-22 17:53:13 - [MESSAGE][PASSED] - Object 'Object Repository/VLink/Page_CCSale/txt_AL1' is present

2020-12-22 17:53:13 - [MESSAGE][PASSED] - Text '12563 Bazaar road' is set on object 'Object Repository/VLink/Page_CCSale/txt_AL1'

2020-12-22 17:53:14 - [MESSAGE][PASSED] - Object 'Object Repository/VLink/Page_CCSale/txt_AL2' is present

2020-12-22 17:53:14 - [MESSAGE][PASSED] - Text '' is set on object 'Object Repository/VLink/Page_CCSale/txt_AL2'

2020-12-22 17:53:15 - [MESSAGE][PASSED] - Object 'Object Repository/VLink/Page_CCSale/txt_CardCity' is present

2020-12-22 17:53:15 - [MESSAGE][PASSED] - Text 'Crofton' is set on object 'Object Repository/VLink/Page_CCSale/txt_CardCity'

2020-12-22 17:53:16 - [MESSAGE][PASSED] - Object 'Object Repository/VLink/Page_CCSale/txt_CardState' is present

2020-12-22 17:53:16 - [MESSAGE][PASSED] - Text 'MD' is set on object 'Object Repository/VLink/Page_CCSale/txt_CardState'

2020-12-22 17:53:17 - [MESSAGE][PASSED] - Object 'Object Repository/VLink/Page_CCSale/txt_CardZIP' is present

2020-12-22 17:53:17 - [MESSAGE][PASSED] - Text '21114' is set on object 'Object Repository/VLink/Page_CCSale/txt_CardZIP'

2020-12-22 17:53:18 - [MESSAGE][PASSED] - Object 'Object Repository/VLink/Page_CCSale/txt_CountryID' is present

2020-12-22 17:53:18 - [MESSAGE][PASSED] - Text '' is set on object 'Object Repository/VLink/Page_CCSale/txt_CountryID'

2020-12-22 17:53:19 - [MESSAGE][PASSED] - Object 'Object Repository/VLink/Page_CCSale/txt_Amount' is present

2020-12-22 17:53:19 - [MESSAGE][PASSED] - Text '3.50' is set on object 'Object Repository/VLink/Page_CCSale/txt_Amount'

2020-12-22 17:53:20 - [MESSAGE][PASSED] - Object 'Object Repository/VLink/Page_CCSale/txt_CardNumber' is present

2020-12-22 17:53:20 - [MESSAGE][PASSED] - Text '370000000000002' is set on object 'Object Repository/VLink/Page_CCSale/txt_CardNumber'

2020-12-22 17:53:21 - [MESSAGE][PASSED] - Object 'Object Repository/VLink/Page_CCSale/txt_ExpMonth' is present

2020-12-22 17:53:21 - [MESSAGE][PASSED] - Text '01' is set on object 'Object Repository/VLink/Page_CCSale/txt_ExpMonth'

2020-12-22 17:53:22 - [MESSAGE][PASSED] - Object 'Object Repository/VLink/Page_CCSale/txt_ExpYear' is present

2020-12-22 17:53:22 - [MESSAGE][PASSED] - Text '2026' is set on object 'Object Repository/VLink/Page_CCSale/txt_ExpYear'

2020-12-22 17:53:23 - [MESSAGE][PASSED] - Object 'Object Repository/VLink/Page_CCSale/txt_CVV' is present

2020-12-22 17:53:23 - [MESSAGE][PASSED] - Text '' is set on object 'Object Repository/VLink/Page_CCSale/txt_CVV'

2020-12-22 17:53:24 - [MESSAGE][PASSED] - Object 'Object Repository/VLink/Page_CCSale/txt_CVVstate' is present

2020-12-22 17:53:24 - [MESSAGE][PASSED] - Text '' is set on object 'Object Repository/VLink/Page_CCSale/txt_CVVstate'

2020-12-22 17:53:25 - [MESSAGE][PASSED] - Object 'Object Repository/VLink/Page_CCSale/txt_TrackData' is present

2020-12-22 17:53:25 - [MESSAGE][PASSED] - Text '' is set on object 'Object Repository/VLink/Page_CCSale/txt_TrackData'

2020-12-22 17:53:26 - [MESSAGE][PASSED] - Object 'Object Repository/VLink/Page_CCSale/txt_Track1Data' is present

2020-12-22 17:53:26 - [MESSAGE][PASSED] - Text '' is set on object 'Object Repository/VLink/Page_CCSale/txt_Track1Data'

2020-12-22 17:53:27 - [MESSAGE][PASSED] - Object 'Object Repository/VLink/Page_CCSale/txt_Track2Data' is present

2020-12-22 17:53:27 - [MESSAGE][PASSED] - Text '' is set on object 'Object Repository/VLink/Page_CCSale/txt_Track2Data'

2020-12-22 17:53:28 - [MESSAGE][PASSED] - Object 'Object Repository/VLink/Page_CCSale/txt_POSEntryMode' is present

2020-12-22 17:53:28 - [MESSAGE][PASSED] - Text 'manual' is set on object 'Object Repository/VLink/Page_CCSale/txt_POSEntryMode'

2020-12-22 17:53:29 - [MESSAGE][PASSED] - Object 'Object Repository/VLink/Page_CCSale/txt_Email' is present

2020-12-22 17:53:29 - [MESSAGE][PASSED] - Text '' is set on object 'Object Repository/VLink/Page_CCSale/txt_Email'

2020-12-22 17:53:30 - [MESSAGE][PASSED] - Object 'Object Repository/VLink/Page_CCSale/txt_OrderNumber' is present

2020-12-22 17:53:30 - [MESSAGE][PASSED] - Text '' is set on object 'Object Repository/VLink/Page_CCSale/txt_OrderNumber'

2020-12-22 17:53:31 - [MESSAGE][PASSED] - Object 'Object Repository/VLink/Page_CCSale/txt_TaxAmount' is present

2020-12-22 17:53:31 - [MESSAGE][PASSED] - Text '' is set on object 'Object Repository/VLink/Page_CCSale/txt_TaxAmount'

2020-12-22 17:53:32 - [MESSAGE][PASSED] - Object 'Object Repository/VLink/Page_CCSale/txt_ChargeDescription' is present

2020-12-22 17:53:32 - [MESSAGE][PASSED] - Text '' is set on object 'Object Repository/VLink/Page_CCSale/txt_ChargeDescription'

2020-12-22 17:53:33 - [MESSAGE][PASSED] - Object 'Object Repository/VLink/Page_CCSale/txt_CAN' is present

2020-12-22 17:53:33 - [MESSAGE][PASSED] - Text '' is set on object 'Object Repository/VLink/Page_CCSale/txt_CAN'

2020-12-22 17:53:34 - [MESSAGE][PASSED] - Object 'Object Repository/VLink/Page_CCSale/txt_BillPaymentIndicator' is present

2020-12-22 17:53:34 - [MESSAGE][PASSED] - Text '' is set on object 'Object Repository/VLink/Page_CCSale/txt_BillPaymentIndicator'

2020-12-22 17:53:35 - [MESSAGE][PASSED] - Object 'Object Repository/VLink/Page_CCSale/txt_UDF1' is present

2020-12-22 17:53:35 - [MESSAGE][PASSED] - Text '' is set on object 'Object Repository/VLink/Page_CCSale/txt_UDF1'

2020-12-22 17:53:36 - [MESSAGE][PASSED] - Object 'Object Repository/VLink/Page_CCSale/txt_UDF2' is present

2020-12-22 17:53:36 - [MESSAGE][PASSED] - Text '' is set on object 'Object Repository/VLink/Page_CCSale/txt_UDF2'

2020-12-22 17:53:37 - [MESSAGE][PASSED] - Object 'Object Repository/VLink/Page_CCSale/txt_UDF3' is present

2020-12-22 17:53:37 - [MESSAGE][PASSED] - Text '' is set on object 'Object Repository/VLink/Page_CCSale/txt_UDF3'

2020-12-22 17:53:38 - [MESSAGE][PASSED] - Object 'Object Repository/VLink/Page_CCSale/txt_UDF4' is present

2020-12-22 17:53:38 - [MESSAGE][PASSED] - Text '' is set on object 'Object Repository/VLink/Page_CCSale/txt_UDF4'

2020-12-22 17:53:39 - [MESSAGE][PASSED] - Object 'Object Repository/VLink/Page_CCSale/txt_UDF5' is present

2020-12-22 17:53:39 - [MESSAGE][PASSED] - Text '' is set on object 'Object Repository/VLink/Page_CCSale/txt_UDF5'

2020-12-22 17:53:40 - [MESSAGE][PASSED] - Object 'Object Repository/VLink/Page_CCSale/txt_UDF6' is present

2020-12-22 17:53:40 - [MESSAGE][PASSED] - Text '' is set on object 'Object Repository/VLink/Page_CCSale/txt_UDF6'

2020-12-22 17:53:40 - [MESSAGE][PASSED] - Object 'Object Repository/VLink/Page_CCSale/txt_UDF7' is present

2020-12-22 17:53:41 - [MESSAGE][PASSED] - Text '' is set on object 'Object Repository/VLink/Page_CCSale/txt_UDF7'

2020-12-22 17:53:41 - [MESSAGE][PASSED] - Object 'Object Repository/VLink/Page_CCSale/txt_UDF8' is present

2020-12-22 17:53:42 - [MESSAGE][PASSED] - Text '' is set on object 'Object Repository/VLink/Page_CCSale/txt_UDF8'

2020-12-22 17:53:42 - [MESSAGE][PASSED] - Object 'Object Repository/VLink/Page_CCSale/txt_UDF9' is present

2020-12-22 17:53:43 - [MESSAGE][PASSED] - Text '' is set on object 'Object Repository/VLink/Page_CCSale/txt_UDF9'

2020-12-22 17:53:43 - [MESSAGE][PASSED] - Object 'Object Repository/VLink/Page_CCSale/txt_UDF10' is present

2020-12-22 17:53:44 - [MESSAGE][PASSED] - Text '' is set on object 'Object Repository/VLink/Page_CCSale/txt_UDF10'

2020-12-22 17:53:44 - [MESSAGE][PASSED] - Object 'Object Repository/VLink/Page_CCSale/txt_CardOnFileIndicator' is present

2020-12-22 17:53:45 - [MESSAGE][PASSED] - Text '0' is set on object 'Object Repository/VLink/Page_CCSale/txt_CardOnFileIndicator'

2020-12-22 17:53:45 - [MESSAGE][PASSED] - Object 'Object Repository/VLink/Page_CCSale/txt_StoredCredentialIndicator' is present

2020-12-22 17:53:46 - [MESSAGE][PASSED] - Text 'Initial' is set on object 'Object Repository/VLink/Page_CCSale/txt_StoredCredentialIndicator'

2020-12-22 17:53:46 - [MESSAGE][PASSED] - Object 'Object Repository/VLink/Page_CCSale/txt_COFScheduledIndicator' is present

2020-12-22 17:53:47 - [MESSAGE][PASSED] - Text 'Unscheduled' is set on object 'Object Repository/VLink/Page_CCSale/txt_COFScheduledIndicator'

2020-12-22 17:53:47 - [MESSAGE][PASSED] - Object 'Object Repository/VLink/Page_CCSale/txt_COFTransactionInitiatedBy' is present

2020-12-22 17:53:48 - [MESSAGE][PASSED] - Text 'Customer' is set on object 'Object Repository/VLink/Page_CCSale/txt_COFTransactionInitiatedBy'

2020-12-22 17:53:50 - [MESSAGE][PASSED] - Object: 'Object Repository/VLink/Page_CCSale/btn_ProcessVLinkTransaction' is clicked on

2020-12-22 17:53:55 - [MESSAGE][PASSED] - vlinkPages.saleCCPage.setDataSCC is PASSED

2020-12-22 17:53:55 - [TEST_STEP][PASSED] - if (verifyTextPresent("Transaction approved, no errors", true)): null

2020-12-22 17:53:56 - [MESSAGE][PASSED] - Text 'Transaction approved, no errors' is present on page  using regular expression

2020-12-22 17:53:56 - [TEST_STEP][PASSED] - println("Transaction Approved, no errors text is present on the Confirmation page"): null

2020-12-22 17:53:56 - [TEST_STEP][PASSED] - out.println("Pass Record Number: " + row): null

2020-12-22 17:53:56 - [TEST_STEP][PASSED] - sdfo = getText(findTestObject("Object Repository/Page_VLinkReceipt/pre_STX")): Text of object 'Object Repository/Page_VLinkReceipt/pre_STX' is: '<STX>9nCJcpk8X5pv                  12087970            0  Transaction approved, no errors                   0                                                                                  X OK4490   <ETX>'

2020-12-22 17:53:56 - [MESSAGE][PASSED] - Text of object 'Object Repository/Page_VLinkReceipt/pre_STX' is: '<STX>9nCJcpk8X5pv                  12087970            0  Transaction approved, no errors                   0                                                                                  X OK4490   <ETX>'

2020-12-22 17:53:56 - [TEST_STEP][PASSED] - out.println("sdfo: " + sdfo): null

2020-12-22 17:53:56 - [TEST_STEP][PASSED] - remID = substring(5, 35).trim(): null

2020-12-22 17:53:56 - [TEST_STEP][PASSED] - out.println("Remittance ID: " + remID): null

2020-12-22 17:53:56 - [TEST_STEP][PASSED] - traxID = substring(35, 55).trim(): null

2020-12-22 17:53:56 - [TEST_STEP][PASSED] - out.println("Transaction ID: " + traxID): null

2020-12-22 17:53:56 - [TEST_STEP][PASSED] - out.println("End Record Number: " + row): null

2020-12-22 17:53:56 - [TEST_STEP][PASSED] - closeBrowser(): Browser is closed

2020-12-22 17:53:57 - [MESSAGE][PASSED] - Browser is closed

2020-12-22 17:53:57 - [TEST_STEP][PASSED] - out.println("Begin Record Number: " + row): null

2020-12-22 17:53:57 - [TEST_STEP][PASSED] - openBrowser(VLinkURL + "authcap.html"): Browser is opened with url: 'https://dev-algorithm.govolution.com/vlinktest/QA/version_2_0/authcap.html'

2020-12-22 17:53:57 - [MESSAGE][INFO] - Starting 'Chrome' driver

2020-12-22 17:53:57 - [MESSAGE][INFO] - User set preference: ['acceptInsecureCerts', 'true']

2020-12-22 17:53:57 - [MESSAGE][INFO] - Action delay is set to 0 milliseconds

2020-12-22 17:54:01 - [MESSAGE][PASSED] - Browser is opened with url: 'https://dev-algorithm.govolution.com/vlinktest/QA/version_2_0/authcap.html'

2020-12-22 17:54:01 - [TEST_STEP][PASSED] - maximizeWindow(): Current window maximized

2020-12-22 17:54:01 - [MESSAGE][PASSED] - Current window maximized

2020-12-22 17:54:01 - [TEST_STEP][PASSED] - vlinkPages.saleCCPage.setDataSCC(row, dataFile): vlinkPages.saleCCPage.setDataSCC is PASSED

2020-12-22 17:54:02 - [MESSAGE][PASSED] - Object 'Object Repository/VLink/Page_CCSale/txt_CardNumber' is present

2020-12-22 17:54:03 - [MESSAGE][PASSED] - Object 'Object Repository/VLink/Page_CCSale/txt_TransactionType' is present

2020-12-22 17:54:03 - [MESSAGE][PASSED] - Text '104' is set on object 'Object Repository/VLink/Page_CCSale/txt_TransactionType'

2020-12-22 17:54:04 - [MESSAGE][PASSED] - Object 'Object Repository/VLink/Page_CCSale/txt_MessageVersion' is present

2020-12-22 17:54:04 - [MESSAGE][PASSED] - Text '2.0C' is set on object 'Object Repository/VLink/Page_CCSale/txt_MessageVersion'

2020-12-22 17:54:05 - [MESSAGE][PASSED] - Object 'Object Repository/VLink/Page_CCSale/txt_RemID' is present

2020-12-22 17:54:05 - [MESSAGE][PASSED] - Text 'JOyAEPfpSSou' is set on object 'Object Repository/VLink/Page_CCSale/txt_RemID'

2020-12-22 17:54:06 - [MESSAGE][PASSED] - Object 'Object Repository/VLink/Page_CCSale/txt_ApplicationId' is present

2020-12-22 17:54:06 - [MESSAGE][PASSED] - Text '665' is set on object 'Object Repository/VLink/Page_CCSale/txt_ApplicationId'

2020-12-22 17:54:07 - [MESSAGE][PASSED] - Object 'Object Repository/VLink/Page_CCSale/txt_Username' is present

2020-12-22 17:54:07 - [MESSAGE][PASSED] - Text 'username' is set on object 'Object Repository/VLink/Page_CCSale/txt_Username'

2020-12-22 17:54:08 - [MESSAGE][PASSED] - Object 'Object Repository/VLink/Page_CCSale/txt_Password' is present

2020-12-22 17:54:08 - [MESSAGE][PASSED] - Text 'password' is set on object 'Object Repository/VLink/Page_CCSale/txt_Password'

2020-12-22 17:54:09 - [MESSAGE][PASSED] - Object 'Object Repository/VLink/Page_CCSale/txt_ResponseFormat' is present

2020-12-22 17:54:09 - [MESSAGE][PASSED] - Text 'fixed_width' is set on object 'Object Repository/VLink/Page_CCSale/txt_ResponseFormat'

2020-12-22 17:54:10 - [MESSAGE][PASSED] - Object 'Object Repository/VLink/Page_CCSale/txt_Category' is present

2020-12-22 17:54:10 - [MESSAGE][PASSED] - Text 'MOTO' is set on object 'Object Repository/VLink/Page_CCSale/txt_Category'

2020-12-22 17:54:10 - [MESSAGE][PASSED] - Object 'Object Repository/VLink/Page_CCSale/txt_TransactionID' is present

2020-12-22 17:54:11 - [MESSAGE][PASSED] - Text '' is set on object 'Object Repository/VLink/Page_CCSale/txt_TransactionID'

2020-12-22 17:54:11 - [MESSAGE][PASSED] - Object 'Object Repository/VLink/Page_CCSale/txt_ApprovalCode' is present

2020-12-22 17:54:12 - [MESSAGE][PASSED] - Text '' is set on object 'Object Repository/VLink/Page_CCSale/txt_ApprovalCode'

2020-12-22 17:54:12 - [MESSAGE][PASSED] - Object 'Object Repository/VLink/Page_CCSale/txt_CardName' is present

2020-12-22 17:54:13 - [MESSAGE][PASSED] - Text 'Kris Roshan' is set on object 'Object Repository/VLink/Page_CCSale/txt_CardName'

2020-12-22 17:54:13 - [MESSAGE][PASSED] - Object 'Object Repository/VLink/Page_CCSale/txt_AL1' is present

2020-12-22 17:54:14 - [MESSAGE][PASSED] - Text '258 Elm Road' is set on object 'Object Repository/VLink/Page_CCSale/txt_AL1'

2020-12-22 17:54:14 - [MESSAGE][PASSED] - Object 'Object Repository/VLink/Page_CCSale/txt_AL2' is present

2020-12-22 17:54:14 - [MESSAGE][PASSED] - Text 'Suite 56' is set on object 'Object Repository/VLink/Page_CCSale/txt_AL2'

2020-12-22 17:54:15 - [MESSAGE][PASSED] - Object 'Object Repository/VLink/Page_CCSale/txt_CardCity' is present

2020-12-22 17:54:15 - [MESSAGE][PASSED] - Text 'Arlington' is set on object 'Object Repository/VLink/Page_CCSale/txt_CardCity'

2020-12-22 17:54:16 - [MESSAGE][PASSED] - Object 'Object Repository/VLink/Page_CCSale/txt_CardState' is present

2020-12-22 17:54:16 - [MESSAGE][PASSED] - Text 'VA' is set on object 'Object Repository/VLink/Page_CCSale/txt_CardState'

2020-12-22 17:54:16 - [MESSAGE][PASSED] - Object 'Object Repository/VLink/Page_CCSale/txt_CardZIP' is present

2020-12-22 17:54:17 - [MESSAGE][PASSED] - Text '22201' is set on object 'Object Repository/VLink/Page_CCSale/txt_CardZIP'

2020-12-22 17:54:18 - [MESSAGE][PASSED] - Object 'Object Repository/VLink/Page_CCSale/txt_CountryID' is present

2020-12-22 17:54:18 - [MESSAGE][PASSED] - Text '840' is set on object 'Object Repository/VLink/Page_CCSale/txt_CountryID'

2020-12-22 17:54:18 - [MESSAGE][PASSED] - Object 'Object Repository/VLink/Page_CCSale/txt_Amount' is present

2020-12-22 17:54:19 - [MESSAGE][PASSED] - Text '1.50' is set on object 'Object Repository/VLink/Page_CCSale/txt_Amount'

2020-12-22 17:54:19 - [MESSAGE][PASSED] - Object 'Object Repository/VLink/Page_CCSale/txt_CardNumber' is present

2020-12-22 17:54:20 - [MESSAGE][PASSED] - Text '6011000000000004' is set on object 'Object Repository/VLink/Page_CCSale/txt_CardNumber'

2020-12-22 17:54:20 - [MESSAGE][PASSED] - Object 'Object Repository/VLink/Page_CCSale/txt_ExpMonth' is present

2020-12-22 17:54:21 - [MESSAGE][PASSED] - Text '12' is set on object 'Object Repository/VLink/Page_CCSale/txt_ExpMonth'

2020-12-22 17:54:21 - [MESSAGE][PASSED] - Object 'Object Repository/VLink/Page_CCSale/txt_ExpYear' is present

2020-12-22 17:54:22 - [MESSAGE][PASSED] - Text '2025' is set on object 'Object Repository/VLink/Page_CCSale/txt_ExpYear'

2020-12-22 17:54:22 - [MESSAGE][PASSED] - Object 'Object Repository/VLink/Page_CCSale/txt_CVV' is present

2020-12-22 17:54:23 - [MESSAGE][PASSED] - Text '' is set on object 'Object Repository/VLink/Page_CCSale/txt_CVV'

2020-12-22 17:54:23 - [MESSAGE][PASSED] - Object 'Object Repository/VLink/Page_CCSale/txt_CVVstate' is present

2020-12-22 17:54:24 - [MESSAGE][PASSED] - Text '' is set on object 'Object Repository/VLink/Page_CCSale/txt_CVVstate'

2020-12-22 17:54:24 - [MESSAGE][PASSED] - Object 'Object Repository/VLink/Page_CCSale/txt_TrackData' is present

2020-12-22 17:54:25 - [MESSAGE][PASSED] - Text '' is set on object 'Object Repository/VLink/Page_CCSale/txt_TrackData'

2020-12-22 17:54:25 - [MESSAGE][PASSED] - Object 'Object Repository/VLink/Page_CCSale/txt_Track1Data' is present

2020-12-22 17:54:26 - [MESSAGE][PASSED] - Text '' is set on object 'Object Repository/VLink/Page_CCSale/txt_Track1Data'

2020-12-22 17:54:26 - [MESSAGE][PASSED] - Object 'Object Repository/VLink/Page_CCSale/txt_Track2Data' is present

2020-12-22 17:54:27 - [MESSAGE][PASSED] - Text '' is set on object 'Object Repository/VLink/Page_CCSale/txt_Track2Data'

2020-12-22 17:54:27 - [MESSAGE][PASSED] - Object 'Object Repository/VLink/Page_CCSale/txt_POSEntryMode' is present

2020-12-22 17:54:28 - [MESSAGE][PASSED] - Text 'manual' is set on object 'Object Repository/VLink/Page_CCSale/txt_POSEntryMode'

2020-12-22 17:54:28 - [MESSAGE][PASSED] - Object 'Object Repository/VLink/Page_CCSale/txt_Email' is present

2020-12-22 17:54:29 - [MESSAGE][PASSED] - Text 'iahmed@govolution.com' is set on object 'Object Repository/VLink/Page_CCSale/txt_Email'

2020-12-22 17:54:29 - [MESSAGE][PASSED] - Object 'Object Repository/VLink/Page_CCSale/txt_OrderNumber' is present

2020-12-22 17:54:30 - [MESSAGE][PASSED] - Text '2569362' is set on object 'Object Repository/VLink/Page_CCSale/txt_OrderNumber'

2020-12-22 17:54:30 - [MESSAGE][PASSED] - Object 'Object Repository/VLink/Page_CCSale/txt_TaxAmount' is present

2020-12-22 17:54:31 - [MESSAGE][PASSED] - Text '1.15' is set on object 'Object Repository/VLink/Page_CCSale/txt_TaxAmount'

2020-12-22 17:54:31 - [MESSAGE][PASSED] - Object 'Object Repository/VLink/Page_CCSale/txt_ChargeDescription' is present

2020-12-22 17:54:32 - [MESSAGE][PASSED] - Text 'Charge Description' is set on object 'Object Repository/VLink/Page_CCSale/txt_ChargeDescription'

2020-12-22 17:54:32 - [MESSAGE][PASSED] - Object 'Object Repository/VLink/Page_CCSale/txt_CAN' is present

2020-12-22 17:54:33 - [MESSAGE][PASSED] - Text '147357' is set on object 'Object Repository/VLink/Page_CCSale/txt_CAN'

2020-12-22 17:54:33 - [MESSAGE][PASSED] - Object 'Object Repository/VLink/Page_CCSale/txt_BillPaymentIndicator' is present

2020-12-22 17:54:34 - [MESSAGE][PASSED] - Text '1' is set on object 'Object Repository/VLink/Page_CCSale/txt_BillPaymentIndicator'

2020-12-22 17:54:34 - [MESSAGE][PASSED] - Object 'Object Repository/VLink/Page_CCSale/txt_UDF1' is present

2020-12-22 17:54:35 - [MESSAGE][PASSED] - Text 'UDF Data 1' is set on object 'Object Repository/VLink/Page_CCSale/txt_UDF1'

2020-12-22 17:54:35 - [MESSAGE][PASSED] - Object 'Object Repository/VLink/Page_CCSale/txt_UDF2' is present

2020-12-22 17:54:36 - [MESSAGE][PASSED] - Text 'UDF Data 2' is set on object 'Object Repository/VLink/Page_CCSale/txt_UDF2'

2020-12-22 17:54:36 - [MESSAGE][PASSED] - Object 'Object Repository/VLink/Page_CCSale/txt_UDF3' is present

2020-12-22 17:54:37 - [MESSAGE][PASSED] - Text 'UDF Data 3' is set on object 'Object Repository/VLink/Page_CCSale/txt_UDF3'

2020-12-22 17:54:37 - [MESSAGE][PASSED] - Object 'Object Repository/VLink/Page_CCSale/txt_UDF4' is present

2020-12-22 17:54:38 - [MESSAGE][PASSED] - Text 'UDF Data 4' is set on object 'Object Repository/VLink/Page_CCSale/txt_UDF4'

2020-12-22 17:54:38 - [MESSAGE][PASSED] - Object 'Object Repository/VLink/Page_CCSale/txt_UDF5' is present

2020-12-22 17:54:39 - [MESSAGE][PASSED] - Text 'UDF Data 5' is set on object 'Object Repository/VLink/Page_CCSale/txt_UDF5'

2020-12-22 17:54:39 - [MESSAGE][PASSED] - Object 'Object Repository/VLink/Page_CCSale/txt_UDF6' is present

2020-12-22 17:54:40 - [MESSAGE][PASSED] - Text 'UDF Data 6' is set on object 'Object Repository/VLink/Page_CCSale/txt_UDF6'

2020-12-22 17:54:40 - [MESSAGE][PASSED] - Object 'Object Repository/VLink/Page_CCSale/txt_UDF7' is present

2020-12-22 17:54:41 - [MESSAGE][PASSED] - Text 'UDF Data 7' is set on object 'Object Repository/VLink/Page_CCSale/txt_UDF7'

2020-12-22 17:54:41 - [MESSAGE][PASSED] - Object 'Object Repository/VLink/Page_CCSale/txt_UDF8' is present

2020-12-22 17:54:42 - [MESSAGE][PASSED] - Text 'UDF Data 8' is set on object 'Object Repository/VLink/Page_CCSale/txt_UDF8'

2020-12-22 17:54:42 - [MESSAGE][PASSED] - Object 'Object Repository/VLink/Page_CCSale/txt_UDF9' is present

2020-12-22 17:54:43 - [MESSAGE][PASSED] - Text 'UDF Data 9' is set on object 'Object Repository/VLink/Page_CCSale/txt_UDF9'

2020-12-22 17:54:43 - [MESSAGE][PASSED] - Object 'Object Repository/VLink/Page_CCSale/txt_UDF10' is present

2020-12-22 17:54:44 - [MESSAGE][PASSED] - Text 'UDF Data 10' is set on object 'Object Repository/VLink/Page_CCSale/txt_UDF10'

2020-12-22 17:54:44 - [MESSAGE][PASSED] - Object 'Object Repository/VLink/Page_CCSale/txt_CardOnFileIndicator' is present

2020-12-22 17:54:45 - [MESSAGE][PASSED] - Text '0' is set on object 'Object Repository/VLink/Page_CCSale/txt_CardOnFileIndicator'

2020-12-22 17:54:45 - [MESSAGE][PASSED] - Object 'Object Repository/VLink/Page_CCSale/txt_StoredCredentialIndicator' is present

2020-12-22 17:54:46 - [MESSAGE][PASSED] - Text 'Initial' is set on object 'Object Repository/VLink/Page_CCSale/txt_StoredCredentialIndicator'

2020-12-22 17:54:46 - [MESSAGE][PASSED] - Object 'Object Repository/VLink/Page_CCSale/txt_COFScheduledIndicator' is present

2020-12-22 17:54:47 - [MESSAGE][PASSED] - Text 'Unscheduled' is set on object 'Object Repository/VLink/Page_CCSale/txt_COFScheduledIndicator'

2020-12-22 17:54:47 - [MESSAGE][PASSED] - Object 'Object Repository/VLink/Page_CCSale/txt_COFTransactionInitiatedBy' is present

2020-12-22 17:54:48 - [MESSAGE][PASSED] - Text 'Customer' is set on object 'Object Repository/VLink/Page_CCSale/txt_COFTransactionInitiatedBy'

2020-12-22 17:54:51 - [MESSAGE][PASSED] - Object: 'Object Repository/VLink/Page_CCSale/btn_ProcessVLinkTransaction' is clicked on

2020-12-22 17:54:56 - [MESSAGE][PASSED] - vlinkPages.saleCCPage.setDataSCC is PASSED

2020-12-22 17:54:56 - [TEST_STEP][PASSED] - if (verifyTextPresent("Transaction approved, no errors", true)): null

2020-12-22 17:54:56 - [MESSAGE][PASSED] - Text 'Transaction approved, no errors' is present on page  using regular expression

2020-12-22 17:54:56 - [TEST_STEP][PASSED] - println("Transaction Approved, no errors text is present on the Confirmation page"): null

2020-12-22 17:54:56 - [TEST_STEP][PASSED] - out.println("Pass Record Number: " + row): null

2020-12-22 17:54:56 - [TEST_STEP][PASSED] - sdfo = getText(findTestObject("Object Repository/Page_VLinkReceipt/pre_STX")): Text of object 'Object Repository/Page_VLinkReceipt/pre_STX' is: '<STX>JOyAEPfpSSou                  12087971            0  Transaction approved, no errors                   0                                                                                  XXOK4600   <ETX>'

2020-12-22 17:54:56 - [MESSAGE][PASSED] - Text of object 'Object Repository/Page_VLinkReceipt/pre_STX' is: '<STX>JOyAEPfpSSou                  12087971            0  Transaction approved, no errors                   0                                                                                  XXOK4600   <ETX>'

2020-12-22 17:54:56 - [TEST_STEP][PASSED] - out.println("sdfo: " + sdfo): null

2020-12-22 17:54:56 - [TEST_STEP][PASSED] - remID = substring(5, 35).trim(): null

2020-12-22 17:54:56 - [TEST_STEP][PASSED] - out.println("Remittance ID: " + remID): null

2020-12-22 17:54:56 - [TEST_STEP][PASSED] - traxID = substring(35, 55).trim(): null

2020-12-22 17:54:56 - [TEST_STEP][PASSED] - out.println("Transaction ID: " + traxID): null

2020-12-22 17:54:56 - [TEST_STEP][PASSED] - out.println("End Record Number: " + row): null

2020-12-22 17:54:56 - [TEST_STEP][PASSED] - closeBrowser(): Browser is closed

2020-12-22 17:54:57 - [MESSAGE][PASSED] - Browser is closed

2020-12-22 17:54:57 - [TEST_STEP][PASSED] - out.println("Begin Record Number: " + row): null

2020-12-22 17:54:57 - [TEST_STEP][PASSED] - openBrowser(VLinkURL + "authcap.html"): Browser is opened with url: 'https://dev-algorithm.govolution.com/vlinktest/QA/version_2_0/authcap.html'

2020-12-22 17:54:57 - [MESSAGE][INFO] - Starting 'Chrome' driver

2020-12-22 17:54:57 - [MESSAGE][INFO] - User set preference: ['acceptInsecureCerts', 'true']

2020-12-22 17:54:57 - [MESSAGE][INFO] - Action delay is set to 0 milliseconds

2020-12-22 17:55:01 - [MESSAGE][PASSED] - Browser is opened with url: 'https://dev-algorithm.govolution.com/vlinktest/QA/version_2_0/authcap.html'

2020-12-22 17:55:01 - [TEST_STEP][PASSED] - maximizeWindow(): Current window maximized

2020-12-22 17:55:01 - [MESSAGE][PASSED] - Current window maximized

2020-12-22 17:55:01 - [TEST_STEP][PASSED] - vlinkPages.saleCCPage.setDataSCC(row, dataFile): vlinkPages.saleCCPage.setDataSCC is PASSED

2020-12-22 17:55:03 - [MESSAGE][PASSED] - Object 'Object Repository/VLink/Page_CCSale/txt_CardNumber' is present

2020-12-22 17:55:03 - [MESSAGE][PASSED] - Object 'Object Repository/VLink/Page_CCSale/txt_TransactionType' is present

2020-12-22 17:55:04 - [MESSAGE][PASSED] - Text '104' is set on object 'Object Repository/VLink/Page_CCSale/txt_TransactionType'

2020-12-22 17:55:04 - [MESSAGE][PASSED] - Object 'Object Repository/VLink/Page_CCSale/txt_MessageVersion' is present

2020-12-22 17:55:05 - [MESSAGE][PASSED] - Text '2.0C' is set on object 'Object Repository/VLink/Page_CCSale/txt_MessageVersion'

2020-12-22 17:55:05 - [MESSAGE][PASSED] - Object 'Object Repository/VLink/Page_CCSale/txt_RemID' is present

2020-12-22 17:55:06 - [MESSAGE][PASSED] - Text 'WDvdNdmfQ7Xr' is set on object 'Object Repository/VLink/Page_CCSale/txt_RemID'

2020-12-22 17:55:06 - [MESSAGE][PASSED] - Object 'Object Repository/VLink/Page_CCSale/txt_ApplicationId' is present

2020-12-22 17:55:06 - [MESSAGE][PASSED] - Text '665' is set on object 'Object Repository/VLink/Page_CCSale/txt_ApplicationId'

2020-12-22 17:55:07 - [MESSAGE][PASSED] - Object 'Object Repository/VLink/Page_CCSale/txt_Username' is present

2020-12-22 17:55:07 - [MESSAGE][PASSED] - Text 'username' is set on object 'Object Repository/VLink/Page_CCSale/txt_Username'

2020-12-22 17:55:08 - [MESSAGE][PASSED] - Object 'Object Repository/VLink/Page_CCSale/txt_Password' is present

2020-12-22 17:55:08 - [MESSAGE][PASSED] - Text 'password' is set on object 'Object Repository/VLink/Page_CCSale/txt_Password'

2020-12-22 17:55:08 - [MESSAGE][PASSED] - Object 'Object Repository/VLink/Page_CCSale/txt_ResponseFormat' is present

2020-12-22 17:55:09 - [MESSAGE][PASSED] - Text 'fixed_width' is set on object 'Object Repository/VLink/Page_CCSale/txt_ResponseFormat'

2020-12-22 17:55:09 - [MESSAGE][PASSED] - Object 'Object Repository/VLink/Page_CCSale/txt_Category' is present

2020-12-22 17:55:10 - [MESSAGE][PASSED] - Text 'RETL' is set on object 'Object Repository/VLink/Page_CCSale/txt_Category'

2020-12-22 17:55:10 - [MESSAGE][PASSED] - Object 'Object Repository/VLink/Page_CCSale/txt_TransactionID' is present

2020-12-22 17:55:11 - [MESSAGE][PASSED] - Text '' is set on object 'Object Repository/VLink/Page_CCSale/txt_TransactionID'

2020-12-22 17:55:11 - [MESSAGE][PASSED] - Object 'Object Repository/VLink/Page_CCSale/txt_ApprovalCode' is present

2020-12-22 17:55:12 - [MESSAGE][PASSED] - Text '' is set on object 'Object Repository/VLink/Page_CCSale/txt_ApprovalCode'

2020-12-22 17:55:12 - [MESSAGE][PASSED] - Object 'Object Repository/VLink/Page_CCSale/txt_CardName' is present

2020-12-22 17:55:12 - [MESSAGE][PASSED] - Text 'Roshan Maha' is set on object 'Object Repository/VLink/Page_CCSale/txt_CardName'

2020-12-22 17:55:13 - [MESSAGE][PASSED] - Object 'Object Repository/VLink/Page_CCSale/txt_AL1' is present

2020-12-22 17:55:13 - [MESSAGE][PASSED] - Text '12563 Bazaar road' is set on object 'Object Repository/VLink/Page_CCSale/txt_AL1'

2020-12-22 17:55:14 - [MESSAGE][PASSED] - Object 'Object Repository/VLink/Page_CCSale/txt_AL2' is present

2020-12-22 17:55:14 - [MESSAGE][PASSED] - Text '' is set on object 'Object Repository/VLink/Page_CCSale/txt_AL2'

2020-12-22 17:55:15 - [MESSAGE][PASSED] - Object 'Object Repository/VLink/Page_CCSale/txt_CardCity' is present

2020-12-22 17:55:15 - [MESSAGE][PASSED] - Text 'Crofton' is set on object 'Object Repository/VLink/Page_CCSale/txt_CardCity'

2020-12-22 17:55:16 - [MESSAGE][PASSED] - Object 'Object Repository/VLink/Page_CCSale/txt_CardState' is present

2020-12-22 17:55:16 - [MESSAGE][PASSED] - Text 'MD' is set on object 'Object Repository/VLink/Page_CCSale/txt_CardState'

2020-12-22 17:55:17 - [MESSAGE][PASSED] - Object 'Object Repository/VLink/Page_CCSale/txt_CardZIP' is present

2020-12-22 17:55:17 - [MESSAGE][PASSED] - Text '21114' is set on object 'Object Repository/VLink/Page_CCSale/txt_CardZIP'

2020-12-22 17:55:18 - [MESSAGE][PASSED] - Object 'Object Repository/VLink/Page_CCSale/txt_CountryID' is present

2020-12-22 17:55:18 - [MESSAGE][PASSED] - Text '' is set on object 'Object Repository/VLink/Page_CCSale/txt_CountryID'

2020-12-22 17:55:19 - [MESSAGE][PASSED] - Object 'Object Repository/VLink/Page_CCSale/txt_Amount' is present

2020-12-22 17:55:19 - [MESSAGE][PASSED] - Text '3.50' is set on object 'Object Repository/VLink/Page_CCSale/txt_Amount'

2020-12-22 17:55:20 - [MESSAGE][PASSED] - Object 'Object Repository/VLink/Page_CCSale/txt_CardNumber' is present

2020-12-22 17:55:20 - [MESSAGE][PASSED] - Text '4111111111111111' is set on object 'Object Repository/VLink/Page_CCSale/txt_CardNumber'

2020-12-22 17:55:21 - [MESSAGE][PASSED] - Object 'Object Repository/VLink/Page_CCSale/txt_ExpMonth' is present

2020-12-22 17:55:21 - [MESSAGE][PASSED] - Text '01' is set on object 'Object Repository/VLink/Page_CCSale/txt_ExpMonth'

2020-12-22 17:55:22 - [MESSAGE][PASSED] - Object 'Object Repository/VLink/Page_CCSale/txt_ExpYear' is present

2020-12-22 17:55:22 - [MESSAGE][PASSED] - Text '2026' is set on object 'Object Repository/VLink/Page_CCSale/txt_ExpYear'

2020-12-22 17:55:23 - [MESSAGE][PASSED] - Object 'Object Repository/VLink/Page_CCSale/txt_CVV' is present

2020-12-22 17:55:23 - [MESSAGE][PASSED] - Text '' is set on object 'Object Repository/VLink/Page_CCSale/txt_CVV'

2020-12-22 17:55:24 - [MESSAGE][PASSED] - Object 'Object Repository/VLink/Page_CCSale/txt_CVVstate' is present

2020-12-22 17:55:24 - [MESSAGE][PASSED] - Text '' is set on object 'Object Repository/VLink/Page_CCSale/txt_CVVstate'

2020-12-22 17:55:25 - [MESSAGE][PASSED] - Object 'Object Repository/VLink/Page_CCSale/txt_TrackData' is present

2020-12-22 17:55:25 - [MESSAGE][PASSED] - Text '' is set on object 'Object Repository/VLink/Page_CCSale/txt_TrackData'

2020-12-22 17:55:26 - [MESSAGE][PASSED] - Object 'Object Repository/VLink/Page_CCSale/txt_Track1Data' is present

2020-12-22 17:55:26 - [MESSAGE][PASSED] - Text '' is set on object 'Object Repository/VLink/Page_CCSale/txt_Track1Data'

2020-12-22 17:55:27 - [MESSAGE][PASSED] - Object 'Object Repository/VLink/Page_CCSale/txt_Track2Data' is present

2020-12-22 17:55:27 - [MESSAGE][PASSED] - Text '' is set on object 'Object Repository/VLink/Page_CCSale/txt_Track2Data'

2020-12-22 17:55:28 - [MESSAGE][PASSED] - Object 'Object Repository/VLink/Page_CCSale/txt_POSEntryMode' is present

2020-12-22 17:55:28 - [MESSAGE][PASSED] - Text 'manual' is set on object 'Object Repository/VLink/Page_CCSale/txt_POSEntryMode'

2020-12-22 17:55:29 - [MESSAGE][PASSED] - Object 'Object Repository/VLink/Page_CCSale/txt_Email' is present

2020-12-22 17:55:29 - [MESSAGE][PASSED] - Text '' is set on object 'Object Repository/VLink/Page_CCSale/txt_Email'

2020-12-22 17:55:30 - [MESSAGE][PASSED] - Object 'Object Repository/VLink/Page_CCSale/txt_OrderNumber' is present

2020-12-22 17:55:30 - [MESSAGE][PASSED] - Text '' is set on object 'Object Repository/VLink/Page_CCSale/txt_OrderNumber'

2020-12-22 17:55:31 - [MESSAGE][PASSED] - Object 'Object Repository/VLink/Page_CCSale/txt_TaxAmount' is present

2020-12-22 17:55:31 - [MESSAGE][PASSED] - Text '' is set on object 'Object Repository/VLink/Page_CCSale/txt_TaxAmount'

2020-12-22 17:55:32 - [MESSAGE][PASSED] - Object 'Object Repository/VLink/Page_CCSale/txt_ChargeDescription' is present

2020-12-22 17:55:32 - [MESSAGE][PASSED] - Text '' is set on object 'Object Repository/VLink/Page_CCSale/txt_ChargeDescription'

2020-12-22 17:55:33 - [MESSAGE][PASSED] - Object 'Object Repository/VLink/Page_CCSale/txt_CAN' is present

2020-12-22 17:55:33 - [MESSAGE][PASSED] - Text '' is set on object 'Object Repository/VLink/Page_CCSale/txt_CAN'

2020-12-22 17:55:34 - [MESSAGE][PASSED] - Object 'Object Repository/VLink/Page_CCSale/txt_BillPaymentIndicator' is present

2020-12-22 17:55:34 - [MESSAGE][PASSED] - Text '' is set on object 'Object Repository/VLink/Page_CCSale/txt_BillPaymentIndicator'

2020-12-22 17:55:35 - [MESSAGE][PASSED] - Object 'Object Repository/VLink/Page_CCSale/txt_UDF1' is present

2020-12-22 17:55:35 - [MESSAGE][PASSED] - Text '' is set on object 'Object Repository/VLink/Page_CCSale/txt_UDF1'

2020-12-22 17:55:36 - [MESSAGE][PASSED] - Object 'Object Repository/VLink/Page_CCSale/txt_UDF2' is present

2020-12-22 17:55:36 - [MESSAGE][PASSED] - Text '' is set on object 'Object Repository/VLink/Page_CCSale/txt_UDF2'

2020-12-22 17:55:37 - [MESSAGE][PASSED] - Object 'Object Repository/VLink/Page_CCSale/txt_UDF3' is present

2020-12-22 17:55:37 - [MESSAGE][PASSED] - Text '' is set on object 'Object Repository/VLink/Page_CCSale/txt_UDF3'

2020-12-22 17:55:38 - [MESSAGE][PASSED] - Object 'Object Repository/VLink/Page_CCSale/txt_UDF4' is present

2020-12-22 17:55:38 - [MESSAGE][PASSED] - Text '' is set on object 'Object Repository/VLink/Page_CCSale/txt_UDF4'

2020-12-22 17:55:39 - [MESSAGE][PASSED] - Object 'Object Repository/VLink/Page_CCSale/txt_UDF5' is present

2020-12-22 17:55:39 - [MESSAGE][PASSED] - Text '' is set on object 'Object Repository/VLink/Page_CCSale/txt_UDF5'

2020-12-22 17:55:40 - [MESSAGE][PASSED] - Object 'Object Repository/VLink/Page_CCSale/txt_UDF6' is present

2020-12-22 17:55:40 - [MESSAGE][PASSED] - Text '' is set on object 'Object Repository/VLink/Page_CCSale/txt_UDF6'

2020-12-22 17:55:41 - [MESSAGE][PASSED] - Object 'Object Repository/VLink/Page_CCSale/txt_UDF7' is present

2020-12-22 17:55:41 - [MESSAGE][PASSED] - Text '' is set on object 'Object Repository/VLink/Page_CCSale/txt_UDF7'

2020-12-22 17:55:41 - [MESSAGE][PASSED] - Object 'Object Repository/VLink/Page_CCSale/txt_UDF8' is present

2020-12-22 17:55:42 - [MESSAGE][PASSED] - Text '' is set on object 'Object Repository/VLink/Page_CCSale/txt_UDF8'

2020-12-22 17:55:42 - [MESSAGE][PASSED] - Object 'Object Repository/VLink/Page_CCSale/txt_UDF9' is present

2020-12-22 17:55:43 - [MESSAGE][PASSED] - Text '' is set on object 'Object Repository/VLink/Page_CCSale/txt_UDF9'

2020-12-22 17:55:43 - [MESSAGE][PASSED] - Object 'Object Repository/VLink/Page_CCSale/txt_UDF10' is present

2020-12-22 17:55:44 - [MESSAGE][PASSED] - Text '' is set on object 'Object Repository/VLink/Page_CCSale/txt_UDF10'

2020-12-22 17:55:44 - [MESSAGE][PASSED] - Object 'Object Repository/VLink/Page_CCSale/txt_CardOnFileIndicator' is present

2020-12-22 17:55:45 - [MESSAGE][PASSED] - Text '0' is set on object 'Object Repository/VLink/Page_CCSale/txt_CardOnFileIndicator'

2020-12-22 17:55:45 - [MESSAGE][PASSED] - Object 'Object Repository/VLink/Page_CCSale/txt_StoredCredentialIndicator' is present

2020-12-22 17:55:46 - [MESSAGE][PASSED] - Text 'Initial' is set on object 'Object Repository/VLink/Page_CCSale/txt_StoredCredentialIndicator'

2020-12-22 17:55:46 - [MESSAGE][PASSED] - Object 'Object Repository/VLink/Page_CCSale/txt_COFScheduledIndicator' is present

2020-12-22 17:55:47 - [MESSAGE][PASSED] - Text 'Unscheduled' is set on object 'Object Repository/VLink/Page_CCSale/txt_COFScheduledIndicator'

2020-12-22 17:55:47 - [MESSAGE][PASSED] - Object 'Object Repository/VLink/Page_CCSale/txt_COFTransactionInitiatedBy' is present

2020-12-22 17:55:48 - [MESSAGE][PASSED] - Text 'Customer' is set on object 'Object Repository/VLink/Page_CCSale/txt_COFTransactionInitiatedBy'

2020-12-22 17:55:51 - [MESSAGE][PASSED] - Object: 'Object Repository/VLink/Page_CCSale/btn_ProcessVLinkTransaction' is clicked on

2020-12-22 17:55:56 - [MESSAGE][PASSED] - vlinkPages.saleCCPage.setDataSCC is PASSED

2020-12-22 17:55:56 - [TEST_STEP][PASSED] - if (verifyTextPresent("Transaction approved, no errors", true)): null

2020-12-22 17:55:56 - [MESSAGE][PASSED] - Text 'Transaction approved, no errors' is present on page  using regular expression

2020-12-22 17:55:56 - [TEST_STEP][PASSED] - println("Transaction Approved, no errors text is present on the Confirmation page"): null

2020-12-22 17:55:56 - [TEST_STEP][PASSED] - out.println("Pass Record Number: " + row): null

2020-12-22 17:55:56 - [TEST_STEP][PASSED] - sdfo = getText(findTestObject("Object Repository/Page_VLinkReceipt/pre_STX")): Text of object 'Object Repository/Page_VLinkReceipt/pre_STX' is: '<STX>WDvdNdmfQ7Xr                  12087972            0  Transaction approved, no errors                   0                                                                                  X OK4710   <ETX>'

2020-12-22 17:55:56 - [MESSAGE][PASSED] - Text of object 'Object Repository/Page_VLinkReceipt/pre_STX' is: '<STX>WDvdNdmfQ7Xr                  12087972            0  Transaction approved, no errors                   0                                                                                  X OK4710   <ETX>'

2020-12-22 17:55:56 - [TEST_STEP][PASSED] - out.println("sdfo: " + sdfo): null

2020-12-22 17:55:56 - [TEST_STEP][PASSED] - remID = substring(5, 35).trim(): null

2020-12-22 17:55:56 - [TEST_STEP][PASSED] - out.println("Remittance ID: " + remID): null

2020-12-22 17:55:56 - [TEST_STEP][PASSED] - traxID = substring(35, 55).trim(): null

2020-12-22 17:55:56 - [TEST_STEP][PASSED] - out.println("Transaction ID: " + traxID): null

2020-12-22 17:55:56 - [TEST_STEP][PASSED] - out.println("End Record Number: " + row): null

2020-12-22 17:55:56 - [TEST_STEP][PASSED] - closeBrowser(): Browser is closed

2020-12-22 17:55:57 - [MESSAGE][PASSED] - Browser is closed

2020-12-22 17:55:57 - [TEST_STEP][PASSED] - out.println("Begin Record Number: " + row): null

2020-12-22 17:55:57 - [TEST_STEP][PASSED] - openBrowser(VLinkURL + "authcap.html"): Browser is opened with url: 'https://dev-algorithm.govolution.com/vlinktest/QA/version_2_0/authcap.html'

2020-12-22 17:55:57 - [MESSAGE][INFO] - Starting 'Chrome' driver

2020-12-22 17:55:57 - [MESSAGE][INFO] - User set preference: ['acceptInsecureCerts', 'true']

2020-12-22 17:55:57 - [MESSAGE][INFO] - Action delay is set to 0 milliseconds

2020-12-22 17:56:00 - [MESSAGE][PASSED] - Browser is opened with url: 'https://dev-algorithm.govolution.com/vlinktest/QA/version_2_0/authcap.html'

2020-12-22 17:56:00 - [TEST_STEP][PASSED] - maximizeWindow(): Current window maximized

2020-12-22 17:56:01 - [MESSAGE][PASSED] - Current window maximized

2020-12-22 17:56:01 - [TEST_STEP][PASSED] - vlinkPages.saleCCPage.setDataSCC(row, dataFile): vlinkPages.saleCCPage.setDataSCC is PASSED

2020-12-22 17:56:02 - [MESSAGE][PASSED] - Object 'Object Repository/VLink/Page_CCSale/txt_CardNumber' is present

2020-12-22 17:56:03 - [MESSAGE][PASSED] - Object 'Object Repository/VLink/Page_CCSale/txt_TransactionType' is present

2020-12-22 17:56:03 - [MESSAGE][PASSED] - Text '104' is set on object 'Object Repository/VLink/Page_CCSale/txt_TransactionType'

2020-12-22 17:56:04 - [MESSAGE][PASSED] - Object 'Object Repository/VLink/Page_CCSale/txt_MessageVersion' is present

2020-12-22 17:56:04 - [MESSAGE][PASSED] - Text '2.0C' is set on object 'Object Repository/VLink/Page_CCSale/txt_MessageVersion'

2020-12-22 17:56:05 - [MESSAGE][PASSED] - Object 'Object Repository/VLink/Page_CCSale/txt_RemID' is present

2020-12-22 17:56:05 - [MESSAGE][PASSED] - Text 'dLKgGYH1FL3u' is set on object 'Object Repository/VLink/Page_CCSale/txt_RemID'

2020-12-22 17:56:05 - [MESSAGE][PASSED] - Object 'Object Repository/VLink/Page_CCSale/txt_ApplicationId' is present

2020-12-22 17:56:06 - [MESSAGE][PASSED] - Text '665' is set on object 'Object Repository/VLink/Page_CCSale/txt_ApplicationId'

2020-12-22 17:56:06 - [MESSAGE][PASSED] - Object 'Object Repository/VLink/Page_CCSale/txt_Username' is present

2020-12-22 17:56:07 - [MESSAGE][PASSED] - Text 'username' is set on object 'Object Repository/VLink/Page_CCSale/txt_Username'

2020-12-22 17:56:07 - [MESSAGE][PASSED] - Object 'Object Repository/VLink/Page_CCSale/txt_Password' is present

2020-12-22 17:56:08 - [MESSAGE][PASSED] - Text 'password' is set on object 'Object Repository/VLink/Page_CCSale/txt_Password'

2020-12-22 17:56:08 - [MESSAGE][PASSED] - Object 'Object Repository/VLink/Page_CCSale/txt_ResponseFormat' is present

2020-12-22 17:56:09 - [MESSAGE][PASSED] - Text 'fixed_width' is set on object 'Object Repository/VLink/Page_CCSale/txt_ResponseFormat'

2020-12-22 17:56:09 - [MESSAGE][PASSED] - Object 'Object Repository/VLink/Page_CCSale/txt_Category' is present

2020-12-22 17:56:10 - [MESSAGE][PASSED] - Text 'RETL' is set on object 'Object Repository/VLink/Page_CCSale/txt_Category'

2020-12-22 17:56:10 - [MESSAGE][PASSED] - Object 'Object Repository/VLink/Page_CCSale/txt_TransactionID' is present

2020-12-22 17:56:11 - [MESSAGE][PASSED] - Text '' is set on object 'Object Repository/VLink/Page_CCSale/txt_TransactionID'

2020-12-22 17:56:11 - [MESSAGE][PASSED] - Object 'Object Repository/VLink/Page_CCSale/txt_ApprovalCode' is present

2020-12-22 17:56:12 - [MESSAGE][PASSED] - Text '' is set on object 'Object Repository/VLink/Page_CCSale/txt_ApprovalCode'

2020-12-22 17:56:12 - [MESSAGE][PASSED] - Object 'Object Repository/VLink/Page_CCSale/txt_CardName' is present

2020-12-22 17:56:13 - [MESSAGE][PASSED] - Text 'Kris Roshan' is set on object 'Object Repository/VLink/Page_CCSale/txt_CardName'

2020-12-22 17:56:13 - [MESSAGE][PASSED] - Object 'Object Repository/VLink/Page_CCSale/txt_AL1' is present

2020-12-22 17:56:14 - [MESSAGE][PASSED] - Text '258 Elm Road' is set on object 'Object Repository/VLink/Page_CCSale/txt_AL1'

2020-12-22 17:56:14 - [MESSAGE][PASSED] - Object 'Object Repository/VLink/Page_CCSale/txt_AL2' is present

2020-12-22 17:56:15 - [MESSAGE][PASSED] - Text 'Suite 56' is set on object 'Object Repository/VLink/Page_CCSale/txt_AL2'

2020-12-22 17:56:15 - [MESSAGE][PASSED] - Object 'Object Repository/VLink/Page_CCSale/txt_CardCity' is present

2020-12-22 17:56:16 - [MESSAGE][PASSED] - Text 'Arlington' is set on object 'Object Repository/VLink/Page_CCSale/txt_CardCity'

2020-12-22 17:56:16 - [MESSAGE][PASSED] - Object 'Object Repository/VLink/Page_CCSale/txt_CardState' is present

2020-12-22 17:56:17 - [MESSAGE][PASSED] - Text 'VA' is set on object 'Object Repository/VLink/Page_CCSale/txt_CardState'

2020-12-22 17:56:17 - [MESSAGE][PASSED] - Object 'Object Repository/VLink/Page_CCSale/txt_CardZIP' is present

2020-12-22 17:56:18 - [MESSAGE][PASSED] - Text '22201' is set on object 'Object Repository/VLink/Page_CCSale/txt_CardZIP'

2020-12-22 17:56:18 - [MESSAGE][PASSED] - Object 'Object Repository/VLink/Page_CCSale/txt_CountryID' is present

2020-12-22 17:56:19 - [MESSAGE][PASSED] - Text '840' is set on object 'Object Repository/VLink/Page_CCSale/txt_CountryID'

2020-12-22 17:56:19 - [MESSAGE][PASSED] - Object 'Object Repository/VLink/Page_CCSale/txt_Amount' is present

2020-12-22 17:56:20 - [MESSAGE][PASSED] - Text '1.50' is set on object 'Object Repository/VLink/Page_CCSale/txt_Amount'

2020-12-22 17:56:20 - [MESSAGE][PASSED] - Object 'Object Repository/VLink/Page_CCSale/txt_CardNumber' is present

2020-12-22 17:56:21 - [MESSAGE][PASSED] - Text '5424000000000015' is set on object 'Object Repository/VLink/Page_CCSale/txt_CardNumber'

2020-12-22 17:56:21 - [MESSAGE][PASSED] - Object 'Object Repository/VLink/Page_CCSale/txt_ExpMonth' is present

2020-12-22 17:56:21 - [MESSAGE][PASSED] - Text '12' is set on object 'Object Repository/VLink/Page_CCSale/txt_ExpMonth'

2020-12-22 17:56:22 - [MESSAGE][PASSED] - Object 'Object Repository/VLink/Page_CCSale/txt_ExpYear' is present

2020-12-22 17:56:23 - [MESSAGE][PASSED] - Text '2025' is set on object 'Object Repository/VLink/Page_CCSale/txt_ExpYear'

2020-12-22 17:56:23 - [MESSAGE][PASSED] - Object 'Object Repository/VLink/Page_CCSale/txt_CVV' is present

2020-12-22 17:56:23 - [MESSAGE][PASSED] - Text '' is set on object 'Object Repository/VLink/Page_CCSale/txt_CVV'

2020-12-22 17:56:24 - [MESSAGE][PASSED] - Object 'Object Repository/VLink/Page_CCSale/txt_CVVstate' is present

2020-12-22 17:56:24 - [MESSAGE][PASSED] - Text '' is set on object 'Object Repository/VLink/Page_CCSale/txt_CVVstate'

2020-12-22 17:56:25 - [MESSAGE][PASSED] - Object 'Object Repository/VLink/Page_CCSale/txt_TrackData' is present

2020-12-22 17:56:25 - [MESSAGE][PASSED] - Text '' is set on object 'Object Repository/VLink/Page_CCSale/txt_TrackData'

2020-12-22 17:56:26 - [MESSAGE][PASSED] - Object 'Object Repository/VLink/Page_CCSale/txt_Track1Data' is present

2020-12-22 17:56:26 - [MESSAGE][PASSED] - Text '' is set on object 'Object Repository/VLink/Page_CCSale/txt_Track1Data'

2020-12-22 17:56:27 - [MESSAGE][PASSED] - Object 'Object Repository/VLink/Page_CCSale/txt_Track2Data' is present

2020-12-22 17:56:27 - [MESSAGE][PASSED] - Text '' is set on object 'Object Repository/VLink/Page_CCSale/txt_Track2Data'

2020-12-22 17:56:28 - [MESSAGE][PASSED] - Object 'Object Repository/VLink/Page_CCSale/txt_POSEntryMode' is present

2020-12-22 17:56:28 - [MESSAGE][PASSED] - Text 'manual' is set on object 'Object Repository/VLink/Page_CCSale/txt_POSEntryMode'

2020-12-22 17:56:29 - [MESSAGE][PASSED] - Object 'Object Repository/VLink/Page_CCSale/txt_Email' is present

2020-12-22 17:56:29 - [MESSAGE][PASSED] - Text 'iahmed@govolution.com' is set on object 'Object Repository/VLink/Page_CCSale/txt_Email'

2020-12-22 17:56:30 - [MESSAGE][PASSED] - Object 'Object Repository/VLink/Page_CCSale/txt_OrderNumber' is present

2020-12-22 17:56:30 - [MESSAGE][PASSED] - Text '2569362' is set on object 'Object Repository/VLink/Page_CCSale/txt_OrderNumber'

2020-12-22 17:56:31 - [MESSAGE][PASSED] - Object 'Object Repository/VLink/Page_CCSale/txt_TaxAmount' is present

2020-12-22 17:56:31 - [MESSAGE][PASSED] - Text '1.15' is set on object 'Object Repository/VLink/Page_CCSale/txt_TaxAmount'

2020-12-22 17:56:32 - [MESSAGE][PASSED] - Object 'Object Repository/VLink/Page_CCSale/txt_ChargeDescription' is present

2020-12-22 17:56:32 - [MESSAGE][PASSED] - Text 'Charge Description' is set on object 'Object Repository/VLink/Page_CCSale/txt_ChargeDescription'

2020-12-22 17:56:33 - [MESSAGE][PASSED] - Object 'Object Repository/VLink/Page_CCSale/txt_CAN' is present

2020-12-22 17:56:33 - [MESSAGE][PASSED] - Text '147357' is set on object 'Object Repository/VLink/Page_CCSale/txt_CAN'

2020-12-22 17:56:34 - [MESSAGE][PASSED] - Object 'Object Repository/VLink/Page_CCSale/txt_BillPaymentIndicator' is present

2020-12-22 17:56:34 - [MESSAGE][PASSED] - Text '1' is set on object 'Object Repository/VLink/Page_CCSale/txt_BillPaymentIndicator'

2020-12-22 17:56:35 - [MESSAGE][PASSED] - Object 'Object Repository/VLink/Page_CCSale/txt_UDF1' is present

2020-12-22 17:56:35 - [MESSAGE][PASSED] - Text 'UDF Data 1' is set on object 'Object Repository/VLink/Page_CCSale/txt_UDF1'

2020-12-22 17:56:36 - [MESSAGE][PASSED] - Object 'Object Repository/VLink/Page_CCSale/txt_UDF2' is present

2020-12-22 17:56:36 - [MESSAGE][PASSED] - Text 'UDF Data 2' is set on object 'Object Repository/VLink/Page_CCSale/txt_UDF2'

2020-12-22 17:56:37 - [MESSAGE][PASSED] - Object 'Object Repository/VLink/Page_CCSale/txt_UDF3' is present

2020-12-22 17:56:37 - [MESSAGE][PASSED] - Text 'UDF Data 3' is set on object 'Object Repository/VLink/Page_CCSale/txt_UDF3'

2020-12-22 17:56:38 - [MESSAGE][PASSED] - Object 'Object Repository/VLink/Page_CCSale/txt_UDF4' is present

2020-12-22 17:56:38 - [MESSAGE][PASSED] - Text 'UDF Data 4' is set on object 'Object Repository/VLink/Page_CCSale/txt_UDF4'

2020-12-22 17:56:39 - [MESSAGE][PASSED] - Object 'Object Repository/VLink/Page_CCSale/txt_UDF5' is present

2020-12-22 17:56:39 - [MESSAGE][PASSED] - Text 'UDF Data 5' is set on object 'Object Repository/VLink/Page_CCSale/txt_UDF5'

2020-12-22 17:56:40 - [MESSAGE][PASSED] - Object 'Object Repository/VLink/Page_CCSale/txt_UDF6' is present

2020-12-22 17:56:40 - [MESSAGE][PASSED] - Text 'UDF Data 6' is set on object 'Object Repository/VLink/Page_CCSale/txt_UDF6'

2020-12-22 17:56:41 - [MESSAGE][PASSED] - Object 'Object Repository/VLink/Page_CCSale/txt_UDF7' is present

2020-12-22 17:56:41 - [MESSAGE][PASSED] - Text 'UDF Data 7' is set on object 'Object Repository/VLink/Page_CCSale/txt_UDF7'

2020-12-22 17:56:42 - [MESSAGE][PASSED] - Object 'Object Repository/VLink/Page_CCSale/txt_UDF8' is present

2020-12-22 17:56:42 - [MESSAGE][PASSED] - Text 'UDF Data 8' is set on object 'Object Repository/VLink/Page_CCSale/txt_UDF8'

2020-12-22 17:56:43 - [MESSAGE][PASSED] - Object 'Object Repository/VLink/Page_CCSale/txt_UDF9' is present

2020-12-22 17:56:43 - [MESSAGE][PASSED] - Text 'UDF Data 9' is set on object 'Object Repository/VLink/Page_CCSale/txt_UDF9'

2020-12-22 17:56:44 - [MESSAGE][PASSED] - Object 'Object Repository/VLink/Page_CCSale/txt_UDF10' is present

2020-12-22 17:56:44 - [MESSAGE][PASSED] - Text 'UDF Data 10' is set on object 'Object Repository/VLink/Page_CCSale/txt_UDF10'

2020-12-22 17:56:45 - [MESSAGE][PASSED] - Object 'Object Repository/VLink/Page_CCSale/txt_CardOnFileIndicator' is present

2020-12-22 17:56:45 - [MESSAGE][PASSED] - Text '0' is set on object 'Object Repository/VLink/Page_CCSale/txt_CardOnFileIndicator'

2020-12-22 17:56:46 - [MESSAGE][PASSED] - Object 'Object Repository/VLink/Page_CCSale/txt_StoredCredentialIndicator' is present

2020-12-22 17:56:46 - [MESSAGE][PASSED] - Text 'Initial' is set on object 'Object Repository/VLink/Page_CCSale/txt_StoredCredentialIndicator'

2020-12-22 17:56:47 - [MESSAGE][PASSED] - Object 'Object Repository/VLink/Page_CCSale/txt_COFScheduledIndicator' is present

2020-12-22 17:56:47 - [MESSAGE][PASSED] - Text 'Unscheduled' is set on object 'Object Repository/VLink/Page_CCSale/txt_COFScheduledIndicator'

2020-12-22 17:56:48 - [MESSAGE][PASSED] - Object 'Object Repository/VLink/Page_CCSale/txt_COFTransactionInitiatedBy' is present

2020-12-22 17:56:48 - [MESSAGE][PASSED] - Text 'Customer' is set on object 'Object Repository/VLink/Page_CCSale/txt_COFTransactionInitiatedBy'

2020-12-22 17:56:51 - [MESSAGE][PASSED] - Object: 'Object Repository/VLink/Page_CCSale/btn_ProcessVLinkTransaction' is clicked on

2020-12-22 17:56:56 - [MESSAGE][PASSED] - vlinkPages.saleCCPage.setDataSCC is PASSED

2020-12-22 17:56:56 - [TEST_STEP][PASSED] - if (verifyTextPresent("Transaction approved, no errors", true)): null

2020-12-22 17:56:56 - [MESSAGE][PASSED] - Text 'Transaction approved, no errors' is present on page  using regular expression

2020-12-22 17:56:56 - [TEST_STEP][PASSED] - println("Transaction Approved, no errors text is present on the Confirmation page"): null

2020-12-22 17:56:56 - [TEST_STEP][PASSED] - out.println("Pass Record Number: " + row): null

2020-12-22 17:56:56 - [TEST_STEP][PASSED] - sdfo = getText(findTestObject("Object Repository/Page_VLinkReceipt/pre_STX")): Text of object 'Object Repository/Page_VLinkReceipt/pre_STX' is: '<STX>dLKgGYH1FL3u                  12087973            0  Transaction approved, no errors                   0                                                                                  X OK4760   <ETX>'

2020-12-22 17:56:57 - [MESSAGE][PASSED] - Text of object 'Object Repository/Page_VLinkReceipt/pre_STX' is: '<STX>dLKgGYH1FL3u                  12087973            0  Transaction approved, no errors                   0                                                                                  X OK4760   <ETX>'

2020-12-22 17:56:57 - [TEST_STEP][PASSED] - out.println("sdfo: " + sdfo): null

2020-12-22 17:56:57 - [TEST_STEP][PASSED] - remID = substring(5, 35).trim(): null

2020-12-22 17:56:57 - [TEST_STEP][PASSED] - out.println("Remittance ID: " + remID): null

2020-12-22 17:56:57 - [TEST_STEP][PASSED] - traxID = substring(35, 55).trim(): null

2020-12-22 17:56:57 - [TEST_STEP][PASSED] - out.println("Transaction ID: " + traxID): null

2020-12-22 17:56:57 - [TEST_STEP][PASSED] - out.println("End Record Number: " + row): null

2020-12-22 17:56:57 - [TEST_STEP][PASSED] - closeBrowser(): Browser is closed

2020-12-22 17:56:57 - [MESSAGE][PASSED] - Browser is closed

2020-12-22 17:56:57 - [TEST_STEP][PASSED] - out.println("Begin Record Number: " + row): null

2020-12-22 17:56:57 - [TEST_STEP][PASSED] - openBrowser(VLinkURL + "authcap.html"): Browser is opened with url: 'https://dev-algorithm.govolution.com/vlinktest/QA/version_2_0/authcap.html'

2020-12-22 17:56:57 - [MESSAGE][INFO] - Starting 'Chrome' driver

2020-12-22 17:56:57 - [MESSAGE][INFO] - User set preference: ['acceptInsecureCerts', 'true']

2020-12-22 17:56:57 - [MESSAGE][INFO] - Action delay is set to 0 milliseconds

2020-12-22 17:57:02 - [MESSAGE][PASSED] - Browser is opened with url: 'https://dev-algorithm.govolution.com/vlinktest/QA/version_2_0/authcap.html'

2020-12-22 17:57:02 - [TEST_STEP][PASSED] - maximizeWindow(): Current window maximized

2020-12-22 17:57:02 - [MESSAGE][PASSED] - Current window maximized

2020-12-22 17:57:02 - [TEST_STEP][PASSED] - vlinkPages.saleCCPage.setDataSCC(row, dataFile): vlinkPages.saleCCPage.setDataSCC is PASSED

2020-12-22 17:57:03 - [MESSAGE][PASSED] - Object 'Object Repository/VLink/Page_CCSale/txt_CardNumber' is present

2020-12-22 17:57:03 - [MESSAGE][PASSED] - Object 'Object Repository/VLink/Page_CCSale/txt_TransactionType' is present

2020-12-22 17:57:04 - [MESSAGE][PASSED] - Text '104' is set on object 'Object Repository/VLink/Page_CCSale/txt_TransactionType'

2020-12-22 17:57:04 - [MESSAGE][PASSED] - Object 'Object Repository/VLink/Page_CCSale/txt_MessageVersion' is present

2020-12-22 17:57:05 - [MESSAGE][PASSED] - Text '2.0C' is set on object 'Object Repository/VLink/Page_CCSale/txt_MessageVersion'

2020-12-22 17:57:05 - [MESSAGE][PASSED] - Object 'Object Repository/VLink/Page_CCSale/txt_RemID' is present

2020-12-22 17:57:06 - [MESSAGE][PASSED] - Text 'i09xpS7kz4Fs' is set on object 'Object Repository/VLink/Page_CCSale/txt_RemID'

2020-12-22 17:57:06 - [MESSAGE][PASSED] - Object 'Object Repository/VLink/Page_CCSale/txt_ApplicationId' is present

2020-12-22 17:57:07 - [MESSAGE][PASSED] - Text '665' is set on object 'Object Repository/VLink/Page_CCSale/txt_ApplicationId'

2020-12-22 17:57:07 - [MESSAGE][PASSED] - Object 'Object Repository/VLink/Page_CCSale/txt_Username' is present

2020-12-22 17:57:08 - [MESSAGE][PASSED] - Text 'username' is set on object 'Object Repository/VLink/Page_CCSale/txt_Username'

2020-12-22 17:57:08 - [MESSAGE][PASSED] - Object 'Object Repository/VLink/Page_CCSale/txt_Password' is present

2020-12-22 17:57:08 - [MESSAGE][PASSED] - Text 'password' is set on object 'Object Repository/VLink/Page_CCSale/txt_Password'

2020-12-22 17:57:09 - [MESSAGE][PASSED] - Object 'Object Repository/VLink/Page_CCSale/txt_ResponseFormat' is present

2020-12-22 17:57:09 - [MESSAGE][PASSED] - Text 'fixed_width' is set on object 'Object Repository/VLink/Page_CCSale/txt_ResponseFormat'

2020-12-22 17:57:10 - [MESSAGE][PASSED] - Object 'Object Repository/VLink/Page_CCSale/txt_Category' is present

2020-12-22 17:57:10 - [MESSAGE][PASSED] - Text 'RETL' is set on object 'Object Repository/VLink/Page_CCSale/txt_Category'

2020-12-22 17:57:10 - [MESSAGE][PASSED] - Object 'Object Repository/VLink/Page_CCSale/txt_TransactionID' is present

2020-12-22 17:57:11 - [MESSAGE][PASSED] - Text '' is set on object 'Object Repository/VLink/Page_CCSale/txt_TransactionID'

2020-12-22 17:57:11 - [MESSAGE][PASSED] - Object 'Object Repository/VLink/Page_CCSale/txt_ApprovalCode' is present

2020-12-22 17:57:12 - [MESSAGE][PASSED] - Text '' is set on object 'Object Repository/VLink/Page_CCSale/txt_ApprovalCode'

2020-12-22 17:57:12 - [MESSAGE][PASSED] - Object 'Object Repository/VLink/Page_CCSale/txt_CardName' is present

2020-12-22 17:57:13 - [MESSAGE][PASSED] - Text 'Roshan Maha' is set on object 'Object Repository/VLink/Page_CCSale/txt_CardName'

2020-12-22 17:57:13 - [MESSAGE][PASSED] - Object 'Object Repository/VLink/Page_CCSale/txt_AL1' is present

2020-12-22 17:57:14 - [MESSAGE][PASSED] - Text '12563 Bazaar road' is set on object 'Object Repository/VLink/Page_CCSale/txt_AL1'

2020-12-22 17:57:14 - [MESSAGE][PASSED] - Object 'Object Repository/VLink/Page_CCSale/txt_AL2' is present

2020-12-22 17:57:15 - [MESSAGE][PASSED] - Text '' is set on object 'Object Repository/VLink/Page_CCSale/txt_AL2'

2020-12-22 17:57:15 - [MESSAGE][PASSED] - Object 'Object Repository/VLink/Page_CCSale/txt_CardCity' is present

2020-12-22 17:57:16 - [MESSAGE][PASSED] - Text 'Crofton' is set on object 'Object Repository/VLink/Page_CCSale/txt_CardCity'

2020-12-22 17:57:16 - [MESSAGE][PASSED] - Object 'Object Repository/VLink/Page_CCSale/txt_CardState' is present

2020-12-22 17:57:17 - [MESSAGE][PASSED] - Text 'MD' is set on object 'Object Repository/VLink/Page_CCSale/txt_CardState'

2020-12-22 17:57:17 - [MESSAGE][PASSED] - Object 'Object Repository/VLink/Page_CCSale/txt_CardZIP' is present

2020-12-22 17:57:18 - [MESSAGE][PASSED] - Text '21114' is set on object 'Object Repository/VLink/Page_CCSale/txt_CardZIP'

2020-12-22 17:57:18 - [MESSAGE][PASSED] - Object 'Object Repository/VLink/Page_CCSale/txt_CountryID' is present

2020-12-22 17:57:19 - [MESSAGE][PASSED] - Text '' is set on object 'Object Repository/VLink/Page_CCSale/txt_CountryID'

2020-12-22 17:57:19 - [MESSAGE][PASSED] - Object 'Object Repository/VLink/Page_CCSale/txt_Amount' is present

2020-12-22 17:57:20 - [MESSAGE][PASSED] - Text '3.50' is set on object 'Object Repository/VLink/Page_CCSale/txt_Amount'

2020-12-22 17:57:20 - [MESSAGE][PASSED] - Object 'Object Repository/VLink/Page_CCSale/txt_CardNumber' is present

2020-12-22 17:57:21 - [MESSAGE][PASSED] - Text '370000000000002' is set on object 'Object Repository/VLink/Page_CCSale/txt_CardNumber'

2020-12-22 17:57:21 - [MESSAGE][PASSED] - Object 'Object Repository/VLink/Page_CCSale/txt_ExpMonth' is present

2020-12-22 17:57:22 - [MESSAGE][PASSED] - Text '01' is set on object 'Object Repository/VLink/Page_CCSale/txt_ExpMonth'

2020-12-22 17:57:22 - [MESSAGE][PASSED] - Object 'Object Repository/VLink/Page_CCSale/txt_ExpYear' is present

2020-12-22 17:57:23 - [MESSAGE][PASSED] - Text '2026' is set on object 'Object Repository/VLink/Page_CCSale/txt_ExpYear'

2020-12-22 17:57:23 - [MESSAGE][PASSED] - Object 'Object Repository/VLink/Page_CCSale/txt_CVV' is present

2020-12-22 17:57:24 - [MESSAGE][PASSED] - Text '' is set on object 'Object Repository/VLink/Page_CCSale/txt_CVV'

2020-12-22 17:57:24 - [MESSAGE][PASSED] - Object 'Object Repository/VLink/Page_CCSale/txt_CVVstate' is present

2020-12-22 17:57:25 - [MESSAGE][PASSED] - Text '' is set on object 'Object Repository/VLink/Page_CCSale/txt_CVVstate'

2020-12-22 17:57:25 - [MESSAGE][PASSED] - Object 'Object Repository/VLink/Page_CCSale/txt_TrackData' is present

2020-12-22 17:57:26 - [MESSAGE][PASSED] - Text '' is set on object 'Object Repository/VLink/Page_CCSale/txt_TrackData'

2020-12-22 17:57:26 - [MESSAGE][PASSED] - Object 'Object Repository/VLink/Page_CCSale/txt_Track1Data' is present

2020-12-22 17:57:27 - [MESSAGE][PASSED] - Text '' is set on object 'Object Repository/VLink/Page_CCSale/txt_Track1Data'

2020-12-22 17:57:27 - [MESSAGE][PASSED] - Object 'Object Repository/VLink/Page_CCSale/txt_Track2Data' is present

2020-12-22 17:57:28 - [MESSAGE][PASSED] - Text '' is set on object 'Object Repository/VLink/Page_CCSale/txt_Track2Data'

2020-12-22 17:57:28 - [MESSAGE][PASSED] - Object 'Object Repository/VLink/Page_CCSale/txt_POSEntryMode' is present

2020-12-22 17:57:29 - [MESSAGE][PASSED] - Text 'manual' is set on object 'Object Repository/VLink/Page_CCSale/txt_POSEntryMode'

2020-12-22 17:57:29 - [MESSAGE][PASSED] - Object 'Object Repository/VLink/Page_CCSale/txt_Email' is present

2020-12-22 17:57:30 - [MESSAGE][PASSED] - Text '' is set on object 'Object Repository/VLink/Page_CCSale/txt_Email'

2020-12-22 17:57:30 - [MESSAGE][PASSED] - Object 'Object Repository/VLink/Page_CCSale/txt_OrderNumber' is present

2020-12-22 17:57:31 - [MESSAGE][PASSED] - Text '' is set on object 'Object Repository/VLink/Page_CCSale/txt_OrderNumber'

2020-12-22 17:57:31 - [MESSAGE][PASSED] - Object 'Object Repository/VLink/Page_CCSale/txt_TaxAmount' is present

2020-12-22 17:57:32 - [MESSAGE][PASSED] - Text '' is set on object 'Object Repository/VLink/Page_CCSale/txt_TaxAmount'

2020-12-22 17:57:32 - [MESSAGE][PASSED] - Object 'Object Repository/VLink/Page_CCSale/txt_ChargeDescription' is present

2020-12-22 17:57:33 - [MESSAGE][PASSED] - Text '' is set on object 'Object Repository/VLink/Page_CCSale/txt_ChargeDescription'

2020-12-22 17:57:33 - [MESSAGE][PASSED] - Object 'Object Repository/VLink/Page_CCSale/txt_CAN' is present

2020-12-22 17:57:34 - [MESSAGE][PASSED] - Text '' is set on object 'Object Repository/VLink/Page_CCSale/txt_CAN'

2020-12-22 17:57:34 - [MESSAGE][PASSED] - Object 'Object Repository/VLink/Page_CCSale/txt_BillPaymentIndicator' is present

2020-12-22 17:57:34 - [MESSAGE][PASSED] - Text '' is set on object 'Object Repository/VLink/Page_CCSale/txt_BillPaymentIndicator'

2020-12-22 17:57:35 - [MESSAGE][PASSED] - Object 'Object Repository/VLink/Page_CCSale/txt_UDF1' is present

2020-12-22 17:57:36 - [MESSAGE][PASSED] - Text '' is set on object 'Object Repository/VLink/Page_CCSale/txt_UDF1'

2020-12-22 17:57:36 - [MESSAGE][PASSED] - Object 'Object Repository/VLink/Page_CCSale/txt_UDF2' is present

2020-12-22 17:57:36 - [MESSAGE][PASSED] - Text '' is set on object 'Object Repository/VLink/Page_CCSale/txt_UDF2'

2020-12-22 17:57:37 - [MESSAGE][PASSED] - Object 'Object Repository/VLink/Page_CCSale/txt_UDF3' is present

2020-12-22 17:57:37 - [MESSAGE][PASSED] - Text '' is set on object 'Object Repository/VLink/Page_CCSale/txt_UDF3'

2020-12-22 17:57:38 - [MESSAGE][PASSED] - Object 'Object Repository/VLink/Page_CCSale/txt_UDF4' is present

2020-12-22 17:57:38 - [MESSAGE][PASSED] - Text '' is set on object 'Object Repository/VLink/Page_CCSale/txt_UDF4'

2020-12-22 17:57:39 - [MESSAGE][PASSED] - Object 'Object Repository/VLink/Page_CCSale/txt_UDF5' is present

2020-12-22 17:57:39 - [MESSAGE][PASSED] - Text '' is set on object 'Object Repository/VLink/Page_CCSale/txt_UDF5'

2020-12-22 17:57:40 - [MESSAGE][PASSED] - Object 'Object Repository/VLink/Page_CCSale/txt_UDF6' is present

2020-12-22 17:57:40 - [MESSAGE][PASSED] - Text '' is set on object 'Object Repository/VLink/Page_CCSale/txt_UDF6'

2020-12-22 17:57:41 - [MESSAGE][PASSED] - Object 'Object Repository/VLink/Page_CCSale/txt_UDF7' is present

2020-12-22 17:57:41 - [MESSAGE][PASSED] - Text '' is set on object 'Object Repository/VLink/Page_CCSale/txt_UDF7'

2020-12-22 17:57:42 - [MESSAGE][PASSED] - Object 'Object Repository/VLink/Page_CCSale/txt_UDF8' is present

2020-12-22 17:57:42 - [MESSAGE][PASSED] - Text '' is set on object 'Object Repository/VLink/Page_CCSale/txt_UDF8'

2020-12-22 17:57:43 - [MESSAGE][PASSED] - Object 'Object Repository/VLink/Page_CCSale/txt_UDF9' is present

2020-12-22 17:57:43 - [MESSAGE][PASSED] - Text '' is set on object 'Object Repository/VLink/Page_CCSale/txt_UDF9'

2020-12-22 17:57:44 - [MESSAGE][PASSED] - Object 'Object Repository/VLink/Page_CCSale/txt_UDF10' is present

2020-12-22 17:57:44 - [MESSAGE][PASSED] - Text '' is set on object 'Object Repository/VLink/Page_CCSale/txt_UDF10'

2020-12-22 17:57:45 - [MESSAGE][PASSED] - Object 'Object Repository/VLink/Page_CCSale/txt_CardOnFileIndicator' is present

2020-12-22 17:57:45 - [MESSAGE][PASSED] - Text '0' is set on object 'Object Repository/VLink/Page_CCSale/txt_CardOnFileIndicator'

2020-12-22 17:57:46 - [MESSAGE][PASSED] - Object 'Object Repository/VLink/Page_CCSale/txt_StoredCredentialIndicator' is present

2020-12-22 17:57:46 - [MESSAGE][PASSED] - Text 'Initial' is set on object 'Object Repository/VLink/Page_CCSale/txt_StoredCredentialIndicator'

2020-12-22 17:57:47 - [MESSAGE][PASSED] - Object 'Object Repository/VLink/Page_CCSale/txt_COFScheduledIndicator' is present

2020-12-22 17:57:47 - [MESSAGE][PASSED] - Text 'Unscheduled' is set on object 'Object Repository/VLink/Page_CCSale/txt_COFScheduledIndicator'

2020-12-22 17:57:48 - [MESSAGE][PASSED] - Object 'Object Repository/VLink/Page_CCSale/txt_COFTransactionInitiatedBy' is present

2020-12-22 17:57:48 - [MESSAGE][PASSED] - Text 'Customer' is set on object 'Object Repository/VLink/Page_CCSale/txt_COFTransactionInitiatedBy'

2020-12-22 17:57:51 - [MESSAGE][PASSED] - Object: 'Object Repository/VLink/Page_CCSale/btn_ProcessVLinkTransaction' is clicked on

2020-12-22 17:57:56 - [MESSAGE][PASSED] - vlinkPages.saleCCPage.setDataSCC is PASSED

2020-12-22 17:57:56 - [TEST_STEP][PASSED] - if (verifyTextPresent("Transaction approved, no errors", true)): null

2020-12-22 17:57:56 - [MESSAGE][PASSED] - Text 'Transaction approved, no errors' is present on page  using regular expression

2020-12-22 17:57:56 - [TEST_STEP][PASSED] - println("Transaction Approved, no errors text is present on the Confirmation page"): null

2020-12-22 17:57:56 - [TEST_STEP][PASSED] - out.println("Pass Record Number: " + row): null

2020-12-22 17:57:56 - [TEST_STEP][PASSED] - sdfo = getText(findTestObject("Object Repository/Page_VLinkReceipt/pre_STX")): Text of object 'Object Repository/Page_VLinkReceipt/pre_STX' is: '<STX>i09xpS7kz4Fs                  12087974            0  Transaction approved, no errors                   0                                                                                  X OK4830   <ETX>'

2020-12-22 17:57:56 - [MESSAGE][PASSED] - Text of object 'Object Repository/Page_VLinkReceipt/pre_STX' is: '<STX>i09xpS7kz4Fs                  12087974            0  Transaction approved, no errors                   0                                                                                  X OK4830   <ETX>'

2020-12-22 17:57:56 - [TEST_STEP][PASSED] - out.println("sdfo: " + sdfo): null

2020-12-22 17:57:56 - [TEST_STEP][PASSED] - remID = substring(5, 35).trim(): null

2020-12-22 17:57:56 - [TEST_STEP][PASSED] - out.println("Remittance ID: " + remID): null

2020-12-22 17:57:56 - [TEST_STEP][PASSED] - traxID = substring(35, 55).trim(): null

2020-12-22 17:57:56 - [TEST_STEP][PASSED] - out.println("Transaction ID: " + traxID): null

2020-12-22 17:57:56 - [TEST_STEP][PASSED] - out.println("End Record Number: " + row): null

2020-12-22 17:57:56 - [TEST_STEP][PASSED] - closeBrowser(): Browser is closed

2020-12-22 17:57:57 - [MESSAGE][PASSED] - Browser is closed

2020-12-22 17:57:57 - [TEST_STEP][PASSED] - out.println("Begin Record Number: " + row): null

2020-12-22 17:57:57 - [TEST_STEP][PASSED] - openBrowser(VLinkURL + "authcap.html"): Browser is opened with url: 'https://dev-algorithm.govolution.com/vlinktest/QA/version_2_0/authcap.html'

2020-12-22 17:57:57 - [MESSAGE][INFO] - Starting 'Chrome' driver

2020-12-22 17:57:57 - [MESSAGE][INFO] - User set preference: ['acceptInsecureCerts', 'true']

2020-12-22 17:57:57 - [MESSAGE][INFO] - Action delay is set to 0 milliseconds

2020-12-22 17:58:01 - [MESSAGE][PASSED] - Browser is opened with url: 'https://dev-algorithm.govolution.com/vlinktest/QA/version_2_0/authcap.html'

2020-12-22 17:58:01 - [TEST_STEP][PASSED] - maximizeWindow(): Current window maximized

2020-12-22 17:58:01 - [MESSAGE][PASSED] - Current window maximized

2020-12-22 17:58:01 - [TEST_STEP][PASSED] - vlinkPages.saleCCPage.setDataSCC(row, dataFile): vlinkPages.saleCCPage.setDataSCC is PASSED

2020-12-22 17:58:03 - [MESSAGE][PASSED] - Object 'Object Repository/VLink/Page_CCSale/txt_CardNumber' is present

2020-12-22 17:58:03 - [MESSAGE][PASSED] - Object 'Object Repository/VLink/Page_CCSale/txt_TransactionType' is present

2020-12-22 17:58:04 - [MESSAGE][PASSED] - Text '104' is set on object 'Object Repository/VLink/Page_CCSale/txt_TransactionType'

2020-12-22 17:58:04 - [MESSAGE][PASSED] - Object 'Object Repository/VLink/Page_CCSale/txt_MessageVersion' is present

2020-12-22 17:58:05 - [MESSAGE][PASSED] - Text '2.0C' is set on object 'Object Repository/VLink/Page_CCSale/txt_MessageVersion'

2020-12-22 17:58:05 - [MESSAGE][PASSED] - Object 'Object Repository/VLink/Page_CCSale/txt_RemID' is present

2020-12-22 17:58:06 - [MESSAGE][PASSED] - Text 'hLQH0ULIubcb' is set on object 'Object Repository/VLink/Page_CCSale/txt_RemID'

2020-12-22 17:58:06 - [MESSAGE][PASSED] - Object 'Object Repository/VLink/Page_CCSale/txt_ApplicationId' is present

2020-12-22 17:58:07 - [MESSAGE][PASSED] - Text '665' is set on object 'Object Repository/VLink/Page_CCSale/txt_ApplicationId'

2020-12-22 17:58:07 - [MESSAGE][PASSED] - Object 'Object Repository/VLink/Page_CCSale/txt_Username' is present

2020-12-22 17:58:08 - [MESSAGE][PASSED] - Text 'username' is set on object 'Object Repository/VLink/Page_CCSale/txt_Username'

2020-12-22 17:58:08 - [MESSAGE][PASSED] - Object 'Object Repository/VLink/Page_CCSale/txt_Password' is present

2020-12-22 17:58:08 - [MESSAGE][PASSED] - Text 'password' is set on object 'Object Repository/VLink/Page_CCSale/txt_Password'

2020-12-22 17:58:09 - [MESSAGE][PASSED] - Object 'Object Repository/VLink/Page_CCSale/txt_ResponseFormat' is present

2020-12-22 17:58:09 - [MESSAGE][PASSED] - Text 'fixed_width' is set on object 'Object Repository/VLink/Page_CCSale/txt_ResponseFormat'

2020-12-22 17:58:10 - [MESSAGE][PASSED] - Object 'Object Repository/VLink/Page_CCSale/txt_Category' is present

2020-12-22 17:58:10 - [MESSAGE][PASSED] - Text 'RETL' is set on object 'Object Repository/VLink/Page_CCSale/txt_Category'

2020-12-22 17:58:10 - [MESSAGE][PASSED] - Object 'Object Repository/VLink/Page_CCSale/txt_TransactionID' is present

2020-12-22 17:58:11 - [MESSAGE][PASSED] - Text '' is set on object 'Object Repository/VLink/Page_CCSale/txt_TransactionID'

2020-12-22 17:58:11 - [MESSAGE][PASSED] - Object 'Object Repository/VLink/Page_CCSale/txt_ApprovalCode' is present

2020-12-22 17:58:12 - [MESSAGE][PASSED] - Text '' is set on object 'Object Repository/VLink/Page_CCSale/txt_ApprovalCode'

2020-12-22 17:58:12 - [MESSAGE][PASSED] - Object 'Object Repository/VLink/Page_CCSale/txt_CardName' is present

2020-12-22 17:58:13 - [MESSAGE][PASSED] - Text 'Kris Roshan' is set on object 'Object Repository/VLink/Page_CCSale/txt_CardName'

2020-12-22 17:58:13 - [MESSAGE][PASSED] - Object 'Object Repository/VLink/Page_CCSale/txt_AL1' is present

2020-12-22 17:58:14 - [MESSAGE][PASSED] - Text '258 Elm Road' is set on object 'Object Repository/VLink/Page_CCSale/txt_AL1'

2020-12-22 17:58:14 - [MESSAGE][PASSED] - Object 'Object Repository/VLink/Page_CCSale/txt_AL2' is present

2020-12-22 17:58:15 - [MESSAGE][PASSED] - Text 'Suite 56' is set on object 'Object Repository/VLink/Page_CCSale/txt_AL2'

2020-12-22 17:58:15 - [MESSAGE][PASSED] - Object 'Object Repository/VLink/Page_CCSale/txt_CardCity' is present

2020-12-22 17:58:15 - [MESSAGE][PASSED] - Text 'Arlington' is set on object 'Object Repository/VLink/Page_CCSale/txt_CardCity'

2020-12-22 17:58:16 - [MESSAGE][PASSED] - Object 'Object Repository/VLink/Page_CCSale/txt_CardState' is present

2020-12-22 17:58:16 - [MESSAGE][PASSED] - Text 'VA' is set on object 'Object Repository/VLink/Page_CCSale/txt_CardState'

2020-12-22 17:58:17 - [MESSAGE][PASSED] - Object 'Object Repository/VLink/Page_CCSale/txt_CardZIP' is present

2020-12-22 17:58:17 - [MESSAGE][PASSED] - Text '22201' is set on object 'Object Repository/VLink/Page_CCSale/txt_CardZIP'

2020-12-22 17:58:18 - [MESSAGE][PASSED] - Object 'Object Repository/VLink/Page_CCSale/txt_CountryID' is present

2020-12-22 17:58:19 - [MESSAGE][PASSED] - Text '840' is set on object 'Object Repository/VLink/Page_CCSale/txt_CountryID'

2020-12-22 17:58:19 - [MESSAGE][PASSED] - Object 'Object Repository/VLink/Page_CCSale/txt_Amount' is present

2020-12-22 17:58:20 - [MESSAGE][PASSED] - Text '1.50' is set on object 'Object Repository/VLink/Page_CCSale/txt_Amount'

2020-12-22 17:58:20 - [MESSAGE][PASSED] - Object 'Object Repository/VLink/Page_CCSale/txt_CardNumber' is present

2020-12-22 17:58:20 - [MESSAGE][PASSED] - Text '6011000000000004' is set on object 'Object Repository/VLink/Page_CCSale/txt_CardNumber'

2020-12-22 17:58:21 - [MESSAGE][PASSED] - Object 'Object Repository/VLink/Page_CCSale/txt_ExpMonth' is present

2020-12-22 17:58:21 - [MESSAGE][PASSED] - Text '12' is set on object 'Object Repository/VLink/Page_CCSale/txt_ExpMonth'

2020-12-22 17:58:22 - [MESSAGE][PASSED] - Object 'Object Repository/VLink/Page_CCSale/txt_ExpYear' is present

2020-12-22 17:58:22 - [MESSAGE][PASSED] - Text '2025' is set on object 'Object Repository/VLink/Page_CCSale/txt_ExpYear'

2020-12-22 17:58:23 - [MESSAGE][PASSED] - Object 'Object Repository/VLink/Page_CCSale/txt_CVV' is present

2020-12-22 17:58:23 - [MESSAGE][PASSED] - Text '' is set on object 'Object Repository/VLink/Page_CCSale/txt_CVV'

2020-12-22 17:58:24 - [MESSAGE][PASSED] - Object 'Object Repository/VLink/Page_CCSale/txt_CVVstate' is present

2020-12-22 17:58:24 - [MESSAGE][PASSED] - Text '' is set on object 'Object Repository/VLink/Page_CCSale/txt_CVVstate'

2020-12-22 17:58:25 - [MESSAGE][PASSED] - Object 'Object Repository/VLink/Page_CCSale/txt_TrackData' is present

2020-12-22 17:58:25 - [MESSAGE][PASSED] - Text '' is set on object 'Object Repository/VLink/Page_CCSale/txt_TrackData'

2020-12-22 17:58:26 - [MESSAGE][PASSED] - Object 'Object Repository/VLink/Page_CCSale/txt_Track1Data' is present

2020-12-22 17:58:26 - [MESSAGE][PASSED] - Text '' is set on object 'Object Repository/VLink/Page_CCSale/txt_Track1Data'

2020-12-22 17:58:27 - [MESSAGE][PASSED] - Object 'Object Repository/VLink/Page_CCSale/txt_Track2Data' is present

2020-12-22 17:58:27 - [MESSAGE][PASSED] - Text '' is set on object 'Object Repository/VLink/Page_CCSale/txt_Track2Data'

2020-12-22 17:58:28 - [MESSAGE][PASSED] - Object 'Object Repository/VLink/Page_CCSale/txt_POSEntryMode' is present

2020-12-22 17:58:28 - [MESSAGE][PASSED] - Text 'manual' is set on object 'Object Repository/VLink/Page_CCSale/txt_POSEntryMode'

2020-12-22 17:58:29 - [MESSAGE][PASSED] - Object 'Object Repository/VLink/Page_CCSale/txt_Email' is present

2020-12-22 17:58:29 - [MESSAGE][PASSED] - Text 'iahmed@govolution.com' is set on object 'Object Repository/VLink/Page_CCSale/txt_Email'

2020-12-22 17:58:30 - [MESSAGE][PASSED] - Object 'Object Repository/VLink/Page_CCSale/txt_OrderNumber' is present

2020-12-22 17:58:30 - [MESSAGE][PASSED] - Text '2569362' is set on object 'Object Repository/VLink/Page_CCSale/txt_OrderNumber'

2020-12-22 17:58:31 - [MESSAGE][PASSED] - Object 'Object Repository/VLink/Page_CCSale/txt_TaxAmount' is present

2020-12-22 17:58:31 - [MESSAGE][PASSED] - Text '1.15' is set on object 'Object Repository/VLink/Page_CCSale/txt_TaxAmount'

2020-12-22 17:58:32 - [MESSAGE][PASSED] - Object 'Object Repository/VLink/Page_CCSale/txt_ChargeDescription' is present

2020-12-22 17:58:32 - [MESSAGE][PASSED] - Text 'Charge Description' is set on object 'Object Repository/VLink/Page_CCSale/txt_ChargeDescription'

2020-12-22 17:58:33 - [MESSAGE][PASSED] - Object 'Object Repository/VLink/Page_CCSale/txt_CAN' is present

2020-12-22 17:58:34 - [MESSAGE][PASSED] - Text '147357' is set on object 'Object Repository/VLink/Page_CCSale/txt_CAN'

2020-12-22 17:58:34 - [MESSAGE][PASSED] - Object 'Object Repository/VLink/Page_CCSale/txt_BillPaymentIndicator' is present

2020-12-22 17:58:35 - [MESSAGE][PASSED] - Text '1' is set on object 'Object Repository/VLink/Page_CCSale/txt_BillPaymentIndicator'

2020-12-22 17:58:35 - [MESSAGE][PASSED] - Object 'Object Repository/VLink/Page_CCSale/txt_UDF1' is present

2020-12-22 17:58:36 - [MESSAGE][PASSED] - Text 'UDF Data 1' is set on object 'Object Repository/VLink/Page_CCSale/txt_UDF1'

2020-12-22 17:58:36 - [MESSAGE][PASSED] - Object 'Object Repository/VLink/Page_CCSale/txt_UDF2' is present

2020-12-22 17:58:37 - [MESSAGE][PASSED] - Text 'UDF Data 2' is set on object 'Object Repository/VLink/Page_CCSale/txt_UDF2'

2020-12-22 17:58:37 - [MESSAGE][PASSED] - Object 'Object Repository/VLink/Page_CCSale/txt_UDF3' is present

2020-12-22 17:58:38 - [MESSAGE][PASSED] - Text 'UDF Data 3' is set on object 'Object Repository/VLink/Page_CCSale/txt_UDF3'

2020-12-22 17:58:38 - [MESSAGE][PASSED] - Object 'Object Repository/VLink/Page_CCSale/txt_UDF4' is present

2020-12-22 17:58:39 - [MESSAGE][PASSED] - Text 'UDF Data 4' is set on object 'Object Repository/VLink/Page_CCSale/txt_UDF4'

2020-12-22 17:58:39 - [MESSAGE][PASSED] - Object 'Object Repository/VLink/Page_CCSale/txt_UDF5' is present

2020-12-22 17:58:40 - [MESSAGE][PASSED] - Text 'UDF Data 5' is set on object 'Object Repository/VLink/Page_CCSale/txt_UDF5'

2020-12-22 17:58:40 - [MESSAGE][PASSED] - Object 'Object Repository/VLink/Page_CCSale/txt_UDF6' is present

2020-12-22 17:58:41 - [MESSAGE][PASSED] - Text 'UDF Data 6' is set on object 'Object Repository/VLink/Page_CCSale/txt_UDF6'

2020-12-22 17:58:41 - [MESSAGE][PASSED] - Object 'Object Repository/VLink/Page_CCSale/txt_UDF7' is present

2020-12-22 17:58:42 - [MESSAGE][PASSED] - Text 'UDF Data 7' is set on object 'Object Repository/VLink/Page_CCSale/txt_UDF7'

2020-12-22 17:58:42 - [MESSAGE][PASSED] - Object 'Object Repository/VLink/Page_CCSale/txt_UDF8' is present

2020-12-22 17:58:43 - [MESSAGE][PASSED] - Text 'UDF Data 8' is set on object 'Object Repository/VLink/Page_CCSale/txt_UDF8'

2020-12-22 17:58:43 - [MESSAGE][PASSED] - Object 'Object Repository/VLink/Page_CCSale/txt_UDF9' is present

2020-12-22 17:58:44 - [MESSAGE][PASSED] - Text 'UDF Data 9' is set on object 'Object Repository/VLink/Page_CCSale/txt_UDF9'

2020-12-22 17:58:44 - [MESSAGE][PASSED] - Object 'Object Repository/VLink/Page_CCSale/txt_UDF10' is present

2020-12-22 17:58:45 - [MESSAGE][PASSED] - Text 'UDF Data 10' is set on object 'Object Repository/VLink/Page_CCSale/txt_UDF10'

2020-12-22 17:58:45 - [MESSAGE][PASSED] - Object 'Object Repository/VLink/Page_CCSale/txt_CardOnFileIndicator' is present

2020-12-22 17:58:46 - [MESSAGE][PASSED] - Text '0' is set on object 'Object Repository/VLink/Page_CCSale/txt_CardOnFileIndicator'

2020-12-22 17:58:46 - [MESSAGE][PASSED] - Object 'Object Repository/VLink/Page_CCSale/txt_StoredCredentialIndicator' is present

2020-12-22 17:58:47 - [MESSAGE][PASSED] - Text 'Initial' is set on object 'Object Repository/VLink/Page_CCSale/txt_StoredCredentialIndicator'

2020-12-22 17:58:47 - [MESSAGE][PASSED] - Object 'Object Repository/VLink/Page_CCSale/txt_COFScheduledIndicator' is present

2020-12-22 17:58:48 - [MESSAGE][PASSED] - Text 'Unscheduled' is set on object 'Object Repository/VLink/Page_CCSale/txt_COFScheduledIndicator'

2020-12-22 17:58:48 - [MESSAGE][PASSED] - Object 'Object Repository/VLink/Page_CCSale/txt_COFTransactionInitiatedBy' is present

2020-12-22 17:58:49 - [MESSAGE][PASSED] - Text 'Customer' is set on object 'Object Repository/VLink/Page_CCSale/txt_COFTransactionInitiatedBy'

2020-12-22 17:58:51 - [MESSAGE][PASSED] - Object: 'Object Repository/VLink/Page_CCSale/btn_ProcessVLinkTransaction' is clicked on

2020-12-22 17:58:56 - [MESSAGE][PASSED] - vlinkPages.saleCCPage.setDataSCC is PASSED

2020-12-22 17:58:56 - [TEST_STEP][PASSED] - if (verifyTextPresent("Transaction approved, no errors", true)): null

2020-12-22 17:58:56 - [MESSAGE][PASSED] - Text 'Transaction approved, no errors' is present on page  using regular expression

2020-12-22 17:58:56 - [TEST_STEP][PASSED] - println("Transaction Approved, no errors text is present on the Confirmation page"): null

2020-12-22 17:58:56 - [TEST_STEP][PASSED] - out.println("Pass Record Number: " + row): null

2020-12-22 17:58:56 - [TEST_STEP][PASSED] - sdfo = getText(findTestObject("Object Repository/Page_VLinkReceipt/pre_STX")): Text of object 'Object Repository/Page_VLinkReceipt/pre_STX' is: '<STX>hLQH0ULIubcb                  12087975            0  Transaction approved, no errors                   0                                                                                  X OK4940   <ETX>'

2020-12-22 17:58:57 - [MESSAGE][PASSED] - Text of object 'Object Repository/Page_VLinkReceipt/pre_STX' is: '<STX>hLQH0ULIubcb                  12087975            0  Transaction approved, no errors                   0                                                                                  X OK4940   <ETX>'

2020-12-22 17:58:57 - [TEST_STEP][PASSED] - out.println("sdfo: " + sdfo): null

2020-12-22 17:58:57 - [TEST_STEP][PASSED] - remID = substring(5, 35).trim(): null

2020-12-22 17:58:57 - [TEST_STEP][PASSED] - out.println("Remittance ID: " + remID): null

2020-12-22 17:58:57 - [TEST_STEP][PASSED] - traxID = substring(35, 55).trim(): null

2020-12-22 17:58:57 - [TEST_STEP][PASSED] - out.println("Transaction ID: " + traxID): null

2020-12-22 17:58:57 - [TEST_STEP][PASSED] - out.println("End Record Number: " + row): null

2020-12-22 17:58:57 - [TEST_STEP][PASSED] - closeBrowser(): Browser is closed

2020-12-22 17:58:57 - [MESSAGE][PASSED] - Browser is closed

2020-12-22 17:58:57 - [TEST_STEP][PASSED] - out.println("Begin Record Number: " + row): null

2020-12-22 17:58:57 - [TEST_STEP][PASSED] - openBrowser(VLinkURL + "authcap.html"): Browser is opened with url: 'https://dev-algorithm.govolution.com/vlinktest/QA/version_2_0/authcap.html'

2020-12-22 17:58:57 - [MESSAGE][INFO] - Starting 'Chrome' driver

2020-12-22 17:58:57 - [MESSAGE][INFO] - User set preference: ['acceptInsecureCerts', 'true']

2020-12-22 17:58:57 - [MESSAGE][INFO] - Action delay is set to 0 milliseconds

2020-12-22 17:59:01 - [MESSAGE][PASSED] - Browser is opened with url: 'https://dev-algorithm.govolution.com/vlinktest/QA/version_2_0/authcap.html'

2020-12-22 17:59:01 - [TEST_STEP][PASSED] - maximizeWindow(): Current window maximized

2020-12-22 17:59:01 - [MESSAGE][PASSED] - Current window maximized

2020-12-22 17:59:01 - [TEST_STEP][PASSED] - vlinkPages.saleCCPage.setDataSCC(row, dataFile): vlinkPages.saleCCPage.setDataSCC is PASSED

2020-12-22 17:59:03 - [MESSAGE][PASSED] - Object 'Object Repository/VLink/Page_CCSale/txt_CardNumber' is present

2020-12-22 17:59:03 - [MESSAGE][PASSED] - Object 'Object Repository/VLink/Page_CCSale/txt_TransactionType' is present

2020-12-22 17:59:03 - [MESSAGE][PASSED] - Text '104' is set on object 'Object Repository/VLink/Page_CCSale/txt_TransactionType'

2020-12-22 17:59:04 - [MESSAGE][PASSED] - Object 'Object Repository/VLink/Page_CCSale/txt_MessageVersion' is present

2020-12-22 17:59:04 - [MESSAGE][PASSED] - Text '2.0C' is set on object 'Object Repository/VLink/Page_CCSale/txt_MessageVersion'

2020-12-22 17:59:05 - [MESSAGE][PASSED] - Object 'Object Repository/VLink/Page_CCSale/txt_RemID' is present

2020-12-22 17:59:05 - [MESSAGE][PASSED] - Text 'ceyxVqWIoAdp' is set on object 'Object Repository/VLink/Page_CCSale/txt_RemID'

2020-12-22 17:59:05 - [MESSAGE][PASSED] - Object 'Object Repository/VLink/Page_CCSale/txt_ApplicationId' is present

2020-12-22 17:59:06 - [MESSAGE][PASSED] - Text '667' is set on object 'Object Repository/VLink/Page_CCSale/txt_ApplicationId'

2020-12-22 17:59:06 - [MESSAGE][PASSED] - Object 'Object Repository/VLink/Page_CCSale/txt_Username' is present

2020-12-22 17:59:07 - [MESSAGE][PASSED] - Text 'username' is set on object 'Object Repository/VLink/Page_CCSale/txt_Username'

2020-12-22 17:59:07 - [MESSAGE][PASSED] - Object 'Object Repository/VLink/Page_CCSale/txt_Password' is present

2020-12-22 17:59:08 - [MESSAGE][PASSED] - Text 'password' is set on object 'Object Repository/VLink/Page_CCSale/txt_Password'

2020-12-22 17:59:08 - [MESSAGE][PASSED] - Object 'Object Repository/VLink/Page_CCSale/txt_ResponseFormat' is present

2020-12-22 17:59:09 - [MESSAGE][PASSED] - Text 'fixed_width' is set on object 'Object Repository/VLink/Page_CCSale/txt_ResponseFormat'

2020-12-22 17:59:09 - [MESSAGE][PASSED] - Object 'Object Repository/VLink/Page_CCSale/txt_Category' is present

2020-12-22 17:59:10 - [MESSAGE][PASSED] - Text 'ECOM' is set on object 'Object Repository/VLink/Page_CCSale/txt_Category'

2020-12-22 17:59:10 - [MESSAGE][PASSED] - Object 'Object Repository/VLink/Page_CCSale/txt_TransactionID' is present

2020-12-22 17:59:11 - [MESSAGE][PASSED] - Text '' is set on object 'Object Repository/VLink/Page_CCSale/txt_TransactionID'

2020-12-22 17:59:11 - [MESSAGE][PASSED] - Object 'Object Repository/VLink/Page_CCSale/txt_ApprovalCode' is present

2020-12-22 17:59:12 - [MESSAGE][PASSED] - Text '' is set on object 'Object Repository/VLink/Page_CCSale/txt_ApprovalCode'

2020-12-22 17:59:12 - [MESSAGE][PASSED] - Object 'Object Repository/VLink/Page_CCSale/txt_CardName' is present

2020-12-22 17:59:13 - [MESSAGE][PASSED] - Text 'Kris Roshan' is set on object 'Object Repository/VLink/Page_CCSale/txt_CardName'

2020-12-22 17:59:13 - [MESSAGE][PASSED] - Object 'Object Repository/VLink/Page_CCSale/txt_AL1' is present

2020-12-22 17:59:14 - [MESSAGE][PASSED] - Text '258 Elm Road' is set on object 'Object Repository/VLink/Page_CCSale/txt_AL1'

2020-12-22 17:59:14 - [MESSAGE][PASSED] - Object 'Object Repository/VLink/Page_CCSale/txt_AL2' is present

2020-12-22 17:59:15 - [MESSAGE][PASSED] - Text 'Suite 56' is set on object 'Object Repository/VLink/Page_CCSale/txt_AL2'

2020-12-22 17:59:15 - [MESSAGE][PASSED] - Object 'Object Repository/VLink/Page_CCSale/txt_CardCity' is present

2020-12-22 17:59:16 - [MESSAGE][PASSED] - Text 'Arlington' is set on object 'Object Repository/VLink/Page_CCSale/txt_CardCity'

2020-12-22 17:59:16 - [MESSAGE][PASSED] - Object 'Object Repository/VLink/Page_CCSale/txt_CardState' is present

2020-12-22 17:59:17 - [MESSAGE][PASSED] - Text 'VA' is set on object 'Object Repository/VLink/Page_CCSale/txt_CardState'

2020-12-22 17:59:17 - [MESSAGE][PASSED] - Object 'Object Repository/VLink/Page_CCSale/txt_CardZIP' is present

2020-12-22 17:59:18 - [MESSAGE][PASSED] - Text '22201' is set on object 'Object Repository/VLink/Page_CCSale/txt_CardZIP'

2020-12-22 17:59:18 - [MESSAGE][PASSED] - Object 'Object Repository/VLink/Page_CCSale/txt_CountryID' is present

2020-12-22 17:59:19 - [MESSAGE][PASSED] - Text '840' is set on object 'Object Repository/VLink/Page_CCSale/txt_CountryID'

2020-12-22 17:59:19 - [MESSAGE][PASSED] - Object 'Object Repository/VLink/Page_CCSale/txt_Amount' is present

2020-12-22 17:59:20 - [MESSAGE][PASSED] - Text '1.50' is set on object 'Object Repository/VLink/Page_CCSale/txt_Amount'

2020-12-22 17:59:20 - [MESSAGE][PASSED] - Object 'Object Repository/VLink/Page_CCSale/txt_CardNumber' is present

2020-12-22 17:59:21 - [MESSAGE][PASSED] - Text '4111111111111111' is set on object 'Object Repository/VLink/Page_CCSale/txt_CardNumber'

2020-12-22 17:59:21 - [MESSAGE][PASSED] - Object 'Object Repository/VLink/Page_CCSale/txt_ExpMonth' is present

2020-12-22 17:59:22 - [MESSAGE][PASSED] - Text '12' is set on object 'Object Repository/VLink/Page_CCSale/txt_ExpMonth'

2020-12-22 17:59:22 - [MESSAGE][PASSED] - Object 'Object Repository/VLink/Page_CCSale/txt_ExpYear' is present

2020-12-22 17:59:23 - [MESSAGE][PASSED] - Text '2025' is set on object 'Object Repository/VLink/Page_CCSale/txt_ExpYear'

2020-12-22 17:59:23 - [MESSAGE][PASSED] - Object 'Object Repository/VLink/Page_CCSale/txt_CVV' is present

2020-12-22 17:59:24 - [MESSAGE][PASSED] - Text '' is set on object 'Object Repository/VLink/Page_CCSale/txt_CVV'

2020-12-22 17:59:24 - [MESSAGE][PASSED] - Object 'Object Repository/VLink/Page_CCSale/txt_CVVstate' is present

2020-12-22 17:59:25 - [MESSAGE][PASSED] - Text '' is set on object 'Object Repository/VLink/Page_CCSale/txt_CVVstate'

2020-12-22 17:59:25 - [MESSAGE][PASSED] - Object 'Object Repository/VLink/Page_CCSale/txt_TrackData' is present

2020-12-22 17:59:26 - [MESSAGE][PASSED] - Text '' is set on object 'Object Repository/VLink/Page_CCSale/txt_TrackData'

2020-12-22 17:59:26 - [MESSAGE][PASSED] - Object 'Object Repository/VLink/Page_CCSale/txt_Track1Data' is present

2020-12-22 17:59:26 - [MESSAGE][PASSED] - Text '' is set on object 'Object Repository/VLink/Page_CCSale/txt_Track1Data'

2020-12-22 17:59:27 - [MESSAGE][PASSED] - Object 'Object Repository/VLink/Page_CCSale/txt_Track2Data' is present

2020-12-22 17:59:27 - [MESSAGE][PASSED] - Text '' is set on object 'Object Repository/VLink/Page_CCSale/txt_Track2Data'

2020-12-22 17:59:28 - [MESSAGE][PASSED] - Object 'Object Repository/VLink/Page_CCSale/txt_POSEntryMode' is present

2020-12-22 17:59:28 - [MESSAGE][PASSED] - Text 'manual' is set on object 'Object Repository/VLink/Page_CCSale/txt_POSEntryMode'

2020-12-22 17:59:29 - [MESSAGE][PASSED] - Object 'Object Repository/VLink/Page_CCSale/txt_Email' is present

2020-12-22 17:59:29 - [MESSAGE][PASSED] - Text 'iahmed@govolution.com' is set on object 'Object Repository/VLink/Page_CCSale/txt_Email'

2020-12-22 17:59:30 - [MESSAGE][PASSED] - Object 'Object Repository/VLink/Page_CCSale/txt_OrderNumber' is present

2020-12-22 17:59:31 - [MESSAGE][PASSED] - Text '2569362' is set on object 'Object Repository/VLink/Page_CCSale/txt_OrderNumber'

2020-12-22 17:59:31 - [MESSAGE][PASSED] - Object 'Object Repository/VLink/Page_CCSale/txt_TaxAmount' is present

2020-12-22 17:59:31 - [MESSAGE][PASSED] - Text '1.15' is set on object 'Object Repository/VLink/Page_CCSale/txt_TaxAmount'

2020-12-22 17:59:32 - [MESSAGE][PASSED] - Object 'Object Repository/VLink/Page_CCSale/txt_ChargeDescription' is present

2020-12-22 17:59:32 - [MESSAGE][PASSED] - Text 'Charge Description' is set on object 'Object Repository/VLink/Page_CCSale/txt_ChargeDescription'

2020-12-22 17:59:33 - [MESSAGE][PASSED] - Object 'Object Repository/VLink/Page_CCSale/txt_CAN' is present

2020-12-22 17:59:33 - [MESSAGE][PASSED] - Text '147357' is set on object 'Object Repository/VLink/Page_CCSale/txt_CAN'

2020-12-22 17:59:34 - [MESSAGE][PASSED] - Object 'Object Repository/VLink/Page_CCSale/txt_BillPaymentIndicator' is present

2020-12-22 17:59:34 - [MESSAGE][PASSED] - Text '1' is set on object 'Object Repository/VLink/Page_CCSale/txt_BillPaymentIndicator'

2020-12-22 17:59:35 - [MESSAGE][PASSED] - Object 'Object Repository/VLink/Page_CCSale/txt_UDF1' is present

2020-12-22 17:59:35 - [MESSAGE][PASSED] - Text 'UDF Data 1' is set on object 'Object Repository/VLink/Page_CCSale/txt_UDF1'

2020-12-22 17:59:36 - [MESSAGE][PASSED] - Object 'Object Repository/VLink/Page_CCSale/txt_UDF2' is present

2020-12-22 17:59:36 - [MESSAGE][PASSED] - Text 'UDF Data 2' is set on object 'Object Repository/VLink/Page_CCSale/txt_UDF2'

2020-12-22 17:59:37 - [MESSAGE][PASSED] - Object 'Object Repository/VLink/Page_CCSale/txt_UDF3' is present

2020-12-22 17:59:37 - [MESSAGE][PASSED] - Text 'UDF Data 3' is set on object 'Object Repository/VLink/Page_CCSale/txt_UDF3'

2020-12-22 17:59:38 - [MESSAGE][PASSED] - Object 'Object Repository/VLink/Page_CCSale/txt_UDF4' is present

2020-12-22 17:59:38 - [MESSAGE][PASSED] - Text 'UDF Data 4' is set on object 'Object Repository/VLink/Page_CCSale/txt_UDF4'

2020-12-22 17:59:39 - [MESSAGE][PASSED] - Object 'Object Repository/VLink/Page_CCSale/txt_UDF5' is present

2020-12-22 17:59:39 - [MESSAGE][PASSED] - Text 'UDF Data 5' is set on object 'Object Repository/VLink/Page_CCSale/txt_UDF5'

2020-12-22 17:59:40 - [MESSAGE][PASSED] - Object 'Object Repository/VLink/Page_CCSale/txt_UDF6' is present

2020-12-22 17:59:40 - [MESSAGE][PASSED] - Text 'UDF Data 6' is set on object 'Object Repository/VLink/Page_CCSale/txt_UDF6'

2020-12-22 17:59:41 - [MESSAGE][PASSED] - Object 'Object Repository/VLink/Page_CCSale/txt_UDF7' is present

2020-12-22 17:59:41 - [MESSAGE][PASSED] - Text 'UDF Data 7' is set on object 'Object Repository/VLink/Page_CCSale/txt_UDF7'

2020-12-22 17:59:42 - [MESSAGE][PASSED] - Object 'Object Repository/VLink/Page_CCSale/txt_UDF8' is present

2020-12-22 17:59:42 - [MESSAGE][PASSED] - Text 'UDF Data 8' is set on object 'Object Repository/VLink/Page_CCSale/txt_UDF8'

2020-12-22 17:59:43 - [MESSAGE][PASSED] - Object 'Object Repository/VLink/Page_CCSale/txt_UDF9' is present

2020-12-22 17:59:43 - [MESSAGE][PASSED] - Text 'UDF Data 9' is set on object 'Object Repository/VLink/Page_CCSale/txt_UDF9'

2020-12-22 17:59:44 - [MESSAGE][PASSED] - Object 'Object Repository/VLink/Page_CCSale/txt_UDF10' is present

2020-12-22 17:59:44 - [MESSAGE][PASSED] - Text 'UDF Data 10' is set on object 'Object Repository/VLink/Page_CCSale/txt_UDF10'

2020-12-22 17:59:45 - [MESSAGE][PASSED] - Object 'Object Repository/VLink/Page_CCSale/txt_CardOnFileIndicator' is present

2020-12-22 17:59:45 - [MESSAGE][PASSED] - Text '0' is set on object 'Object Repository/VLink/Page_CCSale/txt_CardOnFileIndicator'

2020-12-22 17:59:46 - [MESSAGE][PASSED] - Object 'Object Repository/VLink/Page_CCSale/txt_StoredCredentialIndicator' is present

2020-12-22 17:59:46 - [MESSAGE][PASSED] - Text 'Initial' is set on object 'Object Repository/VLink/Page_CCSale/txt_StoredCredentialIndicator'

2020-12-22 17:59:47 - [MESSAGE][PASSED] - Object 'Object Repository/VLink/Page_CCSale/txt_COFScheduledIndicator' is present

2020-12-22 17:59:47 - [MESSAGE][PASSED] - Text 'Unscheduled' is set on object 'Object Repository/VLink/Page_CCSale/txt_COFScheduledIndicator'

2020-12-22 17:59:48 - [MESSAGE][PASSED] - Object 'Object Repository/VLink/Page_CCSale/txt_COFTransactionInitiatedBy' is present

2020-12-22 17:59:48 - [MESSAGE][PASSED] - Text 'Customer' is set on object 'Object Repository/VLink/Page_CCSale/txt_COFTransactionInitiatedBy'

2020-12-22 17:59:51 - [MESSAGE][PASSED] - Object: 'Object Repository/VLink/Page_CCSale/btn_ProcessVLinkTransaction' is clicked on

2020-12-22 17:59:56 - [MESSAGE][PASSED] - vlinkPages.saleCCPage.setDataSCC is PASSED

2020-12-22 17:59:56 - [TEST_STEP][FAILED] - if (verifyTextPresent("Transaction approved, no errors", true)): Text 'Transaction approved, no errors' is not present on page  using regular expression (Root cause: com.kms.katalon.core.exception.StepFailedException: Text 'Transaction approved, no errors' is not present on page  using regular expression
	at com.kms.katalon.core.webui.keyword.internal.WebUIKeywordMain.stepFailed(WebUIKeywordMain.groovy:64)
	at com.kms.katalon.core.webui.keyword.builtin.VerifyTextPresentKeyword$_verifyTextPresent_closure1.doCall(VerifyTextPresentKeyword.groovy:79)
	at com.kms.katalon.core.webui.keyword.builtin.VerifyTextPresentKeyword$_verifyTextPresent_closure1.call(VerifyTextPresentKeyword.groovy)
	at com.kms.katalon.core.webui.keyword.internal.WebUIKeywordMain.runKeyword(WebUIKeywordMain.groovy:20)
	at com.kms.katalon.core.webui.keyword.builtin.VerifyTextPresentKeyword.verifyTextPresent(VerifyTextPresentKeyword.groovy:83)
	at com.kms.katalon.core.webui.keyword.builtin.VerifyTextPresentKeyword.execute(VerifyTextPresentKeyword.groovy:68)
	at com.kms.katalon.core.keyword.internal.KeywordExecutor.executeKeywordForPlatform(KeywordExecutor.groovy:72)
	at com.kms.katalon.core.webui.keyword.WebUiBuiltInKeywords.verifyTextPresent(WebUiBuiltInKeywords.groovy:1719)
	at com.kms.katalon.core.webui.keyword.WebUiBuiltInKeywords$verifyTextPresent$6.call(Unknown Source)
	at VLinkSale-Successful.run(VLinkSale-Successful:60)
	at com.kms.katalon.core.main.ScriptEngine.run(ScriptEngine.java:194)
	at com.kms.katalon.core.main.ScriptEngine.runScriptAsRawText(ScriptEngine.java:119)
	at com.kms.katalon.core.main.TestCaseExecutor.runScript(TestCaseExecutor.java:337)
	at com.kms.katalon.core.main.TestCaseExecutor.doExecute(TestCaseExecutor.java:328)
	at com.kms.katalon.core.main.TestCaseExecutor.processExecutionPhase(TestCaseExecutor.java:307)
	at com.kms.katalon.core.main.TestCaseExecutor.accessMainPhase(TestCaseExecutor.java:299)
	at com.kms.katalon.core.main.TestCaseExecutor.execute(TestCaseExecutor.java:233)
	at com.kms.katalon.core.main.TestSuiteExecutor.accessTestCaseMainPhase(TestSuiteExecutor.java:169)
	at com.kms.katalon.core.main.TestSuiteExecutor.accessTestSuiteMainPhase(TestSuiteExecutor.java:142)
	at com.kms.katalon.core.main.TestSuiteExecutor.execute(TestSuiteExecutor.java:91)
	at com.kms.katalon.core.main.TestCaseMain.startTestSuite(TestCaseMain.java:157)
	at com.kms.katalon.core.main.TestCaseMain$startTestSuite$0.call(Unknown Source)
	at TempTestSuite1608674252830.run(TempTestSuite1608674252830.groovy:37)
)

2020-12-22 17:59:57 - [MESSAGE][FAILED] - Text 'Transaction approved, no errors' is not present on page  using regular expression (Root cause: com.kms.katalon.core.exception.StepFailedException: Text 'Transaction approved, no errors' is not present on page  using regular expression
	at com.kms.katalon.core.webui.keyword.internal.WebUIKeywordMain.stepFailed(WebUIKeywordMain.groovy:64)
	at com.kms.katalon.core.webui.keyword.builtin.VerifyTextPresentKeyword$_verifyTextPresent_closure1.doCall(VerifyTextPresentKeyword.groovy:79)
	at com.kms.katalon.core.webui.keyword.builtin.VerifyTextPresentKeyword$_verifyTextPresent_closure1.call(VerifyTextPresentKeyword.groovy)
	at com.kms.katalon.core.webui.keyword.internal.WebUIKeywordMain.runKeyword(WebUIKeywordMain.groovy:20)
	at com.kms.katalon.core.webui.keyword.builtin.VerifyTextPresentKeyword.verifyTextPresent(VerifyTextPresentKeyword.groovy:83)
	at com.kms.katalon.core.webui.keyword.builtin.VerifyTextPresentKeyword.execute(VerifyTextPresentKeyword.groovy:68)
	at com.kms.katalon.core.keyword.internal.KeywordExecutor.executeKeywordForPlatform(KeywordExecutor.groovy:72)
	at com.kms.katalon.core.webui.keyword.WebUiBuiltInKeywords.verifyTextPresent(WebUiBuiltInKeywords.groovy:1719)
	at com.kms.katalon.core.webui.keyword.WebUiBuiltInKeywords$verifyTextPresent$6.call(Unknown Source)
	at VLinkSale-Successful.run(VLinkSale-Successful:60)
	at com.kms.katalon.core.main.ScriptEngine.run(ScriptEngine.java:194)
	at com.kms.katalon.core.main.ScriptEngine.runScriptAsRawText(ScriptEngine.java:119)
	at com.kms.katalon.core.main.TestCaseExecutor.runScript(TestCaseExecutor.java:337)
	at com.kms.katalon.core.main.TestCaseExecutor.doExecute(TestCaseExecutor.java:328)
	at com.kms.katalon.core.main.TestCaseExecutor.processExecutionPhase(TestCaseExecutor.java:307)
	at com.kms.katalon.core.main.TestCaseExecutor.accessMainPhase(TestCaseExecutor.java:299)
	at com.kms.katalon.core.main.TestCaseExecutor.execute(TestCaseExecutor.java:233)
	at com.kms.katalon.core.main.TestSuiteExecutor.accessTestCaseMainPhase(TestSuiteExecutor.java:169)
	at com.kms.katalon.core.main.TestSuiteExecutor.accessTestSuiteMainPhase(TestSuiteExecutor.java:142)
	at com.kms.katalon.core.main.TestSuiteExecutor.execute(TestSuiteExecutor.java:91)
	at com.kms.katalon.core.main.TestCaseMain.startTestSuite(TestCaseMain.java:157)
	at com.kms.katalon.core.main.TestCaseMain$startTestSuite$0.call(Unknown Source)
	at TempTestSuite1608674252830.run(TempTestSuite1608674252830.groovy:37)
)

2020-12-22 17:59:57 - [TEST_STEP][PASSED] - else: null

2020-12-22 17:59:57 - [TEST_STEP][PASSED] - println("Transaction Approved, no errors text is not present on the Confirmation page"): null

2020-12-22 17:59:57 - [TEST_STEP][PASSED] - out.println("Fail Record Number: " + row): null

2020-12-22 17:59:57 - [TEST_STEP][PASSED] - sdfo = getText(findTestObject("Object Repository/Page_VLinkReceipt/pre_STX")): Text of object 'Object Repository/Page_VLinkReceipt/pre_STX' is: '<STX>ceyxVqWIoAdp                  12087976            2  Transaction failed                                105Processor reported error                                                                   <ETX>'

2020-12-22 17:59:57 - [MESSAGE][PASSED] - Text of object 'Object Repository/Page_VLinkReceipt/pre_STX' is: '<STX>ceyxVqWIoAdp                  12087976            2  Transaction failed                                105Processor reported error                                                                   <ETX>'

2020-12-22 17:59:57 - [TEST_STEP][PASSED] - out.println("sdfo: " + sdfo): null

2020-12-22 17:59:57 - [TEST_STEP][PASSED] - remID = substring(5, 35).trim(): null

2020-12-22 17:59:57 - [TEST_STEP][PASSED] - out.println("Remittance ID: " + remID): null

2020-12-22 17:59:57 - [TEST_STEP][PASSED] - traxID = substring(35, 55).trim(): null

2020-12-22 17:59:57 - [TEST_STEP][PASSED] - out.println("Transaction ID: " + traxID): null

2020-12-22 17:59:57 - [TEST_STEP][PASSED] - out.println("End Record Number: " + row): null

2020-12-22 17:59:57 - [TEST_STEP][PASSED] - closeBrowser(): Browser is closed

2020-12-22 17:59:58 - [MESSAGE][PASSED] - Browser is closed

2020-12-22 17:59:58 - [TEST_STEP][PASSED] - out.println("Begin Record Number: " + row): null

2020-12-22 17:59:58 - [TEST_STEP][PASSED] - openBrowser(VLinkURL + "authcap.html"): Browser is opened with url: 'https://dev-algorithm.govolution.com/vlinktest/QA/version_2_0/authcap.html'

2020-12-22 17:59:58 - [MESSAGE][INFO] - Starting 'Chrome' driver

2020-12-22 17:59:58 - [MESSAGE][INFO] - User set preference: ['acceptInsecureCerts', 'true']

2020-12-22 17:59:58 - [MESSAGE][INFO] - Action delay is set to 0 milliseconds

2020-12-22 18:00:02 - [MESSAGE][PASSED] - Browser is opened with url: 'https://dev-algorithm.govolution.com/vlinktest/QA/version_2_0/authcap.html'

2020-12-22 18:00:02 - [TEST_STEP][PASSED] - maximizeWindow(): Current window maximized

2020-12-22 18:00:02 - [MESSAGE][PASSED] - Current window maximized

2020-12-22 18:00:02 - [TEST_STEP][PASSED] - vlinkPages.saleCCPage.setDataSCC(row, dataFile): vlinkPages.saleCCPage.setDataSCC is PASSED

2020-12-22 18:00:03 - [MESSAGE][PASSED] - Object 'Object Repository/VLink/Page_CCSale/txt_CardNumber' is present

2020-12-22 18:00:04 - [MESSAGE][PASSED] - Object 'Object Repository/VLink/Page_CCSale/txt_TransactionType' is present

2020-12-22 18:00:04 - [MESSAGE][PASSED] - Text '104' is set on object 'Object Repository/VLink/Page_CCSale/txt_TransactionType'

2020-12-22 18:00:05 - [MESSAGE][PASSED] - Object 'Object Repository/VLink/Page_CCSale/txt_MessageVersion' is present

2020-12-22 18:00:05 - [MESSAGE][PASSED] - Text '2.0C' is set on object 'Object Repository/VLink/Page_CCSale/txt_MessageVersion'

2020-12-22 18:00:06 - [MESSAGE][PASSED] - Object 'Object Repository/VLink/Page_CCSale/txt_RemID' is present

2020-12-22 18:00:06 - [MESSAGE][PASSED] - Text 'EUcug3Llz3EZ' is set on object 'Object Repository/VLink/Page_CCSale/txt_RemID'

2020-12-22 18:00:06 - [MESSAGE][PASSED] - Object 'Object Repository/VLink/Page_CCSale/txt_ApplicationId' is present

2020-12-22 18:00:07 - [MESSAGE][PASSED] - Text '667' is set on object 'Object Repository/VLink/Page_CCSale/txt_ApplicationId'

2020-12-22 18:00:07 - [MESSAGE][PASSED] - Object 'Object Repository/VLink/Page_CCSale/txt_Username' is present

2020-12-22 18:00:08 - [MESSAGE][PASSED] - Text 'username' is set on object 'Object Repository/VLink/Page_CCSale/txt_Username'

2020-12-22 18:00:08 - [MESSAGE][PASSED] - Object 'Object Repository/VLink/Page_CCSale/txt_Password' is present

2020-12-22 18:00:09 - [MESSAGE][PASSED] - Text 'password' is set on object 'Object Repository/VLink/Page_CCSale/txt_Password'

2020-12-22 18:00:09 - [MESSAGE][PASSED] - Object 'Object Repository/VLink/Page_CCSale/txt_ResponseFormat' is present

2020-12-22 18:00:10 - [MESSAGE][PASSED] - Text 'fixed_width' is set on object 'Object Repository/VLink/Page_CCSale/txt_ResponseFormat'

2020-12-22 18:00:10 - [MESSAGE][PASSED] - Object 'Object Repository/VLink/Page_CCSale/txt_Category' is present

2020-12-22 18:00:10 - [MESSAGE][PASSED] - Text 'ECOM' is set on object 'Object Repository/VLink/Page_CCSale/txt_Category'

2020-12-22 18:00:11 - [MESSAGE][PASSED] - Object 'Object Repository/VLink/Page_CCSale/txt_TransactionID' is present

2020-12-22 18:00:11 - [MESSAGE][PASSED] - Text '' is set on object 'Object Repository/VLink/Page_CCSale/txt_TransactionID'

2020-12-22 18:00:12 - [MESSAGE][PASSED] - Object 'Object Repository/VLink/Page_CCSale/txt_ApprovalCode' is present

2020-12-22 18:00:12 - [MESSAGE][PASSED] - Text '' is set on object 'Object Repository/VLink/Page_CCSale/txt_ApprovalCode'

2020-12-22 18:00:13 - [MESSAGE][PASSED] - Object 'Object Repository/VLink/Page_CCSale/txt_CardName' is present

2020-12-22 18:00:13 - [MESSAGE][PASSED] - Text 'Arvind Silva' is set on object 'Object Repository/VLink/Page_CCSale/txt_CardName'

2020-12-22 18:00:14 - [MESSAGE][PASSED] - Object 'Object Repository/VLink/Page_CCSale/txt_AL1' is present

2020-12-22 18:00:14 - [MESSAGE][PASSED] - Text '111 Main Ave' is set on object 'Object Repository/VLink/Page_CCSale/txt_AL1'

2020-12-22 18:00:15 - [MESSAGE][PASSED] - Object 'Object Repository/VLink/Page_CCSale/txt_AL2' is present

2020-12-22 18:00:15 - [MESSAGE][PASSED] - Text '' is set on object 'Object Repository/VLink/Page_CCSale/txt_AL2'

2020-12-22 18:00:16 - [MESSAGE][PASSED] - Object 'Object Repository/VLink/Page_CCSale/txt_CardCity' is present

2020-12-22 18:00:16 - [MESSAGE][PASSED] - Text 'Arlington' is set on object 'Object Repository/VLink/Page_CCSale/txt_CardCity'

2020-12-22 18:00:17 - [MESSAGE][PASSED] - Object 'Object Repository/VLink/Page_CCSale/txt_CardState' is present

2020-12-22 18:00:17 - [MESSAGE][PASSED] - Text 'VA' is set on object 'Object Repository/VLink/Page_CCSale/txt_CardState'

2020-12-22 18:00:18 - [MESSAGE][PASSED] - Object 'Object Repository/VLink/Page_CCSale/txt_CardZIP' is present

2020-12-22 18:00:18 - [MESSAGE][PASSED] - Text '22201' is set on object 'Object Repository/VLink/Page_CCSale/txt_CardZIP'

2020-12-22 18:00:19 - [MESSAGE][PASSED] - Object 'Object Repository/VLink/Page_CCSale/txt_CountryID' is present

2020-12-22 18:00:19 - [MESSAGE][PASSED] - Text '' is set on object 'Object Repository/VLink/Page_CCSale/txt_CountryID'

2020-12-22 18:00:20 - [MESSAGE][PASSED] - Object 'Object Repository/VLink/Page_CCSale/txt_Amount' is present

2020-12-22 18:00:20 - [MESSAGE][PASSED] - Text '2.50' is set on object 'Object Repository/VLink/Page_CCSale/txt_Amount'

2020-12-22 18:00:21 - [MESSAGE][PASSED] - Object 'Object Repository/VLink/Page_CCSale/txt_CardNumber' is present

2020-12-22 18:00:21 - [MESSAGE][PASSED] - Text '5424000000000015' is set on object 'Object Repository/VLink/Page_CCSale/txt_CardNumber'

2020-12-22 18:00:22 - [MESSAGE][PASSED] - Object 'Object Repository/VLink/Page_CCSale/txt_ExpMonth' is present

2020-12-22 18:00:22 - [MESSAGE][PASSED] - Text '01' is set on object 'Object Repository/VLink/Page_CCSale/txt_ExpMonth'

2020-12-22 18:00:23 - [MESSAGE][PASSED] - Object 'Object Repository/VLink/Page_CCSale/txt_ExpYear' is present

2020-12-22 18:00:23 - [MESSAGE][PASSED] - Text '2026' is set on object 'Object Repository/VLink/Page_CCSale/txt_ExpYear'

2020-12-22 18:00:24 - [MESSAGE][PASSED] - Object 'Object Repository/VLink/Page_CCSale/txt_CVV' is present

2020-12-22 18:00:24 - [MESSAGE][PASSED] - Text '' is set on object 'Object Repository/VLink/Page_CCSale/txt_CVV'

2020-12-22 18:00:25 - [MESSAGE][PASSED] - Object 'Object Repository/VLink/Page_CCSale/txt_CVVstate' is present

2020-12-22 18:00:25 - [MESSAGE][PASSED] - Text '' is set on object 'Object Repository/VLink/Page_CCSale/txt_CVVstate'

2020-12-22 18:00:26 - [MESSAGE][PASSED] - Object 'Object Repository/VLink/Page_CCSale/txt_TrackData' is present

2020-12-22 18:00:26 - [MESSAGE][PASSED] - Text '' is set on object 'Object Repository/VLink/Page_CCSale/txt_TrackData'

2020-12-22 18:00:27 - [MESSAGE][PASSED] - Object 'Object Repository/VLink/Page_CCSale/txt_Track1Data' is present

2020-12-22 18:00:27 - [MESSAGE][PASSED] - Text '' is set on object 'Object Repository/VLink/Page_CCSale/txt_Track1Data'

2020-12-22 18:00:28 - [MESSAGE][PASSED] - Object 'Object Repository/VLink/Page_CCSale/txt_Track2Data' is present

2020-12-22 18:00:28 - [MESSAGE][PASSED] - Text '' is set on object 'Object Repository/VLink/Page_CCSale/txt_Track2Data'

2020-12-22 18:00:29 - [MESSAGE][PASSED] - Object 'Object Repository/VLink/Page_CCSale/txt_POSEntryMode' is present

2020-12-22 18:00:29 - [MESSAGE][PASSED] - Text 'manual' is set on object 'Object Repository/VLink/Page_CCSale/txt_POSEntryMode'

2020-12-22 18:00:30 - [MESSAGE][PASSED] - Object 'Object Repository/VLink/Page_CCSale/txt_Email' is present

2020-12-22 18:00:30 - [MESSAGE][PASSED] - Text '' is set on object 'Object Repository/VLink/Page_CCSale/txt_Email'

2020-12-22 18:00:31 - [MESSAGE][PASSED] - Object 'Object Repository/VLink/Page_CCSale/txt_OrderNumber' is present

2020-12-22 18:00:31 - [MESSAGE][PASSED] - Text '' is set on object 'Object Repository/VLink/Page_CCSale/txt_OrderNumber'

2020-12-22 18:00:32 - [MESSAGE][PASSED] - Object 'Object Repository/VLink/Page_CCSale/txt_TaxAmount' is present

2020-12-22 18:00:32 - [MESSAGE][PASSED] - Text '' is set on object 'Object Repository/VLink/Page_CCSale/txt_TaxAmount'

2020-12-22 18:00:33 - [MESSAGE][PASSED] - Object 'Object Repository/VLink/Page_CCSale/txt_ChargeDescription' is present

2020-12-22 18:00:33 - [MESSAGE][PASSED] - Text '' is set on object 'Object Repository/VLink/Page_CCSale/txt_ChargeDescription'

2020-12-22 18:00:34 - [MESSAGE][PASSED] - Object 'Object Repository/VLink/Page_CCSale/txt_CAN' is present

2020-12-22 18:00:34 - [MESSAGE][PASSED] - Text '' is set on object 'Object Repository/VLink/Page_CCSale/txt_CAN'

2020-12-22 18:00:35 - [MESSAGE][PASSED] - Object 'Object Repository/VLink/Page_CCSale/txt_BillPaymentIndicator' is present

2020-12-22 18:00:35 - [MESSAGE][PASSED] - Text '' is set on object 'Object Repository/VLink/Page_CCSale/txt_BillPaymentIndicator'

2020-12-22 18:00:36 - [MESSAGE][PASSED] - Object 'Object Repository/VLink/Page_CCSale/txt_UDF1' is present

2020-12-22 18:00:36 - [MESSAGE][PASSED] - Text '' is set on object 'Object Repository/VLink/Page_CCSale/txt_UDF1'

2020-12-22 18:00:37 - [MESSAGE][PASSED] - Object 'Object Repository/VLink/Page_CCSale/txt_UDF2' is present

2020-12-22 18:00:37 - [MESSAGE][PASSED] - Text '' is set on object 'Object Repository/VLink/Page_CCSale/txt_UDF2'

2020-12-22 18:00:38 - [MESSAGE][PASSED] - Object 'Object Repository/VLink/Page_CCSale/txt_UDF3' is present

2020-12-22 18:00:38 - [MESSAGE][PASSED] - Text '' is set on object 'Object Repository/VLink/Page_CCSale/txt_UDF3'

2020-12-22 18:00:39 - [MESSAGE][PASSED] - Object 'Object Repository/VLink/Page_CCSale/txt_UDF4' is present

2020-12-22 18:00:39 - [MESSAGE][PASSED] - Text '' is set on object 'Object Repository/VLink/Page_CCSale/txt_UDF4'

2020-12-22 18:00:40 - [MESSAGE][PASSED] - Object 'Object Repository/VLink/Page_CCSale/txt_UDF5' is present

2020-12-22 18:00:40 - [MESSAGE][PASSED] - Text '' is set on object 'Object Repository/VLink/Page_CCSale/txt_UDF5'

2020-12-22 18:00:41 - [MESSAGE][PASSED] - Object 'Object Repository/VLink/Page_CCSale/txt_UDF6' is present

2020-12-22 18:00:41 - [MESSAGE][PASSED] - Text '' is set on object 'Object Repository/VLink/Page_CCSale/txt_UDF6'

2020-12-22 18:00:42 - [MESSAGE][PASSED] - Object 'Object Repository/VLink/Page_CCSale/txt_UDF7' is present

2020-12-22 18:00:42 - [MESSAGE][PASSED] - Text '' is set on object 'Object Repository/VLink/Page_CCSale/txt_UDF7'

2020-12-22 18:00:43 - [MESSAGE][PASSED] - Object 'Object Repository/VLink/Page_CCSale/txt_UDF8' is present

2020-12-22 18:00:43 - [MESSAGE][PASSED] - Text '' is set on object 'Object Repository/VLink/Page_CCSale/txt_UDF8'

2020-12-22 18:00:44 - [MESSAGE][PASSED] - Object 'Object Repository/VLink/Page_CCSale/txt_UDF9' is present

2020-12-22 18:00:44 - [MESSAGE][PASSED] - Text '' is set on object 'Object Repository/VLink/Page_CCSale/txt_UDF9'

2020-12-22 18:00:44 - [MESSAGE][PASSED] - Object 'Object Repository/VLink/Page_CCSale/txt_UDF10' is present

2020-12-22 18:00:45 - [MESSAGE][PASSED] - Text '' is set on object 'Object Repository/VLink/Page_CCSale/txt_UDF10'

2020-12-22 18:00:45 - [MESSAGE][PASSED] - Object 'Object Repository/VLink/Page_CCSale/txt_CardOnFileIndicator' is present

2020-12-22 18:00:46 - [MESSAGE][PASSED] - Text '0' is set on object 'Object Repository/VLink/Page_CCSale/txt_CardOnFileIndicator'

2020-12-22 18:00:46 - [MESSAGE][PASSED] - Object 'Object Repository/VLink/Page_CCSale/txt_StoredCredentialIndicator' is present

2020-12-22 18:00:47 - [MESSAGE][PASSED] - Text 'Initial' is set on object 'Object Repository/VLink/Page_CCSale/txt_StoredCredentialIndicator'

2020-12-22 18:00:47 - [MESSAGE][PASSED] - Object 'Object Repository/VLink/Page_CCSale/txt_COFScheduledIndicator' is present

2020-12-22 18:00:48 - [MESSAGE][PASSED] - Text 'Unscheduled' is set on object 'Object Repository/VLink/Page_CCSale/txt_COFScheduledIndicator'

2020-12-22 18:00:48 - [MESSAGE][PASSED] - Object 'Object Repository/VLink/Page_CCSale/txt_COFTransactionInitiatedBy' is present

2020-12-22 18:00:49 - [MESSAGE][PASSED] - Text 'Customer' is set on object 'Object Repository/VLink/Page_CCSale/txt_COFTransactionInitiatedBy'

2020-12-22 18:00:54 - [MESSAGE][PASSED] - Object: 'Object Repository/VLink/Page_CCSale/btn_ProcessVLinkTransaction' is clicked on

2020-12-22 18:00:59 - [MESSAGE][PASSED] - vlinkPages.saleCCPage.setDataSCC is PASSED

2020-12-22 18:00:59 - [TEST_STEP][PASSED] - if (verifyTextPresent("Transaction approved, no errors", true)): null

2020-12-22 18:00:59 - [MESSAGE][PASSED] - Text 'Transaction approved, no errors' is present on page  using regular expression

2020-12-22 18:00:59 - [TEST_STEP][PASSED] - println("Transaction Approved, no errors text is present on the Confirmation page"): null

2020-12-22 18:00:59 - [TEST_STEP][PASSED] - out.println("Pass Record Number: " + row): null

2020-12-22 18:00:59 - [TEST_STEP][PASSED] - sdfo = getText(findTestObject("Object Repository/Page_VLinkReceipt/pre_STX")): Text of object 'Object Repository/Page_VLinkReceipt/pre_STX' is: '<STX>EUcug3Llz3EZ                  12087977            0  Transaction approved, no errors                   0                                                                                  Y OK3097   <ETX>'

2020-12-22 18:00:59 - [MESSAGE][PASSED] - Text of object 'Object Repository/Page_VLinkReceipt/pre_STX' is: '<STX>EUcug3Llz3EZ                  12087977            0  Transaction approved, no errors                   0                                                                                  Y OK3097   <ETX>'

2020-12-22 18:00:59 - [TEST_STEP][PASSED] - out.println("sdfo: " + sdfo): null

2020-12-22 18:00:59 - [TEST_STEP][PASSED] - remID = substring(5, 35).trim(): null

2020-12-22 18:00:59 - [TEST_STEP][PASSED] - out.println("Remittance ID: " + remID): null

2020-12-22 18:00:59 - [TEST_STEP][PASSED] - traxID = substring(35, 55).trim(): null

2020-12-22 18:00:59 - [TEST_STEP][PASSED] - out.println("Transaction ID: " + traxID): null

2020-12-22 18:00:59 - [TEST_STEP][PASSED] - out.println("End Record Number: " + row): null

2020-12-22 18:00:59 - [TEST_STEP][PASSED] - closeBrowser(): Browser is closed

2020-12-22 18:01:00 - [MESSAGE][PASSED] - Browser is closed

2020-12-22 18:01:00 - [TEST_STEP][PASSED] - out.println("Begin Record Number: " + row): null

2020-12-22 18:01:00 - [TEST_STEP][PASSED] - openBrowser(VLinkURL + "authcap.html"): Browser is opened with url: 'https://dev-algorithm.govolution.com/vlinktest/QA/version_2_0/authcap.html'

2020-12-22 18:01:00 - [MESSAGE][INFO] - Starting 'Chrome' driver

2020-12-22 18:01:00 - [MESSAGE][INFO] - User set preference: ['acceptInsecureCerts', 'true']

2020-12-22 18:01:00 - [MESSAGE][INFO] - Action delay is set to 0 milliseconds

2020-12-22 18:01:03 - [MESSAGE][PASSED] - Browser is opened with url: 'https://dev-algorithm.govolution.com/vlinktest/QA/version_2_0/authcap.html'

2020-12-22 18:01:04 - [TEST_STEP][PASSED] - maximizeWindow(): Current window maximized

2020-12-22 18:01:04 - [MESSAGE][PASSED] - Current window maximized

2020-12-22 18:01:04 - [TEST_STEP][PASSED] - vlinkPages.saleCCPage.setDataSCC(row, dataFile): vlinkPages.saleCCPage.setDataSCC is PASSED

2020-12-22 18:01:05 - [MESSAGE][PASSED] - Object 'Object Repository/VLink/Page_CCSale/txt_CardNumber' is present

2020-12-22 18:01:05 - [MESSAGE][PASSED] - Object 'Object Repository/VLink/Page_CCSale/txt_TransactionType' is present

2020-12-22 18:01:06 - [MESSAGE][PASSED] - Text '104' is set on object 'Object Repository/VLink/Page_CCSale/txt_TransactionType'

2020-12-22 18:01:06 - [MESSAGE][PASSED] - Object 'Object Repository/VLink/Page_CCSale/txt_MessageVersion' is present

2020-12-22 18:01:07 - [MESSAGE][PASSED] - Text '2.0C' is set on object 'Object Repository/VLink/Page_CCSale/txt_MessageVersion'

2020-12-22 18:01:07 - [MESSAGE][PASSED] - Object 'Object Repository/VLink/Page_CCSale/txt_RemID' is present

2020-12-22 18:01:08 - [MESSAGE][PASSED] - Text 'ZiTVveuaZoar' is set on object 'Object Repository/VLink/Page_CCSale/txt_RemID'

2020-12-22 18:01:08 - [MESSAGE][PASSED] - Object 'Object Repository/VLink/Page_CCSale/txt_ApplicationId' is present

2020-12-22 18:01:09 - [MESSAGE][PASSED] - Text '667' is set on object 'Object Repository/VLink/Page_CCSale/txt_ApplicationId'

2020-12-22 18:01:09 - [MESSAGE][PASSED] - Object 'Object Repository/VLink/Page_CCSale/txt_Username' is present

2020-12-22 18:01:10 - [MESSAGE][PASSED] - Text 'username' is set on object 'Object Repository/VLink/Page_CCSale/txt_Username'

2020-12-22 18:01:10 - [MESSAGE][PASSED] - Object 'Object Repository/VLink/Page_CCSale/txt_Password' is present

2020-12-22 18:01:11 - [MESSAGE][PASSED] - Text 'password' is set on object 'Object Repository/VLink/Page_CCSale/txt_Password'

2020-12-22 18:01:11 - [MESSAGE][PASSED] - Object 'Object Repository/VLink/Page_CCSale/txt_ResponseFormat' is present

2020-12-22 18:01:11 - [MESSAGE][PASSED] - Text 'fixed_width' is set on object 'Object Repository/VLink/Page_CCSale/txt_ResponseFormat'

2020-12-22 18:01:12 - [MESSAGE][PASSED] - Object 'Object Repository/VLink/Page_CCSale/txt_Category' is present

2020-12-22 18:01:12 - [MESSAGE][PASSED] - Text 'ECOM' is set on object 'Object Repository/VLink/Page_CCSale/txt_Category'

2020-12-22 18:01:13 - [MESSAGE][PASSED] - Object 'Object Repository/VLink/Page_CCSale/txt_TransactionID' is present

2020-12-22 18:01:13 - [MESSAGE][PASSED] - Text '' is set on object 'Object Repository/VLink/Page_CCSale/txt_TransactionID'

2020-12-22 18:01:13 - [MESSAGE][PASSED] - Object 'Object Repository/VLink/Page_CCSale/txt_ApprovalCode' is present

2020-12-22 18:01:14 - [MESSAGE][PASSED] - Text '' is set on object 'Object Repository/VLink/Page_CCSale/txt_ApprovalCode'

2020-12-22 18:01:14 - [MESSAGE][PASSED] - Object 'Object Repository/VLink/Page_CCSale/txt_CardName' is present

2020-12-22 18:01:15 - [MESSAGE][PASSED] - Text 'Roshan Maha' is set on object 'Object Repository/VLink/Page_CCSale/txt_CardName'

2020-12-22 18:01:15 - [MESSAGE][PASSED] - Object 'Object Repository/VLink/Page_CCSale/txt_AL1' is present

2020-12-22 18:01:16 - [MESSAGE][PASSED] - Text '12563 Bazaar road' is set on object 'Object Repository/VLink/Page_CCSale/txt_AL1'

2020-12-22 18:01:16 - [MESSAGE][PASSED] - Object 'Object Repository/VLink/Page_CCSale/txt_AL2' is present

2020-12-22 18:01:17 - [MESSAGE][PASSED] - Text '' is set on object 'Object Repository/VLink/Page_CCSale/txt_AL2'

2020-12-22 18:01:17 - [MESSAGE][PASSED] - Object 'Object Repository/VLink/Page_CCSale/txt_CardCity' is present

2020-12-22 18:01:18 - [MESSAGE][PASSED] - Text 'Crofton' is set on object 'Object Repository/VLink/Page_CCSale/txt_CardCity'

2020-12-22 18:01:18 - [MESSAGE][PASSED] - Object 'Object Repository/VLink/Page_CCSale/txt_CardState' is present

2020-12-22 18:01:19 - [MESSAGE][PASSED] - Text 'MD' is set on object 'Object Repository/VLink/Page_CCSale/txt_CardState'

2020-12-22 18:01:19 - [MESSAGE][PASSED] - Object 'Object Repository/VLink/Page_CCSale/txt_CardZIP' is present

2020-12-22 18:01:20 - [MESSAGE][PASSED] - Text '21114' is set on object 'Object Repository/VLink/Page_CCSale/txt_CardZIP'

2020-12-22 18:01:20 - [MESSAGE][PASSED] - Object 'Object Repository/VLink/Page_CCSale/txt_CountryID' is present

2020-12-22 18:01:21 - [MESSAGE][PASSED] - Text '' is set on object 'Object Repository/VLink/Page_CCSale/txt_CountryID'

2020-12-22 18:01:21 - [MESSAGE][PASSED] - Object 'Object Repository/VLink/Page_CCSale/txt_Amount' is present

2020-12-22 18:01:22 - [MESSAGE][PASSED] - Text '3.50' is set on object 'Object Repository/VLink/Page_CCSale/txt_Amount'

2020-12-22 18:01:22 - [MESSAGE][PASSED] - Object 'Object Repository/VLink/Page_CCSale/txt_CardNumber' is present

2020-12-22 18:01:23 - [MESSAGE][PASSED] - Text '370000000000002' is set on object 'Object Repository/VLink/Page_CCSale/txt_CardNumber'

2020-12-22 18:01:23 - [MESSAGE][PASSED] - Object 'Object Repository/VLink/Page_CCSale/txt_ExpMonth' is present

2020-12-22 18:01:24 - [MESSAGE][PASSED] - Text '01' is set on object 'Object Repository/VLink/Page_CCSale/txt_ExpMonth'

2020-12-22 18:01:24 - [MESSAGE][PASSED] - Object 'Object Repository/VLink/Page_CCSale/txt_ExpYear' is present

2020-12-22 18:01:25 - [MESSAGE][PASSED] - Text '2026' is set on object 'Object Repository/VLink/Page_CCSale/txt_ExpYear'

2020-12-22 18:01:25 - [MESSAGE][PASSED] - Object 'Object Repository/VLink/Page_CCSale/txt_CVV' is present

2020-12-22 18:01:26 - [MESSAGE][PASSED] - Text '' is set on object 'Object Repository/VLink/Page_CCSale/txt_CVV'

2020-12-22 18:01:26 - [MESSAGE][PASSED] - Object 'Object Repository/VLink/Page_CCSale/txt_CVVstate' is present

2020-12-22 18:01:27 - [MESSAGE][PASSED] - Text '' is set on object 'Object Repository/VLink/Page_CCSale/txt_CVVstate'

2020-12-22 18:01:27 - [MESSAGE][PASSED] - Object 'Object Repository/VLink/Page_CCSale/txt_TrackData' is present

2020-12-22 18:01:28 - [MESSAGE][PASSED] - Text '' is set on object 'Object Repository/VLink/Page_CCSale/txt_TrackData'

2020-12-22 18:01:28 - [MESSAGE][PASSED] - Object 'Object Repository/VLink/Page_CCSale/txt_Track1Data' is present

2020-12-22 18:01:29 - [MESSAGE][PASSED] - Text '' is set on object 'Object Repository/VLink/Page_CCSale/txt_Track1Data'

2020-12-22 18:01:29 - [MESSAGE][PASSED] - Object 'Object Repository/VLink/Page_CCSale/txt_Track2Data' is present

2020-12-22 18:01:30 - [MESSAGE][PASSED] - Text '' is set on object 'Object Repository/VLink/Page_CCSale/txt_Track2Data'

2020-12-22 18:01:30 - [MESSAGE][PASSED] - Object 'Object Repository/VLink/Page_CCSale/txt_POSEntryMode' is present

2020-12-22 18:01:31 - [MESSAGE][PASSED] - Text 'manual' is set on object 'Object Repository/VLink/Page_CCSale/txt_POSEntryMode'

2020-12-22 18:01:31 - [MESSAGE][PASSED] - Object 'Object Repository/VLink/Page_CCSale/txt_Email' is present

2020-12-22 18:01:32 - [MESSAGE][PASSED] - Text '' is set on object 'Object Repository/VLink/Page_CCSale/txt_Email'

2020-12-22 18:01:32 - [MESSAGE][PASSED] - Object 'Object Repository/VLink/Page_CCSale/txt_OrderNumber' is present

2020-12-22 18:01:33 - [MESSAGE][PASSED] - Text '' is set on object 'Object Repository/VLink/Page_CCSale/txt_OrderNumber'

2020-12-22 18:01:33 - [MESSAGE][PASSED] - Object 'Object Repository/VLink/Page_CCSale/txt_TaxAmount' is present

2020-12-22 18:01:34 - [MESSAGE][PASSED] - Text '' is set on object 'Object Repository/VLink/Page_CCSale/txt_TaxAmount'

2020-12-22 18:01:34 - [MESSAGE][PASSED] - Object 'Object Repository/VLink/Page_CCSale/txt_ChargeDescription' is present

2020-12-22 18:01:35 - [MESSAGE][PASSED] - Text '' is set on object 'Object Repository/VLink/Page_CCSale/txt_ChargeDescription'

2020-12-22 18:01:35 - [MESSAGE][PASSED] - Object 'Object Repository/VLink/Page_CCSale/txt_CAN' is present

2020-12-22 18:01:36 - [MESSAGE][PASSED] - Text '' is set on object 'Object Repository/VLink/Page_CCSale/txt_CAN'

2020-12-22 18:01:36 - [MESSAGE][PASSED] - Object 'Object Repository/VLink/Page_CCSale/txt_BillPaymentIndicator' is present

2020-12-22 18:01:37 - [MESSAGE][PASSED] - Text '' is set on object 'Object Repository/VLink/Page_CCSale/txt_BillPaymentIndicator'

2020-12-22 18:01:37 - [MESSAGE][PASSED] - Object 'Object Repository/VLink/Page_CCSale/txt_UDF1' is present

2020-12-22 18:01:38 - [MESSAGE][PASSED] - Text '' is set on object 'Object Repository/VLink/Page_CCSale/txt_UDF1'

2020-12-22 18:01:38 - [MESSAGE][PASSED] - Object 'Object Repository/VLink/Page_CCSale/txt_UDF2' is present

2020-12-22 18:01:39 - [MESSAGE][PASSED] - Text '' is set on object 'Object Repository/VLink/Page_CCSale/txt_UDF2'

2020-12-22 18:01:39 - [MESSAGE][PASSED] - Object 'Object Repository/VLink/Page_CCSale/txt_UDF3' is present

2020-12-22 18:01:40 - [MESSAGE][PASSED] - Text '' is set on object 'Object Repository/VLink/Page_CCSale/txt_UDF3'

2020-12-22 18:01:40 - [MESSAGE][PASSED] - Object 'Object Repository/VLink/Page_CCSale/txt_UDF4' is present

2020-12-22 18:01:41 - [MESSAGE][PASSED] - Text '' is set on object 'Object Repository/VLink/Page_CCSale/txt_UDF4'

2020-12-22 18:01:41 - [MESSAGE][PASSED] - Object 'Object Repository/VLink/Page_CCSale/txt_UDF5' is present

2020-12-22 18:01:42 - [MESSAGE][PASSED] - Text '' is set on object 'Object Repository/VLink/Page_CCSale/txt_UDF5'

2020-12-22 18:01:42 - [MESSAGE][PASSED] - Object 'Object Repository/VLink/Page_CCSale/txt_UDF6' is present

2020-12-22 18:01:43 - [MESSAGE][PASSED] - Text '' is set on object 'Object Repository/VLink/Page_CCSale/txt_UDF6'

2020-12-22 18:01:43 - [MESSAGE][PASSED] - Object 'Object Repository/VLink/Page_CCSale/txt_UDF7' is present

2020-12-22 18:01:44 - [MESSAGE][PASSED] - Text '' is set on object 'Object Repository/VLink/Page_CCSale/txt_UDF7'

2020-12-22 18:01:44 - [MESSAGE][PASSED] - Object 'Object Repository/VLink/Page_CCSale/txt_UDF8' is present

2020-12-22 18:01:45 - [MESSAGE][PASSED] - Text '' is set on object 'Object Repository/VLink/Page_CCSale/txt_UDF8'

2020-12-22 18:01:45 - [MESSAGE][PASSED] - Object 'Object Repository/VLink/Page_CCSale/txt_UDF9' is present

2020-12-22 18:01:46 - [MESSAGE][PASSED] - Text '' is set on object 'Object Repository/VLink/Page_CCSale/txt_UDF9'

2020-12-22 18:01:46 - [MESSAGE][PASSED] - Object 'Object Repository/VLink/Page_CCSale/txt_UDF10' is present

2020-12-22 18:01:46 - [MESSAGE][PASSED] - Text '' is set on object 'Object Repository/VLink/Page_CCSale/txt_UDF10'

2020-12-22 18:01:47 - [MESSAGE][PASSED] - Object 'Object Repository/VLink/Page_CCSale/txt_CardOnFileIndicator' is present

2020-12-22 18:01:48 - [MESSAGE][PASSED] - Text '0' is set on object 'Object Repository/VLink/Page_CCSale/txt_CardOnFileIndicator'

2020-12-22 18:01:48 - [MESSAGE][PASSED] - Object 'Object Repository/VLink/Page_CCSale/txt_StoredCredentialIndicator' is present

2020-12-22 18:01:49 - [MESSAGE][PASSED] - Text 'Initial' is set on object 'Object Repository/VLink/Page_CCSale/txt_StoredCredentialIndicator'

2020-12-22 18:01:49 - [MESSAGE][PASSED] - Object 'Object Repository/VLink/Page_CCSale/txt_COFScheduledIndicator' is present

2020-12-22 18:01:50 - [MESSAGE][PASSED] - Text 'Unscheduled' is set on object 'Object Repository/VLink/Page_CCSale/txt_COFScheduledIndicator'

2020-12-22 18:01:50 - [MESSAGE][PASSED] - Object 'Object Repository/VLink/Page_CCSale/txt_COFTransactionInitiatedBy' is present

2020-12-22 18:01:51 - [MESSAGE][PASSED] - Text 'Customer' is set on object 'Object Repository/VLink/Page_CCSale/txt_COFTransactionInitiatedBy'

2020-12-22 18:01:54 - [MESSAGE][PASSED] - Object: 'Object Repository/VLink/Page_CCSale/btn_ProcessVLinkTransaction' is clicked on

2020-12-22 18:01:59 - [MESSAGE][PASSED] - vlinkPages.saleCCPage.setDataSCC is PASSED

2020-12-22 18:01:59 - [TEST_STEP][PASSED] - if (verifyTextPresent("Transaction approved, no errors", true)): null

2020-12-22 18:02:00 - [MESSAGE][PASSED] - Text 'Transaction approved, no errors' is present on page  using regular expression

2020-12-22 18:02:00 - [TEST_STEP][PASSED] - println("Transaction Approved, no errors text is present on the Confirmation page"): null

2020-12-22 18:02:00 - [TEST_STEP][PASSED] - out.println("Pass Record Number: " + row): null

2020-12-22 18:02:00 - [TEST_STEP][PASSED] - sdfo = getText(findTestObject("Object Repository/Page_VLinkReceipt/pre_STX")): Text of object 'Object Repository/Page_VLinkReceipt/pre_STX' is: '<STX>ZiTVveuaZoar                  12087978            0  Transaction approved, no errors                   0                                                                                  Y OK3607   <ETX>'

2020-12-22 18:02:00 - [MESSAGE][PASSED] - Text of object 'Object Repository/Page_VLinkReceipt/pre_STX' is: '<STX>ZiTVveuaZoar                  12087978            0  Transaction approved, no errors                   0                                                                                  Y OK3607   <ETX>'

2020-12-22 18:02:00 - [TEST_STEP][PASSED] - out.println("sdfo: " + sdfo): null

2020-12-22 18:02:00 - [TEST_STEP][PASSED] - remID = substring(5, 35).trim(): null

2020-12-22 18:02:00 - [TEST_STEP][PASSED] - out.println("Remittance ID: " + remID): null

2020-12-22 18:02:00 - [TEST_STEP][PASSED] - traxID = substring(35, 55).trim(): null

2020-12-22 18:02:00 - [TEST_STEP][PASSED] - out.println("Transaction ID: " + traxID): null

2020-12-22 18:02:00 - [TEST_STEP][PASSED] - out.println("End Record Number: " + row): null

2020-12-22 18:02:00 - [TEST_STEP][PASSED] - closeBrowser(): Browser is closed

2020-12-22 18:02:01 - [MESSAGE][PASSED] - Browser is closed

2020-12-22 18:02:01 - [TEST_STEP][PASSED] - out.println("Begin Record Number: " + row): null

2020-12-22 18:02:01 - [TEST_STEP][PASSED] - openBrowser(VLinkURL + "authcap.html"): Browser is opened with url: 'https://dev-algorithm.govolution.com/vlinktest/QA/version_2_0/authcap.html'

2020-12-22 18:02:01 - [MESSAGE][INFO] - Starting 'Chrome' driver

2020-12-22 18:02:01 - [MESSAGE][INFO] - User set preference: ['acceptInsecureCerts', 'true']

2020-12-22 18:02:01 - [MESSAGE][INFO] - Action delay is set to 0 milliseconds

2020-12-22 18:02:04 - [MESSAGE][PASSED] - Browser is opened with url: 'https://dev-algorithm.govolution.com/vlinktest/QA/version_2_0/authcap.html'

2020-12-22 18:02:04 - [TEST_STEP][PASSED] - maximizeWindow(): Current window maximized

2020-12-22 18:02:04 - [MESSAGE][PASSED] - Current window maximized

2020-12-22 18:02:04 - [TEST_STEP][PASSED] - vlinkPages.saleCCPage.setDataSCC(row, dataFile): vlinkPages.saleCCPage.setDataSCC is PASSED

2020-12-22 18:02:06 - [MESSAGE][PASSED] - Object 'Object Repository/VLink/Page_CCSale/txt_CardNumber' is present

2020-12-22 18:02:06 - [MESSAGE][PASSED] - Object 'Object Repository/VLink/Page_CCSale/txt_TransactionType' is present

2020-12-22 18:02:07 - [MESSAGE][PASSED] - Text '104' is set on object 'Object Repository/VLink/Page_CCSale/txt_TransactionType'

2020-12-22 18:02:07 - [MESSAGE][PASSED] - Object 'Object Repository/VLink/Page_CCSale/txt_MessageVersion' is present

2020-12-22 18:02:08 - [MESSAGE][PASSED] - Text '2.0C' is set on object 'Object Repository/VLink/Page_CCSale/txt_MessageVersion'

2020-12-22 18:02:08 - [MESSAGE][PASSED] - Object 'Object Repository/VLink/Page_CCSale/txt_RemID' is present

2020-12-22 18:02:09 - [MESSAGE][PASSED] - Text '9SWZo5NFEAp3' is set on object 'Object Repository/VLink/Page_CCSale/txt_RemID'

2020-12-22 18:02:09 - [MESSAGE][PASSED] - Object 'Object Repository/VLink/Page_CCSale/txt_ApplicationId' is present

2020-12-22 18:02:10 - [MESSAGE][PASSED] - Text '667' is set on object 'Object Repository/VLink/Page_CCSale/txt_ApplicationId'

2020-12-22 18:02:10 - [MESSAGE][PASSED] - Object 'Object Repository/VLink/Page_CCSale/txt_Username' is present

2020-12-22 18:02:10 - [MESSAGE][PASSED] - Text 'username' is set on object 'Object Repository/VLink/Page_CCSale/txt_Username'

2020-12-22 18:02:11 - [MESSAGE][PASSED] - Object 'Object Repository/VLink/Page_CCSale/txt_Password' is present

2020-12-22 18:02:11 - [MESSAGE][PASSED] - Text 'password' is set on object 'Object Repository/VLink/Page_CCSale/txt_Password'

2020-12-22 18:02:12 - [MESSAGE][PASSED] - Object 'Object Repository/VLink/Page_CCSale/txt_ResponseFormat' is present

2020-12-22 18:02:12 - [MESSAGE][PASSED] - Text 'fixed_width' is set on object 'Object Repository/VLink/Page_CCSale/txt_ResponseFormat'

2020-12-22 18:02:12 - [MESSAGE][PASSED] - Object 'Object Repository/VLink/Page_CCSale/txt_Category' is present

2020-12-22 18:02:13 - [MESSAGE][PASSED] - Text 'ECOM' is set on object 'Object Repository/VLink/Page_CCSale/txt_Category'

2020-12-22 18:02:13 - [MESSAGE][PASSED] - Object 'Object Repository/VLink/Page_CCSale/txt_TransactionID' is present

2020-12-22 18:02:14 - [MESSAGE][PASSED] - Text '' is set on object 'Object Repository/VLink/Page_CCSale/txt_TransactionID'

2020-12-22 18:02:14 - [MESSAGE][PASSED] - Object 'Object Repository/VLink/Page_CCSale/txt_ApprovalCode' is present

2020-12-22 18:02:15 - [MESSAGE][PASSED] - Text '' is set on object 'Object Repository/VLink/Page_CCSale/txt_ApprovalCode'

2020-12-22 18:02:15 - [MESSAGE][PASSED] - Object 'Object Repository/VLink/Page_CCSale/txt_CardName' is present

2020-12-22 18:02:16 - [MESSAGE][PASSED] - Text 'Kris Roshan' is set on object 'Object Repository/VLink/Page_CCSale/txt_CardName'

2020-12-22 18:02:16 - [MESSAGE][PASSED] - Object 'Object Repository/VLink/Page_CCSale/txt_AL1' is present

2020-12-22 18:02:17 - [MESSAGE][PASSED] - Text '258 Elm Road' is set on object 'Object Repository/VLink/Page_CCSale/txt_AL1'

2020-12-22 18:02:17 - [MESSAGE][PASSED] - Object 'Object Repository/VLink/Page_CCSale/txt_AL2' is present

2020-12-22 18:02:17 - [MESSAGE][PASSED] - Text 'Suite 56' is set on object 'Object Repository/VLink/Page_CCSale/txt_AL2'

2020-12-22 18:02:18 - [MESSAGE][PASSED] - Object 'Object Repository/VLink/Page_CCSale/txt_CardCity' is present

2020-12-22 18:02:18 - [MESSAGE][PASSED] - Text 'Arlington' is set on object 'Object Repository/VLink/Page_CCSale/txt_CardCity'

2020-12-22 18:02:19 - [MESSAGE][PASSED] - Object 'Object Repository/VLink/Page_CCSale/txt_CardState' is present

2020-12-22 18:02:19 - [MESSAGE][PASSED] - Text 'VA' is set on object 'Object Repository/VLink/Page_CCSale/txt_CardState'

2020-12-22 18:02:20 - [MESSAGE][PASSED] - Object 'Object Repository/VLink/Page_CCSale/txt_CardZIP' is present

2020-12-22 18:02:20 - [MESSAGE][PASSED] - Text '22201' is set on object 'Object Repository/VLink/Page_CCSale/txt_CardZIP'

2020-12-22 18:02:21 - [MESSAGE][PASSED] - Object 'Object Repository/VLink/Page_CCSale/txt_CountryID' is present

2020-12-22 18:02:21 - [MESSAGE][PASSED] - Text '840' is set on object 'Object Repository/VLink/Page_CCSale/txt_CountryID'

2020-12-22 18:02:22 - [MESSAGE][PASSED] - Object 'Object Repository/VLink/Page_CCSale/txt_Amount' is present

2020-12-22 18:02:22 - [MESSAGE][PASSED] - Text '1.50' is set on object 'Object Repository/VLink/Page_CCSale/txt_Amount'

2020-12-22 18:02:23 - [MESSAGE][PASSED] - Object 'Object Repository/VLink/Page_CCSale/txt_CardNumber' is present

2020-12-22 18:02:23 - [MESSAGE][PASSED] - Text '6011000000000004' is set on object 'Object Repository/VLink/Page_CCSale/txt_CardNumber'

2020-12-22 18:02:24 - [MESSAGE][PASSED] - Object 'Object Repository/VLink/Page_CCSale/txt_ExpMonth' is present

2020-12-22 18:02:24 - [MESSAGE][PASSED] - Text '12' is set on object 'Object Repository/VLink/Page_CCSale/txt_ExpMonth'

2020-12-22 18:02:25 - [MESSAGE][PASSED] - Object 'Object Repository/VLink/Page_CCSale/txt_ExpYear' is present

2020-12-22 18:02:25 - [MESSAGE][PASSED] - Text '2025' is set on object 'Object Repository/VLink/Page_CCSale/txt_ExpYear'

2020-12-22 18:02:26 - [MESSAGE][PASSED] - Object 'Object Repository/VLink/Page_CCSale/txt_CVV' is present

2020-12-22 18:02:26 - [MESSAGE][PASSED] - Text '' is set on object 'Object Repository/VLink/Page_CCSale/txt_CVV'

2020-12-22 18:02:27 - [MESSAGE][PASSED] - Object 'Object Repository/VLink/Page_CCSale/txt_CVVstate' is present

2020-12-22 18:02:27 - [MESSAGE][PASSED] - Text '' is set on object 'Object Repository/VLink/Page_CCSale/txt_CVVstate'

2020-12-22 18:02:28 - [MESSAGE][PASSED] - Object 'Object Repository/VLink/Page_CCSale/txt_TrackData' is present

2020-12-22 18:02:28 - [MESSAGE][PASSED] - Text '' is set on object 'Object Repository/VLink/Page_CCSale/txt_TrackData'

2020-12-22 18:02:29 - [MESSAGE][PASSED] - Object 'Object Repository/VLink/Page_CCSale/txt_Track1Data' is present

2020-12-22 18:02:29 - [MESSAGE][PASSED] - Text '' is set on object 'Object Repository/VLink/Page_CCSale/txt_Track1Data'

2020-12-22 18:02:30 - [MESSAGE][PASSED] - Object 'Object Repository/VLink/Page_CCSale/txt_Track2Data' is present

2020-12-22 18:02:30 - [MESSAGE][PASSED] - Text '' is set on object 'Object Repository/VLink/Page_CCSale/txt_Track2Data'

2020-12-22 18:02:31 - [MESSAGE][PASSED] - Object 'Object Repository/VLink/Page_CCSale/txt_POSEntryMode' is present

2020-12-22 18:02:31 - [MESSAGE][PASSED] - Text 'manual' is set on object 'Object Repository/VLink/Page_CCSale/txt_POSEntryMode'

2020-12-22 18:02:32 - [MESSAGE][PASSED] - Object 'Object Repository/VLink/Page_CCSale/txt_Email' is present

2020-12-22 18:02:32 - [MESSAGE][PASSED] - Text 'iahmed@govolution.com' is set on object 'Object Repository/VLink/Page_CCSale/txt_Email'

2020-12-22 18:02:33 - [MESSAGE][PASSED] - Object 'Object Repository/VLink/Page_CCSale/txt_OrderNumber' is present

2020-12-22 18:02:33 - [MESSAGE][PASSED] - Text '2569362' is set on object 'Object Repository/VLink/Page_CCSale/txt_OrderNumber'

2020-12-22 18:02:34 - [MESSAGE][PASSED] - Object 'Object Repository/VLink/Page_CCSale/txt_TaxAmount' is present

2020-12-22 18:02:34 - [MESSAGE][PASSED] - Text '1.15' is set on object 'Object Repository/VLink/Page_CCSale/txt_TaxAmount'

2020-12-22 18:02:35 - [MESSAGE][PASSED] - Object 'Object Repository/VLink/Page_CCSale/txt_ChargeDescription' is present

2020-12-22 18:02:35 - [MESSAGE][PASSED] - Text 'Charge Description' is set on object 'Object Repository/VLink/Page_CCSale/txt_ChargeDescription'

2020-12-22 18:02:36 - [MESSAGE][PASSED] - Object 'Object Repository/VLink/Page_CCSale/txt_CAN' is present

2020-12-22 18:02:36 - [MESSAGE][PASSED] - Text '147357' is set on object 'Object Repository/VLink/Page_CCSale/txt_CAN'

2020-12-22 18:02:37 - [MESSAGE][PASSED] - Object 'Object Repository/VLink/Page_CCSale/txt_BillPaymentIndicator' is present

2020-12-22 18:02:37 - [MESSAGE][PASSED] - Text '1' is set on object 'Object Repository/VLink/Page_CCSale/txt_BillPaymentIndicator'

2020-12-22 18:02:38 - [MESSAGE][PASSED] - Object 'Object Repository/VLink/Page_CCSale/txt_UDF1' is present

2020-12-22 18:02:38 - [MESSAGE][PASSED] - Text 'UDF Data 1' is set on object 'Object Repository/VLink/Page_CCSale/txt_UDF1'

2020-12-22 18:02:39 - [MESSAGE][PASSED] - Object 'Object Repository/VLink/Page_CCSale/txt_UDF2' is present

2020-12-22 18:02:39 - [MESSAGE][PASSED] - Text 'UDF Data 2' is set on object 'Object Repository/VLink/Page_CCSale/txt_UDF2'

2020-12-22 18:02:40 - [MESSAGE][PASSED] - Object 'Object Repository/VLink/Page_CCSale/txt_UDF3' is present

2020-12-22 18:02:40 - [MESSAGE][PASSED] - Text 'UDF Data 3' is set on object 'Object Repository/VLink/Page_CCSale/txt_UDF3'

2020-12-22 18:02:41 - [MESSAGE][PASSED] - Object 'Object Repository/VLink/Page_CCSale/txt_UDF4' is present

2020-12-22 18:02:41 - [MESSAGE][PASSED] - Text 'UDF Data 4' is set on object 'Object Repository/VLink/Page_CCSale/txt_UDF4'

2020-12-22 18:02:42 - [MESSAGE][PASSED] - Object 'Object Repository/VLink/Page_CCSale/txt_UDF5' is present

2020-12-22 18:02:42 - [MESSAGE][PASSED] - Text 'UDF Data 5' is set on object 'Object Repository/VLink/Page_CCSale/txt_UDF5'

2020-12-22 18:02:43 - [MESSAGE][PASSED] - Object 'Object Repository/VLink/Page_CCSale/txt_UDF6' is present

2020-12-22 18:02:43 - [MESSAGE][PASSED] - Text 'UDF Data 6' is set on object 'Object Repository/VLink/Page_CCSale/txt_UDF6'

2020-12-22 18:02:44 - [MESSAGE][PASSED] - Object 'Object Repository/VLink/Page_CCSale/txt_UDF7' is present

2020-12-22 18:02:44 - [MESSAGE][PASSED] - Text 'UDF Data 7' is set on object 'Object Repository/VLink/Page_CCSale/txt_UDF7'

2020-12-22 18:02:45 - [MESSAGE][PASSED] - Object 'Object Repository/VLink/Page_CCSale/txt_UDF8' is present

2020-12-22 18:02:45 - [MESSAGE][PASSED] - Text 'UDF Data 8' is set on object 'Object Repository/VLink/Page_CCSale/txt_UDF8'

2020-12-22 18:02:46 - [MESSAGE][PASSED] - Object 'Object Repository/VLink/Page_CCSale/txt_UDF9' is present

2020-12-22 18:02:46 - [MESSAGE][PASSED] - Text 'UDF Data 9' is set on object 'Object Repository/VLink/Page_CCSale/txt_UDF9'

2020-12-22 18:02:47 - [MESSAGE][PASSED] - Object 'Object Repository/VLink/Page_CCSale/txt_UDF10' is present

2020-12-22 18:02:47 - [MESSAGE][PASSED] - Text 'UDF Data 10' is set on object 'Object Repository/VLink/Page_CCSale/txt_UDF10'

2020-12-22 18:02:48 - [MESSAGE][PASSED] - Object 'Object Repository/VLink/Page_CCSale/txt_CardOnFileIndicator' is present

2020-12-22 18:02:48 - [MESSAGE][PASSED] - Text '0' is set on object 'Object Repository/VLink/Page_CCSale/txt_CardOnFileIndicator'

2020-12-22 18:02:49 - [MESSAGE][PASSED] - Object 'Object Repository/VLink/Page_CCSale/txt_StoredCredentialIndicator' is present

2020-12-22 18:02:49 - [MESSAGE][PASSED] - Text 'Initial' is set on object 'Object Repository/VLink/Page_CCSale/txt_StoredCredentialIndicator'

2020-12-22 18:02:50 - [MESSAGE][PASSED] - Object 'Object Repository/VLink/Page_CCSale/txt_COFScheduledIndicator' is present

2020-12-22 18:02:50 - [MESSAGE][PASSED] - Text 'Unscheduled' is set on object 'Object Repository/VLink/Page_CCSale/txt_COFScheduledIndicator'

2020-12-22 18:02:51 - [MESSAGE][PASSED] - Object 'Object Repository/VLink/Page_CCSale/txt_COFTransactionInitiatedBy' is present

2020-12-22 18:02:51 - [MESSAGE][PASSED] - Text 'Customer' is set on object 'Object Repository/VLink/Page_CCSale/txt_COFTransactionInitiatedBy'

2020-12-22 18:02:55 - [MESSAGE][PASSED] - Object: 'Object Repository/VLink/Page_CCSale/btn_ProcessVLinkTransaction' is clicked on

2020-12-22 18:03:00 - [MESSAGE][PASSED] - vlinkPages.saleCCPage.setDataSCC is PASSED

2020-12-22 18:03:00 - [TEST_STEP][PASSED] - if (verifyTextPresent("Transaction approved, no errors", true)): null

2020-12-22 18:03:01 - [MESSAGE][PASSED] - Text 'Transaction approved, no errors' is present on page  using regular expression

2020-12-22 18:03:01 - [TEST_STEP][PASSED] - println("Transaction Approved, no errors text is present on the Confirmation page"): null

2020-12-22 18:03:01 - [TEST_STEP][PASSED] - out.println("Pass Record Number: " + row): null

2020-12-22 18:03:01 - [TEST_STEP][PASSED] - sdfo = getText(findTestObject("Object Repository/Page_VLinkReceipt/pre_STX")): Text of object 'Object Repository/Page_VLinkReceipt/pre_STX' is: '<STX>9SWZo5NFEAp3                  12087979            0  Transaction approved, no errors                   0                                                                                  Y OK3977   <ETX>'

2020-12-22 18:03:01 - [MESSAGE][PASSED] - Text of object 'Object Repository/Page_VLinkReceipt/pre_STX' is: '<STX>9SWZo5NFEAp3                  12087979            0  Transaction approved, no errors                   0                                                                                  Y OK3977   <ETX>'

2020-12-22 18:03:01 - [TEST_STEP][PASSED] - out.println("sdfo: " + sdfo): null

2020-12-22 18:03:01 - [TEST_STEP][PASSED] - remID = substring(5, 35).trim(): null

2020-12-22 18:03:01 - [TEST_STEP][PASSED] - out.println("Remittance ID: " + remID): null

2020-12-22 18:03:01 - [TEST_STEP][PASSED] - traxID = substring(35, 55).trim(): null

2020-12-22 18:03:01 - [TEST_STEP][PASSED] - out.println("Transaction ID: " + traxID): null

2020-12-22 18:03:01 - [TEST_STEP][PASSED] - out.println("End Record Number: " + row): null

2020-12-22 18:03:01 - [TEST_STEP][PASSED] - closeBrowser(): Browser is closed

2020-12-22 18:03:02 - [MESSAGE][PASSED] - Browser is closed

2020-12-22 18:03:02 - [TEST_STEP][PASSED] - out.println("Begin Record Number: " + row): null

2020-12-22 18:03:02 - [TEST_STEP][PASSED] - openBrowser(VLinkURL + "authcap.html"): Browser is opened with url: 'https://dev-algorithm.govolution.com/vlinktest/QA/version_2_0/authcap.html'

2020-12-22 18:03:02 - [MESSAGE][INFO] - Starting 'Chrome' driver

2020-12-22 18:03:02 - [MESSAGE][INFO] - User set preference: ['acceptInsecureCerts', 'true']

2020-12-22 18:03:02 - [MESSAGE][INFO] - Action delay is set to 0 milliseconds

2020-12-22 18:03:05 - [MESSAGE][PASSED] - Browser is opened with url: 'https://dev-algorithm.govolution.com/vlinktest/QA/version_2_0/authcap.html'

2020-12-22 18:03:05 - [TEST_STEP][PASSED] - maximizeWindow(): Current window maximized

2020-12-22 18:03:06 - [MESSAGE][PASSED] - Current window maximized

2020-12-22 18:03:06 - [TEST_STEP][PASSED] - vlinkPages.saleCCPage.setDataSCC(row, dataFile): vlinkPages.saleCCPage.setDataSCC is PASSED

2020-12-22 18:03:07 - [MESSAGE][PASSED] - Object 'Object Repository/VLink/Page_CCSale/txt_CardNumber' is present

2020-12-22 18:03:07 - [MESSAGE][PASSED] - Object 'Object Repository/VLink/Page_CCSale/txt_TransactionType' is present

2020-12-22 18:03:08 - [MESSAGE][PASSED] - Text '104' is set on object 'Object Repository/VLink/Page_CCSale/txt_TransactionType'

2020-12-22 18:03:08 - [MESSAGE][PASSED] - Object 'Object Repository/VLink/Page_CCSale/txt_MessageVersion' is present

2020-12-22 18:03:09 - [MESSAGE][PASSED] - Text '2.0C' is set on object 'Object Repository/VLink/Page_CCSale/txt_MessageVersion'

2020-12-22 18:03:09 - [MESSAGE][PASSED] - Object 'Object Repository/VLink/Page_CCSale/txt_RemID' is present

2020-12-22 18:03:10 - [MESSAGE][PASSED] - Text 'NQGtWtPNjgrZ' is set on object 'Object Repository/VLink/Page_CCSale/txt_RemID'

2020-12-22 18:03:10 - [MESSAGE][PASSED] - Object 'Object Repository/VLink/Page_CCSale/txt_ApplicationId' is present

2020-12-22 18:03:11 - [MESSAGE][PASSED] - Text '670' is set on object 'Object Repository/VLink/Page_CCSale/txt_ApplicationId'

2020-12-22 18:03:11 - [MESSAGE][PASSED] - Object 'Object Repository/VLink/Page_CCSale/txt_Username' is present

2020-12-22 18:03:12 - [MESSAGE][PASSED] - Text 'username' is set on object 'Object Repository/VLink/Page_CCSale/txt_Username'

2020-12-22 18:03:12 - [MESSAGE][PASSED] - Object 'Object Repository/VLink/Page_CCSale/txt_Password' is present

2020-12-22 18:03:13 - [MESSAGE][PASSED] - Text 'password' is set on object 'Object Repository/VLink/Page_CCSale/txt_Password'

2020-12-22 18:03:13 - [MESSAGE][PASSED] - Object 'Object Repository/VLink/Page_CCSale/txt_ResponseFormat' is present

2020-12-22 18:03:14 - [MESSAGE][PASSED] - Text 'fixed_width' is set on object 'Object Repository/VLink/Page_CCSale/txt_ResponseFormat'

2020-12-22 18:03:14 - [MESSAGE][PASSED] - Object 'Object Repository/VLink/Page_CCSale/txt_Category' is present

2020-12-22 18:03:15 - [MESSAGE][PASSED] - Text 'MOTO' is set on object 'Object Repository/VLink/Page_CCSale/txt_Category'

2020-12-22 18:03:15 - [MESSAGE][PASSED] - Object 'Object Repository/VLink/Page_CCSale/txt_TransactionID' is present

2020-12-22 18:03:16 - [MESSAGE][PASSED] - Text '' is set on object 'Object Repository/VLink/Page_CCSale/txt_TransactionID'

2020-12-22 18:03:16 - [MESSAGE][PASSED] - Object 'Object Repository/VLink/Page_CCSale/txt_ApprovalCode' is present

2020-12-22 18:03:16 - [MESSAGE][PASSED] - Text '' is set on object 'Object Repository/VLink/Page_CCSale/txt_ApprovalCode'

2020-12-22 18:03:17 - [MESSAGE][PASSED] - Object 'Object Repository/VLink/Page_CCSale/txt_CardName' is present

2020-12-22 18:03:17 - [MESSAGE][PASSED] - Text 'Arvind Silva' is set on object 'Object Repository/VLink/Page_CCSale/txt_CardName'

2020-12-22 18:03:18 - [MESSAGE][PASSED] - Object 'Object Repository/VLink/Page_CCSale/txt_AL1' is present

2020-12-22 18:03:18 - [MESSAGE][PASSED] - Text '111 Main Ave' is set on object 'Object Repository/VLink/Page_CCSale/txt_AL1'

2020-12-22 18:03:18 - [MESSAGE][PASSED] - Object 'Object Repository/VLink/Page_CCSale/txt_AL2' is present

2020-12-22 18:03:19 - [MESSAGE][PASSED] - Text '' is set on object 'Object Repository/VLink/Page_CCSale/txt_AL2'

2020-12-22 18:03:19 - [MESSAGE][PASSED] - Object 'Object Repository/VLink/Page_CCSale/txt_CardCity' is present

2020-12-22 18:03:20 - [MESSAGE][PASSED] - Text 'Arlington' is set on object 'Object Repository/VLink/Page_CCSale/txt_CardCity'

2020-12-22 18:03:20 - [MESSAGE][PASSED] - Object 'Object Repository/VLink/Page_CCSale/txt_CardState' is present

2020-12-22 18:03:21 - [MESSAGE][PASSED] - Text 'VA' is set on object 'Object Repository/VLink/Page_CCSale/txt_CardState'

2020-12-22 18:03:21 - [MESSAGE][PASSED] - Object 'Object Repository/VLink/Page_CCSale/txt_CardZIP' is present

2020-12-22 18:03:22 - [MESSAGE][PASSED] - Text '22201' is set on object 'Object Repository/VLink/Page_CCSale/txt_CardZIP'

2020-12-22 18:03:22 - [MESSAGE][PASSED] - Object 'Object Repository/VLink/Page_CCSale/txt_CountryID' is present

2020-12-22 18:03:22 - [MESSAGE][PASSED] - Text '' is set on object 'Object Repository/VLink/Page_CCSale/txt_CountryID'

2020-12-22 18:03:23 - [MESSAGE][PASSED] - Object 'Object Repository/VLink/Page_CCSale/txt_Amount' is present

2020-12-22 18:03:23 - [MESSAGE][PASSED] - Text '2.50' is set on object 'Object Repository/VLink/Page_CCSale/txt_Amount'

2020-12-22 18:03:24 - [MESSAGE][PASSED] - Object 'Object Repository/VLink/Page_CCSale/txt_CardNumber' is present

2020-12-22 18:03:24 - [MESSAGE][PASSED] - Text '4111111111111111' is set on object 'Object Repository/VLink/Page_CCSale/txt_CardNumber'

2020-12-22 18:03:25 - [MESSAGE][PASSED] - Object 'Object Repository/VLink/Page_CCSale/txt_ExpMonth' is present

2020-12-22 18:03:25 - [MESSAGE][PASSED] - Text '01' is set on object 'Object Repository/VLink/Page_CCSale/txt_ExpMonth'

2020-12-22 18:03:26 - [MESSAGE][PASSED] - Object 'Object Repository/VLink/Page_CCSale/txt_ExpYear' is present

2020-12-22 18:03:26 - [MESSAGE][PASSED] - Text '2026' is set on object 'Object Repository/VLink/Page_CCSale/txt_ExpYear'

2020-12-22 18:03:27 - [MESSAGE][PASSED] - Object 'Object Repository/VLink/Page_CCSale/txt_CVV' is present

2020-12-22 18:03:27 - [MESSAGE][PASSED] - Text '' is set on object 'Object Repository/VLink/Page_CCSale/txt_CVV'

2020-12-22 18:03:28 - [MESSAGE][PASSED] - Object 'Object Repository/VLink/Page_CCSale/txt_CVVstate' is present

2020-12-22 18:03:28 - [MESSAGE][PASSED] - Text '' is set on object 'Object Repository/VLink/Page_CCSale/txt_CVVstate'

2020-12-22 18:03:29 - [MESSAGE][PASSED] - Object 'Object Repository/VLink/Page_CCSale/txt_TrackData' is present

2020-12-22 18:03:29 - [MESSAGE][PASSED] - Text '' is set on object 'Object Repository/VLink/Page_CCSale/txt_TrackData'

2020-12-22 18:03:30 - [MESSAGE][PASSED] - Object 'Object Repository/VLink/Page_CCSale/txt_Track1Data' is present

2020-12-22 18:03:30 - [MESSAGE][PASSED] - Text '' is set on object 'Object Repository/VLink/Page_CCSale/txt_Track1Data'

2020-12-22 18:03:31 - [MESSAGE][PASSED] - Object 'Object Repository/VLink/Page_CCSale/txt_Track2Data' is present

2020-12-22 18:03:31 - [MESSAGE][PASSED] - Text '' is set on object 'Object Repository/VLink/Page_CCSale/txt_Track2Data'

2020-12-22 18:03:32 - [MESSAGE][PASSED] - Object 'Object Repository/VLink/Page_CCSale/txt_POSEntryMode' is present

2020-12-22 18:03:32 - [MESSAGE][PASSED] - Text 'manual' is set on object 'Object Repository/VLink/Page_CCSale/txt_POSEntryMode'

2020-12-22 18:03:33 - [MESSAGE][PASSED] - Object 'Object Repository/VLink/Page_CCSale/txt_Email' is present

2020-12-22 18:03:33 - [MESSAGE][PASSED] - Text '' is set on object 'Object Repository/VLink/Page_CCSale/txt_Email'

2020-12-22 18:03:34 - [MESSAGE][PASSED] - Object 'Object Repository/VLink/Page_CCSale/txt_OrderNumber' is present

2020-12-22 18:03:34 - [MESSAGE][PASSED] - Text '' is set on object 'Object Repository/VLink/Page_CCSale/txt_OrderNumber'

2020-12-22 18:03:35 - [MESSAGE][PASSED] - Object 'Object Repository/VLink/Page_CCSale/txt_TaxAmount' is present

2020-12-22 18:03:35 - [MESSAGE][PASSED] - Text '' is set on object 'Object Repository/VLink/Page_CCSale/txt_TaxAmount'

2020-12-22 18:03:36 - [MESSAGE][PASSED] - Object 'Object Repository/VLink/Page_CCSale/txt_ChargeDescription' is present

2020-12-22 18:03:36 - [MESSAGE][PASSED] - Text '' is set on object 'Object Repository/VLink/Page_CCSale/txt_ChargeDescription'

2020-12-22 18:03:37 - [MESSAGE][PASSED] - Object 'Object Repository/VLink/Page_CCSale/txt_CAN' is present

2020-12-22 18:03:37 - [MESSAGE][PASSED] - Text '' is set on object 'Object Repository/VLink/Page_CCSale/txt_CAN'

2020-12-22 18:03:38 - [MESSAGE][PASSED] - Object 'Object Repository/VLink/Page_CCSale/txt_BillPaymentIndicator' is present

2020-12-22 18:03:38 - [MESSAGE][PASSED] - Text '' is set on object 'Object Repository/VLink/Page_CCSale/txt_BillPaymentIndicator'

2020-12-22 18:03:39 - [MESSAGE][PASSED] - Object 'Object Repository/VLink/Page_CCSale/txt_UDF1' is present

2020-12-22 18:03:39 - [MESSAGE][PASSED] - Text '' is set on object 'Object Repository/VLink/Page_CCSale/txt_UDF1'

2020-12-22 18:03:40 - [MESSAGE][PASSED] - Object 'Object Repository/VLink/Page_CCSale/txt_UDF2' is present

2020-12-22 18:03:40 - [MESSAGE][PASSED] - Text '' is set on object 'Object Repository/VLink/Page_CCSale/txt_UDF2'

2020-12-22 18:03:41 - [MESSAGE][PASSED] - Object 'Object Repository/VLink/Page_CCSale/txt_UDF3' is present

2020-12-22 18:03:41 - [MESSAGE][PASSED] - Text '' is set on object 'Object Repository/VLink/Page_CCSale/txt_UDF3'

2020-12-22 18:03:42 - [MESSAGE][PASSED] - Object 'Object Repository/VLink/Page_CCSale/txt_UDF4' is present

2020-12-22 18:03:42 - [MESSAGE][PASSED] - Text '' is set on object 'Object Repository/VLink/Page_CCSale/txt_UDF4'

2020-12-22 18:03:43 - [MESSAGE][PASSED] - Object 'Object Repository/VLink/Page_CCSale/txt_UDF5' is present

2020-12-22 18:03:43 - [MESSAGE][PASSED] - Text '' is set on object 'Object Repository/VLink/Page_CCSale/txt_UDF5'

2020-12-22 18:03:44 - [MESSAGE][PASSED] - Object 'Object Repository/VLink/Page_CCSale/txt_UDF6' is present

2020-12-22 18:03:44 - [MESSAGE][PASSED] - Text '' is set on object 'Object Repository/VLink/Page_CCSale/txt_UDF6'

2020-12-22 18:03:45 - [MESSAGE][PASSED] - Object 'Object Repository/VLink/Page_CCSale/txt_UDF7' is present

2020-12-22 18:03:45 - [MESSAGE][PASSED] - Text '' is set on object 'Object Repository/VLink/Page_CCSale/txt_UDF7'

2020-12-22 18:03:46 - [MESSAGE][PASSED] - Object 'Object Repository/VLink/Page_CCSale/txt_UDF8' is present

2020-12-22 18:03:46 - [MESSAGE][PASSED] - Text '' is set on object 'Object Repository/VLink/Page_CCSale/txt_UDF8'

2020-12-22 18:03:47 - [MESSAGE][PASSED] - Object 'Object Repository/VLink/Page_CCSale/txt_UDF9' is present

2020-12-22 18:03:47 - [MESSAGE][PASSED] - Text '' is set on object 'Object Repository/VLink/Page_CCSale/txt_UDF9'

2020-12-22 18:03:48 - [MESSAGE][PASSED] - Object 'Object Repository/VLink/Page_CCSale/txt_UDF10' is present

2020-12-22 18:03:48 - [MESSAGE][PASSED] - Text '' is set on object 'Object Repository/VLink/Page_CCSale/txt_UDF10'

2020-12-22 18:03:48 - [MESSAGE][PASSED] - Object 'Object Repository/VLink/Page_CCSale/txt_CardOnFileIndicator' is present

2020-12-22 18:03:49 - [MESSAGE][PASSED] - Text '0' is set on object 'Object Repository/VLink/Page_CCSale/txt_CardOnFileIndicator'

2020-12-22 18:03:49 - [MESSAGE][PASSED] - Object 'Object Repository/VLink/Page_CCSale/txt_StoredCredentialIndicator' is present

2020-12-22 18:03:50 - [MESSAGE][PASSED] - Text 'Initial' is set on object 'Object Repository/VLink/Page_CCSale/txt_StoredCredentialIndicator'

2020-12-22 18:03:50 - [MESSAGE][PASSED] - Object 'Object Repository/VLink/Page_CCSale/txt_COFScheduledIndicator' is present

2020-12-22 18:03:51 - [MESSAGE][PASSED] - Text 'Unscheduled' is set on object 'Object Repository/VLink/Page_CCSale/txt_COFScheduledIndicator'

2020-12-22 18:03:52 - [MESSAGE][PASSED] - Object 'Object Repository/VLink/Page_CCSale/txt_COFTransactionInitiatedBy' is present

2020-12-22 18:03:52 - [MESSAGE][PASSED] - Text 'Customer' is set on object 'Object Repository/VLink/Page_CCSale/txt_COFTransactionInitiatedBy'

2020-12-22 18:03:56 - [MESSAGE][PASSED] - Object: 'Object Repository/VLink/Page_CCSale/btn_ProcessVLinkTransaction' is clicked on

2020-12-22 18:04:01 - [MESSAGE][PASSED] - vlinkPages.saleCCPage.setDataSCC is PASSED

2020-12-22 18:04:01 - [TEST_STEP][PASSED] - if (verifyTextPresent("Transaction approved, no errors", true)): null

2020-12-22 18:04:01 - [MESSAGE][PASSED] - Text 'Transaction approved, no errors' is present on page  using regular expression

2020-12-22 18:04:01 - [TEST_STEP][PASSED] - println("Transaction Approved, no errors text is present on the Confirmation page"): null

2020-12-22 18:04:01 - [TEST_STEP][PASSED] - out.println("Pass Record Number: " + row): null

2020-12-22 18:04:01 - [TEST_STEP][PASSED] - sdfo = getText(findTestObject("Object Repository/Page_VLinkReceipt/pre_STX")): Text of object 'Object Repository/Page_VLinkReceipt/pre_STX' is: '<STX>NQGtWtPNjgrZ                  12087980            0  Transaction approved, no errors                   0                                                                                  Y OK4157   <ETX>'

2020-12-22 18:04:02 - [MESSAGE][PASSED] - Text of object 'Object Repository/Page_VLinkReceipt/pre_STX' is: '<STX>NQGtWtPNjgrZ                  12087980            0  Transaction approved, no errors                   0                                                                                  Y OK4157   <ETX>'

2020-12-22 18:04:02 - [TEST_STEP][PASSED] - out.println("sdfo: " + sdfo): null

2020-12-22 18:04:02 - [TEST_STEP][PASSED] - remID = substring(5, 35).trim(): null

2020-12-22 18:04:02 - [TEST_STEP][PASSED] - out.println("Remittance ID: " + remID): null

2020-12-22 18:04:02 - [TEST_STEP][PASSED] - traxID = substring(35, 55).trim(): null

2020-12-22 18:04:02 - [TEST_STEP][PASSED] - out.println("Transaction ID: " + traxID): null

2020-12-22 18:04:02 - [TEST_STEP][PASSED] - out.println("End Record Number: " + row): null

2020-12-22 18:04:02 - [TEST_STEP][PASSED] - closeBrowser(): Browser is closed

2020-12-22 18:04:02 - [MESSAGE][PASSED] - Browser is closed

2020-12-22 18:04:02 - [TEST_STEP][PASSED] - out.println("Begin Record Number: " + row): null

2020-12-22 18:04:02 - [TEST_STEP][PASSED] - openBrowser(VLinkURL + "authcap.html"): Browser is opened with url: 'https://dev-algorithm.govolution.com/vlinktest/QA/version_2_0/authcap.html'

2020-12-22 18:04:02 - [MESSAGE][INFO] - Starting 'Chrome' driver

2020-12-22 18:04:02 - [MESSAGE][INFO] - User set preference: ['acceptInsecureCerts', 'true']

2020-12-22 18:04:03 - [MESSAGE][INFO] - Action delay is set to 0 milliseconds

2020-12-22 18:04:07 - [MESSAGE][PASSED] - Browser is opened with url: 'https://dev-algorithm.govolution.com/vlinktest/QA/version_2_0/authcap.html'

2020-12-22 18:04:07 - [TEST_STEP][PASSED] - maximizeWindow(): Current window maximized

2020-12-22 18:04:07 - [MESSAGE][PASSED] - Current window maximized

2020-12-22 18:04:07 - [TEST_STEP][PASSED] - vlinkPages.saleCCPage.setDataSCC(row, dataFile): vlinkPages.saleCCPage.setDataSCC is PASSED

2020-12-22 18:04:08 - [MESSAGE][PASSED] - Object 'Object Repository/VLink/Page_CCSale/txt_CardNumber' is present

2020-12-22 18:04:09 - [MESSAGE][PASSED] - Object 'Object Repository/VLink/Page_CCSale/txt_TransactionType' is present

2020-12-22 18:04:09 - [MESSAGE][PASSED] - Text '104' is set on object 'Object Repository/VLink/Page_CCSale/txt_TransactionType'

2020-12-22 18:04:10 - [MESSAGE][PASSED] - Object 'Object Repository/VLink/Page_CCSale/txt_MessageVersion' is present

2020-12-22 18:04:10 - [MESSAGE][PASSED] - Text '2.0C' is set on object 'Object Repository/VLink/Page_CCSale/txt_MessageVersion'

2020-12-22 18:04:11 - [MESSAGE][PASSED] - Object 'Object Repository/VLink/Page_CCSale/txt_RemID' is present

2020-12-22 18:04:11 - [MESSAGE][PASSED] - Text 'nnDEfYV3lI9g' is set on object 'Object Repository/VLink/Page_CCSale/txt_RemID'

2020-12-22 18:04:11 - [MESSAGE][PASSED] - Object 'Object Repository/VLink/Page_CCSale/txt_ApplicationId' is present

2020-12-22 18:04:12 - [MESSAGE][PASSED] - Text '670' is set on object 'Object Repository/VLink/Page_CCSale/txt_ApplicationId'

2020-12-22 18:04:12 - [MESSAGE][PASSED] - Object 'Object Repository/VLink/Page_CCSale/txt_Username' is present

2020-12-22 18:04:13 - [MESSAGE][PASSED] - Text 'username' is set on object 'Object Repository/VLink/Page_CCSale/txt_Username'

2020-12-22 18:04:13 - [MESSAGE][PASSED] - Object 'Object Repository/VLink/Page_CCSale/txt_Password' is present

2020-12-22 18:04:14 - [MESSAGE][PASSED] - Text 'password' is set on object 'Object Repository/VLink/Page_CCSale/txt_Password'

2020-12-22 18:04:14 - [MESSAGE][PASSED] - Object 'Object Repository/VLink/Page_CCSale/txt_ResponseFormat' is present

2020-12-22 18:04:15 - [MESSAGE][PASSED] - Text 'fixed_width' is set on object 'Object Repository/VLink/Page_CCSale/txt_ResponseFormat'

2020-12-22 18:04:15 - [MESSAGE][PASSED] - Object 'Object Repository/VLink/Page_CCSale/txt_Category' is present

2020-12-22 18:04:15 - [MESSAGE][PASSED] - Text 'MOTO' is set on object 'Object Repository/VLink/Page_CCSale/txt_Category'

2020-12-22 18:04:16 - [MESSAGE][PASSED] - Object 'Object Repository/VLink/Page_CCSale/txt_TransactionID' is present

2020-12-22 18:04:16 - [MESSAGE][PASSED] - Text '' is set on object 'Object Repository/VLink/Page_CCSale/txt_TransactionID'

2020-12-22 18:04:17 - [MESSAGE][PASSED] - Object 'Object Repository/VLink/Page_CCSale/txt_ApprovalCode' is present

2020-12-22 18:04:17 - [MESSAGE][PASSED] - Text '' is set on object 'Object Repository/VLink/Page_CCSale/txt_ApprovalCode'

2020-12-22 18:04:17 - [MESSAGE][PASSED] - Object 'Object Repository/VLink/Page_CCSale/txt_CardName' is present

2020-12-22 18:04:18 - [MESSAGE][PASSED] - Text 'Roshan Maha' is set on object 'Object Repository/VLink/Page_CCSale/txt_CardName'

2020-12-22 18:04:18 - [MESSAGE][PASSED] - Object 'Object Repository/VLink/Page_CCSale/txt_AL1' is present

2020-12-22 18:04:19 - [MESSAGE][PASSED] - Text '12563 Bazaar road' is set on object 'Object Repository/VLink/Page_CCSale/txt_AL1'

2020-12-22 18:04:19 - [MESSAGE][PASSED] - Object 'Object Repository/VLink/Page_CCSale/txt_AL2' is present

2020-12-22 18:04:20 - [MESSAGE][PASSED] - Text '' is set on object 'Object Repository/VLink/Page_CCSale/txt_AL2'

2020-12-22 18:04:20 - [MESSAGE][PASSED] - Object 'Object Repository/VLink/Page_CCSale/txt_CardCity' is present

2020-12-22 18:04:21 - [MESSAGE][PASSED] - Text 'Crofton' is set on object 'Object Repository/VLink/Page_CCSale/txt_CardCity'

2020-12-22 18:04:21 - [MESSAGE][PASSED] - Object 'Object Repository/VLink/Page_CCSale/txt_CardState' is present

2020-12-22 18:04:22 - [MESSAGE][PASSED] - Text 'MD' is set on object 'Object Repository/VLink/Page_CCSale/txt_CardState'

2020-12-22 18:04:22 - [MESSAGE][PASSED] - Object 'Object Repository/VLink/Page_CCSale/txt_CardZIP' is present

2020-12-22 18:04:23 - [MESSAGE][PASSED] - Text '21114' is set on object 'Object Repository/VLink/Page_CCSale/txt_CardZIP'

2020-12-22 18:04:23 - [MESSAGE][PASSED] - Object 'Object Repository/VLink/Page_CCSale/txt_CountryID' is present

2020-12-22 18:04:24 - [MESSAGE][PASSED] - Text '' is set on object 'Object Repository/VLink/Page_CCSale/txt_CountryID'

2020-12-22 18:04:24 - [MESSAGE][PASSED] - Object 'Object Repository/VLink/Page_CCSale/txt_Amount' is present

2020-12-22 18:04:25 - [MESSAGE][PASSED] - Text '3.50' is set on object 'Object Repository/VLink/Page_CCSale/txt_Amount'

2020-12-22 18:04:25 - [MESSAGE][PASSED] - Object 'Object Repository/VLink/Page_CCSale/txt_CardNumber' is present

2020-12-22 18:04:26 - [MESSAGE][PASSED] - Text '5424000000000015' is set on object 'Object Repository/VLink/Page_CCSale/txt_CardNumber'

2020-12-22 18:04:26 - [MESSAGE][PASSED] - Object 'Object Repository/VLink/Page_CCSale/txt_ExpMonth' is present

2020-12-22 18:04:27 - [MESSAGE][PASSED] - Text '01' is set on object 'Object Repository/VLink/Page_CCSale/txt_ExpMonth'

2020-12-22 18:04:27 - [MESSAGE][PASSED] - Object 'Object Repository/VLink/Page_CCSale/txt_ExpYear' is present

2020-12-22 18:04:28 - [MESSAGE][PASSED] - Text '2026' is set on object 'Object Repository/VLink/Page_CCSale/txt_ExpYear'

2020-12-22 18:04:28 - [MESSAGE][PASSED] - Object 'Object Repository/VLink/Page_CCSale/txt_CVV' is present

2020-12-22 18:04:29 - [MESSAGE][PASSED] - Text '' is set on object 'Object Repository/VLink/Page_CCSale/txt_CVV'

2020-12-22 18:04:29 - [MESSAGE][PASSED] - Object 'Object Repository/VLink/Page_CCSale/txt_CVVstate' is present

2020-12-22 18:04:30 - [MESSAGE][PASSED] - Text '' is set on object 'Object Repository/VLink/Page_CCSale/txt_CVVstate'

2020-12-22 18:04:30 - [MESSAGE][PASSED] - Object 'Object Repository/VLink/Page_CCSale/txt_TrackData' is present

2020-12-22 18:04:31 - [MESSAGE][PASSED] - Text '' is set on object 'Object Repository/VLink/Page_CCSale/txt_TrackData'

2020-12-22 18:04:31 - [MESSAGE][PASSED] - Object 'Object Repository/VLink/Page_CCSale/txt_Track1Data' is present

2020-12-22 18:04:32 - [MESSAGE][PASSED] - Text '' is set on object 'Object Repository/VLink/Page_CCSale/txt_Track1Data'

2020-12-22 18:04:32 - [MESSAGE][PASSED] - Object 'Object Repository/VLink/Page_CCSale/txt_Track2Data' is present

2020-12-22 18:04:33 - [MESSAGE][PASSED] - Text '' is set on object 'Object Repository/VLink/Page_CCSale/txt_Track2Data'

2020-12-22 18:04:33 - [MESSAGE][PASSED] - Object 'Object Repository/VLink/Page_CCSale/txt_POSEntryMode' is present

2020-12-22 18:04:34 - [MESSAGE][PASSED] - Text 'manual' is set on object 'Object Repository/VLink/Page_CCSale/txt_POSEntryMode'

2020-12-22 18:04:34 - [MESSAGE][PASSED] - Object 'Object Repository/VLink/Page_CCSale/txt_Email' is present

2020-12-22 18:04:35 - [MESSAGE][PASSED] - Text '' is set on object 'Object Repository/VLink/Page_CCSale/txt_Email'

2020-12-22 18:04:35 - [MESSAGE][PASSED] - Object 'Object Repository/VLink/Page_CCSale/txt_OrderNumber' is present

2020-12-22 18:04:36 - [MESSAGE][PASSED] - Text '' is set on object 'Object Repository/VLink/Page_CCSale/txt_OrderNumber'

2020-12-22 18:04:36 - [MESSAGE][PASSED] - Object 'Object Repository/VLink/Page_CCSale/txt_TaxAmount' is present

2020-12-22 18:04:37 - [MESSAGE][PASSED] - Text '' is set on object 'Object Repository/VLink/Page_CCSale/txt_TaxAmount'

2020-12-22 18:04:37 - [MESSAGE][PASSED] - Object 'Object Repository/VLink/Page_CCSale/txt_ChargeDescription' is present

2020-12-22 18:04:38 - [MESSAGE][PASSED] - Text '' is set on object 'Object Repository/VLink/Page_CCSale/txt_ChargeDescription'

2020-12-22 18:04:38 - [MESSAGE][PASSED] - Object 'Object Repository/VLink/Page_CCSale/txt_CAN' is present

2020-12-22 18:04:39 - [MESSAGE][PASSED] - Text '' is set on object 'Object Repository/VLink/Page_CCSale/txt_CAN'

2020-12-22 18:04:39 - [MESSAGE][PASSED] - Object 'Object Repository/VLink/Page_CCSale/txt_BillPaymentIndicator' is present

2020-12-22 18:04:40 - [MESSAGE][PASSED] - Text '' is set on object 'Object Repository/VLink/Page_CCSale/txt_BillPaymentIndicator'

2020-12-22 18:04:40 - [MESSAGE][PASSED] - Object 'Object Repository/VLink/Page_CCSale/txt_UDF1' is present

2020-12-22 18:04:41 - [MESSAGE][PASSED] - Text '' is set on object 'Object Repository/VLink/Page_CCSale/txt_UDF1'

2020-12-22 18:04:41 - [MESSAGE][PASSED] - Object 'Object Repository/VLink/Page_CCSale/txt_UDF2' is present

2020-12-22 18:04:42 - [MESSAGE][PASSED] - Text '' is set on object 'Object Repository/VLink/Page_CCSale/txt_UDF2'

2020-12-22 18:04:42 - [MESSAGE][PASSED] - Object 'Object Repository/VLink/Page_CCSale/txt_UDF3' is present

2020-12-22 18:04:43 - [MESSAGE][PASSED] - Text '' is set on object 'Object Repository/VLink/Page_CCSale/txt_UDF3'

2020-12-22 18:04:43 - [MESSAGE][PASSED] - Object 'Object Repository/VLink/Page_CCSale/txt_UDF4' is present

2020-12-22 18:04:44 - [MESSAGE][PASSED] - Text '' is set on object 'Object Repository/VLink/Page_CCSale/txt_UDF4'

2020-12-22 18:04:44 - [MESSAGE][PASSED] - Object 'Object Repository/VLink/Page_CCSale/txt_UDF5' is present

2020-12-22 18:04:45 - [MESSAGE][PASSED] - Text '' is set on object 'Object Repository/VLink/Page_CCSale/txt_UDF5'

2020-12-22 18:04:45 - [MESSAGE][PASSED] - Object 'Object Repository/VLink/Page_CCSale/txt_UDF6' is present

2020-12-22 18:04:46 - [MESSAGE][PASSED] - Text '' is set on object 'Object Repository/VLink/Page_CCSale/txt_UDF6'

2020-12-22 18:04:46 - [MESSAGE][PASSED] - Object 'Object Repository/VLink/Page_CCSale/txt_UDF7' is present

2020-12-22 18:04:47 - [MESSAGE][PASSED] - Text '' is set on object 'Object Repository/VLink/Page_CCSale/txt_UDF7'

2020-12-22 18:04:47 - [MESSAGE][PASSED] - Object 'Object Repository/VLink/Page_CCSale/txt_UDF8' is present

2020-12-22 18:04:48 - [MESSAGE][PASSED] - Text '' is set on object 'Object Repository/VLink/Page_CCSale/txt_UDF8'

2020-12-22 18:04:48 - [MESSAGE][PASSED] - Object 'Object Repository/VLink/Page_CCSale/txt_UDF9' is present

2020-12-22 18:04:49 - [MESSAGE][PASSED] - Text '' is set on object 'Object Repository/VLink/Page_CCSale/txt_UDF9'

2020-12-22 18:04:49 - [MESSAGE][PASSED] - Object 'Object Repository/VLink/Page_CCSale/txt_UDF10' is present

2020-12-22 18:04:50 - [MESSAGE][PASSED] - Text '' is set on object 'Object Repository/VLink/Page_CCSale/txt_UDF10'

2020-12-22 18:04:50 - [MESSAGE][PASSED] - Object 'Object Repository/VLink/Page_CCSale/txt_CardOnFileIndicator' is present

2020-12-22 18:04:51 - [MESSAGE][PASSED] - Text '0' is set on object 'Object Repository/VLink/Page_CCSale/txt_CardOnFileIndicator'

2020-12-22 18:04:51 - [MESSAGE][PASSED] - Object 'Object Repository/VLink/Page_CCSale/txt_StoredCredentialIndicator' is present

2020-12-22 18:04:52 - [MESSAGE][PASSED] - Text 'Initial' is set on object 'Object Repository/VLink/Page_CCSale/txt_StoredCredentialIndicator'

2020-12-22 18:04:52 - [MESSAGE][PASSED] - Object 'Object Repository/VLink/Page_CCSale/txt_COFScheduledIndicator' is present

2020-12-22 18:04:53 - [MESSAGE][PASSED] - Text 'Unscheduled' is set on object 'Object Repository/VLink/Page_CCSale/txt_COFScheduledIndicator'

2020-12-22 18:04:53 - [MESSAGE][PASSED] - Object 'Object Repository/VLink/Page_CCSale/txt_COFTransactionInitiatedBy' is present

2020-12-22 18:04:54 - [MESSAGE][PASSED] - Text 'Customer' is set on object 'Object Repository/VLink/Page_CCSale/txt_COFTransactionInitiatedBy'

2020-12-22 18:04:58 - [MESSAGE][PASSED] - Object: 'Object Repository/VLink/Page_CCSale/btn_ProcessVLinkTransaction' is clicked on

2020-12-22 18:05:03 - [MESSAGE][PASSED] - vlinkPages.saleCCPage.setDataSCC is PASSED

2020-12-22 18:05:03 - [TEST_STEP][PASSED] - if (verifyTextPresent("Transaction approved, no errors", true)): null

2020-12-22 18:05:03 - [MESSAGE][PASSED] - Text 'Transaction approved, no errors' is present on page  using regular expression

2020-12-22 18:05:03 - [TEST_STEP][PASSED] - println("Transaction Approved, no errors text is present on the Confirmation page"): null

2020-12-22 18:05:03 - [TEST_STEP][PASSED] - out.println("Pass Record Number: " + row): null

2020-12-22 18:05:03 - [TEST_STEP][PASSED] - sdfo = getText(findTestObject("Object Repository/Page_VLinkReceipt/pre_STX")): Text of object 'Object Repository/Page_VLinkReceipt/pre_STX' is: '<STX>nnDEfYV3lI9g                  12087981            0  Transaction approved, no errors                   0                                                                                  Y OK4267   <ETX>'

2020-12-22 18:05:03 - [MESSAGE][PASSED] - Text of object 'Object Repository/Page_VLinkReceipt/pre_STX' is: '<STX>nnDEfYV3lI9g                  12087981            0  Transaction approved, no errors                   0                                                                                  Y OK4267   <ETX>'

2020-12-22 18:05:03 - [TEST_STEP][PASSED] - out.println("sdfo: " + sdfo): null

2020-12-22 18:05:03 - [TEST_STEP][PASSED] - remID = substring(5, 35).trim(): null

2020-12-22 18:05:03 - [TEST_STEP][PASSED] - out.println("Remittance ID: " + remID): null

2020-12-22 18:05:03 - [TEST_STEP][PASSED] - traxID = substring(35, 55).trim(): null

2020-12-22 18:05:03 - [TEST_STEP][PASSED] - out.println("Transaction ID: " + traxID): null

2020-12-22 18:05:03 - [TEST_STEP][PASSED] - out.println("End Record Number: " + row): null

2020-12-22 18:05:03 - [TEST_STEP][PASSED] - closeBrowser(): Browser is closed

2020-12-22 18:05:04 - [MESSAGE][PASSED] - Browser is closed

2020-12-22 18:05:04 - [TEST_STEP][PASSED] - out.println("Begin Record Number: " + row): null

2020-12-22 18:05:04 - [TEST_STEP][PASSED] - openBrowser(VLinkURL + "authcap.html"): Browser is opened with url: 'https://dev-algorithm.govolution.com/vlinktest/QA/version_2_0/authcap.html'

2020-12-22 18:05:04 - [MESSAGE][INFO] - Starting 'Chrome' driver

2020-12-22 18:05:04 - [MESSAGE][INFO] - User set preference: ['acceptInsecureCerts', 'true']

2020-12-22 18:05:04 - [MESSAGE][INFO] - Action delay is set to 0 milliseconds

2020-12-22 18:05:08 - [MESSAGE][PASSED] - Browser is opened with url: 'https://dev-algorithm.govolution.com/vlinktest/QA/version_2_0/authcap.html'

2020-12-22 18:05:08 - [TEST_STEP][PASSED] - maximizeWindow(): Current window maximized

2020-12-22 18:05:08 - [MESSAGE][PASSED] - Current window maximized

2020-12-22 18:05:08 - [TEST_STEP][PASSED] - vlinkPages.saleCCPage.setDataSCC(row, dataFile): vlinkPages.saleCCPage.setDataSCC is PASSED

2020-12-22 18:05:09 - [MESSAGE][PASSED] - Object 'Object Repository/VLink/Page_CCSale/txt_CardNumber' is present

2020-12-22 18:05:10 - [MESSAGE][PASSED] - Object 'Object Repository/VLink/Page_CCSale/txt_TransactionType' is present

2020-12-22 18:05:10 - [MESSAGE][PASSED] - Text '104' is set on object 'Object Repository/VLink/Page_CCSale/txt_TransactionType'

2020-12-22 18:05:11 - [MESSAGE][PASSED] - Object 'Object Repository/VLink/Page_CCSale/txt_MessageVersion' is present

2020-12-22 18:05:11 - [MESSAGE][PASSED] - Text '2.0C' is set on object 'Object Repository/VLink/Page_CCSale/txt_MessageVersion'

2020-12-22 18:05:11 - [MESSAGE][PASSED] - Object 'Object Repository/VLink/Page_CCSale/txt_RemID' is present

2020-12-22 18:05:12 - [MESSAGE][PASSED] - Text 'SIUrK4md1De4' is set on object 'Object Repository/VLink/Page_CCSale/txt_RemID'

2020-12-22 18:05:12 - [MESSAGE][PASSED] - Object 'Object Repository/VLink/Page_CCSale/txt_ApplicationId' is present

2020-12-22 18:05:13 - [MESSAGE][PASSED] - Text '670' is set on object 'Object Repository/VLink/Page_CCSale/txt_ApplicationId'

2020-12-22 18:05:13 - [MESSAGE][PASSED] - Object 'Object Repository/VLink/Page_CCSale/txt_Username' is present

2020-12-22 18:05:14 - [MESSAGE][PASSED] - Text 'username' is set on object 'Object Repository/VLink/Page_CCSale/txt_Username'

2020-12-22 18:05:14 - [MESSAGE][PASSED] - Object 'Object Repository/VLink/Page_CCSale/txt_Password' is present

2020-12-22 18:05:15 - [MESSAGE][PASSED] - Text 'password' is set on object 'Object Repository/VLink/Page_CCSale/txt_Password'

2020-12-22 18:05:15 - [MESSAGE][PASSED] - Object 'Object Repository/VLink/Page_CCSale/txt_ResponseFormat' is present

2020-12-22 18:05:16 - [MESSAGE][PASSED] - Text 'fixed_width' is set on object 'Object Repository/VLink/Page_CCSale/txt_ResponseFormat'

2020-12-22 18:05:16 - [MESSAGE][PASSED] - Object 'Object Repository/VLink/Page_CCSale/txt_Category' is present

2020-12-22 18:05:17 - [MESSAGE][PASSED] - Text 'MOTO' is set on object 'Object Repository/VLink/Page_CCSale/txt_Category'

2020-12-22 18:05:17 - [MESSAGE][PASSED] - Object 'Object Repository/VLink/Page_CCSale/txt_TransactionID' is present

2020-12-22 18:05:18 - [MESSAGE][PASSED] - Text '' is set on object 'Object Repository/VLink/Page_CCSale/txt_TransactionID'

2020-12-22 18:05:18 - [MESSAGE][PASSED] - Object 'Object Repository/VLink/Page_CCSale/txt_ApprovalCode' is present

2020-12-22 18:05:19 - [MESSAGE][PASSED] - Text '' is set on object 'Object Repository/VLink/Page_CCSale/txt_ApprovalCode'

2020-12-22 18:05:19 - [MESSAGE][PASSED] - Object 'Object Repository/VLink/Page_CCSale/txt_CardName' is present

2020-12-22 18:05:20 - [MESSAGE][PASSED] - Text 'Kris Roshan' is set on object 'Object Repository/VLink/Page_CCSale/txt_CardName'

2020-12-22 18:05:20 - [MESSAGE][PASSED] - Object 'Object Repository/VLink/Page_CCSale/txt_AL1' is present

2020-12-22 18:05:21 - [MESSAGE][PASSED] - Text '258 Elm Road' is set on object 'Object Repository/VLink/Page_CCSale/txt_AL1'

2020-12-22 18:05:21 - [MESSAGE][PASSED] - Object 'Object Repository/VLink/Page_CCSale/txt_AL2' is present

2020-12-22 18:05:22 - [MESSAGE][PASSED] - Text 'Suite 56' is set on object 'Object Repository/VLink/Page_CCSale/txt_AL2'

2020-12-22 18:05:22 - [MESSAGE][PASSED] - Object 'Object Repository/VLink/Page_CCSale/txt_CardCity' is present

2020-12-22 18:05:22 - [MESSAGE][PASSED] - Text 'Arlington' is set on object 'Object Repository/VLink/Page_CCSale/txt_CardCity'

2020-12-22 18:05:23 - [MESSAGE][PASSED] - Object 'Object Repository/VLink/Page_CCSale/txt_CardState' is present

2020-12-22 18:05:23 - [MESSAGE][PASSED] - Text 'VA' is set on object 'Object Repository/VLink/Page_CCSale/txt_CardState'

2020-12-22 18:05:24 - [MESSAGE][PASSED] - Object 'Object Repository/VLink/Page_CCSale/txt_CardZIP' is present

2020-12-22 18:05:24 - [MESSAGE][PASSED] - Text '22201' is set on object 'Object Repository/VLink/Page_CCSale/txt_CardZIP'

2020-12-22 18:05:25 - [MESSAGE][PASSED] - Object 'Object Repository/VLink/Page_CCSale/txt_CountryID' is present

2020-12-22 18:05:25 - [MESSAGE][PASSED] - Text '840' is set on object 'Object Repository/VLink/Page_CCSale/txt_CountryID'

2020-12-22 18:05:26 - [MESSAGE][PASSED] - Object 'Object Repository/VLink/Page_CCSale/txt_Amount' is present

2020-12-22 18:05:26 - [MESSAGE][PASSED] - Text '1.50' is set on object 'Object Repository/VLink/Page_CCSale/txt_Amount'

2020-12-22 18:05:27 - [MESSAGE][PASSED] - Object 'Object Repository/VLink/Page_CCSale/txt_CardNumber' is present

2020-12-22 18:05:27 - [MESSAGE][PASSED] - Text '370000000000002' is set on object 'Object Repository/VLink/Page_CCSale/txt_CardNumber'

2020-12-22 18:05:28 - [MESSAGE][PASSED] - Object 'Object Repository/VLink/Page_CCSale/txt_ExpMonth' is present

2020-12-22 18:05:28 - [MESSAGE][PASSED] - Text '12' is set on object 'Object Repository/VLink/Page_CCSale/txt_ExpMonth'

2020-12-22 18:05:29 - [MESSAGE][PASSED] - Object 'Object Repository/VLink/Page_CCSale/txt_ExpYear' is present

2020-12-22 18:05:29 - [MESSAGE][PASSED] - Text '2025' is set on object 'Object Repository/VLink/Page_CCSale/txt_ExpYear'

2020-12-22 18:05:30 - [MESSAGE][PASSED] - Object 'Object Repository/VLink/Page_CCSale/txt_CVV' is present

2020-12-22 18:05:30 - [MESSAGE][PASSED] - Text '' is set on object 'Object Repository/VLink/Page_CCSale/txt_CVV'

2020-12-22 18:05:31 - [MESSAGE][PASSED] - Object 'Object Repository/VLink/Page_CCSale/txt_CVVstate' is present

2020-12-22 18:05:31 - [MESSAGE][PASSED] - Text '' is set on object 'Object Repository/VLink/Page_CCSale/txt_CVVstate'

2020-12-22 18:05:32 - [MESSAGE][PASSED] - Object 'Object Repository/VLink/Page_CCSale/txt_TrackData' is present

2020-12-22 18:05:32 - [MESSAGE][PASSED] - Text '' is set on object 'Object Repository/VLink/Page_CCSale/txt_TrackData'

2020-12-22 18:05:33 - [MESSAGE][PASSED] - Object 'Object Repository/VLink/Page_CCSale/txt_Track1Data' is present

2020-12-22 18:05:33 - [MESSAGE][PASSED] - Text '' is set on object 'Object Repository/VLink/Page_CCSale/txt_Track1Data'

2020-12-22 18:05:34 - [MESSAGE][PASSED] - Object 'Object Repository/VLink/Page_CCSale/txt_Track2Data' is present

2020-12-22 18:05:34 - [MESSAGE][PASSED] - Text '' is set on object 'Object Repository/VLink/Page_CCSale/txt_Track2Data'

2020-12-22 18:05:35 - [MESSAGE][PASSED] - Object 'Object Repository/VLink/Page_CCSale/txt_POSEntryMode' is present

2020-12-22 18:05:35 - [MESSAGE][PASSED] - Text 'manual' is set on object 'Object Repository/VLink/Page_CCSale/txt_POSEntryMode'

2020-12-22 18:05:36 - [MESSAGE][PASSED] - Object 'Object Repository/VLink/Page_CCSale/txt_Email' is present

2020-12-22 18:05:36 - [MESSAGE][PASSED] - Text 'iahmed@govolution.com' is set on object 'Object Repository/VLink/Page_CCSale/txt_Email'

2020-12-22 18:05:37 - [MESSAGE][PASSED] - Object 'Object Repository/VLink/Page_CCSale/txt_OrderNumber' is present

2020-12-22 18:05:37 - [MESSAGE][PASSED] - Text '2569362' is set on object 'Object Repository/VLink/Page_CCSale/txt_OrderNumber'

2020-12-22 18:05:38 - [MESSAGE][PASSED] - Object 'Object Repository/VLink/Page_CCSale/txt_TaxAmount' is present

2020-12-22 18:05:38 - [MESSAGE][PASSED] - Text '1.15' is set on object 'Object Repository/VLink/Page_CCSale/txt_TaxAmount'

2020-12-22 18:05:39 - [MESSAGE][PASSED] - Object 'Object Repository/VLink/Page_CCSale/txt_ChargeDescription' is present

2020-12-22 18:05:39 - [MESSAGE][PASSED] - Text 'Charge Description' is set on object 'Object Repository/VLink/Page_CCSale/txt_ChargeDescription'

2020-12-22 18:05:40 - [MESSAGE][PASSED] - Object 'Object Repository/VLink/Page_CCSale/txt_CAN' is present

2020-12-22 18:05:40 - [MESSAGE][PASSED] - Text '147357' is set on object 'Object Repository/VLink/Page_CCSale/txt_CAN'

2020-12-22 18:05:41 - [MESSAGE][PASSED] - Object 'Object Repository/VLink/Page_CCSale/txt_BillPaymentIndicator' is present

2020-12-22 18:05:41 - [MESSAGE][PASSED] - Text '1' is set on object 'Object Repository/VLink/Page_CCSale/txt_BillPaymentIndicator'

2020-12-22 18:05:42 - [MESSAGE][PASSED] - Object 'Object Repository/VLink/Page_CCSale/txt_UDF1' is present

2020-12-22 18:05:42 - [MESSAGE][PASSED] - Text 'UDF Data 1' is set on object 'Object Repository/VLink/Page_CCSale/txt_UDF1'

2020-12-22 18:05:43 - [MESSAGE][PASSED] - Object 'Object Repository/VLink/Page_CCSale/txt_UDF2' is present

2020-12-22 18:05:43 - [MESSAGE][PASSED] - Text 'UDF Data 2' is set on object 'Object Repository/VLink/Page_CCSale/txt_UDF2'

2020-12-22 18:05:44 - [MESSAGE][PASSED] - Object 'Object Repository/VLink/Page_CCSale/txt_UDF3' is present

2020-12-22 18:05:44 - [MESSAGE][PASSED] - Text 'UDF Data 3' is set on object 'Object Repository/VLink/Page_CCSale/txt_UDF3'

2020-12-22 18:05:45 - [MESSAGE][PASSED] - Object 'Object Repository/VLink/Page_CCSale/txt_UDF4' is present

2020-12-22 18:05:45 - [MESSAGE][PASSED] - Text 'UDF Data 4' is set on object 'Object Repository/VLink/Page_CCSale/txt_UDF4'

2020-12-22 18:05:46 - [MESSAGE][PASSED] - Object 'Object Repository/VLink/Page_CCSale/txt_UDF5' is present

2020-12-22 18:05:46 - [MESSAGE][PASSED] - Text 'UDF Data 5' is set on object 'Object Repository/VLink/Page_CCSale/txt_UDF5'

2020-12-22 18:05:47 - [MESSAGE][PASSED] - Object 'Object Repository/VLink/Page_CCSale/txt_UDF6' is present

2020-12-22 18:05:47 - [MESSAGE][PASSED] - Text 'UDF Data 6' is set on object 'Object Repository/VLink/Page_CCSale/txt_UDF6'

2020-12-22 18:05:48 - [MESSAGE][PASSED] - Object 'Object Repository/VLink/Page_CCSale/txt_UDF7' is present

2020-12-22 18:05:48 - [MESSAGE][PASSED] - Text 'UDF Data 7' is set on object 'Object Repository/VLink/Page_CCSale/txt_UDF7'

2020-12-22 18:05:49 - [MESSAGE][PASSED] - Object 'Object Repository/VLink/Page_CCSale/txt_UDF8' is present

2020-12-22 18:05:49 - [MESSAGE][PASSED] - Text 'UDF Data 8' is set on object 'Object Repository/VLink/Page_CCSale/txt_UDF8'

2020-12-22 18:05:50 - [MESSAGE][PASSED] - Object 'Object Repository/VLink/Page_CCSale/txt_UDF9' is present

2020-12-22 18:05:50 - [MESSAGE][PASSED] - Text 'UDF Data 9' is set on object 'Object Repository/VLink/Page_CCSale/txt_UDF9'

2020-12-22 18:05:50 - [MESSAGE][PASSED] - Object 'Object Repository/VLink/Page_CCSale/txt_UDF10' is present

2020-12-22 18:05:51 - [MESSAGE][PASSED] - Text 'UDF Data 10' is set on object 'Object Repository/VLink/Page_CCSale/txt_UDF10'

2020-12-22 18:05:51 - [MESSAGE][PASSED] - Object 'Object Repository/VLink/Page_CCSale/txt_CardOnFileIndicator' is present

2020-12-22 18:05:52 - [MESSAGE][PASSED] - Text '0' is set on object 'Object Repository/VLink/Page_CCSale/txt_CardOnFileIndicator'

2020-12-22 18:05:52 - [MESSAGE][PASSED] - Object 'Object Repository/VLink/Page_CCSale/txt_StoredCredentialIndicator' is present

2020-12-22 18:05:53 - [MESSAGE][PASSED] - Text 'Initial' is set on object 'Object Repository/VLink/Page_CCSale/txt_StoredCredentialIndicator'

2020-12-22 18:05:53 - [MESSAGE][PASSED] - Object 'Object Repository/VLink/Page_CCSale/txt_COFScheduledIndicator' is present

2020-12-22 18:05:54 - [MESSAGE][PASSED] - Text 'Unscheduled' is set on object 'Object Repository/VLink/Page_CCSale/txt_COFScheduledIndicator'

2020-12-22 18:05:54 - [MESSAGE][PASSED] - Object 'Object Repository/VLink/Page_CCSale/txt_COFTransactionInitiatedBy' is present

2020-12-22 18:05:55 - [MESSAGE][PASSED] - Text 'Customer' is set on object 'Object Repository/VLink/Page_CCSale/txt_COFTransactionInitiatedBy'

2020-12-22 18:05:59 - [MESSAGE][PASSED] - Object: 'Object Repository/VLink/Page_CCSale/btn_ProcessVLinkTransaction' is clicked on

2020-12-22 18:06:04 - [MESSAGE][PASSED] - vlinkPages.saleCCPage.setDataSCC is PASSED

2020-12-22 18:06:04 - [TEST_STEP][PASSED] - if (verifyTextPresent("Transaction approved, no errors", true)): null

2020-12-22 18:06:04 - [MESSAGE][PASSED] - Text 'Transaction approved, no errors' is present on page  using regular expression

2020-12-22 18:06:04 - [TEST_STEP][PASSED] - println("Transaction Approved, no errors text is present on the Confirmation page"): null

2020-12-22 18:06:04 - [TEST_STEP][PASSED] - out.println("Pass Record Number: " + row): null

2020-12-22 18:06:04 - [TEST_STEP][PASSED] - sdfo = getText(findTestObject("Object Repository/Page_VLinkReceipt/pre_STX")): Text of object 'Object Repository/Page_VLinkReceipt/pre_STX' is: '<STX>SIUrK4md1De4                  12087982            0  Transaction approved, no errors                   0                                                                                  Y OK4387   <ETX>'

2020-12-22 18:06:05 - [MESSAGE][PASSED] - Text of object 'Object Repository/Page_VLinkReceipt/pre_STX' is: '<STX>SIUrK4md1De4                  12087982            0  Transaction approved, no errors                   0                                                                                  Y OK4387   <ETX>'

2020-12-22 18:06:05 - [TEST_STEP][PASSED] - out.println("sdfo: " + sdfo): null

2020-12-22 18:06:05 - [TEST_STEP][PASSED] - remID = substring(5, 35).trim(): null

2020-12-22 18:06:05 - [TEST_STEP][PASSED] - out.println("Remittance ID: " + remID): null

2020-12-22 18:06:05 - [TEST_STEP][PASSED] - traxID = substring(35, 55).trim(): null

2020-12-22 18:06:05 - [TEST_STEP][PASSED] - out.println("Transaction ID: " + traxID): null

2020-12-22 18:06:05 - [TEST_STEP][PASSED] - out.println("End Record Number: " + row): null

2020-12-22 18:06:05 - [TEST_STEP][PASSED] - closeBrowser(): Browser is closed

2020-12-22 18:06:05 - [MESSAGE][PASSED] - Browser is closed

2020-12-22 18:06:05 - [TEST_STEP][PASSED] - out.println("Begin Record Number: " + row): null

2020-12-22 18:06:05 - [TEST_STEP][PASSED] - openBrowser(VLinkURL + "authcap.html"): Browser is opened with url: 'https://dev-algorithm.govolution.com/vlinktest/QA/version_2_0/authcap.html'

2020-12-22 18:06:05 - [MESSAGE][INFO] - Starting 'Chrome' driver

2020-12-22 18:06:05 - [MESSAGE][INFO] - User set preference: ['acceptInsecureCerts', 'true']

2020-12-22 18:06:05 - [MESSAGE][INFO] - Action delay is set to 0 milliseconds

2020-12-22 18:06:10 - [MESSAGE][PASSED] - Browser is opened with url: 'https://dev-algorithm.govolution.com/vlinktest/QA/version_2_0/authcap.html'

2020-12-22 18:06:10 - [TEST_STEP][PASSED] - maximizeWindow(): Current window maximized

2020-12-22 18:06:10 - [MESSAGE][PASSED] - Current window maximized

2020-12-22 18:06:10 - [TEST_STEP][PASSED] - vlinkPages.saleCCPage.setDataSCC(row, dataFile): vlinkPages.saleCCPage.setDataSCC is PASSED

2020-12-22 18:06:11 - [MESSAGE][PASSED] - Object 'Object Repository/VLink/Page_CCSale/txt_CardNumber' is present

2020-12-22 18:06:11 - [MESSAGE][PASSED] - Object 'Object Repository/VLink/Page_CCSale/txt_TransactionType' is present

2020-12-22 18:06:12 - [MESSAGE][PASSED] - Text '104' is set on object 'Object Repository/VLink/Page_CCSale/txt_TransactionType'

2020-12-22 18:06:12 - [MESSAGE][PASSED] - Object 'Object Repository/VLink/Page_CCSale/txt_MessageVersion' is present

2020-12-22 18:06:13 - [MESSAGE][PASSED] - Text '2.0C' is set on object 'Object Repository/VLink/Page_CCSale/txt_MessageVersion'

2020-12-22 18:06:13 - [MESSAGE][PASSED] - Object 'Object Repository/VLink/Page_CCSale/txt_RemID' is present

2020-12-22 18:06:14 - [MESSAGE][PASSED] - Text '8PWkM13Q8H8a' is set on object 'Object Repository/VLink/Page_CCSale/txt_RemID'

2020-12-22 18:06:14 - [MESSAGE][PASSED] - Object 'Object Repository/VLink/Page_CCSale/txt_ApplicationId' is present

2020-12-22 18:06:15 - [MESSAGE][PASSED] - Text '670' is set on object 'Object Repository/VLink/Page_CCSale/txt_ApplicationId'

2020-12-22 18:06:15 - [MESSAGE][PASSED] - Object 'Object Repository/VLink/Page_CCSale/txt_Username' is present

2020-12-22 18:06:16 - [MESSAGE][PASSED] - Text 'username' is set on object 'Object Repository/VLink/Page_CCSale/txt_Username'

2020-12-22 18:06:16 - [MESSAGE][PASSED] - Object 'Object Repository/VLink/Page_CCSale/txt_Password' is present

2020-12-22 18:06:17 - [MESSAGE][PASSED] - Text 'password' is set on object 'Object Repository/VLink/Page_CCSale/txt_Password'

2020-12-22 18:06:17 - [MESSAGE][PASSED] - Object 'Object Repository/VLink/Page_CCSale/txt_ResponseFormat' is present

2020-12-22 18:06:17 - [MESSAGE][PASSED] - Text 'fixed_width' is set on object 'Object Repository/VLink/Page_CCSale/txt_ResponseFormat'

2020-12-22 18:06:18 - [MESSAGE][PASSED] - Object 'Object Repository/VLink/Page_CCSale/txt_Category' is present

2020-12-22 18:06:18 - [MESSAGE][PASSED] - Text 'MOTO' is set on object 'Object Repository/VLink/Page_CCSale/txt_Category'

2020-12-22 18:06:19 - [MESSAGE][PASSED] - Object 'Object Repository/VLink/Page_CCSale/txt_TransactionID' is present

2020-12-22 18:06:19 - [MESSAGE][PASSED] - Text '' is set on object 'Object Repository/VLink/Page_CCSale/txt_TransactionID'

2020-12-22 18:06:19 - [MESSAGE][PASSED] - Object 'Object Repository/VLink/Page_CCSale/txt_ApprovalCode' is present

2020-12-22 18:06:20 - [MESSAGE][PASSED] - Text '' is set on object 'Object Repository/VLink/Page_CCSale/txt_ApprovalCode'

2020-12-22 18:06:20 - [MESSAGE][PASSED] - Object 'Object Repository/VLink/Page_CCSale/txt_CardName' is present

2020-12-22 18:06:21 - [MESSAGE][PASSED] - Text 'Arvind Silva' is set on object 'Object Repository/VLink/Page_CCSale/txt_CardName'

2020-12-22 18:06:21 - [MESSAGE][PASSED] - Object 'Object Repository/VLink/Page_CCSale/txt_AL1' is present

2020-12-22 18:06:22 - [MESSAGE][PASSED] - Text '111 Main Ave' is set on object 'Object Repository/VLink/Page_CCSale/txt_AL1'

2020-12-22 18:06:22 - [MESSAGE][PASSED] - Object 'Object Repository/VLink/Page_CCSale/txt_AL2' is present

2020-12-22 18:06:23 - [MESSAGE][PASSED] - Text '' is set on object 'Object Repository/VLink/Page_CCSale/txt_AL2'

2020-12-22 18:06:23 - [MESSAGE][PASSED] - Object 'Object Repository/VLink/Page_CCSale/txt_CardCity' is present

2020-12-22 18:06:24 - [MESSAGE][PASSED] - Text 'Arlington' is set on object 'Object Repository/VLink/Page_CCSale/txt_CardCity'

2020-12-22 18:06:24 - [MESSAGE][PASSED] - Object 'Object Repository/VLink/Page_CCSale/txt_CardState' is present

2020-12-22 18:06:25 - [MESSAGE][PASSED] - Text 'VA' is set on object 'Object Repository/VLink/Page_CCSale/txt_CardState'

2020-12-22 18:06:25 - [MESSAGE][PASSED] - Object 'Object Repository/VLink/Page_CCSale/txt_CardZIP' is present

2020-12-22 18:06:26 - [MESSAGE][PASSED] - Text '22201' is set on object 'Object Repository/VLink/Page_CCSale/txt_CardZIP'

2020-12-22 18:06:26 - [MESSAGE][PASSED] - Object 'Object Repository/VLink/Page_CCSale/txt_CountryID' is present

2020-12-22 18:06:27 - [MESSAGE][PASSED] - Text '' is set on object 'Object Repository/VLink/Page_CCSale/txt_CountryID'

2020-12-22 18:06:27 - [MESSAGE][PASSED] - Object 'Object Repository/VLink/Page_CCSale/txt_Amount' is present

2020-12-22 18:06:28 - [MESSAGE][PASSED] - Text '2.50' is set on object 'Object Repository/VLink/Page_CCSale/txt_Amount'

2020-12-22 18:06:28 - [MESSAGE][PASSED] - Object 'Object Repository/VLink/Page_CCSale/txt_CardNumber' is present

2020-12-22 18:06:29 - [MESSAGE][PASSED] - Text '6011000000000004' is set on object 'Object Repository/VLink/Page_CCSale/txt_CardNumber'

2020-12-22 18:06:29 - [MESSAGE][PASSED] - Object 'Object Repository/VLink/Page_CCSale/txt_ExpMonth' is present

2020-12-22 18:06:30 - [MESSAGE][PASSED] - Text '01' is set on object 'Object Repository/VLink/Page_CCSale/txt_ExpMonth'

2020-12-22 18:06:30 - [MESSAGE][PASSED] - Object 'Object Repository/VLink/Page_CCSale/txt_ExpYear' is present

2020-12-22 18:06:31 - [MESSAGE][PASSED] - Text '2026' is set on object 'Object Repository/VLink/Page_CCSale/txt_ExpYear'

2020-12-22 18:06:31 - [MESSAGE][PASSED] - Object 'Object Repository/VLink/Page_CCSale/txt_CVV' is present

2020-12-22 18:06:32 - [MESSAGE][PASSED] - Text '' is set on object 'Object Repository/VLink/Page_CCSale/txt_CVV'

2020-12-22 18:06:32 - [MESSAGE][PASSED] - Object 'Object Repository/VLink/Page_CCSale/txt_CVVstate' is present

2020-12-22 18:06:33 - [MESSAGE][PASSED] - Text '' is set on object 'Object Repository/VLink/Page_CCSale/txt_CVVstate'

2020-12-22 18:06:33 - [MESSAGE][PASSED] - Object 'Object Repository/VLink/Page_CCSale/txt_TrackData' is present

2020-12-22 18:06:34 - [MESSAGE][PASSED] - Text '' is set on object 'Object Repository/VLink/Page_CCSale/txt_TrackData'

2020-12-22 18:06:34 - [MESSAGE][PASSED] - Object 'Object Repository/VLink/Page_CCSale/txt_Track1Data' is present

2020-12-22 18:06:35 - [MESSAGE][PASSED] - Text '' is set on object 'Object Repository/VLink/Page_CCSale/txt_Track1Data'

2020-12-22 18:06:35 - [MESSAGE][PASSED] - Object 'Object Repository/VLink/Page_CCSale/txt_Track2Data' is present

2020-12-22 18:06:36 - [MESSAGE][PASSED] - Text '' is set on object 'Object Repository/VLink/Page_CCSale/txt_Track2Data'

2020-12-22 18:06:36 - [MESSAGE][PASSED] - Object 'Object Repository/VLink/Page_CCSale/txt_POSEntryMode' is present

2020-12-22 18:06:37 - [MESSAGE][PASSED] - Text 'manual' is set on object 'Object Repository/VLink/Page_CCSale/txt_POSEntryMode'

2020-12-22 18:06:37 - [MESSAGE][PASSED] - Object 'Object Repository/VLink/Page_CCSale/txt_Email' is present

2020-12-22 18:06:38 - [MESSAGE][PASSED] - Text '' is set on object 'Object Repository/VLink/Page_CCSale/txt_Email'

2020-12-22 18:06:38 - [MESSAGE][PASSED] - Object 'Object Repository/VLink/Page_CCSale/txt_OrderNumber' is present

2020-12-22 18:06:39 - [MESSAGE][PASSED] - Text '' is set on object 'Object Repository/VLink/Page_CCSale/txt_OrderNumber'

2020-12-22 18:06:39 - [MESSAGE][PASSED] - Object 'Object Repository/VLink/Page_CCSale/txt_TaxAmount' is present

2020-12-22 18:06:40 - [MESSAGE][PASSED] - Text '' is set on object 'Object Repository/VLink/Page_CCSale/txt_TaxAmount'

2020-12-22 18:06:40 - [MESSAGE][PASSED] - Object 'Object Repository/VLink/Page_CCSale/txt_ChargeDescription' is present

2020-12-22 18:06:41 - [MESSAGE][PASSED] - Text '' is set on object 'Object Repository/VLink/Page_CCSale/txt_ChargeDescription'

2020-12-22 18:06:41 - [MESSAGE][PASSED] - Object 'Object Repository/VLink/Page_CCSale/txt_CAN' is present

2020-12-22 18:06:42 - [MESSAGE][PASSED] - Text '' is set on object 'Object Repository/VLink/Page_CCSale/txt_CAN'

2020-12-22 18:06:42 - [MESSAGE][PASSED] - Object 'Object Repository/VLink/Page_CCSale/txt_BillPaymentIndicator' is present

2020-12-22 18:06:43 - [MESSAGE][PASSED] - Text '' is set on object 'Object Repository/VLink/Page_CCSale/txt_BillPaymentIndicator'

2020-12-22 18:06:43 - [MESSAGE][PASSED] - Object 'Object Repository/VLink/Page_CCSale/txt_UDF1' is present

2020-12-22 18:06:44 - [MESSAGE][PASSED] - Text '' is set on object 'Object Repository/VLink/Page_CCSale/txt_UDF1'

2020-12-22 18:06:44 - [MESSAGE][PASSED] - Object 'Object Repository/VLink/Page_CCSale/txt_UDF2' is present

2020-12-22 18:06:45 - [MESSAGE][PASSED] - Text '' is set on object 'Object Repository/VLink/Page_CCSale/txt_UDF2'

2020-12-22 18:06:45 - [MESSAGE][PASSED] - Object 'Object Repository/VLink/Page_CCSale/txt_UDF3' is present

2020-12-22 18:06:45 - [MESSAGE][PASSED] - Text '' is set on object 'Object Repository/VLink/Page_CCSale/txt_UDF3'

2020-12-22 18:06:46 - [MESSAGE][PASSED] - Object 'Object Repository/VLink/Page_CCSale/txt_UDF4' is present

2020-12-22 18:06:47 - [MESSAGE][PASSED] - Text '' is set on object 'Object Repository/VLink/Page_CCSale/txt_UDF4'

2020-12-22 18:06:47 - [MESSAGE][PASSED] - Object 'Object Repository/VLink/Page_CCSale/txt_UDF5' is present

2020-12-22 18:06:47 - [MESSAGE][PASSED] - Text '' is set on object 'Object Repository/VLink/Page_CCSale/txt_UDF5'

2020-12-22 18:06:48 - [MESSAGE][PASSED] - Object 'Object Repository/VLink/Page_CCSale/txt_UDF6' is present

2020-12-22 18:06:48 - [MESSAGE][PASSED] - Text '' is set on object 'Object Repository/VLink/Page_CCSale/txt_UDF6'

2020-12-22 18:06:49 - [MESSAGE][PASSED] - Object 'Object Repository/VLink/Page_CCSale/txt_UDF7' is present

2020-12-22 18:06:49 - [MESSAGE][PASSED] - Text '' is set on object 'Object Repository/VLink/Page_CCSale/txt_UDF7'

2020-12-22 18:06:50 - [MESSAGE][PASSED] - Object 'Object Repository/VLink/Page_CCSale/txt_UDF8' is present

2020-12-22 18:06:50 - [MESSAGE][PASSED] - Text '' is set on object 'Object Repository/VLink/Page_CCSale/txt_UDF8'

2020-12-22 18:06:51 - [MESSAGE][PASSED] - Object 'Object Repository/VLink/Page_CCSale/txt_UDF9' is present

2020-12-22 18:06:51 - [MESSAGE][PASSED] - Text '' is set on object 'Object Repository/VLink/Page_CCSale/txt_UDF9'

2020-12-22 18:06:52 - [MESSAGE][PASSED] - Object 'Object Repository/VLink/Page_CCSale/txt_UDF10' is present

2020-12-22 18:06:52 - [MESSAGE][PASSED] - Text '' is set on object 'Object Repository/VLink/Page_CCSale/txt_UDF10'

2020-12-22 18:06:53 - [MESSAGE][PASSED] - Object 'Object Repository/VLink/Page_CCSale/txt_CardOnFileIndicator' is present

2020-12-22 18:06:53 - [MESSAGE][PASSED] - Text '0' is set on object 'Object Repository/VLink/Page_CCSale/txt_CardOnFileIndicator'

2020-12-22 18:06:54 - [MESSAGE][PASSED] - Object 'Object Repository/VLink/Page_CCSale/txt_StoredCredentialIndicator' is present

2020-12-22 18:06:54 - [MESSAGE][PASSED] - Text 'Initial' is set on object 'Object Repository/VLink/Page_CCSale/txt_StoredCredentialIndicator'

2020-12-22 18:06:55 - [MESSAGE][PASSED] - Object 'Object Repository/VLink/Page_CCSale/txt_COFScheduledIndicator' is present

2020-12-22 18:06:55 - [MESSAGE][PASSED] - Text 'Unscheduled' is set on object 'Object Repository/VLink/Page_CCSale/txt_COFScheduledIndicator'

2020-12-22 18:06:56 - [MESSAGE][PASSED] - Object 'Object Repository/VLink/Page_CCSale/txt_COFTransactionInitiatedBy' is present

2020-12-22 18:06:56 - [MESSAGE][PASSED] - Text 'Customer' is set on object 'Object Repository/VLink/Page_CCSale/txt_COFTransactionInitiatedBy'

2020-12-22 18:07:02 - [MESSAGE][PASSED] - Object: 'Object Repository/VLink/Page_CCSale/btn_ProcessVLinkTransaction' is clicked on

2020-12-22 18:07:07 - [MESSAGE][PASSED] - vlinkPages.saleCCPage.setDataSCC is PASSED

2020-12-22 18:07:07 - [TEST_STEP][PASSED] - if (verifyTextPresent("Transaction approved, no errors", true)): null

2020-12-22 18:07:07 - [MESSAGE][PASSED] - Text 'Transaction approved, no errors' is present on page  using regular expression

2020-12-22 18:07:07 - [TEST_STEP][PASSED] - println("Transaction Approved, no errors text is present on the Confirmation page"): null

2020-12-22 18:07:07 - [TEST_STEP][PASSED] - out.println("Pass Record Number: " + row): null

2020-12-22 18:07:07 - [TEST_STEP][PASSED] - sdfo = getText(findTestObject("Object Repository/Page_VLinkReceipt/pre_STX")): Text of object 'Object Repository/Page_VLinkReceipt/pre_STX' is: '<STX>8PWkM13Q8H8a                  12087983            0  Transaction approved, no errors                   0                                                                                  Y OK4877   <ETX>'

2020-12-22 18:07:07 - [MESSAGE][PASSED] - Text of object 'Object Repository/Page_VLinkReceipt/pre_STX' is: '<STX>8PWkM13Q8H8a                  12087983            0  Transaction approved, no errors                   0                                                                                  Y OK4877   <ETX>'

2020-12-22 18:07:07 - [TEST_STEP][PASSED] - out.println("sdfo: " + sdfo): null

2020-12-22 18:07:07 - [TEST_STEP][PASSED] - remID = substring(5, 35).trim(): null

2020-12-22 18:07:07 - [TEST_STEP][PASSED] - out.println("Remittance ID: " + remID): null

2020-12-22 18:07:07 - [TEST_STEP][PASSED] - traxID = substring(35, 55).trim(): null

2020-12-22 18:07:07 - [TEST_STEP][PASSED] - out.println("Transaction ID: " + traxID): null

2020-12-22 18:07:07 - [TEST_STEP][PASSED] - out.println("End Record Number: " + row): null

2020-12-22 18:07:07 - [TEST_STEP][PASSED] - closeBrowser(): Browser is closed

2020-12-22 18:07:08 - [MESSAGE][PASSED] - Browser is closed

2020-12-22 18:07:08 - [TEST_STEP][PASSED] - out.println("Begin Record Number: " + row): null

2020-12-22 18:07:08 - [TEST_STEP][PASSED] - openBrowser(VLinkURL + "authcap.html"): Browser is opened with url: 'https://dev-algorithm.govolution.com/vlinktest/QA/version_2_0/authcap.html'

2020-12-22 18:07:08 - [MESSAGE][INFO] - Starting 'Chrome' driver

2020-12-22 18:07:08 - [MESSAGE][INFO] - User set preference: ['acceptInsecureCerts', 'true']

2020-12-22 18:07:08 - [MESSAGE][INFO] - Action delay is set to 0 milliseconds

2020-12-22 18:07:11 - [MESSAGE][PASSED] - Browser is opened with url: 'https://dev-algorithm.govolution.com/vlinktest/QA/version_2_0/authcap.html'

2020-12-22 18:07:11 - [TEST_STEP][PASSED] - maximizeWindow(): Current window maximized

2020-12-22 18:07:12 - [MESSAGE][PASSED] - Current window maximized

2020-12-22 18:07:12 - [TEST_STEP][PASSED] - vlinkPages.saleCCPage.setDataSCC(row, dataFile): vlinkPages.saleCCPage.setDataSCC is PASSED

2020-12-22 18:07:13 - [MESSAGE][PASSED] - Object 'Object Repository/VLink/Page_CCSale/txt_CardNumber' is present

2020-12-22 18:07:13 - [MESSAGE][PASSED] - Object 'Object Repository/VLink/Page_CCSale/txt_TransactionType' is present

2020-12-22 18:07:14 - [MESSAGE][PASSED] - Text '104' is set on object 'Object Repository/VLink/Page_CCSale/txt_TransactionType'

2020-12-22 18:07:14 - [MESSAGE][PASSED] - Object 'Object Repository/VLink/Page_CCSale/txt_MessageVersion' is present

2020-12-22 18:07:15 - [MESSAGE][PASSED] - Text '2.0C' is set on object 'Object Repository/VLink/Page_CCSale/txt_MessageVersion'

2020-12-22 18:07:15 - [MESSAGE][PASSED] - Object 'Object Repository/VLink/Page_CCSale/txt_RemID' is present

2020-12-22 18:07:16 - [MESSAGE][PASSED] - Text 'nVjN1mzhiJ2V' is set on object 'Object Repository/VLink/Page_CCSale/txt_RemID'

2020-12-22 18:07:16 - [MESSAGE][PASSED] - Object 'Object Repository/VLink/Page_CCSale/txt_ApplicationId' is present

2020-12-22 18:07:17 - [MESSAGE][PASSED] - Text '671' is set on object 'Object Repository/VLink/Page_CCSale/txt_ApplicationId'

2020-12-22 18:07:17 - [MESSAGE][PASSED] - Object 'Object Repository/VLink/Page_CCSale/txt_Username' is present

2020-12-22 18:07:17 - [MESSAGE][PASSED] - Text 'username' is set on object 'Object Repository/VLink/Page_CCSale/txt_Username'

2020-12-22 18:07:18 - [MESSAGE][PASSED] - Object 'Object Repository/VLink/Page_CCSale/txt_Password' is present

2020-12-22 18:07:18 - [MESSAGE][PASSED] - Text 'password' is set on object 'Object Repository/VLink/Page_CCSale/txt_Password'

2020-12-22 18:07:19 - [MESSAGE][PASSED] - Object 'Object Repository/VLink/Page_CCSale/txt_ResponseFormat' is present

2020-12-22 18:07:19 - [MESSAGE][PASSED] - Text 'fixed_width' is set on object 'Object Repository/VLink/Page_CCSale/txt_ResponseFormat'

2020-12-22 18:07:19 - [MESSAGE][PASSED] - Object 'Object Repository/VLink/Page_CCSale/txt_Category' is present

2020-12-22 18:07:20 - [MESSAGE][PASSED] - Text 'RETL' is set on object 'Object Repository/VLink/Page_CCSale/txt_Category'

2020-12-22 18:07:20 - [MESSAGE][PASSED] - Object 'Object Repository/VLink/Page_CCSale/txt_TransactionID' is present

2020-12-22 18:07:21 - [MESSAGE][PASSED] - Text '' is set on object 'Object Repository/VLink/Page_CCSale/txt_TransactionID'

2020-12-22 18:07:21 - [MESSAGE][PASSED] - Object 'Object Repository/VLink/Page_CCSale/txt_ApprovalCode' is present

2020-12-22 18:07:22 - [MESSAGE][PASSED] - Text '' is set on object 'Object Repository/VLink/Page_CCSale/txt_ApprovalCode'

2020-12-22 18:07:22 - [MESSAGE][PASSED] - Object 'Object Repository/VLink/Page_CCSale/txt_CardName' is present

2020-12-22 18:07:23 - [MESSAGE][PASSED] - Text 'Roshan Maha' is set on object 'Object Repository/VLink/Page_CCSale/txt_CardName'

2020-12-22 18:07:23 - [MESSAGE][PASSED] - Object 'Object Repository/VLink/Page_CCSale/txt_AL1' is present

2020-12-22 18:07:24 - [MESSAGE][PASSED] - Text '12563 Bazaar road' is set on object 'Object Repository/VLink/Page_CCSale/txt_AL1'

2020-12-22 18:07:24 - [MESSAGE][PASSED] - Object 'Object Repository/VLink/Page_CCSale/txt_AL2' is present

2020-12-22 18:07:25 - [MESSAGE][PASSED] - Text '' is set on object 'Object Repository/VLink/Page_CCSale/txt_AL2'

2020-12-22 18:07:25 - [MESSAGE][PASSED] - Object 'Object Repository/VLink/Page_CCSale/txt_CardCity' is present

2020-12-22 18:07:26 - [MESSAGE][PASSED] - Text 'Crofton' is set on object 'Object Repository/VLink/Page_CCSale/txt_CardCity'

2020-12-22 18:07:26 - [MESSAGE][PASSED] - Object 'Object Repository/VLink/Page_CCSale/txt_CardState' is present

2020-12-22 18:07:26 - [MESSAGE][PASSED] - Text 'MD' is set on object 'Object Repository/VLink/Page_CCSale/txt_CardState'

2020-12-22 18:07:27 - [MESSAGE][PASSED] - Object 'Object Repository/VLink/Page_CCSale/txt_CardZIP' is present

2020-12-22 18:07:27 - [MESSAGE][PASSED] - Text '21114' is set on object 'Object Repository/VLink/Page_CCSale/txt_CardZIP'

2020-12-22 18:07:28 - [MESSAGE][PASSED] - Object 'Object Repository/VLink/Page_CCSale/txt_CountryID' is present

2020-12-22 18:07:28 - [MESSAGE][PASSED] - Text '' is set on object 'Object Repository/VLink/Page_CCSale/txt_CountryID'

2020-12-22 18:07:29 - [MESSAGE][PASSED] - Object 'Object Repository/VLink/Page_CCSale/txt_Amount' is present

2020-12-22 18:07:29 - [MESSAGE][PASSED] - Text '3.50' is set on object 'Object Repository/VLink/Page_CCSale/txt_Amount'

2020-12-22 18:07:30 - [MESSAGE][PASSED] - Object 'Object Repository/VLink/Page_CCSale/txt_CardNumber' is present

2020-12-22 18:07:30 - [MESSAGE][PASSED] - Text '4111111111111111' is set on object 'Object Repository/VLink/Page_CCSale/txt_CardNumber'

2020-12-22 18:07:31 - [MESSAGE][PASSED] - Object 'Object Repository/VLink/Page_CCSale/txt_ExpMonth' is present

2020-12-22 18:07:31 - [MESSAGE][PASSED] - Text '01' is set on object 'Object Repository/VLink/Page_CCSale/txt_ExpMonth'

2020-12-22 18:07:32 - [MESSAGE][PASSED] - Object 'Object Repository/VLink/Page_CCSale/txt_ExpYear' is present

2020-12-22 18:07:32 - [MESSAGE][PASSED] - Text '2026' is set on object 'Object Repository/VLink/Page_CCSale/txt_ExpYear'

2020-12-22 18:07:33 - [MESSAGE][PASSED] - Object 'Object Repository/VLink/Page_CCSale/txt_CVV' is present

2020-12-22 18:07:33 - [MESSAGE][PASSED] - Text '' is set on object 'Object Repository/VLink/Page_CCSale/txt_CVV'

2020-12-22 18:07:34 - [MESSAGE][PASSED] - Object 'Object Repository/VLink/Page_CCSale/txt_CVVstate' is present

2020-12-22 18:07:34 - [MESSAGE][PASSED] - Text '' is set on object 'Object Repository/VLink/Page_CCSale/txt_CVVstate'

2020-12-22 18:07:35 - [MESSAGE][PASSED] - Object 'Object Repository/VLink/Page_CCSale/txt_TrackData' is present

2020-12-22 18:07:35 - [MESSAGE][PASSED] - Text '' is set on object 'Object Repository/VLink/Page_CCSale/txt_TrackData'

2020-12-22 18:07:36 - [MESSAGE][PASSED] - Object 'Object Repository/VLink/Page_CCSale/txt_Track1Data' is present

2020-12-22 18:07:36 - [MESSAGE][PASSED] - Text '' is set on object 'Object Repository/VLink/Page_CCSale/txt_Track1Data'

2020-12-22 18:07:37 - [MESSAGE][PASSED] - Object 'Object Repository/VLink/Page_CCSale/txt_Track2Data' is present

2020-12-22 18:07:37 - [MESSAGE][PASSED] - Text '' is set on object 'Object Repository/VLink/Page_CCSale/txt_Track2Data'

2020-12-22 18:07:38 - [MESSAGE][PASSED] - Object 'Object Repository/VLink/Page_CCSale/txt_POSEntryMode' is present

2020-12-22 18:07:38 - [MESSAGE][PASSED] - Text 'manual' is set on object 'Object Repository/VLink/Page_CCSale/txt_POSEntryMode'

2020-12-22 18:07:39 - [MESSAGE][PASSED] - Object 'Object Repository/VLink/Page_CCSale/txt_Email' is present

2020-12-22 18:07:39 - [MESSAGE][PASSED] - Text '' is set on object 'Object Repository/VLink/Page_CCSale/txt_Email'

2020-12-22 18:07:39 - [MESSAGE][PASSED] - Object 'Object Repository/VLink/Page_CCSale/txt_OrderNumber' is present

2020-12-22 18:07:40 - [MESSAGE][PASSED] - Text '' is set on object 'Object Repository/VLink/Page_CCSale/txt_OrderNumber'

2020-12-22 18:07:40 - [MESSAGE][PASSED] - Object 'Object Repository/VLink/Page_CCSale/txt_TaxAmount' is present

2020-12-22 18:07:41 - [MESSAGE][PASSED] - Text '' is set on object 'Object Repository/VLink/Page_CCSale/txt_TaxAmount'

2020-12-22 18:07:41 - [MESSAGE][PASSED] - Object 'Object Repository/VLink/Page_CCSale/txt_ChargeDescription' is present

2020-12-22 18:07:42 - [MESSAGE][PASSED] - Text '' is set on object 'Object Repository/VLink/Page_CCSale/txt_ChargeDescription'

2020-12-22 18:07:42 - [MESSAGE][PASSED] - Object 'Object Repository/VLink/Page_CCSale/txt_CAN' is present

2020-12-22 18:07:43 - [MESSAGE][PASSED] - Text '' is set on object 'Object Repository/VLink/Page_CCSale/txt_CAN'

2020-12-22 18:07:43 - [MESSAGE][PASSED] - Object 'Object Repository/VLink/Page_CCSale/txt_BillPaymentIndicator' is present

2020-12-22 18:07:44 - [MESSAGE][PASSED] - Text '' is set on object 'Object Repository/VLink/Page_CCSale/txt_BillPaymentIndicator'

2020-12-22 18:07:44 - [MESSAGE][PASSED] - Object 'Object Repository/VLink/Page_CCSale/txt_UDF1' is present

2020-12-22 18:07:45 - [MESSAGE][PASSED] - Text '' is set on object 'Object Repository/VLink/Page_CCSale/txt_UDF1'

2020-12-22 18:07:45 - [MESSAGE][PASSED] - Object 'Object Repository/VLink/Page_CCSale/txt_UDF2' is present

2020-12-22 18:07:46 - [MESSAGE][PASSED] - Text '' is set on object 'Object Repository/VLink/Page_CCSale/txt_UDF2'

2020-12-22 18:07:46 - [MESSAGE][PASSED] - Object 'Object Repository/VLink/Page_CCSale/txt_UDF3' is present

2020-12-22 18:07:47 - [MESSAGE][PASSED] - Text '' is set on object 'Object Repository/VLink/Page_CCSale/txt_UDF3'

2020-12-22 18:07:47 - [MESSAGE][PASSED] - Object 'Object Repository/VLink/Page_CCSale/txt_UDF4' is present

2020-12-22 18:07:48 - [MESSAGE][PASSED] - Text '' is set on object 'Object Repository/VLink/Page_CCSale/txt_UDF4'

2020-12-22 18:07:48 - [MESSAGE][PASSED] - Object 'Object Repository/VLink/Page_CCSale/txt_UDF5' is present

2020-12-22 18:07:49 - [MESSAGE][PASSED] - Text '' is set on object 'Object Repository/VLink/Page_CCSale/txt_UDF5'

2020-12-22 18:07:49 - [MESSAGE][PASSED] - Object 'Object Repository/VLink/Page_CCSale/txt_UDF6' is present

2020-12-22 18:07:50 - [MESSAGE][PASSED] - Text '' is set on object 'Object Repository/VLink/Page_CCSale/txt_UDF6'

2020-12-22 18:07:50 - [MESSAGE][PASSED] - Object 'Object Repository/VLink/Page_CCSale/txt_UDF7' is present

2020-12-22 18:07:51 - [MESSAGE][PASSED] - Text '' is set on object 'Object Repository/VLink/Page_CCSale/txt_UDF7'

2020-12-22 18:07:51 - [MESSAGE][PASSED] - Object 'Object Repository/VLink/Page_CCSale/txt_UDF8' is present

2020-12-22 18:07:52 - [MESSAGE][PASSED] - Text '' is set on object 'Object Repository/VLink/Page_CCSale/txt_UDF8'

2020-12-22 18:07:52 - [MESSAGE][PASSED] - Object 'Object Repository/VLink/Page_CCSale/txt_UDF9' is present

2020-12-22 18:07:53 - [MESSAGE][PASSED] - Text '' is set on object 'Object Repository/VLink/Page_CCSale/txt_UDF9'

2020-12-22 18:07:53 - [MESSAGE][PASSED] - Object 'Object Repository/VLink/Page_CCSale/txt_UDF10' is present

2020-12-22 18:07:54 - [MESSAGE][PASSED] - Text '' is set on object 'Object Repository/VLink/Page_CCSale/txt_UDF10'

2020-12-22 18:07:54 - [MESSAGE][PASSED] - Object 'Object Repository/VLink/Page_CCSale/txt_CardOnFileIndicator' is present

2020-12-22 18:07:55 - [MESSAGE][PASSED] - Text '0' is set on object 'Object Repository/VLink/Page_CCSale/txt_CardOnFileIndicator'

2020-12-22 18:07:55 - [MESSAGE][PASSED] - Object 'Object Repository/VLink/Page_CCSale/txt_StoredCredentialIndicator' is present

2020-12-22 18:07:56 - [MESSAGE][PASSED] - Text 'Initial' is set on object 'Object Repository/VLink/Page_CCSale/txt_StoredCredentialIndicator'

2020-12-22 18:07:56 - [MESSAGE][PASSED] - Object 'Object Repository/VLink/Page_CCSale/txt_COFScheduledIndicator' is present

2020-12-22 18:07:57 - [MESSAGE][PASSED] - Text 'Unscheduled' is set on object 'Object Repository/VLink/Page_CCSale/txt_COFScheduledIndicator'

2020-12-22 18:07:57 - [MESSAGE][PASSED] - Object 'Object Repository/VLink/Page_CCSale/txt_COFTransactionInitiatedBy' is present

2020-12-22 18:07:58 - [MESSAGE][PASSED] - Text 'Customer' is set on object 'Object Repository/VLink/Page_CCSale/txt_COFTransactionInitiatedBy'

2020-12-22 18:08:02 - [MESSAGE][PASSED] - Object: 'Object Repository/VLink/Page_CCSale/btn_ProcessVLinkTransaction' is clicked on

2020-12-22 18:08:07 - [MESSAGE][PASSED] - vlinkPages.saleCCPage.setDataSCC is PASSED

2020-12-22 18:08:07 - [TEST_STEP][PASSED] - if (verifyTextPresent("Transaction approved, no errors", true)): null

2020-12-22 18:08:07 - [MESSAGE][PASSED] - Text 'Transaction approved, no errors' is present on page  using regular expression

2020-12-22 18:08:07 - [TEST_STEP][PASSED] - println("Transaction Approved, no errors text is present on the Confirmation page"): null

2020-12-22 18:08:07 - [TEST_STEP][PASSED] - out.println("Pass Record Number: " + row): null

2020-12-22 18:08:07 - [TEST_STEP][PASSED] - sdfo = getText(findTestObject("Object Repository/Page_VLinkReceipt/pre_STX")): Text of object 'Object Repository/Page_VLinkReceipt/pre_STX' is: '<STX>nVjN1mzhiJ2V                  12087984            0  Transaction approved, no errors                   0                                                                                  Y OK5197   <ETX>'

2020-12-22 18:08:07 - [MESSAGE][PASSED] - Text of object 'Object Repository/Page_VLinkReceipt/pre_STX' is: '<STX>nVjN1mzhiJ2V                  12087984            0  Transaction approved, no errors                   0                                                                                  Y OK5197   <ETX>'

2020-12-22 18:08:07 - [TEST_STEP][PASSED] - out.println("sdfo: " + sdfo): null

2020-12-22 18:08:07 - [TEST_STEP][PASSED] - remID = substring(5, 35).trim(): null

2020-12-22 18:08:07 - [TEST_STEP][PASSED] - out.println("Remittance ID: " + remID): null

2020-12-22 18:08:07 - [TEST_STEP][PASSED] - traxID = substring(35, 55).trim(): null

2020-12-22 18:08:07 - [TEST_STEP][PASSED] - out.println("Transaction ID: " + traxID): null

2020-12-22 18:08:07 - [TEST_STEP][PASSED] - out.println("End Record Number: " + row): null

2020-12-22 18:08:07 - [TEST_STEP][PASSED] - closeBrowser(): Browser is closed

2020-12-22 18:08:08 - [MESSAGE][PASSED] - Browser is closed

2020-12-22 18:08:08 - [TEST_STEP][PASSED] - out.println("Begin Record Number: " + row): null

2020-12-22 18:08:08 - [TEST_STEP][PASSED] - openBrowser(VLinkURL + "authcap.html"): Browser is opened with url: 'https://dev-algorithm.govolution.com/vlinktest/QA/version_2_0/authcap.html'

2020-12-22 18:08:08 - [MESSAGE][INFO] - Starting 'Chrome' driver

2020-12-22 18:08:08 - [MESSAGE][INFO] - User set preference: ['acceptInsecureCerts', 'true']

2020-12-22 18:08:08 - [MESSAGE][INFO] - Action delay is set to 0 milliseconds

2020-12-22 18:08:12 - [MESSAGE][PASSED] - Browser is opened with url: 'https://dev-algorithm.govolution.com/vlinktest/QA/version_2_0/authcap.html'

2020-12-22 18:08:12 - [TEST_STEP][PASSED] - maximizeWindow(): Current window maximized

2020-12-22 18:08:12 - [MESSAGE][PASSED] - Current window maximized

2020-12-22 18:08:12 - [TEST_STEP][PASSED] - vlinkPages.saleCCPage.setDataSCC(row, dataFile): vlinkPages.saleCCPage.setDataSCC is PASSED

2020-12-22 18:08:14 - [MESSAGE][PASSED] - Object 'Object Repository/VLink/Page_CCSale/txt_CardNumber' is present

2020-12-22 18:08:14 - [MESSAGE][PASSED] - Object 'Object Repository/VLink/Page_CCSale/txt_TransactionType' is present

2020-12-22 18:08:15 - [MESSAGE][PASSED] - Text '104' is set on object 'Object Repository/VLink/Page_CCSale/txt_TransactionType'

2020-12-22 18:08:15 - [MESSAGE][PASSED] - Object 'Object Repository/VLink/Page_CCSale/txt_MessageVersion' is present

2020-12-22 18:08:16 - [MESSAGE][PASSED] - Text '2.0C' is set on object 'Object Repository/VLink/Page_CCSale/txt_MessageVersion'

2020-12-22 18:08:16 - [MESSAGE][PASSED] - Object 'Object Repository/VLink/Page_CCSale/txt_RemID' is present

2020-12-22 18:08:17 - [MESSAGE][PASSED] - Text '9h2BYUcLaNNg' is set on object 'Object Repository/VLink/Page_CCSale/txt_RemID'

2020-12-22 18:08:17 - [MESSAGE][PASSED] - Object 'Object Repository/VLink/Page_CCSale/txt_ApplicationId' is present

2020-12-22 18:08:18 - [MESSAGE][PASSED] - Text '671' is set on object 'Object Repository/VLink/Page_CCSale/txt_ApplicationId'

2020-12-22 18:08:18 - [MESSAGE][PASSED] - Object 'Object Repository/VLink/Page_CCSale/txt_Username' is present

2020-12-22 18:08:19 - [MESSAGE][PASSED] - Text 'username' is set on object 'Object Repository/VLink/Page_CCSale/txt_Username'

2020-12-22 18:08:19 - [MESSAGE][PASSED] - Object 'Object Repository/VLink/Page_CCSale/txt_Password' is present

2020-12-22 18:08:20 - [MESSAGE][PASSED] - Text 'password' is set on object 'Object Repository/VLink/Page_CCSale/txt_Password'

2020-12-22 18:08:20 - [MESSAGE][PASSED] - Object 'Object Repository/VLink/Page_CCSale/txt_ResponseFormat' is present

2020-12-22 18:08:20 - [MESSAGE][PASSED] - Text 'fixed_width' is set on object 'Object Repository/VLink/Page_CCSale/txt_ResponseFormat'

2020-12-22 18:08:21 - [MESSAGE][PASSED] - Object 'Object Repository/VLink/Page_CCSale/txt_Category' is present

2020-12-22 18:08:21 - [MESSAGE][PASSED] - Text 'RETL' is set on object 'Object Repository/VLink/Page_CCSale/txt_Category'

2020-12-22 18:08:22 - [MESSAGE][PASSED] - Object 'Object Repository/VLink/Page_CCSale/txt_TransactionID' is present

2020-12-22 18:08:22 - [MESSAGE][PASSED] - Text '' is set on object 'Object Repository/VLink/Page_CCSale/txt_TransactionID'

2020-12-22 18:08:22 - [MESSAGE][PASSED] - Object 'Object Repository/VLink/Page_CCSale/txt_ApprovalCode' is present

2020-12-22 18:08:23 - [MESSAGE][PASSED] - Text '' is set on object 'Object Repository/VLink/Page_CCSale/txt_ApprovalCode'

2020-12-22 18:08:23 - [MESSAGE][PASSED] - Object 'Object Repository/VLink/Page_CCSale/txt_CardName' is present

2020-12-22 18:08:24 - [MESSAGE][PASSED] - Text 'Kris Roshan' is set on object 'Object Repository/VLink/Page_CCSale/txt_CardName'

2020-12-22 18:08:24 - [MESSAGE][PASSED] - Object 'Object Repository/VLink/Page_CCSale/txt_AL1' is present

2020-12-22 18:08:25 - [MESSAGE][PASSED] - Text '258 Elm Road' is set on object 'Object Repository/VLink/Page_CCSale/txt_AL1'

2020-12-22 18:08:25 - [MESSAGE][PASSED] - Object 'Object Repository/VLink/Page_CCSale/txt_AL2' is present

2020-12-22 18:08:26 - [MESSAGE][PASSED] - Text 'Suite 56' is set on object 'Object Repository/VLink/Page_CCSale/txt_AL2'

2020-12-22 18:08:26 - [MESSAGE][PASSED] - Object 'Object Repository/VLink/Page_CCSale/txt_CardCity' is present

2020-12-22 18:08:27 - [MESSAGE][PASSED] - Text 'Arlington' is set on object 'Object Repository/VLink/Page_CCSale/txt_CardCity'

2020-12-22 18:08:27 - [MESSAGE][PASSED] - Object 'Object Repository/VLink/Page_CCSale/txt_CardState' is present

2020-12-22 18:08:28 - [MESSAGE][PASSED] - Text 'VA' is set on object 'Object Repository/VLink/Page_CCSale/txt_CardState'

2020-12-22 18:08:28 - [MESSAGE][PASSED] - Object 'Object Repository/VLink/Page_CCSale/txt_CardZIP' is present

2020-12-22 18:08:29 - [MESSAGE][PASSED] - Text '22201' is set on object 'Object Repository/VLink/Page_CCSale/txt_CardZIP'

2020-12-22 18:08:29 - [MESSAGE][PASSED] - Object 'Object Repository/VLink/Page_CCSale/txt_CountryID' is present

2020-12-22 18:08:30 - [MESSAGE][PASSED] - Text '840' is set on object 'Object Repository/VLink/Page_CCSale/txt_CountryID'

2020-12-22 18:08:30 - [MESSAGE][PASSED] - Object 'Object Repository/VLink/Page_CCSale/txt_Amount' is present

2020-12-22 18:08:31 - [MESSAGE][PASSED] - Text '1.50' is set on object 'Object Repository/VLink/Page_CCSale/txt_Amount'

2020-12-22 18:08:31 - [MESSAGE][PASSED] - Object 'Object Repository/VLink/Page_CCSale/txt_CardNumber' is present

2020-12-22 18:08:32 - [MESSAGE][PASSED] - Text '5424000000000015' is set on object 'Object Repository/VLink/Page_CCSale/txt_CardNumber'

2020-12-22 18:08:32 - [MESSAGE][PASSED] - Object 'Object Repository/VLink/Page_CCSale/txt_ExpMonth' is present

2020-12-22 18:08:33 - [MESSAGE][PASSED] - Text '12' is set on object 'Object Repository/VLink/Page_CCSale/txt_ExpMonth'

2020-12-22 18:08:33 - [MESSAGE][PASSED] - Object 'Object Repository/VLink/Page_CCSale/txt_ExpYear' is present

2020-12-22 18:08:34 - [MESSAGE][PASSED] - Text '2025' is set on object 'Object Repository/VLink/Page_CCSale/txt_ExpYear'

2020-12-22 18:08:34 - [MESSAGE][PASSED] - Object 'Object Repository/VLink/Page_CCSale/txt_CVV' is present

2020-12-22 18:08:35 - [MESSAGE][PASSED] - Text '' is set on object 'Object Repository/VLink/Page_CCSale/txt_CVV'

2020-12-22 18:08:35 - [MESSAGE][PASSED] - Object 'Object Repository/VLink/Page_CCSale/txt_CVVstate' is present

2020-12-22 18:08:36 - [MESSAGE][PASSED] - Text '' is set on object 'Object Repository/VLink/Page_CCSale/txt_CVVstate'

2020-12-22 18:08:36 - [MESSAGE][PASSED] - Object 'Object Repository/VLink/Page_CCSale/txt_TrackData' is present

2020-12-22 18:08:37 - [MESSAGE][PASSED] - Text '' is set on object 'Object Repository/VLink/Page_CCSale/txt_TrackData'

2020-12-22 18:08:37 - [MESSAGE][PASSED] - Object 'Object Repository/VLink/Page_CCSale/txt_Track1Data' is present

2020-12-22 18:08:38 - [MESSAGE][PASSED] - Text '' is set on object 'Object Repository/VLink/Page_CCSale/txt_Track1Data'

2020-12-22 18:08:38 - [MESSAGE][PASSED] - Object 'Object Repository/VLink/Page_CCSale/txt_Track2Data' is present

2020-12-22 18:08:39 - [MESSAGE][PASSED] - Text '' is set on object 'Object Repository/VLink/Page_CCSale/txt_Track2Data'

2020-12-22 18:08:39 - [MESSAGE][PASSED] - Object 'Object Repository/VLink/Page_CCSale/txt_POSEntryMode' is present

2020-12-22 18:08:40 - [MESSAGE][PASSED] - Text 'manual' is set on object 'Object Repository/VLink/Page_CCSale/txt_POSEntryMode'

2020-12-22 18:08:40 - [MESSAGE][PASSED] - Object 'Object Repository/VLink/Page_CCSale/txt_Email' is present

2020-12-22 18:08:41 - [MESSAGE][PASSED] - Text 'iahmed@govolution.com' is set on object 'Object Repository/VLink/Page_CCSale/txt_Email'

2020-12-22 18:08:41 - [MESSAGE][PASSED] - Object 'Object Repository/VLink/Page_CCSale/txt_OrderNumber' is present

2020-12-22 18:08:41 - [MESSAGE][PASSED] - Text '2569362' is set on object 'Object Repository/VLink/Page_CCSale/txt_OrderNumber'

2020-12-22 18:08:42 - [MESSAGE][PASSED] - Object 'Object Repository/VLink/Page_CCSale/txt_TaxAmount' is present

2020-12-22 18:08:42 - [MESSAGE][PASSED] - Text '1.15' is set on object 'Object Repository/VLink/Page_CCSale/txt_TaxAmount'

2020-12-22 18:08:43 - [MESSAGE][PASSED] - Object 'Object Repository/VLink/Page_CCSale/txt_ChargeDescription' is present

2020-12-22 18:08:43 - [MESSAGE][PASSED] - Text 'Charge Description' is set on object 'Object Repository/VLink/Page_CCSale/txt_ChargeDescription'

2020-12-22 18:08:44 - [MESSAGE][PASSED] - Object 'Object Repository/VLink/Page_CCSale/txt_CAN' is present

2020-12-22 18:08:44 - [MESSAGE][PASSED] - Text '147357' is set on object 'Object Repository/VLink/Page_CCSale/txt_CAN'

2020-12-22 18:08:45 - [MESSAGE][PASSED] - Object 'Object Repository/VLink/Page_CCSale/txt_BillPaymentIndicator' is present

2020-12-22 18:08:45 - [MESSAGE][PASSED] - Text '1' is set on object 'Object Repository/VLink/Page_CCSale/txt_BillPaymentIndicator'

2020-12-22 18:08:46 - [MESSAGE][PASSED] - Object 'Object Repository/VLink/Page_CCSale/txt_UDF1' is present

2020-12-22 18:08:46 - [MESSAGE][PASSED] - Text 'UDF Data 1' is set on object 'Object Repository/VLink/Page_CCSale/txt_UDF1'

2020-12-22 18:08:47 - [MESSAGE][PASSED] - Object 'Object Repository/VLink/Page_CCSale/txt_UDF2' is present

2020-12-22 18:08:47 - [MESSAGE][PASSED] - Text 'UDF Data 2' is set on object 'Object Repository/VLink/Page_CCSale/txt_UDF2'

2020-12-22 18:08:48 - [MESSAGE][PASSED] - Object 'Object Repository/VLink/Page_CCSale/txt_UDF3' is present

2020-12-22 18:08:48 - [MESSAGE][PASSED] - Text 'UDF Data 3' is set on object 'Object Repository/VLink/Page_CCSale/txt_UDF3'

2020-12-22 18:08:49 - [MESSAGE][PASSED] - Object 'Object Repository/VLink/Page_CCSale/txt_UDF4' is present

2020-12-22 18:08:49 - [MESSAGE][PASSED] - Text 'UDF Data 4' is set on object 'Object Repository/VLink/Page_CCSale/txt_UDF4'

2020-12-22 18:08:50 - [MESSAGE][PASSED] - Object 'Object Repository/VLink/Page_CCSale/txt_UDF5' is present

2020-12-22 18:08:50 - [MESSAGE][PASSED] - Text 'UDF Data 5' is set on object 'Object Repository/VLink/Page_CCSale/txt_UDF5'

2020-12-22 18:08:51 - [MESSAGE][PASSED] - Object 'Object Repository/VLink/Page_CCSale/txt_UDF6' is present

2020-12-22 18:08:51 - [MESSAGE][PASSED] - Text 'UDF Data 6' is set on object 'Object Repository/VLink/Page_CCSale/txt_UDF6'

2020-12-22 18:08:52 - [MESSAGE][PASSED] - Object 'Object Repository/VLink/Page_CCSale/txt_UDF7' is present

2020-12-22 18:08:52 - [MESSAGE][PASSED] - Text 'UDF Data 7' is set on object 'Object Repository/VLink/Page_CCSale/txt_UDF7'

2020-12-22 18:08:53 - [MESSAGE][PASSED] - Object 'Object Repository/VLink/Page_CCSale/txt_UDF8' is present

2020-12-22 18:08:53 - [MESSAGE][PASSED] - Text 'UDF Data 8' is set on object 'Object Repository/VLink/Page_CCSale/txt_UDF8'

2020-12-22 18:08:54 - [MESSAGE][PASSED] - Object 'Object Repository/VLink/Page_CCSale/txt_UDF9' is present

2020-12-22 18:08:54 - [MESSAGE][PASSED] - Text 'UDF Data 9' is set on object 'Object Repository/VLink/Page_CCSale/txt_UDF9'

2020-12-22 18:08:55 - [MESSAGE][PASSED] - Object 'Object Repository/VLink/Page_CCSale/txt_UDF10' is present

2020-12-22 18:08:55 - [MESSAGE][PASSED] - Text 'UDF Data 10' is set on object 'Object Repository/VLink/Page_CCSale/txt_UDF10'

2020-12-22 18:08:56 - [MESSAGE][PASSED] - Object 'Object Repository/VLink/Page_CCSale/txt_CardOnFileIndicator' is present

2020-12-22 18:08:56 - [MESSAGE][PASSED] - Text '0' is set on object 'Object Repository/VLink/Page_CCSale/txt_CardOnFileIndicator'

2020-12-22 18:08:57 - [MESSAGE][PASSED] - Object 'Object Repository/VLink/Page_CCSale/txt_StoredCredentialIndicator' is present

2020-12-22 18:08:57 - [MESSAGE][PASSED] - Text 'Initial' is set on object 'Object Repository/VLink/Page_CCSale/txt_StoredCredentialIndicator'

2020-12-22 18:08:58 - [MESSAGE][PASSED] - Object 'Object Repository/VLink/Page_CCSale/txt_COFScheduledIndicator' is present

2020-12-22 18:08:58 - [MESSAGE][PASSED] - Text 'Unscheduled' is set on object 'Object Repository/VLink/Page_CCSale/txt_COFScheduledIndicator'

2020-12-22 18:08:59 - [MESSAGE][PASSED] - Object 'Object Repository/VLink/Page_CCSale/txt_COFTransactionInitiatedBy' is present

2020-12-22 18:08:59 - [MESSAGE][PASSED] - Text 'Customer' is set on object 'Object Repository/VLink/Page_CCSale/txt_COFTransactionInitiatedBy'

2020-12-22 18:09:04 - [MESSAGE][PASSED] - Object: 'Object Repository/VLink/Page_CCSale/btn_ProcessVLinkTransaction' is clicked on

2020-12-22 18:09:09 - [MESSAGE][PASSED] - vlinkPages.saleCCPage.setDataSCC is PASSED

2020-12-22 18:09:09 - [TEST_STEP][PASSED] - if (verifyTextPresent("Transaction approved, no errors", true)): null

2020-12-22 18:09:09 - [MESSAGE][PASSED] - Text 'Transaction approved, no errors' is present on page  using regular expression

2020-12-22 18:09:09 - [TEST_STEP][PASSED] - println("Transaction Approved, no errors text is present on the Confirmation page"): null

2020-12-22 18:09:09 - [TEST_STEP][PASSED] - out.println("Pass Record Number: " + row): null

2020-12-22 18:09:09 - [TEST_STEP][PASSED] - sdfo = getText(findTestObject("Object Repository/Page_VLinkReceipt/pre_STX")): Text of object 'Object Repository/Page_VLinkReceipt/pre_STX' is: '<STX>9h2BYUcLaNNg                  12087985            0  Transaction approved, no errors                   0                                                                                  Y OK5567   <ETX>'

2020-12-22 18:09:09 - [MESSAGE][PASSED] - Text of object 'Object Repository/Page_VLinkReceipt/pre_STX' is: '<STX>9h2BYUcLaNNg                  12087985            0  Transaction approved, no errors                   0                                                                                  Y OK5567   <ETX>'

2020-12-22 18:09:09 - [TEST_STEP][PASSED] - out.println("sdfo: " + sdfo): null

2020-12-22 18:09:09 - [TEST_STEP][PASSED] - remID = substring(5, 35).trim(): null

2020-12-22 18:09:09 - [TEST_STEP][PASSED] - out.println("Remittance ID: " + remID): null

2020-12-22 18:09:09 - [TEST_STEP][PASSED] - traxID = substring(35, 55).trim(): null

2020-12-22 18:09:09 - [TEST_STEP][PASSED] - out.println("Transaction ID: " + traxID): null

2020-12-22 18:09:09 - [TEST_STEP][PASSED] - out.println("End Record Number: " + row): null

2020-12-22 18:09:09 - [TEST_STEP][PASSED] - closeBrowser(): Browser is closed

2020-12-22 18:09:10 - [MESSAGE][PASSED] - Browser is closed

2020-12-22 18:09:10 - [TEST_STEP][PASSED] - out.println("Begin Record Number: " + row): null

2020-12-22 18:09:10 - [TEST_STEP][PASSED] - openBrowser(VLinkURL + "authcap.html"): Browser is opened with url: 'https://dev-algorithm.govolution.com/vlinktest/QA/version_2_0/authcap.html'

2020-12-22 18:09:10 - [MESSAGE][INFO] - Starting 'Chrome' driver

2020-12-22 18:09:10 - [MESSAGE][INFO] - User set preference: ['acceptInsecureCerts', 'true']

2020-12-22 18:09:10 - [MESSAGE][INFO] - Action delay is set to 0 milliseconds

2020-12-22 18:09:14 - [MESSAGE][PASSED] - Browser is opened with url: 'https://dev-algorithm.govolution.com/vlinktest/QA/version_2_0/authcap.html'

2020-12-22 18:09:14 - [TEST_STEP][PASSED] - maximizeWindow(): Current window maximized

2020-12-22 18:09:14 - [MESSAGE][PASSED] - Current window maximized

2020-12-22 18:09:14 - [TEST_STEP][PASSED] - vlinkPages.saleCCPage.setDataSCC(row, dataFile): vlinkPages.saleCCPage.setDataSCC is PASSED

2020-12-22 18:09:16 - [MESSAGE][PASSED] - Object 'Object Repository/VLink/Page_CCSale/txt_CardNumber' is present

2020-12-22 18:09:16 - [MESSAGE][PASSED] - Object 'Object Repository/VLink/Page_CCSale/txt_TransactionType' is present

2020-12-22 18:09:17 - [MESSAGE][PASSED] - Text '104' is set on object 'Object Repository/VLink/Page_CCSale/txt_TransactionType'

2020-12-22 18:09:17 - [MESSAGE][PASSED] - Object 'Object Repository/VLink/Page_CCSale/txt_MessageVersion' is present

2020-12-22 18:09:17 - [MESSAGE][PASSED] - Text '2.0C' is set on object 'Object Repository/VLink/Page_CCSale/txt_MessageVersion'

2020-12-22 18:09:18 - [MESSAGE][PASSED] - Object 'Object Repository/VLink/Page_CCSale/txt_RemID' is present

2020-12-22 18:09:18 - [MESSAGE][PASSED] - Text 'evC5ysn7EMu9' is set on object 'Object Repository/VLink/Page_CCSale/txt_RemID'

2020-12-22 18:09:19 - [MESSAGE][PASSED] - Object 'Object Repository/VLink/Page_CCSale/txt_ApplicationId' is present

2020-12-22 18:09:19 - [MESSAGE][PASSED] - Text '671' is set on object 'Object Repository/VLink/Page_CCSale/txt_ApplicationId'

2020-12-22 18:09:19 - [MESSAGE][PASSED] - Object 'Object Repository/VLink/Page_CCSale/txt_Username' is present

2020-12-22 18:09:20 - [MESSAGE][PASSED] - Text 'username' is set on object 'Object Repository/VLink/Page_CCSale/txt_Username'

2020-12-22 18:09:20 - [MESSAGE][PASSED] - Object 'Object Repository/VLink/Page_CCSale/txt_Password' is present

2020-12-22 18:09:21 - [MESSAGE][PASSED] - Text 'password' is set on object 'Object Repository/VLink/Page_CCSale/txt_Password'

2020-12-22 18:09:21 - [MESSAGE][PASSED] - Object 'Object Repository/VLink/Page_CCSale/txt_ResponseFormat' is present

2020-12-22 18:09:22 - [MESSAGE][PASSED] - Text 'fixed_width' is set on object 'Object Repository/VLink/Page_CCSale/txt_ResponseFormat'

2020-12-22 18:09:22 - [MESSAGE][PASSED] - Object 'Object Repository/VLink/Page_CCSale/txt_Category' is present

2020-12-22 18:09:23 - [MESSAGE][PASSED] - Text 'RETL' is set on object 'Object Repository/VLink/Page_CCSale/txt_Category'

2020-12-22 18:09:23 - [MESSAGE][PASSED] - Object 'Object Repository/VLink/Page_CCSale/txt_TransactionID' is present

2020-12-22 18:09:24 - [MESSAGE][PASSED] - Text '' is set on object 'Object Repository/VLink/Page_CCSale/txt_TransactionID'

2020-12-22 18:09:24 - [MESSAGE][PASSED] - Object 'Object Repository/VLink/Page_CCSale/txt_ApprovalCode' is present

2020-12-22 18:09:25 - [MESSAGE][PASSED] - Text '' is set on object 'Object Repository/VLink/Page_CCSale/txt_ApprovalCode'

2020-12-22 18:09:25 - [MESSAGE][PASSED] - Object 'Object Repository/VLink/Page_CCSale/txt_CardName' is present

2020-12-22 18:09:26 - [MESSAGE][PASSED] - Text 'Arvind Silva' is set on object 'Object Repository/VLink/Page_CCSale/txt_CardName'

2020-12-22 18:09:26 - [MESSAGE][PASSED] - Object 'Object Repository/VLink/Page_CCSale/txt_AL1' is present

2020-12-22 18:09:27 - [MESSAGE][PASSED] - Text '111 Main Ave' is set on object 'Object Repository/VLink/Page_CCSale/txt_AL1'

2020-12-22 18:09:27 - [MESSAGE][PASSED] - Object 'Object Repository/VLink/Page_CCSale/txt_AL2' is present

2020-12-22 18:09:28 - [MESSAGE][PASSED] - Text '' is set on object 'Object Repository/VLink/Page_CCSale/txt_AL2'

2020-12-22 18:09:28 - [MESSAGE][PASSED] - Object 'Object Repository/VLink/Page_CCSale/txt_CardCity' is present

2020-12-22 18:09:29 - [MESSAGE][PASSED] - Text 'Arlington' is set on object 'Object Repository/VLink/Page_CCSale/txt_CardCity'

2020-12-22 18:09:29 - [MESSAGE][PASSED] - Object 'Object Repository/VLink/Page_CCSale/txt_CardState' is present

2020-12-22 18:09:30 - [MESSAGE][PASSED] - Text 'VA' is set on object 'Object Repository/VLink/Page_CCSale/txt_CardState'

2020-12-22 18:09:30 - [MESSAGE][PASSED] - Object 'Object Repository/VLink/Page_CCSale/txt_CardZIP' is present

2020-12-22 18:09:31 - [MESSAGE][PASSED] - Text '22201' is set on object 'Object Repository/VLink/Page_CCSale/txt_CardZIP'

2020-12-22 18:09:31 - [MESSAGE][PASSED] - Object 'Object Repository/VLink/Page_CCSale/txt_CountryID' is present

2020-12-22 18:09:32 - [MESSAGE][PASSED] - Text '' is set on object 'Object Repository/VLink/Page_CCSale/txt_CountryID'

2020-12-22 18:09:32 - [MESSAGE][PASSED] - Object 'Object Repository/VLink/Page_CCSale/txt_Amount' is present

2020-12-22 18:09:33 - [MESSAGE][PASSED] - Text '2.50' is set on object 'Object Repository/VLink/Page_CCSale/txt_Amount'

2020-12-22 18:09:33 - [MESSAGE][PASSED] - Object 'Object Repository/VLink/Page_CCSale/txt_CardNumber' is present

2020-12-22 18:09:34 - [MESSAGE][PASSED] - Text '370000000000002' is set on object 'Object Repository/VLink/Page_CCSale/txt_CardNumber'

2020-12-22 18:09:34 - [MESSAGE][PASSED] - Object 'Object Repository/VLink/Page_CCSale/txt_ExpMonth' is present

2020-12-22 18:09:35 - [MESSAGE][PASSED] - Text '01' is set on object 'Object Repository/VLink/Page_CCSale/txt_ExpMonth'

2020-12-22 18:09:35 - [MESSAGE][PASSED] - Object 'Object Repository/VLink/Page_CCSale/txt_ExpYear' is present

2020-12-22 18:09:36 - [MESSAGE][PASSED] - Text '2026' is set on object 'Object Repository/VLink/Page_CCSale/txt_ExpYear'

2020-12-22 18:09:36 - [MESSAGE][PASSED] - Object 'Object Repository/VLink/Page_CCSale/txt_CVV' is present

2020-12-22 18:09:37 - [MESSAGE][PASSED] - Text '' is set on object 'Object Repository/VLink/Page_CCSale/txt_CVV'

2020-12-22 18:09:37 - [MESSAGE][PASSED] - Object 'Object Repository/VLink/Page_CCSale/txt_CVVstate' is present

2020-12-22 18:09:38 - [MESSAGE][PASSED] - Text '' is set on object 'Object Repository/VLink/Page_CCSale/txt_CVVstate'

2020-12-22 18:09:38 - [MESSAGE][PASSED] - Object 'Object Repository/VLink/Page_CCSale/txt_TrackData' is present

2020-12-22 18:09:39 - [MESSAGE][PASSED] - Text '' is set on object 'Object Repository/VLink/Page_CCSale/txt_TrackData'

2020-12-22 18:09:39 - [MESSAGE][PASSED] - Object 'Object Repository/VLink/Page_CCSale/txt_Track1Data' is present

2020-12-22 18:09:39 - [MESSAGE][PASSED] - Text '' is set on object 'Object Repository/VLink/Page_CCSale/txt_Track1Data'

2020-12-22 18:09:40 - [MESSAGE][PASSED] - Object 'Object Repository/VLink/Page_CCSale/txt_Track2Data' is present

2020-12-22 18:09:40 - [MESSAGE][PASSED] - Text '' is set on object 'Object Repository/VLink/Page_CCSale/txt_Track2Data'

2020-12-22 18:09:41 - [MESSAGE][PASSED] - Object 'Object Repository/VLink/Page_CCSale/txt_POSEntryMode' is present

2020-12-22 18:09:41 - [MESSAGE][PASSED] - Text 'manual' is set on object 'Object Repository/VLink/Page_CCSale/txt_POSEntryMode'

2020-12-22 18:09:42 - [MESSAGE][PASSED] - Object 'Object Repository/VLink/Page_CCSale/txt_Email' is present

2020-12-22 18:09:43 - [MESSAGE][PASSED] - Text '' is set on object 'Object Repository/VLink/Page_CCSale/txt_Email'

2020-12-22 18:09:43 - [MESSAGE][PASSED] - Object 'Object Repository/VLink/Page_CCSale/txt_OrderNumber' is present

2020-12-22 18:09:43 - [MESSAGE][PASSED] - Text '' is set on object 'Object Repository/VLink/Page_CCSale/txt_OrderNumber'

2020-12-22 18:09:44 - [MESSAGE][PASSED] - Object 'Object Repository/VLink/Page_CCSale/txt_TaxAmount' is present

2020-12-22 18:09:44 - [MESSAGE][PASSED] - Text '' is set on object 'Object Repository/VLink/Page_CCSale/txt_TaxAmount'

2020-12-22 18:09:45 - [MESSAGE][PASSED] - Object 'Object Repository/VLink/Page_CCSale/txt_ChargeDescription' is present

2020-12-22 18:09:45 - [MESSAGE][PASSED] - Text '' is set on object 'Object Repository/VLink/Page_CCSale/txt_ChargeDescription'

2020-12-22 18:09:46 - [MESSAGE][PASSED] - Object 'Object Repository/VLink/Page_CCSale/txt_CAN' is present

2020-12-22 18:09:46 - [MESSAGE][PASSED] - Text '' is set on object 'Object Repository/VLink/Page_CCSale/txt_CAN'

2020-12-22 18:09:47 - [MESSAGE][PASSED] - Object 'Object Repository/VLink/Page_CCSale/txt_BillPaymentIndicator' is present

2020-12-22 18:09:47 - [MESSAGE][PASSED] - Text '' is set on object 'Object Repository/VLink/Page_CCSale/txt_BillPaymentIndicator'

2020-12-22 18:09:48 - [MESSAGE][PASSED] - Object 'Object Repository/VLink/Page_CCSale/txt_UDF1' is present

2020-12-22 18:09:48 - [MESSAGE][PASSED] - Text '' is set on object 'Object Repository/VLink/Page_CCSale/txt_UDF1'

2020-12-22 18:09:49 - [MESSAGE][PASSED] - Object 'Object Repository/VLink/Page_CCSale/txt_UDF2' is present

2020-12-22 18:09:49 - [MESSAGE][PASSED] - Text '' is set on object 'Object Repository/VLink/Page_CCSale/txt_UDF2'

2020-12-22 18:09:50 - [MESSAGE][PASSED] - Object 'Object Repository/VLink/Page_CCSale/txt_UDF3' is present

2020-12-22 18:09:50 - [MESSAGE][PASSED] - Text '' is set on object 'Object Repository/VLink/Page_CCSale/txt_UDF3'

2020-12-22 18:09:51 - [MESSAGE][PASSED] - Object 'Object Repository/VLink/Page_CCSale/txt_UDF4' is present

2020-12-22 18:09:51 - [MESSAGE][PASSED] - Text '' is set on object 'Object Repository/VLink/Page_CCSale/txt_UDF4'

2020-12-22 18:09:52 - [MESSAGE][PASSED] - Object 'Object Repository/VLink/Page_CCSale/txt_UDF5' is present

2020-12-22 18:09:52 - [MESSAGE][PASSED] - Text '' is set on object 'Object Repository/VLink/Page_CCSale/txt_UDF5'

2020-12-22 18:09:53 - [MESSAGE][PASSED] - Object 'Object Repository/VLink/Page_CCSale/txt_UDF6' is present

2020-12-22 18:09:53 - [MESSAGE][PASSED] - Text '' is set on object 'Object Repository/VLink/Page_CCSale/txt_UDF6'

2020-12-22 18:09:54 - [MESSAGE][PASSED] - Object 'Object Repository/VLink/Page_CCSale/txt_UDF7' is present

2020-12-22 18:09:54 - [MESSAGE][PASSED] - Text '' is set on object 'Object Repository/VLink/Page_CCSale/txt_UDF7'

2020-12-22 18:09:55 - [MESSAGE][PASSED] - Object 'Object Repository/VLink/Page_CCSale/txt_UDF8' is present

2020-12-22 18:09:55 - [MESSAGE][PASSED] - Text '' is set on object 'Object Repository/VLink/Page_CCSale/txt_UDF8'

2020-12-22 18:09:56 - [MESSAGE][PASSED] - Object 'Object Repository/VLink/Page_CCSale/txt_UDF9' is present

2020-12-22 18:09:56 - [MESSAGE][PASSED] - Text '' is set on object 'Object Repository/VLink/Page_CCSale/txt_UDF9'

2020-12-22 18:09:56 - [MESSAGE][PASSED] - Object 'Object Repository/VLink/Page_CCSale/txt_UDF10' is present

2020-12-22 18:09:57 - [MESSAGE][PASSED] - Text '' is set on object 'Object Repository/VLink/Page_CCSale/txt_UDF10'

2020-12-22 18:09:57 - [MESSAGE][PASSED] - Object 'Object Repository/VLink/Page_CCSale/txt_CardOnFileIndicator' is present

2020-12-22 18:09:58 - [MESSAGE][PASSED] - Text '0' is set on object 'Object Repository/VLink/Page_CCSale/txt_CardOnFileIndicator'

2020-12-22 18:09:58 - [MESSAGE][PASSED] - Object 'Object Repository/VLink/Page_CCSale/txt_StoredCredentialIndicator' is present

2020-12-22 18:09:59 - [MESSAGE][PASSED] - Text 'Initial' is set on object 'Object Repository/VLink/Page_CCSale/txt_StoredCredentialIndicator'

2020-12-22 18:09:59 - [MESSAGE][PASSED] - Object 'Object Repository/VLink/Page_CCSale/txt_COFScheduledIndicator' is present

2020-12-22 18:10:00 - [MESSAGE][PASSED] - Text 'Unscheduled' is set on object 'Object Repository/VLink/Page_CCSale/txt_COFScheduledIndicator'

2020-12-22 18:10:01 - [MESSAGE][PASSED] - Object 'Object Repository/VLink/Page_CCSale/txt_COFTransactionInitiatedBy' is present

2020-12-22 18:10:01 - [MESSAGE][PASSED] - Text 'Customer' is set on object 'Object Repository/VLink/Page_CCSale/txt_COFTransactionInitiatedBy'

2020-12-22 18:10:06 - [MESSAGE][PASSED] - Object: 'Object Repository/VLink/Page_CCSale/btn_ProcessVLinkTransaction' is clicked on

2020-12-22 18:10:11 - [MESSAGE][PASSED] - vlinkPages.saleCCPage.setDataSCC is PASSED

2020-12-22 18:10:11 - [TEST_STEP][PASSED] - if (verifyTextPresent("Transaction approved, no errors", true)): null

2020-12-22 18:10:11 - [MESSAGE][PASSED] - Text 'Transaction approved, no errors' is present on page  using regular expression

2020-12-22 18:10:11 - [TEST_STEP][PASSED] - println("Transaction Approved, no errors text is present on the Confirmation page"): null

2020-12-22 18:10:11 - [TEST_STEP][PASSED] - out.println("Pass Record Number: " + row): null

2020-12-22 18:10:11 - [TEST_STEP][PASSED] - sdfo = getText(findTestObject("Object Repository/Page_VLinkReceipt/pre_STX")): Text of object 'Object Repository/Page_VLinkReceipt/pre_STX' is: '<STX>evC5ysn7EMu9                  12087986            0  Transaction approved, no errors                   0                                                                                  Y OK6057   <ETX>'

2020-12-22 18:10:11 - [MESSAGE][PASSED] - Text of object 'Object Repository/Page_VLinkReceipt/pre_STX' is: '<STX>evC5ysn7EMu9                  12087986            0  Transaction approved, no errors                   0                                                                                  Y OK6057   <ETX>'

2020-12-22 18:10:11 - [TEST_STEP][PASSED] - out.println("sdfo: " + sdfo): null

2020-12-22 18:10:11 - [TEST_STEP][PASSED] - remID = substring(5, 35).trim(): null

2020-12-22 18:10:11 - [TEST_STEP][PASSED] - out.println("Remittance ID: " + remID): null

2020-12-22 18:10:11 - [TEST_STEP][PASSED] - traxID = substring(35, 55).trim(): null

2020-12-22 18:10:11 - [TEST_STEP][PASSED] - out.println("Transaction ID: " + traxID): null

2020-12-22 18:10:11 - [TEST_STEP][PASSED] - out.println("End Record Number: " + row): null

2020-12-22 18:10:11 - [TEST_STEP][PASSED] - closeBrowser(): Browser is closed

2020-12-22 18:10:12 - [MESSAGE][PASSED] - Browser is closed

2020-12-22 18:10:12 - [TEST_STEP][PASSED] - out.println("Begin Record Number: " + row): null

2020-12-22 18:10:12 - [TEST_STEP][PASSED] - openBrowser(VLinkURL + "authcap.html"): Browser is opened with url: 'https://dev-algorithm.govolution.com/vlinktest/QA/version_2_0/authcap.html'

2020-12-22 18:10:12 - [MESSAGE][INFO] - Starting 'Chrome' driver

2020-12-22 18:10:12 - [MESSAGE][INFO] - User set preference: ['acceptInsecureCerts', 'true']

2020-12-22 18:10:12 - [MESSAGE][INFO] - Action delay is set to 0 milliseconds

2020-12-22 18:10:16 - [MESSAGE][PASSED] - Browser is opened with url: 'https://dev-algorithm.govolution.com/vlinktest/QA/version_2_0/authcap.html'

2020-12-22 18:10:16 - [TEST_STEP][PASSED] - maximizeWindow(): Current window maximized

2020-12-22 18:10:16 - [MESSAGE][PASSED] - Current window maximized

2020-12-22 18:10:16 - [TEST_STEP][PASSED] - vlinkPages.saleCCPage.setDataSCC(row, dataFile): vlinkPages.saleCCPage.setDataSCC is PASSED

2020-12-22 18:10:18 - [MESSAGE][PASSED] - Object 'Object Repository/VLink/Page_CCSale/txt_CardNumber' is present

2020-12-22 18:10:18 - [MESSAGE][PASSED] - Object 'Object Repository/VLink/Page_CCSale/txt_TransactionType' is present

2020-12-22 18:10:19 - [MESSAGE][PASSED] - Text '104' is set on object 'Object Repository/VLink/Page_CCSale/txt_TransactionType'

2020-12-22 18:10:19 - [MESSAGE][PASSED] - Object 'Object Repository/VLink/Page_CCSale/txt_MessageVersion' is present

2020-12-22 18:10:20 - [MESSAGE][PASSED] - Text '2.0C' is set on object 'Object Repository/VLink/Page_CCSale/txt_MessageVersion'

2020-12-22 18:10:20 - [MESSAGE][PASSED] - Object 'Object Repository/VLink/Page_CCSale/txt_RemID' is present

2020-12-22 18:10:20 - [MESSAGE][PASSED] - Text '7GXz1upqZ9fS' is set on object 'Object Repository/VLink/Page_CCSale/txt_RemID'

2020-12-22 18:10:21 - [MESSAGE][PASSED] - Object 'Object Repository/VLink/Page_CCSale/txt_ApplicationId' is present

2020-12-22 18:10:21 - [MESSAGE][PASSED] - Text '671' is set on object 'Object Repository/VLink/Page_CCSale/txt_ApplicationId'

2020-12-22 18:10:22 - [MESSAGE][PASSED] - Object 'Object Repository/VLink/Page_CCSale/txt_Username' is present

2020-12-22 18:10:22 - [MESSAGE][PASSED] - Text 'username' is set on object 'Object Repository/VLink/Page_CCSale/txt_Username'

2020-12-22 18:10:23 - [MESSAGE][PASSED] - Object 'Object Repository/VLink/Page_CCSale/txt_Password' is present

2020-12-22 18:10:23 - [MESSAGE][PASSED] - Text 'password' is set on object 'Object Repository/VLink/Page_CCSale/txt_Password'

2020-12-22 18:10:23 - [MESSAGE][PASSED] - Object 'Object Repository/VLink/Page_CCSale/txt_ResponseFormat' is present

2020-12-22 18:10:24 - [MESSAGE][PASSED] - Text 'fixed_width' is set on object 'Object Repository/VLink/Page_CCSale/txt_ResponseFormat'

2020-12-22 18:10:25 - [MESSAGE][PASSED] - Object 'Object Repository/VLink/Page_CCSale/txt_Category' is present

2020-12-22 18:10:25 - [MESSAGE][PASSED] - Text 'RETL' is set on object 'Object Repository/VLink/Page_CCSale/txt_Category'

2020-12-22 18:10:26 - [MESSAGE][PASSED] - Object 'Object Repository/VLink/Page_CCSale/txt_TransactionID' is present

2020-12-22 18:10:26 - [MESSAGE][PASSED] - Text '' is set on object 'Object Repository/VLink/Page_CCSale/txt_TransactionID'

2020-12-22 18:10:27 - [MESSAGE][PASSED] - Object 'Object Repository/VLink/Page_CCSale/txt_ApprovalCode' is present

2020-12-22 18:10:27 - [MESSAGE][PASSED] - Text '' is set on object 'Object Repository/VLink/Page_CCSale/txt_ApprovalCode'

2020-12-22 18:10:28 - [MESSAGE][PASSED] - Object 'Object Repository/VLink/Page_CCSale/txt_CardName' is present

2020-12-22 18:10:28 - [MESSAGE][PASSED] - Text 'Roshan Maha' is set on object 'Object Repository/VLink/Page_CCSale/txt_CardName'

2020-12-22 18:10:28 - [MESSAGE][PASSED] - Object 'Object Repository/VLink/Page_CCSale/txt_AL1' is present

2020-12-22 18:10:29 - [MESSAGE][PASSED] - Text '12563 Bazaar road' is set on object 'Object Repository/VLink/Page_CCSale/txt_AL1'

2020-12-22 18:10:29 - [MESSAGE][PASSED] - Object 'Object Repository/VLink/Page_CCSale/txt_AL2' is present

2020-12-22 18:10:30 - [MESSAGE][PASSED] - Text '' is set on object 'Object Repository/VLink/Page_CCSale/txt_AL2'

2020-12-22 18:10:30 - [MESSAGE][PASSED] - Object 'Object Repository/VLink/Page_CCSale/txt_CardCity' is present

2020-12-22 18:10:31 - [MESSAGE][PASSED] - Text 'Crofton' is set on object 'Object Repository/VLink/Page_CCSale/txt_CardCity'

2020-12-22 18:10:31 - [MESSAGE][PASSED] - Object 'Object Repository/VLink/Page_CCSale/txt_CardState' is present

2020-12-22 18:10:32 - [MESSAGE][PASSED] - Text 'MD' is set on object 'Object Repository/VLink/Page_CCSale/txt_CardState'

2020-12-22 18:10:32 - [MESSAGE][PASSED] - Object 'Object Repository/VLink/Page_CCSale/txt_CardZIP' is present

2020-12-22 18:10:33 - [MESSAGE][PASSED] - Text '21114' is set on object 'Object Repository/VLink/Page_CCSale/txt_CardZIP'

2020-12-22 18:10:33 - [MESSAGE][PASSED] - Object 'Object Repository/VLink/Page_CCSale/txt_CountryID' is present

2020-12-22 18:10:34 - [MESSAGE][PASSED] - Text '' is set on object 'Object Repository/VLink/Page_CCSale/txt_CountryID'

2020-12-22 18:10:34 - [MESSAGE][PASSED] - Object 'Object Repository/VLink/Page_CCSale/txt_Amount' is present

2020-12-22 18:10:35 - [MESSAGE][PASSED] - Text '3.50' is set on object 'Object Repository/VLink/Page_CCSale/txt_Amount'

2020-12-22 18:10:35 - [MESSAGE][PASSED] - Object 'Object Repository/VLink/Page_CCSale/txt_CardNumber' is present

2020-12-22 18:10:36 - [MESSAGE][PASSED] - Text '6011000000000004' is set on object 'Object Repository/VLink/Page_CCSale/txt_CardNumber'

2020-12-22 18:10:36 - [MESSAGE][PASSED] - Object 'Object Repository/VLink/Page_CCSale/txt_ExpMonth' is present

2020-12-22 18:10:37 - [MESSAGE][PASSED] - Text '01' is set on object 'Object Repository/VLink/Page_CCSale/txt_ExpMonth'

2020-12-22 18:10:37 - [MESSAGE][PASSED] - Object 'Object Repository/VLink/Page_CCSale/txt_ExpYear' is present

2020-12-22 18:10:38 - [MESSAGE][PASSED] - Text '2026' is set on object 'Object Repository/VLink/Page_CCSale/txt_ExpYear'

2020-12-22 18:10:38 - [MESSAGE][PASSED] - Object 'Object Repository/VLink/Page_CCSale/txt_CVV' is present

2020-12-22 18:10:39 - [MESSAGE][PASSED] - Text '' is set on object 'Object Repository/VLink/Page_CCSale/txt_CVV'

2020-12-22 18:10:39 - [MESSAGE][PASSED] - Object 'Object Repository/VLink/Page_CCSale/txt_CVVstate' is present

2020-12-22 18:10:40 - [MESSAGE][PASSED] - Text '' is set on object 'Object Repository/VLink/Page_CCSale/txt_CVVstate'

2020-12-22 18:10:40 - [MESSAGE][PASSED] - Object 'Object Repository/VLink/Page_CCSale/txt_TrackData' is present

2020-12-22 18:10:41 - [MESSAGE][PASSED] - Text '' is set on object 'Object Repository/VLink/Page_CCSale/txt_TrackData'

2020-12-22 18:10:41 - [MESSAGE][PASSED] - Object 'Object Repository/VLink/Page_CCSale/txt_Track1Data' is present

2020-12-22 18:10:42 - [MESSAGE][PASSED] - Text '' is set on object 'Object Repository/VLink/Page_CCSale/txt_Track1Data'

2020-12-22 18:10:42 - [MESSAGE][PASSED] - Object 'Object Repository/VLink/Page_CCSale/txt_Track2Data' is present

2020-12-22 18:10:43 - [MESSAGE][PASSED] - Text '' is set on object 'Object Repository/VLink/Page_CCSale/txt_Track2Data'

2020-12-22 18:10:43 - [MESSAGE][PASSED] - Object 'Object Repository/VLink/Page_CCSale/txt_POSEntryMode' is present

2020-12-22 18:10:44 - [MESSAGE][PASSED] - Text 'manual' is set on object 'Object Repository/VLink/Page_CCSale/txt_POSEntryMode'

2020-12-22 18:10:44 - [MESSAGE][PASSED] - Object 'Object Repository/VLink/Page_CCSale/txt_Email' is present

2020-12-22 18:10:45 - [MESSAGE][PASSED] - Text '' is set on object 'Object Repository/VLink/Page_CCSale/txt_Email'

2020-12-22 18:10:45 - [MESSAGE][PASSED] - Object 'Object Repository/VLink/Page_CCSale/txt_OrderNumber' is present

2020-12-22 18:10:46 - [MESSAGE][PASSED] - Text '' is set on object 'Object Repository/VLink/Page_CCSale/txt_OrderNumber'

2020-12-22 18:10:46 - [MESSAGE][PASSED] - Object 'Object Repository/VLink/Page_CCSale/txt_TaxAmount' is present

2020-12-22 18:10:47 - [MESSAGE][PASSED] - Text '' is set on object 'Object Repository/VLink/Page_CCSale/txt_TaxAmount'

2020-12-22 18:10:47 - [MESSAGE][PASSED] - Object 'Object Repository/VLink/Page_CCSale/txt_ChargeDescription' is present

2020-12-22 18:10:48 - [MESSAGE][PASSED] - Text '' is set on object 'Object Repository/VLink/Page_CCSale/txt_ChargeDescription'

2020-12-22 18:10:48 - [MESSAGE][PASSED] - Object 'Object Repository/VLink/Page_CCSale/txt_CAN' is present

2020-12-22 18:10:49 - [MESSAGE][PASSED] - Text '' is set on object 'Object Repository/VLink/Page_CCSale/txt_CAN'

2020-12-22 18:10:49 - [MESSAGE][PASSED] - Object 'Object Repository/VLink/Page_CCSale/txt_BillPaymentIndicator' is present

2020-12-22 18:10:50 - [MESSAGE][PASSED] - Text '' is set on object 'Object Repository/VLink/Page_CCSale/txt_BillPaymentIndicator'

2020-12-22 18:10:50 - [MESSAGE][PASSED] - Object 'Object Repository/VLink/Page_CCSale/txt_UDF1' is present

2020-12-22 18:10:51 - [MESSAGE][PASSED] - Text '' is set on object 'Object Repository/VLink/Page_CCSale/txt_UDF1'

2020-12-22 18:10:51 - [MESSAGE][PASSED] - Object 'Object Repository/VLink/Page_CCSale/txt_UDF2' is present

2020-12-22 18:10:52 - [MESSAGE][PASSED] - Text '' is set on object 'Object Repository/VLink/Page_CCSale/txt_UDF2'

2020-12-22 18:10:52 - [MESSAGE][PASSED] - Object 'Object Repository/VLink/Page_CCSale/txt_UDF3' is present

2020-12-22 18:10:53 - [MESSAGE][PASSED] - Text '' is set on object 'Object Repository/VLink/Page_CCSale/txt_UDF3'

2020-12-22 18:10:53 - [MESSAGE][PASSED] - Object 'Object Repository/VLink/Page_CCSale/txt_UDF4' is present

2020-12-22 18:10:54 - [MESSAGE][PASSED] - Text '' is set on object 'Object Repository/VLink/Page_CCSale/txt_UDF4'

2020-12-22 18:10:54 - [MESSAGE][PASSED] - Object 'Object Repository/VLink/Page_CCSale/txt_UDF5' is present

2020-12-22 18:10:55 - [MESSAGE][PASSED] - Text '' is set on object 'Object Repository/VLink/Page_CCSale/txt_UDF5'

2020-12-22 18:10:55 - [MESSAGE][PASSED] - Object 'Object Repository/VLink/Page_CCSale/txt_UDF6' is present

2020-12-22 18:10:56 - [MESSAGE][PASSED] - Text '' is set on object 'Object Repository/VLink/Page_CCSale/txt_UDF6'

2020-12-22 18:10:56 - [MESSAGE][PASSED] - Object 'Object Repository/VLink/Page_CCSale/txt_UDF7' is present

2020-12-22 18:10:57 - [MESSAGE][PASSED] - Text '' is set on object 'Object Repository/VLink/Page_CCSale/txt_UDF7'

2020-12-22 18:10:57 - [MESSAGE][PASSED] - Object 'Object Repository/VLink/Page_CCSale/txt_UDF8' is present

2020-12-22 18:10:58 - [MESSAGE][PASSED] - Text '' is set on object 'Object Repository/VLink/Page_CCSale/txt_UDF8'

2020-12-22 18:10:58 - [MESSAGE][PASSED] - Object 'Object Repository/VLink/Page_CCSale/txt_UDF9' is present

2020-12-22 18:10:59 - [MESSAGE][PASSED] - Text '' is set on object 'Object Repository/VLink/Page_CCSale/txt_UDF9'

2020-12-22 18:10:59 - [MESSAGE][PASSED] - Object 'Object Repository/VLink/Page_CCSale/txt_UDF10' is present

2020-12-22 18:11:00 - [MESSAGE][PASSED] - Text '' is set on object 'Object Repository/VLink/Page_CCSale/txt_UDF10'

2020-12-22 18:11:00 - [MESSAGE][PASSED] - Object 'Object Repository/VLink/Page_CCSale/txt_CardOnFileIndicator' is present

2020-12-22 18:11:01 - [MESSAGE][PASSED] - Text '0' is set on object 'Object Repository/VLink/Page_CCSale/txt_CardOnFileIndicator'

2020-12-22 18:11:01 - [MESSAGE][PASSED] - Object 'Object Repository/VLink/Page_CCSale/txt_StoredCredentialIndicator' is present

2020-12-22 18:11:02 - [MESSAGE][PASSED] - Text 'Initial' is set on object 'Object Repository/VLink/Page_CCSale/txt_StoredCredentialIndicator'

2020-12-22 18:11:02 - [MESSAGE][PASSED] - Object 'Object Repository/VLink/Page_CCSale/txt_COFScheduledIndicator' is present

2020-12-22 18:11:03 - [MESSAGE][PASSED] - Text 'Unscheduled' is set on object 'Object Repository/VLink/Page_CCSale/txt_COFScheduledIndicator'

2020-12-22 18:11:03 - [MESSAGE][PASSED] - Object 'Object Repository/VLink/Page_CCSale/txt_COFTransactionInitiatedBy' is present

2020-12-22 18:11:04 - [MESSAGE][PASSED] - Text 'Customer' is set on object 'Object Repository/VLink/Page_CCSale/txt_COFTransactionInitiatedBy'

2020-12-22 18:11:09 - [MESSAGE][PASSED] - Object: 'Object Repository/VLink/Page_CCSale/btn_ProcessVLinkTransaction' is clicked on

2020-12-22 18:11:14 - [MESSAGE][PASSED] - vlinkPages.saleCCPage.setDataSCC is PASSED

2020-12-22 18:11:14 - [TEST_STEP][PASSED] - if (verifyTextPresent("Transaction approved, no errors", true)): null

2020-12-22 18:11:14 - [MESSAGE][PASSED] - Text 'Transaction approved, no errors' is present on page  using regular expression

2020-12-22 18:11:14 - [TEST_STEP][PASSED] - println("Transaction Approved, no errors text is present on the Confirmation page"): null

2020-12-22 18:11:14 - [TEST_STEP][PASSED] - out.println("Pass Record Number: " + row): null

2020-12-22 18:11:14 - [TEST_STEP][PASSED] - sdfo = getText(findTestObject("Object Repository/Page_VLinkReceipt/pre_STX")): Text of object 'Object Repository/Page_VLinkReceipt/pre_STX' is: '<STX>7GXz1upqZ9fS                  12087987            0  Transaction approved, no errors                   0                                                                                  Y OK6347   <ETX>'

2020-12-22 18:11:15 - [MESSAGE][PASSED] - Text of object 'Object Repository/Page_VLinkReceipt/pre_STX' is: '<STX>7GXz1upqZ9fS                  12087987            0  Transaction approved, no errors                   0                                                                                  Y OK6347   <ETX>'

2020-12-22 18:11:15 - [TEST_STEP][PASSED] - out.println("sdfo: " + sdfo): null

2020-12-22 18:11:15 - [TEST_STEP][PASSED] - remID = substring(5, 35).trim(): null

2020-12-22 18:11:15 - [TEST_STEP][PASSED] - out.println("Remittance ID: " + remID): null

2020-12-22 18:11:15 - [TEST_STEP][PASSED] - traxID = substring(35, 55).trim(): null

2020-12-22 18:11:15 - [TEST_STEP][PASSED] - out.println("Transaction ID: " + traxID): null

2020-12-22 18:11:15 - [TEST_STEP][PASSED] - out.println("End Record Number: " + row): null

2020-12-22 18:11:15 - [TEST_STEP][PASSED] - closeBrowser(): Browser is closed

2020-12-22 18:11:15 - [MESSAGE][PASSED] - Browser is closed

2020-12-22 18:11:15 - [TEST_STEP][PASSED] - out.println("Begin Record Number: " + row): null

2020-12-22 18:11:15 - [TEST_STEP][PASSED] - openBrowser(VLinkURL + "authcap.html"): Browser is opened with url: 'https://dev-algorithm.govolution.com/vlinktest/QA/version_2_0/authcap.html'

2020-12-22 18:11:15 - [MESSAGE][INFO] - Starting 'Chrome' driver

2020-12-22 18:11:15 - [MESSAGE][INFO] - User set preference: ['acceptInsecureCerts', 'true']

2020-12-22 18:11:15 - [MESSAGE][INFO] - Action delay is set to 0 milliseconds

2020-12-22 18:11:19 - [MESSAGE][PASSED] - Browser is opened with url: 'https://dev-algorithm.govolution.com/vlinktest/QA/version_2_0/authcap.html'

2020-12-22 18:11:19 - [TEST_STEP][PASSED] - maximizeWindow(): Current window maximized

2020-12-22 18:11:20 - [MESSAGE][PASSED] - Current window maximized

2020-12-22 18:11:20 - [TEST_STEP][PASSED] - vlinkPages.saleCCPage.setDataSCC(row, dataFile): vlinkPages.saleCCPage.setDataSCC is PASSED

2020-12-22 18:11:21 - [MESSAGE][PASSED] - Object 'Object Repository/VLink/Page_CCSale/txt_CardNumber' is present

2020-12-22 18:11:21 - [MESSAGE][PASSED] - Object 'Object Repository/VLink/Page_CCSale/txt_TransactionType' is present

2020-12-22 18:11:22 - [MESSAGE][PASSED] - Text '104' is set on object 'Object Repository/VLink/Page_CCSale/txt_TransactionType'

2020-12-22 18:11:22 - [MESSAGE][PASSED] - Object 'Object Repository/VLink/Page_CCSale/txt_MessageVersion' is present

2020-12-22 18:11:23 - [MESSAGE][PASSED] - Text '2.0C' is set on object 'Object Repository/VLink/Page_CCSale/txt_MessageVersion'

2020-12-22 18:11:23 - [MESSAGE][PASSED] - Object 'Object Repository/VLink/Page_CCSale/txt_RemID' is present

2020-12-22 18:11:24 - [MESSAGE][PASSED] - Text 'GVVuf7aMHbzQ' is set on object 'Object Repository/VLink/Page_CCSale/txt_RemID'

2020-12-22 18:11:24 - [MESSAGE][PASSED] - Object 'Object Repository/VLink/Page_CCSale/txt_ApplicationId' is present

2020-12-22 18:11:25 - [MESSAGE][PASSED] - Text '665' is set on object 'Object Repository/VLink/Page_CCSale/txt_ApplicationId'

2020-12-22 18:11:25 - [MESSAGE][PASSED] - Object 'Object Repository/VLink/Page_CCSale/txt_Username' is present

2020-12-22 18:11:25 - [MESSAGE][PASSED] - Text 'username' is set on object 'Object Repository/VLink/Page_CCSale/txt_Username'

2020-12-22 18:11:26 - [MESSAGE][PASSED] - Object 'Object Repository/VLink/Page_CCSale/txt_Password' is present

2020-12-22 18:11:26 - [MESSAGE][PASSED] - Text 'password' is set on object 'Object Repository/VLink/Page_CCSale/txt_Password'

2020-12-22 18:11:27 - [MESSAGE][PASSED] - Object 'Object Repository/VLink/Page_CCSale/txt_ResponseFormat' is present

2020-12-22 18:11:27 - [MESSAGE][PASSED] - Text 'fixed_width' is set on object 'Object Repository/VLink/Page_CCSale/txt_ResponseFormat'

2020-12-22 18:11:28 - [MESSAGE][PASSED] - Object 'Object Repository/VLink/Page_CCSale/txt_Category' is present

2020-12-22 18:11:28 - [MESSAGE][PASSED] - Text 'ECOM' is set on object 'Object Repository/VLink/Page_CCSale/txt_Category'

2020-12-22 18:11:29 - [MESSAGE][PASSED] - Object 'Object Repository/VLink/Page_CCSale/txt_TransactionID' is present

2020-12-22 18:11:29 - [MESSAGE][PASSED] - Text '' is set on object 'Object Repository/VLink/Page_CCSale/txt_TransactionID'

2020-12-22 18:11:30 - [MESSAGE][PASSED] - Object 'Object Repository/VLink/Page_CCSale/txt_ApprovalCode' is present

2020-12-22 18:11:30 - [MESSAGE][PASSED] - Text '' is set on object 'Object Repository/VLink/Page_CCSale/txt_ApprovalCode'

2020-12-22 18:11:31 - [MESSAGE][PASSED] - Object 'Object Repository/VLink/Page_CCSale/txt_CardName' is present

2020-12-22 18:11:31 - [MESSAGE][PASSED] - Text 'Roshan Maha' is set on object 'Object Repository/VLink/Page_CCSale/txt_CardName'

2020-12-22 18:11:31 - [MESSAGE][PASSED] - Object 'Object Repository/VLink/Page_CCSale/txt_AL1' is present

2020-12-22 18:11:32 - [MESSAGE][PASSED] - Text '12563 Bazaar road' is set on object 'Object Repository/VLink/Page_CCSale/txt_AL1'

2020-12-22 18:11:33 - [MESSAGE][PASSED] - Object 'Object Repository/VLink/Page_CCSale/txt_AL2' is present

2020-12-22 18:11:33 - [MESSAGE][PASSED] - Text '' is set on object 'Object Repository/VLink/Page_CCSale/txt_AL2'

2020-12-22 18:11:34 - [MESSAGE][PASSED] - Object 'Object Repository/VLink/Page_CCSale/txt_CardCity' is present

2020-12-22 18:11:34 - [MESSAGE][PASSED] - Text 'Crofton' is set on object 'Object Repository/VLink/Page_CCSale/txt_CardCity'

2020-12-22 18:11:35 - [MESSAGE][PASSED] - Object 'Object Repository/VLink/Page_CCSale/txt_CardState' is present

2020-12-22 18:11:35 - [MESSAGE][PASSED] - Text 'MD' is set on object 'Object Repository/VLink/Page_CCSale/txt_CardState'

2020-12-22 18:11:36 - [MESSAGE][PASSED] - Object 'Object Repository/VLink/Page_CCSale/txt_CardZIP' is present

2020-12-22 18:11:36 - [MESSAGE][PASSED] - Text '21114' is set on object 'Object Repository/VLink/Page_CCSale/txt_CardZIP'

2020-12-22 18:11:37 - [MESSAGE][PASSED] - Object 'Object Repository/VLink/Page_CCSale/txt_CountryID' is present

2020-12-22 18:11:37 - [MESSAGE][PASSED] - Text '' is set on object 'Object Repository/VLink/Page_CCSale/txt_CountryID'

2020-12-22 18:11:38 - [MESSAGE][PASSED] - Object 'Object Repository/VLink/Page_CCSale/txt_Amount' is present

2020-12-22 18:11:38 - [MESSAGE][PASSED] - Text '3.50' is set on object 'Object Repository/VLink/Page_CCSale/txt_Amount'

2020-12-22 18:11:39 - [MESSAGE][PASSED] - Object 'Object Repository/VLink/Page_CCSale/txt_CardNumber' is present

2020-12-22 18:11:39 - [MESSAGE][PASSED] - Text '4111111111111111' is set on object 'Object Repository/VLink/Page_CCSale/txt_CardNumber'

2020-12-22 18:11:40 - [MESSAGE][PASSED] - Object 'Object Repository/VLink/Page_CCSale/txt_ExpMonth' is present

2020-12-22 18:11:40 - [MESSAGE][PASSED] - Text '01' is set on object 'Object Repository/VLink/Page_CCSale/txt_ExpMonth'

2020-12-22 18:11:41 - [MESSAGE][PASSED] - Object 'Object Repository/VLink/Page_CCSale/txt_ExpYear' is present

2020-12-22 18:11:41 - [MESSAGE][PASSED] - Text '2026' is set on object 'Object Repository/VLink/Page_CCSale/txt_ExpYear'

2020-12-22 18:11:42 - [MESSAGE][PASSED] - Object 'Object Repository/VLink/Page_CCSale/txt_CVV' is present

2020-12-22 18:11:42 - [MESSAGE][PASSED] - Text '' is set on object 'Object Repository/VLink/Page_CCSale/txt_CVV'

2020-12-22 18:11:43 - [MESSAGE][PASSED] - Object 'Object Repository/VLink/Page_CCSale/txt_CVVstate' is present

2020-12-22 18:11:43 - [MESSAGE][PASSED] - Text '' is set on object 'Object Repository/VLink/Page_CCSale/txt_CVVstate'

2020-12-22 18:11:44 - [MESSAGE][PASSED] - Object 'Object Repository/VLink/Page_CCSale/txt_TrackData' is present

2020-12-22 18:11:44 - [MESSAGE][PASSED] - Text '' is set on object 'Object Repository/VLink/Page_CCSale/txt_TrackData'

2020-12-22 18:11:45 - [MESSAGE][PASSED] - Object 'Object Repository/VLink/Page_CCSale/txt_Track1Data' is present

2020-12-22 18:11:45 - [MESSAGE][PASSED] - Text '' is set on object 'Object Repository/VLink/Page_CCSale/txt_Track1Data'

2020-12-22 18:11:46 - [MESSAGE][PASSED] - Object 'Object Repository/VLink/Page_CCSale/txt_Track2Data' is present

2020-12-22 18:11:46 - [MESSAGE][PASSED] - Text '' is set on object 'Object Repository/VLink/Page_CCSale/txt_Track2Data'

2020-12-22 18:11:47 - [MESSAGE][PASSED] - Object 'Object Repository/VLink/Page_CCSale/txt_POSEntryMode' is present

2020-12-22 18:11:47 - [MESSAGE][PASSED] - Text 'manual' is set on object 'Object Repository/VLink/Page_CCSale/txt_POSEntryMode'

2020-12-22 18:11:48 - [MESSAGE][PASSED] - Object 'Object Repository/VLink/Page_CCSale/txt_Email' is present

2020-12-22 18:11:48 - [MESSAGE][PASSED] - Text '' is set on object 'Object Repository/VLink/Page_CCSale/txt_Email'

2020-12-22 18:11:49 - [MESSAGE][PASSED] - Object 'Object Repository/VLink/Page_CCSale/txt_OrderNumber' is present

2020-12-22 18:11:49 - [MESSAGE][PASSED] - Text '' is set on object 'Object Repository/VLink/Page_CCSale/txt_OrderNumber'

2020-12-22 18:11:50 - [MESSAGE][PASSED] - Object 'Object Repository/VLink/Page_CCSale/txt_TaxAmount' is present

2020-12-22 18:11:50 - [MESSAGE][PASSED] - Text '' is set on object 'Object Repository/VLink/Page_CCSale/txt_TaxAmount'

2020-12-22 18:11:51 - [MESSAGE][PASSED] - Object 'Object Repository/VLink/Page_CCSale/txt_ChargeDescription' is present

2020-12-22 18:11:51 - [MESSAGE][PASSED] - Text '' is set on object 'Object Repository/VLink/Page_CCSale/txt_ChargeDescription'

2020-12-22 18:11:52 - [MESSAGE][PASSED] - Object 'Object Repository/VLink/Page_CCSale/txt_CAN' is present

2020-12-22 18:11:52 - [MESSAGE][PASSED] - Text '' is set on object 'Object Repository/VLink/Page_CCSale/txt_CAN'

2020-12-22 18:11:53 - [MESSAGE][PASSED] - Object 'Object Repository/VLink/Page_CCSale/txt_BillPaymentIndicator' is present

2020-12-22 18:11:53 - [MESSAGE][PASSED] - Text '' is set on object 'Object Repository/VLink/Page_CCSale/txt_BillPaymentIndicator'

2020-12-22 18:11:54 - [MESSAGE][PASSED] - Object 'Object Repository/VLink/Page_CCSale/txt_UDF1' is present

2020-12-22 18:11:54 - [MESSAGE][PASSED] - Text '' is set on object 'Object Repository/VLink/Page_CCSale/txt_UDF1'

2020-12-22 18:11:55 - [MESSAGE][PASSED] - Object 'Object Repository/VLink/Page_CCSale/txt_UDF2' is present

2020-12-22 18:11:55 - [MESSAGE][PASSED] - Text '' is set on object 'Object Repository/VLink/Page_CCSale/txt_UDF2'

2020-12-22 18:11:56 - [MESSAGE][PASSED] - Object 'Object Repository/VLink/Page_CCSale/txt_UDF3' is present

2020-12-22 18:11:56 - [MESSAGE][PASSED] - Text '' is set on object 'Object Repository/VLink/Page_CCSale/txt_UDF3'

2020-12-22 18:11:57 - [MESSAGE][PASSED] - Object 'Object Repository/VLink/Page_CCSale/txt_UDF4' is present

2020-12-22 18:11:57 - [MESSAGE][PASSED] - Text '' is set on object 'Object Repository/VLink/Page_CCSale/txt_UDF4'

2020-12-22 18:11:58 - [MESSAGE][PASSED] - Object 'Object Repository/VLink/Page_CCSale/txt_UDF5' is present

2020-12-22 18:11:58 - [MESSAGE][PASSED] - Text '' is set on object 'Object Repository/VLink/Page_CCSale/txt_UDF5'

2020-12-22 18:11:58 - [MESSAGE][PASSED] - Object 'Object Repository/VLink/Page_CCSale/txt_UDF6' is present

2020-12-22 18:11:59 - [MESSAGE][PASSED] - Text '' is set on object 'Object Repository/VLink/Page_CCSale/txt_UDF6'

2020-12-22 18:11:59 - [MESSAGE][PASSED] - Object 'Object Repository/VLink/Page_CCSale/txt_UDF7' is present

2020-12-22 18:12:00 - [MESSAGE][PASSED] - Text '' is set on object 'Object Repository/VLink/Page_CCSale/txt_UDF7'

2020-12-22 18:12:00 - [MESSAGE][PASSED] - Object 'Object Repository/VLink/Page_CCSale/txt_UDF8' is present

2020-12-22 18:12:01 - [MESSAGE][PASSED] - Text '' is set on object 'Object Repository/VLink/Page_CCSale/txt_UDF8'

2020-12-22 18:12:01 - [MESSAGE][PASSED] - Object 'Object Repository/VLink/Page_CCSale/txt_UDF9' is present

2020-12-22 18:12:02 - [MESSAGE][PASSED] - Text '' is set on object 'Object Repository/VLink/Page_CCSale/txt_UDF9'

2020-12-22 18:12:02 - [MESSAGE][PASSED] - Object 'Object Repository/VLink/Page_CCSale/txt_UDF10' is present

2020-12-22 18:12:03 - [MESSAGE][PASSED] - Text '' is set on object 'Object Repository/VLink/Page_CCSale/txt_UDF10'

2020-12-22 18:12:03 - [MESSAGE][PASSED] - Object 'Object Repository/VLink/Page_CCSale/txt_CardOnFileIndicator' is present

2020-12-22 18:12:04 - [MESSAGE][PASSED] - Text '1' is set on object 'Object Repository/VLink/Page_CCSale/txt_CardOnFileIndicator'

2020-12-22 18:12:04 - [MESSAGE][PASSED] - Object 'Object Repository/VLink/Page_CCSale/txt_StoredCredentialIndicator' is present

2020-12-22 18:12:05 - [MESSAGE][PASSED] - Text 'Subsequent' is set on object 'Object Repository/VLink/Page_CCSale/txt_StoredCredentialIndicator'

2020-12-22 18:12:05 - [MESSAGE][PASSED] - Object 'Object Repository/VLink/Page_CCSale/txt_COFScheduledIndicator' is present

2020-12-22 18:12:06 - [MESSAGE][PASSED] - Text 'Scheduled' is set on object 'Object Repository/VLink/Page_CCSale/txt_COFScheduledIndicator'

2020-12-22 18:12:06 - [MESSAGE][PASSED] - Object 'Object Repository/VLink/Page_CCSale/txt_COFTransactionInitiatedBy' is present

2020-12-22 18:12:07 - [MESSAGE][PASSED] - Text 'Merchant' is set on object 'Object Repository/VLink/Page_CCSale/txt_COFTransactionInitiatedBy'

2020-12-22 18:12:10 - [MESSAGE][PASSED] - Object: 'Object Repository/VLink/Page_CCSale/btn_ProcessVLinkTransaction' is clicked on

2020-12-22 18:12:15 - [MESSAGE][PASSED] - vlinkPages.saleCCPage.setDataSCC is PASSED

2020-12-22 18:12:15 - [TEST_STEP][PASSED] - if (verifyTextPresent("Transaction approved, no errors", true)): null

2020-12-22 18:12:15 - [MESSAGE][PASSED] - Text 'Transaction approved, no errors' is present on page  using regular expression

2020-12-22 18:12:15 - [TEST_STEP][PASSED] - println("Transaction Approved, no errors text is present on the Confirmation page"): null

2020-12-22 18:12:15 - [TEST_STEP][PASSED] - out.println("Pass Record Number: " + row): null

2020-12-22 18:12:15 - [TEST_STEP][PASSED] - sdfo = getText(findTestObject("Object Repository/Page_VLinkReceipt/pre_STX")): Text of object 'Object Repository/Page_VLinkReceipt/pre_STX' is: '<STX>GVVuf7aMHbzQ                  12087988            0  Transaction approved, no errors                   0                                                                                  X OK6450   <ETX>'

2020-12-22 18:12:15 - [MESSAGE][PASSED] - Text of object 'Object Repository/Page_VLinkReceipt/pre_STX' is: '<STX>GVVuf7aMHbzQ                  12087988            0  Transaction approved, no errors                   0                                                                                  X OK6450   <ETX>'

2020-12-22 18:12:15 - [TEST_STEP][PASSED] - out.println("sdfo: " + sdfo): null

2020-12-22 18:12:15 - [TEST_STEP][PASSED] - remID = substring(5, 35).trim(): null

2020-12-22 18:12:15 - [TEST_STEP][PASSED] - out.println("Remittance ID: " + remID): null

2020-12-22 18:12:15 - [TEST_STEP][PASSED] - traxID = substring(35, 55).trim(): null

2020-12-22 18:12:15 - [TEST_STEP][PASSED] - out.println("Transaction ID: " + traxID): null

2020-12-22 18:12:15 - [TEST_STEP][PASSED] - out.println("End Record Number: " + row): null

2020-12-22 18:12:15 - [TEST_STEP][PASSED] - closeBrowser(): Browser is closed

2020-12-22 18:12:16 - [MESSAGE][PASSED] - Browser is closed

2020-12-22 18:12:16 - [TEST_STEP][PASSED] - out.println("Begin Record Number: " + row): null

2020-12-22 18:12:16 - [TEST_STEP][PASSED] - openBrowser(VLinkURL + "authcap.html"): Browser is opened with url: 'https://dev-algorithm.govolution.com/vlinktest/QA/version_2_0/authcap.html'

2020-12-22 18:12:16 - [MESSAGE][INFO] - Starting 'Chrome' driver

2020-12-22 18:12:16 - [MESSAGE][INFO] - User set preference: ['acceptInsecureCerts', 'true']

2020-12-22 18:12:16 - [MESSAGE][INFO] - Action delay is set to 0 milliseconds

2020-12-22 18:12:20 - [MESSAGE][PASSED] - Browser is opened with url: 'https://dev-algorithm.govolution.com/vlinktest/QA/version_2_0/authcap.html'

2020-12-22 18:12:20 - [TEST_STEP][PASSED] - maximizeWindow(): Current window maximized

2020-12-22 18:12:20 - [MESSAGE][PASSED] - Current window maximized

2020-12-22 18:12:20 - [TEST_STEP][PASSED] - vlinkPages.saleCCPage.setDataSCC(row, dataFile): vlinkPages.saleCCPage.setDataSCC is PASSED

2020-12-22 18:12:21 - [MESSAGE][PASSED] - Object 'Object Repository/VLink/Page_CCSale/txt_CardNumber' is present

2020-12-22 18:12:21 - [MESSAGE][PASSED] - Object 'Object Repository/VLink/Page_CCSale/txt_TransactionType' is present

2020-12-22 18:12:22 - [MESSAGE][PASSED] - Text '104' is set on object 'Object Repository/VLink/Page_CCSale/txt_TransactionType'

2020-12-22 18:12:23 - [MESSAGE][PASSED] - Object 'Object Repository/VLink/Page_CCSale/txt_MessageVersion' is present

2020-12-22 18:12:23 - [MESSAGE][PASSED] - Text '2.0C' is set on object 'Object Repository/VLink/Page_CCSale/txt_MessageVersion'

2020-12-22 18:12:23 - [MESSAGE][PASSED] - Object 'Object Repository/VLink/Page_CCSale/txt_RemID' is present

2020-12-22 18:12:24 - [MESSAGE][PASSED] - Text '8LmdQUpv7R3O' is set on object 'Object Repository/VLink/Page_CCSale/txt_RemID'

2020-12-22 18:12:24 - [MESSAGE][PASSED] - Object 'Object Repository/VLink/Page_CCSale/txt_ApplicationId' is present

2020-12-22 18:12:25 - [MESSAGE][PASSED] - Text '665' is set on object 'Object Repository/VLink/Page_CCSale/txt_ApplicationId'

2020-12-22 18:12:25 - [MESSAGE][PASSED] - Object 'Object Repository/VLink/Page_CCSale/txt_Username' is present

2020-12-22 18:12:26 - [MESSAGE][PASSED] - Text 'username' is set on object 'Object Repository/VLink/Page_CCSale/txt_Username'

2020-12-22 18:12:26 - [MESSAGE][PASSED] - Object 'Object Repository/VLink/Page_CCSale/txt_Password' is present

2020-12-22 18:12:27 - [MESSAGE][PASSED] - Text 'password' is set on object 'Object Repository/VLink/Page_CCSale/txt_Password'

2020-12-22 18:12:27 - [MESSAGE][PASSED] - Object 'Object Repository/VLink/Page_CCSale/txt_ResponseFormat' is present

2020-12-22 18:12:28 - [MESSAGE][PASSED] - Text 'fixed_width' is set on object 'Object Repository/VLink/Page_CCSale/txt_ResponseFormat'

2020-12-22 18:12:28 - [MESSAGE][PASSED] - Object 'Object Repository/VLink/Page_CCSale/txt_Category' is present

2020-12-22 18:12:28 - [MESSAGE][PASSED] - Text 'ECOM' is set on object 'Object Repository/VLink/Page_CCSale/txt_Category'

2020-12-22 18:12:29 - [MESSAGE][PASSED] - Object 'Object Repository/VLink/Page_CCSale/txt_TransactionID' is present

2020-12-22 18:12:29 - [MESSAGE][PASSED] - Text '' is set on object 'Object Repository/VLink/Page_CCSale/txt_TransactionID'

2020-12-22 18:12:30 - [MESSAGE][PASSED] - Object 'Object Repository/VLink/Page_CCSale/txt_ApprovalCode' is present

2020-12-22 18:12:30 - [MESSAGE][PASSED] - Text '' is set on object 'Object Repository/VLink/Page_CCSale/txt_ApprovalCode'

2020-12-22 18:12:30 - [MESSAGE][PASSED] - Object 'Object Repository/VLink/Page_CCSale/txt_CardName' is present

2020-12-22 18:12:31 - [MESSAGE][PASSED] - Text 'Kris Roshan' is set on object 'Object Repository/VLink/Page_CCSale/txt_CardName'

2020-12-22 18:12:31 - [MESSAGE][PASSED] - Object 'Object Repository/VLink/Page_CCSale/txt_AL1' is present

2020-12-22 18:12:32 - [MESSAGE][PASSED] - Text '258 Elm Road' is set on object 'Object Repository/VLink/Page_CCSale/txt_AL1'

2020-12-22 18:12:32 - [MESSAGE][PASSED] - Object 'Object Repository/VLink/Page_CCSale/txt_AL2' is present

2020-12-22 18:12:33 - [MESSAGE][PASSED] - Text 'Suite 56' is set on object 'Object Repository/VLink/Page_CCSale/txt_AL2'

2020-12-22 18:12:33 - [MESSAGE][PASSED] - Object 'Object Repository/VLink/Page_CCSale/txt_CardCity' is present

2020-12-22 18:12:34 - [MESSAGE][PASSED] - Text 'Arlington' is set on object 'Object Repository/VLink/Page_CCSale/txt_CardCity'

2020-12-22 18:12:34 - [MESSAGE][PASSED] - Object 'Object Repository/VLink/Page_CCSale/txt_CardState' is present

2020-12-22 18:12:35 - [MESSAGE][PASSED] - Text 'VA' is set on object 'Object Repository/VLink/Page_CCSale/txt_CardState'

2020-12-22 18:12:35 - [MESSAGE][PASSED] - Object 'Object Repository/VLink/Page_CCSale/txt_CardZIP' is present

2020-12-22 18:12:36 - [MESSAGE][PASSED] - Text '22201' is set on object 'Object Repository/VLink/Page_CCSale/txt_CardZIP'

2020-12-22 18:12:36 - [MESSAGE][PASSED] - Object 'Object Repository/VLink/Page_CCSale/txt_CountryID' is present

2020-12-22 18:12:37 - [MESSAGE][PASSED] - Text '840' is set on object 'Object Repository/VLink/Page_CCSale/txt_CountryID'

2020-12-22 18:12:37 - [MESSAGE][PASSED] - Object 'Object Repository/VLink/Page_CCSale/txt_Amount' is present

2020-12-22 18:12:38 - [MESSAGE][PASSED] - Text '1.50' is set on object 'Object Repository/VLink/Page_CCSale/txt_Amount'

2020-12-22 18:12:38 - [MESSAGE][PASSED] - Object 'Object Repository/VLink/Page_CCSale/txt_CardNumber' is present

2020-12-22 18:12:39 - [MESSAGE][PASSED] - Text '5424000000000015' is set on object 'Object Repository/VLink/Page_CCSale/txt_CardNumber'

2020-12-22 18:12:39 - [MESSAGE][PASSED] - Object 'Object Repository/VLink/Page_CCSale/txt_ExpMonth' is present

2020-12-22 18:12:40 - [MESSAGE][PASSED] - Text '12' is set on object 'Object Repository/VLink/Page_CCSale/txt_ExpMonth'

2020-12-22 18:12:40 - [MESSAGE][PASSED] - Object 'Object Repository/VLink/Page_CCSale/txt_ExpYear' is present

2020-12-22 18:12:41 - [MESSAGE][PASSED] - Text '2025' is set on object 'Object Repository/VLink/Page_CCSale/txt_ExpYear'

2020-12-22 18:12:41 - [MESSAGE][PASSED] - Object 'Object Repository/VLink/Page_CCSale/txt_CVV' is present

2020-12-22 18:12:42 - [MESSAGE][PASSED] - Text '' is set on object 'Object Repository/VLink/Page_CCSale/txt_CVV'

2020-12-22 18:12:42 - [MESSAGE][PASSED] - Object 'Object Repository/VLink/Page_CCSale/txt_CVVstate' is present

2020-12-22 18:12:43 - [MESSAGE][PASSED] - Text '' is set on object 'Object Repository/VLink/Page_CCSale/txt_CVVstate'

2020-12-22 18:12:43 - [MESSAGE][PASSED] - Object 'Object Repository/VLink/Page_CCSale/txt_TrackData' is present

2020-12-22 18:12:44 - [MESSAGE][PASSED] - Text '' is set on object 'Object Repository/VLink/Page_CCSale/txt_TrackData'

2020-12-22 18:12:44 - [MESSAGE][PASSED] - Object 'Object Repository/VLink/Page_CCSale/txt_Track1Data' is present

2020-12-22 18:12:45 - [MESSAGE][PASSED] - Text '' is set on object 'Object Repository/VLink/Page_CCSale/txt_Track1Data'

2020-12-22 18:12:45 - [MESSAGE][PASSED] - Object 'Object Repository/VLink/Page_CCSale/txt_Track2Data' is present

2020-12-22 18:12:46 - [MESSAGE][PASSED] - Text '' is set on object 'Object Repository/VLink/Page_CCSale/txt_Track2Data'

2020-12-22 18:12:46 - [MESSAGE][PASSED] - Object 'Object Repository/VLink/Page_CCSale/txt_POSEntryMode' is present

2020-12-22 18:12:47 - [MESSAGE][PASSED] - Text 'manual' is set on object 'Object Repository/VLink/Page_CCSale/txt_POSEntryMode'

2020-12-22 18:12:47 - [MESSAGE][PASSED] - Object 'Object Repository/VLink/Page_CCSale/txt_Email' is present

2020-12-22 18:12:48 - [MESSAGE][PASSED] - Text 'iahmed@govolution.com' is set on object 'Object Repository/VLink/Page_CCSale/txt_Email'

2020-12-22 18:12:48 - [MESSAGE][PASSED] - Object 'Object Repository/VLink/Page_CCSale/txt_OrderNumber' is present

2020-12-22 18:12:49 - [MESSAGE][PASSED] - Text '2569362' is set on object 'Object Repository/VLink/Page_CCSale/txt_OrderNumber'

2020-12-22 18:12:49 - [MESSAGE][PASSED] - Object 'Object Repository/VLink/Page_CCSale/txt_TaxAmount' is present

2020-12-22 18:12:50 - [MESSAGE][PASSED] - Text '1.15' is set on object 'Object Repository/VLink/Page_CCSale/txt_TaxAmount'

2020-12-22 18:12:50 - [MESSAGE][PASSED] - Object 'Object Repository/VLink/Page_CCSale/txt_ChargeDescription' is present

2020-12-22 18:12:51 - [MESSAGE][PASSED] - Text 'Charge Description' is set on object 'Object Repository/VLink/Page_CCSale/txt_ChargeDescription'

2020-12-22 18:12:51 - [MESSAGE][PASSED] - Object 'Object Repository/VLink/Page_CCSale/txt_CAN' is present

2020-12-22 18:12:52 - [MESSAGE][PASSED] - Text '147357' is set on object 'Object Repository/VLink/Page_CCSale/txt_CAN'

2020-12-22 18:12:52 - [MESSAGE][PASSED] - Object 'Object Repository/VLink/Page_CCSale/txt_BillPaymentIndicator' is present

2020-12-22 18:12:53 - [MESSAGE][PASSED] - Text '1' is set on object 'Object Repository/VLink/Page_CCSale/txt_BillPaymentIndicator'

2020-12-22 18:12:53 - [MESSAGE][PASSED] - Object 'Object Repository/VLink/Page_CCSale/txt_UDF1' is present

2020-12-22 18:12:54 - [MESSAGE][PASSED] - Text 'UDF Data 1' is set on object 'Object Repository/VLink/Page_CCSale/txt_UDF1'

2020-12-22 18:12:54 - [MESSAGE][PASSED] - Object 'Object Repository/VLink/Page_CCSale/txt_UDF2' is present

2020-12-22 18:12:55 - [MESSAGE][PASSED] - Text 'UDF Data 2' is set on object 'Object Repository/VLink/Page_CCSale/txt_UDF2'

2020-12-22 18:12:55 - [MESSAGE][PASSED] - Object 'Object Repository/VLink/Page_CCSale/txt_UDF3' is present

2020-12-22 18:12:56 - [MESSAGE][PASSED] - Text 'UDF Data 3' is set on object 'Object Repository/VLink/Page_CCSale/txt_UDF3'

2020-12-22 18:12:56 - [MESSAGE][PASSED] - Object 'Object Repository/VLink/Page_CCSale/txt_UDF4' is present

2020-12-22 18:12:57 - [MESSAGE][PASSED] - Text 'UDF Data 4' is set on object 'Object Repository/VLink/Page_CCSale/txt_UDF4'

2020-12-22 18:12:57 - [MESSAGE][PASSED] - Object 'Object Repository/VLink/Page_CCSale/txt_UDF5' is present

2020-12-22 18:12:58 - [MESSAGE][PASSED] - Text 'UDF Data 5' is set on object 'Object Repository/VLink/Page_CCSale/txt_UDF5'

2020-12-22 18:12:58 - [MESSAGE][PASSED] - Object 'Object Repository/VLink/Page_CCSale/txt_UDF6' is present

2020-12-22 18:12:59 - [MESSAGE][PASSED] - Text 'UDF Data 6' is set on object 'Object Repository/VLink/Page_CCSale/txt_UDF6'

2020-12-22 18:12:59 - [MESSAGE][PASSED] - Object 'Object Repository/VLink/Page_CCSale/txt_UDF7' is present

2020-12-22 18:13:00 - [MESSAGE][PASSED] - Text 'UDF Data 7' is set on object 'Object Repository/VLink/Page_CCSale/txt_UDF7'

2020-12-22 18:13:00 - [MESSAGE][PASSED] - Object 'Object Repository/VLink/Page_CCSale/txt_UDF8' is present

2020-12-22 18:13:01 - [MESSAGE][PASSED] - Text 'UDF Data 8' is set on object 'Object Repository/VLink/Page_CCSale/txt_UDF8'

2020-12-22 18:13:01 - [MESSAGE][PASSED] - Object 'Object Repository/VLink/Page_CCSale/txt_UDF9' is present

2020-12-22 18:13:02 - [MESSAGE][PASSED] - Text 'UDF Data 9' is set on object 'Object Repository/VLink/Page_CCSale/txt_UDF9'

2020-12-22 18:13:02 - [MESSAGE][PASSED] - Object 'Object Repository/VLink/Page_CCSale/txt_UDF10' is present

2020-12-22 18:13:03 - [MESSAGE][PASSED] - Text 'UDF Data 10' is set on object 'Object Repository/VLink/Page_CCSale/txt_UDF10'

2020-12-22 18:13:03 - [MESSAGE][PASSED] - Object 'Object Repository/VLink/Page_CCSale/txt_CardOnFileIndicator' is present

2020-12-22 18:13:04 - [MESSAGE][PASSED] - Text '1' is set on object 'Object Repository/VLink/Page_CCSale/txt_CardOnFileIndicator'

2020-12-22 18:13:04 - [MESSAGE][PASSED] - Object 'Object Repository/VLink/Page_CCSale/txt_StoredCredentialIndicator' is present

2020-12-22 18:13:05 - [MESSAGE][PASSED] - Text 'Subsequent' is set on object 'Object Repository/VLink/Page_CCSale/txt_StoredCredentialIndicator'

2020-12-22 18:13:05 - [MESSAGE][PASSED] - Object 'Object Repository/VLink/Page_CCSale/txt_COFScheduledIndicator' is present

2020-12-22 18:13:06 - [MESSAGE][PASSED] - Text 'Scheduled' is set on object 'Object Repository/VLink/Page_CCSale/txt_COFScheduledIndicator'

2020-12-22 18:13:06 - [MESSAGE][PASSED] - Object 'Object Repository/VLink/Page_CCSale/txt_COFTransactionInitiatedBy' is present

2020-12-22 18:13:07 - [MESSAGE][PASSED] - Text 'Merchant' is set on object 'Object Repository/VLink/Page_CCSale/txt_COFTransactionInitiatedBy'

2020-12-22 18:13:09 - [MESSAGE][PASSED] - Object: 'Object Repository/VLink/Page_CCSale/btn_ProcessVLinkTransaction' is clicked on

2020-12-22 18:13:14 - [MESSAGE][PASSED] - vlinkPages.saleCCPage.setDataSCC is PASSED

2020-12-22 18:13:14 - [TEST_STEP][PASSED] - if (verifyTextPresent("Transaction approved, no errors", true)): null

2020-12-22 18:13:15 - [MESSAGE][PASSED] - Text 'Transaction approved, no errors' is present on page  using regular expression

2020-12-22 18:13:15 - [TEST_STEP][PASSED] - println("Transaction Approved, no errors text is present on the Confirmation page"): null

2020-12-22 18:13:15 - [TEST_STEP][PASSED] - out.println("Pass Record Number: " + row): null

2020-12-22 18:13:15 - [TEST_STEP][PASSED] - sdfo = getText(findTestObject("Object Repository/Page_VLinkReceipt/pre_STX")): Text of object 'Object Repository/Page_VLinkReceipt/pre_STX' is: '<STX>8LmdQUpv7R3O                  12087989            0  Transaction approved, no errors                   0                                                                                  X OK6770   <ETX>'

2020-12-22 18:13:15 - [MESSAGE][PASSED] - Text of object 'Object Repository/Page_VLinkReceipt/pre_STX' is: '<STX>8LmdQUpv7R3O                  12087989            0  Transaction approved, no errors                   0                                                                                  X OK6770   <ETX>'

2020-12-22 18:13:15 - [TEST_STEP][PASSED] - out.println("sdfo: " + sdfo): null

2020-12-22 18:13:15 - [TEST_STEP][PASSED] - remID = substring(5, 35).trim(): null

2020-12-22 18:13:15 - [TEST_STEP][PASSED] - out.println("Remittance ID: " + remID): null

2020-12-22 18:13:15 - [TEST_STEP][PASSED] - traxID = substring(35, 55).trim(): null

2020-12-22 18:13:15 - [TEST_STEP][PASSED] - out.println("Transaction ID: " + traxID): null

2020-12-22 18:13:15 - [TEST_STEP][PASSED] - out.println("End Record Number: " + row): null

2020-12-22 18:13:15 - [TEST_STEP][PASSED] - closeBrowser(): Browser is closed

2020-12-22 18:13:16 - [MESSAGE][PASSED] - Browser is closed

2020-12-22 18:13:16 - [TEST_STEP][PASSED] - out.println("Begin Record Number: " + row): null

2020-12-22 18:13:16 - [TEST_STEP][PASSED] - openBrowser(VLinkURL + "authcap.html"): Browser is opened with url: 'https://dev-algorithm.govolution.com/vlinktest/QA/version_2_0/authcap.html'

2020-12-22 18:13:16 - [MESSAGE][INFO] - Starting 'Chrome' driver

2020-12-22 18:13:16 - [MESSAGE][INFO] - User set preference: ['acceptInsecureCerts', 'true']

2020-12-22 18:13:16 - [MESSAGE][INFO] - Action delay is set to 0 milliseconds

2020-12-22 18:13:19 - [MESSAGE][PASSED] - Browser is opened with url: 'https://dev-algorithm.govolution.com/vlinktest/QA/version_2_0/authcap.html'

2020-12-22 18:13:19 - [TEST_STEP][PASSED] - maximizeWindow(): Current window maximized

2020-12-22 18:13:19 - [MESSAGE][PASSED] - Current window maximized

2020-12-22 18:13:19 - [TEST_STEP][PASSED] - vlinkPages.saleCCPage.setDataSCC(row, dataFile): vlinkPages.saleCCPage.setDataSCC is PASSED

2020-12-22 18:13:21 - [MESSAGE][PASSED] - Object 'Object Repository/VLink/Page_CCSale/txt_CardNumber' is present

2020-12-22 18:13:21 - [MESSAGE][PASSED] - Object 'Object Repository/VLink/Page_CCSale/txt_TransactionType' is present

2020-12-22 18:13:22 - [MESSAGE][PASSED] - Text '104' is set on object 'Object Repository/VLink/Page_CCSale/txt_TransactionType'

2020-12-22 18:13:22 - [MESSAGE][PASSED] - Object 'Object Repository/VLink/Page_CCSale/txt_MessageVersion' is present

2020-12-22 18:13:23 - [MESSAGE][PASSED] - Text '2.0C' is set on object 'Object Repository/VLink/Page_CCSale/txt_MessageVersion'

2020-12-22 18:13:23 - [MESSAGE][PASSED] - Object 'Object Repository/VLink/Page_CCSale/txt_RemID' is present

2020-12-22 18:13:24 - [MESSAGE][PASSED] - Text 'iuPt6ucBRQFH' is set on object 'Object Repository/VLink/Page_CCSale/txt_RemID'

2020-12-22 18:13:24 - [MESSAGE][PASSED] - Object 'Object Repository/VLink/Page_CCSale/txt_ApplicationId' is present

2020-12-22 18:13:25 - [MESSAGE][PASSED] - Text '665' is set on object 'Object Repository/VLink/Page_CCSale/txt_ApplicationId'

2020-12-22 18:13:25 - [MESSAGE][PASSED] - Object 'Object Repository/VLink/Page_CCSale/txt_Username' is present

2020-12-22 18:13:26 - [MESSAGE][PASSED] - Text 'username' is set on object 'Object Repository/VLink/Page_CCSale/txt_Username'

2020-12-22 18:13:26 - [MESSAGE][PASSED] - Object 'Object Repository/VLink/Page_CCSale/txt_Password' is present

2020-12-22 18:13:27 - [MESSAGE][PASSED] - Text 'password' is set on object 'Object Repository/VLink/Page_CCSale/txt_Password'

2020-12-22 18:13:27 - [MESSAGE][PASSED] - Object 'Object Repository/VLink/Page_CCSale/txt_ResponseFormat' is present

2020-12-22 18:13:28 - [MESSAGE][PASSED] - Text 'fixed_width' is set on object 'Object Repository/VLink/Page_CCSale/txt_ResponseFormat'

2020-12-22 18:13:28 - [MESSAGE][PASSED] - Object 'Object Repository/VLink/Page_CCSale/txt_Category' is present

2020-12-22 18:13:29 - [MESSAGE][PASSED] - Text 'ECOM' is set on object 'Object Repository/VLink/Page_CCSale/txt_Category'

2020-12-22 18:13:29 - [MESSAGE][PASSED] - Object 'Object Repository/VLink/Page_CCSale/txt_TransactionID' is present

2020-12-22 18:13:29 - [MESSAGE][PASSED] - Text '' is set on object 'Object Repository/VLink/Page_CCSale/txt_TransactionID'

2020-12-22 18:13:30 - [MESSAGE][PASSED] - Object 'Object Repository/VLink/Page_CCSale/txt_ApprovalCode' is present

2020-12-22 18:13:30 - [MESSAGE][PASSED] - Text '' is set on object 'Object Repository/VLink/Page_CCSale/txt_ApprovalCode'

2020-12-22 18:13:31 - [MESSAGE][PASSED] - Object 'Object Repository/VLink/Page_CCSale/txt_CardName' is present

2020-12-22 18:13:31 - [MESSAGE][PASSED] - Text 'Roshan Maha' is set on object 'Object Repository/VLink/Page_CCSale/txt_CardName'

2020-12-22 18:13:32 - [MESSAGE][PASSED] - Object 'Object Repository/VLink/Page_CCSale/txt_AL1' is present

2020-12-22 18:13:32 - [MESSAGE][PASSED] - Text '12563 Bazaar road' is set on object 'Object Repository/VLink/Page_CCSale/txt_AL1'

2020-12-22 18:13:32 - [MESSAGE][PASSED] - Object 'Object Repository/VLink/Page_CCSale/txt_AL2' is present

2020-12-22 18:13:33 - [MESSAGE][PASSED] - Text '' is set on object 'Object Repository/VLink/Page_CCSale/txt_AL2'

2020-12-22 18:13:33 - [MESSAGE][PASSED] - Object 'Object Repository/VLink/Page_CCSale/txt_CardCity' is present

2020-12-22 18:13:34 - [MESSAGE][PASSED] - Text 'Crofton' is set on object 'Object Repository/VLink/Page_CCSale/txt_CardCity'

2020-12-22 18:13:34 - [MESSAGE][PASSED] - Object 'Object Repository/VLink/Page_CCSale/txt_CardState' is present

2020-12-22 18:13:35 - [MESSAGE][PASSED] - Text 'MD' is set on object 'Object Repository/VLink/Page_CCSale/txt_CardState'

2020-12-22 18:13:35 - [MESSAGE][PASSED] - Object 'Object Repository/VLink/Page_CCSale/txt_CardZIP' is present

2020-12-22 18:13:36 - [MESSAGE][PASSED] - Text '21114' is set on object 'Object Repository/VLink/Page_CCSale/txt_CardZIP'

2020-12-22 18:13:36 - [MESSAGE][PASSED] - Object 'Object Repository/VLink/Page_CCSale/txt_CountryID' is present

2020-12-22 18:13:37 - [MESSAGE][PASSED] - Text '' is set on object 'Object Repository/VLink/Page_CCSale/txt_CountryID'

2020-12-22 18:13:37 - [MESSAGE][PASSED] - Object 'Object Repository/VLink/Page_CCSale/txt_Amount' is present

2020-12-22 18:13:38 - [MESSAGE][PASSED] - Text '3.50' is set on object 'Object Repository/VLink/Page_CCSale/txt_Amount'

2020-12-22 18:13:38 - [MESSAGE][PASSED] - Object 'Object Repository/VLink/Page_CCSale/txt_CardNumber' is present

2020-12-22 18:13:39 - [MESSAGE][PASSED] - Text '370000000000002' is set on object 'Object Repository/VLink/Page_CCSale/txt_CardNumber'

2020-12-22 18:13:39 - [MESSAGE][PASSED] - Object 'Object Repository/VLink/Page_CCSale/txt_ExpMonth' is present

2020-12-22 18:13:40 - [MESSAGE][PASSED] - Text '01' is set on object 'Object Repository/VLink/Page_CCSale/txt_ExpMonth'

2020-12-22 18:13:40 - [MESSAGE][PASSED] - Object 'Object Repository/VLink/Page_CCSale/txt_ExpYear' is present

2020-12-22 18:13:41 - [MESSAGE][PASSED] - Text '2026' is set on object 'Object Repository/VLink/Page_CCSale/txt_ExpYear'

2020-12-22 18:13:41 - [MESSAGE][PASSED] - Object 'Object Repository/VLink/Page_CCSale/txt_CVV' is present

2020-12-22 18:13:42 - [MESSAGE][PASSED] - Text '' is set on object 'Object Repository/VLink/Page_CCSale/txt_CVV'

2020-12-22 18:13:42 - [MESSAGE][PASSED] - Object 'Object Repository/VLink/Page_CCSale/txt_CVVstate' is present

2020-12-22 18:13:43 - [MESSAGE][PASSED] - Text '' is set on object 'Object Repository/VLink/Page_CCSale/txt_CVVstate'

2020-12-22 18:13:43 - [MESSAGE][PASSED] - Object 'Object Repository/VLink/Page_CCSale/txt_TrackData' is present

2020-12-22 18:13:44 - [MESSAGE][PASSED] - Text '' is set on object 'Object Repository/VLink/Page_CCSale/txt_TrackData'

2020-12-22 18:13:44 - [MESSAGE][PASSED] - Object 'Object Repository/VLink/Page_CCSale/txt_Track1Data' is present

2020-12-22 18:13:45 - [MESSAGE][PASSED] - Text '' is set on object 'Object Repository/VLink/Page_CCSale/txt_Track1Data'

2020-12-22 18:13:45 - [MESSAGE][PASSED] - Object 'Object Repository/VLink/Page_CCSale/txt_Track2Data' is present

2020-12-22 18:13:46 - [MESSAGE][PASSED] - Text '' is set on object 'Object Repository/VLink/Page_CCSale/txt_Track2Data'

2020-12-22 18:13:46 - [MESSAGE][PASSED] - Object 'Object Repository/VLink/Page_CCSale/txt_POSEntryMode' is present

2020-12-22 18:13:47 - [MESSAGE][PASSED] - Text 'manual' is set on object 'Object Repository/VLink/Page_CCSale/txt_POSEntryMode'

2020-12-22 18:13:47 - [MESSAGE][PASSED] - Object 'Object Repository/VLink/Page_CCSale/txt_Email' is present

2020-12-22 18:13:48 - [MESSAGE][PASSED] - Text '' is set on object 'Object Repository/VLink/Page_CCSale/txt_Email'

2020-12-22 18:13:48 - [MESSAGE][PASSED] - Object 'Object Repository/VLink/Page_CCSale/txt_OrderNumber' is present

2020-12-22 18:13:49 - [MESSAGE][PASSED] - Text '' is set on object 'Object Repository/VLink/Page_CCSale/txt_OrderNumber'

2020-12-22 18:13:49 - [MESSAGE][PASSED] - Object 'Object Repository/VLink/Page_CCSale/txt_TaxAmount' is present

2020-12-22 18:13:50 - [MESSAGE][PASSED] - Text '' is set on object 'Object Repository/VLink/Page_CCSale/txt_TaxAmount'

2020-12-22 18:13:50 - [MESSAGE][PASSED] - Object 'Object Repository/VLink/Page_CCSale/txt_ChargeDescription' is present

2020-12-22 18:13:51 - [MESSAGE][PASSED] - Text '' is set on object 'Object Repository/VLink/Page_CCSale/txt_ChargeDescription'

2020-12-22 18:13:51 - [MESSAGE][PASSED] - Object 'Object Repository/VLink/Page_CCSale/txt_CAN' is present

2020-12-22 18:13:52 - [MESSAGE][PASSED] - Text '' is set on object 'Object Repository/VLink/Page_CCSale/txt_CAN'

2020-12-22 18:13:52 - [MESSAGE][PASSED] - Object 'Object Repository/VLink/Page_CCSale/txt_BillPaymentIndicator' is present

2020-12-22 18:13:53 - [MESSAGE][PASSED] - Text '' is set on object 'Object Repository/VLink/Page_CCSale/txt_BillPaymentIndicator'

2020-12-22 18:13:53 - [MESSAGE][PASSED] - Object 'Object Repository/VLink/Page_CCSale/txt_UDF1' is present

2020-12-22 18:13:54 - [MESSAGE][PASSED] - Text '' is set on object 'Object Repository/VLink/Page_CCSale/txt_UDF1'

2020-12-22 18:13:54 - [MESSAGE][PASSED] - Object 'Object Repository/VLink/Page_CCSale/txt_UDF2' is present

2020-12-22 18:13:55 - [MESSAGE][PASSED] - Text '' is set on object 'Object Repository/VLink/Page_CCSale/txt_UDF2'

2020-12-22 18:13:55 - [MESSAGE][PASSED] - Object 'Object Repository/VLink/Page_CCSale/txt_UDF3' is present

2020-12-22 18:13:56 - [MESSAGE][PASSED] - Text '' is set on object 'Object Repository/VLink/Page_CCSale/txt_UDF3'

2020-12-22 18:13:56 - [MESSAGE][PASSED] - Object 'Object Repository/VLink/Page_CCSale/txt_UDF4' is present

2020-12-22 18:13:57 - [MESSAGE][PASSED] - Text '' is set on object 'Object Repository/VLink/Page_CCSale/txt_UDF4'

2020-12-22 18:13:57 - [MESSAGE][PASSED] - Object 'Object Repository/VLink/Page_CCSale/txt_UDF5' is present

2020-12-22 18:13:58 - [MESSAGE][PASSED] - Text '' is set on object 'Object Repository/VLink/Page_CCSale/txt_UDF5'

2020-12-22 18:13:58 - [MESSAGE][PASSED] - Object 'Object Repository/VLink/Page_CCSale/txt_UDF6' is present

2020-12-22 18:13:59 - [MESSAGE][PASSED] - Text '' is set on object 'Object Repository/VLink/Page_CCSale/txt_UDF6'

2020-12-22 18:13:59 - [MESSAGE][PASSED] - Object 'Object Repository/VLink/Page_CCSale/txt_UDF7' is present

2020-12-22 18:14:00 - [MESSAGE][PASSED] - Text '' is set on object 'Object Repository/VLink/Page_CCSale/txt_UDF7'

2020-12-22 18:14:00 - [MESSAGE][PASSED] - Object 'Object Repository/VLink/Page_CCSale/txt_UDF8' is present

2020-12-22 18:14:01 - [MESSAGE][PASSED] - Text '' is set on object 'Object Repository/VLink/Page_CCSale/txt_UDF8'

2020-12-22 18:14:01 - [MESSAGE][PASSED] - Object 'Object Repository/VLink/Page_CCSale/txt_UDF9' is present

2020-12-22 18:14:02 - [MESSAGE][PASSED] - Text '' is set on object 'Object Repository/VLink/Page_CCSale/txt_UDF9'

2020-12-22 18:14:02 - [MESSAGE][PASSED] - Object 'Object Repository/VLink/Page_CCSale/txt_UDF10' is present

2020-12-22 18:14:03 - [MESSAGE][PASSED] - Text '' is set on object 'Object Repository/VLink/Page_CCSale/txt_UDF10'

2020-12-22 18:14:03 - [MESSAGE][PASSED] - Object 'Object Repository/VLink/Page_CCSale/txt_CardOnFileIndicator' is present

2020-12-22 18:14:03 - [MESSAGE][PASSED] - Text '1' is set on object 'Object Repository/VLink/Page_CCSale/txt_CardOnFileIndicator'

2020-12-22 18:14:04 - [MESSAGE][PASSED] - Object 'Object Repository/VLink/Page_CCSale/txt_StoredCredentialIndicator' is present

2020-12-22 18:14:05 - [MESSAGE][PASSED] - Text 'Subsequent' is set on object 'Object Repository/VLink/Page_CCSale/txt_StoredCredentialIndicator'

2020-12-22 18:14:05 - [MESSAGE][PASSED] - Object 'Object Repository/VLink/Page_CCSale/txt_COFScheduledIndicator' is present

2020-12-22 18:14:06 - [MESSAGE][PASSED] - Text 'Scheduled' is set on object 'Object Repository/VLink/Page_CCSale/txt_COFScheduledIndicator'

2020-12-22 18:14:06 - [MESSAGE][PASSED] - Object 'Object Repository/VLink/Page_CCSale/txt_COFTransactionInitiatedBy' is present

2020-12-22 18:14:07 - [MESSAGE][PASSED] - Text 'Merchant' is set on object 'Object Repository/VLink/Page_CCSale/txt_COFTransactionInitiatedBy'

2020-12-22 18:14:09 - [MESSAGE][PASSED] - Object: 'Object Repository/VLink/Page_CCSale/btn_ProcessVLinkTransaction' is clicked on

2020-12-22 18:14:14 - [MESSAGE][PASSED] - vlinkPages.saleCCPage.setDataSCC is PASSED

2020-12-22 18:14:14 - [TEST_STEP][PASSED] - if (verifyTextPresent("Transaction approved, no errors", true)): null

2020-12-22 18:14:14 - [MESSAGE][PASSED] - Text 'Transaction approved, no errors' is present on page  using regular expression

2020-12-22 18:14:14 - [TEST_STEP][PASSED] - println("Transaction Approved, no errors text is present on the Confirmation page"): null

2020-12-22 18:14:14 - [TEST_STEP][PASSED] - out.println("Pass Record Number: " + row): null

2020-12-22 18:14:14 - [TEST_STEP][PASSED] - sdfo = getText(findTestObject("Object Repository/Page_VLinkReceipt/pre_STX")): Text of object 'Object Repository/Page_VLinkReceipt/pre_STX' is: '<STX>iuPt6ucBRQFH                  12087990            0  Transaction approved, no errors                   0                                                                                  X OK6880   <ETX>'

2020-12-22 18:14:15 - [MESSAGE][PASSED] - Text of object 'Object Repository/Page_VLinkReceipt/pre_STX' is: '<STX>iuPt6ucBRQFH                  12087990            0  Transaction approved, no errors                   0                                                                                  X OK6880   <ETX>'

2020-12-22 18:14:15 - [TEST_STEP][PASSED] - out.println("sdfo: " + sdfo): null

2020-12-22 18:14:15 - [TEST_STEP][PASSED] - remID = substring(5, 35).trim(): null

2020-12-22 18:14:15 - [TEST_STEP][PASSED] - out.println("Remittance ID: " + remID): null

2020-12-22 18:14:15 - [TEST_STEP][PASSED] - traxID = substring(35, 55).trim(): null

2020-12-22 18:14:15 - [TEST_STEP][PASSED] - out.println("Transaction ID: " + traxID): null

2020-12-22 18:14:15 - [TEST_STEP][PASSED] - out.println("End Record Number: " + row): null

2020-12-22 18:14:15 - [TEST_STEP][PASSED] - closeBrowser(): Browser is closed

2020-12-22 18:14:15 - [MESSAGE][PASSED] - Browser is closed

2020-12-22 18:14:15 - [TEST_STEP][PASSED] - out.println("Begin Record Number: " + row): null

2020-12-22 18:14:15 - [TEST_STEP][PASSED] - openBrowser(VLinkURL + "authcap.html"): Browser is opened with url: 'https://dev-algorithm.govolution.com/vlinktest/QA/version_2_0/authcap.html'

2020-12-22 18:14:15 - [MESSAGE][INFO] - Starting 'Chrome' driver

2020-12-22 18:14:15 - [MESSAGE][INFO] - User set preference: ['acceptInsecureCerts', 'true']

2020-12-22 18:14:15 - [MESSAGE][INFO] - Action delay is set to 0 milliseconds

2020-12-22 18:14:20 - [MESSAGE][PASSED] - Browser is opened with url: 'https://dev-algorithm.govolution.com/vlinktest/QA/version_2_0/authcap.html'

2020-12-22 18:14:20 - [TEST_STEP][PASSED] - maximizeWindow(): Current window maximized

2020-12-22 18:14:20 - [MESSAGE][PASSED] - Current window maximized

2020-12-22 18:14:20 - [TEST_STEP][PASSED] - vlinkPages.saleCCPage.setDataSCC(row, dataFile): vlinkPages.saleCCPage.setDataSCC is PASSED

2020-12-22 18:14:21 - [MESSAGE][PASSED] - Object 'Object Repository/VLink/Page_CCSale/txt_CardNumber' is present

2020-12-22 18:14:21 - [MESSAGE][PASSED] - Object 'Object Repository/VLink/Page_CCSale/txt_TransactionType' is present

2020-12-22 18:14:22 - [MESSAGE][PASSED] - Text '104' is set on object 'Object Repository/VLink/Page_CCSale/txt_TransactionType'

2020-12-22 18:14:22 - [MESSAGE][PASSED] - Object 'Object Repository/VLink/Page_CCSale/txt_MessageVersion' is present

2020-12-22 18:14:23 - [MESSAGE][PASSED] - Text '2.0C' is set on object 'Object Repository/VLink/Page_CCSale/txt_MessageVersion'

2020-12-22 18:14:23 - [MESSAGE][PASSED] - Object 'Object Repository/VLink/Page_CCSale/txt_RemID' is present

2020-12-22 18:14:24 - [MESSAGE][PASSED] - Text 'vbIW9UNKWdkR' is set on object 'Object Repository/VLink/Page_CCSale/txt_RemID'

2020-12-22 18:14:24 - [MESSAGE][PASSED] - Object 'Object Repository/VLink/Page_CCSale/txt_ApplicationId' is present

2020-12-22 18:14:25 - [MESSAGE][PASSED] - Text '665' is set on object 'Object Repository/VLink/Page_CCSale/txt_ApplicationId'

2020-12-22 18:14:25 - [MESSAGE][PASSED] - Object 'Object Repository/VLink/Page_CCSale/txt_Username' is present

2020-12-22 18:14:26 - [MESSAGE][PASSED] - Text 'username' is set on object 'Object Repository/VLink/Page_CCSale/txt_Username'

2020-12-22 18:14:26 - [MESSAGE][PASSED] - Object 'Object Repository/VLink/Page_CCSale/txt_Password' is present

2020-12-22 18:14:26 - [MESSAGE][PASSED] - Text 'password' is set on object 'Object Repository/VLink/Page_CCSale/txt_Password'

2020-12-22 18:14:27 - [MESSAGE][PASSED] - Object 'Object Repository/VLink/Page_CCSale/txt_ResponseFormat' is present

2020-12-22 18:14:27 - [MESSAGE][PASSED] - Text 'fixed_width' is set on object 'Object Repository/VLink/Page_CCSale/txt_ResponseFormat'

2020-12-22 18:14:28 - [MESSAGE][PASSED] - Object 'Object Repository/VLink/Page_CCSale/txt_Category' is present

2020-12-22 18:14:28 - [MESSAGE][PASSED] - Text 'ECOM' is set on object 'Object Repository/VLink/Page_CCSale/txt_Category'

2020-12-22 18:14:28 - [MESSAGE][PASSED] - Object 'Object Repository/VLink/Page_CCSale/txt_TransactionID' is present

2020-12-22 18:14:29 - [MESSAGE][PASSED] - Text '' is set on object 'Object Repository/VLink/Page_CCSale/txt_TransactionID'

2020-12-22 18:14:29 - [MESSAGE][PASSED] - Object 'Object Repository/VLink/Page_CCSale/txt_ApprovalCode' is present

2020-12-22 18:14:30 - [MESSAGE][PASSED] - Text '' is set on object 'Object Repository/VLink/Page_CCSale/txt_ApprovalCode'

2020-12-22 18:14:30 - [MESSAGE][PASSED] - Object 'Object Repository/VLink/Page_CCSale/txt_CardName' is present

2020-12-22 18:14:31 - [MESSAGE][PASSED] - Text 'Kris Roshan' is set on object 'Object Repository/VLink/Page_CCSale/txt_CardName'

2020-12-22 18:14:31 - [MESSAGE][PASSED] - Object 'Object Repository/VLink/Page_CCSale/txt_AL1' is present

2020-12-22 18:14:32 - [MESSAGE][PASSED] - Text '258 Elm Road' is set on object 'Object Repository/VLink/Page_CCSale/txt_AL1'

2020-12-22 18:14:32 - [MESSAGE][PASSED] - Object 'Object Repository/VLink/Page_CCSale/txt_AL2' is present

2020-12-22 18:14:33 - [MESSAGE][PASSED] - Text 'Suite 56' is set on object 'Object Repository/VLink/Page_CCSale/txt_AL2'

2020-12-22 18:14:33 - [MESSAGE][PASSED] - Object 'Object Repository/VLink/Page_CCSale/txt_CardCity' is present

2020-12-22 18:14:34 - [MESSAGE][PASSED] - Text 'Arlington' is set on object 'Object Repository/VLink/Page_CCSale/txt_CardCity'

2020-12-22 18:14:34 - [MESSAGE][PASSED] - Object 'Object Repository/VLink/Page_CCSale/txt_CardState' is present

2020-12-22 18:14:35 - [MESSAGE][PASSED] - Text 'VA' is set on object 'Object Repository/VLink/Page_CCSale/txt_CardState'

2020-12-22 18:14:35 - [MESSAGE][PASSED] - Object 'Object Repository/VLink/Page_CCSale/txt_CardZIP' is present

2020-12-22 18:14:36 - [MESSAGE][PASSED] - Text '22201' is set on object 'Object Repository/VLink/Page_CCSale/txt_CardZIP'

2020-12-22 18:14:36 - [MESSAGE][PASSED] - Object 'Object Repository/VLink/Page_CCSale/txt_CountryID' is present

2020-12-22 18:14:37 - [MESSAGE][PASSED] - Text '840' is set on object 'Object Repository/VLink/Page_CCSale/txt_CountryID'

2020-12-22 18:14:37 - [MESSAGE][PASSED] - Object 'Object Repository/VLink/Page_CCSale/txt_Amount' is present

2020-12-22 18:14:38 - [MESSAGE][PASSED] - Text '1.50' is set on object 'Object Repository/VLink/Page_CCSale/txt_Amount'

2020-12-22 18:14:38 - [MESSAGE][PASSED] - Object 'Object Repository/VLink/Page_CCSale/txt_CardNumber' is present

2020-12-22 18:14:39 - [MESSAGE][PASSED] - Text '6011000000000004' is set on object 'Object Repository/VLink/Page_CCSale/txt_CardNumber'

2020-12-22 18:14:39 - [MESSAGE][PASSED] - Object 'Object Repository/VLink/Page_CCSale/txt_ExpMonth' is present

2020-12-22 18:14:40 - [MESSAGE][PASSED] - Text '12' is set on object 'Object Repository/VLink/Page_CCSale/txt_ExpMonth'

2020-12-22 18:14:40 - [MESSAGE][PASSED] - Object 'Object Repository/VLink/Page_CCSale/txt_ExpYear' is present

2020-12-22 18:14:41 - [MESSAGE][PASSED] - Text '2025' is set on object 'Object Repository/VLink/Page_CCSale/txt_ExpYear'

2020-12-22 18:14:41 - [MESSAGE][PASSED] - Object 'Object Repository/VLink/Page_CCSale/txt_CVV' is present

2020-12-22 18:14:42 - [MESSAGE][PASSED] - Text '' is set on object 'Object Repository/VLink/Page_CCSale/txt_CVV'

2020-12-22 18:14:42 - [MESSAGE][PASSED] - Object 'Object Repository/VLink/Page_CCSale/txt_CVVstate' is present

2020-12-22 18:14:43 - [MESSAGE][PASSED] - Text '' is set on object 'Object Repository/VLink/Page_CCSale/txt_CVVstate'

2020-12-22 18:14:43 - [MESSAGE][PASSED] - Object 'Object Repository/VLink/Page_CCSale/txt_TrackData' is present

2020-12-22 18:14:44 - [MESSAGE][PASSED] - Text '' is set on object 'Object Repository/VLink/Page_CCSale/txt_TrackData'

2020-12-22 18:14:44 - [MESSAGE][PASSED] - Object 'Object Repository/VLink/Page_CCSale/txt_Track1Data' is present

2020-12-22 18:14:45 - [MESSAGE][PASSED] - Text '' is set on object 'Object Repository/VLink/Page_CCSale/txt_Track1Data'

2020-12-22 18:14:45 - [MESSAGE][PASSED] - Object 'Object Repository/VLink/Page_CCSale/txt_Track2Data' is present

2020-12-22 18:14:46 - [MESSAGE][PASSED] - Text '' is set on object 'Object Repository/VLink/Page_CCSale/txt_Track2Data'

2020-12-22 18:14:46 - [MESSAGE][PASSED] - Object 'Object Repository/VLink/Page_CCSale/txt_POSEntryMode' is present

2020-12-22 18:14:47 - [MESSAGE][PASSED] - Text 'manual' is set on object 'Object Repository/VLink/Page_CCSale/txt_POSEntryMode'

2020-12-22 18:14:47 - [MESSAGE][PASSED] - Object 'Object Repository/VLink/Page_CCSale/txt_Email' is present

2020-12-22 18:14:48 - [MESSAGE][PASSED] - Text 'iahmed@govolution.com' is set on object 'Object Repository/VLink/Page_CCSale/txt_Email'

2020-12-22 18:14:48 - [MESSAGE][PASSED] - Object 'Object Repository/VLink/Page_CCSale/txt_OrderNumber' is present

2020-12-22 18:14:49 - [MESSAGE][PASSED] - Text '2569362' is set on object 'Object Repository/VLink/Page_CCSale/txt_OrderNumber'

2020-12-22 18:14:49 - [MESSAGE][PASSED] - Object 'Object Repository/VLink/Page_CCSale/txt_TaxAmount' is present

2020-12-22 18:14:50 - [MESSAGE][PASSED] - Text '1.15' is set on object 'Object Repository/VLink/Page_CCSale/txt_TaxAmount'

2020-12-22 18:14:50 - [MESSAGE][PASSED] - Object 'Object Repository/VLink/Page_CCSale/txt_ChargeDescription' is present

2020-12-22 18:14:51 - [MESSAGE][PASSED] - Text 'Charge Description' is set on object 'Object Repository/VLink/Page_CCSale/txt_ChargeDescription'

2020-12-22 18:14:51 - [MESSAGE][PASSED] - Object 'Object Repository/VLink/Page_CCSale/txt_CAN' is present

2020-12-22 18:14:52 - [MESSAGE][PASSED] - Text '147357' is set on object 'Object Repository/VLink/Page_CCSale/txt_CAN'

2020-12-22 18:14:52 - [MESSAGE][PASSED] - Object 'Object Repository/VLink/Page_CCSale/txt_BillPaymentIndicator' is present

2020-12-22 18:14:53 - [MESSAGE][PASSED] - Text '1' is set on object 'Object Repository/VLink/Page_CCSale/txt_BillPaymentIndicator'

2020-12-22 18:14:53 - [MESSAGE][PASSED] - Object 'Object Repository/VLink/Page_CCSale/txt_UDF1' is present

2020-12-22 18:14:54 - [MESSAGE][PASSED] - Text 'UDF Data 1' is set on object 'Object Repository/VLink/Page_CCSale/txt_UDF1'

2020-12-22 18:14:54 - [MESSAGE][PASSED] - Object 'Object Repository/VLink/Page_CCSale/txt_UDF2' is present

2020-12-22 18:14:55 - [MESSAGE][PASSED] - Text 'UDF Data 2' is set on object 'Object Repository/VLink/Page_CCSale/txt_UDF2'

2020-12-22 18:14:55 - [MESSAGE][PASSED] - Object 'Object Repository/VLink/Page_CCSale/txt_UDF3' is present

2020-12-22 18:14:56 - [MESSAGE][PASSED] - Text 'UDF Data 3' is set on object 'Object Repository/VLink/Page_CCSale/txt_UDF3'

2020-12-22 18:14:56 - [MESSAGE][PASSED] - Object 'Object Repository/VLink/Page_CCSale/txt_UDF4' is present

2020-12-22 18:14:57 - [MESSAGE][PASSED] - Text 'UDF Data 4' is set on object 'Object Repository/VLink/Page_CCSale/txt_UDF4'

2020-12-22 18:14:57 - [MESSAGE][PASSED] - Object 'Object Repository/VLink/Page_CCSale/txt_UDF5' is present

2020-12-22 18:14:58 - [MESSAGE][PASSED] - Text 'UDF Data 5' is set on object 'Object Repository/VLink/Page_CCSale/txt_UDF5'

2020-12-22 18:14:58 - [MESSAGE][PASSED] - Object 'Object Repository/VLink/Page_CCSale/txt_UDF6' is present

2020-12-22 18:14:59 - [MESSAGE][PASSED] - Text 'UDF Data 6' is set on object 'Object Repository/VLink/Page_CCSale/txt_UDF6'

2020-12-22 18:14:59 - [MESSAGE][PASSED] - Object 'Object Repository/VLink/Page_CCSale/txt_UDF7' is present

2020-12-22 18:15:00 - [MESSAGE][PASSED] - Text 'UDF Data 7' is set on object 'Object Repository/VLink/Page_CCSale/txt_UDF7'

2020-12-22 18:15:01 - [MESSAGE][PASSED] - Object 'Object Repository/VLink/Page_CCSale/txt_UDF8' is present

2020-12-22 18:15:01 - [MESSAGE][PASSED] - Text 'UDF Data 8' is set on object 'Object Repository/VLink/Page_CCSale/txt_UDF8'

2020-12-22 18:15:02 - [MESSAGE][PASSED] - Object 'Object Repository/VLink/Page_CCSale/txt_UDF9' is present

2020-12-22 18:15:02 - [MESSAGE][PASSED] - Text 'UDF Data 9' is set on object 'Object Repository/VLink/Page_CCSale/txt_UDF9'

2020-12-22 18:15:03 - [MESSAGE][PASSED] - Object 'Object Repository/VLink/Page_CCSale/txt_UDF10' is present

2020-12-22 18:15:03 - [MESSAGE][PASSED] - Text 'UDF Data 10' is set on object 'Object Repository/VLink/Page_CCSale/txt_UDF10'

2020-12-22 18:15:04 - [MESSAGE][PASSED] - Object 'Object Repository/VLink/Page_CCSale/txt_CardOnFileIndicator' is present

2020-12-22 18:15:04 - [MESSAGE][PASSED] - Text '1' is set on object 'Object Repository/VLink/Page_CCSale/txt_CardOnFileIndicator'

2020-12-22 18:15:05 - [MESSAGE][PASSED] - Object 'Object Repository/VLink/Page_CCSale/txt_StoredCredentialIndicator' is present

2020-12-22 18:15:05 - [MESSAGE][PASSED] - Text 'Subsequent' is set on object 'Object Repository/VLink/Page_CCSale/txt_StoredCredentialIndicator'

2020-12-22 18:15:06 - [MESSAGE][PASSED] - Object 'Object Repository/VLink/Page_CCSale/txt_COFScheduledIndicator' is present

2020-12-22 18:15:06 - [MESSAGE][PASSED] - Text 'Scheduled' is set on object 'Object Repository/VLink/Page_CCSale/txt_COFScheduledIndicator'

2020-12-22 18:15:07 - [MESSAGE][PASSED] - Object 'Object Repository/VLink/Page_CCSale/txt_COFTransactionInitiatedBy' is present

2020-12-22 18:15:07 - [MESSAGE][PASSED] - Text 'Merchant' is set on object 'Object Repository/VLink/Page_CCSale/txt_COFTransactionInitiatedBy'

2020-12-22 18:15:10 - [MESSAGE][PASSED] - Object: 'Object Repository/VLink/Page_CCSale/btn_ProcessVLinkTransaction' is clicked on

2020-12-22 18:15:15 - [MESSAGE][PASSED] - vlinkPages.saleCCPage.setDataSCC is PASSED

2020-12-22 18:15:15 - [TEST_STEP][PASSED] - if (verifyTextPresent("Transaction approved, no errors", true)): null

2020-12-22 18:15:15 - [MESSAGE][PASSED] - Text 'Transaction approved, no errors' is present on page  using regular expression

2020-12-22 18:15:15 - [TEST_STEP][PASSED] - println("Transaction Approved, no errors text is present on the Confirmation page"): null

2020-12-22 18:15:15 - [TEST_STEP][PASSED] - out.println("Pass Record Number: " + row): null

2020-12-22 18:15:15 - [TEST_STEP][PASSED] - sdfo = getText(findTestObject("Object Repository/Page_VLinkReceipt/pre_STX")): Text of object 'Object Repository/Page_VLinkReceipt/pre_STX' is: '<STX>vbIW9UNKWdkR                  12087991            0  Transaction approved, no errors                   0                                                                                  X OK6990   <ETX>'

2020-12-22 18:15:15 - [MESSAGE][PASSED] - Text of object 'Object Repository/Page_VLinkReceipt/pre_STX' is: '<STX>vbIW9UNKWdkR                  12087991            0  Transaction approved, no errors                   0                                                                                  X OK6990   <ETX>'

2020-12-22 18:15:15 - [TEST_STEP][PASSED] - out.println("sdfo: " + sdfo): null

2020-12-22 18:15:15 - [TEST_STEP][PASSED] - remID = substring(5, 35).trim(): null

2020-12-22 18:15:15 - [TEST_STEP][PASSED] - out.println("Remittance ID: " + remID): null

2020-12-22 18:15:15 - [TEST_STEP][PASSED] - traxID = substring(35, 55).trim(): null

2020-12-22 18:15:15 - [TEST_STEP][PASSED] - out.println("Transaction ID: " + traxID): null

2020-12-22 18:15:15 - [TEST_STEP][PASSED] - out.println("End Record Number: " + row): null

2020-12-22 18:15:15 - [TEST_STEP][PASSED] - closeBrowser(): Browser is closed

2020-12-22 18:15:16 - [MESSAGE][PASSED] - Browser is closed

2020-12-22 18:15:16 - [TEST_STEP][PASSED] - out.println("Begin Record Number: " + row): null

2020-12-22 18:15:16 - [TEST_STEP][PASSED] - openBrowser(VLinkURL + "authcap.html"): Browser is opened with url: 'https://dev-algorithm.govolution.com/vlinktest/QA/version_2_0/authcap.html'

2020-12-22 18:15:16 - [MESSAGE][INFO] - Starting 'Chrome' driver

2020-12-22 18:15:16 - [MESSAGE][INFO] - User set preference: ['acceptInsecureCerts', 'true']

2020-12-22 18:15:16 - [MESSAGE][INFO] - Action delay is set to 0 milliseconds

2020-12-22 18:15:20 - [MESSAGE][PASSED] - Browser is opened with url: 'https://dev-algorithm.govolution.com/vlinktest/QA/version_2_0/authcap.html'

2020-12-22 18:15:20 - [TEST_STEP][PASSED] - maximizeWindow(): Current window maximized

2020-12-22 18:15:20 - [MESSAGE][PASSED] - Current window maximized

2020-12-22 18:15:20 - [TEST_STEP][PASSED] - vlinkPages.saleCCPage.setDataSCC(row, dataFile): vlinkPages.saleCCPage.setDataSCC is PASSED

2020-12-22 18:15:21 - [MESSAGE][PASSED] - Object 'Object Repository/VLink/Page_CCSale/txt_CardNumber' is present

2020-12-22 18:15:22 - [MESSAGE][PASSED] - Object 'Object Repository/VLink/Page_CCSale/txt_TransactionType' is present

2020-12-22 18:15:22 - [MESSAGE][PASSED] - Text '104' is set on object 'Object Repository/VLink/Page_CCSale/txt_TransactionType'

2020-12-22 18:15:22 - [MESSAGE][PASSED] - Object 'Object Repository/VLink/Page_CCSale/txt_MessageVersion' is present

2020-12-22 18:15:23 - [MESSAGE][PASSED] - Text '2.0C' is set on object 'Object Repository/VLink/Page_CCSale/txt_MessageVersion'

2020-12-22 18:15:23 - [MESSAGE][PASSED] - Object 'Object Repository/VLink/Page_CCSale/txt_RemID' is present

2020-12-22 18:15:24 - [MESSAGE][PASSED] - Text 'PN90F4iB82lm' is set on object 'Object Repository/VLink/Page_CCSale/txt_RemID'

2020-12-22 18:15:24 - [MESSAGE][PASSED] - Object 'Object Repository/VLink/Page_CCSale/txt_ApplicationId' is present

2020-12-22 18:15:25 - [MESSAGE][PASSED] - Text '665' is set on object 'Object Repository/VLink/Page_CCSale/txt_ApplicationId'

2020-12-22 18:15:25 - [MESSAGE][PASSED] - Object 'Object Repository/VLink/Page_CCSale/txt_Username' is present

2020-12-22 18:15:26 - [MESSAGE][PASSED] - Text 'username' is set on object 'Object Repository/VLink/Page_CCSale/txt_Username'

2020-12-22 18:15:26 - [MESSAGE][PASSED] - Object 'Object Repository/VLink/Page_CCSale/txt_Password' is present

2020-12-22 18:15:27 - [MESSAGE][PASSED] - Text 'password' is set on object 'Object Repository/VLink/Page_CCSale/txt_Password'

2020-12-22 18:15:27 - [MESSAGE][PASSED] - Object 'Object Repository/VLink/Page_CCSale/txt_ResponseFormat' is present

2020-12-22 18:15:28 - [MESSAGE][PASSED] - Text 'fixed_width' is set on object 'Object Repository/VLink/Page_CCSale/txt_ResponseFormat'

2020-12-22 18:15:28 - [MESSAGE][PASSED] - Object 'Object Repository/VLink/Page_CCSale/txt_Category' is present

2020-12-22 18:15:29 - [MESSAGE][PASSED] - Text 'MOTO' is set on object 'Object Repository/VLink/Page_CCSale/txt_Category'

2020-12-22 18:15:29 - [MESSAGE][PASSED] - Object 'Object Repository/VLink/Page_CCSale/txt_TransactionID' is present

2020-12-22 18:15:30 - [MESSAGE][PASSED] - Text '' is set on object 'Object Repository/VLink/Page_CCSale/txt_TransactionID'

2020-12-22 18:15:30 - [MESSAGE][PASSED] - Object 'Object Repository/VLink/Page_CCSale/txt_ApprovalCode' is present

2020-12-22 18:15:31 - [MESSAGE][PASSED] - Text '' is set on object 'Object Repository/VLink/Page_CCSale/txt_ApprovalCode'

2020-12-22 18:15:31 - [MESSAGE][PASSED] - Object 'Object Repository/VLink/Page_CCSale/txt_CardName' is present

2020-12-22 18:15:32 - [MESSAGE][PASSED] - Text 'Roshan Maha' is set on object 'Object Repository/VLink/Page_CCSale/txt_CardName'

2020-12-22 18:15:32 - [MESSAGE][PASSED] - Object 'Object Repository/VLink/Page_CCSale/txt_AL1' is present

2020-12-22 18:15:33 - [MESSAGE][PASSED] - Text '12563 Bazaar road' is set on object 'Object Repository/VLink/Page_CCSale/txt_AL1'

2020-12-22 18:15:33 - [MESSAGE][PASSED] - Object 'Object Repository/VLink/Page_CCSale/txt_AL2' is present

2020-12-22 18:15:34 - [MESSAGE][PASSED] - Text '' is set on object 'Object Repository/VLink/Page_CCSale/txt_AL2'

2020-12-22 18:15:34 - [MESSAGE][PASSED] - Object 'Object Repository/VLink/Page_CCSale/txt_CardCity' is present

2020-12-22 18:15:35 - [MESSAGE][PASSED] - Text 'Crofton' is set on object 'Object Repository/VLink/Page_CCSale/txt_CardCity'

2020-12-22 18:15:35 - [MESSAGE][PASSED] - Object 'Object Repository/VLink/Page_CCSale/txt_CardState' is present

2020-12-22 18:15:36 - [MESSAGE][PASSED] - Text 'MD' is set on object 'Object Repository/VLink/Page_CCSale/txt_CardState'

2020-12-22 18:15:36 - [MESSAGE][PASSED] - Object 'Object Repository/VLink/Page_CCSale/txt_CardZIP' is present

2020-12-22 18:15:37 - [MESSAGE][PASSED] - Text '21114' is set on object 'Object Repository/VLink/Page_CCSale/txt_CardZIP'

2020-12-22 18:15:37 - [MESSAGE][PASSED] - Object 'Object Repository/VLink/Page_CCSale/txt_CountryID' is present

2020-12-22 18:15:38 - [MESSAGE][PASSED] - Text '' is set on object 'Object Repository/VLink/Page_CCSale/txt_CountryID'

2020-12-22 18:15:38 - [MESSAGE][PASSED] - Object 'Object Repository/VLink/Page_CCSale/txt_Amount' is present

2020-12-22 18:15:39 - [MESSAGE][PASSED] - Text '3.50' is set on object 'Object Repository/VLink/Page_CCSale/txt_Amount'

2020-12-22 18:15:39 - [MESSAGE][PASSED] - Object 'Object Repository/VLink/Page_CCSale/txt_CardNumber' is present

2020-12-22 18:15:40 - [MESSAGE][PASSED] - Text '4111111111111111' is set on object 'Object Repository/VLink/Page_CCSale/txt_CardNumber'

2020-12-22 18:15:40 - [MESSAGE][PASSED] - Object 'Object Repository/VLink/Page_CCSale/txt_ExpMonth' is present

2020-12-22 18:15:41 - [MESSAGE][PASSED] - Text '01' is set on object 'Object Repository/VLink/Page_CCSale/txt_ExpMonth'

2020-12-22 18:15:41 - [MESSAGE][PASSED] - Object 'Object Repository/VLink/Page_CCSale/txt_ExpYear' is present

2020-12-22 18:15:42 - [MESSAGE][PASSED] - Text '2026' is set on object 'Object Repository/VLink/Page_CCSale/txt_ExpYear'

2020-12-22 18:15:42 - [MESSAGE][PASSED] - Object 'Object Repository/VLink/Page_CCSale/txt_CVV' is present

2020-12-22 18:15:43 - [MESSAGE][PASSED] - Text '' is set on object 'Object Repository/VLink/Page_CCSale/txt_CVV'

2020-12-22 18:15:43 - [MESSAGE][PASSED] - Object 'Object Repository/VLink/Page_CCSale/txt_CVVstate' is present

2020-12-22 18:15:44 - [MESSAGE][PASSED] - Text '' is set on object 'Object Repository/VLink/Page_CCSale/txt_CVVstate'

2020-12-22 18:15:44 - [MESSAGE][PASSED] - Object 'Object Repository/VLink/Page_CCSale/txt_TrackData' is present

2020-12-22 18:15:45 - [MESSAGE][PASSED] - Text '' is set on object 'Object Repository/VLink/Page_CCSale/txt_TrackData'

2020-12-22 18:15:45 - [MESSAGE][PASSED] - Object 'Object Repository/VLink/Page_CCSale/txt_Track1Data' is present

2020-12-22 18:15:46 - [MESSAGE][PASSED] - Text '' is set on object 'Object Repository/VLink/Page_CCSale/txt_Track1Data'

2020-12-22 18:15:46 - [MESSAGE][PASSED] - Object 'Object Repository/VLink/Page_CCSale/txt_Track2Data' is present

2020-12-22 18:15:47 - [MESSAGE][PASSED] - Text '' is set on object 'Object Repository/VLink/Page_CCSale/txt_Track2Data'

2020-12-22 18:15:47 - [MESSAGE][PASSED] - Object 'Object Repository/VLink/Page_CCSale/txt_POSEntryMode' is present

2020-12-22 18:15:48 - [MESSAGE][PASSED] - Text 'manual' is set on object 'Object Repository/VLink/Page_CCSale/txt_POSEntryMode'

2020-12-22 18:15:48 - [MESSAGE][PASSED] - Object 'Object Repository/VLink/Page_CCSale/txt_Email' is present

2020-12-22 18:15:49 - [MESSAGE][PASSED] - Text '' is set on object 'Object Repository/VLink/Page_CCSale/txt_Email'

2020-12-22 18:15:49 - [MESSAGE][PASSED] - Object 'Object Repository/VLink/Page_CCSale/txt_OrderNumber' is present

2020-12-22 18:15:50 - [MESSAGE][PASSED] - Text '' is set on object 'Object Repository/VLink/Page_CCSale/txt_OrderNumber'

2020-12-22 18:15:50 - [MESSAGE][PASSED] - Object 'Object Repository/VLink/Page_CCSale/txt_TaxAmount' is present

2020-12-22 18:15:51 - [MESSAGE][PASSED] - Text '' is set on object 'Object Repository/VLink/Page_CCSale/txt_TaxAmount'

2020-12-22 18:15:51 - [MESSAGE][PASSED] - Object 'Object Repository/VLink/Page_CCSale/txt_ChargeDescription' is present

2020-12-22 18:15:52 - [MESSAGE][PASSED] - Text '' is set on object 'Object Repository/VLink/Page_CCSale/txt_ChargeDescription'

2020-12-22 18:15:52 - [MESSAGE][PASSED] - Object 'Object Repository/VLink/Page_CCSale/txt_CAN' is present

2020-12-22 18:15:53 - [MESSAGE][PASSED] - Text '' is set on object 'Object Repository/VLink/Page_CCSale/txt_CAN'

2020-12-22 18:15:53 - [MESSAGE][PASSED] - Object 'Object Repository/VLink/Page_CCSale/txt_BillPaymentIndicator' is present

2020-12-22 18:15:54 - [MESSAGE][PASSED] - Text '' is set on object 'Object Repository/VLink/Page_CCSale/txt_BillPaymentIndicator'

2020-12-22 18:15:54 - [MESSAGE][PASSED] - Object 'Object Repository/VLink/Page_CCSale/txt_UDF1' is present

2020-12-22 18:15:55 - [MESSAGE][PASSED] - Text '' is set on object 'Object Repository/VLink/Page_CCSale/txt_UDF1'

2020-12-22 18:15:55 - [MESSAGE][PASSED] - Object 'Object Repository/VLink/Page_CCSale/txt_UDF2' is present

2020-12-22 18:15:56 - [MESSAGE][PASSED] - Text '' is set on object 'Object Repository/VLink/Page_CCSale/txt_UDF2'

2020-12-22 18:15:56 - [MESSAGE][PASSED] - Object 'Object Repository/VLink/Page_CCSale/txt_UDF3' is present

2020-12-22 18:15:57 - [MESSAGE][PASSED] - Text '' is set on object 'Object Repository/VLink/Page_CCSale/txt_UDF3'

2020-12-22 18:15:57 - [MESSAGE][PASSED] - Object 'Object Repository/VLink/Page_CCSale/txt_UDF4' is present

2020-12-22 18:15:58 - [MESSAGE][PASSED] - Text '' is set on object 'Object Repository/VLink/Page_CCSale/txt_UDF4'

2020-12-22 18:15:58 - [MESSAGE][PASSED] - Object 'Object Repository/VLink/Page_CCSale/txt_UDF5' is present

2020-12-22 18:15:59 - [MESSAGE][PASSED] - Text '' is set on object 'Object Repository/VLink/Page_CCSale/txt_UDF5'

2020-12-22 18:15:59 - [MESSAGE][PASSED] - Object 'Object Repository/VLink/Page_CCSale/txt_UDF6' is present

2020-12-22 18:16:00 - [MESSAGE][PASSED] - Text '' is set on object 'Object Repository/VLink/Page_CCSale/txt_UDF6'

2020-12-22 18:16:00 - [MESSAGE][PASSED] - Object 'Object Repository/VLink/Page_CCSale/txt_UDF7' is present

2020-12-22 18:16:01 - [MESSAGE][PASSED] - Text '' is set on object 'Object Repository/VLink/Page_CCSale/txt_UDF7'

2020-12-22 18:16:01 - [MESSAGE][PASSED] - Object 'Object Repository/VLink/Page_CCSale/txt_UDF8' is present

2020-12-22 18:16:02 - [MESSAGE][PASSED] - Text '' is set on object 'Object Repository/VLink/Page_CCSale/txt_UDF8'

2020-12-22 18:16:02 - [MESSAGE][PASSED] - Object 'Object Repository/VLink/Page_CCSale/txt_UDF9' is present

2020-12-22 18:16:02 - [MESSAGE][PASSED] - Text '' is set on object 'Object Repository/VLink/Page_CCSale/txt_UDF9'

2020-12-22 18:16:03 - [MESSAGE][PASSED] - Object 'Object Repository/VLink/Page_CCSale/txt_UDF10' is present

2020-12-22 18:16:03 - [MESSAGE][PASSED] - Text '' is set on object 'Object Repository/VLink/Page_CCSale/txt_UDF10'

2020-12-22 18:16:04 - [MESSAGE][PASSED] - Object 'Object Repository/VLink/Page_CCSale/txt_CardOnFileIndicator' is present

2020-12-22 18:16:04 - [MESSAGE][PASSED] - Text '1' is set on object 'Object Repository/VLink/Page_CCSale/txt_CardOnFileIndicator'

2020-12-22 18:16:05 - [MESSAGE][PASSED] - Object 'Object Repository/VLink/Page_CCSale/txt_StoredCredentialIndicator' is present

2020-12-22 18:16:05 - [MESSAGE][PASSED] - Text 'Subsequent' is set on object 'Object Repository/VLink/Page_CCSale/txt_StoredCredentialIndicator'

2020-12-22 18:16:06 - [MESSAGE][PASSED] - Object 'Object Repository/VLink/Page_CCSale/txt_COFScheduledIndicator' is present

2020-12-22 18:16:06 - [MESSAGE][PASSED] - Text 'Scheduled' is set on object 'Object Repository/VLink/Page_CCSale/txt_COFScheduledIndicator'

2020-12-22 18:16:07 - [MESSAGE][PASSED] - Object 'Object Repository/VLink/Page_CCSale/txt_COFTransactionInitiatedBy' is present

2020-12-22 18:16:07 - [MESSAGE][PASSED] - Text 'Merchant' is set on object 'Object Repository/VLink/Page_CCSale/txt_COFTransactionInitiatedBy'

2020-12-22 18:16:10 - [MESSAGE][PASSED] - Object: 'Object Repository/VLink/Page_CCSale/btn_ProcessVLinkTransaction' is clicked on

2020-12-22 18:16:15 - [MESSAGE][PASSED] - vlinkPages.saleCCPage.setDataSCC is PASSED

2020-12-22 18:16:15 - [TEST_STEP][PASSED] - if (verifyTextPresent("Transaction approved, no errors", true)): null

2020-12-22 18:16:15 - [MESSAGE][PASSED] - Text 'Transaction approved, no errors' is present on page  using regular expression

2020-12-22 18:16:15 - [TEST_STEP][PASSED] - println("Transaction Approved, no errors text is present on the Confirmation page"): null

2020-12-22 18:16:15 - [TEST_STEP][PASSED] - out.println("Pass Record Number: " + row): null

2020-12-22 18:16:15 - [TEST_STEP][PASSED] - sdfo = getText(findTestObject("Object Repository/Page_VLinkReceipt/pre_STX")): Text of object 'Object Repository/Page_VLinkReceipt/pre_STX' is: '<STX>PN90F4iB82lm                  12087992            0  Transaction approved, no errors                   0                                                                                  X OK7120   <ETX>'

2020-12-22 18:16:16 - [MESSAGE][PASSED] - Text of object 'Object Repository/Page_VLinkReceipt/pre_STX' is: '<STX>PN90F4iB82lm                  12087992            0  Transaction approved, no errors                   0                                                                                  X OK7120   <ETX>'

2020-12-22 18:16:16 - [TEST_STEP][PASSED] - out.println("sdfo: " + sdfo): null

2020-12-22 18:16:16 - [TEST_STEP][PASSED] - remID = substring(5, 35).trim(): null

2020-12-22 18:16:16 - [TEST_STEP][PASSED] - out.println("Remittance ID: " + remID): null

2020-12-22 18:16:16 - [TEST_STEP][PASSED] - traxID = substring(35, 55).trim(): null

2020-12-22 18:16:16 - [TEST_STEP][PASSED] - out.println("Transaction ID: " + traxID): null

2020-12-22 18:16:16 - [TEST_STEP][PASSED] - out.println("End Record Number: " + row): null

2020-12-22 18:16:16 - [TEST_STEP][PASSED] - closeBrowser(): Browser is closed

2020-12-22 18:16:16 - [MESSAGE][PASSED] - Browser is closed

2020-12-22 18:16:16 - [TEST_STEP][PASSED] - out.println("Begin Record Number: " + row): null

2020-12-22 18:16:16 - [TEST_STEP][PASSED] - openBrowser(VLinkURL + "authcap.html"): Browser is opened with url: 'https://dev-algorithm.govolution.com/vlinktest/QA/version_2_0/authcap.html'

2020-12-22 18:16:16 - [MESSAGE][INFO] - Starting 'Chrome' driver

2020-12-22 18:16:16 - [MESSAGE][INFO] - User set preference: ['acceptInsecureCerts', 'true']

2020-12-22 18:16:16 - [MESSAGE][INFO] - Action delay is set to 0 milliseconds

2020-12-22 18:16:21 - [MESSAGE][PASSED] - Browser is opened with url: 'https://dev-algorithm.govolution.com/vlinktest/QA/version_2_0/authcap.html'

2020-12-22 18:16:21 - [TEST_STEP][PASSED] - maximizeWindow(): Current window maximized

2020-12-22 18:16:21 - [MESSAGE][PASSED] - Current window maximized

2020-12-22 18:16:21 - [TEST_STEP][PASSED] - vlinkPages.saleCCPage.setDataSCC(row, dataFile): vlinkPages.saleCCPage.setDataSCC is PASSED

2020-12-22 18:16:22 - [MESSAGE][PASSED] - Object 'Object Repository/VLink/Page_CCSale/txt_CardNumber' is present

2020-12-22 18:16:22 - [MESSAGE][PASSED] - Object 'Object Repository/VLink/Page_CCSale/txt_TransactionType' is present

2020-12-22 18:16:23 - [MESSAGE][PASSED] - Text '104' is set on object 'Object Repository/VLink/Page_CCSale/txt_TransactionType'

2020-12-22 18:16:23 - [MESSAGE][PASSED] - Object 'Object Repository/VLink/Page_CCSale/txt_MessageVersion' is present

2020-12-22 18:16:24 - [MESSAGE][PASSED] - Text '2.0C' is set on object 'Object Repository/VLink/Page_CCSale/txt_MessageVersion'

2020-12-22 18:16:24 - [MESSAGE][PASSED] - Object 'Object Repository/VLink/Page_CCSale/txt_RemID' is present

2020-12-22 18:16:25 - [MESSAGE][PASSED] - Text 'gtb3liRVL0Aw' is set on object 'Object Repository/VLink/Page_CCSale/txt_RemID'

2020-12-22 18:16:25 - [MESSAGE][PASSED] - Object 'Object Repository/VLink/Page_CCSale/txt_ApplicationId' is present

2020-12-22 18:16:26 - [MESSAGE][PASSED] - Text '665' is set on object 'Object Repository/VLink/Page_CCSale/txt_ApplicationId'

2020-12-22 18:16:26 - [MESSAGE][PASSED] - Object 'Object Repository/VLink/Page_CCSale/txt_Username' is present

2020-12-22 18:16:27 - [MESSAGE][PASSED] - Text 'username' is set on object 'Object Repository/VLink/Page_CCSale/txt_Username'

2020-12-22 18:16:27 - [MESSAGE][PASSED] - Object 'Object Repository/VLink/Page_CCSale/txt_Password' is present

2020-12-22 18:16:28 - [MESSAGE][PASSED] - Text 'password' is set on object 'Object Repository/VLink/Page_CCSale/txt_Password'

2020-12-22 18:16:28 - [MESSAGE][PASSED] - Object 'Object Repository/VLink/Page_CCSale/txt_ResponseFormat' is present

2020-12-22 18:16:28 - [MESSAGE][PASSED] - Text 'fixed_width' is set on object 'Object Repository/VLink/Page_CCSale/txt_ResponseFormat'

2020-12-22 18:16:29 - [MESSAGE][PASSED] - Object 'Object Repository/VLink/Page_CCSale/txt_Category' is present

2020-12-22 18:16:29 - [MESSAGE][PASSED] - Text 'MOTO' is set on object 'Object Repository/VLink/Page_CCSale/txt_Category'

2020-12-22 18:16:30 - [MESSAGE][PASSED] - Object 'Object Repository/VLink/Page_CCSale/txt_TransactionID' is present

2020-12-22 18:16:30 - [MESSAGE][PASSED] - Text '' is set on object 'Object Repository/VLink/Page_CCSale/txt_TransactionID'

2020-12-22 18:16:30 - [MESSAGE][PASSED] - Object 'Object Repository/VLink/Page_CCSale/txt_ApprovalCode' is present

2020-12-22 18:16:31 - [MESSAGE][PASSED] - Text '' is set on object 'Object Repository/VLink/Page_CCSale/txt_ApprovalCode'

2020-12-22 18:16:31 - [MESSAGE][PASSED] - Object 'Object Repository/VLink/Page_CCSale/txt_CardName' is present

2020-12-22 18:16:32 - [MESSAGE][PASSED] - Text 'Kris Roshan' is set on object 'Object Repository/VLink/Page_CCSale/txt_CardName'

2020-12-22 18:16:32 - [MESSAGE][PASSED] - Object 'Object Repository/VLink/Page_CCSale/txt_AL1' is present

2020-12-22 18:16:33 - [MESSAGE][PASSED] - Text '258 Elm Road' is set on object 'Object Repository/VLink/Page_CCSale/txt_AL1'

2020-12-22 18:16:33 - [MESSAGE][PASSED] - Object 'Object Repository/VLink/Page_CCSale/txt_AL2' is present

2020-12-22 18:16:34 - [MESSAGE][PASSED] - Text 'Suite 56' is set on object 'Object Repository/VLink/Page_CCSale/txt_AL2'

2020-12-22 18:16:34 - [MESSAGE][PASSED] - Object 'Object Repository/VLink/Page_CCSale/txt_CardCity' is present

2020-12-22 18:16:35 - [MESSAGE][PASSED] - Text 'Arlington' is set on object 'Object Repository/VLink/Page_CCSale/txt_CardCity'

2020-12-22 18:16:35 - [MESSAGE][PASSED] - Object 'Object Repository/VLink/Page_CCSale/txt_CardState' is present

2020-12-22 18:16:36 - [MESSAGE][PASSED] - Text 'VA' is set on object 'Object Repository/VLink/Page_CCSale/txt_CardState'

2020-12-22 18:16:36 - [MESSAGE][PASSED] - Object 'Object Repository/VLink/Page_CCSale/txt_CardZIP' is present

2020-12-22 18:16:37 - [MESSAGE][PASSED] - Text '22201' is set on object 'Object Repository/VLink/Page_CCSale/txt_CardZIP'

2020-12-22 18:16:37 - [MESSAGE][PASSED] - Object 'Object Repository/VLink/Page_CCSale/txt_CountryID' is present

2020-12-22 18:16:38 - [MESSAGE][PASSED] - Text '840' is set on object 'Object Repository/VLink/Page_CCSale/txt_CountryID'

2020-12-22 18:16:38 - [MESSAGE][PASSED] - Object 'Object Repository/VLink/Page_CCSale/txt_Amount' is present

2020-12-22 18:16:39 - [MESSAGE][PASSED] - Text '1.50' is set on object 'Object Repository/VLink/Page_CCSale/txt_Amount'

2020-12-22 18:16:39 - [MESSAGE][PASSED] - Object 'Object Repository/VLink/Page_CCSale/txt_CardNumber' is present

2020-12-22 18:16:40 - [MESSAGE][PASSED] - Text '5424000000000015' is set on object 'Object Repository/VLink/Page_CCSale/txt_CardNumber'

2020-12-22 18:16:40 - [MESSAGE][PASSED] - Object 'Object Repository/VLink/Page_CCSale/txt_ExpMonth' is present

2020-12-22 18:16:41 - [MESSAGE][PASSED] - Text '12' is set on object 'Object Repository/VLink/Page_CCSale/txt_ExpMonth'

2020-12-22 18:16:41 - [MESSAGE][PASSED] - Object 'Object Repository/VLink/Page_CCSale/txt_ExpYear' is present

2020-12-22 18:16:42 - [MESSAGE][PASSED] - Text '2025' is set on object 'Object Repository/VLink/Page_CCSale/txt_ExpYear'

2020-12-22 18:16:42 - [MESSAGE][PASSED] - Object 'Object Repository/VLink/Page_CCSale/txt_CVV' is present

2020-12-22 18:16:43 - [MESSAGE][PASSED] - Text '' is set on object 'Object Repository/VLink/Page_CCSale/txt_CVV'

2020-12-22 18:16:43 - [MESSAGE][PASSED] - Object 'Object Repository/VLink/Page_CCSale/txt_CVVstate' is present

2020-12-22 18:16:44 - [MESSAGE][PASSED] - Text '' is set on object 'Object Repository/VLink/Page_CCSale/txt_CVVstate'

2020-12-22 18:16:44 - [MESSAGE][PASSED] - Object 'Object Repository/VLink/Page_CCSale/txt_TrackData' is present

2020-12-22 18:16:45 - [MESSAGE][PASSED] - Text '' is set on object 'Object Repository/VLink/Page_CCSale/txt_TrackData'

2020-12-22 18:16:45 - [MESSAGE][PASSED] - Object 'Object Repository/VLink/Page_CCSale/txt_Track1Data' is present

2020-12-22 18:16:46 - [MESSAGE][PASSED] - Text '' is set on object 'Object Repository/VLink/Page_CCSale/txt_Track1Data'

2020-12-22 18:16:46 - [MESSAGE][PASSED] - Object 'Object Repository/VLink/Page_CCSale/txt_Track2Data' is present

2020-12-22 18:16:47 - [MESSAGE][PASSED] - Text '' is set on object 'Object Repository/VLink/Page_CCSale/txt_Track2Data'

2020-12-22 18:16:47 - [MESSAGE][PASSED] - Object 'Object Repository/VLink/Page_CCSale/txt_POSEntryMode' is present

2020-12-22 18:16:48 - [MESSAGE][PASSED] - Text 'manual' is set on object 'Object Repository/VLink/Page_CCSale/txt_POSEntryMode'

2020-12-22 18:16:48 - [MESSAGE][PASSED] - Object 'Object Repository/VLink/Page_CCSale/txt_Email' is present

2020-12-22 18:16:49 - [MESSAGE][PASSED] - Text 'iahmed@govolution.com' is set on object 'Object Repository/VLink/Page_CCSale/txt_Email'

2020-12-22 18:16:49 - [MESSAGE][PASSED] - Object 'Object Repository/VLink/Page_CCSale/txt_OrderNumber' is present

2020-12-22 18:16:50 - [MESSAGE][PASSED] - Text '2569362' is set on object 'Object Repository/VLink/Page_CCSale/txt_OrderNumber'

2020-12-22 18:16:50 - [MESSAGE][PASSED] - Object 'Object Repository/VLink/Page_CCSale/txt_TaxAmount' is present

2020-12-22 18:16:51 - [MESSAGE][PASSED] - Text '1.15' is set on object 'Object Repository/VLink/Page_CCSale/txt_TaxAmount'

2020-12-22 18:16:51 - [MESSAGE][PASSED] - Object 'Object Repository/VLink/Page_CCSale/txt_ChargeDescription' is present

2020-12-22 18:16:52 - [MESSAGE][PASSED] - Text 'Charge Description' is set on object 'Object Repository/VLink/Page_CCSale/txt_ChargeDescription'

2020-12-22 18:16:52 - [MESSAGE][PASSED] - Object 'Object Repository/VLink/Page_CCSale/txt_CAN' is present

2020-12-22 18:16:53 - [MESSAGE][PASSED] - Text '147357' is set on object 'Object Repository/VLink/Page_CCSale/txt_CAN'

2020-12-22 18:16:53 - [MESSAGE][PASSED] - Object 'Object Repository/VLink/Page_CCSale/txt_BillPaymentIndicator' is present

2020-12-22 18:16:54 - [MESSAGE][PASSED] - Text '1' is set on object 'Object Repository/VLink/Page_CCSale/txt_BillPaymentIndicator'

2020-12-22 18:16:54 - [MESSAGE][PASSED] - Object 'Object Repository/VLink/Page_CCSale/txt_UDF1' is present

2020-12-22 18:16:55 - [MESSAGE][PASSED] - Text 'UDF Data 1' is set on object 'Object Repository/VLink/Page_CCSale/txt_UDF1'

2020-12-22 18:16:55 - [MESSAGE][PASSED] - Object 'Object Repository/VLink/Page_CCSale/txt_UDF2' is present

2020-12-22 18:16:56 - [MESSAGE][PASSED] - Text 'UDF Data 2' is set on object 'Object Repository/VLink/Page_CCSale/txt_UDF2'

2020-12-22 18:16:56 - [MESSAGE][PASSED] - Object 'Object Repository/VLink/Page_CCSale/txt_UDF3' is present

2020-12-22 18:16:57 - [MESSAGE][PASSED] - Text 'UDF Data 3' is set on object 'Object Repository/VLink/Page_CCSale/txt_UDF3'

2020-12-22 18:16:57 - [MESSAGE][PASSED] - Object 'Object Repository/VLink/Page_CCSale/txt_UDF4' is present

2020-12-22 18:16:58 - [MESSAGE][PASSED] - Text 'UDF Data 4' is set on object 'Object Repository/VLink/Page_CCSale/txt_UDF4'

2020-12-22 18:16:58 - [MESSAGE][PASSED] - Object 'Object Repository/VLink/Page_CCSale/txt_UDF5' is present

2020-12-22 18:16:58 - [MESSAGE][PASSED] - Text 'UDF Data 5' is set on object 'Object Repository/VLink/Page_CCSale/txt_UDF5'

2020-12-22 18:16:59 - [MESSAGE][PASSED] - Object 'Object Repository/VLink/Page_CCSale/txt_UDF6' is present

2020-12-22 18:16:59 - [MESSAGE][PASSED] - Text 'UDF Data 6' is set on object 'Object Repository/VLink/Page_CCSale/txt_UDF6'

2020-12-22 18:17:00 - [MESSAGE][PASSED] - Object 'Object Repository/VLink/Page_CCSale/txt_UDF7' is present

2020-12-22 18:17:00 - [MESSAGE][PASSED] - Text 'UDF Data 7' is set on object 'Object Repository/VLink/Page_CCSale/txt_UDF7'

2020-12-22 18:17:01 - [MESSAGE][PASSED] - Object 'Object Repository/VLink/Page_CCSale/txt_UDF8' is present

2020-12-22 18:17:01 - [MESSAGE][PASSED] - Text 'UDF Data 8' is set on object 'Object Repository/VLink/Page_CCSale/txt_UDF8'

2020-12-22 18:17:02 - [MESSAGE][PASSED] - Object 'Object Repository/VLink/Page_CCSale/txt_UDF9' is present

2020-12-22 18:17:02 - [MESSAGE][PASSED] - Text 'UDF Data 9' is set on object 'Object Repository/VLink/Page_CCSale/txt_UDF9'

2020-12-22 18:17:03 - [MESSAGE][PASSED] - Object 'Object Repository/VLink/Page_CCSale/txt_UDF10' is present

2020-12-22 18:17:03 - [MESSAGE][PASSED] - Text 'UDF Data 10' is set on object 'Object Repository/VLink/Page_CCSale/txt_UDF10'

2020-12-22 18:17:04 - [MESSAGE][PASSED] - Object 'Object Repository/VLink/Page_CCSale/txt_CardOnFileIndicator' is present

2020-12-22 18:17:04 - [MESSAGE][PASSED] - Text '1' is set on object 'Object Repository/VLink/Page_CCSale/txt_CardOnFileIndicator'

2020-12-22 18:17:05 - [MESSAGE][PASSED] - Object 'Object Repository/VLink/Page_CCSale/txt_StoredCredentialIndicator' is present

2020-12-22 18:17:05 - [MESSAGE][PASSED] - Text 'Subsequent' is set on object 'Object Repository/VLink/Page_CCSale/txt_StoredCredentialIndicator'

2020-12-22 18:17:06 - [MESSAGE][PASSED] - Object 'Object Repository/VLink/Page_CCSale/txt_COFScheduledIndicator' is present

2020-12-22 18:17:06 - [MESSAGE][PASSED] - Text 'Scheduled' is set on object 'Object Repository/VLink/Page_CCSale/txt_COFScheduledIndicator'

2020-12-22 18:17:07 - [MESSAGE][PASSED] - Object 'Object Repository/VLink/Page_CCSale/txt_COFTransactionInitiatedBy' is present

2020-12-22 18:17:07 - [MESSAGE][PASSED] - Text 'Merchant' is set on object 'Object Repository/VLink/Page_CCSale/txt_COFTransactionInitiatedBy'

2020-12-22 18:17:10 - [MESSAGE][PASSED] - Object: 'Object Repository/VLink/Page_CCSale/btn_ProcessVLinkTransaction' is clicked on

2020-12-22 18:17:15 - [MESSAGE][PASSED] - vlinkPages.saleCCPage.setDataSCC is PASSED

2020-12-22 18:17:15 - [TEST_STEP][PASSED] - if (verifyTextPresent("Transaction approved, no errors", true)): null

2020-12-22 18:17:16 - [MESSAGE][PASSED] - Text 'Transaction approved, no errors' is present on page  using regular expression

2020-12-22 18:17:16 - [TEST_STEP][PASSED] - println("Transaction Approved, no errors text is present on the Confirmation page"): null

2020-12-22 18:17:16 - [TEST_STEP][PASSED] - out.println("Pass Record Number: " + row): null

2020-12-22 18:17:16 - [TEST_STEP][PASSED] - sdfo = getText(findTestObject("Object Repository/Page_VLinkReceipt/pre_STX")): Text of object 'Object Repository/Page_VLinkReceipt/pre_STX' is: '<STX>gtb3liRVL0Aw                  12087993            0  Transaction approved, no errors                   0                                                                                  X OK7220   <ETX>'

2020-12-22 18:17:16 - [MESSAGE][PASSED] - Text of object 'Object Repository/Page_VLinkReceipt/pre_STX' is: '<STX>gtb3liRVL0Aw                  12087993            0  Transaction approved, no errors                   0                                                                                  X OK7220   <ETX>'

2020-12-22 18:17:16 - [TEST_STEP][PASSED] - out.println("sdfo: " + sdfo): null

2020-12-22 18:17:16 - [TEST_STEP][PASSED] - remID = substring(5, 35).trim(): null

2020-12-22 18:17:16 - [TEST_STEP][PASSED] - out.println("Remittance ID: " + remID): null

2020-12-22 18:17:16 - [TEST_STEP][PASSED] - traxID = substring(35, 55).trim(): null

2020-12-22 18:17:16 - [TEST_STEP][PASSED] - out.println("Transaction ID: " + traxID): null

2020-12-22 18:17:16 - [TEST_STEP][PASSED] - out.println("End Record Number: " + row): null

2020-12-22 18:17:16 - [TEST_STEP][PASSED] - closeBrowser(): Browser is closed

2020-12-22 18:17:17 - [MESSAGE][PASSED] - Browser is closed

2020-12-22 18:17:17 - [TEST_STEP][PASSED] - out.println("Begin Record Number: " + row): null

2020-12-22 18:17:17 - [TEST_STEP][PASSED] - openBrowser(VLinkURL + "authcap.html"): Browser is opened with url: 'https://dev-algorithm.govolution.com/vlinktest/QA/version_2_0/authcap.html'

2020-12-22 18:17:17 - [MESSAGE][INFO] - Starting 'Chrome' driver

2020-12-22 18:17:17 - [MESSAGE][INFO] - User set preference: ['acceptInsecureCerts', 'true']

2020-12-22 18:17:17 - [MESSAGE][INFO] - Action delay is set to 0 milliseconds

2020-12-22 18:17:21 - [MESSAGE][PASSED] - Browser is opened with url: 'https://dev-algorithm.govolution.com/vlinktest/QA/version_2_0/authcap.html'

2020-12-22 18:17:21 - [TEST_STEP][PASSED] - maximizeWindow(): Current window maximized

2020-12-22 18:17:21 - [MESSAGE][PASSED] - Current window maximized

2020-12-22 18:17:21 - [TEST_STEP][PASSED] - vlinkPages.saleCCPage.setDataSCC(row, dataFile): vlinkPages.saleCCPage.setDataSCC is PASSED

2020-12-22 18:17:22 - [MESSAGE][PASSED] - Object 'Object Repository/VLink/Page_CCSale/txt_CardNumber' is present

2020-12-22 18:17:23 - [MESSAGE][PASSED] - Object 'Object Repository/VLink/Page_CCSale/txt_TransactionType' is present

2020-12-22 18:17:23 - [MESSAGE][PASSED] - Text '104' is set on object 'Object Repository/VLink/Page_CCSale/txt_TransactionType'

2020-12-22 18:17:24 - [MESSAGE][PASSED] - Object 'Object Repository/VLink/Page_CCSale/txt_MessageVersion' is present

2020-12-22 18:17:24 - [MESSAGE][PASSED] - Text '2.0C' is set on object 'Object Repository/VLink/Page_CCSale/txt_MessageVersion'

2020-12-22 18:17:25 - [MESSAGE][PASSED] - Object 'Object Repository/VLink/Page_CCSale/txt_RemID' is present

2020-12-22 18:17:25 - [MESSAGE][PASSED] - Text 'hL7702F7QpUm' is set on object 'Object Repository/VLink/Page_CCSale/txt_RemID'

2020-12-22 18:17:26 - [MESSAGE][PASSED] - Object 'Object Repository/VLink/Page_CCSale/txt_ApplicationId' is present

2020-12-22 18:17:26 - [MESSAGE][PASSED] - Text '665' is set on object 'Object Repository/VLink/Page_CCSale/txt_ApplicationId'

2020-12-22 18:17:27 - [MESSAGE][PASSED] - Object 'Object Repository/VLink/Page_CCSale/txt_Username' is present

2020-12-22 18:17:27 - [MESSAGE][PASSED] - Text 'username' is set on object 'Object Repository/VLink/Page_CCSale/txt_Username'

2020-12-22 18:17:27 - [MESSAGE][PASSED] - Object 'Object Repository/VLink/Page_CCSale/txt_Password' is present

2020-12-22 18:17:28 - [MESSAGE][PASSED] - Text 'password' is set on object 'Object Repository/VLink/Page_CCSale/txt_Password'

2020-12-22 18:17:28 - [MESSAGE][PASSED] - Object 'Object Repository/VLink/Page_CCSale/txt_ResponseFormat' is present

2020-12-22 18:17:29 - [MESSAGE][PASSED] - Text 'fixed_width' is set on object 'Object Repository/VLink/Page_CCSale/txt_ResponseFormat'

2020-12-22 18:17:29 - [MESSAGE][PASSED] - Object 'Object Repository/VLink/Page_CCSale/txt_Category' is present

2020-12-22 18:17:30 - [MESSAGE][PASSED] - Text 'MOTO' is set on object 'Object Repository/VLink/Page_CCSale/txt_Category'

2020-12-22 18:17:30 - [MESSAGE][PASSED] - Object 'Object Repository/VLink/Page_CCSale/txt_TransactionID' is present

2020-12-22 18:17:31 - [MESSAGE][PASSED] - Text '' is set on object 'Object Repository/VLink/Page_CCSale/txt_TransactionID'

2020-12-22 18:17:31 - [MESSAGE][PASSED] - Object 'Object Repository/VLink/Page_CCSale/txt_ApprovalCode' is present

2020-12-22 18:17:31 - [MESSAGE][PASSED] - Text '' is set on object 'Object Repository/VLink/Page_CCSale/txt_ApprovalCode'

2020-12-22 18:17:32 - [MESSAGE][PASSED] - Object 'Object Repository/VLink/Page_CCSale/txt_CardName' is present

2020-12-22 18:17:32 - [MESSAGE][PASSED] - Text 'Roshan Maha' is set on object 'Object Repository/VLink/Page_CCSale/txt_CardName'

2020-12-22 18:17:33 - [MESSAGE][PASSED] - Object 'Object Repository/VLink/Page_CCSale/txt_AL1' is present

2020-12-22 18:17:33 - [MESSAGE][PASSED] - Text '12563 Bazaar road' is set on object 'Object Repository/VLink/Page_CCSale/txt_AL1'

2020-12-22 18:17:34 - [MESSAGE][PASSED] - Object 'Object Repository/VLink/Page_CCSale/txt_AL2' is present

2020-12-22 18:17:34 - [MESSAGE][PASSED] - Text '' is set on object 'Object Repository/VLink/Page_CCSale/txt_AL2'

2020-12-22 18:17:35 - [MESSAGE][PASSED] - Object 'Object Repository/VLink/Page_CCSale/txt_CardCity' is present

2020-12-22 18:17:35 - [MESSAGE][PASSED] - Text 'Crofton' is set on object 'Object Repository/VLink/Page_CCSale/txt_CardCity'

2020-12-22 18:17:36 - [MESSAGE][PASSED] - Object 'Object Repository/VLink/Page_CCSale/txt_CardState' is present

2020-12-22 18:17:36 - [MESSAGE][PASSED] - Text 'MD' is set on object 'Object Repository/VLink/Page_CCSale/txt_CardState'

2020-12-22 18:17:37 - [MESSAGE][PASSED] - Object 'Object Repository/VLink/Page_CCSale/txt_CardZIP' is present

2020-12-22 18:17:37 - [MESSAGE][PASSED] - Text '21114' is set on object 'Object Repository/VLink/Page_CCSale/txt_CardZIP'

2020-12-22 18:17:38 - [MESSAGE][PASSED] - Object 'Object Repository/VLink/Page_CCSale/txt_CountryID' is present

2020-12-22 18:17:38 - [MESSAGE][PASSED] - Text '' is set on object 'Object Repository/VLink/Page_CCSale/txt_CountryID'

2020-12-22 18:17:39 - [MESSAGE][PASSED] - Object 'Object Repository/VLink/Page_CCSale/txt_Amount' is present

2020-12-22 18:17:39 - [MESSAGE][PASSED] - Text '3.50' is set on object 'Object Repository/VLink/Page_CCSale/txt_Amount'

2020-12-22 18:17:40 - [MESSAGE][PASSED] - Object 'Object Repository/VLink/Page_CCSale/txt_CardNumber' is present

2020-12-22 18:17:40 - [MESSAGE][PASSED] - Text '370000000000002' is set on object 'Object Repository/VLink/Page_CCSale/txt_CardNumber'

2020-12-22 18:17:41 - [MESSAGE][PASSED] - Object 'Object Repository/VLink/Page_CCSale/txt_ExpMonth' is present

2020-12-22 18:17:41 - [MESSAGE][PASSED] - Text '01' is set on object 'Object Repository/VLink/Page_CCSale/txt_ExpMonth'

2020-12-22 18:17:42 - [MESSAGE][PASSED] - Object 'Object Repository/VLink/Page_CCSale/txt_ExpYear' is present

2020-12-22 18:17:42 - [MESSAGE][PASSED] - Text '2026' is set on object 'Object Repository/VLink/Page_CCSale/txt_ExpYear'

2020-12-22 18:17:43 - [MESSAGE][PASSED] - Object 'Object Repository/VLink/Page_CCSale/txt_CVV' is present

2020-12-22 18:17:43 - [MESSAGE][PASSED] - Text '' is set on object 'Object Repository/VLink/Page_CCSale/txt_CVV'

2020-12-22 18:17:44 - [MESSAGE][PASSED] - Object 'Object Repository/VLink/Page_CCSale/txt_CVVstate' is present

2020-12-22 18:17:44 - [MESSAGE][PASSED] - Text '' is set on object 'Object Repository/VLink/Page_CCSale/txt_CVVstate'

2020-12-22 18:17:45 - [MESSAGE][PASSED] - Object 'Object Repository/VLink/Page_CCSale/txt_TrackData' is present

2020-12-22 18:17:45 - [MESSAGE][PASSED] - Text '' is set on object 'Object Repository/VLink/Page_CCSale/txt_TrackData'

2020-12-22 18:17:46 - [MESSAGE][PASSED] - Object 'Object Repository/VLink/Page_CCSale/txt_Track1Data' is present

2020-12-22 18:17:46 - [MESSAGE][PASSED] - Text '' is set on object 'Object Repository/VLink/Page_CCSale/txt_Track1Data'

2020-12-22 18:17:47 - [MESSAGE][PASSED] - Object 'Object Repository/VLink/Page_CCSale/txt_Track2Data' is present

2020-12-22 18:17:47 - [MESSAGE][PASSED] - Text '' is set on object 'Object Repository/VLink/Page_CCSale/txt_Track2Data'

2020-12-22 18:17:48 - [MESSAGE][PASSED] - Object 'Object Repository/VLink/Page_CCSale/txt_POSEntryMode' is present

2020-12-22 18:17:48 - [MESSAGE][PASSED] - Text 'manual' is set on object 'Object Repository/VLink/Page_CCSale/txt_POSEntryMode'

2020-12-22 18:17:49 - [MESSAGE][PASSED] - Object 'Object Repository/VLink/Page_CCSale/txt_Email' is present

2020-12-22 18:17:49 - [MESSAGE][PASSED] - Text '' is set on object 'Object Repository/VLink/Page_CCSale/txt_Email'

2020-12-22 18:17:50 - [MESSAGE][PASSED] - Object 'Object Repository/VLink/Page_CCSale/txt_OrderNumber' is present

2020-12-22 18:17:50 - [MESSAGE][PASSED] - Text '' is set on object 'Object Repository/VLink/Page_CCSale/txt_OrderNumber'

2020-12-22 18:17:51 - [MESSAGE][PASSED] - Object 'Object Repository/VLink/Page_CCSale/txt_TaxAmount' is present

2020-12-22 18:17:51 - [MESSAGE][PASSED] - Text '' is set on object 'Object Repository/VLink/Page_CCSale/txt_TaxAmount'

2020-12-22 18:17:52 - [MESSAGE][PASSED] - Object 'Object Repository/VLink/Page_CCSale/txt_ChargeDescription' is present

2020-12-22 18:17:52 - [MESSAGE][PASSED] - Text '' is set on object 'Object Repository/VLink/Page_CCSale/txt_ChargeDescription'

2020-12-22 18:17:52 - [MESSAGE][PASSED] - Object 'Object Repository/VLink/Page_CCSale/txt_CAN' is present

2020-12-22 18:17:53 - [MESSAGE][PASSED] - Text '' is set on object 'Object Repository/VLink/Page_CCSale/txt_CAN'

2020-12-22 18:17:53 - [MESSAGE][PASSED] - Object 'Object Repository/VLink/Page_CCSale/txt_BillPaymentIndicator' is present

2020-12-22 18:17:54 - [MESSAGE][PASSED] - Text '' is set on object 'Object Repository/VLink/Page_CCSale/txt_BillPaymentIndicator'

2020-12-22 18:17:54 - [MESSAGE][PASSED] - Object 'Object Repository/VLink/Page_CCSale/txt_UDF1' is present

2020-12-22 18:17:55 - [MESSAGE][PASSED] - Text '' is set on object 'Object Repository/VLink/Page_CCSale/txt_UDF1'

2020-12-22 18:17:56 - [MESSAGE][PASSED] - Object 'Object Repository/VLink/Page_CCSale/txt_UDF2' is present

2020-12-22 18:17:56 - [MESSAGE][PASSED] - Text '' is set on object 'Object Repository/VLink/Page_CCSale/txt_UDF2'

2020-12-22 18:17:57 - [MESSAGE][PASSED] - Object 'Object Repository/VLink/Page_CCSale/txt_UDF3' is present

2020-12-22 18:17:57 - [MESSAGE][PASSED] - Text '' is set on object 'Object Repository/VLink/Page_CCSale/txt_UDF3'

2020-12-22 18:17:58 - [MESSAGE][PASSED] - Object 'Object Repository/VLink/Page_CCSale/txt_UDF4' is present

2020-12-22 18:17:58 - [MESSAGE][PASSED] - Text '' is set on object 'Object Repository/VLink/Page_CCSale/txt_UDF4'

2020-12-22 18:17:58 - [MESSAGE][PASSED] - Object 'Object Repository/VLink/Page_CCSale/txt_UDF5' is present

2020-12-22 18:17:59 - [MESSAGE][PASSED] - Text '' is set on object 'Object Repository/VLink/Page_CCSale/txt_UDF5'

2020-12-22 18:17:59 - [MESSAGE][PASSED] - Object 'Object Repository/VLink/Page_CCSale/txt_UDF6' is present

2020-12-22 18:18:00 - [MESSAGE][PASSED] - Text '' is set on object 'Object Repository/VLink/Page_CCSale/txt_UDF6'

2020-12-22 18:18:00 - [MESSAGE][PASSED] - Object 'Object Repository/VLink/Page_CCSale/txt_UDF7' is present

2020-12-22 18:18:01 - [MESSAGE][PASSED] - Text '' is set on object 'Object Repository/VLink/Page_CCSale/txt_UDF7'

2020-12-22 18:18:01 - [MESSAGE][PASSED] - Object 'Object Repository/VLink/Page_CCSale/txt_UDF8' is present

2020-12-22 18:18:02 - [MESSAGE][PASSED] - Text '' is set on object 'Object Repository/VLink/Page_CCSale/txt_UDF8'

2020-12-22 18:18:02 - [MESSAGE][PASSED] - Object 'Object Repository/VLink/Page_CCSale/txt_UDF9' is present

2020-12-22 18:18:03 - [MESSAGE][PASSED] - Text '' is set on object 'Object Repository/VLink/Page_CCSale/txt_UDF9'

2020-12-22 18:18:03 - [MESSAGE][PASSED] - Object 'Object Repository/VLink/Page_CCSale/txt_UDF10' is present

2020-12-22 18:18:04 - [MESSAGE][PASSED] - Text '' is set on object 'Object Repository/VLink/Page_CCSale/txt_UDF10'

2020-12-22 18:18:04 - [MESSAGE][PASSED] - Object 'Object Repository/VLink/Page_CCSale/txt_CardOnFileIndicator' is present

2020-12-22 18:18:05 - [MESSAGE][PASSED] - Text '1' is set on object 'Object Repository/VLink/Page_CCSale/txt_CardOnFileIndicator'

2020-12-22 18:18:05 - [MESSAGE][PASSED] - Object 'Object Repository/VLink/Page_CCSale/txt_StoredCredentialIndicator' is present

2020-12-22 18:18:06 - [MESSAGE][PASSED] - Text 'Subsequent' is set on object 'Object Repository/VLink/Page_CCSale/txt_StoredCredentialIndicator'

2020-12-22 18:18:06 - [MESSAGE][PASSED] - Object 'Object Repository/VLink/Page_CCSale/txt_COFScheduledIndicator' is present

2020-12-22 18:18:07 - [MESSAGE][PASSED] - Text 'Scheduled' is set on object 'Object Repository/VLink/Page_CCSale/txt_COFScheduledIndicator'

2020-12-22 18:18:07 - [MESSAGE][PASSED] - Object 'Object Repository/VLink/Page_CCSale/txt_COFTransactionInitiatedBy' is present

2020-12-22 18:18:08 - [MESSAGE][PASSED] - Text 'Merchant' is set on object 'Object Repository/VLink/Page_CCSale/txt_COFTransactionInitiatedBy'

2020-12-22 18:18:11 - [MESSAGE][PASSED] - Object: 'Object Repository/VLink/Page_CCSale/btn_ProcessVLinkTransaction' is clicked on

2020-12-22 18:18:16 - [MESSAGE][PASSED] - vlinkPages.saleCCPage.setDataSCC is PASSED

2020-12-22 18:18:16 - [TEST_STEP][PASSED] - if (verifyTextPresent("Transaction approved, no errors", true)): null

2020-12-22 18:18:16 - [MESSAGE][PASSED] - Text 'Transaction approved, no errors' is present on page  using regular expression

2020-12-22 18:18:16 - [TEST_STEP][PASSED] - println("Transaction Approved, no errors text is present on the Confirmation page"): null

2020-12-22 18:18:16 - [TEST_STEP][PASSED] - out.println("Pass Record Number: " + row): null

2020-12-22 18:18:16 - [TEST_STEP][PASSED] - sdfo = getText(findTestObject("Object Repository/Page_VLinkReceipt/pre_STX")): Text of object 'Object Repository/Page_VLinkReceipt/pre_STX' is: '<STX>hL7702F7QpUm                  12087994            0  Transaction approved, no errors                   0                                                                                  X OK7320   <ETX>'

2020-12-22 18:18:16 - [MESSAGE][PASSED] - Text of object 'Object Repository/Page_VLinkReceipt/pre_STX' is: '<STX>hL7702F7QpUm                  12087994            0  Transaction approved, no errors                   0                                                                                  X OK7320   <ETX>'

2020-12-22 18:18:16 - [TEST_STEP][PASSED] - out.println("sdfo: " + sdfo): null

2020-12-22 18:18:16 - [TEST_STEP][PASSED] - remID = substring(5, 35).trim(): null

2020-12-22 18:18:16 - [TEST_STEP][PASSED] - out.println("Remittance ID: " + remID): null

2020-12-22 18:18:16 - [TEST_STEP][PASSED] - traxID = substring(35, 55).trim(): null

2020-12-22 18:18:16 - [TEST_STEP][PASSED] - out.println("Transaction ID: " + traxID): null

2020-12-22 18:18:16 - [TEST_STEP][PASSED] - out.println("End Record Number: " + row): null

2020-12-22 18:18:16 - [TEST_STEP][PASSED] - closeBrowser(): Browser is closed

2020-12-22 18:18:17 - [MESSAGE][PASSED] - Browser is closed

2020-12-22 18:18:17 - [TEST_STEP][PASSED] - out.println("Begin Record Number: " + row): null

2020-12-22 18:18:17 - [TEST_STEP][PASSED] - openBrowser(VLinkURL + "authcap.html"): Browser is opened with url: 'https://dev-algorithm.govolution.com/vlinktest/QA/version_2_0/authcap.html'

2020-12-22 18:18:17 - [MESSAGE][INFO] - Starting 'Chrome' driver

2020-12-22 18:18:17 - [MESSAGE][INFO] - User set preference: ['acceptInsecureCerts', 'true']

2020-12-22 18:18:17 - [MESSAGE][INFO] - Action delay is set to 0 milliseconds

2020-12-22 18:18:21 - [MESSAGE][PASSED] - Browser is opened with url: 'https://dev-algorithm.govolution.com/vlinktest/QA/version_2_0/authcap.html'

2020-12-22 18:18:21 - [TEST_STEP][PASSED] - maximizeWindow(): Current window maximized

2020-12-22 18:18:21 - [MESSAGE][PASSED] - Current window maximized

2020-12-22 18:18:21 - [TEST_STEP][PASSED] - vlinkPages.saleCCPage.setDataSCC(row, dataFile): vlinkPages.saleCCPage.setDataSCC is PASSED

2020-12-22 18:18:22 - [MESSAGE][PASSED] - Object 'Object Repository/VLink/Page_CCSale/txt_CardNumber' is present

2020-12-22 18:18:22 - [MESSAGE][PASSED] - Object 'Object Repository/VLink/Page_CCSale/txt_TransactionType' is present

2020-12-22 18:18:23 - [MESSAGE][PASSED] - Text '104' is set on object 'Object Repository/VLink/Page_CCSale/txt_TransactionType'

2020-12-22 18:18:23 - [MESSAGE][PASSED] - Object 'Object Repository/VLink/Page_CCSale/txt_MessageVersion' is present

2020-12-22 18:18:24 - [MESSAGE][PASSED] - Text '2.0C' is set on object 'Object Repository/VLink/Page_CCSale/txt_MessageVersion'

2020-12-22 18:18:24 - [MESSAGE][PASSED] - Object 'Object Repository/VLink/Page_CCSale/txt_RemID' is present

2020-12-22 18:18:25 - [MESSAGE][PASSED] - Text 'G1neNGrfH0q2' is set on object 'Object Repository/VLink/Page_CCSale/txt_RemID'

2020-12-22 18:18:25 - [MESSAGE][PASSED] - Object 'Object Repository/VLink/Page_CCSale/txt_ApplicationId' is present

2020-12-22 18:18:26 - [MESSAGE][PASSED] - Text '665' is set on object 'Object Repository/VLink/Page_CCSale/txt_ApplicationId'

2020-12-22 18:18:26 - [MESSAGE][PASSED] - Object 'Object Repository/VLink/Page_CCSale/txt_Username' is present

2020-12-22 18:18:27 - [MESSAGE][PASSED] - Text 'username' is set on object 'Object Repository/VLink/Page_CCSale/txt_Username'

2020-12-22 18:18:27 - [MESSAGE][PASSED] - Object 'Object Repository/VLink/Page_CCSale/txt_Password' is present

2020-12-22 18:18:27 - [MESSAGE][PASSED] - Text 'password' is set on object 'Object Repository/VLink/Page_CCSale/txt_Password'

2020-12-22 18:18:28 - [MESSAGE][PASSED] - Object 'Object Repository/VLink/Page_CCSale/txt_ResponseFormat' is present

2020-12-22 18:18:28 - [MESSAGE][PASSED] - Text 'fixed_width' is set on object 'Object Repository/VLink/Page_CCSale/txt_ResponseFormat'

2020-12-22 18:18:29 - [MESSAGE][PASSED] - Object 'Object Repository/VLink/Page_CCSale/txt_Category' is present

2020-12-22 18:18:29 - [MESSAGE][PASSED] - Text 'MOTO' is set on object 'Object Repository/VLink/Page_CCSale/txt_Category'

2020-12-22 18:18:29 - [MESSAGE][PASSED] - Object 'Object Repository/VLink/Page_CCSale/txt_TransactionID' is present

2020-12-22 18:18:30 - [MESSAGE][PASSED] - Text '' is set on object 'Object Repository/VLink/Page_CCSale/txt_TransactionID'

2020-12-22 18:18:30 - [MESSAGE][PASSED] - Object 'Object Repository/VLink/Page_CCSale/txt_ApprovalCode' is present

2020-12-22 18:18:31 - [MESSAGE][PASSED] - Text '' is set on object 'Object Repository/VLink/Page_CCSale/txt_ApprovalCode'

2020-12-22 18:18:31 - [MESSAGE][PASSED] - Object 'Object Repository/VLink/Page_CCSale/txt_CardName' is present

2020-12-22 18:18:32 - [MESSAGE][PASSED] - Text 'Kris Roshan' is set on object 'Object Repository/VLink/Page_CCSale/txt_CardName'

2020-12-22 18:18:32 - [MESSAGE][PASSED] - Object 'Object Repository/VLink/Page_CCSale/txt_AL1' is present

2020-12-22 18:18:33 - [MESSAGE][PASSED] - Text '258 Elm Road' is set on object 'Object Repository/VLink/Page_CCSale/txt_AL1'

2020-12-22 18:18:33 - [MESSAGE][PASSED] - Object 'Object Repository/VLink/Page_CCSale/txt_AL2' is present

2020-12-22 18:18:34 - [MESSAGE][PASSED] - Text 'Suite 56' is set on object 'Object Repository/VLink/Page_CCSale/txt_AL2'

2020-12-22 18:18:34 - [MESSAGE][PASSED] - Object 'Object Repository/VLink/Page_CCSale/txt_CardCity' is present

2020-12-22 18:18:35 - [MESSAGE][PASSED] - Text 'Arlington' is set on object 'Object Repository/VLink/Page_CCSale/txt_CardCity'

2020-12-22 18:18:35 - [MESSAGE][PASSED] - Object 'Object Repository/VLink/Page_CCSale/txt_CardState' is present

2020-12-22 18:18:36 - [MESSAGE][PASSED] - Text 'VA' is set on object 'Object Repository/VLink/Page_CCSale/txt_CardState'

2020-12-22 18:18:36 - [MESSAGE][PASSED] - Object 'Object Repository/VLink/Page_CCSale/txt_CardZIP' is present

2020-12-22 18:18:37 - [MESSAGE][PASSED] - Text '22201' is set on object 'Object Repository/VLink/Page_CCSale/txt_CardZIP'

2020-12-22 18:18:37 - [MESSAGE][PASSED] - Object 'Object Repository/VLink/Page_CCSale/txt_CountryID' is present

2020-12-22 18:18:38 - [MESSAGE][PASSED] - Text '840' is set on object 'Object Repository/VLink/Page_CCSale/txt_CountryID'

2020-12-22 18:18:38 - [MESSAGE][PASSED] - Object 'Object Repository/VLink/Page_CCSale/txt_Amount' is present

2020-12-22 18:18:39 - [MESSAGE][PASSED] - Text '1.50' is set on object 'Object Repository/VLink/Page_CCSale/txt_Amount'

2020-12-22 18:18:39 - [MESSAGE][PASSED] - Object 'Object Repository/VLink/Page_CCSale/txt_CardNumber' is present

2020-12-22 18:18:40 - [MESSAGE][PASSED] - Text '6011000000000004' is set on object 'Object Repository/VLink/Page_CCSale/txt_CardNumber'

2020-12-22 18:18:40 - [MESSAGE][PASSED] - Object 'Object Repository/VLink/Page_CCSale/txt_ExpMonth' is present

2020-12-22 18:18:41 - [MESSAGE][PASSED] - Text '12' is set on object 'Object Repository/VLink/Page_CCSale/txt_ExpMonth'

2020-12-22 18:18:41 - [MESSAGE][PASSED] - Object 'Object Repository/VLink/Page_CCSale/txt_ExpYear' is present

2020-12-22 18:18:42 - [MESSAGE][PASSED] - Text '2025' is set on object 'Object Repository/VLink/Page_CCSale/txt_ExpYear'

2020-12-22 18:18:42 - [MESSAGE][PASSED] - Object 'Object Repository/VLink/Page_CCSale/txt_CVV' is present

2020-12-22 18:18:43 - [MESSAGE][PASSED] - Text '' is set on object 'Object Repository/VLink/Page_CCSale/txt_CVV'

2020-12-22 18:18:43 - [MESSAGE][PASSED] - Object 'Object Repository/VLink/Page_CCSale/txt_CVVstate' is present

2020-12-22 18:18:44 - [MESSAGE][PASSED] - Text '' is set on object 'Object Repository/VLink/Page_CCSale/txt_CVVstate'

2020-12-22 18:18:44 - [MESSAGE][PASSED] - Object 'Object Repository/VLink/Page_CCSale/txt_TrackData' is present

2020-12-22 18:18:45 - [MESSAGE][PASSED] - Text '' is set on object 'Object Repository/VLink/Page_CCSale/txt_TrackData'

2020-12-22 18:18:45 - [MESSAGE][PASSED] - Object 'Object Repository/VLink/Page_CCSale/txt_Track1Data' is present

2020-12-22 18:18:46 - [MESSAGE][PASSED] - Text '' is set on object 'Object Repository/VLink/Page_CCSale/txt_Track1Data'

2020-12-22 18:18:46 - [MESSAGE][PASSED] - Object 'Object Repository/VLink/Page_CCSale/txt_Track2Data' is present

2020-12-22 18:18:47 - [MESSAGE][PASSED] - Text '' is set on object 'Object Repository/VLink/Page_CCSale/txt_Track2Data'

2020-12-22 18:18:47 - [MESSAGE][PASSED] - Object 'Object Repository/VLink/Page_CCSale/txt_POSEntryMode' is present

2020-12-22 18:18:48 - [MESSAGE][PASSED] - Text 'manual' is set on object 'Object Repository/VLink/Page_CCSale/txt_POSEntryMode'

2020-12-22 18:18:48 - [MESSAGE][PASSED] - Object 'Object Repository/VLink/Page_CCSale/txt_Email' is present

2020-12-22 18:18:49 - [MESSAGE][PASSED] - Text 'iahmed@govolution.com' is set on object 'Object Repository/VLink/Page_CCSale/txt_Email'

2020-12-22 18:18:49 - [MESSAGE][PASSED] - Object 'Object Repository/VLink/Page_CCSale/txt_OrderNumber' is present

2020-12-22 18:18:50 - [MESSAGE][PASSED] - Text '2569362' is set on object 'Object Repository/VLink/Page_CCSale/txt_OrderNumber'

2020-12-22 18:18:50 - [MESSAGE][PASSED] - Object 'Object Repository/VLink/Page_CCSale/txt_TaxAmount' is present

2020-12-22 18:18:51 - [MESSAGE][PASSED] - Text '1.15' is set on object 'Object Repository/VLink/Page_CCSale/txt_TaxAmount'

2020-12-22 18:18:51 - [MESSAGE][PASSED] - Object 'Object Repository/VLink/Page_CCSale/txt_ChargeDescription' is present

2020-12-22 18:18:52 - [MESSAGE][PASSED] - Text 'Charge Description' is set on object 'Object Repository/VLink/Page_CCSale/txt_ChargeDescription'

2020-12-22 18:18:52 - [MESSAGE][PASSED] - Object 'Object Repository/VLink/Page_CCSale/txt_CAN' is present

2020-12-22 18:18:53 - [MESSAGE][PASSED] - Text '147357' is set on object 'Object Repository/VLink/Page_CCSale/txt_CAN'

2020-12-22 18:18:53 - [MESSAGE][PASSED] - Object 'Object Repository/VLink/Page_CCSale/txt_BillPaymentIndicator' is present

2020-12-22 18:18:54 - [MESSAGE][PASSED] - Text '1' is set on object 'Object Repository/VLink/Page_CCSale/txt_BillPaymentIndicator'

2020-12-22 18:18:54 - [MESSAGE][PASSED] - Object 'Object Repository/VLink/Page_CCSale/txt_UDF1' is present

2020-12-22 18:18:55 - [MESSAGE][PASSED] - Text 'UDF Data 1' is set on object 'Object Repository/VLink/Page_CCSale/txt_UDF1'

2020-12-22 18:18:55 - [MESSAGE][PASSED] - Object 'Object Repository/VLink/Page_CCSale/txt_UDF2' is present

2020-12-22 18:18:56 - [MESSAGE][PASSED] - Text 'UDF Data 2' is set on object 'Object Repository/VLink/Page_CCSale/txt_UDF2'

2020-12-22 18:18:56 - [MESSAGE][PASSED] - Object 'Object Repository/VLink/Page_CCSale/txt_UDF3' is present

2020-12-22 18:18:57 - [MESSAGE][PASSED] - Text 'UDF Data 3' is set on object 'Object Repository/VLink/Page_CCSale/txt_UDF3'

2020-12-22 18:18:57 - [MESSAGE][PASSED] - Object 'Object Repository/VLink/Page_CCSale/txt_UDF4' is present

2020-12-22 18:18:58 - [MESSAGE][PASSED] - Text 'UDF Data 4' is set on object 'Object Repository/VLink/Page_CCSale/txt_UDF4'

2020-12-22 18:18:58 - [MESSAGE][PASSED] - Object 'Object Repository/VLink/Page_CCSale/txt_UDF5' is present

2020-12-22 18:18:59 - [MESSAGE][PASSED] - Text 'UDF Data 5' is set on object 'Object Repository/VLink/Page_CCSale/txt_UDF5'

2020-12-22 18:18:59 - [MESSAGE][PASSED] - Object 'Object Repository/VLink/Page_CCSale/txt_UDF6' is present

2020-12-22 18:19:00 - [MESSAGE][PASSED] - Text 'UDF Data 6' is set on object 'Object Repository/VLink/Page_CCSale/txt_UDF6'

2020-12-22 18:19:00 - [MESSAGE][PASSED] - Object 'Object Repository/VLink/Page_CCSale/txt_UDF7' is present

2020-12-22 18:19:01 - [MESSAGE][PASSED] - Text 'UDF Data 7' is set on object 'Object Repository/VLink/Page_CCSale/txt_UDF7'

2020-12-22 18:19:01 - [MESSAGE][PASSED] - Object 'Object Repository/VLink/Page_CCSale/txt_UDF8' is present

2020-12-22 18:19:02 - [MESSAGE][PASSED] - Text 'UDF Data 8' is set on object 'Object Repository/VLink/Page_CCSale/txt_UDF8'

2020-12-22 18:19:02 - [MESSAGE][PASSED] - Object 'Object Repository/VLink/Page_CCSale/txt_UDF9' is present

2020-12-22 18:19:03 - [MESSAGE][PASSED] - Text 'UDF Data 9' is set on object 'Object Repository/VLink/Page_CCSale/txt_UDF9'

2020-12-22 18:19:03 - [MESSAGE][PASSED] - Object 'Object Repository/VLink/Page_CCSale/txt_UDF10' is present

2020-12-22 18:19:04 - [MESSAGE][PASSED] - Text 'UDF Data 10' is set on object 'Object Repository/VLink/Page_CCSale/txt_UDF10'

2020-12-22 18:19:04 - [MESSAGE][PASSED] - Object 'Object Repository/VLink/Page_CCSale/txt_CardOnFileIndicator' is present

2020-12-22 18:19:05 - [MESSAGE][PASSED] - Text '1' is set on object 'Object Repository/VLink/Page_CCSale/txt_CardOnFileIndicator'

2020-12-22 18:19:05 - [MESSAGE][PASSED] - Object 'Object Repository/VLink/Page_CCSale/txt_StoredCredentialIndicator' is present

2020-12-22 18:19:06 - [MESSAGE][PASSED] - Text 'Subsequent' is set on object 'Object Repository/VLink/Page_CCSale/txt_StoredCredentialIndicator'

2020-12-22 18:19:06 - [MESSAGE][PASSED] - Object 'Object Repository/VLink/Page_CCSale/txt_COFScheduledIndicator' is present

2020-12-22 18:19:07 - [MESSAGE][PASSED] - Text 'Scheduled' is set on object 'Object Repository/VLink/Page_CCSale/txt_COFScheduledIndicator'

2020-12-22 18:19:07 - [MESSAGE][PASSED] - Object 'Object Repository/VLink/Page_CCSale/txt_COFTransactionInitiatedBy' is present

2020-12-22 18:19:08 - [MESSAGE][PASSED] - Text 'Merchant' is set on object 'Object Repository/VLink/Page_CCSale/txt_COFTransactionInitiatedBy'

2020-12-22 18:19:10 - [MESSAGE][PASSED] - Object: 'Object Repository/VLink/Page_CCSale/btn_ProcessVLinkTransaction' is clicked on

2020-12-22 18:19:15 - [MESSAGE][PASSED] - vlinkPages.saleCCPage.setDataSCC is PASSED

2020-12-22 18:19:15 - [TEST_STEP][PASSED] - if (verifyTextPresent("Transaction approved, no errors", true)): null

2020-12-22 18:19:16 - [MESSAGE][PASSED] - Text 'Transaction approved, no errors' is present on page  using regular expression

2020-12-22 18:19:16 - [TEST_STEP][PASSED] - println("Transaction Approved, no errors text is present on the Confirmation page"): null

2020-12-22 18:19:16 - [TEST_STEP][PASSED] - out.println("Pass Record Number: " + row): null

2020-12-22 18:19:16 - [TEST_STEP][PASSED] - sdfo = getText(findTestObject("Object Repository/Page_VLinkReceipt/pre_STX")): Text of object 'Object Repository/Page_VLinkReceipt/pre_STX' is: '<STX>G1neNGrfH0q2                  12087995            0  Transaction approved, no errors                   0                                                                                  X OK7440   <ETX>'

2020-12-22 18:19:16 - [MESSAGE][PASSED] - Text of object 'Object Repository/Page_VLinkReceipt/pre_STX' is: '<STX>G1neNGrfH0q2                  12087995            0  Transaction approved, no errors                   0                                                                                  X OK7440   <ETX>'

2020-12-22 18:19:16 - [TEST_STEP][PASSED] - out.println("sdfo: " + sdfo): null

2020-12-22 18:19:16 - [TEST_STEP][PASSED] - remID = substring(5, 35).trim(): null

2020-12-22 18:19:16 - [TEST_STEP][PASSED] - out.println("Remittance ID: " + remID): null

2020-12-22 18:19:16 - [TEST_STEP][PASSED] - traxID = substring(35, 55).trim(): null

2020-12-22 18:19:16 - [TEST_STEP][PASSED] - out.println("Transaction ID: " + traxID): null

2020-12-22 18:19:16 - [TEST_STEP][PASSED] - out.println("End Record Number: " + row): null

2020-12-22 18:19:16 - [TEST_STEP][PASSED] - closeBrowser(): Browser is closed

2020-12-22 18:19:17 - [MESSAGE][PASSED] - Browser is closed

2020-12-22 18:19:17 - [TEST_STEP][PASSED] - out.println("Begin Record Number: " + row): null

2020-12-22 18:19:17 - [TEST_STEP][PASSED] - openBrowser(VLinkURL + "authcap.html"): Browser is opened with url: 'https://dev-algorithm.govolution.com/vlinktest/QA/version_2_0/authcap.html'

2020-12-22 18:19:17 - [MESSAGE][INFO] - Starting 'Chrome' driver

2020-12-22 18:19:17 - [MESSAGE][INFO] - User set preference: ['acceptInsecureCerts', 'true']

2020-12-22 18:19:17 - [MESSAGE][INFO] - Action delay is set to 0 milliseconds

2020-12-22 18:19:21 - [MESSAGE][PASSED] - Browser is opened with url: 'https://dev-algorithm.govolution.com/vlinktest/QA/version_2_0/authcap.html'

2020-12-22 18:19:21 - [TEST_STEP][PASSED] - maximizeWindow(): Current window maximized

2020-12-22 18:19:21 - [MESSAGE][PASSED] - Current window maximized

2020-12-22 18:19:21 - [TEST_STEP][PASSED] - vlinkPages.saleCCPage.setDataSCC(row, dataFile): vlinkPages.saleCCPage.setDataSCC is PASSED

2020-12-22 18:19:22 - [MESSAGE][PASSED] - Object 'Object Repository/VLink/Page_CCSale/txt_CardNumber' is present

2020-12-22 18:19:23 - [MESSAGE][PASSED] - Object 'Object Repository/VLink/Page_CCSale/txt_TransactionType' is present

2020-12-22 18:19:23 - [MESSAGE][PASSED] - Text '104' is set on object 'Object Repository/VLink/Page_CCSale/txt_TransactionType'

2020-12-22 18:19:24 - [MESSAGE][PASSED] - Object 'Object Repository/VLink/Page_CCSale/txt_MessageVersion' is present

2020-12-22 18:19:24 - [MESSAGE][PASSED] - Text '2.0C' is set on object 'Object Repository/VLink/Page_CCSale/txt_MessageVersion'

2020-12-22 18:19:25 - [MESSAGE][PASSED] - Object 'Object Repository/VLink/Page_CCSale/txt_RemID' is present

2020-12-22 18:19:25 - [MESSAGE][PASSED] - Text 'JynTXehbZYng' is set on object 'Object Repository/VLink/Page_CCSale/txt_RemID'

2020-12-22 18:19:26 - [MESSAGE][PASSED] - Object 'Object Repository/VLink/Page_CCSale/txt_ApplicationId' is present

2020-12-22 18:19:26 - [MESSAGE][PASSED] - Text '665' is set on object 'Object Repository/VLink/Page_CCSale/txt_ApplicationId'

2020-12-22 18:19:27 - [MESSAGE][PASSED] - Object 'Object Repository/VLink/Page_CCSale/txt_Username' is present

2020-12-22 18:19:27 - [MESSAGE][PASSED] - Text 'username' is set on object 'Object Repository/VLink/Page_CCSale/txt_Username'

2020-12-22 18:19:28 - [MESSAGE][PASSED] - Object 'Object Repository/VLink/Page_CCSale/txt_Password' is present

2020-12-22 18:19:28 - [MESSAGE][PASSED] - Text 'password' is set on object 'Object Repository/VLink/Page_CCSale/txt_Password'

2020-12-22 18:19:28 - [MESSAGE][PASSED] - Object 'Object Repository/VLink/Page_CCSale/txt_ResponseFormat' is present

2020-12-22 18:19:29 - [MESSAGE][PASSED] - Text 'fixed_width' is set on object 'Object Repository/VLink/Page_CCSale/txt_ResponseFormat'

2020-12-22 18:19:29 - [MESSAGE][PASSED] - Object 'Object Repository/VLink/Page_CCSale/txt_Category' is present

2020-12-22 18:19:30 - [MESSAGE][PASSED] - Text 'RETL' is set on object 'Object Repository/VLink/Page_CCSale/txt_Category'

2020-12-22 18:19:30 - [MESSAGE][PASSED] - Object 'Object Repository/VLink/Page_CCSale/txt_TransactionID' is present

2020-12-22 18:19:31 - [MESSAGE][PASSED] - Text '' is set on object 'Object Repository/VLink/Page_CCSale/txt_TransactionID'

2020-12-22 18:19:31 - [MESSAGE][PASSED] - Object 'Object Repository/VLink/Page_CCSale/txt_ApprovalCode' is present

2020-12-22 18:19:32 - [MESSAGE][PASSED] - Text '' is set on object 'Object Repository/VLink/Page_CCSale/txt_ApprovalCode'

2020-12-22 18:19:32 - [MESSAGE][PASSED] - Object 'Object Repository/VLink/Page_CCSale/txt_CardName' is present

2020-12-22 18:19:32 - [MESSAGE][PASSED] - Text 'Roshan Maha' is set on object 'Object Repository/VLink/Page_CCSale/txt_CardName'

2020-12-22 18:19:33 - [MESSAGE][PASSED] - Object 'Object Repository/VLink/Page_CCSale/txt_AL1' is present

2020-12-22 18:19:33 - [MESSAGE][PASSED] - Text '12563 Bazaar road' is set on object 'Object Repository/VLink/Page_CCSale/txt_AL1'

2020-12-22 18:19:34 - [MESSAGE][PASSED] - Object 'Object Repository/VLink/Page_CCSale/txt_AL2' is present

2020-12-22 18:19:34 - [MESSAGE][PASSED] - Text '' is set on object 'Object Repository/VLink/Page_CCSale/txt_AL2'

2020-12-22 18:19:35 - [MESSAGE][PASSED] - Object 'Object Repository/VLink/Page_CCSale/txt_CardCity' is present

2020-12-22 18:19:35 - [MESSAGE][PASSED] - Text 'Crofton' is set on object 'Object Repository/VLink/Page_CCSale/txt_CardCity'

2020-12-22 18:19:35 - [MESSAGE][PASSED] - Object 'Object Repository/VLink/Page_CCSale/txt_CardState' is present

2020-12-22 18:19:36 - [MESSAGE][PASSED] - Text 'MD' is set on object 'Object Repository/VLink/Page_CCSale/txt_CardState'

2020-12-22 18:19:36 - [MESSAGE][PASSED] - Object 'Object Repository/VLink/Page_CCSale/txt_CardZIP' is present

2020-12-22 18:19:37 - [MESSAGE][PASSED] - Text '21114' is set on object 'Object Repository/VLink/Page_CCSale/txt_CardZIP'

2020-12-22 18:19:37 - [MESSAGE][PASSED] - Object 'Object Repository/VLink/Page_CCSale/txt_CountryID' is present

2020-12-22 18:19:38 - [MESSAGE][PASSED] - Text '' is set on object 'Object Repository/VLink/Page_CCSale/txt_CountryID'

2020-12-22 18:19:38 - [MESSAGE][PASSED] - Object 'Object Repository/VLink/Page_CCSale/txt_Amount' is present

2020-12-22 18:19:39 - [MESSAGE][PASSED] - Text '3.50' is set on object 'Object Repository/VLink/Page_CCSale/txt_Amount'

2020-12-22 18:19:39 - [MESSAGE][PASSED] - Object 'Object Repository/VLink/Page_CCSale/txt_CardNumber' is present

2020-12-22 18:19:40 - [MESSAGE][PASSED] - Text '4111111111111111' is set on object 'Object Repository/VLink/Page_CCSale/txt_CardNumber'

2020-12-22 18:19:40 - [MESSAGE][PASSED] - Object 'Object Repository/VLink/Page_CCSale/txt_ExpMonth' is present

2020-12-22 18:19:41 - [MESSAGE][PASSED] - Text '01' is set on object 'Object Repository/VLink/Page_CCSale/txt_ExpMonth'

2020-12-22 18:19:41 - [MESSAGE][PASSED] - Object 'Object Repository/VLink/Page_CCSale/txt_ExpYear' is present

2020-12-22 18:19:42 - [MESSAGE][PASSED] - Text '2026' is set on object 'Object Repository/VLink/Page_CCSale/txt_ExpYear'

2020-12-22 18:19:42 - [MESSAGE][PASSED] - Object 'Object Repository/VLink/Page_CCSale/txt_CVV' is present

2020-12-22 18:19:43 - [MESSAGE][PASSED] - Text '' is set on object 'Object Repository/VLink/Page_CCSale/txt_CVV'

2020-12-22 18:19:43 - [MESSAGE][PASSED] - Object 'Object Repository/VLink/Page_CCSale/txt_CVVstate' is present

2020-12-22 18:19:44 - [MESSAGE][PASSED] - Text '' is set on object 'Object Repository/VLink/Page_CCSale/txt_CVVstate'

2020-12-22 18:19:44 - [MESSAGE][PASSED] - Object 'Object Repository/VLink/Page_CCSale/txt_TrackData' is present

2020-12-22 18:19:45 - [MESSAGE][PASSED] - Text '' is set on object 'Object Repository/VLink/Page_CCSale/txt_TrackData'

2020-12-22 18:19:45 - [MESSAGE][PASSED] - Object 'Object Repository/VLink/Page_CCSale/txt_Track1Data' is present

2020-12-22 18:19:46 - [MESSAGE][PASSED] - Text '' is set on object 'Object Repository/VLink/Page_CCSale/txt_Track1Data'

2020-12-22 18:19:46 - [MESSAGE][PASSED] - Object 'Object Repository/VLink/Page_CCSale/txt_Track2Data' is present

2020-12-22 18:19:47 - [MESSAGE][PASSED] - Text '' is set on object 'Object Repository/VLink/Page_CCSale/txt_Track2Data'

2020-12-22 18:19:47 - [MESSAGE][PASSED] - Object 'Object Repository/VLink/Page_CCSale/txt_POSEntryMode' is present

2020-12-22 18:19:48 - [MESSAGE][PASSED] - Text 'manual' is set on object 'Object Repository/VLink/Page_CCSale/txt_POSEntryMode'

2020-12-22 18:19:48 - [MESSAGE][PASSED] - Object 'Object Repository/VLink/Page_CCSale/txt_Email' is present

2020-12-22 18:19:49 - [MESSAGE][PASSED] - Text '' is set on object 'Object Repository/VLink/Page_CCSale/txt_Email'

2020-12-22 18:19:49 - [MESSAGE][PASSED] - Object 'Object Repository/VLink/Page_CCSale/txt_OrderNumber' is present

2020-12-22 18:19:50 - [MESSAGE][PASSED] - Text '' is set on object 'Object Repository/VLink/Page_CCSale/txt_OrderNumber'

2020-12-22 18:19:50 - [MESSAGE][PASSED] - Object 'Object Repository/VLink/Page_CCSale/txt_TaxAmount' is present

2020-12-22 18:19:51 - [MESSAGE][PASSED] - Text '' is set on object 'Object Repository/VLink/Page_CCSale/txt_TaxAmount'

2020-12-22 18:19:51 - [MESSAGE][PASSED] - Object 'Object Repository/VLink/Page_CCSale/txt_ChargeDescription' is present

2020-12-22 18:19:52 - [MESSAGE][PASSED] - Text '' is set on object 'Object Repository/VLink/Page_CCSale/txt_ChargeDescription'

2020-12-22 18:19:52 - [MESSAGE][PASSED] - Object 'Object Repository/VLink/Page_CCSale/txt_CAN' is present

2020-12-22 18:19:53 - [MESSAGE][PASSED] - Text '' is set on object 'Object Repository/VLink/Page_CCSale/txt_CAN'

2020-12-22 18:19:53 - [MESSAGE][PASSED] - Object 'Object Repository/VLink/Page_CCSale/txt_BillPaymentIndicator' is present

2020-12-22 18:19:54 - [MESSAGE][PASSED] - Text '' is set on object 'Object Repository/VLink/Page_CCSale/txt_BillPaymentIndicator'

2020-12-22 18:19:54 - [MESSAGE][PASSED] - Object 'Object Repository/VLink/Page_CCSale/txt_UDF1' is present

2020-12-22 18:19:55 - [MESSAGE][PASSED] - Text '' is set on object 'Object Repository/VLink/Page_CCSale/txt_UDF1'

2020-12-22 18:19:55 - [MESSAGE][PASSED] - Object 'Object Repository/VLink/Page_CCSale/txt_UDF2' is present

2020-12-22 18:19:56 - [MESSAGE][PASSED] - Text '' is set on object 'Object Repository/VLink/Page_CCSale/txt_UDF2'

2020-12-22 18:19:56 - [MESSAGE][PASSED] - Object 'Object Repository/VLink/Page_CCSale/txt_UDF3' is present

2020-12-22 18:19:57 - [MESSAGE][PASSED] - Text '' is set on object 'Object Repository/VLink/Page_CCSale/txt_UDF3'

2020-12-22 18:19:57 - [MESSAGE][PASSED] - Object 'Object Repository/VLink/Page_CCSale/txt_UDF4' is present

2020-12-22 18:19:58 - [MESSAGE][PASSED] - Text '' is set on object 'Object Repository/VLink/Page_CCSale/txt_UDF4'

2020-12-22 18:19:58 - [MESSAGE][PASSED] - Object 'Object Repository/VLink/Page_CCSale/txt_UDF5' is present

2020-12-22 18:19:59 - [MESSAGE][PASSED] - Text '' is set on object 'Object Repository/VLink/Page_CCSale/txt_UDF5'

2020-12-22 18:19:59 - [MESSAGE][PASSED] - Object 'Object Repository/VLink/Page_CCSale/txt_UDF6' is present

2020-12-22 18:20:00 - [MESSAGE][PASSED] - Text '' is set on object 'Object Repository/VLink/Page_CCSale/txt_UDF6'

2020-12-22 18:20:00 - [MESSAGE][PASSED] - Object 'Object Repository/VLink/Page_CCSale/txt_UDF7' is present

2020-12-22 18:20:01 - [MESSAGE][PASSED] - Text '' is set on object 'Object Repository/VLink/Page_CCSale/txt_UDF7'

2020-12-22 18:20:01 - [MESSAGE][PASSED] - Object 'Object Repository/VLink/Page_CCSale/txt_UDF8' is present

2020-12-22 18:20:02 - [MESSAGE][PASSED] - Text '' is set on object 'Object Repository/VLink/Page_CCSale/txt_UDF8'

2020-12-22 18:20:02 - [MESSAGE][PASSED] - Object 'Object Repository/VLink/Page_CCSale/txt_UDF9' is present

2020-12-22 18:20:03 - [MESSAGE][PASSED] - Text '' is set on object 'Object Repository/VLink/Page_CCSale/txt_UDF9'

2020-12-22 18:20:03 - [MESSAGE][PASSED] - Object 'Object Repository/VLink/Page_CCSale/txt_UDF10' is present

2020-12-22 18:20:04 - [MESSAGE][PASSED] - Text '' is set on object 'Object Repository/VLink/Page_CCSale/txt_UDF10'

2020-12-22 18:20:04 - [MESSAGE][PASSED] - Object 'Object Repository/VLink/Page_CCSale/txt_CardOnFileIndicator' is present

2020-12-22 18:20:05 - [MESSAGE][PASSED] - Text '1' is set on object 'Object Repository/VLink/Page_CCSale/txt_CardOnFileIndicator'

2020-12-22 18:20:05 - [MESSAGE][PASSED] - Object 'Object Repository/VLink/Page_CCSale/txt_StoredCredentialIndicator' is present

2020-12-22 18:20:06 - [MESSAGE][PASSED] - Text 'Subsequent' is set on object 'Object Repository/VLink/Page_CCSale/txt_StoredCredentialIndicator'

2020-12-22 18:20:06 - [MESSAGE][PASSED] - Object 'Object Repository/VLink/Page_CCSale/txt_COFScheduledIndicator' is present

2020-12-22 18:20:07 - [MESSAGE][PASSED] - Text 'Scheduled' is set on object 'Object Repository/VLink/Page_CCSale/txt_COFScheduledIndicator'

2020-12-22 18:20:07 - [MESSAGE][PASSED] - Object 'Object Repository/VLink/Page_CCSale/txt_COFTransactionInitiatedBy' is present

2020-12-22 18:20:08 - [MESSAGE][PASSED] - Text 'Merchant' is set on object 'Object Repository/VLink/Page_CCSale/txt_COFTransactionInitiatedBy'

2020-12-22 18:20:10 - [MESSAGE][PASSED] - Object: 'Object Repository/VLink/Page_CCSale/btn_ProcessVLinkTransaction' is clicked on

2020-12-22 18:20:15 - [MESSAGE][PASSED] - vlinkPages.saleCCPage.setDataSCC is PASSED

2020-12-22 18:20:15 - [TEST_STEP][PASSED] - if (verifyTextPresent("Transaction approved, no errors", true)): null

2020-12-22 18:20:16 - [MESSAGE][PASSED] - Text 'Transaction approved, no errors' is present on page  using regular expression

2020-12-22 18:20:16 - [TEST_STEP][PASSED] - println("Transaction Approved, no errors text is present on the Confirmation page"): null

2020-12-22 18:20:16 - [TEST_STEP][PASSED] - out.println("Pass Record Number: " + row): null

2020-12-22 18:20:16 - [TEST_STEP][PASSED] - sdfo = getText(findTestObject("Object Repository/Page_VLinkReceipt/pre_STX")): Text of object 'Object Repository/Page_VLinkReceipt/pre_STX' is: '<STX>JynTXehbZYng                  12087996            0  Transaction approved, no errors                   0                                                                                  X OK7530   <ETX>'

2020-12-22 18:20:16 - [MESSAGE][PASSED] - Text of object 'Object Repository/Page_VLinkReceipt/pre_STX' is: '<STX>JynTXehbZYng                  12087996            0  Transaction approved, no errors                   0                                                                                  X OK7530   <ETX>'

2020-12-22 18:20:16 - [TEST_STEP][PASSED] - out.println("sdfo: " + sdfo): null

2020-12-22 18:20:16 - [TEST_STEP][PASSED] - remID = substring(5, 35).trim(): null

2020-12-22 18:20:16 - [TEST_STEP][PASSED] - out.println("Remittance ID: " + remID): null

2020-12-22 18:20:16 - [TEST_STEP][PASSED] - traxID = substring(35, 55).trim(): null

2020-12-22 18:20:16 - [TEST_STEP][PASSED] - out.println("Transaction ID: " + traxID): null

2020-12-22 18:20:16 - [TEST_STEP][PASSED] - out.println("End Record Number: " + row): null

2020-12-22 18:20:16 - [TEST_STEP][PASSED] - closeBrowser(): Browser is closed

2020-12-22 18:20:17 - [MESSAGE][PASSED] - Browser is closed

2020-12-22 18:20:17 - [TEST_STEP][PASSED] - out.println("Begin Record Number: " + row): null

2020-12-22 18:20:17 - [TEST_STEP][PASSED] - openBrowser(VLinkURL + "authcap.html"): Browser is opened with url: 'https://dev-algorithm.govolution.com/vlinktest/QA/version_2_0/authcap.html'

2020-12-22 18:20:17 - [MESSAGE][INFO] - Starting 'Chrome' driver

2020-12-22 18:20:17 - [MESSAGE][INFO] - User set preference: ['acceptInsecureCerts', 'true']

2020-12-22 18:20:17 - [MESSAGE][INFO] - Action delay is set to 0 milliseconds

2020-12-22 18:20:21 - [MESSAGE][PASSED] - Browser is opened with url: 'https://dev-algorithm.govolution.com/vlinktest/QA/version_2_0/authcap.html'

2020-12-22 18:20:21 - [TEST_STEP][PASSED] - maximizeWindow(): Current window maximized

2020-12-22 18:20:21 - [MESSAGE][PASSED] - Current window maximized

2020-12-22 18:20:21 - [TEST_STEP][PASSED] - vlinkPages.saleCCPage.setDataSCC(row, dataFile): vlinkPages.saleCCPage.setDataSCC is PASSED

2020-12-22 18:20:22 - [MESSAGE][PASSED] - Object 'Object Repository/VLink/Page_CCSale/txt_CardNumber' is present

2020-12-22 18:20:23 - [MESSAGE][PASSED] - Object 'Object Repository/VLink/Page_CCSale/txt_TransactionType' is present

2020-12-22 18:20:23 - [MESSAGE][PASSED] - Text '104' is set on object 'Object Repository/VLink/Page_CCSale/txt_TransactionType'

2020-12-22 18:20:24 - [MESSAGE][PASSED] - Object 'Object Repository/VLink/Page_CCSale/txt_MessageVersion' is present

2020-12-22 18:20:24 - [MESSAGE][PASSED] - Text '2.0C' is set on object 'Object Repository/VLink/Page_CCSale/txt_MessageVersion'

2020-12-22 18:20:24 - [MESSAGE][PASSED] - Object 'Object Repository/VLink/Page_CCSale/txt_RemID' is present

2020-12-22 18:20:25 - [MESSAGE][PASSED] - Text 'e5q6zPdnQSUj' is set on object 'Object Repository/VLink/Page_CCSale/txt_RemID'

2020-12-22 18:20:25 - [MESSAGE][PASSED] - Object 'Object Repository/VLink/Page_CCSale/txt_ApplicationId' is present

2020-12-22 18:20:26 - [MESSAGE][PASSED] - Text '665' is set on object 'Object Repository/VLink/Page_CCSale/txt_ApplicationId'

2020-12-22 18:20:26 - [MESSAGE][PASSED] - Object 'Object Repository/VLink/Page_CCSale/txt_Username' is present

2020-12-22 18:20:27 - [MESSAGE][PASSED] - Text 'username' is set on object 'Object Repository/VLink/Page_CCSale/txt_Username'

2020-12-22 18:20:27 - [MESSAGE][PASSED] - Object 'Object Repository/VLink/Page_CCSale/txt_Password' is present

2020-12-22 18:20:28 - [MESSAGE][PASSED] - Text 'password' is set on object 'Object Repository/VLink/Page_CCSale/txt_Password'

2020-12-22 18:20:28 - [MESSAGE][PASSED] - Object 'Object Repository/VLink/Page_CCSale/txt_ResponseFormat' is present

2020-12-22 18:20:29 - [MESSAGE][PASSED] - Text 'fixed_width' is set on object 'Object Repository/VLink/Page_CCSale/txt_ResponseFormat'

2020-12-22 18:20:29 - [MESSAGE][PASSED] - Object 'Object Repository/VLink/Page_CCSale/txt_Category' is present

2020-12-22 18:20:30 - [MESSAGE][PASSED] - Text 'RETL' is set on object 'Object Repository/VLink/Page_CCSale/txt_Category'

2020-12-22 18:20:30 - [MESSAGE][PASSED] - Object 'Object Repository/VLink/Page_CCSale/txt_TransactionID' is present

2020-12-22 18:20:31 - [MESSAGE][PASSED] - Text '' is set on object 'Object Repository/VLink/Page_CCSale/txt_TransactionID'

2020-12-22 18:20:31 - [MESSAGE][PASSED] - Object 'Object Repository/VLink/Page_CCSale/txt_ApprovalCode' is present

2020-12-22 18:20:32 - [MESSAGE][PASSED] - Text '' is set on object 'Object Repository/VLink/Page_CCSale/txt_ApprovalCode'

2020-12-22 18:20:32 - [MESSAGE][PASSED] - Object 'Object Repository/VLink/Page_CCSale/txt_CardName' is present

2020-12-22 18:20:33 - [MESSAGE][PASSED] - Text 'Kris Roshan' is set on object 'Object Repository/VLink/Page_CCSale/txt_CardName'

2020-12-22 18:20:33 - [MESSAGE][PASSED] - Object 'Object Repository/VLink/Page_CCSale/txt_AL1' is present

2020-12-22 18:20:34 - [MESSAGE][PASSED] - Text '258 Elm Road' is set on object 'Object Repository/VLink/Page_CCSale/txt_AL1'

2020-12-22 18:20:34 - [MESSAGE][PASSED] - Object 'Object Repository/VLink/Page_CCSale/txt_AL2' is present

2020-12-22 18:20:35 - [MESSAGE][PASSED] - Text 'Suite 56' is set on object 'Object Repository/VLink/Page_CCSale/txt_AL2'

2020-12-22 18:20:35 - [MESSAGE][PASSED] - Object 'Object Repository/VLink/Page_CCSale/txt_CardCity' is present

2020-12-22 18:20:36 - [MESSAGE][PASSED] - Text 'Arlington' is set on object 'Object Repository/VLink/Page_CCSale/txt_CardCity'

2020-12-22 18:20:36 - [MESSAGE][PASSED] - Object 'Object Repository/VLink/Page_CCSale/txt_CardState' is present

2020-12-22 18:20:37 - [MESSAGE][PASSED] - Text 'VA' is set on object 'Object Repository/VLink/Page_CCSale/txt_CardState'

2020-12-22 18:20:37 - [MESSAGE][PASSED] - Object 'Object Repository/VLink/Page_CCSale/txt_CardZIP' is present

2020-12-22 18:20:38 - [MESSAGE][PASSED] - Text '22201' is set on object 'Object Repository/VLink/Page_CCSale/txt_CardZIP'

2020-12-22 18:20:38 - [MESSAGE][PASSED] - Object 'Object Repository/VLink/Page_CCSale/txt_CountryID' is present

2020-12-22 18:20:39 - [MESSAGE][PASSED] - Text '840' is set on object 'Object Repository/VLink/Page_CCSale/txt_CountryID'

2020-12-22 18:20:39 - [MESSAGE][PASSED] - Object 'Object Repository/VLink/Page_CCSale/txt_Amount' is present

2020-12-22 18:20:40 - [MESSAGE][PASSED] - Text '1.50' is set on object 'Object Repository/VLink/Page_CCSale/txt_Amount'

2020-12-22 18:20:40 - [MESSAGE][PASSED] - Object 'Object Repository/VLink/Page_CCSale/txt_CardNumber' is present

2020-12-22 18:20:41 - [MESSAGE][PASSED] - Text '5424000000000015' is set on object 'Object Repository/VLink/Page_CCSale/txt_CardNumber'

2020-12-22 18:20:41 - [MESSAGE][PASSED] - Object 'Object Repository/VLink/Page_CCSale/txt_ExpMonth' is present

2020-12-22 18:20:42 - [MESSAGE][PASSED] - Text '12' is set on object 'Object Repository/VLink/Page_CCSale/txt_ExpMonth'

2020-12-22 18:20:42 - [MESSAGE][PASSED] - Object 'Object Repository/VLink/Page_CCSale/txt_ExpYear' is present

2020-12-22 18:20:43 - [MESSAGE][PASSED] - Text '2025' is set on object 'Object Repository/VLink/Page_CCSale/txt_ExpYear'

2020-12-22 18:20:43 - [MESSAGE][PASSED] - Object 'Object Repository/VLink/Page_CCSale/txt_CVV' is present

2020-12-22 18:20:44 - [MESSAGE][PASSED] - Text '' is set on object 'Object Repository/VLink/Page_CCSale/txt_CVV'

2020-12-22 18:20:44 - [MESSAGE][PASSED] - Object 'Object Repository/VLink/Page_CCSale/txt_CVVstate' is present

2020-12-22 18:20:45 - [MESSAGE][PASSED] - Text '' is set on object 'Object Repository/VLink/Page_CCSale/txt_CVVstate'

2020-12-22 18:20:45 - [MESSAGE][PASSED] - Object 'Object Repository/VLink/Page_CCSale/txt_TrackData' is present

2020-12-22 18:20:46 - [MESSAGE][PASSED] - Text '' is set on object 'Object Repository/VLink/Page_CCSale/txt_TrackData'

2020-12-22 18:20:46 - [MESSAGE][PASSED] - Object 'Object Repository/VLink/Page_CCSale/txt_Track1Data' is present

2020-12-22 18:20:47 - [MESSAGE][PASSED] - Text '' is set on object 'Object Repository/VLink/Page_CCSale/txt_Track1Data'

2020-12-22 18:20:47 - [MESSAGE][PASSED] - Object 'Object Repository/VLink/Page_CCSale/txt_Track2Data' is present

2020-12-22 18:20:48 - [MESSAGE][PASSED] - Text '' is set on object 'Object Repository/VLink/Page_CCSale/txt_Track2Data'

2020-12-22 18:20:48 - [MESSAGE][PASSED] - Object 'Object Repository/VLink/Page_CCSale/txt_POSEntryMode' is present

2020-12-22 18:20:49 - [MESSAGE][PASSED] - Text 'manual' is set on object 'Object Repository/VLink/Page_CCSale/txt_POSEntryMode'

2020-12-22 18:20:49 - [MESSAGE][PASSED] - Object 'Object Repository/VLink/Page_CCSale/txt_Email' is present

2020-12-22 18:20:50 - [MESSAGE][PASSED] - Text 'iahmed@govolution.com' is set on object 'Object Repository/VLink/Page_CCSale/txt_Email'

2020-12-22 18:20:50 - [MESSAGE][PASSED] - Object 'Object Repository/VLink/Page_CCSale/txt_OrderNumber' is present

2020-12-22 18:20:51 - [MESSAGE][PASSED] - Text '2569362' is set on object 'Object Repository/VLink/Page_CCSale/txt_OrderNumber'

2020-12-22 18:20:51 - [MESSAGE][PASSED] - Object 'Object Repository/VLink/Page_CCSale/txt_TaxAmount' is present

2020-12-22 18:20:52 - [MESSAGE][PASSED] - Text '1.15' is set on object 'Object Repository/VLink/Page_CCSale/txt_TaxAmount'

2020-12-22 18:20:52 - [MESSAGE][PASSED] - Object 'Object Repository/VLink/Page_CCSale/txt_ChargeDescription' is present

2020-12-22 18:20:53 - [MESSAGE][PASSED] - Text 'Charge Description' is set on object 'Object Repository/VLink/Page_CCSale/txt_ChargeDescription'

2020-12-22 18:20:53 - [MESSAGE][PASSED] - Object 'Object Repository/VLink/Page_CCSale/txt_CAN' is present

2020-12-22 18:20:54 - [MESSAGE][PASSED] - Text '147357' is set on object 'Object Repository/VLink/Page_CCSale/txt_CAN'

2020-12-22 18:20:54 - [MESSAGE][PASSED] - Object 'Object Repository/VLink/Page_CCSale/txt_BillPaymentIndicator' is present

2020-12-22 18:20:55 - [MESSAGE][PASSED] - Text '1' is set on object 'Object Repository/VLink/Page_CCSale/txt_BillPaymentIndicator'

2020-12-22 18:20:55 - [MESSAGE][PASSED] - Object 'Object Repository/VLink/Page_CCSale/txt_UDF1' is present

2020-12-22 18:20:56 - [MESSAGE][PASSED] - Text 'UDF Data 1' is set on object 'Object Repository/VLink/Page_CCSale/txt_UDF1'

2020-12-22 18:20:56 - [MESSAGE][PASSED] - Object 'Object Repository/VLink/Page_CCSale/txt_UDF2' is present

2020-12-22 18:20:57 - [MESSAGE][PASSED] - Text 'UDF Data 2' is set on object 'Object Repository/VLink/Page_CCSale/txt_UDF2'

2020-12-22 18:20:57 - [MESSAGE][PASSED] - Object 'Object Repository/VLink/Page_CCSale/txt_UDF3' is present

2020-12-22 18:20:58 - [MESSAGE][PASSED] - Text 'UDF Data 3' is set on object 'Object Repository/VLink/Page_CCSale/txt_UDF3'

2020-12-22 18:20:58 - [MESSAGE][PASSED] - Object 'Object Repository/VLink/Page_CCSale/txt_UDF4' is present

2020-12-22 18:20:59 - [MESSAGE][PASSED] - Text 'UDF Data 4' is set on object 'Object Repository/VLink/Page_CCSale/txt_UDF4'

2020-12-22 18:20:59 - [MESSAGE][PASSED] - Object 'Object Repository/VLink/Page_CCSale/txt_UDF5' is present

2020-12-22 18:21:00 - [MESSAGE][PASSED] - Text 'UDF Data 5' is set on object 'Object Repository/VLink/Page_CCSale/txt_UDF5'

2020-12-22 18:21:00 - [MESSAGE][PASSED] - Object 'Object Repository/VLink/Page_CCSale/txt_UDF6' is present

2020-12-22 18:21:01 - [MESSAGE][PASSED] - Text 'UDF Data 6' is set on object 'Object Repository/VLink/Page_CCSale/txt_UDF6'

2020-12-22 18:21:01 - [MESSAGE][PASSED] - Object 'Object Repository/VLink/Page_CCSale/txt_UDF7' is present

2020-12-22 18:21:02 - [MESSAGE][PASSED] - Text 'UDF Data 7' is set on object 'Object Repository/VLink/Page_CCSale/txt_UDF7'

2020-12-22 18:21:02 - [MESSAGE][PASSED] - Object 'Object Repository/VLink/Page_CCSale/txt_UDF8' is present

2020-12-22 18:21:03 - [MESSAGE][PASSED] - Text 'UDF Data 8' is set on object 'Object Repository/VLink/Page_CCSale/txt_UDF8'

2020-12-22 18:21:03 - [MESSAGE][PASSED] - Object 'Object Repository/VLink/Page_CCSale/txt_UDF9' is present

2020-12-22 18:21:04 - [MESSAGE][PASSED] - Text 'UDF Data 9' is set on object 'Object Repository/VLink/Page_CCSale/txt_UDF9'

2020-12-22 18:21:04 - [MESSAGE][PASSED] - Object 'Object Repository/VLink/Page_CCSale/txt_UDF10' is present

2020-12-22 18:21:05 - [MESSAGE][PASSED] - Text 'UDF Data 10' is set on object 'Object Repository/VLink/Page_CCSale/txt_UDF10'

2020-12-22 18:21:05 - [MESSAGE][PASSED] - Object 'Object Repository/VLink/Page_CCSale/txt_CardOnFileIndicator' is present

2020-12-22 18:21:06 - [MESSAGE][PASSED] - Text '1' is set on object 'Object Repository/VLink/Page_CCSale/txt_CardOnFileIndicator'

2020-12-22 18:21:06 - [MESSAGE][PASSED] - Object 'Object Repository/VLink/Page_CCSale/txt_StoredCredentialIndicator' is present

2020-12-22 18:21:07 - [MESSAGE][PASSED] - Text 'Subsequent' is set on object 'Object Repository/VLink/Page_CCSale/txt_StoredCredentialIndicator'

2020-12-22 18:21:07 - [MESSAGE][PASSED] - Object 'Object Repository/VLink/Page_CCSale/txt_COFScheduledIndicator' is present

2020-12-22 18:21:08 - [MESSAGE][PASSED] - Text 'Scheduled' is set on object 'Object Repository/VLink/Page_CCSale/txt_COFScheduledIndicator'

2020-12-22 18:21:08 - [MESSAGE][PASSED] - Object 'Object Repository/VLink/Page_CCSale/txt_COFTransactionInitiatedBy' is present

2020-12-22 18:21:09 - [MESSAGE][PASSED] - Text 'Merchant' is set on object 'Object Repository/VLink/Page_CCSale/txt_COFTransactionInitiatedBy'

2020-12-22 18:21:11 - [MESSAGE][PASSED] - Object: 'Object Repository/VLink/Page_CCSale/btn_ProcessVLinkTransaction' is clicked on

2020-12-22 18:21:16 - [MESSAGE][PASSED] - vlinkPages.saleCCPage.setDataSCC is PASSED

2020-12-22 18:21:16 - [TEST_STEP][PASSED] - if (verifyTextPresent("Transaction approved, no errors", true)): null

2020-12-22 18:21:16 - [MESSAGE][PASSED] - Text 'Transaction approved, no errors' is present on page  using regular expression

2020-12-22 18:21:16 - [TEST_STEP][PASSED] - println("Transaction Approved, no errors text is present on the Confirmation page"): null

2020-12-22 18:21:16 - [TEST_STEP][PASSED] - out.println("Pass Record Number: " + row): null

2020-12-22 18:21:16 - [TEST_STEP][PASSED] - sdfo = getText(findTestObject("Object Repository/Page_VLinkReceipt/pre_STX")): Text of object 'Object Repository/Page_VLinkReceipt/pre_STX' is: '<STX>e5q6zPdnQSUj                  12087997            0  Transaction approved, no errors                   0                                                                                  X OK7630   <ETX>'

2020-12-22 18:21:17 - [MESSAGE][PASSED] - Text of object 'Object Repository/Page_VLinkReceipt/pre_STX' is: '<STX>e5q6zPdnQSUj                  12087997            0  Transaction approved, no errors                   0                                                                                  X OK7630   <ETX>'

2020-12-22 18:21:17 - [TEST_STEP][PASSED] - out.println("sdfo: " + sdfo): null

2020-12-22 18:21:17 - [TEST_STEP][PASSED] - remID = substring(5, 35).trim(): null

2020-12-22 18:21:17 - [TEST_STEP][PASSED] - out.println("Remittance ID: " + remID): null

2020-12-22 18:21:17 - [TEST_STEP][PASSED] - traxID = substring(35, 55).trim(): null

2020-12-22 18:21:17 - [TEST_STEP][PASSED] - out.println("Transaction ID: " + traxID): null

2020-12-22 18:21:17 - [TEST_STEP][PASSED] - out.println("End Record Number: " + row): null

2020-12-22 18:21:17 - [TEST_STEP][PASSED] - closeBrowser(): Browser is closed

2020-12-22 18:21:18 - [MESSAGE][PASSED] - Browser is closed

2020-12-22 18:21:18 - [TEST_STEP][PASSED] - out.println("Begin Record Number: " + row): null

2020-12-22 18:21:18 - [TEST_STEP][PASSED] - openBrowser(VLinkURL + "authcap.html"): Browser is opened with url: 'https://dev-algorithm.govolution.com/vlinktest/QA/version_2_0/authcap.html'

2020-12-22 18:21:18 - [MESSAGE][INFO] - Starting 'Chrome' driver

2020-12-22 18:21:18 - [MESSAGE][INFO] - User set preference: ['acceptInsecureCerts', 'true']

2020-12-22 18:21:18 - [MESSAGE][INFO] - Action delay is set to 0 milliseconds

2020-12-22 18:21:21 - [MESSAGE][PASSED] - Browser is opened with url: 'https://dev-algorithm.govolution.com/vlinktest/QA/version_2_0/authcap.html'

2020-12-22 18:21:21 - [TEST_STEP][PASSED] - maximizeWindow(): Current window maximized

2020-12-22 18:21:21 - [MESSAGE][PASSED] - Current window maximized

2020-12-22 18:21:21 - [TEST_STEP][PASSED] - vlinkPages.saleCCPage.setDataSCC(row, dataFile): vlinkPages.saleCCPage.setDataSCC is PASSED

2020-12-22 18:21:23 - [MESSAGE][PASSED] - Object 'Object Repository/VLink/Page_CCSale/txt_CardNumber' is present

2020-12-22 18:21:23 - [MESSAGE][PASSED] - Object 'Object Repository/VLink/Page_CCSale/txt_TransactionType' is present

2020-12-22 18:21:23 - [MESSAGE][PASSED] - Text '104' is set on object 'Object Repository/VLink/Page_CCSale/txt_TransactionType'

2020-12-22 18:21:24 - [MESSAGE][PASSED] - Object 'Object Repository/VLink/Page_CCSale/txt_MessageVersion' is present

2020-12-22 18:21:24 - [MESSAGE][PASSED] - Text '2.0C' is set on object 'Object Repository/VLink/Page_CCSale/txt_MessageVersion'

2020-12-22 18:21:25 - [MESSAGE][PASSED] - Object 'Object Repository/VLink/Page_CCSale/txt_RemID' is present

2020-12-22 18:21:25 - [MESSAGE][PASSED] - Text 'twcaLpdAKtXu' is set on object 'Object Repository/VLink/Page_CCSale/txt_RemID'

2020-12-22 18:21:25 - [MESSAGE][PASSED] - Object 'Object Repository/VLink/Page_CCSale/txt_ApplicationId' is present

2020-12-22 18:21:26 - [MESSAGE][PASSED] - Text '665' is set on object 'Object Repository/VLink/Page_CCSale/txt_ApplicationId'

2020-12-22 18:21:26 - [MESSAGE][PASSED] - Object 'Object Repository/VLink/Page_CCSale/txt_Username' is present

2020-12-22 18:21:27 - [MESSAGE][PASSED] - Text 'username' is set on object 'Object Repository/VLink/Page_CCSale/txt_Username'

2020-12-22 18:21:27 - [MESSAGE][PASSED] - Object 'Object Repository/VLink/Page_CCSale/txt_Password' is present

2020-12-22 18:21:28 - [MESSAGE][PASSED] - Text 'password' is set on object 'Object Repository/VLink/Page_CCSale/txt_Password'

2020-12-22 18:21:28 - [MESSAGE][PASSED] - Object 'Object Repository/VLink/Page_CCSale/txt_ResponseFormat' is present

2020-12-22 18:21:29 - [MESSAGE][PASSED] - Text 'fixed_width' is set on object 'Object Repository/VLink/Page_CCSale/txt_ResponseFormat'

2020-12-22 18:21:29 - [MESSAGE][PASSED] - Object 'Object Repository/VLink/Page_CCSale/txt_Category' is present

2020-12-22 18:21:30 - [MESSAGE][PASSED] - Text 'RETL' is set on object 'Object Repository/VLink/Page_CCSale/txt_Category'

2020-12-22 18:21:30 - [MESSAGE][PASSED] - Object 'Object Repository/VLink/Page_CCSale/txt_TransactionID' is present

2020-12-22 18:21:30 - [MESSAGE][PASSED] - Text '' is set on object 'Object Repository/VLink/Page_CCSale/txt_TransactionID'

2020-12-22 18:21:31 - [MESSAGE][PASSED] - Object 'Object Repository/VLink/Page_CCSale/txt_ApprovalCode' is present

2020-12-22 18:21:31 - [MESSAGE][PASSED] - Text '' is set on object 'Object Repository/VLink/Page_CCSale/txt_ApprovalCode'

2020-12-22 18:21:32 - [MESSAGE][PASSED] - Object 'Object Repository/VLink/Page_CCSale/txt_CardName' is present

2020-12-22 18:21:32 - [MESSAGE][PASSED] - Text 'Roshan Maha' is set on object 'Object Repository/VLink/Page_CCSale/txt_CardName'

2020-12-22 18:21:33 - [MESSAGE][PASSED] - Object 'Object Repository/VLink/Page_CCSale/txt_AL1' is present

2020-12-22 18:21:33 - [MESSAGE][PASSED] - Text '12563 Bazaar road' is set on object 'Object Repository/VLink/Page_CCSale/txt_AL1'

2020-12-22 18:21:34 - [MESSAGE][PASSED] - Object 'Object Repository/VLink/Page_CCSale/txt_AL2' is present

2020-12-22 18:21:34 - [MESSAGE][PASSED] - Text '' is set on object 'Object Repository/VLink/Page_CCSale/txt_AL2'

2020-12-22 18:21:35 - [MESSAGE][PASSED] - Object 'Object Repository/VLink/Page_CCSale/txt_CardCity' is present

2020-12-22 18:21:35 - [MESSAGE][PASSED] - Text 'Crofton' is set on object 'Object Repository/VLink/Page_CCSale/txt_CardCity'

2020-12-22 18:21:36 - [MESSAGE][PASSED] - Object 'Object Repository/VLink/Page_CCSale/txt_CardState' is present

2020-12-22 18:21:36 - [MESSAGE][PASSED] - Text 'MD' is set on object 'Object Repository/VLink/Page_CCSale/txt_CardState'

2020-12-22 18:21:37 - [MESSAGE][PASSED] - Object 'Object Repository/VLink/Page_CCSale/txt_CardZIP' is present

2020-12-22 18:21:37 - [MESSAGE][PASSED] - Text '21114' is set on object 'Object Repository/VLink/Page_CCSale/txt_CardZIP'

2020-12-22 18:21:38 - [MESSAGE][PASSED] - Object 'Object Repository/VLink/Page_CCSale/txt_CountryID' is present

2020-12-22 18:21:38 - [MESSAGE][PASSED] - Text '' is set on object 'Object Repository/VLink/Page_CCSale/txt_CountryID'

2020-12-22 18:21:39 - [MESSAGE][PASSED] - Object 'Object Repository/VLink/Page_CCSale/txt_Amount' is present

2020-12-22 18:21:39 - [MESSAGE][PASSED] - Text '3.50' is set on object 'Object Repository/VLink/Page_CCSale/txt_Amount'

2020-12-22 18:21:40 - [MESSAGE][PASSED] - Object 'Object Repository/VLink/Page_CCSale/txt_CardNumber' is present

2020-12-22 18:21:40 - [MESSAGE][PASSED] - Text '370000000000002' is set on object 'Object Repository/VLink/Page_CCSale/txt_CardNumber'

2020-12-22 18:21:41 - [MESSAGE][PASSED] - Object 'Object Repository/VLink/Page_CCSale/txt_ExpMonth' is present

2020-12-22 18:21:41 - [MESSAGE][PASSED] - Text '01' is set on object 'Object Repository/VLink/Page_CCSale/txt_ExpMonth'

2020-12-22 18:21:42 - [MESSAGE][PASSED] - Object 'Object Repository/VLink/Page_CCSale/txt_ExpYear' is present

2020-12-22 18:21:42 - [MESSAGE][PASSED] - Text '2026' is set on object 'Object Repository/VLink/Page_CCSale/txt_ExpYear'

2020-12-22 18:21:43 - [MESSAGE][PASSED] - Object 'Object Repository/VLink/Page_CCSale/txt_CVV' is present

2020-12-22 18:21:43 - [MESSAGE][PASSED] - Text '' is set on object 'Object Repository/VLink/Page_CCSale/txt_CVV'

2020-12-22 18:21:44 - [MESSAGE][PASSED] - Object 'Object Repository/VLink/Page_CCSale/txt_CVVstate' is present

2020-12-22 18:21:44 - [MESSAGE][PASSED] - Text '' is set on object 'Object Repository/VLink/Page_CCSale/txt_CVVstate'

2020-12-22 18:21:45 - [MESSAGE][PASSED] - Object 'Object Repository/VLink/Page_CCSale/txt_TrackData' is present

2020-12-22 18:21:45 - [MESSAGE][PASSED] - Text '' is set on object 'Object Repository/VLink/Page_CCSale/txt_TrackData'

2020-12-22 18:21:46 - [MESSAGE][PASSED] - Object 'Object Repository/VLink/Page_CCSale/txt_Track1Data' is present

2020-12-22 18:21:46 - [MESSAGE][PASSED] - Text '' is set on object 'Object Repository/VLink/Page_CCSale/txt_Track1Data'

2020-12-22 18:21:47 - [MESSAGE][PASSED] - Object 'Object Repository/VLink/Page_CCSale/txt_Track2Data' is present

2020-12-22 18:21:47 - [MESSAGE][PASSED] - Text '' is set on object 'Object Repository/VLink/Page_CCSale/txt_Track2Data'

2020-12-22 18:21:48 - [MESSAGE][PASSED] - Object 'Object Repository/VLink/Page_CCSale/txt_POSEntryMode' is present

2020-12-22 18:21:48 - [MESSAGE][PASSED] - Text 'manual' is set on object 'Object Repository/VLink/Page_CCSale/txt_POSEntryMode'

2020-12-22 18:21:49 - [MESSAGE][PASSED] - Object 'Object Repository/VLink/Page_CCSale/txt_Email' is present

2020-12-22 18:21:49 - [MESSAGE][PASSED] - Text '' is set on object 'Object Repository/VLink/Page_CCSale/txt_Email'

2020-12-22 18:21:50 - [MESSAGE][PASSED] - Object 'Object Repository/VLink/Page_CCSale/txt_OrderNumber' is present

2020-12-22 18:21:50 - [MESSAGE][PASSED] - Text '' is set on object 'Object Repository/VLink/Page_CCSale/txt_OrderNumber'

2020-12-22 18:21:51 - [MESSAGE][PASSED] - Object 'Object Repository/VLink/Page_CCSale/txt_TaxAmount' is present

2020-12-22 18:21:51 - [MESSAGE][PASSED] - Text '' is set on object 'Object Repository/VLink/Page_CCSale/txt_TaxAmount'

2020-12-22 18:21:52 - [MESSAGE][PASSED] - Object 'Object Repository/VLink/Page_CCSale/txt_ChargeDescription' is present

2020-12-22 18:21:52 - [MESSAGE][PASSED] - Text '' is set on object 'Object Repository/VLink/Page_CCSale/txt_ChargeDescription'

2020-12-22 18:21:53 - [MESSAGE][PASSED] - Object 'Object Repository/VLink/Page_CCSale/txt_CAN' is present

2020-12-22 18:21:53 - [MESSAGE][PASSED] - Text '' is set on object 'Object Repository/VLink/Page_CCSale/txt_CAN'

2020-12-22 18:21:54 - [MESSAGE][PASSED] - Object 'Object Repository/VLink/Page_CCSale/txt_BillPaymentIndicator' is present

2020-12-22 18:21:54 - [MESSAGE][PASSED] - Text '' is set on object 'Object Repository/VLink/Page_CCSale/txt_BillPaymentIndicator'

2020-12-22 18:21:55 - [MESSAGE][PASSED] - Object 'Object Repository/VLink/Page_CCSale/txt_UDF1' is present

2020-12-22 18:21:55 - [MESSAGE][PASSED] - Text '' is set on object 'Object Repository/VLink/Page_CCSale/txt_UDF1'

2020-12-22 18:21:56 - [MESSAGE][PASSED] - Object 'Object Repository/VLink/Page_CCSale/txt_UDF2' is present

2020-12-22 18:21:56 - [MESSAGE][PASSED] - Text '' is set on object 'Object Repository/VLink/Page_CCSale/txt_UDF2'

2020-12-22 18:21:57 - [MESSAGE][PASSED] - Object 'Object Repository/VLink/Page_CCSale/txt_UDF3' is present

2020-12-22 18:21:57 - [MESSAGE][PASSED] - Text '' is set on object 'Object Repository/VLink/Page_CCSale/txt_UDF3'

2020-12-22 18:21:58 - [MESSAGE][PASSED] - Object 'Object Repository/VLink/Page_CCSale/txt_UDF4' is present

2020-12-22 18:21:58 - [MESSAGE][PASSED] - Text '' is set on object 'Object Repository/VLink/Page_CCSale/txt_UDF4'

2020-12-22 18:21:59 - [MESSAGE][PASSED] - Object 'Object Repository/VLink/Page_CCSale/txt_UDF5' is present

2020-12-22 18:21:59 - [MESSAGE][PASSED] - Text '' is set on object 'Object Repository/VLink/Page_CCSale/txt_UDF5'

2020-12-22 18:22:00 - [MESSAGE][PASSED] - Object 'Object Repository/VLink/Page_CCSale/txt_UDF6' is present

2020-12-22 18:22:00 - [MESSAGE][PASSED] - Text '' is set on object 'Object Repository/VLink/Page_CCSale/txt_UDF6'

2020-12-22 18:22:01 - [MESSAGE][PASSED] - Object 'Object Repository/VLink/Page_CCSale/txt_UDF7' is present

2020-12-22 18:22:01 - [MESSAGE][PASSED] - Text '' is set on object 'Object Repository/VLink/Page_CCSale/txt_UDF7'

2020-12-22 18:22:01 - [MESSAGE][PASSED] - Object 'Object Repository/VLink/Page_CCSale/txt_UDF8' is present

2020-12-22 18:22:02 - [MESSAGE][PASSED] - Text '' is set on object 'Object Repository/VLink/Page_CCSale/txt_UDF8'

2020-12-22 18:22:02 - [MESSAGE][PASSED] - Object 'Object Repository/VLink/Page_CCSale/txt_UDF9' is present

2020-12-22 18:22:03 - [MESSAGE][PASSED] - Text '' is set on object 'Object Repository/VLink/Page_CCSale/txt_UDF9'

2020-12-22 18:22:03 - [MESSAGE][PASSED] - Object 'Object Repository/VLink/Page_CCSale/txt_UDF10' is present

2020-12-22 18:22:04 - [MESSAGE][PASSED] - Text '' is set on object 'Object Repository/VLink/Page_CCSale/txt_UDF10'

2020-12-22 18:22:04 - [MESSAGE][PASSED] - Object 'Object Repository/VLink/Page_CCSale/txt_CardOnFileIndicator' is present

2020-12-22 18:22:05 - [MESSAGE][PASSED] - Text '1' is set on object 'Object Repository/VLink/Page_CCSale/txt_CardOnFileIndicator'

2020-12-22 18:22:05 - [MESSAGE][PASSED] - Object 'Object Repository/VLink/Page_CCSale/txt_StoredCredentialIndicator' is present

2020-12-22 18:22:06 - [MESSAGE][PASSED] - Text 'Subsequent' is set on object 'Object Repository/VLink/Page_CCSale/txt_StoredCredentialIndicator'

2020-12-22 18:22:06 - [MESSAGE][PASSED] - Object 'Object Repository/VLink/Page_CCSale/txt_COFScheduledIndicator' is present

2020-12-22 18:22:07 - [MESSAGE][PASSED] - Text 'Scheduled' is set on object 'Object Repository/VLink/Page_CCSale/txt_COFScheduledIndicator'

2020-12-22 18:22:07 - [MESSAGE][PASSED] - Object 'Object Repository/VLink/Page_CCSale/txt_COFTransactionInitiatedBy' is present

2020-12-22 18:22:08 - [MESSAGE][PASSED] - Text 'Merchant' is set on object 'Object Repository/VLink/Page_CCSale/txt_COFTransactionInitiatedBy'

2020-12-22 18:22:10 - [MESSAGE][PASSED] - Object: 'Object Repository/VLink/Page_CCSale/btn_ProcessVLinkTransaction' is clicked on

2020-12-22 18:22:15 - [MESSAGE][PASSED] - vlinkPages.saleCCPage.setDataSCC is PASSED

2020-12-22 18:22:15 - [TEST_STEP][PASSED] - if (verifyTextPresent("Transaction approved, no errors", true)): null

2020-12-22 18:22:16 - [MESSAGE][PASSED] - Text 'Transaction approved, no errors' is present on page  using regular expression

2020-12-22 18:22:16 - [TEST_STEP][PASSED] - println("Transaction Approved, no errors text is present on the Confirmation page"): null

2020-12-22 18:22:16 - [TEST_STEP][PASSED] - out.println("Pass Record Number: " + row): null

2020-12-22 18:22:16 - [TEST_STEP][PASSED] - sdfo = getText(findTestObject("Object Repository/Page_VLinkReceipt/pre_STX")): Text of object 'Object Repository/Page_VLinkReceipt/pre_STX' is: '<STX>twcaLpdAKtXu                  12087998            0  Transaction approved, no errors                   0                                                                                  X OK7740   <ETX>'

2020-12-22 18:22:16 - [MESSAGE][PASSED] - Text of object 'Object Repository/Page_VLinkReceipt/pre_STX' is: '<STX>twcaLpdAKtXu                  12087998            0  Transaction approved, no errors                   0                                                                                  X OK7740   <ETX>'

2020-12-22 18:22:16 - [TEST_STEP][PASSED] - out.println("sdfo: " + sdfo): null

2020-12-22 18:22:16 - [TEST_STEP][PASSED] - remID = substring(5, 35).trim(): null

2020-12-22 18:22:16 - [TEST_STEP][PASSED] - out.println("Remittance ID: " + remID): null

2020-12-22 18:22:16 - [TEST_STEP][PASSED] - traxID = substring(35, 55).trim(): null

2020-12-22 18:22:16 - [TEST_STEP][PASSED] - out.println("Transaction ID: " + traxID): null

2020-12-22 18:22:16 - [TEST_STEP][PASSED] - out.println("End Record Number: " + row): null

2020-12-22 18:22:16 - [TEST_STEP][PASSED] - closeBrowser(): Browser is closed

2020-12-22 18:22:17 - [MESSAGE][PASSED] - Browser is closed

2020-12-22 18:22:17 - [TEST_STEP][PASSED] - out.println("Begin Record Number: " + row): null

2020-12-22 18:22:17 - [TEST_STEP][PASSED] - openBrowser(VLinkURL + "authcap.html"): Browser is opened with url: 'https://dev-algorithm.govolution.com/vlinktest/QA/version_2_0/authcap.html'

2020-12-22 18:22:17 - [MESSAGE][INFO] - Starting 'Chrome' driver

2020-12-22 18:22:17 - [MESSAGE][INFO] - User set preference: ['acceptInsecureCerts', 'true']

2020-12-22 18:22:17 - [MESSAGE][INFO] - Action delay is set to 0 milliseconds

2020-12-22 18:22:20 - [MESSAGE][PASSED] - Browser is opened with url: 'https://dev-algorithm.govolution.com/vlinktest/QA/version_2_0/authcap.html'

2020-12-22 18:22:20 - [TEST_STEP][PASSED] - maximizeWindow(): Current window maximized

2020-12-22 18:22:20 - [MESSAGE][PASSED] - Current window maximized

2020-12-22 18:22:20 - [TEST_STEP][PASSED] - vlinkPages.saleCCPage.setDataSCC(row, dataFile): vlinkPages.saleCCPage.setDataSCC is PASSED

2020-12-22 18:22:22 - [MESSAGE][PASSED] - Object 'Object Repository/VLink/Page_CCSale/txt_CardNumber' is present

2020-12-22 18:22:22 - [MESSAGE][PASSED] - Object 'Object Repository/VLink/Page_CCSale/txt_TransactionType' is present

2020-12-22 18:22:23 - [MESSAGE][PASSED] - Text '104' is set on object 'Object Repository/VLink/Page_CCSale/txt_TransactionType'

2020-12-22 18:22:23 - [MESSAGE][PASSED] - Object 'Object Repository/VLink/Page_CCSale/txt_MessageVersion' is present

2020-12-22 18:22:24 - [MESSAGE][PASSED] - Text '2.0C' is set on object 'Object Repository/VLink/Page_CCSale/txt_MessageVersion'

2020-12-22 18:22:24 - [MESSAGE][PASSED] - Object 'Object Repository/VLink/Page_CCSale/txt_RemID' is present

2020-12-22 18:22:25 - [MESSAGE][PASSED] - Text 'MaMQ7VZdKGza' is set on object 'Object Repository/VLink/Page_CCSale/txt_RemID'

2020-12-22 18:22:25 - [MESSAGE][PASSED] - Object 'Object Repository/VLink/Page_CCSale/txt_ApplicationId' is present

2020-12-22 18:22:26 - [MESSAGE][PASSED] - Text '665' is set on object 'Object Repository/VLink/Page_CCSale/txt_ApplicationId'

2020-12-22 18:22:26 - [MESSAGE][PASSED] - Object 'Object Repository/VLink/Page_CCSale/txt_Username' is present

2020-12-22 18:22:27 - [MESSAGE][PASSED] - Text 'username' is set on object 'Object Repository/VLink/Page_CCSale/txt_Username'

2020-12-22 18:22:27 - [MESSAGE][PASSED] - Object 'Object Repository/VLink/Page_CCSale/txt_Password' is present

2020-12-22 18:22:28 - [MESSAGE][PASSED] - Text 'password' is set on object 'Object Repository/VLink/Page_CCSale/txt_Password'

2020-12-22 18:22:28 - [MESSAGE][PASSED] - Object 'Object Repository/VLink/Page_CCSale/txt_ResponseFormat' is present

2020-12-22 18:22:29 - [MESSAGE][PASSED] - Text 'fixed_width' is set on object 'Object Repository/VLink/Page_CCSale/txt_ResponseFormat'

2020-12-22 18:22:29 - [MESSAGE][PASSED] - Object 'Object Repository/VLink/Page_CCSale/txt_Category' is present

2020-12-22 18:22:30 - [MESSAGE][PASSED] - Text 'RETL' is set on object 'Object Repository/VLink/Page_CCSale/txt_Category'

2020-12-22 18:22:30 - [MESSAGE][PASSED] - Object 'Object Repository/VLink/Page_CCSale/txt_TransactionID' is present

2020-12-22 18:22:30 - [MESSAGE][PASSED] - Text '' is set on object 'Object Repository/VLink/Page_CCSale/txt_TransactionID'

2020-12-22 18:22:31 - [MESSAGE][PASSED] - Object 'Object Repository/VLink/Page_CCSale/txt_ApprovalCode' is present

2020-12-22 18:22:31 - [MESSAGE][PASSED] - Text '' is set on object 'Object Repository/VLink/Page_CCSale/txt_ApprovalCode'

2020-12-22 18:22:32 - [MESSAGE][PASSED] - Object 'Object Repository/VLink/Page_CCSale/txt_CardName' is present

2020-12-22 18:22:32 - [MESSAGE][PASSED] - Text 'Kris Roshan' is set on object 'Object Repository/VLink/Page_CCSale/txt_CardName'

2020-12-22 18:22:32 - [MESSAGE][PASSED] - Object 'Object Repository/VLink/Page_CCSale/txt_AL1' is present

2020-12-22 18:22:33 - [MESSAGE][PASSED] - Text '258 Elm Road' is set on object 'Object Repository/VLink/Page_CCSale/txt_AL1'

2020-12-22 18:22:33 - [MESSAGE][PASSED] - Object 'Object Repository/VLink/Page_CCSale/txt_AL2' is present

2020-12-22 18:22:34 - [MESSAGE][PASSED] - Text 'Suite 56' is set on object 'Object Repository/VLink/Page_CCSale/txt_AL2'

2020-12-22 18:22:34 - [MESSAGE][PASSED] - Object 'Object Repository/VLink/Page_CCSale/txt_CardCity' is present

2020-12-22 18:22:35 - [MESSAGE][PASSED] - Text 'Arlington' is set on object 'Object Repository/VLink/Page_CCSale/txt_CardCity'

2020-12-22 18:22:35 - [MESSAGE][PASSED] - Object 'Object Repository/VLink/Page_CCSale/txt_CardState' is present

2020-12-22 18:22:36 - [MESSAGE][PASSED] - Text 'VA' is set on object 'Object Repository/VLink/Page_CCSale/txt_CardState'

2020-12-22 18:22:36 - [MESSAGE][PASSED] - Object 'Object Repository/VLink/Page_CCSale/txt_CardZIP' is present

2020-12-22 18:22:37 - [MESSAGE][PASSED] - Text '22201' is set on object 'Object Repository/VLink/Page_CCSale/txt_CardZIP'

2020-12-22 18:22:37 - [MESSAGE][PASSED] - Object 'Object Repository/VLink/Page_CCSale/txt_CountryID' is present

2020-12-22 18:22:38 - [MESSAGE][PASSED] - Text '840' is set on object 'Object Repository/VLink/Page_CCSale/txt_CountryID'

2020-12-22 18:22:38 - [MESSAGE][PASSED] - Object 'Object Repository/VLink/Page_CCSale/txt_Amount' is present

2020-12-22 18:22:39 - [MESSAGE][PASSED] - Text '1.50' is set on object 'Object Repository/VLink/Page_CCSale/txt_Amount'

2020-12-22 18:22:39 - [MESSAGE][PASSED] - Object 'Object Repository/VLink/Page_CCSale/txt_CardNumber' is present

2020-12-22 18:22:40 - [MESSAGE][PASSED] - Text '6011000000000004' is set on object 'Object Repository/VLink/Page_CCSale/txt_CardNumber'

2020-12-22 18:22:40 - [MESSAGE][PASSED] - Object 'Object Repository/VLink/Page_CCSale/txt_ExpMonth' is present

2020-12-22 18:22:41 - [MESSAGE][PASSED] - Text '12' is set on object 'Object Repository/VLink/Page_CCSale/txt_ExpMonth'

2020-12-22 18:22:41 - [MESSAGE][PASSED] - Object 'Object Repository/VLink/Page_CCSale/txt_ExpYear' is present

2020-12-22 18:22:42 - [MESSAGE][PASSED] - Text '2025' is set on object 'Object Repository/VLink/Page_CCSale/txt_ExpYear'

2020-12-22 18:22:42 - [MESSAGE][PASSED] - Object 'Object Repository/VLink/Page_CCSale/txt_CVV' is present

2020-12-22 18:22:43 - [MESSAGE][PASSED] - Text '' is set on object 'Object Repository/VLink/Page_CCSale/txt_CVV'

2020-12-22 18:22:43 - [MESSAGE][PASSED] - Object 'Object Repository/VLink/Page_CCSale/txt_CVVstate' is present

2020-12-22 18:22:44 - [MESSAGE][PASSED] - Text '' is set on object 'Object Repository/VLink/Page_CCSale/txt_CVVstate'

2020-12-22 18:22:44 - [MESSAGE][PASSED] - Object 'Object Repository/VLink/Page_CCSale/txt_TrackData' is present

2020-12-22 18:22:45 - [MESSAGE][PASSED] - Text '' is set on object 'Object Repository/VLink/Page_CCSale/txt_TrackData'

2020-12-22 18:22:45 - [MESSAGE][PASSED] - Object 'Object Repository/VLink/Page_CCSale/txt_Track1Data' is present

2020-12-22 18:22:46 - [MESSAGE][PASSED] - Text '' is set on object 'Object Repository/VLink/Page_CCSale/txt_Track1Data'

2020-12-22 18:22:46 - [MESSAGE][PASSED] - Object 'Object Repository/VLink/Page_CCSale/txt_Track2Data' is present

2020-12-22 18:22:47 - [MESSAGE][PASSED] - Text '' is set on object 'Object Repository/VLink/Page_CCSale/txt_Track2Data'

2020-12-22 18:22:47 - [MESSAGE][PASSED] - Object 'Object Repository/VLink/Page_CCSale/txt_POSEntryMode' is present

2020-12-22 18:22:48 - [MESSAGE][PASSED] - Text 'manual' is set on object 'Object Repository/VLink/Page_CCSale/txt_POSEntryMode'

2020-12-22 18:22:48 - [MESSAGE][PASSED] - Object 'Object Repository/VLink/Page_CCSale/txt_Email' is present

2020-12-22 18:22:49 - [MESSAGE][PASSED] - Text 'iahmed@govolution.com' is set on object 'Object Repository/VLink/Page_CCSale/txt_Email'

2020-12-22 18:22:49 - [MESSAGE][PASSED] - Object 'Object Repository/VLink/Page_CCSale/txt_OrderNumber' is present

2020-12-22 18:22:50 - [MESSAGE][PASSED] - Text '2569362' is set on object 'Object Repository/VLink/Page_CCSale/txt_OrderNumber'

2020-12-22 18:22:50 - [MESSAGE][PASSED] - Object 'Object Repository/VLink/Page_CCSale/txt_TaxAmount' is present

2020-12-22 18:22:51 - [MESSAGE][PASSED] - Text '1.15' is set on object 'Object Repository/VLink/Page_CCSale/txt_TaxAmount'

2020-12-22 18:22:51 - [MESSAGE][PASSED] - Object 'Object Repository/VLink/Page_CCSale/txt_ChargeDescription' is present

2020-12-22 18:22:52 - [MESSAGE][PASSED] - Text 'Charge Description' is set on object 'Object Repository/VLink/Page_CCSale/txt_ChargeDescription'

2020-12-22 18:22:52 - [MESSAGE][PASSED] - Object 'Object Repository/VLink/Page_CCSale/txt_CAN' is present

2020-12-22 18:22:53 - [MESSAGE][PASSED] - Text '147357' is set on object 'Object Repository/VLink/Page_CCSale/txt_CAN'

2020-12-22 18:22:53 - [MESSAGE][PASSED] - Object 'Object Repository/VLink/Page_CCSale/txt_BillPaymentIndicator' is present

2020-12-22 18:22:54 - [MESSAGE][PASSED] - Text '1' is set on object 'Object Repository/VLink/Page_CCSale/txt_BillPaymentIndicator'

2020-12-22 18:22:54 - [MESSAGE][PASSED] - Object 'Object Repository/VLink/Page_CCSale/txt_UDF1' is present

2020-12-22 18:22:55 - [MESSAGE][PASSED] - Text 'UDF Data 1' is set on object 'Object Repository/VLink/Page_CCSale/txt_UDF1'

2020-12-22 18:22:55 - [MESSAGE][PASSED] - Object 'Object Repository/VLink/Page_CCSale/txt_UDF2' is present

2020-12-22 18:22:56 - [MESSAGE][PASSED] - Text 'UDF Data 2' is set on object 'Object Repository/VLink/Page_CCSale/txt_UDF2'

2020-12-22 18:22:56 - [MESSAGE][PASSED] - Object 'Object Repository/VLink/Page_CCSale/txt_UDF3' is present

2020-12-22 18:22:57 - [MESSAGE][PASSED] - Text 'UDF Data 3' is set on object 'Object Repository/VLink/Page_CCSale/txt_UDF3'

2020-12-22 18:22:57 - [MESSAGE][PASSED] - Object 'Object Repository/VLink/Page_CCSale/txt_UDF4' is present

2020-12-22 18:22:58 - [MESSAGE][PASSED] - Text 'UDF Data 4' is set on object 'Object Repository/VLink/Page_CCSale/txt_UDF4'

2020-12-22 18:22:58 - [MESSAGE][PASSED] - Object 'Object Repository/VLink/Page_CCSale/txt_UDF5' is present

2020-12-22 18:22:59 - [MESSAGE][PASSED] - Text 'UDF Data 5' is set on object 'Object Repository/VLink/Page_CCSale/txt_UDF5'

2020-12-22 18:22:59 - [MESSAGE][PASSED] - Object 'Object Repository/VLink/Page_CCSale/txt_UDF6' is present

2020-12-22 18:23:00 - [MESSAGE][PASSED] - Text 'UDF Data 6' is set on object 'Object Repository/VLink/Page_CCSale/txt_UDF6'

2020-12-22 18:23:00 - [MESSAGE][PASSED] - Object 'Object Repository/VLink/Page_CCSale/txt_UDF7' is present

2020-12-22 18:23:01 - [MESSAGE][PASSED] - Text 'UDF Data 7' is set on object 'Object Repository/VLink/Page_CCSale/txt_UDF7'

2020-12-22 18:23:01 - [MESSAGE][PASSED] - Object 'Object Repository/VLink/Page_CCSale/txt_UDF8' is present

2020-12-22 18:23:02 - [MESSAGE][PASSED] - Text 'UDF Data 8' is set on object 'Object Repository/VLink/Page_CCSale/txt_UDF8'

2020-12-22 18:23:02 - [MESSAGE][PASSED] - Object 'Object Repository/VLink/Page_CCSale/txt_UDF9' is present

2020-12-22 18:23:03 - [MESSAGE][PASSED] - Text 'UDF Data 9' is set on object 'Object Repository/VLink/Page_CCSale/txt_UDF9'

2020-12-22 18:23:03 - [MESSAGE][PASSED] - Object 'Object Repository/VLink/Page_CCSale/txt_UDF10' is present

2020-12-22 18:23:04 - [MESSAGE][PASSED] - Text 'UDF Data 10' is set on object 'Object Repository/VLink/Page_CCSale/txt_UDF10'

2020-12-22 18:23:04 - [MESSAGE][PASSED] - Object 'Object Repository/VLink/Page_CCSale/txt_CardOnFileIndicator' is present

2020-12-22 18:23:05 - [MESSAGE][PASSED] - Text '1' is set on object 'Object Repository/VLink/Page_CCSale/txt_CardOnFileIndicator'

2020-12-22 18:23:05 - [MESSAGE][PASSED] - Object 'Object Repository/VLink/Page_CCSale/txt_StoredCredentialIndicator' is present

2020-12-22 18:23:06 - [MESSAGE][PASSED] - Text 'Subsequent' is set on object 'Object Repository/VLink/Page_CCSale/txt_StoredCredentialIndicator'

2020-12-22 18:23:06 - [MESSAGE][PASSED] - Object 'Object Repository/VLink/Page_CCSale/txt_COFScheduledIndicator' is present

2020-12-22 18:23:07 - [MESSAGE][PASSED] - Text 'Scheduled' is set on object 'Object Repository/VLink/Page_CCSale/txt_COFScheduledIndicator'

2020-12-22 18:23:07 - [MESSAGE][PASSED] - Object 'Object Repository/VLink/Page_CCSale/txt_COFTransactionInitiatedBy' is present

2020-12-22 18:23:08 - [MESSAGE][PASSED] - Text 'Merchant' is set on object 'Object Repository/VLink/Page_CCSale/txt_COFTransactionInitiatedBy'

2020-12-22 18:23:10 - [MESSAGE][PASSED] - Object: 'Object Repository/VLink/Page_CCSale/btn_ProcessVLinkTransaction' is clicked on

2020-12-22 18:23:15 - [MESSAGE][PASSED] - vlinkPages.saleCCPage.setDataSCC is PASSED

2020-12-22 18:23:15 - [TEST_STEP][PASSED] - if (verifyTextPresent("Transaction approved, no errors", true)): null

2020-12-22 18:23:16 - [MESSAGE][PASSED] - Text 'Transaction approved, no errors' is present on page  using regular expression

2020-12-22 18:23:16 - [TEST_STEP][PASSED] - println("Transaction Approved, no errors text is present on the Confirmation page"): null

2020-12-22 18:23:16 - [TEST_STEP][PASSED] - out.println("Pass Record Number: " + row): null

2020-12-22 18:23:16 - [TEST_STEP][PASSED] - sdfo = getText(findTestObject("Object Repository/Page_VLinkReceipt/pre_STX")): Text of object 'Object Repository/Page_VLinkReceipt/pre_STX' is: '<STX>MaMQ7VZdKGza                  12087999            0  Transaction approved, no errors                   0                                                                                  X OK7790   <ETX>'

2020-12-22 18:23:16 - [MESSAGE][PASSED] - Text of object 'Object Repository/Page_VLinkReceipt/pre_STX' is: '<STX>MaMQ7VZdKGza                  12087999            0  Transaction approved, no errors                   0                                                                                  X OK7790   <ETX>'

2020-12-22 18:23:16 - [TEST_STEP][PASSED] - out.println("sdfo: " + sdfo): null

2020-12-22 18:23:16 - [TEST_STEP][PASSED] - remID = substring(5, 35).trim(): null

2020-12-22 18:23:16 - [TEST_STEP][PASSED] - out.println("Remittance ID: " + remID): null

2020-12-22 18:23:16 - [TEST_STEP][PASSED] - traxID = substring(35, 55).trim(): null

2020-12-22 18:23:16 - [TEST_STEP][PASSED] - out.println("Transaction ID: " + traxID): null

2020-12-22 18:23:16 - [TEST_STEP][PASSED] - out.println("End Record Number: " + row): null

2020-12-22 18:23:16 - [TEST_STEP][PASSED] - closeBrowser(): Browser is closed

2020-12-22 18:23:17 - [MESSAGE][PASSED] - Browser is closed

2020-12-22 18:23:17 - [TEST_STEP][PASSED] - out.println("Begin Record Number: " + row): null

2020-12-22 18:23:17 - [TEST_STEP][PASSED] - openBrowser(VLinkURL + "authcap.html"): Browser is opened with url: 'https://dev-algorithm.govolution.com/vlinktest/QA/version_2_0/authcap.html'

2020-12-22 18:23:17 - [MESSAGE][INFO] - Starting 'Chrome' driver

2020-12-22 18:23:17 - [MESSAGE][INFO] - User set preference: ['acceptInsecureCerts', 'true']

2020-12-22 18:23:17 - [MESSAGE][INFO] - Action delay is set to 0 milliseconds

2020-12-22 18:23:20 - [MESSAGE][PASSED] - Browser is opened with url: 'https://dev-algorithm.govolution.com/vlinktest/QA/version_2_0/authcap.html'

2020-12-22 18:23:20 - [TEST_STEP][PASSED] - maximizeWindow(): Current window maximized

2020-12-22 18:23:20 - [MESSAGE][PASSED] - Current window maximized

2020-12-22 18:23:20 - [TEST_STEP][PASSED] - vlinkPages.saleCCPage.setDataSCC(row, dataFile): vlinkPages.saleCCPage.setDataSCC is PASSED

2020-12-22 18:23:22 - [MESSAGE][PASSED] - Object 'Object Repository/VLink/Page_CCSale/txt_CardNumber' is present

2020-12-22 18:23:22 - [MESSAGE][PASSED] - Object 'Object Repository/VLink/Page_CCSale/txt_TransactionType' is present

2020-12-22 18:23:23 - [MESSAGE][PASSED] - Text '104' is set on object 'Object Repository/VLink/Page_CCSale/txt_TransactionType'

2020-12-22 18:23:23 - [MESSAGE][PASSED] - Object 'Object Repository/VLink/Page_CCSale/txt_MessageVersion' is present

2020-12-22 18:23:24 - [MESSAGE][PASSED] - Text '2.0C' is set on object 'Object Repository/VLink/Page_CCSale/txt_MessageVersion'

2020-12-22 18:23:24 - [MESSAGE][PASSED] - Object 'Object Repository/VLink/Page_CCSale/txt_RemID' is present

2020-12-22 18:23:25 - [MESSAGE][PASSED] - Text 'ZvC8SZL5LLaA' is set on object 'Object Repository/VLink/Page_CCSale/txt_RemID'

2020-12-22 18:23:25 - [MESSAGE][PASSED] - Object 'Object Repository/VLink/Page_CCSale/txt_ApplicationId' is present

2020-12-22 18:23:26 - [MESSAGE][PASSED] - Text '667' is set on object 'Object Repository/VLink/Page_CCSale/txt_ApplicationId'

2020-12-22 18:23:26 - [MESSAGE][PASSED] - Object 'Object Repository/VLink/Page_CCSale/txt_Username' is present

2020-12-22 18:23:27 - [MESSAGE][PASSED] - Text 'username' is set on object 'Object Repository/VLink/Page_CCSale/txt_Username'

2020-12-22 18:23:27 - [MESSAGE][PASSED] - Object 'Object Repository/VLink/Page_CCSale/txt_Password' is present

2020-12-22 18:23:28 - [MESSAGE][PASSED] - Text 'password' is set on object 'Object Repository/VLink/Page_CCSale/txt_Password'

2020-12-22 18:23:28 - [MESSAGE][PASSED] - Object 'Object Repository/VLink/Page_CCSale/txt_ResponseFormat' is present

2020-12-22 18:23:28 - [MESSAGE][PASSED] - Text 'fixed_width' is set on object 'Object Repository/VLink/Page_CCSale/txt_ResponseFormat'

2020-12-22 18:23:29 - [MESSAGE][PASSED] - Object 'Object Repository/VLink/Page_CCSale/txt_Category' is present

2020-12-22 18:23:29 - [MESSAGE][PASSED] - Text 'ECOM' is set on object 'Object Repository/VLink/Page_CCSale/txt_Category'

2020-12-22 18:23:30 - [MESSAGE][PASSED] - Object 'Object Repository/VLink/Page_CCSale/txt_TransactionID' is present

2020-12-22 18:23:30 - [MESSAGE][PASSED] - Text '' is set on object 'Object Repository/VLink/Page_CCSale/txt_TransactionID'

2020-12-22 18:23:30 - [MESSAGE][PASSED] - Object 'Object Repository/VLink/Page_CCSale/txt_ApprovalCode' is present

2020-12-22 18:23:31 - [MESSAGE][PASSED] - Text '' is set on object 'Object Repository/VLink/Page_CCSale/txt_ApprovalCode'

2020-12-22 18:23:31 - [MESSAGE][PASSED] - Object 'Object Repository/VLink/Page_CCSale/txt_CardName' is present

2020-12-22 18:23:32 - [MESSAGE][PASSED] - Text 'Kris Roshan' is set on object 'Object Repository/VLink/Page_CCSale/txt_CardName'

2020-12-22 18:23:32 - [MESSAGE][PASSED] - Object 'Object Repository/VLink/Page_CCSale/txt_AL1' is present

2020-12-22 18:23:33 - [MESSAGE][PASSED] - Text '258 Elm Road' is set on object 'Object Repository/VLink/Page_CCSale/txt_AL1'

2020-12-22 18:23:33 - [MESSAGE][PASSED] - Object 'Object Repository/VLink/Page_CCSale/txt_AL2' is present

2020-12-22 18:23:34 - [MESSAGE][PASSED] - Text 'Suite 56' is set on object 'Object Repository/VLink/Page_CCSale/txt_AL2'

2020-12-22 18:23:34 - [MESSAGE][PASSED] - Object 'Object Repository/VLink/Page_CCSale/txt_CardCity' is present

2020-12-22 18:23:35 - [MESSAGE][PASSED] - Text 'Arlington' is set on object 'Object Repository/VLink/Page_CCSale/txt_CardCity'

2020-12-22 18:23:35 - [MESSAGE][PASSED] - Object 'Object Repository/VLink/Page_CCSale/txt_CardState' is present

2020-12-22 18:23:36 - [MESSAGE][PASSED] - Text 'VA' is set on object 'Object Repository/VLink/Page_CCSale/txt_CardState'

2020-12-22 18:23:36 - [MESSAGE][PASSED] - Object 'Object Repository/VLink/Page_CCSale/txt_CardZIP' is present

2020-12-22 18:23:37 - [MESSAGE][PASSED] - Text '22201' is set on object 'Object Repository/VLink/Page_CCSale/txt_CardZIP'

2020-12-22 18:23:37 - [MESSAGE][PASSED] - Object 'Object Repository/VLink/Page_CCSale/txt_CountryID' is present

2020-12-22 18:23:38 - [MESSAGE][PASSED] - Text '840' is set on object 'Object Repository/VLink/Page_CCSale/txt_CountryID'

2020-12-22 18:23:38 - [MESSAGE][PASSED] - Object 'Object Repository/VLink/Page_CCSale/txt_Amount' is present

2020-12-22 18:23:39 - [MESSAGE][PASSED] - Text '1.50' is set on object 'Object Repository/VLink/Page_CCSale/txt_Amount'

2020-12-22 18:23:39 - [MESSAGE][PASSED] - Object 'Object Repository/VLink/Page_CCSale/txt_CardNumber' is present

2020-12-22 18:23:40 - [MESSAGE][PASSED] - Text '4111111111111111' is set on object 'Object Repository/VLink/Page_CCSale/txt_CardNumber'

2020-12-22 18:23:40 - [MESSAGE][PASSED] - Object 'Object Repository/VLink/Page_CCSale/txt_ExpMonth' is present

2020-12-22 18:23:41 - [MESSAGE][PASSED] - Text '12' is set on object 'Object Repository/VLink/Page_CCSale/txt_ExpMonth'

2020-12-22 18:23:41 - [MESSAGE][PASSED] - Object 'Object Repository/VLink/Page_CCSale/txt_ExpYear' is present

2020-12-22 18:23:42 - [MESSAGE][PASSED] - Text '2025' is set on object 'Object Repository/VLink/Page_CCSale/txt_ExpYear'

2020-12-22 18:23:42 - [MESSAGE][PASSED] - Object 'Object Repository/VLink/Page_CCSale/txt_CVV' is present

2020-12-22 18:23:43 - [MESSAGE][PASSED] - Text '' is set on object 'Object Repository/VLink/Page_CCSale/txt_CVV'

2020-12-22 18:23:43 - [MESSAGE][PASSED] - Object 'Object Repository/VLink/Page_CCSale/txt_CVVstate' is present

2020-12-22 18:23:44 - [MESSAGE][PASSED] - Text '' is set on object 'Object Repository/VLink/Page_CCSale/txt_CVVstate'

2020-12-22 18:23:44 - [MESSAGE][PASSED] - Object 'Object Repository/VLink/Page_CCSale/txt_TrackData' is present

2020-12-22 18:23:45 - [MESSAGE][PASSED] - Text '' is set on object 'Object Repository/VLink/Page_CCSale/txt_TrackData'

2020-12-22 18:23:45 - [MESSAGE][PASSED] - Object 'Object Repository/VLink/Page_CCSale/txt_Track1Data' is present

2020-12-22 18:23:46 - [MESSAGE][PASSED] - Text '' is set on object 'Object Repository/VLink/Page_CCSale/txt_Track1Data'

2020-12-22 18:23:46 - [MESSAGE][PASSED] - Object 'Object Repository/VLink/Page_CCSale/txt_Track2Data' is present

2020-12-22 18:23:47 - [MESSAGE][PASSED] - Text '' is set on object 'Object Repository/VLink/Page_CCSale/txt_Track2Data'

2020-12-22 18:23:47 - [MESSAGE][PASSED] - Object 'Object Repository/VLink/Page_CCSale/txt_POSEntryMode' is present

2020-12-22 18:23:48 - [MESSAGE][PASSED] - Text 'manual' is set on object 'Object Repository/VLink/Page_CCSale/txt_POSEntryMode'

2020-12-22 18:23:48 - [MESSAGE][PASSED] - Object 'Object Repository/VLink/Page_CCSale/txt_Email' is present

2020-12-22 18:23:49 - [MESSAGE][PASSED] - Text 'iahmed@govolution.com' is set on object 'Object Repository/VLink/Page_CCSale/txt_Email'

2020-12-22 18:23:49 - [MESSAGE][PASSED] - Object 'Object Repository/VLink/Page_CCSale/txt_OrderNumber' is present

2020-12-22 18:23:50 - [MESSAGE][PASSED] - Text '2569362' is set on object 'Object Repository/VLink/Page_CCSale/txt_OrderNumber'

2020-12-22 18:23:50 - [MESSAGE][PASSED] - Object 'Object Repository/VLink/Page_CCSale/txt_TaxAmount' is present

2020-12-22 18:23:51 - [MESSAGE][PASSED] - Text '1.15' is set on object 'Object Repository/VLink/Page_CCSale/txt_TaxAmount'

2020-12-22 18:23:51 - [MESSAGE][PASSED] - Object 'Object Repository/VLink/Page_CCSale/txt_ChargeDescription' is present

2020-12-22 18:23:52 - [MESSAGE][PASSED] - Text 'Charge Description' is set on object 'Object Repository/VLink/Page_CCSale/txt_ChargeDescription'

2020-12-22 18:23:52 - [MESSAGE][PASSED] - Object 'Object Repository/VLink/Page_CCSale/txt_CAN' is present

2020-12-22 18:23:53 - [MESSAGE][PASSED] - Text '147357' is set on object 'Object Repository/VLink/Page_CCSale/txt_CAN'

2020-12-22 18:23:53 - [MESSAGE][PASSED] - Object 'Object Repository/VLink/Page_CCSale/txt_BillPaymentIndicator' is present

2020-12-22 18:23:54 - [MESSAGE][PASSED] - Text '1' is set on object 'Object Repository/VLink/Page_CCSale/txt_BillPaymentIndicator'

2020-12-22 18:23:54 - [MESSAGE][PASSED] - Object 'Object Repository/VLink/Page_CCSale/txt_UDF1' is present

2020-12-22 18:23:55 - [MESSAGE][PASSED] - Text 'UDF Data 1' is set on object 'Object Repository/VLink/Page_CCSale/txt_UDF1'

2020-12-22 18:23:55 - [MESSAGE][PASSED] - Object 'Object Repository/VLink/Page_CCSale/txt_UDF2' is present

2020-12-22 18:23:56 - [MESSAGE][PASSED] - Text 'UDF Data 2' is set on object 'Object Repository/VLink/Page_CCSale/txt_UDF2'

2020-12-22 18:23:56 - [MESSAGE][PASSED] - Object 'Object Repository/VLink/Page_CCSale/txt_UDF3' is present

2020-12-22 18:23:57 - [MESSAGE][PASSED] - Text 'UDF Data 3' is set on object 'Object Repository/VLink/Page_CCSale/txt_UDF3'

2020-12-22 18:23:57 - [MESSAGE][PASSED] - Object 'Object Repository/VLink/Page_CCSale/txt_UDF4' is present

2020-12-22 18:23:58 - [MESSAGE][PASSED] - Text 'UDF Data 4' is set on object 'Object Repository/VLink/Page_CCSale/txt_UDF4'

2020-12-22 18:23:58 - [MESSAGE][PASSED] - Object 'Object Repository/VLink/Page_CCSale/txt_UDF5' is present

2020-12-22 18:23:59 - [MESSAGE][PASSED] - Text 'UDF Data 5' is set on object 'Object Repository/VLink/Page_CCSale/txt_UDF5'

2020-12-22 18:23:59 - [MESSAGE][PASSED] - Object 'Object Repository/VLink/Page_CCSale/txt_UDF6' is present

2020-12-22 18:24:00 - [MESSAGE][PASSED] - Text 'UDF Data 6' is set on object 'Object Repository/VLink/Page_CCSale/txt_UDF6'

2020-12-22 18:24:00 - [MESSAGE][PASSED] - Object 'Object Repository/VLink/Page_CCSale/txt_UDF7' is present

2020-12-22 18:24:01 - [MESSAGE][PASSED] - Text 'UDF Data 7' is set on object 'Object Repository/VLink/Page_CCSale/txt_UDF7'

2020-12-22 18:24:01 - [MESSAGE][PASSED] - Object 'Object Repository/VLink/Page_CCSale/txt_UDF8' is present

2020-12-22 18:24:02 - [MESSAGE][PASSED] - Text 'UDF Data 8' is set on object 'Object Repository/VLink/Page_CCSale/txt_UDF8'

2020-12-22 18:24:02 - [MESSAGE][PASSED] - Object 'Object Repository/VLink/Page_CCSale/txt_UDF9' is present

2020-12-22 18:24:03 - [MESSAGE][PASSED] - Text 'UDF Data 9' is set on object 'Object Repository/VLink/Page_CCSale/txt_UDF9'

2020-12-22 18:24:03 - [MESSAGE][PASSED] - Object 'Object Repository/VLink/Page_CCSale/txt_UDF10' is present

2020-12-22 18:24:04 - [MESSAGE][PASSED] - Text 'UDF Data 10' is set on object 'Object Repository/VLink/Page_CCSale/txt_UDF10'

2020-12-22 18:24:04 - [MESSAGE][PASSED] - Object 'Object Repository/VLink/Page_CCSale/txt_CardOnFileIndicator' is present

2020-12-22 18:24:05 - [MESSAGE][PASSED] - Text '1' is set on object 'Object Repository/VLink/Page_CCSale/txt_CardOnFileIndicator'

2020-12-22 18:24:05 - [MESSAGE][PASSED] - Object 'Object Repository/VLink/Page_CCSale/txt_StoredCredentialIndicator' is present

2020-12-22 18:24:06 - [MESSAGE][PASSED] - Text 'Subsequent' is set on object 'Object Repository/VLink/Page_CCSale/txt_StoredCredentialIndicator'

2020-12-22 18:24:06 - [MESSAGE][PASSED] - Object 'Object Repository/VLink/Page_CCSale/txt_COFScheduledIndicator' is present

2020-12-22 18:24:07 - [MESSAGE][PASSED] - Text 'Scheduled' is set on object 'Object Repository/VLink/Page_CCSale/txt_COFScheduledIndicator'

2020-12-22 18:24:07 - [MESSAGE][PASSED] - Object 'Object Repository/VLink/Page_CCSale/txt_COFTransactionInitiatedBy' is present

2020-12-22 18:24:08 - [MESSAGE][PASSED] - Text 'Merchant' is set on object 'Object Repository/VLink/Page_CCSale/txt_COFTransactionInitiatedBy'

2020-12-22 18:24:11 - [MESSAGE][PASSED] - Object: 'Object Repository/VLink/Page_CCSale/btn_ProcessVLinkTransaction' is clicked on

2020-12-22 18:24:16 - [MESSAGE][PASSED] - vlinkPages.saleCCPage.setDataSCC is PASSED

2020-12-22 18:24:16 - [TEST_STEP][FAILED] - if (verifyTextPresent("Transaction approved, no errors", true)): Text 'Transaction approved, no errors' is not present on page  using regular expression (Root cause: com.kms.katalon.core.exception.StepFailedException: Text 'Transaction approved, no errors' is not present on page  using regular expression
	at com.kms.katalon.core.webui.keyword.internal.WebUIKeywordMain.stepFailed(WebUIKeywordMain.groovy:64)
	at com.kms.katalon.core.webui.keyword.builtin.VerifyTextPresentKeyword$_verifyTextPresent_closure1.doCall(VerifyTextPresentKeyword.groovy:79)
	at com.kms.katalon.core.webui.keyword.builtin.VerifyTextPresentKeyword$_verifyTextPresent_closure1.call(VerifyTextPresentKeyword.groovy)
	at com.kms.katalon.core.webui.keyword.internal.WebUIKeywordMain.runKeyword(WebUIKeywordMain.groovy:20)
	at com.kms.katalon.core.webui.keyword.builtin.VerifyTextPresentKeyword.verifyTextPresent(VerifyTextPresentKeyword.groovy:83)
	at com.kms.katalon.core.webui.keyword.builtin.VerifyTextPresentKeyword.execute(VerifyTextPresentKeyword.groovy:68)
	at com.kms.katalon.core.keyword.internal.KeywordExecutor.executeKeywordForPlatform(KeywordExecutor.groovy:72)
	at com.kms.katalon.core.webui.keyword.WebUiBuiltInKeywords.verifyTextPresent(WebUiBuiltInKeywords.groovy:1719)
	at com.kms.katalon.core.webui.keyword.WebUiBuiltInKeywords$verifyTextPresent$6.call(Unknown Source)
	at VLinkSale-Successful.run(VLinkSale-Successful:60)
	at com.kms.katalon.core.main.ScriptEngine.run(ScriptEngine.java:194)
	at com.kms.katalon.core.main.ScriptEngine.runScriptAsRawText(ScriptEngine.java:119)
	at com.kms.katalon.core.main.TestCaseExecutor.runScript(TestCaseExecutor.java:337)
	at com.kms.katalon.core.main.TestCaseExecutor.doExecute(TestCaseExecutor.java:328)
	at com.kms.katalon.core.main.TestCaseExecutor.processExecutionPhase(TestCaseExecutor.java:307)
	at com.kms.katalon.core.main.TestCaseExecutor.accessMainPhase(TestCaseExecutor.java:299)
	at com.kms.katalon.core.main.TestCaseExecutor.execute(TestCaseExecutor.java:233)
	at com.kms.katalon.core.main.TestSuiteExecutor.accessTestCaseMainPhase(TestSuiteExecutor.java:169)
	at com.kms.katalon.core.main.TestSuiteExecutor.accessTestSuiteMainPhase(TestSuiteExecutor.java:142)
	at com.kms.katalon.core.main.TestSuiteExecutor.execute(TestSuiteExecutor.java:91)
	at com.kms.katalon.core.main.TestCaseMain.startTestSuite(TestCaseMain.java:157)
	at com.kms.katalon.core.main.TestCaseMain$startTestSuite$0.call(Unknown Source)
	at TempTestSuite1608674252830.run(TempTestSuite1608674252830.groovy:37)
)

2020-12-22 18:24:16 - [MESSAGE][FAILED] - Text 'Transaction approved, no errors' is not present on page  using regular expression (Root cause: com.kms.katalon.core.exception.StepFailedException: Text 'Transaction approved, no errors' is not present on page  using regular expression
	at com.kms.katalon.core.webui.keyword.internal.WebUIKeywordMain.stepFailed(WebUIKeywordMain.groovy:64)
	at com.kms.katalon.core.webui.keyword.builtin.VerifyTextPresentKeyword$_verifyTextPresent_closure1.doCall(VerifyTextPresentKeyword.groovy:79)
	at com.kms.katalon.core.webui.keyword.builtin.VerifyTextPresentKeyword$_verifyTextPresent_closure1.call(VerifyTextPresentKeyword.groovy)
	at com.kms.katalon.core.webui.keyword.internal.WebUIKeywordMain.runKeyword(WebUIKeywordMain.groovy:20)
	at com.kms.katalon.core.webui.keyword.builtin.VerifyTextPresentKeyword.verifyTextPresent(VerifyTextPresentKeyword.groovy:83)
	at com.kms.katalon.core.webui.keyword.builtin.VerifyTextPresentKeyword.execute(VerifyTextPresentKeyword.groovy:68)
	at com.kms.katalon.core.keyword.internal.KeywordExecutor.executeKeywordForPlatform(KeywordExecutor.groovy:72)
	at com.kms.katalon.core.webui.keyword.WebUiBuiltInKeywords.verifyTextPresent(WebUiBuiltInKeywords.groovy:1719)
	at com.kms.katalon.core.webui.keyword.WebUiBuiltInKeywords$verifyTextPresent$6.call(Unknown Source)
	at VLinkSale-Successful.run(VLinkSale-Successful:60)
	at com.kms.katalon.core.main.ScriptEngine.run(ScriptEngine.java:194)
	at com.kms.katalon.core.main.ScriptEngine.runScriptAsRawText(ScriptEngine.java:119)
	at com.kms.katalon.core.main.TestCaseExecutor.runScript(TestCaseExecutor.java:337)
	at com.kms.katalon.core.main.TestCaseExecutor.doExecute(TestCaseExecutor.java:328)
	at com.kms.katalon.core.main.TestCaseExecutor.processExecutionPhase(TestCaseExecutor.java:307)
	at com.kms.katalon.core.main.TestCaseExecutor.accessMainPhase(TestCaseExecutor.java:299)
	at com.kms.katalon.core.main.TestCaseExecutor.execute(TestCaseExecutor.java:233)
	at com.kms.katalon.core.main.TestSuiteExecutor.accessTestCaseMainPhase(TestSuiteExecutor.java:169)
	at com.kms.katalon.core.main.TestSuiteExecutor.accessTestSuiteMainPhase(TestSuiteExecutor.java:142)
	at com.kms.katalon.core.main.TestSuiteExecutor.execute(TestSuiteExecutor.java:91)
	at com.kms.katalon.core.main.TestCaseMain.startTestSuite(TestCaseMain.java:157)
	at com.kms.katalon.core.main.TestCaseMain$startTestSuite$0.call(Unknown Source)
	at TempTestSuite1608674252830.run(TempTestSuite1608674252830.groovy:37)
)

2020-12-22 18:24:16 - [TEST_STEP][PASSED] - else: null

2020-12-22 18:24:16 - [TEST_STEP][PASSED] - println("Transaction Approved, no errors text is not present on the Confirmation page"): null

2020-12-22 18:24:16 - [TEST_STEP][PASSED] - out.println("Fail Record Number: " + row): null

2020-12-22 18:24:16 - [TEST_STEP][PASSED] - sdfo = getText(findTestObject("Object Repository/Page_VLinkReceipt/pre_STX")): Text of object 'Object Repository/Page_VLinkReceipt/pre_STX' is: '<STX>ZvC8SZL5LLaA                  12088000            2  Transaction failed                                105Processor reported error                                                                   <ETX>'

2020-12-22 18:24:17 - [MESSAGE][PASSED] - Text of object 'Object Repository/Page_VLinkReceipt/pre_STX' is: '<STX>ZvC8SZL5LLaA                  12088000            2  Transaction failed                                105Processor reported error                                                                   <ETX>'

2020-12-22 18:24:17 - [TEST_STEP][PASSED] - out.println("sdfo: " + sdfo): null

2020-12-22 18:24:17 - [TEST_STEP][PASSED] - remID = substring(5, 35).trim(): null

2020-12-22 18:24:17 - [TEST_STEP][PASSED] - out.println("Remittance ID: " + remID): null

2020-12-22 18:24:17 - [TEST_STEP][PASSED] - traxID = substring(35, 55).trim(): null

2020-12-22 18:24:17 - [TEST_STEP][PASSED] - out.println("Transaction ID: " + traxID): null

2020-12-22 18:24:17 - [TEST_STEP][PASSED] - out.println("End Record Number: " + row): null

2020-12-22 18:24:17 - [TEST_STEP][PASSED] - closeBrowser(): Browser is closed

2020-12-22 18:24:17 - [MESSAGE][PASSED] - Browser is closed

2020-12-22 18:24:17 - [TEST_STEP][PASSED] - out.println("Begin Record Number: " + row): null

2020-12-22 18:24:17 - [TEST_STEP][PASSED] - openBrowser(VLinkURL + "authcap.html"): Browser is opened with url: 'https://dev-algorithm.govolution.com/vlinktest/QA/version_2_0/authcap.html'

2020-12-22 18:24:17 - [MESSAGE][INFO] - Starting 'Chrome' driver

2020-12-22 18:24:17 - [MESSAGE][INFO] - User set preference: ['acceptInsecureCerts', 'true']

2020-12-22 18:24:17 - [MESSAGE][INFO] - Action delay is set to 0 milliseconds

2020-12-22 18:24:22 - [MESSAGE][PASSED] - Browser is opened with url: 'https://dev-algorithm.govolution.com/vlinktest/QA/version_2_0/authcap.html'

2020-12-22 18:24:22 - [TEST_STEP][PASSED] - maximizeWindow(): Current window maximized

2020-12-22 18:24:22 - [MESSAGE][PASSED] - Current window maximized

2020-12-22 18:24:22 - [TEST_STEP][PASSED] - vlinkPages.saleCCPage.setDataSCC(row, dataFile): vlinkPages.saleCCPage.setDataSCC is PASSED

2020-12-22 18:24:23 - [MESSAGE][PASSED] - Object 'Object Repository/VLink/Page_CCSale/txt_CardNumber' is present

2020-12-22 18:24:23 - [MESSAGE][PASSED] - Object 'Object Repository/VLink/Page_CCSale/txt_TransactionType' is present

2020-12-22 18:24:24 - [MESSAGE][PASSED] - Text '104' is set on object 'Object Repository/VLink/Page_CCSale/txt_TransactionType'

2020-12-22 18:24:24 - [MESSAGE][PASSED] - Object 'Object Repository/VLink/Page_CCSale/txt_MessageVersion' is present

2020-12-22 18:24:25 - [MESSAGE][PASSED] - Text '2.0C' is set on object 'Object Repository/VLink/Page_CCSale/txt_MessageVersion'

2020-12-22 18:24:25 - [MESSAGE][PASSED] - Object 'Object Repository/VLink/Page_CCSale/txt_RemID' is present

2020-12-22 18:24:26 - [MESSAGE][PASSED] - Text 'VQwNDsSGl6H0' is set on object 'Object Repository/VLink/Page_CCSale/txt_RemID'

2020-12-22 18:24:26 - [MESSAGE][PASSED] - Object 'Object Repository/VLink/Page_CCSale/txt_ApplicationId' is present

2020-12-22 18:24:27 - [MESSAGE][PASSED] - Text '667' is set on object 'Object Repository/VLink/Page_CCSale/txt_ApplicationId'

2020-12-22 18:24:27 - [MESSAGE][PASSED] - Object 'Object Repository/VLink/Page_CCSale/txt_Username' is present

2020-12-22 18:24:28 - [MESSAGE][PASSED] - Text 'username' is set on object 'Object Repository/VLink/Page_CCSale/txt_Username'

2020-12-22 18:24:28 - [MESSAGE][PASSED] - Object 'Object Repository/VLink/Page_CCSale/txt_Password' is present

2020-12-22 18:24:28 - [MESSAGE][PASSED] - Text 'password' is set on object 'Object Repository/VLink/Page_CCSale/txt_Password'

2020-12-22 18:24:29 - [MESSAGE][PASSED] - Object 'Object Repository/VLink/Page_CCSale/txt_ResponseFormat' is present

2020-12-22 18:24:29 - [MESSAGE][PASSED] - Text 'fixed_width' is set on object 'Object Repository/VLink/Page_CCSale/txt_ResponseFormat'

2020-12-22 18:24:30 - [MESSAGE][PASSED] - Object 'Object Repository/VLink/Page_CCSale/txt_Category' is present

2020-12-22 18:24:30 - [MESSAGE][PASSED] - Text 'ECOM' is set on object 'Object Repository/VLink/Page_CCSale/txt_Category'

2020-12-22 18:24:31 - [MESSAGE][PASSED] - Object 'Object Repository/VLink/Page_CCSale/txt_TransactionID' is present

2020-12-22 18:24:31 - [MESSAGE][PASSED] - Text '' is set on object 'Object Repository/VLink/Page_CCSale/txt_TransactionID'

2020-12-22 18:24:32 - [MESSAGE][PASSED] - Object 'Object Repository/VLink/Page_CCSale/txt_ApprovalCode' is present

2020-12-22 18:24:33 - [MESSAGE][PASSED] - Text '' is set on object 'Object Repository/VLink/Page_CCSale/txt_ApprovalCode'

2020-12-22 18:24:33 - [MESSAGE][PASSED] - Object 'Object Repository/VLink/Page_CCSale/txt_CardName' is present

2020-12-22 18:24:34 - [MESSAGE][PASSED] - Text 'Arvind Silva' is set on object 'Object Repository/VLink/Page_CCSale/txt_CardName'

2020-12-22 18:24:34 - [MESSAGE][PASSED] - Object 'Object Repository/VLink/Page_CCSale/txt_AL1' is present

2020-12-22 18:24:35 - [MESSAGE][PASSED] - Text '111 Main Ave' is set on object 'Object Repository/VLink/Page_CCSale/txt_AL1'

2020-12-22 18:24:35 - [MESSAGE][PASSED] - Object 'Object Repository/VLink/Page_CCSale/txt_AL2' is present

2020-12-22 18:24:35 - [MESSAGE][PASSED] - Text '' is set on object 'Object Repository/VLink/Page_CCSale/txt_AL2'

2020-12-22 18:24:36 - [MESSAGE][PASSED] - Object 'Object Repository/VLink/Page_CCSale/txt_CardCity' is present

2020-12-22 18:24:37 - [MESSAGE][PASSED] - Text 'Arlington' is set on object 'Object Repository/VLink/Page_CCSale/txt_CardCity'

2020-12-22 18:24:37 - [MESSAGE][PASSED] - Object 'Object Repository/VLink/Page_CCSale/txt_CardState' is present

2020-12-22 18:24:38 - [MESSAGE][PASSED] - Text 'VA' is set on object 'Object Repository/VLink/Page_CCSale/txt_CardState'

2020-12-22 18:24:38 - [MESSAGE][PASSED] - Object 'Object Repository/VLink/Page_CCSale/txt_CardZIP' is present

2020-12-22 18:24:39 - [MESSAGE][PASSED] - Text '22201' is set on object 'Object Repository/VLink/Page_CCSale/txt_CardZIP'

2020-12-22 18:24:39 - [MESSAGE][PASSED] - Object 'Object Repository/VLink/Page_CCSale/txt_CountryID' is present

2020-12-22 18:24:40 - [MESSAGE][PASSED] - Text '' is set on object 'Object Repository/VLink/Page_CCSale/txt_CountryID'

2020-12-22 18:24:40 - [MESSAGE][PASSED] - Object 'Object Repository/VLink/Page_CCSale/txt_Amount' is present

2020-12-22 18:24:41 - [MESSAGE][PASSED] - Text '2.50' is set on object 'Object Repository/VLink/Page_CCSale/txt_Amount'

2020-12-22 18:24:41 - [MESSAGE][PASSED] - Object 'Object Repository/VLink/Page_CCSale/txt_CardNumber' is present

2020-12-22 18:24:42 - [MESSAGE][PASSED] - Text '5424000000000015' is set on object 'Object Repository/VLink/Page_CCSale/txt_CardNumber'

2020-12-22 18:24:42 - [MESSAGE][PASSED] - Object 'Object Repository/VLink/Page_CCSale/txt_ExpMonth' is present

2020-12-22 18:24:43 - [MESSAGE][PASSED] - Text '01' is set on object 'Object Repository/VLink/Page_CCSale/txt_ExpMonth'

2020-12-22 18:24:43 - [MESSAGE][PASSED] - Object 'Object Repository/VLink/Page_CCSale/txt_ExpYear' is present

2020-12-22 18:24:44 - [MESSAGE][PASSED] - Text '2026' is set on object 'Object Repository/VLink/Page_CCSale/txt_ExpYear'

2020-12-22 18:24:44 - [MESSAGE][PASSED] - Object 'Object Repository/VLink/Page_CCSale/txt_CVV' is present

2020-12-22 18:24:45 - [MESSAGE][PASSED] - Text '' is set on object 'Object Repository/VLink/Page_CCSale/txt_CVV'

2020-12-22 18:24:45 - [MESSAGE][PASSED] - Object 'Object Repository/VLink/Page_CCSale/txt_CVVstate' is present

2020-12-22 18:24:45 - [MESSAGE][PASSED] - Text '' is set on object 'Object Repository/VLink/Page_CCSale/txt_CVVstate'

2020-12-22 18:24:46 - [MESSAGE][PASSED] - Object 'Object Repository/VLink/Page_CCSale/txt_TrackData' is present

2020-12-22 18:24:46 - [MESSAGE][PASSED] - Text '' is set on object 'Object Repository/VLink/Page_CCSale/txt_TrackData'

2020-12-22 18:24:47 - [MESSAGE][PASSED] - Object 'Object Repository/VLink/Page_CCSale/txt_Track1Data' is present

2020-12-22 18:24:47 - [MESSAGE][PASSED] - Text '' is set on object 'Object Repository/VLink/Page_CCSale/txt_Track1Data'

2020-12-22 18:24:48 - [MESSAGE][PASSED] - Object 'Object Repository/VLink/Page_CCSale/txt_Track2Data' is present

2020-12-22 18:24:48 - [MESSAGE][PASSED] - Text '' is set on object 'Object Repository/VLink/Page_CCSale/txt_Track2Data'

2020-12-22 18:24:49 - [MESSAGE][PASSED] - Object 'Object Repository/VLink/Page_CCSale/txt_POSEntryMode' is present

2020-12-22 18:24:49 - [MESSAGE][PASSED] - Text 'manual' is set on object 'Object Repository/VLink/Page_CCSale/txt_POSEntryMode'

2020-12-22 18:24:50 - [MESSAGE][PASSED] - Object 'Object Repository/VLink/Page_CCSale/txt_Email' is present

2020-12-22 18:24:50 - [MESSAGE][PASSED] - Text '' is set on object 'Object Repository/VLink/Page_CCSale/txt_Email'

2020-12-22 18:24:51 - [MESSAGE][PASSED] - Object 'Object Repository/VLink/Page_CCSale/txt_OrderNumber' is present

2020-12-22 18:24:52 - [MESSAGE][PASSED] - Text '' is set on object 'Object Repository/VLink/Page_CCSale/txt_OrderNumber'

2020-12-22 18:24:52 - [MESSAGE][PASSED] - Object 'Object Repository/VLink/Page_CCSale/txt_TaxAmount' is present

2020-12-22 18:24:53 - [MESSAGE][PASSED] - Text '' is set on object 'Object Repository/VLink/Page_CCSale/txt_TaxAmount'

2020-12-22 18:24:53 - [MESSAGE][PASSED] - Object 'Object Repository/VLink/Page_CCSale/txt_ChargeDescription' is present

2020-12-22 18:24:54 - [MESSAGE][PASSED] - Text '' is set on object 'Object Repository/VLink/Page_CCSale/txt_ChargeDescription'

2020-12-22 18:24:54 - [MESSAGE][PASSED] - Object 'Object Repository/VLink/Page_CCSale/txt_CAN' is present

2020-12-22 18:24:55 - [MESSAGE][PASSED] - Text '' is set on object 'Object Repository/VLink/Page_CCSale/txt_CAN'

2020-12-22 18:24:55 - [MESSAGE][PASSED] - Object 'Object Repository/VLink/Page_CCSale/txt_BillPaymentIndicator' is present

2020-12-22 18:24:56 - [MESSAGE][PASSED] - Text '' is set on object 'Object Repository/VLink/Page_CCSale/txt_BillPaymentIndicator'

2020-12-22 18:24:56 - [MESSAGE][PASSED] - Object 'Object Repository/VLink/Page_CCSale/txt_UDF1' is present

2020-12-22 18:24:57 - [MESSAGE][PASSED] - Text '' is set on object 'Object Repository/VLink/Page_CCSale/txt_UDF1'

2020-12-22 18:24:57 - [MESSAGE][PASSED] - Object 'Object Repository/VLink/Page_CCSale/txt_UDF2' is present

2020-12-22 18:24:57 - [MESSAGE][PASSED] - Text '' is set on object 'Object Repository/VLink/Page_CCSale/txt_UDF2'

2020-12-22 18:24:58 - [MESSAGE][PASSED] - Object 'Object Repository/VLink/Page_CCSale/txt_UDF3' is present

2020-12-22 18:24:58 - [MESSAGE][PASSED] - Text '' is set on object 'Object Repository/VLink/Page_CCSale/txt_UDF3'

2020-12-22 18:24:59 - [MESSAGE][PASSED] - Object 'Object Repository/VLink/Page_CCSale/txt_UDF4' is present

2020-12-22 18:24:59 - [MESSAGE][PASSED] - Text '' is set on object 'Object Repository/VLink/Page_CCSale/txt_UDF4'

2020-12-22 18:25:00 - [MESSAGE][PASSED] - Object 'Object Repository/VLink/Page_CCSale/txt_UDF5' is present

2020-12-22 18:25:00 - [MESSAGE][PASSED] - Text '' is set on object 'Object Repository/VLink/Page_CCSale/txt_UDF5'

2020-12-22 18:25:01 - [MESSAGE][PASSED] - Object 'Object Repository/VLink/Page_CCSale/txt_UDF6' is present

2020-12-22 18:25:01 - [MESSAGE][PASSED] - Text '' is set on object 'Object Repository/VLink/Page_CCSale/txt_UDF6'

2020-12-22 18:25:02 - [MESSAGE][PASSED] - Object 'Object Repository/VLink/Page_CCSale/txt_UDF7' is present

2020-12-22 18:25:02 - [MESSAGE][PASSED] - Text '' is set on object 'Object Repository/VLink/Page_CCSale/txt_UDF7'

2020-12-22 18:25:03 - [MESSAGE][PASSED] - Object 'Object Repository/VLink/Page_CCSale/txt_UDF8' is present

2020-12-22 18:25:03 - [MESSAGE][PASSED] - Text '' is set on object 'Object Repository/VLink/Page_CCSale/txt_UDF8'

2020-12-22 18:25:04 - [MESSAGE][PASSED] - Object 'Object Repository/VLink/Page_CCSale/txt_UDF9' is present

2020-12-22 18:25:04 - [MESSAGE][PASSED] - Text '' is set on object 'Object Repository/VLink/Page_CCSale/txt_UDF9'

2020-12-22 18:25:05 - [MESSAGE][PASSED] - Object 'Object Repository/VLink/Page_CCSale/txt_UDF10' is present

2020-12-22 18:25:05 - [MESSAGE][PASSED] - Text '' is set on object 'Object Repository/VLink/Page_CCSale/txt_UDF10'

2020-12-22 18:25:06 - [MESSAGE][PASSED] - Object 'Object Repository/VLink/Page_CCSale/txt_CardOnFileIndicator' is present

2020-12-22 18:25:06 - [MESSAGE][PASSED] - Text '1' is set on object 'Object Repository/VLink/Page_CCSale/txt_CardOnFileIndicator'

2020-12-22 18:25:07 - [MESSAGE][PASSED] - Object 'Object Repository/VLink/Page_CCSale/txt_StoredCredentialIndicator' is present

2020-12-22 18:25:07 - [MESSAGE][PASSED] - Text 'Subsequent' is set on object 'Object Repository/VLink/Page_CCSale/txt_StoredCredentialIndicator'

2020-12-22 18:25:08 - [MESSAGE][PASSED] - Object 'Object Repository/VLink/Page_CCSale/txt_COFScheduledIndicator' is present

2020-12-22 18:25:08 - [MESSAGE][PASSED] - Text 'Scheduled' is set on object 'Object Repository/VLink/Page_CCSale/txt_COFScheduledIndicator'

2020-12-22 18:25:09 - [MESSAGE][PASSED] - Object 'Object Repository/VLink/Page_CCSale/txt_COFTransactionInitiatedBy' is present

2020-12-22 18:25:09 - [MESSAGE][PASSED] - Text 'Merchant' is set on object 'Object Repository/VLink/Page_CCSale/txt_COFTransactionInitiatedBy'

2020-12-22 18:25:13 - [MESSAGE][PASSED] - Object: 'Object Repository/VLink/Page_CCSale/btn_ProcessVLinkTransaction' is clicked on

2020-12-22 18:25:18 - [MESSAGE][PASSED] - vlinkPages.saleCCPage.setDataSCC is PASSED

2020-12-22 18:25:18 - [TEST_STEP][PASSED] - if (verifyTextPresent("Transaction approved, no errors", true)): null

2020-12-22 18:25:19 - [MESSAGE][PASSED] - Text 'Transaction approved, no errors' is present on page  using regular expression

2020-12-22 18:25:19 - [TEST_STEP][PASSED] - println("Transaction Approved, no errors text is present on the Confirmation page"): null

2020-12-22 18:25:19 - [TEST_STEP][PASSED] - out.println("Pass Record Number: " + row): null

2020-12-22 18:25:19 - [TEST_STEP][PASSED] - sdfo = getText(findTestObject("Object Repository/Page_VLinkReceipt/pre_STX")): Text of object 'Object Repository/Page_VLinkReceipt/pre_STX' is: '<STX>VQwNDsSGl6H0                  12088001            0  Transaction approved, no errors                   0                                                                                  Y OK9927   <ETX>'

2020-12-22 18:25:19 - [MESSAGE][PASSED] - Text of object 'Object Repository/Page_VLinkReceipt/pre_STX' is: '<STX>VQwNDsSGl6H0                  12088001            0  Transaction approved, no errors                   0                                                                                  Y OK9927   <ETX>'

2020-12-22 18:25:19 - [TEST_STEP][PASSED] - out.println("sdfo: " + sdfo): null

2020-12-22 18:25:19 - [TEST_STEP][PASSED] - remID = substring(5, 35).trim(): null

2020-12-22 18:25:19 - [TEST_STEP][PASSED] - out.println("Remittance ID: " + remID): null

2020-12-22 18:25:19 - [TEST_STEP][PASSED] - traxID = substring(35, 55).trim(): null

2020-12-22 18:25:19 - [TEST_STEP][PASSED] - out.println("Transaction ID: " + traxID): null

2020-12-22 18:25:19 - [TEST_STEP][PASSED] - out.println("End Record Number: " + row): null

2020-12-22 18:25:19 - [TEST_STEP][PASSED] - closeBrowser(): Browser is closed

2020-12-22 18:25:20 - [MESSAGE][PASSED] - Browser is closed

2020-12-22 18:25:20 - [TEST_STEP][PASSED] - out.println("Begin Record Number: " + row): null

2020-12-22 18:25:20 - [TEST_STEP][PASSED] - openBrowser(VLinkURL + "authcap.html"): Browser is opened with url: 'https://dev-algorithm.govolution.com/vlinktest/QA/version_2_0/authcap.html'

2020-12-22 18:25:20 - [MESSAGE][INFO] - Starting 'Chrome' driver

2020-12-22 18:25:20 - [MESSAGE][INFO] - User set preference: ['acceptInsecureCerts', 'true']

2020-12-22 18:25:20 - [MESSAGE][INFO] - Action delay is set to 0 milliseconds

2020-12-22 18:25:23 - [MESSAGE][PASSED] - Browser is opened with url: 'https://dev-algorithm.govolution.com/vlinktest/QA/version_2_0/authcap.html'

2020-12-22 18:25:23 - [TEST_STEP][PASSED] - maximizeWindow(): Current window maximized

2020-12-22 18:25:23 - [MESSAGE][PASSED] - Current window maximized

2020-12-22 18:25:23 - [TEST_STEP][PASSED] - vlinkPages.saleCCPage.setDataSCC(row, dataFile): vlinkPages.saleCCPage.setDataSCC is PASSED

2020-12-22 18:25:25 - [MESSAGE][PASSED] - Object 'Object Repository/VLink/Page_CCSale/txt_CardNumber' is present

2020-12-22 18:25:25 - [MESSAGE][PASSED] - Object 'Object Repository/VLink/Page_CCSale/txt_TransactionType' is present

2020-12-22 18:25:26 - [MESSAGE][PASSED] - Text '104' is set on object 'Object Repository/VLink/Page_CCSale/txt_TransactionType'

2020-12-22 18:25:26 - [MESSAGE][PASSED] - Object 'Object Repository/VLink/Page_CCSale/txt_MessageVersion' is present

2020-12-22 18:25:27 - [MESSAGE][PASSED] - Text '2.0C' is set on object 'Object Repository/VLink/Page_CCSale/txt_MessageVersion'

2020-12-22 18:25:27 - [MESSAGE][PASSED] - Object 'Object Repository/VLink/Page_CCSale/txt_RemID' is present

2020-12-22 18:25:27 - [MESSAGE][PASSED] - Text 'sGQZfF6Y7dMg' is set on object 'Object Repository/VLink/Page_CCSale/txt_RemID'

2020-12-22 18:25:28 - [MESSAGE][PASSED] - Object 'Object Repository/VLink/Page_CCSale/txt_ApplicationId' is present

2020-12-22 18:25:28 - [MESSAGE][PASSED] - Text '667' is set on object 'Object Repository/VLink/Page_CCSale/txt_ApplicationId'

2020-12-22 18:25:29 - [MESSAGE][PASSED] - Object 'Object Repository/VLink/Page_CCSale/txt_Username' is present

2020-12-22 18:25:29 - [MESSAGE][PASSED] - Text 'username' is set on object 'Object Repository/VLink/Page_CCSale/txt_Username'

2020-12-22 18:25:29 - [MESSAGE][PASSED] - Object 'Object Repository/VLink/Page_CCSale/txt_Password' is present

2020-12-22 18:25:30 - [MESSAGE][PASSED] - Text 'password' is set on object 'Object Repository/VLink/Page_CCSale/txt_Password'

2020-12-22 18:25:30 - [MESSAGE][PASSED] - Object 'Object Repository/VLink/Page_CCSale/txt_ResponseFormat' is present

2020-12-22 18:25:31 - [MESSAGE][PASSED] - Text 'fixed_width' is set on object 'Object Repository/VLink/Page_CCSale/txt_ResponseFormat'

2020-12-22 18:25:31 - [MESSAGE][PASSED] - Object 'Object Repository/VLink/Page_CCSale/txt_Category' is present

2020-12-22 18:25:32 - [MESSAGE][PASSED] - Text 'ECOM' is set on object 'Object Repository/VLink/Page_CCSale/txt_Category'

2020-12-22 18:25:32 - [MESSAGE][PASSED] - Object 'Object Repository/VLink/Page_CCSale/txt_TransactionID' is present

2020-12-22 18:25:33 - [MESSAGE][PASSED] - Text '' is set on object 'Object Repository/VLink/Page_CCSale/txt_TransactionID'

2020-12-22 18:25:33 - [MESSAGE][PASSED] - Object 'Object Repository/VLink/Page_CCSale/txt_ApprovalCode' is present

2020-12-22 18:25:34 - [MESSAGE][PASSED] - Text '' is set on object 'Object Repository/VLink/Page_CCSale/txt_ApprovalCode'

2020-12-22 18:25:34 - [MESSAGE][PASSED] - Object 'Object Repository/VLink/Page_CCSale/txt_CardName' is present

2020-12-22 18:25:35 - [MESSAGE][PASSED] - Text 'Roshan Maha' is set on object 'Object Repository/VLink/Page_CCSale/txt_CardName'

2020-12-22 18:25:35 - [MESSAGE][PASSED] - Object 'Object Repository/VLink/Page_CCSale/txt_AL1' is present

2020-12-22 18:25:36 - [MESSAGE][PASSED] - Text '12563 Bazaar road' is set on object 'Object Repository/VLink/Page_CCSale/txt_AL1'

2020-12-22 18:25:36 - [MESSAGE][PASSED] - Object 'Object Repository/VLink/Page_CCSale/txt_AL2' is present

2020-12-22 18:25:37 - [MESSAGE][PASSED] - Text '' is set on object 'Object Repository/VLink/Page_CCSale/txt_AL2'

2020-12-22 18:25:37 - [MESSAGE][PASSED] - Object 'Object Repository/VLink/Page_CCSale/txt_CardCity' is present

2020-12-22 18:25:38 - [MESSAGE][PASSED] - Text 'Crofton' is set on object 'Object Repository/VLink/Page_CCSale/txt_CardCity'

2020-12-22 18:25:38 - [MESSAGE][PASSED] - Object 'Object Repository/VLink/Page_CCSale/txt_CardState' is present

2020-12-22 18:25:39 - [MESSAGE][PASSED] - Text 'MD' is set on object 'Object Repository/VLink/Page_CCSale/txt_CardState'

2020-12-22 18:25:39 - [MESSAGE][PASSED] - Object 'Object Repository/VLink/Page_CCSale/txt_CardZIP' is present

2020-12-22 18:25:40 - [MESSAGE][PASSED] - Text '21114' is set on object 'Object Repository/VLink/Page_CCSale/txt_CardZIP'

2020-12-22 18:25:40 - [MESSAGE][PASSED] - Object 'Object Repository/VLink/Page_CCSale/txt_CountryID' is present

2020-12-22 18:25:41 - [MESSAGE][PASSED] - Text '' is set on object 'Object Repository/VLink/Page_CCSale/txt_CountryID'

2020-12-22 18:25:41 - [MESSAGE][PASSED] - Object 'Object Repository/VLink/Page_CCSale/txt_Amount' is present

2020-12-22 18:25:42 - [MESSAGE][PASSED] - Text '3.50' is set on object 'Object Repository/VLink/Page_CCSale/txt_Amount'

2020-12-22 18:25:42 - [MESSAGE][PASSED] - Object 'Object Repository/VLink/Page_CCSale/txt_CardNumber' is present

2020-12-22 18:25:43 - [MESSAGE][PASSED] - Text '370000000000002' is set on object 'Object Repository/VLink/Page_CCSale/txt_CardNumber'

2020-12-22 18:25:43 - [MESSAGE][PASSED] - Object 'Object Repository/VLink/Page_CCSale/txt_ExpMonth' is present

2020-12-22 18:25:44 - [MESSAGE][PASSED] - Text '01' is set on object 'Object Repository/VLink/Page_CCSale/txt_ExpMonth'

2020-12-22 18:25:44 - [MESSAGE][PASSED] - Object 'Object Repository/VLink/Page_CCSale/txt_ExpYear' is present

2020-12-22 18:25:45 - [MESSAGE][PASSED] - Text '2026' is set on object 'Object Repository/VLink/Page_CCSale/txt_ExpYear'

2020-12-22 18:25:45 - [MESSAGE][PASSED] - Object 'Object Repository/VLink/Page_CCSale/txt_CVV' is present

2020-12-22 18:25:46 - [MESSAGE][PASSED] - Text '' is set on object 'Object Repository/VLink/Page_CCSale/txt_CVV'

2020-12-22 18:25:46 - [MESSAGE][PASSED] - Object 'Object Repository/VLink/Page_CCSale/txt_CVVstate' is present

2020-12-22 18:25:47 - [MESSAGE][PASSED] - Text '' is set on object 'Object Repository/VLink/Page_CCSale/txt_CVVstate'

2020-12-22 18:25:47 - [MESSAGE][PASSED] - Object 'Object Repository/VLink/Page_CCSale/txt_TrackData' is present

2020-12-22 18:25:48 - [MESSAGE][PASSED] - Text '' is set on object 'Object Repository/VLink/Page_CCSale/txt_TrackData'

2020-12-22 18:25:48 - [MESSAGE][PASSED] - Object 'Object Repository/VLink/Page_CCSale/txt_Track1Data' is present

2020-12-22 18:25:49 - [MESSAGE][PASSED] - Text '' is set on object 'Object Repository/VLink/Page_CCSale/txt_Track1Data'

2020-12-22 18:25:49 - [MESSAGE][PASSED] - Object 'Object Repository/VLink/Page_CCSale/txt_Track2Data' is present

2020-12-22 18:25:50 - [MESSAGE][PASSED] - Text '' is set on object 'Object Repository/VLink/Page_CCSale/txt_Track2Data'

2020-12-22 18:25:50 - [MESSAGE][PASSED] - Object 'Object Repository/VLink/Page_CCSale/txt_POSEntryMode' is present

2020-12-22 18:25:51 - [MESSAGE][PASSED] - Text 'manual' is set on object 'Object Repository/VLink/Page_CCSale/txt_POSEntryMode'

2020-12-22 18:25:51 - [MESSAGE][PASSED] - Object 'Object Repository/VLink/Page_CCSale/txt_Email' is present

2020-12-22 18:25:52 - [MESSAGE][PASSED] - Text '' is set on object 'Object Repository/VLink/Page_CCSale/txt_Email'

2020-12-22 18:25:52 - [MESSAGE][PASSED] - Object 'Object Repository/VLink/Page_CCSale/txt_OrderNumber' is present

2020-12-22 18:25:53 - [MESSAGE][PASSED] - Text '' is set on object 'Object Repository/VLink/Page_CCSale/txt_OrderNumber'

2020-12-22 18:25:53 - [MESSAGE][PASSED] - Object 'Object Repository/VLink/Page_CCSale/txt_TaxAmount' is present

2020-12-22 18:25:54 - [MESSAGE][PASSED] - Text '' is set on object 'Object Repository/VLink/Page_CCSale/txt_TaxAmount'

2020-12-22 18:25:54 - [MESSAGE][PASSED] - Object 'Object Repository/VLink/Page_CCSale/txt_ChargeDescription' is present

2020-12-22 18:25:55 - [MESSAGE][PASSED] - Text '' is set on object 'Object Repository/VLink/Page_CCSale/txt_ChargeDescription'

2020-12-22 18:25:55 - [MESSAGE][PASSED] - Object 'Object Repository/VLink/Page_CCSale/txt_CAN' is present

2020-12-22 18:25:56 - [MESSAGE][PASSED] - Text '' is set on object 'Object Repository/VLink/Page_CCSale/txt_CAN'

2020-12-22 18:25:56 - [MESSAGE][PASSED] - Object 'Object Repository/VLink/Page_CCSale/txt_BillPaymentIndicator' is present

2020-12-22 18:25:57 - [MESSAGE][PASSED] - Text '' is set on object 'Object Repository/VLink/Page_CCSale/txt_BillPaymentIndicator'

2020-12-22 18:25:57 - [MESSAGE][PASSED] - Object 'Object Repository/VLink/Page_CCSale/txt_UDF1' is present

2020-12-22 18:25:58 - [MESSAGE][PASSED] - Text '' is set on object 'Object Repository/VLink/Page_CCSale/txt_UDF1'

2020-12-22 18:25:58 - [MESSAGE][PASSED] - Object 'Object Repository/VLink/Page_CCSale/txt_UDF2' is present

2020-12-22 18:25:59 - [MESSAGE][PASSED] - Text '' is set on object 'Object Repository/VLink/Page_CCSale/txt_UDF2'

2020-12-22 18:25:59 - [MESSAGE][PASSED] - Object 'Object Repository/VLink/Page_CCSale/txt_UDF3' is present

2020-12-22 18:26:00 - [MESSAGE][PASSED] - Text '' is set on object 'Object Repository/VLink/Page_CCSale/txt_UDF3'

2020-12-22 18:26:00 - [MESSAGE][PASSED] - Object 'Object Repository/VLink/Page_CCSale/txt_UDF4' is present

2020-12-22 18:26:01 - [MESSAGE][PASSED] - Text '' is set on object 'Object Repository/VLink/Page_CCSale/txt_UDF4'

2020-12-22 18:26:01 - [MESSAGE][PASSED] - Object 'Object Repository/VLink/Page_CCSale/txt_UDF5' is present

2020-12-22 18:26:02 - [MESSAGE][PASSED] - Text '' is set on object 'Object Repository/VLink/Page_CCSale/txt_UDF5'

2020-12-22 18:26:02 - [MESSAGE][PASSED] - Object 'Object Repository/VLink/Page_CCSale/txt_UDF6' is present

2020-12-22 18:26:03 - [MESSAGE][PASSED] - Text '' is set on object 'Object Repository/VLink/Page_CCSale/txt_UDF6'

2020-12-22 18:26:03 - [MESSAGE][PASSED] - Object 'Object Repository/VLink/Page_CCSale/txt_UDF7' is present

2020-12-22 18:26:04 - [MESSAGE][PASSED] - Text '' is set on object 'Object Repository/VLink/Page_CCSale/txt_UDF7'

2020-12-22 18:26:04 - [MESSAGE][PASSED] - Object 'Object Repository/VLink/Page_CCSale/txt_UDF8' is present

2020-12-22 18:26:05 - [MESSAGE][PASSED] - Text '' is set on object 'Object Repository/VLink/Page_CCSale/txt_UDF8'

2020-12-22 18:26:05 - [MESSAGE][PASSED] - Object 'Object Repository/VLink/Page_CCSale/txt_UDF9' is present

2020-12-22 18:26:06 - [MESSAGE][PASSED] - Text '' is set on object 'Object Repository/VLink/Page_CCSale/txt_UDF9'

2020-12-22 18:26:06 - [MESSAGE][PASSED] - Object 'Object Repository/VLink/Page_CCSale/txt_UDF10' is present

2020-12-22 18:26:07 - [MESSAGE][PASSED] - Text '' is set on object 'Object Repository/VLink/Page_CCSale/txt_UDF10'

2020-12-22 18:26:07 - [MESSAGE][PASSED] - Object 'Object Repository/VLink/Page_CCSale/txt_CardOnFileIndicator' is present

2020-12-22 18:26:08 - [MESSAGE][PASSED] - Text '1' is set on object 'Object Repository/VLink/Page_CCSale/txt_CardOnFileIndicator'

2020-12-22 18:26:08 - [MESSAGE][PASSED] - Object 'Object Repository/VLink/Page_CCSale/txt_StoredCredentialIndicator' is present

2020-12-22 18:26:09 - [MESSAGE][PASSED] - Text 'Subsequent' is set on object 'Object Repository/VLink/Page_CCSale/txt_StoredCredentialIndicator'

2020-12-22 18:26:09 - [MESSAGE][PASSED] - Object 'Object Repository/VLink/Page_CCSale/txt_COFScheduledIndicator' is present

2020-12-22 18:26:10 - [MESSAGE][PASSED] - Text 'Scheduled' is set on object 'Object Repository/VLink/Page_CCSale/txt_COFScheduledIndicator'

2020-12-22 18:26:10 - [MESSAGE][PASSED] - Object 'Object Repository/VLink/Page_CCSale/txt_COFTransactionInitiatedBy' is present

2020-12-22 18:26:11 - [MESSAGE][PASSED] - Text 'Merchant' is set on object 'Object Repository/VLink/Page_CCSale/txt_COFTransactionInitiatedBy'

2020-12-22 18:26:14 - [MESSAGE][PASSED] - Object: 'Object Repository/VLink/Page_CCSale/btn_ProcessVLinkTransaction' is clicked on

2020-12-22 18:26:19 - [MESSAGE][PASSED] - vlinkPages.saleCCPage.setDataSCC is PASSED

2020-12-22 18:26:19 - [TEST_STEP][PASSED] - if (verifyTextPresent("Transaction approved, no errors", true)): null

2020-12-22 18:26:20 - [MESSAGE][PASSED] - Text 'Transaction approved, no errors' is present on page  using regular expression

2020-12-22 18:26:20 - [TEST_STEP][PASSED] - println("Transaction Approved, no errors text is present on the Confirmation page"): null

2020-12-22 18:26:20 - [TEST_STEP][PASSED] - out.println("Pass Record Number: " + row): null

2020-12-22 18:26:20 - [TEST_STEP][PASSED] - sdfo = getText(findTestObject("Object Repository/Page_VLinkReceipt/pre_STX")): Text of object 'Object Repository/Page_VLinkReceipt/pre_STX' is: '<STX>sGQZfF6Y7dMg                  12088002            0  Transaction approved, no errors                   0                                                                                  Y OK0137   <ETX>'

2020-12-22 18:26:20 - [MESSAGE][PASSED] - Text of object 'Object Repository/Page_VLinkReceipt/pre_STX' is: '<STX>sGQZfF6Y7dMg                  12088002            0  Transaction approved, no errors                   0                                                                                  Y OK0137   <ETX>'

2020-12-22 18:26:20 - [TEST_STEP][PASSED] - out.println("sdfo: " + sdfo): null

2020-12-22 18:26:20 - [TEST_STEP][PASSED] - remID = substring(5, 35).trim(): null

2020-12-22 18:26:20 - [TEST_STEP][PASSED] - out.println("Remittance ID: " + remID): null

2020-12-22 18:26:20 - [TEST_STEP][PASSED] - traxID = substring(35, 55).trim(): null

2020-12-22 18:26:20 - [TEST_STEP][PASSED] - out.println("Transaction ID: " + traxID): null

2020-12-22 18:26:20 - [TEST_STEP][PASSED] - out.println("End Record Number: " + row): null

2020-12-22 18:26:20 - [TEST_STEP][PASSED] - closeBrowser(): Browser is closed

2020-12-22 18:26:21 - [MESSAGE][PASSED] - Browser is closed

2020-12-22 18:26:21 - [TEST_STEP][PASSED] - out.println("Begin Record Number: " + row): null

2020-12-22 18:26:21 - [TEST_STEP][PASSED] - openBrowser(VLinkURL + "authcap.html"): Browser is opened with url: 'https://dev-algorithm.govolution.com/vlinktest/QA/version_2_0/authcap.html'

2020-12-22 18:26:21 - [MESSAGE][INFO] - Starting 'Chrome' driver

2020-12-22 18:26:21 - [MESSAGE][INFO] - User set preference: ['acceptInsecureCerts', 'true']

2020-12-22 18:26:21 - [MESSAGE][INFO] - Action delay is set to 0 milliseconds

2020-12-22 18:26:24 - [MESSAGE][PASSED] - Browser is opened with url: 'https://dev-algorithm.govolution.com/vlinktest/QA/version_2_0/authcap.html'

2020-12-22 18:26:24 - [TEST_STEP][PASSED] - maximizeWindow(): Current window maximized

2020-12-22 18:26:24 - [MESSAGE][PASSED] - Current window maximized

2020-12-22 18:26:24 - [TEST_STEP][PASSED] - vlinkPages.saleCCPage.setDataSCC(row, dataFile): vlinkPages.saleCCPage.setDataSCC is PASSED

2020-12-22 18:26:26 - [MESSAGE][PASSED] - Object 'Object Repository/VLink/Page_CCSale/txt_CardNumber' is present

2020-12-22 18:26:26 - [MESSAGE][PASSED] - Object 'Object Repository/VLink/Page_CCSale/txt_TransactionType' is present

2020-12-22 18:26:27 - [MESSAGE][PASSED] - Text '104' is set on object 'Object Repository/VLink/Page_CCSale/txt_TransactionType'

2020-12-22 18:26:27 - [MESSAGE][PASSED] - Object 'Object Repository/VLink/Page_CCSale/txt_MessageVersion' is present

2020-12-22 18:26:28 - [MESSAGE][PASSED] - Text '2.0C' is set on object 'Object Repository/VLink/Page_CCSale/txt_MessageVersion'

2020-12-22 18:26:28 - [MESSAGE][PASSED] - Object 'Object Repository/VLink/Page_CCSale/txt_RemID' is present

2020-12-22 18:26:28 - [MESSAGE][PASSED] - Text 'HGl2vP288Hrm' is set on object 'Object Repository/VLink/Page_CCSale/txt_RemID'

2020-12-22 18:26:29 - [MESSAGE][PASSED] - Object 'Object Repository/VLink/Page_CCSale/txt_ApplicationId' is present

2020-12-22 18:26:29 - [MESSAGE][PASSED] - Text '667' is set on object 'Object Repository/VLink/Page_CCSale/txt_ApplicationId'

2020-12-22 18:26:30 - [MESSAGE][PASSED] - Object 'Object Repository/VLink/Page_CCSale/txt_Username' is present

2020-12-22 18:26:30 - [MESSAGE][PASSED] - Text 'username' is set on object 'Object Repository/VLink/Page_CCSale/txt_Username'

2020-12-22 18:26:30 - [MESSAGE][PASSED] - Object 'Object Repository/VLink/Page_CCSale/txt_Password' is present

2020-12-22 18:26:31 - [MESSAGE][PASSED] - Text 'password' is set on object 'Object Repository/VLink/Page_CCSale/txt_Password'

2020-12-22 18:26:31 - [MESSAGE][PASSED] - Object 'Object Repository/VLink/Page_CCSale/txt_ResponseFormat' is present

2020-12-22 18:26:32 - [MESSAGE][PASSED] - Text 'fixed_width' is set on object 'Object Repository/VLink/Page_CCSale/txt_ResponseFormat'

2020-12-22 18:26:32 - [MESSAGE][PASSED] - Object 'Object Repository/VLink/Page_CCSale/txt_Category' is present

2020-12-22 18:26:33 - [MESSAGE][PASSED] - Text 'ECOM' is set on object 'Object Repository/VLink/Page_CCSale/txt_Category'

2020-12-22 18:26:33 - [MESSAGE][PASSED] - Object 'Object Repository/VLink/Page_CCSale/txt_TransactionID' is present

2020-12-22 18:26:34 - [MESSAGE][PASSED] - Text '' is set on object 'Object Repository/VLink/Page_CCSale/txt_TransactionID'

2020-12-22 18:26:34 - [MESSAGE][PASSED] - Object 'Object Repository/VLink/Page_CCSale/txt_ApprovalCode' is present

2020-12-22 18:26:35 - [MESSAGE][PASSED] - Text '' is set on object 'Object Repository/VLink/Page_CCSale/txt_ApprovalCode'

2020-12-22 18:26:35 - [MESSAGE][PASSED] - Object 'Object Repository/VLink/Page_CCSale/txt_CardName' is present

2020-12-22 18:26:36 - [MESSAGE][PASSED] - Text 'Kris Roshan' is set on object 'Object Repository/VLink/Page_CCSale/txt_CardName'

2020-12-22 18:26:36 - [MESSAGE][PASSED] - Object 'Object Repository/VLink/Page_CCSale/txt_AL1' is present

2020-12-22 18:26:37 - [MESSAGE][PASSED] - Text '258 Elm Road' is set on object 'Object Repository/VLink/Page_CCSale/txt_AL1'

2020-12-22 18:26:37 - [MESSAGE][PASSED] - Object 'Object Repository/VLink/Page_CCSale/txt_AL2' is present

2020-12-22 18:26:38 - [MESSAGE][PASSED] - Text 'Suite 56' is set on object 'Object Repository/VLink/Page_CCSale/txt_AL2'

2020-12-22 18:26:38 - [MESSAGE][PASSED] - Object 'Object Repository/VLink/Page_CCSale/txt_CardCity' is present

2020-12-22 18:26:39 - [MESSAGE][PASSED] - Text 'Arlington' is set on object 'Object Repository/VLink/Page_CCSale/txt_CardCity'

2020-12-22 18:26:39 - [MESSAGE][PASSED] - Object 'Object Repository/VLink/Page_CCSale/txt_CardState' is present

2020-12-22 18:26:40 - [MESSAGE][PASSED] - Text 'VA' is set on object 'Object Repository/VLink/Page_CCSale/txt_CardState'

2020-12-22 18:26:40 - [MESSAGE][PASSED] - Object 'Object Repository/VLink/Page_CCSale/txt_CardZIP' is present

2020-12-22 18:26:41 - [MESSAGE][PASSED] - Text '22201' is set on object 'Object Repository/VLink/Page_CCSale/txt_CardZIP'

2020-12-22 18:26:41 - [MESSAGE][PASSED] - Object 'Object Repository/VLink/Page_CCSale/txt_CountryID' is present

2020-12-22 18:26:42 - [MESSAGE][PASSED] - Text '840' is set on object 'Object Repository/VLink/Page_CCSale/txt_CountryID'

2020-12-22 18:26:42 - [MESSAGE][PASSED] - Object 'Object Repository/VLink/Page_CCSale/txt_Amount' is present

2020-12-22 18:26:43 - [MESSAGE][PASSED] - Text '1.50' is set on object 'Object Repository/VLink/Page_CCSale/txt_Amount'

2020-12-22 18:26:43 - [MESSAGE][PASSED] - Object 'Object Repository/VLink/Page_CCSale/txt_CardNumber' is present

2020-12-22 18:26:44 - [MESSAGE][PASSED] - Text '6011000000000004' is set on object 'Object Repository/VLink/Page_CCSale/txt_CardNumber'

2020-12-22 18:26:44 - [MESSAGE][PASSED] - Object 'Object Repository/VLink/Page_CCSale/txt_ExpMonth' is present

2020-12-22 18:26:45 - [MESSAGE][PASSED] - Text '12' is set on object 'Object Repository/VLink/Page_CCSale/txt_ExpMonth'

2020-12-22 18:26:45 - [MESSAGE][PASSED] - Object 'Object Repository/VLink/Page_CCSale/txt_ExpYear' is present

2020-12-22 18:26:46 - [MESSAGE][PASSED] - Text '2025' is set on object 'Object Repository/VLink/Page_CCSale/txt_ExpYear'

2020-12-22 18:26:46 - [MESSAGE][PASSED] - Object 'Object Repository/VLink/Page_CCSale/txt_CVV' is present

2020-12-22 18:26:47 - [MESSAGE][PASSED] - Text '' is set on object 'Object Repository/VLink/Page_CCSale/txt_CVV'

2020-12-22 18:26:47 - [MESSAGE][PASSED] - Object 'Object Repository/VLink/Page_CCSale/txt_CVVstate' is present

2020-12-22 18:26:48 - [MESSAGE][PASSED] - Text '' is set on object 'Object Repository/VLink/Page_CCSale/txt_CVVstate'

2020-12-22 18:26:48 - [MESSAGE][PASSED] - Object 'Object Repository/VLink/Page_CCSale/txt_TrackData' is present

2020-12-22 18:26:49 - [MESSAGE][PASSED] - Text '' is set on object 'Object Repository/VLink/Page_CCSale/txt_TrackData'

2020-12-22 18:26:49 - [MESSAGE][PASSED] - Object 'Object Repository/VLink/Page_CCSale/txt_Track1Data' is present

2020-12-22 18:26:50 - [MESSAGE][PASSED] - Text '' is set on object 'Object Repository/VLink/Page_CCSale/txt_Track1Data'

2020-12-22 18:26:50 - [MESSAGE][PASSED] - Object 'Object Repository/VLink/Page_CCSale/txt_Track2Data' is present

2020-12-22 18:26:51 - [MESSAGE][PASSED] - Text '' is set on object 'Object Repository/VLink/Page_CCSale/txt_Track2Data'

2020-12-22 18:26:51 - [MESSAGE][PASSED] - Object 'Object Repository/VLink/Page_CCSale/txt_POSEntryMode' is present

2020-12-22 18:26:52 - [MESSAGE][PASSED] - Text 'manual' is set on object 'Object Repository/VLink/Page_CCSale/txt_POSEntryMode'

2020-12-22 18:26:52 - [MESSAGE][PASSED] - Object 'Object Repository/VLink/Page_CCSale/txt_Email' is present

2020-12-22 18:26:53 - [MESSAGE][PASSED] - Text 'iahmed@govolution.com' is set on object 'Object Repository/VLink/Page_CCSale/txt_Email'

2020-12-22 18:26:53 - [MESSAGE][PASSED] - Object 'Object Repository/VLink/Page_CCSale/txt_OrderNumber' is present

2020-12-22 18:26:54 - [MESSAGE][PASSED] - Text '2569362' is set on object 'Object Repository/VLink/Page_CCSale/txt_OrderNumber'

2020-12-22 18:26:54 - [MESSAGE][PASSED] - Object 'Object Repository/VLink/Page_CCSale/txt_TaxAmount' is present

2020-12-22 18:26:55 - [MESSAGE][PASSED] - Text '1.15' is set on object 'Object Repository/VLink/Page_CCSale/txt_TaxAmount'

2020-12-22 18:26:55 - [MESSAGE][PASSED] - Object 'Object Repository/VLink/Page_CCSale/txt_ChargeDescription' is present

2020-12-22 18:26:56 - [MESSAGE][PASSED] - Text 'Charge Description' is set on object 'Object Repository/VLink/Page_CCSale/txt_ChargeDescription'

2020-12-22 18:26:56 - [MESSAGE][PASSED] - Object 'Object Repository/VLink/Page_CCSale/txt_CAN' is present

2020-12-22 18:26:57 - [MESSAGE][PASSED] - Text '147357' is set on object 'Object Repository/VLink/Page_CCSale/txt_CAN'

2020-12-22 18:26:57 - [MESSAGE][PASSED] - Object 'Object Repository/VLink/Page_CCSale/txt_BillPaymentIndicator' is present

2020-12-22 18:26:58 - [MESSAGE][PASSED] - Text '1' is set on object 'Object Repository/VLink/Page_CCSale/txt_BillPaymentIndicator'

2020-12-22 18:26:58 - [MESSAGE][PASSED] - Object 'Object Repository/VLink/Page_CCSale/txt_UDF1' is present

2020-12-22 18:26:59 - [MESSAGE][PASSED] - Text 'UDF Data 1' is set on object 'Object Repository/VLink/Page_CCSale/txt_UDF1'

2020-12-22 18:26:59 - [MESSAGE][PASSED] - Object 'Object Repository/VLink/Page_CCSale/txt_UDF2' is present

2020-12-22 18:27:00 - [MESSAGE][PASSED] - Text 'UDF Data 2' is set on object 'Object Repository/VLink/Page_CCSale/txt_UDF2'

2020-12-22 18:27:00 - [MESSAGE][PASSED] - Object 'Object Repository/VLink/Page_CCSale/txt_UDF3' is present

2020-12-22 18:27:01 - [MESSAGE][PASSED] - Text 'UDF Data 3' is set on object 'Object Repository/VLink/Page_CCSale/txt_UDF3'

2020-12-22 18:27:01 - [MESSAGE][PASSED] - Object 'Object Repository/VLink/Page_CCSale/txt_UDF4' is present

2020-12-22 18:27:02 - [MESSAGE][PASSED] - Text 'UDF Data 4' is set on object 'Object Repository/VLink/Page_CCSale/txt_UDF4'

2020-12-22 18:27:02 - [MESSAGE][PASSED] - Object 'Object Repository/VLink/Page_CCSale/txt_UDF5' is present

2020-12-22 18:27:03 - [MESSAGE][PASSED] - Text 'UDF Data 5' is set on object 'Object Repository/VLink/Page_CCSale/txt_UDF5'

2020-12-22 18:27:03 - [MESSAGE][PASSED] - Object 'Object Repository/VLink/Page_CCSale/txt_UDF6' is present

2020-12-22 18:27:04 - [MESSAGE][PASSED] - Text 'UDF Data 6' is set on object 'Object Repository/VLink/Page_CCSale/txt_UDF6'

2020-12-22 18:27:04 - [MESSAGE][PASSED] - Object 'Object Repository/VLink/Page_CCSale/txt_UDF7' is present

2020-12-22 18:27:05 - [MESSAGE][PASSED] - Text 'UDF Data 7' is set on object 'Object Repository/VLink/Page_CCSale/txt_UDF7'

2020-12-22 18:27:05 - [MESSAGE][PASSED] - Object 'Object Repository/VLink/Page_CCSale/txt_UDF8' is present

2020-12-22 18:27:06 - [MESSAGE][PASSED] - Text 'UDF Data 8' is set on object 'Object Repository/VLink/Page_CCSale/txt_UDF8'

2020-12-22 18:27:06 - [MESSAGE][PASSED] - Object 'Object Repository/VLink/Page_CCSale/txt_UDF9' is present

2020-12-22 18:27:07 - [MESSAGE][PASSED] - Text 'UDF Data 9' is set on object 'Object Repository/VLink/Page_CCSale/txt_UDF9'

2020-12-22 18:27:07 - [MESSAGE][PASSED] - Object 'Object Repository/VLink/Page_CCSale/txt_UDF10' is present

2020-12-22 18:27:08 - [MESSAGE][PASSED] - Text 'UDF Data 10' is set on object 'Object Repository/VLink/Page_CCSale/txt_UDF10'

2020-12-22 18:27:08 - [MESSAGE][PASSED] - Object 'Object Repository/VLink/Page_CCSale/txt_CardOnFileIndicator' is present

2020-12-22 18:27:09 - [MESSAGE][PASSED] - Text '1' is set on object 'Object Repository/VLink/Page_CCSale/txt_CardOnFileIndicator'

2020-12-22 18:27:09 - [MESSAGE][PASSED] - Object 'Object Repository/VLink/Page_CCSale/txt_StoredCredentialIndicator' is present

2020-12-22 18:27:10 - [MESSAGE][PASSED] - Text 'Subsequent' is set on object 'Object Repository/VLink/Page_CCSale/txt_StoredCredentialIndicator'

2020-12-22 18:27:10 - [MESSAGE][PASSED] - Object 'Object Repository/VLink/Page_CCSale/txt_COFScheduledIndicator' is present

2020-12-22 18:27:11 - [MESSAGE][PASSED] - Text 'Scheduled' is set on object 'Object Repository/VLink/Page_CCSale/txt_COFScheduledIndicator'

2020-12-22 18:27:11 - [MESSAGE][PASSED] - Object 'Object Repository/VLink/Page_CCSale/txt_COFTransactionInitiatedBy' is present

2020-12-22 18:27:12 - [MESSAGE][PASSED] - Text 'Merchant' is set on object 'Object Repository/VLink/Page_CCSale/txt_COFTransactionInitiatedBy'

2020-12-22 18:27:16 - [MESSAGE][PASSED] - Object: 'Object Repository/VLink/Page_CCSale/btn_ProcessVLinkTransaction' is clicked on

2020-12-22 18:27:21 - [MESSAGE][PASSED] - vlinkPages.saleCCPage.setDataSCC is PASSED

2020-12-22 18:27:21 - [TEST_STEP][PASSED] - if (verifyTextPresent("Transaction approved, no errors", true)): null

2020-12-22 18:27:21 - [MESSAGE][PASSED] - Text 'Transaction approved, no errors' is present on page  using regular expression

2020-12-22 18:27:21 - [TEST_STEP][PASSED] - println("Transaction Approved, no errors text is present on the Confirmation page"): null

2020-12-22 18:27:21 - [TEST_STEP][PASSED] - out.println("Pass Record Number: " + row): null

2020-12-22 18:27:21 - [TEST_STEP][PASSED] - sdfo = getText(findTestObject("Object Repository/Page_VLinkReceipt/pre_STX")): Text of object 'Object Repository/Page_VLinkReceipt/pre_STX' is: '<STX>HGl2vP288Hrm                  12088003            0  Transaction approved, no errors                   0                                                                                  Y OK0557   <ETX>'

2020-12-22 18:27:21 - [MESSAGE][PASSED] - Text of object 'Object Repository/Page_VLinkReceipt/pre_STX' is: '<STX>HGl2vP288Hrm                  12088003            0  Transaction approved, no errors                   0                                                                                  Y OK0557   <ETX>'

2020-12-22 18:27:21 - [TEST_STEP][PASSED] - out.println("sdfo: " + sdfo): null

2020-12-22 18:27:21 - [TEST_STEP][PASSED] - remID = substring(5, 35).trim(): null

2020-12-22 18:27:21 - [TEST_STEP][PASSED] - out.println("Remittance ID: " + remID): null

2020-12-22 18:27:21 - [TEST_STEP][PASSED] - traxID = substring(35, 55).trim(): null

2020-12-22 18:27:21 - [TEST_STEP][PASSED] - out.println("Transaction ID: " + traxID): null

2020-12-22 18:27:21 - [TEST_STEP][PASSED] - out.println("End Record Number: " + row): null

2020-12-22 18:27:21 - [TEST_STEP][PASSED] - closeBrowser(): Browser is closed

2020-12-22 18:27:22 - [MESSAGE][PASSED] - Browser is closed

2020-12-22 18:27:22 - [TEST_STEP][PASSED] - out.println("Begin Record Number: " + row): null

2020-12-22 18:27:22 - [TEST_STEP][PASSED] - openBrowser(VLinkURL + "authcap.html"): Browser is opened with url: 'https://dev-algorithm.govolution.com/vlinktest/QA/version_2_0/authcap.html'

2020-12-22 18:27:22 - [MESSAGE][INFO] - Starting 'Chrome' driver

2020-12-22 18:27:22 - [MESSAGE][INFO] - User set preference: ['acceptInsecureCerts', 'true']

2020-12-22 18:27:22 - [MESSAGE][INFO] - Action delay is set to 0 milliseconds

2020-12-22 18:27:26 - [MESSAGE][PASSED] - Browser is opened with url: 'https://dev-algorithm.govolution.com/vlinktest/QA/version_2_0/authcap.html'

2020-12-22 18:27:26 - [TEST_STEP][PASSED] - maximizeWindow(): Current window maximized

2020-12-22 18:27:26 - [MESSAGE][PASSED] - Current window maximized

2020-12-22 18:27:26 - [TEST_STEP][PASSED] - vlinkPages.saleCCPage.setDataSCC(row, dataFile): vlinkPages.saleCCPage.setDataSCC is PASSED

2020-12-22 18:27:28 - [MESSAGE][PASSED] - Object 'Object Repository/VLink/Page_CCSale/txt_CardNumber' is present

2020-12-22 18:27:28 - [MESSAGE][PASSED] - Object 'Object Repository/VLink/Page_CCSale/txt_TransactionType' is present

2020-12-22 18:27:29 - [MESSAGE][PASSED] - Text '104' is set on object 'Object Repository/VLink/Page_CCSale/txt_TransactionType'

2020-12-22 18:27:29 - [MESSAGE][PASSED] - Object 'Object Repository/VLink/Page_CCSale/txt_MessageVersion' is present

2020-12-22 18:27:29 - [MESSAGE][PASSED] - Text '2.0C' is set on object 'Object Repository/VLink/Page_CCSale/txt_MessageVersion'

2020-12-22 18:27:30 - [MESSAGE][PASSED] - Object 'Object Repository/VLink/Page_CCSale/txt_RemID' is present

2020-12-22 18:27:30 - [MESSAGE][PASSED] - Text '2asnW2bgRS7U' is set on object 'Object Repository/VLink/Page_CCSale/txt_RemID'

2020-12-22 18:27:31 - [MESSAGE][PASSED] - Object 'Object Repository/VLink/Page_CCSale/txt_ApplicationId' is present

2020-12-22 18:27:31 - [MESSAGE][PASSED] - Text '670' is set on object 'Object Repository/VLink/Page_CCSale/txt_ApplicationId'

2020-12-22 18:27:32 - [MESSAGE][PASSED] - Object 'Object Repository/VLink/Page_CCSale/txt_Username' is present

2020-12-22 18:27:32 - [MESSAGE][PASSED] - Text 'username' is set on object 'Object Repository/VLink/Page_CCSale/txt_Username'

2020-12-22 18:27:32 - [MESSAGE][PASSED] - Object 'Object Repository/VLink/Page_CCSale/txt_Password' is present

2020-12-22 18:27:33 - [MESSAGE][PASSED] - Text 'password' is set on object 'Object Repository/VLink/Page_CCSale/txt_Password'

2020-12-22 18:27:33 - [MESSAGE][PASSED] - Object 'Object Repository/VLink/Page_CCSale/txt_ResponseFormat' is present

2020-12-22 18:27:34 - [MESSAGE][PASSED] - Text 'fixed_width' is set on object 'Object Repository/VLink/Page_CCSale/txt_ResponseFormat'

2020-12-22 18:27:34 - [MESSAGE][PASSED] - Object 'Object Repository/VLink/Page_CCSale/txt_Category' is present

2020-12-22 18:27:35 - [MESSAGE][PASSED] - Text 'MOTO' is set on object 'Object Repository/VLink/Page_CCSale/txt_Category'

2020-12-22 18:27:35 - [MESSAGE][PASSED] - Object 'Object Repository/VLink/Page_CCSale/txt_TransactionID' is present

2020-12-22 18:27:36 - [MESSAGE][PASSED] - Text '' is set on object 'Object Repository/VLink/Page_CCSale/txt_TransactionID'

2020-12-22 18:27:36 - [MESSAGE][PASSED] - Object 'Object Repository/VLink/Page_CCSale/txt_ApprovalCode' is present

2020-12-22 18:27:37 - [MESSAGE][PASSED] - Text '' is set on object 'Object Repository/VLink/Page_CCSale/txt_ApprovalCode'

2020-12-22 18:27:37 - [MESSAGE][PASSED] - Object 'Object Repository/VLink/Page_CCSale/txt_CardName' is present

2020-12-22 18:27:38 - [MESSAGE][PASSED] - Text 'Arvind Silva' is set on object 'Object Repository/VLink/Page_CCSale/txt_CardName'

2020-12-22 18:27:38 - [MESSAGE][PASSED] - Object 'Object Repository/VLink/Page_CCSale/txt_AL1' is present

2020-12-22 18:27:39 - [MESSAGE][PASSED] - Text '111 Main Ave' is set on object 'Object Repository/VLink/Page_CCSale/txt_AL1'

2020-12-22 18:27:39 - [MESSAGE][PASSED] - Object 'Object Repository/VLink/Page_CCSale/txt_AL2' is present

2020-12-22 18:27:40 - [MESSAGE][PASSED] - Text '' is set on object 'Object Repository/VLink/Page_CCSale/txt_AL2'

2020-12-22 18:27:40 - [MESSAGE][PASSED] - Object 'Object Repository/VLink/Page_CCSale/txt_CardCity' is present

2020-12-22 18:27:41 - [MESSAGE][PASSED] - Text 'Arlington' is set on object 'Object Repository/VLink/Page_CCSale/txt_CardCity'

2020-12-22 18:27:41 - [MESSAGE][PASSED] - Object 'Object Repository/VLink/Page_CCSale/txt_CardState' is present

2020-12-22 18:27:42 - [MESSAGE][PASSED] - Text 'VA' is set on object 'Object Repository/VLink/Page_CCSale/txt_CardState'

2020-12-22 18:27:42 - [MESSAGE][PASSED] - Object 'Object Repository/VLink/Page_CCSale/txt_CardZIP' is present

2020-12-22 18:27:43 - [MESSAGE][PASSED] - Text '22201' is set on object 'Object Repository/VLink/Page_CCSale/txt_CardZIP'

2020-12-22 18:27:43 - [MESSAGE][PASSED] - Object 'Object Repository/VLink/Page_CCSale/txt_CountryID' is present

2020-12-22 18:27:44 - [MESSAGE][PASSED] - Text '' is set on object 'Object Repository/VLink/Page_CCSale/txt_CountryID'

2020-12-22 18:27:44 - [MESSAGE][PASSED] - Object 'Object Repository/VLink/Page_CCSale/txt_Amount' is present

2020-12-22 18:27:45 - [MESSAGE][PASSED] - Text '2.50' is set on object 'Object Repository/VLink/Page_CCSale/txt_Amount'

2020-12-22 18:27:45 - [MESSAGE][PASSED] - Object 'Object Repository/VLink/Page_CCSale/txt_CardNumber' is present

2020-12-22 18:27:46 - [MESSAGE][PASSED] - Text '4111111111111111' is set on object 'Object Repository/VLink/Page_CCSale/txt_CardNumber'

2020-12-22 18:27:46 - [MESSAGE][PASSED] - Object 'Object Repository/VLink/Page_CCSale/txt_ExpMonth' is present

2020-12-22 18:27:47 - [MESSAGE][PASSED] - Text '01' is set on object 'Object Repository/VLink/Page_CCSale/txt_ExpMonth'

2020-12-22 18:27:47 - [MESSAGE][PASSED] - Object 'Object Repository/VLink/Page_CCSale/txt_ExpYear' is present

2020-12-22 18:27:48 - [MESSAGE][PASSED] - Text '2026' is set on object 'Object Repository/VLink/Page_CCSale/txt_ExpYear'

2020-12-22 18:27:48 - [MESSAGE][PASSED] - Object 'Object Repository/VLink/Page_CCSale/txt_CVV' is present

2020-12-22 18:27:49 - [MESSAGE][PASSED] - Text '' is set on object 'Object Repository/VLink/Page_CCSale/txt_CVV'

2020-12-22 18:27:49 - [MESSAGE][PASSED] - Object 'Object Repository/VLink/Page_CCSale/txt_CVVstate' is present

2020-12-22 18:27:50 - [MESSAGE][PASSED] - Text '' is set on object 'Object Repository/VLink/Page_CCSale/txt_CVVstate'

2020-12-22 18:27:50 - [MESSAGE][PASSED] - Object 'Object Repository/VLink/Page_CCSale/txt_TrackData' is present

2020-12-22 18:27:51 - [MESSAGE][PASSED] - Text '' is set on object 'Object Repository/VLink/Page_CCSale/txt_TrackData'

2020-12-22 18:27:51 - [MESSAGE][PASSED] - Object 'Object Repository/VLink/Page_CCSale/txt_Track1Data' is present

2020-12-22 18:27:52 - [MESSAGE][PASSED] - Text '' is set on object 'Object Repository/VLink/Page_CCSale/txt_Track1Data'

2020-12-22 18:27:52 - [MESSAGE][PASSED] - Object 'Object Repository/VLink/Page_CCSale/txt_Track2Data' is present

2020-12-22 18:27:53 - [MESSAGE][PASSED] - Text '' is set on object 'Object Repository/VLink/Page_CCSale/txt_Track2Data'

2020-12-22 18:27:53 - [MESSAGE][PASSED] - Object 'Object Repository/VLink/Page_CCSale/txt_POSEntryMode' is present

2020-12-22 18:27:54 - [MESSAGE][PASSED] - Text 'manual' is set on object 'Object Repository/VLink/Page_CCSale/txt_POSEntryMode'

2020-12-22 18:27:54 - [MESSAGE][PASSED] - Object 'Object Repository/VLink/Page_CCSale/txt_Email' is present

2020-12-22 18:27:55 - [MESSAGE][PASSED] - Text '' is set on object 'Object Repository/VLink/Page_CCSale/txt_Email'

2020-12-22 18:27:55 - [MESSAGE][PASSED] - Object 'Object Repository/VLink/Page_CCSale/txt_OrderNumber' is present

2020-12-22 18:27:56 - [MESSAGE][PASSED] - Text '' is set on object 'Object Repository/VLink/Page_CCSale/txt_OrderNumber'

2020-12-22 18:27:56 - [MESSAGE][PASSED] - Object 'Object Repository/VLink/Page_CCSale/txt_TaxAmount' is present

2020-12-22 18:27:57 - [MESSAGE][PASSED] - Text '' is set on object 'Object Repository/VLink/Page_CCSale/txt_TaxAmount'

2020-12-22 18:27:57 - [MESSAGE][PASSED] - Object 'Object Repository/VLink/Page_CCSale/txt_ChargeDescription' is present

2020-12-22 18:27:58 - [MESSAGE][PASSED] - Text '' is set on object 'Object Repository/VLink/Page_CCSale/txt_ChargeDescription'

2020-12-22 18:27:58 - [MESSAGE][PASSED] - Object 'Object Repository/VLink/Page_CCSale/txt_CAN' is present

2020-12-22 18:27:59 - [MESSAGE][PASSED] - Text '' is set on object 'Object Repository/VLink/Page_CCSale/txt_CAN'

2020-12-22 18:27:59 - [MESSAGE][PASSED] - Object 'Object Repository/VLink/Page_CCSale/txt_BillPaymentIndicator' is present

2020-12-22 18:28:00 - [MESSAGE][PASSED] - Text '' is set on object 'Object Repository/VLink/Page_CCSale/txt_BillPaymentIndicator'

2020-12-22 18:28:00 - [MESSAGE][PASSED] - Object 'Object Repository/VLink/Page_CCSale/txt_UDF1' is present

2020-12-22 18:28:01 - [MESSAGE][PASSED] - Text '' is set on object 'Object Repository/VLink/Page_CCSale/txt_UDF1'

2020-12-22 18:28:01 - [MESSAGE][PASSED] - Object 'Object Repository/VLink/Page_CCSale/txt_UDF2' is present

2020-12-22 18:28:02 - [MESSAGE][PASSED] - Text '' is set on object 'Object Repository/VLink/Page_CCSale/txt_UDF2'

2020-12-22 18:28:02 - [MESSAGE][PASSED] - Object 'Object Repository/VLink/Page_CCSale/txt_UDF3' is present

2020-12-22 18:28:03 - [MESSAGE][PASSED] - Text '' is set on object 'Object Repository/VLink/Page_CCSale/txt_UDF3'

2020-12-22 18:28:03 - [MESSAGE][PASSED] - Object 'Object Repository/VLink/Page_CCSale/txt_UDF4' is present

2020-12-22 18:28:04 - [MESSAGE][PASSED] - Text '' is set on object 'Object Repository/VLink/Page_CCSale/txt_UDF4'

2020-12-22 18:28:04 - [MESSAGE][PASSED] - Object 'Object Repository/VLink/Page_CCSale/txt_UDF5' is present

2020-12-22 18:28:05 - [MESSAGE][PASSED] - Text '' is set on object 'Object Repository/VLink/Page_CCSale/txt_UDF5'

2020-12-22 18:28:05 - [MESSAGE][PASSED] - Object 'Object Repository/VLink/Page_CCSale/txt_UDF6' is present

2020-12-22 18:28:06 - [MESSAGE][PASSED] - Text '' is set on object 'Object Repository/VLink/Page_CCSale/txt_UDF6'

2020-12-22 18:28:06 - [MESSAGE][PASSED] - Object 'Object Repository/VLink/Page_CCSale/txt_UDF7' is present

2020-12-22 18:28:07 - [MESSAGE][PASSED] - Text '' is set on object 'Object Repository/VLink/Page_CCSale/txt_UDF7'

2020-12-22 18:28:07 - [MESSAGE][PASSED] - Object 'Object Repository/VLink/Page_CCSale/txt_UDF8' is present

2020-12-22 18:28:08 - [MESSAGE][PASSED] - Text '' is set on object 'Object Repository/VLink/Page_CCSale/txt_UDF8'

2020-12-22 18:28:08 - [MESSAGE][PASSED] - Object 'Object Repository/VLink/Page_CCSale/txt_UDF9' is present

2020-12-22 18:28:09 - [MESSAGE][PASSED] - Text '' is set on object 'Object Repository/VLink/Page_CCSale/txt_UDF9'

2020-12-22 18:28:09 - [MESSAGE][PASSED] - Object 'Object Repository/VLink/Page_CCSale/txt_UDF10' is present

2020-12-22 18:28:10 - [MESSAGE][PASSED] - Text '' is set on object 'Object Repository/VLink/Page_CCSale/txt_UDF10'

2020-12-22 18:28:10 - [MESSAGE][PASSED] - Object 'Object Repository/VLink/Page_CCSale/txt_CardOnFileIndicator' is present

2020-12-22 18:28:11 - [MESSAGE][PASSED] - Text '1' is set on object 'Object Repository/VLink/Page_CCSale/txt_CardOnFileIndicator'

2020-12-22 18:28:11 - [MESSAGE][PASSED] - Object 'Object Repository/VLink/Page_CCSale/txt_StoredCredentialIndicator' is present

2020-12-22 18:28:12 - [MESSAGE][PASSED] - Text 'Subsequent' is set on object 'Object Repository/VLink/Page_CCSale/txt_StoredCredentialIndicator'

2020-12-22 18:28:12 - [MESSAGE][PASSED] - Object 'Object Repository/VLink/Page_CCSale/txt_COFScheduledIndicator' is present

2020-12-22 18:28:12 - [MESSAGE][PASSED] - Text 'Scheduled' is set on object 'Object Repository/VLink/Page_CCSale/txt_COFScheduledIndicator'

2020-12-22 18:28:13 - [MESSAGE][PASSED] - Object 'Object Repository/VLink/Page_CCSale/txt_COFTransactionInitiatedBy' is present

2020-12-22 18:28:14 - [MESSAGE][PASSED] - Text 'Merchant' is set on object 'Object Repository/VLink/Page_CCSale/txt_COFTransactionInitiatedBy'

2020-12-22 18:28:18 - [MESSAGE][PASSED] - Object: 'Object Repository/VLink/Page_CCSale/btn_ProcessVLinkTransaction' is clicked on

2020-12-22 18:28:23 - [MESSAGE][PASSED] - vlinkPages.saleCCPage.setDataSCC is PASSED

2020-12-22 18:28:23 - [TEST_STEP][PASSED] - if (verifyTextPresent("Transaction approved, no errors", true)): null

2020-12-22 18:28:24 - [MESSAGE][PASSED] - Text 'Transaction approved, no errors' is present on page  using regular expression

2020-12-22 18:28:24 - [TEST_STEP][PASSED] - println("Transaction Approved, no errors text is present on the Confirmation page"): null

2020-12-22 18:28:24 - [TEST_STEP][PASSED] - out.println("Pass Record Number: " + row): null

2020-12-22 18:28:24 - [TEST_STEP][PASSED] - sdfo = getText(findTestObject("Object Repository/Page_VLinkReceipt/pre_STX")): Text of object 'Object Repository/Page_VLinkReceipt/pre_STX' is: '<STX>2asnW2bgRS7U                  12088004            0  Transaction approved, no errors                   0                                                                                  Y OK0867   <ETX>'

2020-12-22 18:28:24 - [MESSAGE][PASSED] - Text of object 'Object Repository/Page_VLinkReceipt/pre_STX' is: '<STX>2asnW2bgRS7U                  12088004            0  Transaction approved, no errors                   0                                                                                  Y OK0867   <ETX>'

2020-12-22 18:28:24 - [TEST_STEP][PASSED] - out.println("sdfo: " + sdfo): null

2020-12-22 18:28:24 - [TEST_STEP][PASSED] - remID = substring(5, 35).trim(): null

2020-12-22 18:28:24 - [TEST_STEP][PASSED] - out.println("Remittance ID: " + remID): null

2020-12-22 18:28:24 - [TEST_STEP][PASSED] - traxID = substring(35, 55).trim(): null

2020-12-22 18:28:24 - [TEST_STEP][PASSED] - out.println("Transaction ID: " + traxID): null

2020-12-22 18:28:24 - [TEST_STEP][PASSED] - out.println("End Record Number: " + row): null

2020-12-22 18:28:24 - [TEST_STEP][PASSED] - closeBrowser(): Browser is closed

2020-12-22 18:28:25 - [MESSAGE][PASSED] - Browser is closed

2020-12-22 18:28:25 - [TEST_STEP][PASSED] - out.println("Begin Record Number: " + row): null

2020-12-22 18:28:25 - [TEST_STEP][PASSED] - openBrowser(VLinkURL + "authcap.html"): Browser is opened with url: 'https://dev-algorithm.govolution.com/vlinktest/QA/version_2_0/authcap.html'

2020-12-22 18:28:25 - [MESSAGE][INFO] - Starting 'Chrome' driver

2020-12-22 18:28:25 - [MESSAGE][INFO] - User set preference: ['acceptInsecureCerts', 'true']

2020-12-22 18:28:25 - [MESSAGE][INFO] - Action delay is set to 0 milliseconds

2020-12-22 18:28:36 - [MESSAGE][PASSED] - Browser is opened with url: 'https://dev-algorithm.govolution.com/vlinktest/QA/version_2_0/authcap.html'

2020-12-22 18:28:36 - [TEST_STEP][PASSED] - maximizeWindow(): Current window maximized

2020-12-22 18:28:36 - [MESSAGE][PASSED] - Current window maximized

2020-12-22 18:28:36 - [TEST_STEP][PASSED] - vlinkPages.saleCCPage.setDataSCC(row, dataFile): vlinkPages.saleCCPage.setDataSCC is PASSED

2020-12-22 18:28:38 - [MESSAGE][PASSED] - Object 'Object Repository/VLink/Page_CCSale/txt_CardNumber' is present

2020-12-22 18:28:38 - [MESSAGE][PASSED] - Object 'Object Repository/VLink/Page_CCSale/txt_TransactionType' is present

2020-12-22 18:28:39 - [MESSAGE][PASSED] - Text '104' is set on object 'Object Repository/VLink/Page_CCSale/txt_TransactionType'

2020-12-22 18:28:39 - [MESSAGE][PASSED] - Object 'Object Repository/VLink/Page_CCSale/txt_MessageVersion' is present

2020-12-22 18:28:40 - [MESSAGE][PASSED] - Text '2.0C' is set on object 'Object Repository/VLink/Page_CCSale/txt_MessageVersion'

2020-12-22 18:28:40 - [MESSAGE][PASSED] - Object 'Object Repository/VLink/Page_CCSale/txt_RemID' is present

2020-12-22 18:28:41 - [MESSAGE][PASSED] - Text 'nHvAO4JjCedF' is set on object 'Object Repository/VLink/Page_CCSale/txt_RemID'

2020-12-22 18:28:41 - [MESSAGE][PASSED] - Object 'Object Repository/VLink/Page_CCSale/txt_ApplicationId' is present

2020-12-22 18:28:42 - [MESSAGE][PASSED] - Text '670' is set on object 'Object Repository/VLink/Page_CCSale/txt_ApplicationId'

2020-12-22 18:28:42 - [MESSAGE][PASSED] - Object 'Object Repository/VLink/Page_CCSale/txt_Username' is present

2020-12-22 18:28:43 - [MESSAGE][PASSED] - Text 'username' is set on object 'Object Repository/VLink/Page_CCSale/txt_Username'

2020-12-22 18:28:43 - [MESSAGE][PASSED] - Object 'Object Repository/VLink/Page_CCSale/txt_Password' is present

2020-12-22 18:28:44 - [MESSAGE][PASSED] - Text 'password' is set on object 'Object Repository/VLink/Page_CCSale/txt_Password'

2020-12-22 18:28:44 - [MESSAGE][PASSED] - Object 'Object Repository/VLink/Page_CCSale/txt_ResponseFormat' is present

2020-12-22 18:28:45 - [MESSAGE][PASSED] - Text 'fixed_width' is set on object 'Object Repository/VLink/Page_CCSale/txt_ResponseFormat'

2020-12-22 18:28:45 - [MESSAGE][PASSED] - Object 'Object Repository/VLink/Page_CCSale/txt_Category' is present

2020-12-22 18:28:46 - [MESSAGE][PASSED] - Text 'MOTO' is set on object 'Object Repository/VLink/Page_CCSale/txt_Category'

2020-12-22 18:28:46 - [MESSAGE][PASSED] - Object 'Object Repository/VLink/Page_CCSale/txt_TransactionID' is present

2020-12-22 18:28:46 - [MESSAGE][PASSED] - Text '' is set on object 'Object Repository/VLink/Page_CCSale/txt_TransactionID'

2020-12-22 18:28:47 - [MESSAGE][PASSED] - Object 'Object Repository/VLink/Page_CCSale/txt_ApprovalCode' is present

2020-12-22 18:28:47 - [MESSAGE][PASSED] - Text '' is set on object 'Object Repository/VLink/Page_CCSale/txt_ApprovalCode'

2020-12-22 18:28:48 - [MESSAGE][PASSED] - Object 'Object Repository/VLink/Page_CCSale/txt_CardName' is present

2020-12-22 18:28:48 - [MESSAGE][PASSED] - Text 'Roshan Maha' is set on object 'Object Repository/VLink/Page_CCSale/txt_CardName'

2020-12-22 18:28:48 - [MESSAGE][PASSED] - Object 'Object Repository/VLink/Page_CCSale/txt_AL1' is present

2020-12-22 18:28:49 - [MESSAGE][PASSED] - Text '12563 Bazaar road' is set on object 'Object Repository/VLink/Page_CCSale/txt_AL1'

2020-12-22 18:28:49 - [MESSAGE][PASSED] - Object 'Object Repository/VLink/Page_CCSale/txt_AL2' is present

2020-12-22 18:28:50 - [MESSAGE][PASSED] - Text '' is set on object 'Object Repository/VLink/Page_CCSale/txt_AL2'

2020-12-22 18:28:50 - [MESSAGE][PASSED] - Object 'Object Repository/VLink/Page_CCSale/txt_CardCity' is present

2020-12-22 18:28:51 - [MESSAGE][PASSED] - Text 'Crofton' is set on object 'Object Repository/VLink/Page_CCSale/txt_CardCity'

2020-12-22 18:28:51 - [MESSAGE][PASSED] - Object 'Object Repository/VLink/Page_CCSale/txt_CardState' is present

2020-12-22 18:28:52 - [MESSAGE][PASSED] - Text 'MD' is set on object 'Object Repository/VLink/Page_CCSale/txt_CardState'

2020-12-22 18:28:52 - [MESSAGE][PASSED] - Object 'Object Repository/VLink/Page_CCSale/txt_CardZIP' is present

2020-12-22 18:28:53 - [MESSAGE][PASSED] - Text '21114' is set on object 'Object Repository/VLink/Page_CCSale/txt_CardZIP'

2020-12-22 18:28:53 - [MESSAGE][PASSED] - Object 'Object Repository/VLink/Page_CCSale/txt_CountryID' is present

2020-12-22 18:28:53 - [MESSAGE][PASSED] - Text '' is set on object 'Object Repository/VLink/Page_CCSale/txt_CountryID'

2020-12-22 18:28:54 - [MESSAGE][PASSED] - Object 'Object Repository/VLink/Page_CCSale/txt_Amount' is present

2020-12-22 18:28:54 - [MESSAGE][PASSED] - Text '3.50' is set on object 'Object Repository/VLink/Page_CCSale/txt_Amount'

2020-12-22 18:28:55 - [MESSAGE][PASSED] - Object 'Object Repository/VLink/Page_CCSale/txt_CardNumber' is present

2020-12-22 18:28:55 - [MESSAGE][PASSED] - Text '5424000000000015' is set on object 'Object Repository/VLink/Page_CCSale/txt_CardNumber'

2020-12-22 18:28:56 - [MESSAGE][PASSED] - Object 'Object Repository/VLink/Page_CCSale/txt_ExpMonth' is present

2020-12-22 18:28:56 - [MESSAGE][PASSED] - Text '01' is set on object 'Object Repository/VLink/Page_CCSale/txt_ExpMonth'

2020-12-22 18:28:57 - [MESSAGE][PASSED] - Object 'Object Repository/VLink/Page_CCSale/txt_ExpYear' is present

2020-12-22 18:28:57 - [MESSAGE][PASSED] - Text '2026' is set on object 'Object Repository/VLink/Page_CCSale/txt_ExpYear'

2020-12-22 18:28:57 - [MESSAGE][PASSED] - Object 'Object Repository/VLink/Page_CCSale/txt_CVV' is present

2020-12-22 18:28:58 - [MESSAGE][PASSED] - Text '' is set on object 'Object Repository/VLink/Page_CCSale/txt_CVV'

2020-12-22 18:28:58 - [MESSAGE][PASSED] - Object 'Object Repository/VLink/Page_CCSale/txt_CVVstate' is present

2020-12-22 18:28:59 - [MESSAGE][PASSED] - Text '' is set on object 'Object Repository/VLink/Page_CCSale/txt_CVVstate'

2020-12-22 18:28:59 - [MESSAGE][PASSED] - Object 'Object Repository/VLink/Page_CCSale/txt_TrackData' is present

2020-12-22 18:29:00 - [MESSAGE][PASSED] - Text '' is set on object 'Object Repository/VLink/Page_CCSale/txt_TrackData'

2020-12-22 18:29:00 - [MESSAGE][PASSED] - Object 'Object Repository/VLink/Page_CCSale/txt_Track1Data' is present

2020-12-22 18:29:01 - [MESSAGE][PASSED] - Text '' is set on object 'Object Repository/VLink/Page_CCSale/txt_Track1Data'

2020-12-22 18:29:01 - [MESSAGE][PASSED] - Object 'Object Repository/VLink/Page_CCSale/txt_Track2Data' is present

2020-12-22 18:29:02 - [MESSAGE][PASSED] - Text '' is set on object 'Object Repository/VLink/Page_CCSale/txt_Track2Data'

2020-12-22 18:29:02 - [MESSAGE][PASSED] - Object 'Object Repository/VLink/Page_CCSale/txt_POSEntryMode' is present

2020-12-22 18:29:03 - [MESSAGE][PASSED] - Text 'manual' is set on object 'Object Repository/VLink/Page_CCSale/txt_POSEntryMode'

2020-12-22 18:29:03 - [MESSAGE][PASSED] - Object 'Object Repository/VLink/Page_CCSale/txt_Email' is present

2020-12-22 18:29:04 - [MESSAGE][PASSED] - Text '' is set on object 'Object Repository/VLink/Page_CCSale/txt_Email'

2020-12-22 18:29:04 - [MESSAGE][PASSED] - Object 'Object Repository/VLink/Page_CCSale/txt_OrderNumber' is present

2020-12-22 18:29:05 - [MESSAGE][PASSED] - Text '' is set on object 'Object Repository/VLink/Page_CCSale/txt_OrderNumber'

2020-12-22 18:29:05 - [MESSAGE][PASSED] - Object 'Object Repository/VLink/Page_CCSale/txt_TaxAmount' is present

2020-12-22 18:29:06 - [MESSAGE][PASSED] - Text '' is set on object 'Object Repository/VLink/Page_CCSale/txt_TaxAmount'

2020-12-22 18:29:06 - [MESSAGE][PASSED] - Object 'Object Repository/VLink/Page_CCSale/txt_ChargeDescription' is present

2020-12-22 18:29:07 - [MESSAGE][PASSED] - Text '' is set on object 'Object Repository/VLink/Page_CCSale/txt_ChargeDescription'

2020-12-22 18:29:07 - [MESSAGE][PASSED] - Object 'Object Repository/VLink/Page_CCSale/txt_CAN' is present

2020-12-22 18:29:08 - [MESSAGE][PASSED] - Text '' is set on object 'Object Repository/VLink/Page_CCSale/txt_CAN'

2020-12-22 18:29:08 - [MESSAGE][PASSED] - Object 'Object Repository/VLink/Page_CCSale/txt_BillPaymentIndicator' is present

2020-12-22 18:29:09 - [MESSAGE][PASSED] - Text '' is set on object 'Object Repository/VLink/Page_CCSale/txt_BillPaymentIndicator'

2020-12-22 18:29:09 - [MESSAGE][PASSED] - Object 'Object Repository/VLink/Page_CCSale/txt_UDF1' is present

2020-12-22 18:29:10 - [MESSAGE][PASSED] - Text '' is set on object 'Object Repository/VLink/Page_CCSale/txt_UDF1'

2020-12-22 18:29:10 - [MESSAGE][PASSED] - Object 'Object Repository/VLink/Page_CCSale/txt_UDF2' is present

2020-12-22 18:29:11 - [MESSAGE][PASSED] - Text '' is set on object 'Object Repository/VLink/Page_CCSale/txt_UDF2'

2020-12-22 18:29:11 - [MESSAGE][PASSED] - Object 'Object Repository/VLink/Page_CCSale/txt_UDF3' is present

2020-12-22 18:29:12 - [MESSAGE][PASSED] - Text '' is set on object 'Object Repository/VLink/Page_CCSale/txt_UDF3'

2020-12-22 18:29:12 - [MESSAGE][PASSED] - Object 'Object Repository/VLink/Page_CCSale/txt_UDF4' is present

2020-12-22 18:29:13 - [MESSAGE][PASSED] - Text '' is set on object 'Object Repository/VLink/Page_CCSale/txt_UDF4'

2020-12-22 18:29:13 - [MESSAGE][PASSED] - Object 'Object Repository/VLink/Page_CCSale/txt_UDF5' is present

2020-12-22 18:29:14 - [MESSAGE][PASSED] - Text '' is set on object 'Object Repository/VLink/Page_CCSale/txt_UDF5'

2020-12-22 18:29:14 - [MESSAGE][PASSED] - Object 'Object Repository/VLink/Page_CCSale/txt_UDF6' is present

2020-12-22 18:29:15 - [MESSAGE][PASSED] - Text '' is set on object 'Object Repository/VLink/Page_CCSale/txt_UDF6'

2020-12-22 18:29:15 - [MESSAGE][PASSED] - Object 'Object Repository/VLink/Page_CCSale/txt_UDF7' is present

2020-12-22 18:29:16 - [MESSAGE][PASSED] - Text '' is set on object 'Object Repository/VLink/Page_CCSale/txt_UDF7'

2020-12-22 18:29:16 - [MESSAGE][PASSED] - Object 'Object Repository/VLink/Page_CCSale/txt_UDF8' is present

2020-12-22 18:29:17 - [MESSAGE][PASSED] - Text '' is set on object 'Object Repository/VLink/Page_CCSale/txt_UDF8'

2020-12-22 18:29:17 - [MESSAGE][PASSED] - Object 'Object Repository/VLink/Page_CCSale/txt_UDF9' is present

2020-12-22 18:29:18 - [MESSAGE][PASSED] - Text '' is set on object 'Object Repository/VLink/Page_CCSale/txt_UDF9'

2020-12-22 18:29:18 - [MESSAGE][PASSED] - Object 'Object Repository/VLink/Page_CCSale/txt_UDF10' is present

2020-12-22 18:29:19 - [MESSAGE][PASSED] - Text '' is set on object 'Object Repository/VLink/Page_CCSale/txt_UDF10'

2020-12-22 18:29:19 - [MESSAGE][PASSED] - Object 'Object Repository/VLink/Page_CCSale/txt_CardOnFileIndicator' is present

2020-12-22 18:29:20 - [MESSAGE][PASSED] - Text '1' is set on object 'Object Repository/VLink/Page_CCSale/txt_CardOnFileIndicator'

2020-12-22 18:29:20 - [MESSAGE][PASSED] - Object 'Object Repository/VLink/Page_CCSale/txt_StoredCredentialIndicator' is present

2020-12-22 18:29:21 - [MESSAGE][PASSED] - Text 'Subsequent' is set on object 'Object Repository/VLink/Page_CCSale/txt_StoredCredentialIndicator'

2020-12-22 18:29:21 - [MESSAGE][PASSED] - Object 'Object Repository/VLink/Page_CCSale/txt_COFScheduledIndicator' is present

2020-12-22 18:29:22 - [MESSAGE][PASSED] - Text 'Scheduled' is set on object 'Object Repository/VLink/Page_CCSale/txt_COFScheduledIndicator'

2020-12-22 18:29:22 - [MESSAGE][PASSED] - Object 'Object Repository/VLink/Page_CCSale/txt_COFTransactionInitiatedBy' is present

2020-12-22 18:29:23 - [MESSAGE][PASSED] - Text 'Merchant' is set on object 'Object Repository/VLink/Page_CCSale/txt_COFTransactionInitiatedBy'

2020-12-22 18:29:28 - [MESSAGE][PASSED] - Object: 'Object Repository/VLink/Page_CCSale/btn_ProcessVLinkTransaction' is clicked on

2020-12-22 18:29:33 - [MESSAGE][PASSED] - vlinkPages.saleCCPage.setDataSCC is PASSED

2020-12-22 18:29:33 - [TEST_STEP][PASSED] - if (verifyTextPresent("Transaction approved, no errors", true)): null

2020-12-22 18:29:33 - [MESSAGE][PASSED] - Text 'Transaction approved, no errors' is present on page  using regular expression

2020-12-22 18:29:33 - [TEST_STEP][PASSED] - println("Transaction Approved, no errors text is present on the Confirmation page"): null

2020-12-22 18:29:33 - [TEST_STEP][PASSED] - out.println("Pass Record Number: " + row): null

2020-12-22 18:29:33 - [TEST_STEP][PASSED] - sdfo = getText(findTestObject("Object Repository/Page_VLinkReceipt/pre_STX")): Text of object 'Object Repository/Page_VLinkReceipt/pre_STX' is: '<STX>nHvAO4JjCedF                  12088005            0  Transaction approved, no errors                   0                                                                                  Y OK0907   <ETX>'

2020-12-22 18:29:33 - [MESSAGE][PASSED] - Text of object 'Object Repository/Page_VLinkReceipt/pre_STX' is: '<STX>nHvAO4JjCedF                  12088005            0  Transaction approved, no errors                   0                                                                                  Y OK0907   <ETX>'

2020-12-22 18:29:33 - [TEST_STEP][PASSED] - out.println("sdfo: " + sdfo): null

2020-12-22 18:29:33 - [TEST_STEP][PASSED] - remID = substring(5, 35).trim(): null

2020-12-22 18:29:33 - [TEST_STEP][PASSED] - out.println("Remittance ID: " + remID): null

2020-12-22 18:29:33 - [TEST_STEP][PASSED] - traxID = substring(35, 55).trim(): null

2020-12-22 18:29:33 - [TEST_STEP][PASSED] - out.println("Transaction ID: " + traxID): null

2020-12-22 18:29:33 - [TEST_STEP][PASSED] - out.println("End Record Number: " + row): null

2020-12-22 18:29:33 - [TEST_STEP][PASSED] - closeBrowser(): Browser is closed

2020-12-22 18:29:34 - [MESSAGE][PASSED] - Browser is closed

2020-12-22 18:29:34 - [TEST_STEP][PASSED] - out.println("Begin Record Number: " + row): null

2020-12-22 18:29:34 - [TEST_STEP][PASSED] - openBrowser(VLinkURL + "authcap.html"): Browser is opened with url: 'https://dev-algorithm.govolution.com/vlinktest/QA/version_2_0/authcap.html'

2020-12-22 18:29:34 - [MESSAGE][INFO] - Starting 'Chrome' driver

2020-12-22 18:29:34 - [MESSAGE][INFO] - User set preference: ['acceptInsecureCerts', 'true']

2020-12-22 18:29:34 - [MESSAGE][INFO] - Action delay is set to 0 milliseconds

2020-12-22 18:29:38 - [MESSAGE][PASSED] - Browser is opened with url: 'https://dev-algorithm.govolution.com/vlinktest/QA/version_2_0/authcap.html'

2020-12-22 18:29:38 - [TEST_STEP][PASSED] - maximizeWindow(): Current window maximized

2020-12-22 18:29:38 - [MESSAGE][PASSED] - Current window maximized

2020-12-22 18:29:38 - [TEST_STEP][PASSED] - vlinkPages.saleCCPage.setDataSCC(row, dataFile): vlinkPages.saleCCPage.setDataSCC is PASSED

2020-12-22 18:29:40 - [MESSAGE][PASSED] - Object 'Object Repository/VLink/Page_CCSale/txt_CardNumber' is present

2020-12-22 18:29:40 - [MESSAGE][PASSED] - Object 'Object Repository/VLink/Page_CCSale/txt_TransactionType' is present

2020-12-22 18:29:41 - [MESSAGE][PASSED] - Text '104' is set on object 'Object Repository/VLink/Page_CCSale/txt_TransactionType'

2020-12-22 18:29:41 - [MESSAGE][PASSED] - Object 'Object Repository/VLink/Page_CCSale/txt_MessageVersion' is present

2020-12-22 18:29:41 - [MESSAGE][PASSED] - Text '2.0C' is set on object 'Object Repository/VLink/Page_CCSale/txt_MessageVersion'

2020-12-22 18:29:42 - [MESSAGE][PASSED] - Object 'Object Repository/VLink/Page_CCSale/txt_RemID' is present

2020-12-22 18:29:42 - [MESSAGE][PASSED] - Text 'dxpzTa8Q4YqX' is set on object 'Object Repository/VLink/Page_CCSale/txt_RemID'

2020-12-22 18:29:43 - [MESSAGE][PASSED] - Object 'Object Repository/VLink/Page_CCSale/txt_ApplicationId' is present

2020-12-22 18:29:43 - [MESSAGE][PASSED] - Text '670' is set on object 'Object Repository/VLink/Page_CCSale/txt_ApplicationId'

2020-12-22 18:29:43 - [MESSAGE][PASSED] - Object 'Object Repository/VLink/Page_CCSale/txt_Username' is present

2020-12-22 18:29:44 - [MESSAGE][PASSED] - Text 'username' is set on object 'Object Repository/VLink/Page_CCSale/txt_Username'

2020-12-22 18:29:44 - [MESSAGE][PASSED] - Object 'Object Repository/VLink/Page_CCSale/txt_Password' is present

2020-12-22 18:29:45 - [MESSAGE][PASSED] - Text 'password' is set on object 'Object Repository/VLink/Page_CCSale/txt_Password'

2020-12-22 18:29:45 - [MESSAGE][PASSED] - Object 'Object Repository/VLink/Page_CCSale/txt_ResponseFormat' is present

2020-12-22 18:29:46 - [MESSAGE][PASSED] - Text 'fixed_width' is set on object 'Object Repository/VLink/Page_CCSale/txt_ResponseFormat'

2020-12-22 18:29:46 - [MESSAGE][PASSED] - Object 'Object Repository/VLink/Page_CCSale/txt_Category' is present

2020-12-22 18:29:47 - [MESSAGE][PASSED] - Text 'MOTO' is set on object 'Object Repository/VLink/Page_CCSale/txt_Category'

2020-12-22 18:29:47 - [MESSAGE][PASSED] - Object 'Object Repository/VLink/Page_CCSale/txt_TransactionID' is present

2020-12-22 18:29:48 - [MESSAGE][PASSED] - Text '' is set on object 'Object Repository/VLink/Page_CCSale/txt_TransactionID'

2020-12-22 18:29:48 - [MESSAGE][PASSED] - Object 'Object Repository/VLink/Page_CCSale/txt_ApprovalCode' is present

2020-12-22 18:29:49 - [MESSAGE][PASSED] - Text '' is set on object 'Object Repository/VLink/Page_CCSale/txt_ApprovalCode'

2020-12-22 18:29:49 - [MESSAGE][PASSED] - Object 'Object Repository/VLink/Page_CCSale/txt_CardName' is present

2020-12-22 18:29:50 - [MESSAGE][PASSED] - Text 'Kris Roshan' is set on object 'Object Repository/VLink/Page_CCSale/txt_CardName'

2020-12-22 18:29:50 - [MESSAGE][PASSED] - Object 'Object Repository/VLink/Page_CCSale/txt_AL1' is present

2020-12-22 18:29:51 - [MESSAGE][PASSED] - Text '258 Elm Road' is set on object 'Object Repository/VLink/Page_CCSale/txt_AL1'

2020-12-22 18:29:51 - [MESSAGE][PASSED] - Object 'Object Repository/VLink/Page_CCSale/txt_AL2' is present

2020-12-22 18:29:52 - [MESSAGE][PASSED] - Text 'Suite 56' is set on object 'Object Repository/VLink/Page_CCSale/txt_AL2'

2020-12-22 18:29:52 - [MESSAGE][PASSED] - Object 'Object Repository/VLink/Page_CCSale/txt_CardCity' is present

2020-12-22 18:29:53 - [MESSAGE][PASSED] - Text 'Arlington' is set on object 'Object Repository/VLink/Page_CCSale/txt_CardCity'

2020-12-22 18:29:53 - [MESSAGE][PASSED] - Object 'Object Repository/VLink/Page_CCSale/txt_CardState' is present

2020-12-22 18:29:54 - [MESSAGE][PASSED] - Text 'VA' is set on object 'Object Repository/VLink/Page_CCSale/txt_CardState'

2020-12-22 18:29:54 - [MESSAGE][PASSED] - Object 'Object Repository/VLink/Page_CCSale/txt_CardZIP' is present

2020-12-22 18:29:55 - [MESSAGE][PASSED] - Text '22201' is set on object 'Object Repository/VLink/Page_CCSale/txt_CardZIP'

2020-12-22 18:29:55 - [MESSAGE][PASSED] - Object 'Object Repository/VLink/Page_CCSale/txt_CountryID' is present

2020-12-22 18:29:56 - [MESSAGE][PASSED] - Text '840' is set on object 'Object Repository/VLink/Page_CCSale/txt_CountryID'

2020-12-22 18:29:56 - [MESSAGE][PASSED] - Object 'Object Repository/VLink/Page_CCSale/txt_Amount' is present

2020-12-22 18:29:57 - [MESSAGE][PASSED] - Text '1.50' is set on object 'Object Repository/VLink/Page_CCSale/txt_Amount'

2020-12-22 18:29:57 - [MESSAGE][PASSED] - Object 'Object Repository/VLink/Page_CCSale/txt_CardNumber' is present

2020-12-22 18:29:58 - [MESSAGE][PASSED] - Text '370000000000002' is set on object 'Object Repository/VLink/Page_CCSale/txt_CardNumber'

2020-12-22 18:29:58 - [MESSAGE][PASSED] - Object 'Object Repository/VLink/Page_CCSale/txt_ExpMonth' is present

2020-12-22 18:29:59 - [MESSAGE][PASSED] - Text '12' is set on object 'Object Repository/VLink/Page_CCSale/txt_ExpMonth'

2020-12-22 18:29:59 - [MESSAGE][PASSED] - Object 'Object Repository/VLink/Page_CCSale/txt_ExpYear' is present

2020-12-22 18:30:00 - [MESSAGE][PASSED] - Text '2025' is set on object 'Object Repository/VLink/Page_CCSale/txt_ExpYear'

2020-12-22 18:30:00 - [MESSAGE][PASSED] - Object 'Object Repository/VLink/Page_CCSale/txt_CVV' is present

2020-12-22 18:30:01 - [MESSAGE][PASSED] - Text '' is set on object 'Object Repository/VLink/Page_CCSale/txt_CVV'

2020-12-22 18:30:01 - [MESSAGE][PASSED] - Object 'Object Repository/VLink/Page_CCSale/txt_CVVstate' is present

2020-12-22 18:30:02 - [MESSAGE][PASSED] - Text '' is set on object 'Object Repository/VLink/Page_CCSale/txt_CVVstate'

2020-12-22 18:30:02 - [MESSAGE][PASSED] - Object 'Object Repository/VLink/Page_CCSale/txt_TrackData' is present

2020-12-22 18:30:03 - [MESSAGE][PASSED] - Text '' is set on object 'Object Repository/VLink/Page_CCSale/txt_TrackData'

2020-12-22 18:30:03 - [MESSAGE][PASSED] - Object 'Object Repository/VLink/Page_CCSale/txt_Track1Data' is present

2020-12-22 18:30:04 - [MESSAGE][PASSED] - Text '' is set on object 'Object Repository/VLink/Page_CCSale/txt_Track1Data'

2020-12-22 18:30:04 - [MESSAGE][PASSED] - Object 'Object Repository/VLink/Page_CCSale/txt_Track2Data' is present

2020-12-22 18:30:05 - [MESSAGE][PASSED] - Text '' is set on object 'Object Repository/VLink/Page_CCSale/txt_Track2Data'

2020-12-22 18:30:05 - [MESSAGE][PASSED] - Object 'Object Repository/VLink/Page_CCSale/txt_POSEntryMode' is present

2020-12-22 18:30:06 - [MESSAGE][PASSED] - Text 'manual' is set on object 'Object Repository/VLink/Page_CCSale/txt_POSEntryMode'

2020-12-22 18:30:06 - [MESSAGE][PASSED] - Object 'Object Repository/VLink/Page_CCSale/txt_Email' is present

2020-12-22 18:30:07 - [MESSAGE][PASSED] - Text 'iahmed@govolution.com' is set on object 'Object Repository/VLink/Page_CCSale/txt_Email'

2020-12-22 18:30:07 - [MESSAGE][PASSED] - Object 'Object Repository/VLink/Page_CCSale/txt_OrderNumber' is present

2020-12-22 18:30:08 - [MESSAGE][PASSED] - Text '2569362' is set on object 'Object Repository/VLink/Page_CCSale/txt_OrderNumber'

2020-12-22 18:30:08 - [MESSAGE][PASSED] - Object 'Object Repository/VLink/Page_CCSale/txt_TaxAmount' is present

2020-12-22 18:30:09 - [MESSAGE][PASSED] - Text '1.15' is set on object 'Object Repository/VLink/Page_CCSale/txt_TaxAmount'

2020-12-22 18:30:09 - [MESSAGE][PASSED] - Object 'Object Repository/VLink/Page_CCSale/txt_ChargeDescription' is present

2020-12-22 18:30:10 - [MESSAGE][PASSED] - Text 'Charge Description' is set on object 'Object Repository/VLink/Page_CCSale/txt_ChargeDescription'

2020-12-22 18:30:10 - [MESSAGE][PASSED] - Object 'Object Repository/VLink/Page_CCSale/txt_CAN' is present

2020-12-22 18:30:11 - [MESSAGE][PASSED] - Text '147357' is set on object 'Object Repository/VLink/Page_CCSale/txt_CAN'

2020-12-22 18:30:11 - [MESSAGE][PASSED] - Object 'Object Repository/VLink/Page_CCSale/txt_BillPaymentIndicator' is present

2020-12-22 18:30:12 - [MESSAGE][PASSED] - Text '1' is set on object 'Object Repository/VLink/Page_CCSale/txt_BillPaymentIndicator'

2020-12-22 18:30:12 - [MESSAGE][PASSED] - Object 'Object Repository/VLink/Page_CCSale/txt_UDF1' is present

2020-12-22 18:30:13 - [MESSAGE][PASSED] - Text 'UDF Data 1' is set on object 'Object Repository/VLink/Page_CCSale/txt_UDF1'

2020-12-22 18:30:13 - [MESSAGE][PASSED] - Object 'Object Repository/VLink/Page_CCSale/txt_UDF2' is present

2020-12-22 18:30:14 - [MESSAGE][PASSED] - Text 'UDF Data 2' is set on object 'Object Repository/VLink/Page_CCSale/txt_UDF2'

2020-12-22 18:30:14 - [MESSAGE][PASSED] - Object 'Object Repository/VLink/Page_CCSale/txt_UDF3' is present

2020-12-22 18:30:15 - [MESSAGE][PASSED] - Text 'UDF Data 3' is set on object 'Object Repository/VLink/Page_CCSale/txt_UDF3'

2020-12-22 18:30:15 - [MESSAGE][PASSED] - Object 'Object Repository/VLink/Page_CCSale/txt_UDF4' is present

2020-12-22 18:30:16 - [MESSAGE][PASSED] - Text 'UDF Data 4' is set on object 'Object Repository/VLink/Page_CCSale/txt_UDF4'

2020-12-22 18:30:16 - [MESSAGE][PASSED] - Object 'Object Repository/VLink/Page_CCSale/txt_UDF5' is present

2020-12-22 18:30:17 - [MESSAGE][PASSED] - Text 'UDF Data 5' is set on object 'Object Repository/VLink/Page_CCSale/txt_UDF5'

2020-12-22 18:30:17 - [MESSAGE][PASSED] - Object 'Object Repository/VLink/Page_CCSale/txt_UDF6' is present

2020-12-22 18:30:18 - [MESSAGE][PASSED] - Text 'UDF Data 6' is set on object 'Object Repository/VLink/Page_CCSale/txt_UDF6'

2020-12-22 18:30:18 - [MESSAGE][PASSED] - Object 'Object Repository/VLink/Page_CCSale/txt_UDF7' is present

2020-12-22 18:30:19 - [MESSAGE][PASSED] - Text 'UDF Data 7' is set on object 'Object Repository/VLink/Page_CCSale/txt_UDF7'

2020-12-22 18:30:19 - [MESSAGE][PASSED] - Object 'Object Repository/VLink/Page_CCSale/txt_UDF8' is present

2020-12-22 18:30:20 - [MESSAGE][PASSED] - Text 'UDF Data 8' is set on object 'Object Repository/VLink/Page_CCSale/txt_UDF8'

2020-12-22 18:30:20 - [MESSAGE][PASSED] - Object 'Object Repository/VLink/Page_CCSale/txt_UDF9' is present

2020-12-22 18:30:21 - [MESSAGE][PASSED] - Text 'UDF Data 9' is set on object 'Object Repository/VLink/Page_CCSale/txt_UDF9'

2020-12-22 18:30:21 - [MESSAGE][PASSED] - Object 'Object Repository/VLink/Page_CCSale/txt_UDF10' is present

2020-12-22 18:30:22 - [MESSAGE][PASSED] - Text 'UDF Data 10' is set on object 'Object Repository/VLink/Page_CCSale/txt_UDF10'

2020-12-22 18:30:22 - [MESSAGE][PASSED] - Object 'Object Repository/VLink/Page_CCSale/txt_CardOnFileIndicator' is present

2020-12-22 18:30:23 - [MESSAGE][PASSED] - Text '1' is set on object 'Object Repository/VLink/Page_CCSale/txt_CardOnFileIndicator'

2020-12-22 18:30:23 - [MESSAGE][PASSED] - Object 'Object Repository/VLink/Page_CCSale/txt_StoredCredentialIndicator' is present

2020-12-22 18:30:24 - [MESSAGE][PASSED] - Text 'Subsequent' is set on object 'Object Repository/VLink/Page_CCSale/txt_StoredCredentialIndicator'

2020-12-22 18:30:24 - [MESSAGE][PASSED] - Object 'Object Repository/VLink/Page_CCSale/txt_COFScheduledIndicator' is present

2020-12-22 18:30:25 - [MESSAGE][PASSED] - Text 'Scheduled' is set on object 'Object Repository/VLink/Page_CCSale/txt_COFScheduledIndicator'

2020-12-22 18:30:25 - [MESSAGE][PASSED] - Object 'Object Repository/VLink/Page_CCSale/txt_COFTransactionInitiatedBy' is present

2020-12-22 18:30:26 - [MESSAGE][PASSED] - Text 'Merchant' is set on object 'Object Repository/VLink/Page_CCSale/txt_COFTransactionInitiatedBy'

2020-12-22 18:30:30 - [MESSAGE][PASSED] - Object: 'Object Repository/VLink/Page_CCSale/btn_ProcessVLinkTransaction' is clicked on

2020-12-22 18:30:35 - [MESSAGE][PASSED] - vlinkPages.saleCCPage.setDataSCC is PASSED

2020-12-22 18:30:35 - [TEST_STEP][PASSED] - if (verifyTextPresent("Transaction approved, no errors", true)): null

2020-12-22 18:30:35 - [MESSAGE][PASSED] - Text 'Transaction approved, no errors' is present on page  using regular expression

2020-12-22 18:30:35 - [TEST_STEP][PASSED] - println("Transaction Approved, no errors text is present on the Confirmation page"): null

2020-12-22 18:30:35 - [TEST_STEP][PASSED] - out.println("Pass Record Number: " + row): null

2020-12-22 18:30:35 - [TEST_STEP][PASSED] - sdfo = getText(findTestObject("Object Repository/Page_VLinkReceipt/pre_STX")): Text of object 'Object Repository/Page_VLinkReceipt/pre_STX' is: '<STX>dxpzTa8Q4YqX                  12088006            0  Transaction approved, no errors                   0                                                                                  Y OK0967   <ETX>'

2020-12-22 18:30:35 - [MESSAGE][PASSED] - Text of object 'Object Repository/Page_VLinkReceipt/pre_STX' is: '<STX>dxpzTa8Q4YqX                  12088006            0  Transaction approved, no errors                   0                                                                                  Y OK0967   <ETX>'

2020-12-22 18:30:35 - [TEST_STEP][PASSED] - out.println("sdfo: " + sdfo): null

2020-12-22 18:30:35 - [TEST_STEP][PASSED] - remID = substring(5, 35).trim(): null

2020-12-22 18:30:35 - [TEST_STEP][PASSED] - out.println("Remittance ID: " + remID): null

2020-12-22 18:30:35 - [TEST_STEP][PASSED] - traxID = substring(35, 55).trim(): null

2020-12-22 18:30:35 - [TEST_STEP][PASSED] - out.println("Transaction ID: " + traxID): null

2020-12-22 18:30:35 - [TEST_STEP][PASSED] - out.println("End Record Number: " + row): null

2020-12-22 18:30:35 - [TEST_STEP][PASSED] - closeBrowser(): Browser is closed

2020-12-22 18:30:36 - [MESSAGE][PASSED] - Browser is closed

2020-12-22 18:30:36 - [TEST_STEP][PASSED] - out.println("Begin Record Number: " + row): null

2020-12-22 18:30:36 - [TEST_STEP][PASSED] - openBrowser(VLinkURL + "authcap.html"): Browser is opened with url: 'https://dev-algorithm.govolution.com/vlinktest/QA/version_2_0/authcap.html'

2020-12-22 18:30:36 - [MESSAGE][INFO] - Starting 'Chrome' driver

2020-12-22 18:30:36 - [MESSAGE][INFO] - User set preference: ['acceptInsecureCerts', 'true']

2020-12-22 18:30:36 - [MESSAGE][INFO] - Action delay is set to 0 milliseconds

2020-12-22 18:30:40 - [MESSAGE][PASSED] - Browser is opened with url: 'https://dev-algorithm.govolution.com/vlinktest/QA/version_2_0/authcap.html'

2020-12-22 18:30:40 - [TEST_STEP][PASSED] - maximizeWindow(): Current window maximized

2020-12-22 18:30:40 - [MESSAGE][PASSED] - Current window maximized

2020-12-22 18:30:40 - [TEST_STEP][PASSED] - vlinkPages.saleCCPage.setDataSCC(row, dataFile): vlinkPages.saleCCPage.setDataSCC is PASSED

2020-12-22 18:30:41 - [MESSAGE][PASSED] - Object 'Object Repository/VLink/Page_CCSale/txt_CardNumber' is present

2020-12-22 18:30:41 - [MESSAGE][PASSED] - Object 'Object Repository/VLink/Page_CCSale/txt_TransactionType' is present

2020-12-22 18:30:42 - [MESSAGE][PASSED] - Text '104' is set on object 'Object Repository/VLink/Page_CCSale/txt_TransactionType'

2020-12-22 18:30:42 - [MESSAGE][PASSED] - Object 'Object Repository/VLink/Page_CCSale/txt_MessageVersion' is present

2020-12-22 18:30:43 - [MESSAGE][PASSED] - Text '2.0C' is set on object 'Object Repository/VLink/Page_CCSale/txt_MessageVersion'

2020-12-22 18:30:43 - [MESSAGE][PASSED] - Object 'Object Repository/VLink/Page_CCSale/txt_RemID' is present

2020-12-22 18:30:44 - [MESSAGE][PASSED] - Text 'tdJPB42D3lql' is set on object 'Object Repository/VLink/Page_CCSale/txt_RemID'

2020-12-22 18:30:44 - [MESSAGE][PASSED] - Object 'Object Repository/VLink/Page_CCSale/txt_ApplicationId' is present

2020-12-22 18:30:45 - [MESSAGE][PASSED] - Text '670' is set on object 'Object Repository/VLink/Page_CCSale/txt_ApplicationId'

2020-12-22 18:30:45 - [MESSAGE][PASSED] - Object 'Object Repository/VLink/Page_CCSale/txt_Username' is present

2020-12-22 18:30:46 - [MESSAGE][PASSED] - Text 'username' is set on object 'Object Repository/VLink/Page_CCSale/txt_Username'

2020-12-22 18:30:46 - [MESSAGE][PASSED] - Object 'Object Repository/VLink/Page_CCSale/txt_Password' is present

2020-12-22 18:30:46 - [MESSAGE][PASSED] - Text 'password' is set on object 'Object Repository/VLink/Page_CCSale/txt_Password'

2020-12-22 18:30:47 - [MESSAGE][PASSED] - Object 'Object Repository/VLink/Page_CCSale/txt_ResponseFormat' is present

2020-12-22 18:30:47 - [MESSAGE][PASSED] - Text 'fixed_width' is set on object 'Object Repository/VLink/Page_CCSale/txt_ResponseFormat'

2020-12-22 18:30:48 - [MESSAGE][PASSED] - Object 'Object Repository/VLink/Page_CCSale/txt_Category' is present

2020-12-22 18:30:48 - [MESSAGE][PASSED] - Text 'MOTO' is set on object 'Object Repository/VLink/Page_CCSale/txt_Category'

2020-12-22 18:30:48 - [MESSAGE][PASSED] - Object 'Object Repository/VLink/Page_CCSale/txt_TransactionID' is present

2020-12-22 18:30:49 - [MESSAGE][PASSED] - Text '' is set on object 'Object Repository/VLink/Page_CCSale/txt_TransactionID'

2020-12-22 18:30:49 - [MESSAGE][PASSED] - Object 'Object Repository/VLink/Page_CCSale/txt_ApprovalCode' is present

2020-12-22 18:30:50 - [MESSAGE][PASSED] - Text '' is set on object 'Object Repository/VLink/Page_CCSale/txt_ApprovalCode'

2020-12-22 18:30:50 - [MESSAGE][PASSED] - Object 'Object Repository/VLink/Page_CCSale/txt_CardName' is present

2020-12-22 18:30:51 - [MESSAGE][PASSED] - Text 'Arvind Silva' is set on object 'Object Repository/VLink/Page_CCSale/txt_CardName'

2020-12-22 18:30:51 - [MESSAGE][PASSED] - Object 'Object Repository/VLink/Page_CCSale/txt_AL1' is present

2020-12-22 18:30:52 - [MESSAGE][PASSED] - Text '111 Main Ave' is set on object 'Object Repository/VLink/Page_CCSale/txt_AL1'

2020-12-22 18:30:52 - [MESSAGE][PASSED] - Object 'Object Repository/VLink/Page_CCSale/txt_AL2' is present

2020-12-22 18:30:53 - [MESSAGE][PASSED] - Text '' is set on object 'Object Repository/VLink/Page_CCSale/txt_AL2'

2020-12-22 18:30:53 - [MESSAGE][PASSED] - Object 'Object Repository/VLink/Page_CCSale/txt_CardCity' is present

2020-12-22 18:30:54 - [MESSAGE][PASSED] - Text 'Arlington' is set on object 'Object Repository/VLink/Page_CCSale/txt_CardCity'

2020-12-22 18:30:54 - [MESSAGE][PASSED] - Object 'Object Repository/VLink/Page_CCSale/txt_CardState' is present

2020-12-22 18:30:55 - [MESSAGE][PASSED] - Text 'VA' is set on object 'Object Repository/VLink/Page_CCSale/txt_CardState'

2020-12-22 18:30:55 - [MESSAGE][PASSED] - Object 'Object Repository/VLink/Page_CCSale/txt_CardZIP' is present

2020-12-22 18:30:56 - [MESSAGE][PASSED] - Text '22201' is set on object 'Object Repository/VLink/Page_CCSale/txt_CardZIP'

2020-12-22 18:30:56 - [MESSAGE][PASSED] - Object 'Object Repository/VLink/Page_CCSale/txt_CountryID' is present

2020-12-22 18:30:57 - [MESSAGE][PASSED] - Text '' is set on object 'Object Repository/VLink/Page_CCSale/txt_CountryID'

2020-12-22 18:30:57 - [MESSAGE][PASSED] - Object 'Object Repository/VLink/Page_CCSale/txt_Amount' is present

2020-12-22 18:30:58 - [MESSAGE][PASSED] - Text '2.50' is set on object 'Object Repository/VLink/Page_CCSale/txt_Amount'

2020-12-22 18:30:58 - [MESSAGE][PASSED] - Object 'Object Repository/VLink/Page_CCSale/txt_CardNumber' is present

2020-12-22 18:30:59 - [MESSAGE][PASSED] - Text '6011000000000004' is set on object 'Object Repository/VLink/Page_CCSale/txt_CardNumber'

2020-12-22 18:30:59 - [MESSAGE][PASSED] - Object 'Object Repository/VLink/Page_CCSale/txt_ExpMonth' is present

2020-12-22 18:31:00 - [MESSAGE][PASSED] - Text '01' is set on object 'Object Repository/VLink/Page_CCSale/txt_ExpMonth'

2020-12-22 18:31:00 - [MESSAGE][PASSED] - Object 'Object Repository/VLink/Page_CCSale/txt_ExpYear' is present

2020-12-22 18:31:01 - [MESSAGE][PASSED] - Text '2026' is set on object 'Object Repository/VLink/Page_CCSale/txt_ExpYear'

2020-12-22 18:31:01 - [MESSAGE][PASSED] - Object 'Object Repository/VLink/Page_CCSale/txt_CVV' is present

2020-12-22 18:31:02 - [MESSAGE][PASSED] - Text '' is set on object 'Object Repository/VLink/Page_CCSale/txt_CVV'

2020-12-22 18:31:02 - [MESSAGE][PASSED] - Object 'Object Repository/VLink/Page_CCSale/txt_CVVstate' is present

2020-12-22 18:31:03 - [MESSAGE][PASSED] - Text '' is set on object 'Object Repository/VLink/Page_CCSale/txt_CVVstate'

2020-12-22 18:31:03 - [MESSAGE][PASSED] - Object 'Object Repository/VLink/Page_CCSale/txt_TrackData' is present

2020-12-22 18:31:04 - [MESSAGE][PASSED] - Text '' is set on object 'Object Repository/VLink/Page_CCSale/txt_TrackData'

2020-12-22 18:31:04 - [MESSAGE][PASSED] - Object 'Object Repository/VLink/Page_CCSale/txt_Track1Data' is present

2020-12-22 18:31:05 - [MESSAGE][PASSED] - Text '' is set on object 'Object Repository/VLink/Page_CCSale/txt_Track1Data'

2020-12-22 18:31:05 - [MESSAGE][PASSED] - Object 'Object Repository/VLink/Page_CCSale/txt_Track2Data' is present

2020-12-22 18:31:06 - [MESSAGE][PASSED] - Text '' is set on object 'Object Repository/VLink/Page_CCSale/txt_Track2Data'

2020-12-22 18:31:06 - [MESSAGE][PASSED] - Object 'Object Repository/VLink/Page_CCSale/txt_POSEntryMode' is present

2020-12-22 18:31:07 - [MESSAGE][PASSED] - Text 'manual' is set on object 'Object Repository/VLink/Page_CCSale/txt_POSEntryMode'

2020-12-22 18:31:07 - [MESSAGE][PASSED] - Object 'Object Repository/VLink/Page_CCSale/txt_Email' is present

2020-12-22 18:31:08 - [MESSAGE][PASSED] - Text '' is set on object 'Object Repository/VLink/Page_CCSale/txt_Email'

2020-12-22 18:31:08 - [MESSAGE][PASSED] - Object 'Object Repository/VLink/Page_CCSale/txt_OrderNumber' is present

2020-12-22 18:31:09 - [MESSAGE][PASSED] - Text '' is set on object 'Object Repository/VLink/Page_CCSale/txt_OrderNumber'

2020-12-22 18:31:09 - [MESSAGE][PASSED] - Object 'Object Repository/VLink/Page_CCSale/txt_TaxAmount' is present

2020-12-22 18:31:10 - [MESSAGE][PASSED] - Text '' is set on object 'Object Repository/VLink/Page_CCSale/txt_TaxAmount'

2020-12-22 18:31:10 - [MESSAGE][PASSED] - Object 'Object Repository/VLink/Page_CCSale/txt_ChargeDescription' is present

2020-12-22 18:31:11 - [MESSAGE][PASSED] - Text '' is set on object 'Object Repository/VLink/Page_CCSale/txt_ChargeDescription'

2020-12-22 18:31:11 - [MESSAGE][PASSED] - Object 'Object Repository/VLink/Page_CCSale/txt_CAN' is present

2020-12-22 18:31:12 - [MESSAGE][PASSED] - Text '' is set on object 'Object Repository/VLink/Page_CCSale/txt_CAN'

2020-12-22 18:31:12 - [MESSAGE][PASSED] - Object 'Object Repository/VLink/Page_CCSale/txt_BillPaymentIndicator' is present

2020-12-22 18:31:13 - [MESSAGE][PASSED] - Text '' is set on object 'Object Repository/VLink/Page_CCSale/txt_BillPaymentIndicator'

2020-12-22 18:31:13 - [MESSAGE][PASSED] - Object 'Object Repository/VLink/Page_CCSale/txt_UDF1' is present

2020-12-22 18:31:14 - [MESSAGE][PASSED] - Text '' is set on object 'Object Repository/VLink/Page_CCSale/txt_UDF1'

2020-12-22 18:31:14 - [MESSAGE][PASSED] - Object 'Object Repository/VLink/Page_CCSale/txt_UDF2' is present

2020-12-22 18:31:15 - [MESSAGE][PASSED] - Text '' is set on object 'Object Repository/VLink/Page_CCSale/txt_UDF2'

2020-12-22 18:31:15 - [MESSAGE][PASSED] - Object 'Object Repository/VLink/Page_CCSale/txt_UDF3' is present

2020-12-22 18:31:16 - [MESSAGE][PASSED] - Text '' is set on object 'Object Repository/VLink/Page_CCSale/txt_UDF3'

2020-12-22 18:31:16 - [MESSAGE][PASSED] - Object 'Object Repository/VLink/Page_CCSale/txt_UDF4' is present

2020-12-22 18:31:17 - [MESSAGE][PASSED] - Text '' is set on object 'Object Repository/VLink/Page_CCSale/txt_UDF4'

2020-12-22 18:31:17 - [MESSAGE][PASSED] - Object 'Object Repository/VLink/Page_CCSale/txt_UDF5' is present

2020-12-22 18:31:18 - [MESSAGE][PASSED] - Text '' is set on object 'Object Repository/VLink/Page_CCSale/txt_UDF5'

2020-12-22 18:31:18 - [MESSAGE][PASSED] - Object 'Object Repository/VLink/Page_CCSale/txt_UDF6' is present

2020-12-22 18:31:19 - [MESSAGE][PASSED] - Text '' is set on object 'Object Repository/VLink/Page_CCSale/txt_UDF6'

2020-12-22 18:31:19 - [MESSAGE][PASSED] - Object 'Object Repository/VLink/Page_CCSale/txt_UDF7' is present

2020-12-22 18:31:20 - [MESSAGE][PASSED] - Text '' is set on object 'Object Repository/VLink/Page_CCSale/txt_UDF7'

2020-12-22 18:31:20 - [MESSAGE][PASSED] - Object 'Object Repository/VLink/Page_CCSale/txt_UDF8' is present

2020-12-22 18:31:21 - [MESSAGE][PASSED] - Text '' is set on object 'Object Repository/VLink/Page_CCSale/txt_UDF8'

2020-12-22 18:31:21 - [MESSAGE][PASSED] - Object 'Object Repository/VLink/Page_CCSale/txt_UDF9' is present

2020-12-22 18:31:22 - [MESSAGE][PASSED] - Text '' is set on object 'Object Repository/VLink/Page_CCSale/txt_UDF9'

2020-12-22 18:31:22 - [MESSAGE][PASSED] - Object 'Object Repository/VLink/Page_CCSale/txt_UDF10' is present

2020-12-22 18:31:23 - [MESSAGE][PASSED] - Text '' is set on object 'Object Repository/VLink/Page_CCSale/txt_UDF10'

2020-12-22 18:31:23 - [MESSAGE][PASSED] - Object 'Object Repository/VLink/Page_CCSale/txt_CardOnFileIndicator' is present

2020-12-22 18:31:24 - [MESSAGE][PASSED] - Text '1' is set on object 'Object Repository/VLink/Page_CCSale/txt_CardOnFileIndicator'

2020-12-22 18:31:24 - [MESSAGE][PASSED] - Object 'Object Repository/VLink/Page_CCSale/txt_StoredCredentialIndicator' is present

2020-12-22 18:31:25 - [MESSAGE][PASSED] - Text 'Subsequent' is set on object 'Object Repository/VLink/Page_CCSale/txt_StoredCredentialIndicator'

2020-12-22 18:31:25 - [MESSAGE][PASSED] - Object 'Object Repository/VLink/Page_CCSale/txt_COFScheduledIndicator' is present

2020-12-22 18:31:26 - [MESSAGE][PASSED] - Text 'Scheduled' is set on object 'Object Repository/VLink/Page_CCSale/txt_COFScheduledIndicator'

2020-12-22 18:31:26 - [MESSAGE][PASSED] - Object 'Object Repository/VLink/Page_CCSale/txt_COFTransactionInitiatedBy' is present

2020-12-22 18:31:27 - [MESSAGE][PASSED] - Text 'Merchant' is set on object 'Object Repository/VLink/Page_CCSale/txt_COFTransactionInitiatedBy'

2020-12-22 18:31:31 - [MESSAGE][PASSED] - Object: 'Object Repository/VLink/Page_CCSale/btn_ProcessVLinkTransaction' is clicked on

2020-12-22 18:31:36 - [MESSAGE][PASSED] - vlinkPages.saleCCPage.setDataSCC is PASSED

2020-12-22 18:31:36 - [TEST_STEP][PASSED] - if (verifyTextPresent("Transaction approved, no errors", true)): null

2020-12-22 18:31:37 - [MESSAGE][PASSED] - Text 'Transaction approved, no errors' is present on page  using regular expression

2020-12-22 18:31:37 - [TEST_STEP][PASSED] - println("Transaction Approved, no errors text is present on the Confirmation page"): null

2020-12-22 18:31:37 - [TEST_STEP][PASSED] - out.println("Pass Record Number: " + row): null

2020-12-22 18:31:37 - [TEST_STEP][PASSED] - sdfo = getText(findTestObject("Object Repository/Page_VLinkReceipt/pre_STX")): Text of object 'Object Repository/Page_VLinkReceipt/pre_STX' is: '<STX>tdJPB42D3lql                  12088007            0  Transaction approved, no errors                   0                                                                                  Y OK1237   <ETX>'

2020-12-22 18:31:37 - [MESSAGE][PASSED] - Text of object 'Object Repository/Page_VLinkReceipt/pre_STX' is: '<STX>tdJPB42D3lql                  12088007            0  Transaction approved, no errors                   0                                                                                  Y OK1237   <ETX>'

2020-12-22 18:31:37 - [TEST_STEP][PASSED] - out.println("sdfo: " + sdfo): null

2020-12-22 18:31:37 - [TEST_STEP][PASSED] - remID = substring(5, 35).trim(): null

2020-12-22 18:31:37 - [TEST_STEP][PASSED] - out.println("Remittance ID: " + remID): null

2020-12-22 18:31:37 - [TEST_STEP][PASSED] - traxID = substring(35, 55).trim(): null

2020-12-22 18:31:37 - [TEST_STEP][PASSED] - out.println("Transaction ID: " + traxID): null

2020-12-22 18:31:37 - [TEST_STEP][PASSED] - out.println("End Record Number: " + row): null

2020-12-22 18:31:37 - [TEST_STEP][PASSED] - closeBrowser(): Browser is closed

2020-12-22 18:31:38 - [MESSAGE][PASSED] - Browser is closed

2020-12-22 18:31:38 - [TEST_STEP][PASSED] - out.println("Begin Record Number: " + row): null

2020-12-22 18:31:38 - [TEST_STEP][PASSED] - openBrowser(VLinkURL + "authcap.html"): Browser is opened with url: 'https://dev-algorithm.govolution.com/vlinktest/QA/version_2_0/authcap.html'

2020-12-22 18:31:38 - [MESSAGE][INFO] - Starting 'Chrome' driver

2020-12-22 18:31:38 - [MESSAGE][INFO] - User set preference: ['acceptInsecureCerts', 'true']

2020-12-22 18:31:38 - [MESSAGE][INFO] - Action delay is set to 0 milliseconds

2020-12-22 18:31:42 - [MESSAGE][PASSED] - Browser is opened with url: 'https://dev-algorithm.govolution.com/vlinktest/QA/version_2_0/authcap.html'

2020-12-22 18:31:42 - [TEST_STEP][PASSED] - maximizeWindow(): Current window maximized

2020-12-22 18:31:42 - [MESSAGE][PASSED] - Current window maximized

2020-12-22 18:31:42 - [TEST_STEP][PASSED] - vlinkPages.saleCCPage.setDataSCC(row, dataFile): vlinkPages.saleCCPage.setDataSCC is PASSED

2020-12-22 18:31:43 - [MESSAGE][PASSED] - Object 'Object Repository/VLink/Page_CCSale/txt_CardNumber' is present

2020-12-22 18:31:44 - [MESSAGE][PASSED] - Object 'Object Repository/VLink/Page_CCSale/txt_TransactionType' is present

2020-12-22 18:31:44 - [MESSAGE][PASSED] - Text '104' is set on object 'Object Repository/VLink/Page_CCSale/txt_TransactionType'

2020-12-22 18:31:45 - [MESSAGE][PASSED] - Object 'Object Repository/VLink/Page_CCSale/txt_MessageVersion' is present

2020-12-22 18:31:45 - [MESSAGE][PASSED] - Text '2.0C' is set on object 'Object Repository/VLink/Page_CCSale/txt_MessageVersion'

2020-12-22 18:31:46 - [MESSAGE][PASSED] - Object 'Object Repository/VLink/Page_CCSale/txt_RemID' is present

2020-12-22 18:31:46 - [MESSAGE][PASSED] - Text '31uQzs0GOBEK' is set on object 'Object Repository/VLink/Page_CCSale/txt_RemID'

2020-12-22 18:31:46 - [MESSAGE][PASSED] - Object 'Object Repository/VLink/Page_CCSale/txt_ApplicationId' is present

2020-12-22 18:31:47 - [MESSAGE][PASSED] - Text '671' is set on object 'Object Repository/VLink/Page_CCSale/txt_ApplicationId'

2020-12-22 18:31:47 - [MESSAGE][PASSED] - Object 'Object Repository/VLink/Page_CCSale/txt_Username' is present

2020-12-22 18:31:48 - [MESSAGE][PASSED] - Text 'username' is set on object 'Object Repository/VLink/Page_CCSale/txt_Username'

2020-12-22 18:31:48 - [MESSAGE][PASSED] - Object 'Object Repository/VLink/Page_CCSale/txt_Password' is present

2020-12-22 18:31:49 - [MESSAGE][PASSED] - Text 'password' is set on object 'Object Repository/VLink/Page_CCSale/txt_Password'

2020-12-22 18:31:49 - [MESSAGE][PASSED] - Object 'Object Repository/VLink/Page_CCSale/txt_ResponseFormat' is present

2020-12-22 18:31:50 - [MESSAGE][PASSED] - Text 'fixed_width' is set on object 'Object Repository/VLink/Page_CCSale/txt_ResponseFormat'

2020-12-22 18:31:50 - [MESSAGE][PASSED] - Object 'Object Repository/VLink/Page_CCSale/txt_Category' is present

2020-12-22 18:31:51 - [MESSAGE][PASSED] - Text 'RETL' is set on object 'Object Repository/VLink/Page_CCSale/txt_Category'

2020-12-22 18:31:51 - [MESSAGE][PASSED] - Object 'Object Repository/VLink/Page_CCSale/txt_TransactionID' is present

2020-12-22 18:31:52 - [MESSAGE][PASSED] - Text '' is set on object 'Object Repository/VLink/Page_CCSale/txt_TransactionID'

2020-12-22 18:31:52 - [MESSAGE][PASSED] - Object 'Object Repository/VLink/Page_CCSale/txt_ApprovalCode' is present

2020-12-22 18:31:53 - [MESSAGE][PASSED] - Text '' is set on object 'Object Repository/VLink/Page_CCSale/txt_ApprovalCode'

2020-12-22 18:31:53 - [MESSAGE][PASSED] - Object 'Object Repository/VLink/Page_CCSale/txt_CardName' is present

2020-12-22 18:31:54 - [MESSAGE][PASSED] - Text 'Roshan Maha' is set on object 'Object Repository/VLink/Page_CCSale/txt_CardName'

2020-12-22 18:31:54 - [MESSAGE][PASSED] - Object 'Object Repository/VLink/Page_CCSale/txt_AL1' is present

2020-12-22 18:31:55 - [MESSAGE][PASSED] - Text '12563 Bazaar road' is set on object 'Object Repository/VLink/Page_CCSale/txt_AL1'

2020-12-22 18:31:55 - [MESSAGE][PASSED] - Object 'Object Repository/VLink/Page_CCSale/txt_AL2' is present

2020-12-22 18:31:56 - [MESSAGE][PASSED] - Text '' is set on object 'Object Repository/VLink/Page_CCSale/txt_AL2'

2020-12-22 18:31:56 - [MESSAGE][PASSED] - Object 'Object Repository/VLink/Page_CCSale/txt_CardCity' is present

2020-12-22 18:31:57 - [MESSAGE][PASSED] - Text 'Crofton' is set on object 'Object Repository/VLink/Page_CCSale/txt_CardCity'

2020-12-22 18:31:57 - [MESSAGE][PASSED] - Object 'Object Repository/VLink/Page_CCSale/txt_CardState' is present

2020-12-22 18:31:58 - [MESSAGE][PASSED] - Text 'MD' is set on object 'Object Repository/VLink/Page_CCSale/txt_CardState'

2020-12-22 18:31:58 - [MESSAGE][PASSED] - Object 'Object Repository/VLink/Page_CCSale/txt_CardZIP' is present

2020-12-22 18:31:59 - [MESSAGE][PASSED] - Text '21114' is set on object 'Object Repository/VLink/Page_CCSale/txt_CardZIP'

2020-12-22 18:31:59 - [MESSAGE][PASSED] - Object 'Object Repository/VLink/Page_CCSale/txt_CountryID' is present

2020-12-22 18:32:00 - [MESSAGE][PASSED] - Text '' is set on object 'Object Repository/VLink/Page_CCSale/txt_CountryID'

2020-12-22 18:32:00 - [MESSAGE][PASSED] - Object 'Object Repository/VLink/Page_CCSale/txt_Amount' is present

2020-12-22 18:32:01 - [MESSAGE][PASSED] - Text '3.50' is set on object 'Object Repository/VLink/Page_CCSale/txt_Amount'

2020-12-22 18:32:01 - [MESSAGE][PASSED] - Object 'Object Repository/VLink/Page_CCSale/txt_CardNumber' is present

2020-12-22 18:32:02 - [MESSAGE][PASSED] - Text '4111111111111111' is set on object 'Object Repository/VLink/Page_CCSale/txt_CardNumber'

2020-12-22 18:32:02 - [MESSAGE][PASSED] - Object 'Object Repository/VLink/Page_CCSale/txt_ExpMonth' is present

2020-12-22 18:32:03 - [MESSAGE][PASSED] - Text '01' is set on object 'Object Repository/VLink/Page_CCSale/txt_ExpMonth'

2020-12-22 18:32:03 - [MESSAGE][PASSED] - Object 'Object Repository/VLink/Page_CCSale/txt_ExpYear' is present

2020-12-22 18:32:04 - [MESSAGE][PASSED] - Text '2026' is set on object 'Object Repository/VLink/Page_CCSale/txt_ExpYear'

2020-12-22 18:32:04 - [MESSAGE][PASSED] - Object 'Object Repository/VLink/Page_CCSale/txt_CVV' is present

2020-12-22 18:32:05 - [MESSAGE][PASSED] - Text '' is set on object 'Object Repository/VLink/Page_CCSale/txt_CVV'

2020-12-22 18:32:05 - [MESSAGE][PASSED] - Object 'Object Repository/VLink/Page_CCSale/txt_CVVstate' is present

2020-12-22 18:32:06 - [MESSAGE][PASSED] - Text '' is set on object 'Object Repository/VLink/Page_CCSale/txt_CVVstate'

2020-12-22 18:32:06 - [MESSAGE][PASSED] - Object 'Object Repository/VLink/Page_CCSale/txt_TrackData' is present

2020-12-22 18:32:07 - [MESSAGE][PASSED] - Text '' is set on object 'Object Repository/VLink/Page_CCSale/txt_TrackData'

2020-12-22 18:32:07 - [MESSAGE][PASSED] - Object 'Object Repository/VLink/Page_CCSale/txt_Track1Data' is present

2020-12-22 18:32:08 - [MESSAGE][PASSED] - Text '' is set on object 'Object Repository/VLink/Page_CCSale/txt_Track1Data'

2020-12-22 18:32:08 - [MESSAGE][PASSED] - Object 'Object Repository/VLink/Page_CCSale/txt_Track2Data' is present

2020-12-22 18:32:09 - [MESSAGE][PASSED] - Text '' is set on object 'Object Repository/VLink/Page_CCSale/txt_Track2Data'

2020-12-22 18:32:09 - [MESSAGE][PASSED] - Object 'Object Repository/VLink/Page_CCSale/txt_POSEntryMode' is present

2020-12-22 18:32:10 - [MESSAGE][PASSED] - Text 'manual' is set on object 'Object Repository/VLink/Page_CCSale/txt_POSEntryMode'

2020-12-22 18:32:10 - [MESSAGE][PASSED] - Object 'Object Repository/VLink/Page_CCSale/txt_Email' is present

2020-12-22 18:32:11 - [MESSAGE][PASSED] - Text '' is set on object 'Object Repository/VLink/Page_CCSale/txt_Email'

2020-12-22 18:32:11 - [MESSAGE][PASSED] - Object 'Object Repository/VLink/Page_CCSale/txt_OrderNumber' is present

2020-12-22 18:32:12 - [MESSAGE][PASSED] - Text '' is set on object 'Object Repository/VLink/Page_CCSale/txt_OrderNumber'

2020-12-22 18:32:12 - [MESSAGE][PASSED] - Object 'Object Repository/VLink/Page_CCSale/txt_TaxAmount' is present

2020-12-22 18:32:13 - [MESSAGE][PASSED] - Text '' is set on object 'Object Repository/VLink/Page_CCSale/txt_TaxAmount'

2020-12-22 18:32:13 - [MESSAGE][PASSED] - Object 'Object Repository/VLink/Page_CCSale/txt_ChargeDescription' is present

2020-12-22 18:32:14 - [MESSAGE][PASSED] - Text '' is set on object 'Object Repository/VLink/Page_CCSale/txt_ChargeDescription'

2020-12-22 18:32:14 - [MESSAGE][PASSED] - Object 'Object Repository/VLink/Page_CCSale/txt_CAN' is present

2020-12-22 18:32:15 - [MESSAGE][PASSED] - Text '' is set on object 'Object Repository/VLink/Page_CCSale/txt_CAN'

2020-12-22 18:32:15 - [MESSAGE][PASSED] - Object 'Object Repository/VLink/Page_CCSale/txt_BillPaymentIndicator' is present

2020-12-22 18:32:16 - [MESSAGE][PASSED] - Text '' is set on object 'Object Repository/VLink/Page_CCSale/txt_BillPaymentIndicator'

2020-12-22 18:32:16 - [MESSAGE][PASSED] - Object 'Object Repository/VLink/Page_CCSale/txt_UDF1' is present

2020-12-22 18:32:17 - [MESSAGE][PASSED] - Text '' is set on object 'Object Repository/VLink/Page_CCSale/txt_UDF1'

2020-12-22 18:32:17 - [MESSAGE][PASSED] - Object 'Object Repository/VLink/Page_CCSale/txt_UDF2' is present

2020-12-22 18:32:18 - [MESSAGE][PASSED] - Text '' is set on object 'Object Repository/VLink/Page_CCSale/txt_UDF2'

2020-12-22 18:32:18 - [MESSAGE][PASSED] - Object 'Object Repository/VLink/Page_CCSale/txt_UDF3' is present

2020-12-22 18:32:19 - [MESSAGE][PASSED] - Text '' is set on object 'Object Repository/VLink/Page_CCSale/txt_UDF3'

2020-12-22 18:32:19 - [MESSAGE][PASSED] - Object 'Object Repository/VLink/Page_CCSale/txt_UDF4' is present

2020-12-22 18:32:20 - [MESSAGE][PASSED] - Text '' is set on object 'Object Repository/VLink/Page_CCSale/txt_UDF4'

2020-12-22 18:32:20 - [MESSAGE][PASSED] - Object 'Object Repository/VLink/Page_CCSale/txt_UDF5' is present

2020-12-22 18:32:21 - [MESSAGE][PASSED] - Text '' is set on object 'Object Repository/VLink/Page_CCSale/txt_UDF5'

2020-12-22 18:32:21 - [MESSAGE][PASSED] - Object 'Object Repository/VLink/Page_CCSale/txt_UDF6' is present

2020-12-22 18:32:22 - [MESSAGE][PASSED] - Text '' is set on object 'Object Repository/VLink/Page_CCSale/txt_UDF6'

2020-12-22 18:32:22 - [MESSAGE][PASSED] - Object 'Object Repository/VLink/Page_CCSale/txt_UDF7' is present

2020-12-22 18:32:23 - [MESSAGE][PASSED] - Text '' is set on object 'Object Repository/VLink/Page_CCSale/txt_UDF7'

2020-12-22 18:32:23 - [MESSAGE][PASSED] - Object 'Object Repository/VLink/Page_CCSale/txt_UDF8' is present

2020-12-22 18:32:24 - [MESSAGE][PASSED] - Text '' is set on object 'Object Repository/VLink/Page_CCSale/txt_UDF8'

2020-12-22 18:32:24 - [MESSAGE][PASSED] - Object 'Object Repository/VLink/Page_CCSale/txt_UDF9' is present

2020-12-22 18:32:24 - [MESSAGE][PASSED] - Text '' is set on object 'Object Repository/VLink/Page_CCSale/txt_UDF9'

2020-12-22 18:32:25 - [MESSAGE][PASSED] - Object 'Object Repository/VLink/Page_CCSale/txt_UDF10' is present

2020-12-22 18:32:25 - [MESSAGE][PASSED] - Text '' is set on object 'Object Repository/VLink/Page_CCSale/txt_UDF10'

2020-12-22 18:32:26 - [MESSAGE][PASSED] - Object 'Object Repository/VLink/Page_CCSale/txt_CardOnFileIndicator' is present

2020-12-22 18:32:27 - [MESSAGE][PASSED] - Text '1' is set on object 'Object Repository/VLink/Page_CCSale/txt_CardOnFileIndicator'

2020-12-22 18:32:27 - [MESSAGE][PASSED] - Object 'Object Repository/VLink/Page_CCSale/txt_StoredCredentialIndicator' is present

2020-12-22 18:32:28 - [MESSAGE][PASSED] - Text 'Subsequent' is set on object 'Object Repository/VLink/Page_CCSale/txt_StoredCredentialIndicator'

2020-12-22 18:32:28 - [MESSAGE][PASSED] - Object 'Object Repository/VLink/Page_CCSale/txt_COFScheduledIndicator' is present

2020-12-22 18:32:29 - [MESSAGE][PASSED] - Text 'Scheduled' is set on object 'Object Repository/VLink/Page_CCSale/txt_COFScheduledIndicator'

2020-12-22 18:32:29 - [MESSAGE][PASSED] - Object 'Object Repository/VLink/Page_CCSale/txt_COFTransactionInitiatedBy' is present

2020-12-22 18:32:30 - [MESSAGE][PASSED] - Text 'Merchant' is set on object 'Object Repository/VLink/Page_CCSale/txt_COFTransactionInitiatedBy'

2020-12-22 18:32:34 - [MESSAGE][PASSED] - Object: 'Object Repository/VLink/Page_CCSale/btn_ProcessVLinkTransaction' is clicked on

2020-12-22 18:32:39 - [MESSAGE][PASSED] - vlinkPages.saleCCPage.setDataSCC is PASSED

2020-12-22 18:32:39 - [TEST_STEP][PASSED] - if (verifyTextPresent("Transaction approved, no errors", true)): null

2020-12-22 18:32:39 - [MESSAGE][PASSED] - Text 'Transaction approved, no errors' is present on page  using regular expression

2020-12-22 18:32:39 - [TEST_STEP][PASSED] - println("Transaction Approved, no errors text is present on the Confirmation page"): null

2020-12-22 18:32:39 - [TEST_STEP][PASSED] - out.println("Pass Record Number: " + row): null

2020-12-22 18:32:39 - [TEST_STEP][PASSED] - sdfo = getText(findTestObject("Object Repository/Page_VLinkReceipt/pre_STX")): Text of object 'Object Repository/Page_VLinkReceipt/pre_STX' is: '<STX>31uQzs0GOBEK                  12088008            0  Transaction approved, no errors                   0                                                                                  Y OK1727   <ETX>'

2020-12-22 18:32:39 - [MESSAGE][PASSED] - Text of object 'Object Repository/Page_VLinkReceipt/pre_STX' is: '<STX>31uQzs0GOBEK                  12088008            0  Transaction approved, no errors                   0                                                                                  Y OK1727   <ETX>'

2020-12-22 18:32:39 - [TEST_STEP][PASSED] - out.println("sdfo: " + sdfo): null

2020-12-22 18:32:39 - [TEST_STEP][PASSED] - remID = substring(5, 35).trim(): null

2020-12-22 18:32:39 - [TEST_STEP][PASSED] - out.println("Remittance ID: " + remID): null

2020-12-22 18:32:39 - [TEST_STEP][PASSED] - traxID = substring(35, 55).trim(): null

2020-12-22 18:32:39 - [TEST_STEP][PASSED] - out.println("Transaction ID: " + traxID): null

2020-12-22 18:32:39 - [TEST_STEP][PASSED] - out.println("End Record Number: " + row): null

2020-12-22 18:32:39 - [TEST_STEP][PASSED] - closeBrowser(): Browser is closed

2020-12-22 18:32:40 - [MESSAGE][PASSED] - Browser is closed

2020-12-22 18:32:40 - [TEST_STEP][PASSED] - out.println("Begin Record Number: " + row): null

2020-12-22 18:32:40 - [TEST_STEP][PASSED] - openBrowser(VLinkURL + "authcap.html"): Browser is opened with url: 'https://dev-algorithm.govolution.com/vlinktest/QA/version_2_0/authcap.html'

2020-12-22 18:32:40 - [MESSAGE][INFO] - Starting 'Chrome' driver

2020-12-22 18:32:40 - [MESSAGE][INFO] - User set preference: ['acceptInsecureCerts', 'true']

2020-12-22 18:32:40 - [MESSAGE][INFO] - Action delay is set to 0 milliseconds

2020-12-22 18:32:44 - [MESSAGE][PASSED] - Browser is opened with url: 'https://dev-algorithm.govolution.com/vlinktest/QA/version_2_0/authcap.html'

2020-12-22 18:32:44 - [TEST_STEP][PASSED] - maximizeWindow(): Current window maximized

2020-12-22 18:32:44 - [MESSAGE][PASSED] - Current window maximized

2020-12-22 18:32:44 - [TEST_STEP][PASSED] - vlinkPages.saleCCPage.setDataSCC(row, dataFile): vlinkPages.saleCCPage.setDataSCC is PASSED

2020-12-22 18:32:46 - [MESSAGE][PASSED] - Object 'Object Repository/VLink/Page_CCSale/txt_CardNumber' is present

2020-12-22 18:32:47 - [MESSAGE][PASSED] - Object 'Object Repository/VLink/Page_CCSale/txt_TransactionType' is present

2020-12-22 18:32:47 - [MESSAGE][PASSED] - Text '104' is set on object 'Object Repository/VLink/Page_CCSale/txt_TransactionType'

2020-12-22 18:32:48 - [MESSAGE][PASSED] - Object 'Object Repository/VLink/Page_CCSale/txt_MessageVersion' is present

2020-12-22 18:32:48 - [MESSAGE][PASSED] - Text '2.0C' is set on object 'Object Repository/VLink/Page_CCSale/txt_MessageVersion'

2020-12-22 18:32:49 - [MESSAGE][PASSED] - Object 'Object Repository/VLink/Page_CCSale/txt_RemID' is present

2020-12-22 18:32:49 - [MESSAGE][PASSED] - Text 'MW9BM7KxUt9O' is set on object 'Object Repository/VLink/Page_CCSale/txt_RemID'

2020-12-22 18:32:50 - [MESSAGE][PASSED] - Object 'Object Repository/VLink/Page_CCSale/txt_ApplicationId' is present

2020-12-22 18:32:50 - [MESSAGE][PASSED] - Text '671' is set on object 'Object Repository/VLink/Page_CCSale/txt_ApplicationId'

2020-12-22 18:32:50 - [MESSAGE][PASSED] - Object 'Object Repository/VLink/Page_CCSale/txt_Username' is present

2020-12-22 18:32:51 - [MESSAGE][PASSED] - Text 'username' is set on object 'Object Repository/VLink/Page_CCSale/txt_Username'

2020-12-22 18:32:51 - [MESSAGE][PASSED] - Object 'Object Repository/VLink/Page_CCSale/txt_Password' is present

2020-12-22 18:32:52 - [MESSAGE][PASSED] - Text 'password' is set on object 'Object Repository/VLink/Page_CCSale/txt_Password'

2020-12-22 18:32:52 - [MESSAGE][PASSED] - Object 'Object Repository/VLink/Page_CCSale/txt_ResponseFormat' is present

2020-12-22 18:32:53 - [MESSAGE][PASSED] - Text 'fixed_width' is set on object 'Object Repository/VLink/Page_CCSale/txt_ResponseFormat'

2020-12-22 18:32:53 - [MESSAGE][PASSED] - Object 'Object Repository/VLink/Page_CCSale/txt_Category' is present

2020-12-22 18:32:54 - [MESSAGE][PASSED] - Text 'RETL' is set on object 'Object Repository/VLink/Page_CCSale/txt_Category'

2020-12-22 18:32:54 - [MESSAGE][PASSED] - Object 'Object Repository/VLink/Page_CCSale/txt_TransactionID' is present

2020-12-22 18:32:55 - [MESSAGE][PASSED] - Text '' is set on object 'Object Repository/VLink/Page_CCSale/txt_TransactionID'

2020-12-22 18:32:55 - [MESSAGE][PASSED] - Object 'Object Repository/VLink/Page_CCSale/txt_ApprovalCode' is present

2020-12-22 18:32:55 - [MESSAGE][PASSED] - Text '' is set on object 'Object Repository/VLink/Page_CCSale/txt_ApprovalCode'

2020-12-22 18:32:56 - [MESSAGE][PASSED] - Object 'Object Repository/VLink/Page_CCSale/txt_CardName' is present

2020-12-22 18:32:56 - [MESSAGE][PASSED] - Text 'Kris Roshan' is set on object 'Object Repository/VLink/Page_CCSale/txt_CardName'

2020-12-22 18:32:57 - [MESSAGE][PASSED] - Object 'Object Repository/VLink/Page_CCSale/txt_AL1' is present

2020-12-22 18:32:57 - [MESSAGE][PASSED] - Text '258 Elm Road' is set on object 'Object Repository/VLink/Page_CCSale/txt_AL1'

2020-12-22 18:32:57 - [MESSAGE][PASSED] - Object 'Object Repository/VLink/Page_CCSale/txt_AL2' is present

2020-12-22 18:32:58 - [MESSAGE][PASSED] - Text 'Suite 56' is set on object 'Object Repository/VLink/Page_CCSale/txt_AL2'

2020-12-22 18:32:58 - [MESSAGE][PASSED] - Object 'Object Repository/VLink/Page_CCSale/txt_CardCity' is present

2020-12-22 18:32:59 - [MESSAGE][PASSED] - Text 'Arlington' is set on object 'Object Repository/VLink/Page_CCSale/txt_CardCity'

2020-12-22 18:32:59 - [MESSAGE][PASSED] - Object 'Object Repository/VLink/Page_CCSale/txt_CardState' is present

2020-12-22 18:33:00 - [MESSAGE][PASSED] - Text 'VA' is set on object 'Object Repository/VLink/Page_CCSale/txt_CardState'

2020-12-22 18:33:00 - [MESSAGE][PASSED] - Object 'Object Repository/VLink/Page_CCSale/txt_CardZIP' is present

2020-12-22 18:33:01 - [MESSAGE][PASSED] - Text '22201' is set on object 'Object Repository/VLink/Page_CCSale/txt_CardZIP'

2020-12-22 18:33:01 - [MESSAGE][PASSED] - Object 'Object Repository/VLink/Page_CCSale/txt_CountryID' is present

2020-12-22 18:33:02 - [MESSAGE][PASSED] - Text '840' is set on object 'Object Repository/VLink/Page_CCSale/txt_CountryID'

2020-12-22 18:33:02 - [MESSAGE][PASSED] - Object 'Object Repository/VLink/Page_CCSale/txt_Amount' is present

2020-12-22 18:33:03 - [MESSAGE][PASSED] - Text '1.50' is set on object 'Object Repository/VLink/Page_CCSale/txt_Amount'

2020-12-22 18:33:03 - [MESSAGE][PASSED] - Object 'Object Repository/VLink/Page_CCSale/txt_CardNumber' is present

2020-12-22 18:33:04 - [MESSAGE][PASSED] - Text '5424000000000015' is set on object 'Object Repository/VLink/Page_CCSale/txt_CardNumber'

2020-12-22 18:33:04 - [MESSAGE][PASSED] - Object 'Object Repository/VLink/Page_CCSale/txt_ExpMonth' is present

2020-12-22 18:33:05 - [MESSAGE][PASSED] - Text '12' is set on object 'Object Repository/VLink/Page_CCSale/txt_ExpMonth'

2020-12-22 18:33:05 - [MESSAGE][PASSED] - Object 'Object Repository/VLink/Page_CCSale/txt_ExpYear' is present

2020-12-22 18:33:06 - [MESSAGE][PASSED] - Text '2025' is set on object 'Object Repository/VLink/Page_CCSale/txt_ExpYear'

2020-12-22 18:33:06 - [MESSAGE][PASSED] - Object 'Object Repository/VLink/Page_CCSale/txt_CVV' is present

2020-12-22 18:33:07 - [MESSAGE][PASSED] - Text '' is set on object 'Object Repository/VLink/Page_CCSale/txt_CVV'

2020-12-22 18:33:07 - [MESSAGE][PASSED] - Object 'Object Repository/VLink/Page_CCSale/txt_CVVstate' is present

2020-12-22 18:33:08 - [MESSAGE][PASSED] - Text '' is set on object 'Object Repository/VLink/Page_CCSale/txt_CVVstate'

2020-12-22 18:33:08 - [MESSAGE][PASSED] - Object 'Object Repository/VLink/Page_CCSale/txt_TrackData' is present

2020-12-22 18:33:09 - [MESSAGE][PASSED] - Text '' is set on object 'Object Repository/VLink/Page_CCSale/txt_TrackData'

2020-12-22 18:33:09 - [MESSAGE][PASSED] - Object 'Object Repository/VLink/Page_CCSale/txt_Track1Data' is present

2020-12-22 18:33:10 - [MESSAGE][PASSED] - Text '' is set on object 'Object Repository/VLink/Page_CCSale/txt_Track1Data'

2020-12-22 18:33:10 - [MESSAGE][PASSED] - Object 'Object Repository/VLink/Page_CCSale/txt_Track2Data' is present

2020-12-22 18:33:11 - [MESSAGE][PASSED] - Text '' is set on object 'Object Repository/VLink/Page_CCSale/txt_Track2Data'

2020-12-22 18:33:11 - [MESSAGE][PASSED] - Object 'Object Repository/VLink/Page_CCSale/txt_POSEntryMode' is present

2020-12-22 18:33:12 - [MESSAGE][PASSED] - Text 'manual' is set on object 'Object Repository/VLink/Page_CCSale/txt_POSEntryMode'

2020-12-22 18:33:12 - [MESSAGE][PASSED] - Object 'Object Repository/VLink/Page_CCSale/txt_Email' is present

2020-12-22 18:33:13 - [MESSAGE][PASSED] - Text 'iahmed@govolution.com' is set on object 'Object Repository/VLink/Page_CCSale/txt_Email'

2020-12-22 18:33:13 - [MESSAGE][PASSED] - Object 'Object Repository/VLink/Page_CCSale/txt_OrderNumber' is present

2020-12-22 18:33:14 - [MESSAGE][PASSED] - Text '2569362' is set on object 'Object Repository/VLink/Page_CCSale/txt_OrderNumber'

2020-12-22 18:33:14 - [MESSAGE][PASSED] - Object 'Object Repository/VLink/Page_CCSale/txt_TaxAmount' is present

2020-12-22 18:33:15 - [MESSAGE][PASSED] - Text '1.15' is set on object 'Object Repository/VLink/Page_CCSale/txt_TaxAmount'

2020-12-22 18:33:15 - [MESSAGE][PASSED] - Object 'Object Repository/VLink/Page_CCSale/txt_ChargeDescription' is present

2020-12-22 18:33:16 - [MESSAGE][PASSED] - Text 'Charge Description' is set on object 'Object Repository/VLink/Page_CCSale/txt_ChargeDescription'

2020-12-22 18:33:16 - [MESSAGE][PASSED] - Object 'Object Repository/VLink/Page_CCSale/txt_CAN' is present

2020-12-22 18:33:17 - [MESSAGE][PASSED] - Text '147357' is set on object 'Object Repository/VLink/Page_CCSale/txt_CAN'

2020-12-22 18:33:17 - [MESSAGE][PASSED] - Object 'Object Repository/VLink/Page_CCSale/txt_BillPaymentIndicator' is present

2020-12-22 18:33:18 - [MESSAGE][PASSED] - Text '1' is set on object 'Object Repository/VLink/Page_CCSale/txt_BillPaymentIndicator'

2020-12-22 18:33:18 - [MESSAGE][PASSED] - Object 'Object Repository/VLink/Page_CCSale/txt_UDF1' is present

2020-12-22 18:33:19 - [MESSAGE][PASSED] - Text 'UDF Data 1' is set on object 'Object Repository/VLink/Page_CCSale/txt_UDF1'

2020-12-22 18:33:19 - [MESSAGE][PASSED] - Object 'Object Repository/VLink/Page_CCSale/txt_UDF2' is present

2020-12-22 18:33:20 - [MESSAGE][PASSED] - Text 'UDF Data 2' is set on object 'Object Repository/VLink/Page_CCSale/txt_UDF2'

2020-12-22 18:33:20 - [MESSAGE][PASSED] - Object 'Object Repository/VLink/Page_CCSale/txt_UDF3' is present

2020-12-22 18:33:21 - [MESSAGE][PASSED] - Text 'UDF Data 3' is set on object 'Object Repository/VLink/Page_CCSale/txt_UDF3'

2020-12-22 18:33:21 - [MESSAGE][PASSED] - Object 'Object Repository/VLink/Page_CCSale/txt_UDF4' is present

2020-12-22 18:33:22 - [MESSAGE][PASSED] - Text 'UDF Data 4' is set on object 'Object Repository/VLink/Page_CCSale/txt_UDF4'

2020-12-22 18:33:22 - [MESSAGE][PASSED] - Object 'Object Repository/VLink/Page_CCSale/txt_UDF5' is present

2020-12-22 18:33:23 - [MESSAGE][PASSED] - Text 'UDF Data 5' is set on object 'Object Repository/VLink/Page_CCSale/txt_UDF5'

2020-12-22 18:33:23 - [MESSAGE][PASSED] - Object 'Object Repository/VLink/Page_CCSale/txt_UDF6' is present

2020-12-22 18:33:24 - [MESSAGE][PASSED] - Text 'UDF Data 6' is set on object 'Object Repository/VLink/Page_CCSale/txt_UDF6'

2020-12-22 18:33:24 - [MESSAGE][PASSED] - Object 'Object Repository/VLink/Page_CCSale/txt_UDF7' is present

2020-12-22 18:33:25 - [MESSAGE][PASSED] - Text 'UDF Data 7' is set on object 'Object Repository/VLink/Page_CCSale/txt_UDF7'

2020-12-22 18:33:25 - [MESSAGE][PASSED] - Object 'Object Repository/VLink/Page_CCSale/txt_UDF8' is present

2020-12-22 18:33:26 - [MESSAGE][PASSED] - Text 'UDF Data 8' is set on object 'Object Repository/VLink/Page_CCSale/txt_UDF8'

2020-12-22 18:33:26 - [MESSAGE][PASSED] - Object 'Object Repository/VLink/Page_CCSale/txt_UDF9' is present

2020-12-22 18:33:27 - [MESSAGE][PASSED] - Text 'UDF Data 9' is set on object 'Object Repository/VLink/Page_CCSale/txt_UDF9'

2020-12-22 18:33:27 - [MESSAGE][PASSED] - Object 'Object Repository/VLink/Page_CCSale/txt_UDF10' is present

2020-12-22 18:33:28 - [MESSAGE][PASSED] - Text 'UDF Data 10' is set on object 'Object Repository/VLink/Page_CCSale/txt_UDF10'

2020-12-22 18:33:28 - [MESSAGE][PASSED] - Object 'Object Repository/VLink/Page_CCSale/txt_CardOnFileIndicator' is present

2020-12-22 18:33:29 - [MESSAGE][PASSED] - Text '1' is set on object 'Object Repository/VLink/Page_CCSale/txt_CardOnFileIndicator'

2020-12-22 18:33:29 - [MESSAGE][PASSED] - Object 'Object Repository/VLink/Page_CCSale/txt_StoredCredentialIndicator' is present

2020-12-22 18:33:30 - [MESSAGE][PASSED] - Text 'Subsequent' is set on object 'Object Repository/VLink/Page_CCSale/txt_StoredCredentialIndicator'

2020-12-22 18:33:30 - [MESSAGE][PASSED] - Object 'Object Repository/VLink/Page_CCSale/txt_COFScheduledIndicator' is present

2020-12-22 18:33:31 - [MESSAGE][PASSED] - Text 'Scheduled' is set on object 'Object Repository/VLink/Page_CCSale/txt_COFScheduledIndicator'

2020-12-22 18:33:31 - [MESSAGE][PASSED] - Object 'Object Repository/VLink/Page_CCSale/txt_COFTransactionInitiatedBy' is present

2020-12-22 18:33:32 - [MESSAGE][PASSED] - Text 'Merchant' is set on object 'Object Repository/VLink/Page_CCSale/txt_COFTransactionInitiatedBy'

2020-12-22 18:33:36 - [MESSAGE][PASSED] - Object: 'Object Repository/VLink/Page_CCSale/btn_ProcessVLinkTransaction' is clicked on

2020-12-22 18:33:41 - [MESSAGE][PASSED] - vlinkPages.saleCCPage.setDataSCC is PASSED

2020-12-22 18:33:41 - [TEST_STEP][PASSED] - if (verifyTextPresent("Transaction approved, no errors", true)): null

2020-12-22 18:33:41 - [MESSAGE][PASSED] - Text 'Transaction approved, no errors' is present on page  using regular expression

2020-12-22 18:33:41 - [TEST_STEP][PASSED] - println("Transaction Approved, no errors text is present on the Confirmation page"): null

2020-12-22 18:33:41 - [TEST_STEP][PASSED] - out.println("Pass Record Number: " + row): null

2020-12-22 18:33:41 - [TEST_STEP][PASSED] - sdfo = getText(findTestObject("Object Repository/Page_VLinkReceipt/pre_STX")): Text of object 'Object Repository/Page_VLinkReceipt/pre_STX' is: '<STX>MW9BM7KxUt9O                  12088009            0  Transaction approved, no errors                   0                                                                                  Y OK2157   <ETX>'

2020-12-22 18:33:42 - [MESSAGE][PASSED] - Text of object 'Object Repository/Page_VLinkReceipt/pre_STX' is: '<STX>MW9BM7KxUt9O                  12088009            0  Transaction approved, no errors                   0                                                                                  Y OK2157   <ETX>'

2020-12-22 18:33:42 - [TEST_STEP][PASSED] - out.println("sdfo: " + sdfo): null

2020-12-22 18:33:42 - [TEST_STEP][PASSED] - remID = substring(5, 35).trim(): null

2020-12-22 18:33:42 - [TEST_STEP][PASSED] - out.println("Remittance ID: " + remID): null

2020-12-22 18:33:42 - [TEST_STEP][PASSED] - traxID = substring(35, 55).trim(): null

2020-12-22 18:33:42 - [TEST_STEP][PASSED] - out.println("Transaction ID: " + traxID): null

2020-12-22 18:33:42 - [TEST_STEP][PASSED] - out.println("End Record Number: " + row): null

2020-12-22 18:33:42 - [TEST_STEP][PASSED] - closeBrowser(): Browser is closed

2020-12-22 18:33:42 - [MESSAGE][PASSED] - Browser is closed

2020-12-22 18:33:42 - [TEST_STEP][PASSED] - out.println("Begin Record Number: " + row): null

2020-12-22 18:33:42 - [TEST_STEP][PASSED] - openBrowser(VLinkURL + "authcap.html"): Browser is opened with url: 'https://dev-algorithm.govolution.com/vlinktest/QA/version_2_0/authcap.html'

2020-12-22 18:33:42 - [MESSAGE][INFO] - Starting 'Chrome' driver

2020-12-22 18:33:42 - [MESSAGE][INFO] - User set preference: ['acceptInsecureCerts', 'true']

2020-12-22 18:33:42 - [MESSAGE][INFO] - Action delay is set to 0 milliseconds

2020-12-22 18:33:46 - [MESSAGE][PASSED] - Browser is opened with url: 'https://dev-algorithm.govolution.com/vlinktest/QA/version_2_0/authcap.html'

2020-12-22 18:33:46 - [TEST_STEP][PASSED] - maximizeWindow(): Current window maximized

2020-12-22 18:33:47 - [MESSAGE][PASSED] - Current window maximized

2020-12-22 18:33:47 - [TEST_STEP][PASSED] - vlinkPages.saleCCPage.setDataSCC(row, dataFile): vlinkPages.saleCCPage.setDataSCC is PASSED

2020-12-22 18:33:48 - [MESSAGE][PASSED] - Object 'Object Repository/VLink/Page_CCSale/txt_CardNumber' is present

2020-12-22 18:33:48 - [MESSAGE][PASSED] - Object 'Object Repository/VLink/Page_CCSale/txt_TransactionType' is present

2020-12-22 18:33:49 - [MESSAGE][PASSED] - Text '104' is set on object 'Object Repository/VLink/Page_CCSale/txt_TransactionType'

2020-12-22 18:33:49 - [MESSAGE][PASSED] - Object 'Object Repository/VLink/Page_CCSale/txt_MessageVersion' is present

2020-12-22 18:33:50 - [MESSAGE][PASSED] - Text '2.0C' is set on object 'Object Repository/VLink/Page_CCSale/txt_MessageVersion'

2020-12-22 18:33:50 - [MESSAGE][PASSED] - Object 'Object Repository/VLink/Page_CCSale/txt_RemID' is present

2020-12-22 18:33:51 - [MESSAGE][PASSED] - Text 'VrGrYkdIyUgg' is set on object 'Object Repository/VLink/Page_CCSale/txt_RemID'

2020-12-22 18:33:51 - [MESSAGE][PASSED] - Object 'Object Repository/VLink/Page_CCSale/txt_ApplicationId' is present

2020-12-22 18:33:52 - [MESSAGE][PASSED] - Text '671' is set on object 'Object Repository/VLink/Page_CCSale/txt_ApplicationId'

2020-12-22 18:33:52 - [MESSAGE][PASSED] - Object 'Object Repository/VLink/Page_CCSale/txt_Username' is present

2020-12-22 18:33:52 - [MESSAGE][PASSED] - Text 'username' is set on object 'Object Repository/VLink/Page_CCSale/txt_Username'

2020-12-22 18:33:53 - [MESSAGE][PASSED] - Object 'Object Repository/VLink/Page_CCSale/txt_Password' is present

2020-12-22 18:33:53 - [MESSAGE][PASSED] - Text 'password' is set on object 'Object Repository/VLink/Page_CCSale/txt_Password'

2020-12-22 18:33:54 - [MESSAGE][PASSED] - Object 'Object Repository/VLink/Page_CCSale/txt_ResponseFormat' is present

2020-12-22 18:33:54 - [MESSAGE][PASSED] - Text 'fixed_width' is set on object 'Object Repository/VLink/Page_CCSale/txt_ResponseFormat'

2020-12-22 18:33:55 - [MESSAGE][PASSED] - Object 'Object Repository/VLink/Page_CCSale/txt_Category' is present

2020-12-22 18:33:55 - [MESSAGE][PASSED] - Text 'RETL' is set on object 'Object Repository/VLink/Page_CCSale/txt_Category'

2020-12-22 18:33:55 - [MESSAGE][PASSED] - Object 'Object Repository/VLink/Page_CCSale/txt_TransactionID' is present

2020-12-22 18:33:56 - [MESSAGE][PASSED] - Text '' is set on object 'Object Repository/VLink/Page_CCSale/txt_TransactionID'

2020-12-22 18:33:56 - [MESSAGE][PASSED] - Object 'Object Repository/VLink/Page_CCSale/txt_ApprovalCode' is present

2020-12-22 18:33:57 - [MESSAGE][PASSED] - Text '' is set on object 'Object Repository/VLink/Page_CCSale/txt_ApprovalCode'

2020-12-22 18:33:57 - [MESSAGE][PASSED] - Object 'Object Repository/VLink/Page_CCSale/txt_CardName' is present

2020-12-22 18:33:58 - [MESSAGE][PASSED] - Text 'Arvind Silva' is set on object 'Object Repository/VLink/Page_CCSale/txt_CardName'

2020-12-22 18:33:58 - [MESSAGE][PASSED] - Object 'Object Repository/VLink/Page_CCSale/txt_AL1' is present

2020-12-22 18:33:59 - [MESSAGE][PASSED] - Text '111 Main Ave' is set on object 'Object Repository/VLink/Page_CCSale/txt_AL1'

2020-12-22 18:33:59 - [MESSAGE][PASSED] - Object 'Object Repository/VLink/Page_CCSale/txt_AL2' is present

2020-12-22 18:34:00 - [MESSAGE][PASSED] - Text '' is set on object 'Object Repository/VLink/Page_CCSale/txt_AL2'

2020-12-22 18:34:00 - [MESSAGE][PASSED] - Object 'Object Repository/VLink/Page_CCSale/txt_CardCity' is present

2020-12-22 18:34:01 - [MESSAGE][PASSED] - Text 'Arlington' is set on object 'Object Repository/VLink/Page_CCSale/txt_CardCity'

2020-12-22 18:34:01 - [MESSAGE][PASSED] - Object 'Object Repository/VLink/Page_CCSale/txt_CardState' is present

2020-12-22 18:34:02 - [MESSAGE][PASSED] - Text 'VA' is set on object 'Object Repository/VLink/Page_CCSale/txt_CardState'

2020-12-22 18:34:02 - [MESSAGE][PASSED] - Object 'Object Repository/VLink/Page_CCSale/txt_CardZIP' is present

2020-12-22 18:34:03 - [MESSAGE][PASSED] - Text '22201' is set on object 'Object Repository/VLink/Page_CCSale/txt_CardZIP'

2020-12-22 18:34:03 - [MESSAGE][PASSED] - Object 'Object Repository/VLink/Page_CCSale/txt_CountryID' is present

2020-12-22 18:34:04 - [MESSAGE][PASSED] - Text '' is set on object 'Object Repository/VLink/Page_CCSale/txt_CountryID'

2020-12-22 18:34:04 - [MESSAGE][PASSED] - Object 'Object Repository/VLink/Page_CCSale/txt_Amount' is present

2020-12-22 18:34:05 - [MESSAGE][PASSED] - Text '2.50' is set on object 'Object Repository/VLink/Page_CCSale/txt_Amount'

2020-12-22 18:34:05 - [MESSAGE][PASSED] - Object 'Object Repository/VLink/Page_CCSale/txt_CardNumber' is present

2020-12-22 18:34:06 - [MESSAGE][PASSED] - Text '370000000000002' is set on object 'Object Repository/VLink/Page_CCSale/txt_CardNumber'

2020-12-22 18:34:06 - [MESSAGE][PASSED] - Object 'Object Repository/VLink/Page_CCSale/txt_ExpMonth' is present

2020-12-22 18:34:07 - [MESSAGE][PASSED] - Text '01' is set on object 'Object Repository/VLink/Page_CCSale/txt_ExpMonth'

2020-12-22 18:34:07 - [MESSAGE][PASSED] - Object 'Object Repository/VLink/Page_CCSale/txt_ExpYear' is present

2020-12-22 18:34:08 - [MESSAGE][PASSED] - Text '2026' is set on object 'Object Repository/VLink/Page_CCSale/txt_ExpYear'

2020-12-22 18:34:08 - [MESSAGE][PASSED] - Object 'Object Repository/VLink/Page_CCSale/txt_CVV' is present

2020-12-22 18:34:09 - [MESSAGE][PASSED] - Text '' is set on object 'Object Repository/VLink/Page_CCSale/txt_CVV'

2020-12-22 18:34:09 - [MESSAGE][PASSED] - Object 'Object Repository/VLink/Page_CCSale/txt_CVVstate' is present

2020-12-22 18:34:10 - [MESSAGE][PASSED] - Text '' is set on object 'Object Repository/VLink/Page_CCSale/txt_CVVstate'

2020-12-22 18:34:10 - [MESSAGE][PASSED] - Object 'Object Repository/VLink/Page_CCSale/txt_TrackData' is present

2020-12-22 18:34:11 - [MESSAGE][PASSED] - Text '' is set on object 'Object Repository/VLink/Page_CCSale/txt_TrackData'

2020-12-22 18:34:11 - [MESSAGE][PASSED] - Object 'Object Repository/VLink/Page_CCSale/txt_Track1Data' is present

2020-12-22 18:34:12 - [MESSAGE][PASSED] - Text '' is set on object 'Object Repository/VLink/Page_CCSale/txt_Track1Data'

2020-12-22 18:34:12 - [MESSAGE][PASSED] - Object 'Object Repository/VLink/Page_CCSale/txt_Track2Data' is present

2020-12-22 18:34:13 - [MESSAGE][PASSED] - Text '' is set on object 'Object Repository/VLink/Page_CCSale/txt_Track2Data'

2020-12-22 18:34:13 - [MESSAGE][PASSED] - Object 'Object Repository/VLink/Page_CCSale/txt_POSEntryMode' is present

2020-12-22 18:34:14 - [MESSAGE][PASSED] - Text 'manual' is set on object 'Object Repository/VLink/Page_CCSale/txt_POSEntryMode'

2020-12-22 18:34:14 - [MESSAGE][PASSED] - Object 'Object Repository/VLink/Page_CCSale/txt_Email' is present

2020-12-22 18:34:15 - [MESSAGE][PASSED] - Text '' is set on object 'Object Repository/VLink/Page_CCSale/txt_Email'

2020-12-22 18:34:15 - [MESSAGE][PASSED] - Object 'Object Repository/VLink/Page_CCSale/txt_OrderNumber' is present

2020-12-22 18:34:16 - [MESSAGE][PASSED] - Text '' is set on object 'Object Repository/VLink/Page_CCSale/txt_OrderNumber'

2020-12-22 18:34:16 - [MESSAGE][PASSED] - Object 'Object Repository/VLink/Page_CCSale/txt_TaxAmount' is present

2020-12-22 18:34:17 - [MESSAGE][PASSED] - Text '' is set on object 'Object Repository/VLink/Page_CCSale/txt_TaxAmount'

2020-12-22 18:34:17 - [MESSAGE][PASSED] - Object 'Object Repository/VLink/Page_CCSale/txt_ChargeDescription' is present

2020-12-22 18:34:18 - [MESSAGE][PASSED] - Text '' is set on object 'Object Repository/VLink/Page_CCSale/txt_ChargeDescription'

2020-12-22 18:34:18 - [MESSAGE][PASSED] - Object 'Object Repository/VLink/Page_CCSale/txt_CAN' is present

2020-12-22 18:34:19 - [MESSAGE][PASSED] - Text '' is set on object 'Object Repository/VLink/Page_CCSale/txt_CAN'

2020-12-22 18:34:19 - [MESSAGE][PASSED] - Object 'Object Repository/VLink/Page_CCSale/txt_BillPaymentIndicator' is present

2020-12-22 18:34:20 - [MESSAGE][PASSED] - Text '' is set on object 'Object Repository/VLink/Page_CCSale/txt_BillPaymentIndicator'

2020-12-22 18:34:20 - [MESSAGE][PASSED] - Object 'Object Repository/VLink/Page_CCSale/txt_UDF1' is present

2020-12-22 18:34:21 - [MESSAGE][PASSED] - Text '' is set on object 'Object Repository/VLink/Page_CCSale/txt_UDF1'

2020-12-22 18:34:21 - [MESSAGE][PASSED] - Object 'Object Repository/VLink/Page_CCSale/txt_UDF2' is present

2020-12-22 18:34:22 - [MESSAGE][PASSED] - Text '' is set on object 'Object Repository/VLink/Page_CCSale/txt_UDF2'

2020-12-22 18:34:22 - [MESSAGE][PASSED] - Object 'Object Repository/VLink/Page_CCSale/txt_UDF3' is present

2020-12-22 18:34:23 - [MESSAGE][PASSED] - Text '' is set on object 'Object Repository/VLink/Page_CCSale/txt_UDF3'

2020-12-22 18:34:23 - [MESSAGE][PASSED] - Object 'Object Repository/VLink/Page_CCSale/txt_UDF4' is present

2020-12-22 18:34:24 - [MESSAGE][PASSED] - Text '' is set on object 'Object Repository/VLink/Page_CCSale/txt_UDF4'

2020-12-22 18:34:24 - [MESSAGE][PASSED] - Object 'Object Repository/VLink/Page_CCSale/txt_UDF5' is present

2020-12-22 18:34:25 - [MESSAGE][PASSED] - Text '' is set on object 'Object Repository/VLink/Page_CCSale/txt_UDF5'

2020-12-22 18:34:25 - [MESSAGE][PASSED] - Object 'Object Repository/VLink/Page_CCSale/txt_UDF6' is present

2020-12-22 18:34:26 - [MESSAGE][PASSED] - Text '' is set on object 'Object Repository/VLink/Page_CCSale/txt_UDF6'

2020-12-22 18:34:26 - [MESSAGE][PASSED] - Object 'Object Repository/VLink/Page_CCSale/txt_UDF7' is present

2020-12-22 18:34:27 - [MESSAGE][PASSED] - Text '' is set on object 'Object Repository/VLink/Page_CCSale/txt_UDF7'

2020-12-22 18:34:27 - [MESSAGE][PASSED] - Object 'Object Repository/VLink/Page_CCSale/txt_UDF8' is present

2020-12-22 18:34:28 - [MESSAGE][PASSED] - Text '' is set on object 'Object Repository/VLink/Page_CCSale/txt_UDF8'

2020-12-22 18:34:28 - [MESSAGE][PASSED] - Object 'Object Repository/VLink/Page_CCSale/txt_UDF9' is present

2020-12-22 18:34:29 - [MESSAGE][PASSED] - Text '' is set on object 'Object Repository/VLink/Page_CCSale/txt_UDF9'

2020-12-22 18:34:29 - [MESSAGE][PASSED] - Object 'Object Repository/VLink/Page_CCSale/txt_UDF10' is present

2020-12-22 18:34:30 - [MESSAGE][PASSED] - Text '' is set on object 'Object Repository/VLink/Page_CCSale/txt_UDF10'

2020-12-22 18:34:30 - [MESSAGE][PASSED] - Object 'Object Repository/VLink/Page_CCSale/txt_CardOnFileIndicator' is present

2020-12-22 18:34:31 - [MESSAGE][PASSED] - Text '1' is set on object 'Object Repository/VLink/Page_CCSale/txt_CardOnFileIndicator'

2020-12-22 18:34:31 - [MESSAGE][PASSED] - Object 'Object Repository/VLink/Page_CCSale/txt_StoredCredentialIndicator' is present

2020-12-22 18:34:32 - [MESSAGE][PASSED] - Text 'Subsequent' is set on object 'Object Repository/VLink/Page_CCSale/txt_StoredCredentialIndicator'

2020-12-22 18:34:32 - [MESSAGE][PASSED] - Object 'Object Repository/VLink/Page_CCSale/txt_COFScheduledIndicator' is present

2020-12-22 18:34:33 - [MESSAGE][PASSED] - Text 'Scheduled' is set on object 'Object Repository/VLink/Page_CCSale/txt_COFScheduledIndicator'

2020-12-22 18:34:33 - [MESSAGE][PASSED] - Object 'Object Repository/VLink/Page_CCSale/txt_COFTransactionInitiatedBy' is present

2020-12-22 18:34:34 - [MESSAGE][PASSED] - Text 'Merchant' is set on object 'Object Repository/VLink/Page_CCSale/txt_COFTransactionInitiatedBy'

2020-12-22 18:34:39 - [MESSAGE][PASSED] - Object: 'Object Repository/VLink/Page_CCSale/btn_ProcessVLinkTransaction' is clicked on

2020-12-22 18:34:44 - [MESSAGE][PASSED] - vlinkPages.saleCCPage.setDataSCC is PASSED

2020-12-22 18:34:44 - [TEST_STEP][PASSED] - if (verifyTextPresent("Transaction approved, no errors", true)): null

2020-12-22 18:34:44 - [MESSAGE][PASSED] - Text 'Transaction approved, no errors' is present on page  using regular expression

2020-12-22 18:34:44 - [TEST_STEP][PASSED] - println("Transaction Approved, no errors text is present on the Confirmation page"): null

2020-12-22 18:34:44 - [TEST_STEP][PASSED] - out.println("Pass Record Number: " + row): null

2020-12-22 18:34:44 - [TEST_STEP][PASSED] - sdfo = getText(findTestObject("Object Repository/Page_VLinkReceipt/pre_STX")): Text of object 'Object Repository/Page_VLinkReceipt/pre_STX' is: '<STX>VrGrYkdIyUgg                  12088010            0  Transaction approved, no errors                   0                                                                                  Y OK2217   <ETX>'

2020-12-22 18:34:44 - [MESSAGE][PASSED] - Text of object 'Object Repository/Page_VLinkReceipt/pre_STX' is: '<STX>VrGrYkdIyUgg                  12088010            0  Transaction approved, no errors                   0                                                                                  Y OK2217   <ETX>'

2020-12-22 18:34:44 - [TEST_STEP][PASSED] - out.println("sdfo: " + sdfo): null

2020-12-22 18:34:44 - [TEST_STEP][PASSED] - remID = substring(5, 35).trim(): null

2020-12-22 18:34:44 - [TEST_STEP][PASSED] - out.println("Remittance ID: " + remID): null

2020-12-22 18:34:44 - [TEST_STEP][PASSED] - traxID = substring(35, 55).trim(): null

2020-12-22 18:34:44 - [TEST_STEP][PASSED] - out.println("Transaction ID: " + traxID): null

2020-12-22 18:34:44 - [TEST_STEP][PASSED] - out.println("End Record Number: " + row): null

2020-12-22 18:34:44 - [TEST_STEP][PASSED] - closeBrowser(): Browser is closed

2020-12-22 18:34:45 - [MESSAGE][PASSED] - Browser is closed

2020-12-22 18:34:45 - [TEST_STEP][PASSED] - out.println("Begin Record Number: " + row): null

2020-12-22 18:34:45 - [TEST_STEP][PASSED] - openBrowser(VLinkURL + "authcap.html"): Browser is opened with url: 'https://dev-algorithm.govolution.com/vlinktest/QA/version_2_0/authcap.html'

2020-12-22 18:34:45 - [MESSAGE][INFO] - Starting 'Chrome' driver

2020-12-22 18:34:45 - [MESSAGE][INFO] - User set preference: ['acceptInsecureCerts', 'true']

2020-12-22 18:34:45 - [MESSAGE][INFO] - Action delay is set to 0 milliseconds

2020-12-22 18:34:49 - [MESSAGE][PASSED] - Browser is opened with url: 'https://dev-algorithm.govolution.com/vlinktest/QA/version_2_0/authcap.html'

2020-12-22 18:34:49 - [TEST_STEP][PASSED] - maximizeWindow(): Current window maximized

2020-12-22 18:34:50 - [MESSAGE][PASSED] - Current window maximized

2020-12-22 18:34:50 - [TEST_STEP][PASSED] - vlinkPages.saleCCPage.setDataSCC(row, dataFile): vlinkPages.saleCCPage.setDataSCC is PASSED

2020-12-22 18:34:51 - [MESSAGE][PASSED] - Object 'Object Repository/VLink/Page_CCSale/txt_CardNumber' is present

2020-12-22 18:34:51 - [MESSAGE][PASSED] - Object 'Object Repository/VLink/Page_CCSale/txt_TransactionType' is present

2020-12-22 18:34:52 - [MESSAGE][PASSED] - Text '104' is set on object 'Object Repository/VLink/Page_CCSale/txt_TransactionType'

2020-12-22 18:34:52 - [MESSAGE][PASSED] - Object 'Object Repository/VLink/Page_CCSale/txt_MessageVersion' is present

2020-12-22 18:34:53 - [MESSAGE][PASSED] - Text '2.0C' is set on object 'Object Repository/VLink/Page_CCSale/txt_MessageVersion'

2020-12-22 18:34:53 - [MESSAGE][PASSED] - Object 'Object Repository/VLink/Page_CCSale/txt_RemID' is present

2020-12-22 18:34:54 - [MESSAGE][PASSED] - Text 'OlQ8wrUF3va3' is set on object 'Object Repository/VLink/Page_CCSale/txt_RemID'

2020-12-22 18:34:54 - [MESSAGE][PASSED] - Object 'Object Repository/VLink/Page_CCSale/txt_ApplicationId' is present

2020-12-22 18:34:55 - [MESSAGE][PASSED] - Text '671' is set on object 'Object Repository/VLink/Page_CCSale/txt_ApplicationId'

2020-12-22 18:34:55 - [MESSAGE][PASSED] - Object 'Object Repository/VLink/Page_CCSale/txt_Username' is present

2020-12-22 18:34:56 - [MESSAGE][PASSED] - Text 'username' is set on object 'Object Repository/VLink/Page_CCSale/txt_Username'

2020-12-22 18:34:56 - [MESSAGE][PASSED] - Object 'Object Repository/VLink/Page_CCSale/txt_Password' is present

2020-12-22 18:34:56 - [MESSAGE][PASSED] - Text 'password' is set on object 'Object Repository/VLink/Page_CCSale/txt_Password'

2020-12-22 18:34:57 - [MESSAGE][PASSED] - Object 'Object Repository/VLink/Page_CCSale/txt_ResponseFormat' is present

2020-12-22 18:34:57 - [MESSAGE][PASSED] - Text 'fixed_width' is set on object 'Object Repository/VLink/Page_CCSale/txt_ResponseFormat'

2020-12-22 18:34:58 - [MESSAGE][PASSED] - Object 'Object Repository/VLink/Page_CCSale/txt_Category' is present

2020-12-22 18:34:58 - [MESSAGE][PASSED] - Text 'RETL' is set on object 'Object Repository/VLink/Page_CCSale/txt_Category'

2020-12-22 18:34:59 - [MESSAGE][PASSED] - Object 'Object Repository/VLink/Page_CCSale/txt_TransactionID' is present

2020-12-22 18:34:59 - [MESSAGE][PASSED] - Text '' is set on object 'Object Repository/VLink/Page_CCSale/txt_TransactionID'

2020-12-22 18:35:00 - [MESSAGE][PASSED] - Object 'Object Repository/VLink/Page_CCSale/txt_ApprovalCode' is present

2020-12-22 18:35:00 - [MESSAGE][PASSED] - Text '' is set on object 'Object Repository/VLink/Page_CCSale/txt_ApprovalCode'

2020-12-22 18:35:01 - [MESSAGE][PASSED] - Object 'Object Repository/VLink/Page_CCSale/txt_CardName' is present

2020-12-22 18:35:01 - [MESSAGE][PASSED] - Text 'Roshan Maha' is set on object 'Object Repository/VLink/Page_CCSale/txt_CardName'

2020-12-22 18:35:02 - [MESSAGE][PASSED] - Object 'Object Repository/VLink/Page_CCSale/txt_AL1' is present

2020-12-22 18:35:02 - [MESSAGE][PASSED] - Text '12563 Bazaar road' is set on object 'Object Repository/VLink/Page_CCSale/txt_AL1'

2020-12-22 18:35:03 - [MESSAGE][PASSED] - Object 'Object Repository/VLink/Page_CCSale/txt_AL2' is present

2020-12-22 18:35:03 - [MESSAGE][PASSED] - Text '' is set on object 'Object Repository/VLink/Page_CCSale/txt_AL2'

2020-12-22 18:35:04 - [MESSAGE][PASSED] - Object 'Object Repository/VLink/Page_CCSale/txt_CardCity' is present

2020-12-22 18:35:04 - [MESSAGE][PASSED] - Text 'Crofton' is set on object 'Object Repository/VLink/Page_CCSale/txt_CardCity'

2020-12-22 18:35:05 - [MESSAGE][PASSED] - Object 'Object Repository/VLink/Page_CCSale/txt_CardState' is present

2020-12-22 18:35:05 - [MESSAGE][PASSED] - Text 'MD' is set on object 'Object Repository/VLink/Page_CCSale/txt_CardState'

2020-12-22 18:35:06 - [MESSAGE][PASSED] - Object 'Object Repository/VLink/Page_CCSale/txt_CardZIP' is present

2020-12-22 18:35:06 - [MESSAGE][PASSED] - Text '21114' is set on object 'Object Repository/VLink/Page_CCSale/txt_CardZIP'

2020-12-22 18:35:07 - [MESSAGE][PASSED] - Object 'Object Repository/VLink/Page_CCSale/txt_CountryID' is present

2020-12-22 18:35:07 - [MESSAGE][PASSED] - Text '' is set on object 'Object Repository/VLink/Page_CCSale/txt_CountryID'

2020-12-22 18:35:08 - [MESSAGE][PASSED] - Object 'Object Repository/VLink/Page_CCSale/txt_Amount' is present

2020-12-22 18:35:08 - [MESSAGE][PASSED] - Text '3.50' is set on object 'Object Repository/VLink/Page_CCSale/txt_Amount'

2020-12-22 18:35:09 - [MESSAGE][PASSED] - Object 'Object Repository/VLink/Page_CCSale/txt_CardNumber' is present

2020-12-22 18:35:09 - [MESSAGE][PASSED] - Text '6011000000000004' is set on object 'Object Repository/VLink/Page_CCSale/txt_CardNumber'

2020-12-22 18:35:10 - [MESSAGE][PASSED] - Object 'Object Repository/VLink/Page_CCSale/txt_ExpMonth' is present

2020-12-22 18:35:10 - [MESSAGE][PASSED] - Text '01' is set on object 'Object Repository/VLink/Page_CCSale/txt_ExpMonth'

2020-12-22 18:35:11 - [MESSAGE][PASSED] - Object 'Object Repository/VLink/Page_CCSale/txt_ExpYear' is present

2020-12-22 18:35:11 - [MESSAGE][PASSED] - Text '2026' is set on object 'Object Repository/VLink/Page_CCSale/txt_ExpYear'

2020-12-22 18:35:12 - [MESSAGE][PASSED] - Object 'Object Repository/VLink/Page_CCSale/txt_CVV' is present

2020-12-22 18:35:12 - [MESSAGE][PASSED] - Text '' is set on object 'Object Repository/VLink/Page_CCSale/txt_CVV'

2020-12-22 18:35:13 - [MESSAGE][PASSED] - Object 'Object Repository/VLink/Page_CCSale/txt_CVVstate' is present

2020-12-22 18:35:13 - [MESSAGE][PASSED] - Text '' is set on object 'Object Repository/VLink/Page_CCSale/txt_CVVstate'

2020-12-22 18:35:14 - [MESSAGE][PASSED] - Object 'Object Repository/VLink/Page_CCSale/txt_TrackData' is present

2020-12-22 18:35:14 - [MESSAGE][PASSED] - Text '' is set on object 'Object Repository/VLink/Page_CCSale/txt_TrackData'

2020-12-22 18:35:15 - [MESSAGE][PASSED] - Object 'Object Repository/VLink/Page_CCSale/txt_Track1Data' is present

2020-12-22 18:35:15 - [MESSAGE][PASSED] - Text '' is set on object 'Object Repository/VLink/Page_CCSale/txt_Track1Data'

2020-12-22 18:35:16 - [MESSAGE][PASSED] - Object 'Object Repository/VLink/Page_CCSale/txt_Track2Data' is present

2020-12-22 18:35:16 - [MESSAGE][PASSED] - Text '' is set on object 'Object Repository/VLink/Page_CCSale/txt_Track2Data'

2020-12-22 18:35:17 - [MESSAGE][PASSED] - Object 'Object Repository/VLink/Page_CCSale/txt_POSEntryMode' is present

2020-12-22 18:35:17 - [MESSAGE][PASSED] - Text 'manual' is set on object 'Object Repository/VLink/Page_CCSale/txt_POSEntryMode'

2020-12-22 18:35:18 - [MESSAGE][PASSED] - Object 'Object Repository/VLink/Page_CCSale/txt_Email' is present

2020-12-22 18:35:18 - [MESSAGE][PASSED] - Text '' is set on object 'Object Repository/VLink/Page_CCSale/txt_Email'

2020-12-22 18:35:19 - [MESSAGE][PASSED] - Object 'Object Repository/VLink/Page_CCSale/txt_OrderNumber' is present

2020-12-22 18:35:19 - [MESSAGE][PASSED] - Text '' is set on object 'Object Repository/VLink/Page_CCSale/txt_OrderNumber'

2020-12-22 18:35:20 - [MESSAGE][PASSED] - Object 'Object Repository/VLink/Page_CCSale/txt_TaxAmount' is present

2020-12-22 18:35:20 - [MESSAGE][PASSED] - Text '' is set on object 'Object Repository/VLink/Page_CCSale/txt_TaxAmount'

2020-12-22 18:35:21 - [MESSAGE][PASSED] - Object 'Object Repository/VLink/Page_CCSale/txt_ChargeDescription' is present

2020-12-22 18:35:21 - [MESSAGE][PASSED] - Text '' is set on object 'Object Repository/VLink/Page_CCSale/txt_ChargeDescription'

2020-12-22 18:35:22 - [MESSAGE][PASSED] - Object 'Object Repository/VLink/Page_CCSale/txt_CAN' is present

2020-12-22 18:35:22 - [MESSAGE][PASSED] - Text '' is set on object 'Object Repository/VLink/Page_CCSale/txt_CAN'

2020-12-22 18:35:23 - [MESSAGE][PASSED] - Object 'Object Repository/VLink/Page_CCSale/txt_BillPaymentIndicator' is present

2020-12-22 18:35:23 - [MESSAGE][PASSED] - Text '' is set on object 'Object Repository/VLink/Page_CCSale/txt_BillPaymentIndicator'

2020-12-22 18:35:24 - [MESSAGE][PASSED] - Object 'Object Repository/VLink/Page_CCSale/txt_UDF1' is present

2020-12-22 18:35:24 - [MESSAGE][PASSED] - Text '' is set on object 'Object Repository/VLink/Page_CCSale/txt_UDF1'

2020-12-22 18:35:25 - [MESSAGE][PASSED] - Object 'Object Repository/VLink/Page_CCSale/txt_UDF2' is present

2020-12-22 18:35:25 - [MESSAGE][PASSED] - Text '' is set on object 'Object Repository/VLink/Page_CCSale/txt_UDF2'

2020-12-22 18:35:25 - [MESSAGE][PASSED] - Object 'Object Repository/VLink/Page_CCSale/txt_UDF3' is present

2020-12-22 18:35:26 - [MESSAGE][PASSED] - Text '' is set on object 'Object Repository/VLink/Page_CCSale/txt_UDF3'

2020-12-22 18:35:27 - [MESSAGE][PASSED] - Object 'Object Repository/VLink/Page_CCSale/txt_UDF4' is present

2020-12-22 18:35:27 - [MESSAGE][PASSED] - Text '' is set on object 'Object Repository/VLink/Page_CCSale/txt_UDF4'

2020-12-22 18:35:28 - [MESSAGE][PASSED] - Object 'Object Repository/VLink/Page_CCSale/txt_UDF5' is present

2020-12-22 18:35:28 - [MESSAGE][PASSED] - Text '' is set on object 'Object Repository/VLink/Page_CCSale/txt_UDF5'

2020-12-22 18:35:29 - [MESSAGE][PASSED] - Object 'Object Repository/VLink/Page_CCSale/txt_UDF6' is present

2020-12-22 18:35:29 - [MESSAGE][PASSED] - Text '' is set on object 'Object Repository/VLink/Page_CCSale/txt_UDF6'

2020-12-22 18:35:29 - [MESSAGE][PASSED] - Object 'Object Repository/VLink/Page_CCSale/txt_UDF7' is present

2020-12-22 18:35:30 - [MESSAGE][PASSED] - Text '' is set on object 'Object Repository/VLink/Page_CCSale/txt_UDF7'

2020-12-22 18:35:30 - [MESSAGE][PASSED] - Object 'Object Repository/VLink/Page_CCSale/txt_UDF8' is present

2020-12-22 18:35:31 - [MESSAGE][PASSED] - Text '' is set on object 'Object Repository/VLink/Page_CCSale/txt_UDF8'

2020-12-22 18:35:31 - [MESSAGE][PASSED] - Object 'Object Repository/VLink/Page_CCSale/txt_UDF9' is present

2020-12-22 18:35:32 - [MESSAGE][PASSED] - Text '' is set on object 'Object Repository/VLink/Page_CCSale/txt_UDF9'

2020-12-22 18:35:32 - [MESSAGE][PASSED] - Object 'Object Repository/VLink/Page_CCSale/txt_UDF10' is present

2020-12-22 18:35:33 - [MESSAGE][PASSED] - Text '' is set on object 'Object Repository/VLink/Page_CCSale/txt_UDF10'

2020-12-22 18:35:33 - [MESSAGE][PASSED] - Object 'Object Repository/VLink/Page_CCSale/txt_CardOnFileIndicator' is present

2020-12-22 18:35:34 - [MESSAGE][PASSED] - Text '1' is set on object 'Object Repository/VLink/Page_CCSale/txt_CardOnFileIndicator'

2020-12-22 18:35:34 - [MESSAGE][PASSED] - Object 'Object Repository/VLink/Page_CCSale/txt_StoredCredentialIndicator' is present

2020-12-22 18:35:35 - [MESSAGE][PASSED] - Text 'Subsequent' is set on object 'Object Repository/VLink/Page_CCSale/txt_StoredCredentialIndicator'

2020-12-22 18:35:35 - [MESSAGE][PASSED] - Object 'Object Repository/VLink/Page_CCSale/txt_COFScheduledIndicator' is present

2020-12-22 18:35:36 - [MESSAGE][PASSED] - Text 'Scheduled' is set on object 'Object Repository/VLink/Page_CCSale/txt_COFScheduledIndicator'

2020-12-22 18:35:36 - [MESSAGE][PASSED] - Object 'Object Repository/VLink/Page_CCSale/txt_COFTransactionInitiatedBy' is present

2020-12-22 18:35:37 - [MESSAGE][PASSED] - Text 'Merchant' is set on object 'Object Repository/VLink/Page_CCSale/txt_COFTransactionInitiatedBy'

2020-12-22 18:35:41 - [MESSAGE][PASSED] - Object: 'Object Repository/VLink/Page_CCSale/btn_ProcessVLinkTransaction' is clicked on

2020-12-22 18:35:46 - [MESSAGE][PASSED] - vlinkPages.saleCCPage.setDataSCC is PASSED

2020-12-22 18:35:46 - [TEST_STEP][PASSED] - if (verifyTextPresent("Transaction approved, no errors", true)): null

2020-12-22 18:35:46 - [MESSAGE][PASSED] - Text 'Transaction approved, no errors' is present on page  using regular expression

2020-12-22 18:35:46 - [TEST_STEP][PASSED] - println("Transaction Approved, no errors text is present on the Confirmation page"): null

2020-12-22 18:35:46 - [TEST_STEP][PASSED] - out.println("Pass Record Number: " + row): null

2020-12-22 18:35:46 - [TEST_STEP][PASSED] - sdfo = getText(findTestObject("Object Repository/Page_VLinkReceipt/pre_STX")): Text of object 'Object Repository/Page_VLinkReceipt/pre_STX' is: '<STX>OlQ8wrUF3va3                  12088011            0  Transaction approved, no errors                   0                                                                                  Y OK2237   <ETX>'

2020-12-22 18:35:46 - [MESSAGE][PASSED] - Text of object 'Object Repository/Page_VLinkReceipt/pre_STX' is: '<STX>OlQ8wrUF3va3                  12088011            0  Transaction approved, no errors                   0                                                                                  Y OK2237   <ETX>'

2020-12-22 18:35:46 - [TEST_STEP][PASSED] - out.println("sdfo: " + sdfo): null

2020-12-22 18:35:46 - [TEST_STEP][PASSED] - remID = substring(5, 35).trim(): null

2020-12-22 18:35:46 - [TEST_STEP][PASSED] - out.println("Remittance ID: " + remID): null

2020-12-22 18:35:46 - [TEST_STEP][PASSED] - traxID = substring(35, 55).trim(): null

2020-12-22 18:35:46 - [TEST_STEP][PASSED] - out.println("Transaction ID: " + traxID): null

2020-12-22 18:35:46 - [TEST_STEP][PASSED] - out.println("End Record Number: " + row): null

2020-12-22 18:35:46 - [TEST_STEP][PASSED] - closeBrowser(): Browser is closed

2020-12-22 18:35:47 - [MESSAGE][PASSED] - Browser is closed

2020-12-22 18:35:47 - [TEST_STEP][PASSED] - out.println("Begin Record Number: " + row): null

2020-12-22 18:35:47 - [TEST_STEP][PASSED] - openBrowser(VLinkURL + "authcap.html"): Browser is opened with url: 'https://dev-algorithm.govolution.com/vlinktest/QA/version_2_0/authcap.html'

2020-12-22 18:35:47 - [MESSAGE][INFO] - Starting 'Chrome' driver

2020-12-22 18:35:47 - [MESSAGE][INFO] - User set preference: ['acceptInsecureCerts', 'true']

2020-12-22 18:35:47 - [MESSAGE][INFO] - Action delay is set to 0 milliseconds

2020-12-22 18:35:51 - [MESSAGE][PASSED] - Browser is opened with url: 'https://dev-algorithm.govolution.com/vlinktest/QA/version_2_0/authcap.html'

2020-12-22 18:35:51 - [TEST_STEP][PASSED] - maximizeWindow(): Current window maximized

2020-12-22 18:35:52 - [MESSAGE][PASSED] - Current window maximized

2020-12-22 18:35:52 - [TEST_STEP][PASSED] - vlinkPages.saleCCPage.setDataSCC(row, dataFile): vlinkPages.saleCCPage.setDataSCC is PASSED

2020-12-22 18:35:53 - [MESSAGE][PASSED] - Object 'Object Repository/VLink/Page_CCSale/txt_CardNumber' is present

2020-12-22 18:35:53 - [MESSAGE][PASSED] - Object 'Object Repository/VLink/Page_CCSale/txt_TransactionType' is present

2020-12-22 18:35:54 - [MESSAGE][PASSED] - Text '104' is set on object 'Object Repository/VLink/Page_CCSale/txt_TransactionType'

2020-12-22 18:35:54 - [MESSAGE][PASSED] - Object 'Object Repository/VLink/Page_CCSale/txt_MessageVersion' is present

2020-12-22 18:35:55 - [MESSAGE][PASSED] - Text '2.0C' is set on object 'Object Repository/VLink/Page_CCSale/txt_MessageVersion'

2020-12-22 18:35:55 - [MESSAGE][PASSED] - Object 'Object Repository/VLink/Page_CCSale/txt_RemID' is present

2020-12-22 18:35:56 - [MESSAGE][PASSED] - Text 'xUIrI23ycJFS' is set on object 'Object Repository/VLink/Page_CCSale/txt_RemID'

2020-12-22 18:35:56 - [MESSAGE][PASSED] - Object 'Object Repository/VLink/Page_CCSale/txt_ApplicationId' is present

2020-12-22 18:35:57 - [MESSAGE][PASSED] - Text '665' is set on object 'Object Repository/VLink/Page_CCSale/txt_ApplicationId'

2020-12-22 18:35:57 - [MESSAGE][PASSED] - Object 'Object Repository/VLink/Page_CCSale/txt_Username' is present

2020-12-22 18:35:57 - [MESSAGE][PASSED] - Text 'username' is set on object 'Object Repository/VLink/Page_CCSale/txt_Username'

2020-12-22 18:35:58 - [MESSAGE][PASSED] - Object 'Object Repository/VLink/Page_CCSale/txt_Password' is present

2020-12-22 18:35:58 - [MESSAGE][PASSED] - Text 'password' is set on object 'Object Repository/VLink/Page_CCSale/txt_Password'

2020-12-22 18:35:59 - [MESSAGE][PASSED] - Object 'Object Repository/VLink/Page_CCSale/txt_ResponseFormat' is present

2020-12-22 18:35:59 - [MESSAGE][PASSED] - Text 'fixed_width' is set on object 'Object Repository/VLink/Page_CCSale/txt_ResponseFormat'

2020-12-22 18:36:00 - [MESSAGE][PASSED] - Object 'Object Repository/VLink/Page_CCSale/txt_Category' is present

2020-12-22 18:36:00 - [MESSAGE][PASSED] - Text 'ECOM' is set on object 'Object Repository/VLink/Page_CCSale/txt_Category'

2020-12-22 18:36:01 - [MESSAGE][PASSED] - Object 'Object Repository/VLink/Page_CCSale/txt_TransactionID' is present

2020-12-22 18:36:01 - [MESSAGE][PASSED] - Text '' is set on object 'Object Repository/VLink/Page_CCSale/txt_TransactionID'

2020-12-22 18:36:02 - [MESSAGE][PASSED] - Object 'Object Repository/VLink/Page_CCSale/txt_ApprovalCode' is present

2020-12-22 18:36:02 - [MESSAGE][PASSED] - Text '' is set on object 'Object Repository/VLink/Page_CCSale/txt_ApprovalCode'

2020-12-22 18:36:03 - [MESSAGE][PASSED] - Object 'Object Repository/VLink/Page_CCSale/txt_CardName' is present

2020-12-22 18:36:03 - [MESSAGE][PASSED] - Text 'Kris Roshan' is set on object 'Object Repository/VLink/Page_CCSale/txt_CardName'

2020-12-22 18:36:04 - [MESSAGE][PASSED] - Object 'Object Repository/VLink/Page_CCSale/txt_AL1' is present

2020-12-22 18:36:04 - [MESSAGE][PASSED] - Text '258 Elm Road' is set on object 'Object Repository/VLink/Page_CCSale/txt_AL1'

2020-12-22 18:36:05 - [MESSAGE][PASSED] - Object 'Object Repository/VLink/Page_CCSale/txt_AL2' is present

2020-12-22 18:36:05 - [MESSAGE][PASSED] - Text '' is set on object 'Object Repository/VLink/Page_CCSale/txt_AL2'

2020-12-22 18:36:05 - [MESSAGE][PASSED] - Object 'Object Repository/VLink/Page_CCSale/txt_CardCity' is present

2020-12-22 18:36:06 - [MESSAGE][PASSED] - Text '' is set on object 'Object Repository/VLink/Page_CCSale/txt_CardCity'

2020-12-22 18:36:07 - [MESSAGE][PASSED] - Object 'Object Repository/VLink/Page_CCSale/txt_CardState' is present

2020-12-22 18:36:07 - [MESSAGE][PASSED] - Text '' is set on object 'Object Repository/VLink/Page_CCSale/txt_CardState'

2020-12-22 18:36:08 - [MESSAGE][PASSED] - Object 'Object Repository/VLink/Page_CCSale/txt_CardZIP' is present

2020-12-22 18:36:08 - [MESSAGE][PASSED] - Text '22201' is set on object 'Object Repository/VLink/Page_CCSale/txt_CardZIP'

2020-12-22 18:36:09 - [MESSAGE][PASSED] - Object 'Object Repository/VLink/Page_CCSale/txt_CountryID' is present

2020-12-22 18:36:09 - [MESSAGE][PASSED] - Text '' is set on object 'Object Repository/VLink/Page_CCSale/txt_CountryID'

2020-12-22 18:36:10 - [MESSAGE][PASSED] - Object 'Object Repository/VLink/Page_CCSale/txt_Amount' is present

2020-12-22 18:36:10 - [MESSAGE][PASSED] - Text '1.50' is set on object 'Object Repository/VLink/Page_CCSale/txt_Amount'

2020-12-22 18:36:11 - [MESSAGE][PASSED] - Object 'Object Repository/VLink/Page_CCSale/txt_CardNumber' is present

2020-12-22 18:36:11 - [MESSAGE][PASSED] - Text '4111111111111111' is set on object 'Object Repository/VLink/Page_CCSale/txt_CardNumber'

2020-12-22 18:36:12 - [MESSAGE][PASSED] - Object 'Object Repository/VLink/Page_CCSale/txt_ExpMonth' is present

2020-12-22 18:36:12 - [MESSAGE][PASSED] - Text '12' is set on object 'Object Repository/VLink/Page_CCSale/txt_ExpMonth'

2020-12-22 18:36:13 - [MESSAGE][PASSED] - Object 'Object Repository/VLink/Page_CCSale/txt_ExpYear' is present

2020-12-22 18:36:13 - [MESSAGE][PASSED] - Text '2025' is set on object 'Object Repository/VLink/Page_CCSale/txt_ExpYear'

2020-12-22 18:36:14 - [MESSAGE][PASSED] - Object 'Object Repository/VLink/Page_CCSale/txt_CVV' is present

2020-12-22 18:36:14 - [MESSAGE][PASSED] - Text '' is set on object 'Object Repository/VLink/Page_CCSale/txt_CVV'

2020-12-22 18:36:15 - [MESSAGE][PASSED] - Object 'Object Repository/VLink/Page_CCSale/txt_CVVstate' is present

2020-12-22 18:36:15 - [MESSAGE][PASSED] - Text '' is set on object 'Object Repository/VLink/Page_CCSale/txt_CVVstate'

2020-12-22 18:36:16 - [MESSAGE][PASSED] - Object 'Object Repository/VLink/Page_CCSale/txt_TrackData' is present

2020-12-22 18:36:16 - [MESSAGE][PASSED] - Text '' is set on object 'Object Repository/VLink/Page_CCSale/txt_TrackData'

2020-12-22 18:36:17 - [MESSAGE][PASSED] - Object 'Object Repository/VLink/Page_CCSale/txt_Track1Data' is present

2020-12-22 18:36:17 - [MESSAGE][PASSED] - Text '' is set on object 'Object Repository/VLink/Page_CCSale/txt_Track1Data'

2020-12-22 18:36:18 - [MESSAGE][PASSED] - Object 'Object Repository/VLink/Page_CCSale/txt_Track2Data' is present

2020-12-22 18:36:18 - [MESSAGE][PASSED] - Text '' is set on object 'Object Repository/VLink/Page_CCSale/txt_Track2Data'

2020-12-22 18:36:19 - [MESSAGE][PASSED] - Object 'Object Repository/VLink/Page_CCSale/txt_POSEntryMode' is present

2020-12-22 18:36:19 - [MESSAGE][PASSED] - Text '' is set on object 'Object Repository/VLink/Page_CCSale/txt_POSEntryMode'

2020-12-22 18:36:20 - [MESSAGE][PASSED] - Object 'Object Repository/VLink/Page_CCSale/txt_Email' is present

2020-12-22 18:36:20 - [MESSAGE][PASSED] - Text '' is set on object 'Object Repository/VLink/Page_CCSale/txt_Email'

2020-12-22 18:36:21 - [MESSAGE][PASSED] - Object 'Object Repository/VLink/Page_CCSale/txt_OrderNumber' is present

2020-12-22 18:36:21 - [MESSAGE][PASSED] - Text '' is set on object 'Object Repository/VLink/Page_CCSale/txt_OrderNumber'

2020-12-22 18:36:22 - [MESSAGE][PASSED] - Object 'Object Repository/VLink/Page_CCSale/txt_TaxAmount' is present

2020-12-22 18:36:22 - [MESSAGE][PASSED] - Text '' is set on object 'Object Repository/VLink/Page_CCSale/txt_TaxAmount'

2020-12-22 18:36:23 - [MESSAGE][PASSED] - Object 'Object Repository/VLink/Page_CCSale/txt_ChargeDescription' is present

2020-12-22 18:36:23 - [MESSAGE][PASSED] - Text '' is set on object 'Object Repository/VLink/Page_CCSale/txt_ChargeDescription'

2020-12-22 18:36:24 - [MESSAGE][PASSED] - Object 'Object Repository/VLink/Page_CCSale/txt_CAN' is present

2020-12-22 18:36:24 - [MESSAGE][PASSED] - Text '' is set on object 'Object Repository/VLink/Page_CCSale/txt_CAN'

2020-12-22 18:36:25 - [MESSAGE][PASSED] - Object 'Object Repository/VLink/Page_CCSale/txt_BillPaymentIndicator' is present

2020-12-22 18:36:25 - [MESSAGE][PASSED] - Text '' is set on object 'Object Repository/VLink/Page_CCSale/txt_BillPaymentIndicator'

2020-12-22 18:36:26 - [MESSAGE][PASSED] - Object 'Object Repository/VLink/Page_CCSale/txt_UDF1' is present

2020-12-22 18:36:26 - [MESSAGE][PASSED] - Text '' is set on object 'Object Repository/VLink/Page_CCSale/txt_UDF1'

2020-12-22 18:36:27 - [MESSAGE][PASSED] - Object 'Object Repository/VLink/Page_CCSale/txt_UDF2' is present

2020-12-22 18:36:27 - [MESSAGE][PASSED] - Text '' is set on object 'Object Repository/VLink/Page_CCSale/txt_UDF2'

2020-12-22 18:36:28 - [MESSAGE][PASSED] - Object 'Object Repository/VLink/Page_CCSale/txt_UDF3' is present

2020-12-22 18:36:28 - [MESSAGE][PASSED] - Text '' is set on object 'Object Repository/VLink/Page_CCSale/txt_UDF3'

2020-12-22 18:36:29 - [MESSAGE][PASSED] - Object 'Object Repository/VLink/Page_CCSale/txt_UDF4' is present

2020-12-22 18:36:29 - [MESSAGE][PASSED] - Text '' is set on object 'Object Repository/VLink/Page_CCSale/txt_UDF4'

2020-12-22 18:36:30 - [MESSAGE][PASSED] - Object 'Object Repository/VLink/Page_CCSale/txt_UDF5' is present

2020-12-22 18:36:30 - [MESSAGE][PASSED] - Text '' is set on object 'Object Repository/VLink/Page_CCSale/txt_UDF5'

2020-12-22 18:36:31 - [MESSAGE][PASSED] - Object 'Object Repository/VLink/Page_CCSale/txt_UDF6' is present

2020-12-22 18:36:31 - [MESSAGE][PASSED] - Text '' is set on object 'Object Repository/VLink/Page_CCSale/txt_UDF6'

2020-12-22 18:36:32 - [MESSAGE][PASSED] - Object 'Object Repository/VLink/Page_CCSale/txt_UDF7' is present

2020-12-22 18:36:32 - [MESSAGE][PASSED] - Text '' is set on object 'Object Repository/VLink/Page_CCSale/txt_UDF7'

2020-12-22 18:36:33 - [MESSAGE][PASSED] - Object 'Object Repository/VLink/Page_CCSale/txt_UDF8' is present

2020-12-22 18:36:33 - [MESSAGE][PASSED] - Text '' is set on object 'Object Repository/VLink/Page_CCSale/txt_UDF8'

2020-12-22 18:36:33 - [MESSAGE][PASSED] - Object 'Object Repository/VLink/Page_CCSale/txt_UDF9' is present

2020-12-22 18:36:34 - [MESSAGE][PASSED] - Text '' is set on object 'Object Repository/VLink/Page_CCSale/txt_UDF9'

2020-12-22 18:36:34 - [MESSAGE][PASSED] - Object 'Object Repository/VLink/Page_CCSale/txt_UDF10' is present

2020-12-22 18:36:35 - [MESSAGE][PASSED] - Text '' is set on object 'Object Repository/VLink/Page_CCSale/txt_UDF10'

2020-12-22 18:36:35 - [MESSAGE][PASSED] - Object 'Object Repository/VLink/Page_CCSale/txt_CardOnFileIndicator' is present

2020-12-22 18:36:36 - [MESSAGE][PASSED] - Text '' is set on object 'Object Repository/VLink/Page_CCSale/txt_CardOnFileIndicator'

2020-12-22 18:36:36 - [MESSAGE][PASSED] - Object 'Object Repository/VLink/Page_CCSale/txt_StoredCredentialIndicator' is present

2020-12-22 18:36:37 - [MESSAGE][PASSED] - Text '' is set on object 'Object Repository/VLink/Page_CCSale/txt_StoredCredentialIndicator'

2020-12-22 18:36:37 - [MESSAGE][PASSED] - Object 'Object Repository/VLink/Page_CCSale/txt_COFScheduledIndicator' is present

2020-12-22 18:36:38 - [MESSAGE][PASSED] - Text '' is set on object 'Object Repository/VLink/Page_CCSale/txt_COFScheduledIndicator'

2020-12-22 18:36:38 - [MESSAGE][PASSED] - Object 'Object Repository/VLink/Page_CCSale/txt_COFTransactionInitiatedBy' is present

2020-12-22 18:36:39 - [MESSAGE][PASSED] - Text '' is set on object 'Object Repository/VLink/Page_CCSale/txt_COFTransactionInitiatedBy'

2020-12-22 18:36:42 - [MESSAGE][PASSED] - Object: 'Object Repository/VLink/Page_CCSale/btn_ProcessVLinkTransaction' is clicked on

2020-12-22 18:36:47 - [MESSAGE][PASSED] - vlinkPages.saleCCPage.setDataSCC is PASSED

2020-12-22 18:36:47 - [TEST_STEP][PASSED] - if (verifyTextPresent("Transaction approved, no errors", true)): null

2020-12-22 18:36:47 - [MESSAGE][PASSED] - Text 'Transaction approved, no errors' is present on page  using regular expression

2020-12-22 18:36:47 - [TEST_STEP][PASSED] - println("Transaction Approved, no errors text is present on the Confirmation page"): null

2020-12-22 18:36:47 - [TEST_STEP][PASSED] - out.println("Pass Record Number: " + row): null

2020-12-22 18:36:47 - [TEST_STEP][PASSED] - sdfo = getText(findTestObject("Object Repository/Page_VLinkReceipt/pre_STX")): Text of object 'Object Repository/Page_VLinkReceipt/pre_STX' is: '<STX>xUIrI23ycJFS                  12088012            0  Transaction approved, no errors                   0                                                                                  XXOK8740   <ETX>'

2020-12-22 18:36:47 - [MESSAGE][PASSED] - Text of object 'Object Repository/Page_VLinkReceipt/pre_STX' is: '<STX>xUIrI23ycJFS                  12088012            0  Transaction approved, no errors                   0                                                                                  XXOK8740   <ETX>'

2020-12-22 18:36:47 - [TEST_STEP][PASSED] - out.println("sdfo: " + sdfo): null

2020-12-22 18:36:47 - [TEST_STEP][PASSED] - remID = substring(5, 35).trim(): null

2020-12-22 18:36:47 - [TEST_STEP][PASSED] - out.println("Remittance ID: " + remID): null

2020-12-22 18:36:47 - [TEST_STEP][PASSED] - traxID = substring(35, 55).trim(): null

2020-12-22 18:36:47 - [TEST_STEP][PASSED] - out.println("Transaction ID: " + traxID): null

2020-12-22 18:36:47 - [TEST_STEP][PASSED] - out.println("End Record Number: " + row): null

2020-12-22 18:36:47 - [TEST_STEP][PASSED] - closeBrowser(): Browser is closed

2020-12-22 18:36:48 - [MESSAGE][PASSED] - Browser is closed

2020-12-22 18:36:48 - [TEST_STEP][PASSED] - out.println("Begin Record Number: " + row): null

2020-12-22 18:36:48 - [TEST_STEP][PASSED] - openBrowser(VLinkURL + "authcap.html"): Browser is opened with url: 'https://dev-algorithm.govolution.com/vlinktest/QA/version_2_0/authcap.html'

2020-12-22 18:36:48 - [MESSAGE][INFO] - Starting 'Chrome' driver

2020-12-22 18:36:48 - [MESSAGE][INFO] - User set preference: ['acceptInsecureCerts', 'true']

2020-12-22 18:36:48 - [MESSAGE][INFO] - Action delay is set to 0 milliseconds

2020-12-22 18:36:52 - [MESSAGE][PASSED] - Browser is opened with url: 'https://dev-algorithm.govolution.com/vlinktest/QA/version_2_0/authcap.html'

2020-12-22 18:36:52 - [TEST_STEP][PASSED] - maximizeWindow(): Current window maximized

2020-12-22 18:36:52 - [MESSAGE][PASSED] - Current window maximized

2020-12-22 18:36:52 - [TEST_STEP][PASSED] - vlinkPages.saleCCPage.setDataSCC(row, dataFile): vlinkPages.saleCCPage.setDataSCC is PASSED

2020-12-22 18:36:54 - [MESSAGE][PASSED] - Object 'Object Repository/VLink/Page_CCSale/txt_CardNumber' is present

2020-12-22 18:36:54 - [MESSAGE][PASSED] - Object 'Object Repository/VLink/Page_CCSale/txt_TransactionType' is present

2020-12-22 18:36:55 - [MESSAGE][PASSED] - Text '104' is set on object 'Object Repository/VLink/Page_CCSale/txt_TransactionType'

2020-12-22 18:36:55 - [MESSAGE][PASSED] - Object 'Object Repository/VLink/Page_CCSale/txt_MessageVersion' is present

2020-12-22 18:36:56 - [MESSAGE][PASSED] - Text '2.0C' is set on object 'Object Repository/VLink/Page_CCSale/txt_MessageVersion'

2020-12-22 18:36:56 - [MESSAGE][PASSED] - Object 'Object Repository/VLink/Page_CCSale/txt_RemID' is present

2020-12-22 18:36:57 - [MESSAGE][PASSED] - Text '2Itz5HsjSbMu' is set on object 'Object Repository/VLink/Page_CCSale/txt_RemID'

2020-12-22 18:36:57 - [MESSAGE][PASSED] - Object 'Object Repository/VLink/Page_CCSale/txt_ApplicationId' is present

2020-12-22 18:36:58 - [MESSAGE][PASSED] - Text '665' is set on object 'Object Repository/VLink/Page_CCSale/txt_ApplicationId'

2020-12-22 18:36:58 - [MESSAGE][PASSED] - Object 'Object Repository/VLink/Page_CCSale/txt_Username' is present

2020-12-22 18:36:58 - [MESSAGE][PASSED] - Text 'username' is set on object 'Object Repository/VLink/Page_CCSale/txt_Username'

2020-12-22 18:36:59 - [MESSAGE][PASSED] - Object 'Object Repository/VLink/Page_CCSale/txt_Password' is present

2020-12-22 18:36:59 - [MESSAGE][PASSED] - Text 'password' is set on object 'Object Repository/VLink/Page_CCSale/txt_Password'

2020-12-22 18:37:00 - [MESSAGE][PASSED] - Object 'Object Repository/VLink/Page_CCSale/txt_ResponseFormat' is present

2020-12-22 18:37:00 - [MESSAGE][PASSED] - Text 'fixed_width' is set on object 'Object Repository/VLink/Page_CCSale/txt_ResponseFormat'

2020-12-22 18:37:00 - [MESSAGE][PASSED] - Object 'Object Repository/VLink/Page_CCSale/txt_Category' is present

2020-12-22 18:37:01 - [MESSAGE][PASSED] - Text 'MOTO' is set on object 'Object Repository/VLink/Page_CCSale/txt_Category'

2020-12-22 18:37:01 - [MESSAGE][PASSED] - Object 'Object Repository/VLink/Page_CCSale/txt_TransactionID' is present

2020-12-22 18:37:02 - [MESSAGE][PASSED] - Text '' is set on object 'Object Repository/VLink/Page_CCSale/txt_TransactionID'

2020-12-22 18:37:02 - [MESSAGE][PASSED] - Object 'Object Repository/VLink/Page_CCSale/txt_ApprovalCode' is present

2020-12-22 18:37:03 - [MESSAGE][PASSED] - Text '' is set on object 'Object Repository/VLink/Page_CCSale/txt_ApprovalCode'

2020-12-22 18:37:03 - [MESSAGE][PASSED] - Object 'Object Repository/VLink/Page_CCSale/txt_CardName' is present

2020-12-22 18:37:04 - [MESSAGE][PASSED] - Text 'Kris Roshan' is set on object 'Object Repository/VLink/Page_CCSale/txt_CardName'

2020-12-22 18:37:04 - [MESSAGE][PASSED] - Object 'Object Repository/VLink/Page_CCSale/txt_AL1' is present

2020-12-22 18:37:05 - [MESSAGE][PASSED] - Text '258 Elm Road' is set on object 'Object Repository/VLink/Page_CCSale/txt_AL1'

2020-12-22 18:37:05 - [MESSAGE][PASSED] - Object 'Object Repository/VLink/Page_CCSale/txt_AL2' is present

2020-12-22 18:37:06 - [MESSAGE][PASSED] - Text '' is set on object 'Object Repository/VLink/Page_CCSale/txt_AL2'

2020-12-22 18:37:06 - [MESSAGE][PASSED] - Object 'Object Repository/VLink/Page_CCSale/txt_CardCity' is present

2020-12-22 18:37:07 - [MESSAGE][PASSED] - Text '' is set on object 'Object Repository/VLink/Page_CCSale/txt_CardCity'

2020-12-22 18:37:07 - [MESSAGE][PASSED] - Object 'Object Repository/VLink/Page_CCSale/txt_CardState' is present

2020-12-22 18:37:08 - [MESSAGE][PASSED] - Text '' is set on object 'Object Repository/VLink/Page_CCSale/txt_CardState'

2020-12-22 18:37:08 - [MESSAGE][PASSED] - Object 'Object Repository/VLink/Page_CCSale/txt_CardZIP' is present

2020-12-22 18:37:09 - [MESSAGE][PASSED] - Text '22201' is set on object 'Object Repository/VLink/Page_CCSale/txt_CardZIP'

2020-12-22 18:37:09 - [MESSAGE][PASSED] - Object 'Object Repository/VLink/Page_CCSale/txt_CountryID' is present

2020-12-22 18:37:10 - [MESSAGE][PASSED] - Text '' is set on object 'Object Repository/VLink/Page_CCSale/txt_CountryID'

2020-12-22 18:37:10 - [MESSAGE][PASSED] - Object 'Object Repository/VLink/Page_CCSale/txt_Amount' is present

2020-12-22 18:37:11 - [MESSAGE][PASSED] - Text '1.50' is set on object 'Object Repository/VLink/Page_CCSale/txt_Amount'

2020-12-22 18:37:11 - [MESSAGE][PASSED] - Object 'Object Repository/VLink/Page_CCSale/txt_CardNumber' is present

2020-12-22 18:37:12 - [MESSAGE][PASSED] - Text '4111111111111111' is set on object 'Object Repository/VLink/Page_CCSale/txt_CardNumber'

2020-12-22 18:37:12 - [MESSAGE][PASSED] - Object 'Object Repository/VLink/Page_CCSale/txt_ExpMonth' is present

2020-12-22 18:37:13 - [MESSAGE][PASSED] - Text '12' is set on object 'Object Repository/VLink/Page_CCSale/txt_ExpMonth'

2020-12-22 18:37:13 - [MESSAGE][PASSED] - Object 'Object Repository/VLink/Page_CCSale/txt_ExpYear' is present

2020-12-22 18:37:14 - [MESSAGE][PASSED] - Text '2025' is set on object 'Object Repository/VLink/Page_CCSale/txt_ExpYear'

2020-12-22 18:37:14 - [MESSAGE][PASSED] - Object 'Object Repository/VLink/Page_CCSale/txt_CVV' is present

2020-12-22 18:37:15 - [MESSAGE][PASSED] - Text '' is set on object 'Object Repository/VLink/Page_CCSale/txt_CVV'

2020-12-22 18:37:15 - [MESSAGE][PASSED] - Object 'Object Repository/VLink/Page_CCSale/txt_CVVstate' is present

2020-12-22 18:37:16 - [MESSAGE][PASSED] - Text '' is set on object 'Object Repository/VLink/Page_CCSale/txt_CVVstate'

2020-12-22 18:37:16 - [MESSAGE][PASSED] - Object 'Object Repository/VLink/Page_CCSale/txt_TrackData' is present

2020-12-22 18:37:17 - [MESSAGE][PASSED] - Text '' is set on object 'Object Repository/VLink/Page_CCSale/txt_TrackData'

2020-12-22 18:37:17 - [MESSAGE][PASSED] - Object 'Object Repository/VLink/Page_CCSale/txt_Track1Data' is present

2020-12-22 18:37:18 - [MESSAGE][PASSED] - Text '' is set on object 'Object Repository/VLink/Page_CCSale/txt_Track1Data'

2020-12-22 18:37:18 - [MESSAGE][PASSED] - Object 'Object Repository/VLink/Page_CCSale/txt_Track2Data' is present

2020-12-22 18:37:19 - [MESSAGE][PASSED] - Text '' is set on object 'Object Repository/VLink/Page_CCSale/txt_Track2Data'

2020-12-22 18:37:19 - [MESSAGE][PASSED] - Object 'Object Repository/VLink/Page_CCSale/txt_POSEntryMode' is present

2020-12-22 18:37:20 - [MESSAGE][PASSED] - Text '' is set on object 'Object Repository/VLink/Page_CCSale/txt_POSEntryMode'

2020-12-22 18:37:20 - [MESSAGE][PASSED] - Object 'Object Repository/VLink/Page_CCSale/txt_Email' is present

2020-12-22 18:37:21 - [MESSAGE][PASSED] - Text '' is set on object 'Object Repository/VLink/Page_CCSale/txt_Email'

2020-12-22 18:37:21 - [MESSAGE][PASSED] - Object 'Object Repository/VLink/Page_CCSale/txt_OrderNumber' is present

2020-12-22 18:37:22 - [MESSAGE][PASSED] - Text '' is set on object 'Object Repository/VLink/Page_CCSale/txt_OrderNumber'

2020-12-22 18:37:22 - [MESSAGE][PASSED] - Object 'Object Repository/VLink/Page_CCSale/txt_TaxAmount' is present

2020-12-22 18:37:22 - [MESSAGE][PASSED] - Text '' is set on object 'Object Repository/VLink/Page_CCSale/txt_TaxAmount'

2020-12-22 18:37:23 - [MESSAGE][PASSED] - Object 'Object Repository/VLink/Page_CCSale/txt_ChargeDescription' is present

2020-12-22 18:37:23 - [MESSAGE][PASSED] - Text '' is set on object 'Object Repository/VLink/Page_CCSale/txt_ChargeDescription'

2020-12-22 18:37:24 - [MESSAGE][PASSED] - Object 'Object Repository/VLink/Page_CCSale/txt_CAN' is present

2020-12-22 18:37:24 - [MESSAGE][PASSED] - Text '' is set on object 'Object Repository/VLink/Page_CCSale/txt_CAN'

2020-12-22 18:37:25 - [MESSAGE][PASSED] - Object 'Object Repository/VLink/Page_CCSale/txt_BillPaymentIndicator' is present

2020-12-22 18:37:25 - [MESSAGE][PASSED] - Text '' is set on object 'Object Repository/VLink/Page_CCSale/txt_BillPaymentIndicator'

2020-12-22 18:37:26 - [MESSAGE][PASSED] - Object 'Object Repository/VLink/Page_CCSale/txt_UDF1' is present

2020-12-22 18:37:26 - [MESSAGE][PASSED] - Text '' is set on object 'Object Repository/VLink/Page_CCSale/txt_UDF1'

2020-12-22 18:37:27 - [MESSAGE][PASSED] - Object 'Object Repository/VLink/Page_CCSale/txt_UDF2' is present

2020-12-22 18:37:28 - [MESSAGE][PASSED] - Text '' is set on object 'Object Repository/VLink/Page_CCSale/txt_UDF2'

2020-12-22 18:37:28 - [MESSAGE][PASSED] - Object 'Object Repository/VLink/Page_CCSale/txt_UDF3' is present

2020-12-22 18:37:29 - [MESSAGE][PASSED] - Text '' is set on object 'Object Repository/VLink/Page_CCSale/txt_UDF3'

2020-12-22 18:37:29 - [MESSAGE][PASSED] - Object 'Object Repository/VLink/Page_CCSale/txt_UDF4' is present

2020-12-22 18:37:29 - [MESSAGE][PASSED] - Text '' is set on object 'Object Repository/VLink/Page_CCSale/txt_UDF4'

2020-12-22 18:37:30 - [MESSAGE][PASSED] - Object 'Object Repository/VLink/Page_CCSale/txt_UDF5' is present

2020-12-22 18:37:30 - [MESSAGE][PASSED] - Text '' is set on object 'Object Repository/VLink/Page_CCSale/txt_UDF5'

2020-12-22 18:37:31 - [MESSAGE][PASSED] - Object 'Object Repository/VLink/Page_CCSale/txt_UDF6' is present

2020-12-22 18:37:31 - [MESSAGE][PASSED] - Text '' is set on object 'Object Repository/VLink/Page_CCSale/txt_UDF6'

2020-12-22 18:37:32 - [MESSAGE][PASSED] - Object 'Object Repository/VLink/Page_CCSale/txt_UDF7' is present

2020-12-22 18:37:33 - [MESSAGE][PASSED] - Text '' is set on object 'Object Repository/VLink/Page_CCSale/txt_UDF7'

2020-12-22 18:37:33 - [MESSAGE][PASSED] - Object 'Object Repository/VLink/Page_CCSale/txt_UDF8' is present

2020-12-22 18:37:33 - [MESSAGE][PASSED] - Text '' is set on object 'Object Repository/VLink/Page_CCSale/txt_UDF8'

2020-12-22 18:37:34 - [MESSAGE][PASSED] - Object 'Object Repository/VLink/Page_CCSale/txt_UDF9' is present

2020-12-22 18:37:34 - [MESSAGE][PASSED] - Text '' is set on object 'Object Repository/VLink/Page_CCSale/txt_UDF9'

2020-12-22 18:37:35 - [MESSAGE][PASSED] - Object 'Object Repository/VLink/Page_CCSale/txt_UDF10' is present

2020-12-22 18:37:35 - [MESSAGE][PASSED] - Text '' is set on object 'Object Repository/VLink/Page_CCSale/txt_UDF10'

2020-12-22 18:37:36 - [MESSAGE][PASSED] - Object 'Object Repository/VLink/Page_CCSale/txt_CardOnFileIndicator' is present

2020-12-22 18:37:36 - [MESSAGE][PASSED] - Text '' is set on object 'Object Repository/VLink/Page_CCSale/txt_CardOnFileIndicator'

2020-12-22 18:37:37 - [MESSAGE][PASSED] - Object 'Object Repository/VLink/Page_CCSale/txt_StoredCredentialIndicator' is present

2020-12-22 18:37:37 - [MESSAGE][PASSED] - Text '' is set on object 'Object Repository/VLink/Page_CCSale/txt_StoredCredentialIndicator'

2020-12-22 18:37:38 - [MESSAGE][PASSED] - Object 'Object Repository/VLink/Page_CCSale/txt_COFScheduledIndicator' is present

2020-12-22 18:37:38 - [MESSAGE][PASSED] - Text '' is set on object 'Object Repository/VLink/Page_CCSale/txt_COFScheduledIndicator'

2020-12-22 18:37:39 - [MESSAGE][PASSED] - Object 'Object Repository/VLink/Page_CCSale/txt_COFTransactionInitiatedBy' is present

2020-12-22 18:37:39 - [MESSAGE][PASSED] - Text '' is set on object 'Object Repository/VLink/Page_CCSale/txt_COFTransactionInitiatedBy'

2020-12-22 18:37:42 - [MESSAGE][PASSED] - Object: 'Object Repository/VLink/Page_CCSale/btn_ProcessVLinkTransaction' is clicked on

2020-12-22 18:37:47 - [MESSAGE][PASSED] - vlinkPages.saleCCPage.setDataSCC is PASSED

2020-12-22 18:37:47 - [TEST_STEP][PASSED] - if (verifyTextPresent("Transaction approved, no errors", true)): null

2020-12-22 18:37:47 - [MESSAGE][PASSED] - Text 'Transaction approved, no errors' is present on page  using regular expression

2020-12-22 18:37:47 - [TEST_STEP][PASSED] - println("Transaction Approved, no errors text is present on the Confirmation page"): null

2020-12-22 18:37:47 - [TEST_STEP][PASSED] - out.println("Pass Record Number: " + row): null

2020-12-22 18:37:47 - [TEST_STEP][PASSED] - sdfo = getText(findTestObject("Object Repository/Page_VLinkReceipt/pre_STX")): Text of object 'Object Repository/Page_VLinkReceipt/pre_STX' is: '<STX>2Itz5HsjSbMu                  12088013            0  Transaction approved, no errors                   0                                                                                  XXOK8840   <ETX>'

2020-12-22 18:37:48 - [MESSAGE][PASSED] - Text of object 'Object Repository/Page_VLinkReceipt/pre_STX' is: '<STX>2Itz5HsjSbMu                  12088013            0  Transaction approved, no errors                   0                                                                                  XXOK8840   <ETX>'

2020-12-22 18:37:48 - [TEST_STEP][PASSED] - out.println("sdfo: " + sdfo): null

2020-12-22 18:37:48 - [TEST_STEP][PASSED] - remID = substring(5, 35).trim(): null

2020-12-22 18:37:48 - [TEST_STEP][PASSED] - out.println("Remittance ID: " + remID): null

2020-12-22 18:37:48 - [TEST_STEP][PASSED] - traxID = substring(35, 55).trim(): null

2020-12-22 18:37:48 - [TEST_STEP][PASSED] - out.println("Transaction ID: " + traxID): null

2020-12-22 18:37:48 - [TEST_STEP][PASSED] - out.println("End Record Number: " + row): null

2020-12-22 18:37:48 - [TEST_STEP][PASSED] - closeBrowser(): Browser is closed

2020-12-22 18:37:48 - [MESSAGE][PASSED] - Browser is closed

2020-12-22 18:37:48 - [TEST_STEP][PASSED] - out.println("Begin Record Number: " + row): null

2020-12-22 18:37:48 - [TEST_STEP][PASSED] - openBrowser(VLinkURL + "authcap.html"): Browser is opened with url: 'https://dev-algorithm.govolution.com/vlinktest/QA/version_2_0/authcap.html'

2020-12-22 18:37:48 - [MESSAGE][INFO] - Starting 'Chrome' driver

2020-12-22 18:37:48 - [MESSAGE][INFO] - User set preference: ['acceptInsecureCerts', 'true']

2020-12-22 18:37:48 - [MESSAGE][INFO] - Action delay is set to 0 milliseconds

2020-12-22 18:37:53 - [MESSAGE][PASSED] - Browser is opened with url: 'https://dev-algorithm.govolution.com/vlinktest/QA/version_2_0/authcap.html'

2020-12-22 18:37:53 - [TEST_STEP][PASSED] - maximizeWindow(): Current window maximized

2020-12-22 18:37:53 - [MESSAGE][PASSED] - Current window maximized

2020-12-22 18:37:53 - [TEST_STEP][PASSED] - vlinkPages.saleCCPage.setDataSCC(row, dataFile): vlinkPages.saleCCPage.setDataSCC is PASSED

2020-12-22 18:37:54 - [MESSAGE][PASSED] - Object 'Object Repository/VLink/Page_CCSale/txt_CardNumber' is present

2020-12-22 18:37:55 - [MESSAGE][PASSED] - Object 'Object Repository/VLink/Page_CCSale/txt_TransactionType' is present

2020-12-22 18:37:55 - [MESSAGE][PASSED] - Text '104' is set on object 'Object Repository/VLink/Page_CCSale/txt_TransactionType'

2020-12-22 18:37:56 - [MESSAGE][PASSED] - Object 'Object Repository/VLink/Page_CCSale/txt_MessageVersion' is present

2020-12-22 18:37:56 - [MESSAGE][PASSED] - Text '2.0C' is set on object 'Object Repository/VLink/Page_CCSale/txt_MessageVersion'

2020-12-22 18:37:57 - [MESSAGE][PASSED] - Object 'Object Repository/VLink/Page_CCSale/txt_RemID' is present

2020-12-22 18:37:57 - [MESSAGE][PASSED] - Text 'd3GNbg7iWmkm' is set on object 'Object Repository/VLink/Page_CCSale/txt_RemID'

2020-12-22 18:37:57 - [MESSAGE][PASSED] - Object 'Object Repository/VLink/Page_CCSale/txt_ApplicationId' is present

2020-12-22 18:37:58 - [MESSAGE][PASSED] - Text '665' is set on object 'Object Repository/VLink/Page_CCSale/txt_ApplicationId'

2020-12-22 18:37:58 - [MESSAGE][PASSED] - Object 'Object Repository/VLink/Page_CCSale/txt_Username' is present

2020-12-22 18:37:59 - [MESSAGE][PASSED] - Text 'username' is set on object 'Object Repository/VLink/Page_CCSale/txt_Username'

2020-12-22 18:37:59 - [MESSAGE][PASSED] - Object 'Object Repository/VLink/Page_CCSale/txt_Password' is present

2020-12-22 18:38:00 - [MESSAGE][PASSED] - Text 'password' is set on object 'Object Repository/VLink/Page_CCSale/txt_Password'

2020-12-22 18:38:00 - [MESSAGE][PASSED] - Object 'Object Repository/VLink/Page_CCSale/txt_ResponseFormat' is present

2020-12-22 18:38:01 - [MESSAGE][PASSED] - Text 'fixed_width' is set on object 'Object Repository/VLink/Page_CCSale/txt_ResponseFormat'

2020-12-22 18:38:01 - [MESSAGE][PASSED] - Object 'Object Repository/VLink/Page_CCSale/txt_Category' is present

2020-12-22 18:38:02 - [MESSAGE][PASSED] - Text 'RETL' is set on object 'Object Repository/VLink/Page_CCSale/txt_Category'

2020-12-22 18:38:02 - [MESSAGE][PASSED] - Object 'Object Repository/VLink/Page_CCSale/txt_TransactionID' is present

2020-12-22 18:38:02 - [MESSAGE][PASSED] - Text '' is set on object 'Object Repository/VLink/Page_CCSale/txt_TransactionID'

2020-12-22 18:38:03 - [MESSAGE][PASSED] - Object 'Object Repository/VLink/Page_CCSale/txt_ApprovalCode' is present

2020-12-22 18:38:03 - [MESSAGE][PASSED] - Text '' is set on object 'Object Repository/VLink/Page_CCSale/txt_ApprovalCode'

2020-12-22 18:38:04 - [MESSAGE][PASSED] - Object 'Object Repository/VLink/Page_CCSale/txt_CardName' is present

2020-12-22 18:38:04 - [MESSAGE][PASSED] - Text 'Kris Roshan' is set on object 'Object Repository/VLink/Page_CCSale/txt_CardName'

2020-12-22 18:38:04 - [MESSAGE][PASSED] - Object 'Object Repository/VLink/Page_CCSale/txt_AL1' is present

2020-12-22 18:38:05 - [MESSAGE][PASSED] - Text '258 Elm Road' is set on object 'Object Repository/VLink/Page_CCSale/txt_AL1'

2020-12-22 18:38:05 - [MESSAGE][PASSED] - Object 'Object Repository/VLink/Page_CCSale/txt_AL2' is present

2020-12-22 18:38:06 - [MESSAGE][PASSED] - Text '' is set on object 'Object Repository/VLink/Page_CCSale/txt_AL2'

2020-12-22 18:38:06 - [MESSAGE][PASSED] - Object 'Object Repository/VLink/Page_CCSale/txt_CardCity' is present

2020-12-22 18:38:07 - [MESSAGE][PASSED] - Text '' is set on object 'Object Repository/VLink/Page_CCSale/txt_CardCity'

2020-12-22 18:38:07 - [MESSAGE][PASSED] - Object 'Object Repository/VLink/Page_CCSale/txt_CardState' is present

2020-12-22 18:38:08 - [MESSAGE][PASSED] - Text '' is set on object 'Object Repository/VLink/Page_CCSale/txt_CardState'

2020-12-22 18:38:08 - [MESSAGE][PASSED] - Object 'Object Repository/VLink/Page_CCSale/txt_CardZIP' is present

2020-12-22 18:38:09 - [MESSAGE][PASSED] - Text '22201' is set on object 'Object Repository/VLink/Page_CCSale/txt_CardZIP'

2020-12-22 18:38:09 - [MESSAGE][PASSED] - Object 'Object Repository/VLink/Page_CCSale/txt_CountryID' is present

2020-12-22 18:38:10 - [MESSAGE][PASSED] - Text '' is set on object 'Object Repository/VLink/Page_CCSale/txt_CountryID'

2020-12-22 18:38:10 - [MESSAGE][PASSED] - Object 'Object Repository/VLink/Page_CCSale/txt_Amount' is present

2020-12-22 18:38:11 - [MESSAGE][PASSED] - Text '1.50' is set on object 'Object Repository/VLink/Page_CCSale/txt_Amount'

2020-12-22 18:38:11 - [MESSAGE][PASSED] - Object 'Object Repository/VLink/Page_CCSale/txt_CardNumber' is present

2020-12-22 18:38:12 - [MESSAGE][PASSED] - Text '4111111111111111' is set on object 'Object Repository/VLink/Page_CCSale/txt_CardNumber'

2020-12-22 18:38:12 - [MESSAGE][PASSED] - Object 'Object Repository/VLink/Page_CCSale/txt_ExpMonth' is present

2020-12-22 18:38:13 - [MESSAGE][PASSED] - Text '12' is set on object 'Object Repository/VLink/Page_CCSale/txt_ExpMonth'

2020-12-22 18:38:14 - [MESSAGE][PASSED] - Object 'Object Repository/VLink/Page_CCSale/txt_ExpYear' is present

2020-12-22 18:38:14 - [MESSAGE][PASSED] - Text '2025' is set on object 'Object Repository/VLink/Page_CCSale/txt_ExpYear'

2020-12-22 18:38:15 - [MESSAGE][PASSED] - Object 'Object Repository/VLink/Page_CCSale/txt_CVV' is present

2020-12-22 18:38:15 - [MESSAGE][PASSED] - Text '' is set on object 'Object Repository/VLink/Page_CCSale/txt_CVV'

2020-12-22 18:38:16 - [MESSAGE][PASSED] - Object 'Object Repository/VLink/Page_CCSale/txt_CVVstate' is present

2020-12-22 18:38:16 - [MESSAGE][PASSED] - Text '' is set on object 'Object Repository/VLink/Page_CCSale/txt_CVVstate'

2020-12-22 18:38:17 - [MESSAGE][PASSED] - Object 'Object Repository/VLink/Page_CCSale/txt_TrackData' is present

2020-12-22 18:38:17 - [MESSAGE][PASSED] - Text '' is set on object 'Object Repository/VLink/Page_CCSale/txt_TrackData'

2020-12-22 18:38:18 - [MESSAGE][PASSED] - Object 'Object Repository/VLink/Page_CCSale/txt_Track1Data' is present

2020-12-22 18:38:18 - [MESSAGE][PASSED] - Text '' is set on object 'Object Repository/VLink/Page_CCSale/txt_Track1Data'

2020-12-22 18:38:19 - [MESSAGE][PASSED] - Object 'Object Repository/VLink/Page_CCSale/txt_Track2Data' is present

2020-12-22 18:38:19 - [MESSAGE][PASSED] - Text '' is set on object 'Object Repository/VLink/Page_CCSale/txt_Track2Data'

2020-12-22 18:38:19 - [MESSAGE][PASSED] - Object 'Object Repository/VLink/Page_CCSale/txt_POSEntryMode' is present

2020-12-22 18:38:20 - [MESSAGE][PASSED] - Text '' is set on object 'Object Repository/VLink/Page_CCSale/txt_POSEntryMode'

2020-12-22 18:38:21 - [MESSAGE][PASSED] - Object 'Object Repository/VLink/Page_CCSale/txt_Email' is present

2020-12-22 18:38:21 - [MESSAGE][PASSED] - Text '' is set on object 'Object Repository/VLink/Page_CCSale/txt_Email'

2020-12-22 18:38:21 - [MESSAGE][PASSED] - Object 'Object Repository/VLink/Page_CCSale/txt_OrderNumber' is present

2020-12-22 18:38:22 - [MESSAGE][PASSED] - Text '' is set on object 'Object Repository/VLink/Page_CCSale/txt_OrderNumber'

2020-12-22 18:38:23 - [MESSAGE][PASSED] - Object 'Object Repository/VLink/Page_CCSale/txt_TaxAmount' is present

2020-12-22 18:38:23 - [MESSAGE][PASSED] - Text '' is set on object 'Object Repository/VLink/Page_CCSale/txt_TaxAmount'

2020-12-22 18:38:24 - [MESSAGE][PASSED] - Object 'Object Repository/VLink/Page_CCSale/txt_ChargeDescription' is present

2020-12-22 18:38:24 - [MESSAGE][PASSED] - Text '' is set on object 'Object Repository/VLink/Page_CCSale/txt_ChargeDescription'

2020-12-22 18:38:24 - [MESSAGE][PASSED] - Object 'Object Repository/VLink/Page_CCSale/txt_CAN' is present

2020-12-22 18:38:25 - [MESSAGE][PASSED] - Text '' is set on object 'Object Repository/VLink/Page_CCSale/txt_CAN'

2020-12-22 18:38:26 - [MESSAGE][PASSED] - Object 'Object Repository/VLink/Page_CCSale/txt_BillPaymentIndicator' is present

2020-12-22 18:38:26 - [MESSAGE][PASSED] - Text '' is set on object 'Object Repository/VLink/Page_CCSale/txt_BillPaymentIndicator'

2020-12-22 18:38:27 - [MESSAGE][PASSED] - Object 'Object Repository/VLink/Page_CCSale/txt_UDF1' is present

2020-12-22 18:38:27 - [MESSAGE][PASSED] - Text '' is set on object 'Object Repository/VLink/Page_CCSale/txt_UDF1'

2020-12-22 18:38:28 - [MESSAGE][PASSED] - Object 'Object Repository/VLink/Page_CCSale/txt_UDF2' is present

2020-12-22 18:38:28 - [MESSAGE][PASSED] - Text '' is set on object 'Object Repository/VLink/Page_CCSale/txt_UDF2'

2020-12-22 18:38:29 - [MESSAGE][PASSED] - Object 'Object Repository/VLink/Page_CCSale/txt_UDF3' is present

2020-12-22 18:38:29 - [MESSAGE][PASSED] - Text '' is set on object 'Object Repository/VLink/Page_CCSale/txt_UDF3'

2020-12-22 18:38:30 - [MESSAGE][PASSED] - Object 'Object Repository/VLink/Page_CCSale/txt_UDF4' is present

2020-12-22 18:38:30 - [MESSAGE][PASSED] - Text '' is set on object 'Object Repository/VLink/Page_CCSale/txt_UDF4'

2020-12-22 18:38:31 - [MESSAGE][PASSED] - Object 'Object Repository/VLink/Page_CCSale/txt_UDF5' is present

2020-12-22 18:38:31 - [MESSAGE][PASSED] - Text '' is set on object 'Object Repository/VLink/Page_CCSale/txt_UDF5'

2020-12-22 18:38:32 - [MESSAGE][PASSED] - Object 'Object Repository/VLink/Page_CCSale/txt_UDF6' is present

2020-12-22 18:38:32 - [MESSAGE][PASSED] - Text '' is set on object 'Object Repository/VLink/Page_CCSale/txt_UDF6'

2020-12-22 18:38:33 - [MESSAGE][PASSED] - Object 'Object Repository/VLink/Page_CCSale/txt_UDF7' is present

2020-12-22 18:38:33 - [MESSAGE][PASSED] - Text '' is set on object 'Object Repository/VLink/Page_CCSale/txt_UDF7'

2020-12-22 18:38:34 - [MESSAGE][PASSED] - Object 'Object Repository/VLink/Page_CCSale/txt_UDF8' is present

2020-12-22 18:38:34 - [MESSAGE][PASSED] - Text '' is set on object 'Object Repository/VLink/Page_CCSale/txt_UDF8'

2020-12-22 18:38:34 - [MESSAGE][PASSED] - Object 'Object Repository/VLink/Page_CCSale/txt_UDF9' is present

2020-12-22 18:38:35 - [MESSAGE][PASSED] - Text '' is set on object 'Object Repository/VLink/Page_CCSale/txt_UDF9'

2020-12-22 18:38:35 - [MESSAGE][PASSED] - Object 'Object Repository/VLink/Page_CCSale/txt_UDF10' is present

2020-12-22 18:38:36 - [MESSAGE][PASSED] - Text '' is set on object 'Object Repository/VLink/Page_CCSale/txt_UDF10'

2020-12-22 18:38:36 - [MESSAGE][PASSED] - Object 'Object Repository/VLink/Page_CCSale/txt_CardOnFileIndicator' is present

2020-12-22 18:38:37 - [MESSAGE][PASSED] - Text '' is set on object 'Object Repository/VLink/Page_CCSale/txt_CardOnFileIndicator'

2020-12-22 18:38:37 - [MESSAGE][PASSED] - Object 'Object Repository/VLink/Page_CCSale/txt_StoredCredentialIndicator' is present

2020-12-22 18:38:38 - [MESSAGE][PASSED] - Text '' is set on object 'Object Repository/VLink/Page_CCSale/txt_StoredCredentialIndicator'

2020-12-22 18:38:39 - [MESSAGE][PASSED] - Object 'Object Repository/VLink/Page_CCSale/txt_COFScheduledIndicator' is present

2020-12-22 18:38:39 - [MESSAGE][PASSED] - Text '' is set on object 'Object Repository/VLink/Page_CCSale/txt_COFScheduledIndicator'

2020-12-22 18:38:40 - [MESSAGE][PASSED] - Object 'Object Repository/VLink/Page_CCSale/txt_COFTransactionInitiatedBy' is present

2020-12-22 18:38:40 - [MESSAGE][PASSED] - Text '' is set on object 'Object Repository/VLink/Page_CCSale/txt_COFTransactionInitiatedBy'

2020-12-22 18:38:43 - [MESSAGE][PASSED] - Object: 'Object Repository/VLink/Page_CCSale/btn_ProcessVLinkTransaction' is clicked on

2020-12-22 18:38:48 - [MESSAGE][PASSED] - vlinkPages.saleCCPage.setDataSCC is PASSED

2020-12-22 18:38:48 - [TEST_STEP][PASSED] - if (verifyTextPresent("Transaction approved, no errors", true)): null

2020-12-22 18:38:48 - [MESSAGE][PASSED] - Text 'Transaction approved, no errors' is present on page  using regular expression

2020-12-22 18:38:48 - [TEST_STEP][PASSED] - println("Transaction Approved, no errors text is present on the Confirmation page"): null

2020-12-22 18:38:48 - [TEST_STEP][PASSED] - out.println("Pass Record Number: " + row): null

2020-12-22 18:38:48 - [TEST_STEP][PASSED] - sdfo = getText(findTestObject("Object Repository/Page_VLinkReceipt/pre_STX")): Text of object 'Object Repository/Page_VLinkReceipt/pre_STX' is: '<STX>d3GNbg7iWmkm                  12088014            0  Transaction approved, no errors                   0                                                                                  X OK8950   <ETX>'

2020-12-22 18:38:48 - [MESSAGE][PASSED] - Text of object 'Object Repository/Page_VLinkReceipt/pre_STX' is: '<STX>d3GNbg7iWmkm                  12088014            0  Transaction approved, no errors                   0                                                                                  X OK8950   <ETX>'

2020-12-22 18:38:48 - [TEST_STEP][PASSED] - out.println("sdfo: " + sdfo): null

2020-12-22 18:38:48 - [TEST_STEP][PASSED] - remID = substring(5, 35).trim(): null

2020-12-22 18:38:48 - [TEST_STEP][PASSED] - out.println("Remittance ID: " + remID): null

2020-12-22 18:38:48 - [TEST_STEP][PASSED] - traxID = substring(35, 55).trim(): null

2020-12-22 18:38:48 - [TEST_STEP][PASSED] - out.println("Transaction ID: " + traxID): null

2020-12-22 18:38:48 - [TEST_STEP][PASSED] - out.println("End Record Number: " + row): null

2020-12-22 18:38:48 - [TEST_STEP][PASSED] - closeBrowser(): Browser is closed

2020-12-22 18:38:49 - [MESSAGE][PASSED] - Browser is closed

2020-12-22 18:38:49 - [TEST_STEP][PASSED] - out.println("Begin Record Number: " + row): null

2020-12-22 18:38:49 - [TEST_STEP][PASSED] - openBrowser(VLinkURL + "authcap.html"): Browser is opened with url: 'https://dev-algorithm.govolution.com/vlinktest/QA/version_2_0/authcap.html'

2020-12-22 18:38:49 - [MESSAGE][INFO] - Starting 'Chrome' driver

2020-12-22 18:38:49 - [MESSAGE][INFO] - User set preference: ['acceptInsecureCerts', 'true']

2020-12-22 18:38:49 - [MESSAGE][INFO] - Action delay is set to 0 milliseconds

2020-12-22 18:38:53 - [MESSAGE][PASSED] - Browser is opened with url: 'https://dev-algorithm.govolution.com/vlinktest/QA/version_2_0/authcap.html'

2020-12-22 18:38:53 - [TEST_STEP][PASSED] - maximizeWindow(): Current window maximized

2020-12-22 18:38:54 - [MESSAGE][PASSED] - Current window maximized

2020-12-22 18:38:54 - [TEST_STEP][PASSED] - vlinkPages.saleCCPage.setDataSCC(row, dataFile): vlinkPages.saleCCPage.setDataSCC is PASSED

2020-12-22 18:38:55 - [MESSAGE][PASSED] - Object 'Object Repository/VLink/Page_CCSale/txt_CardNumber' is present

2020-12-22 18:38:55 - [MESSAGE][PASSED] - Object 'Object Repository/VLink/Page_CCSale/txt_TransactionType' is present

2020-12-22 18:38:56 - [MESSAGE][PASSED] - Text '104' is set on object 'Object Repository/VLink/Page_CCSale/txt_TransactionType'

2020-12-22 18:38:56 - [MESSAGE][PASSED] - Object 'Object Repository/VLink/Page_CCSale/txt_MessageVersion' is present

2020-12-22 18:38:57 - [MESSAGE][PASSED] - Text '2.0C' is set on object 'Object Repository/VLink/Page_CCSale/txt_MessageVersion'

2020-12-22 18:38:57 - [MESSAGE][PASSED] - Object 'Object Repository/VLink/Page_CCSale/txt_RemID' is present

2020-12-22 18:38:58 - [MESSAGE][PASSED] - Text 'OxGNHJOYGjRy' is set on object 'Object Repository/VLink/Page_CCSale/txt_RemID'

2020-12-22 18:38:58 - [MESSAGE][PASSED] - Object 'Object Repository/VLink/Page_CCSale/txt_ApplicationId' is present

2020-12-22 18:38:59 - [MESSAGE][PASSED] - Text '667' is set on object 'Object Repository/VLink/Page_CCSale/txt_ApplicationId'

2020-12-22 18:38:59 - [MESSAGE][PASSED] - Object 'Object Repository/VLink/Page_CCSale/txt_Username' is present

2020-12-22 18:38:59 - [MESSAGE][PASSED] - Text 'username' is set on object 'Object Repository/VLink/Page_CCSale/txt_Username'

2020-12-22 18:39:00 - [MESSAGE][PASSED] - Object 'Object Repository/VLink/Page_CCSale/txt_Password' is present

2020-12-22 18:39:00 - [MESSAGE][PASSED] - Text 'password' is set on object 'Object Repository/VLink/Page_CCSale/txt_Password'

2020-12-22 18:39:01 - [MESSAGE][PASSED] - Object 'Object Repository/VLink/Page_CCSale/txt_ResponseFormat' is present

2020-12-22 18:39:01 - [MESSAGE][PASSED] - Text 'fixed_width' is set on object 'Object Repository/VLink/Page_CCSale/txt_ResponseFormat'

2020-12-22 18:39:02 - [MESSAGE][PASSED] - Object 'Object Repository/VLink/Page_CCSale/txt_Category' is present

2020-12-22 18:39:02 - [MESSAGE][PASSED] - Text 'ECOM' is set on object 'Object Repository/VLink/Page_CCSale/txt_Category'

2020-12-22 18:39:03 - [MESSAGE][PASSED] - Object 'Object Repository/VLink/Page_CCSale/txt_TransactionID' is present

2020-12-22 18:39:03 - [MESSAGE][PASSED] - Text '' is set on object 'Object Repository/VLink/Page_CCSale/txt_TransactionID'

2020-12-22 18:39:04 - [MESSAGE][PASSED] - Object 'Object Repository/VLink/Page_CCSale/txt_ApprovalCode' is present

2020-12-22 18:39:04 - [MESSAGE][PASSED] - Text '' is set on object 'Object Repository/VLink/Page_CCSale/txt_ApprovalCode'

2020-12-22 18:39:04 - [MESSAGE][PASSED] - Object 'Object Repository/VLink/Page_CCSale/txt_CardName' is present

2020-12-22 18:39:05 - [MESSAGE][PASSED] - Text 'Kris Roshan' is set on object 'Object Repository/VLink/Page_CCSale/txt_CardName'

2020-12-22 18:39:05 - [MESSAGE][PASSED] - Object 'Object Repository/VLink/Page_CCSale/txt_AL1' is present

2020-12-22 18:39:06 - [MESSAGE][PASSED] - Text '258 Elm Road' is set on object 'Object Repository/VLink/Page_CCSale/txt_AL1'

2020-12-22 18:39:07 - [MESSAGE][PASSED] - Object 'Object Repository/VLink/Page_CCSale/txt_AL2' is present

2020-12-22 18:39:07 - [MESSAGE][PASSED] - Text '' is set on object 'Object Repository/VLink/Page_CCSale/txt_AL2'

2020-12-22 18:39:08 - [MESSAGE][PASSED] - Object 'Object Repository/VLink/Page_CCSale/txt_CardCity' is present

2020-12-22 18:39:08 - [MESSAGE][PASSED] - Text '' is set on object 'Object Repository/VLink/Page_CCSale/txt_CardCity'

2020-12-22 18:39:08 - [MESSAGE][PASSED] - Object 'Object Repository/VLink/Page_CCSale/txt_CardState' is present

2020-12-22 18:39:09 - [MESSAGE][PASSED] - Text '' is set on object 'Object Repository/VLink/Page_CCSale/txt_CardState'

2020-12-22 18:39:09 - [MESSAGE][PASSED] - Object 'Object Repository/VLink/Page_CCSale/txt_CardZIP' is present

2020-12-22 18:39:10 - [MESSAGE][PASSED] - Text '22201' is set on object 'Object Repository/VLink/Page_CCSale/txt_CardZIP'

2020-12-22 18:39:10 - [MESSAGE][PASSED] - Object 'Object Repository/VLink/Page_CCSale/txt_CountryID' is present

2020-12-22 18:39:11 - [MESSAGE][PASSED] - Text '' is set on object 'Object Repository/VLink/Page_CCSale/txt_CountryID'

2020-12-22 18:39:12 - [MESSAGE][PASSED] - Object 'Object Repository/VLink/Page_CCSale/txt_Amount' is present

2020-12-22 18:39:12 - [MESSAGE][PASSED] - Text '1.50' is set on object 'Object Repository/VLink/Page_CCSale/txt_Amount'

2020-12-22 18:39:13 - [MESSAGE][PASSED] - Object 'Object Repository/VLink/Page_CCSale/txt_CardNumber' is present

2020-12-22 18:39:13 - [MESSAGE][PASSED] - Text '4111111111111111' is set on object 'Object Repository/VLink/Page_CCSale/txt_CardNumber'

2020-12-22 18:39:13 - [MESSAGE][PASSED] - Object 'Object Repository/VLink/Page_CCSale/txt_ExpMonth' is present

2020-12-22 18:39:14 - [MESSAGE][PASSED] - Text '12' is set on object 'Object Repository/VLink/Page_CCSale/txt_ExpMonth'

2020-12-22 18:39:14 - [MESSAGE][PASSED] - Object 'Object Repository/VLink/Page_CCSale/txt_ExpYear' is present

2020-12-22 18:39:15 - [MESSAGE][PASSED] - Text '2025' is set on object 'Object Repository/VLink/Page_CCSale/txt_ExpYear'

2020-12-22 18:39:15 - [MESSAGE][PASSED] - Object 'Object Repository/VLink/Page_CCSale/txt_CVV' is present

2020-12-22 18:39:16 - [MESSAGE][PASSED] - Text '' is set on object 'Object Repository/VLink/Page_CCSale/txt_CVV'

2020-12-22 18:39:17 - [MESSAGE][PASSED] - Object 'Object Repository/VLink/Page_CCSale/txt_CVVstate' is present

2020-12-22 18:39:17 - [MESSAGE][PASSED] - Text '' is set on object 'Object Repository/VLink/Page_CCSale/txt_CVVstate'

2020-12-22 18:39:17 - [MESSAGE][PASSED] - Object 'Object Repository/VLink/Page_CCSale/txt_TrackData' is present

2020-12-22 18:39:18 - [MESSAGE][PASSED] - Text '' is set on object 'Object Repository/VLink/Page_CCSale/txt_TrackData'

2020-12-22 18:39:18 - [MESSAGE][PASSED] - Object 'Object Repository/VLink/Page_CCSale/txt_Track1Data' is present

2020-12-22 18:39:19 - [MESSAGE][PASSED] - Text '' is set on object 'Object Repository/VLink/Page_CCSale/txt_Track1Data'

2020-12-22 18:39:19 - [MESSAGE][PASSED] - Object 'Object Repository/VLink/Page_CCSale/txt_Track2Data' is present

2020-12-22 18:39:20 - [MESSAGE][PASSED] - Text '' is set on object 'Object Repository/VLink/Page_CCSale/txt_Track2Data'

2020-12-22 18:39:20 - [MESSAGE][PASSED] - Object 'Object Repository/VLink/Page_CCSale/txt_POSEntryMode' is present

2020-12-22 18:39:21 - [MESSAGE][PASSED] - Text '' is set on object 'Object Repository/VLink/Page_CCSale/txt_POSEntryMode'

2020-12-22 18:39:21 - [MESSAGE][PASSED] - Object 'Object Repository/VLink/Page_CCSale/txt_Email' is present

2020-12-22 18:39:22 - [MESSAGE][PASSED] - Text '' is set on object 'Object Repository/VLink/Page_CCSale/txt_Email'

2020-12-22 18:39:22 - [MESSAGE][PASSED] - Object 'Object Repository/VLink/Page_CCSale/txt_OrderNumber' is present

2020-12-22 18:39:23 - [MESSAGE][PASSED] - Text '' is set on object 'Object Repository/VLink/Page_CCSale/txt_OrderNumber'

2020-12-22 18:39:23 - [MESSAGE][PASSED] - Object 'Object Repository/VLink/Page_CCSale/txt_TaxAmount' is present

2020-12-22 18:39:24 - [MESSAGE][PASSED] - Text '' is set on object 'Object Repository/VLink/Page_CCSale/txt_TaxAmount'

2020-12-22 18:39:24 - [MESSAGE][PASSED] - Object 'Object Repository/VLink/Page_CCSale/txt_ChargeDescription' is present

2020-12-22 18:39:25 - [MESSAGE][PASSED] - Text '' is set on object 'Object Repository/VLink/Page_CCSale/txt_ChargeDescription'

2020-12-22 18:39:25 - [MESSAGE][PASSED] - Object 'Object Repository/VLink/Page_CCSale/txt_CAN' is present

2020-12-22 18:39:26 - [MESSAGE][PASSED] - Text '' is set on object 'Object Repository/VLink/Page_CCSale/txt_CAN'

2020-12-22 18:39:26 - [MESSAGE][PASSED] - Object 'Object Repository/VLink/Page_CCSale/txt_BillPaymentIndicator' is present

2020-12-22 18:39:27 - [MESSAGE][PASSED] - Text '' is set on object 'Object Repository/VLink/Page_CCSale/txt_BillPaymentIndicator'

2020-12-22 18:39:27 - [MESSAGE][PASSED] - Object 'Object Repository/VLink/Page_CCSale/txt_UDF1' is present

2020-12-22 18:39:28 - [MESSAGE][PASSED] - Text '' is set on object 'Object Repository/VLink/Page_CCSale/txt_UDF1'

2020-12-22 18:39:28 - [MESSAGE][PASSED] - Object 'Object Repository/VLink/Page_CCSale/txt_UDF2' is present

2020-12-22 18:39:29 - [MESSAGE][PASSED] - Text '' is set on object 'Object Repository/VLink/Page_CCSale/txt_UDF2'

2020-12-22 18:39:29 - [MESSAGE][PASSED] - Object 'Object Repository/VLink/Page_CCSale/txt_UDF3' is present

2020-12-22 18:39:30 - [MESSAGE][PASSED] - Text '' is set on object 'Object Repository/VLink/Page_CCSale/txt_UDF3'

2020-12-22 18:39:30 - [MESSAGE][PASSED] - Object 'Object Repository/VLink/Page_CCSale/txt_UDF4' is present

2020-12-22 18:39:31 - [MESSAGE][PASSED] - Text '' is set on object 'Object Repository/VLink/Page_CCSale/txt_UDF4'

2020-12-22 18:39:31 - [MESSAGE][PASSED] - Object 'Object Repository/VLink/Page_CCSale/txt_UDF5' is present

2020-12-22 18:39:32 - [MESSAGE][PASSED] - Text '' is set on object 'Object Repository/VLink/Page_CCSale/txt_UDF5'

2020-12-22 18:39:32 - [MESSAGE][PASSED] - Object 'Object Repository/VLink/Page_CCSale/txt_UDF6' is present

2020-12-22 18:39:33 - [MESSAGE][PASSED] - Text '' is set on object 'Object Repository/VLink/Page_CCSale/txt_UDF6'

2020-12-22 18:39:33 - [MESSAGE][PASSED] - Object 'Object Repository/VLink/Page_CCSale/txt_UDF7' is present

2020-12-22 18:39:34 - [MESSAGE][PASSED] - Text '' is set on object 'Object Repository/VLink/Page_CCSale/txt_UDF7'

2020-12-22 18:39:34 - [MESSAGE][PASSED] - Object 'Object Repository/VLink/Page_CCSale/txt_UDF8' is present

2020-12-22 18:39:35 - [MESSAGE][PASSED] - Text '' is set on object 'Object Repository/VLink/Page_CCSale/txt_UDF8'

2020-12-22 18:39:35 - [MESSAGE][PASSED] - Object 'Object Repository/VLink/Page_CCSale/txt_UDF9' is present

2020-12-22 18:39:36 - [MESSAGE][PASSED] - Text '' is set on object 'Object Repository/VLink/Page_CCSale/txt_UDF9'

2020-12-22 18:39:36 - [MESSAGE][PASSED] - Object 'Object Repository/VLink/Page_CCSale/txt_UDF10' is present

2020-12-22 18:39:37 - [MESSAGE][PASSED] - Text '' is set on object 'Object Repository/VLink/Page_CCSale/txt_UDF10'

2020-12-22 18:39:37 - [MESSAGE][PASSED] - Object 'Object Repository/VLink/Page_CCSale/txt_CardOnFileIndicator' is present

2020-12-22 18:39:38 - [MESSAGE][PASSED] - Text '' is set on object 'Object Repository/VLink/Page_CCSale/txt_CardOnFileIndicator'

2020-12-22 18:39:38 - [MESSAGE][PASSED] - Object 'Object Repository/VLink/Page_CCSale/txt_StoredCredentialIndicator' is present

2020-12-22 18:39:39 - [MESSAGE][PASSED] - Text '' is set on object 'Object Repository/VLink/Page_CCSale/txt_StoredCredentialIndicator'

2020-12-22 18:39:39 - [MESSAGE][PASSED] - Object 'Object Repository/VLink/Page_CCSale/txt_COFScheduledIndicator' is present

2020-12-22 18:39:40 - [MESSAGE][PASSED] - Text '' is set on object 'Object Repository/VLink/Page_CCSale/txt_COFScheduledIndicator'

2020-12-22 18:39:40 - [MESSAGE][PASSED] - Object 'Object Repository/VLink/Page_CCSale/txt_COFTransactionInitiatedBy' is present

2020-12-22 18:39:41 - [MESSAGE][PASSED] - Text '' is set on object 'Object Repository/VLink/Page_CCSale/txt_COFTransactionInitiatedBy'

2020-12-22 18:39:45 - [MESSAGE][PASSED] - Object: 'Object Repository/VLink/Page_CCSale/btn_ProcessVLinkTransaction' is clicked on

2020-12-22 18:39:50 - [MESSAGE][PASSED] - vlinkPages.saleCCPage.setDataSCC is PASSED

2020-12-22 18:39:50 - [TEST_STEP][PASSED] - if (verifyTextPresent("Transaction approved, no errors", true)): null

2020-12-22 18:39:51 - [MESSAGE][PASSED] - Text 'Transaction approved, no errors' is present on page  using regular expression

2020-12-22 18:39:51 - [TEST_STEP][PASSED] - println("Transaction Approved, no errors text is present on the Confirmation page"): null

2020-12-22 18:39:51 - [TEST_STEP][PASSED] - out.println("Pass Record Number: " + row): null

2020-12-22 18:39:51 - [TEST_STEP][PASSED] - sdfo = getText(findTestObject("Object Repository/Page_VLinkReceipt/pre_STX")): Text of object 'Object Repository/Page_VLinkReceipt/pre_STX' is: '<STX>OxGNHJOYGjRy                  12088015            0  Transaction approved, no errors                   0                                                                                  Y OK3797   <ETX>'

2020-12-22 18:39:51 - [MESSAGE][PASSED] - Text of object 'Object Repository/Page_VLinkReceipt/pre_STX' is: '<STX>OxGNHJOYGjRy                  12088015            0  Transaction approved, no errors                   0                                                                                  Y OK3797   <ETX>'

2020-12-22 18:39:51 - [TEST_STEP][PASSED] - out.println("sdfo: " + sdfo): null

2020-12-22 18:39:51 - [TEST_STEP][PASSED] - remID = substring(5, 35).trim(): null

2020-12-22 18:39:51 - [TEST_STEP][PASSED] - out.println("Remittance ID: " + remID): null

2020-12-22 18:39:51 - [TEST_STEP][PASSED] - traxID = substring(35, 55).trim(): null

2020-12-22 18:39:51 - [TEST_STEP][PASSED] - out.println("Transaction ID: " + traxID): null

2020-12-22 18:39:51 - [TEST_STEP][PASSED] - out.println("End Record Number: " + row): null

2020-12-22 18:39:51 - [TEST_STEP][PASSED] - closeBrowser(): Browser is closed

2020-12-22 18:39:52 - [MESSAGE][PASSED] - Browser is closed

2020-12-22 18:39:52 - [TEST_STEP][PASSED] - out.println("Begin Record Number: " + row): null

2020-12-22 18:39:52 - [TEST_STEP][PASSED] - openBrowser(VLinkURL + "authcap.html"): Browser is opened with url: 'https://dev-algorithm.govolution.com/vlinktest/QA/version_2_0/authcap.html'

2020-12-22 18:39:52 - [MESSAGE][INFO] - Starting 'Chrome' driver

2020-12-22 18:39:52 - [MESSAGE][INFO] - User set preference: ['acceptInsecureCerts', 'true']

2020-12-22 18:39:52 - [MESSAGE][INFO] - Action delay is set to 0 milliseconds

2020-12-22 18:39:56 - [MESSAGE][PASSED] - Browser is opened with url: 'https://dev-algorithm.govolution.com/vlinktest/QA/version_2_0/authcap.html'

2020-12-22 18:39:56 - [TEST_STEP][PASSED] - maximizeWindow(): Current window maximized

2020-12-22 18:39:56 - [MESSAGE][PASSED] - Current window maximized

2020-12-22 18:39:56 - [TEST_STEP][PASSED] - vlinkPages.saleCCPage.setDataSCC(row, dataFile): vlinkPages.saleCCPage.setDataSCC is PASSED

2020-12-22 18:39:57 - [MESSAGE][PASSED] - Object 'Object Repository/VLink/Page_CCSale/txt_CardNumber' is present

2020-12-22 18:39:58 - [MESSAGE][PASSED] - Object 'Object Repository/VLink/Page_CCSale/txt_TransactionType' is present

2020-12-22 18:39:58 - [MESSAGE][PASSED] - Text '104' is set on object 'Object Repository/VLink/Page_CCSale/txt_TransactionType'

2020-12-22 18:39:59 - [MESSAGE][PASSED] - Object 'Object Repository/VLink/Page_CCSale/txt_MessageVersion' is present

2020-12-22 18:39:59 - [MESSAGE][PASSED] - Text '2.0C' is set on object 'Object Repository/VLink/Page_CCSale/txt_MessageVersion'

2020-12-22 18:39:59 - [MESSAGE][PASSED] - Object 'Object Repository/VLink/Page_CCSale/txt_RemID' is present

2020-12-22 18:40:00 - [MESSAGE][PASSED] - Text 'wkr6vdWZ6gFW' is set on object 'Object Repository/VLink/Page_CCSale/txt_RemID'

2020-12-22 18:40:00 - [MESSAGE][PASSED] - Object 'Object Repository/VLink/Page_CCSale/txt_ApplicationId' is present

2020-12-22 18:40:01 - [MESSAGE][PASSED] - Text '670' is set on object 'Object Repository/VLink/Page_CCSale/txt_ApplicationId'

2020-12-22 18:40:01 - [MESSAGE][PASSED] - Object 'Object Repository/VLink/Page_CCSale/txt_Username' is present

2020-12-22 18:40:02 - [MESSAGE][PASSED] - Text 'username' is set on object 'Object Repository/VLink/Page_CCSale/txt_Username'

2020-12-22 18:40:02 - [MESSAGE][PASSED] - Object 'Object Repository/VLink/Page_CCSale/txt_Password' is present

2020-12-22 18:40:03 - [MESSAGE][PASSED] - Text 'password' is set on object 'Object Repository/VLink/Page_CCSale/txt_Password'

2020-12-22 18:40:03 - [MESSAGE][PASSED] - Object 'Object Repository/VLink/Page_CCSale/txt_ResponseFormat' is present

2020-12-22 18:40:04 - [MESSAGE][PASSED] - Text 'fixed_width' is set on object 'Object Repository/VLink/Page_CCSale/txt_ResponseFormat'

2020-12-22 18:40:04 - [MESSAGE][PASSED] - Object 'Object Repository/VLink/Page_CCSale/txt_Category' is present

2020-12-22 18:40:04 - [MESSAGE][PASSED] - Text 'MOTO' is set on object 'Object Repository/VLink/Page_CCSale/txt_Category'

2020-12-22 18:40:05 - [MESSAGE][PASSED] - Object 'Object Repository/VLink/Page_CCSale/txt_TransactionID' is present

2020-12-22 18:40:05 - [MESSAGE][PASSED] - Text '' is set on object 'Object Repository/VLink/Page_CCSale/txt_TransactionID'

2020-12-22 18:40:06 - [MESSAGE][PASSED] - Object 'Object Repository/VLink/Page_CCSale/txt_ApprovalCode' is present

2020-12-22 18:40:06 - [MESSAGE][PASSED] - Text '' is set on object 'Object Repository/VLink/Page_CCSale/txt_ApprovalCode'

2020-12-22 18:40:06 - [MESSAGE][PASSED] - Object 'Object Repository/VLink/Page_CCSale/txt_CardName' is present

2020-12-22 18:40:07 - [MESSAGE][PASSED] - Text 'Arvind Silva' is set on object 'Object Repository/VLink/Page_CCSale/txt_CardName'

2020-12-22 18:40:07 - [MESSAGE][PASSED] - Object 'Object Repository/VLink/Page_CCSale/txt_AL1' is present

2020-12-22 18:40:08 - [MESSAGE][PASSED] - Text '111 Main Ave' is set on object 'Object Repository/VLink/Page_CCSale/txt_AL1'

2020-12-22 18:40:08 - [MESSAGE][PASSED] - Object 'Object Repository/VLink/Page_CCSale/txt_AL2' is present

2020-12-22 18:40:09 - [MESSAGE][PASSED] - Text '' is set on object 'Object Repository/VLink/Page_CCSale/txt_AL2'

2020-12-22 18:40:10 - [MESSAGE][PASSED] - Object 'Object Repository/VLink/Page_CCSale/txt_CardCity' is present

2020-12-22 18:40:10 - [MESSAGE][PASSED] - Text '' is set on object 'Object Repository/VLink/Page_CCSale/txt_CardCity'

2020-12-22 18:40:10 - [MESSAGE][PASSED] - Object 'Object Repository/VLink/Page_CCSale/txt_CardState' is present

2020-12-22 18:40:11 - [MESSAGE][PASSED] - Text '' is set on object 'Object Repository/VLink/Page_CCSale/txt_CardState'

2020-12-22 18:40:11 - [MESSAGE][PASSED] - Object 'Object Repository/VLink/Page_CCSale/txt_CardZIP' is present

2020-12-22 18:40:12 - [MESSAGE][PASSED] - Text '22201' is set on object 'Object Repository/VLink/Page_CCSale/txt_CardZIP'

2020-12-22 18:40:12 - [MESSAGE][PASSED] - Object 'Object Repository/VLink/Page_CCSale/txt_CountryID' is present

2020-12-22 18:40:13 - [MESSAGE][PASSED] - Text '' is set on object 'Object Repository/VLink/Page_CCSale/txt_CountryID'

2020-12-22 18:40:13 - [MESSAGE][PASSED] - Object 'Object Repository/VLink/Page_CCSale/txt_Amount' is present

2020-12-22 18:40:14 - [MESSAGE][PASSED] - Text '2.50' is set on object 'Object Repository/VLink/Page_CCSale/txt_Amount'

2020-12-22 18:40:14 - [MESSAGE][PASSED] - Object 'Object Repository/VLink/Page_CCSale/txt_CardNumber' is present

2020-12-22 18:40:15 - [MESSAGE][PASSED] - Text '4111111111111111' is set on object 'Object Repository/VLink/Page_CCSale/txt_CardNumber'

2020-12-22 18:40:15 - [MESSAGE][PASSED] - Object 'Object Repository/VLink/Page_CCSale/txt_ExpMonth' is present

2020-12-22 18:40:16 - [MESSAGE][PASSED] - Text '01' is set on object 'Object Repository/VLink/Page_CCSale/txt_ExpMonth'

2020-12-22 18:40:16 - [MESSAGE][PASSED] - Object 'Object Repository/VLink/Page_CCSale/txt_ExpYear' is present

2020-12-22 18:40:17 - [MESSAGE][PASSED] - Text '2026' is set on object 'Object Repository/VLink/Page_CCSale/txt_ExpYear'

2020-12-22 18:40:17 - [MESSAGE][PASSED] - Object 'Object Repository/VLink/Page_CCSale/txt_CVV' is present

2020-12-22 18:40:18 - [MESSAGE][PASSED] - Text '' is set on object 'Object Repository/VLink/Page_CCSale/txt_CVV'

2020-12-22 18:40:18 - [MESSAGE][PASSED] - Object 'Object Repository/VLink/Page_CCSale/txt_CVVstate' is present

2020-12-22 18:40:19 - [MESSAGE][PASSED] - Text '' is set on object 'Object Repository/VLink/Page_CCSale/txt_CVVstate'

2020-12-22 18:40:19 - [MESSAGE][PASSED] - Object 'Object Repository/VLink/Page_CCSale/txt_TrackData' is present

2020-12-22 18:40:20 - [MESSAGE][PASSED] - Text '' is set on object 'Object Repository/VLink/Page_CCSale/txt_TrackData'

2020-12-22 18:40:20 - [MESSAGE][PASSED] - Object 'Object Repository/VLink/Page_CCSale/txt_Track1Data' is present

2020-12-22 18:40:21 - [MESSAGE][PASSED] - Text '' is set on object 'Object Repository/VLink/Page_CCSale/txt_Track1Data'

2020-12-22 18:40:21 - [MESSAGE][PASSED] - Object 'Object Repository/VLink/Page_CCSale/txt_Track2Data' is present

2020-12-22 18:40:22 - [MESSAGE][PASSED] - Text '' is set on object 'Object Repository/VLink/Page_CCSale/txt_Track2Data'

2020-12-22 18:40:22 - [MESSAGE][PASSED] - Object 'Object Repository/VLink/Page_CCSale/txt_POSEntryMode' is present

2020-12-22 18:40:23 - [MESSAGE][PASSED] - Text '' is set on object 'Object Repository/VLink/Page_CCSale/txt_POSEntryMode'

2020-12-22 18:40:23 - [MESSAGE][PASSED] - Object 'Object Repository/VLink/Page_CCSale/txt_Email' is present

2020-12-22 18:40:24 - [MESSAGE][PASSED] - Text '' is set on object 'Object Repository/VLink/Page_CCSale/txt_Email'

2020-12-22 18:40:24 - [MESSAGE][PASSED] - Object 'Object Repository/VLink/Page_CCSale/txt_OrderNumber' is present

2020-12-22 18:40:25 - [MESSAGE][PASSED] - Text '' is set on object 'Object Repository/VLink/Page_CCSale/txt_OrderNumber'

2020-12-22 18:40:25 - [MESSAGE][PASSED] - Object 'Object Repository/VLink/Page_CCSale/txt_TaxAmount' is present

2020-12-22 18:40:26 - [MESSAGE][PASSED] - Text '' is set on object 'Object Repository/VLink/Page_CCSale/txt_TaxAmount'

2020-12-22 18:40:26 - [MESSAGE][PASSED] - Object 'Object Repository/VLink/Page_CCSale/txt_ChargeDescription' is present

2020-12-22 18:40:27 - [MESSAGE][PASSED] - Text '' is set on object 'Object Repository/VLink/Page_CCSale/txt_ChargeDescription'

2020-12-22 18:40:27 - [MESSAGE][PASSED] - Object 'Object Repository/VLink/Page_CCSale/txt_CAN' is present

2020-12-22 18:40:28 - [MESSAGE][PASSED] - Text '' is set on object 'Object Repository/VLink/Page_CCSale/txt_CAN'

2020-12-22 18:40:28 - [MESSAGE][PASSED] - Object 'Object Repository/VLink/Page_CCSale/txt_BillPaymentIndicator' is present

2020-12-22 18:40:29 - [MESSAGE][PASSED] - Text '' is set on object 'Object Repository/VLink/Page_CCSale/txt_BillPaymentIndicator'

2020-12-22 18:40:29 - [MESSAGE][PASSED] - Object 'Object Repository/VLink/Page_CCSale/txt_UDF1' is present

2020-12-22 18:40:30 - [MESSAGE][PASSED] - Text '' is set on object 'Object Repository/VLink/Page_CCSale/txt_UDF1'

2020-12-22 18:40:30 - [MESSAGE][PASSED] - Object 'Object Repository/VLink/Page_CCSale/txt_UDF2' is present

2020-12-22 18:40:31 - [MESSAGE][PASSED] - Text '' is set on object 'Object Repository/VLink/Page_CCSale/txt_UDF2'

2020-12-22 18:40:31 - [MESSAGE][PASSED] - Object 'Object Repository/VLink/Page_CCSale/txt_UDF3' is present

2020-12-22 18:40:32 - [MESSAGE][PASSED] - Text '' is set on object 'Object Repository/VLink/Page_CCSale/txt_UDF3'

2020-12-22 18:40:32 - [MESSAGE][PASSED] - Object 'Object Repository/VLink/Page_CCSale/txt_UDF4' is present

2020-12-22 18:40:33 - [MESSAGE][PASSED] - Text '' is set on object 'Object Repository/VLink/Page_CCSale/txt_UDF4'

2020-12-22 18:40:33 - [MESSAGE][PASSED] - Object 'Object Repository/VLink/Page_CCSale/txt_UDF5' is present

2020-12-22 18:40:34 - [MESSAGE][PASSED] - Text '' is set on object 'Object Repository/VLink/Page_CCSale/txt_UDF5'

2020-12-22 18:40:34 - [MESSAGE][PASSED] - Object 'Object Repository/VLink/Page_CCSale/txt_UDF6' is present

2020-12-22 18:40:35 - [MESSAGE][PASSED] - Text '' is set on object 'Object Repository/VLink/Page_CCSale/txt_UDF6'

2020-12-22 18:40:35 - [MESSAGE][PASSED] - Object 'Object Repository/VLink/Page_CCSale/txt_UDF7' is present

2020-12-22 18:40:36 - [MESSAGE][PASSED] - Text '' is set on object 'Object Repository/VLink/Page_CCSale/txt_UDF7'

2020-12-22 18:40:36 - [MESSAGE][PASSED] - Object 'Object Repository/VLink/Page_CCSale/txt_UDF8' is present

2020-12-22 18:40:37 - [MESSAGE][PASSED] - Text '' is set on object 'Object Repository/VLink/Page_CCSale/txt_UDF8'

2020-12-22 18:40:37 - [MESSAGE][PASSED] - Object 'Object Repository/VLink/Page_CCSale/txt_UDF9' is present

2020-12-22 18:40:38 - [MESSAGE][PASSED] - Text '' is set on object 'Object Repository/VLink/Page_CCSale/txt_UDF9'

2020-12-22 18:40:38 - [MESSAGE][PASSED] - Object 'Object Repository/VLink/Page_CCSale/txt_UDF10' is present

2020-12-22 18:40:39 - [MESSAGE][PASSED] - Text '' is set on object 'Object Repository/VLink/Page_CCSale/txt_UDF10'

2020-12-22 18:40:39 - [MESSAGE][PASSED] - Object 'Object Repository/VLink/Page_CCSale/txt_CardOnFileIndicator' is present

2020-12-22 18:40:40 - [MESSAGE][PASSED] - Text '' is set on object 'Object Repository/VLink/Page_CCSale/txt_CardOnFileIndicator'

2020-12-22 18:40:40 - [MESSAGE][PASSED] - Object 'Object Repository/VLink/Page_CCSale/txt_StoredCredentialIndicator' is present

2020-12-22 18:40:41 - [MESSAGE][PASSED] - Text '' is set on object 'Object Repository/VLink/Page_CCSale/txt_StoredCredentialIndicator'

2020-12-22 18:40:41 - [MESSAGE][PASSED] - Object 'Object Repository/VLink/Page_CCSale/txt_COFScheduledIndicator' is present

2020-12-22 18:40:42 - [MESSAGE][PASSED] - Text '' is set on object 'Object Repository/VLink/Page_CCSale/txt_COFScheduledIndicator'

2020-12-22 18:40:42 - [MESSAGE][PASSED] - Object 'Object Repository/VLink/Page_CCSale/txt_COFTransactionInitiatedBy' is present

2020-12-22 18:40:43 - [MESSAGE][PASSED] - Text '' is set on object 'Object Repository/VLink/Page_CCSale/txt_COFTransactionInitiatedBy'

2020-12-22 18:40:47 - [MESSAGE][PASSED] - Object: 'Object Repository/VLink/Page_CCSale/btn_ProcessVLinkTransaction' is clicked on

2020-12-22 18:40:52 - [MESSAGE][PASSED] - vlinkPages.saleCCPage.setDataSCC is PASSED

2020-12-22 18:40:52 - [TEST_STEP][PASSED] - if (verifyTextPresent("Transaction approved, no errors", true)): null

2020-12-22 18:40:52 - [MESSAGE][PASSED] - Text 'Transaction approved, no errors' is present on page  using regular expression

2020-12-22 18:40:52 - [TEST_STEP][PASSED] - println("Transaction Approved, no errors text is present on the Confirmation page"): null

2020-12-22 18:40:52 - [TEST_STEP][PASSED] - out.println("Pass Record Number: " + row): null

2020-12-22 18:40:52 - [TEST_STEP][PASSED] - sdfo = getText(findTestObject("Object Repository/Page_VLinkReceipt/pre_STX")): Text of object 'Object Repository/Page_VLinkReceipt/pre_STX' is: '<STX>wkr6vdWZ6gFW                  12088016            0  Transaction approved, no errors                   0                                                                                  Y OK4157   <ETX>'

2020-12-22 18:40:53 - [MESSAGE][PASSED] - Text of object 'Object Repository/Page_VLinkReceipt/pre_STX' is: '<STX>wkr6vdWZ6gFW                  12088016            0  Transaction approved, no errors                   0                                                                                  Y OK4157   <ETX>'

2020-12-22 18:40:53 - [TEST_STEP][PASSED] - out.println("sdfo: " + sdfo): null

2020-12-22 18:40:53 - [TEST_STEP][PASSED] - remID = substring(5, 35).trim(): null

2020-12-22 18:40:53 - [TEST_STEP][PASSED] - out.println("Remittance ID: " + remID): null

2020-12-22 18:40:53 - [TEST_STEP][PASSED] - traxID = substring(35, 55).trim(): null

2020-12-22 18:40:53 - [TEST_STEP][PASSED] - out.println("Transaction ID: " + traxID): null

2020-12-22 18:40:53 - [TEST_STEP][PASSED] - out.println("End Record Number: " + row): null

2020-12-22 18:40:53 - [TEST_STEP][PASSED] - closeBrowser(): Browser is closed

2020-12-22 18:40:54 - [MESSAGE][PASSED] - Browser is closed

2020-12-22 18:40:54 - [TEST_STEP][PASSED] - out.println("Begin Record Number: " + row): null

2020-12-22 18:40:54 - [TEST_STEP][PASSED] - openBrowser(VLinkURL + "authcap.html"): Browser is opened with url: 'https://dev-algorithm.govolution.com/vlinktest/QA/version_2_0/authcap.html'

2020-12-22 18:40:54 - [MESSAGE][INFO] - Starting 'Chrome' driver

2020-12-22 18:40:54 - [MESSAGE][INFO] - User set preference: ['acceptInsecureCerts', 'true']

2020-12-22 18:40:54 - [MESSAGE][INFO] - Action delay is set to 0 milliseconds

2020-12-22 18:40:58 - [MESSAGE][PASSED] - Browser is opened with url: 'https://dev-algorithm.govolution.com/vlinktest/QA/version_2_0/authcap.html'

2020-12-22 18:40:58 - [TEST_STEP][PASSED] - maximizeWindow(): Current window maximized

2020-12-22 18:40:58 - [MESSAGE][PASSED] - Current window maximized

2020-12-22 18:40:58 - [TEST_STEP][PASSED] - vlinkPages.saleCCPage.setDataSCC(row, dataFile): vlinkPages.saleCCPage.setDataSCC is PASSED

2020-12-22 18:41:00 - [MESSAGE][PASSED] - Object 'Object Repository/VLink/Page_CCSale/txt_CardNumber' is present

2020-12-22 18:41:00 - [MESSAGE][PASSED] - Object 'Object Repository/VLink/Page_CCSale/txt_TransactionType' is present

2020-12-22 18:41:01 - [MESSAGE][PASSED] - Text '104' is set on object 'Object Repository/VLink/Page_CCSale/txt_TransactionType'

2020-12-22 18:41:01 - [MESSAGE][PASSED] - Object 'Object Repository/VLink/Page_CCSale/txt_MessageVersion' is present

2020-12-22 18:41:01 - [MESSAGE][PASSED] - Text '2.0C' is set on object 'Object Repository/VLink/Page_CCSale/txt_MessageVersion'

2020-12-22 18:41:02 - [MESSAGE][PASSED] - Object 'Object Repository/VLink/Page_CCSale/txt_RemID' is present

2020-12-22 18:41:02 - [MESSAGE][PASSED] - Text 'a5hMHm78Fybj' is set on object 'Object Repository/VLink/Page_CCSale/txt_RemID'

2020-12-22 18:41:03 - [MESSAGE][PASSED] - Object 'Object Repository/VLink/Page_CCSale/txt_ApplicationId' is present

2020-12-22 18:41:03 - [MESSAGE][PASSED] - Text '671' is set on object 'Object Repository/VLink/Page_CCSale/txt_ApplicationId'

2020-12-22 18:41:03 - [MESSAGE][PASSED] - Object 'Object Repository/VLink/Page_CCSale/txt_Username' is present

2020-12-22 18:41:04 - [MESSAGE][PASSED] - Text 'username' is set on object 'Object Repository/VLink/Page_CCSale/txt_Username'

2020-12-22 18:41:04 - [MESSAGE][PASSED] - Object 'Object Repository/VLink/Page_CCSale/txt_Password' is present

2020-12-22 18:41:05 - [MESSAGE][PASSED] - Text 'password' is set on object 'Object Repository/VLink/Page_CCSale/txt_Password'

2020-12-22 18:41:05 - [MESSAGE][PASSED] - Object 'Object Repository/VLink/Page_CCSale/txt_ResponseFormat' is present

2020-12-22 18:41:06 - [MESSAGE][PASSED] - Text 'fixed_width' is set on object 'Object Repository/VLink/Page_CCSale/txt_ResponseFormat'

2020-12-22 18:41:06 - [MESSAGE][PASSED] - Object 'Object Repository/VLink/Page_CCSale/txt_Category' is present

2020-12-22 18:41:07 - [MESSAGE][PASSED] - Text 'RETL' is set on object 'Object Repository/VLink/Page_CCSale/txt_Category'

2020-12-22 18:41:07 - [MESSAGE][PASSED] - Object 'Object Repository/VLink/Page_CCSale/txt_TransactionID' is present

2020-12-22 18:41:08 - [MESSAGE][PASSED] - Text '' is set on object 'Object Repository/VLink/Page_CCSale/txt_TransactionID'

2020-12-22 18:41:08 - [MESSAGE][PASSED] - Object 'Object Repository/VLink/Page_CCSale/txt_ApprovalCode' is present

2020-12-22 18:41:09 - [MESSAGE][PASSED] - Text '' is set on object 'Object Repository/VLink/Page_CCSale/txt_ApprovalCode'

2020-12-22 18:41:09 - [MESSAGE][PASSED] - Object 'Object Repository/VLink/Page_CCSale/txt_CardName' is present

2020-12-22 18:41:10 - [MESSAGE][PASSED] - Text 'Roshan Maha' is set on object 'Object Repository/VLink/Page_CCSale/txt_CardName'

2020-12-22 18:41:10 - [MESSAGE][PASSED] - Object 'Object Repository/VLink/Page_CCSale/txt_AL1' is present

2020-12-22 18:41:11 - [MESSAGE][PASSED] - Text '12563 Bazaar road' is set on object 'Object Repository/VLink/Page_CCSale/txt_AL1'

2020-12-22 18:41:11 - [MESSAGE][PASSED] - Object 'Object Repository/VLink/Page_CCSale/txt_AL2' is present

2020-12-22 18:41:12 - [MESSAGE][PASSED] - Text '' is set on object 'Object Repository/VLink/Page_CCSale/txt_AL2'

2020-12-22 18:41:12 - [MESSAGE][PASSED] - Object 'Object Repository/VLink/Page_CCSale/txt_CardCity' is present

2020-12-22 18:41:13 - [MESSAGE][PASSED] - Text '' is set on object 'Object Repository/VLink/Page_CCSale/txt_CardCity'

2020-12-22 18:41:13 - [MESSAGE][PASSED] - Object 'Object Repository/VLink/Page_CCSale/txt_CardState' is present

2020-12-22 18:41:14 - [MESSAGE][PASSED] - Text '' is set on object 'Object Repository/VLink/Page_CCSale/txt_CardState'

2020-12-22 18:41:14 - [MESSAGE][PASSED] - Object 'Object Repository/VLink/Page_CCSale/txt_CardZIP' is present

2020-12-22 18:41:15 - [MESSAGE][PASSED] - Text '21114' is set on object 'Object Repository/VLink/Page_CCSale/txt_CardZIP'

2020-12-22 18:41:15 - [MESSAGE][PASSED] - Object 'Object Repository/VLink/Page_CCSale/txt_CountryID' is present

2020-12-22 18:41:16 - [MESSAGE][PASSED] - Text '' is set on object 'Object Repository/VLink/Page_CCSale/txt_CountryID'

2020-12-22 18:41:16 - [MESSAGE][PASSED] - Object 'Object Repository/VLink/Page_CCSale/txt_Amount' is present

2020-12-22 18:41:17 - [MESSAGE][PASSED] - Text '3.50' is set on object 'Object Repository/VLink/Page_CCSale/txt_Amount'

2020-12-22 18:41:17 - [MESSAGE][PASSED] - Object 'Object Repository/VLink/Page_CCSale/txt_CardNumber' is present

2020-12-22 18:41:18 - [MESSAGE][PASSED] - Text '4111111111111111' is set on object 'Object Repository/VLink/Page_CCSale/txt_CardNumber'

2020-12-22 18:41:18 - [MESSAGE][PASSED] - Object 'Object Repository/VLink/Page_CCSale/txt_ExpMonth' is present

2020-12-22 18:41:19 - [MESSAGE][PASSED] - Text '01' is set on object 'Object Repository/VLink/Page_CCSale/txt_ExpMonth'

2020-12-22 18:41:19 - [MESSAGE][PASSED] - Object 'Object Repository/VLink/Page_CCSale/txt_ExpYear' is present

2020-12-22 18:41:20 - [MESSAGE][PASSED] - Text '2026' is set on object 'Object Repository/VLink/Page_CCSale/txt_ExpYear'

2020-12-22 18:41:20 - [MESSAGE][PASSED] - Object 'Object Repository/VLink/Page_CCSale/txt_CVV' is present

2020-12-22 18:41:21 - [MESSAGE][PASSED] - Text '' is set on object 'Object Repository/VLink/Page_CCSale/txt_CVV'

2020-12-22 18:41:21 - [MESSAGE][PASSED] - Object 'Object Repository/VLink/Page_CCSale/txt_CVVstate' is present

2020-12-22 18:41:22 - [MESSAGE][PASSED] - Text '' is set on object 'Object Repository/VLink/Page_CCSale/txt_CVVstate'

2020-12-22 18:41:22 - [MESSAGE][PASSED] - Object 'Object Repository/VLink/Page_CCSale/txt_TrackData' is present

2020-12-22 18:41:23 - [MESSAGE][PASSED] - Text '' is set on object 'Object Repository/VLink/Page_CCSale/txt_TrackData'

2020-12-22 18:41:23 - [MESSAGE][PASSED] - Object 'Object Repository/VLink/Page_CCSale/txt_Track1Data' is present

2020-12-22 18:41:24 - [MESSAGE][PASSED] - Text '' is set on object 'Object Repository/VLink/Page_CCSale/txt_Track1Data'

2020-12-22 18:41:24 - [MESSAGE][PASSED] - Object 'Object Repository/VLink/Page_CCSale/txt_Track2Data' is present

2020-12-22 18:41:25 - [MESSAGE][PASSED] - Text '' is set on object 'Object Repository/VLink/Page_CCSale/txt_Track2Data'

2020-12-22 18:41:25 - [MESSAGE][PASSED] - Object 'Object Repository/VLink/Page_CCSale/txt_POSEntryMode' is present

2020-12-22 18:41:26 - [MESSAGE][PASSED] - Text '' is set on object 'Object Repository/VLink/Page_CCSale/txt_POSEntryMode'

2020-12-22 18:41:26 - [MESSAGE][PASSED] - Object 'Object Repository/VLink/Page_CCSale/txt_Email' is present

2020-12-22 18:41:27 - [MESSAGE][PASSED] - Text '' is set on object 'Object Repository/VLink/Page_CCSale/txt_Email'

2020-12-22 18:41:27 - [MESSAGE][PASSED] - Object 'Object Repository/VLink/Page_CCSale/txt_OrderNumber' is present

2020-12-22 18:41:28 - [MESSAGE][PASSED] - Text '' is set on object 'Object Repository/VLink/Page_CCSale/txt_OrderNumber'

2020-12-22 18:41:28 - [MESSAGE][PASSED] - Object 'Object Repository/VLink/Page_CCSale/txt_TaxAmount' is present

2020-12-22 18:41:29 - [MESSAGE][PASSED] - Text '' is set on object 'Object Repository/VLink/Page_CCSale/txt_TaxAmount'

2020-12-22 18:41:29 - [MESSAGE][PASSED] - Object 'Object Repository/VLink/Page_CCSale/txt_ChargeDescription' is present

2020-12-22 18:41:30 - [MESSAGE][PASSED] - Text '' is set on object 'Object Repository/VLink/Page_CCSale/txt_ChargeDescription'

2020-12-22 18:41:30 - [MESSAGE][PASSED] - Object 'Object Repository/VLink/Page_CCSale/txt_CAN' is present

2020-12-22 18:41:31 - [MESSAGE][PASSED] - Text '' is set on object 'Object Repository/VLink/Page_CCSale/txt_CAN'

2020-12-22 18:41:31 - [MESSAGE][PASSED] - Object 'Object Repository/VLink/Page_CCSale/txt_BillPaymentIndicator' is present

2020-12-22 18:41:32 - [MESSAGE][PASSED] - Text '' is set on object 'Object Repository/VLink/Page_CCSale/txt_BillPaymentIndicator'

2020-12-22 18:41:32 - [MESSAGE][PASSED] - Object 'Object Repository/VLink/Page_CCSale/txt_UDF1' is present

2020-12-22 18:41:33 - [MESSAGE][PASSED] - Text '' is set on object 'Object Repository/VLink/Page_CCSale/txt_UDF1'

2020-12-22 18:41:33 - [MESSAGE][PASSED] - Object 'Object Repository/VLink/Page_CCSale/txt_UDF2' is present

2020-12-22 18:41:34 - [MESSAGE][PASSED] - Text '' is set on object 'Object Repository/VLink/Page_CCSale/txt_UDF2'

2020-12-22 18:41:34 - [MESSAGE][PASSED] - Object 'Object Repository/VLink/Page_CCSale/txt_UDF3' is present

2020-12-22 18:41:35 - [MESSAGE][PASSED] - Text '' is set on object 'Object Repository/VLink/Page_CCSale/txt_UDF3'

2020-12-22 18:41:35 - [MESSAGE][PASSED] - Object 'Object Repository/VLink/Page_CCSale/txt_UDF4' is present

2020-12-22 18:41:36 - [MESSAGE][PASSED] - Text '' is set on object 'Object Repository/VLink/Page_CCSale/txt_UDF4'

2020-12-22 18:41:36 - [MESSAGE][PASSED] - Object 'Object Repository/VLink/Page_CCSale/txt_UDF5' is present

2020-12-22 18:41:37 - [MESSAGE][PASSED] - Text '' is set on object 'Object Repository/VLink/Page_CCSale/txt_UDF5'

2020-12-22 18:41:37 - [MESSAGE][PASSED] - Object 'Object Repository/VLink/Page_CCSale/txt_UDF6' is present

2020-12-22 18:41:38 - [MESSAGE][PASSED] - Text '' is set on object 'Object Repository/VLink/Page_CCSale/txt_UDF6'

2020-12-22 18:41:38 - [MESSAGE][PASSED] - Object 'Object Repository/VLink/Page_CCSale/txt_UDF7' is present

2020-12-22 18:41:39 - [MESSAGE][PASSED] - Text '' is set on object 'Object Repository/VLink/Page_CCSale/txt_UDF7'

2020-12-22 18:41:39 - [MESSAGE][PASSED] - Object 'Object Repository/VLink/Page_CCSale/txt_UDF8' is present

2020-12-22 18:41:40 - [MESSAGE][PASSED] - Text '' is set on object 'Object Repository/VLink/Page_CCSale/txt_UDF8'

2020-12-22 18:41:40 - [MESSAGE][PASSED] - Object 'Object Repository/VLink/Page_CCSale/txt_UDF9' is present

2020-12-22 18:41:41 - [MESSAGE][PASSED] - Text '' is set on object 'Object Repository/VLink/Page_CCSale/txt_UDF9'

2020-12-22 18:41:41 - [MESSAGE][PASSED] - Object 'Object Repository/VLink/Page_CCSale/txt_UDF10' is present

2020-12-22 18:41:42 - [MESSAGE][PASSED] - Text '' is set on object 'Object Repository/VLink/Page_CCSale/txt_UDF10'

2020-12-22 18:41:42 - [MESSAGE][PASSED] - Object 'Object Repository/VLink/Page_CCSale/txt_CardOnFileIndicator' is present

2020-12-22 18:41:43 - [MESSAGE][PASSED] - Text '' is set on object 'Object Repository/VLink/Page_CCSale/txt_CardOnFileIndicator'

2020-12-22 18:41:43 - [MESSAGE][PASSED] - Object 'Object Repository/VLink/Page_CCSale/txt_StoredCredentialIndicator' is present

2020-12-22 18:41:44 - [MESSAGE][PASSED] - Text '' is set on object 'Object Repository/VLink/Page_CCSale/txt_StoredCredentialIndicator'

2020-12-22 18:41:44 - [MESSAGE][PASSED] - Object 'Object Repository/VLink/Page_CCSale/txt_COFScheduledIndicator' is present

2020-12-22 18:41:45 - [MESSAGE][PASSED] - Text '' is set on object 'Object Repository/VLink/Page_CCSale/txt_COFScheduledIndicator'

2020-12-22 18:41:45 - [MESSAGE][PASSED] - Object 'Object Repository/VLink/Page_CCSale/txt_COFTransactionInitiatedBy' is present

2020-12-22 18:41:46 - [MESSAGE][PASSED] - Text '' is set on object 'Object Repository/VLink/Page_CCSale/txt_COFTransactionInitiatedBy'

2020-12-22 18:41:50 - [MESSAGE][PASSED] - Object: 'Object Repository/VLink/Page_CCSale/btn_ProcessVLinkTransaction' is clicked on

2020-12-22 18:41:55 - [MESSAGE][PASSED] - vlinkPages.saleCCPage.setDataSCC is PASSED

2020-12-22 18:41:55 - [TEST_STEP][PASSED] - if (verifyTextPresent("Transaction approved, no errors", true)): null

2020-12-22 18:41:55 - [MESSAGE][PASSED] - Text 'Transaction approved, no errors' is present on page  using regular expression

2020-12-22 18:41:55 - [TEST_STEP][PASSED] - println("Transaction Approved, no errors text is present on the Confirmation page"): null

2020-12-22 18:41:55 - [TEST_STEP][PASSED] - out.println("Pass Record Number: " + row): null

2020-12-22 18:41:55 - [TEST_STEP][PASSED] - sdfo = getText(findTestObject("Object Repository/Page_VLinkReceipt/pre_STX")): Text of object 'Object Repository/Page_VLinkReceipt/pre_STX' is: '<STX>a5hMHm78Fybj                  12088017            0  Transaction approved, no errors                   0                                                                                  Y OK4557   <ETX>'

2020-12-22 18:41:56 - [MESSAGE][PASSED] - Text of object 'Object Repository/Page_VLinkReceipt/pre_STX' is: '<STX>a5hMHm78Fybj                  12088017            0  Transaction approved, no errors                   0                                                                                  Y OK4557   <ETX>'

2020-12-22 18:41:56 - [TEST_STEP][PASSED] - out.println("sdfo: " + sdfo): null

2020-12-22 18:41:56 - [TEST_STEP][PASSED] - remID = substring(5, 35).trim(): null

2020-12-22 18:41:56 - [TEST_STEP][PASSED] - out.println("Remittance ID: " + remID): null

2020-12-22 18:41:56 - [TEST_STEP][PASSED] - traxID = substring(35, 55).trim(): null

2020-12-22 18:41:56 - [TEST_STEP][PASSED] - out.println("Transaction ID: " + traxID): null

2020-12-22 18:41:56 - [TEST_STEP][PASSED] - out.println("End Record Number: " + row): null

2020-12-22 18:41:56 - [TEST_STEP][PASSED] - closeBrowser(): Browser is closed

2020-12-22 18:41:56 - [MESSAGE][PASSED] - Browser is closed

2020-12-22 18:41:56 - [TEST_STEP][PASSED] - out.println("Begin Record Number: " + row): null

2020-12-22 18:41:56 - [TEST_STEP][PASSED] - openBrowser(VLinkURL + "authcap.html"): Browser is opened with url: 'https://dev-algorithm.govolution.com/vlinktest/QA/version_2_0/authcap.html'

2020-12-22 18:41:56 - [MESSAGE][INFO] - Starting 'Chrome' driver

2020-12-22 18:41:56 - [MESSAGE][INFO] - User set preference: ['acceptInsecureCerts', 'true']

2020-12-22 18:41:56 - [MESSAGE][INFO] - Action delay is set to 0 milliseconds

2020-12-22 18:42:00 - [MESSAGE][PASSED] - Browser is opened with url: 'https://dev-algorithm.govolution.com/vlinktest/QA/version_2_0/authcap.html'

2020-12-22 18:42:00 - [TEST_STEP][PASSED] - maximizeWindow(): Current window maximized

2020-12-22 18:42:00 - [MESSAGE][PASSED] - Current window maximized

2020-12-22 18:42:00 - [TEST_STEP][PASSED] - vlinkPages.saleCCPage.setDataSCC(row, dataFile): vlinkPages.saleCCPage.setDataSCC is PASSED

2020-12-22 18:42:01 - [MESSAGE][PASSED] - Object 'Object Repository/VLink/Page_CCSale/txt_CardNumber' is present

2020-12-22 18:42:02 - [MESSAGE][PASSED] - Object 'Object Repository/VLink/Page_CCSale/txt_TransactionType' is present

2020-12-22 18:42:02 - [MESSAGE][PASSED] - Text '104' is set on object 'Object Repository/VLink/Page_CCSale/txt_TransactionType'

2020-12-22 18:42:03 - [MESSAGE][PASSED] - Object 'Object Repository/VLink/Page_CCSale/txt_MessageVersion' is present

2020-12-22 18:42:03 - [MESSAGE][PASSED] - Text '2.0C' is set on object 'Object Repository/VLink/Page_CCSale/txt_MessageVersion'

2020-12-22 18:42:03 - [MESSAGE][PASSED] - Object 'Object Repository/VLink/Page_CCSale/txt_RemID' is present

2020-12-22 18:42:04 - [MESSAGE][PASSED] - Text 'p3eho03q6V2t' is set on object 'Object Repository/VLink/Page_CCSale/txt_RemID'

2020-12-22 18:42:04 - [MESSAGE][PASSED] - Object 'Object Repository/VLink/Page_CCSale/txt_ApplicationId' is present

2020-12-22 18:42:05 - [MESSAGE][PASSED] - Text '665' is set on object 'Object Repository/VLink/Page_CCSale/txt_ApplicationId'

2020-12-22 18:42:05 - [MESSAGE][PASSED] - Object 'Object Repository/VLink/Page_CCSale/txt_Username' is present

2020-12-22 18:42:06 - [MESSAGE][PASSED] - Text 'username' is set on object 'Object Repository/VLink/Page_CCSale/txt_Username'

2020-12-22 18:42:06 - [MESSAGE][PASSED] - Object 'Object Repository/VLink/Page_CCSale/txt_Password' is present

2020-12-22 18:42:07 - [MESSAGE][PASSED] - Text 'password' is set on object 'Object Repository/VLink/Page_CCSale/txt_Password'

2020-12-22 18:42:07 - [MESSAGE][PASSED] - Object 'Object Repository/VLink/Page_CCSale/txt_ResponseFormat' is present

2020-12-22 18:42:08 - [MESSAGE][PASSED] - Text 'fixed_width' is set on object 'Object Repository/VLink/Page_CCSale/txt_ResponseFormat'

2020-12-22 18:42:08 - [MESSAGE][PASSED] - Object 'Object Repository/VLink/Page_CCSale/txt_Category' is present

2020-12-22 18:42:09 - [MESSAGE][PASSED] - Text 'RETL' is set on object 'Object Repository/VLink/Page_CCSale/txt_Category'

2020-12-22 18:42:09 - [MESSAGE][PASSED] - Object 'Object Repository/VLink/Page_CCSale/txt_TransactionID' is present

2020-12-22 18:42:10 - [MESSAGE][PASSED] - Text '' is set on object 'Object Repository/VLink/Page_CCSale/txt_TransactionID'

2020-12-22 18:42:10 - [MESSAGE][PASSED] - Object 'Object Repository/VLink/Page_CCSale/txt_ApprovalCode' is present

2020-12-22 18:42:11 - [MESSAGE][PASSED] - Text '' is set on object 'Object Repository/VLink/Page_CCSale/txt_ApprovalCode'

2020-12-22 18:42:11 - [MESSAGE][PASSED] - Object 'Object Repository/VLink/Page_CCSale/txt_CardName' is present

2020-12-22 18:42:12 - [MESSAGE][PASSED] - Text '' is set on object 'Object Repository/VLink/Page_CCSale/txt_CardName'

2020-12-22 18:42:12 - [MESSAGE][PASSED] - Object 'Object Repository/VLink/Page_CCSale/txt_AL1' is present

2020-12-22 18:42:13 - [MESSAGE][PASSED] - Text '' is set on object 'Object Repository/VLink/Page_CCSale/txt_AL1'

2020-12-22 18:42:13 - [MESSAGE][PASSED] - Object 'Object Repository/VLink/Page_CCSale/txt_AL2' is present

2020-12-22 18:42:14 - [MESSAGE][PASSED] - Text '' is set on object 'Object Repository/VLink/Page_CCSale/txt_AL2'

2020-12-22 18:42:14 - [MESSAGE][PASSED] - Object 'Object Repository/VLink/Page_CCSale/txt_CardCity' is present

2020-12-22 18:42:15 - [MESSAGE][PASSED] - Text '' is set on object 'Object Repository/VLink/Page_CCSale/txt_CardCity'

2020-12-22 18:42:15 - [MESSAGE][PASSED] - Object 'Object Repository/VLink/Page_CCSale/txt_CardState' is present

2020-12-22 18:42:16 - [MESSAGE][PASSED] - Text '' is set on object 'Object Repository/VLink/Page_CCSale/txt_CardState'

2020-12-22 18:42:16 - [MESSAGE][PASSED] - Object 'Object Repository/VLink/Page_CCSale/txt_CardZIP' is present

2020-12-22 18:42:17 - [MESSAGE][PASSED] - Text '' is set on object 'Object Repository/VLink/Page_CCSale/txt_CardZIP'

2020-12-22 18:42:17 - [MESSAGE][PASSED] - Object 'Object Repository/VLink/Page_CCSale/txt_CountryID' is present

2020-12-22 18:42:18 - [MESSAGE][PASSED] - Text '' is set on object 'Object Repository/VLink/Page_CCSale/txt_CountryID'

2020-12-22 18:42:18 - [MESSAGE][PASSED] - Object 'Object Repository/VLink/Page_CCSale/txt_Amount' is present

2020-12-22 18:42:19 - [MESSAGE][PASSED] - Text '1.50' is set on object 'Object Repository/VLink/Page_CCSale/txt_Amount'

2020-12-22 18:42:19 - [MESSAGE][PASSED] - Object 'Object Repository/VLink/Page_CCSale/txt_CardNumber' is present

2020-12-22 18:42:20 - [MESSAGE][PASSED] - Text '' is set on object 'Object Repository/VLink/Page_CCSale/txt_CardNumber'

2020-12-22 18:42:20 - [MESSAGE][PASSED] - Object 'Object Repository/VLink/Page_CCSale/txt_ExpMonth' is present

2020-12-22 18:42:21 - [MESSAGE][PASSED] - Text '' is set on object 'Object Repository/VLink/Page_CCSale/txt_ExpMonth'

2020-12-22 18:42:21 - [MESSAGE][PASSED] - Object 'Object Repository/VLink/Page_CCSale/txt_ExpYear' is present

2020-12-22 18:42:22 - [MESSAGE][PASSED] - Text '' is set on object 'Object Repository/VLink/Page_CCSale/txt_ExpYear'

2020-12-22 18:42:22 - [MESSAGE][PASSED] - Object 'Object Repository/VLink/Page_CCSale/txt_CVV' is present

2020-12-22 18:42:23 - [MESSAGE][PASSED] - Text '' is set on object 'Object Repository/VLink/Page_CCSale/txt_CVV'

2020-12-22 18:42:23 - [MESSAGE][PASSED] - Object 'Object Repository/VLink/Page_CCSale/txt_CVVstate' is present

2020-12-22 18:42:24 - [MESSAGE][PASSED] - Text '' is set on object 'Object Repository/VLink/Page_CCSale/txt_CVVstate'

2020-12-22 18:42:24 - [MESSAGE][PASSED] - Object 'Object Repository/VLink/Page_CCSale/txt_TrackData' is present

2020-12-22 18:42:25 - [MESSAGE][PASSED] - Text '%B5567080011582646^AHMED/IMTIAZ              ^2303201090200000000000354000015?;5567080011582646=23032010902035400015?' is set on object 'Object Repository/VLink/Page_CCSale/txt_TrackData'

2020-12-22 18:42:25 - [MESSAGE][PASSED] - Object 'Object Repository/VLink/Page_CCSale/txt_Track1Data' is present

2020-12-22 18:42:26 - [MESSAGE][PASSED] - Text '' is set on object 'Object Repository/VLink/Page_CCSale/txt_Track1Data'

2020-12-22 18:42:26 - [MESSAGE][PASSED] - Object 'Object Repository/VLink/Page_CCSale/txt_Track2Data' is present

2020-12-22 18:42:27 - [MESSAGE][PASSED] - Text '' is set on object 'Object Repository/VLink/Page_CCSale/txt_Track2Data'

2020-12-22 18:42:27 - [MESSAGE][PASSED] - Object 'Object Repository/VLink/Page_CCSale/txt_POSEntryMode' is present

2020-12-22 18:42:28 - [MESSAGE][PASSED] - Text '' is set on object 'Object Repository/VLink/Page_CCSale/txt_POSEntryMode'

2020-12-22 18:42:28 - [MESSAGE][PASSED] - Object 'Object Repository/VLink/Page_CCSale/txt_Email' is present

2020-12-22 18:42:29 - [MESSAGE][PASSED] - Text '' is set on object 'Object Repository/VLink/Page_CCSale/txt_Email'

2020-12-22 18:42:29 - [MESSAGE][PASSED] - Object 'Object Repository/VLink/Page_CCSale/txt_OrderNumber' is present

2020-12-22 18:42:30 - [MESSAGE][PASSED] - Text '' is set on object 'Object Repository/VLink/Page_CCSale/txt_OrderNumber'

2020-12-22 18:42:30 - [MESSAGE][PASSED] - Object 'Object Repository/VLink/Page_CCSale/txt_TaxAmount' is present

2020-12-22 18:42:31 - [MESSAGE][PASSED] - Text '' is set on object 'Object Repository/VLink/Page_CCSale/txt_TaxAmount'

2020-12-22 18:42:31 - [MESSAGE][PASSED] - Object 'Object Repository/VLink/Page_CCSale/txt_ChargeDescription' is present

2020-12-22 18:42:32 - [MESSAGE][PASSED] - Text '' is set on object 'Object Repository/VLink/Page_CCSale/txt_ChargeDescription'

2020-12-22 18:42:32 - [MESSAGE][PASSED] - Object 'Object Repository/VLink/Page_CCSale/txt_CAN' is present

2020-12-22 18:42:33 - [MESSAGE][PASSED] - Text '' is set on object 'Object Repository/VLink/Page_CCSale/txt_CAN'

2020-12-22 18:42:33 - [MESSAGE][PASSED] - Object 'Object Repository/VLink/Page_CCSale/txt_BillPaymentIndicator' is present

2020-12-22 18:42:34 - [MESSAGE][PASSED] - Text '' is set on object 'Object Repository/VLink/Page_CCSale/txt_BillPaymentIndicator'

2020-12-22 18:42:34 - [MESSAGE][PASSED] - Object 'Object Repository/VLink/Page_CCSale/txt_UDF1' is present

2020-12-22 18:42:35 - [MESSAGE][PASSED] - Text '' is set on object 'Object Repository/VLink/Page_CCSale/txt_UDF1'

2020-12-22 18:42:35 - [MESSAGE][PASSED] - Object 'Object Repository/VLink/Page_CCSale/txt_UDF2' is present

2020-12-22 18:42:36 - [MESSAGE][PASSED] - Text '' is set on object 'Object Repository/VLink/Page_CCSale/txt_UDF2'

2020-12-22 18:42:36 - [MESSAGE][PASSED] - Object 'Object Repository/VLink/Page_CCSale/txt_UDF3' is present

2020-12-22 18:42:37 - [MESSAGE][PASSED] - Text '' is set on object 'Object Repository/VLink/Page_CCSale/txt_UDF3'

2020-12-22 18:42:37 - [MESSAGE][PASSED] - Object 'Object Repository/VLink/Page_CCSale/txt_UDF4' is present

2020-12-22 18:42:38 - [MESSAGE][PASSED] - Text '' is set on object 'Object Repository/VLink/Page_CCSale/txt_UDF4'

2020-12-22 18:42:38 - [MESSAGE][PASSED] - Object 'Object Repository/VLink/Page_CCSale/txt_UDF5' is present

2020-12-22 18:42:39 - [MESSAGE][PASSED] - Text '' is set on object 'Object Repository/VLink/Page_CCSale/txt_UDF5'

2020-12-22 18:42:39 - [MESSAGE][PASSED] - Object 'Object Repository/VLink/Page_CCSale/txt_UDF6' is present

2020-12-22 18:42:40 - [MESSAGE][PASSED] - Text '' is set on object 'Object Repository/VLink/Page_CCSale/txt_UDF6'

2020-12-22 18:42:40 - [MESSAGE][PASSED] - Object 'Object Repository/VLink/Page_CCSale/txt_UDF7' is present

2020-12-22 18:42:41 - [MESSAGE][PASSED] - Text '' is set on object 'Object Repository/VLink/Page_CCSale/txt_UDF7'

2020-12-22 18:42:41 - [MESSAGE][PASSED] - Object 'Object Repository/VLink/Page_CCSale/txt_UDF8' is present

2020-12-22 18:42:42 - [MESSAGE][PASSED] - Text '' is set on object 'Object Repository/VLink/Page_CCSale/txt_UDF8'

2020-12-22 18:42:42 - [MESSAGE][PASSED] - Object 'Object Repository/VLink/Page_CCSale/txt_UDF9' is present

2020-12-22 18:42:43 - [MESSAGE][PASSED] - Text '' is set on object 'Object Repository/VLink/Page_CCSale/txt_UDF9'

2020-12-22 18:42:43 - [MESSAGE][PASSED] - Object 'Object Repository/VLink/Page_CCSale/txt_UDF10' is present

2020-12-22 18:42:44 - [MESSAGE][PASSED] - Text '' is set on object 'Object Repository/VLink/Page_CCSale/txt_UDF10'

2020-12-22 18:42:44 - [MESSAGE][PASSED] - Object 'Object Repository/VLink/Page_CCSale/txt_CardOnFileIndicator' is present

2020-12-22 18:42:45 - [MESSAGE][PASSED] - Text '' is set on object 'Object Repository/VLink/Page_CCSale/txt_CardOnFileIndicator'

2020-12-22 18:42:45 - [MESSAGE][PASSED] - Object 'Object Repository/VLink/Page_CCSale/txt_StoredCredentialIndicator' is present

2020-12-22 18:42:46 - [MESSAGE][PASSED] - Text '' is set on object 'Object Repository/VLink/Page_CCSale/txt_StoredCredentialIndicator'

2020-12-22 18:42:46 - [MESSAGE][PASSED] - Object 'Object Repository/VLink/Page_CCSale/txt_COFScheduledIndicator' is present

2020-12-22 18:42:47 - [MESSAGE][PASSED] - Text '' is set on object 'Object Repository/VLink/Page_CCSale/txt_COFScheduledIndicator'

2020-12-22 18:42:47 - [MESSAGE][PASSED] - Object 'Object Repository/VLink/Page_CCSale/txt_COFTransactionInitiatedBy' is present

2020-12-22 18:42:48 - [MESSAGE][PASSED] - Text '' is set on object 'Object Repository/VLink/Page_CCSale/txt_COFTransactionInitiatedBy'

2020-12-22 18:42:50 - [MESSAGE][PASSED] - Object: 'Object Repository/VLink/Page_CCSale/btn_ProcessVLinkTransaction' is clicked on

2020-12-22 18:42:55 - [MESSAGE][PASSED] - vlinkPages.saleCCPage.setDataSCC is PASSED

2020-12-22 18:42:55 - [TEST_STEP][PASSED] - if (verifyTextPresent("Transaction approved, no errors", true)): null

2020-12-22 18:42:55 - [MESSAGE][PASSED] - Text 'Transaction approved, no errors' is present on page  using regular expression

2020-12-22 18:42:55 - [TEST_STEP][PASSED] - println("Transaction Approved, no errors text is present on the Confirmation page"): null

2020-12-22 18:42:55 - [TEST_STEP][PASSED] - out.println("Pass Record Number: " + row): null

2020-12-22 18:42:55 - [TEST_STEP][PASSED] - sdfo = getText(findTestObject("Object Repository/Page_VLinkReceipt/pre_STX")): Text of object 'Object Repository/Page_VLinkReceipt/pre_STX' is: '<STX>p3eho03q6V2t                  12088018            0  Transaction approved, no errors                   0                                                                                  R OK9080   <ETX>'

2020-12-22 18:42:56 - [MESSAGE][PASSED] - Text of object 'Object Repository/Page_VLinkReceipt/pre_STX' is: '<STX>p3eho03q6V2t                  12088018            0  Transaction approved, no errors                   0                                                                                  R OK9080   <ETX>'

2020-12-22 18:42:56 - [TEST_STEP][PASSED] - out.println("sdfo: " + sdfo): null

2020-12-22 18:42:56 - [TEST_STEP][PASSED] - remID = substring(5, 35).trim(): null

2020-12-22 18:42:56 - [TEST_STEP][PASSED] - out.println("Remittance ID: " + remID): null

2020-12-22 18:42:56 - [TEST_STEP][PASSED] - traxID = substring(35, 55).trim(): null

2020-12-22 18:42:56 - [TEST_STEP][PASSED] - out.println("Transaction ID: " + traxID): null

2020-12-22 18:42:56 - [TEST_STEP][PASSED] - out.println("End Record Number: " + row): null

2020-12-22 18:42:56 - [TEST_STEP][PASSED] - closeBrowser(): Browser is closed

2020-12-22 18:42:57 - [MESSAGE][PASSED] - Browser is closed

2020-12-22 18:42:57 - [TEST_STEP][PASSED] - out.println("Begin Record Number: " + row): null

2020-12-22 18:42:57 - [TEST_STEP][PASSED] - openBrowser(VLinkURL + "authcap.html"): Browser is opened with url: 'https://dev-algorithm.govolution.com/vlinktest/QA/version_2_0/authcap.html'

2020-12-22 18:42:57 - [MESSAGE][INFO] - Starting 'Chrome' driver

2020-12-22 18:42:57 - [MESSAGE][INFO] - User set preference: ['acceptInsecureCerts', 'true']

2020-12-22 18:42:57 - [MESSAGE][INFO] - Action delay is set to 0 milliseconds

2020-12-22 18:43:01 - [MESSAGE][PASSED] - Browser is opened with url: 'https://dev-algorithm.govolution.com/vlinktest/QA/version_2_0/authcap.html'

2020-12-22 18:43:01 - [TEST_STEP][PASSED] - maximizeWindow(): Current window maximized

2020-12-22 18:43:01 - [MESSAGE][PASSED] - Current window maximized

2020-12-22 18:43:01 - [TEST_STEP][PASSED] - vlinkPages.saleCCPage.setDataSCC(row, dataFile): vlinkPages.saleCCPage.setDataSCC is PASSED

2020-12-22 18:43:02 - [MESSAGE][PASSED] - Object 'Object Repository/VLink/Page_CCSale/txt_CardNumber' is present

2020-12-22 18:43:03 - [MESSAGE][PASSED] - Object 'Object Repository/VLink/Page_CCSale/txt_TransactionType' is present

2020-12-22 18:43:03 - [MESSAGE][PASSED] - Text '104' is set on object 'Object Repository/VLink/Page_CCSale/txt_TransactionType'

2020-12-22 18:43:04 - [MESSAGE][PASSED] - Object 'Object Repository/VLink/Page_CCSale/txt_MessageVersion' is present

2020-12-22 18:43:04 - [MESSAGE][PASSED] - Text '2.0C' is set on object 'Object Repository/VLink/Page_CCSale/txt_MessageVersion'

2020-12-22 18:43:04 - [MESSAGE][PASSED] - Object 'Object Repository/VLink/Page_CCSale/txt_RemID' is present

2020-12-22 18:43:05 - [MESSAGE][PASSED] - Text '5g1IOoBTNPEY' is set on object 'Object Repository/VLink/Page_CCSale/txt_RemID'

2020-12-22 18:43:05 - [MESSAGE][PASSED] - Object 'Object Repository/VLink/Page_CCSale/txt_ApplicationId' is present

2020-12-22 18:43:06 - [MESSAGE][PASSED] - Text '665' is set on object 'Object Repository/VLink/Page_CCSale/txt_ApplicationId'

2020-12-22 18:43:06 - [MESSAGE][PASSED] - Object 'Object Repository/VLink/Page_CCSale/txt_Username' is present

2020-12-22 18:43:07 - [MESSAGE][PASSED] - Text 'username' is set on object 'Object Repository/VLink/Page_CCSale/txt_Username'

2020-12-22 18:43:07 - [MESSAGE][PASSED] - Object 'Object Repository/VLink/Page_CCSale/txt_Password' is present

2020-12-22 18:43:08 - [MESSAGE][PASSED] - Text 'password' is set on object 'Object Repository/VLink/Page_CCSale/txt_Password'

2020-12-22 18:43:08 - [MESSAGE][PASSED] - Object 'Object Repository/VLink/Page_CCSale/txt_ResponseFormat' is present

2020-12-22 18:43:09 - [MESSAGE][PASSED] - Text 'fixed_width' is set on object 'Object Repository/VLink/Page_CCSale/txt_ResponseFormat'

2020-12-22 18:43:09 - [MESSAGE][PASSED] - Object 'Object Repository/VLink/Page_CCSale/txt_Category' is present

2020-12-22 18:43:09 - [MESSAGE][PASSED] - Text 'RETL' is set on object 'Object Repository/VLink/Page_CCSale/txt_Category'

2020-12-22 18:43:10 - [MESSAGE][PASSED] - Object 'Object Repository/VLink/Page_CCSale/txt_TransactionID' is present

2020-12-22 18:43:10 - [MESSAGE][PASSED] - Text '' is set on object 'Object Repository/VLink/Page_CCSale/txt_TransactionID'

2020-12-22 18:43:11 - [MESSAGE][PASSED] - Object 'Object Repository/VLink/Page_CCSale/txt_ApprovalCode' is present

2020-12-22 18:43:11 - [MESSAGE][PASSED] - Text '' is set on object 'Object Repository/VLink/Page_CCSale/txt_ApprovalCode'

2020-12-22 18:43:12 - [MESSAGE][PASSED] - Object 'Object Repository/VLink/Page_CCSale/txt_CardName' is present

2020-12-22 18:43:12 - [MESSAGE][PASSED] - Text '' is set on object 'Object Repository/VLink/Page_CCSale/txt_CardName'

2020-12-22 18:43:13 - [MESSAGE][PASSED] - Object 'Object Repository/VLink/Page_CCSale/txt_AL1' is present

2020-12-22 18:43:13 - [MESSAGE][PASSED] - Text '' is set on object 'Object Repository/VLink/Page_CCSale/txt_AL1'

2020-12-22 18:43:14 - [MESSAGE][PASSED] - Object 'Object Repository/VLink/Page_CCSale/txt_AL2' is present

2020-12-22 18:43:14 - [MESSAGE][PASSED] - Text '' is set on object 'Object Repository/VLink/Page_CCSale/txt_AL2'

2020-12-22 18:43:15 - [MESSAGE][PASSED] - Object 'Object Repository/VLink/Page_CCSale/txt_CardCity' is present

2020-12-22 18:43:15 - [MESSAGE][PASSED] - Text '' is set on object 'Object Repository/VLink/Page_CCSale/txt_CardCity'

2020-12-22 18:43:16 - [MESSAGE][PASSED] - Object 'Object Repository/VLink/Page_CCSale/txt_CardState' is present

2020-12-22 18:43:16 - [MESSAGE][PASSED] - Text '' is set on object 'Object Repository/VLink/Page_CCSale/txt_CardState'

2020-12-22 18:43:17 - [MESSAGE][PASSED] - Object 'Object Repository/VLink/Page_CCSale/txt_CardZIP' is present

2020-12-22 18:43:17 - [MESSAGE][PASSED] - Text '' is set on object 'Object Repository/VLink/Page_CCSale/txt_CardZIP'

2020-12-22 18:43:18 - [MESSAGE][PASSED] - Object 'Object Repository/VLink/Page_CCSale/txt_CountryID' is present

2020-12-22 18:43:18 - [MESSAGE][PASSED] - Text '' is set on object 'Object Repository/VLink/Page_CCSale/txt_CountryID'

2020-12-22 18:43:19 - [MESSAGE][PASSED] - Object 'Object Repository/VLink/Page_CCSale/txt_Amount' is present

2020-12-22 18:43:19 - [MESSAGE][PASSED] - Text '1.50' is set on object 'Object Repository/VLink/Page_CCSale/txt_Amount'

2020-12-22 18:43:20 - [MESSAGE][PASSED] - Object 'Object Repository/VLink/Page_CCSale/txt_CardNumber' is present

2020-12-22 18:43:20 - [MESSAGE][PASSED] - Text '' is set on object 'Object Repository/VLink/Page_CCSale/txt_CardNumber'

2020-12-22 18:43:21 - [MESSAGE][PASSED] - Object 'Object Repository/VLink/Page_CCSale/txt_ExpMonth' is present

2020-12-22 18:43:21 - [MESSAGE][PASSED] - Text '' is set on object 'Object Repository/VLink/Page_CCSale/txt_ExpMonth'

2020-12-22 18:43:22 - [MESSAGE][PASSED] - Object 'Object Repository/VLink/Page_CCSale/txt_ExpYear' is present

2020-12-22 18:43:22 - [MESSAGE][PASSED] - Text '' is set on object 'Object Repository/VLink/Page_CCSale/txt_ExpYear'

2020-12-22 18:43:23 - [MESSAGE][PASSED] - Object 'Object Repository/VLink/Page_CCSale/txt_CVV' is present

2020-12-22 18:43:23 - [MESSAGE][PASSED] - Text '' is set on object 'Object Repository/VLink/Page_CCSale/txt_CVV'

2020-12-22 18:43:24 - [MESSAGE][PASSED] - Object 'Object Repository/VLink/Page_CCSale/txt_CVVstate' is present

2020-12-22 18:43:24 - [MESSAGE][PASSED] - Text '' is set on object 'Object Repository/VLink/Page_CCSale/txt_CVVstate'

2020-12-22 18:43:25 - [MESSAGE][PASSED] - Object 'Object Repository/VLink/Page_CCSale/txt_TrackData' is present

2020-12-22 18:43:25 - [MESSAGE][PASSED] - Text '' is set on object 'Object Repository/VLink/Page_CCSale/txt_TrackData'

2020-12-22 18:43:26 - [MESSAGE][PASSED] - Object 'Object Repository/VLink/Page_CCSale/txt_Track1Data' is present

2020-12-22 18:43:26 - [MESSAGE][PASSED] - Text '%B5567080011582646^AHMED/IMTIAZ              ^2303201090200000000000354000015?' is set on object 'Object Repository/VLink/Page_CCSale/txt_Track1Data'

2020-12-22 18:43:27 - [MESSAGE][PASSED] - Object 'Object Repository/VLink/Page_CCSale/txt_Track2Data' is present

2020-12-22 18:43:27 - [MESSAGE][PASSED] - Text '' is set on object 'Object Repository/VLink/Page_CCSale/txt_Track2Data'

2020-12-22 18:43:28 - [MESSAGE][PASSED] - Object 'Object Repository/VLink/Page_CCSale/txt_POSEntryMode' is present

2020-12-22 18:43:28 - [MESSAGE][PASSED] - Text '' is set on object 'Object Repository/VLink/Page_CCSale/txt_POSEntryMode'

2020-12-22 18:43:29 - [MESSAGE][PASSED] - Object 'Object Repository/VLink/Page_CCSale/txt_Email' is present

2020-12-22 18:43:29 - [MESSAGE][PASSED] - Text '' is set on object 'Object Repository/VLink/Page_CCSale/txt_Email'

2020-12-22 18:43:30 - [MESSAGE][PASSED] - Object 'Object Repository/VLink/Page_CCSale/txt_OrderNumber' is present

2020-12-22 18:43:30 - [MESSAGE][PASSED] - Text '' is set on object 'Object Repository/VLink/Page_CCSale/txt_OrderNumber'

2020-12-22 18:43:31 - [MESSAGE][PASSED] - Object 'Object Repository/VLink/Page_CCSale/txt_TaxAmount' is present

2020-12-22 18:43:31 - [MESSAGE][PASSED] - Text '' is set on object 'Object Repository/VLink/Page_CCSale/txt_TaxAmount'

2020-12-22 18:43:32 - [MESSAGE][PASSED] - Object 'Object Repository/VLink/Page_CCSale/txt_ChargeDescription' is present

2020-12-22 18:43:32 - [MESSAGE][PASSED] - Text '' is set on object 'Object Repository/VLink/Page_CCSale/txt_ChargeDescription'

2020-12-22 18:43:33 - [MESSAGE][PASSED] - Object 'Object Repository/VLink/Page_CCSale/txt_CAN' is present

2020-12-22 18:43:33 - [MESSAGE][PASSED] - Text '' is set on object 'Object Repository/VLink/Page_CCSale/txt_CAN'

2020-12-22 18:43:34 - [MESSAGE][PASSED] - Object 'Object Repository/VLink/Page_CCSale/txt_BillPaymentIndicator' is present

2020-12-22 18:43:34 - [MESSAGE][PASSED] - Text '' is set on object 'Object Repository/VLink/Page_CCSale/txt_BillPaymentIndicator'

2020-12-22 18:43:35 - [MESSAGE][PASSED] - Object 'Object Repository/VLink/Page_CCSale/txt_UDF1' is present

2020-12-22 18:43:35 - [MESSAGE][PASSED] - Text '' is set on object 'Object Repository/VLink/Page_CCSale/txt_UDF1'

2020-12-22 18:43:36 - [MESSAGE][PASSED] - Object 'Object Repository/VLink/Page_CCSale/txt_UDF2' is present

2020-12-22 18:43:36 - [MESSAGE][PASSED] - Text '' is set on object 'Object Repository/VLink/Page_CCSale/txt_UDF2'

2020-12-22 18:43:37 - [MESSAGE][PASSED] - Object 'Object Repository/VLink/Page_CCSale/txt_UDF3' is present

2020-12-22 18:43:37 - [MESSAGE][PASSED] - Text '' is set on object 'Object Repository/VLink/Page_CCSale/txt_UDF3'

2020-12-22 18:43:38 - [MESSAGE][PASSED] - Object 'Object Repository/VLink/Page_CCSale/txt_UDF4' is present

2020-12-22 18:43:38 - [MESSAGE][PASSED] - Text '' is set on object 'Object Repository/VLink/Page_CCSale/txt_UDF4'

2020-12-22 18:43:39 - [MESSAGE][PASSED] - Object 'Object Repository/VLink/Page_CCSale/txt_UDF5' is present

2020-12-22 18:43:39 - [MESSAGE][PASSED] - Text '' is set on object 'Object Repository/VLink/Page_CCSale/txt_UDF5'

2020-12-22 18:43:40 - [MESSAGE][PASSED] - Object 'Object Repository/VLink/Page_CCSale/txt_UDF6' is present

2020-12-22 18:43:40 - [MESSAGE][PASSED] - Text '' is set on object 'Object Repository/VLink/Page_CCSale/txt_UDF6'

2020-12-22 18:43:41 - [MESSAGE][PASSED] - Object 'Object Repository/VLink/Page_CCSale/txt_UDF7' is present

2020-12-22 18:43:41 - [MESSAGE][PASSED] - Text '' is set on object 'Object Repository/VLink/Page_CCSale/txt_UDF7'

2020-12-22 18:43:42 - [MESSAGE][PASSED] - Object 'Object Repository/VLink/Page_CCSale/txt_UDF8' is present

2020-12-22 18:43:42 - [MESSAGE][PASSED] - Text '' is set on object 'Object Repository/VLink/Page_CCSale/txt_UDF8'

2020-12-22 18:43:43 - [MESSAGE][PASSED] - Object 'Object Repository/VLink/Page_CCSale/txt_UDF9' is present

2020-12-22 18:43:43 - [MESSAGE][PASSED] - Text '' is set on object 'Object Repository/VLink/Page_CCSale/txt_UDF9'

2020-12-22 18:43:44 - [MESSAGE][PASSED] - Object 'Object Repository/VLink/Page_CCSale/txt_UDF10' is present

2020-12-22 18:43:44 - [MESSAGE][PASSED] - Text '' is set on object 'Object Repository/VLink/Page_CCSale/txt_UDF10'

2020-12-22 18:43:45 - [MESSAGE][PASSED] - Object 'Object Repository/VLink/Page_CCSale/txt_CardOnFileIndicator' is present

2020-12-22 18:43:45 - [MESSAGE][PASSED] - Text '' is set on object 'Object Repository/VLink/Page_CCSale/txt_CardOnFileIndicator'

2020-12-22 18:43:46 - [MESSAGE][PASSED] - Object 'Object Repository/VLink/Page_CCSale/txt_StoredCredentialIndicator' is present

2020-12-22 18:43:46 - [MESSAGE][PASSED] - Text '' is set on object 'Object Repository/VLink/Page_CCSale/txt_StoredCredentialIndicator'

2020-12-22 18:43:47 - [MESSAGE][PASSED] - Object 'Object Repository/VLink/Page_CCSale/txt_COFScheduledIndicator' is present

2020-12-22 18:43:47 - [MESSAGE][PASSED] - Text '' is set on object 'Object Repository/VLink/Page_CCSale/txt_COFScheduledIndicator'

2020-12-22 18:43:48 - [MESSAGE][PASSED] - Object 'Object Repository/VLink/Page_CCSale/txt_COFTransactionInitiatedBy' is present

2020-12-22 18:43:48 - [MESSAGE][PASSED] - Text '' is set on object 'Object Repository/VLink/Page_CCSale/txt_COFTransactionInitiatedBy'

2020-12-22 18:43:49 - [MESSAGE][PASSED] - Object: 'Object Repository/VLink/Page_CCSale/btn_ProcessVLinkTransaction' is clicked on

2020-12-22 18:43:54 - [MESSAGE][PASSED] - vlinkPages.saleCCPage.setDataSCC is PASSED

2020-12-22 18:43:54 - [TEST_STEP][FAILED] - if (verifyTextPresent("Transaction approved, no errors", true)): Text 'Transaction approved, no errors' is not present on page  using regular expression (Root cause: com.kms.katalon.core.exception.StepFailedException: Text 'Transaction approved, no errors' is not present on page  using regular expression
	at com.kms.katalon.core.webui.keyword.internal.WebUIKeywordMain.stepFailed(WebUIKeywordMain.groovy:64)
	at com.kms.katalon.core.webui.keyword.builtin.VerifyTextPresentKeyword$_verifyTextPresent_closure1.doCall(VerifyTextPresentKeyword.groovy:79)
	at com.kms.katalon.core.webui.keyword.builtin.VerifyTextPresentKeyword$_verifyTextPresent_closure1.call(VerifyTextPresentKeyword.groovy)
	at com.kms.katalon.core.webui.keyword.internal.WebUIKeywordMain.runKeyword(WebUIKeywordMain.groovy:20)
	at com.kms.katalon.core.webui.keyword.builtin.VerifyTextPresentKeyword.verifyTextPresent(VerifyTextPresentKeyword.groovy:83)
	at com.kms.katalon.core.webui.keyword.builtin.VerifyTextPresentKeyword.execute(VerifyTextPresentKeyword.groovy:68)
	at com.kms.katalon.core.keyword.internal.KeywordExecutor.executeKeywordForPlatform(KeywordExecutor.groovy:72)
	at com.kms.katalon.core.webui.keyword.WebUiBuiltInKeywords.verifyTextPresent(WebUiBuiltInKeywords.groovy:1719)
	at com.kms.katalon.core.webui.keyword.WebUiBuiltInKeywords$verifyTextPresent$6.call(Unknown Source)
	at VLinkSale-Successful.run(VLinkSale-Successful:60)
	at com.kms.katalon.core.main.ScriptEngine.run(ScriptEngine.java:194)
	at com.kms.katalon.core.main.ScriptEngine.runScriptAsRawText(ScriptEngine.java:119)
	at com.kms.katalon.core.main.TestCaseExecutor.runScript(TestCaseExecutor.java:337)
	at com.kms.katalon.core.main.TestCaseExecutor.doExecute(TestCaseExecutor.java:328)
	at com.kms.katalon.core.main.TestCaseExecutor.processExecutionPhase(TestCaseExecutor.java:307)
	at com.kms.katalon.core.main.TestCaseExecutor.accessMainPhase(TestCaseExecutor.java:299)
	at com.kms.katalon.core.main.TestCaseExecutor.execute(TestCaseExecutor.java:233)
	at com.kms.katalon.core.main.TestSuiteExecutor.accessTestCaseMainPhase(TestSuiteExecutor.java:169)
	at com.kms.katalon.core.main.TestSuiteExecutor.accessTestSuiteMainPhase(TestSuiteExecutor.java:142)
	at com.kms.katalon.core.main.TestSuiteExecutor.execute(TestSuiteExecutor.java:91)
	at com.kms.katalon.core.main.TestCaseMain.startTestSuite(TestCaseMain.java:157)
	at com.kms.katalon.core.main.TestCaseMain$startTestSuite$0.call(Unknown Source)
	at TempTestSuite1608674252830.run(TempTestSuite1608674252830.groovy:37)
)

2020-12-22 18:43:54 - [MESSAGE][FAILED] - Text 'Transaction approved, no errors' is not present on page  using regular expression (Root cause: com.kms.katalon.core.exception.StepFailedException: Text 'Transaction approved, no errors' is not present on page  using regular expression
	at com.kms.katalon.core.webui.keyword.internal.WebUIKeywordMain.stepFailed(WebUIKeywordMain.groovy:64)
	at com.kms.katalon.core.webui.keyword.builtin.VerifyTextPresentKeyword$_verifyTextPresent_closure1.doCall(VerifyTextPresentKeyword.groovy:79)
	at com.kms.katalon.core.webui.keyword.builtin.VerifyTextPresentKeyword$_verifyTextPresent_closure1.call(VerifyTextPresentKeyword.groovy)
	at com.kms.katalon.core.webui.keyword.internal.WebUIKeywordMain.runKeyword(WebUIKeywordMain.groovy:20)
	at com.kms.katalon.core.webui.keyword.builtin.VerifyTextPresentKeyword.verifyTextPresent(VerifyTextPresentKeyword.groovy:83)
	at com.kms.katalon.core.webui.keyword.builtin.VerifyTextPresentKeyword.execute(VerifyTextPresentKeyword.groovy:68)
	at com.kms.katalon.core.keyword.internal.KeywordExecutor.executeKeywordForPlatform(KeywordExecutor.groovy:72)
	at com.kms.katalon.core.webui.keyword.WebUiBuiltInKeywords.verifyTextPresent(WebUiBuiltInKeywords.groovy:1719)
	at com.kms.katalon.core.webui.keyword.WebUiBuiltInKeywords$verifyTextPresent$6.call(Unknown Source)
	at VLinkSale-Successful.run(VLinkSale-Successful:60)
	at com.kms.katalon.core.main.ScriptEngine.run(ScriptEngine.java:194)
	at com.kms.katalon.core.main.ScriptEngine.runScriptAsRawText(ScriptEngine.java:119)
	at com.kms.katalon.core.main.TestCaseExecutor.runScript(TestCaseExecutor.java:337)
	at com.kms.katalon.core.main.TestCaseExecutor.doExecute(TestCaseExecutor.java:328)
	at com.kms.katalon.core.main.TestCaseExecutor.processExecutionPhase(TestCaseExecutor.java:307)
	at com.kms.katalon.core.main.TestCaseExecutor.accessMainPhase(TestCaseExecutor.java:299)
	at com.kms.katalon.core.main.TestCaseExecutor.execute(TestCaseExecutor.java:233)
	at com.kms.katalon.core.main.TestSuiteExecutor.accessTestCaseMainPhase(TestSuiteExecutor.java:169)
	at com.kms.katalon.core.main.TestSuiteExecutor.accessTestSuiteMainPhase(TestSuiteExecutor.java:142)
	at com.kms.katalon.core.main.TestSuiteExecutor.execute(TestSuiteExecutor.java:91)
	at com.kms.katalon.core.main.TestCaseMain.startTestSuite(TestCaseMain.java:157)
	at com.kms.katalon.core.main.TestCaseMain$startTestSuite$0.call(Unknown Source)
	at TempTestSuite1608674252830.run(TempTestSuite1608674252830.groovy:37)
)

2020-12-22 18:43:54 - [TEST_STEP][PASSED] - else: null

2020-12-22 18:43:54 - [TEST_STEP][PASSED] - println("Transaction Approved, no errors text is not present on the Confirmation page"): null

2020-12-22 18:43:54 - [TEST_STEP][PASSED] - out.println("Fail Record Number: " + row): null

2020-12-22 18:43:54 - [TEST_STEP][PASSED] - sdfo = getText(findTestObject("Object Repository/Page_VLinkReceipt/pre_STX")): Text of object 'Object Repository/Page_VLinkReceipt/pre_STX' is: '<STX>5g1IOoBTNPEY                  12088019            2  Transaction failed                                1  General platform system error                                                              <ETX>'

2020-12-22 18:43:55 - [MESSAGE][PASSED] - Text of object 'Object Repository/Page_VLinkReceipt/pre_STX' is: '<STX>5g1IOoBTNPEY                  12088019            2  Transaction failed                                1  General platform system error                                                              <ETX>'

2020-12-22 18:43:55 - [TEST_STEP][PASSED] - out.println("sdfo: " + sdfo): null

2020-12-22 18:43:55 - [TEST_STEP][PASSED] - remID = substring(5, 35).trim(): null

2020-12-22 18:43:55 - [TEST_STEP][PASSED] - out.println("Remittance ID: " + remID): null

2020-12-22 18:43:55 - [TEST_STEP][PASSED] - traxID = substring(35, 55).trim(): null

2020-12-22 18:43:55 - [TEST_STEP][PASSED] - out.println("Transaction ID: " + traxID): null

2020-12-22 18:43:55 - [TEST_STEP][PASSED] - out.println("End Record Number: " + row): null

2020-12-22 18:43:55 - [TEST_STEP][PASSED] - closeBrowser(): Browser is closed

2020-12-22 18:43:56 - [MESSAGE][PASSED] - Browser is closed

2020-12-22 18:43:56 - [TEST_STEP][PASSED] - out.println("Begin Record Number: " + row): null

2020-12-22 18:43:56 - [TEST_STEP][PASSED] - openBrowser(VLinkURL + "authcap.html"): Browser is opened with url: 'https://dev-algorithm.govolution.com/vlinktest/QA/version_2_0/authcap.html'

2020-12-22 18:43:56 - [MESSAGE][INFO] - Starting 'Chrome' driver

2020-12-22 18:43:56 - [MESSAGE][INFO] - User set preference: ['acceptInsecureCerts', 'true']

2020-12-22 18:43:56 - [MESSAGE][INFO] - Action delay is set to 0 milliseconds

2020-12-22 18:44:00 - [MESSAGE][PASSED] - Browser is opened with url: 'https://dev-algorithm.govolution.com/vlinktest/QA/version_2_0/authcap.html'

2020-12-22 18:44:00 - [TEST_STEP][PASSED] - maximizeWindow(): Current window maximized

2020-12-22 18:44:00 - [MESSAGE][PASSED] - Current window maximized

2020-12-22 18:44:00 - [TEST_STEP][PASSED] - vlinkPages.saleCCPage.setDataSCC(row, dataFile): vlinkPages.saleCCPage.setDataSCC is PASSED

2020-12-22 18:44:01 - [MESSAGE][PASSED] - Object 'Object Repository/VLink/Page_CCSale/txt_CardNumber' is present

2020-12-22 18:44:02 - [MESSAGE][PASSED] - Object 'Object Repository/VLink/Page_CCSale/txt_TransactionType' is present

2020-12-22 18:44:02 - [MESSAGE][PASSED] - Text '104' is set on object 'Object Repository/VLink/Page_CCSale/txt_TransactionType'

2020-12-22 18:44:03 - [MESSAGE][PASSED] - Object 'Object Repository/VLink/Page_CCSale/txt_MessageVersion' is present

2020-12-22 18:44:03 - [MESSAGE][PASSED] - Text '2.0C' is set on object 'Object Repository/VLink/Page_CCSale/txt_MessageVersion'

2020-12-22 18:44:03 - [MESSAGE][PASSED] - Object 'Object Repository/VLink/Page_CCSale/txt_RemID' is present

2020-12-22 18:44:04 - [MESSAGE][PASSED] - Text 'ylikrBiDto2L' is set on object 'Object Repository/VLink/Page_CCSale/txt_RemID'

2020-12-22 18:44:04 - [MESSAGE][PASSED] - Object 'Object Repository/VLink/Page_CCSale/txt_ApplicationId' is present

2020-12-22 18:44:05 - [MESSAGE][PASSED] - Text '665' is set on object 'Object Repository/VLink/Page_CCSale/txt_ApplicationId'

2020-12-22 18:44:05 - [MESSAGE][PASSED] - Object 'Object Repository/VLink/Page_CCSale/txt_Username' is present

2020-12-22 18:44:06 - [MESSAGE][PASSED] - Text 'username' is set on object 'Object Repository/VLink/Page_CCSale/txt_Username'

2020-12-22 18:44:06 - [MESSAGE][PASSED] - Object 'Object Repository/VLink/Page_CCSale/txt_Password' is present

2020-12-22 18:44:07 - [MESSAGE][PASSED] - Text 'password' is set on object 'Object Repository/VLink/Page_CCSale/txt_Password'

2020-12-22 18:44:07 - [MESSAGE][PASSED] - Object 'Object Repository/VLink/Page_CCSale/txt_ResponseFormat' is present

2020-12-22 18:44:08 - [MESSAGE][PASSED] - Text 'fixed_width' is set on object 'Object Repository/VLink/Page_CCSale/txt_ResponseFormat'

2020-12-22 18:44:08 - [MESSAGE][PASSED] - Object 'Object Repository/VLink/Page_CCSale/txt_Category' is present

2020-12-22 18:44:08 - [MESSAGE][PASSED] - Text 'RETL' is set on object 'Object Repository/VLink/Page_CCSale/txt_Category'

2020-12-22 18:44:09 - [MESSAGE][PASSED] - Object 'Object Repository/VLink/Page_CCSale/txt_TransactionID' is present

2020-12-22 18:44:09 - [MESSAGE][PASSED] - Text '' is set on object 'Object Repository/VLink/Page_CCSale/txt_TransactionID'

2020-12-22 18:44:10 - [MESSAGE][PASSED] - Object 'Object Repository/VLink/Page_CCSale/txt_ApprovalCode' is present

2020-12-22 18:44:10 - [MESSAGE][PASSED] - Text '' is set on object 'Object Repository/VLink/Page_CCSale/txt_ApprovalCode'

2020-12-22 18:44:10 - [MESSAGE][PASSED] - Object 'Object Repository/VLink/Page_CCSale/txt_CardName' is present

2020-12-22 18:44:11 - [MESSAGE][PASSED] - Text 'Angelo Matt' is set on object 'Object Repository/VLink/Page_CCSale/txt_CardName'

2020-12-22 18:44:11 - [MESSAGE][PASSED] - Object 'Object Repository/VLink/Page_CCSale/txt_AL1' is present

2020-12-22 18:44:12 - [MESSAGE][PASSED] - Text '' is set on object 'Object Repository/VLink/Page_CCSale/txt_AL1'

2020-12-22 18:44:12 - [MESSAGE][PASSED] - Object 'Object Repository/VLink/Page_CCSale/txt_AL2' is present

2020-12-22 18:44:13 - [MESSAGE][PASSED] - Text '' is set on object 'Object Repository/VLink/Page_CCSale/txt_AL2'

2020-12-22 18:44:13 - [MESSAGE][PASSED] - Object 'Object Repository/VLink/Page_CCSale/txt_CardCity' is present

2020-12-22 18:44:14 - [MESSAGE][PASSED] - Text '' is set on object 'Object Repository/VLink/Page_CCSale/txt_CardCity'

2020-12-22 18:44:14 - [MESSAGE][PASSED] - Object 'Object Repository/VLink/Page_CCSale/txt_CardState' is present

2020-12-22 18:44:15 - [MESSAGE][PASSED] - Text '' is set on object 'Object Repository/VLink/Page_CCSale/txt_CardState'

2020-12-22 18:44:15 - [MESSAGE][PASSED] - Object 'Object Repository/VLink/Page_CCSale/txt_CardZIP' is present

2020-12-22 18:44:16 - [MESSAGE][PASSED] - Text '' is set on object 'Object Repository/VLink/Page_CCSale/txt_CardZIP'

2020-12-22 18:44:16 - [MESSAGE][PASSED] - Object 'Object Repository/VLink/Page_CCSale/txt_CountryID' is present

2020-12-22 18:44:17 - [MESSAGE][PASSED] - Text '' is set on object 'Object Repository/VLink/Page_CCSale/txt_CountryID'

2020-12-22 18:44:17 - [MESSAGE][PASSED] - Object 'Object Repository/VLink/Page_CCSale/txt_Amount' is present

2020-12-22 18:44:18 - [MESSAGE][PASSED] - Text '1.50' is set on object 'Object Repository/VLink/Page_CCSale/txt_Amount'

2020-12-22 18:44:18 - [MESSAGE][PASSED] - Object 'Object Repository/VLink/Page_CCSale/txt_CardNumber' is present

2020-12-22 18:44:19 - [MESSAGE][PASSED] - Text '' is set on object 'Object Repository/VLink/Page_CCSale/txt_CardNumber'

2020-12-22 18:44:19 - [MESSAGE][PASSED] - Object 'Object Repository/VLink/Page_CCSale/txt_ExpMonth' is present

2020-12-22 18:44:20 - [MESSAGE][PASSED] - Text '' is set on object 'Object Repository/VLink/Page_CCSale/txt_ExpMonth'

2020-12-22 18:44:20 - [MESSAGE][PASSED] - Object 'Object Repository/VLink/Page_CCSale/txt_ExpYear' is present

2020-12-22 18:44:21 - [MESSAGE][PASSED] - Text '' is set on object 'Object Repository/VLink/Page_CCSale/txt_ExpYear'

2020-12-22 18:44:21 - [MESSAGE][PASSED] - Object 'Object Repository/VLink/Page_CCSale/txt_CVV' is present

2020-12-22 18:44:22 - [MESSAGE][PASSED] - Text '' is set on object 'Object Repository/VLink/Page_CCSale/txt_CVV'

2020-12-22 18:44:22 - [MESSAGE][PASSED] - Object 'Object Repository/VLink/Page_CCSale/txt_CVVstate' is present

2020-12-22 18:44:23 - [MESSAGE][PASSED] - Text '' is set on object 'Object Repository/VLink/Page_CCSale/txt_CVVstate'

2020-12-22 18:44:23 - [MESSAGE][PASSED] - Object 'Object Repository/VLink/Page_CCSale/txt_TrackData' is present

2020-12-22 18:44:24 - [MESSAGE][PASSED] - Text '' is set on object 'Object Repository/VLink/Page_CCSale/txt_TrackData'

2020-12-22 18:44:24 - [MESSAGE][PASSED] - Object 'Object Repository/VLink/Page_CCSale/txt_Track1Data' is present

2020-12-22 18:44:25 - [MESSAGE][PASSED] - Text '' is set on object 'Object Repository/VLink/Page_CCSale/txt_Track1Data'

2020-12-22 18:44:25 - [MESSAGE][PASSED] - Object 'Object Repository/VLink/Page_CCSale/txt_Track2Data' is present

2020-12-22 18:44:26 - [MESSAGE][PASSED] - Text ';5567080011582646=23032010902035400015?' is set on object 'Object Repository/VLink/Page_CCSale/txt_Track2Data'

2020-12-22 18:44:26 - [MESSAGE][PASSED] - Object 'Object Repository/VLink/Page_CCSale/txt_POSEntryMode' is present

2020-12-22 18:44:27 - [MESSAGE][PASSED] - Text '' is set on object 'Object Repository/VLink/Page_CCSale/txt_POSEntryMode'

2020-12-22 18:44:27 - [MESSAGE][PASSED] - Object 'Object Repository/VLink/Page_CCSale/txt_Email' is present

2020-12-22 18:44:28 - [MESSAGE][PASSED] - Text '' is set on object 'Object Repository/VLink/Page_CCSale/txt_Email'

2020-12-22 18:44:28 - [MESSAGE][PASSED] - Object 'Object Repository/VLink/Page_CCSale/txt_OrderNumber' is present

2020-12-22 18:44:29 - [MESSAGE][PASSED] - Text '' is set on object 'Object Repository/VLink/Page_CCSale/txt_OrderNumber'

2020-12-22 18:44:29 - [MESSAGE][PASSED] - Object 'Object Repository/VLink/Page_CCSale/txt_TaxAmount' is present

2020-12-22 18:44:30 - [MESSAGE][PASSED] - Text '' is set on object 'Object Repository/VLink/Page_CCSale/txt_TaxAmount'

2020-12-22 18:44:31 - [MESSAGE][PASSED] - Object 'Object Repository/VLink/Page_CCSale/txt_ChargeDescription' is present

2020-12-22 18:44:31 - [MESSAGE][PASSED] - Text '' is set on object 'Object Repository/VLink/Page_CCSale/txt_ChargeDescription'

2020-12-22 18:44:32 - [MESSAGE][PASSED] - Object 'Object Repository/VLink/Page_CCSale/txt_CAN' is present

2020-12-22 18:44:32 - [MESSAGE][PASSED] - Text '' is set on object 'Object Repository/VLink/Page_CCSale/txt_CAN'

2020-12-22 18:44:33 - [MESSAGE][PASSED] - Object 'Object Repository/VLink/Page_CCSale/txt_BillPaymentIndicator' is present

2020-12-22 18:44:33 - [MESSAGE][PASSED] - Text '' is set on object 'Object Repository/VLink/Page_CCSale/txt_BillPaymentIndicator'

2020-12-22 18:44:34 - [MESSAGE][PASSED] - Object 'Object Repository/VLink/Page_CCSale/txt_UDF1' is present

2020-12-22 18:44:34 - [MESSAGE][PASSED] - Text '' is set on object 'Object Repository/VLink/Page_CCSale/txt_UDF1'

2020-12-22 18:44:35 - [MESSAGE][PASSED] - Object 'Object Repository/VLink/Page_CCSale/txt_UDF2' is present

2020-12-22 18:44:35 - [MESSAGE][PASSED] - Text '' is set on object 'Object Repository/VLink/Page_CCSale/txt_UDF2'

2020-12-22 18:44:36 - [MESSAGE][PASSED] - Object 'Object Repository/VLink/Page_CCSale/txt_UDF3' is present

2020-12-22 18:44:36 - [MESSAGE][PASSED] - Text '' is set on object 'Object Repository/VLink/Page_CCSale/txt_UDF3'

2020-12-22 18:44:37 - [MESSAGE][PASSED] - Object 'Object Repository/VLink/Page_CCSale/txt_UDF4' is present

2020-12-22 18:44:37 - [MESSAGE][PASSED] - Text '' is set on object 'Object Repository/VLink/Page_CCSale/txt_UDF4'

2020-12-22 18:44:38 - [MESSAGE][PASSED] - Object 'Object Repository/VLink/Page_CCSale/txt_UDF5' is present

2020-12-22 18:44:38 - [MESSAGE][PASSED] - Text '' is set on object 'Object Repository/VLink/Page_CCSale/txt_UDF5'

2020-12-22 18:44:39 - [MESSAGE][PASSED] - Object 'Object Repository/VLink/Page_CCSale/txt_UDF6' is present

2020-12-22 18:44:39 - [MESSAGE][PASSED] - Text '' is set on object 'Object Repository/VLink/Page_CCSale/txt_UDF6'

2020-12-22 18:44:40 - [MESSAGE][PASSED] - Object 'Object Repository/VLink/Page_CCSale/txt_UDF7' is present

2020-12-22 18:44:40 - [MESSAGE][PASSED] - Text '' is set on object 'Object Repository/VLink/Page_CCSale/txt_UDF7'

2020-12-22 18:44:41 - [MESSAGE][PASSED] - Object 'Object Repository/VLink/Page_CCSale/txt_UDF8' is present

2020-12-22 18:44:41 - [MESSAGE][PASSED] - Text '' is set on object 'Object Repository/VLink/Page_CCSale/txt_UDF8'

2020-12-22 18:44:42 - [MESSAGE][PASSED] - Object 'Object Repository/VLink/Page_CCSale/txt_UDF9' is present

2020-12-22 18:44:42 - [MESSAGE][PASSED] - Text '' is set on object 'Object Repository/VLink/Page_CCSale/txt_UDF9'

2020-12-22 18:44:42 - [MESSAGE][PASSED] - Object 'Object Repository/VLink/Page_CCSale/txt_UDF10' is present

2020-12-22 18:44:43 - [MESSAGE][PASSED] - Text '' is set on object 'Object Repository/VLink/Page_CCSale/txt_UDF10'

2020-12-22 18:44:43 - [MESSAGE][PASSED] - Object 'Object Repository/VLink/Page_CCSale/txt_CardOnFileIndicator' is present

2020-12-22 18:44:44 - [MESSAGE][PASSED] - Text '' is set on object 'Object Repository/VLink/Page_CCSale/txt_CardOnFileIndicator'

2020-12-22 18:44:44 - [MESSAGE][PASSED] - Object 'Object Repository/VLink/Page_CCSale/txt_StoredCredentialIndicator' is present

2020-12-22 18:44:45 - [MESSAGE][PASSED] - Text '' is set on object 'Object Repository/VLink/Page_CCSale/txt_StoredCredentialIndicator'

2020-12-22 18:44:45 - [MESSAGE][PASSED] - Object 'Object Repository/VLink/Page_CCSale/txt_COFScheduledIndicator' is present

2020-12-22 18:44:46 - [MESSAGE][PASSED] - Text '' is set on object 'Object Repository/VLink/Page_CCSale/txt_COFScheduledIndicator'

2020-12-22 18:44:46 - [MESSAGE][PASSED] - Object 'Object Repository/VLink/Page_CCSale/txt_COFTransactionInitiatedBy' is present

2020-12-22 18:44:47 - [MESSAGE][PASSED] - Text '' is set on object 'Object Repository/VLink/Page_CCSale/txt_COFTransactionInitiatedBy'

2020-12-22 18:44:50 - [MESSAGE][PASSED] - Object: 'Object Repository/VLink/Page_CCSale/btn_ProcessVLinkTransaction' is clicked on

2020-12-22 18:44:55 - [MESSAGE][PASSED] - vlinkPages.saleCCPage.setDataSCC is PASSED

2020-12-22 18:44:55 - [TEST_STEP][PASSED] - if (verifyTextPresent("Transaction approved, no errors", true)): null

2020-12-22 18:44:55 - [MESSAGE][PASSED] - Text 'Transaction approved, no errors' is present on page  using regular expression

2020-12-22 18:44:55 - [TEST_STEP][PASSED] - println("Transaction Approved, no errors text is present on the Confirmation page"): null

2020-12-22 18:44:55 - [TEST_STEP][PASSED] - out.println("Pass Record Number: " + row): null

2020-12-22 18:44:55 - [TEST_STEP][PASSED] - sdfo = getText(findTestObject("Object Repository/Page_VLinkReceipt/pre_STX")): Text of object 'Object Repository/Page_VLinkReceipt/pre_STX' is: '<STX>ylikrBiDto2L                  12088020            0  Transaction approved, no errors                   0                                                                                  R OK9110   <ETX>'

2020-12-22 18:44:55 - [MESSAGE][PASSED] - Text of object 'Object Repository/Page_VLinkReceipt/pre_STX' is: '<STX>ylikrBiDto2L                  12088020            0  Transaction approved, no errors                   0                                                                                  R OK9110   <ETX>'

2020-12-22 18:44:55 - [TEST_STEP][PASSED] - out.println("sdfo: " + sdfo): null

2020-12-22 18:44:55 - [TEST_STEP][PASSED] - remID = substring(5, 35).trim(): null

2020-12-22 18:44:55 - [TEST_STEP][PASSED] - out.println("Remittance ID: " + remID): null

2020-12-22 18:44:55 - [TEST_STEP][PASSED] - traxID = substring(35, 55).trim(): null

2020-12-22 18:44:55 - [TEST_STEP][PASSED] - out.println("Transaction ID: " + traxID): null

2020-12-22 18:44:55 - [TEST_STEP][PASSED] - out.println("End Record Number: " + row): null

2020-12-22 18:44:55 - [TEST_STEP][PASSED] - closeBrowser(): Browser is closed

2020-12-22 18:44:56 - [MESSAGE][PASSED] - Browser is closed

2020-12-22 18:44:56 - [TEST_STEP][PASSED] - out.println("Begin Record Number: " + row): null

2020-12-22 18:44:56 - [TEST_STEP][PASSED] - openBrowser(VLinkURL + "authcap.html"): Browser is opened with url: 'https://dev-algorithm.govolution.com/vlinktest/QA/version_2_0/authcap.html'

2020-12-22 18:44:56 - [MESSAGE][INFO] - Starting 'Chrome' driver

2020-12-22 18:44:56 - [MESSAGE][INFO] - User set preference: ['acceptInsecureCerts', 'true']

2020-12-22 18:44:56 - [MESSAGE][INFO] - Action delay is set to 0 milliseconds

2020-12-22 18:45:00 - [MESSAGE][PASSED] - Browser is opened with url: 'https://dev-algorithm.govolution.com/vlinktest/QA/version_2_0/authcap.html'

2020-12-22 18:45:00 - [TEST_STEP][PASSED] - maximizeWindow(): Current window maximized

2020-12-22 18:45:00 - [MESSAGE][PASSED] - Current window maximized

2020-12-22 18:45:00 - [TEST_STEP][PASSED] - vlinkPages.saleCCPage.setDataSCC(row, dataFile): vlinkPages.saleCCPage.setDataSCC is PASSED

2020-12-22 18:45:01 - [MESSAGE][PASSED] - Object 'Object Repository/VLink/Page_CCSale/txt_CardNumber' is present

2020-12-22 18:45:01 - [MESSAGE][PASSED] - Object 'Object Repository/VLink/Page_CCSale/txt_TransactionType' is present

2020-12-22 18:45:02 - [MESSAGE][PASSED] - Text '104' is set on object 'Object Repository/VLink/Page_CCSale/txt_TransactionType'

2020-12-22 18:45:02 - [MESSAGE][PASSED] - Object 'Object Repository/VLink/Page_CCSale/txt_MessageVersion' is present

2020-12-22 18:45:03 - [MESSAGE][PASSED] - Text '2.0C' is set on object 'Object Repository/VLink/Page_CCSale/txt_MessageVersion'

2020-12-22 18:45:03 - [MESSAGE][PASSED] - Object 'Object Repository/VLink/Page_CCSale/txt_RemID' is present

2020-12-22 18:45:04 - [MESSAGE][PASSED] - Text 'l0UPbvxySL9m' is set on object 'Object Repository/VLink/Page_CCSale/txt_RemID'

2020-12-22 18:45:04 - [MESSAGE][PASSED] - Object 'Object Repository/VLink/Page_CCSale/txt_ApplicationId' is present

2020-12-22 18:45:05 - [MESSAGE][PASSED] - Text '665' is set on object 'Object Repository/VLink/Page_CCSale/txt_ApplicationId'

2020-12-22 18:45:05 - [MESSAGE][PASSED] - Object 'Object Repository/VLink/Page_CCSale/txt_Username' is present

2020-12-22 18:45:06 - [MESSAGE][PASSED] - Text 'username' is set on object 'Object Repository/VLink/Page_CCSale/txt_Username'

2020-12-22 18:45:06 - [MESSAGE][PASSED] - Object 'Object Repository/VLink/Page_CCSale/txt_Password' is present

2020-12-22 18:45:07 - [MESSAGE][PASSED] - Text 'password' is set on object 'Object Repository/VLink/Page_CCSale/txt_Password'

2020-12-22 18:45:07 - [MESSAGE][PASSED] - Object 'Object Repository/VLink/Page_CCSale/txt_ResponseFormat' is present

2020-12-22 18:45:07 - [MESSAGE][PASSED] - Text 'fixed_width' is set on object 'Object Repository/VLink/Page_CCSale/txt_ResponseFormat'

2020-12-22 18:45:08 - [MESSAGE][PASSED] - Object 'Object Repository/VLink/Page_CCSale/txt_Category' is present

2020-12-22 18:45:08 - [MESSAGE][PASSED] - Text 'RETL' is set on object 'Object Repository/VLink/Page_CCSale/txt_Category'

2020-12-22 18:45:09 - [MESSAGE][PASSED] - Object 'Object Repository/VLink/Page_CCSale/txt_TransactionID' is present

2020-12-22 18:45:09 - [MESSAGE][PASSED] - Text '' is set on object 'Object Repository/VLink/Page_CCSale/txt_TransactionID'

2020-12-22 18:45:09 - [MESSAGE][PASSED] - Object 'Object Repository/VLink/Page_CCSale/txt_ApprovalCode' is present

2020-12-22 18:45:10 - [MESSAGE][PASSED] - Text '' is set on object 'Object Repository/VLink/Page_CCSale/txt_ApprovalCode'

2020-12-22 18:45:10 - [MESSAGE][PASSED] - Object 'Object Repository/VLink/Page_CCSale/txt_CardName' is present

2020-12-22 18:45:11 - [MESSAGE][PASSED] - Text '' is set on object 'Object Repository/VLink/Page_CCSale/txt_CardName'

2020-12-22 18:45:11 - [MESSAGE][PASSED] - Object 'Object Repository/VLink/Page_CCSale/txt_AL1' is present

2020-12-22 18:45:12 - [MESSAGE][PASSED] - Text '' is set on object 'Object Repository/VLink/Page_CCSale/txt_AL1'

2020-12-22 18:45:12 - [MESSAGE][PASSED] - Object 'Object Repository/VLink/Page_CCSale/txt_AL2' is present

2020-12-22 18:45:13 - [MESSAGE][PASSED] - Text '' is set on object 'Object Repository/VLink/Page_CCSale/txt_AL2'

2020-12-22 18:45:13 - [MESSAGE][PASSED] - Object 'Object Repository/VLink/Page_CCSale/txt_CardCity' is present

2020-12-22 18:45:14 - [MESSAGE][PASSED] - Text '' is set on object 'Object Repository/VLink/Page_CCSale/txt_CardCity'

2020-12-22 18:45:14 - [MESSAGE][PASSED] - Object 'Object Repository/VLink/Page_CCSale/txt_CardState' is present

2020-12-22 18:45:15 - [MESSAGE][PASSED] - Text '' is set on object 'Object Repository/VLink/Page_CCSale/txt_CardState'

2020-12-22 18:45:15 - [MESSAGE][PASSED] - Object 'Object Repository/VLink/Page_CCSale/txt_CardZIP' is present

2020-12-22 18:45:16 - [MESSAGE][PASSED] - Text '' is set on object 'Object Repository/VLink/Page_CCSale/txt_CardZIP'

2020-12-22 18:45:16 - [MESSAGE][PASSED] - Object 'Object Repository/VLink/Page_CCSale/txt_CountryID' is present

2020-12-22 18:45:17 - [MESSAGE][PASSED] - Text '' is set on object 'Object Repository/VLink/Page_CCSale/txt_CountryID'

2020-12-22 18:45:17 - [MESSAGE][PASSED] - Object 'Object Repository/VLink/Page_CCSale/txt_Amount' is present

2020-12-22 18:45:18 - [MESSAGE][PASSED] - Text '1.50' is set on object 'Object Repository/VLink/Page_CCSale/txt_Amount'

2020-12-22 18:45:18 - [MESSAGE][PASSED] - Object 'Object Repository/VLink/Page_CCSale/txt_CardNumber' is present

2020-12-22 18:45:19 - [MESSAGE][PASSED] - Text '' is set on object 'Object Repository/VLink/Page_CCSale/txt_CardNumber'

2020-12-22 18:45:19 - [MESSAGE][PASSED] - Object 'Object Repository/VLink/Page_CCSale/txt_ExpMonth' is present

2020-12-22 18:45:20 - [MESSAGE][PASSED] - Text '' is set on object 'Object Repository/VLink/Page_CCSale/txt_ExpMonth'

2020-12-22 18:45:20 - [MESSAGE][PASSED] - Object 'Object Repository/VLink/Page_CCSale/txt_ExpYear' is present

2020-12-22 18:45:21 - [MESSAGE][PASSED] - Text '' is set on object 'Object Repository/VLink/Page_CCSale/txt_ExpYear'

2020-12-22 18:45:21 - [MESSAGE][PASSED] - Object 'Object Repository/VLink/Page_CCSale/txt_CVV' is present

2020-12-22 18:45:22 - [MESSAGE][PASSED] - Text '' is set on object 'Object Repository/VLink/Page_CCSale/txt_CVV'

2020-12-22 18:45:22 - [MESSAGE][PASSED] - Object 'Object Repository/VLink/Page_CCSale/txt_CVVstate' is present

2020-12-22 18:45:23 - [MESSAGE][PASSED] - Text '' is set on object 'Object Repository/VLink/Page_CCSale/txt_CVVstate'

2020-12-22 18:45:23 - [MESSAGE][PASSED] - Object 'Object Repository/VLink/Page_CCSale/txt_TrackData' is present

2020-12-22 18:45:24 - [MESSAGE][PASSED] - Text '' is set on object 'Object Repository/VLink/Page_CCSale/txt_TrackData'

2020-12-22 18:45:24 - [MESSAGE][PASSED] - Object 'Object Repository/VLink/Page_CCSale/txt_Track1Data' is present

2020-12-22 18:45:25 - [MESSAGE][PASSED] - Text '%B5567080011582646^AHMED/IMTIAZ              ^2303201090200000000000354000015?' is set on object 'Object Repository/VLink/Page_CCSale/txt_Track1Data'

2020-12-22 18:45:25 - [MESSAGE][PASSED] - Object 'Object Repository/VLink/Page_CCSale/txt_Track2Data' is present

2020-12-22 18:45:26 - [MESSAGE][PASSED] - Text ';5567080011582646=23032010902035400015?' is set on object 'Object Repository/VLink/Page_CCSale/txt_Track2Data'

2020-12-22 18:45:26 - [MESSAGE][PASSED] - Object 'Object Repository/VLink/Page_CCSale/txt_POSEntryMode' is present

2020-12-22 18:45:27 - [MESSAGE][PASSED] - Text '' is set on object 'Object Repository/VLink/Page_CCSale/txt_POSEntryMode'

2020-12-22 18:45:27 - [MESSAGE][PASSED] - Object 'Object Repository/VLink/Page_CCSale/txt_Email' is present

2020-12-22 18:45:28 - [MESSAGE][PASSED] - Text '' is set on object 'Object Repository/VLink/Page_CCSale/txt_Email'

2020-12-22 18:45:28 - [MESSAGE][PASSED] - Object 'Object Repository/VLink/Page_CCSale/txt_OrderNumber' is present

2020-12-22 18:45:29 - [MESSAGE][PASSED] - Text '' is set on object 'Object Repository/VLink/Page_CCSale/txt_OrderNumber'

2020-12-22 18:45:29 - [MESSAGE][PASSED] - Object 'Object Repository/VLink/Page_CCSale/txt_TaxAmount' is present

2020-12-22 18:45:30 - [MESSAGE][PASSED] - Text '' is set on object 'Object Repository/VLink/Page_CCSale/txt_TaxAmount'

2020-12-22 18:45:30 - [MESSAGE][PASSED] - Object 'Object Repository/VLink/Page_CCSale/txt_ChargeDescription' is present

2020-12-22 18:45:31 - [MESSAGE][PASSED] - Text '' is set on object 'Object Repository/VLink/Page_CCSale/txt_ChargeDescription'

2020-12-22 18:45:31 - [MESSAGE][PASSED] - Object 'Object Repository/VLink/Page_CCSale/txt_CAN' is present

2020-12-22 18:45:32 - [MESSAGE][PASSED] - Text '' is set on object 'Object Repository/VLink/Page_CCSale/txt_CAN'

2020-12-22 18:45:32 - [MESSAGE][PASSED] - Object 'Object Repository/VLink/Page_CCSale/txt_BillPaymentIndicator' is present

2020-12-22 18:45:33 - [MESSAGE][PASSED] - Text '' is set on object 'Object Repository/VLink/Page_CCSale/txt_BillPaymentIndicator'

2020-12-22 18:45:33 - [MESSAGE][PASSED] - Object 'Object Repository/VLink/Page_CCSale/txt_UDF1' is present

2020-12-22 18:45:34 - [MESSAGE][PASSED] - Text '' is set on object 'Object Repository/VLink/Page_CCSale/txt_UDF1'

2020-12-22 18:45:34 - [MESSAGE][PASSED] - Object 'Object Repository/VLink/Page_CCSale/txt_UDF2' is present

2020-12-22 18:45:35 - [MESSAGE][PASSED] - Text '' is set on object 'Object Repository/VLink/Page_CCSale/txt_UDF2'

2020-12-22 18:45:35 - [MESSAGE][PASSED] - Object 'Object Repository/VLink/Page_CCSale/txt_UDF3' is present

2020-12-22 18:45:36 - [MESSAGE][PASSED] - Text '' is set on object 'Object Repository/VLink/Page_CCSale/txt_UDF3'

2020-12-22 18:45:36 - [MESSAGE][PASSED] - Object 'Object Repository/VLink/Page_CCSale/txt_UDF4' is present

2020-12-22 18:45:37 - [MESSAGE][PASSED] - Text '' is set on object 'Object Repository/VLink/Page_CCSale/txt_UDF4'

2020-12-22 18:45:37 - [MESSAGE][PASSED] - Object 'Object Repository/VLink/Page_CCSale/txt_UDF5' is present

2020-12-22 18:45:38 - [MESSAGE][PASSED] - Text '' is set on object 'Object Repository/VLink/Page_CCSale/txt_UDF5'

2020-12-22 18:45:38 - [MESSAGE][PASSED] - Object 'Object Repository/VLink/Page_CCSale/txt_UDF6' is present

2020-12-22 18:45:39 - [MESSAGE][PASSED] - Text '' is set on object 'Object Repository/VLink/Page_CCSale/txt_UDF6'

2020-12-22 18:45:40 - [MESSAGE][PASSED] - Object 'Object Repository/VLink/Page_CCSale/txt_UDF7' is present

2020-12-22 18:45:40 - [MESSAGE][PASSED] - Text '' is set on object 'Object Repository/VLink/Page_CCSale/txt_UDF7'

2020-12-22 18:45:41 - [MESSAGE][PASSED] - Object 'Object Repository/VLink/Page_CCSale/txt_UDF8' is present

2020-12-22 18:45:41 - [MESSAGE][PASSED] - Text '' is set on object 'Object Repository/VLink/Page_CCSale/txt_UDF8'

2020-12-22 18:45:42 - [MESSAGE][PASSED] - Object 'Object Repository/VLink/Page_CCSale/txt_UDF9' is present

2020-12-22 18:45:42 - [MESSAGE][PASSED] - Text '' is set on object 'Object Repository/VLink/Page_CCSale/txt_UDF9'

2020-12-22 18:45:42 - [MESSAGE][PASSED] - Object 'Object Repository/VLink/Page_CCSale/txt_UDF10' is present

2020-12-22 18:45:43 - [MESSAGE][PASSED] - Text '' is set on object 'Object Repository/VLink/Page_CCSale/txt_UDF10'

2020-12-22 18:45:43 - [MESSAGE][PASSED] - Object 'Object Repository/VLink/Page_CCSale/txt_CardOnFileIndicator' is present

2020-12-22 18:45:44 - [MESSAGE][PASSED] - Text '' is set on object 'Object Repository/VLink/Page_CCSale/txt_CardOnFileIndicator'

2020-12-22 18:45:44 - [MESSAGE][PASSED] - Object 'Object Repository/VLink/Page_CCSale/txt_StoredCredentialIndicator' is present

2020-12-22 18:45:45 - [MESSAGE][PASSED] - Text '' is set on object 'Object Repository/VLink/Page_CCSale/txt_StoredCredentialIndicator'

2020-12-22 18:45:45 - [MESSAGE][PASSED] - Object 'Object Repository/VLink/Page_CCSale/txt_COFScheduledIndicator' is present

2020-12-22 18:45:46 - [MESSAGE][PASSED] - Text '' is set on object 'Object Repository/VLink/Page_CCSale/txt_COFScheduledIndicator'

2020-12-22 18:45:46 - [MESSAGE][PASSED] - Object 'Object Repository/VLink/Page_CCSale/txt_COFTransactionInitiatedBy' is present

2020-12-22 18:45:47 - [MESSAGE][PASSED] - Text '' is set on object 'Object Repository/VLink/Page_CCSale/txt_COFTransactionInitiatedBy'

2020-12-22 18:45:50 - [MESSAGE][PASSED] - Object: 'Object Repository/VLink/Page_CCSale/btn_ProcessVLinkTransaction' is clicked on

2020-12-22 18:45:55 - [MESSAGE][PASSED] - vlinkPages.saleCCPage.setDataSCC is PASSED

2020-12-22 18:45:55 - [TEST_STEP][PASSED] - if (verifyTextPresent("Transaction approved, no errors", true)): null

2020-12-22 18:45:55 - [MESSAGE][PASSED] - Text 'Transaction approved, no errors' is present on page  using regular expression

2020-12-22 18:45:55 - [TEST_STEP][PASSED] - println("Transaction Approved, no errors text is present on the Confirmation page"): null

2020-12-22 18:45:55 - [TEST_STEP][PASSED] - out.println("Pass Record Number: " + row): null

2020-12-22 18:45:55 - [TEST_STEP][PASSED] - sdfo = getText(findTestObject("Object Repository/Page_VLinkReceipt/pre_STX")): Text of object 'Object Repository/Page_VLinkReceipt/pre_STX' is: '<STX>l0UPbvxySL9m                  12088021            0  Transaction approved, no errors                   0                                                                                  R OK9120   <ETX>'

2020-12-22 18:45:55 - [MESSAGE][PASSED] - Text of object 'Object Repository/Page_VLinkReceipt/pre_STX' is: '<STX>l0UPbvxySL9m                  12088021            0  Transaction approved, no errors                   0                                                                                  R OK9120   <ETX>'

2020-12-22 18:45:55 - [TEST_STEP][PASSED] - out.println("sdfo: " + sdfo): null

2020-12-22 18:45:55 - [TEST_STEP][PASSED] - remID = substring(5, 35).trim(): null

2020-12-22 18:45:55 - [TEST_STEP][PASSED] - out.println("Remittance ID: " + remID): null

2020-12-22 18:45:55 - [TEST_STEP][PASSED] - traxID = substring(35, 55).trim(): null

2020-12-22 18:45:55 - [TEST_STEP][PASSED] - out.println("Transaction ID: " + traxID): null

2020-12-22 18:45:55 - [TEST_STEP][PASSED] - out.println("End Record Number: " + row): null

2020-12-22 18:45:55 - [TEST_STEP][PASSED] - closeBrowser(): Browser is closed

2020-12-22 18:45:56 - [MESSAGE][PASSED] - Browser is closed

2020-12-22 18:45:56 - [TEST_STEP][PASSED] - out.println("Begin Record Number: " + row): null

2020-12-22 18:45:56 - [TEST_STEP][PASSED] - openBrowser(VLinkURL + "authcap.html"): Browser is opened with url: 'https://dev-algorithm.govolution.com/vlinktest/QA/version_2_0/authcap.html'

2020-12-22 18:45:56 - [MESSAGE][INFO] - Starting 'Chrome' driver

2020-12-22 18:45:56 - [MESSAGE][INFO] - User set preference: ['acceptInsecureCerts', 'true']

2020-12-22 18:45:56 - [MESSAGE][INFO] - Action delay is set to 0 milliseconds

2020-12-22 18:46:00 - [MESSAGE][PASSED] - Browser is opened with url: 'https://dev-algorithm.govolution.com/vlinktest/QA/version_2_0/authcap.html'

2020-12-22 18:46:00 - [TEST_STEP][PASSED] - maximizeWindow(): Current window maximized

2020-12-22 18:46:01 - [MESSAGE][PASSED] - Current window maximized

2020-12-22 18:46:01 - [TEST_STEP][PASSED] - vlinkPages.saleCCPage.setDataSCC(row, dataFile): vlinkPages.saleCCPage.setDataSCC is PASSED

2020-12-22 18:46:02 - [MESSAGE][PASSED] - Object 'Object Repository/VLink/Page_CCSale/txt_CardNumber' is present

2020-12-22 18:46:02 - [MESSAGE][PASSED] - Object 'Object Repository/VLink/Page_CCSale/txt_TransactionType' is present

2020-12-22 18:46:03 - [MESSAGE][PASSED] - Text '104' is set on object 'Object Repository/VLink/Page_CCSale/txt_TransactionType'

2020-12-22 18:46:03 - [MESSAGE][PASSED] - Object 'Object Repository/VLink/Page_CCSale/txt_MessageVersion' is present

2020-12-22 18:46:04 - [MESSAGE][PASSED] - Text '2.0C' is set on object 'Object Repository/VLink/Page_CCSale/txt_MessageVersion'

2020-12-22 18:46:04 - [MESSAGE][PASSED] - Object 'Object Repository/VLink/Page_CCSale/txt_RemID' is present

2020-12-22 18:46:05 - [MESSAGE][PASSED] - Text 'ffw7RjIfXwoF' is set on object 'Object Repository/VLink/Page_CCSale/txt_RemID'

2020-12-22 18:46:05 - [MESSAGE][PASSED] - Object 'Object Repository/VLink/Page_CCSale/txt_ApplicationId' is present

2020-12-22 18:46:06 - [MESSAGE][PASSED] - Text '672' is set on object 'Object Repository/VLink/Page_CCSale/txt_ApplicationId'

2020-12-22 18:46:06 - [MESSAGE][PASSED] - Object 'Object Repository/VLink/Page_CCSale/txt_Username' is present

2020-12-22 18:46:07 - [MESSAGE][PASSED] - Text 'username' is set on object 'Object Repository/VLink/Page_CCSale/txt_Username'

2020-12-22 18:46:07 - [MESSAGE][PASSED] - Object 'Object Repository/VLink/Page_CCSale/txt_Password' is present

2020-12-22 18:46:08 - [MESSAGE][PASSED] - Text 'password' is set on object 'Object Repository/VLink/Page_CCSale/txt_Password'

2020-12-22 18:46:08 - [MESSAGE][PASSED] - Object 'Object Repository/VLink/Page_CCSale/txt_ResponseFormat' is present

2020-12-22 18:46:09 - [MESSAGE][PASSED] - Text 'fixed_width' is set on object 'Object Repository/VLink/Page_CCSale/txt_ResponseFormat'

2020-12-22 18:46:09 - [MESSAGE][PASSED] - Object 'Object Repository/VLink/Page_CCSale/txt_Category' is present

2020-12-22 18:46:09 - [MESSAGE][PASSED] - Text 'RETL' is set on object 'Object Repository/VLink/Page_CCSale/txt_Category'

2020-12-22 18:46:10 - [MESSAGE][PASSED] - Object 'Object Repository/VLink/Page_CCSale/txt_TransactionID' is present

2020-12-22 18:46:10 - [MESSAGE][PASSED] - Text '' is set on object 'Object Repository/VLink/Page_CCSale/txt_TransactionID'

2020-12-22 18:46:11 - [MESSAGE][PASSED] - Object 'Object Repository/VLink/Page_CCSale/txt_ApprovalCode' is present

2020-12-22 18:46:11 - [MESSAGE][PASSED] - Text '' is set on object 'Object Repository/VLink/Page_CCSale/txt_ApprovalCode'

2020-12-22 18:46:11 - [MESSAGE][PASSED] - Object 'Object Repository/VLink/Page_CCSale/txt_CardName' is present

2020-12-22 18:46:12 - [MESSAGE][PASSED] - Text '' is set on object 'Object Repository/VLink/Page_CCSale/txt_CardName'

2020-12-22 18:46:12 - [MESSAGE][PASSED] - Object 'Object Repository/VLink/Page_CCSale/txt_AL1' is present

2020-12-22 18:46:13 - [MESSAGE][PASSED] - Text '' is set on object 'Object Repository/VLink/Page_CCSale/txt_AL1'

2020-12-22 18:46:13 - [MESSAGE][PASSED] - Object 'Object Repository/VLink/Page_CCSale/txt_AL2' is present

2020-12-22 18:46:14 - [MESSAGE][PASSED] - Text '' is set on object 'Object Repository/VLink/Page_CCSale/txt_AL2'

2020-12-22 18:46:14 - [MESSAGE][PASSED] - Object 'Object Repository/VLink/Page_CCSale/txt_CardCity' is present

2020-12-22 18:46:15 - [MESSAGE][PASSED] - Text '' is set on object 'Object Repository/VLink/Page_CCSale/txt_CardCity'

2020-12-22 18:46:15 - [MESSAGE][PASSED] - Object 'Object Repository/VLink/Page_CCSale/txt_CardState' is present

2020-12-22 18:46:16 - [MESSAGE][PASSED] - Text '' is set on object 'Object Repository/VLink/Page_CCSale/txt_CardState'

2020-12-22 18:46:16 - [MESSAGE][PASSED] - Object 'Object Repository/VLink/Page_CCSale/txt_CardZIP' is present

2020-12-22 18:46:17 - [MESSAGE][PASSED] - Text '' is set on object 'Object Repository/VLink/Page_CCSale/txt_CardZIP'

2020-12-22 18:46:17 - [MESSAGE][PASSED] - Object 'Object Repository/VLink/Page_CCSale/txt_CountryID' is present

2020-12-22 18:46:18 - [MESSAGE][PASSED] - Text '' is set on object 'Object Repository/VLink/Page_CCSale/txt_CountryID'

2020-12-22 18:46:18 - [MESSAGE][PASSED] - Object 'Object Repository/VLink/Page_CCSale/txt_Amount' is present

2020-12-22 18:46:19 - [MESSAGE][PASSED] - Text '2.50' is set on object 'Object Repository/VLink/Page_CCSale/txt_Amount'

2020-12-22 18:46:19 - [MESSAGE][PASSED] - Object 'Object Repository/VLink/Page_CCSale/txt_CardNumber' is present

2020-12-22 18:46:20 - [MESSAGE][PASSED] - Text '' is set on object 'Object Repository/VLink/Page_CCSale/txt_CardNumber'

2020-12-22 18:46:20 - [MESSAGE][PASSED] - Object 'Object Repository/VLink/Page_CCSale/txt_ExpMonth' is present

2020-12-22 18:46:21 - [MESSAGE][PASSED] - Text '' is set on object 'Object Repository/VLink/Page_CCSale/txt_ExpMonth'

2020-12-22 18:46:21 - [MESSAGE][PASSED] - Object 'Object Repository/VLink/Page_CCSale/txt_ExpYear' is present

2020-12-22 18:46:22 - [MESSAGE][PASSED] - Text '' is set on object 'Object Repository/VLink/Page_CCSale/txt_ExpYear'

2020-12-22 18:46:22 - [MESSAGE][PASSED] - Object 'Object Repository/VLink/Page_CCSale/txt_CVV' is present

2020-12-22 18:46:23 - [MESSAGE][PASSED] - Text '' is set on object 'Object Repository/VLink/Page_CCSale/txt_CVV'

2020-12-22 18:46:23 - [MESSAGE][PASSED] - Object 'Object Repository/VLink/Page_CCSale/txt_CVVstate' is present

2020-12-22 18:46:24 - [MESSAGE][PASSED] - Text '' is set on object 'Object Repository/VLink/Page_CCSale/txt_CVVstate'

2020-12-22 18:46:24 - [MESSAGE][PASSED] - Object 'Object Repository/VLink/Page_CCSale/txt_TrackData' is present

2020-12-22 18:46:25 - [MESSAGE][PASSED] - Text '%B5567080011582646^AHMED/IMTIAZ              ^2303201090200000000000354000015?;5567080011582646=23032010902035400015?' is set on object 'Object Repository/VLink/Page_CCSale/txt_TrackData'

2020-12-22 18:46:25 - [MESSAGE][PASSED] - Object 'Object Repository/VLink/Page_CCSale/txt_Track1Data' is present

2020-12-22 18:46:26 - [MESSAGE][PASSED] - Text '' is set on object 'Object Repository/VLink/Page_CCSale/txt_Track1Data'

2020-12-22 18:46:26 - [MESSAGE][PASSED] - Object 'Object Repository/VLink/Page_CCSale/txt_Track2Data' is present

2020-12-22 18:46:27 - [MESSAGE][PASSED] - Text '' is set on object 'Object Repository/VLink/Page_CCSale/txt_Track2Data'

2020-12-22 18:46:27 - [MESSAGE][PASSED] - Object 'Object Repository/VLink/Page_CCSale/txt_POSEntryMode' is present

2020-12-22 18:46:28 - [MESSAGE][PASSED] - Text '' is set on object 'Object Repository/VLink/Page_CCSale/txt_POSEntryMode'

2020-12-22 18:46:28 - [MESSAGE][PASSED] - Object 'Object Repository/VLink/Page_CCSale/txt_Email' is present

2020-12-22 18:46:29 - [MESSAGE][PASSED] - Text '' is set on object 'Object Repository/VLink/Page_CCSale/txt_Email'

2020-12-22 18:46:29 - [MESSAGE][PASSED] - Object 'Object Repository/VLink/Page_CCSale/txt_OrderNumber' is present

2020-12-22 18:46:30 - [MESSAGE][PASSED] - Text '' is set on object 'Object Repository/VLink/Page_CCSale/txt_OrderNumber'

2020-12-22 18:46:30 - [MESSAGE][PASSED] - Object 'Object Repository/VLink/Page_CCSale/txt_TaxAmount' is present

2020-12-22 18:46:31 - [MESSAGE][PASSED] - Text '' is set on object 'Object Repository/VLink/Page_CCSale/txt_TaxAmount'

2020-12-22 18:46:31 - [MESSAGE][PASSED] - Object 'Object Repository/VLink/Page_CCSale/txt_ChargeDescription' is present

2020-12-22 18:46:32 - [MESSAGE][PASSED] - Text '' is set on object 'Object Repository/VLink/Page_CCSale/txt_ChargeDescription'

2020-12-22 18:46:32 - [MESSAGE][PASSED] - Object 'Object Repository/VLink/Page_CCSale/txt_CAN' is present

2020-12-22 18:46:33 - [MESSAGE][PASSED] - Text '' is set on object 'Object Repository/VLink/Page_CCSale/txt_CAN'

2020-12-22 18:46:33 - [MESSAGE][PASSED] - Object 'Object Repository/VLink/Page_CCSale/txt_BillPaymentIndicator' is present

2020-12-22 18:46:34 - [MESSAGE][PASSED] - Text '' is set on object 'Object Repository/VLink/Page_CCSale/txt_BillPaymentIndicator'

2020-12-22 18:46:34 - [MESSAGE][PASSED] - Object 'Object Repository/VLink/Page_CCSale/txt_UDF1' is present

2020-12-22 18:46:35 - [MESSAGE][PASSED] - Text '' is set on object 'Object Repository/VLink/Page_CCSale/txt_UDF1'

2020-12-22 18:46:35 - [MESSAGE][PASSED] - Object 'Object Repository/VLink/Page_CCSale/txt_UDF2' is present

2020-12-22 18:46:36 - [MESSAGE][PASSED] - Text '' is set on object 'Object Repository/VLink/Page_CCSale/txt_UDF2'

2020-12-22 18:46:36 - [MESSAGE][PASSED] - Object 'Object Repository/VLink/Page_CCSale/txt_UDF3' is present

2020-12-22 18:46:37 - [MESSAGE][PASSED] - Text '' is set on object 'Object Repository/VLink/Page_CCSale/txt_UDF3'

2020-12-22 18:46:37 - [MESSAGE][PASSED] - Object 'Object Repository/VLink/Page_CCSale/txt_UDF4' is present

2020-12-22 18:46:38 - [MESSAGE][PASSED] - Text '' is set on object 'Object Repository/VLink/Page_CCSale/txt_UDF4'

2020-12-22 18:46:38 - [MESSAGE][PASSED] - Object 'Object Repository/VLink/Page_CCSale/txt_UDF5' is present

2020-12-22 18:46:39 - [MESSAGE][PASSED] - Text '' is set on object 'Object Repository/VLink/Page_CCSale/txt_UDF5'

2020-12-22 18:46:39 - [MESSAGE][PASSED] - Object 'Object Repository/VLink/Page_CCSale/txt_UDF6' is present

2020-12-22 18:46:40 - [MESSAGE][PASSED] - Text '' is set on object 'Object Repository/VLink/Page_CCSale/txt_UDF6'

2020-12-22 18:46:40 - [MESSAGE][PASSED] - Object 'Object Repository/VLink/Page_CCSale/txt_UDF7' is present

2020-12-22 18:46:41 - [MESSAGE][PASSED] - Text '' is set on object 'Object Repository/VLink/Page_CCSale/txt_UDF7'

2020-12-22 18:46:41 - [MESSAGE][PASSED] - Object 'Object Repository/VLink/Page_CCSale/txt_UDF8' is present

2020-12-22 18:46:42 - [MESSAGE][PASSED] - Text '' is set on object 'Object Repository/VLink/Page_CCSale/txt_UDF8'

2020-12-22 18:46:42 - [MESSAGE][PASSED] - Object 'Object Repository/VLink/Page_CCSale/txt_UDF9' is present

2020-12-22 18:46:42 - [MESSAGE][PASSED] - Text '' is set on object 'Object Repository/VLink/Page_CCSale/txt_UDF9'

2020-12-22 18:46:43 - [MESSAGE][PASSED] - Object 'Object Repository/VLink/Page_CCSale/txt_UDF10' is present

2020-12-22 18:46:43 - [MESSAGE][PASSED] - Text '' is set on object 'Object Repository/VLink/Page_CCSale/txt_UDF10'

2020-12-22 18:46:44 - [MESSAGE][PASSED] - Object 'Object Repository/VLink/Page_CCSale/txt_CardOnFileIndicator' is present

2020-12-22 18:46:44 - [MESSAGE][PASSED] - Text '' is set on object 'Object Repository/VLink/Page_CCSale/txt_CardOnFileIndicator'

2020-12-22 18:46:45 - [MESSAGE][PASSED] - Object 'Object Repository/VLink/Page_CCSale/txt_StoredCredentialIndicator' is present

2020-12-22 18:46:45 - [MESSAGE][PASSED] - Text '' is set on object 'Object Repository/VLink/Page_CCSale/txt_StoredCredentialIndicator'

2020-12-22 18:46:46 - [MESSAGE][PASSED] - Object 'Object Repository/VLink/Page_CCSale/txt_COFScheduledIndicator' is present

2020-12-22 18:46:46 - [MESSAGE][PASSED] - Text '' is set on object 'Object Repository/VLink/Page_CCSale/txt_COFScheduledIndicator'

2020-12-22 18:46:47 - [MESSAGE][PASSED] - Object 'Object Repository/VLink/Page_CCSale/txt_COFTransactionInitiatedBy' is present

2020-12-22 18:46:47 - [MESSAGE][PASSED] - Text '' is set on object 'Object Repository/VLink/Page_CCSale/txt_COFTransactionInitiatedBy'

2020-12-22 18:46:50 - [MESSAGE][PASSED] - Object: 'Object Repository/VLink/Page_CCSale/btn_ProcessVLinkTransaction' is clicked on

2020-12-22 18:46:55 - [MESSAGE][PASSED] - vlinkPages.saleCCPage.setDataSCC is PASSED

2020-12-22 18:46:55 - [TEST_STEP][PASSED] - if (verifyTextPresent("Transaction approved, no errors", true)): null

2020-12-22 18:46:55 - [MESSAGE][PASSED] - Text 'Transaction approved, no errors' is present on page  using regular expression

2020-12-22 18:46:55 - [TEST_STEP][PASSED] - println("Transaction Approved, no errors text is present on the Confirmation page"): null

2020-12-22 18:46:55 - [TEST_STEP][PASSED] - out.println("Pass Record Number: " + row): null

2020-12-22 18:46:55 - [TEST_STEP][PASSED] - sdfo = getText(findTestObject("Object Repository/Page_VLinkReceipt/pre_STX")): Text of object 'Object Repository/Page_VLinkReceipt/pre_STX' is: '<STX>ffw7RjIfXwoF                  12088022            0  Transaction approved, no errors                   0                                                                                  R OK9170   <ETX>'

2020-12-22 18:46:56 - [MESSAGE][PASSED] - Text of object 'Object Repository/Page_VLinkReceipt/pre_STX' is: '<STX>ffw7RjIfXwoF                  12088022            0  Transaction approved, no errors                   0                                                                                  R OK9170   <ETX>'

2020-12-22 18:46:56 - [TEST_STEP][PASSED] - out.println("sdfo: " + sdfo): null

2020-12-22 18:46:56 - [TEST_STEP][PASSED] - remID = substring(5, 35).trim(): null

2020-12-22 18:46:56 - [TEST_STEP][PASSED] - out.println("Remittance ID: " + remID): null

2020-12-22 18:46:56 - [TEST_STEP][PASSED] - traxID = substring(35, 55).trim(): null

2020-12-22 18:46:56 - [TEST_STEP][PASSED] - out.println("Transaction ID: " + traxID): null

2020-12-22 18:46:56 - [TEST_STEP][PASSED] - out.println("End Record Number: " + row): null

2020-12-22 18:46:56 - [TEST_STEP][PASSED] - closeBrowser(): Browser is closed

2020-12-22 18:46:56 - [MESSAGE][PASSED] - Browser is closed

2020-12-22 18:46:56 - [TEST_STEP][PASSED] - out.println("Begin Record Number: " + row): null

2020-12-22 18:46:56 - [TEST_STEP][PASSED] - openBrowser(VLinkURL + "authcap.html"): Browser is opened with url: 'https://dev-algorithm.govolution.com/vlinktest/QA/version_2_0/authcap.html'

2020-12-22 18:46:56 - [MESSAGE][INFO] - Starting 'Chrome' driver

2020-12-22 18:46:56 - [MESSAGE][INFO] - User set preference: ['acceptInsecureCerts', 'true']

2020-12-22 18:46:56 - [MESSAGE][INFO] - Action delay is set to 0 milliseconds

2020-12-22 18:47:00 - [MESSAGE][PASSED] - Browser is opened with url: 'https://dev-algorithm.govolution.com/vlinktest/QA/version_2_0/authcap.html'

2020-12-22 18:47:00 - [TEST_STEP][PASSED] - maximizeWindow(): Current window maximized

2020-12-22 18:47:00 - [MESSAGE][PASSED] - Current window maximized

2020-12-22 18:47:00 - [TEST_STEP][PASSED] - vlinkPages.saleCCPage.setDataSCC(row, dataFile): vlinkPages.saleCCPage.setDataSCC is PASSED

2020-12-22 18:47:01 - [MESSAGE][PASSED] - Object 'Object Repository/VLink/Page_CCSale/txt_CardNumber' is present

2020-12-22 18:47:02 - [MESSAGE][PASSED] - Object 'Object Repository/VLink/Page_CCSale/txt_TransactionType' is present

2020-12-22 18:47:03 - [MESSAGE][PASSED] - Text '104' is set on object 'Object Repository/VLink/Page_CCSale/txt_TransactionType'

2020-12-22 18:47:03 - [MESSAGE][PASSED] - Object 'Object Repository/VLink/Page_CCSale/txt_MessageVersion' is present

2020-12-22 18:47:03 - [MESSAGE][PASSED] - Text '2.0C' is set on object 'Object Repository/VLink/Page_CCSale/txt_MessageVersion'

2020-12-22 18:47:04 - [MESSAGE][PASSED] - Object 'Object Repository/VLink/Page_CCSale/txt_RemID' is present

2020-12-22 18:47:04 - [MESSAGE][PASSED] - Text 'bWh9wqomH7cy' is set on object 'Object Repository/VLink/Page_CCSale/txt_RemID'

2020-12-22 18:47:05 - [MESSAGE][PASSED] - Object 'Object Repository/VLink/Page_CCSale/txt_ApplicationId' is present

2020-12-22 18:47:05 - [MESSAGE][PASSED] - Text '672' is set on object 'Object Repository/VLink/Page_CCSale/txt_ApplicationId'

2020-12-22 18:47:05 - [MESSAGE][PASSED] - Object 'Object Repository/VLink/Page_CCSale/txt_Username' is present

2020-12-22 18:47:06 - [MESSAGE][PASSED] - Text 'username' is set on object 'Object Repository/VLink/Page_CCSale/txt_Username'

2020-12-22 18:47:06 - [MESSAGE][PASSED] - Object 'Object Repository/VLink/Page_CCSale/txt_Password' is present

2020-12-22 18:47:07 - [MESSAGE][PASSED] - Text 'password' is set on object 'Object Repository/VLink/Page_CCSale/txt_Password'

2020-12-22 18:47:07 - [MESSAGE][PASSED] - Object 'Object Repository/VLink/Page_CCSale/txt_ResponseFormat' is present

2020-12-22 18:47:08 - [MESSAGE][PASSED] - Text 'fixed_width' is set on object 'Object Repository/VLink/Page_CCSale/txt_ResponseFormat'

2020-12-22 18:47:08 - [MESSAGE][PASSED] - Object 'Object Repository/VLink/Page_CCSale/txt_Category' is present

2020-12-22 18:47:09 - [MESSAGE][PASSED] - Text 'RETL' is set on object 'Object Repository/VLink/Page_CCSale/txt_Category'

2020-12-22 18:47:09 - [MESSAGE][PASSED] - Object 'Object Repository/VLink/Page_CCSale/txt_TransactionID' is present

2020-12-22 18:47:10 - [MESSAGE][PASSED] - Text '' is set on object 'Object Repository/VLink/Page_CCSale/txt_TransactionID'

2020-12-22 18:47:10 - [MESSAGE][PASSED] - Object 'Object Repository/VLink/Page_CCSale/txt_ApprovalCode' is present

2020-12-22 18:47:10 - [MESSAGE][PASSED] - Text '' is set on object 'Object Repository/VLink/Page_CCSale/txt_ApprovalCode'

2020-12-22 18:47:11 - [MESSAGE][PASSED] - Object 'Object Repository/VLink/Page_CCSale/txt_CardName' is present

2020-12-22 18:47:11 - [MESSAGE][PASSED] - Text '' is set on object 'Object Repository/VLink/Page_CCSale/txt_CardName'

2020-12-22 18:47:12 - [MESSAGE][PASSED] - Object 'Object Repository/VLink/Page_CCSale/txt_AL1' is present

2020-12-22 18:47:12 - [MESSAGE][PASSED] - Text '' is set on object 'Object Repository/VLink/Page_CCSale/txt_AL1'

2020-12-22 18:47:13 - [MESSAGE][PASSED] - Object 'Object Repository/VLink/Page_CCSale/txt_AL2' is present

2020-12-22 18:47:13 - [MESSAGE][PASSED] - Text '' is set on object 'Object Repository/VLink/Page_CCSale/txt_AL2'

2020-12-22 18:47:14 - [MESSAGE][PASSED] - Object 'Object Repository/VLink/Page_CCSale/txt_CardCity' is present

2020-12-22 18:47:14 - [MESSAGE][PASSED] - Text '' is set on object 'Object Repository/VLink/Page_CCSale/txt_CardCity'

2020-12-22 18:47:15 - [MESSAGE][PASSED] - Object 'Object Repository/VLink/Page_CCSale/txt_CardState' is present

2020-12-22 18:47:15 - [MESSAGE][PASSED] - Text '' is set on object 'Object Repository/VLink/Page_CCSale/txt_CardState'

2020-12-22 18:47:16 - [MESSAGE][PASSED] - Object 'Object Repository/VLink/Page_CCSale/txt_CardZIP' is present

2020-12-22 18:47:16 - [MESSAGE][PASSED] - Text '' is set on object 'Object Repository/VLink/Page_CCSale/txt_CardZIP'

2020-12-22 18:47:17 - [MESSAGE][PASSED] - Object 'Object Repository/VLink/Page_CCSale/txt_CountryID' is present

2020-12-22 18:47:17 - [MESSAGE][PASSED] - Text '' is set on object 'Object Repository/VLink/Page_CCSale/txt_CountryID'

2020-12-22 18:47:18 - [MESSAGE][PASSED] - Object 'Object Repository/VLink/Page_CCSale/txt_Amount' is present

2020-12-22 18:47:18 - [MESSAGE][PASSED] - Text '2.50' is set on object 'Object Repository/VLink/Page_CCSale/txt_Amount'

2020-12-22 18:47:19 - [MESSAGE][PASSED] - Object 'Object Repository/VLink/Page_CCSale/txt_CardNumber' is present

2020-12-22 18:47:19 - [MESSAGE][PASSED] - Text '' is set on object 'Object Repository/VLink/Page_CCSale/txt_CardNumber'

2020-12-22 18:47:20 - [MESSAGE][PASSED] - Object 'Object Repository/VLink/Page_CCSale/txt_ExpMonth' is present

2020-12-22 18:47:20 - [MESSAGE][PASSED] - Text '' is set on object 'Object Repository/VLink/Page_CCSale/txt_ExpMonth'

2020-12-22 18:47:21 - [MESSAGE][PASSED] - Object 'Object Repository/VLink/Page_CCSale/txt_ExpYear' is present

2020-12-22 18:47:21 - [MESSAGE][PASSED] - Text '' is set on object 'Object Repository/VLink/Page_CCSale/txt_ExpYear'

2020-12-22 18:47:22 - [MESSAGE][PASSED] - Object 'Object Repository/VLink/Page_CCSale/txt_CVV' is present

2020-12-22 18:47:22 - [MESSAGE][PASSED] - Text '' is set on object 'Object Repository/VLink/Page_CCSale/txt_CVV'

2020-12-22 18:47:23 - [MESSAGE][PASSED] - Object 'Object Repository/VLink/Page_CCSale/txt_CVVstate' is present

2020-12-22 18:47:23 - [MESSAGE][PASSED] - Text '' is set on object 'Object Repository/VLink/Page_CCSale/txt_CVVstate'

2020-12-22 18:47:24 - [MESSAGE][PASSED] - Object 'Object Repository/VLink/Page_CCSale/txt_TrackData' is present

2020-12-22 18:47:24 - [MESSAGE][PASSED] - Text '' is set on object 'Object Repository/VLink/Page_CCSale/txt_TrackData'

2020-12-22 18:47:25 - [MESSAGE][PASSED] - Object 'Object Repository/VLink/Page_CCSale/txt_Track1Data' is present

2020-12-22 18:47:25 - [MESSAGE][PASSED] - Text '%B5567080011582646^AHMED/IMTIAZ              ^2303201090200000000000354000015?' is set on object 'Object Repository/VLink/Page_CCSale/txt_Track1Data'

2020-12-22 18:47:26 - [MESSAGE][PASSED] - Object 'Object Repository/VLink/Page_CCSale/txt_Track2Data' is present

2020-12-22 18:47:26 - [MESSAGE][PASSED] - Text '' is set on object 'Object Repository/VLink/Page_CCSale/txt_Track2Data'

2020-12-22 18:47:27 - [MESSAGE][PASSED] - Object 'Object Repository/VLink/Page_CCSale/txt_POSEntryMode' is present

2020-12-22 18:47:27 - [MESSAGE][PASSED] - Text '' is set on object 'Object Repository/VLink/Page_CCSale/txt_POSEntryMode'

2020-12-22 18:47:28 - [MESSAGE][PASSED] - Object 'Object Repository/VLink/Page_CCSale/txt_Email' is present

2020-12-22 18:47:28 - [MESSAGE][PASSED] - Text '' is set on object 'Object Repository/VLink/Page_CCSale/txt_Email'

2020-12-22 18:47:29 - [MESSAGE][PASSED] - Object 'Object Repository/VLink/Page_CCSale/txt_OrderNumber' is present

2020-12-22 18:47:29 - [MESSAGE][PASSED] - Text '' is set on object 'Object Repository/VLink/Page_CCSale/txt_OrderNumber'

2020-12-22 18:47:30 - [MESSAGE][PASSED] - Object 'Object Repository/VLink/Page_CCSale/txt_TaxAmount' is present

2020-12-22 18:47:30 - [MESSAGE][PASSED] - Text '' is set on object 'Object Repository/VLink/Page_CCSale/txt_TaxAmount'

2020-12-22 18:47:31 - [MESSAGE][PASSED] - Object 'Object Repository/VLink/Page_CCSale/txt_ChargeDescription' is present

2020-12-22 18:47:31 - [MESSAGE][PASSED] - Text '' is set on object 'Object Repository/VLink/Page_CCSale/txt_ChargeDescription'

2020-12-22 18:47:32 - [MESSAGE][PASSED] - Object 'Object Repository/VLink/Page_CCSale/txt_CAN' is present

2020-12-22 18:47:32 - [MESSAGE][PASSED] - Text '' is set on object 'Object Repository/VLink/Page_CCSale/txt_CAN'

2020-12-22 18:47:33 - [MESSAGE][PASSED] - Object 'Object Repository/VLink/Page_CCSale/txt_BillPaymentIndicator' is present

2020-12-22 18:47:33 - [MESSAGE][PASSED] - Text '' is set on object 'Object Repository/VLink/Page_CCSale/txt_BillPaymentIndicator'

2020-12-22 18:47:34 - [MESSAGE][PASSED] - Object 'Object Repository/VLink/Page_CCSale/txt_UDF1' is present

2020-12-22 18:47:34 - [MESSAGE][PASSED] - Text '' is set on object 'Object Repository/VLink/Page_CCSale/txt_UDF1'

2020-12-22 18:47:35 - [MESSAGE][PASSED] - Object 'Object Repository/VLink/Page_CCSale/txt_UDF2' is present

2020-12-22 18:47:35 - [MESSAGE][PASSED] - Text '' is set on object 'Object Repository/VLink/Page_CCSale/txt_UDF2'

2020-12-22 18:47:36 - [MESSAGE][PASSED] - Object 'Object Repository/VLink/Page_CCSale/txt_UDF3' is present

2020-12-22 18:47:36 - [MESSAGE][PASSED] - Text '' is set on object 'Object Repository/VLink/Page_CCSale/txt_UDF3'

2020-12-22 18:47:37 - [MESSAGE][PASSED] - Object 'Object Repository/VLink/Page_CCSale/txt_UDF4' is present

2020-12-22 18:47:37 - [MESSAGE][PASSED] - Text '' is set on object 'Object Repository/VLink/Page_CCSale/txt_UDF4'

2020-12-22 18:47:38 - [MESSAGE][PASSED] - Object 'Object Repository/VLink/Page_CCSale/txt_UDF5' is present

2020-12-22 18:47:38 - [MESSAGE][PASSED] - Text '' is set on object 'Object Repository/VLink/Page_CCSale/txt_UDF5'

2020-12-22 18:47:39 - [MESSAGE][PASSED] - Object 'Object Repository/VLink/Page_CCSale/txt_UDF6' is present

2020-12-22 18:47:39 - [MESSAGE][PASSED] - Text '' is set on object 'Object Repository/VLink/Page_CCSale/txt_UDF6'

2020-12-22 18:47:40 - [MESSAGE][PASSED] - Object 'Object Repository/VLink/Page_CCSale/txt_UDF7' is present

2020-12-22 18:47:40 - [MESSAGE][PASSED] - Text '' is set on object 'Object Repository/VLink/Page_CCSale/txt_UDF7'

2020-12-22 18:47:41 - [MESSAGE][PASSED] - Object 'Object Repository/VLink/Page_CCSale/txt_UDF8' is present

2020-12-22 18:47:41 - [MESSAGE][PASSED] - Text '' is set on object 'Object Repository/VLink/Page_CCSale/txt_UDF8'

2020-12-22 18:47:41 - [MESSAGE][PASSED] - Object 'Object Repository/VLink/Page_CCSale/txt_UDF9' is present

2020-12-22 18:47:42 - [MESSAGE][PASSED] - Text '' is set on object 'Object Repository/VLink/Page_CCSale/txt_UDF9'

2020-12-22 18:47:42 - [MESSAGE][PASSED] - Object 'Object Repository/VLink/Page_CCSale/txt_UDF10' is present

2020-12-22 18:47:43 - [MESSAGE][PASSED] - Text '' is set on object 'Object Repository/VLink/Page_CCSale/txt_UDF10'

2020-12-22 18:47:43 - [MESSAGE][PASSED] - Object 'Object Repository/VLink/Page_CCSale/txt_CardOnFileIndicator' is present

2020-12-22 18:47:44 - [MESSAGE][PASSED] - Text '' is set on object 'Object Repository/VLink/Page_CCSale/txt_CardOnFileIndicator'

2020-12-22 18:47:44 - [MESSAGE][PASSED] - Object 'Object Repository/VLink/Page_CCSale/txt_StoredCredentialIndicator' is present

2020-12-22 18:47:45 - [MESSAGE][PASSED] - Text '' is set on object 'Object Repository/VLink/Page_CCSale/txt_StoredCredentialIndicator'

2020-12-22 18:47:45 - [MESSAGE][PASSED] - Object 'Object Repository/VLink/Page_CCSale/txt_COFScheduledIndicator' is present

2020-12-22 18:47:46 - [MESSAGE][PASSED] - Text '' is set on object 'Object Repository/VLink/Page_CCSale/txt_COFScheduledIndicator'

2020-12-22 18:47:46 - [MESSAGE][PASSED] - Object 'Object Repository/VLink/Page_CCSale/txt_COFTransactionInitiatedBy' is present

2020-12-22 18:47:47 - [MESSAGE][PASSED] - Text '' is set on object 'Object Repository/VLink/Page_CCSale/txt_COFTransactionInitiatedBy'

2020-12-22 18:47:48 - [MESSAGE][PASSED] - Object: 'Object Repository/VLink/Page_CCSale/btn_ProcessVLinkTransaction' is clicked on

2020-12-22 18:47:53 - [MESSAGE][PASSED] - vlinkPages.saleCCPage.setDataSCC is PASSED

2020-12-22 18:47:53 - [TEST_STEP][FAILED] - if (verifyTextPresent("Transaction approved, no errors", true)): Text 'Transaction approved, no errors' is not present on page  using regular expression (Root cause: com.kms.katalon.core.exception.StepFailedException: Text 'Transaction approved, no errors' is not present on page  using regular expression
	at com.kms.katalon.core.webui.keyword.internal.WebUIKeywordMain.stepFailed(WebUIKeywordMain.groovy:64)
	at com.kms.katalon.core.webui.keyword.builtin.VerifyTextPresentKeyword$_verifyTextPresent_closure1.doCall(VerifyTextPresentKeyword.groovy:79)
	at com.kms.katalon.core.webui.keyword.builtin.VerifyTextPresentKeyword$_verifyTextPresent_closure1.call(VerifyTextPresentKeyword.groovy)
	at com.kms.katalon.core.webui.keyword.internal.WebUIKeywordMain.runKeyword(WebUIKeywordMain.groovy:20)
	at com.kms.katalon.core.webui.keyword.builtin.VerifyTextPresentKeyword.verifyTextPresent(VerifyTextPresentKeyword.groovy:83)
	at com.kms.katalon.core.webui.keyword.builtin.VerifyTextPresentKeyword.execute(VerifyTextPresentKeyword.groovy:68)
	at com.kms.katalon.core.keyword.internal.KeywordExecutor.executeKeywordForPlatform(KeywordExecutor.groovy:72)
	at com.kms.katalon.core.webui.keyword.WebUiBuiltInKeywords.verifyTextPresent(WebUiBuiltInKeywords.groovy:1719)
	at com.kms.katalon.core.webui.keyword.WebUiBuiltInKeywords$verifyTextPresent$6.call(Unknown Source)
	at VLinkSale-Successful.run(VLinkSale-Successful:60)
	at com.kms.katalon.core.main.ScriptEngine.run(ScriptEngine.java:194)
	at com.kms.katalon.core.main.ScriptEngine.runScriptAsRawText(ScriptEngine.java:119)
	at com.kms.katalon.core.main.TestCaseExecutor.runScript(TestCaseExecutor.java:337)
	at com.kms.katalon.core.main.TestCaseExecutor.doExecute(TestCaseExecutor.java:328)
	at com.kms.katalon.core.main.TestCaseExecutor.processExecutionPhase(TestCaseExecutor.java:307)
	at com.kms.katalon.core.main.TestCaseExecutor.accessMainPhase(TestCaseExecutor.java:299)
	at com.kms.katalon.core.main.TestCaseExecutor.execute(TestCaseExecutor.java:233)
	at com.kms.katalon.core.main.TestSuiteExecutor.accessTestCaseMainPhase(TestSuiteExecutor.java:169)
	at com.kms.katalon.core.main.TestSuiteExecutor.accessTestSuiteMainPhase(TestSuiteExecutor.java:142)
	at com.kms.katalon.core.main.TestSuiteExecutor.execute(TestSuiteExecutor.java:91)
	at com.kms.katalon.core.main.TestCaseMain.startTestSuite(TestCaseMain.java:157)
	at com.kms.katalon.core.main.TestCaseMain$startTestSuite$0.call(Unknown Source)
	at TempTestSuite1608674252830.run(TempTestSuite1608674252830.groovy:37)
)

2020-12-22 18:47:53 - [MESSAGE][FAILED] - Text 'Transaction approved, no errors' is not present on page  using regular expression (Root cause: com.kms.katalon.core.exception.StepFailedException: Text 'Transaction approved, no errors' is not present on page  using regular expression
	at com.kms.katalon.core.webui.keyword.internal.WebUIKeywordMain.stepFailed(WebUIKeywordMain.groovy:64)
	at com.kms.katalon.core.webui.keyword.builtin.VerifyTextPresentKeyword$_verifyTextPresent_closure1.doCall(VerifyTextPresentKeyword.groovy:79)
	at com.kms.katalon.core.webui.keyword.builtin.VerifyTextPresentKeyword$_verifyTextPresent_closure1.call(VerifyTextPresentKeyword.groovy)
	at com.kms.katalon.core.webui.keyword.internal.WebUIKeywordMain.runKeyword(WebUIKeywordMain.groovy:20)
	at com.kms.katalon.core.webui.keyword.builtin.VerifyTextPresentKeyword.verifyTextPresent(VerifyTextPresentKeyword.groovy:83)
	at com.kms.katalon.core.webui.keyword.builtin.VerifyTextPresentKeyword.execute(VerifyTextPresentKeyword.groovy:68)
	at com.kms.katalon.core.keyword.internal.KeywordExecutor.executeKeywordForPlatform(KeywordExecutor.groovy:72)
	at com.kms.katalon.core.webui.keyword.WebUiBuiltInKeywords.verifyTextPresent(WebUiBuiltInKeywords.groovy:1719)
	at com.kms.katalon.core.webui.keyword.WebUiBuiltInKeywords$verifyTextPresent$6.call(Unknown Source)
	at VLinkSale-Successful.run(VLinkSale-Successful:60)
	at com.kms.katalon.core.main.ScriptEngine.run(ScriptEngine.java:194)
	at com.kms.katalon.core.main.ScriptEngine.runScriptAsRawText(ScriptEngine.java:119)
	at com.kms.katalon.core.main.TestCaseExecutor.runScript(TestCaseExecutor.java:337)
	at com.kms.katalon.core.main.TestCaseExecutor.doExecute(TestCaseExecutor.java:328)
	at com.kms.katalon.core.main.TestCaseExecutor.processExecutionPhase(TestCaseExecutor.java:307)
	at com.kms.katalon.core.main.TestCaseExecutor.accessMainPhase(TestCaseExecutor.java:299)
	at com.kms.katalon.core.main.TestCaseExecutor.execute(TestCaseExecutor.java:233)
	at com.kms.katalon.core.main.TestSuiteExecutor.accessTestCaseMainPhase(TestSuiteExecutor.java:169)
	at com.kms.katalon.core.main.TestSuiteExecutor.accessTestSuiteMainPhase(TestSuiteExecutor.java:142)
	at com.kms.katalon.core.main.TestSuiteExecutor.execute(TestSuiteExecutor.java:91)
	at com.kms.katalon.core.main.TestCaseMain.startTestSuite(TestCaseMain.java:157)
	at com.kms.katalon.core.main.TestCaseMain$startTestSuite$0.call(Unknown Source)
	at TempTestSuite1608674252830.run(TempTestSuite1608674252830.groovy:37)
)

2020-12-22 18:47:53 - [TEST_STEP][PASSED] - else: null

2020-12-22 18:47:53 - [TEST_STEP][PASSED] - println("Transaction Approved, no errors text is not present on the Confirmation page"): null

2020-12-22 18:47:53 - [TEST_STEP][PASSED] - out.println("Fail Record Number: " + row): null

2020-12-22 18:47:53 - [TEST_STEP][PASSED] - sdfo = getText(findTestObject("Object Repository/Page_VLinkReceipt/pre_STX")): Text of object 'Object Repository/Page_VLinkReceipt/pre_STX' is: '<STX>bWh9wqomH7cy                  12088023            2  Transaction failed                                1  General platform system error                                                              <ETX>'

2020-12-22 18:47:54 - [MESSAGE][PASSED] - Text of object 'Object Repository/Page_VLinkReceipt/pre_STX' is: '<STX>bWh9wqomH7cy                  12088023            2  Transaction failed                                1  General platform system error                                                              <ETX>'

2020-12-22 18:47:54 - [TEST_STEP][PASSED] - out.println("sdfo: " + sdfo): null

2020-12-22 18:47:54 - [TEST_STEP][PASSED] - remID = substring(5, 35).trim(): null

2020-12-22 18:47:54 - [TEST_STEP][PASSED] - out.println("Remittance ID: " + remID): null

2020-12-22 18:47:54 - [TEST_STEP][PASSED] - traxID = substring(35, 55).trim(): null

2020-12-22 18:47:54 - [TEST_STEP][PASSED] - out.println("Transaction ID: " + traxID): null

2020-12-22 18:47:54 - [TEST_STEP][PASSED] - out.println("End Record Number: " + row): null

2020-12-22 18:47:54 - [TEST_STEP][PASSED] - closeBrowser(): Browser is closed

2020-12-22 18:47:54 - [MESSAGE][PASSED] - Browser is closed

2020-12-22 18:47:54 - [TEST_STEP][PASSED] - out.println("Begin Record Number: " + row): null

2020-12-22 18:47:54 - [TEST_STEP][PASSED] - openBrowser(VLinkURL + "authcap.html"): Browser is opened with url: 'https://dev-algorithm.govolution.com/vlinktest/QA/version_2_0/authcap.html'

2020-12-22 18:47:54 - [MESSAGE][INFO] - Starting 'Chrome' driver

2020-12-22 18:47:54 - [MESSAGE][INFO] - User set preference: ['acceptInsecureCerts', 'true']

2020-12-22 18:47:54 - [MESSAGE][INFO] - Action delay is set to 0 milliseconds

2020-12-22 18:47:58 - [MESSAGE][PASSED] - Browser is opened with url: 'https://dev-algorithm.govolution.com/vlinktest/QA/version_2_0/authcap.html'

2020-12-22 18:47:58 - [TEST_STEP][PASSED] - maximizeWindow(): Current window maximized

2020-12-22 18:47:59 - [MESSAGE][PASSED] - Current window maximized

2020-12-22 18:47:59 - [TEST_STEP][PASSED] - vlinkPages.saleCCPage.setDataSCC(row, dataFile): vlinkPages.saleCCPage.setDataSCC is PASSED

2020-12-22 18:48:00 - [MESSAGE][PASSED] - Object 'Object Repository/VLink/Page_CCSale/txt_CardNumber' is present

2020-12-22 18:48:00 - [MESSAGE][PASSED] - Object 'Object Repository/VLink/Page_CCSale/txt_TransactionType' is present

2020-12-22 18:48:01 - [MESSAGE][PASSED] - Text '104' is set on object 'Object Repository/VLink/Page_CCSale/txt_TransactionType'

2020-12-22 18:48:01 - [MESSAGE][PASSED] - Object 'Object Repository/VLink/Page_CCSale/txt_MessageVersion' is present

2020-12-22 18:48:02 - [MESSAGE][PASSED] - Text '2.0C' is set on object 'Object Repository/VLink/Page_CCSale/txt_MessageVersion'

2020-12-22 18:48:02 - [MESSAGE][PASSED] - Object 'Object Repository/VLink/Page_CCSale/txt_RemID' is present

2020-12-22 18:48:03 - [MESSAGE][PASSED] - Text 'svBmTeZYnHxf' is set on object 'Object Repository/VLink/Page_CCSale/txt_RemID'

2020-12-22 18:48:03 - [MESSAGE][PASSED] - Object 'Object Repository/VLink/Page_CCSale/txt_ApplicationId' is present

2020-12-22 18:48:04 - [MESSAGE][PASSED] - Text '672' is set on object 'Object Repository/VLink/Page_CCSale/txt_ApplicationId'

2020-12-22 18:48:04 - [MESSAGE][PASSED] - Object 'Object Repository/VLink/Page_CCSale/txt_Username' is present

2020-12-22 18:48:04 - [MESSAGE][PASSED] - Text 'username' is set on object 'Object Repository/VLink/Page_CCSale/txt_Username'

2020-12-22 18:48:05 - [MESSAGE][PASSED] - Object 'Object Repository/VLink/Page_CCSale/txt_Password' is present

2020-12-22 18:48:05 - [MESSAGE][PASSED] - Text 'password' is set on object 'Object Repository/VLink/Page_CCSale/txt_Password'

2020-12-22 18:48:06 - [MESSAGE][PASSED] - Object 'Object Repository/VLink/Page_CCSale/txt_ResponseFormat' is present

2020-12-22 18:48:06 - [MESSAGE][PASSED] - Text 'fixed_width' is set on object 'Object Repository/VLink/Page_CCSale/txt_ResponseFormat'

2020-12-22 18:48:07 - [MESSAGE][PASSED] - Object 'Object Repository/VLink/Page_CCSale/txt_Category' is present

2020-12-22 18:48:07 - [MESSAGE][PASSED] - Text 'RETL' is set on object 'Object Repository/VLink/Page_CCSale/txt_Category'

2020-12-22 18:48:07 - [MESSAGE][PASSED] - Object 'Object Repository/VLink/Page_CCSale/txt_TransactionID' is present

2020-12-22 18:48:08 - [MESSAGE][PASSED] - Text '' is set on object 'Object Repository/VLink/Page_CCSale/txt_TransactionID'

2020-12-22 18:48:08 - [MESSAGE][PASSED] - Object 'Object Repository/VLink/Page_CCSale/txt_ApprovalCode' is present

2020-12-22 18:48:09 - [MESSAGE][PASSED] - Text '' is set on object 'Object Repository/VLink/Page_CCSale/txt_ApprovalCode'

2020-12-22 18:48:09 - [MESSAGE][PASSED] - Object 'Object Repository/VLink/Page_CCSale/txt_CardName' is present

2020-12-22 18:48:10 - [MESSAGE][PASSED] - Text 'Angelo Matt' is set on object 'Object Repository/VLink/Page_CCSale/txt_CardName'

2020-12-22 18:48:10 - [MESSAGE][PASSED] - Object 'Object Repository/VLink/Page_CCSale/txt_AL1' is present

2020-12-22 18:48:11 - [MESSAGE][PASSED] - Text '' is set on object 'Object Repository/VLink/Page_CCSale/txt_AL1'

2020-12-22 18:48:11 - [MESSAGE][PASSED] - Object 'Object Repository/VLink/Page_CCSale/txt_AL2' is present

2020-12-22 18:48:12 - [MESSAGE][PASSED] - Text '' is set on object 'Object Repository/VLink/Page_CCSale/txt_AL2'

2020-12-22 18:48:12 - [MESSAGE][PASSED] - Object 'Object Repository/VLink/Page_CCSale/txt_CardCity' is present

2020-12-22 18:48:13 - [MESSAGE][PASSED] - Text '' is set on object 'Object Repository/VLink/Page_CCSale/txt_CardCity'

2020-12-22 18:48:13 - [MESSAGE][PASSED] - Object 'Object Repository/VLink/Page_CCSale/txt_CardState' is present

2020-12-22 18:48:14 - [MESSAGE][PASSED] - Text '' is set on object 'Object Repository/VLink/Page_CCSale/txt_CardState'

2020-12-22 18:48:14 - [MESSAGE][PASSED] - Object 'Object Repository/VLink/Page_CCSale/txt_CardZIP' is present

2020-12-22 18:48:15 - [MESSAGE][PASSED] - Text '' is set on object 'Object Repository/VLink/Page_CCSale/txt_CardZIP'

2020-12-22 18:48:15 - [MESSAGE][PASSED] - Object 'Object Repository/VLink/Page_CCSale/txt_CountryID' is present

2020-12-22 18:48:16 - [MESSAGE][PASSED] - Text '' is set on object 'Object Repository/VLink/Page_CCSale/txt_CountryID'

2020-12-22 18:48:16 - [MESSAGE][PASSED] - Object 'Object Repository/VLink/Page_CCSale/txt_Amount' is present

2020-12-22 18:48:17 - [MESSAGE][PASSED] - Text '2.50' is set on object 'Object Repository/VLink/Page_CCSale/txt_Amount'

2020-12-22 18:48:17 - [MESSAGE][PASSED] - Object 'Object Repository/VLink/Page_CCSale/txt_CardNumber' is present

2020-12-22 18:48:18 - [MESSAGE][PASSED] - Text '' is set on object 'Object Repository/VLink/Page_CCSale/txt_CardNumber'

2020-12-22 18:48:18 - [MESSAGE][PASSED] - Object 'Object Repository/VLink/Page_CCSale/txt_ExpMonth' is present

2020-12-22 18:48:19 - [MESSAGE][PASSED] - Text '' is set on object 'Object Repository/VLink/Page_CCSale/txt_ExpMonth'

2020-12-22 18:48:19 - [MESSAGE][PASSED] - Object 'Object Repository/VLink/Page_CCSale/txt_ExpYear' is present

2020-12-22 18:48:20 - [MESSAGE][PASSED] - Text '' is set on object 'Object Repository/VLink/Page_CCSale/txt_ExpYear'

2020-12-22 18:48:20 - [MESSAGE][PASSED] - Object 'Object Repository/VLink/Page_CCSale/txt_CVV' is present

2020-12-22 18:48:21 - [MESSAGE][PASSED] - Text '' is set on object 'Object Repository/VLink/Page_CCSale/txt_CVV'

2020-12-22 18:48:21 - [MESSAGE][PASSED] - Object 'Object Repository/VLink/Page_CCSale/txt_CVVstate' is present

2020-12-22 18:48:22 - [MESSAGE][PASSED] - Text '' is set on object 'Object Repository/VLink/Page_CCSale/txt_CVVstate'

2020-12-22 18:48:22 - [MESSAGE][PASSED] - Object 'Object Repository/VLink/Page_CCSale/txt_TrackData' is present

2020-12-22 18:48:23 - [MESSAGE][PASSED] - Text '' is set on object 'Object Repository/VLink/Page_CCSale/txt_TrackData'

2020-12-22 18:48:23 - [MESSAGE][PASSED] - Object 'Object Repository/VLink/Page_CCSale/txt_Track1Data' is present

2020-12-22 18:48:24 - [MESSAGE][PASSED] - Text '' is set on object 'Object Repository/VLink/Page_CCSale/txt_Track1Data'

2020-12-22 18:48:24 - [MESSAGE][PASSED] - Object 'Object Repository/VLink/Page_CCSale/txt_Track2Data' is present

2020-12-22 18:48:25 - [MESSAGE][PASSED] - Text ';5567080011582646=23032010902035400015?' is set on object 'Object Repository/VLink/Page_CCSale/txt_Track2Data'

2020-12-22 18:48:25 - [MESSAGE][PASSED] - Object 'Object Repository/VLink/Page_CCSale/txt_POSEntryMode' is present

2020-12-22 18:48:26 - [MESSAGE][PASSED] - Text '' is set on object 'Object Repository/VLink/Page_CCSale/txt_POSEntryMode'

2020-12-22 18:48:26 - [MESSAGE][PASSED] - Object 'Object Repository/VLink/Page_CCSale/txt_Email' is present

2020-12-22 18:48:27 - [MESSAGE][PASSED] - Text '' is set on object 'Object Repository/VLink/Page_CCSale/txt_Email'

2020-12-22 18:48:27 - [MESSAGE][PASSED] - Object 'Object Repository/VLink/Page_CCSale/txt_OrderNumber' is present

2020-12-22 18:48:28 - [MESSAGE][PASSED] - Text '' is set on object 'Object Repository/VLink/Page_CCSale/txt_OrderNumber'

2020-12-22 18:48:28 - [MESSAGE][PASSED] - Object 'Object Repository/VLink/Page_CCSale/txt_TaxAmount' is present

2020-12-22 18:48:29 - [MESSAGE][PASSED] - Text '' is set on object 'Object Repository/VLink/Page_CCSale/txt_TaxAmount'

2020-12-22 18:48:29 - [MESSAGE][PASSED] - Object 'Object Repository/VLink/Page_CCSale/txt_ChargeDescription' is present

2020-12-22 18:48:30 - [MESSAGE][PASSED] - Text '' is set on object 'Object Repository/VLink/Page_CCSale/txt_ChargeDescription'

2020-12-22 18:48:30 - [MESSAGE][PASSED] - Object 'Object Repository/VLink/Page_CCSale/txt_CAN' is present

2020-12-22 18:48:31 - [MESSAGE][PASSED] - Text '' is set on object 'Object Repository/VLink/Page_CCSale/txt_CAN'

2020-12-22 18:48:31 - [MESSAGE][PASSED] - Object 'Object Repository/VLink/Page_CCSale/txt_BillPaymentIndicator' is present

2020-12-22 18:48:32 - [MESSAGE][PASSED] - Text '' is set on object 'Object Repository/VLink/Page_CCSale/txt_BillPaymentIndicator'

2020-12-22 18:48:32 - [MESSAGE][PASSED] - Object 'Object Repository/VLink/Page_CCSale/txt_UDF1' is present

2020-12-22 18:48:33 - [MESSAGE][PASSED] - Text '' is set on object 'Object Repository/VLink/Page_CCSale/txt_UDF1'

2020-12-22 18:48:33 - [MESSAGE][PASSED] - Object 'Object Repository/VLink/Page_CCSale/txt_UDF2' is present

2020-12-22 18:48:34 - [MESSAGE][PASSED] - Text '' is set on object 'Object Repository/VLink/Page_CCSale/txt_UDF2'

2020-12-22 18:48:34 - [MESSAGE][PASSED] - Object 'Object Repository/VLink/Page_CCSale/txt_UDF3' is present

2020-12-22 18:48:35 - [MESSAGE][PASSED] - Text '' is set on object 'Object Repository/VLink/Page_CCSale/txt_UDF3'

2020-12-22 18:48:35 - [MESSAGE][PASSED] - Object 'Object Repository/VLink/Page_CCSale/txt_UDF4' is present

2020-12-22 18:48:36 - [MESSAGE][PASSED] - Text '' is set on object 'Object Repository/VLink/Page_CCSale/txt_UDF4'

2020-12-22 18:48:36 - [MESSAGE][PASSED] - Object 'Object Repository/VLink/Page_CCSale/txt_UDF5' is present

2020-12-22 18:48:37 - [MESSAGE][PASSED] - Text '' is set on object 'Object Repository/VLink/Page_CCSale/txt_UDF5'

2020-12-22 18:48:37 - [MESSAGE][PASSED] - Object 'Object Repository/VLink/Page_CCSale/txt_UDF6' is present

2020-12-22 18:48:38 - [MESSAGE][PASSED] - Text '' is set on object 'Object Repository/VLink/Page_CCSale/txt_UDF6'

2020-12-22 18:48:38 - [MESSAGE][PASSED] - Object 'Object Repository/VLink/Page_CCSale/txt_UDF7' is present

2020-12-22 18:48:39 - [MESSAGE][PASSED] - Text '' is set on object 'Object Repository/VLink/Page_CCSale/txt_UDF7'

2020-12-22 18:48:39 - [MESSAGE][PASSED] - Object 'Object Repository/VLink/Page_CCSale/txt_UDF8' is present

2020-12-22 18:48:40 - [MESSAGE][PASSED] - Text '' is set on object 'Object Repository/VLink/Page_CCSale/txt_UDF8'

2020-12-22 18:48:40 - [MESSAGE][PASSED] - Object 'Object Repository/VLink/Page_CCSale/txt_UDF9' is present

2020-12-22 18:48:41 - [MESSAGE][PASSED] - Text '' is set on object 'Object Repository/VLink/Page_CCSale/txt_UDF9'

2020-12-22 18:48:41 - [MESSAGE][PASSED] - Object 'Object Repository/VLink/Page_CCSale/txt_UDF10' is present

2020-12-22 18:48:41 - [MESSAGE][PASSED] - Text '' is set on object 'Object Repository/VLink/Page_CCSale/txt_UDF10'

2020-12-22 18:48:42 - [MESSAGE][PASSED] - Object 'Object Repository/VLink/Page_CCSale/txt_CardOnFileIndicator' is present

2020-12-22 18:48:42 - [MESSAGE][PASSED] - Text '' is set on object 'Object Repository/VLink/Page_CCSale/txt_CardOnFileIndicator'

2020-12-22 18:48:43 - [MESSAGE][PASSED] - Object 'Object Repository/VLink/Page_CCSale/txt_StoredCredentialIndicator' is present

2020-12-22 18:48:43 - [MESSAGE][PASSED] - Text '' is set on object 'Object Repository/VLink/Page_CCSale/txt_StoredCredentialIndicator'

2020-12-22 18:48:44 - [MESSAGE][PASSED] - Object 'Object Repository/VLink/Page_CCSale/txt_COFScheduledIndicator' is present

2020-12-22 18:48:44 - [MESSAGE][PASSED] - Text '' is set on object 'Object Repository/VLink/Page_CCSale/txt_COFScheduledIndicator'

2020-12-22 18:48:45 - [MESSAGE][PASSED] - Object 'Object Repository/VLink/Page_CCSale/txt_COFTransactionInitiatedBy' is present

2020-12-22 18:48:45 - [MESSAGE][PASSED] - Text '' is set on object 'Object Repository/VLink/Page_CCSale/txt_COFTransactionInitiatedBy'

2020-12-22 18:48:48 - [MESSAGE][PASSED] - Object: 'Object Repository/VLink/Page_CCSale/btn_ProcessVLinkTransaction' is clicked on

2020-12-22 18:48:53 - [MESSAGE][PASSED] - vlinkPages.saleCCPage.setDataSCC is PASSED

2020-12-22 18:48:53 - [TEST_STEP][PASSED] - if (verifyTextPresent("Transaction approved, no errors", true)): null

2020-12-22 18:48:53 - [MESSAGE][PASSED] - Text 'Transaction approved, no errors' is present on page  using regular expression

2020-12-22 18:48:53 - [TEST_STEP][PASSED] - println("Transaction Approved, no errors text is present on the Confirmation page"): null

2020-12-22 18:48:53 - [TEST_STEP][PASSED] - out.println("Pass Record Number: " + row): null

2020-12-22 18:48:53 - [TEST_STEP][PASSED] - sdfo = getText(findTestObject("Object Repository/Page_VLinkReceipt/pre_STX")): Text of object 'Object Repository/Page_VLinkReceipt/pre_STX' is: '<STX>svBmTeZYnHxf                  12088024            0  Transaction approved, no errors                   0                                                                                  R OK9370   <ETX>'

2020-12-22 18:48:53 - [MESSAGE][PASSED] - Text of object 'Object Repository/Page_VLinkReceipt/pre_STX' is: '<STX>svBmTeZYnHxf                  12088024            0  Transaction approved, no errors                   0                                                                                  R OK9370   <ETX>'

2020-12-22 18:48:53 - [TEST_STEP][PASSED] - out.println("sdfo: " + sdfo): null

2020-12-22 18:48:53 - [TEST_STEP][PASSED] - remID = substring(5, 35).trim(): null

2020-12-22 18:48:53 - [TEST_STEP][PASSED] - out.println("Remittance ID: " + remID): null

2020-12-22 18:48:53 - [TEST_STEP][PASSED] - traxID = substring(35, 55).trim(): null

2020-12-22 18:48:53 - [TEST_STEP][PASSED] - out.println("Transaction ID: " + traxID): null

2020-12-22 18:48:53 - [TEST_STEP][PASSED] - out.println("End Record Number: " + row): null

2020-12-22 18:48:53 - [TEST_STEP][PASSED] - closeBrowser(): Browser is closed

2020-12-22 18:48:54 - [MESSAGE][PASSED] - Browser is closed

2020-12-22 18:48:54 - [TEST_STEP][PASSED] - out.println("Begin Record Number: " + row): null

2020-12-22 18:48:54 - [TEST_STEP][PASSED] - openBrowser(VLinkURL + "authcap.html"): Browser is opened with url: 'https://dev-algorithm.govolution.com/vlinktest/QA/version_2_0/authcap.html'

2020-12-22 18:48:54 - [MESSAGE][INFO] - Starting 'Chrome' driver

2020-12-22 18:48:54 - [MESSAGE][INFO] - User set preference: ['acceptInsecureCerts', 'true']

2020-12-22 18:48:54 - [MESSAGE][INFO] - Action delay is set to 0 milliseconds

2020-12-22 18:48:58 - [MESSAGE][PASSED] - Browser is opened with url: 'https://dev-algorithm.govolution.com/vlinktest/QA/version_2_0/authcap.html'

2020-12-22 18:48:58 - [TEST_STEP][PASSED] - maximizeWindow(): Current window maximized

2020-12-22 18:48:59 - [MESSAGE][PASSED] - Current window maximized

2020-12-22 18:48:59 - [TEST_STEP][PASSED] - vlinkPages.saleCCPage.setDataSCC(row, dataFile): vlinkPages.saleCCPage.setDataSCC is PASSED

2020-12-22 18:49:00 - [MESSAGE][PASSED] - Object 'Object Repository/VLink/Page_CCSale/txt_CardNumber' is present

2020-12-22 18:49:00 - [MESSAGE][PASSED] - Object 'Object Repository/VLink/Page_CCSale/txt_TransactionType' is present

2020-12-22 18:49:01 - [MESSAGE][PASSED] - Text '104' is set on object 'Object Repository/VLink/Page_CCSale/txt_TransactionType'

2020-12-22 18:49:01 - [MESSAGE][PASSED] - Object 'Object Repository/VLink/Page_CCSale/txt_MessageVersion' is present

2020-12-22 18:49:02 - [MESSAGE][PASSED] - Text '2.0C' is set on object 'Object Repository/VLink/Page_CCSale/txt_MessageVersion'

2020-12-22 18:49:02 - [MESSAGE][PASSED] - Object 'Object Repository/VLink/Page_CCSale/txt_RemID' is present

2020-12-22 18:49:03 - [MESSAGE][PASSED] - Text '1kwKxjTymYZB' is set on object 'Object Repository/VLink/Page_CCSale/txt_RemID'

2020-12-22 18:49:03 - [MESSAGE][PASSED] - Object 'Object Repository/VLink/Page_CCSale/txt_ApplicationId' is present

2020-12-22 18:49:04 - [MESSAGE][PASSED] - Text '672' is set on object 'Object Repository/VLink/Page_CCSale/txt_ApplicationId'

2020-12-22 18:49:04 - [MESSAGE][PASSED] - Object 'Object Repository/VLink/Page_CCSale/txt_Username' is present

2020-12-22 18:49:04 - [MESSAGE][PASSED] - Text 'username' is set on object 'Object Repository/VLink/Page_CCSale/txt_Username'

2020-12-22 18:49:05 - [MESSAGE][PASSED] - Object 'Object Repository/VLink/Page_CCSale/txt_Password' is present

2020-12-22 18:49:05 - [MESSAGE][PASSED] - Text 'password' is set on object 'Object Repository/VLink/Page_CCSale/txt_Password'

2020-12-22 18:49:06 - [MESSAGE][PASSED] - Object 'Object Repository/VLink/Page_CCSale/txt_ResponseFormat' is present

2020-12-22 18:49:06 - [MESSAGE][PASSED] - Text 'fixed_width' is set on object 'Object Repository/VLink/Page_CCSale/txt_ResponseFormat'

2020-12-22 18:49:07 - [MESSAGE][PASSED] - Object 'Object Repository/VLink/Page_CCSale/txt_Category' is present

2020-12-22 18:49:07 - [MESSAGE][PASSED] - Text 'RETL' is set on object 'Object Repository/VLink/Page_CCSale/txt_Category'

2020-12-22 18:49:08 - [MESSAGE][PASSED] - Object 'Object Repository/VLink/Page_CCSale/txt_TransactionID' is present

2020-12-22 18:49:08 - [MESSAGE][PASSED] - Text '' is set on object 'Object Repository/VLink/Page_CCSale/txt_TransactionID'

2020-12-22 18:49:09 - [MESSAGE][PASSED] - Object 'Object Repository/VLink/Page_CCSale/txt_ApprovalCode' is present

2020-12-22 18:49:09 - [MESSAGE][PASSED] - Text '' is set on object 'Object Repository/VLink/Page_CCSale/txt_ApprovalCode'

2020-12-22 18:49:10 - [MESSAGE][PASSED] - Object 'Object Repository/VLink/Page_CCSale/txt_CardName' is present

2020-12-22 18:49:10 - [MESSAGE][PASSED] - Text '' is set on object 'Object Repository/VLink/Page_CCSale/txt_CardName'

2020-12-22 18:49:11 - [MESSAGE][PASSED] - Object 'Object Repository/VLink/Page_CCSale/txt_AL1' is present

2020-12-22 18:49:11 - [MESSAGE][PASSED] - Text '' is set on object 'Object Repository/VLink/Page_CCSale/txt_AL1'

2020-12-22 18:49:12 - [MESSAGE][PASSED] - Object 'Object Repository/VLink/Page_CCSale/txt_AL2' is present

2020-12-22 18:49:12 - [MESSAGE][PASSED] - Text '' is set on object 'Object Repository/VLink/Page_CCSale/txt_AL2'

2020-12-22 18:49:13 - [MESSAGE][PASSED] - Object 'Object Repository/VLink/Page_CCSale/txt_CardCity' is present

2020-12-22 18:49:13 - [MESSAGE][PASSED] - Text '' is set on object 'Object Repository/VLink/Page_CCSale/txt_CardCity'

2020-12-22 18:49:14 - [MESSAGE][PASSED] - Object 'Object Repository/VLink/Page_CCSale/txt_CardState' is present

2020-12-22 18:49:14 - [MESSAGE][PASSED] - Text '' is set on object 'Object Repository/VLink/Page_CCSale/txt_CardState'

2020-12-22 18:49:15 - [MESSAGE][PASSED] - Object 'Object Repository/VLink/Page_CCSale/txt_CardZIP' is present

2020-12-22 18:49:15 - [MESSAGE][PASSED] - Text '' is set on object 'Object Repository/VLink/Page_CCSale/txt_CardZIP'

2020-12-22 18:49:16 - [MESSAGE][PASSED] - Object 'Object Repository/VLink/Page_CCSale/txt_CountryID' is present

2020-12-22 18:49:16 - [MESSAGE][PASSED] - Text '' is set on object 'Object Repository/VLink/Page_CCSale/txt_CountryID'

2020-12-22 18:49:17 - [MESSAGE][PASSED] - Object 'Object Repository/VLink/Page_CCSale/txt_Amount' is present

2020-12-22 18:49:17 - [MESSAGE][PASSED] - Text '2.50' is set on object 'Object Repository/VLink/Page_CCSale/txt_Amount'

2020-12-22 18:49:18 - [MESSAGE][PASSED] - Object 'Object Repository/VLink/Page_CCSale/txt_CardNumber' is present

2020-12-22 18:49:18 - [MESSAGE][PASSED] - Text '' is set on object 'Object Repository/VLink/Page_CCSale/txt_CardNumber'

2020-12-22 18:49:19 - [MESSAGE][PASSED] - Object 'Object Repository/VLink/Page_CCSale/txt_ExpMonth' is present

2020-12-22 18:49:19 - [MESSAGE][PASSED] - Text '' is set on object 'Object Repository/VLink/Page_CCSale/txt_ExpMonth'

2020-12-22 18:49:20 - [MESSAGE][PASSED] - Object 'Object Repository/VLink/Page_CCSale/txt_ExpYear' is present

2020-12-22 18:49:20 - [MESSAGE][PASSED] - Text '' is set on object 'Object Repository/VLink/Page_CCSale/txt_ExpYear'

2020-12-22 18:49:21 - [MESSAGE][PASSED] - Object 'Object Repository/VLink/Page_CCSale/txt_CVV' is present

2020-12-22 18:49:21 - [MESSAGE][PASSED] - Text '' is set on object 'Object Repository/VLink/Page_CCSale/txt_CVV'

2020-12-22 18:49:22 - [MESSAGE][PASSED] - Object 'Object Repository/VLink/Page_CCSale/txt_CVVstate' is present

2020-12-22 18:49:22 - [MESSAGE][PASSED] - Text '' is set on object 'Object Repository/VLink/Page_CCSale/txt_CVVstate'

2020-12-22 18:49:23 - [MESSAGE][PASSED] - Object 'Object Repository/VLink/Page_CCSale/txt_TrackData' is present

2020-12-22 18:49:23 - [MESSAGE][PASSED] - Text '' is set on object 'Object Repository/VLink/Page_CCSale/txt_TrackData'

2020-12-22 18:49:24 - [MESSAGE][PASSED] - Object 'Object Repository/VLink/Page_CCSale/txt_Track1Data' is present

2020-12-22 18:49:24 - [MESSAGE][PASSED] - Text '%B5567080011582646^AHMED/IMTIAZ              ^2303201090200000000000354000015?' is set on object 'Object Repository/VLink/Page_CCSale/txt_Track1Data'

2020-12-22 18:49:25 - [MESSAGE][PASSED] - Object 'Object Repository/VLink/Page_CCSale/txt_Track2Data' is present

2020-12-22 18:49:25 - [MESSAGE][PASSED] - Text ';5567080011582646=23032010902035400015?' is set on object 'Object Repository/VLink/Page_CCSale/txt_Track2Data'

2020-12-22 18:49:26 - [MESSAGE][PASSED] - Object 'Object Repository/VLink/Page_CCSale/txt_POSEntryMode' is present

2020-12-22 18:49:26 - [MESSAGE][PASSED] - Text '' is set on object 'Object Repository/VLink/Page_CCSale/txt_POSEntryMode'

2020-12-22 18:49:27 - [MESSAGE][PASSED] - Object 'Object Repository/VLink/Page_CCSale/txt_Email' is present

2020-12-22 18:49:27 - [MESSAGE][PASSED] - Text '' is set on object 'Object Repository/VLink/Page_CCSale/txt_Email'

2020-12-22 18:49:28 - [MESSAGE][PASSED] - Object 'Object Repository/VLink/Page_CCSale/txt_OrderNumber' is present

2020-12-22 18:49:28 - [MESSAGE][PASSED] - Text '' is set on object 'Object Repository/VLink/Page_CCSale/txt_OrderNumber'

2020-12-22 18:49:29 - [MESSAGE][PASSED] - Object 'Object Repository/VLink/Page_CCSale/txt_TaxAmount' is present

2020-12-22 18:49:29 - [MESSAGE][PASSED] - Text '' is set on object 'Object Repository/VLink/Page_CCSale/txt_TaxAmount'

2020-12-22 18:49:30 - [MESSAGE][PASSED] - Object 'Object Repository/VLink/Page_CCSale/txt_ChargeDescription' is present

2020-12-22 18:49:30 - [MESSAGE][PASSED] - Text '' is set on object 'Object Repository/VLink/Page_CCSale/txt_ChargeDescription'

2020-12-22 18:49:31 - [MESSAGE][PASSED] - Object 'Object Repository/VLink/Page_CCSale/txt_CAN' is present

2020-12-22 18:49:31 - [MESSAGE][PASSED] - Text '' is set on object 'Object Repository/VLink/Page_CCSale/txt_CAN'

2020-12-22 18:49:32 - [MESSAGE][PASSED] - Object 'Object Repository/VLink/Page_CCSale/txt_BillPaymentIndicator' is present

2020-12-22 18:49:32 - [MESSAGE][PASSED] - Text '' is set on object 'Object Repository/VLink/Page_CCSale/txt_BillPaymentIndicator'

2020-12-22 18:49:33 - [MESSAGE][PASSED] - Object 'Object Repository/VLink/Page_CCSale/txt_UDF1' is present

2020-12-22 18:49:33 - [MESSAGE][PASSED] - Text '' is set on object 'Object Repository/VLink/Page_CCSale/txt_UDF1'

2020-12-22 18:49:34 - [MESSAGE][PASSED] - Object 'Object Repository/VLink/Page_CCSale/txt_UDF2' is present

2020-12-22 18:49:34 - [MESSAGE][PASSED] - Text '' is set on object 'Object Repository/VLink/Page_CCSale/txt_UDF2'

2020-12-22 18:49:35 - [MESSAGE][PASSED] - Object 'Object Repository/VLink/Page_CCSale/txt_UDF3' is present

2020-12-22 18:49:35 - [MESSAGE][PASSED] - Text '' is set on object 'Object Repository/VLink/Page_CCSale/txt_UDF3'

2020-12-22 18:49:36 - [MESSAGE][PASSED] - Object 'Object Repository/VLink/Page_CCSale/txt_UDF4' is present

2020-12-22 18:49:36 - [MESSAGE][PASSED] - Text '' is set on object 'Object Repository/VLink/Page_CCSale/txt_UDF4'

2020-12-22 18:49:37 - [MESSAGE][PASSED] - Object 'Object Repository/VLink/Page_CCSale/txt_UDF5' is present

2020-12-22 18:49:37 - [MESSAGE][PASSED] - Text '' is set on object 'Object Repository/VLink/Page_CCSale/txt_UDF5'

2020-12-22 18:49:38 - [MESSAGE][PASSED] - Object 'Object Repository/VLink/Page_CCSale/txt_UDF6' is present

2020-12-22 18:49:38 - [MESSAGE][PASSED] - Text '' is set on object 'Object Repository/VLink/Page_CCSale/txt_UDF6'

2020-12-22 18:49:39 - [MESSAGE][PASSED] - Object 'Object Repository/VLink/Page_CCSale/txt_UDF7' is present

2020-12-22 18:49:39 - [MESSAGE][PASSED] - Text '' is set on object 'Object Repository/VLink/Page_CCSale/txt_UDF7'

2020-12-22 18:49:40 - [MESSAGE][PASSED] - Object 'Object Repository/VLink/Page_CCSale/txt_UDF8' is present

2020-12-22 18:49:40 - [MESSAGE][PASSED] - Text '' is set on object 'Object Repository/VLink/Page_CCSale/txt_UDF8'

2020-12-22 18:49:40 - [MESSAGE][PASSED] - Object 'Object Repository/VLink/Page_CCSale/txt_UDF9' is present

2020-12-22 18:49:41 - [MESSAGE][PASSED] - Text '' is set on object 'Object Repository/VLink/Page_CCSale/txt_UDF9'

2020-12-22 18:49:41 - [MESSAGE][PASSED] - Object 'Object Repository/VLink/Page_CCSale/txt_UDF10' is present

2020-12-22 18:49:42 - [MESSAGE][PASSED] - Text '' is set on object 'Object Repository/VLink/Page_CCSale/txt_UDF10'

2020-12-22 18:49:42 - [MESSAGE][PASSED] - Object 'Object Repository/VLink/Page_CCSale/txt_CardOnFileIndicator' is present

2020-12-22 18:49:43 - [MESSAGE][PASSED] - Text '' is set on object 'Object Repository/VLink/Page_CCSale/txt_CardOnFileIndicator'

2020-12-22 18:49:43 - [MESSAGE][PASSED] - Object 'Object Repository/VLink/Page_CCSale/txt_StoredCredentialIndicator' is present

2020-12-22 18:49:44 - [MESSAGE][PASSED] - Text '' is set on object 'Object Repository/VLink/Page_CCSale/txt_StoredCredentialIndicator'

2020-12-22 18:49:44 - [MESSAGE][PASSED] - Object 'Object Repository/VLink/Page_CCSale/txt_COFScheduledIndicator' is present

2020-12-22 18:49:45 - [MESSAGE][PASSED] - Text '' is set on object 'Object Repository/VLink/Page_CCSale/txt_COFScheduledIndicator'

2020-12-22 18:49:45 - [MESSAGE][PASSED] - Object 'Object Repository/VLink/Page_CCSale/txt_COFTransactionInitiatedBy' is present

2020-12-22 18:49:46 - [MESSAGE][PASSED] - Text '' is set on object 'Object Repository/VLink/Page_CCSale/txt_COFTransactionInitiatedBy'

2020-12-22 18:49:49 - [MESSAGE][PASSED] - Object: 'Object Repository/VLink/Page_CCSale/btn_ProcessVLinkTransaction' is clicked on

2020-12-22 18:49:54 - [MESSAGE][PASSED] - vlinkPages.saleCCPage.setDataSCC is PASSED

2020-12-22 18:49:54 - [TEST_STEP][PASSED] - if (verifyTextPresent("Transaction approved, no errors", true)): null

2020-12-22 18:49:54 - [MESSAGE][PASSED] - Text 'Transaction approved, no errors' is present on page  using regular expression

2020-12-22 18:49:54 - [TEST_STEP][PASSED] - println("Transaction Approved, no errors text is present on the Confirmation page"): null

2020-12-22 18:49:54 - [TEST_STEP][PASSED] - out.println("Pass Record Number: " + row): null

2020-12-22 18:49:54 - [TEST_STEP][PASSED] - sdfo = getText(findTestObject("Object Repository/Page_VLinkReceipt/pre_STX")): Text of object 'Object Repository/Page_VLinkReceipt/pre_STX' is: '<STX>1kwKxjTymYZB                  12088025            0  Transaction approved, no errors                   0                                                                                  R OK9500   <ETX>'

2020-12-22 18:49:54 - [MESSAGE][PASSED] - Text of object 'Object Repository/Page_VLinkReceipt/pre_STX' is: '<STX>1kwKxjTymYZB                  12088025            0  Transaction approved, no errors                   0                                                                                  R OK9500   <ETX>'

2020-12-22 18:49:54 - [TEST_STEP][PASSED] - out.println("sdfo: " + sdfo): null

2020-12-22 18:49:54 - [TEST_STEP][PASSED] - remID = substring(5, 35).trim(): null

2020-12-22 18:49:54 - [TEST_STEP][PASSED] - out.println("Remittance ID: " + remID): null

2020-12-22 18:49:54 - [TEST_STEP][PASSED] - traxID = substring(35, 55).trim(): null

2020-12-22 18:49:54 - [TEST_STEP][PASSED] - out.println("Transaction ID: " + traxID): null

2020-12-22 18:49:54 - [TEST_STEP][PASSED] - out.println("End Record Number: " + row): null

2020-12-22 18:49:54 - [TEST_STEP][PASSED] - closeBrowser(): Browser is closed

2020-12-22 18:49:55 - [MESSAGE][PASSED] - Browser is closed

2020-12-22 18:49:55 - [TEST_STEP][PASSED] - out.println("Begin Record Number: " + row): null

2020-12-22 18:49:55 - [TEST_STEP][PASSED] - openBrowser(VLinkURL + "authcap.html"): Browser is opened with url: 'https://dev-algorithm.govolution.com/vlinktest/QA/version_2_0/authcap.html'

2020-12-22 18:49:55 - [MESSAGE][INFO] - Starting 'Chrome' driver

2020-12-22 18:49:55 - [MESSAGE][INFO] - User set preference: ['acceptInsecureCerts', 'true']

2020-12-22 18:49:55 - [MESSAGE][INFO] - Action delay is set to 0 milliseconds

2020-12-22 18:49:59 - [MESSAGE][PASSED] - Browser is opened with url: 'https://dev-algorithm.govolution.com/vlinktest/QA/version_2_0/authcap.html'

2020-12-22 18:49:59 - [TEST_STEP][PASSED] - maximizeWindow(): Current window maximized

2020-12-22 18:49:59 - [MESSAGE][PASSED] - Current window maximized

2020-12-22 18:49:59 - [TEST_STEP][PASSED] - vlinkPages.saleCCPage.setDataSCC(row, dataFile): vlinkPages.saleCCPage.setDataSCC is PASSED

2020-12-22 18:50:01 - [MESSAGE][PASSED] - Object 'Object Repository/VLink/Page_CCSale/txt_CardNumber' is present

2020-12-22 18:50:01 - [MESSAGE][PASSED] - Object 'Object Repository/VLink/Page_CCSale/txt_TransactionType' is present

2020-12-22 18:50:02 - [MESSAGE][PASSED] - Text '104' is set on object 'Object Repository/VLink/Page_CCSale/txt_TransactionType'

2020-12-22 18:50:02 - [MESSAGE][PASSED] - Object 'Object Repository/VLink/Page_CCSale/txt_MessageVersion' is present

2020-12-22 18:50:03 - [MESSAGE][PASSED] - Text '2.0C' is set on object 'Object Repository/VLink/Page_CCSale/txt_MessageVersion'

2020-12-22 18:50:03 - [MESSAGE][PASSED] - Object 'Object Repository/VLink/Page_CCSale/txt_RemID' is present

2020-12-22 18:50:03 - [MESSAGE][PASSED] - Text 'oyquuPgP6Lit' is set on object 'Object Repository/VLink/Page_CCSale/txt_RemID'

2020-12-22 18:50:04 - [MESSAGE][PASSED] - Object 'Object Repository/VLink/Page_CCSale/txt_ApplicationId' is present

2020-12-22 18:50:04 - [MESSAGE][PASSED] - Text '677' is set on object 'Object Repository/VLink/Page_CCSale/txt_ApplicationId'

2020-12-22 18:50:05 - [MESSAGE][PASSED] - Object 'Object Repository/VLink/Page_CCSale/txt_Username' is present

2020-12-22 18:50:05 - [MESSAGE][PASSED] - Text 'username' is set on object 'Object Repository/VLink/Page_CCSale/txt_Username'

2020-12-22 18:50:06 - [MESSAGE][PASSED] - Object 'Object Repository/VLink/Page_CCSale/txt_Password' is present

2020-12-22 18:50:06 - [MESSAGE][PASSED] - Text 'password' is set on object 'Object Repository/VLink/Page_CCSale/txt_Password'

2020-12-22 18:50:07 - [MESSAGE][PASSED] - Object 'Object Repository/VLink/Page_CCSale/txt_ResponseFormat' is present

2020-12-22 18:50:07 - [MESSAGE][PASSED] - Text 'fixed_width' is set on object 'Object Repository/VLink/Page_CCSale/txt_ResponseFormat'

2020-12-22 18:50:08 - [MESSAGE][PASSED] - Object 'Object Repository/VLink/Page_CCSale/txt_Category' is present

2020-12-22 18:50:08 - [MESSAGE][PASSED] - Text 'RETL' is set on object 'Object Repository/VLink/Page_CCSale/txt_Category'

2020-12-22 18:50:09 - [MESSAGE][PASSED] - Object 'Object Repository/VLink/Page_CCSale/txt_TransactionID' is present

2020-12-22 18:50:09 - [MESSAGE][PASSED] - Text '' is set on object 'Object Repository/VLink/Page_CCSale/txt_TransactionID'

2020-12-22 18:50:10 - [MESSAGE][PASSED] - Object 'Object Repository/VLink/Page_CCSale/txt_ApprovalCode' is present

2020-12-22 18:50:10 - [MESSAGE][PASSED] - Text '' is set on object 'Object Repository/VLink/Page_CCSale/txt_ApprovalCode'

2020-12-22 18:50:11 - [MESSAGE][PASSED] - Object 'Object Repository/VLink/Page_CCSale/txt_CardName' is present

2020-12-22 18:50:11 - [MESSAGE][PASSED] - Text '' is set on object 'Object Repository/VLink/Page_CCSale/txt_CardName'

2020-12-22 18:50:12 - [MESSAGE][PASSED] - Object 'Object Repository/VLink/Page_CCSale/txt_AL1' is present

2020-12-22 18:50:12 - [MESSAGE][PASSED] - Text '' is set on object 'Object Repository/VLink/Page_CCSale/txt_AL1'

2020-12-22 18:50:13 - [MESSAGE][PASSED] - Object 'Object Repository/VLink/Page_CCSale/txt_AL2' is present

2020-12-22 18:50:13 - [MESSAGE][PASSED] - Text '' is set on object 'Object Repository/VLink/Page_CCSale/txt_AL2'

2020-12-22 18:50:14 - [MESSAGE][PASSED] - Object 'Object Repository/VLink/Page_CCSale/txt_CardCity' is present

2020-12-22 18:50:14 - [MESSAGE][PASSED] - Text '' is set on object 'Object Repository/VLink/Page_CCSale/txt_CardCity'

2020-12-22 18:50:15 - [MESSAGE][PASSED] - Object 'Object Repository/VLink/Page_CCSale/txt_CardState' is present

2020-12-22 18:50:15 - [MESSAGE][PASSED] - Text '' is set on object 'Object Repository/VLink/Page_CCSale/txt_CardState'

2020-12-22 18:50:16 - [MESSAGE][PASSED] - Object 'Object Repository/VLink/Page_CCSale/txt_CardZIP' is present

2020-12-22 18:50:16 - [MESSAGE][PASSED] - Text '' is set on object 'Object Repository/VLink/Page_CCSale/txt_CardZIP'

2020-12-22 18:50:17 - [MESSAGE][PASSED] - Object 'Object Repository/VLink/Page_CCSale/txt_CountryID' is present

2020-12-22 18:50:17 - [MESSAGE][PASSED] - Text '' is set on object 'Object Repository/VLink/Page_CCSale/txt_CountryID'

2020-12-22 18:50:18 - [MESSAGE][PASSED] - Object 'Object Repository/VLink/Page_CCSale/txt_Amount' is present

2020-12-22 18:50:18 - [MESSAGE][PASSED] - Text '3.50' is set on object 'Object Repository/VLink/Page_CCSale/txt_Amount'

2020-12-22 18:50:19 - [MESSAGE][PASSED] - Object 'Object Repository/VLink/Page_CCSale/txt_CardNumber' is present

2020-12-22 18:50:19 - [MESSAGE][PASSED] - Text '' is set on object 'Object Repository/VLink/Page_CCSale/txt_CardNumber'

2020-12-22 18:50:20 - [MESSAGE][PASSED] - Object 'Object Repository/VLink/Page_CCSale/txt_ExpMonth' is present

2020-12-22 18:50:20 - [MESSAGE][PASSED] - Text '' is set on object 'Object Repository/VLink/Page_CCSale/txt_ExpMonth'

2020-12-22 18:50:21 - [MESSAGE][PASSED] - Object 'Object Repository/VLink/Page_CCSale/txt_ExpYear' is present

2020-12-22 18:50:21 - [MESSAGE][PASSED] - Text '' is set on object 'Object Repository/VLink/Page_CCSale/txt_ExpYear'

2020-12-22 18:50:22 - [MESSAGE][PASSED] - Object 'Object Repository/VLink/Page_CCSale/txt_CVV' is present

2020-12-22 18:50:22 - [MESSAGE][PASSED] - Text '' is set on object 'Object Repository/VLink/Page_CCSale/txt_CVV'

2020-12-22 18:50:23 - [MESSAGE][PASSED] - Object 'Object Repository/VLink/Page_CCSale/txt_CVVstate' is present

2020-12-22 18:50:23 - [MESSAGE][PASSED] - Text '' is set on object 'Object Repository/VLink/Page_CCSale/txt_CVVstate'

2020-12-22 18:50:24 - [MESSAGE][PASSED] - Object 'Object Repository/VLink/Page_CCSale/txt_TrackData' is present

2020-12-22 18:50:25 - [MESSAGE][PASSED] - Text '%B5567080011582646^AHMED/IMTIAZ              ^2303201090200000000000354000015?;5567080011582646=23032010902035400015?' is set on object 'Object Repository/VLink/Page_CCSale/txt_TrackData'

2020-12-22 18:50:25 - [MESSAGE][PASSED] - Object 'Object Repository/VLink/Page_CCSale/txt_Track1Data' is present

2020-12-22 18:50:26 - [MESSAGE][PASSED] - Text '' is set on object 'Object Repository/VLink/Page_CCSale/txt_Track1Data'

2020-12-22 18:50:26 - [MESSAGE][PASSED] - Object 'Object Repository/VLink/Page_CCSale/txt_Track2Data' is present

2020-12-22 18:50:27 - [MESSAGE][PASSED] - Text '' is set on object 'Object Repository/VLink/Page_CCSale/txt_Track2Data'

2020-12-22 18:50:27 - [MESSAGE][PASSED] - Object 'Object Repository/VLink/Page_CCSale/txt_POSEntryMode' is present

2020-12-22 18:50:28 - [MESSAGE][PASSED] - Text '' is set on object 'Object Repository/VLink/Page_CCSale/txt_POSEntryMode'

2020-12-22 18:50:28 - [MESSAGE][PASSED] - Object 'Object Repository/VLink/Page_CCSale/txt_Email' is present

2020-12-22 18:50:29 - [MESSAGE][PASSED] - Text '' is set on object 'Object Repository/VLink/Page_CCSale/txt_Email'

2020-12-22 18:50:29 - [MESSAGE][PASSED] - Object 'Object Repository/VLink/Page_CCSale/txt_OrderNumber' is present

2020-12-22 18:50:30 - [MESSAGE][PASSED] - Text '' is set on object 'Object Repository/VLink/Page_CCSale/txt_OrderNumber'

2020-12-22 18:50:30 - [MESSAGE][PASSED] - Object 'Object Repository/VLink/Page_CCSale/txt_TaxAmount' is present

2020-12-22 18:50:31 - [MESSAGE][PASSED] - Text '' is set on object 'Object Repository/VLink/Page_CCSale/txt_TaxAmount'

2020-12-22 18:50:31 - [MESSAGE][PASSED] - Object 'Object Repository/VLink/Page_CCSale/txt_ChargeDescription' is present

2020-12-22 18:50:32 - [MESSAGE][PASSED] - Text '' is set on object 'Object Repository/VLink/Page_CCSale/txt_ChargeDescription'

2020-12-22 18:50:32 - [MESSAGE][PASSED] - Object 'Object Repository/VLink/Page_CCSale/txt_CAN' is present

2020-12-22 18:50:33 - [MESSAGE][PASSED] - Text '' is set on object 'Object Repository/VLink/Page_CCSale/txt_CAN'

2020-12-22 18:50:33 - [MESSAGE][PASSED] - Object 'Object Repository/VLink/Page_CCSale/txt_BillPaymentIndicator' is present

2020-12-22 18:50:34 - [MESSAGE][PASSED] - Text '' is set on object 'Object Repository/VLink/Page_CCSale/txt_BillPaymentIndicator'

2020-12-22 18:50:34 - [MESSAGE][PASSED] - Object 'Object Repository/VLink/Page_CCSale/txt_UDF1' is present

2020-12-22 18:50:35 - [MESSAGE][PASSED] - Text '' is set on object 'Object Repository/VLink/Page_CCSale/txt_UDF1'

2020-12-22 18:50:35 - [MESSAGE][PASSED] - Object 'Object Repository/VLink/Page_CCSale/txt_UDF2' is present

2020-12-22 18:50:36 - [MESSAGE][PASSED] - Text '' is set on object 'Object Repository/VLink/Page_CCSale/txt_UDF2'

2020-12-22 18:50:36 - [MESSAGE][PASSED] - Object 'Object Repository/VLink/Page_CCSale/txt_UDF3' is present

2020-12-22 18:50:37 - [MESSAGE][PASSED] - Text '' is set on object 'Object Repository/VLink/Page_CCSale/txt_UDF3'

2020-12-22 18:50:37 - [MESSAGE][PASSED] - Object 'Object Repository/VLink/Page_CCSale/txt_UDF4' is present

2020-12-22 18:50:38 - [MESSAGE][PASSED] - Text '' is set on object 'Object Repository/VLink/Page_CCSale/txt_UDF4'

2020-12-22 18:50:38 - [MESSAGE][PASSED] - Object 'Object Repository/VLink/Page_CCSale/txt_UDF5' is present

2020-12-22 18:50:39 - [MESSAGE][PASSED] - Text '' is set on object 'Object Repository/VLink/Page_CCSale/txt_UDF5'

2020-12-22 18:50:39 - [MESSAGE][PASSED] - Object 'Object Repository/VLink/Page_CCSale/txt_UDF6' is present

2020-12-22 18:50:40 - [MESSAGE][PASSED] - Text '' is set on object 'Object Repository/VLink/Page_CCSale/txt_UDF6'

2020-12-22 18:50:40 - [MESSAGE][PASSED] - Object 'Object Repository/VLink/Page_CCSale/txt_UDF7' is present

2020-12-22 18:50:41 - [MESSAGE][PASSED] - Text '' is set on object 'Object Repository/VLink/Page_CCSale/txt_UDF7'

2020-12-22 18:50:41 - [MESSAGE][PASSED] - Object 'Object Repository/VLink/Page_CCSale/txt_UDF8' is present

2020-12-22 18:50:42 - [MESSAGE][PASSED] - Text '' is set on object 'Object Repository/VLink/Page_CCSale/txt_UDF8'

2020-12-22 18:50:42 - [MESSAGE][PASSED] - Object 'Object Repository/VLink/Page_CCSale/txt_UDF9' is present

2020-12-22 18:50:43 - [MESSAGE][PASSED] - Text '' is set on object 'Object Repository/VLink/Page_CCSale/txt_UDF9'

2020-12-22 18:50:43 - [MESSAGE][PASSED] - Object 'Object Repository/VLink/Page_CCSale/txt_UDF10' is present

2020-12-22 18:50:44 - [MESSAGE][PASSED] - Text '' is set on object 'Object Repository/VLink/Page_CCSale/txt_UDF10'

2020-12-22 18:50:44 - [MESSAGE][PASSED] - Object 'Object Repository/VLink/Page_CCSale/txt_CardOnFileIndicator' is present

2020-12-22 18:50:45 - [MESSAGE][PASSED] - Text '' is set on object 'Object Repository/VLink/Page_CCSale/txt_CardOnFileIndicator'

2020-12-22 18:50:45 - [MESSAGE][PASSED] - Object 'Object Repository/VLink/Page_CCSale/txt_StoredCredentialIndicator' is present

2020-12-22 18:50:46 - [MESSAGE][PASSED] - Text '' is set on object 'Object Repository/VLink/Page_CCSale/txt_StoredCredentialIndicator'

2020-12-22 18:50:46 - [MESSAGE][PASSED] - Object 'Object Repository/VLink/Page_CCSale/txt_COFScheduledIndicator' is present

2020-12-22 18:50:47 - [MESSAGE][PASSED] - Text '' is set on object 'Object Repository/VLink/Page_CCSale/txt_COFScheduledIndicator'

2020-12-22 18:50:47 - [MESSAGE][PASSED] - Object 'Object Repository/VLink/Page_CCSale/txt_COFTransactionInitiatedBy' is present

2020-12-22 18:50:48 - [MESSAGE][PASSED] - Text '' is set on object 'Object Repository/VLink/Page_CCSale/txt_COFTransactionInitiatedBy'

2020-12-22 18:50:51 - [MESSAGE][PASSED] - Object: 'Object Repository/VLink/Page_CCSale/btn_ProcessVLinkTransaction' is clicked on

2020-12-22 18:50:56 - [MESSAGE][PASSED] - vlinkPages.saleCCPage.setDataSCC is PASSED

2020-12-22 18:50:56 - [TEST_STEP][PASSED] - if (verifyTextPresent("Transaction approved, no errors", true)): null

2020-12-22 18:50:56 - [MESSAGE][PASSED] - Text 'Transaction approved, no errors' is present on page  using regular expression

2020-12-22 18:50:56 - [TEST_STEP][PASSED] - println("Transaction Approved, no errors text is present on the Confirmation page"): null

2020-12-22 18:50:56 - [TEST_STEP][PASSED] - out.println("Pass Record Number: " + row): null

2020-12-22 18:50:56 - [TEST_STEP][PASSED] - sdfo = getText(findTestObject("Object Repository/Page_VLinkReceipt/pre_STX")): Text of object 'Object Repository/Page_VLinkReceipt/pre_STX' is: '<STX>oyquuPgP6Lit                  12088026            0  Transaction approved, no errors                   0                                                                                  R OK9610   <ETX>'

2020-12-22 18:50:56 - [MESSAGE][PASSED] - Text of object 'Object Repository/Page_VLinkReceipt/pre_STX' is: '<STX>oyquuPgP6Lit                  12088026            0  Transaction approved, no errors                   0                                                                                  R OK9610   <ETX>'

2020-12-22 18:50:56 - [TEST_STEP][PASSED] - out.println("sdfo: " + sdfo): null

2020-12-22 18:50:56 - [TEST_STEP][PASSED] - remID = substring(5, 35).trim(): null

2020-12-22 18:50:56 - [TEST_STEP][PASSED] - out.println("Remittance ID: " + remID): null

2020-12-22 18:50:56 - [TEST_STEP][PASSED] - traxID = substring(35, 55).trim(): null

2020-12-22 18:50:56 - [TEST_STEP][PASSED] - out.println("Transaction ID: " + traxID): null

2020-12-22 18:50:56 - [TEST_STEP][PASSED] - out.println("End Record Number: " + row): null

2020-12-22 18:50:56 - [TEST_STEP][PASSED] - closeBrowser(): Browser is closed

2020-12-22 18:50:57 - [MESSAGE][PASSED] - Browser is closed

2020-12-22 18:50:57 - [TEST_STEP][PASSED] - out.println("Begin Record Number: " + row): null

2020-12-22 18:50:57 - [TEST_STEP][PASSED] - openBrowser(VLinkURL + "authcap.html"): Browser is opened with url: 'https://dev-algorithm.govolution.com/vlinktest/QA/version_2_0/authcap.html'

2020-12-22 18:50:57 - [MESSAGE][INFO] - Starting 'Chrome' driver

2020-12-22 18:50:57 - [MESSAGE][INFO] - User set preference: ['acceptInsecureCerts', 'true']

2020-12-22 18:50:57 - [MESSAGE][INFO] - Action delay is set to 0 milliseconds

2020-12-22 18:51:01 - [MESSAGE][PASSED] - Browser is opened with url: 'https://dev-algorithm.govolution.com/vlinktest/QA/version_2_0/authcap.html'

2020-12-22 18:51:01 - [TEST_STEP][PASSED] - maximizeWindow(): Current window maximized

2020-12-22 18:51:02 - [MESSAGE][PASSED] - Current window maximized

2020-12-22 18:51:02 - [TEST_STEP][PASSED] - vlinkPages.saleCCPage.setDataSCC(row, dataFile): vlinkPages.saleCCPage.setDataSCC is PASSED

2020-12-22 18:51:03 - [MESSAGE][PASSED] - Object 'Object Repository/VLink/Page_CCSale/txt_CardNumber' is present

2020-12-22 18:51:03 - [MESSAGE][PASSED] - Object 'Object Repository/VLink/Page_CCSale/txt_TransactionType' is present

2020-12-22 18:51:04 - [MESSAGE][PASSED] - Text '104' is set on object 'Object Repository/VLink/Page_CCSale/txt_TransactionType'

2020-12-22 18:51:04 - [MESSAGE][PASSED] - Object 'Object Repository/VLink/Page_CCSale/txt_MessageVersion' is present

2020-12-22 18:51:05 - [MESSAGE][PASSED] - Text '2.0C' is set on object 'Object Repository/VLink/Page_CCSale/txt_MessageVersion'

2020-12-22 18:51:05 - [MESSAGE][PASSED] - Object 'Object Repository/VLink/Page_CCSale/txt_RemID' is present

2020-12-22 18:51:06 - [MESSAGE][PASSED] - Text 'hjVFZFLR9ZYG' is set on object 'Object Repository/VLink/Page_CCSale/txt_RemID'

2020-12-22 18:51:06 - [MESSAGE][PASSED] - Object 'Object Repository/VLink/Page_CCSale/txt_ApplicationId' is present

2020-12-22 18:51:07 - [MESSAGE][PASSED] - Text '677' is set on object 'Object Repository/VLink/Page_CCSale/txt_ApplicationId'

2020-12-22 18:51:07 - [MESSAGE][PASSED] - Object 'Object Repository/VLink/Page_CCSale/txt_Username' is present

2020-12-22 18:51:08 - [MESSAGE][PASSED] - Text 'username' is set on object 'Object Repository/VLink/Page_CCSale/txt_Username'

2020-12-22 18:51:08 - [MESSAGE][PASSED] - Object 'Object Repository/VLink/Page_CCSale/txt_Password' is present

2020-12-22 18:51:09 - [MESSAGE][PASSED] - Text 'password' is set on object 'Object Repository/VLink/Page_CCSale/txt_Password'

2020-12-22 18:51:09 - [MESSAGE][PASSED] - Object 'Object Repository/VLink/Page_CCSale/txt_ResponseFormat' is present

2020-12-22 18:51:10 - [MESSAGE][PASSED] - Text 'fixed_width' is set on object 'Object Repository/VLink/Page_CCSale/txt_ResponseFormat'

2020-12-22 18:51:10 - [MESSAGE][PASSED] - Object 'Object Repository/VLink/Page_CCSale/txt_Category' is present

2020-12-22 18:51:11 - [MESSAGE][PASSED] - Text 'RETL' is set on object 'Object Repository/VLink/Page_CCSale/txt_Category'

2020-12-22 18:51:11 - [MESSAGE][PASSED] - Object 'Object Repository/VLink/Page_CCSale/txt_TransactionID' is present

2020-12-22 18:51:12 - [MESSAGE][PASSED] - Text '' is set on object 'Object Repository/VLink/Page_CCSale/txt_TransactionID'

2020-12-22 18:51:12 - [MESSAGE][PASSED] - Object 'Object Repository/VLink/Page_CCSale/txt_ApprovalCode' is present

2020-12-22 18:51:13 - [MESSAGE][PASSED] - Text '' is set on object 'Object Repository/VLink/Page_CCSale/txt_ApprovalCode'

2020-12-22 18:51:13 - [MESSAGE][PASSED] - Object 'Object Repository/VLink/Page_CCSale/txt_CardName' is present

2020-12-22 18:51:13 - [MESSAGE][PASSED] - Text '' is set on object 'Object Repository/VLink/Page_CCSale/txt_CardName'

2020-12-22 18:51:14 - [MESSAGE][PASSED] - Object 'Object Repository/VLink/Page_CCSale/txt_AL1' is present

2020-12-22 18:51:14 - [MESSAGE][PASSED] - Text '' is set on object 'Object Repository/VLink/Page_CCSale/txt_AL1'

2020-12-22 18:51:15 - [MESSAGE][PASSED] - Object 'Object Repository/VLink/Page_CCSale/txt_AL2' is present

2020-12-22 18:51:15 - [MESSAGE][PASSED] - Text '' is set on object 'Object Repository/VLink/Page_CCSale/txt_AL2'

2020-12-22 18:51:15 - [MESSAGE][PASSED] - Object 'Object Repository/VLink/Page_CCSale/txt_CardCity' is present

2020-12-22 18:51:16 - [MESSAGE][PASSED] - Text '' is set on object 'Object Repository/VLink/Page_CCSale/txt_CardCity'

2020-12-22 18:51:16 - [MESSAGE][PASSED] - Object 'Object Repository/VLink/Page_CCSale/txt_CardState' is present

2020-12-22 18:51:17 - [MESSAGE][PASSED] - Text '' is set on object 'Object Repository/VLink/Page_CCSale/txt_CardState'

2020-12-22 18:51:17 - [MESSAGE][PASSED] - Object 'Object Repository/VLink/Page_CCSale/txt_CardZIP' is present

2020-12-22 18:51:18 - [MESSAGE][PASSED] - Text '' is set on object 'Object Repository/VLink/Page_CCSale/txt_CardZIP'

2020-12-22 18:51:18 - [MESSAGE][PASSED] - Object 'Object Repository/VLink/Page_CCSale/txt_CountryID' is present

2020-12-22 18:51:19 - [MESSAGE][PASSED] - Text '' is set on object 'Object Repository/VLink/Page_CCSale/txt_CountryID'

2020-12-22 18:51:19 - [MESSAGE][PASSED] - Object 'Object Repository/VLink/Page_CCSale/txt_Amount' is present

2020-12-22 18:51:20 - [MESSAGE][PASSED] - Text '3.50' is set on object 'Object Repository/VLink/Page_CCSale/txt_Amount'

2020-12-22 18:51:20 - [MESSAGE][PASSED] - Object 'Object Repository/VLink/Page_CCSale/txt_CardNumber' is present

2020-12-22 18:51:21 - [MESSAGE][PASSED] - Text '' is set on object 'Object Repository/VLink/Page_CCSale/txt_CardNumber'

2020-12-22 18:51:21 - [MESSAGE][PASSED] - Object 'Object Repository/VLink/Page_CCSale/txt_ExpMonth' is present

2020-12-22 18:51:22 - [MESSAGE][PASSED] - Text '' is set on object 'Object Repository/VLink/Page_CCSale/txt_ExpMonth'

2020-12-22 18:51:22 - [MESSAGE][PASSED] - Object 'Object Repository/VLink/Page_CCSale/txt_ExpYear' is present

2020-12-22 18:51:23 - [MESSAGE][PASSED] - Text '' is set on object 'Object Repository/VLink/Page_CCSale/txt_ExpYear'

2020-12-22 18:51:23 - [MESSAGE][PASSED] - Object 'Object Repository/VLink/Page_CCSale/txt_CVV' is present

2020-12-22 18:51:24 - [MESSAGE][PASSED] - Text '' is set on object 'Object Repository/VLink/Page_CCSale/txt_CVV'

2020-12-22 18:51:24 - [MESSAGE][PASSED] - Object 'Object Repository/VLink/Page_CCSale/txt_CVVstate' is present

2020-12-22 18:51:25 - [MESSAGE][PASSED] - Text '' is set on object 'Object Repository/VLink/Page_CCSale/txt_CVVstate'

2020-12-22 18:51:25 - [MESSAGE][PASSED] - Object 'Object Repository/VLink/Page_CCSale/txt_TrackData' is present

2020-12-22 18:51:26 - [MESSAGE][PASSED] - Text '' is set on object 'Object Repository/VLink/Page_CCSale/txt_TrackData'

2020-12-22 18:51:26 - [MESSAGE][PASSED] - Object 'Object Repository/VLink/Page_CCSale/txt_Track1Data' is present

2020-12-22 18:51:27 - [MESSAGE][PASSED] - Text '%B5567080011582646^AHMED/IMTIAZ              ^2303201090200000000000354000015?' is set on object 'Object Repository/VLink/Page_CCSale/txt_Track1Data'

2020-12-22 18:51:27 - [MESSAGE][PASSED] - Object 'Object Repository/VLink/Page_CCSale/txt_Track2Data' is present

2020-12-22 18:51:28 - [MESSAGE][PASSED] - Text '' is set on object 'Object Repository/VLink/Page_CCSale/txt_Track2Data'

2020-12-22 18:51:28 - [MESSAGE][PASSED] - Object 'Object Repository/VLink/Page_CCSale/txt_POSEntryMode' is present

2020-12-22 18:51:29 - [MESSAGE][PASSED] - Text '' is set on object 'Object Repository/VLink/Page_CCSale/txt_POSEntryMode'

2020-12-22 18:51:29 - [MESSAGE][PASSED] - Object 'Object Repository/VLink/Page_CCSale/txt_Email' is present

2020-12-22 18:51:30 - [MESSAGE][PASSED] - Text '' is set on object 'Object Repository/VLink/Page_CCSale/txt_Email'

2020-12-22 18:51:30 - [MESSAGE][PASSED] - Object 'Object Repository/VLink/Page_CCSale/txt_OrderNumber' is present

2020-12-22 18:51:31 - [MESSAGE][PASSED] - Text '' is set on object 'Object Repository/VLink/Page_CCSale/txt_OrderNumber'

2020-12-22 18:51:31 - [MESSAGE][PASSED] - Object 'Object Repository/VLink/Page_CCSale/txt_TaxAmount' is present

2020-12-22 18:51:32 - [MESSAGE][PASSED] - Text '' is set on object 'Object Repository/VLink/Page_CCSale/txt_TaxAmount'

2020-12-22 18:51:32 - [MESSAGE][PASSED] - Object 'Object Repository/VLink/Page_CCSale/txt_ChargeDescription' is present

2020-12-22 18:51:33 - [MESSAGE][PASSED] - Text '' is set on object 'Object Repository/VLink/Page_CCSale/txt_ChargeDescription'

2020-12-22 18:51:33 - [MESSAGE][PASSED] - Object 'Object Repository/VLink/Page_CCSale/txt_CAN' is present

2020-12-22 18:51:34 - [MESSAGE][PASSED] - Text '' is set on object 'Object Repository/VLink/Page_CCSale/txt_CAN'

2020-12-22 18:51:34 - [MESSAGE][PASSED] - Object 'Object Repository/VLink/Page_CCSale/txt_BillPaymentIndicator' is present

2020-12-22 18:51:35 - [MESSAGE][PASSED] - Text '' is set on object 'Object Repository/VLink/Page_CCSale/txt_BillPaymentIndicator'

2020-12-22 18:51:35 - [MESSAGE][PASSED] - Object 'Object Repository/VLink/Page_CCSale/txt_UDF1' is present

2020-12-22 18:51:36 - [MESSAGE][PASSED] - Text '' is set on object 'Object Repository/VLink/Page_CCSale/txt_UDF1'

2020-12-22 18:51:36 - [MESSAGE][PASSED] - Object 'Object Repository/VLink/Page_CCSale/txt_UDF2' is present

2020-12-22 18:51:37 - [MESSAGE][PASSED] - Text '' is set on object 'Object Repository/VLink/Page_CCSale/txt_UDF2'

2020-12-22 18:51:37 - [MESSAGE][PASSED] - Object 'Object Repository/VLink/Page_CCSale/txt_UDF3' is present

2020-12-22 18:51:38 - [MESSAGE][PASSED] - Text '' is set on object 'Object Repository/VLink/Page_CCSale/txt_UDF3'

2020-12-22 18:51:38 - [MESSAGE][PASSED] - Object 'Object Repository/VLink/Page_CCSale/txt_UDF4' is present

2020-12-22 18:51:39 - [MESSAGE][PASSED] - Text '' is set on object 'Object Repository/VLink/Page_CCSale/txt_UDF4'

2020-12-22 18:51:39 - [MESSAGE][PASSED] - Object 'Object Repository/VLink/Page_CCSale/txt_UDF5' is present

2020-12-22 18:51:40 - [MESSAGE][PASSED] - Text '' is set on object 'Object Repository/VLink/Page_CCSale/txt_UDF5'

2020-12-22 18:51:40 - [MESSAGE][PASSED] - Object 'Object Repository/VLink/Page_CCSale/txt_UDF6' is present

2020-12-22 18:51:41 - [MESSAGE][PASSED] - Text '' is set on object 'Object Repository/VLink/Page_CCSale/txt_UDF6'

2020-12-22 18:51:41 - [MESSAGE][PASSED] - Object 'Object Repository/VLink/Page_CCSale/txt_UDF7' is present

2020-12-22 18:51:42 - [MESSAGE][PASSED] - Text '' is set on object 'Object Repository/VLink/Page_CCSale/txt_UDF7'

2020-12-22 18:51:42 - [MESSAGE][PASSED] - Object 'Object Repository/VLink/Page_CCSale/txt_UDF8' is present

2020-12-22 18:51:43 - [MESSAGE][PASSED] - Text '' is set on object 'Object Repository/VLink/Page_CCSale/txt_UDF8'

2020-12-22 18:51:43 - [MESSAGE][PASSED] - Object 'Object Repository/VLink/Page_CCSale/txt_UDF9' is present

2020-12-22 18:51:44 - [MESSAGE][PASSED] - Text '' is set on object 'Object Repository/VLink/Page_CCSale/txt_UDF9'

2020-12-22 18:51:44 - [MESSAGE][PASSED] - Object 'Object Repository/VLink/Page_CCSale/txt_UDF10' is present

2020-12-22 18:51:45 - [MESSAGE][PASSED] - Text '' is set on object 'Object Repository/VLink/Page_CCSale/txt_UDF10'

2020-12-22 18:51:45 - [MESSAGE][PASSED] - Object 'Object Repository/VLink/Page_CCSale/txt_CardOnFileIndicator' is present

2020-12-22 18:51:46 - [MESSAGE][PASSED] - Text '' is set on object 'Object Repository/VLink/Page_CCSale/txt_CardOnFileIndicator'

2020-12-22 18:51:46 - [MESSAGE][PASSED] - Object 'Object Repository/VLink/Page_CCSale/txt_StoredCredentialIndicator' is present

2020-12-22 18:51:47 - [MESSAGE][PASSED] - Text '' is set on object 'Object Repository/VLink/Page_CCSale/txt_StoredCredentialIndicator'

2020-12-22 18:51:47 - [MESSAGE][PASSED] - Object 'Object Repository/VLink/Page_CCSale/txt_COFScheduledIndicator' is present

2020-12-22 18:51:48 - [MESSAGE][PASSED] - Text '' is set on object 'Object Repository/VLink/Page_CCSale/txt_COFScheduledIndicator'

2020-12-22 18:51:48 - [MESSAGE][PASSED] - Object 'Object Repository/VLink/Page_CCSale/txt_COFTransactionInitiatedBy' is present

2020-12-22 18:51:49 - [MESSAGE][PASSED] - Text '' is set on object 'Object Repository/VLink/Page_CCSale/txt_COFTransactionInitiatedBy'

2020-12-22 18:51:50 - [MESSAGE][PASSED] - Object: 'Object Repository/VLink/Page_CCSale/btn_ProcessVLinkTransaction' is clicked on

2020-12-22 18:51:55 - [MESSAGE][PASSED] - vlinkPages.saleCCPage.setDataSCC is PASSED

2020-12-22 18:51:55 - [TEST_STEP][FAILED] - if (verifyTextPresent("Transaction approved, no errors", true)): Text 'Transaction approved, no errors' is not present on page  using regular expression (Root cause: com.kms.katalon.core.exception.StepFailedException: Text 'Transaction approved, no errors' is not present on page  using regular expression
	at com.kms.katalon.core.webui.keyword.internal.WebUIKeywordMain.stepFailed(WebUIKeywordMain.groovy:64)
	at com.kms.katalon.core.webui.keyword.builtin.VerifyTextPresentKeyword$_verifyTextPresent_closure1.doCall(VerifyTextPresentKeyword.groovy:79)
	at com.kms.katalon.core.webui.keyword.builtin.VerifyTextPresentKeyword$_verifyTextPresent_closure1.call(VerifyTextPresentKeyword.groovy)
	at com.kms.katalon.core.webui.keyword.internal.WebUIKeywordMain.runKeyword(WebUIKeywordMain.groovy:20)
	at com.kms.katalon.core.webui.keyword.builtin.VerifyTextPresentKeyword.verifyTextPresent(VerifyTextPresentKeyword.groovy:83)
	at com.kms.katalon.core.webui.keyword.builtin.VerifyTextPresentKeyword.execute(VerifyTextPresentKeyword.groovy:68)
	at com.kms.katalon.core.keyword.internal.KeywordExecutor.executeKeywordForPlatform(KeywordExecutor.groovy:72)
	at com.kms.katalon.core.webui.keyword.WebUiBuiltInKeywords.verifyTextPresent(WebUiBuiltInKeywords.groovy:1719)
	at com.kms.katalon.core.webui.keyword.WebUiBuiltInKeywords$verifyTextPresent$6.call(Unknown Source)
	at VLinkSale-Successful.run(VLinkSale-Successful:60)
	at com.kms.katalon.core.main.ScriptEngine.run(ScriptEngine.java:194)
	at com.kms.katalon.core.main.ScriptEngine.runScriptAsRawText(ScriptEngine.java:119)
	at com.kms.katalon.core.main.TestCaseExecutor.runScript(TestCaseExecutor.java:337)
	at com.kms.katalon.core.main.TestCaseExecutor.doExecute(TestCaseExecutor.java:328)
	at com.kms.katalon.core.main.TestCaseExecutor.processExecutionPhase(TestCaseExecutor.java:307)
	at com.kms.katalon.core.main.TestCaseExecutor.accessMainPhase(TestCaseExecutor.java:299)
	at com.kms.katalon.core.main.TestCaseExecutor.execute(TestCaseExecutor.java:233)
	at com.kms.katalon.core.main.TestSuiteExecutor.accessTestCaseMainPhase(TestSuiteExecutor.java:169)
	at com.kms.katalon.core.main.TestSuiteExecutor.accessTestSuiteMainPhase(TestSuiteExecutor.java:142)
	at com.kms.katalon.core.main.TestSuiteExecutor.execute(TestSuiteExecutor.java:91)
	at com.kms.katalon.core.main.TestCaseMain.startTestSuite(TestCaseMain.java:157)
	at com.kms.katalon.core.main.TestCaseMain$startTestSuite$0.call(Unknown Source)
	at TempTestSuite1608674252830.run(TempTestSuite1608674252830.groovy:37)
)

2020-12-22 18:51:55 - [MESSAGE][FAILED] - Text 'Transaction approved, no errors' is not present on page  using regular expression (Root cause: com.kms.katalon.core.exception.StepFailedException: Text 'Transaction approved, no errors' is not present on page  using regular expression
	at com.kms.katalon.core.webui.keyword.internal.WebUIKeywordMain.stepFailed(WebUIKeywordMain.groovy:64)
	at com.kms.katalon.core.webui.keyword.builtin.VerifyTextPresentKeyword$_verifyTextPresent_closure1.doCall(VerifyTextPresentKeyword.groovy:79)
	at com.kms.katalon.core.webui.keyword.builtin.VerifyTextPresentKeyword$_verifyTextPresent_closure1.call(VerifyTextPresentKeyword.groovy)
	at com.kms.katalon.core.webui.keyword.internal.WebUIKeywordMain.runKeyword(WebUIKeywordMain.groovy:20)
	at com.kms.katalon.core.webui.keyword.builtin.VerifyTextPresentKeyword.verifyTextPresent(VerifyTextPresentKeyword.groovy:83)
	at com.kms.katalon.core.webui.keyword.builtin.VerifyTextPresentKeyword.execute(VerifyTextPresentKeyword.groovy:68)
	at com.kms.katalon.core.keyword.internal.KeywordExecutor.executeKeywordForPlatform(KeywordExecutor.groovy:72)
	at com.kms.katalon.core.webui.keyword.WebUiBuiltInKeywords.verifyTextPresent(WebUiBuiltInKeywords.groovy:1719)
	at com.kms.katalon.core.webui.keyword.WebUiBuiltInKeywords$verifyTextPresent$6.call(Unknown Source)
	at VLinkSale-Successful.run(VLinkSale-Successful:60)
	at com.kms.katalon.core.main.ScriptEngine.run(ScriptEngine.java:194)
	at com.kms.katalon.core.main.ScriptEngine.runScriptAsRawText(ScriptEngine.java:119)
	at com.kms.katalon.core.main.TestCaseExecutor.runScript(TestCaseExecutor.java:337)
	at com.kms.katalon.core.main.TestCaseExecutor.doExecute(TestCaseExecutor.java:328)
	at com.kms.katalon.core.main.TestCaseExecutor.processExecutionPhase(TestCaseExecutor.java:307)
	at com.kms.katalon.core.main.TestCaseExecutor.accessMainPhase(TestCaseExecutor.java:299)
	at com.kms.katalon.core.main.TestCaseExecutor.execute(TestCaseExecutor.java:233)
	at com.kms.katalon.core.main.TestSuiteExecutor.accessTestCaseMainPhase(TestSuiteExecutor.java:169)
	at com.kms.katalon.core.main.TestSuiteExecutor.accessTestSuiteMainPhase(TestSuiteExecutor.java:142)
	at com.kms.katalon.core.main.TestSuiteExecutor.execute(TestSuiteExecutor.java:91)
	at com.kms.katalon.core.main.TestCaseMain.startTestSuite(TestCaseMain.java:157)
	at com.kms.katalon.core.main.TestCaseMain$startTestSuite$0.call(Unknown Source)
	at TempTestSuite1608674252830.run(TempTestSuite1608674252830.groovy:37)
)

2020-12-22 18:51:55 - [TEST_STEP][PASSED] - else: null

2020-12-22 18:51:55 - [TEST_STEP][PASSED] - println("Transaction Approved, no errors text is not present on the Confirmation page"): null

2020-12-22 18:51:55 - [TEST_STEP][PASSED] - out.println("Fail Record Number: " + row): null

2020-12-22 18:51:55 - [TEST_STEP][PASSED] - sdfo = getText(findTestObject("Object Repository/Page_VLinkReceipt/pre_STX")): Text of object 'Object Repository/Page_VLinkReceipt/pre_STX' is: '<STX>hjVFZFLR9ZYG                  12088028            2  Transaction failed                                1  General platform system error                                                              <ETX>'

2020-12-22 18:51:55 - [MESSAGE][PASSED] - Text of object 'Object Repository/Page_VLinkReceipt/pre_STX' is: '<STX>hjVFZFLR9ZYG                  12088028            2  Transaction failed                                1  General platform system error                                                              <ETX>'

2020-12-22 18:51:55 - [TEST_STEP][PASSED] - out.println("sdfo: " + sdfo): null

2020-12-22 18:51:55 - [TEST_STEP][PASSED] - remID = substring(5, 35).trim(): null

2020-12-22 18:51:55 - [TEST_STEP][PASSED] - out.println("Remittance ID: " + remID): null

2020-12-22 18:51:55 - [TEST_STEP][PASSED] - traxID = substring(35, 55).trim(): null

2020-12-22 18:51:55 - [TEST_STEP][PASSED] - out.println("Transaction ID: " + traxID): null

2020-12-22 18:51:55 - [TEST_STEP][PASSED] - out.println("End Record Number: " + row): null

2020-12-22 18:51:55 - [TEST_STEP][PASSED] - closeBrowser(): Browser is closed

2020-12-22 18:51:56 - [MESSAGE][PASSED] - Browser is closed

2020-12-22 18:51:56 - [TEST_STEP][PASSED] - out.println("Begin Record Number: " + row): null

2020-12-22 18:51:56 - [TEST_STEP][PASSED] - openBrowser(VLinkURL + "authcap.html"): Browser is opened with url: 'https://dev-algorithm.govolution.com/vlinktest/QA/version_2_0/authcap.html'

2020-12-22 18:51:56 - [MESSAGE][INFO] - Starting 'Chrome' driver

2020-12-22 18:51:56 - [MESSAGE][INFO] - User set preference: ['acceptInsecureCerts', 'true']

2020-12-22 18:51:56 - [MESSAGE][INFO] - Action delay is set to 0 milliseconds

2020-12-22 18:52:00 - [MESSAGE][PASSED] - Browser is opened with url: 'https://dev-algorithm.govolution.com/vlinktest/QA/version_2_0/authcap.html'

2020-12-22 18:52:00 - [TEST_STEP][PASSED] - maximizeWindow(): Current window maximized

2020-12-22 18:52:00 - [MESSAGE][PASSED] - Current window maximized

2020-12-22 18:52:00 - [TEST_STEP][PASSED] - vlinkPages.saleCCPage.setDataSCC(row, dataFile): vlinkPages.saleCCPage.setDataSCC is PASSED

2020-12-22 18:52:01 - [MESSAGE][PASSED] - Object 'Object Repository/VLink/Page_CCSale/txt_CardNumber' is present

2020-12-22 18:52:01 - [MESSAGE][PASSED] - Object 'Object Repository/VLink/Page_CCSale/txt_TransactionType' is present

2020-12-22 18:52:02 - [MESSAGE][PASSED] - Text '104' is set on object 'Object Repository/VLink/Page_CCSale/txt_TransactionType'

2020-12-22 18:52:03 - [MESSAGE][PASSED] - Object 'Object Repository/VLink/Page_CCSale/txt_MessageVersion' is present

2020-12-22 18:52:03 - [MESSAGE][PASSED] - Text '2.0C' is set on object 'Object Repository/VLink/Page_CCSale/txt_MessageVersion'

2020-12-22 18:52:04 - [MESSAGE][PASSED] - Object 'Object Repository/VLink/Page_CCSale/txt_RemID' is present

2020-12-22 18:52:04 - [MESSAGE][PASSED] - Text 'qv0LkT6GneOE' is set on object 'Object Repository/VLink/Page_CCSale/txt_RemID'

2020-12-22 18:52:05 - [MESSAGE][PASSED] - Object 'Object Repository/VLink/Page_CCSale/txt_ApplicationId' is present

2020-12-22 18:52:05 - [MESSAGE][PASSED] - Text '677' is set on object 'Object Repository/VLink/Page_CCSale/txt_ApplicationId'

2020-12-22 18:52:06 - [MESSAGE][PASSED] - Object 'Object Repository/VLink/Page_CCSale/txt_Username' is present

2020-12-22 18:52:06 - [MESSAGE][PASSED] - Text 'username' is set on object 'Object Repository/VLink/Page_CCSale/txt_Username'

2020-12-22 18:52:06 - [MESSAGE][PASSED] - Object 'Object Repository/VLink/Page_CCSale/txt_Password' is present

2020-12-22 18:52:07 - [MESSAGE][PASSED] - Text 'password' is set on object 'Object Repository/VLink/Page_CCSale/txt_Password'

2020-12-22 18:52:07 - [MESSAGE][PASSED] - Object 'Object Repository/VLink/Page_CCSale/txt_ResponseFormat' is present

2020-12-22 18:52:08 - [MESSAGE][PASSED] - Text 'fixed_width' is set on object 'Object Repository/VLink/Page_CCSale/txt_ResponseFormat'

2020-12-22 18:52:08 - [MESSAGE][PASSED] - Object 'Object Repository/VLink/Page_CCSale/txt_Category' is present

2020-12-22 18:52:09 - [MESSAGE][PASSED] - Text 'RETL' is set on object 'Object Repository/VLink/Page_CCSale/txt_Category'

2020-12-22 18:52:09 - [MESSAGE][PASSED] - Object 'Object Repository/VLink/Page_CCSale/txt_TransactionID' is present

2020-12-22 18:52:10 - [MESSAGE][PASSED] - Text '' is set on object 'Object Repository/VLink/Page_CCSale/txt_TransactionID'

2020-12-22 18:52:10 - [MESSAGE][PASSED] - Object 'Object Repository/VLink/Page_CCSale/txt_ApprovalCode' is present

2020-12-22 18:52:11 - [MESSAGE][PASSED] - Text '' is set on object 'Object Repository/VLink/Page_CCSale/txt_ApprovalCode'

2020-12-22 18:52:11 - [MESSAGE][PASSED] - Object 'Object Repository/VLink/Page_CCSale/txt_CardName' is present

2020-12-22 18:52:11 - [MESSAGE][PASSED] - Text 'Angelo Matt' is set on object 'Object Repository/VLink/Page_CCSale/txt_CardName'

2020-12-22 18:52:12 - [MESSAGE][PASSED] - Object 'Object Repository/VLink/Page_CCSale/txt_AL1' is present

2020-12-22 18:52:12 - [MESSAGE][PASSED] - Text '' is set on object 'Object Repository/VLink/Page_CCSale/txt_AL1'

2020-12-22 18:52:13 - [MESSAGE][PASSED] - Object 'Object Repository/VLink/Page_CCSale/txt_AL2' is present

2020-12-22 18:52:13 - [MESSAGE][PASSED] - Text '' is set on object 'Object Repository/VLink/Page_CCSale/txt_AL2'

2020-12-22 18:52:13 - [MESSAGE][PASSED] - Object 'Object Repository/VLink/Page_CCSale/txt_CardCity' is present

2020-12-22 18:52:14 - [MESSAGE][PASSED] - Text '' is set on object 'Object Repository/VLink/Page_CCSale/txt_CardCity'

2020-12-22 18:52:14 - [MESSAGE][PASSED] - Object 'Object Repository/VLink/Page_CCSale/txt_CardState' is present

2020-12-22 18:52:15 - [MESSAGE][PASSED] - Text '' is set on object 'Object Repository/VLink/Page_CCSale/txt_CardState'

2020-12-22 18:52:15 - [MESSAGE][PASSED] - Object 'Object Repository/VLink/Page_CCSale/txt_CardZIP' is present

2020-12-22 18:52:16 - [MESSAGE][PASSED] - Text '' is set on object 'Object Repository/VLink/Page_CCSale/txt_CardZIP'

2020-12-22 18:52:16 - [MESSAGE][PASSED] - Object 'Object Repository/VLink/Page_CCSale/txt_CountryID' is present

2020-12-22 18:52:17 - [MESSAGE][PASSED] - Text '' is set on object 'Object Repository/VLink/Page_CCSale/txt_CountryID'

2020-12-22 18:52:17 - [MESSAGE][PASSED] - Object 'Object Repository/VLink/Page_CCSale/txt_Amount' is present

2020-12-22 18:52:18 - [MESSAGE][PASSED] - Text '3.50' is set on object 'Object Repository/VLink/Page_CCSale/txt_Amount'

2020-12-22 18:52:18 - [MESSAGE][PASSED] - Object 'Object Repository/VLink/Page_CCSale/txt_CardNumber' is present

2020-12-22 18:52:19 - [MESSAGE][PASSED] - Text '' is set on object 'Object Repository/VLink/Page_CCSale/txt_CardNumber'

2020-12-22 18:52:19 - [MESSAGE][PASSED] - Object 'Object Repository/VLink/Page_CCSale/txt_ExpMonth' is present

2020-12-22 18:52:20 - [MESSAGE][PASSED] - Text '' is set on object 'Object Repository/VLink/Page_CCSale/txt_ExpMonth'

2020-12-22 18:52:20 - [MESSAGE][PASSED] - Object 'Object Repository/VLink/Page_CCSale/txt_ExpYear' is present

2020-12-22 18:52:21 - [MESSAGE][PASSED] - Text '' is set on object 'Object Repository/VLink/Page_CCSale/txt_ExpYear'

2020-12-22 18:52:21 - [MESSAGE][PASSED] - Object 'Object Repository/VLink/Page_CCSale/txt_CVV' is present

2020-12-22 18:52:22 - [MESSAGE][PASSED] - Text '' is set on object 'Object Repository/VLink/Page_CCSale/txt_CVV'

2020-12-22 18:52:22 - [MESSAGE][PASSED] - Object 'Object Repository/VLink/Page_CCSale/txt_CVVstate' is present

2020-12-22 18:52:23 - [MESSAGE][PASSED] - Text '' is set on object 'Object Repository/VLink/Page_CCSale/txt_CVVstate'

2020-12-22 18:52:23 - [MESSAGE][PASSED] - Object 'Object Repository/VLink/Page_CCSale/txt_TrackData' is present

2020-12-22 18:52:24 - [MESSAGE][PASSED] - Text '' is set on object 'Object Repository/VLink/Page_CCSale/txt_TrackData'

2020-12-22 18:52:24 - [MESSAGE][PASSED] - Object 'Object Repository/VLink/Page_CCSale/txt_Track1Data' is present

2020-12-22 18:52:25 - [MESSAGE][PASSED] - Text '' is set on object 'Object Repository/VLink/Page_CCSale/txt_Track1Data'

2020-12-22 18:52:25 - [MESSAGE][PASSED] - Object 'Object Repository/VLink/Page_CCSale/txt_Track2Data' is present

2020-12-22 18:52:26 - [MESSAGE][PASSED] - Text ';5567080011582646=23032010902035400015?' is set on object 'Object Repository/VLink/Page_CCSale/txt_Track2Data'

2020-12-22 18:52:26 - [MESSAGE][PASSED] - Object 'Object Repository/VLink/Page_CCSale/txt_POSEntryMode' is present

2020-12-22 18:52:27 - [MESSAGE][PASSED] - Text '' is set on object 'Object Repository/VLink/Page_CCSale/txt_POSEntryMode'

2020-12-22 18:52:27 - [MESSAGE][PASSED] - Object 'Object Repository/VLink/Page_CCSale/txt_Email' is present

2020-12-22 18:52:28 - [MESSAGE][PASSED] - Text '' is set on object 'Object Repository/VLink/Page_CCSale/txt_Email'

2020-12-22 18:52:28 - [MESSAGE][PASSED] - Object 'Object Repository/VLink/Page_CCSale/txt_OrderNumber' is present

2020-12-22 18:52:29 - [MESSAGE][PASSED] - Text '' is set on object 'Object Repository/VLink/Page_CCSale/txt_OrderNumber'

2020-12-22 18:52:29 - [MESSAGE][PASSED] - Object 'Object Repository/VLink/Page_CCSale/txt_TaxAmount' is present

2020-12-22 18:52:30 - [MESSAGE][PASSED] - Text '' is set on object 'Object Repository/VLink/Page_CCSale/txt_TaxAmount'

2020-12-22 18:52:30 - [MESSAGE][PASSED] - Object 'Object Repository/VLink/Page_CCSale/txt_ChargeDescription' is present

2020-12-22 18:52:31 - [MESSAGE][PASSED] - Text '' is set on object 'Object Repository/VLink/Page_CCSale/txt_ChargeDescription'

2020-12-22 18:52:31 - [MESSAGE][PASSED] - Object 'Object Repository/VLink/Page_CCSale/txt_CAN' is present

2020-12-22 18:52:32 - [MESSAGE][PASSED] - Text '' is set on object 'Object Repository/VLink/Page_CCSale/txt_CAN'

2020-12-22 18:52:32 - [MESSAGE][PASSED] - Object 'Object Repository/VLink/Page_CCSale/txt_BillPaymentIndicator' is present

2020-12-22 18:52:33 - [MESSAGE][PASSED] - Text '' is set on object 'Object Repository/VLink/Page_CCSale/txt_BillPaymentIndicator'

2020-12-22 18:52:33 - [MESSAGE][PASSED] - Object 'Object Repository/VLink/Page_CCSale/txt_UDF1' is present

2020-12-22 18:52:34 - [MESSAGE][PASSED] - Text '' is set on object 'Object Repository/VLink/Page_CCSale/txt_UDF1'

2020-12-22 18:52:34 - [MESSAGE][PASSED] - Object 'Object Repository/VLink/Page_CCSale/txt_UDF2' is present

2020-12-22 18:52:35 - [MESSAGE][PASSED] - Text '' is set on object 'Object Repository/VLink/Page_CCSale/txt_UDF2'

2020-12-22 18:52:35 - [MESSAGE][PASSED] - Object 'Object Repository/VLink/Page_CCSale/txt_UDF3' is present

2020-12-22 18:52:36 - [MESSAGE][PASSED] - Text '' is set on object 'Object Repository/VLink/Page_CCSale/txt_UDF3'

2020-12-22 18:52:36 - [MESSAGE][PASSED] - Object 'Object Repository/VLink/Page_CCSale/txt_UDF4' is present

2020-12-22 18:52:37 - [MESSAGE][PASSED] - Text '' is set on object 'Object Repository/VLink/Page_CCSale/txt_UDF4'

2020-12-22 18:52:37 - [MESSAGE][PASSED] - Object 'Object Repository/VLink/Page_CCSale/txt_UDF5' is present

2020-12-22 18:52:38 - [MESSAGE][PASSED] - Text '' is set on object 'Object Repository/VLink/Page_CCSale/txt_UDF5'

2020-12-22 18:52:38 - [MESSAGE][PASSED] - Object 'Object Repository/VLink/Page_CCSale/txt_UDF6' is present

2020-12-22 18:52:39 - [MESSAGE][PASSED] - Text '' is set on object 'Object Repository/VLink/Page_CCSale/txt_UDF6'

2020-12-22 18:52:39 - [MESSAGE][PASSED] - Object 'Object Repository/VLink/Page_CCSale/txt_UDF7' is present

2020-12-22 18:52:40 - [MESSAGE][PASSED] - Text '' is set on object 'Object Repository/VLink/Page_CCSale/txt_UDF7'

2020-12-22 18:52:40 - [MESSAGE][PASSED] - Object 'Object Repository/VLink/Page_CCSale/txt_UDF8' is present

2020-12-22 18:52:41 - [MESSAGE][PASSED] - Text '' is set on object 'Object Repository/VLink/Page_CCSale/txt_UDF8'

2020-12-22 18:52:41 - [MESSAGE][PASSED] - Object 'Object Repository/VLink/Page_CCSale/txt_UDF9' is present

2020-12-22 18:52:42 - [MESSAGE][PASSED] - Text '' is set on object 'Object Repository/VLink/Page_CCSale/txt_UDF9'

2020-12-22 18:52:42 - [MESSAGE][PASSED] - Object 'Object Repository/VLink/Page_CCSale/txt_UDF10' is present

2020-12-22 18:52:43 - [MESSAGE][PASSED] - Text '' is set on object 'Object Repository/VLink/Page_CCSale/txt_UDF10'

2020-12-22 18:52:43 - [MESSAGE][PASSED] - Object 'Object Repository/VLink/Page_CCSale/txt_CardOnFileIndicator' is present

2020-12-22 18:52:44 - [MESSAGE][PASSED] - Text '' is set on object 'Object Repository/VLink/Page_CCSale/txt_CardOnFileIndicator'

2020-12-22 18:52:44 - [MESSAGE][PASSED] - Object 'Object Repository/VLink/Page_CCSale/txt_StoredCredentialIndicator' is present

2020-12-22 18:52:45 - [MESSAGE][PASSED] - Text '' is set on object 'Object Repository/VLink/Page_CCSale/txt_StoredCredentialIndicator'

2020-12-22 18:52:45 - [MESSAGE][PASSED] - Object 'Object Repository/VLink/Page_CCSale/txt_COFScheduledIndicator' is present

2020-12-22 18:52:46 - [MESSAGE][PASSED] - Text '' is set on object 'Object Repository/VLink/Page_CCSale/txt_COFScheduledIndicator'

2020-12-22 18:52:46 - [MESSAGE][PASSED] - Object 'Object Repository/VLink/Page_CCSale/txt_COFTransactionInitiatedBy' is present

2020-12-22 18:52:47 - [MESSAGE][PASSED] - Text '' is set on object 'Object Repository/VLink/Page_CCSale/txt_COFTransactionInitiatedBy'

2020-12-22 18:52:50 - [MESSAGE][PASSED] - Object: 'Object Repository/VLink/Page_CCSale/btn_ProcessVLinkTransaction' is clicked on

2020-12-22 18:52:55 - [MESSAGE][PASSED] - vlinkPages.saleCCPage.setDataSCC is PASSED

2020-12-22 18:52:55 - [TEST_STEP][PASSED] - if (verifyTextPresent("Transaction approved, no errors", true)): null

2020-12-22 18:52:55 - [MESSAGE][PASSED] - Text 'Transaction approved, no errors' is present on page  using regular expression

2020-12-22 18:52:55 - [TEST_STEP][PASSED] - println("Transaction Approved, no errors text is present on the Confirmation page"): null

2020-12-22 18:52:55 - [TEST_STEP][PASSED] - out.println("Pass Record Number: " + row): null

2020-12-22 18:52:55 - [TEST_STEP][PASSED] - sdfo = getText(findTestObject("Object Repository/Page_VLinkReceipt/pre_STX")): Text of object 'Object Repository/Page_VLinkReceipt/pre_STX' is: '<STX>qv0LkT6GneOE                  12088029            0  Transaction approved, no errors                   0                                                                                  R OK9820   <ETX>'

2020-12-22 18:52:55 - [MESSAGE][PASSED] - Text of object 'Object Repository/Page_VLinkReceipt/pre_STX' is: '<STX>qv0LkT6GneOE                  12088029            0  Transaction approved, no errors                   0                                                                                  R OK9820   <ETX>'

2020-12-22 18:52:55 - [TEST_STEP][PASSED] - out.println("sdfo: " + sdfo): null

2020-12-22 18:52:55 - [TEST_STEP][PASSED] - remID = substring(5, 35).trim(): null

2020-12-22 18:52:55 - [TEST_STEP][PASSED] - out.println("Remittance ID: " + remID): null

2020-12-22 18:52:55 - [TEST_STEP][PASSED] - traxID = substring(35, 55).trim(): null

2020-12-22 18:52:55 - [TEST_STEP][PASSED] - out.println("Transaction ID: " + traxID): null

2020-12-22 18:52:55 - [TEST_STEP][PASSED] - out.println("End Record Number: " + row): null

2020-12-22 18:52:55 - [TEST_STEP][PASSED] - closeBrowser(): Browser is closed

2020-12-22 18:52:56 - [MESSAGE][PASSED] - Browser is closed

2020-12-22 18:52:56 - [TEST_STEP][PASSED] - out.println("Begin Record Number: " + row): null

2020-12-22 18:52:56 - [TEST_STEP][PASSED] - openBrowser(VLinkURL + "authcap.html"): Browser is opened with url: 'https://dev-algorithm.govolution.com/vlinktest/QA/version_2_0/authcap.html'

2020-12-22 18:52:56 - [MESSAGE][INFO] - Starting 'Chrome' driver

2020-12-22 18:52:56 - [MESSAGE][INFO] - User set preference: ['acceptInsecureCerts', 'true']

2020-12-22 18:52:56 - [MESSAGE][INFO] - Action delay is set to 0 milliseconds

2020-12-22 18:53:00 - [MESSAGE][PASSED] - Browser is opened with url: 'https://dev-algorithm.govolution.com/vlinktest/QA/version_2_0/authcap.html'

2020-12-22 18:53:00 - [TEST_STEP][PASSED] - maximizeWindow(): Current window maximized

2020-12-22 18:53:00 - [MESSAGE][PASSED] - Current window maximized

2020-12-22 18:53:00 - [TEST_STEP][PASSED] - vlinkPages.saleCCPage.setDataSCC(row, dataFile): vlinkPages.saleCCPage.setDataSCC is PASSED

2020-12-22 18:53:02 - [MESSAGE][PASSED] - Object 'Object Repository/VLink/Page_CCSale/txt_CardNumber' is present

2020-12-22 18:53:02 - [MESSAGE][PASSED] - Object 'Object Repository/VLink/Page_CCSale/txt_TransactionType' is present

2020-12-22 18:53:03 - [MESSAGE][PASSED] - Text '104' is set on object 'Object Repository/VLink/Page_CCSale/txt_TransactionType'

2020-12-22 18:53:03 - [MESSAGE][PASSED] - Object 'Object Repository/VLink/Page_CCSale/txt_MessageVersion' is present

2020-12-22 18:53:04 - [MESSAGE][PASSED] - Text '2.0C' is set on object 'Object Repository/VLink/Page_CCSale/txt_MessageVersion'

2020-12-22 18:53:04 - [MESSAGE][PASSED] - Object 'Object Repository/VLink/Page_CCSale/txt_RemID' is present

2020-12-22 18:53:04 - [MESSAGE][PASSED] - Text 'iUDPk6AUfp0s' is set on object 'Object Repository/VLink/Page_CCSale/txt_RemID'

2020-12-22 18:53:05 - [MESSAGE][PASSED] - Object 'Object Repository/VLink/Page_CCSale/txt_ApplicationId' is present

2020-12-22 18:53:05 - [MESSAGE][PASSED] - Text '677' is set on object 'Object Repository/VLink/Page_CCSale/txt_ApplicationId'

2020-12-22 18:53:06 - [MESSAGE][PASSED] - Object 'Object Repository/VLink/Page_CCSale/txt_Username' is present

2020-12-22 18:53:06 - [MESSAGE][PASSED] - Text 'username' is set on object 'Object Repository/VLink/Page_CCSale/txt_Username'

2020-12-22 18:53:07 - [MESSAGE][PASSED] - Object 'Object Repository/VLink/Page_CCSale/txt_Password' is present

2020-12-22 18:53:07 - [MESSAGE][PASSED] - Text 'password' is set on object 'Object Repository/VLink/Page_CCSale/txt_Password'

2020-12-22 18:53:08 - [MESSAGE][PASSED] - Object 'Object Repository/VLink/Page_CCSale/txt_ResponseFormat' is present

2020-12-22 18:53:08 - [MESSAGE][PASSED] - Text 'fixed_width' is set on object 'Object Repository/VLink/Page_CCSale/txt_ResponseFormat'

2020-12-22 18:53:09 - [MESSAGE][PASSED] - Object 'Object Repository/VLink/Page_CCSale/txt_Category' is present

2020-12-22 18:53:09 - [MESSAGE][PASSED] - Text 'RETL' is set on object 'Object Repository/VLink/Page_CCSale/txt_Category'

2020-12-22 18:53:10 - [MESSAGE][PASSED] - Object 'Object Repository/VLink/Page_CCSale/txt_TransactionID' is present

2020-12-22 18:53:10 - [MESSAGE][PASSED] - Text '' is set on object 'Object Repository/VLink/Page_CCSale/txt_TransactionID'

2020-12-22 18:53:11 - [MESSAGE][PASSED] - Object 'Object Repository/VLink/Page_CCSale/txt_ApprovalCode' is present

2020-12-22 18:53:11 - [MESSAGE][PASSED] - Text '' is set on object 'Object Repository/VLink/Page_CCSale/txt_ApprovalCode'

2020-12-22 18:53:12 - [MESSAGE][PASSED] - Object 'Object Repository/VLink/Page_CCSale/txt_CardName' is present

2020-12-22 18:53:12 - [MESSAGE][PASSED] - Text '' is set on object 'Object Repository/VLink/Page_CCSale/txt_CardName'

2020-12-22 18:53:13 - [MESSAGE][PASSED] - Object 'Object Repository/VLink/Page_CCSale/txt_AL1' is present

2020-12-22 18:53:13 - [MESSAGE][PASSED] - Text '' is set on object 'Object Repository/VLink/Page_CCSale/txt_AL1'

2020-12-22 18:53:14 - [MESSAGE][PASSED] - Object 'Object Repository/VLink/Page_CCSale/txt_AL2' is present

2020-12-22 18:53:14 - [MESSAGE][PASSED] - Text '' is set on object 'Object Repository/VLink/Page_CCSale/txt_AL2'

2020-12-22 18:53:15 - [MESSAGE][PASSED] - Object 'Object Repository/VLink/Page_CCSale/txt_CardCity' is present

2020-12-22 18:53:15 - [MESSAGE][PASSED] - Text '' is set on object 'Object Repository/VLink/Page_CCSale/txt_CardCity'

2020-12-22 18:53:16 - [MESSAGE][PASSED] - Object 'Object Repository/VLink/Page_CCSale/txt_CardState' is present

2020-12-22 18:53:16 - [MESSAGE][PASSED] - Text '' is set on object 'Object Repository/VLink/Page_CCSale/txt_CardState'

2020-12-22 18:53:17 - [MESSAGE][PASSED] - Object 'Object Repository/VLink/Page_CCSale/txt_CardZIP' is present

2020-12-22 18:53:17 - [MESSAGE][PASSED] - Text '' is set on object 'Object Repository/VLink/Page_CCSale/txt_CardZIP'

2020-12-22 18:53:18 - [MESSAGE][PASSED] - Object 'Object Repository/VLink/Page_CCSale/txt_CountryID' is present

2020-12-22 18:53:18 - [MESSAGE][PASSED] - Text '' is set on object 'Object Repository/VLink/Page_CCSale/txt_CountryID'

2020-12-22 18:53:19 - [MESSAGE][PASSED] - Object 'Object Repository/VLink/Page_CCSale/txt_Amount' is present

2020-12-22 18:53:19 - [MESSAGE][PASSED] - Text '3.50' is set on object 'Object Repository/VLink/Page_CCSale/txt_Amount'

2020-12-22 18:53:20 - [MESSAGE][PASSED] - Object 'Object Repository/VLink/Page_CCSale/txt_CardNumber' is present

2020-12-22 18:53:20 - [MESSAGE][PASSED] - Text '' is set on object 'Object Repository/VLink/Page_CCSale/txt_CardNumber'

2020-12-22 18:53:21 - [MESSAGE][PASSED] - Object 'Object Repository/VLink/Page_CCSale/txt_ExpMonth' is present

2020-12-22 18:53:21 - [MESSAGE][PASSED] - Text '' is set on object 'Object Repository/VLink/Page_CCSale/txt_ExpMonth'

2020-12-22 18:53:22 - [MESSAGE][PASSED] - Object 'Object Repository/VLink/Page_CCSale/txt_ExpYear' is present

2020-12-22 18:53:22 - [MESSAGE][PASSED] - Text '' is set on object 'Object Repository/VLink/Page_CCSale/txt_ExpYear'

2020-12-22 18:53:23 - [MESSAGE][PASSED] - Object 'Object Repository/VLink/Page_CCSale/txt_CVV' is present

2020-12-22 18:53:23 - [MESSAGE][PASSED] - Text '' is set on object 'Object Repository/VLink/Page_CCSale/txt_CVV'

2020-12-22 18:53:24 - [MESSAGE][PASSED] - Object 'Object Repository/VLink/Page_CCSale/txt_CVVstate' is present

2020-12-22 18:53:24 - [MESSAGE][PASSED] - Text '' is set on object 'Object Repository/VLink/Page_CCSale/txt_CVVstate'

2020-12-22 18:53:25 - [MESSAGE][PASSED] - Object 'Object Repository/VLink/Page_CCSale/txt_TrackData' is present

2020-12-22 18:53:25 - [MESSAGE][PASSED] - Text '' is set on object 'Object Repository/VLink/Page_CCSale/txt_TrackData'

2020-12-22 18:53:26 - [MESSAGE][PASSED] - Object 'Object Repository/VLink/Page_CCSale/txt_Track1Data' is present

2020-12-22 18:53:26 - [MESSAGE][PASSED] - Text '%B5567080011582646^AHMED/IMTIAZ              ^2303201090200000000000354000015?' is set on object 'Object Repository/VLink/Page_CCSale/txt_Track1Data'

2020-12-22 18:53:27 - [MESSAGE][PASSED] - Object 'Object Repository/VLink/Page_CCSale/txt_Track2Data' is present

2020-12-22 18:53:27 - [MESSAGE][PASSED] - Text ';5567080011582646=23032010902035400015?' is set on object 'Object Repository/VLink/Page_CCSale/txt_Track2Data'

2020-12-22 18:53:28 - [MESSAGE][PASSED] - Object 'Object Repository/VLink/Page_CCSale/txt_POSEntryMode' is present

2020-12-22 18:53:28 - [MESSAGE][PASSED] - Text '' is set on object 'Object Repository/VLink/Page_CCSale/txt_POSEntryMode'

2020-12-22 18:53:29 - [MESSAGE][PASSED] - Object 'Object Repository/VLink/Page_CCSale/txt_Email' is present

2020-12-22 18:53:29 - [MESSAGE][PASSED] - Text '' is set on object 'Object Repository/VLink/Page_CCSale/txt_Email'

2020-12-22 18:53:30 - [MESSAGE][PASSED] - Object 'Object Repository/VLink/Page_CCSale/txt_OrderNumber' is present

2020-12-22 18:53:30 - [MESSAGE][PASSED] - Text '' is set on object 'Object Repository/VLink/Page_CCSale/txt_OrderNumber'

2020-12-22 18:53:31 - [MESSAGE][PASSED] - Object 'Object Repository/VLink/Page_CCSale/txt_TaxAmount' is present

2020-12-22 18:53:31 - [MESSAGE][PASSED] - Text '' is set on object 'Object Repository/VLink/Page_CCSale/txt_TaxAmount'

2020-12-22 18:53:32 - [MESSAGE][PASSED] - Object 'Object Repository/VLink/Page_CCSale/txt_ChargeDescription' is present

2020-12-22 18:53:32 - [MESSAGE][PASSED] - Text '' is set on object 'Object Repository/VLink/Page_CCSale/txt_ChargeDescription'

2020-12-22 18:53:33 - [MESSAGE][PASSED] - Object 'Object Repository/VLink/Page_CCSale/txt_CAN' is present

2020-12-22 18:53:33 - [MESSAGE][PASSED] - Text '' is set on object 'Object Repository/VLink/Page_CCSale/txt_CAN'

2020-12-22 18:53:34 - [MESSAGE][PASSED] - Object 'Object Repository/VLink/Page_CCSale/txt_BillPaymentIndicator' is present

2020-12-22 18:53:34 - [MESSAGE][PASSED] - Text '' is set on object 'Object Repository/VLink/Page_CCSale/txt_BillPaymentIndicator'

2020-12-22 18:53:35 - [MESSAGE][PASSED] - Object 'Object Repository/VLink/Page_CCSale/txt_UDF1' is present

2020-12-22 18:53:35 - [MESSAGE][PASSED] - Text '' is set on object 'Object Repository/VLink/Page_CCSale/txt_UDF1'

2020-12-22 18:53:36 - [MESSAGE][PASSED] - Object 'Object Repository/VLink/Page_CCSale/txt_UDF2' is present

2020-12-22 18:53:36 - [MESSAGE][PASSED] - Text '' is set on object 'Object Repository/VLink/Page_CCSale/txt_UDF2'

2020-12-22 18:53:37 - [MESSAGE][PASSED] - Object 'Object Repository/VLink/Page_CCSale/txt_UDF3' is present

2020-12-22 18:53:37 - [MESSAGE][PASSED] - Text '' is set on object 'Object Repository/VLink/Page_CCSale/txt_UDF3'

2020-12-22 18:53:38 - [MESSAGE][PASSED] - Object 'Object Repository/VLink/Page_CCSale/txt_UDF4' is present

2020-12-22 18:53:38 - [MESSAGE][PASSED] - Text '' is set on object 'Object Repository/VLink/Page_CCSale/txt_UDF4'

2020-12-22 18:53:39 - [MESSAGE][PASSED] - Object 'Object Repository/VLink/Page_CCSale/txt_UDF5' is present

2020-12-22 18:53:39 - [MESSAGE][PASSED] - Text '' is set on object 'Object Repository/VLink/Page_CCSale/txt_UDF5'

2020-12-22 18:53:40 - [MESSAGE][PASSED] - Object 'Object Repository/VLink/Page_CCSale/txt_UDF6' is present

2020-12-22 18:53:40 - [MESSAGE][PASSED] - Text '' is set on object 'Object Repository/VLink/Page_CCSale/txt_UDF6'

2020-12-22 18:53:41 - [MESSAGE][PASSED] - Object 'Object Repository/VLink/Page_CCSale/txt_UDF7' is present

2020-12-22 18:53:41 - [MESSAGE][PASSED] - Text '' is set on object 'Object Repository/VLink/Page_CCSale/txt_UDF7'

2020-12-22 18:53:42 - [MESSAGE][PASSED] - Object 'Object Repository/VLink/Page_CCSale/txt_UDF8' is present

2020-12-22 18:53:42 - [MESSAGE][PASSED] - Text '' is set on object 'Object Repository/VLink/Page_CCSale/txt_UDF8'

2020-12-22 18:53:43 - [MESSAGE][PASSED] - Object 'Object Repository/VLink/Page_CCSale/txt_UDF9' is present

2020-12-22 18:53:43 - [MESSAGE][PASSED] - Text '' is set on object 'Object Repository/VLink/Page_CCSale/txt_UDF9'

2020-12-22 18:53:44 - [MESSAGE][PASSED] - Object 'Object Repository/VLink/Page_CCSale/txt_UDF10' is present

2020-12-22 18:53:44 - [MESSAGE][PASSED] - Text '' is set on object 'Object Repository/VLink/Page_CCSale/txt_UDF10'

2020-12-22 18:53:45 - [MESSAGE][PASSED] - Object 'Object Repository/VLink/Page_CCSale/txt_CardOnFileIndicator' is present

2020-12-22 18:53:45 - [MESSAGE][PASSED] - Text '' is set on object 'Object Repository/VLink/Page_CCSale/txt_CardOnFileIndicator'

2020-12-22 18:53:46 - [MESSAGE][PASSED] - Object 'Object Repository/VLink/Page_CCSale/txt_StoredCredentialIndicator' is present

2020-12-22 18:53:46 - [MESSAGE][PASSED] - Text '' is set on object 'Object Repository/VLink/Page_CCSale/txt_StoredCredentialIndicator'

2020-12-22 18:53:47 - [MESSAGE][PASSED] - Object 'Object Repository/VLink/Page_CCSale/txt_COFScheduledIndicator' is present

2020-12-22 18:53:47 - [MESSAGE][PASSED] - Text '' is set on object 'Object Repository/VLink/Page_CCSale/txt_COFScheduledIndicator'

2020-12-22 18:53:48 - [MESSAGE][PASSED] - Object 'Object Repository/VLink/Page_CCSale/txt_COFTransactionInitiatedBy' is present

2020-12-22 18:53:48 - [MESSAGE][PASSED] - Text '' is set on object 'Object Repository/VLink/Page_CCSale/txt_COFTransactionInitiatedBy'

2020-12-22 18:53:51 - [MESSAGE][PASSED] - Object: 'Object Repository/VLink/Page_CCSale/btn_ProcessVLinkTransaction' is clicked on

2020-12-22 18:53:56 - [MESSAGE][PASSED] - vlinkPages.saleCCPage.setDataSCC is PASSED

2020-12-22 18:53:56 - [TEST_STEP][PASSED] - if (verifyTextPresent("Transaction approved, no errors", true)): null

2020-12-22 18:53:56 - [MESSAGE][PASSED] - Text 'Transaction approved, no errors' is present on page  using regular expression

2020-12-22 18:53:56 - [TEST_STEP][PASSED] - println("Transaction Approved, no errors text is present on the Confirmation page"): null

2020-12-22 18:53:56 - [TEST_STEP][PASSED] - out.println("Pass Record Number: " + row): null

2020-12-22 18:53:56 - [TEST_STEP][PASSED] - sdfo = getText(findTestObject("Object Repository/Page_VLinkReceipt/pre_STX")): Text of object 'Object Repository/Page_VLinkReceipt/pre_STX' is: '<STX>iUDPk6AUfp0s                  12088031            0  Transaction approved, no errors                   0                                                                                  R OK9930   <ETX>'

2020-12-22 18:53:57 - [MESSAGE][PASSED] - Text of object 'Object Repository/Page_VLinkReceipt/pre_STX' is: '<STX>iUDPk6AUfp0s                  12088031            0  Transaction approved, no errors                   0                                                                                  R OK9930   <ETX>'

2020-12-22 18:53:57 - [TEST_STEP][PASSED] - out.println("sdfo: " + sdfo): null

2020-12-22 18:53:57 - [TEST_STEP][PASSED] - remID = substring(5, 35).trim(): null

2020-12-22 18:53:57 - [TEST_STEP][PASSED] - out.println("Remittance ID: " + remID): null

2020-12-22 18:53:57 - [TEST_STEP][PASSED] - traxID = substring(35, 55).trim(): null

2020-12-22 18:53:57 - [TEST_STEP][PASSED] - out.println("Transaction ID: " + traxID): null

2020-12-22 18:53:57 - [TEST_STEP][PASSED] - out.println("End Record Number: " + row): null

2020-12-22 18:53:57 - [TEST_STEP][PASSED] - closeBrowser(): Browser is closed

2020-12-22 18:53:57 - [MESSAGE][PASSED] - Browser is closed]]></system-out>
         <system-err><![CDATA[2020-12-22 16:58:52 - [TEST_CASE][FAILED] - Test Cases/VLink/QA/VLinkSale-Successful: Test Cases/VLink/QA/VLinkSale-Successful FAILED.
Reason:
com.kms.katalon.core.exception.StepFailedException: Text 'Transaction approved, no errors' is not present on page  using regular expression (Root cause: com.kms.katalon.core.exception.StepFailedException: Text 'Transaction approved, no errors' is not present on page  using regular expression
	at com.kms.katalon.core.webui.keyword.internal.WebUIKeywordMain.stepFailed(WebUIKeywordMain.groovy:64)
	at com.kms.katalon.core.webui.keyword.builtin.VerifyTextPresentKeyword$_verifyTextPresent_closure1.doCall(VerifyTextPresentKeyword.groovy:79)
	at com.kms.katalon.core.webui.keyword.builtin.VerifyTextPresentKeyword$_verifyTextPresent_closure1.call(VerifyTextPresentKeyword.groovy)
	at com.kms.katalon.core.webui.keyword.internal.WebUIKeywordMain.runKeyword(WebUIKeywordMain.groovy:20)
	at com.kms.katalon.core.webui.keyword.builtin.VerifyTextPresentKeyword.verifyTextPresent(VerifyTextPresentKeyword.groovy:83)
	at com.kms.katalon.core.webui.keyword.builtin.VerifyTextPresentKeyword.execute(VerifyTextPresentKeyword.groovy:68)
	at com.kms.katalon.core.keyword.internal.KeywordExecutor.executeKeywordForPlatform(KeywordExecutor.groovy:72)
	at com.kms.katalon.core.webui.keyword.WebUiBuiltInKeywords.verifyTextPresent(WebUiBuiltInKeywords.groovy:1719)
	at com.kms.katalon.core.webui.keyword.WebUiBuiltInKeywords$verifyTextPresent$6.call(Unknown Source)
	at VLinkSale-Successful.run(VLinkSale-Successful:60)
	at com.kms.katalon.core.main.ScriptEngine.run(ScriptEngine.java:194)
	at com.kms.katalon.core.main.ScriptEngine.runScriptAsRawText(ScriptEngine.java:119)
	at com.kms.katalon.core.main.TestCaseExecutor.runScript(TestCaseExecutor.java:337)
	at com.kms.katalon.core.main.TestCaseExecutor.doExecute(TestCaseExecutor.java:328)
	at com.kms.katalon.core.main.TestCaseExecutor.processExecutionPhase(TestCaseExecutor.java:307)
	at com.kms.katalon.core.main.TestCaseExecutor.accessMainPhase(TestCaseExecutor.java:299)
	at com.kms.katalon.core.main.TestCaseExecutor.execute(TestCaseExecutor.java:233)
	at com.kms.katalon.core.main.TestSuiteExecutor.accessTestCaseMainPhase(TestSuiteExecutor.java:169)
	at com.kms.katalon.core.main.TestSuiteExecutor.accessTestSuiteMainPhase(TestSuiteExecutor.java:142)
	at com.kms.katalon.core.main.TestSuiteExecutor.execute(TestSuiteExecutor.java:91)
	at com.kms.katalon.core.main.TestCaseMain.startTestSuite(TestCaseMain.java:157)
	at com.kms.katalon.core.main.TestCaseMain$startTestSuite$0.call(Unknown Source)
	at TempTestSuite1608674252830.run(TempTestSuite1608674252830.groovy:37)
)
	at com.kms.katalon.core.keyword.internal.KeywordMain.stepFailed(KeywordMain.groovy:39)
	at com.kms.katalon.core.webui.keyword.internal.WebUIKeywordMain.stepFailed(WebUIKeywordMain.groovy:64)
	at com.kms.katalon.core.webui.keyword.builtin.VerifyTextPresentKeyword$_verifyTextPresent_closure1.doCall(VerifyTextPresentKeyword.groovy:79)
	at com.kms.katalon.core.webui.keyword.builtin.VerifyTextPresentKeyword$_verifyTextPresent_closure1.call(VerifyTextPresentKeyword.groovy)
	at com.kms.katalon.core.webui.keyword.internal.WebUIKeywordMain.runKeyword(WebUIKeywordMain.groovy:20)
	at com.kms.katalon.core.webui.keyword.builtin.VerifyTextPresentKeyword.verifyTextPresent(VerifyTextPresentKeyword.groovy:83)
	at com.kms.katalon.core.webui.keyword.builtin.VerifyTextPresentKeyword.execute(VerifyTextPresentKeyword.groovy:68)
	at com.kms.katalon.core.keyword.internal.KeywordExecutor.executeKeywordForPlatform(KeywordExecutor.groovy:72)
	at com.kms.katalon.core.webui.keyword.WebUiBuiltInKeywords.verifyTextPresent(WebUiBuiltInKeywords.groovy:1719)
	at com.kms.katalon.core.webui.keyword.WebUiBuiltInKeywords$verifyTextPresent$6.call(Unknown Source)
	at VLinkSale-Successful.run(VLinkSale-Successful:60)
	at com.kms.katalon.core.main.ScriptEngine.run(ScriptEngine.java:194)
	at com.kms.katalon.core.main.ScriptEngine.runScriptAsRawText(ScriptEngine.java:119)
	at com.kms.katalon.core.main.TestCaseExecutor.runScript(TestCaseExecutor.java:337)
	at com.kms.katalon.core.main.TestCaseExecutor.doExecute(TestCaseExecutor.java:328)
	at com.kms.katalon.core.main.TestCaseExecutor.processExecutionPhase(TestCaseExecutor.java:307)
	at com.kms.katalon.core.main.TestCaseExecutor.accessMainPhase(TestCaseExecutor.java:299)
	at com.kms.katalon.core.main.TestCaseExecutor.execute(TestCaseExecutor.java:233)
	at com.kms.katalon.core.main.TestSuiteExecutor.accessTestCaseMainPhase(TestSuiteExecutor.java:169)
	at com.kms.katalon.core.main.TestSuiteExecutor.accessTestSuiteMainPhase(TestSuiteExecutor.java:142)
	at com.kms.katalon.core.main.TestSuiteExecutor.execute(TestSuiteExecutor.java:91)
	at com.kms.katalon.core.main.TestCaseMain.startTestSuite(TestCaseMain.java:157)
	at com.kms.katalon.core.main.TestCaseMain$startTestSuite$0.call(Unknown Source)
	at TempTestSuite1608674252830.run(TempTestSuite1608674252830.groovy:37)
Caused by: com.kms.katalon.core.exception.StepFailedException: Text 'Transaction approved, no errors' is not present on page  using regular expression
	... 23 more]]></system-err>
      </testcase>
      <system-out><![CDATA[2020-12-22 16:57:35 - [TEST_SUITE][FAILED] - QA Smoke Test: Test Cases/VirtualTerminal/Sale-ReqFieldsOnly FAILED.
Reason:
com.kms.katalon.core.exception.StepFailedException: Unable to set text '4111111111111111' of object 'Object Repository/Sale Payment Entry/CardNumber' (Root cause: com.kms.katalon.core.exception.StepFailedException: Unable to set text '4111111111111111' of object 'Object Repository/Sale Payment Entry/CardNumber'
	at com.kms.katalon.core.webui.keyword.internal.WebUIKeywordMain.stepFailed(WebUIKeywordMain.groovy:64)
	at com.kms.katalon.core.webui.keyword.internal.WebUIKeywordMain.runKeyword(WebUIKeywordMain.groovy:26)
	at com.kms.katalon.core.webui.keyword.builtin.SetTextKeyword.setText(SetTextKeyword.groovy:66)
	at com.kms.katalon.core.webui.keyword.builtin.SetTextKeyword.execute(SetTextKeyword.groovy:37)
	at com.kms.katalon.core.keyword.internal.KeywordExecutor.executeKeywordForPlatform(KeywordExecutor.groovy:72)
	at com.kms.katalon.core.webui.keyword.WebUiBuiltInKeywords.setText(WebUiBuiltInKeywords.groovy:976)
	at com.kms.katalon.core.webui.keyword.WebUiBuiltInKeywords$setText$3.call(Unknown Source)
	at Sale-ReqFieldsOnly.run(Sale-ReqFieldsOnly:32)
	at com.kms.katalon.core.main.ScriptEngine.run(ScriptEngine.java:194)
	at com.kms.katalon.core.main.ScriptEngine.runScriptAsRawText(ScriptEngine.java:119)
	at com.kms.katalon.core.main.TestCaseExecutor.runScript(TestCaseExecutor.java:337)
	at com.kms.katalon.core.main.TestCaseExecutor.doExecute(TestCaseExecutor.java:328)
	at com.kms.katalon.core.main.TestCaseExecutor.processExecutionPhase(TestCaseExecutor.java:307)
	at com.kms.katalon.core.main.TestCaseExecutor.accessMainPhase(TestCaseExecutor.java:299)
	at com.kms.katalon.core.main.TestCaseExecutor.execute(TestCaseExecutor.java:233)
	at com.kms.katalon.core.main.TestSuiteExecutor.accessTestCaseMainPhase(TestSuiteExecutor.java:169)
	at com.kms.katalon.core.main.TestSuiteExecutor.accessTestSuiteMainPhase(TestSuiteExecutor.java:142)
	at com.kms.katalon.core.main.TestSuiteExecutor.execute(TestSuiteExecutor.java:91)
	at com.kms.katalon.core.main.TestCaseMain.startTestSuite(TestCaseMain.java:157)
	at com.kms.katalon.core.main.TestCaseMain$startTestSuite$0.call(Unknown Source)
	at TempTestSuite1608674252830.run(TempTestSuite1608674252830.groovy:37)
Caused by: org.openqa.selenium.ElementNotInteractableException: element not interactable
  (Session info: chrome=87.0.4280.88)
Build info: version: '3.141.59', revision: 'e82be7d358', time: '2018-11-14T08:25:53'
System info: host: 'DESKTOP-B2QI6NS', ip: '10.5.20.29', os.name: 'Windows 10', os.arch: 'amd64', os.version: '10.0', java.version: '1.8.0_181'
Driver info: com.kms.katalon.selenium.driver.CChromeDriver
Capabilities {acceptInsecureCerts: true, browserName: chrome, browserVersion: 87.0.4280.88, chrome: {chromedriverVersion: 87.0.4280.88 (89e2380a3e36c..., userDataDir: C:\Users\iahmed\AppData\Loc...}, goog:chromeOptions: {debuggerAddress: localhost:53722}, javascriptEnabled: true, networkConnectionEnabled: false, pageLoadStrategy: normal, platform: WINDOWS, platformName: WINDOWS, proxy: Proxy(), setWindowRect: true, strictFileInteractability: false, timeouts: {implicit: 0, pageLoad: 300000, script: 30000}, unhandledPromptBehavior: dismiss and notify, webauthn:virtualAuthenticators: true}
Session ID: 3047a110bb643f4106f595934fcf3191
	at org.openqa.selenium.remote.http.W3CHttpResponseCodec.createException(W3CHttpResponseCodec.java:187)
	at org.openqa.selenium.remote.http.W3CHttpResponseCodec.decode(W3CHttpResponseCodec.java:122)
	at org.openqa.selenium.remote.http.W3CHttpResponseCodec.decode(W3CHttpResponseCodec.java:49)
	at org.openqa.selenium.remote.HttpCommandExecutor.execute(HttpCommandExecutor.java:158)
	at org.openqa.selenium.remote.service.DriverCommandExecutor.execute(DriverCommandExecutor.java:83)
	at org.openqa.selenium.remote.RemoteWebDriver.execute(RemoteWebDriver.java:552)
	at com.kms.katalon.selenium.driver.CChromeDriver.execute(CChromeDriver.java:19)
	at org.openqa.selenium.remote.RemoteWebElement.execute(RemoteWebElement.java:285)
	at org.openqa.selenium.remote.RemoteWebElement.clear(RemoteWebElement.java:124)
	at org.openqa.selenium.support.events.EventFiringWebDriver$EventFiringWebElement.lambda$new$0(EventFiringWebDriver.java:404)
	at com.sun.proxy.$Proxy9.clear(Unknown Source)
	at org.openqa.selenium.support.events.EventFiringWebDriver$EventFiringWebElement.clear(EventFiringWebDriver.java:436)
	at com.kms.katalon.core.webui.keyword.builtin.SetTextKeyword$_setText_closure1.doCall(SetTextKeyword.groovy:53)
	at com.kms.katalon.core.webui.keyword.builtin.SetTextKeyword$_setText_closure1.call(SetTextKeyword.groovy)
	at com.kms.katalon.core.webui.keyword.internal.WebUIKeywordMain.runKeyword(WebUIKeywordMain.groovy:20)
	at com.kms.katalon.core.webui.keyword.builtin.SetTextKeyword.setText(SetTextKeyword.groovy:66)
	at com.kms.katalon.core.webui.keyword.builtin.SetTextKeyword.execute(SetTextKeyword.groovy:37)
	at com.kms.katalon.core.keyword.internal.KeywordExecutor.executeKeywordForPlatform(KeywordExecutor.groovy:72)
	at com.kms.katalon.core.webui.keyword.WebUiBuiltInKeywords.setText(WebUiBuiltInKeywords.groovy:976)
	at com.kms.katalon.core.webui.keyword.WebUiBuiltInKeywords$setText$3.call(Unknown Source)
	at Script1554154540305.run(Script1554154540305.groovy:32)
	... 13 more
)
	at com.kms.katalon.core.keyword.internal.KeywordMain.stepFailed(KeywordMain.groovy:39)
	at com.kms.katalon.core.webui.keyword.internal.WebUIKeywordMain.stepFailed(WebUIKeywordMain.groovy:64)
	at com.kms.katalon.core.webui.keyword.internal.WebUIKeywordMain.runKeyword(WebUIKeywordMain.groovy:26)
	at com.kms.katalon.core.webui.keyword.builtin.SetTextKeyword.setText(SetTextKeyword.groovy:66)
	at com.kms.katalon.core.webui.keyword.builtin.SetTextKeyword.execute(SetTextKeyword.groovy:37)
	at com.kms.katalon.core.keyword.internal.KeywordExecutor.executeKeywordForPlatform(KeywordExecutor.groovy:72)
	at com.kms.katalon.core.webui.keyword.WebUiBuiltInKeywords.setText(WebUiBuiltInKeywords.groovy:976)
	at com.kms.katalon.core.webui.keyword.WebUiBuiltInKeywords$setText$3.call(Unknown Source)
	at Sale-ReqFieldsOnly.run(Sale-ReqFieldsOnly:32)
	at com.kms.katalon.core.main.ScriptEngine.run(ScriptEngine.java:194)
	at com.kms.katalon.core.main.ScriptEngine.runScriptAsRawText(ScriptEngine.java:119)
	at com.kms.katalon.core.main.TestCaseExecutor.runScript(TestCaseExecutor.java:337)
	at com.kms.katalon.core.main.TestCaseExecutor.doExecute(TestCaseExecutor.java:328)
	at com.kms.katalon.core.main.TestCaseExecutor.processExecutionPhase(TestCaseExecutor.java:307)
	at com.kms.katalon.core.main.TestCaseExecutor.accessMainPhase(TestCaseExecutor.java:299)
	at com.kms.katalon.core.main.TestCaseExecutor.execute(TestCaseExecutor.java:233)
	at com.kms.katalon.core.main.TestSuiteExecutor.accessTestCaseMainPhase(TestSuiteExecutor.java:169)
	at com.kms.katalon.core.main.TestSuiteExecutor.accessTestSuiteMainPhase(TestSuiteExecutor.java:142)
	at com.kms.katalon.core.main.TestSuiteExecutor.execute(TestSuiteExecutor.java:91)
	at com.kms.katalon.core.main.TestCaseMain.startTestSuite(TestCaseMain.java:157)
	at com.kms.katalon.core.main.TestCaseMain$startTestSuite$0.call(Unknown Source)
	at TempTestSuite1608674252830.run(TempTestSuite1608674252830.groovy:37)
Caused by: com.kms.katalon.core.exception.StepFailedException: Unable to set text '4111111111111111' of object 'Object Repository/Sale Payment Entry/CardNumber'
	... 21 more
Caused by: org.openqa.selenium.ElementNotInteractableException: element not interactable
  (Session info: chrome=87.0.4280.88)
Build info: version: '3.141.59', revision: 'e82be7d358', time: '2018-11-14T08:25:53'
System info: host: 'DESKTOP-B2QI6NS', ip: '10.5.20.29', os.name: 'Windows 10', os.arch: 'amd64', os.version: '10.0', java.version: '1.8.0_181'
Driver info: com.kms.katalon.selenium.driver.CChromeDriver
Capabilities {acceptInsecureCerts: true, browserName: chrome, browserVersion: 87.0.4280.88, chrome: {chromedriverVersion: 87.0.4280.88 (89e2380a3e36c..., userDataDir: C:\Users\iahmed\AppData\Loc...}, goog:chromeOptions: {debuggerAddress: localhost:53722}, javascriptEnabled: true, networkConnectionEnabled: false, pageLoadStrategy: normal, platform: WINDOWS, platformName: WINDOWS, proxy: Proxy(), setWindowRect: true, strictFileInteractability: false, timeouts: {implicit: 0, pageLoad: 300000, script: 30000}, unhandledPromptBehavior: dismiss and notify, webauthn:virtualAuthenticators: true}
Session ID: 3047a110bb643f4106f595934fcf3191
	at org.openqa.selenium.remote.http.W3CHttpResponseCodec.createException(W3CHttpResponseCodec.java:187)
	at org.openqa.selenium.remote.http.W3CHttpResponseCodec.decode(W3CHttpResponseCodec.java:122)
	at org.openqa.selenium.remote.http.W3CHttpResponseCodec.decode(W3CHttpResponseCodec.java:49)
	at org.openqa.selenium.remote.HttpCommandExecutor.execute(HttpCommandExecutor.java:158)
	at org.openqa.selenium.remote.service.DriverCommandExecutor.execute(DriverCommandExecutor.java:83)
	at org.openqa.selenium.remote.RemoteWebDriver.execute(RemoteWebDriver.java:552)
	at com.kms.katalon.selenium.driver.CChromeDriver.execute(CChromeDriver.java:19)
	at org.openqa.selenium.remote.RemoteWebElement.execute(RemoteWebElement.java:285)
	at org.openqa.selenium.remote.RemoteWebElement.clear(RemoteWebElement.java:124)
	at org.openqa.selenium.support.events.EventFiringWebDriver$EventFiringWebElement.lambda$new$0(EventFiringWebDriver.java:404)
	at com.sun.proxy.$Proxy9.clear(Unknown Source)
	at org.openqa.selenium.support.events.EventFiringWebDriver$EventFiringWebElement.clear(EventFiringWebDriver.java:436)
	at com.kms.katalon.core.webui.keyword.builtin.SetTextKeyword$_setText_closure1.doCall(SetTextKeyword.groovy:53)
	at com.kms.katalon.core.webui.keyword.builtin.SetTextKeyword$_setText_closure1.call(SetTextKeyword.groovy)
	at com.kms.katalon.core.webui.keyword.internal.WebUIKeywordMain.runKeyword(WebUIKeywordMain.groovy:20)
	... 19 more]]></system-out>
      <system-err><![CDATA[2020-12-22 16:57:35 - [TEST_SUITE][FAILED] - QA Smoke Test: Test Cases/VirtualTerminal/Sale-ReqFieldsOnly FAILED.
Reason:
com.kms.katalon.core.exception.StepFailedException: Unable to set text '4111111111111111' of object 'Object Repository/Sale Payment Entry/CardNumber' (Root cause: com.kms.katalon.core.exception.StepFailedException: Unable to set text '4111111111111111' of object 'Object Repository/Sale Payment Entry/CardNumber'
	at com.kms.katalon.core.webui.keyword.internal.WebUIKeywordMain.stepFailed(WebUIKeywordMain.groovy:64)
	at com.kms.katalon.core.webui.keyword.internal.WebUIKeywordMain.runKeyword(WebUIKeywordMain.groovy:26)
	at com.kms.katalon.core.webui.keyword.builtin.SetTextKeyword.setText(SetTextKeyword.groovy:66)
	at com.kms.katalon.core.webui.keyword.builtin.SetTextKeyword.execute(SetTextKeyword.groovy:37)
	at com.kms.katalon.core.keyword.internal.KeywordExecutor.executeKeywordForPlatform(KeywordExecutor.groovy:72)
	at com.kms.katalon.core.webui.keyword.WebUiBuiltInKeywords.setText(WebUiBuiltInKeywords.groovy:976)
	at com.kms.katalon.core.webui.keyword.WebUiBuiltInKeywords$setText$3.call(Unknown Source)
	at Sale-ReqFieldsOnly.run(Sale-ReqFieldsOnly:32)
	at com.kms.katalon.core.main.ScriptEngine.run(ScriptEngine.java:194)
	at com.kms.katalon.core.main.ScriptEngine.runScriptAsRawText(ScriptEngine.java:119)
	at com.kms.katalon.core.main.TestCaseExecutor.runScript(TestCaseExecutor.java:337)
	at com.kms.katalon.core.main.TestCaseExecutor.doExecute(TestCaseExecutor.java:328)
	at com.kms.katalon.core.main.TestCaseExecutor.processExecutionPhase(TestCaseExecutor.java:307)
	at com.kms.katalon.core.main.TestCaseExecutor.accessMainPhase(TestCaseExecutor.java:299)
	at com.kms.katalon.core.main.TestCaseExecutor.execute(TestCaseExecutor.java:233)
	at com.kms.katalon.core.main.TestSuiteExecutor.accessTestCaseMainPhase(TestSuiteExecutor.java:169)
	at com.kms.katalon.core.main.TestSuiteExecutor.accessTestSuiteMainPhase(TestSuiteExecutor.java:142)
	at com.kms.katalon.core.main.TestSuiteExecutor.execute(TestSuiteExecutor.java:91)
	at com.kms.katalon.core.main.TestCaseMain.startTestSuite(TestCaseMain.java:157)
	at com.kms.katalon.core.main.TestCaseMain$startTestSuite$0.call(Unknown Source)
	at TempTestSuite1608674252830.run(TempTestSuite1608674252830.groovy:37)
Caused by: org.openqa.selenium.ElementNotInteractableException: element not interactable
  (Session info: chrome=87.0.4280.88)
Build info: version: '3.141.59', revision: 'e82be7d358', time: '2018-11-14T08:25:53'
System info: host: 'DESKTOP-B2QI6NS', ip: '10.5.20.29', os.name: 'Windows 10', os.arch: 'amd64', os.version: '10.0', java.version: '1.8.0_181'
Driver info: com.kms.katalon.selenium.driver.CChromeDriver
Capabilities {acceptInsecureCerts: true, browserName: chrome, browserVersion: 87.0.4280.88, chrome: {chromedriverVersion: 87.0.4280.88 (89e2380a3e36c..., userDataDir: C:\Users\iahmed\AppData\Loc...}, goog:chromeOptions: {debuggerAddress: localhost:53722}, javascriptEnabled: true, networkConnectionEnabled: false, pageLoadStrategy: normal, platform: WINDOWS, platformName: WINDOWS, proxy: Proxy(), setWindowRect: true, strictFileInteractability: false, timeouts: {implicit: 0, pageLoad: 300000, script: 30000}, unhandledPromptBehavior: dismiss and notify, webauthn:virtualAuthenticators: true}
Session ID: 3047a110bb643f4106f595934fcf3191
	at org.openqa.selenium.remote.http.W3CHttpResponseCodec.createException(W3CHttpResponseCodec.java:187)
	at org.openqa.selenium.remote.http.W3CHttpResponseCodec.decode(W3CHttpResponseCodec.java:122)
	at org.openqa.selenium.remote.http.W3CHttpResponseCodec.decode(W3CHttpResponseCodec.java:49)
	at org.openqa.selenium.remote.HttpCommandExecutor.execute(HttpCommandExecutor.java:158)
	at org.openqa.selenium.remote.service.DriverCommandExecutor.execute(DriverCommandExecutor.java:83)
	at org.openqa.selenium.remote.RemoteWebDriver.execute(RemoteWebDriver.java:552)
	at com.kms.katalon.selenium.driver.CChromeDriver.execute(CChromeDriver.java:19)
	at org.openqa.selenium.remote.RemoteWebElement.execute(RemoteWebElement.java:285)
	at org.openqa.selenium.remote.RemoteWebElement.clear(RemoteWebElement.java:124)
	at org.openqa.selenium.support.events.EventFiringWebDriver$EventFiringWebElement.lambda$new$0(EventFiringWebDriver.java:404)
	at com.sun.proxy.$Proxy9.clear(Unknown Source)
	at org.openqa.selenium.support.events.EventFiringWebDriver$EventFiringWebElement.clear(EventFiringWebDriver.java:436)
	at com.kms.katalon.core.webui.keyword.builtin.SetTextKeyword$_setText_closure1.doCall(SetTextKeyword.groovy:53)
	at com.kms.katalon.core.webui.keyword.builtin.SetTextKeyword$_setText_closure1.call(SetTextKeyword.groovy)
	at com.kms.katalon.core.webui.keyword.internal.WebUIKeywordMain.runKeyword(WebUIKeywordMain.groovy:20)
	at com.kms.katalon.core.webui.keyword.builtin.SetTextKeyword.setText(SetTextKeyword.groovy:66)
	at com.kms.katalon.core.webui.keyword.builtin.SetTextKeyword.execute(SetTextKeyword.groovy:37)
	at com.kms.katalon.core.keyword.internal.KeywordExecutor.executeKeywordForPlatform(KeywordExecutor.groovy:72)
	at com.kms.katalon.core.webui.keyword.WebUiBuiltInKeywords.setText(WebUiBuiltInKeywords.groovy:976)
	at com.kms.katalon.core.webui.keyword.WebUiBuiltInKeywords$setText$3.call(Unknown Source)
	at Script1554154540305.run(Script1554154540305.groovy:32)
	... 13 more
)
	at com.kms.katalon.core.keyword.internal.KeywordMain.stepFailed(KeywordMain.groovy:39)
	at com.kms.katalon.core.webui.keyword.internal.WebUIKeywordMain.stepFailed(WebUIKeywordMain.groovy:64)
	at com.kms.katalon.core.webui.keyword.internal.WebUIKeywordMain.runKeyword(WebUIKeywordMain.groovy:26)
	at com.kms.katalon.core.webui.keyword.builtin.SetTextKeyword.setText(SetTextKeyword.groovy:66)
	at com.kms.katalon.core.webui.keyword.builtin.SetTextKeyword.execute(SetTextKeyword.groovy:37)
	at com.kms.katalon.core.keyword.internal.KeywordExecutor.executeKeywordForPlatform(KeywordExecutor.groovy:72)
	at com.kms.katalon.core.webui.keyword.WebUiBuiltInKeywords.setText(WebUiBuiltInKeywords.groovy:976)
	at com.kms.katalon.core.webui.keyword.WebUiBuiltInKeywords$setText$3.call(Unknown Source)
	at Sale-ReqFieldsOnly.run(Sale-ReqFieldsOnly:32)
	at com.kms.katalon.core.main.ScriptEngine.run(ScriptEngine.java:194)
	at com.kms.katalon.core.main.ScriptEngine.runScriptAsRawText(ScriptEngine.java:119)
	at com.kms.katalon.core.main.TestCaseExecutor.runScript(TestCaseExecutor.java:337)
	at com.kms.katalon.core.main.TestCaseExecutor.doExecute(TestCaseExecutor.java:328)
	at com.kms.katalon.core.main.TestCaseExecutor.processExecutionPhase(TestCaseExecutor.java:307)
	at com.kms.katalon.core.main.TestCaseExecutor.accessMainPhase(TestCaseExecutor.java:299)
	at com.kms.katalon.core.main.TestCaseExecutor.execute(TestCaseExecutor.java:233)
	at com.kms.katalon.core.main.TestSuiteExecutor.accessTestCaseMainPhase(TestSuiteExecutor.java:169)
	at com.kms.katalon.core.main.TestSuiteExecutor.accessTestSuiteMainPhase(TestSuiteExecutor.java:142)
	at com.kms.katalon.core.main.TestSuiteExecutor.execute(TestSuiteExecutor.java:91)
	at com.kms.katalon.core.main.TestCaseMain.startTestSuite(TestCaseMain.java:157)
	at com.kms.katalon.core.main.TestCaseMain$startTestSuite$0.call(Unknown Source)
	at TempTestSuite1608674252830.run(TempTestSuite1608674252830.groovy:37)
Caused by: com.kms.katalon.core.exception.StepFailedException: Unable to set text '4111111111111111' of object 'Object Repository/Sale Payment Entry/CardNumber'
	... 21 more
Caused by: org.openqa.selenium.ElementNotInteractableException: element not interactable
  (Session info: chrome=87.0.4280.88)
Build info: version: '3.141.59', revision: 'e82be7d358', time: '2018-11-14T08:25:53'
System info: host: 'DESKTOP-B2QI6NS', ip: '10.5.20.29', os.name: 'Windows 10', os.arch: 'amd64', os.version: '10.0', java.version: '1.8.0_181'
Driver info: com.kms.katalon.selenium.driver.CChromeDriver
Capabilities {acceptInsecureCerts: true, browserName: chrome, browserVersion: 87.0.4280.88, chrome: {chromedriverVersion: 87.0.4280.88 (89e2380a3e36c..., userDataDir: C:\Users\iahmed\AppData\Loc...}, goog:chromeOptions: {debuggerAddress: localhost:53722}, javascriptEnabled: true, networkConnectionEnabled: false, pageLoadStrategy: normal, platform: WINDOWS, platformName: WINDOWS, proxy: Proxy(), setWindowRect: true, strictFileInteractability: false, timeouts: {implicit: 0, pageLoad: 300000, script: 30000}, unhandledPromptBehavior: dismiss and notify, webauthn:virtualAuthenticators: true}
Session ID: 3047a110bb643f4106f595934fcf3191
	at org.openqa.selenium.remote.http.W3CHttpResponseCodec.createException(W3CHttpResponseCodec.java:187)
	at org.openqa.selenium.remote.http.W3CHttpResponseCodec.decode(W3CHttpResponseCodec.java:122)
	at org.openqa.selenium.remote.http.W3CHttpResponseCodec.decode(W3CHttpResponseCodec.java:49)
	at org.openqa.selenium.remote.HttpCommandExecutor.execute(HttpCommandExecutor.java:158)
	at org.openqa.selenium.remote.service.DriverCommandExecutor.execute(DriverCommandExecutor.java:83)
	at org.openqa.selenium.remote.RemoteWebDriver.execute(RemoteWebDriver.java:552)
	at com.kms.katalon.selenium.driver.CChromeDriver.execute(CChromeDriver.java:19)
	at org.openqa.selenium.remote.RemoteWebElement.execute(RemoteWebElement.java:285)
	at org.openqa.selenium.remote.RemoteWebElement.clear(RemoteWebElement.java:124)
	at org.openqa.selenium.support.events.EventFiringWebDriver$EventFiringWebElement.lambda$new$0(EventFiringWebDriver.java:404)
	at com.sun.proxy.$Proxy9.clear(Unknown Source)
	at org.openqa.selenium.support.events.EventFiringWebDriver$EventFiringWebElement.clear(EventFiringWebDriver.java:436)
	at com.kms.katalon.core.webui.keyword.builtin.SetTextKeyword$_setText_closure1.doCall(SetTextKeyword.groovy:53)
	at com.kms.katalon.core.webui.keyword.builtin.SetTextKeyword$_setText_closure1.call(SetTextKeyword.groovy)
	at com.kms.katalon.core.webui.keyword.internal.WebUIKeywordMain.runKeyword(WebUIKeywordMain.groovy:20)
	... 19 more]]></system-err>
   </testsuite>
</testsuites>
