<?xml version="1.0" encoding="UTF-8"?>
<testsuites name="QA Smoke Test" time="185.784" tests="1" failures="0" errors="0">
   <testsuite name="QA Smoke Test" tests="1" failures="0" errors="0" time="185.784" timestamp="2020-12-23 23:13:22" hostname="iahmed - DESKTOP-B2QI6NS.govolution.com" id="Test Suites/QA Smoke Test/QA Smoke Test">
      <properties>
         <property name="deviceName" value=""/>
         <property name="devicePlatform" value=""/>
         <property name="logFolder" value="C:\\Users\\iahmed\\Documents\\VPS-Smoke-Version001\\Reports\\20201223_231319\\QA Smoke Test\\QA Smoke Test\\20201223_231319"/>
         <property name="logFiles" value="C:\\Users\\iahmed\\Documents\\VPS-Smoke-Version001\\Reports\\20201223_231319\\QA Smoke Test\\QA Smoke Test\\20201223_231319\\execution0.log"/>
         <property name="attachments" value=""/>
         <property name="hostName" value="iahmed - DESKTOP-B2QI6NS.govolution.com"/>
         <property name="os" value="Windows 10 64bit"/>
         <property name="katalonVersion" value="7.5.10.1"/>
         <property name="browser" value="Chrome 87.0.4280.88"/>
         <property name="hostAddress" value="10.5.20.29"/>
         <property name="sessionId" value="b6ea8f1327974e4ce135f9ad75aef6c1"/>
         <property name="seleniumVersion" value="3.141.59"/>
         <property name="proxyInformation" value="ProxyInformation { proxyOption=NO_PROXY, proxyServerType=HTTP, username=, password=********, proxyServerAddress=, proxyServerPort=0, executionList=\&quot;\&quot;, isApplyToDesiredCapabilities=true }"/>
         <property name="platform" value="Windows 10"/>
      </properties>
      <testcase name="Test Cases/VLink/QA/VLinkSale-Successful" time="185.467" classname="Test Cases/VLink/QA/VLinkSale-Successful" status="PASSED">
         <system-out><![CDATA[2020-12-23 23:13:22 - [TEST_CASE][PASSED] - Test Cases/VLink/QA/VLinkSale-Successful: Test Cases/VLink/QA/VLinkSale-Successful

2020-12-23 23:13:22 - [TEST_STEP][PASSED] - resText = "Fail": null

2020-12-23 23:13:22 - [TEST_STEP][PASSED] - resColumn = "Result": null

2020-12-23 23:13:22 - [TEST_STEP][PASSED] - datCloumn = "Date": null

2020-12-23 23:13:22 - [TEST_STEP][PASSED] - fileLoc = "C:\KatalonData\VLinkCCTestData.xlsx": null

2020-12-23 23:13:22 - [TEST_STEP][PASSED] - nameSheet = "CCSaleData": null

2020-12-23 23:13:22 - [TEST_STEP][PASSED] - numOfRows = findTestData("QA/VLinkTestData/VLinkCCTestData").getRowNumbers(): null

2020-12-23 23:13:23 - [TEST_STEP][PASSED] - println("Number of Records: " + numOfRows): null

2020-12-23 23:13:23 - [TEST_STEP][PASSED] - dataFile = "QA/VLinkTestData/VLinkCCTestData": null

2020-12-23 23:13:23 - [TEST_STEP][PASSED] - for ([row = 1, row <= numOfRows, (row++)]): Browser is closed

2020-12-23 23:13:23 - [TEST_STEP][PASSED] - out.println("Begin Record Number: " + row): null

2020-12-23 23:13:23 - [TEST_STEP][PASSED] - today = new java.util.Date(): null

2020-12-23 23:13:23 - [TEST_STEP][PASSED] - println(today): null

2020-12-23 23:13:23 - [TEST_STEP][PASSED] - datText = today: null

2020-12-23 23:13:23 - [TEST_STEP][PASSED] - openBrowser(VLinkURL + "authcap.html"): Browser is opened with url: 'https://dev-algorithm.govolution.com/vlinktest/QA/version_2_0/authcap.html'

2020-12-23 23:13:24 - [MESSAGE][INFO] - Starting 'Chrome' driver

2020-12-23 23:13:24 - [MESSAGE][INFO] - User set preference: ['acceptInsecureCerts', 'true']

2020-12-23 23:13:24 - [MESSAGE][INFO] - Action delay is set to 0 milliseconds

2020-12-23 23:13:28 - [MESSAGE][PASSED] - Browser is opened with url: 'https://dev-algorithm.govolution.com/vlinktest/QA/version_2_0/authcap.html'

2020-12-23 23:13:28 - [TEST_STEP][PASSED] - maximizeWindow(): Current window maximized

2020-12-23 23:13:29 - [MESSAGE][PASSED] - Current window maximized

2020-12-23 23:13:29 - [TEST_STEP][PASSED] - vlinkPages.saleCCPage.setDataSCC(row, dataFile): vlinkPages.saleCCPage.setDataSCC is PASSED

2020-12-23 23:13:31 - [MESSAGE][PASSED] - Object 'Object Repository/VLink/Page_CCSale/txt_CardNumber' is present

2020-12-23 23:13:31 - [MESSAGE][PASSED] - Object 'Object Repository/VLink/Page_CCSale/txt_TransactionType' is present

2020-12-23 23:13:32 - [MESSAGE][PASSED] - Text '104' is set on object 'Object Repository/VLink/Page_CCSale/txt_TransactionType'

2020-12-23 23:13:32 - [MESSAGE][PASSED] - Object 'Object Repository/VLink/Page_CCSale/txt_MessageVersion' is present

2020-12-23 23:13:33 - [MESSAGE][PASSED] - Text '2.0C' is set on object 'Object Repository/VLink/Page_CCSale/txt_MessageVersion'

2020-12-23 23:13:33 - [MESSAGE][PASSED] - Object 'Object Repository/VLink/Page_CCSale/txt_RemID' is present

2020-12-23 23:13:34 - [MESSAGE][PASSED] - Text 'nPKb09cB3sow' is set on object 'Object Repository/VLink/Page_CCSale/txt_RemID'

2020-12-23 23:13:34 - [MESSAGE][PASSED] - Object 'Object Repository/VLink/Page_CCSale/txt_ApplicationId' is present

2020-12-23 23:13:35 - [MESSAGE][PASSED] - Text '665' is set on object 'Object Repository/VLink/Page_CCSale/txt_ApplicationId'

2020-12-23 23:13:35 - [MESSAGE][PASSED] - Object 'Object Repository/VLink/Page_CCSale/txt_Username' is present

2020-12-23 23:13:35 - [MESSAGE][PASSED] - Text 'username' is set on object 'Object Repository/VLink/Page_CCSale/txt_Username'

2020-12-23 23:13:36 - [MESSAGE][PASSED] - Object 'Object Repository/VLink/Page_CCSale/txt_Password' is present

2020-12-23 23:13:36 - [MESSAGE][PASSED] - Text 'password' is set on object 'Object Repository/VLink/Page_CCSale/txt_Password'

2020-12-23 23:13:37 - [MESSAGE][PASSED] - Object 'Object Repository/VLink/Page_CCSale/txt_ResponseFormat' is present

2020-12-23 23:13:37 - [MESSAGE][PASSED] - Text 'fixed_width' is set on object 'Object Repository/VLink/Page_CCSale/txt_ResponseFormat'

2020-12-23 23:13:38 - [MESSAGE][PASSED] - Object 'Object Repository/VLink/Page_CCSale/txt_Category' is present

2020-12-23 23:13:38 - [MESSAGE][PASSED] - Text 'ECOM' is set on object 'Object Repository/VLink/Page_CCSale/txt_Category'

2020-12-23 23:13:38 - [MESSAGE][PASSED] - Object 'Object Repository/VLink/Page_CCSale/txt_TransactionID' is present

2020-12-23 23:13:39 - [MESSAGE][PASSED] - Text '' is set on object 'Object Repository/VLink/Page_CCSale/txt_TransactionID'

2020-12-23 23:13:39 - [MESSAGE][PASSED] - Object 'Object Repository/VLink/Page_CCSale/txt_ApprovalCode' is present

2020-12-23 23:13:40 - [MESSAGE][PASSED] - Text '' is set on object 'Object Repository/VLink/Page_CCSale/txt_ApprovalCode'

2020-12-23 23:13:40 - [MESSAGE][PASSED] - Object 'Object Repository/VLink/Page_CCSale/txt_CardName' is present

2020-12-23 23:13:41 - [MESSAGE][PASSED] - Text 'Kris Roshan' is set on object 'Object Repository/VLink/Page_CCSale/txt_CardName'

2020-12-23 23:13:41 - [MESSAGE][PASSED] - Object 'Object Repository/VLink/Page_CCSale/txt_AL1' is present

2020-12-23 23:13:42 - [MESSAGE][PASSED] - Text '258 Elm Road' is set on object 'Object Repository/VLink/Page_CCSale/txt_AL1'

2020-12-23 23:13:42 - [MESSAGE][PASSED] - Object 'Object Repository/VLink/Page_CCSale/txt_AL2' is present

2020-12-23 23:13:43 - [MESSAGE][PASSED] - Text 'Suite 56' is set on object 'Object Repository/VLink/Page_CCSale/txt_AL2'

2020-12-23 23:13:43 - [MESSAGE][PASSED] - Object 'Object Repository/VLink/Page_CCSale/txt_CardCity' is present

2020-12-23 23:13:44 - [MESSAGE][PASSED] - Text 'Arlington' is set on object 'Object Repository/VLink/Page_CCSale/txt_CardCity'

2020-12-23 23:13:44 - [MESSAGE][PASSED] - Object 'Object Repository/VLink/Page_CCSale/txt_CardState' is present

2020-12-23 23:13:45 - [MESSAGE][PASSED] - Text 'VA' is set on object 'Object Repository/VLink/Page_CCSale/txt_CardState'

2020-12-23 23:13:45 - [MESSAGE][PASSED] - Object 'Object Repository/VLink/Page_CCSale/txt_CardZIP' is present

2020-12-23 23:13:46 - [MESSAGE][PASSED] - Text '22201' is set on object 'Object Repository/VLink/Page_CCSale/txt_CardZIP'

2020-12-23 23:13:46 - [MESSAGE][PASSED] - Object 'Object Repository/VLink/Page_CCSale/txt_CountryID' is present

2020-12-23 23:13:47 - [MESSAGE][PASSED] - Text '840' is set on object 'Object Repository/VLink/Page_CCSale/txt_CountryID'

2020-12-23 23:13:47 - [MESSAGE][PASSED] - Object 'Object Repository/VLink/Page_CCSale/txt_Amount' is present

2020-12-23 23:13:48 - [MESSAGE][PASSED] - Text '1.50' is set on object 'Object Repository/VLink/Page_CCSale/txt_Amount'

2020-12-23 23:13:48 - [MESSAGE][PASSED] - Object 'Object Repository/VLink/Page_CCSale/txt_CardNumber' is present

2020-12-23 23:13:49 - [MESSAGE][PASSED] - Text '4111111111111111' is set on object 'Object Repository/VLink/Page_CCSale/txt_CardNumber'

2020-12-23 23:13:49 - [MESSAGE][PASSED] - Object 'Object Repository/VLink/Page_CCSale/txt_ExpMonth' is present

2020-12-23 23:13:50 - [MESSAGE][PASSED] - Text '12' is set on object 'Object Repository/VLink/Page_CCSale/txt_ExpMonth'

2020-12-23 23:13:50 - [MESSAGE][PASSED] - Object 'Object Repository/VLink/Page_CCSale/txt_ExpYear' is present

2020-12-23 23:13:51 - [MESSAGE][PASSED] - Text '2025' is set on object 'Object Repository/VLink/Page_CCSale/txt_ExpYear'

2020-12-23 23:13:51 - [MESSAGE][PASSED] - Object 'Object Repository/VLink/Page_CCSale/txt_CVV' is present

2020-12-23 23:13:52 - [MESSAGE][PASSED] - Text '' is set on object 'Object Repository/VLink/Page_CCSale/txt_CVV'

2020-12-23 23:13:52 - [MESSAGE][PASSED] - Object 'Object Repository/VLink/Page_CCSale/txt_CVVstate' is present

2020-12-23 23:13:53 - [MESSAGE][PASSED] - Text '' is set on object 'Object Repository/VLink/Page_CCSale/txt_CVVstate'

2020-12-23 23:13:53 - [MESSAGE][PASSED] - Object 'Object Repository/VLink/Page_CCSale/txt_TrackData' is present

2020-12-23 23:13:54 - [MESSAGE][PASSED] - Text '' is set on object 'Object Repository/VLink/Page_CCSale/txt_TrackData'

2020-12-23 23:13:54 - [MESSAGE][PASSED] - Object 'Object Repository/VLink/Page_CCSale/txt_Track1Data' is present

2020-12-23 23:13:55 - [MESSAGE][PASSED] - Text '' is set on object 'Object Repository/VLink/Page_CCSale/txt_Track1Data'

2020-12-23 23:13:55 - [MESSAGE][PASSED] - Object 'Object Repository/VLink/Page_CCSale/txt_Track2Data' is present

2020-12-23 23:13:56 - [MESSAGE][PASSED] - Text '' is set on object 'Object Repository/VLink/Page_CCSale/txt_Track2Data'

2020-12-23 23:13:56 - [MESSAGE][PASSED] - Object 'Object Repository/VLink/Page_CCSale/txt_POSEntryMode' is present

2020-12-23 23:13:57 - [MESSAGE][PASSED] - Text 'manual' is set on object 'Object Repository/VLink/Page_CCSale/txt_POSEntryMode'

2020-12-23 23:13:57 - [MESSAGE][PASSED] - Object 'Object Repository/VLink/Page_CCSale/txt_Email' is present

2020-12-23 23:13:58 - [MESSAGE][PASSED] - Text 'iahmed@govolution.com' is set on object 'Object Repository/VLink/Page_CCSale/txt_Email'

2020-12-23 23:13:58 - [MESSAGE][PASSED] - Object 'Object Repository/VLink/Page_CCSale/txt_OrderNumber' is present

2020-12-23 23:13:58 - [MESSAGE][PASSED] - Text '2569362' is set on object 'Object Repository/VLink/Page_CCSale/txt_OrderNumber'

2020-12-23 23:13:59 - [MESSAGE][PASSED] - Object 'Object Repository/VLink/Page_CCSale/txt_TaxAmount' is present

2020-12-23 23:13:59 - [MESSAGE][PASSED] - Text '1.15' is set on object 'Object Repository/VLink/Page_CCSale/txt_TaxAmount'

2020-12-23 23:14:00 - [MESSAGE][PASSED] - Object 'Object Repository/VLink/Page_CCSale/txt_ChargeDescription' is present

2020-12-23 23:14:00 - [MESSAGE][PASSED] - Text 'Charge Description' is set on object 'Object Repository/VLink/Page_CCSale/txt_ChargeDescription'

2020-12-23 23:14:01 - [MESSAGE][PASSED] - Object 'Object Repository/VLink/Page_CCSale/txt_CAN' is present

2020-12-23 23:14:01 - [MESSAGE][PASSED] - Text '147357' is set on object 'Object Repository/VLink/Page_CCSale/txt_CAN'

2020-12-23 23:14:02 - [MESSAGE][PASSED] - Object 'Object Repository/VLink/Page_CCSale/txt_BillPaymentIndicator' is present

2020-12-23 23:14:02 - [MESSAGE][PASSED] - Text '1' is set on object 'Object Repository/VLink/Page_CCSale/txt_BillPaymentIndicator'

2020-12-23 23:14:03 - [MESSAGE][PASSED] - Object 'Object Repository/VLink/Page_CCSale/txt_UDF1' is present

2020-12-23 23:14:03 - [MESSAGE][PASSED] - Text 'UDF Data 1' is set on object 'Object Repository/VLink/Page_CCSale/txt_UDF1'

2020-12-23 23:14:04 - [MESSAGE][PASSED] - Object 'Object Repository/VLink/Page_CCSale/txt_UDF2' is present

2020-12-23 23:14:04 - [MESSAGE][PASSED] - Text 'UDF Data 2' is set on object 'Object Repository/VLink/Page_CCSale/txt_UDF2'

2020-12-23 23:14:05 - [MESSAGE][PASSED] - Object 'Object Repository/VLink/Page_CCSale/txt_UDF3' is present

2020-12-23 23:14:05 - [MESSAGE][PASSED] - Text 'UDF Data 3' is set on object 'Object Repository/VLink/Page_CCSale/txt_UDF3'

2020-12-23 23:14:06 - [MESSAGE][PASSED] - Object 'Object Repository/VLink/Page_CCSale/txt_UDF4' is present

2020-12-23 23:14:06 - [MESSAGE][PASSED] - Text 'UDF Data 4' is set on object 'Object Repository/VLink/Page_CCSale/txt_UDF4'

2020-12-23 23:14:07 - [MESSAGE][PASSED] - Object 'Object Repository/VLink/Page_CCSale/txt_UDF5' is present

2020-12-23 23:14:07 - [MESSAGE][PASSED] - Text 'UDF Data 5' is set on object 'Object Repository/VLink/Page_CCSale/txt_UDF5'

2020-12-23 23:14:08 - [MESSAGE][PASSED] - Object 'Object Repository/VLink/Page_CCSale/txt_UDF6' is present

2020-12-23 23:14:08 - [MESSAGE][PASSED] - Text 'UDF Data 6' is set on object 'Object Repository/VLink/Page_CCSale/txt_UDF6'

2020-12-23 23:14:09 - [MESSAGE][PASSED] - Object 'Object Repository/VLink/Page_CCSale/txt_UDF7' is present

2020-12-23 23:14:09 - [MESSAGE][PASSED] - Text 'UDF Data 7' is set on object 'Object Repository/VLink/Page_CCSale/txt_UDF7'

2020-12-23 23:14:10 - [MESSAGE][PASSED] - Object 'Object Repository/VLink/Page_CCSale/txt_UDF8' is present

2020-12-23 23:14:10 - [MESSAGE][PASSED] - Text 'UDF Data 8' is set on object 'Object Repository/VLink/Page_CCSale/txt_UDF8'

2020-12-23 23:14:11 - [MESSAGE][PASSED] - Object 'Object Repository/VLink/Page_CCSale/txt_UDF9' is present

2020-12-23 23:14:11 - [MESSAGE][PASSED] - Text 'UDF Data 9' is set on object 'Object Repository/VLink/Page_CCSale/txt_UDF9'

2020-12-23 23:14:12 - [MESSAGE][PASSED] - Object 'Object Repository/VLink/Page_CCSale/txt_UDF10' is present

2020-12-23 23:14:12 - [MESSAGE][PASSED] - Text 'UDF Data 10' is set on object 'Object Repository/VLink/Page_CCSale/txt_UDF10'

2020-12-23 23:14:13 - [MESSAGE][PASSED] - Object 'Object Repository/VLink/Page_CCSale/txt_CardOnFileIndicator' is present

2020-12-23 23:14:13 - [MESSAGE][PASSED] - Text '' is set on object 'Object Repository/VLink/Page_CCSale/txt_CardOnFileIndicator'

2020-12-23 23:14:14 - [MESSAGE][PASSED] - Object 'Object Repository/VLink/Page_CCSale/txt_StoredCredentialIndicator' is present

2020-12-23 23:14:14 - [MESSAGE][PASSED] - Text '' is set on object 'Object Repository/VLink/Page_CCSale/txt_StoredCredentialIndicator'

2020-12-23 23:14:15 - [MESSAGE][PASSED] - Object 'Object Repository/VLink/Page_CCSale/txt_COFScheduledIndicator' is present

2020-12-23 23:14:15 - [MESSAGE][PASSED] - Text '' is set on object 'Object Repository/VLink/Page_CCSale/txt_COFScheduledIndicator'

2020-12-23 23:14:16 - [MESSAGE][PASSED] - Object 'Object Repository/VLink/Page_CCSale/txt_COFTransactionInitiatedBy' is present

2020-12-23 23:14:16 - [MESSAGE][PASSED] - Text '' is set on object 'Object Repository/VLink/Page_CCSale/txt_COFTransactionInitiatedBy'

2020-12-23 23:14:19 - [MESSAGE][PASSED] - Object: 'Object Repository/VLink/Page_CCSale/btn_ProcessVLinkTransaction' is clicked on

2020-12-23 23:14:24 - [MESSAGE][PASSED] - vlinkPages.saleCCPage.setDataSCC is PASSED

2020-12-23 23:14:24 - [TEST_STEP][PASSED] - if (verifyTextPresent("Transaction approved, no errors", true)): null

2020-12-23 23:14:25 - [MESSAGE][PASSED] - Text 'Transaction approved, no errors' is present on page  using regular expression

2020-12-23 23:14:25 - [TEST_STEP][PASSED] - println("Transaction Approved, no errors text is present on the Confirmation page"): null

2020-12-23 23:14:25 - [TEST_STEP][PASSED] - out.println("Pass Record Number: " + row): null

2020-12-23 23:14:25 - [TEST_STEP][PASSED] - resText = "Pass": null

2020-12-23 23:14:25 - [TEST_STEP][PASSED] - pages.WriteExcel.demoKey(resText, datText, resColumn, datCloumn, fileLoc, nameSheet, row): pages.WriteExcel.demoKey is PASSED

2020-12-23 23:14:25 - [MESSAGE][PASSED] - pages.WriteExcel.demoKey is PASSED

2020-12-23 23:14:25 - [TEST_STEP][PASSED] - sdfo = getText(findTestObject("Object Repository/Page_VLinkReceipt/pre_STX")): Text of object 'Object Repository/Page_VLinkReceipt/pre_STX' is: '<STX>nPKb09cB3sow                  12088037            0  Transaction approved, no errors                   0                                                                                  XXOK2300   <ETX>'

2020-12-23 23:14:25 - [MESSAGE][PASSED] - Text of object 'Object Repository/Page_VLinkReceipt/pre_STX' is: '<STX>nPKb09cB3sow                  12088037            0  Transaction approved, no errors                   0                                                                                  XXOK2300   <ETX>'

2020-12-23 23:14:25 - [TEST_STEP][PASSED] - out.println("sdfo: " + sdfo): null

2020-12-23 23:14:25 - [TEST_STEP][PASSED] - remID = substring(5, 35).trim(): null

2020-12-23 23:14:25 - [TEST_STEP][PASSED] - out.println("Remittance ID: " + remID): null

2020-12-23 23:14:25 - [TEST_STEP][PASSED] - traxID = substring(35, 55).trim(): null

2020-12-23 23:14:25 - [TEST_STEP][PASSED] - out.println("Transaction ID: " + traxID): null

2020-12-23 23:14:25 - [TEST_STEP][PASSED] - out.println("End Record Number: " + row): null

2020-12-23 23:14:25 - [TEST_STEP][PASSED] - closeBrowser(): Browser is closed

2020-12-23 23:14:26 - [MESSAGE][PASSED] - Browser is closed

2020-12-23 23:14:26 - [TEST_STEP][PASSED] - out.println("Begin Record Number: " + row): null

2020-12-23 23:14:26 - [TEST_STEP][PASSED] - today = new java.util.Date(): null

2020-12-23 23:14:26 - [TEST_STEP][PASSED] - println(today): null

2020-12-23 23:14:26 - [TEST_STEP][PASSED] - datText = today: null

2020-12-23 23:14:26 - [TEST_STEP][PASSED] - openBrowser(VLinkURL + "authcap.html"): Browser is opened with url: 'https://dev-algorithm.govolution.com/vlinktest/QA/version_2_0/authcap.html'

2020-12-23 23:14:26 - [MESSAGE][INFO] - Starting 'Chrome' driver

2020-12-23 23:14:26 - [MESSAGE][INFO] - User set preference: ['acceptInsecureCerts', 'true']

2020-12-23 23:14:26 - [MESSAGE][INFO] - Action delay is set to 0 milliseconds

2020-12-23 23:14:30 - [MESSAGE][PASSED] - Browser is opened with url: 'https://dev-algorithm.govolution.com/vlinktest/QA/version_2_0/authcap.html'

2020-12-23 23:14:30 - [TEST_STEP][PASSED] - maximizeWindow(): Current window maximized

2020-12-23 23:14:30 - [MESSAGE][PASSED] - Current window maximized

2020-12-23 23:14:30 - [TEST_STEP][PASSED] - vlinkPages.saleCCPage.setDataSCC(row, dataFile): vlinkPages.saleCCPage.setDataSCC is PASSED

2020-12-23 23:14:32 - [MESSAGE][PASSED] - Object 'Object Repository/VLink/Page_CCSale/txt_CardNumber' is present

2020-12-23 23:14:32 - [MESSAGE][PASSED] - Object 'Object Repository/VLink/Page_CCSale/txt_TransactionType' is present

2020-12-23 23:14:33 - [MESSAGE][PASSED] - Text '104' is set on object 'Object Repository/VLink/Page_CCSale/txt_TransactionType'

2020-12-23 23:14:33 - [MESSAGE][PASSED] - Object 'Object Repository/VLink/Page_CCSale/txt_MessageVersion' is present

2020-12-23 23:14:33 - [MESSAGE][PASSED] - Text '2.0C' is set on object 'Object Repository/VLink/Page_CCSale/txt_MessageVersion'

2020-12-23 23:14:34 - [MESSAGE][PASSED] - Object 'Object Repository/VLink/Page_CCSale/txt_RemID' is present

2020-12-23 23:14:34 - [MESSAGE][PASSED] - Text 'xsxLiOiXa29p' is set on object 'Object Repository/VLink/Page_CCSale/txt_RemID'

2020-12-23 23:14:35 - [MESSAGE][PASSED] - Object 'Object Repository/VLink/Page_CCSale/txt_ApplicationId' is present

2020-12-23 23:14:35 - [MESSAGE][PASSED] - Text '672' is set on object 'Object Repository/VLink/Page_CCSale/txt_ApplicationId'

2020-12-23 23:14:35 - [MESSAGE][PASSED] - Object 'Object Repository/VLink/Page_CCSale/txt_Username' is present

2020-12-23 23:14:36 - [MESSAGE][PASSED] - Text 'username' is set on object 'Object Repository/VLink/Page_CCSale/txt_Username'

2020-12-23 23:14:36 - [MESSAGE][PASSED] - Object 'Object Repository/VLink/Page_CCSale/txt_Password' is present

2020-12-23 23:14:37 - [MESSAGE][PASSED] - Text 'password' is set on object 'Object Repository/VLink/Page_CCSale/txt_Password'

2020-12-23 23:14:37 - [MESSAGE][PASSED] - Object 'Object Repository/VLink/Page_CCSale/txt_ResponseFormat' is present

2020-12-23 23:14:38 - [MESSAGE][PASSED] - Text 'fixed_width' is set on object 'Object Repository/VLink/Page_CCSale/txt_ResponseFormat'

2020-12-23 23:14:38 - [MESSAGE][PASSED] - Object 'Object Repository/VLink/Page_CCSale/txt_Category' is present

2020-12-23 23:14:39 - [MESSAGE][PASSED] - Text 'ECOM' is set on object 'Object Repository/VLink/Page_CCSale/txt_Category'

2020-12-23 23:14:39 - [MESSAGE][PASSED] - Object 'Object Repository/VLink/Page_CCSale/txt_TransactionID' is present

2020-12-23 23:14:40 - [MESSAGE][PASSED] - Text '' is set on object 'Object Repository/VLink/Page_CCSale/txt_TransactionID'

2020-12-23 23:14:40 - [MESSAGE][PASSED] - Object 'Object Repository/VLink/Page_CCSale/txt_ApprovalCode' is present

2020-12-23 23:14:41 - [MESSAGE][PASSED] - Text '' is set on object 'Object Repository/VLink/Page_CCSale/txt_ApprovalCode'

2020-12-23 23:14:41 - [MESSAGE][PASSED] - Object 'Object Repository/VLink/Page_CCSale/txt_CardName' is present

2020-12-23 23:14:42 - [MESSAGE][PASSED] - Text 'Arvind Silva' is set on object 'Object Repository/VLink/Page_CCSale/txt_CardName'

2020-12-23 23:14:42 - [MESSAGE][PASSED] - Object 'Object Repository/VLink/Page_CCSale/txt_AL1' is present

2020-12-23 23:14:43 - [MESSAGE][PASSED] - Text '111 Main Ave' is set on object 'Object Repository/VLink/Page_CCSale/txt_AL1'

2020-12-23 23:14:43 - [MESSAGE][PASSED] - Object 'Object Repository/VLink/Page_CCSale/txt_AL2' is present

2020-12-23 23:14:44 - [MESSAGE][PASSED] - Text '' is set on object 'Object Repository/VLink/Page_CCSale/txt_AL2'

2020-12-23 23:14:44 - [MESSAGE][PASSED] - Object 'Object Repository/VLink/Page_CCSale/txt_CardCity' is present

2020-12-23 23:14:45 - [MESSAGE][PASSED] - Text 'Arlington' is set on object 'Object Repository/VLink/Page_CCSale/txt_CardCity'

2020-12-23 23:14:45 - [MESSAGE][PASSED] - Object 'Object Repository/VLink/Page_CCSale/txt_CardState' is present

2020-12-23 23:14:46 - [MESSAGE][PASSED] - Text 'VA' is set on object 'Object Repository/VLink/Page_CCSale/txt_CardState'

2020-12-23 23:14:46 - [MESSAGE][PASSED] - Object 'Object Repository/VLink/Page_CCSale/txt_CardZIP' is present

2020-12-23 23:14:47 - [MESSAGE][PASSED] - Text '22201' is set on object 'Object Repository/VLink/Page_CCSale/txt_CardZIP'

2020-12-23 23:14:47 - [MESSAGE][PASSED] - Object 'Object Repository/VLink/Page_CCSale/txt_CountryID' is present

2020-12-23 23:14:48 - [MESSAGE][PASSED] - Text '' is set on object 'Object Repository/VLink/Page_CCSale/txt_CountryID'

2020-12-23 23:14:48 - [MESSAGE][PASSED] - Object 'Object Repository/VLink/Page_CCSale/txt_Amount' is present

2020-12-23 23:14:49 - [MESSAGE][PASSED] - Text '2.50' is set on object 'Object Repository/VLink/Page_CCSale/txt_Amount'

2020-12-23 23:14:49 - [MESSAGE][PASSED] - Object 'Object Repository/VLink/Page_CCSale/txt_CardNumber' is present

2020-12-23 23:14:50 - [MESSAGE][PASSED] - Text '4111111111111111' is set on object 'Object Repository/VLink/Page_CCSale/txt_CardNumber'

2020-12-23 23:14:50 - [MESSAGE][PASSED] - Object 'Object Repository/VLink/Page_CCSale/txt_ExpMonth' is present

2020-12-23 23:14:51 - [MESSAGE][PASSED] - Text '01' is set on object 'Object Repository/VLink/Page_CCSale/txt_ExpMonth'

2020-12-23 23:14:51 - [MESSAGE][PASSED] - Object 'Object Repository/VLink/Page_CCSale/txt_ExpYear' is present

2020-12-23 23:14:52 - [MESSAGE][PASSED] - Text '2026' is set on object 'Object Repository/VLink/Page_CCSale/txt_ExpYear'

2020-12-23 23:14:52 - [MESSAGE][PASSED] - Object 'Object Repository/VLink/Page_CCSale/txt_CVV' is present

2020-12-23 23:14:53 - [MESSAGE][PASSED] - Text '' is set on object 'Object Repository/VLink/Page_CCSale/txt_CVV'

2020-12-23 23:14:53 - [MESSAGE][PASSED] - Object 'Object Repository/VLink/Page_CCSale/txt_CVVstate' is present

2020-12-23 23:14:53 - [MESSAGE][PASSED] - Text '' is set on object 'Object Repository/VLink/Page_CCSale/txt_CVVstate'

2020-12-23 23:14:54 - [MESSAGE][PASSED] - Object 'Object Repository/VLink/Page_CCSale/txt_TrackData' is present

2020-12-23 23:14:54 - [MESSAGE][PASSED] - Text '' is set on object 'Object Repository/VLink/Page_CCSale/txt_TrackData'

2020-12-23 23:14:55 - [MESSAGE][PASSED] - Object 'Object Repository/VLink/Page_CCSale/txt_Track1Data' is present

2020-12-23 23:14:55 - [MESSAGE][PASSED] - Text '' is set on object 'Object Repository/VLink/Page_CCSale/txt_Track1Data'

2020-12-23 23:14:56 - [MESSAGE][PASSED] - Object 'Object Repository/VLink/Page_CCSale/txt_Track2Data' is present

2020-12-23 23:14:56 - [MESSAGE][PASSED] - Text '' is set on object 'Object Repository/VLink/Page_CCSale/txt_Track2Data'

2020-12-23 23:14:57 - [MESSAGE][PASSED] - Object 'Object Repository/VLink/Page_CCSale/txt_POSEntryMode' is present

2020-12-23 23:14:57 - [MESSAGE][PASSED] - Text 'manual' is set on object 'Object Repository/VLink/Page_CCSale/txt_POSEntryMode'

2020-12-23 23:14:58 - [MESSAGE][PASSED] - Object 'Object Repository/VLink/Page_CCSale/txt_Email' is present

2020-12-23 23:14:58 - [MESSAGE][PASSED] - Text '' is set on object 'Object Repository/VLink/Page_CCSale/txt_Email'

2020-12-23 23:14:59 - [MESSAGE][PASSED] - Object 'Object Repository/VLink/Page_CCSale/txt_OrderNumber' is present

2020-12-23 23:14:59 - [MESSAGE][PASSED] - Text '' is set on object 'Object Repository/VLink/Page_CCSale/txt_OrderNumber'

2020-12-23 23:15:00 - [MESSAGE][PASSED] - Object 'Object Repository/VLink/Page_CCSale/txt_TaxAmount' is present

2020-12-23 23:15:00 - [MESSAGE][PASSED] - Text '' is set on object 'Object Repository/VLink/Page_CCSale/txt_TaxAmount'

2020-12-23 23:15:01 - [MESSAGE][PASSED] - Object 'Object Repository/VLink/Page_CCSale/txt_ChargeDescription' is present

2020-12-23 23:15:01 - [MESSAGE][PASSED] - Text '' is set on object 'Object Repository/VLink/Page_CCSale/txt_ChargeDescription'

2020-12-23 23:15:02 - [MESSAGE][PASSED] - Object 'Object Repository/VLink/Page_CCSale/txt_CAN' is present

2020-12-23 23:15:02 - [MESSAGE][PASSED] - Text '' is set on object 'Object Repository/VLink/Page_CCSale/txt_CAN'

2020-12-23 23:15:03 - [MESSAGE][PASSED] - Object 'Object Repository/VLink/Page_CCSale/txt_BillPaymentIndicator' is present

2020-12-23 23:15:03 - [MESSAGE][PASSED] - Text '' is set on object 'Object Repository/VLink/Page_CCSale/txt_BillPaymentIndicator'

2020-12-23 23:15:04 - [MESSAGE][PASSED] - Object 'Object Repository/VLink/Page_CCSale/txt_UDF1' is present

2020-12-23 23:15:04 - [MESSAGE][PASSED] - Text '' is set on object 'Object Repository/VLink/Page_CCSale/txt_UDF1'

2020-12-23 23:15:05 - [MESSAGE][PASSED] - Object 'Object Repository/VLink/Page_CCSale/txt_UDF2' is present

2020-12-23 23:15:05 - [MESSAGE][PASSED] - Text '' is set on object 'Object Repository/VLink/Page_CCSale/txt_UDF2'

2020-12-23 23:15:06 - [MESSAGE][PASSED] - Object 'Object Repository/VLink/Page_CCSale/txt_UDF3' is present

2020-12-23 23:15:06 - [MESSAGE][PASSED] - Text '' is set on object 'Object Repository/VLink/Page_CCSale/txt_UDF3'

2020-12-23 23:15:07 - [MESSAGE][PASSED] - Object 'Object Repository/VLink/Page_CCSale/txt_UDF4' is present

2020-12-23 23:15:07 - [MESSAGE][PASSED] - Text '' is set on object 'Object Repository/VLink/Page_CCSale/txt_UDF4'

2020-12-23 23:15:08 - [MESSAGE][PASSED] - Object 'Object Repository/VLink/Page_CCSale/txt_UDF5' is present

2020-12-23 23:15:08 - [MESSAGE][PASSED] - Text '' is set on object 'Object Repository/VLink/Page_CCSale/txt_UDF5'

2020-12-23 23:15:08 - [MESSAGE][PASSED] - Object 'Object Repository/VLink/Page_CCSale/txt_UDF6' is present

2020-12-23 23:15:09 - [MESSAGE][PASSED] - Text '' is set on object 'Object Repository/VLink/Page_CCSale/txt_UDF6'

2020-12-23 23:15:09 - [MESSAGE][PASSED] - Object 'Object Repository/VLink/Page_CCSale/txt_UDF7' is present

2020-12-23 23:15:10 - [MESSAGE][PASSED] - Text '' is set on object 'Object Repository/VLink/Page_CCSale/txt_UDF7'

2020-12-23 23:15:10 - [MESSAGE][PASSED] - Object 'Object Repository/VLink/Page_CCSale/txt_UDF8' is present

2020-12-23 23:15:11 - [MESSAGE][PASSED] - Text '' is set on object 'Object Repository/VLink/Page_CCSale/txt_UDF8'

2020-12-23 23:15:11 - [MESSAGE][PASSED] - Object 'Object Repository/VLink/Page_CCSale/txt_UDF9' is present

2020-12-23 23:15:12 - [MESSAGE][PASSED] - Text '' is set on object 'Object Repository/VLink/Page_CCSale/txt_UDF9'

2020-12-23 23:15:12 - [MESSAGE][PASSED] - Object 'Object Repository/VLink/Page_CCSale/txt_UDF10' is present

2020-12-23 23:15:13 - [MESSAGE][PASSED] - Text '' is set on object 'Object Repository/VLink/Page_CCSale/txt_UDF10'

2020-12-23 23:15:13 - [MESSAGE][PASSED] - Object 'Object Repository/VLink/Page_CCSale/txt_CardOnFileIndicator' is present

2020-12-23 23:15:14 - [MESSAGE][PASSED] - Text '' is set on object 'Object Repository/VLink/Page_CCSale/txt_CardOnFileIndicator'

2020-12-23 23:15:14 - [MESSAGE][PASSED] - Object 'Object Repository/VLink/Page_CCSale/txt_StoredCredentialIndicator' is present

2020-12-23 23:15:15 - [MESSAGE][PASSED] - Text '' is set on object 'Object Repository/VLink/Page_CCSale/txt_StoredCredentialIndicator'

2020-12-23 23:15:15 - [MESSAGE][PASSED] - Object 'Object Repository/VLink/Page_CCSale/txt_COFScheduledIndicator' is present

2020-12-23 23:15:16 - [MESSAGE][PASSED] - Text '' is set on object 'Object Repository/VLink/Page_CCSale/txt_COFScheduledIndicator'

2020-12-23 23:15:16 - [MESSAGE][PASSED] - Object 'Object Repository/VLink/Page_CCSale/txt_COFTransactionInitiatedBy' is present

2020-12-23 23:15:17 - [MESSAGE][PASSED] - Text '' is set on object 'Object Repository/VLink/Page_CCSale/txt_COFTransactionInitiatedBy'

2020-12-23 23:15:20 - [MESSAGE][PASSED] - Object: 'Object Repository/VLink/Page_CCSale/btn_ProcessVLinkTransaction' is clicked on

2020-12-23 23:15:25 - [MESSAGE][PASSED] - vlinkPages.saleCCPage.setDataSCC is PASSED

2020-12-23 23:15:25 - [TEST_STEP][PASSED] - if (verifyTextPresent("Transaction approved, no errors", true)): null

2020-12-23 23:15:25 - [MESSAGE][PASSED] - Text 'Transaction approved, no errors' is present on page  using regular expression

2020-12-23 23:15:25 - [TEST_STEP][PASSED] - println("Transaction Approved, no errors text is present on the Confirmation page"): null

2020-12-23 23:15:25 - [TEST_STEP][PASSED] - out.println("Pass Record Number: " + row): null

2020-12-23 23:15:25 - [TEST_STEP][PASSED] - resText = "Pass": null

2020-12-23 23:15:25 - [TEST_STEP][PASSED] - pages.WriteExcel.demoKey(resText, datText, resColumn, datCloumn, fileLoc, nameSheet, row): pages.WriteExcel.demoKey is PASSED

2020-12-23 23:15:25 - [MESSAGE][PASSED] - pages.WriteExcel.demoKey is PASSED

2020-12-23 23:15:25 - [TEST_STEP][PASSED] - sdfo = getText(findTestObject("Object Repository/Page_VLinkReceipt/pre_STX")): Text of object 'Object Repository/Page_VLinkReceipt/pre_STX' is: '<STX>xsxLiOiXa29p                  12088038            0  Transaction approved, no errors                   0                                                                                  XXOK2370   <ETX>'

2020-12-23 23:15:25 - [MESSAGE][PASSED] - Text of object 'Object Repository/Page_VLinkReceipt/pre_STX' is: '<STX>xsxLiOiXa29p                  12088038            0  Transaction approved, no errors                   0                                                                                  XXOK2370   <ETX>'

2020-12-23 23:15:25 - [TEST_STEP][PASSED] - out.println("sdfo: " + sdfo): null

2020-12-23 23:15:25 - [TEST_STEP][PASSED] - remID = substring(5, 35).trim(): null

2020-12-23 23:15:25 - [TEST_STEP][PASSED] - out.println("Remittance ID: " + remID): null

2020-12-23 23:15:25 - [TEST_STEP][PASSED] - traxID = substring(35, 55).trim(): null

2020-12-23 23:15:25 - [TEST_STEP][PASSED] - out.println("Transaction ID: " + traxID): null

2020-12-23 23:15:25 - [TEST_STEP][PASSED] - out.println("End Record Number: " + row): null

2020-12-23 23:15:25 - [TEST_STEP][PASSED] - closeBrowser(): Browser is closed

2020-12-23 23:15:26 - [MESSAGE][PASSED] - Browser is closed

2020-12-23 23:15:26 - [TEST_STEP][PASSED] - out.println("Begin Record Number: " + row): null

2020-12-23 23:15:26 - [TEST_STEP][PASSED] - today = new java.util.Date(): null

2020-12-23 23:15:26 - [TEST_STEP][PASSED] - println(today): null

2020-12-23 23:15:26 - [TEST_STEP][PASSED] - datText = today: null

2020-12-23 23:15:26 - [TEST_STEP][PASSED] - openBrowser(VLinkURL + "authcap.html"): Browser is opened with url: 'https://dev-algorithm.govolution.com/vlinktest/QA/version_2_0/authcap.html'

2020-12-23 23:15:26 - [MESSAGE][INFO] - Starting 'Chrome' driver

2020-12-23 23:15:26 - [MESSAGE][INFO] - User set preference: ['acceptInsecureCerts', 'true']

2020-12-23 23:15:26 - [MESSAGE][INFO] - Action delay is set to 0 milliseconds

2020-12-23 23:15:30 - [MESSAGE][PASSED] - Browser is opened with url: 'https://dev-algorithm.govolution.com/vlinktest/QA/version_2_0/authcap.html'

2020-12-23 23:15:30 - [TEST_STEP][PASSED] - maximizeWindow(): Current window maximized

2020-12-23 23:15:30 - [MESSAGE][PASSED] - Current window maximized

2020-12-23 23:15:30 - [TEST_STEP][PASSED] - vlinkPages.saleCCPage.setDataSCC(row, dataFile): vlinkPages.saleCCPage.setDataSCC is PASSED

2020-12-23 23:15:31 - [MESSAGE][PASSED] - Object 'Object Repository/VLink/Page_CCSale/txt_CardNumber' is present

2020-12-23 23:15:32 - [MESSAGE][PASSED] - Object 'Object Repository/VLink/Page_CCSale/txt_TransactionType' is present

2020-12-23 23:15:32 - [MESSAGE][PASSED] - Text '104' is set on object 'Object Repository/VLink/Page_CCSale/txt_TransactionType'

2020-12-23 23:15:33 - [MESSAGE][PASSED] - Object 'Object Repository/VLink/Page_CCSale/txt_MessageVersion' is present

2020-12-23 23:15:33 - [MESSAGE][PASSED] - Text '2.0C' is set on object 'Object Repository/VLink/Page_CCSale/txt_MessageVersion'

2020-12-23 23:15:34 - [MESSAGE][PASSED] - Object 'Object Repository/VLink/Page_CCSale/txt_RemID' is present

2020-12-23 23:15:34 - [MESSAGE][PASSED] - Text 'Zd2FxyD4lrUy' is set on object 'Object Repository/VLink/Page_CCSale/txt_RemID'

2020-12-23 23:15:34 - [MESSAGE][PASSED] - Object 'Object Repository/VLink/Page_CCSale/txt_ApplicationId' is present

2020-12-23 23:15:35 - [MESSAGE][PASSED] - Text '677' is set on object 'Object Repository/VLink/Page_CCSale/txt_ApplicationId'

2020-12-23 23:15:35 - [MESSAGE][PASSED] - Object 'Object Repository/VLink/Page_CCSale/txt_Username' is present

2020-12-23 23:15:36 - [MESSAGE][PASSED] - Text 'username' is set on object 'Object Repository/VLink/Page_CCSale/txt_Username'

2020-12-23 23:15:36 - [MESSAGE][PASSED] - Object 'Object Repository/VLink/Page_CCSale/txt_Password' is present

2020-12-23 23:15:37 - [MESSAGE][PASSED] - Text 'password' is set on object 'Object Repository/VLink/Page_CCSale/txt_Password'

2020-12-23 23:15:37 - [MESSAGE][PASSED] - Object 'Object Repository/VLink/Page_CCSale/txt_ResponseFormat' is present

2020-12-23 23:15:38 - [MESSAGE][PASSED] - Text 'fixed_width' is set on object 'Object Repository/VLink/Page_CCSale/txt_ResponseFormat'

2020-12-23 23:15:38 - [MESSAGE][PASSED] - Object 'Object Repository/VLink/Page_CCSale/txt_Category' is present

2020-12-23 23:15:39 - [MESSAGE][PASSED] - Text 'ECOM' is set on object 'Object Repository/VLink/Page_CCSale/txt_Category'

2020-12-23 23:15:39 - [MESSAGE][PASSED] - Object 'Object Repository/VLink/Page_CCSale/txt_TransactionID' is present

2020-12-23 23:15:40 - [MESSAGE][PASSED] - Text '' is set on object 'Object Repository/VLink/Page_CCSale/txt_TransactionID'

2020-12-23 23:15:40 - [MESSAGE][PASSED] - Object 'Object Repository/VLink/Page_CCSale/txt_ApprovalCode' is present

2020-12-23 23:15:41 - [MESSAGE][PASSED] - Text '' is set on object 'Object Repository/VLink/Page_CCSale/txt_ApprovalCode'

2020-12-23 23:15:41 - [MESSAGE][PASSED] - Object 'Object Repository/VLink/Page_CCSale/txt_CardName' is present

2020-12-23 23:15:42 - [MESSAGE][PASSED] - Text 'Roshan Maha' is set on object 'Object Repository/VLink/Page_CCSale/txt_CardName'

2020-12-23 23:15:42 - [MESSAGE][PASSED] - Object 'Object Repository/VLink/Page_CCSale/txt_AL1' is present

2020-12-23 23:15:43 - [MESSAGE][PASSED] - Text '12563 Bazaar road' is set on object 'Object Repository/VLink/Page_CCSale/txt_AL1'

2020-12-23 23:15:43 - [MESSAGE][PASSED] - Object 'Object Repository/VLink/Page_CCSale/txt_AL2' is present

2020-12-23 23:15:44 - [MESSAGE][PASSED] - Text '' is set on object 'Object Repository/VLink/Page_CCSale/txt_AL2'

2020-12-23 23:15:44 - [MESSAGE][PASSED] - Object 'Object Repository/VLink/Page_CCSale/txt_CardCity' is present

2020-12-23 23:15:45 - [MESSAGE][PASSED] - Text 'Crofton' is set on object 'Object Repository/VLink/Page_CCSale/txt_CardCity'

2020-12-23 23:15:45 - [MESSAGE][PASSED] - Object 'Object Repository/VLink/Page_CCSale/txt_CardState' is present

2020-12-23 23:15:46 - [MESSAGE][PASSED] - Text 'MD' is set on object 'Object Repository/VLink/Page_CCSale/txt_CardState'

2020-12-23 23:15:46 - [MESSAGE][PASSED] - Object 'Object Repository/VLink/Page_CCSale/txt_CardZIP' is present

2020-12-23 23:15:47 - [MESSAGE][PASSED] - Text '21114' is set on object 'Object Repository/VLink/Page_CCSale/txt_CardZIP'

2020-12-23 23:15:47 - [MESSAGE][PASSED] - Object 'Object Repository/VLink/Page_CCSale/txt_CountryID' is present

2020-12-23 23:15:48 - [MESSAGE][PASSED] - Text '' is set on object 'Object Repository/VLink/Page_CCSale/txt_CountryID'

2020-12-23 23:15:48 - [MESSAGE][PASSED] - Object 'Object Repository/VLink/Page_CCSale/txt_Amount' is present

2020-12-23 23:15:49 - [MESSAGE][PASSED] - Text '3.50' is set on object 'Object Repository/VLink/Page_CCSale/txt_Amount'

2020-12-23 23:15:49 - [MESSAGE][PASSED] - Object 'Object Repository/VLink/Page_CCSale/txt_CardNumber' is present

2020-12-23 23:15:50 - [MESSAGE][PASSED] - Text '4111111111111111' is set on object 'Object Repository/VLink/Page_CCSale/txt_CardNumber'

2020-12-23 23:15:50 - [MESSAGE][PASSED] - Object 'Object Repository/VLink/Page_CCSale/txt_ExpMonth' is present

2020-12-23 23:15:51 - [MESSAGE][PASSED] - Text '01' is set on object 'Object Repository/VLink/Page_CCSale/txt_ExpMonth'

2020-12-23 23:15:51 - [MESSAGE][PASSED] - Object 'Object Repository/VLink/Page_CCSale/txt_ExpYear' is present

2020-12-23 23:15:52 - [MESSAGE][PASSED] - Text '2026' is set on object 'Object Repository/VLink/Page_CCSale/txt_ExpYear'

2020-12-23 23:15:52 - [MESSAGE][PASSED] - Object 'Object Repository/VLink/Page_CCSale/txt_CVV' is present

2020-12-23 23:15:53 - [MESSAGE][PASSED] - Text '' is set on object 'Object Repository/VLink/Page_CCSale/txt_CVV'

2020-12-23 23:15:53 - [MESSAGE][PASSED] - Object 'Object Repository/VLink/Page_CCSale/txt_CVVstate' is present

2020-12-23 23:15:54 - [MESSAGE][PASSED] - Text '' is set on object 'Object Repository/VLink/Page_CCSale/txt_CVVstate'

2020-12-23 23:15:54 - [MESSAGE][PASSED] - Object 'Object Repository/VLink/Page_CCSale/txt_TrackData' is present

2020-12-23 23:15:55 - [MESSAGE][PASSED] - Text '' is set on object 'Object Repository/VLink/Page_CCSale/txt_TrackData'

2020-12-23 23:15:55 - [MESSAGE][PASSED] - Object 'Object Repository/VLink/Page_CCSale/txt_Track1Data' is present

2020-12-23 23:15:56 - [MESSAGE][PASSED] - Text '' is set on object 'Object Repository/VLink/Page_CCSale/txt_Track1Data'

2020-12-23 23:15:56 - [MESSAGE][PASSED] - Object 'Object Repository/VLink/Page_CCSale/txt_Track2Data' is present

2020-12-23 23:15:57 - [MESSAGE][PASSED] - Text '' is set on object 'Object Repository/VLink/Page_CCSale/txt_Track2Data'

2020-12-23 23:15:57 - [MESSAGE][PASSED] - Object 'Object Repository/VLink/Page_CCSale/txt_POSEntryMode' is present

2020-12-23 23:15:58 - [MESSAGE][PASSED] - Text 'manual' is set on object 'Object Repository/VLink/Page_CCSale/txt_POSEntryMode'

2020-12-23 23:15:58 - [MESSAGE][PASSED] - Object 'Object Repository/VLink/Page_CCSale/txt_Email' is present

2020-12-23 23:15:59 - [MESSAGE][PASSED] - Text '' is set on object 'Object Repository/VLink/Page_CCSale/txt_Email'

2020-12-23 23:15:59 - [MESSAGE][PASSED] - Object 'Object Repository/VLink/Page_CCSale/txt_OrderNumber' is present

2020-12-23 23:16:00 - [MESSAGE][PASSED] - Text '' is set on object 'Object Repository/VLink/Page_CCSale/txt_OrderNumber'

2020-12-23 23:16:00 - [MESSAGE][PASSED] - Object 'Object Repository/VLink/Page_CCSale/txt_TaxAmount' is present

2020-12-23 23:16:01 - [MESSAGE][PASSED] - Text '' is set on object 'Object Repository/VLink/Page_CCSale/txt_TaxAmount'

2020-12-23 23:16:01 - [MESSAGE][PASSED] - Object 'Object Repository/VLink/Page_CCSale/txt_ChargeDescription' is present

2020-12-23 23:16:02 - [MESSAGE][PASSED] - Text '' is set on object 'Object Repository/VLink/Page_CCSale/txt_ChargeDescription'

2020-12-23 23:16:02 - [MESSAGE][PASSED] - Object 'Object Repository/VLink/Page_CCSale/txt_CAN' is present

2020-12-23 23:16:03 - [MESSAGE][PASSED] - Text '' is set on object 'Object Repository/VLink/Page_CCSale/txt_CAN'

2020-12-23 23:16:03 - [MESSAGE][PASSED] - Object 'Object Repository/VLink/Page_CCSale/txt_BillPaymentIndicator' is present

2020-12-23 23:16:04 - [MESSAGE][PASSED] - Text '' is set on object 'Object Repository/VLink/Page_CCSale/txt_BillPaymentIndicator'

2020-12-23 23:16:04 - [MESSAGE][PASSED] - Object 'Object Repository/VLink/Page_CCSale/txt_UDF1' is present

2020-12-23 23:16:05 - [MESSAGE][PASSED] - Text '' is set on object 'Object Repository/VLink/Page_CCSale/txt_UDF1'

2020-12-23 23:16:05 - [MESSAGE][PASSED] - Object 'Object Repository/VLink/Page_CCSale/txt_UDF2' is present

2020-12-23 23:16:06 - [MESSAGE][PASSED] - Text '' is set on object 'Object Repository/VLink/Page_CCSale/txt_UDF2'

2020-12-23 23:16:06 - [MESSAGE][PASSED] - Object 'Object Repository/VLink/Page_CCSale/txt_UDF3' is present

2020-12-23 23:16:07 - [MESSAGE][PASSED] - Text '' is set on object 'Object Repository/VLink/Page_CCSale/txt_UDF3'

2020-12-23 23:16:07 - [MESSAGE][PASSED] - Object 'Object Repository/VLink/Page_CCSale/txt_UDF4' is present

2020-12-23 23:16:08 - [MESSAGE][PASSED] - Text '' is set on object 'Object Repository/VLink/Page_CCSale/txt_UDF4'

2020-12-23 23:16:08 - [MESSAGE][PASSED] - Object 'Object Repository/VLink/Page_CCSale/txt_UDF5' is present

2020-12-23 23:16:09 - [MESSAGE][PASSED] - Text '' is set on object 'Object Repository/VLink/Page_CCSale/txt_UDF5'

2020-12-23 23:16:09 - [MESSAGE][PASSED] - Object 'Object Repository/VLink/Page_CCSale/txt_UDF6' is present

2020-12-23 23:16:10 - [MESSAGE][PASSED] - Text '' is set on object 'Object Repository/VLink/Page_CCSale/txt_UDF6'

2020-12-23 23:16:10 - [MESSAGE][PASSED] - Object 'Object Repository/VLink/Page_CCSale/txt_UDF7' is present

2020-12-23 23:16:11 - [MESSAGE][PASSED] - Text '' is set on object 'Object Repository/VLink/Page_CCSale/txt_UDF7'

2020-12-23 23:16:11 - [MESSAGE][PASSED] - Object 'Object Repository/VLink/Page_CCSale/txt_UDF8' is present

2020-12-23 23:16:12 - [MESSAGE][PASSED] - Text '' is set on object 'Object Repository/VLink/Page_CCSale/txt_UDF8'

2020-12-23 23:16:12 - [MESSAGE][PASSED] - Object 'Object Repository/VLink/Page_CCSale/txt_UDF9' is present

2020-12-23 23:16:13 - [MESSAGE][PASSED] - Text '' is set on object 'Object Repository/VLink/Page_CCSale/txt_UDF9'

2020-12-23 23:16:13 - [MESSAGE][PASSED] - Object 'Object Repository/VLink/Page_CCSale/txt_UDF10' is present

2020-12-23 23:16:14 - [MESSAGE][PASSED] - Text '' is set on object 'Object Repository/VLink/Page_CCSale/txt_UDF10'

2020-12-23 23:16:14 - [MESSAGE][PASSED] - Object 'Object Repository/VLink/Page_CCSale/txt_CardOnFileIndicator' is present

2020-12-23 23:16:15 - [MESSAGE][PASSED] - Text '' is set on object 'Object Repository/VLink/Page_CCSale/txt_CardOnFileIndicator'

2020-12-23 23:16:15 - [MESSAGE][PASSED] - Object 'Object Repository/VLink/Page_CCSale/txt_StoredCredentialIndicator' is present

2020-12-23 23:16:16 - [MESSAGE][PASSED] - Text '' is set on object 'Object Repository/VLink/Page_CCSale/txt_StoredCredentialIndicator'

2020-12-23 23:16:16 - [MESSAGE][PASSED] - Object 'Object Repository/VLink/Page_CCSale/txt_COFScheduledIndicator' is present

2020-12-23 23:16:17 - [MESSAGE][PASSED] - Text '' is set on object 'Object Repository/VLink/Page_CCSale/txt_COFScheduledIndicator'

2020-12-23 23:16:17 - [MESSAGE][PASSED] - Object 'Object Repository/VLink/Page_CCSale/txt_COFTransactionInitiatedBy' is present

2020-12-23 23:16:18 - [MESSAGE][PASSED] - Text '' is set on object 'Object Repository/VLink/Page_CCSale/txt_COFTransactionInitiatedBy'

2020-12-23 23:16:21 - [MESSAGE][PASSED] - Object: 'Object Repository/VLink/Page_CCSale/btn_ProcessVLinkTransaction' is clicked on

2020-12-23 23:16:26 - [MESSAGE][PASSED] - vlinkPages.saleCCPage.setDataSCC is PASSED

2020-12-23 23:16:26 - [TEST_STEP][PASSED] - if (verifyTextPresent("Transaction approved, no errors", true)): null

2020-12-23 23:16:26 - [MESSAGE][PASSED] - Text 'Transaction approved, no errors' is present on page  using regular expression

2020-12-23 23:16:26 - [TEST_STEP][PASSED] - println("Transaction Approved, no errors text is present on the Confirmation page"): null

2020-12-23 23:16:26 - [TEST_STEP][PASSED] - out.println("Pass Record Number: " + row): null

2020-12-23 23:16:26 - [TEST_STEP][PASSED] - resText = "Pass": null

2020-12-23 23:16:26 - [TEST_STEP][PASSED] - pages.WriteExcel.demoKey(resText, datText, resColumn, datCloumn, fileLoc, nameSheet, row): pages.WriteExcel.demoKey is PASSED

2020-12-23 23:16:26 - [MESSAGE][PASSED] - pages.WriteExcel.demoKey is PASSED

2020-12-23 23:16:26 - [TEST_STEP][PASSED] - sdfo = getText(findTestObject("Object Repository/Page_VLinkReceipt/pre_STX")): Text of object 'Object Repository/Page_VLinkReceipt/pre_STX' is: '<STX>Zd2FxyD4lrUy                  12088039            0  Transaction approved, no errors                   0                                                                                  XXOK2500   <ETX>'

2020-12-23 23:16:26 - [MESSAGE][PASSED] - Text of object 'Object Repository/Page_VLinkReceipt/pre_STX' is: '<STX>Zd2FxyD4lrUy                  12088039            0  Transaction approved, no errors                   0                                                                                  XXOK2500   <ETX>'

2020-12-23 23:16:26 - [TEST_STEP][PASSED] - out.println("sdfo: " + sdfo): null

2020-12-23 23:16:26 - [TEST_STEP][PASSED] - remID = substring(5, 35).trim(): null

2020-12-23 23:16:26 - [TEST_STEP][PASSED] - out.println("Remittance ID: " + remID): null

2020-12-23 23:16:26 - [TEST_STEP][PASSED] - traxID = substring(35, 55).trim(): null

2020-12-23 23:16:26 - [TEST_STEP][PASSED] - out.println("Transaction ID: " + traxID): null

2020-12-23 23:16:26 - [TEST_STEP][PASSED] - out.println("End Record Number: " + row): null

2020-12-23 23:16:26 - [TEST_STEP][PASSED] - closeBrowser(): Browser is closed

2020-12-23 23:16:27 - [MESSAGE][PASSED] - Browser is closed]]></system-out>
         <system-err><![CDATA[]]></system-err>
      </testcase>
      <system-out><![CDATA[2020-12-23 23:13:22 - [TEST_SUITE][PASSED] - QA Smoke Test: Test Cases/VLink/QA/VLinkSale-Successful]]></system-out>
      <system-err><![CDATA[]]></system-err>
   </testsuite>
</testsuites>
