<?xml version="1.0" encoding="UTF-8"?>
<testsuites name="QA Smoke Test" time="6799.052" tests="1" failures="1" errors="0">
   <testsuite name="QA Smoke Test" tests="1" failures="1" errors="0" time="6799.052" timestamp="2021-06-22 00:47:55" hostname="iahmed - DESKTOP-B2QI6NS.govolution.com" id="Test Suites/QA Smoke Test/QA Smoke Test">
      <properties>
         <property name="deviceName" value=""/>
         <property name="devicePlatform" value=""/>
         <property name="logFolder" value="C:\\Users\\iahmed\\Documents\\VPS-Smoke-Version001\\Reports\\20210622_004752\\QA Smoke Test\\QA Smoke Test\\20210622_004752"/>
         <property name="logFiles" value="C:\\Users\\iahmed\\Documents\\VPS-Smoke-Version001\\Reports\\20210622_004752\\QA Smoke Test\\QA Smoke Test\\20210622_004752\\execution0.log"/>
         <property name="attachments" value=""/>
         <property name="hostName" value="iahmed - DESKTOP-B2QI6NS.govolution.com"/>
         <property name="os" value="Windows 10 64bit"/>
         <property name="katalonVersion" value="7.5.10.1"/>
         <property name="browser" value="Chrome 91.0.4472.106"/>
         <property name="hostAddress" value="172.30.2.167"/>
         <property name="sessionId" value="87badc4df962d3a1271a2885f3383c8d"/>
         <property name="seleniumVersion" value="3.141.59"/>
         <property name="proxyInformation" value="ProxyInformation { proxyOption=NO_PROXY, proxyServerType=HTTP, username=, password=********, proxyServerAddress=, proxyServerPort=0, executionList=\&quot;\&quot;, isApplyToDesiredCapabilities=true }"/>
         <property name="platform" value="Windows 10"/>
      </properties>
      <testcase name="Test Cases/VLink/QA/VLinkSale-Successful" time="6798.618" classname="Test Cases/VLink/QA/VLinkSale-Successful" status="FAILED">
         <failure type="FAILED" message="Test Cases/VLink/QA/VLinkSale-Successful FAILED.
Reason:
com.kms.katalon.core.exception.StepFailedException: Text 'Transaction approved, no errors' is not present on page  using regular expression (Root cause: com.kms.katalon.core.exception.StepFailedException: Text 'Transaction approved, no errors' is not present on page  using regular expression
	at com.kms.katalon.core.webui.keyword.internal.WebUIKeywordMain.stepFailed(WebUIKeywordMain.groovy:64)
	at com.kms.katalon.core.webui.keyword.builtin.VerifyTextPresentKeyword$_verifyTextPresent_closure1.doCall(VerifyTextPresentKeyword.groovy:79)
	at com.kms.katalon.core.webui.keyword.builtin.VerifyTextPresentKeyword$_verifyTextPresent_closure1.call(VerifyTextPresentKeyword.groovy)
	at com.kms.katalon.core.webui.keyword.internal.WebUIKeywordMain.runKeyword(WebUIKeywordMain.groovy:20)
	at com.kms.katalon.core.webui.keyword.builtin.VerifyTextPresentKeyword.verifyTextPresent(VerifyTextPresentKeyword.groovy:83)
	at com.kms.katalon.core.webui.keyword.builtin.VerifyTextPresentKeyword.execute(VerifyTextPresentKeyword.groovy:68)
	at com.kms.katalon.core.keyword.internal.KeywordExecutor.executeKeywordForPlatform(KeywordExecutor.groovy:72)
	at com.kms.katalon.core.webui.keyword.WebUiBuiltInKeywords.verifyTextPresent(WebUiBuiltInKeywords.groovy:1719)
	at com.kms.katalon.core.webui.keyword.WebUiBuiltInKeywords$verifyTextPresent$4.call(Unknown Source)
	at VLinkSale-Successful.run(VLinkSale-Successful:76)
	at com.kms.katalon.core.main.ScriptEngine.run(ScriptEngine.java:194)
	at com.kms.katalon.core.main.ScriptEngine.runScriptAsRawText(ScriptEngine.java:119)
	at com.kms.katalon.core.main.TestCaseExecutor.runScript(TestCaseExecutor.java:337)
	at com.kms.katalon.core.main.TestCaseExecutor.doExecute(TestCaseExecutor.java:328)
	at com.kms.katalon.core.main.TestCaseExecutor.processExecutionPhase(TestCaseExecutor.java:307)
	at com.kms.katalon.core.main.TestCaseExecutor.accessMainPhase(TestCaseExecutor.java:299)
	at com.kms.katalon.core.main.TestCaseExecutor.execute(TestCaseExecutor.java:233)
	at com.kms.katalon.core.main.TestSuiteExecutor.accessTestCaseMainPhase(TestSuiteExecutor.java:169)
	at com.kms.katalon.core.main.TestSuiteExecutor.accessTestSuiteMainPhase(TestSuiteExecutor.java:142)
	at com.kms.katalon.core.main.TestSuiteExecutor.execute(TestSuiteExecutor.java:91)
	at com.kms.katalon.core.main.TestCaseMain.startTestSuite(TestCaseMain.java:157)
	at com.kms.katalon.core.main.TestCaseMain$startTestSuite$0.call(Unknown Source)
	at TempTestSuite1624337272106.run(TempTestSuite1624337272106.groovy:37)
)
	at com.kms.katalon.core.keyword.internal.KeywordMain.stepFailed(KeywordMain.groovy:39)
	at com.kms.katalon.core.webui.keyword.internal.WebUIKeywordMain.stepFailed(WebUIKeywordMain.groovy:64)
	at com.kms.katalon.core.webui.keyword.builtin.VerifyTextPresentKeyword$_verifyTextPresent_closure1.doCall(VerifyTextPresentKeyword.groovy:79)
	at com.kms.katalon.core.webui.keyword.builtin.VerifyTextPresentKeyword$_verifyTextPresent_closure1.call(VerifyTextPresentKeyword.groovy)
	at com.kms.katalon.core.webui.keyword.internal.WebUIKeywordMain.runKeyword(WebUIKeywordMain.groovy:20)
	at com.kms.katalon.core.webui.keyword.builtin.VerifyTextPresentKeyword.verifyTextPresent(VerifyTextPresentKeyword.groovy:83)
	at com.kms.katalon.core.webui.keyword.builtin.VerifyTextPresentKeyword.execute(VerifyTextPresentKeyword.groovy:68)
	at com.kms.katalon.core.keyword.internal.KeywordExecutor.executeKeywordForPlatform(KeywordExecutor.groovy:72)
	at com.kms.katalon.core.webui.keyword.WebUiBuiltInKeywords.verifyTextPresent(WebUiBuiltInKeywords.groovy:1719)
	at com.kms.katalon.core.webui.keyword.WebUiBuiltInKeywords$verifyTextPresent$4.call(Unknown Source)
	at VLinkSale-Successful.run(VLinkSale-Successful:76)
	at com.kms.katalon.core.main.ScriptEngine.run(ScriptEngine.java:194)
	at com.kms.katalon.core.main.ScriptEngine.runScriptAsRawText(ScriptEngine.java:119)
	at com.kms.katalon.core.main.TestCaseExecutor.runScript(TestCaseExecutor.java:337)
	at com.kms.katalon.core.main.TestCaseExecutor.doExecute(TestCaseExecutor.java:328)
	at com.kms.katalon.core.main.TestCaseExecutor.processExecutionPhase(TestCaseExecutor.java:307)
	at com.kms.katalon.core.main.TestCaseExecutor.accessMainPhase(TestCaseExecutor.java:299)
	at com.kms.katalon.core.main.TestCaseExecutor.execute(TestCaseExecutor.java:233)
	at com.kms.katalon.core.main.TestSuiteExecutor.accessTestCaseMainPhase(TestSuiteExecutor.java:169)
	at com.kms.katalon.core.main.TestSuiteExecutor.accessTestSuiteMainPhase(TestSuiteExecutor.java:142)
	at com.kms.katalon.core.main.TestSuiteExecutor.execute(TestSuiteExecutor.java:91)
	at com.kms.katalon.core.main.TestCaseMain.startTestSuite(TestCaseMain.java:157)
	at com.kms.katalon.core.main.TestCaseMain$startTestSuite$0.call(Unknown Source)
	at TempTestSuite1624337272106.run(TempTestSuite1624337272106.groovy:37)
Caused by: com.kms.katalon.core.exception.StepFailedException: Text 'Transaction approved, no errors' is not present on page  using regular expression
	... 23 more
"/>
         <system-out><![CDATA[2021-06-22 00:47:55 - [TEST_CASE][FAILED] - Test Cases/VLink/QA/VLinkSale-Successful: Test Cases/VLink/QA/VLinkSale-Successful FAILED.
Reason:
com.kms.katalon.core.exception.StepFailedException: Text 'Transaction approved, no errors' is not present on page  using regular expression (Root cause: com.kms.katalon.core.exception.StepFailedException: Text 'Transaction approved, no errors' is not present on page  using regular expression
	at com.kms.katalon.core.webui.keyword.internal.WebUIKeywordMain.stepFailed(WebUIKeywordMain.groovy:64)
	at com.kms.katalon.core.webui.keyword.builtin.VerifyTextPresentKeyword$_verifyTextPresent_closure1.doCall(VerifyTextPresentKeyword.groovy:79)
	at com.kms.katalon.core.webui.keyword.builtin.VerifyTextPresentKeyword$_verifyTextPresent_closure1.call(VerifyTextPresentKeyword.groovy)
	at com.kms.katalon.core.webui.keyword.internal.WebUIKeywordMain.runKeyword(WebUIKeywordMain.groovy:20)
	at com.kms.katalon.core.webui.keyword.builtin.VerifyTextPresentKeyword.verifyTextPresent(VerifyTextPresentKeyword.groovy:83)
	at com.kms.katalon.core.webui.keyword.builtin.VerifyTextPresentKeyword.execute(VerifyTextPresentKeyword.groovy:68)
	at com.kms.katalon.core.keyword.internal.KeywordExecutor.executeKeywordForPlatform(KeywordExecutor.groovy:72)
	at com.kms.katalon.core.webui.keyword.WebUiBuiltInKeywords.verifyTextPresent(WebUiBuiltInKeywords.groovy:1719)
	at com.kms.katalon.core.webui.keyword.WebUiBuiltInKeywords$verifyTextPresent$4.call(Unknown Source)
	at VLinkSale-Successful.run(VLinkSale-Successful:76)
	at com.kms.katalon.core.main.ScriptEngine.run(ScriptEngine.java:194)
	at com.kms.katalon.core.main.ScriptEngine.runScriptAsRawText(ScriptEngine.java:119)
	at com.kms.katalon.core.main.TestCaseExecutor.runScript(TestCaseExecutor.java:337)
	at com.kms.katalon.core.main.TestCaseExecutor.doExecute(TestCaseExecutor.java:328)
	at com.kms.katalon.core.main.TestCaseExecutor.processExecutionPhase(TestCaseExecutor.java:307)
	at com.kms.katalon.core.main.TestCaseExecutor.accessMainPhase(TestCaseExecutor.java:299)
	at com.kms.katalon.core.main.TestCaseExecutor.execute(TestCaseExecutor.java:233)
	at com.kms.katalon.core.main.TestSuiteExecutor.accessTestCaseMainPhase(TestSuiteExecutor.java:169)
	at com.kms.katalon.core.main.TestSuiteExecutor.accessTestSuiteMainPhase(TestSuiteExecutor.java:142)
	at com.kms.katalon.core.main.TestSuiteExecutor.execute(TestSuiteExecutor.java:91)
	at com.kms.katalon.core.main.TestCaseMain.startTestSuite(TestCaseMain.java:157)
	at com.kms.katalon.core.main.TestCaseMain$startTestSuite$0.call(Unknown Source)
	at TempTestSuite1624337272106.run(TempTestSuite1624337272106.groovy:37)
)
	at com.kms.katalon.core.keyword.internal.KeywordMain.stepFailed(KeywordMain.groovy:39)
	at com.kms.katalon.core.webui.keyword.internal.WebUIKeywordMain.stepFailed(WebUIKeywordMain.groovy:64)
	at com.kms.katalon.core.webui.keyword.builtin.VerifyTextPresentKeyword$_verifyTextPresent_closure1.doCall(VerifyTextPresentKeyword.groovy:79)
	at com.kms.katalon.core.webui.keyword.builtin.VerifyTextPresentKeyword$_verifyTextPresent_closure1.call(VerifyTextPresentKeyword.groovy)
	at com.kms.katalon.core.webui.keyword.internal.WebUIKeywordMain.runKeyword(WebUIKeywordMain.groovy:20)
	at com.kms.katalon.core.webui.keyword.builtin.VerifyTextPresentKeyword.verifyTextPresent(VerifyTextPresentKeyword.groovy:83)
	at com.kms.katalon.core.webui.keyword.builtin.VerifyTextPresentKeyword.execute(VerifyTextPresentKeyword.groovy:68)
	at com.kms.katalon.core.keyword.internal.KeywordExecutor.executeKeywordForPlatform(KeywordExecutor.groovy:72)
	at com.kms.katalon.core.webui.keyword.WebUiBuiltInKeywords.verifyTextPresent(WebUiBuiltInKeywords.groovy:1719)
	at com.kms.katalon.core.webui.keyword.WebUiBuiltInKeywords$verifyTextPresent$4.call(Unknown Source)
	at VLinkSale-Successful.run(VLinkSale-Successful:76)
	at com.kms.katalon.core.main.ScriptEngine.run(ScriptEngine.java:194)
	at com.kms.katalon.core.main.ScriptEngine.runScriptAsRawText(ScriptEngine.java:119)
	at com.kms.katalon.core.main.TestCaseExecutor.runScript(TestCaseExecutor.java:337)
	at com.kms.katalon.core.main.TestCaseExecutor.doExecute(TestCaseExecutor.java:328)
	at com.kms.katalon.core.main.TestCaseExecutor.processExecutionPhase(TestCaseExecutor.java:307)
	at com.kms.katalon.core.main.TestCaseExecutor.accessMainPhase(TestCaseExecutor.java:299)
	at com.kms.katalon.core.main.TestCaseExecutor.execute(TestCaseExecutor.java:233)
	at com.kms.katalon.core.main.TestSuiteExecutor.accessTestCaseMainPhase(TestSuiteExecutor.java:169)
	at com.kms.katalon.core.main.TestSuiteExecutor.accessTestSuiteMainPhase(TestSuiteExecutor.java:142)
	at com.kms.katalon.core.main.TestSuiteExecutor.execute(TestSuiteExecutor.java:91)
	at com.kms.katalon.core.main.TestCaseMain.startTestSuite(TestCaseMain.java:157)
	at com.kms.katalon.core.main.TestCaseMain$startTestSuite$0.call(Unknown Source)
	at TempTestSuite1624337272106.run(TempTestSuite1624337272106.groovy:37)
Caused by: com.kms.katalon.core.exception.StepFailedException: Text 'Transaction approved, no errors' is not present on page  using regular expression
	... 23 more


2021-06-22 00:47:56 - [TEST_STEP][PASSED] - resText = "Fail": null

2021-06-22 00:47:56 - [TEST_STEP][PASSED] - resColumn = "Result": null

2021-06-22 00:47:56 - [TEST_STEP][PASSED] - datCloumn = "Date": null

2021-06-22 00:47:56 - [TEST_STEP][PASSED] - fileLoc = "C:\KatalonData\VLinkCCTestData.xlsx": null

2021-06-22 00:47:56 - [TEST_STEP][PASSED] - nameSheet = "CCSaleData": null

2021-06-22 00:47:56 - [TEST_STEP][PASSED] - numOfRows = findTestData("QA/VLinkTestData/VLinkCCTestData").getRowNumbers(): null

2021-06-22 00:47:58 - [TEST_STEP][PASSED] - println("Number of Records: " + numOfRows): null

2021-06-22 00:47:58 - [TEST_STEP][PASSED] - dataFile = "QA/VLinkTestData/VLinkCCTestData": null

2021-06-22 00:47:58 - [TEST_STEP][FAILED] - for ([row = 1, row <= numOfRows, (row++)]): null

2021-06-22 00:47:58 - [TEST_STEP][PASSED] - out.println("Begin Record Number: " + row): null

2021-06-22 00:47:58 - [TEST_STEP][PASSED] - today = new java.util.Date(): null

2021-06-22 00:47:58 - [TEST_STEP][PASSED] - println(today): null

2021-06-22 00:47:58 - [TEST_STEP][PASSED] - datText = today: null

2021-06-22 00:47:58 - [TEST_STEP][PASSED] - openBrowser(VLinkURL + "authcap.html"): Browser is opened with url: 'https://dev-algorithm.govolution.com/vlinktest/QA/version_2_0/authcap.html'

2021-06-22 00:47:59 - [MESSAGE][INFO] - Starting 'Chrome' driver

2021-06-22 00:47:59 - [MESSAGE][INFO] - User set preference: ['acceptInsecureCerts', 'true']

2021-06-22 00:47:59 - [MESSAGE][INFO] - Action delay is set to 0 milliseconds

2021-06-22 00:48:04 - [MESSAGE][PASSED] - Browser is opened with url: 'https://dev-algorithm.govolution.com/vlinktest/QA/version_2_0/authcap.html'

2021-06-22 00:48:04 - [TEST_STEP][PASSED] - maximizeWindow(): Current window maximized

2021-06-22 00:48:04 - [MESSAGE][PASSED] - Current window maximized

2021-06-22 00:48:04 - [TEST_STEP][PASSED] - vlinkPages.saleCCPage.setDataSCC(row, dataFile): vlinkPages.saleCCPage.setDataSCC is PASSED

2021-06-22 00:48:08 - [MESSAGE][PASSED] - Object 'Object Repository/VLink/Page_CCSale/txt_CardNumber' is present

2021-06-22 00:48:08 - [MESSAGE][PASSED] - Object 'Object Repository/VLink/Page_CCSale/txt_TransactionType' is present

2021-06-22 00:48:09 - [MESSAGE][PASSED] - Text '104' is set on object 'Object Repository/VLink/Page_CCSale/txt_TransactionType'

2021-06-22 00:48:09 - [MESSAGE][PASSED] - Object 'Object Repository/VLink/Page_CCSale/txt_MessageVersion' is present

2021-06-22 00:48:10 - [MESSAGE][PASSED] - Text '2.0C' is set on object 'Object Repository/VLink/Page_CCSale/txt_MessageVersion'

2021-06-22 00:48:10 - [MESSAGE][PASSED] - Object 'Object Repository/VLink/Page_CCSale/txt_RemID' is present

2021-06-22 00:48:11 - [MESSAGE][PASSED] - Text 'WVgY5WxMyYT3' is set on object 'Object Repository/VLink/Page_CCSale/txt_RemID'

2021-06-22 00:48:11 - [MESSAGE][PASSED] - Object 'Object Repository/VLink/Page_CCSale/txt_ApplicationId' is present

2021-06-22 00:48:11 - [MESSAGE][PASSED] - Text '665' is set on object 'Object Repository/VLink/Page_CCSale/txt_ApplicationId'

2021-06-22 00:48:12 - [MESSAGE][PASSED] - Object 'Object Repository/VLink/Page_CCSale/txt_Username' is present

2021-06-22 00:48:12 - [MESSAGE][PASSED] - Text 'username' is set on object 'Object Repository/VLink/Page_CCSale/txt_Username'

2021-06-22 00:48:13 - [MESSAGE][PASSED] - Object 'Object Repository/VLink/Page_CCSale/txt_Password' is present

2021-06-22 00:48:13 - [MESSAGE][PASSED] - Text 'password' is set on object 'Object Repository/VLink/Page_CCSale/txt_Password'

2021-06-22 00:48:14 - [MESSAGE][PASSED] - Object 'Object Repository/VLink/Page_CCSale/txt_ResponseFormat' is present

2021-06-22 00:48:14 - [MESSAGE][PASSED] - Text 'fixed_width' is set on object 'Object Repository/VLink/Page_CCSale/txt_ResponseFormat'

2021-06-22 00:48:14 - [MESSAGE][PASSED] - Object 'Object Repository/VLink/Page_CCSale/txt_Category' is present

2021-06-22 00:48:15 - [MESSAGE][PASSED] - Text 'ECOM' is set on object 'Object Repository/VLink/Page_CCSale/txt_Category'

2021-06-22 00:48:15 - [MESSAGE][PASSED] - Object 'Object Repository/VLink/Page_CCSale/txt_TransactionID' is present

2021-06-22 00:48:16 - [MESSAGE][PASSED] - Text '' is set on object 'Object Repository/VLink/Page_CCSale/txt_TransactionID'

2021-06-22 00:48:16 - [MESSAGE][PASSED] - Object 'Object Repository/VLink/Page_CCSale/txt_ApprovalCode' is present

2021-06-22 00:48:17 - [MESSAGE][PASSED] - Text '' is set on object 'Object Repository/VLink/Page_CCSale/txt_ApprovalCode'

2021-06-22 00:48:17 - [MESSAGE][PASSED] - Object 'Object Repository/VLink/Page_CCSale/txt_CardName' is present

2021-06-22 00:48:18 - [MESSAGE][PASSED] - Text 'Kris Roshan' is set on object 'Object Repository/VLink/Page_CCSale/txt_CardName'

2021-06-22 00:48:18 - [MESSAGE][PASSED] - Object 'Object Repository/VLink/Page_CCSale/txt_AL1' is present

2021-06-22 00:48:19 - [MESSAGE][PASSED] - Text '258 Elm Road' is set on object 'Object Repository/VLink/Page_CCSale/txt_AL1'

2021-06-22 00:48:19 - [MESSAGE][PASSED] - Object 'Object Repository/VLink/Page_CCSale/txt_AL2' is present

2021-06-22 00:48:20 - [MESSAGE][PASSED] - Text 'Suite 56' is set on object 'Object Repository/VLink/Page_CCSale/txt_AL2'

2021-06-22 00:48:20 - [MESSAGE][PASSED] - Object 'Object Repository/VLink/Page_CCSale/txt_CardCity' is present

2021-06-22 00:48:21 - [MESSAGE][PASSED] - Text 'Arlington' is set on object 'Object Repository/VLink/Page_CCSale/txt_CardCity'

2021-06-22 00:48:21 - [MESSAGE][PASSED] - Object 'Object Repository/VLink/Page_CCSale/txt_CardState' is present

2021-06-22 00:48:22 - [MESSAGE][PASSED] - Text 'VA' is set on object 'Object Repository/VLink/Page_CCSale/txt_CardState'

2021-06-22 00:48:22 - [MESSAGE][PASSED] - Object 'Object Repository/VLink/Page_CCSale/txt_CardZIP' is present

2021-06-22 00:48:23 - [MESSAGE][PASSED] - Text '22201' is set on object 'Object Repository/VLink/Page_CCSale/txt_CardZIP'

2021-06-22 00:48:23 - [MESSAGE][PASSED] - Object 'Object Repository/VLink/Page_CCSale/txt_CountryID' is present

2021-06-22 00:48:24 - [MESSAGE][PASSED] - Text '840' is set on object 'Object Repository/VLink/Page_CCSale/txt_CountryID'

2021-06-22 00:48:24 - [MESSAGE][PASSED] - Object 'Object Repository/VLink/Page_CCSale/txt_Amount' is present

2021-06-22 00:48:25 - [MESSAGE][PASSED] - Text '1.50' is set on object 'Object Repository/VLink/Page_CCSale/txt_Amount'

2021-06-22 00:48:25 - [MESSAGE][PASSED] - Object 'Object Repository/VLink/Page_CCSale/txt_CardNumber' is present

2021-06-22 00:48:26 - [MESSAGE][PASSED] - Text '4111111111111111' is set on object 'Object Repository/VLink/Page_CCSale/txt_CardNumber'

2021-06-22 00:48:26 - [MESSAGE][PASSED] - Object 'Object Repository/VLink/Page_CCSale/txt_ExpMonth' is present

2021-06-22 00:48:27 - [MESSAGE][PASSED] - Text '12' is set on object 'Object Repository/VLink/Page_CCSale/txt_ExpMonth'

2021-06-22 00:48:27 - [MESSAGE][PASSED] - Object 'Object Repository/VLink/Page_CCSale/txt_ExpYear' is present

2021-06-22 00:48:28 - [MESSAGE][PASSED] - Text '2025' is set on object 'Object Repository/VLink/Page_CCSale/txt_ExpYear'

2021-06-22 00:48:28 - [MESSAGE][PASSED] - Object 'Object Repository/VLink/Page_CCSale/txt_CVV' is present

2021-06-22 00:48:29 - [MESSAGE][PASSED] - Text '' is set on object 'Object Repository/VLink/Page_CCSale/txt_CVV'

2021-06-22 00:48:29 - [MESSAGE][PASSED] - Object 'Object Repository/VLink/Page_CCSale/txt_CVVstate' is present

2021-06-22 00:48:30 - [MESSAGE][PASSED] - Text '' is set on object 'Object Repository/VLink/Page_CCSale/txt_CVVstate'

2021-06-22 00:48:30 - [MESSAGE][PASSED] - Object 'Object Repository/VLink/Page_CCSale/txt_TrackData' is present

2021-06-22 00:48:31 - [MESSAGE][PASSED] - Text '' is set on object 'Object Repository/VLink/Page_CCSale/txt_TrackData'

2021-06-22 00:48:31 - [MESSAGE][PASSED] - Object 'Object Repository/VLink/Page_CCSale/txt_Track1Data' is present

2021-06-22 00:48:32 - [MESSAGE][PASSED] - Text '' is set on object 'Object Repository/VLink/Page_CCSale/txt_Track1Data'

2021-06-22 00:48:32 - [MESSAGE][PASSED] - Object 'Object Repository/VLink/Page_CCSale/txt_Track2Data' is present

2021-06-22 00:48:33 - [MESSAGE][PASSED] - Text '' is set on object 'Object Repository/VLink/Page_CCSale/txt_Track2Data'

2021-06-22 00:48:33 - [MESSAGE][PASSED] - Object 'Object Repository/VLink/Page_CCSale/txt_POSEntryMode' is present

2021-06-22 00:48:34 - [MESSAGE][PASSED] - Text 'manual' is set on object 'Object Repository/VLink/Page_CCSale/txt_POSEntryMode'

2021-06-22 00:48:34 - [MESSAGE][PASSED] - Object 'Object Repository/VLink/Page_CCSale/txt_Email' is present

2021-06-22 00:48:35 - [MESSAGE][PASSED] - Text 'iahmed@govolution.com' is set on object 'Object Repository/VLink/Page_CCSale/txt_Email'

2021-06-22 00:48:35 - [MESSAGE][PASSED] - Object 'Object Repository/VLink/Page_CCSale/txt_OrderNumber' is present

2021-06-22 00:48:35 - [MESSAGE][PASSED] - Text '2569362' is set on object 'Object Repository/VLink/Page_CCSale/txt_OrderNumber'

2021-06-22 00:48:36 - [MESSAGE][PASSED] - Object 'Object Repository/VLink/Page_CCSale/txt_TaxAmount' is present

2021-06-22 00:48:36 - [MESSAGE][PASSED] - Text '1.15' is set on object 'Object Repository/VLink/Page_CCSale/txt_TaxAmount'

2021-06-22 00:48:37 - [MESSAGE][PASSED] - Object 'Object Repository/VLink/Page_CCSale/txt_ChargeDescription' is present

2021-06-22 00:48:37 - [MESSAGE][PASSED] - Text 'Charge Description' is set on object 'Object Repository/VLink/Page_CCSale/txt_ChargeDescription'

2021-06-22 00:48:38 - [MESSAGE][PASSED] - Object 'Object Repository/VLink/Page_CCSale/txt_CAN' is present

2021-06-22 00:48:39 - [MESSAGE][PASSED] - Text '147357' is set on object 'Object Repository/VLink/Page_CCSale/txt_CAN'

2021-06-22 00:48:39 - [MESSAGE][PASSED] - Object 'Object Repository/VLink/Page_CCSale/txt_BillPaymentIndicator' is present

2021-06-22 00:48:40 - [MESSAGE][PASSED] - Text '1' is set on object 'Object Repository/VLink/Page_CCSale/txt_BillPaymentIndicator'

2021-06-22 00:48:40 - [MESSAGE][PASSED] - Object 'Object Repository/VLink/Page_CCSale/txt_UDF1' is present

2021-06-22 00:48:41 - [MESSAGE][PASSED] - Text 'UDF Data 1' is set on object 'Object Repository/VLink/Page_CCSale/txt_UDF1'

2021-06-22 00:48:41 - [MESSAGE][PASSED] - Object 'Object Repository/VLink/Page_CCSale/txt_UDF2' is present

2021-06-22 00:48:42 - [MESSAGE][PASSED] - Text 'UDF Data 2' is set on object 'Object Repository/VLink/Page_CCSale/txt_UDF2'

2021-06-22 00:48:42 - [MESSAGE][PASSED] - Object 'Object Repository/VLink/Page_CCSale/txt_UDF3' is present

2021-06-22 00:48:43 - [MESSAGE][PASSED] - Text 'UDF Data 3' is set on object 'Object Repository/VLink/Page_CCSale/txt_UDF3'

2021-06-22 00:48:43 - [MESSAGE][PASSED] - Object 'Object Repository/VLink/Page_CCSale/txt_UDF4' is present

2021-06-22 00:48:44 - [MESSAGE][PASSED] - Text 'UDF Data 4' is set on object 'Object Repository/VLink/Page_CCSale/txt_UDF4'

2021-06-22 00:48:44 - [MESSAGE][PASSED] - Object 'Object Repository/VLink/Page_CCSale/txt_UDF5' is present

2021-06-22 00:48:45 - [MESSAGE][PASSED] - Text 'UDF Data 5' is set on object 'Object Repository/VLink/Page_CCSale/txt_UDF5'

2021-06-22 00:48:45 - [MESSAGE][PASSED] - Object 'Object Repository/VLink/Page_CCSale/txt_UDF6' is present

2021-06-22 00:48:46 - [MESSAGE][PASSED] - Text 'UDF Data 6' is set on object 'Object Repository/VLink/Page_CCSale/txt_UDF6'

2021-06-22 00:48:46 - [MESSAGE][PASSED] - Object 'Object Repository/VLink/Page_CCSale/txt_UDF7' is present

2021-06-22 00:48:47 - [MESSAGE][PASSED] - Text 'UDF Data 7' is set on object 'Object Repository/VLink/Page_CCSale/txt_UDF7'

2021-06-22 00:48:47 - [MESSAGE][PASSED] - Object 'Object Repository/VLink/Page_CCSale/txt_UDF8' is present

2021-06-22 00:48:48 - [MESSAGE][PASSED] - Text 'UDF Data 8' is set on object 'Object Repository/VLink/Page_CCSale/txt_UDF8'

2021-06-22 00:48:48 - [MESSAGE][PASSED] - Object 'Object Repository/VLink/Page_CCSale/txt_UDF9' is present

2021-06-22 00:48:49 - [MESSAGE][PASSED] - Text 'UDF Data 9' is set on object 'Object Repository/VLink/Page_CCSale/txt_UDF9'

2021-06-22 00:48:49 - [MESSAGE][PASSED] - Object 'Object Repository/VLink/Page_CCSale/txt_UDF10' is present

2021-06-22 00:48:50 - [MESSAGE][PASSED] - Text 'UDF Data 10' is set on object 'Object Repository/VLink/Page_CCSale/txt_UDF10'

2021-06-22 00:48:50 - [MESSAGE][PASSED] - Object 'Object Repository/VLink/Page_CCSale/txt_CardOnFileIndicator' is present

2021-06-22 00:48:51 - [MESSAGE][PASSED] - Text '' is set on object 'Object Repository/VLink/Page_CCSale/txt_CardOnFileIndicator'

2021-06-22 00:48:51 - [MESSAGE][PASSED] - Object 'Object Repository/VLink/Page_CCSale/txt_StoredCredentialIndicator' is present

2021-06-22 00:48:52 - [MESSAGE][PASSED] - Text '' is set on object 'Object Repository/VLink/Page_CCSale/txt_StoredCredentialIndicator'

2021-06-22 00:48:52 - [MESSAGE][PASSED] - Object 'Object Repository/VLink/Page_CCSale/txt_COFScheduledIndicator' is present

2021-06-22 00:48:53 - [MESSAGE][PASSED] - Text '' is set on object 'Object Repository/VLink/Page_CCSale/txt_COFScheduledIndicator'

2021-06-22 00:48:53 - [MESSAGE][PASSED] - Object 'Object Repository/VLink/Page_CCSale/txt_COFTransactionInitiatedBy' is present

2021-06-22 00:48:54 - [MESSAGE][PASSED] - Text '' is set on object 'Object Repository/VLink/Page_CCSale/txt_COFTransactionInitiatedBy'

2021-06-22 00:48:56 - [MESSAGE][PASSED] - Object: 'Object Repository/VLink/Page_CCSale/btn_ProcessVLinkTransaction' is clicked on

2021-06-22 00:49:01 - [MESSAGE][PASSED] - vlinkPages.saleCCPage.setDataSCC is PASSED

2021-06-22 00:49:01 - [TEST_STEP][PASSED] - if (verifyTextPresent("Transaction approved, no errors", true)): null

2021-06-22 00:49:02 - [MESSAGE][PASSED] - Text 'Transaction approved, no errors' is present on page  using regular expression

2021-06-22 00:49:02 - [TEST_STEP][PASSED] - println("Transaction Approved, no errors text is present on the Confirmation page"): null

2021-06-22 00:49:02 - [TEST_STEP][PASSED] - out.println("Pass Record Number: " + row): null

2021-06-22 00:49:02 - [TEST_STEP][PASSED] - resText = "Pass": null

2021-06-22 00:49:02 - [TEST_STEP][PASSED] - pages.WriteExcel.demoKey(resText, datText, resColumn, datCloumn, fileLoc, nameSheet, row): pages.WriteExcel.demoKey is PASSED

2021-06-22 00:49:02 - [MESSAGE][PASSED] - pages.WriteExcel.demoKey is PASSED

2021-06-22 00:49:02 - [TEST_STEP][PASSED] - sdfo = getText(findTestObject("Object Repository/Page_VLinkReceipt/pre_STX")): Text of object 'Object Repository/Page_VLinkReceipt/pre_STX' is: '<STX>WVgY5WxMyYT3                  12098317            0  Transaction approved, no errors                   0                                                                                  XXOK1645   <ETX>'

2021-06-22 00:49:02 - [MESSAGE][PASSED] - Text of object 'Object Repository/Page_VLinkReceipt/pre_STX' is: '<STX>WVgY5WxMyYT3                  12098317            0  Transaction approved, no errors                   0                                                                                  XXOK1645   <ETX>'

2021-06-22 00:49:02 - [TEST_STEP][PASSED] - out.println("sdfo: " + sdfo): null

2021-06-22 00:49:02 - [TEST_STEP][PASSED] - remID = substring(5, 35).trim(): null

2021-06-22 00:49:02 - [TEST_STEP][PASSED] - out.println("Remittance ID: " + remID): null

2021-06-22 00:49:02 - [TEST_STEP][PASSED] - traxID = substring(35, 55).trim(): null

2021-06-22 00:49:02 - [TEST_STEP][PASSED] - out.println("Transaction ID: " + traxID): null

2021-06-22 00:49:02 - [TEST_STEP][PASSED] - out.println("End Record Number: " + row): null

2021-06-22 00:49:02 - [TEST_STEP][PASSED] - closeBrowser(): Browser is closed

2021-06-22 00:49:03 - [MESSAGE][PASSED] - Browser is closed

2021-06-22 00:49:03 - [TEST_STEP][PASSED] - out.println("Begin Record Number: " + row): null

2021-06-22 00:49:03 - [TEST_STEP][PASSED] - today = new java.util.Date(): null

2021-06-22 00:49:03 - [TEST_STEP][PASSED] - println(today): null

2021-06-22 00:49:03 - [TEST_STEP][PASSED] - datText = today: null

2021-06-22 00:49:03 - [TEST_STEP][PASSED] - openBrowser(VLinkURL + "authcap.html"): Browser is opened with url: 'https://dev-algorithm.govolution.com/vlinktest/QA/version_2_0/authcap.html'

2021-06-22 00:49:03 - [MESSAGE][INFO] - Starting 'Chrome' driver

2021-06-22 00:49:03 - [MESSAGE][INFO] - User set preference: ['acceptInsecureCerts', 'true']

2021-06-22 00:49:03 - [MESSAGE][INFO] - Action delay is set to 0 milliseconds

2021-06-22 00:49:05 - [MESSAGE][PASSED] - Browser is opened with url: 'https://dev-algorithm.govolution.com/vlinktest/QA/version_2_0/authcap.html'

2021-06-22 00:49:05 - [TEST_STEP][PASSED] - maximizeWindow(): Current window maximized

2021-06-22 00:49:05 - [MESSAGE][PASSED] - Current window maximized

2021-06-22 00:49:05 - [TEST_STEP][PASSED] - vlinkPages.saleCCPage.setDataSCC(row, dataFile): vlinkPages.saleCCPage.setDataSCC is PASSED

2021-06-22 00:49:08 - [MESSAGE][PASSED] - Object 'Object Repository/VLink/Page_CCSale/txt_CardNumber' is present

2021-06-22 00:49:08 - [MESSAGE][PASSED] - Object 'Object Repository/VLink/Page_CCSale/txt_TransactionType' is present

2021-06-22 00:49:09 - [MESSAGE][PASSED] - Text '104' is set on object 'Object Repository/VLink/Page_CCSale/txt_TransactionType'

2021-06-22 00:49:09 - [MESSAGE][PASSED] - Object 'Object Repository/VLink/Page_CCSale/txt_MessageVersion' is present

2021-06-22 00:49:09 - [MESSAGE][PASSED] - Text '2.0C' is set on object 'Object Repository/VLink/Page_CCSale/txt_MessageVersion'

2021-06-22 00:49:10 - [MESSAGE][PASSED] - Object 'Object Repository/VLink/Page_CCSale/txt_RemID' is present

2021-06-22 00:49:10 - [MESSAGE][PASSED] - Text 'bxUXT3a6thPC' is set on object 'Object Repository/VLink/Page_CCSale/txt_RemID'

2021-06-22 00:49:11 - [MESSAGE][PASSED] - Object 'Object Repository/VLink/Page_CCSale/txt_ApplicationId' is present

2021-06-22 00:49:11 - [MESSAGE][PASSED] - Text '672' is set on object 'Object Repository/VLink/Page_CCSale/txt_ApplicationId'

2021-06-22 00:49:11 - [MESSAGE][PASSED] - Object 'Object Repository/VLink/Page_CCSale/txt_Username' is present

2021-06-22 00:49:12 - [MESSAGE][PASSED] - Text 'username' is set on object 'Object Repository/VLink/Page_CCSale/txt_Username'

2021-06-22 00:49:12 - [MESSAGE][PASSED] - Object 'Object Repository/VLink/Page_CCSale/txt_Password' is present

2021-06-22 00:49:13 - [MESSAGE][PASSED] - Text 'password' is set on object 'Object Repository/VLink/Page_CCSale/txt_Password'

2021-06-22 00:49:13 - [MESSAGE][PASSED] - Object 'Object Repository/VLink/Page_CCSale/txt_ResponseFormat' is present

2021-06-22 00:49:14 - [MESSAGE][PASSED] - Text 'fixed_width' is set on object 'Object Repository/VLink/Page_CCSale/txt_ResponseFormat'

2021-06-22 00:49:14 - [MESSAGE][PASSED] - Object 'Object Repository/VLink/Page_CCSale/txt_Category' is present

2021-06-22 00:49:15 - [MESSAGE][PASSED] - Text 'ECOM' is set on object 'Object Repository/VLink/Page_CCSale/txt_Category'

2021-06-22 00:49:15 - [MESSAGE][PASSED] - Object 'Object Repository/VLink/Page_CCSale/txt_TransactionID' is present

2021-06-22 00:49:16 - [MESSAGE][PASSED] - Text '' is set on object 'Object Repository/VLink/Page_CCSale/txt_TransactionID'

2021-06-22 00:49:16 - [MESSAGE][PASSED] - Object 'Object Repository/VLink/Page_CCSale/txt_ApprovalCode' is present

2021-06-22 00:49:17 - [MESSAGE][PASSED] - Text '' is set on object 'Object Repository/VLink/Page_CCSale/txt_ApprovalCode'

2021-06-22 00:49:17 - [MESSAGE][PASSED] - Object 'Object Repository/VLink/Page_CCSale/txt_CardName' is present

2021-06-22 00:49:18 - [MESSAGE][PASSED] - Text 'Arvind Silva' is set on object 'Object Repository/VLink/Page_CCSale/txt_CardName'

2021-06-22 00:49:18 - [MESSAGE][PASSED] - Object 'Object Repository/VLink/Page_CCSale/txt_AL1' is present

2021-06-22 00:49:19 - [MESSAGE][PASSED] - Text '111 Main Ave' is set on object 'Object Repository/VLink/Page_CCSale/txt_AL1'

2021-06-22 00:49:19 - [MESSAGE][PASSED] - Object 'Object Repository/VLink/Page_CCSale/txt_AL2' is present

2021-06-22 00:49:20 - [MESSAGE][PASSED] - Text '' is set on object 'Object Repository/VLink/Page_CCSale/txt_AL2'

2021-06-22 00:49:20 - [MESSAGE][PASSED] - Object 'Object Repository/VLink/Page_CCSale/txt_CardCity' is present

2021-06-22 00:49:20 - [MESSAGE][PASSED] - Text 'Arlington' is set on object 'Object Repository/VLink/Page_CCSale/txt_CardCity'

2021-06-22 00:49:21 - [MESSAGE][PASSED] - Object 'Object Repository/VLink/Page_CCSale/txt_CardState' is present

2021-06-22 00:49:21 - [MESSAGE][PASSED] - Text 'VA' is set on object 'Object Repository/VLink/Page_CCSale/txt_CardState'

2021-06-22 00:49:22 - [MESSAGE][PASSED] - Object 'Object Repository/VLink/Page_CCSale/txt_CardZIP' is present

2021-06-22 00:49:22 - [MESSAGE][PASSED] - Text '22201' is set on object 'Object Repository/VLink/Page_CCSale/txt_CardZIP'

2021-06-22 00:49:23 - [MESSAGE][PASSED] - Object 'Object Repository/VLink/Page_CCSale/txt_CountryID' is present

2021-06-22 00:49:23 - [MESSAGE][PASSED] - Text '' is set on object 'Object Repository/VLink/Page_CCSale/txt_CountryID'

2021-06-22 00:49:24 - [MESSAGE][PASSED] - Object 'Object Repository/VLink/Page_CCSale/txt_Amount' is present

2021-06-22 00:49:24 - [MESSAGE][PASSED] - Text '2.50' is set on object 'Object Repository/VLink/Page_CCSale/txt_Amount'

2021-06-22 00:49:25 - [MESSAGE][PASSED] - Object 'Object Repository/VLink/Page_CCSale/txt_CardNumber' is present

2021-06-22 00:49:25 - [MESSAGE][PASSED] - Text '4111111111111111' is set on object 'Object Repository/VLink/Page_CCSale/txt_CardNumber'

2021-06-22 00:49:26 - [MESSAGE][PASSED] - Object 'Object Repository/VLink/Page_CCSale/txt_ExpMonth' is present

2021-06-22 00:49:26 - [MESSAGE][PASSED] - Text '01' is set on object 'Object Repository/VLink/Page_CCSale/txt_ExpMonth'

2021-06-22 00:49:27 - [MESSAGE][PASSED] - Object 'Object Repository/VLink/Page_CCSale/txt_ExpYear' is present

2021-06-22 00:49:27 - [MESSAGE][PASSED] - Text '2026' is set on object 'Object Repository/VLink/Page_CCSale/txt_ExpYear'

2021-06-22 00:49:28 - [MESSAGE][PASSED] - Object 'Object Repository/VLink/Page_CCSale/txt_CVV' is present

2021-06-22 00:49:28 - [MESSAGE][PASSED] - Text '' is set on object 'Object Repository/VLink/Page_CCSale/txt_CVV'

2021-06-22 00:49:29 - [MESSAGE][PASSED] - Object 'Object Repository/VLink/Page_CCSale/txt_CVVstate' is present

2021-06-22 00:49:29 - [MESSAGE][PASSED] - Text '' is set on object 'Object Repository/VLink/Page_CCSale/txt_CVVstate'

2021-06-22 00:49:30 - [MESSAGE][PASSED] - Object 'Object Repository/VLink/Page_CCSale/txt_TrackData' is present

2021-06-22 00:49:30 - [MESSAGE][PASSED] - Text '' is set on object 'Object Repository/VLink/Page_CCSale/txt_TrackData'

2021-06-22 00:49:31 - [MESSAGE][PASSED] - Object 'Object Repository/VLink/Page_CCSale/txt_Track1Data' is present

2021-06-22 00:49:31 - [MESSAGE][PASSED] - Text '' is set on object 'Object Repository/VLink/Page_CCSale/txt_Track1Data'

2021-06-22 00:49:32 - [MESSAGE][PASSED] - Object 'Object Repository/VLink/Page_CCSale/txt_Track2Data' is present

2021-06-22 00:49:32 - [MESSAGE][PASSED] - Text '' is set on object 'Object Repository/VLink/Page_CCSale/txt_Track2Data'

2021-06-22 00:49:33 - [MESSAGE][PASSED] - Object 'Object Repository/VLink/Page_CCSale/txt_POSEntryMode' is present

2021-06-22 00:49:33 - [MESSAGE][PASSED] - Text 'manual' is set on object 'Object Repository/VLink/Page_CCSale/txt_POSEntryMode'

2021-06-22 00:49:34 - [MESSAGE][PASSED] - Object 'Object Repository/VLink/Page_CCSale/txt_Email' is present

2021-06-22 00:49:34 - [MESSAGE][PASSED] - Text '' is set on object 'Object Repository/VLink/Page_CCSale/txt_Email'

2021-06-22 00:49:35 - [MESSAGE][PASSED] - Object 'Object Repository/VLink/Page_CCSale/txt_OrderNumber' is present

2021-06-22 00:49:35 - [MESSAGE][PASSED] - Text '' is set on object 'Object Repository/VLink/Page_CCSale/txt_OrderNumber'

2021-06-22 00:49:36 - [MESSAGE][PASSED] - Object 'Object Repository/VLink/Page_CCSale/txt_TaxAmount' is present

2021-06-22 00:49:36 - [MESSAGE][PASSED] - Text '' is set on object 'Object Repository/VLink/Page_CCSale/txt_TaxAmount'

2021-06-22 00:49:37 - [MESSAGE][PASSED] - Object 'Object Repository/VLink/Page_CCSale/txt_ChargeDescription' is present

2021-06-22 00:49:37 - [MESSAGE][PASSED] - Text '' is set on object 'Object Repository/VLink/Page_CCSale/txt_ChargeDescription'

2021-06-22 00:49:38 - [MESSAGE][PASSED] - Object 'Object Repository/VLink/Page_CCSale/txt_CAN' is present

2021-06-22 00:49:38 - [MESSAGE][PASSED] - Text '' is set on object 'Object Repository/VLink/Page_CCSale/txt_CAN'

2021-06-22 00:49:39 - [MESSAGE][PASSED] - Object 'Object Repository/VLink/Page_CCSale/txt_BillPaymentIndicator' is present

2021-06-22 00:49:39 - [MESSAGE][PASSED] - Text '' is set on object 'Object Repository/VLink/Page_CCSale/txt_BillPaymentIndicator'

2021-06-22 00:49:40 - [MESSAGE][PASSED] - Object 'Object Repository/VLink/Page_CCSale/txt_UDF1' is present

2021-06-22 00:49:40 - [MESSAGE][PASSED] - Text '' is set on object 'Object Repository/VLink/Page_CCSale/txt_UDF1'

2021-06-22 00:49:40 - [MESSAGE][PASSED] - Object 'Object Repository/VLink/Page_CCSale/txt_UDF2' is present

2021-06-22 00:49:41 - [MESSAGE][PASSED] - Text '' is set on object 'Object Repository/VLink/Page_CCSale/txt_UDF2'

2021-06-22 00:49:41 - [MESSAGE][PASSED] - Object 'Object Repository/VLink/Page_CCSale/txt_UDF3' is present

2021-06-22 00:49:42 - [MESSAGE][PASSED] - Text '' is set on object 'Object Repository/VLink/Page_CCSale/txt_UDF3'

2021-06-22 00:49:42 - [MESSAGE][PASSED] - Object 'Object Repository/VLink/Page_CCSale/txt_UDF4' is present

2021-06-22 00:49:43 - [MESSAGE][PASSED] - Text '' is set on object 'Object Repository/VLink/Page_CCSale/txt_UDF4'

2021-06-22 00:49:43 - [MESSAGE][PASSED] - Object 'Object Repository/VLink/Page_CCSale/txt_UDF5' is present

2021-06-22 00:49:44 - [MESSAGE][PASSED] - Text '' is set on object 'Object Repository/VLink/Page_CCSale/txt_UDF5'

2021-06-22 00:49:44 - [MESSAGE][PASSED] - Object 'Object Repository/VLink/Page_CCSale/txt_UDF6' is present

2021-06-22 00:49:45 - [MESSAGE][PASSED] - Text '' is set on object 'Object Repository/VLink/Page_CCSale/txt_UDF6'

2021-06-22 00:49:45 - [MESSAGE][PASSED] - Object 'Object Repository/VLink/Page_CCSale/txt_UDF7' is present

2021-06-22 00:49:46 - [MESSAGE][PASSED] - Text '' is set on object 'Object Repository/VLink/Page_CCSale/txt_UDF7'

2021-06-22 00:49:46 - [MESSAGE][PASSED] - Object 'Object Repository/VLink/Page_CCSale/txt_UDF8' is present

2021-06-22 00:49:47 - [MESSAGE][PASSED] - Text '' is set on object 'Object Repository/VLink/Page_CCSale/txt_UDF8'

2021-06-22 00:49:47 - [MESSAGE][PASSED] - Object 'Object Repository/VLink/Page_CCSale/txt_UDF9' is present

2021-06-22 00:49:48 - [MESSAGE][PASSED] - Text '' is set on object 'Object Repository/VLink/Page_CCSale/txt_UDF9'

2021-06-22 00:49:48 - [MESSAGE][PASSED] - Object 'Object Repository/VLink/Page_CCSale/txt_UDF10' is present

2021-06-22 00:49:49 - [MESSAGE][PASSED] - Text '' is set on object 'Object Repository/VLink/Page_CCSale/txt_UDF10'

2021-06-22 00:49:49 - [MESSAGE][PASSED] - Object 'Object Repository/VLink/Page_CCSale/txt_CardOnFileIndicator' is present

2021-06-22 00:49:50 - [MESSAGE][PASSED] - Text '' is set on object 'Object Repository/VLink/Page_CCSale/txt_CardOnFileIndicator'

2021-06-22 00:49:50 - [MESSAGE][PASSED] - Object 'Object Repository/VLink/Page_CCSale/txt_StoredCredentialIndicator' is present

2021-06-22 00:49:51 - [MESSAGE][PASSED] - Text '' is set on object 'Object Repository/VLink/Page_CCSale/txt_StoredCredentialIndicator'

2021-06-22 00:49:51 - [MESSAGE][PASSED] - Object 'Object Repository/VLink/Page_CCSale/txt_COFScheduledIndicator' is present

2021-06-22 00:49:52 - [MESSAGE][PASSED] - Text '' is set on object 'Object Repository/VLink/Page_CCSale/txt_COFScheduledIndicator'

2021-06-22 00:49:52 - [MESSAGE][PASSED] - Object 'Object Repository/VLink/Page_CCSale/txt_COFTransactionInitiatedBy' is present

2021-06-22 00:49:53 - [MESSAGE][PASSED] - Text '' is set on object 'Object Repository/VLink/Page_CCSale/txt_COFTransactionInitiatedBy'

2021-06-22 00:49:56 - [MESSAGE][PASSED] - Object: 'Object Repository/VLink/Page_CCSale/btn_ProcessVLinkTransaction' is clicked on

2021-06-22 00:50:01 - [MESSAGE][PASSED] - vlinkPages.saleCCPage.setDataSCC is PASSED

2021-06-22 00:50:01 - [TEST_STEP][PASSED] - if (verifyTextPresent("Transaction approved, no errors", true)): null

2021-06-22 00:50:01 - [MESSAGE][PASSED] - Text 'Transaction approved, no errors' is present on page  using regular expression

2021-06-22 00:50:01 - [TEST_STEP][PASSED] - println("Transaction Approved, no errors text is present on the Confirmation page"): null

2021-06-22 00:50:01 - [TEST_STEP][PASSED] - out.println("Pass Record Number: " + row): null

2021-06-22 00:50:01 - [TEST_STEP][PASSED] - resText = "Pass": null

2021-06-22 00:50:01 - [TEST_STEP][PASSED] - pages.WriteExcel.demoKey(resText, datText, resColumn, datCloumn, fileLoc, nameSheet, row): pages.WriteExcel.demoKey is PASSED

2021-06-22 00:50:01 - [MESSAGE][PASSED] - pages.WriteExcel.demoKey is PASSED

2021-06-22 00:50:01 - [TEST_STEP][PASSED] - sdfo = getText(findTestObject("Object Repository/Page_VLinkReceipt/pre_STX")): Text of object 'Object Repository/Page_VLinkReceipt/pre_STX' is: '<STX>bxUXT3a6thPC                  12098318            0  Transaction approved, no errors                   0                                                                                  XXOK1745   <ETX>'

2021-06-22 00:50:01 - [MESSAGE][PASSED] - Text of object 'Object Repository/Page_VLinkReceipt/pre_STX' is: '<STX>bxUXT3a6thPC                  12098318            0  Transaction approved, no errors                   0                                                                                  XXOK1745   <ETX>'

2021-06-22 00:50:01 - [TEST_STEP][PASSED] - out.println("sdfo: " + sdfo): null

2021-06-22 00:50:01 - [TEST_STEP][PASSED] - remID = substring(5, 35).trim(): null

2021-06-22 00:50:01 - [TEST_STEP][PASSED] - out.println("Remittance ID: " + remID): null

2021-06-22 00:50:01 - [TEST_STEP][PASSED] - traxID = substring(35, 55).trim(): null

2021-06-22 00:50:01 - [TEST_STEP][PASSED] - out.println("Transaction ID: " + traxID): null

2021-06-22 00:50:01 - [TEST_STEP][PASSED] - out.println("End Record Number: " + row): null

2021-06-22 00:50:01 - [TEST_STEP][PASSED] - closeBrowser(): Browser is closed

2021-06-22 00:50:02 - [MESSAGE][PASSED] - Browser is closed

2021-06-22 00:50:02 - [TEST_STEP][PASSED] - out.println("Begin Record Number: " + row): null

2021-06-22 00:50:02 - [TEST_STEP][PASSED] - today = new java.util.Date(): null

2021-06-22 00:50:02 - [TEST_STEP][PASSED] - println(today): null

2021-06-22 00:50:02 - [TEST_STEP][PASSED] - datText = today: null

2021-06-22 00:50:02 - [TEST_STEP][PASSED] - openBrowser(VLinkURL + "authcap.html"): Browser is opened with url: 'https://dev-algorithm.govolution.com/vlinktest/QA/version_2_0/authcap.html'

2021-06-22 00:50:02 - [MESSAGE][INFO] - Starting 'Chrome' driver

2021-06-22 00:50:02 - [MESSAGE][INFO] - User set preference: ['acceptInsecureCerts', 'true']

2021-06-22 00:50:02 - [MESSAGE][INFO] - Action delay is set to 0 milliseconds

2021-06-22 00:50:04 - [MESSAGE][PASSED] - Browser is opened with url: 'https://dev-algorithm.govolution.com/vlinktest/QA/version_2_0/authcap.html'

2021-06-22 00:50:04 - [TEST_STEP][PASSED] - maximizeWindow(): Current window maximized

2021-06-22 00:50:04 - [MESSAGE][PASSED] - Current window maximized

2021-06-22 00:50:04 - [TEST_STEP][PASSED] - vlinkPages.saleCCPage.setDataSCC(row, dataFile): vlinkPages.saleCCPage.setDataSCC is PASSED

2021-06-22 00:50:06 - [MESSAGE][PASSED] - Object 'Object Repository/VLink/Page_CCSale/txt_CardNumber' is present

2021-06-22 00:50:06 - [MESSAGE][PASSED] - Object 'Object Repository/VLink/Page_CCSale/txt_TransactionType' is present

2021-06-22 00:50:07 - [MESSAGE][PASSED] - Text '104' is set on object 'Object Repository/VLink/Page_CCSale/txt_TransactionType'

2021-06-22 00:50:07 - [MESSAGE][PASSED] - Object 'Object Repository/VLink/Page_CCSale/txt_MessageVersion' is present

2021-06-22 00:50:08 - [MESSAGE][PASSED] - Text '2.0C' is set on object 'Object Repository/VLink/Page_CCSale/txt_MessageVersion'

2021-06-22 00:50:08 - [MESSAGE][PASSED] - Object 'Object Repository/VLink/Page_CCSale/txt_RemID' is present

2021-06-22 00:50:09 - [MESSAGE][PASSED] - Text 'fVZVJntEFSi9' is set on object 'Object Repository/VLink/Page_CCSale/txt_RemID'

2021-06-22 00:50:09 - [MESSAGE][PASSED] - Object 'Object Repository/VLink/Page_CCSale/txt_ApplicationId' is present

2021-06-22 00:50:10 - [MESSAGE][PASSED] - Text '677' is set on object 'Object Repository/VLink/Page_CCSale/txt_ApplicationId'

2021-06-22 00:50:10 - [MESSAGE][PASSED] - Object 'Object Repository/VLink/Page_CCSale/txt_Username' is present

2021-06-22 00:50:10 - [MESSAGE][PASSED] - Text 'username' is set on object 'Object Repository/VLink/Page_CCSale/txt_Username'

2021-06-22 00:50:11 - [MESSAGE][PASSED] - Object 'Object Repository/VLink/Page_CCSale/txt_Password' is present

2021-06-22 00:50:11 - [MESSAGE][PASSED] - Text 'password' is set on object 'Object Repository/VLink/Page_CCSale/txt_Password'

2021-06-22 00:50:12 - [MESSAGE][PASSED] - Object 'Object Repository/VLink/Page_CCSale/txt_ResponseFormat' is present

2021-06-22 00:50:12 - [MESSAGE][PASSED] - Text 'fixed_width' is set on object 'Object Repository/VLink/Page_CCSale/txt_ResponseFormat'

2021-06-22 00:50:12 - [MESSAGE][PASSED] - Object 'Object Repository/VLink/Page_CCSale/txt_Category' is present

2021-06-22 00:50:13 - [MESSAGE][PASSED] - Text 'ECOM' is set on object 'Object Repository/VLink/Page_CCSale/txt_Category'

2021-06-22 00:50:13 - [MESSAGE][PASSED] - Object 'Object Repository/VLink/Page_CCSale/txt_TransactionID' is present

2021-06-22 00:50:14 - [MESSAGE][PASSED] - Text '' is set on object 'Object Repository/VLink/Page_CCSale/txt_TransactionID'

2021-06-22 00:50:14 - [MESSAGE][PASSED] - Object 'Object Repository/VLink/Page_CCSale/txt_ApprovalCode' is present

2021-06-22 00:50:15 - [MESSAGE][PASSED] - Text '' is set on object 'Object Repository/VLink/Page_CCSale/txt_ApprovalCode'

2021-06-22 00:50:15 - [MESSAGE][PASSED] - Object 'Object Repository/VLink/Page_CCSale/txt_CardName' is present

2021-06-22 00:50:16 - [MESSAGE][PASSED] - Text 'Roshan Maha' is set on object 'Object Repository/VLink/Page_CCSale/txt_CardName'

2021-06-22 00:50:16 - [MESSAGE][PASSED] - Object 'Object Repository/VLink/Page_CCSale/txt_AL1' is present

2021-06-22 00:50:17 - [MESSAGE][PASSED] - Text '12563 Bazaar road' is set on object 'Object Repository/VLink/Page_CCSale/txt_AL1'

2021-06-22 00:50:17 - [MESSAGE][PASSED] - Object 'Object Repository/VLink/Page_CCSale/txt_AL2' is present

2021-06-22 00:50:18 - [MESSAGE][PASSED] - Text '' is set on object 'Object Repository/VLink/Page_CCSale/txt_AL2'

2021-06-22 00:50:18 - [MESSAGE][PASSED] - Object 'Object Repository/VLink/Page_CCSale/txt_CardCity' is present

2021-06-22 00:50:19 - [MESSAGE][PASSED] - Text 'Crofton' is set on object 'Object Repository/VLink/Page_CCSale/txt_CardCity'

2021-06-22 00:50:19 - [MESSAGE][PASSED] - Object 'Object Repository/VLink/Page_CCSale/txt_CardState' is present

2021-06-22 00:50:20 - [MESSAGE][PASSED] - Text 'MD' is set on object 'Object Repository/VLink/Page_CCSale/txt_CardState'

2021-06-22 00:50:20 - [MESSAGE][PASSED] - Object 'Object Repository/VLink/Page_CCSale/txt_CardZIP' is present

2021-06-22 00:50:21 - [MESSAGE][PASSED] - Text '21114' is set on object 'Object Repository/VLink/Page_CCSale/txt_CardZIP'

2021-06-22 00:50:21 - [MESSAGE][PASSED] - Object 'Object Repository/VLink/Page_CCSale/txt_CountryID' is present

2021-06-22 00:50:22 - [MESSAGE][PASSED] - Text '' is set on object 'Object Repository/VLink/Page_CCSale/txt_CountryID'

2021-06-22 00:50:22 - [MESSAGE][PASSED] - Object 'Object Repository/VLink/Page_CCSale/txt_Amount' is present

2021-06-22 00:50:23 - [MESSAGE][PASSED] - Text '3.50' is set on object 'Object Repository/VLink/Page_CCSale/txt_Amount'

2021-06-22 00:50:23 - [MESSAGE][PASSED] - Object 'Object Repository/VLink/Page_CCSale/txt_CardNumber' is present

2021-06-22 00:50:24 - [MESSAGE][PASSED] - Text '4111111111111111' is set on object 'Object Repository/VLink/Page_CCSale/txt_CardNumber'

2021-06-22 00:50:24 - [MESSAGE][PASSED] - Object 'Object Repository/VLink/Page_CCSale/txt_ExpMonth' is present

2021-06-22 00:50:25 - [MESSAGE][PASSED] - Text '01' is set on object 'Object Repository/VLink/Page_CCSale/txt_ExpMonth'

2021-06-22 00:50:25 - [MESSAGE][PASSED] - Object 'Object Repository/VLink/Page_CCSale/txt_ExpYear' is present

2021-06-22 00:50:26 - [MESSAGE][PASSED] - Text '2026' is set on object 'Object Repository/VLink/Page_CCSale/txt_ExpYear'

2021-06-22 00:50:26 - [MESSAGE][PASSED] - Object 'Object Repository/VLink/Page_CCSale/txt_CVV' is present

2021-06-22 00:50:27 - [MESSAGE][PASSED] - Text '' is set on object 'Object Repository/VLink/Page_CCSale/txt_CVV'

2021-06-22 00:50:27 - [MESSAGE][PASSED] - Object 'Object Repository/VLink/Page_CCSale/txt_CVVstate' is present

2021-06-22 00:50:28 - [MESSAGE][PASSED] - Text '' is set on object 'Object Repository/VLink/Page_CCSale/txt_CVVstate'

2021-06-22 00:50:28 - [MESSAGE][PASSED] - Object 'Object Repository/VLink/Page_CCSale/txt_TrackData' is present

2021-06-22 00:50:29 - [MESSAGE][PASSED] - Text '' is set on object 'Object Repository/VLink/Page_CCSale/txt_TrackData'

2021-06-22 00:50:29 - [MESSAGE][PASSED] - Object 'Object Repository/VLink/Page_CCSale/txt_Track1Data' is present

2021-06-22 00:50:29 - [MESSAGE][PASSED] - Text '' is set on object 'Object Repository/VLink/Page_CCSale/txt_Track1Data'

2021-06-22 00:50:30 - [MESSAGE][PASSED] - Object 'Object Repository/VLink/Page_CCSale/txt_Track2Data' is present

2021-06-22 00:50:30 - [MESSAGE][PASSED] - Text '' is set on object 'Object Repository/VLink/Page_CCSale/txt_Track2Data'

2021-06-22 00:50:31 - [MESSAGE][PASSED] - Object 'Object Repository/VLink/Page_CCSale/txt_POSEntryMode' is present

2021-06-22 00:50:31 - [MESSAGE][PASSED] - Text 'manual' is set on object 'Object Repository/VLink/Page_CCSale/txt_POSEntryMode'

2021-06-22 00:50:32 - [MESSAGE][PASSED] - Object 'Object Repository/VLink/Page_CCSale/txt_Email' is present

2021-06-22 00:50:32 - [MESSAGE][PASSED] - Text '' is set on object 'Object Repository/VLink/Page_CCSale/txt_Email'

2021-06-22 00:50:33 - [MESSAGE][PASSED] - Object 'Object Repository/VLink/Page_CCSale/txt_OrderNumber' is present

2021-06-22 00:50:33 - [MESSAGE][PASSED] - Text '' is set on object 'Object Repository/VLink/Page_CCSale/txt_OrderNumber'

2021-06-22 00:50:34 - [MESSAGE][PASSED] - Object 'Object Repository/VLink/Page_CCSale/txt_TaxAmount' is present

2021-06-22 00:50:34 - [MESSAGE][PASSED] - Text '' is set on object 'Object Repository/VLink/Page_CCSale/txt_TaxAmount'

2021-06-22 00:50:35 - [MESSAGE][PASSED] - Object 'Object Repository/VLink/Page_CCSale/txt_ChargeDescription' is present

2021-06-22 00:50:35 - [MESSAGE][PASSED] - Text '' is set on object 'Object Repository/VLink/Page_CCSale/txt_ChargeDescription'

2021-06-22 00:50:36 - [MESSAGE][PASSED] - Object 'Object Repository/VLink/Page_CCSale/txt_CAN' is present

2021-06-22 00:50:36 - [MESSAGE][PASSED] - Text '' is set on object 'Object Repository/VLink/Page_CCSale/txt_CAN'

2021-06-22 00:50:37 - [MESSAGE][PASSED] - Object 'Object Repository/VLink/Page_CCSale/txt_BillPaymentIndicator' is present

2021-06-22 00:50:37 - [MESSAGE][PASSED] - Text '' is set on object 'Object Repository/VLink/Page_CCSale/txt_BillPaymentIndicator'

2021-06-22 00:50:38 - [MESSAGE][PASSED] - Object 'Object Repository/VLink/Page_CCSale/txt_UDF1' is present

2021-06-22 00:50:38 - [MESSAGE][PASSED] - Text '' is set on object 'Object Repository/VLink/Page_CCSale/txt_UDF1'

2021-06-22 00:50:39 - [MESSAGE][PASSED] - Object 'Object Repository/VLink/Page_CCSale/txt_UDF2' is present

2021-06-22 00:50:39 - [MESSAGE][PASSED] - Text '' is set on object 'Object Repository/VLink/Page_CCSale/txt_UDF2'

2021-06-22 00:50:40 - [MESSAGE][PASSED] - Object 'Object Repository/VLink/Page_CCSale/txt_UDF3' is present

2021-06-22 00:50:40 - [MESSAGE][PASSED] - Text '' is set on object 'Object Repository/VLink/Page_CCSale/txt_UDF3'

2021-06-22 00:50:41 - [MESSAGE][PASSED] - Object 'Object Repository/VLink/Page_CCSale/txt_UDF4' is present

2021-06-22 00:50:41 - [MESSAGE][PASSED] - Text '' is set on object 'Object Repository/VLink/Page_CCSale/txt_UDF4'

2021-06-22 00:50:42 - [MESSAGE][PASSED] - Object 'Object Repository/VLink/Page_CCSale/txt_UDF5' is present

2021-06-22 00:50:42 - [MESSAGE][PASSED] - Text '' is set on object 'Object Repository/VLink/Page_CCSale/txt_UDF5'

2021-06-22 00:50:42 - [MESSAGE][PASSED] - Object 'Object Repository/VLink/Page_CCSale/txt_UDF6' is present

2021-06-22 00:50:43 - [MESSAGE][PASSED] - Text '' is set on object 'Object Repository/VLink/Page_CCSale/txt_UDF6'

2021-06-22 00:50:43 - [MESSAGE][PASSED] - Object 'Object Repository/VLink/Page_CCSale/txt_UDF7' is present

2021-06-22 00:50:44 - [MESSAGE][PASSED] - Text '' is set on object 'Object Repository/VLink/Page_CCSale/txt_UDF7'

2021-06-22 00:50:44 - [MESSAGE][PASSED] - Object 'Object Repository/VLink/Page_CCSale/txt_UDF8' is present

2021-06-22 00:50:45 - [MESSAGE][PASSED] - Text '' is set on object 'Object Repository/VLink/Page_CCSale/txt_UDF8'

2021-06-22 00:50:45 - [MESSAGE][PASSED] - Object 'Object Repository/VLink/Page_CCSale/txt_UDF9' is present

2021-06-22 00:50:46 - [MESSAGE][PASSED] - Text '' is set on object 'Object Repository/VLink/Page_CCSale/txt_UDF9'

2021-06-22 00:50:46 - [MESSAGE][PASSED] - Object 'Object Repository/VLink/Page_CCSale/txt_UDF10' is present

2021-06-22 00:50:47 - [MESSAGE][PASSED] - Text '' is set on object 'Object Repository/VLink/Page_CCSale/txt_UDF10'

2021-06-22 00:50:47 - [MESSAGE][PASSED] - Object 'Object Repository/VLink/Page_CCSale/txt_CardOnFileIndicator' is present

2021-06-22 00:50:48 - [MESSAGE][PASSED] - Text '' is set on object 'Object Repository/VLink/Page_CCSale/txt_CardOnFileIndicator'

2021-06-22 00:50:48 - [MESSAGE][PASSED] - Object 'Object Repository/VLink/Page_CCSale/txt_StoredCredentialIndicator' is present

2021-06-22 00:50:49 - [MESSAGE][PASSED] - Text '' is set on object 'Object Repository/VLink/Page_CCSale/txt_StoredCredentialIndicator'

2021-06-22 00:50:49 - [MESSAGE][PASSED] - Object 'Object Repository/VLink/Page_CCSale/txt_COFScheduledIndicator' is present

2021-06-22 00:50:50 - [MESSAGE][PASSED] - Text '' is set on object 'Object Repository/VLink/Page_CCSale/txt_COFScheduledIndicator'

2021-06-22 00:50:50 - [MESSAGE][PASSED] - Object 'Object Repository/VLink/Page_CCSale/txt_COFTransactionInitiatedBy' is present

2021-06-22 00:50:51 - [MESSAGE][PASSED] - Text '' is set on object 'Object Repository/VLink/Page_CCSale/txt_COFTransactionInitiatedBy'

2021-06-22 00:50:54 - [MESSAGE][PASSED] - Object: 'Object Repository/VLink/Page_CCSale/btn_ProcessVLinkTransaction' is clicked on

2021-06-22 00:50:59 - [MESSAGE][PASSED] - vlinkPages.saleCCPage.setDataSCC is PASSED

2021-06-22 00:50:59 - [TEST_STEP][PASSED] - if (verifyTextPresent("Transaction approved, no errors", true)): null

2021-06-22 00:51:00 - [MESSAGE][PASSED] - Text 'Transaction approved, no errors' is present on page  using regular expression

2021-06-22 00:51:00 - [TEST_STEP][PASSED] - println("Transaction Approved, no errors text is present on the Confirmation page"): null

2021-06-22 00:51:00 - [TEST_STEP][PASSED] - out.println("Pass Record Number: " + row): null

2021-06-22 00:51:00 - [TEST_STEP][PASSED] - resText = "Pass": null

2021-06-22 00:51:00 - [TEST_STEP][PASSED] - pages.WriteExcel.demoKey(resText, datText, resColumn, datCloumn, fileLoc, nameSheet, row): pages.WriteExcel.demoKey is PASSED

2021-06-22 00:51:00 - [MESSAGE][PASSED] - pages.WriteExcel.demoKey is PASSED

2021-06-22 00:51:00 - [TEST_STEP][PASSED] - sdfo = getText(findTestObject("Object Repository/Page_VLinkReceipt/pre_STX")): Text of object 'Object Repository/Page_VLinkReceipt/pre_STX' is: '<STX>fVZVJntEFSi9                  12098319            0  Transaction approved, no errors                   0                                                                                  XXOK1855   <ETX>'

2021-06-22 00:51:00 - [MESSAGE][PASSED] - Text of object 'Object Repository/Page_VLinkReceipt/pre_STX' is: '<STX>fVZVJntEFSi9                  12098319            0  Transaction approved, no errors                   0                                                                                  XXOK1855   <ETX>'

2021-06-22 00:51:00 - [TEST_STEP][PASSED] - out.println("sdfo: " + sdfo): null

2021-06-22 00:51:00 - [TEST_STEP][PASSED] - remID = substring(5, 35).trim(): null

2021-06-22 00:51:00 - [TEST_STEP][PASSED] - out.println("Remittance ID: " + remID): null

2021-06-22 00:51:00 - [TEST_STEP][PASSED] - traxID = substring(35, 55).trim(): null

2021-06-22 00:51:00 - [TEST_STEP][PASSED] - out.println("Transaction ID: " + traxID): null

2021-06-22 00:51:00 - [TEST_STEP][PASSED] - out.println("End Record Number: " + row): null

2021-06-22 00:51:00 - [TEST_STEP][PASSED] - closeBrowser(): Browser is closed

2021-06-22 00:51:01 - [MESSAGE][PASSED] - Browser is closed

2021-06-22 00:51:01 - [TEST_STEP][PASSED] - out.println("Begin Record Number: " + row): null

2021-06-22 00:51:01 - [TEST_STEP][PASSED] - today = new java.util.Date(): null

2021-06-22 00:51:01 - [TEST_STEP][PASSED] - println(today): null

2021-06-22 00:51:01 - [TEST_STEP][PASSED] - datText = today: null

2021-06-22 00:51:01 - [TEST_STEP][PASSED] - openBrowser(VLinkURL + "authcap.html"): Browser is opened with url: 'https://dev-algorithm.govolution.com/vlinktest/QA/version_2_0/authcap.html'

2021-06-22 00:51:01 - [MESSAGE][INFO] - Starting 'Chrome' driver

2021-06-22 00:51:01 - [MESSAGE][INFO] - User set preference: ['acceptInsecureCerts', 'true']

2021-06-22 00:51:01 - [MESSAGE][INFO] - Action delay is set to 0 milliseconds

2021-06-22 00:51:02 - [MESSAGE][PASSED] - Browser is opened with url: 'https://dev-algorithm.govolution.com/vlinktest/QA/version_2_0/authcap.html'

2021-06-22 00:51:02 - [TEST_STEP][PASSED] - maximizeWindow(): Current window maximized

2021-06-22 00:51:03 - [MESSAGE][PASSED] - Current window maximized

2021-06-22 00:51:03 - [TEST_STEP][PASSED] - vlinkPages.saleCCPage.setDataSCC(row, dataFile): vlinkPages.saleCCPage.setDataSCC is PASSED

2021-06-22 00:51:05 - [MESSAGE][PASSED] - Object 'Object Repository/VLink/Page_CCSale/txt_CardNumber' is present

2021-06-22 00:51:05 - [MESSAGE][PASSED] - Object 'Object Repository/VLink/Page_CCSale/txt_TransactionType' is present

2021-06-22 00:51:06 - [MESSAGE][PASSED] - Text '104' is set on object 'Object Repository/VLink/Page_CCSale/txt_TransactionType'

2021-06-22 00:51:06 - [MESSAGE][PASSED] - Object 'Object Repository/VLink/Page_CCSale/txt_MessageVersion' is present

2021-06-22 00:51:06 - [MESSAGE][PASSED] - Text '2.0C' is set on object 'Object Repository/VLink/Page_CCSale/txt_MessageVersion'

2021-06-22 00:51:07 - [MESSAGE][PASSED] - Object 'Object Repository/VLink/Page_CCSale/txt_RemID' is present

2021-06-22 00:51:07 - [MESSAGE][PASSED] - Text '7VesUUwFXT2Y' is set on object 'Object Repository/VLink/Page_CCSale/txt_RemID'

2021-06-22 00:51:08 - [MESSAGE][PASSED] - Object 'Object Repository/VLink/Page_CCSale/txt_ApplicationId' is present

2021-06-22 00:51:08 - [MESSAGE][PASSED] - Text '665' is set on object 'Object Repository/VLink/Page_CCSale/txt_ApplicationId'

2021-06-22 00:51:08 - [MESSAGE][PASSED] - Object 'Object Repository/VLink/Page_CCSale/txt_Username' is present

2021-06-22 00:51:09 - [MESSAGE][PASSED] - Text 'username' is set on object 'Object Repository/VLink/Page_CCSale/txt_Username'

2021-06-22 00:51:09 - [MESSAGE][PASSED] - Object 'Object Repository/VLink/Page_CCSale/txt_Password' is present

2021-06-22 00:51:10 - [MESSAGE][PASSED] - Text 'password' is set on object 'Object Repository/VLink/Page_CCSale/txt_Password'

2021-06-22 00:51:10 - [MESSAGE][PASSED] - Object 'Object Repository/VLink/Page_CCSale/txt_ResponseFormat' is present

2021-06-22 00:51:11 - [MESSAGE][PASSED] - Text 'fixed_width' is set on object 'Object Repository/VLink/Page_CCSale/txt_ResponseFormat'

2021-06-22 00:51:11 - [MESSAGE][PASSED] - Object 'Object Repository/VLink/Page_CCSale/txt_Category' is present

2021-06-22 00:51:12 - [MESSAGE][PASSED] - Text 'ECOM' is set on object 'Object Repository/VLink/Page_CCSale/txt_Category'

2021-06-22 00:51:12 - [MESSAGE][PASSED] - Object 'Object Repository/VLink/Page_CCSale/txt_TransactionID' is present

2021-06-22 00:51:13 - [MESSAGE][PASSED] - Text '' is set on object 'Object Repository/VLink/Page_CCSale/txt_TransactionID'

2021-06-22 00:51:13 - [MESSAGE][PASSED] - Object 'Object Repository/VLink/Page_CCSale/txt_ApprovalCode' is present

2021-06-22 00:51:14 - [MESSAGE][PASSED] - Text '' is set on object 'Object Repository/VLink/Page_CCSale/txt_ApprovalCode'

2021-06-22 00:51:14 - [MESSAGE][PASSED] - Object 'Object Repository/VLink/Page_CCSale/txt_CardName' is present

2021-06-22 00:51:15 - [MESSAGE][PASSED] - Text 'Kris Roshan' is set on object 'Object Repository/VLink/Page_CCSale/txt_CardName'

2021-06-22 00:51:15 - [MESSAGE][PASSED] - Object 'Object Repository/VLink/Page_CCSale/txt_AL1' is present

2021-06-22 00:51:15 - [MESSAGE][PASSED] - Text '258 Elm Road' is set on object 'Object Repository/VLink/Page_CCSale/txt_AL1'

2021-06-22 00:51:16 - [MESSAGE][PASSED] - Object 'Object Repository/VLink/Page_CCSale/txt_AL2' is present

2021-06-22 00:51:16 - [MESSAGE][PASSED] - Text 'Suite 56' is set on object 'Object Repository/VLink/Page_CCSale/txt_AL2'

2021-06-22 00:51:17 - [MESSAGE][PASSED] - Object 'Object Repository/VLink/Page_CCSale/txt_CardCity' is present

2021-06-22 00:51:17 - [MESSAGE][PASSED] - Text 'Arlington' is set on object 'Object Repository/VLink/Page_CCSale/txt_CardCity'

2021-06-22 00:51:18 - [MESSAGE][PASSED] - Object 'Object Repository/VLink/Page_CCSale/txt_CardState' is present

2021-06-22 00:51:18 - [MESSAGE][PASSED] - Text 'VA' is set on object 'Object Repository/VLink/Page_CCSale/txt_CardState'

2021-06-22 00:51:19 - [MESSAGE][PASSED] - Object 'Object Repository/VLink/Page_CCSale/txt_CardZIP' is present

2021-06-22 00:51:19 - [MESSAGE][PASSED] - Text '22201' is set on object 'Object Repository/VLink/Page_CCSale/txt_CardZIP'

2021-06-22 00:51:20 - [MESSAGE][PASSED] - Object 'Object Repository/VLink/Page_CCSale/txt_CountryID' is present

2021-06-22 00:51:20 - [MESSAGE][PASSED] - Text '840' is set on object 'Object Repository/VLink/Page_CCSale/txt_CountryID'

2021-06-22 00:51:21 - [MESSAGE][PASSED] - Object 'Object Repository/VLink/Page_CCSale/txt_Amount' is present

2021-06-22 00:51:21 - [MESSAGE][PASSED] - Text '1.50' is set on object 'Object Repository/VLink/Page_CCSale/txt_Amount'

2021-06-22 00:51:22 - [MESSAGE][PASSED] - Object 'Object Repository/VLink/Page_CCSale/txt_CardNumber' is present

2021-06-22 00:51:22 - [MESSAGE][PASSED] - Text '5424000000000015' is set on object 'Object Repository/VLink/Page_CCSale/txt_CardNumber'

2021-06-22 00:51:23 - [MESSAGE][PASSED] - Object 'Object Repository/VLink/Page_CCSale/txt_ExpMonth' is present

2021-06-22 00:51:23 - [MESSAGE][PASSED] - Text '12' is set on object 'Object Repository/VLink/Page_CCSale/txt_ExpMonth'

2021-06-22 00:51:24 - [MESSAGE][PASSED] - Object 'Object Repository/VLink/Page_CCSale/txt_ExpYear' is present

2021-06-22 00:51:24 - [MESSAGE][PASSED] - Text '2025' is set on object 'Object Repository/VLink/Page_CCSale/txt_ExpYear'

2021-06-22 00:51:25 - [MESSAGE][PASSED] - Object 'Object Repository/VLink/Page_CCSale/txt_CVV' is present

2021-06-22 00:51:25 - [MESSAGE][PASSED] - Text '' is set on object 'Object Repository/VLink/Page_CCSale/txt_CVV'

2021-06-22 00:51:26 - [MESSAGE][PASSED] - Object 'Object Repository/VLink/Page_CCSale/txt_CVVstate' is present

2021-06-22 00:51:26 - [MESSAGE][PASSED] - Text '' is set on object 'Object Repository/VLink/Page_CCSale/txt_CVVstate'

2021-06-22 00:51:27 - [MESSAGE][PASSED] - Object 'Object Repository/VLink/Page_CCSale/txt_TrackData' is present

2021-06-22 00:51:27 - [MESSAGE][PASSED] - Text '' is set on object 'Object Repository/VLink/Page_CCSale/txt_TrackData'

2021-06-22 00:51:27 - [MESSAGE][PASSED] - Object 'Object Repository/VLink/Page_CCSale/txt_Track1Data' is present

2021-06-22 00:51:28 - [MESSAGE][PASSED] - Text '' is set on object 'Object Repository/VLink/Page_CCSale/txt_Track1Data'

2021-06-22 00:51:28 - [MESSAGE][PASSED] - Object 'Object Repository/VLink/Page_CCSale/txt_Track2Data' is present

2021-06-22 00:51:29 - [MESSAGE][PASSED] - Text '' is set on object 'Object Repository/VLink/Page_CCSale/txt_Track2Data'

2021-06-22 00:51:29 - [MESSAGE][PASSED] - Object 'Object Repository/VLink/Page_CCSale/txt_POSEntryMode' is present

2021-06-22 00:51:30 - [MESSAGE][PASSED] - Text 'manual' is set on object 'Object Repository/VLink/Page_CCSale/txt_POSEntryMode'

2021-06-22 00:51:30 - [MESSAGE][PASSED] - Object 'Object Repository/VLink/Page_CCSale/txt_Email' is present

2021-06-22 00:51:31 - [MESSAGE][PASSED] - Text 'iahmed@govolution.com' is set on object 'Object Repository/VLink/Page_CCSale/txt_Email'

2021-06-22 00:51:31 - [MESSAGE][PASSED] - Object 'Object Repository/VLink/Page_CCSale/txt_OrderNumber' is present

2021-06-22 00:51:32 - [MESSAGE][PASSED] - Text '2569362' is set on object 'Object Repository/VLink/Page_CCSale/txt_OrderNumber'

2021-06-22 00:51:32 - [MESSAGE][PASSED] - Object 'Object Repository/VLink/Page_CCSale/txt_TaxAmount' is present

2021-06-22 00:51:33 - [MESSAGE][PASSED] - Text '1.15' is set on object 'Object Repository/VLink/Page_CCSale/txt_TaxAmount'

2021-06-22 00:51:33 - [MESSAGE][PASSED] - Object 'Object Repository/VLink/Page_CCSale/txt_ChargeDescription' is present

2021-06-22 00:51:34 - [MESSAGE][PASSED] - Text 'Charge Description' is set on object 'Object Repository/VLink/Page_CCSale/txt_ChargeDescription'

2021-06-22 00:51:34 - [MESSAGE][PASSED] - Object 'Object Repository/VLink/Page_CCSale/txt_CAN' is present

2021-06-22 00:51:35 - [MESSAGE][PASSED] - Text '147357' is set on object 'Object Repository/VLink/Page_CCSale/txt_CAN'

2021-06-22 00:51:35 - [MESSAGE][PASSED] - Object 'Object Repository/VLink/Page_CCSale/txt_BillPaymentIndicator' is present

2021-06-22 00:51:36 - [MESSAGE][PASSED] - Text '1' is set on object 'Object Repository/VLink/Page_CCSale/txt_BillPaymentIndicator'

2021-06-22 00:51:36 - [MESSAGE][PASSED] - Object 'Object Repository/VLink/Page_CCSale/txt_UDF1' is present

2021-06-22 00:51:37 - [MESSAGE][PASSED] - Text 'UDF Data 1' is set on object 'Object Repository/VLink/Page_CCSale/txt_UDF1'

2021-06-22 00:51:37 - [MESSAGE][PASSED] - Object 'Object Repository/VLink/Page_CCSale/txt_UDF2' is present

2021-06-22 00:51:38 - [MESSAGE][PASSED] - Text 'UDF Data 2' is set on object 'Object Repository/VLink/Page_CCSale/txt_UDF2'

2021-06-22 00:51:38 - [MESSAGE][PASSED] - Object 'Object Repository/VLink/Page_CCSale/txt_UDF3' is present

2021-06-22 00:51:39 - [MESSAGE][PASSED] - Text 'UDF Data 3' is set on object 'Object Repository/VLink/Page_CCSale/txt_UDF3'

2021-06-22 00:51:39 - [MESSAGE][PASSED] - Object 'Object Repository/VLink/Page_CCSale/txt_UDF4' is present

2021-06-22 00:51:39 - [MESSAGE][PASSED] - Text 'UDF Data 4' is set on object 'Object Repository/VLink/Page_CCSale/txt_UDF4'

2021-06-22 00:51:40 - [MESSAGE][PASSED] - Object 'Object Repository/VLink/Page_CCSale/txt_UDF5' is present

2021-06-22 00:51:40 - [MESSAGE][PASSED] - Text 'UDF Data 5' is set on object 'Object Repository/VLink/Page_CCSale/txt_UDF5'

2021-06-22 00:51:41 - [MESSAGE][PASSED] - Object 'Object Repository/VLink/Page_CCSale/txt_UDF6' is present

2021-06-22 00:51:41 - [MESSAGE][PASSED] - Text 'UDF Data 6' is set on object 'Object Repository/VLink/Page_CCSale/txt_UDF6'

2021-06-22 00:51:42 - [MESSAGE][PASSED] - Object 'Object Repository/VLink/Page_CCSale/txt_UDF7' is present

2021-06-22 00:51:42 - [MESSAGE][PASSED] - Text 'UDF Data 7' is set on object 'Object Repository/VLink/Page_CCSale/txt_UDF7'

2021-06-22 00:51:42 - [MESSAGE][PASSED] - Object 'Object Repository/VLink/Page_CCSale/txt_UDF8' is present

2021-06-22 00:51:43 - [MESSAGE][PASSED] - Text 'UDF Data 8' is set on object 'Object Repository/VLink/Page_CCSale/txt_UDF8'

2021-06-22 00:51:43 - [MESSAGE][PASSED] - Object 'Object Repository/VLink/Page_CCSale/txt_UDF9' is present

2021-06-22 00:51:44 - [MESSAGE][PASSED] - Text 'UDF Data 9' is set on object 'Object Repository/VLink/Page_CCSale/txt_UDF9'

2021-06-22 00:51:44 - [MESSAGE][PASSED] - Object 'Object Repository/VLink/Page_CCSale/txt_UDF10' is present

2021-06-22 00:51:45 - [MESSAGE][PASSED] - Text 'UDF Data 10' is set on object 'Object Repository/VLink/Page_CCSale/txt_UDF10'

2021-06-22 00:51:45 - [MESSAGE][PASSED] - Object 'Object Repository/VLink/Page_CCSale/txt_CardOnFileIndicator' is present

2021-06-22 00:51:46 - [MESSAGE][PASSED] - Text '' is set on object 'Object Repository/VLink/Page_CCSale/txt_CardOnFileIndicator'

2021-06-22 00:51:46 - [MESSAGE][PASSED] - Object 'Object Repository/VLink/Page_CCSale/txt_StoredCredentialIndicator' is present

2021-06-22 00:51:46 - [MESSAGE][PASSED] - Text '' is set on object 'Object Repository/VLink/Page_CCSale/txt_StoredCredentialIndicator'

2021-06-22 00:51:47 - [MESSAGE][PASSED] - Object 'Object Repository/VLink/Page_CCSale/txt_COFScheduledIndicator' is present

2021-06-22 00:51:47 - [MESSAGE][PASSED] - Text '' is set on object 'Object Repository/VLink/Page_CCSale/txt_COFScheduledIndicator'

2021-06-22 00:51:48 - [MESSAGE][PASSED] - Object 'Object Repository/VLink/Page_CCSale/txt_COFTransactionInitiatedBy' is present

2021-06-22 00:51:48 - [MESSAGE][PASSED] - Text '' is set on object 'Object Repository/VLink/Page_CCSale/txt_COFTransactionInitiatedBy'

2021-06-22 00:51:51 - [MESSAGE][PASSED] - Object: 'Object Repository/VLink/Page_CCSale/btn_ProcessVLinkTransaction' is clicked on

2021-06-22 00:51:56 - [MESSAGE][PASSED] - vlinkPages.saleCCPage.setDataSCC is PASSED

2021-06-22 00:51:56 - [TEST_STEP][PASSED] - if (verifyTextPresent("Transaction approved, no errors", true)): null

2021-06-22 00:51:56 - [MESSAGE][PASSED] - Text 'Transaction approved, no errors' is present on page  using regular expression

2021-06-22 00:51:56 - [TEST_STEP][PASSED] - println("Transaction Approved, no errors text is present on the Confirmation page"): null

2021-06-22 00:51:56 - [TEST_STEP][PASSED] - out.println("Pass Record Number: " + row): null

2021-06-22 00:51:56 - [TEST_STEP][PASSED] - resText = "Pass": null

2021-06-22 00:51:56 - [TEST_STEP][PASSED] - pages.WriteExcel.demoKey(resText, datText, resColumn, datCloumn, fileLoc, nameSheet, row): pages.WriteExcel.demoKey is PASSED

2021-06-22 00:51:56 - [MESSAGE][PASSED] - pages.WriteExcel.demoKey is PASSED

2021-06-22 00:51:56 - [TEST_STEP][PASSED] - sdfo = getText(findTestObject("Object Repository/Page_VLinkReceipt/pre_STX")): Text of object 'Object Repository/Page_VLinkReceipt/pre_STX' is: '<STX>7VesUUwFXT2Y                  12098321            0  Transaction approved, no errors                   0                                                                                  XXOK1965   <ETX>'

2021-06-22 00:51:57 - [MESSAGE][PASSED] - Text of object 'Object Repository/Page_VLinkReceipt/pre_STX' is: '<STX>7VesUUwFXT2Y                  12098321            0  Transaction approved, no errors                   0                                                                                  XXOK1965   <ETX>'

2021-06-22 00:51:57 - [TEST_STEP][PASSED] - out.println("sdfo: " + sdfo): null

2021-06-22 00:51:57 - [TEST_STEP][PASSED] - remID = substring(5, 35).trim(): null

2021-06-22 00:51:57 - [TEST_STEP][PASSED] - out.println("Remittance ID: " + remID): null

2021-06-22 00:51:57 - [TEST_STEP][PASSED] - traxID = substring(35, 55).trim(): null

2021-06-22 00:51:57 - [TEST_STEP][PASSED] - out.println("Transaction ID: " + traxID): null

2021-06-22 00:51:57 - [TEST_STEP][PASSED] - out.println("End Record Number: " + row): null

2021-06-22 00:51:57 - [TEST_STEP][PASSED] - closeBrowser(): Browser is closed

2021-06-22 00:51:58 - [MESSAGE][PASSED] - Browser is closed

2021-06-22 00:51:58 - [TEST_STEP][PASSED] - out.println("Begin Record Number: " + row): null

2021-06-22 00:51:58 - [TEST_STEP][PASSED] - today = new java.util.Date(): null

2021-06-22 00:51:58 - [TEST_STEP][PASSED] - println(today): null

2021-06-22 00:51:58 - [TEST_STEP][PASSED] - datText = today: null

2021-06-22 00:51:58 - [TEST_STEP][PASSED] - openBrowser(VLinkURL + "authcap.html"): Browser is opened with url: 'https://dev-algorithm.govolution.com/vlinktest/QA/version_2_0/authcap.html'

2021-06-22 00:51:58 - [MESSAGE][INFO] - Starting 'Chrome' driver

2021-06-22 00:51:58 - [MESSAGE][INFO] - User set preference: ['acceptInsecureCerts', 'true']

2021-06-22 00:51:58 - [MESSAGE][INFO] - Action delay is set to 0 milliseconds

2021-06-22 00:52:00 - [MESSAGE][PASSED] - Browser is opened with url: 'https://dev-algorithm.govolution.com/vlinktest/QA/version_2_0/authcap.html'

2021-06-22 00:52:00 - [TEST_STEP][PASSED] - maximizeWindow(): Current window maximized

2021-06-22 00:52:00 - [MESSAGE][PASSED] - Current window maximized

2021-06-22 00:52:00 - [TEST_STEP][PASSED] - vlinkPages.saleCCPage.setDataSCC(row, dataFile): vlinkPages.saleCCPage.setDataSCC is PASSED

2021-06-22 00:52:03 - [MESSAGE][PASSED] - Object 'Object Repository/VLink/Page_CCSale/txt_CardNumber' is present

2021-06-22 00:52:03 - [MESSAGE][PASSED] - Object 'Object Repository/VLink/Page_CCSale/txt_TransactionType' is present

2021-06-22 00:52:04 - [MESSAGE][PASSED] - Text '104' is set on object 'Object Repository/VLink/Page_CCSale/txt_TransactionType'

2021-06-22 00:52:04 - [MESSAGE][PASSED] - Object 'Object Repository/VLink/Page_CCSale/txt_MessageVersion' is present

2021-06-22 00:52:04 - [MESSAGE][PASSED] - Text '2.0C' is set on object 'Object Repository/VLink/Page_CCSale/txt_MessageVersion'

2021-06-22 00:52:05 - [MESSAGE][PASSED] - Object 'Object Repository/VLink/Page_CCSale/txt_RemID' is present

2021-06-22 00:52:05 - [MESSAGE][PASSED] - Text '1acSghnK4vi8' is set on object 'Object Repository/VLink/Page_CCSale/txt_RemID'

2021-06-22 00:52:06 - [MESSAGE][PASSED] - Object 'Object Repository/VLink/Page_CCSale/txt_ApplicationId' is present

2021-06-22 00:52:06 - [MESSAGE][PASSED] - Text '672' is set on object 'Object Repository/VLink/Page_CCSale/txt_ApplicationId'

2021-06-22 00:52:07 - [MESSAGE][PASSED] - Object 'Object Repository/VLink/Page_CCSale/txt_Username' is present

2021-06-22 00:52:07 - [MESSAGE][PASSED] - Text 'username' is set on object 'Object Repository/VLink/Page_CCSale/txt_Username'

2021-06-22 00:52:08 - [MESSAGE][PASSED] - Object 'Object Repository/VLink/Page_CCSale/txt_Password' is present

2021-06-22 00:52:08 - [MESSAGE][PASSED] - Text 'password' is set on object 'Object Repository/VLink/Page_CCSale/txt_Password'

2021-06-22 00:52:08 - [MESSAGE][PASSED] - Object 'Object Repository/VLink/Page_CCSale/txt_ResponseFormat' is present

2021-06-22 00:52:09 - [MESSAGE][PASSED] - Text 'fixed_width' is set on object 'Object Repository/VLink/Page_CCSale/txt_ResponseFormat'

2021-06-22 00:52:09 - [MESSAGE][PASSED] - Object 'Object Repository/VLink/Page_CCSale/txt_Category' is present

2021-06-22 00:52:10 - [MESSAGE][PASSED] - Text 'ECOM' is set on object 'Object Repository/VLink/Page_CCSale/txt_Category'

2021-06-22 00:52:10 - [MESSAGE][PASSED] - Object 'Object Repository/VLink/Page_CCSale/txt_TransactionID' is present

2021-06-22 00:52:11 - [MESSAGE][PASSED] - Text '' is set on object 'Object Repository/VLink/Page_CCSale/txt_TransactionID'

2021-06-22 00:52:11 - [MESSAGE][PASSED] - Object 'Object Repository/VLink/Page_CCSale/txt_ApprovalCode' is present

2021-06-22 00:52:12 - [MESSAGE][PASSED] - Text '' is set on object 'Object Repository/VLink/Page_CCSale/txt_ApprovalCode'

2021-06-22 00:52:12 - [MESSAGE][PASSED] - Object 'Object Repository/VLink/Page_CCSale/txt_CardName' is present

2021-06-22 00:52:13 - [MESSAGE][PASSED] - Text 'Arvind Silva' is set on object 'Object Repository/VLink/Page_CCSale/txt_CardName'

2021-06-22 00:52:13 - [MESSAGE][PASSED] - Object 'Object Repository/VLink/Page_CCSale/txt_AL1' is present

2021-06-22 00:52:14 - [MESSAGE][PASSED] - Text '111 Main Ave' is set on object 'Object Repository/VLink/Page_CCSale/txt_AL1'

2021-06-22 00:52:14 - [MESSAGE][PASSED] - Object 'Object Repository/VLink/Page_CCSale/txt_AL2' is present

2021-06-22 00:52:15 - [MESSAGE][PASSED] - Text '' is set on object 'Object Repository/VLink/Page_CCSale/txt_AL2'

2021-06-22 00:52:15 - [MESSAGE][PASSED] - Object 'Object Repository/VLink/Page_CCSale/txt_CardCity' is present

2021-06-22 00:52:16 - [MESSAGE][PASSED] - Text 'Arlington' is set on object 'Object Repository/VLink/Page_CCSale/txt_CardCity'

2021-06-22 00:52:16 - [MESSAGE][PASSED] - Object 'Object Repository/VLink/Page_CCSale/txt_CardState' is present

2021-06-22 00:52:16 - [MESSAGE][PASSED] - Text 'VA' is set on object 'Object Repository/VLink/Page_CCSale/txt_CardState'

2021-06-22 00:52:17 - [MESSAGE][PASSED] - Object 'Object Repository/VLink/Page_CCSale/txt_CardZIP' is present

2021-06-22 00:52:17 - [MESSAGE][PASSED] - Text '22201' is set on object 'Object Repository/VLink/Page_CCSale/txt_CardZIP'

2021-06-22 00:52:18 - [MESSAGE][PASSED] - Object 'Object Repository/VLink/Page_CCSale/txt_CountryID' is present

2021-06-22 00:52:18 - [MESSAGE][PASSED] - Text '' is set on object 'Object Repository/VLink/Page_CCSale/txt_CountryID'

2021-06-22 00:52:19 - [MESSAGE][PASSED] - Object 'Object Repository/VLink/Page_CCSale/txt_Amount' is present

2021-06-22 00:52:19 - [MESSAGE][PASSED] - Text '2.50' is set on object 'Object Repository/VLink/Page_CCSale/txt_Amount'

2021-06-22 00:52:19 - [MESSAGE][PASSED] - Object 'Object Repository/VLink/Page_CCSale/txt_CardNumber' is present

2021-06-22 00:52:20 - [MESSAGE][PASSED] - Text '5424000000000015' is set on object 'Object Repository/VLink/Page_CCSale/txt_CardNumber'

2021-06-22 00:52:20 - [MESSAGE][PASSED] - Object 'Object Repository/VLink/Page_CCSale/txt_ExpMonth' is present

2021-06-22 00:52:21 - [MESSAGE][PASSED] - Text '01' is set on object 'Object Repository/VLink/Page_CCSale/txt_ExpMonth'

2021-06-22 00:52:21 - [MESSAGE][PASSED] - Object 'Object Repository/VLink/Page_CCSale/txt_ExpYear' is present

2021-06-22 00:52:22 - [MESSAGE][PASSED] - Text '2026' is set on object 'Object Repository/VLink/Page_CCSale/txt_ExpYear'

2021-06-22 00:52:22 - [MESSAGE][PASSED] - Object 'Object Repository/VLink/Page_CCSale/txt_CVV' is present

2021-06-22 00:52:23 - [MESSAGE][PASSED] - Text '' is set on object 'Object Repository/VLink/Page_CCSale/txt_CVV'

2021-06-22 00:52:23 - [MESSAGE][PASSED] - Object 'Object Repository/VLink/Page_CCSale/txt_CVVstate' is present

2021-06-22 00:52:24 - [MESSAGE][PASSED] - Text '' is set on object 'Object Repository/VLink/Page_CCSale/txt_CVVstate'

2021-06-22 00:52:24 - [MESSAGE][PASSED] - Object 'Object Repository/VLink/Page_CCSale/txt_TrackData' is present

2021-06-22 00:52:25 - [MESSAGE][PASSED] - Text '' is set on object 'Object Repository/VLink/Page_CCSale/txt_TrackData'

2021-06-22 00:52:25 - [MESSAGE][PASSED] - Object 'Object Repository/VLink/Page_CCSale/txt_Track1Data' is present

2021-06-22 00:52:25 - [MESSAGE][PASSED] - Text '' is set on object 'Object Repository/VLink/Page_CCSale/txt_Track1Data'

2021-06-22 00:52:26 - [MESSAGE][PASSED] - Object 'Object Repository/VLink/Page_CCSale/txt_Track2Data' is present

2021-06-22 00:52:26 - [MESSAGE][PASSED] - Text '' is set on object 'Object Repository/VLink/Page_CCSale/txt_Track2Data'

2021-06-22 00:52:27 - [MESSAGE][PASSED] - Object 'Object Repository/VLink/Page_CCSale/txt_POSEntryMode' is present

2021-06-22 00:52:27 - [MESSAGE][PASSED] - Text 'manual' is set on object 'Object Repository/VLink/Page_CCSale/txt_POSEntryMode'

2021-06-22 00:52:27 - [MESSAGE][PASSED] - Object 'Object Repository/VLink/Page_CCSale/txt_Email' is present

2021-06-22 00:52:28 - [MESSAGE][PASSED] - Text '' is set on object 'Object Repository/VLink/Page_CCSale/txt_Email'

2021-06-22 00:52:28 - [MESSAGE][PASSED] - Object 'Object Repository/VLink/Page_CCSale/txt_OrderNumber' is present

2021-06-22 00:52:29 - [MESSAGE][PASSED] - Text '' is set on object 'Object Repository/VLink/Page_CCSale/txt_OrderNumber'

2021-06-22 00:52:30 - [MESSAGE][PASSED] - Object 'Object Repository/VLink/Page_CCSale/txt_TaxAmount' is present

2021-06-22 00:52:30 - [MESSAGE][PASSED] - Text '' is set on object 'Object Repository/VLink/Page_CCSale/txt_TaxAmount'

2021-06-22 00:52:31 - [MESSAGE][PASSED] - Object 'Object Repository/VLink/Page_CCSale/txt_ChargeDescription' is present

2021-06-22 00:52:31 - [MESSAGE][PASSED] - Text '' is set on object 'Object Repository/VLink/Page_CCSale/txt_ChargeDescription'

2021-06-22 00:52:32 - [MESSAGE][PASSED] - Object 'Object Repository/VLink/Page_CCSale/txt_CAN' is present

2021-06-22 00:52:32 - [MESSAGE][PASSED] - Text '' is set on object 'Object Repository/VLink/Page_CCSale/txt_CAN'

2021-06-22 00:52:33 - [MESSAGE][PASSED] - Object 'Object Repository/VLink/Page_CCSale/txt_BillPaymentIndicator' is present

2021-06-22 00:52:33 - [MESSAGE][PASSED] - Text '' is set on object 'Object Repository/VLink/Page_CCSale/txt_BillPaymentIndicator'

2021-06-22 00:52:33 - [MESSAGE][PASSED] - Object 'Object Repository/VLink/Page_CCSale/txt_UDF1' is present

2021-06-22 00:52:34 - [MESSAGE][PASSED] - Text '' is set on object 'Object Repository/VLink/Page_CCSale/txt_UDF1'

2021-06-22 00:52:35 - [MESSAGE][PASSED] - Object 'Object Repository/VLink/Page_CCSale/txt_UDF2' is present

2021-06-22 00:52:35 - [MESSAGE][PASSED] - Text '' is set on object 'Object Repository/VLink/Page_CCSale/txt_UDF2'

2021-06-22 00:52:36 - [MESSAGE][PASSED] - Object 'Object Repository/VLink/Page_CCSale/txt_UDF3' is present

2021-06-22 00:52:36 - [MESSAGE][PASSED] - Text '' is set on object 'Object Repository/VLink/Page_CCSale/txt_UDF3'

2021-06-22 00:52:37 - [MESSAGE][PASSED] - Object 'Object Repository/VLink/Page_CCSale/txt_UDF4' is present

2021-06-22 00:52:37 - [MESSAGE][PASSED] - Text '' is set on object 'Object Repository/VLink/Page_CCSale/txt_UDF4'

2021-06-22 00:52:38 - [MESSAGE][PASSED] - Object 'Object Repository/VLink/Page_CCSale/txt_UDF5' is present

2021-06-22 00:52:38 - [MESSAGE][PASSED] - Text '' is set on object 'Object Repository/VLink/Page_CCSale/txt_UDF5'

2021-06-22 00:52:38 - [MESSAGE][PASSED] - Object 'Object Repository/VLink/Page_CCSale/txt_UDF6' is present

2021-06-22 00:52:39 - [MESSAGE][PASSED] - Text '' is set on object 'Object Repository/VLink/Page_CCSale/txt_UDF6'

2021-06-22 00:52:39 - [MESSAGE][PASSED] - Object 'Object Repository/VLink/Page_CCSale/txt_UDF7' is present

2021-06-22 00:52:40 - [MESSAGE][PASSED] - Text '' is set on object 'Object Repository/VLink/Page_CCSale/txt_UDF7'

2021-06-22 00:52:40 - [MESSAGE][PASSED] - Object 'Object Repository/VLink/Page_CCSale/txt_UDF8' is present

2021-06-22 00:52:41 - [MESSAGE][PASSED] - Text '' is set on object 'Object Repository/VLink/Page_CCSale/txt_UDF8'

2021-06-22 00:52:41 - [MESSAGE][PASSED] - Object 'Object Repository/VLink/Page_CCSale/txt_UDF9' is present

2021-06-22 00:52:42 - [MESSAGE][PASSED] - Text '' is set on object 'Object Repository/VLink/Page_CCSale/txt_UDF9'

2021-06-22 00:52:42 - [MESSAGE][PASSED] - Object 'Object Repository/VLink/Page_CCSale/txt_UDF10' is present

2021-06-22 00:52:42 - [MESSAGE][PASSED] - Text '' is set on object 'Object Repository/VLink/Page_CCSale/txt_UDF10'

2021-06-22 00:52:43 - [MESSAGE][PASSED] - Object 'Object Repository/VLink/Page_CCSale/txt_CardOnFileIndicator' is present

2021-06-22 00:52:43 - [MESSAGE][PASSED] - Text '' is set on object 'Object Repository/VLink/Page_CCSale/txt_CardOnFileIndicator'

2021-06-22 00:52:44 - [MESSAGE][PASSED] - Object 'Object Repository/VLink/Page_CCSale/txt_StoredCredentialIndicator' is present

2021-06-22 00:52:44 - [MESSAGE][PASSED] - Text '' is set on object 'Object Repository/VLink/Page_CCSale/txt_StoredCredentialIndicator'

2021-06-22 00:52:45 - [MESSAGE][PASSED] - Object 'Object Repository/VLink/Page_CCSale/txt_COFScheduledIndicator' is present

2021-06-22 00:52:45 - [MESSAGE][PASSED] - Text '' is set on object 'Object Repository/VLink/Page_CCSale/txt_COFScheduledIndicator'

2021-06-22 00:52:45 - [MESSAGE][PASSED] - Object 'Object Repository/VLink/Page_CCSale/txt_COFTransactionInitiatedBy' is present

2021-06-22 00:52:46 - [MESSAGE][PASSED] - Text '' is set on object 'Object Repository/VLink/Page_CCSale/txt_COFTransactionInitiatedBy'

2021-06-22 00:52:49 - [MESSAGE][PASSED] - Object: 'Object Repository/VLink/Page_CCSale/btn_ProcessVLinkTransaction' is clicked on

2021-06-22 00:52:54 - [MESSAGE][PASSED] - vlinkPages.saleCCPage.setDataSCC is PASSED

2021-06-22 00:52:54 - [TEST_STEP][PASSED] - if (verifyTextPresent("Transaction approved, no errors", true)): null

2021-06-22 00:52:54 - [MESSAGE][PASSED] - Text 'Transaction approved, no errors' is present on page  using regular expression

2021-06-22 00:52:54 - [TEST_STEP][PASSED] - println("Transaction Approved, no errors text is present on the Confirmation page"): null

2021-06-22 00:52:54 - [TEST_STEP][PASSED] - out.println("Pass Record Number: " + row): null

2021-06-22 00:52:54 - [TEST_STEP][PASSED] - resText = "Pass": null

2021-06-22 00:52:54 - [TEST_STEP][PASSED] - pages.WriteExcel.demoKey(resText, datText, resColumn, datCloumn, fileLoc, nameSheet, row): pages.WriteExcel.demoKey is PASSED

2021-06-22 00:52:54 - [MESSAGE][PASSED] - pages.WriteExcel.demoKey is PASSED

2021-06-22 00:52:54 - [TEST_STEP][PASSED] - sdfo = getText(findTestObject("Object Repository/Page_VLinkReceipt/pre_STX")): Text of object 'Object Repository/Page_VLinkReceipt/pre_STX' is: '<STX>1acSghnK4vi8                  12098322            0  Transaction approved, no errors                   0                                                                                  XXOK2065   <ETX>'

2021-06-22 00:52:55 - [MESSAGE][PASSED] - Text of object 'Object Repository/Page_VLinkReceipt/pre_STX' is: '<STX>1acSghnK4vi8                  12098322            0  Transaction approved, no errors                   0                                                                                  XXOK2065   <ETX>'

2021-06-22 00:52:55 - [TEST_STEP][PASSED] - out.println("sdfo: " + sdfo): null

2021-06-22 00:52:55 - [TEST_STEP][PASSED] - remID = substring(5, 35).trim(): null

2021-06-22 00:52:55 - [TEST_STEP][PASSED] - out.println("Remittance ID: " + remID): null

2021-06-22 00:52:55 - [TEST_STEP][PASSED] - traxID = substring(35, 55).trim(): null

2021-06-22 00:52:55 - [TEST_STEP][PASSED] - out.println("Transaction ID: " + traxID): null

2021-06-22 00:52:55 - [TEST_STEP][PASSED] - out.println("End Record Number: " + row): null

2021-06-22 00:52:55 - [TEST_STEP][PASSED] - closeBrowser(): Browser is closed

2021-06-22 00:52:55 - [MESSAGE][PASSED] - Browser is closed

2021-06-22 00:52:55 - [TEST_STEP][PASSED] - out.println("Begin Record Number: " + row): null

2021-06-22 00:52:55 - [TEST_STEP][PASSED] - today = new java.util.Date(): null

2021-06-22 00:52:55 - [TEST_STEP][PASSED] - println(today): null

2021-06-22 00:52:55 - [TEST_STEP][PASSED] - datText = today: null

2021-06-22 00:52:55 - [TEST_STEP][PASSED] - openBrowser(VLinkURL + "authcap.html"): Browser is opened with url: 'https://dev-algorithm.govolution.com/vlinktest/QA/version_2_0/authcap.html'

2021-06-22 00:52:55 - [MESSAGE][INFO] - Starting 'Chrome' driver

2021-06-22 00:52:55 - [MESSAGE][INFO] - User set preference: ['acceptInsecureCerts', 'true']

2021-06-22 00:52:55 - [MESSAGE][INFO] - Action delay is set to 0 milliseconds

2021-06-22 00:52:58 - [MESSAGE][PASSED] - Browser is opened with url: 'https://dev-algorithm.govolution.com/vlinktest/QA/version_2_0/authcap.html'

2021-06-22 00:52:58 - [TEST_STEP][PASSED] - maximizeWindow(): Current window maximized

2021-06-22 00:52:58 - [MESSAGE][PASSED] - Current window maximized

2021-06-22 00:52:58 - [TEST_STEP][PASSED] - vlinkPages.saleCCPage.setDataSCC(row, dataFile): vlinkPages.saleCCPage.setDataSCC is PASSED

2021-06-22 00:53:01 - [MESSAGE][PASSED] - Object 'Object Repository/VLink/Page_CCSale/txt_CardNumber' is present

2021-06-22 00:53:01 - [MESSAGE][PASSED] - Object 'Object Repository/VLink/Page_CCSale/txt_TransactionType' is present

2021-06-22 00:53:02 - [MESSAGE][PASSED] - Text '104' is set on object 'Object Repository/VLink/Page_CCSale/txt_TransactionType'

2021-06-22 00:53:02 - [MESSAGE][PASSED] - Object 'Object Repository/VLink/Page_CCSale/txt_MessageVersion' is present

2021-06-22 00:53:03 - [MESSAGE][PASSED] - Text '2.0C' is set on object 'Object Repository/VLink/Page_CCSale/txt_MessageVersion'

2021-06-22 00:53:03 - [MESSAGE][PASSED] - Object 'Object Repository/VLink/Page_CCSale/txt_RemID' is present

2021-06-22 00:53:04 - [MESSAGE][PASSED] - Text 'xMasyf6ZUZH5' is set on object 'Object Repository/VLink/Page_CCSale/txt_RemID'

2021-06-22 00:53:04 - [MESSAGE][PASSED] - Object 'Object Repository/VLink/Page_CCSale/txt_ApplicationId' is present

2021-06-22 00:53:05 - [MESSAGE][PASSED] - Text '677' is set on object 'Object Repository/VLink/Page_CCSale/txt_ApplicationId'

2021-06-22 00:53:05 - [MESSAGE][PASSED] - Object 'Object Repository/VLink/Page_CCSale/txt_Username' is present

2021-06-22 00:53:06 - [MESSAGE][PASSED] - Text 'username' is set on object 'Object Repository/VLink/Page_CCSale/txt_Username'

2021-06-22 00:53:06 - [MESSAGE][PASSED] - Object 'Object Repository/VLink/Page_CCSale/txt_Password' is present

2021-06-22 00:53:06 - [MESSAGE][PASSED] - Text 'password' is set on object 'Object Repository/VLink/Page_CCSale/txt_Password'

2021-06-22 00:53:07 - [MESSAGE][PASSED] - Object 'Object Repository/VLink/Page_CCSale/txt_ResponseFormat' is present

2021-06-22 00:53:08 - [MESSAGE][PASSED] - Text 'fixed_width' is set on object 'Object Repository/VLink/Page_CCSale/txt_ResponseFormat'

2021-06-22 00:53:08 - [MESSAGE][PASSED] - Object 'Object Repository/VLink/Page_CCSale/txt_Category' is present

2021-06-22 00:53:08 - [MESSAGE][PASSED] - Text 'ECOM' is set on object 'Object Repository/VLink/Page_CCSale/txt_Category'

2021-06-22 00:53:09 - [MESSAGE][PASSED] - Object 'Object Repository/VLink/Page_CCSale/txt_TransactionID' is present

2021-06-22 00:53:09 - [MESSAGE][PASSED] - Text '' is set on object 'Object Repository/VLink/Page_CCSale/txt_TransactionID'

2021-06-22 00:53:10 - [MESSAGE][PASSED] - Object 'Object Repository/VLink/Page_CCSale/txt_ApprovalCode' is present

2021-06-22 00:53:10 - [MESSAGE][PASSED] - Text '' is set on object 'Object Repository/VLink/Page_CCSale/txt_ApprovalCode'

2021-06-22 00:53:10 - [MESSAGE][PASSED] - Object 'Object Repository/VLink/Page_CCSale/txt_CardName' is present

2021-06-22 00:53:11 - [MESSAGE][PASSED] - Text 'Roshan Maha' is set on object 'Object Repository/VLink/Page_CCSale/txt_CardName'

2021-06-22 00:53:11 - [MESSAGE][PASSED] - Object 'Object Repository/VLink/Page_CCSale/txt_AL1' is present

2021-06-22 00:53:12 - [MESSAGE][PASSED] - Text '12563 Bazaar road' is set on object 'Object Repository/VLink/Page_CCSale/txt_AL1'

2021-06-22 00:53:13 - [MESSAGE][PASSED] - Object 'Object Repository/VLink/Page_CCSale/txt_AL2' is present

2021-06-22 00:53:13 - [MESSAGE][PASSED] - Text '' is set on object 'Object Repository/VLink/Page_CCSale/txt_AL2'

2021-06-22 00:53:14 - [MESSAGE][PASSED] - Object 'Object Repository/VLink/Page_CCSale/txt_CardCity' is present

2021-06-22 00:53:14 - [MESSAGE][PASSED] - Text 'Crofton' is set on object 'Object Repository/VLink/Page_CCSale/txt_CardCity'

2021-06-22 00:53:14 - [MESSAGE][PASSED] - Object 'Object Repository/VLink/Page_CCSale/txt_CardState' is present

2021-06-22 00:53:15 - [MESSAGE][PASSED] - Text 'MD' is set on object 'Object Repository/VLink/Page_CCSale/txt_CardState'

2021-06-22 00:53:15 - [MESSAGE][PASSED] - Object 'Object Repository/VLink/Page_CCSale/txt_CardZIP' is present

2021-06-22 00:53:16 - [MESSAGE][PASSED] - Text '21114' is set on object 'Object Repository/VLink/Page_CCSale/txt_CardZIP'

2021-06-22 00:53:16 - [MESSAGE][PASSED] - Object 'Object Repository/VLink/Page_CCSale/txt_CountryID' is present

2021-06-22 00:53:17 - [MESSAGE][PASSED] - Text '' is set on object 'Object Repository/VLink/Page_CCSale/txt_CountryID'

2021-06-22 00:53:17 - [MESSAGE][PASSED] - Object 'Object Repository/VLink/Page_CCSale/txt_Amount' is present

2021-06-22 00:53:18 - [MESSAGE][PASSED] - Text '3.50' is set on object 'Object Repository/VLink/Page_CCSale/txt_Amount'

2021-06-22 00:53:18 - [MESSAGE][PASSED] - Object 'Object Repository/VLink/Page_CCSale/txt_CardNumber' is present

2021-06-22 00:53:19 - [MESSAGE][PASSED] - Text '5424000000000015' is set on object 'Object Repository/VLink/Page_CCSale/txt_CardNumber'

2021-06-22 00:53:19 - [MESSAGE][PASSED] - Object 'Object Repository/VLink/Page_CCSale/txt_ExpMonth' is present

2021-06-22 00:53:20 - [MESSAGE][PASSED] - Text '01' is set on object 'Object Repository/VLink/Page_CCSale/txt_ExpMonth'

2021-06-22 00:53:20 - [MESSAGE][PASSED] - Object 'Object Repository/VLink/Page_CCSale/txt_ExpYear' is present

2021-06-22 00:53:21 - [MESSAGE][PASSED] - Text '2026' is set on object 'Object Repository/VLink/Page_CCSale/txt_ExpYear'

2021-06-22 00:53:21 - [MESSAGE][PASSED] - Object 'Object Repository/VLink/Page_CCSale/txt_CVV' is present

2021-06-22 00:53:22 - [MESSAGE][PASSED] - Text '' is set on object 'Object Repository/VLink/Page_CCSale/txt_CVV'

2021-06-22 00:53:22 - [MESSAGE][PASSED] - Object 'Object Repository/VLink/Page_CCSale/txt_CVVstate' is present

2021-06-22 00:53:23 - [MESSAGE][PASSED] - Text '' is set on object 'Object Repository/VLink/Page_CCSale/txt_CVVstate'

2021-06-22 00:53:23 - [MESSAGE][PASSED] - Object 'Object Repository/VLink/Page_CCSale/txt_TrackData' is present

2021-06-22 00:53:24 - [MESSAGE][PASSED] - Text '' is set on object 'Object Repository/VLink/Page_CCSale/txt_TrackData'

2021-06-22 00:53:24 - [MESSAGE][PASSED] - Object 'Object Repository/VLink/Page_CCSale/txt_Track1Data' is present

2021-06-22 00:53:25 - [MESSAGE][PASSED] - Text '' is set on object 'Object Repository/VLink/Page_CCSale/txt_Track1Data'

2021-06-22 00:53:25 - [MESSAGE][PASSED] - Object 'Object Repository/VLink/Page_CCSale/txt_Track2Data' is present

2021-06-22 00:53:26 - [MESSAGE][PASSED] - Text '' is set on object 'Object Repository/VLink/Page_CCSale/txt_Track2Data'

2021-06-22 00:53:26 - [MESSAGE][PASSED] - Object 'Object Repository/VLink/Page_CCSale/txt_POSEntryMode' is present

2021-06-22 00:53:27 - [MESSAGE][PASSED] - Text 'manual' is set on object 'Object Repository/VLink/Page_CCSale/txt_POSEntryMode'

2021-06-22 00:53:27 - [MESSAGE][PASSED] - Object 'Object Repository/VLink/Page_CCSale/txt_Email' is present

2021-06-22 00:53:28 - [MESSAGE][PASSED] - Text '' is set on object 'Object Repository/VLink/Page_CCSale/txt_Email'

2021-06-22 00:53:28 - [MESSAGE][PASSED] - Object 'Object Repository/VLink/Page_CCSale/txt_OrderNumber' is present

2021-06-22 00:53:28 - [MESSAGE][PASSED] - Text '' is set on object 'Object Repository/VLink/Page_CCSale/txt_OrderNumber'

2021-06-22 00:53:29 - [MESSAGE][PASSED] - Object 'Object Repository/VLink/Page_CCSale/txt_TaxAmount' is present

2021-06-22 00:53:29 - [MESSAGE][PASSED] - Text '' is set on object 'Object Repository/VLink/Page_CCSale/txt_TaxAmount'

2021-06-22 00:53:30 - [MESSAGE][PASSED] - Object 'Object Repository/VLink/Page_CCSale/txt_ChargeDescription' is present

2021-06-22 00:53:30 - [MESSAGE][PASSED] - Text '' is set on object 'Object Repository/VLink/Page_CCSale/txt_ChargeDescription'

2021-06-22 00:53:31 - [MESSAGE][PASSED] - Object 'Object Repository/VLink/Page_CCSale/txt_CAN' is present

2021-06-22 00:53:31 - [MESSAGE][PASSED] - Text '' is set on object 'Object Repository/VLink/Page_CCSale/txt_CAN'

2021-06-22 00:53:31 - [MESSAGE][PASSED] - Object 'Object Repository/VLink/Page_CCSale/txt_BillPaymentIndicator' is present

2021-06-22 00:53:32 - [MESSAGE][PASSED] - Text '' is set on object 'Object Repository/VLink/Page_CCSale/txt_BillPaymentIndicator'

2021-06-22 00:53:32 - [MESSAGE][PASSED] - Object 'Object Repository/VLink/Page_CCSale/txt_UDF1' is present

2021-06-22 00:53:33 - [MESSAGE][PASSED] - Text '' is set on object 'Object Repository/VLink/Page_CCSale/txt_UDF1'

2021-06-22 00:53:33 - [MESSAGE][PASSED] - Object 'Object Repository/VLink/Page_CCSale/txt_UDF2' is present

2021-06-22 00:53:34 - [MESSAGE][PASSED] - Text '' is set on object 'Object Repository/VLink/Page_CCSale/txt_UDF2'

2021-06-22 00:53:34 - [MESSAGE][PASSED] - Object 'Object Repository/VLink/Page_CCSale/txt_UDF3' is present

2021-06-22 00:53:35 - [MESSAGE][PASSED] - Text '' is set on object 'Object Repository/VLink/Page_CCSale/txt_UDF3'

2021-06-22 00:53:35 - [MESSAGE][PASSED] - Object 'Object Repository/VLink/Page_CCSale/txt_UDF4' is present

2021-06-22 00:53:36 - [MESSAGE][PASSED] - Text '' is set on object 'Object Repository/VLink/Page_CCSale/txt_UDF4'

2021-06-22 00:53:36 - [MESSAGE][PASSED] - Object 'Object Repository/VLink/Page_CCSale/txt_UDF5' is present

2021-06-22 00:53:37 - [MESSAGE][PASSED] - Text '' is set on object 'Object Repository/VLink/Page_CCSale/txt_UDF5'

2021-06-22 00:53:37 - [MESSAGE][PASSED] - Object 'Object Repository/VLink/Page_CCSale/txt_UDF6' is present

2021-06-22 00:53:38 - [MESSAGE][PASSED] - Text '' is set on object 'Object Repository/VLink/Page_CCSale/txt_UDF6'

2021-06-22 00:53:38 - [MESSAGE][PASSED] - Object 'Object Repository/VLink/Page_CCSale/txt_UDF7' is present

2021-06-22 00:53:39 - [MESSAGE][PASSED] - Text '' is set on object 'Object Repository/VLink/Page_CCSale/txt_UDF7'

2021-06-22 00:53:39 - [MESSAGE][PASSED] - Object 'Object Repository/VLink/Page_CCSale/txt_UDF8' is present

2021-06-22 00:53:40 - [MESSAGE][PASSED] - Text '' is set on object 'Object Repository/VLink/Page_CCSale/txt_UDF8'

2021-06-22 00:53:40 - [MESSAGE][PASSED] - Object 'Object Repository/VLink/Page_CCSale/txt_UDF9' is present

2021-06-22 00:53:41 - [MESSAGE][PASSED] - Text '' is set on object 'Object Repository/VLink/Page_CCSale/txt_UDF9'

2021-06-22 00:53:41 - [MESSAGE][PASSED] - Object 'Object Repository/VLink/Page_CCSale/txt_UDF10' is present

2021-06-22 00:53:42 - [MESSAGE][PASSED] - Text '' is set on object 'Object Repository/VLink/Page_CCSale/txt_UDF10'

2021-06-22 00:53:42 - [MESSAGE][PASSED] - Object 'Object Repository/VLink/Page_CCSale/txt_CardOnFileIndicator' is present

2021-06-22 00:53:43 - [MESSAGE][PASSED] - Text '' is set on object 'Object Repository/VLink/Page_CCSale/txt_CardOnFileIndicator'

2021-06-22 00:53:43 - [MESSAGE][PASSED] - Object 'Object Repository/VLink/Page_CCSale/txt_StoredCredentialIndicator' is present

2021-06-22 00:53:44 - [MESSAGE][PASSED] - Text '' is set on object 'Object Repository/VLink/Page_CCSale/txt_StoredCredentialIndicator'

2021-06-22 00:53:44 - [MESSAGE][PASSED] - Object 'Object Repository/VLink/Page_CCSale/txt_COFScheduledIndicator' is present

2021-06-22 00:53:45 - [MESSAGE][PASSED] - Text '' is set on object 'Object Repository/VLink/Page_CCSale/txt_COFScheduledIndicator'

2021-06-22 00:53:45 - [MESSAGE][PASSED] - Object 'Object Repository/VLink/Page_CCSale/txt_COFTransactionInitiatedBy' is present

2021-06-22 00:53:46 - [MESSAGE][PASSED] - Text '' is set on object 'Object Repository/VLink/Page_CCSale/txt_COFTransactionInitiatedBy'

2021-06-22 00:53:49 - [MESSAGE][PASSED] - Object: 'Object Repository/VLink/Page_CCSale/btn_ProcessVLinkTransaction' is clicked on

2021-06-22 00:53:54 - [MESSAGE][PASSED] - vlinkPages.saleCCPage.setDataSCC is PASSED

2021-06-22 00:53:54 - [TEST_STEP][PASSED] - if (verifyTextPresent("Transaction approved, no errors", true)): null

2021-06-22 00:53:54 - [MESSAGE][PASSED] - Text 'Transaction approved, no errors' is present on page  using regular expression

2021-06-22 00:53:54 - [TEST_STEP][PASSED] - println("Transaction Approved, no errors text is present on the Confirmation page"): null

2021-06-22 00:53:54 - [TEST_STEP][PASSED] - out.println("Pass Record Number: " + row): null

2021-06-22 00:53:54 - [TEST_STEP][PASSED] - resText = "Pass": null

2021-06-22 00:53:54 - [TEST_STEP][PASSED] - pages.WriteExcel.demoKey(resText, datText, resColumn, datCloumn, fileLoc, nameSheet, row): pages.WriteExcel.demoKey is PASSED

2021-06-22 00:53:55 - [MESSAGE][PASSED] - pages.WriteExcel.demoKey is PASSED

2021-06-22 00:53:55 - [TEST_STEP][PASSED] - sdfo = getText(findTestObject("Object Repository/Page_VLinkReceipt/pre_STX")): Text of object 'Object Repository/Page_VLinkReceipt/pre_STX' is: '<STX>xMasyf6ZUZH5                  12098323            0  Transaction approved, no errors                   0                                                                                  XXOK2255   <ETX>'

2021-06-22 00:53:55 - [MESSAGE][PASSED] - Text of object 'Object Repository/Page_VLinkReceipt/pre_STX' is: '<STX>xMasyf6ZUZH5                  12098323            0  Transaction approved, no errors                   0                                                                                  XXOK2255   <ETX>'

2021-06-22 00:53:55 - [TEST_STEP][PASSED] - out.println("sdfo: " + sdfo): null

2021-06-22 00:53:55 - [TEST_STEP][PASSED] - remID = substring(5, 35).trim(): null

2021-06-22 00:53:55 - [TEST_STEP][PASSED] - out.println("Remittance ID: " + remID): null

2021-06-22 00:53:55 - [TEST_STEP][PASSED] - traxID = substring(35, 55).trim(): null

2021-06-22 00:53:55 - [TEST_STEP][PASSED] - out.println("Transaction ID: " + traxID): null

2021-06-22 00:53:55 - [TEST_STEP][PASSED] - out.println("End Record Number: " + row): null

2021-06-22 00:53:55 - [TEST_STEP][PASSED] - closeBrowser(): Browser is closed

2021-06-22 00:53:56 - [MESSAGE][PASSED] - Browser is closed

2021-06-22 00:53:56 - [TEST_STEP][PASSED] - out.println("Begin Record Number: " + row): null

2021-06-22 00:53:56 - [TEST_STEP][PASSED] - today = new java.util.Date(): null

2021-06-22 00:53:56 - [TEST_STEP][PASSED] - println(today): null

2021-06-22 00:53:56 - [TEST_STEP][PASSED] - datText = today: null

2021-06-22 00:53:56 - [TEST_STEP][PASSED] - openBrowser(VLinkURL + "authcap.html"): Browser is opened with url: 'https://dev-algorithm.govolution.com/vlinktest/QA/version_2_0/authcap.html'

2021-06-22 00:53:56 - [MESSAGE][INFO] - Starting 'Chrome' driver

2021-06-22 00:53:56 - [MESSAGE][INFO] - User set preference: ['acceptInsecureCerts', 'true']

2021-06-22 00:53:56 - [MESSAGE][INFO] - Action delay is set to 0 milliseconds

2021-06-22 00:53:57 - [MESSAGE][PASSED] - Browser is opened with url: 'https://dev-algorithm.govolution.com/vlinktest/QA/version_2_0/authcap.html'

2021-06-22 00:53:57 - [TEST_STEP][PASSED] - maximizeWindow(): Current window maximized

2021-06-22 00:53:57 - [MESSAGE][PASSED] - Current window maximized

2021-06-22 00:53:57 - [TEST_STEP][PASSED] - vlinkPages.saleCCPage.setDataSCC(row, dataFile): vlinkPages.saleCCPage.setDataSCC is PASSED

2021-06-22 00:54:00 - [MESSAGE][PASSED] - Object 'Object Repository/VLink/Page_CCSale/txt_CardNumber' is present

2021-06-22 00:54:00 - [MESSAGE][PASSED] - Object 'Object Repository/VLink/Page_CCSale/txt_TransactionType' is present

2021-06-22 00:54:00 - [MESSAGE][PASSED] - Text '104' is set on object 'Object Repository/VLink/Page_CCSale/txt_TransactionType'

2021-06-22 00:54:01 - [MESSAGE][PASSED] - Object 'Object Repository/VLink/Page_CCSale/txt_MessageVersion' is present

2021-06-22 00:54:01 - [MESSAGE][PASSED] - Text '2.0C' is set on object 'Object Repository/VLink/Page_CCSale/txt_MessageVersion'

2021-06-22 00:54:02 - [MESSAGE][PASSED] - Object 'Object Repository/VLink/Page_CCSale/txt_RemID' is present

2021-06-22 00:54:02 - [MESSAGE][PASSED] - Text 'jhhtos6DfISD' is set on object 'Object Repository/VLink/Page_CCSale/txt_RemID'

2021-06-22 00:54:03 - [MESSAGE][PASSED] - Object 'Object Repository/VLink/Page_CCSale/txt_ApplicationId' is present

2021-06-22 00:54:03 - [MESSAGE][PASSED] - Text '665' is set on object 'Object Repository/VLink/Page_CCSale/txt_ApplicationId'

2021-06-22 00:54:03 - [MESSAGE][PASSED] - Object 'Object Repository/VLink/Page_CCSale/txt_Username' is present

2021-06-22 00:54:04 - [MESSAGE][PASSED] - Text 'username' is set on object 'Object Repository/VLink/Page_CCSale/txt_Username'

2021-06-22 00:54:04 - [MESSAGE][PASSED] - Object 'Object Repository/VLink/Page_CCSale/txt_Password' is present

2021-06-22 00:54:05 - [MESSAGE][PASSED] - Text 'password' is set on object 'Object Repository/VLink/Page_CCSale/txt_Password'

2021-06-22 00:54:05 - [MESSAGE][PASSED] - Object 'Object Repository/VLink/Page_CCSale/txt_ResponseFormat' is present

2021-06-22 00:54:06 - [MESSAGE][PASSED] - Text 'fixed_width' is set on object 'Object Repository/VLink/Page_CCSale/txt_ResponseFormat'

2021-06-22 00:54:06 - [MESSAGE][PASSED] - Object 'Object Repository/VLink/Page_CCSale/txt_Category' is present

2021-06-22 00:54:07 - [MESSAGE][PASSED] - Text 'ECOM' is set on object 'Object Repository/VLink/Page_CCSale/txt_Category'

2021-06-22 00:54:07 - [MESSAGE][PASSED] - Object 'Object Repository/VLink/Page_CCSale/txt_TransactionID' is present

2021-06-22 00:54:08 - [MESSAGE][PASSED] - Text '' is set on object 'Object Repository/VLink/Page_CCSale/txt_TransactionID'

2021-06-22 00:54:08 - [MESSAGE][PASSED] - Object 'Object Repository/VLink/Page_CCSale/txt_ApprovalCode' is present

2021-06-22 00:54:09 - [MESSAGE][PASSED] - Text '' is set on object 'Object Repository/VLink/Page_CCSale/txt_ApprovalCode'

2021-06-22 00:54:09 - [MESSAGE][PASSED] - Object 'Object Repository/VLink/Page_CCSale/txt_CardName' is present

2021-06-22 00:54:10 - [MESSAGE][PASSED] - Text 'Kris Roshan' is set on object 'Object Repository/VLink/Page_CCSale/txt_CardName'

2021-06-22 00:54:10 - [MESSAGE][PASSED] - Object 'Object Repository/VLink/Page_CCSale/txt_AL1' is present

2021-06-22 00:54:11 - [MESSAGE][PASSED] - Text '258 Elm Road' is set on object 'Object Repository/VLink/Page_CCSale/txt_AL1'

2021-06-22 00:54:11 - [MESSAGE][PASSED] - Object 'Object Repository/VLink/Page_CCSale/txt_AL2' is present

2021-06-22 00:54:12 - [MESSAGE][PASSED] - Text 'Suite 56' is set on object 'Object Repository/VLink/Page_CCSale/txt_AL2'

2021-06-22 00:54:12 - [MESSAGE][PASSED] - Object 'Object Repository/VLink/Page_CCSale/txt_CardCity' is present

2021-06-22 00:54:13 - [MESSAGE][PASSED] - Text 'Arlington' is set on object 'Object Repository/VLink/Page_CCSale/txt_CardCity'

2021-06-22 00:54:13 - [MESSAGE][PASSED] - Object 'Object Repository/VLink/Page_CCSale/txt_CardState' is present

2021-06-22 00:54:13 - [MESSAGE][PASSED] - Text 'VA' is set on object 'Object Repository/VLink/Page_CCSale/txt_CardState'

2021-06-22 00:54:14 - [MESSAGE][PASSED] - Object 'Object Repository/VLink/Page_CCSale/txt_CardZIP' is present

2021-06-22 00:54:15 - [MESSAGE][PASSED] - Text '22201' is set on object 'Object Repository/VLink/Page_CCSale/txt_CardZIP'

2021-06-22 00:54:15 - [MESSAGE][PASSED] - Object 'Object Repository/VLink/Page_CCSale/txt_CountryID' is present

2021-06-22 00:54:16 - [MESSAGE][PASSED] - Text '840' is set on object 'Object Repository/VLink/Page_CCSale/txt_CountryID'

2021-06-22 00:54:16 - [MESSAGE][PASSED] - Object 'Object Repository/VLink/Page_CCSale/txt_Amount' is present

2021-06-22 00:54:17 - [MESSAGE][PASSED] - Text '1.50' is set on object 'Object Repository/VLink/Page_CCSale/txt_Amount'

2021-06-22 00:54:17 - [MESSAGE][PASSED] - Object 'Object Repository/VLink/Page_CCSale/txt_CardNumber' is present

2021-06-22 00:54:18 - [MESSAGE][PASSED] - Text '370000000000002' is set on object 'Object Repository/VLink/Page_CCSale/txt_CardNumber'

2021-06-22 00:54:18 - [MESSAGE][PASSED] - Object 'Object Repository/VLink/Page_CCSale/txt_ExpMonth' is present

2021-06-22 00:54:19 - [MESSAGE][PASSED] - Text '12' is set on object 'Object Repository/VLink/Page_CCSale/txt_ExpMonth'

2021-06-22 00:54:19 - [MESSAGE][PASSED] - Object 'Object Repository/VLink/Page_CCSale/txt_ExpYear' is present

2021-06-22 00:54:20 - [MESSAGE][PASSED] - Text '2025' is set on object 'Object Repository/VLink/Page_CCSale/txt_ExpYear'

2021-06-22 00:54:20 - [MESSAGE][PASSED] - Object 'Object Repository/VLink/Page_CCSale/txt_CVV' is present

2021-06-22 00:54:21 - [MESSAGE][PASSED] - Text '' is set on object 'Object Repository/VLink/Page_CCSale/txt_CVV'

2021-06-22 00:54:21 - [MESSAGE][PASSED] - Object 'Object Repository/VLink/Page_CCSale/txt_CVVstate' is present

2021-06-22 00:54:21 - [MESSAGE][PASSED] - Text '' is set on object 'Object Repository/VLink/Page_CCSale/txt_CVVstate'

2021-06-22 00:54:22 - [MESSAGE][PASSED] - Object 'Object Repository/VLink/Page_CCSale/txt_TrackData' is present

2021-06-22 00:54:23 - [MESSAGE][PASSED] - Text '' is set on object 'Object Repository/VLink/Page_CCSale/txt_TrackData'

2021-06-22 00:54:23 - [MESSAGE][PASSED] - Object 'Object Repository/VLink/Page_CCSale/txt_Track1Data' is present

2021-06-22 00:54:24 - [MESSAGE][PASSED] - Text '' is set on object 'Object Repository/VLink/Page_CCSale/txt_Track1Data'

2021-06-22 00:54:24 - [MESSAGE][PASSED] - Object 'Object Repository/VLink/Page_CCSale/txt_Track2Data' is present

2021-06-22 00:54:25 - [MESSAGE][PASSED] - Text '' is set on object 'Object Repository/VLink/Page_CCSale/txt_Track2Data'

2021-06-22 00:54:25 - [MESSAGE][PASSED] - Object 'Object Repository/VLink/Page_CCSale/txt_POSEntryMode' is present

2021-06-22 00:54:26 - [MESSAGE][PASSED] - Text 'manual' is set on object 'Object Repository/VLink/Page_CCSale/txt_POSEntryMode'

2021-06-22 00:54:26 - [MESSAGE][PASSED] - Object 'Object Repository/VLink/Page_CCSale/txt_Email' is present

2021-06-22 00:54:27 - [MESSAGE][PASSED] - Text 'iahmed@govolution.com' is set on object 'Object Repository/VLink/Page_CCSale/txt_Email'

2021-06-22 00:54:27 - [MESSAGE][PASSED] - Object 'Object Repository/VLink/Page_CCSale/txt_OrderNumber' is present

2021-06-22 00:54:28 - [MESSAGE][PASSED] - Text '2569362' is set on object 'Object Repository/VLink/Page_CCSale/txt_OrderNumber'

2021-06-22 00:54:28 - [MESSAGE][PASSED] - Object 'Object Repository/VLink/Page_CCSale/txt_TaxAmount' is present

2021-06-22 00:54:28 - [MESSAGE][PASSED] - Text '1.15' is set on object 'Object Repository/VLink/Page_CCSale/txt_TaxAmount'

2021-06-22 00:54:29 - [MESSAGE][PASSED] - Object 'Object Repository/VLink/Page_CCSale/txt_ChargeDescription' is present

2021-06-22 00:54:29 - [MESSAGE][PASSED] - Text 'Charge Description' is set on object 'Object Repository/VLink/Page_CCSale/txt_ChargeDescription'

2021-06-22 00:54:30 - [MESSAGE][PASSED] - Object 'Object Repository/VLink/Page_CCSale/txt_CAN' is present

2021-06-22 00:54:30 - [MESSAGE][PASSED] - Text '147357' is set on object 'Object Repository/VLink/Page_CCSale/txt_CAN'

2021-06-22 00:54:31 - [MESSAGE][PASSED] - Object 'Object Repository/VLink/Page_CCSale/txt_BillPaymentIndicator' is present

2021-06-22 00:54:32 - [MESSAGE][PASSED] - Text '1' is set on object 'Object Repository/VLink/Page_CCSale/txt_BillPaymentIndicator'

2021-06-22 00:54:32 - [MESSAGE][PASSED] - Object 'Object Repository/VLink/Page_CCSale/txt_UDF1' is present

2021-06-22 00:54:33 - [MESSAGE][PASSED] - Text 'UDF Data 1' is set on object 'Object Repository/VLink/Page_CCSale/txt_UDF1'

2021-06-22 00:54:33 - [MESSAGE][PASSED] - Object 'Object Repository/VLink/Page_CCSale/txt_UDF2' is present

2021-06-22 00:54:34 - [MESSAGE][PASSED] - Text 'UDF Data 2' is set on object 'Object Repository/VLink/Page_CCSale/txt_UDF2'

2021-06-22 00:54:34 - [MESSAGE][PASSED] - Object 'Object Repository/VLink/Page_CCSale/txt_UDF3' is present

2021-06-22 00:54:34 - [MESSAGE][PASSED] - Text 'UDF Data 3' is set on object 'Object Repository/VLink/Page_CCSale/txt_UDF3'

2021-06-22 00:54:35 - [MESSAGE][PASSED] - Object 'Object Repository/VLink/Page_CCSale/txt_UDF4' is present

2021-06-22 00:54:36 - [MESSAGE][PASSED] - Text 'UDF Data 4' is set on object 'Object Repository/VLink/Page_CCSale/txt_UDF4'

2021-06-22 00:54:36 - [MESSAGE][PASSED] - Object 'Object Repository/VLink/Page_CCSale/txt_UDF5' is present

2021-06-22 00:54:37 - [MESSAGE][PASSED] - Text 'UDF Data 5' is set on object 'Object Repository/VLink/Page_CCSale/txt_UDF5'

2021-06-22 00:54:37 - [MESSAGE][PASSED] - Object 'Object Repository/VLink/Page_CCSale/txt_UDF6' is present

2021-06-22 00:54:38 - [MESSAGE][PASSED] - Text 'UDF Data 6' is set on object 'Object Repository/VLink/Page_CCSale/txt_UDF6'

2021-06-22 00:54:38 - [MESSAGE][PASSED] - Object 'Object Repository/VLink/Page_CCSale/txt_UDF7' is present

2021-06-22 00:54:38 - [MESSAGE][PASSED] - Text 'UDF Data 7' is set on object 'Object Repository/VLink/Page_CCSale/txt_UDF7'

2021-06-22 00:54:39 - [MESSAGE][PASSED] - Object 'Object Repository/VLink/Page_CCSale/txt_UDF8' is present

2021-06-22 00:54:39 - [MESSAGE][PASSED] - Text 'UDF Data 8' is set on object 'Object Repository/VLink/Page_CCSale/txt_UDF8'

2021-06-22 00:54:40 - [MESSAGE][PASSED] - Object 'Object Repository/VLink/Page_CCSale/txt_UDF9' is present

2021-06-22 00:54:40 - [MESSAGE][PASSED] - Text 'UDF Data 9' is set on object 'Object Repository/VLink/Page_CCSale/txt_UDF9'

2021-06-22 00:54:41 - [MESSAGE][PASSED] - Object 'Object Repository/VLink/Page_CCSale/txt_UDF10' is present

2021-06-22 00:54:41 - [MESSAGE][PASSED] - Text 'UDF Data 10' is set on object 'Object Repository/VLink/Page_CCSale/txt_UDF10'

2021-06-22 00:54:42 - [MESSAGE][PASSED] - Object 'Object Repository/VLink/Page_CCSale/txt_CardOnFileIndicator' is present

2021-06-22 00:54:42 - [MESSAGE][PASSED] - Text '' is set on object 'Object Repository/VLink/Page_CCSale/txt_CardOnFileIndicator'

2021-06-22 00:54:43 - [MESSAGE][PASSED] - Object 'Object Repository/VLink/Page_CCSale/txt_StoredCredentialIndicator' is present

2021-06-22 00:54:43 - [MESSAGE][PASSED] - Text '' is set on object 'Object Repository/VLink/Page_CCSale/txt_StoredCredentialIndicator'

2021-06-22 00:54:44 - [MESSAGE][PASSED] - Object 'Object Repository/VLink/Page_CCSale/txt_COFScheduledIndicator' is present

2021-06-22 00:54:44 - [MESSAGE][PASSED] - Text '' is set on object 'Object Repository/VLink/Page_CCSale/txt_COFScheduledIndicator'

2021-06-22 00:54:45 - [MESSAGE][PASSED] - Object 'Object Repository/VLink/Page_CCSale/txt_COFTransactionInitiatedBy' is present

2021-06-22 00:54:45 - [MESSAGE][PASSED] - Text '' is set on object 'Object Repository/VLink/Page_CCSale/txt_COFTransactionInitiatedBy'

2021-06-22 00:54:48 - [MESSAGE][PASSED] - Object: 'Object Repository/VLink/Page_CCSale/btn_ProcessVLinkTransaction' is clicked on

2021-06-22 00:54:53 - [MESSAGE][PASSED] - vlinkPages.saleCCPage.setDataSCC is PASSED

2021-06-22 00:54:53 - [TEST_STEP][PASSED] - if (verifyTextPresent("Transaction approved, no errors", true)): null

2021-06-22 00:54:53 - [MESSAGE][PASSED] - Text 'Transaction approved, no errors' is present on page  using regular expression

2021-06-22 00:54:53 - [TEST_STEP][PASSED] - println("Transaction Approved, no errors text is present on the Confirmation page"): null

2021-06-22 00:54:53 - [TEST_STEP][PASSED] - out.println("Pass Record Number: " + row): null

2021-06-22 00:54:53 - [TEST_STEP][PASSED] - resText = "Pass": null

2021-06-22 00:54:53 - [TEST_STEP][PASSED] - pages.WriteExcel.demoKey(resText, datText, resColumn, datCloumn, fileLoc, nameSheet, row): pages.WriteExcel.demoKey is PASSED

2021-06-22 00:54:53 - [MESSAGE][PASSED] - pages.WriteExcel.demoKey is PASSED

2021-06-22 00:54:53 - [TEST_STEP][PASSED] - sdfo = getText(findTestObject("Object Repository/Page_VLinkReceipt/pre_STX")): Text of object 'Object Repository/Page_VLinkReceipt/pre_STX' is: '<STX>jhhtos6DfISD                  12098325            0  Transaction approved, no errors                   0                                                                                  X OK2465   <ETX>'

2021-06-22 00:54:54 - [MESSAGE][PASSED] - Text of object 'Object Repository/Page_VLinkReceipt/pre_STX' is: '<STX>jhhtos6DfISD                  12098325            0  Transaction approved, no errors                   0                                                                                  X OK2465   <ETX>'

2021-06-22 00:54:54 - [TEST_STEP][PASSED] - out.println("sdfo: " + sdfo): null

2021-06-22 00:54:54 - [TEST_STEP][PASSED] - remID = substring(5, 35).trim(): null

2021-06-22 00:54:54 - [TEST_STEP][PASSED] - out.println("Remittance ID: " + remID): null

2021-06-22 00:54:54 - [TEST_STEP][PASSED] - traxID = substring(35, 55).trim(): null

2021-06-22 00:54:54 - [TEST_STEP][PASSED] - out.println("Transaction ID: " + traxID): null

2021-06-22 00:54:54 - [TEST_STEP][PASSED] - out.println("End Record Number: " + row): null

2021-06-22 00:54:54 - [TEST_STEP][PASSED] - closeBrowser(): Browser is closed

2021-06-22 00:54:55 - [MESSAGE][PASSED] - Browser is closed

2021-06-22 00:54:55 - [TEST_STEP][PASSED] - out.println("Begin Record Number: " + row): null

2021-06-22 00:54:55 - [TEST_STEP][PASSED] - today = new java.util.Date(): null

2021-06-22 00:54:55 - [TEST_STEP][PASSED] - println(today): null

2021-06-22 00:54:55 - [TEST_STEP][PASSED] - datText = today: null

2021-06-22 00:54:55 - [TEST_STEP][PASSED] - openBrowser(VLinkURL + "authcap.html"): Browser is opened with url: 'https://dev-algorithm.govolution.com/vlinktest/QA/version_2_0/authcap.html'

2021-06-22 00:54:55 - [MESSAGE][INFO] - Starting 'Chrome' driver

2021-06-22 00:54:55 - [MESSAGE][INFO] - User set preference: ['acceptInsecureCerts', 'true']

2021-06-22 00:54:55 - [MESSAGE][INFO] - Action delay is set to 0 milliseconds

2021-06-22 00:54:56 - [MESSAGE][PASSED] - Browser is opened with url: 'https://dev-algorithm.govolution.com/vlinktest/QA/version_2_0/authcap.html'

2021-06-22 00:54:56 - [TEST_STEP][PASSED] - maximizeWindow(): Current window maximized

2021-06-22 00:54:56 - [MESSAGE][PASSED] - Current window maximized

2021-06-22 00:54:56 - [TEST_STEP][PASSED] - vlinkPages.saleCCPage.setDataSCC(row, dataFile): vlinkPages.saleCCPage.setDataSCC is PASSED

2021-06-22 00:54:59 - [MESSAGE][PASSED] - Object 'Object Repository/VLink/Page_CCSale/txt_CardNumber' is present

2021-06-22 00:54:59 - [MESSAGE][PASSED] - Object 'Object Repository/VLink/Page_CCSale/txt_TransactionType' is present

2021-06-22 00:55:00 - [MESSAGE][PASSED] - Text '104' is set on object 'Object Repository/VLink/Page_CCSale/txt_TransactionType'

2021-06-22 00:55:00 - [MESSAGE][PASSED] - Object 'Object Repository/VLink/Page_CCSale/txt_MessageVersion' is present

2021-06-22 00:55:00 - [MESSAGE][PASSED] - Text '2.0C' is set on object 'Object Repository/VLink/Page_CCSale/txt_MessageVersion'

2021-06-22 00:55:01 - [MESSAGE][PASSED] - Object 'Object Repository/VLink/Page_CCSale/txt_RemID' is present

2021-06-22 00:55:01 - [MESSAGE][PASSED] - Text 'jemRibk9NAqG' is set on object 'Object Repository/VLink/Page_CCSale/txt_RemID'

2021-06-22 00:55:02 - [MESSAGE][PASSED] - Object 'Object Repository/VLink/Page_CCSale/txt_ApplicationId' is present

2021-06-22 00:55:02 - [MESSAGE][PASSED] - Text '672' is set on object 'Object Repository/VLink/Page_CCSale/txt_ApplicationId'

2021-06-22 00:55:03 - [MESSAGE][PASSED] - Object 'Object Repository/VLink/Page_CCSale/txt_Username' is present

2021-06-22 00:55:03 - [MESSAGE][PASSED] - Text 'username' is set on object 'Object Repository/VLink/Page_CCSale/txt_Username'

2021-06-22 00:55:03 - [MESSAGE][PASSED] - Object 'Object Repository/VLink/Page_CCSale/txt_Password' is present

2021-06-22 00:55:04 - [MESSAGE][PASSED] - Text 'password' is set on object 'Object Repository/VLink/Page_CCSale/txt_Password'

2021-06-22 00:55:04 - [MESSAGE][PASSED] - Object 'Object Repository/VLink/Page_CCSale/txt_ResponseFormat' is present

2021-06-22 00:55:05 - [MESSAGE][PASSED] - Text 'fixed_width' is set on object 'Object Repository/VLink/Page_CCSale/txt_ResponseFormat'

2021-06-22 00:55:05 - [MESSAGE][PASSED] - Object 'Object Repository/VLink/Page_CCSale/txt_Category' is present

2021-06-22 00:55:06 - [MESSAGE][PASSED] - Text 'ECOM' is set on object 'Object Repository/VLink/Page_CCSale/txt_Category'

2021-06-22 00:55:06 - [MESSAGE][PASSED] - Object 'Object Repository/VLink/Page_CCSale/txt_TransactionID' is present

2021-06-22 00:55:07 - [MESSAGE][PASSED] - Text '' is set on object 'Object Repository/VLink/Page_CCSale/txt_TransactionID'

2021-06-22 00:55:07 - [MESSAGE][PASSED] - Object 'Object Repository/VLink/Page_CCSale/txt_ApprovalCode' is present

2021-06-22 00:55:08 - [MESSAGE][PASSED] - Text '' is set on object 'Object Repository/VLink/Page_CCSale/txt_ApprovalCode'

2021-06-22 00:55:08 - [MESSAGE][PASSED] - Object 'Object Repository/VLink/Page_CCSale/txt_CardName' is present

2021-06-22 00:55:09 - [MESSAGE][PASSED] - Text 'Arvind Silva' is set on object 'Object Repository/VLink/Page_CCSale/txt_CardName'

2021-06-22 00:55:09 - [MESSAGE][PASSED] - Object 'Object Repository/VLink/Page_CCSale/txt_AL1' is present

2021-06-22 00:55:10 - [MESSAGE][PASSED] - Text '111 Main Ave' is set on object 'Object Repository/VLink/Page_CCSale/txt_AL1'

2021-06-22 00:55:10 - [MESSAGE][PASSED] - Object 'Object Repository/VLink/Page_CCSale/txt_AL2' is present

2021-06-22 00:55:11 - [MESSAGE][PASSED] - Text '' is set on object 'Object Repository/VLink/Page_CCSale/txt_AL2'

2021-06-22 00:55:11 - [MESSAGE][PASSED] - Object 'Object Repository/VLink/Page_CCSale/txt_CardCity' is present

2021-06-22 00:55:12 - [MESSAGE][PASSED] - Text 'Arlington' is set on object 'Object Repository/VLink/Page_CCSale/txt_CardCity'

2021-06-22 00:55:12 - [MESSAGE][PASSED] - Object 'Object Repository/VLink/Page_CCSale/txt_CardState' is present

2021-06-22 00:55:13 - [MESSAGE][PASSED] - Text 'VA' is set on object 'Object Repository/VLink/Page_CCSale/txt_CardState'

2021-06-22 00:55:13 - [MESSAGE][PASSED] - Object 'Object Repository/VLink/Page_CCSale/txt_CardZIP' is present

2021-06-22 00:55:14 - [MESSAGE][PASSED] - Text '22201' is set on object 'Object Repository/VLink/Page_CCSale/txt_CardZIP'

2021-06-22 00:55:14 - [MESSAGE][PASSED] - Object 'Object Repository/VLink/Page_CCSale/txt_CountryID' is present

2021-06-22 00:55:15 - [MESSAGE][PASSED] - Text '' is set on object 'Object Repository/VLink/Page_CCSale/txt_CountryID'

2021-06-22 00:55:15 - [MESSAGE][PASSED] - Object 'Object Repository/VLink/Page_CCSale/txt_Amount' is present

2021-06-22 00:55:15 - [MESSAGE][PASSED] - Text '2.50' is set on object 'Object Repository/VLink/Page_CCSale/txt_Amount'

2021-06-22 00:55:16 - [MESSAGE][PASSED] - Object 'Object Repository/VLink/Page_CCSale/txt_CardNumber' is present

2021-06-22 00:55:16 - [MESSAGE][PASSED] - Text '370000000000002' is set on object 'Object Repository/VLink/Page_CCSale/txt_CardNumber'

2021-06-22 00:55:17 - [MESSAGE][PASSED] - Object 'Object Repository/VLink/Page_CCSale/txt_ExpMonth' is present

2021-06-22 00:55:17 - [MESSAGE][PASSED] - Text '01' is set on object 'Object Repository/VLink/Page_CCSale/txt_ExpMonth'

2021-06-22 00:55:18 - [MESSAGE][PASSED] - Object 'Object Repository/VLink/Page_CCSale/txt_ExpYear' is present

2021-06-22 00:55:18 - [MESSAGE][PASSED] - Text '2026' is set on object 'Object Repository/VLink/Page_CCSale/txt_ExpYear'

2021-06-22 00:55:19 - [MESSAGE][PASSED] - Object 'Object Repository/VLink/Page_CCSale/txt_CVV' is present

2021-06-22 00:55:19 - [MESSAGE][PASSED] - Text '' is set on object 'Object Repository/VLink/Page_CCSale/txt_CVV'

2021-06-22 00:55:20 - [MESSAGE][PASSED] - Object 'Object Repository/VLink/Page_CCSale/txt_CVVstate' is present

2021-06-22 00:55:20 - [MESSAGE][PASSED] - Text '' is set on object 'Object Repository/VLink/Page_CCSale/txt_CVVstate'

2021-06-22 00:55:21 - [MESSAGE][PASSED] - Object 'Object Repository/VLink/Page_CCSale/txt_TrackData' is present

2021-06-22 00:55:21 - [MESSAGE][PASSED] - Text '' is set on object 'Object Repository/VLink/Page_CCSale/txt_TrackData'

2021-06-22 00:55:22 - [MESSAGE][PASSED] - Object 'Object Repository/VLink/Page_CCSale/txt_Track1Data' is present

2021-06-22 00:55:22 - [MESSAGE][PASSED] - Text '' is set on object 'Object Repository/VLink/Page_CCSale/txt_Track1Data'

2021-06-22 00:55:23 - [MESSAGE][PASSED] - Object 'Object Repository/VLink/Page_CCSale/txt_Track2Data' is present

2021-06-22 00:55:23 - [MESSAGE][PASSED] - Text '' is set on object 'Object Repository/VLink/Page_CCSale/txt_Track2Data'

2021-06-22 00:55:24 - [MESSAGE][PASSED] - Object 'Object Repository/VLink/Page_CCSale/txt_POSEntryMode' is present

2021-06-22 00:55:24 - [MESSAGE][PASSED] - Text 'manual' is set on object 'Object Repository/VLink/Page_CCSale/txt_POSEntryMode'

2021-06-22 00:55:25 - [MESSAGE][PASSED] - Object 'Object Repository/VLink/Page_CCSale/txt_Email' is present

2021-06-22 00:55:25 - [MESSAGE][PASSED] - Text '' is set on object 'Object Repository/VLink/Page_CCSale/txt_Email'

2021-06-22 00:55:26 - [MESSAGE][PASSED] - Object 'Object Repository/VLink/Page_CCSale/txt_OrderNumber' is present

2021-06-22 00:55:26 - [MESSAGE][PASSED] - Text '' is set on object 'Object Repository/VLink/Page_CCSale/txt_OrderNumber'

2021-06-22 00:55:27 - [MESSAGE][PASSED] - Object 'Object Repository/VLink/Page_CCSale/txt_TaxAmount' is present

2021-06-22 00:55:27 - [MESSAGE][PASSED] - Text '' is set on object 'Object Repository/VLink/Page_CCSale/txt_TaxAmount'

2021-06-22 00:55:28 - [MESSAGE][PASSED] - Object 'Object Repository/VLink/Page_CCSale/txt_ChargeDescription' is present

2021-06-22 00:55:28 - [MESSAGE][PASSED] - Text '' is set on object 'Object Repository/VLink/Page_CCSale/txt_ChargeDescription'

2021-06-22 00:55:29 - [MESSAGE][PASSED] - Object 'Object Repository/VLink/Page_CCSale/txt_CAN' is present

2021-06-22 00:55:29 - [MESSAGE][PASSED] - Text '' is set on object 'Object Repository/VLink/Page_CCSale/txt_CAN'

2021-06-22 00:55:30 - [MESSAGE][PASSED] - Object 'Object Repository/VLink/Page_CCSale/txt_BillPaymentIndicator' is present

2021-06-22 00:55:30 - [MESSAGE][PASSED] - Text '' is set on object 'Object Repository/VLink/Page_CCSale/txt_BillPaymentIndicator'

2021-06-22 00:55:31 - [MESSAGE][PASSED] - Object 'Object Repository/VLink/Page_CCSale/txt_UDF1' is present

2021-06-22 00:55:31 - [MESSAGE][PASSED] - Text '' is set on object 'Object Repository/VLink/Page_CCSale/txt_UDF1'

2021-06-22 00:55:32 - [MESSAGE][PASSED] - Object 'Object Repository/VLink/Page_CCSale/txt_UDF2' is present

2021-06-22 00:55:32 - [MESSAGE][PASSED] - Text '' is set on object 'Object Repository/VLink/Page_CCSale/txt_UDF2'

2021-06-22 00:55:32 - [MESSAGE][PASSED] - Object 'Object Repository/VLink/Page_CCSale/txt_UDF3' is present

2021-06-22 00:55:33 - [MESSAGE][PASSED] - Text '' is set on object 'Object Repository/VLink/Page_CCSale/txt_UDF3'

2021-06-22 00:55:33 - [MESSAGE][PASSED] - Object 'Object Repository/VLink/Page_CCSale/txt_UDF4' is present

2021-06-22 00:55:34 - [MESSAGE][PASSED] - Text '' is set on object 'Object Repository/VLink/Page_CCSale/txt_UDF4'

2021-06-22 00:55:34 - [MESSAGE][PASSED] - Object 'Object Repository/VLink/Page_CCSale/txt_UDF5' is present

2021-06-22 00:55:35 - [MESSAGE][PASSED] - Text '' is set on object 'Object Repository/VLink/Page_CCSale/txt_UDF5'

2021-06-22 00:55:35 - [MESSAGE][PASSED] - Object 'Object Repository/VLink/Page_CCSale/txt_UDF6' is present

2021-06-22 00:55:36 - [MESSAGE][PASSED] - Text '' is set on object 'Object Repository/VLink/Page_CCSale/txt_UDF6'

2021-06-22 00:55:36 - [MESSAGE][PASSED] - Object 'Object Repository/VLink/Page_CCSale/txt_UDF7' is present

2021-06-22 00:55:37 - [MESSAGE][PASSED] - Text '' is set on object 'Object Repository/VLink/Page_CCSale/txt_UDF7'

2021-06-22 00:55:37 - [MESSAGE][PASSED] - Object 'Object Repository/VLink/Page_CCSale/txt_UDF8' is present

2021-06-22 00:55:38 - [MESSAGE][PASSED] - Text '' is set on object 'Object Repository/VLink/Page_CCSale/txt_UDF8'

2021-06-22 00:55:38 - [MESSAGE][PASSED] - Object 'Object Repository/VLink/Page_CCSale/txt_UDF9' is present

2021-06-22 00:55:39 - [MESSAGE][PASSED] - Text '' is set on object 'Object Repository/VLink/Page_CCSale/txt_UDF9'

2021-06-22 00:55:39 - [MESSAGE][PASSED] - Object 'Object Repository/VLink/Page_CCSale/txt_UDF10' is present

2021-06-22 00:55:40 - [MESSAGE][PASSED] - Text '' is set on object 'Object Repository/VLink/Page_CCSale/txt_UDF10'

2021-06-22 00:55:40 - [MESSAGE][PASSED] - Object 'Object Repository/VLink/Page_CCSale/txt_CardOnFileIndicator' is present

2021-06-22 00:55:41 - [MESSAGE][PASSED] - Text '' is set on object 'Object Repository/VLink/Page_CCSale/txt_CardOnFileIndicator'

2021-06-22 00:55:41 - [MESSAGE][PASSED] - Object 'Object Repository/VLink/Page_CCSale/txt_StoredCredentialIndicator' is present

2021-06-22 00:55:42 - [MESSAGE][PASSED] - Text '' is set on object 'Object Repository/VLink/Page_CCSale/txt_StoredCredentialIndicator'

2021-06-22 00:55:42 - [MESSAGE][PASSED] - Object 'Object Repository/VLink/Page_CCSale/txt_COFScheduledIndicator' is present

2021-06-22 00:55:43 - [MESSAGE][PASSED] - Text '' is set on object 'Object Repository/VLink/Page_CCSale/txt_COFScheduledIndicator'

2021-06-22 00:55:43 - [MESSAGE][PASSED] - Object 'Object Repository/VLink/Page_CCSale/txt_COFTransactionInitiatedBy' is present

2021-06-22 00:55:44 - [MESSAGE][PASSED] - Text '' is set on object 'Object Repository/VLink/Page_CCSale/txt_COFTransactionInitiatedBy'

2021-06-22 00:55:47 - [MESSAGE][PASSED] - Object: 'Object Repository/VLink/Page_CCSale/btn_ProcessVLinkTransaction' is clicked on

2021-06-22 00:55:52 - [MESSAGE][PASSED] - vlinkPages.saleCCPage.setDataSCC is PASSED

2021-06-22 00:55:52 - [TEST_STEP][PASSED] - if (verifyTextPresent("Transaction approved, no errors", true)): null

2021-06-22 00:55:52 - [MESSAGE][PASSED] - Text 'Transaction approved, no errors' is present on page  using regular expression

2021-06-22 00:55:52 - [TEST_STEP][PASSED] - println("Transaction Approved, no errors text is present on the Confirmation page"): null

2021-06-22 00:55:52 - [TEST_STEP][PASSED] - out.println("Pass Record Number: " + row): null

2021-06-22 00:55:52 - [TEST_STEP][PASSED] - resText = "Pass": null

2021-06-22 00:55:52 - [TEST_STEP][PASSED] - pages.WriteExcel.demoKey(resText, datText, resColumn, datCloumn, fileLoc, nameSheet, row): pages.WriteExcel.demoKey is PASSED

2021-06-22 00:55:52 - [MESSAGE][PASSED] - pages.WriteExcel.demoKey is PASSED

2021-06-22 00:55:52 - [TEST_STEP][PASSED] - sdfo = getText(findTestObject("Object Repository/Page_VLinkReceipt/pre_STX")): Text of object 'Object Repository/Page_VLinkReceipt/pre_STX' is: '<STX>jemRibk9NAqG                  12098326            0  Transaction approved, no errors                   0                                                                                  X OK2635   <ETX>'

2021-06-22 00:55:53 - [MESSAGE][PASSED] - Text of object 'Object Repository/Page_VLinkReceipt/pre_STX' is: '<STX>jemRibk9NAqG                  12098326            0  Transaction approved, no errors                   0                                                                                  X OK2635   <ETX>'

2021-06-22 00:55:53 - [TEST_STEP][PASSED] - out.println("sdfo: " + sdfo): null

2021-06-22 00:55:53 - [TEST_STEP][PASSED] - remID = substring(5, 35).trim(): null

2021-06-22 00:55:53 - [TEST_STEP][PASSED] - out.println("Remittance ID: " + remID): null

2021-06-22 00:55:53 - [TEST_STEP][PASSED] - traxID = substring(35, 55).trim(): null

2021-06-22 00:55:53 - [TEST_STEP][PASSED] - out.println("Transaction ID: " + traxID): null

2021-06-22 00:55:53 - [TEST_STEP][PASSED] - out.println("End Record Number: " + row): null

2021-06-22 00:55:53 - [TEST_STEP][PASSED] - closeBrowser(): Browser is closed

2021-06-22 00:55:53 - [MESSAGE][PASSED] - Browser is closed

2021-06-22 00:55:53 - [TEST_STEP][PASSED] - out.println("Begin Record Number: " + row): null

2021-06-22 00:55:53 - [TEST_STEP][PASSED] - today = new java.util.Date(): null

2021-06-22 00:55:53 - [TEST_STEP][PASSED] - println(today): null

2021-06-22 00:55:53 - [TEST_STEP][PASSED] - datText = today: null

2021-06-22 00:55:53 - [TEST_STEP][PASSED] - openBrowser(VLinkURL + "authcap.html"): Browser is opened with url: 'https://dev-algorithm.govolution.com/vlinktest/QA/version_2_0/authcap.html'

2021-06-22 00:55:53 - [MESSAGE][INFO] - Starting 'Chrome' driver

2021-06-22 00:55:53 - [MESSAGE][INFO] - User set preference: ['acceptInsecureCerts', 'true']

2021-06-22 00:55:53 - [MESSAGE][INFO] - Action delay is set to 0 milliseconds

2021-06-22 00:55:55 - [MESSAGE][PASSED] - Browser is opened with url: 'https://dev-algorithm.govolution.com/vlinktest/QA/version_2_0/authcap.html'

2021-06-22 00:55:55 - [TEST_STEP][PASSED] - maximizeWindow(): Current window maximized

2021-06-22 00:55:55 - [MESSAGE][PASSED] - Current window maximized

2021-06-22 00:55:55 - [TEST_STEP][PASSED] - vlinkPages.saleCCPage.setDataSCC(row, dataFile): vlinkPages.saleCCPage.setDataSCC is PASSED

2021-06-22 00:55:57 - [MESSAGE][PASSED] - Object 'Object Repository/VLink/Page_CCSale/txt_CardNumber' is present

2021-06-22 00:55:58 - [MESSAGE][PASSED] - Object 'Object Repository/VLink/Page_CCSale/txt_TransactionType' is present

2021-06-22 00:55:58 - [MESSAGE][PASSED] - Text '104' is set on object 'Object Repository/VLink/Page_CCSale/txt_TransactionType'

2021-06-22 00:55:58 - [MESSAGE][PASSED] - Object 'Object Repository/VLink/Page_CCSale/txt_MessageVersion' is present

2021-06-22 00:55:59 - [MESSAGE][PASSED] - Text '2.0C' is set on object 'Object Repository/VLink/Page_CCSale/txt_MessageVersion'

2021-06-22 00:55:59 - [MESSAGE][PASSED] - Object 'Object Repository/VLink/Page_CCSale/txt_RemID' is present

2021-06-22 00:56:00 - [MESSAGE][PASSED] - Text 'Ff528ARlh4I0' is set on object 'Object Repository/VLink/Page_CCSale/txt_RemID'

2021-06-22 00:56:00 - [MESSAGE][PASSED] - Object 'Object Repository/VLink/Page_CCSale/txt_ApplicationId' is present

2021-06-22 00:56:01 - [MESSAGE][PASSED] - Text '677' is set on object 'Object Repository/VLink/Page_CCSale/txt_ApplicationId'

2021-06-22 00:56:01 - [MESSAGE][PASSED] - Object 'Object Repository/VLink/Page_CCSale/txt_Username' is present

2021-06-22 00:56:02 - [MESSAGE][PASSED] - Text 'username' is set on object 'Object Repository/VLink/Page_CCSale/txt_Username'

2021-06-22 00:56:02 - [MESSAGE][PASSED] - Object 'Object Repository/VLink/Page_CCSale/txt_Password' is present

2021-06-22 00:56:03 - [MESSAGE][PASSED] - Text 'password' is set on object 'Object Repository/VLink/Page_CCSale/txt_Password'

2021-06-22 00:56:03 - [MESSAGE][PASSED] - Object 'Object Repository/VLink/Page_CCSale/txt_ResponseFormat' is present

2021-06-22 00:56:03 - [MESSAGE][PASSED] - Text 'fixed_width' is set on object 'Object Repository/VLink/Page_CCSale/txt_ResponseFormat'

2021-06-22 00:56:04 - [MESSAGE][PASSED] - Object 'Object Repository/VLink/Page_CCSale/txt_Category' is present

2021-06-22 00:56:04 - [MESSAGE][PASSED] - Text 'ECOM' is set on object 'Object Repository/VLink/Page_CCSale/txt_Category'

2021-06-22 00:56:05 - [MESSAGE][PASSED] - Object 'Object Repository/VLink/Page_CCSale/txt_TransactionID' is present

2021-06-22 00:56:05 - [MESSAGE][PASSED] - Text '' is set on object 'Object Repository/VLink/Page_CCSale/txt_TransactionID'

2021-06-22 00:56:06 - [MESSAGE][PASSED] - Object 'Object Repository/VLink/Page_CCSale/txt_ApprovalCode' is present

2021-06-22 00:56:06 - [MESSAGE][PASSED] - Text '' is set on object 'Object Repository/VLink/Page_CCSale/txt_ApprovalCode'

2021-06-22 00:56:07 - [MESSAGE][PASSED] - Object 'Object Repository/VLink/Page_CCSale/txt_CardName' is present

2021-06-22 00:56:07 - [MESSAGE][PASSED] - Text 'Roshan Maha' is set on object 'Object Repository/VLink/Page_CCSale/txt_CardName'

2021-06-22 00:56:08 - [MESSAGE][PASSED] - Object 'Object Repository/VLink/Page_CCSale/txt_AL1' is present

2021-06-22 00:56:08 - [MESSAGE][PASSED] - Text '12563 Bazaar road' is set on object 'Object Repository/VLink/Page_CCSale/txt_AL1'

2021-06-22 00:56:09 - [MESSAGE][PASSED] - Object 'Object Repository/VLink/Page_CCSale/txt_AL2' is present

2021-06-22 00:56:09 - [MESSAGE][PASSED] - Text '' is set on object 'Object Repository/VLink/Page_CCSale/txt_AL2'

2021-06-22 00:56:10 - [MESSAGE][PASSED] - Object 'Object Repository/VLink/Page_CCSale/txt_CardCity' is present

2021-06-22 00:56:10 - [MESSAGE][PASSED] - Text 'Crofton' is set on object 'Object Repository/VLink/Page_CCSale/txt_CardCity'

2021-06-22 00:56:11 - [MESSAGE][PASSED] - Object 'Object Repository/VLink/Page_CCSale/txt_CardState' is present

2021-06-22 00:56:11 - [MESSAGE][PASSED] - Text 'MD' is set on object 'Object Repository/VLink/Page_CCSale/txt_CardState'

2021-06-22 00:56:12 - [MESSAGE][PASSED] - Object 'Object Repository/VLink/Page_CCSale/txt_CardZIP' is present

2021-06-22 00:56:12 - [MESSAGE][PASSED] - Text '21114' is set on object 'Object Repository/VLink/Page_CCSale/txt_CardZIP'

2021-06-22 00:56:13 - [MESSAGE][PASSED] - Object 'Object Repository/VLink/Page_CCSale/txt_CountryID' is present

2021-06-22 00:56:13 - [MESSAGE][PASSED] - Text '' is set on object 'Object Repository/VLink/Page_CCSale/txt_CountryID'

2021-06-22 00:56:14 - [MESSAGE][PASSED] - Object 'Object Repository/VLink/Page_CCSale/txt_Amount' is present

2021-06-22 00:56:14 - [MESSAGE][PASSED] - Text '3.50' is set on object 'Object Repository/VLink/Page_CCSale/txt_Amount'

2021-06-22 00:56:15 - [MESSAGE][PASSED] - Object 'Object Repository/VLink/Page_CCSale/txt_CardNumber' is present

2021-06-22 00:56:15 - [MESSAGE][PASSED] - Text '370000000000002' is set on object 'Object Repository/VLink/Page_CCSale/txt_CardNumber'

2021-06-22 00:56:16 - [MESSAGE][PASSED] - Object 'Object Repository/VLink/Page_CCSale/txt_ExpMonth' is present

2021-06-22 00:56:16 - [MESSAGE][PASSED] - Text '01' is set on object 'Object Repository/VLink/Page_CCSale/txt_ExpMonth'

2021-06-22 00:56:17 - [MESSAGE][PASSED] - Object 'Object Repository/VLink/Page_CCSale/txt_ExpYear' is present

2021-06-22 00:56:17 - [MESSAGE][PASSED] - Text '2026' is set on object 'Object Repository/VLink/Page_CCSale/txt_ExpYear'

2021-06-22 00:56:18 - [MESSAGE][PASSED] - Object 'Object Repository/VLink/Page_CCSale/txt_CVV' is present

2021-06-22 00:56:18 - [MESSAGE][PASSED] - Text '' is set on object 'Object Repository/VLink/Page_CCSale/txt_CVV'

2021-06-22 00:56:19 - [MESSAGE][PASSED] - Object 'Object Repository/VLink/Page_CCSale/txt_CVVstate' is present

2021-06-22 00:56:19 - [MESSAGE][PASSED] - Text '' is set on object 'Object Repository/VLink/Page_CCSale/txt_CVVstate'

2021-06-22 00:56:20 - [MESSAGE][PASSED] - Object 'Object Repository/VLink/Page_CCSale/txt_TrackData' is present

2021-06-22 00:56:20 - [MESSAGE][PASSED] - Text '' is set on object 'Object Repository/VLink/Page_CCSale/txt_TrackData'

2021-06-22 00:56:20 - [MESSAGE][PASSED] - Object 'Object Repository/VLink/Page_CCSale/txt_Track1Data' is present

2021-06-22 00:56:21 - [MESSAGE][PASSED] - Text '' is set on object 'Object Repository/VLink/Page_CCSale/txt_Track1Data'

2021-06-22 00:56:21 - [MESSAGE][PASSED] - Object 'Object Repository/VLink/Page_CCSale/txt_Track2Data' is present

2021-06-22 00:56:22 - [MESSAGE][PASSED] - Text '' is set on object 'Object Repository/VLink/Page_CCSale/txt_Track2Data'

2021-06-22 00:56:22 - [MESSAGE][PASSED] - Object 'Object Repository/VLink/Page_CCSale/txt_POSEntryMode' is present

2021-06-22 00:56:23 - [MESSAGE][PASSED] - Text 'manual' is set on object 'Object Repository/VLink/Page_CCSale/txt_POSEntryMode'

2021-06-22 00:56:23 - [MESSAGE][PASSED] - Object 'Object Repository/VLink/Page_CCSale/txt_Email' is present

2021-06-22 00:56:24 - [MESSAGE][PASSED] - Text '' is set on object 'Object Repository/VLink/Page_CCSale/txt_Email'

2021-06-22 00:56:24 - [MESSAGE][PASSED] - Object 'Object Repository/VLink/Page_CCSale/txt_OrderNumber' is present

2021-06-22 00:56:25 - [MESSAGE][PASSED] - Text '' is set on object 'Object Repository/VLink/Page_CCSale/txt_OrderNumber'

2021-06-22 00:56:25 - [MESSAGE][PASSED] - Object 'Object Repository/VLink/Page_CCSale/txt_TaxAmount' is present

2021-06-22 00:56:26 - [MESSAGE][PASSED] - Text '' is set on object 'Object Repository/VLink/Page_CCSale/txt_TaxAmount'

2021-06-22 00:56:26 - [MESSAGE][PASSED] - Object 'Object Repository/VLink/Page_CCSale/txt_ChargeDescription' is present

2021-06-22 00:56:27 - [MESSAGE][PASSED] - Text '' is set on object 'Object Repository/VLink/Page_CCSale/txt_ChargeDescription'

2021-06-22 00:56:27 - [MESSAGE][PASSED] - Object 'Object Repository/VLink/Page_CCSale/txt_CAN' is present

2021-06-22 00:56:28 - [MESSAGE][PASSED] - Text '' is set on object 'Object Repository/VLink/Page_CCSale/txt_CAN'

2021-06-22 00:56:28 - [MESSAGE][PASSED] - Object 'Object Repository/VLink/Page_CCSale/txt_BillPaymentIndicator' is present

2021-06-22 00:56:29 - [MESSAGE][PASSED] - Text '' is set on object 'Object Repository/VLink/Page_CCSale/txt_BillPaymentIndicator'

2021-06-22 00:56:29 - [MESSAGE][PASSED] - Object 'Object Repository/VLink/Page_CCSale/txt_UDF1' is present

2021-06-22 00:56:30 - [MESSAGE][PASSED] - Text '' is set on object 'Object Repository/VLink/Page_CCSale/txt_UDF1'

2021-06-22 00:56:30 - [MESSAGE][PASSED] - Object 'Object Repository/VLink/Page_CCSale/txt_UDF2' is present

2021-06-22 00:56:31 - [MESSAGE][PASSED] - Text '' is set on object 'Object Repository/VLink/Page_CCSale/txt_UDF2'

2021-06-22 00:56:31 - [MESSAGE][PASSED] - Object 'Object Repository/VLink/Page_CCSale/txt_UDF3' is present

2021-06-22 00:56:32 - [MESSAGE][PASSED] - Text '' is set on object 'Object Repository/VLink/Page_CCSale/txt_UDF3'

2021-06-22 00:56:32 - [MESSAGE][PASSED] - Object 'Object Repository/VLink/Page_CCSale/txt_UDF4' is present

2021-06-22 00:56:33 - [MESSAGE][PASSED] - Text '' is set on object 'Object Repository/VLink/Page_CCSale/txt_UDF4'

2021-06-22 00:56:33 - [MESSAGE][PASSED] - Object 'Object Repository/VLink/Page_CCSale/txt_UDF5' is present

2021-06-22 00:56:34 - [MESSAGE][PASSED] - Text '' is set on object 'Object Repository/VLink/Page_CCSale/txt_UDF5'

2021-06-22 00:56:34 - [MESSAGE][PASSED] - Object 'Object Repository/VLink/Page_CCSale/txt_UDF6' is present

2021-06-22 00:56:35 - [MESSAGE][PASSED] - Text '' is set on object 'Object Repository/VLink/Page_CCSale/txt_UDF6'

2021-06-22 00:56:35 - [MESSAGE][PASSED] - Object 'Object Repository/VLink/Page_CCSale/txt_UDF7' is present

2021-06-22 00:56:36 - [MESSAGE][PASSED] - Text '' is set on object 'Object Repository/VLink/Page_CCSale/txt_UDF7'

2021-06-22 00:56:36 - [MESSAGE][PASSED] - Object 'Object Repository/VLink/Page_CCSale/txt_UDF8' is present

2021-06-22 00:56:37 - [MESSAGE][PASSED] - Text '' is set on object 'Object Repository/VLink/Page_CCSale/txt_UDF8'

2021-06-22 00:56:37 - [MESSAGE][PASSED] - Object 'Object Repository/VLink/Page_CCSale/txt_UDF9' is present

2021-06-22 00:56:38 - [MESSAGE][PASSED] - Text '' is set on object 'Object Repository/VLink/Page_CCSale/txt_UDF9'

2021-06-22 00:56:38 - [MESSAGE][PASSED] - Object 'Object Repository/VLink/Page_CCSale/txt_UDF10' is present

2021-06-22 00:56:39 - [MESSAGE][PASSED] - Text '' is set on object 'Object Repository/VLink/Page_CCSale/txt_UDF10'

2021-06-22 00:56:39 - [MESSAGE][PASSED] - Object 'Object Repository/VLink/Page_CCSale/txt_CardOnFileIndicator' is present

2021-06-22 00:56:40 - [MESSAGE][PASSED] - Text '' is set on object 'Object Repository/VLink/Page_CCSale/txt_CardOnFileIndicator'

2021-06-22 00:56:40 - [MESSAGE][PASSED] - Object 'Object Repository/VLink/Page_CCSale/txt_StoredCredentialIndicator' is present

2021-06-22 00:56:41 - [MESSAGE][PASSED] - Text '' is set on object 'Object Repository/VLink/Page_CCSale/txt_StoredCredentialIndicator'

2021-06-22 00:56:41 - [MESSAGE][PASSED] - Object 'Object Repository/VLink/Page_CCSale/txt_COFScheduledIndicator' is present

2021-06-22 00:56:42 - [MESSAGE][PASSED] - Text '' is set on object 'Object Repository/VLink/Page_CCSale/txt_COFScheduledIndicator'

2021-06-22 00:56:42 - [MESSAGE][PASSED] - Object 'Object Repository/VLink/Page_CCSale/txt_COFTransactionInitiatedBy' is present

2021-06-22 00:56:43 - [MESSAGE][PASSED] - Text '' is set on object 'Object Repository/VLink/Page_CCSale/txt_COFTransactionInitiatedBy'

2021-06-22 00:56:46 - [MESSAGE][PASSED] - Object: 'Object Repository/VLink/Page_CCSale/btn_ProcessVLinkTransaction' is clicked on

2021-06-22 00:56:51 - [MESSAGE][PASSED] - vlinkPages.saleCCPage.setDataSCC is PASSED

2021-06-22 00:56:51 - [TEST_STEP][PASSED] - if (verifyTextPresent("Transaction approved, no errors", true)): null

2021-06-22 00:56:52 - [MESSAGE][PASSED] - Text 'Transaction approved, no errors' is present on page  using regular expression

2021-06-22 00:56:52 - [TEST_STEP][PASSED] - println("Transaction Approved, no errors text is present on the Confirmation page"): null

2021-06-22 00:56:52 - [TEST_STEP][PASSED] - out.println("Pass Record Number: " + row): null

2021-06-22 00:56:52 - [TEST_STEP][PASSED] - resText = "Pass": null

2021-06-22 00:56:52 - [TEST_STEP][PASSED] - pages.WriteExcel.demoKey(resText, datText, resColumn, datCloumn, fileLoc, nameSheet, row): pages.WriteExcel.demoKey is PASSED

2021-06-22 00:56:52 - [MESSAGE][PASSED] - pages.WriteExcel.demoKey is PASSED

2021-06-22 00:56:52 - [TEST_STEP][PASSED] - sdfo = getText(findTestObject("Object Repository/Page_VLinkReceipt/pre_STX")): Text of object 'Object Repository/Page_VLinkReceipt/pre_STX' is: '<STX>Ff528ARlh4I0                  12098327            0  Transaction approved, no errors                   0                                                                                  X OK2815   <ETX>'

2021-06-22 00:56:52 - [MESSAGE][PASSED] - Text of object 'Object Repository/Page_VLinkReceipt/pre_STX' is: '<STX>Ff528ARlh4I0                  12098327            0  Transaction approved, no errors                   0                                                                                  X OK2815   <ETX>'

2021-06-22 00:56:52 - [TEST_STEP][PASSED] - out.println("sdfo: " + sdfo): null

2021-06-22 00:56:52 - [TEST_STEP][PASSED] - remID = substring(5, 35).trim(): null

2021-06-22 00:56:52 - [TEST_STEP][PASSED] - out.println("Remittance ID: " + remID): null

2021-06-22 00:56:52 - [TEST_STEP][PASSED] - traxID = substring(35, 55).trim(): null

2021-06-22 00:56:52 - [TEST_STEP][PASSED] - out.println("Transaction ID: " + traxID): null

2021-06-22 00:56:52 - [TEST_STEP][PASSED] - out.println("End Record Number: " + row): null

2021-06-22 00:56:52 - [TEST_STEP][PASSED] - closeBrowser(): Browser is closed

2021-06-22 00:56:53 - [MESSAGE][PASSED] - Browser is closed

2021-06-22 00:56:53 - [TEST_STEP][PASSED] - out.println("Begin Record Number: " + row): null

2021-06-22 00:56:53 - [TEST_STEP][PASSED] - today = new java.util.Date(): null

2021-06-22 00:56:53 - [TEST_STEP][PASSED] - println(today): null

2021-06-22 00:56:53 - [TEST_STEP][PASSED] - datText = today: null

2021-06-22 00:56:53 - [TEST_STEP][PASSED] - openBrowser(VLinkURL + "authcap.html"): Browser is opened with url: 'https://dev-algorithm.govolution.com/vlinktest/QA/version_2_0/authcap.html'

2021-06-22 00:56:53 - [MESSAGE][INFO] - Starting 'Chrome' driver

2021-06-22 00:56:53 - [MESSAGE][INFO] - User set preference: ['acceptInsecureCerts', 'true']

2021-06-22 00:56:53 - [MESSAGE][INFO] - Action delay is set to 0 milliseconds

2021-06-22 00:56:54 - [MESSAGE][PASSED] - Browser is opened with url: 'https://dev-algorithm.govolution.com/vlinktest/QA/version_2_0/authcap.html'

2021-06-22 00:56:54 - [TEST_STEP][PASSED] - maximizeWindow(): Current window maximized

2021-06-22 00:56:54 - [MESSAGE][PASSED] - Current window maximized

2021-06-22 00:56:54 - [TEST_STEP][PASSED] - vlinkPages.saleCCPage.setDataSCC(row, dataFile): vlinkPages.saleCCPage.setDataSCC is PASSED

2021-06-22 00:56:57 - [MESSAGE][PASSED] - Object 'Object Repository/VLink/Page_CCSale/txt_CardNumber' is present

2021-06-22 00:56:57 - [MESSAGE][PASSED] - Object 'Object Repository/VLink/Page_CCSale/txt_TransactionType' is present

2021-06-22 00:56:57 - [MESSAGE][PASSED] - Text '104' is set on object 'Object Repository/VLink/Page_CCSale/txt_TransactionType'

2021-06-22 00:56:58 - [MESSAGE][PASSED] - Object 'Object Repository/VLink/Page_CCSale/txt_MessageVersion' is present

2021-06-22 00:56:58 - [MESSAGE][PASSED] - Text '2.0C' is set on object 'Object Repository/VLink/Page_CCSale/txt_MessageVersion'

2021-06-22 00:56:59 - [MESSAGE][PASSED] - Object 'Object Repository/VLink/Page_CCSale/txt_RemID' is present

2021-06-22 00:56:59 - [MESSAGE][PASSED] - Text 'PnrzpyxVOPz6' is set on object 'Object Repository/VLink/Page_CCSale/txt_RemID'

2021-06-22 00:57:00 - [MESSAGE][PASSED] - Object 'Object Repository/VLink/Page_CCSale/txt_ApplicationId' is present

2021-06-22 00:57:00 - [MESSAGE][PASSED] - Text '665' is set on object 'Object Repository/VLink/Page_CCSale/txt_ApplicationId'

2021-06-22 00:57:00 - [MESSAGE][PASSED] - Object 'Object Repository/VLink/Page_CCSale/txt_Username' is present

2021-06-22 00:57:01 - [MESSAGE][PASSED] - Text 'username' is set on object 'Object Repository/VLink/Page_CCSale/txt_Username'

2021-06-22 00:57:01 - [MESSAGE][PASSED] - Object 'Object Repository/VLink/Page_CCSale/txt_Password' is present

2021-06-22 00:57:02 - [MESSAGE][PASSED] - Text 'password' is set on object 'Object Repository/VLink/Page_CCSale/txt_Password'

2021-06-22 00:57:02 - [MESSAGE][PASSED] - Object 'Object Repository/VLink/Page_CCSale/txt_ResponseFormat' is present

2021-06-22 00:57:03 - [MESSAGE][PASSED] - Text 'fixed_width' is set on object 'Object Repository/VLink/Page_CCSale/txt_ResponseFormat'

2021-06-22 00:57:03 - [MESSAGE][PASSED] - Object 'Object Repository/VLink/Page_CCSale/txt_Category' is present

2021-06-22 00:57:04 - [MESSAGE][PASSED] - Text 'ECOM' is set on object 'Object Repository/VLink/Page_CCSale/txt_Category'

2021-06-22 00:57:04 - [MESSAGE][PASSED] - Object 'Object Repository/VLink/Page_CCSale/txt_TransactionID' is present

2021-06-22 00:57:05 - [MESSAGE][PASSED] - Text '' is set on object 'Object Repository/VLink/Page_CCSale/txt_TransactionID'

2021-06-22 00:57:05 - [MESSAGE][PASSED] - Object 'Object Repository/VLink/Page_CCSale/txt_ApprovalCode' is present

2021-06-22 00:57:06 - [MESSAGE][PASSED] - Text '' is set on object 'Object Repository/VLink/Page_CCSale/txt_ApprovalCode'

2021-06-22 00:57:06 - [MESSAGE][PASSED] - Object 'Object Repository/VLink/Page_CCSale/txt_CardName' is present

2021-06-22 00:57:07 - [MESSAGE][PASSED] - Text 'Kris Roshan' is set on object 'Object Repository/VLink/Page_CCSale/txt_CardName'

2021-06-22 00:57:07 - [MESSAGE][PASSED] - Object 'Object Repository/VLink/Page_CCSale/txt_AL1' is present

2021-06-22 00:57:08 - [MESSAGE][PASSED] - Text '258 Elm Road' is set on object 'Object Repository/VLink/Page_CCSale/txt_AL1'

2021-06-22 00:57:08 - [MESSAGE][PASSED] - Object 'Object Repository/VLink/Page_CCSale/txt_AL2' is present

2021-06-22 00:57:09 - [MESSAGE][PASSED] - Text 'Suite 56' is set on object 'Object Repository/VLink/Page_CCSale/txt_AL2'

2021-06-22 00:57:09 - [MESSAGE][PASSED] - Object 'Object Repository/VLink/Page_CCSale/txt_CardCity' is present

2021-06-22 00:57:10 - [MESSAGE][PASSED] - Text 'Arlington' is set on object 'Object Repository/VLink/Page_CCSale/txt_CardCity'

2021-06-22 00:57:10 - [MESSAGE][PASSED] - Object 'Object Repository/VLink/Page_CCSale/txt_CardState' is present

2021-06-22 00:57:11 - [MESSAGE][PASSED] - Text 'VA' is set on object 'Object Repository/VLink/Page_CCSale/txt_CardState'

2021-06-22 00:57:11 - [MESSAGE][PASSED] - Object 'Object Repository/VLink/Page_CCSale/txt_CardZIP' is present

2021-06-22 00:57:12 - [MESSAGE][PASSED] - Text '22201' is set on object 'Object Repository/VLink/Page_CCSale/txt_CardZIP'

2021-06-22 00:57:12 - [MESSAGE][PASSED] - Object 'Object Repository/VLink/Page_CCSale/txt_CountryID' is present

2021-06-22 00:57:13 - [MESSAGE][PASSED] - Text '840' is set on object 'Object Repository/VLink/Page_CCSale/txt_CountryID'

2021-06-22 00:57:13 - [MESSAGE][PASSED] - Object 'Object Repository/VLink/Page_CCSale/txt_Amount' is present

2021-06-22 00:57:14 - [MESSAGE][PASSED] - Text '1.50' is set on object 'Object Repository/VLink/Page_CCSale/txt_Amount'

2021-06-22 00:57:14 - [MESSAGE][PASSED] - Object 'Object Repository/VLink/Page_CCSale/txt_CardNumber' is present

2021-06-22 00:57:15 - [MESSAGE][PASSED] - Text '6011000000000004' is set on object 'Object Repository/VLink/Page_CCSale/txt_CardNumber'

2021-06-22 00:57:15 - [MESSAGE][PASSED] - Object 'Object Repository/VLink/Page_CCSale/txt_ExpMonth' is present

2021-06-22 00:57:16 - [MESSAGE][PASSED] - Text '12' is set on object 'Object Repository/VLink/Page_CCSale/txt_ExpMonth'

2021-06-22 00:57:16 - [MESSAGE][PASSED] - Object 'Object Repository/VLink/Page_CCSale/txt_ExpYear' is present

2021-06-22 00:57:17 - [MESSAGE][PASSED] - Text '2025' is set on object 'Object Repository/VLink/Page_CCSale/txt_ExpYear'

2021-06-22 00:57:17 - [MESSAGE][PASSED] - Object 'Object Repository/VLink/Page_CCSale/txt_CVV' is present

2021-06-22 00:57:18 - [MESSAGE][PASSED] - Text '' is set on object 'Object Repository/VLink/Page_CCSale/txt_CVV'

2021-06-22 00:57:18 - [MESSAGE][PASSED] - Object 'Object Repository/VLink/Page_CCSale/txt_CVVstate' is present

2021-06-22 00:57:19 - [MESSAGE][PASSED] - Text '' is set on object 'Object Repository/VLink/Page_CCSale/txt_CVVstate'

2021-06-22 00:57:19 - [MESSAGE][PASSED] - Object 'Object Repository/VLink/Page_CCSale/txt_TrackData' is present

2021-06-22 00:57:20 - [MESSAGE][PASSED] - Text '' is set on object 'Object Repository/VLink/Page_CCSale/txt_TrackData'

2021-06-22 00:57:20 - [MESSAGE][PASSED] - Object 'Object Repository/VLink/Page_CCSale/txt_Track1Data' is present

2021-06-22 00:57:21 - [MESSAGE][PASSED] - Text '' is set on object 'Object Repository/VLink/Page_CCSale/txt_Track1Data'

2021-06-22 00:57:21 - [MESSAGE][PASSED] - Object 'Object Repository/VLink/Page_CCSale/txt_Track2Data' is present

2021-06-22 00:57:22 - [MESSAGE][PASSED] - Text '' is set on object 'Object Repository/VLink/Page_CCSale/txt_Track2Data'

2021-06-22 00:57:22 - [MESSAGE][PASSED] - Object 'Object Repository/VLink/Page_CCSale/txt_POSEntryMode' is present

2021-06-22 00:57:23 - [MESSAGE][PASSED] - Text 'manual' is set on object 'Object Repository/VLink/Page_CCSale/txt_POSEntryMode'

2021-06-22 00:57:23 - [MESSAGE][PASSED] - Object 'Object Repository/VLink/Page_CCSale/txt_Email' is present

2021-06-22 00:57:24 - [MESSAGE][PASSED] - Text 'iahmed@govolution.com' is set on object 'Object Repository/VLink/Page_CCSale/txt_Email'

2021-06-22 00:57:24 - [MESSAGE][PASSED] - Object 'Object Repository/VLink/Page_CCSale/txt_OrderNumber' is present

2021-06-22 00:57:25 - [MESSAGE][PASSED] - Text '2569362' is set on object 'Object Repository/VLink/Page_CCSale/txt_OrderNumber'

2021-06-22 00:57:25 - [MESSAGE][PASSED] - Object 'Object Repository/VLink/Page_CCSale/txt_TaxAmount' is present

2021-06-22 00:57:26 - [MESSAGE][PASSED] - Text '1.15' is set on object 'Object Repository/VLink/Page_CCSale/txt_TaxAmount'

2021-06-22 00:57:26 - [MESSAGE][PASSED] - Object 'Object Repository/VLink/Page_CCSale/txt_ChargeDescription' is present

2021-06-22 00:57:27 - [MESSAGE][PASSED] - Text 'Charge Description' is set on object 'Object Repository/VLink/Page_CCSale/txt_ChargeDescription'

2021-06-22 00:57:27 - [MESSAGE][PASSED] - Object 'Object Repository/VLink/Page_CCSale/txt_CAN' is present

2021-06-22 00:57:27 - [MESSAGE][PASSED] - Text '147357' is set on object 'Object Repository/VLink/Page_CCSale/txt_CAN'

2021-06-22 00:57:28 - [MESSAGE][PASSED] - Object 'Object Repository/VLink/Page_CCSale/txt_BillPaymentIndicator' is present

2021-06-22 00:57:28 - [MESSAGE][PASSED] - Text '1' is set on object 'Object Repository/VLink/Page_CCSale/txt_BillPaymentIndicator'

2021-06-22 00:57:29 - [MESSAGE][PASSED] - Object 'Object Repository/VLink/Page_CCSale/txt_UDF1' is present

2021-06-22 00:57:29 - [MESSAGE][PASSED] - Text 'UDF Data 1' is set on object 'Object Repository/VLink/Page_CCSale/txt_UDF1'

2021-06-22 00:57:30 - [MESSAGE][PASSED] - Object 'Object Repository/VLink/Page_CCSale/txt_UDF2' is present

2021-06-22 00:57:30 - [MESSAGE][PASSED] - Text 'UDF Data 2' is set on object 'Object Repository/VLink/Page_CCSale/txt_UDF2'

2021-06-22 00:57:31 - [MESSAGE][PASSED] - Object 'Object Repository/VLink/Page_CCSale/txt_UDF3' is present

2021-06-22 00:57:31 - [MESSAGE][PASSED] - Text 'UDF Data 3' is set on object 'Object Repository/VLink/Page_CCSale/txt_UDF3'

2021-06-22 00:57:32 - [MESSAGE][PASSED] - Object 'Object Repository/VLink/Page_CCSale/txt_UDF4' is present

2021-06-22 00:57:32 - [MESSAGE][PASSED] - Text 'UDF Data 4' is set on object 'Object Repository/VLink/Page_CCSale/txt_UDF4'

2021-06-22 00:57:33 - [MESSAGE][PASSED] - Object 'Object Repository/VLink/Page_CCSale/txt_UDF5' is present

2021-06-22 00:57:33 - [MESSAGE][PASSED] - Text 'UDF Data 5' is set on object 'Object Repository/VLink/Page_CCSale/txt_UDF5'

2021-06-22 00:57:34 - [MESSAGE][PASSED] - Object 'Object Repository/VLink/Page_CCSale/txt_UDF6' is present

2021-06-22 00:57:34 - [MESSAGE][PASSED] - Text 'UDF Data 6' is set on object 'Object Repository/VLink/Page_CCSale/txt_UDF6'

2021-06-22 00:57:35 - [MESSAGE][PASSED] - Object 'Object Repository/VLink/Page_CCSale/txt_UDF7' is present

2021-06-22 00:57:35 - [MESSAGE][PASSED] - Text 'UDF Data 7' is set on object 'Object Repository/VLink/Page_CCSale/txt_UDF7'

2021-06-22 00:57:36 - [MESSAGE][PASSED] - Object 'Object Repository/VLink/Page_CCSale/txt_UDF8' is present

2021-06-22 00:57:36 - [MESSAGE][PASSED] - Text 'UDF Data 8' is set on object 'Object Repository/VLink/Page_CCSale/txt_UDF8'

2021-06-22 00:57:37 - [MESSAGE][PASSED] - Object 'Object Repository/VLink/Page_CCSale/txt_UDF9' is present

2021-06-22 00:57:38 - [MESSAGE][PASSED] - Text 'UDF Data 9' is set on object 'Object Repository/VLink/Page_CCSale/txt_UDF9'

2021-06-22 00:57:38 - [MESSAGE][PASSED] - Object 'Object Repository/VLink/Page_CCSale/txt_UDF10' is present

2021-06-22 00:57:39 - [MESSAGE][PASSED] - Text 'UDF Data 10' is set on object 'Object Repository/VLink/Page_CCSale/txt_UDF10'

2021-06-22 00:57:39 - [MESSAGE][PASSED] - Object 'Object Repository/VLink/Page_CCSale/txt_CardOnFileIndicator' is present

2021-06-22 00:57:40 - [MESSAGE][PASSED] - Text '' is set on object 'Object Repository/VLink/Page_CCSale/txt_CardOnFileIndicator'

2021-06-22 00:57:40 - [MESSAGE][PASSED] - Object 'Object Repository/VLink/Page_CCSale/txt_StoredCredentialIndicator' is present

2021-06-22 00:57:41 - [MESSAGE][PASSED] - Text '' is set on object 'Object Repository/VLink/Page_CCSale/txt_StoredCredentialIndicator'

2021-06-22 00:57:41 - [MESSAGE][PASSED] - Object 'Object Repository/VLink/Page_CCSale/txt_COFScheduledIndicator' is present

2021-06-22 00:57:41 - [MESSAGE][PASSED] - Text '' is set on object 'Object Repository/VLink/Page_CCSale/txt_COFScheduledIndicator'

2021-06-22 00:57:42 - [MESSAGE][PASSED] - Object 'Object Repository/VLink/Page_CCSale/txt_COFTransactionInitiatedBy' is present

2021-06-22 00:57:42 - [MESSAGE][PASSED] - Text '' is set on object 'Object Repository/VLink/Page_CCSale/txt_COFTransactionInitiatedBy'

2021-06-22 00:57:45 - [MESSAGE][PASSED] - Object: 'Object Repository/VLink/Page_CCSale/btn_ProcessVLinkTransaction' is clicked on

2021-06-22 00:57:50 - [MESSAGE][PASSED] - vlinkPages.saleCCPage.setDataSCC is PASSED

2021-06-22 00:57:50 - [TEST_STEP][PASSED] - if (verifyTextPresent("Transaction approved, no errors", true)): null

2021-06-22 00:57:50 - [MESSAGE][PASSED] - Text 'Transaction approved, no errors' is present on page  using regular expression

2021-06-22 00:57:50 - [TEST_STEP][PASSED] - println("Transaction Approved, no errors text is present on the Confirmation page"): null

2021-06-22 00:57:50 - [TEST_STEP][PASSED] - out.println("Pass Record Number: " + row): null

2021-06-22 00:57:50 - [TEST_STEP][PASSED] - resText = "Pass": null

2021-06-22 00:57:50 - [TEST_STEP][PASSED] - pages.WriteExcel.demoKey(resText, datText, resColumn, datCloumn, fileLoc, nameSheet, row): pages.WriteExcel.demoKey is PASSED

2021-06-22 00:57:50 - [MESSAGE][PASSED] - pages.WriteExcel.demoKey is PASSED

2021-06-22 00:57:50 - [TEST_STEP][PASSED] - sdfo = getText(findTestObject("Object Repository/Page_VLinkReceipt/pre_STX")): Text of object 'Object Repository/Page_VLinkReceipt/pre_STX' is: '<STX>PnrzpyxVOPz6                  12098329            0  Transaction approved, no errors                   0                                                                                  XXOK3035   <ETX>'

2021-06-22 00:57:51 - [MESSAGE][PASSED] - Text of object 'Object Repository/Page_VLinkReceipt/pre_STX' is: '<STX>PnrzpyxVOPz6                  12098329            0  Transaction approved, no errors                   0                                                                                  XXOK3035   <ETX>'

2021-06-22 00:57:51 - [TEST_STEP][PASSED] - out.println("sdfo: " + sdfo): null

2021-06-22 00:57:51 - [TEST_STEP][PASSED] - remID = substring(5, 35).trim(): null

2021-06-22 00:57:51 - [TEST_STEP][PASSED] - out.println("Remittance ID: " + remID): null

2021-06-22 00:57:51 - [TEST_STEP][PASSED] - traxID = substring(35, 55).trim(): null

2021-06-22 00:57:51 - [TEST_STEP][PASSED] - out.println("Transaction ID: " + traxID): null

2021-06-22 00:57:51 - [TEST_STEP][PASSED] - out.println("End Record Number: " + row): null

2021-06-22 00:57:51 - [TEST_STEP][PASSED] - closeBrowser(): Browser is closed

2021-06-22 00:57:52 - [MESSAGE][PASSED] - Browser is closed

2021-06-22 00:57:52 - [TEST_STEP][PASSED] - out.println("Begin Record Number: " + row): null

2021-06-22 00:57:52 - [TEST_STEP][PASSED] - today = new java.util.Date(): null

2021-06-22 00:57:52 - [TEST_STEP][PASSED] - println(today): null

2021-06-22 00:57:52 - [TEST_STEP][PASSED] - datText = today: null

2021-06-22 00:57:52 - [TEST_STEP][PASSED] - openBrowser(VLinkURL + "authcap.html"): Browser is opened with url: 'https://dev-algorithm.govolution.com/vlinktest/QA/version_2_0/authcap.html'

2021-06-22 00:57:52 - [MESSAGE][INFO] - Starting 'Chrome' driver

2021-06-22 00:57:52 - [MESSAGE][INFO] - User set preference: ['acceptInsecureCerts', 'true']

2021-06-22 00:57:52 - [MESSAGE][INFO] - Action delay is set to 0 milliseconds

2021-06-22 00:57:53 - [MESSAGE][PASSED] - Browser is opened with url: 'https://dev-algorithm.govolution.com/vlinktest/QA/version_2_0/authcap.html'

2021-06-22 00:57:53 - [TEST_STEP][PASSED] - maximizeWindow(): Current window maximized

2021-06-22 00:57:53 - [MESSAGE][PASSED] - Current window maximized

2021-06-22 00:57:53 - [TEST_STEP][PASSED] - vlinkPages.saleCCPage.setDataSCC(row, dataFile): vlinkPages.saleCCPage.setDataSCC is PASSED

2021-06-22 00:57:56 - [MESSAGE][PASSED] - Object 'Object Repository/VLink/Page_CCSale/txt_CardNumber' is present

2021-06-22 00:57:56 - [MESSAGE][PASSED] - Object 'Object Repository/VLink/Page_CCSale/txt_TransactionType' is present

2021-06-22 00:57:57 - [MESSAGE][PASSED] - Text '104' is set on object 'Object Repository/VLink/Page_CCSale/txt_TransactionType'

2021-06-22 00:57:57 - [MESSAGE][PASSED] - Object 'Object Repository/VLink/Page_CCSale/txt_MessageVersion' is present

2021-06-22 00:57:58 - [MESSAGE][PASSED] - Text '2.0C' is set on object 'Object Repository/VLink/Page_CCSale/txt_MessageVersion'

2021-06-22 00:57:58 - [MESSAGE][PASSED] - Object 'Object Repository/VLink/Page_CCSale/txt_RemID' is present

2021-06-22 00:57:59 - [MESSAGE][PASSED] - Text 'G6eN6x7SV0ru' is set on object 'Object Repository/VLink/Page_CCSale/txt_RemID'

2021-06-22 00:57:59 - [MESSAGE][PASSED] - Object 'Object Repository/VLink/Page_CCSale/txt_ApplicationId' is present

2021-06-22 00:58:00 - [MESSAGE][PASSED] - Text '672' is set on object 'Object Repository/VLink/Page_CCSale/txt_ApplicationId'

2021-06-22 00:58:00 - [MESSAGE][PASSED] - Object 'Object Repository/VLink/Page_CCSale/txt_Username' is present

2021-06-22 00:58:00 - [MESSAGE][PASSED] - Text 'username' is set on object 'Object Repository/VLink/Page_CCSale/txt_Username'

2021-06-22 00:58:01 - [MESSAGE][PASSED] - Object 'Object Repository/VLink/Page_CCSale/txt_Password' is present

2021-06-22 00:58:01 - [MESSAGE][PASSED] - Text 'password' is set on object 'Object Repository/VLink/Page_CCSale/txt_Password'

2021-06-22 00:58:02 - [MESSAGE][PASSED] - Object 'Object Repository/VLink/Page_CCSale/txt_ResponseFormat' is present

2021-06-22 00:58:02 - [MESSAGE][PASSED] - Text 'fixed_width' is set on object 'Object Repository/VLink/Page_CCSale/txt_ResponseFormat'

2021-06-22 00:58:02 - [MESSAGE][PASSED] - Object 'Object Repository/VLink/Page_CCSale/txt_Category' is present

2021-06-22 00:58:03 - [MESSAGE][PASSED] - Text 'ECOM' is set on object 'Object Repository/VLink/Page_CCSale/txt_Category'

2021-06-22 00:58:03 - [MESSAGE][PASSED] - Object 'Object Repository/VLink/Page_CCSale/txt_TransactionID' is present

2021-06-22 00:58:04 - [MESSAGE][PASSED] - Text '' is set on object 'Object Repository/VLink/Page_CCSale/txt_TransactionID'

2021-06-22 00:58:04 - [MESSAGE][PASSED] - Object 'Object Repository/VLink/Page_CCSale/txt_ApprovalCode' is present

2021-06-22 00:58:05 - [MESSAGE][PASSED] - Text '' is set on object 'Object Repository/VLink/Page_CCSale/txt_ApprovalCode'

2021-06-22 00:58:05 - [MESSAGE][PASSED] - Object 'Object Repository/VLink/Page_CCSale/txt_CardName' is present

2021-06-22 00:58:06 - [MESSAGE][PASSED] - Text 'Arvind Silva' is set on object 'Object Repository/VLink/Page_CCSale/txt_CardName'

2021-06-22 00:58:06 - [MESSAGE][PASSED] - Object 'Object Repository/VLink/Page_CCSale/txt_AL1' is present

2021-06-22 00:58:07 - [MESSAGE][PASSED] - Text '111 Main Ave' is set on object 'Object Repository/VLink/Page_CCSale/txt_AL1'

2021-06-22 00:58:07 - [MESSAGE][PASSED] - Object 'Object Repository/VLink/Page_CCSale/txt_AL2' is present

2021-06-22 00:58:08 - [MESSAGE][PASSED] - Text '' is set on object 'Object Repository/VLink/Page_CCSale/txt_AL2'

2021-06-22 00:58:08 - [MESSAGE][PASSED] - Object 'Object Repository/VLink/Page_CCSale/txt_CardCity' is present

2021-06-22 00:58:09 - [MESSAGE][PASSED] - Text 'Arlington' is set on object 'Object Repository/VLink/Page_CCSale/txt_CardCity'

2021-06-22 00:58:09 - [MESSAGE][PASSED] - Object 'Object Repository/VLink/Page_CCSale/txt_CardState' is present

2021-06-22 00:58:10 - [MESSAGE][PASSED] - Text 'VA' is set on object 'Object Repository/VLink/Page_CCSale/txt_CardState'

2021-06-22 00:58:10 - [MESSAGE][PASSED] - Object 'Object Repository/VLink/Page_CCSale/txt_CardZIP' is present

2021-06-22 00:58:11 - [MESSAGE][PASSED] - Text '22201' is set on object 'Object Repository/VLink/Page_CCSale/txt_CardZIP'

2021-06-22 00:58:11 - [MESSAGE][PASSED] - Object 'Object Repository/VLink/Page_CCSale/txt_CountryID' is present

2021-06-22 00:58:12 - [MESSAGE][PASSED] - Text '' is set on object 'Object Repository/VLink/Page_CCSale/txt_CountryID'

2021-06-22 00:58:12 - [MESSAGE][PASSED] - Object 'Object Repository/VLink/Page_CCSale/txt_Amount' is present

2021-06-22 00:58:13 - [MESSAGE][PASSED] - Text '2.50' is set on object 'Object Repository/VLink/Page_CCSale/txt_Amount'

2021-06-22 00:58:13 - [MESSAGE][PASSED] - Object 'Object Repository/VLink/Page_CCSale/txt_CardNumber' is present

2021-06-22 00:58:14 - [MESSAGE][PASSED] - Text '6011000000000004' is set on object 'Object Repository/VLink/Page_CCSale/txt_CardNumber'

2021-06-22 00:58:14 - [MESSAGE][PASSED] - Object 'Object Repository/VLink/Page_CCSale/txt_ExpMonth' is present

2021-06-22 00:58:15 - [MESSAGE][PASSED] - Text '01' is set on object 'Object Repository/VLink/Page_CCSale/txt_ExpMonth'

2021-06-22 00:58:15 - [MESSAGE][PASSED] - Object 'Object Repository/VLink/Page_CCSale/txt_ExpYear' is present

2021-06-22 00:58:16 - [MESSAGE][PASSED] - Text '2026' is set on object 'Object Repository/VLink/Page_CCSale/txt_ExpYear'

2021-06-22 00:58:16 - [MESSAGE][PASSED] - Object 'Object Repository/VLink/Page_CCSale/txt_CVV' is present

2021-06-22 00:58:17 - [MESSAGE][PASSED] - Text '' is set on object 'Object Repository/VLink/Page_CCSale/txt_CVV'

2021-06-22 00:58:17 - [MESSAGE][PASSED] - Object 'Object Repository/VLink/Page_CCSale/txt_CVVstate' is present

2021-06-22 00:58:18 - [MESSAGE][PASSED] - Text '' is set on object 'Object Repository/VLink/Page_CCSale/txt_CVVstate'

2021-06-22 00:58:18 - [MESSAGE][PASSED] - Object 'Object Repository/VLink/Page_CCSale/txt_TrackData' is present

2021-06-22 00:58:19 - [MESSAGE][PASSED] - Text '' is set on object 'Object Repository/VLink/Page_CCSale/txt_TrackData'

2021-06-22 00:58:19 - [MESSAGE][PASSED] - Object 'Object Repository/VLink/Page_CCSale/txt_Track1Data' is present

2021-06-22 00:58:20 - [MESSAGE][PASSED] - Text '' is set on object 'Object Repository/VLink/Page_CCSale/txt_Track1Data'

2021-06-22 00:58:20 - [MESSAGE][PASSED] - Object 'Object Repository/VLink/Page_CCSale/txt_Track2Data' is present

2021-06-22 00:58:21 - [MESSAGE][PASSED] - Text '' is set on object 'Object Repository/VLink/Page_CCSale/txt_Track2Data'

2021-06-22 00:58:21 - [MESSAGE][PASSED] - Object 'Object Repository/VLink/Page_CCSale/txt_POSEntryMode' is present

2021-06-22 00:58:22 - [MESSAGE][PASSED] - Text 'manual' is set on object 'Object Repository/VLink/Page_CCSale/txt_POSEntryMode'

2021-06-22 00:58:22 - [MESSAGE][PASSED] - Object 'Object Repository/VLink/Page_CCSale/txt_Email' is present

2021-06-22 00:58:23 - [MESSAGE][PASSED] - Text '' is set on object 'Object Repository/VLink/Page_CCSale/txt_Email'

2021-06-22 00:58:23 - [MESSAGE][PASSED] - Object 'Object Repository/VLink/Page_CCSale/txt_OrderNumber' is present

2021-06-22 00:58:24 - [MESSAGE][PASSED] - Text '' is set on object 'Object Repository/VLink/Page_CCSale/txt_OrderNumber'

2021-06-22 00:58:24 - [MESSAGE][PASSED] - Object 'Object Repository/VLink/Page_CCSale/txt_TaxAmount' is present

2021-06-22 00:58:25 - [MESSAGE][PASSED] - Text '' is set on object 'Object Repository/VLink/Page_CCSale/txt_TaxAmount'

2021-06-22 00:58:25 - [MESSAGE][PASSED] - Object 'Object Repository/VLink/Page_CCSale/txt_ChargeDescription' is present

2021-06-22 00:58:26 - [MESSAGE][PASSED] - Text '' is set on object 'Object Repository/VLink/Page_CCSale/txt_ChargeDescription'

2021-06-22 00:58:26 - [MESSAGE][PASSED] - Object 'Object Repository/VLink/Page_CCSale/txt_CAN' is present

2021-06-22 00:58:27 - [MESSAGE][PASSED] - Text '' is set on object 'Object Repository/VLink/Page_CCSale/txt_CAN'

2021-06-22 00:58:27 - [MESSAGE][PASSED] - Object 'Object Repository/VLink/Page_CCSale/txt_BillPaymentIndicator' is present

2021-06-22 00:58:28 - [MESSAGE][PASSED] - Text '' is set on object 'Object Repository/VLink/Page_CCSale/txt_BillPaymentIndicator'

2021-06-22 00:58:28 - [MESSAGE][PASSED] - Object 'Object Repository/VLink/Page_CCSale/txt_UDF1' is present

2021-06-22 00:58:29 - [MESSAGE][PASSED] - Text '' is set on object 'Object Repository/VLink/Page_CCSale/txt_UDF1'

2021-06-22 00:58:29 - [MESSAGE][PASSED] - Object 'Object Repository/VLink/Page_CCSale/txt_UDF2' is present

2021-06-22 00:58:30 - [MESSAGE][PASSED] - Text '' is set on object 'Object Repository/VLink/Page_CCSale/txt_UDF2'

2021-06-22 00:58:30 - [MESSAGE][PASSED] - Object 'Object Repository/VLink/Page_CCSale/txt_UDF3' is present

2021-06-22 00:58:31 - [MESSAGE][PASSED] - Text '' is set on object 'Object Repository/VLink/Page_CCSale/txt_UDF3'

2021-06-22 00:58:31 - [MESSAGE][PASSED] - Object 'Object Repository/VLink/Page_CCSale/txt_UDF4' is present

2021-06-22 00:58:32 - [MESSAGE][PASSED] - Text '' is set on object 'Object Repository/VLink/Page_CCSale/txt_UDF4'

2021-06-22 00:58:32 - [MESSAGE][PASSED] - Object 'Object Repository/VLink/Page_CCSale/txt_UDF5' is present

2021-06-22 00:58:33 - [MESSAGE][PASSED] - Text '' is set on object 'Object Repository/VLink/Page_CCSale/txt_UDF5'

2021-06-22 00:58:33 - [MESSAGE][PASSED] - Object 'Object Repository/VLink/Page_CCSale/txt_UDF6' is present

2021-06-22 00:58:34 - [MESSAGE][PASSED] - Text '' is set on object 'Object Repository/VLink/Page_CCSale/txt_UDF6'

2021-06-22 00:58:34 - [MESSAGE][PASSED] - Object 'Object Repository/VLink/Page_CCSale/txt_UDF7' is present

2021-06-22 00:58:35 - [MESSAGE][PASSED] - Text '' is set on object 'Object Repository/VLink/Page_CCSale/txt_UDF7'

2021-06-22 00:58:35 - [MESSAGE][PASSED] - Object 'Object Repository/VLink/Page_CCSale/txt_UDF8' is present

2021-06-22 00:58:36 - [MESSAGE][PASSED] - Text '' is set on object 'Object Repository/VLink/Page_CCSale/txt_UDF8'

2021-06-22 00:58:36 - [MESSAGE][PASSED] - Object 'Object Repository/VLink/Page_CCSale/txt_UDF9' is present

2021-06-22 00:58:36 - [MESSAGE][PASSED] - Text '' is set on object 'Object Repository/VLink/Page_CCSale/txt_UDF9'

2021-06-22 00:58:37 - [MESSAGE][PASSED] - Object 'Object Repository/VLink/Page_CCSale/txt_UDF10' is present

2021-06-22 00:58:37 - [MESSAGE][PASSED] - Text '' is set on object 'Object Repository/VLink/Page_CCSale/txt_UDF10'

2021-06-22 00:58:38 - [MESSAGE][PASSED] - Object 'Object Repository/VLink/Page_CCSale/txt_CardOnFileIndicator' is present

2021-06-22 00:58:38 - [MESSAGE][PASSED] - Text '' is set on object 'Object Repository/VLink/Page_CCSale/txt_CardOnFileIndicator'

2021-06-22 00:58:39 - [MESSAGE][PASSED] - Object 'Object Repository/VLink/Page_CCSale/txt_StoredCredentialIndicator' is present

2021-06-22 00:58:39 - [MESSAGE][PASSED] - Text '' is set on object 'Object Repository/VLink/Page_CCSale/txt_StoredCredentialIndicator'

2021-06-22 00:58:40 - [MESSAGE][PASSED] - Object 'Object Repository/VLink/Page_CCSale/txt_COFScheduledIndicator' is present

2021-06-22 00:58:40 - [MESSAGE][PASSED] - Text '' is set on object 'Object Repository/VLink/Page_CCSale/txt_COFScheduledIndicator'

2021-06-22 00:58:41 - [MESSAGE][PASSED] - Object 'Object Repository/VLink/Page_CCSale/txt_COFTransactionInitiatedBy' is present

2021-06-22 00:58:41 - [MESSAGE][PASSED] - Text '' is set on object 'Object Repository/VLink/Page_CCSale/txt_COFTransactionInitiatedBy'

2021-06-22 00:58:44 - [MESSAGE][PASSED] - Object: 'Object Repository/VLink/Page_CCSale/btn_ProcessVLinkTransaction' is clicked on

2021-06-22 00:58:49 - [MESSAGE][PASSED] - vlinkPages.saleCCPage.setDataSCC is PASSED

2021-06-22 00:58:49 - [TEST_STEP][PASSED] - if (verifyTextPresent("Transaction approved, no errors", true)): null

2021-06-22 00:58:49 - [MESSAGE][PASSED] - Text 'Transaction approved, no errors' is present on page  using regular expression

2021-06-22 00:58:49 - [TEST_STEP][PASSED] - println("Transaction Approved, no errors text is present on the Confirmation page"): null

2021-06-22 00:58:49 - [TEST_STEP][PASSED] - out.println("Pass Record Number: " + row): null

2021-06-22 00:58:49 - [TEST_STEP][PASSED] - resText = "Pass": null

2021-06-22 00:58:49 - [TEST_STEP][PASSED] - pages.WriteExcel.demoKey(resText, datText, resColumn, datCloumn, fileLoc, nameSheet, row): pages.WriteExcel.demoKey is PASSED

2021-06-22 00:58:49 - [MESSAGE][PASSED] - pages.WriteExcel.demoKey is PASSED

2021-06-22 00:58:49 - [TEST_STEP][PASSED] - sdfo = getText(findTestObject("Object Repository/Page_VLinkReceipt/pre_STX")): Text of object 'Object Repository/Page_VLinkReceipt/pre_STX' is: '<STX>G6eN6x7SV0ru                  12098330            0  Transaction approved, no errors                   0                                                                                  XXOK3175   <ETX>'

2021-06-22 00:58:50 - [MESSAGE][PASSED] - Text of object 'Object Repository/Page_VLinkReceipt/pre_STX' is: '<STX>G6eN6x7SV0ru                  12098330            0  Transaction approved, no errors                   0                                                                                  XXOK3175   <ETX>'

2021-06-22 00:58:50 - [TEST_STEP][PASSED] - out.println("sdfo: " + sdfo): null

2021-06-22 00:58:50 - [TEST_STEP][PASSED] - remID = substring(5, 35).trim(): null

2021-06-22 00:58:50 - [TEST_STEP][PASSED] - out.println("Remittance ID: " + remID): null

2021-06-22 00:58:50 - [TEST_STEP][PASSED] - traxID = substring(35, 55).trim(): null

2021-06-22 00:58:50 - [TEST_STEP][PASSED] - out.println("Transaction ID: " + traxID): null

2021-06-22 00:58:50 - [TEST_STEP][PASSED] - out.println("End Record Number: " + row): null

2021-06-22 00:58:50 - [TEST_STEP][PASSED] - closeBrowser(): Browser is closed

2021-06-22 00:58:50 - [MESSAGE][PASSED] - Browser is closed

2021-06-22 00:58:50 - [TEST_STEP][PASSED] - out.println("Begin Record Number: " + row): null

2021-06-22 00:58:50 - [TEST_STEP][PASSED] - today = new java.util.Date(): null

2021-06-22 00:58:50 - [TEST_STEP][PASSED] - println(today): null

2021-06-22 00:58:50 - [TEST_STEP][PASSED] - datText = today: null

2021-06-22 00:58:50 - [TEST_STEP][PASSED] - openBrowser(VLinkURL + "authcap.html"): Browser is opened with url: 'https://dev-algorithm.govolution.com/vlinktest/QA/version_2_0/authcap.html'

2021-06-22 00:58:50 - [MESSAGE][INFO] - Starting 'Chrome' driver

2021-06-22 00:58:50 - [MESSAGE][INFO] - User set preference: ['acceptInsecureCerts', 'true']

2021-06-22 00:58:50 - [MESSAGE][INFO] - Action delay is set to 0 milliseconds

2021-06-22 00:58:52 - [MESSAGE][PASSED] - Browser is opened with url: 'https://dev-algorithm.govolution.com/vlinktest/QA/version_2_0/authcap.html'

2021-06-22 00:58:52 - [TEST_STEP][PASSED] - maximizeWindow(): Current window maximized

2021-06-22 00:58:52 - [MESSAGE][PASSED] - Current window maximized

2021-06-22 00:58:52 - [TEST_STEP][PASSED] - vlinkPages.saleCCPage.setDataSCC(row, dataFile): vlinkPages.saleCCPage.setDataSCC is PASSED

2021-06-22 00:58:54 - [MESSAGE][PASSED] - Object 'Object Repository/VLink/Page_CCSale/txt_CardNumber' is present

2021-06-22 00:58:55 - [MESSAGE][PASSED] - Object 'Object Repository/VLink/Page_CCSale/txt_TransactionType' is present

2021-06-22 00:58:55 - [MESSAGE][PASSED] - Text '104' is set on object 'Object Repository/VLink/Page_CCSale/txt_TransactionType'

2021-06-22 00:58:56 - [MESSAGE][PASSED] - Object 'Object Repository/VLink/Page_CCSale/txt_MessageVersion' is present

2021-06-22 00:58:56 - [MESSAGE][PASSED] - Text '2.0C' is set on object 'Object Repository/VLink/Page_CCSale/txt_MessageVersion'

2021-06-22 00:58:57 - [MESSAGE][PASSED] - Object 'Object Repository/VLink/Page_CCSale/txt_RemID' is present

2021-06-22 00:58:57 - [MESSAGE][PASSED] - Text '5p9Zs3H9xqNF' is set on object 'Object Repository/VLink/Page_CCSale/txt_RemID'

2021-06-22 00:58:58 - [MESSAGE][PASSED] - Object 'Object Repository/VLink/Page_CCSale/txt_ApplicationId' is present

2021-06-22 00:58:58 - [MESSAGE][PASSED] - Text '677' is set on object 'Object Repository/VLink/Page_CCSale/txt_ApplicationId'

2021-06-22 00:58:59 - [MESSAGE][PASSED] - Object 'Object Repository/VLink/Page_CCSale/txt_Username' is present

2021-06-22 00:58:59 - [MESSAGE][PASSED] - Text 'username' is set on object 'Object Repository/VLink/Page_CCSale/txt_Username'

2021-06-22 00:59:00 - [MESSAGE][PASSED] - Object 'Object Repository/VLink/Page_CCSale/txt_Password' is present

2021-06-22 00:59:00 - [MESSAGE][PASSED] - Text 'password' is set on object 'Object Repository/VLink/Page_CCSale/txt_Password'

2021-06-22 00:59:00 - [MESSAGE][PASSED] - Object 'Object Repository/VLink/Page_CCSale/txt_ResponseFormat' is present

2021-06-22 00:59:01 - [MESSAGE][PASSED] - Text 'fixed_width' is set on object 'Object Repository/VLink/Page_CCSale/txt_ResponseFormat'

2021-06-22 00:59:01 - [MESSAGE][PASSED] - Object 'Object Repository/VLink/Page_CCSale/txt_Category' is present

2021-06-22 00:59:02 - [MESSAGE][PASSED] - Text 'ECOM' is set on object 'Object Repository/VLink/Page_CCSale/txt_Category'

2021-06-22 00:59:02 - [MESSAGE][PASSED] - Object 'Object Repository/VLink/Page_CCSale/txt_TransactionID' is present

2021-06-22 00:59:03 - [MESSAGE][PASSED] - Text '' is set on object 'Object Repository/VLink/Page_CCSale/txt_TransactionID'

2021-06-22 00:59:04 - [MESSAGE][PASSED] - Object 'Object Repository/VLink/Page_CCSale/txt_ApprovalCode' is present

2021-06-22 00:59:04 - [MESSAGE][PASSED] - Text '' is set on object 'Object Repository/VLink/Page_CCSale/txt_ApprovalCode'

2021-06-22 00:59:05 - [MESSAGE][PASSED] - Object 'Object Repository/VLink/Page_CCSale/txt_CardName' is present

2021-06-22 00:59:05 - [MESSAGE][PASSED] - Text 'Roshan Maha' is set on object 'Object Repository/VLink/Page_CCSale/txt_CardName'

2021-06-22 00:59:06 - [MESSAGE][PASSED] - Object 'Object Repository/VLink/Page_CCSale/txt_AL1' is present

2021-06-22 00:59:06 - [MESSAGE][PASSED] - Text '12563 Bazaar road' is set on object 'Object Repository/VLink/Page_CCSale/txt_AL1'

2021-06-22 00:59:07 - [MESSAGE][PASSED] - Object 'Object Repository/VLink/Page_CCSale/txt_AL2' is present

2021-06-22 00:59:08 - [MESSAGE][PASSED] - Text '' is set on object 'Object Repository/VLink/Page_CCSale/txt_AL2'

2021-06-22 00:59:08 - [MESSAGE][PASSED] - Object 'Object Repository/VLink/Page_CCSale/txt_CardCity' is present

2021-06-22 00:59:09 - [MESSAGE][PASSED] - Text 'Crofton' is set on object 'Object Repository/VLink/Page_CCSale/txt_CardCity'

2021-06-22 00:59:09 - [MESSAGE][PASSED] - Object 'Object Repository/VLink/Page_CCSale/txt_CardState' is present

2021-06-22 00:59:10 - [MESSAGE][PASSED] - Text 'MD' is set on object 'Object Repository/VLink/Page_CCSale/txt_CardState'

2021-06-22 00:59:10 - [MESSAGE][PASSED] - Object 'Object Repository/VLink/Page_CCSale/txt_CardZIP' is present

2021-06-22 00:59:11 - [MESSAGE][PASSED] - Text '21114' is set on object 'Object Repository/VLink/Page_CCSale/txt_CardZIP'

2021-06-22 00:59:11 - [MESSAGE][PASSED] - Object 'Object Repository/VLink/Page_CCSale/txt_CountryID' is present

2021-06-22 00:59:12 - [MESSAGE][PASSED] - Text '' is set on object 'Object Repository/VLink/Page_CCSale/txt_CountryID'

2021-06-22 00:59:12 - [MESSAGE][PASSED] - Object 'Object Repository/VLink/Page_CCSale/txt_Amount' is present

2021-06-22 00:59:13 - [MESSAGE][PASSED] - Text '3.50' is set on object 'Object Repository/VLink/Page_CCSale/txt_Amount'

2021-06-22 00:59:13 - [MESSAGE][PASSED] - Object 'Object Repository/VLink/Page_CCSale/txt_CardNumber' is present

2021-06-22 00:59:14 - [MESSAGE][PASSED] - Text '6011000000000004' is set on object 'Object Repository/VLink/Page_CCSale/txt_CardNumber'

2021-06-22 00:59:14 - [MESSAGE][PASSED] - Object 'Object Repository/VLink/Page_CCSale/txt_ExpMonth' is present

2021-06-22 00:59:15 - [MESSAGE][PASSED] - Text '01' is set on object 'Object Repository/VLink/Page_CCSale/txt_ExpMonth'

2021-06-22 00:59:15 - [MESSAGE][PASSED] - Object 'Object Repository/VLink/Page_CCSale/txt_ExpYear' is present

2021-06-22 00:59:16 - [MESSAGE][PASSED] - Text '2026' is set on object 'Object Repository/VLink/Page_CCSale/txt_ExpYear'

2021-06-22 00:59:16 - [MESSAGE][PASSED] - Object 'Object Repository/VLink/Page_CCSale/txt_CVV' is present

2021-06-22 00:59:17 - [MESSAGE][PASSED] - Text '' is set on object 'Object Repository/VLink/Page_CCSale/txt_CVV'

2021-06-22 00:59:17 - [MESSAGE][PASSED] - Object 'Object Repository/VLink/Page_CCSale/txt_CVVstate' is present

2021-06-22 00:59:18 - [MESSAGE][PASSED] - Text '' is set on object 'Object Repository/VLink/Page_CCSale/txt_CVVstate'

2021-06-22 00:59:18 - [MESSAGE][PASSED] - Object 'Object Repository/VLink/Page_CCSale/txt_TrackData' is present

2021-06-22 00:59:19 - [MESSAGE][PASSED] - Text '' is set on object 'Object Repository/VLink/Page_CCSale/txt_TrackData'

2021-06-22 00:59:20 - [MESSAGE][PASSED] - Object 'Object Repository/VLink/Page_CCSale/txt_Track1Data' is present

2021-06-22 00:59:20 - [MESSAGE][PASSED] - Text '' is set on object 'Object Repository/VLink/Page_CCSale/txt_Track1Data'

2021-06-22 00:59:21 - [MESSAGE][PASSED] - Object 'Object Repository/VLink/Page_CCSale/txt_Track2Data' is present

2021-06-22 00:59:21 - [MESSAGE][PASSED] - Text '' is set on object 'Object Repository/VLink/Page_CCSale/txt_Track2Data'

2021-06-22 00:59:22 - [MESSAGE][PASSED] - Object 'Object Repository/VLink/Page_CCSale/txt_POSEntryMode' is present

2021-06-22 00:59:23 - [MESSAGE][PASSED] - Text 'manual' is set on object 'Object Repository/VLink/Page_CCSale/txt_POSEntryMode'

2021-06-22 00:59:23 - [MESSAGE][PASSED] - Object 'Object Repository/VLink/Page_CCSale/txt_Email' is present

2021-06-22 00:59:24 - [MESSAGE][PASSED] - Text '' is set on object 'Object Repository/VLink/Page_CCSale/txt_Email'

2021-06-22 00:59:24 - [MESSAGE][PASSED] - Object 'Object Repository/VLink/Page_CCSale/txt_OrderNumber' is present

2021-06-22 00:59:25 - [MESSAGE][PASSED] - Text '' is set on object 'Object Repository/VLink/Page_CCSale/txt_OrderNumber'

2021-06-22 00:59:25 - [MESSAGE][PASSED] - Object 'Object Repository/VLink/Page_CCSale/txt_TaxAmount' is present

2021-06-22 00:59:26 - [MESSAGE][PASSED] - Text '' is set on object 'Object Repository/VLink/Page_CCSale/txt_TaxAmount'

2021-06-22 00:59:26 - [MESSAGE][PASSED] - Object 'Object Repository/VLink/Page_CCSale/txt_ChargeDescription' is present

2021-06-22 00:59:27 - [MESSAGE][PASSED] - Text '' is set on object 'Object Repository/VLink/Page_CCSale/txt_ChargeDescription'

2021-06-22 00:59:27 - [MESSAGE][PASSED] - Object 'Object Repository/VLink/Page_CCSale/txt_CAN' is present

2021-06-22 00:59:28 - [MESSAGE][PASSED] - Text '' is set on object 'Object Repository/VLink/Page_CCSale/txt_CAN'

2021-06-22 00:59:28 - [MESSAGE][PASSED] - Object 'Object Repository/VLink/Page_CCSale/txt_BillPaymentIndicator' is present

2021-06-22 00:59:29 - [MESSAGE][PASSED] - Text '' is set on object 'Object Repository/VLink/Page_CCSale/txt_BillPaymentIndicator'

2021-06-22 00:59:29 - [MESSAGE][PASSED] - Object 'Object Repository/VLink/Page_CCSale/txt_UDF1' is present

2021-06-22 00:59:30 - [MESSAGE][PASSED] - Text '' is set on object 'Object Repository/VLink/Page_CCSale/txt_UDF1'

2021-06-22 00:59:30 - [MESSAGE][PASSED] - Object 'Object Repository/VLink/Page_CCSale/txt_UDF2' is present

2021-06-22 00:59:31 - [MESSAGE][PASSED] - Text '' is set on object 'Object Repository/VLink/Page_CCSale/txt_UDF2'

2021-06-22 00:59:32 - [MESSAGE][PASSED] - Object 'Object Repository/VLink/Page_CCSale/txt_UDF3' is present

2021-06-22 00:59:32 - [MESSAGE][PASSED] - Text '' is set on object 'Object Repository/VLink/Page_CCSale/txt_UDF3'

2021-06-22 00:59:33 - [MESSAGE][PASSED] - Object 'Object Repository/VLink/Page_CCSale/txt_UDF4' is present

2021-06-22 00:59:33 - [MESSAGE][PASSED] - Text '' is set on object 'Object Repository/VLink/Page_CCSale/txt_UDF4'

2021-06-22 00:59:34 - [MESSAGE][PASSED] - Object 'Object Repository/VLink/Page_CCSale/txt_UDF5' is present

2021-06-22 00:59:34 - [MESSAGE][PASSED] - Text '' is set on object 'Object Repository/VLink/Page_CCSale/txt_UDF5'

2021-06-22 00:59:35 - [MESSAGE][PASSED] - Object 'Object Repository/VLink/Page_CCSale/txt_UDF6' is present

2021-06-22 00:59:35 - [MESSAGE][PASSED] - Text '' is set on object 'Object Repository/VLink/Page_CCSale/txt_UDF6'

2021-06-22 00:59:36 - [MESSAGE][PASSED] - Object 'Object Repository/VLink/Page_CCSale/txt_UDF7' is present

2021-06-22 00:59:37 - [MESSAGE][PASSED] - Text '' is set on object 'Object Repository/VLink/Page_CCSale/txt_UDF7'

2021-06-22 00:59:37 - [MESSAGE][PASSED] - Object 'Object Repository/VLink/Page_CCSale/txt_UDF8' is present

2021-06-22 00:59:38 - [MESSAGE][PASSED] - Text '' is set on object 'Object Repository/VLink/Page_CCSale/txt_UDF8'

2021-06-22 00:59:38 - [MESSAGE][PASSED] - Object 'Object Repository/VLink/Page_CCSale/txt_UDF9' is present

2021-06-22 00:59:39 - [MESSAGE][PASSED] - Text '' is set on object 'Object Repository/VLink/Page_CCSale/txt_UDF9'

2021-06-22 00:59:39 - [MESSAGE][PASSED] - Object 'Object Repository/VLink/Page_CCSale/txt_UDF10' is present

2021-06-22 00:59:40 - [MESSAGE][PASSED] - Text '' is set on object 'Object Repository/VLink/Page_CCSale/txt_UDF10'

2021-06-22 00:59:40 - [MESSAGE][PASSED] - Object 'Object Repository/VLink/Page_CCSale/txt_CardOnFileIndicator' is present

2021-06-22 00:59:41 - [MESSAGE][PASSED] - Text '' is set on object 'Object Repository/VLink/Page_CCSale/txt_CardOnFileIndicator'

2021-06-22 00:59:41 - [MESSAGE][PASSED] - Object 'Object Repository/VLink/Page_CCSale/txt_StoredCredentialIndicator' is present

2021-06-22 00:59:42 - [MESSAGE][PASSED] - Text '' is set on object 'Object Repository/VLink/Page_CCSale/txt_StoredCredentialIndicator'

2021-06-22 00:59:42 - [MESSAGE][PASSED] - Object 'Object Repository/VLink/Page_CCSale/txt_COFScheduledIndicator' is present

2021-06-22 00:59:43 - [MESSAGE][PASSED] - Text '' is set on object 'Object Repository/VLink/Page_CCSale/txt_COFScheduledIndicator'

2021-06-22 00:59:43 - [MESSAGE][PASSED] - Object 'Object Repository/VLink/Page_CCSale/txt_COFTransactionInitiatedBy' is present

2021-06-22 00:59:44 - [MESSAGE][PASSED] - Text '' is set on object 'Object Repository/VLink/Page_CCSale/txt_COFTransactionInitiatedBy'

2021-06-22 00:59:48 - [MESSAGE][PASSED] - Object: 'Object Repository/VLink/Page_CCSale/btn_ProcessVLinkTransaction' is clicked on

2021-06-22 00:59:53 - [MESSAGE][PASSED] - vlinkPages.saleCCPage.setDataSCC is PASSED

2021-06-22 00:59:53 - [TEST_STEP][PASSED] - if (verifyTextPresent("Transaction approved, no errors", true)): null

2021-06-22 00:59:53 - [MESSAGE][PASSED] - Text 'Transaction approved, no errors' is present on page  using regular expression

2021-06-22 00:59:53 - [TEST_STEP][PASSED] - println("Transaction Approved, no errors text is present on the Confirmation page"): null

2021-06-22 00:59:53 - [TEST_STEP][PASSED] - out.println("Pass Record Number: " + row): null

2021-06-22 00:59:53 - [TEST_STEP][PASSED] - resText = "Pass": null

2021-06-22 00:59:53 - [TEST_STEP][PASSED] - pages.WriteExcel.demoKey(resText, datText, resColumn, datCloumn, fileLoc, nameSheet, row): pages.WriteExcel.demoKey is PASSED

2021-06-22 00:59:53 - [MESSAGE][PASSED] - pages.WriteExcel.demoKey is PASSED

2021-06-22 00:59:53 - [TEST_STEP][PASSED] - sdfo = getText(findTestObject("Object Repository/Page_VLinkReceipt/pre_STX")): Text of object 'Object Repository/Page_VLinkReceipt/pre_STX' is: '<STX>5p9Zs3H9xqNF                  12098331            0  Transaction approved, no errors                   0                                                                                  XXOK3365   <ETX>'

2021-06-22 00:59:53 - [MESSAGE][PASSED] - Text of object 'Object Repository/Page_VLinkReceipt/pre_STX' is: '<STX>5p9Zs3H9xqNF                  12098331            0  Transaction approved, no errors                   0                                                                                  XXOK3365   <ETX>'

2021-06-22 00:59:53 - [TEST_STEP][PASSED] - out.println("sdfo: " + sdfo): null

2021-06-22 00:59:53 - [TEST_STEP][PASSED] - remID = substring(5, 35).trim(): null

2021-06-22 00:59:53 - [TEST_STEP][PASSED] - out.println("Remittance ID: " + remID): null

2021-06-22 00:59:53 - [TEST_STEP][PASSED] - traxID = substring(35, 55).trim(): null

2021-06-22 00:59:53 - [TEST_STEP][PASSED] - out.println("Transaction ID: " + traxID): null

2021-06-22 00:59:53 - [TEST_STEP][PASSED] - out.println("End Record Number: " + row): null

2021-06-22 00:59:53 - [TEST_STEP][PASSED] - closeBrowser(): Browser is closed

2021-06-22 00:59:54 - [MESSAGE][PASSED] - Browser is closed

2021-06-22 00:59:54 - [TEST_STEP][PASSED] - out.println("Begin Record Number: " + row): null

2021-06-22 00:59:54 - [TEST_STEP][PASSED] - today = new java.util.Date(): null

2021-06-22 00:59:54 - [TEST_STEP][PASSED] - println(today): null

2021-06-22 00:59:54 - [TEST_STEP][PASSED] - datText = today: null

2021-06-22 00:59:54 - [TEST_STEP][PASSED] - openBrowser(VLinkURL + "authcap.html"): Browser is opened with url: 'https://dev-algorithm.govolution.com/vlinktest/QA/version_2_0/authcap.html'

2021-06-22 00:59:54 - [MESSAGE][INFO] - Starting 'Chrome' driver

2021-06-22 00:59:54 - [MESSAGE][INFO] - User set preference: ['acceptInsecureCerts', 'true']

2021-06-22 00:59:54 - [MESSAGE][INFO] - Action delay is set to 0 milliseconds

2021-06-22 00:59:56 - [MESSAGE][PASSED] - Browser is opened with url: 'https://dev-algorithm.govolution.com/vlinktest/QA/version_2_0/authcap.html'

2021-06-22 00:59:56 - [TEST_STEP][PASSED] - maximizeWindow(): Current window maximized

2021-06-22 00:59:56 - [MESSAGE][PASSED] - Current window maximized

2021-06-22 00:59:56 - [TEST_STEP][PASSED] - vlinkPages.saleCCPage.setDataSCC(row, dataFile): vlinkPages.saleCCPage.setDataSCC is PASSED

2021-06-22 00:59:58 - [MESSAGE][PASSED] - Object 'Object Repository/VLink/Page_CCSale/txt_CardNumber' is present

2021-06-22 00:59:58 - [MESSAGE][PASSED] - Object 'Object Repository/VLink/Page_CCSale/txt_TransactionType' is present

2021-06-22 00:59:59 - [MESSAGE][PASSED] - Text '104' is set on object 'Object Repository/VLink/Page_CCSale/txt_TransactionType'

2021-06-22 00:59:59 - [MESSAGE][PASSED] - Object 'Object Repository/VLink/Page_CCSale/txt_MessageVersion' is present

2021-06-22 01:00:00 - [MESSAGE][PASSED] - Text '2.0C' is set on object 'Object Repository/VLink/Page_CCSale/txt_MessageVersion'

2021-06-22 01:00:00 - [MESSAGE][PASSED] - Object 'Object Repository/VLink/Page_CCSale/txt_RemID' is present

2021-06-22 01:00:01 - [MESSAGE][PASSED] - Text 'LFD1zPO97Njx' is set on object 'Object Repository/VLink/Page_CCSale/txt_RemID'

2021-06-22 01:00:01 - [MESSAGE][PASSED] - Object 'Object Repository/VLink/Page_CCSale/txt_ApplicationId' is present

2021-06-22 01:00:02 - [MESSAGE][PASSED] - Text '665' is set on object 'Object Repository/VLink/Page_CCSale/txt_ApplicationId'

2021-06-22 01:00:02 - [MESSAGE][PASSED] - Object 'Object Repository/VLink/Page_CCSale/txt_Username' is present

2021-06-22 01:00:03 - [MESSAGE][PASSED] - Text 'username' is set on object 'Object Repository/VLink/Page_CCSale/txt_Username'

2021-06-22 01:00:03 - [MESSAGE][PASSED] - Object 'Object Repository/VLink/Page_CCSale/txt_Password' is present

2021-06-22 01:00:04 - [MESSAGE][PASSED] - Text 'password' is set on object 'Object Repository/VLink/Page_CCSale/txt_Password'

2021-06-22 01:00:04 - [MESSAGE][PASSED] - Object 'Object Repository/VLink/Page_CCSale/txt_ResponseFormat' is present

2021-06-22 01:00:04 - [MESSAGE][PASSED] - Text 'fixed_width' is set on object 'Object Repository/VLink/Page_CCSale/txt_ResponseFormat'

2021-06-22 01:00:05 - [MESSAGE][PASSED] - Object 'Object Repository/VLink/Page_CCSale/txt_Category' is present

2021-06-22 01:00:05 - [MESSAGE][PASSED] - Text 'MOTO' is set on object 'Object Repository/VLink/Page_CCSale/txt_Category'

2021-06-22 01:00:06 - [MESSAGE][PASSED] - Object 'Object Repository/VLink/Page_CCSale/txt_TransactionID' is present

2021-06-22 01:00:06 - [MESSAGE][PASSED] - Text '' is set on object 'Object Repository/VLink/Page_CCSale/txt_TransactionID'

2021-06-22 01:00:07 - [MESSAGE][PASSED] - Object 'Object Repository/VLink/Page_CCSale/txt_ApprovalCode' is present

2021-06-22 01:00:07 - [MESSAGE][PASSED] - Text '' is set on object 'Object Repository/VLink/Page_CCSale/txt_ApprovalCode'

2021-06-22 01:00:08 - [MESSAGE][PASSED] - Object 'Object Repository/VLink/Page_CCSale/txt_CardName' is present

2021-06-22 01:00:08 - [MESSAGE][PASSED] - Text 'Kris Roshan' is set on object 'Object Repository/VLink/Page_CCSale/txt_CardName'

2021-06-22 01:00:08 - [MESSAGE][PASSED] - Object 'Object Repository/VLink/Page_CCSale/txt_AL1' is present

2021-06-22 01:00:09 - [MESSAGE][PASSED] - Text '258 Elm Road' is set on object 'Object Repository/VLink/Page_CCSale/txt_AL1'

2021-06-22 01:00:09 - [MESSAGE][PASSED] - Object 'Object Repository/VLink/Page_CCSale/txt_AL2' is present

2021-06-22 01:00:10 - [MESSAGE][PASSED] - Text 'Suite 56' is set on object 'Object Repository/VLink/Page_CCSale/txt_AL2'

2021-06-22 01:00:10 - [MESSAGE][PASSED] - Object 'Object Repository/VLink/Page_CCSale/txt_CardCity' is present

2021-06-22 01:00:11 - [MESSAGE][PASSED] - Text 'Arlington' is set on object 'Object Repository/VLink/Page_CCSale/txt_CardCity'

2021-06-22 01:00:11 - [MESSAGE][PASSED] - Object 'Object Repository/VLink/Page_CCSale/txt_CardState' is present

2021-06-22 01:00:12 - [MESSAGE][PASSED] - Text 'VA' is set on object 'Object Repository/VLink/Page_CCSale/txt_CardState'

2021-06-22 01:00:12 - [MESSAGE][PASSED] - Object 'Object Repository/VLink/Page_CCSale/txt_CardZIP' is present

2021-06-22 01:00:13 - [MESSAGE][PASSED] - Text '22201' is set on object 'Object Repository/VLink/Page_CCSale/txt_CardZIP'

2021-06-22 01:00:13 - [MESSAGE][PASSED] - Object 'Object Repository/VLink/Page_CCSale/txt_CountryID' is present

2021-06-22 01:00:14 - [MESSAGE][PASSED] - Text '840' is set on object 'Object Repository/VLink/Page_CCSale/txt_CountryID'

2021-06-22 01:00:14 - [MESSAGE][PASSED] - Object 'Object Repository/VLink/Page_CCSale/txt_Amount' is present

2021-06-22 01:00:15 - [MESSAGE][PASSED] - Text '1.50' is set on object 'Object Repository/VLink/Page_CCSale/txt_Amount'

2021-06-22 01:00:15 - [MESSAGE][PASSED] - Object 'Object Repository/VLink/Page_CCSale/txt_CardNumber' is present

2021-06-22 01:00:16 - [MESSAGE][PASSED] - Text '4111111111111111' is set on object 'Object Repository/VLink/Page_CCSale/txt_CardNumber'

2021-06-22 01:00:16 - [MESSAGE][PASSED] - Object 'Object Repository/VLink/Page_CCSale/txt_ExpMonth' is present

2021-06-22 01:00:17 - [MESSAGE][PASSED] - Text '12' is set on object 'Object Repository/VLink/Page_CCSale/txt_ExpMonth'

2021-06-22 01:00:17 - [MESSAGE][PASSED] - Object 'Object Repository/VLink/Page_CCSale/txt_ExpYear' is present

2021-06-22 01:00:18 - [MESSAGE][PASSED] - Text '2025' is set on object 'Object Repository/VLink/Page_CCSale/txt_ExpYear'

2021-06-22 01:00:18 - [MESSAGE][PASSED] - Object 'Object Repository/VLink/Page_CCSale/txt_CVV' is present

2021-06-22 01:00:19 - [MESSAGE][PASSED] - Text '' is set on object 'Object Repository/VLink/Page_CCSale/txt_CVV'

2021-06-22 01:00:19 - [MESSAGE][PASSED] - Object 'Object Repository/VLink/Page_CCSale/txt_CVVstate' is present

2021-06-22 01:00:20 - [MESSAGE][PASSED] - Text '' is set on object 'Object Repository/VLink/Page_CCSale/txt_CVVstate'

2021-06-22 01:00:20 - [MESSAGE][PASSED] - Object 'Object Repository/VLink/Page_CCSale/txt_TrackData' is present

2021-06-22 01:00:21 - [MESSAGE][PASSED] - Text '' is set on object 'Object Repository/VLink/Page_CCSale/txt_TrackData'

2021-06-22 01:00:21 - [MESSAGE][PASSED] - Object 'Object Repository/VLink/Page_CCSale/txt_Track1Data' is present

2021-06-22 01:00:22 - [MESSAGE][PASSED] - Text '' is set on object 'Object Repository/VLink/Page_CCSale/txt_Track1Data'

2021-06-22 01:00:22 - [MESSAGE][PASSED] - Object 'Object Repository/VLink/Page_CCSale/txt_Track2Data' is present

2021-06-22 01:00:23 - [MESSAGE][PASSED] - Text '' is set on object 'Object Repository/VLink/Page_CCSale/txt_Track2Data'

2021-06-22 01:00:23 - [MESSAGE][PASSED] - Object 'Object Repository/VLink/Page_CCSale/txt_POSEntryMode' is present

2021-06-22 01:00:24 - [MESSAGE][PASSED] - Text 'manual' is set on object 'Object Repository/VLink/Page_CCSale/txt_POSEntryMode'

2021-06-22 01:00:24 - [MESSAGE][PASSED] - Object 'Object Repository/VLink/Page_CCSale/txt_Email' is present

2021-06-22 01:00:25 - [MESSAGE][PASSED] - Text 'iahmed@govolution.com' is set on object 'Object Repository/VLink/Page_CCSale/txt_Email'

2021-06-22 01:00:25 - [MESSAGE][PASSED] - Object 'Object Repository/VLink/Page_CCSale/txt_OrderNumber' is present

2021-06-22 01:00:26 - [MESSAGE][PASSED] - Text '2569362' is set on object 'Object Repository/VLink/Page_CCSale/txt_OrderNumber'

2021-06-22 01:00:26 - [MESSAGE][PASSED] - Object 'Object Repository/VLink/Page_CCSale/txt_TaxAmount' is present

2021-06-22 01:00:27 - [MESSAGE][PASSED] - Text '1.15' is set on object 'Object Repository/VLink/Page_CCSale/txt_TaxAmount'

2021-06-22 01:00:27 - [MESSAGE][PASSED] - Object 'Object Repository/VLink/Page_CCSale/txt_ChargeDescription' is present

2021-06-22 01:00:28 - [MESSAGE][PASSED] - Text 'Charge Description' is set on object 'Object Repository/VLink/Page_CCSale/txt_ChargeDescription'

2021-06-22 01:00:28 - [MESSAGE][PASSED] - Object 'Object Repository/VLink/Page_CCSale/txt_CAN' is present

2021-06-22 01:00:29 - [MESSAGE][PASSED] - Text '147357' is set on object 'Object Repository/VLink/Page_CCSale/txt_CAN'

2021-06-22 01:00:29 - [MESSAGE][PASSED] - Object 'Object Repository/VLink/Page_CCSale/txt_BillPaymentIndicator' is present

2021-06-22 01:00:30 - [MESSAGE][PASSED] - Text '1' is set on object 'Object Repository/VLink/Page_CCSale/txt_BillPaymentIndicator'

2021-06-22 01:00:30 - [MESSAGE][PASSED] - Object 'Object Repository/VLink/Page_CCSale/txt_UDF1' is present

2021-06-22 01:00:31 - [MESSAGE][PASSED] - Text 'UDF Data 1' is set on object 'Object Repository/VLink/Page_CCSale/txt_UDF1'

2021-06-22 01:00:31 - [MESSAGE][PASSED] - Object 'Object Repository/VLink/Page_CCSale/txt_UDF2' is present

2021-06-22 01:00:32 - [MESSAGE][PASSED] - Text 'UDF Data 2' is set on object 'Object Repository/VLink/Page_CCSale/txt_UDF2'

2021-06-22 01:00:32 - [MESSAGE][PASSED] - Object 'Object Repository/VLink/Page_CCSale/txt_UDF3' is present

2021-06-22 01:00:33 - [MESSAGE][PASSED] - Text 'UDF Data 3' is set on object 'Object Repository/VLink/Page_CCSale/txt_UDF3'

2021-06-22 01:00:33 - [MESSAGE][PASSED] - Object 'Object Repository/VLink/Page_CCSale/txt_UDF4' is present

2021-06-22 01:00:34 - [MESSAGE][PASSED] - Text 'UDF Data 4' is set on object 'Object Repository/VLink/Page_CCSale/txt_UDF4'

2021-06-22 01:00:34 - [MESSAGE][PASSED] - Object 'Object Repository/VLink/Page_CCSale/txt_UDF5' is present

2021-06-22 01:00:35 - [MESSAGE][PASSED] - Text 'UDF Data 5' is set on object 'Object Repository/VLink/Page_CCSale/txt_UDF5'

2021-06-22 01:00:35 - [MESSAGE][PASSED] - Object 'Object Repository/VLink/Page_CCSale/txt_UDF6' is present

2021-06-22 01:00:36 - [MESSAGE][PASSED] - Text 'UDF Data 6' is set on object 'Object Repository/VLink/Page_CCSale/txt_UDF6'

2021-06-22 01:00:36 - [MESSAGE][PASSED] - Object 'Object Repository/VLink/Page_CCSale/txt_UDF7' is present

2021-06-22 01:00:37 - [MESSAGE][PASSED] - Text 'UDF Data 7' is set on object 'Object Repository/VLink/Page_CCSale/txt_UDF7'

2021-06-22 01:00:37 - [MESSAGE][PASSED] - Object 'Object Repository/VLink/Page_CCSale/txt_UDF8' is present

2021-06-22 01:00:38 - [MESSAGE][PASSED] - Text 'UDF Data 8' is set on object 'Object Repository/VLink/Page_CCSale/txt_UDF8'

2021-06-22 01:00:38 - [MESSAGE][PASSED] - Object 'Object Repository/VLink/Page_CCSale/txt_UDF9' is present

2021-06-22 01:00:39 - [MESSAGE][PASSED] - Text 'UDF Data 9' is set on object 'Object Repository/VLink/Page_CCSale/txt_UDF9'

2021-06-22 01:00:39 - [MESSAGE][PASSED] - Object 'Object Repository/VLink/Page_CCSale/txt_UDF10' is present

2021-06-22 01:00:40 - [MESSAGE][PASSED] - Text 'UDF Data 10' is set on object 'Object Repository/VLink/Page_CCSale/txt_UDF10'

2021-06-22 01:00:40 - [MESSAGE][PASSED] - Object 'Object Repository/VLink/Page_CCSale/txt_CardOnFileIndicator' is present

2021-06-22 01:00:41 - [MESSAGE][PASSED] - Text '' is set on object 'Object Repository/VLink/Page_CCSale/txt_CardOnFileIndicator'

2021-06-22 01:00:41 - [MESSAGE][PASSED] - Object 'Object Repository/VLink/Page_CCSale/txt_StoredCredentialIndicator' is present

2021-06-22 01:00:42 - [MESSAGE][PASSED] - Text '' is set on object 'Object Repository/VLink/Page_CCSale/txt_StoredCredentialIndicator'

2021-06-22 01:00:42 - [MESSAGE][PASSED] - Object 'Object Repository/VLink/Page_CCSale/txt_COFScheduledIndicator' is present

2021-06-22 01:00:43 - [MESSAGE][PASSED] - Text '' is set on object 'Object Repository/VLink/Page_CCSale/txt_COFScheduledIndicator'

2021-06-22 01:00:43 - [MESSAGE][PASSED] - Object 'Object Repository/VLink/Page_CCSale/txt_COFTransactionInitiatedBy' is present

2021-06-22 01:00:44 - [MESSAGE][PASSED] - Text '' is set on object 'Object Repository/VLink/Page_CCSale/txt_COFTransactionInitiatedBy'

2021-06-22 01:00:47 - [MESSAGE][PASSED] - Object: 'Object Repository/VLink/Page_CCSale/btn_ProcessVLinkTransaction' is clicked on

2021-06-22 01:00:52 - [MESSAGE][PASSED] - vlinkPages.saleCCPage.setDataSCC is PASSED

2021-06-22 01:00:52 - [TEST_STEP][PASSED] - if (verifyTextPresent("Transaction approved, no errors", true)): null

2021-06-22 01:00:52 - [MESSAGE][PASSED] - Text 'Transaction approved, no errors' is present on page  using regular expression

2021-06-22 01:00:52 - [TEST_STEP][PASSED] - println("Transaction Approved, no errors text is present on the Confirmation page"): null

2021-06-22 01:00:52 - [TEST_STEP][PASSED] - out.println("Pass Record Number: " + row): null

2021-06-22 01:00:52 - [TEST_STEP][PASSED] - resText = "Pass": null

2021-06-22 01:00:52 - [TEST_STEP][PASSED] - pages.WriteExcel.demoKey(resText, datText, resColumn, datCloumn, fileLoc, nameSheet, row): pages.WriteExcel.demoKey is PASSED

2021-06-22 01:00:52 - [MESSAGE][PASSED] - pages.WriteExcel.demoKey is PASSED

2021-06-22 01:00:52 - [TEST_STEP][PASSED] - sdfo = getText(findTestObject("Object Repository/Page_VLinkReceipt/pre_STX")): Text of object 'Object Repository/Page_VLinkReceipt/pre_STX' is: '<STX>LFD1zPO97Njx                  12098333            0  Transaction approved, no errors                   0                                                                                  XXOK3625   <ETX>'

2021-06-22 01:00:53 - [MESSAGE][PASSED] - Text of object 'Object Repository/Page_VLinkReceipt/pre_STX' is: '<STX>LFD1zPO97Njx                  12098333            0  Transaction approved, no errors                   0                                                                                  XXOK3625   <ETX>'

2021-06-22 01:00:53 - [TEST_STEP][PASSED] - out.println("sdfo: " + sdfo): null

2021-06-22 01:00:53 - [TEST_STEP][PASSED] - remID = substring(5, 35).trim(): null

2021-06-22 01:00:53 - [TEST_STEP][PASSED] - out.println("Remittance ID: " + remID): null

2021-06-22 01:00:53 - [TEST_STEP][PASSED] - traxID = substring(35, 55).trim(): null

2021-06-22 01:00:53 - [TEST_STEP][PASSED] - out.println("Transaction ID: " + traxID): null

2021-06-22 01:00:53 - [TEST_STEP][PASSED] - out.println("End Record Number: " + row): null

2021-06-22 01:00:53 - [TEST_STEP][PASSED] - closeBrowser(): Browser is closed

2021-06-22 01:00:53 - [MESSAGE][PASSED] - Browser is closed

2021-06-22 01:00:53 - [TEST_STEP][PASSED] - out.println("Begin Record Number: " + row): null

2021-06-22 01:00:53 - [TEST_STEP][PASSED] - today = new java.util.Date(): null

2021-06-22 01:00:53 - [TEST_STEP][PASSED] - println(today): null

2021-06-22 01:00:53 - [TEST_STEP][PASSED] - datText = today: null

2021-06-22 01:00:53 - [TEST_STEP][PASSED] - openBrowser(VLinkURL + "authcap.html"): Browser is opened with url: 'https://dev-algorithm.govolution.com/vlinktest/QA/version_2_0/authcap.html'

2021-06-22 01:00:53 - [MESSAGE][INFO] - Starting 'Chrome' driver

2021-06-22 01:00:53 - [MESSAGE][INFO] - User set preference: ['acceptInsecureCerts', 'true']

2021-06-22 01:00:53 - [MESSAGE][INFO] - Action delay is set to 0 milliseconds

2021-06-22 01:00:55 - [MESSAGE][PASSED] - Browser is opened with url: 'https://dev-algorithm.govolution.com/vlinktest/QA/version_2_0/authcap.html'

2021-06-22 01:00:55 - [TEST_STEP][PASSED] - maximizeWindow(): Current window maximized

2021-06-22 01:00:55 - [MESSAGE][PASSED] - Current window maximized

2021-06-22 01:00:55 - [TEST_STEP][PASSED] - vlinkPages.saleCCPage.setDataSCC(row, dataFile): vlinkPages.saleCCPage.setDataSCC is PASSED

2021-06-22 01:00:57 - [MESSAGE][PASSED] - Object 'Object Repository/VLink/Page_CCSale/txt_CardNumber' is present

2021-06-22 01:00:57 - [MESSAGE][PASSED] - Object 'Object Repository/VLink/Page_CCSale/txt_TransactionType' is present

2021-06-22 01:00:58 - [MESSAGE][PASSED] - Text '104' is set on object 'Object Repository/VLink/Page_CCSale/txt_TransactionType'

2021-06-22 01:00:58 - [MESSAGE][PASSED] - Object 'Object Repository/VLink/Page_CCSale/txt_MessageVersion' is present

2021-06-22 01:00:59 - [MESSAGE][PASSED] - Text '2.0C' is set on object 'Object Repository/VLink/Page_CCSale/txt_MessageVersion'

2021-06-22 01:00:59 - [MESSAGE][PASSED] - Object 'Object Repository/VLink/Page_CCSale/txt_RemID' is present

2021-06-22 01:01:00 - [MESSAGE][PASSED] - Text 'baG74YOWdwBg' is set on object 'Object Repository/VLink/Page_CCSale/txt_RemID'

2021-06-22 01:01:00 - [MESSAGE][PASSED] - Object 'Object Repository/VLink/Page_CCSale/txt_ApplicationId' is present

2021-06-22 01:01:01 - [MESSAGE][PASSED] - Text '672' is set on object 'Object Repository/VLink/Page_CCSale/txt_ApplicationId'

2021-06-22 01:01:01 - [MESSAGE][PASSED] - Object 'Object Repository/VLink/Page_CCSale/txt_Username' is present

2021-06-22 01:01:02 - [MESSAGE][PASSED] - Text 'username' is set on object 'Object Repository/VLink/Page_CCSale/txt_Username'

2021-06-22 01:01:02 - [MESSAGE][PASSED] - Object 'Object Repository/VLink/Page_CCSale/txt_Password' is present

2021-06-22 01:01:02 - [MESSAGE][PASSED] - Text 'password' is set on object 'Object Repository/VLink/Page_CCSale/txt_Password'

2021-06-22 01:01:03 - [MESSAGE][PASSED] - Object 'Object Repository/VLink/Page_CCSale/txt_ResponseFormat' is present

2021-06-22 01:01:03 - [MESSAGE][PASSED] - Text 'fixed_width' is set on object 'Object Repository/VLink/Page_CCSale/txt_ResponseFormat'

2021-06-22 01:01:04 - [MESSAGE][PASSED] - Object 'Object Repository/VLink/Page_CCSale/txt_Category' is present

2021-06-22 01:01:04 - [MESSAGE][PASSED] - Text 'MOTO' is set on object 'Object Repository/VLink/Page_CCSale/txt_Category'

2021-06-22 01:01:05 - [MESSAGE][PASSED] - Object 'Object Repository/VLink/Page_CCSale/txt_TransactionID' is present

2021-06-22 01:01:05 - [MESSAGE][PASSED] - Text '' is set on object 'Object Repository/VLink/Page_CCSale/txt_TransactionID'

2021-06-22 01:01:05 - [MESSAGE][PASSED] - Object 'Object Repository/VLink/Page_CCSale/txt_ApprovalCode' is present

2021-06-22 01:01:06 - [MESSAGE][PASSED] - Text '' is set on object 'Object Repository/VLink/Page_CCSale/txt_ApprovalCode'

2021-06-22 01:01:06 - [MESSAGE][PASSED] - Object 'Object Repository/VLink/Page_CCSale/txt_CardName' is present

2021-06-22 01:01:07 - [MESSAGE][PASSED] - Text 'Arvind Silva' is set on object 'Object Repository/VLink/Page_CCSale/txt_CardName'

2021-06-22 01:01:07 - [MESSAGE][PASSED] - Object 'Object Repository/VLink/Page_CCSale/txt_AL1' is present

2021-06-22 01:01:08 - [MESSAGE][PASSED] - Text '111 Main Ave' is set on object 'Object Repository/VLink/Page_CCSale/txt_AL1'

2021-06-22 01:01:08 - [MESSAGE][PASSED] - Object 'Object Repository/VLink/Page_CCSale/txt_AL2' is present

2021-06-22 01:01:09 - [MESSAGE][PASSED] - Text '' is set on object 'Object Repository/VLink/Page_CCSale/txt_AL2'

2021-06-22 01:01:09 - [MESSAGE][PASSED] - Object 'Object Repository/VLink/Page_CCSale/txt_CardCity' is present

2021-06-22 01:01:10 - [MESSAGE][PASSED] - Text 'Arlington' is set on object 'Object Repository/VLink/Page_CCSale/txt_CardCity'

2021-06-22 01:01:10 - [MESSAGE][PASSED] - Object 'Object Repository/VLink/Page_CCSale/txt_CardState' is present

2021-06-22 01:01:11 - [MESSAGE][PASSED] - Text 'VA' is set on object 'Object Repository/VLink/Page_CCSale/txt_CardState'

2021-06-22 01:01:11 - [MESSAGE][PASSED] - Object 'Object Repository/VLink/Page_CCSale/txt_CardZIP' is present

2021-06-22 01:01:12 - [MESSAGE][PASSED] - Text '22201' is set on object 'Object Repository/VLink/Page_CCSale/txt_CardZIP'

2021-06-22 01:01:12 - [MESSAGE][PASSED] - Object 'Object Repository/VLink/Page_CCSale/txt_CountryID' is present

2021-06-22 01:01:13 - [MESSAGE][PASSED] - Text '' is set on object 'Object Repository/VLink/Page_CCSale/txt_CountryID'

2021-06-22 01:01:13 - [MESSAGE][PASSED] - Object 'Object Repository/VLink/Page_CCSale/txt_Amount' is present

2021-06-22 01:01:14 - [MESSAGE][PASSED] - Text '2.50' is set on object 'Object Repository/VLink/Page_CCSale/txt_Amount'

2021-06-22 01:01:14 - [MESSAGE][PASSED] - Object 'Object Repository/VLink/Page_CCSale/txt_CardNumber' is present

2021-06-22 01:01:15 - [MESSAGE][PASSED] - Text '4111111111111111' is set on object 'Object Repository/VLink/Page_CCSale/txt_CardNumber'

2021-06-22 01:01:15 - [MESSAGE][PASSED] - Object 'Object Repository/VLink/Page_CCSale/txt_ExpMonth' is present

2021-06-22 01:01:16 - [MESSAGE][PASSED] - Text '01' is set on object 'Object Repository/VLink/Page_CCSale/txt_ExpMonth'

2021-06-22 01:01:16 - [MESSAGE][PASSED] - Object 'Object Repository/VLink/Page_CCSale/txt_ExpYear' is present

2021-06-22 01:01:17 - [MESSAGE][PASSED] - Text '2026' is set on object 'Object Repository/VLink/Page_CCSale/txt_ExpYear'

2021-06-22 01:01:17 - [MESSAGE][PASSED] - Object 'Object Repository/VLink/Page_CCSale/txt_CVV' is present

2021-06-22 01:01:18 - [MESSAGE][PASSED] - Text '' is set on object 'Object Repository/VLink/Page_CCSale/txt_CVV'

2021-06-22 01:01:18 - [MESSAGE][PASSED] - Object 'Object Repository/VLink/Page_CCSale/txt_CVVstate' is present

2021-06-22 01:01:19 - [MESSAGE][PASSED] - Text '' is set on object 'Object Repository/VLink/Page_CCSale/txt_CVVstate'

2021-06-22 01:01:19 - [MESSAGE][PASSED] - Object 'Object Repository/VLink/Page_CCSale/txt_TrackData' is present

2021-06-22 01:01:20 - [MESSAGE][PASSED] - Text '' is set on object 'Object Repository/VLink/Page_CCSale/txt_TrackData'

2021-06-22 01:01:20 - [MESSAGE][PASSED] - Object 'Object Repository/VLink/Page_CCSale/txt_Track1Data' is present

2021-06-22 01:01:21 - [MESSAGE][PASSED] - Text '' is set on object 'Object Repository/VLink/Page_CCSale/txt_Track1Data'

2021-06-22 01:01:21 - [MESSAGE][PASSED] - Object 'Object Repository/VLink/Page_CCSale/txt_Track2Data' is present

2021-06-22 01:01:22 - [MESSAGE][PASSED] - Text '' is set on object 'Object Repository/VLink/Page_CCSale/txt_Track2Data'

2021-06-22 01:01:22 - [MESSAGE][PASSED] - Object 'Object Repository/VLink/Page_CCSale/txt_POSEntryMode' is present

2021-06-22 01:01:23 - [MESSAGE][PASSED] - Text 'manual' is set on object 'Object Repository/VLink/Page_CCSale/txt_POSEntryMode'

2021-06-22 01:01:23 - [MESSAGE][PASSED] - Object 'Object Repository/VLink/Page_CCSale/txt_Email' is present

2021-06-22 01:01:24 - [MESSAGE][PASSED] - Text '' is set on object 'Object Repository/VLink/Page_CCSale/txt_Email'

2021-06-22 01:01:24 - [MESSAGE][PASSED] - Object 'Object Repository/VLink/Page_CCSale/txt_OrderNumber' is present

2021-06-22 01:01:25 - [MESSAGE][PASSED] - Text '' is set on object 'Object Repository/VLink/Page_CCSale/txt_OrderNumber'

2021-06-22 01:01:25 - [MESSAGE][PASSED] - Object 'Object Repository/VLink/Page_CCSale/txt_TaxAmount' is present

2021-06-22 01:01:26 - [MESSAGE][PASSED] - Text '' is set on object 'Object Repository/VLink/Page_CCSale/txt_TaxAmount'

2021-06-22 01:01:26 - [MESSAGE][PASSED] - Object 'Object Repository/VLink/Page_CCSale/txt_ChargeDescription' is present

2021-06-22 01:01:27 - [MESSAGE][PASSED] - Text '' is set on object 'Object Repository/VLink/Page_CCSale/txt_ChargeDescription'

2021-06-22 01:01:27 - [MESSAGE][PASSED] - Object 'Object Repository/VLink/Page_CCSale/txt_CAN' is present

2021-06-22 01:01:28 - [MESSAGE][PASSED] - Text '' is set on object 'Object Repository/VLink/Page_CCSale/txt_CAN'

2021-06-22 01:01:28 - [MESSAGE][PASSED] - Object 'Object Repository/VLink/Page_CCSale/txt_BillPaymentIndicator' is present

2021-06-22 01:01:29 - [MESSAGE][PASSED] - Text '' is set on object 'Object Repository/VLink/Page_CCSale/txt_BillPaymentIndicator'

2021-06-22 01:01:29 - [MESSAGE][PASSED] - Object 'Object Repository/VLink/Page_CCSale/txt_UDF1' is present

2021-06-22 01:01:30 - [MESSAGE][PASSED] - Text '' is set on object 'Object Repository/VLink/Page_CCSale/txt_UDF1'

2021-06-22 01:01:30 - [MESSAGE][PASSED] - Object 'Object Repository/VLink/Page_CCSale/txt_UDF2' is present

2021-06-22 01:01:31 - [MESSAGE][PASSED] - Text '' is set on object 'Object Repository/VLink/Page_CCSale/txt_UDF2'

2021-06-22 01:01:31 - [MESSAGE][PASSED] - Object 'Object Repository/VLink/Page_CCSale/txt_UDF3' is present

2021-06-22 01:01:32 - [MESSAGE][PASSED] - Text '' is set on object 'Object Repository/VLink/Page_CCSale/txt_UDF3'

2021-06-22 01:01:32 - [MESSAGE][PASSED] - Object 'Object Repository/VLink/Page_CCSale/txt_UDF4' is present

2021-06-22 01:01:33 - [MESSAGE][PASSED] - Text '' is set on object 'Object Repository/VLink/Page_CCSale/txt_UDF4'

2021-06-22 01:01:33 - [MESSAGE][PASSED] - Object 'Object Repository/VLink/Page_CCSale/txt_UDF5' is present

2021-06-22 01:01:33 - [MESSAGE][PASSED] - Text '' is set on object 'Object Repository/VLink/Page_CCSale/txt_UDF5'

2021-06-22 01:01:34 - [MESSAGE][PASSED] - Object 'Object Repository/VLink/Page_CCSale/txt_UDF6' is present

2021-06-22 01:01:34 - [MESSAGE][PASSED] - Text '' is set on object 'Object Repository/VLink/Page_CCSale/txt_UDF6'

2021-06-22 01:01:35 - [MESSAGE][PASSED] - Object 'Object Repository/VLink/Page_CCSale/txt_UDF7' is present

2021-06-22 01:01:35 - [MESSAGE][PASSED] - Text '' is set on object 'Object Repository/VLink/Page_CCSale/txt_UDF7'

2021-06-22 01:01:36 - [MESSAGE][PASSED] - Object 'Object Repository/VLink/Page_CCSale/txt_UDF8' is present

2021-06-22 01:01:36 - [MESSAGE][PASSED] - Text '' is set on object 'Object Repository/VLink/Page_CCSale/txt_UDF8'

2021-06-22 01:01:37 - [MESSAGE][PASSED] - Object 'Object Repository/VLink/Page_CCSale/txt_UDF9' is present

2021-06-22 01:01:37 - [MESSAGE][PASSED] - Text '' is set on object 'Object Repository/VLink/Page_CCSale/txt_UDF9'

2021-06-22 01:01:38 - [MESSAGE][PASSED] - Object 'Object Repository/VLink/Page_CCSale/txt_UDF10' is present

2021-06-22 01:01:38 - [MESSAGE][PASSED] - Text '' is set on object 'Object Repository/VLink/Page_CCSale/txt_UDF10'

2021-06-22 01:01:39 - [MESSAGE][PASSED] - Object 'Object Repository/VLink/Page_CCSale/txt_CardOnFileIndicator' is present

2021-06-22 01:01:39 - [MESSAGE][PASSED] - Text '' is set on object 'Object Repository/VLink/Page_CCSale/txt_CardOnFileIndicator'

2021-06-22 01:01:40 - [MESSAGE][PASSED] - Object 'Object Repository/VLink/Page_CCSale/txt_StoredCredentialIndicator' is present

2021-06-22 01:01:40 - [MESSAGE][PASSED] - Text '' is set on object 'Object Repository/VLink/Page_CCSale/txt_StoredCredentialIndicator'

2021-06-22 01:01:41 - [MESSAGE][PASSED] - Object 'Object Repository/VLink/Page_CCSale/txt_COFScheduledIndicator' is present

2021-06-22 01:01:41 - [MESSAGE][PASSED] - Text '' is set on object 'Object Repository/VLink/Page_CCSale/txt_COFScheduledIndicator'

2021-06-22 01:01:42 - [MESSAGE][PASSED] - Object 'Object Repository/VLink/Page_CCSale/txt_COFTransactionInitiatedBy' is present

2021-06-22 01:01:42 - [MESSAGE][PASSED] - Text '' is set on object 'Object Repository/VLink/Page_CCSale/txt_COFTransactionInitiatedBy'

2021-06-22 01:01:45 - [MESSAGE][PASSED] - Object: 'Object Repository/VLink/Page_CCSale/btn_ProcessVLinkTransaction' is clicked on

2021-06-22 01:01:50 - [MESSAGE][PASSED] - vlinkPages.saleCCPage.setDataSCC is PASSED

2021-06-22 01:01:50 - [TEST_STEP][PASSED] - if (verifyTextPresent("Transaction approved, no errors", true)): null

2021-06-22 01:01:50 - [MESSAGE][PASSED] - Text 'Transaction approved, no errors' is present on page  using regular expression

2021-06-22 01:01:50 - [TEST_STEP][PASSED] - println("Transaction Approved, no errors text is present on the Confirmation page"): null

2021-06-22 01:01:50 - [TEST_STEP][PASSED] - out.println("Pass Record Number: " + row): null

2021-06-22 01:01:50 - [TEST_STEP][PASSED] - resText = "Pass": null

2021-06-22 01:01:50 - [TEST_STEP][PASSED] - pages.WriteExcel.demoKey(resText, datText, resColumn, datCloumn, fileLoc, nameSheet, row): pages.WriteExcel.demoKey is PASSED

2021-06-22 01:01:50 - [MESSAGE][PASSED] - pages.WriteExcel.demoKey is PASSED

2021-06-22 01:01:50 - [TEST_STEP][PASSED] - sdfo = getText(findTestObject("Object Repository/Page_VLinkReceipt/pre_STX")): Text of object 'Object Repository/Page_VLinkReceipt/pre_STX' is: '<STX>baG74YOWdwBg                  12098334            0  Transaction approved, no errors                   0                                                                                  XXOK3755   <ETX>'

2021-06-22 01:01:51 - [MESSAGE][PASSED] - Text of object 'Object Repository/Page_VLinkReceipt/pre_STX' is: '<STX>baG74YOWdwBg                  12098334            0  Transaction approved, no errors                   0                                                                                  XXOK3755   <ETX>'

2021-06-22 01:01:51 - [TEST_STEP][PASSED] - out.println("sdfo: " + sdfo): null

2021-06-22 01:01:51 - [TEST_STEP][PASSED] - remID = substring(5, 35).trim(): null

2021-06-22 01:01:51 - [TEST_STEP][PASSED] - out.println("Remittance ID: " + remID): null

2021-06-22 01:01:51 - [TEST_STEP][PASSED] - traxID = substring(35, 55).trim(): null

2021-06-22 01:01:51 - [TEST_STEP][PASSED] - out.println("Transaction ID: " + traxID): null

2021-06-22 01:01:51 - [TEST_STEP][PASSED] - out.println("End Record Number: " + row): null

2021-06-22 01:01:51 - [TEST_STEP][PASSED] - closeBrowser(): Browser is closed

2021-06-22 01:01:51 - [MESSAGE][PASSED] - Browser is closed

2021-06-22 01:01:51 - [TEST_STEP][PASSED] - out.println("Begin Record Number: " + row): null

2021-06-22 01:01:51 - [TEST_STEP][PASSED] - today = new java.util.Date(): null

2021-06-22 01:01:51 - [TEST_STEP][PASSED] - println(today): null

2021-06-22 01:01:51 - [TEST_STEP][PASSED] - datText = today: null

2021-06-22 01:01:51 - [TEST_STEP][PASSED] - openBrowser(VLinkURL + "authcap.html"): Browser is opened with url: 'https://dev-algorithm.govolution.com/vlinktest/QA/version_2_0/authcap.html'

2021-06-22 01:01:51 - [MESSAGE][INFO] - Starting 'Chrome' driver

2021-06-22 01:01:51 - [MESSAGE][INFO] - User set preference: ['acceptInsecureCerts', 'true']

2021-06-22 01:01:51 - [MESSAGE][INFO] - Action delay is set to 0 milliseconds

2021-06-22 01:01:53 - [MESSAGE][PASSED] - Browser is opened with url: 'https://dev-algorithm.govolution.com/vlinktest/QA/version_2_0/authcap.html'

2021-06-22 01:01:53 - [TEST_STEP][PASSED] - maximizeWindow(): Current window maximized

2021-06-22 01:01:53 - [MESSAGE][PASSED] - Current window maximized

2021-06-22 01:01:53 - [TEST_STEP][PASSED] - vlinkPages.saleCCPage.setDataSCC(row, dataFile): vlinkPages.saleCCPage.setDataSCC is PASSED

2021-06-22 01:01:55 - [MESSAGE][PASSED] - Object 'Object Repository/VLink/Page_CCSale/txt_CardNumber' is present

2021-06-22 01:01:56 - [MESSAGE][PASSED] - Object 'Object Repository/VLink/Page_CCSale/txt_TransactionType' is present

2021-06-22 01:01:56 - [MESSAGE][PASSED] - Text '104' is set on object 'Object Repository/VLink/Page_CCSale/txt_TransactionType'

2021-06-22 01:01:57 - [MESSAGE][PASSED] - Object 'Object Repository/VLink/Page_CCSale/txt_MessageVersion' is present

2021-06-22 01:01:57 - [MESSAGE][PASSED] - Text '2.0C' is set on object 'Object Repository/VLink/Page_CCSale/txt_MessageVersion'

2021-06-22 01:01:57 - [MESSAGE][PASSED] - Object 'Object Repository/VLink/Page_CCSale/txt_RemID' is present

2021-06-22 01:01:58 - [MESSAGE][PASSED] - Text '7CLPfTW0V3H5' is set on object 'Object Repository/VLink/Page_CCSale/txt_RemID'

2021-06-22 01:01:58 - [MESSAGE][PASSED] - Object 'Object Repository/VLink/Page_CCSale/txt_ApplicationId' is present

2021-06-22 01:01:59 - [MESSAGE][PASSED] - Text '677' is set on object 'Object Repository/VLink/Page_CCSale/txt_ApplicationId'

2021-06-22 01:01:59 - [MESSAGE][PASSED] - Object 'Object Repository/VLink/Page_CCSale/txt_Username' is present

2021-06-22 01:02:00 - [MESSAGE][PASSED] - Text 'username' is set on object 'Object Repository/VLink/Page_CCSale/txt_Username'

2021-06-22 01:02:00 - [MESSAGE][PASSED] - Object 'Object Repository/VLink/Page_CCSale/txt_Password' is present

2021-06-22 01:02:01 - [MESSAGE][PASSED] - Text 'password' is set on object 'Object Repository/VLink/Page_CCSale/txt_Password'

2021-06-22 01:02:01 - [MESSAGE][PASSED] - Object 'Object Repository/VLink/Page_CCSale/txt_ResponseFormat' is present

2021-06-22 01:02:02 - [MESSAGE][PASSED] - Text 'fixed_width' is set on object 'Object Repository/VLink/Page_CCSale/txt_ResponseFormat'

2021-06-22 01:02:02 - [MESSAGE][PASSED] - Object 'Object Repository/VLink/Page_CCSale/txt_Category' is present

2021-06-22 01:02:02 - [MESSAGE][PASSED] - Text 'MOTO' is set on object 'Object Repository/VLink/Page_CCSale/txt_Category'

2021-06-22 01:02:03 - [MESSAGE][PASSED] - Object 'Object Repository/VLink/Page_CCSale/txt_TransactionID' is present

2021-06-22 01:02:03 - [MESSAGE][PASSED] - Text '' is set on object 'Object Repository/VLink/Page_CCSale/txt_TransactionID'

2021-06-22 01:02:04 - [MESSAGE][PASSED] - Object 'Object Repository/VLink/Page_CCSale/txt_ApprovalCode' is present

2021-06-22 01:02:04 - [MESSAGE][PASSED] - Text '' is set on object 'Object Repository/VLink/Page_CCSale/txt_ApprovalCode'

2021-06-22 01:02:05 - [MESSAGE][PASSED] - Object 'Object Repository/VLink/Page_CCSale/txt_CardName' is present

2021-06-22 01:02:05 - [MESSAGE][PASSED] - Text 'Roshan Maha' is set on object 'Object Repository/VLink/Page_CCSale/txt_CardName'

2021-06-22 01:02:06 - [MESSAGE][PASSED] - Object 'Object Repository/VLink/Page_CCSale/txt_AL1' is present

2021-06-22 01:02:06 - [MESSAGE][PASSED] - Text '12563 Bazaar road' is set on object 'Object Repository/VLink/Page_CCSale/txt_AL1'

2021-06-22 01:02:07 - [MESSAGE][PASSED] - Object 'Object Repository/VLink/Page_CCSale/txt_AL2' is present

2021-06-22 01:02:07 - [MESSAGE][PASSED] - Text '' is set on object 'Object Repository/VLink/Page_CCSale/txt_AL2'

2021-06-22 01:02:08 - [MESSAGE][PASSED] - Object 'Object Repository/VLink/Page_CCSale/txt_CardCity' is present

2021-06-22 01:02:08 - [MESSAGE][PASSED] - Text 'Crofton' is set on object 'Object Repository/VLink/Page_CCSale/txt_CardCity'

2021-06-22 01:02:09 - [MESSAGE][PASSED] - Object 'Object Repository/VLink/Page_CCSale/txt_CardState' is present

2021-06-22 01:02:09 - [MESSAGE][PASSED] - Text 'MD' is set on object 'Object Repository/VLink/Page_CCSale/txt_CardState'

2021-06-22 01:02:10 - [MESSAGE][PASSED] - Object 'Object Repository/VLink/Page_CCSale/txt_CardZIP' is present

2021-06-22 01:02:10 - [MESSAGE][PASSED] - Text '21114' is set on object 'Object Repository/VLink/Page_CCSale/txt_CardZIP'

2021-06-22 01:02:11 - [MESSAGE][PASSED] - Object 'Object Repository/VLink/Page_CCSale/txt_CountryID' is present

2021-06-22 01:02:11 - [MESSAGE][PASSED] - Text '' is set on object 'Object Repository/VLink/Page_CCSale/txt_CountryID'

2021-06-22 01:02:12 - [MESSAGE][PASSED] - Object 'Object Repository/VLink/Page_CCSale/txt_Amount' is present

2021-06-22 01:02:12 - [MESSAGE][PASSED] - Text '3.50' is set on object 'Object Repository/VLink/Page_CCSale/txt_Amount'

2021-06-22 01:02:13 - [MESSAGE][PASSED] - Object 'Object Repository/VLink/Page_CCSale/txt_CardNumber' is present

2021-06-22 01:02:13 - [MESSAGE][PASSED] - Text '4111111111111111' is set on object 'Object Repository/VLink/Page_CCSale/txt_CardNumber'

2021-06-22 01:02:14 - [MESSAGE][PASSED] - Object 'Object Repository/VLink/Page_CCSale/txt_ExpMonth' is present

2021-06-22 01:02:14 - [MESSAGE][PASSED] - Text '01' is set on object 'Object Repository/VLink/Page_CCSale/txt_ExpMonth'

2021-06-22 01:02:15 - [MESSAGE][PASSED] - Object 'Object Repository/VLink/Page_CCSale/txt_ExpYear' is present

2021-06-22 01:02:15 - [MESSAGE][PASSED] - Text '2026' is set on object 'Object Repository/VLink/Page_CCSale/txt_ExpYear'

2021-06-22 01:02:16 - [MESSAGE][PASSED] - Object 'Object Repository/VLink/Page_CCSale/txt_CVV' is present

2021-06-22 01:02:16 - [MESSAGE][PASSED] - Text '' is set on object 'Object Repository/VLink/Page_CCSale/txt_CVV'

2021-06-22 01:02:17 - [MESSAGE][PASSED] - Object 'Object Repository/VLink/Page_CCSale/txt_CVVstate' is present

2021-06-22 01:02:17 - [MESSAGE][PASSED] - Text '' is set on object 'Object Repository/VLink/Page_CCSale/txt_CVVstate'

2021-06-22 01:02:18 - [MESSAGE][PASSED] - Object 'Object Repository/VLink/Page_CCSale/txt_TrackData' is present

2021-06-22 01:02:18 - [MESSAGE][PASSED] - Text '' is set on object 'Object Repository/VLink/Page_CCSale/txt_TrackData'

2021-06-22 01:02:19 - [MESSAGE][PASSED] - Object 'Object Repository/VLink/Page_CCSale/txt_Track1Data' is present

2021-06-22 01:02:19 - [MESSAGE][PASSED] - Text '' is set on object 'Object Repository/VLink/Page_CCSale/txt_Track1Data'

2021-06-22 01:02:20 - [MESSAGE][PASSED] - Object 'Object Repository/VLink/Page_CCSale/txt_Track2Data' is present

2021-06-22 01:02:20 - [MESSAGE][PASSED] - Text '' is set on object 'Object Repository/VLink/Page_CCSale/txt_Track2Data'

2021-06-22 01:02:21 - [MESSAGE][PASSED] - Object 'Object Repository/VLink/Page_CCSale/txt_POSEntryMode' is present

2021-06-22 01:02:21 - [MESSAGE][PASSED] - Text 'manual' is set on object 'Object Repository/VLink/Page_CCSale/txt_POSEntryMode'

2021-06-22 01:02:22 - [MESSAGE][PASSED] - Object 'Object Repository/VLink/Page_CCSale/txt_Email' is present

2021-06-22 01:02:22 - [MESSAGE][PASSED] - Text '' is set on object 'Object Repository/VLink/Page_CCSale/txt_Email'

2021-06-22 01:02:23 - [MESSAGE][PASSED] - Object 'Object Repository/VLink/Page_CCSale/txt_OrderNumber' is present

2021-06-22 01:02:23 - [MESSAGE][PASSED] - Text '' is set on object 'Object Repository/VLink/Page_CCSale/txt_OrderNumber'

2021-06-22 01:02:24 - [MESSAGE][PASSED] - Object 'Object Repository/VLink/Page_CCSale/txt_TaxAmount' is present

2021-06-22 01:02:24 - [MESSAGE][PASSED] - Text '' is set on object 'Object Repository/VLink/Page_CCSale/txt_TaxAmount'

2021-06-22 01:02:25 - [MESSAGE][PASSED] - Object 'Object Repository/VLink/Page_CCSale/txt_ChargeDescription' is present

2021-06-22 01:02:25 - [MESSAGE][PASSED] - Text '' is set on object 'Object Repository/VLink/Page_CCSale/txt_ChargeDescription'

2021-06-22 01:02:26 - [MESSAGE][PASSED] - Object 'Object Repository/VLink/Page_CCSale/txt_CAN' is present

2021-06-22 01:02:26 - [MESSAGE][PASSED] - Text '' is set on object 'Object Repository/VLink/Page_CCSale/txt_CAN'

2021-06-22 01:02:27 - [MESSAGE][PASSED] - Object 'Object Repository/VLink/Page_CCSale/txt_BillPaymentIndicator' is present

2021-06-22 01:02:27 - [MESSAGE][PASSED] - Text '' is set on object 'Object Repository/VLink/Page_CCSale/txt_BillPaymentIndicator'

2021-06-22 01:02:27 - [MESSAGE][PASSED] - Object 'Object Repository/VLink/Page_CCSale/txt_UDF1' is present

2021-06-22 01:02:28 - [MESSAGE][PASSED] - Text '' is set on object 'Object Repository/VLink/Page_CCSale/txt_UDF1'

2021-06-22 01:02:28 - [MESSAGE][PASSED] - Object 'Object Repository/VLink/Page_CCSale/txt_UDF2' is present

2021-06-22 01:02:29 - [MESSAGE][PASSED] - Text '' is set on object 'Object Repository/VLink/Page_CCSale/txt_UDF2'

2021-06-22 01:02:29 - [MESSAGE][PASSED] - Object 'Object Repository/VLink/Page_CCSale/txt_UDF3' is present

2021-06-22 01:02:30 - [MESSAGE][PASSED] - Text '' is set on object 'Object Repository/VLink/Page_CCSale/txt_UDF3'

2021-06-22 01:02:30 - [MESSAGE][PASSED] - Object 'Object Repository/VLink/Page_CCSale/txt_UDF4' is present

2021-06-22 01:02:31 - [MESSAGE][PASSED] - Text '' is set on object 'Object Repository/VLink/Page_CCSale/txt_UDF4'

2021-06-22 01:02:31 - [MESSAGE][PASSED] - Object 'Object Repository/VLink/Page_CCSale/txt_UDF5' is present

2021-06-22 01:02:32 - [MESSAGE][PASSED] - Text '' is set on object 'Object Repository/VLink/Page_CCSale/txt_UDF5'

2021-06-22 01:02:32 - [MESSAGE][PASSED] - Object 'Object Repository/VLink/Page_CCSale/txt_UDF6' is present

2021-06-22 01:02:33 - [MESSAGE][PASSED] - Text '' is set on object 'Object Repository/VLink/Page_CCSale/txt_UDF6'

2021-06-22 01:02:33 - [MESSAGE][PASSED] - Object 'Object Repository/VLink/Page_CCSale/txt_UDF7' is present

2021-06-22 01:02:34 - [MESSAGE][PASSED] - Text '' is set on object 'Object Repository/VLink/Page_CCSale/txt_UDF7'

2021-06-22 01:02:34 - [MESSAGE][PASSED] - Object 'Object Repository/VLink/Page_CCSale/txt_UDF8' is present

2021-06-22 01:02:35 - [MESSAGE][PASSED] - Text '' is set on object 'Object Repository/VLink/Page_CCSale/txt_UDF8'

2021-06-22 01:02:35 - [MESSAGE][PASSED] - Object 'Object Repository/VLink/Page_CCSale/txt_UDF9' is present

2021-06-22 01:02:36 - [MESSAGE][PASSED] - Text '' is set on object 'Object Repository/VLink/Page_CCSale/txt_UDF9'

2021-06-22 01:02:36 - [MESSAGE][PASSED] - Object 'Object Repository/VLink/Page_CCSale/txt_UDF10' is present

2021-06-22 01:02:37 - [MESSAGE][PASSED] - Text '' is set on object 'Object Repository/VLink/Page_CCSale/txt_UDF10'

2021-06-22 01:02:37 - [MESSAGE][PASSED] - Object 'Object Repository/VLink/Page_CCSale/txt_CardOnFileIndicator' is present

2021-06-22 01:02:38 - [MESSAGE][PASSED] - Text '' is set on object 'Object Repository/VLink/Page_CCSale/txt_CardOnFileIndicator'

2021-06-22 01:02:38 - [MESSAGE][PASSED] - Object 'Object Repository/VLink/Page_CCSale/txt_StoredCredentialIndicator' is present

2021-06-22 01:02:39 - [MESSAGE][PASSED] - Text '' is set on object 'Object Repository/VLink/Page_CCSale/txt_StoredCredentialIndicator'

2021-06-22 01:02:39 - [MESSAGE][PASSED] - Object 'Object Repository/VLink/Page_CCSale/txt_COFScheduledIndicator' is present

2021-06-22 01:02:40 - [MESSAGE][PASSED] - Text '' is set on object 'Object Repository/VLink/Page_CCSale/txt_COFScheduledIndicator'

2021-06-22 01:02:40 - [MESSAGE][PASSED] - Object 'Object Repository/VLink/Page_CCSale/txt_COFTransactionInitiatedBy' is present

2021-06-22 01:02:41 - [MESSAGE][PASSED] - Text '' is set on object 'Object Repository/VLink/Page_CCSale/txt_COFTransactionInitiatedBy'

2021-06-22 01:02:44 - [MESSAGE][PASSED] - Object: 'Object Repository/VLink/Page_CCSale/btn_ProcessVLinkTransaction' is clicked on

2021-06-22 01:02:49 - [MESSAGE][PASSED] - vlinkPages.saleCCPage.setDataSCC is PASSED

2021-06-22 01:02:49 - [TEST_STEP][PASSED] - if (verifyTextPresent("Transaction approved, no errors", true)): null

2021-06-22 01:02:50 - [MESSAGE][PASSED] - Text 'Transaction approved, no errors' is present on page  using regular expression

2021-06-22 01:02:50 - [TEST_STEP][PASSED] - println("Transaction Approved, no errors text is present on the Confirmation page"): null

2021-06-22 01:02:50 - [TEST_STEP][PASSED] - out.println("Pass Record Number: " + row): null

2021-06-22 01:02:50 - [TEST_STEP][PASSED] - resText = "Pass": null

2021-06-22 01:02:50 - [TEST_STEP][PASSED] - pages.WriteExcel.demoKey(resText, datText, resColumn, datCloumn, fileLoc, nameSheet, row): pages.WriteExcel.demoKey is PASSED

2021-06-22 01:02:50 - [MESSAGE][PASSED] - pages.WriteExcel.demoKey is PASSED

2021-06-22 01:02:50 - [TEST_STEP][PASSED] - sdfo = getText(findTestObject("Object Repository/Page_VLinkReceipt/pre_STX")): Text of object 'Object Repository/Page_VLinkReceipt/pre_STX' is: '<STX>7CLPfTW0V3H5                  12098335            0  Transaction approved, no errors                   0                                                                                  XXOK3915   <ETX>'

2021-06-22 01:02:50 - [MESSAGE][PASSED] - Text of object 'Object Repository/Page_VLinkReceipt/pre_STX' is: '<STX>7CLPfTW0V3H5                  12098335            0  Transaction approved, no errors                   0                                                                                  XXOK3915   <ETX>'

2021-06-22 01:02:50 - [TEST_STEP][PASSED] - out.println("sdfo: " + sdfo): null

2021-06-22 01:02:50 - [TEST_STEP][PASSED] - remID = substring(5, 35).trim(): null

2021-06-22 01:02:50 - [TEST_STEP][PASSED] - out.println("Remittance ID: " + remID): null

2021-06-22 01:02:50 - [TEST_STEP][PASSED] - traxID = substring(35, 55).trim(): null

2021-06-22 01:02:50 - [TEST_STEP][PASSED] - out.println("Transaction ID: " + traxID): null

2021-06-22 01:02:50 - [TEST_STEP][PASSED] - out.println("End Record Number: " + row): null

2021-06-22 01:02:50 - [TEST_STEP][PASSED] - closeBrowser(): Browser is closed

2021-06-22 01:02:51 - [MESSAGE][PASSED] - Browser is closed

2021-06-22 01:02:51 - [TEST_STEP][PASSED] - out.println("Begin Record Number: " + row): null

2021-06-22 01:02:51 - [TEST_STEP][PASSED] - today = new java.util.Date(): null

2021-06-22 01:02:51 - [TEST_STEP][PASSED] - println(today): null

2021-06-22 01:02:51 - [TEST_STEP][PASSED] - datText = today: null

2021-06-22 01:02:51 - [TEST_STEP][PASSED] - openBrowser(VLinkURL + "authcap.html"): Browser is opened with url: 'https://dev-algorithm.govolution.com/vlinktest/QA/version_2_0/authcap.html'

2021-06-22 01:02:51 - [MESSAGE][INFO] - Starting 'Chrome' driver

2021-06-22 01:02:51 - [MESSAGE][INFO] - User set preference: ['acceptInsecureCerts', 'true']

2021-06-22 01:02:51 - [MESSAGE][INFO] - Action delay is set to 0 milliseconds

2021-06-22 01:02:52 - [MESSAGE][PASSED] - Browser is opened with url: 'https://dev-algorithm.govolution.com/vlinktest/QA/version_2_0/authcap.html'

2021-06-22 01:02:52 - [TEST_STEP][PASSED] - maximizeWindow(): Current window maximized

2021-06-22 01:02:52 - [MESSAGE][PASSED] - Current window maximized

2021-06-22 01:02:52 - [TEST_STEP][PASSED] - vlinkPages.saleCCPage.setDataSCC(row, dataFile): vlinkPages.saleCCPage.setDataSCC is PASSED

2021-06-22 01:02:54 - [MESSAGE][PASSED] - Object 'Object Repository/VLink/Page_CCSale/txt_CardNumber' is present

2021-06-22 01:02:55 - [MESSAGE][PASSED] - Object 'Object Repository/VLink/Page_CCSale/txt_TransactionType' is present

2021-06-22 01:02:55 - [MESSAGE][PASSED] - Text '104' is set on object 'Object Repository/VLink/Page_CCSale/txt_TransactionType'

2021-06-22 01:02:56 - [MESSAGE][PASSED] - Object 'Object Repository/VLink/Page_CCSale/txt_MessageVersion' is present

2021-06-22 01:02:56 - [MESSAGE][PASSED] - Text '2.0C' is set on object 'Object Repository/VLink/Page_CCSale/txt_MessageVersion'

2021-06-22 01:02:57 - [MESSAGE][PASSED] - Object 'Object Repository/VLink/Page_CCSale/txt_RemID' is present

2021-06-22 01:02:57 - [MESSAGE][PASSED] - Text 'OX8raXnu1H1W' is set on object 'Object Repository/VLink/Page_CCSale/txt_RemID'

2021-06-22 01:02:57 - [MESSAGE][PASSED] - Object 'Object Repository/VLink/Page_CCSale/txt_ApplicationId' is present

2021-06-22 01:02:58 - [MESSAGE][PASSED] - Text '665' is set on object 'Object Repository/VLink/Page_CCSale/txt_ApplicationId'

2021-06-22 01:02:58 - [MESSAGE][PASSED] - Object 'Object Repository/VLink/Page_CCSale/txt_Username' is present

2021-06-22 01:02:59 - [MESSAGE][PASSED] - Text 'username' is set on object 'Object Repository/VLink/Page_CCSale/txt_Username'

2021-06-22 01:02:59 - [MESSAGE][PASSED] - Object 'Object Repository/VLink/Page_CCSale/txt_Password' is present

2021-06-22 01:03:00 - [MESSAGE][PASSED] - Text 'password' is set on object 'Object Repository/VLink/Page_CCSale/txt_Password'

2021-06-22 01:03:00 - [MESSAGE][PASSED] - Object 'Object Repository/VLink/Page_CCSale/txt_ResponseFormat' is present

2021-06-22 01:03:01 - [MESSAGE][PASSED] - Text 'fixed_width' is set on object 'Object Repository/VLink/Page_CCSale/txt_ResponseFormat'

2021-06-22 01:03:01 - [MESSAGE][PASSED] - Object 'Object Repository/VLink/Page_CCSale/txt_Category' is present

2021-06-22 01:03:02 - [MESSAGE][PASSED] - Text 'MOTO' is set on object 'Object Repository/VLink/Page_CCSale/txt_Category'

2021-06-22 01:03:02 - [MESSAGE][PASSED] - Object 'Object Repository/VLink/Page_CCSale/txt_TransactionID' is present

2021-06-22 01:03:02 - [MESSAGE][PASSED] - Text '' is set on object 'Object Repository/VLink/Page_CCSale/txt_TransactionID'

2021-06-22 01:03:03 - [MESSAGE][PASSED] - Object 'Object Repository/VLink/Page_CCSale/txt_ApprovalCode' is present

2021-06-22 01:03:03 - [MESSAGE][PASSED] - Text '' is set on object 'Object Repository/VLink/Page_CCSale/txt_ApprovalCode'

2021-06-22 01:03:04 - [MESSAGE][PASSED] - Object 'Object Repository/VLink/Page_CCSale/txt_CardName' is present

2021-06-22 01:03:04 - [MESSAGE][PASSED] - Text 'Kris Roshan' is set on object 'Object Repository/VLink/Page_CCSale/txt_CardName'

2021-06-22 01:03:05 - [MESSAGE][PASSED] - Object 'Object Repository/VLink/Page_CCSale/txt_AL1' is present

2021-06-22 01:03:05 - [MESSAGE][PASSED] - Text '258 Elm Road' is set on object 'Object Repository/VLink/Page_CCSale/txt_AL1'

2021-06-22 01:03:06 - [MESSAGE][PASSED] - Object 'Object Repository/VLink/Page_CCSale/txt_AL2' is present

2021-06-22 01:03:06 - [MESSAGE][PASSED] - Text 'Suite 56' is set on object 'Object Repository/VLink/Page_CCSale/txt_AL2'

2021-06-22 01:03:07 - [MESSAGE][PASSED] - Object 'Object Repository/VLink/Page_CCSale/txt_CardCity' is present

2021-06-22 01:03:07 - [MESSAGE][PASSED] - Text 'Arlington' is set on object 'Object Repository/VLink/Page_CCSale/txt_CardCity'

2021-06-22 01:03:08 - [MESSAGE][PASSED] - Object 'Object Repository/VLink/Page_CCSale/txt_CardState' is present

2021-06-22 01:03:08 - [MESSAGE][PASSED] - Text 'VA' is set on object 'Object Repository/VLink/Page_CCSale/txt_CardState'

2021-06-22 01:03:09 - [MESSAGE][PASSED] - Object 'Object Repository/VLink/Page_CCSale/txt_CardZIP' is present

2021-06-22 01:03:09 - [MESSAGE][PASSED] - Text '22201' is set on object 'Object Repository/VLink/Page_CCSale/txt_CardZIP'

2021-06-22 01:03:10 - [MESSAGE][PASSED] - Object 'Object Repository/VLink/Page_CCSale/txt_CountryID' is present

2021-06-22 01:03:10 - [MESSAGE][PASSED] - Text '840' is set on object 'Object Repository/VLink/Page_CCSale/txt_CountryID'

2021-06-22 01:03:11 - [MESSAGE][PASSED] - Object 'Object Repository/VLink/Page_CCSale/txt_Amount' is present

2021-06-22 01:03:11 - [MESSAGE][PASSED] - Text '1.50' is set on object 'Object Repository/VLink/Page_CCSale/txt_Amount'

2021-06-22 01:03:12 - [MESSAGE][PASSED] - Object 'Object Repository/VLink/Page_CCSale/txt_CardNumber' is present

2021-06-22 01:03:12 - [MESSAGE][PASSED] - Text '5424000000000015' is set on object 'Object Repository/VLink/Page_CCSale/txt_CardNumber'

2021-06-22 01:03:13 - [MESSAGE][PASSED] - Object 'Object Repository/VLink/Page_CCSale/txt_ExpMonth' is present

2021-06-22 01:03:13 - [MESSAGE][PASSED] - Text '12' is set on object 'Object Repository/VLink/Page_CCSale/txt_ExpMonth'

2021-06-22 01:03:14 - [MESSAGE][PASSED] - Object 'Object Repository/VLink/Page_CCSale/txt_ExpYear' is present

2021-06-22 01:03:14 - [MESSAGE][PASSED] - Text '2025' is set on object 'Object Repository/VLink/Page_CCSale/txt_ExpYear'

2021-06-22 01:03:15 - [MESSAGE][PASSED] - Object 'Object Repository/VLink/Page_CCSale/txt_CVV' is present

2021-06-22 01:03:15 - [MESSAGE][PASSED] - Text '' is set on object 'Object Repository/VLink/Page_CCSale/txt_CVV'

2021-06-22 01:03:16 - [MESSAGE][PASSED] - Object 'Object Repository/VLink/Page_CCSale/txt_CVVstate' is present

2021-06-22 01:03:16 - [MESSAGE][PASSED] - Text '' is set on object 'Object Repository/VLink/Page_CCSale/txt_CVVstate'

2021-06-22 01:03:17 - [MESSAGE][PASSED] - Object 'Object Repository/VLink/Page_CCSale/txt_TrackData' is present

2021-06-22 01:03:17 - [MESSAGE][PASSED] - Text '' is set on object 'Object Repository/VLink/Page_CCSale/txt_TrackData'

2021-06-22 01:03:18 - [MESSAGE][PASSED] - Object 'Object Repository/VLink/Page_CCSale/txt_Track1Data' is present

2021-06-22 01:03:18 - [MESSAGE][PASSED] - Text '' is set on object 'Object Repository/VLink/Page_CCSale/txt_Track1Data'

2021-06-22 01:03:19 - [MESSAGE][PASSED] - Object 'Object Repository/VLink/Page_CCSale/txt_Track2Data' is present

2021-06-22 01:03:19 - [MESSAGE][PASSED] - Text '' is set on object 'Object Repository/VLink/Page_CCSale/txt_Track2Data'

2021-06-22 01:03:20 - [MESSAGE][PASSED] - Object 'Object Repository/VLink/Page_CCSale/txt_POSEntryMode' is present

2021-06-22 01:03:20 - [MESSAGE][PASSED] - Text 'manual' is set on object 'Object Repository/VLink/Page_CCSale/txt_POSEntryMode'

2021-06-22 01:03:21 - [MESSAGE][PASSED] - Object 'Object Repository/VLink/Page_CCSale/txt_Email' is present

2021-06-22 01:03:21 - [MESSAGE][PASSED] - Text 'iahmed@govolution.com' is set on object 'Object Repository/VLink/Page_CCSale/txt_Email'

2021-06-22 01:03:22 - [MESSAGE][PASSED] - Object 'Object Repository/VLink/Page_CCSale/txt_OrderNumber' is present

2021-06-22 01:03:22 - [MESSAGE][PASSED] - Text '2569362' is set on object 'Object Repository/VLink/Page_CCSale/txt_OrderNumber'

2021-06-22 01:03:22 - [MESSAGE][PASSED] - Object 'Object Repository/VLink/Page_CCSale/txt_TaxAmount' is present

2021-06-22 01:03:23 - [MESSAGE][PASSED] - Text '1.15' is set on object 'Object Repository/VLink/Page_CCSale/txt_TaxAmount'

2021-06-22 01:03:23 - [MESSAGE][PASSED] - Object 'Object Repository/VLink/Page_CCSale/txt_ChargeDescription' is present

2021-06-22 01:03:24 - [MESSAGE][PASSED] - Text 'Charge Description' is set on object 'Object Repository/VLink/Page_CCSale/txt_ChargeDescription'

2021-06-22 01:03:24 - [MESSAGE][PASSED] - Object 'Object Repository/VLink/Page_CCSale/txt_CAN' is present

2021-06-22 01:03:25 - [MESSAGE][PASSED] - Text '147357' is set on object 'Object Repository/VLink/Page_CCSale/txt_CAN'

2021-06-22 01:03:25 - [MESSAGE][PASSED] - Object 'Object Repository/VLink/Page_CCSale/txt_BillPaymentIndicator' is present

2021-06-22 01:03:26 - [MESSAGE][PASSED] - Text '1' is set on object 'Object Repository/VLink/Page_CCSale/txt_BillPaymentIndicator'

2021-06-22 01:03:26 - [MESSAGE][PASSED] - Object 'Object Repository/VLink/Page_CCSale/txt_UDF1' is present

2021-06-22 01:03:27 - [MESSAGE][PASSED] - Text 'UDF Data 1' is set on object 'Object Repository/VLink/Page_CCSale/txt_UDF1'

2021-06-22 01:03:27 - [MESSAGE][PASSED] - Object 'Object Repository/VLink/Page_CCSale/txt_UDF2' is present

2021-06-22 01:03:28 - [MESSAGE][PASSED] - Text 'UDF Data 2' is set on object 'Object Repository/VLink/Page_CCSale/txt_UDF2'

2021-06-22 01:03:28 - [MESSAGE][PASSED] - Object 'Object Repository/VLink/Page_CCSale/txt_UDF3' is present

2021-06-22 01:03:29 - [MESSAGE][PASSED] - Text 'UDF Data 3' is set on object 'Object Repository/VLink/Page_CCSale/txt_UDF3'

2021-06-22 01:03:29 - [MESSAGE][PASSED] - Object 'Object Repository/VLink/Page_CCSale/txt_UDF4' is present

2021-06-22 01:03:30 - [MESSAGE][PASSED] - Text 'UDF Data 4' is set on object 'Object Repository/VLink/Page_CCSale/txt_UDF4'

2021-06-22 01:03:30 - [MESSAGE][PASSED] - Object 'Object Repository/VLink/Page_CCSale/txt_UDF5' is present

2021-06-22 01:03:31 - [MESSAGE][PASSED] - Text 'UDF Data 5' is set on object 'Object Repository/VLink/Page_CCSale/txt_UDF5'

2021-06-22 01:03:31 - [MESSAGE][PASSED] - Object 'Object Repository/VLink/Page_CCSale/txt_UDF6' is present

2021-06-22 01:03:32 - [MESSAGE][PASSED] - Text 'UDF Data 6' is set on object 'Object Repository/VLink/Page_CCSale/txt_UDF6'

2021-06-22 01:03:32 - [MESSAGE][PASSED] - Object 'Object Repository/VLink/Page_CCSale/txt_UDF7' is present

2021-06-22 01:03:33 - [MESSAGE][PASSED] - Text 'UDF Data 7' is set on object 'Object Repository/VLink/Page_CCSale/txt_UDF7'

2021-06-22 01:03:33 - [MESSAGE][PASSED] - Object 'Object Repository/VLink/Page_CCSale/txt_UDF8' is present

2021-06-22 01:03:34 - [MESSAGE][PASSED] - Text 'UDF Data 8' is set on object 'Object Repository/VLink/Page_CCSale/txt_UDF8'

2021-06-22 01:03:34 - [MESSAGE][PASSED] - Object 'Object Repository/VLink/Page_CCSale/txt_UDF9' is present

2021-06-22 01:03:35 - [MESSAGE][PASSED] - Text 'UDF Data 9' is set on object 'Object Repository/VLink/Page_CCSale/txt_UDF9'

2021-06-22 01:03:35 - [MESSAGE][PASSED] - Object 'Object Repository/VLink/Page_CCSale/txt_UDF10' is present

2021-06-22 01:03:36 - [MESSAGE][PASSED] - Text 'UDF Data 10' is set on object 'Object Repository/VLink/Page_CCSale/txt_UDF10'

2021-06-22 01:03:36 - [MESSAGE][PASSED] - Object 'Object Repository/VLink/Page_CCSale/txt_CardOnFileIndicator' is present

2021-06-22 01:03:37 - [MESSAGE][PASSED] - Text '' is set on object 'Object Repository/VLink/Page_CCSale/txt_CardOnFileIndicator'

2021-06-22 01:03:37 - [MESSAGE][PASSED] - Object 'Object Repository/VLink/Page_CCSale/txt_StoredCredentialIndicator' is present

2021-06-22 01:03:38 - [MESSAGE][PASSED] - Text '' is set on object 'Object Repository/VLink/Page_CCSale/txt_StoredCredentialIndicator'

2021-06-22 01:03:38 - [MESSAGE][PASSED] - Object 'Object Repository/VLink/Page_CCSale/txt_COFScheduledIndicator' is present

2021-06-22 01:03:39 - [MESSAGE][PASSED] - Text '' is set on object 'Object Repository/VLink/Page_CCSale/txt_COFScheduledIndicator'

2021-06-22 01:03:39 - [MESSAGE][PASSED] - Object 'Object Repository/VLink/Page_CCSale/txt_COFTransactionInitiatedBy' is present

2021-06-22 01:03:40 - [MESSAGE][PASSED] - Text '' is set on object 'Object Repository/VLink/Page_CCSale/txt_COFTransactionInitiatedBy'

2021-06-22 01:03:43 - [MESSAGE][PASSED] - Object: 'Object Repository/VLink/Page_CCSale/btn_ProcessVLinkTransaction' is clicked on

2021-06-22 01:03:48 - [MESSAGE][PASSED] - vlinkPages.saleCCPage.setDataSCC is PASSED

2021-06-22 01:03:48 - [TEST_STEP][PASSED] - if (verifyTextPresent("Transaction approved, no errors", true)): null

2021-06-22 01:03:48 - [MESSAGE][PASSED] - Text 'Transaction approved, no errors' is present on page  using regular expression

2021-06-22 01:03:48 - [TEST_STEP][PASSED] - println("Transaction Approved, no errors text is present on the Confirmation page"): null

2021-06-22 01:03:48 - [TEST_STEP][PASSED] - out.println("Pass Record Number: " + row): null

2021-06-22 01:03:48 - [TEST_STEP][PASSED] - resText = "Pass": null

2021-06-22 01:03:48 - [TEST_STEP][PASSED] - pages.WriteExcel.demoKey(resText, datText, resColumn, datCloumn, fileLoc, nameSheet, row): pages.WriteExcel.demoKey is PASSED

2021-06-22 01:03:48 - [MESSAGE][PASSED] - pages.WriteExcel.demoKey is PASSED

2021-06-22 01:03:48 - [TEST_STEP][PASSED] - sdfo = getText(findTestObject("Object Repository/Page_VLinkReceipt/pre_STX")): Text of object 'Object Repository/Page_VLinkReceipt/pre_STX' is: '<STX>OX8raXnu1H1W                  12098337            0  Transaction approved, no errors                   0                                                                                  XXOK4155   <ETX>'

2021-06-22 01:03:49 - [MESSAGE][PASSED] - Text of object 'Object Repository/Page_VLinkReceipt/pre_STX' is: '<STX>OX8raXnu1H1W                  12098337            0  Transaction approved, no errors                   0                                                                                  XXOK4155   <ETX>'

2021-06-22 01:03:49 - [TEST_STEP][PASSED] - out.println("sdfo: " + sdfo): null

2021-06-22 01:03:49 - [TEST_STEP][PASSED] - remID = substring(5, 35).trim(): null

2021-06-22 01:03:49 - [TEST_STEP][PASSED] - out.println("Remittance ID: " + remID): null

2021-06-22 01:03:49 - [TEST_STEP][PASSED] - traxID = substring(35, 55).trim(): null

2021-06-22 01:03:49 - [TEST_STEP][PASSED] - out.println("Transaction ID: " + traxID): null

2021-06-22 01:03:49 - [TEST_STEP][PASSED] - out.println("End Record Number: " + row): null

2021-06-22 01:03:49 - [TEST_STEP][PASSED] - closeBrowser(): Browser is closed

2021-06-22 01:03:49 - [MESSAGE][PASSED] - Browser is closed

2021-06-22 01:03:49 - [TEST_STEP][PASSED] - out.println("Begin Record Number: " + row): null

2021-06-22 01:03:49 - [TEST_STEP][PASSED] - today = new java.util.Date(): null

2021-06-22 01:03:49 - [TEST_STEP][PASSED] - println(today): null

2021-06-22 01:03:49 - [TEST_STEP][PASSED] - datText = today: null

2021-06-22 01:03:49 - [TEST_STEP][PASSED] - openBrowser(VLinkURL + "authcap.html"): Browser is opened with url: 'https://dev-algorithm.govolution.com/vlinktest/QA/version_2_0/authcap.html'

2021-06-22 01:03:49 - [MESSAGE][INFO] - Starting 'Chrome' driver

2021-06-22 01:03:49 - [MESSAGE][INFO] - User set preference: ['acceptInsecureCerts', 'true']

2021-06-22 01:03:49 - [MESSAGE][INFO] - Action delay is set to 0 milliseconds

2021-06-22 01:03:51 - [MESSAGE][PASSED] - Browser is opened with url: 'https://dev-algorithm.govolution.com/vlinktest/QA/version_2_0/authcap.html'

2021-06-22 01:03:51 - [TEST_STEP][PASSED] - maximizeWindow(): Current window maximized

2021-06-22 01:03:51 - [MESSAGE][PASSED] - Current window maximized

2021-06-22 01:03:51 - [TEST_STEP][PASSED] - vlinkPages.saleCCPage.setDataSCC(row, dataFile): vlinkPages.saleCCPage.setDataSCC is PASSED

2021-06-22 01:03:53 - [MESSAGE][PASSED] - Object 'Object Repository/VLink/Page_CCSale/txt_CardNumber' is present

2021-06-22 01:03:53 - [MESSAGE][PASSED] - Object 'Object Repository/VLink/Page_CCSale/txt_TransactionType' is present

2021-06-22 01:03:54 - [MESSAGE][PASSED] - Text '104' is set on object 'Object Repository/VLink/Page_CCSale/txt_TransactionType'

2021-06-22 01:03:54 - [MESSAGE][PASSED] - Object 'Object Repository/VLink/Page_CCSale/txt_MessageVersion' is present

2021-06-22 01:03:55 - [MESSAGE][PASSED] - Text '2.0C' is set on object 'Object Repository/VLink/Page_CCSale/txt_MessageVersion'

2021-06-22 01:03:55 - [MESSAGE][PASSED] - Object 'Object Repository/VLink/Page_CCSale/txt_RemID' is present

2021-06-22 01:03:56 - [MESSAGE][PASSED] - Text 'YTsVSiQvo9Ar' is set on object 'Object Repository/VLink/Page_CCSale/txt_RemID'

2021-06-22 01:03:56 - [MESSAGE][PASSED] - Object 'Object Repository/VLink/Page_CCSale/txt_ApplicationId' is present

2021-06-22 01:03:57 - [MESSAGE][PASSED] - Text '672' is set on object 'Object Repository/VLink/Page_CCSale/txt_ApplicationId'

2021-06-22 01:03:57 - [MESSAGE][PASSED] - Object 'Object Repository/VLink/Page_CCSale/txt_Username' is present

2021-06-22 01:03:58 - [MESSAGE][PASSED] - Text 'username' is set on object 'Object Repository/VLink/Page_CCSale/txt_Username'

2021-06-22 01:03:58 - [MESSAGE][PASSED] - Object 'Object Repository/VLink/Page_CCSale/txt_Password' is present

2021-06-22 01:03:59 - [MESSAGE][PASSED] - Text 'password' is set on object 'Object Repository/VLink/Page_CCSale/txt_Password'

2021-06-22 01:03:59 - [MESSAGE][PASSED] - Object 'Object Repository/VLink/Page_CCSale/txt_ResponseFormat' is present

2021-06-22 01:03:59 - [MESSAGE][PASSED] - Text 'fixed_width' is set on object 'Object Repository/VLink/Page_CCSale/txt_ResponseFormat'

2021-06-22 01:04:00 - [MESSAGE][PASSED] - Object 'Object Repository/VLink/Page_CCSale/txt_Category' is present

2021-06-22 01:04:00 - [MESSAGE][PASSED] - Text 'MOTO' is set on object 'Object Repository/VLink/Page_CCSale/txt_Category'

2021-06-22 01:04:01 - [MESSAGE][PASSED] - Object 'Object Repository/VLink/Page_CCSale/txt_TransactionID' is present

2021-06-22 01:04:01 - [MESSAGE][PASSED] - Text '' is set on object 'Object Repository/VLink/Page_CCSale/txt_TransactionID'

2021-06-22 01:04:01 - [MESSAGE][PASSED] - Object 'Object Repository/VLink/Page_CCSale/txt_ApprovalCode' is present

2021-06-22 01:04:02 - [MESSAGE][PASSED] - Text '' is set on object 'Object Repository/VLink/Page_CCSale/txt_ApprovalCode'

2021-06-22 01:04:02 - [MESSAGE][PASSED] - Object 'Object Repository/VLink/Page_CCSale/txt_CardName' is present

2021-06-22 01:04:03 - [MESSAGE][PASSED] - Text 'Arvind Silva' is set on object 'Object Repository/VLink/Page_CCSale/txt_CardName'

2021-06-22 01:04:03 - [MESSAGE][PASSED] - Object 'Object Repository/VLink/Page_CCSale/txt_AL1' is present

2021-06-22 01:04:04 - [MESSAGE][PASSED] - Text '111 Main Ave' is set on object 'Object Repository/VLink/Page_CCSale/txt_AL1'

2021-06-22 01:04:04 - [MESSAGE][PASSED] - Object 'Object Repository/VLink/Page_CCSale/txt_AL2' is present

2021-06-22 01:04:05 - [MESSAGE][PASSED] - Text '' is set on object 'Object Repository/VLink/Page_CCSale/txt_AL2'

2021-06-22 01:04:05 - [MESSAGE][PASSED] - Object 'Object Repository/VLink/Page_CCSale/txt_CardCity' is present

2021-06-22 01:04:06 - [MESSAGE][PASSED] - Text 'Arlington' is set on object 'Object Repository/VLink/Page_CCSale/txt_CardCity'

2021-06-22 01:04:06 - [MESSAGE][PASSED] - Object 'Object Repository/VLink/Page_CCSale/txt_CardState' is present

2021-06-22 01:04:07 - [MESSAGE][PASSED] - Text 'VA' is set on object 'Object Repository/VLink/Page_CCSale/txt_CardState'

2021-06-22 01:04:07 - [MESSAGE][PASSED] - Object 'Object Repository/VLink/Page_CCSale/txt_CardZIP' is present

2021-06-22 01:04:08 - [MESSAGE][PASSED] - Text '22201' is set on object 'Object Repository/VLink/Page_CCSale/txt_CardZIP'

2021-06-22 01:04:08 - [MESSAGE][PASSED] - Object 'Object Repository/VLink/Page_CCSale/txt_CountryID' is present

2021-06-22 01:04:09 - [MESSAGE][PASSED] - Text '' is set on object 'Object Repository/VLink/Page_CCSale/txt_CountryID'

2021-06-22 01:04:09 - [MESSAGE][PASSED] - Object 'Object Repository/VLink/Page_CCSale/txt_Amount' is present

2021-06-22 01:04:10 - [MESSAGE][PASSED] - Text '2.50' is set on object 'Object Repository/VLink/Page_CCSale/txt_Amount'

2021-06-22 01:04:10 - [MESSAGE][PASSED] - Object 'Object Repository/VLink/Page_CCSale/txt_CardNumber' is present

2021-06-22 01:04:11 - [MESSAGE][PASSED] - Text '5424000000000015' is set on object 'Object Repository/VLink/Page_CCSale/txt_CardNumber'

2021-06-22 01:04:11 - [MESSAGE][PASSED] - Object 'Object Repository/VLink/Page_CCSale/txt_ExpMonth' is present

2021-06-22 01:04:12 - [MESSAGE][PASSED] - Text '01' is set on object 'Object Repository/VLink/Page_CCSale/txt_ExpMonth'

2021-06-22 01:04:12 - [MESSAGE][PASSED] - Object 'Object Repository/VLink/Page_CCSale/txt_ExpYear' is present

2021-06-22 01:04:13 - [MESSAGE][PASSED] - Text '2026' is set on object 'Object Repository/VLink/Page_CCSale/txt_ExpYear'

2021-06-22 01:04:13 - [MESSAGE][PASSED] - Object 'Object Repository/VLink/Page_CCSale/txt_CVV' is present

2021-06-22 01:04:14 - [MESSAGE][PASSED] - Text '' is set on object 'Object Repository/VLink/Page_CCSale/txt_CVV'

2021-06-22 01:04:14 - [MESSAGE][PASSED] - Object 'Object Repository/VLink/Page_CCSale/txt_CVVstate' is present

2021-06-22 01:04:15 - [MESSAGE][PASSED] - Text '' is set on object 'Object Repository/VLink/Page_CCSale/txt_CVVstate'

2021-06-22 01:04:15 - [MESSAGE][PASSED] - Object 'Object Repository/VLink/Page_CCSale/txt_TrackData' is present

2021-06-22 01:04:16 - [MESSAGE][PASSED] - Text '' is set on object 'Object Repository/VLink/Page_CCSale/txt_TrackData'

2021-06-22 01:04:16 - [MESSAGE][PASSED] - Object 'Object Repository/VLink/Page_CCSale/txt_Track1Data' is present

2021-06-22 01:04:17 - [MESSAGE][PASSED] - Text '' is set on object 'Object Repository/VLink/Page_CCSale/txt_Track1Data'

2021-06-22 01:04:17 - [MESSAGE][PASSED] - Object 'Object Repository/VLink/Page_CCSale/txt_Track2Data' is present

2021-06-22 01:04:18 - [MESSAGE][PASSED] - Text '' is set on object 'Object Repository/VLink/Page_CCSale/txt_Track2Data'

2021-06-22 01:04:18 - [MESSAGE][PASSED] - Object 'Object Repository/VLink/Page_CCSale/txt_POSEntryMode' is present

2021-06-22 01:04:19 - [MESSAGE][PASSED] - Text 'manual' is set on object 'Object Repository/VLink/Page_CCSale/txt_POSEntryMode'

2021-06-22 01:04:19 - [MESSAGE][PASSED] - Object 'Object Repository/VLink/Page_CCSale/txt_Email' is present

2021-06-22 01:04:20 - [MESSAGE][PASSED] - Text '' is set on object 'Object Repository/VLink/Page_CCSale/txt_Email'

2021-06-22 01:04:20 - [MESSAGE][PASSED] - Object 'Object Repository/VLink/Page_CCSale/txt_OrderNumber' is present

2021-06-22 01:04:21 - [MESSAGE][PASSED] - Text '' is set on object 'Object Repository/VLink/Page_CCSale/txt_OrderNumber'

2021-06-22 01:04:21 - [MESSAGE][PASSED] - Object 'Object Repository/VLink/Page_CCSale/txt_TaxAmount' is present

2021-06-22 01:04:22 - [MESSAGE][PASSED] - Text '' is set on object 'Object Repository/VLink/Page_CCSale/txt_TaxAmount'

2021-06-22 01:04:22 - [MESSAGE][PASSED] - Object 'Object Repository/VLink/Page_CCSale/txt_ChargeDescription' is present

2021-06-22 01:04:23 - [MESSAGE][PASSED] - Text '' is set on object 'Object Repository/VLink/Page_CCSale/txt_ChargeDescription'

2021-06-22 01:04:23 - [MESSAGE][PASSED] - Object 'Object Repository/VLink/Page_CCSale/txt_CAN' is present

2021-06-22 01:04:24 - [MESSAGE][PASSED] - Text '' is set on object 'Object Repository/VLink/Page_CCSale/txt_CAN'

2021-06-22 01:04:24 - [MESSAGE][PASSED] - Object 'Object Repository/VLink/Page_CCSale/txt_BillPaymentIndicator' is present

2021-06-22 01:04:25 - [MESSAGE][PASSED] - Text '' is set on object 'Object Repository/VLink/Page_CCSale/txt_BillPaymentIndicator'

2021-06-22 01:04:25 - [MESSAGE][PASSED] - Object 'Object Repository/VLink/Page_CCSale/txt_UDF1' is present

2021-06-22 01:04:26 - [MESSAGE][PASSED] - Text '' is set on object 'Object Repository/VLink/Page_CCSale/txt_UDF1'

2021-06-22 01:04:26 - [MESSAGE][PASSED] - Object 'Object Repository/VLink/Page_CCSale/txt_UDF2' is present

2021-06-22 01:04:27 - [MESSAGE][PASSED] - Text '' is set on object 'Object Repository/VLink/Page_CCSale/txt_UDF2'

2021-06-22 01:04:27 - [MESSAGE][PASSED] - Object 'Object Repository/VLink/Page_CCSale/txt_UDF3' is present

2021-06-22 01:04:28 - [MESSAGE][PASSED] - Text '' is set on object 'Object Repository/VLink/Page_CCSale/txt_UDF3'

2021-06-22 01:04:28 - [MESSAGE][PASSED] - Object 'Object Repository/VLink/Page_CCSale/txt_UDF4' is present

2021-06-22 01:04:29 - [MESSAGE][PASSED] - Text '' is set on object 'Object Repository/VLink/Page_CCSale/txt_UDF4'

2021-06-22 01:04:29 - [MESSAGE][PASSED] - Object 'Object Repository/VLink/Page_CCSale/txt_UDF5' is present

2021-06-22 01:04:30 - [MESSAGE][PASSED] - Text '' is set on object 'Object Repository/VLink/Page_CCSale/txt_UDF5'

2021-06-22 01:04:30 - [MESSAGE][PASSED] - Object 'Object Repository/VLink/Page_CCSale/txt_UDF6' is present

2021-06-22 01:04:31 - [MESSAGE][PASSED] - Text '' is set on object 'Object Repository/VLink/Page_CCSale/txt_UDF6'

2021-06-22 01:04:31 - [MESSAGE][PASSED] - Object 'Object Repository/VLink/Page_CCSale/txt_UDF7' is present

2021-06-22 01:04:32 - [MESSAGE][PASSED] - Text '' is set on object 'Object Repository/VLink/Page_CCSale/txt_UDF7'

2021-06-22 01:04:32 - [MESSAGE][PASSED] - Object 'Object Repository/VLink/Page_CCSale/txt_UDF8' is present

2021-06-22 01:04:33 - [MESSAGE][PASSED] - Text '' is set on object 'Object Repository/VLink/Page_CCSale/txt_UDF8'

2021-06-22 01:04:33 - [MESSAGE][PASSED] - Object 'Object Repository/VLink/Page_CCSale/txt_UDF9' is present

2021-06-22 01:04:34 - [MESSAGE][PASSED] - Text '' is set on object 'Object Repository/VLink/Page_CCSale/txt_UDF9'

2021-06-22 01:04:34 - [MESSAGE][PASSED] - Object 'Object Repository/VLink/Page_CCSale/txt_UDF10' is present

2021-06-22 01:04:35 - [MESSAGE][PASSED] - Text '' is set on object 'Object Repository/VLink/Page_CCSale/txt_UDF10'

2021-06-22 01:04:35 - [MESSAGE][PASSED] - Object 'Object Repository/VLink/Page_CCSale/txt_CardOnFileIndicator' is present

2021-06-22 01:04:36 - [MESSAGE][PASSED] - Text '' is set on object 'Object Repository/VLink/Page_CCSale/txt_CardOnFileIndicator'

2021-06-22 01:04:36 - [MESSAGE][PASSED] - Object 'Object Repository/VLink/Page_CCSale/txt_StoredCredentialIndicator' is present

2021-06-22 01:04:37 - [MESSAGE][PASSED] - Text '' is set on object 'Object Repository/VLink/Page_CCSale/txt_StoredCredentialIndicator'

2021-06-22 01:04:37 - [MESSAGE][PASSED] - Object 'Object Repository/VLink/Page_CCSale/txt_COFScheduledIndicator' is present

2021-06-22 01:04:38 - [MESSAGE][PASSED] - Text '' is set on object 'Object Repository/VLink/Page_CCSale/txt_COFScheduledIndicator'

2021-06-22 01:04:38 - [MESSAGE][PASSED] - Object 'Object Repository/VLink/Page_CCSale/txt_COFTransactionInitiatedBy' is present

2021-06-22 01:04:39 - [MESSAGE][PASSED] - Text '' is set on object 'Object Repository/VLink/Page_CCSale/txt_COFTransactionInitiatedBy'

2021-06-22 01:04:41 - [MESSAGE][PASSED] - Object: 'Object Repository/VLink/Page_CCSale/btn_ProcessVLinkTransaction' is clicked on

2021-06-22 01:04:46 - [MESSAGE][PASSED] - vlinkPages.saleCCPage.setDataSCC is PASSED

2021-06-22 01:04:46 - [TEST_STEP][PASSED] - if (verifyTextPresent("Transaction approved, no errors", true)): null

2021-06-22 01:04:47 - [MESSAGE][PASSED] - Text 'Transaction approved, no errors' is present on page  using regular expression

2021-06-22 01:04:47 - [TEST_STEP][PASSED] - println("Transaction Approved, no errors text is present on the Confirmation page"): null

2021-06-22 01:04:47 - [TEST_STEP][PASSED] - out.println("Pass Record Number: " + row): null

2021-06-22 01:04:47 - [TEST_STEP][PASSED] - resText = "Pass": null

2021-06-22 01:04:47 - [TEST_STEP][PASSED] - pages.WriteExcel.demoKey(resText, datText, resColumn, datCloumn, fileLoc, nameSheet, row): pages.WriteExcel.demoKey is PASSED

2021-06-22 01:04:47 - [MESSAGE][PASSED] - pages.WriteExcel.demoKey is PASSED

2021-06-22 01:04:47 - [TEST_STEP][PASSED] - sdfo = getText(findTestObject("Object Repository/Page_VLinkReceipt/pre_STX")): Text of object 'Object Repository/Page_VLinkReceipt/pre_STX' is: '<STX>YTsVSiQvo9Ar                  12098338            0  Transaction approved, no errors                   0                                                                                  XXOK4345   <ETX>'

2021-06-22 01:04:47 - [MESSAGE][PASSED] - Text of object 'Object Repository/Page_VLinkReceipt/pre_STX' is: '<STX>YTsVSiQvo9Ar                  12098338            0  Transaction approved, no errors                   0                                                                                  XXOK4345   <ETX>'

2021-06-22 01:04:47 - [TEST_STEP][PASSED] - out.println("sdfo: " + sdfo): null

2021-06-22 01:04:47 - [TEST_STEP][PASSED] - remID = substring(5, 35).trim(): null

2021-06-22 01:04:47 - [TEST_STEP][PASSED] - out.println("Remittance ID: " + remID): null

2021-06-22 01:04:47 - [TEST_STEP][PASSED] - traxID = substring(35, 55).trim(): null

2021-06-22 01:04:47 - [TEST_STEP][PASSED] - out.println("Transaction ID: " + traxID): null

2021-06-22 01:04:47 - [TEST_STEP][PASSED] - out.println("End Record Number: " + row): null

2021-06-22 01:04:47 - [TEST_STEP][PASSED] - closeBrowser(): Browser is closed

2021-06-22 01:04:48 - [MESSAGE][PASSED] - Browser is closed

2021-06-22 01:04:48 - [TEST_STEP][PASSED] - out.println("Begin Record Number: " + row): null

2021-06-22 01:04:48 - [TEST_STEP][PASSED] - today = new java.util.Date(): null

2021-06-22 01:04:48 - [TEST_STEP][PASSED] - println(today): null

2021-06-22 01:04:48 - [TEST_STEP][PASSED] - datText = today: null

2021-06-22 01:04:48 - [TEST_STEP][PASSED] - openBrowser(VLinkURL + "authcap.html"): Browser is opened with url: 'https://dev-algorithm.govolution.com/vlinktest/QA/version_2_0/authcap.html'

2021-06-22 01:04:48 - [MESSAGE][INFO] - Starting 'Chrome' driver

2021-06-22 01:04:48 - [MESSAGE][INFO] - User set preference: ['acceptInsecureCerts', 'true']

2021-06-22 01:04:48 - [MESSAGE][INFO] - Action delay is set to 0 milliseconds

2021-06-22 01:04:50 - [MESSAGE][PASSED] - Browser is opened with url: 'https://dev-algorithm.govolution.com/vlinktest/QA/version_2_0/authcap.html'

2021-06-22 01:04:50 - [TEST_STEP][PASSED] - maximizeWindow(): Current window maximized

2021-06-22 01:04:50 - [MESSAGE][PASSED] - Current window maximized

2021-06-22 01:04:50 - [TEST_STEP][PASSED] - vlinkPages.saleCCPage.setDataSCC(row, dataFile): vlinkPages.saleCCPage.setDataSCC is PASSED

2021-06-22 01:04:52 - [MESSAGE][PASSED] - Object 'Object Repository/VLink/Page_CCSale/txt_CardNumber' is present

2021-06-22 01:04:52 - [MESSAGE][PASSED] - Object 'Object Repository/VLink/Page_CCSale/txt_TransactionType' is present

2021-06-22 01:04:53 - [MESSAGE][PASSED] - Text '104' is set on object 'Object Repository/VLink/Page_CCSale/txt_TransactionType'

2021-06-22 01:04:53 - [MESSAGE][PASSED] - Object 'Object Repository/VLink/Page_CCSale/txt_MessageVersion' is present

2021-06-22 01:04:54 - [MESSAGE][PASSED] - Text '2.0C' is set on object 'Object Repository/VLink/Page_CCSale/txt_MessageVersion'

2021-06-22 01:04:54 - [MESSAGE][PASSED] - Object 'Object Repository/VLink/Page_CCSale/txt_RemID' is present

2021-06-22 01:04:54 - [MESSAGE][PASSED] - Text 'u6AbiO5abTyF' is set on object 'Object Repository/VLink/Page_CCSale/txt_RemID'

2021-06-22 01:04:55 - [MESSAGE][PASSED] - Object 'Object Repository/VLink/Page_CCSale/txt_ApplicationId' is present

2021-06-22 01:04:55 - [MESSAGE][PASSED] - Text '677' is set on object 'Object Repository/VLink/Page_CCSale/txt_ApplicationId'

2021-06-22 01:04:56 - [MESSAGE][PASSED] - Object 'Object Repository/VLink/Page_CCSale/txt_Username' is present

2021-06-22 01:04:56 - [MESSAGE][PASSED] - Text 'username' is set on object 'Object Repository/VLink/Page_CCSale/txt_Username'

2021-06-22 01:04:57 - [MESSAGE][PASSED] - Object 'Object Repository/VLink/Page_CCSale/txt_Password' is present

2021-06-22 01:04:57 - [MESSAGE][PASSED] - Text 'password' is set on object 'Object Repository/VLink/Page_CCSale/txt_Password'

2021-06-22 01:04:57 - [MESSAGE][PASSED] - Object 'Object Repository/VLink/Page_CCSale/txt_ResponseFormat' is present

2021-06-22 01:04:58 - [MESSAGE][PASSED] - Text 'fixed_width' is set on object 'Object Repository/VLink/Page_CCSale/txt_ResponseFormat'

2021-06-22 01:04:58 - [MESSAGE][PASSED] - Object 'Object Repository/VLink/Page_CCSale/txt_Category' is present

2021-06-22 01:04:59 - [MESSAGE][PASSED] - Text 'MOTO' is set on object 'Object Repository/VLink/Page_CCSale/txt_Category'

2021-06-22 01:04:59 - [MESSAGE][PASSED] - Object 'Object Repository/VLink/Page_CCSale/txt_TransactionID' is present

2021-06-22 01:05:00 - [MESSAGE][PASSED] - Text '' is set on object 'Object Repository/VLink/Page_CCSale/txt_TransactionID'

2021-06-22 01:05:00 - [MESSAGE][PASSED] - Object 'Object Repository/VLink/Page_CCSale/txt_ApprovalCode' is present

2021-06-22 01:05:01 - [MESSAGE][PASSED] - Text '' is set on object 'Object Repository/VLink/Page_CCSale/txt_ApprovalCode'

2021-06-22 01:05:01 - [MESSAGE][PASSED] - Object 'Object Repository/VLink/Page_CCSale/txt_CardName' is present

2021-06-22 01:05:02 - [MESSAGE][PASSED] - Text 'Roshan Maha' is set on object 'Object Repository/VLink/Page_CCSale/txt_CardName'

2021-06-22 01:05:02 - [MESSAGE][PASSED] - Object 'Object Repository/VLink/Page_CCSale/txt_AL1' is present

2021-06-22 01:05:03 - [MESSAGE][PASSED] - Text '12563 Bazaar road' is set on object 'Object Repository/VLink/Page_CCSale/txt_AL1'

2021-06-22 01:05:03 - [MESSAGE][PASSED] - Object 'Object Repository/VLink/Page_CCSale/txt_AL2' is present

2021-06-22 01:05:04 - [MESSAGE][PASSED] - Text '' is set on object 'Object Repository/VLink/Page_CCSale/txt_AL2'

2021-06-22 01:05:04 - [MESSAGE][PASSED] - Object 'Object Repository/VLink/Page_CCSale/txt_CardCity' is present

2021-06-22 01:05:05 - [MESSAGE][PASSED] - Text 'Crofton' is set on object 'Object Repository/VLink/Page_CCSale/txt_CardCity'

2021-06-22 01:05:05 - [MESSAGE][PASSED] - Object 'Object Repository/VLink/Page_CCSale/txt_CardState' is present

2021-06-22 01:05:06 - [MESSAGE][PASSED] - Text 'MD' is set on object 'Object Repository/VLink/Page_CCSale/txt_CardState'

2021-06-22 01:05:06 - [MESSAGE][PASSED] - Object 'Object Repository/VLink/Page_CCSale/txt_CardZIP' is present

2021-06-22 01:05:07 - [MESSAGE][PASSED] - Text '21114' is set on object 'Object Repository/VLink/Page_CCSale/txt_CardZIP'

2021-06-22 01:05:07 - [MESSAGE][PASSED] - Object 'Object Repository/VLink/Page_CCSale/txt_CountryID' is present

2021-06-22 01:05:08 - [MESSAGE][PASSED] - Text '' is set on object 'Object Repository/VLink/Page_CCSale/txt_CountryID'

2021-06-22 01:05:08 - [MESSAGE][PASSED] - Object 'Object Repository/VLink/Page_CCSale/txt_Amount' is present

2021-06-22 01:05:09 - [MESSAGE][PASSED] - Text '3.50' is set on object 'Object Repository/VLink/Page_CCSale/txt_Amount'

2021-06-22 01:05:09 - [MESSAGE][PASSED] - Object 'Object Repository/VLink/Page_CCSale/txt_CardNumber' is present

2021-06-22 01:05:10 - [MESSAGE][PASSED] - Text '5424000000000015' is set on object 'Object Repository/VLink/Page_CCSale/txt_CardNumber'

2021-06-22 01:05:10 - [MESSAGE][PASSED] - Object 'Object Repository/VLink/Page_CCSale/txt_ExpMonth' is present

2021-06-22 01:05:11 - [MESSAGE][PASSED] - Text '01' is set on object 'Object Repository/VLink/Page_CCSale/txt_ExpMonth'

2021-06-22 01:05:11 - [MESSAGE][PASSED] - Object 'Object Repository/VLink/Page_CCSale/txt_ExpYear' is present

2021-06-22 01:05:12 - [MESSAGE][PASSED] - Text '2026' is set on object 'Object Repository/VLink/Page_CCSale/txt_ExpYear'

2021-06-22 01:05:12 - [MESSAGE][PASSED] - Object 'Object Repository/VLink/Page_CCSale/txt_CVV' is present

2021-06-22 01:05:13 - [MESSAGE][PASSED] - Text '' is set on object 'Object Repository/VLink/Page_CCSale/txt_CVV'

2021-06-22 01:05:13 - [MESSAGE][PASSED] - Object 'Object Repository/VLink/Page_CCSale/txt_CVVstate' is present

2021-06-22 01:05:14 - [MESSAGE][PASSED] - Text '' is set on object 'Object Repository/VLink/Page_CCSale/txt_CVVstate'

2021-06-22 01:05:14 - [MESSAGE][PASSED] - Object 'Object Repository/VLink/Page_CCSale/txt_TrackData' is present

2021-06-22 01:05:15 - [MESSAGE][PASSED] - Text '' is set on object 'Object Repository/VLink/Page_CCSale/txt_TrackData'

2021-06-22 01:05:15 - [MESSAGE][PASSED] - Object 'Object Repository/VLink/Page_CCSale/txt_Track1Data' is present

2021-06-22 01:05:16 - [MESSAGE][PASSED] - Text '' is set on object 'Object Repository/VLink/Page_CCSale/txt_Track1Data'

2021-06-22 01:05:16 - [MESSAGE][PASSED] - Object 'Object Repository/VLink/Page_CCSale/txt_Track2Data' is present

2021-06-22 01:05:17 - [MESSAGE][PASSED] - Text '' is set on object 'Object Repository/VLink/Page_CCSale/txt_Track2Data'

2021-06-22 01:05:17 - [MESSAGE][PASSED] - Object 'Object Repository/VLink/Page_CCSale/txt_POSEntryMode' is present

2021-06-22 01:05:18 - [MESSAGE][PASSED] - Text 'manual' is set on object 'Object Repository/VLink/Page_CCSale/txt_POSEntryMode'

2021-06-22 01:05:18 - [MESSAGE][PASSED] - Object 'Object Repository/VLink/Page_CCSale/txt_Email' is present

2021-06-22 01:05:19 - [MESSAGE][PASSED] - Text '' is set on object 'Object Repository/VLink/Page_CCSale/txt_Email'

2021-06-22 01:05:19 - [MESSAGE][PASSED] - Object 'Object Repository/VLink/Page_CCSale/txt_OrderNumber' is present

2021-06-22 01:05:20 - [MESSAGE][PASSED] - Text '' is set on object 'Object Repository/VLink/Page_CCSale/txt_OrderNumber'

2021-06-22 01:05:20 - [MESSAGE][PASSED] - Object 'Object Repository/VLink/Page_CCSale/txt_TaxAmount' is present

2021-06-22 01:05:21 - [MESSAGE][PASSED] - Text '' is set on object 'Object Repository/VLink/Page_CCSale/txt_TaxAmount'

2021-06-22 01:05:21 - [MESSAGE][PASSED] - Object 'Object Repository/VLink/Page_CCSale/txt_ChargeDescription' is present

2021-06-22 01:05:22 - [MESSAGE][PASSED] - Text '' is set on object 'Object Repository/VLink/Page_CCSale/txt_ChargeDescription'

2021-06-22 01:05:22 - [MESSAGE][PASSED] - Object 'Object Repository/VLink/Page_CCSale/txt_CAN' is present

2021-06-22 01:05:23 - [MESSAGE][PASSED] - Text '' is set on object 'Object Repository/VLink/Page_CCSale/txt_CAN'

2021-06-22 01:05:23 - [MESSAGE][PASSED] - Object 'Object Repository/VLink/Page_CCSale/txt_BillPaymentIndicator' is present

2021-06-22 01:05:24 - [MESSAGE][PASSED] - Text '' is set on object 'Object Repository/VLink/Page_CCSale/txt_BillPaymentIndicator'

2021-06-22 01:05:24 - [MESSAGE][PASSED] - Object 'Object Repository/VLink/Page_CCSale/txt_UDF1' is present

2021-06-22 01:05:25 - [MESSAGE][PASSED] - Text '' is set on object 'Object Repository/VLink/Page_CCSale/txt_UDF1'

2021-06-22 01:05:25 - [MESSAGE][PASSED] - Object 'Object Repository/VLink/Page_CCSale/txt_UDF2' is present

2021-06-22 01:05:26 - [MESSAGE][PASSED] - Text '' is set on object 'Object Repository/VLink/Page_CCSale/txt_UDF2'

2021-06-22 01:05:26 - [MESSAGE][PASSED] - Object 'Object Repository/VLink/Page_CCSale/txt_UDF3' is present

2021-06-22 01:05:27 - [MESSAGE][PASSED] - Text '' is set on object 'Object Repository/VLink/Page_CCSale/txt_UDF3'

2021-06-22 01:05:27 - [MESSAGE][PASSED] - Object 'Object Repository/VLink/Page_CCSale/txt_UDF4' is present

2021-06-22 01:05:28 - [MESSAGE][PASSED] - Text '' is set on object 'Object Repository/VLink/Page_CCSale/txt_UDF4'

2021-06-22 01:05:28 - [MESSAGE][PASSED] - Object 'Object Repository/VLink/Page_CCSale/txt_UDF5' is present

2021-06-22 01:05:28 - [MESSAGE][PASSED] - Text '' is set on object 'Object Repository/VLink/Page_CCSale/txt_UDF5'

2021-06-22 01:05:29 - [MESSAGE][PASSED] - Object 'Object Repository/VLink/Page_CCSale/txt_UDF6' is present

2021-06-22 01:05:29 - [MESSAGE][PASSED] - Text '' is set on object 'Object Repository/VLink/Page_CCSale/txt_UDF6'

2021-06-22 01:05:30 - [MESSAGE][PASSED] - Object 'Object Repository/VLink/Page_CCSale/txt_UDF7' is present

2021-06-22 01:05:30 - [MESSAGE][PASSED] - Text '' is set on object 'Object Repository/VLink/Page_CCSale/txt_UDF7'

2021-06-22 01:05:31 - [MESSAGE][PASSED] - Object 'Object Repository/VLink/Page_CCSale/txt_UDF8' is present

2021-06-22 01:05:31 - [MESSAGE][PASSED] - Text '' is set on object 'Object Repository/VLink/Page_CCSale/txt_UDF8'

2021-06-22 01:05:32 - [MESSAGE][PASSED] - Object 'Object Repository/VLink/Page_CCSale/txt_UDF9' is present

2021-06-22 01:05:32 - [MESSAGE][PASSED] - Text '' is set on object 'Object Repository/VLink/Page_CCSale/txt_UDF9'

2021-06-22 01:05:33 - [MESSAGE][PASSED] - Object 'Object Repository/VLink/Page_CCSale/txt_UDF10' is present

2021-06-22 01:05:33 - [MESSAGE][PASSED] - Text '' is set on object 'Object Repository/VLink/Page_CCSale/txt_UDF10'

2021-06-22 01:05:34 - [MESSAGE][PASSED] - Object 'Object Repository/VLink/Page_CCSale/txt_CardOnFileIndicator' is present

2021-06-22 01:05:34 - [MESSAGE][PASSED] - Text '' is set on object 'Object Repository/VLink/Page_CCSale/txt_CardOnFileIndicator'

2021-06-22 01:05:35 - [MESSAGE][PASSED] - Object 'Object Repository/VLink/Page_CCSale/txt_StoredCredentialIndicator' is present

2021-06-22 01:05:35 - [MESSAGE][PASSED] - Text '' is set on object 'Object Repository/VLink/Page_CCSale/txt_StoredCredentialIndicator'

2021-06-22 01:05:36 - [MESSAGE][PASSED] - Object 'Object Repository/VLink/Page_CCSale/txt_COFScheduledIndicator' is present

2021-06-22 01:05:36 - [MESSAGE][PASSED] - Text '' is set on object 'Object Repository/VLink/Page_CCSale/txt_COFScheduledIndicator'

2021-06-22 01:05:37 - [MESSAGE][PASSED] - Object 'Object Repository/VLink/Page_CCSale/txt_COFTransactionInitiatedBy' is present

2021-06-22 01:05:37 - [MESSAGE][PASSED] - Text '' is set on object 'Object Repository/VLink/Page_CCSale/txt_COFTransactionInitiatedBy'

2021-06-22 01:05:41 - [MESSAGE][PASSED] - Object: 'Object Repository/VLink/Page_CCSale/btn_ProcessVLinkTransaction' is clicked on

2021-06-22 01:05:46 - [MESSAGE][PASSED] - vlinkPages.saleCCPage.setDataSCC is PASSED

2021-06-22 01:05:46 - [TEST_STEP][PASSED] - if (verifyTextPresent("Transaction approved, no errors", true)): null

2021-06-22 01:05:46 - [MESSAGE][PASSED] - Text 'Transaction approved, no errors' is present on page  using regular expression

2021-06-22 01:05:46 - [TEST_STEP][PASSED] - println("Transaction Approved, no errors text is present on the Confirmation page"): null

2021-06-22 01:05:46 - [TEST_STEP][PASSED] - out.println("Pass Record Number: " + row): null

2021-06-22 01:05:46 - [TEST_STEP][PASSED] - resText = "Pass": null

2021-06-22 01:05:46 - [TEST_STEP][PASSED] - pages.WriteExcel.demoKey(resText, datText, resColumn, datCloumn, fileLoc, nameSheet, row): pages.WriteExcel.demoKey is PASSED

2021-06-22 01:05:46 - [MESSAGE][PASSED] - pages.WriteExcel.demoKey is PASSED

2021-06-22 01:05:46 - [TEST_STEP][PASSED] - sdfo = getText(findTestObject("Object Repository/Page_VLinkReceipt/pre_STX")): Text of object 'Object Repository/Page_VLinkReceipt/pre_STX' is: '<STX>u6AbiO5abTyF                  12098339            0  Transaction approved, no errors                   0                                                                                  XXOK4545   <ETX>'

2021-06-22 01:05:46 - [MESSAGE][PASSED] - Text of object 'Object Repository/Page_VLinkReceipt/pre_STX' is: '<STX>u6AbiO5abTyF                  12098339            0  Transaction approved, no errors                   0                                                                                  XXOK4545   <ETX>'

2021-06-22 01:05:46 - [TEST_STEP][PASSED] - out.println("sdfo: " + sdfo): null

2021-06-22 01:05:46 - [TEST_STEP][PASSED] - remID = substring(5, 35).trim(): null

2021-06-22 01:05:46 - [TEST_STEP][PASSED] - out.println("Remittance ID: " + remID): null

2021-06-22 01:05:46 - [TEST_STEP][PASSED] - traxID = substring(35, 55).trim(): null

2021-06-22 01:05:46 - [TEST_STEP][PASSED] - out.println("Transaction ID: " + traxID): null

2021-06-22 01:05:46 - [TEST_STEP][PASSED] - out.println("End Record Number: " + row): null

2021-06-22 01:05:46 - [TEST_STEP][PASSED] - closeBrowser(): Browser is closed

2021-06-22 01:05:47 - [MESSAGE][PASSED] - Browser is closed

2021-06-22 01:05:47 - [TEST_STEP][PASSED] - out.println("Begin Record Number: " + row): null

2021-06-22 01:05:47 - [TEST_STEP][PASSED] - today = new java.util.Date(): null

2021-06-22 01:05:47 - [TEST_STEP][PASSED] - println(today): null

2021-06-22 01:05:47 - [TEST_STEP][PASSED] - datText = today: null

2021-06-22 01:05:47 - [TEST_STEP][PASSED] - openBrowser(VLinkURL + "authcap.html"): Browser is opened with url: 'https://dev-algorithm.govolution.com/vlinktest/QA/version_2_0/authcap.html'

2021-06-22 01:05:47 - [MESSAGE][INFO] - Starting 'Chrome' driver

2021-06-22 01:05:47 - [MESSAGE][INFO] - User set preference: ['acceptInsecureCerts', 'true']

2021-06-22 01:05:47 - [MESSAGE][INFO] - Action delay is set to 0 milliseconds

2021-06-22 01:05:49 - [MESSAGE][PASSED] - Browser is opened with url: 'https://dev-algorithm.govolution.com/vlinktest/QA/version_2_0/authcap.html'

2021-06-22 01:05:49 - [TEST_STEP][PASSED] - maximizeWindow(): Current window maximized

2021-06-22 01:05:49 - [MESSAGE][PASSED] - Current window maximized

2021-06-22 01:05:49 - [TEST_STEP][PASSED] - vlinkPages.saleCCPage.setDataSCC(row, dataFile): vlinkPages.saleCCPage.setDataSCC is PASSED

2021-06-22 01:05:51 - [MESSAGE][PASSED] - Object 'Object Repository/VLink/Page_CCSale/txt_CardNumber' is present

2021-06-22 01:05:51 - [MESSAGE][PASSED] - Object 'Object Repository/VLink/Page_CCSale/txt_TransactionType' is present

2021-06-22 01:05:52 - [MESSAGE][PASSED] - Text '104' is set on object 'Object Repository/VLink/Page_CCSale/txt_TransactionType'

2021-06-22 01:05:52 - [MESSAGE][PASSED] - Object 'Object Repository/VLink/Page_CCSale/txt_MessageVersion' is present

2021-06-22 01:05:53 - [MESSAGE][PASSED] - Text '2.0C' is set on object 'Object Repository/VLink/Page_CCSale/txt_MessageVersion'

2021-06-22 01:05:53 - [MESSAGE][PASSED] - Object 'Object Repository/VLink/Page_CCSale/txt_RemID' is present

2021-06-22 01:05:54 - [MESSAGE][PASSED] - Text 'wbEXKO8AF2JH' is set on object 'Object Repository/VLink/Page_CCSale/txt_RemID'

2021-06-22 01:05:54 - [MESSAGE][PASSED] - Object 'Object Repository/VLink/Page_CCSale/txt_ApplicationId' is present

2021-06-22 01:05:55 - [MESSAGE][PASSED] - Text '665' is set on object 'Object Repository/VLink/Page_CCSale/txt_ApplicationId'

2021-06-22 01:05:55 - [MESSAGE][PASSED] - Object 'Object Repository/VLink/Page_CCSale/txt_Username' is present

2021-06-22 01:05:56 - [MESSAGE][PASSED] - Text 'username' is set on object 'Object Repository/VLink/Page_CCSale/txt_Username'

2021-06-22 01:05:56 - [MESSAGE][PASSED] - Object 'Object Repository/VLink/Page_CCSale/txt_Password' is present

2021-06-22 01:05:56 - [MESSAGE][PASSED] - Text 'password' is set on object 'Object Repository/VLink/Page_CCSale/txt_Password'

2021-06-22 01:05:57 - [MESSAGE][PASSED] - Object 'Object Repository/VLink/Page_CCSale/txt_ResponseFormat' is present

2021-06-22 01:05:57 - [MESSAGE][PASSED] - Text 'fixed_width' is set on object 'Object Repository/VLink/Page_CCSale/txt_ResponseFormat'

2021-06-22 01:05:58 - [MESSAGE][PASSED] - Object 'Object Repository/VLink/Page_CCSale/txt_Category' is present

2021-06-22 01:05:58 - [MESSAGE][PASSED] - Text 'MOTO' is set on object 'Object Repository/VLink/Page_CCSale/txt_Category'

2021-06-22 01:05:58 - [MESSAGE][PASSED] - Object 'Object Repository/VLink/Page_CCSale/txt_TransactionID' is present

2021-06-22 01:05:59 - [MESSAGE][PASSED] - Text '' is set on object 'Object Repository/VLink/Page_CCSale/txt_TransactionID'

2021-06-22 01:05:59 - [MESSAGE][PASSED] - Object 'Object Repository/VLink/Page_CCSale/txt_ApprovalCode' is present

2021-06-22 01:06:00 - [MESSAGE][PASSED] - Text '' is set on object 'Object Repository/VLink/Page_CCSale/txt_ApprovalCode'

2021-06-22 01:06:00 - [MESSAGE][PASSED] - Object 'Object Repository/VLink/Page_CCSale/txt_CardName' is present

2021-06-22 01:06:01 - [MESSAGE][PASSED] - Text 'Kris Roshan' is set on object 'Object Repository/VLink/Page_CCSale/txt_CardName'

2021-06-22 01:06:01 - [MESSAGE][PASSED] - Object 'Object Repository/VLink/Page_CCSale/txt_AL1' is present

2021-06-22 01:06:02 - [MESSAGE][PASSED] - Text '258 Elm Road' is set on object 'Object Repository/VLink/Page_CCSale/txt_AL1'

2021-06-22 01:06:02 - [MESSAGE][PASSED] - Object 'Object Repository/VLink/Page_CCSale/txt_AL2' is present

2021-06-22 01:06:03 - [MESSAGE][PASSED] - Text 'Suite 56' is set on object 'Object Repository/VLink/Page_CCSale/txt_AL2'

2021-06-22 01:06:03 - [MESSAGE][PASSED] - Object 'Object Repository/VLink/Page_CCSale/txt_CardCity' is present

2021-06-22 01:06:04 - [MESSAGE][PASSED] - Text 'Arlington' is set on object 'Object Repository/VLink/Page_CCSale/txt_CardCity'

2021-06-22 01:06:04 - [MESSAGE][PASSED] - Object 'Object Repository/VLink/Page_CCSale/txt_CardState' is present

2021-06-22 01:06:05 - [MESSAGE][PASSED] - Text 'VA' is set on object 'Object Repository/VLink/Page_CCSale/txt_CardState'

2021-06-22 01:06:05 - [MESSAGE][PASSED] - Object 'Object Repository/VLink/Page_CCSale/txt_CardZIP' is present

2021-06-22 01:06:06 - [MESSAGE][PASSED] - Text '22201' is set on object 'Object Repository/VLink/Page_CCSale/txt_CardZIP'

2021-06-22 01:06:06 - [MESSAGE][PASSED] - Object 'Object Repository/VLink/Page_CCSale/txt_CountryID' is present

2021-06-22 01:06:07 - [MESSAGE][PASSED] - Text '840' is set on object 'Object Repository/VLink/Page_CCSale/txt_CountryID'

2021-06-22 01:06:07 - [MESSAGE][PASSED] - Object 'Object Repository/VLink/Page_CCSale/txt_Amount' is present

2021-06-22 01:06:08 - [MESSAGE][PASSED] - Text '1.50' is set on object 'Object Repository/VLink/Page_CCSale/txt_Amount'

2021-06-22 01:06:08 - [MESSAGE][PASSED] - Object 'Object Repository/VLink/Page_CCSale/txt_CardNumber' is present

2021-06-22 01:06:09 - [MESSAGE][PASSED] - Text '370000000000002' is set on object 'Object Repository/VLink/Page_CCSale/txt_CardNumber'

2021-06-22 01:06:09 - [MESSAGE][PASSED] - Object 'Object Repository/VLink/Page_CCSale/txt_ExpMonth' is present

2021-06-22 01:06:10 - [MESSAGE][PASSED] - Text '12' is set on object 'Object Repository/VLink/Page_CCSale/txt_ExpMonth'

2021-06-22 01:06:10 - [MESSAGE][PASSED] - Object 'Object Repository/VLink/Page_CCSale/txt_ExpYear' is present

2021-06-22 01:06:11 - [MESSAGE][PASSED] - Text '2025' is set on object 'Object Repository/VLink/Page_CCSale/txt_ExpYear'

2021-06-22 01:06:11 - [MESSAGE][PASSED] - Object 'Object Repository/VLink/Page_CCSale/txt_CVV' is present

2021-06-22 01:06:12 - [MESSAGE][PASSED] - Text '' is set on object 'Object Repository/VLink/Page_CCSale/txt_CVV'

2021-06-22 01:06:12 - [MESSAGE][PASSED] - Object 'Object Repository/VLink/Page_CCSale/txt_CVVstate' is present

2021-06-22 01:06:13 - [MESSAGE][PASSED] - Text '' is set on object 'Object Repository/VLink/Page_CCSale/txt_CVVstate'

2021-06-22 01:06:13 - [MESSAGE][PASSED] - Object 'Object Repository/VLink/Page_CCSale/txt_TrackData' is present

2021-06-22 01:06:14 - [MESSAGE][PASSED] - Text '' is set on object 'Object Repository/VLink/Page_CCSale/txt_TrackData'

2021-06-22 01:06:14 - [MESSAGE][PASSED] - Object 'Object Repository/VLink/Page_CCSale/txt_Track1Data' is present

2021-06-22 01:06:15 - [MESSAGE][PASSED] - Text '' is set on object 'Object Repository/VLink/Page_CCSale/txt_Track1Data'

2021-06-22 01:06:15 - [MESSAGE][PASSED] - Object 'Object Repository/VLink/Page_CCSale/txt_Track2Data' is present

2021-06-22 01:06:16 - [MESSAGE][PASSED] - Text '' is set on object 'Object Repository/VLink/Page_CCSale/txt_Track2Data'

2021-06-22 01:06:16 - [MESSAGE][PASSED] - Object 'Object Repository/VLink/Page_CCSale/txt_POSEntryMode' is present

2021-06-22 01:06:17 - [MESSAGE][PASSED] - Text 'manual' is set on object 'Object Repository/VLink/Page_CCSale/txt_POSEntryMode'

2021-06-22 01:06:17 - [MESSAGE][PASSED] - Object 'Object Repository/VLink/Page_CCSale/txt_Email' is present

2021-06-22 01:06:18 - [MESSAGE][PASSED] - Text 'iahmed@govolution.com' is set on object 'Object Repository/VLink/Page_CCSale/txt_Email'

2021-06-22 01:06:18 - [MESSAGE][PASSED] - Object 'Object Repository/VLink/Page_CCSale/txt_OrderNumber' is present

2021-06-22 01:06:19 - [MESSAGE][PASSED] - Text '2569362' is set on object 'Object Repository/VLink/Page_CCSale/txt_OrderNumber'

2021-06-22 01:06:19 - [MESSAGE][PASSED] - Object 'Object Repository/VLink/Page_CCSale/txt_TaxAmount' is present

2021-06-22 01:06:20 - [MESSAGE][PASSED] - Text '1.15' is set on object 'Object Repository/VLink/Page_CCSale/txt_TaxAmount'

2021-06-22 01:06:20 - [MESSAGE][PASSED] - Object 'Object Repository/VLink/Page_CCSale/txt_ChargeDescription' is present

2021-06-22 01:06:21 - [MESSAGE][PASSED] - Text 'Charge Description' is set on object 'Object Repository/VLink/Page_CCSale/txt_ChargeDescription'

2021-06-22 01:06:21 - [MESSAGE][PASSED] - Object 'Object Repository/VLink/Page_CCSale/txt_CAN' is present

2021-06-22 01:06:22 - [MESSAGE][PASSED] - Text '147357' is set on object 'Object Repository/VLink/Page_CCSale/txt_CAN'

2021-06-22 01:06:22 - [MESSAGE][PASSED] - Object 'Object Repository/VLink/Page_CCSale/txt_BillPaymentIndicator' is present

2021-06-22 01:06:23 - [MESSAGE][PASSED] - Text '1' is set on object 'Object Repository/VLink/Page_CCSale/txt_BillPaymentIndicator'

2021-06-22 01:06:23 - [MESSAGE][PASSED] - Object 'Object Repository/VLink/Page_CCSale/txt_UDF1' is present

2021-06-22 01:06:24 - [MESSAGE][PASSED] - Text 'UDF Data 1' is set on object 'Object Repository/VLink/Page_CCSale/txt_UDF1'

2021-06-22 01:06:24 - [MESSAGE][PASSED] - Object 'Object Repository/VLink/Page_CCSale/txt_UDF2' is present

2021-06-22 01:06:25 - [MESSAGE][PASSED] - Text 'UDF Data 2' is set on object 'Object Repository/VLink/Page_CCSale/txt_UDF2'

2021-06-22 01:06:25 - [MESSAGE][PASSED] - Object 'Object Repository/VLink/Page_CCSale/txt_UDF3' is present

2021-06-22 01:06:26 - [MESSAGE][PASSED] - Text 'UDF Data 3' is set on object 'Object Repository/VLink/Page_CCSale/txt_UDF3'

2021-06-22 01:06:26 - [MESSAGE][PASSED] - Object 'Object Repository/VLink/Page_CCSale/txt_UDF4' is present

2021-06-22 01:06:27 - [MESSAGE][PASSED] - Text 'UDF Data 4' is set on object 'Object Repository/VLink/Page_CCSale/txt_UDF4'

2021-06-22 01:06:27 - [MESSAGE][PASSED] - Object 'Object Repository/VLink/Page_CCSale/txt_UDF5' is present

2021-06-22 01:06:28 - [MESSAGE][PASSED] - Text 'UDF Data 5' is set on object 'Object Repository/VLink/Page_CCSale/txt_UDF5'

2021-06-22 01:06:28 - [MESSAGE][PASSED] - Object 'Object Repository/VLink/Page_CCSale/txt_UDF6' is present

2021-06-22 01:06:29 - [MESSAGE][PASSED] - Text 'UDF Data 6' is set on object 'Object Repository/VLink/Page_CCSale/txt_UDF6'

2021-06-22 01:06:29 - [MESSAGE][PASSED] - Object 'Object Repository/VLink/Page_CCSale/txt_UDF7' is present

2021-06-22 01:06:30 - [MESSAGE][PASSED] - Text 'UDF Data 7' is set on object 'Object Repository/VLink/Page_CCSale/txt_UDF7'

2021-06-22 01:06:30 - [MESSAGE][PASSED] - Object 'Object Repository/VLink/Page_CCSale/txt_UDF8' is present

2021-06-22 01:06:31 - [MESSAGE][PASSED] - Text 'UDF Data 8' is set on object 'Object Repository/VLink/Page_CCSale/txt_UDF8'

2021-06-22 01:06:31 - [MESSAGE][PASSED] - Object 'Object Repository/VLink/Page_CCSale/txt_UDF9' is present

2021-06-22 01:06:32 - [MESSAGE][PASSED] - Text 'UDF Data 9' is set on object 'Object Repository/VLink/Page_CCSale/txt_UDF9'

2021-06-22 01:06:32 - [MESSAGE][PASSED] - Object 'Object Repository/VLink/Page_CCSale/txt_UDF10' is present

2021-06-22 01:06:33 - [MESSAGE][PASSED] - Text 'UDF Data 10' is set on object 'Object Repository/VLink/Page_CCSale/txt_UDF10'

2021-06-22 01:06:33 - [MESSAGE][PASSED] - Object 'Object Repository/VLink/Page_CCSale/txt_CardOnFileIndicator' is present

2021-06-22 01:06:34 - [MESSAGE][PASSED] - Text '' is set on object 'Object Repository/VLink/Page_CCSale/txt_CardOnFileIndicator'

2021-06-22 01:06:34 - [MESSAGE][PASSED] - Object 'Object Repository/VLink/Page_CCSale/txt_StoredCredentialIndicator' is present

2021-06-22 01:06:35 - [MESSAGE][PASSED] - Text '' is set on object 'Object Repository/VLink/Page_CCSale/txt_StoredCredentialIndicator'

2021-06-22 01:06:35 - [MESSAGE][PASSED] - Object 'Object Repository/VLink/Page_CCSale/txt_COFScheduledIndicator' is present

2021-06-22 01:06:36 - [MESSAGE][PASSED] - Text '' is set on object 'Object Repository/VLink/Page_CCSale/txt_COFScheduledIndicator'

2021-06-22 01:06:36 - [MESSAGE][PASSED] - Object 'Object Repository/VLink/Page_CCSale/txt_COFTransactionInitiatedBy' is present

2021-06-22 01:06:37 - [MESSAGE][PASSED] - Text '' is set on object 'Object Repository/VLink/Page_CCSale/txt_COFTransactionInitiatedBy'

2021-06-22 01:06:39 - [MESSAGE][PASSED] - Object: 'Object Repository/VLink/Page_CCSale/btn_ProcessVLinkTransaction' is clicked on

2021-06-22 01:06:44 - [MESSAGE][PASSED] - vlinkPages.saleCCPage.setDataSCC is PASSED

2021-06-22 01:06:44 - [TEST_STEP][PASSED] - if (verifyTextPresent("Transaction approved, no errors", true)): null

2021-06-22 01:06:45 - [MESSAGE][PASSED] - Text 'Transaction approved, no errors' is present on page  using regular expression

2021-06-22 01:06:45 - [TEST_STEP][PASSED] - println("Transaction Approved, no errors text is present on the Confirmation page"): null

2021-06-22 01:06:45 - [TEST_STEP][PASSED] - out.println("Pass Record Number: " + row): null

2021-06-22 01:06:45 - [TEST_STEP][PASSED] - resText = "Pass": null

2021-06-22 01:06:45 - [TEST_STEP][PASSED] - pages.WriteExcel.demoKey(resText, datText, resColumn, datCloumn, fileLoc, nameSheet, row): pages.WriteExcel.demoKey is PASSED

2021-06-22 01:06:45 - [MESSAGE][PASSED] - pages.WriteExcel.demoKey is PASSED

2021-06-22 01:06:45 - [TEST_STEP][PASSED] - sdfo = getText(findTestObject("Object Repository/Page_VLinkReceipt/pre_STX")): Text of object 'Object Repository/Page_VLinkReceipt/pre_STX' is: '<STX>wbEXKO8AF2JH                  12098341            0  Transaction approved, no errors                   0                                                                                  X OK4845   <ETX>'

2021-06-22 01:06:45 - [MESSAGE][PASSED] - Text of object 'Object Repository/Page_VLinkReceipt/pre_STX' is: '<STX>wbEXKO8AF2JH                  12098341            0  Transaction approved, no errors                   0                                                                                  X OK4845   <ETX>'

2021-06-22 01:06:45 - [TEST_STEP][PASSED] - out.println("sdfo: " + sdfo): null

2021-06-22 01:06:45 - [TEST_STEP][PASSED] - remID = substring(5, 35).trim(): null

2021-06-22 01:06:45 - [TEST_STEP][PASSED] - out.println("Remittance ID: " + remID): null

2021-06-22 01:06:45 - [TEST_STEP][PASSED] - traxID = substring(35, 55).trim(): null

2021-06-22 01:06:45 - [TEST_STEP][PASSED] - out.println("Transaction ID: " + traxID): null

2021-06-22 01:06:45 - [TEST_STEP][PASSED] - out.println("End Record Number: " + row): null

2021-06-22 01:06:45 - [TEST_STEP][PASSED] - closeBrowser(): Browser is closed

2021-06-22 01:06:46 - [MESSAGE][PASSED] - Browser is closed

2021-06-22 01:06:46 - [TEST_STEP][PASSED] - out.println("Begin Record Number: " + row): null

2021-06-22 01:06:46 - [TEST_STEP][PASSED] - today = new java.util.Date(): null

2021-06-22 01:06:46 - [TEST_STEP][PASSED] - println(today): null

2021-06-22 01:06:46 - [TEST_STEP][PASSED] - datText = today: null

2021-06-22 01:06:46 - [TEST_STEP][PASSED] - openBrowser(VLinkURL + "authcap.html"): Browser is opened with url: 'https://dev-algorithm.govolution.com/vlinktest/QA/version_2_0/authcap.html'

2021-06-22 01:06:46 - [MESSAGE][INFO] - Starting 'Chrome' driver

2021-06-22 01:06:46 - [MESSAGE][INFO] - User set preference: ['acceptInsecureCerts', 'true']

2021-06-22 01:06:46 - [MESSAGE][INFO] - Action delay is set to 0 milliseconds

2021-06-22 01:06:47 - [MESSAGE][PASSED] - Browser is opened with url: 'https://dev-algorithm.govolution.com/vlinktest/QA/version_2_0/authcap.html'

2021-06-22 01:06:47 - [TEST_STEP][PASSED] - maximizeWindow(): Current window maximized

2021-06-22 01:06:48 - [MESSAGE][PASSED] - Current window maximized

2021-06-22 01:06:48 - [TEST_STEP][PASSED] - vlinkPages.saleCCPage.setDataSCC(row, dataFile): vlinkPages.saleCCPage.setDataSCC is PASSED

2021-06-22 01:06:50 - [MESSAGE][PASSED] - Object 'Object Repository/VLink/Page_CCSale/txt_CardNumber' is present

2021-06-22 01:06:50 - [MESSAGE][PASSED] - Object 'Object Repository/VLink/Page_CCSale/txt_TransactionType' is present

2021-06-22 01:06:51 - [MESSAGE][PASSED] - Text '104' is set on object 'Object Repository/VLink/Page_CCSale/txt_TransactionType'

2021-06-22 01:06:51 - [MESSAGE][PASSED] - Object 'Object Repository/VLink/Page_CCSale/txt_MessageVersion' is present

2021-06-22 01:06:51 - [MESSAGE][PASSED] - Text '2.0C' is set on object 'Object Repository/VLink/Page_CCSale/txt_MessageVersion'

2021-06-22 01:06:52 - [MESSAGE][PASSED] - Object 'Object Repository/VLink/Page_CCSale/txt_RemID' is present

2021-06-22 01:06:52 - [MESSAGE][PASSED] - Text 'hxnzRWrc8oGj' is set on object 'Object Repository/VLink/Page_CCSale/txt_RemID'

2021-06-22 01:06:53 - [MESSAGE][PASSED] - Object 'Object Repository/VLink/Page_CCSale/txt_ApplicationId' is present

2021-06-22 01:06:53 - [MESSAGE][PASSED] - Text '672' is set on object 'Object Repository/VLink/Page_CCSale/txt_ApplicationId'

2021-06-22 01:06:54 - [MESSAGE][PASSED] - Object 'Object Repository/VLink/Page_CCSale/txt_Username' is present

2021-06-22 01:06:54 - [MESSAGE][PASSED] - Text 'username' is set on object 'Object Repository/VLink/Page_CCSale/txt_Username'

2021-06-22 01:06:54 - [MESSAGE][PASSED] - Object 'Object Repository/VLink/Page_CCSale/txt_Password' is present

2021-06-22 01:06:55 - [MESSAGE][PASSED] - Text 'password' is set on object 'Object Repository/VLink/Page_CCSale/txt_Password'

2021-06-22 01:06:55 - [MESSAGE][PASSED] - Object 'Object Repository/VLink/Page_CCSale/txt_ResponseFormat' is present

2021-06-22 01:06:56 - [MESSAGE][PASSED] - Text 'fixed_width' is set on object 'Object Repository/VLink/Page_CCSale/txt_ResponseFormat'

2021-06-22 01:06:56 - [MESSAGE][PASSED] - Object 'Object Repository/VLink/Page_CCSale/txt_Category' is present

2021-06-22 01:06:57 - [MESSAGE][PASSED] - Text 'MOTO' is set on object 'Object Repository/VLink/Page_CCSale/txt_Category'

2021-06-22 01:06:57 - [MESSAGE][PASSED] - Object 'Object Repository/VLink/Page_CCSale/txt_TransactionID' is present

2021-06-22 01:06:58 - [MESSAGE][PASSED] - Text '' is set on object 'Object Repository/VLink/Page_CCSale/txt_TransactionID'

2021-06-22 01:06:58 - [MESSAGE][PASSED] - Object 'Object Repository/VLink/Page_CCSale/txt_ApprovalCode' is present

2021-06-22 01:06:59 - [MESSAGE][PASSED] - Text '' is set on object 'Object Repository/VLink/Page_CCSale/txt_ApprovalCode'

2021-06-22 01:06:59 - [MESSAGE][PASSED] - Object 'Object Repository/VLink/Page_CCSale/txt_CardName' is present

2021-06-22 01:07:00 - [MESSAGE][PASSED] - Text 'Arvind Silva' is set on object 'Object Repository/VLink/Page_CCSale/txt_CardName'

2021-06-22 01:07:00 - [MESSAGE][PASSED] - Object 'Object Repository/VLink/Page_CCSale/txt_AL1' is present

2021-06-22 01:07:01 - [MESSAGE][PASSED] - Text '111 Main Ave' is set on object 'Object Repository/VLink/Page_CCSale/txt_AL1'

2021-06-22 01:07:01 - [MESSAGE][PASSED] - Object 'Object Repository/VLink/Page_CCSale/txt_AL2' is present

2021-06-22 01:07:01 - [MESSAGE][PASSED] - Text '' is set on object 'Object Repository/VLink/Page_CCSale/txt_AL2'

2021-06-22 01:07:02 - [MESSAGE][PASSED] - Object 'Object Repository/VLink/Page_CCSale/txt_CardCity' is present

2021-06-22 01:07:02 - [MESSAGE][PASSED] - Text 'Arlington' is set on object 'Object Repository/VLink/Page_CCSale/txt_CardCity'

2021-06-22 01:07:03 - [MESSAGE][PASSED] - Object 'Object Repository/VLink/Page_CCSale/txt_CardState' is present

2021-06-22 01:07:03 - [MESSAGE][PASSED] - Text 'VA' is set on object 'Object Repository/VLink/Page_CCSale/txt_CardState'

2021-06-22 01:07:04 - [MESSAGE][PASSED] - Object 'Object Repository/VLink/Page_CCSale/txt_CardZIP' is present

2021-06-22 01:07:04 - [MESSAGE][PASSED] - Text '22201' is set on object 'Object Repository/VLink/Page_CCSale/txt_CardZIP'

2021-06-22 01:07:05 - [MESSAGE][PASSED] - Object 'Object Repository/VLink/Page_CCSale/txt_CountryID' is present

2021-06-22 01:07:05 - [MESSAGE][PASSED] - Text '' is set on object 'Object Repository/VLink/Page_CCSale/txt_CountryID'

2021-06-22 01:07:06 - [MESSAGE][PASSED] - Object 'Object Repository/VLink/Page_CCSale/txt_Amount' is present

2021-06-22 01:07:06 - [MESSAGE][PASSED] - Text '2.50' is set on object 'Object Repository/VLink/Page_CCSale/txt_Amount'

2021-06-22 01:07:07 - [MESSAGE][PASSED] - Object 'Object Repository/VLink/Page_CCSale/txt_CardNumber' is present

2021-06-22 01:07:07 - [MESSAGE][PASSED] - Text '370000000000002' is set on object 'Object Repository/VLink/Page_CCSale/txt_CardNumber'

2021-06-22 01:07:08 - [MESSAGE][PASSED] - Object 'Object Repository/VLink/Page_CCSale/txt_ExpMonth' is present

2021-06-22 01:07:08 - [MESSAGE][PASSED] - Text '01' is set on object 'Object Repository/VLink/Page_CCSale/txt_ExpMonth'

2021-06-22 01:07:09 - [MESSAGE][PASSED] - Object 'Object Repository/VLink/Page_CCSale/txt_ExpYear' is present

2021-06-22 01:07:09 - [MESSAGE][PASSED] - Text '2026' is set on object 'Object Repository/VLink/Page_CCSale/txt_ExpYear'

2021-06-22 01:07:10 - [MESSAGE][PASSED] - Object 'Object Repository/VLink/Page_CCSale/txt_CVV' is present

2021-06-22 01:07:10 - [MESSAGE][PASSED] - Text '' is set on object 'Object Repository/VLink/Page_CCSale/txt_CVV'

2021-06-22 01:07:11 - [MESSAGE][PASSED] - Object 'Object Repository/VLink/Page_CCSale/txt_CVVstate' is present

2021-06-22 01:07:11 - [MESSAGE][PASSED] - Text '' is set on object 'Object Repository/VLink/Page_CCSale/txt_CVVstate'

2021-06-22 01:07:12 - [MESSAGE][PASSED] - Object 'Object Repository/VLink/Page_CCSale/txt_TrackData' is present

2021-06-22 01:07:12 - [MESSAGE][PASSED] - Text '' is set on object 'Object Repository/VLink/Page_CCSale/txt_TrackData'

2021-06-22 01:07:13 - [MESSAGE][PASSED] - Object 'Object Repository/VLink/Page_CCSale/txt_Track1Data' is present

2021-06-22 01:07:13 - [MESSAGE][PASSED] - Text '' is set on object 'Object Repository/VLink/Page_CCSale/txt_Track1Data'

2021-06-22 01:07:14 - [MESSAGE][PASSED] - Object 'Object Repository/VLink/Page_CCSale/txt_Track2Data' is present

2021-06-22 01:07:14 - [MESSAGE][PASSED] - Text '' is set on object 'Object Repository/VLink/Page_CCSale/txt_Track2Data'

2021-06-22 01:07:15 - [MESSAGE][PASSED] - Object 'Object Repository/VLink/Page_CCSale/txt_POSEntryMode' is present

2021-06-22 01:07:15 - [MESSAGE][PASSED] - Text 'manual' is set on object 'Object Repository/VLink/Page_CCSale/txt_POSEntryMode'

2021-06-22 01:07:16 - [MESSAGE][PASSED] - Object 'Object Repository/VLink/Page_CCSale/txt_Email' is present

2021-06-22 01:07:16 - [MESSAGE][PASSED] - Text '' is set on object 'Object Repository/VLink/Page_CCSale/txt_Email'

2021-06-22 01:07:17 - [MESSAGE][PASSED] - Object 'Object Repository/VLink/Page_CCSale/txt_OrderNumber' is present

2021-06-22 01:07:17 - [MESSAGE][PASSED] - Text '' is set on object 'Object Repository/VLink/Page_CCSale/txt_OrderNumber'

2021-06-22 01:07:18 - [MESSAGE][PASSED] - Object 'Object Repository/VLink/Page_CCSale/txt_TaxAmount' is present

2021-06-22 01:07:18 - [MESSAGE][PASSED] - Text '' is set on object 'Object Repository/VLink/Page_CCSale/txt_TaxAmount'

2021-06-22 01:07:19 - [MESSAGE][PASSED] - Object 'Object Repository/VLink/Page_CCSale/txt_ChargeDescription' is present

2021-06-22 01:07:19 - [MESSAGE][PASSED] - Text '' is set on object 'Object Repository/VLink/Page_CCSale/txt_ChargeDescription'

2021-06-22 01:07:20 - [MESSAGE][PASSED] - Object 'Object Repository/VLink/Page_CCSale/txt_CAN' is present

2021-06-22 01:07:20 - [MESSAGE][PASSED] - Text '' is set on object 'Object Repository/VLink/Page_CCSale/txt_CAN'

2021-06-22 01:07:21 - [MESSAGE][PASSED] - Object 'Object Repository/VLink/Page_CCSale/txt_BillPaymentIndicator' is present

2021-06-22 01:07:21 - [MESSAGE][PASSED] - Text '' is set on object 'Object Repository/VLink/Page_CCSale/txt_BillPaymentIndicator'

2021-06-22 01:07:22 - [MESSAGE][PASSED] - Object 'Object Repository/VLink/Page_CCSale/txt_UDF1' is present

2021-06-22 01:07:22 - [MESSAGE][PASSED] - Text '' is set on object 'Object Repository/VLink/Page_CCSale/txt_UDF1'

2021-06-22 01:07:23 - [MESSAGE][PASSED] - Object 'Object Repository/VLink/Page_CCSale/txt_UDF2' is present

2021-06-22 01:07:23 - [MESSAGE][PASSED] - Text '' is set on object 'Object Repository/VLink/Page_CCSale/txt_UDF2'

2021-06-22 01:07:24 - [MESSAGE][PASSED] - Object 'Object Repository/VLink/Page_CCSale/txt_UDF3' is present

2021-06-22 01:07:24 - [MESSAGE][PASSED] - Text '' is set on object 'Object Repository/VLink/Page_CCSale/txt_UDF3'

2021-06-22 01:07:25 - [MESSAGE][PASSED] - Object 'Object Repository/VLink/Page_CCSale/txt_UDF4' is present

2021-06-22 01:07:25 - [MESSAGE][PASSED] - Text '' is set on object 'Object Repository/VLink/Page_CCSale/txt_UDF4'

2021-06-22 01:07:26 - [MESSAGE][PASSED] - Object 'Object Repository/VLink/Page_CCSale/txt_UDF5' is present

2021-06-22 01:07:26 - [MESSAGE][PASSED] - Text '' is set on object 'Object Repository/VLink/Page_CCSale/txt_UDF5'

2021-06-22 01:07:26 - [MESSAGE][PASSED] - Object 'Object Repository/VLink/Page_CCSale/txt_UDF6' is present

2021-06-22 01:07:27 - [MESSAGE][PASSED] - Text '' is set on object 'Object Repository/VLink/Page_CCSale/txt_UDF6'

2021-06-22 01:07:27 - [MESSAGE][PASSED] - Object 'Object Repository/VLink/Page_CCSale/txt_UDF7' is present

2021-06-22 01:07:28 - [MESSAGE][PASSED] - Text '' is set on object 'Object Repository/VLink/Page_CCSale/txt_UDF7'

2021-06-22 01:07:28 - [MESSAGE][PASSED] - Object 'Object Repository/VLink/Page_CCSale/txt_UDF8' is present

2021-06-22 01:07:29 - [MESSAGE][PASSED] - Text '' is set on object 'Object Repository/VLink/Page_CCSale/txt_UDF8'

2021-06-22 01:07:29 - [MESSAGE][PASSED] - Object 'Object Repository/VLink/Page_CCSale/txt_UDF9' is present

2021-06-22 01:07:30 - [MESSAGE][PASSED] - Text '' is set on object 'Object Repository/VLink/Page_CCSale/txt_UDF9'

2021-06-22 01:07:30 - [MESSAGE][PASSED] - Object 'Object Repository/VLink/Page_CCSale/txt_UDF10' is present

2021-06-22 01:07:31 - [MESSAGE][PASSED] - Text '' is set on object 'Object Repository/VLink/Page_CCSale/txt_UDF10'

2021-06-22 01:07:31 - [MESSAGE][PASSED] - Object 'Object Repository/VLink/Page_CCSale/txt_CardOnFileIndicator' is present

2021-06-22 01:07:32 - [MESSAGE][PASSED] - Text '' is set on object 'Object Repository/VLink/Page_CCSale/txt_CardOnFileIndicator'

2021-06-22 01:07:32 - [MESSAGE][PASSED] - Object 'Object Repository/VLink/Page_CCSale/txt_StoredCredentialIndicator' is present

2021-06-22 01:07:33 - [MESSAGE][PASSED] - Text '' is set on object 'Object Repository/VLink/Page_CCSale/txt_StoredCredentialIndicator'

2021-06-22 01:07:33 - [MESSAGE][PASSED] - Object 'Object Repository/VLink/Page_CCSale/txt_COFScheduledIndicator' is present

2021-06-22 01:07:34 - [MESSAGE][PASSED] - Text '' is set on object 'Object Repository/VLink/Page_CCSale/txt_COFScheduledIndicator'

2021-06-22 01:07:34 - [MESSAGE][PASSED] - Object 'Object Repository/VLink/Page_CCSale/txt_COFTransactionInitiatedBy' is present

2021-06-22 01:07:35 - [MESSAGE][PASSED] - Text '' is set on object 'Object Repository/VLink/Page_CCSale/txt_COFTransactionInitiatedBy'

2021-06-22 01:07:37 - [MESSAGE][PASSED] - Object: 'Object Repository/VLink/Page_CCSale/btn_ProcessVLinkTransaction' is clicked on

2021-06-22 01:07:42 - [MESSAGE][PASSED] - vlinkPages.saleCCPage.setDataSCC is PASSED

2021-06-22 01:07:42 - [TEST_STEP][PASSED] - if (verifyTextPresent("Transaction approved, no errors", true)): null

2021-06-22 01:07:43 - [MESSAGE][PASSED] - Text 'Transaction approved, no errors' is present on page  using regular expression

2021-06-22 01:07:43 - [TEST_STEP][PASSED] - println("Transaction Approved, no errors text is present on the Confirmation page"): null

2021-06-22 01:07:43 - [TEST_STEP][PASSED] - out.println("Pass Record Number: " + row): null

2021-06-22 01:07:43 - [TEST_STEP][PASSED] - resText = "Pass": null

2021-06-22 01:07:43 - [TEST_STEP][PASSED] - pages.WriteExcel.demoKey(resText, datText, resColumn, datCloumn, fileLoc, nameSheet, row): pages.WriteExcel.demoKey is PASSED

2021-06-22 01:07:43 - [MESSAGE][PASSED] - pages.WriteExcel.demoKey is PASSED

2021-06-22 01:07:43 - [TEST_STEP][PASSED] - sdfo = getText(findTestObject("Object Repository/Page_VLinkReceipt/pre_STX")): Text of object 'Object Repository/Page_VLinkReceipt/pre_STX' is: '<STX>hxnzRWrc8oGj                  12098342            0  Transaction approved, no errors                   0                                                                                  X OK5065   <ETX>'

2021-06-22 01:07:43 - [MESSAGE][PASSED] - Text of object 'Object Repository/Page_VLinkReceipt/pre_STX' is: '<STX>hxnzRWrc8oGj                  12098342            0  Transaction approved, no errors                   0                                                                                  X OK5065   <ETX>'

2021-06-22 01:07:43 - [TEST_STEP][PASSED] - out.println("sdfo: " + sdfo): null

2021-06-22 01:07:43 - [TEST_STEP][PASSED] - remID = substring(5, 35).trim(): null

2021-06-22 01:07:43 - [TEST_STEP][PASSED] - out.println("Remittance ID: " + remID): null

2021-06-22 01:07:43 - [TEST_STEP][PASSED] - traxID = substring(35, 55).trim(): null

2021-06-22 01:07:43 - [TEST_STEP][PASSED] - out.println("Transaction ID: " + traxID): null

2021-06-22 01:07:43 - [TEST_STEP][PASSED] - out.println("End Record Number: " + row): null

2021-06-22 01:07:43 - [TEST_STEP][PASSED] - closeBrowser(): Browser is closed

2021-06-22 01:07:44 - [MESSAGE][PASSED] - Browser is closed

2021-06-22 01:07:44 - [TEST_STEP][PASSED] - out.println("Begin Record Number: " + row): null

2021-06-22 01:07:44 - [TEST_STEP][PASSED] - today = new java.util.Date(): null

2021-06-22 01:07:44 - [TEST_STEP][PASSED] - println(today): null

2021-06-22 01:07:44 - [TEST_STEP][PASSED] - datText = today: null

2021-06-22 01:07:44 - [TEST_STEP][PASSED] - openBrowser(VLinkURL + "authcap.html"): Browser is opened with url: 'https://dev-algorithm.govolution.com/vlinktest/QA/version_2_0/authcap.html'

2021-06-22 01:07:44 - [MESSAGE][INFO] - Starting 'Chrome' driver

2021-06-22 01:07:44 - [MESSAGE][INFO] - User set preference: ['acceptInsecureCerts', 'true']

2021-06-22 01:07:44 - [MESSAGE][INFO] - Action delay is set to 0 milliseconds

2021-06-22 01:07:45 - [MESSAGE][PASSED] - Browser is opened with url: 'https://dev-algorithm.govolution.com/vlinktest/QA/version_2_0/authcap.html'

2021-06-22 01:07:45 - [TEST_STEP][PASSED] - maximizeWindow(): Current window maximized

2021-06-22 01:07:46 - [MESSAGE][PASSED] - Current window maximized

2021-06-22 01:07:46 - [TEST_STEP][PASSED] - vlinkPages.saleCCPage.setDataSCC(row, dataFile): vlinkPages.saleCCPage.setDataSCC is PASSED

2021-06-22 01:07:48 - [MESSAGE][PASSED] - Object 'Object Repository/VLink/Page_CCSale/txt_CardNumber' is present

2021-06-22 01:07:48 - [MESSAGE][PASSED] - Object 'Object Repository/VLink/Page_CCSale/txt_TransactionType' is present

2021-06-22 01:07:48 - [MESSAGE][PASSED] - Text '104' is set on object 'Object Repository/VLink/Page_CCSale/txt_TransactionType'

2021-06-22 01:07:49 - [MESSAGE][PASSED] - Object 'Object Repository/VLink/Page_CCSale/txt_MessageVersion' is present

2021-06-22 01:07:49 - [MESSAGE][PASSED] - Text '2.0C' is set on object 'Object Repository/VLink/Page_CCSale/txt_MessageVersion'

2021-06-22 01:07:50 - [MESSAGE][PASSED] - Object 'Object Repository/VLink/Page_CCSale/txt_RemID' is present

2021-06-22 01:07:50 - [MESSAGE][PASSED] - Text 'aSRUVuJxnbRd' is set on object 'Object Repository/VLink/Page_CCSale/txt_RemID'

2021-06-22 01:07:51 - [MESSAGE][PASSED] - Object 'Object Repository/VLink/Page_CCSale/txt_ApplicationId' is present

2021-06-22 01:07:51 - [MESSAGE][PASSED] - Text '677' is set on object 'Object Repository/VLink/Page_CCSale/txt_ApplicationId'

2021-06-22 01:07:51 - [MESSAGE][PASSED] - Object 'Object Repository/VLink/Page_CCSale/txt_Username' is present

2021-06-22 01:07:52 - [MESSAGE][PASSED] - Text 'username' is set on object 'Object Repository/VLink/Page_CCSale/txt_Username'

2021-06-22 01:07:52 - [MESSAGE][PASSED] - Object 'Object Repository/VLink/Page_CCSale/txt_Password' is present

2021-06-22 01:07:53 - [MESSAGE][PASSED] - Text 'password' is set on object 'Object Repository/VLink/Page_CCSale/txt_Password'

2021-06-22 01:07:53 - [MESSAGE][PASSED] - Object 'Object Repository/VLink/Page_CCSale/txt_ResponseFormat' is present

2021-06-22 01:07:54 - [MESSAGE][PASSED] - Text 'fixed_width' is set on object 'Object Repository/VLink/Page_CCSale/txt_ResponseFormat'

2021-06-22 01:07:54 - [MESSAGE][PASSED] - Object 'Object Repository/VLink/Page_CCSale/txt_Category' is present

2021-06-22 01:07:55 - [MESSAGE][PASSED] - Text 'MOTO' is set on object 'Object Repository/VLink/Page_CCSale/txt_Category'

2021-06-22 01:07:55 - [MESSAGE][PASSED] - Object 'Object Repository/VLink/Page_CCSale/txt_TransactionID' is present

2021-06-22 01:07:56 - [MESSAGE][PASSED] - Text '' is set on object 'Object Repository/VLink/Page_CCSale/txt_TransactionID'

2021-06-22 01:07:56 - [MESSAGE][PASSED] - Object 'Object Repository/VLink/Page_CCSale/txt_ApprovalCode' is present

2021-06-22 01:07:57 - [MESSAGE][PASSED] - Text '' is set on object 'Object Repository/VLink/Page_CCSale/txt_ApprovalCode'

2021-06-22 01:07:57 - [MESSAGE][PASSED] - Object 'Object Repository/VLink/Page_CCSale/txt_CardName' is present

2021-06-22 01:07:57 - [MESSAGE][PASSED] - Text 'Roshan Maha' is set on object 'Object Repository/VLink/Page_CCSale/txt_CardName'

2021-06-22 01:07:58 - [MESSAGE][PASSED] - Object 'Object Repository/VLink/Page_CCSale/txt_AL1' is present

2021-06-22 01:07:58 - [MESSAGE][PASSED] - Text '12563 Bazaar road' is set on object 'Object Repository/VLink/Page_CCSale/txt_AL1'

2021-06-22 01:07:59 - [MESSAGE][PASSED] - Object 'Object Repository/VLink/Page_CCSale/txt_AL2' is present

2021-06-22 01:07:59 - [MESSAGE][PASSED] - Text '' is set on object 'Object Repository/VLink/Page_CCSale/txt_AL2'

2021-06-22 01:08:00 - [MESSAGE][PASSED] - Object 'Object Repository/VLink/Page_CCSale/txt_CardCity' is present

2021-06-22 01:08:00 - [MESSAGE][PASSED] - Text 'Crofton' is set on object 'Object Repository/VLink/Page_CCSale/txt_CardCity'

2021-06-22 01:08:01 - [MESSAGE][PASSED] - Object 'Object Repository/VLink/Page_CCSale/txt_CardState' is present

2021-06-22 01:08:01 - [MESSAGE][PASSED] - Text 'MD' is set on object 'Object Repository/VLink/Page_CCSale/txt_CardState'

2021-06-22 01:08:02 - [MESSAGE][PASSED] - Object 'Object Repository/VLink/Page_CCSale/txt_CardZIP' is present

2021-06-22 01:08:02 - [MESSAGE][PASSED] - Text '21114' is set on object 'Object Repository/VLink/Page_CCSale/txt_CardZIP'

2021-06-22 01:08:03 - [MESSAGE][PASSED] - Object 'Object Repository/VLink/Page_CCSale/txt_CountryID' is present

2021-06-22 01:08:03 - [MESSAGE][PASSED] - Text '' is set on object 'Object Repository/VLink/Page_CCSale/txt_CountryID'

2021-06-22 01:08:04 - [MESSAGE][PASSED] - Object 'Object Repository/VLink/Page_CCSale/txt_Amount' is present

2021-06-22 01:08:04 - [MESSAGE][PASSED] - Text '3.50' is set on object 'Object Repository/VLink/Page_CCSale/txt_Amount'

2021-06-22 01:08:05 - [MESSAGE][PASSED] - Object 'Object Repository/VLink/Page_CCSale/txt_CardNumber' is present

2021-06-22 01:08:05 - [MESSAGE][PASSED] - Text '370000000000002' is set on object 'Object Repository/VLink/Page_CCSale/txt_CardNumber'

2021-06-22 01:08:06 - [MESSAGE][PASSED] - Object 'Object Repository/VLink/Page_CCSale/txt_ExpMonth' is present

2021-06-22 01:08:06 - [MESSAGE][PASSED] - Text '01' is set on object 'Object Repository/VLink/Page_CCSale/txt_ExpMonth'

2021-06-22 01:08:07 - [MESSAGE][PASSED] - Object 'Object Repository/VLink/Page_CCSale/txt_ExpYear' is present

2021-06-22 01:08:07 - [MESSAGE][PASSED] - Text '2026' is set on object 'Object Repository/VLink/Page_CCSale/txt_ExpYear'

2021-06-22 01:08:08 - [MESSAGE][PASSED] - Object 'Object Repository/VLink/Page_CCSale/txt_CVV' is present

2021-06-22 01:08:08 - [MESSAGE][PASSED] - Text '' is set on object 'Object Repository/VLink/Page_CCSale/txt_CVV'

2021-06-22 01:08:09 - [MESSAGE][PASSED] - Object 'Object Repository/VLink/Page_CCSale/txt_CVVstate' is present

2021-06-22 01:08:09 - [MESSAGE][PASSED] - Text '' is set on object 'Object Repository/VLink/Page_CCSale/txt_CVVstate'

2021-06-22 01:08:10 - [MESSAGE][PASSED] - Object 'Object Repository/VLink/Page_CCSale/txt_TrackData' is present

2021-06-22 01:08:10 - [MESSAGE][PASSED] - Text '' is set on object 'Object Repository/VLink/Page_CCSale/txt_TrackData'

2021-06-22 01:08:10 - [MESSAGE][PASSED] - Object 'Object Repository/VLink/Page_CCSale/txt_Track1Data' is present

2021-06-22 01:08:11 - [MESSAGE][PASSED] - Text '' is set on object 'Object Repository/VLink/Page_CCSale/txt_Track1Data'

2021-06-22 01:08:11 - [MESSAGE][PASSED] - Object 'Object Repository/VLink/Page_CCSale/txt_Track2Data' is present

2021-06-22 01:08:12 - [MESSAGE][PASSED] - Text '' is set on object 'Object Repository/VLink/Page_CCSale/txt_Track2Data'

2021-06-22 01:08:12 - [MESSAGE][PASSED] - Object 'Object Repository/VLink/Page_CCSale/txt_POSEntryMode' is present

2021-06-22 01:08:13 - [MESSAGE][PASSED] - Text 'manual' is set on object 'Object Repository/VLink/Page_CCSale/txt_POSEntryMode'

2021-06-22 01:08:13 - [MESSAGE][PASSED] - Object 'Object Repository/VLink/Page_CCSale/txt_Email' is present

2021-06-22 01:08:14 - [MESSAGE][PASSED] - Text '' is set on object 'Object Repository/VLink/Page_CCSale/txt_Email'

2021-06-22 01:08:14 - [MESSAGE][PASSED] - Object 'Object Repository/VLink/Page_CCSale/txt_OrderNumber' is present

2021-06-22 01:08:15 - [MESSAGE][PASSED] - Text '' is set on object 'Object Repository/VLink/Page_CCSale/txt_OrderNumber'

2021-06-22 01:08:15 - [MESSAGE][PASSED] - Object 'Object Repository/VLink/Page_CCSale/txt_TaxAmount' is present

2021-06-22 01:08:16 - [MESSAGE][PASSED] - Text '' is set on object 'Object Repository/VLink/Page_CCSale/txt_TaxAmount'

2021-06-22 01:08:16 - [MESSAGE][PASSED] - Object 'Object Repository/VLink/Page_CCSale/txt_ChargeDescription' is present

2021-06-22 01:08:17 - [MESSAGE][PASSED] - Text '' is set on object 'Object Repository/VLink/Page_CCSale/txt_ChargeDescription'

2021-06-22 01:08:17 - [MESSAGE][PASSED] - Object 'Object Repository/VLink/Page_CCSale/txt_CAN' is present

2021-06-22 01:08:18 - [MESSAGE][PASSED] - Text '' is set on object 'Object Repository/VLink/Page_CCSale/txt_CAN'

2021-06-22 01:08:18 - [MESSAGE][PASSED] - Object 'Object Repository/VLink/Page_CCSale/txt_BillPaymentIndicator' is present

2021-06-22 01:08:19 - [MESSAGE][PASSED] - Text '' is set on object 'Object Repository/VLink/Page_CCSale/txt_BillPaymentIndicator'

2021-06-22 01:08:19 - [MESSAGE][PASSED] - Object 'Object Repository/VLink/Page_CCSale/txt_UDF1' is present

2021-06-22 01:08:20 - [MESSAGE][PASSED] - Text '' is set on object 'Object Repository/VLink/Page_CCSale/txt_UDF1'

2021-06-22 01:08:20 - [MESSAGE][PASSED] - Object 'Object Repository/VLink/Page_CCSale/txt_UDF2' is present

2021-06-22 01:08:21 - [MESSAGE][PASSED] - Text '' is set on object 'Object Repository/VLink/Page_CCSale/txt_UDF2'

2021-06-22 01:08:21 - [MESSAGE][PASSED] - Object 'Object Repository/VLink/Page_CCSale/txt_UDF3' is present

2021-06-22 01:08:22 - [MESSAGE][PASSED] - Text '' is set on object 'Object Repository/VLink/Page_CCSale/txt_UDF3'

2021-06-22 01:08:22 - [MESSAGE][PASSED] - Object 'Object Repository/VLink/Page_CCSale/txt_UDF4' is present

2021-06-22 01:08:23 - [MESSAGE][PASSED] - Text '' is set on object 'Object Repository/VLink/Page_CCSale/txt_UDF4'

2021-06-22 01:08:23 - [MESSAGE][PASSED] - Object 'Object Repository/VLink/Page_CCSale/txt_UDF5' is present

2021-06-22 01:08:24 - [MESSAGE][PASSED] - Text '' is set on object 'Object Repository/VLink/Page_CCSale/txt_UDF5'

2021-06-22 01:08:24 - [MESSAGE][PASSED] - Object 'Object Repository/VLink/Page_CCSale/txt_UDF6' is present

2021-06-22 01:08:25 - [MESSAGE][PASSED] - Text '' is set on object 'Object Repository/VLink/Page_CCSale/txt_UDF6'

2021-06-22 01:08:25 - [MESSAGE][PASSED] - Object 'Object Repository/VLink/Page_CCSale/txt_UDF7' is present

2021-06-22 01:08:26 - [MESSAGE][PASSED] - Text '' is set on object 'Object Repository/VLink/Page_CCSale/txt_UDF7'

2021-06-22 01:08:26 - [MESSAGE][PASSED] - Object 'Object Repository/VLink/Page_CCSale/txt_UDF8' is present

2021-06-22 01:08:27 - [MESSAGE][PASSED] - Text '' is set on object 'Object Repository/VLink/Page_CCSale/txt_UDF8'

2021-06-22 01:08:27 - [MESSAGE][PASSED] - Object 'Object Repository/VLink/Page_CCSale/txt_UDF9' is present

2021-06-22 01:08:28 - [MESSAGE][PASSED] - Text '' is set on object 'Object Repository/VLink/Page_CCSale/txt_UDF9'

2021-06-22 01:08:28 - [MESSAGE][PASSED] - Object 'Object Repository/VLink/Page_CCSale/txt_UDF10' is present

2021-06-22 01:08:29 - [MESSAGE][PASSED] - Text '' is set on object 'Object Repository/VLink/Page_CCSale/txt_UDF10'

2021-06-22 01:08:29 - [MESSAGE][PASSED] - Object 'Object Repository/VLink/Page_CCSale/txt_CardOnFileIndicator' is present

2021-06-22 01:08:30 - [MESSAGE][PASSED] - Text '' is set on object 'Object Repository/VLink/Page_CCSale/txt_CardOnFileIndicator'

2021-06-22 01:08:30 - [MESSAGE][PASSED] - Object 'Object Repository/VLink/Page_CCSale/txt_StoredCredentialIndicator' is present

2021-06-22 01:08:31 - [MESSAGE][PASSED] - Text '' is set on object 'Object Repository/VLink/Page_CCSale/txt_StoredCredentialIndicator'

2021-06-22 01:08:31 - [MESSAGE][PASSED] - Object 'Object Repository/VLink/Page_CCSale/txt_COFScheduledIndicator' is present

2021-06-22 01:08:32 - [MESSAGE][PASSED] - Text '' is set on object 'Object Repository/VLink/Page_CCSale/txt_COFScheduledIndicator'

2021-06-22 01:08:32 - [MESSAGE][PASSED] - Object 'Object Repository/VLink/Page_CCSale/txt_COFTransactionInitiatedBy' is present

2021-06-22 01:08:33 - [MESSAGE][PASSED] - Text '' is set on object 'Object Repository/VLink/Page_CCSale/txt_COFTransactionInitiatedBy'

2021-06-22 01:08:36 - [MESSAGE][PASSED] - Object: 'Object Repository/VLink/Page_CCSale/btn_ProcessVLinkTransaction' is clicked on

2021-06-22 01:08:41 - [MESSAGE][PASSED] - vlinkPages.saleCCPage.setDataSCC is PASSED

2021-06-22 01:08:41 - [TEST_STEP][PASSED] - if (verifyTextPresent("Transaction approved, no errors", true)): null

2021-06-22 01:08:41 - [MESSAGE][PASSED] - Text 'Transaction approved, no errors' is present on page  using regular expression

2021-06-22 01:08:41 - [TEST_STEP][PASSED] - println("Transaction Approved, no errors text is present on the Confirmation page"): null

2021-06-22 01:08:41 - [TEST_STEP][PASSED] - out.println("Pass Record Number: " + row): null

2021-06-22 01:08:41 - [TEST_STEP][PASSED] - resText = "Pass": null

2021-06-22 01:08:41 - [TEST_STEP][PASSED] - pages.WriteExcel.demoKey(resText, datText, resColumn, datCloumn, fileLoc, nameSheet, row): pages.WriteExcel.demoKey is PASSED

2021-06-22 01:08:41 - [MESSAGE][PASSED] - pages.WriteExcel.demoKey is PASSED

2021-06-22 01:08:41 - [TEST_STEP][PASSED] - sdfo = getText(findTestObject("Object Repository/Page_VLinkReceipt/pre_STX")): Text of object 'Object Repository/Page_VLinkReceipt/pre_STX' is: '<STX>aSRUVuJxnbRd                  12098343            0  Transaction approved, no errors                   0                                                                                  X OK5275   <ETX>'

2021-06-22 01:08:42 - [MESSAGE][PASSED] - Text of object 'Object Repository/Page_VLinkReceipt/pre_STX' is: '<STX>aSRUVuJxnbRd                  12098343            0  Transaction approved, no errors                   0                                                                                  X OK5275   <ETX>'

2021-06-22 01:08:42 - [TEST_STEP][PASSED] - out.println("sdfo: " + sdfo): null

2021-06-22 01:08:42 - [TEST_STEP][PASSED] - remID = substring(5, 35).trim(): null

2021-06-22 01:08:42 - [TEST_STEP][PASSED] - out.println("Remittance ID: " + remID): null

2021-06-22 01:08:42 - [TEST_STEP][PASSED] - traxID = substring(35, 55).trim(): null

2021-06-22 01:08:42 - [TEST_STEP][PASSED] - out.println("Transaction ID: " + traxID): null

2021-06-22 01:08:42 - [TEST_STEP][PASSED] - out.println("End Record Number: " + row): null

2021-06-22 01:08:42 - [TEST_STEP][PASSED] - closeBrowser(): Browser is closed

2021-06-22 01:08:42 - [MESSAGE][PASSED] - Browser is closed

2021-06-22 01:08:42 - [TEST_STEP][PASSED] - out.println("Begin Record Number: " + row): null

2021-06-22 01:08:42 - [TEST_STEP][PASSED] - today = new java.util.Date(): null

2021-06-22 01:08:42 - [TEST_STEP][PASSED] - println(today): null

2021-06-22 01:08:42 - [TEST_STEP][PASSED] - datText = today: null

2021-06-22 01:08:42 - [TEST_STEP][PASSED] - openBrowser(VLinkURL + "authcap.html"): Browser is opened with url: 'https://dev-algorithm.govolution.com/vlinktest/QA/version_2_0/authcap.html'

2021-06-22 01:08:42 - [MESSAGE][INFO] - Starting 'Chrome' driver

2021-06-22 01:08:42 - [MESSAGE][INFO] - User set preference: ['acceptInsecureCerts', 'true']

2021-06-22 01:08:42 - [MESSAGE][INFO] - Action delay is set to 0 milliseconds

2021-06-22 01:08:44 - [MESSAGE][PASSED] - Browser is opened with url: 'https://dev-algorithm.govolution.com/vlinktest/QA/version_2_0/authcap.html'

2021-06-22 01:08:44 - [TEST_STEP][PASSED] - maximizeWindow(): Current window maximized

2021-06-22 01:08:44 - [MESSAGE][PASSED] - Current window maximized

2021-06-22 01:08:44 - [TEST_STEP][PASSED] - vlinkPages.saleCCPage.setDataSCC(row, dataFile): vlinkPages.saleCCPage.setDataSCC is PASSED

2021-06-22 01:08:46 - [MESSAGE][PASSED] - Object 'Object Repository/VLink/Page_CCSale/txt_CardNumber' is present

2021-06-22 01:08:47 - [MESSAGE][PASSED] - Object 'Object Repository/VLink/Page_CCSale/txt_TransactionType' is present

2021-06-22 01:08:47 - [MESSAGE][PASSED] - Text '104' is set on object 'Object Repository/VLink/Page_CCSale/txt_TransactionType'

2021-06-22 01:08:47 - [MESSAGE][PASSED] - Object 'Object Repository/VLink/Page_CCSale/txt_MessageVersion' is present

2021-06-22 01:08:48 - [MESSAGE][PASSED] - Text '2.0C' is set on object 'Object Repository/VLink/Page_CCSale/txt_MessageVersion'

2021-06-22 01:08:48 - [MESSAGE][PASSED] - Object 'Object Repository/VLink/Page_CCSale/txt_RemID' is present

2021-06-22 01:08:49 - [MESSAGE][PASSED] - Text 'mFSoIWwn498Z' is set on object 'Object Repository/VLink/Page_CCSale/txt_RemID'

2021-06-22 01:08:49 - [MESSAGE][PASSED] - Object 'Object Repository/VLink/Page_CCSale/txt_ApplicationId' is present

2021-06-22 01:08:50 - [MESSAGE][PASSED] - Text '665' is set on object 'Object Repository/VLink/Page_CCSale/txt_ApplicationId'

2021-06-22 01:08:50 - [MESSAGE][PASSED] - Object 'Object Repository/VLink/Page_CCSale/txt_Username' is present

2021-06-22 01:08:51 - [MESSAGE][PASSED] - Text 'username' is set on object 'Object Repository/VLink/Page_CCSale/txt_Username'

2021-06-22 01:08:51 - [MESSAGE][PASSED] - Object 'Object Repository/VLink/Page_CCSale/txt_Password' is present

2021-06-22 01:08:52 - [MESSAGE][PASSED] - Text 'password' is set on object 'Object Repository/VLink/Page_CCSale/txt_Password'

2021-06-22 01:08:52 - [MESSAGE][PASSED] - Object 'Object Repository/VLink/Page_CCSale/txt_ResponseFormat' is present

2021-06-22 01:08:53 - [MESSAGE][PASSED] - Text 'fixed_width' is set on object 'Object Repository/VLink/Page_CCSale/txt_ResponseFormat'

2021-06-22 01:08:53 - [MESSAGE][PASSED] - Object 'Object Repository/VLink/Page_CCSale/txt_Category' is present

2021-06-22 01:08:53 - [MESSAGE][PASSED] - Text 'MOTO' is set on object 'Object Repository/VLink/Page_CCSale/txt_Category'

2021-06-22 01:08:54 - [MESSAGE][PASSED] - Object 'Object Repository/VLink/Page_CCSale/txt_TransactionID' is present

2021-06-22 01:08:54 - [MESSAGE][PASSED] - Text '' is set on object 'Object Repository/VLink/Page_CCSale/txt_TransactionID'

2021-06-22 01:08:55 - [MESSAGE][PASSED] - Object 'Object Repository/VLink/Page_CCSale/txt_ApprovalCode' is present

2021-06-22 01:08:55 - [MESSAGE][PASSED] - Text '' is set on object 'Object Repository/VLink/Page_CCSale/txt_ApprovalCode'

2021-06-22 01:08:56 - [MESSAGE][PASSED] - Object 'Object Repository/VLink/Page_CCSale/txt_CardName' is present

2021-06-22 01:08:56 - [MESSAGE][PASSED] - Text 'Kris Roshan' is set on object 'Object Repository/VLink/Page_CCSale/txt_CardName'

2021-06-22 01:08:57 - [MESSAGE][PASSED] - Object 'Object Repository/VLink/Page_CCSale/txt_AL1' is present

2021-06-22 01:08:57 - [MESSAGE][PASSED] - Text '258 Elm Road' is set on object 'Object Repository/VLink/Page_CCSale/txt_AL1'

2021-06-22 01:08:58 - [MESSAGE][PASSED] - Object 'Object Repository/VLink/Page_CCSale/txt_AL2' is present

2021-06-22 01:08:58 - [MESSAGE][PASSED] - Text 'Suite 56' is set on object 'Object Repository/VLink/Page_CCSale/txt_AL2'

2021-06-22 01:08:59 - [MESSAGE][PASSED] - Object 'Object Repository/VLink/Page_CCSale/txt_CardCity' is present

2021-06-22 01:08:59 - [MESSAGE][PASSED] - Text 'Arlington' is set on object 'Object Repository/VLink/Page_CCSale/txt_CardCity'

2021-06-22 01:09:00 - [MESSAGE][PASSED] - Object 'Object Repository/VLink/Page_CCSale/txt_CardState' is present

2021-06-22 01:09:00 - [MESSAGE][PASSED] - Text 'VA' is set on object 'Object Repository/VLink/Page_CCSale/txt_CardState'

2021-06-22 01:09:01 - [MESSAGE][PASSED] - Object 'Object Repository/VLink/Page_CCSale/txt_CardZIP' is present

2021-06-22 01:09:01 - [MESSAGE][PASSED] - Text '22201' is set on object 'Object Repository/VLink/Page_CCSale/txt_CardZIP'

2021-06-22 01:09:02 - [MESSAGE][PASSED] - Object 'Object Repository/VLink/Page_CCSale/txt_CountryID' is present

2021-06-22 01:09:02 - [MESSAGE][PASSED] - Text '840' is set on object 'Object Repository/VLink/Page_CCSale/txt_CountryID'

2021-06-22 01:09:03 - [MESSAGE][PASSED] - Object 'Object Repository/VLink/Page_CCSale/txt_Amount' is present

2021-06-22 01:09:03 - [MESSAGE][PASSED] - Text '1.50' is set on object 'Object Repository/VLink/Page_CCSale/txt_Amount'

2021-06-22 01:09:04 - [MESSAGE][PASSED] - Object 'Object Repository/VLink/Page_CCSale/txt_CardNumber' is present

2021-06-22 01:09:04 - [MESSAGE][PASSED] - Text '6011000000000004' is set on object 'Object Repository/VLink/Page_CCSale/txt_CardNumber'

2021-06-22 01:09:05 - [MESSAGE][PASSED] - Object 'Object Repository/VLink/Page_CCSale/txt_ExpMonth' is present

2021-06-22 01:09:05 - [MESSAGE][PASSED] - Text '12' is set on object 'Object Repository/VLink/Page_CCSale/txt_ExpMonth'

2021-06-22 01:09:06 - [MESSAGE][PASSED] - Object 'Object Repository/VLink/Page_CCSale/txt_ExpYear' is present

2021-06-22 01:09:06 - [MESSAGE][PASSED] - Text '2025' is set on object 'Object Repository/VLink/Page_CCSale/txt_ExpYear'

2021-06-22 01:09:07 - [MESSAGE][PASSED] - Object 'Object Repository/VLink/Page_CCSale/txt_CVV' is present

2021-06-22 01:09:07 - [MESSAGE][PASSED] - Text '' is set on object 'Object Repository/VLink/Page_CCSale/txt_CVV'

2021-06-22 01:09:08 - [MESSAGE][PASSED] - Object 'Object Repository/VLink/Page_CCSale/txt_CVVstate' is present

2021-06-22 01:09:08 - [MESSAGE][PASSED] - Text '' is set on object 'Object Repository/VLink/Page_CCSale/txt_CVVstate'

2021-06-22 01:09:09 - [MESSAGE][PASSED] - Object 'Object Repository/VLink/Page_CCSale/txt_TrackData' is present

2021-06-22 01:09:09 - [MESSAGE][PASSED] - Text '' is set on object 'Object Repository/VLink/Page_CCSale/txt_TrackData'

2021-06-22 01:09:09 - [MESSAGE][PASSED] - Object 'Object Repository/VLink/Page_CCSale/txt_Track1Data' is present

2021-06-22 01:09:10 - [MESSAGE][PASSED] - Text '' is set on object 'Object Repository/VLink/Page_CCSale/txt_Track1Data'

2021-06-22 01:09:11 - [MESSAGE][PASSED] - Object 'Object Repository/VLink/Page_CCSale/txt_Track2Data' is present

2021-06-22 01:09:11 - [MESSAGE][PASSED] - Text '' is set on object 'Object Repository/VLink/Page_CCSale/txt_Track2Data'

2021-06-22 01:09:11 - [MESSAGE][PASSED] - Object 'Object Repository/VLink/Page_CCSale/txt_POSEntryMode' is present

2021-06-22 01:09:12 - [MESSAGE][PASSED] - Text 'manual' is set on object 'Object Repository/VLink/Page_CCSale/txt_POSEntryMode'

2021-06-22 01:09:13 - [MESSAGE][PASSED] - Object 'Object Repository/VLink/Page_CCSale/txt_Email' is present

2021-06-22 01:09:13 - [MESSAGE][PASSED] - Text 'iahmed@govolution.com' is set on object 'Object Repository/VLink/Page_CCSale/txt_Email'

2021-06-22 01:09:14 - [MESSAGE][PASSED] - Object 'Object Repository/VLink/Page_CCSale/txt_OrderNumber' is present

2021-06-22 01:09:14 - [MESSAGE][PASSED] - Text '2569362' is set on object 'Object Repository/VLink/Page_CCSale/txt_OrderNumber'

2021-06-22 01:09:15 - [MESSAGE][PASSED] - Object 'Object Repository/VLink/Page_CCSale/txt_TaxAmount' is present

2021-06-22 01:09:15 - [MESSAGE][PASSED] - Text '1.15' is set on object 'Object Repository/VLink/Page_CCSale/txt_TaxAmount'

2021-06-22 01:09:16 - [MESSAGE][PASSED] - Object 'Object Repository/VLink/Page_CCSale/txt_ChargeDescription' is present

2021-06-22 01:09:16 - [MESSAGE][PASSED] - Text 'Charge Description' is set on object 'Object Repository/VLink/Page_CCSale/txt_ChargeDescription'

2021-06-22 01:09:16 - [MESSAGE][PASSED] - Object 'Object Repository/VLink/Page_CCSale/txt_CAN' is present

2021-06-22 01:09:17 - [MESSAGE][PASSED] - Text '147357' is set on object 'Object Repository/VLink/Page_CCSale/txt_CAN'

2021-06-22 01:09:17 - [MESSAGE][PASSED] - Object 'Object Repository/VLink/Page_CCSale/txt_BillPaymentIndicator' is present

2021-06-22 01:09:18 - [MESSAGE][PASSED] - Text '1' is set on object 'Object Repository/VLink/Page_CCSale/txt_BillPaymentIndicator'

2021-06-22 01:09:18 - [MESSAGE][PASSED] - Object 'Object Repository/VLink/Page_CCSale/txt_UDF1' is present

2021-06-22 01:09:19 - [MESSAGE][PASSED] - Text 'UDF Data 1' is set on object 'Object Repository/VLink/Page_CCSale/txt_UDF1'

2021-06-22 01:09:19 - [MESSAGE][PASSED] - Object 'Object Repository/VLink/Page_CCSale/txt_UDF2' is present

2021-06-22 01:09:20 - [MESSAGE][PASSED] - Text 'UDF Data 2' is set on object 'Object Repository/VLink/Page_CCSale/txt_UDF2'

2021-06-22 01:09:20 - [MESSAGE][PASSED] - Object 'Object Repository/VLink/Page_CCSale/txt_UDF3' is present

2021-06-22 01:09:21 - [MESSAGE][PASSED] - Text 'UDF Data 3' is set on object 'Object Repository/VLink/Page_CCSale/txt_UDF3'

2021-06-22 01:09:21 - [MESSAGE][PASSED] - Object 'Object Repository/VLink/Page_CCSale/txt_UDF4' is present

2021-06-22 01:09:22 - [MESSAGE][PASSED] - Text 'UDF Data 4' is set on object 'Object Repository/VLink/Page_CCSale/txt_UDF4'

2021-06-22 01:09:22 - [MESSAGE][PASSED] - Object 'Object Repository/VLink/Page_CCSale/txt_UDF5' is present

2021-06-22 01:09:23 - [MESSAGE][PASSED] - Text 'UDF Data 5' is set on object 'Object Repository/VLink/Page_CCSale/txt_UDF5'

2021-06-22 01:09:23 - [MESSAGE][PASSED] - Object 'Object Repository/VLink/Page_CCSale/txt_UDF6' is present

2021-06-22 01:09:24 - [MESSAGE][PASSED] - Text 'UDF Data 6' is set on object 'Object Repository/VLink/Page_CCSale/txt_UDF6'

2021-06-22 01:09:24 - [MESSAGE][PASSED] - Object 'Object Repository/VLink/Page_CCSale/txt_UDF7' is present

2021-06-22 01:09:25 - [MESSAGE][PASSED] - Text 'UDF Data 7' is set on object 'Object Repository/VLink/Page_CCSale/txt_UDF7'

2021-06-22 01:09:25 - [MESSAGE][PASSED] - Object 'Object Repository/VLink/Page_CCSale/txt_UDF8' is present

2021-06-22 01:09:26 - [MESSAGE][PASSED] - Text 'UDF Data 8' is set on object 'Object Repository/VLink/Page_CCSale/txt_UDF8'

2021-06-22 01:09:26 - [MESSAGE][PASSED] - Object 'Object Repository/VLink/Page_CCSale/txt_UDF9' is present

2021-06-22 01:09:27 - [MESSAGE][PASSED] - Text 'UDF Data 9' is set on object 'Object Repository/VLink/Page_CCSale/txt_UDF9'

2021-06-22 01:09:27 - [MESSAGE][PASSED] - Object 'Object Repository/VLink/Page_CCSale/txt_UDF10' is present

2021-06-22 01:09:28 - [MESSAGE][PASSED] - Text 'UDF Data 10' is set on object 'Object Repository/VLink/Page_CCSale/txt_UDF10'

2021-06-22 01:09:28 - [MESSAGE][PASSED] - Object 'Object Repository/VLink/Page_CCSale/txt_CardOnFileIndicator' is present

2021-06-22 01:09:29 - [MESSAGE][PASSED] - Text '' is set on object 'Object Repository/VLink/Page_CCSale/txt_CardOnFileIndicator'

2021-06-22 01:09:29 - [MESSAGE][PASSED] - Object 'Object Repository/VLink/Page_CCSale/txt_StoredCredentialIndicator' is present

2021-06-22 01:09:30 - [MESSAGE][PASSED] - Text '' is set on object 'Object Repository/VLink/Page_CCSale/txt_StoredCredentialIndicator'

2021-06-22 01:09:30 - [MESSAGE][PASSED] - Object 'Object Repository/VLink/Page_CCSale/txt_COFScheduledIndicator' is present

2021-06-22 01:09:31 - [MESSAGE][PASSED] - Text '' is set on object 'Object Repository/VLink/Page_CCSale/txt_COFScheduledIndicator'

2021-06-22 01:09:31 - [MESSAGE][PASSED] - Object 'Object Repository/VLink/Page_CCSale/txt_COFTransactionInitiatedBy' is present

2021-06-22 01:09:32 - [MESSAGE][PASSED] - Text '' is set on object 'Object Repository/VLink/Page_CCSale/txt_COFTransactionInitiatedBy'

2021-06-22 01:09:35 - [MESSAGE][PASSED] - Object: 'Object Repository/VLink/Page_CCSale/btn_ProcessVLinkTransaction' is clicked on

2021-06-22 01:09:40 - [MESSAGE][PASSED] - vlinkPages.saleCCPage.setDataSCC is PASSED

2021-06-22 01:09:40 - [TEST_STEP][PASSED] - if (verifyTextPresent("Transaction approved, no errors", true)): null

2021-06-22 01:09:40 - [MESSAGE][PASSED] - Text 'Transaction approved, no errors' is present on page  using regular expression

2021-06-22 01:09:40 - [TEST_STEP][PASSED] - println("Transaction Approved, no errors text is present on the Confirmation page"): null

2021-06-22 01:09:40 - [TEST_STEP][PASSED] - out.println("Pass Record Number: " + row): null

2021-06-22 01:09:40 - [TEST_STEP][PASSED] - resText = "Pass": null

2021-06-22 01:09:40 - [TEST_STEP][PASSED] - pages.WriteExcel.demoKey(resText, datText, resColumn, datCloumn, fileLoc, nameSheet, row): pages.WriteExcel.demoKey is PASSED

2021-06-22 01:09:40 - [MESSAGE][PASSED] - pages.WriteExcel.demoKey is PASSED

2021-06-22 01:09:40 - [TEST_STEP][PASSED] - sdfo = getText(findTestObject("Object Repository/Page_VLinkReceipt/pre_STX")): Text of object 'Object Repository/Page_VLinkReceipt/pre_STX' is: '<STX>mFSoIWwn498Z                  12098345            0  Transaction approved, no errors                   0                                                                                  XXOK5455   <ETX>'

2021-06-22 01:09:41 - [MESSAGE][PASSED] - Text of object 'Object Repository/Page_VLinkReceipt/pre_STX' is: '<STX>mFSoIWwn498Z                  12098345            0  Transaction approved, no errors                   0                                                                                  XXOK5455   <ETX>'

2021-06-22 01:09:41 - [TEST_STEP][PASSED] - out.println("sdfo: " + sdfo): null

2021-06-22 01:09:41 - [TEST_STEP][PASSED] - remID = substring(5, 35).trim(): null

2021-06-22 01:09:41 - [TEST_STEP][PASSED] - out.println("Remittance ID: " + remID): null

2021-06-22 01:09:41 - [TEST_STEP][PASSED] - traxID = substring(35, 55).trim(): null

2021-06-22 01:09:41 - [TEST_STEP][PASSED] - out.println("Transaction ID: " + traxID): null

2021-06-22 01:09:41 - [TEST_STEP][PASSED] - out.println("End Record Number: " + row): null

2021-06-22 01:09:41 - [TEST_STEP][PASSED] - closeBrowser(): Browser is closed

2021-06-22 01:09:41 - [MESSAGE][PASSED] - Browser is closed

2021-06-22 01:09:41 - [TEST_STEP][PASSED] - out.println("Begin Record Number: " + row): null

2021-06-22 01:09:41 - [TEST_STEP][PASSED] - today = new java.util.Date(): null

2021-06-22 01:09:41 - [TEST_STEP][PASSED] - println(today): null

2021-06-22 01:09:41 - [TEST_STEP][PASSED] - datText = today: null

2021-06-22 01:09:41 - [TEST_STEP][PASSED] - openBrowser(VLinkURL + "authcap.html"): Browser is opened with url: 'https://dev-algorithm.govolution.com/vlinktest/QA/version_2_0/authcap.html'

2021-06-22 01:09:41 - [MESSAGE][INFO] - Starting 'Chrome' driver

2021-06-22 01:09:41 - [MESSAGE][INFO] - User set preference: ['acceptInsecureCerts', 'true']

2021-06-22 01:09:41 - [MESSAGE][INFO] - Action delay is set to 0 milliseconds

2021-06-22 01:09:43 - [MESSAGE][PASSED] - Browser is opened with url: 'https://dev-algorithm.govolution.com/vlinktest/QA/version_2_0/authcap.html'

2021-06-22 01:09:43 - [TEST_STEP][PASSED] - maximizeWindow(): Current window maximized

2021-06-22 01:09:43 - [MESSAGE][PASSED] - Current window maximized

2021-06-22 01:09:43 - [TEST_STEP][PASSED] - vlinkPages.saleCCPage.setDataSCC(row, dataFile): vlinkPages.saleCCPage.setDataSCC is PASSED

2021-06-22 01:09:45 - [MESSAGE][PASSED] - Object 'Object Repository/VLink/Page_CCSale/txt_CardNumber' is present

2021-06-22 01:09:45 - [MESSAGE][PASSED] - Object 'Object Repository/VLink/Page_CCSale/txt_TransactionType' is present

2021-06-22 01:09:46 - [MESSAGE][PASSED] - Text '104' is set on object 'Object Repository/VLink/Page_CCSale/txt_TransactionType'

2021-06-22 01:09:46 - [MESSAGE][PASSED] - Object 'Object Repository/VLink/Page_CCSale/txt_MessageVersion' is present

2021-06-22 01:09:47 - [MESSAGE][PASSED] - Text '2.0C' is set on object 'Object Repository/VLink/Page_CCSale/txt_MessageVersion'

2021-06-22 01:09:47 - [MESSAGE][PASSED] - Object 'Object Repository/VLink/Page_CCSale/txt_RemID' is present

2021-06-22 01:09:48 - [MESSAGE][PASSED] - Text 'zCQqjaAltJlN' is set on object 'Object Repository/VLink/Page_CCSale/txt_RemID'

2021-06-22 01:09:48 - [MESSAGE][PASSED] - Object 'Object Repository/VLink/Page_CCSale/txt_ApplicationId' is present

2021-06-22 01:09:49 - [MESSAGE][PASSED] - Text '672' is set on object 'Object Repository/VLink/Page_CCSale/txt_ApplicationId'

2021-06-22 01:09:49 - [MESSAGE][PASSED] - Object 'Object Repository/VLink/Page_CCSale/txt_Username' is present

2021-06-22 01:09:50 - [MESSAGE][PASSED] - Text 'username' is set on object 'Object Repository/VLink/Page_CCSale/txt_Username'

2021-06-22 01:09:50 - [MESSAGE][PASSED] - Object 'Object Repository/VLink/Page_CCSale/txt_Password' is present

2021-06-22 01:09:50 - [MESSAGE][PASSED] - Text 'password' is set on object 'Object Repository/VLink/Page_CCSale/txt_Password'

2021-06-22 01:09:51 - [MESSAGE][PASSED] - Object 'Object Repository/VLink/Page_CCSale/txt_ResponseFormat' is present

2021-06-22 01:09:51 - [MESSAGE][PASSED] - Text 'fixed_width' is set on object 'Object Repository/VLink/Page_CCSale/txt_ResponseFormat'

2021-06-22 01:09:52 - [MESSAGE][PASSED] - Object 'Object Repository/VLink/Page_CCSale/txt_Category' is present

2021-06-22 01:09:52 - [MESSAGE][PASSED] - Text 'MOTO' is set on object 'Object Repository/VLink/Page_CCSale/txt_Category'

2021-06-22 01:09:53 - [MESSAGE][PASSED] - Object 'Object Repository/VLink/Page_CCSale/txt_TransactionID' is present

2021-06-22 01:09:53 - [MESSAGE][PASSED] - Text '' is set on object 'Object Repository/VLink/Page_CCSale/txt_TransactionID'

2021-06-22 01:09:53 - [MESSAGE][PASSED] - Object 'Object Repository/VLink/Page_CCSale/txt_ApprovalCode' is present

2021-06-22 01:09:54 - [MESSAGE][PASSED] - Text '' is set on object 'Object Repository/VLink/Page_CCSale/txt_ApprovalCode'

2021-06-22 01:09:54 - [MESSAGE][PASSED] - Object 'Object Repository/VLink/Page_CCSale/txt_CardName' is present

2021-06-22 01:09:55 - [MESSAGE][PASSED] - Text 'Arvind Silva' is set on object 'Object Repository/VLink/Page_CCSale/txt_CardName'

2021-06-22 01:09:55 - [MESSAGE][PASSED] - Object 'Object Repository/VLink/Page_CCSale/txt_AL1' is present

2021-06-22 01:09:56 - [MESSAGE][PASSED] - Text '111 Main Ave' is set on object 'Object Repository/VLink/Page_CCSale/txt_AL1'

2021-06-22 01:09:56 - [MESSAGE][PASSED] - Object 'Object Repository/VLink/Page_CCSale/txt_AL2' is present

2021-06-22 01:09:57 - [MESSAGE][PASSED] - Text '' is set on object 'Object Repository/VLink/Page_CCSale/txt_AL2'

2021-06-22 01:09:57 - [MESSAGE][PASSED] - Object 'Object Repository/VLink/Page_CCSale/txt_CardCity' is present

2021-06-22 01:09:58 - [MESSAGE][PASSED] - Text 'Arlington' is set on object 'Object Repository/VLink/Page_CCSale/txt_CardCity'

2021-06-22 01:09:58 - [MESSAGE][PASSED] - Object 'Object Repository/VLink/Page_CCSale/txt_CardState' is present

2021-06-22 01:09:59 - [MESSAGE][PASSED] - Text 'VA' is set on object 'Object Repository/VLink/Page_CCSale/txt_CardState'

2021-06-22 01:09:59 - [MESSAGE][PASSED] - Object 'Object Repository/VLink/Page_CCSale/txt_CardZIP' is present

2021-06-22 01:10:00 - [MESSAGE][PASSED] - Text '22201' is set on object 'Object Repository/VLink/Page_CCSale/txt_CardZIP'

2021-06-22 01:10:00 - [MESSAGE][PASSED] - Object 'Object Repository/VLink/Page_CCSale/txt_CountryID' is present

2021-06-22 01:10:01 - [MESSAGE][PASSED] - Text '' is set on object 'Object Repository/VLink/Page_CCSale/txt_CountryID'

2021-06-22 01:10:01 - [MESSAGE][PASSED] - Object 'Object Repository/VLink/Page_CCSale/txt_Amount' is present

2021-06-22 01:10:02 - [MESSAGE][PASSED] - Text '2.50' is set on object 'Object Repository/VLink/Page_CCSale/txt_Amount'

2021-06-22 01:10:02 - [MESSAGE][PASSED] - Object 'Object Repository/VLink/Page_CCSale/txt_CardNumber' is present

2021-06-22 01:10:03 - [MESSAGE][PASSED] - Text '6011000000000004' is set on object 'Object Repository/VLink/Page_CCSale/txt_CardNumber'

2021-06-22 01:10:03 - [MESSAGE][PASSED] - Object 'Object Repository/VLink/Page_CCSale/txt_ExpMonth' is present

2021-06-22 01:10:04 - [MESSAGE][PASSED] - Text '01' is set on object 'Object Repository/VLink/Page_CCSale/txt_ExpMonth'

2021-06-22 01:10:04 - [MESSAGE][PASSED] - Object 'Object Repository/VLink/Page_CCSale/txt_ExpYear' is present

2021-06-22 01:10:05 - [MESSAGE][PASSED] - Text '2026' is set on object 'Object Repository/VLink/Page_CCSale/txt_ExpYear'

2021-06-22 01:10:05 - [MESSAGE][PASSED] - Object 'Object Repository/VLink/Page_CCSale/txt_CVV' is present

2021-06-22 01:10:06 - [MESSAGE][PASSED] - Text '' is set on object 'Object Repository/VLink/Page_CCSale/txt_CVV'

2021-06-22 01:10:06 - [MESSAGE][PASSED] - Object 'Object Repository/VLink/Page_CCSale/txt_CVVstate' is present

2021-06-22 01:10:07 - [MESSAGE][PASSED] - Text '' is set on object 'Object Repository/VLink/Page_CCSale/txt_CVVstate'

2021-06-22 01:10:07 - [MESSAGE][PASSED] - Object 'Object Repository/VLink/Page_CCSale/txt_TrackData' is present

2021-06-22 01:10:08 - [MESSAGE][PASSED] - Text '' is set on object 'Object Repository/VLink/Page_CCSale/txt_TrackData'

2021-06-22 01:10:08 - [MESSAGE][PASSED] - Object 'Object Repository/VLink/Page_CCSale/txt_Track1Data' is present

2021-06-22 01:10:09 - [MESSAGE][PASSED] - Text '' is set on object 'Object Repository/VLink/Page_CCSale/txt_Track1Data'

2021-06-22 01:10:09 - [MESSAGE][PASSED] - Object 'Object Repository/VLink/Page_CCSale/txt_Track2Data' is present

2021-06-22 01:10:10 - [MESSAGE][PASSED] - Text '' is set on object 'Object Repository/VLink/Page_CCSale/txt_Track2Data'

2021-06-22 01:10:10 - [MESSAGE][PASSED] - Object 'Object Repository/VLink/Page_CCSale/txt_POSEntryMode' is present

2021-06-22 01:10:11 - [MESSAGE][PASSED] - Text 'manual' is set on object 'Object Repository/VLink/Page_CCSale/txt_POSEntryMode'

2021-06-22 01:10:11 - [MESSAGE][PASSED] - Object 'Object Repository/VLink/Page_CCSale/txt_Email' is present

2021-06-22 01:10:12 - [MESSAGE][PASSED] - Text '' is set on object 'Object Repository/VLink/Page_CCSale/txt_Email'

2021-06-22 01:10:12 - [MESSAGE][PASSED] - Object 'Object Repository/VLink/Page_CCSale/txt_OrderNumber' is present

2021-06-22 01:10:13 - [MESSAGE][PASSED] - Text '' is set on object 'Object Repository/VLink/Page_CCSale/txt_OrderNumber'

2021-06-22 01:10:13 - [MESSAGE][PASSED] - Object 'Object Repository/VLink/Page_CCSale/txt_TaxAmount' is present

2021-06-22 01:10:14 - [MESSAGE][PASSED] - Text '' is set on object 'Object Repository/VLink/Page_CCSale/txt_TaxAmount'

2021-06-22 01:10:14 - [MESSAGE][PASSED] - Object 'Object Repository/VLink/Page_CCSale/txt_ChargeDescription' is present

2021-06-22 01:10:15 - [MESSAGE][PASSED] - Text '' is set on object 'Object Repository/VLink/Page_CCSale/txt_ChargeDescription'

2021-06-22 01:10:15 - [MESSAGE][PASSED] - Object 'Object Repository/VLink/Page_CCSale/txt_CAN' is present

2021-06-22 01:10:16 - [MESSAGE][PASSED] - Text '' is set on object 'Object Repository/VLink/Page_CCSale/txt_CAN'

2021-06-22 01:10:16 - [MESSAGE][PASSED] - Object 'Object Repository/VLink/Page_CCSale/txt_BillPaymentIndicator' is present

2021-06-22 01:10:17 - [MESSAGE][PASSED] - Text '' is set on object 'Object Repository/VLink/Page_CCSale/txt_BillPaymentIndicator'

2021-06-22 01:10:17 - [MESSAGE][PASSED] - Object 'Object Repository/VLink/Page_CCSale/txt_UDF1' is present

2021-06-22 01:10:18 - [MESSAGE][PASSED] - Text '' is set on object 'Object Repository/VLink/Page_CCSale/txt_UDF1'

2021-06-22 01:10:18 - [MESSAGE][PASSED] - Object 'Object Repository/VLink/Page_CCSale/txt_UDF2' is present

2021-06-22 01:10:19 - [MESSAGE][PASSED] - Text '' is set on object 'Object Repository/VLink/Page_CCSale/txt_UDF2'

2021-06-22 01:10:19 - [MESSAGE][PASSED] - Object 'Object Repository/VLink/Page_CCSale/txt_UDF3' is present

2021-06-22 01:10:20 - [MESSAGE][PASSED] - Text '' is set on object 'Object Repository/VLink/Page_CCSale/txt_UDF3'

2021-06-22 01:10:20 - [MESSAGE][PASSED] - Object 'Object Repository/VLink/Page_CCSale/txt_UDF4' is present

2021-06-22 01:10:21 - [MESSAGE][PASSED] - Text '' is set on object 'Object Repository/VLink/Page_CCSale/txt_UDF4'

2021-06-22 01:10:21 - [MESSAGE][PASSED] - Object 'Object Repository/VLink/Page_CCSale/txt_UDF5' is present

2021-06-22 01:10:22 - [MESSAGE][PASSED] - Text '' is set on object 'Object Repository/VLink/Page_CCSale/txt_UDF5'

2021-06-22 01:10:22 - [MESSAGE][PASSED] - Object 'Object Repository/VLink/Page_CCSale/txt_UDF6' is present

2021-06-22 01:10:23 - [MESSAGE][PASSED] - Text '' is set on object 'Object Repository/VLink/Page_CCSale/txt_UDF6'

2021-06-22 01:10:23 - [MESSAGE][PASSED] - Object 'Object Repository/VLink/Page_CCSale/txt_UDF7' is present

2021-06-22 01:10:24 - [MESSAGE][PASSED] - Text '' is set on object 'Object Repository/VLink/Page_CCSale/txt_UDF7'

2021-06-22 01:10:24 - [MESSAGE][PASSED] - Object 'Object Repository/VLink/Page_CCSale/txt_UDF8' is present

2021-06-22 01:10:25 - [MESSAGE][PASSED] - Text '' is set on object 'Object Repository/VLink/Page_CCSale/txt_UDF8'

2021-06-22 01:10:25 - [MESSAGE][PASSED] - Object 'Object Repository/VLink/Page_CCSale/txt_UDF9' is present

2021-06-22 01:10:26 - [MESSAGE][PASSED] - Text '' is set on object 'Object Repository/VLink/Page_CCSale/txt_UDF9'

2021-06-22 01:10:26 - [MESSAGE][PASSED] - Object 'Object Repository/VLink/Page_CCSale/txt_UDF10' is present

2021-06-22 01:10:27 - [MESSAGE][PASSED] - Text '' is set on object 'Object Repository/VLink/Page_CCSale/txt_UDF10'

2021-06-22 01:10:27 - [MESSAGE][PASSED] - Object 'Object Repository/VLink/Page_CCSale/txt_CardOnFileIndicator' is present

2021-06-22 01:10:28 - [MESSAGE][PASSED] - Text '' is set on object 'Object Repository/VLink/Page_CCSale/txt_CardOnFileIndicator'

2021-06-22 01:10:28 - [MESSAGE][PASSED] - Object 'Object Repository/VLink/Page_CCSale/txt_StoredCredentialIndicator' is present

2021-06-22 01:10:29 - [MESSAGE][PASSED] - Text '' is set on object 'Object Repository/VLink/Page_CCSale/txt_StoredCredentialIndicator'

2021-06-22 01:10:29 - [MESSAGE][PASSED] - Object 'Object Repository/VLink/Page_CCSale/txt_COFScheduledIndicator' is present

2021-06-22 01:10:30 - [MESSAGE][PASSED] - Text '' is set on object 'Object Repository/VLink/Page_CCSale/txt_COFScheduledIndicator'

2021-06-22 01:10:30 - [MESSAGE][PASSED] - Object 'Object Repository/VLink/Page_CCSale/txt_COFTransactionInitiatedBy' is present

2021-06-22 01:10:31 - [MESSAGE][PASSED] - Text '' is set on object 'Object Repository/VLink/Page_CCSale/txt_COFTransactionInitiatedBy'

2021-06-22 01:10:33 - [MESSAGE][PASSED] - Object: 'Object Repository/VLink/Page_CCSale/btn_ProcessVLinkTransaction' is clicked on

2021-06-22 01:10:38 - [MESSAGE][PASSED] - vlinkPages.saleCCPage.setDataSCC is PASSED

2021-06-22 01:10:38 - [TEST_STEP][PASSED] - if (verifyTextPresent("Transaction approved, no errors", true)): null

2021-06-22 01:10:39 - [MESSAGE][PASSED] - Text 'Transaction approved, no errors' is present on page  using regular expression

2021-06-22 01:10:39 - [TEST_STEP][PASSED] - println("Transaction Approved, no errors text is present on the Confirmation page"): null

2021-06-22 01:10:39 - [TEST_STEP][PASSED] - out.println("Pass Record Number: " + row): null

2021-06-22 01:10:39 - [TEST_STEP][PASSED] - resText = "Pass": null

2021-06-22 01:10:39 - [TEST_STEP][PASSED] - pages.WriteExcel.demoKey(resText, datText, resColumn, datCloumn, fileLoc, nameSheet, row): pages.WriteExcel.demoKey is PASSED

2021-06-22 01:10:39 - [MESSAGE][PASSED] - pages.WriteExcel.demoKey is PASSED

2021-06-22 01:10:39 - [TEST_STEP][PASSED] - sdfo = getText(findTestObject("Object Repository/Page_VLinkReceipt/pre_STX")): Text of object 'Object Repository/Page_VLinkReceipt/pre_STX' is: '<STX>zCQqjaAltJlN                  12098346            0  Transaction approved, no errors                   0                                                                                  XXOK5775   <ETX>'

2021-06-22 01:10:39 - [MESSAGE][PASSED] - Text of object 'Object Repository/Page_VLinkReceipt/pre_STX' is: '<STX>zCQqjaAltJlN                  12098346            0  Transaction approved, no errors                   0                                                                                  XXOK5775   <ETX>'

2021-06-22 01:10:39 - [TEST_STEP][PASSED] - out.println("sdfo: " + sdfo): null

2021-06-22 01:10:39 - [TEST_STEP][PASSED] - remID = substring(5, 35).trim(): null

2021-06-22 01:10:39 - [TEST_STEP][PASSED] - out.println("Remittance ID: " + remID): null

2021-06-22 01:10:39 - [TEST_STEP][PASSED] - traxID = substring(35, 55).trim(): null

2021-06-22 01:10:39 - [TEST_STEP][PASSED] - out.println("Transaction ID: " + traxID): null

2021-06-22 01:10:39 - [TEST_STEP][PASSED] - out.println("End Record Number: " + row): null

2021-06-22 01:10:39 - [TEST_STEP][PASSED] - closeBrowser(): Browser is closed

2021-06-22 01:10:40 - [MESSAGE][PASSED] - Browser is closed

2021-06-22 01:10:40 - [TEST_STEP][PASSED] - out.println("Begin Record Number: " + row): null

2021-06-22 01:10:40 - [TEST_STEP][PASSED] - today = new java.util.Date(): null

2021-06-22 01:10:40 - [TEST_STEP][PASSED] - println(today): null

2021-06-22 01:10:40 - [TEST_STEP][PASSED] - datText = today: null

2021-06-22 01:10:40 - [TEST_STEP][PASSED] - openBrowser(VLinkURL + "authcap.html"): Browser is opened with url: 'https://dev-algorithm.govolution.com/vlinktest/QA/version_2_0/authcap.html'

2021-06-22 01:10:40 - [MESSAGE][INFO] - Starting 'Chrome' driver

2021-06-22 01:10:40 - [MESSAGE][INFO] - User set preference: ['acceptInsecureCerts', 'true']

2021-06-22 01:10:40 - [MESSAGE][INFO] - Action delay is set to 0 milliseconds

2021-06-22 01:10:41 - [MESSAGE][PASSED] - Browser is opened with url: 'https://dev-algorithm.govolution.com/vlinktest/QA/version_2_0/authcap.html'

2021-06-22 01:10:41 - [TEST_STEP][PASSED] - maximizeWindow(): Current window maximized

2021-06-22 01:10:41 - [MESSAGE][PASSED] - Current window maximized

2021-06-22 01:10:41 - [TEST_STEP][PASSED] - vlinkPages.saleCCPage.setDataSCC(row, dataFile): vlinkPages.saleCCPage.setDataSCC is PASSED

2021-06-22 01:10:44 - [MESSAGE][PASSED] - Object 'Object Repository/VLink/Page_CCSale/txt_CardNumber' is present

2021-06-22 01:10:44 - [MESSAGE][PASSED] - Object 'Object Repository/VLink/Page_CCSale/txt_TransactionType' is present

2021-06-22 01:10:44 - [MESSAGE][PASSED] - Text '104' is set on object 'Object Repository/VLink/Page_CCSale/txt_TransactionType'

2021-06-22 01:10:45 - [MESSAGE][PASSED] - Object 'Object Repository/VLink/Page_CCSale/txt_MessageVersion' is present

2021-06-22 01:10:45 - [MESSAGE][PASSED] - Text '2.0C' is set on object 'Object Repository/VLink/Page_CCSale/txt_MessageVersion'

2021-06-22 01:10:46 - [MESSAGE][PASSED] - Object 'Object Repository/VLink/Page_CCSale/txt_RemID' is present

2021-06-22 01:10:46 - [MESSAGE][PASSED] - Text 'bmEp49cT2dbe' is set on object 'Object Repository/VLink/Page_CCSale/txt_RemID'

2021-06-22 01:10:47 - [MESSAGE][PASSED] - Object 'Object Repository/VLink/Page_CCSale/txt_ApplicationId' is present

2021-06-22 01:10:47 - [MESSAGE][PASSED] - Text '677' is set on object 'Object Repository/VLink/Page_CCSale/txt_ApplicationId'

2021-06-22 01:10:47 - [MESSAGE][PASSED] - Object 'Object Repository/VLink/Page_CCSale/txt_Username' is present

2021-06-22 01:10:48 - [MESSAGE][PASSED] - Text 'username' is set on object 'Object Repository/VLink/Page_CCSale/txt_Username'

2021-06-22 01:10:48 - [MESSAGE][PASSED] - Object 'Object Repository/VLink/Page_CCSale/txt_Password' is present

2021-06-22 01:10:49 - [MESSAGE][PASSED] - Text 'password' is set on object 'Object Repository/VLink/Page_CCSale/txt_Password'

2021-06-22 01:10:49 - [MESSAGE][PASSED] - Object 'Object Repository/VLink/Page_CCSale/txt_ResponseFormat' is present

2021-06-22 01:10:50 - [MESSAGE][PASSED] - Text 'fixed_width' is set on object 'Object Repository/VLink/Page_CCSale/txt_ResponseFormat'

2021-06-22 01:10:50 - [MESSAGE][PASSED] - Object 'Object Repository/VLink/Page_CCSale/txt_Category' is present

2021-06-22 01:10:51 - [MESSAGE][PASSED] - Text 'MOTO' is set on object 'Object Repository/VLink/Page_CCSale/txt_Category'

2021-06-22 01:10:51 - [MESSAGE][PASSED] - Object 'Object Repository/VLink/Page_CCSale/txt_TransactionID' is present

2021-06-22 01:10:52 - [MESSAGE][PASSED] - Text '' is set on object 'Object Repository/VLink/Page_CCSale/txt_TransactionID'

2021-06-22 01:10:52 - [MESSAGE][PASSED] - Object 'Object Repository/VLink/Page_CCSale/txt_ApprovalCode' is present

2021-06-22 01:10:52 - [MESSAGE][PASSED] - Text '' is set on object 'Object Repository/VLink/Page_CCSale/txt_ApprovalCode'

2021-06-22 01:10:53 - [MESSAGE][PASSED] - Object 'Object Repository/VLink/Page_CCSale/txt_CardName' is present

2021-06-22 01:10:53 - [MESSAGE][PASSED] - Text 'Roshan Maha' is set on object 'Object Repository/VLink/Page_CCSale/txt_CardName'

2021-06-22 01:10:54 - [MESSAGE][PASSED] - Object 'Object Repository/VLink/Page_CCSale/txt_AL1' is present

2021-06-22 01:10:55 - [MESSAGE][PASSED] - Text '12563 Bazaar road' is set on object 'Object Repository/VLink/Page_CCSale/txt_AL1'

2021-06-22 01:10:55 - [MESSAGE][PASSED] - Object 'Object Repository/VLink/Page_CCSale/txt_AL2' is present

2021-06-22 01:10:56 - [MESSAGE][PASSED] - Text '' is set on object 'Object Repository/VLink/Page_CCSale/txt_AL2'

2021-06-22 01:10:56 - [MESSAGE][PASSED] - Object 'Object Repository/VLink/Page_CCSale/txt_CardCity' is present

2021-06-22 01:10:56 - [MESSAGE][PASSED] - Text 'Crofton' is set on object 'Object Repository/VLink/Page_CCSale/txt_CardCity'

2021-06-22 01:10:57 - [MESSAGE][PASSED] - Object 'Object Repository/VLink/Page_CCSale/txt_CardState' is present

2021-06-22 01:10:57 - [MESSAGE][PASSED] - Text 'MD' is set on object 'Object Repository/VLink/Page_CCSale/txt_CardState'

2021-06-22 01:10:58 - [MESSAGE][PASSED] - Object 'Object Repository/VLink/Page_CCSale/txt_CardZIP' is present

2021-06-22 01:10:58 - [MESSAGE][PASSED] - Text '21114' is set on object 'Object Repository/VLink/Page_CCSale/txt_CardZIP'

2021-06-22 01:10:59 - [MESSAGE][PASSED] - Object 'Object Repository/VLink/Page_CCSale/txt_CountryID' is present

2021-06-22 01:10:59 - [MESSAGE][PASSED] - Text '' is set on object 'Object Repository/VLink/Page_CCSale/txt_CountryID'

2021-06-22 01:11:00 - [MESSAGE][PASSED] - Object 'Object Repository/VLink/Page_CCSale/txt_Amount' is present

2021-06-22 01:11:00 - [MESSAGE][PASSED] - Text '3.50' is set on object 'Object Repository/VLink/Page_CCSale/txt_Amount'

2021-06-22 01:11:01 - [MESSAGE][PASSED] - Object 'Object Repository/VLink/Page_CCSale/txt_CardNumber' is present

2021-06-22 01:11:01 - [MESSAGE][PASSED] - Text '6011000000000004' is set on object 'Object Repository/VLink/Page_CCSale/txt_CardNumber'

2021-06-22 01:11:02 - [MESSAGE][PASSED] - Object 'Object Repository/VLink/Page_CCSale/txt_ExpMonth' is present

2021-06-22 01:11:02 - [MESSAGE][PASSED] - Text '01' is set on object 'Object Repository/VLink/Page_CCSale/txt_ExpMonth'

2021-06-22 01:11:03 - [MESSAGE][PASSED] - Object 'Object Repository/VLink/Page_CCSale/txt_ExpYear' is present

2021-06-22 01:11:03 - [MESSAGE][PASSED] - Text '2026' is set on object 'Object Repository/VLink/Page_CCSale/txt_ExpYear'

2021-06-22 01:11:04 - [MESSAGE][PASSED] - Object 'Object Repository/VLink/Page_CCSale/txt_CVV' is present

2021-06-22 01:11:04 - [MESSAGE][PASSED] - Text '' is set on object 'Object Repository/VLink/Page_CCSale/txt_CVV'

2021-06-22 01:11:05 - [MESSAGE][PASSED] - Object 'Object Repository/VLink/Page_CCSale/txt_CVVstate' is present

2021-06-22 01:11:05 - [MESSAGE][PASSED] - Text '' is set on object 'Object Repository/VLink/Page_CCSale/txt_CVVstate'

2021-06-22 01:11:06 - [MESSAGE][PASSED] - Object 'Object Repository/VLink/Page_CCSale/txt_TrackData' is present

2021-06-22 01:11:06 - [MESSAGE][PASSED] - Text '' is set on object 'Object Repository/VLink/Page_CCSale/txt_TrackData'

2021-06-22 01:11:07 - [MESSAGE][PASSED] - Object 'Object Repository/VLink/Page_CCSale/txt_Track1Data' is present

2021-06-22 01:11:07 - [MESSAGE][PASSED] - Text '' is set on object 'Object Repository/VLink/Page_CCSale/txt_Track1Data'

2021-06-22 01:11:08 - [MESSAGE][PASSED] - Object 'Object Repository/VLink/Page_CCSale/txt_Track2Data' is present

2021-06-22 01:11:08 - [MESSAGE][PASSED] - Text '' is set on object 'Object Repository/VLink/Page_CCSale/txt_Track2Data'

2021-06-22 01:11:09 - [MESSAGE][PASSED] - Object 'Object Repository/VLink/Page_CCSale/txt_POSEntryMode' is present

2021-06-22 01:11:09 - [MESSAGE][PASSED] - Text 'manual' is set on object 'Object Repository/VLink/Page_CCSale/txt_POSEntryMode'

2021-06-22 01:11:10 - [MESSAGE][PASSED] - Object 'Object Repository/VLink/Page_CCSale/txt_Email' is present

2021-06-22 01:11:10 - [MESSAGE][PASSED] - Text '' is set on object 'Object Repository/VLink/Page_CCSale/txt_Email'

2021-06-22 01:11:11 - [MESSAGE][PASSED] - Object 'Object Repository/VLink/Page_CCSale/txt_OrderNumber' is present

2021-06-22 01:11:11 - [MESSAGE][PASSED] - Text '' is set on object 'Object Repository/VLink/Page_CCSale/txt_OrderNumber'

2021-06-22 01:11:12 - [MESSAGE][PASSED] - Object 'Object Repository/VLink/Page_CCSale/txt_TaxAmount' is present

2021-06-22 01:11:12 - [MESSAGE][PASSED] - Text '' is set on object 'Object Repository/VLink/Page_CCSale/txt_TaxAmount'

2021-06-22 01:11:13 - [MESSAGE][PASSED] - Object 'Object Repository/VLink/Page_CCSale/txt_ChargeDescription' is present

2021-06-22 01:11:13 - [MESSAGE][PASSED] - Text '' is set on object 'Object Repository/VLink/Page_CCSale/txt_ChargeDescription'

2021-06-22 01:11:14 - [MESSAGE][PASSED] - Object 'Object Repository/VLink/Page_CCSale/txt_CAN' is present

2021-06-22 01:11:14 - [MESSAGE][PASSED] - Text '' is set on object 'Object Repository/VLink/Page_CCSale/txt_CAN'

2021-06-22 01:11:15 - [MESSAGE][PASSED] - Object 'Object Repository/VLink/Page_CCSale/txt_BillPaymentIndicator' is present

2021-06-22 01:11:15 - [MESSAGE][PASSED] - Text '' is set on object 'Object Repository/VLink/Page_CCSale/txt_BillPaymentIndicator'

2021-06-22 01:11:16 - [MESSAGE][PASSED] - Object 'Object Repository/VLink/Page_CCSale/txt_UDF1' is present

2021-06-22 01:11:16 - [MESSAGE][PASSED] - Text '' is set on object 'Object Repository/VLink/Page_CCSale/txt_UDF1'

2021-06-22 01:11:16 - [MESSAGE][PASSED] - Object 'Object Repository/VLink/Page_CCSale/txt_UDF2' is present

2021-06-22 01:11:17 - [MESSAGE][PASSED] - Text '' is set on object 'Object Repository/VLink/Page_CCSale/txt_UDF2'

2021-06-22 01:11:17 - [MESSAGE][PASSED] - Object 'Object Repository/VLink/Page_CCSale/txt_UDF3' is present

2021-06-22 01:11:18 - [MESSAGE][PASSED] - Text '' is set on object 'Object Repository/VLink/Page_CCSale/txt_UDF3'

2021-06-22 01:11:18 - [MESSAGE][PASSED] - Object 'Object Repository/VLink/Page_CCSale/txt_UDF4' is present

2021-06-22 01:11:19 - [MESSAGE][PASSED] - Text '' is set on object 'Object Repository/VLink/Page_CCSale/txt_UDF4'

2021-06-22 01:11:19 - [MESSAGE][PASSED] - Object 'Object Repository/VLink/Page_CCSale/txt_UDF5' is present

2021-06-22 01:11:20 - [MESSAGE][PASSED] - Text '' is set on object 'Object Repository/VLink/Page_CCSale/txt_UDF5'

2021-06-22 01:11:20 - [MESSAGE][PASSED] - Object 'Object Repository/VLink/Page_CCSale/txt_UDF6' is present

2021-06-22 01:11:21 - [MESSAGE][PASSED] - Text '' is set on object 'Object Repository/VLink/Page_CCSale/txt_UDF6'

2021-06-22 01:11:21 - [MESSAGE][PASSED] - Object 'Object Repository/VLink/Page_CCSale/txt_UDF7' is present

2021-06-22 01:11:22 - [MESSAGE][PASSED] - Text '' is set on object 'Object Repository/VLink/Page_CCSale/txt_UDF7'

2021-06-22 01:11:22 - [MESSAGE][PASSED] - Object 'Object Repository/VLink/Page_CCSale/txt_UDF8' is present

2021-06-22 01:11:23 - [MESSAGE][PASSED] - Text '' is set on object 'Object Repository/VLink/Page_CCSale/txt_UDF8'

2021-06-22 01:11:23 - [MESSAGE][PASSED] - Object 'Object Repository/VLink/Page_CCSale/txt_UDF9' is present

2021-06-22 01:11:24 - [MESSAGE][PASSED] - Text '' is set on object 'Object Repository/VLink/Page_CCSale/txt_UDF9'

2021-06-22 01:11:24 - [MESSAGE][PASSED] - Object 'Object Repository/VLink/Page_CCSale/txt_UDF10' is present

2021-06-22 01:11:25 - [MESSAGE][PASSED] - Text '' is set on object 'Object Repository/VLink/Page_CCSale/txt_UDF10'

2021-06-22 01:11:25 - [MESSAGE][PASSED] - Object 'Object Repository/VLink/Page_CCSale/txt_CardOnFileIndicator' is present

2021-06-22 01:11:26 - [MESSAGE][PASSED] - Text '' is set on object 'Object Repository/VLink/Page_CCSale/txt_CardOnFileIndicator'

2021-06-22 01:11:26 - [MESSAGE][PASSED] - Object 'Object Repository/VLink/Page_CCSale/txt_StoredCredentialIndicator' is present

2021-06-22 01:11:27 - [MESSAGE][PASSED] - Text '' is set on object 'Object Repository/VLink/Page_CCSale/txt_StoredCredentialIndicator'

2021-06-22 01:11:27 - [MESSAGE][PASSED] - Object 'Object Repository/VLink/Page_CCSale/txt_COFScheduledIndicator' is present

2021-06-22 01:11:28 - [MESSAGE][PASSED] - Text '' is set on object 'Object Repository/VLink/Page_CCSale/txt_COFScheduledIndicator'

2021-06-22 01:11:28 - [MESSAGE][PASSED] - Object 'Object Repository/VLink/Page_CCSale/txt_COFTransactionInitiatedBy' is present

2021-06-22 01:11:29 - [MESSAGE][PASSED] - Text '' is set on object 'Object Repository/VLink/Page_CCSale/txt_COFTransactionInitiatedBy'

2021-06-22 01:11:32 - [MESSAGE][PASSED] - Object: 'Object Repository/VLink/Page_CCSale/btn_ProcessVLinkTransaction' is clicked on

2021-06-22 01:11:37 - [MESSAGE][PASSED] - vlinkPages.saleCCPage.setDataSCC is PASSED

2021-06-22 01:11:37 - [TEST_STEP][PASSED] - if (verifyTextPresent("Transaction approved, no errors", true)): null

2021-06-22 01:11:38 - [MESSAGE][PASSED] - Text 'Transaction approved, no errors' is present on page  using regular expression

2021-06-22 01:11:38 - [TEST_STEP][PASSED] - println("Transaction Approved, no errors text is present on the Confirmation page"): null

2021-06-22 01:11:38 - [TEST_STEP][PASSED] - out.println("Pass Record Number: " + row): null

2021-06-22 01:11:38 - [TEST_STEP][PASSED] - resText = "Pass": null

2021-06-22 01:11:38 - [TEST_STEP][PASSED] - pages.WriteExcel.demoKey(resText, datText, resColumn, datCloumn, fileLoc, nameSheet, row): pages.WriteExcel.demoKey is PASSED

2021-06-22 01:11:38 - [MESSAGE][PASSED] - pages.WriteExcel.demoKey is PASSED

2021-06-22 01:11:38 - [TEST_STEP][PASSED] - sdfo = getText(findTestObject("Object Repository/Page_VLinkReceipt/pre_STX")): Text of object 'Object Repository/Page_VLinkReceipt/pre_STX' is: '<STX>bmEp49cT2dbe                  12098347            0  Transaction approved, no errors                   0                                                                                  XXOK6045   <ETX>'

2021-06-22 01:11:38 - [MESSAGE][PASSED] - Text of object 'Object Repository/Page_VLinkReceipt/pre_STX' is: '<STX>bmEp49cT2dbe                  12098347            0  Transaction approved, no errors                   0                                                                                  XXOK6045   <ETX>'

2021-06-22 01:11:38 - [TEST_STEP][PASSED] - out.println("sdfo: " + sdfo): null

2021-06-22 01:11:38 - [TEST_STEP][PASSED] - remID = substring(5, 35).trim(): null

2021-06-22 01:11:38 - [TEST_STEP][PASSED] - out.println("Remittance ID: " + remID): null

2021-06-22 01:11:38 - [TEST_STEP][PASSED] - traxID = substring(35, 55).trim(): null

2021-06-22 01:11:38 - [TEST_STEP][PASSED] - out.println("Transaction ID: " + traxID): null

2021-06-22 01:11:38 - [TEST_STEP][PASSED] - out.println("End Record Number: " + row): null

2021-06-22 01:11:38 - [TEST_STEP][PASSED] - closeBrowser(): Browser is closed

2021-06-22 01:11:39 - [MESSAGE][PASSED] - Browser is closed

2021-06-22 01:11:39 - [TEST_STEP][PASSED] - out.println("Begin Record Number: " + row): null

2021-06-22 01:11:39 - [TEST_STEP][PASSED] - today = new java.util.Date(): null

2021-06-22 01:11:39 - [TEST_STEP][PASSED] - println(today): null

2021-06-22 01:11:39 - [TEST_STEP][PASSED] - datText = today: null

2021-06-22 01:11:39 - [TEST_STEP][PASSED] - openBrowser(VLinkURL + "authcap.html"): Browser is opened with url: 'https://dev-algorithm.govolution.com/vlinktest/QA/version_2_0/authcap.html'

2021-06-22 01:11:39 - [MESSAGE][INFO] - Starting 'Chrome' driver

2021-06-22 01:11:39 - [MESSAGE][INFO] - User set preference: ['acceptInsecureCerts', 'true']

2021-06-22 01:11:39 - [MESSAGE][INFO] - Action delay is set to 0 milliseconds

2021-06-22 01:11:40 - [MESSAGE][PASSED] - Browser is opened with url: 'https://dev-algorithm.govolution.com/vlinktest/QA/version_2_0/authcap.html'

2021-06-22 01:11:40 - [TEST_STEP][PASSED] - maximizeWindow(): Current window maximized

2021-06-22 01:11:41 - [MESSAGE][PASSED] - Current window maximized

2021-06-22 01:11:41 - [TEST_STEP][PASSED] - vlinkPages.saleCCPage.setDataSCC(row, dataFile): vlinkPages.saleCCPage.setDataSCC is PASSED

2021-06-22 01:11:43 - [MESSAGE][PASSED] - Object 'Object Repository/VLink/Page_CCSale/txt_CardNumber' is present

2021-06-22 01:11:43 - [MESSAGE][PASSED] - Object 'Object Repository/VLink/Page_CCSale/txt_TransactionType' is present

2021-06-22 01:11:44 - [MESSAGE][PASSED] - Text '104' is set on object 'Object Repository/VLink/Page_CCSale/txt_TransactionType'

2021-06-22 01:11:44 - [MESSAGE][PASSED] - Object 'Object Repository/VLink/Page_CCSale/txt_MessageVersion' is present

2021-06-22 01:11:45 - [MESSAGE][PASSED] - Text '2.0C' is set on object 'Object Repository/VLink/Page_CCSale/txt_MessageVersion'

2021-06-22 01:11:45 - [MESSAGE][PASSED] - Object 'Object Repository/VLink/Page_CCSale/txt_RemID' is present

2021-06-22 01:11:46 - [MESSAGE][PASSED] - Text 'oE8hMUuJV2yz' is set on object 'Object Repository/VLink/Page_CCSale/txt_RemID'

2021-06-22 01:11:46 - [MESSAGE][PASSED] - Object 'Object Repository/VLink/Page_CCSale/txt_ApplicationId' is present

2021-06-22 01:11:46 - [MESSAGE][PASSED] - Text '665' is set on object 'Object Repository/VLink/Page_CCSale/txt_ApplicationId'

2021-06-22 01:11:47 - [MESSAGE][PASSED] - Object 'Object Repository/VLink/Page_CCSale/txt_Username' is present

2021-06-22 01:11:47 - [MESSAGE][PASSED] - Text 'username' is set on object 'Object Repository/VLink/Page_CCSale/txt_Username'

2021-06-22 01:11:48 - [MESSAGE][PASSED] - Object 'Object Repository/VLink/Page_CCSale/txt_Password' is present

2021-06-22 01:11:48 - [MESSAGE][PASSED] - Text 'password' is set on object 'Object Repository/VLink/Page_CCSale/txt_Password'

2021-06-22 01:11:48 - [MESSAGE][PASSED] - Object 'Object Repository/VLink/Page_CCSale/txt_ResponseFormat' is present

2021-06-22 01:11:49 - [MESSAGE][PASSED] - Text 'fixed_width' is set on object 'Object Repository/VLink/Page_CCSale/txt_ResponseFormat'

2021-06-22 01:11:49 - [MESSAGE][PASSED] - Object 'Object Repository/VLink/Page_CCSale/txt_Category' is present

2021-06-22 01:11:50 - [MESSAGE][PASSED] - Text 'RETL' is set on object 'Object Repository/VLink/Page_CCSale/txt_Category'

2021-06-22 01:11:50 - [MESSAGE][PASSED] - Object 'Object Repository/VLink/Page_CCSale/txt_TransactionID' is present

2021-06-22 01:11:51 - [MESSAGE][PASSED] - Text '' is set on object 'Object Repository/VLink/Page_CCSale/txt_TransactionID'

2021-06-22 01:11:51 - [MESSAGE][PASSED] - Object 'Object Repository/VLink/Page_CCSale/txt_ApprovalCode' is present

2021-06-22 01:11:52 - [MESSAGE][PASSED] - Text '' is set on object 'Object Repository/VLink/Page_CCSale/txt_ApprovalCode'

2021-06-22 01:11:52 - [MESSAGE][PASSED] - Object 'Object Repository/VLink/Page_CCSale/txt_CardName' is present

2021-06-22 01:11:53 - [MESSAGE][PASSED] - Text 'Kris Roshan' is set on object 'Object Repository/VLink/Page_CCSale/txt_CardName'

2021-06-22 01:11:53 - [MESSAGE][PASSED] - Object 'Object Repository/VLink/Page_CCSale/txt_AL1' is present

2021-06-22 01:11:54 - [MESSAGE][PASSED] - Text '258 Elm Road' is set on object 'Object Repository/VLink/Page_CCSale/txt_AL1'

2021-06-22 01:11:54 - [MESSAGE][PASSED] - Object 'Object Repository/VLink/Page_CCSale/txt_AL2' is present

2021-06-22 01:11:55 - [MESSAGE][PASSED] - Text 'Suite 56' is set on object 'Object Repository/VLink/Page_CCSale/txt_AL2'

2021-06-22 01:11:55 - [MESSAGE][PASSED] - Object 'Object Repository/VLink/Page_CCSale/txt_CardCity' is present

2021-06-22 01:11:56 - [MESSAGE][PASSED] - Text 'Arlington' is set on object 'Object Repository/VLink/Page_CCSale/txt_CardCity'

2021-06-22 01:11:56 - [MESSAGE][PASSED] - Object 'Object Repository/VLink/Page_CCSale/txt_CardState' is present

2021-06-22 01:11:57 - [MESSAGE][PASSED] - Text 'VA' is set on object 'Object Repository/VLink/Page_CCSale/txt_CardState'

2021-06-22 01:11:57 - [MESSAGE][PASSED] - Object 'Object Repository/VLink/Page_CCSale/txt_CardZIP' is present

2021-06-22 01:11:58 - [MESSAGE][PASSED] - Text '22201' is set on object 'Object Repository/VLink/Page_CCSale/txt_CardZIP'

2021-06-22 01:11:58 - [MESSAGE][PASSED] - Object 'Object Repository/VLink/Page_CCSale/txt_CountryID' is present

2021-06-22 01:11:59 - [MESSAGE][PASSED] - Text '840' is set on object 'Object Repository/VLink/Page_CCSale/txt_CountryID'

2021-06-22 01:11:59 - [MESSAGE][PASSED] - Object 'Object Repository/VLink/Page_CCSale/txt_Amount' is present

2021-06-22 01:12:00 - [MESSAGE][PASSED] - Text '1.50' is set on object 'Object Repository/VLink/Page_CCSale/txt_Amount'

2021-06-22 01:12:00 - [MESSAGE][PASSED] - Object 'Object Repository/VLink/Page_CCSale/txt_CardNumber' is present

2021-06-22 01:12:01 - [MESSAGE][PASSED] - Text '4111111111111111' is set on object 'Object Repository/VLink/Page_CCSale/txt_CardNumber'

2021-06-22 01:12:01 - [MESSAGE][PASSED] - Object 'Object Repository/VLink/Page_CCSale/txt_ExpMonth' is present

2021-06-22 01:12:02 - [MESSAGE][PASSED] - Text '12' is set on object 'Object Repository/VLink/Page_CCSale/txt_ExpMonth'

2021-06-22 01:12:02 - [MESSAGE][PASSED] - Object 'Object Repository/VLink/Page_CCSale/txt_ExpYear' is present

2021-06-22 01:12:03 - [MESSAGE][PASSED] - Text '2025' is set on object 'Object Repository/VLink/Page_CCSale/txt_ExpYear'

2021-06-22 01:12:03 - [MESSAGE][PASSED] - Object 'Object Repository/VLink/Page_CCSale/txt_CVV' is present

2021-06-22 01:12:04 - [MESSAGE][PASSED] - Text '' is set on object 'Object Repository/VLink/Page_CCSale/txt_CVV'

2021-06-22 01:12:04 - [MESSAGE][PASSED] - Object 'Object Repository/VLink/Page_CCSale/txt_CVVstate' is present

2021-06-22 01:12:05 - [MESSAGE][PASSED] - Text '' is set on object 'Object Repository/VLink/Page_CCSale/txt_CVVstate'

2021-06-22 01:12:05 - [MESSAGE][PASSED] - Object 'Object Repository/VLink/Page_CCSale/txt_TrackData' is present

2021-06-22 01:12:06 - [MESSAGE][PASSED] - Text '' is set on object 'Object Repository/VLink/Page_CCSale/txt_TrackData'

2021-06-22 01:12:06 - [MESSAGE][PASSED] - Object 'Object Repository/VLink/Page_CCSale/txt_Track1Data' is present

2021-06-22 01:12:07 - [MESSAGE][PASSED] - Text '' is set on object 'Object Repository/VLink/Page_CCSale/txt_Track1Data'

2021-06-22 01:12:07 - [MESSAGE][PASSED] - Object 'Object Repository/VLink/Page_CCSale/txt_Track2Data' is present

2021-06-22 01:12:08 - [MESSAGE][PASSED] - Text '' is set on object 'Object Repository/VLink/Page_CCSale/txt_Track2Data'

2021-06-22 01:12:08 - [MESSAGE][PASSED] - Object 'Object Repository/VLink/Page_CCSale/txt_POSEntryMode' is present

2021-06-22 01:12:08 - [MESSAGE][PASSED] - Text 'manual' is set on object 'Object Repository/VLink/Page_CCSale/txt_POSEntryMode'

2021-06-22 01:12:09 - [MESSAGE][PASSED] - Object 'Object Repository/VLink/Page_CCSale/txt_Email' is present

2021-06-22 01:12:10 - [MESSAGE][PASSED] - Text 'iahmed@govolution.com' is set on object 'Object Repository/VLink/Page_CCSale/txt_Email'

2021-06-22 01:12:10 - [MESSAGE][PASSED] - Object 'Object Repository/VLink/Page_CCSale/txt_OrderNumber' is present

2021-06-22 01:12:10 - [MESSAGE][PASSED] - Text '2569362' is set on object 'Object Repository/VLink/Page_CCSale/txt_OrderNumber'

2021-06-22 01:12:11 - [MESSAGE][PASSED] - Object 'Object Repository/VLink/Page_CCSale/txt_TaxAmount' is present

2021-06-22 01:12:11 - [MESSAGE][PASSED] - Text '1.15' is set on object 'Object Repository/VLink/Page_CCSale/txt_TaxAmount'

2021-06-22 01:12:12 - [MESSAGE][PASSED] - Object 'Object Repository/VLink/Page_CCSale/txt_ChargeDescription' is present

2021-06-22 01:12:13 - [MESSAGE][PASSED] - Text 'Charge Description' is set on object 'Object Repository/VLink/Page_CCSale/txt_ChargeDescription'

2021-06-22 01:12:13 - [MESSAGE][PASSED] - Object 'Object Repository/VLink/Page_CCSale/txt_CAN' is present

2021-06-22 01:12:14 - [MESSAGE][PASSED] - Text '147357' is set on object 'Object Repository/VLink/Page_CCSale/txt_CAN'

2021-06-22 01:12:14 - [MESSAGE][PASSED] - Object 'Object Repository/VLink/Page_CCSale/txt_BillPaymentIndicator' is present

2021-06-22 01:12:15 - [MESSAGE][PASSED] - Text '1' is set on object 'Object Repository/VLink/Page_CCSale/txt_BillPaymentIndicator'

2021-06-22 01:12:15 - [MESSAGE][PASSED] - Object 'Object Repository/VLink/Page_CCSale/txt_UDF1' is present

2021-06-22 01:12:16 - [MESSAGE][PASSED] - Text 'UDF Data 1' is set on object 'Object Repository/VLink/Page_CCSale/txt_UDF1'

2021-06-22 01:12:16 - [MESSAGE][PASSED] - Object 'Object Repository/VLink/Page_CCSale/txt_UDF2' is present

2021-06-22 01:12:17 - [MESSAGE][PASSED] - Text 'UDF Data 2' is set on object 'Object Repository/VLink/Page_CCSale/txt_UDF2'

2021-06-22 01:12:17 - [MESSAGE][PASSED] - Object 'Object Repository/VLink/Page_CCSale/txt_UDF3' is present

2021-06-22 01:12:18 - [MESSAGE][PASSED] - Text 'UDF Data 3' is set on object 'Object Repository/VLink/Page_CCSale/txt_UDF3'

2021-06-22 01:12:18 - [MESSAGE][PASSED] - Object 'Object Repository/VLink/Page_CCSale/txt_UDF4' is present

2021-06-22 01:12:19 - [MESSAGE][PASSED] - Text 'UDF Data 4' is set on object 'Object Repository/VLink/Page_CCSale/txt_UDF4'

2021-06-22 01:12:19 - [MESSAGE][PASSED] - Object 'Object Repository/VLink/Page_CCSale/txt_UDF5' is present

2021-06-22 01:12:20 - [MESSAGE][PASSED] - Text 'UDF Data 5' is set on object 'Object Repository/VLink/Page_CCSale/txt_UDF5'

2021-06-22 01:12:20 - [MESSAGE][PASSED] - Object 'Object Repository/VLink/Page_CCSale/txt_UDF6' is present

2021-06-22 01:12:20 - [MESSAGE][PASSED] - Text 'UDF Data 6' is set on object 'Object Repository/VLink/Page_CCSale/txt_UDF6'

2021-06-22 01:12:21 - [MESSAGE][PASSED] - Object 'Object Repository/VLink/Page_CCSale/txt_UDF7' is present

2021-06-22 01:12:21 - [MESSAGE][PASSED] - Text 'UDF Data 7' is set on object 'Object Repository/VLink/Page_CCSale/txt_UDF7'

2021-06-22 01:12:22 - [MESSAGE][PASSED] - Object 'Object Repository/VLink/Page_CCSale/txt_UDF8' is present

2021-06-22 01:12:23 - [MESSAGE][PASSED] - Text 'UDF Data 8' is set on object 'Object Repository/VLink/Page_CCSale/txt_UDF8'

2021-06-22 01:12:23 - [MESSAGE][PASSED] - Object 'Object Repository/VLink/Page_CCSale/txt_UDF9' is present

2021-06-22 01:12:24 - [MESSAGE][PASSED] - Text 'UDF Data 9' is set on object 'Object Repository/VLink/Page_CCSale/txt_UDF9'

2021-06-22 01:12:24 - [MESSAGE][PASSED] - Object 'Object Repository/VLink/Page_CCSale/txt_UDF10' is present

2021-06-22 01:12:25 - [MESSAGE][PASSED] - Text 'UDF Data 10' is set on object 'Object Repository/VLink/Page_CCSale/txt_UDF10'

2021-06-22 01:12:25 - [MESSAGE][PASSED] - Object 'Object Repository/VLink/Page_CCSale/txt_CardOnFileIndicator' is present

2021-06-22 01:12:25 - [MESSAGE][PASSED] - Text '' is set on object 'Object Repository/VLink/Page_CCSale/txt_CardOnFileIndicator'

2021-06-22 01:12:26 - [MESSAGE][PASSED] - Object 'Object Repository/VLink/Page_CCSale/txt_StoredCredentialIndicator' is present

2021-06-22 01:12:26 - [MESSAGE][PASSED] - Text '' is set on object 'Object Repository/VLink/Page_CCSale/txt_StoredCredentialIndicator'

2021-06-22 01:12:27 - [MESSAGE][PASSED] - Object 'Object Repository/VLink/Page_CCSale/txt_COFScheduledIndicator' is present

2021-06-22 01:12:27 - [MESSAGE][PASSED] - Text '' is set on object 'Object Repository/VLink/Page_CCSale/txt_COFScheduledIndicator'

2021-06-22 01:12:28 - [MESSAGE][PASSED] - Object 'Object Repository/VLink/Page_CCSale/txt_COFTransactionInitiatedBy' is present

2021-06-22 01:12:28 - [MESSAGE][PASSED] - Text '' is set on object 'Object Repository/VLink/Page_CCSale/txt_COFTransactionInitiatedBy'

2021-06-22 01:12:31 - [MESSAGE][PASSED] - Object: 'Object Repository/VLink/Page_CCSale/btn_ProcessVLinkTransaction' is clicked on

2021-06-22 01:12:36 - [MESSAGE][PASSED] - vlinkPages.saleCCPage.setDataSCC is PASSED

2021-06-22 01:12:36 - [TEST_STEP][PASSED] - if (verifyTextPresent("Transaction approved, no errors", true)): null

2021-06-22 01:12:36 - [MESSAGE][PASSED] - Text 'Transaction approved, no errors' is present on page  using regular expression

2021-06-22 01:12:36 - [TEST_STEP][PASSED] - println("Transaction Approved, no errors text is present on the Confirmation page"): null

2021-06-22 01:12:36 - [TEST_STEP][PASSED] - out.println("Pass Record Number: " + row): null

2021-06-22 01:12:36 - [TEST_STEP][PASSED] - resText = "Pass": null

2021-06-22 01:12:36 - [TEST_STEP][PASSED] - pages.WriteExcel.demoKey(resText, datText, resColumn, datCloumn, fileLoc, nameSheet, row): pages.WriteExcel.demoKey is PASSED

2021-06-22 01:12:36 - [MESSAGE][PASSED] - pages.WriteExcel.demoKey is PASSED

2021-06-22 01:12:36 - [TEST_STEP][PASSED] - sdfo = getText(findTestObject("Object Repository/Page_VLinkReceipt/pre_STX")): Text of object 'Object Repository/Page_VLinkReceipt/pre_STX' is: '<STX>oE8hMUuJV2yz                  12098349            0  Transaction approved, no errors                   0                                                                                  X OK6395   <ETX>'

2021-06-22 01:12:37 - [MESSAGE][PASSED] - Text of object 'Object Repository/Page_VLinkReceipt/pre_STX' is: '<STX>oE8hMUuJV2yz                  12098349            0  Transaction approved, no errors                   0                                                                                  X OK6395   <ETX>'

2021-06-22 01:12:37 - [TEST_STEP][PASSED] - out.println("sdfo: " + sdfo): null

2021-06-22 01:12:37 - [TEST_STEP][PASSED] - remID = substring(5, 35).trim(): null

2021-06-22 01:12:37 - [TEST_STEP][PASSED] - out.println("Remittance ID: " + remID): null

2021-06-22 01:12:37 - [TEST_STEP][PASSED] - traxID = substring(35, 55).trim(): null

2021-06-22 01:12:37 - [TEST_STEP][PASSED] - out.println("Transaction ID: " + traxID): null

2021-06-22 01:12:37 - [TEST_STEP][PASSED] - out.println("End Record Number: " + row): null

2021-06-22 01:12:37 - [TEST_STEP][PASSED] - closeBrowser(): Browser is closed

2021-06-22 01:12:37 - [MESSAGE][PASSED] - Browser is closed

2021-06-22 01:12:37 - [TEST_STEP][PASSED] - out.println("Begin Record Number: " + row): null

2021-06-22 01:12:37 - [TEST_STEP][PASSED] - today = new java.util.Date(): null

2021-06-22 01:12:37 - [TEST_STEP][PASSED] - println(today): null

2021-06-22 01:12:37 - [TEST_STEP][PASSED] - datText = today: null

2021-06-22 01:12:37 - [TEST_STEP][PASSED] - openBrowser(VLinkURL + "authcap.html"): Browser is opened with url: 'https://dev-algorithm.govolution.com/vlinktest/QA/version_2_0/authcap.html'

2021-06-22 01:12:37 - [MESSAGE][INFO] - Starting 'Chrome' driver

2021-06-22 01:12:37 - [MESSAGE][INFO] - User set preference: ['acceptInsecureCerts', 'true']

2021-06-22 01:12:37 - [MESSAGE][INFO] - Action delay is set to 0 milliseconds

2021-06-22 01:12:39 - [MESSAGE][PASSED] - Browser is opened with url: 'https://dev-algorithm.govolution.com/vlinktest/QA/version_2_0/authcap.html'

2021-06-22 01:12:39 - [TEST_STEP][PASSED] - maximizeWindow(): Current window maximized

2021-06-22 01:12:39 - [MESSAGE][PASSED] - Current window maximized

2021-06-22 01:12:39 - [TEST_STEP][PASSED] - vlinkPages.saleCCPage.setDataSCC(row, dataFile): vlinkPages.saleCCPage.setDataSCC is PASSED

2021-06-22 01:12:41 - [MESSAGE][PASSED] - Object 'Object Repository/VLink/Page_CCSale/txt_CardNumber' is present

2021-06-22 01:12:41 - [MESSAGE][PASSED] - Object 'Object Repository/VLink/Page_CCSale/txt_TransactionType' is present

2021-06-22 01:12:42 - [MESSAGE][PASSED] - Text '104' is set on object 'Object Repository/VLink/Page_CCSale/txt_TransactionType'

2021-06-22 01:12:42 - [MESSAGE][PASSED] - Object 'Object Repository/VLink/Page_CCSale/txt_MessageVersion' is present

2021-06-22 01:12:43 - [MESSAGE][PASSED] - Text '2.0C' is set on object 'Object Repository/VLink/Page_CCSale/txt_MessageVersion'

2021-06-22 01:12:43 - [MESSAGE][PASSED] - Object 'Object Repository/VLink/Page_CCSale/txt_RemID' is present

2021-06-22 01:12:44 - [MESSAGE][PASSED] - Text 'RjLTi4Hf30IY' is set on object 'Object Repository/VLink/Page_CCSale/txt_RemID'

2021-06-22 01:12:44 - [MESSAGE][PASSED] - Object 'Object Repository/VLink/Page_CCSale/txt_ApplicationId' is present

2021-06-22 01:12:45 - [MESSAGE][PASSED] - Text '672' is set on object 'Object Repository/VLink/Page_CCSale/txt_ApplicationId'

2021-06-22 01:12:45 - [MESSAGE][PASSED] - Object 'Object Repository/VLink/Page_CCSale/txt_Username' is present

2021-06-22 01:12:46 - [MESSAGE][PASSED] - Text 'username' is set on object 'Object Repository/VLink/Page_CCSale/txt_Username'

2021-06-22 01:12:46 - [MESSAGE][PASSED] - Object 'Object Repository/VLink/Page_CCSale/txt_Password' is present

2021-06-22 01:12:47 - [MESSAGE][PASSED] - Text 'password' is set on object 'Object Repository/VLink/Page_CCSale/txt_Password'

2021-06-22 01:12:47 - [MESSAGE][PASSED] - Object 'Object Repository/VLink/Page_CCSale/txt_ResponseFormat' is present

2021-06-22 01:12:47 - [MESSAGE][PASSED] - Text 'fixed_width' is set on object 'Object Repository/VLink/Page_CCSale/txt_ResponseFormat'

2021-06-22 01:12:48 - [MESSAGE][PASSED] - Object 'Object Repository/VLink/Page_CCSale/txt_Category' is present

2021-06-22 01:12:48 - [MESSAGE][PASSED] - Text 'RETL' is set on object 'Object Repository/VLink/Page_CCSale/txt_Category'

2021-06-22 01:12:49 - [MESSAGE][PASSED] - Object 'Object Repository/VLink/Page_CCSale/txt_TransactionID' is present

2021-06-22 01:12:49 - [MESSAGE][PASSED] - Text '' is set on object 'Object Repository/VLink/Page_CCSale/txt_TransactionID'

2021-06-22 01:12:49 - [MESSAGE][PASSED] - Object 'Object Repository/VLink/Page_CCSale/txt_ApprovalCode' is present

2021-06-22 01:12:50 - [MESSAGE][PASSED] - Text '' is set on object 'Object Repository/VLink/Page_CCSale/txt_ApprovalCode'

2021-06-22 01:12:50 - [MESSAGE][PASSED] - Object 'Object Repository/VLink/Page_CCSale/txt_CardName' is present

2021-06-22 01:12:51 - [MESSAGE][PASSED] - Text 'Arvind Silva' is set on object 'Object Repository/VLink/Page_CCSale/txt_CardName'

2021-06-22 01:12:51 - [MESSAGE][PASSED] - Object 'Object Repository/VLink/Page_CCSale/txt_AL1' is present

2021-06-22 01:12:52 - [MESSAGE][PASSED] - Text '111 Main Ave' is set on object 'Object Repository/VLink/Page_CCSale/txt_AL1'

2021-06-22 01:12:52 - [MESSAGE][PASSED] - Object 'Object Repository/VLink/Page_CCSale/txt_AL2' is present

2021-06-22 01:12:53 - [MESSAGE][PASSED] - Text '' is set on object 'Object Repository/VLink/Page_CCSale/txt_AL2'

2021-06-22 01:12:53 - [MESSAGE][PASSED] - Object 'Object Repository/VLink/Page_CCSale/txt_CardCity' is present

2021-06-22 01:12:54 - [MESSAGE][PASSED] - Text 'Arlington' is set on object 'Object Repository/VLink/Page_CCSale/txt_CardCity'

2021-06-22 01:12:54 - [MESSAGE][PASSED] - Object 'Object Repository/VLink/Page_CCSale/txt_CardState' is present

2021-06-22 01:12:55 - [MESSAGE][PASSED] - Text 'VA' is set on object 'Object Repository/VLink/Page_CCSale/txt_CardState'

2021-06-22 01:12:55 - [MESSAGE][PASSED] - Object 'Object Repository/VLink/Page_CCSale/txt_CardZIP' is present

2021-06-22 01:12:56 - [MESSAGE][PASSED] - Text '22201' is set on object 'Object Repository/VLink/Page_CCSale/txt_CardZIP'

2021-06-22 01:12:56 - [MESSAGE][PASSED] - Object 'Object Repository/VLink/Page_CCSale/txt_CountryID' is present

2021-06-22 01:12:57 - [MESSAGE][PASSED] - Text '' is set on object 'Object Repository/VLink/Page_CCSale/txt_CountryID'

2021-06-22 01:12:57 - [MESSAGE][PASSED] - Object 'Object Repository/VLink/Page_CCSale/txt_Amount' is present

2021-06-22 01:12:58 - [MESSAGE][PASSED] - Text '2.50' is set on object 'Object Repository/VLink/Page_CCSale/txt_Amount'

2021-06-22 01:12:58 - [MESSAGE][PASSED] - Object 'Object Repository/VLink/Page_CCSale/txt_CardNumber' is present

2021-06-22 01:12:59 - [MESSAGE][PASSED] - Text '4111111111111111' is set on object 'Object Repository/VLink/Page_CCSale/txt_CardNumber'

2021-06-22 01:12:59 - [MESSAGE][PASSED] - Object 'Object Repository/VLink/Page_CCSale/txt_ExpMonth' is present

2021-06-22 01:13:00 - [MESSAGE][PASSED] - Text '01' is set on object 'Object Repository/VLink/Page_CCSale/txt_ExpMonth'

2021-06-22 01:13:00 - [MESSAGE][PASSED] - Object 'Object Repository/VLink/Page_CCSale/txt_ExpYear' is present

2021-06-22 01:13:01 - [MESSAGE][PASSED] - Text '2026' is set on object 'Object Repository/VLink/Page_CCSale/txt_ExpYear'

2021-06-22 01:13:01 - [MESSAGE][PASSED] - Object 'Object Repository/VLink/Page_CCSale/txt_CVV' is present

2021-06-22 01:13:02 - [MESSAGE][PASSED] - Text '' is set on object 'Object Repository/VLink/Page_CCSale/txt_CVV'

2021-06-22 01:13:02 - [MESSAGE][PASSED] - Object 'Object Repository/VLink/Page_CCSale/txt_CVVstate' is present

2021-06-22 01:13:03 - [MESSAGE][PASSED] - Text '' is set on object 'Object Repository/VLink/Page_CCSale/txt_CVVstate'

2021-06-22 01:13:03 - [MESSAGE][PASSED] - Object 'Object Repository/VLink/Page_CCSale/txt_TrackData' is present

2021-06-22 01:13:04 - [MESSAGE][PASSED] - Text '' is set on object 'Object Repository/VLink/Page_CCSale/txt_TrackData'

2021-06-22 01:13:04 - [MESSAGE][PASSED] - Object 'Object Repository/VLink/Page_CCSale/txt_Track1Data' is present

2021-06-22 01:13:05 - [MESSAGE][PASSED] - Text '' is set on object 'Object Repository/VLink/Page_CCSale/txt_Track1Data'

2021-06-22 01:13:05 - [MESSAGE][PASSED] - Object 'Object Repository/VLink/Page_CCSale/txt_Track2Data' is present

2021-06-22 01:13:06 - [MESSAGE][PASSED] - Text '' is set on object 'Object Repository/VLink/Page_CCSale/txt_Track2Data'

2021-06-22 01:13:06 - [MESSAGE][PASSED] - Object 'Object Repository/VLink/Page_CCSale/txt_POSEntryMode' is present

2021-06-22 01:13:07 - [MESSAGE][PASSED] - Text 'manual' is set on object 'Object Repository/VLink/Page_CCSale/txt_POSEntryMode'

2021-06-22 01:13:07 - [MESSAGE][PASSED] - Object 'Object Repository/VLink/Page_CCSale/txt_Email' is present

2021-06-22 01:13:08 - [MESSAGE][PASSED] - Text '' is set on object 'Object Repository/VLink/Page_CCSale/txt_Email'

2021-06-22 01:13:08 - [MESSAGE][PASSED] - Object 'Object Repository/VLink/Page_CCSale/txt_OrderNumber' is present

2021-06-22 01:13:09 - [MESSAGE][PASSED] - Text '' is set on object 'Object Repository/VLink/Page_CCSale/txt_OrderNumber'

2021-06-22 01:13:09 - [MESSAGE][PASSED] - Object 'Object Repository/VLink/Page_CCSale/txt_TaxAmount' is present

2021-06-22 01:13:10 - [MESSAGE][PASSED] - Text '' is set on object 'Object Repository/VLink/Page_CCSale/txt_TaxAmount'

2021-06-22 01:13:10 - [MESSAGE][PASSED] - Object 'Object Repository/VLink/Page_CCSale/txt_ChargeDescription' is present

2021-06-22 01:13:11 - [MESSAGE][PASSED] - Text '' is set on object 'Object Repository/VLink/Page_CCSale/txt_ChargeDescription'

2021-06-22 01:13:11 - [MESSAGE][PASSED] - Object 'Object Repository/VLink/Page_CCSale/txt_CAN' is present

2021-06-22 01:13:12 - [MESSAGE][PASSED] - Text '' is set on object 'Object Repository/VLink/Page_CCSale/txt_CAN'

2021-06-22 01:13:12 - [MESSAGE][PASSED] - Object 'Object Repository/VLink/Page_CCSale/txt_BillPaymentIndicator' is present

2021-06-22 01:13:12 - [MESSAGE][PASSED] - Text '' is set on object 'Object Repository/VLink/Page_CCSale/txt_BillPaymentIndicator'

2021-06-22 01:13:13 - [MESSAGE][PASSED] - Object 'Object Repository/VLink/Page_CCSale/txt_UDF1' is present

2021-06-22 01:13:13 - [MESSAGE][PASSED] - Text '' is set on object 'Object Repository/VLink/Page_CCSale/txt_UDF1'

2021-06-22 01:13:14 - [MESSAGE][PASSED] - Object 'Object Repository/VLink/Page_CCSale/txt_UDF2' is present

2021-06-22 01:13:14 - [MESSAGE][PASSED] - Text '' is set on object 'Object Repository/VLink/Page_CCSale/txt_UDF2'

2021-06-22 01:13:15 - [MESSAGE][PASSED] - Object 'Object Repository/VLink/Page_CCSale/txt_UDF3' is present

2021-06-22 01:13:15 - [MESSAGE][PASSED] - Text '' is set on object 'Object Repository/VLink/Page_CCSale/txt_UDF3'

2021-06-22 01:13:16 - [MESSAGE][PASSED] - Object 'Object Repository/VLink/Page_CCSale/txt_UDF4' is present

2021-06-22 01:13:16 - [MESSAGE][PASSED] - Text '' is set on object 'Object Repository/VLink/Page_CCSale/txt_UDF4'

2021-06-22 01:13:17 - [MESSAGE][PASSED] - Object 'Object Repository/VLink/Page_CCSale/txt_UDF5' is present

2021-06-22 01:13:17 - [MESSAGE][PASSED] - Text '' is set on object 'Object Repository/VLink/Page_CCSale/txt_UDF5'

2021-06-22 01:13:18 - [MESSAGE][PASSED] - Object 'Object Repository/VLink/Page_CCSale/txt_UDF6' is present

2021-06-22 01:13:18 - [MESSAGE][PASSED] - Text '' is set on object 'Object Repository/VLink/Page_CCSale/txt_UDF6'

2021-06-22 01:13:19 - [MESSAGE][PASSED] - Object 'Object Repository/VLink/Page_CCSale/txt_UDF7' is present

2021-06-22 01:13:19 - [MESSAGE][PASSED] - Text '' is set on object 'Object Repository/VLink/Page_CCSale/txt_UDF7'

2021-06-22 01:13:20 - [MESSAGE][PASSED] - Object 'Object Repository/VLink/Page_CCSale/txt_UDF8' is present

2021-06-22 01:13:20 - [MESSAGE][PASSED] - Text '' is set on object 'Object Repository/VLink/Page_CCSale/txt_UDF8'

2021-06-22 01:13:21 - [MESSAGE][PASSED] - Object 'Object Repository/VLink/Page_CCSale/txt_UDF9' is present

2021-06-22 01:13:21 - [MESSAGE][PASSED] - Text '' is set on object 'Object Repository/VLink/Page_CCSale/txt_UDF9'

2021-06-22 01:13:22 - [MESSAGE][PASSED] - Object 'Object Repository/VLink/Page_CCSale/txt_UDF10' is present

2021-06-22 01:13:22 - [MESSAGE][PASSED] - Text '' is set on object 'Object Repository/VLink/Page_CCSale/txt_UDF10'

2021-06-22 01:13:23 - [MESSAGE][PASSED] - Object 'Object Repository/VLink/Page_CCSale/txt_CardOnFileIndicator' is present

2021-06-22 01:13:23 - [MESSAGE][PASSED] - Text '' is set on object 'Object Repository/VLink/Page_CCSale/txt_CardOnFileIndicator'

2021-06-22 01:13:24 - [MESSAGE][PASSED] - Object 'Object Repository/VLink/Page_CCSale/txt_StoredCredentialIndicator' is present

2021-06-22 01:13:24 - [MESSAGE][PASSED] - Text '' is set on object 'Object Repository/VLink/Page_CCSale/txt_StoredCredentialIndicator'

2021-06-22 01:13:25 - [MESSAGE][PASSED] - Object 'Object Repository/VLink/Page_CCSale/txt_COFScheduledIndicator' is present

2021-06-22 01:13:25 - [MESSAGE][PASSED] - Text '' is set on object 'Object Repository/VLink/Page_CCSale/txt_COFScheduledIndicator'

2021-06-22 01:13:26 - [MESSAGE][PASSED] - Object 'Object Repository/VLink/Page_CCSale/txt_COFTransactionInitiatedBy' is present

2021-06-22 01:13:26 - [MESSAGE][PASSED] - Text '' is set on object 'Object Repository/VLink/Page_CCSale/txt_COFTransactionInitiatedBy'

2021-06-22 01:13:29 - [MESSAGE][PASSED] - Object: 'Object Repository/VLink/Page_CCSale/btn_ProcessVLinkTransaction' is clicked on

2021-06-22 01:13:34 - [MESSAGE][PASSED] - vlinkPages.saleCCPage.setDataSCC is PASSED

2021-06-22 01:13:34 - [TEST_STEP][PASSED] - if (verifyTextPresent("Transaction approved, no errors", true)): null

2021-06-22 01:13:34 - [MESSAGE][PASSED] - Text 'Transaction approved, no errors' is present on page  using regular expression

2021-06-22 01:13:34 - [TEST_STEP][PASSED] - println("Transaction Approved, no errors text is present on the Confirmation page"): null

2021-06-22 01:13:34 - [TEST_STEP][PASSED] - out.println("Pass Record Number: " + row): null

2021-06-22 01:13:34 - [TEST_STEP][PASSED] - resText = "Pass": null

2021-06-22 01:13:34 - [TEST_STEP][PASSED] - pages.WriteExcel.demoKey(resText, datText, resColumn, datCloumn, fileLoc, nameSheet, row): pages.WriteExcel.demoKey is PASSED

2021-06-22 01:13:34 - [MESSAGE][PASSED] - pages.WriteExcel.demoKey is PASSED

2021-06-22 01:13:34 - [TEST_STEP][PASSED] - sdfo = getText(findTestObject("Object Repository/Page_VLinkReceipt/pre_STX")): Text of object 'Object Repository/Page_VLinkReceipt/pre_STX' is: '<STX>RjLTi4Hf30IY                  12098350            0  Transaction approved, no errors                   0                                                                                  X OK6645   <ETX>'

2021-06-22 01:13:35 - [MESSAGE][PASSED] - Text of object 'Object Repository/Page_VLinkReceipt/pre_STX' is: '<STX>RjLTi4Hf30IY                  12098350            0  Transaction approved, no errors                   0                                                                                  X OK6645   <ETX>'

2021-06-22 01:13:35 - [TEST_STEP][PASSED] - out.println("sdfo: " + sdfo): null

2021-06-22 01:13:35 - [TEST_STEP][PASSED] - remID = substring(5, 35).trim(): null

2021-06-22 01:13:35 - [TEST_STEP][PASSED] - out.println("Remittance ID: " + remID): null

2021-06-22 01:13:35 - [TEST_STEP][PASSED] - traxID = substring(35, 55).trim(): null

2021-06-22 01:13:35 - [TEST_STEP][PASSED] - out.println("Transaction ID: " + traxID): null

2021-06-22 01:13:35 - [TEST_STEP][PASSED] - out.println("End Record Number: " + row): null

2021-06-22 01:13:35 - [TEST_STEP][PASSED] - closeBrowser(): Browser is closed

2021-06-22 01:13:35 - [MESSAGE][PASSED] - Browser is closed

2021-06-22 01:13:35 - [TEST_STEP][PASSED] - out.println("Begin Record Number: " + row): null

2021-06-22 01:13:35 - [TEST_STEP][PASSED] - today = new java.util.Date(): null

2021-06-22 01:13:35 - [TEST_STEP][PASSED] - println(today): null

2021-06-22 01:13:35 - [TEST_STEP][PASSED] - datText = today: null

2021-06-22 01:13:35 - [TEST_STEP][PASSED] - openBrowser(VLinkURL + "authcap.html"): Browser is opened with url: 'https://dev-algorithm.govolution.com/vlinktest/QA/version_2_0/authcap.html'

2021-06-22 01:13:35 - [MESSAGE][INFO] - Starting 'Chrome' driver

2021-06-22 01:13:35 - [MESSAGE][INFO] - User set preference: ['acceptInsecureCerts', 'true']

2021-06-22 01:13:35 - [MESSAGE][INFO] - Action delay is set to 0 milliseconds

2021-06-22 01:13:37 - [MESSAGE][PASSED] - Browser is opened with url: 'https://dev-algorithm.govolution.com/vlinktest/QA/version_2_0/authcap.html'

2021-06-22 01:13:37 - [TEST_STEP][PASSED] - maximizeWindow(): Current window maximized

2021-06-22 01:13:37 - [MESSAGE][PASSED] - Current window maximized

2021-06-22 01:13:37 - [TEST_STEP][PASSED] - vlinkPages.saleCCPage.setDataSCC(row, dataFile): vlinkPages.saleCCPage.setDataSCC is PASSED

2021-06-22 01:13:39 - [MESSAGE][PASSED] - Object 'Object Repository/VLink/Page_CCSale/txt_CardNumber' is present

2021-06-22 01:13:39 - [MESSAGE][PASSED] - Object 'Object Repository/VLink/Page_CCSale/txt_TransactionType' is present

2021-06-22 01:13:40 - [MESSAGE][PASSED] - Text '104' is set on object 'Object Repository/VLink/Page_CCSale/txt_TransactionType'

2021-06-22 01:13:40 - [MESSAGE][PASSED] - Object 'Object Repository/VLink/Page_CCSale/txt_MessageVersion' is present

2021-06-22 01:13:41 - [MESSAGE][PASSED] - Text '2.0C' is set on object 'Object Repository/VLink/Page_CCSale/txt_MessageVersion'

2021-06-22 01:13:41 - [MESSAGE][PASSED] - Object 'Object Repository/VLink/Page_CCSale/txt_RemID' is present

2021-06-22 01:13:42 - [MESSAGE][PASSED] - Text 'Vg5Uzc5EtMky' is set on object 'Object Repository/VLink/Page_CCSale/txt_RemID'

2021-06-22 01:13:42 - [MESSAGE][PASSED] - Object 'Object Repository/VLink/Page_CCSale/txt_ApplicationId' is present

2021-06-22 01:13:43 - [MESSAGE][PASSED] - Text '677' is set on object 'Object Repository/VLink/Page_CCSale/txt_ApplicationId'

2021-06-22 01:13:43 - [MESSAGE][PASSED] - Object 'Object Repository/VLink/Page_CCSale/txt_Username' is present

2021-06-22 01:13:44 - [MESSAGE][PASSED] - Text 'username' is set on object 'Object Repository/VLink/Page_CCSale/txt_Username'

2021-06-22 01:13:44 - [MESSAGE][PASSED] - Object 'Object Repository/VLink/Page_CCSale/txt_Password' is present

2021-06-22 01:13:44 - [MESSAGE][PASSED] - Text 'password' is set on object 'Object Repository/VLink/Page_CCSale/txt_Password'

2021-06-22 01:13:45 - [MESSAGE][PASSED] - Object 'Object Repository/VLink/Page_CCSale/txt_ResponseFormat' is present

2021-06-22 01:13:45 - [MESSAGE][PASSED] - Text 'fixed_width' is set on object 'Object Repository/VLink/Page_CCSale/txt_ResponseFormat'

2021-06-22 01:13:46 - [MESSAGE][PASSED] - Object 'Object Repository/VLink/Page_CCSale/txt_Category' is present

2021-06-22 01:13:46 - [MESSAGE][PASSED] - Text 'RETL' is set on object 'Object Repository/VLink/Page_CCSale/txt_Category'

2021-06-22 01:13:46 - [MESSAGE][PASSED] - Object 'Object Repository/VLink/Page_CCSale/txt_TransactionID' is present

2021-06-22 01:13:47 - [MESSAGE][PASSED] - Text '' is set on object 'Object Repository/VLink/Page_CCSale/txt_TransactionID'

2021-06-22 01:13:47 - [MESSAGE][PASSED] - Object 'Object Repository/VLink/Page_CCSale/txt_ApprovalCode' is present

2021-06-22 01:13:48 - [MESSAGE][PASSED] - Text '' is set on object 'Object Repository/VLink/Page_CCSale/txt_ApprovalCode'

2021-06-22 01:13:48 - [MESSAGE][PASSED] - Object 'Object Repository/VLink/Page_CCSale/txt_CardName' is present

2021-06-22 01:13:49 - [MESSAGE][PASSED] - Text 'Roshan Maha' is set on object 'Object Repository/VLink/Page_CCSale/txt_CardName'

2021-06-22 01:13:49 - [MESSAGE][PASSED] - Object 'Object Repository/VLink/Page_CCSale/txt_AL1' is present

2021-06-22 01:13:50 - [MESSAGE][PASSED] - Text '12563 Bazaar road' is set on object 'Object Repository/VLink/Page_CCSale/txt_AL1'

2021-06-22 01:13:50 - [MESSAGE][PASSED] - Object 'Object Repository/VLink/Page_CCSale/txt_AL2' is present

2021-06-22 01:13:51 - [MESSAGE][PASSED] - Text '' is set on object 'Object Repository/VLink/Page_CCSale/txt_AL2'

2021-06-22 01:13:51 - [MESSAGE][PASSED] - Object 'Object Repository/VLink/Page_CCSale/txt_CardCity' is present

2021-06-22 01:13:52 - [MESSAGE][PASSED] - Text 'Crofton' is set on object 'Object Repository/VLink/Page_CCSale/txt_CardCity'

2021-06-22 01:13:52 - [MESSAGE][PASSED] - Object 'Object Repository/VLink/Page_CCSale/txt_CardState' is present

2021-06-22 01:13:53 - [MESSAGE][PASSED] - Text 'MD' is set on object 'Object Repository/VLink/Page_CCSale/txt_CardState'

2021-06-22 01:13:53 - [MESSAGE][PASSED] - Object 'Object Repository/VLink/Page_CCSale/txt_CardZIP' is present

2021-06-22 01:13:54 - [MESSAGE][PASSED] - Text '21114' is set on object 'Object Repository/VLink/Page_CCSale/txt_CardZIP'

2021-06-22 01:13:54 - [MESSAGE][PASSED] - Object 'Object Repository/VLink/Page_CCSale/txt_CountryID' is present

2021-06-22 01:13:55 - [MESSAGE][PASSED] - Text '' is set on object 'Object Repository/VLink/Page_CCSale/txt_CountryID'

2021-06-22 01:13:55 - [MESSAGE][PASSED] - Object 'Object Repository/VLink/Page_CCSale/txt_Amount' is present

2021-06-22 01:13:56 - [MESSAGE][PASSED] - Text '3.50' is set on object 'Object Repository/VLink/Page_CCSale/txt_Amount'

2021-06-22 01:13:56 - [MESSAGE][PASSED] - Object 'Object Repository/VLink/Page_CCSale/txt_CardNumber' is present

2021-06-22 01:13:57 - [MESSAGE][PASSED] - Text '4111111111111111' is set on object 'Object Repository/VLink/Page_CCSale/txt_CardNumber'

2021-06-22 01:13:57 - [MESSAGE][PASSED] - Object 'Object Repository/VLink/Page_CCSale/txt_ExpMonth' is present

2021-06-22 01:13:58 - [MESSAGE][PASSED] - Text '01' is set on object 'Object Repository/VLink/Page_CCSale/txt_ExpMonth'

2021-06-22 01:13:58 - [MESSAGE][PASSED] - Object 'Object Repository/VLink/Page_CCSale/txt_ExpYear' is present

2021-06-22 01:13:59 - [MESSAGE][PASSED] - Text '2026' is set on object 'Object Repository/VLink/Page_CCSale/txt_ExpYear'

2021-06-22 01:13:59 - [MESSAGE][PASSED] - Object 'Object Repository/VLink/Page_CCSale/txt_CVV' is present

2021-06-22 01:14:00 - [MESSAGE][PASSED] - Text '' is set on object 'Object Repository/VLink/Page_CCSale/txt_CVV'

2021-06-22 01:14:00 - [MESSAGE][PASSED] - Object 'Object Repository/VLink/Page_CCSale/txt_CVVstate' is present

2021-06-22 01:14:01 - [MESSAGE][PASSED] - Text '' is set on object 'Object Repository/VLink/Page_CCSale/txt_CVVstate'

2021-06-22 01:14:01 - [MESSAGE][PASSED] - Object 'Object Repository/VLink/Page_CCSale/txt_TrackData' is present

2021-06-22 01:14:02 - [MESSAGE][PASSED] - Text '' is set on object 'Object Repository/VLink/Page_CCSale/txt_TrackData'

2021-06-22 01:14:02 - [MESSAGE][PASSED] - Object 'Object Repository/VLink/Page_CCSale/txt_Track1Data' is present

2021-06-22 01:14:03 - [MESSAGE][PASSED] - Text '' is set on object 'Object Repository/VLink/Page_CCSale/txt_Track1Data'

2021-06-22 01:14:03 - [MESSAGE][PASSED] - Object 'Object Repository/VLink/Page_CCSale/txt_Track2Data' is present

2021-06-22 01:14:04 - [MESSAGE][PASSED] - Text '' is set on object 'Object Repository/VLink/Page_CCSale/txt_Track2Data'

2021-06-22 01:14:04 - [MESSAGE][PASSED] - Object 'Object Repository/VLink/Page_CCSale/txt_POSEntryMode' is present

2021-06-22 01:14:05 - [MESSAGE][PASSED] - Text 'manual' is set on object 'Object Repository/VLink/Page_CCSale/txt_POSEntryMode'

2021-06-22 01:14:05 - [MESSAGE][PASSED] - Object 'Object Repository/VLink/Page_CCSale/txt_Email' is present

2021-06-22 01:14:06 - [MESSAGE][PASSED] - Text '' is set on object 'Object Repository/VLink/Page_CCSale/txt_Email'

2021-06-22 01:14:06 - [MESSAGE][PASSED] - Object 'Object Repository/VLink/Page_CCSale/txt_OrderNumber' is present

2021-06-22 01:14:07 - [MESSAGE][PASSED] - Text '' is set on object 'Object Repository/VLink/Page_CCSale/txt_OrderNumber'

2021-06-22 01:14:07 - [MESSAGE][PASSED] - Object 'Object Repository/VLink/Page_CCSale/txt_TaxAmount' is present

2021-06-22 01:14:08 - [MESSAGE][PASSED] - Text '' is set on object 'Object Repository/VLink/Page_CCSale/txt_TaxAmount'

2021-06-22 01:14:08 - [MESSAGE][PASSED] - Object 'Object Repository/VLink/Page_CCSale/txt_ChargeDescription' is present

2021-06-22 01:14:09 - [MESSAGE][PASSED] - Text '' is set on object 'Object Repository/VLink/Page_CCSale/txt_ChargeDescription'

2021-06-22 01:14:09 - [MESSAGE][PASSED] - Object 'Object Repository/VLink/Page_CCSale/txt_CAN' is present

2021-06-22 01:14:10 - [MESSAGE][PASSED] - Text '' is set on object 'Object Repository/VLink/Page_CCSale/txt_CAN'

2021-06-22 01:14:10 - [MESSAGE][PASSED] - Object 'Object Repository/VLink/Page_CCSale/txt_BillPaymentIndicator' is present

2021-06-22 01:14:11 - [MESSAGE][PASSED] - Text '' is set on object 'Object Repository/VLink/Page_CCSale/txt_BillPaymentIndicator'

2021-06-22 01:14:11 - [MESSAGE][PASSED] - Object 'Object Repository/VLink/Page_CCSale/txt_UDF1' is present

2021-06-22 01:14:12 - [MESSAGE][PASSED] - Text '' is set on object 'Object Repository/VLink/Page_CCSale/txt_UDF1'

2021-06-22 01:14:12 - [MESSAGE][PASSED] - Object 'Object Repository/VLink/Page_CCSale/txt_UDF2' is present

2021-06-22 01:14:13 - [MESSAGE][PASSED] - Text '' is set on object 'Object Repository/VLink/Page_CCSale/txt_UDF2'

2021-06-22 01:14:13 - [MESSAGE][PASSED] - Object 'Object Repository/VLink/Page_CCSale/txt_UDF3' is present

2021-06-22 01:14:14 - [MESSAGE][PASSED] - Text '' is set on object 'Object Repository/VLink/Page_CCSale/txt_UDF3'

2021-06-22 01:14:14 - [MESSAGE][PASSED] - Object 'Object Repository/VLink/Page_CCSale/txt_UDF4' is present

2021-06-22 01:14:15 - [MESSAGE][PASSED] - Text '' is set on object 'Object Repository/VLink/Page_CCSale/txt_UDF4'

2021-06-22 01:14:15 - [MESSAGE][PASSED] - Object 'Object Repository/VLink/Page_CCSale/txt_UDF5' is present

2021-06-22 01:14:16 - [MESSAGE][PASSED] - Text '' is set on object 'Object Repository/VLink/Page_CCSale/txt_UDF5'

2021-06-22 01:14:16 - [MESSAGE][PASSED] - Object 'Object Repository/VLink/Page_CCSale/txt_UDF6' is present

2021-06-22 01:14:17 - [MESSAGE][PASSED] - Text '' is set on object 'Object Repository/VLink/Page_CCSale/txt_UDF6'

2021-06-22 01:14:17 - [MESSAGE][PASSED] - Object 'Object Repository/VLink/Page_CCSale/txt_UDF7' is present

2021-06-22 01:14:18 - [MESSAGE][PASSED] - Text '' is set on object 'Object Repository/VLink/Page_CCSale/txt_UDF7'

2021-06-22 01:14:18 - [MESSAGE][PASSED] - Object 'Object Repository/VLink/Page_CCSale/txt_UDF8' is present

2021-06-22 01:14:19 - [MESSAGE][PASSED] - Text '' is set on object 'Object Repository/VLink/Page_CCSale/txt_UDF8'

2021-06-22 01:14:19 - [MESSAGE][PASSED] - Object 'Object Repository/VLink/Page_CCSale/txt_UDF9' is present

2021-06-22 01:14:20 - [MESSAGE][PASSED] - Text '' is set on object 'Object Repository/VLink/Page_CCSale/txt_UDF9'

2021-06-22 01:14:20 - [MESSAGE][PASSED] - Object 'Object Repository/VLink/Page_CCSale/txt_UDF10' is present

2021-06-22 01:14:21 - [MESSAGE][PASSED] - Text '' is set on object 'Object Repository/VLink/Page_CCSale/txt_UDF10'

2021-06-22 01:14:21 - [MESSAGE][PASSED] - Object 'Object Repository/VLink/Page_CCSale/txt_CardOnFileIndicator' is present

2021-06-22 01:14:22 - [MESSAGE][PASSED] - Text '' is set on object 'Object Repository/VLink/Page_CCSale/txt_CardOnFileIndicator'

2021-06-22 01:14:22 - [MESSAGE][PASSED] - Object 'Object Repository/VLink/Page_CCSale/txt_StoredCredentialIndicator' is present

2021-06-22 01:14:23 - [MESSAGE][PASSED] - Text '' is set on object 'Object Repository/VLink/Page_CCSale/txt_StoredCredentialIndicator'

2021-06-22 01:14:23 - [MESSAGE][PASSED] - Object 'Object Repository/VLink/Page_CCSale/txt_COFScheduledIndicator' is present

2021-06-22 01:14:24 - [MESSAGE][PASSED] - Text '' is set on object 'Object Repository/VLink/Page_CCSale/txt_COFScheduledIndicator'

2021-06-22 01:14:24 - [MESSAGE][PASSED] - Object 'Object Repository/VLink/Page_CCSale/txt_COFTransactionInitiatedBy' is present

2021-06-22 01:14:25 - [MESSAGE][PASSED] - Text '' is set on object 'Object Repository/VLink/Page_CCSale/txt_COFTransactionInitiatedBy'

2021-06-22 01:14:28 - [MESSAGE][PASSED] - Object: 'Object Repository/VLink/Page_CCSale/btn_ProcessVLinkTransaction' is clicked on

2021-06-22 01:14:33 - [MESSAGE][PASSED] - vlinkPages.saleCCPage.setDataSCC is PASSED

2021-06-22 01:14:33 - [TEST_STEP][PASSED] - if (verifyTextPresent("Transaction approved, no errors", true)): null

2021-06-22 01:14:33 - [MESSAGE][PASSED] - Text 'Transaction approved, no errors' is present on page  using regular expression

2021-06-22 01:14:33 - [TEST_STEP][PASSED] - println("Transaction Approved, no errors text is present on the Confirmation page"): null

2021-06-22 01:14:33 - [TEST_STEP][PASSED] - out.println("Pass Record Number: " + row): null

2021-06-22 01:14:33 - [TEST_STEP][PASSED] - resText = "Pass": null

2021-06-22 01:14:33 - [TEST_STEP][PASSED] - pages.WriteExcel.demoKey(resText, datText, resColumn, datCloumn, fileLoc, nameSheet, row): pages.WriteExcel.demoKey is PASSED

2021-06-22 01:14:33 - [MESSAGE][PASSED] - pages.WriteExcel.demoKey is PASSED

2021-06-22 01:14:33 - [TEST_STEP][PASSED] - sdfo = getText(findTestObject("Object Repository/Page_VLinkReceipt/pre_STX")): Text of object 'Object Repository/Page_VLinkReceipt/pre_STX' is: '<STX>Vg5Uzc5EtMky                  12098351            0  Transaction approved, no errors                   0                                                                                  X OK6875   <ETX>'

2021-06-22 01:14:34 - [MESSAGE][PASSED] - Text of object 'Object Repository/Page_VLinkReceipt/pre_STX' is: '<STX>Vg5Uzc5EtMky                  12098351            0  Transaction approved, no errors                   0                                                                                  X OK6875   <ETX>'

2021-06-22 01:14:34 - [TEST_STEP][PASSED] - out.println("sdfo: " + sdfo): null

2021-06-22 01:14:34 - [TEST_STEP][PASSED] - remID = substring(5, 35).trim(): null

2021-06-22 01:14:34 - [TEST_STEP][PASSED] - out.println("Remittance ID: " + remID): null

2021-06-22 01:14:34 - [TEST_STEP][PASSED] - traxID = substring(35, 55).trim(): null

2021-06-22 01:14:34 - [TEST_STEP][PASSED] - out.println("Transaction ID: " + traxID): null

2021-06-22 01:14:34 - [TEST_STEP][PASSED] - out.println("End Record Number: " + row): null

2021-06-22 01:14:34 - [TEST_STEP][PASSED] - closeBrowser(): Browser is closed

2021-06-22 01:14:34 - [MESSAGE][PASSED] - Browser is closed

2021-06-22 01:14:34 - [TEST_STEP][PASSED] - out.println("Begin Record Number: " + row): null

2021-06-22 01:14:34 - [TEST_STEP][PASSED] - today = new java.util.Date(): null

2021-06-22 01:14:34 - [TEST_STEP][PASSED] - println(today): null

2021-06-22 01:14:34 - [TEST_STEP][PASSED] - datText = today: null

2021-06-22 01:14:34 - [TEST_STEP][PASSED] - openBrowser(VLinkURL + "authcap.html"): Browser is opened with url: 'https://dev-algorithm.govolution.com/vlinktest/QA/version_2_0/authcap.html'

2021-06-22 01:14:34 - [MESSAGE][INFO] - Starting 'Chrome' driver

2021-06-22 01:14:34 - [MESSAGE][INFO] - User set preference: ['acceptInsecureCerts', 'true']

2021-06-22 01:14:34 - [MESSAGE][INFO] - Action delay is set to 0 milliseconds

2021-06-22 01:14:36 - [MESSAGE][PASSED] - Browser is opened with url: 'https://dev-algorithm.govolution.com/vlinktest/QA/version_2_0/authcap.html'

2021-06-22 01:14:36 - [TEST_STEP][PASSED] - maximizeWindow(): Current window maximized

2021-06-22 01:14:36 - [MESSAGE][PASSED] - Current window maximized

2021-06-22 01:14:36 - [TEST_STEP][PASSED] - vlinkPages.saleCCPage.setDataSCC(row, dataFile): vlinkPages.saleCCPage.setDataSCC is PASSED

2021-06-22 01:14:38 - [MESSAGE][PASSED] - Object 'Object Repository/VLink/Page_CCSale/txt_CardNumber' is present

2021-06-22 01:14:39 - [MESSAGE][PASSED] - Object 'Object Repository/VLink/Page_CCSale/txt_TransactionType' is present

2021-06-22 01:14:39 - [MESSAGE][PASSED] - Text '104' is set on object 'Object Repository/VLink/Page_CCSale/txt_TransactionType'

2021-06-22 01:14:39 - [MESSAGE][PASSED] - Object 'Object Repository/VLink/Page_CCSale/txt_MessageVersion' is present

2021-06-22 01:14:40 - [MESSAGE][PASSED] - Text '2.0C' is set on object 'Object Repository/VLink/Page_CCSale/txt_MessageVersion'

2021-06-22 01:14:40 - [MESSAGE][PASSED] - Object 'Object Repository/VLink/Page_CCSale/txt_RemID' is present

2021-06-22 01:14:41 - [MESSAGE][PASSED] - Text 'Piiqqmyo9Kap' is set on object 'Object Repository/VLink/Page_CCSale/txt_RemID'

2021-06-22 01:14:41 - [MESSAGE][PASSED] - Object 'Object Repository/VLink/Page_CCSale/txt_ApplicationId' is present

2021-06-22 01:14:42 - [MESSAGE][PASSED] - Text '665' is set on object 'Object Repository/VLink/Page_CCSale/txt_ApplicationId'

2021-06-22 01:14:42 - [MESSAGE][PASSED] - Object 'Object Repository/VLink/Page_CCSale/txt_Username' is present

2021-06-22 01:14:43 - [MESSAGE][PASSED] - Text 'username' is set on object 'Object Repository/VLink/Page_CCSale/txt_Username'

2021-06-22 01:14:43 - [MESSAGE][PASSED] - Object 'Object Repository/VLink/Page_CCSale/txt_Password' is present

2021-06-22 01:14:44 - [MESSAGE][PASSED] - Text 'password' is set on object 'Object Repository/VLink/Page_CCSale/txt_Password'

2021-06-22 01:14:44 - [MESSAGE][PASSED] - Object 'Object Repository/VLink/Page_CCSale/txt_ResponseFormat' is present

2021-06-22 01:14:44 - [MESSAGE][PASSED] - Text 'fixed_width' is set on object 'Object Repository/VLink/Page_CCSale/txt_ResponseFormat'

2021-06-22 01:14:45 - [MESSAGE][PASSED] - Object 'Object Repository/VLink/Page_CCSale/txt_Category' is present

2021-06-22 01:14:45 - [MESSAGE][PASSED] - Text 'RETL' is set on object 'Object Repository/VLink/Page_CCSale/txt_Category'

2021-06-22 01:14:46 - [MESSAGE][PASSED] - Object 'Object Repository/VLink/Page_CCSale/txt_TransactionID' is present

2021-06-22 01:14:46 - [MESSAGE][PASSED] - Text '' is set on object 'Object Repository/VLink/Page_CCSale/txt_TransactionID'

2021-06-22 01:14:46 - [MESSAGE][PASSED] - Object 'Object Repository/VLink/Page_CCSale/txt_ApprovalCode' is present

2021-06-22 01:14:47 - [MESSAGE][PASSED] - Text '' is set on object 'Object Repository/VLink/Page_CCSale/txt_ApprovalCode'

2021-06-22 01:14:47 - [MESSAGE][PASSED] - Object 'Object Repository/VLink/Page_CCSale/txt_CardName' is present

2021-06-22 01:14:48 - [MESSAGE][PASSED] - Text 'Kris Roshan' is set on object 'Object Repository/VLink/Page_CCSale/txt_CardName'

2021-06-22 01:14:48 - [MESSAGE][PASSED] - Object 'Object Repository/VLink/Page_CCSale/txt_AL1' is present

2021-06-22 01:14:49 - [MESSAGE][PASSED] - Text '258 Elm Road' is set on object 'Object Repository/VLink/Page_CCSale/txt_AL1'

2021-06-22 01:14:49 - [MESSAGE][PASSED] - Object 'Object Repository/VLink/Page_CCSale/txt_AL2' is present

2021-06-22 01:14:50 - [MESSAGE][PASSED] - Text 'Suite 56' is set on object 'Object Repository/VLink/Page_CCSale/txt_AL2'

2021-06-22 01:14:50 - [MESSAGE][PASSED] - Object 'Object Repository/VLink/Page_CCSale/txt_CardCity' is present

2021-06-22 01:14:51 - [MESSAGE][PASSED] - Text 'Arlington' is set on object 'Object Repository/VLink/Page_CCSale/txt_CardCity'

2021-06-22 01:14:51 - [MESSAGE][PASSED] - Object 'Object Repository/VLink/Page_CCSale/txt_CardState' is present

2021-06-22 01:14:52 - [MESSAGE][PASSED] - Text 'VA' is set on object 'Object Repository/VLink/Page_CCSale/txt_CardState'

2021-06-22 01:14:52 - [MESSAGE][PASSED] - Object 'Object Repository/VLink/Page_CCSale/txt_CardZIP' is present

2021-06-22 01:14:53 - [MESSAGE][PASSED] - Text '22201' is set on object 'Object Repository/VLink/Page_CCSale/txt_CardZIP'

2021-06-22 01:14:53 - [MESSAGE][PASSED] - Object 'Object Repository/VLink/Page_CCSale/txt_CountryID' is present

2021-06-22 01:14:54 - [MESSAGE][PASSED] - Text '840' is set on object 'Object Repository/VLink/Page_CCSale/txt_CountryID'

2021-06-22 01:14:54 - [MESSAGE][PASSED] - Object 'Object Repository/VLink/Page_CCSale/txt_Amount' is present

2021-06-22 01:14:55 - [MESSAGE][PASSED] - Text '1.50' is set on object 'Object Repository/VLink/Page_CCSale/txt_Amount'

2021-06-22 01:14:55 - [MESSAGE][PASSED] - Object 'Object Repository/VLink/Page_CCSale/txt_CardNumber' is present

2021-06-22 01:14:56 - [MESSAGE][PASSED] - Text '5424000000000015' is set on object 'Object Repository/VLink/Page_CCSale/txt_CardNumber'

2021-06-22 01:14:56 - [MESSAGE][PASSED] - Object 'Object Repository/VLink/Page_CCSale/txt_ExpMonth' is present

2021-06-22 01:14:57 - [MESSAGE][PASSED] - Text '12' is set on object 'Object Repository/VLink/Page_CCSale/txt_ExpMonth'

2021-06-22 01:14:57 - [MESSAGE][PASSED] - Object 'Object Repository/VLink/Page_CCSale/txt_ExpYear' is present

2021-06-22 01:14:58 - [MESSAGE][PASSED] - Text '2025' is set on object 'Object Repository/VLink/Page_CCSale/txt_ExpYear'

2021-06-22 01:14:58 - [MESSAGE][PASSED] - Object 'Object Repository/VLink/Page_CCSale/txt_CVV' is present

2021-06-22 01:14:59 - [MESSAGE][PASSED] - Text '' is set on object 'Object Repository/VLink/Page_CCSale/txt_CVV'

2021-06-22 01:14:59 - [MESSAGE][PASSED] - Object 'Object Repository/VLink/Page_CCSale/txt_CVVstate' is present

2021-06-22 01:15:00 - [MESSAGE][PASSED] - Text '' is set on object 'Object Repository/VLink/Page_CCSale/txt_CVVstate'

2021-06-22 01:15:00 - [MESSAGE][PASSED] - Object 'Object Repository/VLink/Page_CCSale/txt_TrackData' is present

2021-06-22 01:15:01 - [MESSAGE][PASSED] - Text '' is set on object 'Object Repository/VLink/Page_CCSale/txt_TrackData'

2021-06-22 01:15:01 - [MESSAGE][PASSED] - Object 'Object Repository/VLink/Page_CCSale/txt_Track1Data' is present

2021-06-22 01:15:02 - [MESSAGE][PASSED] - Text '' is set on object 'Object Repository/VLink/Page_CCSale/txt_Track1Data'

2021-06-22 01:15:02 - [MESSAGE][PASSED] - Object 'Object Repository/VLink/Page_CCSale/txt_Track2Data' is present

2021-06-22 01:15:03 - [MESSAGE][PASSED] - Text '' is set on object 'Object Repository/VLink/Page_CCSale/txt_Track2Data'

2021-06-22 01:15:03 - [MESSAGE][PASSED] - Object 'Object Repository/VLink/Page_CCSale/txt_POSEntryMode' is present

2021-06-22 01:15:04 - [MESSAGE][PASSED] - Text 'manual' is set on object 'Object Repository/VLink/Page_CCSale/txt_POSEntryMode'

2021-06-22 01:15:04 - [MESSAGE][PASSED] - Object 'Object Repository/VLink/Page_CCSale/txt_Email' is present

2021-06-22 01:15:05 - [MESSAGE][PASSED] - Text 'iahmed@govolution.com' is set on object 'Object Repository/VLink/Page_CCSale/txt_Email'

2021-06-22 01:15:05 - [MESSAGE][PASSED] - Object 'Object Repository/VLink/Page_CCSale/txt_OrderNumber' is present

2021-06-22 01:15:06 - [MESSAGE][PASSED] - Text '2569362' is set on object 'Object Repository/VLink/Page_CCSale/txt_OrderNumber'

2021-06-22 01:15:06 - [MESSAGE][PASSED] - Object 'Object Repository/VLink/Page_CCSale/txt_TaxAmount' is present

2021-06-22 01:15:07 - [MESSAGE][PASSED] - Text '1.15' is set on object 'Object Repository/VLink/Page_CCSale/txt_TaxAmount'

2021-06-22 01:15:07 - [MESSAGE][PASSED] - Object 'Object Repository/VLink/Page_CCSale/txt_ChargeDescription' is present

2021-06-22 01:15:08 - [MESSAGE][PASSED] - Text 'Charge Description' is set on object 'Object Repository/VLink/Page_CCSale/txt_ChargeDescription'

2021-06-22 01:15:08 - [MESSAGE][PASSED] - Object 'Object Repository/VLink/Page_CCSale/txt_CAN' is present

2021-06-22 01:15:09 - [MESSAGE][PASSED] - Text '147357' is set on object 'Object Repository/VLink/Page_CCSale/txt_CAN'

2021-06-22 01:15:09 - [MESSAGE][PASSED] - Object 'Object Repository/VLink/Page_CCSale/txt_BillPaymentIndicator' is present

2021-06-22 01:15:10 - [MESSAGE][PASSED] - Text '1' is set on object 'Object Repository/VLink/Page_CCSale/txt_BillPaymentIndicator'

2021-06-22 01:15:10 - [MESSAGE][PASSED] - Object 'Object Repository/VLink/Page_CCSale/txt_UDF1' is present

2021-06-22 01:15:11 - [MESSAGE][PASSED] - Text 'UDF Data 1' is set on object 'Object Repository/VLink/Page_CCSale/txt_UDF1'

2021-06-22 01:15:11 - [MESSAGE][PASSED] - Object 'Object Repository/VLink/Page_CCSale/txt_UDF2' is present

2021-06-22 01:15:12 - [MESSAGE][PASSED] - Text 'UDF Data 2' is set on object 'Object Repository/VLink/Page_CCSale/txt_UDF2'

2021-06-22 01:15:12 - [MESSAGE][PASSED] - Object 'Object Repository/VLink/Page_CCSale/txt_UDF3' is present

2021-06-22 01:15:13 - [MESSAGE][PASSED] - Text 'UDF Data 3' is set on object 'Object Repository/VLink/Page_CCSale/txt_UDF3'

2021-06-22 01:15:13 - [MESSAGE][PASSED] - Object 'Object Repository/VLink/Page_CCSale/txt_UDF4' is present

2021-06-22 01:15:14 - [MESSAGE][PASSED] - Text 'UDF Data 4' is set on object 'Object Repository/VLink/Page_CCSale/txt_UDF4'

2021-06-22 01:15:14 - [MESSAGE][PASSED] - Object 'Object Repository/VLink/Page_CCSale/txt_UDF5' is present

2021-06-22 01:15:15 - [MESSAGE][PASSED] - Text 'UDF Data 5' is set on object 'Object Repository/VLink/Page_CCSale/txt_UDF5'

2021-06-22 01:15:15 - [MESSAGE][PASSED] - Object 'Object Repository/VLink/Page_CCSale/txt_UDF6' is present

2021-06-22 01:15:16 - [MESSAGE][PASSED] - Text 'UDF Data 6' is set on object 'Object Repository/VLink/Page_CCSale/txt_UDF6'

2021-06-22 01:15:16 - [MESSAGE][PASSED] - Object 'Object Repository/VLink/Page_CCSale/txt_UDF7' is present

2021-06-22 01:15:17 - [MESSAGE][PASSED] - Text 'UDF Data 7' is set on object 'Object Repository/VLink/Page_CCSale/txt_UDF7'

2021-06-22 01:15:17 - [MESSAGE][PASSED] - Object 'Object Repository/VLink/Page_CCSale/txt_UDF8' is present

2021-06-22 01:15:18 - [MESSAGE][PASSED] - Text 'UDF Data 8' is set on object 'Object Repository/VLink/Page_CCSale/txt_UDF8'

2021-06-22 01:15:18 - [MESSAGE][PASSED] - Object 'Object Repository/VLink/Page_CCSale/txt_UDF9' is present

2021-06-22 01:15:19 - [MESSAGE][PASSED] - Text 'UDF Data 9' is set on object 'Object Repository/VLink/Page_CCSale/txt_UDF9'

2021-06-22 01:15:19 - [MESSAGE][PASSED] - Object 'Object Repository/VLink/Page_CCSale/txt_UDF10' is present

2021-06-22 01:15:20 - [MESSAGE][PASSED] - Text 'UDF Data 10' is set on object 'Object Repository/VLink/Page_CCSale/txt_UDF10'

2021-06-22 01:15:20 - [MESSAGE][PASSED] - Object 'Object Repository/VLink/Page_CCSale/txt_CardOnFileIndicator' is present

2021-06-22 01:15:21 - [MESSAGE][PASSED] - Text '' is set on object 'Object Repository/VLink/Page_CCSale/txt_CardOnFileIndicator'

2021-06-22 01:15:21 - [MESSAGE][PASSED] - Object 'Object Repository/VLink/Page_CCSale/txt_StoredCredentialIndicator' is present

2021-06-22 01:15:22 - [MESSAGE][PASSED] - Text '' is set on object 'Object Repository/VLink/Page_CCSale/txt_StoredCredentialIndicator'

2021-06-22 01:15:22 - [MESSAGE][PASSED] - Object 'Object Repository/VLink/Page_CCSale/txt_COFScheduledIndicator' is present

2021-06-22 01:15:23 - [MESSAGE][PASSED] - Text '' is set on object 'Object Repository/VLink/Page_CCSale/txt_COFScheduledIndicator'

2021-06-22 01:15:23 - [MESSAGE][PASSED] - Object 'Object Repository/VLink/Page_CCSale/txt_COFTransactionInitiatedBy' is present

2021-06-22 01:15:24 - [MESSAGE][PASSED] - Text '' is set on object 'Object Repository/VLink/Page_CCSale/txt_COFTransactionInitiatedBy'

2021-06-22 01:15:27 - [MESSAGE][PASSED] - Object: 'Object Repository/VLink/Page_CCSale/btn_ProcessVLinkTransaction' is clicked on

2021-06-22 01:15:32 - [MESSAGE][PASSED] - vlinkPages.saleCCPage.setDataSCC is PASSED

2021-06-22 01:15:32 - [TEST_STEP][PASSED] - if (verifyTextPresent("Transaction approved, no errors", true)): null

2021-06-22 01:15:32 - [MESSAGE][PASSED] - Text 'Transaction approved, no errors' is present on page  using regular expression

2021-06-22 01:15:32 - [TEST_STEP][PASSED] - println("Transaction Approved, no errors text is present on the Confirmation page"): null

2021-06-22 01:15:32 - [TEST_STEP][PASSED] - out.println("Pass Record Number: " + row): null

2021-06-22 01:15:32 - [TEST_STEP][PASSED] - resText = "Pass": null

2021-06-22 01:15:32 - [TEST_STEP][PASSED] - pages.WriteExcel.demoKey(resText, datText, resColumn, datCloumn, fileLoc, nameSheet, row): pages.WriteExcel.demoKey is PASSED

2021-06-22 01:15:32 - [MESSAGE][PASSED] - pages.WriteExcel.demoKey is PASSED

2021-06-22 01:15:32 - [TEST_STEP][PASSED] - sdfo = getText(findTestObject("Object Repository/Page_VLinkReceipt/pre_STX")): Text of object 'Object Repository/Page_VLinkReceipt/pre_STX' is: '<STX>Piiqqmyo9Kap                  12098353            0  Transaction approved, no errors                   0                                                                                  X OK6935   <ETX>'

2021-06-22 01:15:32 - [MESSAGE][PASSED] - Text of object 'Object Repository/Page_VLinkReceipt/pre_STX' is: '<STX>Piiqqmyo9Kap                  12098353            0  Transaction approved, no errors                   0                                                                                  X OK6935   <ETX>'

2021-06-22 01:15:32 - [TEST_STEP][PASSED] - out.println("sdfo: " + sdfo): null

2021-06-22 01:15:32 - [TEST_STEP][PASSED] - remID = substring(5, 35).trim(): null

2021-06-22 01:15:32 - [TEST_STEP][PASSED] - out.println("Remittance ID: " + remID): null

2021-06-22 01:15:32 - [TEST_STEP][PASSED] - traxID = substring(35, 55).trim(): null

2021-06-22 01:15:32 - [TEST_STEP][PASSED] - out.println("Transaction ID: " + traxID): null

2021-06-22 01:15:32 - [TEST_STEP][PASSED] - out.println("End Record Number: " + row): null

2021-06-22 01:15:32 - [TEST_STEP][PASSED] - closeBrowser(): Browser is closed

2021-06-22 01:15:33 - [MESSAGE][PASSED] - Browser is closed

2021-06-22 01:15:33 - [TEST_STEP][PASSED] - out.println("Begin Record Number: " + row): null

2021-06-22 01:15:33 - [TEST_STEP][PASSED] - today = new java.util.Date(): null

2021-06-22 01:15:33 - [TEST_STEP][PASSED] - println(today): null

2021-06-22 01:15:33 - [TEST_STEP][PASSED] - datText = today: null

2021-06-22 01:15:33 - [TEST_STEP][PASSED] - openBrowser(VLinkURL + "authcap.html"): Browser is opened with url: 'https://dev-algorithm.govolution.com/vlinktest/QA/version_2_0/authcap.html'

2021-06-22 01:15:33 - [MESSAGE][INFO] - Starting 'Chrome' driver

2021-06-22 01:15:33 - [MESSAGE][INFO] - User set preference: ['acceptInsecureCerts', 'true']

2021-06-22 01:15:33 - [MESSAGE][INFO] - Action delay is set to 0 milliseconds

2021-06-22 01:15:35 - [MESSAGE][PASSED] - Browser is opened with url: 'https://dev-algorithm.govolution.com/vlinktest/QA/version_2_0/authcap.html'

2021-06-22 01:15:35 - [TEST_STEP][PASSED] - maximizeWindow(): Current window maximized

2021-06-22 01:15:35 - [MESSAGE][PASSED] - Current window maximized

2021-06-22 01:15:35 - [TEST_STEP][PASSED] - vlinkPages.saleCCPage.setDataSCC(row, dataFile): vlinkPages.saleCCPage.setDataSCC is PASSED

2021-06-22 01:15:37 - [MESSAGE][PASSED] - Object 'Object Repository/VLink/Page_CCSale/txt_CardNumber' is present

2021-06-22 01:15:37 - [MESSAGE][PASSED] - Object 'Object Repository/VLink/Page_CCSale/txt_TransactionType' is present

2021-06-22 01:15:38 - [MESSAGE][PASSED] - Text '104' is set on object 'Object Repository/VLink/Page_CCSale/txt_TransactionType'

2021-06-22 01:15:38 - [MESSAGE][PASSED] - Object 'Object Repository/VLink/Page_CCSale/txt_MessageVersion' is present

2021-06-22 01:15:39 - [MESSAGE][PASSED] - Text '2.0C' is set on object 'Object Repository/VLink/Page_CCSale/txt_MessageVersion'

2021-06-22 01:15:39 - [MESSAGE][PASSED] - Object 'Object Repository/VLink/Page_CCSale/txt_RemID' is present

2021-06-22 01:15:39 - [MESSAGE][PASSED] - Text '22Z7e7ITQgVk' is set on object 'Object Repository/VLink/Page_CCSale/txt_RemID'

2021-06-22 01:15:40 - [MESSAGE][PASSED] - Object 'Object Repository/VLink/Page_CCSale/txt_ApplicationId' is present

2021-06-22 01:15:40 - [MESSAGE][PASSED] - Text '672' is set on object 'Object Repository/VLink/Page_CCSale/txt_ApplicationId'

2021-06-22 01:15:41 - [MESSAGE][PASSED] - Object 'Object Repository/VLink/Page_CCSale/txt_Username' is present

2021-06-22 01:15:41 - [MESSAGE][PASSED] - Text 'username' is set on object 'Object Repository/VLink/Page_CCSale/txt_Username'

2021-06-22 01:15:41 - [MESSAGE][PASSED] - Object 'Object Repository/VLink/Page_CCSale/txt_Password' is present

2021-06-22 01:15:42 - [MESSAGE][PASSED] - Text 'password' is set on object 'Object Repository/VLink/Page_CCSale/txt_Password'

2021-06-22 01:15:42 - [MESSAGE][PASSED] - Object 'Object Repository/VLink/Page_CCSale/txt_ResponseFormat' is present

2021-06-22 01:15:43 - [MESSAGE][PASSED] - Text 'fixed_width' is set on object 'Object Repository/VLink/Page_CCSale/txt_ResponseFormat'

2021-06-22 01:15:43 - [MESSAGE][PASSED] - Object 'Object Repository/VLink/Page_CCSale/txt_Category' is present

2021-06-22 01:15:44 - [MESSAGE][PASSED] - Text 'RETL' is set on object 'Object Repository/VLink/Page_CCSale/txt_Category'

2021-06-22 01:15:44 - [MESSAGE][PASSED] - Object 'Object Repository/VLink/Page_CCSale/txt_TransactionID' is present

2021-06-22 01:15:45 - [MESSAGE][PASSED] - Text '' is set on object 'Object Repository/VLink/Page_CCSale/txt_TransactionID'

2021-06-22 01:15:45 - [MESSAGE][PASSED] - Object 'Object Repository/VLink/Page_CCSale/txt_ApprovalCode' is present

2021-06-22 01:15:46 - [MESSAGE][PASSED] - Text '' is set on object 'Object Repository/VLink/Page_CCSale/txt_ApprovalCode'

2021-06-22 01:15:46 - [MESSAGE][PASSED] - Object 'Object Repository/VLink/Page_CCSale/txt_CardName' is present

2021-06-22 01:15:47 - [MESSAGE][PASSED] - Text 'Arvind Silva' is set on object 'Object Repository/VLink/Page_CCSale/txt_CardName'

2021-06-22 01:15:47 - [MESSAGE][PASSED] - Object 'Object Repository/VLink/Page_CCSale/txt_AL1' is present

2021-06-22 01:15:48 - [MESSAGE][PASSED] - Text '111 Main Ave' is set on object 'Object Repository/VLink/Page_CCSale/txt_AL1'

2021-06-22 01:15:48 - [MESSAGE][PASSED] - Object 'Object Repository/VLink/Page_CCSale/txt_AL2' is present

2021-06-22 01:15:49 - [MESSAGE][PASSED] - Text '' is set on object 'Object Repository/VLink/Page_CCSale/txt_AL2'

2021-06-22 01:15:49 - [MESSAGE][PASSED] - Object 'Object Repository/VLink/Page_CCSale/txt_CardCity' is present

2021-06-22 01:15:50 - [MESSAGE][PASSED] - Text 'Arlington' is set on object 'Object Repository/VLink/Page_CCSale/txt_CardCity'

2021-06-22 01:15:50 - [MESSAGE][PASSED] - Object 'Object Repository/VLink/Page_CCSale/txt_CardState' is present

2021-06-22 01:15:51 - [MESSAGE][PASSED] - Text 'VA' is set on object 'Object Repository/VLink/Page_CCSale/txt_CardState'

2021-06-22 01:15:51 - [MESSAGE][PASSED] - Object 'Object Repository/VLink/Page_CCSale/txt_CardZIP' is present

2021-06-22 01:15:52 - [MESSAGE][PASSED] - Text '22201' is set on object 'Object Repository/VLink/Page_CCSale/txt_CardZIP'

2021-06-22 01:15:52 - [MESSAGE][PASSED] - Object 'Object Repository/VLink/Page_CCSale/txt_CountryID' is present

2021-06-22 01:15:53 - [MESSAGE][PASSED] - Text '' is set on object 'Object Repository/VLink/Page_CCSale/txt_CountryID'

2021-06-22 01:15:53 - [MESSAGE][PASSED] - Object 'Object Repository/VLink/Page_CCSale/txt_Amount' is present

2021-06-22 01:15:54 - [MESSAGE][PASSED] - Text '2.50' is set on object 'Object Repository/VLink/Page_CCSale/txt_Amount'

2021-06-22 01:15:54 - [MESSAGE][PASSED] - Object 'Object Repository/VLink/Page_CCSale/txt_CardNumber' is present

2021-06-22 01:15:55 - [MESSAGE][PASSED] - Text '5424000000000015' is set on object 'Object Repository/VLink/Page_CCSale/txt_CardNumber'

2021-06-22 01:15:55 - [MESSAGE][PASSED] - Object 'Object Repository/VLink/Page_CCSale/txt_ExpMonth' is present

2021-06-22 01:15:56 - [MESSAGE][PASSED] - Text '01' is set on object 'Object Repository/VLink/Page_CCSale/txt_ExpMonth'

2021-06-22 01:15:56 - [MESSAGE][PASSED] - Object 'Object Repository/VLink/Page_CCSale/txt_ExpYear' is present

2021-06-22 01:15:57 - [MESSAGE][PASSED] - Text '2026' is set on object 'Object Repository/VLink/Page_CCSale/txt_ExpYear'

2021-06-22 01:15:57 - [MESSAGE][PASSED] - Object 'Object Repository/VLink/Page_CCSale/txt_CVV' is present

2021-06-22 01:15:58 - [MESSAGE][PASSED] - Text '' is set on object 'Object Repository/VLink/Page_CCSale/txt_CVV'

2021-06-22 01:15:58 - [MESSAGE][PASSED] - Object 'Object Repository/VLink/Page_CCSale/txt_CVVstate' is present

2021-06-22 01:15:59 - [MESSAGE][PASSED] - Text '' is set on object 'Object Repository/VLink/Page_CCSale/txt_CVVstate'

2021-06-22 01:15:59 - [MESSAGE][PASSED] - Object 'Object Repository/VLink/Page_CCSale/txt_TrackData' is present

2021-06-22 01:16:00 - [MESSAGE][PASSED] - Text '' is set on object 'Object Repository/VLink/Page_CCSale/txt_TrackData'

2021-06-22 01:16:00 - [MESSAGE][PASSED] - Object 'Object Repository/VLink/Page_CCSale/txt_Track1Data' is present

2021-06-22 01:16:01 - [MESSAGE][PASSED] - Text '' is set on object 'Object Repository/VLink/Page_CCSale/txt_Track1Data'

2021-06-22 01:16:01 - [MESSAGE][PASSED] - Object 'Object Repository/VLink/Page_CCSale/txt_Track2Data' is present

2021-06-22 01:16:01 - [MESSAGE][PASSED] - Text '' is set on object 'Object Repository/VLink/Page_CCSale/txt_Track2Data'

2021-06-22 01:16:02 - [MESSAGE][PASSED] - Object 'Object Repository/VLink/Page_CCSale/txt_POSEntryMode' is present

2021-06-22 01:16:02 - [MESSAGE][PASSED] - Text 'manual' is set on object 'Object Repository/VLink/Page_CCSale/txt_POSEntryMode'

2021-06-22 01:16:03 - [MESSAGE][PASSED] - Object 'Object Repository/VLink/Page_CCSale/txt_Email' is present

2021-06-22 01:16:03 - [MESSAGE][PASSED] - Text '' is set on object 'Object Repository/VLink/Page_CCSale/txt_Email'

2021-06-22 01:16:04 - [MESSAGE][PASSED] - Object 'Object Repository/VLink/Page_CCSale/txt_OrderNumber' is present

2021-06-22 01:16:04 - [MESSAGE][PASSED] - Text '' is set on object 'Object Repository/VLink/Page_CCSale/txt_OrderNumber'

2021-06-22 01:16:05 - [MESSAGE][PASSED] - Object 'Object Repository/VLink/Page_CCSale/txt_TaxAmount' is present

2021-06-22 01:16:05 - [MESSAGE][PASSED] - Text '' is set on object 'Object Repository/VLink/Page_CCSale/txt_TaxAmount'

2021-06-22 01:16:06 - [MESSAGE][PASSED] - Object 'Object Repository/VLink/Page_CCSale/txt_ChargeDescription' is present

2021-06-22 01:16:06 - [MESSAGE][PASSED] - Text '' is set on object 'Object Repository/VLink/Page_CCSale/txt_ChargeDescription'

2021-06-22 01:16:07 - [MESSAGE][PASSED] - Object 'Object Repository/VLink/Page_CCSale/txt_CAN' is present

2021-06-22 01:16:07 - [MESSAGE][PASSED] - Text '' is set on object 'Object Repository/VLink/Page_CCSale/txt_CAN'

2021-06-22 01:16:08 - [MESSAGE][PASSED] - Object 'Object Repository/VLink/Page_CCSale/txt_BillPaymentIndicator' is present

2021-06-22 01:16:08 - [MESSAGE][PASSED] - Text '' is set on object 'Object Repository/VLink/Page_CCSale/txt_BillPaymentIndicator'

2021-06-22 01:16:09 - [MESSAGE][PASSED] - Object 'Object Repository/VLink/Page_CCSale/txt_UDF1' is present

2021-06-22 01:16:09 - [MESSAGE][PASSED] - Text '' is set on object 'Object Repository/VLink/Page_CCSale/txt_UDF1'

2021-06-22 01:16:10 - [MESSAGE][PASSED] - Object 'Object Repository/VLink/Page_CCSale/txt_UDF2' is present

2021-06-22 01:16:10 - [MESSAGE][PASSED] - Text '' is set on object 'Object Repository/VLink/Page_CCSale/txt_UDF2'

2021-06-22 01:16:11 - [MESSAGE][PASSED] - Object 'Object Repository/VLink/Page_CCSale/txt_UDF3' is present

2021-06-22 01:16:11 - [MESSAGE][PASSED] - Text '' is set on object 'Object Repository/VLink/Page_CCSale/txt_UDF3'

2021-06-22 01:16:12 - [MESSAGE][PASSED] - Object 'Object Repository/VLink/Page_CCSale/txt_UDF4' is present

2021-06-22 01:16:12 - [MESSAGE][PASSED] - Text '' is set on object 'Object Repository/VLink/Page_CCSale/txt_UDF4'

2021-06-22 01:16:13 - [MESSAGE][PASSED] - Object 'Object Repository/VLink/Page_CCSale/txt_UDF5' is present

2021-06-22 01:16:13 - [MESSAGE][PASSED] - Text '' is set on object 'Object Repository/VLink/Page_CCSale/txt_UDF5'

2021-06-22 01:16:14 - [MESSAGE][PASSED] - Object 'Object Repository/VLink/Page_CCSale/txt_UDF6' is present

2021-06-22 01:16:14 - [MESSAGE][PASSED] - Text '' is set on object 'Object Repository/VLink/Page_CCSale/txt_UDF6'

2021-06-22 01:16:15 - [MESSAGE][PASSED] - Object 'Object Repository/VLink/Page_CCSale/txt_UDF7' is present

2021-06-22 01:16:15 - [MESSAGE][PASSED] - Text '' is set on object 'Object Repository/VLink/Page_CCSale/txt_UDF7'

2021-06-22 01:16:15 - [MESSAGE][PASSED] - Object 'Object Repository/VLink/Page_CCSale/txt_UDF8' is present

2021-06-22 01:16:16 - [MESSAGE][PASSED] - Text '' is set on object 'Object Repository/VLink/Page_CCSale/txt_UDF8'

2021-06-22 01:16:16 - [MESSAGE][PASSED] - Object 'Object Repository/VLink/Page_CCSale/txt_UDF9' is present

2021-06-22 01:16:17 - [MESSAGE][PASSED] - Text '' is set on object 'Object Repository/VLink/Page_CCSale/txt_UDF9'

2021-06-22 01:16:17 - [MESSAGE][PASSED] - Object 'Object Repository/VLink/Page_CCSale/txt_UDF10' is present

2021-06-22 01:16:18 - [MESSAGE][PASSED] - Text '' is set on object 'Object Repository/VLink/Page_CCSale/txt_UDF10'

2021-06-22 01:16:18 - [MESSAGE][PASSED] - Object 'Object Repository/VLink/Page_CCSale/txt_CardOnFileIndicator' is present

2021-06-22 01:16:19 - [MESSAGE][PASSED] - Text '' is set on object 'Object Repository/VLink/Page_CCSale/txt_CardOnFileIndicator'

2021-06-22 01:16:19 - [MESSAGE][PASSED] - Object 'Object Repository/VLink/Page_CCSale/txt_StoredCredentialIndicator' is present

2021-06-22 01:16:20 - [MESSAGE][PASSED] - Text '' is set on object 'Object Repository/VLink/Page_CCSale/txt_StoredCredentialIndicator'

2021-06-22 01:16:20 - [MESSAGE][PASSED] - Object 'Object Repository/VLink/Page_CCSale/txt_COFScheduledIndicator' is present

2021-06-22 01:16:21 - [MESSAGE][PASSED] - Text '' is set on object 'Object Repository/VLink/Page_CCSale/txt_COFScheduledIndicator'

2021-06-22 01:16:21 - [MESSAGE][PASSED] - Object 'Object Repository/VLink/Page_CCSale/txt_COFTransactionInitiatedBy' is present

2021-06-22 01:16:22 - [MESSAGE][PASSED] - Text '' is set on object 'Object Repository/VLink/Page_CCSale/txt_COFTransactionInitiatedBy'

2021-06-22 01:16:25 - [MESSAGE][PASSED] - Object: 'Object Repository/VLink/Page_CCSale/btn_ProcessVLinkTransaction' is clicked on

2021-06-22 01:16:30 - [MESSAGE][PASSED] - vlinkPages.saleCCPage.setDataSCC is PASSED

2021-06-22 01:16:30 - [TEST_STEP][PASSED] - if (verifyTextPresent("Transaction approved, no errors", true)): null

2021-06-22 01:16:30 - [MESSAGE][PASSED] - Text 'Transaction approved, no errors' is present on page  using regular expression

2021-06-22 01:16:30 - [TEST_STEP][PASSED] - println("Transaction Approved, no errors text is present on the Confirmation page"): null

2021-06-22 01:16:30 - [TEST_STEP][PASSED] - out.println("Pass Record Number: " + row): null

2021-06-22 01:16:30 - [TEST_STEP][PASSED] - resText = "Pass": null

2021-06-22 01:16:30 - [TEST_STEP][PASSED] - pages.WriteExcel.demoKey(resText, datText, resColumn, datCloumn, fileLoc, nameSheet, row): pages.WriteExcel.demoKey is PASSED

2021-06-22 01:16:30 - [MESSAGE][PASSED] - pages.WriteExcel.demoKey is PASSED

2021-06-22 01:16:30 - [TEST_STEP][PASSED] - sdfo = getText(findTestObject("Object Repository/Page_VLinkReceipt/pre_STX")): Text of object 'Object Repository/Page_VLinkReceipt/pre_STX' is: '<STX>22Z7e7ITQgVk                  12098354            0  Transaction approved, no errors                   0                                                                                  X OK7245   <ETX>'

2021-06-22 01:16:30 - [MESSAGE][PASSED] - Text of object 'Object Repository/Page_VLinkReceipt/pre_STX' is: '<STX>22Z7e7ITQgVk                  12098354            0  Transaction approved, no errors                   0                                                                                  X OK7245   <ETX>'

2021-06-22 01:16:30 - [TEST_STEP][PASSED] - out.println("sdfo: " + sdfo): null

2021-06-22 01:16:30 - [TEST_STEP][PASSED] - remID = substring(5, 35).trim(): null

2021-06-22 01:16:30 - [TEST_STEP][PASSED] - out.println("Remittance ID: " + remID): null

2021-06-22 01:16:30 - [TEST_STEP][PASSED] - traxID = substring(35, 55).trim(): null

2021-06-22 01:16:30 - [TEST_STEP][PASSED] - out.println("Transaction ID: " + traxID): null

2021-06-22 01:16:30 - [TEST_STEP][PASSED] - out.println("End Record Number: " + row): null

2021-06-22 01:16:30 - [TEST_STEP][PASSED] - closeBrowser(): Browser is closed

2021-06-22 01:16:31 - [MESSAGE][PASSED] - Browser is closed

2021-06-22 01:16:31 - [TEST_STEP][PASSED] - out.println("Begin Record Number: " + row): null

2021-06-22 01:16:31 - [TEST_STEP][PASSED] - today = new java.util.Date(): null

2021-06-22 01:16:31 - [TEST_STEP][PASSED] - println(today): null

2021-06-22 01:16:31 - [TEST_STEP][PASSED] - datText = today: null

2021-06-22 01:16:31 - [TEST_STEP][PASSED] - openBrowser(VLinkURL + "authcap.html"): Browser is opened with url: 'https://dev-algorithm.govolution.com/vlinktest/QA/version_2_0/authcap.html'

2021-06-22 01:16:31 - [MESSAGE][INFO] - Starting 'Chrome' driver

2021-06-22 01:16:31 - [MESSAGE][INFO] - User set preference: ['acceptInsecureCerts', 'true']

2021-06-22 01:16:31 - [MESSAGE][INFO] - Action delay is set to 0 milliseconds

2021-06-22 01:16:33 - [MESSAGE][PASSED] - Browser is opened with url: 'https://dev-algorithm.govolution.com/vlinktest/QA/version_2_0/authcap.html'

2021-06-22 01:16:33 - [TEST_STEP][PASSED] - maximizeWindow(): Current window maximized

2021-06-22 01:16:33 - [MESSAGE][PASSED] - Current window maximized

2021-06-22 01:16:33 - [TEST_STEP][PASSED] - vlinkPages.saleCCPage.setDataSCC(row, dataFile): vlinkPages.saleCCPage.setDataSCC is PASSED

2021-06-22 01:16:35 - [MESSAGE][PASSED] - Object 'Object Repository/VLink/Page_CCSale/txt_CardNumber' is present

2021-06-22 01:16:35 - [MESSAGE][PASSED] - Object 'Object Repository/VLink/Page_CCSale/txt_TransactionType' is present

2021-06-22 01:16:36 - [MESSAGE][PASSED] - Text '104' is set on object 'Object Repository/VLink/Page_CCSale/txt_TransactionType'

2021-06-22 01:16:36 - [MESSAGE][PASSED] - Object 'Object Repository/VLink/Page_CCSale/txt_MessageVersion' is present

2021-06-22 01:16:37 - [MESSAGE][PASSED] - Text '2.0C' is set on object 'Object Repository/VLink/Page_CCSale/txt_MessageVersion'

2021-06-22 01:16:37 - [MESSAGE][PASSED] - Object 'Object Repository/VLink/Page_CCSale/txt_RemID' is present

2021-06-22 01:16:38 - [MESSAGE][PASSED] - Text 'ROGqhHAxEUGR' is set on object 'Object Repository/VLink/Page_CCSale/txt_RemID'

2021-06-22 01:16:38 - [MESSAGE][PASSED] - Object 'Object Repository/VLink/Page_CCSale/txt_ApplicationId' is present

2021-06-22 01:16:39 - [MESSAGE][PASSED] - Text '677' is set on object 'Object Repository/VLink/Page_CCSale/txt_ApplicationId'

2021-06-22 01:16:39 - [MESSAGE][PASSED] - Object 'Object Repository/VLink/Page_CCSale/txt_Username' is present

2021-06-22 01:16:39 - [MESSAGE][PASSED] - Text 'username' is set on object 'Object Repository/VLink/Page_CCSale/txt_Username'

2021-06-22 01:16:40 - [MESSAGE][PASSED] - Object 'Object Repository/VLink/Page_CCSale/txt_Password' is present

2021-06-22 01:16:40 - [MESSAGE][PASSED] - Text 'password' is set on object 'Object Repository/VLink/Page_CCSale/txt_Password'

2021-06-22 01:16:41 - [MESSAGE][PASSED] - Object 'Object Repository/VLink/Page_CCSale/txt_ResponseFormat' is present

2021-06-22 01:16:41 - [MESSAGE][PASSED] - Text 'fixed_width' is set on object 'Object Repository/VLink/Page_CCSale/txt_ResponseFormat'

2021-06-22 01:16:41 - [MESSAGE][PASSED] - Object 'Object Repository/VLink/Page_CCSale/txt_Category' is present

2021-06-22 01:16:42 - [MESSAGE][PASSED] - Text 'RETL' is set on object 'Object Repository/VLink/Page_CCSale/txt_Category'

2021-06-22 01:16:42 - [MESSAGE][PASSED] - Object 'Object Repository/VLink/Page_CCSale/txt_TransactionID' is present

2021-06-22 01:16:43 - [MESSAGE][PASSED] - Text '' is set on object 'Object Repository/VLink/Page_CCSale/txt_TransactionID'

2021-06-22 01:16:43 - [MESSAGE][PASSED] - Object 'Object Repository/VLink/Page_CCSale/txt_ApprovalCode' is present

2021-06-22 01:16:44 - [MESSAGE][PASSED] - Text '' is set on object 'Object Repository/VLink/Page_CCSale/txt_ApprovalCode'

2021-06-22 01:16:44 - [MESSAGE][PASSED] - Object 'Object Repository/VLink/Page_CCSale/txt_CardName' is present

2021-06-22 01:16:45 - [MESSAGE][PASSED] - Text 'Roshan Maha' is set on object 'Object Repository/VLink/Page_CCSale/txt_CardName'

2021-06-22 01:16:45 - [MESSAGE][PASSED] - Object 'Object Repository/VLink/Page_CCSale/txt_AL1' is present

2021-06-22 01:16:46 - [MESSAGE][PASSED] - Text '12563 Bazaar road' is set on object 'Object Repository/VLink/Page_CCSale/txt_AL1'

2021-06-22 01:16:46 - [MESSAGE][PASSED] - Object 'Object Repository/VLink/Page_CCSale/txt_AL2' is present

2021-06-22 01:16:47 - [MESSAGE][PASSED] - Text '' is set on object 'Object Repository/VLink/Page_CCSale/txt_AL2'

2021-06-22 01:16:47 - [MESSAGE][PASSED] - Object 'Object Repository/VLink/Page_CCSale/txt_CardCity' is present

2021-06-22 01:16:48 - [MESSAGE][PASSED] - Text 'Crofton' is set on object 'Object Repository/VLink/Page_CCSale/txt_CardCity'

2021-06-22 01:16:48 - [MESSAGE][PASSED] - Object 'Object Repository/VLink/Page_CCSale/txt_CardState' is present

2021-06-22 01:16:49 - [MESSAGE][PASSED] - Text 'MD' is set on object 'Object Repository/VLink/Page_CCSale/txt_CardState'

2021-06-22 01:16:49 - [MESSAGE][PASSED] - Object 'Object Repository/VLink/Page_CCSale/txt_CardZIP' is present

2021-06-22 01:16:50 - [MESSAGE][PASSED] - Text '21114' is set on object 'Object Repository/VLink/Page_CCSale/txt_CardZIP'

2021-06-22 01:16:50 - [MESSAGE][PASSED] - Object 'Object Repository/VLink/Page_CCSale/txt_CountryID' is present

2021-06-22 01:16:51 - [MESSAGE][PASSED] - Text '' is set on object 'Object Repository/VLink/Page_CCSale/txt_CountryID'

2021-06-22 01:16:51 - [MESSAGE][PASSED] - Object 'Object Repository/VLink/Page_CCSale/txt_Amount' is present

2021-06-22 01:16:51 - [MESSAGE][PASSED] - Text '3.50' is set on object 'Object Repository/VLink/Page_CCSale/txt_Amount'

2021-06-22 01:16:52 - [MESSAGE][PASSED] - Object 'Object Repository/VLink/Page_CCSale/txt_CardNumber' is present

2021-06-22 01:16:52 - [MESSAGE][PASSED] - Text '5424000000000015' is set on object 'Object Repository/VLink/Page_CCSale/txt_CardNumber'

2021-06-22 01:16:53 - [MESSAGE][PASSED] - Object 'Object Repository/VLink/Page_CCSale/txt_ExpMonth' is present

2021-06-22 01:16:53 - [MESSAGE][PASSED] - Text '01' is set on object 'Object Repository/VLink/Page_CCSale/txt_ExpMonth'

2021-06-22 01:16:54 - [MESSAGE][PASSED] - Object 'Object Repository/VLink/Page_CCSale/txt_ExpYear' is present

2021-06-22 01:16:54 - [MESSAGE][PASSED] - Text '2026' is set on object 'Object Repository/VLink/Page_CCSale/txt_ExpYear'

2021-06-22 01:16:55 - [MESSAGE][PASSED] - Object 'Object Repository/VLink/Page_CCSale/txt_CVV' is present

2021-06-22 01:16:55 - [MESSAGE][PASSED] - Text '' is set on object 'Object Repository/VLink/Page_CCSale/txt_CVV'

2021-06-22 01:16:56 - [MESSAGE][PASSED] - Object 'Object Repository/VLink/Page_CCSale/txt_CVVstate' is present

2021-06-22 01:16:56 - [MESSAGE][PASSED] - Text '' is set on object 'Object Repository/VLink/Page_CCSale/txt_CVVstate'

2021-06-22 01:16:57 - [MESSAGE][PASSED] - Object 'Object Repository/VLink/Page_CCSale/txt_TrackData' is present

2021-06-22 01:16:57 - [MESSAGE][PASSED] - Text '' is set on object 'Object Repository/VLink/Page_CCSale/txt_TrackData'

2021-06-22 01:16:58 - [MESSAGE][PASSED] - Object 'Object Repository/VLink/Page_CCSale/txt_Track1Data' is present

2021-06-22 01:16:58 - [MESSAGE][PASSED] - Text '' is set on object 'Object Repository/VLink/Page_CCSale/txt_Track1Data'

2021-06-22 01:16:59 - [MESSAGE][PASSED] - Object 'Object Repository/VLink/Page_CCSale/txt_Track2Data' is present

2021-06-22 01:16:59 - [MESSAGE][PASSED] - Text '' is set on object 'Object Repository/VLink/Page_CCSale/txt_Track2Data'

2021-06-22 01:17:00 - [MESSAGE][PASSED] - Object 'Object Repository/VLink/Page_CCSale/txt_POSEntryMode' is present

2021-06-22 01:17:00 - [MESSAGE][PASSED] - Text 'manual' is set on object 'Object Repository/VLink/Page_CCSale/txt_POSEntryMode'

2021-06-22 01:17:01 - [MESSAGE][PASSED] - Object 'Object Repository/VLink/Page_CCSale/txt_Email' is present

2021-06-22 01:17:01 - [MESSAGE][PASSED] - Text '' is set on object 'Object Repository/VLink/Page_CCSale/txt_Email'

2021-06-22 01:17:02 - [MESSAGE][PASSED] - Object 'Object Repository/VLink/Page_CCSale/txt_OrderNumber' is present

2021-06-22 01:17:02 - [MESSAGE][PASSED] - Text '' is set on object 'Object Repository/VLink/Page_CCSale/txt_OrderNumber'

2021-06-22 01:17:03 - [MESSAGE][PASSED] - Object 'Object Repository/VLink/Page_CCSale/txt_TaxAmount' is present

2021-06-22 01:17:03 - [MESSAGE][PASSED] - Text '' is set on object 'Object Repository/VLink/Page_CCSale/txt_TaxAmount'

2021-06-22 01:17:04 - [MESSAGE][PASSED] - Object 'Object Repository/VLink/Page_CCSale/txt_ChargeDescription' is present

2021-06-22 01:17:04 - [MESSAGE][PASSED] - Text '' is set on object 'Object Repository/VLink/Page_CCSale/txt_ChargeDescription'

2021-06-22 01:17:04 - [MESSAGE][PASSED] - Object 'Object Repository/VLink/Page_CCSale/txt_CAN' is present

2021-06-22 01:17:05 - [MESSAGE][PASSED] - Text '' is set on object 'Object Repository/VLink/Page_CCSale/txt_CAN'

2021-06-22 01:17:05 - [MESSAGE][PASSED] - Object 'Object Repository/VLink/Page_CCSale/txt_BillPaymentIndicator' is present

2021-06-22 01:17:06 - [MESSAGE][PASSED] - Text '' is set on object 'Object Repository/VLink/Page_CCSale/txt_BillPaymentIndicator'

2021-06-22 01:17:06 - [MESSAGE][PASSED] - Object 'Object Repository/VLink/Page_CCSale/txt_UDF1' is present

2021-06-22 01:17:07 - [MESSAGE][PASSED] - Text '' is set on object 'Object Repository/VLink/Page_CCSale/txt_UDF1'

2021-06-22 01:17:07 - [MESSAGE][PASSED] - Object 'Object Repository/VLink/Page_CCSale/txt_UDF2' is present

2021-06-22 01:17:08 - [MESSAGE][PASSED] - Text '' is set on object 'Object Repository/VLink/Page_CCSale/txt_UDF2'

2021-06-22 01:17:08 - [MESSAGE][PASSED] - Object 'Object Repository/VLink/Page_CCSale/txt_UDF3' is present

2021-06-22 01:17:09 - [MESSAGE][PASSED] - Text '' is set on object 'Object Repository/VLink/Page_CCSale/txt_UDF3'

2021-06-22 01:17:09 - [MESSAGE][PASSED] - Object 'Object Repository/VLink/Page_CCSale/txt_UDF4' is present

2021-06-22 01:17:10 - [MESSAGE][PASSED] - Text '' is set on object 'Object Repository/VLink/Page_CCSale/txt_UDF4'

2021-06-22 01:17:10 - [MESSAGE][PASSED] - Object 'Object Repository/VLink/Page_CCSale/txt_UDF5' is present

2021-06-22 01:17:11 - [MESSAGE][PASSED] - Text '' is set on object 'Object Repository/VLink/Page_CCSale/txt_UDF5'

2021-06-22 01:17:11 - [MESSAGE][PASSED] - Object 'Object Repository/VLink/Page_CCSale/txt_UDF6' is present

2021-06-22 01:17:12 - [MESSAGE][PASSED] - Text '' is set on object 'Object Repository/VLink/Page_CCSale/txt_UDF6'

2021-06-22 01:17:12 - [MESSAGE][PASSED] - Object 'Object Repository/VLink/Page_CCSale/txt_UDF7' is present

2021-06-22 01:17:13 - [MESSAGE][PASSED] - Text '' is set on object 'Object Repository/VLink/Page_CCSale/txt_UDF7'

2021-06-22 01:17:13 - [MESSAGE][PASSED] - Object 'Object Repository/VLink/Page_CCSale/txt_UDF8' is present

2021-06-22 01:17:14 - [MESSAGE][PASSED] - Text '' is set on object 'Object Repository/VLink/Page_CCSale/txt_UDF8'

2021-06-22 01:17:14 - [MESSAGE][PASSED] - Object 'Object Repository/VLink/Page_CCSale/txt_UDF9' is present

2021-06-22 01:17:15 - [MESSAGE][PASSED] - Text '' is set on object 'Object Repository/VLink/Page_CCSale/txt_UDF9'

2021-06-22 01:17:15 - [MESSAGE][PASSED] - Object 'Object Repository/VLink/Page_CCSale/txt_UDF10' is present

2021-06-22 01:17:16 - [MESSAGE][PASSED] - Text '' is set on object 'Object Repository/VLink/Page_CCSale/txt_UDF10'

2021-06-22 01:17:16 - [MESSAGE][PASSED] - Object 'Object Repository/VLink/Page_CCSale/txt_CardOnFileIndicator' is present

2021-06-22 01:17:17 - [MESSAGE][PASSED] - Text '' is set on object 'Object Repository/VLink/Page_CCSale/txt_CardOnFileIndicator'

2021-06-22 01:17:17 - [MESSAGE][PASSED] - Object 'Object Repository/VLink/Page_CCSale/txt_StoredCredentialIndicator' is present

2021-06-22 01:17:18 - [MESSAGE][PASSED] - Text '' is set on object 'Object Repository/VLink/Page_CCSale/txt_StoredCredentialIndicator'

2021-06-22 01:17:18 - [MESSAGE][PASSED] - Object 'Object Repository/VLink/Page_CCSale/txt_COFScheduledIndicator' is present

2021-06-22 01:17:19 - [MESSAGE][PASSED] - Text '' is set on object 'Object Repository/VLink/Page_CCSale/txt_COFScheduledIndicator'

2021-06-22 01:17:19 - [MESSAGE][PASSED] - Object 'Object Repository/VLink/Page_CCSale/txt_COFTransactionInitiatedBy' is present

2021-06-22 01:17:20 - [MESSAGE][PASSED] - Text '' is set on object 'Object Repository/VLink/Page_CCSale/txt_COFTransactionInitiatedBy'

2021-06-22 01:17:23 - [MESSAGE][PASSED] - Object: 'Object Repository/VLink/Page_CCSale/btn_ProcessVLinkTransaction' is clicked on

2021-06-22 01:17:28 - [MESSAGE][PASSED] - vlinkPages.saleCCPage.setDataSCC is PASSED

2021-06-22 01:17:28 - [TEST_STEP][PASSED] - if (verifyTextPresent("Transaction approved, no errors", true)): null

2021-06-22 01:17:29 - [MESSAGE][PASSED] - Text 'Transaction approved, no errors' is present on page  using regular expression

2021-06-22 01:17:29 - [TEST_STEP][PASSED] - println("Transaction Approved, no errors text is present on the Confirmation page"): null

2021-06-22 01:17:29 - [TEST_STEP][PASSED] - out.println("Pass Record Number: " + row): null

2021-06-22 01:17:29 - [TEST_STEP][PASSED] - resText = "Pass": null

2021-06-22 01:17:29 - [TEST_STEP][PASSED] - pages.WriteExcel.demoKey(resText, datText, resColumn, datCloumn, fileLoc, nameSheet, row): pages.WriteExcel.demoKey is PASSED

2021-06-22 01:17:29 - [MESSAGE][PASSED] - pages.WriteExcel.demoKey is PASSED

2021-06-22 01:17:29 - [TEST_STEP][PASSED] - sdfo = getText(findTestObject("Object Repository/Page_VLinkReceipt/pre_STX")): Text of object 'Object Repository/Page_VLinkReceipt/pre_STX' is: '<STX>ROGqhHAxEUGR                  12098355            0  Transaction approved, no errors                   0                                                                                  X OK7385   <ETX>'

2021-06-22 01:17:29 - [MESSAGE][PASSED] - Text of object 'Object Repository/Page_VLinkReceipt/pre_STX' is: '<STX>ROGqhHAxEUGR                  12098355            0  Transaction approved, no errors                   0                                                                                  X OK7385   <ETX>'

2021-06-22 01:17:29 - [TEST_STEP][PASSED] - out.println("sdfo: " + sdfo): null

2021-06-22 01:17:29 - [TEST_STEP][PASSED] - remID = substring(5, 35).trim(): null

2021-06-22 01:17:29 - [TEST_STEP][PASSED] - out.println("Remittance ID: " + remID): null

2021-06-22 01:17:29 - [TEST_STEP][PASSED] - traxID = substring(35, 55).trim(): null

2021-06-22 01:17:29 - [TEST_STEP][PASSED] - out.println("Transaction ID: " + traxID): null

2021-06-22 01:17:29 - [TEST_STEP][PASSED] - out.println("End Record Number: " + row): null

2021-06-22 01:17:29 - [TEST_STEP][PASSED] - closeBrowser(): Browser is closed

2021-06-22 01:17:30 - [MESSAGE][PASSED] - Browser is closed

2021-06-22 01:17:30 - [TEST_STEP][PASSED] - out.println("Begin Record Number: " + row): null

2021-06-22 01:17:30 - [TEST_STEP][PASSED] - today = new java.util.Date(): null

2021-06-22 01:17:30 - [TEST_STEP][PASSED] - println(today): null

2021-06-22 01:17:30 - [TEST_STEP][PASSED] - datText = today: null

2021-06-22 01:17:30 - [TEST_STEP][PASSED] - openBrowser(VLinkURL + "authcap.html"): Browser is opened with url: 'https://dev-algorithm.govolution.com/vlinktest/QA/version_2_0/authcap.html'

2021-06-22 01:17:30 - [MESSAGE][INFO] - Starting 'Chrome' driver

2021-06-22 01:17:30 - [MESSAGE][INFO] - User set preference: ['acceptInsecureCerts', 'true']

2021-06-22 01:17:30 - [MESSAGE][INFO] - Action delay is set to 0 milliseconds

2021-06-22 01:17:31 - [MESSAGE][PASSED] - Browser is opened with url: 'https://dev-algorithm.govolution.com/vlinktest/QA/version_2_0/authcap.html'

2021-06-22 01:17:31 - [TEST_STEP][PASSED] - maximizeWindow(): Current window maximized

2021-06-22 01:17:32 - [MESSAGE][PASSED] - Current window maximized

2021-06-22 01:17:32 - [TEST_STEP][PASSED] - vlinkPages.saleCCPage.setDataSCC(row, dataFile): vlinkPages.saleCCPage.setDataSCC is PASSED

2021-06-22 01:17:34 - [MESSAGE][PASSED] - Object 'Object Repository/VLink/Page_CCSale/txt_CardNumber' is present

2021-06-22 01:17:34 - [MESSAGE][PASSED] - Object 'Object Repository/VLink/Page_CCSale/txt_TransactionType' is present

2021-06-22 01:17:35 - [MESSAGE][PASSED] - Text '104' is set on object 'Object Repository/VLink/Page_CCSale/txt_TransactionType'

2021-06-22 01:17:35 - [MESSAGE][PASSED] - Object 'Object Repository/VLink/Page_CCSale/txt_MessageVersion' is present

2021-06-22 01:17:36 - [MESSAGE][PASSED] - Text '2.0C' is set on object 'Object Repository/VLink/Page_CCSale/txt_MessageVersion'

2021-06-22 01:17:36 - [MESSAGE][PASSED] - Object 'Object Repository/VLink/Page_CCSale/txt_RemID' is present

2021-06-22 01:17:37 - [MESSAGE][PASSED] - Text 'jFRbuJ9yIkOV' is set on object 'Object Repository/VLink/Page_CCSale/txt_RemID'

2021-06-22 01:17:37 - [MESSAGE][PASSED] - Object 'Object Repository/VLink/Page_CCSale/txt_ApplicationId' is present

2021-06-22 01:17:37 - [MESSAGE][PASSED] - Text '665' is set on object 'Object Repository/VLink/Page_CCSale/txt_ApplicationId'

2021-06-22 01:17:38 - [MESSAGE][PASSED] - Object 'Object Repository/VLink/Page_CCSale/txt_Username' is present

2021-06-22 01:17:38 - [MESSAGE][PASSED] - Text 'username' is set on object 'Object Repository/VLink/Page_CCSale/txt_Username'

2021-06-22 01:17:39 - [MESSAGE][PASSED] - Object 'Object Repository/VLink/Page_CCSale/txt_Password' is present

2021-06-22 01:17:39 - [MESSAGE][PASSED] - Text 'password' is set on object 'Object Repository/VLink/Page_CCSale/txt_Password'

2021-06-22 01:17:39 - [MESSAGE][PASSED] - Object 'Object Repository/VLink/Page_CCSale/txt_ResponseFormat' is present

2021-06-22 01:17:40 - [MESSAGE][PASSED] - Text 'fixed_width' is set on object 'Object Repository/VLink/Page_CCSale/txt_ResponseFormat'

2021-06-22 01:17:40 - [MESSAGE][PASSED] - Object 'Object Repository/VLink/Page_CCSale/txt_Category' is present

2021-06-22 01:17:41 - [MESSAGE][PASSED] - Text 'RETL' is set on object 'Object Repository/VLink/Page_CCSale/txt_Category'

2021-06-22 01:17:41 - [MESSAGE][PASSED] - Object 'Object Repository/VLink/Page_CCSale/txt_TransactionID' is present

2021-06-22 01:17:42 - [MESSAGE][PASSED] - Text '' is set on object 'Object Repository/VLink/Page_CCSale/txt_TransactionID'

2021-06-22 01:17:42 - [MESSAGE][PASSED] - Object 'Object Repository/VLink/Page_CCSale/txt_ApprovalCode' is present

2021-06-22 01:17:43 - [MESSAGE][PASSED] - Text '' is set on object 'Object Repository/VLink/Page_CCSale/txt_ApprovalCode'

2021-06-22 01:17:43 - [MESSAGE][PASSED] - Object 'Object Repository/VLink/Page_CCSale/txt_CardName' is present

2021-06-22 01:17:44 - [MESSAGE][PASSED] - Text 'Kris Roshan' is set on object 'Object Repository/VLink/Page_CCSale/txt_CardName'

2021-06-22 01:17:44 - [MESSAGE][PASSED] - Object 'Object Repository/VLink/Page_CCSale/txt_AL1' is present

2021-06-22 01:17:45 - [MESSAGE][PASSED] - Text '258 Elm Road' is set on object 'Object Repository/VLink/Page_CCSale/txt_AL1'

2021-06-22 01:17:45 - [MESSAGE][PASSED] - Object 'Object Repository/VLink/Page_CCSale/txt_AL2' is present

2021-06-22 01:17:46 - [MESSAGE][PASSED] - Text 'Suite 56' is set on object 'Object Repository/VLink/Page_CCSale/txt_AL2'

2021-06-22 01:17:46 - [MESSAGE][PASSED] - Object 'Object Repository/VLink/Page_CCSale/txt_CardCity' is present

2021-06-22 01:17:47 - [MESSAGE][PASSED] - Text 'Arlington' is set on object 'Object Repository/VLink/Page_CCSale/txt_CardCity'

2021-06-22 01:17:47 - [MESSAGE][PASSED] - Object 'Object Repository/VLink/Page_CCSale/txt_CardState' is present

2021-06-22 01:17:48 - [MESSAGE][PASSED] - Text 'VA' is set on object 'Object Repository/VLink/Page_CCSale/txt_CardState'

2021-06-22 01:17:48 - [MESSAGE][PASSED] - Object 'Object Repository/VLink/Page_CCSale/txt_CardZIP' is present

2021-06-22 01:17:49 - [MESSAGE][PASSED] - Text '22201' is set on object 'Object Repository/VLink/Page_CCSale/txt_CardZIP'

2021-06-22 01:17:49 - [MESSAGE][PASSED] - Object 'Object Repository/VLink/Page_CCSale/txt_CountryID' is present

2021-06-22 01:17:50 - [MESSAGE][PASSED] - Text '840' is set on object 'Object Repository/VLink/Page_CCSale/txt_CountryID'

2021-06-22 01:17:50 - [MESSAGE][PASSED] - Object 'Object Repository/VLink/Page_CCSale/txt_Amount' is present

2021-06-22 01:17:51 - [MESSAGE][PASSED] - Text '1.50' is set on object 'Object Repository/VLink/Page_CCSale/txt_Amount'

2021-06-22 01:17:51 - [MESSAGE][PASSED] - Object 'Object Repository/VLink/Page_CCSale/txt_CardNumber' is present

2021-06-22 01:17:52 - [MESSAGE][PASSED] - Text '370000000000002' is set on object 'Object Repository/VLink/Page_CCSale/txt_CardNumber'

2021-06-22 01:17:52 - [MESSAGE][PASSED] - Object 'Object Repository/VLink/Page_CCSale/txt_ExpMonth' is present

2021-06-22 01:17:53 - [MESSAGE][PASSED] - Text '12' is set on object 'Object Repository/VLink/Page_CCSale/txt_ExpMonth'

2021-06-22 01:17:53 - [MESSAGE][PASSED] - Object 'Object Repository/VLink/Page_CCSale/txt_ExpYear' is present

2021-06-22 01:17:54 - [MESSAGE][PASSED] - Text '2025' is set on object 'Object Repository/VLink/Page_CCSale/txt_ExpYear'

2021-06-22 01:17:54 - [MESSAGE][PASSED] - Object 'Object Repository/VLink/Page_CCSale/txt_CVV' is present

2021-06-22 01:17:55 - [MESSAGE][PASSED] - Text '' is set on object 'Object Repository/VLink/Page_CCSale/txt_CVV'

2021-06-22 01:17:55 - [MESSAGE][PASSED] - Object 'Object Repository/VLink/Page_CCSale/txt_CVVstate' is present

2021-06-22 01:17:56 - [MESSAGE][PASSED] - Text '' is set on object 'Object Repository/VLink/Page_CCSale/txt_CVVstate'

2021-06-22 01:17:56 - [MESSAGE][PASSED] - Object 'Object Repository/VLink/Page_CCSale/txt_TrackData' is present

2021-06-22 01:17:57 - [MESSAGE][PASSED] - Text '' is set on object 'Object Repository/VLink/Page_CCSale/txt_TrackData'

2021-06-22 01:17:57 - [MESSAGE][PASSED] - Object 'Object Repository/VLink/Page_CCSale/txt_Track1Data' is present

2021-06-22 01:17:58 - [MESSAGE][PASSED] - Text '' is set on object 'Object Repository/VLink/Page_CCSale/txt_Track1Data'

2021-06-22 01:17:58 - [MESSAGE][PASSED] - Object 'Object Repository/VLink/Page_CCSale/txt_Track2Data' is present

2021-06-22 01:17:59 - [MESSAGE][PASSED] - Text '' is set on object 'Object Repository/VLink/Page_CCSale/txt_Track2Data'

2021-06-22 01:17:59 - [MESSAGE][PASSED] - Object 'Object Repository/VLink/Page_CCSale/txt_POSEntryMode' is present

2021-06-22 01:18:00 - [MESSAGE][PASSED] - Text 'manual' is set on object 'Object Repository/VLink/Page_CCSale/txt_POSEntryMode'

2021-06-22 01:18:00 - [MESSAGE][PASSED] - Object 'Object Repository/VLink/Page_CCSale/txt_Email' is present

2021-06-22 01:18:01 - [MESSAGE][PASSED] - Text 'iahmed@govolution.com' is set on object 'Object Repository/VLink/Page_CCSale/txt_Email'

2021-06-22 01:18:01 - [MESSAGE][PASSED] - Object 'Object Repository/VLink/Page_CCSale/txt_OrderNumber' is present

2021-06-22 01:18:02 - [MESSAGE][PASSED] - Text '2569362' is set on object 'Object Repository/VLink/Page_CCSale/txt_OrderNumber'

2021-06-22 01:18:02 - [MESSAGE][PASSED] - Object 'Object Repository/VLink/Page_CCSale/txt_TaxAmount' is present

2021-06-22 01:18:03 - [MESSAGE][PASSED] - Text '1.15' is set on object 'Object Repository/VLink/Page_CCSale/txt_TaxAmount'

2021-06-22 01:18:03 - [MESSAGE][PASSED] - Object 'Object Repository/VLink/Page_CCSale/txt_ChargeDescription' is present

2021-06-22 01:18:04 - [MESSAGE][PASSED] - Text 'Charge Description' is set on object 'Object Repository/VLink/Page_CCSale/txt_ChargeDescription'

2021-06-22 01:18:04 - [MESSAGE][PASSED] - Object 'Object Repository/VLink/Page_CCSale/txt_CAN' is present

2021-06-22 01:18:05 - [MESSAGE][PASSED] - Text '147357' is set on object 'Object Repository/VLink/Page_CCSale/txt_CAN'

2021-06-22 01:18:05 - [MESSAGE][PASSED] - Object 'Object Repository/VLink/Page_CCSale/txt_BillPaymentIndicator' is present

2021-06-22 01:18:06 - [MESSAGE][PASSED] - Text '1' is set on object 'Object Repository/VLink/Page_CCSale/txt_BillPaymentIndicator'

2021-06-22 01:18:06 - [MESSAGE][PASSED] - Object 'Object Repository/VLink/Page_CCSale/txt_UDF1' is present

2021-06-22 01:18:07 - [MESSAGE][PASSED] - Text 'UDF Data 1' is set on object 'Object Repository/VLink/Page_CCSale/txt_UDF1'

2021-06-22 01:18:07 - [MESSAGE][PASSED] - Object 'Object Repository/VLink/Page_CCSale/txt_UDF2' is present

2021-06-22 01:18:08 - [MESSAGE][PASSED] - Text 'UDF Data 2' is set on object 'Object Repository/VLink/Page_CCSale/txt_UDF2'

2021-06-22 01:18:08 - [MESSAGE][PASSED] - Object 'Object Repository/VLink/Page_CCSale/txt_UDF3' is present

2021-06-22 01:18:09 - [MESSAGE][PASSED] - Text 'UDF Data 3' is set on object 'Object Repository/VLink/Page_CCSale/txt_UDF3'

2021-06-22 01:18:09 - [MESSAGE][PASSED] - Object 'Object Repository/VLink/Page_CCSale/txt_UDF4' is present

2021-06-22 01:18:10 - [MESSAGE][PASSED] - Text 'UDF Data 4' is set on object 'Object Repository/VLink/Page_CCSale/txt_UDF4'

2021-06-22 01:18:10 - [MESSAGE][PASSED] - Object 'Object Repository/VLink/Page_CCSale/txt_UDF5' is present

2021-06-22 01:18:11 - [MESSAGE][PASSED] - Text 'UDF Data 5' is set on object 'Object Repository/VLink/Page_CCSale/txt_UDF5'

2021-06-22 01:18:11 - [MESSAGE][PASSED] - Object 'Object Repository/VLink/Page_CCSale/txt_UDF6' is present

2021-06-22 01:18:11 - [MESSAGE][PASSED] - Text 'UDF Data 6' is set on object 'Object Repository/VLink/Page_CCSale/txt_UDF6'

2021-06-22 01:18:12 - [MESSAGE][PASSED] - Object 'Object Repository/VLink/Page_CCSale/txt_UDF7' is present

2021-06-22 01:18:12 - [MESSAGE][PASSED] - Text 'UDF Data 7' is set on object 'Object Repository/VLink/Page_CCSale/txt_UDF7'

2021-06-22 01:18:13 - [MESSAGE][PASSED] - Object 'Object Repository/VLink/Page_CCSale/txt_UDF8' is present

2021-06-22 01:18:13 - [MESSAGE][PASSED] - Text 'UDF Data 8' is set on object 'Object Repository/VLink/Page_CCSale/txt_UDF8'

2021-06-22 01:18:14 - [MESSAGE][PASSED] - Object 'Object Repository/VLink/Page_CCSale/txt_UDF9' is present

2021-06-22 01:18:14 - [MESSAGE][PASSED] - Text 'UDF Data 9' is set on object 'Object Repository/VLink/Page_CCSale/txt_UDF9'

2021-06-22 01:18:15 - [MESSAGE][PASSED] - Object 'Object Repository/VLink/Page_CCSale/txt_UDF10' is present

2021-06-22 01:18:15 - [MESSAGE][PASSED] - Text 'UDF Data 10' is set on object 'Object Repository/VLink/Page_CCSale/txt_UDF10'

2021-06-22 01:18:16 - [MESSAGE][PASSED] - Object 'Object Repository/VLink/Page_CCSale/txt_CardOnFileIndicator' is present

2021-06-22 01:18:16 - [MESSAGE][PASSED] - Text '' is set on object 'Object Repository/VLink/Page_CCSale/txt_CardOnFileIndicator'

2021-06-22 01:18:17 - [MESSAGE][PASSED] - Object 'Object Repository/VLink/Page_CCSale/txt_StoredCredentialIndicator' is present

2021-06-22 01:18:17 - [MESSAGE][PASSED] - Text '' is set on object 'Object Repository/VLink/Page_CCSale/txt_StoredCredentialIndicator'

2021-06-22 01:18:18 - [MESSAGE][PASSED] - Object 'Object Repository/VLink/Page_CCSale/txt_COFScheduledIndicator' is present

2021-06-22 01:18:18 - [MESSAGE][PASSED] - Text '' is set on object 'Object Repository/VLink/Page_CCSale/txt_COFScheduledIndicator'

2021-06-22 01:18:19 - [MESSAGE][PASSED] - Object 'Object Repository/VLink/Page_CCSale/txt_COFTransactionInitiatedBy' is present

2021-06-22 01:18:19 - [MESSAGE][PASSED] - Text '' is set on object 'Object Repository/VLink/Page_CCSale/txt_COFTransactionInitiatedBy'

2021-06-22 01:18:22 - [MESSAGE][PASSED] - Object: 'Object Repository/VLink/Page_CCSale/btn_ProcessVLinkTransaction' is clicked on

2021-06-22 01:18:27 - [MESSAGE][PASSED] - vlinkPages.saleCCPage.setDataSCC is PASSED

2021-06-22 01:18:27 - [TEST_STEP][PASSED] - if (verifyTextPresent("Transaction approved, no errors", true)): null

2021-06-22 01:18:27 - [MESSAGE][PASSED] - Text 'Transaction approved, no errors' is present on page  using regular expression

2021-06-22 01:18:27 - [TEST_STEP][PASSED] - println("Transaction Approved, no errors text is present on the Confirmation page"): null

2021-06-22 01:18:27 - [TEST_STEP][PASSED] - out.println("Pass Record Number: " + row): null

2021-06-22 01:18:27 - [TEST_STEP][PASSED] - resText = "Pass": null

2021-06-22 01:18:27 - [TEST_STEP][PASSED] - pages.WriteExcel.demoKey(resText, datText, resColumn, datCloumn, fileLoc, nameSheet, row): pages.WriteExcel.demoKey is PASSED

2021-06-22 01:18:27 - [MESSAGE][PASSED] - pages.WriteExcel.demoKey is PASSED

2021-06-22 01:18:27 - [TEST_STEP][PASSED] - sdfo = getText(findTestObject("Object Repository/Page_VLinkReceipt/pre_STX")): Text of object 'Object Repository/Page_VLinkReceipt/pre_STX' is: '<STX>jFRbuJ9yIkOV                  12098357            0  Transaction approved, no errors                   0                                                                                  X OK7485   <ETX>'

2021-06-22 01:18:28 - [MESSAGE][PASSED] - Text of object 'Object Repository/Page_VLinkReceipt/pre_STX' is: '<STX>jFRbuJ9yIkOV                  12098357            0  Transaction approved, no errors                   0                                                                                  X OK7485   <ETX>'

2021-06-22 01:18:28 - [TEST_STEP][PASSED] - out.println("sdfo: " + sdfo): null

2021-06-22 01:18:28 - [TEST_STEP][PASSED] - remID = substring(5, 35).trim(): null

2021-06-22 01:18:28 - [TEST_STEP][PASSED] - out.println("Remittance ID: " + remID): null

2021-06-22 01:18:28 - [TEST_STEP][PASSED] - traxID = substring(35, 55).trim(): null

2021-06-22 01:18:28 - [TEST_STEP][PASSED] - out.println("Transaction ID: " + traxID): null

2021-06-22 01:18:28 - [TEST_STEP][PASSED] - out.println("End Record Number: " + row): null

2021-06-22 01:18:28 - [TEST_STEP][PASSED] - closeBrowser(): Browser is closed

2021-06-22 01:18:28 - [MESSAGE][PASSED] - Browser is closed

2021-06-22 01:18:28 - [TEST_STEP][PASSED] - out.println("Begin Record Number: " + row): null

2021-06-22 01:18:28 - [TEST_STEP][PASSED] - today = new java.util.Date(): null

2021-06-22 01:18:28 - [TEST_STEP][PASSED] - println(today): null

2021-06-22 01:18:28 - [TEST_STEP][PASSED] - datText = today: null

2021-06-22 01:18:28 - [TEST_STEP][PASSED] - openBrowser(VLinkURL + "authcap.html"): Browser is opened with url: 'https://dev-algorithm.govolution.com/vlinktest/QA/version_2_0/authcap.html'

2021-06-22 01:18:28 - [MESSAGE][INFO] - Starting 'Chrome' driver

2021-06-22 01:18:28 - [MESSAGE][INFO] - User set preference: ['acceptInsecureCerts', 'true']

2021-06-22 01:18:28 - [MESSAGE][INFO] - Action delay is set to 0 milliseconds

2021-06-22 01:18:30 - [MESSAGE][PASSED] - Browser is opened with url: 'https://dev-algorithm.govolution.com/vlinktest/QA/version_2_0/authcap.html'

2021-06-22 01:18:30 - [TEST_STEP][PASSED] - maximizeWindow(): Current window maximized

2021-06-22 01:18:30 - [MESSAGE][PASSED] - Current window maximized

2021-06-22 01:18:30 - [TEST_STEP][PASSED] - vlinkPages.saleCCPage.setDataSCC(row, dataFile): vlinkPages.saleCCPage.setDataSCC is PASSED

2021-06-22 01:18:32 - [MESSAGE][PASSED] - Object 'Object Repository/VLink/Page_CCSale/txt_CardNumber' is present

2021-06-22 01:18:33 - [MESSAGE][PASSED] - Object 'Object Repository/VLink/Page_CCSale/txt_TransactionType' is present

2021-06-22 01:18:33 - [MESSAGE][PASSED] - Text '104' is set on object 'Object Repository/VLink/Page_CCSale/txt_TransactionType'

2021-06-22 01:18:34 - [MESSAGE][PASSED] - Object 'Object Repository/VLink/Page_CCSale/txt_MessageVersion' is present

2021-06-22 01:18:34 - [MESSAGE][PASSED] - Text '2.0C' is set on object 'Object Repository/VLink/Page_CCSale/txt_MessageVersion'

2021-06-22 01:18:34 - [MESSAGE][PASSED] - Object 'Object Repository/VLink/Page_CCSale/txt_RemID' is present

2021-06-22 01:18:35 - [MESSAGE][PASSED] - Text '4cae5yyhBxgG' is set on object 'Object Repository/VLink/Page_CCSale/txt_RemID'

2021-06-22 01:18:35 - [MESSAGE][PASSED] - Object 'Object Repository/VLink/Page_CCSale/txt_ApplicationId' is present

2021-06-22 01:18:36 - [MESSAGE][PASSED] - Text '672' is set on object 'Object Repository/VLink/Page_CCSale/txt_ApplicationId'

2021-06-22 01:18:36 - [MESSAGE][PASSED] - Object 'Object Repository/VLink/Page_CCSale/txt_Username' is present

2021-06-22 01:18:37 - [MESSAGE][PASSED] - Text 'username' is set on object 'Object Repository/VLink/Page_CCSale/txt_Username'

2021-06-22 01:18:37 - [MESSAGE][PASSED] - Object 'Object Repository/VLink/Page_CCSale/txt_Password' is present

2021-06-22 01:18:38 - [MESSAGE][PASSED] - Text 'password' is set on object 'Object Repository/VLink/Page_CCSale/txt_Password'

2021-06-22 01:18:38 - [MESSAGE][PASSED] - Object 'Object Repository/VLink/Page_CCSale/txt_ResponseFormat' is present

2021-06-22 01:18:39 - [MESSAGE][PASSED] - Text 'fixed_width' is set on object 'Object Repository/VLink/Page_CCSale/txt_ResponseFormat'

2021-06-22 01:18:39 - [MESSAGE][PASSED] - Object 'Object Repository/VLink/Page_CCSale/txt_Category' is present

2021-06-22 01:18:39 - [MESSAGE][PASSED] - Text 'RETL' is set on object 'Object Repository/VLink/Page_CCSale/txt_Category'

2021-06-22 01:18:40 - [MESSAGE][PASSED] - Object 'Object Repository/VLink/Page_CCSale/txt_TransactionID' is present

2021-06-22 01:18:40 - [MESSAGE][PASSED] - Text '' is set on object 'Object Repository/VLink/Page_CCSale/txt_TransactionID'

2021-06-22 01:18:41 - [MESSAGE][PASSED] - Object 'Object Repository/VLink/Page_CCSale/txt_ApprovalCode' is present

2021-06-22 01:18:41 - [MESSAGE][PASSED] - Text '' is set on object 'Object Repository/VLink/Page_CCSale/txt_ApprovalCode'

2021-06-22 01:18:42 - [MESSAGE][PASSED] - Object 'Object Repository/VLink/Page_CCSale/txt_CardName' is present

2021-06-22 01:18:42 - [MESSAGE][PASSED] - Text 'Arvind Silva' is set on object 'Object Repository/VLink/Page_CCSale/txt_CardName'

2021-06-22 01:18:43 - [MESSAGE][PASSED] - Object 'Object Repository/VLink/Page_CCSale/txt_AL1' is present

2021-06-22 01:18:43 - [MESSAGE][PASSED] - Text '111 Main Ave' is set on object 'Object Repository/VLink/Page_CCSale/txt_AL1'

2021-06-22 01:18:44 - [MESSAGE][PASSED] - Object 'Object Repository/VLink/Page_CCSale/txt_AL2' is present

2021-06-22 01:18:44 - [MESSAGE][PASSED] - Text '' is set on object 'Object Repository/VLink/Page_CCSale/txt_AL2'

2021-06-22 01:18:45 - [MESSAGE][PASSED] - Object 'Object Repository/VLink/Page_CCSale/txt_CardCity' is present

2021-06-22 01:18:45 - [MESSAGE][PASSED] - Text 'Arlington' is set on object 'Object Repository/VLink/Page_CCSale/txt_CardCity'

2021-06-22 01:18:46 - [MESSAGE][PASSED] - Object 'Object Repository/VLink/Page_CCSale/txt_CardState' is present

2021-06-22 01:18:46 - [MESSAGE][PASSED] - Text 'VA' is set on object 'Object Repository/VLink/Page_CCSale/txt_CardState'

2021-06-22 01:18:47 - [MESSAGE][PASSED] - Object 'Object Repository/VLink/Page_CCSale/txt_CardZIP' is present

2021-06-22 01:18:47 - [MESSAGE][PASSED] - Text '22201' is set on object 'Object Repository/VLink/Page_CCSale/txt_CardZIP'

2021-06-22 01:18:48 - [MESSAGE][PASSED] - Object 'Object Repository/VLink/Page_CCSale/txt_CountryID' is present

2021-06-22 01:18:48 - [MESSAGE][PASSED] - Text '' is set on object 'Object Repository/VLink/Page_CCSale/txt_CountryID'

2021-06-22 01:18:49 - [MESSAGE][PASSED] - Object 'Object Repository/VLink/Page_CCSale/txt_Amount' is present

2021-06-22 01:18:49 - [MESSAGE][PASSED] - Text '2.50' is set on object 'Object Repository/VLink/Page_CCSale/txt_Amount'

2021-06-22 01:18:50 - [MESSAGE][PASSED] - Object 'Object Repository/VLink/Page_CCSale/txt_CardNumber' is present

2021-06-22 01:18:50 - [MESSAGE][PASSED] - Text '370000000000002' is set on object 'Object Repository/VLink/Page_CCSale/txt_CardNumber'

2021-06-22 01:18:51 - [MESSAGE][PASSED] - Object 'Object Repository/VLink/Page_CCSale/txt_ExpMonth' is present

2021-06-22 01:18:51 - [MESSAGE][PASSED] - Text '01' is set on object 'Object Repository/VLink/Page_CCSale/txt_ExpMonth'

2021-06-22 01:18:52 - [MESSAGE][PASSED] - Object 'Object Repository/VLink/Page_CCSale/txt_ExpYear' is present

2021-06-22 01:18:52 - [MESSAGE][PASSED] - Text '2026' is set on object 'Object Repository/VLink/Page_CCSale/txt_ExpYear'

2021-06-22 01:18:53 - [MESSAGE][PASSED] - Object 'Object Repository/VLink/Page_CCSale/txt_CVV' is present

2021-06-22 01:18:53 - [MESSAGE][PASSED] - Text '' is set on object 'Object Repository/VLink/Page_CCSale/txt_CVV'

2021-06-22 01:18:54 - [MESSAGE][PASSED] - Object 'Object Repository/VLink/Page_CCSale/txt_CVVstate' is present

2021-06-22 01:18:54 - [MESSAGE][PASSED] - Text '' is set on object 'Object Repository/VLink/Page_CCSale/txt_CVVstate'

2021-06-22 01:18:55 - [MESSAGE][PASSED] - Object 'Object Repository/VLink/Page_CCSale/txt_TrackData' is present

2021-06-22 01:18:55 - [MESSAGE][PASSED] - Text '' is set on object 'Object Repository/VLink/Page_CCSale/txt_TrackData'

2021-06-22 01:18:56 - [MESSAGE][PASSED] - Object 'Object Repository/VLink/Page_CCSale/txt_Track1Data' is present

2021-06-22 01:18:56 - [MESSAGE][PASSED] - Text '' is set on object 'Object Repository/VLink/Page_CCSale/txt_Track1Data'

2021-06-22 01:18:57 - [MESSAGE][PASSED] - Object 'Object Repository/VLink/Page_CCSale/txt_Track2Data' is present

2021-06-22 01:18:57 - [MESSAGE][PASSED] - Text '' is set on object 'Object Repository/VLink/Page_CCSale/txt_Track2Data'

2021-06-22 01:18:58 - [MESSAGE][PASSED] - Object 'Object Repository/VLink/Page_CCSale/txt_POSEntryMode' is present

2021-06-22 01:18:58 - [MESSAGE][PASSED] - Text 'manual' is set on object 'Object Repository/VLink/Page_CCSale/txt_POSEntryMode'

2021-06-22 01:18:58 - [MESSAGE][PASSED] - Object 'Object Repository/VLink/Page_CCSale/txt_Email' is present

2021-06-22 01:18:59 - [MESSAGE][PASSED] - Text '' is set on object 'Object Repository/VLink/Page_CCSale/txt_Email'

2021-06-22 01:18:59 - [MESSAGE][PASSED] - Object 'Object Repository/VLink/Page_CCSale/txt_OrderNumber' is present

2021-06-22 01:19:00 - [MESSAGE][PASSED] - Text '' is set on object 'Object Repository/VLink/Page_CCSale/txt_OrderNumber'

2021-06-22 01:19:00 - [MESSAGE][PASSED] - Object 'Object Repository/VLink/Page_CCSale/txt_TaxAmount' is present

2021-06-22 01:19:01 - [MESSAGE][PASSED] - Text '' is set on object 'Object Repository/VLink/Page_CCSale/txt_TaxAmount'

2021-06-22 01:19:01 - [MESSAGE][PASSED] - Object 'Object Repository/VLink/Page_CCSale/txt_ChargeDescription' is present

2021-06-22 01:19:02 - [MESSAGE][PASSED] - Text '' is set on object 'Object Repository/VLink/Page_CCSale/txt_ChargeDescription'

2021-06-22 01:19:02 - [MESSAGE][PASSED] - Object 'Object Repository/VLink/Page_CCSale/txt_CAN' is present

2021-06-22 01:19:03 - [MESSAGE][PASSED] - Text '' is set on object 'Object Repository/VLink/Page_CCSale/txt_CAN'

2021-06-22 01:19:03 - [MESSAGE][PASSED] - Object 'Object Repository/VLink/Page_CCSale/txt_BillPaymentIndicator' is present

2021-06-22 01:19:04 - [MESSAGE][PASSED] - Text '' is set on object 'Object Repository/VLink/Page_CCSale/txt_BillPaymentIndicator'

2021-06-22 01:19:04 - [MESSAGE][PASSED] - Object 'Object Repository/VLink/Page_CCSale/txt_UDF1' is present

2021-06-22 01:19:05 - [MESSAGE][PASSED] - Text '' is set on object 'Object Repository/VLink/Page_CCSale/txt_UDF1'

2021-06-22 01:19:05 - [MESSAGE][PASSED] - Object 'Object Repository/VLink/Page_CCSale/txt_UDF2' is present

2021-06-22 01:19:06 - [MESSAGE][PASSED] - Text '' is set on object 'Object Repository/VLink/Page_CCSale/txt_UDF2'

2021-06-22 01:19:06 - [MESSAGE][PASSED] - Object 'Object Repository/VLink/Page_CCSale/txt_UDF3' is present

2021-06-22 01:19:07 - [MESSAGE][PASSED] - Text '' is set on object 'Object Repository/VLink/Page_CCSale/txt_UDF3'

2021-06-22 01:19:07 - [MESSAGE][PASSED] - Object 'Object Repository/VLink/Page_CCSale/txt_UDF4' is present

2021-06-22 01:19:08 - [MESSAGE][PASSED] - Text '' is set on object 'Object Repository/VLink/Page_CCSale/txt_UDF4'

2021-06-22 01:19:08 - [MESSAGE][PASSED] - Object 'Object Repository/VLink/Page_CCSale/txt_UDF5' is present

2021-06-22 01:19:09 - [MESSAGE][PASSED] - Text '' is set on object 'Object Repository/VLink/Page_CCSale/txt_UDF5'

2021-06-22 01:19:09 - [MESSAGE][PASSED] - Object 'Object Repository/VLink/Page_CCSale/txt_UDF6' is present

2021-06-22 01:19:10 - [MESSAGE][PASSED] - Text '' is set on object 'Object Repository/VLink/Page_CCSale/txt_UDF6'

2021-06-22 01:19:10 - [MESSAGE][PASSED] - Object 'Object Repository/VLink/Page_CCSale/txt_UDF7' is present

2021-06-22 01:19:11 - [MESSAGE][PASSED] - Text '' is set on object 'Object Repository/VLink/Page_CCSale/txt_UDF7'

2021-06-22 01:19:11 - [MESSAGE][PASSED] - Object 'Object Repository/VLink/Page_CCSale/txt_UDF8' is present

2021-06-22 01:19:12 - [MESSAGE][PASSED] - Text '' is set on object 'Object Repository/VLink/Page_CCSale/txt_UDF8'

2021-06-22 01:19:12 - [MESSAGE][PASSED] - Object 'Object Repository/VLink/Page_CCSale/txt_UDF9' is present

2021-06-22 01:19:13 - [MESSAGE][PASSED] - Text '' is set on object 'Object Repository/VLink/Page_CCSale/txt_UDF9'

2021-06-22 01:19:13 - [MESSAGE][PASSED] - Object 'Object Repository/VLink/Page_CCSale/txt_UDF10' is present

2021-06-22 01:19:14 - [MESSAGE][PASSED] - Text '' is set on object 'Object Repository/VLink/Page_CCSale/txt_UDF10'

2021-06-22 01:19:14 - [MESSAGE][PASSED] - Object 'Object Repository/VLink/Page_CCSale/txt_CardOnFileIndicator' is present

2021-06-22 01:19:15 - [MESSAGE][PASSED] - Text '' is set on object 'Object Repository/VLink/Page_CCSale/txt_CardOnFileIndicator'

2021-06-22 01:19:15 - [MESSAGE][PASSED] - Object 'Object Repository/VLink/Page_CCSale/txt_StoredCredentialIndicator' is present

2021-06-22 01:19:16 - [MESSAGE][PASSED] - Text '' is set on object 'Object Repository/VLink/Page_CCSale/txt_StoredCredentialIndicator'

2021-06-22 01:19:16 - [MESSAGE][PASSED] - Object 'Object Repository/VLink/Page_CCSale/txt_COFScheduledIndicator' is present

2021-06-22 01:19:17 - [MESSAGE][PASSED] - Text '' is set on object 'Object Repository/VLink/Page_CCSale/txt_COFScheduledIndicator'

2021-06-22 01:19:17 - [MESSAGE][PASSED] - Object 'Object Repository/VLink/Page_CCSale/txt_COFTransactionInitiatedBy' is present

2021-06-22 01:19:18 - [MESSAGE][PASSED] - Text '' is set on object 'Object Repository/VLink/Page_CCSale/txt_COFTransactionInitiatedBy'

2021-06-22 01:19:20 - [MESSAGE][PASSED] - Object: 'Object Repository/VLink/Page_CCSale/btn_ProcessVLinkTransaction' is clicked on

2021-06-22 01:19:25 - [MESSAGE][PASSED] - vlinkPages.saleCCPage.setDataSCC is PASSED

2021-06-22 01:19:25 - [TEST_STEP][PASSED] - if (verifyTextPresent("Transaction approved, no errors", true)): null

2021-06-22 01:19:26 - [MESSAGE][PASSED] - Text 'Transaction approved, no errors' is present on page  using regular expression

2021-06-22 01:19:26 - [TEST_STEP][PASSED] - println("Transaction Approved, no errors text is present on the Confirmation page"): null

2021-06-22 01:19:26 - [TEST_STEP][PASSED] - out.println("Pass Record Number: " + row): null

2021-06-22 01:19:26 - [TEST_STEP][PASSED] - resText = "Pass": null

2021-06-22 01:19:26 - [TEST_STEP][PASSED] - pages.WriteExcel.demoKey(resText, datText, resColumn, datCloumn, fileLoc, nameSheet, row): pages.WriteExcel.demoKey is PASSED

2021-06-22 01:19:26 - [MESSAGE][PASSED] - pages.WriteExcel.demoKey is PASSED

2021-06-22 01:19:26 - [TEST_STEP][PASSED] - sdfo = getText(findTestObject("Object Repository/Page_VLinkReceipt/pre_STX")): Text of object 'Object Repository/Page_VLinkReceipt/pre_STX' is: '<STX>4cae5yyhBxgG                  12098358            0  Transaction approved, no errors                   0                                                                                  X OK7635   <ETX>'

2021-06-22 01:19:26 - [MESSAGE][PASSED] - Text of object 'Object Repository/Page_VLinkReceipt/pre_STX' is: '<STX>4cae5yyhBxgG                  12098358            0  Transaction approved, no errors                   0                                                                                  X OK7635   <ETX>'

2021-06-22 01:19:26 - [TEST_STEP][PASSED] - out.println("sdfo: " + sdfo): null

2021-06-22 01:19:26 - [TEST_STEP][PASSED] - remID = substring(5, 35).trim(): null

2021-06-22 01:19:26 - [TEST_STEP][PASSED] - out.println("Remittance ID: " + remID): null

2021-06-22 01:19:26 - [TEST_STEP][PASSED] - traxID = substring(35, 55).trim(): null

2021-06-22 01:19:26 - [TEST_STEP][PASSED] - out.println("Transaction ID: " + traxID): null

2021-06-22 01:19:26 - [TEST_STEP][PASSED] - out.println("End Record Number: " + row): null

2021-06-22 01:19:26 - [TEST_STEP][PASSED] - closeBrowser(): Browser is closed

2021-06-22 01:19:27 - [MESSAGE][PASSED] - Browser is closed

2021-06-22 01:19:27 - [TEST_STEP][PASSED] - out.println("Begin Record Number: " + row): null

2021-06-22 01:19:27 - [TEST_STEP][PASSED] - today = new java.util.Date(): null

2021-06-22 01:19:27 - [TEST_STEP][PASSED] - println(today): null

2021-06-22 01:19:27 - [TEST_STEP][PASSED] - datText = today: null

2021-06-22 01:19:27 - [TEST_STEP][PASSED] - openBrowser(VLinkURL + "authcap.html"): Browser is opened with url: 'https://dev-algorithm.govolution.com/vlinktest/QA/version_2_0/authcap.html'

2021-06-22 01:19:27 - [MESSAGE][INFO] - Starting 'Chrome' driver

2021-06-22 01:19:27 - [MESSAGE][INFO] - User set preference: ['acceptInsecureCerts', 'true']

2021-06-22 01:19:27 - [MESSAGE][INFO] - Action delay is set to 0 milliseconds

2021-06-22 01:19:29 - [MESSAGE][PASSED] - Browser is opened with url: 'https://dev-algorithm.govolution.com/vlinktest/QA/version_2_0/authcap.html'

2021-06-22 01:19:29 - [TEST_STEP][PASSED] - maximizeWindow(): Current window maximized

2021-06-22 01:19:29 - [MESSAGE][PASSED] - Current window maximized

2021-06-22 01:19:29 - [TEST_STEP][PASSED] - vlinkPages.saleCCPage.setDataSCC(row, dataFile): vlinkPages.saleCCPage.setDataSCC is PASSED

2021-06-22 01:19:31 - [MESSAGE][PASSED] - Object 'Object Repository/VLink/Page_CCSale/txt_CardNumber' is present

2021-06-22 01:19:31 - [MESSAGE][PASSED] - Object 'Object Repository/VLink/Page_CCSale/txt_TransactionType' is present

2021-06-22 01:19:32 - [MESSAGE][PASSED] - Text '104' is set on object 'Object Repository/VLink/Page_CCSale/txt_TransactionType'

2021-06-22 01:19:32 - [MESSAGE][PASSED] - Object 'Object Repository/VLink/Page_CCSale/txt_MessageVersion' is present

2021-06-22 01:19:33 - [MESSAGE][PASSED] - Text '2.0C' is set on object 'Object Repository/VLink/Page_CCSale/txt_MessageVersion'

2021-06-22 01:19:33 - [MESSAGE][PASSED] - Object 'Object Repository/VLink/Page_CCSale/txt_RemID' is present

2021-06-22 01:19:33 - [MESSAGE][PASSED] - Text '209mYy8bYnkJ' is set on object 'Object Repository/VLink/Page_CCSale/txt_RemID'

2021-06-22 01:19:34 - [MESSAGE][PASSED] - Object 'Object Repository/VLink/Page_CCSale/txt_ApplicationId' is present

2021-06-22 01:19:34 - [MESSAGE][PASSED] - Text '677' is set on object 'Object Repository/VLink/Page_CCSale/txt_ApplicationId'

2021-06-22 01:19:35 - [MESSAGE][PASSED] - Object 'Object Repository/VLink/Page_CCSale/txt_Username' is present

2021-06-22 01:19:35 - [MESSAGE][PASSED] - Text 'username' is set on object 'Object Repository/VLink/Page_CCSale/txt_Username'

2021-06-22 01:19:35 - [MESSAGE][PASSED] - Object 'Object Repository/VLink/Page_CCSale/txt_Password' is present

2021-06-22 01:19:36 - [MESSAGE][PASSED] - Text 'password' is set on object 'Object Repository/VLink/Page_CCSale/txt_Password'

2021-06-22 01:19:36 - [MESSAGE][PASSED] - Object 'Object Repository/VLink/Page_CCSale/txt_ResponseFormat' is present

2021-06-22 01:19:37 - [MESSAGE][PASSED] - Text 'fixed_width' is set on object 'Object Repository/VLink/Page_CCSale/txt_ResponseFormat'

2021-06-22 01:19:37 - [MESSAGE][PASSED] - Object 'Object Repository/VLink/Page_CCSale/txt_Category' is present

2021-06-22 01:19:38 - [MESSAGE][PASSED] - Text 'RETL' is set on object 'Object Repository/VLink/Page_CCSale/txt_Category'

2021-06-22 01:19:38 - [MESSAGE][PASSED] - Object 'Object Repository/VLink/Page_CCSale/txt_TransactionID' is present

2021-06-22 01:19:39 - [MESSAGE][PASSED] - Text '' is set on object 'Object Repository/VLink/Page_CCSale/txt_TransactionID'

2021-06-22 01:19:39 - [MESSAGE][PASSED] - Object 'Object Repository/VLink/Page_CCSale/txt_ApprovalCode' is present

2021-06-22 01:19:40 - [MESSAGE][PASSED] - Text '' is set on object 'Object Repository/VLink/Page_CCSale/txt_ApprovalCode'

2021-06-22 01:19:40 - [MESSAGE][PASSED] - Object 'Object Repository/VLink/Page_CCSale/txt_CardName' is present

2021-06-22 01:19:41 - [MESSAGE][PASSED] - Text 'Roshan Maha' is set on object 'Object Repository/VLink/Page_CCSale/txt_CardName'

2021-06-22 01:19:41 - [MESSAGE][PASSED] - Object 'Object Repository/VLink/Page_CCSale/txt_AL1' is present

2021-06-22 01:19:42 - [MESSAGE][PASSED] - Text '12563 Bazaar road' is set on object 'Object Repository/VLink/Page_CCSale/txt_AL1'

2021-06-22 01:19:42 - [MESSAGE][PASSED] - Object 'Object Repository/VLink/Page_CCSale/txt_AL2' is present

2021-06-22 01:19:43 - [MESSAGE][PASSED] - Text '' is set on object 'Object Repository/VLink/Page_CCSale/txt_AL2'

2021-06-22 01:19:43 - [MESSAGE][PASSED] - Object 'Object Repository/VLink/Page_CCSale/txt_CardCity' is present

2021-06-22 01:19:44 - [MESSAGE][PASSED] - Text 'Crofton' is set on object 'Object Repository/VLink/Page_CCSale/txt_CardCity'

2021-06-22 01:19:44 - [MESSAGE][PASSED] - Object 'Object Repository/VLink/Page_CCSale/txt_CardState' is present

2021-06-22 01:19:45 - [MESSAGE][PASSED] - Text 'MD' is set on object 'Object Repository/VLink/Page_CCSale/txt_CardState'

2021-06-22 01:19:45 - [MESSAGE][PASSED] - Object 'Object Repository/VLink/Page_CCSale/txt_CardZIP' is present

2021-06-22 01:19:46 - [MESSAGE][PASSED] - Text '21114' is set on object 'Object Repository/VLink/Page_CCSale/txt_CardZIP'

2021-06-22 01:19:46 - [MESSAGE][PASSED] - Object 'Object Repository/VLink/Page_CCSale/txt_CountryID' is present

2021-06-22 01:19:47 - [MESSAGE][PASSED] - Text '' is set on object 'Object Repository/VLink/Page_CCSale/txt_CountryID'

2021-06-22 01:19:47 - [MESSAGE][PASSED] - Object 'Object Repository/VLink/Page_CCSale/txt_Amount' is present

2021-06-22 01:19:48 - [MESSAGE][PASSED] - Text '3.50' is set on object 'Object Repository/VLink/Page_CCSale/txt_Amount'

2021-06-22 01:19:48 - [MESSAGE][PASSED] - Object 'Object Repository/VLink/Page_CCSale/txt_CardNumber' is present

2021-06-22 01:19:49 - [MESSAGE][PASSED] - Text '370000000000002' is set on object 'Object Repository/VLink/Page_CCSale/txt_CardNumber'

2021-06-22 01:19:49 - [MESSAGE][PASSED] - Object 'Object Repository/VLink/Page_CCSale/txt_ExpMonth' is present

2021-06-22 01:19:50 - [MESSAGE][PASSED] - Text '01' is set on object 'Object Repository/VLink/Page_CCSale/txt_ExpMonth'

2021-06-22 01:19:50 - [MESSAGE][PASSED] - Object 'Object Repository/VLink/Page_CCSale/txt_ExpYear' is present

2021-06-22 01:19:51 - [MESSAGE][PASSED] - Text '2026' is set on object 'Object Repository/VLink/Page_CCSale/txt_ExpYear'

2021-06-22 01:19:51 - [MESSAGE][PASSED] - Object 'Object Repository/VLink/Page_CCSale/txt_CVV' is present

2021-06-22 01:19:52 - [MESSAGE][PASSED] - Text '' is set on object 'Object Repository/VLink/Page_CCSale/txt_CVV'

2021-06-22 01:19:52 - [MESSAGE][PASSED] - Object 'Object Repository/VLink/Page_CCSale/txt_CVVstate' is present

2021-06-22 01:19:53 - [MESSAGE][PASSED] - Text '' is set on object 'Object Repository/VLink/Page_CCSale/txt_CVVstate'

2021-06-22 01:19:53 - [MESSAGE][PASSED] - Object 'Object Repository/VLink/Page_CCSale/txt_TrackData' is present

2021-06-22 01:19:54 - [MESSAGE][PASSED] - Text '' is set on object 'Object Repository/VLink/Page_CCSale/txt_TrackData'

2021-06-22 01:19:54 - [MESSAGE][PASSED] - Object 'Object Repository/VLink/Page_CCSale/txt_Track1Data' is present

2021-06-22 01:19:55 - [MESSAGE][PASSED] - Text '' is set on object 'Object Repository/VLink/Page_CCSale/txt_Track1Data'

2021-06-22 01:19:55 - [MESSAGE][PASSED] - Object 'Object Repository/VLink/Page_CCSale/txt_Track2Data' is present

2021-06-22 01:19:56 - [MESSAGE][PASSED] - Text '' is set on object 'Object Repository/VLink/Page_CCSale/txt_Track2Data'

2021-06-22 01:19:56 - [MESSAGE][PASSED] - Object 'Object Repository/VLink/Page_CCSale/txt_POSEntryMode' is present

2021-06-22 01:19:57 - [MESSAGE][PASSED] - Text 'manual' is set on object 'Object Repository/VLink/Page_CCSale/txt_POSEntryMode'

2021-06-22 01:19:57 - [MESSAGE][PASSED] - Object 'Object Repository/VLink/Page_CCSale/txt_Email' is present

2021-06-22 01:19:58 - [MESSAGE][PASSED] - Text '' is set on object 'Object Repository/VLink/Page_CCSale/txt_Email'

2021-06-22 01:19:58 - [MESSAGE][PASSED] - Object 'Object Repository/VLink/Page_CCSale/txt_OrderNumber' is present

2021-06-22 01:19:59 - [MESSAGE][PASSED] - Text '' is set on object 'Object Repository/VLink/Page_CCSale/txt_OrderNumber'

2021-06-22 01:19:59 - [MESSAGE][PASSED] - Object 'Object Repository/VLink/Page_CCSale/txt_TaxAmount' is present

2021-06-22 01:20:00 - [MESSAGE][PASSED] - Text '' is set on object 'Object Repository/VLink/Page_CCSale/txt_TaxAmount'

2021-06-22 01:20:00 - [MESSAGE][PASSED] - Object 'Object Repository/VLink/Page_CCSale/txt_ChargeDescription' is present

2021-06-22 01:20:01 - [MESSAGE][PASSED] - Text '' is set on object 'Object Repository/VLink/Page_CCSale/txt_ChargeDescription'

2021-06-22 01:20:01 - [MESSAGE][PASSED] - Object 'Object Repository/VLink/Page_CCSale/txt_CAN' is present

2021-06-22 01:20:02 - [MESSAGE][PASSED] - Text '' is set on object 'Object Repository/VLink/Page_CCSale/txt_CAN'

2021-06-22 01:20:02 - [MESSAGE][PASSED] - Object 'Object Repository/VLink/Page_CCSale/txt_BillPaymentIndicator' is present

2021-06-22 01:20:03 - [MESSAGE][PASSED] - Text '' is set on object 'Object Repository/VLink/Page_CCSale/txt_BillPaymentIndicator'

2021-06-22 01:20:03 - [MESSAGE][PASSED] - Object 'Object Repository/VLink/Page_CCSale/txt_UDF1' is present

2021-06-22 01:20:04 - [MESSAGE][PASSED] - Text '' is set on object 'Object Repository/VLink/Page_CCSale/txt_UDF1'

2021-06-22 01:20:04 - [MESSAGE][PASSED] - Object 'Object Repository/VLink/Page_CCSale/txt_UDF2' is present

2021-06-22 01:20:05 - [MESSAGE][PASSED] - Text '' is set on object 'Object Repository/VLink/Page_CCSale/txt_UDF2'

2021-06-22 01:20:05 - [MESSAGE][PASSED] - Object 'Object Repository/VLink/Page_CCSale/txt_UDF3' is present

2021-06-22 01:20:06 - [MESSAGE][PASSED] - Text '' is set on object 'Object Repository/VLink/Page_CCSale/txt_UDF3'

2021-06-22 01:20:06 - [MESSAGE][PASSED] - Object 'Object Repository/VLink/Page_CCSale/txt_UDF4' is present

2021-06-22 01:20:07 - [MESSAGE][PASSED] - Text '' is set on object 'Object Repository/VLink/Page_CCSale/txt_UDF4'

2021-06-22 01:20:07 - [MESSAGE][PASSED] - Object 'Object Repository/VLink/Page_CCSale/txt_UDF5' is present

2021-06-22 01:20:08 - [MESSAGE][PASSED] - Text '' is set on object 'Object Repository/VLink/Page_CCSale/txt_UDF5'

2021-06-22 01:20:08 - [MESSAGE][PASSED] - Object 'Object Repository/VLink/Page_CCSale/txt_UDF6' is present

2021-06-22 01:20:09 - [MESSAGE][PASSED] - Text '' is set on object 'Object Repository/VLink/Page_CCSale/txt_UDF6'

2021-06-22 01:20:09 - [MESSAGE][PASSED] - Object 'Object Repository/VLink/Page_CCSale/txt_UDF7' is present

2021-06-22 01:20:09 - [MESSAGE][PASSED] - Text '' is set on object 'Object Repository/VLink/Page_CCSale/txt_UDF7'

2021-06-22 01:20:10 - [MESSAGE][PASSED] - Object 'Object Repository/VLink/Page_CCSale/txt_UDF8' is present

2021-06-22 01:20:10 - [MESSAGE][PASSED] - Text '' is set on object 'Object Repository/VLink/Page_CCSale/txt_UDF8'

2021-06-22 01:20:11 - [MESSAGE][PASSED] - Object 'Object Repository/VLink/Page_CCSale/txt_UDF9' is present

2021-06-22 01:20:11 - [MESSAGE][PASSED] - Text '' is set on object 'Object Repository/VLink/Page_CCSale/txt_UDF9'

2021-06-22 01:20:12 - [MESSAGE][PASSED] - Object 'Object Repository/VLink/Page_CCSale/txt_UDF10' is present

2021-06-22 01:20:12 - [MESSAGE][PASSED] - Text '' is set on object 'Object Repository/VLink/Page_CCSale/txt_UDF10'

2021-06-22 01:20:13 - [MESSAGE][PASSED] - Object 'Object Repository/VLink/Page_CCSale/txt_CardOnFileIndicator' is present

2021-06-22 01:20:13 - [MESSAGE][PASSED] - Text '' is set on object 'Object Repository/VLink/Page_CCSale/txt_CardOnFileIndicator'

2021-06-22 01:20:14 - [MESSAGE][PASSED] - Object 'Object Repository/VLink/Page_CCSale/txt_StoredCredentialIndicator' is present

2021-06-22 01:20:14 - [MESSAGE][PASSED] - Text '' is set on object 'Object Repository/VLink/Page_CCSale/txt_StoredCredentialIndicator'

2021-06-22 01:20:15 - [MESSAGE][PASSED] - Object 'Object Repository/VLink/Page_CCSale/txt_COFScheduledIndicator' is present

2021-06-22 01:20:15 - [MESSAGE][PASSED] - Text '' is set on object 'Object Repository/VLink/Page_CCSale/txt_COFScheduledIndicator'

2021-06-22 01:20:16 - [MESSAGE][PASSED] - Object 'Object Repository/VLink/Page_CCSale/txt_COFTransactionInitiatedBy' is present

2021-06-22 01:20:16 - [MESSAGE][PASSED] - Text '' is set on object 'Object Repository/VLink/Page_CCSale/txt_COFTransactionInitiatedBy'

2021-06-22 01:20:20 - [MESSAGE][PASSED] - Object: 'Object Repository/VLink/Page_CCSale/btn_ProcessVLinkTransaction' is clicked on

2021-06-22 01:20:25 - [MESSAGE][PASSED] - vlinkPages.saleCCPage.setDataSCC is PASSED

2021-06-22 01:20:25 - [TEST_STEP][PASSED] - if (verifyTextPresent("Transaction approved, no errors", true)): null

2021-06-22 01:20:25 - [MESSAGE][PASSED] - Text 'Transaction approved, no errors' is present on page  using regular expression

2021-06-22 01:20:25 - [TEST_STEP][PASSED] - println("Transaction Approved, no errors text is present on the Confirmation page"): null

2021-06-22 01:20:25 - [TEST_STEP][PASSED] - out.println("Pass Record Number: " + row): null

2021-06-22 01:20:25 - [TEST_STEP][PASSED] - resText = "Pass": null

2021-06-22 01:20:25 - [TEST_STEP][PASSED] - pages.WriteExcel.demoKey(resText, datText, resColumn, datCloumn, fileLoc, nameSheet, row): pages.WriteExcel.demoKey is PASSED

2021-06-22 01:20:25 - [MESSAGE][PASSED] - pages.WriteExcel.demoKey is PASSED

2021-06-22 01:20:25 - [TEST_STEP][PASSED] - sdfo = getText(findTestObject("Object Repository/Page_VLinkReceipt/pre_STX")): Text of object 'Object Repository/Page_VLinkReceipt/pre_STX' is: '<STX>209mYy8bYnkJ                  12098359            0  Transaction approved, no errors                   0                                                                                  X OK7885   <ETX>'

2021-06-22 01:20:25 - [MESSAGE][PASSED] - Text of object 'Object Repository/Page_VLinkReceipt/pre_STX' is: '<STX>209mYy8bYnkJ                  12098359            0  Transaction approved, no errors                   0                                                                                  X OK7885   <ETX>'

2021-06-22 01:20:25 - [TEST_STEP][PASSED] - out.println("sdfo: " + sdfo): null

2021-06-22 01:20:25 - [TEST_STEP][PASSED] - remID = substring(5, 35).trim(): null

2021-06-22 01:20:25 - [TEST_STEP][PASSED] - out.println("Remittance ID: " + remID): null

2021-06-22 01:20:25 - [TEST_STEP][PASSED] - traxID = substring(35, 55).trim(): null

2021-06-22 01:20:25 - [TEST_STEP][PASSED] - out.println("Transaction ID: " + traxID): null

2021-06-22 01:20:25 - [TEST_STEP][PASSED] - out.println("End Record Number: " + row): null

2021-06-22 01:20:25 - [TEST_STEP][PASSED] - closeBrowser(): Browser is closed

2021-06-22 01:20:26 - [MESSAGE][PASSED] - Browser is closed

2021-06-22 01:20:26 - [TEST_STEP][PASSED] - out.println("Begin Record Number: " + row): null

2021-06-22 01:20:26 - [TEST_STEP][PASSED] - today = new java.util.Date(): null

2021-06-22 01:20:26 - [TEST_STEP][PASSED] - println(today): null

2021-06-22 01:20:26 - [TEST_STEP][PASSED] - datText = today: null

2021-06-22 01:20:26 - [TEST_STEP][PASSED] - openBrowser(VLinkURL + "authcap.html"): Browser is opened with url: 'https://dev-algorithm.govolution.com/vlinktest/QA/version_2_0/authcap.html'

2021-06-22 01:20:26 - [MESSAGE][INFO] - Starting 'Chrome' driver

2021-06-22 01:20:26 - [MESSAGE][INFO] - User set preference: ['acceptInsecureCerts', 'true']

2021-06-22 01:20:26 - [MESSAGE][INFO] - Action delay is set to 0 milliseconds

2021-06-22 01:20:28 - [MESSAGE][PASSED] - Browser is opened with url: 'https://dev-algorithm.govolution.com/vlinktest/QA/version_2_0/authcap.html'

2021-06-22 01:20:28 - [TEST_STEP][PASSED] - maximizeWindow(): Current window maximized

2021-06-22 01:20:28 - [MESSAGE][PASSED] - Current window maximized

2021-06-22 01:20:28 - [TEST_STEP][PASSED] - vlinkPages.saleCCPage.setDataSCC(row, dataFile): vlinkPages.saleCCPage.setDataSCC is PASSED

2021-06-22 01:20:30 - [MESSAGE][PASSED] - Object 'Object Repository/VLink/Page_CCSale/txt_CardNumber' is present

2021-06-22 01:20:30 - [MESSAGE][PASSED] - Object 'Object Repository/VLink/Page_CCSale/txt_TransactionType' is present

2021-06-22 01:20:31 - [MESSAGE][PASSED] - Text '104' is set on object 'Object Repository/VLink/Page_CCSale/txt_TransactionType'

2021-06-22 01:20:31 - [MESSAGE][PASSED] - Object 'Object Repository/VLink/Page_CCSale/txt_MessageVersion' is present

2021-06-22 01:20:32 - [MESSAGE][PASSED] - Text '2.0C' is set on object 'Object Repository/VLink/Page_CCSale/txt_MessageVersion'

2021-06-22 01:20:32 - [MESSAGE][PASSED] - Object 'Object Repository/VLink/Page_CCSale/txt_RemID' is present

2021-06-22 01:20:33 - [MESSAGE][PASSED] - Text 'DBPrS3yB4DpP' is set on object 'Object Repository/VLink/Page_CCSale/txt_RemID'

2021-06-22 01:20:33 - [MESSAGE][PASSED] - Object 'Object Repository/VLink/Page_CCSale/txt_ApplicationId' is present

2021-06-22 01:20:33 - [MESSAGE][PASSED] - Text '665' is set on object 'Object Repository/VLink/Page_CCSale/txt_ApplicationId'

2021-06-22 01:20:34 - [MESSAGE][PASSED] - Object 'Object Repository/VLink/Page_CCSale/txt_Username' is present

2021-06-22 01:20:34 - [MESSAGE][PASSED] - Text 'username' is set on object 'Object Repository/VLink/Page_CCSale/txt_Username'

2021-06-22 01:20:35 - [MESSAGE][PASSED] - Object 'Object Repository/VLink/Page_CCSale/txt_Password' is present

2021-06-22 01:20:35 - [MESSAGE][PASSED] - Text 'password' is set on object 'Object Repository/VLink/Page_CCSale/txt_Password'

2021-06-22 01:20:35 - [MESSAGE][PASSED] - Object 'Object Repository/VLink/Page_CCSale/txt_ResponseFormat' is present

2021-06-22 01:20:36 - [MESSAGE][PASSED] - Text 'fixed_width' is set on object 'Object Repository/VLink/Page_CCSale/txt_ResponseFormat'

2021-06-22 01:20:36 - [MESSAGE][PASSED] - Object 'Object Repository/VLink/Page_CCSale/txt_Category' is present

2021-06-22 01:20:37 - [MESSAGE][PASSED] - Text 'RETL' is set on object 'Object Repository/VLink/Page_CCSale/txt_Category'

2021-06-22 01:20:37 - [MESSAGE][PASSED] - Object 'Object Repository/VLink/Page_CCSale/txt_TransactionID' is present

2021-06-22 01:20:38 - [MESSAGE][PASSED] - Text '' is set on object 'Object Repository/VLink/Page_CCSale/txt_TransactionID'

2021-06-22 01:20:38 - [MESSAGE][PASSED] - Object 'Object Repository/VLink/Page_CCSale/txt_ApprovalCode' is present

2021-06-22 01:20:39 - [MESSAGE][PASSED] - Text '' is set on object 'Object Repository/VLink/Page_CCSale/txt_ApprovalCode'

2021-06-22 01:20:39 - [MESSAGE][PASSED] - Object 'Object Repository/VLink/Page_CCSale/txt_CardName' is present

2021-06-22 01:20:40 - [MESSAGE][PASSED] - Text 'Kris Roshan' is set on object 'Object Repository/VLink/Page_CCSale/txt_CardName'

2021-06-22 01:20:40 - [MESSAGE][PASSED] - Object 'Object Repository/VLink/Page_CCSale/txt_AL1' is present

2021-06-22 01:20:41 - [MESSAGE][PASSED] - Text '258 Elm Road' is set on object 'Object Repository/VLink/Page_CCSale/txt_AL1'

2021-06-22 01:20:41 - [MESSAGE][PASSED] - Object 'Object Repository/VLink/Page_CCSale/txt_AL2' is present

2021-06-22 01:20:42 - [MESSAGE][PASSED] - Text 'Suite 56' is set on object 'Object Repository/VLink/Page_CCSale/txt_AL2'

2021-06-22 01:20:42 - [MESSAGE][PASSED] - Object 'Object Repository/VLink/Page_CCSale/txt_CardCity' is present

2021-06-22 01:20:43 - [MESSAGE][PASSED] - Text 'Arlington' is set on object 'Object Repository/VLink/Page_CCSale/txt_CardCity'

2021-06-22 01:20:43 - [MESSAGE][PASSED] - Object 'Object Repository/VLink/Page_CCSale/txt_CardState' is present

2021-06-22 01:20:44 - [MESSAGE][PASSED] - Text 'VA' is set on object 'Object Repository/VLink/Page_CCSale/txt_CardState'

2021-06-22 01:20:44 - [MESSAGE][PASSED] - Object 'Object Repository/VLink/Page_CCSale/txt_CardZIP' is present

2021-06-22 01:20:45 - [MESSAGE][PASSED] - Text '22201' is set on object 'Object Repository/VLink/Page_CCSale/txt_CardZIP'

2021-06-22 01:20:45 - [MESSAGE][PASSED] - Object 'Object Repository/VLink/Page_CCSale/txt_CountryID' is present

2021-06-22 01:20:46 - [MESSAGE][PASSED] - Text '840' is set on object 'Object Repository/VLink/Page_CCSale/txt_CountryID'

2021-06-22 01:20:46 - [MESSAGE][PASSED] - Object 'Object Repository/VLink/Page_CCSale/txt_Amount' is present

2021-06-22 01:20:47 - [MESSAGE][PASSED] - Text '1.50' is set on object 'Object Repository/VLink/Page_CCSale/txt_Amount'

2021-06-22 01:20:47 - [MESSAGE][PASSED] - Object 'Object Repository/VLink/Page_CCSale/txt_CardNumber' is present

2021-06-22 01:20:48 - [MESSAGE][PASSED] - Text '6011000000000004' is set on object 'Object Repository/VLink/Page_CCSale/txt_CardNumber'

2021-06-22 01:20:48 - [MESSAGE][PASSED] - Object 'Object Repository/VLink/Page_CCSale/txt_ExpMonth' is present

2021-06-22 01:20:49 - [MESSAGE][PASSED] - Text '12' is set on object 'Object Repository/VLink/Page_CCSale/txt_ExpMonth'

2021-06-22 01:20:49 - [MESSAGE][PASSED] - Object 'Object Repository/VLink/Page_CCSale/txt_ExpYear' is present

2021-06-22 01:20:50 - [MESSAGE][PASSED] - Text '2025' is set on object 'Object Repository/VLink/Page_CCSale/txt_ExpYear'

2021-06-22 01:20:50 - [MESSAGE][PASSED] - Object 'Object Repository/VLink/Page_CCSale/txt_CVV' is present

2021-06-22 01:20:51 - [MESSAGE][PASSED] - Text '' is set on object 'Object Repository/VLink/Page_CCSale/txt_CVV'

2021-06-22 01:20:51 - [MESSAGE][PASSED] - Object 'Object Repository/VLink/Page_CCSale/txt_CVVstate' is present

2021-06-22 01:20:52 - [MESSAGE][PASSED] - Text '' is set on object 'Object Repository/VLink/Page_CCSale/txt_CVVstate'

2021-06-22 01:20:52 - [MESSAGE][PASSED] - Object 'Object Repository/VLink/Page_CCSale/txt_TrackData' is present

2021-06-22 01:20:53 - [MESSAGE][PASSED] - Text '' is set on object 'Object Repository/VLink/Page_CCSale/txt_TrackData'

2021-06-22 01:20:53 - [MESSAGE][PASSED] - Object 'Object Repository/VLink/Page_CCSale/txt_Track1Data' is present

2021-06-22 01:20:54 - [MESSAGE][PASSED] - Text '' is set on object 'Object Repository/VLink/Page_CCSale/txt_Track1Data'

2021-06-22 01:20:54 - [MESSAGE][PASSED] - Object 'Object Repository/VLink/Page_CCSale/txt_Track2Data' is present

2021-06-22 01:20:55 - [MESSAGE][PASSED] - Text '' is set on object 'Object Repository/VLink/Page_CCSale/txt_Track2Data'

2021-06-22 01:20:55 - [MESSAGE][PASSED] - Object 'Object Repository/VLink/Page_CCSale/txt_POSEntryMode' is present

2021-06-22 01:20:56 - [MESSAGE][PASSED] - Text 'manual' is set on object 'Object Repository/VLink/Page_CCSale/txt_POSEntryMode'

2021-06-22 01:20:56 - [MESSAGE][PASSED] - Object 'Object Repository/VLink/Page_CCSale/txt_Email' is present

2021-06-22 01:20:57 - [MESSAGE][PASSED] - Text 'iahmed@govolution.com' is set on object 'Object Repository/VLink/Page_CCSale/txt_Email'

2021-06-22 01:20:57 - [MESSAGE][PASSED] - Object 'Object Repository/VLink/Page_CCSale/txt_OrderNumber' is present

2021-06-22 01:20:58 - [MESSAGE][PASSED] - Text '2569362' is set on object 'Object Repository/VLink/Page_CCSale/txt_OrderNumber'

2021-06-22 01:20:58 - [MESSAGE][PASSED] - Object 'Object Repository/VLink/Page_CCSale/txt_TaxAmount' is present

2021-06-22 01:20:59 - [MESSAGE][PASSED] - Text '1.15' is set on object 'Object Repository/VLink/Page_CCSale/txt_TaxAmount'

2021-06-22 01:20:59 - [MESSAGE][PASSED] - Object 'Object Repository/VLink/Page_CCSale/txt_ChargeDescription' is present

2021-06-22 01:21:00 - [MESSAGE][PASSED] - Text 'Charge Description' is set on object 'Object Repository/VLink/Page_CCSale/txt_ChargeDescription'

2021-06-22 01:21:00 - [MESSAGE][PASSED] - Object 'Object Repository/VLink/Page_CCSale/txt_CAN' is present

2021-06-22 01:21:01 - [MESSAGE][PASSED] - Text '147357' is set on object 'Object Repository/VLink/Page_CCSale/txt_CAN'

2021-06-22 01:21:01 - [MESSAGE][PASSED] - Object 'Object Repository/VLink/Page_CCSale/txt_BillPaymentIndicator' is present

2021-06-22 01:21:02 - [MESSAGE][PASSED] - Text '1' is set on object 'Object Repository/VLink/Page_CCSale/txt_BillPaymentIndicator'

2021-06-22 01:21:02 - [MESSAGE][PASSED] - Object 'Object Repository/VLink/Page_CCSale/txt_UDF1' is present

2021-06-22 01:21:03 - [MESSAGE][PASSED] - Text 'UDF Data 1' is set on object 'Object Repository/VLink/Page_CCSale/txt_UDF1'

2021-06-22 01:21:03 - [MESSAGE][PASSED] - Object 'Object Repository/VLink/Page_CCSale/txt_UDF2' is present

2021-06-22 01:21:04 - [MESSAGE][PASSED] - Text 'UDF Data 2' is set on object 'Object Repository/VLink/Page_CCSale/txt_UDF2'

2021-06-22 01:21:04 - [MESSAGE][PASSED] - Object 'Object Repository/VLink/Page_CCSale/txt_UDF3' is present

2021-06-22 01:21:05 - [MESSAGE][PASSED] - Text 'UDF Data 3' is set on object 'Object Repository/VLink/Page_CCSale/txt_UDF3'

2021-06-22 01:21:05 - [MESSAGE][PASSED] - Object 'Object Repository/VLink/Page_CCSale/txt_UDF4' is present

2021-06-22 01:21:06 - [MESSAGE][PASSED] - Text 'UDF Data 4' is set on object 'Object Repository/VLink/Page_CCSale/txt_UDF4'

2021-06-22 01:21:06 - [MESSAGE][PASSED] - Object 'Object Repository/VLink/Page_CCSale/txt_UDF5' is present

2021-06-22 01:21:07 - [MESSAGE][PASSED] - Text 'UDF Data 5' is set on object 'Object Repository/VLink/Page_CCSale/txt_UDF5'

2021-06-22 01:21:07 - [MESSAGE][PASSED] - Object 'Object Repository/VLink/Page_CCSale/txt_UDF6' is present

2021-06-22 01:21:08 - [MESSAGE][PASSED] - Text 'UDF Data 6' is set on object 'Object Repository/VLink/Page_CCSale/txt_UDF6'

2021-06-22 01:21:08 - [MESSAGE][PASSED] - Object 'Object Repository/VLink/Page_CCSale/txt_UDF7' is present

2021-06-22 01:21:09 - [MESSAGE][PASSED] - Text 'UDF Data 7' is set on object 'Object Repository/VLink/Page_CCSale/txt_UDF7'

2021-06-22 01:21:09 - [MESSAGE][PASSED] - Object 'Object Repository/VLink/Page_CCSale/txt_UDF8' is present

2021-06-22 01:21:10 - [MESSAGE][PASSED] - Text 'UDF Data 8' is set on object 'Object Repository/VLink/Page_CCSale/txt_UDF8'

2021-06-22 01:21:10 - [MESSAGE][PASSED] - Object 'Object Repository/VLink/Page_CCSale/txt_UDF9' is present

2021-06-22 01:21:10 - [MESSAGE][PASSED] - Text 'UDF Data 9' is set on object 'Object Repository/VLink/Page_CCSale/txt_UDF9'

2021-06-22 01:21:11 - [MESSAGE][PASSED] - Object 'Object Repository/VLink/Page_CCSale/txt_UDF10' is present

2021-06-22 01:21:11 - [MESSAGE][PASSED] - Text 'UDF Data 10' is set on object 'Object Repository/VLink/Page_CCSale/txt_UDF10'

2021-06-22 01:21:12 - [MESSAGE][PASSED] - Object 'Object Repository/VLink/Page_CCSale/txt_CardOnFileIndicator' is present

2021-06-22 01:21:12 - [MESSAGE][PASSED] - Text '' is set on object 'Object Repository/VLink/Page_CCSale/txt_CardOnFileIndicator'

2021-06-22 01:21:13 - [MESSAGE][PASSED] - Object 'Object Repository/VLink/Page_CCSale/txt_StoredCredentialIndicator' is present

2021-06-22 01:21:13 - [MESSAGE][PASSED] - Text '' is set on object 'Object Repository/VLink/Page_CCSale/txt_StoredCredentialIndicator'

2021-06-22 01:21:14 - [MESSAGE][PASSED] - Object 'Object Repository/VLink/Page_CCSale/txt_COFScheduledIndicator' is present

2021-06-22 01:21:14 - [MESSAGE][PASSED] - Text '' is set on object 'Object Repository/VLink/Page_CCSale/txt_COFScheduledIndicator'

2021-06-22 01:21:15 - [MESSAGE][PASSED] - Object 'Object Repository/VLink/Page_CCSale/txt_COFTransactionInitiatedBy' is present

2021-06-22 01:21:15 - [MESSAGE][PASSED] - Text '' is set on object 'Object Repository/VLink/Page_CCSale/txt_COFTransactionInitiatedBy'

2021-06-22 01:21:18 - [MESSAGE][PASSED] - Object: 'Object Repository/VLink/Page_CCSale/btn_ProcessVLinkTransaction' is clicked on

2021-06-22 01:21:23 - [MESSAGE][PASSED] - vlinkPages.saleCCPage.setDataSCC is PASSED

2021-06-22 01:21:23 - [TEST_STEP][PASSED] - if (verifyTextPresent("Transaction approved, no errors", true)): null

2021-06-22 01:21:24 - [MESSAGE][PASSED] - Text 'Transaction approved, no errors' is present on page  using regular expression

2021-06-22 01:21:24 - [TEST_STEP][PASSED] - println("Transaction Approved, no errors text is present on the Confirmation page"): null

2021-06-22 01:21:24 - [TEST_STEP][PASSED] - out.println("Pass Record Number: " + row): null

2021-06-22 01:21:24 - [TEST_STEP][PASSED] - resText = "Pass": null

2021-06-22 01:21:24 - [TEST_STEP][PASSED] - pages.WriteExcel.demoKey(resText, datText, resColumn, datCloumn, fileLoc, nameSheet, row): pages.WriteExcel.demoKey is PASSED

2021-06-22 01:21:24 - [MESSAGE][PASSED] - pages.WriteExcel.demoKey is PASSED

2021-06-22 01:21:24 - [TEST_STEP][PASSED] - sdfo = getText(findTestObject("Object Repository/Page_VLinkReceipt/pre_STX")): Text of object 'Object Repository/Page_VLinkReceipt/pre_STX' is: '<STX>DBPrS3yB4DpP                  12098361            0  Transaction approved, no errors                   0                                                                                  X OK8155   <ETX>'

2021-06-22 01:21:24 - [MESSAGE][PASSED] - Text of object 'Object Repository/Page_VLinkReceipt/pre_STX' is: '<STX>DBPrS3yB4DpP                  12098361            0  Transaction approved, no errors                   0                                                                                  X OK8155   <ETX>'

2021-06-22 01:21:24 - [TEST_STEP][PASSED] - out.println("sdfo: " + sdfo): null

2021-06-22 01:21:24 - [TEST_STEP][PASSED] - remID = substring(5, 35).trim(): null

2021-06-22 01:21:24 - [TEST_STEP][PASSED] - out.println("Remittance ID: " + remID): null

2021-06-22 01:21:24 - [TEST_STEP][PASSED] - traxID = substring(35, 55).trim(): null

2021-06-22 01:21:24 - [TEST_STEP][PASSED] - out.println("Transaction ID: " + traxID): null

2021-06-22 01:21:24 - [TEST_STEP][PASSED] - out.println("End Record Number: " + row): null

2021-06-22 01:21:24 - [TEST_STEP][PASSED] - closeBrowser(): Browser is closed

2021-06-22 01:21:25 - [MESSAGE][PASSED] - Browser is closed

2021-06-22 01:21:25 - [TEST_STEP][PASSED] - out.println("Begin Record Number: " + row): null

2021-06-22 01:21:25 - [TEST_STEP][PASSED] - today = new java.util.Date(): null

2021-06-22 01:21:25 - [TEST_STEP][PASSED] - println(today): null

2021-06-22 01:21:25 - [TEST_STEP][PASSED] - datText = today: null

2021-06-22 01:21:25 - [TEST_STEP][PASSED] - openBrowser(VLinkURL + "authcap.html"): Browser is opened with url: 'https://dev-algorithm.govolution.com/vlinktest/QA/version_2_0/authcap.html'

2021-06-22 01:21:25 - [MESSAGE][INFO] - Starting 'Chrome' driver

2021-06-22 01:21:25 - [MESSAGE][INFO] - User set preference: ['acceptInsecureCerts', 'true']

2021-06-22 01:21:25 - [MESSAGE][INFO] - Action delay is set to 0 milliseconds

2021-06-22 01:21:26 - [MESSAGE][PASSED] - Browser is opened with url: 'https://dev-algorithm.govolution.com/vlinktest/QA/version_2_0/authcap.html'

2021-06-22 01:21:26 - [TEST_STEP][PASSED] - maximizeWindow(): Current window maximized

2021-06-22 01:21:27 - [MESSAGE][PASSED] - Current window maximized

2021-06-22 01:21:27 - [TEST_STEP][PASSED] - vlinkPages.saleCCPage.setDataSCC(row, dataFile): vlinkPages.saleCCPage.setDataSCC is PASSED

2021-06-22 01:21:29 - [MESSAGE][PASSED] - Object 'Object Repository/VLink/Page_CCSale/txt_CardNumber' is present

2021-06-22 01:21:29 - [MESSAGE][PASSED] - Object 'Object Repository/VLink/Page_CCSale/txt_TransactionType' is present

2021-06-22 01:21:29 - [MESSAGE][PASSED] - Text '104' is set on object 'Object Repository/VLink/Page_CCSale/txt_TransactionType'

2021-06-22 01:21:30 - [MESSAGE][PASSED] - Object 'Object Repository/VLink/Page_CCSale/txt_MessageVersion' is present

2021-06-22 01:21:30 - [MESSAGE][PASSED] - Text '2.0C' is set on object 'Object Repository/VLink/Page_CCSale/txt_MessageVersion'

2021-06-22 01:21:31 - [MESSAGE][PASSED] - Object 'Object Repository/VLink/Page_CCSale/txt_RemID' is present

2021-06-22 01:21:31 - [MESSAGE][PASSED] - Text 'hPcHxiNaOyb7' is set on object 'Object Repository/VLink/Page_CCSale/txt_RemID'

2021-06-22 01:21:32 - [MESSAGE][PASSED] - Object 'Object Repository/VLink/Page_CCSale/txt_ApplicationId' is present

2021-06-22 01:21:32 - [MESSAGE][PASSED] - Text '672' is set on object 'Object Repository/VLink/Page_CCSale/txt_ApplicationId'

2021-06-22 01:21:32 - [MESSAGE][PASSED] - Object 'Object Repository/VLink/Page_CCSale/txt_Username' is present

2021-06-22 01:21:33 - [MESSAGE][PASSED] - Text 'username' is set on object 'Object Repository/VLink/Page_CCSale/txt_Username'

2021-06-22 01:21:33 - [MESSAGE][PASSED] - Object 'Object Repository/VLink/Page_CCSale/txt_Password' is present

2021-06-22 01:21:34 - [MESSAGE][PASSED] - Text 'password' is set on object 'Object Repository/VLink/Page_CCSale/txt_Password'

2021-06-22 01:21:34 - [MESSAGE][PASSED] - Object 'Object Repository/VLink/Page_CCSale/txt_ResponseFormat' is present

2021-06-22 01:21:35 - [MESSAGE][PASSED] - Text 'fixed_width' is set on object 'Object Repository/VLink/Page_CCSale/txt_ResponseFormat'

2021-06-22 01:21:35 - [MESSAGE][PASSED] - Object 'Object Repository/VLink/Page_CCSale/txt_Category' is present

2021-06-22 01:21:36 - [MESSAGE][PASSED] - Text 'RETL' is set on object 'Object Repository/VLink/Page_CCSale/txt_Category'

2021-06-22 01:21:36 - [MESSAGE][PASSED] - Object 'Object Repository/VLink/Page_CCSale/txt_TransactionID' is present

2021-06-22 01:21:37 - [MESSAGE][PASSED] - Text '' is set on object 'Object Repository/VLink/Page_CCSale/txt_TransactionID'

2021-06-22 01:21:37 - [MESSAGE][PASSED] - Object 'Object Repository/VLink/Page_CCSale/txt_ApprovalCode' is present

2021-06-22 01:21:38 - [MESSAGE][PASSED] - Text '' is set on object 'Object Repository/VLink/Page_CCSale/txt_ApprovalCode'

2021-06-22 01:21:38 - [MESSAGE][PASSED] - Object 'Object Repository/VLink/Page_CCSale/txt_CardName' is present

2021-06-22 01:21:39 - [MESSAGE][PASSED] - Text 'Arvind Silva' is set on object 'Object Repository/VLink/Page_CCSale/txt_CardName'

2021-06-22 01:21:39 - [MESSAGE][PASSED] - Object 'Object Repository/VLink/Page_CCSale/txt_AL1' is present

2021-06-22 01:21:40 - [MESSAGE][PASSED] - Text '111 Main Ave' is set on object 'Object Repository/VLink/Page_CCSale/txt_AL1'

2021-06-22 01:21:40 - [MESSAGE][PASSED] - Object 'Object Repository/VLink/Page_CCSale/txt_AL2' is present

2021-06-22 01:21:40 - [MESSAGE][PASSED] - Text '' is set on object 'Object Repository/VLink/Page_CCSale/txt_AL2'

2021-06-22 01:21:41 - [MESSAGE][PASSED] - Object 'Object Repository/VLink/Page_CCSale/txt_CardCity' is present

2021-06-22 01:21:41 - [MESSAGE][PASSED] - Text 'Arlington' is set on object 'Object Repository/VLink/Page_CCSale/txt_CardCity'

2021-06-22 01:21:42 - [MESSAGE][PASSED] - Object 'Object Repository/VLink/Page_CCSale/txt_CardState' is present

2021-06-22 01:21:42 - [MESSAGE][PASSED] - Text 'VA' is set on object 'Object Repository/VLink/Page_CCSale/txt_CardState'

2021-06-22 01:21:43 - [MESSAGE][PASSED] - Object 'Object Repository/VLink/Page_CCSale/txt_CardZIP' is present

2021-06-22 01:21:43 - [MESSAGE][PASSED] - Text '22201' is set on object 'Object Repository/VLink/Page_CCSale/txt_CardZIP'

2021-06-22 01:21:44 - [MESSAGE][PASSED] - Object 'Object Repository/VLink/Page_CCSale/txt_CountryID' is present

2021-06-22 01:21:44 - [MESSAGE][PASSED] - Text '' is set on object 'Object Repository/VLink/Page_CCSale/txt_CountryID'

2021-06-22 01:21:45 - [MESSAGE][PASSED] - Object 'Object Repository/VLink/Page_CCSale/txt_Amount' is present

2021-06-22 01:21:45 - [MESSAGE][PASSED] - Text '2.50' is set on object 'Object Repository/VLink/Page_CCSale/txt_Amount'

2021-06-22 01:21:46 - [MESSAGE][PASSED] - Object 'Object Repository/VLink/Page_CCSale/txt_CardNumber' is present

2021-06-22 01:21:46 - [MESSAGE][PASSED] - Text '6011000000000004' is set on object 'Object Repository/VLink/Page_CCSale/txt_CardNumber'

2021-06-22 01:21:47 - [MESSAGE][PASSED] - Object 'Object Repository/VLink/Page_CCSale/txt_ExpMonth' is present

2021-06-22 01:21:47 - [MESSAGE][PASSED] - Text '01' is set on object 'Object Repository/VLink/Page_CCSale/txt_ExpMonth'

2021-06-22 01:21:48 - [MESSAGE][PASSED] - Object 'Object Repository/VLink/Page_CCSale/txt_ExpYear' is present

2021-06-22 01:21:48 - [MESSAGE][PASSED] - Text '2026' is set on object 'Object Repository/VLink/Page_CCSale/txt_ExpYear'

2021-06-22 01:21:49 - [MESSAGE][PASSED] - Object 'Object Repository/VLink/Page_CCSale/txt_CVV' is present

2021-06-22 01:21:49 - [MESSAGE][PASSED] - Text '' is set on object 'Object Repository/VLink/Page_CCSale/txt_CVV'

2021-06-22 01:21:50 - [MESSAGE][PASSED] - Object 'Object Repository/VLink/Page_CCSale/txt_CVVstate' is present

2021-06-22 01:21:50 - [MESSAGE][PASSED] - Text '' is set on object 'Object Repository/VLink/Page_CCSale/txt_CVVstate'

2021-06-22 01:21:51 - [MESSAGE][PASSED] - Object 'Object Repository/VLink/Page_CCSale/txt_TrackData' is present

2021-06-22 01:21:51 - [MESSAGE][PASSED] - Text '' is set on object 'Object Repository/VLink/Page_CCSale/txt_TrackData'

2021-06-22 01:21:52 - [MESSAGE][PASSED] - Object 'Object Repository/VLink/Page_CCSale/txt_Track1Data' is present

2021-06-22 01:21:52 - [MESSAGE][PASSED] - Text '' is set on object 'Object Repository/VLink/Page_CCSale/txt_Track1Data'

2021-06-22 01:21:53 - [MESSAGE][PASSED] - Object 'Object Repository/VLink/Page_CCSale/txt_Track2Data' is present

2021-06-22 01:21:53 - [MESSAGE][PASSED] - Text '' is set on object 'Object Repository/VLink/Page_CCSale/txt_Track2Data'

2021-06-22 01:21:54 - [MESSAGE][PASSED] - Object 'Object Repository/VLink/Page_CCSale/txt_POSEntryMode' is present

2021-06-22 01:21:54 - [MESSAGE][PASSED] - Text 'manual' is set on object 'Object Repository/VLink/Page_CCSale/txt_POSEntryMode'

2021-06-22 01:21:55 - [MESSAGE][PASSED] - Object 'Object Repository/VLink/Page_CCSale/txt_Email' is present

2021-06-22 01:21:55 - [MESSAGE][PASSED] - Text '' is set on object 'Object Repository/VLink/Page_CCSale/txt_Email'

2021-06-22 01:21:55 - [MESSAGE][PASSED] - Object 'Object Repository/VLink/Page_CCSale/txt_OrderNumber' is present

2021-06-22 01:21:56 - [MESSAGE][PASSED] - Text '' is set on object 'Object Repository/VLink/Page_CCSale/txt_OrderNumber'

2021-06-22 01:21:56 - [MESSAGE][PASSED] - Object 'Object Repository/VLink/Page_CCSale/txt_TaxAmount' is present

2021-06-22 01:21:57 - [MESSAGE][PASSED] - Text '' is set on object 'Object Repository/VLink/Page_CCSale/txt_TaxAmount'

2021-06-22 01:21:57 - [MESSAGE][PASSED] - Object 'Object Repository/VLink/Page_CCSale/txt_ChargeDescription' is present

2021-06-22 01:21:58 - [MESSAGE][PASSED] - Text '' is set on object 'Object Repository/VLink/Page_CCSale/txt_ChargeDescription'

2021-06-22 01:21:58 - [MESSAGE][PASSED] - Object 'Object Repository/VLink/Page_CCSale/txt_CAN' is present

2021-06-22 01:21:59 - [MESSAGE][PASSED] - Text '' is set on object 'Object Repository/VLink/Page_CCSale/txt_CAN'

2021-06-22 01:21:59 - [MESSAGE][PASSED] - Object 'Object Repository/VLink/Page_CCSale/txt_BillPaymentIndicator' is present

2021-06-22 01:22:00 - [MESSAGE][PASSED] - Text '' is set on object 'Object Repository/VLink/Page_CCSale/txt_BillPaymentIndicator'

2021-06-22 01:22:00 - [MESSAGE][PASSED] - Object 'Object Repository/VLink/Page_CCSale/txt_UDF1' is present

2021-06-22 01:22:01 - [MESSAGE][PASSED] - Text '' is set on object 'Object Repository/VLink/Page_CCSale/txt_UDF1'

2021-06-22 01:22:01 - [MESSAGE][PASSED] - Object 'Object Repository/VLink/Page_CCSale/txt_UDF2' is present

2021-06-22 01:22:02 - [MESSAGE][PASSED] - Text '' is set on object 'Object Repository/VLink/Page_CCSale/txt_UDF2'

2021-06-22 01:22:02 - [MESSAGE][PASSED] - Object 'Object Repository/VLink/Page_CCSale/txt_UDF3' is present

2021-06-22 01:22:03 - [MESSAGE][PASSED] - Text '' is set on object 'Object Repository/VLink/Page_CCSale/txt_UDF3'

2021-06-22 01:22:03 - [MESSAGE][PASSED] - Object 'Object Repository/VLink/Page_CCSale/txt_UDF4' is present

2021-06-22 01:22:04 - [MESSAGE][PASSED] - Text '' is set on object 'Object Repository/VLink/Page_CCSale/txt_UDF4'

2021-06-22 01:22:04 - [MESSAGE][PASSED] - Object 'Object Repository/VLink/Page_CCSale/txt_UDF5' is present

2021-06-22 01:22:05 - [MESSAGE][PASSED] - Text '' is set on object 'Object Repository/VLink/Page_CCSale/txt_UDF5'

2021-06-22 01:22:05 - [MESSAGE][PASSED] - Object 'Object Repository/VLink/Page_CCSale/txt_UDF6' is present

2021-06-22 01:22:06 - [MESSAGE][PASSED] - Text '' is set on object 'Object Repository/VLink/Page_CCSale/txt_UDF6'

2021-06-22 01:22:06 - [MESSAGE][PASSED] - Object 'Object Repository/VLink/Page_CCSale/txt_UDF7' is present

2021-06-22 01:22:07 - [MESSAGE][PASSED] - Text '' is set on object 'Object Repository/VLink/Page_CCSale/txt_UDF7'

2021-06-22 01:22:07 - [MESSAGE][PASSED] - Object 'Object Repository/VLink/Page_CCSale/txt_UDF8' is present

2021-06-22 01:22:08 - [MESSAGE][PASSED] - Text '' is set on object 'Object Repository/VLink/Page_CCSale/txt_UDF8'

2021-06-22 01:22:08 - [MESSAGE][PASSED] - Object 'Object Repository/VLink/Page_CCSale/txt_UDF9' is present

2021-06-22 01:22:09 - [MESSAGE][PASSED] - Text '' is set on object 'Object Repository/VLink/Page_CCSale/txt_UDF9'

2021-06-22 01:22:09 - [MESSAGE][PASSED] - Object 'Object Repository/VLink/Page_CCSale/txt_UDF10' is present

2021-06-22 01:22:10 - [MESSAGE][PASSED] - Text '' is set on object 'Object Repository/VLink/Page_CCSale/txt_UDF10'

2021-06-22 01:22:10 - [MESSAGE][PASSED] - Object 'Object Repository/VLink/Page_CCSale/txt_CardOnFileIndicator' is present

2021-06-22 01:22:11 - [MESSAGE][PASSED] - Text '' is set on object 'Object Repository/VLink/Page_CCSale/txt_CardOnFileIndicator'

2021-06-22 01:22:11 - [MESSAGE][PASSED] - Object 'Object Repository/VLink/Page_CCSale/txt_StoredCredentialIndicator' is present

2021-06-22 01:22:12 - [MESSAGE][PASSED] - Text '' is set on object 'Object Repository/VLink/Page_CCSale/txt_StoredCredentialIndicator'

2021-06-22 01:22:12 - [MESSAGE][PASSED] - Object 'Object Repository/VLink/Page_CCSale/txt_COFScheduledIndicator' is present

2021-06-22 01:22:13 - [MESSAGE][PASSED] - Text '' is set on object 'Object Repository/VLink/Page_CCSale/txt_COFScheduledIndicator'

2021-06-22 01:22:13 - [MESSAGE][PASSED] - Object 'Object Repository/VLink/Page_CCSale/txt_COFTransactionInitiatedBy' is present

2021-06-22 01:22:14 - [MESSAGE][PASSED] - Text '' is set on object 'Object Repository/VLink/Page_CCSale/txt_COFTransactionInitiatedBy'

2021-06-22 01:22:16 - [MESSAGE][PASSED] - Object: 'Object Repository/VLink/Page_CCSale/btn_ProcessVLinkTransaction' is clicked on

2021-06-22 01:22:21 - [MESSAGE][PASSED] - vlinkPages.saleCCPage.setDataSCC is PASSED

2021-06-22 01:22:21 - [TEST_STEP][PASSED] - if (verifyTextPresent("Transaction approved, no errors", true)): null

2021-06-22 01:22:22 - [MESSAGE][PASSED] - Text 'Transaction approved, no errors' is present on page  using regular expression

2021-06-22 01:22:22 - [TEST_STEP][PASSED] - println("Transaction Approved, no errors text is present on the Confirmation page"): null

2021-06-22 01:22:22 - [TEST_STEP][PASSED] - out.println("Pass Record Number: " + row): null

2021-06-22 01:22:22 - [TEST_STEP][PASSED] - resText = "Pass": null

2021-06-22 01:22:22 - [TEST_STEP][PASSED] - pages.WriteExcel.demoKey(resText, datText, resColumn, datCloumn, fileLoc, nameSheet, row): pages.WriteExcel.demoKey is PASSED

2021-06-22 01:22:22 - [MESSAGE][PASSED] - pages.WriteExcel.demoKey is PASSED

2021-06-22 01:22:22 - [TEST_STEP][PASSED] - sdfo = getText(findTestObject("Object Repository/Page_VLinkReceipt/pre_STX")): Text of object 'Object Repository/Page_VLinkReceipt/pre_STX' is: '<STX>hPcHxiNaOyb7                  12098362            0  Transaction approved, no errors                   0                                                                                  X OK8255   <ETX>'

2021-06-22 01:22:22 - [MESSAGE][PASSED] - Text of object 'Object Repository/Page_VLinkReceipt/pre_STX' is: '<STX>hPcHxiNaOyb7                  12098362            0  Transaction approved, no errors                   0                                                                                  X OK8255   <ETX>'

2021-06-22 01:22:22 - [TEST_STEP][PASSED] - out.println("sdfo: " + sdfo): null

2021-06-22 01:22:22 - [TEST_STEP][PASSED] - remID = substring(5, 35).trim(): null

2021-06-22 01:22:22 - [TEST_STEP][PASSED] - out.println("Remittance ID: " + remID): null

2021-06-22 01:22:22 - [TEST_STEP][PASSED] - traxID = substring(35, 55).trim(): null

2021-06-22 01:22:22 - [TEST_STEP][PASSED] - out.println("Transaction ID: " + traxID): null

2021-06-22 01:22:22 - [TEST_STEP][PASSED] - out.println("End Record Number: " + row): null

2021-06-22 01:22:22 - [TEST_STEP][PASSED] - closeBrowser(): Browser is closed

2021-06-22 01:22:23 - [MESSAGE][PASSED] - Browser is closed

2021-06-22 01:22:23 - [TEST_STEP][PASSED] - out.println("Begin Record Number: " + row): null

2021-06-22 01:22:23 - [TEST_STEP][PASSED] - today = new java.util.Date(): null

2021-06-22 01:22:23 - [TEST_STEP][PASSED] - println(today): null

2021-06-22 01:22:23 - [TEST_STEP][PASSED] - datText = today: null

2021-06-22 01:22:23 - [TEST_STEP][PASSED] - openBrowser(VLinkURL + "authcap.html"): Browser is opened with url: 'https://dev-algorithm.govolution.com/vlinktest/QA/version_2_0/authcap.html'

2021-06-22 01:22:23 - [MESSAGE][INFO] - Starting 'Chrome' driver

2021-06-22 01:22:23 - [MESSAGE][INFO] - User set preference: ['acceptInsecureCerts', 'true']

2021-06-22 01:22:23 - [MESSAGE][INFO] - Action delay is set to 0 milliseconds

2021-06-22 01:22:25 - [MESSAGE][PASSED] - Browser is opened with url: 'https://dev-algorithm.govolution.com/vlinktest/QA/version_2_0/authcap.html'

2021-06-22 01:22:25 - [TEST_STEP][PASSED] - maximizeWindow(): Current window maximized

2021-06-22 01:22:25 - [MESSAGE][PASSED] - Current window maximized

2021-06-22 01:22:25 - [TEST_STEP][PASSED] - vlinkPages.saleCCPage.setDataSCC(row, dataFile): vlinkPages.saleCCPage.setDataSCC is PASSED

2021-06-22 01:22:27 - [MESSAGE][PASSED] - Object 'Object Repository/VLink/Page_CCSale/txt_CardNumber' is present

2021-06-22 01:22:27 - [MESSAGE][PASSED] - Object 'Object Repository/VLink/Page_CCSale/txt_TransactionType' is present

2021-06-22 01:22:28 - [MESSAGE][PASSED] - Text '104' is set on object 'Object Repository/VLink/Page_CCSale/txt_TransactionType'

2021-06-22 01:22:28 - [MESSAGE][PASSED] - Object 'Object Repository/VLink/Page_CCSale/txt_MessageVersion' is present

2021-06-22 01:22:29 - [MESSAGE][PASSED] - Text '2.0C' is set on object 'Object Repository/VLink/Page_CCSale/txt_MessageVersion'

2021-06-22 01:22:29 - [MESSAGE][PASSED] - Object 'Object Repository/VLink/Page_CCSale/txt_RemID' is present

2021-06-22 01:22:30 - [MESSAGE][PASSED] - Text 'CSxFL4vA2evQ' is set on object 'Object Repository/VLink/Page_CCSale/txt_RemID'

2021-06-22 01:22:30 - [MESSAGE][PASSED] - Object 'Object Repository/VLink/Page_CCSale/txt_ApplicationId' is present

2021-06-22 01:22:30 - [MESSAGE][PASSED] - Text '677' is set on object 'Object Repository/VLink/Page_CCSale/txt_ApplicationId'

2021-06-22 01:22:31 - [MESSAGE][PASSED] - Object 'Object Repository/VLink/Page_CCSale/txt_Username' is present

2021-06-22 01:22:31 - [MESSAGE][PASSED] - Text 'username' is set on object 'Object Repository/VLink/Page_CCSale/txt_Username'

2021-06-22 01:22:32 - [MESSAGE][PASSED] - Object 'Object Repository/VLink/Page_CCSale/txt_Password' is present

2021-06-22 01:22:32 - [MESSAGE][PASSED] - Text 'password' is set on object 'Object Repository/VLink/Page_CCSale/txt_Password'

2021-06-22 01:22:32 - [MESSAGE][PASSED] - Object 'Object Repository/VLink/Page_CCSale/txt_ResponseFormat' is present

2021-06-22 01:22:33 - [MESSAGE][PASSED] - Text 'fixed_width' is set on object 'Object Repository/VLink/Page_CCSale/txt_ResponseFormat'

2021-06-22 01:22:33 - [MESSAGE][PASSED] - Object 'Object Repository/VLink/Page_CCSale/txt_Category' is present

2021-06-22 01:22:34 - [MESSAGE][PASSED] - Text 'RETL' is set on object 'Object Repository/VLink/Page_CCSale/txt_Category'

2021-06-22 01:22:34 - [MESSAGE][PASSED] - Object 'Object Repository/VLink/Page_CCSale/txt_TransactionID' is present

2021-06-22 01:22:35 - [MESSAGE][PASSED] - Text '' is set on object 'Object Repository/VLink/Page_CCSale/txt_TransactionID'

2021-06-22 01:22:35 - [MESSAGE][PASSED] - Object 'Object Repository/VLink/Page_CCSale/txt_ApprovalCode' is present

2021-06-22 01:22:36 - [MESSAGE][PASSED] - Text '' is set on object 'Object Repository/VLink/Page_CCSale/txt_ApprovalCode'

2021-06-22 01:22:36 - [MESSAGE][PASSED] - Object 'Object Repository/VLink/Page_CCSale/txt_CardName' is present

2021-06-22 01:22:37 - [MESSAGE][PASSED] - Text 'Roshan Maha' is set on object 'Object Repository/VLink/Page_CCSale/txt_CardName'

2021-06-22 01:22:37 - [MESSAGE][PASSED] - Object 'Object Repository/VLink/Page_CCSale/txt_AL1' is present

2021-06-22 01:22:38 - [MESSAGE][PASSED] - Text '12563 Bazaar road' is set on object 'Object Repository/VLink/Page_CCSale/txt_AL1'

2021-06-22 01:22:38 - [MESSAGE][PASSED] - Object 'Object Repository/VLink/Page_CCSale/txt_AL2' is present

2021-06-22 01:22:39 - [MESSAGE][PASSED] - Text '' is set on object 'Object Repository/VLink/Page_CCSale/txt_AL2'

2021-06-22 01:22:39 - [MESSAGE][PASSED] - Object 'Object Repository/VLink/Page_CCSale/txt_CardCity' is present

2021-06-22 01:22:40 - [MESSAGE][PASSED] - Text 'Crofton' is set on object 'Object Repository/VLink/Page_CCSale/txt_CardCity'

2021-06-22 01:22:40 - [MESSAGE][PASSED] - Object 'Object Repository/VLink/Page_CCSale/txt_CardState' is present

2021-06-22 01:22:41 - [MESSAGE][PASSED] - Text 'MD' is set on object 'Object Repository/VLink/Page_CCSale/txt_CardState'

2021-06-22 01:22:41 - [MESSAGE][PASSED] - Object 'Object Repository/VLink/Page_CCSale/txt_CardZIP' is present

2021-06-22 01:22:42 - [MESSAGE][PASSED] - Text '21114' is set on object 'Object Repository/VLink/Page_CCSale/txt_CardZIP'

2021-06-22 01:22:42 - [MESSAGE][PASSED] - Object 'Object Repository/VLink/Page_CCSale/txt_CountryID' is present

2021-06-22 01:22:43 - [MESSAGE][PASSED] - Text '' is set on object 'Object Repository/VLink/Page_CCSale/txt_CountryID'

2021-06-22 01:22:43 - [MESSAGE][PASSED] - Object 'Object Repository/VLink/Page_CCSale/txt_Amount' is present

2021-06-22 01:22:44 - [MESSAGE][PASSED] - Text '3.50' is set on object 'Object Repository/VLink/Page_CCSale/txt_Amount'

2021-06-22 01:22:44 - [MESSAGE][PASSED] - Object 'Object Repository/VLink/Page_CCSale/txt_CardNumber' is present

2021-06-22 01:22:45 - [MESSAGE][PASSED] - Text '6011000000000004' is set on object 'Object Repository/VLink/Page_CCSale/txt_CardNumber'

2021-06-22 01:22:45 - [MESSAGE][PASSED] - Object 'Object Repository/VLink/Page_CCSale/txt_ExpMonth' is present

2021-06-22 01:22:46 - [MESSAGE][PASSED] - Text '01' is set on object 'Object Repository/VLink/Page_CCSale/txt_ExpMonth'

2021-06-22 01:22:46 - [MESSAGE][PASSED] - Object 'Object Repository/VLink/Page_CCSale/txt_ExpYear' is present

2021-06-22 01:22:47 - [MESSAGE][PASSED] - Text '2026' is set on object 'Object Repository/VLink/Page_CCSale/txt_ExpYear'

2021-06-22 01:22:47 - [MESSAGE][PASSED] - Object 'Object Repository/VLink/Page_CCSale/txt_CVV' is present

2021-06-22 01:22:48 - [MESSAGE][PASSED] - Text '' is set on object 'Object Repository/VLink/Page_CCSale/txt_CVV'

2021-06-22 01:22:48 - [MESSAGE][PASSED] - Object 'Object Repository/VLink/Page_CCSale/txt_CVVstate' is present

2021-06-22 01:22:49 - [MESSAGE][PASSED] - Text '' is set on object 'Object Repository/VLink/Page_CCSale/txt_CVVstate'

2021-06-22 01:22:49 - [MESSAGE][PASSED] - Object 'Object Repository/VLink/Page_CCSale/txt_TrackData' is present

2021-06-22 01:22:50 - [MESSAGE][PASSED] - Text '' is set on object 'Object Repository/VLink/Page_CCSale/txt_TrackData'

2021-06-22 01:22:50 - [MESSAGE][PASSED] - Object 'Object Repository/VLink/Page_CCSale/txt_Track1Data' is present

2021-06-22 01:22:51 - [MESSAGE][PASSED] - Text '' is set on object 'Object Repository/VLink/Page_CCSale/txt_Track1Data'

2021-06-22 01:22:51 - [MESSAGE][PASSED] - Object 'Object Repository/VLink/Page_CCSale/txt_Track2Data' is present

2021-06-22 01:22:52 - [MESSAGE][PASSED] - Text '' is set on object 'Object Repository/VLink/Page_CCSale/txt_Track2Data'

2021-06-22 01:22:52 - [MESSAGE][PASSED] - Object 'Object Repository/VLink/Page_CCSale/txt_POSEntryMode' is present

2021-06-22 01:22:53 - [MESSAGE][PASSED] - Text 'manual' is set on object 'Object Repository/VLink/Page_CCSale/txt_POSEntryMode'

2021-06-22 01:22:53 - [MESSAGE][PASSED] - Object 'Object Repository/VLink/Page_CCSale/txt_Email' is present

2021-06-22 01:22:54 - [MESSAGE][PASSED] - Text '' is set on object 'Object Repository/VLink/Page_CCSale/txt_Email'

2021-06-22 01:22:54 - [MESSAGE][PASSED] - Object 'Object Repository/VLink/Page_CCSale/txt_OrderNumber' is present

2021-06-22 01:22:55 - [MESSAGE][PASSED] - Text '' is set on object 'Object Repository/VLink/Page_CCSale/txt_OrderNumber'

2021-06-22 01:22:55 - [MESSAGE][PASSED] - Object 'Object Repository/VLink/Page_CCSale/txt_TaxAmount' is present

2021-06-22 01:22:56 - [MESSAGE][PASSED] - Text '' is set on object 'Object Repository/VLink/Page_CCSale/txt_TaxAmount'

2021-06-22 01:22:56 - [MESSAGE][PASSED] - Object 'Object Repository/VLink/Page_CCSale/txt_ChargeDescription' is present

2021-06-22 01:22:57 - [MESSAGE][PASSED] - Text '' is set on object 'Object Repository/VLink/Page_CCSale/txt_ChargeDescription'

2021-06-22 01:22:57 - [MESSAGE][PASSED] - Object 'Object Repository/VLink/Page_CCSale/txt_CAN' is present

2021-06-22 01:22:58 - [MESSAGE][PASSED] - Text '' is set on object 'Object Repository/VLink/Page_CCSale/txt_CAN'

2021-06-22 01:22:58 - [MESSAGE][PASSED] - Object 'Object Repository/VLink/Page_CCSale/txt_BillPaymentIndicator' is present

2021-06-22 01:22:59 - [MESSAGE][PASSED] - Text '' is set on object 'Object Repository/VLink/Page_CCSale/txt_BillPaymentIndicator'

2021-06-22 01:22:59 - [MESSAGE][PASSED] - Object 'Object Repository/VLink/Page_CCSale/txt_UDF1' is present

2021-06-22 01:23:00 - [MESSAGE][PASSED] - Text '' is set on object 'Object Repository/VLink/Page_CCSale/txt_UDF1'

2021-06-22 01:23:00 - [MESSAGE][PASSED] - Object 'Object Repository/VLink/Page_CCSale/txt_UDF2' is present

2021-06-22 01:23:01 - [MESSAGE][PASSED] - Text '' is set on object 'Object Repository/VLink/Page_CCSale/txt_UDF2'

2021-06-22 01:23:01 - [MESSAGE][PASSED] - Object 'Object Repository/VLink/Page_CCSale/txt_UDF3' is present

2021-06-22 01:23:02 - [MESSAGE][PASSED] - Text '' is set on object 'Object Repository/VLink/Page_CCSale/txt_UDF3'

2021-06-22 01:23:02 - [MESSAGE][PASSED] - Object 'Object Repository/VLink/Page_CCSale/txt_UDF4' is present

2021-06-22 01:23:03 - [MESSAGE][PASSED] - Text '' is set on object 'Object Repository/VLink/Page_CCSale/txt_UDF4'

2021-06-22 01:23:03 - [MESSAGE][PASSED] - Object 'Object Repository/VLink/Page_CCSale/txt_UDF5' is present

2021-06-22 01:23:03 - [MESSAGE][PASSED] - Text '' is set on object 'Object Repository/VLink/Page_CCSale/txt_UDF5'

2021-06-22 01:23:04 - [MESSAGE][PASSED] - Object 'Object Repository/VLink/Page_CCSale/txt_UDF6' is present

2021-06-22 01:23:04 - [MESSAGE][PASSED] - Text '' is set on object 'Object Repository/VLink/Page_CCSale/txt_UDF6'

2021-06-22 01:23:05 - [MESSAGE][PASSED] - Object 'Object Repository/VLink/Page_CCSale/txt_UDF7' is present

2021-06-22 01:23:05 - [MESSAGE][PASSED] - Text '' is set on object 'Object Repository/VLink/Page_CCSale/txt_UDF7'

2021-06-22 01:23:06 - [MESSAGE][PASSED] - Object 'Object Repository/VLink/Page_CCSale/txt_UDF8' is present

2021-06-22 01:23:06 - [MESSAGE][PASSED] - Text '' is set on object 'Object Repository/VLink/Page_CCSale/txt_UDF8'

2021-06-22 01:23:07 - [MESSAGE][PASSED] - Object 'Object Repository/VLink/Page_CCSale/txt_UDF9' is present

2021-06-22 01:23:07 - [MESSAGE][PASSED] - Text '' is set on object 'Object Repository/VLink/Page_CCSale/txt_UDF9'

2021-06-22 01:23:08 - [MESSAGE][PASSED] - Object 'Object Repository/VLink/Page_CCSale/txt_UDF10' is present

2021-06-22 01:23:08 - [MESSAGE][PASSED] - Text '' is set on object 'Object Repository/VLink/Page_CCSale/txt_UDF10'

2021-06-22 01:23:09 - [MESSAGE][PASSED] - Object 'Object Repository/VLink/Page_CCSale/txt_CardOnFileIndicator' is present

2021-06-22 01:23:09 - [MESSAGE][PASSED] - Text '' is set on object 'Object Repository/VLink/Page_CCSale/txt_CardOnFileIndicator'

2021-06-22 01:23:10 - [MESSAGE][PASSED] - Object 'Object Repository/VLink/Page_CCSale/txt_StoredCredentialIndicator' is present

2021-06-22 01:23:10 - [MESSAGE][PASSED] - Text '' is set on object 'Object Repository/VLink/Page_CCSale/txt_StoredCredentialIndicator'

2021-06-22 01:23:11 - [MESSAGE][PASSED] - Object 'Object Repository/VLink/Page_CCSale/txt_COFScheduledIndicator' is present

2021-06-22 01:23:11 - [MESSAGE][PASSED] - Text '' is set on object 'Object Repository/VLink/Page_CCSale/txt_COFScheduledIndicator'

2021-06-22 01:23:12 - [MESSAGE][PASSED] - Object 'Object Repository/VLink/Page_CCSale/txt_COFTransactionInitiatedBy' is present

2021-06-22 01:23:12 - [MESSAGE][PASSED] - Text '' is set on object 'Object Repository/VLink/Page_CCSale/txt_COFTransactionInitiatedBy'

2021-06-22 01:23:16 - [MESSAGE][PASSED] - Object: 'Object Repository/VLink/Page_CCSale/btn_ProcessVLinkTransaction' is clicked on

2021-06-22 01:23:21 - [MESSAGE][PASSED] - vlinkPages.saleCCPage.setDataSCC is PASSED

2021-06-22 01:23:21 - [TEST_STEP][PASSED] - if (verifyTextPresent("Transaction approved, no errors", true)): null

2021-06-22 01:23:21 - [MESSAGE][PASSED] - Text 'Transaction approved, no errors' is present on page  using regular expression

2021-06-22 01:23:21 - [TEST_STEP][PASSED] - println("Transaction Approved, no errors text is present on the Confirmation page"): null

2021-06-22 01:23:21 - [TEST_STEP][PASSED] - out.println("Pass Record Number: " + row): null

2021-06-22 01:23:21 - [TEST_STEP][PASSED] - resText = "Pass": null

2021-06-22 01:23:21 - [TEST_STEP][PASSED] - pages.WriteExcel.demoKey(resText, datText, resColumn, datCloumn, fileLoc, nameSheet, row): pages.WriteExcel.demoKey is PASSED

2021-06-22 01:23:21 - [MESSAGE][PASSED] - pages.WriteExcel.demoKey is PASSED

2021-06-22 01:23:21 - [TEST_STEP][PASSED] - sdfo = getText(findTestObject("Object Repository/Page_VLinkReceipt/pre_STX")): Text of object 'Object Repository/Page_VLinkReceipt/pre_STX' is: '<STX>CSxFL4vA2evQ                  12098363            0  Transaction approved, no errors                   0                                                                                  X OK8405   <ETX>'

2021-06-22 01:23:21 - [MESSAGE][PASSED] - Text of object 'Object Repository/Page_VLinkReceipt/pre_STX' is: '<STX>CSxFL4vA2evQ                  12098363            0  Transaction approved, no errors                   0                                                                                  X OK8405   <ETX>'

2021-06-22 01:23:21 - [TEST_STEP][PASSED] - out.println("sdfo: " + sdfo): null

2021-06-22 01:23:21 - [TEST_STEP][PASSED] - remID = substring(5, 35).trim(): null

2021-06-22 01:23:21 - [TEST_STEP][PASSED] - out.println("Remittance ID: " + remID): null

2021-06-22 01:23:21 - [TEST_STEP][PASSED] - traxID = substring(35, 55).trim(): null

2021-06-22 01:23:21 - [TEST_STEP][PASSED] - out.println("Transaction ID: " + traxID): null

2021-06-22 01:23:21 - [TEST_STEP][PASSED] - out.println("End Record Number: " + row): null

2021-06-22 01:23:21 - [TEST_STEP][PASSED] - closeBrowser(): Browser is closed

2021-06-22 01:23:22 - [MESSAGE][PASSED] - Browser is closed

2021-06-22 01:23:22 - [TEST_STEP][PASSED] - out.println("Begin Record Number: " + row): null

2021-06-22 01:23:22 - [TEST_STEP][PASSED] - today = new java.util.Date(): null

2021-06-22 01:23:22 - [TEST_STEP][PASSED] - println(today): null

2021-06-22 01:23:22 - [TEST_STEP][PASSED] - datText = today: null

2021-06-22 01:23:22 - [TEST_STEP][PASSED] - openBrowser(VLinkURL + "authcap.html"): Browser is opened with url: 'https://dev-algorithm.govolution.com/vlinktest/QA/version_2_0/authcap.html'

2021-06-22 01:23:22 - [MESSAGE][INFO] - Starting 'Chrome' driver

2021-06-22 01:23:22 - [MESSAGE][INFO] - User set preference: ['acceptInsecureCerts', 'true']

2021-06-22 01:23:22 - [MESSAGE][INFO] - Action delay is set to 0 milliseconds

2021-06-22 01:23:24 - [MESSAGE][PASSED] - Browser is opened with url: 'https://dev-algorithm.govolution.com/vlinktest/QA/version_2_0/authcap.html'

2021-06-22 01:23:24 - [TEST_STEP][PASSED] - maximizeWindow(): Current window maximized

2021-06-22 01:23:24 - [MESSAGE][PASSED] - Current window maximized

2021-06-22 01:23:24 - [TEST_STEP][PASSED] - vlinkPages.saleCCPage.setDataSCC(row, dataFile): vlinkPages.saleCCPage.setDataSCC is PASSED

2021-06-22 01:23:26 - [MESSAGE][PASSED] - Object 'Object Repository/VLink/Page_CCSale/txt_CardNumber' is present

2021-06-22 01:23:26 - [MESSAGE][PASSED] - Object 'Object Repository/VLink/Page_CCSale/txt_TransactionType' is present

2021-06-22 01:23:27 - [MESSAGE][PASSED] - Text '104' is set on object 'Object Repository/VLink/Page_CCSale/txt_TransactionType'

2021-06-22 01:23:27 - [MESSAGE][PASSED] - Object 'Object Repository/VLink/Page_CCSale/txt_MessageVersion' is present

2021-06-22 01:23:28 - [MESSAGE][PASSED] - Text '2.0C' is set on object 'Object Repository/VLink/Page_CCSale/txt_MessageVersion'

2021-06-22 01:23:28 - [MESSAGE][PASSED] - Object 'Object Repository/VLink/Page_CCSale/txt_RemID' is present

2021-06-22 01:23:29 - [MESSAGE][PASSED] - Text 'E0tUGyEIDiOB' is set on object 'Object Repository/VLink/Page_CCSale/txt_RemID'

2021-06-22 01:23:29 - [MESSAGE][PASSED] - Object 'Object Repository/VLink/Page_CCSale/txt_ApplicationId' is present

2021-06-22 01:23:30 - [MESSAGE][PASSED] - Text '667' is set on object 'Object Repository/VLink/Page_CCSale/txt_ApplicationId'

2021-06-22 01:23:30 - [MESSAGE][PASSED] - Object 'Object Repository/VLink/Page_CCSale/txt_Username' is present

2021-06-22 01:23:30 - [MESSAGE][PASSED] - Text 'username' is set on object 'Object Repository/VLink/Page_CCSale/txt_Username'

2021-06-22 01:23:31 - [MESSAGE][PASSED] - Object 'Object Repository/VLink/Page_CCSale/txt_Password' is present

2021-06-22 01:23:31 - [MESSAGE][PASSED] - Text 'password' is set on object 'Object Repository/VLink/Page_CCSale/txt_Password'

2021-06-22 01:23:32 - [MESSAGE][PASSED] - Object 'Object Repository/VLink/Page_CCSale/txt_ResponseFormat' is present

2021-06-22 01:23:32 - [MESSAGE][PASSED] - Text 'fixed_width' is set on object 'Object Repository/VLink/Page_CCSale/txt_ResponseFormat'

2021-06-22 01:23:32 - [MESSAGE][PASSED] - Object 'Object Repository/VLink/Page_CCSale/txt_Category' is present

2021-06-22 01:23:33 - [MESSAGE][PASSED] - Text 'ECOM' is set on object 'Object Repository/VLink/Page_CCSale/txt_Category'

2021-06-22 01:23:33 - [MESSAGE][PASSED] - Object 'Object Repository/VLink/Page_CCSale/txt_TransactionID' is present

2021-06-22 01:23:34 - [MESSAGE][PASSED] - Text '' is set on object 'Object Repository/VLink/Page_CCSale/txt_TransactionID'

2021-06-22 01:23:34 - [MESSAGE][PASSED] - Object 'Object Repository/VLink/Page_CCSale/txt_ApprovalCode' is present

2021-06-22 01:23:35 - [MESSAGE][PASSED] - Text '' is set on object 'Object Repository/VLink/Page_CCSale/txt_ApprovalCode'

2021-06-22 01:23:35 - [MESSAGE][PASSED] - Object 'Object Repository/VLink/Page_CCSale/txt_CardName' is present

2021-06-22 01:23:36 - [MESSAGE][PASSED] - Text 'Kris Roshan' is set on object 'Object Repository/VLink/Page_CCSale/txt_CardName'

2021-06-22 01:23:36 - [MESSAGE][PASSED] - Object 'Object Repository/VLink/Page_CCSale/txt_AL1' is present

2021-06-22 01:23:37 - [MESSAGE][PASSED] - Text '258 Elm Road' is set on object 'Object Repository/VLink/Page_CCSale/txt_AL1'

2021-06-22 01:23:37 - [MESSAGE][PASSED] - Object 'Object Repository/VLink/Page_CCSale/txt_AL2' is present

2021-06-22 01:23:38 - [MESSAGE][PASSED] - Text 'Suite 56' is set on object 'Object Repository/VLink/Page_CCSale/txt_AL2'

2021-06-22 01:23:38 - [MESSAGE][PASSED] - Object 'Object Repository/VLink/Page_CCSale/txt_CardCity' is present

2021-06-22 01:23:39 - [MESSAGE][PASSED] - Text 'Arlington' is set on object 'Object Repository/VLink/Page_CCSale/txt_CardCity'

2021-06-22 01:23:39 - [MESSAGE][PASSED] - Object 'Object Repository/VLink/Page_CCSale/txt_CardState' is present

2021-06-22 01:23:40 - [MESSAGE][PASSED] - Text 'VA' is set on object 'Object Repository/VLink/Page_CCSale/txt_CardState'

2021-06-22 01:23:40 - [MESSAGE][PASSED] - Object 'Object Repository/VLink/Page_CCSale/txt_CardZIP' is present

2021-06-22 01:23:41 - [MESSAGE][PASSED] - Text '22201' is set on object 'Object Repository/VLink/Page_CCSale/txt_CardZIP'

2021-06-22 01:23:41 - [MESSAGE][PASSED] - Object 'Object Repository/VLink/Page_CCSale/txt_CountryID' is present

2021-06-22 01:23:42 - [MESSAGE][PASSED] - Text '840' is set on object 'Object Repository/VLink/Page_CCSale/txt_CountryID'

2021-06-22 01:23:42 - [MESSAGE][PASSED] - Object 'Object Repository/VLink/Page_CCSale/txt_Amount' is present

2021-06-22 01:23:43 - [MESSAGE][PASSED] - Text '1.50' is set on object 'Object Repository/VLink/Page_CCSale/txt_Amount'

2021-06-22 01:23:43 - [MESSAGE][PASSED] - Object 'Object Repository/VLink/Page_CCSale/txt_CardNumber' is present

2021-06-22 01:23:44 - [MESSAGE][PASSED] - Text '4111111111111111' is set on object 'Object Repository/VLink/Page_CCSale/txt_CardNumber'

2021-06-22 01:23:44 - [MESSAGE][PASSED] - Object 'Object Repository/VLink/Page_CCSale/txt_ExpMonth' is present

2021-06-22 01:23:45 - [MESSAGE][PASSED] - Text '12' is set on object 'Object Repository/VLink/Page_CCSale/txt_ExpMonth'

2021-06-22 01:23:45 - [MESSAGE][PASSED] - Object 'Object Repository/VLink/Page_CCSale/txt_ExpYear' is present

2021-06-22 01:23:46 - [MESSAGE][PASSED] - Text '2025' is set on object 'Object Repository/VLink/Page_CCSale/txt_ExpYear'

2021-06-22 01:23:46 - [MESSAGE][PASSED] - Object 'Object Repository/VLink/Page_CCSale/txt_CVV' is present

2021-06-22 01:23:47 - [MESSAGE][PASSED] - Text '' is set on object 'Object Repository/VLink/Page_CCSale/txt_CVV'

2021-06-22 01:23:47 - [MESSAGE][PASSED] - Object 'Object Repository/VLink/Page_CCSale/txt_CVVstate' is present

2021-06-22 01:23:48 - [MESSAGE][PASSED] - Text '' is set on object 'Object Repository/VLink/Page_CCSale/txt_CVVstate'

2021-06-22 01:23:48 - [MESSAGE][PASSED] - Object 'Object Repository/VLink/Page_CCSale/txt_TrackData' is present

2021-06-22 01:23:49 - [MESSAGE][PASSED] - Text '' is set on object 'Object Repository/VLink/Page_CCSale/txt_TrackData'

2021-06-22 01:23:49 - [MESSAGE][PASSED] - Object 'Object Repository/VLink/Page_CCSale/txt_Track1Data' is present

2021-06-22 01:23:50 - [MESSAGE][PASSED] - Text '' is set on object 'Object Repository/VLink/Page_CCSale/txt_Track1Data'

2021-06-22 01:23:50 - [MESSAGE][PASSED] - Object 'Object Repository/VLink/Page_CCSale/txt_Track2Data' is present

2021-06-22 01:23:51 - [MESSAGE][PASSED] - Text '' is set on object 'Object Repository/VLink/Page_CCSale/txt_Track2Data'

2021-06-22 01:23:51 - [MESSAGE][PASSED] - Object 'Object Repository/VLink/Page_CCSale/txt_POSEntryMode' is present

2021-06-22 01:23:52 - [MESSAGE][PASSED] - Text 'manual' is set on object 'Object Repository/VLink/Page_CCSale/txt_POSEntryMode'

2021-06-22 01:23:52 - [MESSAGE][PASSED] - Object 'Object Repository/VLink/Page_CCSale/txt_Email' is present

2021-06-22 01:23:53 - [MESSAGE][PASSED] - Text 'iahmed@govolution.com' is set on object 'Object Repository/VLink/Page_CCSale/txt_Email'

2021-06-22 01:23:53 - [MESSAGE][PASSED] - Object 'Object Repository/VLink/Page_CCSale/txt_OrderNumber' is present

2021-06-22 01:23:54 - [MESSAGE][PASSED] - Text '2569362' is set on object 'Object Repository/VLink/Page_CCSale/txt_OrderNumber'

2021-06-22 01:23:54 - [MESSAGE][PASSED] - Object 'Object Repository/VLink/Page_CCSale/txt_TaxAmount' is present

2021-06-22 01:23:55 - [MESSAGE][PASSED] - Text '1.15' is set on object 'Object Repository/VLink/Page_CCSale/txt_TaxAmount'

2021-06-22 01:23:55 - [MESSAGE][PASSED] - Object 'Object Repository/VLink/Page_CCSale/txt_ChargeDescription' is present

2021-06-22 01:23:56 - [MESSAGE][PASSED] - Text 'Charge Description' is set on object 'Object Repository/VLink/Page_CCSale/txt_ChargeDescription'

2021-06-22 01:23:56 - [MESSAGE][PASSED] - Object 'Object Repository/VLink/Page_CCSale/txt_CAN' is present

2021-06-22 01:23:57 - [MESSAGE][PASSED] - Text '147357' is set on object 'Object Repository/VLink/Page_CCSale/txt_CAN'

2021-06-22 01:23:57 - [MESSAGE][PASSED] - Object 'Object Repository/VLink/Page_CCSale/txt_BillPaymentIndicator' is present

2021-06-22 01:23:58 - [MESSAGE][PASSED] - Text '1' is set on object 'Object Repository/VLink/Page_CCSale/txt_BillPaymentIndicator'

2021-06-22 01:23:58 - [MESSAGE][PASSED] - Object 'Object Repository/VLink/Page_CCSale/txt_UDF1' is present

2021-06-22 01:23:59 - [MESSAGE][PASSED] - Text 'UDF Data 1' is set on object 'Object Repository/VLink/Page_CCSale/txt_UDF1'

2021-06-22 01:23:59 - [MESSAGE][PASSED] - Object 'Object Repository/VLink/Page_CCSale/txt_UDF2' is present

2021-06-22 01:24:00 - [MESSAGE][PASSED] - Text 'UDF Data 2' is set on object 'Object Repository/VLink/Page_CCSale/txt_UDF2'

2021-06-22 01:24:00 - [MESSAGE][PASSED] - Object 'Object Repository/VLink/Page_CCSale/txt_UDF3' is present

2021-06-22 01:24:01 - [MESSAGE][PASSED] - Text 'UDF Data 3' is set on object 'Object Repository/VLink/Page_CCSale/txt_UDF3'

2021-06-22 01:24:01 - [MESSAGE][PASSED] - Object 'Object Repository/VLink/Page_CCSale/txt_UDF4' is present

2021-06-22 01:24:02 - [MESSAGE][PASSED] - Text 'UDF Data 4' is set on object 'Object Repository/VLink/Page_CCSale/txt_UDF4'

2021-06-22 01:24:02 - [MESSAGE][PASSED] - Object 'Object Repository/VLink/Page_CCSale/txt_UDF5' is present

2021-06-22 01:24:03 - [MESSAGE][PASSED] - Text 'UDF Data 5' is set on object 'Object Repository/VLink/Page_CCSale/txt_UDF5'

2021-06-22 01:24:03 - [MESSAGE][PASSED] - Object 'Object Repository/VLink/Page_CCSale/txt_UDF6' is present

2021-06-22 01:24:04 - [MESSAGE][PASSED] - Text 'UDF Data 6' is set on object 'Object Repository/VLink/Page_CCSale/txt_UDF6'

2021-06-22 01:24:04 - [MESSAGE][PASSED] - Object 'Object Repository/VLink/Page_CCSale/txt_UDF7' is present

2021-06-22 01:24:05 - [MESSAGE][PASSED] - Text 'UDF Data 7' is set on object 'Object Repository/VLink/Page_CCSale/txt_UDF7'

2021-06-22 01:24:05 - [MESSAGE][PASSED] - Object 'Object Repository/VLink/Page_CCSale/txt_UDF8' is present

2021-06-22 01:24:06 - [MESSAGE][PASSED] - Text 'UDF Data 8' is set on object 'Object Repository/VLink/Page_CCSale/txt_UDF8'

2021-06-22 01:24:06 - [MESSAGE][PASSED] - Object 'Object Repository/VLink/Page_CCSale/txt_UDF9' is present

2021-06-22 01:24:07 - [MESSAGE][PASSED] - Text 'UDF Data 9' is set on object 'Object Repository/VLink/Page_CCSale/txt_UDF9'

2021-06-22 01:24:07 - [MESSAGE][PASSED] - Object 'Object Repository/VLink/Page_CCSale/txt_UDF10' is present

2021-06-22 01:24:08 - [MESSAGE][PASSED] - Text 'UDF Data 10' is set on object 'Object Repository/VLink/Page_CCSale/txt_UDF10'

2021-06-22 01:24:08 - [MESSAGE][PASSED] - Object 'Object Repository/VLink/Page_CCSale/txt_CardOnFileIndicator' is present

2021-06-22 01:24:09 - [MESSAGE][PASSED] - Text '' is set on object 'Object Repository/VLink/Page_CCSale/txt_CardOnFileIndicator'

2021-06-22 01:24:09 - [MESSAGE][PASSED] - Object 'Object Repository/VLink/Page_CCSale/txt_StoredCredentialIndicator' is present

2021-06-22 01:24:10 - [MESSAGE][PASSED] - Text '' is set on object 'Object Repository/VLink/Page_CCSale/txt_StoredCredentialIndicator'

2021-06-22 01:24:10 - [MESSAGE][PASSED] - Object 'Object Repository/VLink/Page_CCSale/txt_COFScheduledIndicator' is present

2021-06-22 01:24:11 - [MESSAGE][PASSED] - Text '' is set on object 'Object Repository/VLink/Page_CCSale/txt_COFScheduledIndicator'

2021-06-22 01:24:11 - [MESSAGE][PASSED] - Object 'Object Repository/VLink/Page_CCSale/txt_COFTransactionInitiatedBy' is present

2021-06-22 01:24:12 - [MESSAGE][PASSED] - Text '' is set on object 'Object Repository/VLink/Page_CCSale/txt_COFTransactionInitiatedBy'

2021-06-22 01:24:14 - [MESSAGE][PASSED] - Object: 'Object Repository/VLink/Page_CCSale/btn_ProcessVLinkTransaction' is clicked on

2021-06-22 01:24:19 - [MESSAGE][PASSED] - vlinkPages.saleCCPage.setDataSCC is PASSED

2021-06-22 01:24:19 - [TEST_STEP][FAILED] - if (verifyTextPresent("Transaction approved, no errors", true)): Text 'Transaction approved, no errors' is not present on page  using regular expression (Root cause: com.kms.katalon.core.exception.StepFailedException: Text 'Transaction approved, no errors' is not present on page  using regular expression
	at com.kms.katalon.core.webui.keyword.internal.WebUIKeywordMain.stepFailed(WebUIKeywordMain.groovy:64)
	at com.kms.katalon.core.webui.keyword.builtin.VerifyTextPresentKeyword$_verifyTextPresent_closure1.doCall(VerifyTextPresentKeyword.groovy:79)
	at com.kms.katalon.core.webui.keyword.builtin.VerifyTextPresentKeyword$_verifyTextPresent_closure1.call(VerifyTextPresentKeyword.groovy)
	at com.kms.katalon.core.webui.keyword.internal.WebUIKeywordMain.runKeyword(WebUIKeywordMain.groovy:20)
	at com.kms.katalon.core.webui.keyword.builtin.VerifyTextPresentKeyword.verifyTextPresent(VerifyTextPresentKeyword.groovy:83)
	at com.kms.katalon.core.webui.keyword.builtin.VerifyTextPresentKeyword.execute(VerifyTextPresentKeyword.groovy:68)
	at com.kms.katalon.core.keyword.internal.KeywordExecutor.executeKeywordForPlatform(KeywordExecutor.groovy:72)
	at com.kms.katalon.core.webui.keyword.WebUiBuiltInKeywords.verifyTextPresent(WebUiBuiltInKeywords.groovy:1719)
	at com.kms.katalon.core.webui.keyword.WebUiBuiltInKeywords$verifyTextPresent$4.call(Unknown Source)
	at VLinkSale-Successful.run(VLinkSale-Successful:76)
	at com.kms.katalon.core.main.ScriptEngine.run(ScriptEngine.java:194)
	at com.kms.katalon.core.main.ScriptEngine.runScriptAsRawText(ScriptEngine.java:119)
	at com.kms.katalon.core.main.TestCaseExecutor.runScript(TestCaseExecutor.java:337)
	at com.kms.katalon.core.main.TestCaseExecutor.doExecute(TestCaseExecutor.java:328)
	at com.kms.katalon.core.main.TestCaseExecutor.processExecutionPhase(TestCaseExecutor.java:307)
	at com.kms.katalon.core.main.TestCaseExecutor.accessMainPhase(TestCaseExecutor.java:299)
	at com.kms.katalon.core.main.TestCaseExecutor.execute(TestCaseExecutor.java:233)
	at com.kms.katalon.core.main.TestSuiteExecutor.accessTestCaseMainPhase(TestSuiteExecutor.java:169)
	at com.kms.katalon.core.main.TestSuiteExecutor.accessTestSuiteMainPhase(TestSuiteExecutor.java:142)
	at com.kms.katalon.core.main.TestSuiteExecutor.execute(TestSuiteExecutor.java:91)
	at com.kms.katalon.core.main.TestCaseMain.startTestSuite(TestCaseMain.java:157)
	at com.kms.katalon.core.main.TestCaseMain$startTestSuite$0.call(Unknown Source)
	at TempTestSuite1624337272106.run(TempTestSuite1624337272106.groovy:37)
)

2021-06-22 01:24:19 - [MESSAGE][FAILED] - Text 'Transaction approved, no errors' is not present on page  using regular expression (Root cause: com.kms.katalon.core.exception.StepFailedException: Text 'Transaction approved, no errors' is not present on page  using regular expression
	at com.kms.katalon.core.webui.keyword.internal.WebUIKeywordMain.stepFailed(WebUIKeywordMain.groovy:64)
	at com.kms.katalon.core.webui.keyword.builtin.VerifyTextPresentKeyword$_verifyTextPresent_closure1.doCall(VerifyTextPresentKeyword.groovy:79)
	at com.kms.katalon.core.webui.keyword.builtin.VerifyTextPresentKeyword$_verifyTextPresent_closure1.call(VerifyTextPresentKeyword.groovy)
	at com.kms.katalon.core.webui.keyword.internal.WebUIKeywordMain.runKeyword(WebUIKeywordMain.groovy:20)
	at com.kms.katalon.core.webui.keyword.builtin.VerifyTextPresentKeyword.verifyTextPresent(VerifyTextPresentKeyword.groovy:83)
	at com.kms.katalon.core.webui.keyword.builtin.VerifyTextPresentKeyword.execute(VerifyTextPresentKeyword.groovy:68)
	at com.kms.katalon.core.keyword.internal.KeywordExecutor.executeKeywordForPlatform(KeywordExecutor.groovy:72)
	at com.kms.katalon.core.webui.keyword.WebUiBuiltInKeywords.verifyTextPresent(WebUiBuiltInKeywords.groovy:1719)
	at com.kms.katalon.core.webui.keyword.WebUiBuiltInKeywords$verifyTextPresent$4.call(Unknown Source)
	at VLinkSale-Successful.run(VLinkSale-Successful:76)
	at com.kms.katalon.core.main.ScriptEngine.run(ScriptEngine.java:194)
	at com.kms.katalon.core.main.ScriptEngine.runScriptAsRawText(ScriptEngine.java:119)
	at com.kms.katalon.core.main.TestCaseExecutor.runScript(TestCaseExecutor.java:337)
	at com.kms.katalon.core.main.TestCaseExecutor.doExecute(TestCaseExecutor.java:328)
	at com.kms.katalon.core.main.TestCaseExecutor.processExecutionPhase(TestCaseExecutor.java:307)
	at com.kms.katalon.core.main.TestCaseExecutor.accessMainPhase(TestCaseExecutor.java:299)
	at com.kms.katalon.core.main.TestCaseExecutor.execute(TestCaseExecutor.java:233)
	at com.kms.katalon.core.main.TestSuiteExecutor.accessTestCaseMainPhase(TestSuiteExecutor.java:169)
	at com.kms.katalon.core.main.TestSuiteExecutor.accessTestSuiteMainPhase(TestSuiteExecutor.java:142)
	at com.kms.katalon.core.main.TestSuiteExecutor.execute(TestSuiteExecutor.java:91)
	at com.kms.katalon.core.main.TestCaseMain.startTestSuite(TestCaseMain.java:157)
	at com.kms.katalon.core.main.TestCaseMain$startTestSuite$0.call(Unknown Source)
	at TempTestSuite1624337272106.run(TempTestSuite1624337272106.groovy:37)
)

2021-06-22 01:24:19 - [TEST_STEP][PASSED] - else: pages.WriteExcel.demoKey is PASSED

2021-06-22 01:24:19 - [TEST_STEP][PASSED] - println("Transaction Approved, no errors text is not present on the Confirmation page"): null

2021-06-22 01:24:19 - [TEST_STEP][PASSED] - out.println("Fail Record Number: " + row): null

2021-06-22 01:24:19 - [TEST_STEP][PASSED] - resText = "Fail": null

2021-06-22 01:24:19 - [TEST_STEP][PASSED] - pages.WriteExcel.demoKey(resText, datText, resColumn, datCloumn, fileLoc, nameSheet, row): pages.WriteExcel.demoKey is PASSED

2021-06-22 01:24:20 - [MESSAGE][PASSED] - pages.WriteExcel.demoKey is PASSED

2021-06-22 01:24:20 - [TEST_STEP][PASSED] - sdfo = getText(findTestObject("Object Repository/Page_VLinkReceipt/pre_STX")): Text of object 'Object Repository/Page_VLinkReceipt/pre_STX' is: '<STX>E0tUGyEIDiOB                  12098365            2  Transaction failed                                105Processor reported error                                                                   <ETX>'

2021-06-22 01:24:20 - [MESSAGE][PASSED] - Text of object 'Object Repository/Page_VLinkReceipt/pre_STX' is: '<STX>E0tUGyEIDiOB                  12098365            2  Transaction failed                                105Processor reported error                                                                   <ETX>'

2021-06-22 01:24:20 - [TEST_STEP][PASSED] - out.println("sdfo: " + sdfo): null

2021-06-22 01:24:20 - [TEST_STEP][PASSED] - remID = substring(5, 35).trim(): null

2021-06-22 01:24:20 - [TEST_STEP][PASSED] - out.println("Remittance ID: " + remID): null

2021-06-22 01:24:20 - [TEST_STEP][PASSED] - traxID = substring(35, 55).trim(): null

2021-06-22 01:24:20 - [TEST_STEP][PASSED] - out.println("Transaction ID: " + traxID): null

2021-06-22 01:24:20 - [TEST_STEP][PASSED] - out.println("End Record Number: " + row): null

2021-06-22 01:24:20 - [TEST_STEP][PASSED] - closeBrowser(): Browser is closed

2021-06-22 01:24:21 - [MESSAGE][PASSED] - Browser is closed

2021-06-22 01:24:21 - [TEST_STEP][PASSED] - out.println("Begin Record Number: " + row): null

2021-06-22 01:24:21 - [TEST_STEP][PASSED] - today = new java.util.Date(): null

2021-06-22 01:24:21 - [TEST_STEP][PASSED] - println(today): null

2021-06-22 01:24:21 - [TEST_STEP][PASSED] - datText = today: null

2021-06-22 01:24:21 - [TEST_STEP][PASSED] - openBrowser(VLinkURL + "authcap.html"): Browser is opened with url: 'https://dev-algorithm.govolution.com/vlinktest/QA/version_2_0/authcap.html'

2021-06-22 01:24:21 - [MESSAGE][INFO] - Starting 'Chrome' driver

2021-06-22 01:24:21 - [MESSAGE][INFO] - User set preference: ['acceptInsecureCerts', 'true']

2021-06-22 01:24:21 - [MESSAGE][INFO] - Action delay is set to 0 milliseconds

2021-06-22 01:24:22 - [MESSAGE][PASSED] - Browser is opened with url: 'https://dev-algorithm.govolution.com/vlinktest/QA/version_2_0/authcap.html'

2021-06-22 01:24:22 - [TEST_STEP][PASSED] - maximizeWindow(): Current window maximized

2021-06-22 01:24:22 - [MESSAGE][PASSED] - Current window maximized

2021-06-22 01:24:22 - [TEST_STEP][PASSED] - vlinkPages.saleCCPage.setDataSCC(row, dataFile): vlinkPages.saleCCPage.setDataSCC is PASSED

2021-06-22 01:24:25 - [MESSAGE][PASSED] - Object 'Object Repository/VLink/Page_CCSale/txt_CardNumber' is present

2021-06-22 01:24:25 - [MESSAGE][PASSED] - Object 'Object Repository/VLink/Page_CCSale/txt_TransactionType' is present

2021-06-22 01:24:25 - [MESSAGE][PASSED] - Text '104' is set on object 'Object Repository/VLink/Page_CCSale/txt_TransactionType'

2021-06-22 01:24:26 - [MESSAGE][PASSED] - Object 'Object Repository/VLink/Page_CCSale/txt_MessageVersion' is present

2021-06-22 01:24:26 - [MESSAGE][PASSED] - Text '2.0C' is set on object 'Object Repository/VLink/Page_CCSale/txt_MessageVersion'

2021-06-22 01:24:27 - [MESSAGE][PASSED] - Object 'Object Repository/VLink/Page_CCSale/txt_RemID' is present

2021-06-22 01:24:27 - [MESSAGE][PASSED] - Text 'CjlaV49DphMa' is set on object 'Object Repository/VLink/Page_CCSale/txt_RemID'

2021-06-22 01:24:28 - [MESSAGE][PASSED] - Object 'Object Repository/VLink/Page_CCSale/txt_ApplicationId' is present

2021-06-22 01:24:28 - [MESSAGE][PASSED] - Text '667' is set on object 'Object Repository/VLink/Page_CCSale/txt_ApplicationId'

2021-06-22 01:24:28 - [MESSAGE][PASSED] - Object 'Object Repository/VLink/Page_CCSale/txt_Username' is present

2021-06-22 01:24:29 - [MESSAGE][PASSED] - Text 'username' is set on object 'Object Repository/VLink/Page_CCSale/txt_Username'

2021-06-22 01:24:29 - [MESSAGE][PASSED] - Object 'Object Repository/VLink/Page_CCSale/txt_Password' is present

2021-06-22 01:24:30 - [MESSAGE][PASSED] - Text 'password' is set on object 'Object Repository/VLink/Page_CCSale/txt_Password'

2021-06-22 01:24:30 - [MESSAGE][PASSED] - Object 'Object Repository/VLink/Page_CCSale/txt_ResponseFormat' is present

2021-06-22 01:24:31 - [MESSAGE][PASSED] - Text 'fixed_width' is set on object 'Object Repository/VLink/Page_CCSale/txt_ResponseFormat'

2021-06-22 01:24:31 - [MESSAGE][PASSED] - Object 'Object Repository/VLink/Page_CCSale/txt_Category' is present

2021-06-22 01:24:32 - [MESSAGE][PASSED] - Text 'ECOM' is set on object 'Object Repository/VLink/Page_CCSale/txt_Category'

2021-06-22 01:24:32 - [MESSAGE][PASSED] - Object 'Object Repository/VLink/Page_CCSale/txt_TransactionID' is present

2021-06-22 01:24:33 - [MESSAGE][PASSED] - Text '' is set on object 'Object Repository/VLink/Page_CCSale/txt_TransactionID'

2021-06-22 01:24:33 - [MESSAGE][PASSED] - Object 'Object Repository/VLink/Page_CCSale/txt_ApprovalCode' is present

2021-06-22 01:24:34 - [MESSAGE][PASSED] - Text '' is set on object 'Object Repository/VLink/Page_CCSale/txt_ApprovalCode'

2021-06-22 01:24:34 - [MESSAGE][PASSED] - Object 'Object Repository/VLink/Page_CCSale/txt_CardName' is present

2021-06-22 01:24:35 - [MESSAGE][PASSED] - Text 'Arvind Silva' is set on object 'Object Repository/VLink/Page_CCSale/txt_CardName'

2021-06-22 01:24:35 - [MESSAGE][PASSED] - Object 'Object Repository/VLink/Page_CCSale/txt_AL1' is present

2021-06-22 01:24:36 - [MESSAGE][PASSED] - Text '111 Main Ave' is set on object 'Object Repository/VLink/Page_CCSale/txt_AL1'

2021-06-22 01:24:36 - [MESSAGE][PASSED] - Object 'Object Repository/VLink/Page_CCSale/txt_AL2' is present

2021-06-22 01:24:37 - [MESSAGE][PASSED] - Text '' is set on object 'Object Repository/VLink/Page_CCSale/txt_AL2'

2021-06-22 01:24:37 - [MESSAGE][PASSED] - Object 'Object Repository/VLink/Page_CCSale/txt_CardCity' is present

2021-06-22 01:24:37 - [MESSAGE][PASSED] - Text 'Arlington' is set on object 'Object Repository/VLink/Page_CCSale/txt_CardCity'

2021-06-22 01:24:38 - [MESSAGE][PASSED] - Object 'Object Repository/VLink/Page_CCSale/txt_CardState' is present

2021-06-22 01:24:38 - [MESSAGE][PASSED] - Text 'VA' is set on object 'Object Repository/VLink/Page_CCSale/txt_CardState'

2021-06-22 01:24:39 - [MESSAGE][PASSED] - Object 'Object Repository/VLink/Page_CCSale/txt_CardZIP' is present

2021-06-22 01:24:39 - [MESSAGE][PASSED] - Text '22201' is set on object 'Object Repository/VLink/Page_CCSale/txt_CardZIP'

2021-06-22 01:24:40 - [MESSAGE][PASSED] - Object 'Object Repository/VLink/Page_CCSale/txt_CountryID' is present

2021-06-22 01:24:40 - [MESSAGE][PASSED] - Text '' is set on object 'Object Repository/VLink/Page_CCSale/txt_CountryID'

2021-06-22 01:24:41 - [MESSAGE][PASSED] - Object 'Object Repository/VLink/Page_CCSale/txt_Amount' is present

2021-06-22 01:24:41 - [MESSAGE][PASSED] - Text '2.50' is set on object 'Object Repository/VLink/Page_CCSale/txt_Amount'

2021-06-22 01:24:42 - [MESSAGE][PASSED] - Object 'Object Repository/VLink/Page_CCSale/txt_CardNumber' is present

2021-06-22 01:24:43 - [MESSAGE][PASSED] - Text '5424000000000015' is set on object 'Object Repository/VLink/Page_CCSale/txt_CardNumber'

2021-06-22 01:24:43 - [MESSAGE][PASSED] - Object 'Object Repository/VLink/Page_CCSale/txt_ExpMonth' is present

2021-06-22 01:24:44 - [MESSAGE][PASSED] - Text '01' is set on object 'Object Repository/VLink/Page_CCSale/txt_ExpMonth'

2021-06-22 01:24:44 - [MESSAGE][PASSED] - Object 'Object Repository/VLink/Page_CCSale/txt_ExpYear' is present

2021-06-22 01:24:44 - [MESSAGE][PASSED] - Text '2026' is set on object 'Object Repository/VLink/Page_CCSale/txt_ExpYear'

2021-06-22 01:24:45 - [MESSAGE][PASSED] - Object 'Object Repository/VLink/Page_CCSale/txt_CVV' is present

2021-06-22 01:24:46 - [MESSAGE][PASSED] - Text '' is set on object 'Object Repository/VLink/Page_CCSale/txt_CVV'

2021-06-22 01:24:46 - [MESSAGE][PASSED] - Object 'Object Repository/VLink/Page_CCSale/txt_CVVstate' is present

2021-06-22 01:24:47 - [MESSAGE][PASSED] - Text '' is set on object 'Object Repository/VLink/Page_CCSale/txt_CVVstate'

2021-06-22 01:24:47 - [MESSAGE][PASSED] - Object 'Object Repository/VLink/Page_CCSale/txt_TrackData' is present

2021-06-22 01:24:48 - [MESSAGE][PASSED] - Text '' is set on object 'Object Repository/VLink/Page_CCSale/txt_TrackData'

2021-06-22 01:24:48 - [MESSAGE][PASSED] - Object 'Object Repository/VLink/Page_CCSale/txt_Track1Data' is present

2021-06-22 01:24:48 - [MESSAGE][PASSED] - Text '' is set on object 'Object Repository/VLink/Page_CCSale/txt_Track1Data'

2021-06-22 01:24:49 - [MESSAGE][PASSED] - Object 'Object Repository/VLink/Page_CCSale/txt_Track2Data' is present

2021-06-22 01:24:49 - [MESSAGE][PASSED] - Text '' is set on object 'Object Repository/VLink/Page_CCSale/txt_Track2Data'

2021-06-22 01:24:50 - [MESSAGE][PASSED] - Object 'Object Repository/VLink/Page_CCSale/txt_POSEntryMode' is present

2021-06-22 01:24:50 - [MESSAGE][PASSED] - Text 'manual' is set on object 'Object Repository/VLink/Page_CCSale/txt_POSEntryMode'

2021-06-22 01:24:51 - [MESSAGE][PASSED] - Object 'Object Repository/VLink/Page_CCSale/txt_Email' is present

2021-06-22 01:24:51 - [MESSAGE][PASSED] - Text '' is set on object 'Object Repository/VLink/Page_CCSale/txt_Email'

2021-06-22 01:24:52 - [MESSAGE][PASSED] - Object 'Object Repository/VLink/Page_CCSale/txt_OrderNumber' is present

2021-06-22 01:24:52 - [MESSAGE][PASSED] - Text '' is set on object 'Object Repository/VLink/Page_CCSale/txt_OrderNumber'

2021-06-22 01:24:53 - [MESSAGE][PASSED] - Object 'Object Repository/VLink/Page_CCSale/txt_TaxAmount' is present

2021-06-22 01:24:53 - [MESSAGE][PASSED] - Text '' is set on object 'Object Repository/VLink/Page_CCSale/txt_TaxAmount'

2021-06-22 01:24:54 - [MESSAGE][PASSED] - Object 'Object Repository/VLink/Page_CCSale/txt_ChargeDescription' is present

2021-06-22 01:24:54 - [MESSAGE][PASSED] - Text '' is set on object 'Object Repository/VLink/Page_CCSale/txt_ChargeDescription'

2021-06-22 01:24:55 - [MESSAGE][PASSED] - Object 'Object Repository/VLink/Page_CCSale/txt_CAN' is present

2021-06-22 01:24:55 - [MESSAGE][PASSED] - Text '' is set on object 'Object Repository/VLink/Page_CCSale/txt_CAN'

2021-06-22 01:24:56 - [MESSAGE][PASSED] - Object 'Object Repository/VLink/Page_CCSale/txt_BillPaymentIndicator' is present

2021-06-22 01:24:56 - [MESSAGE][PASSED] - Text '' is set on object 'Object Repository/VLink/Page_CCSale/txt_BillPaymentIndicator'

2021-06-22 01:24:57 - [MESSAGE][PASSED] - Object 'Object Repository/VLink/Page_CCSale/txt_UDF1' is present

2021-06-22 01:24:57 - [MESSAGE][PASSED] - Text '' is set on object 'Object Repository/VLink/Page_CCSale/txt_UDF1'

2021-06-22 01:24:58 - [MESSAGE][PASSED] - Object 'Object Repository/VLink/Page_CCSale/txt_UDF2' is present

2021-06-22 01:24:58 - [MESSAGE][PASSED] - Text '' is set on object 'Object Repository/VLink/Page_CCSale/txt_UDF2'

2021-06-22 01:24:59 - [MESSAGE][PASSED] - Object 'Object Repository/VLink/Page_CCSale/txt_UDF3' is present

2021-06-22 01:24:59 - [MESSAGE][PASSED] - Text '' is set on object 'Object Repository/VLink/Page_CCSale/txt_UDF3'

2021-06-22 01:25:00 - [MESSAGE][PASSED] - Object 'Object Repository/VLink/Page_CCSale/txt_UDF4' is present

2021-06-22 01:25:00 - [MESSAGE][PASSED] - Text '' is set on object 'Object Repository/VLink/Page_CCSale/txt_UDF4'

2021-06-22 01:25:01 - [MESSAGE][PASSED] - Object 'Object Repository/VLink/Page_CCSale/txt_UDF5' is present

2021-06-22 01:25:01 - [MESSAGE][PASSED] - Text '' is set on object 'Object Repository/VLink/Page_CCSale/txt_UDF5'

2021-06-22 01:25:02 - [MESSAGE][PASSED] - Object 'Object Repository/VLink/Page_CCSale/txt_UDF6' is present

2021-06-22 01:25:02 - [MESSAGE][PASSED] - Text '' is set on object 'Object Repository/VLink/Page_CCSale/txt_UDF6'

2021-06-22 01:25:03 - [MESSAGE][PASSED] - Object 'Object Repository/VLink/Page_CCSale/txt_UDF7' is present

2021-06-22 01:25:03 - [MESSAGE][PASSED] - Text '' is set on object 'Object Repository/VLink/Page_CCSale/txt_UDF7'

2021-06-22 01:25:04 - [MESSAGE][PASSED] - Object 'Object Repository/VLink/Page_CCSale/txt_UDF8' is present

2021-06-22 01:25:04 - [MESSAGE][PASSED] - Text '' is set on object 'Object Repository/VLink/Page_CCSale/txt_UDF8'

2021-06-22 01:25:05 - [MESSAGE][PASSED] - Object 'Object Repository/VLink/Page_CCSale/txt_UDF9' is present

2021-06-22 01:25:05 - [MESSAGE][PASSED] - Text '' is set on object 'Object Repository/VLink/Page_CCSale/txt_UDF9'

2021-06-22 01:25:06 - [MESSAGE][PASSED] - Object 'Object Repository/VLink/Page_CCSale/txt_UDF10' is present

2021-06-22 01:25:06 - [MESSAGE][PASSED] - Text '' is set on object 'Object Repository/VLink/Page_CCSale/txt_UDF10'

2021-06-22 01:25:07 - [MESSAGE][PASSED] - Object 'Object Repository/VLink/Page_CCSale/txt_CardOnFileIndicator' is present

2021-06-22 01:25:07 - [MESSAGE][PASSED] - Text '' is set on object 'Object Repository/VLink/Page_CCSale/txt_CardOnFileIndicator'

2021-06-22 01:25:08 - [MESSAGE][PASSED] - Object 'Object Repository/VLink/Page_CCSale/txt_StoredCredentialIndicator' is present

2021-06-22 01:25:08 - [MESSAGE][PASSED] - Text '' is set on object 'Object Repository/VLink/Page_CCSale/txt_StoredCredentialIndicator'

2021-06-22 01:25:09 - [MESSAGE][PASSED] - Object 'Object Repository/VLink/Page_CCSale/txt_COFScheduledIndicator' is present

2021-06-22 01:25:09 - [MESSAGE][PASSED] - Text '' is set on object 'Object Repository/VLink/Page_CCSale/txt_COFScheduledIndicator'

2021-06-22 01:25:10 - [MESSAGE][PASSED] - Object 'Object Repository/VLink/Page_CCSale/txt_COFTransactionInitiatedBy' is present

2021-06-22 01:25:10 - [MESSAGE][PASSED] - Text '' is set on object 'Object Repository/VLink/Page_CCSale/txt_COFTransactionInitiatedBy'

2021-06-22 01:25:16 - [MESSAGE][PASSED] - Object: 'Object Repository/VLink/Page_CCSale/btn_ProcessVLinkTransaction' is clicked on

2021-06-22 01:25:21 - [MESSAGE][PASSED] - vlinkPages.saleCCPage.setDataSCC is PASSED

2021-06-22 01:25:21 - [TEST_STEP][PASSED] - if (verifyTextPresent("Transaction approved, no errors", true)): null

2021-06-22 01:25:22 - [MESSAGE][PASSED] - Text 'Transaction approved, no errors' is present on page  using regular expression

2021-06-22 01:25:22 - [TEST_STEP][PASSED] - println("Transaction Approved, no errors text is present on the Confirmation page"): null

2021-06-22 01:25:22 - [TEST_STEP][PASSED] - out.println("Pass Record Number: " + row): null

2021-06-22 01:25:22 - [TEST_STEP][PASSED] - resText = "Pass": null

2021-06-22 01:25:22 - [TEST_STEP][PASSED] - pages.WriteExcel.demoKey(resText, datText, resColumn, datCloumn, fileLoc, nameSheet, row): pages.WriteExcel.demoKey is PASSED

2021-06-22 01:25:22 - [MESSAGE][PASSED] - pages.WriteExcel.demoKey is PASSED

2021-06-22 01:25:22 - [TEST_STEP][PASSED] - sdfo = getText(findTestObject("Object Repository/Page_VLinkReceipt/pre_STX")): Text of object 'Object Repository/Page_VLinkReceipt/pre_STX' is: '<STX>CjlaV49DphMa                  12098366            0  Transaction approved, no errors                   0                                                                                  Y 006306   <ETX>'

2021-06-22 01:25:22 - [MESSAGE][PASSED] - Text of object 'Object Repository/Page_VLinkReceipt/pre_STX' is: '<STX>CjlaV49DphMa                  12098366            0  Transaction approved, no errors                   0                                                                                  Y 006306   <ETX>'

2021-06-22 01:25:22 - [TEST_STEP][PASSED] - out.println("sdfo: " + sdfo): null

2021-06-22 01:25:22 - [TEST_STEP][PASSED] - remID = substring(5, 35).trim(): null

2021-06-22 01:25:22 - [TEST_STEP][PASSED] - out.println("Remittance ID: " + remID): null

2021-06-22 01:25:22 - [TEST_STEP][PASSED] - traxID = substring(35, 55).trim(): null

2021-06-22 01:25:22 - [TEST_STEP][PASSED] - out.println("Transaction ID: " + traxID): null

2021-06-22 01:25:22 - [TEST_STEP][PASSED] - out.println("End Record Number: " + row): null

2021-06-22 01:25:22 - [TEST_STEP][PASSED] - closeBrowser(): Browser is closed

2021-06-22 01:25:23 - [MESSAGE][PASSED] - Browser is closed

2021-06-22 01:25:23 - [TEST_STEP][PASSED] - out.println("Begin Record Number: " + row): null

2021-06-22 01:25:23 - [TEST_STEP][PASSED] - today = new java.util.Date(): null

2021-06-22 01:25:23 - [TEST_STEP][PASSED] - println(today): null

2021-06-22 01:25:23 - [TEST_STEP][PASSED] - datText = today: null

2021-06-22 01:25:23 - [TEST_STEP][PASSED] - openBrowser(VLinkURL + "authcap.html"): Browser is opened with url: 'https://dev-algorithm.govolution.com/vlinktest/QA/version_2_0/authcap.html'

2021-06-22 01:25:23 - [MESSAGE][INFO] - Starting 'Chrome' driver

2021-06-22 01:25:23 - [MESSAGE][INFO] - User set preference: ['acceptInsecureCerts', 'true']

2021-06-22 01:25:23 - [MESSAGE][INFO] - Action delay is set to 0 milliseconds

2021-06-22 01:25:24 - [MESSAGE][PASSED] - Browser is opened with url: 'https://dev-algorithm.govolution.com/vlinktest/QA/version_2_0/authcap.html'

2021-06-22 01:25:24 - [TEST_STEP][PASSED] - maximizeWindow(): Current window maximized

2021-06-22 01:25:25 - [MESSAGE][PASSED] - Current window maximized

2021-06-22 01:25:25 - [TEST_STEP][PASSED] - vlinkPages.saleCCPage.setDataSCC(row, dataFile): vlinkPages.saleCCPage.setDataSCC is PASSED

2021-06-22 01:25:27 - [MESSAGE][PASSED] - Object 'Object Repository/VLink/Page_CCSale/txt_CardNumber' is present

2021-06-22 01:25:28 - [MESSAGE][PASSED] - Object 'Object Repository/VLink/Page_CCSale/txt_TransactionType' is present

2021-06-22 01:25:28 - [MESSAGE][PASSED] - Text '104' is set on object 'Object Repository/VLink/Page_CCSale/txt_TransactionType'

2021-06-22 01:25:29 - [MESSAGE][PASSED] - Object 'Object Repository/VLink/Page_CCSale/txt_MessageVersion' is present

2021-06-22 01:25:29 - [MESSAGE][PASSED] - Text '2.0C' is set on object 'Object Repository/VLink/Page_CCSale/txt_MessageVersion'

2021-06-22 01:25:29 - [MESSAGE][PASSED] - Object 'Object Repository/VLink/Page_CCSale/txt_RemID' is present

2021-06-22 01:25:30 - [MESSAGE][PASSED] - Text 'kx2eyMdiaqLy' is set on object 'Object Repository/VLink/Page_CCSale/txt_RemID'

2021-06-22 01:25:30 - [MESSAGE][PASSED] - Object 'Object Repository/VLink/Page_CCSale/txt_ApplicationId' is present

2021-06-22 01:25:31 - [MESSAGE][PASSED] - Text '667' is set on object 'Object Repository/VLink/Page_CCSale/txt_ApplicationId'

2021-06-22 01:25:31 - [MESSAGE][PASSED] - Object 'Object Repository/VLink/Page_CCSale/txt_Username' is present

2021-06-22 01:25:32 - [MESSAGE][PASSED] - Text 'username' is set on object 'Object Repository/VLink/Page_CCSale/txt_Username'

2021-06-22 01:25:32 - [MESSAGE][PASSED] - Object 'Object Repository/VLink/Page_CCSale/txt_Password' is present

2021-06-22 01:25:33 - [MESSAGE][PASSED] - Text 'password' is set on object 'Object Repository/VLink/Page_CCSale/txt_Password'

2021-06-22 01:25:33 - [MESSAGE][PASSED] - Object 'Object Repository/VLink/Page_CCSale/txt_ResponseFormat' is present

2021-06-22 01:25:34 - [MESSAGE][PASSED] - Text 'fixed_width' is set on object 'Object Repository/VLink/Page_CCSale/txt_ResponseFormat'

2021-06-22 01:25:34 - [MESSAGE][PASSED] - Object 'Object Repository/VLink/Page_CCSale/txt_Category' is present

2021-06-22 01:25:35 - [MESSAGE][PASSED] - Text 'ECOM' is set on object 'Object Repository/VLink/Page_CCSale/txt_Category'

2021-06-22 01:25:35 - [MESSAGE][PASSED] - Object 'Object Repository/VLink/Page_CCSale/txt_TransactionID' is present

2021-06-22 01:25:35 - [MESSAGE][PASSED] - Text '' is set on object 'Object Repository/VLink/Page_CCSale/txt_TransactionID'

2021-06-22 01:25:36 - [MESSAGE][PASSED] - Object 'Object Repository/VLink/Page_CCSale/txt_ApprovalCode' is present

2021-06-22 01:25:36 - [MESSAGE][PASSED] - Text '' is set on object 'Object Repository/VLink/Page_CCSale/txt_ApprovalCode'

2021-06-22 01:25:37 - [MESSAGE][PASSED] - Object 'Object Repository/VLink/Page_CCSale/txt_CardName' is present

2021-06-22 01:25:37 - [MESSAGE][PASSED] - Text 'Roshan Maha' is set on object 'Object Repository/VLink/Page_CCSale/txt_CardName'

2021-06-22 01:25:38 - [MESSAGE][PASSED] - Object 'Object Repository/VLink/Page_CCSale/txt_AL1' is present

2021-06-22 01:25:38 - [MESSAGE][PASSED] - Text '12563 Bazaar road' is set on object 'Object Repository/VLink/Page_CCSale/txt_AL1'

2021-06-22 01:25:39 - [MESSAGE][PASSED] - Object 'Object Repository/VLink/Page_CCSale/txt_AL2' is present

2021-06-22 01:25:39 - [MESSAGE][PASSED] - Text '' is set on object 'Object Repository/VLink/Page_CCSale/txt_AL2'

2021-06-22 01:25:40 - [MESSAGE][PASSED] - Object 'Object Repository/VLink/Page_CCSale/txt_CardCity' is present

2021-06-22 01:25:40 - [MESSAGE][PASSED] - Text 'Crofton' is set on object 'Object Repository/VLink/Page_CCSale/txt_CardCity'

2021-06-22 01:25:41 - [MESSAGE][PASSED] - Object 'Object Repository/VLink/Page_CCSale/txt_CardState' is present

2021-06-22 01:25:41 - [MESSAGE][PASSED] - Text 'MD' is set on object 'Object Repository/VLink/Page_CCSale/txt_CardState'

2021-06-22 01:25:42 - [MESSAGE][PASSED] - Object 'Object Repository/VLink/Page_CCSale/txt_CardZIP' is present

2021-06-22 01:25:42 - [MESSAGE][PASSED] - Text '21114' is set on object 'Object Repository/VLink/Page_CCSale/txt_CardZIP'

2021-06-22 01:25:43 - [MESSAGE][PASSED] - Object 'Object Repository/VLink/Page_CCSale/txt_CountryID' is present

2021-06-22 01:25:43 - [MESSAGE][PASSED] - Text '' is set on object 'Object Repository/VLink/Page_CCSale/txt_CountryID'

2021-06-22 01:25:44 - [MESSAGE][PASSED] - Object 'Object Repository/VLink/Page_CCSale/txt_Amount' is present

2021-06-22 01:25:44 - [MESSAGE][PASSED] - Text '3.50' is set on object 'Object Repository/VLink/Page_CCSale/txt_Amount'

2021-06-22 01:25:44 - [MESSAGE][PASSED] - Object 'Object Repository/VLink/Page_CCSale/txt_CardNumber' is present

2021-06-22 01:25:45 - [MESSAGE][PASSED] - Text '370000000000002' is set on object 'Object Repository/VLink/Page_CCSale/txt_CardNumber'

2021-06-22 01:25:45 - [MESSAGE][PASSED] - Object 'Object Repository/VLink/Page_CCSale/txt_ExpMonth' is present

2021-06-22 01:25:46 - [MESSAGE][PASSED] - Text '01' is set on object 'Object Repository/VLink/Page_CCSale/txt_ExpMonth'

2021-06-22 01:25:46 - [MESSAGE][PASSED] - Object 'Object Repository/VLink/Page_CCSale/txt_ExpYear' is present

2021-06-22 01:25:47 - [MESSAGE][PASSED] - Text '2026' is set on object 'Object Repository/VLink/Page_CCSale/txt_ExpYear'

2021-06-22 01:25:47 - [MESSAGE][PASSED] - Object 'Object Repository/VLink/Page_CCSale/txt_CVV' is present

2021-06-22 01:25:48 - [MESSAGE][PASSED] - Text '' is set on object 'Object Repository/VLink/Page_CCSale/txt_CVV'

2021-06-22 01:25:48 - [MESSAGE][PASSED] - Object 'Object Repository/VLink/Page_CCSale/txt_CVVstate' is present

2021-06-22 01:25:49 - [MESSAGE][PASSED] - Text '' is set on object 'Object Repository/VLink/Page_CCSale/txt_CVVstate'

2021-06-22 01:25:49 - [MESSAGE][PASSED] - Object 'Object Repository/VLink/Page_CCSale/txt_TrackData' is present

2021-06-22 01:25:50 - [MESSAGE][PASSED] - Text '' is set on object 'Object Repository/VLink/Page_CCSale/txt_TrackData'

2021-06-22 01:25:50 - [MESSAGE][PASSED] - Object 'Object Repository/VLink/Page_CCSale/txt_Track1Data' is present

2021-06-22 01:25:51 - [MESSAGE][PASSED] - Text '' is set on object 'Object Repository/VLink/Page_CCSale/txt_Track1Data'

2021-06-22 01:25:51 - [MESSAGE][PASSED] - Object 'Object Repository/VLink/Page_CCSale/txt_Track2Data' is present

2021-06-22 01:25:52 - [MESSAGE][PASSED] - Text '' is set on object 'Object Repository/VLink/Page_CCSale/txt_Track2Data'

2021-06-22 01:25:52 - [MESSAGE][PASSED] - Object 'Object Repository/VLink/Page_CCSale/txt_POSEntryMode' is present

2021-06-22 01:25:53 - [MESSAGE][PASSED] - Text 'manual' is set on object 'Object Repository/VLink/Page_CCSale/txt_POSEntryMode'

2021-06-22 01:25:53 - [MESSAGE][PASSED] - Object 'Object Repository/VLink/Page_CCSale/txt_Email' is present

2021-06-22 01:25:54 - [MESSAGE][PASSED] - Text '' is set on object 'Object Repository/VLink/Page_CCSale/txt_Email'

2021-06-22 01:25:54 - [MESSAGE][PASSED] - Object 'Object Repository/VLink/Page_CCSale/txt_OrderNumber' is present

2021-06-22 01:25:55 - [MESSAGE][PASSED] - Text '' is set on object 'Object Repository/VLink/Page_CCSale/txt_OrderNumber'

2021-06-22 01:25:55 - [MESSAGE][PASSED] - Object 'Object Repository/VLink/Page_CCSale/txt_TaxAmount' is present

2021-06-22 01:25:56 - [MESSAGE][PASSED] - Text '' is set on object 'Object Repository/VLink/Page_CCSale/txt_TaxAmount'

2021-06-22 01:25:56 - [MESSAGE][PASSED] - Object 'Object Repository/VLink/Page_CCSale/txt_ChargeDescription' is present

2021-06-22 01:25:57 - [MESSAGE][PASSED] - Text '' is set on object 'Object Repository/VLink/Page_CCSale/txt_ChargeDescription'

2021-06-22 01:25:57 - [MESSAGE][PASSED] - Object 'Object Repository/VLink/Page_CCSale/txt_CAN' is present

2021-06-22 01:25:58 - [MESSAGE][PASSED] - Text '' is set on object 'Object Repository/VLink/Page_CCSale/txt_CAN'

2021-06-22 01:25:58 - [MESSAGE][PASSED] - Object 'Object Repository/VLink/Page_CCSale/txt_BillPaymentIndicator' is present

2021-06-22 01:25:59 - [MESSAGE][PASSED] - Text '' is set on object 'Object Repository/VLink/Page_CCSale/txt_BillPaymentIndicator'

2021-06-22 01:25:59 - [MESSAGE][PASSED] - Object 'Object Repository/VLink/Page_CCSale/txt_UDF1' is present

2021-06-22 01:26:00 - [MESSAGE][PASSED] - Text '' is set on object 'Object Repository/VLink/Page_CCSale/txt_UDF1'

2021-06-22 01:26:00 - [MESSAGE][PASSED] - Object 'Object Repository/VLink/Page_CCSale/txt_UDF2' is present

2021-06-22 01:26:01 - [MESSAGE][PASSED] - Text '' is set on object 'Object Repository/VLink/Page_CCSale/txt_UDF2'

2021-06-22 01:26:01 - [MESSAGE][PASSED] - Object 'Object Repository/VLink/Page_CCSale/txt_UDF3' is present

2021-06-22 01:26:02 - [MESSAGE][PASSED] - Text '' is set on object 'Object Repository/VLink/Page_CCSale/txt_UDF3'

2021-06-22 01:26:02 - [MESSAGE][PASSED] - Object 'Object Repository/VLink/Page_CCSale/txt_UDF4' is present

2021-06-22 01:26:03 - [MESSAGE][PASSED] - Text '' is set on object 'Object Repository/VLink/Page_CCSale/txt_UDF4'

2021-06-22 01:26:03 - [MESSAGE][PASSED] - Object 'Object Repository/VLink/Page_CCSale/txt_UDF5' is present

2021-06-22 01:26:04 - [MESSAGE][PASSED] - Text '' is set on object 'Object Repository/VLink/Page_CCSale/txt_UDF5'

2021-06-22 01:26:04 - [MESSAGE][PASSED] - Object 'Object Repository/VLink/Page_CCSale/txt_UDF6' is present

2021-06-22 01:26:05 - [MESSAGE][PASSED] - Text '' is set on object 'Object Repository/VLink/Page_CCSale/txt_UDF6'

2021-06-22 01:26:05 - [MESSAGE][PASSED] - Object 'Object Repository/VLink/Page_CCSale/txt_UDF7' is present

2021-06-22 01:26:06 - [MESSAGE][PASSED] - Text '' is set on object 'Object Repository/VLink/Page_CCSale/txt_UDF7'

2021-06-22 01:26:06 - [MESSAGE][PASSED] - Object 'Object Repository/VLink/Page_CCSale/txt_UDF8' is present

2021-06-22 01:26:07 - [MESSAGE][PASSED] - Text '' is set on object 'Object Repository/VLink/Page_CCSale/txt_UDF8'

2021-06-22 01:26:07 - [MESSAGE][PASSED] - Object 'Object Repository/VLink/Page_CCSale/txt_UDF9' is present

2021-06-22 01:26:08 - [MESSAGE][PASSED] - Text '' is set on object 'Object Repository/VLink/Page_CCSale/txt_UDF9'

2021-06-22 01:26:08 - [MESSAGE][PASSED] - Object 'Object Repository/VLink/Page_CCSale/txt_UDF10' is present

2021-06-22 01:26:09 - [MESSAGE][PASSED] - Text '' is set on object 'Object Repository/VLink/Page_CCSale/txt_UDF10'

2021-06-22 01:26:09 - [MESSAGE][PASSED] - Object 'Object Repository/VLink/Page_CCSale/txt_CardOnFileIndicator' is present

2021-06-22 01:26:10 - [MESSAGE][PASSED] - Text '' is set on object 'Object Repository/VLink/Page_CCSale/txt_CardOnFileIndicator'

2021-06-22 01:26:10 - [MESSAGE][PASSED] - Object 'Object Repository/VLink/Page_CCSale/txt_StoredCredentialIndicator' is present

2021-06-22 01:26:11 - [MESSAGE][PASSED] - Text '' is set on object 'Object Repository/VLink/Page_CCSale/txt_StoredCredentialIndicator'

2021-06-22 01:26:11 - [MESSAGE][PASSED] - Object 'Object Repository/VLink/Page_CCSale/txt_COFScheduledIndicator' is present

2021-06-22 01:26:11 - [MESSAGE][PASSED] - Text '' is set on object 'Object Repository/VLink/Page_CCSale/txt_COFScheduledIndicator'

2021-06-22 01:26:12 - [MESSAGE][PASSED] - Object 'Object Repository/VLink/Page_CCSale/txt_COFTransactionInitiatedBy' is present

2021-06-22 01:26:12 - [MESSAGE][PASSED] - Text '' is set on object 'Object Repository/VLink/Page_CCSale/txt_COFTransactionInitiatedBy'

2021-06-22 01:26:17 - [MESSAGE][PASSED] - Object: 'Object Repository/VLink/Page_CCSale/btn_ProcessVLinkTransaction' is clicked on

2021-06-22 01:26:22 - [MESSAGE][PASSED] - vlinkPages.saleCCPage.setDataSCC is PASSED

2021-06-22 01:26:22 - [TEST_STEP][FAILED] - if (verifyTextPresent("Transaction approved, no errors", true)): Text 'Transaction approved, no errors' is not present on page  using regular expression (Root cause: com.kms.katalon.core.exception.StepFailedException: Text 'Transaction approved, no errors' is not present on page  using regular expression
	at com.kms.katalon.core.webui.keyword.internal.WebUIKeywordMain.stepFailed(WebUIKeywordMain.groovy:64)
	at com.kms.katalon.core.webui.keyword.builtin.VerifyTextPresentKeyword$_verifyTextPresent_closure1.doCall(VerifyTextPresentKeyword.groovy:79)
	at com.kms.katalon.core.webui.keyword.builtin.VerifyTextPresentKeyword$_verifyTextPresent_closure1.call(VerifyTextPresentKeyword.groovy)
	at com.kms.katalon.core.webui.keyword.internal.WebUIKeywordMain.runKeyword(WebUIKeywordMain.groovy:20)
	at com.kms.katalon.core.webui.keyword.builtin.VerifyTextPresentKeyword.verifyTextPresent(VerifyTextPresentKeyword.groovy:83)
	at com.kms.katalon.core.webui.keyword.builtin.VerifyTextPresentKeyword.execute(VerifyTextPresentKeyword.groovy:68)
	at com.kms.katalon.core.keyword.internal.KeywordExecutor.executeKeywordForPlatform(KeywordExecutor.groovy:72)
	at com.kms.katalon.core.webui.keyword.WebUiBuiltInKeywords.verifyTextPresent(WebUiBuiltInKeywords.groovy:1719)
	at com.kms.katalon.core.webui.keyword.WebUiBuiltInKeywords$verifyTextPresent$4.call(Unknown Source)
	at VLinkSale-Successful.run(VLinkSale-Successful:76)
	at com.kms.katalon.core.main.ScriptEngine.run(ScriptEngine.java:194)
	at com.kms.katalon.core.main.ScriptEngine.runScriptAsRawText(ScriptEngine.java:119)
	at com.kms.katalon.core.main.TestCaseExecutor.runScript(TestCaseExecutor.java:337)
	at com.kms.katalon.core.main.TestCaseExecutor.doExecute(TestCaseExecutor.java:328)
	at com.kms.katalon.core.main.TestCaseExecutor.processExecutionPhase(TestCaseExecutor.java:307)
	at com.kms.katalon.core.main.TestCaseExecutor.accessMainPhase(TestCaseExecutor.java:299)
	at com.kms.katalon.core.main.TestCaseExecutor.execute(TestCaseExecutor.java:233)
	at com.kms.katalon.core.main.TestSuiteExecutor.accessTestCaseMainPhase(TestSuiteExecutor.java:169)
	at com.kms.katalon.core.main.TestSuiteExecutor.accessTestSuiteMainPhase(TestSuiteExecutor.java:142)
	at com.kms.katalon.core.main.TestSuiteExecutor.execute(TestSuiteExecutor.java:91)
	at com.kms.katalon.core.main.TestCaseMain.startTestSuite(TestCaseMain.java:157)
	at com.kms.katalon.core.main.TestCaseMain$startTestSuite$0.call(Unknown Source)
	at TempTestSuite1624337272106.run(TempTestSuite1624337272106.groovy:37)
)

2021-06-22 01:26:22 - [MESSAGE][FAILED] - Text 'Transaction approved, no errors' is not present on page  using regular expression (Root cause: com.kms.katalon.core.exception.StepFailedException: Text 'Transaction approved, no errors' is not present on page  using regular expression
	at com.kms.katalon.core.webui.keyword.internal.WebUIKeywordMain.stepFailed(WebUIKeywordMain.groovy:64)
	at com.kms.katalon.core.webui.keyword.builtin.VerifyTextPresentKeyword$_verifyTextPresent_closure1.doCall(VerifyTextPresentKeyword.groovy:79)
	at com.kms.katalon.core.webui.keyword.builtin.VerifyTextPresentKeyword$_verifyTextPresent_closure1.call(VerifyTextPresentKeyword.groovy)
	at com.kms.katalon.core.webui.keyword.internal.WebUIKeywordMain.runKeyword(WebUIKeywordMain.groovy:20)
	at com.kms.katalon.core.webui.keyword.builtin.VerifyTextPresentKeyword.verifyTextPresent(VerifyTextPresentKeyword.groovy:83)
	at com.kms.katalon.core.webui.keyword.builtin.VerifyTextPresentKeyword.execute(VerifyTextPresentKeyword.groovy:68)
	at com.kms.katalon.core.keyword.internal.KeywordExecutor.executeKeywordForPlatform(KeywordExecutor.groovy:72)
	at com.kms.katalon.core.webui.keyword.WebUiBuiltInKeywords.verifyTextPresent(WebUiBuiltInKeywords.groovy:1719)
	at com.kms.katalon.core.webui.keyword.WebUiBuiltInKeywords$verifyTextPresent$4.call(Unknown Source)
	at VLinkSale-Successful.run(VLinkSale-Successful:76)
	at com.kms.katalon.core.main.ScriptEngine.run(ScriptEngine.java:194)
	at com.kms.katalon.core.main.ScriptEngine.runScriptAsRawText(ScriptEngine.java:119)
	at com.kms.katalon.core.main.TestCaseExecutor.runScript(TestCaseExecutor.java:337)
	at com.kms.katalon.core.main.TestCaseExecutor.doExecute(TestCaseExecutor.java:328)
	at com.kms.katalon.core.main.TestCaseExecutor.processExecutionPhase(TestCaseExecutor.java:307)
	at com.kms.katalon.core.main.TestCaseExecutor.accessMainPhase(TestCaseExecutor.java:299)
	at com.kms.katalon.core.main.TestCaseExecutor.execute(TestCaseExecutor.java:233)
	at com.kms.katalon.core.main.TestSuiteExecutor.accessTestCaseMainPhase(TestSuiteExecutor.java:169)
	at com.kms.katalon.core.main.TestSuiteExecutor.accessTestSuiteMainPhase(TestSuiteExecutor.java:142)
	at com.kms.katalon.core.main.TestSuiteExecutor.execute(TestSuiteExecutor.java:91)
	at com.kms.katalon.core.main.TestCaseMain.startTestSuite(TestCaseMain.java:157)
	at com.kms.katalon.core.main.TestCaseMain$startTestSuite$0.call(Unknown Source)
	at TempTestSuite1624337272106.run(TempTestSuite1624337272106.groovy:37)
)

2021-06-22 01:26:22 - [TEST_STEP][PASSED] - else: pages.WriteExcel.demoKey is PASSED

2021-06-22 01:26:22 - [TEST_STEP][PASSED] - println("Transaction Approved, no errors text is not present on the Confirmation page"): null

2021-06-22 01:26:22 - [TEST_STEP][PASSED] - out.println("Fail Record Number: " + row): null

2021-06-22 01:26:22 - [TEST_STEP][PASSED] - resText = "Fail": null

2021-06-22 01:26:22 - [TEST_STEP][PASSED] - pages.WriteExcel.demoKey(resText, datText, resColumn, datCloumn, fileLoc, nameSheet, row): pages.WriteExcel.demoKey is PASSED

2021-06-22 01:26:22 - [MESSAGE][PASSED] - pages.WriteExcel.demoKey is PASSED

2021-06-22 01:26:22 - [TEST_STEP][PASSED] - sdfo = getText(findTestObject("Object Repository/Page_VLinkReceipt/pre_STX")): Text of object 'Object Repository/Page_VLinkReceipt/pre_STX' is: '<STX>kx2eyMdiaqLy                  12098367            2  Transaction failed                                105Processor reported error                                                        U          <ETX>'

2021-06-22 01:26:23 - [MESSAGE][PASSED] - Text of object 'Object Repository/Page_VLinkReceipt/pre_STX' is: '<STX>kx2eyMdiaqLy                  12098367            2  Transaction failed                                105Processor reported error                                                        U          <ETX>'

2021-06-22 01:26:23 - [TEST_STEP][PASSED] - out.println("sdfo: " + sdfo): null

2021-06-22 01:26:23 - [TEST_STEP][PASSED] - remID = substring(5, 35).trim(): null

2021-06-22 01:26:23 - [TEST_STEP][PASSED] - out.println("Remittance ID: " + remID): null

2021-06-22 01:26:23 - [TEST_STEP][PASSED] - traxID = substring(35, 55).trim(): null

2021-06-22 01:26:23 - [TEST_STEP][PASSED] - out.println("Transaction ID: " + traxID): null

2021-06-22 01:26:23 - [TEST_STEP][PASSED] - out.println("End Record Number: " + row): null

2021-06-22 01:26:23 - [TEST_STEP][PASSED] - closeBrowser(): Browser is closed

2021-06-22 01:26:23 - [MESSAGE][PASSED] - Browser is closed

2021-06-22 01:26:23 - [TEST_STEP][PASSED] - out.println("Begin Record Number: " + row): null

2021-06-22 01:26:23 - [TEST_STEP][PASSED] - today = new java.util.Date(): null

2021-06-22 01:26:23 - [TEST_STEP][PASSED] - println(today): null

2021-06-22 01:26:23 - [TEST_STEP][PASSED] - datText = today: null

2021-06-22 01:26:23 - [TEST_STEP][PASSED] - openBrowser(VLinkURL + "authcap.html"): Browser is opened with url: 'https://dev-algorithm.govolution.com/vlinktest/QA/version_2_0/authcap.html'

2021-06-22 01:26:23 - [MESSAGE][INFO] - Starting 'Chrome' driver

2021-06-22 01:26:23 - [MESSAGE][INFO] - User set preference: ['acceptInsecureCerts', 'true']

2021-06-22 01:26:23 - [MESSAGE][INFO] - Action delay is set to 0 milliseconds

2021-06-22 01:26:25 - [MESSAGE][PASSED] - Browser is opened with url: 'https://dev-algorithm.govolution.com/vlinktest/QA/version_2_0/authcap.html'

2021-06-22 01:26:25 - [TEST_STEP][PASSED] - maximizeWindow(): Current window maximized

2021-06-22 01:26:25 - [MESSAGE][PASSED] - Current window maximized

2021-06-22 01:26:25 - [TEST_STEP][PASSED] - vlinkPages.saleCCPage.setDataSCC(row, dataFile): vlinkPages.saleCCPage.setDataSCC is PASSED

2021-06-22 01:26:27 - [MESSAGE][PASSED] - Object 'Object Repository/VLink/Page_CCSale/txt_CardNumber' is present

2021-06-22 01:26:27 - [MESSAGE][PASSED] - Object 'Object Repository/VLink/Page_CCSale/txt_TransactionType' is present

2021-06-22 01:26:28 - [MESSAGE][PASSED] - Text '104' is set on object 'Object Repository/VLink/Page_CCSale/txt_TransactionType'

2021-06-22 01:26:28 - [MESSAGE][PASSED] - Object 'Object Repository/VLink/Page_CCSale/txt_MessageVersion' is present

2021-06-22 01:26:29 - [MESSAGE][PASSED] - Text '2.0C' is set on object 'Object Repository/VLink/Page_CCSale/txt_MessageVersion'

2021-06-22 01:26:29 - [MESSAGE][PASSED] - Object 'Object Repository/VLink/Page_CCSale/txt_RemID' is present

2021-06-22 01:26:30 - [MESSAGE][PASSED] - Text '7PlMbthe8y6H' is set on object 'Object Repository/VLink/Page_CCSale/txt_RemID'

2021-06-22 01:26:30 - [MESSAGE][PASSED] - Object 'Object Repository/VLink/Page_CCSale/txt_ApplicationId' is present

2021-06-22 01:26:31 - [MESSAGE][PASSED] - Text '667' is set on object 'Object Repository/VLink/Page_CCSale/txt_ApplicationId'

2021-06-22 01:26:31 - [MESSAGE][PASSED] - Object 'Object Repository/VLink/Page_CCSale/txt_Username' is present

2021-06-22 01:26:32 - [MESSAGE][PASSED] - Text 'username' is set on object 'Object Repository/VLink/Page_CCSale/txt_Username'

2021-06-22 01:26:32 - [MESSAGE][PASSED] - Object 'Object Repository/VLink/Page_CCSale/txt_Password' is present

2021-06-22 01:26:32 - [MESSAGE][PASSED] - Text 'password' is set on object 'Object Repository/VLink/Page_CCSale/txt_Password'

2021-06-22 01:26:33 - [MESSAGE][PASSED] - Object 'Object Repository/VLink/Page_CCSale/txt_ResponseFormat' is present

2021-06-22 01:26:33 - [MESSAGE][PASSED] - Text 'fixed_width' is set on object 'Object Repository/VLink/Page_CCSale/txt_ResponseFormat'

2021-06-22 01:26:34 - [MESSAGE][PASSED] - Object 'Object Repository/VLink/Page_CCSale/txt_Category' is present

2021-06-22 01:26:34 - [MESSAGE][PASSED] - Text 'ECOM' is set on object 'Object Repository/VLink/Page_CCSale/txt_Category'

2021-06-22 01:26:35 - [MESSAGE][PASSED] - Object 'Object Repository/VLink/Page_CCSale/txt_TransactionID' is present

2021-06-22 01:26:35 - [MESSAGE][PASSED] - Text '' is set on object 'Object Repository/VLink/Page_CCSale/txt_TransactionID'

2021-06-22 01:26:35 - [MESSAGE][PASSED] - Object 'Object Repository/VLink/Page_CCSale/txt_ApprovalCode' is present

2021-06-22 01:26:36 - [MESSAGE][PASSED] - Text '' is set on object 'Object Repository/VLink/Page_CCSale/txt_ApprovalCode'

2021-06-22 01:26:36 - [MESSAGE][PASSED] - Object 'Object Repository/VLink/Page_CCSale/txt_CardName' is present

2021-06-22 01:26:37 - [MESSAGE][PASSED] - Text 'Kris Roshan' is set on object 'Object Repository/VLink/Page_CCSale/txt_CardName'

2021-06-22 01:26:37 - [MESSAGE][PASSED] - Object 'Object Repository/VLink/Page_CCSale/txt_AL1' is present

2021-06-22 01:26:38 - [MESSAGE][PASSED] - Text '258 Elm Road' is set on object 'Object Repository/VLink/Page_CCSale/txt_AL1'

2021-06-22 01:26:38 - [MESSAGE][PASSED] - Object 'Object Repository/VLink/Page_CCSale/txt_AL2' is present

2021-06-22 01:26:39 - [MESSAGE][PASSED] - Text 'Suite 56' is set on object 'Object Repository/VLink/Page_CCSale/txt_AL2'

2021-06-22 01:26:39 - [MESSAGE][PASSED] - Object 'Object Repository/VLink/Page_CCSale/txt_CardCity' is present

2021-06-22 01:26:40 - [MESSAGE][PASSED] - Text 'Arlington' is set on object 'Object Repository/VLink/Page_CCSale/txt_CardCity'

2021-06-22 01:26:40 - [MESSAGE][PASSED] - Object 'Object Repository/VLink/Page_CCSale/txt_CardState' is present

2021-06-22 01:26:41 - [MESSAGE][PASSED] - Text 'VA' is set on object 'Object Repository/VLink/Page_CCSale/txt_CardState'

2021-06-22 01:26:41 - [MESSAGE][PASSED] - Object 'Object Repository/VLink/Page_CCSale/txt_CardZIP' is present

2021-06-22 01:26:42 - [MESSAGE][PASSED] - Text '22201' is set on object 'Object Repository/VLink/Page_CCSale/txt_CardZIP'

2021-06-22 01:26:42 - [MESSAGE][PASSED] - Object 'Object Repository/VLink/Page_CCSale/txt_CountryID' is present

2021-06-22 01:26:43 - [MESSAGE][PASSED] - Text '840' is set on object 'Object Repository/VLink/Page_CCSale/txt_CountryID'

2021-06-22 01:26:43 - [MESSAGE][PASSED] - Object 'Object Repository/VLink/Page_CCSale/txt_Amount' is present

2021-06-22 01:26:44 - [MESSAGE][PASSED] - Text '1.50' is set on object 'Object Repository/VLink/Page_CCSale/txt_Amount'

2021-06-22 01:26:44 - [MESSAGE][PASSED] - Object 'Object Repository/VLink/Page_CCSale/txt_CardNumber' is present

2021-06-22 01:26:45 - [MESSAGE][PASSED] - Text '6011000000000004' is set on object 'Object Repository/VLink/Page_CCSale/txt_CardNumber'

2021-06-22 01:26:45 - [MESSAGE][PASSED] - Object 'Object Repository/VLink/Page_CCSale/txt_ExpMonth' is present

2021-06-22 01:26:46 - [MESSAGE][PASSED] - Text '12' is set on object 'Object Repository/VLink/Page_CCSale/txt_ExpMonth'

2021-06-22 01:26:46 - [MESSAGE][PASSED] - Object 'Object Repository/VLink/Page_CCSale/txt_ExpYear' is present

2021-06-22 01:26:47 - [MESSAGE][PASSED] - Text '2025' is set on object 'Object Repository/VLink/Page_CCSale/txt_ExpYear'

2021-06-22 01:26:47 - [MESSAGE][PASSED] - Object 'Object Repository/VLink/Page_CCSale/txt_CVV' is present

2021-06-22 01:26:48 - [MESSAGE][PASSED] - Text '' is set on object 'Object Repository/VLink/Page_CCSale/txt_CVV'

2021-06-22 01:26:48 - [MESSAGE][PASSED] - Object 'Object Repository/VLink/Page_CCSale/txt_CVVstate' is present

2021-06-22 01:26:49 - [MESSAGE][PASSED] - Text '' is set on object 'Object Repository/VLink/Page_CCSale/txt_CVVstate'

2021-06-22 01:26:49 - [MESSAGE][PASSED] - Object 'Object Repository/VLink/Page_CCSale/txt_TrackData' is present

2021-06-22 01:26:50 - [MESSAGE][PASSED] - Text '' is set on object 'Object Repository/VLink/Page_CCSale/txt_TrackData'

2021-06-22 01:26:50 - [MESSAGE][PASSED] - Object 'Object Repository/VLink/Page_CCSale/txt_Track1Data' is present

2021-06-22 01:26:51 - [MESSAGE][PASSED] - Text '' is set on object 'Object Repository/VLink/Page_CCSale/txt_Track1Data'

2021-06-22 01:26:51 - [MESSAGE][PASSED] - Object 'Object Repository/VLink/Page_CCSale/txt_Track2Data' is present

2021-06-22 01:26:52 - [MESSAGE][PASSED] - Text '' is set on object 'Object Repository/VLink/Page_CCSale/txt_Track2Data'

2021-06-22 01:26:52 - [MESSAGE][PASSED] - Object 'Object Repository/VLink/Page_CCSale/txt_POSEntryMode' is present

2021-06-22 01:26:53 - [MESSAGE][PASSED] - Text 'manual' is set on object 'Object Repository/VLink/Page_CCSale/txt_POSEntryMode'

2021-06-22 01:26:53 - [MESSAGE][PASSED] - Object 'Object Repository/VLink/Page_CCSale/txt_Email' is present

2021-06-22 01:26:54 - [MESSAGE][PASSED] - Text 'iahmed@govolution.com' is set on object 'Object Repository/VLink/Page_CCSale/txt_Email'

2021-06-22 01:26:54 - [MESSAGE][PASSED] - Object 'Object Repository/VLink/Page_CCSale/txt_OrderNumber' is present

2021-06-22 01:26:55 - [MESSAGE][PASSED] - Text '2569362' is set on object 'Object Repository/VLink/Page_CCSale/txt_OrderNumber'

2021-06-22 01:26:55 - [MESSAGE][PASSED] - Object 'Object Repository/VLink/Page_CCSale/txt_TaxAmount' is present

2021-06-22 01:26:56 - [MESSAGE][PASSED] - Text '1.15' is set on object 'Object Repository/VLink/Page_CCSale/txt_TaxAmount'

2021-06-22 01:26:56 - [MESSAGE][PASSED] - Object 'Object Repository/VLink/Page_CCSale/txt_ChargeDescription' is present

2021-06-22 01:26:57 - [MESSAGE][PASSED] - Text 'Charge Description' is set on object 'Object Repository/VLink/Page_CCSale/txt_ChargeDescription'

2021-06-22 01:26:57 - [MESSAGE][PASSED] - Object 'Object Repository/VLink/Page_CCSale/txt_CAN' is present

2021-06-22 01:26:58 - [MESSAGE][PASSED] - Text '147357' is set on object 'Object Repository/VLink/Page_CCSale/txt_CAN'

2021-06-22 01:26:58 - [MESSAGE][PASSED] - Object 'Object Repository/VLink/Page_CCSale/txt_BillPaymentIndicator' is present

2021-06-22 01:26:59 - [MESSAGE][PASSED] - Text '1' is set on object 'Object Repository/VLink/Page_CCSale/txt_BillPaymentIndicator'

2021-06-22 01:26:59 - [MESSAGE][PASSED] - Object 'Object Repository/VLink/Page_CCSale/txt_UDF1' is present

2021-06-22 01:27:00 - [MESSAGE][PASSED] - Text 'UDF Data 1' is set on object 'Object Repository/VLink/Page_CCSale/txt_UDF1'

2021-06-22 01:27:00 - [MESSAGE][PASSED] - Object 'Object Repository/VLink/Page_CCSale/txt_UDF2' is present

2021-06-22 01:27:01 - [MESSAGE][PASSED] - Text 'UDF Data 2' is set on object 'Object Repository/VLink/Page_CCSale/txt_UDF2'

2021-06-22 01:27:01 - [MESSAGE][PASSED] - Object 'Object Repository/VLink/Page_CCSale/txt_UDF3' is present

2021-06-22 01:27:02 - [MESSAGE][PASSED] - Text 'UDF Data 3' is set on object 'Object Repository/VLink/Page_CCSale/txt_UDF3'

2021-06-22 01:27:02 - [MESSAGE][PASSED] - Object 'Object Repository/VLink/Page_CCSale/txt_UDF4' is present

2021-06-22 01:27:03 - [MESSAGE][PASSED] - Text 'UDF Data 4' is set on object 'Object Repository/VLink/Page_CCSale/txt_UDF4'

2021-06-22 01:27:03 - [MESSAGE][PASSED] - Object 'Object Repository/VLink/Page_CCSale/txt_UDF5' is present

2021-06-22 01:27:04 - [MESSAGE][PASSED] - Text 'UDF Data 5' is set on object 'Object Repository/VLink/Page_CCSale/txt_UDF5'

2021-06-22 01:27:04 - [MESSAGE][PASSED] - Object 'Object Repository/VLink/Page_CCSale/txt_UDF6' is present

2021-06-22 01:27:05 - [MESSAGE][PASSED] - Text 'UDF Data 6' is set on object 'Object Repository/VLink/Page_CCSale/txt_UDF6'

2021-06-22 01:27:05 - [MESSAGE][PASSED] - Object 'Object Repository/VLink/Page_CCSale/txt_UDF7' is present

2021-06-22 01:27:06 - [MESSAGE][PASSED] - Text 'UDF Data 7' is set on object 'Object Repository/VLink/Page_CCSale/txt_UDF7'

2021-06-22 01:27:06 - [MESSAGE][PASSED] - Object 'Object Repository/VLink/Page_CCSale/txt_UDF8' is present

2021-06-22 01:27:07 - [MESSAGE][PASSED] - Text 'UDF Data 8' is set on object 'Object Repository/VLink/Page_CCSale/txt_UDF8'

2021-06-22 01:27:07 - [MESSAGE][PASSED] - Object 'Object Repository/VLink/Page_CCSale/txt_UDF9' is present

2021-06-22 01:27:08 - [MESSAGE][PASSED] - Text 'UDF Data 9' is set on object 'Object Repository/VLink/Page_CCSale/txt_UDF9'

2021-06-22 01:27:08 - [MESSAGE][PASSED] - Object 'Object Repository/VLink/Page_CCSale/txt_UDF10' is present

2021-06-22 01:27:09 - [MESSAGE][PASSED] - Text 'UDF Data 10' is set on object 'Object Repository/VLink/Page_CCSale/txt_UDF10'

2021-06-22 01:27:09 - [MESSAGE][PASSED] - Object 'Object Repository/VLink/Page_CCSale/txt_CardOnFileIndicator' is present

2021-06-22 01:27:10 - [MESSAGE][PASSED] - Text '' is set on object 'Object Repository/VLink/Page_CCSale/txt_CardOnFileIndicator'

2021-06-22 01:27:10 - [MESSAGE][PASSED] - Object 'Object Repository/VLink/Page_CCSale/txt_StoredCredentialIndicator' is present

2021-06-22 01:27:11 - [MESSAGE][PASSED] - Text '' is set on object 'Object Repository/VLink/Page_CCSale/txt_StoredCredentialIndicator'

2021-06-22 01:27:11 - [MESSAGE][PASSED] - Object 'Object Repository/VLink/Page_CCSale/txt_COFScheduledIndicator' is present

2021-06-22 01:27:12 - [MESSAGE][PASSED] - Text '' is set on object 'Object Repository/VLink/Page_CCSale/txt_COFScheduledIndicator'

2021-06-22 01:27:12 - [MESSAGE][PASSED] - Object 'Object Repository/VLink/Page_CCSale/txt_COFTransactionInitiatedBy' is present

2021-06-22 01:27:13 - [MESSAGE][PASSED] - Text '' is set on object 'Object Repository/VLink/Page_CCSale/txt_COFTransactionInitiatedBy'

2021-06-22 01:27:17 - [MESSAGE][PASSED] - Object: 'Object Repository/VLink/Page_CCSale/btn_ProcessVLinkTransaction' is clicked on

2021-06-22 01:27:22 - [MESSAGE][PASSED] - vlinkPages.saleCCPage.setDataSCC is PASSED

2021-06-22 01:27:22 - [TEST_STEP][PASSED] - if (verifyTextPresent("Transaction approved, no errors", true)): null

2021-06-22 01:27:22 - [MESSAGE][PASSED] - Text 'Transaction approved, no errors' is present on page  using regular expression

2021-06-22 01:27:22 - [TEST_STEP][PASSED] - println("Transaction Approved, no errors text is present on the Confirmation page"): null

2021-06-22 01:27:22 - [TEST_STEP][PASSED] - out.println("Pass Record Number: " + row): null

2021-06-22 01:27:22 - [TEST_STEP][PASSED] - resText = "Pass": null

2021-06-22 01:27:22 - [TEST_STEP][PASSED] - pages.WriteExcel.demoKey(resText, datText, resColumn, datCloumn, fileLoc, nameSheet, row): pages.WriteExcel.demoKey is PASSED

2021-06-22 01:27:22 - [MESSAGE][PASSED] - pages.WriteExcel.demoKey is PASSED

2021-06-22 01:27:22 - [TEST_STEP][PASSED] - sdfo = getText(findTestObject("Object Repository/Page_VLinkReceipt/pre_STX")): Text of object 'Object Repository/Page_VLinkReceipt/pre_STX' is: '<STX>7PlMbthe8y6H                  12098368            0  Transaction approved, no errors                   0                                                                                  Y OK9283   <ETX>'

2021-06-22 01:27:22 - [MESSAGE][PASSED] - Text of object 'Object Repository/Page_VLinkReceipt/pre_STX' is: '<STX>7PlMbthe8y6H                  12098368            0  Transaction approved, no errors                   0                                                                                  Y OK9283   <ETX>'

2021-06-22 01:27:22 - [TEST_STEP][PASSED] - out.println("sdfo: " + sdfo): null

2021-06-22 01:27:22 - [TEST_STEP][PASSED] - remID = substring(5, 35).trim(): null

2021-06-22 01:27:22 - [TEST_STEP][PASSED] - out.println("Remittance ID: " + remID): null

2021-06-22 01:27:22 - [TEST_STEP][PASSED] - traxID = substring(35, 55).trim(): null

2021-06-22 01:27:22 - [TEST_STEP][PASSED] - out.println("Transaction ID: " + traxID): null

2021-06-22 01:27:22 - [TEST_STEP][PASSED] - out.println("End Record Number: " + row): null

2021-06-22 01:27:22 - [TEST_STEP][PASSED] - closeBrowser(): Browser is closed

2021-06-22 01:27:23 - [MESSAGE][PASSED] - Browser is closed

2021-06-22 01:27:23 - [TEST_STEP][PASSED] - out.println("Begin Record Number: " + row): null

2021-06-22 01:27:23 - [TEST_STEP][PASSED] - today = new java.util.Date(): null

2021-06-22 01:27:23 - [TEST_STEP][PASSED] - println(today): null

2021-06-22 01:27:23 - [TEST_STEP][PASSED] - datText = today: null

2021-06-22 01:27:23 - [TEST_STEP][PASSED] - openBrowser(VLinkURL + "authcap.html"): Browser is opened with url: 'https://dev-algorithm.govolution.com/vlinktest/QA/version_2_0/authcap.html'

2021-06-22 01:27:23 - [MESSAGE][INFO] - Starting 'Chrome' driver

2021-06-22 01:27:23 - [MESSAGE][INFO] - User set preference: ['acceptInsecureCerts', 'true']

2021-06-22 01:27:23 - [MESSAGE][INFO] - Action delay is set to 0 milliseconds

2021-06-22 01:27:25 - [MESSAGE][PASSED] - Browser is opened with url: 'https://dev-algorithm.govolution.com/vlinktest/QA/version_2_0/authcap.html'

2021-06-22 01:27:25 - [TEST_STEP][PASSED] - maximizeWindow(): Current window maximized

2021-06-22 01:27:25 - [MESSAGE][PASSED] - Current window maximized

2021-06-22 01:27:25 - [TEST_STEP][PASSED] - vlinkPages.saleCCPage.setDataSCC(row, dataFile): vlinkPages.saleCCPage.setDataSCC is PASSED

2021-06-22 01:27:27 - [MESSAGE][PASSED] - Object 'Object Repository/VLink/Page_CCSale/txt_CardNumber' is present

2021-06-22 01:27:27 - [MESSAGE][PASSED] - Object 'Object Repository/VLink/Page_CCSale/txt_TransactionType' is present

2021-06-22 01:27:28 - [MESSAGE][PASSED] - Text '104' is set on object 'Object Repository/VLink/Page_CCSale/txt_TransactionType'

2021-06-22 01:27:28 - [MESSAGE][PASSED] - Object 'Object Repository/VLink/Page_CCSale/txt_MessageVersion' is present

2021-06-22 01:27:29 - [MESSAGE][PASSED] - Text '2.0C' is set on object 'Object Repository/VLink/Page_CCSale/txt_MessageVersion'

2021-06-22 01:27:29 - [MESSAGE][PASSED] - Object 'Object Repository/VLink/Page_CCSale/txt_RemID' is present

2021-06-22 01:27:30 - [MESSAGE][PASSED] - Text 'ddTXTODm2XM9' is set on object 'Object Repository/VLink/Page_CCSale/txt_RemID'

2021-06-22 01:27:30 - [MESSAGE][PASSED] - Object 'Object Repository/VLink/Page_CCSale/txt_ApplicationId' is present

2021-06-22 01:27:30 - [MESSAGE][PASSED] - Text '670' is set on object 'Object Repository/VLink/Page_CCSale/txt_ApplicationId'

2021-06-22 01:27:31 - [MESSAGE][PASSED] - Object 'Object Repository/VLink/Page_CCSale/txt_Username' is present

2021-06-22 01:27:31 - [MESSAGE][PASSED] - Text 'username' is set on object 'Object Repository/VLink/Page_CCSale/txt_Username'

2021-06-22 01:27:32 - [MESSAGE][PASSED] - Object 'Object Repository/VLink/Page_CCSale/txt_Password' is present

2021-06-22 01:27:32 - [MESSAGE][PASSED] - Text 'password' is set on object 'Object Repository/VLink/Page_CCSale/txt_Password'

2021-06-22 01:27:32 - [MESSAGE][PASSED] - Object 'Object Repository/VLink/Page_CCSale/txt_ResponseFormat' is present

2021-06-22 01:27:33 - [MESSAGE][PASSED] - Text 'fixed_width' is set on object 'Object Repository/VLink/Page_CCSale/txt_ResponseFormat'

2021-06-22 01:27:33 - [MESSAGE][PASSED] - Object 'Object Repository/VLink/Page_CCSale/txt_Category' is present

2021-06-22 01:27:34 - [MESSAGE][PASSED] - Text 'MOTO' is set on object 'Object Repository/VLink/Page_CCSale/txt_Category'

2021-06-22 01:27:34 - [MESSAGE][PASSED] - Object 'Object Repository/VLink/Page_CCSale/txt_TransactionID' is present

2021-06-22 01:27:35 - [MESSAGE][PASSED] - Text '' is set on object 'Object Repository/VLink/Page_CCSale/txt_TransactionID'

2021-06-22 01:27:35 - [MESSAGE][PASSED] - Object 'Object Repository/VLink/Page_CCSale/txt_ApprovalCode' is present

2021-06-22 01:27:36 - [MESSAGE][PASSED] - Text '' is set on object 'Object Repository/VLink/Page_CCSale/txt_ApprovalCode'

2021-06-22 01:27:36 - [MESSAGE][PASSED] - Object 'Object Repository/VLink/Page_CCSale/txt_CardName' is present

2021-06-22 01:27:37 - [MESSAGE][PASSED] - Text 'Arvind Silva' is set on object 'Object Repository/VLink/Page_CCSale/txt_CardName'

2021-06-22 01:27:37 - [MESSAGE][PASSED] - Object 'Object Repository/VLink/Page_CCSale/txt_AL1' is present

2021-06-22 01:27:38 - [MESSAGE][PASSED] - Text '111 Main Ave' is set on object 'Object Repository/VLink/Page_CCSale/txt_AL1'

2021-06-22 01:27:38 - [MESSAGE][PASSED] - Object 'Object Repository/VLink/Page_CCSale/txt_AL2' is present

2021-06-22 01:27:39 - [MESSAGE][PASSED] - Text '' is set on object 'Object Repository/VLink/Page_CCSale/txt_AL2'

2021-06-22 01:27:39 - [MESSAGE][PASSED] - Object 'Object Repository/VLink/Page_CCSale/txt_CardCity' is present

2021-06-22 01:27:40 - [MESSAGE][PASSED] - Text 'Arlington' is set on object 'Object Repository/VLink/Page_CCSale/txt_CardCity'

2021-06-22 01:27:40 - [MESSAGE][PASSED] - Object 'Object Repository/VLink/Page_CCSale/txt_CardState' is present

2021-06-22 01:27:41 - [MESSAGE][PASSED] - Text 'VA' is set on object 'Object Repository/VLink/Page_CCSale/txt_CardState'

2021-06-22 01:27:41 - [MESSAGE][PASSED] - Object 'Object Repository/VLink/Page_CCSale/txt_CardZIP' is present

2021-06-22 01:27:42 - [MESSAGE][PASSED] - Text '22201' is set on object 'Object Repository/VLink/Page_CCSale/txt_CardZIP'

2021-06-22 01:27:42 - [MESSAGE][PASSED] - Object 'Object Repository/VLink/Page_CCSale/txt_CountryID' is present

2021-06-22 01:27:43 - [MESSAGE][PASSED] - Text '' is set on object 'Object Repository/VLink/Page_CCSale/txt_CountryID'

2021-06-22 01:27:43 - [MESSAGE][PASSED] - Object 'Object Repository/VLink/Page_CCSale/txt_Amount' is present

2021-06-22 01:27:44 - [MESSAGE][PASSED] - Text '2.50' is set on object 'Object Repository/VLink/Page_CCSale/txt_Amount'

2021-06-22 01:27:44 - [MESSAGE][PASSED] - Object 'Object Repository/VLink/Page_CCSale/txt_CardNumber' is present

2021-06-22 01:27:45 - [MESSAGE][PASSED] - Text '4111111111111111' is set on object 'Object Repository/VLink/Page_CCSale/txt_CardNumber'

2021-06-22 01:27:45 - [MESSAGE][PASSED] - Object 'Object Repository/VLink/Page_CCSale/txt_ExpMonth' is present

2021-06-22 01:27:46 - [MESSAGE][PASSED] - Text '01' is set on object 'Object Repository/VLink/Page_CCSale/txt_ExpMonth'

2021-06-22 01:27:46 - [MESSAGE][PASSED] - Object 'Object Repository/VLink/Page_CCSale/txt_ExpYear' is present

2021-06-22 01:27:47 - [MESSAGE][PASSED] - Text '2026' is set on object 'Object Repository/VLink/Page_CCSale/txt_ExpYear'

2021-06-22 01:27:47 - [MESSAGE][PASSED] - Object 'Object Repository/VLink/Page_CCSale/txt_CVV' is present

2021-06-22 01:27:48 - [MESSAGE][PASSED] - Text '' is set on object 'Object Repository/VLink/Page_CCSale/txt_CVV'

2021-06-22 01:27:48 - [MESSAGE][PASSED] - Object 'Object Repository/VLink/Page_CCSale/txt_CVVstate' is present

2021-06-22 01:27:49 - [MESSAGE][PASSED] - Text '' is set on object 'Object Repository/VLink/Page_CCSale/txt_CVVstate'

2021-06-22 01:27:49 - [MESSAGE][PASSED] - Object 'Object Repository/VLink/Page_CCSale/txt_TrackData' is present

2021-06-22 01:27:50 - [MESSAGE][PASSED] - Text '' is set on object 'Object Repository/VLink/Page_CCSale/txt_TrackData'

2021-06-22 01:27:50 - [MESSAGE][PASSED] - Object 'Object Repository/VLink/Page_CCSale/txt_Track1Data' is present

2021-06-22 01:27:51 - [MESSAGE][PASSED] - Text '' is set on object 'Object Repository/VLink/Page_CCSale/txt_Track1Data'

2021-06-22 01:27:51 - [MESSAGE][PASSED] - Object 'Object Repository/VLink/Page_CCSale/txt_Track2Data' is present

2021-06-22 01:27:52 - [MESSAGE][PASSED] - Text '' is set on object 'Object Repository/VLink/Page_CCSale/txt_Track2Data'

2021-06-22 01:27:52 - [MESSAGE][PASSED] - Object 'Object Repository/VLink/Page_CCSale/txt_POSEntryMode' is present

2021-06-22 01:27:53 - [MESSAGE][PASSED] - Text 'manual' is set on object 'Object Repository/VLink/Page_CCSale/txt_POSEntryMode'

2021-06-22 01:27:53 - [MESSAGE][PASSED] - Object 'Object Repository/VLink/Page_CCSale/txt_Email' is present

2021-06-22 01:27:54 - [MESSAGE][PASSED] - Text '' is set on object 'Object Repository/VLink/Page_CCSale/txt_Email'

2021-06-22 01:27:54 - [MESSAGE][PASSED] - Object 'Object Repository/VLink/Page_CCSale/txt_OrderNumber' is present

2021-06-22 01:27:55 - [MESSAGE][PASSED] - Text '' is set on object 'Object Repository/VLink/Page_CCSale/txt_OrderNumber'

2021-06-22 01:27:55 - [MESSAGE][PASSED] - Object 'Object Repository/VLink/Page_CCSale/txt_TaxAmount' is present

2021-06-22 01:27:56 - [MESSAGE][PASSED] - Text '' is set on object 'Object Repository/VLink/Page_CCSale/txt_TaxAmount'

2021-06-22 01:27:56 - [MESSAGE][PASSED] - Object 'Object Repository/VLink/Page_CCSale/txt_ChargeDescription' is present

2021-06-22 01:27:57 - [MESSAGE][PASSED] - Text '' is set on object 'Object Repository/VLink/Page_CCSale/txt_ChargeDescription'

2021-06-22 01:27:57 - [MESSAGE][PASSED] - Object 'Object Repository/VLink/Page_CCSale/txt_CAN' is present

2021-06-22 01:27:58 - [MESSAGE][PASSED] - Text '' is set on object 'Object Repository/VLink/Page_CCSale/txt_CAN'

2021-06-22 01:27:58 - [MESSAGE][PASSED] - Object 'Object Repository/VLink/Page_CCSale/txt_BillPaymentIndicator' is present

2021-06-22 01:27:59 - [MESSAGE][PASSED] - Text '' is set on object 'Object Repository/VLink/Page_CCSale/txt_BillPaymentIndicator'

2021-06-22 01:27:59 - [MESSAGE][PASSED] - Object 'Object Repository/VLink/Page_CCSale/txt_UDF1' is present

2021-06-22 01:28:00 - [MESSAGE][PASSED] - Text '' is set on object 'Object Repository/VLink/Page_CCSale/txt_UDF1'

2021-06-22 01:28:00 - [MESSAGE][PASSED] - Object 'Object Repository/VLink/Page_CCSale/txt_UDF2' is present

2021-06-22 01:28:01 - [MESSAGE][PASSED] - Text '' is set on object 'Object Repository/VLink/Page_CCSale/txt_UDF2'

2021-06-22 01:28:01 - [MESSAGE][PASSED] - Object 'Object Repository/VLink/Page_CCSale/txt_UDF3' is present

2021-06-22 01:28:02 - [MESSAGE][PASSED] - Text '' is set on object 'Object Repository/VLink/Page_CCSale/txt_UDF3'

2021-06-22 01:28:02 - [MESSAGE][PASSED] - Object 'Object Repository/VLink/Page_CCSale/txt_UDF4' is present

2021-06-22 01:28:03 - [MESSAGE][PASSED] - Text '' is set on object 'Object Repository/VLink/Page_CCSale/txt_UDF4'

2021-06-22 01:28:03 - [MESSAGE][PASSED] - Object 'Object Repository/VLink/Page_CCSale/txt_UDF5' is present

2021-06-22 01:28:04 - [MESSAGE][PASSED] - Text '' is set on object 'Object Repository/VLink/Page_CCSale/txt_UDF5'

2021-06-22 01:28:04 - [MESSAGE][PASSED] - Object 'Object Repository/VLink/Page_CCSale/txt_UDF6' is present

2021-06-22 01:28:05 - [MESSAGE][PASSED] - Text '' is set on object 'Object Repository/VLink/Page_CCSale/txt_UDF6'

2021-06-22 01:28:05 - [MESSAGE][PASSED] - Object 'Object Repository/VLink/Page_CCSale/txt_UDF7' is present

2021-06-22 01:28:06 - [MESSAGE][PASSED] - Text '' is set on object 'Object Repository/VLink/Page_CCSale/txt_UDF7'

2021-06-22 01:28:06 - [MESSAGE][PASSED] - Object 'Object Repository/VLink/Page_CCSale/txt_UDF8' is present

2021-06-22 01:28:07 - [MESSAGE][PASSED] - Text '' is set on object 'Object Repository/VLink/Page_CCSale/txt_UDF8'

2021-06-22 01:28:07 - [MESSAGE][PASSED] - Object 'Object Repository/VLink/Page_CCSale/txt_UDF9' is present

2021-06-22 01:28:08 - [MESSAGE][PASSED] - Text '' is set on object 'Object Repository/VLink/Page_CCSale/txt_UDF9'

2021-06-22 01:28:08 - [MESSAGE][PASSED] - Object 'Object Repository/VLink/Page_CCSale/txt_UDF10' is present

2021-06-22 01:28:09 - [MESSAGE][PASSED] - Text '' is set on object 'Object Repository/VLink/Page_CCSale/txt_UDF10'

2021-06-22 01:28:09 - [MESSAGE][PASSED] - Object 'Object Repository/VLink/Page_CCSale/txt_CardOnFileIndicator' is present

2021-06-22 01:28:10 - [MESSAGE][PASSED] - Text '' is set on object 'Object Repository/VLink/Page_CCSale/txt_CardOnFileIndicator'

2021-06-22 01:28:10 - [MESSAGE][PASSED] - Object 'Object Repository/VLink/Page_CCSale/txt_StoredCredentialIndicator' is present

2021-06-22 01:28:11 - [MESSAGE][PASSED] - Text '' is set on object 'Object Repository/VLink/Page_CCSale/txt_StoredCredentialIndicator'

2021-06-22 01:28:11 - [MESSAGE][PASSED] - Object 'Object Repository/VLink/Page_CCSale/txt_COFScheduledIndicator' is present

2021-06-22 01:28:12 - [MESSAGE][PASSED] - Text '' is set on object 'Object Repository/VLink/Page_CCSale/txt_COFScheduledIndicator'

2021-06-22 01:28:12 - [MESSAGE][PASSED] - Object 'Object Repository/VLink/Page_CCSale/txt_COFTransactionInitiatedBy' is present

2021-06-22 01:28:13 - [MESSAGE][PASSED] - Text '' is set on object 'Object Repository/VLink/Page_CCSale/txt_COFTransactionInitiatedBy'

2021-06-22 01:28:15 - [MESSAGE][PASSED] - Object: 'Object Repository/VLink/Page_CCSale/btn_ProcessVLinkTransaction' is clicked on

2021-06-22 01:28:20 - [MESSAGE][PASSED] - vlinkPages.saleCCPage.setDataSCC is PASSED

2021-06-22 01:28:20 - [TEST_STEP][FAILED] - if (verifyTextPresent("Transaction approved, no errors", true)): Text 'Transaction approved, no errors' is not present on page  using regular expression (Root cause: com.kms.katalon.core.exception.StepFailedException: Text 'Transaction approved, no errors' is not present on page  using regular expression
	at com.kms.katalon.core.webui.keyword.internal.WebUIKeywordMain.stepFailed(WebUIKeywordMain.groovy:64)
	at com.kms.katalon.core.webui.keyword.builtin.VerifyTextPresentKeyword$_verifyTextPresent_closure1.doCall(VerifyTextPresentKeyword.groovy:79)
	at com.kms.katalon.core.webui.keyword.builtin.VerifyTextPresentKeyword$_verifyTextPresent_closure1.call(VerifyTextPresentKeyword.groovy)
	at com.kms.katalon.core.webui.keyword.internal.WebUIKeywordMain.runKeyword(WebUIKeywordMain.groovy:20)
	at com.kms.katalon.core.webui.keyword.builtin.VerifyTextPresentKeyword.verifyTextPresent(VerifyTextPresentKeyword.groovy:83)
	at com.kms.katalon.core.webui.keyword.builtin.VerifyTextPresentKeyword.execute(VerifyTextPresentKeyword.groovy:68)
	at com.kms.katalon.core.keyword.internal.KeywordExecutor.executeKeywordForPlatform(KeywordExecutor.groovy:72)
	at com.kms.katalon.core.webui.keyword.WebUiBuiltInKeywords.verifyTextPresent(WebUiBuiltInKeywords.groovy:1719)
	at com.kms.katalon.core.webui.keyword.WebUiBuiltInKeywords$verifyTextPresent$4.call(Unknown Source)
	at VLinkSale-Successful.run(VLinkSale-Successful:76)
	at com.kms.katalon.core.main.ScriptEngine.run(ScriptEngine.java:194)
	at com.kms.katalon.core.main.ScriptEngine.runScriptAsRawText(ScriptEngine.java:119)
	at com.kms.katalon.core.main.TestCaseExecutor.runScript(TestCaseExecutor.java:337)
	at com.kms.katalon.core.main.TestCaseExecutor.doExecute(TestCaseExecutor.java:328)
	at com.kms.katalon.core.main.TestCaseExecutor.processExecutionPhase(TestCaseExecutor.java:307)
	at com.kms.katalon.core.main.TestCaseExecutor.accessMainPhase(TestCaseExecutor.java:299)
	at com.kms.katalon.core.main.TestCaseExecutor.execute(TestCaseExecutor.java:233)
	at com.kms.katalon.core.main.TestSuiteExecutor.accessTestCaseMainPhase(TestSuiteExecutor.java:169)
	at com.kms.katalon.core.main.TestSuiteExecutor.accessTestSuiteMainPhase(TestSuiteExecutor.java:142)
	at com.kms.katalon.core.main.TestSuiteExecutor.execute(TestSuiteExecutor.java:91)
	at com.kms.katalon.core.main.TestCaseMain.startTestSuite(TestCaseMain.java:157)
	at com.kms.katalon.core.main.TestCaseMain$startTestSuite$0.call(Unknown Source)
	at TempTestSuite1624337272106.run(TempTestSuite1624337272106.groovy:37)
)

2021-06-22 01:28:21 - [MESSAGE][FAILED] - Text 'Transaction approved, no errors' is not present on page  using regular expression (Root cause: com.kms.katalon.core.exception.StepFailedException: Text 'Transaction approved, no errors' is not present on page  using regular expression
	at com.kms.katalon.core.webui.keyword.internal.WebUIKeywordMain.stepFailed(WebUIKeywordMain.groovy:64)
	at com.kms.katalon.core.webui.keyword.builtin.VerifyTextPresentKeyword$_verifyTextPresent_closure1.doCall(VerifyTextPresentKeyword.groovy:79)
	at com.kms.katalon.core.webui.keyword.builtin.VerifyTextPresentKeyword$_verifyTextPresent_closure1.call(VerifyTextPresentKeyword.groovy)
	at com.kms.katalon.core.webui.keyword.internal.WebUIKeywordMain.runKeyword(WebUIKeywordMain.groovy:20)
	at com.kms.katalon.core.webui.keyword.builtin.VerifyTextPresentKeyword.verifyTextPresent(VerifyTextPresentKeyword.groovy:83)
	at com.kms.katalon.core.webui.keyword.builtin.VerifyTextPresentKeyword.execute(VerifyTextPresentKeyword.groovy:68)
	at com.kms.katalon.core.keyword.internal.KeywordExecutor.executeKeywordForPlatform(KeywordExecutor.groovy:72)
	at com.kms.katalon.core.webui.keyword.WebUiBuiltInKeywords.verifyTextPresent(WebUiBuiltInKeywords.groovy:1719)
	at com.kms.katalon.core.webui.keyword.WebUiBuiltInKeywords$verifyTextPresent$4.call(Unknown Source)
	at VLinkSale-Successful.run(VLinkSale-Successful:76)
	at com.kms.katalon.core.main.ScriptEngine.run(ScriptEngine.java:194)
	at com.kms.katalon.core.main.ScriptEngine.runScriptAsRawText(ScriptEngine.java:119)
	at com.kms.katalon.core.main.TestCaseExecutor.runScript(TestCaseExecutor.java:337)
	at com.kms.katalon.core.main.TestCaseExecutor.doExecute(TestCaseExecutor.java:328)
	at com.kms.katalon.core.main.TestCaseExecutor.processExecutionPhase(TestCaseExecutor.java:307)
	at com.kms.katalon.core.main.TestCaseExecutor.accessMainPhase(TestCaseExecutor.java:299)
	at com.kms.katalon.core.main.TestCaseExecutor.execute(TestCaseExecutor.java:233)
	at com.kms.katalon.core.main.TestSuiteExecutor.accessTestCaseMainPhase(TestSuiteExecutor.java:169)
	at com.kms.katalon.core.main.TestSuiteExecutor.accessTestSuiteMainPhase(TestSuiteExecutor.java:142)
	at com.kms.katalon.core.main.TestSuiteExecutor.execute(TestSuiteExecutor.java:91)
	at com.kms.katalon.core.main.TestCaseMain.startTestSuite(TestCaseMain.java:157)
	at com.kms.katalon.core.main.TestCaseMain$startTestSuite$0.call(Unknown Source)
	at TempTestSuite1624337272106.run(TempTestSuite1624337272106.groovy:37)
)

2021-06-22 01:28:21 - [TEST_STEP][PASSED] - else: pages.WriteExcel.demoKey is PASSED

2021-06-22 01:28:21 - [TEST_STEP][PASSED] - println("Transaction Approved, no errors text is not present on the Confirmation page"): null

2021-06-22 01:28:21 - [TEST_STEP][PASSED] - out.println("Fail Record Number: " + row): null

2021-06-22 01:28:21 - [TEST_STEP][PASSED] - resText = "Fail": null

2021-06-22 01:28:21 - [TEST_STEP][PASSED] - pages.WriteExcel.demoKey(resText, datText, resColumn, datCloumn, fileLoc, nameSheet, row): pages.WriteExcel.demoKey is PASSED

2021-06-22 01:28:21 - [MESSAGE][PASSED] - pages.WriteExcel.demoKey is PASSED

2021-06-22 01:28:21 - [TEST_STEP][PASSED] - sdfo = getText(findTestObject("Object Repository/Page_VLinkReceipt/pre_STX")): Text of object 'Object Repository/Page_VLinkReceipt/pre_STX' is: '<STX>ddTXTODm2XM9                  12098369            2  Transaction failed                                105Processor reported error                                                        U          <ETX>'

2021-06-22 01:28:21 - [MESSAGE][PASSED] - Text of object 'Object Repository/Page_VLinkReceipt/pre_STX' is: '<STX>ddTXTODm2XM9                  12098369            2  Transaction failed                                105Processor reported error                                                        U          <ETX>'

2021-06-22 01:28:21 - [TEST_STEP][PASSED] - out.println("sdfo: " + sdfo): null

2021-06-22 01:28:21 - [TEST_STEP][PASSED] - remID = substring(5, 35).trim(): null

2021-06-22 01:28:21 - [TEST_STEP][PASSED] - out.println("Remittance ID: " + remID): null

2021-06-22 01:28:21 - [TEST_STEP][PASSED] - traxID = substring(35, 55).trim(): null

2021-06-22 01:28:21 - [TEST_STEP][PASSED] - out.println("Transaction ID: " + traxID): null

2021-06-22 01:28:21 - [TEST_STEP][PASSED] - out.println("End Record Number: " + row): null

2021-06-22 01:28:21 - [TEST_STEP][PASSED] - closeBrowser(): Browser is closed

2021-06-22 01:28:22 - [MESSAGE][PASSED] - Browser is closed

2021-06-22 01:28:22 - [TEST_STEP][PASSED] - out.println("Begin Record Number: " + row): null

2021-06-22 01:28:22 - [TEST_STEP][PASSED] - today = new java.util.Date(): null

2021-06-22 01:28:22 - [TEST_STEP][PASSED] - println(today): null

2021-06-22 01:28:22 - [TEST_STEP][PASSED] - datText = today: null

2021-06-22 01:28:22 - [TEST_STEP][PASSED] - openBrowser(VLinkURL + "authcap.html"): Browser is opened with url: 'https://dev-algorithm.govolution.com/vlinktest/QA/version_2_0/authcap.html'

2021-06-22 01:28:22 - [MESSAGE][INFO] - Starting 'Chrome' driver

2021-06-22 01:28:22 - [MESSAGE][INFO] - User set preference: ['acceptInsecureCerts', 'true']

2021-06-22 01:28:22 - [MESSAGE][INFO] - Action delay is set to 0 milliseconds

2021-06-22 01:28:24 - [MESSAGE][PASSED] - Browser is opened with url: 'https://dev-algorithm.govolution.com/vlinktest/QA/version_2_0/authcap.html'

2021-06-22 01:28:24 - [TEST_STEP][PASSED] - maximizeWindow(): Current window maximized

2021-06-22 01:28:24 - [MESSAGE][PASSED] - Current window maximized

2021-06-22 01:28:24 - [TEST_STEP][PASSED] - vlinkPages.saleCCPage.setDataSCC(row, dataFile): vlinkPages.saleCCPage.setDataSCC is PASSED

2021-06-22 01:28:26 - [MESSAGE][PASSED] - Object 'Object Repository/VLink/Page_CCSale/txt_CardNumber' is present

2021-06-22 01:28:26 - [MESSAGE][PASSED] - Object 'Object Repository/VLink/Page_CCSale/txt_TransactionType' is present

2021-06-22 01:28:27 - [MESSAGE][PASSED] - Text '104' is set on object 'Object Repository/VLink/Page_CCSale/txt_TransactionType'

2021-06-22 01:28:27 - [MESSAGE][PASSED] - Object 'Object Repository/VLink/Page_CCSale/txt_MessageVersion' is present

2021-06-22 01:28:28 - [MESSAGE][PASSED] - Text '2.0C' is set on object 'Object Repository/VLink/Page_CCSale/txt_MessageVersion'

2021-06-22 01:28:28 - [MESSAGE][PASSED] - Object 'Object Repository/VLink/Page_CCSale/txt_RemID' is present

2021-06-22 01:28:28 - [MESSAGE][PASSED] - Text 'IUOHT9D6ctYD' is set on object 'Object Repository/VLink/Page_CCSale/txt_RemID'

2021-06-22 01:28:29 - [MESSAGE][PASSED] - Object 'Object Repository/VLink/Page_CCSale/txt_ApplicationId' is present

2021-06-22 01:28:29 - [MESSAGE][PASSED] - Text '670' is set on object 'Object Repository/VLink/Page_CCSale/txt_ApplicationId'

2021-06-22 01:28:30 - [MESSAGE][PASSED] - Object 'Object Repository/VLink/Page_CCSale/txt_Username' is present

2021-06-22 01:28:30 - [MESSAGE][PASSED] - Text 'username' is set on object 'Object Repository/VLink/Page_CCSale/txt_Username'

2021-06-22 01:28:30 - [MESSAGE][PASSED] - Object 'Object Repository/VLink/Page_CCSale/txt_Password' is present

2021-06-22 01:28:31 - [MESSAGE][PASSED] - Text 'password' is set on object 'Object Repository/VLink/Page_CCSale/txt_Password'

2021-06-22 01:28:31 - [MESSAGE][PASSED] - Object 'Object Repository/VLink/Page_CCSale/txt_ResponseFormat' is present

2021-06-22 01:28:32 - [MESSAGE][PASSED] - Text 'fixed_width' is set on object 'Object Repository/VLink/Page_CCSale/txt_ResponseFormat'

2021-06-22 01:28:32 - [MESSAGE][PASSED] - Object 'Object Repository/VLink/Page_CCSale/txt_Category' is present

2021-06-22 01:28:33 - [MESSAGE][PASSED] - Text 'MOTO' is set on object 'Object Repository/VLink/Page_CCSale/txt_Category'

2021-06-22 01:28:33 - [MESSAGE][PASSED] - Object 'Object Repository/VLink/Page_CCSale/txt_TransactionID' is present

2021-06-22 01:28:34 - [MESSAGE][PASSED] - Text '' is set on object 'Object Repository/VLink/Page_CCSale/txt_TransactionID'

2021-06-22 01:28:34 - [MESSAGE][PASSED] - Object 'Object Repository/VLink/Page_CCSale/txt_ApprovalCode' is present

2021-06-22 01:28:35 - [MESSAGE][PASSED] - Text '' is set on object 'Object Repository/VLink/Page_CCSale/txt_ApprovalCode'

2021-06-22 01:28:35 - [MESSAGE][PASSED] - Object 'Object Repository/VLink/Page_CCSale/txt_CardName' is present

2021-06-22 01:28:36 - [MESSAGE][PASSED] - Text 'Roshan Maha' is set on object 'Object Repository/VLink/Page_CCSale/txt_CardName'

2021-06-22 01:28:36 - [MESSAGE][PASSED] - Object 'Object Repository/VLink/Page_CCSale/txt_AL1' is present

2021-06-22 01:28:37 - [MESSAGE][PASSED] - Text '12563 Bazaar road' is set on object 'Object Repository/VLink/Page_CCSale/txt_AL1'

2021-06-22 01:28:37 - [MESSAGE][PASSED] - Object 'Object Repository/VLink/Page_CCSale/txt_AL2' is present

2021-06-22 01:28:38 - [MESSAGE][PASSED] - Text '' is set on object 'Object Repository/VLink/Page_CCSale/txt_AL2'

2021-06-22 01:28:38 - [MESSAGE][PASSED] - Object 'Object Repository/VLink/Page_CCSale/txt_CardCity' is present

2021-06-22 01:28:39 - [MESSAGE][PASSED] - Text 'Crofton' is set on object 'Object Repository/VLink/Page_CCSale/txt_CardCity'

2021-06-22 01:28:39 - [MESSAGE][PASSED] - Object 'Object Repository/VLink/Page_CCSale/txt_CardState' is present

2021-06-22 01:28:40 - [MESSAGE][PASSED] - Text 'MD' is set on object 'Object Repository/VLink/Page_CCSale/txt_CardState'

2021-06-22 01:28:40 - [MESSAGE][PASSED] - Object 'Object Repository/VLink/Page_CCSale/txt_CardZIP' is present

2021-06-22 01:28:41 - [MESSAGE][PASSED] - Text '21114' is set on object 'Object Repository/VLink/Page_CCSale/txt_CardZIP'

2021-06-22 01:28:41 - [MESSAGE][PASSED] - Object 'Object Repository/VLink/Page_CCSale/txt_CountryID' is present

2021-06-22 01:28:42 - [MESSAGE][PASSED] - Text '' is set on object 'Object Repository/VLink/Page_CCSale/txt_CountryID'

2021-06-22 01:28:42 - [MESSAGE][PASSED] - Object 'Object Repository/VLink/Page_CCSale/txt_Amount' is present

2021-06-22 01:28:43 - [MESSAGE][PASSED] - Text '3.50' is set on object 'Object Repository/VLink/Page_CCSale/txt_Amount'

2021-06-22 01:28:43 - [MESSAGE][PASSED] - Object 'Object Repository/VLink/Page_CCSale/txt_CardNumber' is present

2021-06-22 01:28:44 - [MESSAGE][PASSED] - Text '5424000000000015' is set on object 'Object Repository/VLink/Page_CCSale/txt_CardNumber'

2021-06-22 01:28:44 - [MESSAGE][PASSED] - Object 'Object Repository/VLink/Page_CCSale/txt_ExpMonth' is present

2021-06-22 01:28:45 - [MESSAGE][PASSED] - Text '01' is set on object 'Object Repository/VLink/Page_CCSale/txt_ExpMonth'

2021-06-22 01:28:45 - [MESSAGE][PASSED] - Object 'Object Repository/VLink/Page_CCSale/txt_ExpYear' is present

2021-06-22 01:28:46 - [MESSAGE][PASSED] - Text '2026' is set on object 'Object Repository/VLink/Page_CCSale/txt_ExpYear'

2021-06-22 01:28:46 - [MESSAGE][PASSED] - Object 'Object Repository/VLink/Page_CCSale/txt_CVV' is present

2021-06-22 01:28:47 - [MESSAGE][PASSED] - Text '' is set on object 'Object Repository/VLink/Page_CCSale/txt_CVV'

2021-06-22 01:28:47 - [MESSAGE][PASSED] - Object 'Object Repository/VLink/Page_CCSale/txt_CVVstate' is present

2021-06-22 01:28:48 - [MESSAGE][PASSED] - Text '' is set on object 'Object Repository/VLink/Page_CCSale/txt_CVVstate'

2021-06-22 01:28:48 - [MESSAGE][PASSED] - Object 'Object Repository/VLink/Page_CCSale/txt_TrackData' is present

2021-06-22 01:28:48 - [MESSAGE][PASSED] - Text '' is set on object 'Object Repository/VLink/Page_CCSale/txt_TrackData'

2021-06-22 01:28:49 - [MESSAGE][PASSED] - Object 'Object Repository/VLink/Page_CCSale/txt_Track1Data' is present

2021-06-22 01:28:49 - [MESSAGE][PASSED] - Text '' is set on object 'Object Repository/VLink/Page_CCSale/txt_Track1Data'

2021-06-22 01:28:50 - [MESSAGE][PASSED] - Object 'Object Repository/VLink/Page_CCSale/txt_Track2Data' is present

2021-06-22 01:28:50 - [MESSAGE][PASSED] - Text '' is set on object 'Object Repository/VLink/Page_CCSale/txt_Track2Data'

2021-06-22 01:28:51 - [MESSAGE][PASSED] - Object 'Object Repository/VLink/Page_CCSale/txt_POSEntryMode' is present

2021-06-22 01:28:51 - [MESSAGE][PASSED] - Text 'manual' is set on object 'Object Repository/VLink/Page_CCSale/txt_POSEntryMode'

2021-06-22 01:28:52 - [MESSAGE][PASSED] - Object 'Object Repository/VLink/Page_CCSale/txt_Email' is present

2021-06-22 01:28:52 - [MESSAGE][PASSED] - Text '' is set on object 'Object Repository/VLink/Page_CCSale/txt_Email'

2021-06-22 01:28:53 - [MESSAGE][PASSED] - Object 'Object Repository/VLink/Page_CCSale/txt_OrderNumber' is present

2021-06-22 01:28:53 - [MESSAGE][PASSED] - Text '' is set on object 'Object Repository/VLink/Page_CCSale/txt_OrderNumber'

2021-06-22 01:28:54 - [MESSAGE][PASSED] - Object 'Object Repository/VLink/Page_CCSale/txt_TaxAmount' is present

2021-06-22 01:28:54 - [MESSAGE][PASSED] - Text '' is set on object 'Object Repository/VLink/Page_CCSale/txt_TaxAmount'

2021-06-22 01:28:55 - [MESSAGE][PASSED] - Object 'Object Repository/VLink/Page_CCSale/txt_ChargeDescription' is present

2021-06-22 01:28:55 - [MESSAGE][PASSED] - Text '' is set on object 'Object Repository/VLink/Page_CCSale/txt_ChargeDescription'

2021-06-22 01:28:56 - [MESSAGE][PASSED] - Object 'Object Repository/VLink/Page_CCSale/txt_CAN' is present

2021-06-22 01:28:56 - [MESSAGE][PASSED] - Text '' is set on object 'Object Repository/VLink/Page_CCSale/txt_CAN'

2021-06-22 01:28:57 - [MESSAGE][PASSED] - Object 'Object Repository/VLink/Page_CCSale/txt_BillPaymentIndicator' is present

2021-06-22 01:28:57 - [MESSAGE][PASSED] - Text '' is set on object 'Object Repository/VLink/Page_CCSale/txt_BillPaymentIndicator'

2021-06-22 01:28:58 - [MESSAGE][PASSED] - Object 'Object Repository/VLink/Page_CCSale/txt_UDF1' is present

2021-06-22 01:28:58 - [MESSAGE][PASSED] - Text '' is set on object 'Object Repository/VLink/Page_CCSale/txt_UDF1'

2021-06-22 01:28:59 - [MESSAGE][PASSED] - Object 'Object Repository/VLink/Page_CCSale/txt_UDF2' is present

2021-06-22 01:28:59 - [MESSAGE][PASSED] - Text '' is set on object 'Object Repository/VLink/Page_CCSale/txt_UDF2'

2021-06-22 01:29:00 - [MESSAGE][PASSED] - Object 'Object Repository/VLink/Page_CCSale/txt_UDF3' is present

2021-06-22 01:29:00 - [MESSAGE][PASSED] - Text '' is set on object 'Object Repository/VLink/Page_CCSale/txt_UDF3'

2021-06-22 01:29:00 - [MESSAGE][PASSED] - Object 'Object Repository/VLink/Page_CCSale/txt_UDF4' is present

2021-06-22 01:29:01 - [MESSAGE][PASSED] - Text '' is set on object 'Object Repository/VLink/Page_CCSale/txt_UDF4'

2021-06-22 01:29:01 - [MESSAGE][PASSED] - Object 'Object Repository/VLink/Page_CCSale/txt_UDF5' is present

2021-06-22 01:29:02 - [MESSAGE][PASSED] - Text '' is set on object 'Object Repository/VLink/Page_CCSale/txt_UDF5'

2021-06-22 01:29:02 - [MESSAGE][PASSED] - Object 'Object Repository/VLink/Page_CCSale/txt_UDF6' is present

2021-06-22 01:29:03 - [MESSAGE][PASSED] - Text '' is set on object 'Object Repository/VLink/Page_CCSale/txt_UDF6'

2021-06-22 01:29:03 - [MESSAGE][PASSED] - Object 'Object Repository/VLink/Page_CCSale/txt_UDF7' is present

2021-06-22 01:29:04 - [MESSAGE][PASSED] - Text '' is set on object 'Object Repository/VLink/Page_CCSale/txt_UDF7'

2021-06-22 01:29:04 - [MESSAGE][PASSED] - Object 'Object Repository/VLink/Page_CCSale/txt_UDF8' is present

2021-06-22 01:29:05 - [MESSAGE][PASSED] - Text '' is set on object 'Object Repository/VLink/Page_CCSale/txt_UDF8'

2021-06-22 01:29:05 - [MESSAGE][PASSED] - Object 'Object Repository/VLink/Page_CCSale/txt_UDF9' is present

2021-06-22 01:29:06 - [MESSAGE][PASSED] - Text '' is set on object 'Object Repository/VLink/Page_CCSale/txt_UDF9'

2021-06-22 01:29:06 - [MESSAGE][PASSED] - Object 'Object Repository/VLink/Page_CCSale/txt_UDF10' is present

2021-06-22 01:29:07 - [MESSAGE][PASSED] - Text '' is set on object 'Object Repository/VLink/Page_CCSale/txt_UDF10'

2021-06-22 01:29:07 - [MESSAGE][PASSED] - Object 'Object Repository/VLink/Page_CCSale/txt_CardOnFileIndicator' is present

2021-06-22 01:29:08 - [MESSAGE][PASSED] - Text '' is set on object 'Object Repository/VLink/Page_CCSale/txt_CardOnFileIndicator'

2021-06-22 01:29:08 - [MESSAGE][PASSED] - Object 'Object Repository/VLink/Page_CCSale/txt_StoredCredentialIndicator' is present

2021-06-22 01:29:09 - [MESSAGE][PASSED] - Text '' is set on object 'Object Repository/VLink/Page_CCSale/txt_StoredCredentialIndicator'

2021-06-22 01:29:09 - [MESSAGE][PASSED] - Object 'Object Repository/VLink/Page_CCSale/txt_COFScheduledIndicator' is present

2021-06-22 01:29:10 - [MESSAGE][PASSED] - Text '' is set on object 'Object Repository/VLink/Page_CCSale/txt_COFScheduledIndicator'

2021-06-22 01:29:10 - [MESSAGE][PASSED] - Object 'Object Repository/VLink/Page_CCSale/txt_COFTransactionInitiatedBy' is present

2021-06-22 01:29:11 - [MESSAGE][PASSED] - Text '' is set on object 'Object Repository/VLink/Page_CCSale/txt_COFTransactionInitiatedBy'

2021-06-22 01:29:16 - [MESSAGE][PASSED] - Object: 'Object Repository/VLink/Page_CCSale/btn_ProcessVLinkTransaction' is clicked on

2021-06-22 01:29:21 - [MESSAGE][PASSED] - vlinkPages.saleCCPage.setDataSCC is PASSED

2021-06-22 01:29:21 - [TEST_STEP][PASSED] - if (verifyTextPresent("Transaction approved, no errors", true)): null

2021-06-22 01:29:21 - [MESSAGE][PASSED] - Text 'Transaction approved, no errors' is present on page  using regular expression

2021-06-22 01:29:21 - [TEST_STEP][PASSED] - println("Transaction Approved, no errors text is present on the Confirmation page"): null

2021-06-22 01:29:21 - [TEST_STEP][PASSED] - out.println("Pass Record Number: " + row): null

2021-06-22 01:29:21 - [TEST_STEP][PASSED] - resText = "Pass": null

2021-06-22 01:29:21 - [TEST_STEP][PASSED] - pages.WriteExcel.demoKey(resText, datText, resColumn, datCloumn, fileLoc, nameSheet, row): pages.WriteExcel.demoKey is PASSED

2021-06-22 01:29:22 - [MESSAGE][PASSED] - pages.WriteExcel.demoKey is PASSED

2021-06-22 01:29:22 - [TEST_STEP][PASSED] - sdfo = getText(findTestObject("Object Repository/Page_VLinkReceipt/pre_STX")): Text of object 'Object Repository/Page_VLinkReceipt/pre_STX' is: '<STX>IUOHT9D6ctYD                  12098370            0  Transaction approved, no errors                   0                                                                                  Y 006308   <ETX>'

2021-06-22 01:29:22 - [MESSAGE][PASSED] - Text of object 'Object Repository/Page_VLinkReceipt/pre_STX' is: '<STX>IUOHT9D6ctYD                  12098370            0  Transaction approved, no errors                   0                                                                                  Y 006308   <ETX>'

2021-06-22 01:29:22 - [TEST_STEP][PASSED] - out.println("sdfo: " + sdfo): null

2021-06-22 01:29:22 - [TEST_STEP][PASSED] - remID = substring(5, 35).trim(): null

2021-06-22 01:29:22 - [TEST_STEP][PASSED] - out.println("Remittance ID: " + remID): null

2021-06-22 01:29:22 - [TEST_STEP][PASSED] - traxID = substring(35, 55).trim(): null

2021-06-22 01:29:22 - [TEST_STEP][PASSED] - out.println("Transaction ID: " + traxID): null

2021-06-22 01:29:22 - [TEST_STEP][PASSED] - out.println("End Record Number: " + row): null

2021-06-22 01:29:22 - [TEST_STEP][PASSED] - closeBrowser(): Browser is closed

2021-06-22 01:29:23 - [MESSAGE][PASSED] - Browser is closed

2021-06-22 01:29:23 - [TEST_STEP][PASSED] - out.println("Begin Record Number: " + row): null

2021-06-22 01:29:23 - [TEST_STEP][PASSED] - today = new java.util.Date(): null

2021-06-22 01:29:23 - [TEST_STEP][PASSED] - println(today): null

2021-06-22 01:29:23 - [TEST_STEP][PASSED] - datText = today: null

2021-06-22 01:29:23 - [TEST_STEP][PASSED] - openBrowser(VLinkURL + "authcap.html"): Browser is opened with url: 'https://dev-algorithm.govolution.com/vlinktest/QA/version_2_0/authcap.html'

2021-06-22 01:29:23 - [MESSAGE][INFO] - Starting 'Chrome' driver

2021-06-22 01:29:23 - [MESSAGE][INFO] - User set preference: ['acceptInsecureCerts', 'true']

2021-06-22 01:29:23 - [MESSAGE][INFO] - Action delay is set to 0 milliseconds

2021-06-22 01:29:24 - [MESSAGE][PASSED] - Browser is opened with url: 'https://dev-algorithm.govolution.com/vlinktest/QA/version_2_0/authcap.html'

2021-06-22 01:29:24 - [TEST_STEP][PASSED] - maximizeWindow(): Current window maximized

2021-06-22 01:29:24 - [MESSAGE][PASSED] - Current window maximized

2021-06-22 01:29:24 - [TEST_STEP][PASSED] - vlinkPages.saleCCPage.setDataSCC(row, dataFile): vlinkPages.saleCCPage.setDataSCC is PASSED

2021-06-22 01:29:26 - [MESSAGE][PASSED] - Object 'Object Repository/VLink/Page_CCSale/txt_CardNumber' is present

2021-06-22 01:29:27 - [MESSAGE][PASSED] - Object 'Object Repository/VLink/Page_CCSale/txt_TransactionType' is present

2021-06-22 01:29:27 - [MESSAGE][PASSED] - Text '104' is set on object 'Object Repository/VLink/Page_CCSale/txt_TransactionType'

2021-06-22 01:29:28 - [MESSAGE][PASSED] - Object 'Object Repository/VLink/Page_CCSale/txt_MessageVersion' is present

2021-06-22 01:29:28 - [MESSAGE][PASSED] - Text '2.0C' is set on object 'Object Repository/VLink/Page_CCSale/txt_MessageVersion'

2021-06-22 01:29:29 - [MESSAGE][PASSED] - Object 'Object Repository/VLink/Page_CCSale/txt_RemID' is present

2021-06-22 01:29:29 - [MESSAGE][PASSED] - Text 'rGxKNFCYhCz1' is set on object 'Object Repository/VLink/Page_CCSale/txt_RemID'

2021-06-22 01:29:29 - [MESSAGE][PASSED] - Object 'Object Repository/VLink/Page_CCSale/txt_ApplicationId' is present

2021-06-22 01:29:30 - [MESSAGE][PASSED] - Text '670' is set on object 'Object Repository/VLink/Page_CCSale/txt_ApplicationId'

2021-06-22 01:29:30 - [MESSAGE][PASSED] - Object 'Object Repository/VLink/Page_CCSale/txt_Username' is present

2021-06-22 01:29:31 - [MESSAGE][PASSED] - Text 'username' is set on object 'Object Repository/VLink/Page_CCSale/txt_Username'

2021-06-22 01:29:31 - [MESSAGE][PASSED] - Object 'Object Repository/VLink/Page_CCSale/txt_Password' is present

2021-06-22 01:29:32 - [MESSAGE][PASSED] - Text 'password' is set on object 'Object Repository/VLink/Page_CCSale/txt_Password'

2021-06-22 01:29:32 - [MESSAGE][PASSED] - Object 'Object Repository/VLink/Page_CCSale/txt_ResponseFormat' is present

2021-06-22 01:29:33 - [MESSAGE][PASSED] - Text 'fixed_width' is set on object 'Object Repository/VLink/Page_CCSale/txt_ResponseFormat'

2021-06-22 01:29:33 - [MESSAGE][PASSED] - Object 'Object Repository/VLink/Page_CCSale/txt_Category' is present

2021-06-22 01:29:34 - [MESSAGE][PASSED] - Text 'MOTO' is set on object 'Object Repository/VLink/Page_CCSale/txt_Category'

2021-06-22 01:29:34 - [MESSAGE][PASSED] - Object 'Object Repository/VLink/Page_CCSale/txt_TransactionID' is present

2021-06-22 01:29:34 - [MESSAGE][PASSED] - Text '' is set on object 'Object Repository/VLink/Page_CCSale/txt_TransactionID'

2021-06-22 01:29:35 - [MESSAGE][PASSED] - Object 'Object Repository/VLink/Page_CCSale/txt_ApprovalCode' is present

2021-06-22 01:29:35 - [MESSAGE][PASSED] - Text '' is set on object 'Object Repository/VLink/Page_CCSale/txt_ApprovalCode'

2021-06-22 01:29:36 - [MESSAGE][PASSED] - Object 'Object Repository/VLink/Page_CCSale/txt_CardName' is present

2021-06-22 01:29:36 - [MESSAGE][PASSED] - Text 'Kris Roshan' is set on object 'Object Repository/VLink/Page_CCSale/txt_CardName'

2021-06-22 01:29:37 - [MESSAGE][PASSED] - Object 'Object Repository/VLink/Page_CCSale/txt_AL1' is present

2021-06-22 01:29:37 - [MESSAGE][PASSED] - Text '258 Elm Road' is set on object 'Object Repository/VLink/Page_CCSale/txt_AL1'

2021-06-22 01:29:38 - [MESSAGE][PASSED] - Object 'Object Repository/VLink/Page_CCSale/txt_AL2' is present

2021-06-22 01:29:38 - [MESSAGE][PASSED] - Text 'Suite 56' is set on object 'Object Repository/VLink/Page_CCSale/txt_AL2'

2021-06-22 01:29:39 - [MESSAGE][PASSED] - Object 'Object Repository/VLink/Page_CCSale/txt_CardCity' is present

2021-06-22 01:29:39 - [MESSAGE][PASSED] - Text 'Arlington' is set on object 'Object Repository/VLink/Page_CCSale/txt_CardCity'

2021-06-22 01:29:40 - [MESSAGE][PASSED] - Object 'Object Repository/VLink/Page_CCSale/txt_CardState' is present

2021-06-22 01:29:40 - [MESSAGE][PASSED] - Text 'VA' is set on object 'Object Repository/VLink/Page_CCSale/txt_CardState'

2021-06-22 01:29:41 - [MESSAGE][PASSED] - Object 'Object Repository/VLink/Page_CCSale/txt_CardZIP' is present

2021-06-22 01:29:41 - [MESSAGE][PASSED] - Text '22201' is set on object 'Object Repository/VLink/Page_CCSale/txt_CardZIP'

2021-06-22 01:29:42 - [MESSAGE][PASSED] - Object 'Object Repository/VLink/Page_CCSale/txt_CountryID' is present

2021-06-22 01:29:42 - [MESSAGE][PASSED] - Text '840' is set on object 'Object Repository/VLink/Page_CCSale/txt_CountryID'

2021-06-22 01:29:43 - [MESSAGE][PASSED] - Object 'Object Repository/VLink/Page_CCSale/txt_Amount' is present

2021-06-22 01:29:43 - [MESSAGE][PASSED] - Text '1.50' is set on object 'Object Repository/VLink/Page_CCSale/txt_Amount'

2021-06-22 01:29:44 - [MESSAGE][PASSED] - Object 'Object Repository/VLink/Page_CCSale/txt_CardNumber' is present

2021-06-22 01:29:44 - [MESSAGE][PASSED] - Text '370000000000002' is set on object 'Object Repository/VLink/Page_CCSale/txt_CardNumber'

2021-06-22 01:29:45 - [MESSAGE][PASSED] - Object 'Object Repository/VLink/Page_CCSale/txt_ExpMonth' is present

2021-06-22 01:29:45 - [MESSAGE][PASSED] - Text '12' is set on object 'Object Repository/VLink/Page_CCSale/txt_ExpMonth'

2021-06-22 01:29:46 - [MESSAGE][PASSED] - Object 'Object Repository/VLink/Page_CCSale/txt_ExpYear' is present

2021-06-22 01:29:46 - [MESSAGE][PASSED] - Text '2025' is set on object 'Object Repository/VLink/Page_CCSale/txt_ExpYear'

2021-06-22 01:29:47 - [MESSAGE][PASSED] - Object 'Object Repository/VLink/Page_CCSale/txt_CVV' is present

2021-06-22 01:29:47 - [MESSAGE][PASSED] - Text '' is set on object 'Object Repository/VLink/Page_CCSale/txt_CVV'

2021-06-22 01:29:48 - [MESSAGE][PASSED] - Object 'Object Repository/VLink/Page_CCSale/txt_CVVstate' is present

2021-06-22 01:29:48 - [MESSAGE][PASSED] - Text '' is set on object 'Object Repository/VLink/Page_CCSale/txt_CVVstate'

2021-06-22 01:29:49 - [MESSAGE][PASSED] - Object 'Object Repository/VLink/Page_CCSale/txt_TrackData' is present

2021-06-22 01:29:49 - [MESSAGE][PASSED] - Text '' is set on object 'Object Repository/VLink/Page_CCSale/txt_TrackData'

2021-06-22 01:29:50 - [MESSAGE][PASSED] - Object 'Object Repository/VLink/Page_CCSale/txt_Track1Data' is present

2021-06-22 01:29:50 - [MESSAGE][PASSED] - Text '' is set on object 'Object Repository/VLink/Page_CCSale/txt_Track1Data'

2021-06-22 01:29:51 - [MESSAGE][PASSED] - Object 'Object Repository/VLink/Page_CCSale/txt_Track2Data' is present

2021-06-22 01:29:51 - [MESSAGE][PASSED] - Text '' is set on object 'Object Repository/VLink/Page_CCSale/txt_Track2Data'

2021-06-22 01:29:52 - [MESSAGE][PASSED] - Object 'Object Repository/VLink/Page_CCSale/txt_POSEntryMode' is present

2021-06-22 01:29:52 - [MESSAGE][PASSED] - Text 'manual' is set on object 'Object Repository/VLink/Page_CCSale/txt_POSEntryMode'

2021-06-22 01:29:52 - [MESSAGE][PASSED] - Object 'Object Repository/VLink/Page_CCSale/txt_Email' is present

2021-06-22 01:29:53 - [MESSAGE][PASSED] - Text 'iahmed@govolution.com' is set on object 'Object Repository/VLink/Page_CCSale/txt_Email'

2021-06-22 01:29:53 - [MESSAGE][PASSED] - Object 'Object Repository/VLink/Page_CCSale/txt_OrderNumber' is present

2021-06-22 01:29:54 - [MESSAGE][PASSED] - Text '2569362' is set on object 'Object Repository/VLink/Page_CCSale/txt_OrderNumber'

2021-06-22 01:29:54 - [MESSAGE][PASSED] - Object 'Object Repository/VLink/Page_CCSale/txt_TaxAmount' is present

2021-06-22 01:29:55 - [MESSAGE][PASSED] - Text '1.15' is set on object 'Object Repository/VLink/Page_CCSale/txt_TaxAmount'

2021-06-22 01:29:55 - [MESSAGE][PASSED] - Object 'Object Repository/VLink/Page_CCSale/txt_ChargeDescription' is present

2021-06-22 01:29:56 - [MESSAGE][PASSED] - Text 'Charge Description' is set on object 'Object Repository/VLink/Page_CCSale/txt_ChargeDescription'

2021-06-22 01:29:56 - [MESSAGE][PASSED] - Object 'Object Repository/VLink/Page_CCSale/txt_CAN' is present

2021-06-22 01:29:57 - [MESSAGE][PASSED] - Text '147357' is set on object 'Object Repository/VLink/Page_CCSale/txt_CAN'

2021-06-22 01:29:57 - [MESSAGE][PASSED] - Object 'Object Repository/VLink/Page_CCSale/txt_BillPaymentIndicator' is present

2021-06-22 01:29:58 - [MESSAGE][PASSED] - Text '1' is set on object 'Object Repository/VLink/Page_CCSale/txt_BillPaymentIndicator'

2021-06-22 01:29:58 - [MESSAGE][PASSED] - Object 'Object Repository/VLink/Page_CCSale/txt_UDF1' is present

2021-06-22 01:29:59 - [MESSAGE][PASSED] - Text 'UDF Data 1' is set on object 'Object Repository/VLink/Page_CCSale/txt_UDF1'

2021-06-22 01:29:59 - [MESSAGE][PASSED] - Object 'Object Repository/VLink/Page_CCSale/txt_UDF2' is present

2021-06-22 01:30:00 - [MESSAGE][PASSED] - Text 'UDF Data 2' is set on object 'Object Repository/VLink/Page_CCSale/txt_UDF2'

2021-06-22 01:30:00 - [MESSAGE][PASSED] - Object 'Object Repository/VLink/Page_CCSale/txt_UDF3' is present

2021-06-22 01:30:01 - [MESSAGE][PASSED] - Text 'UDF Data 3' is set on object 'Object Repository/VLink/Page_CCSale/txt_UDF3'

2021-06-22 01:30:01 - [MESSAGE][PASSED] - Object 'Object Repository/VLink/Page_CCSale/txt_UDF4' is present

2021-06-22 01:30:02 - [MESSAGE][PASSED] - Text 'UDF Data 4' is set on object 'Object Repository/VLink/Page_CCSale/txt_UDF4'

2021-06-22 01:30:02 - [MESSAGE][PASSED] - Object 'Object Repository/VLink/Page_CCSale/txt_UDF5' is present

2021-06-22 01:30:03 - [MESSAGE][PASSED] - Text 'UDF Data 5' is set on object 'Object Repository/VLink/Page_CCSale/txt_UDF5'

2021-06-22 01:30:03 - [MESSAGE][PASSED] - Object 'Object Repository/VLink/Page_CCSale/txt_UDF6' is present

2021-06-22 01:30:04 - [MESSAGE][PASSED] - Text 'UDF Data 6' is set on object 'Object Repository/VLink/Page_CCSale/txt_UDF6'

2021-06-22 01:30:04 - [MESSAGE][PASSED] - Object 'Object Repository/VLink/Page_CCSale/txt_UDF7' is present

2021-06-22 01:30:05 - [MESSAGE][PASSED] - Text 'UDF Data 7' is set on object 'Object Repository/VLink/Page_CCSale/txt_UDF7'

2021-06-22 01:30:05 - [MESSAGE][PASSED] - Object 'Object Repository/VLink/Page_CCSale/txt_UDF8' is present

2021-06-22 01:30:06 - [MESSAGE][PASSED] - Text 'UDF Data 8' is set on object 'Object Repository/VLink/Page_CCSale/txt_UDF8'

2021-06-22 01:30:06 - [MESSAGE][PASSED] - Object 'Object Repository/VLink/Page_CCSale/txt_UDF9' is present

2021-06-22 01:30:07 - [MESSAGE][PASSED] - Text 'UDF Data 9' is set on object 'Object Repository/VLink/Page_CCSale/txt_UDF9'

2021-06-22 01:30:07 - [MESSAGE][PASSED] - Object 'Object Repository/VLink/Page_CCSale/txt_UDF10' is present

2021-06-22 01:30:08 - [MESSAGE][PASSED] - Text 'UDF Data 10' is set on object 'Object Repository/VLink/Page_CCSale/txt_UDF10'

2021-06-22 01:30:08 - [MESSAGE][PASSED] - Object 'Object Repository/VLink/Page_CCSale/txt_CardOnFileIndicator' is present

2021-06-22 01:30:09 - [MESSAGE][PASSED] - Text '' is set on object 'Object Repository/VLink/Page_CCSale/txt_CardOnFileIndicator'

2021-06-22 01:30:09 - [MESSAGE][PASSED] - Object 'Object Repository/VLink/Page_CCSale/txt_StoredCredentialIndicator' is present

2021-06-22 01:30:10 - [MESSAGE][PASSED] - Text '' is set on object 'Object Repository/VLink/Page_CCSale/txt_StoredCredentialIndicator'

2021-06-22 01:30:10 - [MESSAGE][PASSED] - Object 'Object Repository/VLink/Page_CCSale/txt_COFScheduledIndicator' is present

2021-06-22 01:30:11 - [MESSAGE][PASSED] - Text '' is set on object 'Object Repository/VLink/Page_CCSale/txt_COFScheduledIndicator'

2021-06-22 01:30:11 - [MESSAGE][PASSED] - Object 'Object Repository/VLink/Page_CCSale/txt_COFTransactionInitiatedBy' is present

2021-06-22 01:30:12 - [MESSAGE][PASSED] - Text '' is set on object 'Object Repository/VLink/Page_CCSale/txt_COFTransactionInitiatedBy'

2021-06-22 01:30:17 - [MESSAGE][PASSED] - Object: 'Object Repository/VLink/Page_CCSale/btn_ProcessVLinkTransaction' is clicked on

2021-06-22 01:30:22 - [MESSAGE][PASSED] - vlinkPages.saleCCPage.setDataSCC is PASSED

2021-06-22 01:30:22 - [TEST_STEP][FAILED] - if (verifyTextPresent("Transaction approved, no errors", true)): Text 'Transaction approved, no errors' is not present on page  using regular expression (Root cause: com.kms.katalon.core.exception.StepFailedException: Text 'Transaction approved, no errors' is not present on page  using regular expression
	at com.kms.katalon.core.webui.keyword.internal.WebUIKeywordMain.stepFailed(WebUIKeywordMain.groovy:64)
	at com.kms.katalon.core.webui.keyword.builtin.VerifyTextPresentKeyword$_verifyTextPresent_closure1.doCall(VerifyTextPresentKeyword.groovy:79)
	at com.kms.katalon.core.webui.keyword.builtin.VerifyTextPresentKeyword$_verifyTextPresent_closure1.call(VerifyTextPresentKeyword.groovy)
	at com.kms.katalon.core.webui.keyword.internal.WebUIKeywordMain.runKeyword(WebUIKeywordMain.groovy:20)
	at com.kms.katalon.core.webui.keyword.builtin.VerifyTextPresentKeyword.verifyTextPresent(VerifyTextPresentKeyword.groovy:83)
	at com.kms.katalon.core.webui.keyword.builtin.VerifyTextPresentKeyword.execute(VerifyTextPresentKeyword.groovy:68)
	at com.kms.katalon.core.keyword.internal.KeywordExecutor.executeKeywordForPlatform(KeywordExecutor.groovy:72)
	at com.kms.katalon.core.webui.keyword.WebUiBuiltInKeywords.verifyTextPresent(WebUiBuiltInKeywords.groovy:1719)
	at com.kms.katalon.core.webui.keyword.WebUiBuiltInKeywords$verifyTextPresent$4.call(Unknown Source)
	at VLinkSale-Successful.run(VLinkSale-Successful:76)
	at com.kms.katalon.core.main.ScriptEngine.run(ScriptEngine.java:194)
	at com.kms.katalon.core.main.ScriptEngine.runScriptAsRawText(ScriptEngine.java:119)
	at com.kms.katalon.core.main.TestCaseExecutor.runScript(TestCaseExecutor.java:337)
	at com.kms.katalon.core.main.TestCaseExecutor.doExecute(TestCaseExecutor.java:328)
	at com.kms.katalon.core.main.TestCaseExecutor.processExecutionPhase(TestCaseExecutor.java:307)
	at com.kms.katalon.core.main.TestCaseExecutor.accessMainPhase(TestCaseExecutor.java:299)
	at com.kms.katalon.core.main.TestCaseExecutor.execute(TestCaseExecutor.java:233)
	at com.kms.katalon.core.main.TestSuiteExecutor.accessTestCaseMainPhase(TestSuiteExecutor.java:169)
	at com.kms.katalon.core.main.TestSuiteExecutor.accessTestSuiteMainPhase(TestSuiteExecutor.java:142)
	at com.kms.katalon.core.main.TestSuiteExecutor.execute(TestSuiteExecutor.java:91)
	at com.kms.katalon.core.main.TestCaseMain.startTestSuite(TestCaseMain.java:157)
	at com.kms.katalon.core.main.TestCaseMain$startTestSuite$0.call(Unknown Source)
	at TempTestSuite1624337272106.run(TempTestSuite1624337272106.groovy:37)
)

2021-06-22 01:30:22 - [MESSAGE][FAILED] - Text 'Transaction approved, no errors' is not present on page  using regular expression (Root cause: com.kms.katalon.core.exception.StepFailedException: Text 'Transaction approved, no errors' is not present on page  using regular expression
	at com.kms.katalon.core.webui.keyword.internal.WebUIKeywordMain.stepFailed(WebUIKeywordMain.groovy:64)
	at com.kms.katalon.core.webui.keyword.builtin.VerifyTextPresentKeyword$_verifyTextPresent_closure1.doCall(VerifyTextPresentKeyword.groovy:79)
	at com.kms.katalon.core.webui.keyword.builtin.VerifyTextPresentKeyword$_verifyTextPresent_closure1.call(VerifyTextPresentKeyword.groovy)
	at com.kms.katalon.core.webui.keyword.internal.WebUIKeywordMain.runKeyword(WebUIKeywordMain.groovy:20)
	at com.kms.katalon.core.webui.keyword.builtin.VerifyTextPresentKeyword.verifyTextPresent(VerifyTextPresentKeyword.groovy:83)
	at com.kms.katalon.core.webui.keyword.builtin.VerifyTextPresentKeyword.execute(VerifyTextPresentKeyword.groovy:68)
	at com.kms.katalon.core.keyword.internal.KeywordExecutor.executeKeywordForPlatform(KeywordExecutor.groovy:72)
	at com.kms.katalon.core.webui.keyword.WebUiBuiltInKeywords.verifyTextPresent(WebUiBuiltInKeywords.groovy:1719)
	at com.kms.katalon.core.webui.keyword.WebUiBuiltInKeywords$verifyTextPresent$4.call(Unknown Source)
	at VLinkSale-Successful.run(VLinkSale-Successful:76)
	at com.kms.katalon.core.main.ScriptEngine.run(ScriptEngine.java:194)
	at com.kms.katalon.core.main.ScriptEngine.runScriptAsRawText(ScriptEngine.java:119)
	at com.kms.katalon.core.main.TestCaseExecutor.runScript(TestCaseExecutor.java:337)
	at com.kms.katalon.core.main.TestCaseExecutor.doExecute(TestCaseExecutor.java:328)
	at com.kms.katalon.core.main.TestCaseExecutor.processExecutionPhase(TestCaseExecutor.java:307)
	at com.kms.katalon.core.main.TestCaseExecutor.accessMainPhase(TestCaseExecutor.java:299)
	at com.kms.katalon.core.main.TestCaseExecutor.execute(TestCaseExecutor.java:233)
	at com.kms.katalon.core.main.TestSuiteExecutor.accessTestCaseMainPhase(TestSuiteExecutor.java:169)
	at com.kms.katalon.core.main.TestSuiteExecutor.accessTestSuiteMainPhase(TestSuiteExecutor.java:142)
	at com.kms.katalon.core.main.TestSuiteExecutor.execute(TestSuiteExecutor.java:91)
	at com.kms.katalon.core.main.TestCaseMain.startTestSuite(TestCaseMain.java:157)
	at com.kms.katalon.core.main.TestCaseMain$startTestSuite$0.call(Unknown Source)
	at TempTestSuite1624337272106.run(TempTestSuite1624337272106.groovy:37)
)

2021-06-22 01:30:22 - [TEST_STEP][PASSED] - else: pages.WriteExcel.demoKey is PASSED

2021-06-22 01:30:22 - [TEST_STEP][PASSED] - println("Transaction Approved, no errors text is not present on the Confirmation page"): null

2021-06-22 01:30:22 - [TEST_STEP][PASSED] - out.println("Fail Record Number: " + row): null

2021-06-22 01:30:22 - [TEST_STEP][PASSED] - resText = "Fail": null

2021-06-22 01:30:22 - [TEST_STEP][PASSED] - pages.WriteExcel.demoKey(resText, datText, resColumn, datCloumn, fileLoc, nameSheet, row): pages.WriteExcel.demoKey is PASSED

2021-06-22 01:30:22 - [MESSAGE][PASSED] - pages.WriteExcel.demoKey is PASSED

2021-06-22 01:30:22 - [TEST_STEP][PASSED] - sdfo = getText(findTestObject("Object Repository/Page_VLinkReceipt/pre_STX")): Text of object 'Object Repository/Page_VLinkReceipt/pre_STX' is: '<STX>rGxKNFCYhCz1                  12098371            2  Transaction failed                                105Processor reported error                                                        U          <ETX>'

2021-06-22 01:30:22 - [MESSAGE][PASSED] - Text of object 'Object Repository/Page_VLinkReceipt/pre_STX' is: '<STX>rGxKNFCYhCz1                  12098371            2  Transaction failed                                105Processor reported error                                                        U          <ETX>'

2021-06-22 01:30:22 - [TEST_STEP][PASSED] - out.println("sdfo: " + sdfo): null

2021-06-22 01:30:22 - [TEST_STEP][PASSED] - remID = substring(5, 35).trim(): null

2021-06-22 01:30:22 - [TEST_STEP][PASSED] - out.println("Remittance ID: " + remID): null

2021-06-22 01:30:22 - [TEST_STEP][PASSED] - traxID = substring(35, 55).trim(): null

2021-06-22 01:30:22 - [TEST_STEP][PASSED] - out.println("Transaction ID: " + traxID): null

2021-06-22 01:30:22 - [TEST_STEP][PASSED] - out.println("End Record Number: " + row): null

2021-06-22 01:30:22 - [TEST_STEP][PASSED] - closeBrowser(): Browser is closed

2021-06-22 01:30:23 - [MESSAGE][PASSED] - Browser is closed

2021-06-22 01:30:23 - [TEST_STEP][PASSED] - out.println("Begin Record Number: " + row): null

2021-06-22 01:30:23 - [TEST_STEP][PASSED] - today = new java.util.Date(): null

2021-06-22 01:30:23 - [TEST_STEP][PASSED] - println(today): null

2021-06-22 01:30:23 - [TEST_STEP][PASSED] - datText = today: null

2021-06-22 01:30:23 - [TEST_STEP][PASSED] - openBrowser(VLinkURL + "authcap.html"): Browser is opened with url: 'https://dev-algorithm.govolution.com/vlinktest/QA/version_2_0/authcap.html'

2021-06-22 01:30:23 - [MESSAGE][INFO] - Starting 'Chrome' driver

2021-06-22 01:30:23 - [MESSAGE][INFO] - User set preference: ['acceptInsecureCerts', 'true']

2021-06-22 01:30:23 - [MESSAGE][INFO] - Action delay is set to 0 milliseconds

2021-06-22 01:30:25 - [MESSAGE][PASSED] - Browser is opened with url: 'https://dev-algorithm.govolution.com/vlinktest/QA/version_2_0/authcap.html'

2021-06-22 01:30:25 - [TEST_STEP][PASSED] - maximizeWindow(): Current window maximized

2021-06-22 01:30:25 - [MESSAGE][PASSED] - Current window maximized

2021-06-22 01:30:25 - [TEST_STEP][PASSED] - vlinkPages.saleCCPage.setDataSCC(row, dataFile): vlinkPages.saleCCPage.setDataSCC is PASSED

2021-06-22 01:30:27 - [MESSAGE][PASSED] - Object 'Object Repository/VLink/Page_CCSale/txt_CardNumber' is present

2021-06-22 01:30:27 - [MESSAGE][PASSED] - Object 'Object Repository/VLink/Page_CCSale/txt_TransactionType' is present

2021-06-22 01:30:28 - [MESSAGE][PASSED] - Text '104' is set on object 'Object Repository/VLink/Page_CCSale/txt_TransactionType'

2021-06-22 01:30:28 - [MESSAGE][PASSED] - Object 'Object Repository/VLink/Page_CCSale/txt_MessageVersion' is present

2021-06-22 01:30:29 - [MESSAGE][PASSED] - Text '2.0C' is set on object 'Object Repository/VLink/Page_CCSale/txt_MessageVersion'

2021-06-22 01:30:29 - [MESSAGE][PASSED] - Object 'Object Repository/VLink/Page_CCSale/txt_RemID' is present

2021-06-22 01:30:30 - [MESSAGE][PASSED] - Text 'bzQQmNKH3iMr' is set on object 'Object Repository/VLink/Page_CCSale/txt_RemID'

2021-06-22 01:30:30 - [MESSAGE][PASSED] - Object 'Object Repository/VLink/Page_CCSale/txt_ApplicationId' is present

2021-06-22 01:30:31 - [MESSAGE][PASSED] - Text '670' is set on object 'Object Repository/VLink/Page_CCSale/txt_ApplicationId'

2021-06-22 01:30:31 - [MESSAGE][PASSED] - Object 'Object Repository/VLink/Page_CCSale/txt_Username' is present

2021-06-22 01:30:31 - [MESSAGE][PASSED] - Text 'username' is set on object 'Object Repository/VLink/Page_CCSale/txt_Username'

2021-06-22 01:30:32 - [MESSAGE][PASSED] - Object 'Object Repository/VLink/Page_CCSale/txt_Password' is present

2021-06-22 01:30:32 - [MESSAGE][PASSED] - Text 'password' is set on object 'Object Repository/VLink/Page_CCSale/txt_Password'

2021-06-22 01:30:33 - [MESSAGE][PASSED] - Object 'Object Repository/VLink/Page_CCSale/txt_ResponseFormat' is present

2021-06-22 01:30:33 - [MESSAGE][PASSED] - Text 'fixed_width' is set on object 'Object Repository/VLink/Page_CCSale/txt_ResponseFormat'

2021-06-22 01:30:33 - [MESSAGE][PASSED] - Object 'Object Repository/VLink/Page_CCSale/txt_Category' is present

2021-06-22 01:30:34 - [MESSAGE][PASSED] - Text 'MOTO' is set on object 'Object Repository/VLink/Page_CCSale/txt_Category'

2021-06-22 01:30:34 - [MESSAGE][PASSED] - Object 'Object Repository/VLink/Page_CCSale/txt_TransactionID' is present

2021-06-22 01:30:35 - [MESSAGE][PASSED] - Text '' is set on object 'Object Repository/VLink/Page_CCSale/txt_TransactionID'

2021-06-22 01:30:35 - [MESSAGE][PASSED] - Object 'Object Repository/VLink/Page_CCSale/txt_ApprovalCode' is present

2021-06-22 01:30:36 - [MESSAGE][PASSED] - Text '' is set on object 'Object Repository/VLink/Page_CCSale/txt_ApprovalCode'

2021-06-22 01:30:36 - [MESSAGE][PASSED] - Object 'Object Repository/VLink/Page_CCSale/txt_CardName' is present

2021-06-22 01:30:37 - [MESSAGE][PASSED] - Text 'Arvind Silva' is set on object 'Object Repository/VLink/Page_CCSale/txt_CardName'

2021-06-22 01:30:37 - [MESSAGE][PASSED] - Object 'Object Repository/VLink/Page_CCSale/txt_AL1' is present

2021-06-22 01:30:38 - [MESSAGE][PASSED] - Text '111 Main Ave' is set on object 'Object Repository/VLink/Page_CCSale/txt_AL1'

2021-06-22 01:30:38 - [MESSAGE][PASSED] - Object 'Object Repository/VLink/Page_CCSale/txt_AL2' is present

2021-06-22 01:30:39 - [MESSAGE][PASSED] - Text '' is set on object 'Object Repository/VLink/Page_CCSale/txt_AL2'

2021-06-22 01:30:39 - [MESSAGE][PASSED] - Object 'Object Repository/VLink/Page_CCSale/txt_CardCity' is present

2021-06-22 01:30:40 - [MESSAGE][PASSED] - Text 'Arlington' is set on object 'Object Repository/VLink/Page_CCSale/txt_CardCity'

2021-06-22 01:30:40 - [MESSAGE][PASSED] - Object 'Object Repository/VLink/Page_CCSale/txt_CardState' is present

2021-06-22 01:30:41 - [MESSAGE][PASSED] - Text 'VA' is set on object 'Object Repository/VLink/Page_CCSale/txt_CardState'

2021-06-22 01:30:41 - [MESSAGE][PASSED] - Object 'Object Repository/VLink/Page_CCSale/txt_CardZIP' is present

2021-06-22 01:30:42 - [MESSAGE][PASSED] - Text '22201' is set on object 'Object Repository/VLink/Page_CCSale/txt_CardZIP'

2021-06-22 01:30:42 - [MESSAGE][PASSED] - Object 'Object Repository/VLink/Page_CCSale/txt_CountryID' is present

2021-06-22 01:30:43 - [MESSAGE][PASSED] - Text '' is set on object 'Object Repository/VLink/Page_CCSale/txt_CountryID'

2021-06-22 01:30:43 - [MESSAGE][PASSED] - Object 'Object Repository/VLink/Page_CCSale/txt_Amount' is present

2021-06-22 01:30:44 - [MESSAGE][PASSED] - Text '2.50' is set on object 'Object Repository/VLink/Page_CCSale/txt_Amount'

2021-06-22 01:30:44 - [MESSAGE][PASSED] - Object 'Object Repository/VLink/Page_CCSale/txt_CardNumber' is present

2021-06-22 01:30:45 - [MESSAGE][PASSED] - Text '6011000000000004' is set on object 'Object Repository/VLink/Page_CCSale/txt_CardNumber'

2021-06-22 01:30:45 - [MESSAGE][PASSED] - Object 'Object Repository/VLink/Page_CCSale/txt_ExpMonth' is present

2021-06-22 01:30:46 - [MESSAGE][PASSED] - Text '01' is set on object 'Object Repository/VLink/Page_CCSale/txt_ExpMonth'

2021-06-22 01:30:46 - [MESSAGE][PASSED] - Object 'Object Repository/VLink/Page_CCSale/txt_ExpYear' is present

2021-06-22 01:30:47 - [MESSAGE][PASSED] - Text '2026' is set on object 'Object Repository/VLink/Page_CCSale/txt_ExpYear'

2021-06-22 01:30:47 - [MESSAGE][PASSED] - Object 'Object Repository/VLink/Page_CCSale/txt_CVV' is present

2021-06-22 01:30:48 - [MESSAGE][PASSED] - Text '' is set on object 'Object Repository/VLink/Page_CCSale/txt_CVV'

2021-06-22 01:30:48 - [MESSAGE][PASSED] - Object 'Object Repository/VLink/Page_CCSale/txt_CVVstate' is present

2021-06-22 01:30:49 - [MESSAGE][PASSED] - Text '' is set on object 'Object Repository/VLink/Page_CCSale/txt_CVVstate'

2021-06-22 01:30:49 - [MESSAGE][PASSED] - Object 'Object Repository/VLink/Page_CCSale/txt_TrackData' is present

2021-06-22 01:30:50 - [MESSAGE][PASSED] - Text '' is set on object 'Object Repository/VLink/Page_CCSale/txt_TrackData'

2021-06-22 01:30:50 - [MESSAGE][PASSED] - Object 'Object Repository/VLink/Page_CCSale/txt_Track1Data' is present

2021-06-22 01:30:51 - [MESSAGE][PASSED] - Text '' is set on object 'Object Repository/VLink/Page_CCSale/txt_Track1Data'

2021-06-22 01:30:51 - [MESSAGE][PASSED] - Object 'Object Repository/VLink/Page_CCSale/txt_Track2Data' is present

2021-06-22 01:30:52 - [MESSAGE][PASSED] - Text '' is set on object 'Object Repository/VLink/Page_CCSale/txt_Track2Data'

2021-06-22 01:30:52 - [MESSAGE][PASSED] - Object 'Object Repository/VLink/Page_CCSale/txt_POSEntryMode' is present

2021-06-22 01:30:53 - [MESSAGE][PASSED] - Text 'manual' is set on object 'Object Repository/VLink/Page_CCSale/txt_POSEntryMode'

2021-06-22 01:30:53 - [MESSAGE][PASSED] - Object 'Object Repository/VLink/Page_CCSale/txt_Email' is present

2021-06-22 01:30:54 - [MESSAGE][PASSED] - Text '' is set on object 'Object Repository/VLink/Page_CCSale/txt_Email'

2021-06-22 01:30:54 - [MESSAGE][PASSED] - Object 'Object Repository/VLink/Page_CCSale/txt_OrderNumber' is present

2021-06-22 01:30:55 - [MESSAGE][PASSED] - Text '' is set on object 'Object Repository/VLink/Page_CCSale/txt_OrderNumber'

2021-06-22 01:30:55 - [MESSAGE][PASSED] - Object 'Object Repository/VLink/Page_CCSale/txt_TaxAmount' is present

2021-06-22 01:30:56 - [MESSAGE][PASSED] - Text '' is set on object 'Object Repository/VLink/Page_CCSale/txt_TaxAmount'

2021-06-22 01:30:56 - [MESSAGE][PASSED] - Object 'Object Repository/VLink/Page_CCSale/txt_ChargeDescription' is present

2021-06-22 01:30:57 - [MESSAGE][PASSED] - Text '' is set on object 'Object Repository/VLink/Page_CCSale/txt_ChargeDescription'

2021-06-22 01:30:57 - [MESSAGE][PASSED] - Object 'Object Repository/VLink/Page_CCSale/txt_CAN' is present

2021-06-22 01:30:58 - [MESSAGE][PASSED] - Text '' is set on object 'Object Repository/VLink/Page_CCSale/txt_CAN'

2021-06-22 01:30:58 - [MESSAGE][PASSED] - Object 'Object Repository/VLink/Page_CCSale/txt_BillPaymentIndicator' is present

2021-06-22 01:30:59 - [MESSAGE][PASSED] - Text '' is set on object 'Object Repository/VLink/Page_CCSale/txt_BillPaymentIndicator'

2021-06-22 01:30:59 - [MESSAGE][PASSED] - Object 'Object Repository/VLink/Page_CCSale/txt_UDF1' is present

2021-06-22 01:31:00 - [MESSAGE][PASSED] - Text '' is set on object 'Object Repository/VLink/Page_CCSale/txt_UDF1'

2021-06-22 01:31:00 - [MESSAGE][PASSED] - Object 'Object Repository/VLink/Page_CCSale/txt_UDF2' is present

2021-06-22 01:31:01 - [MESSAGE][PASSED] - Text '' is set on object 'Object Repository/VLink/Page_CCSale/txt_UDF2'

2021-06-22 01:31:01 - [MESSAGE][PASSED] - Object 'Object Repository/VLink/Page_CCSale/txt_UDF3' is present

2021-06-22 01:31:02 - [MESSAGE][PASSED] - Text '' is set on object 'Object Repository/VLink/Page_CCSale/txt_UDF3'

2021-06-22 01:31:02 - [MESSAGE][PASSED] - Object 'Object Repository/VLink/Page_CCSale/txt_UDF4' is present

2021-06-22 01:31:03 - [MESSAGE][PASSED] - Text '' is set on object 'Object Repository/VLink/Page_CCSale/txt_UDF4'

2021-06-22 01:31:03 - [MESSAGE][PASSED] - Object 'Object Repository/VLink/Page_CCSale/txt_UDF5' is present

2021-06-22 01:31:04 - [MESSAGE][PASSED] - Text '' is set on object 'Object Repository/VLink/Page_CCSale/txt_UDF5'

2021-06-22 01:31:04 - [MESSAGE][PASSED] - Object 'Object Repository/VLink/Page_CCSale/txt_UDF6' is present

2021-06-22 01:31:05 - [MESSAGE][PASSED] - Text '' is set on object 'Object Repository/VLink/Page_CCSale/txt_UDF6'

2021-06-22 01:31:05 - [MESSAGE][PASSED] - Object 'Object Repository/VLink/Page_CCSale/txt_UDF7' is present

2021-06-22 01:31:06 - [MESSAGE][PASSED] - Text '' is set on object 'Object Repository/VLink/Page_CCSale/txt_UDF7'

2021-06-22 01:31:06 - [MESSAGE][PASSED] - Object 'Object Repository/VLink/Page_CCSale/txt_UDF8' is present

2021-06-22 01:31:07 - [MESSAGE][PASSED] - Text '' is set on object 'Object Repository/VLink/Page_CCSale/txt_UDF8'

2021-06-22 01:31:07 - [MESSAGE][PASSED] - Object 'Object Repository/VLink/Page_CCSale/txt_UDF9' is present

2021-06-22 01:31:08 - [MESSAGE][PASSED] - Text '' is set on object 'Object Repository/VLink/Page_CCSale/txt_UDF9'

2021-06-22 01:31:08 - [MESSAGE][PASSED] - Object 'Object Repository/VLink/Page_CCSale/txt_UDF10' is present

2021-06-22 01:31:09 - [MESSAGE][PASSED] - Text '' is set on object 'Object Repository/VLink/Page_CCSale/txt_UDF10'

2021-06-22 01:31:09 - [MESSAGE][PASSED] - Object 'Object Repository/VLink/Page_CCSale/txt_CardOnFileIndicator' is present

2021-06-22 01:31:10 - [MESSAGE][PASSED] - Text '' is set on object 'Object Repository/VLink/Page_CCSale/txt_CardOnFileIndicator'

2021-06-22 01:31:10 - [MESSAGE][PASSED] - Object 'Object Repository/VLink/Page_CCSale/txt_StoredCredentialIndicator' is present

2021-06-22 01:31:11 - [MESSAGE][PASSED] - Text '' is set on object 'Object Repository/VLink/Page_CCSale/txt_StoredCredentialIndicator'

2021-06-22 01:31:11 - [MESSAGE][PASSED] - Object 'Object Repository/VLink/Page_CCSale/txt_COFScheduledIndicator' is present

2021-06-22 01:31:12 - [MESSAGE][PASSED] - Text '' is set on object 'Object Repository/VLink/Page_CCSale/txt_COFScheduledIndicator'

2021-06-22 01:31:12 - [MESSAGE][PASSED] - Object 'Object Repository/VLink/Page_CCSale/txt_COFTransactionInitiatedBy' is present

2021-06-22 01:31:13 - [MESSAGE][PASSED] - Text '' is set on object 'Object Repository/VLink/Page_CCSale/txt_COFTransactionInitiatedBy'

2021-06-22 01:31:18 - [MESSAGE][PASSED] - Object: 'Object Repository/VLink/Page_CCSale/btn_ProcessVLinkTransaction' is clicked on

2021-06-22 01:31:23 - [MESSAGE][PASSED] - vlinkPages.saleCCPage.setDataSCC is PASSED

2021-06-22 01:31:23 - [TEST_STEP][PASSED] - if (verifyTextPresent("Transaction approved, no errors", true)): null

2021-06-22 01:31:23 - [MESSAGE][PASSED] - Text 'Transaction approved, no errors' is present on page  using regular expression

2021-06-22 01:31:23 - [TEST_STEP][PASSED] - println("Transaction Approved, no errors text is present on the Confirmation page"): null

2021-06-22 01:31:23 - [TEST_STEP][PASSED] - out.println("Pass Record Number: " + row): null

2021-06-22 01:31:23 - [TEST_STEP][PASSED] - resText = "Pass": null

2021-06-22 01:31:23 - [TEST_STEP][PASSED] - pages.WriteExcel.demoKey(resText, datText, resColumn, datCloumn, fileLoc, nameSheet, row): pages.WriteExcel.demoKey is PASSED

2021-06-22 01:31:23 - [MESSAGE][PASSED] - pages.WriteExcel.demoKey is PASSED

2021-06-22 01:31:23 - [TEST_STEP][PASSED] - sdfo = getText(findTestObject("Object Repository/Page_VLinkReceipt/pre_STX")): Text of object 'Object Repository/Page_VLinkReceipt/pre_STX' is: '<STX>bzQQmNKH3iMr                  12098372            0  Transaction approved, no errors                   0                                                                                  Y OK9633   <ETX>'

2021-06-22 01:31:23 - [MESSAGE][PASSED] - Text of object 'Object Repository/Page_VLinkReceipt/pre_STX' is: '<STX>bzQQmNKH3iMr                  12098372            0  Transaction approved, no errors                   0                                                                                  Y OK9633   <ETX>'

2021-06-22 01:31:23 - [TEST_STEP][PASSED] - out.println("sdfo: " + sdfo): null

2021-06-22 01:31:23 - [TEST_STEP][PASSED] - remID = substring(5, 35).trim(): null

2021-06-22 01:31:23 - [TEST_STEP][PASSED] - out.println("Remittance ID: " + remID): null

2021-06-22 01:31:23 - [TEST_STEP][PASSED] - traxID = substring(35, 55).trim(): null

2021-06-22 01:31:23 - [TEST_STEP][PASSED] - out.println("Transaction ID: " + traxID): null

2021-06-22 01:31:23 - [TEST_STEP][PASSED] - out.println("End Record Number: " + row): null

2021-06-22 01:31:23 - [TEST_STEP][PASSED] - closeBrowser(): Browser is closed

2021-06-22 01:31:24 - [MESSAGE][PASSED] - Browser is closed

2021-06-22 01:31:24 - [TEST_STEP][PASSED] - out.println("Begin Record Number: " + row): null

2021-06-22 01:31:24 - [TEST_STEP][PASSED] - today = new java.util.Date(): null

2021-06-22 01:31:24 - [TEST_STEP][PASSED] - println(today): null

2021-06-22 01:31:24 - [TEST_STEP][PASSED] - datText = today: null

2021-06-22 01:31:24 - [TEST_STEP][PASSED] - openBrowser(VLinkURL + "authcap.html"): Browser is opened with url: 'https://dev-algorithm.govolution.com/vlinktest/QA/version_2_0/authcap.html'

2021-06-22 01:31:24 - [MESSAGE][INFO] - Starting 'Chrome' driver

2021-06-22 01:31:24 - [MESSAGE][INFO] - User set preference: ['acceptInsecureCerts', 'true']

2021-06-22 01:31:24 - [MESSAGE][INFO] - Action delay is set to 0 milliseconds

2021-06-22 01:31:26 - [MESSAGE][PASSED] - Browser is opened with url: 'https://dev-algorithm.govolution.com/vlinktest/QA/version_2_0/authcap.html'

2021-06-22 01:31:26 - [TEST_STEP][PASSED] - maximizeWindow(): Current window maximized

2021-06-22 01:31:26 - [MESSAGE][PASSED] - Current window maximized

2021-06-22 01:31:26 - [TEST_STEP][PASSED] - vlinkPages.saleCCPage.setDataSCC(row, dataFile): vlinkPages.saleCCPage.setDataSCC is PASSED

2021-06-22 01:31:28 - [MESSAGE][PASSED] - Object 'Object Repository/VLink/Page_CCSale/txt_CardNumber' is present

2021-06-22 01:31:28 - [MESSAGE][PASSED] - Object 'Object Repository/VLink/Page_CCSale/txt_TransactionType' is present

2021-06-22 01:31:29 - [MESSAGE][PASSED] - Text '104' is set on object 'Object Repository/VLink/Page_CCSale/txt_TransactionType'

2021-06-22 01:31:29 - [MESSAGE][PASSED] - Object 'Object Repository/VLink/Page_CCSale/txt_MessageVersion' is present

2021-06-22 01:31:30 - [MESSAGE][PASSED] - Text '2.0C' is set on object 'Object Repository/VLink/Page_CCSale/txt_MessageVersion'

2021-06-22 01:31:30 - [MESSAGE][PASSED] - Object 'Object Repository/VLink/Page_CCSale/txt_RemID' is present

2021-06-22 01:31:30 - [MESSAGE][PASSED] - Text 'V5WBmiOZ2sff' is set on object 'Object Repository/VLink/Page_CCSale/txt_RemID'

2021-06-22 01:31:31 - [MESSAGE][PASSED] - Object 'Object Repository/VLink/Page_CCSale/txt_ApplicationId' is present

2021-06-22 01:31:31 - [MESSAGE][PASSED] - Text '671' is set on object 'Object Repository/VLink/Page_CCSale/txt_ApplicationId'

2021-06-22 01:31:32 - [MESSAGE][PASSED] - Object 'Object Repository/VLink/Page_CCSale/txt_Username' is present

2021-06-22 01:31:32 - [MESSAGE][PASSED] - Text 'username' is set on object 'Object Repository/VLink/Page_CCSale/txt_Username'

2021-06-22 01:31:33 - [MESSAGE][PASSED] - Object 'Object Repository/VLink/Page_CCSale/txt_Password' is present

2021-06-22 01:31:33 - [MESSAGE][PASSED] - Text 'password' is set on object 'Object Repository/VLink/Page_CCSale/txt_Password'

2021-06-22 01:31:33 - [MESSAGE][PASSED] - Object 'Object Repository/VLink/Page_CCSale/txt_ResponseFormat' is present

2021-06-22 01:31:34 - [MESSAGE][PASSED] - Text 'fixed_width' is set on object 'Object Repository/VLink/Page_CCSale/txt_ResponseFormat'

2021-06-22 01:31:34 - [MESSAGE][PASSED] - Object 'Object Repository/VLink/Page_CCSale/txt_Category' is present

2021-06-22 01:31:35 - [MESSAGE][PASSED] - Text 'RETL' is set on object 'Object Repository/VLink/Page_CCSale/txt_Category'

2021-06-22 01:31:35 - [MESSAGE][PASSED] - Object 'Object Repository/VLink/Page_CCSale/txt_TransactionID' is present

2021-06-22 01:31:36 - [MESSAGE][PASSED] - Text '' is set on object 'Object Repository/VLink/Page_CCSale/txt_TransactionID'

2021-06-22 01:31:36 - [MESSAGE][PASSED] - Object 'Object Repository/VLink/Page_CCSale/txt_ApprovalCode' is present

2021-06-22 01:31:37 - [MESSAGE][PASSED] - Text '' is set on object 'Object Repository/VLink/Page_CCSale/txt_ApprovalCode'

2021-06-22 01:31:37 - [MESSAGE][PASSED] - Object 'Object Repository/VLink/Page_CCSale/txt_CardName' is present

2021-06-22 01:31:38 - [MESSAGE][PASSED] - Text 'Roshan Maha' is set on object 'Object Repository/VLink/Page_CCSale/txt_CardName'

2021-06-22 01:31:38 - [MESSAGE][PASSED] - Object 'Object Repository/VLink/Page_CCSale/txt_AL1' is present

2021-06-22 01:31:39 - [MESSAGE][PASSED] - Text '12563 Bazaar road' is set on object 'Object Repository/VLink/Page_CCSale/txt_AL1'

2021-06-22 01:31:39 - [MESSAGE][PASSED] - Object 'Object Repository/VLink/Page_CCSale/txt_AL2' is present

2021-06-22 01:31:40 - [MESSAGE][PASSED] - Text '' is set on object 'Object Repository/VLink/Page_CCSale/txt_AL2'

2021-06-22 01:31:40 - [MESSAGE][PASSED] - Object 'Object Repository/VLink/Page_CCSale/txt_CardCity' is present

2021-06-22 01:31:41 - [MESSAGE][PASSED] - Text 'Crofton' is set on object 'Object Repository/VLink/Page_CCSale/txt_CardCity'

2021-06-22 01:31:41 - [MESSAGE][PASSED] - Object 'Object Repository/VLink/Page_CCSale/txt_CardState' is present

2021-06-22 01:31:42 - [MESSAGE][PASSED] - Text 'MD' is set on object 'Object Repository/VLink/Page_CCSale/txt_CardState'

2021-06-22 01:31:42 - [MESSAGE][PASSED] - Object 'Object Repository/VLink/Page_CCSale/txt_CardZIP' is present

2021-06-22 01:31:43 - [MESSAGE][PASSED] - Text '21114' is set on object 'Object Repository/VLink/Page_CCSale/txt_CardZIP'

2021-06-22 01:31:43 - [MESSAGE][PASSED] - Object 'Object Repository/VLink/Page_CCSale/txt_CountryID' is present

2021-06-22 01:31:44 - [MESSAGE][PASSED] - Text '' is set on object 'Object Repository/VLink/Page_CCSale/txt_CountryID'

2021-06-22 01:31:44 - [MESSAGE][PASSED] - Object 'Object Repository/VLink/Page_CCSale/txt_Amount' is present

2021-06-22 01:31:45 - [MESSAGE][PASSED] - Text '3.50' is set on object 'Object Repository/VLink/Page_CCSale/txt_Amount'

2021-06-22 01:31:45 - [MESSAGE][PASSED] - Object 'Object Repository/VLink/Page_CCSale/txt_CardNumber' is present

2021-06-22 01:31:46 - [MESSAGE][PASSED] - Text '4111111111111111' is set on object 'Object Repository/VLink/Page_CCSale/txt_CardNumber'

2021-06-22 01:31:46 - [MESSAGE][PASSED] - Object 'Object Repository/VLink/Page_CCSale/txt_ExpMonth' is present

2021-06-22 01:31:47 - [MESSAGE][PASSED] - Text '01' is set on object 'Object Repository/VLink/Page_CCSale/txt_ExpMonth'

2021-06-22 01:31:47 - [MESSAGE][PASSED] - Object 'Object Repository/VLink/Page_CCSale/txt_ExpYear' is present

2021-06-22 01:31:48 - [MESSAGE][PASSED] - Text '2026' is set on object 'Object Repository/VLink/Page_CCSale/txt_ExpYear'

2021-06-22 01:31:48 - [MESSAGE][PASSED] - Object 'Object Repository/VLink/Page_CCSale/txt_CVV' is present

2021-06-22 01:31:49 - [MESSAGE][PASSED] - Text '' is set on object 'Object Repository/VLink/Page_CCSale/txt_CVV'

2021-06-22 01:31:49 - [MESSAGE][PASSED] - Object 'Object Repository/VLink/Page_CCSale/txt_CVVstate' is present

2021-06-22 01:31:50 - [MESSAGE][PASSED] - Text '' is set on object 'Object Repository/VLink/Page_CCSale/txt_CVVstate'

2021-06-22 01:31:50 - [MESSAGE][PASSED] - Object 'Object Repository/VLink/Page_CCSale/txt_TrackData' is present

2021-06-22 01:31:51 - [MESSAGE][PASSED] - Text '' is set on object 'Object Repository/VLink/Page_CCSale/txt_TrackData'

2021-06-22 01:31:51 - [MESSAGE][PASSED] - Object 'Object Repository/VLink/Page_CCSale/txt_Track1Data' is present

2021-06-22 01:31:52 - [MESSAGE][PASSED] - Text '' is set on object 'Object Repository/VLink/Page_CCSale/txt_Track1Data'

2021-06-22 01:31:52 - [MESSAGE][PASSED] - Object 'Object Repository/VLink/Page_CCSale/txt_Track2Data' is present

2021-06-22 01:31:53 - [MESSAGE][PASSED] - Text '' is set on object 'Object Repository/VLink/Page_CCSale/txt_Track2Data'

2021-06-22 01:31:53 - [MESSAGE][PASSED] - Object 'Object Repository/VLink/Page_CCSale/txt_POSEntryMode' is present

2021-06-22 01:31:54 - [MESSAGE][PASSED] - Text 'manual' is set on object 'Object Repository/VLink/Page_CCSale/txt_POSEntryMode'

2021-06-22 01:31:54 - [MESSAGE][PASSED] - Object 'Object Repository/VLink/Page_CCSale/txt_Email' is present

2021-06-22 01:31:55 - [MESSAGE][PASSED] - Text '' is set on object 'Object Repository/VLink/Page_CCSale/txt_Email'

2021-06-22 01:31:55 - [MESSAGE][PASSED] - Object 'Object Repository/VLink/Page_CCSale/txt_OrderNumber' is present

2021-06-22 01:31:56 - [MESSAGE][PASSED] - Text '' is set on object 'Object Repository/VLink/Page_CCSale/txt_OrderNumber'

2021-06-22 01:31:56 - [MESSAGE][PASSED] - Object 'Object Repository/VLink/Page_CCSale/txt_TaxAmount' is present

2021-06-22 01:31:57 - [MESSAGE][PASSED] - Text '' is set on object 'Object Repository/VLink/Page_CCSale/txt_TaxAmount'

2021-06-22 01:31:57 - [MESSAGE][PASSED] - Object 'Object Repository/VLink/Page_CCSale/txt_ChargeDescription' is present

2021-06-22 01:31:58 - [MESSAGE][PASSED] - Text '' is set on object 'Object Repository/VLink/Page_CCSale/txt_ChargeDescription'

2021-06-22 01:31:58 - [MESSAGE][PASSED] - Object 'Object Repository/VLink/Page_CCSale/txt_CAN' is present

2021-06-22 01:31:58 - [MESSAGE][PASSED] - Text '' is set on object 'Object Repository/VLink/Page_CCSale/txt_CAN'

2021-06-22 01:31:59 - [MESSAGE][PASSED] - Object 'Object Repository/VLink/Page_CCSale/txt_BillPaymentIndicator' is present

2021-06-22 01:31:59 - [MESSAGE][PASSED] - Text '' is set on object 'Object Repository/VLink/Page_CCSale/txt_BillPaymentIndicator'

2021-06-22 01:32:00 - [MESSAGE][PASSED] - Object 'Object Repository/VLink/Page_CCSale/txt_UDF1' is present

2021-06-22 01:32:00 - [MESSAGE][PASSED] - Text '' is set on object 'Object Repository/VLink/Page_CCSale/txt_UDF1'

2021-06-22 01:32:01 - [MESSAGE][PASSED] - Object 'Object Repository/VLink/Page_CCSale/txt_UDF2' is present

2021-06-22 01:32:01 - [MESSAGE][PASSED] - Text '' is set on object 'Object Repository/VLink/Page_CCSale/txt_UDF2'

2021-06-22 01:32:02 - [MESSAGE][PASSED] - Object 'Object Repository/VLink/Page_CCSale/txt_UDF3' is present

2021-06-22 01:32:02 - [MESSAGE][PASSED] - Text '' is set on object 'Object Repository/VLink/Page_CCSale/txt_UDF3'

2021-06-22 01:32:03 - [MESSAGE][PASSED] - Object 'Object Repository/VLink/Page_CCSale/txt_UDF4' is present

2021-06-22 01:32:03 - [MESSAGE][PASSED] - Text '' is set on object 'Object Repository/VLink/Page_CCSale/txt_UDF4'

2021-06-22 01:32:04 - [MESSAGE][PASSED] - Object 'Object Repository/VLink/Page_CCSale/txt_UDF5' is present

2021-06-22 01:32:04 - [MESSAGE][PASSED] - Text '' is set on object 'Object Repository/VLink/Page_CCSale/txt_UDF5'

2021-06-22 01:32:05 - [MESSAGE][PASSED] - Object 'Object Repository/VLink/Page_CCSale/txt_UDF6' is present

2021-06-22 01:32:05 - [MESSAGE][PASSED] - Text '' is set on object 'Object Repository/VLink/Page_CCSale/txt_UDF6'

2021-06-22 01:32:06 - [MESSAGE][PASSED] - Object 'Object Repository/VLink/Page_CCSale/txt_UDF7' is present

2021-06-22 01:32:06 - [MESSAGE][PASSED] - Text '' is set on object 'Object Repository/VLink/Page_CCSale/txt_UDF7'

2021-06-22 01:32:07 - [MESSAGE][PASSED] - Object 'Object Repository/VLink/Page_CCSale/txt_UDF8' is present

2021-06-22 01:32:07 - [MESSAGE][PASSED] - Text '' is set on object 'Object Repository/VLink/Page_CCSale/txt_UDF8'

2021-06-22 01:32:08 - [MESSAGE][PASSED] - Object 'Object Repository/VLink/Page_CCSale/txt_UDF9' is present

2021-06-22 01:32:08 - [MESSAGE][PASSED] - Text '' is set on object 'Object Repository/VLink/Page_CCSale/txt_UDF9'

2021-06-22 01:32:09 - [MESSAGE][PASSED] - Object 'Object Repository/VLink/Page_CCSale/txt_UDF10' is present

2021-06-22 01:32:09 - [MESSAGE][PASSED] - Text '' is set on object 'Object Repository/VLink/Page_CCSale/txt_UDF10'

2021-06-22 01:32:10 - [MESSAGE][PASSED] - Object 'Object Repository/VLink/Page_CCSale/txt_CardOnFileIndicator' is present

2021-06-22 01:32:10 - [MESSAGE][PASSED] - Text '' is set on object 'Object Repository/VLink/Page_CCSale/txt_CardOnFileIndicator'

2021-06-22 01:32:11 - [MESSAGE][PASSED] - Object 'Object Repository/VLink/Page_CCSale/txt_StoredCredentialIndicator' is present

2021-06-22 01:32:11 - [MESSAGE][PASSED] - Text '' is set on object 'Object Repository/VLink/Page_CCSale/txt_StoredCredentialIndicator'

2021-06-22 01:32:12 - [MESSAGE][PASSED] - Object 'Object Repository/VLink/Page_CCSale/txt_COFScheduledIndicator' is present

2021-06-22 01:32:12 - [MESSAGE][PASSED] - Text '' is set on object 'Object Repository/VLink/Page_CCSale/txt_COFScheduledIndicator'

2021-06-22 01:32:13 - [MESSAGE][PASSED] - Object 'Object Repository/VLink/Page_CCSale/txt_COFTransactionInitiatedBy' is present

2021-06-22 01:32:13 - [MESSAGE][PASSED] - Text '' is set on object 'Object Repository/VLink/Page_CCSale/txt_COFTransactionInitiatedBy'

2021-06-22 01:32:16 - [MESSAGE][PASSED] - Object: 'Object Repository/VLink/Page_CCSale/btn_ProcessVLinkTransaction' is clicked on

2021-06-22 01:32:21 - [MESSAGE][PASSED] - vlinkPages.saleCCPage.setDataSCC is PASSED

2021-06-22 01:32:21 - [TEST_STEP][FAILED] - if (verifyTextPresent("Transaction approved, no errors", true)): Text 'Transaction approved, no errors' is not present on page  using regular expression (Root cause: com.kms.katalon.core.exception.StepFailedException: Text 'Transaction approved, no errors' is not present on page  using regular expression
	at com.kms.katalon.core.webui.keyword.internal.WebUIKeywordMain.stepFailed(WebUIKeywordMain.groovy:64)
	at com.kms.katalon.core.webui.keyword.builtin.VerifyTextPresentKeyword$_verifyTextPresent_closure1.doCall(VerifyTextPresentKeyword.groovy:79)
	at com.kms.katalon.core.webui.keyword.builtin.VerifyTextPresentKeyword$_verifyTextPresent_closure1.call(VerifyTextPresentKeyword.groovy)
	at com.kms.katalon.core.webui.keyword.internal.WebUIKeywordMain.runKeyword(WebUIKeywordMain.groovy:20)
	at com.kms.katalon.core.webui.keyword.builtin.VerifyTextPresentKeyword.verifyTextPresent(VerifyTextPresentKeyword.groovy:83)
	at com.kms.katalon.core.webui.keyword.builtin.VerifyTextPresentKeyword.execute(VerifyTextPresentKeyword.groovy:68)
	at com.kms.katalon.core.keyword.internal.KeywordExecutor.executeKeywordForPlatform(KeywordExecutor.groovy:72)
	at com.kms.katalon.core.webui.keyword.WebUiBuiltInKeywords.verifyTextPresent(WebUiBuiltInKeywords.groovy:1719)
	at com.kms.katalon.core.webui.keyword.WebUiBuiltInKeywords$verifyTextPresent$4.call(Unknown Source)
	at VLinkSale-Successful.run(VLinkSale-Successful:76)
	at com.kms.katalon.core.main.ScriptEngine.run(ScriptEngine.java:194)
	at com.kms.katalon.core.main.ScriptEngine.runScriptAsRawText(ScriptEngine.java:119)
	at com.kms.katalon.core.main.TestCaseExecutor.runScript(TestCaseExecutor.java:337)
	at com.kms.katalon.core.main.TestCaseExecutor.doExecute(TestCaseExecutor.java:328)
	at com.kms.katalon.core.main.TestCaseExecutor.processExecutionPhase(TestCaseExecutor.java:307)
	at com.kms.katalon.core.main.TestCaseExecutor.accessMainPhase(TestCaseExecutor.java:299)
	at com.kms.katalon.core.main.TestCaseExecutor.execute(TestCaseExecutor.java:233)
	at com.kms.katalon.core.main.TestSuiteExecutor.accessTestCaseMainPhase(TestSuiteExecutor.java:169)
	at com.kms.katalon.core.main.TestSuiteExecutor.accessTestSuiteMainPhase(TestSuiteExecutor.java:142)
	at com.kms.katalon.core.main.TestSuiteExecutor.execute(TestSuiteExecutor.java:91)
	at com.kms.katalon.core.main.TestCaseMain.startTestSuite(TestCaseMain.java:157)
	at com.kms.katalon.core.main.TestCaseMain$startTestSuite$0.call(Unknown Source)
	at TempTestSuite1624337272106.run(TempTestSuite1624337272106.groovy:37)
)

2021-06-22 01:32:21 - [MESSAGE][FAILED] - Text 'Transaction approved, no errors' is not present on page  using regular expression (Root cause: com.kms.katalon.core.exception.StepFailedException: Text 'Transaction approved, no errors' is not present on page  using regular expression
	at com.kms.katalon.core.webui.keyword.internal.WebUIKeywordMain.stepFailed(WebUIKeywordMain.groovy:64)
	at com.kms.katalon.core.webui.keyword.builtin.VerifyTextPresentKeyword$_verifyTextPresent_closure1.doCall(VerifyTextPresentKeyword.groovy:79)
	at com.kms.katalon.core.webui.keyword.builtin.VerifyTextPresentKeyword$_verifyTextPresent_closure1.call(VerifyTextPresentKeyword.groovy)
	at com.kms.katalon.core.webui.keyword.internal.WebUIKeywordMain.runKeyword(WebUIKeywordMain.groovy:20)
	at com.kms.katalon.core.webui.keyword.builtin.VerifyTextPresentKeyword.verifyTextPresent(VerifyTextPresentKeyword.groovy:83)
	at com.kms.katalon.core.webui.keyword.builtin.VerifyTextPresentKeyword.execute(VerifyTextPresentKeyword.groovy:68)
	at com.kms.katalon.core.keyword.internal.KeywordExecutor.executeKeywordForPlatform(KeywordExecutor.groovy:72)
	at com.kms.katalon.core.webui.keyword.WebUiBuiltInKeywords.verifyTextPresent(WebUiBuiltInKeywords.groovy:1719)
	at com.kms.katalon.core.webui.keyword.WebUiBuiltInKeywords$verifyTextPresent$4.call(Unknown Source)
	at VLinkSale-Successful.run(VLinkSale-Successful:76)
	at com.kms.katalon.core.main.ScriptEngine.run(ScriptEngine.java:194)
	at com.kms.katalon.core.main.ScriptEngine.runScriptAsRawText(ScriptEngine.java:119)
	at com.kms.katalon.core.main.TestCaseExecutor.runScript(TestCaseExecutor.java:337)
	at com.kms.katalon.core.main.TestCaseExecutor.doExecute(TestCaseExecutor.java:328)
	at com.kms.katalon.core.main.TestCaseExecutor.processExecutionPhase(TestCaseExecutor.java:307)
	at com.kms.katalon.core.main.TestCaseExecutor.accessMainPhase(TestCaseExecutor.java:299)
	at com.kms.katalon.core.main.TestCaseExecutor.execute(TestCaseExecutor.java:233)
	at com.kms.katalon.core.main.TestSuiteExecutor.accessTestCaseMainPhase(TestSuiteExecutor.java:169)
	at com.kms.katalon.core.main.TestSuiteExecutor.accessTestSuiteMainPhase(TestSuiteExecutor.java:142)
	at com.kms.katalon.core.main.TestSuiteExecutor.execute(TestSuiteExecutor.java:91)
	at com.kms.katalon.core.main.TestCaseMain.startTestSuite(TestCaseMain.java:157)
	at com.kms.katalon.core.main.TestCaseMain$startTestSuite$0.call(Unknown Source)
	at TempTestSuite1624337272106.run(TempTestSuite1624337272106.groovy:37)
)

2021-06-22 01:32:21 - [TEST_STEP][PASSED] - else: pages.WriteExcel.demoKey is PASSED

2021-06-22 01:32:21 - [TEST_STEP][PASSED] - println("Transaction Approved, no errors text is not present on the Confirmation page"): null

2021-06-22 01:32:21 - [TEST_STEP][PASSED] - out.println("Fail Record Number: " + row): null

2021-06-22 01:32:21 - [TEST_STEP][PASSED] - resText = "Fail": null

2021-06-22 01:32:21 - [TEST_STEP][PASSED] - pages.WriteExcel.demoKey(resText, datText, resColumn, datCloumn, fileLoc, nameSheet, row): pages.WriteExcel.demoKey is PASSED

2021-06-22 01:32:21 - [MESSAGE][PASSED] - pages.WriteExcel.demoKey is PASSED

2021-06-22 01:32:21 - [TEST_STEP][PASSED] - sdfo = getText(findTestObject("Object Repository/Page_VLinkReceipt/pre_STX")): Text of object 'Object Repository/Page_VLinkReceipt/pre_STX' is: '<STX>V5WBmiOZ2sff                  12098373            2  Transaction failed                                105Processor reported error                                                        U          <ETX>'

2021-06-22 01:32:22 - [MESSAGE][PASSED] - Text of object 'Object Repository/Page_VLinkReceipt/pre_STX' is: '<STX>V5WBmiOZ2sff                  12098373            2  Transaction failed                                105Processor reported error                                                        U          <ETX>'

2021-06-22 01:32:22 - [TEST_STEP][PASSED] - out.println("sdfo: " + sdfo): null

2021-06-22 01:32:22 - [TEST_STEP][PASSED] - remID = substring(5, 35).trim(): null

2021-06-22 01:32:22 - [TEST_STEP][PASSED] - out.println("Remittance ID: " + remID): null

2021-06-22 01:32:22 - [TEST_STEP][PASSED] - traxID = substring(35, 55).trim(): null

2021-06-22 01:32:22 - [TEST_STEP][PASSED] - out.println("Transaction ID: " + traxID): null

2021-06-22 01:32:22 - [TEST_STEP][PASSED] - out.println("End Record Number: " + row): null

2021-06-22 01:32:22 - [TEST_STEP][PASSED] - closeBrowser(): Browser is closed

2021-06-22 01:32:22 - [MESSAGE][PASSED] - Browser is closed

2021-06-22 01:32:22 - [TEST_STEP][PASSED] - out.println("Begin Record Number: " + row): null

2021-06-22 01:32:22 - [TEST_STEP][PASSED] - today = new java.util.Date(): null

2021-06-22 01:32:22 - [TEST_STEP][PASSED] - println(today): null

2021-06-22 01:32:22 - [TEST_STEP][PASSED] - datText = today: null

2021-06-22 01:32:22 - [TEST_STEP][PASSED] - openBrowser(VLinkURL + "authcap.html"): Browser is opened with url: 'https://dev-algorithm.govolution.com/vlinktest/QA/version_2_0/authcap.html'

2021-06-22 01:32:22 - [MESSAGE][INFO] - Starting 'Chrome' driver

2021-06-22 01:32:22 - [MESSAGE][INFO] - User set preference: ['acceptInsecureCerts', 'true']

2021-06-22 01:32:22 - [MESSAGE][INFO] - Action delay is set to 0 milliseconds

2021-06-22 01:32:24 - [MESSAGE][PASSED] - Browser is opened with url: 'https://dev-algorithm.govolution.com/vlinktest/QA/version_2_0/authcap.html'

2021-06-22 01:32:24 - [TEST_STEP][PASSED] - maximizeWindow(): Current window maximized

2021-06-22 01:32:24 - [MESSAGE][PASSED] - Current window maximized

2021-06-22 01:32:24 - [TEST_STEP][PASSED] - vlinkPages.saleCCPage.setDataSCC(row, dataFile): vlinkPages.saleCCPage.setDataSCC is PASSED

2021-06-22 01:32:26 - [MESSAGE][PASSED] - Object 'Object Repository/VLink/Page_CCSale/txt_CardNumber' is present

2021-06-22 01:32:26 - [MESSAGE][PASSED] - Object 'Object Repository/VLink/Page_CCSale/txt_TransactionType' is present

2021-06-22 01:32:27 - [MESSAGE][PASSED] - Text '104' is set on object 'Object Repository/VLink/Page_CCSale/txt_TransactionType'

2021-06-22 01:32:27 - [MESSAGE][PASSED] - Object 'Object Repository/VLink/Page_CCSale/txt_MessageVersion' is present

2021-06-22 01:32:28 - [MESSAGE][PASSED] - Text '2.0C' is set on object 'Object Repository/VLink/Page_CCSale/txt_MessageVersion'

2021-06-22 01:32:28 - [MESSAGE][PASSED] - Object 'Object Repository/VLink/Page_CCSale/txt_RemID' is present

2021-06-22 01:32:29 - [MESSAGE][PASSED] - Text 'V6Oh0DHYoL50' is set on object 'Object Repository/VLink/Page_CCSale/txt_RemID'

2021-06-22 01:32:29 - [MESSAGE][PASSED] - Object 'Object Repository/VLink/Page_CCSale/txt_ApplicationId' is present

2021-06-22 01:32:30 - [MESSAGE][PASSED] - Text '671' is set on object 'Object Repository/VLink/Page_CCSale/txt_ApplicationId'

2021-06-22 01:32:30 - [MESSAGE][PASSED] - Object 'Object Repository/VLink/Page_CCSale/txt_Username' is present

2021-06-22 01:32:31 - [MESSAGE][PASSED] - Text 'username' is set on object 'Object Repository/VLink/Page_CCSale/txt_Username'

2021-06-22 01:32:31 - [MESSAGE][PASSED] - Object 'Object Repository/VLink/Page_CCSale/txt_Password' is present

2021-06-22 01:32:32 - [MESSAGE][PASSED] - Text 'password' is set on object 'Object Repository/VLink/Page_CCSale/txt_Password'

2021-06-22 01:32:32 - [MESSAGE][PASSED] - Object 'Object Repository/VLink/Page_CCSale/txt_ResponseFormat' is present

2021-06-22 01:32:32 - [MESSAGE][PASSED] - Text 'fixed_width' is set on object 'Object Repository/VLink/Page_CCSale/txt_ResponseFormat'

2021-06-22 01:32:33 - [MESSAGE][PASSED] - Object 'Object Repository/VLink/Page_CCSale/txt_Category' is present

2021-06-22 01:32:33 - [MESSAGE][PASSED] - Text 'RETL' is set on object 'Object Repository/VLink/Page_CCSale/txt_Category'

2021-06-22 01:32:34 - [MESSAGE][PASSED] - Object 'Object Repository/VLink/Page_CCSale/txt_TransactionID' is present

2021-06-22 01:32:34 - [MESSAGE][PASSED] - Text '' is set on object 'Object Repository/VLink/Page_CCSale/txt_TransactionID'

2021-06-22 01:32:34 - [MESSAGE][PASSED] - Object 'Object Repository/VLink/Page_CCSale/txt_ApprovalCode' is present

2021-06-22 01:32:35 - [MESSAGE][PASSED] - Text '' is set on object 'Object Repository/VLink/Page_CCSale/txt_ApprovalCode'

2021-06-22 01:32:35 - [MESSAGE][PASSED] - Object 'Object Repository/VLink/Page_CCSale/txt_CardName' is present

2021-06-22 01:32:36 - [MESSAGE][PASSED] - Text 'Kris Roshan' is set on object 'Object Repository/VLink/Page_CCSale/txt_CardName'

2021-06-22 01:32:36 - [MESSAGE][PASSED] - Object 'Object Repository/VLink/Page_CCSale/txt_AL1' is present

2021-06-22 01:32:37 - [MESSAGE][PASSED] - Text '258 Elm Road' is set on object 'Object Repository/VLink/Page_CCSale/txt_AL1'

2021-06-22 01:32:37 - [MESSAGE][PASSED] - Object 'Object Repository/VLink/Page_CCSale/txt_AL2' is present

2021-06-22 01:32:38 - [MESSAGE][PASSED] - Text 'Suite 56' is set on object 'Object Repository/VLink/Page_CCSale/txt_AL2'

2021-06-22 01:32:38 - [MESSAGE][PASSED] - Object 'Object Repository/VLink/Page_CCSale/txt_CardCity' is present

2021-06-22 01:32:39 - [MESSAGE][PASSED] - Text 'Arlington' is set on object 'Object Repository/VLink/Page_CCSale/txt_CardCity'

2021-06-22 01:32:39 - [MESSAGE][PASSED] - Object 'Object Repository/VLink/Page_CCSale/txt_CardState' is present

2021-06-22 01:32:40 - [MESSAGE][PASSED] - Text 'VA' is set on object 'Object Repository/VLink/Page_CCSale/txt_CardState'

2021-06-22 01:32:40 - [MESSAGE][PASSED] - Object 'Object Repository/VLink/Page_CCSale/txt_CardZIP' is present

2021-06-22 01:32:41 - [MESSAGE][PASSED] - Text '22201' is set on object 'Object Repository/VLink/Page_CCSale/txt_CardZIP'

2021-06-22 01:32:41 - [MESSAGE][PASSED] - Object 'Object Repository/VLink/Page_CCSale/txt_CountryID' is present

2021-06-22 01:32:42 - [MESSAGE][PASSED] - Text '840' is set on object 'Object Repository/VLink/Page_CCSale/txt_CountryID'

2021-06-22 01:32:42 - [MESSAGE][PASSED] - Object 'Object Repository/VLink/Page_CCSale/txt_Amount' is present

2021-06-22 01:32:43 - [MESSAGE][PASSED] - Text '1.50' is set on object 'Object Repository/VLink/Page_CCSale/txt_Amount'

2021-06-22 01:32:43 - [MESSAGE][PASSED] - Object 'Object Repository/VLink/Page_CCSale/txt_CardNumber' is present

2021-06-22 01:32:44 - [MESSAGE][PASSED] - Text '5424000000000015' is set on object 'Object Repository/VLink/Page_CCSale/txt_CardNumber'

2021-06-22 01:32:44 - [MESSAGE][PASSED] - Object 'Object Repository/VLink/Page_CCSale/txt_ExpMonth' is present

2021-06-22 01:32:45 - [MESSAGE][PASSED] - Text '12' is set on object 'Object Repository/VLink/Page_CCSale/txt_ExpMonth'

2021-06-22 01:32:45 - [MESSAGE][PASSED] - Object 'Object Repository/VLink/Page_CCSale/txt_ExpYear' is present

2021-06-22 01:32:46 - [MESSAGE][PASSED] - Text '2025' is set on object 'Object Repository/VLink/Page_CCSale/txt_ExpYear'

2021-06-22 01:32:46 - [MESSAGE][PASSED] - Object 'Object Repository/VLink/Page_CCSale/txt_CVV' is present

2021-06-22 01:32:47 - [MESSAGE][PASSED] - Text '' is set on object 'Object Repository/VLink/Page_CCSale/txt_CVV'

2021-06-22 01:32:47 - [MESSAGE][PASSED] - Object 'Object Repository/VLink/Page_CCSale/txt_CVVstate' is present

2021-06-22 01:32:48 - [MESSAGE][PASSED] - Text '' is set on object 'Object Repository/VLink/Page_CCSale/txt_CVVstate'

2021-06-22 01:32:48 - [MESSAGE][PASSED] - Object 'Object Repository/VLink/Page_CCSale/txt_TrackData' is present

2021-06-22 01:32:49 - [MESSAGE][PASSED] - Text '' is set on object 'Object Repository/VLink/Page_CCSale/txt_TrackData'

2021-06-22 01:32:49 - [MESSAGE][PASSED] - Object 'Object Repository/VLink/Page_CCSale/txt_Track1Data' is present

2021-06-22 01:32:50 - [MESSAGE][PASSED] - Text '' is set on object 'Object Repository/VLink/Page_CCSale/txt_Track1Data'

2021-06-22 01:32:50 - [MESSAGE][PASSED] - Object 'Object Repository/VLink/Page_CCSale/txt_Track2Data' is present

2021-06-22 01:32:51 - [MESSAGE][PASSED] - Text '' is set on object 'Object Repository/VLink/Page_CCSale/txt_Track2Data'

2021-06-22 01:32:51 - [MESSAGE][PASSED] - Object 'Object Repository/VLink/Page_CCSale/txt_POSEntryMode' is present

2021-06-22 01:32:52 - [MESSAGE][PASSED] - Text 'manual' is set on object 'Object Repository/VLink/Page_CCSale/txt_POSEntryMode'

2021-06-22 01:32:52 - [MESSAGE][PASSED] - Object 'Object Repository/VLink/Page_CCSale/txt_Email' is present

2021-06-22 01:32:53 - [MESSAGE][PASSED] - Text 'iahmed@govolution.com' is set on object 'Object Repository/VLink/Page_CCSale/txt_Email'

2021-06-22 01:32:53 - [MESSAGE][PASSED] - Object 'Object Repository/VLink/Page_CCSale/txt_OrderNumber' is present

2021-06-22 01:32:54 - [MESSAGE][PASSED] - Text '2569362' is set on object 'Object Repository/VLink/Page_CCSale/txt_OrderNumber'

2021-06-22 01:32:54 - [MESSAGE][PASSED] - Object 'Object Repository/VLink/Page_CCSale/txt_TaxAmount' is present

2021-06-22 01:32:55 - [MESSAGE][PASSED] - Text '1.15' is set on object 'Object Repository/VLink/Page_CCSale/txt_TaxAmount'

2021-06-22 01:32:55 - [MESSAGE][PASSED] - Object 'Object Repository/VLink/Page_CCSale/txt_ChargeDescription' is present

2021-06-22 01:32:56 - [MESSAGE][PASSED] - Text 'Charge Description' is set on object 'Object Repository/VLink/Page_CCSale/txt_ChargeDescription'

2021-06-22 01:32:56 - [MESSAGE][PASSED] - Object 'Object Repository/VLink/Page_CCSale/txt_CAN' is present

2021-06-22 01:32:57 - [MESSAGE][PASSED] - Text '147357' is set on object 'Object Repository/VLink/Page_CCSale/txt_CAN'

2021-06-22 01:32:57 - [MESSAGE][PASSED] - Object 'Object Repository/VLink/Page_CCSale/txt_BillPaymentIndicator' is present

2021-06-22 01:32:58 - [MESSAGE][PASSED] - Text '1' is set on object 'Object Repository/VLink/Page_CCSale/txt_BillPaymentIndicator'

2021-06-22 01:32:58 - [MESSAGE][PASSED] - Object 'Object Repository/VLink/Page_CCSale/txt_UDF1' is present

2021-06-22 01:32:59 - [MESSAGE][PASSED] - Text 'UDF Data 1' is set on object 'Object Repository/VLink/Page_CCSale/txt_UDF1'

2021-06-22 01:32:59 - [MESSAGE][PASSED] - Object 'Object Repository/VLink/Page_CCSale/txt_UDF2' is present

2021-06-22 01:33:00 - [MESSAGE][PASSED] - Text 'UDF Data 2' is set on object 'Object Repository/VLink/Page_CCSale/txt_UDF2'

2021-06-22 01:33:00 - [MESSAGE][PASSED] - Object 'Object Repository/VLink/Page_CCSale/txt_UDF3' is present

2021-06-22 01:33:01 - [MESSAGE][PASSED] - Text 'UDF Data 3' is set on object 'Object Repository/VLink/Page_CCSale/txt_UDF3'

2021-06-22 01:33:01 - [MESSAGE][PASSED] - Object 'Object Repository/VLink/Page_CCSale/txt_UDF4' is present

2021-06-22 01:33:02 - [MESSAGE][PASSED] - Text 'UDF Data 4' is set on object 'Object Repository/VLink/Page_CCSale/txt_UDF4'

2021-06-22 01:33:02 - [MESSAGE][PASSED] - Object 'Object Repository/VLink/Page_CCSale/txt_UDF5' is present

2021-06-22 01:33:03 - [MESSAGE][PASSED] - Text 'UDF Data 5' is set on object 'Object Repository/VLink/Page_CCSale/txt_UDF5'

2021-06-22 01:33:03 - [MESSAGE][PASSED] - Object 'Object Repository/VLink/Page_CCSale/txt_UDF6' is present

2021-06-22 01:33:04 - [MESSAGE][PASSED] - Text 'UDF Data 6' is set on object 'Object Repository/VLink/Page_CCSale/txt_UDF6'

2021-06-22 01:33:04 - [MESSAGE][PASSED] - Object 'Object Repository/VLink/Page_CCSale/txt_UDF7' is present

2021-06-22 01:33:05 - [MESSAGE][PASSED] - Text 'UDF Data 7' is set on object 'Object Repository/VLink/Page_CCSale/txt_UDF7'

2021-06-22 01:33:05 - [MESSAGE][PASSED] - Object 'Object Repository/VLink/Page_CCSale/txt_UDF8' is present

2021-06-22 01:33:06 - [MESSAGE][PASSED] - Text 'UDF Data 8' is set on object 'Object Repository/VLink/Page_CCSale/txt_UDF8'

2021-06-22 01:33:06 - [MESSAGE][PASSED] - Object 'Object Repository/VLink/Page_CCSale/txt_UDF9' is present

2021-06-22 01:33:07 - [MESSAGE][PASSED] - Text 'UDF Data 9' is set on object 'Object Repository/VLink/Page_CCSale/txt_UDF9'

2021-06-22 01:33:07 - [MESSAGE][PASSED] - Object 'Object Repository/VLink/Page_CCSale/txt_UDF10' is present

2021-06-22 01:33:08 - [MESSAGE][PASSED] - Text 'UDF Data 10' is set on object 'Object Repository/VLink/Page_CCSale/txt_UDF10'

2021-06-22 01:33:08 - [MESSAGE][PASSED] - Object 'Object Repository/VLink/Page_CCSale/txt_CardOnFileIndicator' is present

2021-06-22 01:33:09 - [MESSAGE][PASSED] - Text '' is set on object 'Object Repository/VLink/Page_CCSale/txt_CardOnFileIndicator'

2021-06-22 01:33:09 - [MESSAGE][PASSED] - Object 'Object Repository/VLink/Page_CCSale/txt_StoredCredentialIndicator' is present

2021-06-22 01:33:10 - [MESSAGE][PASSED] - Text '' is set on object 'Object Repository/VLink/Page_CCSale/txt_StoredCredentialIndicator'

2021-06-22 01:33:10 - [MESSAGE][PASSED] - Object 'Object Repository/VLink/Page_CCSale/txt_COFScheduledIndicator' is present

2021-06-22 01:33:11 - [MESSAGE][PASSED] - Text '' is set on object 'Object Repository/VLink/Page_CCSale/txt_COFScheduledIndicator'

2021-06-22 01:33:11 - [MESSAGE][PASSED] - Object 'Object Repository/VLink/Page_CCSale/txt_COFTransactionInitiatedBy' is present

2021-06-22 01:33:12 - [MESSAGE][PASSED] - Text '' is set on object 'Object Repository/VLink/Page_CCSale/txt_COFTransactionInitiatedBy'

2021-06-22 01:33:17 - [MESSAGE][PASSED] - Object: 'Object Repository/VLink/Page_CCSale/btn_ProcessVLinkTransaction' is clicked on

2021-06-22 01:33:22 - [MESSAGE][PASSED] - vlinkPages.saleCCPage.setDataSCC is PASSED

2021-06-22 01:33:22 - [TEST_STEP][PASSED] - if (verifyTextPresent("Transaction approved, no errors", true)): null

2021-06-22 01:33:22 - [MESSAGE][PASSED] - Text 'Transaction approved, no errors' is present on page  using regular expression

2021-06-22 01:33:22 - [TEST_STEP][PASSED] - println("Transaction Approved, no errors text is present on the Confirmation page"): null

2021-06-22 01:33:22 - [TEST_STEP][PASSED] - out.println("Pass Record Number: " + row): null

2021-06-22 01:33:22 - [TEST_STEP][PASSED] - resText = "Pass": null

2021-06-22 01:33:22 - [TEST_STEP][PASSED] - pages.WriteExcel.demoKey(resText, datText, resColumn, datCloumn, fileLoc, nameSheet, row): pages.WriteExcel.demoKey is PASSED

2021-06-22 01:33:23 - [MESSAGE][PASSED] - pages.WriteExcel.demoKey is PASSED

2021-06-22 01:33:23 - [TEST_STEP][PASSED] - sdfo = getText(findTestObject("Object Repository/Page_VLinkReceipt/pre_STX")): Text of object 'Object Repository/Page_VLinkReceipt/pre_STX' is: '<STX>V6Oh0DHYoL50                  12098374            0  Transaction approved, no errors                   0                                                                                  Y 006309   <ETX>'

2021-06-22 01:33:23 - [MESSAGE][PASSED] - Text of object 'Object Repository/Page_VLinkReceipt/pre_STX' is: '<STX>V6Oh0DHYoL50                  12098374            0  Transaction approved, no errors                   0                                                                                  Y 006309   <ETX>'

2021-06-22 01:33:23 - [TEST_STEP][PASSED] - out.println("sdfo: " + sdfo): null

2021-06-22 01:33:23 - [TEST_STEP][PASSED] - remID = substring(5, 35).trim(): null

2021-06-22 01:33:23 - [TEST_STEP][PASSED] - out.println("Remittance ID: " + remID): null

2021-06-22 01:33:23 - [TEST_STEP][PASSED] - traxID = substring(35, 55).trim(): null

2021-06-22 01:33:23 - [TEST_STEP][PASSED] - out.println("Transaction ID: " + traxID): null

2021-06-22 01:33:23 - [TEST_STEP][PASSED] - out.println("End Record Number: " + row): null

2021-06-22 01:33:23 - [TEST_STEP][PASSED] - closeBrowser(): Browser is closed

2021-06-22 01:33:24 - [MESSAGE][PASSED] - Browser is closed

2021-06-22 01:33:24 - [TEST_STEP][PASSED] - out.println("Begin Record Number: " + row): null

2021-06-22 01:33:24 - [TEST_STEP][PASSED] - today = new java.util.Date(): null

2021-06-22 01:33:24 - [TEST_STEP][PASSED] - println(today): null

2021-06-22 01:33:24 - [TEST_STEP][PASSED] - datText = today: null

2021-06-22 01:33:24 - [TEST_STEP][PASSED] - openBrowser(VLinkURL + "authcap.html"): Browser is opened with url: 'https://dev-algorithm.govolution.com/vlinktest/QA/version_2_0/authcap.html'

2021-06-22 01:33:24 - [MESSAGE][INFO] - Starting 'Chrome' driver

2021-06-22 01:33:24 - [MESSAGE][INFO] - User set preference: ['acceptInsecureCerts', 'true']

2021-06-22 01:33:24 - [MESSAGE][INFO] - Action delay is set to 0 milliseconds

2021-06-22 01:33:25 - [MESSAGE][PASSED] - Browser is opened with url: 'https://dev-algorithm.govolution.com/vlinktest/QA/version_2_0/authcap.html'

2021-06-22 01:33:25 - [TEST_STEP][PASSED] - maximizeWindow(): Current window maximized

2021-06-22 01:33:25 - [MESSAGE][PASSED] - Current window maximized

2021-06-22 01:33:25 - [TEST_STEP][PASSED] - vlinkPages.saleCCPage.setDataSCC(row, dataFile): vlinkPages.saleCCPage.setDataSCC is PASSED

2021-06-22 01:33:27 - [MESSAGE][PASSED] - Object 'Object Repository/VLink/Page_CCSale/txt_CardNumber' is present

2021-06-22 01:33:28 - [MESSAGE][PASSED] - Object 'Object Repository/VLink/Page_CCSale/txt_TransactionType' is present

2021-06-22 01:33:28 - [MESSAGE][PASSED] - Text '104' is set on object 'Object Repository/VLink/Page_CCSale/txt_TransactionType'

2021-06-22 01:33:29 - [MESSAGE][PASSED] - Object 'Object Repository/VLink/Page_CCSale/txt_MessageVersion' is present

2021-06-22 01:33:29 - [MESSAGE][PASSED] - Text '2.0C' is set on object 'Object Repository/VLink/Page_CCSale/txt_MessageVersion'

2021-06-22 01:33:29 - [MESSAGE][PASSED] - Object 'Object Repository/VLink/Page_CCSale/txt_RemID' is present

2021-06-22 01:33:30 - [MESSAGE][PASSED] - Text 'VuSaxF5uPVVJ' is set on object 'Object Repository/VLink/Page_CCSale/txt_RemID'

2021-06-22 01:33:30 - [MESSAGE][PASSED] - Object 'Object Repository/VLink/Page_CCSale/txt_ApplicationId' is present

2021-06-22 01:33:31 - [MESSAGE][PASSED] - Text '671' is set on object 'Object Repository/VLink/Page_CCSale/txt_ApplicationId'

2021-06-22 01:33:31 - [MESSAGE][PASSED] - Object 'Object Repository/VLink/Page_CCSale/txt_Username' is present

2021-06-22 01:33:32 - [MESSAGE][PASSED] - Text 'username' is set on object 'Object Repository/VLink/Page_CCSale/txt_Username'

2021-06-22 01:33:32 - [MESSAGE][PASSED] - Object 'Object Repository/VLink/Page_CCSale/txt_Password' is present

2021-06-22 01:33:33 - [MESSAGE][PASSED] - Text 'password' is set on object 'Object Repository/VLink/Page_CCSale/txt_Password'

2021-06-22 01:33:33 - [MESSAGE][PASSED] - Object 'Object Repository/VLink/Page_CCSale/txt_ResponseFormat' is present

2021-06-22 01:33:34 - [MESSAGE][PASSED] - Text 'fixed_width' is set on object 'Object Repository/VLink/Page_CCSale/txt_ResponseFormat'

2021-06-22 01:33:34 - [MESSAGE][PASSED] - Object 'Object Repository/VLink/Page_CCSale/txt_Category' is present

2021-06-22 01:33:35 - [MESSAGE][PASSED] - Text 'RETL' is set on object 'Object Repository/VLink/Page_CCSale/txt_Category'

2021-06-22 01:33:35 - [MESSAGE][PASSED] - Object 'Object Repository/VLink/Page_CCSale/txt_TransactionID' is present

2021-06-22 01:33:35 - [MESSAGE][PASSED] - Text '' is set on object 'Object Repository/VLink/Page_CCSale/txt_TransactionID'

2021-06-22 01:33:36 - [MESSAGE][PASSED] - Object 'Object Repository/VLink/Page_CCSale/txt_ApprovalCode' is present

2021-06-22 01:33:36 - [MESSAGE][PASSED] - Text '' is set on object 'Object Repository/VLink/Page_CCSale/txt_ApprovalCode'

2021-06-22 01:33:37 - [MESSAGE][PASSED] - Object 'Object Repository/VLink/Page_CCSale/txt_CardName' is present

2021-06-22 01:33:37 - [MESSAGE][PASSED] - Text 'Arvind Silva' is set on object 'Object Repository/VLink/Page_CCSale/txt_CardName'

2021-06-22 01:33:38 - [MESSAGE][PASSED] - Object 'Object Repository/VLink/Page_CCSale/txt_AL1' is present

2021-06-22 01:33:38 - [MESSAGE][PASSED] - Text '111 Main Ave' is set on object 'Object Repository/VLink/Page_CCSale/txt_AL1'

2021-06-22 01:33:39 - [MESSAGE][PASSED] - Object 'Object Repository/VLink/Page_CCSale/txt_AL2' is present

2021-06-22 01:33:39 - [MESSAGE][PASSED] - Text '' is set on object 'Object Repository/VLink/Page_CCSale/txt_AL2'

2021-06-22 01:33:40 - [MESSAGE][PASSED] - Object 'Object Repository/VLink/Page_CCSale/txt_CardCity' is present

2021-06-22 01:33:40 - [MESSAGE][PASSED] - Text 'Arlington' is set on object 'Object Repository/VLink/Page_CCSale/txt_CardCity'

2021-06-22 01:33:41 - [MESSAGE][PASSED] - Object 'Object Repository/VLink/Page_CCSale/txt_CardState' is present

2021-06-22 01:33:41 - [MESSAGE][PASSED] - Text 'VA' is set on object 'Object Repository/VLink/Page_CCSale/txt_CardState'

2021-06-22 01:33:42 - [MESSAGE][PASSED] - Object 'Object Repository/VLink/Page_CCSale/txt_CardZIP' is present

2021-06-22 01:33:42 - [MESSAGE][PASSED] - Text '22201' is set on object 'Object Repository/VLink/Page_CCSale/txt_CardZIP'

2021-06-22 01:33:43 - [MESSAGE][PASSED] - Object 'Object Repository/VLink/Page_CCSale/txt_CountryID' is present

2021-06-22 01:33:43 - [MESSAGE][PASSED] - Text '' is set on object 'Object Repository/VLink/Page_CCSale/txt_CountryID'

2021-06-22 01:33:44 - [MESSAGE][PASSED] - Object 'Object Repository/VLink/Page_CCSale/txt_Amount' is present

2021-06-22 01:33:44 - [MESSAGE][PASSED] - Text '2.50' is set on object 'Object Repository/VLink/Page_CCSale/txt_Amount'

2021-06-22 01:33:45 - [MESSAGE][PASSED] - Object 'Object Repository/VLink/Page_CCSale/txt_CardNumber' is present

2021-06-22 01:33:45 - [MESSAGE][PASSED] - Text '370000000000002' is set on object 'Object Repository/VLink/Page_CCSale/txt_CardNumber'

2021-06-22 01:33:46 - [MESSAGE][PASSED] - Object 'Object Repository/VLink/Page_CCSale/txt_ExpMonth' is present

2021-06-22 01:33:46 - [MESSAGE][PASSED] - Text '01' is set on object 'Object Repository/VLink/Page_CCSale/txt_ExpMonth'

2021-06-22 01:33:47 - [MESSAGE][PASSED] - Object 'Object Repository/VLink/Page_CCSale/txt_ExpYear' is present

2021-06-22 01:33:47 - [MESSAGE][PASSED] - Text '2026' is set on object 'Object Repository/VLink/Page_CCSale/txt_ExpYear'

2021-06-22 01:33:48 - [MESSAGE][PASSED] - Object 'Object Repository/VLink/Page_CCSale/txt_CVV' is present

2021-06-22 01:33:48 - [MESSAGE][PASSED] - Text '' is set on object 'Object Repository/VLink/Page_CCSale/txt_CVV'

2021-06-22 01:33:49 - [MESSAGE][PASSED] - Object 'Object Repository/VLink/Page_CCSale/txt_CVVstate' is present

2021-06-22 01:33:49 - [MESSAGE][PASSED] - Text '' is set on object 'Object Repository/VLink/Page_CCSale/txt_CVVstate'

2021-06-22 01:33:50 - [MESSAGE][PASSED] - Object 'Object Repository/VLink/Page_CCSale/txt_TrackData' is present

2021-06-22 01:33:50 - [MESSAGE][PASSED] - Text '' is set on object 'Object Repository/VLink/Page_CCSale/txt_TrackData'

2021-06-22 01:33:51 - [MESSAGE][PASSED] - Object 'Object Repository/VLink/Page_CCSale/txt_Track1Data' is present

2021-06-22 01:33:51 - [MESSAGE][PASSED] - Text '' is set on object 'Object Repository/VLink/Page_CCSale/txt_Track1Data'

2021-06-22 01:33:52 - [MESSAGE][PASSED] - Object 'Object Repository/VLink/Page_CCSale/txt_Track2Data' is present

2021-06-22 01:33:52 - [MESSAGE][PASSED] - Text '' is set on object 'Object Repository/VLink/Page_CCSale/txt_Track2Data'

2021-06-22 01:33:53 - [MESSAGE][PASSED] - Object 'Object Repository/VLink/Page_CCSale/txt_POSEntryMode' is present

2021-06-22 01:33:53 - [MESSAGE][PASSED] - Text 'manual' is set on object 'Object Repository/VLink/Page_CCSale/txt_POSEntryMode'

2021-06-22 01:33:54 - [MESSAGE][PASSED] - Object 'Object Repository/VLink/Page_CCSale/txt_Email' is present

2021-06-22 01:33:54 - [MESSAGE][PASSED] - Text '' is set on object 'Object Repository/VLink/Page_CCSale/txt_Email'

2021-06-22 01:33:55 - [MESSAGE][PASSED] - Object 'Object Repository/VLink/Page_CCSale/txt_OrderNumber' is present

2021-06-22 01:33:55 - [MESSAGE][PASSED] - Text '' is set on object 'Object Repository/VLink/Page_CCSale/txt_OrderNumber'

2021-06-22 01:33:56 - [MESSAGE][PASSED] - Object 'Object Repository/VLink/Page_CCSale/txt_TaxAmount' is present

2021-06-22 01:33:56 - [MESSAGE][PASSED] - Text '' is set on object 'Object Repository/VLink/Page_CCSale/txt_TaxAmount'

2021-06-22 01:33:57 - [MESSAGE][PASSED] - Object 'Object Repository/VLink/Page_CCSale/txt_ChargeDescription' is present

2021-06-22 01:33:57 - [MESSAGE][PASSED] - Text '' is set on object 'Object Repository/VLink/Page_CCSale/txt_ChargeDescription'

2021-06-22 01:33:58 - [MESSAGE][PASSED] - Object 'Object Repository/VLink/Page_CCSale/txt_CAN' is present

2021-06-22 01:33:58 - [MESSAGE][PASSED] - Text '' is set on object 'Object Repository/VLink/Page_CCSale/txt_CAN'

2021-06-22 01:33:59 - [MESSAGE][PASSED] - Object 'Object Repository/VLink/Page_CCSale/txt_BillPaymentIndicator' is present

2021-06-22 01:33:59 - [MESSAGE][PASSED] - Text '' is set on object 'Object Repository/VLink/Page_CCSale/txt_BillPaymentIndicator'

2021-06-22 01:34:00 - [MESSAGE][PASSED] - Object 'Object Repository/VLink/Page_CCSale/txt_UDF1' is present

2021-06-22 01:34:00 - [MESSAGE][PASSED] - Text '' is set on object 'Object Repository/VLink/Page_CCSale/txt_UDF1'

2021-06-22 01:34:01 - [MESSAGE][PASSED] - Object 'Object Repository/VLink/Page_CCSale/txt_UDF2' is present

2021-06-22 01:34:01 - [MESSAGE][PASSED] - Text '' is set on object 'Object Repository/VLink/Page_CCSale/txt_UDF2'

2021-06-22 01:34:02 - [MESSAGE][PASSED] - Object 'Object Repository/VLink/Page_CCSale/txt_UDF3' is present

2021-06-22 01:34:02 - [MESSAGE][PASSED] - Text '' is set on object 'Object Repository/VLink/Page_CCSale/txt_UDF3'

2021-06-22 01:34:03 - [MESSAGE][PASSED] - Object 'Object Repository/VLink/Page_CCSale/txt_UDF4' is present

2021-06-22 01:34:03 - [MESSAGE][PASSED] - Text '' is set on object 'Object Repository/VLink/Page_CCSale/txt_UDF4'

2021-06-22 01:34:04 - [MESSAGE][PASSED] - Object 'Object Repository/VLink/Page_CCSale/txt_UDF5' is present

2021-06-22 01:34:04 - [MESSAGE][PASSED] - Text '' is set on object 'Object Repository/VLink/Page_CCSale/txt_UDF5'

2021-06-22 01:34:05 - [MESSAGE][PASSED] - Object 'Object Repository/VLink/Page_CCSale/txt_UDF6' is present

2021-06-22 01:34:05 - [MESSAGE][PASSED] - Text '' is set on object 'Object Repository/VLink/Page_CCSale/txt_UDF6'

2021-06-22 01:34:06 - [MESSAGE][PASSED] - Object 'Object Repository/VLink/Page_CCSale/txt_UDF7' is present

2021-06-22 01:34:06 - [MESSAGE][PASSED] - Text '' is set on object 'Object Repository/VLink/Page_CCSale/txt_UDF7'

2021-06-22 01:34:07 - [MESSAGE][PASSED] - Object 'Object Repository/VLink/Page_CCSale/txt_UDF8' is present

2021-06-22 01:34:07 - [MESSAGE][PASSED] - Text '' is set on object 'Object Repository/VLink/Page_CCSale/txt_UDF8'

2021-06-22 01:34:07 - [MESSAGE][PASSED] - Object 'Object Repository/VLink/Page_CCSale/txt_UDF9' is present

2021-06-22 01:34:08 - [MESSAGE][PASSED] - Text '' is set on object 'Object Repository/VLink/Page_CCSale/txt_UDF9'

2021-06-22 01:34:08 - [MESSAGE][PASSED] - Object 'Object Repository/VLink/Page_CCSale/txt_UDF10' is present

2021-06-22 01:34:09 - [MESSAGE][PASSED] - Text '' is set on object 'Object Repository/VLink/Page_CCSale/txt_UDF10'

2021-06-22 01:34:09 - [MESSAGE][PASSED] - Object 'Object Repository/VLink/Page_CCSale/txt_CardOnFileIndicator' is present

2021-06-22 01:34:10 - [MESSAGE][PASSED] - Text '' is set on object 'Object Repository/VLink/Page_CCSale/txt_CardOnFileIndicator'

2021-06-22 01:34:10 - [MESSAGE][PASSED] - Object 'Object Repository/VLink/Page_CCSale/txt_StoredCredentialIndicator' is present

2021-06-22 01:34:11 - [MESSAGE][PASSED] - Text '' is set on object 'Object Repository/VLink/Page_CCSale/txt_StoredCredentialIndicator'

2021-06-22 01:34:11 - [MESSAGE][PASSED] - Object 'Object Repository/VLink/Page_CCSale/txt_COFScheduledIndicator' is present

2021-06-22 01:34:12 - [MESSAGE][PASSED] - Text '' is set on object 'Object Repository/VLink/Page_CCSale/txt_COFScheduledIndicator'

2021-06-22 01:34:12 - [MESSAGE][PASSED] - Object 'Object Repository/VLink/Page_CCSale/txt_COFTransactionInitiatedBy' is present

2021-06-22 01:34:13 - [MESSAGE][PASSED] - Text '' is set on object 'Object Repository/VLink/Page_CCSale/txt_COFTransactionInitiatedBy'

2021-06-22 01:34:17 - [MESSAGE][PASSED] - Object: 'Object Repository/VLink/Page_CCSale/btn_ProcessVLinkTransaction' is clicked on

2021-06-22 01:34:22 - [MESSAGE][PASSED] - vlinkPages.saleCCPage.setDataSCC is PASSED

2021-06-22 01:34:22 - [TEST_STEP][FAILED] - if (verifyTextPresent("Transaction approved, no errors", true)): Text 'Transaction approved, no errors' is not present on page  using regular expression (Root cause: com.kms.katalon.core.exception.StepFailedException: Text 'Transaction approved, no errors' is not present on page  using regular expression
	at com.kms.katalon.core.webui.keyword.internal.WebUIKeywordMain.stepFailed(WebUIKeywordMain.groovy:64)
	at com.kms.katalon.core.webui.keyword.builtin.VerifyTextPresentKeyword$_verifyTextPresent_closure1.doCall(VerifyTextPresentKeyword.groovy:79)
	at com.kms.katalon.core.webui.keyword.builtin.VerifyTextPresentKeyword$_verifyTextPresent_closure1.call(VerifyTextPresentKeyword.groovy)
	at com.kms.katalon.core.webui.keyword.internal.WebUIKeywordMain.runKeyword(WebUIKeywordMain.groovy:20)
	at com.kms.katalon.core.webui.keyword.builtin.VerifyTextPresentKeyword.verifyTextPresent(VerifyTextPresentKeyword.groovy:83)
	at com.kms.katalon.core.webui.keyword.builtin.VerifyTextPresentKeyword.execute(VerifyTextPresentKeyword.groovy:68)
	at com.kms.katalon.core.keyword.internal.KeywordExecutor.executeKeywordForPlatform(KeywordExecutor.groovy:72)
	at com.kms.katalon.core.webui.keyword.WebUiBuiltInKeywords.verifyTextPresent(WebUiBuiltInKeywords.groovy:1719)
	at com.kms.katalon.core.webui.keyword.WebUiBuiltInKeywords$verifyTextPresent$4.call(Unknown Source)
	at VLinkSale-Successful.run(VLinkSale-Successful:76)
	at com.kms.katalon.core.main.ScriptEngine.run(ScriptEngine.java:194)
	at com.kms.katalon.core.main.ScriptEngine.runScriptAsRawText(ScriptEngine.java:119)
	at com.kms.katalon.core.main.TestCaseExecutor.runScript(TestCaseExecutor.java:337)
	at com.kms.katalon.core.main.TestCaseExecutor.doExecute(TestCaseExecutor.java:328)
	at com.kms.katalon.core.main.TestCaseExecutor.processExecutionPhase(TestCaseExecutor.java:307)
	at com.kms.katalon.core.main.TestCaseExecutor.accessMainPhase(TestCaseExecutor.java:299)
	at com.kms.katalon.core.main.TestCaseExecutor.execute(TestCaseExecutor.java:233)
	at com.kms.katalon.core.main.TestSuiteExecutor.accessTestCaseMainPhase(TestSuiteExecutor.java:169)
	at com.kms.katalon.core.main.TestSuiteExecutor.accessTestSuiteMainPhase(TestSuiteExecutor.java:142)
	at com.kms.katalon.core.main.TestSuiteExecutor.execute(TestSuiteExecutor.java:91)
	at com.kms.katalon.core.main.TestCaseMain.startTestSuite(TestCaseMain.java:157)
	at com.kms.katalon.core.main.TestCaseMain$startTestSuite$0.call(Unknown Source)
	at TempTestSuite1624337272106.run(TempTestSuite1624337272106.groovy:37)
)

2021-06-22 01:34:22 - [MESSAGE][FAILED] - Text 'Transaction approved, no errors' is not present on page  using regular expression (Root cause: com.kms.katalon.core.exception.StepFailedException: Text 'Transaction approved, no errors' is not present on page  using regular expression
	at com.kms.katalon.core.webui.keyword.internal.WebUIKeywordMain.stepFailed(WebUIKeywordMain.groovy:64)
	at com.kms.katalon.core.webui.keyword.builtin.VerifyTextPresentKeyword$_verifyTextPresent_closure1.doCall(VerifyTextPresentKeyword.groovy:79)
	at com.kms.katalon.core.webui.keyword.builtin.VerifyTextPresentKeyword$_verifyTextPresent_closure1.call(VerifyTextPresentKeyword.groovy)
	at com.kms.katalon.core.webui.keyword.internal.WebUIKeywordMain.runKeyword(WebUIKeywordMain.groovy:20)
	at com.kms.katalon.core.webui.keyword.builtin.VerifyTextPresentKeyword.verifyTextPresent(VerifyTextPresentKeyword.groovy:83)
	at com.kms.katalon.core.webui.keyword.builtin.VerifyTextPresentKeyword.execute(VerifyTextPresentKeyword.groovy:68)
	at com.kms.katalon.core.keyword.internal.KeywordExecutor.executeKeywordForPlatform(KeywordExecutor.groovy:72)
	at com.kms.katalon.core.webui.keyword.WebUiBuiltInKeywords.verifyTextPresent(WebUiBuiltInKeywords.groovy:1719)
	at com.kms.katalon.core.webui.keyword.WebUiBuiltInKeywords$verifyTextPresent$4.call(Unknown Source)
	at VLinkSale-Successful.run(VLinkSale-Successful:76)
	at com.kms.katalon.core.main.ScriptEngine.run(ScriptEngine.java:194)
	at com.kms.katalon.core.main.ScriptEngine.runScriptAsRawText(ScriptEngine.java:119)
	at com.kms.katalon.core.main.TestCaseExecutor.runScript(TestCaseExecutor.java:337)
	at com.kms.katalon.core.main.TestCaseExecutor.doExecute(TestCaseExecutor.java:328)
	at com.kms.katalon.core.main.TestCaseExecutor.processExecutionPhase(TestCaseExecutor.java:307)
	at com.kms.katalon.core.main.TestCaseExecutor.accessMainPhase(TestCaseExecutor.java:299)
	at com.kms.katalon.core.main.TestCaseExecutor.execute(TestCaseExecutor.java:233)
	at com.kms.katalon.core.main.TestSuiteExecutor.accessTestCaseMainPhase(TestSuiteExecutor.java:169)
	at com.kms.katalon.core.main.TestSuiteExecutor.accessTestSuiteMainPhase(TestSuiteExecutor.java:142)
	at com.kms.katalon.core.main.TestSuiteExecutor.execute(TestSuiteExecutor.java:91)
	at com.kms.katalon.core.main.TestCaseMain.startTestSuite(TestCaseMain.java:157)
	at com.kms.katalon.core.main.TestCaseMain$startTestSuite$0.call(Unknown Source)
	at TempTestSuite1624337272106.run(TempTestSuite1624337272106.groovy:37)
)

2021-06-22 01:34:22 - [TEST_STEP][PASSED] - else: pages.WriteExcel.demoKey is PASSED

2021-06-22 01:34:22 - [TEST_STEP][PASSED] - println("Transaction Approved, no errors text is not present on the Confirmation page"): null

2021-06-22 01:34:22 - [TEST_STEP][PASSED] - out.println("Fail Record Number: " + row): null

2021-06-22 01:34:22 - [TEST_STEP][PASSED] - resText = "Fail": null

2021-06-22 01:34:22 - [TEST_STEP][PASSED] - pages.WriteExcel.demoKey(resText, datText, resColumn, datCloumn, fileLoc, nameSheet, row): pages.WriteExcel.demoKey is PASSED

2021-06-22 01:34:22 - [MESSAGE][PASSED] - pages.WriteExcel.demoKey is PASSED

2021-06-22 01:34:22 - [TEST_STEP][PASSED] - sdfo = getText(findTestObject("Object Repository/Page_VLinkReceipt/pre_STX")): Text of object 'Object Repository/Page_VLinkReceipt/pre_STX' is: '<STX>VuSaxF5uPVVJ                  12098375            2  Transaction failed                                105Processor reported error                                                        U          <ETX>'

2021-06-22 01:34:23 - [MESSAGE][PASSED] - Text of object 'Object Repository/Page_VLinkReceipt/pre_STX' is: '<STX>VuSaxF5uPVVJ                  12098375            2  Transaction failed                                105Processor reported error                                                        U          <ETX>'

2021-06-22 01:34:23 - [TEST_STEP][PASSED] - out.println("sdfo: " + sdfo): null

2021-06-22 01:34:23 - [TEST_STEP][PASSED] - remID = substring(5, 35).trim(): null

2021-06-22 01:34:23 - [TEST_STEP][PASSED] - out.println("Remittance ID: " + remID): null

2021-06-22 01:34:23 - [TEST_STEP][PASSED] - traxID = substring(35, 55).trim(): null

2021-06-22 01:34:23 - [TEST_STEP][PASSED] - out.println("Transaction ID: " + traxID): null

2021-06-22 01:34:23 - [TEST_STEP][PASSED] - out.println("End Record Number: " + row): null

2021-06-22 01:34:23 - [TEST_STEP][PASSED] - closeBrowser(): Browser is closed

2021-06-22 01:34:24 - [MESSAGE][PASSED] - Browser is closed

2021-06-22 01:34:24 - [TEST_STEP][PASSED] - out.println("Begin Record Number: " + row): null

2021-06-22 01:34:24 - [TEST_STEP][PASSED] - today = new java.util.Date(): null

2021-06-22 01:34:24 - [TEST_STEP][PASSED] - println(today): null

2021-06-22 01:34:24 - [TEST_STEP][PASSED] - datText = today: null

2021-06-22 01:34:24 - [TEST_STEP][PASSED] - openBrowser(VLinkURL + "authcap.html"): Browser is opened with url: 'https://dev-algorithm.govolution.com/vlinktest/QA/version_2_0/authcap.html'

2021-06-22 01:34:24 - [MESSAGE][INFO] - Starting 'Chrome' driver

2021-06-22 01:34:24 - [MESSAGE][INFO] - User set preference: ['acceptInsecureCerts', 'true']

2021-06-22 01:34:24 - [MESSAGE][INFO] - Action delay is set to 0 milliseconds

2021-06-22 01:34:25 - [MESSAGE][PASSED] - Browser is opened with url: 'https://dev-algorithm.govolution.com/vlinktest/QA/version_2_0/authcap.html'

2021-06-22 01:34:25 - [TEST_STEP][PASSED] - maximizeWindow(): Current window maximized

2021-06-22 01:34:25 - [MESSAGE][PASSED] - Current window maximized

2021-06-22 01:34:25 - [TEST_STEP][PASSED] - vlinkPages.saleCCPage.setDataSCC(row, dataFile): vlinkPages.saleCCPage.setDataSCC is PASSED

2021-06-22 01:34:27 - [MESSAGE][PASSED] - Object 'Object Repository/VLink/Page_CCSale/txt_CardNumber' is present

2021-06-22 01:34:28 - [MESSAGE][PASSED] - Object 'Object Repository/VLink/Page_CCSale/txt_TransactionType' is present

2021-06-22 01:34:28 - [MESSAGE][PASSED] - Text '104' is set on object 'Object Repository/VLink/Page_CCSale/txt_TransactionType'

2021-06-22 01:34:29 - [MESSAGE][PASSED] - Object 'Object Repository/VLink/Page_CCSale/txt_MessageVersion' is present

2021-06-22 01:34:29 - [MESSAGE][PASSED] - Text '2.0C' is set on object 'Object Repository/VLink/Page_CCSale/txt_MessageVersion'

2021-06-22 01:34:29 - [MESSAGE][PASSED] - Object 'Object Repository/VLink/Page_CCSale/txt_RemID' is present

2021-06-22 01:34:30 - [MESSAGE][PASSED] - Text 'pW2t6NTVxHCH' is set on object 'Object Repository/VLink/Page_CCSale/txt_RemID'

2021-06-22 01:34:30 - [MESSAGE][PASSED] - Object 'Object Repository/VLink/Page_CCSale/txt_ApplicationId' is present

2021-06-22 01:34:31 - [MESSAGE][PASSED] - Text '671' is set on object 'Object Repository/VLink/Page_CCSale/txt_ApplicationId'

2021-06-22 01:34:31 - [MESSAGE][PASSED] - Object 'Object Repository/VLink/Page_CCSale/txt_Username' is present

2021-06-22 01:34:32 - [MESSAGE][PASSED] - Text 'username' is set on object 'Object Repository/VLink/Page_CCSale/txt_Username'

2021-06-22 01:34:32 - [MESSAGE][PASSED] - Object 'Object Repository/VLink/Page_CCSale/txt_Password' is present

2021-06-22 01:34:33 - [MESSAGE][PASSED] - Text 'password' is set on object 'Object Repository/VLink/Page_CCSale/txt_Password'

2021-06-22 01:34:33 - [MESSAGE][PASSED] - Object 'Object Repository/VLink/Page_CCSale/txt_ResponseFormat' is present

2021-06-22 01:34:34 - [MESSAGE][PASSED] - Text 'fixed_width' is set on object 'Object Repository/VLink/Page_CCSale/txt_ResponseFormat'

2021-06-22 01:34:34 - [MESSAGE][PASSED] - Object 'Object Repository/VLink/Page_CCSale/txt_Category' is present

2021-06-22 01:34:34 - [MESSAGE][PASSED] - Text 'RETL' is set on object 'Object Repository/VLink/Page_CCSale/txt_Category'

2021-06-22 01:34:35 - [MESSAGE][PASSED] - Object 'Object Repository/VLink/Page_CCSale/txt_TransactionID' is present

2021-06-22 01:34:35 - [MESSAGE][PASSED] - Text '' is set on object 'Object Repository/VLink/Page_CCSale/txt_TransactionID'

2021-06-22 01:34:36 - [MESSAGE][PASSED] - Object 'Object Repository/VLink/Page_CCSale/txt_ApprovalCode' is present

2021-06-22 01:34:36 - [MESSAGE][PASSED] - Text '' is set on object 'Object Repository/VLink/Page_CCSale/txt_ApprovalCode'

2021-06-22 01:34:37 - [MESSAGE][PASSED] - Object 'Object Repository/VLink/Page_CCSale/txt_CardName' is present

2021-06-22 01:34:37 - [MESSAGE][PASSED] - Text 'Roshan Maha' is set on object 'Object Repository/VLink/Page_CCSale/txt_CardName'

2021-06-22 01:34:38 - [MESSAGE][PASSED] - Object 'Object Repository/VLink/Page_CCSale/txt_AL1' is present

2021-06-22 01:34:38 - [MESSAGE][PASSED] - Text '12563 Bazaar road' is set on object 'Object Repository/VLink/Page_CCSale/txt_AL1'

2021-06-22 01:34:39 - [MESSAGE][PASSED] - Object 'Object Repository/VLink/Page_CCSale/txt_AL2' is present

2021-06-22 01:34:39 - [MESSAGE][PASSED] - Text '' is set on object 'Object Repository/VLink/Page_CCSale/txt_AL2'

2021-06-22 01:34:40 - [MESSAGE][PASSED] - Object 'Object Repository/VLink/Page_CCSale/txt_CardCity' is present

2021-06-22 01:34:40 - [MESSAGE][PASSED] - Text 'Crofton' is set on object 'Object Repository/VLink/Page_CCSale/txt_CardCity'

2021-06-22 01:34:41 - [MESSAGE][PASSED] - Object 'Object Repository/VLink/Page_CCSale/txt_CardState' is present

2021-06-22 01:34:41 - [MESSAGE][PASSED] - Text 'MD' is set on object 'Object Repository/VLink/Page_CCSale/txt_CardState'

2021-06-22 01:34:42 - [MESSAGE][PASSED] - Object 'Object Repository/VLink/Page_CCSale/txt_CardZIP' is present

2021-06-22 01:34:42 - [MESSAGE][PASSED] - Text '21114' is set on object 'Object Repository/VLink/Page_CCSale/txt_CardZIP'

2021-06-22 01:34:43 - [MESSAGE][PASSED] - Object 'Object Repository/VLink/Page_CCSale/txt_CountryID' is present

2021-06-22 01:34:43 - [MESSAGE][PASSED] - Text '' is set on object 'Object Repository/VLink/Page_CCSale/txt_CountryID'

2021-06-22 01:34:44 - [MESSAGE][PASSED] - Object 'Object Repository/VLink/Page_CCSale/txt_Amount' is present

2021-06-22 01:34:44 - [MESSAGE][PASSED] - Text '3.50' is set on object 'Object Repository/VLink/Page_CCSale/txt_Amount'

2021-06-22 01:34:45 - [MESSAGE][PASSED] - Object 'Object Repository/VLink/Page_CCSale/txt_CardNumber' is present

2021-06-22 01:34:45 - [MESSAGE][PASSED] - Text '6011000000000004' is set on object 'Object Repository/VLink/Page_CCSale/txt_CardNumber'

2021-06-22 01:34:46 - [MESSAGE][PASSED] - Object 'Object Repository/VLink/Page_CCSale/txt_ExpMonth' is present

2021-06-22 01:34:46 - [MESSAGE][PASSED] - Text '01' is set on object 'Object Repository/VLink/Page_CCSale/txt_ExpMonth'

2021-06-22 01:34:47 - [MESSAGE][PASSED] - Object 'Object Repository/VLink/Page_CCSale/txt_ExpYear' is present

2021-06-22 01:34:47 - [MESSAGE][PASSED] - Text '2026' is set on object 'Object Repository/VLink/Page_CCSale/txt_ExpYear'

2021-06-22 01:34:48 - [MESSAGE][PASSED] - Object 'Object Repository/VLink/Page_CCSale/txt_CVV' is present

2021-06-22 01:34:48 - [MESSAGE][PASSED] - Text '' is set on object 'Object Repository/VLink/Page_CCSale/txt_CVV'

2021-06-22 01:34:49 - [MESSAGE][PASSED] - Object 'Object Repository/VLink/Page_CCSale/txt_CVVstate' is present

2021-06-22 01:34:49 - [MESSAGE][PASSED] - Text '' is set on object 'Object Repository/VLink/Page_CCSale/txt_CVVstate'

2021-06-22 01:34:49 - [MESSAGE][PASSED] - Object 'Object Repository/VLink/Page_CCSale/txt_TrackData' is present

2021-06-22 01:34:50 - [MESSAGE][PASSED] - Text '' is set on object 'Object Repository/VLink/Page_CCSale/txt_TrackData'

2021-06-22 01:34:50 - [MESSAGE][PASSED] - Object 'Object Repository/VLink/Page_CCSale/txt_Track1Data' is present

2021-06-22 01:34:51 - [MESSAGE][PASSED] - Text '' is set on object 'Object Repository/VLink/Page_CCSale/txt_Track1Data'

2021-06-22 01:34:51 - [MESSAGE][PASSED] - Object 'Object Repository/VLink/Page_CCSale/txt_Track2Data' is present

2021-06-22 01:34:52 - [MESSAGE][PASSED] - Text '' is set on object 'Object Repository/VLink/Page_CCSale/txt_Track2Data'

2021-06-22 01:34:52 - [MESSAGE][PASSED] - Object 'Object Repository/VLink/Page_CCSale/txt_POSEntryMode' is present

2021-06-22 01:34:53 - [MESSAGE][PASSED] - Text 'manual' is set on object 'Object Repository/VLink/Page_CCSale/txt_POSEntryMode'

2021-06-22 01:34:53 - [MESSAGE][PASSED] - Object 'Object Repository/VLink/Page_CCSale/txt_Email' is present

2021-06-22 01:34:54 - [MESSAGE][PASSED] - Text '' is set on object 'Object Repository/VLink/Page_CCSale/txt_Email'

2021-06-22 01:34:54 - [MESSAGE][PASSED] - Object 'Object Repository/VLink/Page_CCSale/txt_OrderNumber' is present

2021-06-22 01:34:55 - [MESSAGE][PASSED] - Text '' is set on object 'Object Repository/VLink/Page_CCSale/txt_OrderNumber'

2021-06-22 01:34:55 - [MESSAGE][PASSED] - Object 'Object Repository/VLink/Page_CCSale/txt_TaxAmount' is present

2021-06-22 01:34:56 - [MESSAGE][PASSED] - Text '' is set on object 'Object Repository/VLink/Page_CCSale/txt_TaxAmount'

2021-06-22 01:34:56 - [MESSAGE][PASSED] - Object 'Object Repository/VLink/Page_CCSale/txt_ChargeDescription' is present

2021-06-22 01:34:57 - [MESSAGE][PASSED] - Text '' is set on object 'Object Repository/VLink/Page_CCSale/txt_ChargeDescription'

2021-06-22 01:34:57 - [MESSAGE][PASSED] - Object 'Object Repository/VLink/Page_CCSale/txt_CAN' is present

2021-06-22 01:34:58 - [MESSAGE][PASSED] - Text '' is set on object 'Object Repository/VLink/Page_CCSale/txt_CAN'

2021-06-22 01:34:58 - [MESSAGE][PASSED] - Object 'Object Repository/VLink/Page_CCSale/txt_BillPaymentIndicator' is present

2021-06-22 01:34:59 - [MESSAGE][PASSED] - Text '' is set on object 'Object Repository/VLink/Page_CCSale/txt_BillPaymentIndicator'

2021-06-22 01:34:59 - [MESSAGE][PASSED] - Object 'Object Repository/VLink/Page_CCSale/txt_UDF1' is present

2021-06-22 01:35:00 - [MESSAGE][PASSED] - Text '' is set on object 'Object Repository/VLink/Page_CCSale/txt_UDF1'

2021-06-22 01:35:00 - [MESSAGE][PASSED] - Object 'Object Repository/VLink/Page_CCSale/txt_UDF2' is present

2021-06-22 01:35:01 - [MESSAGE][PASSED] - Text '' is set on object 'Object Repository/VLink/Page_CCSale/txt_UDF2'

2021-06-22 01:35:01 - [MESSAGE][PASSED] - Object 'Object Repository/VLink/Page_CCSale/txt_UDF3' is present

2021-06-22 01:35:02 - [MESSAGE][PASSED] - Text '' is set on object 'Object Repository/VLink/Page_CCSale/txt_UDF3'

2021-06-22 01:35:02 - [MESSAGE][PASSED] - Object 'Object Repository/VLink/Page_CCSale/txt_UDF4' is present

2021-06-22 01:35:03 - [MESSAGE][PASSED] - Text '' is set on object 'Object Repository/VLink/Page_CCSale/txt_UDF4'

2021-06-22 01:35:03 - [MESSAGE][PASSED] - Object 'Object Repository/VLink/Page_CCSale/txt_UDF5' is present

2021-06-22 01:35:04 - [MESSAGE][PASSED] - Text '' is set on object 'Object Repository/VLink/Page_CCSale/txt_UDF5'

2021-06-22 01:35:04 - [MESSAGE][PASSED] - Object 'Object Repository/VLink/Page_CCSale/txt_UDF6' is present

2021-06-22 01:35:05 - [MESSAGE][PASSED] - Text '' is set on object 'Object Repository/VLink/Page_CCSale/txt_UDF6'

2021-06-22 01:35:05 - [MESSAGE][PASSED] - Object 'Object Repository/VLink/Page_CCSale/txt_UDF7' is present

2021-06-22 01:35:06 - [MESSAGE][PASSED] - Text '' is set on object 'Object Repository/VLink/Page_CCSale/txt_UDF7'

2021-06-22 01:35:06 - [MESSAGE][PASSED] - Object 'Object Repository/VLink/Page_CCSale/txt_UDF8' is present

2021-06-22 01:35:06 - [MESSAGE][PASSED] - Text '' is set on object 'Object Repository/VLink/Page_CCSale/txt_UDF8'

2021-06-22 01:35:07 - [MESSAGE][PASSED] - Object 'Object Repository/VLink/Page_CCSale/txt_UDF9' is present

2021-06-22 01:35:07 - [MESSAGE][PASSED] - Text '' is set on object 'Object Repository/VLink/Page_CCSale/txt_UDF9'

2021-06-22 01:35:08 - [MESSAGE][PASSED] - Object 'Object Repository/VLink/Page_CCSale/txt_UDF10' is present

2021-06-22 01:35:08 - [MESSAGE][PASSED] - Text '' is set on object 'Object Repository/VLink/Page_CCSale/txt_UDF10'

2021-06-22 01:35:09 - [MESSAGE][PASSED] - Object 'Object Repository/VLink/Page_CCSale/txt_CardOnFileIndicator' is present

2021-06-22 01:35:09 - [MESSAGE][PASSED] - Text '' is set on object 'Object Repository/VLink/Page_CCSale/txt_CardOnFileIndicator'

2021-06-22 01:35:10 - [MESSAGE][PASSED] - Object 'Object Repository/VLink/Page_CCSale/txt_StoredCredentialIndicator' is present

2021-06-22 01:35:10 - [MESSAGE][PASSED] - Text '' is set on object 'Object Repository/VLink/Page_CCSale/txt_StoredCredentialIndicator'

2021-06-22 01:35:11 - [MESSAGE][PASSED] - Object 'Object Repository/VLink/Page_CCSale/txt_COFScheduledIndicator' is present

2021-06-22 01:35:11 - [MESSAGE][PASSED] - Text '' is set on object 'Object Repository/VLink/Page_CCSale/txt_COFScheduledIndicator'

2021-06-22 01:35:12 - [MESSAGE][PASSED] - Object 'Object Repository/VLink/Page_CCSale/txt_COFTransactionInitiatedBy' is present

2021-06-22 01:35:12 - [MESSAGE][PASSED] - Text '' is set on object 'Object Repository/VLink/Page_CCSale/txt_COFTransactionInitiatedBy'

2021-06-22 01:35:16 - [MESSAGE][PASSED] - Object: 'Object Repository/VLink/Page_CCSale/btn_ProcessVLinkTransaction' is clicked on

2021-06-22 01:35:21 - [MESSAGE][PASSED] - vlinkPages.saleCCPage.setDataSCC is PASSED

2021-06-22 01:35:21 - [TEST_STEP][PASSED] - if (verifyTextPresent("Transaction approved, no errors", true)): null

2021-06-22 01:35:22 - [MESSAGE][PASSED] - Text 'Transaction approved, no errors' is present on page  using regular expression

2021-06-22 01:35:22 - [TEST_STEP][PASSED] - println("Transaction Approved, no errors text is present on the Confirmation page"): null

2021-06-22 01:35:22 - [TEST_STEP][PASSED] - out.println("Pass Record Number: " + row): null

2021-06-22 01:35:22 - [TEST_STEP][PASSED] - resText = "Pass": null

2021-06-22 01:35:22 - [TEST_STEP][PASSED] - pages.WriteExcel.demoKey(resText, datText, resColumn, datCloumn, fileLoc, nameSheet, row): pages.WriteExcel.demoKey is PASSED

2021-06-22 01:35:22 - [MESSAGE][PASSED] - pages.WriteExcel.demoKey is PASSED

2021-06-22 01:35:22 - [TEST_STEP][PASSED] - sdfo = getText(findTestObject("Object Repository/Page_VLinkReceipt/pre_STX")): Text of object 'Object Repository/Page_VLinkReceipt/pre_STX' is: '<STX>pW2t6NTVxHCH                  12098376            0  Transaction approved, no errors                   0                                                                                  Y OK0913   <ETX>'

2021-06-22 01:35:22 - [MESSAGE][PASSED] - Text of object 'Object Repository/Page_VLinkReceipt/pre_STX' is: '<STX>pW2t6NTVxHCH                  12098376            0  Transaction approved, no errors                   0                                                                                  Y OK0913   <ETX>'

2021-06-22 01:35:22 - [TEST_STEP][PASSED] - out.println("sdfo: " + sdfo): null

2021-06-22 01:35:22 - [TEST_STEP][PASSED] - remID = substring(5, 35).trim(): null

2021-06-22 01:35:22 - [TEST_STEP][PASSED] - out.println("Remittance ID: " + remID): null

2021-06-22 01:35:22 - [TEST_STEP][PASSED] - traxID = substring(35, 55).trim(): null

2021-06-22 01:35:22 - [TEST_STEP][PASSED] - out.println("Transaction ID: " + traxID): null

2021-06-22 01:35:22 - [TEST_STEP][PASSED] - out.println("End Record Number: " + row): null

2021-06-22 01:35:22 - [TEST_STEP][PASSED] - closeBrowser(): Browser is closed

2021-06-22 01:35:23 - [MESSAGE][PASSED] - Browser is closed

2021-06-22 01:35:23 - [TEST_STEP][PASSED] - out.println("Begin Record Number: " + row): null

2021-06-22 01:35:23 - [TEST_STEP][PASSED] - today = new java.util.Date(): null

2021-06-22 01:35:23 - [TEST_STEP][PASSED] - println(today): null

2021-06-22 01:35:23 - [TEST_STEP][PASSED] - datText = today: null

2021-06-22 01:35:23 - [TEST_STEP][PASSED] - openBrowser(VLinkURL + "authcap.html"): Browser is opened with url: 'https://dev-algorithm.govolution.com/vlinktest/QA/version_2_0/authcap.html'

2021-06-22 01:35:23 - [MESSAGE][INFO] - Starting 'Chrome' driver

2021-06-22 01:35:23 - [MESSAGE][INFO] - User set preference: ['acceptInsecureCerts', 'true']

2021-06-22 01:35:23 - [MESSAGE][INFO] - Action delay is set to 0 milliseconds

2021-06-22 01:35:24 - [MESSAGE][PASSED] - Browser is opened with url: 'https://dev-algorithm.govolution.com/vlinktest/QA/version_2_0/authcap.html'

2021-06-22 01:35:24 - [TEST_STEP][PASSED] - maximizeWindow(): Current window maximized

2021-06-22 01:35:25 - [MESSAGE][PASSED] - Current window maximized

2021-06-22 01:35:25 - [TEST_STEP][PASSED] - vlinkPages.saleCCPage.setDataSCC(row, dataFile): vlinkPages.saleCCPage.setDataSCC is PASSED

2021-06-22 01:35:27 - [MESSAGE][PASSED] - Object 'Object Repository/VLink/Page_CCSale/txt_CardNumber' is present

2021-06-22 01:35:27 - [MESSAGE][PASSED] - Object 'Object Repository/VLink/Page_CCSale/txt_TransactionType' is present

2021-06-22 01:35:28 - [MESSAGE][PASSED] - Text '104' is set on object 'Object Repository/VLink/Page_CCSale/txt_TransactionType'

2021-06-22 01:35:28 - [MESSAGE][PASSED] - Object 'Object Repository/VLink/Page_CCSale/txt_MessageVersion' is present

2021-06-22 01:35:29 - [MESSAGE][PASSED] - Text '2.0C' is set on object 'Object Repository/VLink/Page_CCSale/txt_MessageVersion'

2021-06-22 01:35:29 - [MESSAGE][PASSED] - Object 'Object Repository/VLink/Page_CCSale/txt_RemID' is present

2021-06-22 01:35:30 - [MESSAGE][PASSED] - Text 'PgNv0cwe1jU6' is set on object 'Object Repository/VLink/Page_CCSale/txt_RemID'

2021-06-22 01:35:30 - [MESSAGE][PASSED] - Object 'Object Repository/VLink/Page_CCSale/txt_ApplicationId' is present

2021-06-22 01:35:31 - [MESSAGE][PASSED] - Text '665' is set on object 'Object Repository/VLink/Page_CCSale/txt_ApplicationId'

2021-06-22 01:35:31 - [MESSAGE][PASSED] - Object 'Object Repository/VLink/Page_CCSale/txt_Username' is present

2021-06-22 01:35:32 - [MESSAGE][PASSED] - Text 'username' is set on object 'Object Repository/VLink/Page_CCSale/txt_Username'

2021-06-22 01:35:32 - [MESSAGE][PASSED] - Object 'Object Repository/VLink/Page_CCSale/txt_Password' is present

2021-06-22 01:35:33 - [MESSAGE][PASSED] - Text 'password' is set on object 'Object Repository/VLink/Page_CCSale/txt_Password'

2021-06-22 01:35:33 - [MESSAGE][PASSED] - Object 'Object Repository/VLink/Page_CCSale/txt_ResponseFormat' is present

2021-06-22 01:35:34 - [MESSAGE][PASSED] - Text 'fixed_width' is set on object 'Object Repository/VLink/Page_CCSale/txt_ResponseFormat'

2021-06-22 01:35:34 - [MESSAGE][PASSED] - Object 'Object Repository/VLink/Page_CCSale/txt_Category' is present

2021-06-22 01:35:35 - [MESSAGE][PASSED] - Text 'ECOM' is set on object 'Object Repository/VLink/Page_CCSale/txt_Category'

2021-06-22 01:35:35 - [MESSAGE][PASSED] - Object 'Object Repository/VLink/Page_CCSale/txt_TransactionID' is present

2021-06-22 01:35:36 - [MESSAGE][PASSED] - Text '' is set on object 'Object Repository/VLink/Page_CCSale/txt_TransactionID'

2021-06-22 01:35:36 - [MESSAGE][PASSED] - Object 'Object Repository/VLink/Page_CCSale/txt_ApprovalCode' is present

2021-06-22 01:35:37 - [MESSAGE][PASSED] - Text '' is set on object 'Object Repository/VLink/Page_CCSale/txt_ApprovalCode'

2021-06-22 01:35:37 - [MESSAGE][PASSED] - Object 'Object Repository/VLink/Page_CCSale/txt_CardName' is present

2021-06-22 01:35:38 - [MESSAGE][PASSED] - Text 'Roshan Maha' is set on object 'Object Repository/VLink/Page_CCSale/txt_CardName'

2021-06-22 01:35:38 - [MESSAGE][PASSED] - Object 'Object Repository/VLink/Page_CCSale/txt_AL1' is present

2021-06-22 01:35:39 - [MESSAGE][PASSED] - Text '12563 Bazaar road' is set on object 'Object Repository/VLink/Page_CCSale/txt_AL1'

2021-06-22 01:35:39 - [MESSAGE][PASSED] - Object 'Object Repository/VLink/Page_CCSale/txt_AL2' is present

2021-06-22 01:35:40 - [MESSAGE][PASSED] - Text '' is set on object 'Object Repository/VLink/Page_CCSale/txt_AL2'

2021-06-22 01:35:40 - [MESSAGE][PASSED] - Object 'Object Repository/VLink/Page_CCSale/txt_CardCity' is present

2021-06-22 01:35:41 - [MESSAGE][PASSED] - Text 'Crofton' is set on object 'Object Repository/VLink/Page_CCSale/txt_CardCity'

2021-06-22 01:35:41 - [MESSAGE][PASSED] - Object 'Object Repository/VLink/Page_CCSale/txt_CardState' is present

2021-06-22 01:35:42 - [MESSAGE][PASSED] - Text 'MD' is set on object 'Object Repository/VLink/Page_CCSale/txt_CardState'

2021-06-22 01:35:43 - [MESSAGE][PASSED] - Object 'Object Repository/VLink/Page_CCSale/txt_CardZIP' is present

2021-06-22 01:35:43 - [MESSAGE][PASSED] - Text '21114' is set on object 'Object Repository/VLink/Page_CCSale/txt_CardZIP'

2021-06-22 01:35:44 - [MESSAGE][PASSED] - Object 'Object Repository/VLink/Page_CCSale/txt_CountryID' is present

2021-06-22 01:35:44 - [MESSAGE][PASSED] - Text '' is set on object 'Object Repository/VLink/Page_CCSale/txt_CountryID'

2021-06-22 01:35:45 - [MESSAGE][PASSED] - Object 'Object Repository/VLink/Page_CCSale/txt_Amount' is present

2021-06-22 01:35:45 - [MESSAGE][PASSED] - Text '3.50' is set on object 'Object Repository/VLink/Page_CCSale/txt_Amount'

2021-06-22 01:35:46 - [MESSAGE][PASSED] - Object 'Object Repository/VLink/Page_CCSale/txt_CardNumber' is present

2021-06-22 01:35:47 - [MESSAGE][PASSED] - Text '4111111111111111' is set on object 'Object Repository/VLink/Page_CCSale/txt_CardNumber'

2021-06-22 01:35:47 - [MESSAGE][PASSED] - Object 'Object Repository/VLink/Page_CCSale/txt_ExpMonth' is present

2021-06-22 01:35:48 - [MESSAGE][PASSED] - Text '01' is set on object 'Object Repository/VLink/Page_CCSale/txt_ExpMonth'

2021-06-22 01:35:48 - [MESSAGE][PASSED] - Object 'Object Repository/VLink/Page_CCSale/txt_ExpYear' is present

2021-06-22 01:35:49 - [MESSAGE][PASSED] - Text '2026' is set on object 'Object Repository/VLink/Page_CCSale/txt_ExpYear'

2021-06-22 01:35:49 - [MESSAGE][PASSED] - Object 'Object Repository/VLink/Page_CCSale/txt_CVV' is present

2021-06-22 01:35:50 - [MESSAGE][PASSED] - Text '' is set on object 'Object Repository/VLink/Page_CCSale/txt_CVV'

2021-06-22 01:35:50 - [MESSAGE][PASSED] - Object 'Object Repository/VLink/Page_CCSale/txt_CVVstate' is present

2021-06-22 01:35:51 - [MESSAGE][PASSED] - Text '' is set on object 'Object Repository/VLink/Page_CCSale/txt_CVVstate'

2021-06-22 01:35:51 - [MESSAGE][PASSED] - Object 'Object Repository/VLink/Page_CCSale/txt_TrackData' is present

2021-06-22 01:35:52 - [MESSAGE][PASSED] - Text '' is set on object 'Object Repository/VLink/Page_CCSale/txt_TrackData'

2021-06-22 01:35:52 - [MESSAGE][PASSED] - Object 'Object Repository/VLink/Page_CCSale/txt_Track1Data' is present

2021-06-22 01:35:53 - [MESSAGE][PASSED] - Text '' is set on object 'Object Repository/VLink/Page_CCSale/txt_Track1Data'

2021-06-22 01:35:54 - [MESSAGE][PASSED] - Object 'Object Repository/VLink/Page_CCSale/txt_Track2Data' is present

2021-06-22 01:35:54 - [MESSAGE][PASSED] - Text '' is set on object 'Object Repository/VLink/Page_CCSale/txt_Track2Data'

2021-06-22 01:35:55 - [MESSAGE][PASSED] - Object 'Object Repository/VLink/Page_CCSale/txt_POSEntryMode' is present

2021-06-22 01:35:55 - [MESSAGE][PASSED] - Text 'manual' is set on object 'Object Repository/VLink/Page_CCSale/txt_POSEntryMode'

2021-06-22 01:35:56 - [MESSAGE][PASSED] - Object 'Object Repository/VLink/Page_CCSale/txt_Email' is present

2021-06-22 01:35:56 - [MESSAGE][PASSED] - Text '' is set on object 'Object Repository/VLink/Page_CCSale/txt_Email'

2021-06-22 01:35:57 - [MESSAGE][PASSED] - Object 'Object Repository/VLink/Page_CCSale/txt_OrderNumber' is present

2021-06-22 01:35:58 - [MESSAGE][PASSED] - Text '' is set on object 'Object Repository/VLink/Page_CCSale/txt_OrderNumber'

2021-06-22 01:35:58 - [MESSAGE][PASSED] - Object 'Object Repository/VLink/Page_CCSale/txt_TaxAmount' is present

2021-06-22 01:35:59 - [MESSAGE][PASSED] - Text '' is set on object 'Object Repository/VLink/Page_CCSale/txt_TaxAmount'

2021-06-22 01:35:59 - [MESSAGE][PASSED] - Object 'Object Repository/VLink/Page_CCSale/txt_ChargeDescription' is present

2021-06-22 01:36:00 - [MESSAGE][PASSED] - Text '' is set on object 'Object Repository/VLink/Page_CCSale/txt_ChargeDescription'

2021-06-22 01:36:00 - [MESSAGE][PASSED] - Object 'Object Repository/VLink/Page_CCSale/txt_CAN' is present

2021-06-22 01:36:01 - [MESSAGE][PASSED] - Text '' is set on object 'Object Repository/VLink/Page_CCSale/txt_CAN'

2021-06-22 01:36:01 - [MESSAGE][PASSED] - Object 'Object Repository/VLink/Page_CCSale/txt_BillPaymentIndicator' is present

2021-06-22 01:36:02 - [MESSAGE][PASSED] - Text '' is set on object 'Object Repository/VLink/Page_CCSale/txt_BillPaymentIndicator'

2021-06-22 01:36:02 - [MESSAGE][PASSED] - Object 'Object Repository/VLink/Page_CCSale/txt_UDF1' is present

2021-06-22 01:36:03 - [MESSAGE][PASSED] - Text '' is set on object 'Object Repository/VLink/Page_CCSale/txt_UDF1'

2021-06-22 01:36:03 - [MESSAGE][PASSED] - Object 'Object Repository/VLink/Page_CCSale/txt_UDF2' is present

2021-06-22 01:36:04 - [MESSAGE][PASSED] - Text '' is set on object 'Object Repository/VLink/Page_CCSale/txt_UDF2'

2021-06-22 01:36:04 - [MESSAGE][PASSED] - Object 'Object Repository/VLink/Page_CCSale/txt_UDF3' is present

2021-06-22 01:36:05 - [MESSAGE][PASSED] - Text '' is set on object 'Object Repository/VLink/Page_CCSale/txt_UDF3'

2021-06-22 01:36:05 - [MESSAGE][PASSED] - Object 'Object Repository/VLink/Page_CCSale/txt_UDF4' is present

2021-06-22 01:36:06 - [MESSAGE][PASSED] - Text '' is set on object 'Object Repository/VLink/Page_CCSale/txt_UDF4'

2021-06-22 01:36:06 - [MESSAGE][PASSED] - Object 'Object Repository/VLink/Page_CCSale/txt_UDF5' is present

2021-06-22 01:36:07 - [MESSAGE][PASSED] - Text '' is set on object 'Object Repository/VLink/Page_CCSale/txt_UDF5'

2021-06-22 01:36:08 - [MESSAGE][PASSED] - Object 'Object Repository/VLink/Page_CCSale/txt_UDF6' is present

2021-06-22 01:36:08 - [MESSAGE][PASSED] - Text '' is set on object 'Object Repository/VLink/Page_CCSale/txt_UDF6'

2021-06-22 01:36:09 - [MESSAGE][PASSED] - Object 'Object Repository/VLink/Page_CCSale/txt_UDF7' is present

2021-06-22 01:36:09 - [MESSAGE][PASSED] - Text '' is set on object 'Object Repository/VLink/Page_CCSale/txt_UDF7'

2021-06-22 01:36:10 - [MESSAGE][PASSED] - Object 'Object Repository/VLink/Page_CCSale/txt_UDF8' is present

2021-06-22 01:36:10 - [MESSAGE][PASSED] - Text '' is set on object 'Object Repository/VLink/Page_CCSale/txt_UDF8'

2021-06-22 01:36:11 - [MESSAGE][PASSED] - Object 'Object Repository/VLink/Page_CCSale/txt_UDF9' is present

2021-06-22 01:36:12 - [MESSAGE][PASSED] - Text '' is set on object 'Object Repository/VLink/Page_CCSale/txt_UDF9'

2021-06-22 01:36:12 - [MESSAGE][PASSED] - Object 'Object Repository/VLink/Page_CCSale/txt_UDF10' is present

2021-06-22 01:36:13 - [MESSAGE][PASSED] - Text '' is set on object 'Object Repository/VLink/Page_CCSale/txt_UDF10'

2021-06-22 01:36:13 - [MESSAGE][PASSED] - Object 'Object Repository/VLink/Page_CCSale/txt_CardOnFileIndicator' is present

2021-06-22 01:36:14 - [MESSAGE][PASSED] - Text '0' is set on object 'Object Repository/VLink/Page_CCSale/txt_CardOnFileIndicator'

2021-06-22 01:36:14 - [MESSAGE][PASSED] - Object 'Object Repository/VLink/Page_CCSale/txt_StoredCredentialIndicator' is present

2021-06-22 01:36:15 - [MESSAGE][PASSED] - Text 'Initial' is set on object 'Object Repository/VLink/Page_CCSale/txt_StoredCredentialIndicator'

2021-06-22 01:36:15 - [MESSAGE][PASSED] - Object 'Object Repository/VLink/Page_CCSale/txt_COFScheduledIndicator' is present

2021-06-22 01:36:16 - [MESSAGE][PASSED] - Text 'Unscheduled' is set on object 'Object Repository/VLink/Page_CCSale/txt_COFScheduledIndicator'

2021-06-22 01:36:16 - [MESSAGE][PASSED] - Object 'Object Repository/VLink/Page_CCSale/txt_COFTransactionInitiatedBy' is present

2021-06-22 01:36:17 - [MESSAGE][PASSED] - Text 'Customer' is set on object 'Object Repository/VLink/Page_CCSale/txt_COFTransactionInitiatedBy'

2021-06-22 01:36:20 - [MESSAGE][PASSED] - Object: 'Object Repository/VLink/Page_CCSale/btn_ProcessVLinkTransaction' is clicked on

2021-06-22 01:36:25 - [MESSAGE][PASSED] - vlinkPages.saleCCPage.setDataSCC is PASSED

2021-06-22 01:36:25 - [TEST_STEP][PASSED] - if (verifyTextPresent("Transaction approved, no errors", true)): null

2021-06-22 01:36:25 - [MESSAGE][PASSED] - Text 'Transaction approved, no errors' is present on page  using regular expression

2021-06-22 01:36:25 - [TEST_STEP][PASSED] - println("Transaction Approved, no errors text is present on the Confirmation page"): null

2021-06-22 01:36:25 - [TEST_STEP][PASSED] - out.println("Pass Record Number: " + row): null

2021-06-22 01:36:25 - [TEST_STEP][PASSED] - resText = "Pass": null

2021-06-22 01:36:25 - [TEST_STEP][PASSED] - pages.WriteExcel.demoKey(resText, datText, resColumn, datCloumn, fileLoc, nameSheet, row): pages.WriteExcel.demoKey is PASSED

2021-06-22 01:36:25 - [MESSAGE][PASSED] - pages.WriteExcel.demoKey is PASSED

2021-06-22 01:36:25 - [TEST_STEP][PASSED] - sdfo = getText(findTestObject("Object Repository/Page_VLinkReceipt/pre_STX")): Text of object 'Object Repository/Page_VLinkReceipt/pre_STX' is: '<STX>PgNv0cwe1jU6                  12098377            0  Transaction approved, no errors                   0                                                                                  XXOK0485   <ETX>'

2021-06-22 01:36:26 - [MESSAGE][PASSED] - Text of object 'Object Repository/Page_VLinkReceipt/pre_STX' is: '<STX>PgNv0cwe1jU6                  12098377            0  Transaction approved, no errors                   0                                                                                  XXOK0485   <ETX>'

2021-06-22 01:36:26 - [TEST_STEP][PASSED] - out.println("sdfo: " + sdfo): null

2021-06-22 01:36:26 - [TEST_STEP][PASSED] - remID = substring(5, 35).trim(): null

2021-06-22 01:36:26 - [TEST_STEP][PASSED] - out.println("Remittance ID: " + remID): null

2021-06-22 01:36:26 - [TEST_STEP][PASSED] - traxID = substring(35, 55).trim(): null

2021-06-22 01:36:26 - [TEST_STEP][PASSED] - out.println("Transaction ID: " + traxID): null

2021-06-22 01:36:26 - [TEST_STEP][PASSED] - out.println("End Record Number: " + row): null

2021-06-22 01:36:26 - [TEST_STEP][PASSED] - closeBrowser(): Browser is closed

2021-06-22 01:36:26 - [MESSAGE][PASSED] - Browser is closed

2021-06-22 01:36:26 - [TEST_STEP][PASSED] - out.println("Begin Record Number: " + row): null

2021-06-22 01:36:26 - [TEST_STEP][PASSED] - today = new java.util.Date(): null

2021-06-22 01:36:26 - [TEST_STEP][PASSED] - println(today): null

2021-06-22 01:36:26 - [TEST_STEP][PASSED] - datText = today: null

2021-06-22 01:36:26 - [TEST_STEP][PASSED] - openBrowser(VLinkURL + "authcap.html"): Browser is opened with url: 'https://dev-algorithm.govolution.com/vlinktest/QA/version_2_0/authcap.html'

2021-06-22 01:36:26 - [MESSAGE][INFO] - Starting 'Chrome' driver

2021-06-22 01:36:26 - [MESSAGE][INFO] - User set preference: ['acceptInsecureCerts', 'true']

2021-06-22 01:36:26 - [MESSAGE][INFO] - Action delay is set to 0 milliseconds

2021-06-22 01:36:28 - [MESSAGE][PASSED] - Browser is opened with url: 'https://dev-algorithm.govolution.com/vlinktest/QA/version_2_0/authcap.html'

2021-06-22 01:36:28 - [TEST_STEP][PASSED] - maximizeWindow(): Current window maximized

2021-06-22 01:36:28 - [MESSAGE][PASSED] - Current window maximized

2021-06-22 01:36:28 - [TEST_STEP][PASSED] - vlinkPages.saleCCPage.setDataSCC(row, dataFile): vlinkPages.saleCCPage.setDataSCC is PASSED

2021-06-22 01:36:30 - [MESSAGE][PASSED] - Object 'Object Repository/VLink/Page_CCSale/txt_CardNumber' is present

2021-06-22 01:36:31 - [MESSAGE][PASSED] - Object 'Object Repository/VLink/Page_CCSale/txt_TransactionType' is present

2021-06-22 01:36:31 - [MESSAGE][PASSED] - Text '104' is set on object 'Object Repository/VLink/Page_CCSale/txt_TransactionType'

2021-06-22 01:36:32 - [MESSAGE][PASSED] - Object 'Object Repository/VLink/Page_CCSale/txt_MessageVersion' is present

2021-06-22 01:36:32 - [MESSAGE][PASSED] - Text '2.0C' is set on object 'Object Repository/VLink/Page_CCSale/txt_MessageVersion'

2021-06-22 01:36:32 - [MESSAGE][PASSED] - Object 'Object Repository/VLink/Page_CCSale/txt_RemID' is present

2021-06-22 01:36:33 - [MESSAGE][PASSED] - Text 'WdaBj8SDnrab' is set on object 'Object Repository/VLink/Page_CCSale/txt_RemID'

2021-06-22 01:36:33 - [MESSAGE][PASSED] - Object 'Object Repository/VLink/Page_CCSale/txt_ApplicationId' is present

2021-06-22 01:36:34 - [MESSAGE][PASSED] - Text '665' is set on object 'Object Repository/VLink/Page_CCSale/txt_ApplicationId'

2021-06-22 01:36:34 - [MESSAGE][PASSED] - Object 'Object Repository/VLink/Page_CCSale/txt_Username' is present

2021-06-22 01:36:35 - [MESSAGE][PASSED] - Text 'username' is set on object 'Object Repository/VLink/Page_CCSale/txt_Username'

2021-06-22 01:36:35 - [MESSAGE][PASSED] - Object 'Object Repository/VLink/Page_CCSale/txt_Password' is present

2021-06-22 01:36:36 - [MESSAGE][PASSED] - Text 'password' is set on object 'Object Repository/VLink/Page_CCSale/txt_Password'

2021-06-22 01:36:36 - [MESSAGE][PASSED] - Object 'Object Repository/VLink/Page_CCSale/txt_ResponseFormat' is present

2021-06-22 01:36:37 - [MESSAGE][PASSED] - Text 'fixed_width' is set on object 'Object Repository/VLink/Page_CCSale/txt_ResponseFormat'

2021-06-22 01:36:37 - [MESSAGE][PASSED] - Object 'Object Repository/VLink/Page_CCSale/txt_Category' is present

2021-06-22 01:36:37 - [MESSAGE][PASSED] - Text 'ECOM' is set on object 'Object Repository/VLink/Page_CCSale/txt_Category'

2021-06-22 01:36:38 - [MESSAGE][PASSED] - Object 'Object Repository/VLink/Page_CCSale/txt_TransactionID' is present

2021-06-22 01:36:38 - [MESSAGE][PASSED] - Text '' is set on object 'Object Repository/VLink/Page_CCSale/txt_TransactionID'

2021-06-22 01:36:39 - [MESSAGE][PASSED] - Object 'Object Repository/VLink/Page_CCSale/txt_ApprovalCode' is present

2021-06-22 01:36:39 - [MESSAGE][PASSED] - Text '' is set on object 'Object Repository/VLink/Page_CCSale/txt_ApprovalCode'

2021-06-22 01:36:40 - [MESSAGE][PASSED] - Object 'Object Repository/VLink/Page_CCSale/txt_CardName' is present

2021-06-22 01:36:40 - [MESSAGE][PASSED] - Text 'Kris Roshan' is set on object 'Object Repository/VLink/Page_CCSale/txt_CardName'

2021-06-22 01:36:41 - [MESSAGE][PASSED] - Object 'Object Repository/VLink/Page_CCSale/txt_AL1' is present

2021-06-22 01:36:41 - [MESSAGE][PASSED] - Text '258 Elm Road' is set on object 'Object Repository/VLink/Page_CCSale/txt_AL1'

2021-06-22 01:36:42 - [MESSAGE][PASSED] - Object 'Object Repository/VLink/Page_CCSale/txt_AL2' is present

2021-06-22 01:36:42 - [MESSAGE][PASSED] - Text 'Suite 56' is set on object 'Object Repository/VLink/Page_CCSale/txt_AL2'

2021-06-22 01:36:43 - [MESSAGE][PASSED] - Object 'Object Repository/VLink/Page_CCSale/txt_CardCity' is present

2021-06-22 01:36:43 - [MESSAGE][PASSED] - Text 'Arlington' is set on object 'Object Repository/VLink/Page_CCSale/txt_CardCity'

2021-06-22 01:36:44 - [MESSAGE][PASSED] - Object 'Object Repository/VLink/Page_CCSale/txt_CardState' is present

2021-06-22 01:36:44 - [MESSAGE][PASSED] - Text 'VA' is set on object 'Object Repository/VLink/Page_CCSale/txt_CardState'

2021-06-22 01:36:45 - [MESSAGE][PASSED] - Object 'Object Repository/VLink/Page_CCSale/txt_CardZIP' is present

2021-06-22 01:36:45 - [MESSAGE][PASSED] - Text '22201' is set on object 'Object Repository/VLink/Page_CCSale/txt_CardZIP'

2021-06-22 01:36:46 - [MESSAGE][PASSED] - Object 'Object Repository/VLink/Page_CCSale/txt_CountryID' is present

2021-06-22 01:36:46 - [MESSAGE][PASSED] - Text '840' is set on object 'Object Repository/VLink/Page_CCSale/txt_CountryID'

2021-06-22 01:36:47 - [MESSAGE][PASSED] - Object 'Object Repository/VLink/Page_CCSale/txt_Amount' is present

2021-06-22 01:36:47 - [MESSAGE][PASSED] - Text '1.50' is set on object 'Object Repository/VLink/Page_CCSale/txt_Amount'

2021-06-22 01:36:47 - [MESSAGE][PASSED] - Object 'Object Repository/VLink/Page_CCSale/txt_CardNumber' is present

2021-06-22 01:36:48 - [MESSAGE][PASSED] - Text '5424000000000015' is set on object 'Object Repository/VLink/Page_CCSale/txt_CardNumber'

2021-06-22 01:36:48 - [MESSAGE][PASSED] - Object 'Object Repository/VLink/Page_CCSale/txt_ExpMonth' is present

2021-06-22 01:36:49 - [MESSAGE][PASSED] - Text '12' is set on object 'Object Repository/VLink/Page_CCSale/txt_ExpMonth'

2021-06-22 01:36:49 - [MESSAGE][PASSED] - Object 'Object Repository/VLink/Page_CCSale/txt_ExpYear' is present

2021-06-22 01:36:50 - [MESSAGE][PASSED] - Text '2025' is set on object 'Object Repository/VLink/Page_CCSale/txt_ExpYear'

2021-06-22 01:36:50 - [MESSAGE][PASSED] - Object 'Object Repository/VLink/Page_CCSale/txt_CVV' is present

2021-06-22 01:36:51 - [MESSAGE][PASSED] - Text '' is set on object 'Object Repository/VLink/Page_CCSale/txt_CVV'

2021-06-22 01:36:51 - [MESSAGE][PASSED] - Object 'Object Repository/VLink/Page_CCSale/txt_CVVstate' is present

2021-06-22 01:36:52 - [MESSAGE][PASSED] - Text '' is set on object 'Object Repository/VLink/Page_CCSale/txt_CVVstate'

2021-06-22 01:36:52 - [MESSAGE][PASSED] - Object 'Object Repository/VLink/Page_CCSale/txt_TrackData' is present

2021-06-22 01:36:53 - [MESSAGE][PASSED] - Text '' is set on object 'Object Repository/VLink/Page_CCSale/txt_TrackData'

2021-06-22 01:36:53 - [MESSAGE][PASSED] - Object 'Object Repository/VLink/Page_CCSale/txt_Track1Data' is present

2021-06-22 01:36:54 - [MESSAGE][PASSED] - Text '' is set on object 'Object Repository/VLink/Page_CCSale/txt_Track1Data'

2021-06-22 01:36:54 - [MESSAGE][PASSED] - Object 'Object Repository/VLink/Page_CCSale/txt_Track2Data' is present

2021-06-22 01:36:55 - [MESSAGE][PASSED] - Text '' is set on object 'Object Repository/VLink/Page_CCSale/txt_Track2Data'

2021-06-22 01:36:55 - [MESSAGE][PASSED] - Object 'Object Repository/VLink/Page_CCSale/txt_POSEntryMode' is present

2021-06-22 01:36:56 - [MESSAGE][PASSED] - Text 'manual' is set on object 'Object Repository/VLink/Page_CCSale/txt_POSEntryMode'

2021-06-22 01:36:56 - [MESSAGE][PASSED] - Object 'Object Repository/VLink/Page_CCSale/txt_Email' is present

2021-06-22 01:36:57 - [MESSAGE][PASSED] - Text 'iahmed@govolution.com' is set on object 'Object Repository/VLink/Page_CCSale/txt_Email'

2021-06-22 01:36:57 - [MESSAGE][PASSED] - Object 'Object Repository/VLink/Page_CCSale/txt_OrderNumber' is present

2021-06-22 01:36:58 - [MESSAGE][PASSED] - Text '2569362' is set on object 'Object Repository/VLink/Page_CCSale/txt_OrderNumber'

2021-06-22 01:36:58 - [MESSAGE][PASSED] - Object 'Object Repository/VLink/Page_CCSale/txt_TaxAmount' is present

2021-06-22 01:36:59 - [MESSAGE][PASSED] - Text '1.15' is set on object 'Object Repository/VLink/Page_CCSale/txt_TaxAmount'

2021-06-22 01:36:59 - [MESSAGE][PASSED] - Object 'Object Repository/VLink/Page_CCSale/txt_ChargeDescription' is present

2021-06-22 01:37:00 - [MESSAGE][PASSED] - Text 'Charge Description' is set on object 'Object Repository/VLink/Page_CCSale/txt_ChargeDescription'

2021-06-22 01:37:00 - [MESSAGE][PASSED] - Object 'Object Repository/VLink/Page_CCSale/txt_CAN' is present

2021-06-22 01:37:01 - [MESSAGE][PASSED] - Text '147357' is set on object 'Object Repository/VLink/Page_CCSale/txt_CAN'

2021-06-22 01:37:01 - [MESSAGE][PASSED] - Object 'Object Repository/VLink/Page_CCSale/txt_BillPaymentIndicator' is present

2021-06-22 01:37:02 - [MESSAGE][PASSED] - Text '1' is set on object 'Object Repository/VLink/Page_CCSale/txt_BillPaymentIndicator'

2021-06-22 01:37:02 - [MESSAGE][PASSED] - Object 'Object Repository/VLink/Page_CCSale/txt_UDF1' is present

2021-06-22 01:37:03 - [MESSAGE][PASSED] - Text 'UDF Data 1' is set on object 'Object Repository/VLink/Page_CCSale/txt_UDF1'

2021-06-22 01:37:03 - [MESSAGE][PASSED] - Object 'Object Repository/VLink/Page_CCSale/txt_UDF2' is present

2021-06-22 01:37:04 - [MESSAGE][PASSED] - Text 'UDF Data 2' is set on object 'Object Repository/VLink/Page_CCSale/txt_UDF2'

2021-06-22 01:37:04 - [MESSAGE][PASSED] - Object 'Object Repository/VLink/Page_CCSale/txt_UDF3' is present

2021-06-22 01:37:05 - [MESSAGE][PASSED] - Text 'UDF Data 3' is set on object 'Object Repository/VLink/Page_CCSale/txt_UDF3'

2021-06-22 01:37:05 - [MESSAGE][PASSED] - Object 'Object Repository/VLink/Page_CCSale/txt_UDF4' is present

2021-06-22 01:37:06 - [MESSAGE][PASSED] - Text 'UDF Data 4' is set on object 'Object Repository/VLink/Page_CCSale/txt_UDF4'

2021-06-22 01:37:06 - [MESSAGE][PASSED] - Object 'Object Repository/VLink/Page_CCSale/txt_UDF5' is present

2021-06-22 01:37:07 - [MESSAGE][PASSED] - Text 'UDF Data 5' is set on object 'Object Repository/VLink/Page_CCSale/txt_UDF5'

2021-06-22 01:37:07 - [MESSAGE][PASSED] - Object 'Object Repository/VLink/Page_CCSale/txt_UDF6' is present

2021-06-22 01:37:08 - [MESSAGE][PASSED] - Text 'UDF Data 6' is set on object 'Object Repository/VLink/Page_CCSale/txt_UDF6'

2021-06-22 01:37:08 - [MESSAGE][PASSED] - Object 'Object Repository/VLink/Page_CCSale/txt_UDF7' is present

2021-06-22 01:37:09 - [MESSAGE][PASSED] - Text 'UDF Data 7' is set on object 'Object Repository/VLink/Page_CCSale/txt_UDF7'

2021-06-22 01:37:09 - [MESSAGE][PASSED] - Object 'Object Repository/VLink/Page_CCSale/txt_UDF8' is present

2021-06-22 01:37:10 - [MESSAGE][PASSED] - Text 'UDF Data 8' is set on object 'Object Repository/VLink/Page_CCSale/txt_UDF8'

2021-06-22 01:37:10 - [MESSAGE][PASSED] - Object 'Object Repository/VLink/Page_CCSale/txt_UDF9' is present

2021-06-22 01:37:11 - [MESSAGE][PASSED] - Text 'UDF Data 9' is set on object 'Object Repository/VLink/Page_CCSale/txt_UDF9'

2021-06-22 01:37:11 - [MESSAGE][PASSED] - Object 'Object Repository/VLink/Page_CCSale/txt_UDF10' is present

2021-06-22 01:37:12 - [MESSAGE][PASSED] - Text 'UDF Data 10' is set on object 'Object Repository/VLink/Page_CCSale/txt_UDF10'

2021-06-22 01:37:12 - [MESSAGE][PASSED] - Object 'Object Repository/VLink/Page_CCSale/txt_CardOnFileIndicator' is present

2021-06-22 01:37:13 - [MESSAGE][PASSED] - Text '0' is set on object 'Object Repository/VLink/Page_CCSale/txt_CardOnFileIndicator'

2021-06-22 01:37:13 - [MESSAGE][PASSED] - Object 'Object Repository/VLink/Page_CCSale/txt_StoredCredentialIndicator' is present

2021-06-22 01:37:14 - [MESSAGE][PASSED] - Text 'Initial' is set on object 'Object Repository/VLink/Page_CCSale/txt_StoredCredentialIndicator'

2021-06-22 01:37:14 - [MESSAGE][PASSED] - Object 'Object Repository/VLink/Page_CCSale/txt_COFScheduledIndicator' is present

2021-06-22 01:37:15 - [MESSAGE][PASSED] - Text 'Unscheduled' is set on object 'Object Repository/VLink/Page_CCSale/txt_COFScheduledIndicator'

2021-06-22 01:37:15 - [MESSAGE][PASSED] - Object 'Object Repository/VLink/Page_CCSale/txt_COFTransactionInitiatedBy' is present

2021-06-22 01:37:16 - [MESSAGE][PASSED] - Text 'Customer' is set on object 'Object Repository/VLink/Page_CCSale/txt_COFTransactionInitiatedBy'

2021-06-22 01:37:19 - [MESSAGE][PASSED] - Object: 'Object Repository/VLink/Page_CCSale/btn_ProcessVLinkTransaction' is clicked on

2021-06-22 01:37:24 - [MESSAGE][PASSED] - vlinkPages.saleCCPage.setDataSCC is PASSED

2021-06-22 01:37:24 - [TEST_STEP][PASSED] - if (verifyTextPresent("Transaction approved, no errors", true)): null

2021-06-22 01:37:24 - [MESSAGE][PASSED] - Text 'Transaction approved, no errors' is present on page  using regular expression

2021-06-22 01:37:24 - [TEST_STEP][PASSED] - println("Transaction Approved, no errors text is present on the Confirmation page"): null

2021-06-22 01:37:24 - [TEST_STEP][PASSED] - out.println("Pass Record Number: " + row): null

2021-06-22 01:37:24 - [TEST_STEP][PASSED] - resText = "Pass": null

2021-06-22 01:37:24 - [TEST_STEP][PASSED] - pages.WriteExcel.demoKey(resText, datText, resColumn, datCloumn, fileLoc, nameSheet, row): pages.WriteExcel.demoKey is PASSED

2021-06-22 01:37:24 - [MESSAGE][PASSED] - pages.WriteExcel.demoKey is PASSED

2021-06-22 01:37:24 - [TEST_STEP][PASSED] - sdfo = getText(findTestObject("Object Repository/Page_VLinkReceipt/pre_STX")): Text of object 'Object Repository/Page_VLinkReceipt/pre_STX' is: '<STX>WdaBj8SDnrab                  12098378            0  Transaction approved, no errors                   0                                                                                  XXOK0625   <ETX>'

2021-06-22 01:37:24 - [MESSAGE][PASSED] - Text of object 'Object Repository/Page_VLinkReceipt/pre_STX' is: '<STX>WdaBj8SDnrab                  12098378            0  Transaction approved, no errors                   0                                                                                  XXOK0625   <ETX>'

2021-06-22 01:37:24 - [TEST_STEP][PASSED] - out.println("sdfo: " + sdfo): null

2021-06-22 01:37:24 - [TEST_STEP][PASSED] - remID = substring(5, 35).trim(): null

2021-06-22 01:37:24 - [TEST_STEP][PASSED] - out.println("Remittance ID: " + remID): null

2021-06-22 01:37:24 - [TEST_STEP][PASSED] - traxID = substring(35, 55).trim(): null

2021-06-22 01:37:24 - [TEST_STEP][PASSED] - out.println("Transaction ID: " + traxID): null

2021-06-22 01:37:24 - [TEST_STEP][PASSED] - out.println("End Record Number: " + row): null

2021-06-22 01:37:24 - [TEST_STEP][PASSED] - closeBrowser(): Browser is closed

2021-06-22 01:37:25 - [MESSAGE][PASSED] - Browser is closed

2021-06-22 01:37:25 - [TEST_STEP][PASSED] - out.println("Begin Record Number: " + row): null

2021-06-22 01:37:25 - [TEST_STEP][PASSED] - today = new java.util.Date(): null

2021-06-22 01:37:25 - [TEST_STEP][PASSED] - println(today): null

2021-06-22 01:37:25 - [TEST_STEP][PASSED] - datText = today: null

2021-06-22 01:37:25 - [TEST_STEP][PASSED] - openBrowser(VLinkURL + "authcap.html"): Browser is opened with url: 'https://dev-algorithm.govolution.com/vlinktest/QA/version_2_0/authcap.html'

2021-06-22 01:37:25 - [MESSAGE][INFO] - Starting 'Chrome' driver

2021-06-22 01:37:25 - [MESSAGE][INFO] - User set preference: ['acceptInsecureCerts', 'true']

2021-06-22 01:37:25 - [MESSAGE][INFO] - Action delay is set to 0 milliseconds

2021-06-22 01:37:27 - [MESSAGE][PASSED] - Browser is opened with url: 'https://dev-algorithm.govolution.com/vlinktest/QA/version_2_0/authcap.html'

2021-06-22 01:37:27 - [TEST_STEP][PASSED] - maximizeWindow(): Current window maximized

2021-06-22 01:37:27 - [MESSAGE][PASSED] - Current window maximized

2021-06-22 01:37:27 - [TEST_STEP][PASSED] - vlinkPages.saleCCPage.setDataSCC(row, dataFile): vlinkPages.saleCCPage.setDataSCC is PASSED

2021-06-22 01:37:29 - [MESSAGE][PASSED] - Object 'Object Repository/VLink/Page_CCSale/txt_CardNumber' is present

2021-06-22 01:37:29 - [MESSAGE][PASSED] - Object 'Object Repository/VLink/Page_CCSale/txt_TransactionType' is present

2021-06-22 01:37:30 - [MESSAGE][PASSED] - Text '104' is set on object 'Object Repository/VLink/Page_CCSale/txt_TransactionType'

2021-06-22 01:37:30 - [MESSAGE][PASSED] - Object 'Object Repository/VLink/Page_CCSale/txt_MessageVersion' is present

2021-06-22 01:37:31 - [MESSAGE][PASSED] - Text '2.0C' is set on object 'Object Repository/VLink/Page_CCSale/txt_MessageVersion'

2021-06-22 01:37:31 - [MESSAGE][PASSED] - Object 'Object Repository/VLink/Page_CCSale/txt_RemID' is present

2021-06-22 01:37:32 - [MESSAGE][PASSED] - Text 'EwNAbGKShrAI' is set on object 'Object Repository/VLink/Page_CCSale/txt_RemID'

2021-06-22 01:37:32 - [MESSAGE][PASSED] - Object 'Object Repository/VLink/Page_CCSale/txt_ApplicationId' is present

2021-06-22 01:37:33 - [MESSAGE][PASSED] - Text '665' is set on object 'Object Repository/VLink/Page_CCSale/txt_ApplicationId'

2021-06-22 01:37:33 - [MESSAGE][PASSED] - Object 'Object Repository/VLink/Page_CCSale/txt_Username' is present

2021-06-22 01:37:33 - [MESSAGE][PASSED] - Text 'username' is set on object 'Object Repository/VLink/Page_CCSale/txt_Username'

2021-06-22 01:37:34 - [MESSAGE][PASSED] - Object 'Object Repository/VLink/Page_CCSale/txt_Password' is present

2021-06-22 01:37:34 - [MESSAGE][PASSED] - Text 'password' is set on object 'Object Repository/VLink/Page_CCSale/txt_Password'

2021-06-22 01:37:35 - [MESSAGE][PASSED] - Object 'Object Repository/VLink/Page_CCSale/txt_ResponseFormat' is present

2021-06-22 01:37:35 - [MESSAGE][PASSED] - Text 'fixed_width' is set on object 'Object Repository/VLink/Page_CCSale/txt_ResponseFormat'

2021-06-22 01:37:36 - [MESSAGE][PASSED] - Object 'Object Repository/VLink/Page_CCSale/txt_Category' is present

2021-06-22 01:37:36 - [MESSAGE][PASSED] - Text 'ECOM' is set on object 'Object Repository/VLink/Page_CCSale/txt_Category'

2021-06-22 01:37:36 - [MESSAGE][PASSED] - Object 'Object Repository/VLink/Page_CCSale/txt_TransactionID' is present

2021-06-22 01:37:37 - [MESSAGE][PASSED] - Text '' is set on object 'Object Repository/VLink/Page_CCSale/txt_TransactionID'

2021-06-22 01:37:37 - [MESSAGE][PASSED] - Object 'Object Repository/VLink/Page_CCSale/txt_ApprovalCode' is present

2021-06-22 01:37:38 - [MESSAGE][PASSED] - Text '' is set on object 'Object Repository/VLink/Page_CCSale/txt_ApprovalCode'

2021-06-22 01:37:38 - [MESSAGE][PASSED] - Object 'Object Repository/VLink/Page_CCSale/txt_CardName' is present

2021-06-22 01:37:39 - [MESSAGE][PASSED] - Text 'Roshan Maha' is set on object 'Object Repository/VLink/Page_CCSale/txt_CardName'

2021-06-22 01:37:39 - [MESSAGE][PASSED] - Object 'Object Repository/VLink/Page_CCSale/txt_AL1' is present

2021-06-22 01:37:40 - [MESSAGE][PASSED] - Text '12563 Bazaar road' is set on object 'Object Repository/VLink/Page_CCSale/txt_AL1'

2021-06-22 01:37:40 - [MESSAGE][PASSED] - Object 'Object Repository/VLink/Page_CCSale/txt_AL2' is present

2021-06-22 01:37:41 - [MESSAGE][PASSED] - Text '' is set on object 'Object Repository/VLink/Page_CCSale/txt_AL2'

2021-06-22 01:37:41 - [MESSAGE][PASSED] - Object 'Object Repository/VLink/Page_CCSale/txt_CardCity' is present

2021-06-22 01:37:42 - [MESSAGE][PASSED] - Text 'Crofton' is set on object 'Object Repository/VLink/Page_CCSale/txt_CardCity'

2021-06-22 01:37:42 - [MESSAGE][PASSED] - Object 'Object Repository/VLink/Page_CCSale/txt_CardState' is present

2021-06-22 01:37:43 - [MESSAGE][PASSED] - Text 'MD' is set on object 'Object Repository/VLink/Page_CCSale/txt_CardState'

2021-06-22 01:37:43 - [MESSAGE][PASSED] - Object 'Object Repository/VLink/Page_CCSale/txt_CardZIP' is present

2021-06-22 01:37:44 - [MESSAGE][PASSED] - Text '21114' is set on object 'Object Repository/VLink/Page_CCSale/txt_CardZIP'

2021-06-22 01:37:44 - [MESSAGE][PASSED] - Object 'Object Repository/VLink/Page_CCSale/txt_CountryID' is present

2021-06-22 01:37:45 - [MESSAGE][PASSED] - Text '' is set on object 'Object Repository/VLink/Page_CCSale/txt_CountryID'

2021-06-22 01:37:45 - [MESSAGE][PASSED] - Object 'Object Repository/VLink/Page_CCSale/txt_Amount' is present

2021-06-22 01:37:46 - [MESSAGE][PASSED] - Text '3.50' is set on object 'Object Repository/VLink/Page_CCSale/txt_Amount'

2021-06-22 01:37:46 - [MESSAGE][PASSED] - Object 'Object Repository/VLink/Page_CCSale/txt_CardNumber' is present

2021-06-22 01:37:47 - [MESSAGE][PASSED] - Text '370000000000002' is set on object 'Object Repository/VLink/Page_CCSale/txt_CardNumber'

2021-06-22 01:37:47 - [MESSAGE][PASSED] - Object 'Object Repository/VLink/Page_CCSale/txt_ExpMonth' is present

2021-06-22 01:37:48 - [MESSAGE][PASSED] - Text '01' is set on object 'Object Repository/VLink/Page_CCSale/txt_ExpMonth'

2021-06-22 01:37:48 - [MESSAGE][PASSED] - Object 'Object Repository/VLink/Page_CCSale/txt_ExpYear' is present

2021-06-22 01:37:49 - [MESSAGE][PASSED] - Text '2026' is set on object 'Object Repository/VLink/Page_CCSale/txt_ExpYear'

2021-06-22 01:37:49 - [MESSAGE][PASSED] - Object 'Object Repository/VLink/Page_CCSale/txt_CVV' is present

2021-06-22 01:37:50 - [MESSAGE][PASSED] - Text '' is set on object 'Object Repository/VLink/Page_CCSale/txt_CVV'

2021-06-22 01:37:50 - [MESSAGE][PASSED] - Object 'Object Repository/VLink/Page_CCSale/txt_CVVstate' is present

2021-06-22 01:37:51 - [MESSAGE][PASSED] - Text '' is set on object 'Object Repository/VLink/Page_CCSale/txt_CVVstate'

2021-06-22 01:37:51 - [MESSAGE][PASSED] - Object 'Object Repository/VLink/Page_CCSale/txt_TrackData' is present

2021-06-22 01:37:52 - [MESSAGE][PASSED] - Text '' is set on object 'Object Repository/VLink/Page_CCSale/txt_TrackData'

2021-06-22 01:37:52 - [MESSAGE][PASSED] - Object 'Object Repository/VLink/Page_CCSale/txt_Track1Data' is present

2021-06-22 01:37:53 - [MESSAGE][PASSED] - Text '' is set on object 'Object Repository/VLink/Page_CCSale/txt_Track1Data'

2021-06-22 01:37:53 - [MESSAGE][PASSED] - Object 'Object Repository/VLink/Page_CCSale/txt_Track2Data' is present

2021-06-22 01:37:54 - [MESSAGE][PASSED] - Text '' is set on object 'Object Repository/VLink/Page_CCSale/txt_Track2Data'

2021-06-22 01:37:54 - [MESSAGE][PASSED] - Object 'Object Repository/VLink/Page_CCSale/txt_POSEntryMode' is present

2021-06-22 01:37:55 - [MESSAGE][PASSED] - Text 'manual' is set on object 'Object Repository/VLink/Page_CCSale/txt_POSEntryMode'

2021-06-22 01:37:55 - [MESSAGE][PASSED] - Object 'Object Repository/VLink/Page_CCSale/txt_Email' is present

2021-06-22 01:37:56 - [MESSAGE][PASSED] - Text '' is set on object 'Object Repository/VLink/Page_CCSale/txt_Email'

2021-06-22 01:37:56 - [MESSAGE][PASSED] - Object 'Object Repository/VLink/Page_CCSale/txt_OrderNumber' is present

2021-06-22 01:37:57 - [MESSAGE][PASSED] - Text '' is set on object 'Object Repository/VLink/Page_CCSale/txt_OrderNumber'

2021-06-22 01:37:57 - [MESSAGE][PASSED] - Object 'Object Repository/VLink/Page_CCSale/txt_TaxAmount' is present

2021-06-22 01:37:58 - [MESSAGE][PASSED] - Text '' is set on object 'Object Repository/VLink/Page_CCSale/txt_TaxAmount'

2021-06-22 01:37:58 - [MESSAGE][PASSED] - Object 'Object Repository/VLink/Page_CCSale/txt_ChargeDescription' is present

2021-06-22 01:37:59 - [MESSAGE][PASSED] - Text '' is set on object 'Object Repository/VLink/Page_CCSale/txt_ChargeDescription'

2021-06-22 01:37:59 - [MESSAGE][PASSED] - Object 'Object Repository/VLink/Page_CCSale/txt_CAN' is present

2021-06-22 01:38:00 - [MESSAGE][PASSED] - Text '' is set on object 'Object Repository/VLink/Page_CCSale/txt_CAN'

2021-06-22 01:38:00 - [MESSAGE][PASSED] - Object 'Object Repository/VLink/Page_CCSale/txt_BillPaymentIndicator' is present

2021-06-22 01:38:01 - [MESSAGE][PASSED] - Text '' is set on object 'Object Repository/VLink/Page_CCSale/txt_BillPaymentIndicator'

2021-06-22 01:38:01 - [MESSAGE][PASSED] - Object 'Object Repository/VLink/Page_CCSale/txt_UDF1' is present

2021-06-22 01:38:02 - [MESSAGE][PASSED] - Text '' is set on object 'Object Repository/VLink/Page_CCSale/txt_UDF1'

2021-06-22 01:38:02 - [MESSAGE][PASSED] - Object 'Object Repository/VLink/Page_CCSale/txt_UDF2' is present

2021-06-22 01:38:03 - [MESSAGE][PASSED] - Text '' is set on object 'Object Repository/VLink/Page_CCSale/txt_UDF2'

2021-06-22 01:38:03 - [MESSAGE][PASSED] - Object 'Object Repository/VLink/Page_CCSale/txt_UDF3' is present

2021-06-22 01:38:04 - [MESSAGE][PASSED] - Text '' is set on object 'Object Repository/VLink/Page_CCSale/txt_UDF3'

2021-06-22 01:38:04 - [MESSAGE][PASSED] - Object 'Object Repository/VLink/Page_CCSale/txt_UDF4' is present

2021-06-22 01:38:05 - [MESSAGE][PASSED] - Text '' is set on object 'Object Repository/VLink/Page_CCSale/txt_UDF4'

2021-06-22 01:38:05 - [MESSAGE][PASSED] - Object 'Object Repository/VLink/Page_CCSale/txt_UDF5' is present

2021-06-22 01:38:06 - [MESSAGE][PASSED] - Text '' is set on object 'Object Repository/VLink/Page_CCSale/txt_UDF5'

2021-06-22 01:38:06 - [MESSAGE][PASSED] - Object 'Object Repository/VLink/Page_CCSale/txt_UDF6' is present

2021-06-22 01:38:07 - [MESSAGE][PASSED] - Text '' is set on object 'Object Repository/VLink/Page_CCSale/txt_UDF6'

2021-06-22 01:38:07 - [MESSAGE][PASSED] - Object 'Object Repository/VLink/Page_CCSale/txt_UDF7' is present

2021-06-22 01:38:08 - [MESSAGE][PASSED] - Text '' is set on object 'Object Repository/VLink/Page_CCSale/txt_UDF7'

2021-06-22 01:38:08 - [MESSAGE][PASSED] - Object 'Object Repository/VLink/Page_CCSale/txt_UDF8' is present

2021-06-22 01:38:09 - [MESSAGE][PASSED] - Text '' is set on object 'Object Repository/VLink/Page_CCSale/txt_UDF8'

2021-06-22 01:38:09 - [MESSAGE][PASSED] - Object 'Object Repository/VLink/Page_CCSale/txt_UDF9' is present

2021-06-22 01:38:10 - [MESSAGE][PASSED] - Text '' is set on object 'Object Repository/VLink/Page_CCSale/txt_UDF9'

2021-06-22 01:38:10 - [MESSAGE][PASSED] - Object 'Object Repository/VLink/Page_CCSale/txt_UDF10' is present

2021-06-22 01:38:11 - [MESSAGE][PASSED] - Text '' is set on object 'Object Repository/VLink/Page_CCSale/txt_UDF10'

2021-06-22 01:38:11 - [MESSAGE][PASSED] - Object 'Object Repository/VLink/Page_CCSale/txt_CardOnFileIndicator' is present

2021-06-22 01:38:12 - [MESSAGE][PASSED] - Text '0' is set on object 'Object Repository/VLink/Page_CCSale/txt_CardOnFileIndicator'

2021-06-22 01:38:12 - [MESSAGE][PASSED] - Object 'Object Repository/VLink/Page_CCSale/txt_StoredCredentialIndicator' is present

2021-06-22 01:38:13 - [MESSAGE][PASSED] - Text 'Initial' is set on object 'Object Repository/VLink/Page_CCSale/txt_StoredCredentialIndicator'

2021-06-22 01:38:13 - [MESSAGE][PASSED] - Object 'Object Repository/VLink/Page_CCSale/txt_COFScheduledIndicator' is present

2021-06-22 01:38:14 - [MESSAGE][PASSED] - Text 'Unscheduled' is set on object 'Object Repository/VLink/Page_CCSale/txt_COFScheduledIndicator'

2021-06-22 01:38:14 - [MESSAGE][PASSED] - Object 'Object Repository/VLink/Page_CCSale/txt_COFTransactionInitiatedBy' is present

2021-06-22 01:38:15 - [MESSAGE][PASSED] - Text 'Customer' is set on object 'Object Repository/VLink/Page_CCSale/txt_COFTransactionInitiatedBy'

2021-06-22 01:38:17 - [MESSAGE][PASSED] - Object: 'Object Repository/VLink/Page_CCSale/btn_ProcessVLinkTransaction' is clicked on

2021-06-22 01:38:22 - [MESSAGE][PASSED] - vlinkPages.saleCCPage.setDataSCC is PASSED

2021-06-22 01:38:22 - [TEST_STEP][PASSED] - if (verifyTextPresent("Transaction approved, no errors", true)): null

2021-06-22 01:38:22 - [MESSAGE][PASSED] - Text 'Transaction approved, no errors' is present on page  using regular expression

2021-06-22 01:38:22 - [TEST_STEP][PASSED] - println("Transaction Approved, no errors text is present on the Confirmation page"): null

2021-06-22 01:38:22 - [TEST_STEP][PASSED] - out.println("Pass Record Number: " + row): null

2021-06-22 01:38:22 - [TEST_STEP][PASSED] - resText = "Pass": null

2021-06-22 01:38:22 - [TEST_STEP][PASSED] - pages.WriteExcel.demoKey(resText, datText, resColumn, datCloumn, fileLoc, nameSheet, row): pages.WriteExcel.demoKey is PASSED

2021-06-22 01:38:23 - [MESSAGE][PASSED] - pages.WriteExcel.demoKey is PASSED

2021-06-22 01:38:23 - [TEST_STEP][PASSED] - sdfo = getText(findTestObject("Object Repository/Page_VLinkReceipt/pre_STX")): Text of object 'Object Repository/Page_VLinkReceipt/pre_STX' is: '<STX>EwNAbGKShrAI                  12098379            0  Transaction approved, no errors                   0                                                                                  X OK0795   <ETX>'

2021-06-22 01:38:23 - [MESSAGE][PASSED] - Text of object 'Object Repository/Page_VLinkReceipt/pre_STX' is: '<STX>EwNAbGKShrAI                  12098379            0  Transaction approved, no errors                   0                                                                                  X OK0795   <ETX>'

2021-06-22 01:38:23 - [TEST_STEP][PASSED] - out.println("sdfo: " + sdfo): null

2021-06-22 01:38:23 - [TEST_STEP][PASSED] - remID = substring(5, 35).trim(): null

2021-06-22 01:38:23 - [TEST_STEP][PASSED] - out.println("Remittance ID: " + remID): null

2021-06-22 01:38:23 - [TEST_STEP][PASSED] - traxID = substring(35, 55).trim(): null

2021-06-22 01:38:23 - [TEST_STEP][PASSED] - out.println("Transaction ID: " + traxID): null

2021-06-22 01:38:23 - [TEST_STEP][PASSED] - out.println("End Record Number: " + row): null

2021-06-22 01:38:23 - [TEST_STEP][PASSED] - closeBrowser(): Browser is closed

2021-06-22 01:38:24 - [MESSAGE][PASSED] - Browser is closed

2021-06-22 01:38:24 - [TEST_STEP][PASSED] - out.println("Begin Record Number: " + row): null

2021-06-22 01:38:24 - [TEST_STEP][PASSED] - today = new java.util.Date(): null

2021-06-22 01:38:24 - [TEST_STEP][PASSED] - println(today): null

2021-06-22 01:38:24 - [TEST_STEP][PASSED] - datText = today: null

2021-06-22 01:38:24 - [TEST_STEP][PASSED] - openBrowser(VLinkURL + "authcap.html"): Browser is opened with url: 'https://dev-algorithm.govolution.com/vlinktest/QA/version_2_0/authcap.html'

2021-06-22 01:38:24 - [MESSAGE][INFO] - Starting 'Chrome' driver

2021-06-22 01:38:24 - [MESSAGE][INFO] - User set preference: ['acceptInsecureCerts', 'true']

2021-06-22 01:38:24 - [MESSAGE][INFO] - Action delay is set to 0 milliseconds

2021-06-22 01:38:25 - [MESSAGE][PASSED] - Browser is opened with url: 'https://dev-algorithm.govolution.com/vlinktest/QA/version_2_0/authcap.html'

2021-06-22 01:38:25 - [TEST_STEP][PASSED] - maximizeWindow(): Current window maximized

2021-06-22 01:38:25 - [MESSAGE][PASSED] - Current window maximized

2021-06-22 01:38:25 - [TEST_STEP][PASSED] - vlinkPages.saleCCPage.setDataSCC(row, dataFile): vlinkPages.saleCCPage.setDataSCC is PASSED

2021-06-22 01:38:27 - [MESSAGE][PASSED] - Object 'Object Repository/VLink/Page_CCSale/txt_CardNumber' is present

2021-06-22 01:38:28 - [MESSAGE][PASSED] - Object 'Object Repository/VLink/Page_CCSale/txt_TransactionType' is present

2021-06-22 01:38:28 - [MESSAGE][PASSED] - Text '104' is set on object 'Object Repository/VLink/Page_CCSale/txt_TransactionType'

2021-06-22 01:38:29 - [MESSAGE][PASSED] - Object 'Object Repository/VLink/Page_CCSale/txt_MessageVersion' is present

2021-06-22 01:38:29 - [MESSAGE][PASSED] - Text '2.0C' is set on object 'Object Repository/VLink/Page_CCSale/txt_MessageVersion'

2021-06-22 01:38:30 - [MESSAGE][PASSED] - Object 'Object Repository/VLink/Page_CCSale/txt_RemID' is present

2021-06-22 01:38:30 - [MESSAGE][PASSED] - Text 'BGWuFDUOkt82' is set on object 'Object Repository/VLink/Page_CCSale/txt_RemID'

2021-06-22 01:38:30 - [MESSAGE][PASSED] - Object 'Object Repository/VLink/Page_CCSale/txt_ApplicationId' is present

2021-06-22 01:38:31 - [MESSAGE][PASSED] - Text '665' is set on object 'Object Repository/VLink/Page_CCSale/txt_ApplicationId'

2021-06-22 01:38:31 - [MESSAGE][PASSED] - Object 'Object Repository/VLink/Page_CCSale/txt_Username' is present

2021-06-22 01:38:32 - [MESSAGE][PASSED] - Text 'username' is set on object 'Object Repository/VLink/Page_CCSale/txt_Username'

2021-06-22 01:38:32 - [MESSAGE][PASSED] - Object 'Object Repository/VLink/Page_CCSale/txt_Password' is present

2021-06-22 01:38:33 - [MESSAGE][PASSED] - Text 'password' is set on object 'Object Repository/VLink/Page_CCSale/txt_Password'

2021-06-22 01:38:33 - [MESSAGE][PASSED] - Object 'Object Repository/VLink/Page_CCSale/txt_ResponseFormat' is present

2021-06-22 01:38:34 - [MESSAGE][PASSED] - Text 'fixed_width' is set on object 'Object Repository/VLink/Page_CCSale/txt_ResponseFormat'

2021-06-22 01:38:34 - [MESSAGE][PASSED] - Object 'Object Repository/VLink/Page_CCSale/txt_Category' is present

2021-06-22 01:38:35 - [MESSAGE][PASSED] - Text 'ECOM' is set on object 'Object Repository/VLink/Page_CCSale/txt_Category'

2021-06-22 01:38:35 - [MESSAGE][PASSED] - Object 'Object Repository/VLink/Page_CCSale/txt_TransactionID' is present

2021-06-22 01:38:35 - [MESSAGE][PASSED] - Text '' is set on object 'Object Repository/VLink/Page_CCSale/txt_TransactionID'

2021-06-22 01:38:36 - [MESSAGE][PASSED] - Object 'Object Repository/VLink/Page_CCSale/txt_ApprovalCode' is present

2021-06-22 01:38:36 - [MESSAGE][PASSED] - Text '' is set on object 'Object Repository/VLink/Page_CCSale/txt_ApprovalCode'

2021-06-22 01:38:37 - [MESSAGE][PASSED] - Object 'Object Repository/VLink/Page_CCSale/txt_CardName' is present

2021-06-22 01:38:37 - [MESSAGE][PASSED] - Text 'Kris Roshan' is set on object 'Object Repository/VLink/Page_CCSale/txt_CardName'

2021-06-22 01:38:38 - [MESSAGE][PASSED] - Object 'Object Repository/VLink/Page_CCSale/txt_AL1' is present

2021-06-22 01:38:38 - [MESSAGE][PASSED] - Text '258 Elm Road' is set on object 'Object Repository/VLink/Page_CCSale/txt_AL1'

2021-06-22 01:38:39 - [MESSAGE][PASSED] - Object 'Object Repository/VLink/Page_CCSale/txt_AL2' is present

2021-06-22 01:38:39 - [MESSAGE][PASSED] - Text 'Suite 56' is set on object 'Object Repository/VLink/Page_CCSale/txt_AL2'

2021-06-22 01:38:40 - [MESSAGE][PASSED] - Object 'Object Repository/VLink/Page_CCSale/txt_CardCity' is present

2021-06-22 01:38:40 - [MESSAGE][PASSED] - Text 'Arlington' is set on object 'Object Repository/VLink/Page_CCSale/txt_CardCity'

2021-06-22 01:38:41 - [MESSAGE][PASSED] - Object 'Object Repository/VLink/Page_CCSale/txt_CardState' is present

2021-06-22 01:38:41 - [MESSAGE][PASSED] - Text 'VA' is set on object 'Object Repository/VLink/Page_CCSale/txt_CardState'

2021-06-22 01:38:42 - [MESSAGE][PASSED] - Object 'Object Repository/VLink/Page_CCSale/txt_CardZIP' is present

2021-06-22 01:38:42 - [MESSAGE][PASSED] - Text '22201' is set on object 'Object Repository/VLink/Page_CCSale/txt_CardZIP'

2021-06-22 01:38:43 - [MESSAGE][PASSED] - Object 'Object Repository/VLink/Page_CCSale/txt_CountryID' is present

2021-06-22 01:38:43 - [MESSAGE][PASSED] - Text '840' is set on object 'Object Repository/VLink/Page_CCSale/txt_CountryID'

2021-06-22 01:38:44 - [MESSAGE][PASSED] - Object 'Object Repository/VLink/Page_CCSale/txt_Amount' is present

2021-06-22 01:38:44 - [MESSAGE][PASSED] - Text '1.50' is set on object 'Object Repository/VLink/Page_CCSale/txt_Amount'

2021-06-22 01:38:45 - [MESSAGE][PASSED] - Object 'Object Repository/VLink/Page_CCSale/txt_CardNumber' is present

2021-06-22 01:38:45 - [MESSAGE][PASSED] - Text '6011000000000004' is set on object 'Object Repository/VLink/Page_CCSale/txt_CardNumber'

2021-06-22 01:38:46 - [MESSAGE][PASSED] - Object 'Object Repository/VLink/Page_CCSale/txt_ExpMonth' is present

2021-06-22 01:38:46 - [MESSAGE][PASSED] - Text '12' is set on object 'Object Repository/VLink/Page_CCSale/txt_ExpMonth'

2021-06-22 01:38:47 - [MESSAGE][PASSED] - Object 'Object Repository/VLink/Page_CCSale/txt_ExpYear' is present

2021-06-22 01:38:47 - [MESSAGE][PASSED] - Text '2025' is set on object 'Object Repository/VLink/Page_CCSale/txt_ExpYear'

2021-06-22 01:38:48 - [MESSAGE][PASSED] - Object 'Object Repository/VLink/Page_CCSale/txt_CVV' is present

2021-06-22 01:38:48 - [MESSAGE][PASSED] - Text '' is set on object 'Object Repository/VLink/Page_CCSale/txt_CVV'

2021-06-22 01:38:48 - [MESSAGE][PASSED] - Object 'Object Repository/VLink/Page_CCSale/txt_CVVstate' is present

2021-06-22 01:38:49 - [MESSAGE][PASSED] - Text '' is set on object 'Object Repository/VLink/Page_CCSale/txt_CVVstate'

2021-06-22 01:38:50 - [MESSAGE][PASSED] - Object 'Object Repository/VLink/Page_CCSale/txt_TrackData' is present

2021-06-22 01:38:50 - [MESSAGE][PASSED] - Text '' is set on object 'Object Repository/VLink/Page_CCSale/txt_TrackData'

2021-06-22 01:38:50 - [MESSAGE][PASSED] - Object 'Object Repository/VLink/Page_CCSale/txt_Track1Data' is present

2021-06-22 01:38:51 - [MESSAGE][PASSED] - Text '' is set on object 'Object Repository/VLink/Page_CCSale/txt_Track1Data'

2021-06-22 01:38:51 - [MESSAGE][PASSED] - Object 'Object Repository/VLink/Page_CCSale/txt_Track2Data' is present

2021-06-22 01:38:52 - [MESSAGE][PASSED] - Text '' is set on object 'Object Repository/VLink/Page_CCSale/txt_Track2Data'

2021-06-22 01:38:52 - [MESSAGE][PASSED] - Object 'Object Repository/VLink/Page_CCSale/txt_POSEntryMode' is present

2021-06-22 01:38:53 - [MESSAGE][PASSED] - Text 'manual' is set on object 'Object Repository/VLink/Page_CCSale/txt_POSEntryMode'

2021-06-22 01:38:53 - [MESSAGE][PASSED] - Object 'Object Repository/VLink/Page_CCSale/txt_Email' is present

2021-06-22 01:38:54 - [MESSAGE][PASSED] - Text 'iahmed@govolution.com' is set on object 'Object Repository/VLink/Page_CCSale/txt_Email'

2021-06-22 01:38:54 - [MESSAGE][PASSED] - Object 'Object Repository/VLink/Page_CCSale/txt_OrderNumber' is present

2021-06-22 01:38:55 - [MESSAGE][PASSED] - Text '2569362' is set on object 'Object Repository/VLink/Page_CCSale/txt_OrderNumber'

2021-06-22 01:38:55 - [MESSAGE][PASSED] - Object 'Object Repository/VLink/Page_CCSale/txt_TaxAmount' is present

2021-06-22 01:38:56 - [MESSAGE][PASSED] - Text '1.15' is set on object 'Object Repository/VLink/Page_CCSale/txt_TaxAmount'

2021-06-22 01:38:56 - [MESSAGE][PASSED] - Object 'Object Repository/VLink/Page_CCSale/txt_ChargeDescription' is present

2021-06-22 01:38:57 - [MESSAGE][PASSED] - Text 'Charge Description' is set on object 'Object Repository/VLink/Page_CCSale/txt_ChargeDescription'

2021-06-22 01:38:57 - [MESSAGE][PASSED] - Object 'Object Repository/VLink/Page_CCSale/txt_CAN' is present

2021-06-22 01:38:58 - [MESSAGE][PASSED] - Text '147357' is set on object 'Object Repository/VLink/Page_CCSale/txt_CAN'

2021-06-22 01:38:58 - [MESSAGE][PASSED] - Object 'Object Repository/VLink/Page_CCSale/txt_BillPaymentIndicator' is present

2021-06-22 01:38:59 - [MESSAGE][PASSED] - Text '1' is set on object 'Object Repository/VLink/Page_CCSale/txt_BillPaymentIndicator'

2021-06-22 01:38:59 - [MESSAGE][PASSED] - Object 'Object Repository/VLink/Page_CCSale/txt_UDF1' is present

2021-06-22 01:39:00 - [MESSAGE][PASSED] - Text 'UDF Data 1' is set on object 'Object Repository/VLink/Page_CCSale/txt_UDF1'

2021-06-22 01:39:00 - [MESSAGE][PASSED] - Object 'Object Repository/VLink/Page_CCSale/txt_UDF2' is present

2021-06-22 01:39:01 - [MESSAGE][PASSED] - Text 'UDF Data 2' is set on object 'Object Repository/VLink/Page_CCSale/txt_UDF2'

2021-06-22 01:39:01 - [MESSAGE][PASSED] - Object 'Object Repository/VLink/Page_CCSale/txt_UDF3' is present

2021-06-22 01:39:02 - [MESSAGE][PASSED] - Text 'UDF Data 3' is set on object 'Object Repository/VLink/Page_CCSale/txt_UDF3'

2021-06-22 01:39:02 - [MESSAGE][PASSED] - Object 'Object Repository/VLink/Page_CCSale/txt_UDF4' is present

2021-06-22 01:39:03 - [MESSAGE][PASSED] - Text 'UDF Data 4' is set on object 'Object Repository/VLink/Page_CCSale/txt_UDF4'

2021-06-22 01:39:03 - [MESSAGE][PASSED] - Object 'Object Repository/VLink/Page_CCSale/txt_UDF5' is present

2021-06-22 01:39:04 - [MESSAGE][PASSED] - Text 'UDF Data 5' is set on object 'Object Repository/VLink/Page_CCSale/txt_UDF5'

2021-06-22 01:39:04 - [MESSAGE][PASSED] - Object 'Object Repository/VLink/Page_CCSale/txt_UDF6' is present

2021-06-22 01:39:05 - [MESSAGE][PASSED] - Text 'UDF Data 6' is set on object 'Object Repository/VLink/Page_CCSale/txt_UDF6'

2021-06-22 01:39:05 - [MESSAGE][PASSED] - Object 'Object Repository/VLink/Page_CCSale/txt_UDF7' is present

2021-06-22 01:39:06 - [MESSAGE][PASSED] - Text 'UDF Data 7' is set on object 'Object Repository/VLink/Page_CCSale/txt_UDF7'

2021-06-22 01:39:06 - [MESSAGE][PASSED] - Object 'Object Repository/VLink/Page_CCSale/txt_UDF8' is present

2021-06-22 01:39:07 - [MESSAGE][PASSED] - Text 'UDF Data 8' is set on object 'Object Repository/VLink/Page_CCSale/txt_UDF8'

2021-06-22 01:39:07 - [MESSAGE][PASSED] - Object 'Object Repository/VLink/Page_CCSale/txt_UDF9' is present

2021-06-22 01:39:08 - [MESSAGE][PASSED] - Text 'UDF Data 9' is set on object 'Object Repository/VLink/Page_CCSale/txt_UDF9'

2021-06-22 01:39:08 - [MESSAGE][PASSED] - Object 'Object Repository/VLink/Page_CCSale/txt_UDF10' is present

2021-06-22 01:39:09 - [MESSAGE][PASSED] - Text 'UDF Data 10' is set on object 'Object Repository/VLink/Page_CCSale/txt_UDF10'

2021-06-22 01:39:09 - [MESSAGE][PASSED] - Object 'Object Repository/VLink/Page_CCSale/txt_CardOnFileIndicator' is present

2021-06-22 01:39:10 - [MESSAGE][PASSED] - Text '0' is set on object 'Object Repository/VLink/Page_CCSale/txt_CardOnFileIndicator'

2021-06-22 01:39:10 - [MESSAGE][PASSED] - Object 'Object Repository/VLink/Page_CCSale/txt_StoredCredentialIndicator' is present

2021-06-22 01:39:11 - [MESSAGE][PASSED] - Text 'Initial' is set on object 'Object Repository/VLink/Page_CCSale/txt_StoredCredentialIndicator'

2021-06-22 01:39:11 - [MESSAGE][PASSED] - Object 'Object Repository/VLink/Page_CCSale/txt_COFScheduledIndicator' is present

2021-06-22 01:39:12 - [MESSAGE][PASSED] - Text 'Unscheduled' is set on object 'Object Repository/VLink/Page_CCSale/txt_COFScheduledIndicator'

2021-06-22 01:39:12 - [MESSAGE][PASSED] - Object 'Object Repository/VLink/Page_CCSale/txt_COFTransactionInitiatedBy' is present

2021-06-22 01:39:13 - [MESSAGE][PASSED] - Text 'Customer' is set on object 'Object Repository/VLink/Page_CCSale/txt_COFTransactionInitiatedBy'

2021-06-22 01:39:16 - [MESSAGE][PASSED] - Object: 'Object Repository/VLink/Page_CCSale/btn_ProcessVLinkTransaction' is clicked on

2021-06-22 01:39:21 - [MESSAGE][PASSED] - vlinkPages.saleCCPage.setDataSCC is PASSED

2021-06-22 01:39:21 - [TEST_STEP][PASSED] - if (verifyTextPresent("Transaction approved, no errors", true)): null

2021-06-22 01:39:21 - [MESSAGE][PASSED] - Text 'Transaction approved, no errors' is present on page  using regular expression

2021-06-22 01:39:21 - [TEST_STEP][PASSED] - println("Transaction Approved, no errors text is present on the Confirmation page"): null

2021-06-22 01:39:21 - [TEST_STEP][PASSED] - out.println("Pass Record Number: " + row): null

2021-06-22 01:39:21 - [TEST_STEP][PASSED] - resText = "Pass": null

2021-06-22 01:39:21 - [TEST_STEP][PASSED] - pages.WriteExcel.demoKey(resText, datText, resColumn, datCloumn, fileLoc, nameSheet, row): pages.WriteExcel.demoKey is PASSED

2021-06-22 01:39:21 - [MESSAGE][PASSED] - pages.WriteExcel.demoKey is PASSED

2021-06-22 01:39:21 - [TEST_STEP][PASSED] - sdfo = getText(findTestObject("Object Repository/Page_VLinkReceipt/pre_STX")): Text of object 'Object Repository/Page_VLinkReceipt/pre_STX' is: '<STX>BGWuFDUOkt82                  12098380            0  Transaction approved, no errors                   0                                                                                  XXOK0935   <ETX>'

2021-06-22 01:39:21 - [MESSAGE][PASSED] - Text of object 'Object Repository/Page_VLinkReceipt/pre_STX' is: '<STX>BGWuFDUOkt82                  12098380            0  Transaction approved, no errors                   0                                                                                  XXOK0935   <ETX>'

2021-06-22 01:39:21 - [TEST_STEP][PASSED] - out.println("sdfo: " + sdfo): null

2021-06-22 01:39:21 - [TEST_STEP][PASSED] - remID = substring(5, 35).trim(): null

2021-06-22 01:39:21 - [TEST_STEP][PASSED] - out.println("Remittance ID: " + remID): null

2021-06-22 01:39:21 - [TEST_STEP][PASSED] - traxID = substring(35, 55).trim(): null

2021-06-22 01:39:21 - [TEST_STEP][PASSED] - out.println("Transaction ID: " + traxID): null

2021-06-22 01:39:21 - [TEST_STEP][PASSED] - out.println("End Record Number: " + row): null

2021-06-22 01:39:21 - [TEST_STEP][PASSED] - closeBrowser(): Browser is closed

2021-06-22 01:39:22 - [MESSAGE][PASSED] - Browser is closed

2021-06-22 01:39:22 - [TEST_STEP][PASSED] - out.println("Begin Record Number: " + row): null

2021-06-22 01:39:22 - [TEST_STEP][PASSED] - today = new java.util.Date(): null

2021-06-22 01:39:22 - [TEST_STEP][PASSED] - println(today): null

2021-06-22 01:39:22 - [TEST_STEP][PASSED] - datText = today: null

2021-06-22 01:39:22 - [TEST_STEP][PASSED] - openBrowser(VLinkURL + "authcap.html"): Browser is opened with url: 'https://dev-algorithm.govolution.com/vlinktest/QA/version_2_0/authcap.html'

2021-06-22 01:39:22 - [MESSAGE][INFO] - Starting 'Chrome' driver

2021-06-22 01:39:22 - [MESSAGE][INFO] - User set preference: ['acceptInsecureCerts', 'true']

2021-06-22 01:39:22 - [MESSAGE][INFO] - Action delay is set to 0 milliseconds

2021-06-22 01:39:24 - [MESSAGE][PASSED] - Browser is opened with url: 'https://dev-algorithm.govolution.com/vlinktest/QA/version_2_0/authcap.html'

2021-06-22 01:39:24 - [TEST_STEP][PASSED] - maximizeWindow(): Current window maximized

2021-06-22 01:39:24 - [MESSAGE][PASSED] - Current window maximized

2021-06-22 01:39:24 - [TEST_STEP][PASSED] - vlinkPages.saleCCPage.setDataSCC(row, dataFile): vlinkPages.saleCCPage.setDataSCC is PASSED

2021-06-22 01:39:26 - [MESSAGE][PASSED] - Object 'Object Repository/VLink/Page_CCSale/txt_CardNumber' is present

2021-06-22 01:39:26 - [MESSAGE][PASSED] - Object 'Object Repository/VLink/Page_CCSale/txt_TransactionType' is present

2021-06-22 01:39:27 - [MESSAGE][PASSED] - Text '104' is set on object 'Object Repository/VLink/Page_CCSale/txt_TransactionType'

2021-06-22 01:39:27 - [MESSAGE][PASSED] - Object 'Object Repository/VLink/Page_CCSale/txt_MessageVersion' is present

2021-06-22 01:39:28 - [MESSAGE][PASSED] - Text '2.0C' is set on object 'Object Repository/VLink/Page_CCSale/txt_MessageVersion'

2021-06-22 01:39:28 - [MESSAGE][PASSED] - Object 'Object Repository/VLink/Page_CCSale/txt_RemID' is present

2021-06-22 01:39:29 - [MESSAGE][PASSED] - Text 'mPsd0fOyjtb5' is set on object 'Object Repository/VLink/Page_CCSale/txt_RemID'

2021-06-22 01:39:29 - [MESSAGE][PASSED] - Object 'Object Repository/VLink/Page_CCSale/txt_ApplicationId' is present

2021-06-22 01:39:30 - [MESSAGE][PASSED] - Text '665' is set on object 'Object Repository/VLink/Page_CCSale/txt_ApplicationId'

2021-06-22 01:39:30 - [MESSAGE][PASSED] - Object 'Object Repository/VLink/Page_CCSale/txt_Username' is present

2021-06-22 01:39:30 - [MESSAGE][PASSED] - Text 'username' is set on object 'Object Repository/VLink/Page_CCSale/txt_Username'

2021-06-22 01:39:31 - [MESSAGE][PASSED] - Object 'Object Repository/VLink/Page_CCSale/txt_Password' is present

2021-06-22 01:39:31 - [MESSAGE][PASSED] - Text 'password' is set on object 'Object Repository/VLink/Page_CCSale/txt_Password'

2021-06-22 01:39:32 - [MESSAGE][PASSED] - Object 'Object Repository/VLink/Page_CCSale/txt_ResponseFormat' is present

2021-06-22 01:39:32 - [MESSAGE][PASSED] - Text 'fixed_width' is set on object 'Object Repository/VLink/Page_CCSale/txt_ResponseFormat'

2021-06-22 01:39:32 - [MESSAGE][PASSED] - Object 'Object Repository/VLink/Page_CCSale/txt_Category' is present

2021-06-22 01:39:33 - [MESSAGE][PASSED] - Text 'MOTO' is set on object 'Object Repository/VLink/Page_CCSale/txt_Category'

2021-06-22 01:39:33 - [MESSAGE][PASSED] - Object 'Object Repository/VLink/Page_CCSale/txt_TransactionID' is present

2021-06-22 01:39:34 - [MESSAGE][PASSED] - Text '' is set on object 'Object Repository/VLink/Page_CCSale/txt_TransactionID'

2021-06-22 01:39:34 - [MESSAGE][PASSED] - Object 'Object Repository/VLink/Page_CCSale/txt_ApprovalCode' is present

2021-06-22 01:39:35 - [MESSAGE][PASSED] - Text '' is set on object 'Object Repository/VLink/Page_CCSale/txt_ApprovalCode'

2021-06-22 01:39:35 - [MESSAGE][PASSED] - Object 'Object Repository/VLink/Page_CCSale/txt_CardName' is present

2021-06-22 01:39:36 - [MESSAGE][PASSED] - Text 'Roshan Maha' is set on object 'Object Repository/VLink/Page_CCSale/txt_CardName'

2021-06-22 01:39:36 - [MESSAGE][PASSED] - Object 'Object Repository/VLink/Page_CCSale/txt_AL1' is present

2021-06-22 01:39:37 - [MESSAGE][PASSED] - Text '12563 Bazaar road' is set on object 'Object Repository/VLink/Page_CCSale/txt_AL1'

2021-06-22 01:39:37 - [MESSAGE][PASSED] - Object 'Object Repository/VLink/Page_CCSale/txt_AL2' is present

2021-06-22 01:39:38 - [MESSAGE][PASSED] - Text '' is set on object 'Object Repository/VLink/Page_CCSale/txt_AL2'

2021-06-22 01:39:38 - [MESSAGE][PASSED] - Object 'Object Repository/VLink/Page_CCSale/txt_CardCity' is present

2021-06-22 01:39:39 - [MESSAGE][PASSED] - Text 'Crofton' is set on object 'Object Repository/VLink/Page_CCSale/txt_CardCity'

2021-06-22 01:39:39 - [MESSAGE][PASSED] - Object 'Object Repository/VLink/Page_CCSale/txt_CardState' is present

2021-06-22 01:39:40 - [MESSAGE][PASSED] - Text 'MD' is set on object 'Object Repository/VLink/Page_CCSale/txt_CardState'

2021-06-22 01:39:40 - [MESSAGE][PASSED] - Object 'Object Repository/VLink/Page_CCSale/txt_CardZIP' is present

2021-06-22 01:39:41 - [MESSAGE][PASSED] - Text '21114' is set on object 'Object Repository/VLink/Page_CCSale/txt_CardZIP'

2021-06-22 01:39:41 - [MESSAGE][PASSED] - Object 'Object Repository/VLink/Page_CCSale/txt_CountryID' is present

2021-06-22 01:39:42 - [MESSAGE][PASSED] - Text '' is set on object 'Object Repository/VLink/Page_CCSale/txt_CountryID'

2021-06-22 01:39:42 - [MESSAGE][PASSED] - Object 'Object Repository/VLink/Page_CCSale/txt_Amount' is present

2021-06-22 01:39:43 - [MESSAGE][PASSED] - Text '3.50' is set on object 'Object Repository/VLink/Page_CCSale/txt_Amount'

2021-06-22 01:39:43 - [MESSAGE][PASSED] - Object 'Object Repository/VLink/Page_CCSale/txt_CardNumber' is present

2021-06-22 01:39:44 - [MESSAGE][PASSED] - Text '4111111111111111' is set on object 'Object Repository/VLink/Page_CCSale/txt_CardNumber'

2021-06-22 01:39:44 - [MESSAGE][PASSED] - Object 'Object Repository/VLink/Page_CCSale/txt_ExpMonth' is present

2021-06-22 01:39:45 - [MESSAGE][PASSED] - Text '01' is set on object 'Object Repository/VLink/Page_CCSale/txt_ExpMonth'

2021-06-22 01:39:45 - [MESSAGE][PASSED] - Object 'Object Repository/VLink/Page_CCSale/txt_ExpYear' is present

2021-06-22 01:39:46 - [MESSAGE][PASSED] - Text '2026' is set on object 'Object Repository/VLink/Page_CCSale/txt_ExpYear'

2021-06-22 01:39:46 - [MESSAGE][PASSED] - Object 'Object Repository/VLink/Page_CCSale/txt_CVV' is present

2021-06-22 01:39:47 - [MESSAGE][PASSED] - Text '' is set on object 'Object Repository/VLink/Page_CCSale/txt_CVV'

2021-06-22 01:39:47 - [MESSAGE][PASSED] - Object 'Object Repository/VLink/Page_CCSale/txt_CVVstate' is present

2021-06-22 01:39:48 - [MESSAGE][PASSED] - Text '' is set on object 'Object Repository/VLink/Page_CCSale/txt_CVVstate'

2021-06-22 01:39:48 - [MESSAGE][PASSED] - Object 'Object Repository/VLink/Page_CCSale/txt_TrackData' is present

2021-06-22 01:39:49 - [MESSAGE][PASSED] - Text '' is set on object 'Object Repository/VLink/Page_CCSale/txt_TrackData'

2021-06-22 01:39:49 - [MESSAGE][PASSED] - Object 'Object Repository/VLink/Page_CCSale/txt_Track1Data' is present

2021-06-22 01:39:50 - [MESSAGE][PASSED] - Text '' is set on object 'Object Repository/VLink/Page_CCSale/txt_Track1Data'

2021-06-22 01:39:50 - [MESSAGE][PASSED] - Object 'Object Repository/VLink/Page_CCSale/txt_Track2Data' is present

2021-06-22 01:39:51 - [MESSAGE][PASSED] - Text '' is set on object 'Object Repository/VLink/Page_CCSale/txt_Track2Data'

2021-06-22 01:39:51 - [MESSAGE][PASSED] - Object 'Object Repository/VLink/Page_CCSale/txt_POSEntryMode' is present

2021-06-22 01:39:52 - [MESSAGE][PASSED] - Text 'manual' is set on object 'Object Repository/VLink/Page_CCSale/txt_POSEntryMode'

2021-06-22 01:39:52 - [MESSAGE][PASSED] - Object 'Object Repository/VLink/Page_CCSale/txt_Email' is present

2021-06-22 01:39:53 - [MESSAGE][PASSED] - Text '' is set on object 'Object Repository/VLink/Page_CCSale/txt_Email'

2021-06-22 01:39:53 - [MESSAGE][PASSED] - Object 'Object Repository/VLink/Page_CCSale/txt_OrderNumber' is present

2021-06-22 01:39:54 - [MESSAGE][PASSED] - Text '' is set on object 'Object Repository/VLink/Page_CCSale/txt_OrderNumber'

2021-06-22 01:39:54 - [MESSAGE][PASSED] - Object 'Object Repository/VLink/Page_CCSale/txt_TaxAmount' is present

2021-06-22 01:39:55 - [MESSAGE][PASSED] - Text '' is set on object 'Object Repository/VLink/Page_CCSale/txt_TaxAmount'

2021-06-22 01:39:55 - [MESSAGE][PASSED] - Object 'Object Repository/VLink/Page_CCSale/txt_ChargeDescription' is present

2021-06-22 01:39:56 - [MESSAGE][PASSED] - Text '' is set on object 'Object Repository/VLink/Page_CCSale/txt_ChargeDescription'

2021-06-22 01:39:56 - [MESSAGE][PASSED] - Object 'Object Repository/VLink/Page_CCSale/txt_CAN' is present

2021-06-22 01:39:57 - [MESSAGE][PASSED] - Text '' is set on object 'Object Repository/VLink/Page_CCSale/txt_CAN'

2021-06-22 01:39:57 - [MESSAGE][PASSED] - Object 'Object Repository/VLink/Page_CCSale/txt_BillPaymentIndicator' is present

2021-06-22 01:39:58 - [MESSAGE][PASSED] - Text '' is set on object 'Object Repository/VLink/Page_CCSale/txt_BillPaymentIndicator'

2021-06-22 01:39:58 - [MESSAGE][PASSED] - Object 'Object Repository/VLink/Page_CCSale/txt_UDF1' is present

2021-06-22 01:39:59 - [MESSAGE][PASSED] - Text '' is set on object 'Object Repository/VLink/Page_CCSale/txt_UDF1'

2021-06-22 01:39:59 - [MESSAGE][PASSED] - Object 'Object Repository/VLink/Page_CCSale/txt_UDF2' is present

2021-06-22 01:40:00 - [MESSAGE][PASSED] - Text '' is set on object 'Object Repository/VLink/Page_CCSale/txt_UDF2'

2021-06-22 01:40:00 - [MESSAGE][PASSED] - Object 'Object Repository/VLink/Page_CCSale/txt_UDF3' is present

2021-06-22 01:40:01 - [MESSAGE][PASSED] - Text '' is set on object 'Object Repository/VLink/Page_CCSale/txt_UDF3'

2021-06-22 01:40:01 - [MESSAGE][PASSED] - Object 'Object Repository/VLink/Page_CCSale/txt_UDF4' is present

2021-06-22 01:40:02 - [MESSAGE][PASSED] - Text '' is set on object 'Object Repository/VLink/Page_CCSale/txt_UDF4'

2021-06-22 01:40:02 - [MESSAGE][PASSED] - Object 'Object Repository/VLink/Page_CCSale/txt_UDF5' is present

2021-06-22 01:40:03 - [MESSAGE][PASSED] - Text '' is set on object 'Object Repository/VLink/Page_CCSale/txt_UDF5'

2021-06-22 01:40:03 - [MESSAGE][PASSED] - Object 'Object Repository/VLink/Page_CCSale/txt_UDF6' is present

2021-06-22 01:40:04 - [MESSAGE][PASSED] - Text '' is set on object 'Object Repository/VLink/Page_CCSale/txt_UDF6'

2021-06-22 01:40:04 - [MESSAGE][PASSED] - Object 'Object Repository/VLink/Page_CCSale/txt_UDF7' is present

2021-06-22 01:40:05 - [MESSAGE][PASSED] - Text '' is set on object 'Object Repository/VLink/Page_CCSale/txt_UDF7'

2021-06-22 01:40:05 - [MESSAGE][PASSED] - Object 'Object Repository/VLink/Page_CCSale/txt_UDF8' is present

2021-06-22 01:40:05 - [MESSAGE][PASSED] - Text '' is set on object 'Object Repository/VLink/Page_CCSale/txt_UDF8'

2021-06-22 01:40:06 - [MESSAGE][PASSED] - Object 'Object Repository/VLink/Page_CCSale/txt_UDF9' is present

2021-06-22 01:40:06 - [MESSAGE][PASSED] - Text '' is set on object 'Object Repository/VLink/Page_CCSale/txt_UDF9'

2021-06-22 01:40:07 - [MESSAGE][PASSED] - Object 'Object Repository/VLink/Page_CCSale/txt_UDF10' is present

2021-06-22 01:40:07 - [MESSAGE][PASSED] - Text '' is set on object 'Object Repository/VLink/Page_CCSale/txt_UDF10'

2021-06-22 01:40:08 - [MESSAGE][PASSED] - Object 'Object Repository/VLink/Page_CCSale/txt_CardOnFileIndicator' is present

2021-06-22 01:40:08 - [MESSAGE][PASSED] - Text '0' is set on object 'Object Repository/VLink/Page_CCSale/txt_CardOnFileIndicator'

2021-06-22 01:40:09 - [MESSAGE][PASSED] - Object 'Object Repository/VLink/Page_CCSale/txt_StoredCredentialIndicator' is present

2021-06-22 01:40:09 - [MESSAGE][PASSED] - Text 'Initial' is set on object 'Object Repository/VLink/Page_CCSale/txt_StoredCredentialIndicator'

2021-06-22 01:40:10 - [MESSAGE][PASSED] - Object 'Object Repository/VLink/Page_CCSale/txt_COFScheduledIndicator' is present

2021-06-22 01:40:10 - [MESSAGE][PASSED] - Text 'Unscheduled' is set on object 'Object Repository/VLink/Page_CCSale/txt_COFScheduledIndicator'

2021-06-22 01:40:11 - [MESSAGE][PASSED] - Object 'Object Repository/VLink/Page_CCSale/txt_COFTransactionInitiatedBy' is present

2021-06-22 01:40:11 - [MESSAGE][PASSED] - Text 'Customer' is set on object 'Object Repository/VLink/Page_CCSale/txt_COFTransactionInitiatedBy'

2021-06-22 01:40:14 - [MESSAGE][PASSED] - Object: 'Object Repository/VLink/Page_CCSale/btn_ProcessVLinkTransaction' is clicked on

2021-06-22 01:40:19 - [MESSAGE][PASSED] - vlinkPages.saleCCPage.setDataSCC is PASSED

2021-06-22 01:40:19 - [TEST_STEP][PASSED] - if (verifyTextPresent("Transaction approved, no errors", true)): null

2021-06-22 01:40:19 - [MESSAGE][PASSED] - Text 'Transaction approved, no errors' is present on page  using regular expression

2021-06-22 01:40:19 - [TEST_STEP][PASSED] - println("Transaction Approved, no errors text is present on the Confirmation page"): null

2021-06-22 01:40:19 - [TEST_STEP][PASSED] - out.println("Pass Record Number: " + row): null

2021-06-22 01:40:19 - [TEST_STEP][PASSED] - resText = "Pass": null

2021-06-22 01:40:19 - [TEST_STEP][PASSED] - pages.WriteExcel.demoKey(resText, datText, resColumn, datCloumn, fileLoc, nameSheet, row): pages.WriteExcel.demoKey is PASSED

2021-06-22 01:40:19 - [MESSAGE][PASSED] - pages.WriteExcel.demoKey is PASSED

2021-06-22 01:40:19 - [TEST_STEP][PASSED] - sdfo = getText(findTestObject("Object Repository/Page_VLinkReceipt/pre_STX")): Text of object 'Object Repository/Page_VLinkReceipt/pre_STX' is: '<STX>mPsd0fOyjtb5                  12098381            0  Transaction approved, no errors                   0                                                                                  XXOK0985   <ETX>'

2021-06-22 01:40:20 - [MESSAGE][PASSED] - Text of object 'Object Repository/Page_VLinkReceipt/pre_STX' is: '<STX>mPsd0fOyjtb5                  12098381            0  Transaction approved, no errors                   0                                                                                  XXOK0985   <ETX>'

2021-06-22 01:40:20 - [TEST_STEP][PASSED] - out.println("sdfo: " + sdfo): null

2021-06-22 01:40:20 - [TEST_STEP][PASSED] - remID = substring(5, 35).trim(): null

2021-06-22 01:40:20 - [TEST_STEP][PASSED] - out.println("Remittance ID: " + remID): null

2021-06-22 01:40:20 - [TEST_STEP][PASSED] - traxID = substring(35, 55).trim(): null

2021-06-22 01:40:20 - [TEST_STEP][PASSED] - out.println("Transaction ID: " + traxID): null

2021-06-22 01:40:20 - [TEST_STEP][PASSED] - out.println("End Record Number: " + row): null

2021-06-22 01:40:20 - [TEST_STEP][PASSED] - closeBrowser(): Browser is closed

2021-06-22 01:40:21 - [MESSAGE][PASSED] - Browser is closed

2021-06-22 01:40:21 - [TEST_STEP][PASSED] - out.println("Begin Record Number: " + row): null

2021-06-22 01:40:21 - [TEST_STEP][PASSED] - today = new java.util.Date(): null

2021-06-22 01:40:21 - [TEST_STEP][PASSED] - println(today): null

2021-06-22 01:40:21 - [TEST_STEP][PASSED] - datText = today: null

2021-06-22 01:40:21 - [TEST_STEP][PASSED] - openBrowser(VLinkURL + "authcap.html"): Browser is opened with url: 'https://dev-algorithm.govolution.com/vlinktest/QA/version_2_0/authcap.html'

2021-06-22 01:40:21 - [MESSAGE][INFO] - Starting 'Chrome' driver

2021-06-22 01:40:21 - [MESSAGE][INFO] - User set preference: ['acceptInsecureCerts', 'true']

2021-06-22 01:40:21 - [MESSAGE][INFO] - Action delay is set to 0 milliseconds

2021-06-22 01:40:22 - [MESSAGE][PASSED] - Browser is opened with url: 'https://dev-algorithm.govolution.com/vlinktest/QA/version_2_0/authcap.html'

2021-06-22 01:40:22 - [TEST_STEP][PASSED] - maximizeWindow(): Current window maximized

2021-06-22 01:40:22 - [MESSAGE][PASSED] - Current window maximized

2021-06-22 01:40:22 - [TEST_STEP][PASSED] - vlinkPages.saleCCPage.setDataSCC(row, dataFile): vlinkPages.saleCCPage.setDataSCC is PASSED

2021-06-22 01:40:24 - [MESSAGE][PASSED] - Object 'Object Repository/VLink/Page_CCSale/txt_CardNumber' is present

2021-06-22 01:40:25 - [MESSAGE][PASSED] - Object 'Object Repository/VLink/Page_CCSale/txt_TransactionType' is present

2021-06-22 01:40:25 - [MESSAGE][PASSED] - Text '104' is set on object 'Object Repository/VLink/Page_CCSale/txt_TransactionType'

2021-06-22 01:40:26 - [MESSAGE][PASSED] - Object 'Object Repository/VLink/Page_CCSale/txt_MessageVersion' is present

2021-06-22 01:40:26 - [MESSAGE][PASSED] - Text '2.0C' is set on object 'Object Repository/VLink/Page_CCSale/txt_MessageVersion'

2021-06-22 01:40:27 - [MESSAGE][PASSED] - Object 'Object Repository/VLink/Page_CCSale/txt_RemID' is present

2021-06-22 01:40:27 - [MESSAGE][PASSED] - Text '5IqLBAAzVe6l' is set on object 'Object Repository/VLink/Page_CCSale/txt_RemID'

2021-06-22 01:40:27 - [MESSAGE][PASSED] - Object 'Object Repository/VLink/Page_CCSale/txt_ApplicationId' is present

2021-06-22 01:40:28 - [MESSAGE][PASSED] - Text '665' is set on object 'Object Repository/VLink/Page_CCSale/txt_ApplicationId'

2021-06-22 01:40:28 - [MESSAGE][PASSED] - Object 'Object Repository/VLink/Page_CCSale/txt_Username' is present

2021-06-22 01:40:29 - [MESSAGE][PASSED] - Text 'username' is set on object 'Object Repository/VLink/Page_CCSale/txt_Username'

2021-06-22 01:40:29 - [MESSAGE][PASSED] - Object 'Object Repository/VLink/Page_CCSale/txt_Password' is present

2021-06-22 01:40:30 - [MESSAGE][PASSED] - Text 'password' is set on object 'Object Repository/VLink/Page_CCSale/txt_Password'

2021-06-22 01:40:30 - [MESSAGE][PASSED] - Object 'Object Repository/VLink/Page_CCSale/txt_ResponseFormat' is present

2021-06-22 01:40:31 - [MESSAGE][PASSED] - Text 'fixed_width' is set on object 'Object Repository/VLink/Page_CCSale/txt_ResponseFormat'

2021-06-22 01:40:31 - [MESSAGE][PASSED] - Object 'Object Repository/VLink/Page_CCSale/txt_Category' is present

2021-06-22 01:40:32 - [MESSAGE][PASSED] - Text 'MOTO' is set on object 'Object Repository/VLink/Page_CCSale/txt_Category'

2021-06-22 01:40:32 - [MESSAGE][PASSED] - Object 'Object Repository/VLink/Page_CCSale/txt_TransactionID' is present

2021-06-22 01:40:33 - [MESSAGE][PASSED] - Text '' is set on object 'Object Repository/VLink/Page_CCSale/txt_TransactionID'

2021-06-22 01:40:33 - [MESSAGE][PASSED] - Object 'Object Repository/VLink/Page_CCSale/txt_ApprovalCode' is present

2021-06-22 01:40:34 - [MESSAGE][PASSED] - Text '' is set on object 'Object Repository/VLink/Page_CCSale/txt_ApprovalCode'

2021-06-22 01:40:34 - [MESSAGE][PASSED] - Object 'Object Repository/VLink/Page_CCSale/txt_CardName' is present

2021-06-22 01:40:35 - [MESSAGE][PASSED] - Text 'Kris Roshan' is set on object 'Object Repository/VLink/Page_CCSale/txt_CardName'

2021-06-22 01:40:35 - [MESSAGE][PASSED] - Object 'Object Repository/VLink/Page_CCSale/txt_AL1' is present

2021-06-22 01:40:36 - [MESSAGE][PASSED] - Text '258 Elm Road' is set on object 'Object Repository/VLink/Page_CCSale/txt_AL1'

2021-06-22 01:40:36 - [MESSAGE][PASSED] - Object 'Object Repository/VLink/Page_CCSale/txt_AL2' is present

2021-06-22 01:40:37 - [MESSAGE][PASSED] - Text 'Suite 56' is set on object 'Object Repository/VLink/Page_CCSale/txt_AL2'

2021-06-22 01:40:37 - [MESSAGE][PASSED] - Object 'Object Repository/VLink/Page_CCSale/txt_CardCity' is present

2021-06-22 01:40:38 - [MESSAGE][PASSED] - Text 'Arlington' is set on object 'Object Repository/VLink/Page_CCSale/txt_CardCity'

2021-06-22 01:40:38 - [MESSAGE][PASSED] - Object 'Object Repository/VLink/Page_CCSale/txt_CardState' is present

2021-06-22 01:40:39 - [MESSAGE][PASSED] - Text 'VA' is set on object 'Object Repository/VLink/Page_CCSale/txt_CardState'

2021-06-22 01:40:39 - [MESSAGE][PASSED] - Object 'Object Repository/VLink/Page_CCSale/txt_CardZIP' is present

2021-06-22 01:40:40 - [MESSAGE][PASSED] - Text '22201' is set on object 'Object Repository/VLink/Page_CCSale/txt_CardZIP'

2021-06-22 01:40:40 - [MESSAGE][PASSED] - Object 'Object Repository/VLink/Page_CCSale/txt_CountryID' is present

2021-06-22 01:40:41 - [MESSAGE][PASSED] - Text '840' is set on object 'Object Repository/VLink/Page_CCSale/txt_CountryID'

2021-06-22 01:40:41 - [MESSAGE][PASSED] - Object 'Object Repository/VLink/Page_CCSale/txt_Amount' is present

2021-06-22 01:40:42 - [MESSAGE][PASSED] - Text '1.50' is set on object 'Object Repository/VLink/Page_CCSale/txt_Amount'

2021-06-22 01:40:42 - [MESSAGE][PASSED] - Object 'Object Repository/VLink/Page_CCSale/txt_CardNumber' is present

2021-06-22 01:40:43 - [MESSAGE][PASSED] - Text '5424000000000015' is set on object 'Object Repository/VLink/Page_CCSale/txt_CardNumber'

2021-06-22 01:40:43 - [MESSAGE][PASSED] - Object 'Object Repository/VLink/Page_CCSale/txt_ExpMonth' is present

2021-06-22 01:40:44 - [MESSAGE][PASSED] - Text '12' is set on object 'Object Repository/VLink/Page_CCSale/txt_ExpMonth'

2021-06-22 01:40:44 - [MESSAGE][PASSED] - Object 'Object Repository/VLink/Page_CCSale/txt_ExpYear' is present

2021-06-22 01:40:45 - [MESSAGE][PASSED] - Text '2025' is set on object 'Object Repository/VLink/Page_CCSale/txt_ExpYear'

2021-06-22 01:40:45 - [MESSAGE][PASSED] - Object 'Object Repository/VLink/Page_CCSale/txt_CVV' is present

2021-06-22 01:40:46 - [MESSAGE][PASSED] - Text '' is set on object 'Object Repository/VLink/Page_CCSale/txt_CVV'

2021-06-22 01:40:46 - [MESSAGE][PASSED] - Object 'Object Repository/VLink/Page_CCSale/txt_CVVstate' is present

2021-06-22 01:40:47 - [MESSAGE][PASSED] - Text '' is set on object 'Object Repository/VLink/Page_CCSale/txt_CVVstate'

2021-06-22 01:40:47 - [MESSAGE][PASSED] - Object 'Object Repository/VLink/Page_CCSale/txt_TrackData' is present

2021-06-22 01:40:48 - [MESSAGE][PASSED] - Text '' is set on object 'Object Repository/VLink/Page_CCSale/txt_TrackData'

2021-06-22 01:40:48 - [MESSAGE][PASSED] - Object 'Object Repository/VLink/Page_CCSale/txt_Track1Data' is present

2021-06-22 01:40:49 - [MESSAGE][PASSED] - Text '' is set on object 'Object Repository/VLink/Page_CCSale/txt_Track1Data'

2021-06-22 01:40:49 - [MESSAGE][PASSED] - Object 'Object Repository/VLink/Page_CCSale/txt_Track2Data' is present

2021-06-22 01:40:50 - [MESSAGE][PASSED] - Text '' is set on object 'Object Repository/VLink/Page_CCSale/txt_Track2Data'

2021-06-22 01:40:50 - [MESSAGE][PASSED] - Object 'Object Repository/VLink/Page_CCSale/txt_POSEntryMode' is present

2021-06-22 01:40:51 - [MESSAGE][PASSED] - Text 'manual' is set on object 'Object Repository/VLink/Page_CCSale/txt_POSEntryMode'

2021-06-22 01:40:51 - [MESSAGE][PASSED] - Object 'Object Repository/VLink/Page_CCSale/txt_Email' is present

2021-06-22 01:40:52 - [MESSAGE][PASSED] - Text 'iahmed@govolution.com' is set on object 'Object Repository/VLink/Page_CCSale/txt_Email'

2021-06-22 01:40:52 - [MESSAGE][PASSED] - Object 'Object Repository/VLink/Page_CCSale/txt_OrderNumber' is present

2021-06-22 01:40:53 - [MESSAGE][PASSED] - Text '2569362' is set on object 'Object Repository/VLink/Page_CCSale/txt_OrderNumber'

2021-06-22 01:40:53 - [MESSAGE][PASSED] - Object 'Object Repository/VLink/Page_CCSale/txt_TaxAmount' is present

2021-06-22 01:40:54 - [MESSAGE][PASSED] - Text '1.15' is set on object 'Object Repository/VLink/Page_CCSale/txt_TaxAmount'

2021-06-22 01:40:54 - [MESSAGE][PASSED] - Object 'Object Repository/VLink/Page_CCSale/txt_ChargeDescription' is present

2021-06-22 01:40:55 - [MESSAGE][PASSED] - Text 'Charge Description' is set on object 'Object Repository/VLink/Page_CCSale/txt_ChargeDescription'

2021-06-22 01:40:55 - [MESSAGE][PASSED] - Object 'Object Repository/VLink/Page_CCSale/txt_CAN' is present

2021-06-22 01:40:56 - [MESSAGE][PASSED] - Text '147357' is set on object 'Object Repository/VLink/Page_CCSale/txt_CAN'

2021-06-22 01:40:56 - [MESSAGE][PASSED] - Object 'Object Repository/VLink/Page_CCSale/txt_BillPaymentIndicator' is present

2021-06-22 01:40:57 - [MESSAGE][PASSED] - Text '1' is set on object 'Object Repository/VLink/Page_CCSale/txt_BillPaymentIndicator'

2021-06-22 01:40:57 - [MESSAGE][PASSED] - Object 'Object Repository/VLink/Page_CCSale/txt_UDF1' is present

2021-06-22 01:40:58 - [MESSAGE][PASSED] - Text 'UDF Data 1' is set on object 'Object Repository/VLink/Page_CCSale/txt_UDF1'

2021-06-22 01:40:58 - [MESSAGE][PASSED] - Object 'Object Repository/VLink/Page_CCSale/txt_UDF2' is present

2021-06-22 01:40:59 - [MESSAGE][PASSED] - Text 'UDF Data 2' is set on object 'Object Repository/VLink/Page_CCSale/txt_UDF2'

2021-06-22 01:40:59 - [MESSAGE][PASSED] - Object 'Object Repository/VLink/Page_CCSale/txt_UDF3' is present

2021-06-22 01:41:00 - [MESSAGE][PASSED] - Text 'UDF Data 3' is set on object 'Object Repository/VLink/Page_CCSale/txt_UDF3'

2021-06-22 01:41:00 - [MESSAGE][PASSED] - Object 'Object Repository/VLink/Page_CCSale/txt_UDF4' is present

2021-06-22 01:41:01 - [MESSAGE][PASSED] - Text 'UDF Data 4' is set on object 'Object Repository/VLink/Page_CCSale/txt_UDF4'

2021-06-22 01:41:01 - [MESSAGE][PASSED] - Object 'Object Repository/VLink/Page_CCSale/txt_UDF5' is present

2021-06-22 01:41:02 - [MESSAGE][PASSED] - Text 'UDF Data 5' is set on object 'Object Repository/VLink/Page_CCSale/txt_UDF5'

2021-06-22 01:41:02 - [MESSAGE][PASSED] - Object 'Object Repository/VLink/Page_CCSale/txt_UDF6' is present

2021-06-22 01:41:03 - [MESSAGE][PASSED] - Text 'UDF Data 6' is set on object 'Object Repository/VLink/Page_CCSale/txt_UDF6'

2021-06-22 01:41:03 - [MESSAGE][PASSED] - Object 'Object Repository/VLink/Page_CCSale/txt_UDF7' is present

2021-06-22 01:41:04 - [MESSAGE][PASSED] - Text 'UDF Data 7' is set on object 'Object Repository/VLink/Page_CCSale/txt_UDF7'

2021-06-22 01:41:04 - [MESSAGE][PASSED] - Object 'Object Repository/VLink/Page_CCSale/txt_UDF8' is present

2021-06-22 01:41:05 - [MESSAGE][PASSED] - Text 'UDF Data 8' is set on object 'Object Repository/VLink/Page_CCSale/txt_UDF8'

2021-06-22 01:41:05 - [MESSAGE][PASSED] - Object 'Object Repository/VLink/Page_CCSale/txt_UDF9' is present

2021-06-22 01:41:06 - [MESSAGE][PASSED] - Text 'UDF Data 9' is set on object 'Object Repository/VLink/Page_CCSale/txt_UDF9'

2021-06-22 01:41:06 - [MESSAGE][PASSED] - Object 'Object Repository/VLink/Page_CCSale/txt_UDF10' is present

2021-06-22 01:41:07 - [MESSAGE][PASSED] - Text 'UDF Data 10' is set on object 'Object Repository/VLink/Page_CCSale/txt_UDF10'

2021-06-22 01:41:07 - [MESSAGE][PASSED] - Object 'Object Repository/VLink/Page_CCSale/txt_CardOnFileIndicator' is present

2021-06-22 01:41:08 - [MESSAGE][PASSED] - Text '0' is set on object 'Object Repository/VLink/Page_CCSale/txt_CardOnFileIndicator'

2021-06-22 01:41:08 - [MESSAGE][PASSED] - Object 'Object Repository/VLink/Page_CCSale/txt_StoredCredentialIndicator' is present

2021-06-22 01:41:09 - [MESSAGE][PASSED] - Text 'Initial' is set on object 'Object Repository/VLink/Page_CCSale/txt_StoredCredentialIndicator'

2021-06-22 01:41:09 - [MESSAGE][PASSED] - Object 'Object Repository/VLink/Page_CCSale/txt_COFScheduledIndicator' is present

2021-06-22 01:41:10 - [MESSAGE][PASSED] - Text 'Unscheduled' is set on object 'Object Repository/VLink/Page_CCSale/txt_COFScheduledIndicator'

2021-06-22 01:41:10 - [MESSAGE][PASSED] - Object 'Object Repository/VLink/Page_CCSale/txt_COFTransactionInitiatedBy' is present

2021-06-22 01:41:11 - [MESSAGE][PASSED] - Text 'Customer' is set on object 'Object Repository/VLink/Page_CCSale/txt_COFTransactionInitiatedBy'

2021-06-22 01:41:14 - [MESSAGE][PASSED] - Object: 'Object Repository/VLink/Page_CCSale/btn_ProcessVLinkTransaction' is clicked on

2021-06-22 01:41:19 - [MESSAGE][PASSED] - vlinkPages.saleCCPage.setDataSCC is PASSED

2021-06-22 01:41:19 - [TEST_STEP][PASSED] - if (verifyTextPresent("Transaction approved, no errors", true)): null

2021-06-22 01:41:19 - [MESSAGE][PASSED] - Text 'Transaction approved, no errors' is present on page  using regular expression

2021-06-22 01:41:19 - [TEST_STEP][PASSED] - println("Transaction Approved, no errors text is present on the Confirmation page"): null

2021-06-22 01:41:19 - [TEST_STEP][PASSED] - out.println("Pass Record Number: " + row): null

2021-06-22 01:41:19 - [TEST_STEP][PASSED] - resText = "Pass": null

2021-06-22 01:41:19 - [TEST_STEP][PASSED] - pages.WriteExcel.demoKey(resText, datText, resColumn, datCloumn, fileLoc, nameSheet, row): pages.WriteExcel.demoKey is PASSED

2021-06-22 01:41:19 - [MESSAGE][PASSED] - pages.WriteExcel.demoKey is PASSED

2021-06-22 01:41:19 - [TEST_STEP][PASSED] - sdfo = getText(findTestObject("Object Repository/Page_VLinkReceipt/pre_STX")): Text of object 'Object Repository/Page_VLinkReceipt/pre_STX' is: '<STX>5IqLBAAzVe6l                  12098382            0  Transaction approved, no errors                   0                                                                                  XXOK1195   <ETX>'

2021-06-22 01:41:19 - [MESSAGE][PASSED] - Text of object 'Object Repository/Page_VLinkReceipt/pre_STX' is: '<STX>5IqLBAAzVe6l                  12098382            0  Transaction approved, no errors                   0                                                                                  XXOK1195   <ETX>'

2021-06-22 01:41:19 - [TEST_STEP][PASSED] - out.println("sdfo: " + sdfo): null

2021-06-22 01:41:19 - [TEST_STEP][PASSED] - remID = substring(5, 35).trim(): null

2021-06-22 01:41:19 - [TEST_STEP][PASSED] - out.println("Remittance ID: " + remID): null

2021-06-22 01:41:19 - [TEST_STEP][PASSED] - traxID = substring(35, 55).trim(): null

2021-06-22 01:41:19 - [TEST_STEP][PASSED] - out.println("Transaction ID: " + traxID): null

2021-06-22 01:41:19 - [TEST_STEP][PASSED] - out.println("End Record Number: " + row): null

2021-06-22 01:41:19 - [TEST_STEP][PASSED] - closeBrowser(): Browser is closed

2021-06-22 01:41:20 - [MESSAGE][PASSED] - Browser is closed

2021-06-22 01:41:20 - [TEST_STEP][PASSED] - out.println("Begin Record Number: " + row): null

2021-06-22 01:41:20 - [TEST_STEP][PASSED] - today = new java.util.Date(): null

2021-06-22 01:41:20 - [TEST_STEP][PASSED] - println(today): null

2021-06-22 01:41:20 - [TEST_STEP][PASSED] - datText = today: null

2021-06-22 01:41:20 - [TEST_STEP][PASSED] - openBrowser(VLinkURL + "authcap.html"): Browser is opened with url: 'https://dev-algorithm.govolution.com/vlinktest/QA/version_2_0/authcap.html'

2021-06-22 01:41:20 - [MESSAGE][INFO] - Starting 'Chrome' driver

2021-06-22 01:41:20 - [MESSAGE][INFO] - User set preference: ['acceptInsecureCerts', 'true']

2021-06-22 01:41:20 - [MESSAGE][INFO] - Action delay is set to 0 milliseconds

2021-06-22 01:41:22 - [MESSAGE][PASSED] - Browser is opened with url: 'https://dev-algorithm.govolution.com/vlinktest/QA/version_2_0/authcap.html'

2021-06-22 01:41:22 - [TEST_STEP][PASSED] - maximizeWindow(): Current window maximized

2021-06-22 01:41:22 - [MESSAGE][PASSED] - Current window maximized

2021-06-22 01:41:22 - [TEST_STEP][PASSED] - vlinkPages.saleCCPage.setDataSCC(row, dataFile): vlinkPages.saleCCPage.setDataSCC is PASSED

2021-06-22 01:41:24 - [MESSAGE][PASSED] - Object 'Object Repository/VLink/Page_CCSale/txt_CardNumber' is present

2021-06-22 01:41:24 - [MESSAGE][PASSED] - Object 'Object Repository/VLink/Page_CCSale/txt_TransactionType' is present

2021-06-22 01:41:25 - [MESSAGE][PASSED] - Text '104' is set on object 'Object Repository/VLink/Page_CCSale/txt_TransactionType'

2021-06-22 01:41:25 - [MESSAGE][PASSED] - Object 'Object Repository/VLink/Page_CCSale/txt_MessageVersion' is present

2021-06-22 01:41:26 - [MESSAGE][PASSED] - Text '2.0C' is set on object 'Object Repository/VLink/Page_CCSale/txt_MessageVersion'

2021-06-22 01:41:26 - [MESSAGE][PASSED] - Object 'Object Repository/VLink/Page_CCSale/txt_RemID' is present

2021-06-22 01:41:27 - [MESSAGE][PASSED] - Text 'Mg9ZFliCVR94' is set on object 'Object Repository/VLink/Page_CCSale/txt_RemID'

2021-06-22 01:41:27 - [MESSAGE][PASSED] - Object 'Object Repository/VLink/Page_CCSale/txt_ApplicationId' is present

2021-06-22 01:41:28 - [MESSAGE][PASSED] - Text '665' is set on object 'Object Repository/VLink/Page_CCSale/txt_ApplicationId'

2021-06-22 01:41:28 - [MESSAGE][PASSED] - Object 'Object Repository/VLink/Page_CCSale/txt_Username' is present

2021-06-22 01:41:29 - [MESSAGE][PASSED] - Text 'username' is set on object 'Object Repository/VLink/Page_CCSale/txt_Username'

2021-06-22 01:41:29 - [MESSAGE][PASSED] - Object 'Object Repository/VLink/Page_CCSale/txt_Password' is present

2021-06-22 01:41:30 - [MESSAGE][PASSED] - Text 'password' is set on object 'Object Repository/VLink/Page_CCSale/txt_Password'

2021-06-22 01:41:30 - [MESSAGE][PASSED] - Object 'Object Repository/VLink/Page_CCSale/txt_ResponseFormat' is present

2021-06-22 01:41:30 - [MESSAGE][PASSED] - Text 'fixed_width' is set on object 'Object Repository/VLink/Page_CCSale/txt_ResponseFormat'

2021-06-22 01:41:31 - [MESSAGE][PASSED] - Object 'Object Repository/VLink/Page_CCSale/txt_Category' is present

2021-06-22 01:41:31 - [MESSAGE][PASSED] - Text 'MOTO' is set on object 'Object Repository/VLink/Page_CCSale/txt_Category'

2021-06-22 01:41:32 - [MESSAGE][PASSED] - Object 'Object Repository/VLink/Page_CCSale/txt_TransactionID' is present

2021-06-22 01:41:32 - [MESSAGE][PASSED] - Text '' is set on object 'Object Repository/VLink/Page_CCSale/txt_TransactionID'

2021-06-22 01:41:33 - [MESSAGE][PASSED] - Object 'Object Repository/VLink/Page_CCSale/txt_ApprovalCode' is present

2021-06-22 01:41:33 - [MESSAGE][PASSED] - Text '' is set on object 'Object Repository/VLink/Page_CCSale/txt_ApprovalCode'

2021-06-22 01:41:34 - [MESSAGE][PASSED] - Object 'Object Repository/VLink/Page_CCSale/txt_CardName' is present

2021-06-22 01:41:34 - [MESSAGE][PASSED] - Text 'Roshan Maha' is set on object 'Object Repository/VLink/Page_CCSale/txt_CardName'

2021-06-22 01:41:35 - [MESSAGE][PASSED] - Object 'Object Repository/VLink/Page_CCSale/txt_AL1' is present

2021-06-22 01:41:35 - [MESSAGE][PASSED] - Text '12563 Bazaar road' is set on object 'Object Repository/VLink/Page_CCSale/txt_AL1'

2021-06-22 01:41:36 - [MESSAGE][PASSED] - Object 'Object Repository/VLink/Page_CCSale/txt_AL2' is present

2021-06-22 01:41:36 - [MESSAGE][PASSED] - Text '' is set on object 'Object Repository/VLink/Page_CCSale/txt_AL2'

2021-06-22 01:41:37 - [MESSAGE][PASSED] - Object 'Object Repository/VLink/Page_CCSale/txt_CardCity' is present

2021-06-22 01:41:37 - [MESSAGE][PASSED] - Text 'Crofton' is set on object 'Object Repository/VLink/Page_CCSale/txt_CardCity'

2021-06-22 01:41:38 - [MESSAGE][PASSED] - Object 'Object Repository/VLink/Page_CCSale/txt_CardState' is present

2021-06-22 01:41:38 - [MESSAGE][PASSED] - Text 'MD' is set on object 'Object Repository/VLink/Page_CCSale/txt_CardState'

2021-06-22 01:41:39 - [MESSAGE][PASSED] - Object 'Object Repository/VLink/Page_CCSale/txt_CardZIP' is present

2021-06-22 01:41:39 - [MESSAGE][PASSED] - Text '21114' is set on object 'Object Repository/VLink/Page_CCSale/txt_CardZIP'

2021-06-22 01:41:40 - [MESSAGE][PASSED] - Object 'Object Repository/VLink/Page_CCSale/txt_CountryID' is present

2021-06-22 01:41:40 - [MESSAGE][PASSED] - Text '' is set on object 'Object Repository/VLink/Page_CCSale/txt_CountryID'

2021-06-22 01:41:41 - [MESSAGE][PASSED] - Object 'Object Repository/VLink/Page_CCSale/txt_Amount' is present

2021-06-22 01:41:41 - [MESSAGE][PASSED] - Text '3.50' is set on object 'Object Repository/VLink/Page_CCSale/txt_Amount'

2021-06-22 01:41:42 - [MESSAGE][PASSED] - Object 'Object Repository/VLink/Page_CCSale/txt_CardNumber' is present

2021-06-22 01:41:42 - [MESSAGE][PASSED] - Text '370000000000002' is set on object 'Object Repository/VLink/Page_CCSale/txt_CardNumber'

2021-06-22 01:41:43 - [MESSAGE][PASSED] - Object 'Object Repository/VLink/Page_CCSale/txt_ExpMonth' is present

2021-06-22 01:41:43 - [MESSAGE][PASSED] - Text '01' is set on object 'Object Repository/VLink/Page_CCSale/txt_ExpMonth'

2021-06-22 01:41:44 - [MESSAGE][PASSED] - Object 'Object Repository/VLink/Page_CCSale/txt_ExpYear' is present

2021-06-22 01:41:44 - [MESSAGE][PASSED] - Text '2026' is set on object 'Object Repository/VLink/Page_CCSale/txt_ExpYear'

2021-06-22 01:41:45 - [MESSAGE][PASSED] - Object 'Object Repository/VLink/Page_CCSale/txt_CVV' is present

2021-06-22 01:41:45 - [MESSAGE][PASSED] - Text '' is set on object 'Object Repository/VLink/Page_CCSale/txt_CVV'

2021-06-22 01:41:46 - [MESSAGE][PASSED] - Object 'Object Repository/VLink/Page_CCSale/txt_CVVstate' is present

2021-06-22 01:41:46 - [MESSAGE][PASSED] - Text '' is set on object 'Object Repository/VLink/Page_CCSale/txt_CVVstate'

2021-06-22 01:41:47 - [MESSAGE][PASSED] - Object 'Object Repository/VLink/Page_CCSale/txt_TrackData' is present

2021-06-22 01:41:47 - [MESSAGE][PASSED] - Text '' is set on object 'Object Repository/VLink/Page_CCSale/txt_TrackData'

2021-06-22 01:41:48 - [MESSAGE][PASSED] - Object 'Object Repository/VLink/Page_CCSale/txt_Track1Data' is present

2021-06-22 01:41:48 - [MESSAGE][PASSED] - Text '' is set on object 'Object Repository/VLink/Page_CCSale/txt_Track1Data'

2021-06-22 01:41:49 - [MESSAGE][PASSED] - Object 'Object Repository/VLink/Page_CCSale/txt_Track2Data' is present

2021-06-22 01:41:49 - [MESSAGE][PASSED] - Text '' is set on object 'Object Repository/VLink/Page_CCSale/txt_Track2Data'

2021-06-22 01:41:49 - [MESSAGE][PASSED] - Object 'Object Repository/VLink/Page_CCSale/txt_POSEntryMode' is present

2021-06-22 01:41:50 - [MESSAGE][PASSED] - Text 'manual' is set on object 'Object Repository/VLink/Page_CCSale/txt_POSEntryMode'

2021-06-22 01:41:51 - [MESSAGE][PASSED] - Object 'Object Repository/VLink/Page_CCSale/txt_Email' is present

2021-06-22 01:41:51 - [MESSAGE][PASSED] - Text '' is set on object 'Object Repository/VLink/Page_CCSale/txt_Email'

2021-06-22 01:41:52 - [MESSAGE][PASSED] - Object 'Object Repository/VLink/Page_CCSale/txt_OrderNumber' is present

2021-06-22 01:41:52 - [MESSAGE][PASSED] - Text '' is set on object 'Object Repository/VLink/Page_CCSale/txt_OrderNumber'

2021-06-22 01:41:53 - [MESSAGE][PASSED] - Object 'Object Repository/VLink/Page_CCSale/txt_TaxAmount' is present

2021-06-22 01:41:53 - [MESSAGE][PASSED] - Text '' is set on object 'Object Repository/VLink/Page_CCSale/txt_TaxAmount'

2021-06-22 01:41:53 - [MESSAGE][PASSED] - Object 'Object Repository/VLink/Page_CCSale/txt_ChargeDescription' is present

2021-06-22 01:41:54 - [MESSAGE][PASSED] - Text '' is set on object 'Object Repository/VLink/Page_CCSale/txt_ChargeDescription'

2021-06-22 01:41:54 - [MESSAGE][PASSED] - Object 'Object Repository/VLink/Page_CCSale/txt_CAN' is present

2021-06-22 01:41:55 - [MESSAGE][PASSED] - Text '' is set on object 'Object Repository/VLink/Page_CCSale/txt_CAN'

2021-06-22 01:41:55 - [MESSAGE][PASSED] - Object 'Object Repository/VLink/Page_CCSale/txt_BillPaymentIndicator' is present

2021-06-22 01:41:56 - [MESSAGE][PASSED] - Text '' is set on object 'Object Repository/VLink/Page_CCSale/txt_BillPaymentIndicator'

2021-06-22 01:41:56 - [MESSAGE][PASSED] - Object 'Object Repository/VLink/Page_CCSale/txt_UDF1' is present

2021-06-22 01:41:57 - [MESSAGE][PASSED] - Text '' is set on object 'Object Repository/VLink/Page_CCSale/txt_UDF1'

2021-06-22 01:41:57 - [MESSAGE][PASSED] - Object 'Object Repository/VLink/Page_CCSale/txt_UDF2' is present

2021-06-22 01:41:58 - [MESSAGE][PASSED] - Text '' is set on object 'Object Repository/VLink/Page_CCSale/txt_UDF2'

2021-06-22 01:41:58 - [MESSAGE][PASSED] - Object 'Object Repository/VLink/Page_CCSale/txt_UDF3' is present

2021-06-22 01:41:59 - [MESSAGE][PASSED] - Text '' is set on object 'Object Repository/VLink/Page_CCSale/txt_UDF3'

2021-06-22 01:41:59 - [MESSAGE][PASSED] - Object 'Object Repository/VLink/Page_CCSale/txt_UDF4' is present

2021-06-22 01:42:00 - [MESSAGE][PASSED] - Text '' is set on object 'Object Repository/VLink/Page_CCSale/txt_UDF4'

2021-06-22 01:42:00 - [MESSAGE][PASSED] - Object 'Object Repository/VLink/Page_CCSale/txt_UDF5' is present

2021-06-22 01:42:01 - [MESSAGE][PASSED] - Text '' is set on object 'Object Repository/VLink/Page_CCSale/txt_UDF5'

2021-06-22 01:42:01 - [MESSAGE][PASSED] - Object 'Object Repository/VLink/Page_CCSale/txt_UDF6' is present

2021-06-22 01:42:02 - [MESSAGE][PASSED] - Text '' is set on object 'Object Repository/VLink/Page_CCSale/txt_UDF6'

2021-06-22 01:42:02 - [MESSAGE][PASSED] - Object 'Object Repository/VLink/Page_CCSale/txt_UDF7' is present

2021-06-22 01:42:03 - [MESSAGE][PASSED] - Text '' is set on object 'Object Repository/VLink/Page_CCSale/txt_UDF7'

2021-06-22 01:42:03 - [MESSAGE][PASSED] - Object 'Object Repository/VLink/Page_CCSale/txt_UDF8' is present

2021-06-22 01:42:04 - [MESSAGE][PASSED] - Text '' is set on object 'Object Repository/VLink/Page_CCSale/txt_UDF8'

2021-06-22 01:42:04 - [MESSAGE][PASSED] - Object 'Object Repository/VLink/Page_CCSale/txt_UDF9' is present

2021-06-22 01:42:05 - [MESSAGE][PASSED] - Text '' is set on object 'Object Repository/VLink/Page_CCSale/txt_UDF9'

2021-06-22 01:42:05 - [MESSAGE][PASSED] - Object 'Object Repository/VLink/Page_CCSale/txt_UDF10' is present

2021-06-22 01:42:06 - [MESSAGE][PASSED] - Text '' is set on object 'Object Repository/VLink/Page_CCSale/txt_UDF10'

2021-06-22 01:42:06 - [MESSAGE][PASSED] - Object 'Object Repository/VLink/Page_CCSale/txt_CardOnFileIndicator' is present

2021-06-22 01:42:07 - [MESSAGE][PASSED] - Text '0' is set on object 'Object Repository/VLink/Page_CCSale/txt_CardOnFileIndicator'

2021-06-22 01:42:07 - [MESSAGE][PASSED] - Object 'Object Repository/VLink/Page_CCSale/txt_StoredCredentialIndicator' is present

2021-06-22 01:42:08 - [MESSAGE][PASSED] - Text 'Initial' is set on object 'Object Repository/VLink/Page_CCSale/txt_StoredCredentialIndicator'

2021-06-22 01:42:08 - [MESSAGE][PASSED] - Object 'Object Repository/VLink/Page_CCSale/txt_COFScheduledIndicator' is present

2021-06-22 01:42:09 - [MESSAGE][PASSED] - Text 'Unscheduled' is set on object 'Object Repository/VLink/Page_CCSale/txt_COFScheduledIndicator'

2021-06-22 01:42:09 - [MESSAGE][PASSED] - Object 'Object Repository/VLink/Page_CCSale/txt_COFTransactionInitiatedBy' is present

2021-06-22 01:42:10 - [MESSAGE][PASSED] - Text 'Customer' is set on object 'Object Repository/VLink/Page_CCSale/txt_COFTransactionInitiatedBy'

2021-06-22 01:42:13 - [MESSAGE][PASSED] - Object: 'Object Repository/VLink/Page_CCSale/btn_ProcessVLinkTransaction' is clicked on

2021-06-22 01:42:18 - [MESSAGE][PASSED] - vlinkPages.saleCCPage.setDataSCC is PASSED

2021-06-22 01:42:18 - [TEST_STEP][PASSED] - if (verifyTextPresent("Transaction approved, no errors", true)): null

2021-06-22 01:42:18 - [MESSAGE][PASSED] - Text 'Transaction approved, no errors' is present on page  using regular expression

2021-06-22 01:42:18 - [TEST_STEP][PASSED] - println("Transaction Approved, no errors text is present on the Confirmation page"): null

2021-06-22 01:42:18 - [TEST_STEP][PASSED] - out.println("Pass Record Number: " + row): null

2021-06-22 01:42:18 - [TEST_STEP][PASSED] - resText = "Pass": null

2021-06-22 01:42:18 - [TEST_STEP][PASSED] - pages.WriteExcel.demoKey(resText, datText, resColumn, datCloumn, fileLoc, nameSheet, row): pages.WriteExcel.demoKey is PASSED

2021-06-22 01:42:18 - [MESSAGE][PASSED] - pages.WriteExcel.demoKey is PASSED

2021-06-22 01:42:18 - [TEST_STEP][PASSED] - sdfo = getText(findTestObject("Object Repository/Page_VLinkReceipt/pre_STX")): Text of object 'Object Repository/Page_VLinkReceipt/pre_STX' is: '<STX>Mg9ZFliCVR94                  12098383            0  Transaction approved, no errors                   0                                                                                  X OK1295   <ETX>'

2021-06-22 01:42:18 - [MESSAGE][PASSED] - Text of object 'Object Repository/Page_VLinkReceipt/pre_STX' is: '<STX>Mg9ZFliCVR94                  12098383            0  Transaction approved, no errors                   0                                                                                  X OK1295   <ETX>'

2021-06-22 01:42:18 - [TEST_STEP][PASSED] - out.println("sdfo: " + sdfo): null

2021-06-22 01:42:18 - [TEST_STEP][PASSED] - remID = substring(5, 35).trim(): null

2021-06-22 01:42:18 - [TEST_STEP][PASSED] - out.println("Remittance ID: " + remID): null

2021-06-22 01:42:18 - [TEST_STEP][PASSED] - traxID = substring(35, 55).trim(): null

2021-06-22 01:42:18 - [TEST_STEP][PASSED] - out.println("Transaction ID: " + traxID): null

2021-06-22 01:42:18 - [TEST_STEP][PASSED] - out.println("End Record Number: " + row): null

2021-06-22 01:42:18 - [TEST_STEP][PASSED] - closeBrowser(): Browser is closed

2021-06-22 01:42:19 - [MESSAGE][PASSED] - Browser is closed

2021-06-22 01:42:19 - [TEST_STEP][PASSED] - out.println("Begin Record Number: " + row): null

2021-06-22 01:42:19 - [TEST_STEP][PASSED] - today = new java.util.Date(): null

2021-06-22 01:42:19 - [TEST_STEP][PASSED] - println(today): null

2021-06-22 01:42:19 - [TEST_STEP][PASSED] - datText = today: null

2021-06-22 01:42:19 - [TEST_STEP][PASSED] - openBrowser(VLinkURL + "authcap.html"): Browser is opened with url: 'https://dev-algorithm.govolution.com/vlinktest/QA/version_2_0/authcap.html'

2021-06-22 01:42:19 - [MESSAGE][INFO] - Starting 'Chrome' driver

2021-06-22 01:42:19 - [MESSAGE][INFO] - User set preference: ['acceptInsecureCerts', 'true']

2021-06-22 01:42:19 - [MESSAGE][INFO] - Action delay is set to 0 milliseconds

2021-06-22 01:42:21 - [MESSAGE][PASSED] - Browser is opened with url: 'https://dev-algorithm.govolution.com/vlinktest/QA/version_2_0/authcap.html'

2021-06-22 01:42:21 - [TEST_STEP][PASSED] - maximizeWindow(): Current window maximized

2021-06-22 01:42:21 - [MESSAGE][PASSED] - Current window maximized

2021-06-22 01:42:21 - [TEST_STEP][PASSED] - vlinkPages.saleCCPage.setDataSCC(row, dataFile): vlinkPages.saleCCPage.setDataSCC is PASSED

2021-06-22 01:42:23 - [MESSAGE][PASSED] - Object 'Object Repository/VLink/Page_CCSale/txt_CardNumber' is present

2021-06-22 01:42:23 - [MESSAGE][PASSED] - Object 'Object Repository/VLink/Page_CCSale/txt_TransactionType' is present

2021-06-22 01:42:24 - [MESSAGE][PASSED] - Text '104' is set on object 'Object Repository/VLink/Page_CCSale/txt_TransactionType'

2021-06-22 01:42:24 - [MESSAGE][PASSED] - Object 'Object Repository/VLink/Page_CCSale/txt_MessageVersion' is present

2021-06-22 01:42:25 - [MESSAGE][PASSED] - Text '2.0C' is set on object 'Object Repository/VLink/Page_CCSale/txt_MessageVersion'

2021-06-22 01:42:25 - [MESSAGE][PASSED] - Object 'Object Repository/VLink/Page_CCSale/txt_RemID' is present

2021-06-22 01:42:26 - [MESSAGE][PASSED] - Text 'hcar2W8I0cKW' is set on object 'Object Repository/VLink/Page_CCSale/txt_RemID'

2021-06-22 01:42:26 - [MESSAGE][PASSED] - Object 'Object Repository/VLink/Page_CCSale/txt_ApplicationId' is present

2021-06-22 01:42:27 - [MESSAGE][PASSED] - Text '665' is set on object 'Object Repository/VLink/Page_CCSale/txt_ApplicationId'

2021-06-22 01:42:27 - [MESSAGE][PASSED] - Object 'Object Repository/VLink/Page_CCSale/txt_Username' is present

2021-06-22 01:42:27 - [MESSAGE][PASSED] - Text 'username' is set on object 'Object Repository/VLink/Page_CCSale/txt_Username'

2021-06-22 01:42:28 - [MESSAGE][PASSED] - Object 'Object Repository/VLink/Page_CCSale/txt_Password' is present

2021-06-22 01:42:28 - [MESSAGE][PASSED] - Text 'password' is set on object 'Object Repository/VLink/Page_CCSale/txt_Password'

2021-06-22 01:42:29 - [MESSAGE][PASSED] - Object 'Object Repository/VLink/Page_CCSale/txt_ResponseFormat' is present

2021-06-22 01:42:29 - [MESSAGE][PASSED] - Text 'fixed_width' is set on object 'Object Repository/VLink/Page_CCSale/txt_ResponseFormat'

2021-06-22 01:42:29 - [MESSAGE][PASSED] - Object 'Object Repository/VLink/Page_CCSale/txt_Category' is present

2021-06-22 01:42:30 - [MESSAGE][PASSED] - Text 'MOTO' is set on object 'Object Repository/VLink/Page_CCSale/txt_Category'

2021-06-22 01:42:30 - [MESSAGE][PASSED] - Object 'Object Repository/VLink/Page_CCSale/txt_TransactionID' is present

2021-06-22 01:42:31 - [MESSAGE][PASSED] - Text '' is set on object 'Object Repository/VLink/Page_CCSale/txt_TransactionID'

2021-06-22 01:42:31 - [MESSAGE][PASSED] - Object 'Object Repository/VLink/Page_CCSale/txt_ApprovalCode' is present

2021-06-22 01:42:32 - [MESSAGE][PASSED] - Text '' is set on object 'Object Repository/VLink/Page_CCSale/txt_ApprovalCode'

2021-06-22 01:42:32 - [MESSAGE][PASSED] - Object 'Object Repository/VLink/Page_CCSale/txt_CardName' is present

2021-06-22 01:42:33 - [MESSAGE][PASSED] - Text 'Kris Roshan' is set on object 'Object Repository/VLink/Page_CCSale/txt_CardName'

2021-06-22 01:42:33 - [MESSAGE][PASSED] - Object 'Object Repository/VLink/Page_CCSale/txt_AL1' is present

2021-06-22 01:42:34 - [MESSAGE][PASSED] - Text '258 Elm Road' is set on object 'Object Repository/VLink/Page_CCSale/txt_AL1'

2021-06-22 01:42:34 - [MESSAGE][PASSED] - Object 'Object Repository/VLink/Page_CCSale/txt_AL2' is present

2021-06-22 01:42:35 - [MESSAGE][PASSED] - Text 'Suite 56' is set on object 'Object Repository/VLink/Page_CCSale/txt_AL2'

2021-06-22 01:42:35 - [MESSAGE][PASSED] - Object 'Object Repository/VLink/Page_CCSale/txt_CardCity' is present

2021-06-22 01:42:36 - [MESSAGE][PASSED] - Text 'Arlington' is set on object 'Object Repository/VLink/Page_CCSale/txt_CardCity'

2021-06-22 01:42:36 - [MESSAGE][PASSED] - Object 'Object Repository/VLink/Page_CCSale/txt_CardState' is present

2021-06-22 01:42:37 - [MESSAGE][PASSED] - Text 'VA' is set on object 'Object Repository/VLink/Page_CCSale/txt_CardState'

2021-06-22 01:42:37 - [MESSAGE][PASSED] - Object 'Object Repository/VLink/Page_CCSale/txt_CardZIP' is present

2021-06-22 01:42:38 - [MESSAGE][PASSED] - Text '22201' is set on object 'Object Repository/VLink/Page_CCSale/txt_CardZIP'

2021-06-22 01:42:38 - [MESSAGE][PASSED] - Object 'Object Repository/VLink/Page_CCSale/txt_CountryID' is present

2021-06-22 01:42:39 - [MESSAGE][PASSED] - Text '840' is set on object 'Object Repository/VLink/Page_CCSale/txt_CountryID'

2021-06-22 01:42:39 - [MESSAGE][PASSED] - Object 'Object Repository/VLink/Page_CCSale/txt_Amount' is present

2021-06-22 01:42:40 - [MESSAGE][PASSED] - Text '1.50' is set on object 'Object Repository/VLink/Page_CCSale/txt_Amount'

2021-06-22 01:42:40 - [MESSAGE][PASSED] - Object 'Object Repository/VLink/Page_CCSale/txt_CardNumber' is present

2021-06-22 01:42:41 - [MESSAGE][PASSED] - Text '6011000000000004' is set on object 'Object Repository/VLink/Page_CCSale/txt_CardNumber'

2021-06-22 01:42:41 - [MESSAGE][PASSED] - Object 'Object Repository/VLink/Page_CCSale/txt_ExpMonth' is present

2021-06-22 01:42:42 - [MESSAGE][PASSED] - Text '12' is set on object 'Object Repository/VLink/Page_CCSale/txt_ExpMonth'

2021-06-22 01:42:42 - [MESSAGE][PASSED] - Object 'Object Repository/VLink/Page_CCSale/txt_ExpYear' is present

2021-06-22 01:42:43 - [MESSAGE][PASSED] - Text '2025' is set on object 'Object Repository/VLink/Page_CCSale/txt_ExpYear'

2021-06-22 01:42:43 - [MESSAGE][PASSED] - Object 'Object Repository/VLink/Page_CCSale/txt_CVV' is present

2021-06-22 01:42:44 - [MESSAGE][PASSED] - Text '' is set on object 'Object Repository/VLink/Page_CCSale/txt_CVV'

2021-06-22 01:42:44 - [MESSAGE][PASSED] - Object 'Object Repository/VLink/Page_CCSale/txt_CVVstate' is present

2021-06-22 01:42:45 - [MESSAGE][PASSED] - Text '' is set on object 'Object Repository/VLink/Page_CCSale/txt_CVVstate'

2021-06-22 01:42:45 - [MESSAGE][PASSED] - Object 'Object Repository/VLink/Page_CCSale/txt_TrackData' is present

2021-06-22 01:42:46 - [MESSAGE][PASSED] - Text '' is set on object 'Object Repository/VLink/Page_CCSale/txt_TrackData'

2021-06-22 01:42:46 - [MESSAGE][PASSED] - Object 'Object Repository/VLink/Page_CCSale/txt_Track1Data' is present

2021-06-22 01:42:47 - [MESSAGE][PASSED] - Text '' is set on object 'Object Repository/VLink/Page_CCSale/txt_Track1Data'

2021-06-22 01:42:47 - [MESSAGE][PASSED] - Object 'Object Repository/VLink/Page_CCSale/txt_Track2Data' is present

2021-06-22 01:42:48 - [MESSAGE][PASSED] - Text '' is set on object 'Object Repository/VLink/Page_CCSale/txt_Track2Data'

2021-06-22 01:42:48 - [MESSAGE][PASSED] - Object 'Object Repository/VLink/Page_CCSale/txt_POSEntryMode' is present

2021-06-22 01:42:49 - [MESSAGE][PASSED] - Text 'manual' is set on object 'Object Repository/VLink/Page_CCSale/txt_POSEntryMode'

2021-06-22 01:42:49 - [MESSAGE][PASSED] - Object 'Object Repository/VLink/Page_CCSale/txt_Email' is present

2021-06-22 01:42:50 - [MESSAGE][PASSED] - Text 'iahmed@govolution.com' is set on object 'Object Repository/VLink/Page_CCSale/txt_Email'

2021-06-22 01:42:50 - [MESSAGE][PASSED] - Object 'Object Repository/VLink/Page_CCSale/txt_OrderNumber' is present

2021-06-22 01:42:51 - [MESSAGE][PASSED] - Text '2569362' is set on object 'Object Repository/VLink/Page_CCSale/txt_OrderNumber'

2021-06-22 01:42:51 - [MESSAGE][PASSED] - Object 'Object Repository/VLink/Page_CCSale/txt_TaxAmount' is present

2021-06-22 01:42:52 - [MESSAGE][PASSED] - Text '1.15' is set on object 'Object Repository/VLink/Page_CCSale/txt_TaxAmount'

2021-06-22 01:42:52 - [MESSAGE][PASSED] - Object 'Object Repository/VLink/Page_CCSale/txt_ChargeDescription' is present

2021-06-22 01:42:53 - [MESSAGE][PASSED] - Text 'Charge Description' is set on object 'Object Repository/VLink/Page_CCSale/txt_ChargeDescription'

2021-06-22 01:42:53 - [MESSAGE][PASSED] - Object 'Object Repository/VLink/Page_CCSale/txt_CAN' is present

2021-06-22 01:42:54 - [MESSAGE][PASSED] - Text '147357' is set on object 'Object Repository/VLink/Page_CCSale/txt_CAN'

2021-06-22 01:42:54 - [MESSAGE][PASSED] - Object 'Object Repository/VLink/Page_CCSale/txt_BillPaymentIndicator' is present

2021-06-22 01:42:55 - [MESSAGE][PASSED] - Text '1' is set on object 'Object Repository/VLink/Page_CCSale/txt_BillPaymentIndicator'

2021-06-22 01:42:55 - [MESSAGE][PASSED] - Object 'Object Repository/VLink/Page_CCSale/txt_UDF1' is present

2021-06-22 01:42:56 - [MESSAGE][PASSED] - Text 'UDF Data 1' is set on object 'Object Repository/VLink/Page_CCSale/txt_UDF1'

2021-06-22 01:42:56 - [MESSAGE][PASSED] - Object 'Object Repository/VLink/Page_CCSale/txt_UDF2' is present

2021-06-22 01:42:57 - [MESSAGE][PASSED] - Text 'UDF Data 2' is set on object 'Object Repository/VLink/Page_CCSale/txt_UDF2'

2021-06-22 01:42:57 - [MESSAGE][PASSED] - Object 'Object Repository/VLink/Page_CCSale/txt_UDF3' is present

2021-06-22 01:42:58 - [MESSAGE][PASSED] - Text 'UDF Data 3' is set on object 'Object Repository/VLink/Page_CCSale/txt_UDF3'

2021-06-22 01:42:58 - [MESSAGE][PASSED] - Object 'Object Repository/VLink/Page_CCSale/txt_UDF4' is present

2021-06-22 01:42:59 - [MESSAGE][PASSED] - Text 'UDF Data 4' is set on object 'Object Repository/VLink/Page_CCSale/txt_UDF4'

2021-06-22 01:42:59 - [MESSAGE][PASSED] - Object 'Object Repository/VLink/Page_CCSale/txt_UDF5' is present

2021-06-22 01:43:00 - [MESSAGE][PASSED] - Text 'UDF Data 5' is set on object 'Object Repository/VLink/Page_CCSale/txt_UDF5'

2021-06-22 01:43:00 - [MESSAGE][PASSED] - Object 'Object Repository/VLink/Page_CCSale/txt_UDF6' is present

2021-06-22 01:43:01 - [MESSAGE][PASSED] - Text 'UDF Data 6' is set on object 'Object Repository/VLink/Page_CCSale/txt_UDF6'

2021-06-22 01:43:01 - [MESSAGE][PASSED] - Object 'Object Repository/VLink/Page_CCSale/txt_UDF7' is present

2021-06-22 01:43:02 - [MESSAGE][PASSED] - Text 'UDF Data 7' is set on object 'Object Repository/VLink/Page_CCSale/txt_UDF7'

2021-06-22 01:43:02 - [MESSAGE][PASSED] - Object 'Object Repository/VLink/Page_CCSale/txt_UDF8' is present

2021-06-22 01:43:03 - [MESSAGE][PASSED] - Text 'UDF Data 8' is set on object 'Object Repository/VLink/Page_CCSale/txt_UDF8'

2021-06-22 01:43:03 - [MESSAGE][PASSED] - Object 'Object Repository/VLink/Page_CCSale/txt_UDF9' is present

2021-06-22 01:43:04 - [MESSAGE][PASSED] - Text 'UDF Data 9' is set on object 'Object Repository/VLink/Page_CCSale/txt_UDF9'

2021-06-22 01:43:04 - [MESSAGE][PASSED] - Object 'Object Repository/VLink/Page_CCSale/txt_UDF10' is present

2021-06-22 01:43:05 - [MESSAGE][PASSED] - Text 'UDF Data 10' is set on object 'Object Repository/VLink/Page_CCSale/txt_UDF10'

2021-06-22 01:43:05 - [MESSAGE][PASSED] - Object 'Object Repository/VLink/Page_CCSale/txt_CardOnFileIndicator' is present

2021-06-22 01:43:06 - [MESSAGE][PASSED] - Text '0' is set on object 'Object Repository/VLink/Page_CCSale/txt_CardOnFileIndicator'

2021-06-22 01:43:06 - [MESSAGE][PASSED] - Object 'Object Repository/VLink/Page_CCSale/txt_StoredCredentialIndicator' is present

2021-06-22 01:43:07 - [MESSAGE][PASSED] - Text 'Initial' is set on object 'Object Repository/VLink/Page_CCSale/txt_StoredCredentialIndicator'

2021-06-22 01:43:07 - [MESSAGE][PASSED] - Object 'Object Repository/VLink/Page_CCSale/txt_COFScheduledIndicator' is present

2021-06-22 01:43:08 - [MESSAGE][PASSED] - Text 'Unscheduled' is set on object 'Object Repository/VLink/Page_CCSale/txt_COFScheduledIndicator'

2021-06-22 01:43:08 - [MESSAGE][PASSED] - Object 'Object Repository/VLink/Page_CCSale/txt_COFTransactionInitiatedBy' is present

2021-06-22 01:43:09 - [MESSAGE][PASSED] - Text 'Customer' is set on object 'Object Repository/VLink/Page_CCSale/txt_COFTransactionInitiatedBy'

2021-06-22 01:43:12 - [MESSAGE][PASSED] - Object: 'Object Repository/VLink/Page_CCSale/btn_ProcessVLinkTransaction' is clicked on

2021-06-22 01:43:17 - [MESSAGE][PASSED] - vlinkPages.saleCCPage.setDataSCC is PASSED

2021-06-22 01:43:17 - [TEST_STEP][PASSED] - if (verifyTextPresent("Transaction approved, no errors", true)): null

2021-06-22 01:43:17 - [MESSAGE][PASSED] - Text 'Transaction approved, no errors' is present on page  using regular expression

2021-06-22 01:43:17 - [TEST_STEP][PASSED] - println("Transaction Approved, no errors text is present on the Confirmation page"): null

2021-06-22 01:43:17 - [TEST_STEP][PASSED] - out.println("Pass Record Number: " + row): null

2021-06-22 01:43:17 - [TEST_STEP][PASSED] - resText = "Pass": null

2021-06-22 01:43:17 - [TEST_STEP][PASSED] - pages.WriteExcel.demoKey(resText, datText, resColumn, datCloumn, fileLoc, nameSheet, row): pages.WriteExcel.demoKey is PASSED

2021-06-22 01:43:17 - [MESSAGE][PASSED] - pages.WriteExcel.demoKey is PASSED

2021-06-22 01:43:17 - [TEST_STEP][PASSED] - sdfo = getText(findTestObject("Object Repository/Page_VLinkReceipt/pre_STX")): Text of object 'Object Repository/Page_VLinkReceipt/pre_STX' is: '<STX>hcar2W8I0cKW                  12098384            0  Transaction approved, no errors                   0                                                                                  XXOK1495   <ETX>'

2021-06-22 01:43:18 - [MESSAGE][PASSED] - Text of object 'Object Repository/Page_VLinkReceipt/pre_STX' is: '<STX>hcar2W8I0cKW                  12098384            0  Transaction approved, no errors                   0                                                                                  XXOK1495   <ETX>'

2021-06-22 01:43:18 - [TEST_STEP][PASSED] - out.println("sdfo: " + sdfo): null

2021-06-22 01:43:18 - [TEST_STEP][PASSED] - remID = substring(5, 35).trim(): null

2021-06-22 01:43:18 - [TEST_STEP][PASSED] - out.println("Remittance ID: " + remID): null

2021-06-22 01:43:18 - [TEST_STEP][PASSED] - traxID = substring(35, 55).trim(): null

2021-06-22 01:43:18 - [TEST_STEP][PASSED] - out.println("Transaction ID: " + traxID): null

2021-06-22 01:43:18 - [TEST_STEP][PASSED] - out.println("End Record Number: " + row): null

2021-06-22 01:43:18 - [TEST_STEP][PASSED] - closeBrowser(): Browser is closed

2021-06-22 01:43:18 - [MESSAGE][PASSED] - Browser is closed

2021-06-22 01:43:18 - [TEST_STEP][PASSED] - out.println("Begin Record Number: " + row): null

2021-06-22 01:43:18 - [TEST_STEP][PASSED] - today = new java.util.Date(): null

2021-06-22 01:43:18 - [TEST_STEP][PASSED] - println(today): null

2021-06-22 01:43:18 - [TEST_STEP][PASSED] - datText = today: null

2021-06-22 01:43:18 - [TEST_STEP][PASSED] - openBrowser(VLinkURL + "authcap.html"): Browser is opened with url: 'https://dev-algorithm.govolution.com/vlinktest/QA/version_2_0/authcap.html'

2021-06-22 01:43:18 - [MESSAGE][INFO] - Starting 'Chrome' driver

2021-06-22 01:43:18 - [MESSAGE][INFO] - User set preference: ['acceptInsecureCerts', 'true']

2021-06-22 01:43:18 - [MESSAGE][INFO] - Action delay is set to 0 milliseconds

2021-06-22 01:43:20 - [MESSAGE][PASSED] - Browser is opened with url: 'https://dev-algorithm.govolution.com/vlinktest/QA/version_2_0/authcap.html'

2021-06-22 01:43:20 - [TEST_STEP][PASSED] - maximizeWindow(): Current window maximized

2021-06-22 01:43:20 - [MESSAGE][PASSED] - Current window maximized

2021-06-22 01:43:20 - [TEST_STEP][PASSED] - vlinkPages.saleCCPage.setDataSCC(row, dataFile): vlinkPages.saleCCPage.setDataSCC is PASSED

2021-06-22 01:43:22 - [MESSAGE][PASSED] - Object 'Object Repository/VLink/Page_CCSale/txt_CardNumber' is present

2021-06-22 01:43:22 - [MESSAGE][PASSED] - Object 'Object Repository/VLink/Page_CCSale/txt_TransactionType' is present

2021-06-22 01:43:23 - [MESSAGE][PASSED] - Text '104' is set on object 'Object Repository/VLink/Page_CCSale/txt_TransactionType'

2021-06-22 01:43:23 - [MESSAGE][PASSED] - Object 'Object Repository/VLink/Page_CCSale/txt_MessageVersion' is present

2021-06-22 01:43:24 - [MESSAGE][PASSED] - Text '2.0C' is set on object 'Object Repository/VLink/Page_CCSale/txt_MessageVersion'

2021-06-22 01:43:24 - [MESSAGE][PASSED] - Object 'Object Repository/VLink/Page_CCSale/txt_RemID' is present

2021-06-22 01:43:25 - [MESSAGE][PASSED] - Text '0hzr0VOciHya' is set on object 'Object Repository/VLink/Page_CCSale/txt_RemID'

2021-06-22 01:43:25 - [MESSAGE][PASSED] - Object 'Object Repository/VLink/Page_CCSale/txt_ApplicationId' is present

2021-06-22 01:43:26 - [MESSAGE][PASSED] - Text '665' is set on object 'Object Repository/VLink/Page_CCSale/txt_ApplicationId'

2021-06-22 01:43:26 - [MESSAGE][PASSED] - Object 'Object Repository/VLink/Page_CCSale/txt_Username' is present

2021-06-22 01:43:27 - [MESSAGE][PASSED] - Text 'username' is set on object 'Object Repository/VLink/Page_CCSale/txt_Username'

2021-06-22 01:43:27 - [MESSAGE][PASSED] - Object 'Object Repository/VLink/Page_CCSale/txt_Password' is present

2021-06-22 01:43:28 - [MESSAGE][PASSED] - Text 'password' is set on object 'Object Repository/VLink/Page_CCSale/txt_Password'

2021-06-22 01:43:28 - [MESSAGE][PASSED] - Object 'Object Repository/VLink/Page_CCSale/txt_ResponseFormat' is present

2021-06-22 01:43:28 - [MESSAGE][PASSED] - Text 'fixed_width' is set on object 'Object Repository/VLink/Page_CCSale/txt_ResponseFormat'

2021-06-22 01:43:29 - [MESSAGE][PASSED] - Object 'Object Repository/VLink/Page_CCSale/txt_Category' is present

2021-06-22 01:43:29 - [MESSAGE][PASSED] - Text 'RETL' is set on object 'Object Repository/VLink/Page_CCSale/txt_Category'

2021-06-22 01:43:30 - [MESSAGE][PASSED] - Object 'Object Repository/VLink/Page_CCSale/txt_TransactionID' is present

2021-06-22 01:43:30 - [MESSAGE][PASSED] - Text '' is set on object 'Object Repository/VLink/Page_CCSale/txt_TransactionID'

2021-06-22 01:43:31 - [MESSAGE][PASSED] - Object 'Object Repository/VLink/Page_CCSale/txt_ApprovalCode' is present

2021-06-22 01:43:31 - [MESSAGE][PASSED] - Text '' is set on object 'Object Repository/VLink/Page_CCSale/txt_ApprovalCode'

2021-06-22 01:43:32 - [MESSAGE][PASSED] - Object 'Object Repository/VLink/Page_CCSale/txt_CardName' is present

2021-06-22 01:43:32 - [MESSAGE][PASSED] - Text 'Roshan Maha' is set on object 'Object Repository/VLink/Page_CCSale/txt_CardName'

2021-06-22 01:43:33 - [MESSAGE][PASSED] - Object 'Object Repository/VLink/Page_CCSale/txt_AL1' is present

2021-06-22 01:43:33 - [MESSAGE][PASSED] - Text '12563 Bazaar road' is set on object 'Object Repository/VLink/Page_CCSale/txt_AL1'

2021-06-22 01:43:34 - [MESSAGE][PASSED] - Object 'Object Repository/VLink/Page_CCSale/txt_AL2' is present

2021-06-22 01:43:34 - [MESSAGE][PASSED] - Text '' is set on object 'Object Repository/VLink/Page_CCSale/txt_AL2'

2021-06-22 01:43:34 - [MESSAGE][PASSED] - Object 'Object Repository/VLink/Page_CCSale/txt_CardCity' is present

2021-06-22 01:43:35 - [MESSAGE][PASSED] - Text 'Crofton' is set on object 'Object Repository/VLink/Page_CCSale/txt_CardCity'

2021-06-22 01:43:36 - [MESSAGE][PASSED] - Object 'Object Repository/VLink/Page_CCSale/txt_CardState' is present

2021-06-22 01:43:36 - [MESSAGE][PASSED] - Text 'MD' is set on object 'Object Repository/VLink/Page_CCSale/txt_CardState'

2021-06-22 01:43:36 - [MESSAGE][PASSED] - Object 'Object Repository/VLink/Page_CCSale/txt_CardZIP' is present

2021-06-22 01:43:37 - [MESSAGE][PASSED] - Text '21114' is set on object 'Object Repository/VLink/Page_CCSale/txt_CardZIP'

2021-06-22 01:43:38 - [MESSAGE][PASSED] - Object 'Object Repository/VLink/Page_CCSale/txt_CountryID' is present

2021-06-22 01:43:38 - [MESSAGE][PASSED] - Text '' is set on object 'Object Repository/VLink/Page_CCSale/txt_CountryID'

2021-06-22 01:43:39 - [MESSAGE][PASSED] - Object 'Object Repository/VLink/Page_CCSale/txt_Amount' is present

2021-06-22 01:43:39 - [MESSAGE][PASSED] - Text '3.50' is set on object 'Object Repository/VLink/Page_CCSale/txt_Amount'

2021-06-22 01:43:39 - [MESSAGE][PASSED] - Object 'Object Repository/VLink/Page_CCSale/txt_CardNumber' is present

2021-06-22 01:43:40 - [MESSAGE][PASSED] - Text '4111111111111111' is set on object 'Object Repository/VLink/Page_CCSale/txt_CardNumber'

2021-06-22 01:43:40 - [MESSAGE][PASSED] - Object 'Object Repository/VLink/Page_CCSale/txt_ExpMonth' is present

2021-06-22 01:43:41 - [MESSAGE][PASSED] - Text '01' is set on object 'Object Repository/VLink/Page_CCSale/txt_ExpMonth'

2021-06-22 01:43:41 - [MESSAGE][PASSED] - Object 'Object Repository/VLink/Page_CCSale/txt_ExpYear' is present

2021-06-22 01:43:42 - [MESSAGE][PASSED] - Text '2026' is set on object 'Object Repository/VLink/Page_CCSale/txt_ExpYear'

2021-06-22 01:43:42 - [MESSAGE][PASSED] - Object 'Object Repository/VLink/Page_CCSale/txt_CVV' is present

2021-06-22 01:43:43 - [MESSAGE][PASSED] - Text '' is set on object 'Object Repository/VLink/Page_CCSale/txt_CVV'

2021-06-22 01:43:43 - [MESSAGE][PASSED] - Object 'Object Repository/VLink/Page_CCSale/txt_CVVstate' is present

2021-06-22 01:43:44 - [MESSAGE][PASSED] - Text '' is set on object 'Object Repository/VLink/Page_CCSale/txt_CVVstate'

2021-06-22 01:43:44 - [MESSAGE][PASSED] - Object 'Object Repository/VLink/Page_CCSale/txt_TrackData' is present

2021-06-22 01:43:45 - [MESSAGE][PASSED] - Text '' is set on object 'Object Repository/VLink/Page_CCSale/txt_TrackData'

2021-06-22 01:43:45 - [MESSAGE][PASSED] - Object 'Object Repository/VLink/Page_CCSale/txt_Track1Data' is present

2021-06-22 01:43:46 - [MESSAGE][PASSED] - Text '' is set on object 'Object Repository/VLink/Page_CCSale/txt_Track1Data'

2021-06-22 01:43:46 - [MESSAGE][PASSED] - Object 'Object Repository/VLink/Page_CCSale/txt_Track2Data' is present

2021-06-22 01:43:47 - [MESSAGE][PASSED] - Text '' is set on object 'Object Repository/VLink/Page_CCSale/txt_Track2Data'

2021-06-22 01:43:47 - [MESSAGE][PASSED] - Object 'Object Repository/VLink/Page_CCSale/txt_POSEntryMode' is present

2021-06-22 01:43:48 - [MESSAGE][PASSED] - Text 'manual' is set on object 'Object Repository/VLink/Page_CCSale/txt_POSEntryMode'

2021-06-22 01:43:48 - [MESSAGE][PASSED] - Object 'Object Repository/VLink/Page_CCSale/txt_Email' is present

2021-06-22 01:43:49 - [MESSAGE][PASSED] - Text '' is set on object 'Object Repository/VLink/Page_CCSale/txt_Email'

2021-06-22 01:43:49 - [MESSAGE][PASSED] - Object 'Object Repository/VLink/Page_CCSale/txt_OrderNumber' is present

2021-06-22 01:43:50 - [MESSAGE][PASSED] - Text '' is set on object 'Object Repository/VLink/Page_CCSale/txt_OrderNumber'

2021-06-22 01:43:50 - [MESSAGE][PASSED] - Object 'Object Repository/VLink/Page_CCSale/txt_TaxAmount' is present

2021-06-22 01:43:51 - [MESSAGE][PASSED] - Text '' is set on object 'Object Repository/VLink/Page_CCSale/txt_TaxAmount'

2021-06-22 01:43:51 - [MESSAGE][PASSED] - Object 'Object Repository/VLink/Page_CCSale/txt_ChargeDescription' is present

2021-06-22 01:43:52 - [MESSAGE][PASSED] - Text '' is set on object 'Object Repository/VLink/Page_CCSale/txt_ChargeDescription'

2021-06-22 01:43:52 - [MESSAGE][PASSED] - Object 'Object Repository/VLink/Page_CCSale/txt_CAN' is present

2021-06-22 01:43:53 - [MESSAGE][PASSED] - Text '' is set on object 'Object Repository/VLink/Page_CCSale/txt_CAN'

2021-06-22 01:43:53 - [MESSAGE][PASSED] - Object 'Object Repository/VLink/Page_CCSale/txt_BillPaymentIndicator' is present

2021-06-22 01:43:54 - [MESSAGE][PASSED] - Text '' is set on object 'Object Repository/VLink/Page_CCSale/txt_BillPaymentIndicator'

2021-06-22 01:43:54 - [MESSAGE][PASSED] - Object 'Object Repository/VLink/Page_CCSale/txt_UDF1' is present

2021-06-22 01:43:55 - [MESSAGE][PASSED] - Text '' is set on object 'Object Repository/VLink/Page_CCSale/txt_UDF1'

2021-06-22 01:43:55 - [MESSAGE][PASSED] - Object 'Object Repository/VLink/Page_CCSale/txt_UDF2' is present

2021-06-22 01:43:56 - [MESSAGE][PASSED] - Text '' is set on object 'Object Repository/VLink/Page_CCSale/txt_UDF2'

2021-06-22 01:43:56 - [MESSAGE][PASSED] - Object 'Object Repository/VLink/Page_CCSale/txt_UDF3' is present

2021-06-22 01:43:57 - [MESSAGE][PASSED] - Text '' is set on object 'Object Repository/VLink/Page_CCSale/txt_UDF3'

2021-06-22 01:43:57 - [MESSAGE][PASSED] - Object 'Object Repository/VLink/Page_CCSale/txt_UDF4' is present

2021-06-22 01:43:58 - [MESSAGE][PASSED] - Text '' is set on object 'Object Repository/VLink/Page_CCSale/txt_UDF4'

2021-06-22 01:43:58 - [MESSAGE][PASSED] - Object 'Object Repository/VLink/Page_CCSale/txt_UDF5' is present

2021-06-22 01:43:59 - [MESSAGE][PASSED] - Text '' is set on object 'Object Repository/VLink/Page_CCSale/txt_UDF5'

2021-06-22 01:43:59 - [MESSAGE][PASSED] - Object 'Object Repository/VLink/Page_CCSale/txt_UDF6' is present

2021-06-22 01:44:00 - [MESSAGE][PASSED] - Text '' is set on object 'Object Repository/VLink/Page_CCSale/txt_UDF6'

2021-06-22 01:44:00 - [MESSAGE][PASSED] - Object 'Object Repository/VLink/Page_CCSale/txt_UDF7' is present

2021-06-22 01:44:01 - [MESSAGE][PASSED] - Text '' is set on object 'Object Repository/VLink/Page_CCSale/txt_UDF7'

2021-06-22 01:44:01 - [MESSAGE][PASSED] - Object 'Object Repository/VLink/Page_CCSale/txt_UDF8' is present

2021-06-22 01:44:02 - [MESSAGE][PASSED] - Text '' is set on object 'Object Repository/VLink/Page_CCSale/txt_UDF8'

2021-06-22 01:44:02 - [MESSAGE][PASSED] - Object 'Object Repository/VLink/Page_CCSale/txt_UDF9' is present

2021-06-22 01:44:03 - [MESSAGE][PASSED] - Text '' is set on object 'Object Repository/VLink/Page_CCSale/txt_UDF9'

2021-06-22 01:44:03 - [MESSAGE][PASSED] - Object 'Object Repository/VLink/Page_CCSale/txt_UDF10' is present

2021-06-22 01:44:04 - [MESSAGE][PASSED] - Text '' is set on object 'Object Repository/VLink/Page_CCSale/txt_UDF10'

2021-06-22 01:44:04 - [MESSAGE][PASSED] - Object 'Object Repository/VLink/Page_CCSale/txt_CardOnFileIndicator' is present

2021-06-22 01:44:05 - [MESSAGE][PASSED] - Text '0' is set on object 'Object Repository/VLink/Page_CCSale/txt_CardOnFileIndicator'

2021-06-22 01:44:05 - [MESSAGE][PASSED] - Object 'Object Repository/VLink/Page_CCSale/txt_StoredCredentialIndicator' is present

2021-06-22 01:44:06 - [MESSAGE][PASSED] - Text 'Initial' is set on object 'Object Repository/VLink/Page_CCSale/txt_StoredCredentialIndicator'

2021-06-22 01:44:06 - [MESSAGE][PASSED] - Object 'Object Repository/VLink/Page_CCSale/txt_COFScheduledIndicator' is present

2021-06-22 01:44:07 - [MESSAGE][PASSED] - Text 'Unscheduled' is set on object 'Object Repository/VLink/Page_CCSale/txt_COFScheduledIndicator'

2021-06-22 01:44:07 - [MESSAGE][PASSED] - Object 'Object Repository/VLink/Page_CCSale/txt_COFTransactionInitiatedBy' is present

2021-06-22 01:44:08 - [MESSAGE][PASSED] - Text 'Customer' is set on object 'Object Repository/VLink/Page_CCSale/txt_COFTransactionInitiatedBy'

2021-06-22 01:44:11 - [MESSAGE][PASSED] - Object: 'Object Repository/VLink/Page_CCSale/btn_ProcessVLinkTransaction' is clicked on

2021-06-22 01:44:16 - [MESSAGE][PASSED] - vlinkPages.saleCCPage.setDataSCC is PASSED

2021-06-22 01:44:16 - [TEST_STEP][PASSED] - if (verifyTextPresent("Transaction approved, no errors", true)): null

2021-06-22 01:44:16 - [MESSAGE][PASSED] - Text 'Transaction approved, no errors' is present on page  using regular expression

2021-06-22 01:44:16 - [TEST_STEP][PASSED] - println("Transaction Approved, no errors text is present on the Confirmation page"): null

2021-06-22 01:44:16 - [TEST_STEP][PASSED] - out.println("Pass Record Number: " + row): null

2021-06-22 01:44:16 - [TEST_STEP][PASSED] - resText = "Pass": null

2021-06-22 01:44:16 - [TEST_STEP][PASSED] - pages.WriteExcel.demoKey(resText, datText, resColumn, datCloumn, fileLoc, nameSheet, row): pages.WriteExcel.demoKey is PASSED

2021-06-22 01:44:16 - [MESSAGE][PASSED] - pages.WriteExcel.demoKey is PASSED

2021-06-22 01:44:16 - [TEST_STEP][PASSED] - sdfo = getText(findTestObject("Object Repository/Page_VLinkReceipt/pre_STX")): Text of object 'Object Repository/Page_VLinkReceipt/pre_STX' is: '<STX>0hzr0VOciHya                  12098385            0  Transaction approved, no errors                   0                                                                                  X OK1645   <ETX>'

2021-06-22 01:44:17 - [MESSAGE][PASSED] - Text of object 'Object Repository/Page_VLinkReceipt/pre_STX' is: '<STX>0hzr0VOciHya                  12098385            0  Transaction approved, no errors                   0                                                                                  X OK1645   <ETX>'

2021-06-22 01:44:17 - [TEST_STEP][PASSED] - out.println("sdfo: " + sdfo): null

2021-06-22 01:44:17 - [TEST_STEP][PASSED] - remID = substring(5, 35).trim(): null

2021-06-22 01:44:17 - [TEST_STEP][PASSED] - out.println("Remittance ID: " + remID): null

2021-06-22 01:44:17 - [TEST_STEP][PASSED] - traxID = substring(35, 55).trim(): null

2021-06-22 01:44:17 - [TEST_STEP][PASSED] - out.println("Transaction ID: " + traxID): null

2021-06-22 01:44:17 - [TEST_STEP][PASSED] - out.println("End Record Number: " + row): null

2021-06-22 01:44:17 - [TEST_STEP][PASSED] - closeBrowser(): Browser is closed

2021-06-22 01:44:17 - [MESSAGE][PASSED] - Browser is closed

2021-06-22 01:44:17 - [TEST_STEP][PASSED] - out.println("Begin Record Number: " + row): null

2021-06-22 01:44:17 - [TEST_STEP][PASSED] - today = new java.util.Date(): null

2021-06-22 01:44:17 - [TEST_STEP][PASSED] - println(today): null

2021-06-22 01:44:17 - [TEST_STEP][PASSED] - datText = today: null

2021-06-22 01:44:17 - [TEST_STEP][PASSED] - openBrowser(VLinkURL + "authcap.html"): Browser is opened with url: 'https://dev-algorithm.govolution.com/vlinktest/QA/version_2_0/authcap.html'

2021-06-22 01:44:17 - [MESSAGE][INFO] - Starting 'Chrome' driver

2021-06-22 01:44:17 - [MESSAGE][INFO] - User set preference: ['acceptInsecureCerts', 'true']

2021-06-22 01:44:17 - [MESSAGE][INFO] - Action delay is set to 0 milliseconds

2021-06-22 01:44:19 - [MESSAGE][PASSED] - Browser is opened with url: 'https://dev-algorithm.govolution.com/vlinktest/QA/version_2_0/authcap.html'

2021-06-22 01:44:19 - [TEST_STEP][PASSED] - maximizeWindow(): Current window maximized

2021-06-22 01:44:19 - [MESSAGE][PASSED] - Current window maximized

2021-06-22 01:44:19 - [TEST_STEP][PASSED] - vlinkPages.saleCCPage.setDataSCC(row, dataFile): vlinkPages.saleCCPage.setDataSCC is PASSED

2021-06-22 01:44:21 - [MESSAGE][PASSED] - Object 'Object Repository/VLink/Page_CCSale/txt_CardNumber' is present

2021-06-22 01:44:21 - [MESSAGE][PASSED] - Object 'Object Repository/VLink/Page_CCSale/txt_TransactionType' is present

2021-06-22 01:44:22 - [MESSAGE][PASSED] - Text '104' is set on object 'Object Repository/VLink/Page_CCSale/txt_TransactionType'

2021-06-22 01:44:22 - [MESSAGE][PASSED] - Object 'Object Repository/VLink/Page_CCSale/txt_MessageVersion' is present

2021-06-22 01:44:23 - [MESSAGE][PASSED] - Text '2.0C' is set on object 'Object Repository/VLink/Page_CCSale/txt_MessageVersion'

2021-06-22 01:44:23 - [MESSAGE][PASSED] - Object 'Object Repository/VLink/Page_CCSale/txt_RemID' is present

2021-06-22 01:44:24 - [MESSAGE][PASSED] - Text 'kZbzOyMfLT5B' is set on object 'Object Repository/VLink/Page_CCSale/txt_RemID'

2021-06-22 01:44:24 - [MESSAGE][PASSED] - Object 'Object Repository/VLink/Page_CCSale/txt_ApplicationId' is present

2021-06-22 01:44:25 - [MESSAGE][PASSED] - Text '665' is set on object 'Object Repository/VLink/Page_CCSale/txt_ApplicationId'

2021-06-22 01:44:25 - [MESSAGE][PASSED] - Object 'Object Repository/VLink/Page_CCSale/txt_Username' is present

2021-06-22 01:44:26 - [MESSAGE][PASSED] - Text 'username' is set on object 'Object Repository/VLink/Page_CCSale/txt_Username'

2021-06-22 01:44:26 - [MESSAGE][PASSED] - Object 'Object Repository/VLink/Page_CCSale/txt_Password' is present

2021-06-22 01:44:26 - [MESSAGE][PASSED] - Text 'password' is set on object 'Object Repository/VLink/Page_CCSale/txt_Password'

2021-06-22 01:44:27 - [MESSAGE][PASSED] - Object 'Object Repository/VLink/Page_CCSale/txt_ResponseFormat' is present

2021-06-22 01:44:27 - [MESSAGE][PASSED] - Text 'fixed_width' is set on object 'Object Repository/VLink/Page_CCSale/txt_ResponseFormat'

2021-06-22 01:44:28 - [MESSAGE][PASSED] - Object 'Object Repository/VLink/Page_CCSale/txt_Category' is present

2021-06-22 01:44:28 - [MESSAGE][PASSED] - Text 'RETL' is set on object 'Object Repository/VLink/Page_CCSale/txt_Category'

2021-06-22 01:44:29 - [MESSAGE][PASSED] - Object 'Object Repository/VLink/Page_CCSale/txt_TransactionID' is present

2021-06-22 01:44:29 - [MESSAGE][PASSED] - Text '' is set on object 'Object Repository/VLink/Page_CCSale/txt_TransactionID'

2021-06-22 01:44:29 - [MESSAGE][PASSED] - Object 'Object Repository/VLink/Page_CCSale/txt_ApprovalCode' is present

2021-06-22 01:44:30 - [MESSAGE][PASSED] - Text '' is set on object 'Object Repository/VLink/Page_CCSale/txt_ApprovalCode'

2021-06-22 01:44:30 - [MESSAGE][PASSED] - Object 'Object Repository/VLink/Page_CCSale/txt_CardName' is present

2021-06-22 01:44:31 - [MESSAGE][PASSED] - Text 'Kris Roshan' is set on object 'Object Repository/VLink/Page_CCSale/txt_CardName'

2021-06-22 01:44:31 - [MESSAGE][PASSED] - Object 'Object Repository/VLink/Page_CCSale/txt_AL1' is present

2021-06-22 01:44:32 - [MESSAGE][PASSED] - Text '258 Elm Road' is set on object 'Object Repository/VLink/Page_CCSale/txt_AL1'

2021-06-22 01:44:32 - [MESSAGE][PASSED] - Object 'Object Repository/VLink/Page_CCSale/txt_AL2' is present

2021-06-22 01:44:33 - [MESSAGE][PASSED] - Text 'Suite 56' is set on object 'Object Repository/VLink/Page_CCSale/txt_AL2'

2021-06-22 01:44:33 - [MESSAGE][PASSED] - Object 'Object Repository/VLink/Page_CCSale/txt_CardCity' is present

2021-06-22 01:44:34 - [MESSAGE][PASSED] - Text 'Arlington' is set on object 'Object Repository/VLink/Page_CCSale/txt_CardCity'

2021-06-22 01:44:34 - [MESSAGE][PASSED] - Object 'Object Repository/VLink/Page_CCSale/txt_CardState' is present

2021-06-22 01:44:35 - [MESSAGE][PASSED] - Text 'VA' is set on object 'Object Repository/VLink/Page_CCSale/txt_CardState'

2021-06-22 01:44:35 - [MESSAGE][PASSED] - Object 'Object Repository/VLink/Page_CCSale/txt_CardZIP' is present

2021-06-22 01:44:36 - [MESSAGE][PASSED] - Text '22201' is set on object 'Object Repository/VLink/Page_CCSale/txt_CardZIP'

2021-06-22 01:44:36 - [MESSAGE][PASSED] - Object 'Object Repository/VLink/Page_CCSale/txt_CountryID' is present

2021-06-22 01:44:37 - [MESSAGE][PASSED] - Text '840' is set on object 'Object Repository/VLink/Page_CCSale/txt_CountryID'

2021-06-22 01:44:37 - [MESSAGE][PASSED] - Object 'Object Repository/VLink/Page_CCSale/txt_Amount' is present

2021-06-22 01:44:38 - [MESSAGE][PASSED] - Text '1.50' is set on object 'Object Repository/VLink/Page_CCSale/txt_Amount'

2021-06-22 01:44:38 - [MESSAGE][PASSED] - Object 'Object Repository/VLink/Page_CCSale/txt_CardNumber' is present

2021-06-22 01:44:39 - [MESSAGE][PASSED] - Text '5424000000000015' is set on object 'Object Repository/VLink/Page_CCSale/txt_CardNumber'

2021-06-22 01:44:39 - [MESSAGE][PASSED] - Object 'Object Repository/VLink/Page_CCSale/txt_ExpMonth' is present

2021-06-22 01:44:40 - [MESSAGE][PASSED] - Text '12' is set on object 'Object Repository/VLink/Page_CCSale/txt_ExpMonth'

2021-06-22 01:44:40 - [MESSAGE][PASSED] - Object 'Object Repository/VLink/Page_CCSale/txt_ExpYear' is present

2021-06-22 01:44:41 - [MESSAGE][PASSED] - Text '2025' is set on object 'Object Repository/VLink/Page_CCSale/txt_ExpYear'

2021-06-22 01:44:41 - [MESSAGE][PASSED] - Object 'Object Repository/VLink/Page_CCSale/txt_CVV' is present

2021-06-22 01:44:42 - [MESSAGE][PASSED] - Text '' is set on object 'Object Repository/VLink/Page_CCSale/txt_CVV'

2021-06-22 01:44:42 - [MESSAGE][PASSED] - Object 'Object Repository/VLink/Page_CCSale/txt_CVVstate' is present

2021-06-22 01:44:43 - [MESSAGE][PASSED] - Text '' is set on object 'Object Repository/VLink/Page_CCSale/txt_CVVstate'

2021-06-22 01:44:43 - [MESSAGE][PASSED] - Object 'Object Repository/VLink/Page_CCSale/txt_TrackData' is present

2021-06-22 01:44:44 - [MESSAGE][PASSED] - Text '' is set on object 'Object Repository/VLink/Page_CCSale/txt_TrackData'

2021-06-22 01:44:44 - [MESSAGE][PASSED] - Object 'Object Repository/VLink/Page_CCSale/txt_Track1Data' is present

2021-06-22 01:44:45 - [MESSAGE][PASSED] - Text '' is set on object 'Object Repository/VLink/Page_CCSale/txt_Track1Data'

2021-06-22 01:44:45 - [MESSAGE][PASSED] - Object 'Object Repository/VLink/Page_CCSale/txt_Track2Data' is present

2021-06-22 01:44:46 - [MESSAGE][PASSED] - Text '' is set on object 'Object Repository/VLink/Page_CCSale/txt_Track2Data'

2021-06-22 01:44:46 - [MESSAGE][PASSED] - Object 'Object Repository/VLink/Page_CCSale/txt_POSEntryMode' is present

2021-06-22 01:44:47 - [MESSAGE][PASSED] - Text 'manual' is set on object 'Object Repository/VLink/Page_CCSale/txt_POSEntryMode'

2021-06-22 01:44:47 - [MESSAGE][PASSED] - Object 'Object Repository/VLink/Page_CCSale/txt_Email' is present

2021-06-22 01:44:48 - [MESSAGE][PASSED] - Text 'iahmed@govolution.com' is set on object 'Object Repository/VLink/Page_CCSale/txt_Email'

2021-06-22 01:44:48 - [MESSAGE][PASSED] - Object 'Object Repository/VLink/Page_CCSale/txt_OrderNumber' is present

2021-06-22 01:44:49 - [MESSAGE][PASSED] - Text '2569362' is set on object 'Object Repository/VLink/Page_CCSale/txt_OrderNumber'

2021-06-22 01:44:49 - [MESSAGE][PASSED] - Object 'Object Repository/VLink/Page_CCSale/txt_TaxAmount' is present

2021-06-22 01:44:50 - [MESSAGE][PASSED] - Text '1.15' is set on object 'Object Repository/VLink/Page_CCSale/txt_TaxAmount'

2021-06-22 01:44:50 - [MESSAGE][PASSED] - Object 'Object Repository/VLink/Page_CCSale/txt_ChargeDescription' is present

2021-06-22 01:44:51 - [MESSAGE][PASSED] - Text 'Charge Description' is set on object 'Object Repository/VLink/Page_CCSale/txt_ChargeDescription'

2021-06-22 01:44:51 - [MESSAGE][PASSED] - Object 'Object Repository/VLink/Page_CCSale/txt_CAN' is present

2021-06-22 01:44:52 - [MESSAGE][PASSED] - Text '147357' is set on object 'Object Repository/VLink/Page_CCSale/txt_CAN'

2021-06-22 01:44:52 - [MESSAGE][PASSED] - Object 'Object Repository/VLink/Page_CCSale/txt_BillPaymentIndicator' is present

2021-06-22 01:44:53 - [MESSAGE][PASSED] - Text '1' is set on object 'Object Repository/VLink/Page_CCSale/txt_BillPaymentIndicator'

2021-06-22 01:44:53 - [MESSAGE][PASSED] - Object 'Object Repository/VLink/Page_CCSale/txt_UDF1' is present

2021-06-22 01:44:54 - [MESSAGE][PASSED] - Text 'UDF Data 1' is set on object 'Object Repository/VLink/Page_CCSale/txt_UDF1'

2021-06-22 01:44:54 - [MESSAGE][PASSED] - Object 'Object Repository/VLink/Page_CCSale/txt_UDF2' is present

2021-06-22 01:44:55 - [MESSAGE][PASSED] - Text 'UDF Data 2' is set on object 'Object Repository/VLink/Page_CCSale/txt_UDF2'

2021-06-22 01:44:55 - [MESSAGE][PASSED] - Object 'Object Repository/VLink/Page_CCSale/txt_UDF3' is present

2021-06-22 01:44:56 - [MESSAGE][PASSED] - Text 'UDF Data 3' is set on object 'Object Repository/VLink/Page_CCSale/txt_UDF3'

2021-06-22 01:44:56 - [MESSAGE][PASSED] - Object 'Object Repository/VLink/Page_CCSale/txt_UDF4' is present

2021-06-22 01:44:57 - [MESSAGE][PASSED] - Text 'UDF Data 4' is set on object 'Object Repository/VLink/Page_CCSale/txt_UDF4'

2021-06-22 01:44:57 - [MESSAGE][PASSED] - Object 'Object Repository/VLink/Page_CCSale/txt_UDF5' is present

2021-06-22 01:44:58 - [MESSAGE][PASSED] - Text 'UDF Data 5' is set on object 'Object Repository/VLink/Page_CCSale/txt_UDF5'

2021-06-22 01:44:58 - [MESSAGE][PASSED] - Object 'Object Repository/VLink/Page_CCSale/txt_UDF6' is present

2021-06-22 01:44:59 - [MESSAGE][PASSED] - Text 'UDF Data 6' is set on object 'Object Repository/VLink/Page_CCSale/txt_UDF6'

2021-06-22 01:44:59 - [MESSAGE][PASSED] - Object 'Object Repository/VLink/Page_CCSale/txt_UDF7' is present

2021-06-22 01:45:00 - [MESSAGE][PASSED] - Text 'UDF Data 7' is set on object 'Object Repository/VLink/Page_CCSale/txt_UDF7'

2021-06-22 01:45:00 - [MESSAGE][PASSED] - Object 'Object Repository/VLink/Page_CCSale/txt_UDF8' is present

2021-06-22 01:45:01 - [MESSAGE][PASSED] - Text 'UDF Data 8' is set on object 'Object Repository/VLink/Page_CCSale/txt_UDF8'

2021-06-22 01:45:01 - [MESSAGE][PASSED] - Object 'Object Repository/VLink/Page_CCSale/txt_UDF9' is present

2021-06-22 01:45:02 - [MESSAGE][PASSED] - Text 'UDF Data 9' is set on object 'Object Repository/VLink/Page_CCSale/txt_UDF9'

2021-06-22 01:45:02 - [MESSAGE][PASSED] - Object 'Object Repository/VLink/Page_CCSale/txt_UDF10' is present

2021-06-22 01:45:03 - [MESSAGE][PASSED] - Text 'UDF Data 10' is set on object 'Object Repository/VLink/Page_CCSale/txt_UDF10'

2021-06-22 01:45:03 - [MESSAGE][PASSED] - Object 'Object Repository/VLink/Page_CCSale/txt_CardOnFileIndicator' is present

2021-06-22 01:45:04 - [MESSAGE][PASSED] - Text '0' is set on object 'Object Repository/VLink/Page_CCSale/txt_CardOnFileIndicator'

2021-06-22 01:45:04 - [MESSAGE][PASSED] - Object 'Object Repository/VLink/Page_CCSale/txt_StoredCredentialIndicator' is present

2021-06-22 01:45:05 - [MESSAGE][PASSED] - Text 'Initial' is set on object 'Object Repository/VLink/Page_CCSale/txt_StoredCredentialIndicator'

2021-06-22 01:45:05 - [MESSAGE][PASSED] - Object 'Object Repository/VLink/Page_CCSale/txt_COFScheduledIndicator' is present

2021-06-22 01:45:06 - [MESSAGE][PASSED] - Text 'Unscheduled' is set on object 'Object Repository/VLink/Page_CCSale/txt_COFScheduledIndicator'

2021-06-22 01:45:06 - [MESSAGE][PASSED] - Object 'Object Repository/VLink/Page_CCSale/txt_COFTransactionInitiatedBy' is present

2021-06-22 01:45:07 - [MESSAGE][PASSED] - Text 'Customer' is set on object 'Object Repository/VLink/Page_CCSale/txt_COFTransactionInitiatedBy'

2021-06-22 01:45:10 - [MESSAGE][PASSED] - Object: 'Object Repository/VLink/Page_CCSale/btn_ProcessVLinkTransaction' is clicked on

2021-06-22 01:45:15 - [MESSAGE][PASSED] - vlinkPages.saleCCPage.setDataSCC is PASSED

2021-06-22 01:45:15 - [TEST_STEP][PASSED] - if (verifyTextPresent("Transaction approved, no errors", true)): null

2021-06-22 01:45:15 - [MESSAGE][PASSED] - Text 'Transaction approved, no errors' is present on page  using regular expression

2021-06-22 01:45:15 - [TEST_STEP][PASSED] - println("Transaction Approved, no errors text is present on the Confirmation page"): null

2021-06-22 01:45:15 - [TEST_STEP][PASSED] - out.println("Pass Record Number: " + row): null

2021-06-22 01:45:15 - [TEST_STEP][PASSED] - resText = "Pass": null

2021-06-22 01:45:15 - [TEST_STEP][PASSED] - pages.WriteExcel.demoKey(resText, datText, resColumn, datCloumn, fileLoc, nameSheet, row): pages.WriteExcel.demoKey is PASSED

2021-06-22 01:45:15 - [MESSAGE][PASSED] - pages.WriteExcel.demoKey is PASSED

2021-06-22 01:45:15 - [TEST_STEP][PASSED] - sdfo = getText(findTestObject("Object Repository/Page_VLinkReceipt/pre_STX")): Text of object 'Object Repository/Page_VLinkReceipt/pre_STX' is: '<STX>kZbzOyMfLT5B                  12098386            0  Transaction approved, no errors                   0                                                                                  X OK1775   <ETX>'

2021-06-22 01:45:15 - [MESSAGE][PASSED] - Text of object 'Object Repository/Page_VLinkReceipt/pre_STX' is: '<STX>kZbzOyMfLT5B                  12098386            0  Transaction approved, no errors                   0                                                                                  X OK1775   <ETX>'

2021-06-22 01:45:15 - [TEST_STEP][PASSED] - out.println("sdfo: " + sdfo): null

2021-06-22 01:45:15 - [TEST_STEP][PASSED] - remID = substring(5, 35).trim(): null

2021-06-22 01:45:15 - [TEST_STEP][PASSED] - out.println("Remittance ID: " + remID): null

2021-06-22 01:45:15 - [TEST_STEP][PASSED] - traxID = substring(35, 55).trim(): null

2021-06-22 01:45:15 - [TEST_STEP][PASSED] - out.println("Transaction ID: " + traxID): null

2021-06-22 01:45:15 - [TEST_STEP][PASSED] - out.println("End Record Number: " + row): null

2021-06-22 01:45:15 - [TEST_STEP][PASSED] - closeBrowser(): Browser is closed

2021-06-22 01:45:16 - [MESSAGE][PASSED] - Browser is closed

2021-06-22 01:45:16 - [TEST_STEP][PASSED] - out.println("Begin Record Number: " + row): null

2021-06-22 01:45:16 - [TEST_STEP][PASSED] - today = new java.util.Date(): null

2021-06-22 01:45:16 - [TEST_STEP][PASSED] - println(today): null

2021-06-22 01:45:16 - [TEST_STEP][PASSED] - datText = today: null

2021-06-22 01:45:16 - [TEST_STEP][PASSED] - openBrowser(VLinkURL + "authcap.html"): Browser is opened with url: 'https://dev-algorithm.govolution.com/vlinktest/QA/version_2_0/authcap.html'

2021-06-22 01:45:16 - [MESSAGE][INFO] - Starting 'Chrome' driver

2021-06-22 01:45:16 - [MESSAGE][INFO] - User set preference: ['acceptInsecureCerts', 'true']

2021-06-22 01:45:16 - [MESSAGE][INFO] - Action delay is set to 0 milliseconds

2021-06-22 01:45:18 - [MESSAGE][PASSED] - Browser is opened with url: 'https://dev-algorithm.govolution.com/vlinktest/QA/version_2_0/authcap.html'

2021-06-22 01:45:18 - [TEST_STEP][PASSED] - maximizeWindow(): Current window maximized

2021-06-22 01:45:18 - [MESSAGE][PASSED] - Current window maximized

2021-06-22 01:45:18 - [TEST_STEP][PASSED] - vlinkPages.saleCCPage.setDataSCC(row, dataFile): vlinkPages.saleCCPage.setDataSCC is PASSED

2021-06-22 01:45:20 - [MESSAGE][PASSED] - Object 'Object Repository/VLink/Page_CCSale/txt_CardNumber' is present

2021-06-22 01:45:20 - [MESSAGE][PASSED] - Object 'Object Repository/VLink/Page_CCSale/txt_TransactionType' is present

2021-06-22 01:45:21 - [MESSAGE][PASSED] - Text '104' is set on object 'Object Repository/VLink/Page_CCSale/txt_TransactionType'

2021-06-22 01:45:21 - [MESSAGE][PASSED] - Object 'Object Repository/VLink/Page_CCSale/txt_MessageVersion' is present

2021-06-22 01:45:22 - [MESSAGE][PASSED] - Text '2.0C' is set on object 'Object Repository/VLink/Page_CCSale/txt_MessageVersion'

2021-06-22 01:45:22 - [MESSAGE][PASSED] - Object 'Object Repository/VLink/Page_CCSale/txt_RemID' is present

2021-06-22 01:45:23 - [MESSAGE][PASSED] - Text 'Dl24gIGcrx0L' is set on object 'Object Repository/VLink/Page_CCSale/txt_RemID'

2021-06-22 01:45:23 - [MESSAGE][PASSED] - Object 'Object Repository/VLink/Page_CCSale/txt_ApplicationId' is present

2021-06-22 01:45:24 - [MESSAGE][PASSED] - Text '665' is set on object 'Object Repository/VLink/Page_CCSale/txt_ApplicationId'

2021-06-22 01:45:24 - [MESSAGE][PASSED] - Object 'Object Repository/VLink/Page_CCSale/txt_Username' is present

2021-06-22 01:45:25 - [MESSAGE][PASSED] - Text 'username' is set on object 'Object Repository/VLink/Page_CCSale/txt_Username'

2021-06-22 01:45:25 - [MESSAGE][PASSED] - Object 'Object Repository/VLink/Page_CCSale/txt_Password' is present

2021-06-22 01:45:26 - [MESSAGE][PASSED] - Text 'password' is set on object 'Object Repository/VLink/Page_CCSale/txt_Password'

2021-06-22 01:45:26 - [MESSAGE][PASSED] - Object 'Object Repository/VLink/Page_CCSale/txt_ResponseFormat' is present

2021-06-22 01:45:27 - [MESSAGE][PASSED] - Text 'fixed_width' is set on object 'Object Repository/VLink/Page_CCSale/txt_ResponseFormat'

2021-06-22 01:45:27 - [MESSAGE][PASSED] - Object 'Object Repository/VLink/Page_CCSale/txt_Category' is present

2021-06-22 01:45:28 - [MESSAGE][PASSED] - Text 'RETL' is set on object 'Object Repository/VLink/Page_CCSale/txt_Category'

2021-06-22 01:45:28 - [MESSAGE][PASSED] - Object 'Object Repository/VLink/Page_CCSale/txt_TransactionID' is present

2021-06-22 01:45:29 - [MESSAGE][PASSED] - Text '' is set on object 'Object Repository/VLink/Page_CCSale/txt_TransactionID'

2021-06-22 01:45:29 - [MESSAGE][PASSED] - Object 'Object Repository/VLink/Page_CCSale/txt_ApprovalCode' is present

2021-06-22 01:45:30 - [MESSAGE][PASSED] - Text '' is set on object 'Object Repository/VLink/Page_CCSale/txt_ApprovalCode'

2021-06-22 01:45:30 - [MESSAGE][PASSED] - Object 'Object Repository/VLink/Page_CCSale/txt_CardName' is present

2021-06-22 01:45:31 - [MESSAGE][PASSED] - Text 'Roshan Maha' is set on object 'Object Repository/VLink/Page_CCSale/txt_CardName'

2021-06-22 01:45:32 - [MESSAGE][PASSED] - Object 'Object Repository/VLink/Page_CCSale/txt_AL1' is present

2021-06-22 01:45:32 - [MESSAGE][PASSED] - Text '12563 Bazaar road' is set on object 'Object Repository/VLink/Page_CCSale/txt_AL1'

2021-06-22 01:45:33 - [MESSAGE][PASSED] - Object 'Object Repository/VLink/Page_CCSale/txt_AL2' is present

2021-06-22 01:45:33 - [MESSAGE][PASSED] - Text '' is set on object 'Object Repository/VLink/Page_CCSale/txt_AL2'

2021-06-22 01:45:34 - [MESSAGE][PASSED] - Object 'Object Repository/VLink/Page_CCSale/txt_CardCity' is present

2021-06-22 01:45:34 - [MESSAGE][PASSED] - Text 'Crofton' is set on object 'Object Repository/VLink/Page_CCSale/txt_CardCity'

2021-06-22 01:45:35 - [MESSAGE][PASSED] - Object 'Object Repository/VLink/Page_CCSale/txt_CardState' is present

2021-06-22 01:45:36 - [MESSAGE][PASSED] - Text 'MD' is set on object 'Object Repository/VLink/Page_CCSale/txt_CardState'

2021-06-22 01:45:36 - [MESSAGE][PASSED] - Object 'Object Repository/VLink/Page_CCSale/txt_CardZIP' is present

2021-06-22 01:45:37 - [MESSAGE][PASSED] - Text '21114' is set on object 'Object Repository/VLink/Page_CCSale/txt_CardZIP'

2021-06-22 01:45:37 - [MESSAGE][PASSED] - Object 'Object Repository/VLink/Page_CCSale/txt_CountryID' is present

2021-06-22 01:45:38 - [MESSAGE][PASSED] - Text '' is set on object 'Object Repository/VLink/Page_CCSale/txt_CountryID'

2021-06-22 01:45:38 - [MESSAGE][PASSED] - Object 'Object Repository/VLink/Page_CCSale/txt_Amount' is present

2021-06-22 01:45:39 - [MESSAGE][PASSED] - Text '3.50' is set on object 'Object Repository/VLink/Page_CCSale/txt_Amount'

2021-06-22 01:45:39 - [MESSAGE][PASSED] - Object 'Object Repository/VLink/Page_CCSale/txt_CardNumber' is present

2021-06-22 01:45:40 - [MESSAGE][PASSED] - Text '370000000000002' is set on object 'Object Repository/VLink/Page_CCSale/txt_CardNumber'

2021-06-22 01:45:40 - [MESSAGE][PASSED] - Object 'Object Repository/VLink/Page_CCSale/txt_ExpMonth' is present

2021-06-22 01:45:41 - [MESSAGE][PASSED] - Text '01' is set on object 'Object Repository/VLink/Page_CCSale/txt_ExpMonth'

2021-06-22 01:45:41 - [MESSAGE][PASSED] - Object 'Object Repository/VLink/Page_CCSale/txt_ExpYear' is present

2021-06-22 01:45:42 - [MESSAGE][PASSED] - Text '2026' is set on object 'Object Repository/VLink/Page_CCSale/txt_ExpYear'

2021-06-22 01:45:42 - [MESSAGE][PASSED] - Object 'Object Repository/VLink/Page_CCSale/txt_CVV' is present

2021-06-22 01:45:43 - [MESSAGE][PASSED] - Text '' is set on object 'Object Repository/VLink/Page_CCSale/txt_CVV'

2021-06-22 01:45:43 - [MESSAGE][PASSED] - Object 'Object Repository/VLink/Page_CCSale/txt_CVVstate' is present

2021-06-22 01:45:44 - [MESSAGE][PASSED] - Text '' is set on object 'Object Repository/VLink/Page_CCSale/txt_CVVstate'

2021-06-22 01:45:44 - [MESSAGE][PASSED] - Object 'Object Repository/VLink/Page_CCSale/txt_TrackData' is present

2021-06-22 01:45:45 - [MESSAGE][PASSED] - Text '' is set on object 'Object Repository/VLink/Page_CCSale/txt_TrackData'

2021-06-22 01:45:46 - [MESSAGE][PASSED] - Object 'Object Repository/VLink/Page_CCSale/txt_Track1Data' is present

2021-06-22 01:45:46 - [MESSAGE][PASSED] - Text '' is set on object 'Object Repository/VLink/Page_CCSale/txt_Track1Data'

2021-06-22 01:45:47 - [MESSAGE][PASSED] - Object 'Object Repository/VLink/Page_CCSale/txt_Track2Data' is present

2021-06-22 01:45:47 - [MESSAGE][PASSED] - Text '' is set on object 'Object Repository/VLink/Page_CCSale/txt_Track2Data'

2021-06-22 01:45:48 - [MESSAGE][PASSED] - Object 'Object Repository/VLink/Page_CCSale/txt_POSEntryMode' is present

2021-06-22 01:45:48 - [MESSAGE][PASSED] - Text 'manual' is set on object 'Object Repository/VLink/Page_CCSale/txt_POSEntryMode'

2021-06-22 01:45:49 - [MESSAGE][PASSED] - Object 'Object Repository/VLink/Page_CCSale/txt_Email' is present

2021-06-22 01:45:50 - [MESSAGE][PASSED] - Text '' is set on object 'Object Repository/VLink/Page_CCSale/txt_Email'

2021-06-22 01:45:50 - [MESSAGE][PASSED] - Object 'Object Repository/VLink/Page_CCSale/txt_OrderNumber' is present

2021-06-22 01:45:51 - [MESSAGE][PASSED] - Text '' is set on object 'Object Repository/VLink/Page_CCSale/txt_OrderNumber'

2021-06-22 01:45:51 - [MESSAGE][PASSED] - Object 'Object Repository/VLink/Page_CCSale/txt_TaxAmount' is present

2021-06-22 01:45:52 - [MESSAGE][PASSED] - Text '' is set on object 'Object Repository/VLink/Page_CCSale/txt_TaxAmount'

2021-06-22 01:45:52 - [MESSAGE][PASSED] - Object 'Object Repository/VLink/Page_CCSale/txt_ChargeDescription' is present

2021-06-22 01:45:53 - [MESSAGE][PASSED] - Text '' is set on object 'Object Repository/VLink/Page_CCSale/txt_ChargeDescription'

2021-06-22 01:45:53 - [MESSAGE][PASSED] - Object 'Object Repository/VLink/Page_CCSale/txt_CAN' is present

2021-06-22 01:45:54 - [MESSAGE][PASSED] - Text '' is set on object 'Object Repository/VLink/Page_CCSale/txt_CAN'

2021-06-22 01:45:54 - [MESSAGE][PASSED] - Object 'Object Repository/VLink/Page_CCSale/txt_BillPaymentIndicator' is present

2021-06-22 01:45:55 - [MESSAGE][PASSED] - Text '' is set on object 'Object Repository/VLink/Page_CCSale/txt_BillPaymentIndicator'

2021-06-22 01:45:55 - [MESSAGE][PASSED] - Object 'Object Repository/VLink/Page_CCSale/txt_UDF1' is present

2021-06-22 01:45:56 - [MESSAGE][PASSED] - Text '' is set on object 'Object Repository/VLink/Page_CCSale/txt_UDF1'

2021-06-22 01:45:56 - [MESSAGE][PASSED] - Object 'Object Repository/VLink/Page_CCSale/txt_UDF2' is present

2021-06-22 01:45:57 - [MESSAGE][PASSED] - Text '' is set on object 'Object Repository/VLink/Page_CCSale/txt_UDF2'

2021-06-22 01:45:57 - [MESSAGE][PASSED] - Object 'Object Repository/VLink/Page_CCSale/txt_UDF3' is present

2021-06-22 01:45:58 - [MESSAGE][PASSED] - Text '' is set on object 'Object Repository/VLink/Page_CCSale/txt_UDF3'

2021-06-22 01:45:59 - [MESSAGE][PASSED] - Object 'Object Repository/VLink/Page_CCSale/txt_UDF4' is present

2021-06-22 01:45:59 - [MESSAGE][PASSED] - Text '' is set on object 'Object Repository/VLink/Page_CCSale/txt_UDF4'

2021-06-22 01:46:00 - [MESSAGE][PASSED] - Object 'Object Repository/VLink/Page_CCSale/txt_UDF5' is present

2021-06-22 01:46:00 - [MESSAGE][PASSED] - Text '' is set on object 'Object Repository/VLink/Page_CCSale/txt_UDF5'

2021-06-22 01:46:01 - [MESSAGE][PASSED] - Object 'Object Repository/VLink/Page_CCSale/txt_UDF6' is present

2021-06-22 01:46:01 - [MESSAGE][PASSED] - Text '' is set on object 'Object Repository/VLink/Page_CCSale/txt_UDF6'

2021-06-22 01:46:02 - [MESSAGE][PASSED] - Object 'Object Repository/VLink/Page_CCSale/txt_UDF7' is present

2021-06-22 01:46:03 - [MESSAGE][PASSED] - Text '' is set on object 'Object Repository/VLink/Page_CCSale/txt_UDF7'

2021-06-22 01:46:03 - [MESSAGE][PASSED] - Object 'Object Repository/VLink/Page_CCSale/txt_UDF8' is present

2021-06-22 01:46:03 - [MESSAGE][PASSED] - Text '' is set on object 'Object Repository/VLink/Page_CCSale/txt_UDF8'

2021-06-22 01:46:04 - [MESSAGE][PASSED] - Object 'Object Repository/VLink/Page_CCSale/txt_UDF9' is present

2021-06-22 01:46:04 - [MESSAGE][PASSED] - Text '' is set on object 'Object Repository/VLink/Page_CCSale/txt_UDF9'

2021-06-22 01:46:05 - [MESSAGE][PASSED] - Object 'Object Repository/VLink/Page_CCSale/txt_UDF10' is present

2021-06-22 01:46:06 - [MESSAGE][PASSED] - Text '' is set on object 'Object Repository/VLink/Page_CCSale/txt_UDF10'

2021-06-22 01:46:06 - [MESSAGE][PASSED] - Object 'Object Repository/VLink/Page_CCSale/txt_CardOnFileIndicator' is present

2021-06-22 01:46:07 - [MESSAGE][PASSED] - Text '0' is set on object 'Object Repository/VLink/Page_CCSale/txt_CardOnFileIndicator'

2021-06-22 01:46:07 - [MESSAGE][PASSED] - Object 'Object Repository/VLink/Page_CCSale/txt_StoredCredentialIndicator' is present

2021-06-22 01:46:08 - [MESSAGE][PASSED] - Text 'Initial' is set on object 'Object Repository/VLink/Page_CCSale/txt_StoredCredentialIndicator'

2021-06-22 01:46:08 - [MESSAGE][PASSED] - Object 'Object Repository/VLink/Page_CCSale/txt_COFScheduledIndicator' is present

2021-06-22 01:46:09 - [MESSAGE][PASSED] - Text 'Unscheduled' is set on object 'Object Repository/VLink/Page_CCSale/txt_COFScheduledIndicator'

2021-06-22 01:46:09 - [MESSAGE][PASSED] - Object 'Object Repository/VLink/Page_CCSale/txt_COFTransactionInitiatedBy' is present

2021-06-22 01:46:10 - [MESSAGE][PASSED] - Text 'Customer' is set on object 'Object Repository/VLink/Page_CCSale/txt_COFTransactionInitiatedBy'

2021-06-22 01:46:13 - [MESSAGE][PASSED] - Object: 'Object Repository/VLink/Page_CCSale/btn_ProcessVLinkTransaction' is clicked on

2021-06-22 01:46:18 - [MESSAGE][PASSED] - vlinkPages.saleCCPage.setDataSCC is PASSED

2021-06-22 01:46:18 - [TEST_STEP][PASSED] - if (verifyTextPresent("Transaction approved, no errors", true)): null

2021-06-22 01:46:18 - [MESSAGE][PASSED] - Text 'Transaction approved, no errors' is present on page  using regular expression

2021-06-22 01:46:18 - [TEST_STEP][PASSED] - println("Transaction Approved, no errors text is present on the Confirmation page"): null

2021-06-22 01:46:18 - [TEST_STEP][PASSED] - out.println("Pass Record Number: " + row): null

2021-06-22 01:46:18 - [TEST_STEP][PASSED] - resText = "Pass": null

2021-06-22 01:46:18 - [TEST_STEP][PASSED] - pages.WriteExcel.demoKey(resText, datText, resColumn, datCloumn, fileLoc, nameSheet, row): pages.WriteExcel.demoKey is PASSED

2021-06-22 01:46:18 - [MESSAGE][PASSED] - pages.WriteExcel.demoKey is PASSED

2021-06-22 01:46:18 - [TEST_STEP][PASSED] - sdfo = getText(findTestObject("Object Repository/Page_VLinkReceipt/pre_STX")): Text of object 'Object Repository/Page_VLinkReceipt/pre_STX' is: '<STX>Dl24gIGcrx0L                  12098387            0  Transaction approved, no errors                   0                                                                                  X OK1925   <ETX>'

2021-06-22 01:46:18 - [MESSAGE][PASSED] - Text of object 'Object Repository/Page_VLinkReceipt/pre_STX' is: '<STX>Dl24gIGcrx0L                  12098387            0  Transaction approved, no errors                   0                                                                                  X OK1925   <ETX>'

2021-06-22 01:46:18 - [TEST_STEP][PASSED] - out.println("sdfo: " + sdfo): null

2021-06-22 01:46:18 - [TEST_STEP][PASSED] - remID = substring(5, 35).trim(): null

2021-06-22 01:46:18 - [TEST_STEP][PASSED] - out.println("Remittance ID: " + remID): null

2021-06-22 01:46:18 - [TEST_STEP][PASSED] - traxID = substring(35, 55).trim(): null

2021-06-22 01:46:18 - [TEST_STEP][PASSED] - out.println("Transaction ID: " + traxID): null

2021-06-22 01:46:18 - [TEST_STEP][PASSED] - out.println("End Record Number: " + row): null

2021-06-22 01:46:18 - [TEST_STEP][PASSED] - closeBrowser(): Browser is closed

2021-06-22 01:46:19 - [MESSAGE][PASSED] - Browser is closed

2021-06-22 01:46:19 - [TEST_STEP][PASSED] - out.println("Begin Record Number: " + row): null

2021-06-22 01:46:19 - [TEST_STEP][PASSED] - today = new java.util.Date(): null

2021-06-22 01:46:19 - [TEST_STEP][PASSED] - println(today): null

2021-06-22 01:46:19 - [TEST_STEP][PASSED] - datText = today: null

2021-06-22 01:46:19 - [TEST_STEP][PASSED] - openBrowser(VLinkURL + "authcap.html"): Browser is opened with url: 'https://dev-algorithm.govolution.com/vlinktest/QA/version_2_0/authcap.html'

2021-06-22 01:46:19 - [MESSAGE][INFO] - Starting 'Chrome' driver

2021-06-22 01:46:19 - [MESSAGE][INFO] - User set preference: ['acceptInsecureCerts', 'true']

2021-06-22 01:46:19 - [MESSAGE][INFO] - Action delay is set to 0 milliseconds

2021-06-22 01:46:21 - [MESSAGE][PASSED] - Browser is opened with url: 'https://dev-algorithm.govolution.com/vlinktest/QA/version_2_0/authcap.html'

2021-06-22 01:46:21 - [TEST_STEP][PASSED] - maximizeWindow(): Current window maximized

2021-06-22 01:46:21 - [MESSAGE][PASSED] - Current window maximized

2021-06-22 01:46:21 - [TEST_STEP][PASSED] - vlinkPages.saleCCPage.setDataSCC(row, dataFile): vlinkPages.saleCCPage.setDataSCC is PASSED

2021-06-22 01:46:23 - [MESSAGE][PASSED] - Object 'Object Repository/VLink/Page_CCSale/txt_CardNumber' is present

2021-06-22 01:46:23 - [MESSAGE][PASSED] - Object 'Object Repository/VLink/Page_CCSale/txt_TransactionType' is present

2021-06-22 01:46:24 - [MESSAGE][PASSED] - Text '104' is set on object 'Object Repository/VLink/Page_CCSale/txt_TransactionType'

2021-06-22 01:46:24 - [MESSAGE][PASSED] - Object 'Object Repository/VLink/Page_CCSale/txt_MessageVersion' is present

2021-06-22 01:46:25 - [MESSAGE][PASSED] - Text '2.0C' is set on object 'Object Repository/VLink/Page_CCSale/txt_MessageVersion'

2021-06-22 01:46:25 - [MESSAGE][PASSED] - Object 'Object Repository/VLink/Page_CCSale/txt_RemID' is present

2021-06-22 01:46:26 - [MESSAGE][PASSED] - Text 'FlBtpqk7DqTg' is set on object 'Object Repository/VLink/Page_CCSale/txt_RemID'

2021-06-22 01:46:26 - [MESSAGE][PASSED] - Object 'Object Repository/VLink/Page_CCSale/txt_ApplicationId' is present

2021-06-22 01:46:27 - [MESSAGE][PASSED] - Text '665' is set on object 'Object Repository/VLink/Page_CCSale/txt_ApplicationId'

2021-06-22 01:46:27 - [MESSAGE][PASSED] - Object 'Object Repository/VLink/Page_CCSale/txt_Username' is present

2021-06-22 01:46:28 - [MESSAGE][PASSED] - Text 'username' is set on object 'Object Repository/VLink/Page_CCSale/txt_Username'

2021-06-22 01:46:28 - [MESSAGE][PASSED] - Object 'Object Repository/VLink/Page_CCSale/txt_Password' is present

2021-06-22 01:46:28 - [MESSAGE][PASSED] - Text 'password' is set on object 'Object Repository/VLink/Page_CCSale/txt_Password'

2021-06-22 01:46:29 - [MESSAGE][PASSED] - Object 'Object Repository/VLink/Page_CCSale/txt_ResponseFormat' is present

2021-06-22 01:46:29 - [MESSAGE][PASSED] - Text 'fixed_width' is set on object 'Object Repository/VLink/Page_CCSale/txt_ResponseFormat'

2021-06-22 01:46:30 - [MESSAGE][PASSED] - Object 'Object Repository/VLink/Page_CCSale/txt_Category' is present

2021-06-22 01:46:30 - [MESSAGE][PASSED] - Text 'RETL' is set on object 'Object Repository/VLink/Page_CCSale/txt_Category'

2021-06-22 01:46:31 - [MESSAGE][PASSED] - Object 'Object Repository/VLink/Page_CCSale/txt_TransactionID' is present

2021-06-22 01:46:31 - [MESSAGE][PASSED] - Text '' is set on object 'Object Repository/VLink/Page_CCSale/txt_TransactionID'

2021-06-22 01:46:32 - [MESSAGE][PASSED] - Object 'Object Repository/VLink/Page_CCSale/txt_ApprovalCode' is present

2021-06-22 01:46:32 - [MESSAGE][PASSED] - Text '' is set on object 'Object Repository/VLink/Page_CCSale/txt_ApprovalCode'

2021-06-22 01:46:32 - [MESSAGE][PASSED] - Object 'Object Repository/VLink/Page_CCSale/txt_CardName' is present

2021-06-22 01:46:33 - [MESSAGE][PASSED] - Text 'Kris Roshan' is set on object 'Object Repository/VLink/Page_CCSale/txt_CardName'

2021-06-22 01:46:33 - [MESSAGE][PASSED] - Object 'Object Repository/VLink/Page_CCSale/txt_AL1' is present

2021-06-22 01:46:34 - [MESSAGE][PASSED] - Text '258 Elm Road' is set on object 'Object Repository/VLink/Page_CCSale/txt_AL1'

2021-06-22 01:46:34 - [MESSAGE][PASSED] - Object 'Object Repository/VLink/Page_CCSale/txt_AL2' is present

2021-06-22 01:46:35 - [MESSAGE][PASSED] - Text 'Suite 56' is set on object 'Object Repository/VLink/Page_CCSale/txt_AL2'

2021-06-22 01:46:35 - [MESSAGE][PASSED] - Object 'Object Repository/VLink/Page_CCSale/txt_CardCity' is present

2021-06-22 01:46:36 - [MESSAGE][PASSED] - Text 'Arlington' is set on object 'Object Repository/VLink/Page_CCSale/txt_CardCity'

2021-06-22 01:46:36 - [MESSAGE][PASSED] - Object 'Object Repository/VLink/Page_CCSale/txt_CardState' is present

2021-06-22 01:46:37 - [MESSAGE][PASSED] - Text 'VA' is set on object 'Object Repository/VLink/Page_CCSale/txt_CardState'

2021-06-22 01:46:38 - [MESSAGE][PASSED] - Object 'Object Repository/VLink/Page_CCSale/txt_CardZIP' is present

2021-06-22 01:46:38 - [MESSAGE][PASSED] - Text '22201' is set on object 'Object Repository/VLink/Page_CCSale/txt_CardZIP'

2021-06-22 01:46:39 - [MESSAGE][PASSED] - Object 'Object Repository/VLink/Page_CCSale/txt_CountryID' is present

2021-06-22 01:46:39 - [MESSAGE][PASSED] - Text '840' is set on object 'Object Repository/VLink/Page_CCSale/txt_CountryID'

2021-06-22 01:46:39 - [MESSAGE][PASSED] - Object 'Object Repository/VLink/Page_CCSale/txt_Amount' is present

2021-06-22 01:46:40 - [MESSAGE][PASSED] - Text '1.50' is set on object 'Object Repository/VLink/Page_CCSale/txt_Amount'

2021-06-22 01:46:40 - [MESSAGE][PASSED] - Object 'Object Repository/VLink/Page_CCSale/txt_CardNumber' is present

2021-06-22 01:46:41 - [MESSAGE][PASSED] - Text '6011000000000004' is set on object 'Object Repository/VLink/Page_CCSale/txt_CardNumber'

2021-06-22 01:46:41 - [MESSAGE][PASSED] - Object 'Object Repository/VLink/Page_CCSale/txt_ExpMonth' is present

2021-06-22 01:46:42 - [MESSAGE][PASSED] - Text '12' is set on object 'Object Repository/VLink/Page_CCSale/txt_ExpMonth'

2021-06-22 01:46:42 - [MESSAGE][PASSED] - Object 'Object Repository/VLink/Page_CCSale/txt_ExpYear' is present

2021-06-22 01:46:43 - [MESSAGE][PASSED] - Text '2025' is set on object 'Object Repository/VLink/Page_CCSale/txt_ExpYear'

2021-06-22 01:46:43 - [MESSAGE][PASSED] - Object 'Object Repository/VLink/Page_CCSale/txt_CVV' is present

2021-06-22 01:46:44 - [MESSAGE][PASSED] - Text '' is set on object 'Object Repository/VLink/Page_CCSale/txt_CVV'

2021-06-22 01:46:44 - [MESSAGE][PASSED] - Object 'Object Repository/VLink/Page_CCSale/txt_CVVstate' is present

2021-06-22 01:46:45 - [MESSAGE][PASSED] - Text '' is set on object 'Object Repository/VLink/Page_CCSale/txt_CVVstate'

2021-06-22 01:46:45 - [MESSAGE][PASSED] - Object 'Object Repository/VLink/Page_CCSale/txt_TrackData' is present

2021-06-22 01:46:46 - [MESSAGE][PASSED] - Text '' is set on object 'Object Repository/VLink/Page_CCSale/txt_TrackData'

2021-06-22 01:46:46 - [MESSAGE][PASSED] - Object 'Object Repository/VLink/Page_CCSale/txt_Track1Data' is present

2021-06-22 01:46:47 - [MESSAGE][PASSED] - Text '' is set on object 'Object Repository/VLink/Page_CCSale/txt_Track1Data'

2021-06-22 01:46:47 - [MESSAGE][PASSED] - Object 'Object Repository/VLink/Page_CCSale/txt_Track2Data' is present

2021-06-22 01:46:48 - [MESSAGE][PASSED] - Text '' is set on object 'Object Repository/VLink/Page_CCSale/txt_Track2Data'

2021-06-22 01:46:48 - [MESSAGE][PASSED] - Object 'Object Repository/VLink/Page_CCSale/txt_POSEntryMode' is present

2021-06-22 01:46:49 - [MESSAGE][PASSED] - Text 'manual' is set on object 'Object Repository/VLink/Page_CCSale/txt_POSEntryMode'

2021-06-22 01:46:49 - [MESSAGE][PASSED] - Object 'Object Repository/VLink/Page_CCSale/txt_Email' is present

2021-06-22 01:46:50 - [MESSAGE][PASSED] - Text 'iahmed@govolution.com' is set on object 'Object Repository/VLink/Page_CCSale/txt_Email'

2021-06-22 01:46:50 - [MESSAGE][PASSED] - Object 'Object Repository/VLink/Page_CCSale/txt_OrderNumber' is present

2021-06-22 01:46:51 - [MESSAGE][PASSED] - Text '2569362' is set on object 'Object Repository/VLink/Page_CCSale/txt_OrderNumber'

2021-06-22 01:46:51 - [MESSAGE][PASSED] - Object 'Object Repository/VLink/Page_CCSale/txt_TaxAmount' is present

2021-06-22 01:46:52 - [MESSAGE][PASSED] - Text '1.15' is set on object 'Object Repository/VLink/Page_CCSale/txt_TaxAmount'

2021-06-22 01:46:52 - [MESSAGE][PASSED] - Object 'Object Repository/VLink/Page_CCSale/txt_ChargeDescription' is present

2021-06-22 01:46:53 - [MESSAGE][PASSED] - Text 'Charge Description' is set on object 'Object Repository/VLink/Page_CCSale/txt_ChargeDescription'

2021-06-22 01:46:53 - [MESSAGE][PASSED] - Object 'Object Repository/VLink/Page_CCSale/txt_CAN' is present

2021-06-22 01:46:54 - [MESSAGE][PASSED] - Text '147357' is set on object 'Object Repository/VLink/Page_CCSale/txt_CAN'

2021-06-22 01:46:54 - [MESSAGE][PASSED] - Object 'Object Repository/VLink/Page_CCSale/txt_BillPaymentIndicator' is present

2021-06-22 01:46:55 - [MESSAGE][PASSED] - Text '1' is set on object 'Object Repository/VLink/Page_CCSale/txt_BillPaymentIndicator'

2021-06-22 01:46:55 - [MESSAGE][PASSED] - Object 'Object Repository/VLink/Page_CCSale/txt_UDF1' is present

2021-06-22 01:46:56 - [MESSAGE][PASSED] - Text 'UDF Data 1' is set on object 'Object Repository/VLink/Page_CCSale/txt_UDF1'

2021-06-22 01:46:56 - [MESSAGE][PASSED] - Object 'Object Repository/VLink/Page_CCSale/txt_UDF2' is present

2021-06-22 01:46:57 - [MESSAGE][PASSED] - Text 'UDF Data 2' is set on object 'Object Repository/VLink/Page_CCSale/txt_UDF2'

2021-06-22 01:46:57 - [MESSAGE][PASSED] - Object 'Object Repository/VLink/Page_CCSale/txt_UDF3' is present

2021-06-22 01:46:58 - [MESSAGE][PASSED] - Text 'UDF Data 3' is set on object 'Object Repository/VLink/Page_CCSale/txt_UDF3'

2021-06-22 01:46:58 - [MESSAGE][PASSED] - Object 'Object Repository/VLink/Page_CCSale/txt_UDF4' is present

2021-06-22 01:46:59 - [MESSAGE][PASSED] - Text 'UDF Data 4' is set on object 'Object Repository/VLink/Page_CCSale/txt_UDF4'

2021-06-22 01:46:59 - [MESSAGE][PASSED] - Object 'Object Repository/VLink/Page_CCSale/txt_UDF5' is present

2021-06-22 01:47:00 - [MESSAGE][PASSED] - Text 'UDF Data 5' is set on object 'Object Repository/VLink/Page_CCSale/txt_UDF5'

2021-06-22 01:47:00 - [MESSAGE][PASSED] - Object 'Object Repository/VLink/Page_CCSale/txt_UDF6' is present

2021-06-22 01:47:01 - [MESSAGE][PASSED] - Text 'UDF Data 6' is set on object 'Object Repository/VLink/Page_CCSale/txt_UDF6'

2021-06-22 01:47:01 - [MESSAGE][PASSED] - Object 'Object Repository/VLink/Page_CCSale/txt_UDF7' is present

2021-06-22 01:47:02 - [MESSAGE][PASSED] - Text 'UDF Data 7' is set on object 'Object Repository/VLink/Page_CCSale/txt_UDF7'

2021-06-22 01:47:02 - [MESSAGE][PASSED] - Object 'Object Repository/VLink/Page_CCSale/txt_UDF8' is present

2021-06-22 01:47:03 - [MESSAGE][PASSED] - Text 'UDF Data 8' is set on object 'Object Repository/VLink/Page_CCSale/txt_UDF8'

2021-06-22 01:47:03 - [MESSAGE][PASSED] - Object 'Object Repository/VLink/Page_CCSale/txt_UDF9' is present

2021-06-22 01:47:04 - [MESSAGE][PASSED] - Text 'UDF Data 9' is set on object 'Object Repository/VLink/Page_CCSale/txt_UDF9'

2021-06-22 01:47:04 - [MESSAGE][PASSED] - Object 'Object Repository/VLink/Page_CCSale/txt_UDF10' is present

2021-06-22 01:47:05 - [MESSAGE][PASSED] - Text 'UDF Data 10' is set on object 'Object Repository/VLink/Page_CCSale/txt_UDF10'

2021-06-22 01:47:05 - [MESSAGE][PASSED] - Object 'Object Repository/VLink/Page_CCSale/txt_CardOnFileIndicator' is present

2021-06-22 01:47:06 - [MESSAGE][PASSED] - Text '0' is set on object 'Object Repository/VLink/Page_CCSale/txt_CardOnFileIndicator'

2021-06-22 01:47:06 - [MESSAGE][PASSED] - Object 'Object Repository/VLink/Page_CCSale/txt_StoredCredentialIndicator' is present

2021-06-22 01:47:07 - [MESSAGE][PASSED] - Text 'Initial' is set on object 'Object Repository/VLink/Page_CCSale/txt_StoredCredentialIndicator'

2021-06-22 01:47:07 - [MESSAGE][PASSED] - Object 'Object Repository/VLink/Page_CCSale/txt_COFScheduledIndicator' is present

2021-06-22 01:47:08 - [MESSAGE][PASSED] - Text 'Unscheduled' is set on object 'Object Repository/VLink/Page_CCSale/txt_COFScheduledIndicator'

2021-06-22 01:47:08 - [MESSAGE][PASSED] - Object 'Object Repository/VLink/Page_CCSale/txt_COFTransactionInitiatedBy' is present

2021-06-22 01:47:09 - [MESSAGE][PASSED] - Text 'Customer' is set on object 'Object Repository/VLink/Page_CCSale/txt_COFTransactionInitiatedBy'

2021-06-22 01:47:12 - [MESSAGE][PASSED] - Object: 'Object Repository/VLink/Page_CCSale/btn_ProcessVLinkTransaction' is clicked on

2021-06-22 01:47:17 - [MESSAGE][PASSED] - vlinkPages.saleCCPage.setDataSCC is PASSED

2021-06-22 01:47:17 - [TEST_STEP][PASSED] - if (verifyTextPresent("Transaction approved, no errors", true)): null

2021-06-22 01:47:17 - [MESSAGE][PASSED] - Text 'Transaction approved, no errors' is present on page  using regular expression

2021-06-22 01:47:17 - [TEST_STEP][PASSED] - println("Transaction Approved, no errors text is present on the Confirmation page"): null

2021-06-22 01:47:17 - [TEST_STEP][PASSED] - out.println("Pass Record Number: " + row): null

2021-06-22 01:47:17 - [TEST_STEP][PASSED] - resText = "Pass": null

2021-06-22 01:47:17 - [TEST_STEP][PASSED] - pages.WriteExcel.demoKey(resText, datText, resColumn, datCloumn, fileLoc, nameSheet, row): pages.WriteExcel.demoKey is PASSED

2021-06-22 01:47:17 - [MESSAGE][PASSED] - pages.WriteExcel.demoKey is PASSED

2021-06-22 01:47:17 - [TEST_STEP][PASSED] - sdfo = getText(findTestObject("Object Repository/Page_VLinkReceipt/pre_STX")): Text of object 'Object Repository/Page_VLinkReceipt/pre_STX' is: '<STX>FlBtpqk7DqTg                  12098388            0  Transaction approved, no errors                   0                                                                                  X OK2155   <ETX>'

2021-06-22 01:47:17 - [MESSAGE][PASSED] - Text of object 'Object Repository/Page_VLinkReceipt/pre_STX' is: '<STX>FlBtpqk7DqTg                  12098388            0  Transaction approved, no errors                   0                                                                                  X OK2155   <ETX>'

2021-06-22 01:47:17 - [TEST_STEP][PASSED] - out.println("sdfo: " + sdfo): null

2021-06-22 01:47:17 - [TEST_STEP][PASSED] - remID = substring(5, 35).trim(): null

2021-06-22 01:47:17 - [TEST_STEP][PASSED] - out.println("Remittance ID: " + remID): null

2021-06-22 01:47:17 - [TEST_STEP][PASSED] - traxID = substring(35, 55).trim(): null

2021-06-22 01:47:17 - [TEST_STEP][PASSED] - out.println("Transaction ID: " + traxID): null

2021-06-22 01:47:17 - [TEST_STEP][PASSED] - out.println("End Record Number: " + row): null

2021-06-22 01:47:17 - [TEST_STEP][PASSED] - closeBrowser(): Browser is closed

2021-06-22 01:47:18 - [MESSAGE][PASSED] - Browser is closed

2021-06-22 01:47:18 - [TEST_STEP][PASSED] - out.println("Begin Record Number: " + row): null

2021-06-22 01:47:18 - [TEST_STEP][PASSED] - today = new java.util.Date(): null

2021-06-22 01:47:18 - [TEST_STEP][PASSED] - println(today): null

2021-06-22 01:47:18 - [TEST_STEP][PASSED] - datText = today: null

2021-06-22 01:47:18 - [TEST_STEP][PASSED] - openBrowser(VLinkURL + "authcap.html"): Browser is opened with url: 'https://dev-algorithm.govolution.com/vlinktest/QA/version_2_0/authcap.html'

2021-06-22 01:47:18 - [MESSAGE][INFO] - Starting 'Chrome' driver

2021-06-22 01:47:18 - [MESSAGE][INFO] - User set preference: ['acceptInsecureCerts', 'true']

2021-06-22 01:47:18 - [MESSAGE][INFO] - Action delay is set to 0 milliseconds

2021-06-22 01:47:20 - [MESSAGE][PASSED] - Browser is opened with url: 'https://dev-algorithm.govolution.com/vlinktest/QA/version_2_0/authcap.html'

2021-06-22 01:47:20 - [TEST_STEP][PASSED] - maximizeWindow(): Current window maximized

2021-06-22 01:47:20 - [MESSAGE][PASSED] - Current window maximized

2021-06-22 01:47:20 - [TEST_STEP][PASSED] - vlinkPages.saleCCPage.setDataSCC(row, dataFile): vlinkPages.saleCCPage.setDataSCC is PASSED

2021-06-22 01:47:22 - [MESSAGE][PASSED] - Object 'Object Repository/VLink/Page_CCSale/txt_CardNumber' is present

2021-06-22 01:47:22 - [MESSAGE][PASSED] - Object 'Object Repository/VLink/Page_CCSale/txt_TransactionType' is present

2021-06-22 01:47:23 - [MESSAGE][PASSED] - Text '104' is set on object 'Object Repository/VLink/Page_CCSale/txt_TransactionType'

2021-06-22 01:47:23 - [MESSAGE][PASSED] - Object 'Object Repository/VLink/Page_CCSale/txt_MessageVersion' is present

2021-06-22 01:47:24 - [MESSAGE][PASSED] - Text '2.0C' is set on object 'Object Repository/VLink/Page_CCSale/txt_MessageVersion'

2021-06-22 01:47:24 - [MESSAGE][PASSED] - Object 'Object Repository/VLink/Page_CCSale/txt_RemID' is present

2021-06-22 01:47:25 - [MESSAGE][PASSED] - Text 'bwXjJ5eWrAqg' is set on object 'Object Repository/VLink/Page_CCSale/txt_RemID'

2021-06-22 01:47:25 - [MESSAGE][PASSED] - Object 'Object Repository/VLink/Page_CCSale/txt_ApplicationId' is present

2021-06-22 01:47:26 - [MESSAGE][PASSED] - Text '667' is set on object 'Object Repository/VLink/Page_CCSale/txt_ApplicationId'

2021-06-22 01:47:26 - [MESSAGE][PASSED] - Object 'Object Repository/VLink/Page_CCSale/txt_Username' is present

2021-06-22 01:47:27 - [MESSAGE][PASSED] - Text 'username' is set on object 'Object Repository/VLink/Page_CCSale/txt_Username'

2021-06-22 01:47:27 - [MESSAGE][PASSED] - Object 'Object Repository/VLink/Page_CCSale/txt_Password' is present

2021-06-22 01:47:27 - [MESSAGE][PASSED] - Text 'password' is set on object 'Object Repository/VLink/Page_CCSale/txt_Password'

2021-06-22 01:47:28 - [MESSAGE][PASSED] - Object 'Object Repository/VLink/Page_CCSale/txt_ResponseFormat' is present

2021-06-22 01:47:28 - [MESSAGE][PASSED] - Text 'fixed_width' is set on object 'Object Repository/VLink/Page_CCSale/txt_ResponseFormat'

2021-06-22 01:47:29 - [MESSAGE][PASSED] - Object 'Object Repository/VLink/Page_CCSale/txt_Category' is present

2021-06-22 01:47:29 - [MESSAGE][PASSED] - Text 'ECOM' is set on object 'Object Repository/VLink/Page_CCSale/txt_Category'

2021-06-22 01:47:29 - [MESSAGE][PASSED] - Object 'Object Repository/VLink/Page_CCSale/txt_TransactionID' is present

2021-06-22 01:47:30 - [MESSAGE][PASSED] - Text '' is set on object 'Object Repository/VLink/Page_CCSale/txt_TransactionID'

2021-06-22 01:47:30 - [MESSAGE][PASSED] - Object 'Object Repository/VLink/Page_CCSale/txt_ApprovalCode' is present

2021-06-22 01:47:31 - [MESSAGE][PASSED] - Text '' is set on object 'Object Repository/VLink/Page_CCSale/txt_ApprovalCode'

2021-06-22 01:47:31 - [MESSAGE][PASSED] - Object 'Object Repository/VLink/Page_CCSale/txt_CardName' is present

2021-06-22 01:47:32 - [MESSAGE][PASSED] - Text 'Kris Roshan' is set on object 'Object Repository/VLink/Page_CCSale/txt_CardName'

2021-06-22 01:47:32 - [MESSAGE][PASSED] - Object 'Object Repository/VLink/Page_CCSale/txt_AL1' is present

2021-06-22 01:47:33 - [MESSAGE][PASSED] - Text '258 Elm Road' is set on object 'Object Repository/VLink/Page_CCSale/txt_AL1'

2021-06-22 01:47:33 - [MESSAGE][PASSED] - Object 'Object Repository/VLink/Page_CCSale/txt_AL2' is present

2021-06-22 01:47:34 - [MESSAGE][PASSED] - Text 'Suite 56' is set on object 'Object Repository/VLink/Page_CCSale/txt_AL2'

2021-06-22 01:47:34 - [MESSAGE][PASSED] - Object 'Object Repository/VLink/Page_CCSale/txt_CardCity' is present

2021-06-22 01:47:35 - [MESSAGE][PASSED] - Text 'Arlington' is set on object 'Object Repository/VLink/Page_CCSale/txt_CardCity'

2021-06-22 01:47:35 - [MESSAGE][PASSED] - Object 'Object Repository/VLink/Page_CCSale/txt_CardState' is present

2021-06-22 01:47:36 - [MESSAGE][PASSED] - Text 'VA' is set on object 'Object Repository/VLink/Page_CCSale/txt_CardState'

2021-06-22 01:47:36 - [MESSAGE][PASSED] - Object 'Object Repository/VLink/Page_CCSale/txt_CardZIP' is present

2021-06-22 01:47:37 - [MESSAGE][PASSED] - Text '22201' is set on object 'Object Repository/VLink/Page_CCSale/txt_CardZIP'

2021-06-22 01:47:37 - [MESSAGE][PASSED] - Object 'Object Repository/VLink/Page_CCSale/txt_CountryID' is present

2021-06-22 01:47:38 - [MESSAGE][PASSED] - Text '840' is set on object 'Object Repository/VLink/Page_CCSale/txt_CountryID'

2021-06-22 01:47:38 - [MESSAGE][PASSED] - Object 'Object Repository/VLink/Page_CCSale/txt_Amount' is present

2021-06-22 01:47:39 - [MESSAGE][PASSED] - Text '1.50' is set on object 'Object Repository/VLink/Page_CCSale/txt_Amount'

2021-06-22 01:47:39 - [MESSAGE][PASSED] - Object 'Object Repository/VLink/Page_CCSale/txt_CardNumber' is present

2021-06-22 01:47:40 - [MESSAGE][PASSED] - Text '4111111111111111' is set on object 'Object Repository/VLink/Page_CCSale/txt_CardNumber'

2021-06-22 01:47:40 - [MESSAGE][PASSED] - Object 'Object Repository/VLink/Page_CCSale/txt_ExpMonth' is present

2021-06-22 01:47:41 - [MESSAGE][PASSED] - Text '12' is set on object 'Object Repository/VLink/Page_CCSale/txt_ExpMonth'

2021-06-22 01:47:41 - [MESSAGE][PASSED] - Object 'Object Repository/VLink/Page_CCSale/txt_ExpYear' is present

2021-06-22 01:47:42 - [MESSAGE][PASSED] - Text '2025' is set on object 'Object Repository/VLink/Page_CCSale/txt_ExpYear'

2021-06-22 01:47:42 - [MESSAGE][PASSED] - Object 'Object Repository/VLink/Page_CCSale/txt_CVV' is present

2021-06-22 01:47:43 - [MESSAGE][PASSED] - Text '' is set on object 'Object Repository/VLink/Page_CCSale/txt_CVV'

2021-06-22 01:47:43 - [MESSAGE][PASSED] - Object 'Object Repository/VLink/Page_CCSale/txt_CVVstate' is present

2021-06-22 01:47:44 - [MESSAGE][PASSED] - Text '' is set on object 'Object Repository/VLink/Page_CCSale/txt_CVVstate'

2021-06-22 01:47:44 - [MESSAGE][PASSED] - Object 'Object Repository/VLink/Page_CCSale/txt_TrackData' is present

2021-06-22 01:47:45 - [MESSAGE][PASSED] - Text '' is set on object 'Object Repository/VLink/Page_CCSale/txt_TrackData'

2021-06-22 01:47:45 - [MESSAGE][PASSED] - Object 'Object Repository/VLink/Page_CCSale/txt_Track1Data' is present

2021-06-22 01:47:46 - [MESSAGE][PASSED] - Text '' is set on object 'Object Repository/VLink/Page_CCSale/txt_Track1Data'

2021-06-22 01:47:46 - [MESSAGE][PASSED] - Object 'Object Repository/VLink/Page_CCSale/txt_Track2Data' is present

2021-06-22 01:47:47 - [MESSAGE][PASSED] - Text '' is set on object 'Object Repository/VLink/Page_CCSale/txt_Track2Data'

2021-06-22 01:47:47 - [MESSAGE][PASSED] - Object 'Object Repository/VLink/Page_CCSale/txt_POSEntryMode' is present

2021-06-22 01:47:48 - [MESSAGE][PASSED] - Text 'manual' is set on object 'Object Repository/VLink/Page_CCSale/txt_POSEntryMode'

2021-06-22 01:47:48 - [MESSAGE][PASSED] - Object 'Object Repository/VLink/Page_CCSale/txt_Email' is present

2021-06-22 01:47:49 - [MESSAGE][PASSED] - Text 'iahmed@govolution.com' is set on object 'Object Repository/VLink/Page_CCSale/txt_Email'

2021-06-22 01:47:49 - [MESSAGE][PASSED] - Object 'Object Repository/VLink/Page_CCSale/txt_OrderNumber' is present

2021-06-22 01:47:50 - [MESSAGE][PASSED] - Text '2569362' is set on object 'Object Repository/VLink/Page_CCSale/txt_OrderNumber'

2021-06-22 01:47:50 - [MESSAGE][PASSED] - Object 'Object Repository/VLink/Page_CCSale/txt_TaxAmount' is present

2021-06-22 01:47:51 - [MESSAGE][PASSED] - Text '1.15' is set on object 'Object Repository/VLink/Page_CCSale/txt_TaxAmount'

2021-06-22 01:47:51 - [MESSAGE][PASSED] - Object 'Object Repository/VLink/Page_CCSale/txt_ChargeDescription' is present

2021-06-22 01:47:52 - [MESSAGE][PASSED] - Text 'Charge Description' is set on object 'Object Repository/VLink/Page_CCSale/txt_ChargeDescription'

2021-06-22 01:47:52 - [MESSAGE][PASSED] - Object 'Object Repository/VLink/Page_CCSale/txt_CAN' is present

2021-06-22 01:47:53 - [MESSAGE][PASSED] - Text '147357' is set on object 'Object Repository/VLink/Page_CCSale/txt_CAN'

2021-06-22 01:47:53 - [MESSAGE][PASSED] - Object 'Object Repository/VLink/Page_CCSale/txt_BillPaymentIndicator' is present

2021-06-22 01:47:54 - [MESSAGE][PASSED] - Text '1' is set on object 'Object Repository/VLink/Page_CCSale/txt_BillPaymentIndicator'

2021-06-22 01:47:54 - [MESSAGE][PASSED] - Object 'Object Repository/VLink/Page_CCSale/txt_UDF1' is present

2021-06-22 01:47:55 - [MESSAGE][PASSED] - Text 'UDF Data 1' is set on object 'Object Repository/VLink/Page_CCSale/txt_UDF1'

2021-06-22 01:47:55 - [MESSAGE][PASSED] - Object 'Object Repository/VLink/Page_CCSale/txt_UDF2' is present

2021-06-22 01:47:56 - [MESSAGE][PASSED] - Text 'UDF Data 2' is set on object 'Object Repository/VLink/Page_CCSale/txt_UDF2'

2021-06-22 01:47:56 - [MESSAGE][PASSED] - Object 'Object Repository/VLink/Page_CCSale/txt_UDF3' is present

2021-06-22 01:47:57 - [MESSAGE][PASSED] - Text 'UDF Data 3' is set on object 'Object Repository/VLink/Page_CCSale/txt_UDF3'

2021-06-22 01:47:57 - [MESSAGE][PASSED] - Object 'Object Repository/VLink/Page_CCSale/txt_UDF4' is present

2021-06-22 01:47:58 - [MESSAGE][PASSED] - Text 'UDF Data 4' is set on object 'Object Repository/VLink/Page_CCSale/txt_UDF4'

2021-06-22 01:47:58 - [MESSAGE][PASSED] - Object 'Object Repository/VLink/Page_CCSale/txt_UDF5' is present

2021-06-22 01:47:59 - [MESSAGE][PASSED] - Text 'UDF Data 5' is set on object 'Object Repository/VLink/Page_CCSale/txt_UDF5'

2021-06-22 01:47:59 - [MESSAGE][PASSED] - Object 'Object Repository/VLink/Page_CCSale/txt_UDF6' is present

2021-06-22 01:48:00 - [MESSAGE][PASSED] - Text 'UDF Data 6' is set on object 'Object Repository/VLink/Page_CCSale/txt_UDF6'

2021-06-22 01:48:00 - [MESSAGE][PASSED] - Object 'Object Repository/VLink/Page_CCSale/txt_UDF7' is present

2021-06-22 01:48:01 - [MESSAGE][PASSED] - Text 'UDF Data 7' is set on object 'Object Repository/VLink/Page_CCSale/txt_UDF7'

2021-06-22 01:48:01 - [MESSAGE][PASSED] - Object 'Object Repository/VLink/Page_CCSale/txt_UDF8' is present

2021-06-22 01:48:02 - [MESSAGE][PASSED] - Text 'UDF Data 8' is set on object 'Object Repository/VLink/Page_CCSale/txt_UDF8'

2021-06-22 01:48:02 - [MESSAGE][PASSED] - Object 'Object Repository/VLink/Page_CCSale/txt_UDF9' is present

2021-06-22 01:48:03 - [MESSAGE][PASSED] - Text 'UDF Data 9' is set on object 'Object Repository/VLink/Page_CCSale/txt_UDF9'

2021-06-22 01:48:03 - [MESSAGE][PASSED] - Object 'Object Repository/VLink/Page_CCSale/txt_UDF10' is present

2021-06-22 01:48:04 - [MESSAGE][PASSED] - Text 'UDF Data 10' is set on object 'Object Repository/VLink/Page_CCSale/txt_UDF10'

2021-06-22 01:48:04 - [MESSAGE][PASSED] - Object 'Object Repository/VLink/Page_CCSale/txt_CardOnFileIndicator' is present

2021-06-22 01:48:05 - [MESSAGE][PASSED] - Text '0' is set on object 'Object Repository/VLink/Page_CCSale/txt_CardOnFileIndicator'

2021-06-22 01:48:05 - [MESSAGE][PASSED] - Object 'Object Repository/VLink/Page_CCSale/txt_StoredCredentialIndicator' is present

2021-06-22 01:48:06 - [MESSAGE][PASSED] - Text 'Initial' is set on object 'Object Repository/VLink/Page_CCSale/txt_StoredCredentialIndicator'

2021-06-22 01:48:06 - [MESSAGE][PASSED] - Object 'Object Repository/VLink/Page_CCSale/txt_COFScheduledIndicator' is present

2021-06-22 01:48:07 - [MESSAGE][PASSED] - Text 'Unscheduled' is set on object 'Object Repository/VLink/Page_CCSale/txt_COFScheduledIndicator'

2021-06-22 01:48:07 - [MESSAGE][PASSED] - Object 'Object Repository/VLink/Page_CCSale/txt_COFTransactionInitiatedBy' is present

2021-06-22 01:48:08 - [MESSAGE][PASSED] - Text 'Customer' is set on object 'Object Repository/VLink/Page_CCSale/txt_COFTransactionInitiatedBy'

2021-06-22 01:48:10 - [MESSAGE][PASSED] - Object: 'Object Repository/VLink/Page_CCSale/btn_ProcessVLinkTransaction' is clicked on

2021-06-22 01:48:15 - [MESSAGE][PASSED] - vlinkPages.saleCCPage.setDataSCC is PASSED

2021-06-22 01:48:15 - [TEST_STEP][FAILED] - if (verifyTextPresent("Transaction approved, no errors", true)): Text 'Transaction approved, no errors' is not present on page  using regular expression (Root cause: com.kms.katalon.core.exception.StepFailedException: Text 'Transaction approved, no errors' is not present on page  using regular expression
	at com.kms.katalon.core.webui.keyword.internal.WebUIKeywordMain.stepFailed(WebUIKeywordMain.groovy:64)
	at com.kms.katalon.core.webui.keyword.builtin.VerifyTextPresentKeyword$_verifyTextPresent_closure1.doCall(VerifyTextPresentKeyword.groovy:79)
	at com.kms.katalon.core.webui.keyword.builtin.VerifyTextPresentKeyword$_verifyTextPresent_closure1.call(VerifyTextPresentKeyword.groovy)
	at com.kms.katalon.core.webui.keyword.internal.WebUIKeywordMain.runKeyword(WebUIKeywordMain.groovy:20)
	at com.kms.katalon.core.webui.keyword.builtin.VerifyTextPresentKeyword.verifyTextPresent(VerifyTextPresentKeyword.groovy:83)
	at com.kms.katalon.core.webui.keyword.builtin.VerifyTextPresentKeyword.execute(VerifyTextPresentKeyword.groovy:68)
	at com.kms.katalon.core.keyword.internal.KeywordExecutor.executeKeywordForPlatform(KeywordExecutor.groovy:72)
	at com.kms.katalon.core.webui.keyword.WebUiBuiltInKeywords.verifyTextPresent(WebUiBuiltInKeywords.groovy:1719)
	at com.kms.katalon.core.webui.keyword.WebUiBuiltInKeywords$verifyTextPresent$4.call(Unknown Source)
	at VLinkSale-Successful.run(VLinkSale-Successful:76)
	at com.kms.katalon.core.main.ScriptEngine.run(ScriptEngine.java:194)
	at com.kms.katalon.core.main.ScriptEngine.runScriptAsRawText(ScriptEngine.java:119)
	at com.kms.katalon.core.main.TestCaseExecutor.runScript(TestCaseExecutor.java:337)
	at com.kms.katalon.core.main.TestCaseExecutor.doExecute(TestCaseExecutor.java:328)
	at com.kms.katalon.core.main.TestCaseExecutor.processExecutionPhase(TestCaseExecutor.java:307)
	at com.kms.katalon.core.main.TestCaseExecutor.accessMainPhase(TestCaseExecutor.java:299)
	at com.kms.katalon.core.main.TestCaseExecutor.execute(TestCaseExecutor.java:233)
	at com.kms.katalon.core.main.TestSuiteExecutor.accessTestCaseMainPhase(TestSuiteExecutor.java:169)
	at com.kms.katalon.core.main.TestSuiteExecutor.accessTestSuiteMainPhase(TestSuiteExecutor.java:142)
	at com.kms.katalon.core.main.TestSuiteExecutor.execute(TestSuiteExecutor.java:91)
	at com.kms.katalon.core.main.TestCaseMain.startTestSuite(TestCaseMain.java:157)
	at com.kms.katalon.core.main.TestCaseMain$startTestSuite$0.call(Unknown Source)
	at TempTestSuite1624337272106.run(TempTestSuite1624337272106.groovy:37)
)

2021-06-22 01:48:16 - [MESSAGE][FAILED] - Text 'Transaction approved, no errors' is not present on page  using regular expression (Root cause: com.kms.katalon.core.exception.StepFailedException: Text 'Transaction approved, no errors' is not present on page  using regular expression
	at com.kms.katalon.core.webui.keyword.internal.WebUIKeywordMain.stepFailed(WebUIKeywordMain.groovy:64)
	at com.kms.katalon.core.webui.keyword.builtin.VerifyTextPresentKeyword$_verifyTextPresent_closure1.doCall(VerifyTextPresentKeyword.groovy:79)
	at com.kms.katalon.core.webui.keyword.builtin.VerifyTextPresentKeyword$_verifyTextPresent_closure1.call(VerifyTextPresentKeyword.groovy)
	at com.kms.katalon.core.webui.keyword.internal.WebUIKeywordMain.runKeyword(WebUIKeywordMain.groovy:20)
	at com.kms.katalon.core.webui.keyword.builtin.VerifyTextPresentKeyword.verifyTextPresent(VerifyTextPresentKeyword.groovy:83)
	at com.kms.katalon.core.webui.keyword.builtin.VerifyTextPresentKeyword.execute(VerifyTextPresentKeyword.groovy:68)
	at com.kms.katalon.core.keyword.internal.KeywordExecutor.executeKeywordForPlatform(KeywordExecutor.groovy:72)
	at com.kms.katalon.core.webui.keyword.WebUiBuiltInKeywords.verifyTextPresent(WebUiBuiltInKeywords.groovy:1719)
	at com.kms.katalon.core.webui.keyword.WebUiBuiltInKeywords$verifyTextPresent$4.call(Unknown Source)
	at VLinkSale-Successful.run(VLinkSale-Successful:76)
	at com.kms.katalon.core.main.ScriptEngine.run(ScriptEngine.java:194)
	at com.kms.katalon.core.main.ScriptEngine.runScriptAsRawText(ScriptEngine.java:119)
	at com.kms.katalon.core.main.TestCaseExecutor.runScript(TestCaseExecutor.java:337)
	at com.kms.katalon.core.main.TestCaseExecutor.doExecute(TestCaseExecutor.java:328)
	at com.kms.katalon.core.main.TestCaseExecutor.processExecutionPhase(TestCaseExecutor.java:307)
	at com.kms.katalon.core.main.TestCaseExecutor.accessMainPhase(TestCaseExecutor.java:299)
	at com.kms.katalon.core.main.TestCaseExecutor.execute(TestCaseExecutor.java:233)
	at com.kms.katalon.core.main.TestSuiteExecutor.accessTestCaseMainPhase(TestSuiteExecutor.java:169)
	at com.kms.katalon.core.main.TestSuiteExecutor.accessTestSuiteMainPhase(TestSuiteExecutor.java:142)
	at com.kms.katalon.core.main.TestSuiteExecutor.execute(TestSuiteExecutor.java:91)
	at com.kms.katalon.core.main.TestCaseMain.startTestSuite(TestCaseMain.java:157)
	at com.kms.katalon.core.main.TestCaseMain$startTestSuite$0.call(Unknown Source)
	at TempTestSuite1624337272106.run(TempTestSuite1624337272106.groovy:37)
)

2021-06-22 01:48:16 - [TEST_STEP][PASSED] - else: pages.WriteExcel.demoKey is PASSED

2021-06-22 01:48:16 - [TEST_STEP][PASSED] - println("Transaction Approved, no errors text is not present on the Confirmation page"): null

2021-06-22 01:48:16 - [TEST_STEP][PASSED] - out.println("Fail Record Number: " + row): null

2021-06-22 01:48:16 - [TEST_STEP][PASSED] - resText = "Fail": null

2021-06-22 01:48:16 - [TEST_STEP][PASSED] - pages.WriteExcel.demoKey(resText, datText, resColumn, datCloumn, fileLoc, nameSheet, row): pages.WriteExcel.demoKey is PASSED

2021-06-22 01:48:16 - [MESSAGE][PASSED] - pages.WriteExcel.demoKey is PASSED

2021-06-22 01:48:16 - [TEST_STEP][PASSED] - sdfo = getText(findTestObject("Object Repository/Page_VLinkReceipt/pre_STX")): Text of object 'Object Repository/Page_VLinkReceipt/pre_STX' is: '<STX>bwXjJ5eWrAqg                  12098389            2  Transaction failed                                105Processor reported error                                                                   <ETX>'

2021-06-22 01:48:16 - [MESSAGE][PASSED] - Text of object 'Object Repository/Page_VLinkReceipt/pre_STX' is: '<STX>bwXjJ5eWrAqg                  12098389            2  Transaction failed                                105Processor reported error                                                                   <ETX>'

2021-06-22 01:48:16 - [TEST_STEP][PASSED] - out.println("sdfo: " + sdfo): null

2021-06-22 01:48:16 - [TEST_STEP][PASSED] - remID = substring(5, 35).trim(): null

2021-06-22 01:48:16 - [TEST_STEP][PASSED] - out.println("Remittance ID: " + remID): null

2021-06-22 01:48:16 - [TEST_STEP][PASSED] - traxID = substring(35, 55).trim(): null

2021-06-22 01:48:16 - [TEST_STEP][PASSED] - out.println("Transaction ID: " + traxID): null

2021-06-22 01:48:16 - [TEST_STEP][PASSED] - out.println("End Record Number: " + row): null

2021-06-22 01:48:16 - [TEST_STEP][PASSED] - closeBrowser(): Browser is closed

2021-06-22 01:48:17 - [MESSAGE][PASSED] - Browser is closed

2021-06-22 01:48:17 - [TEST_STEP][PASSED] - out.println("Begin Record Number: " + row): null

2021-06-22 01:48:17 - [TEST_STEP][PASSED] - today = new java.util.Date(): null

2021-06-22 01:48:17 - [TEST_STEP][PASSED] - println(today): null

2021-06-22 01:48:17 - [TEST_STEP][PASSED] - datText = today: null

2021-06-22 01:48:17 - [TEST_STEP][PASSED] - openBrowser(VLinkURL + "authcap.html"): Browser is opened with url: 'https://dev-algorithm.govolution.com/vlinktest/QA/version_2_0/authcap.html'

2021-06-22 01:48:17 - [MESSAGE][INFO] - Starting 'Chrome' driver

2021-06-22 01:48:17 - [MESSAGE][INFO] - User set preference: ['acceptInsecureCerts', 'true']

2021-06-22 01:48:17 - [MESSAGE][INFO] - Action delay is set to 0 milliseconds

2021-06-22 01:48:19 - [MESSAGE][PASSED] - Browser is opened with url: 'https://dev-algorithm.govolution.com/vlinktest/QA/version_2_0/authcap.html'

2021-06-22 01:48:19 - [TEST_STEP][PASSED] - maximizeWindow(): Current window maximized

2021-06-22 01:48:19 - [MESSAGE][PASSED] - Current window maximized

2021-06-22 01:48:19 - [TEST_STEP][PASSED] - vlinkPages.saleCCPage.setDataSCC(row, dataFile): vlinkPages.saleCCPage.setDataSCC is PASSED

2021-06-22 01:48:21 - [MESSAGE][PASSED] - Object 'Object Repository/VLink/Page_CCSale/txt_CardNumber' is present

2021-06-22 01:48:21 - [MESSAGE][PASSED] - Object 'Object Repository/VLink/Page_CCSale/txt_TransactionType' is present

2021-06-22 01:48:22 - [MESSAGE][PASSED] - Text '104' is set on object 'Object Repository/VLink/Page_CCSale/txt_TransactionType'

2021-06-22 01:48:22 - [MESSAGE][PASSED] - Object 'Object Repository/VLink/Page_CCSale/txt_MessageVersion' is present

2021-06-22 01:48:23 - [MESSAGE][PASSED] - Text '2.0C' is set on object 'Object Repository/VLink/Page_CCSale/txt_MessageVersion'

2021-06-22 01:48:23 - [MESSAGE][PASSED] - Object 'Object Repository/VLink/Page_CCSale/txt_RemID' is present

2021-06-22 01:48:23 - [MESSAGE][PASSED] - Text 'pRPBXkrziazH' is set on object 'Object Repository/VLink/Page_CCSale/txt_RemID'

2021-06-22 01:48:24 - [MESSAGE][PASSED] - Object 'Object Repository/VLink/Page_CCSale/txt_ApplicationId' is present

2021-06-22 01:48:24 - [MESSAGE][PASSED] - Text '667' is set on object 'Object Repository/VLink/Page_CCSale/txt_ApplicationId'

2021-06-22 01:48:25 - [MESSAGE][PASSED] - Object 'Object Repository/VLink/Page_CCSale/txt_Username' is present

2021-06-22 01:48:25 - [MESSAGE][PASSED] - Text 'username' is set on object 'Object Repository/VLink/Page_CCSale/txt_Username'

2021-06-22 01:48:26 - [MESSAGE][PASSED] - Object 'Object Repository/VLink/Page_CCSale/txt_Password' is present

2021-06-22 01:48:26 - [MESSAGE][PASSED] - Text 'password' is set on object 'Object Repository/VLink/Page_CCSale/txt_Password'

2021-06-22 01:48:26 - [MESSAGE][PASSED] - Object 'Object Repository/VLink/Page_CCSale/txt_ResponseFormat' is present

2021-06-22 01:48:27 - [MESSAGE][PASSED] - Text 'fixed_width' is set on object 'Object Repository/VLink/Page_CCSale/txt_ResponseFormat'

2021-06-22 01:48:27 - [MESSAGE][PASSED] - Object 'Object Repository/VLink/Page_CCSale/txt_Category' is present

2021-06-22 01:48:28 - [MESSAGE][PASSED] - Text 'ECOM' is set on object 'Object Repository/VLink/Page_CCSale/txt_Category'

2021-06-22 01:48:28 - [MESSAGE][PASSED] - Object 'Object Repository/VLink/Page_CCSale/txt_TransactionID' is present

2021-06-22 01:48:29 - [MESSAGE][PASSED] - Text '' is set on object 'Object Repository/VLink/Page_CCSale/txt_TransactionID'

2021-06-22 01:48:29 - [MESSAGE][PASSED] - Object 'Object Repository/VLink/Page_CCSale/txt_ApprovalCode' is present

2021-06-22 01:48:30 - [MESSAGE][PASSED] - Text '' is set on object 'Object Repository/VLink/Page_CCSale/txt_ApprovalCode'

2021-06-22 01:48:30 - [MESSAGE][PASSED] - Object 'Object Repository/VLink/Page_CCSale/txt_CardName' is present

2021-06-22 01:48:31 - [MESSAGE][PASSED] - Text 'Arvind Silva' is set on object 'Object Repository/VLink/Page_CCSale/txt_CardName'

2021-06-22 01:48:31 - [MESSAGE][PASSED] - Object 'Object Repository/VLink/Page_CCSale/txt_AL1' is present

2021-06-22 01:48:32 - [MESSAGE][PASSED] - Text '111 Main Ave' is set on object 'Object Repository/VLink/Page_CCSale/txt_AL1'

2021-06-22 01:48:32 - [MESSAGE][PASSED] - Object 'Object Repository/VLink/Page_CCSale/txt_AL2' is present

2021-06-22 01:48:33 - [MESSAGE][PASSED] - Text '' is set on object 'Object Repository/VLink/Page_CCSale/txt_AL2'

2021-06-22 01:48:33 - [MESSAGE][PASSED] - Object 'Object Repository/VLink/Page_CCSale/txt_CardCity' is present

2021-06-22 01:48:34 - [MESSAGE][PASSED] - Text 'Arlington' is set on object 'Object Repository/VLink/Page_CCSale/txt_CardCity'

2021-06-22 01:48:34 - [MESSAGE][PASSED] - Object 'Object Repository/VLink/Page_CCSale/txt_CardState' is present

2021-06-22 01:48:35 - [MESSAGE][PASSED] - Text 'VA' is set on object 'Object Repository/VLink/Page_CCSale/txt_CardState'

2021-06-22 01:48:35 - [MESSAGE][PASSED] - Object 'Object Repository/VLink/Page_CCSale/txt_CardZIP' is present

2021-06-22 01:48:36 - [MESSAGE][PASSED] - Text '22201' is set on object 'Object Repository/VLink/Page_CCSale/txt_CardZIP'

2021-06-22 01:48:36 - [MESSAGE][PASSED] - Object 'Object Repository/VLink/Page_CCSale/txt_CountryID' is present

2021-06-22 01:48:37 - [MESSAGE][PASSED] - Text '' is set on object 'Object Repository/VLink/Page_CCSale/txt_CountryID'

2021-06-22 01:48:37 - [MESSAGE][PASSED] - Object 'Object Repository/VLink/Page_CCSale/txt_Amount' is present

2021-06-22 01:48:38 - [MESSAGE][PASSED] - Text '2.50' is set on object 'Object Repository/VLink/Page_CCSale/txt_Amount'

2021-06-22 01:48:38 - [MESSAGE][PASSED] - Object 'Object Repository/VLink/Page_CCSale/txt_CardNumber' is present

2021-06-22 01:48:39 - [MESSAGE][PASSED] - Text '5424000000000015' is set on object 'Object Repository/VLink/Page_CCSale/txt_CardNumber'

2021-06-22 01:48:39 - [MESSAGE][PASSED] - Object 'Object Repository/VLink/Page_CCSale/txt_ExpMonth' is present

2021-06-22 01:48:40 - [MESSAGE][PASSED] - Text '01' is set on object 'Object Repository/VLink/Page_CCSale/txt_ExpMonth'

2021-06-22 01:48:40 - [MESSAGE][PASSED] - Object 'Object Repository/VLink/Page_CCSale/txt_ExpYear' is present

2021-06-22 01:48:41 - [MESSAGE][PASSED] - Text '2026' is set on object 'Object Repository/VLink/Page_CCSale/txt_ExpYear'

2021-06-22 01:48:41 - [MESSAGE][PASSED] - Object 'Object Repository/VLink/Page_CCSale/txt_CVV' is present

2021-06-22 01:48:42 - [MESSAGE][PASSED] - Text '' is set on object 'Object Repository/VLink/Page_CCSale/txt_CVV'

2021-06-22 01:48:42 - [MESSAGE][PASSED] - Object 'Object Repository/VLink/Page_CCSale/txt_CVVstate' is present

2021-06-22 01:48:43 - [MESSAGE][PASSED] - Text '' is set on object 'Object Repository/VLink/Page_CCSale/txt_CVVstate'

2021-06-22 01:48:43 - [MESSAGE][PASSED] - Object 'Object Repository/VLink/Page_CCSale/txt_TrackData' is present

2021-06-22 01:48:44 - [MESSAGE][PASSED] - Text '' is set on object 'Object Repository/VLink/Page_CCSale/txt_TrackData'

2021-06-22 01:48:44 - [MESSAGE][PASSED] - Object 'Object Repository/VLink/Page_CCSale/txt_Track1Data' is present

2021-06-22 01:48:45 - [MESSAGE][PASSED] - Text '' is set on object 'Object Repository/VLink/Page_CCSale/txt_Track1Data'

2021-06-22 01:48:45 - [MESSAGE][PASSED] - Object 'Object Repository/VLink/Page_CCSale/txt_Track2Data' is present

2021-06-22 01:48:46 - [MESSAGE][PASSED] - Text '' is set on object 'Object Repository/VLink/Page_CCSale/txt_Track2Data'

2021-06-22 01:48:46 - [MESSAGE][PASSED] - Object 'Object Repository/VLink/Page_CCSale/txt_POSEntryMode' is present

2021-06-22 01:48:47 - [MESSAGE][PASSED] - Text 'manual' is set on object 'Object Repository/VLink/Page_CCSale/txt_POSEntryMode'

2021-06-22 01:48:47 - [MESSAGE][PASSED] - Object 'Object Repository/VLink/Page_CCSale/txt_Email' is present

2021-06-22 01:48:48 - [MESSAGE][PASSED] - Text '' is set on object 'Object Repository/VLink/Page_CCSale/txt_Email'

2021-06-22 01:48:48 - [MESSAGE][PASSED] - Object 'Object Repository/VLink/Page_CCSale/txt_OrderNumber' is present

2021-06-22 01:48:49 - [MESSAGE][PASSED] - Text '' is set on object 'Object Repository/VLink/Page_CCSale/txt_OrderNumber'

2021-06-22 01:48:49 - [MESSAGE][PASSED] - Object 'Object Repository/VLink/Page_CCSale/txt_TaxAmount' is present

2021-06-22 01:48:50 - [MESSAGE][PASSED] - Text '' is set on object 'Object Repository/VLink/Page_CCSale/txt_TaxAmount'

2021-06-22 01:48:50 - [MESSAGE][PASSED] - Object 'Object Repository/VLink/Page_CCSale/txt_ChargeDescription' is present

2021-06-22 01:48:51 - [MESSAGE][PASSED] - Text '' is set on object 'Object Repository/VLink/Page_CCSale/txt_ChargeDescription'

2021-06-22 01:48:51 - [MESSAGE][PASSED] - Object 'Object Repository/VLink/Page_CCSale/txt_CAN' is present

2021-06-22 01:48:52 - [MESSAGE][PASSED] - Text '' is set on object 'Object Repository/VLink/Page_CCSale/txt_CAN'

2021-06-22 01:48:52 - [MESSAGE][PASSED] - Object 'Object Repository/VLink/Page_CCSale/txt_BillPaymentIndicator' is present

2021-06-22 01:48:53 - [MESSAGE][PASSED] - Text '' is set on object 'Object Repository/VLink/Page_CCSale/txt_BillPaymentIndicator'

2021-06-22 01:48:53 - [MESSAGE][PASSED] - Object 'Object Repository/VLink/Page_CCSale/txt_UDF1' is present

2021-06-22 01:48:54 - [MESSAGE][PASSED] - Text '' is set on object 'Object Repository/VLink/Page_CCSale/txt_UDF1'

2021-06-22 01:48:54 - [MESSAGE][PASSED] - Object 'Object Repository/VLink/Page_CCSale/txt_UDF2' is present

2021-06-22 01:48:55 - [MESSAGE][PASSED] - Text '' is set on object 'Object Repository/VLink/Page_CCSale/txt_UDF2'

2021-06-22 01:48:55 - [MESSAGE][PASSED] - Object 'Object Repository/VLink/Page_CCSale/txt_UDF3' is present

2021-06-22 01:48:56 - [MESSAGE][PASSED] - Text '' is set on object 'Object Repository/VLink/Page_CCSale/txt_UDF3'

2021-06-22 01:48:56 - [MESSAGE][PASSED] - Object 'Object Repository/VLink/Page_CCSale/txt_UDF4' is present

2021-06-22 01:48:57 - [MESSAGE][PASSED] - Text '' is set on object 'Object Repository/VLink/Page_CCSale/txt_UDF4'

2021-06-22 01:48:57 - [MESSAGE][PASSED] - Object 'Object Repository/VLink/Page_CCSale/txt_UDF5' is present

2021-06-22 01:48:58 - [MESSAGE][PASSED] - Text '' is set on object 'Object Repository/VLink/Page_CCSale/txt_UDF5'

2021-06-22 01:48:58 - [MESSAGE][PASSED] - Object 'Object Repository/VLink/Page_CCSale/txt_UDF6' is present

2021-06-22 01:48:59 - [MESSAGE][PASSED] - Text '' is set on object 'Object Repository/VLink/Page_CCSale/txt_UDF6'

2021-06-22 01:48:59 - [MESSAGE][PASSED] - Object 'Object Repository/VLink/Page_CCSale/txt_UDF7' is present

2021-06-22 01:49:00 - [MESSAGE][PASSED] - Text '' is set on object 'Object Repository/VLink/Page_CCSale/txt_UDF7'

2021-06-22 01:49:00 - [MESSAGE][PASSED] - Object 'Object Repository/VLink/Page_CCSale/txt_UDF8' is present

2021-06-22 01:49:01 - [MESSAGE][PASSED] - Text '' is set on object 'Object Repository/VLink/Page_CCSale/txt_UDF8'

2021-06-22 01:49:01 - [MESSAGE][PASSED] - Object 'Object Repository/VLink/Page_CCSale/txt_UDF9' is present

2021-06-22 01:49:02 - [MESSAGE][PASSED] - Text '' is set on object 'Object Repository/VLink/Page_CCSale/txt_UDF9'

2021-06-22 01:49:02 - [MESSAGE][PASSED] - Object 'Object Repository/VLink/Page_CCSale/txt_UDF10' is present

2021-06-22 01:49:03 - [MESSAGE][PASSED] - Text '' is set on object 'Object Repository/VLink/Page_CCSale/txt_UDF10'

2021-06-22 01:49:03 - [MESSAGE][PASSED] - Object 'Object Repository/VLink/Page_CCSale/txt_CardOnFileIndicator' is present

2021-06-22 01:49:04 - [MESSAGE][PASSED] - Text '0' is set on object 'Object Repository/VLink/Page_CCSale/txt_CardOnFileIndicator'

2021-06-22 01:49:04 - [MESSAGE][PASSED] - Object 'Object Repository/VLink/Page_CCSale/txt_StoredCredentialIndicator' is present

2021-06-22 01:49:05 - [MESSAGE][PASSED] - Text 'Initial' is set on object 'Object Repository/VLink/Page_CCSale/txt_StoredCredentialIndicator'

2021-06-22 01:49:05 - [MESSAGE][PASSED] - Object 'Object Repository/VLink/Page_CCSale/txt_COFScheduledIndicator' is present

2021-06-22 01:49:06 - [MESSAGE][PASSED] - Text 'Unscheduled' is set on object 'Object Repository/VLink/Page_CCSale/txt_COFScheduledIndicator'

2021-06-22 01:49:06 - [MESSAGE][PASSED] - Object 'Object Repository/VLink/Page_CCSale/txt_COFTransactionInitiatedBy' is present

2021-06-22 01:49:07 - [MESSAGE][PASSED] - Text 'Customer' is set on object 'Object Repository/VLink/Page_CCSale/txt_COFTransactionInitiatedBy'

2021-06-22 01:49:12 - [MESSAGE][PASSED] - Object: 'Object Repository/VLink/Page_CCSale/btn_ProcessVLinkTransaction' is clicked on

2021-06-22 01:49:17 - [MESSAGE][PASSED] - vlinkPages.saleCCPage.setDataSCC is PASSED

2021-06-22 01:49:17 - [TEST_STEP][PASSED] - if (verifyTextPresent("Transaction approved, no errors", true)): null

2021-06-22 01:49:18 - [MESSAGE][PASSED] - Text 'Transaction approved, no errors' is present on page  using regular expression

2021-06-22 01:49:18 - [TEST_STEP][PASSED] - println("Transaction Approved, no errors text is present on the Confirmation page"): null

2021-06-22 01:49:18 - [TEST_STEP][PASSED] - out.println("Pass Record Number: " + row): null

2021-06-22 01:49:18 - [TEST_STEP][PASSED] - resText = "Pass": null

2021-06-22 01:49:18 - [TEST_STEP][PASSED] - pages.WriteExcel.demoKey(resText, datText, resColumn, datCloumn, fileLoc, nameSheet, row): pages.WriteExcel.demoKey is PASSED

2021-06-22 01:49:18 - [MESSAGE][PASSED] - pages.WriteExcel.demoKey is PASSED

2021-06-22 01:49:18 - [TEST_STEP][PASSED] - sdfo = getText(findTestObject("Object Repository/Page_VLinkReceipt/pre_STX")): Text of object 'Object Repository/Page_VLinkReceipt/pre_STX' is: '<STX>pRPBXkrziazH                  12098390            0  Transaction approved, no errors                   0                                                                                  Y 006312   <ETX>'

2021-06-22 01:49:18 - [MESSAGE][PASSED] - Text of object 'Object Repository/Page_VLinkReceipt/pre_STX' is: '<STX>pRPBXkrziazH                  12098390            0  Transaction approved, no errors                   0                                                                                  Y 006312   <ETX>'

2021-06-22 01:49:18 - [TEST_STEP][PASSED] - out.println("sdfo: " + sdfo): null

2021-06-22 01:49:18 - [TEST_STEP][PASSED] - remID = substring(5, 35).trim(): null

2021-06-22 01:49:18 - [TEST_STEP][PASSED] - out.println("Remittance ID: " + remID): null

2021-06-22 01:49:18 - [TEST_STEP][PASSED] - traxID = substring(35, 55).trim(): null

2021-06-22 01:49:18 - [TEST_STEP][PASSED] - out.println("Transaction ID: " + traxID): null

2021-06-22 01:49:18 - [TEST_STEP][PASSED] - out.println("End Record Number: " + row): null

2021-06-22 01:49:18 - [TEST_STEP][PASSED] - closeBrowser(): Browser is closed

2021-06-22 01:49:19 - [MESSAGE][PASSED] - Browser is closed

2021-06-22 01:49:19 - [TEST_STEP][PASSED] - out.println("Begin Record Number: " + row): null

2021-06-22 01:49:19 - [TEST_STEP][PASSED] - today = new java.util.Date(): null

2021-06-22 01:49:19 - [TEST_STEP][PASSED] - println(today): null

2021-06-22 01:49:19 - [TEST_STEP][PASSED] - datText = today: null

2021-06-22 01:49:19 - [TEST_STEP][PASSED] - openBrowser(VLinkURL + "authcap.html"): Browser is opened with url: 'https://dev-algorithm.govolution.com/vlinktest/QA/version_2_0/authcap.html'

2021-06-22 01:49:19 - [MESSAGE][INFO] - Starting 'Chrome' driver

2021-06-22 01:49:19 - [MESSAGE][INFO] - User set preference: ['acceptInsecureCerts', 'true']

2021-06-22 01:49:19 - [MESSAGE][INFO] - Action delay is set to 0 milliseconds

2021-06-22 01:49:21 - [MESSAGE][PASSED] - Browser is opened with url: 'https://dev-algorithm.govolution.com/vlinktest/QA/version_2_0/authcap.html'

2021-06-22 01:49:21 - [TEST_STEP][PASSED] - maximizeWindow(): Current window maximized

2021-06-22 01:49:21 - [MESSAGE][PASSED] - Current window maximized

2021-06-22 01:49:21 - [TEST_STEP][PASSED] - vlinkPages.saleCCPage.setDataSCC(row, dataFile): vlinkPages.saleCCPage.setDataSCC is PASSED

2021-06-22 01:49:23 - [MESSAGE][PASSED] - Object 'Object Repository/VLink/Page_CCSale/txt_CardNumber' is present

2021-06-22 01:49:23 - [MESSAGE][PASSED] - Object 'Object Repository/VLink/Page_CCSale/txt_TransactionType' is present

2021-06-22 01:49:24 - [MESSAGE][PASSED] - Text '104' is set on object 'Object Repository/VLink/Page_CCSale/txt_TransactionType'

2021-06-22 01:49:24 - [MESSAGE][PASSED] - Object 'Object Repository/VLink/Page_CCSale/txt_MessageVersion' is present

2021-06-22 01:49:25 - [MESSAGE][PASSED] - Text '2.0C' is set on object 'Object Repository/VLink/Page_CCSale/txt_MessageVersion'

2021-06-22 01:49:25 - [MESSAGE][PASSED] - Object 'Object Repository/VLink/Page_CCSale/txt_RemID' is present

2021-06-22 01:49:26 - [MESSAGE][PASSED] - Text '1kN9kdluc5PE' is set on object 'Object Repository/VLink/Page_CCSale/txt_RemID'

2021-06-22 01:49:26 - [MESSAGE][PASSED] - Object 'Object Repository/VLink/Page_CCSale/txt_ApplicationId' is present

2021-06-22 01:49:26 - [MESSAGE][PASSED] - Text '667' is set on object 'Object Repository/VLink/Page_CCSale/txt_ApplicationId'

2021-06-22 01:49:27 - [MESSAGE][PASSED] - Object 'Object Repository/VLink/Page_CCSale/txt_Username' is present

2021-06-22 01:49:27 - [MESSAGE][PASSED] - Text 'username' is set on object 'Object Repository/VLink/Page_CCSale/txt_Username'

2021-06-22 01:49:28 - [MESSAGE][PASSED] - Object 'Object Repository/VLink/Page_CCSale/txt_Password' is present

2021-06-22 01:49:28 - [MESSAGE][PASSED] - Text 'password' is set on object 'Object Repository/VLink/Page_CCSale/txt_Password'

2021-06-22 01:49:28 - [MESSAGE][PASSED] - Object 'Object Repository/VLink/Page_CCSale/txt_ResponseFormat' is present

2021-06-22 01:49:29 - [MESSAGE][PASSED] - Text 'fixed_width' is set on object 'Object Repository/VLink/Page_CCSale/txt_ResponseFormat'

2021-06-22 01:49:29 - [MESSAGE][PASSED] - Object 'Object Repository/VLink/Page_CCSale/txt_Category' is present

2021-06-22 01:49:30 - [MESSAGE][PASSED] - Text 'ECOM' is set on object 'Object Repository/VLink/Page_CCSale/txt_Category'

2021-06-22 01:49:30 - [MESSAGE][PASSED] - Object 'Object Repository/VLink/Page_CCSale/txt_TransactionID' is present

2021-06-22 01:49:31 - [MESSAGE][PASSED] - Text '' is set on object 'Object Repository/VLink/Page_CCSale/txt_TransactionID'

2021-06-22 01:49:31 - [MESSAGE][PASSED] - Object 'Object Repository/VLink/Page_CCSale/txt_ApprovalCode' is present

2021-06-22 01:49:32 - [MESSAGE][PASSED] - Text '' is set on object 'Object Repository/VLink/Page_CCSale/txt_ApprovalCode'

2021-06-22 01:49:32 - [MESSAGE][PASSED] - Object 'Object Repository/VLink/Page_CCSale/txt_CardName' is present

2021-06-22 01:49:33 - [MESSAGE][PASSED] - Text 'Roshan Maha' is set on object 'Object Repository/VLink/Page_CCSale/txt_CardName'

2021-06-22 01:49:33 - [MESSAGE][PASSED] - Object 'Object Repository/VLink/Page_CCSale/txt_AL1' is present

2021-06-22 01:49:34 - [MESSAGE][PASSED] - Text '12563 Bazaar road' is set on object 'Object Repository/VLink/Page_CCSale/txt_AL1'

2021-06-22 01:49:34 - [MESSAGE][PASSED] - Object 'Object Repository/VLink/Page_CCSale/txt_AL2' is present

2021-06-22 01:49:35 - [MESSAGE][PASSED] - Text '' is set on object 'Object Repository/VLink/Page_CCSale/txt_AL2'

2021-06-22 01:49:35 - [MESSAGE][PASSED] - Object 'Object Repository/VLink/Page_CCSale/txt_CardCity' is present

2021-06-22 01:49:36 - [MESSAGE][PASSED] - Text 'Crofton' is set on object 'Object Repository/VLink/Page_CCSale/txt_CardCity'

2021-06-22 01:49:36 - [MESSAGE][PASSED] - Object 'Object Repository/VLink/Page_CCSale/txt_CardState' is present

2021-06-22 01:49:37 - [MESSAGE][PASSED] - Text 'MD' is set on object 'Object Repository/VLink/Page_CCSale/txt_CardState'

2021-06-22 01:49:37 - [MESSAGE][PASSED] - Object 'Object Repository/VLink/Page_CCSale/txt_CardZIP' is present

2021-06-22 01:49:38 - [MESSAGE][PASSED] - Text '21114' is set on object 'Object Repository/VLink/Page_CCSale/txt_CardZIP'

2021-06-22 01:49:38 - [MESSAGE][PASSED] - Object 'Object Repository/VLink/Page_CCSale/txt_CountryID' is present

2021-06-22 01:49:39 - [MESSAGE][PASSED] - Text '' is set on object 'Object Repository/VLink/Page_CCSale/txt_CountryID'

2021-06-22 01:49:39 - [MESSAGE][PASSED] - Object 'Object Repository/VLink/Page_CCSale/txt_Amount' is present

2021-06-22 01:49:40 - [MESSAGE][PASSED] - Text '3.50' is set on object 'Object Repository/VLink/Page_CCSale/txt_Amount'

2021-06-22 01:49:40 - [MESSAGE][PASSED] - Object 'Object Repository/VLink/Page_CCSale/txt_CardNumber' is present

2021-06-22 01:49:41 - [MESSAGE][PASSED] - Text '370000000000002' is set on object 'Object Repository/VLink/Page_CCSale/txt_CardNumber'

2021-06-22 01:49:41 - [MESSAGE][PASSED] - Object 'Object Repository/VLink/Page_CCSale/txt_ExpMonth' is present

2021-06-22 01:49:42 - [MESSAGE][PASSED] - Text '01' is set on object 'Object Repository/VLink/Page_CCSale/txt_ExpMonth'

2021-06-22 01:49:42 - [MESSAGE][PASSED] - Object 'Object Repository/VLink/Page_CCSale/txt_ExpYear' is present

2021-06-22 01:49:43 - [MESSAGE][PASSED] - Text '2026' is set on object 'Object Repository/VLink/Page_CCSale/txt_ExpYear'

2021-06-22 01:49:43 - [MESSAGE][PASSED] - Object 'Object Repository/VLink/Page_CCSale/txt_CVV' is present

2021-06-22 01:49:44 - [MESSAGE][PASSED] - Text '' is set on object 'Object Repository/VLink/Page_CCSale/txt_CVV'

2021-06-22 01:49:44 - [MESSAGE][PASSED] - Object 'Object Repository/VLink/Page_CCSale/txt_CVVstate' is present

2021-06-22 01:49:45 - [MESSAGE][PASSED] - Text '' is set on object 'Object Repository/VLink/Page_CCSale/txt_CVVstate'

2021-06-22 01:49:45 - [MESSAGE][PASSED] - Object 'Object Repository/VLink/Page_CCSale/txt_TrackData' is present

2021-06-22 01:49:46 - [MESSAGE][PASSED] - Text '' is set on object 'Object Repository/VLink/Page_CCSale/txt_TrackData'

2021-06-22 01:49:46 - [MESSAGE][PASSED] - Object 'Object Repository/VLink/Page_CCSale/txt_Track1Data' is present

2021-06-22 01:49:47 - [MESSAGE][PASSED] - Text '' is set on object 'Object Repository/VLink/Page_CCSale/txt_Track1Data'

2021-06-22 01:49:47 - [MESSAGE][PASSED] - Object 'Object Repository/VLink/Page_CCSale/txt_Track2Data' is present

2021-06-22 01:49:48 - [MESSAGE][PASSED] - Text '' is set on object 'Object Repository/VLink/Page_CCSale/txt_Track2Data'

2021-06-22 01:49:48 - [MESSAGE][PASSED] - Object 'Object Repository/VLink/Page_CCSale/txt_POSEntryMode' is present

2021-06-22 01:49:49 - [MESSAGE][PASSED] - Text 'manual' is set on object 'Object Repository/VLink/Page_CCSale/txt_POSEntryMode'

2021-06-22 01:49:49 - [MESSAGE][PASSED] - Object 'Object Repository/VLink/Page_CCSale/txt_Email' is present

2021-06-22 01:49:50 - [MESSAGE][PASSED] - Text '' is set on object 'Object Repository/VLink/Page_CCSale/txt_Email'

2021-06-22 01:49:50 - [MESSAGE][PASSED] - Object 'Object Repository/VLink/Page_CCSale/txt_OrderNumber' is present

2021-06-22 01:49:51 - [MESSAGE][PASSED] - Text '' is set on object 'Object Repository/VLink/Page_CCSale/txt_OrderNumber'

2021-06-22 01:49:51 - [MESSAGE][PASSED] - Object 'Object Repository/VLink/Page_CCSale/txt_TaxAmount' is present

2021-06-22 01:49:52 - [MESSAGE][PASSED] - Text '' is set on object 'Object Repository/VLink/Page_CCSale/txt_TaxAmount'

2021-06-22 01:49:52 - [MESSAGE][PASSED] - Object 'Object Repository/VLink/Page_CCSale/txt_ChargeDescription' is present

2021-06-22 01:49:52 - [MESSAGE][PASSED] - Text '' is set on object 'Object Repository/VLink/Page_CCSale/txt_ChargeDescription'

2021-06-22 01:49:53 - [MESSAGE][PASSED] - Object 'Object Repository/VLink/Page_CCSale/txt_CAN' is present

2021-06-22 01:49:53 - [MESSAGE][PASSED] - Text '' is set on object 'Object Repository/VLink/Page_CCSale/txt_CAN'

2021-06-22 01:49:54 - [MESSAGE][PASSED] - Object 'Object Repository/VLink/Page_CCSale/txt_BillPaymentIndicator' is present

2021-06-22 01:49:54 - [MESSAGE][PASSED] - Text '' is set on object 'Object Repository/VLink/Page_CCSale/txt_BillPaymentIndicator'

2021-06-22 01:49:55 - [MESSAGE][PASSED] - Object 'Object Repository/VLink/Page_CCSale/txt_UDF1' is present

2021-06-22 01:49:55 - [MESSAGE][PASSED] - Text '' is set on object 'Object Repository/VLink/Page_CCSale/txt_UDF1'

2021-06-22 01:49:56 - [MESSAGE][PASSED] - Object 'Object Repository/VLink/Page_CCSale/txt_UDF2' is present

2021-06-22 01:49:56 - [MESSAGE][PASSED] - Text '' is set on object 'Object Repository/VLink/Page_CCSale/txt_UDF2'

2021-06-22 01:49:57 - [MESSAGE][PASSED] - Object 'Object Repository/VLink/Page_CCSale/txt_UDF3' is present

2021-06-22 01:49:57 - [MESSAGE][PASSED] - Text '' is set on object 'Object Repository/VLink/Page_CCSale/txt_UDF3'

2021-06-22 01:49:58 - [MESSAGE][PASSED] - Object 'Object Repository/VLink/Page_CCSale/txt_UDF4' is present

2021-06-22 01:49:58 - [MESSAGE][PASSED] - Text '' is set on object 'Object Repository/VLink/Page_CCSale/txt_UDF4'

2021-06-22 01:49:59 - [MESSAGE][PASSED] - Object 'Object Repository/VLink/Page_CCSale/txt_UDF5' is present

2021-06-22 01:49:59 - [MESSAGE][PASSED] - Text '' is set on object 'Object Repository/VLink/Page_CCSale/txt_UDF5'

2021-06-22 01:50:00 - [MESSAGE][PASSED] - Object 'Object Repository/VLink/Page_CCSale/txt_UDF6' is present

2021-06-22 01:50:00 - [MESSAGE][PASSED] - Text '' is set on object 'Object Repository/VLink/Page_CCSale/txt_UDF6'

2021-06-22 01:50:01 - [MESSAGE][PASSED] - Object 'Object Repository/VLink/Page_CCSale/txt_UDF7' is present

2021-06-22 01:50:01 - [MESSAGE][PASSED] - Text '' is set on object 'Object Repository/VLink/Page_CCSale/txt_UDF7'

2021-06-22 01:50:02 - [MESSAGE][PASSED] - Object 'Object Repository/VLink/Page_CCSale/txt_UDF8' is present

2021-06-22 01:50:02 - [MESSAGE][PASSED] - Text '' is set on object 'Object Repository/VLink/Page_CCSale/txt_UDF8'

2021-06-22 01:50:03 - [MESSAGE][PASSED] - Object 'Object Repository/VLink/Page_CCSale/txt_UDF9' is present

2021-06-22 01:50:03 - [MESSAGE][PASSED] - Text '' is set on object 'Object Repository/VLink/Page_CCSale/txt_UDF9'

2021-06-22 01:50:04 - [MESSAGE][PASSED] - Object 'Object Repository/VLink/Page_CCSale/txt_UDF10' is present

2021-06-22 01:50:04 - [MESSAGE][PASSED] - Text '' is set on object 'Object Repository/VLink/Page_CCSale/txt_UDF10'

2021-06-22 01:50:05 - [MESSAGE][PASSED] - Object 'Object Repository/VLink/Page_CCSale/txt_CardOnFileIndicator' is present

2021-06-22 01:50:05 - [MESSAGE][PASSED] - Text '0' is set on object 'Object Repository/VLink/Page_CCSale/txt_CardOnFileIndicator'

2021-06-22 01:50:06 - [MESSAGE][PASSED] - Object 'Object Repository/VLink/Page_CCSale/txt_StoredCredentialIndicator' is present

2021-06-22 01:50:06 - [MESSAGE][PASSED] - Text 'Initial' is set on object 'Object Repository/VLink/Page_CCSale/txt_StoredCredentialIndicator'

2021-06-22 01:50:07 - [MESSAGE][PASSED] - Object 'Object Repository/VLink/Page_CCSale/txt_COFScheduledIndicator' is present

2021-06-22 01:50:07 - [MESSAGE][PASSED] - Text 'Unscheduled' is set on object 'Object Repository/VLink/Page_CCSale/txt_COFScheduledIndicator'

2021-06-22 01:50:08 - [MESSAGE][PASSED] - Object 'Object Repository/VLink/Page_CCSale/txt_COFTransactionInitiatedBy' is present

2021-06-22 01:50:08 - [MESSAGE][PASSED] - Text 'Customer' is set on object 'Object Repository/VLink/Page_CCSale/txt_COFTransactionInitiatedBy'

2021-06-22 01:50:13 - [MESSAGE][PASSED] - Object: 'Object Repository/VLink/Page_CCSale/btn_ProcessVLinkTransaction' is clicked on

2021-06-22 01:50:18 - [MESSAGE][PASSED] - vlinkPages.saleCCPage.setDataSCC is PASSED

2021-06-22 01:50:18 - [TEST_STEP][FAILED] - if (verifyTextPresent("Transaction approved, no errors", true)): Text 'Transaction approved, no errors' is not present on page  using regular expression (Root cause: com.kms.katalon.core.exception.StepFailedException: Text 'Transaction approved, no errors' is not present on page  using regular expression
	at com.kms.katalon.core.webui.keyword.internal.WebUIKeywordMain.stepFailed(WebUIKeywordMain.groovy:64)
	at com.kms.katalon.core.webui.keyword.builtin.VerifyTextPresentKeyword$_verifyTextPresent_closure1.doCall(VerifyTextPresentKeyword.groovy:79)
	at com.kms.katalon.core.webui.keyword.builtin.VerifyTextPresentKeyword$_verifyTextPresent_closure1.call(VerifyTextPresentKeyword.groovy)
	at com.kms.katalon.core.webui.keyword.internal.WebUIKeywordMain.runKeyword(WebUIKeywordMain.groovy:20)
	at com.kms.katalon.core.webui.keyword.builtin.VerifyTextPresentKeyword.verifyTextPresent(VerifyTextPresentKeyword.groovy:83)
	at com.kms.katalon.core.webui.keyword.builtin.VerifyTextPresentKeyword.execute(VerifyTextPresentKeyword.groovy:68)
	at com.kms.katalon.core.keyword.internal.KeywordExecutor.executeKeywordForPlatform(KeywordExecutor.groovy:72)
	at com.kms.katalon.core.webui.keyword.WebUiBuiltInKeywords.verifyTextPresent(WebUiBuiltInKeywords.groovy:1719)
	at com.kms.katalon.core.webui.keyword.WebUiBuiltInKeywords$verifyTextPresent$4.call(Unknown Source)
	at VLinkSale-Successful.run(VLinkSale-Successful:76)
	at com.kms.katalon.core.main.ScriptEngine.run(ScriptEngine.java:194)
	at com.kms.katalon.core.main.ScriptEngine.runScriptAsRawText(ScriptEngine.java:119)
	at com.kms.katalon.core.main.TestCaseExecutor.runScript(TestCaseExecutor.java:337)
	at com.kms.katalon.core.main.TestCaseExecutor.doExecute(TestCaseExecutor.java:328)
	at com.kms.katalon.core.main.TestCaseExecutor.processExecutionPhase(TestCaseExecutor.java:307)
	at com.kms.katalon.core.main.TestCaseExecutor.accessMainPhase(TestCaseExecutor.java:299)
	at com.kms.katalon.core.main.TestCaseExecutor.execute(TestCaseExecutor.java:233)
	at com.kms.katalon.core.main.TestSuiteExecutor.accessTestCaseMainPhase(TestSuiteExecutor.java:169)
	at com.kms.katalon.core.main.TestSuiteExecutor.accessTestSuiteMainPhase(TestSuiteExecutor.java:142)
	at com.kms.katalon.core.main.TestSuiteExecutor.execute(TestSuiteExecutor.java:91)
	at com.kms.katalon.core.main.TestCaseMain.startTestSuite(TestCaseMain.java:157)
	at com.kms.katalon.core.main.TestCaseMain$startTestSuite$0.call(Unknown Source)
	at TempTestSuite1624337272106.run(TempTestSuite1624337272106.groovy:37)
)

2021-06-22 01:50:18 - [MESSAGE][FAILED] - Text 'Transaction approved, no errors' is not present on page  using regular expression (Root cause: com.kms.katalon.core.exception.StepFailedException: Text 'Transaction approved, no errors' is not present on page  using regular expression
	at com.kms.katalon.core.webui.keyword.internal.WebUIKeywordMain.stepFailed(WebUIKeywordMain.groovy:64)
	at com.kms.katalon.core.webui.keyword.builtin.VerifyTextPresentKeyword$_verifyTextPresent_closure1.doCall(VerifyTextPresentKeyword.groovy:79)
	at com.kms.katalon.core.webui.keyword.builtin.VerifyTextPresentKeyword$_verifyTextPresent_closure1.call(VerifyTextPresentKeyword.groovy)
	at com.kms.katalon.core.webui.keyword.internal.WebUIKeywordMain.runKeyword(WebUIKeywordMain.groovy:20)
	at com.kms.katalon.core.webui.keyword.builtin.VerifyTextPresentKeyword.verifyTextPresent(VerifyTextPresentKeyword.groovy:83)
	at com.kms.katalon.core.webui.keyword.builtin.VerifyTextPresentKeyword.execute(VerifyTextPresentKeyword.groovy:68)
	at com.kms.katalon.core.keyword.internal.KeywordExecutor.executeKeywordForPlatform(KeywordExecutor.groovy:72)
	at com.kms.katalon.core.webui.keyword.WebUiBuiltInKeywords.verifyTextPresent(WebUiBuiltInKeywords.groovy:1719)
	at com.kms.katalon.core.webui.keyword.WebUiBuiltInKeywords$verifyTextPresent$4.call(Unknown Source)
	at VLinkSale-Successful.run(VLinkSale-Successful:76)
	at com.kms.katalon.core.main.ScriptEngine.run(ScriptEngine.java:194)
	at com.kms.katalon.core.main.ScriptEngine.runScriptAsRawText(ScriptEngine.java:119)
	at com.kms.katalon.core.main.TestCaseExecutor.runScript(TestCaseExecutor.java:337)
	at com.kms.katalon.core.main.TestCaseExecutor.doExecute(TestCaseExecutor.java:328)
	at com.kms.katalon.core.main.TestCaseExecutor.processExecutionPhase(TestCaseExecutor.java:307)
	at com.kms.katalon.core.main.TestCaseExecutor.accessMainPhase(TestCaseExecutor.java:299)
	at com.kms.katalon.core.main.TestCaseExecutor.execute(TestCaseExecutor.java:233)
	at com.kms.katalon.core.main.TestSuiteExecutor.accessTestCaseMainPhase(TestSuiteExecutor.java:169)
	at com.kms.katalon.core.main.TestSuiteExecutor.accessTestSuiteMainPhase(TestSuiteExecutor.java:142)
	at com.kms.katalon.core.main.TestSuiteExecutor.execute(TestSuiteExecutor.java:91)
	at com.kms.katalon.core.main.TestCaseMain.startTestSuite(TestCaseMain.java:157)
	at com.kms.katalon.core.main.TestCaseMain$startTestSuite$0.call(Unknown Source)
	at TempTestSuite1624337272106.run(TempTestSuite1624337272106.groovy:37)
)

2021-06-22 01:50:18 - [TEST_STEP][PASSED] - else: pages.WriteExcel.demoKey is PASSED

2021-06-22 01:50:18 - [TEST_STEP][PASSED] - println("Transaction Approved, no errors text is not present on the Confirmation page"): null

2021-06-22 01:50:18 - [TEST_STEP][PASSED] - out.println("Fail Record Number: " + row): null

2021-06-22 01:50:18 - [TEST_STEP][PASSED] - resText = "Fail": null

2021-06-22 01:50:18 - [TEST_STEP][PASSED] - pages.WriteExcel.demoKey(resText, datText, resColumn, datCloumn, fileLoc, nameSheet, row): pages.WriteExcel.demoKey is PASSED

2021-06-22 01:50:18 - [MESSAGE][PASSED] - pages.WriteExcel.demoKey is PASSED

2021-06-22 01:50:18 - [TEST_STEP][PASSED] - sdfo = getText(findTestObject("Object Repository/Page_VLinkReceipt/pre_STX")): Text of object 'Object Repository/Page_VLinkReceipt/pre_STX' is: '<STX>1kN9kdluc5PE                  12098391            2  Transaction failed                                105Processor reported error                                                        U          <ETX>'

2021-06-22 01:50:19 - [MESSAGE][PASSED] - Text of object 'Object Repository/Page_VLinkReceipt/pre_STX' is: '<STX>1kN9kdluc5PE                  12098391            2  Transaction failed                                105Processor reported error                                                        U          <ETX>'

2021-06-22 01:50:19 - [TEST_STEP][PASSED] - out.println("sdfo: " + sdfo): null

2021-06-22 01:50:19 - [TEST_STEP][PASSED] - remID = substring(5, 35).trim(): null

2021-06-22 01:50:19 - [TEST_STEP][PASSED] - out.println("Remittance ID: " + remID): null

2021-06-22 01:50:19 - [TEST_STEP][PASSED] - traxID = substring(35, 55).trim(): null

2021-06-22 01:50:19 - [TEST_STEP][PASSED] - out.println("Transaction ID: " + traxID): null

2021-06-22 01:50:19 - [TEST_STEP][PASSED] - out.println("End Record Number: " + row): null

2021-06-22 01:50:19 - [TEST_STEP][PASSED] - closeBrowser(): Browser is closed

2021-06-22 01:50:19 - [MESSAGE][PASSED] - Browser is closed

2021-06-22 01:50:19 - [TEST_STEP][PASSED] - out.println("Begin Record Number: " + row): null

2021-06-22 01:50:19 - [TEST_STEP][PASSED] - today = new java.util.Date(): null

2021-06-22 01:50:19 - [TEST_STEP][PASSED] - println(today): null

2021-06-22 01:50:19 - [TEST_STEP][PASSED] - datText = today: null

2021-06-22 01:50:19 - [TEST_STEP][PASSED] - openBrowser(VLinkURL + "authcap.html"): Browser is opened with url: 'https://dev-algorithm.govolution.com/vlinktest/QA/version_2_0/authcap.html'

2021-06-22 01:50:19 - [MESSAGE][INFO] - Starting 'Chrome' driver

2021-06-22 01:50:19 - [MESSAGE][INFO] - User set preference: ['acceptInsecureCerts', 'true']

2021-06-22 01:50:19 - [MESSAGE][INFO] - Action delay is set to 0 milliseconds

2021-06-22 01:50:21 - [MESSAGE][PASSED] - Browser is opened with url: 'https://dev-algorithm.govolution.com/vlinktest/QA/version_2_0/authcap.html'

2021-06-22 01:50:21 - [TEST_STEP][PASSED] - maximizeWindow(): Current window maximized

2021-06-22 01:50:21 - [MESSAGE][PASSED] - Current window maximized

2021-06-22 01:50:21 - [TEST_STEP][PASSED] - vlinkPages.saleCCPage.setDataSCC(row, dataFile): vlinkPages.saleCCPage.setDataSCC is PASSED

2021-06-22 01:50:23 - [MESSAGE][PASSED] - Object 'Object Repository/VLink/Page_CCSale/txt_CardNumber' is present

2021-06-22 01:50:23 - [MESSAGE][PASSED] - Object 'Object Repository/VLink/Page_CCSale/txt_TransactionType' is present

2021-06-22 01:50:24 - [MESSAGE][PASSED] - Text '104' is set on object 'Object Repository/VLink/Page_CCSale/txt_TransactionType'

2021-06-22 01:50:24 - [MESSAGE][PASSED] - Object 'Object Repository/VLink/Page_CCSale/txt_MessageVersion' is present

2021-06-22 01:50:25 - [MESSAGE][PASSED] - Text '2.0C' is set on object 'Object Repository/VLink/Page_CCSale/txt_MessageVersion'

2021-06-22 01:50:25 - [MESSAGE][PASSED] - Object 'Object Repository/VLink/Page_CCSale/txt_RemID' is present

2021-06-22 01:50:26 - [MESSAGE][PASSED] - Text 'WN98EE032aDi' is set on object 'Object Repository/VLink/Page_CCSale/txt_RemID'

2021-06-22 01:50:26 - [MESSAGE][PASSED] - Object 'Object Repository/VLink/Page_CCSale/txt_ApplicationId' is present

2021-06-22 01:50:27 - [MESSAGE][PASSED] - Text '667' is set on object 'Object Repository/VLink/Page_CCSale/txt_ApplicationId'

2021-06-22 01:50:27 - [MESSAGE][PASSED] - Object 'Object Repository/VLink/Page_CCSale/txt_Username' is present

2021-06-22 01:50:28 - [MESSAGE][PASSED] - Text 'username' is set on object 'Object Repository/VLink/Page_CCSale/txt_Username'

2021-06-22 01:50:28 - [MESSAGE][PASSED] - Object 'Object Repository/VLink/Page_CCSale/txt_Password' is present

2021-06-22 01:50:29 - [MESSAGE][PASSED] - Text 'password' is set on object 'Object Repository/VLink/Page_CCSale/txt_Password'

2021-06-22 01:50:29 - [MESSAGE][PASSED] - Object 'Object Repository/VLink/Page_CCSale/txt_ResponseFormat' is present

2021-06-22 01:50:29 - [MESSAGE][PASSED] - Text 'fixed_width' is set on object 'Object Repository/VLink/Page_CCSale/txt_ResponseFormat'

2021-06-22 01:50:30 - [MESSAGE][PASSED] - Object 'Object Repository/VLink/Page_CCSale/txt_Category' is present

2021-06-22 01:50:30 - [MESSAGE][PASSED] - Text 'ECOM' is set on object 'Object Repository/VLink/Page_CCSale/txt_Category'

2021-06-22 01:50:31 - [MESSAGE][PASSED] - Object 'Object Repository/VLink/Page_CCSale/txt_TransactionID' is present

2021-06-22 01:50:31 - [MESSAGE][PASSED] - Text '' is set on object 'Object Repository/VLink/Page_CCSale/txt_TransactionID'

2021-06-22 01:50:32 - [MESSAGE][PASSED] - Object 'Object Repository/VLink/Page_CCSale/txt_ApprovalCode' is present

2021-06-22 01:50:32 - [MESSAGE][PASSED] - Text '' is set on object 'Object Repository/VLink/Page_CCSale/txt_ApprovalCode'

2021-06-22 01:50:33 - [MESSAGE][PASSED] - Object 'Object Repository/VLink/Page_CCSale/txt_CardName' is present

2021-06-22 01:50:33 - [MESSAGE][PASSED] - Text 'Kris Roshan' is set on object 'Object Repository/VLink/Page_CCSale/txt_CardName'

2021-06-22 01:50:34 - [MESSAGE][PASSED] - Object 'Object Repository/VLink/Page_CCSale/txt_AL1' is present

2021-06-22 01:50:34 - [MESSAGE][PASSED] - Text '258 Elm Road' is set on object 'Object Repository/VLink/Page_CCSale/txt_AL1'

2021-06-22 01:50:35 - [MESSAGE][PASSED] - Object 'Object Repository/VLink/Page_CCSale/txt_AL2' is present

2021-06-22 01:50:35 - [MESSAGE][PASSED] - Text 'Suite 56' is set on object 'Object Repository/VLink/Page_CCSale/txt_AL2'

2021-06-22 01:50:36 - [MESSAGE][PASSED] - Object 'Object Repository/VLink/Page_CCSale/txt_CardCity' is present

2021-06-22 01:50:36 - [MESSAGE][PASSED] - Text 'Arlington' is set on object 'Object Repository/VLink/Page_CCSale/txt_CardCity'

2021-06-22 01:50:37 - [MESSAGE][PASSED] - Object 'Object Repository/VLink/Page_CCSale/txt_CardState' is present

2021-06-22 01:50:37 - [MESSAGE][PASSED] - Text 'VA' is set on object 'Object Repository/VLink/Page_CCSale/txt_CardState'

2021-06-22 01:50:38 - [MESSAGE][PASSED] - Object 'Object Repository/VLink/Page_CCSale/txt_CardZIP' is present

2021-06-22 01:50:38 - [MESSAGE][PASSED] - Text '22201' is set on object 'Object Repository/VLink/Page_CCSale/txt_CardZIP'

2021-06-22 01:50:39 - [MESSAGE][PASSED] - Object 'Object Repository/VLink/Page_CCSale/txt_CountryID' is present

2021-06-22 01:50:39 - [MESSAGE][PASSED] - Text '840' is set on object 'Object Repository/VLink/Page_CCSale/txt_CountryID'

2021-06-22 01:50:40 - [MESSAGE][PASSED] - Object 'Object Repository/VLink/Page_CCSale/txt_Amount' is present

2021-06-22 01:50:40 - [MESSAGE][PASSED] - Text '1.50' is set on object 'Object Repository/VLink/Page_CCSale/txt_Amount'

2021-06-22 01:50:41 - [MESSAGE][PASSED] - Object 'Object Repository/VLink/Page_CCSale/txt_CardNumber' is present

2021-06-22 01:50:41 - [MESSAGE][PASSED] - Text '6011000000000004' is set on object 'Object Repository/VLink/Page_CCSale/txt_CardNumber'

2021-06-22 01:50:42 - [MESSAGE][PASSED] - Object 'Object Repository/VLink/Page_CCSale/txt_ExpMonth' is present

2021-06-22 01:50:42 - [MESSAGE][PASSED] - Text '12' is set on object 'Object Repository/VLink/Page_CCSale/txt_ExpMonth'

2021-06-22 01:50:43 - [MESSAGE][PASSED] - Object 'Object Repository/VLink/Page_CCSale/txt_ExpYear' is present

2021-06-22 01:50:43 - [MESSAGE][PASSED] - Text '2025' is set on object 'Object Repository/VLink/Page_CCSale/txt_ExpYear'

2021-06-22 01:50:44 - [MESSAGE][PASSED] - Object 'Object Repository/VLink/Page_CCSale/txt_CVV' is present

2021-06-22 01:50:44 - [MESSAGE][PASSED] - Text '' is set on object 'Object Repository/VLink/Page_CCSale/txt_CVV'

2021-06-22 01:50:45 - [MESSAGE][PASSED] - Object 'Object Repository/VLink/Page_CCSale/txt_CVVstate' is present

2021-06-22 01:50:45 - [MESSAGE][PASSED] - Text '' is set on object 'Object Repository/VLink/Page_CCSale/txt_CVVstate'

2021-06-22 01:50:46 - [MESSAGE][PASSED] - Object 'Object Repository/VLink/Page_CCSale/txt_TrackData' is present

2021-06-22 01:50:46 - [MESSAGE][PASSED] - Text '' is set on object 'Object Repository/VLink/Page_CCSale/txt_TrackData'

2021-06-22 01:50:47 - [MESSAGE][PASSED] - Object 'Object Repository/VLink/Page_CCSale/txt_Track1Data' is present

2021-06-22 01:50:47 - [MESSAGE][PASSED] - Text '' is set on object 'Object Repository/VLink/Page_CCSale/txt_Track1Data'

2021-06-22 01:50:48 - [MESSAGE][PASSED] - Object 'Object Repository/VLink/Page_CCSale/txt_Track2Data' is present

2021-06-22 01:50:48 - [MESSAGE][PASSED] - Text '' is set on object 'Object Repository/VLink/Page_CCSale/txt_Track2Data'

2021-06-22 01:50:49 - [MESSAGE][PASSED] - Object 'Object Repository/VLink/Page_CCSale/txt_POSEntryMode' is present

2021-06-22 01:50:49 - [MESSAGE][PASSED] - Text 'manual' is set on object 'Object Repository/VLink/Page_CCSale/txt_POSEntryMode'

2021-06-22 01:50:50 - [MESSAGE][PASSED] - Object 'Object Repository/VLink/Page_CCSale/txt_Email' is present

2021-06-22 01:50:50 - [MESSAGE][PASSED] - Text 'iahmed@govolution.com' is set on object 'Object Repository/VLink/Page_CCSale/txt_Email'

2021-06-22 01:50:51 - [MESSAGE][PASSED] - Object 'Object Repository/VLink/Page_CCSale/txt_OrderNumber' is present

2021-06-22 01:50:51 - [MESSAGE][PASSED] - Text '2569362' is set on object 'Object Repository/VLink/Page_CCSale/txt_OrderNumber'

2021-06-22 01:50:52 - [MESSAGE][PASSED] - Object 'Object Repository/VLink/Page_CCSale/txt_TaxAmount' is present

2021-06-22 01:50:52 - [MESSAGE][PASSED] - Text '1.15' is set on object 'Object Repository/VLink/Page_CCSale/txt_TaxAmount'

2021-06-22 01:50:53 - [MESSAGE][PASSED] - Object 'Object Repository/VLink/Page_CCSale/txt_ChargeDescription' is present

2021-06-22 01:50:53 - [MESSAGE][PASSED] - Text 'Charge Description' is set on object 'Object Repository/VLink/Page_CCSale/txt_ChargeDescription'

2021-06-22 01:50:54 - [MESSAGE][PASSED] - Object 'Object Repository/VLink/Page_CCSale/txt_CAN' is present

2021-06-22 01:50:54 - [MESSAGE][PASSED] - Text '147357' is set on object 'Object Repository/VLink/Page_CCSale/txt_CAN'

2021-06-22 01:50:55 - [MESSAGE][PASSED] - Object 'Object Repository/VLink/Page_CCSale/txt_BillPaymentIndicator' is present

2021-06-22 01:50:55 - [MESSAGE][PASSED] - Text '1' is set on object 'Object Repository/VLink/Page_CCSale/txt_BillPaymentIndicator'

2021-06-22 01:50:56 - [MESSAGE][PASSED] - Object 'Object Repository/VLink/Page_CCSale/txt_UDF1' is present

2021-06-22 01:50:56 - [MESSAGE][PASSED] - Text 'UDF Data 1' is set on object 'Object Repository/VLink/Page_CCSale/txt_UDF1'

2021-06-22 01:50:57 - [MESSAGE][PASSED] - Object 'Object Repository/VLink/Page_CCSale/txt_UDF2' is present

2021-06-22 01:50:57 - [MESSAGE][PASSED] - Text 'UDF Data 2' is set on object 'Object Repository/VLink/Page_CCSale/txt_UDF2'

2021-06-22 01:50:58 - [MESSAGE][PASSED] - Object 'Object Repository/VLink/Page_CCSale/txt_UDF3' is present

2021-06-22 01:50:58 - [MESSAGE][PASSED] - Text 'UDF Data 3' is set on object 'Object Repository/VLink/Page_CCSale/txt_UDF3'

2021-06-22 01:50:59 - [MESSAGE][PASSED] - Object 'Object Repository/VLink/Page_CCSale/txt_UDF4' is present

2021-06-22 01:50:59 - [MESSAGE][PASSED] - Text 'UDF Data 4' is set on object 'Object Repository/VLink/Page_CCSale/txt_UDF4'

2021-06-22 01:51:00 - [MESSAGE][PASSED] - Object 'Object Repository/VLink/Page_CCSale/txt_UDF5' is present

2021-06-22 01:51:00 - [MESSAGE][PASSED] - Text 'UDF Data 5' is set on object 'Object Repository/VLink/Page_CCSale/txt_UDF5'

2021-06-22 01:51:01 - [MESSAGE][PASSED] - Object 'Object Repository/VLink/Page_CCSale/txt_UDF6' is present

2021-06-22 01:51:01 - [MESSAGE][PASSED] - Text 'UDF Data 6' is set on object 'Object Repository/VLink/Page_CCSale/txt_UDF6'

2021-06-22 01:51:02 - [MESSAGE][PASSED] - Object 'Object Repository/VLink/Page_CCSale/txt_UDF7' is present

2021-06-22 01:51:02 - [MESSAGE][PASSED] - Text 'UDF Data 7' is set on object 'Object Repository/VLink/Page_CCSale/txt_UDF7'

2021-06-22 01:51:03 - [MESSAGE][PASSED] - Object 'Object Repository/VLink/Page_CCSale/txt_UDF8' is present

2021-06-22 01:51:03 - [MESSAGE][PASSED] - Text 'UDF Data 8' is set on object 'Object Repository/VLink/Page_CCSale/txt_UDF8'

2021-06-22 01:51:04 - [MESSAGE][PASSED] - Object 'Object Repository/VLink/Page_CCSale/txt_UDF9' is present

2021-06-22 01:51:04 - [MESSAGE][PASSED] - Text 'UDF Data 9' is set on object 'Object Repository/VLink/Page_CCSale/txt_UDF9'

2021-06-22 01:51:05 - [MESSAGE][PASSED] - Object 'Object Repository/VLink/Page_CCSale/txt_UDF10' is present

2021-06-22 01:51:05 - [MESSAGE][PASSED] - Text 'UDF Data 10' is set on object 'Object Repository/VLink/Page_CCSale/txt_UDF10'

2021-06-22 01:51:06 - [MESSAGE][PASSED] - Object 'Object Repository/VLink/Page_CCSale/txt_CardOnFileIndicator' is present

2021-06-22 01:51:06 - [MESSAGE][PASSED] - Text '0' is set on object 'Object Repository/VLink/Page_CCSale/txt_CardOnFileIndicator'

2021-06-22 01:51:07 - [MESSAGE][PASSED] - Object 'Object Repository/VLink/Page_CCSale/txt_StoredCredentialIndicator' is present

2021-06-22 01:51:07 - [MESSAGE][PASSED] - Text 'Initial' is set on object 'Object Repository/VLink/Page_CCSale/txt_StoredCredentialIndicator'

2021-06-22 01:51:08 - [MESSAGE][PASSED] - Object 'Object Repository/VLink/Page_CCSale/txt_COFScheduledIndicator' is present

2021-06-22 01:51:08 - [MESSAGE][PASSED] - Text 'Unscheduled' is set on object 'Object Repository/VLink/Page_CCSale/txt_COFScheduledIndicator'

2021-06-22 01:51:09 - [MESSAGE][PASSED] - Object 'Object Repository/VLink/Page_CCSale/txt_COFTransactionInitiatedBy' is present

2021-06-22 01:51:09 - [MESSAGE][PASSED] - Text 'Customer' is set on object 'Object Repository/VLink/Page_CCSale/txt_COFTransactionInitiatedBy'

2021-06-22 01:51:13 - [MESSAGE][PASSED] - Object: 'Object Repository/VLink/Page_CCSale/btn_ProcessVLinkTransaction' is clicked on

2021-06-22 01:51:18 - [MESSAGE][PASSED] - vlinkPages.saleCCPage.setDataSCC is PASSED

2021-06-22 01:51:18 - [TEST_STEP][PASSED] - if (verifyTextPresent("Transaction approved, no errors", true)): null

2021-06-22 01:51:19 - [MESSAGE][PASSED] - Text 'Transaction approved, no errors' is present on page  using regular expression

2021-06-22 01:51:19 - [TEST_STEP][PASSED] - println("Transaction Approved, no errors text is present on the Confirmation page"): null

2021-06-22 01:51:19 - [TEST_STEP][PASSED] - out.println("Pass Record Number: " + row): null

2021-06-22 01:51:19 - [TEST_STEP][PASSED] - resText = "Pass": null

2021-06-22 01:51:19 - [TEST_STEP][PASSED] - pages.WriteExcel.demoKey(resText, datText, resColumn, datCloumn, fileLoc, nameSheet, row): pages.WriteExcel.demoKey is PASSED

2021-06-22 01:51:19 - [MESSAGE][PASSED] - pages.WriteExcel.demoKey is PASSED

2021-06-22 01:51:19 - [TEST_STEP][PASSED] - sdfo = getText(findTestObject("Object Repository/Page_VLinkReceipt/pre_STX")): Text of object 'Object Repository/Page_VLinkReceipt/pre_STX' is: '<STX>WN98EE032aDi                  12098392            0  Transaction approved, no errors                   0                                                                                  Y OK2673   <ETX>'

2021-06-22 01:51:19 - [MESSAGE][PASSED] - Text of object 'Object Repository/Page_VLinkReceipt/pre_STX' is: '<STX>WN98EE032aDi                  12098392            0  Transaction approved, no errors                   0                                                                                  Y OK2673   <ETX>'

2021-06-22 01:51:19 - [TEST_STEP][PASSED] - out.println("sdfo: " + sdfo): null

2021-06-22 01:51:19 - [TEST_STEP][PASSED] - remID = substring(5, 35).trim(): null

2021-06-22 01:51:19 - [TEST_STEP][PASSED] - out.println("Remittance ID: " + remID): null

2021-06-22 01:51:19 - [TEST_STEP][PASSED] - traxID = substring(35, 55).trim(): null

2021-06-22 01:51:19 - [TEST_STEP][PASSED] - out.println("Transaction ID: " + traxID): null

2021-06-22 01:51:19 - [TEST_STEP][PASSED] - out.println("End Record Number: " + row): null

2021-06-22 01:51:19 - [TEST_STEP][PASSED] - closeBrowser(): Browser is closed

2021-06-22 01:51:20 - [MESSAGE][PASSED] - Browser is closed

2021-06-22 01:51:20 - [TEST_STEP][PASSED] - out.println("Begin Record Number: " + row): null

2021-06-22 01:51:20 - [TEST_STEP][PASSED] - today = new java.util.Date(): null

2021-06-22 01:51:20 - [TEST_STEP][PASSED] - println(today): null

2021-06-22 01:51:20 - [TEST_STEP][PASSED] - datText = today: null

2021-06-22 01:51:20 - [TEST_STEP][PASSED] - openBrowser(VLinkURL + "authcap.html"): Browser is opened with url: 'https://dev-algorithm.govolution.com/vlinktest/QA/version_2_0/authcap.html'

2021-06-22 01:51:20 - [MESSAGE][INFO] - Starting 'Chrome' driver

2021-06-22 01:51:20 - [MESSAGE][INFO] - User set preference: ['acceptInsecureCerts', 'true']

2021-06-22 01:51:20 - [MESSAGE][INFO] - Action delay is set to 0 milliseconds

2021-06-22 01:51:21 - [MESSAGE][PASSED] - Browser is opened with url: 'https://dev-algorithm.govolution.com/vlinktest/QA/version_2_0/authcap.html'

2021-06-22 01:51:21 - [TEST_STEP][PASSED] - maximizeWindow(): Current window maximized

2021-06-22 01:51:22 - [MESSAGE][PASSED] - Current window maximized

2021-06-22 01:51:22 - [TEST_STEP][PASSED] - vlinkPages.saleCCPage.setDataSCC(row, dataFile): vlinkPages.saleCCPage.setDataSCC is PASSED

2021-06-22 01:51:24 - [MESSAGE][PASSED] - Object 'Object Repository/VLink/Page_CCSale/txt_CardNumber' is present

2021-06-22 01:51:24 - [MESSAGE][PASSED] - Object 'Object Repository/VLink/Page_CCSale/txt_TransactionType' is present

2021-06-22 01:51:25 - [MESSAGE][PASSED] - Text '104' is set on object 'Object Repository/VLink/Page_CCSale/txt_TransactionType'

2021-06-22 01:51:25 - [MESSAGE][PASSED] - Object 'Object Repository/VLink/Page_CCSale/txt_MessageVersion' is present

2021-06-22 01:51:25 - [MESSAGE][PASSED] - Text '2.0C' is set on object 'Object Repository/VLink/Page_CCSale/txt_MessageVersion'

2021-06-22 01:51:26 - [MESSAGE][PASSED] - Object 'Object Repository/VLink/Page_CCSale/txt_RemID' is present

2021-06-22 01:51:26 - [MESSAGE][PASSED] - Text 'mpT8aRkvMbVp' is set on object 'Object Repository/VLink/Page_CCSale/txt_RemID'

2021-06-22 01:51:27 - [MESSAGE][PASSED] - Object 'Object Repository/VLink/Page_CCSale/txt_ApplicationId' is present

2021-06-22 01:51:27 - [MESSAGE][PASSED] - Text '670' is set on object 'Object Repository/VLink/Page_CCSale/txt_ApplicationId'

2021-06-22 01:51:27 - [MESSAGE][PASSED] - Object 'Object Repository/VLink/Page_CCSale/txt_Username' is present

2021-06-22 01:51:28 - [MESSAGE][PASSED] - Text 'username' is set on object 'Object Repository/VLink/Page_CCSale/txt_Username'

2021-06-22 01:51:28 - [MESSAGE][PASSED] - Object 'Object Repository/VLink/Page_CCSale/txt_Password' is present

2021-06-22 01:51:29 - [MESSAGE][PASSED] - Text 'password' is set on object 'Object Repository/VLink/Page_CCSale/txt_Password'

2021-06-22 01:51:29 - [MESSAGE][PASSED] - Object 'Object Repository/VLink/Page_CCSale/txt_ResponseFormat' is present

2021-06-22 01:51:30 - [MESSAGE][PASSED] - Text 'fixed_width' is set on object 'Object Repository/VLink/Page_CCSale/txt_ResponseFormat'

2021-06-22 01:51:30 - [MESSAGE][PASSED] - Object 'Object Repository/VLink/Page_CCSale/txt_Category' is present

2021-06-22 01:51:31 - [MESSAGE][PASSED] - Text 'MOTO' is set on object 'Object Repository/VLink/Page_CCSale/txt_Category'

2021-06-22 01:51:31 - [MESSAGE][PASSED] - Object 'Object Repository/VLink/Page_CCSale/txt_TransactionID' is present

2021-06-22 01:51:32 - [MESSAGE][PASSED] - Text '' is set on object 'Object Repository/VLink/Page_CCSale/txt_TransactionID'

2021-06-22 01:51:32 - [MESSAGE][PASSED] - Object 'Object Repository/VLink/Page_CCSale/txt_ApprovalCode' is present

2021-06-22 01:51:33 - [MESSAGE][PASSED] - Text '' is set on object 'Object Repository/VLink/Page_CCSale/txt_ApprovalCode'

2021-06-22 01:51:33 - [MESSAGE][PASSED] - Object 'Object Repository/VLink/Page_CCSale/txt_CardName' is present

2021-06-22 01:51:34 - [MESSAGE][PASSED] - Text 'Arvind Silva' is set on object 'Object Repository/VLink/Page_CCSale/txt_CardName'

2021-06-22 01:51:34 - [MESSAGE][PASSED] - Object 'Object Repository/VLink/Page_CCSale/txt_AL1' is present

2021-06-22 01:51:35 - [MESSAGE][PASSED] - Text '111 Main Ave' is set on object 'Object Repository/VLink/Page_CCSale/txt_AL1'

2021-06-22 01:51:35 - [MESSAGE][PASSED] - Object 'Object Repository/VLink/Page_CCSale/txt_AL2' is present

2021-06-22 01:51:36 - [MESSAGE][PASSED] - Text '' is set on object 'Object Repository/VLink/Page_CCSale/txt_AL2'

2021-06-22 01:51:36 - [MESSAGE][PASSED] - Object 'Object Repository/VLink/Page_CCSale/txt_CardCity' is present

2021-06-22 01:51:37 - [MESSAGE][PASSED] - Text 'Arlington' is set on object 'Object Repository/VLink/Page_CCSale/txt_CardCity'

2021-06-22 01:51:37 - [MESSAGE][PASSED] - Object 'Object Repository/VLink/Page_CCSale/txt_CardState' is present

2021-06-22 01:51:38 - [MESSAGE][PASSED] - Text 'VA' is set on object 'Object Repository/VLink/Page_CCSale/txt_CardState'

2021-06-22 01:51:38 - [MESSAGE][PASSED] - Object 'Object Repository/VLink/Page_CCSale/txt_CardZIP' is present

2021-06-22 01:51:39 - [MESSAGE][PASSED] - Text '22201' is set on object 'Object Repository/VLink/Page_CCSale/txt_CardZIP'

2021-06-22 01:51:39 - [MESSAGE][PASSED] - Object 'Object Repository/VLink/Page_CCSale/txt_CountryID' is present

2021-06-22 01:51:39 - [MESSAGE][PASSED] - Text '' is set on object 'Object Repository/VLink/Page_CCSale/txt_CountryID'

2021-06-22 01:51:40 - [MESSAGE][PASSED] - Object 'Object Repository/VLink/Page_CCSale/txt_Amount' is present

2021-06-22 01:51:40 - [MESSAGE][PASSED] - Text '2.50' is set on object 'Object Repository/VLink/Page_CCSale/txt_Amount'

2021-06-22 01:51:41 - [MESSAGE][PASSED] - Object 'Object Repository/VLink/Page_CCSale/txt_CardNumber' is present

2021-06-22 01:51:41 - [MESSAGE][PASSED] - Text '4111111111111111' is set on object 'Object Repository/VLink/Page_CCSale/txt_CardNumber'

2021-06-22 01:51:42 - [MESSAGE][PASSED] - Object 'Object Repository/VLink/Page_CCSale/txt_ExpMonth' is present

2021-06-22 01:51:42 - [MESSAGE][PASSED] - Text '01' is set on object 'Object Repository/VLink/Page_CCSale/txt_ExpMonth'

2021-06-22 01:51:43 - [MESSAGE][PASSED] - Object 'Object Repository/VLink/Page_CCSale/txt_ExpYear' is present

2021-06-22 01:51:43 - [MESSAGE][PASSED] - Text '2026' is set on object 'Object Repository/VLink/Page_CCSale/txt_ExpYear'

2021-06-22 01:51:44 - [MESSAGE][PASSED] - Object 'Object Repository/VLink/Page_CCSale/txt_CVV' is present

2021-06-22 01:51:44 - [MESSAGE][PASSED] - Text '' is set on object 'Object Repository/VLink/Page_CCSale/txt_CVV'

2021-06-22 01:51:45 - [MESSAGE][PASSED] - Object 'Object Repository/VLink/Page_CCSale/txt_CVVstate' is present

2021-06-22 01:51:45 - [MESSAGE][PASSED] - Text '' is set on object 'Object Repository/VLink/Page_CCSale/txt_CVVstate'

2021-06-22 01:51:46 - [MESSAGE][PASSED] - Object 'Object Repository/VLink/Page_CCSale/txt_TrackData' is present

2021-06-22 01:51:46 - [MESSAGE][PASSED] - Text '' is set on object 'Object Repository/VLink/Page_CCSale/txt_TrackData'

2021-06-22 01:51:47 - [MESSAGE][PASSED] - Object 'Object Repository/VLink/Page_CCSale/txt_Track1Data' is present

2021-06-22 01:51:47 - [MESSAGE][PASSED] - Text '' is set on object 'Object Repository/VLink/Page_CCSale/txt_Track1Data'

2021-06-22 01:51:48 - [MESSAGE][PASSED] - Object 'Object Repository/VLink/Page_CCSale/txt_Track2Data' is present

2021-06-22 01:51:48 - [MESSAGE][PASSED] - Text '' is set on object 'Object Repository/VLink/Page_CCSale/txt_Track2Data'

2021-06-22 01:51:49 - [MESSAGE][PASSED] - Object 'Object Repository/VLink/Page_CCSale/txt_POSEntryMode' is present

2021-06-22 01:51:49 - [MESSAGE][PASSED] - Text 'manual' is set on object 'Object Repository/VLink/Page_CCSale/txt_POSEntryMode'

2021-06-22 01:51:50 - [MESSAGE][PASSED] - Object 'Object Repository/VLink/Page_CCSale/txt_Email' is present

2021-06-22 01:51:50 - [MESSAGE][PASSED] - Text '' is set on object 'Object Repository/VLink/Page_CCSale/txt_Email'

2021-06-22 01:51:51 - [MESSAGE][PASSED] - Object 'Object Repository/VLink/Page_CCSale/txt_OrderNumber' is present

2021-06-22 01:51:51 - [MESSAGE][PASSED] - Text '' is set on object 'Object Repository/VLink/Page_CCSale/txt_OrderNumber'

2021-06-22 01:51:52 - [MESSAGE][PASSED] - Object 'Object Repository/VLink/Page_CCSale/txt_TaxAmount' is present

2021-06-22 01:51:52 - [MESSAGE][PASSED] - Text '' is set on object 'Object Repository/VLink/Page_CCSale/txt_TaxAmount'

2021-06-22 01:51:53 - [MESSAGE][PASSED] - Object 'Object Repository/VLink/Page_CCSale/txt_ChargeDescription' is present

2021-06-22 01:51:53 - [MESSAGE][PASSED] - Text '' is set on object 'Object Repository/VLink/Page_CCSale/txt_ChargeDescription'

2021-06-22 01:51:54 - [MESSAGE][PASSED] - Object 'Object Repository/VLink/Page_CCSale/txt_CAN' is present

2021-06-22 01:51:54 - [MESSAGE][PASSED] - Text '' is set on object 'Object Repository/VLink/Page_CCSale/txt_CAN'

2021-06-22 01:51:55 - [MESSAGE][PASSED] - Object 'Object Repository/VLink/Page_CCSale/txt_BillPaymentIndicator' is present

2021-06-22 01:51:55 - [MESSAGE][PASSED] - Text '' is set on object 'Object Repository/VLink/Page_CCSale/txt_BillPaymentIndicator'

2021-06-22 01:51:56 - [MESSAGE][PASSED] - Object 'Object Repository/VLink/Page_CCSale/txt_UDF1' is present

2021-06-22 01:51:56 - [MESSAGE][PASSED] - Text '' is set on object 'Object Repository/VLink/Page_CCSale/txt_UDF1'

2021-06-22 01:51:57 - [MESSAGE][PASSED] - Object 'Object Repository/VLink/Page_CCSale/txt_UDF2' is present

2021-06-22 01:51:57 - [MESSAGE][PASSED] - Text '' is set on object 'Object Repository/VLink/Page_CCSale/txt_UDF2'

2021-06-22 01:51:58 - [MESSAGE][PASSED] - Object 'Object Repository/VLink/Page_CCSale/txt_UDF3' is present

2021-06-22 01:51:58 - [MESSAGE][PASSED] - Text '' is set on object 'Object Repository/VLink/Page_CCSale/txt_UDF3'

2021-06-22 01:51:59 - [MESSAGE][PASSED] - Object 'Object Repository/VLink/Page_CCSale/txt_UDF4' is present

2021-06-22 01:51:59 - [MESSAGE][PASSED] - Text '' is set on object 'Object Repository/VLink/Page_CCSale/txt_UDF4'

2021-06-22 01:52:00 - [MESSAGE][PASSED] - Object 'Object Repository/VLink/Page_CCSale/txt_UDF5' is present

2021-06-22 01:52:00 - [MESSAGE][PASSED] - Text '' is set on object 'Object Repository/VLink/Page_CCSale/txt_UDF5'

2021-06-22 01:52:01 - [MESSAGE][PASSED] - Object 'Object Repository/VLink/Page_CCSale/txt_UDF6' is present

2021-06-22 01:52:01 - [MESSAGE][PASSED] - Text '' is set on object 'Object Repository/VLink/Page_CCSale/txt_UDF6'

2021-06-22 01:52:02 - [MESSAGE][PASSED] - Object 'Object Repository/VLink/Page_CCSale/txt_UDF7' is present

2021-06-22 01:52:02 - [MESSAGE][PASSED] - Text '' is set on object 'Object Repository/VLink/Page_CCSale/txt_UDF7'

2021-06-22 01:52:03 - [MESSAGE][PASSED] - Object 'Object Repository/VLink/Page_CCSale/txt_UDF8' is present

2021-06-22 01:52:03 - [MESSAGE][PASSED] - Text '' is set on object 'Object Repository/VLink/Page_CCSale/txt_UDF8'

2021-06-22 01:52:04 - [MESSAGE][PASSED] - Object 'Object Repository/VLink/Page_CCSale/txt_UDF9' is present

2021-06-22 01:52:04 - [MESSAGE][PASSED] - Text '' is set on object 'Object Repository/VLink/Page_CCSale/txt_UDF9'

2021-06-22 01:52:05 - [MESSAGE][PASSED] - Object 'Object Repository/VLink/Page_CCSale/txt_UDF10' is present

2021-06-22 01:52:05 - [MESSAGE][PASSED] - Text '' is set on object 'Object Repository/VLink/Page_CCSale/txt_UDF10'

2021-06-22 01:52:06 - [MESSAGE][PASSED] - Object 'Object Repository/VLink/Page_CCSale/txt_CardOnFileIndicator' is present

2021-06-22 01:52:06 - [MESSAGE][PASSED] - Text '0' is set on object 'Object Repository/VLink/Page_CCSale/txt_CardOnFileIndicator'

2021-06-22 01:52:07 - [MESSAGE][PASSED] - Object 'Object Repository/VLink/Page_CCSale/txt_StoredCredentialIndicator' is present

2021-06-22 01:52:07 - [MESSAGE][PASSED] - Text 'Initial' is set on object 'Object Repository/VLink/Page_CCSale/txt_StoredCredentialIndicator'

2021-06-22 01:52:08 - [MESSAGE][PASSED] - Object 'Object Repository/VLink/Page_CCSale/txt_COFScheduledIndicator' is present

2021-06-22 01:52:08 - [MESSAGE][PASSED] - Text 'Unscheduled' is set on object 'Object Repository/VLink/Page_CCSale/txt_COFScheduledIndicator'

2021-06-22 01:52:09 - [MESSAGE][PASSED] - Object 'Object Repository/VLink/Page_CCSale/txt_COFTransactionInitiatedBy' is present

2021-06-22 01:52:09 - [MESSAGE][PASSED] - Text 'Customer' is set on object 'Object Repository/VLink/Page_CCSale/txt_COFTransactionInitiatedBy'

2021-06-22 01:52:12 - [MESSAGE][PASSED] - Object: 'Object Repository/VLink/Page_CCSale/btn_ProcessVLinkTransaction' is clicked on

2021-06-22 01:52:17 - [MESSAGE][PASSED] - vlinkPages.saleCCPage.setDataSCC is PASSED

2021-06-22 01:52:17 - [TEST_STEP][FAILED] - if (verifyTextPresent("Transaction approved, no errors", true)): Text 'Transaction approved, no errors' is not present on page  using regular expression (Root cause: com.kms.katalon.core.exception.StepFailedException: Text 'Transaction approved, no errors' is not present on page  using regular expression
	at com.kms.katalon.core.webui.keyword.internal.WebUIKeywordMain.stepFailed(WebUIKeywordMain.groovy:64)
	at com.kms.katalon.core.webui.keyword.builtin.VerifyTextPresentKeyword$_verifyTextPresent_closure1.doCall(VerifyTextPresentKeyword.groovy:79)
	at com.kms.katalon.core.webui.keyword.builtin.VerifyTextPresentKeyword$_verifyTextPresent_closure1.call(VerifyTextPresentKeyword.groovy)
	at com.kms.katalon.core.webui.keyword.internal.WebUIKeywordMain.runKeyword(WebUIKeywordMain.groovy:20)
	at com.kms.katalon.core.webui.keyword.builtin.VerifyTextPresentKeyword.verifyTextPresent(VerifyTextPresentKeyword.groovy:83)
	at com.kms.katalon.core.webui.keyword.builtin.VerifyTextPresentKeyword.execute(VerifyTextPresentKeyword.groovy:68)
	at com.kms.katalon.core.keyword.internal.KeywordExecutor.executeKeywordForPlatform(KeywordExecutor.groovy:72)
	at com.kms.katalon.core.webui.keyword.WebUiBuiltInKeywords.verifyTextPresent(WebUiBuiltInKeywords.groovy:1719)
	at com.kms.katalon.core.webui.keyword.WebUiBuiltInKeywords$verifyTextPresent$4.call(Unknown Source)
	at VLinkSale-Successful.run(VLinkSale-Successful:76)
	at com.kms.katalon.core.main.ScriptEngine.run(ScriptEngine.java:194)
	at com.kms.katalon.core.main.ScriptEngine.runScriptAsRawText(ScriptEngine.java:119)
	at com.kms.katalon.core.main.TestCaseExecutor.runScript(TestCaseExecutor.java:337)
	at com.kms.katalon.core.main.TestCaseExecutor.doExecute(TestCaseExecutor.java:328)
	at com.kms.katalon.core.main.TestCaseExecutor.processExecutionPhase(TestCaseExecutor.java:307)
	at com.kms.katalon.core.main.TestCaseExecutor.accessMainPhase(TestCaseExecutor.java:299)
	at com.kms.katalon.core.main.TestCaseExecutor.execute(TestCaseExecutor.java:233)
	at com.kms.katalon.core.main.TestSuiteExecutor.accessTestCaseMainPhase(TestSuiteExecutor.java:169)
	at com.kms.katalon.core.main.TestSuiteExecutor.accessTestSuiteMainPhase(TestSuiteExecutor.java:142)
	at com.kms.katalon.core.main.TestSuiteExecutor.execute(TestSuiteExecutor.java:91)
	at com.kms.katalon.core.main.TestCaseMain.startTestSuite(TestCaseMain.java:157)
	at com.kms.katalon.core.main.TestCaseMain$startTestSuite$0.call(Unknown Source)
	at TempTestSuite1624337272106.run(TempTestSuite1624337272106.groovy:37)
)

2021-06-22 01:52:17 - [MESSAGE][FAILED] - Text 'Transaction approved, no errors' is not present on page  using regular expression (Root cause: com.kms.katalon.core.exception.StepFailedException: Text 'Transaction approved, no errors' is not present on page  using regular expression
	at com.kms.katalon.core.webui.keyword.internal.WebUIKeywordMain.stepFailed(WebUIKeywordMain.groovy:64)
	at com.kms.katalon.core.webui.keyword.builtin.VerifyTextPresentKeyword$_verifyTextPresent_closure1.doCall(VerifyTextPresentKeyword.groovy:79)
	at com.kms.katalon.core.webui.keyword.builtin.VerifyTextPresentKeyword$_verifyTextPresent_closure1.call(VerifyTextPresentKeyword.groovy)
	at com.kms.katalon.core.webui.keyword.internal.WebUIKeywordMain.runKeyword(WebUIKeywordMain.groovy:20)
	at com.kms.katalon.core.webui.keyword.builtin.VerifyTextPresentKeyword.verifyTextPresent(VerifyTextPresentKeyword.groovy:83)
	at com.kms.katalon.core.webui.keyword.builtin.VerifyTextPresentKeyword.execute(VerifyTextPresentKeyword.groovy:68)
	at com.kms.katalon.core.keyword.internal.KeywordExecutor.executeKeywordForPlatform(KeywordExecutor.groovy:72)
	at com.kms.katalon.core.webui.keyword.WebUiBuiltInKeywords.verifyTextPresent(WebUiBuiltInKeywords.groovy:1719)
	at com.kms.katalon.core.webui.keyword.WebUiBuiltInKeywords$verifyTextPresent$4.call(Unknown Source)
	at VLinkSale-Successful.run(VLinkSale-Successful:76)
	at com.kms.katalon.core.main.ScriptEngine.run(ScriptEngine.java:194)
	at com.kms.katalon.core.main.ScriptEngine.runScriptAsRawText(ScriptEngine.java:119)
	at com.kms.katalon.core.main.TestCaseExecutor.runScript(TestCaseExecutor.java:337)
	at com.kms.katalon.core.main.TestCaseExecutor.doExecute(TestCaseExecutor.java:328)
	at com.kms.katalon.core.main.TestCaseExecutor.processExecutionPhase(TestCaseExecutor.java:307)
	at com.kms.katalon.core.main.TestCaseExecutor.accessMainPhase(TestCaseExecutor.java:299)
	at com.kms.katalon.core.main.TestCaseExecutor.execute(TestCaseExecutor.java:233)
	at com.kms.katalon.core.main.TestSuiteExecutor.accessTestCaseMainPhase(TestSuiteExecutor.java:169)
	at com.kms.katalon.core.main.TestSuiteExecutor.accessTestSuiteMainPhase(TestSuiteExecutor.java:142)
	at com.kms.katalon.core.main.TestSuiteExecutor.execute(TestSuiteExecutor.java:91)
	at com.kms.katalon.core.main.TestCaseMain.startTestSuite(TestCaseMain.java:157)
	at com.kms.katalon.core.main.TestCaseMain$startTestSuite$0.call(Unknown Source)
	at TempTestSuite1624337272106.run(TempTestSuite1624337272106.groovy:37)
)

2021-06-22 01:52:17 - [TEST_STEP][PASSED] - else: pages.WriteExcel.demoKey is PASSED

2021-06-22 01:52:17 - [TEST_STEP][PASSED] - println("Transaction Approved, no errors text is not present on the Confirmation page"): null

2021-06-22 01:52:17 - [TEST_STEP][PASSED] - out.println("Fail Record Number: " + row): null

2021-06-22 01:52:17 - [TEST_STEP][PASSED] - resText = "Fail": null

2021-06-22 01:52:17 - [TEST_STEP][PASSED] - pages.WriteExcel.demoKey(resText, datText, resColumn, datCloumn, fileLoc, nameSheet, row): pages.WriteExcel.demoKey is PASSED

2021-06-22 01:52:17 - [MESSAGE][PASSED] - pages.WriteExcel.demoKey is PASSED

2021-06-22 01:52:17 - [TEST_STEP][PASSED] - sdfo = getText(findTestObject("Object Repository/Page_VLinkReceipt/pre_STX")): Text of object 'Object Repository/Page_VLinkReceipt/pre_STX' is: '<STX>mpT8aRkvMbVp                  12098393            2  Transaction failed                                105Processor reported error                                                        U          <ETX>'

2021-06-22 01:52:18 - [MESSAGE][PASSED] - Text of object 'Object Repository/Page_VLinkReceipt/pre_STX' is: '<STX>mpT8aRkvMbVp                  12098393            2  Transaction failed                                105Processor reported error                                                        U          <ETX>'

2021-06-22 01:52:18 - [TEST_STEP][PASSED] - out.println("sdfo: " + sdfo): null

2021-06-22 01:52:18 - [TEST_STEP][PASSED] - remID = substring(5, 35).trim(): null

2021-06-22 01:52:18 - [TEST_STEP][PASSED] - out.println("Remittance ID: " + remID): null

2021-06-22 01:52:18 - [TEST_STEP][PASSED] - traxID = substring(35, 55).trim(): null

2021-06-22 01:52:18 - [TEST_STEP][PASSED] - out.println("Transaction ID: " + traxID): null

2021-06-22 01:52:18 - [TEST_STEP][PASSED] - out.println("End Record Number: " + row): null

2021-06-22 01:52:18 - [TEST_STEP][PASSED] - closeBrowser(): Browser is closed

2021-06-22 01:52:18 - [MESSAGE][PASSED] - Browser is closed

2021-06-22 01:52:18 - [TEST_STEP][PASSED] - out.println("Begin Record Number: " + row): null

2021-06-22 01:52:18 - [TEST_STEP][PASSED] - today = new java.util.Date(): null

2021-06-22 01:52:18 - [TEST_STEP][PASSED] - println(today): null

2021-06-22 01:52:18 - [TEST_STEP][PASSED] - datText = today: null

2021-06-22 01:52:18 - [TEST_STEP][PASSED] - openBrowser(VLinkURL + "authcap.html"): Browser is opened with url: 'https://dev-algorithm.govolution.com/vlinktest/QA/version_2_0/authcap.html'

2021-06-22 01:52:18 - [MESSAGE][INFO] - Starting 'Chrome' driver

2021-06-22 01:52:18 - [MESSAGE][INFO] - User set preference: ['acceptInsecureCerts', 'true']

2021-06-22 01:52:18 - [MESSAGE][INFO] - Action delay is set to 0 milliseconds

2021-06-22 01:52:20 - [MESSAGE][PASSED] - Browser is opened with url: 'https://dev-algorithm.govolution.com/vlinktest/QA/version_2_0/authcap.html'

2021-06-22 01:52:20 - [TEST_STEP][PASSED] - maximizeWindow(): Current window maximized

2021-06-22 01:52:20 - [MESSAGE][PASSED] - Current window maximized

2021-06-22 01:52:20 - [TEST_STEP][PASSED] - vlinkPages.saleCCPage.setDataSCC(row, dataFile): vlinkPages.saleCCPage.setDataSCC is PASSED

2021-06-22 01:52:22 - [MESSAGE][PASSED] - Object 'Object Repository/VLink/Page_CCSale/txt_CardNumber' is present

2021-06-22 01:52:22 - [MESSAGE][PASSED] - Object 'Object Repository/VLink/Page_CCSale/txt_TransactionType' is present

2021-06-22 01:52:23 - [MESSAGE][PASSED] - Text '104' is set on object 'Object Repository/VLink/Page_CCSale/txt_TransactionType'

2021-06-22 01:52:23 - [MESSAGE][PASSED] - Object 'Object Repository/VLink/Page_CCSale/txt_MessageVersion' is present

2021-06-22 01:52:24 - [MESSAGE][PASSED] - Text '2.0C' is set on object 'Object Repository/VLink/Page_CCSale/txt_MessageVersion'

2021-06-22 01:52:24 - [MESSAGE][PASSED] - Object 'Object Repository/VLink/Page_CCSale/txt_RemID' is present

2021-06-22 01:52:25 - [MESSAGE][PASSED] - Text 'EIhClo6LF1GJ' is set on object 'Object Repository/VLink/Page_CCSale/txt_RemID'

2021-06-22 01:52:25 - [MESSAGE][PASSED] - Object 'Object Repository/VLink/Page_CCSale/txt_ApplicationId' is present

2021-06-22 01:52:26 - [MESSAGE][PASSED] - Text '670' is set on object 'Object Repository/VLink/Page_CCSale/txt_ApplicationId'

2021-06-22 01:52:26 - [MESSAGE][PASSED] - Object 'Object Repository/VLink/Page_CCSale/txt_Username' is present

2021-06-22 01:52:27 - [MESSAGE][PASSED] - Text 'username' is set on object 'Object Repository/VLink/Page_CCSale/txt_Username'

2021-06-22 01:52:27 - [MESSAGE][PASSED] - Object 'Object Repository/VLink/Page_CCSale/txt_Password' is present

2021-06-22 01:52:28 - [MESSAGE][PASSED] - Text 'password' is set on object 'Object Repository/VLink/Page_CCSale/txt_Password'

2021-06-22 01:52:28 - [MESSAGE][PASSED] - Object 'Object Repository/VLink/Page_CCSale/txt_ResponseFormat' is present

2021-06-22 01:52:28 - [MESSAGE][PASSED] - Text 'fixed_width' is set on object 'Object Repository/VLink/Page_CCSale/txt_ResponseFormat'

2021-06-22 01:52:29 - [MESSAGE][PASSED] - Object 'Object Repository/VLink/Page_CCSale/txt_Category' is present

2021-06-22 01:52:29 - [MESSAGE][PASSED] - Text 'MOTO' is set on object 'Object Repository/VLink/Page_CCSale/txt_Category'

2021-06-22 01:52:30 - [MESSAGE][PASSED] - Object 'Object Repository/VLink/Page_CCSale/txt_TransactionID' is present

2021-06-22 01:52:30 - [MESSAGE][PASSED] - Text '' is set on object 'Object Repository/VLink/Page_CCSale/txt_TransactionID'

2021-06-22 01:52:31 - [MESSAGE][PASSED] - Object 'Object Repository/VLink/Page_CCSale/txt_ApprovalCode' is present

2021-06-22 01:52:31 - [MESSAGE][PASSED] - Text '' is set on object 'Object Repository/VLink/Page_CCSale/txt_ApprovalCode'

2021-06-22 01:52:32 - [MESSAGE][PASSED] - Object 'Object Repository/VLink/Page_CCSale/txt_CardName' is present

2021-06-22 01:52:32 - [MESSAGE][PASSED] - Text 'Roshan Maha' is set on object 'Object Repository/VLink/Page_CCSale/txt_CardName'

2021-06-22 01:52:33 - [MESSAGE][PASSED] - Object 'Object Repository/VLink/Page_CCSale/txt_AL1' is present

2021-06-22 01:52:33 - [MESSAGE][PASSED] - Text '12563 Bazaar road' is set on object 'Object Repository/VLink/Page_CCSale/txt_AL1'

2021-06-22 01:52:34 - [MESSAGE][PASSED] - Object 'Object Repository/VLink/Page_CCSale/txt_AL2' is present

2021-06-22 01:52:34 - [MESSAGE][PASSED] - Text '' is set on object 'Object Repository/VLink/Page_CCSale/txt_AL2'

2021-06-22 01:52:35 - [MESSAGE][PASSED] - Object 'Object Repository/VLink/Page_CCSale/txt_CardCity' is present

2021-06-22 01:52:35 - [MESSAGE][PASSED] - Text 'Crofton' is set on object 'Object Repository/VLink/Page_CCSale/txt_CardCity'

2021-06-22 01:52:36 - [MESSAGE][PASSED] - Object 'Object Repository/VLink/Page_CCSale/txt_CardState' is present

2021-06-22 01:52:36 - [MESSAGE][PASSED] - Text 'MD' is set on object 'Object Repository/VLink/Page_CCSale/txt_CardState'

2021-06-22 01:52:37 - [MESSAGE][PASSED] - Object 'Object Repository/VLink/Page_CCSale/txt_CardZIP' is present

2021-06-22 01:52:37 - [MESSAGE][PASSED] - Text '21114' is set on object 'Object Repository/VLink/Page_CCSale/txt_CardZIP'

2021-06-22 01:52:38 - [MESSAGE][PASSED] - Object 'Object Repository/VLink/Page_CCSale/txt_CountryID' is present

2021-06-22 01:52:38 - [MESSAGE][PASSED] - Text '' is set on object 'Object Repository/VLink/Page_CCSale/txt_CountryID'

2021-06-22 01:52:39 - [MESSAGE][PASSED] - Object 'Object Repository/VLink/Page_CCSale/txt_Amount' is present

2021-06-22 01:52:39 - [MESSAGE][PASSED] - Text '3.50' is set on object 'Object Repository/VLink/Page_CCSale/txt_Amount'

2021-06-22 01:52:40 - [MESSAGE][PASSED] - Object 'Object Repository/VLink/Page_CCSale/txt_CardNumber' is present

2021-06-22 01:52:40 - [MESSAGE][PASSED] - Text '5424000000000015' is set on object 'Object Repository/VLink/Page_CCSale/txt_CardNumber'

2021-06-22 01:52:41 - [MESSAGE][PASSED] - Object 'Object Repository/VLink/Page_CCSale/txt_ExpMonth' is present

2021-06-22 01:52:41 - [MESSAGE][PASSED] - Text '01' is set on object 'Object Repository/VLink/Page_CCSale/txt_ExpMonth'

2021-06-22 01:52:42 - [MESSAGE][PASSED] - Object 'Object Repository/VLink/Page_CCSale/txt_ExpYear' is present

2021-06-22 01:52:42 - [MESSAGE][PASSED] - Text '2026' is set on object 'Object Repository/VLink/Page_CCSale/txt_ExpYear'

2021-06-22 01:52:43 - [MESSAGE][PASSED] - Object 'Object Repository/VLink/Page_CCSale/txt_CVV' is present

2021-06-22 01:52:43 - [MESSAGE][PASSED] - Text '' is set on object 'Object Repository/VLink/Page_CCSale/txt_CVV'

2021-06-22 01:52:44 - [MESSAGE][PASSED] - Object 'Object Repository/VLink/Page_CCSale/txt_CVVstate' is present

2021-06-22 01:52:44 - [MESSAGE][PASSED] - Text '' is set on object 'Object Repository/VLink/Page_CCSale/txt_CVVstate'

2021-06-22 01:52:45 - [MESSAGE][PASSED] - Object 'Object Repository/VLink/Page_CCSale/txt_TrackData' is present

2021-06-22 01:52:45 - [MESSAGE][PASSED] - Text '' is set on object 'Object Repository/VLink/Page_CCSale/txt_TrackData'

2021-06-22 01:52:46 - [MESSAGE][PASSED] - Object 'Object Repository/VLink/Page_CCSale/txt_Track1Data' is present

2021-06-22 01:52:46 - [MESSAGE][PASSED] - Text '' is set on object 'Object Repository/VLink/Page_CCSale/txt_Track1Data'

2021-06-22 01:52:46 - [MESSAGE][PASSED] - Object 'Object Repository/VLink/Page_CCSale/txt_Track2Data' is present

2021-06-22 01:52:47 - [MESSAGE][PASSED] - Text '' is set on object 'Object Repository/VLink/Page_CCSale/txt_Track2Data'

2021-06-22 01:52:47 - [MESSAGE][PASSED] - Object 'Object Repository/VLink/Page_CCSale/txt_POSEntryMode' is present

2021-06-22 01:52:48 - [MESSAGE][PASSED] - Text 'manual' is set on object 'Object Repository/VLink/Page_CCSale/txt_POSEntryMode'

2021-06-22 01:52:48 - [MESSAGE][PASSED] - Object 'Object Repository/VLink/Page_CCSale/txt_Email' is present

2021-06-22 01:52:49 - [MESSAGE][PASSED] - Text '' is set on object 'Object Repository/VLink/Page_CCSale/txt_Email'

2021-06-22 01:52:49 - [MESSAGE][PASSED] - Object 'Object Repository/VLink/Page_CCSale/txt_OrderNumber' is present

2021-06-22 01:52:50 - [MESSAGE][PASSED] - Text '' is set on object 'Object Repository/VLink/Page_CCSale/txt_OrderNumber'

2021-06-22 01:52:50 - [MESSAGE][PASSED] - Object 'Object Repository/VLink/Page_CCSale/txt_TaxAmount' is present

2021-06-22 01:52:51 - [MESSAGE][PASSED] - Text '' is set on object 'Object Repository/VLink/Page_CCSale/txt_TaxAmount'

2021-06-22 01:52:51 - [MESSAGE][PASSED] - Object 'Object Repository/VLink/Page_CCSale/txt_ChargeDescription' is present

2021-06-22 01:52:52 - [MESSAGE][PASSED] - Text '' is set on object 'Object Repository/VLink/Page_CCSale/txt_ChargeDescription'

2021-06-22 01:52:52 - [MESSAGE][PASSED] - Object 'Object Repository/VLink/Page_CCSale/txt_CAN' is present

2021-06-22 01:52:53 - [MESSAGE][PASSED] - Text '' is set on object 'Object Repository/VLink/Page_CCSale/txt_CAN'

2021-06-22 01:52:53 - [MESSAGE][PASSED] - Object 'Object Repository/VLink/Page_CCSale/txt_BillPaymentIndicator' is present

2021-06-22 01:52:54 - [MESSAGE][PASSED] - Text '' is set on object 'Object Repository/VLink/Page_CCSale/txt_BillPaymentIndicator'

2021-06-22 01:52:54 - [MESSAGE][PASSED] - Object 'Object Repository/VLink/Page_CCSale/txt_UDF1' is present

2021-06-22 01:52:55 - [MESSAGE][PASSED] - Text '' is set on object 'Object Repository/VLink/Page_CCSale/txt_UDF1'

2021-06-22 01:52:55 - [MESSAGE][PASSED] - Object 'Object Repository/VLink/Page_CCSale/txt_UDF2' is present

2021-06-22 01:52:55 - [MESSAGE][PASSED] - Text '' is set on object 'Object Repository/VLink/Page_CCSale/txt_UDF2'

2021-06-22 01:52:56 - [MESSAGE][PASSED] - Object 'Object Repository/VLink/Page_CCSale/txt_UDF3' is present

2021-06-22 01:52:56 - [MESSAGE][PASSED] - Text '' is set on object 'Object Repository/VLink/Page_CCSale/txt_UDF3'

2021-06-22 01:52:57 - [MESSAGE][PASSED] - Object 'Object Repository/VLink/Page_CCSale/txt_UDF4' is present

2021-06-22 01:52:57 - [MESSAGE][PASSED] - Text '' is set on object 'Object Repository/VLink/Page_CCSale/txt_UDF4'

2021-06-22 01:52:58 - [MESSAGE][PASSED] - Object 'Object Repository/VLink/Page_CCSale/txt_UDF5' is present

2021-06-22 01:52:58 - [MESSAGE][PASSED] - Text '' is set on object 'Object Repository/VLink/Page_CCSale/txt_UDF5'

2021-06-22 01:52:59 - [MESSAGE][PASSED] - Object 'Object Repository/VLink/Page_CCSale/txt_UDF6' is present

2021-06-22 01:52:59 - [MESSAGE][PASSED] - Text '' is set on object 'Object Repository/VLink/Page_CCSale/txt_UDF6'

2021-06-22 01:53:00 - [MESSAGE][PASSED] - Object 'Object Repository/VLink/Page_CCSale/txt_UDF7' is present

2021-06-22 01:53:00 - [MESSAGE][PASSED] - Text '' is set on object 'Object Repository/VLink/Page_CCSale/txt_UDF7'

2021-06-22 01:53:01 - [MESSAGE][PASSED] - Object 'Object Repository/VLink/Page_CCSale/txt_UDF8' is present

2021-06-22 01:53:01 - [MESSAGE][PASSED] - Text '' is set on object 'Object Repository/VLink/Page_CCSale/txt_UDF8'

2021-06-22 01:53:01 - [MESSAGE][PASSED] - Object 'Object Repository/VLink/Page_CCSale/txt_UDF9' is present

2021-06-22 01:53:02 - [MESSAGE][PASSED] - Text '' is set on object 'Object Repository/VLink/Page_CCSale/txt_UDF9'

2021-06-22 01:53:02 - [MESSAGE][PASSED] - Object 'Object Repository/VLink/Page_CCSale/txt_UDF10' is present

2021-06-22 01:53:03 - [MESSAGE][PASSED] - Text '' is set on object 'Object Repository/VLink/Page_CCSale/txt_UDF10'

2021-06-22 01:53:03 - [MESSAGE][PASSED] - Object 'Object Repository/VLink/Page_CCSale/txt_CardOnFileIndicator' is present

2021-06-22 01:53:04 - [MESSAGE][PASSED] - Text '0' is set on object 'Object Repository/VLink/Page_CCSale/txt_CardOnFileIndicator'

2021-06-22 01:53:04 - [MESSAGE][PASSED] - Object 'Object Repository/VLink/Page_CCSale/txt_StoredCredentialIndicator' is present

2021-06-22 01:53:05 - [MESSAGE][PASSED] - Text 'Initial' is set on object 'Object Repository/VLink/Page_CCSale/txt_StoredCredentialIndicator'

2021-06-22 01:53:05 - [MESSAGE][PASSED] - Object 'Object Repository/VLink/Page_CCSale/txt_COFScheduledIndicator' is present

2021-06-22 01:53:06 - [MESSAGE][PASSED] - Text 'Unscheduled' is set on object 'Object Repository/VLink/Page_CCSale/txt_COFScheduledIndicator'

2021-06-22 01:53:06 - [MESSAGE][PASSED] - Object 'Object Repository/VLink/Page_CCSale/txt_COFTransactionInitiatedBy' is present

2021-06-22 01:53:06 - [MESSAGE][PASSED] - Text 'Customer' is set on object 'Object Repository/VLink/Page_CCSale/txt_COFTransactionInitiatedBy'

2021-06-22 01:53:13 - [MESSAGE][PASSED] - Object: 'Object Repository/VLink/Page_CCSale/btn_ProcessVLinkTransaction' is clicked on

2021-06-22 01:53:18 - [MESSAGE][PASSED] - vlinkPages.saleCCPage.setDataSCC is PASSED

2021-06-22 01:53:18 - [TEST_STEP][PASSED] - if (verifyTextPresent("Transaction approved, no errors", true)): null

2021-06-22 01:53:18 - [MESSAGE][PASSED] - Text 'Transaction approved, no errors' is present on page  using regular expression

2021-06-22 01:53:18 - [TEST_STEP][PASSED] - println("Transaction Approved, no errors text is present on the Confirmation page"): null

2021-06-22 01:53:18 - [TEST_STEP][PASSED] - out.println("Pass Record Number: " + row): null

2021-06-22 01:53:18 - [TEST_STEP][PASSED] - resText = "Pass": null

2021-06-22 01:53:18 - [TEST_STEP][PASSED] - pages.WriteExcel.demoKey(resText, datText, resColumn, datCloumn, fileLoc, nameSheet, row): pages.WriteExcel.demoKey is PASSED

2021-06-22 01:53:18 - [MESSAGE][PASSED] - pages.WriteExcel.demoKey is PASSED

2021-06-22 01:53:18 - [TEST_STEP][PASSED] - sdfo = getText(findTestObject("Object Repository/Page_VLinkReceipt/pre_STX")): Text of object 'Object Repository/Page_VLinkReceipt/pre_STX' is: '<STX>EIhClo6LF1GJ                  12098394            0  Transaction approved, no errors                   0                                                                                  Y 006314   <ETX>'

2021-06-22 01:53:19 - [MESSAGE][PASSED] - Text of object 'Object Repository/Page_VLinkReceipt/pre_STX' is: '<STX>EIhClo6LF1GJ                  12098394            0  Transaction approved, no errors                   0                                                                                  Y 006314   <ETX>'

2021-06-22 01:53:19 - [TEST_STEP][PASSED] - out.println("sdfo: " + sdfo): null

2021-06-22 01:53:19 - [TEST_STEP][PASSED] - remID = substring(5, 35).trim(): null

2021-06-22 01:53:19 - [TEST_STEP][PASSED] - out.println("Remittance ID: " + remID): null

2021-06-22 01:53:19 - [TEST_STEP][PASSED] - traxID = substring(35, 55).trim(): null

2021-06-22 01:53:19 - [TEST_STEP][PASSED] - out.println("Transaction ID: " + traxID): null

2021-06-22 01:53:19 - [TEST_STEP][PASSED] - out.println("End Record Number: " + row): null

2021-06-22 01:53:19 - [TEST_STEP][PASSED] - closeBrowser(): Browser is closed

2021-06-22 01:53:19 - [MESSAGE][PASSED] - Browser is closed

2021-06-22 01:53:19 - [TEST_STEP][PASSED] - out.println("Begin Record Number: " + row): null

2021-06-22 01:53:19 - [TEST_STEP][PASSED] - today = new java.util.Date(): null

2021-06-22 01:53:19 - [TEST_STEP][PASSED] - println(today): null

2021-06-22 01:53:19 - [TEST_STEP][PASSED] - datText = today: null

2021-06-22 01:53:19 - [TEST_STEP][PASSED] - openBrowser(VLinkURL + "authcap.html"): Browser is opened with url: 'https://dev-algorithm.govolution.com/vlinktest/QA/version_2_0/authcap.html'

2021-06-22 01:53:19 - [MESSAGE][INFO] - Starting 'Chrome' driver

2021-06-22 01:53:19 - [MESSAGE][INFO] - User set preference: ['acceptInsecureCerts', 'true']

2021-06-22 01:53:19 - [MESSAGE][INFO] - Action delay is set to 0 milliseconds

2021-06-22 01:53:21 - [MESSAGE][PASSED] - Browser is opened with url: 'https://dev-algorithm.govolution.com/vlinktest/QA/version_2_0/authcap.html'

2021-06-22 01:53:21 - [TEST_STEP][PASSED] - maximizeWindow(): Current window maximized

2021-06-22 01:53:21 - [MESSAGE][PASSED] - Current window maximized

2021-06-22 01:53:21 - [TEST_STEP][PASSED] - vlinkPages.saleCCPage.setDataSCC(row, dataFile): vlinkPages.saleCCPage.setDataSCC is PASSED

2021-06-22 01:53:23 - [MESSAGE][PASSED] - Object 'Object Repository/VLink/Page_CCSale/txt_CardNumber' is present

2021-06-22 01:53:24 - [MESSAGE][PASSED] - Object 'Object Repository/VLink/Page_CCSale/txt_TransactionType' is present

2021-06-22 01:53:24 - [MESSAGE][PASSED] - Text '104' is set on object 'Object Repository/VLink/Page_CCSale/txt_TransactionType'

2021-06-22 01:53:24 - [MESSAGE][PASSED] - Object 'Object Repository/VLink/Page_CCSale/txt_MessageVersion' is present

2021-06-22 01:53:25 - [MESSAGE][PASSED] - Text '2.0C' is set on object 'Object Repository/VLink/Page_CCSale/txt_MessageVersion'

2021-06-22 01:53:25 - [MESSAGE][PASSED] - Object 'Object Repository/VLink/Page_CCSale/txt_RemID' is present

2021-06-22 01:53:26 - [MESSAGE][PASSED] - Text 'Gc1ko4y0yNGi' is set on object 'Object Repository/VLink/Page_CCSale/txt_RemID'

2021-06-22 01:53:26 - [MESSAGE][PASSED] - Object 'Object Repository/VLink/Page_CCSale/txt_ApplicationId' is present

2021-06-22 01:53:27 - [MESSAGE][PASSED] - Text '670' is set on object 'Object Repository/VLink/Page_CCSale/txt_ApplicationId'

2021-06-22 01:53:27 - [MESSAGE][PASSED] - Object 'Object Repository/VLink/Page_CCSale/txt_Username' is present

2021-06-22 01:53:28 - [MESSAGE][PASSED] - Text 'username' is set on object 'Object Repository/VLink/Page_CCSale/txt_Username'

2021-06-22 01:53:28 - [MESSAGE][PASSED] - Object 'Object Repository/VLink/Page_CCSale/txt_Password' is present

2021-06-22 01:53:29 - [MESSAGE][PASSED] - Text 'password' is set on object 'Object Repository/VLink/Page_CCSale/txt_Password'

2021-06-22 01:53:29 - [MESSAGE][PASSED] - Object 'Object Repository/VLink/Page_CCSale/txt_ResponseFormat' is present

2021-06-22 01:53:29 - [MESSAGE][PASSED] - Text 'fixed_width' is set on object 'Object Repository/VLink/Page_CCSale/txt_ResponseFormat'

2021-06-22 01:53:30 - [MESSAGE][PASSED] - Object 'Object Repository/VLink/Page_CCSale/txt_Category' is present

2021-06-22 01:53:30 - [MESSAGE][PASSED] - Text 'MOTO' is set on object 'Object Repository/VLink/Page_CCSale/txt_Category'

2021-06-22 01:53:31 - [MESSAGE][PASSED] - Object 'Object Repository/VLink/Page_CCSale/txt_TransactionID' is present

2021-06-22 01:53:31 - [MESSAGE][PASSED] - Text '' is set on object 'Object Repository/VLink/Page_CCSale/txt_TransactionID'

2021-06-22 01:53:32 - [MESSAGE][PASSED] - Object 'Object Repository/VLink/Page_CCSale/txt_ApprovalCode' is present

2021-06-22 01:53:32 - [MESSAGE][PASSED] - Text '' is set on object 'Object Repository/VLink/Page_CCSale/txt_ApprovalCode'

2021-06-22 01:53:33 - [MESSAGE][PASSED] - Object 'Object Repository/VLink/Page_CCSale/txt_CardName' is present

2021-06-22 01:53:33 - [MESSAGE][PASSED] - Text 'Kris Roshan' is set on object 'Object Repository/VLink/Page_CCSale/txt_CardName'

2021-06-22 01:53:34 - [MESSAGE][PASSED] - Object 'Object Repository/VLink/Page_CCSale/txt_AL1' is present

2021-06-22 01:53:34 - [MESSAGE][PASSED] - Text '258 Elm Road' is set on object 'Object Repository/VLink/Page_CCSale/txt_AL1'

2021-06-22 01:53:35 - [MESSAGE][PASSED] - Object 'Object Repository/VLink/Page_CCSale/txt_AL2' is present

2021-06-22 01:53:35 - [MESSAGE][PASSED] - Text 'Suite 56' is set on object 'Object Repository/VLink/Page_CCSale/txt_AL2'

2021-06-22 01:53:36 - [MESSAGE][PASSED] - Object 'Object Repository/VLink/Page_CCSale/txt_CardCity' is present

2021-06-22 01:53:36 - [MESSAGE][PASSED] - Text 'Arlington' is set on object 'Object Repository/VLink/Page_CCSale/txt_CardCity'

2021-06-22 01:53:37 - [MESSAGE][PASSED] - Object 'Object Repository/VLink/Page_CCSale/txt_CardState' is present

2021-06-22 01:53:37 - [MESSAGE][PASSED] - Text 'VA' is set on object 'Object Repository/VLink/Page_CCSale/txt_CardState'

2021-06-22 01:53:38 - [MESSAGE][PASSED] - Object 'Object Repository/VLink/Page_CCSale/txt_CardZIP' is present

2021-06-22 01:53:38 - [MESSAGE][PASSED] - Text '22201' is set on object 'Object Repository/VLink/Page_CCSale/txt_CardZIP'

2021-06-22 01:53:39 - [MESSAGE][PASSED] - Object 'Object Repository/VLink/Page_CCSale/txt_CountryID' is present

2021-06-22 01:53:39 - [MESSAGE][PASSED] - Text '840' is set on object 'Object Repository/VLink/Page_CCSale/txt_CountryID'

2021-06-22 01:53:40 - [MESSAGE][PASSED] - Object 'Object Repository/VLink/Page_CCSale/txt_Amount' is present

2021-06-22 01:53:40 - [MESSAGE][PASSED] - Text '1.50' is set on object 'Object Repository/VLink/Page_CCSale/txt_Amount'

2021-06-22 01:53:41 - [MESSAGE][PASSED] - Object 'Object Repository/VLink/Page_CCSale/txt_CardNumber' is present

2021-06-22 01:53:41 - [MESSAGE][PASSED] - Text '370000000000002' is set on object 'Object Repository/VLink/Page_CCSale/txt_CardNumber'

2021-06-22 01:53:42 - [MESSAGE][PASSED] - Object 'Object Repository/VLink/Page_CCSale/txt_ExpMonth' is present

2021-06-22 01:53:42 - [MESSAGE][PASSED] - Text '12' is set on object 'Object Repository/VLink/Page_CCSale/txt_ExpMonth'

2021-06-22 01:53:43 - [MESSAGE][PASSED] - Object 'Object Repository/VLink/Page_CCSale/txt_ExpYear' is present

2021-06-22 01:53:43 - [MESSAGE][PASSED] - Text '2025' is set on object 'Object Repository/VLink/Page_CCSale/txt_ExpYear'

2021-06-22 01:53:44 - [MESSAGE][PASSED] - Object 'Object Repository/VLink/Page_CCSale/txt_CVV' is present

2021-06-22 01:53:44 - [MESSAGE][PASSED] - Text '' is set on object 'Object Repository/VLink/Page_CCSale/txt_CVV'

2021-06-22 01:53:45 - [MESSAGE][PASSED] - Object 'Object Repository/VLink/Page_CCSale/txt_CVVstate' is present

2021-06-22 01:53:45 - [MESSAGE][PASSED] - Text '' is set on object 'Object Repository/VLink/Page_CCSale/txt_CVVstate'

2021-06-22 01:53:46 - [MESSAGE][PASSED] - Object 'Object Repository/VLink/Page_CCSale/txt_TrackData' is present

2021-06-22 01:53:46 - [MESSAGE][PASSED] - Text '' is set on object 'Object Repository/VLink/Page_CCSale/txt_TrackData'

2021-06-22 01:53:47 - [MESSAGE][PASSED] - Object 'Object Repository/VLink/Page_CCSale/txt_Track1Data' is present

2021-06-22 01:53:47 - [MESSAGE][PASSED] - Text '' is set on object 'Object Repository/VLink/Page_CCSale/txt_Track1Data'

2021-06-22 01:53:48 - [MESSAGE][PASSED] - Object 'Object Repository/VLink/Page_CCSale/txt_Track2Data' is present

2021-06-22 01:53:48 - [MESSAGE][PASSED] - Text '' is set on object 'Object Repository/VLink/Page_CCSale/txt_Track2Data'

2021-06-22 01:53:49 - [MESSAGE][PASSED] - Object 'Object Repository/VLink/Page_CCSale/txt_POSEntryMode' is present

2021-06-22 01:53:49 - [MESSAGE][PASSED] - Text 'manual' is set on object 'Object Repository/VLink/Page_CCSale/txt_POSEntryMode'

2021-06-22 01:53:50 - [MESSAGE][PASSED] - Object 'Object Repository/VLink/Page_CCSale/txt_Email' is present

2021-06-22 01:53:50 - [MESSAGE][PASSED] - Text 'iahmed@govolution.com' is set on object 'Object Repository/VLink/Page_CCSale/txt_Email'

2021-06-22 01:53:51 - [MESSAGE][PASSED] - Object 'Object Repository/VLink/Page_CCSale/txt_OrderNumber' is present

2021-06-22 01:53:51 - [MESSAGE][PASSED] - Text '2569362' is set on object 'Object Repository/VLink/Page_CCSale/txt_OrderNumber'

2021-06-22 01:53:52 - [MESSAGE][PASSED] - Object 'Object Repository/VLink/Page_CCSale/txt_TaxAmount' is present

2021-06-22 01:53:52 - [MESSAGE][PASSED] - Text '1.15' is set on object 'Object Repository/VLink/Page_CCSale/txt_TaxAmount'

2021-06-22 01:53:53 - [MESSAGE][PASSED] - Object 'Object Repository/VLink/Page_CCSale/txt_ChargeDescription' is present

2021-06-22 01:53:53 - [MESSAGE][PASSED] - Text 'Charge Description' is set on object 'Object Repository/VLink/Page_CCSale/txt_ChargeDescription'

2021-06-22 01:53:54 - [MESSAGE][PASSED] - Object 'Object Repository/VLink/Page_CCSale/txt_CAN' is present

2021-06-22 01:53:54 - [MESSAGE][PASSED] - Text '147357' is set on object 'Object Repository/VLink/Page_CCSale/txt_CAN'

2021-06-22 01:53:55 - [MESSAGE][PASSED] - Object 'Object Repository/VLink/Page_CCSale/txt_BillPaymentIndicator' is present

2021-06-22 01:53:55 - [MESSAGE][PASSED] - Text '1' is set on object 'Object Repository/VLink/Page_CCSale/txt_BillPaymentIndicator'

2021-06-22 01:53:56 - [MESSAGE][PASSED] - Object 'Object Repository/VLink/Page_CCSale/txt_UDF1' is present

2021-06-22 01:53:56 - [MESSAGE][PASSED] - Text 'UDF Data 1' is set on object 'Object Repository/VLink/Page_CCSale/txt_UDF1'

2021-06-22 01:53:57 - [MESSAGE][PASSED] - Object 'Object Repository/VLink/Page_CCSale/txt_UDF2' is present

2021-06-22 01:53:57 - [MESSAGE][PASSED] - Text 'UDF Data 2' is set on object 'Object Repository/VLink/Page_CCSale/txt_UDF2'

2021-06-22 01:53:58 - [MESSAGE][PASSED] - Object 'Object Repository/VLink/Page_CCSale/txt_UDF3' is present

2021-06-22 01:53:58 - [MESSAGE][PASSED] - Text 'UDF Data 3' is set on object 'Object Repository/VLink/Page_CCSale/txt_UDF3'

2021-06-22 01:53:59 - [MESSAGE][PASSED] - Object 'Object Repository/VLink/Page_CCSale/txt_UDF4' is present

2021-06-22 01:53:59 - [MESSAGE][PASSED] - Text 'UDF Data 4' is set on object 'Object Repository/VLink/Page_CCSale/txt_UDF4'

2021-06-22 01:54:00 - [MESSAGE][PASSED] - Object 'Object Repository/VLink/Page_CCSale/txt_UDF5' is present

2021-06-22 01:54:00 - [MESSAGE][PASSED] - Text 'UDF Data 5' is set on object 'Object Repository/VLink/Page_CCSale/txt_UDF5'

2021-06-22 01:54:01 - [MESSAGE][PASSED] - Object 'Object Repository/VLink/Page_CCSale/txt_UDF6' is present

2021-06-22 01:54:01 - [MESSAGE][PASSED] - Text 'UDF Data 6' is set on object 'Object Repository/VLink/Page_CCSale/txt_UDF6'

2021-06-22 01:54:02 - [MESSAGE][PASSED] - Object 'Object Repository/VLink/Page_CCSale/txt_UDF7' is present

2021-06-22 01:54:02 - [MESSAGE][PASSED] - Text 'UDF Data 7' is set on object 'Object Repository/VLink/Page_CCSale/txt_UDF7'

2021-06-22 01:54:03 - [MESSAGE][PASSED] - Object 'Object Repository/VLink/Page_CCSale/txt_UDF8' is present

2021-06-22 01:54:03 - [MESSAGE][PASSED] - Text 'UDF Data 8' is set on object 'Object Repository/VLink/Page_CCSale/txt_UDF8'

2021-06-22 01:54:04 - [MESSAGE][PASSED] - Object 'Object Repository/VLink/Page_CCSale/txt_UDF9' is present

2021-06-22 01:54:04 - [MESSAGE][PASSED] - Text 'UDF Data 9' is set on object 'Object Repository/VLink/Page_CCSale/txt_UDF9'

2021-06-22 01:54:05 - [MESSAGE][PASSED] - Object 'Object Repository/VLink/Page_CCSale/txt_UDF10' is present

2021-06-22 01:54:05 - [MESSAGE][PASSED] - Text 'UDF Data 10' is set on object 'Object Repository/VLink/Page_CCSale/txt_UDF10'

2021-06-22 01:54:06 - [MESSAGE][PASSED] - Object 'Object Repository/VLink/Page_CCSale/txt_CardOnFileIndicator' is present

2021-06-22 01:54:06 - [MESSAGE][PASSED] - Text '0' is set on object 'Object Repository/VLink/Page_CCSale/txt_CardOnFileIndicator'

2021-06-22 01:54:07 - [MESSAGE][PASSED] - Object 'Object Repository/VLink/Page_CCSale/txt_StoredCredentialIndicator' is present

2021-06-22 01:54:07 - [MESSAGE][PASSED] - Text 'Initial' is set on object 'Object Repository/VLink/Page_CCSale/txt_StoredCredentialIndicator'

2021-06-22 01:54:08 - [MESSAGE][PASSED] - Object 'Object Repository/VLink/Page_CCSale/txt_COFScheduledIndicator' is present

2021-06-22 01:54:08 - [MESSAGE][PASSED] - Text 'Unscheduled' is set on object 'Object Repository/VLink/Page_CCSale/txt_COFScheduledIndicator'

2021-06-22 01:54:09 - [MESSAGE][PASSED] - Object 'Object Repository/VLink/Page_CCSale/txt_COFTransactionInitiatedBy' is present

2021-06-22 01:54:09 - [MESSAGE][PASSED] - Text 'Customer' is set on object 'Object Repository/VLink/Page_CCSale/txt_COFTransactionInitiatedBy'

2021-06-22 01:54:13 - [MESSAGE][PASSED] - Object: 'Object Repository/VLink/Page_CCSale/btn_ProcessVLinkTransaction' is clicked on

2021-06-22 01:54:18 - [MESSAGE][PASSED] - vlinkPages.saleCCPage.setDataSCC is PASSED

2021-06-22 01:54:18 - [TEST_STEP][FAILED] - if (verifyTextPresent("Transaction approved, no errors", true)): Text 'Transaction approved, no errors' is not present on page  using regular expression (Root cause: com.kms.katalon.core.exception.StepFailedException: Text 'Transaction approved, no errors' is not present on page  using regular expression
	at com.kms.katalon.core.webui.keyword.internal.WebUIKeywordMain.stepFailed(WebUIKeywordMain.groovy:64)
	at com.kms.katalon.core.webui.keyword.builtin.VerifyTextPresentKeyword$_verifyTextPresent_closure1.doCall(VerifyTextPresentKeyword.groovy:79)
	at com.kms.katalon.core.webui.keyword.builtin.VerifyTextPresentKeyword$_verifyTextPresent_closure1.call(VerifyTextPresentKeyword.groovy)
	at com.kms.katalon.core.webui.keyword.internal.WebUIKeywordMain.runKeyword(WebUIKeywordMain.groovy:20)
	at com.kms.katalon.core.webui.keyword.builtin.VerifyTextPresentKeyword.verifyTextPresent(VerifyTextPresentKeyword.groovy:83)
	at com.kms.katalon.core.webui.keyword.builtin.VerifyTextPresentKeyword.execute(VerifyTextPresentKeyword.groovy:68)
	at com.kms.katalon.core.keyword.internal.KeywordExecutor.executeKeywordForPlatform(KeywordExecutor.groovy:72)
	at com.kms.katalon.core.webui.keyword.WebUiBuiltInKeywords.verifyTextPresent(WebUiBuiltInKeywords.groovy:1719)
	at com.kms.katalon.core.webui.keyword.WebUiBuiltInKeywords$verifyTextPresent$4.call(Unknown Source)
	at VLinkSale-Successful.run(VLinkSale-Successful:76)
	at com.kms.katalon.core.main.ScriptEngine.run(ScriptEngine.java:194)
	at com.kms.katalon.core.main.ScriptEngine.runScriptAsRawText(ScriptEngine.java:119)
	at com.kms.katalon.core.main.TestCaseExecutor.runScript(TestCaseExecutor.java:337)
	at com.kms.katalon.core.main.TestCaseExecutor.doExecute(TestCaseExecutor.java:328)
	at com.kms.katalon.core.main.TestCaseExecutor.processExecutionPhase(TestCaseExecutor.java:307)
	at com.kms.katalon.core.main.TestCaseExecutor.accessMainPhase(TestCaseExecutor.java:299)
	at com.kms.katalon.core.main.TestCaseExecutor.execute(TestCaseExecutor.java:233)
	at com.kms.katalon.core.main.TestSuiteExecutor.accessTestCaseMainPhase(TestSuiteExecutor.java:169)
	at com.kms.katalon.core.main.TestSuiteExecutor.accessTestSuiteMainPhase(TestSuiteExecutor.java:142)
	at com.kms.katalon.core.main.TestSuiteExecutor.execute(TestSuiteExecutor.java:91)
	at com.kms.katalon.core.main.TestCaseMain.startTestSuite(TestCaseMain.java:157)
	at com.kms.katalon.core.main.TestCaseMain$startTestSuite$0.call(Unknown Source)
	at TempTestSuite1624337272106.run(TempTestSuite1624337272106.groovy:37)
)

2021-06-22 01:54:18 - [MESSAGE][FAILED] - Text 'Transaction approved, no errors' is not present on page  using regular expression (Root cause: com.kms.katalon.core.exception.StepFailedException: Text 'Transaction approved, no errors' is not present on page  using regular expression
	at com.kms.katalon.core.webui.keyword.internal.WebUIKeywordMain.stepFailed(WebUIKeywordMain.groovy:64)
	at com.kms.katalon.core.webui.keyword.builtin.VerifyTextPresentKeyword$_verifyTextPresent_closure1.doCall(VerifyTextPresentKeyword.groovy:79)
	at com.kms.katalon.core.webui.keyword.builtin.VerifyTextPresentKeyword$_verifyTextPresent_closure1.call(VerifyTextPresentKeyword.groovy)
	at com.kms.katalon.core.webui.keyword.internal.WebUIKeywordMain.runKeyword(WebUIKeywordMain.groovy:20)
	at com.kms.katalon.core.webui.keyword.builtin.VerifyTextPresentKeyword.verifyTextPresent(VerifyTextPresentKeyword.groovy:83)
	at com.kms.katalon.core.webui.keyword.builtin.VerifyTextPresentKeyword.execute(VerifyTextPresentKeyword.groovy:68)
	at com.kms.katalon.core.keyword.internal.KeywordExecutor.executeKeywordForPlatform(KeywordExecutor.groovy:72)
	at com.kms.katalon.core.webui.keyword.WebUiBuiltInKeywords.verifyTextPresent(WebUiBuiltInKeywords.groovy:1719)
	at com.kms.katalon.core.webui.keyword.WebUiBuiltInKeywords$verifyTextPresent$4.call(Unknown Source)
	at VLinkSale-Successful.run(VLinkSale-Successful:76)
	at com.kms.katalon.core.main.ScriptEngine.run(ScriptEngine.java:194)
	at com.kms.katalon.core.main.ScriptEngine.runScriptAsRawText(ScriptEngine.java:119)
	at com.kms.katalon.core.main.TestCaseExecutor.runScript(TestCaseExecutor.java:337)
	at com.kms.katalon.core.main.TestCaseExecutor.doExecute(TestCaseExecutor.java:328)
	at com.kms.katalon.core.main.TestCaseExecutor.processExecutionPhase(TestCaseExecutor.java:307)
	at com.kms.katalon.core.main.TestCaseExecutor.accessMainPhase(TestCaseExecutor.java:299)
	at com.kms.katalon.core.main.TestCaseExecutor.execute(TestCaseExecutor.java:233)
	at com.kms.katalon.core.main.TestSuiteExecutor.accessTestCaseMainPhase(TestSuiteExecutor.java:169)
	at com.kms.katalon.core.main.TestSuiteExecutor.accessTestSuiteMainPhase(TestSuiteExecutor.java:142)
	at com.kms.katalon.core.main.TestSuiteExecutor.execute(TestSuiteExecutor.java:91)
	at com.kms.katalon.core.main.TestCaseMain.startTestSuite(TestCaseMain.java:157)
	at com.kms.katalon.core.main.TestCaseMain$startTestSuite$0.call(Unknown Source)
	at TempTestSuite1624337272106.run(TempTestSuite1624337272106.groovy:37)
)

2021-06-22 01:54:18 - [TEST_STEP][PASSED] - else: pages.WriteExcel.demoKey is PASSED

2021-06-22 01:54:18 - [TEST_STEP][PASSED] - println("Transaction Approved, no errors text is not present on the Confirmation page"): null

2021-06-22 01:54:18 - [TEST_STEP][PASSED] - out.println("Fail Record Number: " + row): null

2021-06-22 01:54:18 - [TEST_STEP][PASSED] - resText = "Fail": null

2021-06-22 01:54:18 - [TEST_STEP][PASSED] - pages.WriteExcel.demoKey(resText, datText, resColumn, datCloumn, fileLoc, nameSheet, row): pages.WriteExcel.demoKey is PASSED

2021-06-22 01:54:18 - [MESSAGE][PASSED] - pages.WriteExcel.demoKey is PASSED

2021-06-22 01:54:18 - [TEST_STEP][PASSED] - sdfo = getText(findTestObject("Object Repository/Page_VLinkReceipt/pre_STX")): Text of object 'Object Repository/Page_VLinkReceipt/pre_STX' is: '<STX>Gc1ko4y0yNGi                  12098395            2  Transaction failed                                105Processor reported error                                                        U          <ETX>'

2021-06-22 01:54:19 - [MESSAGE][PASSED] - Text of object 'Object Repository/Page_VLinkReceipt/pre_STX' is: '<STX>Gc1ko4y0yNGi                  12098395            2  Transaction failed                                105Processor reported error                                                        U          <ETX>'

2021-06-22 01:54:19 - [TEST_STEP][PASSED] - out.println("sdfo: " + sdfo): null

2021-06-22 01:54:19 - [TEST_STEP][PASSED] - remID = substring(5, 35).trim(): null

2021-06-22 01:54:19 - [TEST_STEP][PASSED] - out.println("Remittance ID: " + remID): null

2021-06-22 01:54:19 - [TEST_STEP][PASSED] - traxID = substring(35, 55).trim(): null

2021-06-22 01:54:19 - [TEST_STEP][PASSED] - out.println("Transaction ID: " + traxID): null

2021-06-22 01:54:19 - [TEST_STEP][PASSED] - out.println("End Record Number: " + row): null

2021-06-22 01:54:19 - [TEST_STEP][PASSED] - closeBrowser(): Browser is closed

2021-06-22 01:54:20 - [MESSAGE][PASSED] - Browser is closed

2021-06-22 01:54:20 - [TEST_STEP][PASSED] - out.println("Begin Record Number: " + row): null

2021-06-22 01:54:20 - [TEST_STEP][PASSED] - today = new java.util.Date(): null

2021-06-22 01:54:20 - [TEST_STEP][PASSED] - println(today): null

2021-06-22 01:54:20 - [TEST_STEP][PASSED] - datText = today: null

2021-06-22 01:54:20 - [TEST_STEP][PASSED] - openBrowser(VLinkURL + "authcap.html"): Browser is opened with url: 'https://dev-algorithm.govolution.com/vlinktest/QA/version_2_0/authcap.html'

2021-06-22 01:54:20 - [MESSAGE][INFO] - Starting 'Chrome' driver

2021-06-22 01:54:20 - [MESSAGE][INFO] - User set preference: ['acceptInsecureCerts', 'true']

2021-06-22 01:54:20 - [MESSAGE][INFO] - Action delay is set to 0 milliseconds

2021-06-22 01:54:21 - [MESSAGE][PASSED] - Browser is opened with url: 'https://dev-algorithm.govolution.com/vlinktest/QA/version_2_0/authcap.html'

2021-06-22 01:54:21 - [TEST_STEP][PASSED] - maximizeWindow(): Current window maximized

2021-06-22 01:54:21 - [MESSAGE][PASSED] - Current window maximized

2021-06-22 01:54:21 - [TEST_STEP][PASSED] - vlinkPages.saleCCPage.setDataSCC(row, dataFile): vlinkPages.saleCCPage.setDataSCC is PASSED

2021-06-22 01:54:24 - [MESSAGE][PASSED] - Object 'Object Repository/VLink/Page_CCSale/txt_CardNumber' is present

2021-06-22 01:54:24 - [MESSAGE][PASSED] - Object 'Object Repository/VLink/Page_CCSale/txt_TransactionType' is present

2021-06-22 01:54:25 - [MESSAGE][PASSED] - Text '104' is set on object 'Object Repository/VLink/Page_CCSale/txt_TransactionType'

2021-06-22 01:54:25 - [MESSAGE][PASSED] - Object 'Object Repository/VLink/Page_CCSale/txt_MessageVersion' is present

2021-06-22 01:54:26 - [MESSAGE][PASSED] - Text '2.0C' is set on object 'Object Repository/VLink/Page_CCSale/txt_MessageVersion'

2021-06-22 01:54:26 - [MESSAGE][PASSED] - Object 'Object Repository/VLink/Page_CCSale/txt_RemID' is present

2021-06-22 01:54:26 - [MESSAGE][PASSED] - Text 'qwg37tvACc5T' is set on object 'Object Repository/VLink/Page_CCSale/txt_RemID'

2021-06-22 01:54:27 - [MESSAGE][PASSED] - Object 'Object Repository/VLink/Page_CCSale/txt_ApplicationId' is present

2021-06-22 01:54:27 - [MESSAGE][PASSED] - Text '670' is set on object 'Object Repository/VLink/Page_CCSale/txt_ApplicationId'

2021-06-22 01:54:28 - [MESSAGE][PASSED] - Object 'Object Repository/VLink/Page_CCSale/txt_Username' is present

2021-06-22 01:54:28 - [MESSAGE][PASSED] - Text 'username' is set on object 'Object Repository/VLink/Page_CCSale/txt_Username'

2021-06-22 01:54:29 - [MESSAGE][PASSED] - Object 'Object Repository/VLink/Page_CCSale/txt_Password' is present

2021-06-22 01:54:29 - [MESSAGE][PASSED] - Text 'password' is set on object 'Object Repository/VLink/Page_CCSale/txt_Password'

2021-06-22 01:54:29 - [MESSAGE][PASSED] - Object 'Object Repository/VLink/Page_CCSale/txt_ResponseFormat' is present

2021-06-22 01:54:30 - [MESSAGE][PASSED] - Text 'fixed_width' is set on object 'Object Repository/VLink/Page_CCSale/txt_ResponseFormat'

2021-06-22 01:54:30 - [MESSAGE][PASSED] - Object 'Object Repository/VLink/Page_CCSale/txt_Category' is present

2021-06-22 01:54:31 - [MESSAGE][PASSED] - Text 'MOTO' is set on object 'Object Repository/VLink/Page_CCSale/txt_Category'

2021-06-22 01:54:31 - [MESSAGE][PASSED] - Object 'Object Repository/VLink/Page_CCSale/txt_TransactionID' is present

2021-06-22 01:54:32 - [MESSAGE][PASSED] - Text '' is set on object 'Object Repository/VLink/Page_CCSale/txt_TransactionID'

2021-06-22 01:54:32 - [MESSAGE][PASSED] - Object 'Object Repository/VLink/Page_CCSale/txt_ApprovalCode' is present

2021-06-22 01:54:33 - [MESSAGE][PASSED] - Text '' is set on object 'Object Repository/VLink/Page_CCSale/txt_ApprovalCode'

2021-06-22 01:54:33 - [MESSAGE][PASSED] - Object 'Object Repository/VLink/Page_CCSale/txt_CardName' is present

2021-06-22 01:54:34 - [MESSAGE][PASSED] - Text 'Arvind Silva' is set on object 'Object Repository/VLink/Page_CCSale/txt_CardName'

2021-06-22 01:54:34 - [MESSAGE][PASSED] - Object 'Object Repository/VLink/Page_CCSale/txt_AL1' is present

2021-06-22 01:54:35 - [MESSAGE][PASSED] - Text '111 Main Ave' is set on object 'Object Repository/VLink/Page_CCSale/txt_AL1'

2021-06-22 01:54:35 - [MESSAGE][PASSED] - Object 'Object Repository/VLink/Page_CCSale/txt_AL2' is present

2021-06-22 01:54:36 - [MESSAGE][PASSED] - Text '' is set on object 'Object Repository/VLink/Page_CCSale/txt_AL2'

2021-06-22 01:54:36 - [MESSAGE][PASSED] - Object 'Object Repository/VLink/Page_CCSale/txt_CardCity' is present

2021-06-22 01:54:37 - [MESSAGE][PASSED] - Text 'Arlington' is set on object 'Object Repository/VLink/Page_CCSale/txt_CardCity'

2021-06-22 01:54:37 - [MESSAGE][PASSED] - Object 'Object Repository/VLink/Page_CCSale/txt_CardState' is present

2021-06-22 01:54:38 - [MESSAGE][PASSED] - Text 'VA' is set on object 'Object Repository/VLink/Page_CCSale/txt_CardState'

2021-06-22 01:54:38 - [MESSAGE][PASSED] - Object 'Object Repository/VLink/Page_CCSale/txt_CardZIP' is present

2021-06-22 01:54:39 - [MESSAGE][PASSED] - Text '22201' is set on object 'Object Repository/VLink/Page_CCSale/txt_CardZIP'

2021-06-22 01:54:39 - [MESSAGE][PASSED] - Object 'Object Repository/VLink/Page_CCSale/txt_CountryID' is present

2021-06-22 01:54:40 - [MESSAGE][PASSED] - Text '' is set on object 'Object Repository/VLink/Page_CCSale/txt_CountryID'

2021-06-22 01:54:40 - [MESSAGE][PASSED] - Object 'Object Repository/VLink/Page_CCSale/txt_Amount' is present

2021-06-22 01:54:41 - [MESSAGE][PASSED] - Text '2.50' is set on object 'Object Repository/VLink/Page_CCSale/txt_Amount'

2021-06-22 01:54:41 - [MESSAGE][PASSED] - Object 'Object Repository/VLink/Page_CCSale/txt_CardNumber' is present

2021-06-22 01:54:42 - [MESSAGE][PASSED] - Text '6011000000000004' is set on object 'Object Repository/VLink/Page_CCSale/txt_CardNumber'

2021-06-22 01:54:42 - [MESSAGE][PASSED] - Object 'Object Repository/VLink/Page_CCSale/txt_ExpMonth' is present

2021-06-22 01:54:43 - [MESSAGE][PASSED] - Text '01' is set on object 'Object Repository/VLink/Page_CCSale/txt_ExpMonth'

2021-06-22 01:54:43 - [MESSAGE][PASSED] - Object 'Object Repository/VLink/Page_CCSale/txt_ExpYear' is present

2021-06-22 01:54:44 - [MESSAGE][PASSED] - Text '2026' is set on object 'Object Repository/VLink/Page_CCSale/txt_ExpYear'

2021-06-22 01:54:44 - [MESSAGE][PASSED] - Object 'Object Repository/VLink/Page_CCSale/txt_CVV' is present

2021-06-22 01:54:45 - [MESSAGE][PASSED] - Text '' is set on object 'Object Repository/VLink/Page_CCSale/txt_CVV'

2021-06-22 01:54:45 - [MESSAGE][PASSED] - Object 'Object Repository/VLink/Page_CCSale/txt_CVVstate' is present

2021-06-22 01:54:46 - [MESSAGE][PASSED] - Text '' is set on object 'Object Repository/VLink/Page_CCSale/txt_CVVstate'

2021-06-22 01:54:46 - [MESSAGE][PASSED] - Object 'Object Repository/VLink/Page_CCSale/txt_TrackData' is present

2021-06-22 01:54:47 - [MESSAGE][PASSED] - Text '' is set on object 'Object Repository/VLink/Page_CCSale/txt_TrackData'

2021-06-22 01:54:47 - [MESSAGE][PASSED] - Object 'Object Repository/VLink/Page_CCSale/txt_Track1Data' is present

2021-06-22 01:54:48 - [MESSAGE][PASSED] - Text '' is set on object 'Object Repository/VLink/Page_CCSale/txt_Track1Data'

2021-06-22 01:54:48 - [MESSAGE][PASSED] - Object 'Object Repository/VLink/Page_CCSale/txt_Track2Data' is present

2021-06-22 01:54:49 - [MESSAGE][PASSED] - Text '' is set on object 'Object Repository/VLink/Page_CCSale/txt_Track2Data'

2021-06-22 01:54:49 - [MESSAGE][PASSED] - Object 'Object Repository/VLink/Page_CCSale/txt_POSEntryMode' is present

2021-06-22 01:54:50 - [MESSAGE][PASSED] - Text 'manual' is set on object 'Object Repository/VLink/Page_CCSale/txt_POSEntryMode'

2021-06-22 01:54:50 - [MESSAGE][PASSED] - Object 'Object Repository/VLink/Page_CCSale/txt_Email' is present

2021-06-22 01:54:51 - [MESSAGE][PASSED] - Text '' is set on object 'Object Repository/VLink/Page_CCSale/txt_Email'

2021-06-22 01:54:51 - [MESSAGE][PASSED] - Object 'Object Repository/VLink/Page_CCSale/txt_OrderNumber' is present

2021-06-22 01:54:52 - [MESSAGE][PASSED] - Text '' is set on object 'Object Repository/VLink/Page_CCSale/txt_OrderNumber'

2021-06-22 01:54:52 - [MESSAGE][PASSED] - Object 'Object Repository/VLink/Page_CCSale/txt_TaxAmount' is present

2021-06-22 01:54:53 - [MESSAGE][PASSED] - Text '' is set on object 'Object Repository/VLink/Page_CCSale/txt_TaxAmount'

2021-06-22 01:54:53 - [MESSAGE][PASSED] - Object 'Object Repository/VLink/Page_CCSale/txt_ChargeDescription' is present

2021-06-22 01:54:54 - [MESSAGE][PASSED] - Text '' is set on object 'Object Repository/VLink/Page_CCSale/txt_ChargeDescription'

2021-06-22 01:54:54 - [MESSAGE][PASSED] - Object 'Object Repository/VLink/Page_CCSale/txt_CAN' is present

2021-06-22 01:54:55 - [MESSAGE][PASSED] - Text '' is set on object 'Object Repository/VLink/Page_CCSale/txt_CAN'

2021-06-22 01:54:55 - [MESSAGE][PASSED] - Object 'Object Repository/VLink/Page_CCSale/txt_BillPaymentIndicator' is present

2021-06-22 01:54:56 - [MESSAGE][PASSED] - Text '' is set on object 'Object Repository/VLink/Page_CCSale/txt_BillPaymentIndicator'

2021-06-22 01:54:56 - [MESSAGE][PASSED] - Object 'Object Repository/VLink/Page_CCSale/txt_UDF1' is present

2021-06-22 01:54:56 - [MESSAGE][PASSED] - Text '' is set on object 'Object Repository/VLink/Page_CCSale/txt_UDF1'

2021-06-22 01:54:57 - [MESSAGE][PASSED] - Object 'Object Repository/VLink/Page_CCSale/txt_UDF2' is present

2021-06-22 01:54:57 - [MESSAGE][PASSED] - Text '' is set on object 'Object Repository/VLink/Page_CCSale/txt_UDF2'

2021-06-22 01:54:58 - [MESSAGE][PASSED] - Object 'Object Repository/VLink/Page_CCSale/txt_UDF3' is present

2021-06-22 01:54:58 - [MESSAGE][PASSED] - Text '' is set on object 'Object Repository/VLink/Page_CCSale/txt_UDF3'

2021-06-22 01:54:59 - [MESSAGE][PASSED] - Object 'Object Repository/VLink/Page_CCSale/txt_UDF4' is present

2021-06-22 01:54:59 - [MESSAGE][PASSED] - Text '' is set on object 'Object Repository/VLink/Page_CCSale/txt_UDF4'

2021-06-22 01:55:00 - [MESSAGE][PASSED] - Object 'Object Repository/VLink/Page_CCSale/txt_UDF5' is present

2021-06-22 01:55:00 - [MESSAGE][PASSED] - Text '' is set on object 'Object Repository/VLink/Page_CCSale/txt_UDF5'

2021-06-22 01:55:01 - [MESSAGE][PASSED] - Object 'Object Repository/VLink/Page_CCSale/txt_UDF6' is present

2021-06-22 01:55:01 - [MESSAGE][PASSED] - Text '' is set on object 'Object Repository/VLink/Page_CCSale/txt_UDF6'

2021-06-22 01:55:02 - [MESSAGE][PASSED] - Object 'Object Repository/VLink/Page_CCSale/txt_UDF7' is present

2021-06-22 01:55:02 - [MESSAGE][PASSED] - Text '' is set on object 'Object Repository/VLink/Page_CCSale/txt_UDF7'

2021-06-22 01:55:03 - [MESSAGE][PASSED] - Object 'Object Repository/VLink/Page_CCSale/txt_UDF8' is present

2021-06-22 01:55:03 - [MESSAGE][PASSED] - Text '' is set on object 'Object Repository/VLink/Page_CCSale/txt_UDF8'

2021-06-22 01:55:04 - [MESSAGE][PASSED] - Object 'Object Repository/VLink/Page_CCSale/txt_UDF9' is present

2021-06-22 01:55:04 - [MESSAGE][PASSED] - Text '' is set on object 'Object Repository/VLink/Page_CCSale/txt_UDF9'

2021-06-22 01:55:05 - [MESSAGE][PASSED] - Object 'Object Repository/VLink/Page_CCSale/txt_UDF10' is present

2021-06-22 01:55:05 - [MESSAGE][PASSED] - Text '' is set on object 'Object Repository/VLink/Page_CCSale/txt_UDF10'

2021-06-22 01:55:06 - [MESSAGE][PASSED] - Object 'Object Repository/VLink/Page_CCSale/txt_CardOnFileIndicator' is present

2021-06-22 01:55:06 - [MESSAGE][PASSED] - Text '0' is set on object 'Object Repository/VLink/Page_CCSale/txt_CardOnFileIndicator'

2021-06-22 01:55:07 - [MESSAGE][PASSED] - Object 'Object Repository/VLink/Page_CCSale/txt_StoredCredentialIndicator' is present

2021-06-22 01:55:07 - [MESSAGE][PASSED] - Text 'Initial' is set on object 'Object Repository/VLink/Page_CCSale/txt_StoredCredentialIndicator'

2021-06-22 01:55:08 - [MESSAGE][PASSED] - Object 'Object Repository/VLink/Page_CCSale/txt_COFScheduledIndicator' is present

2021-06-22 01:55:08 - [MESSAGE][PASSED] - Text 'Unscheduled' is set on object 'Object Repository/VLink/Page_CCSale/txt_COFScheduledIndicator'

2021-06-22 01:55:09 - [MESSAGE][PASSED] - Object 'Object Repository/VLink/Page_CCSale/txt_COFTransactionInitiatedBy' is present

2021-06-22 01:55:09 - [MESSAGE][PASSED] - Text 'Customer' is set on object 'Object Repository/VLink/Page_CCSale/txt_COFTransactionInitiatedBy'

2021-06-22 01:55:13 - [MESSAGE][PASSED] - Object: 'Object Repository/VLink/Page_CCSale/btn_ProcessVLinkTransaction' is clicked on

2021-06-22 01:55:18 - [MESSAGE][PASSED] - vlinkPages.saleCCPage.setDataSCC is PASSED

2021-06-22 01:55:18 - [TEST_STEP][PASSED] - if (verifyTextPresent("Transaction approved, no errors", true)): null

2021-06-22 01:55:18 - [MESSAGE][PASSED] - Text 'Transaction approved, no errors' is present on page  using regular expression

2021-06-22 01:55:18 - [TEST_STEP][PASSED] - println("Transaction Approved, no errors text is present on the Confirmation page"): null

2021-06-22 01:55:18 - [TEST_STEP][PASSED] - out.println("Pass Record Number: " + row): null

2021-06-22 01:55:18 - [TEST_STEP][PASSED] - resText = "Pass": null

2021-06-22 01:55:18 - [TEST_STEP][PASSED] - pages.WriteExcel.demoKey(resText, datText, resColumn, datCloumn, fileLoc, nameSheet, row): pages.WriteExcel.demoKey is PASSED

2021-06-22 01:55:19 - [MESSAGE][PASSED] - pages.WriteExcel.demoKey is PASSED

2021-06-22 01:55:19 - [TEST_STEP][PASSED] - sdfo = getText(findTestObject("Object Repository/Page_VLinkReceipt/pre_STX")): Text of object 'Object Repository/Page_VLinkReceipt/pre_STX' is: '<STX>qwg37tvACc5T                  12098396            0  Transaction approved, no errors                   0                                                                                  Y OK2973   <ETX>'

2021-06-22 01:55:19 - [MESSAGE][PASSED] - Text of object 'Object Repository/Page_VLinkReceipt/pre_STX' is: '<STX>qwg37tvACc5T                  12098396            0  Transaction approved, no errors                   0                                                                                  Y OK2973   <ETX>'

2021-06-22 01:55:19 - [TEST_STEP][PASSED] - out.println("sdfo: " + sdfo): null

2021-06-22 01:55:19 - [TEST_STEP][PASSED] - remID = substring(5, 35).trim(): null

2021-06-22 01:55:19 - [TEST_STEP][PASSED] - out.println("Remittance ID: " + remID): null

2021-06-22 01:55:19 - [TEST_STEP][PASSED] - traxID = substring(35, 55).trim(): null

2021-06-22 01:55:19 - [TEST_STEP][PASSED] - out.println("Transaction ID: " + traxID): null

2021-06-22 01:55:19 - [TEST_STEP][PASSED] - out.println("End Record Number: " + row): null

2021-06-22 01:55:19 - [TEST_STEP][PASSED] - closeBrowser(): Browser is closed

2021-06-22 01:55:20 - [MESSAGE][PASSED] - Browser is closed

2021-06-22 01:55:20 - [TEST_STEP][PASSED] - out.println("Begin Record Number: " + row): null

2021-06-22 01:55:20 - [TEST_STEP][PASSED] - today = new java.util.Date(): null

2021-06-22 01:55:20 - [TEST_STEP][PASSED] - println(today): null

2021-06-22 01:55:20 - [TEST_STEP][PASSED] - datText = today: null

2021-06-22 01:55:20 - [TEST_STEP][PASSED] - openBrowser(VLinkURL + "authcap.html"): Browser is opened with url: 'https://dev-algorithm.govolution.com/vlinktest/QA/version_2_0/authcap.html'

2021-06-22 01:55:20 - [MESSAGE][INFO] - Starting 'Chrome' driver

2021-06-22 01:55:20 - [MESSAGE][INFO] - User set preference: ['acceptInsecureCerts', 'true']

2021-06-22 01:55:20 - [MESSAGE][INFO] - Action delay is set to 0 milliseconds

2021-06-22 01:55:21 - [MESSAGE][PASSED] - Browser is opened with url: 'https://dev-algorithm.govolution.com/vlinktest/QA/version_2_0/authcap.html'

2021-06-22 01:55:21 - [TEST_STEP][PASSED] - maximizeWindow(): Current window maximized

2021-06-22 01:55:21 - [MESSAGE][PASSED] - Current window maximized

2021-06-22 01:55:21 - [TEST_STEP][PASSED] - vlinkPages.saleCCPage.setDataSCC(row, dataFile): vlinkPages.saleCCPage.setDataSCC is PASSED

2021-06-22 01:55:23 - [MESSAGE][PASSED] - Object 'Object Repository/VLink/Page_CCSale/txt_CardNumber' is present

2021-06-22 01:55:24 - [MESSAGE][PASSED] - Object 'Object Repository/VLink/Page_CCSale/txt_TransactionType' is present

2021-06-22 01:55:24 - [MESSAGE][PASSED] - Text '104' is set on object 'Object Repository/VLink/Page_CCSale/txt_TransactionType'

2021-06-22 01:55:25 - [MESSAGE][PASSED] - Object 'Object Repository/VLink/Page_CCSale/txt_MessageVersion' is present

2021-06-22 01:55:25 - [MESSAGE][PASSED] - Text '2.0C' is set on object 'Object Repository/VLink/Page_CCSale/txt_MessageVersion'

2021-06-22 01:55:26 - [MESSAGE][PASSED] - Object 'Object Repository/VLink/Page_CCSale/txt_RemID' is present

2021-06-22 01:55:26 - [MESSAGE][PASSED] - Text 't8uFX0eIAg9v' is set on object 'Object Repository/VLink/Page_CCSale/txt_RemID'

2021-06-22 01:55:26 - [MESSAGE][PASSED] - Object 'Object Repository/VLink/Page_CCSale/txt_ApplicationId' is present

2021-06-22 01:55:27 - [MESSAGE][PASSED] - Text '671' is set on object 'Object Repository/VLink/Page_CCSale/txt_ApplicationId'

2021-06-22 01:55:27 - [MESSAGE][PASSED] - Object 'Object Repository/VLink/Page_CCSale/txt_Username' is present

2021-06-22 01:55:28 - [MESSAGE][PASSED] - Text 'username' is set on object 'Object Repository/VLink/Page_CCSale/txt_Username'

2021-06-22 01:55:28 - [MESSAGE][PASSED] - Object 'Object Repository/VLink/Page_CCSale/txt_Password' is present

2021-06-22 01:55:29 - [MESSAGE][PASSED] - Text 'password' is set on object 'Object Repository/VLink/Page_CCSale/txt_Password'

2021-06-22 01:55:29 - [MESSAGE][PASSED] - Object 'Object Repository/VLink/Page_CCSale/txt_ResponseFormat' is present

2021-06-22 01:55:30 - [MESSAGE][PASSED] - Text 'fixed_width' is set on object 'Object Repository/VLink/Page_CCSale/txt_ResponseFormat'

2021-06-22 01:55:30 - [MESSAGE][PASSED] - Object 'Object Repository/VLink/Page_CCSale/txt_Category' is present

2021-06-22 01:55:31 - [MESSAGE][PASSED] - Text 'RETL' is set on object 'Object Repository/VLink/Page_CCSale/txt_Category'

2021-06-22 01:55:31 - [MESSAGE][PASSED] - Object 'Object Repository/VLink/Page_CCSale/txt_TransactionID' is present

2021-06-22 01:55:32 - [MESSAGE][PASSED] - Text '' is set on object 'Object Repository/VLink/Page_CCSale/txt_TransactionID'

2021-06-22 01:55:32 - [MESSAGE][PASSED] - Object 'Object Repository/VLink/Page_CCSale/txt_ApprovalCode' is present

2021-06-22 01:55:33 - [MESSAGE][PASSED] - Text '' is set on object 'Object Repository/VLink/Page_CCSale/txt_ApprovalCode'

2021-06-22 01:55:33 - [MESSAGE][PASSED] - Object 'Object Repository/VLink/Page_CCSale/txt_CardName' is present

2021-06-22 01:55:34 - [MESSAGE][PASSED] - Text 'Roshan Maha' is set on object 'Object Repository/VLink/Page_CCSale/txt_CardName'

2021-06-22 01:55:34 - [MESSAGE][PASSED] - Object 'Object Repository/VLink/Page_CCSale/txt_AL1' is present

2021-06-22 01:55:35 - [MESSAGE][PASSED] - Text '12563 Bazaar road' is set on object 'Object Repository/VLink/Page_CCSale/txt_AL1'

2021-06-22 01:55:35 - [MESSAGE][PASSED] - Object 'Object Repository/VLink/Page_CCSale/txt_AL2' is present

2021-06-22 01:55:36 - [MESSAGE][PASSED] - Text '' is set on object 'Object Repository/VLink/Page_CCSale/txt_AL2'

2021-06-22 01:55:36 - [MESSAGE][PASSED] - Object 'Object Repository/VLink/Page_CCSale/txt_CardCity' is present

2021-06-22 01:55:37 - [MESSAGE][PASSED] - Text 'Crofton' is set on object 'Object Repository/VLink/Page_CCSale/txt_CardCity'

2021-06-22 01:55:37 - [MESSAGE][PASSED] - Object 'Object Repository/VLink/Page_CCSale/txt_CardState' is present

2021-06-22 01:55:38 - [MESSAGE][PASSED] - Text 'MD' is set on object 'Object Repository/VLink/Page_CCSale/txt_CardState'

2021-06-22 01:55:38 - [MESSAGE][PASSED] - Object 'Object Repository/VLink/Page_CCSale/txt_CardZIP' is present

2021-06-22 01:55:39 - [MESSAGE][PASSED] - Text '21114' is set on object 'Object Repository/VLink/Page_CCSale/txt_CardZIP'

2021-06-22 01:55:39 - [MESSAGE][PASSED] - Object 'Object Repository/VLink/Page_CCSale/txt_CountryID' is present

2021-06-22 01:55:40 - [MESSAGE][PASSED] - Text '' is set on object 'Object Repository/VLink/Page_CCSale/txt_CountryID'

2021-06-22 01:55:40 - [MESSAGE][PASSED] - Object 'Object Repository/VLink/Page_CCSale/txt_Amount' is present

2021-06-22 01:55:41 - [MESSAGE][PASSED] - Text '3.50' is set on object 'Object Repository/VLink/Page_CCSale/txt_Amount'

2021-06-22 01:55:41 - [MESSAGE][PASSED] - Object 'Object Repository/VLink/Page_CCSale/txt_CardNumber' is present

2021-06-22 01:55:42 - [MESSAGE][PASSED] - Text '4111111111111111' is set on object 'Object Repository/VLink/Page_CCSale/txt_CardNumber'

2021-06-22 01:55:42 - [MESSAGE][PASSED] - Object 'Object Repository/VLink/Page_CCSale/txt_ExpMonth' is present

2021-06-22 01:55:43 - [MESSAGE][PASSED] - Text '01' is set on object 'Object Repository/VLink/Page_CCSale/txt_ExpMonth'

2021-06-22 01:55:43 - [MESSAGE][PASSED] - Object 'Object Repository/VLink/Page_CCSale/txt_ExpYear' is present

2021-06-22 01:55:44 - [MESSAGE][PASSED] - Text '2026' is set on object 'Object Repository/VLink/Page_CCSale/txt_ExpYear'

2021-06-22 01:55:44 - [MESSAGE][PASSED] - Object 'Object Repository/VLink/Page_CCSale/txt_CVV' is present

2021-06-22 01:55:45 - [MESSAGE][PASSED] - Text '' is set on object 'Object Repository/VLink/Page_CCSale/txt_CVV'

2021-06-22 01:55:45 - [MESSAGE][PASSED] - Object 'Object Repository/VLink/Page_CCSale/txt_CVVstate' is present

2021-06-22 01:55:46 - [MESSAGE][PASSED] - Text '' is set on object 'Object Repository/VLink/Page_CCSale/txt_CVVstate'

2021-06-22 01:55:46 - [MESSAGE][PASSED] - Object 'Object Repository/VLink/Page_CCSale/txt_TrackData' is present

2021-06-22 01:55:47 - [MESSAGE][PASSED] - Text '' is set on object 'Object Repository/VLink/Page_CCSale/txt_TrackData'

2021-06-22 01:55:47 - [MESSAGE][PASSED] - Object 'Object Repository/VLink/Page_CCSale/txt_Track1Data' is present

2021-06-22 01:55:48 - [MESSAGE][PASSED] - Text '' is set on object 'Object Repository/VLink/Page_CCSale/txt_Track1Data'

2021-06-22 01:55:48 - [MESSAGE][PASSED] - Object 'Object Repository/VLink/Page_CCSale/txt_Track2Data' is present

2021-06-22 01:55:49 - [MESSAGE][PASSED] - Text '' is set on object 'Object Repository/VLink/Page_CCSale/txt_Track2Data'

2021-06-22 01:55:49 - [MESSAGE][PASSED] - Object 'Object Repository/VLink/Page_CCSale/txt_POSEntryMode' is present

2021-06-22 01:55:50 - [MESSAGE][PASSED] - Text 'manual' is set on object 'Object Repository/VLink/Page_CCSale/txt_POSEntryMode'

2021-06-22 01:55:50 - [MESSAGE][PASSED] - Object 'Object Repository/VLink/Page_CCSale/txt_Email' is present

2021-06-22 01:55:51 - [MESSAGE][PASSED] - Text '' is set on object 'Object Repository/VLink/Page_CCSale/txt_Email'

2021-06-22 01:55:51 - [MESSAGE][PASSED] - Object 'Object Repository/VLink/Page_CCSale/txt_OrderNumber' is present

2021-06-22 01:55:52 - [MESSAGE][PASSED] - Text '' is set on object 'Object Repository/VLink/Page_CCSale/txt_OrderNumber'

2021-06-22 01:55:52 - [MESSAGE][PASSED] - Object 'Object Repository/VLink/Page_CCSale/txt_TaxAmount' is present

2021-06-22 01:55:53 - [MESSAGE][PASSED] - Text '' is set on object 'Object Repository/VLink/Page_CCSale/txt_TaxAmount'

2021-06-22 01:55:53 - [MESSAGE][PASSED] - Object 'Object Repository/VLink/Page_CCSale/txt_ChargeDescription' is present

2021-06-22 01:55:54 - [MESSAGE][PASSED] - Text '' is set on object 'Object Repository/VLink/Page_CCSale/txt_ChargeDescription'

2021-06-22 01:55:54 - [MESSAGE][PASSED] - Object 'Object Repository/VLink/Page_CCSale/txt_CAN' is present

2021-06-22 01:55:55 - [MESSAGE][PASSED] - Text '' is set on object 'Object Repository/VLink/Page_CCSale/txt_CAN'

2021-06-22 01:55:55 - [MESSAGE][PASSED] - Object 'Object Repository/VLink/Page_CCSale/txt_BillPaymentIndicator' is present

2021-06-22 01:55:56 - [MESSAGE][PASSED] - Text '' is set on object 'Object Repository/VLink/Page_CCSale/txt_BillPaymentIndicator'

2021-06-22 01:55:56 - [MESSAGE][PASSED] - Object 'Object Repository/VLink/Page_CCSale/txt_UDF1' is present

2021-06-22 01:55:57 - [MESSAGE][PASSED] - Text '' is set on object 'Object Repository/VLink/Page_CCSale/txt_UDF1'

2021-06-22 01:55:57 - [MESSAGE][PASSED] - Object 'Object Repository/VLink/Page_CCSale/txt_UDF2' is present

2021-06-22 01:55:58 - [MESSAGE][PASSED] - Text '' is set on object 'Object Repository/VLink/Page_CCSale/txt_UDF2'

2021-06-22 01:55:58 - [MESSAGE][PASSED] - Object 'Object Repository/VLink/Page_CCSale/txt_UDF3' is present

2021-06-22 01:55:59 - [MESSAGE][PASSED] - Text '' is set on object 'Object Repository/VLink/Page_CCSale/txt_UDF3'

2021-06-22 01:55:59 - [MESSAGE][PASSED] - Object 'Object Repository/VLink/Page_CCSale/txt_UDF4' is present

2021-06-22 01:56:00 - [MESSAGE][PASSED] - Text '' is set on object 'Object Repository/VLink/Page_CCSale/txt_UDF4'

2021-06-22 01:56:00 - [MESSAGE][PASSED] - Object 'Object Repository/VLink/Page_CCSale/txt_UDF5' is present

2021-06-22 01:56:01 - [MESSAGE][PASSED] - Text '' is set on object 'Object Repository/VLink/Page_CCSale/txt_UDF5'

2021-06-22 01:56:01 - [MESSAGE][PASSED] - Object 'Object Repository/VLink/Page_CCSale/txt_UDF6' is present

2021-06-22 01:56:02 - [MESSAGE][PASSED] - Text '' is set on object 'Object Repository/VLink/Page_CCSale/txt_UDF6'

2021-06-22 01:56:02 - [MESSAGE][PASSED] - Object 'Object Repository/VLink/Page_CCSale/txt_UDF7' is present

2021-06-22 01:56:03 - [MESSAGE][PASSED] - Text '' is set on object 'Object Repository/VLink/Page_CCSale/txt_UDF7'

2021-06-22 01:56:03 - [MESSAGE][PASSED] - Object 'Object Repository/VLink/Page_CCSale/txt_UDF8' is present

2021-06-22 01:56:04 - [MESSAGE][PASSED] - Text '' is set on object 'Object Repository/VLink/Page_CCSale/txt_UDF8'

2021-06-22 01:56:04 - [MESSAGE][PASSED] - Object 'Object Repository/VLink/Page_CCSale/txt_UDF9' is present

2021-06-22 01:56:05 - [MESSAGE][PASSED] - Text '' is set on object 'Object Repository/VLink/Page_CCSale/txt_UDF9'

2021-06-22 01:56:05 - [MESSAGE][PASSED] - Object 'Object Repository/VLink/Page_CCSale/txt_UDF10' is present

2021-06-22 01:56:06 - [MESSAGE][PASSED] - Text '' is set on object 'Object Repository/VLink/Page_CCSale/txt_UDF10'

2021-06-22 01:56:06 - [MESSAGE][PASSED] - Object 'Object Repository/VLink/Page_CCSale/txt_CardOnFileIndicator' is present

2021-06-22 01:56:07 - [MESSAGE][PASSED] - Text '0' is set on object 'Object Repository/VLink/Page_CCSale/txt_CardOnFileIndicator'

2021-06-22 01:56:07 - [MESSAGE][PASSED] - Object 'Object Repository/VLink/Page_CCSale/txt_StoredCredentialIndicator' is present

2021-06-22 01:56:08 - [MESSAGE][PASSED] - Text 'Initial' is set on object 'Object Repository/VLink/Page_CCSale/txt_StoredCredentialIndicator'

2021-06-22 01:56:08 - [MESSAGE][PASSED] - Object 'Object Repository/VLink/Page_CCSale/txt_COFScheduledIndicator' is present

2021-06-22 01:56:09 - [MESSAGE][PASSED] - Text 'Unscheduled' is set on object 'Object Repository/VLink/Page_CCSale/txt_COFScheduledIndicator'

2021-06-22 01:56:09 - [MESSAGE][PASSED] - Object 'Object Repository/VLink/Page_CCSale/txt_COFTransactionInitiatedBy' is present

2021-06-22 01:56:10 - [MESSAGE][PASSED] - Text 'Customer' is set on object 'Object Repository/VLink/Page_CCSale/txt_COFTransactionInitiatedBy'

2021-06-22 01:56:12 - [MESSAGE][PASSED] - Object: 'Object Repository/VLink/Page_CCSale/btn_ProcessVLinkTransaction' is clicked on

2021-06-22 01:56:17 - [MESSAGE][PASSED] - vlinkPages.saleCCPage.setDataSCC is PASSED

2021-06-22 01:56:17 - [TEST_STEP][FAILED] - if (verifyTextPresent("Transaction approved, no errors", true)): Text 'Transaction approved, no errors' is not present on page  using regular expression (Root cause: com.kms.katalon.core.exception.StepFailedException: Text 'Transaction approved, no errors' is not present on page  using regular expression
	at com.kms.katalon.core.webui.keyword.internal.WebUIKeywordMain.stepFailed(WebUIKeywordMain.groovy:64)
	at com.kms.katalon.core.webui.keyword.builtin.VerifyTextPresentKeyword$_verifyTextPresent_closure1.doCall(VerifyTextPresentKeyword.groovy:79)
	at com.kms.katalon.core.webui.keyword.builtin.VerifyTextPresentKeyword$_verifyTextPresent_closure1.call(VerifyTextPresentKeyword.groovy)
	at com.kms.katalon.core.webui.keyword.internal.WebUIKeywordMain.runKeyword(WebUIKeywordMain.groovy:20)
	at com.kms.katalon.core.webui.keyword.builtin.VerifyTextPresentKeyword.verifyTextPresent(VerifyTextPresentKeyword.groovy:83)
	at com.kms.katalon.core.webui.keyword.builtin.VerifyTextPresentKeyword.execute(VerifyTextPresentKeyword.groovy:68)
	at com.kms.katalon.core.keyword.internal.KeywordExecutor.executeKeywordForPlatform(KeywordExecutor.groovy:72)
	at com.kms.katalon.core.webui.keyword.WebUiBuiltInKeywords.verifyTextPresent(WebUiBuiltInKeywords.groovy:1719)
	at com.kms.katalon.core.webui.keyword.WebUiBuiltInKeywords$verifyTextPresent$4.call(Unknown Source)
	at VLinkSale-Successful.run(VLinkSale-Successful:76)
	at com.kms.katalon.core.main.ScriptEngine.run(ScriptEngine.java:194)
	at com.kms.katalon.core.main.ScriptEngine.runScriptAsRawText(ScriptEngine.java:119)
	at com.kms.katalon.core.main.TestCaseExecutor.runScript(TestCaseExecutor.java:337)
	at com.kms.katalon.core.main.TestCaseExecutor.doExecute(TestCaseExecutor.java:328)
	at com.kms.katalon.core.main.TestCaseExecutor.processExecutionPhase(TestCaseExecutor.java:307)
	at com.kms.katalon.core.main.TestCaseExecutor.accessMainPhase(TestCaseExecutor.java:299)
	at com.kms.katalon.core.main.TestCaseExecutor.execute(TestCaseExecutor.java:233)
	at com.kms.katalon.core.main.TestSuiteExecutor.accessTestCaseMainPhase(TestSuiteExecutor.java:169)
	at com.kms.katalon.core.main.TestSuiteExecutor.accessTestSuiteMainPhase(TestSuiteExecutor.java:142)
	at com.kms.katalon.core.main.TestSuiteExecutor.execute(TestSuiteExecutor.java:91)
	at com.kms.katalon.core.main.TestCaseMain.startTestSuite(TestCaseMain.java:157)
	at com.kms.katalon.core.main.TestCaseMain$startTestSuite$0.call(Unknown Source)
	at TempTestSuite1624337272106.run(TempTestSuite1624337272106.groovy:37)
)

2021-06-22 01:56:18 - [MESSAGE][FAILED] - Text 'Transaction approved, no errors' is not present on page  using regular expression (Root cause: com.kms.katalon.core.exception.StepFailedException: Text 'Transaction approved, no errors' is not present on page  using regular expression
	at com.kms.katalon.core.webui.keyword.internal.WebUIKeywordMain.stepFailed(WebUIKeywordMain.groovy:64)
	at com.kms.katalon.core.webui.keyword.builtin.VerifyTextPresentKeyword$_verifyTextPresent_closure1.doCall(VerifyTextPresentKeyword.groovy:79)
	at com.kms.katalon.core.webui.keyword.builtin.VerifyTextPresentKeyword$_verifyTextPresent_closure1.call(VerifyTextPresentKeyword.groovy)
	at com.kms.katalon.core.webui.keyword.internal.WebUIKeywordMain.runKeyword(WebUIKeywordMain.groovy:20)
	at com.kms.katalon.core.webui.keyword.builtin.VerifyTextPresentKeyword.verifyTextPresent(VerifyTextPresentKeyword.groovy:83)
	at com.kms.katalon.core.webui.keyword.builtin.VerifyTextPresentKeyword.execute(VerifyTextPresentKeyword.groovy:68)
	at com.kms.katalon.core.keyword.internal.KeywordExecutor.executeKeywordForPlatform(KeywordExecutor.groovy:72)
	at com.kms.katalon.core.webui.keyword.WebUiBuiltInKeywords.verifyTextPresent(WebUiBuiltInKeywords.groovy:1719)
	at com.kms.katalon.core.webui.keyword.WebUiBuiltInKeywords$verifyTextPresent$4.call(Unknown Source)
	at VLinkSale-Successful.run(VLinkSale-Successful:76)
	at com.kms.katalon.core.main.ScriptEngine.run(ScriptEngine.java:194)
	at com.kms.katalon.core.main.ScriptEngine.runScriptAsRawText(ScriptEngine.java:119)
	at com.kms.katalon.core.main.TestCaseExecutor.runScript(TestCaseExecutor.java:337)
	at com.kms.katalon.core.main.TestCaseExecutor.doExecute(TestCaseExecutor.java:328)
	at com.kms.katalon.core.main.TestCaseExecutor.processExecutionPhase(TestCaseExecutor.java:307)
	at com.kms.katalon.core.main.TestCaseExecutor.accessMainPhase(TestCaseExecutor.java:299)
	at com.kms.katalon.core.main.TestCaseExecutor.execute(TestCaseExecutor.java:233)
	at com.kms.katalon.core.main.TestSuiteExecutor.accessTestCaseMainPhase(TestSuiteExecutor.java:169)
	at com.kms.katalon.core.main.TestSuiteExecutor.accessTestSuiteMainPhase(TestSuiteExecutor.java:142)
	at com.kms.katalon.core.main.TestSuiteExecutor.execute(TestSuiteExecutor.java:91)
	at com.kms.katalon.core.main.TestCaseMain.startTestSuite(TestCaseMain.java:157)
	at com.kms.katalon.core.main.TestCaseMain$startTestSuite$0.call(Unknown Source)
	at TempTestSuite1624337272106.run(TempTestSuite1624337272106.groovy:37)
)

2021-06-22 01:56:18 - [TEST_STEP][PASSED] - else: pages.WriteExcel.demoKey is PASSED

2021-06-22 01:56:18 - [TEST_STEP][PASSED] - println("Transaction Approved, no errors text is not present on the Confirmation page"): null

2021-06-22 01:56:18 - [TEST_STEP][PASSED] - out.println("Fail Record Number: " + row): null

2021-06-22 01:56:18 - [TEST_STEP][PASSED] - resText = "Fail": null

2021-06-22 01:56:18 - [TEST_STEP][PASSED] - pages.WriteExcel.demoKey(resText, datText, resColumn, datCloumn, fileLoc, nameSheet, row): pages.WriteExcel.demoKey is PASSED

2021-06-22 01:56:18 - [MESSAGE][PASSED] - pages.WriteExcel.demoKey is PASSED

2021-06-22 01:56:18 - [TEST_STEP][PASSED] - sdfo = getText(findTestObject("Object Repository/Page_VLinkReceipt/pre_STX")): Text of object 'Object Repository/Page_VLinkReceipt/pre_STX' is: '<STX>t8uFX0eIAg9v                  12098397            2  Transaction failed                                105Processor reported error                                                        U          <ETX>'

2021-06-22 01:56:18 - [MESSAGE][PASSED] - Text of object 'Object Repository/Page_VLinkReceipt/pre_STX' is: '<STX>t8uFX0eIAg9v                  12098397            2  Transaction failed                                105Processor reported error                                                        U          <ETX>'

2021-06-22 01:56:18 - [TEST_STEP][PASSED] - out.println("sdfo: " + sdfo): null

2021-06-22 01:56:18 - [TEST_STEP][PASSED] - remID = substring(5, 35).trim(): null

2021-06-22 01:56:18 - [TEST_STEP][PASSED] - out.println("Remittance ID: " + remID): null

2021-06-22 01:56:18 - [TEST_STEP][PASSED] - traxID = substring(35, 55).trim(): null

2021-06-22 01:56:18 - [TEST_STEP][PASSED] - out.println("Transaction ID: " + traxID): null

2021-06-22 01:56:18 - [TEST_STEP][PASSED] - out.println("End Record Number: " + row): null

2021-06-22 01:56:18 - [TEST_STEP][PASSED] - closeBrowser(): Browser is closed

2021-06-22 01:56:19 - [MESSAGE][PASSED] - Browser is closed

2021-06-22 01:56:19 - [TEST_STEP][PASSED] - out.println("Begin Record Number: " + row): null

2021-06-22 01:56:19 - [TEST_STEP][PASSED] - today = new java.util.Date(): null

2021-06-22 01:56:19 - [TEST_STEP][PASSED] - println(today): null

2021-06-22 01:56:19 - [TEST_STEP][PASSED] - datText = today: null

2021-06-22 01:56:19 - [TEST_STEP][PASSED] - openBrowser(VLinkURL + "authcap.html"): Browser is opened with url: 'https://dev-algorithm.govolution.com/vlinktest/QA/version_2_0/authcap.html'

2021-06-22 01:56:19 - [MESSAGE][INFO] - Starting 'Chrome' driver

2021-06-22 01:56:19 - [MESSAGE][INFO] - User set preference: ['acceptInsecureCerts', 'true']

2021-06-22 01:56:19 - [MESSAGE][INFO] - Action delay is set to 0 milliseconds

2021-06-22 01:56:21 - [MESSAGE][PASSED] - Browser is opened with url: 'https://dev-algorithm.govolution.com/vlinktest/QA/version_2_0/authcap.html'

2021-06-22 01:56:21 - [TEST_STEP][PASSED] - maximizeWindow(): Current window maximized

2021-06-22 01:56:21 - [MESSAGE][PASSED] - Current window maximized

2021-06-22 01:56:21 - [TEST_STEP][PASSED] - vlinkPages.saleCCPage.setDataSCC(row, dataFile): vlinkPages.saleCCPage.setDataSCC is PASSED

2021-06-22 01:56:23 - [MESSAGE][PASSED] - Object 'Object Repository/VLink/Page_CCSale/txt_CardNumber' is present

2021-06-22 01:56:23 - [MESSAGE][PASSED] - Object 'Object Repository/VLink/Page_CCSale/txt_TransactionType' is present

2021-06-22 01:56:24 - [MESSAGE][PASSED] - Text '104' is set on object 'Object Repository/VLink/Page_CCSale/txt_TransactionType'

2021-06-22 01:56:24 - [MESSAGE][PASSED] - Object 'Object Repository/VLink/Page_CCSale/txt_MessageVersion' is present

2021-06-22 01:56:25 - [MESSAGE][PASSED] - Text '2.0C' is set on object 'Object Repository/VLink/Page_CCSale/txt_MessageVersion'

2021-06-22 01:56:25 - [MESSAGE][PASSED] - Object 'Object Repository/VLink/Page_CCSale/txt_RemID' is present

2021-06-22 01:56:26 - [MESSAGE][PASSED] - Text 'atZSsjx62mVC' is set on object 'Object Repository/VLink/Page_CCSale/txt_RemID'

2021-06-22 01:56:26 - [MESSAGE][PASSED] - Object 'Object Repository/VLink/Page_CCSale/txt_ApplicationId' is present

2021-06-22 01:56:27 - [MESSAGE][PASSED] - Text '671' is set on object 'Object Repository/VLink/Page_CCSale/txt_ApplicationId'

2021-06-22 01:56:27 - [MESSAGE][PASSED] - Object 'Object Repository/VLink/Page_CCSale/txt_Username' is present

2021-06-22 01:56:28 - [MESSAGE][PASSED] - Text 'username' is set on object 'Object Repository/VLink/Page_CCSale/txt_Username'

2021-06-22 01:56:28 - [MESSAGE][PASSED] - Object 'Object Repository/VLink/Page_CCSale/txt_Password' is present

2021-06-22 01:56:29 - [MESSAGE][PASSED] - Text 'password' is set on object 'Object Repository/VLink/Page_CCSale/txt_Password'

2021-06-22 01:56:29 - [MESSAGE][PASSED] - Object 'Object Repository/VLink/Page_CCSale/txt_ResponseFormat' is present

2021-06-22 01:56:30 - [MESSAGE][PASSED] - Text 'fixed_width' is set on object 'Object Repository/VLink/Page_CCSale/txt_ResponseFormat'

2021-06-22 01:56:30 - [MESSAGE][PASSED] - Object 'Object Repository/VLink/Page_CCSale/txt_Category' is present

2021-06-22 01:56:31 - [MESSAGE][PASSED] - Text 'RETL' is set on object 'Object Repository/VLink/Page_CCSale/txt_Category'

2021-06-22 01:56:31 - [MESSAGE][PASSED] - Object 'Object Repository/VLink/Page_CCSale/txt_TransactionID' is present

2021-06-22 01:56:32 - [MESSAGE][PASSED] - Text '' is set on object 'Object Repository/VLink/Page_CCSale/txt_TransactionID'

2021-06-22 01:56:32 - [MESSAGE][PASSED] - Object 'Object Repository/VLink/Page_CCSale/txt_ApprovalCode' is present

2021-06-22 01:56:33 - [MESSAGE][PASSED] - Text '' is set on object 'Object Repository/VLink/Page_CCSale/txt_ApprovalCode'

2021-06-22 01:56:33 - [MESSAGE][PASSED] - Object 'Object Repository/VLink/Page_CCSale/txt_CardName' is present

2021-06-22 01:56:34 - [MESSAGE][PASSED] - Text 'Kris Roshan' is set on object 'Object Repository/VLink/Page_CCSale/txt_CardName'

2021-06-22 01:56:34 - [MESSAGE][PASSED] - Object 'Object Repository/VLink/Page_CCSale/txt_AL1' is present

2021-06-22 01:56:35 - [MESSAGE][PASSED] - Text '258 Elm Road' is set on object 'Object Repository/VLink/Page_CCSale/txt_AL1'

2021-06-22 01:56:35 - [MESSAGE][PASSED] - Object 'Object Repository/VLink/Page_CCSale/txt_AL2' is present

2021-06-22 01:56:36 - [MESSAGE][PASSED] - Text 'Suite 56' is set on object 'Object Repository/VLink/Page_CCSale/txt_AL2'

2021-06-22 01:56:36 - [MESSAGE][PASSED] - Object 'Object Repository/VLink/Page_CCSale/txt_CardCity' is present

2021-06-22 01:56:37 - [MESSAGE][PASSED] - Text 'Arlington' is set on object 'Object Repository/VLink/Page_CCSale/txt_CardCity'

2021-06-22 01:56:37 - [MESSAGE][PASSED] - Object 'Object Repository/VLink/Page_CCSale/txt_CardState' is present

2021-06-22 01:56:38 - [MESSAGE][PASSED] - Text 'VA' is set on object 'Object Repository/VLink/Page_CCSale/txt_CardState'

2021-06-22 01:56:39 - [MESSAGE][PASSED] - Object 'Object Repository/VLink/Page_CCSale/txt_CardZIP' is present

2021-06-22 01:56:39 - [MESSAGE][PASSED] - Text '22201' is set on object 'Object Repository/VLink/Page_CCSale/txt_CardZIP'

2021-06-22 01:56:40 - [MESSAGE][PASSED] - Object 'Object Repository/VLink/Page_CCSale/txt_CountryID' is present

2021-06-22 01:56:40 - [MESSAGE][PASSED] - Text '840' is set on object 'Object Repository/VLink/Page_CCSale/txt_CountryID'

2021-06-22 01:56:41 - [MESSAGE][PASSED] - Object 'Object Repository/VLink/Page_CCSale/txt_Amount' is present

2021-06-22 01:56:41 - [MESSAGE][PASSED] - Text '1.50' is set on object 'Object Repository/VLink/Page_CCSale/txt_Amount'

2021-06-22 01:56:42 - [MESSAGE][PASSED] - Object 'Object Repository/VLink/Page_CCSale/txt_CardNumber' is present

2021-06-22 01:56:43 - [MESSAGE][PASSED] - Text '5424000000000015' is set on object 'Object Repository/VLink/Page_CCSale/txt_CardNumber'

2021-06-22 01:56:43 - [MESSAGE][PASSED] - Object 'Object Repository/VLink/Page_CCSale/txt_ExpMonth' is present

2021-06-22 01:56:44 - [MESSAGE][PASSED] - Text '12' is set on object 'Object Repository/VLink/Page_CCSale/txt_ExpMonth'

2021-06-22 01:56:44 - [MESSAGE][PASSED] - Object 'Object Repository/VLink/Page_CCSale/txt_ExpYear' is present

2021-06-22 01:56:45 - [MESSAGE][PASSED] - Text '2025' is set on object 'Object Repository/VLink/Page_CCSale/txt_ExpYear'

2021-06-22 01:56:45 - [MESSAGE][PASSED] - Object 'Object Repository/VLink/Page_CCSale/txt_CVV' is present

2021-06-22 01:56:46 - [MESSAGE][PASSED] - Text '' is set on object 'Object Repository/VLink/Page_CCSale/txt_CVV'

2021-06-22 01:56:46 - [MESSAGE][PASSED] - Object 'Object Repository/VLink/Page_CCSale/txt_CVVstate' is present

2021-06-22 01:56:47 - [MESSAGE][PASSED] - Text '' is set on object 'Object Repository/VLink/Page_CCSale/txt_CVVstate'

2021-06-22 01:56:47 - [MESSAGE][PASSED] - Object 'Object Repository/VLink/Page_CCSale/txt_TrackData' is present

2021-06-22 01:56:48 - [MESSAGE][PASSED] - Text '' is set on object 'Object Repository/VLink/Page_CCSale/txt_TrackData'

2021-06-22 01:56:48 - [MESSAGE][PASSED] - Object 'Object Repository/VLink/Page_CCSale/txt_Track1Data' is present

2021-06-22 01:56:49 - [MESSAGE][PASSED] - Text '' is set on object 'Object Repository/VLink/Page_CCSale/txt_Track1Data'

2021-06-22 01:56:49 - [MESSAGE][PASSED] - Object 'Object Repository/VLink/Page_CCSale/txt_Track2Data' is present

2021-06-22 01:56:50 - [MESSAGE][PASSED] - Text '' is set on object 'Object Repository/VLink/Page_CCSale/txt_Track2Data'

2021-06-22 01:56:50 - [MESSAGE][PASSED] - Object 'Object Repository/VLink/Page_CCSale/txt_POSEntryMode' is present

2021-06-22 01:56:51 - [MESSAGE][PASSED] - Text 'manual' is set on object 'Object Repository/VLink/Page_CCSale/txt_POSEntryMode'

2021-06-22 01:56:52 - [MESSAGE][PASSED] - Object 'Object Repository/VLink/Page_CCSale/txt_Email' is present

2021-06-22 01:56:52 - [MESSAGE][PASSED] - Text 'iahmed@govolution.com' is set on object 'Object Repository/VLink/Page_CCSale/txt_Email'

2021-06-22 01:56:53 - [MESSAGE][PASSED] - Object 'Object Repository/VLink/Page_CCSale/txt_OrderNumber' is present

2021-06-22 01:56:53 - [MESSAGE][PASSED] - Text '2569362' is set on object 'Object Repository/VLink/Page_CCSale/txt_OrderNumber'

2021-06-22 01:56:54 - [MESSAGE][PASSED] - Object 'Object Repository/VLink/Page_CCSale/txt_TaxAmount' is present

2021-06-22 01:56:54 - [MESSAGE][PASSED] - Text '1.15' is set on object 'Object Repository/VLink/Page_CCSale/txt_TaxAmount'

2021-06-22 01:56:55 - [MESSAGE][PASSED] - Object 'Object Repository/VLink/Page_CCSale/txt_ChargeDescription' is present

2021-06-22 01:56:56 - [MESSAGE][PASSED] - Text 'Charge Description' is set on object 'Object Repository/VLink/Page_CCSale/txt_ChargeDescription'

2021-06-22 01:56:56 - [MESSAGE][PASSED] - Object 'Object Repository/VLink/Page_CCSale/txt_CAN' is present

2021-06-22 01:56:57 - [MESSAGE][PASSED] - Text '147357' is set on object 'Object Repository/VLink/Page_CCSale/txt_CAN'

2021-06-22 01:56:57 - [MESSAGE][PASSED] - Object 'Object Repository/VLink/Page_CCSale/txt_BillPaymentIndicator' is present

2021-06-22 01:56:58 - [MESSAGE][PASSED] - Text '1' is set on object 'Object Repository/VLink/Page_CCSale/txt_BillPaymentIndicator'

2021-06-22 01:56:58 - [MESSAGE][PASSED] - Object 'Object Repository/VLink/Page_CCSale/txt_UDF1' is present

2021-06-22 01:56:59 - [MESSAGE][PASSED] - Text 'UDF Data 1' is set on object 'Object Repository/VLink/Page_CCSale/txt_UDF1'

2021-06-22 01:56:59 - [MESSAGE][PASSED] - Object 'Object Repository/VLink/Page_CCSale/txt_UDF2' is present

2021-06-22 01:57:00 - [MESSAGE][PASSED] - Text 'UDF Data 2' is set on object 'Object Repository/VLink/Page_CCSale/txt_UDF2'

2021-06-22 01:57:00 - [MESSAGE][PASSED] - Object 'Object Repository/VLink/Page_CCSale/txt_UDF3' is present

2021-06-22 01:57:01 - [MESSAGE][PASSED] - Text 'UDF Data 3' is set on object 'Object Repository/VLink/Page_CCSale/txt_UDF3'

2021-06-22 01:57:01 - [MESSAGE][PASSED] - Object 'Object Repository/VLink/Page_CCSale/txt_UDF4' is present

2021-06-22 01:57:02 - [MESSAGE][PASSED] - Text 'UDF Data 4' is set on object 'Object Repository/VLink/Page_CCSale/txt_UDF4'

2021-06-22 01:57:02 - [MESSAGE][PASSED] - Object 'Object Repository/VLink/Page_CCSale/txt_UDF5' is present

2021-06-22 01:57:03 - [MESSAGE][PASSED] - Text 'UDF Data 5' is set on object 'Object Repository/VLink/Page_CCSale/txt_UDF5'

2021-06-22 01:57:04 - [MESSAGE][PASSED] - Object 'Object Repository/VLink/Page_CCSale/txt_UDF6' is present

2021-06-22 01:57:04 - [MESSAGE][PASSED] - Text 'UDF Data 6' is set on object 'Object Repository/VLink/Page_CCSale/txt_UDF6'

2021-06-22 01:57:05 - [MESSAGE][PASSED] - Object 'Object Repository/VLink/Page_CCSale/txt_UDF7' is present

2021-06-22 01:57:05 - [MESSAGE][PASSED] - Text 'UDF Data 7' is set on object 'Object Repository/VLink/Page_CCSale/txt_UDF7'

2021-06-22 01:57:06 - [MESSAGE][PASSED] - Object 'Object Repository/VLink/Page_CCSale/txt_UDF8' is present

2021-06-22 01:57:06 - [MESSAGE][PASSED] - Text 'UDF Data 8' is set on object 'Object Repository/VLink/Page_CCSale/txt_UDF8'

2021-06-22 01:57:07 - [MESSAGE][PASSED] - Object 'Object Repository/VLink/Page_CCSale/txt_UDF9' is present

2021-06-22 01:57:07 - [MESSAGE][PASSED] - Text 'UDF Data 9' is set on object 'Object Repository/VLink/Page_CCSale/txt_UDF9'

2021-06-22 01:57:08 - [MESSAGE][PASSED] - Object 'Object Repository/VLink/Page_CCSale/txt_UDF10' is present

2021-06-22 01:57:09 - [MESSAGE][PASSED] - Text 'UDF Data 10' is set on object 'Object Repository/VLink/Page_CCSale/txt_UDF10'

2021-06-22 01:57:09 - [MESSAGE][PASSED] - Object 'Object Repository/VLink/Page_CCSale/txt_CardOnFileIndicator' is present

2021-06-22 01:57:10 - [MESSAGE][PASSED] - Text '0' is set on object 'Object Repository/VLink/Page_CCSale/txt_CardOnFileIndicator'

2021-06-22 01:57:10 - [MESSAGE][PASSED] - Object 'Object Repository/VLink/Page_CCSale/txt_StoredCredentialIndicator' is present

2021-06-22 01:57:11 - [MESSAGE][PASSED] - Text 'Initial' is set on object 'Object Repository/VLink/Page_CCSale/txt_StoredCredentialIndicator'

2021-06-22 01:57:11 - [MESSAGE][PASSED] - Object 'Object Repository/VLink/Page_CCSale/txt_COFScheduledIndicator' is present

2021-06-22 01:57:12 - [MESSAGE][PASSED] - Text 'Unscheduled' is set on object 'Object Repository/VLink/Page_CCSale/txt_COFScheduledIndicator'

2021-06-22 01:57:12 - [MESSAGE][PASSED] - Object 'Object Repository/VLink/Page_CCSale/txt_COFTransactionInitiatedBy' is present

2021-06-22 01:57:13 - [MESSAGE][PASSED] - Text 'Customer' is set on object 'Object Repository/VLink/Page_CCSale/txt_COFTransactionInitiatedBy'

2021-06-22 01:57:19 - [MESSAGE][PASSED] - Object: 'Object Repository/VLink/Page_CCSale/btn_ProcessVLinkTransaction' is clicked on

2021-06-22 01:57:24 - [MESSAGE][PASSED] - vlinkPages.saleCCPage.setDataSCC is PASSED

2021-06-22 01:57:24 - [TEST_STEP][PASSED] - if (verifyTextPresent("Transaction approved, no errors", true)): null

2021-06-22 01:57:24 - [MESSAGE][PASSED] - Text 'Transaction approved, no errors' is present on page  using regular expression

2021-06-22 01:57:24 - [TEST_STEP][PASSED] - println("Transaction Approved, no errors text is present on the Confirmation page"): null

2021-06-22 01:57:24 - [TEST_STEP][PASSED] - out.println("Pass Record Number: " + row): null

2021-06-22 01:57:24 - [TEST_STEP][PASSED] - resText = "Pass": null

2021-06-22 01:57:24 - [TEST_STEP][PASSED] - pages.WriteExcel.demoKey(resText, datText, resColumn, datCloumn, fileLoc, nameSheet, row): pages.WriteExcel.demoKey is PASSED

2021-06-22 01:57:24 - [MESSAGE][PASSED] - pages.WriteExcel.demoKey is PASSED

2021-06-22 01:57:24 - [TEST_STEP][PASSED] - sdfo = getText(findTestObject("Object Repository/Page_VLinkReceipt/pre_STX")): Text of object 'Object Repository/Page_VLinkReceipt/pre_STX' is: '<STX>atZSsjx62mVC                  12098398            0  Transaction approved, no errors                   0                                                                                  Y 006316   <ETX>'

2021-06-22 01:57:25 - [MESSAGE][PASSED] - Text of object 'Object Repository/Page_VLinkReceipt/pre_STX' is: '<STX>atZSsjx62mVC                  12098398            0  Transaction approved, no errors                   0                                                                                  Y 006316   <ETX>'

2021-06-22 01:57:25 - [TEST_STEP][PASSED] - out.println("sdfo: " + sdfo): null

2021-06-22 01:57:25 - [TEST_STEP][PASSED] - remID = substring(5, 35).trim(): null

2021-06-22 01:57:25 - [TEST_STEP][PASSED] - out.println("Remittance ID: " + remID): null

2021-06-22 01:57:25 - [TEST_STEP][PASSED] - traxID = substring(35, 55).trim(): null

2021-06-22 01:57:25 - [TEST_STEP][PASSED] - out.println("Transaction ID: " + traxID): null

2021-06-22 01:57:25 - [TEST_STEP][PASSED] - out.println("End Record Number: " + row): null

2021-06-22 01:57:25 - [TEST_STEP][PASSED] - closeBrowser(): Browser is closed

2021-06-22 01:57:25 - [MESSAGE][PASSED] - Browser is closed

2021-06-22 01:57:25 - [TEST_STEP][PASSED] - out.println("Begin Record Number: " + row): null

2021-06-22 01:57:25 - [TEST_STEP][PASSED] - today = new java.util.Date(): null

2021-06-22 01:57:25 - [TEST_STEP][PASSED] - println(today): null

2021-06-22 01:57:25 - [TEST_STEP][PASSED] - datText = today: null

2021-06-22 01:57:25 - [TEST_STEP][PASSED] - openBrowser(VLinkURL + "authcap.html"): Browser is opened with url: 'https://dev-algorithm.govolution.com/vlinktest/QA/version_2_0/authcap.html'

2021-06-22 01:57:25 - [MESSAGE][INFO] - Starting 'Chrome' driver

2021-06-22 01:57:25 - [MESSAGE][INFO] - User set preference: ['acceptInsecureCerts', 'true']

2021-06-22 01:57:25 - [MESSAGE][INFO] - Action delay is set to 0 milliseconds

2021-06-22 01:57:27 - [MESSAGE][PASSED] - Browser is opened with url: 'https://dev-algorithm.govolution.com/vlinktest/QA/version_2_0/authcap.html'

2021-06-22 01:57:27 - [TEST_STEP][PASSED] - maximizeWindow(): Current window maximized

2021-06-22 01:57:27 - [MESSAGE][PASSED] - Current window maximized

2021-06-22 01:57:27 - [TEST_STEP][PASSED] - vlinkPages.saleCCPage.setDataSCC(row, dataFile): vlinkPages.saleCCPage.setDataSCC is PASSED

2021-06-22 01:57:29 - [MESSAGE][PASSED] - Object 'Object Repository/VLink/Page_CCSale/txt_CardNumber' is present

2021-06-22 01:57:29 - [MESSAGE][PASSED] - Object 'Object Repository/VLink/Page_CCSale/txt_TransactionType' is present

2021-06-22 01:57:30 - [MESSAGE][PASSED] - Text '104' is set on object 'Object Repository/VLink/Page_CCSale/txt_TransactionType'

2021-06-22 01:57:30 - [MESSAGE][PASSED] - Object 'Object Repository/VLink/Page_CCSale/txt_MessageVersion' is present

2021-06-22 01:57:31 - [MESSAGE][PASSED] - Text '2.0C' is set on object 'Object Repository/VLink/Page_CCSale/txt_MessageVersion'

2021-06-22 01:57:31 - [MESSAGE][PASSED] - Object 'Object Repository/VLink/Page_CCSale/txt_RemID' is present

2021-06-22 01:57:32 - [MESSAGE][PASSED] - Text 'xGVqDt8nuCnm' is set on object 'Object Repository/VLink/Page_CCSale/txt_RemID'

2021-06-22 01:57:32 - [MESSAGE][PASSED] - Object 'Object Repository/VLink/Page_CCSale/txt_ApplicationId' is present

2021-06-22 01:57:33 - [MESSAGE][PASSED] - Text '671' is set on object 'Object Repository/VLink/Page_CCSale/txt_ApplicationId'

2021-06-22 01:57:33 - [MESSAGE][PASSED] - Object 'Object Repository/VLink/Page_CCSale/txt_Username' is present

2021-06-22 01:57:34 - [MESSAGE][PASSED] - Text 'username' is set on object 'Object Repository/VLink/Page_CCSale/txt_Username'

2021-06-22 01:57:34 - [MESSAGE][PASSED] - Object 'Object Repository/VLink/Page_CCSale/txt_Password' is present

2021-06-22 01:57:35 - [MESSAGE][PASSED] - Text 'password' is set on object 'Object Repository/VLink/Page_CCSale/txt_Password'

2021-06-22 01:57:35 - [MESSAGE][PASSED] - Object 'Object Repository/VLink/Page_CCSale/txt_ResponseFormat' is present

2021-06-22 01:57:35 - [MESSAGE][PASSED] - Text 'fixed_width' is set on object 'Object Repository/VLink/Page_CCSale/txt_ResponseFormat'

2021-06-22 01:57:36 - [MESSAGE][PASSED] - Object 'Object Repository/VLink/Page_CCSale/txt_Category' is present

2021-06-22 01:57:36 - [MESSAGE][PASSED] - Text 'RETL' is set on object 'Object Repository/VLink/Page_CCSale/txt_Category'

2021-06-22 01:57:37 - [MESSAGE][PASSED] - Object 'Object Repository/VLink/Page_CCSale/txt_TransactionID' is present

2021-06-22 01:57:37 - [MESSAGE][PASSED] - Text '' is set on object 'Object Repository/VLink/Page_CCSale/txt_TransactionID'

2021-06-22 01:57:38 - [MESSAGE][PASSED] - Object 'Object Repository/VLink/Page_CCSale/txt_ApprovalCode' is present

2021-06-22 01:57:38 - [MESSAGE][PASSED] - Text '' is set on object 'Object Repository/VLink/Page_CCSale/txt_ApprovalCode'

2021-06-22 01:57:39 - [MESSAGE][PASSED] - Object 'Object Repository/VLink/Page_CCSale/txt_CardName' is present

2021-06-22 01:57:39 - [MESSAGE][PASSED] - Text 'Arvind Silva' is set on object 'Object Repository/VLink/Page_CCSale/txt_CardName'

2021-06-22 01:57:40 - [MESSAGE][PASSED] - Object 'Object Repository/VLink/Page_CCSale/txt_AL1' is present

2021-06-22 01:57:40 - [MESSAGE][PASSED] - Text '111 Main Ave' is set on object 'Object Repository/VLink/Page_CCSale/txt_AL1'

2021-06-22 01:57:41 - [MESSAGE][PASSED] - Object 'Object Repository/VLink/Page_CCSale/txt_AL2' is present

2021-06-22 01:57:41 - [MESSAGE][PASSED] - Text '' is set on object 'Object Repository/VLink/Page_CCSale/txt_AL2'

2021-06-22 01:57:42 - [MESSAGE][PASSED] - Object 'Object Repository/VLink/Page_CCSale/txt_CardCity' is present

2021-06-22 01:57:42 - [MESSAGE][PASSED] - Text 'Arlington' is set on object 'Object Repository/VLink/Page_CCSale/txt_CardCity'

2021-06-22 01:57:43 - [MESSAGE][PASSED] - Object 'Object Repository/VLink/Page_CCSale/txt_CardState' is present

2021-06-22 01:57:43 - [MESSAGE][PASSED] - Text 'VA' is set on object 'Object Repository/VLink/Page_CCSale/txt_CardState'

2021-06-22 01:57:44 - [MESSAGE][PASSED] - Object 'Object Repository/VLink/Page_CCSale/txt_CardZIP' is present

2021-06-22 01:57:44 - [MESSAGE][PASSED] - Text '22201' is set on object 'Object Repository/VLink/Page_CCSale/txt_CardZIP'

2021-06-22 01:57:45 - [MESSAGE][PASSED] - Object 'Object Repository/VLink/Page_CCSale/txt_CountryID' is present

2021-06-22 01:57:45 - [MESSAGE][PASSED] - Text '' is set on object 'Object Repository/VLink/Page_CCSale/txt_CountryID'

2021-06-22 01:57:46 - [MESSAGE][PASSED] - Object 'Object Repository/VLink/Page_CCSale/txt_Amount' is present

2021-06-22 01:57:46 - [MESSAGE][PASSED] - Text '2.50' is set on object 'Object Repository/VLink/Page_CCSale/txt_Amount'

2021-06-22 01:57:47 - [MESSAGE][PASSED] - Object 'Object Repository/VLink/Page_CCSale/txt_CardNumber' is present

2021-06-22 01:57:47 - [MESSAGE][PASSED] - Text '370000000000002' is set on object 'Object Repository/VLink/Page_CCSale/txt_CardNumber'

2021-06-22 01:57:48 - [MESSAGE][PASSED] - Object 'Object Repository/VLink/Page_CCSale/txt_ExpMonth' is present

2021-06-22 01:57:48 - [MESSAGE][PASSED] - Text '01' is set on object 'Object Repository/VLink/Page_CCSale/txt_ExpMonth'

2021-06-22 01:57:49 - [MESSAGE][PASSED] - Object 'Object Repository/VLink/Page_CCSale/txt_ExpYear' is present

2021-06-22 01:57:49 - [MESSAGE][PASSED] - Text '2026' is set on object 'Object Repository/VLink/Page_CCSale/txt_ExpYear'

2021-06-22 01:57:50 - [MESSAGE][PASSED] - Object 'Object Repository/VLink/Page_CCSale/txt_CVV' is present

2021-06-22 01:57:50 - [MESSAGE][PASSED] - Text '' is set on object 'Object Repository/VLink/Page_CCSale/txt_CVV'

2021-06-22 01:57:51 - [MESSAGE][PASSED] - Object 'Object Repository/VLink/Page_CCSale/txt_CVVstate' is present

2021-06-22 01:57:51 - [MESSAGE][PASSED] - Text '' is set on object 'Object Repository/VLink/Page_CCSale/txt_CVVstate'

2021-06-22 01:57:51 - [MESSAGE][PASSED] - Object 'Object Repository/VLink/Page_CCSale/txt_TrackData' is present

2021-06-22 01:57:52 - [MESSAGE][PASSED] - Text '' is set on object 'Object Repository/VLink/Page_CCSale/txt_TrackData'

2021-06-22 01:57:52 - [MESSAGE][PASSED] - Object 'Object Repository/VLink/Page_CCSale/txt_Track1Data' is present

2021-06-22 01:57:53 - [MESSAGE][PASSED] - Text '' is set on object 'Object Repository/VLink/Page_CCSale/txt_Track1Data'

2021-06-22 01:57:53 - [MESSAGE][PASSED] - Object 'Object Repository/VLink/Page_CCSale/txt_Track2Data' is present

2021-06-22 01:57:54 - [MESSAGE][PASSED] - Text '' is set on object 'Object Repository/VLink/Page_CCSale/txt_Track2Data'

2021-06-22 01:57:54 - [MESSAGE][PASSED] - Object 'Object Repository/VLink/Page_CCSale/txt_POSEntryMode' is present

2021-06-22 01:57:55 - [MESSAGE][PASSED] - Text 'manual' is set on object 'Object Repository/VLink/Page_CCSale/txt_POSEntryMode'

2021-06-22 01:57:55 - [MESSAGE][PASSED] - Object 'Object Repository/VLink/Page_CCSale/txt_Email' is present

2021-06-22 01:57:56 - [MESSAGE][PASSED] - Text '' is set on object 'Object Repository/VLink/Page_CCSale/txt_Email'

2021-06-22 01:57:56 - [MESSAGE][PASSED] - Object 'Object Repository/VLink/Page_CCSale/txt_OrderNumber' is present

2021-06-22 01:57:57 - [MESSAGE][PASSED] - Text '' is set on object 'Object Repository/VLink/Page_CCSale/txt_OrderNumber'

2021-06-22 01:57:57 - [MESSAGE][PASSED] - Object 'Object Repository/VLink/Page_CCSale/txt_TaxAmount' is present

2021-06-22 01:57:58 - [MESSAGE][PASSED] - Text '' is set on object 'Object Repository/VLink/Page_CCSale/txt_TaxAmount'

2021-06-22 01:57:58 - [MESSAGE][PASSED] - Object 'Object Repository/VLink/Page_CCSale/txt_ChargeDescription' is present

2021-06-22 01:57:59 - [MESSAGE][PASSED] - Text '' is set on object 'Object Repository/VLink/Page_CCSale/txt_ChargeDescription'

2021-06-22 01:57:59 - [MESSAGE][PASSED] - Object 'Object Repository/VLink/Page_CCSale/txt_CAN' is present

2021-06-22 01:58:00 - [MESSAGE][PASSED] - Text '' is set on object 'Object Repository/VLink/Page_CCSale/txt_CAN'

2021-06-22 01:58:00 - [MESSAGE][PASSED] - Object 'Object Repository/VLink/Page_CCSale/txt_BillPaymentIndicator' is present

2021-06-22 01:58:01 - [MESSAGE][PASSED] - Text '' is set on object 'Object Repository/VLink/Page_CCSale/txt_BillPaymentIndicator'

2021-06-22 01:58:01 - [MESSAGE][PASSED] - Object 'Object Repository/VLink/Page_CCSale/txt_UDF1' is present

2021-06-22 01:58:02 - [MESSAGE][PASSED] - Text '' is set on object 'Object Repository/VLink/Page_CCSale/txt_UDF1'

2021-06-22 01:58:02 - [MESSAGE][PASSED] - Object 'Object Repository/VLink/Page_CCSale/txt_UDF2' is present

2021-06-22 01:58:03 - [MESSAGE][PASSED] - Text '' is set on object 'Object Repository/VLink/Page_CCSale/txt_UDF2'

2021-06-22 01:58:03 - [MESSAGE][PASSED] - Object 'Object Repository/VLink/Page_CCSale/txt_UDF3' is present

2021-06-22 01:58:04 - [MESSAGE][PASSED] - Text '' is set on object 'Object Repository/VLink/Page_CCSale/txt_UDF3'

2021-06-22 01:58:04 - [MESSAGE][PASSED] - Object 'Object Repository/VLink/Page_CCSale/txt_UDF4' is present

2021-06-22 01:58:05 - [MESSAGE][PASSED] - Text '' is set on object 'Object Repository/VLink/Page_CCSale/txt_UDF4'

2021-06-22 01:58:05 - [MESSAGE][PASSED] - Object 'Object Repository/VLink/Page_CCSale/txt_UDF5' is present

2021-06-22 01:58:06 - [MESSAGE][PASSED] - Text '' is set on object 'Object Repository/VLink/Page_CCSale/txt_UDF5'

2021-06-22 01:58:06 - [MESSAGE][PASSED] - Object 'Object Repository/VLink/Page_CCSale/txt_UDF6' is present

2021-06-22 01:58:07 - [MESSAGE][PASSED] - Text '' is set on object 'Object Repository/VLink/Page_CCSale/txt_UDF6'

2021-06-22 01:58:07 - [MESSAGE][PASSED] - Object 'Object Repository/VLink/Page_CCSale/txt_UDF7' is present

2021-06-22 01:58:08 - [MESSAGE][PASSED] - Text '' is set on object 'Object Repository/VLink/Page_CCSale/txt_UDF7'

2021-06-22 01:58:08 - [MESSAGE][PASSED] - Object 'Object Repository/VLink/Page_CCSale/txt_UDF8' is present

2021-06-22 01:58:09 - [MESSAGE][PASSED] - Text '' is set on object 'Object Repository/VLink/Page_CCSale/txt_UDF8'

2021-06-22 01:58:09 - [MESSAGE][PASSED] - Object 'Object Repository/VLink/Page_CCSale/txt_UDF9' is present

2021-06-22 01:58:10 - [MESSAGE][PASSED] - Text '' is set on object 'Object Repository/VLink/Page_CCSale/txt_UDF9'

2021-06-22 01:58:10 - [MESSAGE][PASSED] - Object 'Object Repository/VLink/Page_CCSale/txt_UDF10' is present

2021-06-22 01:58:11 - [MESSAGE][PASSED] - Text '' is set on object 'Object Repository/VLink/Page_CCSale/txt_UDF10'

2021-06-22 01:58:11 - [MESSAGE][PASSED] - Object 'Object Repository/VLink/Page_CCSale/txt_CardOnFileIndicator' is present

2021-06-22 01:58:12 - [MESSAGE][PASSED] - Text '0' is set on object 'Object Repository/VLink/Page_CCSale/txt_CardOnFileIndicator'

2021-06-22 01:58:12 - [MESSAGE][PASSED] - Object 'Object Repository/VLink/Page_CCSale/txt_StoredCredentialIndicator' is present

2021-06-22 01:58:13 - [MESSAGE][PASSED] - Text 'Initial' is set on object 'Object Repository/VLink/Page_CCSale/txt_StoredCredentialIndicator'

2021-06-22 01:58:13 - [MESSAGE][PASSED] - Object 'Object Repository/VLink/Page_CCSale/txt_COFScheduledIndicator' is present

2021-06-22 01:58:14 - [MESSAGE][PASSED] - Text 'Unscheduled' is set on object 'Object Repository/VLink/Page_CCSale/txt_COFScheduledIndicator'

2021-06-22 01:58:14 - [MESSAGE][PASSED] - Object 'Object Repository/VLink/Page_CCSale/txt_COFTransactionInitiatedBy' is present

2021-06-22 01:58:15 - [MESSAGE][PASSED] - Text 'Customer' is set on object 'Object Repository/VLink/Page_CCSale/txt_COFTransactionInitiatedBy'

2021-06-22 01:58:19 - [MESSAGE][PASSED] - Object: 'Object Repository/VLink/Page_CCSale/btn_ProcessVLinkTransaction' is clicked on

2021-06-22 01:58:24 - [MESSAGE][PASSED] - vlinkPages.saleCCPage.setDataSCC is PASSED

2021-06-22 01:58:24 - [TEST_STEP][FAILED] - if (verifyTextPresent("Transaction approved, no errors", true)): Text 'Transaction approved, no errors' is not present on page  using regular expression (Root cause: com.kms.katalon.core.exception.StepFailedException: Text 'Transaction approved, no errors' is not present on page  using regular expression
	at com.kms.katalon.core.webui.keyword.internal.WebUIKeywordMain.stepFailed(WebUIKeywordMain.groovy:64)
	at com.kms.katalon.core.webui.keyword.builtin.VerifyTextPresentKeyword$_verifyTextPresent_closure1.doCall(VerifyTextPresentKeyword.groovy:79)
	at com.kms.katalon.core.webui.keyword.builtin.VerifyTextPresentKeyword$_verifyTextPresent_closure1.call(VerifyTextPresentKeyword.groovy)
	at com.kms.katalon.core.webui.keyword.internal.WebUIKeywordMain.runKeyword(WebUIKeywordMain.groovy:20)
	at com.kms.katalon.core.webui.keyword.builtin.VerifyTextPresentKeyword.verifyTextPresent(VerifyTextPresentKeyword.groovy:83)
	at com.kms.katalon.core.webui.keyword.builtin.VerifyTextPresentKeyword.execute(VerifyTextPresentKeyword.groovy:68)
	at com.kms.katalon.core.keyword.internal.KeywordExecutor.executeKeywordForPlatform(KeywordExecutor.groovy:72)
	at com.kms.katalon.core.webui.keyword.WebUiBuiltInKeywords.verifyTextPresent(WebUiBuiltInKeywords.groovy:1719)
	at com.kms.katalon.core.webui.keyword.WebUiBuiltInKeywords$verifyTextPresent$4.call(Unknown Source)
	at VLinkSale-Successful.run(VLinkSale-Successful:76)
	at com.kms.katalon.core.main.ScriptEngine.run(ScriptEngine.java:194)
	at com.kms.katalon.core.main.ScriptEngine.runScriptAsRawText(ScriptEngine.java:119)
	at com.kms.katalon.core.main.TestCaseExecutor.runScript(TestCaseExecutor.java:337)
	at com.kms.katalon.core.main.TestCaseExecutor.doExecute(TestCaseExecutor.java:328)
	at com.kms.katalon.core.main.TestCaseExecutor.processExecutionPhase(TestCaseExecutor.java:307)
	at com.kms.katalon.core.main.TestCaseExecutor.accessMainPhase(TestCaseExecutor.java:299)
	at com.kms.katalon.core.main.TestCaseExecutor.execute(TestCaseExecutor.java:233)
	at com.kms.katalon.core.main.TestSuiteExecutor.accessTestCaseMainPhase(TestSuiteExecutor.java:169)
	at com.kms.katalon.core.main.TestSuiteExecutor.accessTestSuiteMainPhase(TestSuiteExecutor.java:142)
	at com.kms.katalon.core.main.TestSuiteExecutor.execute(TestSuiteExecutor.java:91)
	at com.kms.katalon.core.main.TestCaseMain.startTestSuite(TestCaseMain.java:157)
	at com.kms.katalon.core.main.TestCaseMain$startTestSuite$0.call(Unknown Source)
	at TempTestSuite1624337272106.run(TempTestSuite1624337272106.groovy:37)
)

2021-06-22 01:58:24 - [MESSAGE][FAILED] - Text 'Transaction approved, no errors' is not present on page  using regular expression (Root cause: com.kms.katalon.core.exception.StepFailedException: Text 'Transaction approved, no errors' is not present on page  using regular expression
	at com.kms.katalon.core.webui.keyword.internal.WebUIKeywordMain.stepFailed(WebUIKeywordMain.groovy:64)
	at com.kms.katalon.core.webui.keyword.builtin.VerifyTextPresentKeyword$_verifyTextPresent_closure1.doCall(VerifyTextPresentKeyword.groovy:79)
	at com.kms.katalon.core.webui.keyword.builtin.VerifyTextPresentKeyword$_verifyTextPresent_closure1.call(VerifyTextPresentKeyword.groovy)
	at com.kms.katalon.core.webui.keyword.internal.WebUIKeywordMain.runKeyword(WebUIKeywordMain.groovy:20)
	at com.kms.katalon.core.webui.keyword.builtin.VerifyTextPresentKeyword.verifyTextPresent(VerifyTextPresentKeyword.groovy:83)
	at com.kms.katalon.core.webui.keyword.builtin.VerifyTextPresentKeyword.execute(VerifyTextPresentKeyword.groovy:68)
	at com.kms.katalon.core.keyword.internal.KeywordExecutor.executeKeywordForPlatform(KeywordExecutor.groovy:72)
	at com.kms.katalon.core.webui.keyword.WebUiBuiltInKeywords.verifyTextPresent(WebUiBuiltInKeywords.groovy:1719)
	at com.kms.katalon.core.webui.keyword.WebUiBuiltInKeywords$verifyTextPresent$4.call(Unknown Source)
	at VLinkSale-Successful.run(VLinkSale-Successful:76)
	at com.kms.katalon.core.main.ScriptEngine.run(ScriptEngine.java:194)
	at com.kms.katalon.core.main.ScriptEngine.runScriptAsRawText(ScriptEngine.java:119)
	at com.kms.katalon.core.main.TestCaseExecutor.runScript(TestCaseExecutor.java:337)
	at com.kms.katalon.core.main.TestCaseExecutor.doExecute(TestCaseExecutor.java:328)
	at com.kms.katalon.core.main.TestCaseExecutor.processExecutionPhase(TestCaseExecutor.java:307)
	at com.kms.katalon.core.main.TestCaseExecutor.accessMainPhase(TestCaseExecutor.java:299)
	at com.kms.katalon.core.main.TestCaseExecutor.execute(TestCaseExecutor.java:233)
	at com.kms.katalon.core.main.TestSuiteExecutor.accessTestCaseMainPhase(TestSuiteExecutor.java:169)
	at com.kms.katalon.core.main.TestSuiteExecutor.accessTestSuiteMainPhase(TestSuiteExecutor.java:142)
	at com.kms.katalon.core.main.TestSuiteExecutor.execute(TestSuiteExecutor.java:91)
	at com.kms.katalon.core.main.TestCaseMain.startTestSuite(TestCaseMain.java:157)
	at com.kms.katalon.core.main.TestCaseMain$startTestSuite$0.call(Unknown Source)
	at TempTestSuite1624337272106.run(TempTestSuite1624337272106.groovy:37)
)

2021-06-22 01:58:24 - [TEST_STEP][PASSED] - else: pages.WriteExcel.demoKey is PASSED

2021-06-22 01:58:24 - [TEST_STEP][PASSED] - println("Transaction Approved, no errors text is not present on the Confirmation page"): null

2021-06-22 01:58:24 - [TEST_STEP][PASSED] - out.println("Fail Record Number: " + row): null

2021-06-22 01:58:24 - [TEST_STEP][PASSED] - resText = "Fail": null

2021-06-22 01:58:24 - [TEST_STEP][PASSED] - pages.WriteExcel.demoKey(resText, datText, resColumn, datCloumn, fileLoc, nameSheet, row): pages.WriteExcel.demoKey is PASSED

2021-06-22 01:58:24 - [MESSAGE][PASSED] - pages.WriteExcel.demoKey is PASSED

2021-06-22 01:58:24 - [TEST_STEP][PASSED] - sdfo = getText(findTestObject("Object Repository/Page_VLinkReceipt/pre_STX")): Text of object 'Object Repository/Page_VLinkReceipt/pre_STX' is: '<STX>xGVqDt8nuCnm                  12098399            2  Transaction failed                                105Processor reported error                                                        U          <ETX>'

2021-06-22 01:58:25 - [MESSAGE][PASSED] - Text of object 'Object Repository/Page_VLinkReceipt/pre_STX' is: '<STX>xGVqDt8nuCnm                  12098399            2  Transaction failed                                105Processor reported error                                                        U          <ETX>'

2021-06-22 01:58:25 - [TEST_STEP][PASSED] - out.println("sdfo: " + sdfo): null

2021-06-22 01:58:25 - [TEST_STEP][PASSED] - remID = substring(5, 35).trim(): null

2021-06-22 01:58:25 - [TEST_STEP][PASSED] - out.println("Remittance ID: " + remID): null

2021-06-22 01:58:25 - [TEST_STEP][PASSED] - traxID = substring(35, 55).trim(): null

2021-06-22 01:58:25 - [TEST_STEP][PASSED] - out.println("Transaction ID: " + traxID): null

2021-06-22 01:58:25 - [TEST_STEP][PASSED] - out.println("End Record Number: " + row): null

2021-06-22 01:58:25 - [TEST_STEP][PASSED] - closeBrowser(): Browser is closed

2021-06-22 01:58:25 - [MESSAGE][PASSED] - Browser is closed

2021-06-22 01:58:25 - [TEST_STEP][PASSED] - out.println("Begin Record Number: " + row): null

2021-06-22 01:58:25 - [TEST_STEP][PASSED] - today = new java.util.Date(): null

2021-06-22 01:58:25 - [TEST_STEP][PASSED] - println(today): null

2021-06-22 01:58:25 - [TEST_STEP][PASSED] - datText = today: null

2021-06-22 01:58:25 - [TEST_STEP][PASSED] - openBrowser(VLinkURL + "authcap.html"): Browser is opened with url: 'https://dev-algorithm.govolution.com/vlinktest/QA/version_2_0/authcap.html'

2021-06-22 01:58:25 - [MESSAGE][INFO] - Starting 'Chrome' driver

2021-06-22 01:58:25 - [MESSAGE][INFO] - User set preference: ['acceptInsecureCerts', 'true']

2021-06-22 01:58:25 - [MESSAGE][INFO] - Action delay is set to 0 milliseconds

2021-06-22 01:58:27 - [MESSAGE][PASSED] - Browser is opened with url: 'https://dev-algorithm.govolution.com/vlinktest/QA/version_2_0/authcap.html'

2021-06-22 01:58:27 - [TEST_STEP][PASSED] - maximizeWindow(): Current window maximized

2021-06-22 01:58:28 - [MESSAGE][PASSED] - Current window maximized

2021-06-22 01:58:28 - [TEST_STEP][PASSED] - vlinkPages.saleCCPage.setDataSCC(row, dataFile): vlinkPages.saleCCPage.setDataSCC is PASSED

2021-06-22 01:58:30 - [MESSAGE][PASSED] - Object 'Object Repository/VLink/Page_CCSale/txt_CardNumber' is present

2021-06-22 01:58:30 - [MESSAGE][PASSED] - Object 'Object Repository/VLink/Page_CCSale/txt_TransactionType' is present

2021-06-22 01:58:31 - [MESSAGE][PASSED] - Text '104' is set on object 'Object Repository/VLink/Page_CCSale/txt_TransactionType'

2021-06-22 01:58:31 - [MESSAGE][PASSED] - Object 'Object Repository/VLink/Page_CCSale/txt_MessageVersion' is present

2021-06-22 01:58:31 - [MESSAGE][PASSED] - Text '2.0C' is set on object 'Object Repository/VLink/Page_CCSale/txt_MessageVersion'

2021-06-22 01:58:32 - [MESSAGE][PASSED] - Object 'Object Repository/VLink/Page_CCSale/txt_RemID' is present

2021-06-22 01:58:32 - [MESSAGE][PASSED] - Text 'C4hPnyX1TwdQ' is set on object 'Object Repository/VLink/Page_CCSale/txt_RemID'

2021-06-22 01:58:33 - [MESSAGE][PASSED] - Object 'Object Repository/VLink/Page_CCSale/txt_ApplicationId' is present

2021-06-22 01:58:33 - [MESSAGE][PASSED] - Text '671' is set on object 'Object Repository/VLink/Page_CCSale/txt_ApplicationId'

2021-06-22 01:58:33 - [MESSAGE][PASSED] - Object 'Object Repository/VLink/Page_CCSale/txt_Username' is present

2021-06-22 01:58:34 - [MESSAGE][PASSED] - Text 'username' is set on object 'Object Repository/VLink/Page_CCSale/txt_Username'

2021-06-22 01:58:34 - [MESSAGE][PASSED] - Object 'Object Repository/VLink/Page_CCSale/txt_Password' is present

2021-06-22 01:58:35 - [MESSAGE][PASSED] - Text 'password' is set on object 'Object Repository/VLink/Page_CCSale/txt_Password'

2021-06-22 01:58:35 - [MESSAGE][PASSED] - Object 'Object Repository/VLink/Page_CCSale/txt_ResponseFormat' is present

2021-06-22 01:58:36 - [MESSAGE][PASSED] - Text 'fixed_width' is set on object 'Object Repository/VLink/Page_CCSale/txt_ResponseFormat'

2021-06-22 01:58:36 - [MESSAGE][PASSED] - Object 'Object Repository/VLink/Page_CCSale/txt_Category' is present

2021-06-22 01:58:37 - [MESSAGE][PASSED] - Text 'RETL' is set on object 'Object Repository/VLink/Page_CCSale/txt_Category'

2021-06-22 01:58:37 - [MESSAGE][PASSED] - Object 'Object Repository/VLink/Page_CCSale/txt_TransactionID' is present

2021-06-22 01:58:38 - [MESSAGE][PASSED] - Text '' is set on object 'Object Repository/VLink/Page_CCSale/txt_TransactionID'

2021-06-22 01:58:38 - [MESSAGE][PASSED] - Object 'Object Repository/VLink/Page_CCSale/txt_ApprovalCode' is present

2021-06-22 01:58:39 - [MESSAGE][PASSED] - Text '' is set on object 'Object Repository/VLink/Page_CCSale/txt_ApprovalCode'

2021-06-22 01:58:39 - [MESSAGE][PASSED] - Object 'Object Repository/VLink/Page_CCSale/txt_CardName' is present

2021-06-22 01:58:40 - [MESSAGE][PASSED] - Text 'Roshan Maha' is set on object 'Object Repository/VLink/Page_CCSale/txt_CardName'

2021-06-22 01:58:40 - [MESSAGE][PASSED] - Object 'Object Repository/VLink/Page_CCSale/txt_AL1' is present

2021-06-22 01:58:40 - [MESSAGE][PASSED] - Text '12563 Bazaar road' is set on object 'Object Repository/VLink/Page_CCSale/txt_AL1'

2021-06-22 01:58:41 - [MESSAGE][PASSED] - Object 'Object Repository/VLink/Page_CCSale/txt_AL2' is present

2021-06-22 01:58:41 - [MESSAGE][PASSED] - Text '' is set on object 'Object Repository/VLink/Page_CCSale/txt_AL2'

2021-06-22 01:58:42 - [MESSAGE][PASSED] - Object 'Object Repository/VLink/Page_CCSale/txt_CardCity' is present

2021-06-22 01:58:42 - [MESSAGE][PASSED] - Text 'Crofton' is set on object 'Object Repository/VLink/Page_CCSale/txt_CardCity'

2021-06-22 01:58:43 - [MESSAGE][PASSED] - Object 'Object Repository/VLink/Page_CCSale/txt_CardState' is present

2021-06-22 01:58:43 - [MESSAGE][PASSED] - Text 'MD' is set on object 'Object Repository/VLink/Page_CCSale/txt_CardState'

2021-06-22 01:58:44 - [MESSAGE][PASSED] - Object 'Object Repository/VLink/Page_CCSale/txt_CardZIP' is present

2021-06-22 01:58:44 - [MESSAGE][PASSED] - Text '21114' is set on object 'Object Repository/VLink/Page_CCSale/txt_CardZIP'

2021-06-22 01:58:45 - [MESSAGE][PASSED] - Object 'Object Repository/VLink/Page_CCSale/txt_CountryID' is present

2021-06-22 01:58:45 - [MESSAGE][PASSED] - Text '' is set on object 'Object Repository/VLink/Page_CCSale/txt_CountryID'

2021-06-22 01:58:46 - [MESSAGE][PASSED] - Object 'Object Repository/VLink/Page_CCSale/txt_Amount' is present

2021-06-22 01:58:46 - [MESSAGE][PASSED] - Text '3.50' is set on object 'Object Repository/VLink/Page_CCSale/txt_Amount'

2021-06-22 01:58:47 - [MESSAGE][PASSED] - Object 'Object Repository/VLink/Page_CCSale/txt_CardNumber' is present

2021-06-22 01:58:47 - [MESSAGE][PASSED] - Text '6011000000000004' is set on object 'Object Repository/VLink/Page_CCSale/txt_CardNumber'

2021-06-22 01:58:48 - [MESSAGE][PASSED] - Object 'Object Repository/VLink/Page_CCSale/txt_ExpMonth' is present

2021-06-22 01:58:48 - [MESSAGE][PASSED] - Text '01' is set on object 'Object Repository/VLink/Page_CCSale/txt_ExpMonth'

2021-06-22 01:58:49 - [MESSAGE][PASSED] - Object 'Object Repository/VLink/Page_CCSale/txt_ExpYear' is present

2021-06-22 01:58:49 - [MESSAGE][PASSED] - Text '2026' is set on object 'Object Repository/VLink/Page_CCSale/txt_ExpYear'

2021-06-22 01:58:50 - [MESSAGE][PASSED] - Object 'Object Repository/VLink/Page_CCSale/txt_CVV' is present

2021-06-22 01:58:50 - [MESSAGE][PASSED] - Text '' is set on object 'Object Repository/VLink/Page_CCSale/txt_CVV'

2021-06-22 01:58:51 - [MESSAGE][PASSED] - Object 'Object Repository/VLink/Page_CCSale/txt_CVVstate' is present

2021-06-22 01:58:51 - [MESSAGE][PASSED] - Text '' is set on object 'Object Repository/VLink/Page_CCSale/txt_CVVstate'

2021-06-22 01:58:52 - [MESSAGE][PASSED] - Object 'Object Repository/VLink/Page_CCSale/txt_TrackData' is present

2021-06-22 01:58:52 - [MESSAGE][PASSED] - Text '' is set on object 'Object Repository/VLink/Page_CCSale/txt_TrackData'

2021-06-22 01:58:53 - [MESSAGE][PASSED] - Object 'Object Repository/VLink/Page_CCSale/txt_Track1Data' is present

2021-06-22 01:58:53 - [MESSAGE][PASSED] - Text '' is set on object 'Object Repository/VLink/Page_CCSale/txt_Track1Data'

2021-06-22 01:58:54 - [MESSAGE][PASSED] - Object 'Object Repository/VLink/Page_CCSale/txt_Track2Data' is present

2021-06-22 01:58:54 - [MESSAGE][PASSED] - Text '' is set on object 'Object Repository/VLink/Page_CCSale/txt_Track2Data'

2021-06-22 01:58:55 - [MESSAGE][PASSED] - Object 'Object Repository/VLink/Page_CCSale/txt_POSEntryMode' is present

2021-06-22 01:58:55 - [MESSAGE][PASSED] - Text 'manual' is set on object 'Object Repository/VLink/Page_CCSale/txt_POSEntryMode'

2021-06-22 01:58:56 - [MESSAGE][PASSED] - Object 'Object Repository/VLink/Page_CCSale/txt_Email' is present

2021-06-22 01:58:56 - [MESSAGE][PASSED] - Text '' is set on object 'Object Repository/VLink/Page_CCSale/txt_Email'

2021-06-22 01:58:57 - [MESSAGE][PASSED] - Object 'Object Repository/VLink/Page_CCSale/txt_OrderNumber' is present

2021-06-22 01:58:57 - [MESSAGE][PASSED] - Text '' is set on object 'Object Repository/VLink/Page_CCSale/txt_OrderNumber'

2021-06-22 01:58:58 - [MESSAGE][PASSED] - Object 'Object Repository/VLink/Page_CCSale/txt_TaxAmount' is present

2021-06-22 01:58:58 - [MESSAGE][PASSED] - Text '' is set on object 'Object Repository/VLink/Page_CCSale/txt_TaxAmount'

2021-06-22 01:58:59 - [MESSAGE][PASSED] - Object 'Object Repository/VLink/Page_CCSale/txt_ChargeDescription' is present

2021-06-22 01:58:59 - [MESSAGE][PASSED] - Text '' is set on object 'Object Repository/VLink/Page_CCSale/txt_ChargeDescription'

2021-06-22 01:59:00 - [MESSAGE][PASSED] - Object 'Object Repository/VLink/Page_CCSale/txt_CAN' is present

2021-06-22 01:59:00 - [MESSAGE][PASSED] - Text '' is set on object 'Object Repository/VLink/Page_CCSale/txt_CAN'

2021-06-22 01:59:01 - [MESSAGE][PASSED] - Object 'Object Repository/VLink/Page_CCSale/txt_BillPaymentIndicator' is present

2021-06-22 01:59:01 - [MESSAGE][PASSED] - Text '' is set on object 'Object Repository/VLink/Page_CCSale/txt_BillPaymentIndicator'

2021-06-22 01:59:02 - [MESSAGE][PASSED] - Object 'Object Repository/VLink/Page_CCSale/txt_UDF1' is present

2021-06-22 01:59:02 - [MESSAGE][PASSED] - Text '' is set on object 'Object Repository/VLink/Page_CCSale/txt_UDF1'

2021-06-22 01:59:03 - [MESSAGE][PASSED] - Object 'Object Repository/VLink/Page_CCSale/txt_UDF2' is present

2021-06-22 01:59:03 - [MESSAGE][PASSED] - Text '' is set on object 'Object Repository/VLink/Page_CCSale/txt_UDF2'

2021-06-22 01:59:04 - [MESSAGE][PASSED] - Object 'Object Repository/VLink/Page_CCSale/txt_UDF3' is present

2021-06-22 01:59:04 - [MESSAGE][PASSED] - Text '' is set on object 'Object Repository/VLink/Page_CCSale/txt_UDF3'

2021-06-22 01:59:05 - [MESSAGE][PASSED] - Object 'Object Repository/VLink/Page_CCSale/txt_UDF4' is present

2021-06-22 01:59:05 - [MESSAGE][PASSED] - Text '' is set on object 'Object Repository/VLink/Page_CCSale/txt_UDF4'

2021-06-22 01:59:06 - [MESSAGE][PASSED] - Object 'Object Repository/VLink/Page_CCSale/txt_UDF5' is present

2021-06-22 01:59:06 - [MESSAGE][PASSED] - Text '' is set on object 'Object Repository/VLink/Page_CCSale/txt_UDF5'

2021-06-22 01:59:07 - [MESSAGE][PASSED] - Object 'Object Repository/VLink/Page_CCSale/txt_UDF6' is present

2021-06-22 01:59:07 - [MESSAGE][PASSED] - Text '' is set on object 'Object Repository/VLink/Page_CCSale/txt_UDF6'

2021-06-22 01:59:08 - [MESSAGE][PASSED] - Object 'Object Repository/VLink/Page_CCSale/txt_UDF7' is present

2021-06-22 01:59:08 - [MESSAGE][PASSED] - Text '' is set on object 'Object Repository/VLink/Page_CCSale/txt_UDF7'

2021-06-22 01:59:09 - [MESSAGE][PASSED] - Object 'Object Repository/VLink/Page_CCSale/txt_UDF8' is present

2021-06-22 01:59:09 - [MESSAGE][PASSED] - Text '' is set on object 'Object Repository/VLink/Page_CCSale/txt_UDF8'

2021-06-22 01:59:09 - [MESSAGE][PASSED] - Object 'Object Repository/VLink/Page_CCSale/txt_UDF9' is present

2021-06-22 01:59:10 - [MESSAGE][PASSED] - Text '' is set on object 'Object Repository/VLink/Page_CCSale/txt_UDF9'

2021-06-22 01:59:10 - [MESSAGE][PASSED] - Object 'Object Repository/VLink/Page_CCSale/txt_UDF10' is present

2021-06-22 01:59:11 - [MESSAGE][PASSED] - Text '' is set on object 'Object Repository/VLink/Page_CCSale/txt_UDF10'

2021-06-22 01:59:11 - [MESSAGE][PASSED] - Object 'Object Repository/VLink/Page_CCSale/txt_CardOnFileIndicator' is present

2021-06-22 01:59:12 - [MESSAGE][PASSED] - Text '0' is set on object 'Object Repository/VLink/Page_CCSale/txt_CardOnFileIndicator'

2021-06-22 01:59:12 - [MESSAGE][PASSED] - Object 'Object Repository/VLink/Page_CCSale/txt_StoredCredentialIndicator' is present

2021-06-22 01:59:13 - [MESSAGE][PASSED] - Text 'Initial' is set on object 'Object Repository/VLink/Page_CCSale/txt_StoredCredentialIndicator'

2021-06-22 01:59:13 - [MESSAGE][PASSED] - Object 'Object Repository/VLink/Page_CCSale/txt_COFScheduledIndicator' is present

2021-06-22 01:59:14 - [MESSAGE][PASSED] - Text 'Unscheduled' is set on object 'Object Repository/VLink/Page_CCSale/txt_COFScheduledIndicator'

2021-06-22 01:59:14 - [MESSAGE][PASSED] - Object 'Object Repository/VLink/Page_CCSale/txt_COFTransactionInitiatedBy' is present

2021-06-22 01:59:15 - [MESSAGE][PASSED] - Text 'Customer' is set on object 'Object Repository/VLink/Page_CCSale/txt_COFTransactionInitiatedBy'

2021-06-22 01:59:19 - [MESSAGE][PASSED] - Object: 'Object Repository/VLink/Page_CCSale/btn_ProcessVLinkTransaction' is clicked on

2021-06-22 01:59:24 - [MESSAGE][PASSED] - vlinkPages.saleCCPage.setDataSCC is PASSED

2021-06-22 01:59:24 - [TEST_STEP][PASSED] - if (verifyTextPresent("Transaction approved, no errors", true)): null

2021-06-22 01:59:25 - [MESSAGE][PASSED] - Text 'Transaction approved, no errors' is present on page  using regular expression

2021-06-22 01:59:25 - [TEST_STEP][PASSED] - println("Transaction Approved, no errors text is present on the Confirmation page"): null

2021-06-22 01:59:25 - [TEST_STEP][PASSED] - out.println("Pass Record Number: " + row): null

2021-06-22 01:59:25 - [TEST_STEP][PASSED] - resText = "Pass": null

2021-06-22 01:59:25 - [TEST_STEP][PASSED] - pages.WriteExcel.demoKey(resText, datText, resColumn, datCloumn, fileLoc, nameSheet, row): pages.WriteExcel.demoKey is PASSED

2021-06-22 01:59:25 - [MESSAGE][PASSED] - pages.WriteExcel.demoKey is PASSED

2021-06-22 01:59:25 - [TEST_STEP][PASSED] - sdfo = getText(findTestObject("Object Repository/Page_VLinkReceipt/pre_STX")): Text of object 'Object Repository/Page_VLinkReceipt/pre_STX' is: '<STX>C4hPnyX1TwdQ                  12098400            0  Transaction approved, no errors                   0                                                                                  Y OK3293   <ETX>'

2021-06-22 01:59:25 - [MESSAGE][PASSED] - Text of object 'Object Repository/Page_VLinkReceipt/pre_STX' is: '<STX>C4hPnyX1TwdQ                  12098400            0  Transaction approved, no errors                   0                                                                                  Y OK3293   <ETX>'

2021-06-22 01:59:25 - [TEST_STEP][PASSED] - out.println("sdfo: " + sdfo): null

2021-06-22 01:59:25 - [TEST_STEP][PASSED] - remID = substring(5, 35).trim(): null

2021-06-22 01:59:25 - [TEST_STEP][PASSED] - out.println("Remittance ID: " + remID): null

2021-06-22 01:59:25 - [TEST_STEP][PASSED] - traxID = substring(35, 55).trim(): null

2021-06-22 01:59:25 - [TEST_STEP][PASSED] - out.println("Transaction ID: " + traxID): null

2021-06-22 01:59:25 - [TEST_STEP][PASSED] - out.println("End Record Number: " + row): null

2021-06-22 01:59:25 - [TEST_STEP][PASSED] - closeBrowser(): Browser is closed

2021-06-22 01:59:26 - [MESSAGE][PASSED] - Browser is closed

2021-06-22 01:59:26 - [TEST_STEP][PASSED] - out.println("Begin Record Number: " + row): null

2021-06-22 01:59:26 - [TEST_STEP][PASSED] - today = new java.util.Date(): null

2021-06-22 01:59:26 - [TEST_STEP][PASSED] - println(today): null

2021-06-22 01:59:26 - [TEST_STEP][PASSED] - datText = today: null

2021-06-22 01:59:26 - [TEST_STEP][PASSED] - openBrowser(VLinkURL + "authcap.html"): Browser is opened with url: 'https://dev-algorithm.govolution.com/vlinktest/QA/version_2_0/authcap.html'

2021-06-22 01:59:26 - [MESSAGE][INFO] - Starting 'Chrome' driver

2021-06-22 01:59:26 - [MESSAGE][INFO] - User set preference: ['acceptInsecureCerts', 'true']

2021-06-22 01:59:26 - [MESSAGE][INFO] - Action delay is set to 0 milliseconds

2021-06-22 01:59:27 - [MESSAGE][PASSED] - Browser is opened with url: 'https://dev-algorithm.govolution.com/vlinktest/QA/version_2_0/authcap.html'

2021-06-22 01:59:27 - [TEST_STEP][PASSED] - maximizeWindow(): Current window maximized

2021-06-22 01:59:28 - [MESSAGE][PASSED] - Current window maximized

2021-06-22 01:59:28 - [TEST_STEP][PASSED] - vlinkPages.saleCCPage.setDataSCC(row, dataFile): vlinkPages.saleCCPage.setDataSCC is PASSED

2021-06-22 01:59:30 - [MESSAGE][PASSED] - Object 'Object Repository/VLink/Page_CCSale/txt_CardNumber' is present

2021-06-22 01:59:30 - [MESSAGE][PASSED] - Object 'Object Repository/VLink/Page_CCSale/txt_TransactionType' is present

2021-06-22 01:59:31 - [MESSAGE][PASSED] - Text '104' is set on object 'Object Repository/VLink/Page_CCSale/txt_TransactionType'

2021-06-22 01:59:31 - [MESSAGE][PASSED] - Object 'Object Repository/VLink/Page_CCSale/txt_MessageVersion' is present

2021-06-22 01:59:31 - [MESSAGE][PASSED] - Text '2.0C' is set on object 'Object Repository/VLink/Page_CCSale/txt_MessageVersion'

2021-06-22 01:59:32 - [MESSAGE][PASSED] - Object 'Object Repository/VLink/Page_CCSale/txt_RemID' is present

2021-06-22 01:59:32 - [MESSAGE][PASSED] - Text 'BX5fD5argKAd' is set on object 'Object Repository/VLink/Page_CCSale/txt_RemID'

2021-06-22 01:59:33 - [MESSAGE][PASSED] - Object 'Object Repository/VLink/Page_CCSale/txt_ApplicationId' is present

2021-06-22 01:59:33 - [MESSAGE][PASSED] - Text '665' is set on object 'Object Repository/VLink/Page_CCSale/txt_ApplicationId'

2021-06-22 01:59:34 - [MESSAGE][PASSED] - Object 'Object Repository/VLink/Page_CCSale/txt_Username' is present

2021-06-22 01:59:34 - [MESSAGE][PASSED] - Text 'username' is set on object 'Object Repository/VLink/Page_CCSale/txt_Username'

2021-06-22 01:59:34 - [MESSAGE][PASSED] - Object 'Object Repository/VLink/Page_CCSale/txt_Password' is present

2021-06-22 01:59:35 - [MESSAGE][PASSED] - Text 'password' is set on object 'Object Repository/VLink/Page_CCSale/txt_Password'

2021-06-22 01:59:35 - [MESSAGE][PASSED] - Object 'Object Repository/VLink/Page_CCSale/txt_ResponseFormat' is present

2021-06-22 01:59:36 - [MESSAGE][PASSED] - Text 'fixed_width' is set on object 'Object Repository/VLink/Page_CCSale/txt_ResponseFormat'

2021-06-22 01:59:36 - [MESSAGE][PASSED] - Object 'Object Repository/VLink/Page_CCSale/txt_Category' is present

2021-06-22 01:59:37 - [MESSAGE][PASSED] - Text 'ECOM' is set on object 'Object Repository/VLink/Page_CCSale/txt_Category'

2021-06-22 01:59:37 - [MESSAGE][PASSED] - Object 'Object Repository/VLink/Page_CCSale/txt_TransactionID' is present

2021-06-22 01:59:38 - [MESSAGE][PASSED] - Text '' is set on object 'Object Repository/VLink/Page_CCSale/txt_TransactionID'

2021-06-22 01:59:38 - [MESSAGE][PASSED] - Object 'Object Repository/VLink/Page_CCSale/txt_ApprovalCode' is present

2021-06-22 01:59:39 - [MESSAGE][PASSED] - Text '' is set on object 'Object Repository/VLink/Page_CCSale/txt_ApprovalCode'

2021-06-22 01:59:39 - [MESSAGE][PASSED] - Object 'Object Repository/VLink/Page_CCSale/txt_CardName' is present

2021-06-22 01:59:40 - [MESSAGE][PASSED] - Text 'Roshan Maha' is set on object 'Object Repository/VLink/Page_CCSale/txt_CardName'

2021-06-22 01:59:40 - [MESSAGE][PASSED] - Object 'Object Repository/VLink/Page_CCSale/txt_AL1' is present

2021-06-22 01:59:41 - [MESSAGE][PASSED] - Text '12563 Bazaar road' is set on object 'Object Repository/VLink/Page_CCSale/txt_AL1'

2021-06-22 01:59:41 - [MESSAGE][PASSED] - Object 'Object Repository/VLink/Page_CCSale/txt_AL2' is present

2021-06-22 01:59:42 - [MESSAGE][PASSED] - Text '' is set on object 'Object Repository/VLink/Page_CCSale/txt_AL2'

2021-06-22 01:59:42 - [MESSAGE][PASSED] - Object 'Object Repository/VLink/Page_CCSale/txt_CardCity' is present

2021-06-22 01:59:43 - [MESSAGE][PASSED] - Text 'Crofton' is set on object 'Object Repository/VLink/Page_CCSale/txt_CardCity'

2021-06-22 01:59:43 - [MESSAGE][PASSED] - Object 'Object Repository/VLink/Page_CCSale/txt_CardState' is present

2021-06-22 01:59:44 - [MESSAGE][PASSED] - Text 'MD' is set on object 'Object Repository/VLink/Page_CCSale/txt_CardState'

2021-06-22 01:59:44 - [MESSAGE][PASSED] - Object 'Object Repository/VLink/Page_CCSale/txt_CardZIP' is present

2021-06-22 01:59:45 - [MESSAGE][PASSED] - Text '21114' is set on object 'Object Repository/VLink/Page_CCSale/txt_CardZIP'

2021-06-22 01:59:45 - [MESSAGE][PASSED] - Object 'Object Repository/VLink/Page_CCSale/txt_CountryID' is present

2021-06-22 01:59:46 - [MESSAGE][PASSED] - Text '' is set on object 'Object Repository/VLink/Page_CCSale/txt_CountryID'

2021-06-22 01:59:46 - [MESSAGE][PASSED] - Object 'Object Repository/VLink/Page_CCSale/txt_Amount' is present

2021-06-22 01:59:47 - [MESSAGE][PASSED] - Text '3.50' is set on object 'Object Repository/VLink/Page_CCSale/txt_Amount'

2021-06-22 01:59:47 - [MESSAGE][PASSED] - Object 'Object Repository/VLink/Page_CCSale/txt_CardNumber' is present

2021-06-22 01:59:48 - [MESSAGE][PASSED] - Text '4111111111111111' is set on object 'Object Repository/VLink/Page_CCSale/txt_CardNumber'

2021-06-22 01:59:48 - [MESSAGE][PASSED] - Object 'Object Repository/VLink/Page_CCSale/txt_ExpMonth' is present

2021-06-22 01:59:49 - [MESSAGE][PASSED] - Text '01' is set on object 'Object Repository/VLink/Page_CCSale/txt_ExpMonth'

2021-06-22 01:59:49 - [MESSAGE][PASSED] - Object 'Object Repository/VLink/Page_CCSale/txt_ExpYear' is present

2021-06-22 01:59:50 - [MESSAGE][PASSED] - Text '2026' is set on object 'Object Repository/VLink/Page_CCSale/txt_ExpYear'

2021-06-22 01:59:50 - [MESSAGE][PASSED] - Object 'Object Repository/VLink/Page_CCSale/txt_CVV' is present

2021-06-22 01:59:51 - [MESSAGE][PASSED] - Text '' is set on object 'Object Repository/VLink/Page_CCSale/txt_CVV'

2021-06-22 01:59:51 - [MESSAGE][PASSED] - Object 'Object Repository/VLink/Page_CCSale/txt_CVVstate' is present

2021-06-22 01:59:52 - [MESSAGE][PASSED] - Text '' is set on object 'Object Repository/VLink/Page_CCSale/txt_CVVstate'

2021-06-22 01:59:52 - [MESSAGE][PASSED] - Object 'Object Repository/VLink/Page_CCSale/txt_TrackData' is present

2021-06-22 01:59:53 - [MESSAGE][PASSED] - Text '' is set on object 'Object Repository/VLink/Page_CCSale/txt_TrackData'

2021-06-22 01:59:53 - [MESSAGE][PASSED] - Object 'Object Repository/VLink/Page_CCSale/txt_Track1Data' is present

2021-06-22 01:59:53 - [MESSAGE][PASSED] - Text '' is set on object 'Object Repository/VLink/Page_CCSale/txt_Track1Data'

2021-06-22 01:59:54 - [MESSAGE][PASSED] - Object 'Object Repository/VLink/Page_CCSale/txt_Track2Data' is present

2021-06-22 01:59:54 - [MESSAGE][PASSED] - Text '' is set on object 'Object Repository/VLink/Page_CCSale/txt_Track2Data'

2021-06-22 01:59:55 - [MESSAGE][PASSED] - Object 'Object Repository/VLink/Page_CCSale/txt_POSEntryMode' is present

2021-06-22 01:59:55 - [MESSAGE][PASSED] - Text 'manual' is set on object 'Object Repository/VLink/Page_CCSale/txt_POSEntryMode'

2021-06-22 01:59:56 - [MESSAGE][PASSED] - Object 'Object Repository/VLink/Page_CCSale/txt_Email' is present

2021-06-22 01:59:56 - [MESSAGE][PASSED] - Text '' is set on object 'Object Repository/VLink/Page_CCSale/txt_Email'

2021-06-22 01:59:57 - [MESSAGE][PASSED] - Object 'Object Repository/VLink/Page_CCSale/txt_OrderNumber' is present

2021-06-22 01:59:57 - [MESSAGE][PASSED] - Text '' is set on object 'Object Repository/VLink/Page_CCSale/txt_OrderNumber'

2021-06-22 01:59:58 - [MESSAGE][PASSED] - Object 'Object Repository/VLink/Page_CCSale/txt_TaxAmount' is present

2021-06-22 01:59:58 - [MESSAGE][PASSED] - Text '' is set on object 'Object Repository/VLink/Page_CCSale/txt_TaxAmount'

2021-06-22 01:59:59 - [MESSAGE][PASSED] - Object 'Object Repository/VLink/Page_CCSale/txt_ChargeDescription' is present

2021-06-22 01:59:59 - [MESSAGE][PASSED] - Text '' is set on object 'Object Repository/VLink/Page_CCSale/txt_ChargeDescription'

2021-06-22 02:00:00 - [MESSAGE][PASSED] - Object 'Object Repository/VLink/Page_CCSale/txt_CAN' is present

2021-06-22 02:00:00 - [MESSAGE][PASSED] - Text '' is set on object 'Object Repository/VLink/Page_CCSale/txt_CAN'

2021-06-22 02:00:01 - [MESSAGE][PASSED] - Object 'Object Repository/VLink/Page_CCSale/txt_BillPaymentIndicator' is present

2021-06-22 02:00:01 - [MESSAGE][PASSED] - Text '' is set on object 'Object Repository/VLink/Page_CCSale/txt_BillPaymentIndicator'

2021-06-22 02:00:02 - [MESSAGE][PASSED] - Object 'Object Repository/VLink/Page_CCSale/txt_UDF1' is present

2021-06-22 02:00:02 - [MESSAGE][PASSED] - Text '' is set on object 'Object Repository/VLink/Page_CCSale/txt_UDF1'

2021-06-22 02:00:03 - [MESSAGE][PASSED] - Object 'Object Repository/VLink/Page_CCSale/txt_UDF2' is present

2021-06-22 02:00:03 - [MESSAGE][PASSED] - Text '' is set on object 'Object Repository/VLink/Page_CCSale/txt_UDF2'

2021-06-22 02:00:04 - [MESSAGE][PASSED] - Object 'Object Repository/VLink/Page_CCSale/txt_UDF3' is present

2021-06-22 02:00:04 - [MESSAGE][PASSED] - Text '' is set on object 'Object Repository/VLink/Page_CCSale/txt_UDF3'

2021-06-22 02:00:04 - [MESSAGE][PASSED] - Object 'Object Repository/VLink/Page_CCSale/txt_UDF4' is present

2021-06-22 02:00:05 - [MESSAGE][PASSED] - Text '' is set on object 'Object Repository/VLink/Page_CCSale/txt_UDF4'

2021-06-22 02:00:05 - [MESSAGE][PASSED] - Object 'Object Repository/VLink/Page_CCSale/txt_UDF5' is present

2021-06-22 02:00:06 - [MESSAGE][PASSED] - Text '' is set on object 'Object Repository/VLink/Page_CCSale/txt_UDF5'

2021-06-22 02:00:06 - [MESSAGE][PASSED] - Object 'Object Repository/VLink/Page_CCSale/txt_UDF6' is present

2021-06-22 02:00:07 - [MESSAGE][PASSED] - Text '' is set on object 'Object Repository/VLink/Page_CCSale/txt_UDF6'

2021-06-22 02:00:07 - [MESSAGE][PASSED] - Object 'Object Repository/VLink/Page_CCSale/txt_UDF7' is present

2021-06-22 02:00:08 - [MESSAGE][PASSED] - Text '' is set on object 'Object Repository/VLink/Page_CCSale/txt_UDF7'

2021-06-22 02:00:08 - [MESSAGE][PASSED] - Object 'Object Repository/VLink/Page_CCSale/txt_UDF8' is present

2021-06-22 02:00:09 - [MESSAGE][PASSED] - Text '' is set on object 'Object Repository/VLink/Page_CCSale/txt_UDF8'

2021-06-22 02:00:09 - [MESSAGE][PASSED] - Object 'Object Repository/VLink/Page_CCSale/txt_UDF9' is present

2021-06-22 02:00:10 - [MESSAGE][PASSED] - Text '' is set on object 'Object Repository/VLink/Page_CCSale/txt_UDF9'

2021-06-22 02:00:10 - [MESSAGE][PASSED] - Object 'Object Repository/VLink/Page_CCSale/txt_UDF10' is present

2021-06-22 02:00:11 - [MESSAGE][PASSED] - Text '' is set on object 'Object Repository/VLink/Page_CCSale/txt_UDF10'

2021-06-22 02:00:11 - [MESSAGE][PASSED] - Object 'Object Repository/VLink/Page_CCSale/txt_CardOnFileIndicator' is present

2021-06-22 02:00:12 - [MESSAGE][PASSED] - Text '1' is set on object 'Object Repository/VLink/Page_CCSale/txt_CardOnFileIndicator'

2021-06-22 02:00:12 - [MESSAGE][PASSED] - Object 'Object Repository/VLink/Page_CCSale/txt_StoredCredentialIndicator' is present

2021-06-22 02:00:13 - [MESSAGE][PASSED] - Text 'Subsequent' is set on object 'Object Repository/VLink/Page_CCSale/txt_StoredCredentialIndicator'

2021-06-22 02:00:13 - [MESSAGE][PASSED] - Object 'Object Repository/VLink/Page_CCSale/txt_COFScheduledIndicator' is present

2021-06-22 02:00:14 - [MESSAGE][PASSED] - Text 'Scheduled' is set on object 'Object Repository/VLink/Page_CCSale/txt_COFScheduledIndicator'

2021-06-22 02:00:14 - [MESSAGE][PASSED] - Object 'Object Repository/VLink/Page_CCSale/txt_COFTransactionInitiatedBy' is present

2021-06-22 02:00:15 - [MESSAGE][PASSED] - Text 'Merchant' is set on object 'Object Repository/VLink/Page_CCSale/txt_COFTransactionInitiatedBy'

2021-06-22 02:00:18 - [MESSAGE][PASSED] - Object: 'Object Repository/VLink/Page_CCSale/btn_ProcessVLinkTransaction' is clicked on

2021-06-22 02:00:23 - [MESSAGE][PASSED] - vlinkPages.saleCCPage.setDataSCC is PASSED

2021-06-22 02:00:23 - [TEST_STEP][PASSED] - if (verifyTextPresent("Transaction approved, no errors", true)): null

2021-06-22 02:00:23 - [MESSAGE][PASSED] - Text 'Transaction approved, no errors' is present on page  using regular expression

2021-06-22 02:00:23 - [TEST_STEP][PASSED] - println("Transaction Approved, no errors text is present on the Confirmation page"): null

2021-06-22 02:00:23 - [TEST_STEP][PASSED] - out.println("Pass Record Number: " + row): null

2021-06-22 02:00:23 - [TEST_STEP][PASSED] - resText = "Pass": null

2021-06-22 02:00:23 - [TEST_STEP][PASSED] - pages.WriteExcel.demoKey(resText, datText, resColumn, datCloumn, fileLoc, nameSheet, row): pages.WriteExcel.demoKey is PASSED

2021-06-22 02:00:23 - [MESSAGE][PASSED] - pages.WriteExcel.demoKey is PASSED

2021-06-22 02:00:23 - [TEST_STEP][PASSED] - sdfo = getText(findTestObject("Object Repository/Page_VLinkReceipt/pre_STX")): Text of object 'Object Repository/Page_VLinkReceipt/pre_STX' is: '<STX>BX5fD5argKAd                  12098401            0  Transaction approved, no errors                   0                                                                                  X OK4655   <ETX>'

2021-06-22 02:00:24 - [MESSAGE][PASSED] - Text of object 'Object Repository/Page_VLinkReceipt/pre_STX' is: '<STX>BX5fD5argKAd                  12098401            0  Transaction approved, no errors                   0                                                                                  X OK4655   <ETX>'

2021-06-22 02:00:24 - [TEST_STEP][PASSED] - out.println("sdfo: " + sdfo): null

2021-06-22 02:00:24 - [TEST_STEP][PASSED] - remID = substring(5, 35).trim(): null

2021-06-22 02:00:24 - [TEST_STEP][PASSED] - out.println("Remittance ID: " + remID): null

2021-06-22 02:00:24 - [TEST_STEP][PASSED] - traxID = substring(35, 55).trim(): null

2021-06-22 02:00:24 - [TEST_STEP][PASSED] - out.println("Transaction ID: " + traxID): null

2021-06-22 02:00:24 - [TEST_STEP][PASSED] - out.println("End Record Number: " + row): null

2021-06-22 02:00:24 - [TEST_STEP][PASSED] - closeBrowser(): Browser is closed

2021-06-22 02:00:24 - [MESSAGE][PASSED] - Browser is closed

2021-06-22 02:00:24 - [TEST_STEP][PASSED] - out.println("Begin Record Number: " + row): null

2021-06-22 02:00:24 - [TEST_STEP][PASSED] - today = new java.util.Date(): null

2021-06-22 02:00:24 - [TEST_STEP][PASSED] - println(today): null

2021-06-22 02:00:24 - [TEST_STEP][PASSED] - datText = today: null

2021-06-22 02:00:24 - [TEST_STEP][PASSED] - openBrowser(VLinkURL + "authcap.html"): Browser is opened with url: 'https://dev-algorithm.govolution.com/vlinktest/QA/version_2_0/authcap.html'

2021-06-22 02:00:24 - [MESSAGE][INFO] - Starting 'Chrome' driver

2021-06-22 02:00:24 - [MESSAGE][INFO] - User set preference: ['acceptInsecureCerts', 'true']

2021-06-22 02:00:24 - [MESSAGE][INFO] - Action delay is set to 0 milliseconds

2021-06-22 02:00:26 - [MESSAGE][PASSED] - Browser is opened with url: 'https://dev-algorithm.govolution.com/vlinktest/QA/version_2_0/authcap.html'

2021-06-22 02:00:26 - [TEST_STEP][PASSED] - maximizeWindow(): Current window maximized

2021-06-22 02:00:26 - [MESSAGE][PASSED] - Current window maximized

2021-06-22 02:00:26 - [TEST_STEP][PASSED] - vlinkPages.saleCCPage.setDataSCC(row, dataFile): vlinkPages.saleCCPage.setDataSCC is PASSED

2021-06-22 02:00:28 - [MESSAGE][PASSED] - Object 'Object Repository/VLink/Page_CCSale/txt_CardNumber' is present

2021-06-22 02:00:29 - [MESSAGE][PASSED] - Object 'Object Repository/VLink/Page_CCSale/txt_TransactionType' is present

2021-06-22 02:00:29 - [MESSAGE][PASSED] - Text '104' is set on object 'Object Repository/VLink/Page_CCSale/txt_TransactionType'

2021-06-22 02:00:29 - [MESSAGE][PASSED] - Object 'Object Repository/VLink/Page_CCSale/txt_MessageVersion' is present

2021-06-22 02:00:30 - [MESSAGE][PASSED] - Text '2.0C' is set on object 'Object Repository/VLink/Page_CCSale/txt_MessageVersion'

2021-06-22 02:00:30 - [MESSAGE][PASSED] - Object 'Object Repository/VLink/Page_CCSale/txt_RemID' is present

2021-06-22 02:00:31 - [MESSAGE][PASSED] - Text '7PW1l2ZJfH6D' is set on object 'Object Repository/VLink/Page_CCSale/txt_RemID'

2021-06-22 02:00:31 - [MESSAGE][PASSED] - Object 'Object Repository/VLink/Page_CCSale/txt_ApplicationId' is present

2021-06-22 02:00:32 - [MESSAGE][PASSED] - Text '665' is set on object 'Object Repository/VLink/Page_CCSale/txt_ApplicationId'

2021-06-22 02:00:32 - [MESSAGE][PASSED] - Object 'Object Repository/VLink/Page_CCSale/txt_Username' is present

2021-06-22 02:00:33 - [MESSAGE][PASSED] - Text 'username' is set on object 'Object Repository/VLink/Page_CCSale/txt_Username'

2021-06-22 02:00:33 - [MESSAGE][PASSED] - Object 'Object Repository/VLink/Page_CCSale/txt_Password' is present

2021-06-22 02:00:34 - [MESSAGE][PASSED] - Text 'password' is set on object 'Object Repository/VLink/Page_CCSale/txt_Password'

2021-06-22 02:00:34 - [MESSAGE][PASSED] - Object 'Object Repository/VLink/Page_CCSale/txt_ResponseFormat' is present

2021-06-22 02:00:35 - [MESSAGE][PASSED] - Text 'fixed_width' is set on object 'Object Repository/VLink/Page_CCSale/txt_ResponseFormat'

2021-06-22 02:00:35 - [MESSAGE][PASSED] - Object 'Object Repository/VLink/Page_CCSale/txt_Category' is present

2021-06-22 02:00:35 - [MESSAGE][PASSED] - Text 'ECOM' is set on object 'Object Repository/VLink/Page_CCSale/txt_Category'

2021-06-22 02:00:36 - [MESSAGE][PASSED] - Object 'Object Repository/VLink/Page_CCSale/txt_TransactionID' is present

2021-06-22 02:00:36 - [MESSAGE][PASSED] - Text '' is set on object 'Object Repository/VLink/Page_CCSale/txt_TransactionID'

2021-06-22 02:00:37 - [MESSAGE][PASSED] - Object 'Object Repository/VLink/Page_CCSale/txt_ApprovalCode' is present

2021-06-22 02:00:37 - [MESSAGE][PASSED] - Text '' is set on object 'Object Repository/VLink/Page_CCSale/txt_ApprovalCode'

2021-06-22 02:00:38 - [MESSAGE][PASSED] - Object 'Object Repository/VLink/Page_CCSale/txt_CardName' is present

2021-06-22 02:00:38 - [MESSAGE][PASSED] - Text 'Kris Roshan' is set on object 'Object Repository/VLink/Page_CCSale/txt_CardName'

2021-06-22 02:00:39 - [MESSAGE][PASSED] - Object 'Object Repository/VLink/Page_CCSale/txt_AL1' is present

2021-06-22 02:00:39 - [MESSAGE][PASSED] - Text '258 Elm Road' is set on object 'Object Repository/VLink/Page_CCSale/txt_AL1'

2021-06-22 02:00:40 - [MESSAGE][PASSED] - Object 'Object Repository/VLink/Page_CCSale/txt_AL2' is present

2021-06-22 02:00:40 - [MESSAGE][PASSED] - Text 'Suite 56' is set on object 'Object Repository/VLink/Page_CCSale/txt_AL2'

2021-06-22 02:00:41 - [MESSAGE][PASSED] - Object 'Object Repository/VLink/Page_CCSale/txt_CardCity' is present

2021-06-22 02:00:41 - [MESSAGE][PASSED] - Text 'Arlington' is set on object 'Object Repository/VLink/Page_CCSale/txt_CardCity'

2021-06-22 02:00:42 - [MESSAGE][PASSED] - Object 'Object Repository/VLink/Page_CCSale/txt_CardState' is present

2021-06-22 02:00:42 - [MESSAGE][PASSED] - Text 'VA' is set on object 'Object Repository/VLink/Page_CCSale/txt_CardState'

2021-06-22 02:00:43 - [MESSAGE][PASSED] - Object 'Object Repository/VLink/Page_CCSale/txt_CardZIP' is present

2021-06-22 02:00:43 - [MESSAGE][PASSED] - Text '22201' is set on object 'Object Repository/VLink/Page_CCSale/txt_CardZIP'

2021-06-22 02:00:44 - [MESSAGE][PASSED] - Object 'Object Repository/VLink/Page_CCSale/txt_CountryID' is present

2021-06-22 02:00:45 - [MESSAGE][PASSED] - Text '840' is set on object 'Object Repository/VLink/Page_CCSale/txt_CountryID'

2021-06-22 02:00:45 - [MESSAGE][PASSED] - Object 'Object Repository/VLink/Page_CCSale/txt_Amount' is present

2021-06-22 02:00:45 - [MESSAGE][PASSED] - Text '1.50' is set on object 'Object Repository/VLink/Page_CCSale/txt_Amount'

2021-06-22 02:00:46 - [MESSAGE][PASSED] - Object 'Object Repository/VLink/Page_CCSale/txt_CardNumber' is present

2021-06-22 02:00:46 - [MESSAGE][PASSED] - Text '5424000000000015' is set on object 'Object Repository/VLink/Page_CCSale/txt_CardNumber'

2021-06-22 02:00:47 - [MESSAGE][PASSED] - Object 'Object Repository/VLink/Page_CCSale/txt_ExpMonth' is present

2021-06-22 02:00:47 - [MESSAGE][PASSED] - Text '12' is set on object 'Object Repository/VLink/Page_CCSale/txt_ExpMonth'

2021-06-22 02:00:48 - [MESSAGE][PASSED] - Object 'Object Repository/VLink/Page_CCSale/txt_ExpYear' is present

2021-06-22 02:00:48 - [MESSAGE][PASSED] - Text '2025' is set on object 'Object Repository/VLink/Page_CCSale/txt_ExpYear'

2021-06-22 02:00:49 - [MESSAGE][PASSED] - Object 'Object Repository/VLink/Page_CCSale/txt_CVV' is present

2021-06-22 02:00:49 - [MESSAGE][PASSED] - Text '' is set on object 'Object Repository/VLink/Page_CCSale/txt_CVV'

2021-06-22 02:00:50 - [MESSAGE][PASSED] - Object 'Object Repository/VLink/Page_CCSale/txt_CVVstate' is present

2021-06-22 02:00:50 - [MESSAGE][PASSED] - Text '' is set on object 'Object Repository/VLink/Page_CCSale/txt_CVVstate'

2021-06-22 02:00:51 - [MESSAGE][PASSED] - Object 'Object Repository/VLink/Page_CCSale/txt_TrackData' is present

2021-06-22 02:00:51 - [MESSAGE][PASSED] - Text '' is set on object 'Object Repository/VLink/Page_CCSale/txt_TrackData'

2021-06-22 02:00:52 - [MESSAGE][PASSED] - Object 'Object Repository/VLink/Page_CCSale/txt_Track1Data' is present

2021-06-22 02:00:52 - [MESSAGE][PASSED] - Text '' is set on object 'Object Repository/VLink/Page_CCSale/txt_Track1Data'

2021-06-22 02:00:53 - [MESSAGE][PASSED] - Object 'Object Repository/VLink/Page_CCSale/txt_Track2Data' is present

2021-06-22 02:00:53 - [MESSAGE][PASSED] - Text '' is set on object 'Object Repository/VLink/Page_CCSale/txt_Track2Data'

2021-06-22 02:00:54 - [MESSAGE][PASSED] - Object 'Object Repository/VLink/Page_CCSale/txt_POSEntryMode' is present

2021-06-22 02:00:54 - [MESSAGE][PASSED] - Text 'manual' is set on object 'Object Repository/VLink/Page_CCSale/txt_POSEntryMode'

2021-06-22 02:00:55 - [MESSAGE][PASSED] - Object 'Object Repository/VLink/Page_CCSale/txt_Email' is present

2021-06-22 02:00:55 - [MESSAGE][PASSED] - Text 'iahmed@govolution.com' is set on object 'Object Repository/VLink/Page_CCSale/txt_Email'

2021-06-22 02:00:56 - [MESSAGE][PASSED] - Object 'Object Repository/VLink/Page_CCSale/txt_OrderNumber' is present

2021-06-22 02:00:56 - [MESSAGE][PASSED] - Text '2569362' is set on object 'Object Repository/VLink/Page_CCSale/txt_OrderNumber'

2021-06-22 02:00:57 - [MESSAGE][PASSED] - Object 'Object Repository/VLink/Page_CCSale/txt_TaxAmount' is present

2021-06-22 02:00:57 - [MESSAGE][PASSED] - Text '1.15' is set on object 'Object Repository/VLink/Page_CCSale/txt_TaxAmount'

2021-06-22 02:00:58 - [MESSAGE][PASSED] - Object 'Object Repository/VLink/Page_CCSale/txt_ChargeDescription' is present

2021-06-22 02:00:58 - [MESSAGE][PASSED] - Text 'Charge Description' is set on object 'Object Repository/VLink/Page_CCSale/txt_ChargeDescription'

2021-06-22 02:00:59 - [MESSAGE][PASSED] - Object 'Object Repository/VLink/Page_CCSale/txt_CAN' is present

2021-06-22 02:00:59 - [MESSAGE][PASSED] - Text '147357' is set on object 'Object Repository/VLink/Page_CCSale/txt_CAN'

2021-06-22 02:01:00 - [MESSAGE][PASSED] - Object 'Object Repository/VLink/Page_CCSale/txt_BillPaymentIndicator' is present

2021-06-22 02:01:00 - [MESSAGE][PASSED] - Text '1' is set on object 'Object Repository/VLink/Page_CCSale/txt_BillPaymentIndicator'

2021-06-22 02:01:01 - [MESSAGE][PASSED] - Object 'Object Repository/VLink/Page_CCSale/txt_UDF1' is present

2021-06-22 02:01:01 - [MESSAGE][PASSED] - Text 'UDF Data 1' is set on object 'Object Repository/VLink/Page_CCSale/txt_UDF1'

2021-06-22 02:01:02 - [MESSAGE][PASSED] - Object 'Object Repository/VLink/Page_CCSale/txt_UDF2' is present

2021-06-22 02:01:02 - [MESSAGE][PASSED] - Text 'UDF Data 2' is set on object 'Object Repository/VLink/Page_CCSale/txt_UDF2'

2021-06-22 02:01:03 - [MESSAGE][PASSED] - Object 'Object Repository/VLink/Page_CCSale/txt_UDF3' is present

2021-06-22 02:01:04 - [MESSAGE][PASSED] - Text 'UDF Data 3' is set on object 'Object Repository/VLink/Page_CCSale/txt_UDF3'

2021-06-22 02:01:04 - [MESSAGE][PASSED] - Object 'Object Repository/VLink/Page_CCSale/txt_UDF4' is present

2021-06-22 02:01:05 - [MESSAGE][PASSED] - Text 'UDF Data 4' is set on object 'Object Repository/VLink/Page_CCSale/txt_UDF4'

2021-06-22 02:01:05 - [MESSAGE][PASSED] - Object 'Object Repository/VLink/Page_CCSale/txt_UDF5' is present

2021-06-22 02:01:06 - [MESSAGE][PASSED] - Text 'UDF Data 5' is set on object 'Object Repository/VLink/Page_CCSale/txt_UDF5'

2021-06-22 02:01:06 - [MESSAGE][PASSED] - Object 'Object Repository/VLink/Page_CCSale/txt_UDF6' is present

2021-06-22 02:01:07 - [MESSAGE][PASSED] - Text 'UDF Data 6' is set on object 'Object Repository/VLink/Page_CCSale/txt_UDF6'

2021-06-22 02:01:07 - [MESSAGE][PASSED] - Object 'Object Repository/VLink/Page_CCSale/txt_UDF7' is present

2021-06-22 02:01:08 - [MESSAGE][PASSED] - Text 'UDF Data 7' is set on object 'Object Repository/VLink/Page_CCSale/txt_UDF7'

2021-06-22 02:01:08 - [MESSAGE][PASSED] - Object 'Object Repository/VLink/Page_CCSale/txt_UDF8' is present

2021-06-22 02:01:09 - [MESSAGE][PASSED] - Text 'UDF Data 8' is set on object 'Object Repository/VLink/Page_CCSale/txt_UDF8'

2021-06-22 02:01:09 - [MESSAGE][PASSED] - Object 'Object Repository/VLink/Page_CCSale/txt_UDF9' is present

2021-06-22 02:01:10 - [MESSAGE][PASSED] - Text 'UDF Data 9' is set on object 'Object Repository/VLink/Page_CCSale/txt_UDF9'

2021-06-22 02:01:10 - [MESSAGE][PASSED] - Object 'Object Repository/VLink/Page_CCSale/txt_UDF10' is present

2021-06-22 02:01:11 - [MESSAGE][PASSED] - Text 'UDF Data 10' is set on object 'Object Repository/VLink/Page_CCSale/txt_UDF10'

2021-06-22 02:01:11 - [MESSAGE][PASSED] - Object 'Object Repository/VLink/Page_CCSale/txt_CardOnFileIndicator' is present

2021-06-22 02:01:12 - [MESSAGE][PASSED] - Text '1' is set on object 'Object Repository/VLink/Page_CCSale/txt_CardOnFileIndicator'

2021-06-22 02:01:12 - [MESSAGE][PASSED] - Object 'Object Repository/VLink/Page_CCSale/txt_StoredCredentialIndicator' is present

2021-06-22 02:01:13 - [MESSAGE][PASSED] - Text 'Subsequent' is set on object 'Object Repository/VLink/Page_CCSale/txt_StoredCredentialIndicator'

2021-06-22 02:01:13 - [MESSAGE][PASSED] - Object 'Object Repository/VLink/Page_CCSale/txt_COFScheduledIndicator' is present

2021-06-22 02:01:14 - [MESSAGE][PASSED] - Text 'Scheduled' is set on object 'Object Repository/VLink/Page_CCSale/txt_COFScheduledIndicator'

2021-06-22 02:01:14 - [MESSAGE][PASSED] - Object 'Object Repository/VLink/Page_CCSale/txt_COFTransactionInitiatedBy' is present

2021-06-22 02:01:15 - [MESSAGE][PASSED] - Text 'Merchant' is set on object 'Object Repository/VLink/Page_CCSale/txt_COFTransactionInitiatedBy'

2021-06-22 02:01:18 - [MESSAGE][PASSED] - Object: 'Object Repository/VLink/Page_CCSale/btn_ProcessVLinkTransaction' is clicked on

2021-06-22 02:01:23 - [MESSAGE][PASSED] - vlinkPages.saleCCPage.setDataSCC is PASSED

2021-06-22 02:01:23 - [TEST_STEP][PASSED] - if (verifyTextPresent("Transaction approved, no errors", true)): null

2021-06-22 02:01:23 - [MESSAGE][PASSED] - Text 'Transaction approved, no errors' is present on page  using regular expression

2021-06-22 02:01:23 - [TEST_STEP][PASSED] - println("Transaction Approved, no errors text is present on the Confirmation page"): null

2021-06-22 02:01:23 - [TEST_STEP][PASSED] - out.println("Pass Record Number: " + row): null

2021-06-22 02:01:23 - [TEST_STEP][PASSED] - resText = "Pass": null

2021-06-22 02:01:23 - [TEST_STEP][PASSED] - pages.WriteExcel.demoKey(resText, datText, resColumn, datCloumn, fileLoc, nameSheet, row): pages.WriteExcel.demoKey is PASSED

2021-06-22 02:01:23 - [MESSAGE][PASSED] - pages.WriteExcel.demoKey is PASSED

2021-06-22 02:01:23 - [TEST_STEP][PASSED] - sdfo = getText(findTestObject("Object Repository/Page_VLinkReceipt/pre_STX")): Text of object 'Object Repository/Page_VLinkReceipt/pre_STX' is: '<STX>7PW1l2ZJfH6D                  12098402            0  Transaction approved, no errors                   0                                                                                  X OK4945   <ETX>'

2021-06-22 02:01:23 - [MESSAGE][PASSED] - Text of object 'Object Repository/Page_VLinkReceipt/pre_STX' is: '<STX>7PW1l2ZJfH6D                  12098402            0  Transaction approved, no errors                   0                                                                                  X OK4945   <ETX>'

2021-06-22 02:01:23 - [TEST_STEP][PASSED] - out.println("sdfo: " + sdfo): null

2021-06-22 02:01:23 - [TEST_STEP][PASSED] - remID = substring(5, 35).trim(): null

2021-06-22 02:01:23 - [TEST_STEP][PASSED] - out.println("Remittance ID: " + remID): null

2021-06-22 02:01:23 - [TEST_STEP][PASSED] - traxID = substring(35, 55).trim(): null

2021-06-22 02:01:23 - [TEST_STEP][PASSED] - out.println("Transaction ID: " + traxID): null

2021-06-22 02:01:23 - [TEST_STEP][PASSED] - out.println("End Record Number: " + row): null

2021-06-22 02:01:23 - [TEST_STEP][PASSED] - closeBrowser(): Browser is closed

2021-06-22 02:01:24 - [MESSAGE][PASSED] - Browser is closed

2021-06-22 02:01:24 - [TEST_STEP][PASSED] - out.println("Begin Record Number: " + row): null

2021-06-22 02:01:24 - [TEST_STEP][PASSED] - today = new java.util.Date(): null

2021-06-22 02:01:24 - [TEST_STEP][PASSED] - println(today): null

2021-06-22 02:01:24 - [TEST_STEP][PASSED] - datText = today: null

2021-06-22 02:01:24 - [TEST_STEP][PASSED] - openBrowser(VLinkURL + "authcap.html"): Browser is opened with url: 'https://dev-algorithm.govolution.com/vlinktest/QA/version_2_0/authcap.html'

2021-06-22 02:01:24 - [MESSAGE][INFO] - Starting 'Chrome' driver

2021-06-22 02:01:24 - [MESSAGE][INFO] - User set preference: ['acceptInsecureCerts', 'true']

2021-06-22 02:01:24 - [MESSAGE][INFO] - Action delay is set to 0 milliseconds

2021-06-22 02:01:26 - [MESSAGE][PASSED] - Browser is opened with url: 'https://dev-algorithm.govolution.com/vlinktest/QA/version_2_0/authcap.html'

2021-06-22 02:01:26 - [TEST_STEP][PASSED] - maximizeWindow(): Current window maximized

2021-06-22 02:01:26 - [MESSAGE][PASSED] - Current window maximized

2021-06-22 02:01:26 - [TEST_STEP][PASSED] - vlinkPages.saleCCPage.setDataSCC(row, dataFile): vlinkPages.saleCCPage.setDataSCC is PASSED

2021-06-22 02:01:28 - [MESSAGE][PASSED] - Object 'Object Repository/VLink/Page_CCSale/txt_CardNumber' is present

2021-06-22 02:01:28 - [MESSAGE][PASSED] - Object 'Object Repository/VLink/Page_CCSale/txt_TransactionType' is present

2021-06-22 02:01:29 - [MESSAGE][PASSED] - Text '104' is set on object 'Object Repository/VLink/Page_CCSale/txt_TransactionType'

2021-06-22 02:01:29 - [MESSAGE][PASSED] - Object 'Object Repository/VLink/Page_CCSale/txt_MessageVersion' is present

2021-06-22 02:01:30 - [MESSAGE][PASSED] - Text '2.0C' is set on object 'Object Repository/VLink/Page_CCSale/txt_MessageVersion'

2021-06-22 02:01:30 - [MESSAGE][PASSED] - Object 'Object Repository/VLink/Page_CCSale/txt_RemID' is present

2021-06-22 02:01:31 - [MESSAGE][PASSED] - Text 'XKrJq4So7pkQ' is set on object 'Object Repository/VLink/Page_CCSale/txt_RemID'

2021-06-22 02:01:31 - [MESSAGE][PASSED] - Object 'Object Repository/VLink/Page_CCSale/txt_ApplicationId' is present

2021-06-22 02:01:32 - [MESSAGE][PASSED] - Text '665' is set on object 'Object Repository/VLink/Page_CCSale/txt_ApplicationId'

2021-06-22 02:01:32 - [MESSAGE][PASSED] - Object 'Object Repository/VLink/Page_CCSale/txt_Username' is present

2021-06-22 02:01:33 - [MESSAGE][PASSED] - Text 'username' is set on object 'Object Repository/VLink/Page_CCSale/txt_Username'

2021-06-22 02:01:33 - [MESSAGE][PASSED] - Object 'Object Repository/VLink/Page_CCSale/txt_Password' is present

2021-06-22 02:01:33 - [MESSAGE][PASSED] - Text 'password' is set on object 'Object Repository/VLink/Page_CCSale/txt_Password'

2021-06-22 02:01:34 - [MESSAGE][PASSED] - Object 'Object Repository/VLink/Page_CCSale/txt_ResponseFormat' is present

2021-06-22 02:01:34 - [MESSAGE][PASSED] - Text 'fixed_width' is set on object 'Object Repository/VLink/Page_CCSale/txt_ResponseFormat'

2021-06-22 02:01:35 - [MESSAGE][PASSED] - Object 'Object Repository/VLink/Page_CCSale/txt_Category' is present

2021-06-22 02:01:35 - [MESSAGE][PASSED] - Text 'ECOM' is set on object 'Object Repository/VLink/Page_CCSale/txt_Category'

2021-06-22 02:01:36 - [MESSAGE][PASSED] - Object 'Object Repository/VLink/Page_CCSale/txt_TransactionID' is present

2021-06-22 02:01:36 - [MESSAGE][PASSED] - Text '' is set on object 'Object Repository/VLink/Page_CCSale/txt_TransactionID'

2021-06-22 02:01:37 - [MESSAGE][PASSED] - Object 'Object Repository/VLink/Page_CCSale/txt_ApprovalCode' is present

2021-06-22 02:01:37 - [MESSAGE][PASSED] - Text '' is set on object 'Object Repository/VLink/Page_CCSale/txt_ApprovalCode'

2021-06-22 02:01:37 - [MESSAGE][PASSED] - Object 'Object Repository/VLink/Page_CCSale/txt_CardName' is present

2021-06-22 02:01:38 - [MESSAGE][PASSED] - Text 'Roshan Maha' is set on object 'Object Repository/VLink/Page_CCSale/txt_CardName'

2021-06-22 02:01:38 - [MESSAGE][PASSED] - Object 'Object Repository/VLink/Page_CCSale/txt_AL1' is present

2021-06-22 02:01:39 - [MESSAGE][PASSED] - Text '12563 Bazaar road' is set on object 'Object Repository/VLink/Page_CCSale/txt_AL1'

2021-06-22 02:01:39 - [MESSAGE][PASSED] - Object 'Object Repository/VLink/Page_CCSale/txt_AL2' is present

2021-06-22 02:01:40 - [MESSAGE][PASSED] - Text '' is set on object 'Object Repository/VLink/Page_CCSale/txt_AL2'

2021-06-22 02:01:40 - [MESSAGE][PASSED] - Object 'Object Repository/VLink/Page_CCSale/txt_CardCity' is present

2021-06-22 02:01:41 - [MESSAGE][PASSED] - Text 'Crofton' is set on object 'Object Repository/VLink/Page_CCSale/txt_CardCity'

2021-06-22 02:01:41 - [MESSAGE][PASSED] - Object 'Object Repository/VLink/Page_CCSale/txt_CardState' is present

2021-06-22 02:01:42 - [MESSAGE][PASSED] - Text 'MD' is set on object 'Object Repository/VLink/Page_CCSale/txt_CardState'

2021-06-22 02:01:42 - [MESSAGE][PASSED] - Object 'Object Repository/VLink/Page_CCSale/txt_CardZIP' is present

2021-06-22 02:01:43 - [MESSAGE][PASSED] - Text '21114' is set on object 'Object Repository/VLink/Page_CCSale/txt_CardZIP'

2021-06-22 02:01:43 - [MESSAGE][PASSED] - Object 'Object Repository/VLink/Page_CCSale/txt_CountryID' is present

2021-06-22 02:01:44 - [MESSAGE][PASSED] - Text '' is set on object 'Object Repository/VLink/Page_CCSale/txt_CountryID'

2021-06-22 02:01:44 - [MESSAGE][PASSED] - Object 'Object Repository/VLink/Page_CCSale/txt_Amount' is present

2021-06-22 02:01:45 - [MESSAGE][PASSED] - Text '3.50' is set on object 'Object Repository/VLink/Page_CCSale/txt_Amount'

2021-06-22 02:01:45 - [MESSAGE][PASSED] - Object 'Object Repository/VLink/Page_CCSale/txt_CardNumber' is present

2021-06-22 02:01:46 - [MESSAGE][PASSED] - Text '370000000000002' is set on object 'Object Repository/VLink/Page_CCSale/txt_CardNumber'

2021-06-22 02:01:46 - [MESSAGE][PASSED] - Object 'Object Repository/VLink/Page_CCSale/txt_ExpMonth' is present

2021-06-22 02:01:47 - [MESSAGE][PASSED] - Text '01' is set on object 'Object Repository/VLink/Page_CCSale/txt_ExpMonth'

2021-06-22 02:01:47 - [MESSAGE][PASSED] - Object 'Object Repository/VLink/Page_CCSale/txt_ExpYear' is present

2021-06-22 02:01:48 - [MESSAGE][PASSED] - Text '2026' is set on object 'Object Repository/VLink/Page_CCSale/txt_ExpYear'

2021-06-22 02:01:48 - [MESSAGE][PASSED] - Object 'Object Repository/VLink/Page_CCSale/txt_CVV' is present

2021-06-22 02:01:49 - [MESSAGE][PASSED] - Text '' is set on object 'Object Repository/VLink/Page_CCSale/txt_CVV'

2021-06-22 02:01:49 - [MESSAGE][PASSED] - Object 'Object Repository/VLink/Page_CCSale/txt_CVVstate' is present

2021-06-22 02:01:50 - [MESSAGE][PASSED] - Text '' is set on object 'Object Repository/VLink/Page_CCSale/txt_CVVstate'

2021-06-22 02:01:50 - [MESSAGE][PASSED] - Object 'Object Repository/VLink/Page_CCSale/txt_TrackData' is present

2021-06-22 02:01:51 - [MESSAGE][PASSED] - Text '' is set on object 'Object Repository/VLink/Page_CCSale/txt_TrackData'

2021-06-22 02:01:51 - [MESSAGE][PASSED] - Object 'Object Repository/VLink/Page_CCSale/txt_Track1Data' is present

2021-06-22 02:01:52 - [MESSAGE][PASSED] - Text '' is set on object 'Object Repository/VLink/Page_CCSale/txt_Track1Data'

2021-06-22 02:01:52 - [MESSAGE][PASSED] - Object 'Object Repository/VLink/Page_CCSale/txt_Track2Data' is present

2021-06-22 02:01:53 - [MESSAGE][PASSED] - Text '' is set on object 'Object Repository/VLink/Page_CCSale/txt_Track2Data'

2021-06-22 02:01:53 - [MESSAGE][PASSED] - Object 'Object Repository/VLink/Page_CCSale/txt_POSEntryMode' is present

2021-06-22 02:01:54 - [MESSAGE][PASSED] - Text 'manual' is set on object 'Object Repository/VLink/Page_CCSale/txt_POSEntryMode'

2021-06-22 02:01:54 - [MESSAGE][PASSED] - Object 'Object Repository/VLink/Page_CCSale/txt_Email' is present

2021-06-22 02:01:55 - [MESSAGE][PASSED] - Text '' is set on object 'Object Repository/VLink/Page_CCSale/txt_Email'

2021-06-22 02:01:55 - [MESSAGE][PASSED] - Object 'Object Repository/VLink/Page_CCSale/txt_OrderNumber' is present

2021-06-22 02:01:56 - [MESSAGE][PASSED] - Text '' is set on object 'Object Repository/VLink/Page_CCSale/txt_OrderNumber'

2021-06-22 02:01:56 - [MESSAGE][PASSED] - Object 'Object Repository/VLink/Page_CCSale/txt_TaxAmount' is present

2021-06-22 02:01:57 - [MESSAGE][PASSED] - Text '' is set on object 'Object Repository/VLink/Page_CCSale/txt_TaxAmount'

2021-06-22 02:01:57 - [MESSAGE][PASSED] - Object 'Object Repository/VLink/Page_CCSale/txt_ChargeDescription' is present

2021-06-22 02:01:58 - [MESSAGE][PASSED] - Text '' is set on object 'Object Repository/VLink/Page_CCSale/txt_ChargeDescription'

2021-06-22 02:01:58 - [MESSAGE][PASSED] - Object 'Object Repository/VLink/Page_CCSale/txt_CAN' is present

2021-06-22 02:01:59 - [MESSAGE][PASSED] - Text '' is set on object 'Object Repository/VLink/Page_CCSale/txt_CAN'

2021-06-22 02:01:59 - [MESSAGE][PASSED] - Object 'Object Repository/VLink/Page_CCSale/txt_BillPaymentIndicator' is present

2021-06-22 02:02:00 - [MESSAGE][PASSED] - Text '' is set on object 'Object Repository/VLink/Page_CCSale/txt_BillPaymentIndicator'

2021-06-22 02:02:00 - [MESSAGE][PASSED] - Object 'Object Repository/VLink/Page_CCSale/txt_UDF1' is present

2021-06-22 02:02:01 - [MESSAGE][PASSED] - Text '' is set on object 'Object Repository/VLink/Page_CCSale/txt_UDF1'

2021-06-22 02:02:01 - [MESSAGE][PASSED] - Object 'Object Repository/VLink/Page_CCSale/txt_UDF2' is present

2021-06-22 02:02:02 - [MESSAGE][PASSED] - Text '' is set on object 'Object Repository/VLink/Page_CCSale/txt_UDF2'

2021-06-22 02:02:02 - [MESSAGE][PASSED] - Object 'Object Repository/VLink/Page_CCSale/txt_UDF3' is present

2021-06-22 02:02:03 - [MESSAGE][PASSED] - Text '' is set on object 'Object Repository/VLink/Page_CCSale/txt_UDF3'

2021-06-22 02:02:03 - [MESSAGE][PASSED] - Object 'Object Repository/VLink/Page_CCSale/txt_UDF4' is present

2021-06-22 02:02:04 - [MESSAGE][PASSED] - Text '' is set on object 'Object Repository/VLink/Page_CCSale/txt_UDF4'

2021-06-22 02:02:04 - [MESSAGE][PASSED] - Object 'Object Repository/VLink/Page_CCSale/txt_UDF5' is present

2021-06-22 02:02:05 - [MESSAGE][PASSED] - Text '' is set on object 'Object Repository/VLink/Page_CCSale/txt_UDF5'

2021-06-22 02:02:05 - [MESSAGE][PASSED] - Object 'Object Repository/VLink/Page_CCSale/txt_UDF6' is present

2021-06-22 02:02:06 - [MESSAGE][PASSED] - Text '' is set on object 'Object Repository/VLink/Page_CCSale/txt_UDF6'

2021-06-22 02:02:06 - [MESSAGE][PASSED] - Object 'Object Repository/VLink/Page_CCSale/txt_UDF7' is present

2021-06-22 02:02:07 - [MESSAGE][PASSED] - Text '' is set on object 'Object Repository/VLink/Page_CCSale/txt_UDF7'

2021-06-22 02:02:07 - [MESSAGE][PASSED] - Object 'Object Repository/VLink/Page_CCSale/txt_UDF8' is present

2021-06-22 02:02:08 - [MESSAGE][PASSED] - Text '' is set on object 'Object Repository/VLink/Page_CCSale/txt_UDF8'

2021-06-22 02:02:08 - [MESSAGE][PASSED] - Object 'Object Repository/VLink/Page_CCSale/txt_UDF9' is present

2021-06-22 02:02:09 - [MESSAGE][PASSED] - Text '' is set on object 'Object Repository/VLink/Page_CCSale/txt_UDF9'

2021-06-22 02:02:09 - [MESSAGE][PASSED] - Object 'Object Repository/VLink/Page_CCSale/txt_UDF10' is present

2021-06-22 02:02:10 - [MESSAGE][PASSED] - Text '' is set on object 'Object Repository/VLink/Page_CCSale/txt_UDF10'

2021-06-22 02:02:10 - [MESSAGE][PASSED] - Object 'Object Repository/VLink/Page_CCSale/txt_CardOnFileIndicator' is present

2021-06-22 02:02:11 - [MESSAGE][PASSED] - Text '1' is set on object 'Object Repository/VLink/Page_CCSale/txt_CardOnFileIndicator'

2021-06-22 02:02:11 - [MESSAGE][PASSED] - Object 'Object Repository/VLink/Page_CCSale/txt_StoredCredentialIndicator' is present

2021-06-22 02:02:12 - [MESSAGE][PASSED] - Text 'Subsequent' is set on object 'Object Repository/VLink/Page_CCSale/txt_StoredCredentialIndicator'

2021-06-22 02:02:12 - [MESSAGE][PASSED] - Object 'Object Repository/VLink/Page_CCSale/txt_COFScheduledIndicator' is present

2021-06-22 02:02:13 - [MESSAGE][PASSED] - Text 'Scheduled' is set on object 'Object Repository/VLink/Page_CCSale/txt_COFScheduledIndicator'

2021-06-22 02:02:13 - [MESSAGE][PASSED] - Object 'Object Repository/VLink/Page_CCSale/txt_COFTransactionInitiatedBy' is present

2021-06-22 02:02:14 - [MESSAGE][PASSED] - Text 'Merchant' is set on object 'Object Repository/VLink/Page_CCSale/txt_COFTransactionInitiatedBy'

2021-06-22 02:02:17 - [MESSAGE][PASSED] - Object: 'Object Repository/VLink/Page_CCSale/btn_ProcessVLinkTransaction' is clicked on

2021-06-22 02:02:22 - [MESSAGE][PASSED] - vlinkPages.saleCCPage.setDataSCC is PASSED

2021-06-22 02:02:22 - [TEST_STEP][PASSED] - if (verifyTextPresent("Transaction approved, no errors", true)): null

2021-06-22 02:02:22 - [MESSAGE][PASSED] - Text 'Transaction approved, no errors' is present on page  using regular expression

2021-06-22 02:02:22 - [TEST_STEP][PASSED] - println("Transaction Approved, no errors text is present on the Confirmation page"): null

2021-06-22 02:02:22 - [TEST_STEP][PASSED] - out.println("Pass Record Number: " + row): null

2021-06-22 02:02:22 - [TEST_STEP][PASSED] - resText = "Pass": null

2021-06-22 02:02:22 - [TEST_STEP][PASSED] - pages.WriteExcel.demoKey(resText, datText, resColumn, datCloumn, fileLoc, nameSheet, row): pages.WriteExcel.demoKey is PASSED

2021-06-22 02:02:22 - [MESSAGE][PASSED] - pages.WriteExcel.demoKey is PASSED

2021-06-22 02:02:22 - [TEST_STEP][PASSED] - sdfo = getText(findTestObject("Object Repository/Page_VLinkReceipt/pre_STX")): Text of object 'Object Repository/Page_VLinkReceipt/pre_STX' is: '<STX>XKrJq4So7pkQ                  12098403            0  Transaction approved, no errors                   0                                                                                  X OK5105   <ETX>'

2021-06-22 02:02:22 - [MESSAGE][PASSED] - Text of object 'Object Repository/Page_VLinkReceipt/pre_STX' is: '<STX>XKrJq4So7pkQ                  12098403            0  Transaction approved, no errors                   0                                                                                  X OK5105   <ETX>'

2021-06-22 02:02:22 - [TEST_STEP][PASSED] - out.println("sdfo: " + sdfo): null

2021-06-22 02:02:22 - [TEST_STEP][PASSED] - remID = substring(5, 35).trim(): null

2021-06-22 02:02:22 - [TEST_STEP][PASSED] - out.println("Remittance ID: " + remID): null

2021-06-22 02:02:22 - [TEST_STEP][PASSED] - traxID = substring(35, 55).trim(): null

2021-06-22 02:02:22 - [TEST_STEP][PASSED] - out.println("Transaction ID: " + traxID): null

2021-06-22 02:02:22 - [TEST_STEP][PASSED] - out.println("End Record Number: " + row): null

2021-06-22 02:02:22 - [TEST_STEP][PASSED] - closeBrowser(): Browser is closed

2021-06-22 02:02:23 - [MESSAGE][PASSED] - Browser is closed

2021-06-22 02:02:23 - [TEST_STEP][PASSED] - out.println("Begin Record Number: " + row): null

2021-06-22 02:02:23 - [TEST_STEP][PASSED] - today = new java.util.Date(): null

2021-06-22 02:02:23 - [TEST_STEP][PASSED] - println(today): null

2021-06-22 02:02:23 - [TEST_STEP][PASSED] - datText = today: null

2021-06-22 02:02:23 - [TEST_STEP][PASSED] - openBrowser(VLinkURL + "authcap.html"): Browser is opened with url: 'https://dev-algorithm.govolution.com/vlinktest/QA/version_2_0/authcap.html'

2021-06-22 02:02:23 - [MESSAGE][INFO] - Starting 'Chrome' driver

2021-06-22 02:02:23 - [MESSAGE][INFO] - User set preference: ['acceptInsecureCerts', 'true']

2021-06-22 02:02:23 - [MESSAGE][INFO] - Action delay is set to 0 milliseconds

2021-06-22 02:02:25 - [MESSAGE][PASSED] - Browser is opened with url: 'https://dev-algorithm.govolution.com/vlinktest/QA/version_2_0/authcap.html'

2021-06-22 02:02:25 - [TEST_STEP][PASSED] - maximizeWindow(): Current window maximized

2021-06-22 02:02:25 - [MESSAGE][PASSED] - Current window maximized

2021-06-22 02:02:25 - [TEST_STEP][PASSED] - vlinkPages.saleCCPage.setDataSCC(row, dataFile): vlinkPages.saleCCPage.setDataSCC is PASSED

2021-06-22 02:02:28 - [MESSAGE][PASSED] - Object 'Object Repository/VLink/Page_CCSale/txt_CardNumber' is present

2021-06-22 02:02:28 - [MESSAGE][PASSED] - Object 'Object Repository/VLink/Page_CCSale/txt_TransactionType' is present

2021-06-22 02:02:29 - [MESSAGE][PASSED] - Text '104' is set on object 'Object Repository/VLink/Page_CCSale/txt_TransactionType'

2021-06-22 02:02:29 - [MESSAGE][PASSED] - Object 'Object Repository/VLink/Page_CCSale/txt_MessageVersion' is present

2021-06-22 02:02:29 - [MESSAGE][PASSED] - Text '2.0C' is set on object 'Object Repository/VLink/Page_CCSale/txt_MessageVersion'

2021-06-22 02:02:30 - [MESSAGE][PASSED] - Object 'Object Repository/VLink/Page_CCSale/txt_RemID' is present

2021-06-22 02:02:30 - [MESSAGE][PASSED] - Text '0QopiToNjpS2' is set on object 'Object Repository/VLink/Page_CCSale/txt_RemID'

2021-06-22 02:02:31 - [MESSAGE][PASSED] - Object 'Object Repository/VLink/Page_CCSale/txt_ApplicationId' is present

2021-06-22 02:02:31 - [MESSAGE][PASSED] - Text '665' is set on object 'Object Repository/VLink/Page_CCSale/txt_ApplicationId'

2021-06-22 02:02:32 - [MESSAGE][PASSED] - Object 'Object Repository/VLink/Page_CCSale/txt_Username' is present

2021-06-22 02:02:32 - [MESSAGE][PASSED] - Text 'username' is set on object 'Object Repository/VLink/Page_CCSale/txt_Username'

2021-06-22 02:02:32 - [MESSAGE][PASSED] - Object 'Object Repository/VLink/Page_CCSale/txt_Password' is present

2021-06-22 02:02:33 - [MESSAGE][PASSED] - Text 'password' is set on object 'Object Repository/VLink/Page_CCSale/txt_Password'

2021-06-22 02:02:33 - [MESSAGE][PASSED] - Object 'Object Repository/VLink/Page_CCSale/txt_ResponseFormat' is present

2021-06-22 02:02:34 - [MESSAGE][PASSED] - Text 'fixed_width' is set on object 'Object Repository/VLink/Page_CCSale/txt_ResponseFormat'

2021-06-22 02:02:34 - [MESSAGE][PASSED] - Object 'Object Repository/VLink/Page_CCSale/txt_Category' is present

2021-06-22 02:02:35 - [MESSAGE][PASSED] - Text 'ECOM' is set on object 'Object Repository/VLink/Page_CCSale/txt_Category'

2021-06-22 02:02:35 - [MESSAGE][PASSED] - Object 'Object Repository/VLink/Page_CCSale/txt_TransactionID' is present

2021-06-22 02:02:36 - [MESSAGE][PASSED] - Text '' is set on object 'Object Repository/VLink/Page_CCSale/txt_TransactionID'

2021-06-22 02:02:36 - [MESSAGE][PASSED] - Object 'Object Repository/VLink/Page_CCSale/txt_ApprovalCode' is present

2021-06-22 02:02:37 - [MESSAGE][PASSED] - Text '' is set on object 'Object Repository/VLink/Page_CCSale/txt_ApprovalCode'

2021-06-22 02:02:37 - [MESSAGE][PASSED] - Object 'Object Repository/VLink/Page_CCSale/txt_CardName' is present

2021-06-22 02:02:38 - [MESSAGE][PASSED] - Text 'Kris Roshan' is set on object 'Object Repository/VLink/Page_CCSale/txt_CardName'

2021-06-22 02:02:38 - [MESSAGE][PASSED] - Object 'Object Repository/VLink/Page_CCSale/txt_AL1' is present

2021-06-22 02:02:39 - [MESSAGE][PASSED] - Text '258 Elm Road' is set on object 'Object Repository/VLink/Page_CCSale/txt_AL1'

2021-06-22 02:02:39 - [MESSAGE][PASSED] - Object 'Object Repository/VLink/Page_CCSale/txt_AL2' is present

2021-06-22 02:02:40 - [MESSAGE][PASSED] - Text 'Suite 56' is set on object 'Object Repository/VLink/Page_CCSale/txt_AL2'

2021-06-22 02:02:40 - [MESSAGE][PASSED] - Object 'Object Repository/VLink/Page_CCSale/txt_CardCity' is present

2021-06-22 02:02:41 - [MESSAGE][PASSED] - Text 'Arlington' is set on object 'Object Repository/VLink/Page_CCSale/txt_CardCity'

2021-06-22 02:02:41 - [MESSAGE][PASSED] - Object 'Object Repository/VLink/Page_CCSale/txt_CardState' is present

2021-06-22 02:02:42 - [MESSAGE][PASSED] - Text 'VA' is set on object 'Object Repository/VLink/Page_CCSale/txt_CardState'

2021-06-22 02:02:42 - [MESSAGE][PASSED] - Object 'Object Repository/VLink/Page_CCSale/txt_CardZIP' is present

2021-06-22 02:02:43 - [MESSAGE][PASSED] - Text '22201' is set on object 'Object Repository/VLink/Page_CCSale/txt_CardZIP'

2021-06-22 02:02:43 - [MESSAGE][PASSED] - Object 'Object Repository/VLink/Page_CCSale/txt_CountryID' is present

2021-06-22 02:02:44 - [MESSAGE][PASSED] - Text '840' is set on object 'Object Repository/VLink/Page_CCSale/txt_CountryID'

2021-06-22 02:02:44 - [MESSAGE][PASSED] - Object 'Object Repository/VLink/Page_CCSale/txt_Amount' is present

2021-06-22 02:02:45 - [MESSAGE][PASSED] - Text '1.50' is set on object 'Object Repository/VLink/Page_CCSale/txt_Amount'

2021-06-22 02:02:45 - [MESSAGE][PASSED] - Object 'Object Repository/VLink/Page_CCSale/txt_CardNumber' is present

2021-06-22 02:02:46 - [MESSAGE][PASSED] - Text '6011000000000004' is set on object 'Object Repository/VLink/Page_CCSale/txt_CardNumber'

2021-06-22 02:02:46 - [MESSAGE][PASSED] - Object 'Object Repository/VLink/Page_CCSale/txt_ExpMonth' is present

2021-06-22 02:02:47 - [MESSAGE][PASSED] - Text '12' is set on object 'Object Repository/VLink/Page_CCSale/txt_ExpMonth'

2021-06-22 02:02:47 - [MESSAGE][PASSED] - Object 'Object Repository/VLink/Page_CCSale/txt_ExpYear' is present

2021-06-22 02:02:48 - [MESSAGE][PASSED] - Text '2025' is set on object 'Object Repository/VLink/Page_CCSale/txt_ExpYear'

2021-06-22 02:02:48 - [MESSAGE][PASSED] - Object 'Object Repository/VLink/Page_CCSale/txt_CVV' is present

2021-06-22 02:02:49 - [MESSAGE][PASSED] - Text '' is set on object 'Object Repository/VLink/Page_CCSale/txt_CVV'

2021-06-22 02:02:49 - [MESSAGE][PASSED] - Object 'Object Repository/VLink/Page_CCSale/txt_CVVstate' is present

2021-06-22 02:02:50 - [MESSAGE][PASSED] - Text '' is set on object 'Object Repository/VLink/Page_CCSale/txt_CVVstate'

2021-06-22 02:02:50 - [MESSAGE][PASSED] - Object 'Object Repository/VLink/Page_CCSale/txt_TrackData' is present

2021-06-22 02:02:51 - [MESSAGE][PASSED] - Text '' is set on object 'Object Repository/VLink/Page_CCSale/txt_TrackData'

2021-06-22 02:02:51 - [MESSAGE][PASSED] - Object 'Object Repository/VLink/Page_CCSale/txt_Track1Data' is present

2021-06-22 02:02:52 - [MESSAGE][PASSED] - Text '' is set on object 'Object Repository/VLink/Page_CCSale/txt_Track1Data'

2021-06-22 02:02:52 - [MESSAGE][PASSED] - Object 'Object Repository/VLink/Page_CCSale/txt_Track2Data' is present

2021-06-22 02:02:53 - [MESSAGE][PASSED] - Text '' is set on object 'Object Repository/VLink/Page_CCSale/txt_Track2Data'

2021-06-22 02:02:53 - [MESSAGE][PASSED] - Object 'Object Repository/VLink/Page_CCSale/txt_POSEntryMode' is present

2021-06-22 02:02:54 - [MESSAGE][PASSED] - Text 'manual' is set on object 'Object Repository/VLink/Page_CCSale/txt_POSEntryMode'

2021-06-22 02:02:54 - [MESSAGE][PASSED] - Object 'Object Repository/VLink/Page_CCSale/txt_Email' is present

2021-06-22 02:02:55 - [MESSAGE][PASSED] - Text 'iahmed@govolution.com' is set on object 'Object Repository/VLink/Page_CCSale/txt_Email'

2021-06-22 02:02:55 - [MESSAGE][PASSED] - Object 'Object Repository/VLink/Page_CCSale/txt_OrderNumber' is present

2021-06-22 02:02:56 - [MESSAGE][PASSED] - Text '2569362' is set on object 'Object Repository/VLink/Page_CCSale/txt_OrderNumber'

2021-06-22 02:02:56 - [MESSAGE][PASSED] - Object 'Object Repository/VLink/Page_CCSale/txt_TaxAmount' is present

2021-06-22 02:02:57 - [MESSAGE][PASSED] - Text '1.15' is set on object 'Object Repository/VLink/Page_CCSale/txt_TaxAmount'

2021-06-22 02:02:57 - [MESSAGE][PASSED] - Object 'Object Repository/VLink/Page_CCSale/txt_ChargeDescription' is present

2021-06-22 02:02:58 - [MESSAGE][PASSED] - Text 'Charge Description' is set on object 'Object Repository/VLink/Page_CCSale/txt_ChargeDescription'

2021-06-22 02:02:58 - [MESSAGE][PASSED] - Object 'Object Repository/VLink/Page_CCSale/txt_CAN' is present

2021-06-22 02:02:59 - [MESSAGE][PASSED] - Text '147357' is set on object 'Object Repository/VLink/Page_CCSale/txt_CAN'

2021-06-22 02:02:59 - [MESSAGE][PASSED] - Object 'Object Repository/VLink/Page_CCSale/txt_BillPaymentIndicator' is present

2021-06-22 02:03:00 - [MESSAGE][PASSED] - Text '1' is set on object 'Object Repository/VLink/Page_CCSale/txt_BillPaymentIndicator'

2021-06-22 02:03:00 - [MESSAGE][PASSED] - Object 'Object Repository/VLink/Page_CCSale/txt_UDF1' is present

2021-06-22 02:03:01 - [MESSAGE][PASSED] - Text 'UDF Data 1' is set on object 'Object Repository/VLink/Page_CCSale/txt_UDF1'

2021-06-22 02:03:01 - [MESSAGE][PASSED] - Object 'Object Repository/VLink/Page_CCSale/txt_UDF2' is present

2021-06-22 02:03:02 - [MESSAGE][PASSED] - Text 'UDF Data 2' is set on object 'Object Repository/VLink/Page_CCSale/txt_UDF2'

2021-06-22 02:03:02 - [MESSAGE][PASSED] - Object 'Object Repository/VLink/Page_CCSale/txt_UDF3' is present

2021-06-22 02:03:03 - [MESSAGE][PASSED] - Text 'UDF Data 3' is set on object 'Object Repository/VLink/Page_CCSale/txt_UDF3'

2021-06-22 02:03:03 - [MESSAGE][PASSED] - Object 'Object Repository/VLink/Page_CCSale/txt_UDF4' is present

2021-06-22 02:03:04 - [MESSAGE][PASSED] - Text 'UDF Data 4' is set on object 'Object Repository/VLink/Page_CCSale/txt_UDF4'

2021-06-22 02:03:04 - [MESSAGE][PASSED] - Object 'Object Repository/VLink/Page_CCSale/txt_UDF5' is present

2021-06-22 02:03:05 - [MESSAGE][PASSED] - Text 'UDF Data 5' is set on object 'Object Repository/VLink/Page_CCSale/txt_UDF5'

2021-06-22 02:03:05 - [MESSAGE][PASSED] - Object 'Object Repository/VLink/Page_CCSale/txt_UDF6' is present

2021-06-22 02:03:06 - [MESSAGE][PASSED] - Text 'UDF Data 6' is set on object 'Object Repository/VLink/Page_CCSale/txt_UDF6'

2021-06-22 02:03:06 - [MESSAGE][PASSED] - Object 'Object Repository/VLink/Page_CCSale/txt_UDF7' is present

2021-06-22 02:03:07 - [MESSAGE][PASSED] - Text 'UDF Data 7' is set on object 'Object Repository/VLink/Page_CCSale/txt_UDF7'

2021-06-22 02:03:07 - [MESSAGE][PASSED] - Object 'Object Repository/VLink/Page_CCSale/txt_UDF8' is present

2021-06-22 02:03:08 - [MESSAGE][PASSED] - Text 'UDF Data 8' is set on object 'Object Repository/VLink/Page_CCSale/txt_UDF8'

2021-06-22 02:03:08 - [MESSAGE][PASSED] - Object 'Object Repository/VLink/Page_CCSale/txt_UDF9' is present

2021-06-22 02:03:09 - [MESSAGE][PASSED] - Text 'UDF Data 9' is set on object 'Object Repository/VLink/Page_CCSale/txt_UDF9'

2021-06-22 02:03:10 - [MESSAGE][PASSED] - Object 'Object Repository/VLink/Page_CCSale/txt_UDF10' is present

2021-06-22 02:03:10 - [MESSAGE][PASSED] - Text 'UDF Data 10' is set on object 'Object Repository/VLink/Page_CCSale/txt_UDF10'

2021-06-22 02:03:11 - [MESSAGE][PASSED] - Object 'Object Repository/VLink/Page_CCSale/txt_CardOnFileIndicator' is present

2021-06-22 02:03:11 - [MESSAGE][PASSED] - Text '1' is set on object 'Object Repository/VLink/Page_CCSale/txt_CardOnFileIndicator'

2021-06-22 02:03:12 - [MESSAGE][PASSED] - Object 'Object Repository/VLink/Page_CCSale/txt_StoredCredentialIndicator' is present

2021-06-22 02:03:12 - [MESSAGE][PASSED] - Text 'Subsequent' is set on object 'Object Repository/VLink/Page_CCSale/txt_StoredCredentialIndicator'

2021-06-22 02:03:13 - [MESSAGE][PASSED] - Object 'Object Repository/VLink/Page_CCSale/txt_COFScheduledIndicator' is present

2021-06-22 02:03:13 - [MESSAGE][PASSED] - Text 'Scheduled' is set on object 'Object Repository/VLink/Page_CCSale/txt_COFScheduledIndicator'

2021-06-22 02:03:14 - [MESSAGE][PASSED] - Object 'Object Repository/VLink/Page_CCSale/txt_COFTransactionInitiatedBy' is present

2021-06-22 02:03:14 - [MESSAGE][PASSED] - Text 'Merchant' is set on object 'Object Repository/VLink/Page_CCSale/txt_COFTransactionInitiatedBy'

2021-06-22 02:03:17 - [MESSAGE][PASSED] - Object: 'Object Repository/VLink/Page_CCSale/btn_ProcessVLinkTransaction' is clicked on

2021-06-22 02:03:22 - [MESSAGE][PASSED] - vlinkPages.saleCCPage.setDataSCC is PASSED

2021-06-22 02:03:22 - [TEST_STEP][PASSED] - if (verifyTextPresent("Transaction approved, no errors", true)): null

2021-06-22 02:03:22 - [MESSAGE][PASSED] - Text 'Transaction approved, no errors' is present on page  using regular expression

2021-06-22 02:03:22 - [TEST_STEP][PASSED] - println("Transaction Approved, no errors text is present on the Confirmation page"): null

2021-06-22 02:03:22 - [TEST_STEP][PASSED] - out.println("Pass Record Number: " + row): null

2021-06-22 02:03:22 - [TEST_STEP][PASSED] - resText = "Pass": null

2021-06-22 02:03:22 - [TEST_STEP][PASSED] - pages.WriteExcel.demoKey(resText, datText, resColumn, datCloumn, fileLoc, nameSheet, row): pages.WriteExcel.demoKey is PASSED

2021-06-22 02:03:23 - [MESSAGE][PASSED] - pages.WriteExcel.demoKey is PASSED

2021-06-22 02:03:23 - [TEST_STEP][PASSED] - sdfo = getText(findTestObject("Object Repository/Page_VLinkReceipt/pre_STX")): Text of object 'Object Repository/Page_VLinkReceipt/pre_STX' is: '<STX>0QopiToNjpS2                  12098404            0  Transaction approved, no errors                   0                                                                                  X OK5185   <ETX>'

2021-06-22 02:03:23 - [MESSAGE][PASSED] - Text of object 'Object Repository/Page_VLinkReceipt/pre_STX' is: '<STX>0QopiToNjpS2                  12098404            0  Transaction approved, no errors                   0                                                                                  X OK5185   <ETX>'

2021-06-22 02:03:23 - [TEST_STEP][PASSED] - out.println("sdfo: " + sdfo): null

2021-06-22 02:03:23 - [TEST_STEP][PASSED] - remID = substring(5, 35).trim(): null

2021-06-22 02:03:23 - [TEST_STEP][PASSED] - out.println("Remittance ID: " + remID): null

2021-06-22 02:03:23 - [TEST_STEP][PASSED] - traxID = substring(35, 55).trim(): null

2021-06-22 02:03:23 - [TEST_STEP][PASSED] - out.println("Transaction ID: " + traxID): null

2021-06-22 02:03:23 - [TEST_STEP][PASSED] - out.println("End Record Number: " + row): null

2021-06-22 02:03:23 - [TEST_STEP][PASSED] - closeBrowser(): Browser is closed

2021-06-22 02:03:24 - [MESSAGE][PASSED] - Browser is closed

2021-06-22 02:03:24 - [TEST_STEP][PASSED] - out.println("Begin Record Number: " + row): null

2021-06-22 02:03:24 - [TEST_STEP][PASSED] - today = new java.util.Date(): null

2021-06-22 02:03:24 - [TEST_STEP][PASSED] - println(today): null

2021-06-22 02:03:24 - [TEST_STEP][PASSED] - datText = today: null

2021-06-22 02:03:24 - [TEST_STEP][PASSED] - openBrowser(VLinkURL + "authcap.html"): Browser is opened with url: 'https://dev-algorithm.govolution.com/vlinktest/QA/version_2_0/authcap.html'

2021-06-22 02:03:24 - [MESSAGE][INFO] - Starting 'Chrome' driver

2021-06-22 02:03:24 - [MESSAGE][INFO] - User set preference: ['acceptInsecureCerts', 'true']

2021-06-22 02:03:24 - [MESSAGE][INFO] - Action delay is set to 0 milliseconds

2021-06-22 02:03:25 - [MESSAGE][PASSED] - Browser is opened with url: 'https://dev-algorithm.govolution.com/vlinktest/QA/version_2_0/authcap.html'

2021-06-22 02:03:25 - [TEST_STEP][PASSED] - maximizeWindow(): Current window maximized

2021-06-22 02:03:25 - [MESSAGE][PASSED] - Current window maximized

2021-06-22 02:03:25 - [TEST_STEP][PASSED] - vlinkPages.saleCCPage.setDataSCC(row, dataFile): vlinkPages.saleCCPage.setDataSCC is PASSED

2021-06-22 02:03:27 - [MESSAGE][PASSED] - Object 'Object Repository/VLink/Page_CCSale/txt_CardNumber' is present

2021-06-22 02:03:28 - [MESSAGE][PASSED] - Object 'Object Repository/VLink/Page_CCSale/txt_TransactionType' is present

2021-06-22 02:03:28 - [MESSAGE][PASSED] - Text '104' is set on object 'Object Repository/VLink/Page_CCSale/txt_TransactionType'

2021-06-22 02:03:29 - [MESSAGE][PASSED] - Object 'Object Repository/VLink/Page_CCSale/txt_MessageVersion' is present

2021-06-22 02:03:29 - [MESSAGE][PASSED] - Text '2.0C' is set on object 'Object Repository/VLink/Page_CCSale/txt_MessageVersion'

2021-06-22 02:03:30 - [MESSAGE][PASSED] - Object 'Object Repository/VLink/Page_CCSale/txt_RemID' is present

2021-06-22 02:03:30 - [MESSAGE][PASSED] - Text 'xoU2hw2zSomt' is set on object 'Object Repository/VLink/Page_CCSale/txt_RemID'

2021-06-22 02:03:31 - [MESSAGE][PASSED] - Object 'Object Repository/VLink/Page_CCSale/txt_ApplicationId' is present

2021-06-22 02:03:31 - [MESSAGE][PASSED] - Text '665' is set on object 'Object Repository/VLink/Page_CCSale/txt_ApplicationId'

2021-06-22 02:03:31 - [MESSAGE][PASSED] - Object 'Object Repository/VLink/Page_CCSale/txt_Username' is present

2021-06-22 02:03:32 - [MESSAGE][PASSED] - Text 'username' is set on object 'Object Repository/VLink/Page_CCSale/txt_Username'

2021-06-22 02:03:32 - [MESSAGE][PASSED] - Object 'Object Repository/VLink/Page_CCSale/txt_Password' is present

2021-06-22 02:03:33 - [MESSAGE][PASSED] - Text 'password' is set on object 'Object Repository/VLink/Page_CCSale/txt_Password'

2021-06-22 02:03:33 - [MESSAGE][PASSED] - Object 'Object Repository/VLink/Page_CCSale/txt_ResponseFormat' is present

2021-06-22 02:03:34 - [MESSAGE][PASSED] - Text 'fixed_width' is set on object 'Object Repository/VLink/Page_CCSale/txt_ResponseFormat'

2021-06-22 02:03:34 - [MESSAGE][PASSED] - Object 'Object Repository/VLink/Page_CCSale/txt_Category' is present

2021-06-22 02:03:35 - [MESSAGE][PASSED] - Text 'MOTO' is set on object 'Object Repository/VLink/Page_CCSale/txt_Category'

2021-06-22 02:03:35 - [MESSAGE][PASSED] - Object 'Object Repository/VLink/Page_CCSale/txt_TransactionID' is present

2021-06-22 02:03:36 - [MESSAGE][PASSED] - Text '' is set on object 'Object Repository/VLink/Page_CCSale/txt_TransactionID'

2021-06-22 02:03:36 - [MESSAGE][PASSED] - Object 'Object Repository/VLink/Page_CCSale/txt_ApprovalCode' is present

2021-06-22 02:03:37 - [MESSAGE][PASSED] - Text '' is set on object 'Object Repository/VLink/Page_CCSale/txt_ApprovalCode'

2021-06-22 02:03:37 - [MESSAGE][PASSED] - Object 'Object Repository/VLink/Page_CCSale/txt_CardName' is present

2021-06-22 02:03:38 - [MESSAGE][PASSED] - Text 'Roshan Maha' is set on object 'Object Repository/VLink/Page_CCSale/txt_CardName'

2021-06-22 02:03:38 - [MESSAGE][PASSED] - Object 'Object Repository/VLink/Page_CCSale/txt_AL1' is present

2021-06-22 02:03:39 - [MESSAGE][PASSED] - Text '12563 Bazaar road' is set on object 'Object Repository/VLink/Page_CCSale/txt_AL1'

2021-06-22 02:03:39 - [MESSAGE][PASSED] - Object 'Object Repository/VLink/Page_CCSale/txt_AL2' is present

2021-06-22 02:03:40 - [MESSAGE][PASSED] - Text '' is set on object 'Object Repository/VLink/Page_CCSale/txt_AL2'

2021-06-22 02:03:40 - [MESSAGE][PASSED] - Object 'Object Repository/VLink/Page_CCSale/txt_CardCity' is present

2021-06-22 02:03:41 - [MESSAGE][PASSED] - Text 'Crofton' is set on object 'Object Repository/VLink/Page_CCSale/txt_CardCity'

2021-06-22 02:03:41 - [MESSAGE][PASSED] - Object 'Object Repository/VLink/Page_CCSale/txt_CardState' is present

2021-06-22 02:03:42 - [MESSAGE][PASSED] - Text 'MD' is set on object 'Object Repository/VLink/Page_CCSale/txt_CardState'

2021-06-22 02:03:42 - [MESSAGE][PASSED] - Object 'Object Repository/VLink/Page_CCSale/txt_CardZIP' is present

2021-06-22 02:03:43 - [MESSAGE][PASSED] - Text '21114' is set on object 'Object Repository/VLink/Page_CCSale/txt_CardZIP'

2021-06-22 02:03:43 - [MESSAGE][PASSED] - Object 'Object Repository/VLink/Page_CCSale/txt_CountryID' is present

2021-06-22 02:03:44 - [MESSAGE][PASSED] - Text '' is set on object 'Object Repository/VLink/Page_CCSale/txt_CountryID'

2021-06-22 02:03:44 - [MESSAGE][PASSED] - Object 'Object Repository/VLink/Page_CCSale/txt_Amount' is present

2021-06-22 02:03:45 - [MESSAGE][PASSED] - Text '3.50' is set on object 'Object Repository/VLink/Page_CCSale/txt_Amount'

2021-06-22 02:03:45 - [MESSAGE][PASSED] - Object 'Object Repository/VLink/Page_CCSale/txt_CardNumber' is present

2021-06-22 02:03:46 - [MESSAGE][PASSED] - Text '4111111111111111' is set on object 'Object Repository/VLink/Page_CCSale/txt_CardNumber'

2021-06-22 02:03:46 - [MESSAGE][PASSED] - Object 'Object Repository/VLink/Page_CCSale/txt_ExpMonth' is present

2021-06-22 02:03:47 - [MESSAGE][PASSED] - Text '01' is set on object 'Object Repository/VLink/Page_CCSale/txt_ExpMonth'

2021-06-22 02:03:47 - [MESSAGE][PASSED] - Object 'Object Repository/VLink/Page_CCSale/txt_ExpYear' is present

2021-06-22 02:03:48 - [MESSAGE][PASSED] - Text '2026' is set on object 'Object Repository/VLink/Page_CCSale/txt_ExpYear'

2021-06-22 02:03:48 - [MESSAGE][PASSED] - Object 'Object Repository/VLink/Page_CCSale/txt_CVV' is present

2021-06-22 02:03:49 - [MESSAGE][PASSED] - Text '' is set on object 'Object Repository/VLink/Page_CCSale/txt_CVV'

2021-06-22 02:03:49 - [MESSAGE][PASSED] - Object 'Object Repository/VLink/Page_CCSale/txt_CVVstate' is present

2021-06-22 02:03:50 - [MESSAGE][PASSED] - Text '' is set on object 'Object Repository/VLink/Page_CCSale/txt_CVVstate'

2021-06-22 02:03:50 - [MESSAGE][PASSED] - Object 'Object Repository/VLink/Page_CCSale/txt_TrackData' is present

2021-06-22 02:03:50 - [MESSAGE][PASSED] - Text '' is set on object 'Object Repository/VLink/Page_CCSale/txt_TrackData'

2021-06-22 02:03:51 - [MESSAGE][PASSED] - Object 'Object Repository/VLink/Page_CCSale/txt_Track1Data' is present

2021-06-22 02:03:51 - [MESSAGE][PASSED] - Text '' is set on object 'Object Repository/VLink/Page_CCSale/txt_Track1Data'

2021-06-22 02:03:52 - [MESSAGE][PASSED] - Object 'Object Repository/VLink/Page_CCSale/txt_Track2Data' is present

2021-06-22 02:03:52 - [MESSAGE][PASSED] - Text '' is set on object 'Object Repository/VLink/Page_CCSale/txt_Track2Data'

2021-06-22 02:03:53 - [MESSAGE][PASSED] - Object 'Object Repository/VLink/Page_CCSale/txt_POSEntryMode' is present

2021-06-22 02:03:53 - [MESSAGE][PASSED] - Text 'manual' is set on object 'Object Repository/VLink/Page_CCSale/txt_POSEntryMode'

2021-06-22 02:03:54 - [MESSAGE][PASSED] - Object 'Object Repository/VLink/Page_CCSale/txt_Email' is present

2021-06-22 02:03:54 - [MESSAGE][PASSED] - Text '' is set on object 'Object Repository/VLink/Page_CCSale/txt_Email'

2021-06-22 02:03:55 - [MESSAGE][PASSED] - Object 'Object Repository/VLink/Page_CCSale/txt_OrderNumber' is present

2021-06-22 02:03:55 - [MESSAGE][PASSED] - Text '' is set on object 'Object Repository/VLink/Page_CCSale/txt_OrderNumber'

2021-06-22 02:03:56 - [MESSAGE][PASSED] - Object 'Object Repository/VLink/Page_CCSale/txt_TaxAmount' is present

2021-06-22 02:03:56 - [MESSAGE][PASSED] - Text '' is set on object 'Object Repository/VLink/Page_CCSale/txt_TaxAmount'

2021-06-22 02:03:57 - [MESSAGE][PASSED] - Object 'Object Repository/VLink/Page_CCSale/txt_ChargeDescription' is present

2021-06-22 02:03:57 - [MESSAGE][PASSED] - Text '' is set on object 'Object Repository/VLink/Page_CCSale/txt_ChargeDescription'

2021-06-22 02:03:58 - [MESSAGE][PASSED] - Object 'Object Repository/VLink/Page_CCSale/txt_CAN' is present

2021-06-22 02:03:58 - [MESSAGE][PASSED] - Text '' is set on object 'Object Repository/VLink/Page_CCSale/txt_CAN'

2021-06-22 02:03:59 - [MESSAGE][PASSED] - Object 'Object Repository/VLink/Page_CCSale/txt_BillPaymentIndicator' is present

2021-06-22 02:03:59 - [MESSAGE][PASSED] - Text '' is set on object 'Object Repository/VLink/Page_CCSale/txt_BillPaymentIndicator'

2021-06-22 02:04:00 - [MESSAGE][PASSED] - Object 'Object Repository/VLink/Page_CCSale/txt_UDF1' is present

2021-06-22 02:04:00 - [MESSAGE][PASSED] - Text '' is set on object 'Object Repository/VLink/Page_CCSale/txt_UDF1'

2021-06-22 02:04:01 - [MESSAGE][PASSED] - Object 'Object Repository/VLink/Page_CCSale/txt_UDF2' is present

2021-06-22 02:04:01 - [MESSAGE][PASSED] - Text '' is set on object 'Object Repository/VLink/Page_CCSale/txt_UDF2'

2021-06-22 02:04:02 - [MESSAGE][PASSED] - Object 'Object Repository/VLink/Page_CCSale/txt_UDF3' is present

2021-06-22 02:04:02 - [MESSAGE][PASSED] - Text '' is set on object 'Object Repository/VLink/Page_CCSale/txt_UDF3'

2021-06-22 02:04:03 - [MESSAGE][PASSED] - Object 'Object Repository/VLink/Page_CCSale/txt_UDF4' is present

2021-06-22 02:04:03 - [MESSAGE][PASSED] - Text '' is set on object 'Object Repository/VLink/Page_CCSale/txt_UDF4'

2021-06-22 02:04:04 - [MESSAGE][PASSED] - Object 'Object Repository/VLink/Page_CCSale/txt_UDF5' is present

2021-06-22 02:04:04 - [MESSAGE][PASSED] - Text '' is set on object 'Object Repository/VLink/Page_CCSale/txt_UDF5'

2021-06-22 02:04:04 - [MESSAGE][PASSED] - Object 'Object Repository/VLink/Page_CCSale/txt_UDF6' is present

2021-06-22 02:04:05 - [MESSAGE][PASSED] - Text '' is set on object 'Object Repository/VLink/Page_CCSale/txt_UDF6'

2021-06-22 02:04:05 - [MESSAGE][PASSED] - Object 'Object Repository/VLink/Page_CCSale/txt_UDF7' is present

2021-06-22 02:04:06 - [MESSAGE][PASSED] - Text '' is set on object 'Object Repository/VLink/Page_CCSale/txt_UDF7'

2021-06-22 02:04:06 - [MESSAGE][PASSED] - Object 'Object Repository/VLink/Page_CCSale/txt_UDF8' is present

2021-06-22 02:04:07 - [MESSAGE][PASSED] - Text '' is set on object 'Object Repository/VLink/Page_CCSale/txt_UDF8'

2021-06-22 02:04:07 - [MESSAGE][PASSED] - Object 'Object Repository/VLink/Page_CCSale/txt_UDF9' is present

2021-06-22 02:04:08 - [MESSAGE][PASSED] - Text '' is set on object 'Object Repository/VLink/Page_CCSale/txt_UDF9'

2021-06-22 02:04:08 - [MESSAGE][PASSED] - Object 'Object Repository/VLink/Page_CCSale/txt_UDF10' is present

2021-06-22 02:04:09 - [MESSAGE][PASSED] - Text '' is set on object 'Object Repository/VLink/Page_CCSale/txt_UDF10'

2021-06-22 02:04:09 - [MESSAGE][PASSED] - Object 'Object Repository/VLink/Page_CCSale/txt_CardOnFileIndicator' is present

2021-06-22 02:04:10 - [MESSAGE][PASSED] - Text '1' is set on object 'Object Repository/VLink/Page_CCSale/txt_CardOnFileIndicator'

2021-06-22 02:04:10 - [MESSAGE][PASSED] - Object 'Object Repository/VLink/Page_CCSale/txt_StoredCredentialIndicator' is present

2021-06-22 02:04:11 - [MESSAGE][PASSED] - Text 'Subsequent' is set on object 'Object Repository/VLink/Page_CCSale/txt_StoredCredentialIndicator'

2021-06-22 02:04:11 - [MESSAGE][PASSED] - Object 'Object Repository/VLink/Page_CCSale/txt_COFScheduledIndicator' is present

2021-06-22 02:04:12 - [MESSAGE][PASSED] - Text 'Scheduled' is set on object 'Object Repository/VLink/Page_CCSale/txt_COFScheduledIndicator'

2021-06-22 02:04:12 - [MESSAGE][PASSED] - Object 'Object Repository/VLink/Page_CCSale/txt_COFTransactionInitiatedBy' is present

2021-06-22 02:04:13 - [MESSAGE][PASSED] - Text 'Merchant' is set on object 'Object Repository/VLink/Page_CCSale/txt_COFTransactionInitiatedBy'

2021-06-22 02:04:16 - [MESSAGE][PASSED] - Object: 'Object Repository/VLink/Page_CCSale/btn_ProcessVLinkTransaction' is clicked on

2021-06-22 02:04:21 - [MESSAGE][PASSED] - vlinkPages.saleCCPage.setDataSCC is PASSED

2021-06-22 02:04:21 - [TEST_STEP][PASSED] - if (verifyTextPresent("Transaction approved, no errors", true)): null

2021-06-22 02:04:21 - [MESSAGE][PASSED] - Text 'Transaction approved, no errors' is present on page  using regular expression

2021-06-22 02:04:21 - [TEST_STEP][PASSED] - println("Transaction Approved, no errors text is present on the Confirmation page"): null

2021-06-22 02:04:21 - [TEST_STEP][PASSED] - out.println("Pass Record Number: " + row): null

2021-06-22 02:04:21 - [TEST_STEP][PASSED] - resText = "Pass": null

2021-06-22 02:04:21 - [TEST_STEP][PASSED] - pages.WriteExcel.demoKey(resText, datText, resColumn, datCloumn, fileLoc, nameSheet, row): pages.WriteExcel.demoKey is PASSED

2021-06-22 02:04:21 - [MESSAGE][PASSED] - pages.WriteExcel.demoKey is PASSED

2021-06-22 02:04:21 - [TEST_STEP][PASSED] - sdfo = getText(findTestObject("Object Repository/Page_VLinkReceipt/pre_STX")): Text of object 'Object Repository/Page_VLinkReceipt/pre_STX' is: '<STX>xoU2hw2zSomt                  12098405            0  Transaction approved, no errors                   0                                                                                  X OK5265   <ETX>'

2021-06-22 02:04:21 - [MESSAGE][PASSED] - Text of object 'Object Repository/Page_VLinkReceipt/pre_STX' is: '<STX>xoU2hw2zSomt                  12098405            0  Transaction approved, no errors                   0                                                                                  X OK5265   <ETX>'

2021-06-22 02:04:21 - [TEST_STEP][PASSED] - out.println("sdfo: " + sdfo): null

2021-06-22 02:04:21 - [TEST_STEP][PASSED] - remID = substring(5, 35).trim(): null

2021-06-22 02:04:21 - [TEST_STEP][PASSED] - out.println("Remittance ID: " + remID): null

2021-06-22 02:04:21 - [TEST_STEP][PASSED] - traxID = substring(35, 55).trim(): null

2021-06-22 02:04:21 - [TEST_STEP][PASSED] - out.println("Transaction ID: " + traxID): null

2021-06-22 02:04:21 - [TEST_STEP][PASSED] - out.println("End Record Number: " + row): null

2021-06-22 02:04:21 - [TEST_STEP][PASSED] - closeBrowser(): Browser is closed

2021-06-22 02:04:22 - [MESSAGE][PASSED] - Browser is closed

2021-06-22 02:04:22 - [TEST_STEP][PASSED] - out.println("Begin Record Number: " + row): null

2021-06-22 02:04:22 - [TEST_STEP][PASSED] - today = new java.util.Date(): null

2021-06-22 02:04:22 - [TEST_STEP][PASSED] - println(today): null

2021-06-22 02:04:22 - [TEST_STEP][PASSED] - datText = today: null

2021-06-22 02:04:22 - [TEST_STEP][PASSED] - openBrowser(VLinkURL + "authcap.html"): Browser is opened with url: 'https://dev-algorithm.govolution.com/vlinktest/QA/version_2_0/authcap.html'

2021-06-22 02:04:22 - [MESSAGE][INFO] - Starting 'Chrome' driver

2021-06-22 02:04:22 - [MESSAGE][INFO] - User set preference: ['acceptInsecureCerts', 'true']

2021-06-22 02:04:22 - [MESSAGE][INFO] - Action delay is set to 0 milliseconds

2021-06-22 02:04:24 - [MESSAGE][PASSED] - Browser is opened with url: 'https://dev-algorithm.govolution.com/vlinktest/QA/version_2_0/authcap.html'

2021-06-22 02:04:24 - [TEST_STEP][PASSED] - maximizeWindow(): Current window maximized

2021-06-22 02:04:24 - [MESSAGE][PASSED] - Current window maximized

2021-06-22 02:04:24 - [TEST_STEP][PASSED] - vlinkPages.saleCCPage.setDataSCC(row, dataFile): vlinkPages.saleCCPage.setDataSCC is PASSED

2021-06-22 02:04:26 - [MESSAGE][PASSED] - Object 'Object Repository/VLink/Page_CCSale/txt_CardNumber' is present

2021-06-22 02:04:26 - [MESSAGE][PASSED] - Object 'Object Repository/VLink/Page_CCSale/txt_TransactionType' is present

2021-06-22 02:04:27 - [MESSAGE][PASSED] - Text '104' is set on object 'Object Repository/VLink/Page_CCSale/txt_TransactionType'

2021-06-22 02:04:27 - [MESSAGE][PASSED] - Object 'Object Repository/VLink/Page_CCSale/txt_MessageVersion' is present

2021-06-22 02:04:28 - [MESSAGE][PASSED] - Text '2.0C' is set on object 'Object Repository/VLink/Page_CCSale/txt_MessageVersion'

2021-06-22 02:04:28 - [MESSAGE][PASSED] - Object 'Object Repository/VLink/Page_CCSale/txt_RemID' is present

2021-06-22 02:04:29 - [MESSAGE][PASSED] - Text 'NUDDcMOXDAFC' is set on object 'Object Repository/VLink/Page_CCSale/txt_RemID'

2021-06-22 02:04:29 - [MESSAGE][PASSED] - Object 'Object Repository/VLink/Page_CCSale/txt_ApplicationId' is present

2021-06-22 02:04:30 - [MESSAGE][PASSED] - Text '665' is set on object 'Object Repository/VLink/Page_CCSale/txt_ApplicationId'

2021-06-22 02:04:30 - [MESSAGE][PASSED] - Object 'Object Repository/VLink/Page_CCSale/txt_Username' is present

2021-06-22 02:04:31 - [MESSAGE][PASSED] - Text 'username' is set on object 'Object Repository/VLink/Page_CCSale/txt_Username'

2021-06-22 02:04:31 - [MESSAGE][PASSED] - Object 'Object Repository/VLink/Page_CCSale/txt_Password' is present

2021-06-22 02:04:31 - [MESSAGE][PASSED] - Text 'password' is set on object 'Object Repository/VLink/Page_CCSale/txt_Password'

2021-06-22 02:04:32 - [MESSAGE][PASSED] - Object 'Object Repository/VLink/Page_CCSale/txt_ResponseFormat' is present

2021-06-22 02:04:32 - [MESSAGE][PASSED] - Text 'fixed_width' is set on object 'Object Repository/VLink/Page_CCSale/txt_ResponseFormat'

2021-06-22 02:04:33 - [MESSAGE][PASSED] - Object 'Object Repository/VLink/Page_CCSale/txt_Category' is present

2021-06-22 02:04:33 - [MESSAGE][PASSED] - Text 'MOTO' is set on object 'Object Repository/VLink/Page_CCSale/txt_Category'

2021-06-22 02:04:34 - [MESSAGE][PASSED] - Object 'Object Repository/VLink/Page_CCSale/txt_TransactionID' is present

2021-06-22 02:04:34 - [MESSAGE][PASSED] - Text '' is set on object 'Object Repository/VLink/Page_CCSale/txt_TransactionID'

2021-06-22 02:04:35 - [MESSAGE][PASSED] - Object 'Object Repository/VLink/Page_CCSale/txt_ApprovalCode' is present

2021-06-22 02:04:35 - [MESSAGE][PASSED] - Text '' is set on object 'Object Repository/VLink/Page_CCSale/txt_ApprovalCode'

2021-06-22 02:04:36 - [MESSAGE][PASSED] - Object 'Object Repository/VLink/Page_CCSale/txt_CardName' is present

2021-06-22 02:04:36 - [MESSAGE][PASSED] - Text 'Kris Roshan' is set on object 'Object Repository/VLink/Page_CCSale/txt_CardName'

2021-06-22 02:04:37 - [MESSAGE][PASSED] - Object 'Object Repository/VLink/Page_CCSale/txt_AL1' is present

2021-06-22 02:04:37 - [MESSAGE][PASSED] - Text '258 Elm Road' is set on object 'Object Repository/VLink/Page_CCSale/txt_AL1'

2021-06-22 02:04:38 - [MESSAGE][PASSED] - Object 'Object Repository/VLink/Page_CCSale/txt_AL2' is present

2021-06-22 02:04:38 - [MESSAGE][PASSED] - Text 'Suite 56' is set on object 'Object Repository/VLink/Page_CCSale/txt_AL2'

2021-06-22 02:04:39 - [MESSAGE][PASSED] - Object 'Object Repository/VLink/Page_CCSale/txt_CardCity' is present

2021-06-22 02:04:39 - [MESSAGE][PASSED] - Text 'Arlington' is set on object 'Object Repository/VLink/Page_CCSale/txt_CardCity'

2021-06-22 02:04:40 - [MESSAGE][PASSED] - Object 'Object Repository/VLink/Page_CCSale/txt_CardState' is present

2021-06-22 02:04:40 - [MESSAGE][PASSED] - Text 'VA' is set on object 'Object Repository/VLink/Page_CCSale/txt_CardState'

2021-06-22 02:04:41 - [MESSAGE][PASSED] - Object 'Object Repository/VLink/Page_CCSale/txt_CardZIP' is present

2021-06-22 02:04:41 - [MESSAGE][PASSED] - Text '22201' is set on object 'Object Repository/VLink/Page_CCSale/txt_CardZIP'

2021-06-22 02:04:42 - [MESSAGE][PASSED] - Object 'Object Repository/VLink/Page_CCSale/txt_CountryID' is present

2021-06-22 02:04:42 - [MESSAGE][PASSED] - Text '840' is set on object 'Object Repository/VLink/Page_CCSale/txt_CountryID'

2021-06-22 02:04:43 - [MESSAGE][PASSED] - Object 'Object Repository/VLink/Page_CCSale/txt_Amount' is present

2021-06-22 02:04:43 - [MESSAGE][PASSED] - Text '1.50' is set on object 'Object Repository/VLink/Page_CCSale/txt_Amount'

2021-06-22 02:04:44 - [MESSAGE][PASSED] - Object 'Object Repository/VLink/Page_CCSale/txt_CardNumber' is present

2021-06-22 02:04:44 - [MESSAGE][PASSED] - Text '5424000000000015' is set on object 'Object Repository/VLink/Page_CCSale/txt_CardNumber'

2021-06-22 02:04:45 - [MESSAGE][PASSED] - Object 'Object Repository/VLink/Page_CCSale/txt_ExpMonth' is present

2021-06-22 02:04:45 - [MESSAGE][PASSED] - Text '12' is set on object 'Object Repository/VLink/Page_CCSale/txt_ExpMonth'

2021-06-22 02:04:46 - [MESSAGE][PASSED] - Object 'Object Repository/VLink/Page_CCSale/txt_ExpYear' is present

2021-06-22 02:04:46 - [MESSAGE][PASSED] - Text '2025' is set on object 'Object Repository/VLink/Page_CCSale/txt_ExpYear'

2021-06-22 02:04:47 - [MESSAGE][PASSED] - Object 'Object Repository/VLink/Page_CCSale/txt_CVV' is present

2021-06-22 02:04:47 - [MESSAGE][PASSED] - Text '' is set on object 'Object Repository/VLink/Page_CCSale/txt_CVV'

2021-06-22 02:04:48 - [MESSAGE][PASSED] - Object 'Object Repository/VLink/Page_CCSale/txt_CVVstate' is present

2021-06-22 02:04:48 - [MESSAGE][PASSED] - Text '' is set on object 'Object Repository/VLink/Page_CCSale/txt_CVVstate'

2021-06-22 02:04:49 - [MESSAGE][PASSED] - Object 'Object Repository/VLink/Page_CCSale/txt_TrackData' is present

2021-06-22 02:04:49 - [MESSAGE][PASSED] - Text '' is set on object 'Object Repository/VLink/Page_CCSale/txt_TrackData'

2021-06-22 02:04:50 - [MESSAGE][PASSED] - Object 'Object Repository/VLink/Page_CCSale/txt_Track1Data' is present

2021-06-22 02:04:50 - [MESSAGE][PASSED] - Text '' is set on object 'Object Repository/VLink/Page_CCSale/txt_Track1Data'

2021-06-22 02:04:51 - [MESSAGE][PASSED] - Object 'Object Repository/VLink/Page_CCSale/txt_Track2Data' is present

2021-06-22 02:04:51 - [MESSAGE][PASSED] - Text '' is set on object 'Object Repository/VLink/Page_CCSale/txt_Track2Data'

2021-06-22 02:04:52 - [MESSAGE][PASSED] - Object 'Object Repository/VLink/Page_CCSale/txt_POSEntryMode' is present

2021-06-22 02:04:52 - [MESSAGE][PASSED] - Text 'manual' is set on object 'Object Repository/VLink/Page_CCSale/txt_POSEntryMode'

2021-06-22 02:04:53 - [MESSAGE][PASSED] - Object 'Object Repository/VLink/Page_CCSale/txt_Email' is present

2021-06-22 02:04:53 - [MESSAGE][PASSED] - Text 'iahmed@govolution.com' is set on object 'Object Repository/VLink/Page_CCSale/txt_Email'

2021-06-22 02:04:54 - [MESSAGE][PASSED] - Object 'Object Repository/VLink/Page_CCSale/txt_OrderNumber' is present

2021-06-22 02:04:54 - [MESSAGE][PASSED] - Text '2569362' is set on object 'Object Repository/VLink/Page_CCSale/txt_OrderNumber'

2021-06-22 02:04:55 - [MESSAGE][PASSED] - Object 'Object Repository/VLink/Page_CCSale/txt_TaxAmount' is present

2021-06-22 02:04:55 - [MESSAGE][PASSED] - Text '1.15' is set on object 'Object Repository/VLink/Page_CCSale/txt_TaxAmount'

2021-06-22 02:04:56 - [MESSAGE][PASSED] - Object 'Object Repository/VLink/Page_CCSale/txt_ChargeDescription' is present

2021-06-22 02:04:56 - [MESSAGE][PASSED] - Text 'Charge Description' is set on object 'Object Repository/VLink/Page_CCSale/txt_ChargeDescription'

2021-06-22 02:04:57 - [MESSAGE][PASSED] - Object 'Object Repository/VLink/Page_CCSale/txt_CAN' is present

2021-06-22 02:04:57 - [MESSAGE][PASSED] - Text '147357' is set on object 'Object Repository/VLink/Page_CCSale/txt_CAN'

2021-06-22 02:04:58 - [MESSAGE][PASSED] - Object 'Object Repository/VLink/Page_CCSale/txt_BillPaymentIndicator' is present

2021-06-22 02:04:58 - [MESSAGE][PASSED] - Text '1' is set on object 'Object Repository/VLink/Page_CCSale/txt_BillPaymentIndicator'

2021-06-22 02:04:59 - [MESSAGE][PASSED] - Object 'Object Repository/VLink/Page_CCSale/txt_UDF1' is present

2021-06-22 02:04:59 - [MESSAGE][PASSED] - Text 'UDF Data 1' is set on object 'Object Repository/VLink/Page_CCSale/txt_UDF1'

2021-06-22 02:05:00 - [MESSAGE][PASSED] - Object 'Object Repository/VLink/Page_CCSale/txt_UDF2' is present

2021-06-22 02:05:00 - [MESSAGE][PASSED] - Text 'UDF Data 2' is set on object 'Object Repository/VLink/Page_CCSale/txt_UDF2'

2021-06-22 02:05:01 - [MESSAGE][PASSED] - Object 'Object Repository/VLink/Page_CCSale/txt_UDF3' is present

2021-06-22 02:05:01 - [MESSAGE][PASSED] - Text 'UDF Data 3' is set on object 'Object Repository/VLink/Page_CCSale/txt_UDF3'

2021-06-22 02:05:02 - [MESSAGE][PASSED] - Object 'Object Repository/VLink/Page_CCSale/txt_UDF4' is present

2021-06-22 02:05:02 - [MESSAGE][PASSED] - Text 'UDF Data 4' is set on object 'Object Repository/VLink/Page_CCSale/txt_UDF4'

2021-06-22 02:05:03 - [MESSAGE][PASSED] - Object 'Object Repository/VLink/Page_CCSale/txt_UDF5' is present

2021-06-22 02:05:03 - [MESSAGE][PASSED] - Text 'UDF Data 5' is set on object 'Object Repository/VLink/Page_CCSale/txt_UDF5'

2021-06-22 02:05:04 - [MESSAGE][PASSED] - Object 'Object Repository/VLink/Page_CCSale/txt_UDF6' is present

2021-06-22 02:05:04 - [MESSAGE][PASSED] - Text 'UDF Data 6' is set on object 'Object Repository/VLink/Page_CCSale/txt_UDF6'

2021-06-22 02:05:05 - [MESSAGE][PASSED] - Object 'Object Repository/VLink/Page_CCSale/txt_UDF7' is present

2021-06-22 02:05:05 - [MESSAGE][PASSED] - Text 'UDF Data 7' is set on object 'Object Repository/VLink/Page_CCSale/txt_UDF7'

2021-06-22 02:05:06 - [MESSAGE][PASSED] - Object 'Object Repository/VLink/Page_CCSale/txt_UDF8' is present

2021-06-22 02:05:06 - [MESSAGE][PASSED] - Text 'UDF Data 8' is set on object 'Object Repository/VLink/Page_CCSale/txt_UDF8'

2021-06-22 02:05:07 - [MESSAGE][PASSED] - Object 'Object Repository/VLink/Page_CCSale/txt_UDF9' is present

2021-06-22 02:05:07 - [MESSAGE][PASSED] - Text 'UDF Data 9' is set on object 'Object Repository/VLink/Page_CCSale/txt_UDF9'

2021-06-22 02:05:08 - [MESSAGE][PASSED] - Object 'Object Repository/VLink/Page_CCSale/txt_UDF10' is present

2021-06-22 02:05:08 - [MESSAGE][PASSED] - Text 'UDF Data 10' is set on object 'Object Repository/VLink/Page_CCSale/txt_UDF10'

2021-06-22 02:05:09 - [MESSAGE][PASSED] - Object 'Object Repository/VLink/Page_CCSale/txt_CardOnFileIndicator' is present

2021-06-22 02:05:09 - [MESSAGE][PASSED] - Text '1' is set on object 'Object Repository/VLink/Page_CCSale/txt_CardOnFileIndicator'

2021-06-22 02:05:10 - [MESSAGE][PASSED] - Object 'Object Repository/VLink/Page_CCSale/txt_StoredCredentialIndicator' is present

2021-06-22 02:05:10 - [MESSAGE][PASSED] - Text 'Subsequent' is set on object 'Object Repository/VLink/Page_CCSale/txt_StoredCredentialIndicator'

2021-06-22 02:05:11 - [MESSAGE][PASSED] - Object 'Object Repository/VLink/Page_CCSale/txt_COFScheduledIndicator' is present

2021-06-22 02:05:11 - [MESSAGE][PASSED] - Text 'Scheduled' is set on object 'Object Repository/VLink/Page_CCSale/txt_COFScheduledIndicator'

2021-06-22 02:05:12 - [MESSAGE][PASSED] - Object 'Object Repository/VLink/Page_CCSale/txt_COFTransactionInitiatedBy' is present

2021-06-22 02:05:12 - [MESSAGE][PASSED] - Text 'Merchant' is set on object 'Object Repository/VLink/Page_CCSale/txt_COFTransactionInitiatedBy'

2021-06-22 02:05:15 - [MESSAGE][PASSED] - Object: 'Object Repository/VLink/Page_CCSale/btn_ProcessVLinkTransaction' is clicked on

2021-06-22 02:05:20 - [MESSAGE][PASSED] - vlinkPages.saleCCPage.setDataSCC is PASSED

2021-06-22 02:05:20 - [TEST_STEP][PASSED] - if (verifyTextPresent("Transaction approved, no errors", true)): null

2021-06-22 02:05:21 - [MESSAGE][PASSED] - Text 'Transaction approved, no errors' is present on page  using regular expression

2021-06-22 02:05:21 - [TEST_STEP][PASSED] - println("Transaction Approved, no errors text is present on the Confirmation page"): null

2021-06-22 02:05:21 - [TEST_STEP][PASSED] - out.println("Pass Record Number: " + row): null

2021-06-22 02:05:21 - [TEST_STEP][PASSED] - resText = "Pass": null

2021-06-22 02:05:21 - [TEST_STEP][PASSED] - pages.WriteExcel.demoKey(resText, datText, resColumn, datCloumn, fileLoc, nameSheet, row): pages.WriteExcel.demoKey is PASSED

2021-06-22 02:05:21 - [MESSAGE][PASSED] - pages.WriteExcel.demoKey is PASSED

2021-06-22 02:05:21 - [TEST_STEP][PASSED] - sdfo = getText(findTestObject("Object Repository/Page_VLinkReceipt/pre_STX")): Text of object 'Object Repository/Page_VLinkReceipt/pre_STX' is: '<STX>NUDDcMOXDAFC                  12098406            0  Transaction approved, no errors                   0                                                                                  X OK5345   <ETX>'

2021-06-22 02:05:21 - [MESSAGE][PASSED] - Text of object 'Object Repository/Page_VLinkReceipt/pre_STX' is: '<STX>NUDDcMOXDAFC                  12098406            0  Transaction approved, no errors                   0                                                                                  X OK5345   <ETX>'

2021-06-22 02:05:21 - [TEST_STEP][PASSED] - out.println("sdfo: " + sdfo): null

2021-06-22 02:05:21 - [TEST_STEP][PASSED] - remID = substring(5, 35).trim(): null

2021-06-22 02:05:21 - [TEST_STEP][PASSED] - out.println("Remittance ID: " + remID): null

2021-06-22 02:05:21 - [TEST_STEP][PASSED] - traxID = substring(35, 55).trim(): null

2021-06-22 02:05:21 - [TEST_STEP][PASSED] - out.println("Transaction ID: " + traxID): null

2021-06-22 02:05:21 - [TEST_STEP][PASSED] - out.println("End Record Number: " + row): null

2021-06-22 02:05:21 - [TEST_STEP][PASSED] - closeBrowser(): Browser is closed

2021-06-22 02:05:22 - [MESSAGE][PASSED] - Browser is closed

2021-06-22 02:05:22 - [TEST_STEP][PASSED] - out.println("Begin Record Number: " + row): null

2021-06-22 02:05:22 - [TEST_STEP][PASSED] - today = new java.util.Date(): null

2021-06-22 02:05:22 - [TEST_STEP][PASSED] - println(today): null

2021-06-22 02:05:22 - [TEST_STEP][PASSED] - datText = today: null

2021-06-22 02:05:22 - [TEST_STEP][PASSED] - openBrowser(VLinkURL + "authcap.html"): Browser is opened with url: 'https://dev-algorithm.govolution.com/vlinktest/QA/version_2_0/authcap.html'

2021-06-22 02:05:22 - [MESSAGE][INFO] - Starting 'Chrome' driver

2021-06-22 02:05:22 - [MESSAGE][INFO] - User set preference: ['acceptInsecureCerts', 'true']

2021-06-22 02:05:22 - [MESSAGE][INFO] - Action delay is set to 0 milliseconds

2021-06-22 02:05:23 - [MESSAGE][PASSED] - Browser is opened with url: 'https://dev-algorithm.govolution.com/vlinktest/QA/version_2_0/authcap.html'

2021-06-22 02:05:23 - [TEST_STEP][PASSED] - maximizeWindow(): Current window maximized

2021-06-22 02:05:24 - [MESSAGE][PASSED] - Current window maximized

2021-06-22 02:05:24 - [TEST_STEP][PASSED] - vlinkPages.saleCCPage.setDataSCC(row, dataFile): vlinkPages.saleCCPage.setDataSCC is PASSED

2021-06-22 02:05:26 - [MESSAGE][PASSED] - Object 'Object Repository/VLink/Page_CCSale/txt_CardNumber' is present

2021-06-22 02:05:26 - [MESSAGE][PASSED] - Object 'Object Repository/VLink/Page_CCSale/txt_TransactionType' is present

2021-06-22 02:05:27 - [MESSAGE][PASSED] - Text '104' is set on object 'Object Repository/VLink/Page_CCSale/txt_TransactionType'

2021-06-22 02:05:27 - [MESSAGE][PASSED] - Object 'Object Repository/VLink/Page_CCSale/txt_MessageVersion' is present

2021-06-22 02:05:28 - [MESSAGE][PASSED] - Text '2.0C' is set on object 'Object Repository/VLink/Page_CCSale/txt_MessageVersion'

2021-06-22 02:05:28 - [MESSAGE][PASSED] - Object 'Object Repository/VLink/Page_CCSale/txt_RemID' is present

2021-06-22 02:05:28 - [MESSAGE][PASSED] - Text 'tmOUvTnbcUMI' is set on object 'Object Repository/VLink/Page_CCSale/txt_RemID'

2021-06-22 02:05:29 - [MESSAGE][PASSED] - Object 'Object Repository/VLink/Page_CCSale/txt_ApplicationId' is present

2021-06-22 02:05:29 - [MESSAGE][PASSED] - Text '665' is set on object 'Object Repository/VLink/Page_CCSale/txt_ApplicationId'

2021-06-22 02:05:30 - [MESSAGE][PASSED] - Object 'Object Repository/VLink/Page_CCSale/txt_Username' is present

2021-06-22 02:05:30 - [MESSAGE][PASSED] - Text 'username' is set on object 'Object Repository/VLink/Page_CCSale/txt_Username'

2021-06-22 02:05:30 - [MESSAGE][PASSED] - Object 'Object Repository/VLink/Page_CCSale/txt_Password' is present

2021-06-22 02:05:31 - [MESSAGE][PASSED] - Text 'password' is set on object 'Object Repository/VLink/Page_CCSale/txt_Password'

2021-06-22 02:05:31 - [MESSAGE][PASSED] - Object 'Object Repository/VLink/Page_CCSale/txt_ResponseFormat' is present

2021-06-22 02:05:32 - [MESSAGE][PASSED] - Text 'fixed_width' is set on object 'Object Repository/VLink/Page_CCSale/txt_ResponseFormat'

2021-06-22 02:05:32 - [MESSAGE][PASSED] - Object 'Object Repository/VLink/Page_CCSale/txt_Category' is present

2021-06-22 02:05:33 - [MESSAGE][PASSED] - Text 'MOTO' is set on object 'Object Repository/VLink/Page_CCSale/txt_Category'

2021-06-22 02:05:33 - [MESSAGE][PASSED] - Object 'Object Repository/VLink/Page_CCSale/txt_TransactionID' is present

2021-06-22 02:05:34 - [MESSAGE][PASSED] - Text '' is set on object 'Object Repository/VLink/Page_CCSale/txt_TransactionID'

2021-06-22 02:05:34 - [MESSAGE][PASSED] - Object 'Object Repository/VLink/Page_CCSale/txt_ApprovalCode' is present

2021-06-22 02:05:35 - [MESSAGE][PASSED] - Text '' is set on object 'Object Repository/VLink/Page_CCSale/txt_ApprovalCode'

2021-06-22 02:05:35 - [MESSAGE][PASSED] - Object 'Object Repository/VLink/Page_CCSale/txt_CardName' is present

2021-06-22 02:05:36 - [MESSAGE][PASSED] - Text 'Roshan Maha' is set on object 'Object Repository/VLink/Page_CCSale/txt_CardName'

2021-06-22 02:05:36 - [MESSAGE][PASSED] - Object 'Object Repository/VLink/Page_CCSale/txt_AL1' is present

2021-06-22 02:05:37 - [MESSAGE][PASSED] - Text '12563 Bazaar road' is set on object 'Object Repository/VLink/Page_CCSale/txt_AL1'

2021-06-22 02:05:37 - [MESSAGE][PASSED] - Object 'Object Repository/VLink/Page_CCSale/txt_AL2' is present

2021-06-22 02:05:38 - [MESSAGE][PASSED] - Text '' is set on object 'Object Repository/VLink/Page_CCSale/txt_AL2'

2021-06-22 02:05:38 - [MESSAGE][PASSED] - Object 'Object Repository/VLink/Page_CCSale/txt_CardCity' is present

2021-06-22 02:05:39 - [MESSAGE][PASSED] - Text 'Crofton' is set on object 'Object Repository/VLink/Page_CCSale/txt_CardCity'

2021-06-22 02:05:39 - [MESSAGE][PASSED] - Object 'Object Repository/VLink/Page_CCSale/txt_CardState' is present

2021-06-22 02:05:40 - [MESSAGE][PASSED] - Text 'MD' is set on object 'Object Repository/VLink/Page_CCSale/txt_CardState'

2021-06-22 02:05:40 - [MESSAGE][PASSED] - Object 'Object Repository/VLink/Page_CCSale/txt_CardZIP' is present

2021-06-22 02:05:41 - [MESSAGE][PASSED] - Text '21114' is set on object 'Object Repository/VLink/Page_CCSale/txt_CardZIP'

2021-06-22 02:05:41 - [MESSAGE][PASSED] - Object 'Object Repository/VLink/Page_CCSale/txt_CountryID' is present

2021-06-22 02:05:42 - [MESSAGE][PASSED] - Text '' is set on object 'Object Repository/VLink/Page_CCSale/txt_CountryID'

2021-06-22 02:05:42 - [MESSAGE][PASSED] - Object 'Object Repository/VLink/Page_CCSale/txt_Amount' is present

2021-06-22 02:05:43 - [MESSAGE][PASSED] - Text '3.50' is set on object 'Object Repository/VLink/Page_CCSale/txt_Amount'

2021-06-22 02:05:43 - [MESSAGE][PASSED] - Object 'Object Repository/VLink/Page_CCSale/txt_CardNumber' is present

2021-06-22 02:05:44 - [MESSAGE][PASSED] - Text '370000000000002' is set on object 'Object Repository/VLink/Page_CCSale/txt_CardNumber'

2021-06-22 02:05:44 - [MESSAGE][PASSED] - Object 'Object Repository/VLink/Page_CCSale/txt_ExpMonth' is present

2021-06-22 02:05:45 - [MESSAGE][PASSED] - Text '01' is set on object 'Object Repository/VLink/Page_CCSale/txt_ExpMonth'

2021-06-22 02:05:45 - [MESSAGE][PASSED] - Object 'Object Repository/VLink/Page_CCSale/txt_ExpYear' is present

2021-06-22 02:05:46 - [MESSAGE][PASSED] - Text '2026' is set on object 'Object Repository/VLink/Page_CCSale/txt_ExpYear'

2021-06-22 02:05:46 - [MESSAGE][PASSED] - Object 'Object Repository/VLink/Page_CCSale/txt_CVV' is present

2021-06-22 02:05:47 - [MESSAGE][PASSED] - Text '' is set on object 'Object Repository/VLink/Page_CCSale/txt_CVV'

2021-06-22 02:05:47 - [MESSAGE][PASSED] - Object 'Object Repository/VLink/Page_CCSale/txt_CVVstate' is present

2021-06-22 02:05:48 - [MESSAGE][PASSED] - Text '' is set on object 'Object Repository/VLink/Page_CCSale/txt_CVVstate'

2021-06-22 02:05:48 - [MESSAGE][PASSED] - Object 'Object Repository/VLink/Page_CCSale/txt_TrackData' is present

2021-06-22 02:05:49 - [MESSAGE][PASSED] - Text '' is set on object 'Object Repository/VLink/Page_CCSale/txt_TrackData'

2021-06-22 02:05:49 - [MESSAGE][PASSED] - Object 'Object Repository/VLink/Page_CCSale/txt_Track1Data' is present

2021-06-22 02:05:50 - [MESSAGE][PASSED] - Text '' is set on object 'Object Repository/VLink/Page_CCSale/txt_Track1Data'

2021-06-22 02:05:50 - [MESSAGE][PASSED] - Object 'Object Repository/VLink/Page_CCSale/txt_Track2Data' is present

2021-06-22 02:05:51 - [MESSAGE][PASSED] - Text '' is set on object 'Object Repository/VLink/Page_CCSale/txt_Track2Data'

2021-06-22 02:05:51 - [MESSAGE][PASSED] - Object 'Object Repository/VLink/Page_CCSale/txt_POSEntryMode' is present

2021-06-22 02:05:52 - [MESSAGE][PASSED] - Text 'manual' is set on object 'Object Repository/VLink/Page_CCSale/txt_POSEntryMode'

2021-06-22 02:05:52 - [MESSAGE][PASSED] - Object 'Object Repository/VLink/Page_CCSale/txt_Email' is present

2021-06-22 02:05:53 - [MESSAGE][PASSED] - Text '' is set on object 'Object Repository/VLink/Page_CCSale/txt_Email'

2021-06-22 02:05:53 - [MESSAGE][PASSED] - Object 'Object Repository/VLink/Page_CCSale/txt_OrderNumber' is present

2021-06-22 02:05:54 - [MESSAGE][PASSED] - Text '' is set on object 'Object Repository/VLink/Page_CCSale/txt_OrderNumber'

2021-06-22 02:05:54 - [MESSAGE][PASSED] - Object 'Object Repository/VLink/Page_CCSale/txt_TaxAmount' is present

2021-06-22 02:05:55 - [MESSAGE][PASSED] - Text '' is set on object 'Object Repository/VLink/Page_CCSale/txt_TaxAmount'

2021-06-22 02:05:55 - [MESSAGE][PASSED] - Object 'Object Repository/VLink/Page_CCSale/txt_ChargeDescription' is present

2021-06-22 02:05:56 - [MESSAGE][PASSED] - Text '' is set on object 'Object Repository/VLink/Page_CCSale/txt_ChargeDescription'

2021-06-22 02:05:56 - [MESSAGE][PASSED] - Object 'Object Repository/VLink/Page_CCSale/txt_CAN' is present

2021-06-22 02:05:57 - [MESSAGE][PASSED] - Text '' is set on object 'Object Repository/VLink/Page_CCSale/txt_CAN'

2021-06-22 02:05:57 - [MESSAGE][PASSED] - Object 'Object Repository/VLink/Page_CCSale/txt_BillPaymentIndicator' is present

2021-06-22 02:05:58 - [MESSAGE][PASSED] - Text '' is set on object 'Object Repository/VLink/Page_CCSale/txt_BillPaymentIndicator'

2021-06-22 02:05:58 - [MESSAGE][PASSED] - Object 'Object Repository/VLink/Page_CCSale/txt_UDF1' is present

2021-06-22 02:05:59 - [MESSAGE][PASSED] - Text '' is set on object 'Object Repository/VLink/Page_CCSale/txt_UDF1'

2021-06-22 02:05:59 - [MESSAGE][PASSED] - Object 'Object Repository/VLink/Page_CCSale/txt_UDF2' is present

2021-06-22 02:06:00 - [MESSAGE][PASSED] - Text '' is set on object 'Object Repository/VLink/Page_CCSale/txt_UDF2'

2021-06-22 02:06:00 - [MESSAGE][PASSED] - Object 'Object Repository/VLink/Page_CCSale/txt_UDF3' is present

2021-06-22 02:06:01 - [MESSAGE][PASSED] - Text '' is set on object 'Object Repository/VLink/Page_CCSale/txt_UDF3'

2021-06-22 02:06:01 - [MESSAGE][PASSED] - Object 'Object Repository/VLink/Page_CCSale/txt_UDF4' is present

2021-06-22 02:06:02 - [MESSAGE][PASSED] - Text '' is set on object 'Object Repository/VLink/Page_CCSale/txt_UDF4'

2021-06-22 02:06:02 - [MESSAGE][PASSED] - Object 'Object Repository/VLink/Page_CCSale/txt_UDF5' is present

2021-06-22 02:06:03 - [MESSAGE][PASSED] - Text '' is set on object 'Object Repository/VLink/Page_CCSale/txt_UDF5'

2021-06-22 02:06:03 - [MESSAGE][PASSED] - Object 'Object Repository/VLink/Page_CCSale/txt_UDF6' is present

2021-06-22 02:06:04 - [MESSAGE][PASSED] - Text '' is set on object 'Object Repository/VLink/Page_CCSale/txt_UDF6'

2021-06-22 02:06:04 - [MESSAGE][PASSED] - Object 'Object Repository/VLink/Page_CCSale/txt_UDF7' is present

2021-06-22 02:06:05 - [MESSAGE][PASSED] - Text '' is set on object 'Object Repository/VLink/Page_CCSale/txt_UDF7'

2021-06-22 02:06:05 - [MESSAGE][PASSED] - Object 'Object Repository/VLink/Page_CCSale/txt_UDF8' is present

2021-06-22 02:06:06 - [MESSAGE][PASSED] - Text '' is set on object 'Object Repository/VLink/Page_CCSale/txt_UDF8'

2021-06-22 02:06:06 - [MESSAGE][PASSED] - Object 'Object Repository/VLink/Page_CCSale/txt_UDF9' is present

2021-06-22 02:06:07 - [MESSAGE][PASSED] - Text '' is set on object 'Object Repository/VLink/Page_CCSale/txt_UDF9'

2021-06-22 02:06:07 - [MESSAGE][PASSED] - Object 'Object Repository/VLink/Page_CCSale/txt_UDF10' is present

2021-06-22 02:06:08 - [MESSAGE][PASSED] - Text '' is set on object 'Object Repository/VLink/Page_CCSale/txt_UDF10'

2021-06-22 02:06:08 - [MESSAGE][PASSED] - Object 'Object Repository/VLink/Page_CCSale/txt_CardOnFileIndicator' is present

2021-06-22 02:06:09 - [MESSAGE][PASSED] - Text '1' is set on object 'Object Repository/VLink/Page_CCSale/txt_CardOnFileIndicator'

2021-06-22 02:06:09 - [MESSAGE][PASSED] - Object 'Object Repository/VLink/Page_CCSale/txt_StoredCredentialIndicator' is present

2021-06-22 02:06:10 - [MESSAGE][PASSED] - Text 'Subsequent' is set on object 'Object Repository/VLink/Page_CCSale/txt_StoredCredentialIndicator'

2021-06-22 02:06:10 - [MESSAGE][PASSED] - Object 'Object Repository/VLink/Page_CCSale/txt_COFScheduledIndicator' is present

2021-06-22 02:06:11 - [MESSAGE][PASSED] - Text 'Scheduled' is set on object 'Object Repository/VLink/Page_CCSale/txt_COFScheduledIndicator'

2021-06-22 02:06:11 - [MESSAGE][PASSED] - Object 'Object Repository/VLink/Page_CCSale/txt_COFTransactionInitiatedBy' is present

2021-06-22 02:06:12 - [MESSAGE][PASSED] - Text 'Merchant' is set on object 'Object Repository/VLink/Page_CCSale/txt_COFTransactionInitiatedBy'

2021-06-22 02:06:15 - [MESSAGE][PASSED] - Object: 'Object Repository/VLink/Page_CCSale/btn_ProcessVLinkTransaction' is clicked on

2021-06-22 02:06:20 - [MESSAGE][PASSED] - vlinkPages.saleCCPage.setDataSCC is PASSED

2021-06-22 02:06:20 - [TEST_STEP][PASSED] - if (verifyTextPresent("Transaction approved, no errors", true)): null

2021-06-22 02:06:20 - [MESSAGE][PASSED] - Text 'Transaction approved, no errors' is present on page  using regular expression

2021-06-22 02:06:20 - [TEST_STEP][PASSED] - println("Transaction Approved, no errors text is present on the Confirmation page"): null

2021-06-22 02:06:20 - [TEST_STEP][PASSED] - out.println("Pass Record Number: " + row): null

2021-06-22 02:06:20 - [TEST_STEP][PASSED] - resText = "Pass": null

2021-06-22 02:06:20 - [TEST_STEP][PASSED] - pages.WriteExcel.demoKey(resText, datText, resColumn, datCloumn, fileLoc, nameSheet, row): pages.WriteExcel.demoKey is PASSED

2021-06-22 02:06:20 - [MESSAGE][PASSED] - pages.WriteExcel.demoKey is PASSED

2021-06-22 02:06:20 - [TEST_STEP][PASSED] - sdfo = getText(findTestObject("Object Repository/Page_VLinkReceipt/pre_STX")): Text of object 'Object Repository/Page_VLinkReceipt/pre_STX' is: '<STX>tmOUvTnbcUMI                  12098407            0  Transaction approved, no errors                   0                                                                                  X OK5455   <ETX>'

2021-06-22 02:06:20 - [MESSAGE][PASSED] - Text of object 'Object Repository/Page_VLinkReceipt/pre_STX' is: '<STX>tmOUvTnbcUMI                  12098407            0  Transaction approved, no errors                   0                                                                                  X OK5455   <ETX>'

2021-06-22 02:06:20 - [TEST_STEP][PASSED] - out.println("sdfo: " + sdfo): null

2021-06-22 02:06:20 - [TEST_STEP][PASSED] - remID = substring(5, 35).trim(): null

2021-06-22 02:06:20 - [TEST_STEP][PASSED] - out.println("Remittance ID: " + remID): null

2021-06-22 02:06:20 - [TEST_STEP][PASSED] - traxID = substring(35, 55).trim(): null

2021-06-22 02:06:20 - [TEST_STEP][PASSED] - out.println("Transaction ID: " + traxID): null

2021-06-22 02:06:20 - [TEST_STEP][PASSED] - out.println("End Record Number: " + row): null

2021-06-22 02:06:20 - [TEST_STEP][PASSED] - closeBrowser(): Browser is closed

2021-06-22 02:06:21 - [MESSAGE][PASSED] - Browser is closed

2021-06-22 02:06:21 - [TEST_STEP][PASSED] - out.println("Begin Record Number: " + row): null

2021-06-22 02:06:21 - [TEST_STEP][PASSED] - today = new java.util.Date(): null

2021-06-22 02:06:21 - [TEST_STEP][PASSED] - println(today): null

2021-06-22 02:06:21 - [TEST_STEP][PASSED] - datText = today: null

2021-06-22 02:06:21 - [TEST_STEP][PASSED] - openBrowser(VLinkURL + "authcap.html"): Browser is opened with url: 'https://dev-algorithm.govolution.com/vlinktest/QA/version_2_0/authcap.html'

2021-06-22 02:06:21 - [MESSAGE][INFO] - Starting 'Chrome' driver

2021-06-22 02:06:21 - [MESSAGE][INFO] - User set preference: ['acceptInsecureCerts', 'true']

2021-06-22 02:06:21 - [MESSAGE][INFO] - Action delay is set to 0 milliseconds

2021-06-22 02:06:23 - [MESSAGE][PASSED] - Browser is opened with url: 'https://dev-algorithm.govolution.com/vlinktest/QA/version_2_0/authcap.html'

2021-06-22 02:06:23 - [TEST_STEP][PASSED] - maximizeWindow(): Current window maximized

2021-06-22 02:06:23 - [MESSAGE][PASSED] - Current window maximized

2021-06-22 02:06:23 - [TEST_STEP][PASSED] - vlinkPages.saleCCPage.setDataSCC(row, dataFile): vlinkPages.saleCCPage.setDataSCC is PASSED

2021-06-22 02:06:25 - [MESSAGE][PASSED] - Object 'Object Repository/VLink/Page_CCSale/txt_CardNumber' is present

2021-06-22 02:06:25 - [MESSAGE][PASSED] - Object 'Object Repository/VLink/Page_CCSale/txt_TransactionType' is present

2021-06-22 02:06:26 - [MESSAGE][PASSED] - Text '104' is set on object 'Object Repository/VLink/Page_CCSale/txt_TransactionType'

2021-06-22 02:06:26 - [MESSAGE][PASSED] - Object 'Object Repository/VLink/Page_CCSale/txt_MessageVersion' is present

2021-06-22 02:06:27 - [MESSAGE][PASSED] - Text '2.0C' is set on object 'Object Repository/VLink/Page_CCSale/txt_MessageVersion'

2021-06-22 02:06:27 - [MESSAGE][PASSED] - Object 'Object Repository/VLink/Page_CCSale/txt_RemID' is present

2021-06-22 02:06:28 - [MESSAGE][PASSED] - Text 'dTLKiEmdfvtu' is set on object 'Object Repository/VLink/Page_CCSale/txt_RemID'

2021-06-22 02:06:28 - [MESSAGE][PASSED] - Object 'Object Repository/VLink/Page_CCSale/txt_ApplicationId' is present

2021-06-22 02:06:28 - [MESSAGE][PASSED] - Text '665' is set on object 'Object Repository/VLink/Page_CCSale/txt_ApplicationId'

2021-06-22 02:06:29 - [MESSAGE][PASSED] - Object 'Object Repository/VLink/Page_CCSale/txt_Username' is present

2021-06-22 02:06:29 - [MESSAGE][PASSED] - Text 'username' is set on object 'Object Repository/VLink/Page_CCSale/txt_Username'

2021-06-22 02:06:30 - [MESSAGE][PASSED] - Object 'Object Repository/VLink/Page_CCSale/txt_Password' is present

2021-06-22 02:06:30 - [MESSAGE][PASSED] - Text 'password' is set on object 'Object Repository/VLink/Page_CCSale/txt_Password'

2021-06-22 02:06:30 - [MESSAGE][PASSED] - Object 'Object Repository/VLink/Page_CCSale/txt_ResponseFormat' is present

2021-06-22 02:06:31 - [MESSAGE][PASSED] - Text 'fixed_width' is set on object 'Object Repository/VLink/Page_CCSale/txt_ResponseFormat'

2021-06-22 02:06:31 - [MESSAGE][PASSED] - Object 'Object Repository/VLink/Page_CCSale/txt_Category' is present

2021-06-22 02:06:32 - [MESSAGE][PASSED] - Text 'MOTO' is set on object 'Object Repository/VLink/Page_CCSale/txt_Category'

2021-06-22 02:06:32 - [MESSAGE][PASSED] - Object 'Object Repository/VLink/Page_CCSale/txt_TransactionID' is present

2021-06-22 02:06:33 - [MESSAGE][PASSED] - Text '' is set on object 'Object Repository/VLink/Page_CCSale/txt_TransactionID'

2021-06-22 02:06:33 - [MESSAGE][PASSED] - Object 'Object Repository/VLink/Page_CCSale/txt_ApprovalCode' is present

2021-06-22 02:06:34 - [MESSAGE][PASSED] - Text '' is set on object 'Object Repository/VLink/Page_CCSale/txt_ApprovalCode'

2021-06-22 02:06:34 - [MESSAGE][PASSED] - Object 'Object Repository/VLink/Page_CCSale/txt_CardName' is present

2021-06-22 02:06:35 - [MESSAGE][PASSED] - Text 'Kris Roshan' is set on object 'Object Repository/VLink/Page_CCSale/txt_CardName'

2021-06-22 02:06:35 - [MESSAGE][PASSED] - Object 'Object Repository/VLink/Page_CCSale/txt_AL1' is present

2021-06-22 02:06:36 - [MESSAGE][PASSED] - Text '258 Elm Road' is set on object 'Object Repository/VLink/Page_CCSale/txt_AL1'

2021-06-22 02:06:36 - [MESSAGE][PASSED] - Object 'Object Repository/VLink/Page_CCSale/txt_AL2' is present

2021-06-22 02:06:37 - [MESSAGE][PASSED] - Text 'Suite 56' is set on object 'Object Repository/VLink/Page_CCSale/txt_AL2'

2021-06-22 02:06:37 - [MESSAGE][PASSED] - Object 'Object Repository/VLink/Page_CCSale/txt_CardCity' is present

2021-06-22 02:06:38 - [MESSAGE][PASSED] - Text 'Arlington' is set on object 'Object Repository/VLink/Page_CCSale/txt_CardCity'

2021-06-22 02:06:38 - [MESSAGE][PASSED] - Object 'Object Repository/VLink/Page_CCSale/txt_CardState' is present

2021-06-22 02:06:39 - [MESSAGE][PASSED] - Text 'VA' is set on object 'Object Repository/VLink/Page_CCSale/txt_CardState'

2021-06-22 02:06:39 - [MESSAGE][PASSED] - Object 'Object Repository/VLink/Page_CCSale/txt_CardZIP' is present

2021-06-22 02:06:40 - [MESSAGE][PASSED] - Text '22201' is set on object 'Object Repository/VLink/Page_CCSale/txt_CardZIP'

2021-06-22 02:06:40 - [MESSAGE][PASSED] - Object 'Object Repository/VLink/Page_CCSale/txt_CountryID' is present

2021-06-22 02:06:41 - [MESSAGE][PASSED] - Text '840' is set on object 'Object Repository/VLink/Page_CCSale/txt_CountryID'

2021-06-22 02:06:41 - [MESSAGE][PASSED] - Object 'Object Repository/VLink/Page_CCSale/txt_Amount' is present

2021-06-22 02:06:42 - [MESSAGE][PASSED] - Text '1.50' is set on object 'Object Repository/VLink/Page_CCSale/txt_Amount'

2021-06-22 02:06:42 - [MESSAGE][PASSED] - Object 'Object Repository/VLink/Page_CCSale/txt_CardNumber' is present

2021-06-22 02:06:43 - [MESSAGE][PASSED] - Text '6011000000000004' is set on object 'Object Repository/VLink/Page_CCSale/txt_CardNumber'

2021-06-22 02:06:43 - [MESSAGE][PASSED] - Object 'Object Repository/VLink/Page_CCSale/txt_ExpMonth' is present

2021-06-22 02:06:44 - [MESSAGE][PASSED] - Text '12' is set on object 'Object Repository/VLink/Page_CCSale/txt_ExpMonth'

2021-06-22 02:06:44 - [MESSAGE][PASSED] - Object 'Object Repository/VLink/Page_CCSale/txt_ExpYear' is present

2021-06-22 02:06:45 - [MESSAGE][PASSED] - Text '2025' is set on object 'Object Repository/VLink/Page_CCSale/txt_ExpYear'

2021-06-22 02:06:45 - [MESSAGE][PASSED] - Object 'Object Repository/VLink/Page_CCSale/txt_CVV' is present

2021-06-22 02:06:46 - [MESSAGE][PASSED] - Text '' is set on object 'Object Repository/VLink/Page_CCSale/txt_CVV'

2021-06-22 02:06:46 - [MESSAGE][PASSED] - Object 'Object Repository/VLink/Page_CCSale/txt_CVVstate' is present

2021-06-22 02:06:47 - [MESSAGE][PASSED] - Text '' is set on object 'Object Repository/VLink/Page_CCSale/txt_CVVstate'

2021-06-22 02:06:47 - [MESSAGE][PASSED] - Object 'Object Repository/VLink/Page_CCSale/txt_TrackData' is present

2021-06-22 02:06:48 - [MESSAGE][PASSED] - Text '' is set on object 'Object Repository/VLink/Page_CCSale/txt_TrackData'

2021-06-22 02:06:48 - [MESSAGE][PASSED] - Object 'Object Repository/VLink/Page_CCSale/txt_Track1Data' is present

2021-06-22 02:06:49 - [MESSAGE][PASSED] - Text '' is set on object 'Object Repository/VLink/Page_CCSale/txt_Track1Data'

2021-06-22 02:06:49 - [MESSAGE][PASSED] - Object 'Object Repository/VLink/Page_CCSale/txt_Track2Data' is present

2021-06-22 02:06:50 - [MESSAGE][PASSED] - Text '' is set on object 'Object Repository/VLink/Page_CCSale/txt_Track2Data'

2021-06-22 02:06:50 - [MESSAGE][PASSED] - Object 'Object Repository/VLink/Page_CCSale/txt_POSEntryMode' is present

2021-06-22 02:06:51 - [MESSAGE][PASSED] - Text 'manual' is set on object 'Object Repository/VLink/Page_CCSale/txt_POSEntryMode'

2021-06-22 02:06:51 - [MESSAGE][PASSED] - Object 'Object Repository/VLink/Page_CCSale/txt_Email' is present

2021-06-22 02:06:52 - [MESSAGE][PASSED] - Text 'iahmed@govolution.com' is set on object 'Object Repository/VLink/Page_CCSale/txt_Email'

2021-06-22 02:06:52 - [MESSAGE][PASSED] - Object 'Object Repository/VLink/Page_CCSale/txt_OrderNumber' is present

2021-06-22 02:06:53 - [MESSAGE][PASSED] - Text '2569362' is set on object 'Object Repository/VLink/Page_CCSale/txt_OrderNumber'

2021-06-22 02:06:53 - [MESSAGE][PASSED] - Object 'Object Repository/VLink/Page_CCSale/txt_TaxAmount' is present

2021-06-22 02:06:54 - [MESSAGE][PASSED] - Text '1.15' is set on object 'Object Repository/VLink/Page_CCSale/txt_TaxAmount'

2021-06-22 02:06:54 - [MESSAGE][PASSED] - Object 'Object Repository/VLink/Page_CCSale/txt_ChargeDescription' is present

2021-06-22 02:06:55 - [MESSAGE][PASSED] - Text 'Charge Description' is set on object 'Object Repository/VLink/Page_CCSale/txt_ChargeDescription'

2021-06-22 02:06:55 - [MESSAGE][PASSED] - Object 'Object Repository/VLink/Page_CCSale/txt_CAN' is present

2021-06-22 02:06:56 - [MESSAGE][PASSED] - Text '147357' is set on object 'Object Repository/VLink/Page_CCSale/txt_CAN'

2021-06-22 02:06:56 - [MESSAGE][PASSED] - Object 'Object Repository/VLink/Page_CCSale/txt_BillPaymentIndicator' is present

2021-06-22 02:06:57 - [MESSAGE][PASSED] - Text '1' is set on object 'Object Repository/VLink/Page_CCSale/txt_BillPaymentIndicator'

2021-06-22 02:06:57 - [MESSAGE][PASSED] - Object 'Object Repository/VLink/Page_CCSale/txt_UDF1' is present

2021-06-22 02:06:58 - [MESSAGE][PASSED] - Text 'UDF Data 1' is set on object 'Object Repository/VLink/Page_CCSale/txt_UDF1'

2021-06-22 02:06:58 - [MESSAGE][PASSED] - Object 'Object Repository/VLink/Page_CCSale/txt_UDF2' is present

2021-06-22 02:06:59 - [MESSAGE][PASSED] - Text 'UDF Data 2' is set on object 'Object Repository/VLink/Page_CCSale/txt_UDF2'

2021-06-22 02:06:59 - [MESSAGE][PASSED] - Object 'Object Repository/VLink/Page_CCSale/txt_UDF3' is present

2021-06-22 02:07:00 - [MESSAGE][PASSED] - Text 'UDF Data 3' is set on object 'Object Repository/VLink/Page_CCSale/txt_UDF3'

2021-06-22 02:07:00 - [MESSAGE][PASSED] - Object 'Object Repository/VLink/Page_CCSale/txt_UDF4' is present

2021-06-22 02:07:01 - [MESSAGE][PASSED] - Text 'UDF Data 4' is set on object 'Object Repository/VLink/Page_CCSale/txt_UDF4'

2021-06-22 02:07:01 - [MESSAGE][PASSED] - Object 'Object Repository/VLink/Page_CCSale/txt_UDF5' is present

2021-06-22 02:07:02 - [MESSAGE][PASSED] - Text 'UDF Data 5' is set on object 'Object Repository/VLink/Page_CCSale/txt_UDF5'

2021-06-22 02:07:02 - [MESSAGE][PASSED] - Object 'Object Repository/VLink/Page_CCSale/txt_UDF6' is present

2021-06-22 02:07:03 - [MESSAGE][PASSED] - Text 'UDF Data 6' is set on object 'Object Repository/VLink/Page_CCSale/txt_UDF6'

2021-06-22 02:07:03 - [MESSAGE][PASSED] - Object 'Object Repository/VLink/Page_CCSale/txt_UDF7' is present

2021-06-22 02:07:04 - [MESSAGE][PASSED] - Text 'UDF Data 7' is set on object 'Object Repository/VLink/Page_CCSale/txt_UDF7'

2021-06-22 02:07:04 - [MESSAGE][PASSED] - Object 'Object Repository/VLink/Page_CCSale/txt_UDF8' is present

2021-06-22 02:07:05 - [MESSAGE][PASSED] - Text 'UDF Data 8' is set on object 'Object Repository/VLink/Page_CCSale/txt_UDF8'

2021-06-22 02:07:05 - [MESSAGE][PASSED] - Object 'Object Repository/VLink/Page_CCSale/txt_UDF9' is present

2021-06-22 02:07:06 - [MESSAGE][PASSED] - Text 'UDF Data 9' is set on object 'Object Repository/VLink/Page_CCSale/txt_UDF9'

2021-06-22 02:07:06 - [MESSAGE][PASSED] - Object 'Object Repository/VLink/Page_CCSale/txt_UDF10' is present

2021-06-22 02:07:07 - [MESSAGE][PASSED] - Text 'UDF Data 10' is set on object 'Object Repository/VLink/Page_CCSale/txt_UDF10'

2021-06-22 02:07:07 - [MESSAGE][PASSED] - Object 'Object Repository/VLink/Page_CCSale/txt_CardOnFileIndicator' is present

2021-06-22 02:07:08 - [MESSAGE][PASSED] - Text '1' is set on object 'Object Repository/VLink/Page_CCSale/txt_CardOnFileIndicator'

2021-06-22 02:07:08 - [MESSAGE][PASSED] - Object 'Object Repository/VLink/Page_CCSale/txt_StoredCredentialIndicator' is present

2021-06-22 02:07:09 - [MESSAGE][PASSED] - Text 'Subsequent' is set on object 'Object Repository/VLink/Page_CCSale/txt_StoredCredentialIndicator'

2021-06-22 02:07:09 - [MESSAGE][PASSED] - Object 'Object Repository/VLink/Page_CCSale/txt_COFScheduledIndicator' is present

2021-06-22 02:07:10 - [MESSAGE][PASSED] - Text 'Scheduled' is set on object 'Object Repository/VLink/Page_CCSale/txt_COFScheduledIndicator'

2021-06-22 02:07:10 - [MESSAGE][PASSED] - Object 'Object Repository/VLink/Page_CCSale/txt_COFTransactionInitiatedBy' is present

2021-06-22 02:07:11 - [MESSAGE][PASSED] - Text 'Merchant' is set on object 'Object Repository/VLink/Page_CCSale/txt_COFTransactionInitiatedBy'

2021-06-22 02:07:14 - [MESSAGE][PASSED] - Object: 'Object Repository/VLink/Page_CCSale/btn_ProcessVLinkTransaction' is clicked on

2021-06-22 02:07:19 - [MESSAGE][PASSED] - vlinkPages.saleCCPage.setDataSCC is PASSED

2021-06-22 02:07:19 - [TEST_STEP][PASSED] - if (verifyTextPresent("Transaction approved, no errors", true)): null

2021-06-22 02:07:19 - [MESSAGE][PASSED] - Text 'Transaction approved, no errors' is present on page  using regular expression

2021-06-22 02:07:19 - [TEST_STEP][PASSED] - println("Transaction Approved, no errors text is present on the Confirmation page"): null

2021-06-22 02:07:19 - [TEST_STEP][PASSED] - out.println("Pass Record Number: " + row): null

2021-06-22 02:07:19 - [TEST_STEP][PASSED] - resText = "Pass": null

2021-06-22 02:07:19 - [TEST_STEP][PASSED] - pages.WriteExcel.demoKey(resText, datText, resColumn, datCloumn, fileLoc, nameSheet, row): pages.WriteExcel.demoKey is PASSED

2021-06-22 02:07:19 - [MESSAGE][PASSED] - pages.WriteExcel.demoKey is PASSED

2021-06-22 02:07:19 - [TEST_STEP][PASSED] - sdfo = getText(findTestObject("Object Repository/Page_VLinkReceipt/pre_STX")): Text of object 'Object Repository/Page_VLinkReceipt/pre_STX' is: '<STX>dTLKiEmdfvtu                  12098408            0  Transaction approved, no errors                   0                                                                                  X OK5515   <ETX>'

2021-06-22 02:07:19 - [MESSAGE][PASSED] - Text of object 'Object Repository/Page_VLinkReceipt/pre_STX' is: '<STX>dTLKiEmdfvtu                  12098408            0  Transaction approved, no errors                   0                                                                                  X OK5515   <ETX>'

2021-06-22 02:07:19 - [TEST_STEP][PASSED] - out.println("sdfo: " + sdfo): null

2021-06-22 02:07:19 - [TEST_STEP][PASSED] - remID = substring(5, 35).trim(): null

2021-06-22 02:07:19 - [TEST_STEP][PASSED] - out.println("Remittance ID: " + remID): null

2021-06-22 02:07:19 - [TEST_STEP][PASSED] - traxID = substring(35, 55).trim(): null

2021-06-22 02:07:19 - [TEST_STEP][PASSED] - out.println("Transaction ID: " + traxID): null

2021-06-22 02:07:19 - [TEST_STEP][PASSED] - out.println("End Record Number: " + row): null

2021-06-22 02:07:19 - [TEST_STEP][PASSED] - closeBrowser(): Browser is closed

2021-06-22 02:07:20 - [MESSAGE][PASSED] - Browser is closed

2021-06-22 02:07:20 - [TEST_STEP][PASSED] - out.println("Begin Record Number: " + row): null

2021-06-22 02:07:20 - [TEST_STEP][PASSED] - today = new java.util.Date(): null

2021-06-22 02:07:20 - [TEST_STEP][PASSED] - println(today): null

2021-06-22 02:07:20 - [TEST_STEP][PASSED] - datText = today: null

2021-06-22 02:07:20 - [TEST_STEP][PASSED] - openBrowser(VLinkURL + "authcap.html"): Browser is opened with url: 'https://dev-algorithm.govolution.com/vlinktest/QA/version_2_0/authcap.html'

2021-06-22 02:07:20 - [MESSAGE][INFO] - Starting 'Chrome' driver

2021-06-22 02:07:20 - [MESSAGE][INFO] - User set preference: ['acceptInsecureCerts', 'true']

2021-06-22 02:07:20 - [MESSAGE][INFO] - Action delay is set to 0 milliseconds

2021-06-22 02:07:22 - [MESSAGE][PASSED] - Browser is opened with url: 'https://dev-algorithm.govolution.com/vlinktest/QA/version_2_0/authcap.html'

2021-06-22 02:07:22 - [TEST_STEP][PASSED] - maximizeWindow(): Current window maximized

2021-06-22 02:07:22 - [MESSAGE][PASSED] - Current window maximized

2021-06-22 02:07:22 - [TEST_STEP][PASSED] - vlinkPages.saleCCPage.setDataSCC(row, dataFile): vlinkPages.saleCCPage.setDataSCC is PASSED

2021-06-22 02:07:24 - [MESSAGE][PASSED] - Object 'Object Repository/VLink/Page_CCSale/txt_CardNumber' is present

2021-06-22 02:07:25 - [MESSAGE][PASSED] - Object 'Object Repository/VLink/Page_CCSale/txt_TransactionType' is present

2021-06-22 02:07:25 - [MESSAGE][PASSED] - Text '104' is set on object 'Object Repository/VLink/Page_CCSale/txt_TransactionType'

2021-06-22 02:07:26 - [MESSAGE][PASSED] - Object 'Object Repository/VLink/Page_CCSale/txt_MessageVersion' is present

2021-06-22 02:07:26 - [MESSAGE][PASSED] - Text '2.0C' is set on object 'Object Repository/VLink/Page_CCSale/txt_MessageVersion'

2021-06-22 02:07:26 - [MESSAGE][PASSED] - Object 'Object Repository/VLink/Page_CCSale/txt_RemID' is present

2021-06-22 02:07:27 - [MESSAGE][PASSED] - Text '7hLi4uwt5wJJ' is set on object 'Object Repository/VLink/Page_CCSale/txt_RemID'

2021-06-22 02:07:27 - [MESSAGE][PASSED] - Object 'Object Repository/VLink/Page_CCSale/txt_ApplicationId' is present

2021-06-22 02:07:28 - [MESSAGE][PASSED] - Text '665' is set on object 'Object Repository/VLink/Page_CCSale/txt_ApplicationId'

2021-06-22 02:07:28 - [MESSAGE][PASSED] - Object 'Object Repository/VLink/Page_CCSale/txt_Username' is present

2021-06-22 02:07:29 - [MESSAGE][PASSED] - Text 'username' is set on object 'Object Repository/VLink/Page_CCSale/txt_Username'

2021-06-22 02:07:29 - [MESSAGE][PASSED] - Object 'Object Repository/VLink/Page_CCSale/txt_Password' is present

2021-06-22 02:07:30 - [MESSAGE][PASSED] - Text 'password' is set on object 'Object Repository/VLink/Page_CCSale/txt_Password'

2021-06-22 02:07:30 - [MESSAGE][PASSED] - Object 'Object Repository/VLink/Page_CCSale/txt_ResponseFormat' is present

2021-06-22 02:07:31 - [MESSAGE][PASSED] - Text 'fixed_width' is set on object 'Object Repository/VLink/Page_CCSale/txt_ResponseFormat'

2021-06-22 02:07:31 - [MESSAGE][PASSED] - Object 'Object Repository/VLink/Page_CCSale/txt_Category' is present

2021-06-22 02:07:32 - [MESSAGE][PASSED] - Text 'RETL' is set on object 'Object Repository/VLink/Page_CCSale/txt_Category'

2021-06-22 02:07:32 - [MESSAGE][PASSED] - Object 'Object Repository/VLink/Page_CCSale/txt_TransactionID' is present

2021-06-22 02:07:32 - [MESSAGE][PASSED] - Text '' is set on object 'Object Repository/VLink/Page_CCSale/txt_TransactionID'

2021-06-22 02:07:33 - [MESSAGE][PASSED] - Object 'Object Repository/VLink/Page_CCSale/txt_ApprovalCode' is present

2021-06-22 02:07:33 - [MESSAGE][PASSED] - Text '' is set on object 'Object Repository/VLink/Page_CCSale/txt_ApprovalCode'

2021-06-22 02:07:34 - [MESSAGE][PASSED] - Object 'Object Repository/VLink/Page_CCSale/txt_CardName' is present

2021-06-22 02:07:35 - [MESSAGE][PASSED] - Text 'Roshan Maha' is set on object 'Object Repository/VLink/Page_CCSale/txt_CardName'

2021-06-22 02:07:35 - [MESSAGE][PASSED] - Object 'Object Repository/VLink/Page_CCSale/txt_AL1' is present

2021-06-22 02:07:36 - [MESSAGE][PASSED] - Text '12563 Bazaar road' is set on object 'Object Repository/VLink/Page_CCSale/txt_AL1'

2021-06-22 02:07:36 - [MESSAGE][PASSED] - Object 'Object Repository/VLink/Page_CCSale/txt_AL2' is present

2021-06-22 02:07:37 - [MESSAGE][PASSED] - Text '' is set on object 'Object Repository/VLink/Page_CCSale/txt_AL2'

2021-06-22 02:07:37 - [MESSAGE][PASSED] - Object 'Object Repository/VLink/Page_CCSale/txt_CardCity' is present

2021-06-22 02:07:38 - [MESSAGE][PASSED] - Text 'Crofton' is set on object 'Object Repository/VLink/Page_CCSale/txt_CardCity'

2021-06-22 02:07:38 - [MESSAGE][PASSED] - Object 'Object Repository/VLink/Page_CCSale/txt_CardState' is present

2021-06-22 02:07:39 - [MESSAGE][PASSED] - Text 'MD' is set on object 'Object Repository/VLink/Page_CCSale/txt_CardState'

2021-06-22 02:07:39 - [MESSAGE][PASSED] - Object 'Object Repository/VLink/Page_CCSale/txt_CardZIP' is present

2021-06-22 02:07:40 - [MESSAGE][PASSED] - Text '21114' is set on object 'Object Repository/VLink/Page_CCSale/txt_CardZIP'

2021-06-22 02:07:40 - [MESSAGE][PASSED] - Object 'Object Repository/VLink/Page_CCSale/txt_CountryID' is present

2021-06-22 02:07:41 - [MESSAGE][PASSED] - Text '' is set on object 'Object Repository/VLink/Page_CCSale/txt_CountryID'

2021-06-22 02:07:41 - [MESSAGE][PASSED] - Object 'Object Repository/VLink/Page_CCSale/txt_Amount' is present

2021-06-22 02:07:42 - [MESSAGE][PASSED] - Text '3.50' is set on object 'Object Repository/VLink/Page_CCSale/txt_Amount'

2021-06-22 02:07:42 - [MESSAGE][PASSED] - Object 'Object Repository/VLink/Page_CCSale/txt_CardNumber' is present

2021-06-22 02:07:43 - [MESSAGE][PASSED] - Text '4111111111111111' is set on object 'Object Repository/VLink/Page_CCSale/txt_CardNumber'

2021-06-22 02:07:43 - [MESSAGE][PASSED] - Object 'Object Repository/VLink/Page_CCSale/txt_ExpMonth' is present

2021-06-22 02:07:44 - [MESSAGE][PASSED] - Text '01' is set on object 'Object Repository/VLink/Page_CCSale/txt_ExpMonth'

2021-06-22 02:07:44 - [MESSAGE][PASSED] - Object 'Object Repository/VLink/Page_CCSale/txt_ExpYear' is present

2021-06-22 02:07:45 - [MESSAGE][PASSED] - Text '2026' is set on object 'Object Repository/VLink/Page_CCSale/txt_ExpYear'

2021-06-22 02:07:45 - [MESSAGE][PASSED] - Object 'Object Repository/VLink/Page_CCSale/txt_CVV' is present

2021-06-22 02:07:46 - [MESSAGE][PASSED] - Text '' is set on object 'Object Repository/VLink/Page_CCSale/txt_CVV'

2021-06-22 02:07:46 - [MESSAGE][PASSED] - Object 'Object Repository/VLink/Page_CCSale/txt_CVVstate' is present

2021-06-22 02:07:47 - [MESSAGE][PASSED] - Text '' is set on object 'Object Repository/VLink/Page_CCSale/txt_CVVstate'

2021-06-22 02:07:47 - [MESSAGE][PASSED] - Object 'Object Repository/VLink/Page_CCSale/txt_TrackData' is present

2021-06-22 02:07:48 - [MESSAGE][PASSED] - Text '' is set on object 'Object Repository/VLink/Page_CCSale/txt_TrackData'

2021-06-22 02:07:48 - [MESSAGE][PASSED] - Object 'Object Repository/VLink/Page_CCSale/txt_Track1Data' is present

2021-06-22 02:07:49 - [MESSAGE][PASSED] - Text '' is set on object 'Object Repository/VLink/Page_CCSale/txt_Track1Data'

2021-06-22 02:07:49 - [MESSAGE][PASSED] - Object 'Object Repository/VLink/Page_CCSale/txt_Track2Data' is present

2021-06-22 02:07:50 - [MESSAGE][PASSED] - Text '' is set on object 'Object Repository/VLink/Page_CCSale/txt_Track2Data'

2021-06-22 02:07:50 - [MESSAGE][PASSED] - Object 'Object Repository/VLink/Page_CCSale/txt_POSEntryMode' is present

2021-06-22 02:07:51 - [MESSAGE][PASSED] - Text 'manual' is set on object 'Object Repository/VLink/Page_CCSale/txt_POSEntryMode'

2021-06-22 02:07:51 - [MESSAGE][PASSED] - Object 'Object Repository/VLink/Page_CCSale/txt_Email' is present

2021-06-22 02:07:52 - [MESSAGE][PASSED] - Text '' is set on object 'Object Repository/VLink/Page_CCSale/txt_Email'

2021-06-22 02:07:52 - [MESSAGE][PASSED] - Object 'Object Repository/VLink/Page_CCSale/txt_OrderNumber' is present

2021-06-22 02:07:53 - [MESSAGE][PASSED] - Text '' is set on object 'Object Repository/VLink/Page_CCSale/txt_OrderNumber'

2021-06-22 02:07:53 - [MESSAGE][PASSED] - Object 'Object Repository/VLink/Page_CCSale/txt_TaxAmount' is present

2021-06-22 02:07:54 - [MESSAGE][PASSED] - Text '' is set on object 'Object Repository/VLink/Page_CCSale/txt_TaxAmount'

2021-06-22 02:07:54 - [MESSAGE][PASSED] - Object 'Object Repository/VLink/Page_CCSale/txt_ChargeDescription' is present

2021-06-22 02:07:55 - [MESSAGE][PASSED] - Text '' is set on object 'Object Repository/VLink/Page_CCSale/txt_ChargeDescription'

2021-06-22 02:07:55 - [MESSAGE][PASSED] - Object 'Object Repository/VLink/Page_CCSale/txt_CAN' is present

2021-06-22 02:07:56 - [MESSAGE][PASSED] - Text '' is set on object 'Object Repository/VLink/Page_CCSale/txt_CAN'

2021-06-22 02:07:56 - [MESSAGE][PASSED] - Object 'Object Repository/VLink/Page_CCSale/txt_BillPaymentIndicator' is present

2021-06-22 02:07:57 - [MESSAGE][PASSED] - Text '' is set on object 'Object Repository/VLink/Page_CCSale/txt_BillPaymentIndicator'

2021-06-22 02:07:57 - [MESSAGE][PASSED] - Object 'Object Repository/VLink/Page_CCSale/txt_UDF1' is present

2021-06-22 02:07:58 - [MESSAGE][PASSED] - Text '' is set on object 'Object Repository/VLink/Page_CCSale/txt_UDF1'

2021-06-22 02:07:58 - [MESSAGE][PASSED] - Object 'Object Repository/VLink/Page_CCSale/txt_UDF2' is present

2021-06-22 02:07:59 - [MESSAGE][PASSED] - Text '' is set on object 'Object Repository/VLink/Page_CCSale/txt_UDF2'

2021-06-22 02:07:59 - [MESSAGE][PASSED] - Object 'Object Repository/VLink/Page_CCSale/txt_UDF3' is present

2021-06-22 02:08:00 - [MESSAGE][PASSED] - Text '' is set on object 'Object Repository/VLink/Page_CCSale/txt_UDF3'

2021-06-22 02:08:00 - [MESSAGE][PASSED] - Object 'Object Repository/VLink/Page_CCSale/txt_UDF4' is present

2021-06-22 02:08:01 - [MESSAGE][PASSED] - Text '' is set on object 'Object Repository/VLink/Page_CCSale/txt_UDF4'

2021-06-22 02:08:01 - [MESSAGE][PASSED] - Object 'Object Repository/VLink/Page_CCSale/txt_UDF5' is present

2021-06-22 02:08:01 - [MESSAGE][PASSED] - Text '' is set on object 'Object Repository/VLink/Page_CCSale/txt_UDF5'

2021-06-22 02:08:02 - [MESSAGE][PASSED] - Object 'Object Repository/VLink/Page_CCSale/txt_UDF6' is present

2021-06-22 02:08:02 - [MESSAGE][PASSED] - Text '' is set on object 'Object Repository/VLink/Page_CCSale/txt_UDF6'

2021-06-22 02:08:03 - [MESSAGE][PASSED] - Object 'Object Repository/VLink/Page_CCSale/txt_UDF7' is present

2021-06-22 02:08:03 - [MESSAGE][PASSED] - Text '' is set on object 'Object Repository/VLink/Page_CCSale/txt_UDF7'

2021-06-22 02:08:04 - [MESSAGE][PASSED] - Object 'Object Repository/VLink/Page_CCSale/txt_UDF8' is present

2021-06-22 02:08:04 - [MESSAGE][PASSED] - Text '' is set on object 'Object Repository/VLink/Page_CCSale/txt_UDF8'

2021-06-22 02:08:05 - [MESSAGE][PASSED] - Object 'Object Repository/VLink/Page_CCSale/txt_UDF9' is present

2021-06-22 02:08:05 - [MESSAGE][PASSED] - Text '' is set on object 'Object Repository/VLink/Page_CCSale/txt_UDF9'

2021-06-22 02:08:06 - [MESSAGE][PASSED] - Object 'Object Repository/VLink/Page_CCSale/txt_UDF10' is present

2021-06-22 02:08:06 - [MESSAGE][PASSED] - Text '' is set on object 'Object Repository/VLink/Page_CCSale/txt_UDF10'

2021-06-22 02:08:07 - [MESSAGE][PASSED] - Object 'Object Repository/VLink/Page_CCSale/txt_CardOnFileIndicator' is present

2021-06-22 02:08:07 - [MESSAGE][PASSED] - Text '1' is set on object 'Object Repository/VLink/Page_CCSale/txt_CardOnFileIndicator'

2021-06-22 02:08:08 - [MESSAGE][PASSED] - Object 'Object Repository/VLink/Page_CCSale/txt_StoredCredentialIndicator' is present

2021-06-22 02:08:08 - [MESSAGE][PASSED] - Text 'Subsequent' is set on object 'Object Repository/VLink/Page_CCSale/txt_StoredCredentialIndicator'

2021-06-22 02:08:09 - [MESSAGE][PASSED] - Object 'Object Repository/VLink/Page_CCSale/txt_COFScheduledIndicator' is present

2021-06-22 02:08:09 - [MESSAGE][PASSED] - Text 'Scheduled' is set on object 'Object Repository/VLink/Page_CCSale/txt_COFScheduledIndicator'

2021-06-22 02:08:10 - [MESSAGE][PASSED] - Object 'Object Repository/VLink/Page_CCSale/txt_COFTransactionInitiatedBy' is present

2021-06-22 02:08:10 - [MESSAGE][PASSED] - Text 'Merchant' is set on object 'Object Repository/VLink/Page_CCSale/txt_COFTransactionInitiatedBy'

2021-06-22 02:08:13 - [MESSAGE][PASSED] - Object: 'Object Repository/VLink/Page_CCSale/btn_ProcessVLinkTransaction' is clicked on

2021-06-22 02:08:18 - [MESSAGE][PASSED] - vlinkPages.saleCCPage.setDataSCC is PASSED

2021-06-22 02:08:18 - [TEST_STEP][PASSED] - if (verifyTextPresent("Transaction approved, no errors", true)): null

2021-06-22 02:08:18 - [MESSAGE][PASSED] - Text 'Transaction approved, no errors' is present on page  using regular expression

2021-06-22 02:08:18 - [TEST_STEP][PASSED] - println("Transaction Approved, no errors text is present on the Confirmation page"): null

2021-06-22 02:08:18 - [TEST_STEP][PASSED] - out.println("Pass Record Number: " + row): null

2021-06-22 02:08:18 - [TEST_STEP][PASSED] - resText = "Pass": null

2021-06-22 02:08:18 - [TEST_STEP][PASSED] - pages.WriteExcel.demoKey(resText, datText, resColumn, datCloumn, fileLoc, nameSheet, row): pages.WriteExcel.demoKey is PASSED

2021-06-22 02:08:18 - [MESSAGE][PASSED] - pages.WriteExcel.demoKey is PASSED

2021-06-22 02:08:18 - [TEST_STEP][PASSED] - sdfo = getText(findTestObject("Object Repository/Page_VLinkReceipt/pre_STX")): Text of object 'Object Repository/Page_VLinkReceipt/pre_STX' is: '<STX>7hLi4uwt5wJJ                  12098409            0  Transaction approved, no errors                   0                                                                                  X OK5605   <ETX>'

2021-06-22 02:08:19 - [MESSAGE][PASSED] - Text of object 'Object Repository/Page_VLinkReceipt/pre_STX' is: '<STX>7hLi4uwt5wJJ                  12098409            0  Transaction approved, no errors                   0                                                                                  X OK5605   <ETX>'

2021-06-22 02:08:19 - [TEST_STEP][PASSED] - out.println("sdfo: " + sdfo): null

2021-06-22 02:08:19 - [TEST_STEP][PASSED] - remID = substring(5, 35).trim(): null

2021-06-22 02:08:19 - [TEST_STEP][PASSED] - out.println("Remittance ID: " + remID): null

2021-06-22 02:08:19 - [TEST_STEP][PASSED] - traxID = substring(35, 55).trim(): null

2021-06-22 02:08:19 - [TEST_STEP][PASSED] - out.println("Transaction ID: " + traxID): null

2021-06-22 02:08:19 - [TEST_STEP][PASSED] - out.println("End Record Number: " + row): null

2021-06-22 02:08:19 - [TEST_STEP][PASSED] - closeBrowser(): Browser is closed

2021-06-22 02:08:20 - [MESSAGE][PASSED] - Browser is closed

2021-06-22 02:08:20 - [TEST_STEP][PASSED] - out.println("Begin Record Number: " + row): null

2021-06-22 02:08:20 - [TEST_STEP][PASSED] - today = new java.util.Date(): null

2021-06-22 02:08:20 - [TEST_STEP][PASSED] - println(today): null

2021-06-22 02:08:20 - [TEST_STEP][PASSED] - datText = today: null

2021-06-22 02:08:20 - [TEST_STEP][PASSED] - openBrowser(VLinkURL + "authcap.html"): Browser is opened with url: 'https://dev-algorithm.govolution.com/vlinktest/QA/version_2_0/authcap.html'

2021-06-22 02:08:20 - [MESSAGE][INFO] - Starting 'Chrome' driver

2021-06-22 02:08:20 - [MESSAGE][INFO] - User set preference: ['acceptInsecureCerts', 'true']

2021-06-22 02:08:20 - [MESSAGE][INFO] - Action delay is set to 0 milliseconds

2021-06-22 02:08:21 - [MESSAGE][PASSED] - Browser is opened with url: 'https://dev-algorithm.govolution.com/vlinktest/QA/version_2_0/authcap.html'

2021-06-22 02:08:21 - [TEST_STEP][PASSED] - maximizeWindow(): Current window maximized

2021-06-22 02:08:21 - [MESSAGE][PASSED] - Current window maximized

2021-06-22 02:08:21 - [TEST_STEP][PASSED] - vlinkPages.saleCCPage.setDataSCC(row, dataFile): vlinkPages.saleCCPage.setDataSCC is PASSED

2021-06-22 02:08:23 - [MESSAGE][PASSED] - Object 'Object Repository/VLink/Page_CCSale/txt_CardNumber' is present

2021-06-22 02:08:24 - [MESSAGE][PASSED] - Object 'Object Repository/VLink/Page_CCSale/txt_TransactionType' is present

2021-06-22 02:08:24 - [MESSAGE][PASSED] - Text '104' is set on object 'Object Repository/VLink/Page_CCSale/txt_TransactionType'

2021-06-22 02:08:25 - [MESSAGE][PASSED] - Object 'Object Repository/VLink/Page_CCSale/txt_MessageVersion' is present

2021-06-22 02:08:25 - [MESSAGE][PASSED] - Text '2.0C' is set on object 'Object Repository/VLink/Page_CCSale/txt_MessageVersion'

2021-06-22 02:08:26 - [MESSAGE][PASSED] - Object 'Object Repository/VLink/Page_CCSale/txt_RemID' is present

2021-06-22 02:08:26 - [MESSAGE][PASSED] - Text 'okAqhN8mYg3r' is set on object 'Object Repository/VLink/Page_CCSale/txt_RemID'

2021-06-22 02:08:27 - [MESSAGE][PASSED] - Object 'Object Repository/VLink/Page_CCSale/txt_ApplicationId' is present

2021-06-22 02:08:27 - [MESSAGE][PASSED] - Text '665' is set on object 'Object Repository/VLink/Page_CCSale/txt_ApplicationId'

2021-06-22 02:08:27 - [MESSAGE][PASSED] - Object 'Object Repository/VLink/Page_CCSale/txt_Username' is present

2021-06-22 02:08:28 - [MESSAGE][PASSED] - Text 'username' is set on object 'Object Repository/VLink/Page_CCSale/txt_Username'

2021-06-22 02:08:28 - [MESSAGE][PASSED] - Object 'Object Repository/VLink/Page_CCSale/txt_Password' is present

2021-06-22 02:08:29 - [MESSAGE][PASSED] - Text 'password' is set on object 'Object Repository/VLink/Page_CCSale/txt_Password'

2021-06-22 02:08:29 - [MESSAGE][PASSED] - Object 'Object Repository/VLink/Page_CCSale/txt_ResponseFormat' is present

2021-06-22 02:08:30 - [MESSAGE][PASSED] - Text 'fixed_width' is set on object 'Object Repository/VLink/Page_CCSale/txt_ResponseFormat'

2021-06-22 02:08:30 - [MESSAGE][PASSED] - Object 'Object Repository/VLink/Page_CCSale/txt_Category' is present

2021-06-22 02:08:31 - [MESSAGE][PASSED] - Text 'RETL' is set on object 'Object Repository/VLink/Page_CCSale/txt_Category'

2021-06-22 02:08:31 - [MESSAGE][PASSED] - Object 'Object Repository/VLink/Page_CCSale/txt_TransactionID' is present

2021-06-22 02:08:32 - [MESSAGE][PASSED] - Text '' is set on object 'Object Repository/VLink/Page_CCSale/txt_TransactionID'

2021-06-22 02:08:32 - [MESSAGE][PASSED] - Object 'Object Repository/VLink/Page_CCSale/txt_ApprovalCode' is present

2021-06-22 02:08:33 - [MESSAGE][PASSED] - Text '' is set on object 'Object Repository/VLink/Page_CCSale/txt_ApprovalCode'

2021-06-22 02:08:33 - [MESSAGE][PASSED] - Object 'Object Repository/VLink/Page_CCSale/txt_CardName' is present

2021-06-22 02:08:34 - [MESSAGE][PASSED] - Text 'Kris Roshan' is set on object 'Object Repository/VLink/Page_CCSale/txt_CardName'

2021-06-22 02:08:34 - [MESSAGE][PASSED] - Object 'Object Repository/VLink/Page_CCSale/txt_AL1' is present

2021-06-22 02:08:35 - [MESSAGE][PASSED] - Text '258 Elm Road' is set on object 'Object Repository/VLink/Page_CCSale/txt_AL1'

2021-06-22 02:08:35 - [MESSAGE][PASSED] - Object 'Object Repository/VLink/Page_CCSale/txt_AL2' is present

2021-06-22 02:08:36 - [MESSAGE][PASSED] - Text 'Suite 56' is set on object 'Object Repository/VLink/Page_CCSale/txt_AL2'

2021-06-22 02:08:36 - [MESSAGE][PASSED] - Object 'Object Repository/VLink/Page_CCSale/txt_CardCity' is present

2021-06-22 02:08:37 - [MESSAGE][PASSED] - Text 'Arlington' is set on object 'Object Repository/VLink/Page_CCSale/txt_CardCity'

2021-06-22 02:08:37 - [MESSAGE][PASSED] - Object 'Object Repository/VLink/Page_CCSale/txt_CardState' is present

2021-06-22 02:08:38 - [MESSAGE][PASSED] - Text 'VA' is set on object 'Object Repository/VLink/Page_CCSale/txt_CardState'

2021-06-22 02:08:38 - [MESSAGE][PASSED] - Object 'Object Repository/VLink/Page_CCSale/txt_CardZIP' is present

2021-06-22 02:08:39 - [MESSAGE][PASSED] - Text '22201' is set on object 'Object Repository/VLink/Page_CCSale/txt_CardZIP'

2021-06-22 02:08:39 - [MESSAGE][PASSED] - Object 'Object Repository/VLink/Page_CCSale/txt_CountryID' is present

2021-06-22 02:08:40 - [MESSAGE][PASSED] - Text '840' is set on object 'Object Repository/VLink/Page_CCSale/txt_CountryID'

2021-06-22 02:08:40 - [MESSAGE][PASSED] - Object 'Object Repository/VLink/Page_CCSale/txt_Amount' is present

2021-06-22 02:08:41 - [MESSAGE][PASSED] - Text '1.50' is set on object 'Object Repository/VLink/Page_CCSale/txt_Amount'

2021-06-22 02:08:41 - [MESSAGE][PASSED] - Object 'Object Repository/VLink/Page_CCSale/txt_CardNumber' is present

2021-06-22 02:08:42 - [MESSAGE][PASSED] - Text '5424000000000015' is set on object 'Object Repository/VLink/Page_CCSale/txt_CardNumber'

2021-06-22 02:08:42 - [MESSAGE][PASSED] - Object 'Object Repository/VLink/Page_CCSale/txt_ExpMonth' is present

2021-06-22 02:08:43 - [MESSAGE][PASSED] - Text '12' is set on object 'Object Repository/VLink/Page_CCSale/txt_ExpMonth'

2021-06-22 02:08:43 - [MESSAGE][PASSED] - Object 'Object Repository/VLink/Page_CCSale/txt_ExpYear' is present

2021-06-22 02:08:44 - [MESSAGE][PASSED] - Text '2025' is set on object 'Object Repository/VLink/Page_CCSale/txt_ExpYear'

2021-06-22 02:08:44 - [MESSAGE][PASSED] - Object 'Object Repository/VLink/Page_CCSale/txt_CVV' is present

2021-06-22 02:08:45 - [MESSAGE][PASSED] - Text '' is set on object 'Object Repository/VLink/Page_CCSale/txt_CVV'

2021-06-22 02:08:45 - [MESSAGE][PASSED] - Object 'Object Repository/VLink/Page_CCSale/txt_CVVstate' is present

2021-06-22 02:08:46 - [MESSAGE][PASSED] - Text '' is set on object 'Object Repository/VLink/Page_CCSale/txt_CVVstate'

2021-06-22 02:08:46 - [MESSAGE][PASSED] - Object 'Object Repository/VLink/Page_CCSale/txt_TrackData' is present

2021-06-22 02:08:47 - [MESSAGE][PASSED] - Text '' is set on object 'Object Repository/VLink/Page_CCSale/txt_TrackData'

2021-06-22 02:08:47 - [MESSAGE][PASSED] - Object 'Object Repository/VLink/Page_CCSale/txt_Track1Data' is present

2021-06-22 02:08:48 - [MESSAGE][PASSED] - Text '' is set on object 'Object Repository/VLink/Page_CCSale/txt_Track1Data'

2021-06-22 02:08:48 - [MESSAGE][PASSED] - Object 'Object Repository/VLink/Page_CCSale/txt_Track2Data' is present

2021-06-22 02:08:49 - [MESSAGE][PASSED] - Text '' is set on object 'Object Repository/VLink/Page_CCSale/txt_Track2Data'

2021-06-22 02:08:49 - [MESSAGE][PASSED] - Object 'Object Repository/VLink/Page_CCSale/txt_POSEntryMode' is present

2021-06-22 02:08:50 - [MESSAGE][PASSED] - Text 'manual' is set on object 'Object Repository/VLink/Page_CCSale/txt_POSEntryMode'

2021-06-22 02:08:50 - [MESSAGE][PASSED] - Object 'Object Repository/VLink/Page_CCSale/txt_Email' is present

2021-06-22 02:08:51 - [MESSAGE][PASSED] - Text 'iahmed@govolution.com' is set on object 'Object Repository/VLink/Page_CCSale/txt_Email'

2021-06-22 02:08:51 - [MESSAGE][PASSED] - Object 'Object Repository/VLink/Page_CCSale/txt_OrderNumber' is present

2021-06-22 02:08:52 - [MESSAGE][PASSED] - Text '2569362' is set on object 'Object Repository/VLink/Page_CCSale/txt_OrderNumber'

2021-06-22 02:08:52 - [MESSAGE][PASSED] - Object 'Object Repository/VLink/Page_CCSale/txt_TaxAmount' is present

2021-06-22 02:08:53 - [MESSAGE][PASSED] - Text '1.15' is set on object 'Object Repository/VLink/Page_CCSale/txt_TaxAmount'

2021-06-22 02:08:53 - [MESSAGE][PASSED] - Object 'Object Repository/VLink/Page_CCSale/txt_ChargeDescription' is present

2021-06-22 02:08:54 - [MESSAGE][PASSED] - Text 'Charge Description' is set on object 'Object Repository/VLink/Page_CCSale/txt_ChargeDescription'

2021-06-22 02:08:54 - [MESSAGE][PASSED] - Object 'Object Repository/VLink/Page_CCSale/txt_CAN' is present

2021-06-22 02:08:55 - [MESSAGE][PASSED] - Text '147357' is set on object 'Object Repository/VLink/Page_CCSale/txt_CAN'

2021-06-22 02:08:55 - [MESSAGE][PASSED] - Object 'Object Repository/VLink/Page_CCSale/txt_BillPaymentIndicator' is present

2021-06-22 02:08:56 - [MESSAGE][PASSED] - Text '1' is set on object 'Object Repository/VLink/Page_CCSale/txt_BillPaymentIndicator'

2021-06-22 02:08:56 - [MESSAGE][PASSED] - Object 'Object Repository/VLink/Page_CCSale/txt_UDF1' is present

2021-06-22 02:08:57 - [MESSAGE][PASSED] - Text 'UDF Data 1' is set on object 'Object Repository/VLink/Page_CCSale/txt_UDF1'

2021-06-22 02:08:57 - [MESSAGE][PASSED] - Object 'Object Repository/VLink/Page_CCSale/txt_UDF2' is present

2021-06-22 02:08:58 - [MESSAGE][PASSED] - Text 'UDF Data 2' is set on object 'Object Repository/VLink/Page_CCSale/txt_UDF2'

2021-06-22 02:08:58 - [MESSAGE][PASSED] - Object 'Object Repository/VLink/Page_CCSale/txt_UDF3' is present

2021-06-22 02:08:59 - [MESSAGE][PASSED] - Text 'UDF Data 3' is set on object 'Object Repository/VLink/Page_CCSale/txt_UDF3'

2021-06-22 02:08:59 - [MESSAGE][PASSED] - Object 'Object Repository/VLink/Page_CCSale/txt_UDF4' is present

2021-06-22 02:09:00 - [MESSAGE][PASSED] - Text 'UDF Data 4' is set on object 'Object Repository/VLink/Page_CCSale/txt_UDF4'

2021-06-22 02:09:00 - [MESSAGE][PASSED] - Object 'Object Repository/VLink/Page_CCSale/txt_UDF5' is present

2021-06-22 02:09:01 - [MESSAGE][PASSED] - Text 'UDF Data 5' is set on object 'Object Repository/VLink/Page_CCSale/txt_UDF5'

2021-06-22 02:09:01 - [MESSAGE][PASSED] - Object 'Object Repository/VLink/Page_CCSale/txt_UDF6' is present

2021-06-22 02:09:02 - [MESSAGE][PASSED] - Text 'UDF Data 6' is set on object 'Object Repository/VLink/Page_CCSale/txt_UDF6'

2021-06-22 02:09:02 - [MESSAGE][PASSED] - Object 'Object Repository/VLink/Page_CCSale/txt_UDF7' is present

2021-06-22 02:09:03 - [MESSAGE][PASSED] - Text 'UDF Data 7' is set on object 'Object Repository/VLink/Page_CCSale/txt_UDF7'

2021-06-22 02:09:03 - [MESSAGE][PASSED] - Object 'Object Repository/VLink/Page_CCSale/txt_UDF8' is present

2021-06-22 02:09:04 - [MESSAGE][PASSED] - Text 'UDF Data 8' is set on object 'Object Repository/VLink/Page_CCSale/txt_UDF8'

2021-06-22 02:09:04 - [MESSAGE][PASSED] - Object 'Object Repository/VLink/Page_CCSale/txt_UDF9' is present

2021-06-22 02:09:05 - [MESSAGE][PASSED] - Text 'UDF Data 9' is set on object 'Object Repository/VLink/Page_CCSale/txt_UDF9'

2021-06-22 02:09:05 - [MESSAGE][PASSED] - Object 'Object Repository/VLink/Page_CCSale/txt_UDF10' is present

2021-06-22 02:09:06 - [MESSAGE][PASSED] - Text 'UDF Data 10' is set on object 'Object Repository/VLink/Page_CCSale/txt_UDF10'

2021-06-22 02:09:06 - [MESSAGE][PASSED] - Object 'Object Repository/VLink/Page_CCSale/txt_CardOnFileIndicator' is present

2021-06-22 02:09:07 - [MESSAGE][PASSED] - Text '1' is set on object 'Object Repository/VLink/Page_CCSale/txt_CardOnFileIndicator'

2021-06-22 02:09:07 - [MESSAGE][PASSED] - Object 'Object Repository/VLink/Page_CCSale/txt_StoredCredentialIndicator' is present

2021-06-22 02:09:08 - [MESSAGE][PASSED] - Text 'Subsequent' is set on object 'Object Repository/VLink/Page_CCSale/txt_StoredCredentialIndicator'

2021-06-22 02:09:08 - [MESSAGE][PASSED] - Object 'Object Repository/VLink/Page_CCSale/txt_COFScheduledIndicator' is present

2021-06-22 02:09:09 - [MESSAGE][PASSED] - Text 'Scheduled' is set on object 'Object Repository/VLink/Page_CCSale/txt_COFScheduledIndicator'

2021-06-22 02:09:09 - [MESSAGE][PASSED] - Object 'Object Repository/VLink/Page_CCSale/txt_COFTransactionInitiatedBy' is present

2021-06-22 02:09:10 - [MESSAGE][PASSED] - Text 'Merchant' is set on object 'Object Repository/VLink/Page_CCSale/txt_COFTransactionInitiatedBy'

2021-06-22 02:09:12 - [MESSAGE][PASSED] - Object: 'Object Repository/VLink/Page_CCSale/btn_ProcessVLinkTransaction' is clicked on

2021-06-22 02:09:17 - [MESSAGE][PASSED] - vlinkPages.saleCCPage.setDataSCC is PASSED

2021-06-22 02:09:17 - [TEST_STEP][PASSED] - if (verifyTextPresent("Transaction approved, no errors", true)): null

2021-06-22 02:09:18 - [MESSAGE][PASSED] - Text 'Transaction approved, no errors' is present on page  using regular expression

2021-06-22 02:09:18 - [TEST_STEP][PASSED] - println("Transaction Approved, no errors text is present on the Confirmation page"): null

2021-06-22 02:09:18 - [TEST_STEP][PASSED] - out.println("Pass Record Number: " + row): null

2021-06-22 02:09:18 - [TEST_STEP][PASSED] - resText = "Pass": null

2021-06-22 02:09:18 - [TEST_STEP][PASSED] - pages.WriteExcel.demoKey(resText, datText, resColumn, datCloumn, fileLoc, nameSheet, row): pages.WriteExcel.demoKey is PASSED

2021-06-22 02:09:18 - [MESSAGE][PASSED] - pages.WriteExcel.demoKey is PASSED

2021-06-22 02:09:18 - [TEST_STEP][PASSED] - sdfo = getText(findTestObject("Object Repository/Page_VLinkReceipt/pre_STX")): Text of object 'Object Repository/Page_VLinkReceipt/pre_STX' is: '<STX>okAqhN8mYg3r                  12098410            0  Transaction approved, no errors                   0                                                                                  X OK5715   <ETX>'

2021-06-22 02:09:18 - [MESSAGE][PASSED] - Text of object 'Object Repository/Page_VLinkReceipt/pre_STX' is: '<STX>okAqhN8mYg3r                  12098410            0  Transaction approved, no errors                   0                                                                                  X OK5715   <ETX>'

2021-06-22 02:09:18 - [TEST_STEP][PASSED] - out.println("sdfo: " + sdfo): null

2021-06-22 02:09:18 - [TEST_STEP][PASSED] - remID = substring(5, 35).trim(): null

2021-06-22 02:09:18 - [TEST_STEP][PASSED] - out.println("Remittance ID: " + remID): null

2021-06-22 02:09:18 - [TEST_STEP][PASSED] - traxID = substring(35, 55).trim(): null

2021-06-22 02:09:18 - [TEST_STEP][PASSED] - out.println("Transaction ID: " + traxID): null

2021-06-22 02:09:18 - [TEST_STEP][PASSED] - out.println("End Record Number: " + row): null

2021-06-22 02:09:18 - [TEST_STEP][PASSED] - closeBrowser(): Browser is closed

2021-06-22 02:09:19 - [MESSAGE][PASSED] - Browser is closed

2021-06-22 02:09:19 - [TEST_STEP][PASSED] - out.println("Begin Record Number: " + row): null

2021-06-22 02:09:19 - [TEST_STEP][PASSED] - today = new java.util.Date(): null

2021-06-22 02:09:19 - [TEST_STEP][PASSED] - println(today): null

2021-06-22 02:09:19 - [TEST_STEP][PASSED] - datText = today: null

2021-06-22 02:09:19 - [TEST_STEP][PASSED] - openBrowser(VLinkURL + "authcap.html"): Browser is opened with url: 'https://dev-algorithm.govolution.com/vlinktest/QA/version_2_0/authcap.html'

2021-06-22 02:09:19 - [MESSAGE][INFO] - Starting 'Chrome' driver

2021-06-22 02:09:19 - [MESSAGE][INFO] - User set preference: ['acceptInsecureCerts', 'true']

2021-06-22 02:09:19 - [MESSAGE][INFO] - Action delay is set to 0 milliseconds

2021-06-22 02:09:20 - [MESSAGE][PASSED] - Browser is opened with url: 'https://dev-algorithm.govolution.com/vlinktest/QA/version_2_0/authcap.html'

2021-06-22 02:09:20 - [TEST_STEP][PASSED] - maximizeWindow(): Current window maximized

2021-06-22 02:09:21 - [MESSAGE][PASSED] - Current window maximized

2021-06-22 02:09:21 - [TEST_STEP][PASSED] - vlinkPages.saleCCPage.setDataSCC(row, dataFile): vlinkPages.saleCCPage.setDataSCC is PASSED

2021-06-22 02:09:23 - [MESSAGE][PASSED] - Object 'Object Repository/VLink/Page_CCSale/txt_CardNumber' is present

2021-06-22 02:09:23 - [MESSAGE][PASSED] - Object 'Object Repository/VLink/Page_CCSale/txt_TransactionType' is present

2021-06-22 02:09:24 - [MESSAGE][PASSED] - Text '104' is set on object 'Object Repository/VLink/Page_CCSale/txt_TransactionType'

2021-06-22 02:09:24 - [MESSAGE][PASSED] - Object 'Object Repository/VLink/Page_CCSale/txt_MessageVersion' is present

2021-06-22 02:09:24 - [MESSAGE][PASSED] - Text '2.0C' is set on object 'Object Repository/VLink/Page_CCSale/txt_MessageVersion'

2021-06-22 02:09:25 - [MESSAGE][PASSED] - Object 'Object Repository/VLink/Page_CCSale/txt_RemID' is present

2021-06-22 02:09:25 - [MESSAGE][PASSED] - Text 'pD6VHFoe8DYz' is set on object 'Object Repository/VLink/Page_CCSale/txt_RemID'

2021-06-22 02:09:26 - [MESSAGE][PASSED] - Object 'Object Repository/VLink/Page_CCSale/txt_ApplicationId' is present

2021-06-22 02:09:26 - [MESSAGE][PASSED] - Text '665' is set on object 'Object Repository/VLink/Page_CCSale/txt_ApplicationId'

2021-06-22 02:09:26 - [MESSAGE][PASSED] - Object 'Object Repository/VLink/Page_CCSale/txt_Username' is present

2021-06-22 02:09:27 - [MESSAGE][PASSED] - Text 'username' is set on object 'Object Repository/VLink/Page_CCSale/txt_Username'

2021-06-22 02:09:27 - [MESSAGE][PASSED] - Object 'Object Repository/VLink/Page_CCSale/txt_Password' is present

2021-06-22 02:09:28 - [MESSAGE][PASSED] - Text 'password' is set on object 'Object Repository/VLink/Page_CCSale/txt_Password'

2021-06-22 02:09:28 - [MESSAGE][PASSED] - Object 'Object Repository/VLink/Page_CCSale/txt_ResponseFormat' is present

2021-06-22 02:09:29 - [MESSAGE][PASSED] - Text 'fixed_width' is set on object 'Object Repository/VLink/Page_CCSale/txt_ResponseFormat'

2021-06-22 02:09:29 - [MESSAGE][PASSED] - Object 'Object Repository/VLink/Page_CCSale/txt_Category' is present

2021-06-22 02:09:30 - [MESSAGE][PASSED] - Text 'RETL' is set on object 'Object Repository/VLink/Page_CCSale/txt_Category'

2021-06-22 02:09:30 - [MESSAGE][PASSED] - Object 'Object Repository/VLink/Page_CCSale/txt_TransactionID' is present

2021-06-22 02:09:31 - [MESSAGE][PASSED] - Text '' is set on object 'Object Repository/VLink/Page_CCSale/txt_TransactionID'

2021-06-22 02:09:31 - [MESSAGE][PASSED] - Object 'Object Repository/VLink/Page_CCSale/txt_ApprovalCode' is present

2021-06-22 02:09:32 - [MESSAGE][PASSED] - Text '' is set on object 'Object Repository/VLink/Page_CCSale/txt_ApprovalCode'

2021-06-22 02:09:32 - [MESSAGE][PASSED] - Object 'Object Repository/VLink/Page_CCSale/txt_CardName' is present

2021-06-22 02:09:33 - [MESSAGE][PASSED] - Text 'Roshan Maha' is set on object 'Object Repository/VLink/Page_CCSale/txt_CardName'

2021-06-22 02:09:33 - [MESSAGE][PASSED] - Object 'Object Repository/VLink/Page_CCSale/txt_AL1' is present

2021-06-22 02:09:34 - [MESSAGE][PASSED] - Text '12563 Bazaar road' is set on object 'Object Repository/VLink/Page_CCSale/txt_AL1'

2021-06-22 02:09:34 - [MESSAGE][PASSED] - Object 'Object Repository/VLink/Page_CCSale/txt_AL2' is present

2021-06-22 02:09:35 - [MESSAGE][PASSED] - Text '' is set on object 'Object Repository/VLink/Page_CCSale/txt_AL2'

2021-06-22 02:09:35 - [MESSAGE][PASSED] - Object 'Object Repository/VLink/Page_CCSale/txt_CardCity' is present

2021-06-22 02:09:36 - [MESSAGE][PASSED] - Text 'Crofton' is set on object 'Object Repository/VLink/Page_CCSale/txt_CardCity'

2021-06-22 02:09:36 - [MESSAGE][PASSED] - Object 'Object Repository/VLink/Page_CCSale/txt_CardState' is present

2021-06-22 02:09:37 - [MESSAGE][PASSED] - Text 'MD' is set on object 'Object Repository/VLink/Page_CCSale/txt_CardState'

2021-06-22 02:09:37 - [MESSAGE][PASSED] - Object 'Object Repository/VLink/Page_CCSale/txt_CardZIP' is present

2021-06-22 02:09:38 - [MESSAGE][PASSED] - Text '21114' is set on object 'Object Repository/VLink/Page_CCSale/txt_CardZIP'

2021-06-22 02:09:38 - [MESSAGE][PASSED] - Object 'Object Repository/VLink/Page_CCSale/txt_CountryID' is present

2021-06-22 02:09:39 - [MESSAGE][PASSED] - Text '' is set on object 'Object Repository/VLink/Page_CCSale/txt_CountryID'

2021-06-22 02:09:39 - [MESSAGE][PASSED] - Object 'Object Repository/VLink/Page_CCSale/txt_Amount' is present

2021-06-22 02:09:40 - [MESSAGE][PASSED] - Text '3.50' is set on object 'Object Repository/VLink/Page_CCSale/txt_Amount'

2021-06-22 02:09:40 - [MESSAGE][PASSED] - Object 'Object Repository/VLink/Page_CCSale/txt_CardNumber' is present

2021-06-22 02:09:41 - [MESSAGE][PASSED] - Text '370000000000002' is set on object 'Object Repository/VLink/Page_CCSale/txt_CardNumber'

2021-06-22 02:09:41 - [MESSAGE][PASSED] - Object 'Object Repository/VLink/Page_CCSale/txt_ExpMonth' is present

2021-06-22 02:09:42 - [MESSAGE][PASSED] - Text '01' is set on object 'Object Repository/VLink/Page_CCSale/txt_ExpMonth'

2021-06-22 02:09:42 - [MESSAGE][PASSED] - Object 'Object Repository/VLink/Page_CCSale/txt_ExpYear' is present

2021-06-22 02:09:43 - [MESSAGE][PASSED] - Text '2026' is set on object 'Object Repository/VLink/Page_CCSale/txt_ExpYear'

2021-06-22 02:09:43 - [MESSAGE][PASSED] - Object 'Object Repository/VLink/Page_CCSale/txt_CVV' is present

2021-06-22 02:09:44 - [MESSAGE][PASSED] - Text '' is set on object 'Object Repository/VLink/Page_CCSale/txt_CVV'

2021-06-22 02:09:44 - [MESSAGE][PASSED] - Object 'Object Repository/VLink/Page_CCSale/txt_CVVstate' is present

2021-06-22 02:09:45 - [MESSAGE][PASSED] - Text '' is set on object 'Object Repository/VLink/Page_CCSale/txt_CVVstate'

2021-06-22 02:09:45 - [MESSAGE][PASSED] - Object 'Object Repository/VLink/Page_CCSale/txt_TrackData' is present

2021-06-22 02:09:46 - [MESSAGE][PASSED] - Text '' is set on object 'Object Repository/VLink/Page_CCSale/txt_TrackData'

2021-06-22 02:09:46 - [MESSAGE][PASSED] - Object 'Object Repository/VLink/Page_CCSale/txt_Track1Data' is present

2021-06-22 02:09:47 - [MESSAGE][PASSED] - Text '' is set on object 'Object Repository/VLink/Page_CCSale/txt_Track1Data'

2021-06-22 02:09:47 - [MESSAGE][PASSED] - Object 'Object Repository/VLink/Page_CCSale/txt_Track2Data' is present

2021-06-22 02:09:48 - [MESSAGE][PASSED] - Text '' is set on object 'Object Repository/VLink/Page_CCSale/txt_Track2Data'

2021-06-22 02:09:48 - [MESSAGE][PASSED] - Object 'Object Repository/VLink/Page_CCSale/txt_POSEntryMode' is present

2021-06-22 02:09:49 - [MESSAGE][PASSED] - Text 'manual' is set on object 'Object Repository/VLink/Page_CCSale/txt_POSEntryMode'

2021-06-22 02:09:49 - [MESSAGE][PASSED] - Object 'Object Repository/VLink/Page_CCSale/txt_Email' is present

2021-06-22 02:09:50 - [MESSAGE][PASSED] - Text '' is set on object 'Object Repository/VLink/Page_CCSale/txt_Email'

2021-06-22 02:09:50 - [MESSAGE][PASSED] - Object 'Object Repository/VLink/Page_CCSale/txt_OrderNumber' is present

2021-06-22 02:09:51 - [MESSAGE][PASSED] - Text '' is set on object 'Object Repository/VLink/Page_CCSale/txt_OrderNumber'

2021-06-22 02:09:51 - [MESSAGE][PASSED] - Object 'Object Repository/VLink/Page_CCSale/txt_TaxAmount' is present

2021-06-22 02:09:52 - [MESSAGE][PASSED] - Text '' is set on object 'Object Repository/VLink/Page_CCSale/txt_TaxAmount'

2021-06-22 02:09:52 - [MESSAGE][PASSED] - Object 'Object Repository/VLink/Page_CCSale/txt_ChargeDescription' is present

2021-06-22 02:09:53 - [MESSAGE][PASSED] - Text '' is set on object 'Object Repository/VLink/Page_CCSale/txt_ChargeDescription'

2021-06-22 02:09:53 - [MESSAGE][PASSED] - Object 'Object Repository/VLink/Page_CCSale/txt_CAN' is present

2021-06-22 02:09:54 - [MESSAGE][PASSED] - Text '' is set on object 'Object Repository/VLink/Page_CCSale/txt_CAN'

2021-06-22 02:09:54 - [MESSAGE][PASSED] - Object 'Object Repository/VLink/Page_CCSale/txt_BillPaymentIndicator' is present

2021-06-22 02:09:55 - [MESSAGE][PASSED] - Text '' is set on object 'Object Repository/VLink/Page_CCSale/txt_BillPaymentIndicator'

2021-06-22 02:09:55 - [MESSAGE][PASSED] - Object 'Object Repository/VLink/Page_CCSale/txt_UDF1' is present

2021-06-22 02:09:56 - [MESSAGE][PASSED] - Text '' is set on object 'Object Repository/VLink/Page_CCSale/txt_UDF1'

2021-06-22 02:09:56 - [MESSAGE][PASSED] - Object 'Object Repository/VLink/Page_CCSale/txt_UDF2' is present

2021-06-22 02:09:57 - [MESSAGE][PASSED] - Text '' is set on object 'Object Repository/VLink/Page_CCSale/txt_UDF2'

2021-06-22 02:09:57 - [MESSAGE][PASSED] - Object 'Object Repository/VLink/Page_CCSale/txt_UDF3' is present

2021-06-22 02:09:58 - [MESSAGE][PASSED] - Text '' is set on object 'Object Repository/VLink/Page_CCSale/txt_UDF3'

2021-06-22 02:09:58 - [MESSAGE][PASSED] - Object 'Object Repository/VLink/Page_CCSale/txt_UDF4' is present

2021-06-22 02:09:59 - [MESSAGE][PASSED] - Text '' is set on object 'Object Repository/VLink/Page_CCSale/txt_UDF4'

2021-06-22 02:09:59 - [MESSAGE][PASSED] - Object 'Object Repository/VLink/Page_CCSale/txt_UDF5' is present

2021-06-22 02:10:00 - [MESSAGE][PASSED] - Text '' is set on object 'Object Repository/VLink/Page_CCSale/txt_UDF5'

2021-06-22 02:10:00 - [MESSAGE][PASSED] - Object 'Object Repository/VLink/Page_CCSale/txt_UDF6' is present

2021-06-22 02:10:01 - [MESSAGE][PASSED] - Text '' is set on object 'Object Repository/VLink/Page_CCSale/txt_UDF6'

2021-06-22 02:10:01 - [MESSAGE][PASSED] - Object 'Object Repository/VLink/Page_CCSale/txt_UDF7' is present

2021-06-22 02:10:02 - [MESSAGE][PASSED] - Text '' is set on object 'Object Repository/VLink/Page_CCSale/txt_UDF7'

2021-06-22 02:10:02 - [MESSAGE][PASSED] - Object 'Object Repository/VLink/Page_CCSale/txt_UDF8' is present

2021-06-22 02:10:03 - [MESSAGE][PASSED] - Text '' is set on object 'Object Repository/VLink/Page_CCSale/txt_UDF8'

2021-06-22 02:10:03 - [MESSAGE][PASSED] - Object 'Object Repository/VLink/Page_CCSale/txt_UDF9' is present

2021-06-22 02:10:04 - [MESSAGE][PASSED] - Text '' is set on object 'Object Repository/VLink/Page_CCSale/txt_UDF9'

2021-06-22 02:10:04 - [MESSAGE][PASSED] - Object 'Object Repository/VLink/Page_CCSale/txt_UDF10' is present

2021-06-22 02:10:05 - [MESSAGE][PASSED] - Text '' is set on object 'Object Repository/VLink/Page_CCSale/txt_UDF10'

2021-06-22 02:10:05 - [MESSAGE][PASSED] - Object 'Object Repository/VLink/Page_CCSale/txt_CardOnFileIndicator' is present

2021-06-22 02:10:06 - [MESSAGE][PASSED] - Text '1' is set on object 'Object Repository/VLink/Page_CCSale/txt_CardOnFileIndicator'

2021-06-22 02:10:06 - [MESSAGE][PASSED] - Object 'Object Repository/VLink/Page_CCSale/txt_StoredCredentialIndicator' is present

2021-06-22 02:10:07 - [MESSAGE][PASSED] - Text 'Subsequent' is set on object 'Object Repository/VLink/Page_CCSale/txt_StoredCredentialIndicator'

2021-06-22 02:10:07 - [MESSAGE][PASSED] - Object 'Object Repository/VLink/Page_CCSale/txt_COFScheduledIndicator' is present

2021-06-22 02:10:08 - [MESSAGE][PASSED] - Text 'Scheduled' is set on object 'Object Repository/VLink/Page_CCSale/txt_COFScheduledIndicator'

2021-06-22 02:10:08 - [MESSAGE][PASSED] - Object 'Object Repository/VLink/Page_CCSale/txt_COFTransactionInitiatedBy' is present

2021-06-22 02:10:09 - [MESSAGE][PASSED] - Text 'Merchant' is set on object 'Object Repository/VLink/Page_CCSale/txt_COFTransactionInitiatedBy'

2021-06-22 02:10:11 - [MESSAGE][PASSED] - Object: 'Object Repository/VLink/Page_CCSale/btn_ProcessVLinkTransaction' is clicked on

2021-06-22 02:10:16 - [MESSAGE][PASSED] - vlinkPages.saleCCPage.setDataSCC is PASSED

2021-06-22 02:10:16 - [TEST_STEP][PASSED] - if (verifyTextPresent("Transaction approved, no errors", true)): null

2021-06-22 02:10:17 - [MESSAGE][PASSED] - Text 'Transaction approved, no errors' is present on page  using regular expression

2021-06-22 02:10:17 - [TEST_STEP][PASSED] - println("Transaction Approved, no errors text is present on the Confirmation page"): null

2021-06-22 02:10:17 - [TEST_STEP][PASSED] - out.println("Pass Record Number: " + row): null

2021-06-22 02:10:17 - [TEST_STEP][PASSED] - resText = "Pass": null

2021-06-22 02:10:17 - [TEST_STEP][PASSED] - pages.WriteExcel.demoKey(resText, datText, resColumn, datCloumn, fileLoc, nameSheet, row): pages.WriteExcel.demoKey is PASSED

2021-06-22 02:10:17 - [MESSAGE][PASSED] - pages.WriteExcel.demoKey is PASSED

2021-06-22 02:10:17 - [TEST_STEP][PASSED] - sdfo = getText(findTestObject("Object Repository/Page_VLinkReceipt/pre_STX")): Text of object 'Object Repository/Page_VLinkReceipt/pre_STX' is: '<STX>pD6VHFoe8DYz                  12098411            0  Transaction approved, no errors                   0                                                                                  X OK5905   <ETX>'

2021-06-22 02:10:17 - [MESSAGE][PASSED] - Text of object 'Object Repository/Page_VLinkReceipt/pre_STX' is: '<STX>pD6VHFoe8DYz                  12098411            0  Transaction approved, no errors                   0                                                                                  X OK5905   <ETX>'

2021-06-22 02:10:17 - [TEST_STEP][PASSED] - out.println("sdfo: " + sdfo): null

2021-06-22 02:10:17 - [TEST_STEP][PASSED] - remID = substring(5, 35).trim(): null

2021-06-22 02:10:17 - [TEST_STEP][PASSED] - out.println("Remittance ID: " + remID): null

2021-06-22 02:10:17 - [TEST_STEP][PASSED] - traxID = substring(35, 55).trim(): null

2021-06-22 02:10:17 - [TEST_STEP][PASSED] - out.println("Transaction ID: " + traxID): null

2021-06-22 02:10:17 - [TEST_STEP][PASSED] - out.println("End Record Number: " + row): null

2021-06-22 02:10:17 - [TEST_STEP][PASSED] - closeBrowser(): Browser is closed

2021-06-22 02:10:18 - [MESSAGE][PASSED] - Browser is closed

2021-06-22 02:10:18 - [TEST_STEP][PASSED] - out.println("Begin Record Number: " + row): null

2021-06-22 02:10:18 - [TEST_STEP][PASSED] - today = new java.util.Date(): null

2021-06-22 02:10:18 - [TEST_STEP][PASSED] - println(today): null

2021-06-22 02:10:18 - [TEST_STEP][PASSED] - datText = today: null

2021-06-22 02:10:18 - [TEST_STEP][PASSED] - openBrowser(VLinkURL + "authcap.html"): Browser is opened with url: 'https://dev-algorithm.govolution.com/vlinktest/QA/version_2_0/authcap.html'

2021-06-22 02:10:18 - [MESSAGE][INFO] - Starting 'Chrome' driver

2021-06-22 02:10:18 - [MESSAGE][INFO] - User set preference: ['acceptInsecureCerts', 'true']

2021-06-22 02:10:18 - [MESSAGE][INFO] - Action delay is set to 0 milliseconds

2021-06-22 02:10:19 - [MESSAGE][PASSED] - Browser is opened with url: 'https://dev-algorithm.govolution.com/vlinktest/QA/version_2_0/authcap.html'

2021-06-22 02:10:19 - [TEST_STEP][PASSED] - maximizeWindow(): Current window maximized

2021-06-22 02:10:20 - [MESSAGE][PASSED] - Current window maximized

2021-06-22 02:10:20 - [TEST_STEP][PASSED] - vlinkPages.saleCCPage.setDataSCC(row, dataFile): vlinkPages.saleCCPage.setDataSCC is PASSED

2021-06-22 02:10:22 - [MESSAGE][PASSED] - Object 'Object Repository/VLink/Page_CCSale/txt_CardNumber' is present

2021-06-22 02:10:22 - [MESSAGE][PASSED] - Object 'Object Repository/VLink/Page_CCSale/txt_TransactionType' is present

2021-06-22 02:10:22 - [MESSAGE][PASSED] - Text '104' is set on object 'Object Repository/VLink/Page_CCSale/txt_TransactionType'

2021-06-22 02:10:23 - [MESSAGE][PASSED] - Object 'Object Repository/VLink/Page_CCSale/txt_MessageVersion' is present

2021-06-22 02:10:23 - [MESSAGE][PASSED] - Text '2.0C' is set on object 'Object Repository/VLink/Page_CCSale/txt_MessageVersion'

2021-06-22 02:10:24 - [MESSAGE][PASSED] - Object 'Object Repository/VLink/Page_CCSale/txt_RemID' is present

2021-06-22 02:10:24 - [MESSAGE][PASSED] - Text 'Lg2VpdwgHn0e' is set on object 'Object Repository/VLink/Page_CCSale/txt_RemID'

2021-06-22 02:10:25 - [MESSAGE][PASSED] - Object 'Object Repository/VLink/Page_CCSale/txt_ApplicationId' is present

2021-06-22 02:10:25 - [MESSAGE][PASSED] - Text '665' is set on object 'Object Repository/VLink/Page_CCSale/txt_ApplicationId'

2021-06-22 02:10:25 - [MESSAGE][PASSED] - Object 'Object Repository/VLink/Page_CCSale/txt_Username' is present

2021-06-22 02:10:26 - [MESSAGE][PASSED] - Text 'username' is set on object 'Object Repository/VLink/Page_CCSale/txt_Username'

2021-06-22 02:10:26 - [MESSAGE][PASSED] - Object 'Object Repository/VLink/Page_CCSale/txt_Password' is present

2021-06-22 02:10:27 - [MESSAGE][PASSED] - Text 'password' is set on object 'Object Repository/VLink/Page_CCSale/txt_Password'

2021-06-22 02:10:27 - [MESSAGE][PASSED] - Object 'Object Repository/VLink/Page_CCSale/txt_ResponseFormat' is present

2021-06-22 02:10:28 - [MESSAGE][PASSED] - Text 'fixed_width' is set on object 'Object Repository/VLink/Page_CCSale/txt_ResponseFormat'

2021-06-22 02:10:28 - [MESSAGE][PASSED] - Object 'Object Repository/VLink/Page_CCSale/txt_Category' is present

2021-06-22 02:10:29 - [MESSAGE][PASSED] - Text 'RETL' is set on object 'Object Repository/VLink/Page_CCSale/txt_Category'

2021-06-22 02:10:29 - [MESSAGE][PASSED] - Object 'Object Repository/VLink/Page_CCSale/txt_TransactionID' is present

2021-06-22 02:10:30 - [MESSAGE][PASSED] - Text '' is set on object 'Object Repository/VLink/Page_CCSale/txt_TransactionID'

2021-06-22 02:10:30 - [MESSAGE][PASSED] - Object 'Object Repository/VLink/Page_CCSale/txt_ApprovalCode' is present

2021-06-22 02:10:31 - [MESSAGE][PASSED] - Text '' is set on object 'Object Repository/VLink/Page_CCSale/txt_ApprovalCode'

2021-06-22 02:10:31 - [MESSAGE][PASSED] - Object 'Object Repository/VLink/Page_CCSale/txt_CardName' is present

2021-06-22 02:10:32 - [MESSAGE][PASSED] - Text 'Kris Roshan' is set on object 'Object Repository/VLink/Page_CCSale/txt_CardName'

2021-06-22 02:10:32 - [MESSAGE][PASSED] - Object 'Object Repository/VLink/Page_CCSale/txt_AL1' is present

2021-06-22 02:10:33 - [MESSAGE][PASSED] - Text '258 Elm Road' is set on object 'Object Repository/VLink/Page_CCSale/txt_AL1'

2021-06-22 02:10:33 - [MESSAGE][PASSED] - Object 'Object Repository/VLink/Page_CCSale/txt_AL2' is present

2021-06-22 02:10:34 - [MESSAGE][PASSED] - Text 'Suite 56' is set on object 'Object Repository/VLink/Page_CCSale/txt_AL2'

2021-06-22 02:10:34 - [MESSAGE][PASSED] - Object 'Object Repository/VLink/Page_CCSale/txt_CardCity' is present

2021-06-22 02:10:35 - [MESSAGE][PASSED] - Text 'Arlington' is set on object 'Object Repository/VLink/Page_CCSale/txt_CardCity'

2021-06-22 02:10:35 - [MESSAGE][PASSED] - Object 'Object Repository/VLink/Page_CCSale/txt_CardState' is present

2021-06-22 02:10:36 - [MESSAGE][PASSED] - Text 'VA' is set on object 'Object Repository/VLink/Page_CCSale/txt_CardState'

2021-06-22 02:10:36 - [MESSAGE][PASSED] - Object 'Object Repository/VLink/Page_CCSale/txt_CardZIP' is present

2021-06-22 02:10:37 - [MESSAGE][PASSED] - Text '22201' is set on object 'Object Repository/VLink/Page_CCSale/txt_CardZIP'

2021-06-22 02:10:37 - [MESSAGE][PASSED] - Object 'Object Repository/VLink/Page_CCSale/txt_CountryID' is present

2021-06-22 02:10:38 - [MESSAGE][PASSED] - Text '840' is set on object 'Object Repository/VLink/Page_CCSale/txt_CountryID'

2021-06-22 02:10:38 - [MESSAGE][PASSED] - Object 'Object Repository/VLink/Page_CCSale/txt_Amount' is present

2021-06-22 02:10:39 - [MESSAGE][PASSED] - Text '1.50' is set on object 'Object Repository/VLink/Page_CCSale/txt_Amount'

2021-06-22 02:10:39 - [MESSAGE][PASSED] - Object 'Object Repository/VLink/Page_CCSale/txt_CardNumber' is present

2021-06-22 02:10:40 - [MESSAGE][PASSED] - Text '6011000000000004' is set on object 'Object Repository/VLink/Page_CCSale/txt_CardNumber'

2021-06-22 02:10:40 - [MESSAGE][PASSED] - Object 'Object Repository/VLink/Page_CCSale/txt_ExpMonth' is present

2021-06-22 02:10:41 - [MESSAGE][PASSED] - Text '12' is set on object 'Object Repository/VLink/Page_CCSale/txt_ExpMonth'

2021-06-22 02:10:41 - [MESSAGE][PASSED] - Object 'Object Repository/VLink/Page_CCSale/txt_ExpYear' is present

2021-06-22 02:10:42 - [MESSAGE][PASSED] - Text '2025' is set on object 'Object Repository/VLink/Page_CCSale/txt_ExpYear'

2021-06-22 02:10:42 - [MESSAGE][PASSED] - Object 'Object Repository/VLink/Page_CCSale/txt_CVV' is present

2021-06-22 02:10:43 - [MESSAGE][PASSED] - Text '' is set on object 'Object Repository/VLink/Page_CCSale/txt_CVV'

2021-06-22 02:10:43 - [MESSAGE][PASSED] - Object 'Object Repository/VLink/Page_CCSale/txt_CVVstate' is present

2021-06-22 02:10:44 - [MESSAGE][PASSED] - Text '' is set on object 'Object Repository/VLink/Page_CCSale/txt_CVVstate'

2021-06-22 02:10:44 - [MESSAGE][PASSED] - Object 'Object Repository/VLink/Page_CCSale/txt_TrackData' is present

2021-06-22 02:10:45 - [MESSAGE][PASSED] - Text '' is set on object 'Object Repository/VLink/Page_CCSale/txt_TrackData'

2021-06-22 02:10:45 - [MESSAGE][PASSED] - Object 'Object Repository/VLink/Page_CCSale/txt_Track1Data' is present

2021-06-22 02:10:46 - [MESSAGE][PASSED] - Text '' is set on object 'Object Repository/VLink/Page_CCSale/txt_Track1Data'

2021-06-22 02:10:46 - [MESSAGE][PASSED] - Object 'Object Repository/VLink/Page_CCSale/txt_Track2Data' is present

2021-06-22 02:10:47 - [MESSAGE][PASSED] - Text '' is set on object 'Object Repository/VLink/Page_CCSale/txt_Track2Data'

2021-06-22 02:10:47 - [MESSAGE][PASSED] - Object 'Object Repository/VLink/Page_CCSale/txt_POSEntryMode' is present

2021-06-22 02:10:48 - [MESSAGE][PASSED] - Text 'manual' is set on object 'Object Repository/VLink/Page_CCSale/txt_POSEntryMode'

2021-06-22 02:10:48 - [MESSAGE][PASSED] - Object 'Object Repository/VLink/Page_CCSale/txt_Email' is present

2021-06-22 02:10:49 - [MESSAGE][PASSED] - Text 'iahmed@govolution.com' is set on object 'Object Repository/VLink/Page_CCSale/txt_Email'

2021-06-22 02:10:49 - [MESSAGE][PASSED] - Object 'Object Repository/VLink/Page_CCSale/txt_OrderNumber' is present

2021-06-22 02:10:50 - [MESSAGE][PASSED] - Text '2569362' is set on object 'Object Repository/VLink/Page_CCSale/txt_OrderNumber'

2021-06-22 02:10:50 - [MESSAGE][PASSED] - Object 'Object Repository/VLink/Page_CCSale/txt_TaxAmount' is present

2021-06-22 02:10:51 - [MESSAGE][PASSED] - Text '1.15' is set on object 'Object Repository/VLink/Page_CCSale/txt_TaxAmount'

2021-06-22 02:10:51 - [MESSAGE][PASSED] - Object 'Object Repository/VLink/Page_CCSale/txt_ChargeDescription' is present

2021-06-22 02:10:52 - [MESSAGE][PASSED] - Text 'Charge Description' is set on object 'Object Repository/VLink/Page_CCSale/txt_ChargeDescription'

2021-06-22 02:10:52 - [MESSAGE][PASSED] - Object 'Object Repository/VLink/Page_CCSale/txt_CAN' is present

2021-06-22 02:10:53 - [MESSAGE][PASSED] - Text '147357' is set on object 'Object Repository/VLink/Page_CCSale/txt_CAN'

2021-06-22 02:10:53 - [MESSAGE][PASSED] - Object 'Object Repository/VLink/Page_CCSale/txt_BillPaymentIndicator' is present

2021-06-22 02:10:54 - [MESSAGE][PASSED] - Text '1' is set on object 'Object Repository/VLink/Page_CCSale/txt_BillPaymentIndicator'

2021-06-22 02:10:54 - [MESSAGE][PASSED] - Object 'Object Repository/VLink/Page_CCSale/txt_UDF1' is present

2021-06-22 02:10:55 - [MESSAGE][PASSED] - Text 'UDF Data 1' is set on object 'Object Repository/VLink/Page_CCSale/txt_UDF1'

2021-06-22 02:10:55 - [MESSAGE][PASSED] - Object 'Object Repository/VLink/Page_CCSale/txt_UDF2' is present

2021-06-22 02:10:56 - [MESSAGE][PASSED] - Text 'UDF Data 2' is set on object 'Object Repository/VLink/Page_CCSale/txt_UDF2'

2021-06-22 02:10:56 - [MESSAGE][PASSED] - Object 'Object Repository/VLink/Page_CCSale/txt_UDF3' is present

2021-06-22 02:10:57 - [MESSAGE][PASSED] - Text 'UDF Data 3' is set on object 'Object Repository/VLink/Page_CCSale/txt_UDF3'

2021-06-22 02:10:57 - [MESSAGE][PASSED] - Object 'Object Repository/VLink/Page_CCSale/txt_UDF4' is present

2021-06-22 02:10:58 - [MESSAGE][PASSED] - Text 'UDF Data 4' is set on object 'Object Repository/VLink/Page_CCSale/txt_UDF4'

2021-06-22 02:10:58 - [MESSAGE][PASSED] - Object 'Object Repository/VLink/Page_CCSale/txt_UDF5' is present

2021-06-22 02:10:59 - [MESSAGE][PASSED] - Text 'UDF Data 5' is set on object 'Object Repository/VLink/Page_CCSale/txt_UDF5'

2021-06-22 02:10:59 - [MESSAGE][PASSED] - Object 'Object Repository/VLink/Page_CCSale/txt_UDF6' is present

2021-06-22 02:11:00 - [MESSAGE][PASSED] - Text 'UDF Data 6' is set on object 'Object Repository/VLink/Page_CCSale/txt_UDF6'

2021-06-22 02:11:00 - [MESSAGE][PASSED] - Object 'Object Repository/VLink/Page_CCSale/txt_UDF7' is present

2021-06-22 02:11:01 - [MESSAGE][PASSED] - Text 'UDF Data 7' is set on object 'Object Repository/VLink/Page_CCSale/txt_UDF7'

2021-06-22 02:11:01 - [MESSAGE][PASSED] - Object 'Object Repository/VLink/Page_CCSale/txt_UDF8' is present

2021-06-22 02:11:02 - [MESSAGE][PASSED] - Text 'UDF Data 8' is set on object 'Object Repository/VLink/Page_CCSale/txt_UDF8'

2021-06-22 02:11:02 - [MESSAGE][PASSED] - Object 'Object Repository/VLink/Page_CCSale/txt_UDF9' is present

2021-06-22 02:11:03 - [MESSAGE][PASSED] - Text 'UDF Data 9' is set on object 'Object Repository/VLink/Page_CCSale/txt_UDF9'

2021-06-22 02:11:03 - [MESSAGE][PASSED] - Object 'Object Repository/VLink/Page_CCSale/txt_UDF10' is present

2021-06-22 02:11:04 - [MESSAGE][PASSED] - Text 'UDF Data 10' is set on object 'Object Repository/VLink/Page_CCSale/txt_UDF10'

2021-06-22 02:11:04 - [MESSAGE][PASSED] - Object 'Object Repository/VLink/Page_CCSale/txt_CardOnFileIndicator' is present

2021-06-22 02:11:05 - [MESSAGE][PASSED] - Text '1' is set on object 'Object Repository/VLink/Page_CCSale/txt_CardOnFileIndicator'

2021-06-22 02:11:05 - [MESSAGE][PASSED] - Object 'Object Repository/VLink/Page_CCSale/txt_StoredCredentialIndicator' is present

2021-06-22 02:11:06 - [MESSAGE][PASSED] - Text 'Subsequent' is set on object 'Object Repository/VLink/Page_CCSale/txt_StoredCredentialIndicator'

2021-06-22 02:11:06 - [MESSAGE][PASSED] - Object 'Object Repository/VLink/Page_CCSale/txt_COFScheduledIndicator' is present

2021-06-22 02:11:07 - [MESSAGE][PASSED] - Text 'Scheduled' is set on object 'Object Repository/VLink/Page_CCSale/txt_COFScheduledIndicator'

2021-06-22 02:11:07 - [MESSAGE][PASSED] - Object 'Object Repository/VLink/Page_CCSale/txt_COFTransactionInitiatedBy' is present

2021-06-22 02:11:08 - [MESSAGE][PASSED] - Text 'Merchant' is set on object 'Object Repository/VLink/Page_CCSale/txt_COFTransactionInitiatedBy'

2021-06-22 02:11:11 - [MESSAGE][PASSED] - Object: 'Object Repository/VLink/Page_CCSale/btn_ProcessVLinkTransaction' is clicked on

2021-06-22 02:11:16 - [MESSAGE][PASSED] - vlinkPages.saleCCPage.setDataSCC is PASSED

2021-06-22 02:11:16 - [TEST_STEP][PASSED] - if (verifyTextPresent("Transaction approved, no errors", true)): null

2021-06-22 02:11:16 - [MESSAGE][PASSED] - Text 'Transaction approved, no errors' is present on page  using regular expression

2021-06-22 02:11:16 - [TEST_STEP][PASSED] - println("Transaction Approved, no errors text is present on the Confirmation page"): null

2021-06-22 02:11:16 - [TEST_STEP][PASSED] - out.println("Pass Record Number: " + row): null

2021-06-22 02:11:16 - [TEST_STEP][PASSED] - resText = "Pass": null

2021-06-22 02:11:16 - [TEST_STEP][PASSED] - pages.WriteExcel.demoKey(resText, datText, resColumn, datCloumn, fileLoc, nameSheet, row): pages.WriteExcel.demoKey is PASSED

2021-06-22 02:11:16 - [MESSAGE][PASSED] - pages.WriteExcel.demoKey is PASSED

2021-06-22 02:11:16 - [TEST_STEP][PASSED] - sdfo = getText(findTestObject("Object Repository/Page_VLinkReceipt/pre_STX")): Text of object 'Object Repository/Page_VLinkReceipt/pre_STX' is: '<STX>Lg2VpdwgHn0e                  12098412            0  Transaction approved, no errors                   0                                                                                  X OK6005   <ETX>'

2021-06-22 02:11:16 - [MESSAGE][PASSED] - Text of object 'Object Repository/Page_VLinkReceipt/pre_STX' is: '<STX>Lg2VpdwgHn0e                  12098412            0  Transaction approved, no errors                   0                                                                                  X OK6005   <ETX>'

2021-06-22 02:11:16 - [TEST_STEP][PASSED] - out.println("sdfo: " + sdfo): null

2021-06-22 02:11:16 - [TEST_STEP][PASSED] - remID = substring(5, 35).trim(): null

2021-06-22 02:11:16 - [TEST_STEP][PASSED] - out.println("Remittance ID: " + remID): null

2021-06-22 02:11:16 - [TEST_STEP][PASSED] - traxID = substring(35, 55).trim(): null

2021-06-22 02:11:16 - [TEST_STEP][PASSED] - out.println("Transaction ID: " + traxID): null

2021-06-22 02:11:16 - [TEST_STEP][PASSED] - out.println("End Record Number: " + row): null

2021-06-22 02:11:16 - [TEST_STEP][PASSED] - closeBrowser(): Browser is closed

2021-06-22 02:11:17 - [MESSAGE][PASSED] - Browser is closed

2021-06-22 02:11:17 - [TEST_STEP][PASSED] - out.println("Begin Record Number: " + row): null

2021-06-22 02:11:17 - [TEST_STEP][PASSED] - today = new java.util.Date(): null

2021-06-22 02:11:17 - [TEST_STEP][PASSED] - println(today): null

2021-06-22 02:11:17 - [TEST_STEP][PASSED] - datText = today: null

2021-06-22 02:11:17 - [TEST_STEP][PASSED] - openBrowser(VLinkURL + "authcap.html"): Browser is opened with url: 'https://dev-algorithm.govolution.com/vlinktest/QA/version_2_0/authcap.html'

2021-06-22 02:11:17 - [MESSAGE][INFO] - Starting 'Chrome' driver

2021-06-22 02:11:17 - [MESSAGE][INFO] - User set preference: ['acceptInsecureCerts', 'true']

2021-06-22 02:11:17 - [MESSAGE][INFO] - Action delay is set to 0 milliseconds

2021-06-22 02:11:19 - [MESSAGE][PASSED] - Browser is opened with url: 'https://dev-algorithm.govolution.com/vlinktest/QA/version_2_0/authcap.html'

2021-06-22 02:11:19 - [TEST_STEP][PASSED] - maximizeWindow(): Current window maximized

2021-06-22 02:11:19 - [MESSAGE][PASSED] - Current window maximized

2021-06-22 02:11:19 - [TEST_STEP][PASSED] - vlinkPages.saleCCPage.setDataSCC(row, dataFile): vlinkPages.saleCCPage.setDataSCC is PASSED

2021-06-22 02:11:21 - [MESSAGE][PASSED] - Object 'Object Repository/VLink/Page_CCSale/txt_CardNumber' is present

2021-06-22 02:11:21 - [MESSAGE][PASSED] - Object 'Object Repository/VLink/Page_CCSale/txt_TransactionType' is present

2021-06-22 02:11:22 - [MESSAGE][PASSED] - Text '104' is set on object 'Object Repository/VLink/Page_CCSale/txt_TransactionType'

2021-06-22 02:11:22 - [MESSAGE][PASSED] - Object 'Object Repository/VLink/Page_CCSale/txt_MessageVersion' is present

2021-06-22 02:11:23 - [MESSAGE][PASSED] - Text '2.0C' is set on object 'Object Repository/VLink/Page_CCSale/txt_MessageVersion'

2021-06-22 02:11:23 - [MESSAGE][PASSED] - Object 'Object Repository/VLink/Page_CCSale/txt_RemID' is present

2021-06-22 02:11:24 - [MESSAGE][PASSED] - Text 'sHBrbKXhdRRU' is set on object 'Object Repository/VLink/Page_CCSale/txt_RemID'

2021-06-22 02:11:24 - [MESSAGE][PASSED] - Object 'Object Repository/VLink/Page_CCSale/txt_ApplicationId' is present

2021-06-22 02:11:25 - [MESSAGE][PASSED] - Text '667' is set on object 'Object Repository/VLink/Page_CCSale/txt_ApplicationId'

2021-06-22 02:11:25 - [MESSAGE][PASSED] - Object 'Object Repository/VLink/Page_CCSale/txt_Username' is present

2021-06-22 02:11:26 - [MESSAGE][PASSED] - Text 'username' is set on object 'Object Repository/VLink/Page_CCSale/txt_Username'

2021-06-22 02:11:26 - [MESSAGE][PASSED] - Object 'Object Repository/VLink/Page_CCSale/txt_Password' is present

2021-06-22 02:11:27 - [MESSAGE][PASSED] - Text 'password' is set on object 'Object Repository/VLink/Page_CCSale/txt_Password'

2021-06-22 02:11:27 - [MESSAGE][PASSED] - Object 'Object Repository/VLink/Page_CCSale/txt_ResponseFormat' is present

2021-06-22 02:11:27 - [MESSAGE][PASSED] - Text 'fixed_width' is set on object 'Object Repository/VLink/Page_CCSale/txt_ResponseFormat'

2021-06-22 02:11:28 - [MESSAGE][PASSED] - Object 'Object Repository/VLink/Page_CCSale/txt_Category' is present

2021-06-22 02:11:28 - [MESSAGE][PASSED] - Text 'ECOM' is set on object 'Object Repository/VLink/Page_CCSale/txt_Category'

2021-06-22 02:11:29 - [MESSAGE][PASSED] - Object 'Object Repository/VLink/Page_CCSale/txt_TransactionID' is present

2021-06-22 02:11:29 - [MESSAGE][PASSED] - Text '' is set on object 'Object Repository/VLink/Page_CCSale/txt_TransactionID'

2021-06-22 02:11:30 - [MESSAGE][PASSED] - Object 'Object Repository/VLink/Page_CCSale/txt_ApprovalCode' is present

2021-06-22 02:11:30 - [MESSAGE][PASSED] - Text '' is set on object 'Object Repository/VLink/Page_CCSale/txt_ApprovalCode'

2021-06-22 02:11:31 - [MESSAGE][PASSED] - Object 'Object Repository/VLink/Page_CCSale/txt_CardName' is present

2021-06-22 02:11:31 - [MESSAGE][PASSED] - Text 'Kris Roshan' is set on object 'Object Repository/VLink/Page_CCSale/txt_CardName'

2021-06-22 02:11:32 - [MESSAGE][PASSED] - Object 'Object Repository/VLink/Page_CCSale/txt_AL1' is present

2021-06-22 02:11:32 - [MESSAGE][PASSED] - Text '258 Elm Road' is set on object 'Object Repository/VLink/Page_CCSale/txt_AL1'

2021-06-22 02:11:33 - [MESSAGE][PASSED] - Object 'Object Repository/VLink/Page_CCSale/txt_AL2' is present

2021-06-22 02:11:33 - [MESSAGE][PASSED] - Text 'Suite 56' is set on object 'Object Repository/VLink/Page_CCSale/txt_AL2'

2021-06-22 02:11:34 - [MESSAGE][PASSED] - Object 'Object Repository/VLink/Page_CCSale/txt_CardCity' is present

2021-06-22 02:11:34 - [MESSAGE][PASSED] - Text 'Arlington' is set on object 'Object Repository/VLink/Page_CCSale/txt_CardCity'

2021-06-22 02:11:35 - [MESSAGE][PASSED] - Object 'Object Repository/VLink/Page_CCSale/txt_CardState' is present

2021-06-22 02:11:35 - [MESSAGE][PASSED] - Text 'VA' is set on object 'Object Repository/VLink/Page_CCSale/txt_CardState'

2021-06-22 02:11:36 - [MESSAGE][PASSED] - Object 'Object Repository/VLink/Page_CCSale/txt_CardZIP' is present

2021-06-22 02:11:36 - [MESSAGE][PASSED] - Text '22201' is set on object 'Object Repository/VLink/Page_CCSale/txt_CardZIP'

2021-06-22 02:11:37 - [MESSAGE][PASSED] - Object 'Object Repository/VLink/Page_CCSale/txt_CountryID' is present

2021-06-22 02:11:37 - [MESSAGE][PASSED] - Text '840' is set on object 'Object Repository/VLink/Page_CCSale/txt_CountryID'

2021-06-22 02:11:38 - [MESSAGE][PASSED] - Object 'Object Repository/VLink/Page_CCSale/txt_Amount' is present

2021-06-22 02:11:38 - [MESSAGE][PASSED] - Text '1.50' is set on object 'Object Repository/VLink/Page_CCSale/txt_Amount'

2021-06-22 02:11:39 - [MESSAGE][PASSED] - Object 'Object Repository/VLink/Page_CCSale/txt_CardNumber' is present

2021-06-22 02:11:39 - [MESSAGE][PASSED] - Text '4111111111111111' is set on object 'Object Repository/VLink/Page_CCSale/txt_CardNumber'

2021-06-22 02:11:40 - [MESSAGE][PASSED] - Object 'Object Repository/VLink/Page_CCSale/txt_ExpMonth' is present

2021-06-22 02:11:40 - [MESSAGE][PASSED] - Text '12' is set on object 'Object Repository/VLink/Page_CCSale/txt_ExpMonth'

2021-06-22 02:11:41 - [MESSAGE][PASSED] - Object 'Object Repository/VLink/Page_CCSale/txt_ExpYear' is present

2021-06-22 02:11:41 - [MESSAGE][PASSED] - Text '2025' is set on object 'Object Repository/VLink/Page_CCSale/txt_ExpYear'

2021-06-22 02:11:42 - [MESSAGE][PASSED] - Object 'Object Repository/VLink/Page_CCSale/txt_CVV' is present

2021-06-22 02:11:42 - [MESSAGE][PASSED] - Text '' is set on object 'Object Repository/VLink/Page_CCSale/txt_CVV'

2021-06-22 02:11:43 - [MESSAGE][PASSED] - Object 'Object Repository/VLink/Page_CCSale/txt_CVVstate' is present

2021-06-22 02:11:43 - [MESSAGE][PASSED] - Text '' is set on object 'Object Repository/VLink/Page_CCSale/txt_CVVstate'

2021-06-22 02:11:44 - [MESSAGE][PASSED] - Object 'Object Repository/VLink/Page_CCSale/txt_TrackData' is present

2021-06-22 02:11:44 - [MESSAGE][PASSED] - Text '' is set on object 'Object Repository/VLink/Page_CCSale/txt_TrackData'

2021-06-22 02:11:44 - [MESSAGE][PASSED] - Object 'Object Repository/VLink/Page_CCSale/txt_Track1Data' is present

2021-06-22 02:11:45 - [MESSAGE][PASSED] - Text '' is set on object 'Object Repository/VLink/Page_CCSale/txt_Track1Data'

2021-06-22 02:11:45 - [MESSAGE][PASSED] - Object 'Object Repository/VLink/Page_CCSale/txt_Track2Data' is present

2021-06-22 02:11:46 - [MESSAGE][PASSED] - Text '' is set on object 'Object Repository/VLink/Page_CCSale/txt_Track2Data'

2021-06-22 02:11:46 - [MESSAGE][PASSED] - Object 'Object Repository/VLink/Page_CCSale/txt_POSEntryMode' is present

2021-06-22 02:11:47 - [MESSAGE][PASSED] - Text 'manual' is set on object 'Object Repository/VLink/Page_CCSale/txt_POSEntryMode'

2021-06-22 02:11:47 - [MESSAGE][PASSED] - Object 'Object Repository/VLink/Page_CCSale/txt_Email' is present

2021-06-22 02:11:48 - [MESSAGE][PASSED] - Text 'iahmed@govolution.com' is set on object 'Object Repository/VLink/Page_CCSale/txt_Email'

2021-06-22 02:11:48 - [MESSAGE][PASSED] - Object 'Object Repository/VLink/Page_CCSale/txt_OrderNumber' is present

2021-06-22 02:11:49 - [MESSAGE][PASSED] - Text '2569362' is set on object 'Object Repository/VLink/Page_CCSale/txt_OrderNumber'

2021-06-22 02:11:50 - [MESSAGE][PASSED] - Object 'Object Repository/VLink/Page_CCSale/txt_TaxAmount' is present

2021-06-22 02:11:50 - [MESSAGE][PASSED] - Text '1.15' is set on object 'Object Repository/VLink/Page_CCSale/txt_TaxAmount'

2021-06-22 02:11:51 - [MESSAGE][PASSED] - Object 'Object Repository/VLink/Page_CCSale/txt_ChargeDescription' is present

2021-06-22 02:11:51 - [MESSAGE][PASSED] - Text 'Charge Description' is set on object 'Object Repository/VLink/Page_CCSale/txt_ChargeDescription'

2021-06-22 02:11:52 - [MESSAGE][PASSED] - Object 'Object Repository/VLink/Page_CCSale/txt_CAN' is present

2021-06-22 02:11:52 - [MESSAGE][PASSED] - Text '147357' is set on object 'Object Repository/VLink/Page_CCSale/txt_CAN'

2021-06-22 02:11:53 - [MESSAGE][PASSED] - Object 'Object Repository/VLink/Page_CCSale/txt_BillPaymentIndicator' is present

2021-06-22 02:11:53 - [MESSAGE][PASSED] - Text '1' is set on object 'Object Repository/VLink/Page_CCSale/txt_BillPaymentIndicator'

2021-06-22 02:11:53 - [MESSAGE][PASSED] - Object 'Object Repository/VLink/Page_CCSale/txt_UDF1' is present

2021-06-22 02:11:54 - [MESSAGE][PASSED] - Text 'UDF Data 1' is set on object 'Object Repository/VLink/Page_CCSale/txt_UDF1'

2021-06-22 02:11:54 - [MESSAGE][PASSED] - Object 'Object Repository/VLink/Page_CCSale/txt_UDF2' is present

2021-06-22 02:11:55 - [MESSAGE][PASSED] - Text 'UDF Data 2' is set on object 'Object Repository/VLink/Page_CCSale/txt_UDF2'

2021-06-22 02:11:55 - [MESSAGE][PASSED] - Object 'Object Repository/VLink/Page_CCSale/txt_UDF3' is present

2021-06-22 02:11:56 - [MESSAGE][PASSED] - Text 'UDF Data 3' is set on object 'Object Repository/VLink/Page_CCSale/txt_UDF3'

2021-06-22 02:11:56 - [MESSAGE][PASSED] - Object 'Object Repository/VLink/Page_CCSale/txt_UDF4' is present

2021-06-22 02:11:57 - [MESSAGE][PASSED] - Text 'UDF Data 4' is set on object 'Object Repository/VLink/Page_CCSale/txt_UDF4'

2021-06-22 02:11:58 - [MESSAGE][PASSED] - Object 'Object Repository/VLink/Page_CCSale/txt_UDF5' is present

2021-06-22 02:11:58 - [MESSAGE][PASSED] - Text 'UDF Data 5' is set on object 'Object Repository/VLink/Page_CCSale/txt_UDF5'

2021-06-22 02:11:59 - [MESSAGE][PASSED] - Object 'Object Repository/VLink/Page_CCSale/txt_UDF6' is present

2021-06-22 02:11:59 - [MESSAGE][PASSED] - Text 'UDF Data 6' is set on object 'Object Repository/VLink/Page_CCSale/txt_UDF6'

2021-06-22 02:12:00 - [MESSAGE][PASSED] - Object 'Object Repository/VLink/Page_CCSale/txt_UDF7' is present

2021-06-22 02:12:00 - [MESSAGE][PASSED] - Text 'UDF Data 7' is set on object 'Object Repository/VLink/Page_CCSale/txt_UDF7'

2021-06-22 02:12:00 - [MESSAGE][PASSED] - Object 'Object Repository/VLink/Page_CCSale/txt_UDF8' is present

2021-06-22 02:12:01 - [MESSAGE][PASSED] - Text 'UDF Data 8' is set on object 'Object Repository/VLink/Page_CCSale/txt_UDF8'

2021-06-22 02:12:01 - [MESSAGE][PASSED] - Object 'Object Repository/VLink/Page_CCSale/txt_UDF9' is present

2021-06-22 02:12:02 - [MESSAGE][PASSED] - Text 'UDF Data 9' is set on object 'Object Repository/VLink/Page_CCSale/txt_UDF9'

2021-06-22 02:12:02 - [MESSAGE][PASSED] - Object 'Object Repository/VLink/Page_CCSale/txt_UDF10' is present

2021-06-22 02:12:03 - [MESSAGE][PASSED] - Text 'UDF Data 10' is set on object 'Object Repository/VLink/Page_CCSale/txt_UDF10'

2021-06-22 02:12:03 - [MESSAGE][PASSED] - Object 'Object Repository/VLink/Page_CCSale/txt_CardOnFileIndicator' is present

2021-06-22 02:12:04 - [MESSAGE][PASSED] - Text '1' is set on object 'Object Repository/VLink/Page_CCSale/txt_CardOnFileIndicator'

2021-06-22 02:12:05 - [MESSAGE][PASSED] - Object 'Object Repository/VLink/Page_CCSale/txt_StoredCredentialIndicator' is present

2021-06-22 02:12:05 - [MESSAGE][PASSED] - Text 'Subsequent' is set on object 'Object Repository/VLink/Page_CCSale/txt_StoredCredentialIndicator'

2021-06-22 02:12:06 - [MESSAGE][PASSED] - Object 'Object Repository/VLink/Page_CCSale/txt_COFScheduledIndicator' is present

2021-06-22 02:12:06 - [MESSAGE][PASSED] - Text 'Scheduled' is set on object 'Object Repository/VLink/Page_CCSale/txt_COFScheduledIndicator'

2021-06-22 02:12:07 - [MESSAGE][PASSED] - Object 'Object Repository/VLink/Page_CCSale/txt_COFTransactionInitiatedBy' is present

2021-06-22 02:12:07 - [MESSAGE][PASSED] - Text 'Merchant' is set on object 'Object Repository/VLink/Page_CCSale/txt_COFTransactionInitiatedBy'

2021-06-22 02:12:10 - [MESSAGE][PASSED] - Object: 'Object Repository/VLink/Page_CCSale/btn_ProcessVLinkTransaction' is clicked on

2021-06-22 02:12:15 - [MESSAGE][PASSED] - vlinkPages.saleCCPage.setDataSCC is PASSED

2021-06-22 02:12:15 - [TEST_STEP][FAILED] - if (verifyTextPresent("Transaction approved, no errors", true)): Text 'Transaction approved, no errors' is not present on page  using regular expression (Root cause: com.kms.katalon.core.exception.StepFailedException: Text 'Transaction approved, no errors' is not present on page  using regular expression
	at com.kms.katalon.core.webui.keyword.internal.WebUIKeywordMain.stepFailed(WebUIKeywordMain.groovy:64)
	at com.kms.katalon.core.webui.keyword.builtin.VerifyTextPresentKeyword$_verifyTextPresent_closure1.doCall(VerifyTextPresentKeyword.groovy:79)
	at com.kms.katalon.core.webui.keyword.builtin.VerifyTextPresentKeyword$_verifyTextPresent_closure1.call(VerifyTextPresentKeyword.groovy)
	at com.kms.katalon.core.webui.keyword.internal.WebUIKeywordMain.runKeyword(WebUIKeywordMain.groovy:20)
	at com.kms.katalon.core.webui.keyword.builtin.VerifyTextPresentKeyword.verifyTextPresent(VerifyTextPresentKeyword.groovy:83)
	at com.kms.katalon.core.webui.keyword.builtin.VerifyTextPresentKeyword.execute(VerifyTextPresentKeyword.groovy:68)
	at com.kms.katalon.core.keyword.internal.KeywordExecutor.executeKeywordForPlatform(KeywordExecutor.groovy:72)
	at com.kms.katalon.core.webui.keyword.WebUiBuiltInKeywords.verifyTextPresent(WebUiBuiltInKeywords.groovy:1719)
	at com.kms.katalon.core.webui.keyword.WebUiBuiltInKeywords$verifyTextPresent$4.call(Unknown Source)
	at VLinkSale-Successful.run(VLinkSale-Successful:76)
	at com.kms.katalon.core.main.ScriptEngine.run(ScriptEngine.java:194)
	at com.kms.katalon.core.main.ScriptEngine.runScriptAsRawText(ScriptEngine.java:119)
	at com.kms.katalon.core.main.TestCaseExecutor.runScript(TestCaseExecutor.java:337)
	at com.kms.katalon.core.main.TestCaseExecutor.doExecute(TestCaseExecutor.java:328)
	at com.kms.katalon.core.main.TestCaseExecutor.processExecutionPhase(TestCaseExecutor.java:307)
	at com.kms.katalon.core.main.TestCaseExecutor.accessMainPhase(TestCaseExecutor.java:299)
	at com.kms.katalon.core.main.TestCaseExecutor.execute(TestCaseExecutor.java:233)
	at com.kms.katalon.core.main.TestSuiteExecutor.accessTestCaseMainPhase(TestSuiteExecutor.java:169)
	at com.kms.katalon.core.main.TestSuiteExecutor.accessTestSuiteMainPhase(TestSuiteExecutor.java:142)
	at com.kms.katalon.core.main.TestSuiteExecutor.execute(TestSuiteExecutor.java:91)
	at com.kms.katalon.core.main.TestCaseMain.startTestSuite(TestCaseMain.java:157)
	at com.kms.katalon.core.main.TestCaseMain$startTestSuite$0.call(Unknown Source)
	at TempTestSuite1624337272106.run(TempTestSuite1624337272106.groovy:37)
)

2021-06-22 02:12:15 - [MESSAGE][FAILED] - Text 'Transaction approved, no errors' is not present on page  using regular expression (Root cause: com.kms.katalon.core.exception.StepFailedException: Text 'Transaction approved, no errors' is not present on page  using regular expression
	at com.kms.katalon.core.webui.keyword.internal.WebUIKeywordMain.stepFailed(WebUIKeywordMain.groovy:64)
	at com.kms.katalon.core.webui.keyword.builtin.VerifyTextPresentKeyword$_verifyTextPresent_closure1.doCall(VerifyTextPresentKeyword.groovy:79)
	at com.kms.katalon.core.webui.keyword.builtin.VerifyTextPresentKeyword$_verifyTextPresent_closure1.call(VerifyTextPresentKeyword.groovy)
	at com.kms.katalon.core.webui.keyword.internal.WebUIKeywordMain.runKeyword(WebUIKeywordMain.groovy:20)
	at com.kms.katalon.core.webui.keyword.builtin.VerifyTextPresentKeyword.verifyTextPresent(VerifyTextPresentKeyword.groovy:83)
	at com.kms.katalon.core.webui.keyword.builtin.VerifyTextPresentKeyword.execute(VerifyTextPresentKeyword.groovy:68)
	at com.kms.katalon.core.keyword.internal.KeywordExecutor.executeKeywordForPlatform(KeywordExecutor.groovy:72)
	at com.kms.katalon.core.webui.keyword.WebUiBuiltInKeywords.verifyTextPresent(WebUiBuiltInKeywords.groovy:1719)
	at com.kms.katalon.core.webui.keyword.WebUiBuiltInKeywords$verifyTextPresent$4.call(Unknown Source)
	at VLinkSale-Successful.run(VLinkSale-Successful:76)
	at com.kms.katalon.core.main.ScriptEngine.run(ScriptEngine.java:194)
	at com.kms.katalon.core.main.ScriptEngine.runScriptAsRawText(ScriptEngine.java:119)
	at com.kms.katalon.core.main.TestCaseExecutor.runScript(TestCaseExecutor.java:337)
	at com.kms.katalon.core.main.TestCaseExecutor.doExecute(TestCaseExecutor.java:328)
	at com.kms.katalon.core.main.TestCaseExecutor.processExecutionPhase(TestCaseExecutor.java:307)
	at com.kms.katalon.core.main.TestCaseExecutor.accessMainPhase(TestCaseExecutor.java:299)
	at com.kms.katalon.core.main.TestCaseExecutor.execute(TestCaseExecutor.java:233)
	at com.kms.katalon.core.main.TestSuiteExecutor.accessTestCaseMainPhase(TestSuiteExecutor.java:169)
	at com.kms.katalon.core.main.TestSuiteExecutor.accessTestSuiteMainPhase(TestSuiteExecutor.java:142)
	at com.kms.katalon.core.main.TestSuiteExecutor.execute(TestSuiteExecutor.java:91)
	at com.kms.katalon.core.main.TestCaseMain.startTestSuite(TestCaseMain.java:157)
	at com.kms.katalon.core.main.TestCaseMain$startTestSuite$0.call(Unknown Source)
	at TempTestSuite1624337272106.run(TempTestSuite1624337272106.groovy:37)
)

2021-06-22 02:12:15 - [TEST_STEP][PASSED] - else: pages.WriteExcel.demoKey is PASSED

2021-06-22 02:12:15 - [TEST_STEP][PASSED] - println("Transaction Approved, no errors text is not present on the Confirmation page"): null

2021-06-22 02:12:15 - [TEST_STEP][PASSED] - out.println("Fail Record Number: " + row): null

2021-06-22 02:12:15 - [TEST_STEP][PASSED] - resText = "Fail": null

2021-06-22 02:12:15 - [TEST_STEP][PASSED] - pages.WriteExcel.demoKey(resText, datText, resColumn, datCloumn, fileLoc, nameSheet, row): pages.WriteExcel.demoKey is PASSED

2021-06-22 02:12:15 - [MESSAGE][PASSED] - pages.WriteExcel.demoKey is PASSED

2021-06-22 02:12:15 - [TEST_STEP][PASSED] - sdfo = getText(findTestObject("Object Repository/Page_VLinkReceipt/pre_STX")): Text of object 'Object Repository/Page_VLinkReceipt/pre_STX' is: '<STX>sHBrbKXhdRRU                  12098413            2  Transaction failed                                105Processor reported error                                                                   <ETX>'

2021-06-22 02:12:16 - [MESSAGE][PASSED] - Text of object 'Object Repository/Page_VLinkReceipt/pre_STX' is: '<STX>sHBrbKXhdRRU                  12098413            2  Transaction failed                                105Processor reported error                                                                   <ETX>'

2021-06-22 02:12:16 - [TEST_STEP][PASSED] - out.println("sdfo: " + sdfo): null

2021-06-22 02:12:16 - [TEST_STEP][PASSED] - remID = substring(5, 35).trim(): null

2021-06-22 02:12:16 - [TEST_STEP][PASSED] - out.println("Remittance ID: " + remID): null

2021-06-22 02:12:16 - [TEST_STEP][PASSED] - traxID = substring(35, 55).trim(): null

2021-06-22 02:12:16 - [TEST_STEP][PASSED] - out.println("Transaction ID: " + traxID): null

2021-06-22 02:12:16 - [TEST_STEP][PASSED] - out.println("End Record Number: " + row): null

2021-06-22 02:12:16 - [TEST_STEP][PASSED] - closeBrowser(): Browser is closed

2021-06-22 02:12:17 - [MESSAGE][PASSED] - Browser is closed

2021-06-22 02:12:17 - [TEST_STEP][PASSED] - out.println("Begin Record Number: " + row): null

2021-06-22 02:12:17 - [TEST_STEP][PASSED] - today = new java.util.Date(): null

2021-06-22 02:12:17 - [TEST_STEP][PASSED] - println(today): null

2021-06-22 02:12:17 - [TEST_STEP][PASSED] - datText = today: null

2021-06-22 02:12:17 - [TEST_STEP][PASSED] - openBrowser(VLinkURL + "authcap.html"): Browser is opened with url: 'https://dev-algorithm.govolution.com/vlinktest/QA/version_2_0/authcap.html'

2021-06-22 02:12:17 - [MESSAGE][INFO] - Starting 'Chrome' driver

2021-06-22 02:12:17 - [MESSAGE][INFO] - User set preference: ['acceptInsecureCerts', 'true']

2021-06-22 02:12:17 - [MESSAGE][INFO] - Action delay is set to 0 milliseconds

2021-06-22 02:12:18 - [MESSAGE][PASSED] - Browser is opened with url: 'https://dev-algorithm.govolution.com/vlinktest/QA/version_2_0/authcap.html'

2021-06-22 02:12:18 - [TEST_STEP][PASSED] - maximizeWindow(): Current window maximized

2021-06-22 02:12:19 - [MESSAGE][PASSED] - Current window maximized

2021-06-22 02:12:19 - [TEST_STEP][PASSED] - vlinkPages.saleCCPage.setDataSCC(row, dataFile): vlinkPages.saleCCPage.setDataSCC is PASSED

2021-06-22 02:12:21 - [MESSAGE][PASSED] - Object 'Object Repository/VLink/Page_CCSale/txt_CardNumber' is present

2021-06-22 02:12:21 - [MESSAGE][PASSED] - Object 'Object Repository/VLink/Page_CCSale/txt_TransactionType' is present

2021-06-22 02:12:22 - [MESSAGE][PASSED] - Text '104' is set on object 'Object Repository/VLink/Page_CCSale/txt_TransactionType'

2021-06-22 02:12:22 - [MESSAGE][PASSED] - Object 'Object Repository/VLink/Page_CCSale/txt_MessageVersion' is present

2021-06-22 02:12:22 - [MESSAGE][PASSED] - Text '2.0C' is set on object 'Object Repository/VLink/Page_CCSale/txt_MessageVersion'

2021-06-22 02:12:23 - [MESSAGE][PASSED] - Object 'Object Repository/VLink/Page_CCSale/txt_RemID' is present

2021-06-22 02:12:23 - [MESSAGE][PASSED] - Text 'qbfEIgaHRQSG' is set on object 'Object Repository/VLink/Page_CCSale/txt_RemID'

2021-06-22 02:12:24 - [MESSAGE][PASSED] - Object 'Object Repository/VLink/Page_CCSale/txt_ApplicationId' is present

2021-06-22 02:12:24 - [MESSAGE][PASSED] - Text '667' is set on object 'Object Repository/VLink/Page_CCSale/txt_ApplicationId'

2021-06-22 02:12:25 - [MESSAGE][PASSED] - Object 'Object Repository/VLink/Page_CCSale/txt_Username' is present

2021-06-22 02:12:25 - [MESSAGE][PASSED] - Text 'username' is set on object 'Object Repository/VLink/Page_CCSale/txt_Username'

2021-06-22 02:12:25 - [MESSAGE][PASSED] - Object 'Object Repository/VLink/Page_CCSale/txt_Password' is present

2021-06-22 02:12:26 - [MESSAGE][PASSED] - Text 'password' is set on object 'Object Repository/VLink/Page_CCSale/txt_Password'

2021-06-22 02:12:26 - [MESSAGE][PASSED] - Object 'Object Repository/VLink/Page_CCSale/txt_ResponseFormat' is present

2021-06-22 02:12:27 - [MESSAGE][PASSED] - Text 'fixed_width' is set on object 'Object Repository/VLink/Page_CCSale/txt_ResponseFormat'

2021-06-22 02:12:27 - [MESSAGE][PASSED] - Object 'Object Repository/VLink/Page_CCSale/txt_Category' is present

2021-06-22 02:12:28 - [MESSAGE][PASSED] - Text 'ECOM' is set on object 'Object Repository/VLink/Page_CCSale/txt_Category'

2021-06-22 02:12:28 - [MESSAGE][PASSED] - Object 'Object Repository/VLink/Page_CCSale/txt_TransactionID' is present

2021-06-22 02:12:29 - [MESSAGE][PASSED] - Text '' is set on object 'Object Repository/VLink/Page_CCSale/txt_TransactionID'

2021-06-22 02:12:29 - [MESSAGE][PASSED] - Object 'Object Repository/VLink/Page_CCSale/txt_ApprovalCode' is present

2021-06-22 02:12:30 - [MESSAGE][PASSED] - Text '' is set on object 'Object Repository/VLink/Page_CCSale/txt_ApprovalCode'

2021-06-22 02:12:30 - [MESSAGE][PASSED] - Object 'Object Repository/VLink/Page_CCSale/txt_CardName' is present

2021-06-22 02:12:31 - [MESSAGE][PASSED] - Text 'Arvind Silva' is set on object 'Object Repository/VLink/Page_CCSale/txt_CardName'

2021-06-22 02:12:31 - [MESSAGE][PASSED] - Object 'Object Repository/VLink/Page_CCSale/txt_AL1' is present

2021-06-22 02:12:32 - [MESSAGE][PASSED] - Text '111 Main Ave' is set on object 'Object Repository/VLink/Page_CCSale/txt_AL1'

2021-06-22 02:12:32 - [MESSAGE][PASSED] - Object 'Object Repository/VLink/Page_CCSale/txt_AL2' is present

2021-06-22 02:12:33 - [MESSAGE][PASSED] - Text '' is set on object 'Object Repository/VLink/Page_CCSale/txt_AL2'

2021-06-22 02:12:33 - [MESSAGE][PASSED] - Object 'Object Repository/VLink/Page_CCSale/txt_CardCity' is present

2021-06-22 02:12:34 - [MESSAGE][PASSED] - Text 'Arlington' is set on object 'Object Repository/VLink/Page_CCSale/txt_CardCity'

2021-06-22 02:12:34 - [MESSAGE][PASSED] - Object 'Object Repository/VLink/Page_CCSale/txt_CardState' is present

2021-06-22 02:12:35 - [MESSAGE][PASSED] - Text 'VA' is set on object 'Object Repository/VLink/Page_CCSale/txt_CardState'

2021-06-22 02:12:35 - [MESSAGE][PASSED] - Object 'Object Repository/VLink/Page_CCSale/txt_CardZIP' is present

2021-06-22 02:12:36 - [MESSAGE][PASSED] - Text '22201' is set on object 'Object Repository/VLink/Page_CCSale/txt_CardZIP'

2021-06-22 02:12:36 - [MESSAGE][PASSED] - Object 'Object Repository/VLink/Page_CCSale/txt_CountryID' is present

2021-06-22 02:12:37 - [MESSAGE][PASSED] - Text '' is set on object 'Object Repository/VLink/Page_CCSale/txt_CountryID'

2021-06-22 02:12:37 - [MESSAGE][PASSED] - Object 'Object Repository/VLink/Page_CCSale/txt_Amount' is present

2021-06-22 02:12:38 - [MESSAGE][PASSED] - Text '2.50' is set on object 'Object Repository/VLink/Page_CCSale/txt_Amount'

2021-06-22 02:12:38 - [MESSAGE][PASSED] - Object 'Object Repository/VLink/Page_CCSale/txt_CardNumber' is present

2021-06-22 02:12:39 - [MESSAGE][PASSED] - Text '5424000000000015' is set on object 'Object Repository/VLink/Page_CCSale/txt_CardNumber'

2021-06-22 02:12:39 - [MESSAGE][PASSED] - Object 'Object Repository/VLink/Page_CCSale/txt_ExpMonth' is present

2021-06-22 02:12:40 - [MESSAGE][PASSED] - Text '01' is set on object 'Object Repository/VLink/Page_CCSale/txt_ExpMonth'

2021-06-22 02:12:40 - [MESSAGE][PASSED] - Object 'Object Repository/VLink/Page_CCSale/txt_ExpYear' is present

2021-06-22 02:12:41 - [MESSAGE][PASSED] - Text '2026' is set on object 'Object Repository/VLink/Page_CCSale/txt_ExpYear'

2021-06-22 02:12:41 - [MESSAGE][PASSED] - Object 'Object Repository/VLink/Page_CCSale/txt_CVV' is present

2021-06-22 02:12:42 - [MESSAGE][PASSED] - Text '' is set on object 'Object Repository/VLink/Page_CCSale/txt_CVV'

2021-06-22 02:12:42 - [MESSAGE][PASSED] - Object 'Object Repository/VLink/Page_CCSale/txt_CVVstate' is present

2021-06-22 02:12:43 - [MESSAGE][PASSED] - Text '' is set on object 'Object Repository/VLink/Page_CCSale/txt_CVVstate'

2021-06-22 02:12:43 - [MESSAGE][PASSED] - Object 'Object Repository/VLink/Page_CCSale/txt_TrackData' is present

2021-06-22 02:12:44 - [MESSAGE][PASSED] - Text '' is set on object 'Object Repository/VLink/Page_CCSale/txt_TrackData'

2021-06-22 02:12:44 - [MESSAGE][PASSED] - Object 'Object Repository/VLink/Page_CCSale/txt_Track1Data' is present

2021-06-22 02:12:45 - [MESSAGE][PASSED] - Text '' is set on object 'Object Repository/VLink/Page_CCSale/txt_Track1Data'

2021-06-22 02:12:45 - [MESSAGE][PASSED] - Object 'Object Repository/VLink/Page_CCSale/txt_Track2Data' is present

2021-06-22 02:12:46 - [MESSAGE][PASSED] - Text '' is set on object 'Object Repository/VLink/Page_CCSale/txt_Track2Data'

2021-06-22 02:12:46 - [MESSAGE][PASSED] - Object 'Object Repository/VLink/Page_CCSale/txt_POSEntryMode' is present

2021-06-22 02:12:47 - [MESSAGE][PASSED] - Text 'manual' is set on object 'Object Repository/VLink/Page_CCSale/txt_POSEntryMode'

2021-06-22 02:12:47 - [MESSAGE][PASSED] - Object 'Object Repository/VLink/Page_CCSale/txt_Email' is present

2021-06-22 02:12:48 - [MESSAGE][PASSED] - Text '' is set on object 'Object Repository/VLink/Page_CCSale/txt_Email'

2021-06-22 02:12:48 - [MESSAGE][PASSED] - Object 'Object Repository/VLink/Page_CCSale/txt_OrderNumber' is present

2021-06-22 02:12:49 - [MESSAGE][PASSED] - Text '' is set on object 'Object Repository/VLink/Page_CCSale/txt_OrderNumber'

2021-06-22 02:12:49 - [MESSAGE][PASSED] - Object 'Object Repository/VLink/Page_CCSale/txt_TaxAmount' is present

2021-06-22 02:12:50 - [MESSAGE][PASSED] - Text '' is set on object 'Object Repository/VLink/Page_CCSale/txt_TaxAmount'

2021-06-22 02:12:50 - [MESSAGE][PASSED] - Object 'Object Repository/VLink/Page_CCSale/txt_ChargeDescription' is present

2021-06-22 02:12:51 - [MESSAGE][PASSED] - Text '' is set on object 'Object Repository/VLink/Page_CCSale/txt_ChargeDescription'

2021-06-22 02:12:51 - [MESSAGE][PASSED] - Object 'Object Repository/VLink/Page_CCSale/txt_CAN' is present

2021-06-22 02:12:52 - [MESSAGE][PASSED] - Text '' is set on object 'Object Repository/VLink/Page_CCSale/txt_CAN'

2021-06-22 02:12:52 - [MESSAGE][PASSED] - Object 'Object Repository/VLink/Page_CCSale/txt_BillPaymentIndicator' is present

2021-06-22 02:12:53 - [MESSAGE][PASSED] - Text '' is set on object 'Object Repository/VLink/Page_CCSale/txt_BillPaymentIndicator'

2021-06-22 02:12:53 - [MESSAGE][PASSED] - Object 'Object Repository/VLink/Page_CCSale/txt_UDF1' is present

2021-06-22 02:12:53 - [MESSAGE][PASSED] - Text '' is set on object 'Object Repository/VLink/Page_CCSale/txt_UDF1'

2021-06-22 02:12:54 - [MESSAGE][PASSED] - Object 'Object Repository/VLink/Page_CCSale/txt_UDF2' is present

2021-06-22 02:12:54 - [MESSAGE][PASSED] - Text '' is set on object 'Object Repository/VLink/Page_CCSale/txt_UDF2'

2021-06-22 02:12:55 - [MESSAGE][PASSED] - Object 'Object Repository/VLink/Page_CCSale/txt_UDF3' is present

2021-06-22 02:12:55 - [MESSAGE][PASSED] - Text '' is set on object 'Object Repository/VLink/Page_CCSale/txt_UDF3'

2021-06-22 02:12:56 - [MESSAGE][PASSED] - Object 'Object Repository/VLink/Page_CCSale/txt_UDF4' is present

2021-06-22 02:12:56 - [MESSAGE][PASSED] - Text '' is set on object 'Object Repository/VLink/Page_CCSale/txt_UDF4'

2021-06-22 02:12:57 - [MESSAGE][PASSED] - Object 'Object Repository/VLink/Page_CCSale/txt_UDF5' is present

2021-06-22 02:12:57 - [MESSAGE][PASSED] - Text '' is set on object 'Object Repository/VLink/Page_CCSale/txt_UDF5'

2021-06-22 02:12:58 - [MESSAGE][PASSED] - Object 'Object Repository/VLink/Page_CCSale/txt_UDF6' is present

2021-06-22 02:12:58 - [MESSAGE][PASSED] - Text '' is set on object 'Object Repository/VLink/Page_CCSale/txt_UDF6'

2021-06-22 02:12:59 - [MESSAGE][PASSED] - Object 'Object Repository/VLink/Page_CCSale/txt_UDF7' is present

2021-06-22 02:12:59 - [MESSAGE][PASSED] - Text '' is set on object 'Object Repository/VLink/Page_CCSale/txt_UDF7'

2021-06-22 02:13:00 - [MESSAGE][PASSED] - Object 'Object Repository/VLink/Page_CCSale/txt_UDF8' is present

2021-06-22 02:13:00 - [MESSAGE][PASSED] - Text '' is set on object 'Object Repository/VLink/Page_CCSale/txt_UDF8'

2021-06-22 02:13:01 - [MESSAGE][PASSED] - Object 'Object Repository/VLink/Page_CCSale/txt_UDF9' is present

2021-06-22 02:13:01 - [MESSAGE][PASSED] - Text '' is set on object 'Object Repository/VLink/Page_CCSale/txt_UDF9'

2021-06-22 02:13:02 - [MESSAGE][PASSED] - Object 'Object Repository/VLink/Page_CCSale/txt_UDF10' is present

2021-06-22 02:13:02 - [MESSAGE][PASSED] - Text '' is set on object 'Object Repository/VLink/Page_CCSale/txt_UDF10'

2021-06-22 02:13:03 - [MESSAGE][PASSED] - Object 'Object Repository/VLink/Page_CCSale/txt_CardOnFileIndicator' is present

2021-06-22 02:13:03 - [MESSAGE][PASSED] - Text '1' is set on object 'Object Repository/VLink/Page_CCSale/txt_CardOnFileIndicator'

2021-06-22 02:13:04 - [MESSAGE][PASSED] - Object 'Object Repository/VLink/Page_CCSale/txt_StoredCredentialIndicator' is present

2021-06-22 02:13:04 - [MESSAGE][PASSED] - Text 'Subsequent' is set on object 'Object Repository/VLink/Page_CCSale/txt_StoredCredentialIndicator'

2021-06-22 02:13:05 - [MESSAGE][PASSED] - Object 'Object Repository/VLink/Page_CCSale/txt_COFScheduledIndicator' is present

2021-06-22 02:13:05 - [MESSAGE][PASSED] - Text 'Scheduled' is set on object 'Object Repository/VLink/Page_CCSale/txt_COFScheduledIndicator'

2021-06-22 02:13:06 - [MESSAGE][PASSED] - Object 'Object Repository/VLink/Page_CCSale/txt_COFTransactionInitiatedBy' is present

2021-06-22 02:13:06 - [MESSAGE][PASSED] - Text 'Merchant' is set on object 'Object Repository/VLink/Page_CCSale/txt_COFTransactionInitiatedBy'

2021-06-22 02:13:12 - [MESSAGE][PASSED] - Object: 'Object Repository/VLink/Page_CCSale/btn_ProcessVLinkTransaction' is clicked on

2021-06-22 02:13:17 - [MESSAGE][PASSED] - vlinkPages.saleCCPage.setDataSCC is PASSED

2021-06-22 02:13:17 - [TEST_STEP][PASSED] - if (verifyTextPresent("Transaction approved, no errors", true)): null

2021-06-22 02:13:17 - [MESSAGE][PASSED] - Text 'Transaction approved, no errors' is present on page  using regular expression

2021-06-22 02:13:17 - [TEST_STEP][PASSED] - println("Transaction Approved, no errors text is present on the Confirmation page"): null

2021-06-22 02:13:17 - [TEST_STEP][PASSED] - out.println("Pass Record Number: " + row): null

2021-06-22 02:13:17 - [TEST_STEP][PASSED] - resText = "Pass": null

2021-06-22 02:13:17 - [TEST_STEP][PASSED] - pages.WriteExcel.demoKey(resText, datText, resColumn, datCloumn, fileLoc, nameSheet, row): pages.WriteExcel.demoKey is PASSED

2021-06-22 02:13:17 - [MESSAGE][PASSED] - pages.WriteExcel.demoKey is PASSED

2021-06-22 02:13:17 - [TEST_STEP][PASSED] - sdfo = getText(findTestObject("Object Repository/Page_VLinkReceipt/pre_STX")): Text of object 'Object Repository/Page_VLinkReceipt/pre_STX' is: '<STX>qbfEIgaHRQSG                  12098414            0  Transaction approved, no errors                   0                                                                                  Y 006317   <ETX>'

2021-06-22 02:13:17 - [MESSAGE][PASSED] - Text of object 'Object Repository/Page_VLinkReceipt/pre_STX' is: '<STX>qbfEIgaHRQSG                  12098414            0  Transaction approved, no errors                   0                                                                                  Y 006317   <ETX>'

2021-06-22 02:13:17 - [TEST_STEP][PASSED] - out.println("sdfo: " + sdfo): null

2021-06-22 02:13:17 - [TEST_STEP][PASSED] - remID = substring(5, 35).trim(): null

2021-06-22 02:13:17 - [TEST_STEP][PASSED] - out.println("Remittance ID: " + remID): null

2021-06-22 02:13:17 - [TEST_STEP][PASSED] - traxID = substring(35, 55).trim(): null

2021-06-22 02:13:17 - [TEST_STEP][PASSED] - out.println("Transaction ID: " + traxID): null

2021-06-22 02:13:17 - [TEST_STEP][PASSED] - out.println("End Record Number: " + row): null

2021-06-22 02:13:17 - [TEST_STEP][PASSED] - closeBrowser(): Browser is closed

2021-06-22 02:13:18 - [MESSAGE][PASSED] - Browser is closed

2021-06-22 02:13:18 - [TEST_STEP][PASSED] - out.println("Begin Record Number: " + row): null

2021-06-22 02:13:18 - [TEST_STEP][PASSED] - today = new java.util.Date(): null

2021-06-22 02:13:18 - [TEST_STEP][PASSED] - println(today): null

2021-06-22 02:13:18 - [TEST_STEP][PASSED] - datText = today: null

2021-06-22 02:13:18 - [TEST_STEP][PASSED] - openBrowser(VLinkURL + "authcap.html"): Browser is opened with url: 'https://dev-algorithm.govolution.com/vlinktest/QA/version_2_0/authcap.html'

2021-06-22 02:13:18 - [MESSAGE][INFO] - Starting 'Chrome' driver

2021-06-22 02:13:18 - [MESSAGE][INFO] - User set preference: ['acceptInsecureCerts', 'true']

2021-06-22 02:13:18 - [MESSAGE][INFO] - Action delay is set to 0 milliseconds

2021-06-22 02:13:20 - [MESSAGE][PASSED] - Browser is opened with url: 'https://dev-algorithm.govolution.com/vlinktest/QA/version_2_0/authcap.html'

2021-06-22 02:13:20 - [TEST_STEP][PASSED] - maximizeWindow(): Current window maximized

2021-06-22 02:13:20 - [MESSAGE][PASSED] - Current window maximized

2021-06-22 02:13:20 - [TEST_STEP][PASSED] - vlinkPages.saleCCPage.setDataSCC(row, dataFile): vlinkPages.saleCCPage.setDataSCC is PASSED

2021-06-22 02:13:22 - [MESSAGE][PASSED] - Object 'Object Repository/VLink/Page_CCSale/txt_CardNumber' is present

2021-06-22 02:13:22 - [MESSAGE][PASSED] - Object 'Object Repository/VLink/Page_CCSale/txt_TransactionType' is present

2021-06-22 02:13:23 - [MESSAGE][PASSED] - Text '104' is set on object 'Object Repository/VLink/Page_CCSale/txt_TransactionType'

2021-06-22 02:13:23 - [MESSAGE][PASSED] - Object 'Object Repository/VLink/Page_CCSale/txt_MessageVersion' is present

2021-06-22 02:13:24 - [MESSAGE][PASSED] - Text '2.0C' is set on object 'Object Repository/VLink/Page_CCSale/txt_MessageVersion'

2021-06-22 02:13:24 - [MESSAGE][PASSED] - Object 'Object Repository/VLink/Page_CCSale/txt_RemID' is present

2021-06-22 02:13:25 - [MESSAGE][PASSED] - Text 'ammsZtQ5QEYZ' is set on object 'Object Repository/VLink/Page_CCSale/txt_RemID'

2021-06-22 02:13:25 - [MESSAGE][PASSED] - Object 'Object Repository/VLink/Page_CCSale/txt_ApplicationId' is present

2021-06-22 02:13:26 - [MESSAGE][PASSED] - Text '667' is set on object 'Object Repository/VLink/Page_CCSale/txt_ApplicationId'

2021-06-22 02:13:26 - [MESSAGE][PASSED] - Object 'Object Repository/VLink/Page_CCSale/txt_Username' is present

2021-06-22 02:13:27 - [MESSAGE][PASSED] - Text 'username' is set on object 'Object Repository/VLink/Page_CCSale/txt_Username'

2021-06-22 02:13:27 - [MESSAGE][PASSED] - Object 'Object Repository/VLink/Page_CCSale/txt_Password' is present

2021-06-22 02:13:27 - [MESSAGE][PASSED] - Text 'password' is set on object 'Object Repository/VLink/Page_CCSale/txt_Password'

2021-06-22 02:13:28 - [MESSAGE][PASSED] - Object 'Object Repository/VLink/Page_CCSale/txt_ResponseFormat' is present

2021-06-22 02:13:28 - [MESSAGE][PASSED] - Text 'fixed_width' is set on object 'Object Repository/VLink/Page_CCSale/txt_ResponseFormat'

2021-06-22 02:13:29 - [MESSAGE][PASSED] - Object 'Object Repository/VLink/Page_CCSale/txt_Category' is present

2021-06-22 02:13:29 - [MESSAGE][PASSED] - Text 'ECOM' is set on object 'Object Repository/VLink/Page_CCSale/txt_Category'

2021-06-22 02:13:30 - [MESSAGE][PASSED] - Object 'Object Repository/VLink/Page_CCSale/txt_TransactionID' is present

2021-06-22 02:13:30 - [MESSAGE][PASSED] - Text '' is set on object 'Object Repository/VLink/Page_CCSale/txt_TransactionID'

2021-06-22 02:13:31 - [MESSAGE][PASSED] - Object 'Object Repository/VLink/Page_CCSale/txt_ApprovalCode' is present

2021-06-22 02:13:31 - [MESSAGE][PASSED] - Text '' is set on object 'Object Repository/VLink/Page_CCSale/txt_ApprovalCode'

2021-06-22 02:13:32 - [MESSAGE][PASSED] - Object 'Object Repository/VLink/Page_CCSale/txt_CardName' is present

2021-06-22 02:13:32 - [MESSAGE][PASSED] - Text 'Roshan Maha' is set on object 'Object Repository/VLink/Page_CCSale/txt_CardName'

2021-06-22 02:13:33 - [MESSAGE][PASSED] - Object 'Object Repository/VLink/Page_CCSale/txt_AL1' is present

2021-06-22 02:13:33 - [MESSAGE][PASSED] - Text '12563 Bazaar road' is set on object 'Object Repository/VLink/Page_CCSale/txt_AL1'

2021-06-22 02:13:34 - [MESSAGE][PASSED] - Object 'Object Repository/VLink/Page_CCSale/txt_AL2' is present

2021-06-22 02:13:34 - [MESSAGE][PASSED] - Text '' is set on object 'Object Repository/VLink/Page_CCSale/txt_AL2'

2021-06-22 02:13:35 - [MESSAGE][PASSED] - Object 'Object Repository/VLink/Page_CCSale/txt_CardCity' is present

2021-06-22 02:13:35 - [MESSAGE][PASSED] - Text 'Crofton' is set on object 'Object Repository/VLink/Page_CCSale/txt_CardCity'

2021-06-22 02:13:36 - [MESSAGE][PASSED] - Object 'Object Repository/VLink/Page_CCSale/txt_CardState' is present

2021-06-22 02:13:36 - [MESSAGE][PASSED] - Text 'MD' is set on object 'Object Repository/VLink/Page_CCSale/txt_CardState'

2021-06-22 02:13:37 - [MESSAGE][PASSED] - Object 'Object Repository/VLink/Page_CCSale/txt_CardZIP' is present

2021-06-22 02:13:37 - [MESSAGE][PASSED] - Text '21114' is set on object 'Object Repository/VLink/Page_CCSale/txt_CardZIP'

2021-06-22 02:13:38 - [MESSAGE][PASSED] - Object 'Object Repository/VLink/Page_CCSale/txt_CountryID' is present

2021-06-22 02:13:38 - [MESSAGE][PASSED] - Text '' is set on object 'Object Repository/VLink/Page_CCSale/txt_CountryID'

2021-06-22 02:13:39 - [MESSAGE][PASSED] - Object 'Object Repository/VLink/Page_CCSale/txt_Amount' is present

2021-06-22 02:13:39 - [MESSAGE][PASSED] - Text '3.50' is set on object 'Object Repository/VLink/Page_CCSale/txt_Amount'

2021-06-22 02:13:40 - [MESSAGE][PASSED] - Object 'Object Repository/VLink/Page_CCSale/txt_CardNumber' is present

2021-06-22 02:13:40 - [MESSAGE][PASSED] - Text '370000000000002' is set on object 'Object Repository/VLink/Page_CCSale/txt_CardNumber'

2021-06-22 02:13:41 - [MESSAGE][PASSED] - Object 'Object Repository/VLink/Page_CCSale/txt_ExpMonth' is present

2021-06-22 02:13:41 - [MESSAGE][PASSED] - Text '01' is set on object 'Object Repository/VLink/Page_CCSale/txt_ExpMonth'

2021-06-22 02:13:42 - [MESSAGE][PASSED] - Object 'Object Repository/VLink/Page_CCSale/txt_ExpYear' is present

2021-06-22 02:13:42 - [MESSAGE][PASSED] - Text '2026' is set on object 'Object Repository/VLink/Page_CCSale/txt_ExpYear'

2021-06-22 02:13:43 - [MESSAGE][PASSED] - Object 'Object Repository/VLink/Page_CCSale/txt_CVV' is present

2021-06-22 02:13:43 - [MESSAGE][PASSED] - Text '' is set on object 'Object Repository/VLink/Page_CCSale/txt_CVV'

2021-06-22 02:13:44 - [MESSAGE][PASSED] - Object 'Object Repository/VLink/Page_CCSale/txt_CVVstate' is present

2021-06-22 02:13:44 - [MESSAGE][PASSED] - Text '' is set on object 'Object Repository/VLink/Page_CCSale/txt_CVVstate'

2021-06-22 02:13:45 - [MESSAGE][PASSED] - Object 'Object Repository/VLink/Page_CCSale/txt_TrackData' is present

2021-06-22 02:13:45 - [MESSAGE][PASSED] - Text '' is set on object 'Object Repository/VLink/Page_CCSale/txt_TrackData'

2021-06-22 02:13:46 - [MESSAGE][PASSED] - Object 'Object Repository/VLink/Page_CCSale/txt_Track1Data' is present

2021-06-22 02:13:46 - [MESSAGE][PASSED] - Text '' is set on object 'Object Repository/VLink/Page_CCSale/txt_Track1Data'

2021-06-22 02:13:47 - [MESSAGE][PASSED] - Object 'Object Repository/VLink/Page_CCSale/txt_Track2Data' is present

2021-06-22 02:13:47 - [MESSAGE][PASSED] - Text '' is set on object 'Object Repository/VLink/Page_CCSale/txt_Track2Data'

2021-06-22 02:13:48 - [MESSAGE][PASSED] - Object 'Object Repository/VLink/Page_CCSale/txt_POSEntryMode' is present

2021-06-22 02:13:48 - [MESSAGE][PASSED] - Text 'manual' is set on object 'Object Repository/VLink/Page_CCSale/txt_POSEntryMode'

2021-06-22 02:13:49 - [MESSAGE][PASSED] - Object 'Object Repository/VLink/Page_CCSale/txt_Email' is present

2021-06-22 02:13:49 - [MESSAGE][PASSED] - Text '' is set on object 'Object Repository/VLink/Page_CCSale/txt_Email'

2021-06-22 02:13:50 - [MESSAGE][PASSED] - Object 'Object Repository/VLink/Page_CCSale/txt_OrderNumber' is present

2021-06-22 02:13:50 - [MESSAGE][PASSED] - Text '' is set on object 'Object Repository/VLink/Page_CCSale/txt_OrderNumber'

2021-06-22 02:13:51 - [MESSAGE][PASSED] - Object 'Object Repository/VLink/Page_CCSale/txt_TaxAmount' is present

2021-06-22 02:13:51 - [MESSAGE][PASSED] - Text '' is set on object 'Object Repository/VLink/Page_CCSale/txt_TaxAmount'

2021-06-22 02:13:52 - [MESSAGE][PASSED] - Object 'Object Repository/VLink/Page_CCSale/txt_ChargeDescription' is present

2021-06-22 02:13:52 - [MESSAGE][PASSED] - Text '' is set on object 'Object Repository/VLink/Page_CCSale/txt_ChargeDescription'

2021-06-22 02:13:53 - [MESSAGE][PASSED] - Object 'Object Repository/VLink/Page_CCSale/txt_CAN' is present

2021-06-22 02:13:53 - [MESSAGE][PASSED] - Text '' is set on object 'Object Repository/VLink/Page_CCSale/txt_CAN'

2021-06-22 02:13:54 - [MESSAGE][PASSED] - Object 'Object Repository/VLink/Page_CCSale/txt_BillPaymentIndicator' is present

2021-06-22 02:13:54 - [MESSAGE][PASSED] - Text '' is set on object 'Object Repository/VLink/Page_CCSale/txt_BillPaymentIndicator'

2021-06-22 02:13:55 - [MESSAGE][PASSED] - Object 'Object Repository/VLink/Page_CCSale/txt_UDF1' is present

2021-06-22 02:13:55 - [MESSAGE][PASSED] - Text '' is set on object 'Object Repository/VLink/Page_CCSale/txt_UDF1'

2021-06-22 02:13:56 - [MESSAGE][PASSED] - Object 'Object Repository/VLink/Page_CCSale/txt_UDF2' is present

2021-06-22 02:13:56 - [MESSAGE][PASSED] - Text '' is set on object 'Object Repository/VLink/Page_CCSale/txt_UDF2'

2021-06-22 02:13:57 - [MESSAGE][PASSED] - Object 'Object Repository/VLink/Page_CCSale/txt_UDF3' is present

2021-06-22 02:13:57 - [MESSAGE][PASSED] - Text '' is set on object 'Object Repository/VLink/Page_CCSale/txt_UDF3'

2021-06-22 02:13:58 - [MESSAGE][PASSED] - Object 'Object Repository/VLink/Page_CCSale/txt_UDF4' is present

2021-06-22 02:13:58 - [MESSAGE][PASSED] - Text '' is set on object 'Object Repository/VLink/Page_CCSale/txt_UDF4'

2021-06-22 02:13:59 - [MESSAGE][PASSED] - Object 'Object Repository/VLink/Page_CCSale/txt_UDF5' is present

2021-06-22 02:13:59 - [MESSAGE][PASSED] - Text '' is set on object 'Object Repository/VLink/Page_CCSale/txt_UDF5'

2021-06-22 02:14:00 - [MESSAGE][PASSED] - Object 'Object Repository/VLink/Page_CCSale/txt_UDF6' is present

2021-06-22 02:14:00 - [MESSAGE][PASSED] - Text '' is set on object 'Object Repository/VLink/Page_CCSale/txt_UDF6'

2021-06-22 02:14:01 - [MESSAGE][PASSED] - Object 'Object Repository/VLink/Page_CCSale/txt_UDF7' is present

2021-06-22 02:14:01 - [MESSAGE][PASSED] - Text '' is set on object 'Object Repository/VLink/Page_CCSale/txt_UDF7'

2021-06-22 02:14:02 - [MESSAGE][PASSED] - Object 'Object Repository/VLink/Page_CCSale/txt_UDF8' is present

2021-06-22 02:14:02 - [MESSAGE][PASSED] - Text '' is set on object 'Object Repository/VLink/Page_CCSale/txt_UDF8'

2021-06-22 02:14:03 - [MESSAGE][PASSED] - Object 'Object Repository/VLink/Page_CCSale/txt_UDF9' is present

2021-06-22 02:14:03 - [MESSAGE][PASSED] - Text '' is set on object 'Object Repository/VLink/Page_CCSale/txt_UDF9'

2021-06-22 02:14:04 - [MESSAGE][PASSED] - Object 'Object Repository/VLink/Page_CCSale/txt_UDF10' is present

2021-06-22 02:14:04 - [MESSAGE][PASSED] - Text '' is set on object 'Object Repository/VLink/Page_CCSale/txt_UDF10'

2021-06-22 02:14:05 - [MESSAGE][PASSED] - Object 'Object Repository/VLink/Page_CCSale/txt_CardOnFileIndicator' is present

2021-06-22 02:14:05 - [MESSAGE][PASSED] - Text '1' is set on object 'Object Repository/VLink/Page_CCSale/txt_CardOnFileIndicator'

2021-06-22 02:14:06 - [MESSAGE][PASSED] - Object 'Object Repository/VLink/Page_CCSale/txt_StoredCredentialIndicator' is present

2021-06-22 02:14:06 - [MESSAGE][PASSED] - Text 'Subsequent' is set on object 'Object Repository/VLink/Page_CCSale/txt_StoredCredentialIndicator'

2021-06-22 02:14:07 - [MESSAGE][PASSED] - Object 'Object Repository/VLink/Page_CCSale/txt_COFScheduledIndicator' is present

2021-06-22 02:14:07 - [MESSAGE][PASSED] - Text 'Scheduled' is set on object 'Object Repository/VLink/Page_CCSale/txt_COFScheduledIndicator'

2021-06-22 02:14:08 - [MESSAGE][PASSED] - Object 'Object Repository/VLink/Page_CCSale/txt_COFTransactionInitiatedBy' is present

2021-06-22 02:14:08 - [MESSAGE][PASSED] - Text 'Merchant' is set on object 'Object Repository/VLink/Page_CCSale/txt_COFTransactionInitiatedBy'

2021-06-22 02:14:12 - [MESSAGE][PASSED] - Object: 'Object Repository/VLink/Page_CCSale/btn_ProcessVLinkTransaction' is clicked on

2021-06-22 02:14:17 - [MESSAGE][PASSED] - vlinkPages.saleCCPage.setDataSCC is PASSED

2021-06-22 02:14:17 - [TEST_STEP][FAILED] - if (verifyTextPresent("Transaction approved, no errors", true)): Text 'Transaction approved, no errors' is not present on page  using regular expression (Root cause: com.kms.katalon.core.exception.StepFailedException: Text 'Transaction approved, no errors' is not present on page  using regular expression
	at com.kms.katalon.core.webui.keyword.internal.WebUIKeywordMain.stepFailed(WebUIKeywordMain.groovy:64)
	at com.kms.katalon.core.webui.keyword.builtin.VerifyTextPresentKeyword$_verifyTextPresent_closure1.doCall(VerifyTextPresentKeyword.groovy:79)
	at com.kms.katalon.core.webui.keyword.builtin.VerifyTextPresentKeyword$_verifyTextPresent_closure1.call(VerifyTextPresentKeyword.groovy)
	at com.kms.katalon.core.webui.keyword.internal.WebUIKeywordMain.runKeyword(WebUIKeywordMain.groovy:20)
	at com.kms.katalon.core.webui.keyword.builtin.VerifyTextPresentKeyword.verifyTextPresent(VerifyTextPresentKeyword.groovy:83)
	at com.kms.katalon.core.webui.keyword.builtin.VerifyTextPresentKeyword.execute(VerifyTextPresentKeyword.groovy:68)
	at com.kms.katalon.core.keyword.internal.KeywordExecutor.executeKeywordForPlatform(KeywordExecutor.groovy:72)
	at com.kms.katalon.core.webui.keyword.WebUiBuiltInKeywords.verifyTextPresent(WebUiBuiltInKeywords.groovy:1719)
	at com.kms.katalon.core.webui.keyword.WebUiBuiltInKeywords$verifyTextPresent$4.call(Unknown Source)
	at VLinkSale-Successful.run(VLinkSale-Successful:76)
	at com.kms.katalon.core.main.ScriptEngine.run(ScriptEngine.java:194)
	at com.kms.katalon.core.main.ScriptEngine.runScriptAsRawText(ScriptEngine.java:119)
	at com.kms.katalon.core.main.TestCaseExecutor.runScript(TestCaseExecutor.java:337)
	at com.kms.katalon.core.main.TestCaseExecutor.doExecute(TestCaseExecutor.java:328)
	at com.kms.katalon.core.main.TestCaseExecutor.processExecutionPhase(TestCaseExecutor.java:307)
	at com.kms.katalon.core.main.TestCaseExecutor.accessMainPhase(TestCaseExecutor.java:299)
	at com.kms.katalon.core.main.TestCaseExecutor.execute(TestCaseExecutor.java:233)
	at com.kms.katalon.core.main.TestSuiteExecutor.accessTestCaseMainPhase(TestSuiteExecutor.java:169)
	at com.kms.katalon.core.main.TestSuiteExecutor.accessTestSuiteMainPhase(TestSuiteExecutor.java:142)
	at com.kms.katalon.core.main.TestSuiteExecutor.execute(TestSuiteExecutor.java:91)
	at com.kms.katalon.core.main.TestCaseMain.startTestSuite(TestCaseMain.java:157)
	at com.kms.katalon.core.main.TestCaseMain$startTestSuite$0.call(Unknown Source)
	at TempTestSuite1624337272106.run(TempTestSuite1624337272106.groovy:37)
)

2021-06-22 02:14:18 - [MESSAGE][FAILED] - Text 'Transaction approved, no errors' is not present on page  using regular expression (Root cause: com.kms.katalon.core.exception.StepFailedException: Text 'Transaction approved, no errors' is not present on page  using regular expression
	at com.kms.katalon.core.webui.keyword.internal.WebUIKeywordMain.stepFailed(WebUIKeywordMain.groovy:64)
	at com.kms.katalon.core.webui.keyword.builtin.VerifyTextPresentKeyword$_verifyTextPresent_closure1.doCall(VerifyTextPresentKeyword.groovy:79)
	at com.kms.katalon.core.webui.keyword.builtin.VerifyTextPresentKeyword$_verifyTextPresent_closure1.call(VerifyTextPresentKeyword.groovy)
	at com.kms.katalon.core.webui.keyword.internal.WebUIKeywordMain.runKeyword(WebUIKeywordMain.groovy:20)
	at com.kms.katalon.core.webui.keyword.builtin.VerifyTextPresentKeyword.verifyTextPresent(VerifyTextPresentKeyword.groovy:83)
	at com.kms.katalon.core.webui.keyword.builtin.VerifyTextPresentKeyword.execute(VerifyTextPresentKeyword.groovy:68)
	at com.kms.katalon.core.keyword.internal.KeywordExecutor.executeKeywordForPlatform(KeywordExecutor.groovy:72)
	at com.kms.katalon.core.webui.keyword.WebUiBuiltInKeywords.verifyTextPresent(WebUiBuiltInKeywords.groovy:1719)
	at com.kms.katalon.core.webui.keyword.WebUiBuiltInKeywords$verifyTextPresent$4.call(Unknown Source)
	at VLinkSale-Successful.run(VLinkSale-Successful:76)
	at com.kms.katalon.core.main.ScriptEngine.run(ScriptEngine.java:194)
	at com.kms.katalon.core.main.ScriptEngine.runScriptAsRawText(ScriptEngine.java:119)
	at com.kms.katalon.core.main.TestCaseExecutor.runScript(TestCaseExecutor.java:337)
	at com.kms.katalon.core.main.TestCaseExecutor.doExecute(TestCaseExecutor.java:328)
	at com.kms.katalon.core.main.TestCaseExecutor.processExecutionPhase(TestCaseExecutor.java:307)
	at com.kms.katalon.core.main.TestCaseExecutor.accessMainPhase(TestCaseExecutor.java:299)
	at com.kms.katalon.core.main.TestCaseExecutor.execute(TestCaseExecutor.java:233)
	at com.kms.katalon.core.main.TestSuiteExecutor.accessTestCaseMainPhase(TestSuiteExecutor.java:169)
	at com.kms.katalon.core.main.TestSuiteExecutor.accessTestSuiteMainPhase(TestSuiteExecutor.java:142)
	at com.kms.katalon.core.main.TestSuiteExecutor.execute(TestSuiteExecutor.java:91)
	at com.kms.katalon.core.main.TestCaseMain.startTestSuite(TestCaseMain.java:157)
	at com.kms.katalon.core.main.TestCaseMain$startTestSuite$0.call(Unknown Source)
	at TempTestSuite1624337272106.run(TempTestSuite1624337272106.groovy:37)
)

2021-06-22 02:14:18 - [TEST_STEP][PASSED] - else: pages.WriteExcel.demoKey is PASSED

2021-06-22 02:14:18 - [TEST_STEP][PASSED] - println("Transaction Approved, no errors text is not present on the Confirmation page"): null

2021-06-22 02:14:18 - [TEST_STEP][PASSED] - out.println("Fail Record Number: " + row): null

2021-06-22 02:14:18 - [TEST_STEP][PASSED] - resText = "Fail": null

2021-06-22 02:14:18 - [TEST_STEP][PASSED] - pages.WriteExcel.demoKey(resText, datText, resColumn, datCloumn, fileLoc, nameSheet, row): pages.WriteExcel.demoKey is PASSED

2021-06-22 02:14:18 - [MESSAGE][PASSED] - pages.WriteExcel.demoKey is PASSED

2021-06-22 02:14:18 - [TEST_STEP][PASSED] - sdfo = getText(findTestObject("Object Repository/Page_VLinkReceipt/pre_STX")): Text of object 'Object Repository/Page_VLinkReceipt/pre_STX' is: '<STX>ammsZtQ5QEYZ                  12098415            2  Transaction failed                                105Processor reported error                                                        U          <ETX>'

2021-06-22 02:14:18 - [MESSAGE][PASSED] - Text of object 'Object Repository/Page_VLinkReceipt/pre_STX' is: '<STX>ammsZtQ5QEYZ                  12098415            2  Transaction failed                                105Processor reported error                                                        U          <ETX>'

2021-06-22 02:14:18 - [TEST_STEP][PASSED] - out.println("sdfo: " + sdfo): null

2021-06-22 02:14:18 - [TEST_STEP][PASSED] - remID = substring(5, 35).trim(): null

2021-06-22 02:14:18 - [TEST_STEP][PASSED] - out.println("Remittance ID: " + remID): null

2021-06-22 02:14:18 - [TEST_STEP][PASSED] - traxID = substring(35, 55).trim(): null

2021-06-22 02:14:18 - [TEST_STEP][PASSED] - out.println("Transaction ID: " + traxID): null

2021-06-22 02:14:18 - [TEST_STEP][PASSED] - out.println("End Record Number: " + row): null

2021-06-22 02:14:18 - [TEST_STEP][PASSED] - closeBrowser(): Browser is closed

2021-06-22 02:14:19 - [MESSAGE][PASSED] - Browser is closed

2021-06-22 02:14:19 - [TEST_STEP][PASSED] - out.println("Begin Record Number: " + row): null

2021-06-22 02:14:19 - [TEST_STEP][PASSED] - today = new java.util.Date(): null

2021-06-22 02:14:19 - [TEST_STEP][PASSED] - println(today): null

2021-06-22 02:14:19 - [TEST_STEP][PASSED] - datText = today: null

2021-06-22 02:14:19 - [TEST_STEP][PASSED] - openBrowser(VLinkURL + "authcap.html"): Browser is opened with url: 'https://dev-algorithm.govolution.com/vlinktest/QA/version_2_0/authcap.html'

2021-06-22 02:14:19 - [MESSAGE][INFO] - Starting 'Chrome' driver

2021-06-22 02:14:19 - [MESSAGE][INFO] - User set preference: ['acceptInsecureCerts', 'true']

2021-06-22 02:14:19 - [MESSAGE][INFO] - Action delay is set to 0 milliseconds

2021-06-22 02:14:20 - [MESSAGE][PASSED] - Browser is opened with url: 'https://dev-algorithm.govolution.com/vlinktest/QA/version_2_0/authcap.html'

2021-06-22 02:14:20 - [TEST_STEP][PASSED] - maximizeWindow(): Current window maximized

2021-06-22 02:14:21 - [MESSAGE][PASSED] - Current window maximized

2021-06-22 02:14:21 - [TEST_STEP][PASSED] - vlinkPages.saleCCPage.setDataSCC(row, dataFile): vlinkPages.saleCCPage.setDataSCC is PASSED

2021-06-22 02:14:23 - [MESSAGE][PASSED] - Object 'Object Repository/VLink/Page_CCSale/txt_CardNumber' is present

2021-06-22 02:14:23 - [MESSAGE][PASSED] - Object 'Object Repository/VLink/Page_CCSale/txt_TransactionType' is present

2021-06-22 02:14:23 - [MESSAGE][PASSED] - Text '104' is set on object 'Object Repository/VLink/Page_CCSale/txt_TransactionType'

2021-06-22 02:14:24 - [MESSAGE][PASSED] - Object 'Object Repository/VLink/Page_CCSale/txt_MessageVersion' is present

2021-06-22 02:14:24 - [MESSAGE][PASSED] - Text '2.0C' is set on object 'Object Repository/VLink/Page_CCSale/txt_MessageVersion'

2021-06-22 02:14:25 - [MESSAGE][PASSED] - Object 'Object Repository/VLink/Page_CCSale/txt_RemID' is present

2021-06-22 02:14:25 - [MESSAGE][PASSED] - Text 'zPeARMmp1rdu' is set on object 'Object Repository/VLink/Page_CCSale/txt_RemID'

2021-06-22 02:14:26 - [MESSAGE][PASSED] - Object 'Object Repository/VLink/Page_CCSale/txt_ApplicationId' is present

2021-06-22 02:14:26 - [MESSAGE][PASSED] - Text '667' is set on object 'Object Repository/VLink/Page_CCSale/txt_ApplicationId'

2021-06-22 02:14:26 - [MESSAGE][PASSED] - Object 'Object Repository/VLink/Page_CCSale/txt_Username' is present

2021-06-22 02:14:27 - [MESSAGE][PASSED] - Text 'username' is set on object 'Object Repository/VLink/Page_CCSale/txt_Username'

2021-06-22 02:14:27 - [MESSAGE][PASSED] - Object 'Object Repository/VLink/Page_CCSale/txt_Password' is present

2021-06-22 02:14:28 - [MESSAGE][PASSED] - Text 'password' is set on object 'Object Repository/VLink/Page_CCSale/txt_Password'

2021-06-22 02:14:28 - [MESSAGE][PASSED] - Object 'Object Repository/VLink/Page_CCSale/txt_ResponseFormat' is present

2021-06-22 02:14:29 - [MESSAGE][PASSED] - Text 'fixed_width' is set on object 'Object Repository/VLink/Page_CCSale/txt_ResponseFormat'

2021-06-22 02:14:29 - [MESSAGE][PASSED] - Object 'Object Repository/VLink/Page_CCSale/txt_Category' is present

2021-06-22 02:14:30 - [MESSAGE][PASSED] - Text 'ECOM' is set on object 'Object Repository/VLink/Page_CCSale/txt_Category'

2021-06-22 02:14:30 - [MESSAGE][PASSED] - Object 'Object Repository/VLink/Page_CCSale/txt_TransactionID' is present

2021-06-22 02:14:31 - [MESSAGE][PASSED] - Text '' is set on object 'Object Repository/VLink/Page_CCSale/txt_TransactionID'

2021-06-22 02:14:31 - [MESSAGE][PASSED] - Object 'Object Repository/VLink/Page_CCSale/txt_ApprovalCode' is present

2021-06-22 02:14:32 - [MESSAGE][PASSED] - Text '' is set on object 'Object Repository/VLink/Page_CCSale/txt_ApprovalCode'

2021-06-22 02:14:32 - [MESSAGE][PASSED] - Object 'Object Repository/VLink/Page_CCSale/txt_CardName' is present

2021-06-22 02:14:33 - [MESSAGE][PASSED] - Text 'Kris Roshan' is set on object 'Object Repository/VLink/Page_CCSale/txt_CardName'

2021-06-22 02:14:33 - [MESSAGE][PASSED] - Object 'Object Repository/VLink/Page_CCSale/txt_AL1' is present

2021-06-22 02:14:34 - [MESSAGE][PASSED] - Text '258 Elm Road' is set on object 'Object Repository/VLink/Page_CCSale/txt_AL1'

2021-06-22 02:14:34 - [MESSAGE][PASSED] - Object 'Object Repository/VLink/Page_CCSale/txt_AL2' is present

2021-06-22 02:14:35 - [MESSAGE][PASSED] - Text 'Suite 56' is set on object 'Object Repository/VLink/Page_CCSale/txt_AL2'

2021-06-22 02:14:35 - [MESSAGE][PASSED] - Object 'Object Repository/VLink/Page_CCSale/txt_CardCity' is present

2021-06-22 02:14:36 - [MESSAGE][PASSED] - Text 'Arlington' is set on object 'Object Repository/VLink/Page_CCSale/txt_CardCity'

2021-06-22 02:14:36 - [MESSAGE][PASSED] - Object 'Object Repository/VLink/Page_CCSale/txt_CardState' is present

2021-06-22 02:14:37 - [MESSAGE][PASSED] - Text 'VA' is set on object 'Object Repository/VLink/Page_CCSale/txt_CardState'

2021-06-22 02:14:37 - [MESSAGE][PASSED] - Object 'Object Repository/VLink/Page_CCSale/txt_CardZIP' is present

2021-06-22 02:14:38 - [MESSAGE][PASSED] - Text '22201' is set on object 'Object Repository/VLink/Page_CCSale/txt_CardZIP'

2021-06-22 02:14:38 - [MESSAGE][PASSED] - Object 'Object Repository/VLink/Page_CCSale/txt_CountryID' is present

2021-06-22 02:14:39 - [MESSAGE][PASSED] - Text '840' is set on object 'Object Repository/VLink/Page_CCSale/txt_CountryID'

2021-06-22 02:14:39 - [MESSAGE][PASSED] - Object 'Object Repository/VLink/Page_CCSale/txt_Amount' is present

2021-06-22 02:14:40 - [MESSAGE][PASSED] - Text '1.50' is set on object 'Object Repository/VLink/Page_CCSale/txt_Amount'

2021-06-22 02:14:40 - [MESSAGE][PASSED] - Object 'Object Repository/VLink/Page_CCSale/txt_CardNumber' is present

2021-06-22 02:14:41 - [MESSAGE][PASSED] - Text '6011000000000004' is set on object 'Object Repository/VLink/Page_CCSale/txt_CardNumber'

2021-06-22 02:14:41 - [MESSAGE][PASSED] - Object 'Object Repository/VLink/Page_CCSale/txt_ExpMonth' is present

2021-06-22 02:14:42 - [MESSAGE][PASSED] - Text '12' is set on object 'Object Repository/VLink/Page_CCSale/txt_ExpMonth'

2021-06-22 02:14:42 - [MESSAGE][PASSED] - Object 'Object Repository/VLink/Page_CCSale/txt_ExpYear' is present

2021-06-22 02:14:43 - [MESSAGE][PASSED] - Text '2025' is set on object 'Object Repository/VLink/Page_CCSale/txt_ExpYear'

2021-06-22 02:14:43 - [MESSAGE][PASSED] - Object 'Object Repository/VLink/Page_CCSale/txt_CVV' is present

2021-06-22 02:14:44 - [MESSAGE][PASSED] - Text '' is set on object 'Object Repository/VLink/Page_CCSale/txt_CVV'

2021-06-22 02:14:44 - [MESSAGE][PASSED] - Object 'Object Repository/VLink/Page_CCSale/txt_CVVstate' is present

2021-06-22 02:14:45 - [MESSAGE][PASSED] - Text '' is set on object 'Object Repository/VLink/Page_CCSale/txt_CVVstate'

2021-06-22 02:14:45 - [MESSAGE][PASSED] - Object 'Object Repository/VLink/Page_CCSale/txt_TrackData' is present

2021-06-22 02:14:46 - [MESSAGE][PASSED] - Text '' is set on object 'Object Repository/VLink/Page_CCSale/txt_TrackData'

2021-06-22 02:14:46 - [MESSAGE][PASSED] - Object 'Object Repository/VLink/Page_CCSale/txt_Track1Data' is present

2021-06-22 02:14:47 - [MESSAGE][PASSED] - Text '' is set on object 'Object Repository/VLink/Page_CCSale/txt_Track1Data'

2021-06-22 02:14:47 - [MESSAGE][PASSED] - Object 'Object Repository/VLink/Page_CCSale/txt_Track2Data' is present

2021-06-22 02:14:48 - [MESSAGE][PASSED] - Text '' is set on object 'Object Repository/VLink/Page_CCSale/txt_Track2Data'

2021-06-22 02:14:48 - [MESSAGE][PASSED] - Object 'Object Repository/VLink/Page_CCSale/txt_POSEntryMode' is present

2021-06-22 02:14:49 - [MESSAGE][PASSED] - Text 'manual' is set on object 'Object Repository/VLink/Page_CCSale/txt_POSEntryMode'

2021-06-22 02:14:49 - [MESSAGE][PASSED] - Object 'Object Repository/VLink/Page_CCSale/txt_Email' is present

2021-06-22 02:14:50 - [MESSAGE][PASSED] - Text 'iahmed@govolution.com' is set on object 'Object Repository/VLink/Page_CCSale/txt_Email'

2021-06-22 02:14:50 - [MESSAGE][PASSED] - Object 'Object Repository/VLink/Page_CCSale/txt_OrderNumber' is present

2021-06-22 02:14:51 - [MESSAGE][PASSED] - Text '2569362' is set on object 'Object Repository/VLink/Page_CCSale/txt_OrderNumber'

2021-06-22 02:14:51 - [MESSAGE][PASSED] - Object 'Object Repository/VLink/Page_CCSale/txt_TaxAmount' is present

2021-06-22 02:14:52 - [MESSAGE][PASSED] - Text '1.15' is set on object 'Object Repository/VLink/Page_CCSale/txt_TaxAmount'

2021-06-22 02:14:52 - [MESSAGE][PASSED] - Object 'Object Repository/VLink/Page_CCSale/txt_ChargeDescription' is present

2021-06-22 02:14:52 - [MESSAGE][PASSED] - Text 'Charge Description' is set on object 'Object Repository/VLink/Page_CCSale/txt_ChargeDescription'

2021-06-22 02:14:53 - [MESSAGE][PASSED] - Object 'Object Repository/VLink/Page_CCSale/txt_CAN' is present

2021-06-22 02:14:53 - [MESSAGE][PASSED] - Text '147357' is set on object 'Object Repository/VLink/Page_CCSale/txt_CAN'

2021-06-22 02:14:54 - [MESSAGE][PASSED] - Object 'Object Repository/VLink/Page_CCSale/txt_BillPaymentIndicator' is present

2021-06-22 02:14:55 - [MESSAGE][PASSED] - Text '1' is set on object 'Object Repository/VLink/Page_CCSale/txt_BillPaymentIndicator'

2021-06-22 02:14:55 - [MESSAGE][PASSED] - Object 'Object Repository/VLink/Page_CCSale/txt_UDF1' is present

2021-06-22 02:14:56 - [MESSAGE][PASSED] - Text 'UDF Data 1' is set on object 'Object Repository/VLink/Page_CCSale/txt_UDF1'

2021-06-22 02:14:56 - [MESSAGE][PASSED] - Object 'Object Repository/VLink/Page_CCSale/txt_UDF2' is present

2021-06-22 02:14:57 - [MESSAGE][PASSED] - Text 'UDF Data 2' is set on object 'Object Repository/VLink/Page_CCSale/txt_UDF2'

2021-06-22 02:14:57 - [MESSAGE][PASSED] - Object 'Object Repository/VLink/Page_CCSale/txt_UDF3' is present

2021-06-22 02:14:58 - [MESSAGE][PASSED] - Text 'UDF Data 3' is set on object 'Object Repository/VLink/Page_CCSale/txt_UDF3'

2021-06-22 02:14:58 - [MESSAGE][PASSED] - Object 'Object Repository/VLink/Page_CCSale/txt_UDF4' is present

2021-06-22 02:14:59 - [MESSAGE][PASSED] - Text 'UDF Data 4' is set on object 'Object Repository/VLink/Page_CCSale/txt_UDF4'

2021-06-22 02:14:59 - [MESSAGE][PASSED] - Object 'Object Repository/VLink/Page_CCSale/txt_UDF5' is present

2021-06-22 02:15:00 - [MESSAGE][PASSED] - Text 'UDF Data 5' is set on object 'Object Repository/VLink/Page_CCSale/txt_UDF5'

2021-06-22 02:15:00 - [MESSAGE][PASSED] - Object 'Object Repository/VLink/Page_CCSale/txt_UDF6' is present

2021-06-22 02:15:01 - [MESSAGE][PASSED] - Text 'UDF Data 6' is set on object 'Object Repository/VLink/Page_CCSale/txt_UDF6'

2021-06-22 02:15:01 - [MESSAGE][PASSED] - Object 'Object Repository/VLink/Page_CCSale/txt_UDF7' is present

2021-06-22 02:15:02 - [MESSAGE][PASSED] - Text 'UDF Data 7' is set on object 'Object Repository/VLink/Page_CCSale/txt_UDF7'

2021-06-22 02:15:02 - [MESSAGE][PASSED] - Object 'Object Repository/VLink/Page_CCSale/txt_UDF8' is present

2021-06-22 02:15:03 - [MESSAGE][PASSED] - Text 'UDF Data 8' is set on object 'Object Repository/VLink/Page_CCSale/txt_UDF8'

2021-06-22 02:15:03 - [MESSAGE][PASSED] - Object 'Object Repository/VLink/Page_CCSale/txt_UDF9' is present

2021-06-22 02:15:04 - [MESSAGE][PASSED] - Text 'UDF Data 9' is set on object 'Object Repository/VLink/Page_CCSale/txt_UDF9'

2021-06-22 02:15:04 - [MESSAGE][PASSED] - Object 'Object Repository/VLink/Page_CCSale/txt_UDF10' is present

2021-06-22 02:15:05 - [MESSAGE][PASSED] - Text 'UDF Data 10' is set on object 'Object Repository/VLink/Page_CCSale/txt_UDF10'

2021-06-22 02:15:05 - [MESSAGE][PASSED] - Object 'Object Repository/VLink/Page_CCSale/txt_CardOnFileIndicator' is present

2021-06-22 02:15:06 - [MESSAGE][PASSED] - Text '1' is set on object 'Object Repository/VLink/Page_CCSale/txt_CardOnFileIndicator'

2021-06-22 02:15:06 - [MESSAGE][PASSED] - Object 'Object Repository/VLink/Page_CCSale/txt_StoredCredentialIndicator' is present

2021-06-22 02:15:07 - [MESSAGE][PASSED] - Text 'Subsequent' is set on object 'Object Repository/VLink/Page_CCSale/txt_StoredCredentialIndicator'

2021-06-22 02:15:07 - [MESSAGE][PASSED] - Object 'Object Repository/VLink/Page_CCSale/txt_COFScheduledIndicator' is present

2021-06-22 02:15:08 - [MESSAGE][PASSED] - Text 'Scheduled' is set on object 'Object Repository/VLink/Page_CCSale/txt_COFScheduledIndicator'

2021-06-22 02:15:08 - [MESSAGE][PASSED] - Object 'Object Repository/VLink/Page_CCSale/txt_COFTransactionInitiatedBy' is present

2021-06-22 02:15:09 - [MESSAGE][PASSED] - Text 'Merchant' is set on object 'Object Repository/VLink/Page_CCSale/txt_COFTransactionInitiatedBy'

2021-06-22 02:15:14 - [MESSAGE][PASSED] - Object: 'Object Repository/VLink/Page_CCSale/btn_ProcessVLinkTransaction' is clicked on

2021-06-22 02:15:19 - [MESSAGE][PASSED] - vlinkPages.saleCCPage.setDataSCC is PASSED

2021-06-22 02:15:19 - [TEST_STEP][PASSED] - if (verifyTextPresent("Transaction approved, no errors", true)): null

2021-06-22 02:15:19 - [MESSAGE][PASSED] - Text 'Transaction approved, no errors' is present on page  using regular expression

2021-06-22 02:15:19 - [TEST_STEP][PASSED] - println("Transaction Approved, no errors text is present on the Confirmation page"): null

2021-06-22 02:15:19 - [TEST_STEP][PASSED] - out.println("Pass Record Number: " + row): null

2021-06-22 02:15:19 - [TEST_STEP][PASSED] - resText = "Pass": null

2021-06-22 02:15:19 - [TEST_STEP][PASSED] - pages.WriteExcel.demoKey(resText, datText, resColumn, datCloumn, fileLoc, nameSheet, row): pages.WriteExcel.demoKey is PASSED

2021-06-22 02:15:19 - [MESSAGE][PASSED] - pages.WriteExcel.demoKey is PASSED

2021-06-22 02:15:19 - [TEST_STEP][PASSED] - sdfo = getText(findTestObject("Object Repository/Page_VLinkReceipt/pre_STX")): Text of object 'Object Repository/Page_VLinkReceipt/pre_STX' is: '<STX>zPeARMmp1rdu                  12098416            0  Transaction approved, no errors                   0                                                                                  Y OK6203   <ETX>'

2021-06-22 02:15:19 - [MESSAGE][PASSED] - Text of object 'Object Repository/Page_VLinkReceipt/pre_STX' is: '<STX>zPeARMmp1rdu                  12098416            0  Transaction approved, no errors                   0                                                                                  Y OK6203   <ETX>'

2021-06-22 02:15:19 - [TEST_STEP][PASSED] - out.println("sdfo: " + sdfo): null

2021-06-22 02:15:19 - [TEST_STEP][PASSED] - remID = substring(5, 35).trim(): null

2021-06-22 02:15:19 - [TEST_STEP][PASSED] - out.println("Remittance ID: " + remID): null

2021-06-22 02:15:19 - [TEST_STEP][PASSED] - traxID = substring(35, 55).trim(): null

2021-06-22 02:15:19 - [TEST_STEP][PASSED] - out.println("Transaction ID: " + traxID): null

2021-06-22 02:15:19 - [TEST_STEP][PASSED] - out.println("End Record Number: " + row): null

2021-06-22 02:15:19 - [TEST_STEP][PASSED] - closeBrowser(): Browser is closed

2021-06-22 02:15:20 - [MESSAGE][PASSED] - Browser is closed

2021-06-22 02:15:20 - [TEST_STEP][PASSED] - out.println("Begin Record Number: " + row): null

2021-06-22 02:15:20 - [TEST_STEP][PASSED] - today = new java.util.Date(): null

2021-06-22 02:15:20 - [TEST_STEP][PASSED] - println(today): null

2021-06-22 02:15:20 - [TEST_STEP][PASSED] - datText = today: null

2021-06-22 02:15:20 - [TEST_STEP][PASSED] - openBrowser(VLinkURL + "authcap.html"): Browser is opened with url: 'https://dev-algorithm.govolution.com/vlinktest/QA/version_2_0/authcap.html'

2021-06-22 02:15:20 - [MESSAGE][INFO] - Starting 'Chrome' driver

2021-06-22 02:15:20 - [MESSAGE][INFO] - User set preference: ['acceptInsecureCerts', 'true']

2021-06-22 02:15:20 - [MESSAGE][INFO] - Action delay is set to 0 milliseconds

2021-06-22 02:15:22 - [MESSAGE][PASSED] - Browser is opened with url: 'https://dev-algorithm.govolution.com/vlinktest/QA/version_2_0/authcap.html'

2021-06-22 02:15:22 - [TEST_STEP][PASSED] - maximizeWindow(): Current window maximized

2021-06-22 02:15:22 - [MESSAGE][PASSED] - Current window maximized

2021-06-22 02:15:22 - [TEST_STEP][PASSED] - vlinkPages.saleCCPage.setDataSCC(row, dataFile): vlinkPages.saleCCPage.setDataSCC is PASSED

2021-06-22 02:15:24 - [MESSAGE][PASSED] - Object 'Object Repository/VLink/Page_CCSale/txt_CardNumber' is present

2021-06-22 02:15:24 - [MESSAGE][PASSED] - Object 'Object Repository/VLink/Page_CCSale/txt_TransactionType' is present

2021-06-22 02:15:25 - [MESSAGE][PASSED] - Text '104' is set on object 'Object Repository/VLink/Page_CCSale/txt_TransactionType'

2021-06-22 02:15:25 - [MESSAGE][PASSED] - Object 'Object Repository/VLink/Page_CCSale/txt_MessageVersion' is present

2021-06-22 02:15:26 - [MESSAGE][PASSED] - Text '2.0C' is set on object 'Object Repository/VLink/Page_CCSale/txt_MessageVersion'

2021-06-22 02:15:26 - [MESSAGE][PASSED] - Object 'Object Repository/VLink/Page_CCSale/txt_RemID' is present

2021-06-22 02:15:27 - [MESSAGE][PASSED] - Text 'hNvJnpUyoQsF' is set on object 'Object Repository/VLink/Page_CCSale/txt_RemID'

2021-06-22 02:15:27 - [MESSAGE][PASSED] - Object 'Object Repository/VLink/Page_CCSale/txt_ApplicationId' is present

2021-06-22 02:15:28 - [MESSAGE][PASSED] - Text '670' is set on object 'Object Repository/VLink/Page_CCSale/txt_ApplicationId'

2021-06-22 02:15:28 - [MESSAGE][PASSED] - Object 'Object Repository/VLink/Page_CCSale/txt_Username' is present

2021-06-22 02:15:28 - [MESSAGE][PASSED] - Text 'username' is set on object 'Object Repository/VLink/Page_CCSale/txt_Username'

2021-06-22 02:15:29 - [MESSAGE][PASSED] - Object 'Object Repository/VLink/Page_CCSale/txt_Password' is present

2021-06-22 02:15:29 - [MESSAGE][PASSED] - Text 'password' is set on object 'Object Repository/VLink/Page_CCSale/txt_Password'

2021-06-22 02:15:30 - [MESSAGE][PASSED] - Object 'Object Repository/VLink/Page_CCSale/txt_ResponseFormat' is present

2021-06-22 02:15:30 - [MESSAGE][PASSED] - Text 'fixed_width' is set on object 'Object Repository/VLink/Page_CCSale/txt_ResponseFormat'

2021-06-22 02:15:31 - [MESSAGE][PASSED] - Object 'Object Repository/VLink/Page_CCSale/txt_Category' is present

2021-06-22 02:15:31 - [MESSAGE][PASSED] - Text 'MOTO' is set on object 'Object Repository/VLink/Page_CCSale/txt_Category'

2021-06-22 02:15:31 - [MESSAGE][PASSED] - Object 'Object Repository/VLink/Page_CCSale/txt_TransactionID' is present

2021-06-22 02:15:32 - [MESSAGE][PASSED] - Text '' is set on object 'Object Repository/VLink/Page_CCSale/txt_TransactionID'

2021-06-22 02:15:32 - [MESSAGE][PASSED] - Object 'Object Repository/VLink/Page_CCSale/txt_ApprovalCode' is present

2021-06-22 02:15:33 - [MESSAGE][PASSED] - Text '' is set on object 'Object Repository/VLink/Page_CCSale/txt_ApprovalCode'

2021-06-22 02:15:33 - [MESSAGE][PASSED] - Object 'Object Repository/VLink/Page_CCSale/txt_CardName' is present

2021-06-22 02:15:34 - [MESSAGE][PASSED] - Text 'Arvind Silva' is set on object 'Object Repository/VLink/Page_CCSale/txt_CardName'

2021-06-22 02:15:34 - [MESSAGE][PASSED] - Object 'Object Repository/VLink/Page_CCSale/txt_AL1' is present

2021-06-22 02:15:35 - [MESSAGE][PASSED] - Text '111 Main Ave' is set on object 'Object Repository/VLink/Page_CCSale/txt_AL1'

2021-06-22 02:15:35 - [MESSAGE][PASSED] - Object 'Object Repository/VLink/Page_CCSale/txt_AL2' is present

2021-06-22 02:15:36 - [MESSAGE][PASSED] - Text '' is set on object 'Object Repository/VLink/Page_CCSale/txt_AL2'

2021-06-22 02:15:36 - [MESSAGE][PASSED] - Object 'Object Repository/VLink/Page_CCSale/txt_CardCity' is present

2021-06-22 02:15:37 - [MESSAGE][PASSED] - Text 'Arlington' is set on object 'Object Repository/VLink/Page_CCSale/txt_CardCity'

2021-06-22 02:15:37 - [MESSAGE][PASSED] - Object 'Object Repository/VLink/Page_CCSale/txt_CardState' is present

2021-06-22 02:15:38 - [MESSAGE][PASSED] - Text 'VA' is set on object 'Object Repository/VLink/Page_CCSale/txt_CardState'

2021-06-22 02:15:39 - [MESSAGE][PASSED] - Object 'Object Repository/VLink/Page_CCSale/txt_CardZIP' is present

2021-06-22 02:15:39 - [MESSAGE][PASSED] - Text '22201' is set on object 'Object Repository/VLink/Page_CCSale/txt_CardZIP'

2021-06-22 02:15:40 - [MESSAGE][PASSED] - Object 'Object Repository/VLink/Page_CCSale/txt_CountryID' is present

2021-06-22 02:15:40 - [MESSAGE][PASSED] - Text '' is set on object 'Object Repository/VLink/Page_CCSale/txt_CountryID'

2021-06-22 02:15:41 - [MESSAGE][PASSED] - Object 'Object Repository/VLink/Page_CCSale/txt_Amount' is present

2021-06-22 02:15:41 - [MESSAGE][PASSED] - Text '2.50' is set on object 'Object Repository/VLink/Page_CCSale/txt_Amount'

2021-06-22 02:15:42 - [MESSAGE][PASSED] - Object 'Object Repository/VLink/Page_CCSale/txt_CardNumber' is present

2021-06-22 02:15:42 - [MESSAGE][PASSED] - Text '4111111111111111' is set on object 'Object Repository/VLink/Page_CCSale/txt_CardNumber'

2021-06-22 02:15:43 - [MESSAGE][PASSED] - Object 'Object Repository/VLink/Page_CCSale/txt_ExpMonth' is present

2021-06-22 02:15:43 - [MESSAGE][PASSED] - Text '01' is set on object 'Object Repository/VLink/Page_CCSale/txt_ExpMonth'

2021-06-22 02:15:44 - [MESSAGE][PASSED] - Object 'Object Repository/VLink/Page_CCSale/txt_ExpYear' is present

2021-06-22 02:15:44 - [MESSAGE][PASSED] - Text '2026' is set on object 'Object Repository/VLink/Page_CCSale/txt_ExpYear'

2021-06-22 02:15:45 - [MESSAGE][PASSED] - Object 'Object Repository/VLink/Page_CCSale/txt_CVV' is present

2021-06-22 02:15:45 - [MESSAGE][PASSED] - Text '' is set on object 'Object Repository/VLink/Page_CCSale/txt_CVV'

2021-06-22 02:15:46 - [MESSAGE][PASSED] - Object 'Object Repository/VLink/Page_CCSale/txt_CVVstate' is present

2021-06-22 02:15:46 - [MESSAGE][PASSED] - Text '' is set on object 'Object Repository/VLink/Page_CCSale/txt_CVVstate'

2021-06-22 02:15:47 - [MESSAGE][PASSED] - Object 'Object Repository/VLink/Page_CCSale/txt_TrackData' is present

2021-06-22 02:15:47 - [MESSAGE][PASSED] - Text '' is set on object 'Object Repository/VLink/Page_CCSale/txt_TrackData'

2021-06-22 02:15:48 - [MESSAGE][PASSED] - Object 'Object Repository/VLink/Page_CCSale/txt_Track1Data' is present

2021-06-22 02:15:48 - [MESSAGE][PASSED] - Text '' is set on object 'Object Repository/VLink/Page_CCSale/txt_Track1Data'

2021-06-22 02:15:49 - [MESSAGE][PASSED] - Object 'Object Repository/VLink/Page_CCSale/txt_Track2Data' is present

2021-06-22 02:15:49 - [MESSAGE][PASSED] - Text '' is set on object 'Object Repository/VLink/Page_CCSale/txt_Track2Data'

2021-06-22 02:15:50 - [MESSAGE][PASSED] - Object 'Object Repository/VLink/Page_CCSale/txt_POSEntryMode' is present

2021-06-22 02:15:50 - [MESSAGE][PASSED] - Text 'manual' is set on object 'Object Repository/VLink/Page_CCSale/txt_POSEntryMode'

2021-06-22 02:15:51 - [MESSAGE][PASSED] - Object 'Object Repository/VLink/Page_CCSale/txt_Email' is present

2021-06-22 02:15:51 - [MESSAGE][PASSED] - Text '' is set on object 'Object Repository/VLink/Page_CCSale/txt_Email'

2021-06-22 02:15:52 - [MESSAGE][PASSED] - Object 'Object Repository/VLink/Page_CCSale/txt_OrderNumber' is present

2021-06-22 02:15:52 - [MESSAGE][PASSED] - Text '' is set on object 'Object Repository/VLink/Page_CCSale/txt_OrderNumber'

2021-06-22 02:15:53 - [MESSAGE][PASSED] - Object 'Object Repository/VLink/Page_CCSale/txt_TaxAmount' is present

2021-06-22 02:15:53 - [MESSAGE][PASSED] - Text '' is set on object 'Object Repository/VLink/Page_CCSale/txt_TaxAmount'

2021-06-22 02:15:54 - [MESSAGE][PASSED] - Object 'Object Repository/VLink/Page_CCSale/txt_ChargeDescription' is present

2021-06-22 02:15:54 - [MESSAGE][PASSED] - Text '' is set on object 'Object Repository/VLink/Page_CCSale/txt_ChargeDescription'

2021-06-22 02:15:55 - [MESSAGE][PASSED] - Object 'Object Repository/VLink/Page_CCSale/txt_CAN' is present

2021-06-22 02:15:55 - [MESSAGE][PASSED] - Text '' is set on object 'Object Repository/VLink/Page_CCSale/txt_CAN'

2021-06-22 02:15:56 - [MESSAGE][PASSED] - Object 'Object Repository/VLink/Page_CCSale/txt_BillPaymentIndicator' is present

2021-06-22 02:15:56 - [MESSAGE][PASSED] - Text '' is set on object 'Object Repository/VLink/Page_CCSale/txt_BillPaymentIndicator'

2021-06-22 02:15:57 - [MESSAGE][PASSED] - Object 'Object Repository/VLink/Page_CCSale/txt_UDF1' is present

2021-06-22 02:15:57 - [MESSAGE][PASSED] - Text '' is set on object 'Object Repository/VLink/Page_CCSale/txt_UDF1'

2021-06-22 02:15:57 - [MESSAGE][PASSED] - Object 'Object Repository/VLink/Page_CCSale/txt_UDF2' is present

2021-06-22 02:15:58 - [MESSAGE][PASSED] - Text '' is set on object 'Object Repository/VLink/Page_CCSale/txt_UDF2'

2021-06-22 02:15:58 - [MESSAGE][PASSED] - Object 'Object Repository/VLink/Page_CCSale/txt_UDF3' is present

2021-06-22 02:15:59 - [MESSAGE][PASSED] - Text '' is set on object 'Object Repository/VLink/Page_CCSale/txt_UDF3'

2021-06-22 02:15:59 - [MESSAGE][PASSED] - Object 'Object Repository/VLink/Page_CCSale/txt_UDF4' is present

2021-06-22 02:16:00 - [MESSAGE][PASSED] - Text '' is set on object 'Object Repository/VLink/Page_CCSale/txt_UDF4'

2021-06-22 02:16:00 - [MESSAGE][PASSED] - Object 'Object Repository/VLink/Page_CCSale/txt_UDF5' is present

2021-06-22 02:16:01 - [MESSAGE][PASSED] - Text '' is set on object 'Object Repository/VLink/Page_CCSale/txt_UDF5'

2021-06-22 02:16:01 - [MESSAGE][PASSED] - Object 'Object Repository/VLink/Page_CCSale/txt_UDF6' is present

2021-06-22 02:16:02 - [MESSAGE][PASSED] - Text '' is set on object 'Object Repository/VLink/Page_CCSale/txt_UDF6'

2021-06-22 02:16:02 - [MESSAGE][PASSED] - Object 'Object Repository/VLink/Page_CCSale/txt_UDF7' is present

2021-06-22 02:16:03 - [MESSAGE][PASSED] - Text '' is set on object 'Object Repository/VLink/Page_CCSale/txt_UDF7'

2021-06-22 02:16:04 - [MESSAGE][PASSED] - Object 'Object Repository/VLink/Page_CCSale/txt_UDF8' is present

2021-06-22 02:16:04 - [MESSAGE][PASSED] - Text '' is set on object 'Object Repository/VLink/Page_CCSale/txt_UDF8'

2021-06-22 02:16:05 - [MESSAGE][PASSED] - Object 'Object Repository/VLink/Page_CCSale/txt_UDF9' is present

2021-06-22 02:16:05 - [MESSAGE][PASSED] - Text '' is set on object 'Object Repository/VLink/Page_CCSale/txt_UDF9'

2021-06-22 02:16:06 - [MESSAGE][PASSED] - Object 'Object Repository/VLink/Page_CCSale/txt_UDF10' is present

2021-06-22 02:16:06 - [MESSAGE][PASSED] - Text '' is set on object 'Object Repository/VLink/Page_CCSale/txt_UDF10'

2021-06-22 02:16:07 - [MESSAGE][PASSED] - Object 'Object Repository/VLink/Page_CCSale/txt_CardOnFileIndicator' is present

2021-06-22 02:16:07 - [MESSAGE][PASSED] - Text '1' is set on object 'Object Repository/VLink/Page_CCSale/txt_CardOnFileIndicator'

2021-06-22 02:16:08 - [MESSAGE][PASSED] - Object 'Object Repository/VLink/Page_CCSale/txt_StoredCredentialIndicator' is present

2021-06-22 02:16:08 - [MESSAGE][PASSED] - Text 'Subsequent' is set on object 'Object Repository/VLink/Page_CCSale/txt_StoredCredentialIndicator'

2021-06-22 02:16:09 - [MESSAGE][PASSED] - Object 'Object Repository/VLink/Page_CCSale/txt_COFScheduledIndicator' is present

2021-06-22 02:16:09 - [MESSAGE][PASSED] - Text 'Scheduled' is set on object 'Object Repository/VLink/Page_CCSale/txt_COFScheduledIndicator'

2021-06-22 02:16:10 - [MESSAGE][PASSED] - Object 'Object Repository/VLink/Page_CCSale/txt_COFTransactionInitiatedBy' is present

2021-06-22 02:16:10 - [MESSAGE][PASSED] - Text 'Merchant' is set on object 'Object Repository/VLink/Page_CCSale/txt_COFTransactionInitiatedBy'

2021-06-22 02:16:13 - [MESSAGE][PASSED] - Object: 'Object Repository/VLink/Page_CCSale/btn_ProcessVLinkTransaction' is clicked on

2021-06-22 02:16:18 - [MESSAGE][PASSED] - vlinkPages.saleCCPage.setDataSCC is PASSED

2021-06-22 02:16:18 - [TEST_STEP][FAILED] - if (verifyTextPresent("Transaction approved, no errors", true)): Text 'Transaction approved, no errors' is not present on page  using regular expression (Root cause: com.kms.katalon.core.exception.StepFailedException: Text 'Transaction approved, no errors' is not present on page  using regular expression
	at com.kms.katalon.core.webui.keyword.internal.WebUIKeywordMain.stepFailed(WebUIKeywordMain.groovy:64)
	at com.kms.katalon.core.webui.keyword.builtin.VerifyTextPresentKeyword$_verifyTextPresent_closure1.doCall(VerifyTextPresentKeyword.groovy:79)
	at com.kms.katalon.core.webui.keyword.builtin.VerifyTextPresentKeyword$_verifyTextPresent_closure1.call(VerifyTextPresentKeyword.groovy)
	at com.kms.katalon.core.webui.keyword.internal.WebUIKeywordMain.runKeyword(WebUIKeywordMain.groovy:20)
	at com.kms.katalon.core.webui.keyword.builtin.VerifyTextPresentKeyword.verifyTextPresent(VerifyTextPresentKeyword.groovy:83)
	at com.kms.katalon.core.webui.keyword.builtin.VerifyTextPresentKeyword.execute(VerifyTextPresentKeyword.groovy:68)
	at com.kms.katalon.core.keyword.internal.KeywordExecutor.executeKeywordForPlatform(KeywordExecutor.groovy:72)
	at com.kms.katalon.core.webui.keyword.WebUiBuiltInKeywords.verifyTextPresent(WebUiBuiltInKeywords.groovy:1719)
	at com.kms.katalon.core.webui.keyword.WebUiBuiltInKeywords$verifyTextPresent$4.call(Unknown Source)
	at VLinkSale-Successful.run(VLinkSale-Successful:76)
	at com.kms.katalon.core.main.ScriptEngine.run(ScriptEngine.java:194)
	at com.kms.katalon.core.main.ScriptEngine.runScriptAsRawText(ScriptEngine.java:119)
	at com.kms.katalon.core.main.TestCaseExecutor.runScript(TestCaseExecutor.java:337)
	at com.kms.katalon.core.main.TestCaseExecutor.doExecute(TestCaseExecutor.java:328)
	at com.kms.katalon.core.main.TestCaseExecutor.processExecutionPhase(TestCaseExecutor.java:307)
	at com.kms.katalon.core.main.TestCaseExecutor.accessMainPhase(TestCaseExecutor.java:299)
	at com.kms.katalon.core.main.TestCaseExecutor.execute(TestCaseExecutor.java:233)
	at com.kms.katalon.core.main.TestSuiteExecutor.accessTestCaseMainPhase(TestSuiteExecutor.java:169)
	at com.kms.katalon.core.main.TestSuiteExecutor.accessTestSuiteMainPhase(TestSuiteExecutor.java:142)
	at com.kms.katalon.core.main.TestSuiteExecutor.execute(TestSuiteExecutor.java:91)
	at com.kms.katalon.core.main.TestCaseMain.startTestSuite(TestCaseMain.java:157)
	at com.kms.katalon.core.main.TestCaseMain$startTestSuite$0.call(Unknown Source)
	at TempTestSuite1624337272106.run(TempTestSuite1624337272106.groovy:37)
)

2021-06-22 02:16:18 - [MESSAGE][FAILED] - Text 'Transaction approved, no errors' is not present on page  using regular expression (Root cause: com.kms.katalon.core.exception.StepFailedException: Text 'Transaction approved, no errors' is not present on page  using regular expression
	at com.kms.katalon.core.webui.keyword.internal.WebUIKeywordMain.stepFailed(WebUIKeywordMain.groovy:64)
	at com.kms.katalon.core.webui.keyword.builtin.VerifyTextPresentKeyword$_verifyTextPresent_closure1.doCall(VerifyTextPresentKeyword.groovy:79)
	at com.kms.katalon.core.webui.keyword.builtin.VerifyTextPresentKeyword$_verifyTextPresent_closure1.call(VerifyTextPresentKeyword.groovy)
	at com.kms.katalon.core.webui.keyword.internal.WebUIKeywordMain.runKeyword(WebUIKeywordMain.groovy:20)
	at com.kms.katalon.core.webui.keyword.builtin.VerifyTextPresentKeyword.verifyTextPresent(VerifyTextPresentKeyword.groovy:83)
	at com.kms.katalon.core.webui.keyword.builtin.VerifyTextPresentKeyword.execute(VerifyTextPresentKeyword.groovy:68)
	at com.kms.katalon.core.keyword.internal.KeywordExecutor.executeKeywordForPlatform(KeywordExecutor.groovy:72)
	at com.kms.katalon.core.webui.keyword.WebUiBuiltInKeywords.verifyTextPresent(WebUiBuiltInKeywords.groovy:1719)
	at com.kms.katalon.core.webui.keyword.WebUiBuiltInKeywords$verifyTextPresent$4.call(Unknown Source)
	at VLinkSale-Successful.run(VLinkSale-Successful:76)
	at com.kms.katalon.core.main.ScriptEngine.run(ScriptEngine.java:194)
	at com.kms.katalon.core.main.ScriptEngine.runScriptAsRawText(ScriptEngine.java:119)
	at com.kms.katalon.core.main.TestCaseExecutor.runScript(TestCaseExecutor.java:337)
	at com.kms.katalon.core.main.TestCaseExecutor.doExecute(TestCaseExecutor.java:328)
	at com.kms.katalon.core.main.TestCaseExecutor.processExecutionPhase(TestCaseExecutor.java:307)
	at com.kms.katalon.core.main.TestCaseExecutor.accessMainPhase(TestCaseExecutor.java:299)
	at com.kms.katalon.core.main.TestCaseExecutor.execute(TestCaseExecutor.java:233)
	at com.kms.katalon.core.main.TestSuiteExecutor.accessTestCaseMainPhase(TestSuiteExecutor.java:169)
	at com.kms.katalon.core.main.TestSuiteExecutor.accessTestSuiteMainPhase(TestSuiteExecutor.java:142)
	at com.kms.katalon.core.main.TestSuiteExecutor.execute(TestSuiteExecutor.java:91)
	at com.kms.katalon.core.main.TestCaseMain.startTestSuite(TestCaseMain.java:157)
	at com.kms.katalon.core.main.TestCaseMain$startTestSuite$0.call(Unknown Source)
	at TempTestSuite1624337272106.run(TempTestSuite1624337272106.groovy:37)
)

2021-06-22 02:16:18 - [TEST_STEP][PASSED] - else: pages.WriteExcel.demoKey is PASSED

2021-06-22 02:16:18 - [TEST_STEP][PASSED] - println("Transaction Approved, no errors text is not present on the Confirmation page"): null

2021-06-22 02:16:18 - [TEST_STEP][PASSED] - out.println("Fail Record Number: " + row): null

2021-06-22 02:16:18 - [TEST_STEP][PASSED] - resText = "Fail": null

2021-06-22 02:16:18 - [TEST_STEP][PASSED] - pages.WriteExcel.demoKey(resText, datText, resColumn, datCloumn, fileLoc, nameSheet, row): pages.WriteExcel.demoKey is PASSED

2021-06-22 02:16:18 - [MESSAGE][PASSED] - pages.WriteExcel.demoKey is PASSED

2021-06-22 02:16:18 - [TEST_STEP][PASSED] - sdfo = getText(findTestObject("Object Repository/Page_VLinkReceipt/pre_STX")): Text of object 'Object Repository/Page_VLinkReceipt/pre_STX' is: '<STX>hNvJnpUyoQsF                  12098417            2  Transaction failed                                105Processor reported error                                                        U          <ETX>'

2021-06-22 02:16:19 - [MESSAGE][PASSED] - Text of object 'Object Repository/Page_VLinkReceipt/pre_STX' is: '<STX>hNvJnpUyoQsF                  12098417            2  Transaction failed                                105Processor reported error                                                        U          <ETX>'

2021-06-22 02:16:19 - [TEST_STEP][PASSED] - out.println("sdfo: " + sdfo): null

2021-06-22 02:16:19 - [TEST_STEP][PASSED] - remID = substring(5, 35).trim(): null

2021-06-22 02:16:19 - [TEST_STEP][PASSED] - out.println("Remittance ID: " + remID): null

2021-06-22 02:16:19 - [TEST_STEP][PASSED] - traxID = substring(35, 55).trim(): null

2021-06-22 02:16:19 - [TEST_STEP][PASSED] - out.println("Transaction ID: " + traxID): null

2021-06-22 02:16:19 - [TEST_STEP][PASSED] - out.println("End Record Number: " + row): null

2021-06-22 02:16:19 - [TEST_STEP][PASSED] - closeBrowser(): Browser is closed

2021-06-22 02:16:19 - [MESSAGE][PASSED] - Browser is closed

2021-06-22 02:16:19 - [TEST_STEP][PASSED] - out.println("Begin Record Number: " + row): null

2021-06-22 02:16:19 - [TEST_STEP][PASSED] - today = new java.util.Date(): null

2021-06-22 02:16:19 - [TEST_STEP][PASSED] - println(today): null

2021-06-22 02:16:19 - [TEST_STEP][PASSED] - datText = today: null

2021-06-22 02:16:19 - [TEST_STEP][PASSED] - openBrowser(VLinkURL + "authcap.html"): Browser is opened with url: 'https://dev-algorithm.govolution.com/vlinktest/QA/version_2_0/authcap.html'

2021-06-22 02:16:19 - [MESSAGE][INFO] - Starting 'Chrome' driver

2021-06-22 02:16:19 - [MESSAGE][INFO] - User set preference: ['acceptInsecureCerts', 'true']

2021-06-22 02:16:19 - [MESSAGE][INFO] - Action delay is set to 0 milliseconds

2021-06-22 02:16:21 - [MESSAGE][PASSED] - Browser is opened with url: 'https://dev-algorithm.govolution.com/vlinktest/QA/version_2_0/authcap.html'

2021-06-22 02:16:21 - [TEST_STEP][PASSED] - maximizeWindow(): Current window maximized

2021-06-22 02:16:21 - [MESSAGE][PASSED] - Current window maximized

2021-06-22 02:16:21 - [TEST_STEP][PASSED] - vlinkPages.saleCCPage.setDataSCC(row, dataFile): vlinkPages.saleCCPage.setDataSCC is PASSED

2021-06-22 02:16:23 - [MESSAGE][PASSED] - Object 'Object Repository/VLink/Page_CCSale/txt_CardNumber' is present

2021-06-22 02:16:24 - [MESSAGE][PASSED] - Object 'Object Repository/VLink/Page_CCSale/txt_TransactionType' is present

2021-06-22 02:16:24 - [MESSAGE][PASSED] - Text '104' is set on object 'Object Repository/VLink/Page_CCSale/txt_TransactionType'

2021-06-22 02:16:24 - [MESSAGE][PASSED] - Object 'Object Repository/VLink/Page_CCSale/txt_MessageVersion' is present

2021-06-22 02:16:25 - [MESSAGE][PASSED] - Text '2.0C' is set on object 'Object Repository/VLink/Page_CCSale/txt_MessageVersion'

2021-06-22 02:16:25 - [MESSAGE][PASSED] - Object 'Object Repository/VLink/Page_CCSale/txt_RemID' is present

2021-06-22 02:16:26 - [MESSAGE][PASSED] - Text 'kobrirZLCCZp' is set on object 'Object Repository/VLink/Page_CCSale/txt_RemID'

2021-06-22 02:16:26 - [MESSAGE][PASSED] - Object 'Object Repository/VLink/Page_CCSale/txt_ApplicationId' is present

2021-06-22 02:16:27 - [MESSAGE][PASSED] - Text '670' is set on object 'Object Repository/VLink/Page_CCSale/txt_ApplicationId'

2021-06-22 02:16:27 - [MESSAGE][PASSED] - Object 'Object Repository/VLink/Page_CCSale/txt_Username' is present

2021-06-22 02:16:28 - [MESSAGE][PASSED] - Text 'username' is set on object 'Object Repository/VLink/Page_CCSale/txt_Username'

2021-06-22 02:16:28 - [MESSAGE][PASSED] - Object 'Object Repository/VLink/Page_CCSale/txt_Password' is present

2021-06-22 02:16:29 - [MESSAGE][PASSED] - Text 'password' is set on object 'Object Repository/VLink/Page_CCSale/txt_Password'

2021-06-22 02:16:29 - [MESSAGE][PASSED] - Object 'Object Repository/VLink/Page_CCSale/txt_ResponseFormat' is present

2021-06-22 02:16:30 - [MESSAGE][PASSED] - Text 'fixed_width' is set on object 'Object Repository/VLink/Page_CCSale/txt_ResponseFormat'

2021-06-22 02:16:30 - [MESSAGE][PASSED] - Object 'Object Repository/VLink/Page_CCSale/txt_Category' is present

2021-06-22 02:16:30 - [MESSAGE][PASSED] - Text 'MOTO' is set on object 'Object Repository/VLink/Page_CCSale/txt_Category'

2021-06-22 02:16:31 - [MESSAGE][PASSED] - Object 'Object Repository/VLink/Page_CCSale/txt_TransactionID' is present

2021-06-22 02:16:31 - [MESSAGE][PASSED] - Text '' is set on object 'Object Repository/VLink/Page_CCSale/txt_TransactionID'

2021-06-22 02:16:32 - [MESSAGE][PASSED] - Object 'Object Repository/VLink/Page_CCSale/txt_ApprovalCode' is present

2021-06-22 02:16:32 - [MESSAGE][PASSED] - Text '' is set on object 'Object Repository/VLink/Page_CCSale/txt_ApprovalCode'

2021-06-22 02:16:33 - [MESSAGE][PASSED] - Object 'Object Repository/VLink/Page_CCSale/txt_CardName' is present

2021-06-22 02:16:33 - [MESSAGE][PASSED] - Text 'Roshan Maha' is set on object 'Object Repository/VLink/Page_CCSale/txt_CardName'

2021-06-22 02:16:34 - [MESSAGE][PASSED] - Object 'Object Repository/VLink/Page_CCSale/txt_AL1' is present

2021-06-22 02:16:34 - [MESSAGE][PASSED] - Text '12563 Bazaar road' is set on object 'Object Repository/VLink/Page_CCSale/txt_AL1'

2021-06-22 02:16:35 - [MESSAGE][PASSED] - Object 'Object Repository/VLink/Page_CCSale/txt_AL2' is present

2021-06-22 02:16:35 - [MESSAGE][PASSED] - Text '' is set on object 'Object Repository/VLink/Page_CCSale/txt_AL2'

2021-06-22 02:16:36 - [MESSAGE][PASSED] - Object 'Object Repository/VLink/Page_CCSale/txt_CardCity' is present

2021-06-22 02:16:36 - [MESSAGE][PASSED] - Text 'Crofton' is set on object 'Object Repository/VLink/Page_CCSale/txt_CardCity'

2021-06-22 02:16:37 - [MESSAGE][PASSED] - Object 'Object Repository/VLink/Page_CCSale/txt_CardState' is present

2021-06-22 02:16:37 - [MESSAGE][PASSED] - Text 'MD' is set on object 'Object Repository/VLink/Page_CCSale/txt_CardState'

2021-06-22 02:16:38 - [MESSAGE][PASSED] - Object 'Object Repository/VLink/Page_CCSale/txt_CardZIP' is present

2021-06-22 02:16:39 - [MESSAGE][PASSED] - Text '21114' is set on object 'Object Repository/VLink/Page_CCSale/txt_CardZIP'

2021-06-22 02:16:39 - [MESSAGE][PASSED] - Object 'Object Repository/VLink/Page_CCSale/txt_CountryID' is present

2021-06-22 02:16:40 - [MESSAGE][PASSED] - Text '' is set on object 'Object Repository/VLink/Page_CCSale/txt_CountryID'

2021-06-22 02:16:40 - [MESSAGE][PASSED] - Object 'Object Repository/VLink/Page_CCSale/txt_Amount' is present

2021-06-22 02:16:41 - [MESSAGE][PASSED] - Text '3.50' is set on object 'Object Repository/VLink/Page_CCSale/txt_Amount'

2021-06-22 02:16:41 - [MESSAGE][PASSED] - Object 'Object Repository/VLink/Page_CCSale/txt_CardNumber' is present

2021-06-22 02:16:42 - [MESSAGE][PASSED] - Text '5424000000000015' is set on object 'Object Repository/VLink/Page_CCSale/txt_CardNumber'

2021-06-22 02:16:42 - [MESSAGE][PASSED] - Object 'Object Repository/VLink/Page_CCSale/txt_ExpMonth' is present

2021-06-22 02:16:43 - [MESSAGE][PASSED] - Text '01' is set on object 'Object Repository/VLink/Page_CCSale/txt_ExpMonth'

2021-06-22 02:16:43 - [MESSAGE][PASSED] - Object 'Object Repository/VLink/Page_CCSale/txt_ExpYear' is present

2021-06-22 02:16:44 - [MESSAGE][PASSED] - Text '2026' is set on object 'Object Repository/VLink/Page_CCSale/txt_ExpYear'

2021-06-22 02:16:44 - [MESSAGE][PASSED] - Object 'Object Repository/VLink/Page_CCSale/txt_CVV' is present

2021-06-22 02:16:45 - [MESSAGE][PASSED] - Text '' is set on object 'Object Repository/VLink/Page_CCSale/txt_CVV'

2021-06-22 02:16:45 - [MESSAGE][PASSED] - Object 'Object Repository/VLink/Page_CCSale/txt_CVVstate' is present

2021-06-22 02:16:46 - [MESSAGE][PASSED] - Text '' is set on object 'Object Repository/VLink/Page_CCSale/txt_CVVstate'

2021-06-22 02:16:46 - [MESSAGE][PASSED] - Object 'Object Repository/VLink/Page_CCSale/txt_TrackData' is present

2021-06-22 02:16:47 - [MESSAGE][PASSED] - Text '' is set on object 'Object Repository/VLink/Page_CCSale/txt_TrackData'

2021-06-22 02:16:47 - [MESSAGE][PASSED] - Object 'Object Repository/VLink/Page_CCSale/txt_Track1Data' is present

2021-06-22 02:16:48 - [MESSAGE][PASSED] - Text '' is set on object 'Object Repository/VLink/Page_CCSale/txt_Track1Data'

2021-06-22 02:16:48 - [MESSAGE][PASSED] - Object 'Object Repository/VLink/Page_CCSale/txt_Track2Data' is present

2021-06-22 02:16:49 - [MESSAGE][PASSED] - Text '' is set on object 'Object Repository/VLink/Page_CCSale/txt_Track2Data'

2021-06-22 02:16:49 - [MESSAGE][PASSED] - Object 'Object Repository/VLink/Page_CCSale/txt_POSEntryMode' is present

2021-06-22 02:16:50 - [MESSAGE][PASSED] - Text 'manual' is set on object 'Object Repository/VLink/Page_CCSale/txt_POSEntryMode'

2021-06-22 02:16:50 - [MESSAGE][PASSED] - Object 'Object Repository/VLink/Page_CCSale/txt_Email' is present

2021-06-22 02:16:51 - [MESSAGE][PASSED] - Text '' is set on object 'Object Repository/VLink/Page_CCSale/txt_Email'

2021-06-22 02:16:51 - [MESSAGE][PASSED] - Object 'Object Repository/VLink/Page_CCSale/txt_OrderNumber' is present

2021-06-22 02:16:51 - [MESSAGE][PASSED] - Text '' is set on object 'Object Repository/VLink/Page_CCSale/txt_OrderNumber'

2021-06-22 02:16:52 - [MESSAGE][PASSED] - Object 'Object Repository/VLink/Page_CCSale/txt_TaxAmount' is present

2021-06-22 02:16:52 - [MESSAGE][PASSED] - Text '' is set on object 'Object Repository/VLink/Page_CCSale/txt_TaxAmount'

2021-06-22 02:16:53 - [MESSAGE][PASSED] - Object 'Object Repository/VLink/Page_CCSale/txt_ChargeDescription' is present

2021-06-22 02:16:53 - [MESSAGE][PASSED] - Text '' is set on object 'Object Repository/VLink/Page_CCSale/txt_ChargeDescription'

2021-06-22 02:16:54 - [MESSAGE][PASSED] - Object 'Object Repository/VLink/Page_CCSale/txt_CAN' is present

2021-06-22 02:16:54 - [MESSAGE][PASSED] - Text '' is set on object 'Object Repository/VLink/Page_CCSale/txt_CAN'

2021-06-22 02:16:55 - [MESSAGE][PASSED] - Object 'Object Repository/VLink/Page_CCSale/txt_BillPaymentIndicator' is present

2021-06-22 02:16:55 - [MESSAGE][PASSED] - Text '' is set on object 'Object Repository/VLink/Page_CCSale/txt_BillPaymentIndicator'

2021-06-22 02:16:56 - [MESSAGE][PASSED] - Object 'Object Repository/VLink/Page_CCSale/txt_UDF1' is present

2021-06-22 02:16:56 - [MESSAGE][PASSED] - Text '' is set on object 'Object Repository/VLink/Page_CCSale/txt_UDF1'

2021-06-22 02:16:57 - [MESSAGE][PASSED] - Object 'Object Repository/VLink/Page_CCSale/txt_UDF2' is present

2021-06-22 02:16:57 - [MESSAGE][PASSED] - Text '' is set on object 'Object Repository/VLink/Page_CCSale/txt_UDF2'

2021-06-22 02:16:58 - [MESSAGE][PASSED] - Object 'Object Repository/VLink/Page_CCSale/txt_UDF3' is present

2021-06-22 02:16:58 - [MESSAGE][PASSED] - Text '' is set on object 'Object Repository/VLink/Page_CCSale/txt_UDF3'

2021-06-22 02:16:59 - [MESSAGE][PASSED] - Object 'Object Repository/VLink/Page_CCSale/txt_UDF4' is present

2021-06-22 02:16:59 - [MESSAGE][PASSED] - Text '' is set on object 'Object Repository/VLink/Page_CCSale/txt_UDF4'

2021-06-22 02:17:00 - [MESSAGE][PASSED] - Object 'Object Repository/VLink/Page_CCSale/txt_UDF5' is present

2021-06-22 02:17:00 - [MESSAGE][PASSED] - Text '' is set on object 'Object Repository/VLink/Page_CCSale/txt_UDF5'

2021-06-22 02:17:01 - [MESSAGE][PASSED] - Object 'Object Repository/VLink/Page_CCSale/txt_UDF6' is present

2021-06-22 02:17:01 - [MESSAGE][PASSED] - Text '' is set on object 'Object Repository/VLink/Page_CCSale/txt_UDF6'

2021-06-22 02:17:02 - [MESSAGE][PASSED] - Object 'Object Repository/VLink/Page_CCSale/txt_UDF7' is present

2021-06-22 02:17:02 - [MESSAGE][PASSED] - Text '' is set on object 'Object Repository/VLink/Page_CCSale/txt_UDF7'

2021-06-22 02:17:03 - [MESSAGE][PASSED] - Object 'Object Repository/VLink/Page_CCSale/txt_UDF8' is present

2021-06-22 02:17:03 - [MESSAGE][PASSED] - Text '' is set on object 'Object Repository/VLink/Page_CCSale/txt_UDF8'

2021-06-22 02:17:04 - [MESSAGE][PASSED] - Object 'Object Repository/VLink/Page_CCSale/txt_UDF9' is present

2021-06-22 02:17:04 - [MESSAGE][PASSED] - Text '' is set on object 'Object Repository/VLink/Page_CCSale/txt_UDF9'

2021-06-22 02:17:05 - [MESSAGE][PASSED] - Object 'Object Repository/VLink/Page_CCSale/txt_UDF10' is present

2021-06-22 02:17:05 - [MESSAGE][PASSED] - Text '' is set on object 'Object Repository/VLink/Page_CCSale/txt_UDF10'

2021-06-22 02:17:06 - [MESSAGE][PASSED] - Object 'Object Repository/VLink/Page_CCSale/txt_CardOnFileIndicator' is present

2021-06-22 02:17:06 - [MESSAGE][PASSED] - Text '1' is set on object 'Object Repository/VLink/Page_CCSale/txt_CardOnFileIndicator'

2021-06-22 02:17:07 - [MESSAGE][PASSED] - Object 'Object Repository/VLink/Page_CCSale/txt_StoredCredentialIndicator' is present

2021-06-22 02:17:07 - [MESSAGE][PASSED] - Text 'Subsequent' is set on object 'Object Repository/VLink/Page_CCSale/txt_StoredCredentialIndicator'

2021-06-22 02:17:08 - [MESSAGE][PASSED] - Object 'Object Repository/VLink/Page_CCSale/txt_COFScheduledIndicator' is present

2021-06-22 02:17:08 - [MESSAGE][PASSED] - Text 'Scheduled' is set on object 'Object Repository/VLink/Page_CCSale/txt_COFScheduledIndicator'

2021-06-22 02:17:09 - [MESSAGE][PASSED] - Object 'Object Repository/VLink/Page_CCSale/txt_COFTransactionInitiatedBy' is present

2021-06-22 02:17:09 - [MESSAGE][PASSED] - Text 'Merchant' is set on object 'Object Repository/VLink/Page_CCSale/txt_COFTransactionInitiatedBy'

2021-06-22 02:17:15 - [MESSAGE][PASSED] - Object: 'Object Repository/VLink/Page_CCSale/btn_ProcessVLinkTransaction' is clicked on

2021-06-22 02:17:20 - [MESSAGE][PASSED] - vlinkPages.saleCCPage.setDataSCC is PASSED

2021-06-22 02:17:20 - [TEST_STEP][PASSED] - if (verifyTextPresent("Transaction approved, no errors", true)): null

2021-06-22 02:17:21 - [MESSAGE][PASSED] - Text 'Transaction approved, no errors' is present on page  using regular expression

2021-06-22 02:17:21 - [TEST_STEP][PASSED] - println("Transaction Approved, no errors text is present on the Confirmation page"): null

2021-06-22 02:17:21 - [TEST_STEP][PASSED] - out.println("Pass Record Number: " + row): null

2021-06-22 02:17:21 - [TEST_STEP][PASSED] - resText = "Pass": null

2021-06-22 02:17:21 - [TEST_STEP][PASSED] - pages.WriteExcel.demoKey(resText, datText, resColumn, datCloumn, fileLoc, nameSheet, row): pages.WriteExcel.demoKey is PASSED

2021-06-22 02:17:21 - [MESSAGE][PASSED] - pages.WriteExcel.demoKey is PASSED

2021-06-22 02:17:21 - [TEST_STEP][PASSED] - sdfo = getText(findTestObject("Object Repository/Page_VLinkReceipt/pre_STX")): Text of object 'Object Repository/Page_VLinkReceipt/pre_STX' is: '<STX>kobrirZLCCZp                  12098418            0  Transaction approved, no errors                   0                                                                                  Y 006318   <ETX>'

2021-06-22 02:17:21 - [MESSAGE][PASSED] - Text of object 'Object Repository/Page_VLinkReceipt/pre_STX' is: '<STX>kobrirZLCCZp                  12098418            0  Transaction approved, no errors                   0                                                                                  Y 006318   <ETX>'

2021-06-22 02:17:21 - [TEST_STEP][PASSED] - out.println("sdfo: " + sdfo): null

2021-06-22 02:17:21 - [TEST_STEP][PASSED] - remID = substring(5, 35).trim(): null

2021-06-22 02:17:21 - [TEST_STEP][PASSED] - out.println("Remittance ID: " + remID): null

2021-06-22 02:17:21 - [TEST_STEP][PASSED] - traxID = substring(35, 55).trim(): null

2021-06-22 02:17:21 - [TEST_STEP][PASSED] - out.println("Transaction ID: " + traxID): null

2021-06-22 02:17:21 - [TEST_STEP][PASSED] - out.println("End Record Number: " + row): null

2021-06-22 02:17:21 - [TEST_STEP][PASSED] - closeBrowser(): Browser is closed

2021-06-22 02:17:22 - [MESSAGE][PASSED] - Browser is closed

2021-06-22 02:17:22 - [TEST_STEP][PASSED] - out.println("Begin Record Number: " + row): null

2021-06-22 02:17:22 - [TEST_STEP][PASSED] - today = new java.util.Date(): null

2021-06-22 02:17:22 - [TEST_STEP][PASSED] - println(today): null

2021-06-22 02:17:22 - [TEST_STEP][PASSED] - datText = today: null

2021-06-22 02:17:22 - [TEST_STEP][PASSED] - openBrowser(VLinkURL + "authcap.html"): Browser is opened with url: 'https://dev-algorithm.govolution.com/vlinktest/QA/version_2_0/authcap.html'

2021-06-22 02:17:22 - [MESSAGE][INFO] - Starting 'Chrome' driver

2021-06-22 02:17:22 - [MESSAGE][INFO] - User set preference: ['acceptInsecureCerts', 'true']

2021-06-22 02:17:22 - [MESSAGE][INFO] - Action delay is set to 0 milliseconds

2021-06-22 02:17:23 - [MESSAGE][PASSED] - Browser is opened with url: 'https://dev-algorithm.govolution.com/vlinktest/QA/version_2_0/authcap.html'

2021-06-22 02:17:23 - [TEST_STEP][PASSED] - maximizeWindow(): Current window maximized

2021-06-22 02:17:24 - [MESSAGE][PASSED] - Current window maximized

2021-06-22 02:17:24 - [TEST_STEP][PASSED] - vlinkPages.saleCCPage.setDataSCC(row, dataFile): vlinkPages.saleCCPage.setDataSCC is PASSED

2021-06-22 02:17:26 - [MESSAGE][PASSED] - Object 'Object Repository/VLink/Page_CCSale/txt_CardNumber' is present

2021-06-22 02:17:26 - [MESSAGE][PASSED] - Object 'Object Repository/VLink/Page_CCSale/txt_TransactionType' is present

2021-06-22 02:17:27 - [MESSAGE][PASSED] - Text '104' is set on object 'Object Repository/VLink/Page_CCSale/txt_TransactionType'

2021-06-22 02:17:27 - [MESSAGE][PASSED] - Object 'Object Repository/VLink/Page_CCSale/txt_MessageVersion' is present

2021-06-22 02:17:27 - [MESSAGE][PASSED] - Text '2.0C' is set on object 'Object Repository/VLink/Page_CCSale/txt_MessageVersion'

2021-06-22 02:17:28 - [MESSAGE][PASSED] - Object 'Object Repository/VLink/Page_CCSale/txt_RemID' is present

2021-06-22 02:17:28 - [MESSAGE][PASSED] - Text '1awS8wxNjNyC' is set on object 'Object Repository/VLink/Page_CCSale/txt_RemID'

2021-06-22 02:17:29 - [MESSAGE][PASSED] - Object 'Object Repository/VLink/Page_CCSale/txt_ApplicationId' is present

2021-06-22 02:17:29 - [MESSAGE][PASSED] - Text '670' is set on object 'Object Repository/VLink/Page_CCSale/txt_ApplicationId'

2021-06-22 02:17:30 - [MESSAGE][PASSED] - Object 'Object Repository/VLink/Page_CCSale/txt_Username' is present

2021-06-22 02:17:30 - [MESSAGE][PASSED] - Text 'username' is set on object 'Object Repository/VLink/Page_CCSale/txt_Username'

2021-06-22 02:17:30 - [MESSAGE][PASSED] - Object 'Object Repository/VLink/Page_CCSale/txt_Password' is present

2021-06-22 02:17:31 - [MESSAGE][PASSED] - Text 'password' is set on object 'Object Repository/VLink/Page_CCSale/txt_Password'

2021-06-22 02:17:31 - [MESSAGE][PASSED] - Object 'Object Repository/VLink/Page_CCSale/txt_ResponseFormat' is present

2021-06-22 02:17:32 - [MESSAGE][PASSED] - Text 'fixed_width' is set on object 'Object Repository/VLink/Page_CCSale/txt_ResponseFormat'

2021-06-22 02:17:32 - [MESSAGE][PASSED] - Object 'Object Repository/VLink/Page_CCSale/txt_Category' is present

2021-06-22 02:17:33 - [MESSAGE][PASSED] - Text 'MOTO' is set on object 'Object Repository/VLink/Page_CCSale/txt_Category'

2021-06-22 02:17:33 - [MESSAGE][PASSED] - Object 'Object Repository/VLink/Page_CCSale/txt_TransactionID' is present

2021-06-22 02:17:34 - [MESSAGE][PASSED] - Text '' is set on object 'Object Repository/VLink/Page_CCSale/txt_TransactionID'

2021-06-22 02:17:34 - [MESSAGE][PASSED] - Object 'Object Repository/VLink/Page_CCSale/txt_ApprovalCode' is present

2021-06-22 02:17:35 - [MESSAGE][PASSED] - Text '' is set on object 'Object Repository/VLink/Page_CCSale/txt_ApprovalCode'

2021-06-22 02:17:35 - [MESSAGE][PASSED] - Object 'Object Repository/VLink/Page_CCSale/txt_CardName' is present

2021-06-22 02:17:36 - [MESSAGE][PASSED] - Text 'Kris Roshan' is set on object 'Object Repository/VLink/Page_CCSale/txt_CardName'

2021-06-22 02:17:36 - [MESSAGE][PASSED] - Object 'Object Repository/VLink/Page_CCSale/txt_AL1' is present

2021-06-22 02:17:37 - [MESSAGE][PASSED] - Text '258 Elm Road' is set on object 'Object Repository/VLink/Page_CCSale/txt_AL1'

2021-06-22 02:17:37 - [MESSAGE][PASSED] - Object 'Object Repository/VLink/Page_CCSale/txt_AL2' is present

2021-06-22 02:17:38 - [MESSAGE][PASSED] - Text 'Suite 56' is set on object 'Object Repository/VLink/Page_CCSale/txt_AL2'

2021-06-22 02:17:38 - [MESSAGE][PASSED] - Object 'Object Repository/VLink/Page_CCSale/txt_CardCity' is present

2021-06-22 02:17:39 - [MESSAGE][PASSED] - Text 'Arlington' is set on object 'Object Repository/VLink/Page_CCSale/txt_CardCity'

2021-06-22 02:17:39 - [MESSAGE][PASSED] - Object 'Object Repository/VLink/Page_CCSale/txt_CardState' is present

2021-06-22 02:17:40 - [MESSAGE][PASSED] - Text 'VA' is set on object 'Object Repository/VLink/Page_CCSale/txt_CardState'

2021-06-22 02:17:40 - [MESSAGE][PASSED] - Object 'Object Repository/VLink/Page_CCSale/txt_CardZIP' is present

2021-06-22 02:17:41 - [MESSAGE][PASSED] - Text '22201' is set on object 'Object Repository/VLink/Page_CCSale/txt_CardZIP'

2021-06-22 02:17:41 - [MESSAGE][PASSED] - Object 'Object Repository/VLink/Page_CCSale/txt_CountryID' is present

2021-06-22 02:17:42 - [MESSAGE][PASSED] - Text '840' is set on object 'Object Repository/VLink/Page_CCSale/txt_CountryID'

2021-06-22 02:17:42 - [MESSAGE][PASSED] - Object 'Object Repository/VLink/Page_CCSale/txt_Amount' is present

2021-06-22 02:17:43 - [MESSAGE][PASSED] - Text '1.50' is set on object 'Object Repository/VLink/Page_CCSale/txt_Amount'

2021-06-22 02:17:43 - [MESSAGE][PASSED] - Object 'Object Repository/VLink/Page_CCSale/txt_CardNumber' is present

2021-06-22 02:17:44 - [MESSAGE][PASSED] - Text '370000000000002' is set on object 'Object Repository/VLink/Page_CCSale/txt_CardNumber'

2021-06-22 02:17:44 - [MESSAGE][PASSED] - Object 'Object Repository/VLink/Page_CCSale/txt_ExpMonth' is present

2021-06-22 02:17:45 - [MESSAGE][PASSED] - Text '12' is set on object 'Object Repository/VLink/Page_CCSale/txt_ExpMonth'

2021-06-22 02:17:45 - [MESSAGE][PASSED] - Object 'Object Repository/VLink/Page_CCSale/txt_ExpYear' is present

2021-06-22 02:17:46 - [MESSAGE][PASSED] - Text '2025' is set on object 'Object Repository/VLink/Page_CCSale/txt_ExpYear'

2021-06-22 02:17:46 - [MESSAGE][PASSED] - Object 'Object Repository/VLink/Page_CCSale/txt_CVV' is present

2021-06-22 02:17:47 - [MESSAGE][PASSED] - Text '' is set on object 'Object Repository/VLink/Page_CCSale/txt_CVV'

2021-06-22 02:17:47 - [MESSAGE][PASSED] - Object 'Object Repository/VLink/Page_CCSale/txt_CVVstate' is present

2021-06-22 02:17:48 - [MESSAGE][PASSED] - Text '' is set on object 'Object Repository/VLink/Page_CCSale/txt_CVVstate'

2021-06-22 02:17:48 - [MESSAGE][PASSED] - Object 'Object Repository/VLink/Page_CCSale/txt_TrackData' is present

2021-06-22 02:17:49 - [MESSAGE][PASSED] - Text '' is set on object 'Object Repository/VLink/Page_CCSale/txt_TrackData'

2021-06-22 02:17:49 - [MESSAGE][PASSED] - Object 'Object Repository/VLink/Page_CCSale/txt_Track1Data' is present

2021-06-22 02:17:50 - [MESSAGE][PASSED] - Text '' is set on object 'Object Repository/VLink/Page_CCSale/txt_Track1Data'

2021-06-22 02:17:50 - [MESSAGE][PASSED] - Object 'Object Repository/VLink/Page_CCSale/txt_Track2Data' is present

2021-06-22 02:17:51 - [MESSAGE][PASSED] - Text '' is set on object 'Object Repository/VLink/Page_CCSale/txt_Track2Data'

2021-06-22 02:17:51 - [MESSAGE][PASSED] - Object 'Object Repository/VLink/Page_CCSale/txt_POSEntryMode' is present

2021-06-22 02:17:52 - [MESSAGE][PASSED] - Text 'manual' is set on object 'Object Repository/VLink/Page_CCSale/txt_POSEntryMode'

2021-06-22 02:17:52 - [MESSAGE][PASSED] - Object 'Object Repository/VLink/Page_CCSale/txt_Email' is present

2021-06-22 02:17:53 - [MESSAGE][PASSED] - Text 'iahmed@govolution.com' is set on object 'Object Repository/VLink/Page_CCSale/txt_Email'

2021-06-22 02:17:53 - [MESSAGE][PASSED] - Object 'Object Repository/VLink/Page_CCSale/txt_OrderNumber' is present

2021-06-22 02:17:54 - [MESSAGE][PASSED] - Text '2569362' is set on object 'Object Repository/VLink/Page_CCSale/txt_OrderNumber'

2021-06-22 02:17:54 - [MESSAGE][PASSED] - Object 'Object Repository/VLink/Page_CCSale/txt_TaxAmount' is present

2021-06-22 02:17:55 - [MESSAGE][PASSED] - Text '1.15' is set on object 'Object Repository/VLink/Page_CCSale/txt_TaxAmount'

2021-06-22 02:17:55 - [MESSAGE][PASSED] - Object 'Object Repository/VLink/Page_CCSale/txt_ChargeDescription' is present

2021-06-22 02:17:56 - [MESSAGE][PASSED] - Text 'Charge Description' is set on object 'Object Repository/VLink/Page_CCSale/txt_ChargeDescription'

2021-06-22 02:17:56 - [MESSAGE][PASSED] - Object 'Object Repository/VLink/Page_CCSale/txt_CAN' is present

2021-06-22 02:17:57 - [MESSAGE][PASSED] - Text '147357' is set on object 'Object Repository/VLink/Page_CCSale/txt_CAN'

2021-06-22 02:17:57 - [MESSAGE][PASSED] - Object 'Object Repository/VLink/Page_CCSale/txt_BillPaymentIndicator' is present

2021-06-22 02:17:58 - [MESSAGE][PASSED] - Text '1' is set on object 'Object Repository/VLink/Page_CCSale/txt_BillPaymentIndicator'

2021-06-22 02:17:58 - [MESSAGE][PASSED] - Object 'Object Repository/VLink/Page_CCSale/txt_UDF1' is present

2021-06-22 02:17:59 - [MESSAGE][PASSED] - Text 'UDF Data 1' is set on object 'Object Repository/VLink/Page_CCSale/txt_UDF1'

2021-06-22 02:17:59 - [MESSAGE][PASSED] - Object 'Object Repository/VLink/Page_CCSale/txt_UDF2' is present

2021-06-22 02:18:00 - [MESSAGE][PASSED] - Text 'UDF Data 2' is set on object 'Object Repository/VLink/Page_CCSale/txt_UDF2'

2021-06-22 02:18:00 - [MESSAGE][PASSED] - Object 'Object Repository/VLink/Page_CCSale/txt_UDF3' is present

2021-06-22 02:18:01 - [MESSAGE][PASSED] - Text 'UDF Data 3' is set on object 'Object Repository/VLink/Page_CCSale/txt_UDF3'

2021-06-22 02:18:01 - [MESSAGE][PASSED] - Object 'Object Repository/VLink/Page_CCSale/txt_UDF4' is present

2021-06-22 02:18:02 - [MESSAGE][PASSED] - Text 'UDF Data 4' is set on object 'Object Repository/VLink/Page_CCSale/txt_UDF4'

2021-06-22 02:18:02 - [MESSAGE][PASSED] - Object 'Object Repository/VLink/Page_CCSale/txt_UDF5' is present

2021-06-22 02:18:03 - [MESSAGE][PASSED] - Text 'UDF Data 5' is set on object 'Object Repository/VLink/Page_CCSale/txt_UDF5'

2021-06-22 02:18:03 - [MESSAGE][PASSED] - Object 'Object Repository/VLink/Page_CCSale/txt_UDF6' is present

2021-06-22 02:18:04 - [MESSAGE][PASSED] - Text 'UDF Data 6' is set on object 'Object Repository/VLink/Page_CCSale/txt_UDF6'

2021-06-22 02:18:04 - [MESSAGE][PASSED] - Object 'Object Repository/VLink/Page_CCSale/txt_UDF7' is present

2021-06-22 02:18:05 - [MESSAGE][PASSED] - Text 'UDF Data 7' is set on object 'Object Repository/VLink/Page_CCSale/txt_UDF7'

2021-06-22 02:18:05 - [MESSAGE][PASSED] - Object 'Object Repository/VLink/Page_CCSale/txt_UDF8' is present

2021-06-22 02:18:06 - [MESSAGE][PASSED] - Text 'UDF Data 8' is set on object 'Object Repository/VLink/Page_CCSale/txt_UDF8'

2021-06-22 02:18:06 - [MESSAGE][PASSED] - Object 'Object Repository/VLink/Page_CCSale/txt_UDF9' is present

2021-06-22 02:18:07 - [MESSAGE][PASSED] - Text 'UDF Data 9' is set on object 'Object Repository/VLink/Page_CCSale/txt_UDF9'

2021-06-22 02:18:07 - [MESSAGE][PASSED] - Object 'Object Repository/VLink/Page_CCSale/txt_UDF10' is present

2021-06-22 02:18:08 - [MESSAGE][PASSED] - Text 'UDF Data 10' is set on object 'Object Repository/VLink/Page_CCSale/txt_UDF10'

2021-06-22 02:18:09 - [MESSAGE][PASSED] - Object 'Object Repository/VLink/Page_CCSale/txt_CardOnFileIndicator' is present

2021-06-22 02:18:09 - [MESSAGE][PASSED] - Text '1' is set on object 'Object Repository/VLink/Page_CCSale/txt_CardOnFileIndicator'

2021-06-22 02:18:10 - [MESSAGE][PASSED] - Object 'Object Repository/VLink/Page_CCSale/txt_StoredCredentialIndicator' is present

2021-06-22 02:18:10 - [MESSAGE][PASSED] - Text 'Subsequent' is set on object 'Object Repository/VLink/Page_CCSale/txt_StoredCredentialIndicator'

2021-06-22 02:18:11 - [MESSAGE][PASSED] - Object 'Object Repository/VLink/Page_CCSale/txt_COFScheduledIndicator' is present

2021-06-22 02:18:11 - [MESSAGE][PASSED] - Text 'Scheduled' is set on object 'Object Repository/VLink/Page_CCSale/txt_COFScheduledIndicator'

2021-06-22 02:18:12 - [MESSAGE][PASSED] - Object 'Object Repository/VLink/Page_CCSale/txt_COFTransactionInitiatedBy' is present

2021-06-22 02:18:12 - [MESSAGE][PASSED] - Text 'Merchant' is set on object 'Object Repository/VLink/Page_CCSale/txt_COFTransactionInitiatedBy'

2021-06-22 02:18:16 - [MESSAGE][PASSED] - Object: 'Object Repository/VLink/Page_CCSale/btn_ProcessVLinkTransaction' is clicked on

2021-06-22 02:18:21 - [MESSAGE][PASSED] - vlinkPages.saleCCPage.setDataSCC is PASSED

2021-06-22 02:18:21 - [TEST_STEP][FAILED] - if (verifyTextPresent("Transaction approved, no errors", true)): Text 'Transaction approved, no errors' is not present on page  using regular expression (Root cause: com.kms.katalon.core.exception.StepFailedException: Text 'Transaction approved, no errors' is not present on page  using regular expression
	at com.kms.katalon.core.webui.keyword.internal.WebUIKeywordMain.stepFailed(WebUIKeywordMain.groovy:64)
	at com.kms.katalon.core.webui.keyword.builtin.VerifyTextPresentKeyword$_verifyTextPresent_closure1.doCall(VerifyTextPresentKeyword.groovy:79)
	at com.kms.katalon.core.webui.keyword.builtin.VerifyTextPresentKeyword$_verifyTextPresent_closure1.call(VerifyTextPresentKeyword.groovy)
	at com.kms.katalon.core.webui.keyword.internal.WebUIKeywordMain.runKeyword(WebUIKeywordMain.groovy:20)
	at com.kms.katalon.core.webui.keyword.builtin.VerifyTextPresentKeyword.verifyTextPresent(VerifyTextPresentKeyword.groovy:83)
	at com.kms.katalon.core.webui.keyword.builtin.VerifyTextPresentKeyword.execute(VerifyTextPresentKeyword.groovy:68)
	at com.kms.katalon.core.keyword.internal.KeywordExecutor.executeKeywordForPlatform(KeywordExecutor.groovy:72)
	at com.kms.katalon.core.webui.keyword.WebUiBuiltInKeywords.verifyTextPresent(WebUiBuiltInKeywords.groovy:1719)
	at com.kms.katalon.core.webui.keyword.WebUiBuiltInKeywords$verifyTextPresent$4.call(Unknown Source)
	at VLinkSale-Successful.run(VLinkSale-Successful:76)
	at com.kms.katalon.core.main.ScriptEngine.run(ScriptEngine.java:194)
	at com.kms.katalon.core.main.ScriptEngine.runScriptAsRawText(ScriptEngine.java:119)
	at com.kms.katalon.core.main.TestCaseExecutor.runScript(TestCaseExecutor.java:337)
	at com.kms.katalon.core.main.TestCaseExecutor.doExecute(TestCaseExecutor.java:328)
	at com.kms.katalon.core.main.TestCaseExecutor.processExecutionPhase(TestCaseExecutor.java:307)
	at com.kms.katalon.core.main.TestCaseExecutor.accessMainPhase(TestCaseExecutor.java:299)
	at com.kms.katalon.core.main.TestCaseExecutor.execute(TestCaseExecutor.java:233)
	at com.kms.katalon.core.main.TestSuiteExecutor.accessTestCaseMainPhase(TestSuiteExecutor.java:169)
	at com.kms.katalon.core.main.TestSuiteExecutor.accessTestSuiteMainPhase(TestSuiteExecutor.java:142)
	at com.kms.katalon.core.main.TestSuiteExecutor.execute(TestSuiteExecutor.java:91)
	at com.kms.katalon.core.main.TestCaseMain.startTestSuite(TestCaseMain.java:157)
	at com.kms.katalon.core.main.TestCaseMain$startTestSuite$0.call(Unknown Source)
	at TempTestSuite1624337272106.run(TempTestSuite1624337272106.groovy:37)
)

2021-06-22 02:18:22 - [MESSAGE][FAILED] - Text 'Transaction approved, no errors' is not present on page  using regular expression (Root cause: com.kms.katalon.core.exception.StepFailedException: Text 'Transaction approved, no errors' is not present on page  using regular expression
	at com.kms.katalon.core.webui.keyword.internal.WebUIKeywordMain.stepFailed(WebUIKeywordMain.groovy:64)
	at com.kms.katalon.core.webui.keyword.builtin.VerifyTextPresentKeyword$_verifyTextPresent_closure1.doCall(VerifyTextPresentKeyword.groovy:79)
	at com.kms.katalon.core.webui.keyword.builtin.VerifyTextPresentKeyword$_verifyTextPresent_closure1.call(VerifyTextPresentKeyword.groovy)
	at com.kms.katalon.core.webui.keyword.internal.WebUIKeywordMain.runKeyword(WebUIKeywordMain.groovy:20)
	at com.kms.katalon.core.webui.keyword.builtin.VerifyTextPresentKeyword.verifyTextPresent(VerifyTextPresentKeyword.groovy:83)
	at com.kms.katalon.core.webui.keyword.builtin.VerifyTextPresentKeyword.execute(VerifyTextPresentKeyword.groovy:68)
	at com.kms.katalon.core.keyword.internal.KeywordExecutor.executeKeywordForPlatform(KeywordExecutor.groovy:72)
	at com.kms.katalon.core.webui.keyword.WebUiBuiltInKeywords.verifyTextPresent(WebUiBuiltInKeywords.groovy:1719)
	at com.kms.katalon.core.webui.keyword.WebUiBuiltInKeywords$verifyTextPresent$4.call(Unknown Source)
	at VLinkSale-Successful.run(VLinkSale-Successful:76)
	at com.kms.katalon.core.main.ScriptEngine.run(ScriptEngine.java:194)
	at com.kms.katalon.core.main.ScriptEngine.runScriptAsRawText(ScriptEngine.java:119)
	at com.kms.katalon.core.main.TestCaseExecutor.runScript(TestCaseExecutor.java:337)
	at com.kms.katalon.core.main.TestCaseExecutor.doExecute(TestCaseExecutor.java:328)
	at com.kms.katalon.core.main.TestCaseExecutor.processExecutionPhase(TestCaseExecutor.java:307)
	at com.kms.katalon.core.main.TestCaseExecutor.accessMainPhase(TestCaseExecutor.java:299)
	at com.kms.katalon.core.main.TestCaseExecutor.execute(TestCaseExecutor.java:233)
	at com.kms.katalon.core.main.TestSuiteExecutor.accessTestCaseMainPhase(TestSuiteExecutor.java:169)
	at com.kms.katalon.core.main.TestSuiteExecutor.accessTestSuiteMainPhase(TestSuiteExecutor.java:142)
	at com.kms.katalon.core.main.TestSuiteExecutor.execute(TestSuiteExecutor.java:91)
	at com.kms.katalon.core.main.TestCaseMain.startTestSuite(TestCaseMain.java:157)
	at com.kms.katalon.core.main.TestCaseMain$startTestSuite$0.call(Unknown Source)
	at TempTestSuite1624337272106.run(TempTestSuite1624337272106.groovy:37)
)

2021-06-22 02:18:22 - [TEST_STEP][PASSED] - else: pages.WriteExcel.demoKey is PASSED

2021-06-22 02:18:22 - [TEST_STEP][PASSED] - println("Transaction Approved, no errors text is not present on the Confirmation page"): null

2021-06-22 02:18:22 - [TEST_STEP][PASSED] - out.println("Fail Record Number: " + row): null

2021-06-22 02:18:22 - [TEST_STEP][PASSED] - resText = "Fail": null

2021-06-22 02:18:22 - [TEST_STEP][PASSED] - pages.WriteExcel.demoKey(resText, datText, resColumn, datCloumn, fileLoc, nameSheet, row): pages.WriteExcel.demoKey is PASSED

2021-06-22 02:18:22 - [MESSAGE][PASSED] - pages.WriteExcel.demoKey is PASSED

2021-06-22 02:18:22 - [TEST_STEP][PASSED] - sdfo = getText(findTestObject("Object Repository/Page_VLinkReceipt/pre_STX")): Text of object 'Object Repository/Page_VLinkReceipt/pre_STX' is: '<STX>1awS8wxNjNyC                  12098419            2  Transaction failed                                105Processor reported error                                                        U          <ETX>'

2021-06-22 02:18:22 - [MESSAGE][PASSED] - Text of object 'Object Repository/Page_VLinkReceipt/pre_STX' is: '<STX>1awS8wxNjNyC                  12098419            2  Transaction failed                                105Processor reported error                                                        U          <ETX>'

2021-06-22 02:18:22 - [TEST_STEP][PASSED] - out.println("sdfo: " + sdfo): null

2021-06-22 02:18:22 - [TEST_STEP][PASSED] - remID = substring(5, 35).trim(): null

2021-06-22 02:18:22 - [TEST_STEP][PASSED] - out.println("Remittance ID: " + remID): null

2021-06-22 02:18:22 - [TEST_STEP][PASSED] - traxID = substring(35, 55).trim(): null

2021-06-22 02:18:22 - [TEST_STEP][PASSED] - out.println("Transaction ID: " + traxID): null

2021-06-22 02:18:22 - [TEST_STEP][PASSED] - out.println("End Record Number: " + row): null

2021-06-22 02:18:22 - [TEST_STEP][PASSED] - closeBrowser(): Browser is closed

2021-06-22 02:18:23 - [MESSAGE][PASSED] - Browser is closed

2021-06-22 02:18:23 - [TEST_STEP][PASSED] - out.println("Begin Record Number: " + row): null

2021-06-22 02:18:23 - [TEST_STEP][PASSED] - today = new java.util.Date(): null

2021-06-22 02:18:23 - [TEST_STEP][PASSED] - println(today): null

2021-06-22 02:18:23 - [TEST_STEP][PASSED] - datText = today: null

2021-06-22 02:18:23 - [TEST_STEP][PASSED] - openBrowser(VLinkURL + "authcap.html"): Browser is opened with url: 'https://dev-algorithm.govolution.com/vlinktest/QA/version_2_0/authcap.html'

2021-06-22 02:18:23 - [MESSAGE][INFO] - Starting 'Chrome' driver

2021-06-22 02:18:23 - [MESSAGE][INFO] - User set preference: ['acceptInsecureCerts', 'true']

2021-06-22 02:18:23 - [MESSAGE][INFO] - Action delay is set to 0 milliseconds

2021-06-22 02:18:24 - [MESSAGE][PASSED] - Browser is opened with url: 'https://dev-algorithm.govolution.com/vlinktest/QA/version_2_0/authcap.html'

2021-06-22 02:18:24 - [TEST_STEP][PASSED] - maximizeWindow(): Current window maximized

2021-06-22 02:18:25 - [MESSAGE][PASSED] - Current window maximized

2021-06-22 02:18:25 - [TEST_STEP][PASSED] - vlinkPages.saleCCPage.setDataSCC(row, dataFile): vlinkPages.saleCCPage.setDataSCC is PASSED

2021-06-22 02:18:27 - [MESSAGE][PASSED] - Object 'Object Repository/VLink/Page_CCSale/txt_CardNumber' is present

2021-06-22 02:18:27 - [MESSAGE][PASSED] - Object 'Object Repository/VLink/Page_CCSale/txt_TransactionType' is present

2021-06-22 02:18:28 - [MESSAGE][PASSED] - Text '104' is set on object 'Object Repository/VLink/Page_CCSale/txt_TransactionType'

2021-06-22 02:18:28 - [MESSAGE][PASSED] - Object 'Object Repository/VLink/Page_CCSale/txt_MessageVersion' is present

2021-06-22 02:18:28 - [MESSAGE][PASSED] - Text '2.0C' is set on object 'Object Repository/VLink/Page_CCSale/txt_MessageVersion'

2021-06-22 02:18:29 - [MESSAGE][PASSED] - Object 'Object Repository/VLink/Page_CCSale/txt_RemID' is present

2021-06-22 02:18:29 - [MESSAGE][PASSED] - Text 'vftgtWL9Nfzn' is set on object 'Object Repository/VLink/Page_CCSale/txt_RemID'

2021-06-22 02:18:30 - [MESSAGE][PASSED] - Object 'Object Repository/VLink/Page_CCSale/txt_ApplicationId' is present

2021-06-22 02:18:30 - [MESSAGE][PASSED] - Text '670' is set on object 'Object Repository/VLink/Page_CCSale/txt_ApplicationId'

2021-06-22 02:18:30 - [MESSAGE][PASSED] - Object 'Object Repository/VLink/Page_CCSale/txt_Username' is present

2021-06-22 02:18:31 - [MESSAGE][PASSED] - Text 'username' is set on object 'Object Repository/VLink/Page_CCSale/txt_Username'

2021-06-22 02:18:31 - [MESSAGE][PASSED] - Object 'Object Repository/VLink/Page_CCSale/txt_Password' is present

2021-06-22 02:18:32 - [MESSAGE][PASSED] - Text 'password' is set on object 'Object Repository/VLink/Page_CCSale/txt_Password'

2021-06-22 02:18:32 - [MESSAGE][PASSED] - Object 'Object Repository/VLink/Page_CCSale/txt_ResponseFormat' is present

2021-06-22 02:18:33 - [MESSAGE][PASSED] - Text 'fixed_width' is set on object 'Object Repository/VLink/Page_CCSale/txt_ResponseFormat'

2021-06-22 02:18:33 - [MESSAGE][PASSED] - Object 'Object Repository/VLink/Page_CCSale/txt_Category' is present

2021-06-22 02:18:34 - [MESSAGE][PASSED] - Text 'MOTO' is set on object 'Object Repository/VLink/Page_CCSale/txt_Category'

2021-06-22 02:18:34 - [MESSAGE][PASSED] - Object 'Object Repository/VLink/Page_CCSale/txt_TransactionID' is present

2021-06-22 02:18:35 - [MESSAGE][PASSED] - Text '' is set on object 'Object Repository/VLink/Page_CCSale/txt_TransactionID'

2021-06-22 02:18:35 - [MESSAGE][PASSED] - Object 'Object Repository/VLink/Page_CCSale/txt_ApprovalCode' is present

2021-06-22 02:18:36 - [MESSAGE][PASSED] - Text '' is set on object 'Object Repository/VLink/Page_CCSale/txt_ApprovalCode'

2021-06-22 02:18:36 - [MESSAGE][PASSED] - Object 'Object Repository/VLink/Page_CCSale/txt_CardName' is present

2021-06-22 02:18:37 - [MESSAGE][PASSED] - Text 'Arvind Silva' is set on object 'Object Repository/VLink/Page_CCSale/txt_CardName'

2021-06-22 02:18:37 - [MESSAGE][PASSED] - Object 'Object Repository/VLink/Page_CCSale/txt_AL1' is present

2021-06-22 02:18:38 - [MESSAGE][PASSED] - Text '111 Main Ave' is set on object 'Object Repository/VLink/Page_CCSale/txt_AL1'

2021-06-22 02:18:38 - [MESSAGE][PASSED] - Object 'Object Repository/VLink/Page_CCSale/txt_AL2' is present

2021-06-22 02:18:39 - [MESSAGE][PASSED] - Text '' is set on object 'Object Repository/VLink/Page_CCSale/txt_AL2'

2021-06-22 02:18:39 - [MESSAGE][PASSED] - Object 'Object Repository/VLink/Page_CCSale/txt_CardCity' is present

2021-06-22 02:18:40 - [MESSAGE][PASSED] - Text 'Arlington' is set on object 'Object Repository/VLink/Page_CCSale/txt_CardCity'

2021-06-22 02:18:40 - [MESSAGE][PASSED] - Object 'Object Repository/VLink/Page_CCSale/txt_CardState' is present

2021-06-22 02:18:41 - [MESSAGE][PASSED] - Text 'VA' is set on object 'Object Repository/VLink/Page_CCSale/txt_CardState'

2021-06-22 02:18:41 - [MESSAGE][PASSED] - Object 'Object Repository/VLink/Page_CCSale/txt_CardZIP' is present

2021-06-22 02:18:42 - [MESSAGE][PASSED] - Text '22201' is set on object 'Object Repository/VLink/Page_CCSale/txt_CardZIP'

2021-06-22 02:18:42 - [MESSAGE][PASSED] - Object 'Object Repository/VLink/Page_CCSale/txt_CountryID' is present

2021-06-22 02:18:43 - [MESSAGE][PASSED] - Text '' is set on object 'Object Repository/VLink/Page_CCSale/txt_CountryID'

2021-06-22 02:18:43 - [MESSAGE][PASSED] - Object 'Object Repository/VLink/Page_CCSale/txt_Amount' is present

2021-06-22 02:18:44 - [MESSAGE][PASSED] - Text '2.50' is set on object 'Object Repository/VLink/Page_CCSale/txt_Amount'

2021-06-22 02:18:44 - [MESSAGE][PASSED] - Object 'Object Repository/VLink/Page_CCSale/txt_CardNumber' is present

2021-06-22 02:18:45 - [MESSAGE][PASSED] - Text '6011000000000004' is set on object 'Object Repository/VLink/Page_CCSale/txt_CardNumber'

2021-06-22 02:18:45 - [MESSAGE][PASSED] - Object 'Object Repository/VLink/Page_CCSale/txt_ExpMonth' is present

2021-06-22 02:18:46 - [MESSAGE][PASSED] - Text '01' is set on object 'Object Repository/VLink/Page_CCSale/txt_ExpMonth'

2021-06-22 02:18:46 - [MESSAGE][PASSED] - Object 'Object Repository/VLink/Page_CCSale/txt_ExpYear' is present

2021-06-22 02:18:47 - [MESSAGE][PASSED] - Text '2026' is set on object 'Object Repository/VLink/Page_CCSale/txt_ExpYear'

2021-06-22 02:18:47 - [MESSAGE][PASSED] - Object 'Object Repository/VLink/Page_CCSale/txt_CVV' is present

2021-06-22 02:18:48 - [MESSAGE][PASSED] - Text '' is set on object 'Object Repository/VLink/Page_CCSale/txt_CVV'

2021-06-22 02:18:48 - [MESSAGE][PASSED] - Object 'Object Repository/VLink/Page_CCSale/txt_CVVstate' is present

2021-06-22 02:18:49 - [MESSAGE][PASSED] - Text '' is set on object 'Object Repository/VLink/Page_CCSale/txt_CVVstate'

2021-06-22 02:18:49 - [MESSAGE][PASSED] - Object 'Object Repository/VLink/Page_CCSale/txt_TrackData' is present

2021-06-22 02:18:50 - [MESSAGE][PASSED] - Text '' is set on object 'Object Repository/VLink/Page_CCSale/txt_TrackData'

2021-06-22 02:18:50 - [MESSAGE][PASSED] - Object 'Object Repository/VLink/Page_CCSale/txt_Track1Data' is present

2021-06-22 02:18:51 - [MESSAGE][PASSED] - Text '' is set on object 'Object Repository/VLink/Page_CCSale/txt_Track1Data'

2021-06-22 02:18:51 - [MESSAGE][PASSED] - Object 'Object Repository/VLink/Page_CCSale/txt_Track2Data' is present

2021-06-22 02:18:52 - [MESSAGE][PASSED] - Text '' is set on object 'Object Repository/VLink/Page_CCSale/txt_Track2Data'

2021-06-22 02:18:52 - [MESSAGE][PASSED] - Object 'Object Repository/VLink/Page_CCSale/txt_POSEntryMode' is present

2021-06-22 02:18:53 - [MESSAGE][PASSED] - Text 'manual' is set on object 'Object Repository/VLink/Page_CCSale/txt_POSEntryMode'

2021-06-22 02:18:53 - [MESSAGE][PASSED] - Object 'Object Repository/VLink/Page_CCSale/txt_Email' is present

2021-06-22 02:18:54 - [MESSAGE][PASSED] - Text '' is set on object 'Object Repository/VLink/Page_CCSale/txt_Email'

2021-06-22 02:18:54 - [MESSAGE][PASSED] - Object 'Object Repository/VLink/Page_CCSale/txt_OrderNumber' is present

2021-06-22 02:18:55 - [MESSAGE][PASSED] - Text '' is set on object 'Object Repository/VLink/Page_CCSale/txt_OrderNumber'

2021-06-22 02:18:55 - [MESSAGE][PASSED] - Object 'Object Repository/VLink/Page_CCSale/txt_TaxAmount' is present

2021-06-22 02:18:56 - [MESSAGE][PASSED] - Text '' is set on object 'Object Repository/VLink/Page_CCSale/txt_TaxAmount'

2021-06-22 02:18:56 - [MESSAGE][PASSED] - Object 'Object Repository/VLink/Page_CCSale/txt_ChargeDescription' is present

2021-06-22 02:18:57 - [MESSAGE][PASSED] - Text '' is set on object 'Object Repository/VLink/Page_CCSale/txt_ChargeDescription'

2021-06-22 02:18:57 - [MESSAGE][PASSED] - Object 'Object Repository/VLink/Page_CCSale/txt_CAN' is present

2021-06-22 02:18:58 - [MESSAGE][PASSED] - Text '' is set on object 'Object Repository/VLink/Page_CCSale/txt_CAN'

2021-06-22 02:18:58 - [MESSAGE][PASSED] - Object 'Object Repository/VLink/Page_CCSale/txt_BillPaymentIndicator' is present

2021-06-22 02:18:59 - [MESSAGE][PASSED] - Text '' is set on object 'Object Repository/VLink/Page_CCSale/txt_BillPaymentIndicator'

2021-06-22 02:18:59 - [MESSAGE][PASSED] - Object 'Object Repository/VLink/Page_CCSale/txt_UDF1' is present

2021-06-22 02:19:00 - [MESSAGE][PASSED] - Text '' is set on object 'Object Repository/VLink/Page_CCSale/txt_UDF1'

2021-06-22 02:19:00 - [MESSAGE][PASSED] - Object 'Object Repository/VLink/Page_CCSale/txt_UDF2' is present

2021-06-22 02:19:01 - [MESSAGE][PASSED] - Text '' is set on object 'Object Repository/VLink/Page_CCSale/txt_UDF2'

2021-06-22 02:19:01 - [MESSAGE][PASSED] - Object 'Object Repository/VLink/Page_CCSale/txt_UDF3' is present

2021-06-22 02:19:02 - [MESSAGE][PASSED] - Text '' is set on object 'Object Repository/VLink/Page_CCSale/txt_UDF3'

2021-06-22 02:19:02 - [MESSAGE][PASSED] - Object 'Object Repository/VLink/Page_CCSale/txt_UDF4' is present

2021-06-22 02:19:03 - [MESSAGE][PASSED] - Text '' is set on object 'Object Repository/VLink/Page_CCSale/txt_UDF4'

2021-06-22 02:19:03 - [MESSAGE][PASSED] - Object 'Object Repository/VLink/Page_CCSale/txt_UDF5' is present

2021-06-22 02:19:04 - [MESSAGE][PASSED] - Text '' is set on object 'Object Repository/VLink/Page_CCSale/txt_UDF5'

2021-06-22 02:19:04 - [MESSAGE][PASSED] - Object 'Object Repository/VLink/Page_CCSale/txt_UDF6' is present

2021-06-22 02:19:05 - [MESSAGE][PASSED] - Text '' is set on object 'Object Repository/VLink/Page_CCSale/txt_UDF6'

2021-06-22 02:19:05 - [MESSAGE][PASSED] - Object 'Object Repository/VLink/Page_CCSale/txt_UDF7' is present

2021-06-22 02:19:06 - [MESSAGE][PASSED] - Text '' is set on object 'Object Repository/VLink/Page_CCSale/txt_UDF7'

2021-06-22 02:19:06 - [MESSAGE][PASSED] - Object 'Object Repository/VLink/Page_CCSale/txt_UDF8' is present

2021-06-22 02:19:07 - [MESSAGE][PASSED] - Text '' is set on object 'Object Repository/VLink/Page_CCSale/txt_UDF8'

2021-06-22 02:19:07 - [MESSAGE][PASSED] - Object 'Object Repository/VLink/Page_CCSale/txt_UDF9' is present

2021-06-22 02:19:08 - [MESSAGE][PASSED] - Text '' is set on object 'Object Repository/VLink/Page_CCSale/txt_UDF9'

2021-06-22 02:19:08 - [MESSAGE][PASSED] - Object 'Object Repository/VLink/Page_CCSale/txt_UDF10' is present

2021-06-22 02:19:09 - [MESSAGE][PASSED] - Text '' is set on object 'Object Repository/VLink/Page_CCSale/txt_UDF10'

2021-06-22 02:19:09 - [MESSAGE][PASSED] - Object 'Object Repository/VLink/Page_CCSale/txt_CardOnFileIndicator' is present

2021-06-22 02:19:10 - [MESSAGE][PASSED] - Text '1' is set on object 'Object Repository/VLink/Page_CCSale/txt_CardOnFileIndicator'

2021-06-22 02:19:10 - [MESSAGE][PASSED] - Object 'Object Repository/VLink/Page_CCSale/txt_StoredCredentialIndicator' is present

2021-06-22 02:19:11 - [MESSAGE][PASSED] - Text 'Subsequent' is set on object 'Object Repository/VLink/Page_CCSale/txt_StoredCredentialIndicator'

2021-06-22 02:19:11 - [MESSAGE][PASSED] - Object 'Object Repository/VLink/Page_CCSale/txt_COFScheduledIndicator' is present

2021-06-22 02:19:12 - [MESSAGE][PASSED] - Text 'Scheduled' is set on object 'Object Repository/VLink/Page_CCSale/txt_COFScheduledIndicator'

2021-06-22 02:19:12 - [MESSAGE][PASSED] - Object 'Object Repository/VLink/Page_CCSale/txt_COFTransactionInitiatedBy' is present

2021-06-22 02:19:13 - [MESSAGE][PASSED] - Text 'Merchant' is set on object 'Object Repository/VLink/Page_CCSale/txt_COFTransactionInitiatedBy'

2021-06-22 02:19:16 - [MESSAGE][PASSED] - Object: 'Object Repository/VLink/Page_CCSale/btn_ProcessVLinkTransaction' is clicked on

2021-06-22 02:19:21 - [MESSAGE][PASSED] - vlinkPages.saleCCPage.setDataSCC is PASSED

2021-06-22 02:19:21 - [TEST_STEP][PASSED] - if (verifyTextPresent("Transaction approved, no errors", true)): null

2021-06-22 02:19:22 - [MESSAGE][PASSED] - Text 'Transaction approved, no errors' is present on page  using regular expression

2021-06-22 02:19:22 - [TEST_STEP][PASSED] - println("Transaction Approved, no errors text is present on the Confirmation page"): null

2021-06-22 02:19:22 - [TEST_STEP][PASSED] - out.println("Pass Record Number: " + row): null

2021-06-22 02:19:22 - [TEST_STEP][PASSED] - resText = "Pass": null

2021-06-22 02:19:22 - [TEST_STEP][PASSED] - pages.WriteExcel.demoKey(resText, datText, resColumn, datCloumn, fileLoc, nameSheet, row): pages.WriteExcel.demoKey is PASSED

2021-06-22 02:19:22 - [MESSAGE][PASSED] - pages.WriteExcel.demoKey is PASSED

2021-06-22 02:19:22 - [TEST_STEP][PASSED] - sdfo = getText(findTestObject("Object Repository/Page_VLinkReceipt/pre_STX")): Text of object 'Object Repository/Page_VLinkReceipt/pre_STX' is: '<STX>vftgtWL9Nfzn                  12098420            0  Transaction approved, no errors                   0                                                                                  Y OK7613   <ETX>'

2021-06-22 02:19:22 - [MESSAGE][PASSED] - Text of object 'Object Repository/Page_VLinkReceipt/pre_STX' is: '<STX>vftgtWL9Nfzn                  12098420            0  Transaction approved, no errors                   0                                                                                  Y OK7613   <ETX>'

2021-06-22 02:19:22 - [TEST_STEP][PASSED] - out.println("sdfo: " + sdfo): null

2021-06-22 02:19:22 - [TEST_STEP][PASSED] - remID = substring(5, 35).trim(): null

2021-06-22 02:19:22 - [TEST_STEP][PASSED] - out.println("Remittance ID: " + remID): null

2021-06-22 02:19:22 - [TEST_STEP][PASSED] - traxID = substring(35, 55).trim(): null

2021-06-22 02:19:22 - [TEST_STEP][PASSED] - out.println("Transaction ID: " + traxID): null

2021-06-22 02:19:22 - [TEST_STEP][PASSED] - out.println("End Record Number: " + row): null

2021-06-22 02:19:22 - [TEST_STEP][PASSED] - closeBrowser(): Browser is closed

2021-06-22 02:19:23 - [MESSAGE][PASSED] - Browser is closed

2021-06-22 02:19:23 - [TEST_STEP][PASSED] - out.println("Begin Record Number: " + row): null

2021-06-22 02:19:23 - [TEST_STEP][PASSED] - today = new java.util.Date(): null

2021-06-22 02:19:23 - [TEST_STEP][PASSED] - println(today): null

2021-06-22 02:19:23 - [TEST_STEP][PASSED] - datText = today: null

2021-06-22 02:19:23 - [TEST_STEP][PASSED] - openBrowser(VLinkURL + "authcap.html"): Browser is opened with url: 'https://dev-algorithm.govolution.com/vlinktest/QA/version_2_0/authcap.html'

2021-06-22 02:19:23 - [MESSAGE][INFO] - Starting 'Chrome' driver

2021-06-22 02:19:23 - [MESSAGE][INFO] - User set preference: ['acceptInsecureCerts', 'true']

2021-06-22 02:19:23 - [MESSAGE][INFO] - Action delay is set to 0 milliseconds

2021-06-22 02:19:25 - [MESSAGE][PASSED] - Browser is opened with url: 'https://dev-algorithm.govolution.com/vlinktest/QA/version_2_0/authcap.html'

2021-06-22 02:19:25 - [TEST_STEP][PASSED] - maximizeWindow(): Current window maximized

2021-06-22 02:19:25 - [MESSAGE][PASSED] - Current window maximized

2021-06-22 02:19:25 - [TEST_STEP][PASSED] - vlinkPages.saleCCPage.setDataSCC(row, dataFile): vlinkPages.saleCCPage.setDataSCC is PASSED

2021-06-22 02:19:27 - [MESSAGE][PASSED] - Object 'Object Repository/VLink/Page_CCSale/txt_CardNumber' is present

2021-06-22 02:19:27 - [MESSAGE][PASSED] - Object 'Object Repository/VLink/Page_CCSale/txt_TransactionType' is present

2021-06-22 02:19:28 - [MESSAGE][PASSED] - Text '104' is set on object 'Object Repository/VLink/Page_CCSale/txt_TransactionType'

2021-06-22 02:19:28 - [MESSAGE][PASSED] - Object 'Object Repository/VLink/Page_CCSale/txt_MessageVersion' is present

2021-06-22 02:19:29 - [MESSAGE][PASSED] - Text '2.0C' is set on object 'Object Repository/VLink/Page_CCSale/txt_MessageVersion'

2021-06-22 02:19:29 - [MESSAGE][PASSED] - Object 'Object Repository/VLink/Page_CCSale/txt_RemID' is present

2021-06-22 02:19:30 - [MESSAGE][PASSED] - Text 'AVZPQ3gWan5W' is set on object 'Object Repository/VLink/Page_CCSale/txt_RemID'

2021-06-22 02:19:30 - [MESSAGE][PASSED] - Object 'Object Repository/VLink/Page_CCSale/txt_ApplicationId' is present

2021-06-22 02:19:31 - [MESSAGE][PASSED] - Text '671' is set on object 'Object Repository/VLink/Page_CCSale/txt_ApplicationId'

2021-06-22 02:19:31 - [MESSAGE][PASSED] - Object 'Object Repository/VLink/Page_CCSale/txt_Username' is present

2021-06-22 02:19:32 - [MESSAGE][PASSED] - Text 'username' is set on object 'Object Repository/VLink/Page_CCSale/txt_Username'

2021-06-22 02:19:32 - [MESSAGE][PASSED] - Object 'Object Repository/VLink/Page_CCSale/txt_Password' is present

2021-06-22 02:19:32 - [MESSAGE][PASSED] - Text 'password' is set on object 'Object Repository/VLink/Page_CCSale/txt_Password'

2021-06-22 02:19:33 - [MESSAGE][PASSED] - Object 'Object Repository/VLink/Page_CCSale/txt_ResponseFormat' is present

2021-06-22 02:19:33 - [MESSAGE][PASSED] - Text 'fixed_width' is set on object 'Object Repository/VLink/Page_CCSale/txt_ResponseFormat'

2021-06-22 02:19:34 - [MESSAGE][PASSED] - Object 'Object Repository/VLink/Page_CCSale/txt_Category' is present

2021-06-22 02:19:34 - [MESSAGE][PASSED] - Text 'RETL' is set on object 'Object Repository/VLink/Page_CCSale/txt_Category'

2021-06-22 02:19:35 - [MESSAGE][PASSED] - Object 'Object Repository/VLink/Page_CCSale/txt_TransactionID' is present

2021-06-22 02:19:35 - [MESSAGE][PASSED] - Text '' is set on object 'Object Repository/VLink/Page_CCSale/txt_TransactionID'

2021-06-22 02:19:35 - [MESSAGE][PASSED] - Object 'Object Repository/VLink/Page_CCSale/txt_ApprovalCode' is present

2021-06-22 02:19:36 - [MESSAGE][PASSED] - Text '' is set on object 'Object Repository/VLink/Page_CCSale/txt_ApprovalCode'

2021-06-22 02:19:36 - [MESSAGE][PASSED] - Object 'Object Repository/VLink/Page_CCSale/txt_CardName' is present

2021-06-22 02:19:37 - [MESSAGE][PASSED] - Text 'Roshan Maha' is set on object 'Object Repository/VLink/Page_CCSale/txt_CardName'

2021-06-22 02:19:37 - [MESSAGE][PASSED] - Object 'Object Repository/VLink/Page_CCSale/txt_AL1' is present

2021-06-22 02:19:38 - [MESSAGE][PASSED] - Text '12563 Bazaar road' is set on object 'Object Repository/VLink/Page_CCSale/txt_AL1'

2021-06-22 02:19:38 - [MESSAGE][PASSED] - Object 'Object Repository/VLink/Page_CCSale/txt_AL2' is present

2021-06-22 02:19:39 - [MESSAGE][PASSED] - Text '' is set on object 'Object Repository/VLink/Page_CCSale/txt_AL2'

2021-06-22 02:19:39 - [MESSAGE][PASSED] - Object 'Object Repository/VLink/Page_CCSale/txt_CardCity' is present

2021-06-22 02:19:40 - [MESSAGE][PASSED] - Text 'Crofton' is set on object 'Object Repository/VLink/Page_CCSale/txt_CardCity'

2021-06-22 02:19:40 - [MESSAGE][PASSED] - Object 'Object Repository/VLink/Page_CCSale/txt_CardState' is present

2021-06-22 02:19:41 - [MESSAGE][PASSED] - Text 'MD' is set on object 'Object Repository/VLink/Page_CCSale/txt_CardState'

2021-06-22 02:19:41 - [MESSAGE][PASSED] - Object 'Object Repository/VLink/Page_CCSale/txt_CardZIP' is present

2021-06-22 02:19:42 - [MESSAGE][PASSED] - Text '21114' is set on object 'Object Repository/VLink/Page_CCSale/txt_CardZIP'

2021-06-22 02:19:42 - [MESSAGE][PASSED] - Object 'Object Repository/VLink/Page_CCSale/txt_CountryID' is present

2021-06-22 02:19:43 - [MESSAGE][PASSED] - Text '' is set on object 'Object Repository/VLink/Page_CCSale/txt_CountryID'

2021-06-22 02:19:43 - [MESSAGE][PASSED] - Object 'Object Repository/VLink/Page_CCSale/txt_Amount' is present

2021-06-22 02:19:44 - [MESSAGE][PASSED] - Text '3.50' is set on object 'Object Repository/VLink/Page_CCSale/txt_Amount'

2021-06-22 02:19:44 - [MESSAGE][PASSED] - Object 'Object Repository/VLink/Page_CCSale/txt_CardNumber' is present

2021-06-22 02:19:45 - [MESSAGE][PASSED] - Text '4111111111111111' is set on object 'Object Repository/VLink/Page_CCSale/txt_CardNumber'

2021-06-22 02:19:45 - [MESSAGE][PASSED] - Object 'Object Repository/VLink/Page_CCSale/txt_ExpMonth' is present

2021-06-22 02:19:46 - [MESSAGE][PASSED] - Text '01' is set on object 'Object Repository/VLink/Page_CCSale/txt_ExpMonth'

2021-06-22 02:19:46 - [MESSAGE][PASSED] - Object 'Object Repository/VLink/Page_CCSale/txt_ExpYear' is present

2021-06-22 02:19:47 - [MESSAGE][PASSED] - Text '2026' is set on object 'Object Repository/VLink/Page_CCSale/txt_ExpYear'

2021-06-22 02:19:47 - [MESSAGE][PASSED] - Object 'Object Repository/VLink/Page_CCSale/txt_CVV' is present

2021-06-22 02:19:48 - [MESSAGE][PASSED] - Text '' is set on object 'Object Repository/VLink/Page_CCSale/txt_CVV'

2021-06-22 02:19:48 - [MESSAGE][PASSED] - Object 'Object Repository/VLink/Page_CCSale/txt_CVVstate' is present

2021-06-22 02:19:49 - [MESSAGE][PASSED] - Text '' is set on object 'Object Repository/VLink/Page_CCSale/txt_CVVstate'

2021-06-22 02:19:49 - [MESSAGE][PASSED] - Object 'Object Repository/VLink/Page_CCSale/txt_TrackData' is present

2021-06-22 02:19:50 - [MESSAGE][PASSED] - Text '' is set on object 'Object Repository/VLink/Page_CCSale/txt_TrackData'

2021-06-22 02:19:50 - [MESSAGE][PASSED] - Object 'Object Repository/VLink/Page_CCSale/txt_Track1Data' is present

2021-06-22 02:19:51 - [MESSAGE][PASSED] - Text '' is set on object 'Object Repository/VLink/Page_CCSale/txt_Track1Data'

2021-06-22 02:19:51 - [MESSAGE][PASSED] - Object 'Object Repository/VLink/Page_CCSale/txt_Track2Data' is present

2021-06-22 02:19:52 - [MESSAGE][PASSED] - Text '' is set on object 'Object Repository/VLink/Page_CCSale/txt_Track2Data'

2021-06-22 02:19:52 - [MESSAGE][PASSED] - Object 'Object Repository/VLink/Page_CCSale/txt_POSEntryMode' is present

2021-06-22 02:19:53 - [MESSAGE][PASSED] - Text 'manual' is set on object 'Object Repository/VLink/Page_CCSale/txt_POSEntryMode'

2021-06-22 02:19:53 - [MESSAGE][PASSED] - Object 'Object Repository/VLink/Page_CCSale/txt_Email' is present

2021-06-22 02:19:54 - [MESSAGE][PASSED] - Text '' is set on object 'Object Repository/VLink/Page_CCSale/txt_Email'

2021-06-22 02:19:54 - [MESSAGE][PASSED] - Object 'Object Repository/VLink/Page_CCSale/txt_OrderNumber' is present

2021-06-22 02:19:55 - [MESSAGE][PASSED] - Text '' is set on object 'Object Repository/VLink/Page_CCSale/txt_OrderNumber'

2021-06-22 02:19:55 - [MESSAGE][PASSED] - Object 'Object Repository/VLink/Page_CCSale/txt_TaxAmount' is present

2021-06-22 02:19:56 - [MESSAGE][PASSED] - Text '' is set on object 'Object Repository/VLink/Page_CCSale/txt_TaxAmount'

2021-06-22 02:19:56 - [MESSAGE][PASSED] - Object 'Object Repository/VLink/Page_CCSale/txt_ChargeDescription' is present

2021-06-22 02:19:57 - [MESSAGE][PASSED] - Text '' is set on object 'Object Repository/VLink/Page_CCSale/txt_ChargeDescription'

2021-06-22 02:19:57 - [MESSAGE][PASSED] - Object 'Object Repository/VLink/Page_CCSale/txt_CAN' is present

2021-06-22 02:19:58 - [MESSAGE][PASSED] - Text '' is set on object 'Object Repository/VLink/Page_CCSale/txt_CAN'

2021-06-22 02:19:58 - [MESSAGE][PASSED] - Object 'Object Repository/VLink/Page_CCSale/txt_BillPaymentIndicator' is present

2021-06-22 02:19:59 - [MESSAGE][PASSED] - Text '' is set on object 'Object Repository/VLink/Page_CCSale/txt_BillPaymentIndicator'

2021-06-22 02:19:59 - [MESSAGE][PASSED] - Object 'Object Repository/VLink/Page_CCSale/txt_UDF1' is present

2021-06-22 02:20:00 - [MESSAGE][PASSED] - Text '' is set on object 'Object Repository/VLink/Page_CCSale/txt_UDF1'

2021-06-22 02:20:00 - [MESSAGE][PASSED] - Object 'Object Repository/VLink/Page_CCSale/txt_UDF2' is present

2021-06-22 02:20:01 - [MESSAGE][PASSED] - Text '' is set on object 'Object Repository/VLink/Page_CCSale/txt_UDF2'

2021-06-22 02:20:01 - [MESSAGE][PASSED] - Object 'Object Repository/VLink/Page_CCSale/txt_UDF3' is present

2021-06-22 02:20:02 - [MESSAGE][PASSED] - Text '' is set on object 'Object Repository/VLink/Page_CCSale/txt_UDF3'

2021-06-22 02:20:02 - [MESSAGE][PASSED] - Object 'Object Repository/VLink/Page_CCSale/txt_UDF4' is present

2021-06-22 02:20:03 - [MESSAGE][PASSED] - Text '' is set on object 'Object Repository/VLink/Page_CCSale/txt_UDF4'

2021-06-22 02:20:03 - [MESSAGE][PASSED] - Object 'Object Repository/VLink/Page_CCSale/txt_UDF5' is present

2021-06-22 02:20:04 - [MESSAGE][PASSED] - Text '' is set on object 'Object Repository/VLink/Page_CCSale/txt_UDF5'

2021-06-22 02:20:04 - [MESSAGE][PASSED] - Object 'Object Repository/VLink/Page_CCSale/txt_UDF6' is present

2021-06-22 02:20:05 - [MESSAGE][PASSED] - Text '' is set on object 'Object Repository/VLink/Page_CCSale/txt_UDF6'

2021-06-22 02:20:05 - [MESSAGE][PASSED] - Object 'Object Repository/VLink/Page_CCSale/txt_UDF7' is present

2021-06-22 02:20:06 - [MESSAGE][PASSED] - Text '' is set on object 'Object Repository/VLink/Page_CCSale/txt_UDF7'

2021-06-22 02:20:06 - [MESSAGE][PASSED] - Object 'Object Repository/VLink/Page_CCSale/txt_UDF8' is present

2021-06-22 02:20:07 - [MESSAGE][PASSED] - Text '' is set on object 'Object Repository/VLink/Page_CCSale/txt_UDF8'

2021-06-22 02:20:07 - [MESSAGE][PASSED] - Object 'Object Repository/VLink/Page_CCSale/txt_UDF9' is present

2021-06-22 02:20:08 - [MESSAGE][PASSED] - Text '' is set on object 'Object Repository/VLink/Page_CCSale/txt_UDF9'

2021-06-22 02:20:08 - [MESSAGE][PASSED] - Object 'Object Repository/VLink/Page_CCSale/txt_UDF10' is present

2021-06-22 02:20:09 - [MESSAGE][PASSED] - Text '' is set on object 'Object Repository/VLink/Page_CCSale/txt_UDF10'

2021-06-22 02:20:09 - [MESSAGE][PASSED] - Object 'Object Repository/VLink/Page_CCSale/txt_CardOnFileIndicator' is present

2021-06-22 02:20:10 - [MESSAGE][PASSED] - Text '1' is set on object 'Object Repository/VLink/Page_CCSale/txt_CardOnFileIndicator'

2021-06-22 02:20:10 - [MESSAGE][PASSED] - Object 'Object Repository/VLink/Page_CCSale/txt_StoredCredentialIndicator' is present

2021-06-22 02:20:11 - [MESSAGE][PASSED] - Text 'Subsequent' is set on object 'Object Repository/VLink/Page_CCSale/txt_StoredCredentialIndicator'

2021-06-22 02:20:11 - [MESSAGE][PASSED] - Object 'Object Repository/VLink/Page_CCSale/txt_COFScheduledIndicator' is present

2021-06-22 02:20:12 - [MESSAGE][PASSED] - Text 'Scheduled' is set on object 'Object Repository/VLink/Page_CCSale/txt_COFScheduledIndicator'

2021-06-22 02:20:12 - [MESSAGE][PASSED] - Object 'Object Repository/VLink/Page_CCSale/txt_COFTransactionInitiatedBy' is present

2021-06-22 02:20:13 - [MESSAGE][PASSED] - Text 'Merchant' is set on object 'Object Repository/VLink/Page_CCSale/txt_COFTransactionInitiatedBy'

2021-06-22 02:20:16 - [MESSAGE][PASSED] - Object: 'Object Repository/VLink/Page_CCSale/btn_ProcessVLinkTransaction' is clicked on

2021-06-22 02:20:21 - [MESSAGE][PASSED] - vlinkPages.saleCCPage.setDataSCC is PASSED

2021-06-22 02:20:21 - [TEST_STEP][FAILED] - if (verifyTextPresent("Transaction approved, no errors", true)): Text 'Transaction approved, no errors' is not present on page  using regular expression (Root cause: com.kms.katalon.core.exception.StepFailedException: Text 'Transaction approved, no errors' is not present on page  using regular expression
	at com.kms.katalon.core.webui.keyword.internal.WebUIKeywordMain.stepFailed(WebUIKeywordMain.groovy:64)
	at com.kms.katalon.core.webui.keyword.builtin.VerifyTextPresentKeyword$_verifyTextPresent_closure1.doCall(VerifyTextPresentKeyword.groovy:79)
	at com.kms.katalon.core.webui.keyword.builtin.VerifyTextPresentKeyword$_verifyTextPresent_closure1.call(VerifyTextPresentKeyword.groovy)
	at com.kms.katalon.core.webui.keyword.internal.WebUIKeywordMain.runKeyword(WebUIKeywordMain.groovy:20)
	at com.kms.katalon.core.webui.keyword.builtin.VerifyTextPresentKeyword.verifyTextPresent(VerifyTextPresentKeyword.groovy:83)
	at com.kms.katalon.core.webui.keyword.builtin.VerifyTextPresentKeyword.execute(VerifyTextPresentKeyword.groovy:68)
	at com.kms.katalon.core.keyword.internal.KeywordExecutor.executeKeywordForPlatform(KeywordExecutor.groovy:72)
	at com.kms.katalon.core.webui.keyword.WebUiBuiltInKeywords.verifyTextPresent(WebUiBuiltInKeywords.groovy:1719)
	at com.kms.katalon.core.webui.keyword.WebUiBuiltInKeywords$verifyTextPresent$4.call(Unknown Source)
	at VLinkSale-Successful.run(VLinkSale-Successful:76)
	at com.kms.katalon.core.main.ScriptEngine.run(ScriptEngine.java:194)
	at com.kms.katalon.core.main.ScriptEngine.runScriptAsRawText(ScriptEngine.java:119)
	at com.kms.katalon.core.main.TestCaseExecutor.runScript(TestCaseExecutor.java:337)
	at com.kms.katalon.core.main.TestCaseExecutor.doExecute(TestCaseExecutor.java:328)
	at com.kms.katalon.core.main.TestCaseExecutor.processExecutionPhase(TestCaseExecutor.java:307)
	at com.kms.katalon.core.main.TestCaseExecutor.accessMainPhase(TestCaseExecutor.java:299)
	at com.kms.katalon.core.main.TestCaseExecutor.execute(TestCaseExecutor.java:233)
	at com.kms.katalon.core.main.TestSuiteExecutor.accessTestCaseMainPhase(TestSuiteExecutor.java:169)
	at com.kms.katalon.core.main.TestSuiteExecutor.accessTestSuiteMainPhase(TestSuiteExecutor.java:142)
	at com.kms.katalon.core.main.TestSuiteExecutor.execute(TestSuiteExecutor.java:91)
	at com.kms.katalon.core.main.TestCaseMain.startTestSuite(TestCaseMain.java:157)
	at com.kms.katalon.core.main.TestCaseMain$startTestSuite$0.call(Unknown Source)
	at TempTestSuite1624337272106.run(TempTestSuite1624337272106.groovy:37)
)

2021-06-22 02:20:21 - [MESSAGE][FAILED] - Text 'Transaction approved, no errors' is not present on page  using regular expression (Root cause: com.kms.katalon.core.exception.StepFailedException: Text 'Transaction approved, no errors' is not present on page  using regular expression
	at com.kms.katalon.core.webui.keyword.internal.WebUIKeywordMain.stepFailed(WebUIKeywordMain.groovy:64)
	at com.kms.katalon.core.webui.keyword.builtin.VerifyTextPresentKeyword$_verifyTextPresent_closure1.doCall(VerifyTextPresentKeyword.groovy:79)
	at com.kms.katalon.core.webui.keyword.builtin.VerifyTextPresentKeyword$_verifyTextPresent_closure1.call(VerifyTextPresentKeyword.groovy)
	at com.kms.katalon.core.webui.keyword.internal.WebUIKeywordMain.runKeyword(WebUIKeywordMain.groovy:20)
	at com.kms.katalon.core.webui.keyword.builtin.VerifyTextPresentKeyword.verifyTextPresent(VerifyTextPresentKeyword.groovy:83)
	at com.kms.katalon.core.webui.keyword.builtin.VerifyTextPresentKeyword.execute(VerifyTextPresentKeyword.groovy:68)
	at com.kms.katalon.core.keyword.internal.KeywordExecutor.executeKeywordForPlatform(KeywordExecutor.groovy:72)
	at com.kms.katalon.core.webui.keyword.WebUiBuiltInKeywords.verifyTextPresent(WebUiBuiltInKeywords.groovy:1719)
	at com.kms.katalon.core.webui.keyword.WebUiBuiltInKeywords$verifyTextPresent$4.call(Unknown Source)
	at VLinkSale-Successful.run(VLinkSale-Successful:76)
	at com.kms.katalon.core.main.ScriptEngine.run(ScriptEngine.java:194)
	at com.kms.katalon.core.main.ScriptEngine.runScriptAsRawText(ScriptEngine.java:119)
	at com.kms.katalon.core.main.TestCaseExecutor.runScript(TestCaseExecutor.java:337)
	at com.kms.katalon.core.main.TestCaseExecutor.doExecute(TestCaseExecutor.java:328)
	at com.kms.katalon.core.main.TestCaseExecutor.processExecutionPhase(TestCaseExecutor.java:307)
	at com.kms.katalon.core.main.TestCaseExecutor.accessMainPhase(TestCaseExecutor.java:299)
	at com.kms.katalon.core.main.TestCaseExecutor.execute(TestCaseExecutor.java:233)
	at com.kms.katalon.core.main.TestSuiteExecutor.accessTestCaseMainPhase(TestSuiteExecutor.java:169)
	at com.kms.katalon.core.main.TestSuiteExecutor.accessTestSuiteMainPhase(TestSuiteExecutor.java:142)
	at com.kms.katalon.core.main.TestSuiteExecutor.execute(TestSuiteExecutor.java:91)
	at com.kms.katalon.core.main.TestCaseMain.startTestSuite(TestCaseMain.java:157)
	at com.kms.katalon.core.main.TestCaseMain$startTestSuite$0.call(Unknown Source)
	at TempTestSuite1624337272106.run(TempTestSuite1624337272106.groovy:37)
)

2021-06-22 02:20:21 - [TEST_STEP][PASSED] - else: pages.WriteExcel.demoKey is PASSED

2021-06-22 02:20:21 - [TEST_STEP][PASSED] - println("Transaction Approved, no errors text is not present on the Confirmation page"): null

2021-06-22 02:20:21 - [TEST_STEP][PASSED] - out.println("Fail Record Number: " + row): null

2021-06-22 02:20:21 - [TEST_STEP][PASSED] - resText = "Fail": null

2021-06-22 02:20:21 - [TEST_STEP][PASSED] - pages.WriteExcel.demoKey(resText, datText, resColumn, datCloumn, fileLoc, nameSheet, row): pages.WriteExcel.demoKey is PASSED

2021-06-22 02:20:21 - [MESSAGE][PASSED] - pages.WriteExcel.demoKey is PASSED

2021-06-22 02:20:21 - [TEST_STEP][PASSED] - sdfo = getText(findTestObject("Object Repository/Page_VLinkReceipt/pre_STX")): Text of object 'Object Repository/Page_VLinkReceipt/pre_STX' is: '<STX>AVZPQ3gWan5W                  12098421            2  Transaction failed                                105Processor reported error                                                        U          <ETX>'

2021-06-22 02:20:21 - [MESSAGE][PASSED] - Text of object 'Object Repository/Page_VLinkReceipt/pre_STX' is: '<STX>AVZPQ3gWan5W                  12098421            2  Transaction failed                                105Processor reported error                                                        U          <ETX>'

2021-06-22 02:20:21 - [TEST_STEP][PASSED] - out.println("sdfo: " + sdfo): null

2021-06-22 02:20:21 - [TEST_STEP][PASSED] - remID = substring(5, 35).trim(): null

2021-06-22 02:20:21 - [TEST_STEP][PASSED] - out.println("Remittance ID: " + remID): null

2021-06-22 02:20:21 - [TEST_STEP][PASSED] - traxID = substring(35, 55).trim(): null

2021-06-22 02:20:21 - [TEST_STEP][PASSED] - out.println("Transaction ID: " + traxID): null

2021-06-22 02:20:21 - [TEST_STEP][PASSED] - out.println("End Record Number: " + row): null

2021-06-22 02:20:21 - [TEST_STEP][PASSED] - closeBrowser(): Browser is closed

2021-06-22 02:20:22 - [MESSAGE][PASSED] - Browser is closed

2021-06-22 02:20:22 - [TEST_STEP][PASSED] - out.println("Begin Record Number: " + row): null

2021-06-22 02:20:22 - [TEST_STEP][PASSED] - today = new java.util.Date(): null

2021-06-22 02:20:22 - [TEST_STEP][PASSED] - println(today): null

2021-06-22 02:20:22 - [TEST_STEP][PASSED] - datText = today: null

2021-06-22 02:20:22 - [TEST_STEP][PASSED] - openBrowser(VLinkURL + "authcap.html"): Browser is opened with url: 'https://dev-algorithm.govolution.com/vlinktest/QA/version_2_0/authcap.html'

2021-06-22 02:20:22 - [MESSAGE][INFO] - Starting 'Chrome' driver

2021-06-22 02:20:22 - [MESSAGE][INFO] - User set preference: ['acceptInsecureCerts', 'true']

2021-06-22 02:20:22 - [MESSAGE][INFO] - Action delay is set to 0 milliseconds

2021-06-22 02:20:24 - [MESSAGE][PASSED] - Browser is opened with url: 'https://dev-algorithm.govolution.com/vlinktest/QA/version_2_0/authcap.html'

2021-06-22 02:20:24 - [TEST_STEP][PASSED] - maximizeWindow(): Current window maximized

2021-06-22 02:20:24 - [MESSAGE][PASSED] - Current window maximized

2021-06-22 02:20:24 - [TEST_STEP][PASSED] - vlinkPages.saleCCPage.setDataSCC(row, dataFile): vlinkPages.saleCCPage.setDataSCC is PASSED

2021-06-22 02:20:26 - [MESSAGE][PASSED] - Object 'Object Repository/VLink/Page_CCSale/txt_CardNumber' is present

2021-06-22 02:20:26 - [MESSAGE][PASSED] - Object 'Object Repository/VLink/Page_CCSale/txt_TransactionType' is present

2021-06-22 02:20:27 - [MESSAGE][PASSED] - Text '104' is set on object 'Object Repository/VLink/Page_CCSale/txt_TransactionType'

2021-06-22 02:20:27 - [MESSAGE][PASSED] - Object 'Object Repository/VLink/Page_CCSale/txt_MessageVersion' is present

2021-06-22 02:20:28 - [MESSAGE][PASSED] - Text '2.0C' is set on object 'Object Repository/VLink/Page_CCSale/txt_MessageVersion'

2021-06-22 02:20:28 - [MESSAGE][PASSED] - Object 'Object Repository/VLink/Page_CCSale/txt_RemID' is present

2021-06-22 02:20:29 - [MESSAGE][PASSED] - Text 'clauUKzg1mHQ' is set on object 'Object Repository/VLink/Page_CCSale/txt_RemID'

2021-06-22 02:20:29 - [MESSAGE][PASSED] - Object 'Object Repository/VLink/Page_CCSale/txt_ApplicationId' is present

2021-06-22 02:20:30 - [MESSAGE][PASSED] - Text '671' is set on object 'Object Repository/VLink/Page_CCSale/txt_ApplicationId'

2021-06-22 02:20:30 - [MESSAGE][PASSED] - Object 'Object Repository/VLink/Page_CCSale/txt_Username' is present

2021-06-22 02:20:31 - [MESSAGE][PASSED] - Text 'username' is set on object 'Object Repository/VLink/Page_CCSale/txt_Username'

2021-06-22 02:20:31 - [MESSAGE][PASSED] - Object 'Object Repository/VLink/Page_CCSale/txt_Password' is present

2021-06-22 02:20:32 - [MESSAGE][PASSED] - Text 'password' is set on object 'Object Repository/VLink/Page_CCSale/txt_Password'

2021-06-22 02:20:32 - [MESSAGE][PASSED] - Object 'Object Repository/VLink/Page_CCSale/txt_ResponseFormat' is present

2021-06-22 02:20:33 - [MESSAGE][PASSED] - Text 'fixed_width' is set on object 'Object Repository/VLink/Page_CCSale/txt_ResponseFormat'

2021-06-22 02:20:33 - [MESSAGE][PASSED] - Object 'Object Repository/VLink/Page_CCSale/txt_Category' is present

2021-06-22 02:20:33 - [MESSAGE][PASSED] - Text 'RETL' is set on object 'Object Repository/VLink/Page_CCSale/txt_Category'

2021-06-22 02:20:34 - [MESSAGE][PASSED] - Object 'Object Repository/VLink/Page_CCSale/txt_TransactionID' is present

2021-06-22 02:20:34 - [MESSAGE][PASSED] - Text '' is set on object 'Object Repository/VLink/Page_CCSale/txt_TransactionID'

2021-06-22 02:20:35 - [MESSAGE][PASSED] - Object 'Object Repository/VLink/Page_CCSale/txt_ApprovalCode' is present

2021-06-22 02:20:35 - [MESSAGE][PASSED] - Text '' is set on object 'Object Repository/VLink/Page_CCSale/txt_ApprovalCode'

2021-06-22 02:20:36 - [MESSAGE][PASSED] - Object 'Object Repository/VLink/Page_CCSale/txt_CardName' is present

2021-06-22 02:20:36 - [MESSAGE][PASSED] - Text 'Kris Roshan' is set on object 'Object Repository/VLink/Page_CCSale/txt_CardName'

2021-06-22 02:20:37 - [MESSAGE][PASSED] - Object 'Object Repository/VLink/Page_CCSale/txt_AL1' is present

2021-06-22 02:20:37 - [MESSAGE][PASSED] - Text '258 Elm Road' is set on object 'Object Repository/VLink/Page_CCSale/txt_AL1'

2021-06-22 02:20:38 - [MESSAGE][PASSED] - Object 'Object Repository/VLink/Page_CCSale/txt_AL2' is present

2021-06-22 02:20:38 - [MESSAGE][PASSED] - Text 'Suite 56' is set on object 'Object Repository/VLink/Page_CCSale/txt_AL2'

2021-06-22 02:20:39 - [MESSAGE][PASSED] - Object 'Object Repository/VLink/Page_CCSale/txt_CardCity' is present

2021-06-22 02:20:39 - [MESSAGE][PASSED] - Text 'Arlington' is set on object 'Object Repository/VLink/Page_CCSale/txt_CardCity'

2021-06-22 02:20:40 - [MESSAGE][PASSED] - Object 'Object Repository/VLink/Page_CCSale/txt_CardState' is present

2021-06-22 02:20:40 - [MESSAGE][PASSED] - Text 'VA' is set on object 'Object Repository/VLink/Page_CCSale/txt_CardState'

2021-06-22 02:20:41 - [MESSAGE][PASSED] - Object 'Object Repository/VLink/Page_CCSale/txt_CardZIP' is present

2021-06-22 02:20:41 - [MESSAGE][PASSED] - Text '22201' is set on object 'Object Repository/VLink/Page_CCSale/txt_CardZIP'

2021-06-22 02:20:42 - [MESSAGE][PASSED] - Object 'Object Repository/VLink/Page_CCSale/txt_CountryID' is present

2021-06-22 02:20:42 - [MESSAGE][PASSED] - Text '840' is set on object 'Object Repository/VLink/Page_CCSale/txt_CountryID'

2021-06-22 02:20:43 - [MESSAGE][PASSED] - Object 'Object Repository/VLink/Page_CCSale/txt_Amount' is present

2021-06-22 02:20:43 - [MESSAGE][PASSED] - Text '1.50' is set on object 'Object Repository/VLink/Page_CCSale/txt_Amount'

2021-06-22 02:20:44 - [MESSAGE][PASSED] - Object 'Object Repository/VLink/Page_CCSale/txt_CardNumber' is present

2021-06-22 02:20:45 - [MESSAGE][PASSED] - Text '5424000000000015' is set on object 'Object Repository/VLink/Page_CCSale/txt_CardNumber'

2021-06-22 02:20:45 - [MESSAGE][PASSED] - Object 'Object Repository/VLink/Page_CCSale/txt_ExpMonth' is present

2021-06-22 02:20:46 - [MESSAGE][PASSED] - Text '12' is set on object 'Object Repository/VLink/Page_CCSale/txt_ExpMonth'

2021-06-22 02:20:46 - [MESSAGE][PASSED] - Object 'Object Repository/VLink/Page_CCSale/txt_ExpYear' is present

2021-06-22 02:20:47 - [MESSAGE][PASSED] - Text '2025' is set on object 'Object Repository/VLink/Page_CCSale/txt_ExpYear'

2021-06-22 02:20:47 - [MESSAGE][PASSED] - Object 'Object Repository/VLink/Page_CCSale/txt_CVV' is present

2021-06-22 02:20:48 - [MESSAGE][PASSED] - Text '' is set on object 'Object Repository/VLink/Page_CCSale/txt_CVV'

2021-06-22 02:20:48 - [MESSAGE][PASSED] - Object 'Object Repository/VLink/Page_CCSale/txt_CVVstate' is present

2021-06-22 02:20:49 - [MESSAGE][PASSED] - Text '' is set on object 'Object Repository/VLink/Page_CCSale/txt_CVVstate'

2021-06-22 02:20:49 - [MESSAGE][PASSED] - Object 'Object Repository/VLink/Page_CCSale/txt_TrackData' is present

2021-06-22 02:20:50 - [MESSAGE][PASSED] - Text '' is set on object 'Object Repository/VLink/Page_CCSale/txt_TrackData'

2021-06-22 02:20:50 - [MESSAGE][PASSED] - Object 'Object Repository/VLink/Page_CCSale/txt_Track1Data' is present

2021-06-22 02:20:51 - [MESSAGE][PASSED] - Text '' is set on object 'Object Repository/VLink/Page_CCSale/txt_Track1Data'

2021-06-22 02:20:51 - [MESSAGE][PASSED] - Object 'Object Repository/VLink/Page_CCSale/txt_Track2Data' is present

2021-06-22 02:20:52 - [MESSAGE][PASSED] - Text '' is set on object 'Object Repository/VLink/Page_CCSale/txt_Track2Data'

2021-06-22 02:20:52 - [MESSAGE][PASSED] - Object 'Object Repository/VLink/Page_CCSale/txt_POSEntryMode' is present

2021-06-22 02:20:53 - [MESSAGE][PASSED] - Text 'manual' is set on object 'Object Repository/VLink/Page_CCSale/txt_POSEntryMode'

2021-06-22 02:20:53 - [MESSAGE][PASSED] - Object 'Object Repository/VLink/Page_CCSale/txt_Email' is present

2021-06-22 02:20:54 - [MESSAGE][PASSED] - Text 'iahmed@govolution.com' is set on object 'Object Repository/VLink/Page_CCSale/txt_Email'

2021-06-22 02:20:54 - [MESSAGE][PASSED] - Object 'Object Repository/VLink/Page_CCSale/txt_OrderNumber' is present

2021-06-22 02:20:55 - [MESSAGE][PASSED] - Text '2569362' is set on object 'Object Repository/VLink/Page_CCSale/txt_OrderNumber'

2021-06-22 02:20:55 - [MESSAGE][PASSED] - Object 'Object Repository/VLink/Page_CCSale/txt_TaxAmount' is present

2021-06-22 02:20:56 - [MESSAGE][PASSED] - Text '1.15' is set on object 'Object Repository/VLink/Page_CCSale/txt_TaxAmount'

2021-06-22 02:20:56 - [MESSAGE][PASSED] - Object 'Object Repository/VLink/Page_CCSale/txt_ChargeDescription' is present

2021-06-22 02:20:57 - [MESSAGE][PASSED] - Text 'Charge Description' is set on object 'Object Repository/VLink/Page_CCSale/txt_ChargeDescription'

2021-06-22 02:20:57 - [MESSAGE][PASSED] - Object 'Object Repository/VLink/Page_CCSale/txt_CAN' is present

2021-06-22 02:20:58 - [MESSAGE][PASSED] - Text '147357' is set on object 'Object Repository/VLink/Page_CCSale/txt_CAN'

2021-06-22 02:20:58 - [MESSAGE][PASSED] - Object 'Object Repository/VLink/Page_CCSale/txt_BillPaymentIndicator' is present

2021-06-22 02:20:59 - [MESSAGE][PASSED] - Text '1' is set on object 'Object Repository/VLink/Page_CCSale/txt_BillPaymentIndicator'

2021-06-22 02:20:59 - [MESSAGE][PASSED] - Object 'Object Repository/VLink/Page_CCSale/txt_UDF1' is present

2021-06-22 02:21:00 - [MESSAGE][PASSED] - Text 'UDF Data 1' is set on object 'Object Repository/VLink/Page_CCSale/txt_UDF1'

2021-06-22 02:21:00 - [MESSAGE][PASSED] - Object 'Object Repository/VLink/Page_CCSale/txt_UDF2' is present

2021-06-22 02:21:01 - [MESSAGE][PASSED] - Text 'UDF Data 2' is set on object 'Object Repository/VLink/Page_CCSale/txt_UDF2'

2021-06-22 02:21:01 - [MESSAGE][PASSED] - Object 'Object Repository/VLink/Page_CCSale/txt_UDF3' is present

2021-06-22 02:21:02 - [MESSAGE][PASSED] - Text 'UDF Data 3' is set on object 'Object Repository/VLink/Page_CCSale/txt_UDF3'

2021-06-22 02:21:02 - [MESSAGE][PASSED] - Object 'Object Repository/VLink/Page_CCSale/txt_UDF4' is present

2021-06-22 02:21:03 - [MESSAGE][PASSED] - Text 'UDF Data 4' is set on object 'Object Repository/VLink/Page_CCSale/txt_UDF4'

2021-06-22 02:21:03 - [MESSAGE][PASSED] - Object 'Object Repository/VLink/Page_CCSale/txt_UDF5' is present

2021-06-22 02:21:04 - [MESSAGE][PASSED] - Text 'UDF Data 5' is set on object 'Object Repository/VLink/Page_CCSale/txt_UDF5'

2021-06-22 02:21:04 - [MESSAGE][PASSED] - Object 'Object Repository/VLink/Page_CCSale/txt_UDF6' is present

2021-06-22 02:21:05 - [MESSAGE][PASSED] - Text 'UDF Data 6' is set on object 'Object Repository/VLink/Page_CCSale/txt_UDF6'

2021-06-22 02:21:05 - [MESSAGE][PASSED] - Object 'Object Repository/VLink/Page_CCSale/txt_UDF7' is present

2021-06-22 02:21:06 - [MESSAGE][PASSED] - Text 'UDF Data 7' is set on object 'Object Repository/VLink/Page_CCSale/txt_UDF7'

2021-06-22 02:21:06 - [MESSAGE][PASSED] - Object 'Object Repository/VLink/Page_CCSale/txt_UDF8' is present

2021-06-22 02:21:07 - [MESSAGE][PASSED] - Text 'UDF Data 8' is set on object 'Object Repository/VLink/Page_CCSale/txt_UDF8'

2021-06-22 02:21:07 - [MESSAGE][PASSED] - Object 'Object Repository/VLink/Page_CCSale/txt_UDF9' is present

2021-06-22 02:21:08 - [MESSAGE][PASSED] - Text 'UDF Data 9' is set on object 'Object Repository/VLink/Page_CCSale/txt_UDF9'

2021-06-22 02:21:08 - [MESSAGE][PASSED] - Object 'Object Repository/VLink/Page_CCSale/txt_UDF10' is present

2021-06-22 02:21:09 - [MESSAGE][PASSED] - Text 'UDF Data 10' is set on object 'Object Repository/VLink/Page_CCSale/txt_UDF10'

2021-06-22 02:21:09 - [MESSAGE][PASSED] - Object 'Object Repository/VLink/Page_CCSale/txt_CardOnFileIndicator' is present

2021-06-22 02:21:10 - [MESSAGE][PASSED] - Text '1' is set on object 'Object Repository/VLink/Page_CCSale/txt_CardOnFileIndicator'

2021-06-22 02:21:10 - [MESSAGE][PASSED] - Object 'Object Repository/VLink/Page_CCSale/txt_StoredCredentialIndicator' is present

2021-06-22 02:21:11 - [MESSAGE][PASSED] - Text 'Subsequent' is set on object 'Object Repository/VLink/Page_CCSale/txt_StoredCredentialIndicator'

2021-06-22 02:21:11 - [MESSAGE][PASSED] - Object 'Object Repository/VLink/Page_CCSale/txt_COFScheduledIndicator' is present

2021-06-22 02:21:12 - [MESSAGE][PASSED] - Text 'Scheduled' is set on object 'Object Repository/VLink/Page_CCSale/txt_COFScheduledIndicator'

2021-06-22 02:21:12 - [MESSAGE][PASSED] - Object 'Object Repository/VLink/Page_CCSale/txt_COFTransactionInitiatedBy' is present

2021-06-22 02:21:13 - [MESSAGE][PASSED] - Text 'Merchant' is set on object 'Object Repository/VLink/Page_CCSale/txt_COFTransactionInitiatedBy'

2021-06-22 02:21:18 - [MESSAGE][PASSED] - Object: 'Object Repository/VLink/Page_CCSale/btn_ProcessVLinkTransaction' is clicked on

2021-06-22 02:21:23 - [MESSAGE][PASSED] - vlinkPages.saleCCPage.setDataSCC is PASSED

2021-06-22 02:21:23 - [TEST_STEP][PASSED] - if (verifyTextPresent("Transaction approved, no errors", true)): null

2021-06-22 02:21:24 - [MESSAGE][PASSED] - Text 'Transaction approved, no errors' is present on page  using regular expression

2021-06-22 02:21:24 - [TEST_STEP][PASSED] - println("Transaction Approved, no errors text is present on the Confirmation page"): null

2021-06-22 02:21:24 - [TEST_STEP][PASSED] - out.println("Pass Record Number: " + row): null

2021-06-22 02:21:24 - [TEST_STEP][PASSED] - resText = "Pass": null

2021-06-22 02:21:24 - [TEST_STEP][PASSED] - pages.WriteExcel.demoKey(resText, datText, resColumn, datCloumn, fileLoc, nameSheet, row): pages.WriteExcel.demoKey is PASSED

2021-06-22 02:21:24 - [MESSAGE][PASSED] - pages.WriteExcel.demoKey is PASSED

2021-06-22 02:21:24 - [TEST_STEP][PASSED] - sdfo = getText(findTestObject("Object Repository/Page_VLinkReceipt/pre_STX")): Text of object 'Object Repository/Page_VLinkReceipt/pre_STX' is: '<STX>clauUKzg1mHQ                  12098422            0  Transaction approved, no errors                   0                                                                                  Y 006319   <ETX>'

2021-06-22 02:21:24 - [MESSAGE][PASSED] - Text of object 'Object Repository/Page_VLinkReceipt/pre_STX' is: '<STX>clauUKzg1mHQ                  12098422            0  Transaction approved, no errors                   0                                                                                  Y 006319   <ETX>'

2021-06-22 02:21:24 - [TEST_STEP][PASSED] - out.println("sdfo: " + sdfo): null

2021-06-22 02:21:24 - [TEST_STEP][PASSED] - remID = substring(5, 35).trim(): null

2021-06-22 02:21:24 - [TEST_STEP][PASSED] - out.println("Remittance ID: " + remID): null

2021-06-22 02:21:24 - [TEST_STEP][PASSED] - traxID = substring(35, 55).trim(): null

2021-06-22 02:21:24 - [TEST_STEP][PASSED] - out.println("Transaction ID: " + traxID): null

2021-06-22 02:21:24 - [TEST_STEP][PASSED] - out.println("End Record Number: " + row): null

2021-06-22 02:21:24 - [TEST_STEP][PASSED] - closeBrowser(): Browser is closed

2021-06-22 02:21:25 - [MESSAGE][PASSED] - Browser is closed

2021-06-22 02:21:25 - [TEST_STEP][PASSED] - out.println("Begin Record Number: " + row): null

2021-06-22 02:21:25 - [TEST_STEP][PASSED] - today = new java.util.Date(): null

2021-06-22 02:21:25 - [TEST_STEP][PASSED] - println(today): null

2021-06-22 02:21:25 - [TEST_STEP][PASSED] - datText = today: null

2021-06-22 02:21:25 - [TEST_STEP][PASSED] - openBrowser(VLinkURL + "authcap.html"): Browser is opened with url: 'https://dev-algorithm.govolution.com/vlinktest/QA/version_2_0/authcap.html'

2021-06-22 02:21:25 - [MESSAGE][INFO] - Starting 'Chrome' driver

2021-06-22 02:21:25 - [MESSAGE][INFO] - User set preference: ['acceptInsecureCerts', 'true']

2021-06-22 02:21:25 - [MESSAGE][INFO] - Action delay is set to 0 milliseconds

2021-06-22 02:21:27 - [MESSAGE][PASSED] - Browser is opened with url: 'https://dev-algorithm.govolution.com/vlinktest/QA/version_2_0/authcap.html'

2021-06-22 02:21:27 - [TEST_STEP][PASSED] - maximizeWindow(): Current window maximized

2021-06-22 02:21:27 - [MESSAGE][PASSED] - Current window maximized

2021-06-22 02:21:27 - [TEST_STEP][PASSED] - vlinkPages.saleCCPage.setDataSCC(row, dataFile): vlinkPages.saleCCPage.setDataSCC is PASSED

2021-06-22 02:21:29 - [MESSAGE][PASSED] - Object 'Object Repository/VLink/Page_CCSale/txt_CardNumber' is present

2021-06-22 02:21:29 - [MESSAGE][PASSED] - Object 'Object Repository/VLink/Page_CCSale/txt_TransactionType' is present

2021-06-22 02:21:30 - [MESSAGE][PASSED] - Text '104' is set on object 'Object Repository/VLink/Page_CCSale/txt_TransactionType'

2021-06-22 02:21:30 - [MESSAGE][PASSED] - Object 'Object Repository/VLink/Page_CCSale/txt_MessageVersion' is present

2021-06-22 02:21:31 - [MESSAGE][PASSED] - Text '2.0C' is set on object 'Object Repository/VLink/Page_CCSale/txt_MessageVersion'

2021-06-22 02:21:31 - [MESSAGE][PASSED] - Object 'Object Repository/VLink/Page_CCSale/txt_RemID' is present

2021-06-22 02:21:32 - [MESSAGE][PASSED] - Text 'PBQ5D7kKwQqh' is set on object 'Object Repository/VLink/Page_CCSale/txt_RemID'

2021-06-22 02:21:32 - [MESSAGE][PASSED] - Object 'Object Repository/VLink/Page_CCSale/txt_ApplicationId' is present

2021-06-22 02:21:33 - [MESSAGE][PASSED] - Text '671' is set on object 'Object Repository/VLink/Page_CCSale/txt_ApplicationId'

2021-06-22 02:21:33 - [MESSAGE][PASSED] - Object 'Object Repository/VLink/Page_CCSale/txt_Username' is present

2021-06-22 02:21:33 - [MESSAGE][PASSED] - Text 'username' is set on object 'Object Repository/VLink/Page_CCSale/txt_Username'

2021-06-22 02:21:34 - [MESSAGE][PASSED] - Object 'Object Repository/VLink/Page_CCSale/txt_Password' is present

2021-06-22 02:21:34 - [MESSAGE][PASSED] - Text 'password' is set on object 'Object Repository/VLink/Page_CCSale/txt_Password'

2021-06-22 02:21:35 - [MESSAGE][PASSED] - Object 'Object Repository/VLink/Page_CCSale/txt_ResponseFormat' is present

2021-06-22 02:21:35 - [MESSAGE][PASSED] - Text 'fixed_width' is set on object 'Object Repository/VLink/Page_CCSale/txt_ResponseFormat'

2021-06-22 02:21:36 - [MESSAGE][PASSED] - Object 'Object Repository/VLink/Page_CCSale/txt_Category' is present

2021-06-22 02:21:36 - [MESSAGE][PASSED] - Text 'RETL' is set on object 'Object Repository/VLink/Page_CCSale/txt_Category'

2021-06-22 02:21:36 - [MESSAGE][PASSED] - Object 'Object Repository/VLink/Page_CCSale/txt_TransactionID' is present

2021-06-22 02:21:37 - [MESSAGE][PASSED] - Text '' is set on object 'Object Repository/VLink/Page_CCSale/txt_TransactionID'

2021-06-22 02:21:37 - [MESSAGE][PASSED] - Object 'Object Repository/VLink/Page_CCSale/txt_ApprovalCode' is present

2021-06-22 02:21:38 - [MESSAGE][PASSED] - Text '' is set on object 'Object Repository/VLink/Page_CCSale/txt_ApprovalCode'

2021-06-22 02:21:38 - [MESSAGE][PASSED] - Object 'Object Repository/VLink/Page_CCSale/txt_CardName' is present

2021-06-22 02:21:39 - [MESSAGE][PASSED] - Text 'Arvind Silva' is set on object 'Object Repository/VLink/Page_CCSale/txt_CardName'

2021-06-22 02:21:39 - [MESSAGE][PASSED] - Object 'Object Repository/VLink/Page_CCSale/txt_AL1' is present

2021-06-22 02:21:40 - [MESSAGE][PASSED] - Text '111 Main Ave' is set on object 'Object Repository/VLink/Page_CCSale/txt_AL1'

2021-06-22 02:21:40 - [MESSAGE][PASSED] - Object 'Object Repository/VLink/Page_CCSale/txt_AL2' is present

2021-06-22 02:21:41 - [MESSAGE][PASSED] - Text '' is set on object 'Object Repository/VLink/Page_CCSale/txt_AL2'

2021-06-22 02:21:41 - [MESSAGE][PASSED] - Object 'Object Repository/VLink/Page_CCSale/txt_CardCity' is present

2021-06-22 02:21:42 - [MESSAGE][PASSED] - Text 'Arlington' is set on object 'Object Repository/VLink/Page_CCSale/txt_CardCity'

2021-06-22 02:21:42 - [MESSAGE][PASSED] - Object 'Object Repository/VLink/Page_CCSale/txt_CardState' is present

2021-06-22 02:21:43 - [MESSAGE][PASSED] - Text 'VA' is set on object 'Object Repository/VLink/Page_CCSale/txt_CardState'

2021-06-22 02:21:43 - [MESSAGE][PASSED] - Object 'Object Repository/VLink/Page_CCSale/txt_CardZIP' is present

2021-06-22 02:21:44 - [MESSAGE][PASSED] - Text '22201' is set on object 'Object Repository/VLink/Page_CCSale/txt_CardZIP'

2021-06-22 02:21:44 - [MESSAGE][PASSED] - Object 'Object Repository/VLink/Page_CCSale/txt_CountryID' is present

2021-06-22 02:21:45 - [MESSAGE][PASSED] - Text '' is set on object 'Object Repository/VLink/Page_CCSale/txt_CountryID'

2021-06-22 02:21:45 - [MESSAGE][PASSED] - Object 'Object Repository/VLink/Page_CCSale/txt_Amount' is present

2021-06-22 02:21:46 - [MESSAGE][PASSED] - Text '2.50' is set on object 'Object Repository/VLink/Page_CCSale/txt_Amount'

2021-06-22 02:21:47 - [MESSAGE][PASSED] - Object 'Object Repository/VLink/Page_CCSale/txt_CardNumber' is present

2021-06-22 02:21:47 - [MESSAGE][PASSED] - Text '370000000000002' is set on object 'Object Repository/VLink/Page_CCSale/txt_CardNumber'

2021-06-22 02:21:48 - [MESSAGE][PASSED] - Object 'Object Repository/VLink/Page_CCSale/txt_ExpMonth' is present

2021-06-22 02:21:48 - [MESSAGE][PASSED] - Text '01' is set on object 'Object Repository/VLink/Page_CCSale/txt_ExpMonth'

2021-06-22 02:21:49 - [MESSAGE][PASSED] - Object 'Object Repository/VLink/Page_CCSale/txt_ExpYear' is present

2021-06-22 02:21:49 - [MESSAGE][PASSED] - Text '2026' is set on object 'Object Repository/VLink/Page_CCSale/txt_ExpYear'

2021-06-22 02:21:50 - [MESSAGE][PASSED] - Object 'Object Repository/VLink/Page_CCSale/txt_CVV' is present

2021-06-22 02:21:50 - [MESSAGE][PASSED] - Text '' is set on object 'Object Repository/VLink/Page_CCSale/txt_CVV'

2021-06-22 02:21:51 - [MESSAGE][PASSED] - Object 'Object Repository/VLink/Page_CCSale/txt_CVVstate' is present

2021-06-22 02:21:51 - [MESSAGE][PASSED] - Text '' is set on object 'Object Repository/VLink/Page_CCSale/txt_CVVstate'

2021-06-22 02:21:52 - [MESSAGE][PASSED] - Object 'Object Repository/VLink/Page_CCSale/txt_TrackData' is present

2021-06-22 02:21:52 - [MESSAGE][PASSED] - Text '' is set on object 'Object Repository/VLink/Page_CCSale/txt_TrackData'

2021-06-22 02:21:53 - [MESSAGE][PASSED] - Object 'Object Repository/VLink/Page_CCSale/txt_Track1Data' is present

2021-06-22 02:21:53 - [MESSAGE][PASSED] - Text '' is set on object 'Object Repository/VLink/Page_CCSale/txt_Track1Data'

2021-06-22 02:21:54 - [MESSAGE][PASSED] - Object 'Object Repository/VLink/Page_CCSale/txt_Track2Data' is present

2021-06-22 02:21:54 - [MESSAGE][PASSED] - Text '' is set on object 'Object Repository/VLink/Page_CCSale/txt_Track2Data'

2021-06-22 02:21:55 - [MESSAGE][PASSED] - Object 'Object Repository/VLink/Page_CCSale/txt_POSEntryMode' is present

2021-06-22 02:21:55 - [MESSAGE][PASSED] - Text 'manual' is set on object 'Object Repository/VLink/Page_CCSale/txt_POSEntryMode'

2021-06-22 02:21:56 - [MESSAGE][PASSED] - Object 'Object Repository/VLink/Page_CCSale/txt_Email' is present

2021-06-22 02:21:56 - [MESSAGE][PASSED] - Text '' is set on object 'Object Repository/VLink/Page_CCSale/txt_Email'

2021-06-22 02:21:57 - [MESSAGE][PASSED] - Object 'Object Repository/VLink/Page_CCSale/txt_OrderNumber' is present

2021-06-22 02:21:57 - [MESSAGE][PASSED] - Text '' is set on object 'Object Repository/VLink/Page_CCSale/txt_OrderNumber'

2021-06-22 02:21:58 - [MESSAGE][PASSED] - Object 'Object Repository/VLink/Page_CCSale/txt_TaxAmount' is present

2021-06-22 02:21:58 - [MESSAGE][PASSED] - Text '' is set on object 'Object Repository/VLink/Page_CCSale/txt_TaxAmount'

2021-06-22 02:21:59 - [MESSAGE][PASSED] - Object 'Object Repository/VLink/Page_CCSale/txt_ChargeDescription' is present

2021-06-22 02:21:59 - [MESSAGE][PASSED] - Text '' is set on object 'Object Repository/VLink/Page_CCSale/txt_ChargeDescription'

2021-06-22 02:22:00 - [MESSAGE][PASSED] - Object 'Object Repository/VLink/Page_CCSale/txt_CAN' is present

2021-06-22 02:22:00 - [MESSAGE][PASSED] - Text '' is set on object 'Object Repository/VLink/Page_CCSale/txt_CAN'

2021-06-22 02:22:00 - [MESSAGE][PASSED] - Object 'Object Repository/VLink/Page_CCSale/txt_BillPaymentIndicator' is present

2021-06-22 02:22:01 - [MESSAGE][PASSED] - Text '' is set on object 'Object Repository/VLink/Page_CCSale/txt_BillPaymentIndicator'

2021-06-22 02:22:01 - [MESSAGE][PASSED] - Object 'Object Repository/VLink/Page_CCSale/txt_UDF1' is present

2021-06-22 02:22:02 - [MESSAGE][PASSED] - Text '' is set on object 'Object Repository/VLink/Page_CCSale/txt_UDF1'

2021-06-22 02:22:02 - [MESSAGE][PASSED] - Object 'Object Repository/VLink/Page_CCSale/txt_UDF2' is present

2021-06-22 02:22:03 - [MESSAGE][PASSED] - Text '' is set on object 'Object Repository/VLink/Page_CCSale/txt_UDF2'

2021-06-22 02:22:03 - [MESSAGE][PASSED] - Object 'Object Repository/VLink/Page_CCSale/txt_UDF3' is present

2021-06-22 02:22:04 - [MESSAGE][PASSED] - Text '' is set on object 'Object Repository/VLink/Page_CCSale/txt_UDF3'

2021-06-22 02:22:04 - [MESSAGE][PASSED] - Object 'Object Repository/VLink/Page_CCSale/txt_UDF4' is present

2021-06-22 02:22:05 - [MESSAGE][PASSED] - Text '' is set on object 'Object Repository/VLink/Page_CCSale/txt_UDF4'

2021-06-22 02:22:05 - [MESSAGE][PASSED] - Object 'Object Repository/VLink/Page_CCSale/txt_UDF5' is present

2021-06-22 02:22:06 - [MESSAGE][PASSED] - Text '' is set on object 'Object Repository/VLink/Page_CCSale/txt_UDF5'

2021-06-22 02:22:06 - [MESSAGE][PASSED] - Object 'Object Repository/VLink/Page_CCSale/txt_UDF6' is present

2021-06-22 02:22:07 - [MESSAGE][PASSED] - Text '' is set on object 'Object Repository/VLink/Page_CCSale/txt_UDF6'

2021-06-22 02:22:07 - [MESSAGE][PASSED] - Object 'Object Repository/VLink/Page_CCSale/txt_UDF7' is present

2021-06-22 02:22:08 - [MESSAGE][PASSED] - Text '' is set on object 'Object Repository/VLink/Page_CCSale/txt_UDF7'

2021-06-22 02:22:08 - [MESSAGE][PASSED] - Object 'Object Repository/VLink/Page_CCSale/txt_UDF8' is present

2021-06-22 02:22:09 - [MESSAGE][PASSED] - Text '' is set on object 'Object Repository/VLink/Page_CCSale/txt_UDF8'

2021-06-22 02:22:09 - [MESSAGE][PASSED] - Object 'Object Repository/VLink/Page_CCSale/txt_UDF9' is present

2021-06-22 02:22:10 - [MESSAGE][PASSED] - Text '' is set on object 'Object Repository/VLink/Page_CCSale/txt_UDF9'

2021-06-22 02:22:10 - [MESSAGE][PASSED] - Object 'Object Repository/VLink/Page_CCSale/txt_UDF10' is present

2021-06-22 02:22:11 - [MESSAGE][PASSED] - Text '' is set on object 'Object Repository/VLink/Page_CCSale/txt_UDF10'

2021-06-22 02:22:12 - [MESSAGE][PASSED] - Object 'Object Repository/VLink/Page_CCSale/txt_CardOnFileIndicator' is present

2021-06-22 02:22:12 - [MESSAGE][PASSED] - Text '1' is set on object 'Object Repository/VLink/Page_CCSale/txt_CardOnFileIndicator'

2021-06-22 02:22:13 - [MESSAGE][PASSED] - Object 'Object Repository/VLink/Page_CCSale/txt_StoredCredentialIndicator' is present

2021-06-22 02:22:13 - [MESSAGE][PASSED] - Text 'Subsequent' is set on object 'Object Repository/VLink/Page_CCSale/txt_StoredCredentialIndicator'

2021-06-22 02:22:14 - [MESSAGE][PASSED] - Object 'Object Repository/VLink/Page_CCSale/txt_COFScheduledIndicator' is present

2021-06-22 02:22:14 - [MESSAGE][PASSED] - Text 'Scheduled' is set on object 'Object Repository/VLink/Page_CCSale/txt_COFScheduledIndicator'

2021-06-22 02:22:15 - [MESSAGE][PASSED] - Object 'Object Repository/VLink/Page_CCSale/txt_COFTransactionInitiatedBy' is present

2021-06-22 02:22:15 - [MESSAGE][PASSED] - Text 'Merchant' is set on object 'Object Repository/VLink/Page_CCSale/txt_COFTransactionInitiatedBy'

2021-06-22 02:22:19 - [MESSAGE][PASSED] - Object: 'Object Repository/VLink/Page_CCSale/btn_ProcessVLinkTransaction' is clicked on

2021-06-22 02:22:24 - [MESSAGE][PASSED] - vlinkPages.saleCCPage.setDataSCC is PASSED

2021-06-22 02:22:24 - [TEST_STEP][FAILED] - if (verifyTextPresent("Transaction approved, no errors", true)): Text 'Transaction approved, no errors' is not present on page  using regular expression (Root cause: com.kms.katalon.core.exception.StepFailedException: Text 'Transaction approved, no errors' is not present on page  using regular expression
	at com.kms.katalon.core.webui.keyword.internal.WebUIKeywordMain.stepFailed(WebUIKeywordMain.groovy:64)
	at com.kms.katalon.core.webui.keyword.builtin.VerifyTextPresentKeyword$_verifyTextPresent_closure1.doCall(VerifyTextPresentKeyword.groovy:79)
	at com.kms.katalon.core.webui.keyword.builtin.VerifyTextPresentKeyword$_verifyTextPresent_closure1.call(VerifyTextPresentKeyword.groovy)
	at com.kms.katalon.core.webui.keyword.internal.WebUIKeywordMain.runKeyword(WebUIKeywordMain.groovy:20)
	at com.kms.katalon.core.webui.keyword.builtin.VerifyTextPresentKeyword.verifyTextPresent(VerifyTextPresentKeyword.groovy:83)
	at com.kms.katalon.core.webui.keyword.builtin.VerifyTextPresentKeyword.execute(VerifyTextPresentKeyword.groovy:68)
	at com.kms.katalon.core.keyword.internal.KeywordExecutor.executeKeywordForPlatform(KeywordExecutor.groovy:72)
	at com.kms.katalon.core.webui.keyword.WebUiBuiltInKeywords.verifyTextPresent(WebUiBuiltInKeywords.groovy:1719)
	at com.kms.katalon.core.webui.keyword.WebUiBuiltInKeywords$verifyTextPresent$4.call(Unknown Source)
	at VLinkSale-Successful.run(VLinkSale-Successful:76)
	at com.kms.katalon.core.main.ScriptEngine.run(ScriptEngine.java:194)
	at com.kms.katalon.core.main.ScriptEngine.runScriptAsRawText(ScriptEngine.java:119)
	at com.kms.katalon.core.main.TestCaseExecutor.runScript(TestCaseExecutor.java:337)
	at com.kms.katalon.core.main.TestCaseExecutor.doExecute(TestCaseExecutor.java:328)
	at com.kms.katalon.core.main.TestCaseExecutor.processExecutionPhase(TestCaseExecutor.java:307)
	at com.kms.katalon.core.main.TestCaseExecutor.accessMainPhase(TestCaseExecutor.java:299)
	at com.kms.katalon.core.main.TestCaseExecutor.execute(TestCaseExecutor.java:233)
	at com.kms.katalon.core.main.TestSuiteExecutor.accessTestCaseMainPhase(TestSuiteExecutor.java:169)
	at com.kms.katalon.core.main.TestSuiteExecutor.accessTestSuiteMainPhase(TestSuiteExecutor.java:142)
	at com.kms.katalon.core.main.TestSuiteExecutor.execute(TestSuiteExecutor.java:91)
	at com.kms.katalon.core.main.TestCaseMain.startTestSuite(TestCaseMain.java:157)
	at com.kms.katalon.core.main.TestCaseMain$startTestSuite$0.call(Unknown Source)
	at TempTestSuite1624337272106.run(TempTestSuite1624337272106.groovy:37)
)

2021-06-22 02:22:24 - [MESSAGE][FAILED] - Text 'Transaction approved, no errors' is not present on page  using regular expression (Root cause: com.kms.katalon.core.exception.StepFailedException: Text 'Transaction approved, no errors' is not present on page  using regular expression
	at com.kms.katalon.core.webui.keyword.internal.WebUIKeywordMain.stepFailed(WebUIKeywordMain.groovy:64)
	at com.kms.katalon.core.webui.keyword.builtin.VerifyTextPresentKeyword$_verifyTextPresent_closure1.doCall(VerifyTextPresentKeyword.groovy:79)
	at com.kms.katalon.core.webui.keyword.builtin.VerifyTextPresentKeyword$_verifyTextPresent_closure1.call(VerifyTextPresentKeyword.groovy)
	at com.kms.katalon.core.webui.keyword.internal.WebUIKeywordMain.runKeyword(WebUIKeywordMain.groovy:20)
	at com.kms.katalon.core.webui.keyword.builtin.VerifyTextPresentKeyword.verifyTextPresent(VerifyTextPresentKeyword.groovy:83)
	at com.kms.katalon.core.webui.keyword.builtin.VerifyTextPresentKeyword.execute(VerifyTextPresentKeyword.groovy:68)
	at com.kms.katalon.core.keyword.internal.KeywordExecutor.executeKeywordForPlatform(KeywordExecutor.groovy:72)
	at com.kms.katalon.core.webui.keyword.WebUiBuiltInKeywords.verifyTextPresent(WebUiBuiltInKeywords.groovy:1719)
	at com.kms.katalon.core.webui.keyword.WebUiBuiltInKeywords$verifyTextPresent$4.call(Unknown Source)
	at VLinkSale-Successful.run(VLinkSale-Successful:76)
	at com.kms.katalon.core.main.ScriptEngine.run(ScriptEngine.java:194)
	at com.kms.katalon.core.main.ScriptEngine.runScriptAsRawText(ScriptEngine.java:119)
	at com.kms.katalon.core.main.TestCaseExecutor.runScript(TestCaseExecutor.java:337)
	at com.kms.katalon.core.main.TestCaseExecutor.doExecute(TestCaseExecutor.java:328)
	at com.kms.katalon.core.main.TestCaseExecutor.processExecutionPhase(TestCaseExecutor.java:307)
	at com.kms.katalon.core.main.TestCaseExecutor.accessMainPhase(TestCaseExecutor.java:299)
	at com.kms.katalon.core.main.TestCaseExecutor.execute(TestCaseExecutor.java:233)
	at com.kms.katalon.core.main.TestSuiteExecutor.accessTestCaseMainPhase(TestSuiteExecutor.java:169)
	at com.kms.katalon.core.main.TestSuiteExecutor.accessTestSuiteMainPhase(TestSuiteExecutor.java:142)
	at com.kms.katalon.core.main.TestSuiteExecutor.execute(TestSuiteExecutor.java:91)
	at com.kms.katalon.core.main.TestCaseMain.startTestSuite(TestCaseMain.java:157)
	at com.kms.katalon.core.main.TestCaseMain$startTestSuite$0.call(Unknown Source)
	at TempTestSuite1624337272106.run(TempTestSuite1624337272106.groovy:37)
)

2021-06-22 02:22:24 - [TEST_STEP][PASSED] - else: pages.WriteExcel.demoKey is PASSED

2021-06-22 02:22:24 - [TEST_STEP][PASSED] - println("Transaction Approved, no errors text is not present on the Confirmation page"): null

2021-06-22 02:22:24 - [TEST_STEP][PASSED] - out.println("Fail Record Number: " + row): null

2021-06-22 02:22:24 - [TEST_STEP][PASSED] - resText = "Fail": null

2021-06-22 02:22:24 - [TEST_STEP][PASSED] - pages.WriteExcel.demoKey(resText, datText, resColumn, datCloumn, fileLoc, nameSheet, row): pages.WriteExcel.demoKey is PASSED

2021-06-22 02:22:25 - [MESSAGE][PASSED] - pages.WriteExcel.demoKey is PASSED

2021-06-22 02:22:25 - [TEST_STEP][PASSED] - sdfo = getText(findTestObject("Object Repository/Page_VLinkReceipt/pre_STX")): Text of object 'Object Repository/Page_VLinkReceipt/pre_STX' is: '<STX>PBQ5D7kKwQqh                  12098423            2  Transaction failed                                105Processor reported error                                                        U          <ETX>'

2021-06-22 02:22:25 - [MESSAGE][PASSED] - Text of object 'Object Repository/Page_VLinkReceipt/pre_STX' is: '<STX>PBQ5D7kKwQqh                  12098423            2  Transaction failed                                105Processor reported error                                                        U          <ETX>'

2021-06-22 02:22:25 - [TEST_STEP][PASSED] - out.println("sdfo: " + sdfo): null

2021-06-22 02:22:25 - [TEST_STEP][PASSED] - remID = substring(5, 35).trim(): null

2021-06-22 02:22:25 - [TEST_STEP][PASSED] - out.println("Remittance ID: " + remID): null

2021-06-22 02:22:25 - [TEST_STEP][PASSED] - traxID = substring(35, 55).trim(): null

2021-06-22 02:22:25 - [TEST_STEP][PASSED] - out.println("Transaction ID: " + traxID): null

2021-06-22 02:22:25 - [TEST_STEP][PASSED] - out.println("End Record Number: " + row): null

2021-06-22 02:22:25 - [TEST_STEP][PASSED] - closeBrowser(): Browser is closed

2021-06-22 02:22:26 - [MESSAGE][PASSED] - Browser is closed

2021-06-22 02:22:26 - [TEST_STEP][PASSED] - out.println("Begin Record Number: " + row): null

2021-06-22 02:22:26 - [TEST_STEP][PASSED] - today = new java.util.Date(): null

2021-06-22 02:22:26 - [TEST_STEP][PASSED] - println(today): null

2021-06-22 02:22:26 - [TEST_STEP][PASSED] - datText = today: null

2021-06-22 02:22:26 - [TEST_STEP][PASSED] - openBrowser(VLinkURL + "authcap.html"): Browser is opened with url: 'https://dev-algorithm.govolution.com/vlinktest/QA/version_2_0/authcap.html'

2021-06-22 02:22:26 - [MESSAGE][INFO] - Starting 'Chrome' driver

2021-06-22 02:22:26 - [MESSAGE][INFO] - User set preference: ['acceptInsecureCerts', 'true']

2021-06-22 02:22:26 - [MESSAGE][INFO] - Action delay is set to 0 milliseconds

2021-06-22 02:22:27 - [MESSAGE][PASSED] - Browser is opened with url: 'https://dev-algorithm.govolution.com/vlinktest/QA/version_2_0/authcap.html'

2021-06-22 02:22:27 - [TEST_STEP][PASSED] - maximizeWindow(): Current window maximized

2021-06-22 02:22:28 - [MESSAGE][PASSED] - Current window maximized

2021-06-22 02:22:28 - [TEST_STEP][PASSED] - vlinkPages.saleCCPage.setDataSCC(row, dataFile): vlinkPages.saleCCPage.setDataSCC is PASSED

2021-06-22 02:22:30 - [MESSAGE][PASSED] - Object 'Object Repository/VLink/Page_CCSale/txt_CardNumber' is present

2021-06-22 02:22:30 - [MESSAGE][PASSED] - Object 'Object Repository/VLink/Page_CCSale/txt_TransactionType' is present

2021-06-22 02:22:31 - [MESSAGE][PASSED] - Text '104' is set on object 'Object Repository/VLink/Page_CCSale/txt_TransactionType'

2021-06-22 02:22:31 - [MESSAGE][PASSED] - Object 'Object Repository/VLink/Page_CCSale/txt_MessageVersion' is present

2021-06-22 02:22:32 - [MESSAGE][PASSED] - Text '2.0C' is set on object 'Object Repository/VLink/Page_CCSale/txt_MessageVersion'

2021-06-22 02:22:32 - [MESSAGE][PASSED] - Object 'Object Repository/VLink/Page_CCSale/txt_RemID' is present

2021-06-22 02:22:32 - [MESSAGE][PASSED] - Text 'oUOGkVUyhNgp' is set on object 'Object Repository/VLink/Page_CCSale/txt_RemID'

2021-06-22 02:22:33 - [MESSAGE][PASSED] - Object 'Object Repository/VLink/Page_CCSale/txt_ApplicationId' is present

2021-06-22 02:22:33 - [MESSAGE][PASSED] - Text '671' is set on object 'Object Repository/VLink/Page_CCSale/txt_ApplicationId'

2021-06-22 02:22:34 - [MESSAGE][PASSED] - Object 'Object Repository/VLink/Page_CCSale/txt_Username' is present

2021-06-22 02:22:34 - [MESSAGE][PASSED] - Text 'username' is set on object 'Object Repository/VLink/Page_CCSale/txt_Username'

2021-06-22 02:22:34 - [MESSAGE][PASSED] - Object 'Object Repository/VLink/Page_CCSale/txt_Password' is present

2021-06-22 02:22:35 - [MESSAGE][PASSED] - Text 'password' is set on object 'Object Repository/VLink/Page_CCSale/txt_Password'

2021-06-22 02:22:35 - [MESSAGE][PASSED] - Object 'Object Repository/VLink/Page_CCSale/txt_ResponseFormat' is present

2021-06-22 02:22:36 - [MESSAGE][PASSED] - Text 'fixed_width' is set on object 'Object Repository/VLink/Page_CCSale/txt_ResponseFormat'

2021-06-22 02:22:36 - [MESSAGE][PASSED] - Object 'Object Repository/VLink/Page_CCSale/txt_Category' is present

2021-06-22 02:22:37 - [MESSAGE][PASSED] - Text 'RETL' is set on object 'Object Repository/VLink/Page_CCSale/txt_Category'

2021-06-22 02:22:37 - [MESSAGE][PASSED] - Object 'Object Repository/VLink/Page_CCSale/txt_TransactionID' is present

2021-06-22 02:22:38 - [MESSAGE][PASSED] - Text '' is set on object 'Object Repository/VLink/Page_CCSale/txt_TransactionID'

2021-06-22 02:22:38 - [MESSAGE][PASSED] - Object 'Object Repository/VLink/Page_CCSale/txt_ApprovalCode' is present

2021-06-22 02:22:39 - [MESSAGE][PASSED] - Text '' is set on object 'Object Repository/VLink/Page_CCSale/txt_ApprovalCode'

2021-06-22 02:22:39 - [MESSAGE][PASSED] - Object 'Object Repository/VLink/Page_CCSale/txt_CardName' is present

2021-06-22 02:22:40 - [MESSAGE][PASSED] - Text 'Roshan Maha' is set on object 'Object Repository/VLink/Page_CCSale/txt_CardName'

2021-06-22 02:22:40 - [MESSAGE][PASSED] - Object 'Object Repository/VLink/Page_CCSale/txt_AL1' is present

2021-06-22 02:22:41 - [MESSAGE][PASSED] - Text '12563 Bazaar road' is set on object 'Object Repository/VLink/Page_CCSale/txt_AL1'

2021-06-22 02:22:41 - [MESSAGE][PASSED] - Object 'Object Repository/VLink/Page_CCSale/txt_AL2' is present

2021-06-22 02:22:42 - [MESSAGE][PASSED] - Text '' is set on object 'Object Repository/VLink/Page_CCSale/txt_AL2'

2021-06-22 02:22:42 - [MESSAGE][PASSED] - Object 'Object Repository/VLink/Page_CCSale/txt_CardCity' is present

2021-06-22 02:22:43 - [MESSAGE][PASSED] - Text 'Crofton' is set on object 'Object Repository/VLink/Page_CCSale/txt_CardCity'

2021-06-22 02:22:43 - [MESSAGE][PASSED] - Object 'Object Repository/VLink/Page_CCSale/txt_CardState' is present

2021-06-22 02:22:44 - [MESSAGE][PASSED] - Text 'MD' is set on object 'Object Repository/VLink/Page_CCSale/txt_CardState'

2021-06-22 02:22:44 - [MESSAGE][PASSED] - Object 'Object Repository/VLink/Page_CCSale/txt_CardZIP' is present

2021-06-22 02:22:45 - [MESSAGE][PASSED] - Text '21114' is set on object 'Object Repository/VLink/Page_CCSale/txt_CardZIP'

2021-06-22 02:22:45 - [MESSAGE][PASSED] - Object 'Object Repository/VLink/Page_CCSale/txt_CountryID' is present

2021-06-22 02:22:46 - [MESSAGE][PASSED] - Text '' is set on object 'Object Repository/VLink/Page_CCSale/txt_CountryID'

2021-06-22 02:22:46 - [MESSAGE][PASSED] - Object 'Object Repository/VLink/Page_CCSale/txt_Amount' is present

2021-06-22 02:22:47 - [MESSAGE][PASSED] - Text '3.50' is set on object 'Object Repository/VLink/Page_CCSale/txt_Amount'

2021-06-22 02:22:47 - [MESSAGE][PASSED] - Object 'Object Repository/VLink/Page_CCSale/txt_CardNumber' is present

2021-06-22 02:22:48 - [MESSAGE][PASSED] - Text '6011000000000004' is set on object 'Object Repository/VLink/Page_CCSale/txt_CardNumber'

2021-06-22 02:22:48 - [MESSAGE][PASSED] - Object 'Object Repository/VLink/Page_CCSale/txt_ExpMonth' is present

2021-06-22 02:22:49 - [MESSAGE][PASSED] - Text '01' is set on object 'Object Repository/VLink/Page_CCSale/txt_ExpMonth'

2021-06-22 02:22:49 - [MESSAGE][PASSED] - Object 'Object Repository/VLink/Page_CCSale/txt_ExpYear' is present

2021-06-22 02:22:50 - [MESSAGE][PASSED] - Text '2026' is set on object 'Object Repository/VLink/Page_CCSale/txt_ExpYear'

2021-06-22 02:22:50 - [MESSAGE][PASSED] - Object 'Object Repository/VLink/Page_CCSale/txt_CVV' is present

2021-06-22 02:22:51 - [MESSAGE][PASSED] - Text '' is set on object 'Object Repository/VLink/Page_CCSale/txt_CVV'

2021-06-22 02:22:51 - [MESSAGE][PASSED] - Object 'Object Repository/VLink/Page_CCSale/txt_CVVstate' is present

2021-06-22 02:22:52 - [MESSAGE][PASSED] - Text '' is set on object 'Object Repository/VLink/Page_CCSale/txt_CVVstate'

2021-06-22 02:22:52 - [MESSAGE][PASSED] - Object 'Object Repository/VLink/Page_CCSale/txt_TrackData' is present

2021-06-22 02:22:53 - [MESSAGE][PASSED] - Text '' is set on object 'Object Repository/VLink/Page_CCSale/txt_TrackData'

2021-06-22 02:22:53 - [MESSAGE][PASSED] - Object 'Object Repository/VLink/Page_CCSale/txt_Track1Data' is present

2021-06-22 02:22:54 - [MESSAGE][PASSED] - Text '' is set on object 'Object Repository/VLink/Page_CCSale/txt_Track1Data'

2021-06-22 02:22:54 - [MESSAGE][PASSED] - Object 'Object Repository/VLink/Page_CCSale/txt_Track2Data' is present

2021-06-22 02:22:55 - [MESSAGE][PASSED] - Text '' is set on object 'Object Repository/VLink/Page_CCSale/txt_Track2Data'

2021-06-22 02:22:55 - [MESSAGE][PASSED] - Object 'Object Repository/VLink/Page_CCSale/txt_POSEntryMode' is present

2021-06-22 02:22:56 - [MESSAGE][PASSED] - Text 'manual' is set on object 'Object Repository/VLink/Page_CCSale/txt_POSEntryMode'

2021-06-22 02:22:56 - [MESSAGE][PASSED] - Object 'Object Repository/VLink/Page_CCSale/txt_Email' is present

2021-06-22 02:22:57 - [MESSAGE][PASSED] - Text '' is set on object 'Object Repository/VLink/Page_CCSale/txt_Email'

2021-06-22 02:22:57 - [MESSAGE][PASSED] - Object 'Object Repository/VLink/Page_CCSale/txt_OrderNumber' is present

2021-06-22 02:22:58 - [MESSAGE][PASSED] - Text '' is set on object 'Object Repository/VLink/Page_CCSale/txt_OrderNumber'

2021-06-22 02:22:58 - [MESSAGE][PASSED] - Object 'Object Repository/VLink/Page_CCSale/txt_TaxAmount' is present

2021-06-22 02:22:59 - [MESSAGE][PASSED] - Text '' is set on object 'Object Repository/VLink/Page_CCSale/txt_TaxAmount'

2021-06-22 02:22:59 - [MESSAGE][PASSED] - Object 'Object Repository/VLink/Page_CCSale/txt_ChargeDescription' is present

2021-06-22 02:23:00 - [MESSAGE][PASSED] - Text '' is set on object 'Object Repository/VLink/Page_CCSale/txt_ChargeDescription'

2021-06-22 02:23:00 - [MESSAGE][PASSED] - Object 'Object Repository/VLink/Page_CCSale/txt_CAN' is present

2021-06-22 02:23:01 - [MESSAGE][PASSED] - Text '' is set on object 'Object Repository/VLink/Page_CCSale/txt_CAN'

2021-06-22 02:23:01 - [MESSAGE][PASSED] - Object 'Object Repository/VLink/Page_CCSale/txt_BillPaymentIndicator' is present

2021-06-22 02:23:02 - [MESSAGE][PASSED] - Text '' is set on object 'Object Repository/VLink/Page_CCSale/txt_BillPaymentIndicator'

2021-06-22 02:23:02 - [MESSAGE][PASSED] - Object 'Object Repository/VLink/Page_CCSale/txt_UDF1' is present

2021-06-22 02:23:03 - [MESSAGE][PASSED] - Text '' is set on object 'Object Repository/VLink/Page_CCSale/txt_UDF1'

2021-06-22 02:23:03 - [MESSAGE][PASSED] - Object 'Object Repository/VLink/Page_CCSale/txt_UDF2' is present

2021-06-22 02:23:04 - [MESSAGE][PASSED] - Text '' is set on object 'Object Repository/VLink/Page_CCSale/txt_UDF2'

2021-06-22 02:23:04 - [MESSAGE][PASSED] - Object 'Object Repository/VLink/Page_CCSale/txt_UDF3' is present

2021-06-22 02:23:05 - [MESSAGE][PASSED] - Text '' is set on object 'Object Repository/VLink/Page_CCSale/txt_UDF3'

2021-06-22 02:23:05 - [MESSAGE][PASSED] - Object 'Object Repository/VLink/Page_CCSale/txt_UDF4' is present

2021-06-22 02:23:06 - [MESSAGE][PASSED] - Text '' is set on object 'Object Repository/VLink/Page_CCSale/txt_UDF4'

2021-06-22 02:23:06 - [MESSAGE][PASSED] - Object 'Object Repository/VLink/Page_CCSale/txt_UDF5' is present

2021-06-22 02:23:07 - [MESSAGE][PASSED] - Text '' is set on object 'Object Repository/VLink/Page_CCSale/txt_UDF5'

2021-06-22 02:23:07 - [MESSAGE][PASSED] - Object 'Object Repository/VLink/Page_CCSale/txt_UDF6' is present

2021-06-22 02:23:08 - [MESSAGE][PASSED] - Text '' is set on object 'Object Repository/VLink/Page_CCSale/txt_UDF6'

2021-06-22 02:23:08 - [MESSAGE][PASSED] - Object 'Object Repository/VLink/Page_CCSale/txt_UDF7' is present

2021-06-22 02:23:09 - [MESSAGE][PASSED] - Text '' is set on object 'Object Repository/VLink/Page_CCSale/txt_UDF7'

2021-06-22 02:23:09 - [MESSAGE][PASSED] - Object 'Object Repository/VLink/Page_CCSale/txt_UDF8' is present

2021-06-22 02:23:10 - [MESSAGE][PASSED] - Text '' is set on object 'Object Repository/VLink/Page_CCSale/txt_UDF8'

2021-06-22 02:23:10 - [MESSAGE][PASSED] - Object 'Object Repository/VLink/Page_CCSale/txt_UDF9' is present

2021-06-22 02:23:11 - [MESSAGE][PASSED] - Text '' is set on object 'Object Repository/VLink/Page_CCSale/txt_UDF9'

2021-06-22 02:23:11 - [MESSAGE][PASSED] - Object 'Object Repository/VLink/Page_CCSale/txt_UDF10' is present

2021-06-22 02:23:12 - [MESSAGE][PASSED] - Text '' is set on object 'Object Repository/VLink/Page_CCSale/txt_UDF10'

2021-06-22 02:23:12 - [MESSAGE][PASSED] - Object 'Object Repository/VLink/Page_CCSale/txt_CardOnFileIndicator' is present

2021-06-22 02:23:13 - [MESSAGE][PASSED] - Text '1' is set on object 'Object Repository/VLink/Page_CCSale/txt_CardOnFileIndicator'

2021-06-22 02:23:13 - [MESSAGE][PASSED] - Object 'Object Repository/VLink/Page_CCSale/txt_StoredCredentialIndicator' is present

2021-06-22 02:23:14 - [MESSAGE][PASSED] - Text 'Subsequent' is set on object 'Object Repository/VLink/Page_CCSale/txt_StoredCredentialIndicator'

2021-06-22 02:23:14 - [MESSAGE][PASSED] - Object 'Object Repository/VLink/Page_CCSale/txt_COFScheduledIndicator' is present

2021-06-22 02:23:15 - [MESSAGE][PASSED] - Text 'Scheduled' is set on object 'Object Repository/VLink/Page_CCSale/txt_COFScheduledIndicator'

2021-06-22 02:23:15 - [MESSAGE][PASSED] - Object 'Object Repository/VLink/Page_CCSale/txt_COFTransactionInitiatedBy' is present

2021-06-22 02:23:16 - [MESSAGE][PASSED] - Text 'Merchant' is set on object 'Object Repository/VLink/Page_CCSale/txt_COFTransactionInitiatedBy'

2021-06-22 02:23:20 - [MESSAGE][PASSED] - Object: 'Object Repository/VLink/Page_CCSale/btn_ProcessVLinkTransaction' is clicked on

2021-06-22 02:23:25 - [MESSAGE][PASSED] - vlinkPages.saleCCPage.setDataSCC is PASSED

2021-06-22 02:23:25 - [TEST_STEP][PASSED] - if (verifyTextPresent("Transaction approved, no errors", true)): null

2021-06-22 02:23:25 - [MESSAGE][PASSED] - Text 'Transaction approved, no errors' is present on page  using regular expression

2021-06-22 02:23:25 - [TEST_STEP][PASSED] - println("Transaction Approved, no errors text is present on the Confirmation page"): null

2021-06-22 02:23:25 - [TEST_STEP][PASSED] - out.println("Pass Record Number: " + row): null

2021-06-22 02:23:25 - [TEST_STEP][PASSED] - resText = "Pass": null

2021-06-22 02:23:25 - [TEST_STEP][PASSED] - pages.WriteExcel.demoKey(resText, datText, resColumn, datCloumn, fileLoc, nameSheet, row): pages.WriteExcel.demoKey is PASSED

2021-06-22 02:23:26 - [MESSAGE][PASSED] - pages.WriteExcel.demoKey is PASSED

2021-06-22 02:23:26 - [TEST_STEP][PASSED] - sdfo = getText(findTestObject("Object Repository/Page_VLinkReceipt/pre_STX")): Text of object 'Object Repository/Page_VLinkReceipt/pre_STX' is: '<STX>oUOGkVUyhNgp                  12098424            0  Transaction approved, no errors                   0                                                                                  Y OK8463   <ETX>'

2021-06-22 02:23:26 - [MESSAGE][PASSED] - Text of object 'Object Repository/Page_VLinkReceipt/pre_STX' is: '<STX>oUOGkVUyhNgp                  12098424            0  Transaction approved, no errors                   0                                                                                  Y OK8463   <ETX>'

2021-06-22 02:23:26 - [TEST_STEP][PASSED] - out.println("sdfo: " + sdfo): null

2021-06-22 02:23:26 - [TEST_STEP][PASSED] - remID = substring(5, 35).trim(): null

2021-06-22 02:23:26 - [TEST_STEP][PASSED] - out.println("Remittance ID: " + remID): null

2021-06-22 02:23:26 - [TEST_STEP][PASSED] - traxID = substring(35, 55).trim(): null

2021-06-22 02:23:26 - [TEST_STEP][PASSED] - out.println("Transaction ID: " + traxID): null

2021-06-22 02:23:26 - [TEST_STEP][PASSED] - out.println("End Record Number: " + row): null

2021-06-22 02:23:26 - [TEST_STEP][PASSED] - closeBrowser(): Browser is closed

2021-06-22 02:23:27 - [MESSAGE][PASSED] - Browser is closed

2021-06-22 02:23:27 - [TEST_STEP][PASSED] - out.println("Begin Record Number: " + row): null

2021-06-22 02:23:27 - [TEST_STEP][PASSED] - today = new java.util.Date(): null

2021-06-22 02:23:27 - [TEST_STEP][PASSED] - println(today): null

2021-06-22 02:23:27 - [TEST_STEP][PASSED] - datText = today: null

2021-06-22 02:23:27 - [TEST_STEP][PASSED] - openBrowser(VLinkURL + "authcap.html"): Browser is opened with url: 'https://dev-algorithm.govolution.com/vlinktest/QA/version_2_0/authcap.html'

2021-06-22 02:23:27 - [MESSAGE][INFO] - Starting 'Chrome' driver

2021-06-22 02:23:27 - [MESSAGE][INFO] - User set preference: ['acceptInsecureCerts', 'true']

2021-06-22 02:23:27 - [MESSAGE][INFO] - Action delay is set to 0 milliseconds

2021-06-22 02:23:28 - [MESSAGE][PASSED] - Browser is opened with url: 'https://dev-algorithm.govolution.com/vlinktest/QA/version_2_0/authcap.html'

2021-06-22 02:23:28 - [TEST_STEP][PASSED] - maximizeWindow(): Current window maximized

2021-06-22 02:23:28 - [MESSAGE][PASSED] - Current window maximized

2021-06-22 02:23:28 - [TEST_STEP][PASSED] - vlinkPages.saleCCPage.setDataSCC(row, dataFile): vlinkPages.saleCCPage.setDataSCC is PASSED

2021-06-22 02:23:31 - [MESSAGE][PASSED] - Object 'Object Repository/VLink/Page_CCSale/txt_CardNumber' is present

2021-06-22 02:23:31 - [MESSAGE][PASSED] - Object 'Object Repository/VLink/Page_CCSale/txt_TransactionType' is present

2021-06-22 02:23:31 - [MESSAGE][PASSED] - Text '104' is set on object 'Object Repository/VLink/Page_CCSale/txt_TransactionType'

2021-06-22 02:23:32 - [MESSAGE][PASSED] - Object 'Object Repository/VLink/Page_CCSale/txt_MessageVersion' is present

2021-06-22 02:23:32 - [MESSAGE][PASSED] - Text '2.0C' is set on object 'Object Repository/VLink/Page_CCSale/txt_MessageVersion'

2021-06-22 02:23:33 - [MESSAGE][PASSED] - Object 'Object Repository/VLink/Page_CCSale/txt_RemID' is present

2021-06-22 02:23:33 - [MESSAGE][PASSED] - Text 'EWeKHQKR50rE' is set on object 'Object Repository/VLink/Page_CCSale/txt_RemID'

2021-06-22 02:23:34 - [MESSAGE][PASSED] - Object 'Object Repository/VLink/Page_CCSale/txt_ApplicationId' is present

2021-06-22 02:23:34 - [MESSAGE][PASSED] - Text '665' is set on object 'Object Repository/VLink/Page_CCSale/txt_ApplicationId'

2021-06-22 02:23:34 - [MESSAGE][PASSED] - Object 'Object Repository/VLink/Page_CCSale/txt_Username' is present

2021-06-22 02:23:35 - [MESSAGE][PASSED] - Text 'username' is set on object 'Object Repository/VLink/Page_CCSale/txt_Username'

2021-06-22 02:23:35 - [MESSAGE][PASSED] - Object 'Object Repository/VLink/Page_CCSale/txt_Password' is present

2021-06-22 02:23:36 - [MESSAGE][PASSED] - Text 'password' is set on object 'Object Repository/VLink/Page_CCSale/txt_Password'

2021-06-22 02:23:36 - [MESSAGE][PASSED] - Object 'Object Repository/VLink/Page_CCSale/txt_ResponseFormat' is present

2021-06-22 02:23:37 - [MESSAGE][PASSED] - Text 'fixed_width' is set on object 'Object Repository/VLink/Page_CCSale/txt_ResponseFormat'

2021-06-22 02:23:37 - [MESSAGE][PASSED] - Object 'Object Repository/VLink/Page_CCSale/txt_Category' is present

2021-06-22 02:23:38 - [MESSAGE][PASSED] - Text 'ECOM' is set on object 'Object Repository/VLink/Page_CCSale/txt_Category'

2021-06-22 02:23:38 - [MESSAGE][PASSED] - Object 'Object Repository/VLink/Page_CCSale/txt_TransactionID' is present

2021-06-22 02:23:39 - [MESSAGE][PASSED] - Text '' is set on object 'Object Repository/VLink/Page_CCSale/txt_TransactionID'

2021-06-22 02:23:39 - [MESSAGE][PASSED] - Object 'Object Repository/VLink/Page_CCSale/txt_ApprovalCode' is present

2021-06-22 02:23:40 - [MESSAGE][PASSED] - Text '' is set on object 'Object Repository/VLink/Page_CCSale/txt_ApprovalCode'

2021-06-22 02:23:40 - [MESSAGE][PASSED] - Object 'Object Repository/VLink/Page_CCSale/txt_CardName' is present

2021-06-22 02:23:41 - [MESSAGE][PASSED] - Text 'Kris Roshan' is set on object 'Object Repository/VLink/Page_CCSale/txt_CardName'

2021-06-22 02:23:41 - [MESSAGE][PASSED] - Object 'Object Repository/VLink/Page_CCSale/txt_AL1' is present

2021-06-22 02:23:42 - [MESSAGE][PASSED] - Text '258 Elm Road' is set on object 'Object Repository/VLink/Page_CCSale/txt_AL1'

2021-06-22 02:23:42 - [MESSAGE][PASSED] - Object 'Object Repository/VLink/Page_CCSale/txt_AL2' is present

2021-06-22 02:23:43 - [MESSAGE][PASSED] - Text '' is set on object 'Object Repository/VLink/Page_CCSale/txt_AL2'

2021-06-22 02:23:43 - [MESSAGE][PASSED] - Object 'Object Repository/VLink/Page_CCSale/txt_CardCity' is present

2021-06-22 02:23:44 - [MESSAGE][PASSED] - Text '' is set on object 'Object Repository/VLink/Page_CCSale/txt_CardCity'

2021-06-22 02:23:44 - [MESSAGE][PASSED] - Object 'Object Repository/VLink/Page_CCSale/txt_CardState' is present

2021-06-22 02:23:45 - [MESSAGE][PASSED] - Text '' is set on object 'Object Repository/VLink/Page_CCSale/txt_CardState'

2021-06-22 02:23:45 - [MESSAGE][PASSED] - Object 'Object Repository/VLink/Page_CCSale/txt_CardZIP' is present

2021-06-22 02:23:46 - [MESSAGE][PASSED] - Text '22201' is set on object 'Object Repository/VLink/Page_CCSale/txt_CardZIP'

2021-06-22 02:23:46 - [MESSAGE][PASSED] - Object 'Object Repository/VLink/Page_CCSale/txt_CountryID' is present

2021-06-22 02:23:47 - [MESSAGE][PASSED] - Text '' is set on object 'Object Repository/VLink/Page_CCSale/txt_CountryID'

2021-06-22 02:23:47 - [MESSAGE][PASSED] - Object 'Object Repository/VLink/Page_CCSale/txt_Amount' is present

2021-06-22 02:23:48 - [MESSAGE][PASSED] - Text '1.50' is set on object 'Object Repository/VLink/Page_CCSale/txt_Amount'

2021-06-22 02:23:48 - [MESSAGE][PASSED] - Object 'Object Repository/VLink/Page_CCSale/txt_CardNumber' is present

2021-06-22 02:23:49 - [MESSAGE][PASSED] - Text '4111111111111111' is set on object 'Object Repository/VLink/Page_CCSale/txt_CardNumber'

2021-06-22 02:23:49 - [MESSAGE][PASSED] - Object 'Object Repository/VLink/Page_CCSale/txt_ExpMonth' is present

2021-06-22 02:23:50 - [MESSAGE][PASSED] - Text '12' is set on object 'Object Repository/VLink/Page_CCSale/txt_ExpMonth'

2021-06-22 02:23:50 - [MESSAGE][PASSED] - Object 'Object Repository/VLink/Page_CCSale/txt_ExpYear' is present

2021-06-22 02:23:51 - [MESSAGE][PASSED] - Text '2025' is set on object 'Object Repository/VLink/Page_CCSale/txt_ExpYear'

2021-06-22 02:23:51 - [MESSAGE][PASSED] - Object 'Object Repository/VLink/Page_CCSale/txt_CVV' is present

2021-06-22 02:23:52 - [MESSAGE][PASSED] - Text '' is set on object 'Object Repository/VLink/Page_CCSale/txt_CVV'

2021-06-22 02:23:52 - [MESSAGE][PASSED] - Object 'Object Repository/VLink/Page_CCSale/txt_CVVstate' is present

2021-06-22 02:23:53 - [MESSAGE][PASSED] - Text '' is set on object 'Object Repository/VLink/Page_CCSale/txt_CVVstate'

2021-06-22 02:23:53 - [MESSAGE][PASSED] - Object 'Object Repository/VLink/Page_CCSale/txt_TrackData' is present

2021-06-22 02:23:54 - [MESSAGE][PASSED] - Text '' is set on object 'Object Repository/VLink/Page_CCSale/txt_TrackData'

2021-06-22 02:23:54 - [MESSAGE][PASSED] - Object 'Object Repository/VLink/Page_CCSale/txt_Track1Data' is present

2021-06-22 02:23:55 - [MESSAGE][PASSED] - Text '' is set on object 'Object Repository/VLink/Page_CCSale/txt_Track1Data'

2021-06-22 02:23:55 - [MESSAGE][PASSED] - Object 'Object Repository/VLink/Page_CCSale/txt_Track2Data' is present

2021-06-22 02:23:56 - [MESSAGE][PASSED] - Text '' is set on object 'Object Repository/VLink/Page_CCSale/txt_Track2Data'

2021-06-22 02:23:56 - [MESSAGE][PASSED] - Object 'Object Repository/VLink/Page_CCSale/txt_POSEntryMode' is present

2021-06-22 02:23:57 - [MESSAGE][PASSED] - Text '' is set on object 'Object Repository/VLink/Page_CCSale/txt_POSEntryMode'

2021-06-22 02:23:57 - [MESSAGE][PASSED] - Object 'Object Repository/VLink/Page_CCSale/txt_Email' is present

2021-06-22 02:23:58 - [MESSAGE][PASSED] - Text '' is set on object 'Object Repository/VLink/Page_CCSale/txt_Email'

2021-06-22 02:23:58 - [MESSAGE][PASSED] - Object 'Object Repository/VLink/Page_CCSale/txt_OrderNumber' is present

2021-06-22 02:23:59 - [MESSAGE][PASSED] - Text '' is set on object 'Object Repository/VLink/Page_CCSale/txt_OrderNumber'

2021-06-22 02:23:59 - [MESSAGE][PASSED] - Object 'Object Repository/VLink/Page_CCSale/txt_TaxAmount' is present

2021-06-22 02:24:00 - [MESSAGE][PASSED] - Text '' is set on object 'Object Repository/VLink/Page_CCSale/txt_TaxAmount'

2021-06-22 02:24:00 - [MESSAGE][PASSED] - Object 'Object Repository/VLink/Page_CCSale/txt_ChargeDescription' is present

2021-06-22 02:24:01 - [MESSAGE][PASSED] - Text '' is set on object 'Object Repository/VLink/Page_CCSale/txt_ChargeDescription'

2021-06-22 02:24:01 - [MESSAGE][PASSED] - Object 'Object Repository/VLink/Page_CCSale/txt_CAN' is present

2021-06-22 02:24:02 - [MESSAGE][PASSED] - Text '' is set on object 'Object Repository/VLink/Page_CCSale/txt_CAN'

2021-06-22 02:24:02 - [MESSAGE][PASSED] - Object 'Object Repository/VLink/Page_CCSale/txt_BillPaymentIndicator' is present

2021-06-22 02:24:03 - [MESSAGE][PASSED] - Text '' is set on object 'Object Repository/VLink/Page_CCSale/txt_BillPaymentIndicator'

2021-06-22 02:24:03 - [MESSAGE][PASSED] - Object 'Object Repository/VLink/Page_CCSale/txt_UDF1' is present

2021-06-22 02:24:04 - [MESSAGE][PASSED] - Text '' is set on object 'Object Repository/VLink/Page_CCSale/txt_UDF1'

2021-06-22 02:24:04 - [MESSAGE][PASSED] - Object 'Object Repository/VLink/Page_CCSale/txt_UDF2' is present

2021-06-22 02:24:05 - [MESSAGE][PASSED] - Text '' is set on object 'Object Repository/VLink/Page_CCSale/txt_UDF2'

2021-06-22 02:24:05 - [MESSAGE][PASSED] - Object 'Object Repository/VLink/Page_CCSale/txt_UDF3' is present

2021-06-22 02:24:06 - [MESSAGE][PASSED] - Text '' is set on object 'Object Repository/VLink/Page_CCSale/txt_UDF3'

2021-06-22 02:24:06 - [MESSAGE][PASSED] - Object 'Object Repository/VLink/Page_CCSale/txt_UDF4' is present

2021-06-22 02:24:07 - [MESSAGE][PASSED] - Text '' is set on object 'Object Repository/VLink/Page_CCSale/txt_UDF4'

2021-06-22 02:24:07 - [MESSAGE][PASSED] - Object 'Object Repository/VLink/Page_CCSale/txt_UDF5' is present

2021-06-22 02:24:08 - [MESSAGE][PASSED] - Text '' is set on object 'Object Repository/VLink/Page_CCSale/txt_UDF5'

2021-06-22 02:24:08 - [MESSAGE][PASSED] - Object 'Object Repository/VLink/Page_CCSale/txt_UDF6' is present

2021-06-22 02:24:09 - [MESSAGE][PASSED] - Text '' is set on object 'Object Repository/VLink/Page_CCSale/txt_UDF6'

2021-06-22 02:24:09 - [MESSAGE][PASSED] - Object 'Object Repository/VLink/Page_CCSale/txt_UDF7' is present

2021-06-22 02:24:10 - [MESSAGE][PASSED] - Text '' is set on object 'Object Repository/VLink/Page_CCSale/txt_UDF7'

2021-06-22 02:24:10 - [MESSAGE][PASSED] - Object 'Object Repository/VLink/Page_CCSale/txt_UDF8' is present

2021-06-22 02:24:11 - [MESSAGE][PASSED] - Text '' is set on object 'Object Repository/VLink/Page_CCSale/txt_UDF8'

2021-06-22 02:24:11 - [MESSAGE][PASSED] - Object 'Object Repository/VLink/Page_CCSale/txt_UDF9' is present

2021-06-22 02:24:12 - [MESSAGE][PASSED] - Text '' is set on object 'Object Repository/VLink/Page_CCSale/txt_UDF9'

2021-06-22 02:24:12 - [MESSAGE][PASSED] - Object 'Object Repository/VLink/Page_CCSale/txt_UDF10' is present

2021-06-22 02:24:13 - [MESSAGE][PASSED] - Text '' is set on object 'Object Repository/VLink/Page_CCSale/txt_UDF10'

2021-06-22 02:24:13 - [MESSAGE][PASSED] - Object 'Object Repository/VLink/Page_CCSale/txt_CardOnFileIndicator' is present

2021-06-22 02:24:14 - [MESSAGE][PASSED] - Text '' is set on object 'Object Repository/VLink/Page_CCSale/txt_CardOnFileIndicator'

2021-06-22 02:24:14 - [MESSAGE][PASSED] - Object 'Object Repository/VLink/Page_CCSale/txt_StoredCredentialIndicator' is present

2021-06-22 02:24:15 - [MESSAGE][PASSED] - Text '' is set on object 'Object Repository/VLink/Page_CCSale/txt_StoredCredentialIndicator'

2021-06-22 02:24:15 - [MESSAGE][PASSED] - Object 'Object Repository/VLink/Page_CCSale/txt_COFScheduledIndicator' is present

2021-06-22 02:24:16 - [MESSAGE][PASSED] - Text '' is set on object 'Object Repository/VLink/Page_CCSale/txt_COFScheduledIndicator'

2021-06-22 02:24:16 - [MESSAGE][PASSED] - Object 'Object Repository/VLink/Page_CCSale/txt_COFTransactionInitiatedBy' is present

2021-06-22 02:24:17 - [MESSAGE][PASSED] - Text '' is set on object 'Object Repository/VLink/Page_CCSale/txt_COFTransactionInitiatedBy'

2021-06-22 02:24:20 - [MESSAGE][PASSED] - Object: 'Object Repository/VLink/Page_CCSale/btn_ProcessVLinkTransaction' is clicked on

2021-06-22 02:24:25 - [MESSAGE][PASSED] - vlinkPages.saleCCPage.setDataSCC is PASSED

2021-06-22 02:24:25 - [TEST_STEP][PASSED] - if (verifyTextPresent("Transaction approved, no errors", true)): null

2021-06-22 02:24:25 - [MESSAGE][PASSED] - Text 'Transaction approved, no errors' is present on page  using regular expression

2021-06-22 02:24:25 - [TEST_STEP][PASSED] - println("Transaction Approved, no errors text is present on the Confirmation page"): null

2021-06-22 02:24:25 - [TEST_STEP][PASSED] - out.println("Pass Record Number: " + row): null

2021-06-22 02:24:25 - [TEST_STEP][PASSED] - resText = "Pass": null

2021-06-22 02:24:25 - [TEST_STEP][PASSED] - pages.WriteExcel.demoKey(resText, datText, resColumn, datCloumn, fileLoc, nameSheet, row): pages.WriteExcel.demoKey is PASSED

2021-06-22 02:24:25 - [MESSAGE][PASSED] - pages.WriteExcel.demoKey is PASSED

2021-06-22 02:24:25 - [TEST_STEP][PASSED] - sdfo = getText(findTestObject("Object Repository/Page_VLinkReceipt/pre_STX")): Text of object 'Object Repository/Page_VLinkReceipt/pre_STX' is: '<STX>EWeKHQKR50rE                  12098425            0  Transaction approved, no errors                   0                                                                                  XXOK7315   <ETX>'

2021-06-22 02:24:26 - [MESSAGE][PASSED] - Text of object 'Object Repository/Page_VLinkReceipt/pre_STX' is: '<STX>EWeKHQKR50rE                  12098425            0  Transaction approved, no errors                   0                                                                                  XXOK7315   <ETX>'

2021-06-22 02:24:26 - [TEST_STEP][PASSED] - out.println("sdfo: " + sdfo): null

2021-06-22 02:24:26 - [TEST_STEP][PASSED] - remID = substring(5, 35).trim(): null

2021-06-22 02:24:26 - [TEST_STEP][PASSED] - out.println("Remittance ID: " + remID): null

2021-06-22 02:24:26 - [TEST_STEP][PASSED] - traxID = substring(35, 55).trim(): null

2021-06-22 02:24:26 - [TEST_STEP][PASSED] - out.println("Transaction ID: " + traxID): null

2021-06-22 02:24:26 - [TEST_STEP][PASSED] - out.println("End Record Number: " + row): null

2021-06-22 02:24:26 - [TEST_STEP][PASSED] - closeBrowser(): Browser is closed

2021-06-22 02:24:26 - [MESSAGE][PASSED] - Browser is closed

2021-06-22 02:24:26 - [TEST_STEP][PASSED] - out.println("Begin Record Number: " + row): null

2021-06-22 02:24:26 - [TEST_STEP][PASSED] - today = new java.util.Date(): null

2021-06-22 02:24:26 - [TEST_STEP][PASSED] - println(today): null

2021-06-22 02:24:26 - [TEST_STEP][PASSED] - datText = today: null

2021-06-22 02:24:26 - [TEST_STEP][PASSED] - openBrowser(VLinkURL + "authcap.html"): Browser is opened with url: 'https://dev-algorithm.govolution.com/vlinktest/QA/version_2_0/authcap.html'

2021-06-22 02:24:26 - [MESSAGE][INFO] - Starting 'Chrome' driver

2021-06-22 02:24:26 - [MESSAGE][INFO] - User set preference: ['acceptInsecureCerts', 'true']

2021-06-22 02:24:26 - [MESSAGE][INFO] - Action delay is set to 0 milliseconds

2021-06-22 02:24:28 - [MESSAGE][PASSED] - Browser is opened with url: 'https://dev-algorithm.govolution.com/vlinktest/QA/version_2_0/authcap.html'

2021-06-22 02:24:28 - [TEST_STEP][PASSED] - maximizeWindow(): Current window maximized

2021-06-22 02:24:28 - [MESSAGE][PASSED] - Current window maximized

2021-06-22 02:24:28 - [TEST_STEP][PASSED] - vlinkPages.saleCCPage.setDataSCC(row, dataFile): vlinkPages.saleCCPage.setDataSCC is PASSED

2021-06-22 02:24:31 - [MESSAGE][PASSED] - Object 'Object Repository/VLink/Page_CCSale/txt_CardNumber' is present

2021-06-22 02:24:31 - [MESSAGE][PASSED] - Object 'Object Repository/VLink/Page_CCSale/txt_TransactionType' is present

2021-06-22 02:24:31 - [MESSAGE][PASSED] - Text '104' is set on object 'Object Repository/VLink/Page_CCSale/txt_TransactionType'

2021-06-22 02:24:32 - [MESSAGE][PASSED] - Object 'Object Repository/VLink/Page_CCSale/txt_MessageVersion' is present

2021-06-22 02:24:32 - [MESSAGE][PASSED] - Text '2.0C' is set on object 'Object Repository/VLink/Page_CCSale/txt_MessageVersion'

2021-06-22 02:24:33 - [MESSAGE][PASSED] - Object 'Object Repository/VLink/Page_CCSale/txt_RemID' is present

2021-06-22 02:24:33 - [MESSAGE][PASSED] - Text '5S23f8L2UUlX' is set on object 'Object Repository/VLink/Page_CCSale/txt_RemID'

2021-06-22 02:24:33 - [MESSAGE][PASSED] - Object 'Object Repository/VLink/Page_CCSale/txt_ApplicationId' is present

2021-06-22 02:24:34 - [MESSAGE][PASSED] - Text '665' is set on object 'Object Repository/VLink/Page_CCSale/txt_ApplicationId'

2021-06-22 02:24:34 - [MESSAGE][PASSED] - Object 'Object Repository/VLink/Page_CCSale/txt_Username' is present

2021-06-22 02:24:35 - [MESSAGE][PASSED] - Text 'username' is set on object 'Object Repository/VLink/Page_CCSale/txt_Username'

2021-06-22 02:24:35 - [MESSAGE][PASSED] - Object 'Object Repository/VLink/Page_CCSale/txt_Password' is present

2021-06-22 02:24:36 - [MESSAGE][PASSED] - Text 'password' is set on object 'Object Repository/VLink/Page_CCSale/txt_Password'

2021-06-22 02:24:36 - [MESSAGE][PASSED] - Object 'Object Repository/VLink/Page_CCSale/txt_ResponseFormat' is present

2021-06-22 02:24:37 - [MESSAGE][PASSED] - Text 'fixed_width' is set on object 'Object Repository/VLink/Page_CCSale/txt_ResponseFormat'

2021-06-22 02:24:37 - [MESSAGE][PASSED] - Object 'Object Repository/VLink/Page_CCSale/txt_Category' is present

2021-06-22 02:24:38 - [MESSAGE][PASSED] - Text 'MOTO' is set on object 'Object Repository/VLink/Page_CCSale/txt_Category'

2021-06-22 02:24:38 - [MESSAGE][PASSED] - Object 'Object Repository/VLink/Page_CCSale/txt_TransactionID' is present

2021-06-22 02:24:39 - [MESSAGE][PASSED] - Text '' is set on object 'Object Repository/VLink/Page_CCSale/txt_TransactionID'

2021-06-22 02:24:39 - [MESSAGE][PASSED] - Object 'Object Repository/VLink/Page_CCSale/txt_ApprovalCode' is present

2021-06-22 02:24:40 - [MESSAGE][PASSED] - Text '' is set on object 'Object Repository/VLink/Page_CCSale/txt_ApprovalCode'

2021-06-22 02:24:40 - [MESSAGE][PASSED] - Object 'Object Repository/VLink/Page_CCSale/txt_CardName' is present

2021-06-22 02:24:41 - [MESSAGE][PASSED] - Text 'Kris Roshan' is set on object 'Object Repository/VLink/Page_CCSale/txt_CardName'

2021-06-22 02:24:41 - [MESSAGE][PASSED] - Object 'Object Repository/VLink/Page_CCSale/txt_AL1' is present

2021-06-22 02:24:42 - [MESSAGE][PASSED] - Text '258 Elm Road' is set on object 'Object Repository/VLink/Page_CCSale/txt_AL1'

2021-06-22 02:24:42 - [MESSAGE][PASSED] - Object 'Object Repository/VLink/Page_CCSale/txt_AL2' is present

2021-06-22 02:24:43 - [MESSAGE][PASSED] - Text '' is set on object 'Object Repository/VLink/Page_CCSale/txt_AL2'

2021-06-22 02:24:43 - [MESSAGE][PASSED] - Object 'Object Repository/VLink/Page_CCSale/txt_CardCity' is present

2021-06-22 02:24:44 - [MESSAGE][PASSED] - Text '' is set on object 'Object Repository/VLink/Page_CCSale/txt_CardCity'

2021-06-22 02:24:44 - [MESSAGE][PASSED] - Object 'Object Repository/VLink/Page_CCSale/txt_CardState' is present

2021-06-22 02:24:45 - [MESSAGE][PASSED] - Text '' is set on object 'Object Repository/VLink/Page_CCSale/txt_CardState'

2021-06-22 02:24:45 - [MESSAGE][PASSED] - Object 'Object Repository/VLink/Page_CCSale/txt_CardZIP' is present

2021-06-22 02:24:46 - [MESSAGE][PASSED] - Text '22201' is set on object 'Object Repository/VLink/Page_CCSale/txt_CardZIP'

2021-06-22 02:24:46 - [MESSAGE][PASSED] - Object 'Object Repository/VLink/Page_CCSale/txt_CountryID' is present

2021-06-22 02:24:47 - [MESSAGE][PASSED] - Text '' is set on object 'Object Repository/VLink/Page_CCSale/txt_CountryID'

2021-06-22 02:24:47 - [MESSAGE][PASSED] - Object 'Object Repository/VLink/Page_CCSale/txt_Amount' is present

2021-06-22 02:24:48 - [MESSAGE][PASSED] - Text '1.50' is set on object 'Object Repository/VLink/Page_CCSale/txt_Amount'

2021-06-22 02:24:48 - [MESSAGE][PASSED] - Object 'Object Repository/VLink/Page_CCSale/txt_CardNumber' is present

2021-06-22 02:24:49 - [MESSAGE][PASSED] - Text '4111111111111111' is set on object 'Object Repository/VLink/Page_CCSale/txt_CardNumber'

2021-06-22 02:24:49 - [MESSAGE][PASSED] - Object 'Object Repository/VLink/Page_CCSale/txt_ExpMonth' is present

2021-06-22 02:24:50 - [MESSAGE][PASSED] - Text '12' is set on object 'Object Repository/VLink/Page_CCSale/txt_ExpMonth'

2021-06-22 02:24:50 - [MESSAGE][PASSED] - Object 'Object Repository/VLink/Page_CCSale/txt_ExpYear' is present

2021-06-22 02:24:51 - [MESSAGE][PASSED] - Text '2025' is set on object 'Object Repository/VLink/Page_CCSale/txt_ExpYear'

2021-06-22 02:24:51 - [MESSAGE][PASSED] - Object 'Object Repository/VLink/Page_CCSale/txt_CVV' is present

2021-06-22 02:24:52 - [MESSAGE][PASSED] - Text '' is set on object 'Object Repository/VLink/Page_CCSale/txt_CVV'

2021-06-22 02:24:52 - [MESSAGE][PASSED] - Object 'Object Repository/VLink/Page_CCSale/txt_CVVstate' is present

2021-06-22 02:24:53 - [MESSAGE][PASSED] - Text '' is set on object 'Object Repository/VLink/Page_CCSale/txt_CVVstate'

2021-06-22 02:24:53 - [MESSAGE][PASSED] - Object 'Object Repository/VLink/Page_CCSale/txt_TrackData' is present

2021-06-22 02:24:54 - [MESSAGE][PASSED] - Text '' is set on object 'Object Repository/VLink/Page_CCSale/txt_TrackData'

2021-06-22 02:24:54 - [MESSAGE][PASSED] - Object 'Object Repository/VLink/Page_CCSale/txt_Track1Data' is present

2021-06-22 02:24:55 - [MESSAGE][PASSED] - Text '' is set on object 'Object Repository/VLink/Page_CCSale/txt_Track1Data'

2021-06-22 02:24:55 - [MESSAGE][PASSED] - Object 'Object Repository/VLink/Page_CCSale/txt_Track2Data' is present

2021-06-22 02:24:56 - [MESSAGE][PASSED] - Text '' is set on object 'Object Repository/VLink/Page_CCSale/txt_Track2Data'

2021-06-22 02:24:56 - [MESSAGE][PASSED] - Object 'Object Repository/VLink/Page_CCSale/txt_POSEntryMode' is present

2021-06-22 02:24:57 - [MESSAGE][PASSED] - Text '' is set on object 'Object Repository/VLink/Page_CCSale/txt_POSEntryMode'

2021-06-22 02:24:57 - [MESSAGE][PASSED] - Object 'Object Repository/VLink/Page_CCSale/txt_Email' is present

2021-06-22 02:24:58 - [MESSAGE][PASSED] - Text '' is set on object 'Object Repository/VLink/Page_CCSale/txt_Email'

2021-06-22 02:24:58 - [MESSAGE][PASSED] - Object 'Object Repository/VLink/Page_CCSale/txt_OrderNumber' is present

2021-06-22 02:24:59 - [MESSAGE][PASSED] - Text '' is set on object 'Object Repository/VLink/Page_CCSale/txt_OrderNumber'

2021-06-22 02:24:59 - [MESSAGE][PASSED] - Object 'Object Repository/VLink/Page_CCSale/txt_TaxAmount' is present

2021-06-22 02:25:00 - [MESSAGE][PASSED] - Text '' is set on object 'Object Repository/VLink/Page_CCSale/txt_TaxAmount'

2021-06-22 02:25:00 - [MESSAGE][PASSED] - Object 'Object Repository/VLink/Page_CCSale/txt_ChargeDescription' is present

2021-06-22 02:25:01 - [MESSAGE][PASSED] - Text '' is set on object 'Object Repository/VLink/Page_CCSale/txt_ChargeDescription'

2021-06-22 02:25:01 - [MESSAGE][PASSED] - Object 'Object Repository/VLink/Page_CCSale/txt_CAN' is present

2021-06-22 02:25:02 - [MESSAGE][PASSED] - Text '' is set on object 'Object Repository/VLink/Page_CCSale/txt_CAN'

2021-06-22 02:25:02 - [MESSAGE][PASSED] - Object 'Object Repository/VLink/Page_CCSale/txt_BillPaymentIndicator' is present

2021-06-22 02:25:03 - [MESSAGE][PASSED] - Text '' is set on object 'Object Repository/VLink/Page_CCSale/txt_BillPaymentIndicator'

2021-06-22 02:25:03 - [MESSAGE][PASSED] - Object 'Object Repository/VLink/Page_CCSale/txt_UDF1' is present

2021-06-22 02:25:04 - [MESSAGE][PASSED] - Text '' is set on object 'Object Repository/VLink/Page_CCSale/txt_UDF1'

2021-06-22 02:25:04 - [MESSAGE][PASSED] - Object 'Object Repository/VLink/Page_CCSale/txt_UDF2' is present

2021-06-22 02:25:05 - [MESSAGE][PASSED] - Text '' is set on object 'Object Repository/VLink/Page_CCSale/txt_UDF2'

2021-06-22 02:25:05 - [MESSAGE][PASSED] - Object 'Object Repository/VLink/Page_CCSale/txt_UDF3' is present

2021-06-22 02:25:06 - [MESSAGE][PASSED] - Text '' is set on object 'Object Repository/VLink/Page_CCSale/txt_UDF3'

2021-06-22 02:25:06 - [MESSAGE][PASSED] - Object 'Object Repository/VLink/Page_CCSale/txt_UDF4' is present

2021-06-22 02:25:07 - [MESSAGE][PASSED] - Text '' is set on object 'Object Repository/VLink/Page_CCSale/txt_UDF4'

2021-06-22 02:25:07 - [MESSAGE][PASSED] - Object 'Object Repository/VLink/Page_CCSale/txt_UDF5' is present

2021-06-22 02:25:08 - [MESSAGE][PASSED] - Text '' is set on object 'Object Repository/VLink/Page_CCSale/txt_UDF5'

2021-06-22 02:25:08 - [MESSAGE][PASSED] - Object 'Object Repository/VLink/Page_CCSale/txt_UDF6' is present

2021-06-22 02:25:09 - [MESSAGE][PASSED] - Text '' is set on object 'Object Repository/VLink/Page_CCSale/txt_UDF6'

2021-06-22 02:25:09 - [MESSAGE][PASSED] - Object 'Object Repository/VLink/Page_CCSale/txt_UDF7' is present

2021-06-22 02:25:10 - [MESSAGE][PASSED] - Text '' is set on object 'Object Repository/VLink/Page_CCSale/txt_UDF7'

2021-06-22 02:25:10 - [MESSAGE][PASSED] - Object 'Object Repository/VLink/Page_CCSale/txt_UDF8' is present

2021-06-22 02:25:11 - [MESSAGE][PASSED] - Text '' is set on object 'Object Repository/VLink/Page_CCSale/txt_UDF8'

2021-06-22 02:25:11 - [MESSAGE][PASSED] - Object 'Object Repository/VLink/Page_CCSale/txt_UDF9' is present

2021-06-22 02:25:12 - [MESSAGE][PASSED] - Text '' is set on object 'Object Repository/VLink/Page_CCSale/txt_UDF9'

2021-06-22 02:25:12 - [MESSAGE][PASSED] - Object 'Object Repository/VLink/Page_CCSale/txt_UDF10' is present

2021-06-22 02:25:13 - [MESSAGE][PASSED] - Text '' is set on object 'Object Repository/VLink/Page_CCSale/txt_UDF10'

2021-06-22 02:25:13 - [MESSAGE][PASSED] - Object 'Object Repository/VLink/Page_CCSale/txt_CardOnFileIndicator' is present

2021-06-22 02:25:14 - [MESSAGE][PASSED] - Text '' is set on object 'Object Repository/VLink/Page_CCSale/txt_CardOnFileIndicator'

2021-06-22 02:25:14 - [MESSAGE][PASSED] - Object 'Object Repository/VLink/Page_CCSale/txt_StoredCredentialIndicator' is present

2021-06-22 02:25:15 - [MESSAGE][PASSED] - Text '' is set on object 'Object Repository/VLink/Page_CCSale/txt_StoredCredentialIndicator'

2021-06-22 02:25:15 - [MESSAGE][PASSED] - Object 'Object Repository/VLink/Page_CCSale/txt_COFScheduledIndicator' is present

2021-06-22 02:25:16 - [MESSAGE][PASSED] - Text '' is set on object 'Object Repository/VLink/Page_CCSale/txt_COFScheduledIndicator'

2021-06-22 02:25:16 - [MESSAGE][PASSED] - Object 'Object Repository/VLink/Page_CCSale/txt_COFTransactionInitiatedBy' is present

2021-06-22 02:25:17 - [MESSAGE][PASSED] - Text '' is set on object 'Object Repository/VLink/Page_CCSale/txt_COFTransactionInitiatedBy'

2021-06-22 02:25:19 - [MESSAGE][PASSED] - Object: 'Object Repository/VLink/Page_CCSale/btn_ProcessVLinkTransaction' is clicked on

2021-06-22 02:25:24 - [MESSAGE][PASSED] - vlinkPages.saleCCPage.setDataSCC is PASSED

2021-06-22 02:25:24 - [TEST_STEP][PASSED] - if (verifyTextPresent("Transaction approved, no errors", true)): null

2021-06-22 02:25:25 - [MESSAGE][PASSED] - Text 'Transaction approved, no errors' is present on page  using regular expression

2021-06-22 02:25:25 - [TEST_STEP][PASSED] - println("Transaction Approved, no errors text is present on the Confirmation page"): null

2021-06-22 02:25:25 - [TEST_STEP][PASSED] - out.println("Pass Record Number: " + row): null

2021-06-22 02:25:25 - [TEST_STEP][PASSED] - resText = "Pass": null

2021-06-22 02:25:25 - [TEST_STEP][PASSED] - pages.WriteExcel.demoKey(resText, datText, resColumn, datCloumn, fileLoc, nameSheet, row): pages.WriteExcel.demoKey is PASSED

2021-06-22 02:25:25 - [MESSAGE][PASSED] - pages.WriteExcel.demoKey is PASSED

2021-06-22 02:25:25 - [TEST_STEP][PASSED] - sdfo = getText(findTestObject("Object Repository/Page_VLinkReceipt/pre_STX")): Text of object 'Object Repository/Page_VLinkReceipt/pre_STX' is: '<STX>5S23f8L2UUlX                  12098426            0  Transaction approved, no errors                   0                                                                                  XXOK7425   <ETX>'

2021-06-22 02:25:25 - [MESSAGE][PASSED] - Text of object 'Object Repository/Page_VLinkReceipt/pre_STX' is: '<STX>5S23f8L2UUlX                  12098426            0  Transaction approved, no errors                   0                                                                                  XXOK7425   <ETX>'

2021-06-22 02:25:25 - [TEST_STEP][PASSED] - out.println("sdfo: " + sdfo): null

2021-06-22 02:25:25 - [TEST_STEP][PASSED] - remID = substring(5, 35).trim(): null

2021-06-22 02:25:25 - [TEST_STEP][PASSED] - out.println("Remittance ID: " + remID): null

2021-06-22 02:25:25 - [TEST_STEP][PASSED] - traxID = substring(35, 55).trim(): null

2021-06-22 02:25:25 - [TEST_STEP][PASSED] - out.println("Transaction ID: " + traxID): null

2021-06-22 02:25:25 - [TEST_STEP][PASSED] - out.println("End Record Number: " + row): null

2021-06-22 02:25:25 - [TEST_STEP][PASSED] - closeBrowser(): Browser is closed

2021-06-22 02:25:26 - [MESSAGE][PASSED] - Browser is closed

2021-06-22 02:25:26 - [TEST_STEP][PASSED] - out.println("Begin Record Number: " + row): null

2021-06-22 02:25:26 - [TEST_STEP][PASSED] - today = new java.util.Date(): null

2021-06-22 02:25:26 - [TEST_STEP][PASSED] - println(today): null

2021-06-22 02:25:26 - [TEST_STEP][PASSED] - datText = today: null

2021-06-22 02:25:26 - [TEST_STEP][PASSED] - openBrowser(VLinkURL + "authcap.html"): Browser is opened with url: 'https://dev-algorithm.govolution.com/vlinktest/QA/version_2_0/authcap.html'

2021-06-22 02:25:26 - [MESSAGE][INFO] - Starting 'Chrome' driver

2021-06-22 02:25:26 - [MESSAGE][INFO] - User set preference: ['acceptInsecureCerts', 'true']

2021-06-22 02:25:26 - [MESSAGE][INFO] - Action delay is set to 0 milliseconds

2021-06-22 02:25:28 - [MESSAGE][PASSED] - Browser is opened with url: 'https://dev-algorithm.govolution.com/vlinktest/QA/version_2_0/authcap.html'

2021-06-22 02:25:28 - [TEST_STEP][PASSED] - maximizeWindow(): Current window maximized

2021-06-22 02:25:28 - [MESSAGE][PASSED] - Current window maximized

2021-06-22 02:25:28 - [TEST_STEP][PASSED] - vlinkPages.saleCCPage.setDataSCC(row, dataFile): vlinkPages.saleCCPage.setDataSCC is PASSED

2021-06-22 02:25:30 - [MESSAGE][PASSED] - Object 'Object Repository/VLink/Page_CCSale/txt_CardNumber' is present

2021-06-22 02:25:30 - [MESSAGE][PASSED] - Object 'Object Repository/VLink/Page_CCSale/txt_TransactionType' is present

2021-06-22 02:25:31 - [MESSAGE][PASSED] - Text '104' is set on object 'Object Repository/VLink/Page_CCSale/txt_TransactionType'

2021-06-22 02:25:31 - [MESSAGE][PASSED] - Object 'Object Repository/VLink/Page_CCSale/txt_MessageVersion' is present

2021-06-22 02:25:32 - [MESSAGE][PASSED] - Text '2.0C' is set on object 'Object Repository/VLink/Page_CCSale/txt_MessageVersion'

2021-06-22 02:25:32 - [MESSAGE][PASSED] - Object 'Object Repository/VLink/Page_CCSale/txt_RemID' is present

2021-06-22 02:25:33 - [MESSAGE][PASSED] - Text 'VvZvQ6ZYW7Ni' is set on object 'Object Repository/VLink/Page_CCSale/txt_RemID'

2021-06-22 02:25:33 - [MESSAGE][PASSED] - Object 'Object Repository/VLink/Page_CCSale/txt_ApplicationId' is present

2021-06-22 02:25:34 - [MESSAGE][PASSED] - Text '665' is set on object 'Object Repository/VLink/Page_CCSale/txt_ApplicationId'

2021-06-22 02:25:34 - [MESSAGE][PASSED] - Object 'Object Repository/VLink/Page_CCSale/txt_Username' is present

2021-06-22 02:25:35 - [MESSAGE][PASSED] - Text 'username' is set on object 'Object Repository/VLink/Page_CCSale/txt_Username'

2021-06-22 02:25:35 - [MESSAGE][PASSED] - Object 'Object Repository/VLink/Page_CCSale/txt_Password' is present

2021-06-22 02:25:36 - [MESSAGE][PASSED] - Text 'password' is set on object 'Object Repository/VLink/Page_CCSale/txt_Password'

2021-06-22 02:25:36 - [MESSAGE][PASSED] - Object 'Object Repository/VLink/Page_CCSale/txt_ResponseFormat' is present

2021-06-22 02:25:36 - [MESSAGE][PASSED] - Text 'fixed_width' is set on object 'Object Repository/VLink/Page_CCSale/txt_ResponseFormat'

2021-06-22 02:25:37 - [MESSAGE][PASSED] - Object 'Object Repository/VLink/Page_CCSale/txt_Category' is present

2021-06-22 02:25:37 - [MESSAGE][PASSED] - Text 'RETL' is set on object 'Object Repository/VLink/Page_CCSale/txt_Category'

2021-06-22 02:25:38 - [MESSAGE][PASSED] - Object 'Object Repository/VLink/Page_CCSale/txt_TransactionID' is present

2021-06-22 02:25:38 - [MESSAGE][PASSED] - Text '' is set on object 'Object Repository/VLink/Page_CCSale/txt_TransactionID'

2021-06-22 02:25:39 - [MESSAGE][PASSED] - Object 'Object Repository/VLink/Page_CCSale/txt_ApprovalCode' is present

2021-06-22 02:25:39 - [MESSAGE][PASSED] - Text '' is set on object 'Object Repository/VLink/Page_CCSale/txt_ApprovalCode'

2021-06-22 02:25:40 - [MESSAGE][PASSED] - Object 'Object Repository/VLink/Page_CCSale/txt_CardName' is present

2021-06-22 02:25:40 - [MESSAGE][PASSED] - Text 'Kris Roshan' is set on object 'Object Repository/VLink/Page_CCSale/txt_CardName'

2021-06-22 02:25:41 - [MESSAGE][PASSED] - Object 'Object Repository/VLink/Page_CCSale/txt_AL1' is present

2021-06-22 02:25:41 - [MESSAGE][PASSED] - Text '258 Elm Road' is set on object 'Object Repository/VLink/Page_CCSale/txt_AL1'

2021-06-22 02:25:42 - [MESSAGE][PASSED] - Object 'Object Repository/VLink/Page_CCSale/txt_AL2' is present

2021-06-22 02:25:42 - [MESSAGE][PASSED] - Text '' is set on object 'Object Repository/VLink/Page_CCSale/txt_AL2'

2021-06-22 02:25:43 - [MESSAGE][PASSED] - Object 'Object Repository/VLink/Page_CCSale/txt_CardCity' is present

2021-06-22 02:25:43 - [MESSAGE][PASSED] - Text '' is set on object 'Object Repository/VLink/Page_CCSale/txt_CardCity'

2021-06-22 02:25:44 - [MESSAGE][PASSED] - Object 'Object Repository/VLink/Page_CCSale/txt_CardState' is present

2021-06-22 02:25:44 - [MESSAGE][PASSED] - Text '' is set on object 'Object Repository/VLink/Page_CCSale/txt_CardState'

2021-06-22 02:25:45 - [MESSAGE][PASSED] - Object 'Object Repository/VLink/Page_CCSale/txt_CardZIP' is present

2021-06-22 02:25:45 - [MESSAGE][PASSED] - Text '22201' is set on object 'Object Repository/VLink/Page_CCSale/txt_CardZIP'

2021-06-22 02:25:46 - [MESSAGE][PASSED] - Object 'Object Repository/VLink/Page_CCSale/txt_CountryID' is present

2021-06-22 02:25:46 - [MESSAGE][PASSED] - Text '' is set on object 'Object Repository/VLink/Page_CCSale/txt_CountryID'

2021-06-22 02:25:47 - [MESSAGE][PASSED] - Object 'Object Repository/VLink/Page_CCSale/txt_Amount' is present

2021-06-22 02:25:47 - [MESSAGE][PASSED] - Text '1.50' is set on object 'Object Repository/VLink/Page_CCSale/txt_Amount'

2021-06-22 02:25:48 - [MESSAGE][PASSED] - Object 'Object Repository/VLink/Page_CCSale/txt_CardNumber' is present

2021-06-22 02:25:48 - [MESSAGE][PASSED] - Text '4111111111111111' is set on object 'Object Repository/VLink/Page_CCSale/txt_CardNumber'

2021-06-22 02:25:49 - [MESSAGE][PASSED] - Object 'Object Repository/VLink/Page_CCSale/txt_ExpMonth' is present

2021-06-22 02:25:49 - [MESSAGE][PASSED] - Text '12' is set on object 'Object Repository/VLink/Page_CCSale/txt_ExpMonth'

2021-06-22 02:25:50 - [MESSAGE][PASSED] - Object 'Object Repository/VLink/Page_CCSale/txt_ExpYear' is present

2021-06-22 02:25:50 - [MESSAGE][PASSED] - Text '2025' is set on object 'Object Repository/VLink/Page_CCSale/txt_ExpYear'

2021-06-22 02:25:51 - [MESSAGE][PASSED] - Object 'Object Repository/VLink/Page_CCSale/txt_CVV' is present

2021-06-22 02:25:51 - [MESSAGE][PASSED] - Text '' is set on object 'Object Repository/VLink/Page_CCSale/txt_CVV'

2021-06-22 02:25:52 - [MESSAGE][PASSED] - Object 'Object Repository/VLink/Page_CCSale/txt_CVVstate' is present

2021-06-22 02:25:52 - [MESSAGE][PASSED] - Text '' is set on object 'Object Repository/VLink/Page_CCSale/txt_CVVstate'

2021-06-22 02:25:53 - [MESSAGE][PASSED] - Object 'Object Repository/VLink/Page_CCSale/txt_TrackData' is present

2021-06-22 02:25:53 - [MESSAGE][PASSED] - Text '' is set on object 'Object Repository/VLink/Page_CCSale/txt_TrackData'

2021-06-22 02:25:54 - [MESSAGE][PASSED] - Object 'Object Repository/VLink/Page_CCSale/txt_Track1Data' is present

2021-06-22 02:25:54 - [MESSAGE][PASSED] - Text '' is set on object 'Object Repository/VLink/Page_CCSale/txt_Track1Data'

2021-06-22 02:25:55 - [MESSAGE][PASSED] - Object 'Object Repository/VLink/Page_CCSale/txt_Track2Data' is present

2021-06-22 02:25:55 - [MESSAGE][PASSED] - Text '' is set on object 'Object Repository/VLink/Page_CCSale/txt_Track2Data'

2021-06-22 02:25:56 - [MESSAGE][PASSED] - Object 'Object Repository/VLink/Page_CCSale/txt_POSEntryMode' is present

2021-06-22 02:25:56 - [MESSAGE][PASSED] - Text '' is set on object 'Object Repository/VLink/Page_CCSale/txt_POSEntryMode'

2021-06-22 02:25:57 - [MESSAGE][PASSED] - Object 'Object Repository/VLink/Page_CCSale/txt_Email' is present

2021-06-22 02:25:57 - [MESSAGE][PASSED] - Text '' is set on object 'Object Repository/VLink/Page_CCSale/txt_Email'

2021-06-22 02:25:58 - [MESSAGE][PASSED] - Object 'Object Repository/VLink/Page_CCSale/txt_OrderNumber' is present

2021-06-22 02:25:58 - [MESSAGE][PASSED] - Text '' is set on object 'Object Repository/VLink/Page_CCSale/txt_OrderNumber'

2021-06-22 02:25:59 - [MESSAGE][PASSED] - Object 'Object Repository/VLink/Page_CCSale/txt_TaxAmount' is present

2021-06-22 02:25:59 - [MESSAGE][PASSED] - Text '' is set on object 'Object Repository/VLink/Page_CCSale/txt_TaxAmount'

2021-06-22 02:26:00 - [MESSAGE][PASSED] - Object 'Object Repository/VLink/Page_CCSale/txt_ChargeDescription' is present

2021-06-22 02:26:00 - [MESSAGE][PASSED] - Text '' is set on object 'Object Repository/VLink/Page_CCSale/txt_ChargeDescription'

2021-06-22 02:26:01 - [MESSAGE][PASSED] - Object 'Object Repository/VLink/Page_CCSale/txt_CAN' is present

2021-06-22 02:26:01 - [MESSAGE][PASSED] - Text '' is set on object 'Object Repository/VLink/Page_CCSale/txt_CAN'

2021-06-22 02:26:02 - [MESSAGE][PASSED] - Object 'Object Repository/VLink/Page_CCSale/txt_BillPaymentIndicator' is present

2021-06-22 02:26:02 - [MESSAGE][PASSED] - Text '' is set on object 'Object Repository/VLink/Page_CCSale/txt_BillPaymentIndicator'

2021-06-22 02:26:02 - [MESSAGE][PASSED] - Object 'Object Repository/VLink/Page_CCSale/txt_UDF1' is present

2021-06-22 02:26:03 - [MESSAGE][PASSED] - Text '' is set on object 'Object Repository/VLink/Page_CCSale/txt_UDF1'

2021-06-22 02:26:03 - [MESSAGE][PASSED] - Object 'Object Repository/VLink/Page_CCSale/txt_UDF2' is present

2021-06-22 02:26:04 - [MESSAGE][PASSED] - Text '' is set on object 'Object Repository/VLink/Page_CCSale/txt_UDF2'

2021-06-22 02:26:05 - [MESSAGE][PASSED] - Object 'Object Repository/VLink/Page_CCSale/txt_UDF3' is present

2021-06-22 02:26:05 - [MESSAGE][PASSED] - Text '' is set on object 'Object Repository/VLink/Page_CCSale/txt_UDF3'

2021-06-22 02:26:06 - [MESSAGE][PASSED] - Object 'Object Repository/VLink/Page_CCSale/txt_UDF4' is present

2021-06-22 02:26:06 - [MESSAGE][PASSED] - Text '' is set on object 'Object Repository/VLink/Page_CCSale/txt_UDF4'

2021-06-22 02:26:06 - [MESSAGE][PASSED] - Object 'Object Repository/VLink/Page_CCSale/txt_UDF5' is present

2021-06-22 02:26:07 - [MESSAGE][PASSED] - Text '' is set on object 'Object Repository/VLink/Page_CCSale/txt_UDF5'

2021-06-22 02:26:07 - [MESSAGE][PASSED] - Object 'Object Repository/VLink/Page_CCSale/txt_UDF6' is present

2021-06-22 02:26:08 - [MESSAGE][PASSED] - Text '' is set on object 'Object Repository/VLink/Page_CCSale/txt_UDF6'

2021-06-22 02:26:08 - [MESSAGE][PASSED] - Object 'Object Repository/VLink/Page_CCSale/txt_UDF7' is present

2021-06-22 02:26:09 - [MESSAGE][PASSED] - Text '' is set on object 'Object Repository/VLink/Page_CCSale/txt_UDF7'

2021-06-22 02:26:09 - [MESSAGE][PASSED] - Object 'Object Repository/VLink/Page_CCSale/txt_UDF8' is present

2021-06-22 02:26:10 - [MESSAGE][PASSED] - Text '' is set on object 'Object Repository/VLink/Page_CCSale/txt_UDF8'

2021-06-22 02:26:10 - [MESSAGE][PASSED] - Object 'Object Repository/VLink/Page_CCSale/txt_UDF9' is present

2021-06-22 02:26:11 - [MESSAGE][PASSED] - Text '' is set on object 'Object Repository/VLink/Page_CCSale/txt_UDF9'

2021-06-22 02:26:11 - [MESSAGE][PASSED] - Object 'Object Repository/VLink/Page_CCSale/txt_UDF10' is present

2021-06-22 02:26:12 - [MESSAGE][PASSED] - Text '' is set on object 'Object Repository/VLink/Page_CCSale/txt_UDF10'

2021-06-22 02:26:13 - [MESSAGE][PASSED] - Object 'Object Repository/VLink/Page_CCSale/txt_CardOnFileIndicator' is present

2021-06-22 02:26:13 - [MESSAGE][PASSED] - Text '' is set on object 'Object Repository/VLink/Page_CCSale/txt_CardOnFileIndicator'

2021-06-22 02:26:14 - [MESSAGE][PASSED] - Object 'Object Repository/VLink/Page_CCSale/txt_StoredCredentialIndicator' is present

2021-06-22 02:26:14 - [MESSAGE][PASSED] - Text '' is set on object 'Object Repository/VLink/Page_CCSale/txt_StoredCredentialIndicator'

2021-06-22 02:26:15 - [MESSAGE][PASSED] - Object 'Object Repository/VLink/Page_CCSale/txt_COFScheduledIndicator' is present

2021-06-22 02:26:15 - [MESSAGE][PASSED] - Text '' is set on object 'Object Repository/VLink/Page_CCSale/txt_COFScheduledIndicator'

2021-06-22 02:26:16 - [MESSAGE][PASSED] - Object 'Object Repository/VLink/Page_CCSale/txt_COFTransactionInitiatedBy' is present

2021-06-22 02:26:16 - [MESSAGE][PASSED] - Text '' is set on object 'Object Repository/VLink/Page_CCSale/txt_COFTransactionInitiatedBy'

2021-06-22 02:26:19 - [MESSAGE][PASSED] - Object: 'Object Repository/VLink/Page_CCSale/btn_ProcessVLinkTransaction' is clicked on

2021-06-22 02:26:24 - [MESSAGE][PASSED] - vlinkPages.saleCCPage.setDataSCC is PASSED

2021-06-22 02:26:24 - [TEST_STEP][PASSED] - if (verifyTextPresent("Transaction approved, no errors", true)): null

2021-06-22 02:26:24 - [MESSAGE][PASSED] - Text 'Transaction approved, no errors' is present on page  using regular expression

2021-06-22 02:26:24 - [TEST_STEP][PASSED] - println("Transaction Approved, no errors text is present on the Confirmation page"): null

2021-06-22 02:26:24 - [TEST_STEP][PASSED] - out.println("Pass Record Number: " + row): null

2021-06-22 02:26:24 - [TEST_STEP][PASSED] - resText = "Pass": null

2021-06-22 02:26:24 - [TEST_STEP][PASSED] - pages.WriteExcel.demoKey(resText, datText, resColumn, datCloumn, fileLoc, nameSheet, row): pages.WriteExcel.demoKey is PASSED

2021-06-22 02:26:24 - [MESSAGE][PASSED] - pages.WriteExcel.demoKey is PASSED

2021-06-22 02:26:24 - [TEST_STEP][PASSED] - sdfo = getText(findTestObject("Object Repository/Page_VLinkReceipt/pre_STX")): Text of object 'Object Repository/Page_VLinkReceipt/pre_STX' is: '<STX>VvZvQ6ZYW7Ni                  12098427            0  Transaction approved, no errors                   0                                                                                  X OK7565   <ETX>'

2021-06-22 02:26:25 - [MESSAGE][PASSED] - Text of object 'Object Repository/Page_VLinkReceipt/pre_STX' is: '<STX>VvZvQ6ZYW7Ni                  12098427            0  Transaction approved, no errors                   0                                                                                  X OK7565   <ETX>'

2021-06-22 02:26:25 - [TEST_STEP][PASSED] - out.println("sdfo: " + sdfo): null

2021-06-22 02:26:25 - [TEST_STEP][PASSED] - remID = substring(5, 35).trim(): null

2021-06-22 02:26:25 - [TEST_STEP][PASSED] - out.println("Remittance ID: " + remID): null

2021-06-22 02:26:25 - [TEST_STEP][PASSED] - traxID = substring(35, 55).trim(): null

2021-06-22 02:26:25 - [TEST_STEP][PASSED] - out.println("Transaction ID: " + traxID): null

2021-06-22 02:26:25 - [TEST_STEP][PASSED] - out.println("End Record Number: " + row): null

2021-06-22 02:26:25 - [TEST_STEP][PASSED] - closeBrowser(): Browser is closed

2021-06-22 02:26:25 - [MESSAGE][PASSED] - Browser is closed

2021-06-22 02:26:25 - [TEST_STEP][PASSED] - out.println("Begin Record Number: " + row): null

2021-06-22 02:26:25 - [TEST_STEP][PASSED] - today = new java.util.Date(): null

2021-06-22 02:26:25 - [TEST_STEP][PASSED] - println(today): null

2021-06-22 02:26:25 - [TEST_STEP][PASSED] - datText = today: null

2021-06-22 02:26:25 - [TEST_STEP][PASSED] - openBrowser(VLinkURL + "authcap.html"): Browser is opened with url: 'https://dev-algorithm.govolution.com/vlinktest/QA/version_2_0/authcap.html'

2021-06-22 02:26:25 - [MESSAGE][INFO] - Starting 'Chrome' driver

2021-06-22 02:26:25 - [MESSAGE][INFO] - User set preference: ['acceptInsecureCerts', 'true']

2021-06-22 02:26:25 - [MESSAGE][INFO] - Action delay is set to 0 milliseconds

2021-06-22 02:26:27 - [MESSAGE][PASSED] - Browser is opened with url: 'https://dev-algorithm.govolution.com/vlinktest/QA/version_2_0/authcap.html'

2021-06-22 02:26:27 - [TEST_STEP][PASSED] - maximizeWindow(): Current window maximized

2021-06-22 02:26:27 - [MESSAGE][PASSED] - Current window maximized

2021-06-22 02:26:27 - [TEST_STEP][PASSED] - vlinkPages.saleCCPage.setDataSCC(row, dataFile): vlinkPages.saleCCPage.setDataSCC is PASSED

2021-06-22 02:26:29 - [MESSAGE][PASSED] - Object 'Object Repository/VLink/Page_CCSale/txt_CardNumber' is present

2021-06-22 02:26:30 - [MESSAGE][PASSED] - Object 'Object Repository/VLink/Page_CCSale/txt_TransactionType' is present

2021-06-22 02:26:30 - [MESSAGE][PASSED] - Text '104' is set on object 'Object Repository/VLink/Page_CCSale/txt_TransactionType'

2021-06-22 02:26:30 - [MESSAGE][PASSED] - Object 'Object Repository/VLink/Page_CCSale/txt_MessageVersion' is present

2021-06-22 02:26:31 - [MESSAGE][PASSED] - Text '2.0C' is set on object 'Object Repository/VLink/Page_CCSale/txt_MessageVersion'

2021-06-22 02:26:31 - [MESSAGE][PASSED] - Object 'Object Repository/VLink/Page_CCSale/txt_RemID' is present

2021-06-22 02:26:32 - [MESSAGE][PASSED] - Text '5b1y1il2imu1' is set on object 'Object Repository/VLink/Page_CCSale/txt_RemID'

2021-06-22 02:26:32 - [MESSAGE][PASSED] - Object 'Object Repository/VLink/Page_CCSale/txt_ApplicationId' is present

2021-06-22 02:26:33 - [MESSAGE][PASSED] - Text '667' is set on object 'Object Repository/VLink/Page_CCSale/txt_ApplicationId'

2021-06-22 02:26:33 - [MESSAGE][PASSED] - Object 'Object Repository/VLink/Page_CCSale/txt_Username' is present

2021-06-22 02:26:34 - [MESSAGE][PASSED] - Text 'username' is set on object 'Object Repository/VLink/Page_CCSale/txt_Username'

2021-06-22 02:26:34 - [MESSAGE][PASSED] - Object 'Object Repository/VLink/Page_CCSale/txt_Password' is present

2021-06-22 02:26:35 - [MESSAGE][PASSED] - Text 'password' is set on object 'Object Repository/VLink/Page_CCSale/txt_Password'

2021-06-22 02:26:35 - [MESSAGE][PASSED] - Object 'Object Repository/VLink/Page_CCSale/txt_ResponseFormat' is present

2021-06-22 02:26:36 - [MESSAGE][PASSED] - Text 'fixed_width' is set on object 'Object Repository/VLink/Page_CCSale/txt_ResponseFormat'

2021-06-22 02:26:36 - [MESSAGE][PASSED] - Object 'Object Repository/VLink/Page_CCSale/txt_Category' is present

2021-06-22 02:26:36 - [MESSAGE][PASSED] - Text 'ECOM' is set on object 'Object Repository/VLink/Page_CCSale/txt_Category'

2021-06-22 02:26:37 - [MESSAGE][PASSED] - Object 'Object Repository/VLink/Page_CCSale/txt_TransactionID' is present

2021-06-22 02:26:37 - [MESSAGE][PASSED] - Text '' is set on object 'Object Repository/VLink/Page_CCSale/txt_TransactionID'

2021-06-22 02:26:38 - [MESSAGE][PASSED] - Object 'Object Repository/VLink/Page_CCSale/txt_ApprovalCode' is present

2021-06-22 02:26:38 - [MESSAGE][PASSED] - Text '' is set on object 'Object Repository/VLink/Page_CCSale/txt_ApprovalCode'

2021-06-22 02:26:39 - [MESSAGE][PASSED] - Object 'Object Repository/VLink/Page_CCSale/txt_CardName' is present

2021-06-22 02:26:39 - [MESSAGE][PASSED] - Text 'Kris Roshan' is set on object 'Object Repository/VLink/Page_CCSale/txt_CardName'

2021-06-22 02:26:40 - [MESSAGE][PASSED] - Object 'Object Repository/VLink/Page_CCSale/txt_AL1' is present

2021-06-22 02:26:40 - [MESSAGE][PASSED] - Text '258 Elm Road' is set on object 'Object Repository/VLink/Page_CCSale/txt_AL1'

2021-06-22 02:26:41 - [MESSAGE][PASSED] - Object 'Object Repository/VLink/Page_CCSale/txt_AL2' is present

2021-06-22 02:26:41 - [MESSAGE][PASSED] - Text '' is set on object 'Object Repository/VLink/Page_CCSale/txt_AL2'

2021-06-22 02:26:42 - [MESSAGE][PASSED] - Object 'Object Repository/VLink/Page_CCSale/txt_CardCity' is present

2021-06-22 02:26:42 - [MESSAGE][PASSED] - Text '' is set on object 'Object Repository/VLink/Page_CCSale/txt_CardCity'

2021-06-22 02:26:43 - [MESSAGE][PASSED] - Object 'Object Repository/VLink/Page_CCSale/txt_CardState' is present

2021-06-22 02:26:43 - [MESSAGE][PASSED] - Text '' is set on object 'Object Repository/VLink/Page_CCSale/txt_CardState'

2021-06-22 02:26:44 - [MESSAGE][PASSED] - Object 'Object Repository/VLink/Page_CCSale/txt_CardZIP' is present

2021-06-22 02:26:45 - [MESSAGE][PASSED] - Text '22201' is set on object 'Object Repository/VLink/Page_CCSale/txt_CardZIP'

2021-06-22 02:26:45 - [MESSAGE][PASSED] - Object 'Object Repository/VLink/Page_CCSale/txt_CountryID' is present

2021-06-22 02:26:46 - [MESSAGE][PASSED] - Text '' is set on object 'Object Repository/VLink/Page_CCSale/txt_CountryID'

2021-06-22 02:26:46 - [MESSAGE][PASSED] - Object 'Object Repository/VLink/Page_CCSale/txt_Amount' is present

2021-06-22 02:26:47 - [MESSAGE][PASSED] - Text '1.50' is set on object 'Object Repository/VLink/Page_CCSale/txt_Amount'

2021-06-22 02:26:47 - [MESSAGE][PASSED] - Object 'Object Repository/VLink/Page_CCSale/txt_CardNumber' is present

2021-06-22 02:26:48 - [MESSAGE][PASSED] - Text '4111111111111111' is set on object 'Object Repository/VLink/Page_CCSale/txt_CardNumber'

2021-06-22 02:26:48 - [MESSAGE][PASSED] - Object 'Object Repository/VLink/Page_CCSale/txt_ExpMonth' is present

2021-06-22 02:26:49 - [MESSAGE][PASSED] - Text '12' is set on object 'Object Repository/VLink/Page_CCSale/txt_ExpMonth'

2021-06-22 02:26:49 - [MESSAGE][PASSED] - Object 'Object Repository/VLink/Page_CCSale/txt_ExpYear' is present

2021-06-22 02:26:50 - [MESSAGE][PASSED] - Text '2025' is set on object 'Object Repository/VLink/Page_CCSale/txt_ExpYear'

2021-06-22 02:26:50 - [MESSAGE][PASSED] - Object 'Object Repository/VLink/Page_CCSale/txt_CVV' is present

2021-06-22 02:26:51 - [MESSAGE][PASSED] - Text '' is set on object 'Object Repository/VLink/Page_CCSale/txt_CVV'

2021-06-22 02:26:51 - [MESSAGE][PASSED] - Object 'Object Repository/VLink/Page_CCSale/txt_CVVstate' is present

2021-06-22 02:26:52 - [MESSAGE][PASSED] - Text '' is set on object 'Object Repository/VLink/Page_CCSale/txt_CVVstate'

2021-06-22 02:26:52 - [MESSAGE][PASSED] - Object 'Object Repository/VLink/Page_CCSale/txt_TrackData' is present

2021-06-22 02:26:53 - [MESSAGE][PASSED] - Text '' is set on object 'Object Repository/VLink/Page_CCSale/txt_TrackData'

2021-06-22 02:26:53 - [MESSAGE][PASSED] - Object 'Object Repository/VLink/Page_CCSale/txt_Track1Data' is present

2021-06-22 02:26:54 - [MESSAGE][PASSED] - Text '' is set on object 'Object Repository/VLink/Page_CCSale/txt_Track1Data'

2021-06-22 02:26:54 - [MESSAGE][PASSED] - Object 'Object Repository/VLink/Page_CCSale/txt_Track2Data' is present

2021-06-22 02:26:55 - [MESSAGE][PASSED] - Text '' is set on object 'Object Repository/VLink/Page_CCSale/txt_Track2Data'

2021-06-22 02:26:55 - [MESSAGE][PASSED] - Object 'Object Repository/VLink/Page_CCSale/txt_POSEntryMode' is present

2021-06-22 02:26:56 - [MESSAGE][PASSED] - Text '' is set on object 'Object Repository/VLink/Page_CCSale/txt_POSEntryMode'

2021-06-22 02:26:56 - [MESSAGE][PASSED] - Object 'Object Repository/VLink/Page_CCSale/txt_Email' is present

2021-06-22 02:26:57 - [MESSAGE][PASSED] - Text '' is set on object 'Object Repository/VLink/Page_CCSale/txt_Email'

2021-06-22 02:26:57 - [MESSAGE][PASSED] - Object 'Object Repository/VLink/Page_CCSale/txt_OrderNumber' is present

2021-06-22 02:26:58 - [MESSAGE][PASSED] - Text '' is set on object 'Object Repository/VLink/Page_CCSale/txt_OrderNumber'

2021-06-22 02:26:58 - [MESSAGE][PASSED] - Object 'Object Repository/VLink/Page_CCSale/txt_TaxAmount' is present

2021-06-22 02:26:59 - [MESSAGE][PASSED] - Text '' is set on object 'Object Repository/VLink/Page_CCSale/txt_TaxAmount'

2021-06-22 02:26:59 - [MESSAGE][PASSED] - Object 'Object Repository/VLink/Page_CCSale/txt_ChargeDescription' is present

2021-06-22 02:26:59 - [MESSAGE][PASSED] - Text '' is set on object 'Object Repository/VLink/Page_CCSale/txt_ChargeDescription'

2021-06-22 02:27:00 - [MESSAGE][PASSED] - Object 'Object Repository/VLink/Page_CCSale/txt_CAN' is present

2021-06-22 02:27:00 - [MESSAGE][PASSED] - Text '' is set on object 'Object Repository/VLink/Page_CCSale/txt_CAN'

2021-06-22 02:27:01 - [MESSAGE][PASSED] - Object 'Object Repository/VLink/Page_CCSale/txt_BillPaymentIndicator' is present

2021-06-22 02:27:01 - [MESSAGE][PASSED] - Text '' is set on object 'Object Repository/VLink/Page_CCSale/txt_BillPaymentIndicator'

2021-06-22 02:27:02 - [MESSAGE][PASSED] - Object 'Object Repository/VLink/Page_CCSale/txt_UDF1' is present

2021-06-22 02:27:02 - [MESSAGE][PASSED] - Text '' is set on object 'Object Repository/VLink/Page_CCSale/txt_UDF1'

2021-06-22 02:27:03 - [MESSAGE][PASSED] - Object 'Object Repository/VLink/Page_CCSale/txt_UDF2' is present

2021-06-22 02:27:03 - [MESSAGE][PASSED] - Text '' is set on object 'Object Repository/VLink/Page_CCSale/txt_UDF2'

2021-06-22 02:27:04 - [MESSAGE][PASSED] - Object 'Object Repository/VLink/Page_CCSale/txt_UDF3' is present

2021-06-22 02:27:04 - [MESSAGE][PASSED] - Text '' is set on object 'Object Repository/VLink/Page_CCSale/txt_UDF3'

2021-06-22 02:27:05 - [MESSAGE][PASSED] - Object 'Object Repository/VLink/Page_CCSale/txt_UDF4' is present

2021-06-22 02:27:05 - [MESSAGE][PASSED] - Text '' is set on object 'Object Repository/VLink/Page_CCSale/txt_UDF4'

2021-06-22 02:27:06 - [MESSAGE][PASSED] - Object 'Object Repository/VLink/Page_CCSale/txt_UDF5' is present

2021-06-22 02:27:06 - [MESSAGE][PASSED] - Text '' is set on object 'Object Repository/VLink/Page_CCSale/txt_UDF5'

2021-06-22 02:27:07 - [MESSAGE][PASSED] - Object 'Object Repository/VLink/Page_CCSale/txt_UDF6' is present

2021-06-22 02:27:07 - [MESSAGE][PASSED] - Text '' is set on object 'Object Repository/VLink/Page_CCSale/txt_UDF6'

2021-06-22 02:27:08 - [MESSAGE][PASSED] - Object 'Object Repository/VLink/Page_CCSale/txt_UDF7' is present

2021-06-22 02:27:08 - [MESSAGE][PASSED] - Text '' is set on object 'Object Repository/VLink/Page_CCSale/txt_UDF7'

2021-06-22 02:27:09 - [MESSAGE][PASSED] - Object 'Object Repository/VLink/Page_CCSale/txt_UDF8' is present

2021-06-22 02:27:09 - [MESSAGE][PASSED] - Text '' is set on object 'Object Repository/VLink/Page_CCSale/txt_UDF8'

2021-06-22 02:27:10 - [MESSAGE][PASSED] - Object 'Object Repository/VLink/Page_CCSale/txt_UDF9' is present

2021-06-22 02:27:10 - [MESSAGE][PASSED] - Text '' is set on object 'Object Repository/VLink/Page_CCSale/txt_UDF9'

2021-06-22 02:27:11 - [MESSAGE][PASSED] - Object 'Object Repository/VLink/Page_CCSale/txt_UDF10' is present

2021-06-22 02:27:11 - [MESSAGE][PASSED] - Text '' is set on object 'Object Repository/VLink/Page_CCSale/txt_UDF10'

2021-06-22 02:27:11 - [MESSAGE][PASSED] - Object 'Object Repository/VLink/Page_CCSale/txt_CardOnFileIndicator' is present

2021-06-22 02:27:12 - [MESSAGE][PASSED] - Text '' is set on object 'Object Repository/VLink/Page_CCSale/txt_CardOnFileIndicator'

2021-06-22 02:27:12 - [MESSAGE][PASSED] - Object 'Object Repository/VLink/Page_CCSale/txt_StoredCredentialIndicator' is present

2021-06-22 02:27:13 - [MESSAGE][PASSED] - Text '' is set on object 'Object Repository/VLink/Page_CCSale/txt_StoredCredentialIndicator'

2021-06-22 02:27:13 - [MESSAGE][PASSED] - Object 'Object Repository/VLink/Page_CCSale/txt_COFScheduledIndicator' is present

2021-06-22 02:27:14 - [MESSAGE][PASSED] - Text '' is set on object 'Object Repository/VLink/Page_CCSale/txt_COFScheduledIndicator'

2021-06-22 02:27:14 - [MESSAGE][PASSED] - Object 'Object Repository/VLink/Page_CCSale/txt_COFTransactionInitiatedBy' is present

2021-06-22 02:27:15 - [MESSAGE][PASSED] - Text '' is set on object 'Object Repository/VLink/Page_CCSale/txt_COFTransactionInitiatedBy'

2021-06-22 02:27:18 - [MESSAGE][PASSED] - Object: 'Object Repository/VLink/Page_CCSale/btn_ProcessVLinkTransaction' is clicked on

2021-06-22 02:27:23 - [MESSAGE][PASSED] - vlinkPages.saleCCPage.setDataSCC is PASSED

2021-06-22 02:27:23 - [TEST_STEP][FAILED] - if (verifyTextPresent("Transaction approved, no errors", true)): Text 'Transaction approved, no errors' is not present on page  using regular expression (Root cause: com.kms.katalon.core.exception.StepFailedException: Text 'Transaction approved, no errors' is not present on page  using regular expression
	at com.kms.katalon.core.webui.keyword.internal.WebUIKeywordMain.stepFailed(WebUIKeywordMain.groovy:64)
	at com.kms.katalon.core.webui.keyword.builtin.VerifyTextPresentKeyword$_verifyTextPresent_closure1.doCall(VerifyTextPresentKeyword.groovy:79)
	at com.kms.katalon.core.webui.keyword.builtin.VerifyTextPresentKeyword$_verifyTextPresent_closure1.call(VerifyTextPresentKeyword.groovy)
	at com.kms.katalon.core.webui.keyword.internal.WebUIKeywordMain.runKeyword(WebUIKeywordMain.groovy:20)
	at com.kms.katalon.core.webui.keyword.builtin.VerifyTextPresentKeyword.verifyTextPresent(VerifyTextPresentKeyword.groovy:83)
	at com.kms.katalon.core.webui.keyword.builtin.VerifyTextPresentKeyword.execute(VerifyTextPresentKeyword.groovy:68)
	at com.kms.katalon.core.keyword.internal.KeywordExecutor.executeKeywordForPlatform(KeywordExecutor.groovy:72)
	at com.kms.katalon.core.webui.keyword.WebUiBuiltInKeywords.verifyTextPresent(WebUiBuiltInKeywords.groovy:1719)
	at com.kms.katalon.core.webui.keyword.WebUiBuiltInKeywords$verifyTextPresent$4.call(Unknown Source)
	at VLinkSale-Successful.run(VLinkSale-Successful:76)
	at com.kms.katalon.core.main.ScriptEngine.run(ScriptEngine.java:194)
	at com.kms.katalon.core.main.ScriptEngine.runScriptAsRawText(ScriptEngine.java:119)
	at com.kms.katalon.core.main.TestCaseExecutor.runScript(TestCaseExecutor.java:337)
	at com.kms.katalon.core.main.TestCaseExecutor.doExecute(TestCaseExecutor.java:328)
	at com.kms.katalon.core.main.TestCaseExecutor.processExecutionPhase(TestCaseExecutor.java:307)
	at com.kms.katalon.core.main.TestCaseExecutor.accessMainPhase(TestCaseExecutor.java:299)
	at com.kms.katalon.core.main.TestCaseExecutor.execute(TestCaseExecutor.java:233)
	at com.kms.katalon.core.main.TestSuiteExecutor.accessTestCaseMainPhase(TestSuiteExecutor.java:169)
	at com.kms.katalon.core.main.TestSuiteExecutor.accessTestSuiteMainPhase(TestSuiteExecutor.java:142)
	at com.kms.katalon.core.main.TestSuiteExecutor.execute(TestSuiteExecutor.java:91)
	at com.kms.katalon.core.main.TestCaseMain.startTestSuite(TestCaseMain.java:157)
	at com.kms.katalon.core.main.TestCaseMain$startTestSuite$0.call(Unknown Source)
	at TempTestSuite1624337272106.run(TempTestSuite1624337272106.groovy:37)
)

2021-06-22 02:27:23 - [MESSAGE][FAILED] - Text 'Transaction approved, no errors' is not present on page  using regular expression (Root cause: com.kms.katalon.core.exception.StepFailedException: Text 'Transaction approved, no errors' is not present on page  using regular expression
	at com.kms.katalon.core.webui.keyword.internal.WebUIKeywordMain.stepFailed(WebUIKeywordMain.groovy:64)
	at com.kms.katalon.core.webui.keyword.builtin.VerifyTextPresentKeyword$_verifyTextPresent_closure1.doCall(VerifyTextPresentKeyword.groovy:79)
	at com.kms.katalon.core.webui.keyword.builtin.VerifyTextPresentKeyword$_verifyTextPresent_closure1.call(VerifyTextPresentKeyword.groovy)
	at com.kms.katalon.core.webui.keyword.internal.WebUIKeywordMain.runKeyword(WebUIKeywordMain.groovy:20)
	at com.kms.katalon.core.webui.keyword.builtin.VerifyTextPresentKeyword.verifyTextPresent(VerifyTextPresentKeyword.groovy:83)
	at com.kms.katalon.core.webui.keyword.builtin.VerifyTextPresentKeyword.execute(VerifyTextPresentKeyword.groovy:68)
	at com.kms.katalon.core.keyword.internal.KeywordExecutor.executeKeywordForPlatform(KeywordExecutor.groovy:72)
	at com.kms.katalon.core.webui.keyword.WebUiBuiltInKeywords.verifyTextPresent(WebUiBuiltInKeywords.groovy:1719)
	at com.kms.katalon.core.webui.keyword.WebUiBuiltInKeywords$verifyTextPresent$4.call(Unknown Source)
	at VLinkSale-Successful.run(VLinkSale-Successful:76)
	at com.kms.katalon.core.main.ScriptEngine.run(ScriptEngine.java:194)
	at com.kms.katalon.core.main.ScriptEngine.runScriptAsRawText(ScriptEngine.java:119)
	at com.kms.katalon.core.main.TestCaseExecutor.runScript(TestCaseExecutor.java:337)
	at com.kms.katalon.core.main.TestCaseExecutor.doExecute(TestCaseExecutor.java:328)
	at com.kms.katalon.core.main.TestCaseExecutor.processExecutionPhase(TestCaseExecutor.java:307)
	at com.kms.katalon.core.main.TestCaseExecutor.accessMainPhase(TestCaseExecutor.java:299)
	at com.kms.katalon.core.main.TestCaseExecutor.execute(TestCaseExecutor.java:233)
	at com.kms.katalon.core.main.TestSuiteExecutor.accessTestCaseMainPhase(TestSuiteExecutor.java:169)
	at com.kms.katalon.core.main.TestSuiteExecutor.accessTestSuiteMainPhase(TestSuiteExecutor.java:142)
	at com.kms.katalon.core.main.TestSuiteExecutor.execute(TestSuiteExecutor.java:91)
	at com.kms.katalon.core.main.TestCaseMain.startTestSuite(TestCaseMain.java:157)
	at com.kms.katalon.core.main.TestCaseMain$startTestSuite$0.call(Unknown Source)
	at TempTestSuite1624337272106.run(TempTestSuite1624337272106.groovy:37)
)

2021-06-22 02:27:23 - [TEST_STEP][PASSED] - else: pages.WriteExcel.demoKey is PASSED

2021-06-22 02:27:23 - [TEST_STEP][PASSED] - println("Transaction Approved, no errors text is not present on the Confirmation page"): null

2021-06-22 02:27:23 - [TEST_STEP][PASSED] - out.println("Fail Record Number: " + row): null

2021-06-22 02:27:23 - [TEST_STEP][PASSED] - resText = "Fail": null

2021-06-22 02:27:23 - [TEST_STEP][PASSED] - pages.WriteExcel.demoKey(resText, datText, resColumn, datCloumn, fileLoc, nameSheet, row): pages.WriteExcel.demoKey is PASSED

2021-06-22 02:27:23 - [MESSAGE][PASSED] - pages.WriteExcel.demoKey is PASSED

2021-06-22 02:27:23 - [TEST_STEP][PASSED] - sdfo = getText(findTestObject("Object Repository/Page_VLinkReceipt/pre_STX")): Text of object 'Object Repository/Page_VLinkReceipt/pre_STX' is: '<STX>5b1y1il2imu1                  12098428            2  Transaction failed                                105Processor reported error                                                        U          <ETX>'

2021-06-22 02:27:23 - [MESSAGE][PASSED] - Text of object 'Object Repository/Page_VLinkReceipt/pre_STX' is: '<STX>5b1y1il2imu1                  12098428            2  Transaction failed                                105Processor reported error                                                        U          <ETX>'

2021-06-22 02:27:23 - [TEST_STEP][PASSED] - out.println("sdfo: " + sdfo): null

2021-06-22 02:27:23 - [TEST_STEP][PASSED] - remID = substring(5, 35).trim(): null

2021-06-22 02:27:23 - [TEST_STEP][PASSED] - out.println("Remittance ID: " + remID): null

2021-06-22 02:27:23 - [TEST_STEP][PASSED] - traxID = substring(35, 55).trim(): null

2021-06-22 02:27:23 - [TEST_STEP][PASSED] - out.println("Transaction ID: " + traxID): null

2021-06-22 02:27:23 - [TEST_STEP][PASSED] - out.println("End Record Number: " + row): null

2021-06-22 02:27:23 - [TEST_STEP][PASSED] - closeBrowser(): Browser is closed

2021-06-22 02:27:24 - [MESSAGE][PASSED] - Browser is closed

2021-06-22 02:27:24 - [TEST_STEP][PASSED] - out.println("Begin Record Number: " + row): null

2021-06-22 02:27:24 - [TEST_STEP][PASSED] - today = new java.util.Date(): null

2021-06-22 02:27:24 - [TEST_STEP][PASSED] - println(today): null

2021-06-22 02:27:24 - [TEST_STEP][PASSED] - datText = today: null

2021-06-22 02:27:24 - [TEST_STEP][PASSED] - openBrowser(VLinkURL + "authcap.html"): Browser is opened with url: 'https://dev-algorithm.govolution.com/vlinktest/QA/version_2_0/authcap.html'

2021-06-22 02:27:24 - [MESSAGE][INFO] - Starting 'Chrome' driver

2021-06-22 02:27:24 - [MESSAGE][INFO] - User set preference: ['acceptInsecureCerts', 'true']

2021-06-22 02:27:24 - [MESSAGE][INFO] - Action delay is set to 0 milliseconds

2021-06-22 02:27:26 - [MESSAGE][PASSED] - Browser is opened with url: 'https://dev-algorithm.govolution.com/vlinktest/QA/version_2_0/authcap.html'

2021-06-22 02:27:26 - [TEST_STEP][PASSED] - maximizeWindow(): Current window maximized

2021-06-22 02:27:26 - [MESSAGE][PASSED] - Current window maximized

2021-06-22 02:27:26 - [TEST_STEP][PASSED] - vlinkPages.saleCCPage.setDataSCC(row, dataFile): vlinkPages.saleCCPage.setDataSCC is PASSED

2021-06-22 02:27:28 - [MESSAGE][PASSED] - Object 'Object Repository/VLink/Page_CCSale/txt_CardNumber' is present

2021-06-22 02:27:28 - [MESSAGE][PASSED] - Object 'Object Repository/VLink/Page_CCSale/txt_TransactionType' is present

2021-06-22 02:27:29 - [MESSAGE][PASSED] - Text '104' is set on object 'Object Repository/VLink/Page_CCSale/txt_TransactionType'

2021-06-22 02:27:29 - [MESSAGE][PASSED] - Object 'Object Repository/VLink/Page_CCSale/txt_MessageVersion' is present

2021-06-22 02:27:30 - [MESSAGE][PASSED] - Text '2.0C' is set on object 'Object Repository/VLink/Page_CCSale/txt_MessageVersion'

2021-06-22 02:27:30 - [MESSAGE][PASSED] - Object 'Object Repository/VLink/Page_CCSale/txt_RemID' is present

2021-06-22 02:27:31 - [MESSAGE][PASSED] - Text 'N1s6kphGihrc' is set on object 'Object Repository/VLink/Page_CCSale/txt_RemID'

2021-06-22 02:27:31 - [MESSAGE][PASSED] - Object 'Object Repository/VLink/Page_CCSale/txt_ApplicationId' is present

2021-06-22 02:27:32 - [MESSAGE][PASSED] - Text '670' is set on object 'Object Repository/VLink/Page_CCSale/txt_ApplicationId'

2021-06-22 02:27:32 - [MESSAGE][PASSED] - Object 'Object Repository/VLink/Page_CCSale/txt_Username' is present

2021-06-22 02:27:33 - [MESSAGE][PASSED] - Text 'username' is set on object 'Object Repository/VLink/Page_CCSale/txt_Username'

2021-06-22 02:27:33 - [MESSAGE][PASSED] - Object 'Object Repository/VLink/Page_CCSale/txt_Password' is present

2021-06-22 02:27:33 - [MESSAGE][PASSED] - Text 'password' is set on object 'Object Repository/VLink/Page_CCSale/txt_Password'

2021-06-22 02:27:34 - [MESSAGE][PASSED] - Object 'Object Repository/VLink/Page_CCSale/txt_ResponseFormat' is present

2021-06-22 02:27:34 - [MESSAGE][PASSED] - Text 'fixed_width' is set on object 'Object Repository/VLink/Page_CCSale/txt_ResponseFormat'

2021-06-22 02:27:35 - [MESSAGE][PASSED] - Object 'Object Repository/VLink/Page_CCSale/txt_Category' is present

2021-06-22 02:27:35 - [MESSAGE][PASSED] - Text 'MOTO' is set on object 'Object Repository/VLink/Page_CCSale/txt_Category'

2021-06-22 02:27:36 - [MESSAGE][PASSED] - Object 'Object Repository/VLink/Page_CCSale/txt_TransactionID' is present

2021-06-22 02:27:36 - [MESSAGE][PASSED] - Text '' is set on object 'Object Repository/VLink/Page_CCSale/txt_TransactionID'

2021-06-22 02:27:36 - [MESSAGE][PASSED] - Object 'Object Repository/VLink/Page_CCSale/txt_ApprovalCode' is present

2021-06-22 02:27:37 - [MESSAGE][PASSED] - Text '' is set on object 'Object Repository/VLink/Page_CCSale/txt_ApprovalCode'

2021-06-22 02:27:37 - [MESSAGE][PASSED] - Object 'Object Repository/VLink/Page_CCSale/txt_CardName' is present

2021-06-22 02:27:38 - [MESSAGE][PASSED] - Text 'Arvind Silva' is set on object 'Object Repository/VLink/Page_CCSale/txt_CardName'

2021-06-22 02:27:39 - [MESSAGE][PASSED] - Object 'Object Repository/VLink/Page_CCSale/txt_AL1' is present

2021-06-22 02:27:39 - [MESSAGE][PASSED] - Text '111 Main Ave' is set on object 'Object Repository/VLink/Page_CCSale/txt_AL1'

2021-06-22 02:27:40 - [MESSAGE][PASSED] - Object 'Object Repository/VLink/Page_CCSale/txt_AL2' is present

2021-06-22 02:27:40 - [MESSAGE][PASSED] - Text '' is set on object 'Object Repository/VLink/Page_CCSale/txt_AL2'

2021-06-22 02:27:41 - [MESSAGE][PASSED] - Object 'Object Repository/VLink/Page_CCSale/txt_CardCity' is present

2021-06-22 02:27:41 - [MESSAGE][PASSED] - Text '' is set on object 'Object Repository/VLink/Page_CCSale/txt_CardCity'

2021-06-22 02:27:42 - [MESSAGE][PASSED] - Object 'Object Repository/VLink/Page_CCSale/txt_CardState' is present

2021-06-22 02:27:42 - [MESSAGE][PASSED] - Text '' is set on object 'Object Repository/VLink/Page_CCSale/txt_CardState'

2021-06-22 02:27:43 - [MESSAGE][PASSED] - Object 'Object Repository/VLink/Page_CCSale/txt_CardZIP' is present

2021-06-22 02:27:43 - [MESSAGE][PASSED] - Text '22201' is set on object 'Object Repository/VLink/Page_CCSale/txt_CardZIP'

2021-06-22 02:27:44 - [MESSAGE][PASSED] - Object 'Object Repository/VLink/Page_CCSale/txt_CountryID' is present

2021-06-22 02:27:44 - [MESSAGE][PASSED] - Text '' is set on object 'Object Repository/VLink/Page_CCSale/txt_CountryID'

2021-06-22 02:27:45 - [MESSAGE][PASSED] - Object 'Object Repository/VLink/Page_CCSale/txt_Amount' is present

2021-06-22 02:27:45 - [MESSAGE][PASSED] - Text '2.50' is set on object 'Object Repository/VLink/Page_CCSale/txt_Amount'

2021-06-22 02:27:46 - [MESSAGE][PASSED] - Object 'Object Repository/VLink/Page_CCSale/txt_CardNumber' is present

2021-06-22 02:27:46 - [MESSAGE][PASSED] - Text '4111111111111111' is set on object 'Object Repository/VLink/Page_CCSale/txt_CardNumber'

2021-06-22 02:27:47 - [MESSAGE][PASSED] - Object 'Object Repository/VLink/Page_CCSale/txt_ExpMonth' is present

2021-06-22 02:27:47 - [MESSAGE][PASSED] - Text '01' is set on object 'Object Repository/VLink/Page_CCSale/txt_ExpMonth'

2021-06-22 02:27:48 - [MESSAGE][PASSED] - Object 'Object Repository/VLink/Page_CCSale/txt_ExpYear' is present

2021-06-22 02:27:48 - [MESSAGE][PASSED] - Text '2026' is set on object 'Object Repository/VLink/Page_CCSale/txt_ExpYear'

2021-06-22 02:27:49 - [MESSAGE][PASSED] - Object 'Object Repository/VLink/Page_CCSale/txt_CVV' is present

2021-06-22 02:27:49 - [MESSAGE][PASSED] - Text '' is set on object 'Object Repository/VLink/Page_CCSale/txt_CVV'

2021-06-22 02:27:50 - [MESSAGE][PASSED] - Object 'Object Repository/VLink/Page_CCSale/txt_CVVstate' is present

2021-06-22 02:27:50 - [MESSAGE][PASSED] - Text '' is set on object 'Object Repository/VLink/Page_CCSale/txt_CVVstate'

2021-06-22 02:27:51 - [MESSAGE][PASSED] - Object 'Object Repository/VLink/Page_CCSale/txt_TrackData' is present

2021-06-22 02:27:51 - [MESSAGE][PASSED] - Text '' is set on object 'Object Repository/VLink/Page_CCSale/txt_TrackData'

2021-06-22 02:27:52 - [MESSAGE][PASSED] - Object 'Object Repository/VLink/Page_CCSale/txt_Track1Data' is present

2021-06-22 02:27:52 - [MESSAGE][PASSED] - Text '' is set on object 'Object Repository/VLink/Page_CCSale/txt_Track1Data'

2021-06-22 02:27:53 - [MESSAGE][PASSED] - Object 'Object Repository/VLink/Page_CCSale/txt_Track2Data' is present

2021-06-22 02:27:53 - [MESSAGE][PASSED] - Text '' is set on object 'Object Repository/VLink/Page_CCSale/txt_Track2Data'

2021-06-22 02:27:54 - [MESSAGE][PASSED] - Object 'Object Repository/VLink/Page_CCSale/txt_POSEntryMode' is present

2021-06-22 02:27:54 - [MESSAGE][PASSED] - Text '' is set on object 'Object Repository/VLink/Page_CCSale/txt_POSEntryMode'

2021-06-22 02:27:55 - [MESSAGE][PASSED] - Object 'Object Repository/VLink/Page_CCSale/txt_Email' is present

2021-06-22 02:27:55 - [MESSAGE][PASSED] - Text '' is set on object 'Object Repository/VLink/Page_CCSale/txt_Email'

2021-06-22 02:27:56 - [MESSAGE][PASSED] - Object 'Object Repository/VLink/Page_CCSale/txt_OrderNumber' is present

2021-06-22 02:27:56 - [MESSAGE][PASSED] - Text '' is set on object 'Object Repository/VLink/Page_CCSale/txt_OrderNumber'

2021-06-22 02:27:57 - [MESSAGE][PASSED] - Object 'Object Repository/VLink/Page_CCSale/txt_TaxAmount' is present

2021-06-22 02:27:57 - [MESSAGE][PASSED] - Text '' is set on object 'Object Repository/VLink/Page_CCSale/txt_TaxAmount'

2021-06-22 02:27:58 - [MESSAGE][PASSED] - Object 'Object Repository/VLink/Page_CCSale/txt_ChargeDescription' is present

2021-06-22 02:27:58 - [MESSAGE][PASSED] - Text '' is set on object 'Object Repository/VLink/Page_CCSale/txt_ChargeDescription'

2021-06-22 02:27:59 - [MESSAGE][PASSED] - Object 'Object Repository/VLink/Page_CCSale/txt_CAN' is present

2021-06-22 02:27:59 - [MESSAGE][PASSED] - Text '' is set on object 'Object Repository/VLink/Page_CCSale/txt_CAN'

2021-06-22 02:28:00 - [MESSAGE][PASSED] - Object 'Object Repository/VLink/Page_CCSale/txt_BillPaymentIndicator' is present

2021-06-22 02:28:00 - [MESSAGE][PASSED] - Text '' is set on object 'Object Repository/VLink/Page_CCSale/txt_BillPaymentIndicator'

2021-06-22 02:28:01 - [MESSAGE][PASSED] - Object 'Object Repository/VLink/Page_CCSale/txt_UDF1' is present

2021-06-22 02:28:01 - [MESSAGE][PASSED] - Text '' is set on object 'Object Repository/VLink/Page_CCSale/txt_UDF1'

2021-06-22 02:28:02 - [MESSAGE][PASSED] - Object 'Object Repository/VLink/Page_CCSale/txt_UDF2' is present

2021-06-22 02:28:02 - [MESSAGE][PASSED] - Text '' is set on object 'Object Repository/VLink/Page_CCSale/txt_UDF2'

2021-06-22 02:28:03 - [MESSAGE][PASSED] - Object 'Object Repository/VLink/Page_CCSale/txt_UDF3' is present

2021-06-22 02:28:03 - [MESSAGE][PASSED] - Text '' is set on object 'Object Repository/VLink/Page_CCSale/txt_UDF3'

2021-06-22 02:28:04 - [MESSAGE][PASSED] - Object 'Object Repository/VLink/Page_CCSale/txt_UDF4' is present

2021-06-22 02:28:04 - [MESSAGE][PASSED] - Text '' is set on object 'Object Repository/VLink/Page_CCSale/txt_UDF4'

2021-06-22 02:28:05 - [MESSAGE][PASSED] - Object 'Object Repository/VLink/Page_CCSale/txt_UDF5' is present

2021-06-22 02:28:05 - [MESSAGE][PASSED] - Text '' is set on object 'Object Repository/VLink/Page_CCSale/txt_UDF5'

2021-06-22 02:28:06 - [MESSAGE][PASSED] - Object 'Object Repository/VLink/Page_CCSale/txt_UDF6' is present

2021-06-22 02:28:06 - [MESSAGE][PASSED] - Text '' is set on object 'Object Repository/VLink/Page_CCSale/txt_UDF6'

2021-06-22 02:28:07 - [MESSAGE][PASSED] - Object 'Object Repository/VLink/Page_CCSale/txt_UDF7' is present

2021-06-22 02:28:07 - [MESSAGE][PASSED] - Text '' is set on object 'Object Repository/VLink/Page_CCSale/txt_UDF7'

2021-06-22 02:28:08 - [MESSAGE][PASSED] - Object 'Object Repository/VLink/Page_CCSale/txt_UDF8' is present

2021-06-22 02:28:08 - [MESSAGE][PASSED] - Text '' is set on object 'Object Repository/VLink/Page_CCSale/txt_UDF8'

2021-06-22 02:28:09 - [MESSAGE][PASSED] - Object 'Object Repository/VLink/Page_CCSale/txt_UDF9' is present

2021-06-22 02:28:09 - [MESSAGE][PASSED] - Text '' is set on object 'Object Repository/VLink/Page_CCSale/txt_UDF9'

2021-06-22 02:28:10 - [MESSAGE][PASSED] - Object 'Object Repository/VLink/Page_CCSale/txt_UDF10' is present

2021-06-22 02:28:10 - [MESSAGE][PASSED] - Text '' is set on object 'Object Repository/VLink/Page_CCSale/txt_UDF10'

2021-06-22 02:28:11 - [MESSAGE][PASSED] - Object 'Object Repository/VLink/Page_CCSale/txt_CardOnFileIndicator' is present

2021-06-22 02:28:11 - [MESSAGE][PASSED] - Text '' is set on object 'Object Repository/VLink/Page_CCSale/txt_CardOnFileIndicator'

2021-06-22 02:28:12 - [MESSAGE][PASSED] - Object 'Object Repository/VLink/Page_CCSale/txt_StoredCredentialIndicator' is present

2021-06-22 02:28:12 - [MESSAGE][PASSED] - Text '' is set on object 'Object Repository/VLink/Page_CCSale/txt_StoredCredentialIndicator'

2021-06-22 02:28:13 - [MESSAGE][PASSED] - Object 'Object Repository/VLink/Page_CCSale/txt_COFScheduledIndicator' is present

2021-06-22 02:28:13 - [MESSAGE][PASSED] - Text '' is set on object 'Object Repository/VLink/Page_CCSale/txt_COFScheduledIndicator'

2021-06-22 02:28:14 - [MESSAGE][PASSED] - Object 'Object Repository/VLink/Page_CCSale/txt_COFTransactionInitiatedBy' is present

2021-06-22 02:28:14 - [MESSAGE][PASSED] - Text '' is set on object 'Object Repository/VLink/Page_CCSale/txt_COFTransactionInitiatedBy'

2021-06-22 02:28:17 - [MESSAGE][PASSED] - Object: 'Object Repository/VLink/Page_CCSale/btn_ProcessVLinkTransaction' is clicked on

2021-06-22 02:28:22 - [MESSAGE][PASSED] - vlinkPages.saleCCPage.setDataSCC is PASSED

2021-06-22 02:28:22 - [TEST_STEP][FAILED] - if (verifyTextPresent("Transaction approved, no errors", true)): Text 'Transaction approved, no errors' is not present on page  using regular expression (Root cause: com.kms.katalon.core.exception.StepFailedException: Text 'Transaction approved, no errors' is not present on page  using regular expression
	at com.kms.katalon.core.webui.keyword.internal.WebUIKeywordMain.stepFailed(WebUIKeywordMain.groovy:64)
	at com.kms.katalon.core.webui.keyword.builtin.VerifyTextPresentKeyword$_verifyTextPresent_closure1.doCall(VerifyTextPresentKeyword.groovy:79)
	at com.kms.katalon.core.webui.keyword.builtin.VerifyTextPresentKeyword$_verifyTextPresent_closure1.call(VerifyTextPresentKeyword.groovy)
	at com.kms.katalon.core.webui.keyword.internal.WebUIKeywordMain.runKeyword(WebUIKeywordMain.groovy:20)
	at com.kms.katalon.core.webui.keyword.builtin.VerifyTextPresentKeyword.verifyTextPresent(VerifyTextPresentKeyword.groovy:83)
	at com.kms.katalon.core.webui.keyword.builtin.VerifyTextPresentKeyword.execute(VerifyTextPresentKeyword.groovy:68)
	at com.kms.katalon.core.keyword.internal.KeywordExecutor.executeKeywordForPlatform(KeywordExecutor.groovy:72)
	at com.kms.katalon.core.webui.keyword.WebUiBuiltInKeywords.verifyTextPresent(WebUiBuiltInKeywords.groovy:1719)
	at com.kms.katalon.core.webui.keyword.WebUiBuiltInKeywords$verifyTextPresent$4.call(Unknown Source)
	at VLinkSale-Successful.run(VLinkSale-Successful:76)
	at com.kms.katalon.core.main.ScriptEngine.run(ScriptEngine.java:194)
	at com.kms.katalon.core.main.ScriptEngine.runScriptAsRawText(ScriptEngine.java:119)
	at com.kms.katalon.core.main.TestCaseExecutor.runScript(TestCaseExecutor.java:337)
	at com.kms.katalon.core.main.TestCaseExecutor.doExecute(TestCaseExecutor.java:328)
	at com.kms.katalon.core.main.TestCaseExecutor.processExecutionPhase(TestCaseExecutor.java:307)
	at com.kms.katalon.core.main.TestCaseExecutor.accessMainPhase(TestCaseExecutor.java:299)
	at com.kms.katalon.core.main.TestCaseExecutor.execute(TestCaseExecutor.java:233)
	at com.kms.katalon.core.main.TestSuiteExecutor.accessTestCaseMainPhase(TestSuiteExecutor.java:169)
	at com.kms.katalon.core.main.TestSuiteExecutor.accessTestSuiteMainPhase(TestSuiteExecutor.java:142)
	at com.kms.katalon.core.main.TestSuiteExecutor.execute(TestSuiteExecutor.java:91)
	at com.kms.katalon.core.main.TestCaseMain.startTestSuite(TestCaseMain.java:157)
	at com.kms.katalon.core.main.TestCaseMain$startTestSuite$0.call(Unknown Source)
	at TempTestSuite1624337272106.run(TempTestSuite1624337272106.groovy:37)
)

2021-06-22 02:28:22 - [MESSAGE][FAILED] - Text 'Transaction approved, no errors' is not present on page  using regular expression (Root cause: com.kms.katalon.core.exception.StepFailedException: Text 'Transaction approved, no errors' is not present on page  using regular expression
	at com.kms.katalon.core.webui.keyword.internal.WebUIKeywordMain.stepFailed(WebUIKeywordMain.groovy:64)
	at com.kms.katalon.core.webui.keyword.builtin.VerifyTextPresentKeyword$_verifyTextPresent_closure1.doCall(VerifyTextPresentKeyword.groovy:79)
	at com.kms.katalon.core.webui.keyword.builtin.VerifyTextPresentKeyword$_verifyTextPresent_closure1.call(VerifyTextPresentKeyword.groovy)
	at com.kms.katalon.core.webui.keyword.internal.WebUIKeywordMain.runKeyword(WebUIKeywordMain.groovy:20)
	at com.kms.katalon.core.webui.keyword.builtin.VerifyTextPresentKeyword.verifyTextPresent(VerifyTextPresentKeyword.groovy:83)
	at com.kms.katalon.core.webui.keyword.builtin.VerifyTextPresentKeyword.execute(VerifyTextPresentKeyword.groovy:68)
	at com.kms.katalon.core.keyword.internal.KeywordExecutor.executeKeywordForPlatform(KeywordExecutor.groovy:72)
	at com.kms.katalon.core.webui.keyword.WebUiBuiltInKeywords.verifyTextPresent(WebUiBuiltInKeywords.groovy:1719)
	at com.kms.katalon.core.webui.keyword.WebUiBuiltInKeywords$verifyTextPresent$4.call(Unknown Source)
	at VLinkSale-Successful.run(VLinkSale-Successful:76)
	at com.kms.katalon.core.main.ScriptEngine.run(ScriptEngine.java:194)
	at com.kms.katalon.core.main.ScriptEngine.runScriptAsRawText(ScriptEngine.java:119)
	at com.kms.katalon.core.main.TestCaseExecutor.runScript(TestCaseExecutor.java:337)
	at com.kms.katalon.core.main.TestCaseExecutor.doExecute(TestCaseExecutor.java:328)
	at com.kms.katalon.core.main.TestCaseExecutor.processExecutionPhase(TestCaseExecutor.java:307)
	at com.kms.katalon.core.main.TestCaseExecutor.accessMainPhase(TestCaseExecutor.java:299)
	at com.kms.katalon.core.main.TestCaseExecutor.execute(TestCaseExecutor.java:233)
	at com.kms.katalon.core.main.TestSuiteExecutor.accessTestCaseMainPhase(TestSuiteExecutor.java:169)
	at com.kms.katalon.core.main.TestSuiteExecutor.accessTestSuiteMainPhase(TestSuiteExecutor.java:142)
	at com.kms.katalon.core.main.TestSuiteExecutor.execute(TestSuiteExecutor.java:91)
	at com.kms.katalon.core.main.TestCaseMain.startTestSuite(TestCaseMain.java:157)
	at com.kms.katalon.core.main.TestCaseMain$startTestSuite$0.call(Unknown Source)
	at TempTestSuite1624337272106.run(TempTestSuite1624337272106.groovy:37)
)

2021-06-22 02:28:22 - [TEST_STEP][PASSED] - else: pages.WriteExcel.demoKey is PASSED

2021-06-22 02:28:22 - [TEST_STEP][PASSED] - println("Transaction Approved, no errors text is not present on the Confirmation page"): null

2021-06-22 02:28:22 - [TEST_STEP][PASSED] - out.println("Fail Record Number: " + row): null

2021-06-22 02:28:22 - [TEST_STEP][PASSED] - resText = "Fail": null

2021-06-22 02:28:22 - [TEST_STEP][PASSED] - pages.WriteExcel.demoKey(resText, datText, resColumn, datCloumn, fileLoc, nameSheet, row): pages.WriteExcel.demoKey is PASSED

2021-06-22 02:28:22 - [MESSAGE][PASSED] - pages.WriteExcel.demoKey is PASSED

2021-06-22 02:28:22 - [TEST_STEP][PASSED] - sdfo = getText(findTestObject("Object Repository/Page_VLinkReceipt/pre_STX")): Text of object 'Object Repository/Page_VLinkReceipt/pre_STX' is: '<STX>N1s6kphGihrc                  12098429            2  Transaction failed                                105Processor reported error                                                        U          <ETX>'

2021-06-22 02:28:23 - [MESSAGE][PASSED] - Text of object 'Object Repository/Page_VLinkReceipt/pre_STX' is: '<STX>N1s6kphGihrc                  12098429            2  Transaction failed                                105Processor reported error                                                        U          <ETX>'

2021-06-22 02:28:23 - [TEST_STEP][PASSED] - out.println("sdfo: " + sdfo): null

2021-06-22 02:28:23 - [TEST_STEP][PASSED] - remID = substring(5, 35).trim(): null

2021-06-22 02:28:23 - [TEST_STEP][PASSED] - out.println("Remittance ID: " + remID): null

2021-06-22 02:28:23 - [TEST_STEP][PASSED] - traxID = substring(35, 55).trim(): null

2021-06-22 02:28:23 - [TEST_STEP][PASSED] - out.println("Transaction ID: " + traxID): null

2021-06-22 02:28:23 - [TEST_STEP][PASSED] - out.println("End Record Number: " + row): null

2021-06-22 02:28:23 - [TEST_STEP][PASSED] - closeBrowser(): Browser is closed

2021-06-22 02:28:23 - [MESSAGE][PASSED] - Browser is closed

2021-06-22 02:28:23 - [TEST_STEP][PASSED] - out.println("Begin Record Number: " + row): null

2021-06-22 02:28:23 - [TEST_STEP][PASSED] - today = new java.util.Date(): null

2021-06-22 02:28:23 - [TEST_STEP][PASSED] - println(today): null

2021-06-22 02:28:23 - [TEST_STEP][PASSED] - datText = today: null

2021-06-22 02:28:23 - [TEST_STEP][PASSED] - openBrowser(VLinkURL + "authcap.html"): Browser is opened with url: 'https://dev-algorithm.govolution.com/vlinktest/QA/version_2_0/authcap.html'

2021-06-22 02:28:23 - [MESSAGE][INFO] - Starting 'Chrome' driver

2021-06-22 02:28:23 - [MESSAGE][INFO] - User set preference: ['acceptInsecureCerts', 'true']

2021-06-22 02:28:23 - [MESSAGE][INFO] - Action delay is set to 0 milliseconds

2021-06-22 02:28:25 - [MESSAGE][PASSED] - Browser is opened with url: 'https://dev-algorithm.govolution.com/vlinktest/QA/version_2_0/authcap.html'

2021-06-22 02:28:25 - [TEST_STEP][PASSED] - maximizeWindow(): Current window maximized

2021-06-22 02:28:25 - [MESSAGE][PASSED] - Current window maximized

2021-06-22 02:28:25 - [TEST_STEP][PASSED] - vlinkPages.saleCCPage.setDataSCC(row, dataFile): vlinkPages.saleCCPage.setDataSCC is PASSED

2021-06-22 02:28:27 - [MESSAGE][PASSED] - Object 'Object Repository/VLink/Page_CCSale/txt_CardNumber' is present

2021-06-22 02:28:28 - [MESSAGE][PASSED] - Object 'Object Repository/VLink/Page_CCSale/txt_TransactionType' is present

2021-06-22 02:28:28 - [MESSAGE][PASSED] - Text '104' is set on object 'Object Repository/VLink/Page_CCSale/txt_TransactionType'

2021-06-22 02:28:29 - [MESSAGE][PASSED] - Object 'Object Repository/VLink/Page_CCSale/txt_MessageVersion' is present

2021-06-22 02:28:29 - [MESSAGE][PASSED] - Text '2.0C' is set on object 'Object Repository/VLink/Page_CCSale/txt_MessageVersion'

2021-06-22 02:28:29 - [MESSAGE][PASSED] - Object 'Object Repository/VLink/Page_CCSale/txt_RemID' is present

2021-06-22 02:28:30 - [MESSAGE][PASSED] - Text '4F2cK62LEEFl' is set on object 'Object Repository/VLink/Page_CCSale/txt_RemID'

2021-06-22 02:28:30 - [MESSAGE][PASSED] - Object 'Object Repository/VLink/Page_CCSale/txt_ApplicationId' is present

2021-06-22 02:28:31 - [MESSAGE][PASSED] - Text '671' is set on object 'Object Repository/VLink/Page_CCSale/txt_ApplicationId'

2021-06-22 02:28:31 - [MESSAGE][PASSED] - Object 'Object Repository/VLink/Page_CCSale/txt_Username' is present

2021-06-22 02:28:32 - [MESSAGE][PASSED] - Text 'username' is set on object 'Object Repository/VLink/Page_CCSale/txt_Username'

2021-06-22 02:28:32 - [MESSAGE][PASSED] - Object 'Object Repository/VLink/Page_CCSale/txt_Password' is present

2021-06-22 02:28:33 - [MESSAGE][PASSED] - Text 'password' is set on object 'Object Repository/VLink/Page_CCSale/txt_Password'

2021-06-22 02:28:33 - [MESSAGE][PASSED] - Object 'Object Repository/VLink/Page_CCSale/txt_ResponseFormat' is present

2021-06-22 02:28:34 - [MESSAGE][PASSED] - Text 'fixed_width' is set on object 'Object Repository/VLink/Page_CCSale/txt_ResponseFormat'

2021-06-22 02:28:34 - [MESSAGE][PASSED] - Object 'Object Repository/VLink/Page_CCSale/txt_Category' is present

2021-06-22 02:28:35 - [MESSAGE][PASSED] - Text 'RETL' is set on object 'Object Repository/VLink/Page_CCSale/txt_Category'

2021-06-22 02:28:35 - [MESSAGE][PASSED] - Object 'Object Repository/VLink/Page_CCSale/txt_TransactionID' is present

2021-06-22 02:28:36 - [MESSAGE][PASSED] - Text '' is set on object 'Object Repository/VLink/Page_CCSale/txt_TransactionID'

2021-06-22 02:28:36 - [MESSAGE][PASSED] - Object 'Object Repository/VLink/Page_CCSale/txt_ApprovalCode' is present

2021-06-22 02:28:37 - [MESSAGE][PASSED] - Text '' is set on object 'Object Repository/VLink/Page_CCSale/txt_ApprovalCode'

2021-06-22 02:28:37 - [MESSAGE][PASSED] - Object 'Object Repository/VLink/Page_CCSale/txt_CardName' is present

2021-06-22 02:28:38 - [MESSAGE][PASSED] - Text 'Roshan Maha' is set on object 'Object Repository/VLink/Page_CCSale/txt_CardName'

2021-06-22 02:28:38 - [MESSAGE][PASSED] - Object 'Object Repository/VLink/Page_CCSale/txt_AL1' is present

2021-06-22 02:28:39 - [MESSAGE][PASSED] - Text '12563 Bazaar road' is set on object 'Object Repository/VLink/Page_CCSale/txt_AL1'

2021-06-22 02:28:39 - [MESSAGE][PASSED] - Object 'Object Repository/VLink/Page_CCSale/txt_AL2' is present

2021-06-22 02:28:40 - [MESSAGE][PASSED] - Text '' is set on object 'Object Repository/VLink/Page_CCSale/txt_AL2'

2021-06-22 02:28:40 - [MESSAGE][PASSED] - Object 'Object Repository/VLink/Page_CCSale/txt_CardCity' is present

2021-06-22 02:28:41 - [MESSAGE][PASSED] - Text '' is set on object 'Object Repository/VLink/Page_CCSale/txt_CardCity'

2021-06-22 02:28:41 - [MESSAGE][PASSED] - Object 'Object Repository/VLink/Page_CCSale/txt_CardState' is present

2021-06-22 02:28:42 - [MESSAGE][PASSED] - Text '' is set on object 'Object Repository/VLink/Page_CCSale/txt_CardState'

2021-06-22 02:28:42 - [MESSAGE][PASSED] - Object 'Object Repository/VLink/Page_CCSale/txt_CardZIP' is present

2021-06-22 02:28:43 - [MESSAGE][PASSED] - Text '21114' is set on object 'Object Repository/VLink/Page_CCSale/txt_CardZIP'

2021-06-22 02:28:43 - [MESSAGE][PASSED] - Object 'Object Repository/VLink/Page_CCSale/txt_CountryID' is present

2021-06-22 02:28:44 - [MESSAGE][PASSED] - Text '' is set on object 'Object Repository/VLink/Page_CCSale/txt_CountryID'

2021-06-22 02:28:44 - [MESSAGE][PASSED] - Object 'Object Repository/VLink/Page_CCSale/txt_Amount' is present

2021-06-22 02:28:45 - [MESSAGE][PASSED] - Text '3.50' is set on object 'Object Repository/VLink/Page_CCSale/txt_Amount'

2021-06-22 02:28:45 - [MESSAGE][PASSED] - Object 'Object Repository/VLink/Page_CCSale/txt_CardNumber' is present

2021-06-22 02:28:46 - [MESSAGE][PASSED] - Text '4111111111111111' is set on object 'Object Repository/VLink/Page_CCSale/txt_CardNumber'

2021-06-22 02:28:46 - [MESSAGE][PASSED] - Object 'Object Repository/VLink/Page_CCSale/txt_ExpMonth' is present

2021-06-22 02:28:47 - [MESSAGE][PASSED] - Text '01' is set on object 'Object Repository/VLink/Page_CCSale/txt_ExpMonth'

2021-06-22 02:28:47 - [MESSAGE][PASSED] - Object 'Object Repository/VLink/Page_CCSale/txt_ExpYear' is present

2021-06-22 02:28:48 - [MESSAGE][PASSED] - Text '2026' is set on object 'Object Repository/VLink/Page_CCSale/txt_ExpYear'

2021-06-22 02:28:48 - [MESSAGE][PASSED] - Object 'Object Repository/VLink/Page_CCSale/txt_CVV' is present

2021-06-22 02:28:49 - [MESSAGE][PASSED] - Text '' is set on object 'Object Repository/VLink/Page_CCSale/txt_CVV'

2021-06-22 02:28:49 - [MESSAGE][PASSED] - Object 'Object Repository/VLink/Page_CCSale/txt_CVVstate' is present

2021-06-22 02:28:50 - [MESSAGE][PASSED] - Text '' is set on object 'Object Repository/VLink/Page_CCSale/txt_CVVstate'

2021-06-22 02:28:50 - [MESSAGE][PASSED] - Object 'Object Repository/VLink/Page_CCSale/txt_TrackData' is present

2021-06-22 02:28:51 - [MESSAGE][PASSED] - Text '' is set on object 'Object Repository/VLink/Page_CCSale/txt_TrackData'

2021-06-22 02:28:51 - [MESSAGE][PASSED] - Object 'Object Repository/VLink/Page_CCSale/txt_Track1Data' is present

2021-06-22 02:28:52 - [MESSAGE][PASSED] - Text '' is set on object 'Object Repository/VLink/Page_CCSale/txt_Track1Data'

2021-06-22 02:28:52 - [MESSAGE][PASSED] - Object 'Object Repository/VLink/Page_CCSale/txt_Track2Data' is present

2021-06-22 02:28:53 - [MESSAGE][PASSED] - Text '' is set on object 'Object Repository/VLink/Page_CCSale/txt_Track2Data'

2021-06-22 02:28:53 - [MESSAGE][PASSED] - Object 'Object Repository/VLink/Page_CCSale/txt_POSEntryMode' is present

2021-06-22 02:28:54 - [MESSAGE][PASSED] - Text '' is set on object 'Object Repository/VLink/Page_CCSale/txt_POSEntryMode'

2021-06-22 02:28:54 - [MESSAGE][PASSED] - Object 'Object Repository/VLink/Page_CCSale/txt_Email' is present

2021-06-22 02:28:55 - [MESSAGE][PASSED] - Text '' is set on object 'Object Repository/VLink/Page_CCSale/txt_Email'

2021-06-22 02:28:55 - [MESSAGE][PASSED] - Object 'Object Repository/VLink/Page_CCSale/txt_OrderNumber' is present

2021-06-22 02:28:56 - [MESSAGE][PASSED] - Text '' is set on object 'Object Repository/VLink/Page_CCSale/txt_OrderNumber'

2021-06-22 02:28:56 - [MESSAGE][PASSED] - Object 'Object Repository/VLink/Page_CCSale/txt_TaxAmount' is present

2021-06-22 02:28:57 - [MESSAGE][PASSED] - Text '' is set on object 'Object Repository/VLink/Page_CCSale/txt_TaxAmount'

2021-06-22 02:28:57 - [MESSAGE][PASSED] - Object 'Object Repository/VLink/Page_CCSale/txt_ChargeDescription' is present

2021-06-22 02:28:58 - [MESSAGE][PASSED] - Text '' is set on object 'Object Repository/VLink/Page_CCSale/txt_ChargeDescription'

2021-06-22 02:28:58 - [MESSAGE][PASSED] - Object 'Object Repository/VLink/Page_CCSale/txt_CAN' is present

2021-06-22 02:28:59 - [MESSAGE][PASSED] - Text '' is set on object 'Object Repository/VLink/Page_CCSale/txt_CAN'

2021-06-22 02:28:59 - [MESSAGE][PASSED] - Object 'Object Repository/VLink/Page_CCSale/txt_BillPaymentIndicator' is present

2021-06-22 02:29:00 - [MESSAGE][PASSED] - Text '' is set on object 'Object Repository/VLink/Page_CCSale/txt_BillPaymentIndicator'

2021-06-22 02:29:00 - [MESSAGE][PASSED] - Object 'Object Repository/VLink/Page_CCSale/txt_UDF1' is present

2021-06-22 02:29:01 - [MESSAGE][PASSED] - Text '' is set on object 'Object Repository/VLink/Page_CCSale/txt_UDF1'

2021-06-22 02:29:01 - [MESSAGE][PASSED] - Object 'Object Repository/VLink/Page_CCSale/txt_UDF2' is present

2021-06-22 02:29:02 - [MESSAGE][PASSED] - Text '' is set on object 'Object Repository/VLink/Page_CCSale/txt_UDF2'

2021-06-22 02:29:02 - [MESSAGE][PASSED] - Object 'Object Repository/VLink/Page_CCSale/txt_UDF3' is present

2021-06-22 02:29:03 - [MESSAGE][PASSED] - Text '' is set on object 'Object Repository/VLink/Page_CCSale/txt_UDF3'

2021-06-22 02:29:03 - [MESSAGE][PASSED] - Object 'Object Repository/VLink/Page_CCSale/txt_UDF4' is present

2021-06-22 02:29:04 - [MESSAGE][PASSED] - Text '' is set on object 'Object Repository/VLink/Page_CCSale/txt_UDF4'

2021-06-22 02:29:04 - [MESSAGE][PASSED] - Object 'Object Repository/VLink/Page_CCSale/txt_UDF5' is present

2021-06-22 02:29:05 - [MESSAGE][PASSED] - Text '' is set on object 'Object Repository/VLink/Page_CCSale/txt_UDF5'

2021-06-22 02:29:05 - [MESSAGE][PASSED] - Object 'Object Repository/VLink/Page_CCSale/txt_UDF6' is present

2021-06-22 02:29:06 - [MESSAGE][PASSED] - Text '' is set on object 'Object Repository/VLink/Page_CCSale/txt_UDF6'

2021-06-22 02:29:06 - [MESSAGE][PASSED] - Object 'Object Repository/VLink/Page_CCSale/txt_UDF7' is present

2021-06-22 02:29:07 - [MESSAGE][PASSED] - Text '' is set on object 'Object Repository/VLink/Page_CCSale/txt_UDF7'

2021-06-22 02:29:07 - [MESSAGE][PASSED] - Object 'Object Repository/VLink/Page_CCSale/txt_UDF8' is present

2021-06-22 02:29:08 - [MESSAGE][PASSED] - Text '' is set on object 'Object Repository/VLink/Page_CCSale/txt_UDF8'

2021-06-22 02:29:08 - [MESSAGE][PASSED] - Object 'Object Repository/VLink/Page_CCSale/txt_UDF9' is present

2021-06-22 02:29:09 - [MESSAGE][PASSED] - Text '' is set on object 'Object Repository/VLink/Page_CCSale/txt_UDF9'

2021-06-22 02:29:09 - [MESSAGE][PASSED] - Object 'Object Repository/VLink/Page_CCSale/txt_UDF10' is present

2021-06-22 02:29:10 - [MESSAGE][PASSED] - Text '' is set on object 'Object Repository/VLink/Page_CCSale/txt_UDF10'

2021-06-22 02:29:10 - [MESSAGE][PASSED] - Object 'Object Repository/VLink/Page_CCSale/txt_CardOnFileIndicator' is present

2021-06-22 02:29:11 - [MESSAGE][PASSED] - Text '' is set on object 'Object Repository/VLink/Page_CCSale/txt_CardOnFileIndicator'

2021-06-22 02:29:11 - [MESSAGE][PASSED] - Object 'Object Repository/VLink/Page_CCSale/txt_StoredCredentialIndicator' is present

2021-06-22 02:29:12 - [MESSAGE][PASSED] - Text '' is set on object 'Object Repository/VLink/Page_CCSale/txt_StoredCredentialIndicator'

2021-06-22 02:29:12 - [MESSAGE][PASSED] - Object 'Object Repository/VLink/Page_CCSale/txt_COFScheduledIndicator' is present

2021-06-22 02:29:13 - [MESSAGE][PASSED] - Text '' is set on object 'Object Repository/VLink/Page_CCSale/txt_COFScheduledIndicator'

2021-06-22 02:29:13 - [MESSAGE][PASSED] - Object 'Object Repository/VLink/Page_CCSale/txt_COFTransactionInitiatedBy' is present

2021-06-22 02:29:14 - [MESSAGE][PASSED] - Text '' is set on object 'Object Repository/VLink/Page_CCSale/txt_COFTransactionInitiatedBy'

2021-06-22 02:29:16 - [MESSAGE][PASSED] - Object: 'Object Repository/VLink/Page_CCSale/btn_ProcessVLinkTransaction' is clicked on

2021-06-22 02:29:21 - [MESSAGE][PASSED] - vlinkPages.saleCCPage.setDataSCC is PASSED

2021-06-22 02:29:21 - [TEST_STEP][FAILED] - if (verifyTextPresent("Transaction approved, no errors", true)): Text 'Transaction approved, no errors' is not present on page  using regular expression (Root cause: com.kms.katalon.core.exception.StepFailedException: Text 'Transaction approved, no errors' is not present on page  using regular expression
	at com.kms.katalon.core.webui.keyword.internal.WebUIKeywordMain.stepFailed(WebUIKeywordMain.groovy:64)
	at com.kms.katalon.core.webui.keyword.builtin.VerifyTextPresentKeyword$_verifyTextPresent_closure1.doCall(VerifyTextPresentKeyword.groovy:79)
	at com.kms.katalon.core.webui.keyword.builtin.VerifyTextPresentKeyword$_verifyTextPresent_closure1.call(VerifyTextPresentKeyword.groovy)
	at com.kms.katalon.core.webui.keyword.internal.WebUIKeywordMain.runKeyword(WebUIKeywordMain.groovy:20)
	at com.kms.katalon.core.webui.keyword.builtin.VerifyTextPresentKeyword.verifyTextPresent(VerifyTextPresentKeyword.groovy:83)
	at com.kms.katalon.core.webui.keyword.builtin.VerifyTextPresentKeyword.execute(VerifyTextPresentKeyword.groovy:68)
	at com.kms.katalon.core.keyword.internal.KeywordExecutor.executeKeywordForPlatform(KeywordExecutor.groovy:72)
	at com.kms.katalon.core.webui.keyword.WebUiBuiltInKeywords.verifyTextPresent(WebUiBuiltInKeywords.groovy:1719)
	at com.kms.katalon.core.webui.keyword.WebUiBuiltInKeywords$verifyTextPresent$4.call(Unknown Source)
	at VLinkSale-Successful.run(VLinkSale-Successful:76)
	at com.kms.katalon.core.main.ScriptEngine.run(ScriptEngine.java:194)
	at com.kms.katalon.core.main.ScriptEngine.runScriptAsRawText(ScriptEngine.java:119)
	at com.kms.katalon.core.main.TestCaseExecutor.runScript(TestCaseExecutor.java:337)
	at com.kms.katalon.core.main.TestCaseExecutor.doExecute(TestCaseExecutor.java:328)
	at com.kms.katalon.core.main.TestCaseExecutor.processExecutionPhase(TestCaseExecutor.java:307)
	at com.kms.katalon.core.main.TestCaseExecutor.accessMainPhase(TestCaseExecutor.java:299)
	at com.kms.katalon.core.main.TestCaseExecutor.execute(TestCaseExecutor.java:233)
	at com.kms.katalon.core.main.TestSuiteExecutor.accessTestCaseMainPhase(TestSuiteExecutor.java:169)
	at com.kms.katalon.core.main.TestSuiteExecutor.accessTestSuiteMainPhase(TestSuiteExecutor.java:142)
	at com.kms.katalon.core.main.TestSuiteExecutor.execute(TestSuiteExecutor.java:91)
	at com.kms.katalon.core.main.TestCaseMain.startTestSuite(TestCaseMain.java:157)
	at com.kms.katalon.core.main.TestCaseMain$startTestSuite$0.call(Unknown Source)
	at TempTestSuite1624337272106.run(TempTestSuite1624337272106.groovy:37)
)

2021-06-22 02:29:22 - [MESSAGE][FAILED] - Text 'Transaction approved, no errors' is not present on page  using regular expression (Root cause: com.kms.katalon.core.exception.StepFailedException: Text 'Transaction approved, no errors' is not present on page  using regular expression
	at com.kms.katalon.core.webui.keyword.internal.WebUIKeywordMain.stepFailed(WebUIKeywordMain.groovy:64)
	at com.kms.katalon.core.webui.keyword.builtin.VerifyTextPresentKeyword$_verifyTextPresent_closure1.doCall(VerifyTextPresentKeyword.groovy:79)
	at com.kms.katalon.core.webui.keyword.builtin.VerifyTextPresentKeyword$_verifyTextPresent_closure1.call(VerifyTextPresentKeyword.groovy)
	at com.kms.katalon.core.webui.keyword.internal.WebUIKeywordMain.runKeyword(WebUIKeywordMain.groovy:20)
	at com.kms.katalon.core.webui.keyword.builtin.VerifyTextPresentKeyword.verifyTextPresent(VerifyTextPresentKeyword.groovy:83)
	at com.kms.katalon.core.webui.keyword.builtin.VerifyTextPresentKeyword.execute(VerifyTextPresentKeyword.groovy:68)
	at com.kms.katalon.core.keyword.internal.KeywordExecutor.executeKeywordForPlatform(KeywordExecutor.groovy:72)
	at com.kms.katalon.core.webui.keyword.WebUiBuiltInKeywords.verifyTextPresent(WebUiBuiltInKeywords.groovy:1719)
	at com.kms.katalon.core.webui.keyword.WebUiBuiltInKeywords$verifyTextPresent$4.call(Unknown Source)
	at VLinkSale-Successful.run(VLinkSale-Successful:76)
	at com.kms.katalon.core.main.ScriptEngine.run(ScriptEngine.java:194)
	at com.kms.katalon.core.main.ScriptEngine.runScriptAsRawText(ScriptEngine.java:119)
	at com.kms.katalon.core.main.TestCaseExecutor.runScript(TestCaseExecutor.java:337)
	at com.kms.katalon.core.main.TestCaseExecutor.doExecute(TestCaseExecutor.java:328)
	at com.kms.katalon.core.main.TestCaseExecutor.processExecutionPhase(TestCaseExecutor.java:307)
	at com.kms.katalon.core.main.TestCaseExecutor.accessMainPhase(TestCaseExecutor.java:299)
	at com.kms.katalon.core.main.TestCaseExecutor.execute(TestCaseExecutor.java:233)
	at com.kms.katalon.core.main.TestSuiteExecutor.accessTestCaseMainPhase(TestSuiteExecutor.java:169)
	at com.kms.katalon.core.main.TestSuiteExecutor.accessTestSuiteMainPhase(TestSuiteExecutor.java:142)
	at com.kms.katalon.core.main.TestSuiteExecutor.execute(TestSuiteExecutor.java:91)
	at com.kms.katalon.core.main.TestCaseMain.startTestSuite(TestCaseMain.java:157)
	at com.kms.katalon.core.main.TestCaseMain$startTestSuite$0.call(Unknown Source)
	at TempTestSuite1624337272106.run(TempTestSuite1624337272106.groovy:37)
)

2021-06-22 02:29:22 - [TEST_STEP][PASSED] - else: pages.WriteExcel.demoKey is PASSED

2021-06-22 02:29:22 - [TEST_STEP][PASSED] - println("Transaction Approved, no errors text is not present on the Confirmation page"): null

2021-06-22 02:29:22 - [TEST_STEP][PASSED] - out.println("Fail Record Number: " + row): null

2021-06-22 02:29:22 - [TEST_STEP][PASSED] - resText = "Fail": null

2021-06-22 02:29:22 - [TEST_STEP][PASSED] - pages.WriteExcel.demoKey(resText, datText, resColumn, datCloumn, fileLoc, nameSheet, row): pages.WriteExcel.demoKey is PASSED

2021-06-22 02:29:22 - [MESSAGE][PASSED] - pages.WriteExcel.demoKey is PASSED

2021-06-22 02:29:22 - [TEST_STEP][PASSED] - sdfo = getText(findTestObject("Object Repository/Page_VLinkReceipt/pre_STX")): Text of object 'Object Repository/Page_VLinkReceipt/pre_STX' is: '<STX>4F2cK62LEEFl                  12098430            2  Transaction failed                                105Processor reported error                                                        U          <ETX>'

2021-06-22 02:29:22 - [MESSAGE][PASSED] - Text of object 'Object Repository/Page_VLinkReceipt/pre_STX' is: '<STX>4F2cK62LEEFl                  12098430            2  Transaction failed                                105Processor reported error                                                        U          <ETX>'

2021-06-22 02:29:22 - [TEST_STEP][PASSED] - out.println("sdfo: " + sdfo): null

2021-06-22 02:29:22 - [TEST_STEP][PASSED] - remID = substring(5, 35).trim(): null

2021-06-22 02:29:22 - [TEST_STEP][PASSED] - out.println("Remittance ID: " + remID): null

2021-06-22 02:29:22 - [TEST_STEP][PASSED] - traxID = substring(35, 55).trim(): null

2021-06-22 02:29:22 - [TEST_STEP][PASSED] - out.println("Transaction ID: " + traxID): null

2021-06-22 02:29:22 - [TEST_STEP][PASSED] - out.println("End Record Number: " + row): null

2021-06-22 02:29:22 - [TEST_STEP][PASSED] - closeBrowser(): Browser is closed

2021-06-22 02:29:23 - [MESSAGE][PASSED] - Browser is closed

2021-06-22 02:29:23 - [TEST_STEP][PASSED] - out.println("Begin Record Number: " + row): null

2021-06-22 02:29:23 - [TEST_STEP][PASSED] - today = new java.util.Date(): null

2021-06-22 02:29:23 - [TEST_STEP][PASSED] - println(today): null

2021-06-22 02:29:23 - [TEST_STEP][PASSED] - datText = today: null

2021-06-22 02:29:23 - [TEST_STEP][PASSED] - openBrowser(VLinkURL + "authcap.html"): Browser is opened with url: 'https://dev-algorithm.govolution.com/vlinktest/QA/version_2_0/authcap.html'

2021-06-22 02:29:23 - [MESSAGE][INFO] - Starting 'Chrome' driver

2021-06-22 02:29:23 - [MESSAGE][INFO] - User set preference: ['acceptInsecureCerts', 'true']

2021-06-22 02:29:23 - [MESSAGE][INFO] - Action delay is set to 0 milliseconds

2021-06-22 02:29:25 - [MESSAGE][PASSED] - Browser is opened with url: 'https://dev-algorithm.govolution.com/vlinktest/QA/version_2_0/authcap.html'

2021-06-22 02:29:25 - [TEST_STEP][PASSED] - maximizeWindow(): Current window maximized

2021-06-22 02:29:25 - [MESSAGE][PASSED] - Current window maximized

2021-06-22 02:29:25 - [TEST_STEP][PASSED] - vlinkPages.saleCCPage.setDataSCC(row, dataFile): vlinkPages.saleCCPage.setDataSCC is PASSED

2021-06-22 02:29:27 - [MESSAGE][PASSED] - Object 'Object Repository/VLink/Page_CCSale/txt_CardNumber' is present

2021-06-22 02:29:27 - [MESSAGE][PASSED] - Object 'Object Repository/VLink/Page_CCSale/txt_TransactionType' is present

2021-06-22 02:29:28 - [MESSAGE][PASSED] - Text '104' is set on object 'Object Repository/VLink/Page_CCSale/txt_TransactionType'

2021-06-22 02:29:28 - [MESSAGE][PASSED] - Object 'Object Repository/VLink/Page_CCSale/txt_MessageVersion' is present

2021-06-22 02:29:29 - [MESSAGE][PASSED] - Text '2.0C' is set on object 'Object Repository/VLink/Page_CCSale/txt_MessageVersion'

2021-06-22 02:29:29 - [MESSAGE][PASSED] - Object 'Object Repository/VLink/Page_CCSale/txt_RemID' is present

2021-06-22 02:29:30 - [MESSAGE][PASSED] - Text 'AJAu9Nn7ULmL' is set on object 'Object Repository/VLink/Page_CCSale/txt_RemID'

2021-06-22 02:29:30 - [MESSAGE][PASSED] - Object 'Object Repository/VLink/Page_CCSale/txt_ApplicationId' is present

2021-06-22 02:29:30 - [MESSAGE][PASSED] - Text '665' is set on object 'Object Repository/VLink/Page_CCSale/txt_ApplicationId'

2021-06-22 02:29:31 - [MESSAGE][PASSED] - Object 'Object Repository/VLink/Page_CCSale/txt_Username' is present

2021-06-22 02:29:31 - [MESSAGE][PASSED] - Text 'username' is set on object 'Object Repository/VLink/Page_CCSale/txt_Username'

2021-06-22 02:29:32 - [MESSAGE][PASSED] - Object 'Object Repository/VLink/Page_CCSale/txt_Password' is present

2021-06-22 02:29:32 - [MESSAGE][PASSED] - Text 'password' is set on object 'Object Repository/VLink/Page_CCSale/txt_Password'

2021-06-22 02:29:33 - [MESSAGE][PASSED] - Object 'Object Repository/VLink/Page_CCSale/txt_ResponseFormat' is present

2021-06-22 02:29:33 - [MESSAGE][PASSED] - Text 'fixed_width' is set on object 'Object Repository/VLink/Page_CCSale/txt_ResponseFormat'

2021-06-22 02:29:33 - [MESSAGE][PASSED] - Object 'Object Repository/VLink/Page_CCSale/txt_Category' is present

2021-06-22 02:29:34 - [MESSAGE][PASSED] - Text 'RETL' is set on object 'Object Repository/VLink/Page_CCSale/txt_Category'

2021-06-22 02:29:34 - [MESSAGE][PASSED] - Object 'Object Repository/VLink/Page_CCSale/txt_TransactionID' is present

2021-06-22 02:29:35 - [MESSAGE][PASSED] - Text '' is set on object 'Object Repository/VLink/Page_CCSale/txt_TransactionID'

2021-06-22 02:29:35 - [MESSAGE][PASSED] - Object 'Object Repository/VLink/Page_CCSale/txt_ApprovalCode' is present

2021-06-22 02:29:36 - [MESSAGE][PASSED] - Text '' is set on object 'Object Repository/VLink/Page_CCSale/txt_ApprovalCode'

2021-06-22 02:29:36 - [MESSAGE][PASSED] - Object 'Object Repository/VLink/Page_CCSale/txt_CardName' is present

2021-06-22 02:29:37 - [MESSAGE][PASSED] - Text '' is set on object 'Object Repository/VLink/Page_CCSale/txt_CardName'

2021-06-22 02:29:37 - [MESSAGE][PASSED] - Object 'Object Repository/VLink/Page_CCSale/txt_AL1' is present

2021-06-22 02:29:38 - [MESSAGE][PASSED] - Text '' is set on object 'Object Repository/VLink/Page_CCSale/txt_AL1'

2021-06-22 02:29:38 - [MESSAGE][PASSED] - Object 'Object Repository/VLink/Page_CCSale/txt_AL2' is present

2021-06-22 02:29:39 - [MESSAGE][PASSED] - Text '' is set on object 'Object Repository/VLink/Page_CCSale/txt_AL2'

2021-06-22 02:29:39 - [MESSAGE][PASSED] - Object 'Object Repository/VLink/Page_CCSale/txt_CardCity' is present

2021-06-22 02:29:40 - [MESSAGE][PASSED] - Text '' is set on object 'Object Repository/VLink/Page_CCSale/txt_CardCity'

2021-06-22 02:29:40 - [MESSAGE][PASSED] - Object 'Object Repository/VLink/Page_CCSale/txt_CardState' is present

2021-06-22 02:29:41 - [MESSAGE][PASSED] - Text '' is set on object 'Object Repository/VLink/Page_CCSale/txt_CardState'

2021-06-22 02:29:41 - [MESSAGE][PASSED] - Object 'Object Repository/VLink/Page_CCSale/txt_CardZIP' is present

2021-06-22 02:29:42 - [MESSAGE][PASSED] - Text '' is set on object 'Object Repository/VLink/Page_CCSale/txt_CardZIP'

2021-06-22 02:29:42 - [MESSAGE][PASSED] - Object 'Object Repository/VLink/Page_CCSale/txt_CountryID' is present

2021-06-22 02:29:43 - [MESSAGE][PASSED] - Text '' is set on object 'Object Repository/VLink/Page_CCSale/txt_CountryID'

2021-06-22 02:29:43 - [MESSAGE][PASSED] - Object 'Object Repository/VLink/Page_CCSale/txt_Amount' is present

2021-06-22 02:29:44 - [MESSAGE][PASSED] - Text '1.50' is set on object 'Object Repository/VLink/Page_CCSale/txt_Amount'

2021-06-22 02:29:44 - [MESSAGE][PASSED] - Object 'Object Repository/VLink/Page_CCSale/txt_CardNumber' is present

2021-06-22 02:29:45 - [MESSAGE][PASSED] - Text '' is set on object 'Object Repository/VLink/Page_CCSale/txt_CardNumber'

2021-06-22 02:29:45 - [MESSAGE][PASSED] - Object 'Object Repository/VLink/Page_CCSale/txt_ExpMonth' is present

2021-06-22 02:29:46 - [MESSAGE][PASSED] - Text '' is set on object 'Object Repository/VLink/Page_CCSale/txt_ExpMonth'

2021-06-22 02:29:46 - [MESSAGE][PASSED] - Object 'Object Repository/VLink/Page_CCSale/txt_ExpYear' is present

2021-06-22 02:29:47 - [MESSAGE][PASSED] - Text '' is set on object 'Object Repository/VLink/Page_CCSale/txt_ExpYear'

2021-06-22 02:29:47 - [MESSAGE][PASSED] - Object 'Object Repository/VLink/Page_CCSale/txt_CVV' is present

2021-06-22 02:29:48 - [MESSAGE][PASSED] - Text '' is set on object 'Object Repository/VLink/Page_CCSale/txt_CVV'

2021-06-22 02:29:48 - [MESSAGE][PASSED] - Object 'Object Repository/VLink/Page_CCSale/txt_CVVstate' is present

2021-06-22 02:29:49 - [MESSAGE][PASSED] - Text '' is set on object 'Object Repository/VLink/Page_CCSale/txt_CVVstate'

2021-06-22 02:29:49 - [MESSAGE][PASSED] - Object 'Object Repository/VLink/Page_CCSale/txt_TrackData' is present

2021-06-22 02:29:50 - [MESSAGE][PASSED] - Text '%B5567080011582646^AHMED/IMTIAZ              ^2303201090200000000000354000015?;5567080011582646=23032010902035400015?' is set on object 'Object Repository/VLink/Page_CCSale/txt_TrackData'

2021-06-22 02:29:50 - [MESSAGE][PASSED] - Object 'Object Repository/VLink/Page_CCSale/txt_Track1Data' is present

2021-06-22 02:29:51 - [MESSAGE][PASSED] - Text '' is set on object 'Object Repository/VLink/Page_CCSale/txt_Track1Data'

2021-06-22 02:29:51 - [MESSAGE][PASSED] - Object 'Object Repository/VLink/Page_CCSale/txt_Track2Data' is present

2021-06-22 02:29:52 - [MESSAGE][PASSED] - Text '' is set on object 'Object Repository/VLink/Page_CCSale/txt_Track2Data'

2021-06-22 02:29:52 - [MESSAGE][PASSED] - Object 'Object Repository/VLink/Page_CCSale/txt_POSEntryMode' is present

2021-06-22 02:29:53 - [MESSAGE][PASSED] - Text '' is set on object 'Object Repository/VLink/Page_CCSale/txt_POSEntryMode'

2021-06-22 02:29:53 - [MESSAGE][PASSED] - Object 'Object Repository/VLink/Page_CCSale/txt_Email' is present

2021-06-22 02:29:54 - [MESSAGE][PASSED] - Text '' is set on object 'Object Repository/VLink/Page_CCSale/txt_Email'

2021-06-22 02:29:54 - [MESSAGE][PASSED] - Object 'Object Repository/VLink/Page_CCSale/txt_OrderNumber' is present

2021-06-22 02:29:55 - [MESSAGE][PASSED] - Text '' is set on object 'Object Repository/VLink/Page_CCSale/txt_OrderNumber'

2021-06-22 02:29:55 - [MESSAGE][PASSED] - Object 'Object Repository/VLink/Page_CCSale/txt_TaxAmount' is present

2021-06-22 02:29:56 - [MESSAGE][PASSED] - Text '' is set on object 'Object Repository/VLink/Page_CCSale/txt_TaxAmount'

2021-06-22 02:29:56 - [MESSAGE][PASSED] - Object 'Object Repository/VLink/Page_CCSale/txt_ChargeDescription' is present

2021-06-22 02:29:57 - [MESSAGE][PASSED] - Text '' is set on object 'Object Repository/VLink/Page_CCSale/txt_ChargeDescription'

2021-06-22 02:29:57 - [MESSAGE][PASSED] - Object 'Object Repository/VLink/Page_CCSale/txt_CAN' is present

2021-06-22 02:29:58 - [MESSAGE][PASSED] - Text '' is set on object 'Object Repository/VLink/Page_CCSale/txt_CAN'

2021-06-22 02:29:58 - [MESSAGE][PASSED] - Object 'Object Repository/VLink/Page_CCSale/txt_BillPaymentIndicator' is present

2021-06-22 02:29:59 - [MESSAGE][PASSED] - Text '' is set on object 'Object Repository/VLink/Page_CCSale/txt_BillPaymentIndicator'

2021-06-22 02:29:59 - [MESSAGE][PASSED] - Object 'Object Repository/VLink/Page_CCSale/txt_UDF1' is present

2021-06-22 02:30:00 - [MESSAGE][PASSED] - Text '' is set on object 'Object Repository/VLink/Page_CCSale/txt_UDF1'

2021-06-22 02:30:00 - [MESSAGE][PASSED] - Object 'Object Repository/VLink/Page_CCSale/txt_UDF2' is present

2021-06-22 02:30:01 - [MESSAGE][PASSED] - Text '' is set on object 'Object Repository/VLink/Page_CCSale/txt_UDF2'

2021-06-22 02:30:01 - [MESSAGE][PASSED] - Object 'Object Repository/VLink/Page_CCSale/txt_UDF3' is present

2021-06-22 02:30:01 - [MESSAGE][PASSED] - Text '' is set on object 'Object Repository/VLink/Page_CCSale/txt_UDF3'

2021-06-22 02:30:02 - [MESSAGE][PASSED] - Object 'Object Repository/VLink/Page_CCSale/txt_UDF4' is present

2021-06-22 02:30:02 - [MESSAGE][PASSED] - Text '' is set on object 'Object Repository/VLink/Page_CCSale/txt_UDF4'

2021-06-22 02:30:03 - [MESSAGE][PASSED] - Object 'Object Repository/VLink/Page_CCSale/txt_UDF5' is present

2021-06-22 02:30:03 - [MESSAGE][PASSED] - Text '' is set on object 'Object Repository/VLink/Page_CCSale/txt_UDF5'

2021-06-22 02:30:04 - [MESSAGE][PASSED] - Object 'Object Repository/VLink/Page_CCSale/txt_UDF6' is present

2021-06-22 02:30:04 - [MESSAGE][PASSED] - Text '' is set on object 'Object Repository/VLink/Page_CCSale/txt_UDF6'

2021-06-22 02:30:05 - [MESSAGE][PASSED] - Object 'Object Repository/VLink/Page_CCSale/txt_UDF7' is present

2021-06-22 02:30:05 - [MESSAGE][PASSED] - Text '' is set on object 'Object Repository/VLink/Page_CCSale/txt_UDF7'

2021-06-22 02:30:06 - [MESSAGE][PASSED] - Object 'Object Repository/VLink/Page_CCSale/txt_UDF8' is present

2021-06-22 02:30:06 - [MESSAGE][PASSED] - Text '' is set on object 'Object Repository/VLink/Page_CCSale/txt_UDF8'

2021-06-22 02:30:07 - [MESSAGE][PASSED] - Object 'Object Repository/VLink/Page_CCSale/txt_UDF9' is present

2021-06-22 02:30:07 - [MESSAGE][PASSED] - Text '' is set on object 'Object Repository/VLink/Page_CCSale/txt_UDF9'

2021-06-22 02:30:08 - [MESSAGE][PASSED] - Object 'Object Repository/VLink/Page_CCSale/txt_UDF10' is present

2021-06-22 02:30:08 - [MESSAGE][PASSED] - Text '' is set on object 'Object Repository/VLink/Page_CCSale/txt_UDF10'

2021-06-22 02:30:09 - [MESSAGE][PASSED] - Object 'Object Repository/VLink/Page_CCSale/txt_CardOnFileIndicator' is present

2021-06-22 02:30:09 - [MESSAGE][PASSED] - Text '' is set on object 'Object Repository/VLink/Page_CCSale/txt_CardOnFileIndicator'

2021-06-22 02:30:10 - [MESSAGE][PASSED] - Object 'Object Repository/VLink/Page_CCSale/txt_StoredCredentialIndicator' is present

2021-06-22 02:30:10 - [MESSAGE][PASSED] - Text '' is set on object 'Object Repository/VLink/Page_CCSale/txt_StoredCredentialIndicator'

2021-06-22 02:30:11 - [MESSAGE][PASSED] - Object 'Object Repository/VLink/Page_CCSale/txt_COFScheduledIndicator' is present

2021-06-22 02:30:12 - [MESSAGE][PASSED] - Text '' is set on object 'Object Repository/VLink/Page_CCSale/txt_COFScheduledIndicator'

2021-06-22 02:30:12 - [MESSAGE][PASSED] - Object 'Object Repository/VLink/Page_CCSale/txt_COFTransactionInitiatedBy' is present

2021-06-22 02:30:13 - [MESSAGE][PASSED] - Text '' is set on object 'Object Repository/VLink/Page_CCSale/txt_COFTransactionInitiatedBy'

2021-06-22 02:30:16 - [MESSAGE][PASSED] - Object: 'Object Repository/VLink/Page_CCSale/btn_ProcessVLinkTransaction' is clicked on

2021-06-22 02:30:21 - [MESSAGE][PASSED] - vlinkPages.saleCCPage.setDataSCC is PASSED

2021-06-22 02:30:21 - [TEST_STEP][PASSED] - if (verifyTextPresent("Transaction approved, no errors", true)): null

2021-06-22 02:30:21 - [MESSAGE][PASSED] - Text 'Transaction approved, no errors' is present on page  using regular expression

2021-06-22 02:30:21 - [TEST_STEP][PASSED] - println("Transaction Approved, no errors text is present on the Confirmation page"): null

2021-06-22 02:30:21 - [TEST_STEP][PASSED] - out.println("Pass Record Number: " + row): null

2021-06-22 02:30:21 - [TEST_STEP][PASSED] - resText = "Pass": null

2021-06-22 02:30:21 - [TEST_STEP][PASSED] - pages.WriteExcel.demoKey(resText, datText, resColumn, datCloumn, fileLoc, nameSheet, row): pages.WriteExcel.demoKey is PASSED

2021-06-22 02:30:21 - [MESSAGE][PASSED] - pages.WriteExcel.demoKey is PASSED

2021-06-22 02:30:21 - [TEST_STEP][PASSED] - sdfo = getText(findTestObject("Object Repository/Page_VLinkReceipt/pre_STX")): Text of object 'Object Repository/Page_VLinkReceipt/pre_STX' is: '<STX>AJAu9Nn7ULmL                  12098431            0  Transaction approved, no errors                   0                                                                                  R OK8345   <ETX>'

2021-06-22 02:30:21 - [MESSAGE][PASSED] - Text of object 'Object Repository/Page_VLinkReceipt/pre_STX' is: '<STX>AJAu9Nn7ULmL                  12098431            0  Transaction approved, no errors                   0                                                                                  R OK8345   <ETX>'

2021-06-22 02:30:21 - [TEST_STEP][PASSED] - out.println("sdfo: " + sdfo): null

2021-06-22 02:30:21 - [TEST_STEP][PASSED] - remID = substring(5, 35).trim(): null

2021-06-22 02:30:21 - [TEST_STEP][PASSED] - out.println("Remittance ID: " + remID): null

2021-06-22 02:30:21 - [TEST_STEP][PASSED] - traxID = substring(35, 55).trim(): null

2021-06-22 02:30:21 - [TEST_STEP][PASSED] - out.println("Transaction ID: " + traxID): null

2021-06-22 02:30:21 - [TEST_STEP][PASSED] - out.println("End Record Number: " + row): null

2021-06-22 02:30:21 - [TEST_STEP][PASSED] - closeBrowser(): Browser is closed

2021-06-22 02:30:22 - [MESSAGE][PASSED] - Browser is closed

2021-06-22 02:30:22 - [TEST_STEP][PASSED] - out.println("Begin Record Number: " + row): null

2021-06-22 02:30:22 - [TEST_STEP][PASSED] - today = new java.util.Date(): null

2021-06-22 02:30:22 - [TEST_STEP][PASSED] - println(today): null

2021-06-22 02:30:22 - [TEST_STEP][PASSED] - datText = today: null

2021-06-22 02:30:22 - [TEST_STEP][PASSED] - openBrowser(VLinkURL + "authcap.html"): Browser is opened with url: 'https://dev-algorithm.govolution.com/vlinktest/QA/version_2_0/authcap.html'

2021-06-22 02:30:22 - [MESSAGE][INFO] - Starting 'Chrome' driver

2021-06-22 02:30:22 - [MESSAGE][INFO] - User set preference: ['acceptInsecureCerts', 'true']

2021-06-22 02:30:22 - [MESSAGE][INFO] - Action delay is set to 0 milliseconds

2021-06-22 02:30:24 - [MESSAGE][PASSED] - Browser is opened with url: 'https://dev-algorithm.govolution.com/vlinktest/QA/version_2_0/authcap.html'

2021-06-22 02:30:24 - [TEST_STEP][PASSED] - maximizeWindow(): Current window maximized

2021-06-22 02:30:24 - [MESSAGE][PASSED] - Current window maximized

2021-06-22 02:30:24 - [TEST_STEP][PASSED] - vlinkPages.saleCCPage.setDataSCC(row, dataFile): vlinkPages.saleCCPage.setDataSCC is PASSED

2021-06-22 02:30:26 - [MESSAGE][PASSED] - Object 'Object Repository/VLink/Page_CCSale/txt_CardNumber' is present

2021-06-22 02:30:27 - [MESSAGE][PASSED] - Object 'Object Repository/VLink/Page_CCSale/txt_TransactionType' is present

2021-06-22 02:30:28 - [MESSAGE][PASSED] - Text '104' is set on object 'Object Repository/VLink/Page_CCSale/txt_TransactionType'

2021-06-22 02:30:28 - [MESSAGE][PASSED] - Object 'Object Repository/VLink/Page_CCSale/txt_MessageVersion' is present

2021-06-22 02:30:28 - [MESSAGE][PASSED] - Text '2.0C' is set on object 'Object Repository/VLink/Page_CCSale/txt_MessageVersion'

2021-06-22 02:30:29 - [MESSAGE][PASSED] - Object 'Object Repository/VLink/Page_CCSale/txt_RemID' is present

2021-06-22 02:30:29 - [MESSAGE][PASSED] - Text '2q2wfWg0EgQO' is set on object 'Object Repository/VLink/Page_CCSale/txt_RemID'

2021-06-22 02:30:30 - [MESSAGE][PASSED] - Object 'Object Repository/VLink/Page_CCSale/txt_ApplicationId' is present

2021-06-22 02:30:30 - [MESSAGE][PASSED] - Text '665' is set on object 'Object Repository/VLink/Page_CCSale/txt_ApplicationId'

2021-06-22 02:30:31 - [MESSAGE][PASSED] - Object 'Object Repository/VLink/Page_CCSale/txt_Username' is present

2021-06-22 02:30:31 - [MESSAGE][PASSED] - Text 'username' is set on object 'Object Repository/VLink/Page_CCSale/txt_Username'

2021-06-22 02:30:31 - [MESSAGE][PASSED] - Object 'Object Repository/VLink/Page_CCSale/txt_Password' is present

2021-06-22 02:30:32 - [MESSAGE][PASSED] - Text 'password' is set on object 'Object Repository/VLink/Page_CCSale/txt_Password'

2021-06-22 02:30:32 - [MESSAGE][PASSED] - Object 'Object Repository/VLink/Page_CCSale/txt_ResponseFormat' is present

2021-06-22 02:30:33 - [MESSAGE][PASSED] - Text 'fixed_width' is set on object 'Object Repository/VLink/Page_CCSale/txt_ResponseFormat'

2021-06-22 02:30:33 - [MESSAGE][PASSED] - Object 'Object Repository/VLink/Page_CCSale/txt_Category' is present

2021-06-22 02:30:34 - [MESSAGE][PASSED] - Text 'RETL' is set on object 'Object Repository/VLink/Page_CCSale/txt_Category'

2021-06-22 02:30:34 - [MESSAGE][PASSED] - Object 'Object Repository/VLink/Page_CCSale/txt_TransactionID' is present

2021-06-22 02:30:35 - [MESSAGE][PASSED] - Text '' is set on object 'Object Repository/VLink/Page_CCSale/txt_TransactionID'

2021-06-22 02:30:35 - [MESSAGE][PASSED] - Object 'Object Repository/VLink/Page_CCSale/txt_ApprovalCode' is present

2021-06-22 02:30:36 - [MESSAGE][PASSED] - Text '' is set on object 'Object Repository/VLink/Page_CCSale/txt_ApprovalCode'

2021-06-22 02:30:36 - [MESSAGE][PASSED] - Object 'Object Repository/VLink/Page_CCSale/txt_CardName' is present

2021-06-22 02:30:37 - [MESSAGE][PASSED] - Text '' is set on object 'Object Repository/VLink/Page_CCSale/txt_CardName'

2021-06-22 02:30:37 - [MESSAGE][PASSED] - Object 'Object Repository/VLink/Page_CCSale/txt_AL1' is present

2021-06-22 02:30:38 - [MESSAGE][PASSED] - Text '' is set on object 'Object Repository/VLink/Page_CCSale/txt_AL1'

2021-06-22 02:30:38 - [MESSAGE][PASSED] - Object 'Object Repository/VLink/Page_CCSale/txt_AL2' is present

2021-06-22 02:30:39 - [MESSAGE][PASSED] - Text '' is set on object 'Object Repository/VLink/Page_CCSale/txt_AL2'

2021-06-22 02:30:39 - [MESSAGE][PASSED] - Object 'Object Repository/VLink/Page_CCSale/txt_CardCity' is present

2021-06-22 02:30:40 - [MESSAGE][PASSED] - Text '' is set on object 'Object Repository/VLink/Page_CCSale/txt_CardCity'

2021-06-22 02:30:40 - [MESSAGE][PASSED] - Object 'Object Repository/VLink/Page_CCSale/txt_CardState' is present

2021-06-22 02:30:41 - [MESSAGE][PASSED] - Text '' is set on object 'Object Repository/VLink/Page_CCSale/txt_CardState'

2021-06-22 02:30:41 - [MESSAGE][PASSED] - Object 'Object Repository/VLink/Page_CCSale/txt_CardZIP' is present

2021-06-22 02:30:42 - [MESSAGE][PASSED] - Text '' is set on object 'Object Repository/VLink/Page_CCSale/txt_CardZIP'

2021-06-22 02:30:42 - [MESSAGE][PASSED] - Object 'Object Repository/VLink/Page_CCSale/txt_CountryID' is present

2021-06-22 02:30:43 - [MESSAGE][PASSED] - Text '' is set on object 'Object Repository/VLink/Page_CCSale/txt_CountryID'

2021-06-22 02:30:43 - [MESSAGE][PASSED] - Object 'Object Repository/VLink/Page_CCSale/txt_Amount' is present

2021-06-22 02:30:44 - [MESSAGE][PASSED] - Text '1.50' is set on object 'Object Repository/VLink/Page_CCSale/txt_Amount'

2021-06-22 02:30:44 - [MESSAGE][PASSED] - Object 'Object Repository/VLink/Page_CCSale/txt_CardNumber' is present

2021-06-22 02:30:45 - [MESSAGE][PASSED] - Text '' is set on object 'Object Repository/VLink/Page_CCSale/txt_CardNumber'

2021-06-22 02:30:45 - [MESSAGE][PASSED] - Object 'Object Repository/VLink/Page_CCSale/txt_ExpMonth' is present

2021-06-22 02:30:46 - [MESSAGE][PASSED] - Text '' is set on object 'Object Repository/VLink/Page_CCSale/txt_ExpMonth'

2021-06-22 02:30:46 - [MESSAGE][PASSED] - Object 'Object Repository/VLink/Page_CCSale/txt_ExpYear' is present

2021-06-22 02:30:47 - [MESSAGE][PASSED] - Text '' is set on object 'Object Repository/VLink/Page_CCSale/txt_ExpYear'

2021-06-22 02:30:47 - [MESSAGE][PASSED] - Object 'Object Repository/VLink/Page_CCSale/txt_CVV' is present

2021-06-22 02:30:48 - [MESSAGE][PASSED] - Text '' is set on object 'Object Repository/VLink/Page_CCSale/txt_CVV'

2021-06-22 02:30:48 - [MESSAGE][PASSED] - Object 'Object Repository/VLink/Page_CCSale/txt_CVVstate' is present

2021-06-22 02:30:49 - [MESSAGE][PASSED] - Text '' is set on object 'Object Repository/VLink/Page_CCSale/txt_CVVstate'

2021-06-22 02:30:49 - [MESSAGE][PASSED] - Object 'Object Repository/VLink/Page_CCSale/txt_TrackData' is present

2021-06-22 02:30:50 - [MESSAGE][PASSED] - Text '' is set on object 'Object Repository/VLink/Page_CCSale/txt_TrackData'

2021-06-22 02:30:50 - [MESSAGE][PASSED] - Object 'Object Repository/VLink/Page_CCSale/txt_Track1Data' is present

2021-06-22 02:30:51 - [MESSAGE][PASSED] - Text '%B5567080011582646^AHMED/IMTIAZ              ^2303201090200000000000354000015?' is set on object 'Object Repository/VLink/Page_CCSale/txt_Track1Data'

2021-06-22 02:30:51 - [MESSAGE][PASSED] - Object 'Object Repository/VLink/Page_CCSale/txt_Track2Data' is present

2021-06-22 02:30:52 - [MESSAGE][PASSED] - Text '' is set on object 'Object Repository/VLink/Page_CCSale/txt_Track2Data'

2021-06-22 02:30:52 - [MESSAGE][PASSED] - Object 'Object Repository/VLink/Page_CCSale/txt_POSEntryMode' is present

2021-06-22 02:30:53 - [MESSAGE][PASSED] - Text '' is set on object 'Object Repository/VLink/Page_CCSale/txt_POSEntryMode'

2021-06-22 02:30:53 - [MESSAGE][PASSED] - Object 'Object Repository/VLink/Page_CCSale/txt_Email' is present

2021-06-22 02:30:54 - [MESSAGE][PASSED] - Text '' is set on object 'Object Repository/VLink/Page_CCSale/txt_Email'

2021-06-22 02:30:54 - [MESSAGE][PASSED] - Object 'Object Repository/VLink/Page_CCSale/txt_OrderNumber' is present

2021-06-22 02:30:55 - [MESSAGE][PASSED] - Text '' is set on object 'Object Repository/VLink/Page_CCSale/txt_OrderNumber'

2021-06-22 02:30:55 - [MESSAGE][PASSED] - Object 'Object Repository/VLink/Page_CCSale/txt_TaxAmount' is present

2021-06-22 02:30:56 - [MESSAGE][PASSED] - Text '' is set on object 'Object Repository/VLink/Page_CCSale/txt_TaxAmount'

2021-06-22 02:30:56 - [MESSAGE][PASSED] - Object 'Object Repository/VLink/Page_CCSale/txt_ChargeDescription' is present

2021-06-22 02:30:57 - [MESSAGE][PASSED] - Text '' is set on object 'Object Repository/VLink/Page_CCSale/txt_ChargeDescription'

2021-06-22 02:30:57 - [MESSAGE][PASSED] - Object 'Object Repository/VLink/Page_CCSale/txt_CAN' is present

2021-06-22 02:30:58 - [MESSAGE][PASSED] - Text '' is set on object 'Object Repository/VLink/Page_CCSale/txt_CAN'

2021-06-22 02:30:58 - [MESSAGE][PASSED] - Object 'Object Repository/VLink/Page_CCSale/txt_BillPaymentIndicator' is present

2021-06-22 02:30:59 - [MESSAGE][PASSED] - Text '' is set on object 'Object Repository/VLink/Page_CCSale/txt_BillPaymentIndicator'

2021-06-22 02:30:59 - [MESSAGE][PASSED] - Object 'Object Repository/VLink/Page_CCSale/txt_UDF1' is present

2021-06-22 02:31:00 - [MESSAGE][PASSED] - Text '' is set on object 'Object Repository/VLink/Page_CCSale/txt_UDF1'

2021-06-22 02:31:00 - [MESSAGE][PASSED] - Object 'Object Repository/VLink/Page_CCSale/txt_UDF2' is present

2021-06-22 02:31:01 - [MESSAGE][PASSED] - Text '' is set on object 'Object Repository/VLink/Page_CCSale/txt_UDF2'

2021-06-22 02:31:01 - [MESSAGE][PASSED] - Object 'Object Repository/VLink/Page_CCSale/txt_UDF3' is present

2021-06-22 02:31:02 - [MESSAGE][PASSED] - Text '' is set on object 'Object Repository/VLink/Page_CCSale/txt_UDF3'

2021-06-22 02:31:02 - [MESSAGE][PASSED] - Object 'Object Repository/VLink/Page_CCSale/txt_UDF4' is present

2021-06-22 02:31:03 - [MESSAGE][PASSED] - Text '' is set on object 'Object Repository/VLink/Page_CCSale/txt_UDF4'

2021-06-22 02:31:03 - [MESSAGE][PASSED] - Object 'Object Repository/VLink/Page_CCSale/txt_UDF5' is present

2021-06-22 02:31:04 - [MESSAGE][PASSED] - Text '' is set on object 'Object Repository/VLink/Page_CCSale/txt_UDF5'

2021-06-22 02:31:04 - [MESSAGE][PASSED] - Object 'Object Repository/VLink/Page_CCSale/txt_UDF6' is present

2021-06-22 02:31:05 - [MESSAGE][PASSED] - Text '' is set on object 'Object Repository/VLink/Page_CCSale/txt_UDF6'

2021-06-22 02:31:05 - [MESSAGE][PASSED] - Object 'Object Repository/VLink/Page_CCSale/txt_UDF7' is present

2021-06-22 02:31:06 - [MESSAGE][PASSED] - Text '' is set on object 'Object Repository/VLink/Page_CCSale/txt_UDF7'

2021-06-22 02:31:06 - [MESSAGE][PASSED] - Object 'Object Repository/VLink/Page_CCSale/txt_UDF8' is present

2021-06-22 02:31:07 - [MESSAGE][PASSED] - Text '' is set on object 'Object Repository/VLink/Page_CCSale/txt_UDF8'

2021-06-22 02:31:07 - [MESSAGE][PASSED] - Object 'Object Repository/VLink/Page_CCSale/txt_UDF9' is present

2021-06-22 02:31:08 - [MESSAGE][PASSED] - Text '' is set on object 'Object Repository/VLink/Page_CCSale/txt_UDF9'

2021-06-22 02:31:08 - [MESSAGE][PASSED] - Object 'Object Repository/VLink/Page_CCSale/txt_UDF10' is present

2021-06-22 02:31:09 - [MESSAGE][PASSED] - Text '' is set on object 'Object Repository/VLink/Page_CCSale/txt_UDF10'

2021-06-22 02:31:09 - [MESSAGE][PASSED] - Object 'Object Repository/VLink/Page_CCSale/txt_CardOnFileIndicator' is present

2021-06-22 02:31:10 - [MESSAGE][PASSED] - Text '' is set on object 'Object Repository/VLink/Page_CCSale/txt_CardOnFileIndicator'

2021-06-22 02:31:10 - [MESSAGE][PASSED] - Object 'Object Repository/VLink/Page_CCSale/txt_StoredCredentialIndicator' is present

2021-06-22 02:31:11 - [MESSAGE][PASSED] - Text '' is set on object 'Object Repository/VLink/Page_CCSale/txt_StoredCredentialIndicator'

2021-06-22 02:31:11 - [MESSAGE][PASSED] - Object 'Object Repository/VLink/Page_CCSale/txt_COFScheduledIndicator' is present

2021-06-22 02:31:12 - [MESSAGE][PASSED] - Text '' is set on object 'Object Repository/VLink/Page_CCSale/txt_COFScheduledIndicator'

2021-06-22 02:31:12 - [MESSAGE][PASSED] - Object 'Object Repository/VLink/Page_CCSale/txt_COFTransactionInitiatedBy' is present

2021-06-22 02:31:13 - [MESSAGE][PASSED] - Text '' is set on object 'Object Repository/VLink/Page_CCSale/txt_COFTransactionInitiatedBy'

2021-06-22 02:31:14 - [MESSAGE][PASSED] - Object: 'Object Repository/VLink/Page_CCSale/btn_ProcessVLinkTransaction' is clicked on

2021-06-22 02:31:19 - [MESSAGE][PASSED] - vlinkPages.saleCCPage.setDataSCC is PASSED

2021-06-22 02:31:19 - [TEST_STEP][FAILED] - if (verifyTextPresent("Transaction approved, no errors", true)): Text 'Transaction approved, no errors' is not present on page  using regular expression (Root cause: com.kms.katalon.core.exception.StepFailedException: Text 'Transaction approved, no errors' is not present on page  using regular expression
	at com.kms.katalon.core.webui.keyword.internal.WebUIKeywordMain.stepFailed(WebUIKeywordMain.groovy:64)
	at com.kms.katalon.core.webui.keyword.builtin.VerifyTextPresentKeyword$_verifyTextPresent_closure1.doCall(VerifyTextPresentKeyword.groovy:79)
	at com.kms.katalon.core.webui.keyword.builtin.VerifyTextPresentKeyword$_verifyTextPresent_closure1.call(VerifyTextPresentKeyword.groovy)
	at com.kms.katalon.core.webui.keyword.internal.WebUIKeywordMain.runKeyword(WebUIKeywordMain.groovy:20)
	at com.kms.katalon.core.webui.keyword.builtin.VerifyTextPresentKeyword.verifyTextPresent(VerifyTextPresentKeyword.groovy:83)
	at com.kms.katalon.core.webui.keyword.builtin.VerifyTextPresentKeyword.execute(VerifyTextPresentKeyword.groovy:68)
	at com.kms.katalon.core.keyword.internal.KeywordExecutor.executeKeywordForPlatform(KeywordExecutor.groovy:72)
	at com.kms.katalon.core.webui.keyword.WebUiBuiltInKeywords.verifyTextPresent(WebUiBuiltInKeywords.groovy:1719)
	at com.kms.katalon.core.webui.keyword.WebUiBuiltInKeywords$verifyTextPresent$4.call(Unknown Source)
	at VLinkSale-Successful.run(VLinkSale-Successful:76)
	at com.kms.katalon.core.main.ScriptEngine.run(ScriptEngine.java:194)
	at com.kms.katalon.core.main.ScriptEngine.runScriptAsRawText(ScriptEngine.java:119)
	at com.kms.katalon.core.main.TestCaseExecutor.runScript(TestCaseExecutor.java:337)
	at com.kms.katalon.core.main.TestCaseExecutor.doExecute(TestCaseExecutor.java:328)
	at com.kms.katalon.core.main.TestCaseExecutor.processExecutionPhase(TestCaseExecutor.java:307)
	at com.kms.katalon.core.main.TestCaseExecutor.accessMainPhase(TestCaseExecutor.java:299)
	at com.kms.katalon.core.main.TestCaseExecutor.execute(TestCaseExecutor.java:233)
	at com.kms.katalon.core.main.TestSuiteExecutor.accessTestCaseMainPhase(TestSuiteExecutor.java:169)
	at com.kms.katalon.core.main.TestSuiteExecutor.accessTestSuiteMainPhase(TestSuiteExecutor.java:142)
	at com.kms.katalon.core.main.TestSuiteExecutor.execute(TestSuiteExecutor.java:91)
	at com.kms.katalon.core.main.TestCaseMain.startTestSuite(TestCaseMain.java:157)
	at com.kms.katalon.core.main.TestCaseMain$startTestSuite$0.call(Unknown Source)
	at TempTestSuite1624337272106.run(TempTestSuite1624337272106.groovy:37)
)

2021-06-22 02:31:19 - [MESSAGE][FAILED] - Text 'Transaction approved, no errors' is not present on page  using regular expression (Root cause: com.kms.katalon.core.exception.StepFailedException: Text 'Transaction approved, no errors' is not present on page  using regular expression
	at com.kms.katalon.core.webui.keyword.internal.WebUIKeywordMain.stepFailed(WebUIKeywordMain.groovy:64)
	at com.kms.katalon.core.webui.keyword.builtin.VerifyTextPresentKeyword$_verifyTextPresent_closure1.doCall(VerifyTextPresentKeyword.groovy:79)
	at com.kms.katalon.core.webui.keyword.builtin.VerifyTextPresentKeyword$_verifyTextPresent_closure1.call(VerifyTextPresentKeyword.groovy)
	at com.kms.katalon.core.webui.keyword.internal.WebUIKeywordMain.runKeyword(WebUIKeywordMain.groovy:20)
	at com.kms.katalon.core.webui.keyword.builtin.VerifyTextPresentKeyword.verifyTextPresent(VerifyTextPresentKeyword.groovy:83)
	at com.kms.katalon.core.webui.keyword.builtin.VerifyTextPresentKeyword.execute(VerifyTextPresentKeyword.groovy:68)
	at com.kms.katalon.core.keyword.internal.KeywordExecutor.executeKeywordForPlatform(KeywordExecutor.groovy:72)
	at com.kms.katalon.core.webui.keyword.WebUiBuiltInKeywords.verifyTextPresent(WebUiBuiltInKeywords.groovy:1719)
	at com.kms.katalon.core.webui.keyword.WebUiBuiltInKeywords$verifyTextPresent$4.call(Unknown Source)
	at VLinkSale-Successful.run(VLinkSale-Successful:76)
	at com.kms.katalon.core.main.ScriptEngine.run(ScriptEngine.java:194)
	at com.kms.katalon.core.main.ScriptEngine.runScriptAsRawText(ScriptEngine.java:119)
	at com.kms.katalon.core.main.TestCaseExecutor.runScript(TestCaseExecutor.java:337)
	at com.kms.katalon.core.main.TestCaseExecutor.doExecute(TestCaseExecutor.java:328)
	at com.kms.katalon.core.main.TestCaseExecutor.processExecutionPhase(TestCaseExecutor.java:307)
	at com.kms.katalon.core.main.TestCaseExecutor.accessMainPhase(TestCaseExecutor.java:299)
	at com.kms.katalon.core.main.TestCaseExecutor.execute(TestCaseExecutor.java:233)
	at com.kms.katalon.core.main.TestSuiteExecutor.accessTestCaseMainPhase(TestSuiteExecutor.java:169)
	at com.kms.katalon.core.main.TestSuiteExecutor.accessTestSuiteMainPhase(TestSuiteExecutor.java:142)
	at com.kms.katalon.core.main.TestSuiteExecutor.execute(TestSuiteExecutor.java:91)
	at com.kms.katalon.core.main.TestCaseMain.startTestSuite(TestCaseMain.java:157)
	at com.kms.katalon.core.main.TestCaseMain$startTestSuite$0.call(Unknown Source)
	at TempTestSuite1624337272106.run(TempTestSuite1624337272106.groovy:37)
)

2021-06-22 02:31:19 - [TEST_STEP][PASSED] - else: pages.WriteExcel.demoKey is PASSED

2021-06-22 02:31:19 - [TEST_STEP][PASSED] - println("Transaction Approved, no errors text is not present on the Confirmation page"): null

2021-06-22 02:31:19 - [TEST_STEP][PASSED] - out.println("Fail Record Number: " + row): null

2021-06-22 02:31:19 - [TEST_STEP][PASSED] - resText = "Fail": null

2021-06-22 02:31:19 - [TEST_STEP][PASSED] - pages.WriteExcel.demoKey(resText, datText, resColumn, datCloumn, fileLoc, nameSheet, row): pages.WriteExcel.demoKey is PASSED

2021-06-22 02:31:19 - [MESSAGE][PASSED] - pages.WriteExcel.demoKey is PASSED

2021-06-22 02:31:19 - [TEST_STEP][PASSED] - sdfo = getText(findTestObject("Object Repository/Page_VLinkReceipt/pre_STX")): Text of object 'Object Repository/Page_VLinkReceipt/pre_STX' is: '<STX>2q2wfWg0EgQO                  12098432            2  Transaction failed                                1  General platform system error                                                              <ETX>'

2021-06-22 02:31:20 - [MESSAGE][PASSED] - Text of object 'Object Repository/Page_VLinkReceipt/pre_STX' is: '<STX>2q2wfWg0EgQO                  12098432            2  Transaction failed                                1  General platform system error                                                              <ETX>'

2021-06-22 02:31:20 - [TEST_STEP][PASSED] - out.println("sdfo: " + sdfo): null

2021-06-22 02:31:20 - [TEST_STEP][PASSED] - remID = substring(5, 35).trim(): null

2021-06-22 02:31:20 - [TEST_STEP][PASSED] - out.println("Remittance ID: " + remID): null

2021-06-22 02:31:20 - [TEST_STEP][PASSED] - traxID = substring(35, 55).trim(): null

2021-06-22 02:31:20 - [TEST_STEP][PASSED] - out.println("Transaction ID: " + traxID): null

2021-06-22 02:31:20 - [TEST_STEP][PASSED] - out.println("End Record Number: " + row): null

2021-06-22 02:31:20 - [TEST_STEP][PASSED] - closeBrowser(): Browser is closed

2021-06-22 02:31:20 - [MESSAGE][PASSED] - Browser is closed

2021-06-22 02:31:20 - [TEST_STEP][PASSED] - out.println("Begin Record Number: " + row): null

2021-06-22 02:31:20 - [TEST_STEP][PASSED] - today = new java.util.Date(): null

2021-06-22 02:31:20 - [TEST_STEP][PASSED] - println(today): null

2021-06-22 02:31:20 - [TEST_STEP][PASSED] - datText = today: null

2021-06-22 02:31:20 - [TEST_STEP][PASSED] - openBrowser(VLinkURL + "authcap.html"): Browser is opened with url: 'https://dev-algorithm.govolution.com/vlinktest/QA/version_2_0/authcap.html'

2021-06-22 02:31:20 - [MESSAGE][INFO] - Starting 'Chrome' driver

2021-06-22 02:31:20 - [MESSAGE][INFO] - User set preference: ['acceptInsecureCerts', 'true']

2021-06-22 02:31:20 - [MESSAGE][INFO] - Action delay is set to 0 milliseconds

2021-06-22 02:31:22 - [MESSAGE][PASSED] - Browser is opened with url: 'https://dev-algorithm.govolution.com/vlinktest/QA/version_2_0/authcap.html'

2021-06-22 02:31:22 - [TEST_STEP][PASSED] - maximizeWindow(): Current window maximized

2021-06-22 02:31:22 - [MESSAGE][PASSED] - Current window maximized

2021-06-22 02:31:22 - [TEST_STEP][PASSED] - vlinkPages.saleCCPage.setDataSCC(row, dataFile): vlinkPages.saleCCPage.setDataSCC is PASSED

2021-06-22 02:31:24 - [MESSAGE][PASSED] - Object 'Object Repository/VLink/Page_CCSale/txt_CardNumber' is present

2021-06-22 02:31:25 - [MESSAGE][PASSED] - Object 'Object Repository/VLink/Page_CCSale/txt_TransactionType' is present

2021-06-22 02:31:25 - [MESSAGE][PASSED] - Text '104' is set on object 'Object Repository/VLink/Page_CCSale/txt_TransactionType'

2021-06-22 02:31:26 - [MESSAGE][PASSED] - Object 'Object Repository/VLink/Page_CCSale/txt_MessageVersion' is present

2021-06-22 02:31:26 - [MESSAGE][PASSED] - Text '2.0C' is set on object 'Object Repository/VLink/Page_CCSale/txt_MessageVersion'

2021-06-22 02:31:26 - [MESSAGE][PASSED] - Object 'Object Repository/VLink/Page_CCSale/txt_RemID' is present

2021-06-22 02:31:27 - [MESSAGE][PASSED] - Text 'hGfwbFsf9jLL' is set on object 'Object Repository/VLink/Page_CCSale/txt_RemID'

2021-06-22 02:31:27 - [MESSAGE][PASSED] - Object 'Object Repository/VLink/Page_CCSale/txt_ApplicationId' is present

2021-06-22 02:31:28 - [MESSAGE][PASSED] - Text '665' is set on object 'Object Repository/VLink/Page_CCSale/txt_ApplicationId'

2021-06-22 02:31:28 - [MESSAGE][PASSED] - Object 'Object Repository/VLink/Page_CCSale/txt_Username' is present

2021-06-22 02:31:29 - [MESSAGE][PASSED] - Text 'username' is set on object 'Object Repository/VLink/Page_CCSale/txt_Username'

2021-06-22 02:31:29 - [MESSAGE][PASSED] - Object 'Object Repository/VLink/Page_CCSale/txt_Password' is present

2021-06-22 02:31:30 - [MESSAGE][PASSED] - Text 'password' is set on object 'Object Repository/VLink/Page_CCSale/txt_Password'

2021-06-22 02:31:30 - [MESSAGE][PASSED] - Object 'Object Repository/VLink/Page_CCSale/txt_ResponseFormat' is present

2021-06-22 02:31:31 - [MESSAGE][PASSED] - Text 'fixed_width' is set on object 'Object Repository/VLink/Page_CCSale/txt_ResponseFormat'

2021-06-22 02:31:31 - [MESSAGE][PASSED] - Object 'Object Repository/VLink/Page_CCSale/txt_Category' is present

2021-06-22 02:31:32 - [MESSAGE][PASSED] - Text 'RETL' is set on object 'Object Repository/VLink/Page_CCSale/txt_Category'

2021-06-22 02:31:32 - [MESSAGE][PASSED] - Object 'Object Repository/VLink/Page_CCSale/txt_TransactionID' is present

2021-06-22 02:31:33 - [MESSAGE][PASSED] - Text '' is set on object 'Object Repository/VLink/Page_CCSale/txt_TransactionID'

2021-06-22 02:31:33 - [MESSAGE][PASSED] - Object 'Object Repository/VLink/Page_CCSale/txt_ApprovalCode' is present

2021-06-22 02:31:33 - [MESSAGE][PASSED] - Text '' is set on object 'Object Repository/VLink/Page_CCSale/txt_ApprovalCode'

2021-06-22 02:31:34 - [MESSAGE][PASSED] - Object 'Object Repository/VLink/Page_CCSale/txt_CardName' is present

2021-06-22 02:31:35 - [MESSAGE][PASSED] - Text 'Angelo Matt' is set on object 'Object Repository/VLink/Page_CCSale/txt_CardName'

2021-06-22 02:31:35 - [MESSAGE][PASSED] - Object 'Object Repository/VLink/Page_CCSale/txt_AL1' is present

2021-06-22 02:31:36 - [MESSAGE][PASSED] - Text '' is set on object 'Object Repository/VLink/Page_CCSale/txt_AL1'

2021-06-22 02:31:36 - [MESSAGE][PASSED] - Object 'Object Repository/VLink/Page_CCSale/txt_AL2' is present

2021-06-22 02:31:36 - [MESSAGE][PASSED] - Text '' is set on object 'Object Repository/VLink/Page_CCSale/txt_AL2'

2021-06-22 02:31:37 - [MESSAGE][PASSED] - Object 'Object Repository/VLink/Page_CCSale/txt_CardCity' is present

2021-06-22 02:31:37 - [MESSAGE][PASSED] - Text '' is set on object 'Object Repository/VLink/Page_CCSale/txt_CardCity'

2021-06-22 02:31:38 - [MESSAGE][PASSED] - Object 'Object Repository/VLink/Page_CCSale/txt_CardState' is present

2021-06-22 02:31:38 - [MESSAGE][PASSED] - Text '' is set on object 'Object Repository/VLink/Page_CCSale/txt_CardState'

2021-06-22 02:31:39 - [MESSAGE][PASSED] - Object 'Object Repository/VLink/Page_CCSale/txt_CardZIP' is present

2021-06-22 02:31:39 - [MESSAGE][PASSED] - Text '' is set on object 'Object Repository/VLink/Page_CCSale/txt_CardZIP'

2021-06-22 02:31:40 - [MESSAGE][PASSED] - Object 'Object Repository/VLink/Page_CCSale/txt_CountryID' is present

2021-06-22 02:31:40 - [MESSAGE][PASSED] - Text '' is set on object 'Object Repository/VLink/Page_CCSale/txt_CountryID'

2021-06-22 02:31:41 - [MESSAGE][PASSED] - Object 'Object Repository/VLink/Page_CCSale/txt_Amount' is present

2021-06-22 02:31:41 - [MESSAGE][PASSED] - Text '1.50' is set on object 'Object Repository/VLink/Page_CCSale/txt_Amount'

2021-06-22 02:31:42 - [MESSAGE][PASSED] - Object 'Object Repository/VLink/Page_CCSale/txt_CardNumber' is present

2021-06-22 02:31:42 - [MESSAGE][PASSED] - Text '' is set on object 'Object Repository/VLink/Page_CCSale/txt_CardNumber'

2021-06-22 02:31:43 - [MESSAGE][PASSED] - Object 'Object Repository/VLink/Page_CCSale/txt_ExpMonth' is present

2021-06-22 02:31:43 - [MESSAGE][PASSED] - Text '' is set on object 'Object Repository/VLink/Page_CCSale/txt_ExpMonth'

2021-06-22 02:31:44 - [MESSAGE][PASSED] - Object 'Object Repository/VLink/Page_CCSale/txt_ExpYear' is present

2021-06-22 02:31:44 - [MESSAGE][PASSED] - Text '' is set on object 'Object Repository/VLink/Page_CCSale/txt_ExpYear'

2021-06-22 02:31:45 - [MESSAGE][PASSED] - Object 'Object Repository/VLink/Page_CCSale/txt_CVV' is present

2021-06-22 02:31:45 - [MESSAGE][PASSED] - Text '' is set on object 'Object Repository/VLink/Page_CCSale/txt_CVV'

2021-06-22 02:31:46 - [MESSAGE][PASSED] - Object 'Object Repository/VLink/Page_CCSale/txt_CVVstate' is present

2021-06-22 02:31:46 - [MESSAGE][PASSED] - Text '' is set on object 'Object Repository/VLink/Page_CCSale/txt_CVVstate'

2021-06-22 02:31:47 - [MESSAGE][PASSED] - Object 'Object Repository/VLink/Page_CCSale/txt_TrackData' is present

2021-06-22 02:31:47 - [MESSAGE][PASSED] - Text '' is set on object 'Object Repository/VLink/Page_CCSale/txt_TrackData'

2021-06-22 02:31:48 - [MESSAGE][PASSED] - Object 'Object Repository/VLink/Page_CCSale/txt_Track1Data' is present

2021-06-22 02:31:48 - [MESSAGE][PASSED] - Text '' is set on object 'Object Repository/VLink/Page_CCSale/txt_Track1Data'

2021-06-22 02:31:49 - [MESSAGE][PASSED] - Object 'Object Repository/VLink/Page_CCSale/txt_Track2Data' is present

2021-06-22 02:31:49 - [MESSAGE][PASSED] - Text ';5567080011582646=23032010902035400015?' is set on object 'Object Repository/VLink/Page_CCSale/txt_Track2Data'

2021-06-22 02:31:50 - [MESSAGE][PASSED] - Object 'Object Repository/VLink/Page_CCSale/txt_POSEntryMode' is present

2021-06-22 02:31:50 - [MESSAGE][PASSED] - Text '' is set on object 'Object Repository/VLink/Page_CCSale/txt_POSEntryMode'

2021-06-22 02:31:51 - [MESSAGE][PASSED] - Object 'Object Repository/VLink/Page_CCSale/txt_Email' is present

2021-06-22 02:31:51 - [MESSAGE][PASSED] - Text '' is set on object 'Object Repository/VLink/Page_CCSale/txt_Email'

2021-06-22 02:31:52 - [MESSAGE][PASSED] - Object 'Object Repository/VLink/Page_CCSale/txt_OrderNumber' is present

2021-06-22 02:31:52 - [MESSAGE][PASSED] - Text '' is set on object 'Object Repository/VLink/Page_CCSale/txt_OrderNumber'

2021-06-22 02:31:53 - [MESSAGE][PASSED] - Object 'Object Repository/VLink/Page_CCSale/txt_TaxAmount' is present

2021-06-22 02:31:53 - [MESSAGE][PASSED] - Text '' is set on object 'Object Repository/VLink/Page_CCSale/txt_TaxAmount'

2021-06-22 02:31:54 - [MESSAGE][PASSED] - Object 'Object Repository/VLink/Page_CCSale/txt_ChargeDescription' is present

2021-06-22 02:31:54 - [MESSAGE][PASSED] - Text '' is set on object 'Object Repository/VLink/Page_CCSale/txt_ChargeDescription'

2021-06-22 02:31:55 - [MESSAGE][PASSED] - Object 'Object Repository/VLink/Page_CCSale/txt_CAN' is present

2021-06-22 02:31:55 - [MESSAGE][PASSED] - Text '' is set on object 'Object Repository/VLink/Page_CCSale/txt_CAN'

2021-06-22 02:31:56 - [MESSAGE][PASSED] - Object 'Object Repository/VLink/Page_CCSale/txt_BillPaymentIndicator' is present

2021-06-22 02:31:56 - [MESSAGE][PASSED] - Text '' is set on object 'Object Repository/VLink/Page_CCSale/txt_BillPaymentIndicator'

2021-06-22 02:31:57 - [MESSAGE][PASSED] - Object 'Object Repository/VLink/Page_CCSale/txt_UDF1' is present

2021-06-22 02:31:57 - [MESSAGE][PASSED] - Text '' is set on object 'Object Repository/VLink/Page_CCSale/txt_UDF1'

2021-06-22 02:31:58 - [MESSAGE][PASSED] - Object 'Object Repository/VLink/Page_CCSale/txt_UDF2' is present

2021-06-22 02:31:58 - [MESSAGE][PASSED] - Text '' is set on object 'Object Repository/VLink/Page_CCSale/txt_UDF2'

2021-06-22 02:31:59 - [MESSAGE][PASSED] - Object 'Object Repository/VLink/Page_CCSale/txt_UDF3' is present

2021-06-22 02:31:59 - [MESSAGE][PASSED] - Text '' is set on object 'Object Repository/VLink/Page_CCSale/txt_UDF3'

2021-06-22 02:32:00 - [MESSAGE][PASSED] - Object 'Object Repository/VLink/Page_CCSale/txt_UDF4' is present

2021-06-22 02:32:00 - [MESSAGE][PASSED] - Text '' is set on object 'Object Repository/VLink/Page_CCSale/txt_UDF4'

2021-06-22 02:32:01 - [MESSAGE][PASSED] - Object 'Object Repository/VLink/Page_CCSale/txt_UDF5' is present

2021-06-22 02:32:01 - [MESSAGE][PASSED] - Text '' is set on object 'Object Repository/VLink/Page_CCSale/txt_UDF5'

2021-06-22 02:32:02 - [MESSAGE][PASSED] - Object 'Object Repository/VLink/Page_CCSale/txt_UDF6' is present

2021-06-22 02:32:02 - [MESSAGE][PASSED] - Text '' is set on object 'Object Repository/VLink/Page_CCSale/txt_UDF6'

2021-06-22 02:32:03 - [MESSAGE][PASSED] - Object 'Object Repository/VLink/Page_CCSale/txt_UDF7' is present

2021-06-22 02:32:03 - [MESSAGE][PASSED] - Text '' is set on object 'Object Repository/VLink/Page_CCSale/txt_UDF7'

2021-06-22 02:32:04 - [MESSAGE][PASSED] - Object 'Object Repository/VLink/Page_CCSale/txt_UDF8' is present

2021-06-22 02:32:04 - [MESSAGE][PASSED] - Text '' is set on object 'Object Repository/VLink/Page_CCSale/txt_UDF8'

2021-06-22 02:32:05 - [MESSAGE][PASSED] - Object 'Object Repository/VLink/Page_CCSale/txt_UDF9' is present

2021-06-22 02:32:05 - [MESSAGE][PASSED] - Text '' is set on object 'Object Repository/VLink/Page_CCSale/txt_UDF9'

2021-06-22 02:32:06 - [MESSAGE][PASSED] - Object 'Object Repository/VLink/Page_CCSale/txt_UDF10' is present

2021-06-22 02:32:06 - [MESSAGE][PASSED] - Text '' is set on object 'Object Repository/VLink/Page_CCSale/txt_UDF10'

2021-06-22 02:32:07 - [MESSAGE][PASSED] - Object 'Object Repository/VLink/Page_CCSale/txt_CardOnFileIndicator' is present

2021-06-22 02:32:07 - [MESSAGE][PASSED] - Text '' is set on object 'Object Repository/VLink/Page_CCSale/txt_CardOnFileIndicator'

2021-06-22 02:32:08 - [MESSAGE][PASSED] - Object 'Object Repository/VLink/Page_CCSale/txt_StoredCredentialIndicator' is present

2021-06-22 02:32:08 - [MESSAGE][PASSED] - Text '' is set on object 'Object Repository/VLink/Page_CCSale/txt_StoredCredentialIndicator'

2021-06-22 02:32:09 - [MESSAGE][PASSED] - Object 'Object Repository/VLink/Page_CCSale/txt_COFScheduledIndicator' is present

2021-06-22 02:32:09 - [MESSAGE][PASSED] - Text '' is set on object 'Object Repository/VLink/Page_CCSale/txt_COFScheduledIndicator'

2021-06-22 02:32:10 - [MESSAGE][PASSED] - Object 'Object Repository/VLink/Page_CCSale/txt_COFTransactionInitiatedBy' is present

2021-06-22 02:32:10 - [MESSAGE][PASSED] - Text '' is set on object 'Object Repository/VLink/Page_CCSale/txt_COFTransactionInitiatedBy'

2021-06-22 02:32:13 - [MESSAGE][PASSED] - Object: 'Object Repository/VLink/Page_CCSale/btn_ProcessVLinkTransaction' is clicked on

2021-06-22 02:32:18 - [MESSAGE][PASSED] - vlinkPages.saleCCPage.setDataSCC is PASSED

2021-06-22 02:32:18 - [TEST_STEP][PASSED] - if (verifyTextPresent("Transaction approved, no errors", true)): null

2021-06-22 02:32:19 - [MESSAGE][PASSED] - Text 'Transaction approved, no errors' is present on page  using regular expression

2021-06-22 02:32:19 - [TEST_STEP][PASSED] - println("Transaction Approved, no errors text is present on the Confirmation page"): null

2021-06-22 02:32:19 - [TEST_STEP][PASSED] - out.println("Pass Record Number: " + row): null

2021-06-22 02:32:19 - [TEST_STEP][PASSED] - resText = "Pass": null

2021-06-22 02:32:19 - [TEST_STEP][PASSED] - pages.WriteExcel.demoKey(resText, datText, resColumn, datCloumn, fileLoc, nameSheet, row): pages.WriteExcel.demoKey is PASSED

2021-06-22 02:32:19 - [MESSAGE][PASSED] - pages.WriteExcel.demoKey is PASSED

2021-06-22 02:32:19 - [TEST_STEP][PASSED] - sdfo = getText(findTestObject("Object Repository/Page_VLinkReceipt/pre_STX")): Text of object 'Object Repository/Page_VLinkReceipt/pre_STX' is: '<STX>hGfwbFsf9jLL                  12098433            0  Transaction approved, no errors                   0                                                                                  R OK8745   <ETX>'

2021-06-22 02:32:19 - [MESSAGE][PASSED] - Text of object 'Object Repository/Page_VLinkReceipt/pre_STX' is: '<STX>hGfwbFsf9jLL                  12098433            0  Transaction approved, no errors                   0                                                                                  R OK8745   <ETX>'

2021-06-22 02:32:19 - [TEST_STEP][PASSED] - out.println("sdfo: " + sdfo): null

2021-06-22 02:32:19 - [TEST_STEP][PASSED] - remID = substring(5, 35).trim(): null

2021-06-22 02:32:19 - [TEST_STEP][PASSED] - out.println("Remittance ID: " + remID): null

2021-06-22 02:32:19 - [TEST_STEP][PASSED] - traxID = substring(35, 55).trim(): null

2021-06-22 02:32:19 - [TEST_STEP][PASSED] - out.println("Transaction ID: " + traxID): null

2021-06-22 02:32:19 - [TEST_STEP][PASSED] - out.println("End Record Number: " + row): null

2021-06-22 02:32:19 - [TEST_STEP][PASSED] - closeBrowser(): Browser is closed

2021-06-22 02:32:20 - [MESSAGE][PASSED] - Browser is closed

2021-06-22 02:32:20 - [TEST_STEP][PASSED] - out.println("Begin Record Number: " + row): null

2021-06-22 02:32:20 - [TEST_STEP][PASSED] - today = new java.util.Date(): null

2021-06-22 02:32:20 - [TEST_STEP][PASSED] - println(today): null

2021-06-22 02:32:20 - [TEST_STEP][PASSED] - datText = today: null

2021-06-22 02:32:20 - [TEST_STEP][PASSED] - openBrowser(VLinkURL + "authcap.html"): Browser is opened with url: 'https://dev-algorithm.govolution.com/vlinktest/QA/version_2_0/authcap.html'

2021-06-22 02:32:20 - [MESSAGE][INFO] - Starting 'Chrome' driver

2021-06-22 02:32:20 - [MESSAGE][INFO] - User set preference: ['acceptInsecureCerts', 'true']

2021-06-22 02:32:20 - [MESSAGE][INFO] - Action delay is set to 0 milliseconds

2021-06-22 02:32:22 - [MESSAGE][PASSED] - Browser is opened with url: 'https://dev-algorithm.govolution.com/vlinktest/QA/version_2_0/authcap.html'

2021-06-22 02:32:22 - [TEST_STEP][PASSED] - maximizeWindow(): Current window maximized

2021-06-22 02:32:22 - [MESSAGE][PASSED] - Current window maximized

2021-06-22 02:32:22 - [TEST_STEP][PASSED] - vlinkPages.saleCCPage.setDataSCC(row, dataFile): vlinkPages.saleCCPage.setDataSCC is PASSED

2021-06-22 02:32:24 - [MESSAGE][PASSED] - Object 'Object Repository/VLink/Page_CCSale/txt_CardNumber' is present

2021-06-22 02:32:24 - [MESSAGE][PASSED] - Object 'Object Repository/VLink/Page_CCSale/txt_TransactionType' is present

2021-06-22 02:32:25 - [MESSAGE][PASSED] - Text '104' is set on object 'Object Repository/VLink/Page_CCSale/txt_TransactionType'

2021-06-22 02:32:25 - [MESSAGE][PASSED] - Object 'Object Repository/VLink/Page_CCSale/txt_MessageVersion' is present

2021-06-22 02:32:26 - [MESSAGE][PASSED] - Text '2.0C' is set on object 'Object Repository/VLink/Page_CCSale/txt_MessageVersion'

2021-06-22 02:32:26 - [MESSAGE][PASSED] - Object 'Object Repository/VLink/Page_CCSale/txt_RemID' is present

2021-06-22 02:32:27 - [MESSAGE][PASSED] - Text 'H5XZocdsUG9U' is set on object 'Object Repository/VLink/Page_CCSale/txt_RemID'

2021-06-22 02:32:27 - [MESSAGE][PASSED] - Object 'Object Repository/VLink/Page_CCSale/txt_ApplicationId' is present

2021-06-22 02:32:28 - [MESSAGE][PASSED] - Text '665' is set on object 'Object Repository/VLink/Page_CCSale/txt_ApplicationId'

2021-06-22 02:32:28 - [MESSAGE][PASSED] - Object 'Object Repository/VLink/Page_CCSale/txt_Username' is present

2021-06-22 02:32:29 - [MESSAGE][PASSED] - Text 'username' is set on object 'Object Repository/VLink/Page_CCSale/txt_Username'

2021-06-22 02:32:29 - [MESSAGE][PASSED] - Object 'Object Repository/VLink/Page_CCSale/txt_Password' is present

2021-06-22 02:32:30 - [MESSAGE][PASSED] - Text 'password' is set on object 'Object Repository/VLink/Page_CCSale/txt_Password'

2021-06-22 02:32:30 - [MESSAGE][PASSED] - Object 'Object Repository/VLink/Page_CCSale/txt_ResponseFormat' is present

2021-06-22 02:32:31 - [MESSAGE][PASSED] - Text 'fixed_width' is set on object 'Object Repository/VLink/Page_CCSale/txt_ResponseFormat'

2021-06-22 02:32:31 - [MESSAGE][PASSED] - Object 'Object Repository/VLink/Page_CCSale/txt_Category' is present

2021-06-22 02:32:31 - [MESSAGE][PASSED] - Text 'RETL' is set on object 'Object Repository/VLink/Page_CCSale/txt_Category'

2021-06-22 02:32:32 - [MESSAGE][PASSED] - Object 'Object Repository/VLink/Page_CCSale/txt_TransactionID' is present

2021-06-22 02:32:32 - [MESSAGE][PASSED] - Text '' is set on object 'Object Repository/VLink/Page_CCSale/txt_TransactionID'

2021-06-22 02:32:33 - [MESSAGE][PASSED] - Object 'Object Repository/VLink/Page_CCSale/txt_ApprovalCode' is present

2021-06-22 02:32:33 - [MESSAGE][PASSED] - Text '' is set on object 'Object Repository/VLink/Page_CCSale/txt_ApprovalCode'

2021-06-22 02:32:34 - [MESSAGE][PASSED] - Object 'Object Repository/VLink/Page_CCSale/txt_CardName' is present

2021-06-22 02:32:34 - [MESSAGE][PASSED] - Text '' is set on object 'Object Repository/VLink/Page_CCSale/txt_CardName'

2021-06-22 02:32:35 - [MESSAGE][PASSED] - Object 'Object Repository/VLink/Page_CCSale/txt_AL1' is present

2021-06-22 02:32:35 - [MESSAGE][PASSED] - Text '' is set on object 'Object Repository/VLink/Page_CCSale/txt_AL1'

2021-06-22 02:32:36 - [MESSAGE][PASSED] - Object 'Object Repository/VLink/Page_CCSale/txt_AL2' is present

2021-06-22 02:32:36 - [MESSAGE][PASSED] - Text '' is set on object 'Object Repository/VLink/Page_CCSale/txt_AL2'

2021-06-22 02:32:37 - [MESSAGE][PASSED] - Object 'Object Repository/VLink/Page_CCSale/txt_CardCity' is present

2021-06-22 02:32:37 - [MESSAGE][PASSED] - Text '' is set on object 'Object Repository/VLink/Page_CCSale/txt_CardCity'

2021-06-22 02:32:38 - [MESSAGE][PASSED] - Object 'Object Repository/VLink/Page_CCSale/txt_CardState' is present

2021-06-22 02:32:38 - [MESSAGE][PASSED] - Text '' is set on object 'Object Repository/VLink/Page_CCSale/txt_CardState'

2021-06-22 02:32:39 - [MESSAGE][PASSED] - Object 'Object Repository/VLink/Page_CCSale/txt_CardZIP' is present

2021-06-22 02:32:39 - [MESSAGE][PASSED] - Text '' is set on object 'Object Repository/VLink/Page_CCSale/txt_CardZIP'

2021-06-22 02:32:40 - [MESSAGE][PASSED] - Object 'Object Repository/VLink/Page_CCSale/txt_CountryID' is present

2021-06-22 02:32:40 - [MESSAGE][PASSED] - Text '' is set on object 'Object Repository/VLink/Page_CCSale/txt_CountryID'

2021-06-22 02:32:41 - [MESSAGE][PASSED] - Object 'Object Repository/VLink/Page_CCSale/txt_Amount' is present

2021-06-22 02:32:41 - [MESSAGE][PASSED] - Text '1.50' is set on object 'Object Repository/VLink/Page_CCSale/txt_Amount'

2021-06-22 02:32:42 - [MESSAGE][PASSED] - Object 'Object Repository/VLink/Page_CCSale/txt_CardNumber' is present

2021-06-22 02:32:42 - [MESSAGE][PASSED] - Text '' is set on object 'Object Repository/VLink/Page_CCSale/txt_CardNumber'

2021-06-22 02:32:43 - [MESSAGE][PASSED] - Object 'Object Repository/VLink/Page_CCSale/txt_ExpMonth' is present

2021-06-22 02:32:43 - [MESSAGE][PASSED] - Text '' is set on object 'Object Repository/VLink/Page_CCSale/txt_ExpMonth'

2021-06-22 02:32:44 - [MESSAGE][PASSED] - Object 'Object Repository/VLink/Page_CCSale/txt_ExpYear' is present

2021-06-22 02:32:44 - [MESSAGE][PASSED] - Text '' is set on object 'Object Repository/VLink/Page_CCSale/txt_ExpYear'

2021-06-22 02:32:45 - [MESSAGE][PASSED] - Object 'Object Repository/VLink/Page_CCSale/txt_CVV' is present

2021-06-22 02:32:45 - [MESSAGE][PASSED] - Text '' is set on object 'Object Repository/VLink/Page_CCSale/txt_CVV'

2021-06-22 02:32:46 - [MESSAGE][PASSED] - Object 'Object Repository/VLink/Page_CCSale/txt_CVVstate' is present

2021-06-22 02:32:46 - [MESSAGE][PASSED] - Text '' is set on object 'Object Repository/VLink/Page_CCSale/txt_CVVstate'

2021-06-22 02:32:47 - [MESSAGE][PASSED] - Object 'Object Repository/VLink/Page_CCSale/txt_TrackData' is present

2021-06-22 02:32:47 - [MESSAGE][PASSED] - Text '' is set on object 'Object Repository/VLink/Page_CCSale/txt_TrackData'

2021-06-22 02:32:48 - [MESSAGE][PASSED] - Object 'Object Repository/VLink/Page_CCSale/txt_Track1Data' is present

2021-06-22 02:32:48 - [MESSAGE][PASSED] - Text '%B5567080011582646^AHMED/IMTIAZ              ^2303201090200000000000354000015?' is set on object 'Object Repository/VLink/Page_CCSale/txt_Track1Data'

2021-06-22 02:32:49 - [MESSAGE][PASSED] - Object 'Object Repository/VLink/Page_CCSale/txt_Track2Data' is present

2021-06-22 02:32:49 - [MESSAGE][PASSED] - Text ';5567080011582646=23032010902035400015?' is set on object 'Object Repository/VLink/Page_CCSale/txt_Track2Data'

2021-06-22 02:32:50 - [MESSAGE][PASSED] - Object 'Object Repository/VLink/Page_CCSale/txt_POSEntryMode' is present

2021-06-22 02:32:50 - [MESSAGE][PASSED] - Text '' is set on object 'Object Repository/VLink/Page_CCSale/txt_POSEntryMode'

2021-06-22 02:32:51 - [MESSAGE][PASSED] - Object 'Object Repository/VLink/Page_CCSale/txt_Email' is present

2021-06-22 02:32:51 - [MESSAGE][PASSED] - Text '' is set on object 'Object Repository/VLink/Page_CCSale/txt_Email'

2021-06-22 02:32:52 - [MESSAGE][PASSED] - Object 'Object Repository/VLink/Page_CCSale/txt_OrderNumber' is present

2021-06-22 02:32:52 - [MESSAGE][PASSED] - Text '' is set on object 'Object Repository/VLink/Page_CCSale/txt_OrderNumber'

2021-06-22 02:32:53 - [MESSAGE][PASSED] - Object 'Object Repository/VLink/Page_CCSale/txt_TaxAmount' is present

2021-06-22 02:32:53 - [MESSAGE][PASSED] - Text '' is set on object 'Object Repository/VLink/Page_CCSale/txt_TaxAmount'

2021-06-22 02:32:54 - [MESSAGE][PASSED] - Object 'Object Repository/VLink/Page_CCSale/txt_ChargeDescription' is present

2021-06-22 02:32:54 - [MESSAGE][PASSED] - Text '' is set on object 'Object Repository/VLink/Page_CCSale/txt_ChargeDescription'

2021-06-22 02:32:55 - [MESSAGE][PASSED] - Object 'Object Repository/VLink/Page_CCSale/txt_CAN' is present

2021-06-22 02:32:55 - [MESSAGE][PASSED] - Text '' is set on object 'Object Repository/VLink/Page_CCSale/txt_CAN'

2021-06-22 02:32:56 - [MESSAGE][PASSED] - Object 'Object Repository/VLink/Page_CCSale/txt_BillPaymentIndicator' is present

2021-06-22 02:32:56 - [MESSAGE][PASSED] - Text '' is set on object 'Object Repository/VLink/Page_CCSale/txt_BillPaymentIndicator'

2021-06-22 02:32:57 - [MESSAGE][PASSED] - Object 'Object Repository/VLink/Page_CCSale/txt_UDF1' is present

2021-06-22 02:32:57 - [MESSAGE][PASSED] - Text '' is set on object 'Object Repository/VLink/Page_CCSale/txt_UDF1'

2021-06-22 02:32:58 - [MESSAGE][PASSED] - Object 'Object Repository/VLink/Page_CCSale/txt_UDF2' is present

2021-06-22 02:32:58 - [MESSAGE][PASSED] - Text '' is set on object 'Object Repository/VLink/Page_CCSale/txt_UDF2'

2021-06-22 02:32:59 - [MESSAGE][PASSED] - Object 'Object Repository/VLink/Page_CCSale/txt_UDF3' is present

2021-06-22 02:32:59 - [MESSAGE][PASSED] - Text '' is set on object 'Object Repository/VLink/Page_CCSale/txt_UDF3'

2021-06-22 02:33:00 - [MESSAGE][PASSED] - Object 'Object Repository/VLink/Page_CCSale/txt_UDF4' is present

2021-06-22 02:33:00 - [MESSAGE][PASSED] - Text '' is set on object 'Object Repository/VLink/Page_CCSale/txt_UDF4'

2021-06-22 02:33:01 - [MESSAGE][PASSED] - Object 'Object Repository/VLink/Page_CCSale/txt_UDF5' is present

2021-06-22 02:33:01 - [MESSAGE][PASSED] - Text '' is set on object 'Object Repository/VLink/Page_CCSale/txt_UDF5'

2021-06-22 02:33:02 - [MESSAGE][PASSED] - Object 'Object Repository/VLink/Page_CCSale/txt_UDF6' is present

2021-06-22 02:33:02 - [MESSAGE][PASSED] - Text '' is set on object 'Object Repository/VLink/Page_CCSale/txt_UDF6'

2021-06-22 02:33:03 - [MESSAGE][PASSED] - Object 'Object Repository/VLink/Page_CCSale/txt_UDF7' is present

2021-06-22 02:33:03 - [MESSAGE][PASSED] - Text '' is set on object 'Object Repository/VLink/Page_CCSale/txt_UDF7'

2021-06-22 02:33:04 - [MESSAGE][PASSED] - Object 'Object Repository/VLink/Page_CCSale/txt_UDF8' is present

2021-06-22 02:33:04 - [MESSAGE][PASSED] - Text '' is set on object 'Object Repository/VLink/Page_CCSale/txt_UDF8'

2021-06-22 02:33:05 - [MESSAGE][PASSED] - Object 'Object Repository/VLink/Page_CCSale/txt_UDF9' is present

2021-06-22 02:33:05 - [MESSAGE][PASSED] - Text '' is set on object 'Object Repository/VLink/Page_CCSale/txt_UDF9'

2021-06-22 02:33:06 - [MESSAGE][PASSED] - Object 'Object Repository/VLink/Page_CCSale/txt_UDF10' is present

2021-06-22 02:33:06 - [MESSAGE][PASSED] - Text '' is set on object 'Object Repository/VLink/Page_CCSale/txt_UDF10'

2021-06-22 02:33:07 - [MESSAGE][PASSED] - Object 'Object Repository/VLink/Page_CCSale/txt_CardOnFileIndicator' is present

2021-06-22 02:33:07 - [MESSAGE][PASSED] - Text '' is set on object 'Object Repository/VLink/Page_CCSale/txt_CardOnFileIndicator'

2021-06-22 02:33:08 - [MESSAGE][PASSED] - Object 'Object Repository/VLink/Page_CCSale/txt_StoredCredentialIndicator' is present

2021-06-22 02:33:08 - [MESSAGE][PASSED] - Text '' is set on object 'Object Repository/VLink/Page_CCSale/txt_StoredCredentialIndicator'

2021-06-22 02:33:09 - [MESSAGE][PASSED] - Object 'Object Repository/VLink/Page_CCSale/txt_COFScheduledIndicator' is present

2021-06-22 02:33:09 - [MESSAGE][PASSED] - Text '' is set on object 'Object Repository/VLink/Page_CCSale/txt_COFScheduledIndicator'

2021-06-22 02:33:10 - [MESSAGE][PASSED] - Object 'Object Repository/VLink/Page_CCSale/txt_COFTransactionInitiatedBy' is present

2021-06-22 02:33:10 - [MESSAGE][PASSED] - Text '' is set on object 'Object Repository/VLink/Page_CCSale/txt_COFTransactionInitiatedBy'

2021-06-22 02:33:13 - [MESSAGE][PASSED] - Object: 'Object Repository/VLink/Page_CCSale/btn_ProcessVLinkTransaction' is clicked on

2021-06-22 02:33:18 - [MESSAGE][PASSED] - vlinkPages.saleCCPage.setDataSCC is PASSED

2021-06-22 02:33:18 - [TEST_STEP][PASSED] - if (verifyTextPresent("Transaction approved, no errors", true)): null

2021-06-22 02:33:18 - [MESSAGE][PASSED] - Text 'Transaction approved, no errors' is present on page  using regular expression

2021-06-22 02:33:18 - [TEST_STEP][PASSED] - println("Transaction Approved, no errors text is present on the Confirmation page"): null

2021-06-22 02:33:18 - [TEST_STEP][PASSED] - out.println("Pass Record Number: " + row): null

2021-06-22 02:33:18 - [TEST_STEP][PASSED] - resText = "Pass": null

2021-06-22 02:33:18 - [TEST_STEP][PASSED] - pages.WriteExcel.demoKey(resText, datText, resColumn, datCloumn, fileLoc, nameSheet, row): pages.WriteExcel.demoKey is PASSED

2021-06-22 02:33:18 - [MESSAGE][PASSED] - pages.WriteExcel.demoKey is PASSED

2021-06-22 02:33:18 - [TEST_STEP][PASSED] - sdfo = getText(findTestObject("Object Repository/Page_VLinkReceipt/pre_STX")): Text of object 'Object Repository/Page_VLinkReceipt/pre_STX' is: '<STX>H5XZocdsUG9U                  12098434            0  Transaction approved, no errors                   0                                                                                  R OK9045   <ETX>'

2021-06-22 02:33:19 - [MESSAGE][PASSED] - Text of object 'Object Repository/Page_VLinkReceipt/pre_STX' is: '<STX>H5XZocdsUG9U                  12098434            0  Transaction approved, no errors                   0                                                                                  R OK9045   <ETX>'

2021-06-22 02:33:19 - [TEST_STEP][PASSED] - out.println("sdfo: " + sdfo): null

2021-06-22 02:33:19 - [TEST_STEP][PASSED] - remID = substring(5, 35).trim(): null

2021-06-22 02:33:19 - [TEST_STEP][PASSED] - out.println("Remittance ID: " + remID): null

2021-06-22 02:33:19 - [TEST_STEP][PASSED] - traxID = substring(35, 55).trim(): null

2021-06-22 02:33:19 - [TEST_STEP][PASSED] - out.println("Transaction ID: " + traxID): null

2021-06-22 02:33:19 - [TEST_STEP][PASSED] - out.println("End Record Number: " + row): null

2021-06-22 02:33:19 - [TEST_STEP][PASSED] - closeBrowser(): Browser is closed

2021-06-22 02:33:20 - [MESSAGE][PASSED] - Browser is closed

2021-06-22 02:33:20 - [TEST_STEP][PASSED] - out.println("Begin Record Number: " + row): null

2021-06-22 02:33:20 - [TEST_STEP][PASSED] - today = new java.util.Date(): null

2021-06-22 02:33:20 - [TEST_STEP][PASSED] - println(today): null

2021-06-22 02:33:20 - [TEST_STEP][PASSED] - datText = today: null

2021-06-22 02:33:20 - [TEST_STEP][PASSED] - openBrowser(VLinkURL + "authcap.html"): Browser is opened with url: 'https://dev-algorithm.govolution.com/vlinktest/QA/version_2_0/authcap.html'

2021-06-22 02:33:20 - [MESSAGE][INFO] - Starting 'Chrome' driver

2021-06-22 02:33:20 - [MESSAGE][INFO] - User set preference: ['acceptInsecureCerts', 'true']

2021-06-22 02:33:20 - [MESSAGE][INFO] - Action delay is set to 0 milliseconds

2021-06-22 02:33:21 - [MESSAGE][PASSED] - Browser is opened with url: 'https://dev-algorithm.govolution.com/vlinktest/QA/version_2_0/authcap.html'

2021-06-22 02:33:21 - [TEST_STEP][PASSED] - maximizeWindow(): Current window maximized

2021-06-22 02:33:21 - [MESSAGE][PASSED] - Current window maximized

2021-06-22 02:33:21 - [TEST_STEP][PASSED] - vlinkPages.saleCCPage.setDataSCC(row, dataFile): vlinkPages.saleCCPage.setDataSCC is PASSED

2021-06-22 02:33:23 - [MESSAGE][PASSED] - Object 'Object Repository/VLink/Page_CCSale/txt_CardNumber' is present

2021-06-22 02:33:24 - [MESSAGE][PASSED] - Object 'Object Repository/VLink/Page_CCSale/txt_TransactionType' is present

2021-06-22 02:33:24 - [MESSAGE][PASSED] - Text '104' is set on object 'Object Repository/VLink/Page_CCSale/txt_TransactionType'

2021-06-22 02:33:25 - [MESSAGE][PASSED] - Object 'Object Repository/VLink/Page_CCSale/txt_MessageVersion' is present

2021-06-22 02:33:25 - [MESSAGE][PASSED] - Text '2.0C' is set on object 'Object Repository/VLink/Page_CCSale/txt_MessageVersion'

2021-06-22 02:33:26 - [MESSAGE][PASSED] - Object 'Object Repository/VLink/Page_CCSale/txt_RemID' is present

2021-06-22 02:33:26 - [MESSAGE][PASSED] - Text 'NR4C7RGp7sVy' is set on object 'Object Repository/VLink/Page_CCSale/txt_RemID'

2021-06-22 02:33:26 - [MESSAGE][PASSED] - Object 'Object Repository/VLink/Page_CCSale/txt_ApplicationId' is present

2021-06-22 02:33:27 - [MESSAGE][PASSED] - Text '672' is set on object 'Object Repository/VLink/Page_CCSale/txt_ApplicationId'

2021-06-22 02:33:27 - [MESSAGE][PASSED] - Object 'Object Repository/VLink/Page_CCSale/txt_Username' is present

2021-06-22 02:33:28 - [MESSAGE][PASSED] - Text 'username' is set on object 'Object Repository/VLink/Page_CCSale/txt_Username'

2021-06-22 02:33:28 - [MESSAGE][PASSED] - Object 'Object Repository/VLink/Page_CCSale/txt_Password' is present

2021-06-22 02:33:29 - [MESSAGE][PASSED] - Text 'password' is set on object 'Object Repository/VLink/Page_CCSale/txt_Password'

2021-06-22 02:33:29 - [MESSAGE][PASSED] - Object 'Object Repository/VLink/Page_CCSale/txt_ResponseFormat' is present

2021-06-22 02:33:30 - [MESSAGE][PASSED] - Text 'fixed_width' is set on object 'Object Repository/VLink/Page_CCSale/txt_ResponseFormat'

2021-06-22 02:33:30 - [MESSAGE][PASSED] - Object 'Object Repository/VLink/Page_CCSale/txt_Category' is present

2021-06-22 02:33:31 - [MESSAGE][PASSED] - Text 'RETL' is set on object 'Object Repository/VLink/Page_CCSale/txt_Category'

2021-06-22 02:33:31 - [MESSAGE][PASSED] - Object 'Object Repository/VLink/Page_CCSale/txt_TransactionID' is present

2021-06-22 02:33:32 - [MESSAGE][PASSED] - Text '' is set on object 'Object Repository/VLink/Page_CCSale/txt_TransactionID'

2021-06-22 02:33:32 - [MESSAGE][PASSED] - Object 'Object Repository/VLink/Page_CCSale/txt_ApprovalCode' is present

2021-06-22 02:33:33 - [MESSAGE][PASSED] - Text '' is set on object 'Object Repository/VLink/Page_CCSale/txt_ApprovalCode'

2021-06-22 02:33:33 - [MESSAGE][PASSED] - Object 'Object Repository/VLink/Page_CCSale/txt_CardName' is present

2021-06-22 02:33:34 - [MESSAGE][PASSED] - Text '' is set on object 'Object Repository/VLink/Page_CCSale/txt_CardName'

2021-06-22 02:33:34 - [MESSAGE][PASSED] - Object 'Object Repository/VLink/Page_CCSale/txt_AL1' is present

2021-06-22 02:33:35 - [MESSAGE][PASSED] - Text '' is set on object 'Object Repository/VLink/Page_CCSale/txt_AL1'

2021-06-22 02:33:35 - [MESSAGE][PASSED] - Object 'Object Repository/VLink/Page_CCSale/txt_AL2' is present

2021-06-22 02:33:36 - [MESSAGE][PASSED] - Text '' is set on object 'Object Repository/VLink/Page_CCSale/txt_AL2'

2021-06-22 02:33:36 - [MESSAGE][PASSED] - Object 'Object Repository/VLink/Page_CCSale/txt_CardCity' is present

2021-06-22 02:33:37 - [MESSAGE][PASSED] - Text '' is set on object 'Object Repository/VLink/Page_CCSale/txt_CardCity'

2021-06-22 02:33:37 - [MESSAGE][PASSED] - Object 'Object Repository/VLink/Page_CCSale/txt_CardState' is present

2021-06-22 02:33:38 - [MESSAGE][PASSED] - Text '' is set on object 'Object Repository/VLink/Page_CCSale/txt_CardState'

2021-06-22 02:33:38 - [MESSAGE][PASSED] - Object 'Object Repository/VLink/Page_CCSale/txt_CardZIP' is present

2021-06-22 02:33:39 - [MESSAGE][PASSED] - Text '' is set on object 'Object Repository/VLink/Page_CCSale/txt_CardZIP'

2021-06-22 02:33:39 - [MESSAGE][PASSED] - Object 'Object Repository/VLink/Page_CCSale/txt_CountryID' is present

2021-06-22 02:33:40 - [MESSAGE][PASSED] - Text '' is set on object 'Object Repository/VLink/Page_CCSale/txt_CountryID'

2021-06-22 02:33:40 - [MESSAGE][PASSED] - Object 'Object Repository/VLink/Page_CCSale/txt_Amount' is present

2021-06-22 02:33:41 - [MESSAGE][PASSED] - Text '2.50' is set on object 'Object Repository/VLink/Page_CCSale/txt_Amount'

2021-06-22 02:33:41 - [MESSAGE][PASSED] - Object 'Object Repository/VLink/Page_CCSale/txt_CardNumber' is present

2021-06-22 02:33:42 - [MESSAGE][PASSED] - Text '' is set on object 'Object Repository/VLink/Page_CCSale/txt_CardNumber'

2021-06-22 02:33:42 - [MESSAGE][PASSED] - Object 'Object Repository/VLink/Page_CCSale/txt_ExpMonth' is present

2021-06-22 02:33:43 - [MESSAGE][PASSED] - Text '' is set on object 'Object Repository/VLink/Page_CCSale/txt_ExpMonth'

2021-06-22 02:33:43 - [MESSAGE][PASSED] - Object 'Object Repository/VLink/Page_CCSale/txt_ExpYear' is present

2021-06-22 02:33:44 - [MESSAGE][PASSED] - Text '' is set on object 'Object Repository/VLink/Page_CCSale/txt_ExpYear'

2021-06-22 02:33:44 - [MESSAGE][PASSED] - Object 'Object Repository/VLink/Page_CCSale/txt_CVV' is present

2021-06-22 02:33:45 - [MESSAGE][PASSED] - Text '' is set on object 'Object Repository/VLink/Page_CCSale/txt_CVV'

2021-06-22 02:33:45 - [MESSAGE][PASSED] - Object 'Object Repository/VLink/Page_CCSale/txt_CVVstate' is present

2021-06-22 02:33:46 - [MESSAGE][PASSED] - Text '' is set on object 'Object Repository/VLink/Page_CCSale/txt_CVVstate'

2021-06-22 02:33:46 - [MESSAGE][PASSED] - Object 'Object Repository/VLink/Page_CCSale/txt_TrackData' is present

2021-06-22 02:33:47 - [MESSAGE][PASSED] - Text '%B5567080011582646^AHMED/IMTIAZ              ^2303201090200000000000354000015?;5567080011582646=23032010902035400015?' is set on object 'Object Repository/VLink/Page_CCSale/txt_TrackData'

2021-06-22 02:33:47 - [MESSAGE][PASSED] - Object 'Object Repository/VLink/Page_CCSale/txt_Track1Data' is present

2021-06-22 02:33:48 - [MESSAGE][PASSED] - Text '' is set on object 'Object Repository/VLink/Page_CCSale/txt_Track1Data'

2021-06-22 02:33:48 - [MESSAGE][PASSED] - Object 'Object Repository/VLink/Page_CCSale/txt_Track2Data' is present

2021-06-22 02:33:49 - [MESSAGE][PASSED] - Text '' is set on object 'Object Repository/VLink/Page_CCSale/txt_Track2Data'

2021-06-22 02:33:49 - [MESSAGE][PASSED] - Object 'Object Repository/VLink/Page_CCSale/txt_POSEntryMode' is present

2021-06-22 02:33:50 - [MESSAGE][PASSED] - Text '' is set on object 'Object Repository/VLink/Page_CCSale/txt_POSEntryMode'

2021-06-22 02:33:50 - [MESSAGE][PASSED] - Object 'Object Repository/VLink/Page_CCSale/txt_Email' is present

2021-06-22 02:33:51 - [MESSAGE][PASSED] - Text '' is set on object 'Object Repository/VLink/Page_CCSale/txt_Email'

2021-06-22 02:33:51 - [MESSAGE][PASSED] - Object 'Object Repository/VLink/Page_CCSale/txt_OrderNumber' is present

2021-06-22 02:33:52 - [MESSAGE][PASSED] - Text '' is set on object 'Object Repository/VLink/Page_CCSale/txt_OrderNumber'

2021-06-22 02:33:52 - [MESSAGE][PASSED] - Object 'Object Repository/VLink/Page_CCSale/txt_TaxAmount' is present

2021-06-22 02:33:53 - [MESSAGE][PASSED] - Text '' is set on object 'Object Repository/VLink/Page_CCSale/txt_TaxAmount'

2021-06-22 02:33:53 - [MESSAGE][PASSED] - Object 'Object Repository/VLink/Page_CCSale/txt_ChargeDescription' is present

2021-06-22 02:33:54 - [MESSAGE][PASSED] - Text '' is set on object 'Object Repository/VLink/Page_CCSale/txt_ChargeDescription'

2021-06-22 02:33:54 - [MESSAGE][PASSED] - Object 'Object Repository/VLink/Page_CCSale/txt_CAN' is present

2021-06-22 02:33:55 - [MESSAGE][PASSED] - Text '' is set on object 'Object Repository/VLink/Page_CCSale/txt_CAN'

2021-06-22 02:33:55 - [MESSAGE][PASSED] - Object 'Object Repository/VLink/Page_CCSale/txt_BillPaymentIndicator' is present

2021-06-22 02:33:56 - [MESSAGE][PASSED] - Text '' is set on object 'Object Repository/VLink/Page_CCSale/txt_BillPaymentIndicator'

2021-06-22 02:33:56 - [MESSAGE][PASSED] - Object 'Object Repository/VLink/Page_CCSale/txt_UDF1' is present

2021-06-22 02:33:57 - [MESSAGE][PASSED] - Text '' is set on object 'Object Repository/VLink/Page_CCSale/txt_UDF1'

2021-06-22 02:33:57 - [MESSAGE][PASSED] - Object 'Object Repository/VLink/Page_CCSale/txt_UDF2' is present

2021-06-22 02:33:58 - [MESSAGE][PASSED] - Text '' is set on object 'Object Repository/VLink/Page_CCSale/txt_UDF2'

2021-06-22 02:33:58 - [MESSAGE][PASSED] - Object 'Object Repository/VLink/Page_CCSale/txt_UDF3' is present

2021-06-22 02:33:59 - [MESSAGE][PASSED] - Text '' is set on object 'Object Repository/VLink/Page_CCSale/txt_UDF3'

2021-06-22 02:33:59 - [MESSAGE][PASSED] - Object 'Object Repository/VLink/Page_CCSale/txt_UDF4' is present

2021-06-22 02:34:00 - [MESSAGE][PASSED] - Text '' is set on object 'Object Repository/VLink/Page_CCSale/txt_UDF4'

2021-06-22 02:34:00 - [MESSAGE][PASSED] - Object 'Object Repository/VLink/Page_CCSale/txt_UDF5' is present

2021-06-22 02:34:01 - [MESSAGE][PASSED] - Text '' is set on object 'Object Repository/VLink/Page_CCSale/txt_UDF5'

2021-06-22 02:34:01 - [MESSAGE][PASSED] - Object 'Object Repository/VLink/Page_CCSale/txt_UDF6' is present

2021-06-22 02:34:02 - [MESSAGE][PASSED] - Text '' is set on object 'Object Repository/VLink/Page_CCSale/txt_UDF6'

2021-06-22 02:34:02 - [MESSAGE][PASSED] - Object 'Object Repository/VLink/Page_CCSale/txt_UDF7' is present

2021-06-22 02:34:03 - [MESSAGE][PASSED] - Text '' is set on object 'Object Repository/VLink/Page_CCSale/txt_UDF7'

2021-06-22 02:34:03 - [MESSAGE][PASSED] - Object 'Object Repository/VLink/Page_CCSale/txt_UDF8' is present

2021-06-22 02:34:04 - [MESSAGE][PASSED] - Text '' is set on object 'Object Repository/VLink/Page_CCSale/txt_UDF8'

2021-06-22 02:34:04 - [MESSAGE][PASSED] - Object 'Object Repository/VLink/Page_CCSale/txt_UDF9' is present

2021-06-22 02:34:05 - [MESSAGE][PASSED] - Text '' is set on object 'Object Repository/VLink/Page_CCSale/txt_UDF9'

2021-06-22 02:34:05 - [MESSAGE][PASSED] - Object 'Object Repository/VLink/Page_CCSale/txt_UDF10' is present

2021-06-22 02:34:06 - [MESSAGE][PASSED] - Text '' is set on object 'Object Repository/VLink/Page_CCSale/txt_UDF10'

2021-06-22 02:34:06 - [MESSAGE][PASSED] - Object 'Object Repository/VLink/Page_CCSale/txt_CardOnFileIndicator' is present

2021-06-22 02:34:07 - [MESSAGE][PASSED] - Text '' is set on object 'Object Repository/VLink/Page_CCSale/txt_CardOnFileIndicator'

2021-06-22 02:34:07 - [MESSAGE][PASSED] - Object 'Object Repository/VLink/Page_CCSale/txt_StoredCredentialIndicator' is present

2021-06-22 02:34:08 - [MESSAGE][PASSED] - Text '' is set on object 'Object Repository/VLink/Page_CCSale/txt_StoredCredentialIndicator'

2021-06-22 02:34:08 - [MESSAGE][PASSED] - Object 'Object Repository/VLink/Page_CCSale/txt_COFScheduledIndicator' is present

2021-06-22 02:34:09 - [MESSAGE][PASSED] - Text '' is set on object 'Object Repository/VLink/Page_CCSale/txt_COFScheduledIndicator'

2021-06-22 02:34:09 - [MESSAGE][PASSED] - Object 'Object Repository/VLink/Page_CCSale/txt_COFTransactionInitiatedBy' is present

2021-06-22 02:34:10 - [MESSAGE][PASSED] - Text '' is set on object 'Object Repository/VLink/Page_CCSale/txt_COFTransactionInitiatedBy'

2021-06-22 02:34:13 - [MESSAGE][PASSED] - Object: 'Object Repository/VLink/Page_CCSale/btn_ProcessVLinkTransaction' is clicked on

2021-06-22 02:34:18 - [MESSAGE][PASSED] - vlinkPages.saleCCPage.setDataSCC is PASSED

2021-06-22 02:34:18 - [TEST_STEP][PASSED] - if (verifyTextPresent("Transaction approved, no errors", true)): null

2021-06-22 02:34:18 - [MESSAGE][PASSED] - Text 'Transaction approved, no errors' is present on page  using regular expression

2021-06-22 02:34:18 - [TEST_STEP][PASSED] - println("Transaction Approved, no errors text is present on the Confirmation page"): null

2021-06-22 02:34:18 - [TEST_STEP][PASSED] - out.println("Pass Record Number: " + row): null

2021-06-22 02:34:18 - [TEST_STEP][PASSED] - resText = "Pass": null

2021-06-22 02:34:18 - [TEST_STEP][PASSED] - pages.WriteExcel.demoKey(resText, datText, resColumn, datCloumn, fileLoc, nameSheet, row): pages.WriteExcel.demoKey is PASSED

2021-06-22 02:34:18 - [MESSAGE][PASSED] - pages.WriteExcel.demoKey is PASSED

2021-06-22 02:34:18 - [TEST_STEP][PASSED] - sdfo = getText(findTestObject("Object Repository/Page_VLinkReceipt/pre_STX")): Text of object 'Object Repository/Page_VLinkReceipt/pre_STX' is: '<STX>NR4C7RGp7sVy                  12098435            0  Transaction approved, no errors                   0                                                                                  R OK9335   <ETX>'

2021-06-22 02:34:18 - [MESSAGE][PASSED] - Text of object 'Object Repository/Page_VLinkReceipt/pre_STX' is: '<STX>NR4C7RGp7sVy                  12098435            0  Transaction approved, no errors                   0                                                                                  R OK9335   <ETX>'

2021-06-22 02:34:18 - [TEST_STEP][PASSED] - out.println("sdfo: " + sdfo): null

2021-06-22 02:34:18 - [TEST_STEP][PASSED] - remID = substring(5, 35).trim(): null

2021-06-22 02:34:18 - [TEST_STEP][PASSED] - out.println("Remittance ID: " + remID): null

2021-06-22 02:34:18 - [TEST_STEP][PASSED] - traxID = substring(35, 55).trim(): null

2021-06-22 02:34:18 - [TEST_STEP][PASSED] - out.println("Transaction ID: " + traxID): null

2021-06-22 02:34:18 - [TEST_STEP][PASSED] - out.println("End Record Number: " + row): null

2021-06-22 02:34:18 - [TEST_STEP][PASSED] - closeBrowser(): Browser is closed

2021-06-22 02:34:19 - [MESSAGE][PASSED] - Browser is closed

2021-06-22 02:34:19 - [TEST_STEP][PASSED] - out.println("Begin Record Number: " + row): null

2021-06-22 02:34:19 - [TEST_STEP][PASSED] - today = new java.util.Date(): null

2021-06-22 02:34:19 - [TEST_STEP][PASSED] - println(today): null

2021-06-22 02:34:19 - [TEST_STEP][PASSED] - datText = today: null

2021-06-22 02:34:19 - [TEST_STEP][PASSED] - openBrowser(VLinkURL + "authcap.html"): Browser is opened with url: 'https://dev-algorithm.govolution.com/vlinktest/QA/version_2_0/authcap.html'

2021-06-22 02:34:19 - [MESSAGE][INFO] - Starting 'Chrome' driver

2021-06-22 02:34:19 - [MESSAGE][INFO] - User set preference: ['acceptInsecureCerts', 'true']

2021-06-22 02:34:19 - [MESSAGE][INFO] - Action delay is set to 0 milliseconds

2021-06-22 02:34:21 - [MESSAGE][PASSED] - Browser is opened with url: 'https://dev-algorithm.govolution.com/vlinktest/QA/version_2_0/authcap.html'

2021-06-22 02:34:21 - [TEST_STEP][PASSED] - maximizeWindow(): Current window maximized

2021-06-22 02:34:21 - [MESSAGE][PASSED] - Current window maximized

2021-06-22 02:34:21 - [TEST_STEP][PASSED] - vlinkPages.saleCCPage.setDataSCC(row, dataFile): vlinkPages.saleCCPage.setDataSCC is PASSED

2021-06-22 02:34:23 - [MESSAGE][PASSED] - Object 'Object Repository/VLink/Page_CCSale/txt_CardNumber' is present

2021-06-22 02:34:24 - [MESSAGE][PASSED] - Object 'Object Repository/VLink/Page_CCSale/txt_TransactionType' is present

2021-06-22 02:34:24 - [MESSAGE][PASSED] - Text '104' is set on object 'Object Repository/VLink/Page_CCSale/txt_TransactionType'

2021-06-22 02:34:24 - [MESSAGE][PASSED] - Object 'Object Repository/VLink/Page_CCSale/txt_MessageVersion' is present

2021-06-22 02:34:25 - [MESSAGE][PASSED] - Text '2.0C' is set on object 'Object Repository/VLink/Page_CCSale/txt_MessageVersion'

2021-06-22 02:34:25 - [MESSAGE][PASSED] - Object 'Object Repository/VLink/Page_CCSale/txt_RemID' is present

2021-06-22 02:34:26 - [MESSAGE][PASSED] - Text 'HYmjm9L5Cue6' is set on object 'Object Repository/VLink/Page_CCSale/txt_RemID'

2021-06-22 02:34:26 - [MESSAGE][PASSED] - Object 'Object Repository/VLink/Page_CCSale/txt_ApplicationId' is present

2021-06-22 02:34:27 - [MESSAGE][PASSED] - Text '672' is set on object 'Object Repository/VLink/Page_CCSale/txt_ApplicationId'

2021-06-22 02:34:27 - [MESSAGE][PASSED] - Object 'Object Repository/VLink/Page_CCSale/txt_Username' is present

2021-06-22 02:34:28 - [MESSAGE][PASSED] - Text 'username' is set on object 'Object Repository/VLink/Page_CCSale/txt_Username'

2021-06-22 02:34:28 - [MESSAGE][PASSED] - Object 'Object Repository/VLink/Page_CCSale/txt_Password' is present

2021-06-22 02:34:29 - [MESSAGE][PASSED] - Text 'password' is set on object 'Object Repository/VLink/Page_CCSale/txt_Password'

2021-06-22 02:34:29 - [MESSAGE][PASSED] - Object 'Object Repository/VLink/Page_CCSale/txt_ResponseFormat' is present

2021-06-22 02:34:30 - [MESSAGE][PASSED] - Text 'fixed_width' is set on object 'Object Repository/VLink/Page_CCSale/txt_ResponseFormat'

2021-06-22 02:34:30 - [MESSAGE][PASSED] - Object 'Object Repository/VLink/Page_CCSale/txt_Category' is present

2021-06-22 02:34:30 - [MESSAGE][PASSED] - Text 'RETL' is set on object 'Object Repository/VLink/Page_CCSale/txt_Category'

2021-06-22 02:34:31 - [MESSAGE][PASSED] - Object 'Object Repository/VLink/Page_CCSale/txt_TransactionID' is present

2021-06-22 02:34:31 - [MESSAGE][PASSED] - Text '' is set on object 'Object Repository/VLink/Page_CCSale/txt_TransactionID'

2021-06-22 02:34:32 - [MESSAGE][PASSED] - Object 'Object Repository/VLink/Page_CCSale/txt_ApprovalCode' is present

2021-06-22 02:34:32 - [MESSAGE][PASSED] - Text '' is set on object 'Object Repository/VLink/Page_CCSale/txt_ApprovalCode'

2021-06-22 02:34:33 - [MESSAGE][PASSED] - Object 'Object Repository/VLink/Page_CCSale/txt_CardName' is present

2021-06-22 02:34:33 - [MESSAGE][PASSED] - Text '' is set on object 'Object Repository/VLink/Page_CCSale/txt_CardName'

2021-06-22 02:34:34 - [MESSAGE][PASSED] - Object 'Object Repository/VLink/Page_CCSale/txt_AL1' is present

2021-06-22 02:34:34 - [MESSAGE][PASSED] - Text '' is set on object 'Object Repository/VLink/Page_CCSale/txt_AL1'

2021-06-22 02:34:35 - [MESSAGE][PASSED] - Object 'Object Repository/VLink/Page_CCSale/txt_AL2' is present

2021-06-22 02:34:35 - [MESSAGE][PASSED] - Text '' is set on object 'Object Repository/VLink/Page_CCSale/txt_AL2'

2021-06-22 02:34:36 - [MESSAGE][PASSED] - Object 'Object Repository/VLink/Page_CCSale/txt_CardCity' is present

2021-06-22 02:34:36 - [MESSAGE][PASSED] - Text '' is set on object 'Object Repository/VLink/Page_CCSale/txt_CardCity'

2021-06-22 02:34:37 - [MESSAGE][PASSED] - Object 'Object Repository/VLink/Page_CCSale/txt_CardState' is present

2021-06-22 02:34:37 - [MESSAGE][PASSED] - Text '' is set on object 'Object Repository/VLink/Page_CCSale/txt_CardState'

2021-06-22 02:34:38 - [MESSAGE][PASSED] - Object 'Object Repository/VLink/Page_CCSale/txt_CardZIP' is present

2021-06-22 02:34:38 - [MESSAGE][PASSED] - Text '' is set on object 'Object Repository/VLink/Page_CCSale/txt_CardZIP'

2021-06-22 02:34:39 - [MESSAGE][PASSED] - Object 'Object Repository/VLink/Page_CCSale/txt_CountryID' is present

2021-06-22 02:34:39 - [MESSAGE][PASSED] - Text '' is set on object 'Object Repository/VLink/Page_CCSale/txt_CountryID'

2021-06-22 02:34:40 - [MESSAGE][PASSED] - Object 'Object Repository/VLink/Page_CCSale/txt_Amount' is present

2021-06-22 02:34:40 - [MESSAGE][PASSED] - Text '2.50' is set on object 'Object Repository/VLink/Page_CCSale/txt_Amount'

2021-06-22 02:34:41 - [MESSAGE][PASSED] - Object 'Object Repository/VLink/Page_CCSale/txt_CardNumber' is present

2021-06-22 02:34:41 - [MESSAGE][PASSED] - Text '' is set on object 'Object Repository/VLink/Page_CCSale/txt_CardNumber'

2021-06-22 02:34:42 - [MESSAGE][PASSED] - Object 'Object Repository/VLink/Page_CCSale/txt_ExpMonth' is present

2021-06-22 02:34:42 - [MESSAGE][PASSED] - Text '' is set on object 'Object Repository/VLink/Page_CCSale/txt_ExpMonth'

2021-06-22 02:34:43 - [MESSAGE][PASSED] - Object 'Object Repository/VLink/Page_CCSale/txt_ExpYear' is present

2021-06-22 02:34:43 - [MESSAGE][PASSED] - Text '' is set on object 'Object Repository/VLink/Page_CCSale/txt_ExpYear'

2021-06-22 02:34:44 - [MESSAGE][PASSED] - Object 'Object Repository/VLink/Page_CCSale/txt_CVV' is present

2021-06-22 02:34:44 - [MESSAGE][PASSED] - Text '' is set on object 'Object Repository/VLink/Page_CCSale/txt_CVV'

2021-06-22 02:34:45 - [MESSAGE][PASSED] - Object 'Object Repository/VLink/Page_CCSale/txt_CVVstate' is present

2021-06-22 02:34:45 - [MESSAGE][PASSED] - Text '' is set on object 'Object Repository/VLink/Page_CCSale/txt_CVVstate'

2021-06-22 02:34:46 - [MESSAGE][PASSED] - Object 'Object Repository/VLink/Page_CCSale/txt_TrackData' is present

2021-06-22 02:34:46 - [MESSAGE][PASSED] - Text '' is set on object 'Object Repository/VLink/Page_CCSale/txt_TrackData'

2021-06-22 02:34:47 - [MESSAGE][PASSED] - Object 'Object Repository/VLink/Page_CCSale/txt_Track1Data' is present

2021-06-22 02:34:47 - [MESSAGE][PASSED] - Text '%B5567080011582646^AHMED/IMTIAZ              ^2303201090200000000000354000015?' is set on object 'Object Repository/VLink/Page_CCSale/txt_Track1Data'

2021-06-22 02:34:48 - [MESSAGE][PASSED] - Object 'Object Repository/VLink/Page_CCSale/txt_Track2Data' is present

2021-06-22 02:34:48 - [MESSAGE][PASSED] - Text '' is set on object 'Object Repository/VLink/Page_CCSale/txt_Track2Data'

2021-06-22 02:34:49 - [MESSAGE][PASSED] - Object 'Object Repository/VLink/Page_CCSale/txt_POSEntryMode' is present

2021-06-22 02:34:49 - [MESSAGE][PASSED] - Text '' is set on object 'Object Repository/VLink/Page_CCSale/txt_POSEntryMode'

2021-06-22 02:34:50 - [MESSAGE][PASSED] - Object 'Object Repository/VLink/Page_CCSale/txt_Email' is present

2021-06-22 02:34:50 - [MESSAGE][PASSED] - Text '' is set on object 'Object Repository/VLink/Page_CCSale/txt_Email'

2021-06-22 02:34:51 - [MESSAGE][PASSED] - Object 'Object Repository/VLink/Page_CCSale/txt_OrderNumber' is present

2021-06-22 02:34:51 - [MESSAGE][PASSED] - Text '' is set on object 'Object Repository/VLink/Page_CCSale/txt_OrderNumber'

2021-06-22 02:34:52 - [MESSAGE][PASSED] - Object 'Object Repository/VLink/Page_CCSale/txt_TaxAmount' is present

2021-06-22 02:34:52 - [MESSAGE][PASSED] - Text '' is set on object 'Object Repository/VLink/Page_CCSale/txt_TaxAmount'

2021-06-22 02:34:53 - [MESSAGE][PASSED] - Object 'Object Repository/VLink/Page_CCSale/txt_ChargeDescription' is present

2021-06-22 02:34:53 - [MESSAGE][PASSED] - Text '' is set on object 'Object Repository/VLink/Page_CCSale/txt_ChargeDescription'

2021-06-22 02:34:54 - [MESSAGE][PASSED] - Object 'Object Repository/VLink/Page_CCSale/txt_CAN' is present

2021-06-22 02:34:54 - [MESSAGE][PASSED] - Text '' is set on object 'Object Repository/VLink/Page_CCSale/txt_CAN'

2021-06-22 02:34:55 - [MESSAGE][PASSED] - Object 'Object Repository/VLink/Page_CCSale/txt_BillPaymentIndicator' is present

2021-06-22 02:34:55 - [MESSAGE][PASSED] - Text '' is set on object 'Object Repository/VLink/Page_CCSale/txt_BillPaymentIndicator'

2021-06-22 02:34:56 - [MESSAGE][PASSED] - Object 'Object Repository/VLink/Page_CCSale/txt_UDF1' is present

2021-06-22 02:34:56 - [MESSAGE][PASSED] - Text '' is set on object 'Object Repository/VLink/Page_CCSale/txt_UDF1'

2021-06-22 02:34:57 - [MESSAGE][PASSED] - Object 'Object Repository/VLink/Page_CCSale/txt_UDF2' is present

2021-06-22 02:34:57 - [MESSAGE][PASSED] - Text '' is set on object 'Object Repository/VLink/Page_CCSale/txt_UDF2'

2021-06-22 02:34:58 - [MESSAGE][PASSED] - Object 'Object Repository/VLink/Page_CCSale/txt_UDF3' is present

2021-06-22 02:34:58 - [MESSAGE][PASSED] - Text '' is set on object 'Object Repository/VLink/Page_CCSale/txt_UDF3'

2021-06-22 02:34:59 - [MESSAGE][PASSED] - Object 'Object Repository/VLink/Page_CCSale/txt_UDF4' is present

2021-06-22 02:34:59 - [MESSAGE][PASSED] - Text '' is set on object 'Object Repository/VLink/Page_CCSale/txt_UDF4'

2021-06-22 02:35:00 - [MESSAGE][PASSED] - Object 'Object Repository/VLink/Page_CCSale/txt_UDF5' is present

2021-06-22 02:35:00 - [MESSAGE][PASSED] - Text '' is set on object 'Object Repository/VLink/Page_CCSale/txt_UDF5'

2021-06-22 02:35:01 - [MESSAGE][PASSED] - Object 'Object Repository/VLink/Page_CCSale/txt_UDF6' is present

2021-06-22 02:35:01 - [MESSAGE][PASSED] - Text '' is set on object 'Object Repository/VLink/Page_CCSale/txt_UDF6'

2021-06-22 02:35:02 - [MESSAGE][PASSED] - Object 'Object Repository/VLink/Page_CCSale/txt_UDF7' is present

2021-06-22 02:35:02 - [MESSAGE][PASSED] - Text '' is set on object 'Object Repository/VLink/Page_CCSale/txt_UDF7'

2021-06-22 02:35:03 - [MESSAGE][PASSED] - Object 'Object Repository/VLink/Page_CCSale/txt_UDF8' is present

2021-06-22 02:35:03 - [MESSAGE][PASSED] - Text '' is set on object 'Object Repository/VLink/Page_CCSale/txt_UDF8'

2021-06-22 02:35:04 - [MESSAGE][PASSED] - Object 'Object Repository/VLink/Page_CCSale/txt_UDF9' is present

2021-06-22 02:35:04 - [MESSAGE][PASSED] - Text '' is set on object 'Object Repository/VLink/Page_CCSale/txt_UDF9'

2021-06-22 02:35:05 - [MESSAGE][PASSED] - Object 'Object Repository/VLink/Page_CCSale/txt_UDF10' is present

2021-06-22 02:35:05 - [MESSAGE][PASSED] - Text '' is set on object 'Object Repository/VLink/Page_CCSale/txt_UDF10'

2021-06-22 02:35:06 - [MESSAGE][PASSED] - Object 'Object Repository/VLink/Page_CCSale/txt_CardOnFileIndicator' is present

2021-06-22 02:35:06 - [MESSAGE][PASSED] - Text '' is set on object 'Object Repository/VLink/Page_CCSale/txt_CardOnFileIndicator'

2021-06-22 02:35:07 - [MESSAGE][PASSED] - Object 'Object Repository/VLink/Page_CCSale/txt_StoredCredentialIndicator' is present

2021-06-22 02:35:07 - [MESSAGE][PASSED] - Text '' is set on object 'Object Repository/VLink/Page_CCSale/txt_StoredCredentialIndicator'

2021-06-22 02:35:08 - [MESSAGE][PASSED] - Object 'Object Repository/VLink/Page_CCSale/txt_COFScheduledIndicator' is present

2021-06-22 02:35:08 - [MESSAGE][PASSED] - Text '' is set on object 'Object Repository/VLink/Page_CCSale/txt_COFScheduledIndicator'

2021-06-22 02:35:09 - [MESSAGE][PASSED] - Object 'Object Repository/VLink/Page_CCSale/txt_COFTransactionInitiatedBy' is present

2021-06-22 02:35:09 - [MESSAGE][PASSED] - Text '' is set on object 'Object Repository/VLink/Page_CCSale/txt_COFTransactionInitiatedBy'

2021-06-22 02:35:11 - [MESSAGE][PASSED] - Object: 'Object Repository/VLink/Page_CCSale/btn_ProcessVLinkTransaction' is clicked on

2021-06-22 02:35:16 - [MESSAGE][PASSED] - vlinkPages.saleCCPage.setDataSCC is PASSED

2021-06-22 02:35:16 - [TEST_STEP][FAILED] - if (verifyTextPresent("Transaction approved, no errors", true)): Text 'Transaction approved, no errors' is not present on page  using regular expression (Root cause: com.kms.katalon.core.exception.StepFailedException: Text 'Transaction approved, no errors' is not present on page  using regular expression
	at com.kms.katalon.core.webui.keyword.internal.WebUIKeywordMain.stepFailed(WebUIKeywordMain.groovy:64)
	at com.kms.katalon.core.webui.keyword.builtin.VerifyTextPresentKeyword$_verifyTextPresent_closure1.doCall(VerifyTextPresentKeyword.groovy:79)
	at com.kms.katalon.core.webui.keyword.builtin.VerifyTextPresentKeyword$_verifyTextPresent_closure1.call(VerifyTextPresentKeyword.groovy)
	at com.kms.katalon.core.webui.keyword.internal.WebUIKeywordMain.runKeyword(WebUIKeywordMain.groovy:20)
	at com.kms.katalon.core.webui.keyword.builtin.VerifyTextPresentKeyword.verifyTextPresent(VerifyTextPresentKeyword.groovy:83)
	at com.kms.katalon.core.webui.keyword.builtin.VerifyTextPresentKeyword.execute(VerifyTextPresentKeyword.groovy:68)
	at com.kms.katalon.core.keyword.internal.KeywordExecutor.executeKeywordForPlatform(KeywordExecutor.groovy:72)
	at com.kms.katalon.core.webui.keyword.WebUiBuiltInKeywords.verifyTextPresent(WebUiBuiltInKeywords.groovy:1719)
	at com.kms.katalon.core.webui.keyword.WebUiBuiltInKeywords$verifyTextPresent$4.call(Unknown Source)
	at VLinkSale-Successful.run(VLinkSale-Successful:76)
	at com.kms.katalon.core.main.ScriptEngine.run(ScriptEngine.java:194)
	at com.kms.katalon.core.main.ScriptEngine.runScriptAsRawText(ScriptEngine.java:119)
	at com.kms.katalon.core.main.TestCaseExecutor.runScript(TestCaseExecutor.java:337)
	at com.kms.katalon.core.main.TestCaseExecutor.doExecute(TestCaseExecutor.java:328)
	at com.kms.katalon.core.main.TestCaseExecutor.processExecutionPhase(TestCaseExecutor.java:307)
	at com.kms.katalon.core.main.TestCaseExecutor.accessMainPhase(TestCaseExecutor.java:299)
	at com.kms.katalon.core.main.TestCaseExecutor.execute(TestCaseExecutor.java:233)
	at com.kms.katalon.core.main.TestSuiteExecutor.accessTestCaseMainPhase(TestSuiteExecutor.java:169)
	at com.kms.katalon.core.main.TestSuiteExecutor.accessTestSuiteMainPhase(TestSuiteExecutor.java:142)
	at com.kms.katalon.core.main.TestSuiteExecutor.execute(TestSuiteExecutor.java:91)
	at com.kms.katalon.core.main.TestCaseMain.startTestSuite(TestCaseMain.java:157)
	at com.kms.katalon.core.main.TestCaseMain$startTestSuite$0.call(Unknown Source)
	at TempTestSuite1624337272106.run(TempTestSuite1624337272106.groovy:37)
)

2021-06-22 02:35:16 - [MESSAGE][FAILED] - Text 'Transaction approved, no errors' is not present on page  using regular expression (Root cause: com.kms.katalon.core.exception.StepFailedException: Text 'Transaction approved, no errors' is not present on page  using regular expression
	at com.kms.katalon.core.webui.keyword.internal.WebUIKeywordMain.stepFailed(WebUIKeywordMain.groovy:64)
	at com.kms.katalon.core.webui.keyword.builtin.VerifyTextPresentKeyword$_verifyTextPresent_closure1.doCall(VerifyTextPresentKeyword.groovy:79)
	at com.kms.katalon.core.webui.keyword.builtin.VerifyTextPresentKeyword$_verifyTextPresent_closure1.call(VerifyTextPresentKeyword.groovy)
	at com.kms.katalon.core.webui.keyword.internal.WebUIKeywordMain.runKeyword(WebUIKeywordMain.groovy:20)
	at com.kms.katalon.core.webui.keyword.builtin.VerifyTextPresentKeyword.verifyTextPresent(VerifyTextPresentKeyword.groovy:83)
	at com.kms.katalon.core.webui.keyword.builtin.VerifyTextPresentKeyword.execute(VerifyTextPresentKeyword.groovy:68)
	at com.kms.katalon.core.keyword.internal.KeywordExecutor.executeKeywordForPlatform(KeywordExecutor.groovy:72)
	at com.kms.katalon.core.webui.keyword.WebUiBuiltInKeywords.verifyTextPresent(WebUiBuiltInKeywords.groovy:1719)
	at com.kms.katalon.core.webui.keyword.WebUiBuiltInKeywords$verifyTextPresent$4.call(Unknown Source)
	at VLinkSale-Successful.run(VLinkSale-Successful:76)
	at com.kms.katalon.core.main.ScriptEngine.run(ScriptEngine.java:194)
	at com.kms.katalon.core.main.ScriptEngine.runScriptAsRawText(ScriptEngine.java:119)
	at com.kms.katalon.core.main.TestCaseExecutor.runScript(TestCaseExecutor.java:337)
	at com.kms.katalon.core.main.TestCaseExecutor.doExecute(TestCaseExecutor.java:328)
	at com.kms.katalon.core.main.TestCaseExecutor.processExecutionPhase(TestCaseExecutor.java:307)
	at com.kms.katalon.core.main.TestCaseExecutor.accessMainPhase(TestCaseExecutor.java:299)
	at com.kms.katalon.core.main.TestCaseExecutor.execute(TestCaseExecutor.java:233)
	at com.kms.katalon.core.main.TestSuiteExecutor.accessTestCaseMainPhase(TestSuiteExecutor.java:169)
	at com.kms.katalon.core.main.TestSuiteExecutor.accessTestSuiteMainPhase(TestSuiteExecutor.java:142)
	at com.kms.katalon.core.main.TestSuiteExecutor.execute(TestSuiteExecutor.java:91)
	at com.kms.katalon.core.main.TestCaseMain.startTestSuite(TestCaseMain.java:157)
	at com.kms.katalon.core.main.TestCaseMain$startTestSuite$0.call(Unknown Source)
	at TempTestSuite1624337272106.run(TempTestSuite1624337272106.groovy:37)
)

2021-06-22 02:35:16 - [TEST_STEP][PASSED] - else: pages.WriteExcel.demoKey is PASSED

2021-06-22 02:35:16 - [TEST_STEP][PASSED] - println("Transaction Approved, no errors text is not present on the Confirmation page"): null

2021-06-22 02:35:16 - [TEST_STEP][PASSED] - out.println("Fail Record Number: " + row): null

2021-06-22 02:35:16 - [TEST_STEP][PASSED] - resText = "Fail": null

2021-06-22 02:35:16 - [TEST_STEP][PASSED] - pages.WriteExcel.demoKey(resText, datText, resColumn, datCloumn, fileLoc, nameSheet, row): pages.WriteExcel.demoKey is PASSED

2021-06-22 02:35:16 - [MESSAGE][PASSED] - pages.WriteExcel.demoKey is PASSED

2021-06-22 02:35:16 - [TEST_STEP][PASSED] - sdfo = getText(findTestObject("Object Repository/Page_VLinkReceipt/pre_STX")): Text of object 'Object Repository/Page_VLinkReceipt/pre_STX' is: '<STX>HYmjm9L5Cue6                  12098436            2  Transaction failed                                1  General platform system error                                                              <ETX>'

2021-06-22 02:35:16 - [MESSAGE][PASSED] - Text of object 'Object Repository/Page_VLinkReceipt/pre_STX' is: '<STX>HYmjm9L5Cue6                  12098436            2  Transaction failed                                1  General platform system error                                                              <ETX>'

2021-06-22 02:35:16 - [TEST_STEP][PASSED] - out.println("sdfo: " + sdfo): null

2021-06-22 02:35:16 - [TEST_STEP][PASSED] - remID = substring(5, 35).trim(): null

2021-06-22 02:35:16 - [TEST_STEP][PASSED] - out.println("Remittance ID: " + remID): null

2021-06-22 02:35:16 - [TEST_STEP][PASSED] - traxID = substring(35, 55).trim(): null

2021-06-22 02:35:16 - [TEST_STEP][PASSED] - out.println("Transaction ID: " + traxID): null

2021-06-22 02:35:16 - [TEST_STEP][PASSED] - out.println("End Record Number: " + row): null

2021-06-22 02:35:16 - [TEST_STEP][PASSED] - closeBrowser(): Browser is closed

2021-06-22 02:35:17 - [MESSAGE][PASSED] - Browser is closed

2021-06-22 02:35:17 - [TEST_STEP][PASSED] - out.println("Begin Record Number: " + row): null

2021-06-22 02:35:17 - [TEST_STEP][PASSED] - today = new java.util.Date(): null

2021-06-22 02:35:17 - [TEST_STEP][PASSED] - println(today): null

2021-06-22 02:35:17 - [TEST_STEP][PASSED] - datText = today: null

2021-06-22 02:35:17 - [TEST_STEP][PASSED] - openBrowser(VLinkURL + "authcap.html"): Browser is opened with url: 'https://dev-algorithm.govolution.com/vlinktest/QA/version_2_0/authcap.html'

2021-06-22 02:35:17 - [MESSAGE][INFO] - Starting 'Chrome' driver

2021-06-22 02:35:17 - [MESSAGE][INFO] - User set preference: ['acceptInsecureCerts', 'true']

2021-06-22 02:35:17 - [MESSAGE][INFO] - Action delay is set to 0 milliseconds

2021-06-22 02:35:19 - [MESSAGE][PASSED] - Browser is opened with url: 'https://dev-algorithm.govolution.com/vlinktest/QA/version_2_0/authcap.html'

2021-06-22 02:35:19 - [TEST_STEP][PASSED] - maximizeWindow(): Current window maximized

2021-06-22 02:35:19 - [MESSAGE][PASSED] - Current window maximized

2021-06-22 02:35:19 - [TEST_STEP][PASSED] - vlinkPages.saleCCPage.setDataSCC(row, dataFile): vlinkPages.saleCCPage.setDataSCC is PASSED

2021-06-22 02:35:21 - [MESSAGE][PASSED] - Object 'Object Repository/VLink/Page_CCSale/txt_CardNumber' is present

2021-06-22 02:35:21 - [MESSAGE][PASSED] - Object 'Object Repository/VLink/Page_CCSale/txt_TransactionType' is present

2021-06-22 02:35:22 - [MESSAGE][PASSED] - Text '104' is set on object 'Object Repository/VLink/Page_CCSale/txt_TransactionType'

2021-06-22 02:35:22 - [MESSAGE][PASSED] - Object 'Object Repository/VLink/Page_CCSale/txt_MessageVersion' is present

2021-06-22 02:35:23 - [MESSAGE][PASSED] - Text '2.0C' is set on object 'Object Repository/VLink/Page_CCSale/txt_MessageVersion'

2021-06-22 02:35:23 - [MESSAGE][PASSED] - Object 'Object Repository/VLink/Page_CCSale/txt_RemID' is present

2021-06-22 02:35:24 - [MESSAGE][PASSED] - Text 'oMRwjUREtBMN' is set on object 'Object Repository/VLink/Page_CCSale/txt_RemID'

2021-06-22 02:35:24 - [MESSAGE][PASSED] - Object 'Object Repository/VLink/Page_CCSale/txt_ApplicationId' is present

2021-06-22 02:35:25 - [MESSAGE][PASSED] - Text '672' is set on object 'Object Repository/VLink/Page_CCSale/txt_ApplicationId'

2021-06-22 02:35:25 - [MESSAGE][PASSED] - Object 'Object Repository/VLink/Page_CCSale/txt_Username' is present

2021-06-22 02:35:26 - [MESSAGE][PASSED] - Text 'username' is set on object 'Object Repository/VLink/Page_CCSale/txt_Username'

2021-06-22 02:35:26 - [MESSAGE][PASSED] - Object 'Object Repository/VLink/Page_CCSale/txt_Password' is present

2021-06-22 02:35:26 - [MESSAGE][PASSED] - Text 'password' is set on object 'Object Repository/VLink/Page_CCSale/txt_Password'

2021-06-22 02:35:27 - [MESSAGE][PASSED] - Object 'Object Repository/VLink/Page_CCSale/txt_ResponseFormat' is present

2021-06-22 02:35:27 - [MESSAGE][PASSED] - Text 'fixed_width' is set on object 'Object Repository/VLink/Page_CCSale/txt_ResponseFormat'

2021-06-22 02:35:28 - [MESSAGE][PASSED] - Object 'Object Repository/VLink/Page_CCSale/txt_Category' is present

2021-06-22 02:35:28 - [MESSAGE][PASSED] - Text 'RETL' is set on object 'Object Repository/VLink/Page_CCSale/txt_Category'

2021-06-22 02:35:29 - [MESSAGE][PASSED] - Object 'Object Repository/VLink/Page_CCSale/txt_TransactionID' is present

2021-06-22 02:35:29 - [MESSAGE][PASSED] - Text '' is set on object 'Object Repository/VLink/Page_CCSale/txt_TransactionID'

2021-06-22 02:35:30 - [MESSAGE][PASSED] - Object 'Object Repository/VLink/Page_CCSale/txt_ApprovalCode' is present

2021-06-22 02:35:30 - [MESSAGE][PASSED] - Text '' is set on object 'Object Repository/VLink/Page_CCSale/txt_ApprovalCode'

2021-06-22 02:35:31 - [MESSAGE][PASSED] - Object 'Object Repository/VLink/Page_CCSale/txt_CardName' is present

2021-06-22 02:35:31 - [MESSAGE][PASSED] - Text 'Angelo Matt' is set on object 'Object Repository/VLink/Page_CCSale/txt_CardName'

2021-06-22 02:35:32 - [MESSAGE][PASSED] - Object 'Object Repository/VLink/Page_CCSale/txt_AL1' is present

2021-06-22 02:35:32 - [MESSAGE][PASSED] - Text '' is set on object 'Object Repository/VLink/Page_CCSale/txt_AL1'

2021-06-22 02:35:33 - [MESSAGE][PASSED] - Object 'Object Repository/VLink/Page_CCSale/txt_AL2' is present

2021-06-22 02:35:33 - [MESSAGE][PASSED] - Text '' is set on object 'Object Repository/VLink/Page_CCSale/txt_AL2'

2021-06-22 02:35:34 - [MESSAGE][PASSED] - Object 'Object Repository/VLink/Page_CCSale/txt_CardCity' is present

2021-06-22 02:35:34 - [MESSAGE][PASSED] - Text '' is set on object 'Object Repository/VLink/Page_CCSale/txt_CardCity'

2021-06-22 02:35:35 - [MESSAGE][PASSED] - Object 'Object Repository/VLink/Page_CCSale/txt_CardState' is present

2021-06-22 02:35:35 - [MESSAGE][PASSED] - Text '' is set on object 'Object Repository/VLink/Page_CCSale/txt_CardState'

2021-06-22 02:35:36 - [MESSAGE][PASSED] - Object 'Object Repository/VLink/Page_CCSale/txt_CardZIP' is present

2021-06-22 02:35:36 - [MESSAGE][PASSED] - Text '' is set on object 'Object Repository/VLink/Page_CCSale/txt_CardZIP'

2021-06-22 02:35:37 - [MESSAGE][PASSED] - Object 'Object Repository/VLink/Page_CCSale/txt_CountryID' is present

2021-06-22 02:35:37 - [MESSAGE][PASSED] - Text '' is set on object 'Object Repository/VLink/Page_CCSale/txt_CountryID'

2021-06-22 02:35:38 - [MESSAGE][PASSED] - Object 'Object Repository/VLink/Page_CCSale/txt_Amount' is present

2021-06-22 02:35:38 - [MESSAGE][PASSED] - Text '2.50' is set on object 'Object Repository/VLink/Page_CCSale/txt_Amount'

2021-06-22 02:35:39 - [MESSAGE][PASSED] - Object 'Object Repository/VLink/Page_CCSale/txt_CardNumber' is present

2021-06-22 02:35:39 - [MESSAGE][PASSED] - Text '' is set on object 'Object Repository/VLink/Page_CCSale/txt_CardNumber'

2021-06-22 02:35:40 - [MESSAGE][PASSED] - Object 'Object Repository/VLink/Page_CCSale/txt_ExpMonth' is present

2021-06-22 02:35:40 - [MESSAGE][PASSED] - Text '' is set on object 'Object Repository/VLink/Page_CCSale/txt_ExpMonth'

2021-06-22 02:35:41 - [MESSAGE][PASSED] - Object 'Object Repository/VLink/Page_CCSale/txt_ExpYear' is present

2021-06-22 02:35:41 - [MESSAGE][PASSED] - Text '' is set on object 'Object Repository/VLink/Page_CCSale/txt_ExpYear'

2021-06-22 02:35:42 - [MESSAGE][PASSED] - Object 'Object Repository/VLink/Page_CCSale/txt_CVV' is present

2021-06-22 02:35:42 - [MESSAGE][PASSED] - Text '' is set on object 'Object Repository/VLink/Page_CCSale/txt_CVV'

2021-06-22 02:35:43 - [MESSAGE][PASSED] - Object 'Object Repository/VLink/Page_CCSale/txt_CVVstate' is present

2021-06-22 02:35:43 - [MESSAGE][PASSED] - Text '' is set on object 'Object Repository/VLink/Page_CCSale/txt_CVVstate'

2021-06-22 02:35:44 - [MESSAGE][PASSED] - Object 'Object Repository/VLink/Page_CCSale/txt_TrackData' is present

2021-06-22 02:35:44 - [MESSAGE][PASSED] - Text '' is set on object 'Object Repository/VLink/Page_CCSale/txt_TrackData'

2021-06-22 02:35:45 - [MESSAGE][PASSED] - Object 'Object Repository/VLink/Page_CCSale/txt_Track1Data' is present

2021-06-22 02:35:45 - [MESSAGE][PASSED] - Text '' is set on object 'Object Repository/VLink/Page_CCSale/txt_Track1Data'

2021-06-22 02:35:46 - [MESSAGE][PASSED] - Object 'Object Repository/VLink/Page_CCSale/txt_Track2Data' is present

2021-06-22 02:35:46 - [MESSAGE][PASSED] - Text ';5567080011582646=23032010902035400015?' is set on object 'Object Repository/VLink/Page_CCSale/txt_Track2Data'

2021-06-22 02:35:47 - [MESSAGE][PASSED] - Object 'Object Repository/VLink/Page_CCSale/txt_POSEntryMode' is present

2021-06-22 02:35:47 - [MESSAGE][PASSED] - Text '' is set on object 'Object Repository/VLink/Page_CCSale/txt_POSEntryMode'

2021-06-22 02:35:48 - [MESSAGE][PASSED] - Object 'Object Repository/VLink/Page_CCSale/txt_Email' is present

2021-06-22 02:35:48 - [MESSAGE][PASSED] - Text '' is set on object 'Object Repository/VLink/Page_CCSale/txt_Email'

2021-06-22 02:35:49 - [MESSAGE][PASSED] - Object 'Object Repository/VLink/Page_CCSale/txt_OrderNumber' is present

2021-06-22 02:35:49 - [MESSAGE][PASSED] - Text '' is set on object 'Object Repository/VLink/Page_CCSale/txt_OrderNumber'

2021-06-22 02:35:50 - [MESSAGE][PASSED] - Object 'Object Repository/VLink/Page_CCSale/txt_TaxAmount' is present

2021-06-22 02:35:50 - [MESSAGE][PASSED] - Text '' is set on object 'Object Repository/VLink/Page_CCSale/txt_TaxAmount'

2021-06-22 02:35:51 - [MESSAGE][PASSED] - Object 'Object Repository/VLink/Page_CCSale/txt_ChargeDescription' is present

2021-06-22 02:35:51 - [MESSAGE][PASSED] - Text '' is set on object 'Object Repository/VLink/Page_CCSale/txt_ChargeDescription'

2021-06-22 02:35:52 - [MESSAGE][PASSED] - Object 'Object Repository/VLink/Page_CCSale/txt_CAN' is present

2021-06-22 02:35:52 - [MESSAGE][PASSED] - Text '' is set on object 'Object Repository/VLink/Page_CCSale/txt_CAN'

2021-06-22 02:35:53 - [MESSAGE][PASSED] - Object 'Object Repository/VLink/Page_CCSale/txt_BillPaymentIndicator' is present

2021-06-22 02:35:53 - [MESSAGE][PASSED] - Text '' is set on object 'Object Repository/VLink/Page_CCSale/txt_BillPaymentIndicator'

2021-06-22 02:35:54 - [MESSAGE][PASSED] - Object 'Object Repository/VLink/Page_CCSale/txt_UDF1' is present

2021-06-22 02:35:54 - [MESSAGE][PASSED] - Text '' is set on object 'Object Repository/VLink/Page_CCSale/txt_UDF1'

2021-06-22 02:35:55 - [MESSAGE][PASSED] - Object 'Object Repository/VLink/Page_CCSale/txt_UDF2' is present

2021-06-22 02:35:55 - [MESSAGE][PASSED] - Text '' is set on object 'Object Repository/VLink/Page_CCSale/txt_UDF2'

2021-06-22 02:35:56 - [MESSAGE][PASSED] - Object 'Object Repository/VLink/Page_CCSale/txt_UDF3' is present

2021-06-22 02:35:56 - [MESSAGE][PASSED] - Text '' is set on object 'Object Repository/VLink/Page_CCSale/txt_UDF3'

2021-06-22 02:35:57 - [MESSAGE][PASSED] - Object 'Object Repository/VLink/Page_CCSale/txt_UDF4' is present

2021-06-22 02:35:57 - [MESSAGE][PASSED] - Text '' is set on object 'Object Repository/VLink/Page_CCSale/txt_UDF4'

2021-06-22 02:35:58 - [MESSAGE][PASSED] - Object 'Object Repository/VLink/Page_CCSale/txt_UDF5' is present

2021-06-22 02:35:58 - [MESSAGE][PASSED] - Text '' is set on object 'Object Repository/VLink/Page_CCSale/txt_UDF5'

2021-06-22 02:35:59 - [MESSAGE][PASSED] - Object 'Object Repository/VLink/Page_CCSale/txt_UDF6' is present

2021-06-22 02:35:59 - [MESSAGE][PASSED] - Text '' is set on object 'Object Repository/VLink/Page_CCSale/txt_UDF6'

2021-06-22 02:36:00 - [MESSAGE][PASSED] - Object 'Object Repository/VLink/Page_CCSale/txt_UDF7' is present

2021-06-22 02:36:00 - [MESSAGE][PASSED] - Text '' is set on object 'Object Repository/VLink/Page_CCSale/txt_UDF7'

2021-06-22 02:36:01 - [MESSAGE][PASSED] - Object 'Object Repository/VLink/Page_CCSale/txt_UDF8' is present

2021-06-22 02:36:01 - [MESSAGE][PASSED] - Text '' is set on object 'Object Repository/VLink/Page_CCSale/txt_UDF8'

2021-06-22 02:36:01 - [MESSAGE][PASSED] - Object 'Object Repository/VLink/Page_CCSale/txt_UDF9' is present

2021-06-22 02:36:02 - [MESSAGE][PASSED] - Text '' is set on object 'Object Repository/VLink/Page_CCSale/txt_UDF9'

2021-06-22 02:36:02 - [MESSAGE][PASSED] - Object 'Object Repository/VLink/Page_CCSale/txt_UDF10' is present

2021-06-22 02:36:03 - [MESSAGE][PASSED] - Text '' is set on object 'Object Repository/VLink/Page_CCSale/txt_UDF10'

2021-06-22 02:36:03 - [MESSAGE][PASSED] - Object 'Object Repository/VLink/Page_CCSale/txt_CardOnFileIndicator' is present

2021-06-22 02:36:04 - [MESSAGE][PASSED] - Text '' is set on object 'Object Repository/VLink/Page_CCSale/txt_CardOnFileIndicator'

2021-06-22 02:36:05 - [MESSAGE][PASSED] - Object 'Object Repository/VLink/Page_CCSale/txt_StoredCredentialIndicator' is present

2021-06-22 02:36:05 - [MESSAGE][PASSED] - Text '' is set on object 'Object Repository/VLink/Page_CCSale/txt_StoredCredentialIndicator'

2021-06-22 02:36:06 - [MESSAGE][PASSED] - Object 'Object Repository/VLink/Page_CCSale/txt_COFScheduledIndicator' is present

2021-06-22 02:36:06 - [MESSAGE][PASSED] - Text '' is set on object 'Object Repository/VLink/Page_CCSale/txt_COFScheduledIndicator'

2021-06-22 02:36:07 - [MESSAGE][PASSED] - Object 'Object Repository/VLink/Page_CCSale/txt_COFTransactionInitiatedBy' is present

2021-06-22 02:36:07 - [MESSAGE][PASSED] - Text '' is set on object 'Object Repository/VLink/Page_CCSale/txt_COFTransactionInitiatedBy'

2021-06-22 02:36:10 - [MESSAGE][PASSED] - Object: 'Object Repository/VLink/Page_CCSale/btn_ProcessVLinkTransaction' is clicked on

2021-06-22 02:36:15 - [MESSAGE][PASSED] - vlinkPages.saleCCPage.setDataSCC is PASSED

2021-06-22 02:36:15 - [TEST_STEP][PASSED] - if (verifyTextPresent("Transaction approved, no errors", true)): null

2021-06-22 02:36:15 - [MESSAGE][PASSED] - Text 'Transaction approved, no errors' is present on page  using regular expression

2021-06-22 02:36:15 - [TEST_STEP][PASSED] - println("Transaction Approved, no errors text is present on the Confirmation page"): null

2021-06-22 02:36:15 - [TEST_STEP][PASSED] - out.println("Pass Record Number: " + row): null

2021-06-22 02:36:15 - [TEST_STEP][PASSED] - resText = "Pass": null

2021-06-22 02:36:15 - [TEST_STEP][PASSED] - pages.WriteExcel.demoKey(resText, datText, resColumn, datCloumn, fileLoc, nameSheet, row): pages.WriteExcel.demoKey is PASSED

2021-06-22 02:36:15 - [MESSAGE][PASSED] - pages.WriteExcel.demoKey is PASSED

2021-06-22 02:36:15 - [TEST_STEP][PASSED] - sdfo = getText(findTestObject("Object Repository/Page_VLinkReceipt/pre_STX")): Text of object 'Object Repository/Page_VLinkReceipt/pre_STX' is: '<STX>oMRwjUREtBMN                  12098437            0  Transaction approved, no errors                   0                                                                                  R OK0155   <ETX>'

2021-06-22 02:36:16 - [MESSAGE][PASSED] - Text of object 'Object Repository/Page_VLinkReceipt/pre_STX' is: '<STX>oMRwjUREtBMN                  12098437            0  Transaction approved, no errors                   0                                                                                  R OK0155   <ETX>'

2021-06-22 02:36:16 - [TEST_STEP][PASSED] - out.println("sdfo: " + sdfo): null

2021-06-22 02:36:16 - [TEST_STEP][PASSED] - remID = substring(5, 35).trim(): null

2021-06-22 02:36:16 - [TEST_STEP][PASSED] - out.println("Remittance ID: " + remID): null

2021-06-22 02:36:16 - [TEST_STEP][PASSED] - traxID = substring(35, 55).trim(): null

2021-06-22 02:36:16 - [TEST_STEP][PASSED] - out.println("Transaction ID: " + traxID): null

2021-06-22 02:36:16 - [TEST_STEP][PASSED] - out.println("End Record Number: " + row): null

2021-06-22 02:36:16 - [TEST_STEP][PASSED] - closeBrowser(): Browser is closed

2021-06-22 02:36:16 - [MESSAGE][PASSED] - Browser is closed

2021-06-22 02:36:16 - [TEST_STEP][PASSED] - out.println("Begin Record Number: " + row): null

2021-06-22 02:36:16 - [TEST_STEP][PASSED] - today = new java.util.Date(): null

2021-06-22 02:36:16 - [TEST_STEP][PASSED] - println(today): null

2021-06-22 02:36:16 - [TEST_STEP][PASSED] - datText = today: null

2021-06-22 02:36:16 - [TEST_STEP][PASSED] - openBrowser(VLinkURL + "authcap.html"): Browser is opened with url: 'https://dev-algorithm.govolution.com/vlinktest/QA/version_2_0/authcap.html'

2021-06-22 02:36:16 - [MESSAGE][INFO] - Starting 'Chrome' driver

2021-06-22 02:36:16 - [MESSAGE][INFO] - User set preference: ['acceptInsecureCerts', 'true']

2021-06-22 02:36:16 - [MESSAGE][INFO] - Action delay is set to 0 milliseconds

2021-06-22 02:36:18 - [MESSAGE][PASSED] - Browser is opened with url: 'https://dev-algorithm.govolution.com/vlinktest/QA/version_2_0/authcap.html'

2021-06-22 02:36:18 - [TEST_STEP][PASSED] - maximizeWindow(): Current window maximized

2021-06-22 02:36:18 - [MESSAGE][PASSED] - Current window maximized

2021-06-22 02:36:18 - [TEST_STEP][PASSED] - vlinkPages.saleCCPage.setDataSCC(row, dataFile): vlinkPages.saleCCPage.setDataSCC is PASSED

2021-06-22 02:36:20 - [MESSAGE][PASSED] - Object 'Object Repository/VLink/Page_CCSale/txt_CardNumber' is present

2021-06-22 02:36:21 - [MESSAGE][PASSED] - Object 'Object Repository/VLink/Page_CCSale/txt_TransactionType' is present

2021-06-22 02:36:21 - [MESSAGE][PASSED] - Text '104' is set on object 'Object Repository/VLink/Page_CCSale/txt_TransactionType'

2021-06-22 02:36:22 - [MESSAGE][PASSED] - Object 'Object Repository/VLink/Page_CCSale/txt_MessageVersion' is present

2021-06-22 02:36:22 - [MESSAGE][PASSED] - Text '2.0C' is set on object 'Object Repository/VLink/Page_CCSale/txt_MessageVersion'

2021-06-22 02:36:23 - [MESSAGE][PASSED] - Object 'Object Repository/VLink/Page_CCSale/txt_RemID' is present

2021-06-22 02:36:23 - [MESSAGE][PASSED] - Text 'HqYZ95jIFrg9' is set on object 'Object Repository/VLink/Page_CCSale/txt_RemID'

2021-06-22 02:36:24 - [MESSAGE][PASSED] - Object 'Object Repository/VLink/Page_CCSale/txt_ApplicationId' is present

2021-06-22 02:36:24 - [MESSAGE][PASSED] - Text '672' is set on object 'Object Repository/VLink/Page_CCSale/txt_ApplicationId'

2021-06-22 02:36:24 - [MESSAGE][PASSED] - Object 'Object Repository/VLink/Page_CCSale/txt_Username' is present

2021-06-22 02:36:25 - [MESSAGE][PASSED] - Text 'username' is set on object 'Object Repository/VLink/Page_CCSale/txt_Username'

2021-06-22 02:36:25 - [MESSAGE][PASSED] - Object 'Object Repository/VLink/Page_CCSale/txt_Password' is present

2021-06-22 02:36:26 - [MESSAGE][PASSED] - Text 'password' is set on object 'Object Repository/VLink/Page_CCSale/txt_Password'

2021-06-22 02:36:26 - [MESSAGE][PASSED] - Object 'Object Repository/VLink/Page_CCSale/txt_ResponseFormat' is present

2021-06-22 02:36:27 - [MESSAGE][PASSED] - Text 'fixed_width' is set on object 'Object Repository/VLink/Page_CCSale/txt_ResponseFormat'

2021-06-22 02:36:27 - [MESSAGE][PASSED] - Object 'Object Repository/VLink/Page_CCSale/txt_Category' is present

2021-06-22 02:36:28 - [MESSAGE][PASSED] - Text 'RETL' is set on object 'Object Repository/VLink/Page_CCSale/txt_Category'

2021-06-22 02:36:28 - [MESSAGE][PASSED] - Object 'Object Repository/VLink/Page_CCSale/txt_TransactionID' is present

2021-06-22 02:36:29 - [MESSAGE][PASSED] - Text '' is set on object 'Object Repository/VLink/Page_CCSale/txt_TransactionID'

2021-06-22 02:36:29 - [MESSAGE][PASSED] - Object 'Object Repository/VLink/Page_CCSale/txt_ApprovalCode' is present

2021-06-22 02:36:30 - [MESSAGE][PASSED] - Text '' is set on object 'Object Repository/VLink/Page_CCSale/txt_ApprovalCode'

2021-06-22 02:36:30 - [MESSAGE][PASSED] - Object 'Object Repository/VLink/Page_CCSale/txt_CardName' is present

2021-06-22 02:36:31 - [MESSAGE][PASSED] - Text '' is set on object 'Object Repository/VLink/Page_CCSale/txt_CardName'

2021-06-22 02:36:31 - [MESSAGE][PASSED] - Object 'Object Repository/VLink/Page_CCSale/txt_AL1' is present

2021-06-22 02:36:32 - [MESSAGE][PASSED] - Text '' is set on object 'Object Repository/VLink/Page_CCSale/txt_AL1'

2021-06-22 02:36:32 - [MESSAGE][PASSED] - Object 'Object Repository/VLink/Page_CCSale/txt_AL2' is present

2021-06-22 02:36:33 - [MESSAGE][PASSED] - Text '' is set on object 'Object Repository/VLink/Page_CCSale/txt_AL2'

2021-06-22 02:36:33 - [MESSAGE][PASSED] - Object 'Object Repository/VLink/Page_CCSale/txt_CardCity' is present

2021-06-22 02:36:34 - [MESSAGE][PASSED] - Text '' is set on object 'Object Repository/VLink/Page_CCSale/txt_CardCity'

2021-06-22 02:36:34 - [MESSAGE][PASSED] - Object 'Object Repository/VLink/Page_CCSale/txt_CardState' is present

2021-06-22 02:36:35 - [MESSAGE][PASSED] - Text '' is set on object 'Object Repository/VLink/Page_CCSale/txt_CardState'

2021-06-22 02:36:35 - [MESSAGE][PASSED] - Object 'Object Repository/VLink/Page_CCSale/txt_CardZIP' is present

2021-06-22 02:36:36 - [MESSAGE][PASSED] - Text '' is set on object 'Object Repository/VLink/Page_CCSale/txt_CardZIP'

2021-06-22 02:36:36 - [MESSAGE][PASSED] - Object 'Object Repository/VLink/Page_CCSale/txt_CountryID' is present

2021-06-22 02:36:37 - [MESSAGE][PASSED] - Text '' is set on object 'Object Repository/VLink/Page_CCSale/txt_CountryID'

2021-06-22 02:36:37 - [MESSAGE][PASSED] - Object 'Object Repository/VLink/Page_CCSale/txt_Amount' is present

2021-06-22 02:36:38 - [MESSAGE][PASSED] - Text '2.50' is set on object 'Object Repository/VLink/Page_CCSale/txt_Amount'

2021-06-22 02:36:38 - [MESSAGE][PASSED] - Object 'Object Repository/VLink/Page_CCSale/txt_CardNumber' is present

2021-06-22 02:36:39 - [MESSAGE][PASSED] - Text '' is set on object 'Object Repository/VLink/Page_CCSale/txt_CardNumber'

2021-06-22 02:36:39 - [MESSAGE][PASSED] - Object 'Object Repository/VLink/Page_CCSale/txt_ExpMonth' is present

2021-06-22 02:36:40 - [MESSAGE][PASSED] - Text '' is set on object 'Object Repository/VLink/Page_CCSale/txt_ExpMonth'

2021-06-22 02:36:40 - [MESSAGE][PASSED] - Object 'Object Repository/VLink/Page_CCSale/txt_ExpYear' is present

2021-06-22 02:36:40 - [MESSAGE][PASSED] - Text '' is set on object 'Object Repository/VLink/Page_CCSale/txt_ExpYear'

2021-06-22 02:36:41 - [MESSAGE][PASSED] - Object 'Object Repository/VLink/Page_CCSale/txt_CVV' is present

2021-06-22 02:36:41 - [MESSAGE][PASSED] - Text '' is set on object 'Object Repository/VLink/Page_CCSale/txt_CVV'

2021-06-22 02:36:42 - [MESSAGE][PASSED] - Object 'Object Repository/VLink/Page_CCSale/txt_CVVstate' is present

2021-06-22 02:36:42 - [MESSAGE][PASSED] - Text '' is set on object 'Object Repository/VLink/Page_CCSale/txt_CVVstate'

2021-06-22 02:36:43 - [MESSAGE][PASSED] - Object 'Object Repository/VLink/Page_CCSale/txt_TrackData' is present

2021-06-22 02:36:43 - [MESSAGE][PASSED] - Text '' is set on object 'Object Repository/VLink/Page_CCSale/txt_TrackData'

2021-06-22 02:36:44 - [MESSAGE][PASSED] - Object 'Object Repository/VLink/Page_CCSale/txt_Track1Data' is present

2021-06-22 02:36:45 - [MESSAGE][PASSED] - Text '%B5567080011582646^AHMED/IMTIAZ              ^2303201090200000000000354000015?' is set on object 'Object Repository/VLink/Page_CCSale/txt_Track1Data'

2021-06-22 02:36:45 - [MESSAGE][PASSED] - Object 'Object Repository/VLink/Page_CCSale/txt_Track2Data' is present

2021-06-22 02:36:46 - [MESSAGE][PASSED] - Text ';5567080011582646=23032010902035400015?' is set on object 'Object Repository/VLink/Page_CCSale/txt_Track2Data'

2021-06-22 02:36:46 - [MESSAGE][PASSED] - Object 'Object Repository/VLink/Page_CCSale/txt_POSEntryMode' is present

2021-06-22 02:36:47 - [MESSAGE][PASSED] - Text '' is set on object 'Object Repository/VLink/Page_CCSale/txt_POSEntryMode'

2021-06-22 02:36:47 - [MESSAGE][PASSED] - Object 'Object Repository/VLink/Page_CCSale/txt_Email' is present

2021-06-22 02:36:47 - [MESSAGE][PASSED] - Text '' is set on object 'Object Repository/VLink/Page_CCSale/txt_Email'

2021-06-22 02:36:48 - [MESSAGE][PASSED] - Object 'Object Repository/VLink/Page_CCSale/txt_OrderNumber' is present

2021-06-22 02:36:48 - [MESSAGE][PASSED] - Text '' is set on object 'Object Repository/VLink/Page_CCSale/txt_OrderNumber'

2021-06-22 02:36:49 - [MESSAGE][PASSED] - Object 'Object Repository/VLink/Page_CCSale/txt_TaxAmount' is present

2021-06-22 02:36:49 - [MESSAGE][PASSED] - Text '' is set on object 'Object Repository/VLink/Page_CCSale/txt_TaxAmount'

2021-06-22 02:36:50 - [MESSAGE][PASSED] - Object 'Object Repository/VLink/Page_CCSale/txt_ChargeDescription' is present

2021-06-22 02:36:50 - [MESSAGE][PASSED] - Text '' is set on object 'Object Repository/VLink/Page_CCSale/txt_ChargeDescription'

2021-06-22 02:36:51 - [MESSAGE][PASSED] - Object 'Object Repository/VLink/Page_CCSale/txt_CAN' is present

2021-06-22 02:36:51 - [MESSAGE][PASSED] - Text '' is set on object 'Object Repository/VLink/Page_CCSale/txt_CAN'

2021-06-22 02:36:52 - [MESSAGE][PASSED] - Object 'Object Repository/VLink/Page_CCSale/txt_BillPaymentIndicator' is present

2021-06-22 02:36:52 - [MESSAGE][PASSED] - Text '' is set on object 'Object Repository/VLink/Page_CCSale/txt_BillPaymentIndicator'

2021-06-22 02:36:53 - [MESSAGE][PASSED] - Object 'Object Repository/VLink/Page_CCSale/txt_UDF1' is present

2021-06-22 02:36:53 - [MESSAGE][PASSED] - Text '' is set on object 'Object Repository/VLink/Page_CCSale/txt_UDF1'

2021-06-22 02:36:54 - [MESSAGE][PASSED] - Object 'Object Repository/VLink/Page_CCSale/txt_UDF2' is present

2021-06-22 02:36:54 - [MESSAGE][PASSED] - Text '' is set on object 'Object Repository/VLink/Page_CCSale/txt_UDF2'

2021-06-22 02:36:55 - [MESSAGE][PASSED] - Object 'Object Repository/VLink/Page_CCSale/txt_UDF3' is present

2021-06-22 02:36:55 - [MESSAGE][PASSED] - Text '' is set on object 'Object Repository/VLink/Page_CCSale/txt_UDF3'

2021-06-22 02:36:56 - [MESSAGE][PASSED] - Object 'Object Repository/VLink/Page_CCSale/txt_UDF4' is present

2021-06-22 02:36:56 - [MESSAGE][PASSED] - Text '' is set on object 'Object Repository/VLink/Page_CCSale/txt_UDF4'

2021-06-22 02:36:57 - [MESSAGE][PASSED] - Object 'Object Repository/VLink/Page_CCSale/txt_UDF5' is present

2021-06-22 02:36:57 - [MESSAGE][PASSED] - Text '' is set on object 'Object Repository/VLink/Page_CCSale/txt_UDF5'

2021-06-22 02:36:58 - [MESSAGE][PASSED] - Object 'Object Repository/VLink/Page_CCSale/txt_UDF6' is present

2021-06-22 02:36:58 - [MESSAGE][PASSED] - Text '' is set on object 'Object Repository/VLink/Page_CCSale/txt_UDF6'

2021-06-22 02:36:59 - [MESSAGE][PASSED] - Object 'Object Repository/VLink/Page_CCSale/txt_UDF7' is present

2021-06-22 02:36:59 - [MESSAGE][PASSED] - Text '' is set on object 'Object Repository/VLink/Page_CCSale/txt_UDF7'

2021-06-22 02:37:00 - [MESSAGE][PASSED] - Object 'Object Repository/VLink/Page_CCSale/txt_UDF8' is present

2021-06-22 02:37:00 - [MESSAGE][PASSED] - Text '' is set on object 'Object Repository/VLink/Page_CCSale/txt_UDF8'

2021-06-22 02:37:01 - [MESSAGE][PASSED] - Object 'Object Repository/VLink/Page_CCSale/txt_UDF9' is present

2021-06-22 02:37:01 - [MESSAGE][PASSED] - Text '' is set on object 'Object Repository/VLink/Page_CCSale/txt_UDF9'

2021-06-22 02:37:02 - [MESSAGE][PASSED] - Object 'Object Repository/VLink/Page_CCSale/txt_UDF10' is present

2021-06-22 02:37:02 - [MESSAGE][PASSED] - Text '' is set on object 'Object Repository/VLink/Page_CCSale/txt_UDF10'

2021-06-22 02:37:03 - [MESSAGE][PASSED] - Object 'Object Repository/VLink/Page_CCSale/txt_CardOnFileIndicator' is present

2021-06-22 02:37:03 - [MESSAGE][PASSED] - Text '' is set on object 'Object Repository/VLink/Page_CCSale/txt_CardOnFileIndicator'

2021-06-22 02:37:04 - [MESSAGE][PASSED] - Object 'Object Repository/VLink/Page_CCSale/txt_StoredCredentialIndicator' is present

2021-06-22 02:37:04 - [MESSAGE][PASSED] - Text '' is set on object 'Object Repository/VLink/Page_CCSale/txt_StoredCredentialIndicator'

2021-06-22 02:37:05 - [MESSAGE][PASSED] - Object 'Object Repository/VLink/Page_CCSale/txt_COFScheduledIndicator' is present

2021-06-22 02:37:05 - [MESSAGE][PASSED] - Text '' is set on object 'Object Repository/VLink/Page_CCSale/txt_COFScheduledIndicator'

2021-06-22 02:37:06 - [MESSAGE][PASSED] - Object 'Object Repository/VLink/Page_CCSale/txt_COFTransactionInitiatedBy' is present

2021-06-22 02:37:06 - [MESSAGE][PASSED] - Text '' is set on object 'Object Repository/VLink/Page_CCSale/txt_COFTransactionInitiatedBy'

2021-06-22 02:37:09 - [MESSAGE][PASSED] - Object: 'Object Repository/VLink/Page_CCSale/btn_ProcessVLinkTransaction' is clicked on

2021-06-22 02:37:14 - [MESSAGE][PASSED] - vlinkPages.saleCCPage.setDataSCC is PASSED

2021-06-22 02:37:14 - [TEST_STEP][PASSED] - if (verifyTextPresent("Transaction approved, no errors", true)): null

2021-06-22 02:37:14 - [MESSAGE][PASSED] - Text 'Transaction approved, no errors' is present on page  using regular expression

2021-06-22 02:37:14 - [TEST_STEP][PASSED] - println("Transaction Approved, no errors text is present on the Confirmation page"): null

2021-06-22 02:37:14 - [TEST_STEP][PASSED] - out.println("Pass Record Number: " + row): null

2021-06-22 02:37:14 - [TEST_STEP][PASSED] - resText = "Pass": null

2021-06-22 02:37:14 - [TEST_STEP][PASSED] - pages.WriteExcel.demoKey(resText, datText, resColumn, datCloumn, fileLoc, nameSheet, row): pages.WriteExcel.demoKey is PASSED

2021-06-22 02:37:14 - [MESSAGE][PASSED] - pages.WriteExcel.demoKey is PASSED

2021-06-22 02:37:14 - [TEST_STEP][PASSED] - sdfo = getText(findTestObject("Object Repository/Page_VLinkReceipt/pre_STX")): Text of object 'Object Repository/Page_VLinkReceipt/pre_STX' is: '<STX>HqYZ95jIFrg9                  12098438            0  Transaction approved, no errors                   0                                                                                  R OK0465   <ETX>'

2021-06-22 02:37:15 - [MESSAGE][PASSED] - Text of object 'Object Repository/Page_VLinkReceipt/pre_STX' is: '<STX>HqYZ95jIFrg9                  12098438            0  Transaction approved, no errors                   0                                                                                  R OK0465   <ETX>'

2021-06-22 02:37:15 - [TEST_STEP][PASSED] - out.println("sdfo: " + sdfo): null

2021-06-22 02:37:15 - [TEST_STEP][PASSED] - remID = substring(5, 35).trim(): null

2021-06-22 02:37:15 - [TEST_STEP][PASSED] - out.println("Remittance ID: " + remID): null

2021-06-22 02:37:15 - [TEST_STEP][PASSED] - traxID = substring(35, 55).trim(): null

2021-06-22 02:37:15 - [TEST_STEP][PASSED] - out.println("Transaction ID: " + traxID): null

2021-06-22 02:37:15 - [TEST_STEP][PASSED] - out.println("End Record Number: " + row): null

2021-06-22 02:37:15 - [TEST_STEP][PASSED] - closeBrowser(): Browser is closed

2021-06-22 02:37:16 - [MESSAGE][PASSED] - Browser is closed

2021-06-22 02:37:16 - [TEST_STEP][PASSED] - out.println("Begin Record Number: " + row): null

2021-06-22 02:37:16 - [TEST_STEP][PASSED] - today = new java.util.Date(): null

2021-06-22 02:37:16 - [TEST_STEP][PASSED] - println(today): null

2021-06-22 02:37:16 - [TEST_STEP][PASSED] - datText = today: null

2021-06-22 02:37:16 - [TEST_STEP][PASSED] - openBrowser(VLinkURL + "authcap.html"): Browser is opened with url: 'https://dev-algorithm.govolution.com/vlinktest/QA/version_2_0/authcap.html'

2021-06-22 02:37:16 - [MESSAGE][INFO] - Starting 'Chrome' driver

2021-06-22 02:37:16 - [MESSAGE][INFO] - User set preference: ['acceptInsecureCerts', 'true']

2021-06-22 02:37:16 - [MESSAGE][INFO] - Action delay is set to 0 milliseconds

2021-06-22 02:37:17 - [MESSAGE][PASSED] - Browser is opened with url: 'https://dev-algorithm.govolution.com/vlinktest/QA/version_2_0/authcap.html'

2021-06-22 02:37:17 - [TEST_STEP][PASSED] - maximizeWindow(): Current window maximized

2021-06-22 02:37:17 - [MESSAGE][PASSED] - Current window maximized

2021-06-22 02:37:17 - [TEST_STEP][PASSED] - vlinkPages.saleCCPage.setDataSCC(row, dataFile): vlinkPages.saleCCPage.setDataSCC is PASSED

2021-06-22 02:37:20 - [MESSAGE][PASSED] - Object 'Object Repository/VLink/Page_CCSale/txt_CardNumber' is present

2021-06-22 02:37:20 - [MESSAGE][PASSED] - Object 'Object Repository/VLink/Page_CCSale/txt_TransactionType' is present

2021-06-22 02:37:21 - [MESSAGE][PASSED] - Text '104' is set on object 'Object Repository/VLink/Page_CCSale/txt_TransactionType'

2021-06-22 02:37:21 - [MESSAGE][PASSED] - Object 'Object Repository/VLink/Page_CCSale/txt_MessageVersion' is present

2021-06-22 02:37:21 - [MESSAGE][PASSED] - Text '2.0C' is set on object 'Object Repository/VLink/Page_CCSale/txt_MessageVersion'

2021-06-22 02:37:22 - [MESSAGE][PASSED] - Object 'Object Repository/VLink/Page_CCSale/txt_RemID' is present

2021-06-22 02:37:22 - [MESSAGE][PASSED] - Text 'dTtOklcdW8GK' is set on object 'Object Repository/VLink/Page_CCSale/txt_RemID'

2021-06-22 02:37:23 - [MESSAGE][PASSED] - Object 'Object Repository/VLink/Page_CCSale/txt_ApplicationId' is present

2021-06-22 02:37:23 - [MESSAGE][PASSED] - Text '677' is set on object 'Object Repository/VLink/Page_CCSale/txt_ApplicationId'

2021-06-22 02:37:24 - [MESSAGE][PASSED] - Object 'Object Repository/VLink/Page_CCSale/txt_Username' is present

2021-06-22 02:37:24 - [MESSAGE][PASSED] - Text 'username' is set on object 'Object Repository/VLink/Page_CCSale/txt_Username'

2021-06-22 02:37:24 - [MESSAGE][PASSED] - Object 'Object Repository/VLink/Page_CCSale/txt_Password' is present

2021-06-22 02:37:25 - [MESSAGE][PASSED] - Text 'password' is set on object 'Object Repository/VLink/Page_CCSale/txt_Password'

2021-06-22 02:37:25 - [MESSAGE][PASSED] - Object 'Object Repository/VLink/Page_CCSale/txt_ResponseFormat' is present

2021-06-22 02:37:26 - [MESSAGE][PASSED] - Text 'fixed_width' is set on object 'Object Repository/VLink/Page_CCSale/txt_ResponseFormat'

2021-06-22 02:37:26 - [MESSAGE][PASSED] - Object 'Object Repository/VLink/Page_CCSale/txt_Category' is present

2021-06-22 02:37:27 - [MESSAGE][PASSED] - Text 'RETL' is set on object 'Object Repository/VLink/Page_CCSale/txt_Category'

2021-06-22 02:37:27 - [MESSAGE][PASSED] - Object 'Object Repository/VLink/Page_CCSale/txt_TransactionID' is present

2021-06-22 02:37:28 - [MESSAGE][PASSED] - Text '' is set on object 'Object Repository/VLink/Page_CCSale/txt_TransactionID'

2021-06-22 02:37:28 - [MESSAGE][PASSED] - Object 'Object Repository/VLink/Page_CCSale/txt_ApprovalCode' is present

2021-06-22 02:37:29 - [MESSAGE][PASSED] - Text '' is set on object 'Object Repository/VLink/Page_CCSale/txt_ApprovalCode'

2021-06-22 02:37:29 - [MESSAGE][PASSED] - Object 'Object Repository/VLink/Page_CCSale/txt_CardName' is present

2021-06-22 02:37:30 - [MESSAGE][PASSED] - Text '' is set on object 'Object Repository/VLink/Page_CCSale/txt_CardName'

2021-06-22 02:37:30 - [MESSAGE][PASSED] - Object 'Object Repository/VLink/Page_CCSale/txt_AL1' is present

2021-06-22 02:37:31 - [MESSAGE][PASSED] - Text '' is set on object 'Object Repository/VLink/Page_CCSale/txt_AL1'

2021-06-22 02:37:31 - [MESSAGE][PASSED] - Object 'Object Repository/VLink/Page_CCSale/txt_AL2' is present

2021-06-22 02:37:32 - [MESSAGE][PASSED] - Text '' is set on object 'Object Repository/VLink/Page_CCSale/txt_AL2'

2021-06-22 02:37:32 - [MESSAGE][PASSED] - Object 'Object Repository/VLink/Page_CCSale/txt_CardCity' is present

2021-06-22 02:37:33 - [MESSAGE][PASSED] - Text '' is set on object 'Object Repository/VLink/Page_CCSale/txt_CardCity'

2021-06-22 02:37:33 - [MESSAGE][PASSED] - Object 'Object Repository/VLink/Page_CCSale/txt_CardState' is present

2021-06-22 02:37:34 - [MESSAGE][PASSED] - Text '' is set on object 'Object Repository/VLink/Page_CCSale/txt_CardState'

2021-06-22 02:37:34 - [MESSAGE][PASSED] - Object 'Object Repository/VLink/Page_CCSale/txt_CardZIP' is present

2021-06-22 02:37:35 - [MESSAGE][PASSED] - Text '' is set on object 'Object Repository/VLink/Page_CCSale/txt_CardZIP'

2021-06-22 02:37:35 - [MESSAGE][PASSED] - Object 'Object Repository/VLink/Page_CCSale/txt_CountryID' is present

2021-06-22 02:37:36 - [MESSAGE][PASSED] - Text '' is set on object 'Object Repository/VLink/Page_CCSale/txt_CountryID'

2021-06-22 02:37:36 - [MESSAGE][PASSED] - Object 'Object Repository/VLink/Page_CCSale/txt_Amount' is present

2021-06-22 02:37:37 - [MESSAGE][PASSED] - Text '3.50' is set on object 'Object Repository/VLink/Page_CCSale/txt_Amount'

2021-06-22 02:37:37 - [MESSAGE][PASSED] - Object 'Object Repository/VLink/Page_CCSale/txt_CardNumber' is present

2021-06-22 02:37:38 - [MESSAGE][PASSED] - Text '' is set on object 'Object Repository/VLink/Page_CCSale/txt_CardNumber'

2021-06-22 02:37:38 - [MESSAGE][PASSED] - Object 'Object Repository/VLink/Page_CCSale/txt_ExpMonth' is present

2021-06-22 02:37:39 - [MESSAGE][PASSED] - Text '' is set on object 'Object Repository/VLink/Page_CCSale/txt_ExpMonth'

2021-06-22 02:37:39 - [MESSAGE][PASSED] - Object 'Object Repository/VLink/Page_CCSale/txt_ExpYear' is present

2021-06-22 02:37:40 - [MESSAGE][PASSED] - Text '' is set on object 'Object Repository/VLink/Page_CCSale/txt_ExpYear'

2021-06-22 02:37:40 - [MESSAGE][PASSED] - Object 'Object Repository/VLink/Page_CCSale/txt_CVV' is present

2021-06-22 02:37:41 - [MESSAGE][PASSED] - Text '' is set on object 'Object Repository/VLink/Page_CCSale/txt_CVV'

2021-06-22 02:37:41 - [MESSAGE][PASSED] - Object 'Object Repository/VLink/Page_CCSale/txt_CVVstate' is present

2021-06-22 02:37:42 - [MESSAGE][PASSED] - Text '' is set on object 'Object Repository/VLink/Page_CCSale/txt_CVVstate'

2021-06-22 02:37:42 - [MESSAGE][PASSED] - Object 'Object Repository/VLink/Page_CCSale/txt_TrackData' is present

2021-06-22 02:37:43 - [MESSAGE][PASSED] - Text '%B5567080011582646^AHMED/IMTIAZ              ^2303201090200000000000354000015?;5567080011582646=23032010902035400015?' is set on object 'Object Repository/VLink/Page_CCSale/txt_TrackData'

2021-06-22 02:37:43 - [MESSAGE][PASSED] - Object 'Object Repository/VLink/Page_CCSale/txt_Track1Data' is present

2021-06-22 02:37:44 - [MESSAGE][PASSED] - Text '' is set on object 'Object Repository/VLink/Page_CCSale/txt_Track1Data'

2021-06-22 02:37:44 - [MESSAGE][PASSED] - Object 'Object Repository/VLink/Page_CCSale/txt_Track2Data' is present

2021-06-22 02:37:45 - [MESSAGE][PASSED] - Text '' is set on object 'Object Repository/VLink/Page_CCSale/txt_Track2Data'

2021-06-22 02:37:45 - [MESSAGE][PASSED] - Object 'Object Repository/VLink/Page_CCSale/txt_POSEntryMode' is present

2021-06-22 02:37:46 - [MESSAGE][PASSED] - Text '' is set on object 'Object Repository/VLink/Page_CCSale/txt_POSEntryMode'

2021-06-22 02:37:46 - [MESSAGE][PASSED] - Object 'Object Repository/VLink/Page_CCSale/txt_Email' is present

2021-06-22 02:37:47 - [MESSAGE][PASSED] - Text '' is set on object 'Object Repository/VLink/Page_CCSale/txt_Email'

2021-06-22 02:37:47 - [MESSAGE][PASSED] - Object 'Object Repository/VLink/Page_CCSale/txt_OrderNumber' is present

2021-06-22 02:37:48 - [MESSAGE][PASSED] - Text '' is set on object 'Object Repository/VLink/Page_CCSale/txt_OrderNumber'

2021-06-22 02:37:48 - [MESSAGE][PASSED] - Object 'Object Repository/VLink/Page_CCSale/txt_TaxAmount' is present

2021-06-22 02:37:49 - [MESSAGE][PASSED] - Text '' is set on object 'Object Repository/VLink/Page_CCSale/txt_TaxAmount'

2021-06-22 02:37:49 - [MESSAGE][PASSED] - Object 'Object Repository/VLink/Page_CCSale/txt_ChargeDescription' is present

2021-06-22 02:37:50 - [MESSAGE][PASSED] - Text '' is set on object 'Object Repository/VLink/Page_CCSale/txt_ChargeDescription'

2021-06-22 02:37:50 - [MESSAGE][PASSED] - Object 'Object Repository/VLink/Page_CCSale/txt_CAN' is present

2021-06-22 02:37:51 - [MESSAGE][PASSED] - Text '' is set on object 'Object Repository/VLink/Page_CCSale/txt_CAN'

2021-06-22 02:37:51 - [MESSAGE][PASSED] - Object 'Object Repository/VLink/Page_CCSale/txt_BillPaymentIndicator' is present

2021-06-22 02:37:52 - [MESSAGE][PASSED] - Text '' is set on object 'Object Repository/VLink/Page_CCSale/txt_BillPaymentIndicator'

2021-06-22 02:37:52 - [MESSAGE][PASSED] - Object 'Object Repository/VLink/Page_CCSale/txt_UDF1' is present

2021-06-22 02:37:53 - [MESSAGE][PASSED] - Text '' is set on object 'Object Repository/VLink/Page_CCSale/txt_UDF1'

2021-06-22 02:37:53 - [MESSAGE][PASSED] - Object 'Object Repository/VLink/Page_CCSale/txt_UDF2' is present

2021-06-22 02:37:54 - [MESSAGE][PASSED] - Text '' is set on object 'Object Repository/VLink/Page_CCSale/txt_UDF2'

2021-06-22 02:37:54 - [MESSAGE][PASSED] - Object 'Object Repository/VLink/Page_CCSale/txt_UDF3' is present

2021-06-22 02:37:55 - [MESSAGE][PASSED] - Text '' is set on object 'Object Repository/VLink/Page_CCSale/txt_UDF3'

2021-06-22 02:37:55 - [MESSAGE][PASSED] - Object 'Object Repository/VLink/Page_CCSale/txt_UDF4' is present

2021-06-22 02:37:56 - [MESSAGE][PASSED] - Text '' is set on object 'Object Repository/VLink/Page_CCSale/txt_UDF4'

2021-06-22 02:37:56 - [MESSAGE][PASSED] - Object 'Object Repository/VLink/Page_CCSale/txt_UDF5' is present

2021-06-22 02:37:57 - [MESSAGE][PASSED] - Text '' is set on object 'Object Repository/VLink/Page_CCSale/txt_UDF5'

2021-06-22 02:37:57 - [MESSAGE][PASSED] - Object 'Object Repository/VLink/Page_CCSale/txt_UDF6' is present

2021-06-22 02:37:58 - [MESSAGE][PASSED] - Text '' is set on object 'Object Repository/VLink/Page_CCSale/txt_UDF6'

2021-06-22 02:37:58 - [MESSAGE][PASSED] - Object 'Object Repository/VLink/Page_CCSale/txt_UDF7' is present

2021-06-22 02:37:59 - [MESSAGE][PASSED] - Text '' is set on object 'Object Repository/VLink/Page_CCSale/txt_UDF7'

2021-06-22 02:37:59 - [MESSAGE][PASSED] - Object 'Object Repository/VLink/Page_CCSale/txt_UDF8' is present

2021-06-22 02:38:00 - [MESSAGE][PASSED] - Text '' is set on object 'Object Repository/VLink/Page_CCSale/txt_UDF8'

2021-06-22 02:38:00 - [MESSAGE][PASSED] - Object 'Object Repository/VLink/Page_CCSale/txt_UDF9' is present

2021-06-22 02:38:01 - [MESSAGE][PASSED] - Text '' is set on object 'Object Repository/VLink/Page_CCSale/txt_UDF9'

2021-06-22 02:38:01 - [MESSAGE][PASSED] - Object 'Object Repository/VLink/Page_CCSale/txt_UDF10' is present

2021-06-22 02:38:02 - [MESSAGE][PASSED] - Text '' is set on object 'Object Repository/VLink/Page_CCSale/txt_UDF10'

2021-06-22 02:38:02 - [MESSAGE][PASSED] - Object 'Object Repository/VLink/Page_CCSale/txt_CardOnFileIndicator' is present

2021-06-22 02:38:03 - [MESSAGE][PASSED] - Text '' is set on object 'Object Repository/VLink/Page_CCSale/txt_CardOnFileIndicator'

2021-06-22 02:38:03 - [MESSAGE][PASSED] - Object 'Object Repository/VLink/Page_CCSale/txt_StoredCredentialIndicator' is present

2021-06-22 02:38:04 - [MESSAGE][PASSED] - Text '' is set on object 'Object Repository/VLink/Page_CCSale/txt_StoredCredentialIndicator'

2021-06-22 02:38:04 - [MESSAGE][PASSED] - Object 'Object Repository/VLink/Page_CCSale/txt_COFScheduledIndicator' is present

2021-06-22 02:38:05 - [MESSAGE][PASSED] - Text '' is set on object 'Object Repository/VLink/Page_CCSale/txt_COFScheduledIndicator'

2021-06-22 02:38:05 - [MESSAGE][PASSED] - Object 'Object Repository/VLink/Page_CCSale/txt_COFTransactionInitiatedBy' is present

2021-06-22 02:38:06 - [MESSAGE][PASSED] - Text '' is set on object 'Object Repository/VLink/Page_CCSale/txt_COFTransactionInitiatedBy'

2021-06-22 02:38:09 - [MESSAGE][PASSED] - Object: 'Object Repository/VLink/Page_CCSale/btn_ProcessVLinkTransaction' is clicked on

2021-06-22 02:38:14 - [MESSAGE][PASSED] - vlinkPages.saleCCPage.setDataSCC is PASSED

2021-06-22 02:38:14 - [TEST_STEP][PASSED] - if (verifyTextPresent("Transaction approved, no errors", true)): null

2021-06-22 02:38:14 - [MESSAGE][PASSED] - Text 'Transaction approved, no errors' is present on page  using regular expression

2021-06-22 02:38:14 - [TEST_STEP][PASSED] - println("Transaction Approved, no errors text is present on the Confirmation page"): null

2021-06-22 02:38:14 - [TEST_STEP][PASSED] - out.println("Pass Record Number: " + row): null

2021-06-22 02:38:14 - [TEST_STEP][PASSED] - resText = "Pass": null

2021-06-22 02:38:14 - [TEST_STEP][PASSED] - pages.WriteExcel.demoKey(resText, datText, resColumn, datCloumn, fileLoc, nameSheet, row): pages.WriteExcel.demoKey is PASSED

2021-06-22 02:38:14 - [MESSAGE][PASSED] - pages.WriteExcel.demoKey is PASSED

2021-06-22 02:38:14 - [TEST_STEP][PASSED] - sdfo = getText(findTestObject("Object Repository/Page_VLinkReceipt/pre_STX")): Text of object 'Object Repository/Page_VLinkReceipt/pre_STX' is: '<STX>dTtOklcdW8GK                  12098439            0  Transaction approved, no errors                   0                                                                                  R OK0805   <ETX>'

2021-06-22 02:38:15 - [MESSAGE][PASSED] - Text of object 'Object Repository/Page_VLinkReceipt/pre_STX' is: '<STX>dTtOklcdW8GK                  12098439            0  Transaction approved, no errors                   0                                                                                  R OK0805   <ETX>'

2021-06-22 02:38:15 - [TEST_STEP][PASSED] - out.println("sdfo: " + sdfo): null

2021-06-22 02:38:15 - [TEST_STEP][PASSED] - remID = substring(5, 35).trim(): null

2021-06-22 02:38:15 - [TEST_STEP][PASSED] - out.println("Remittance ID: " + remID): null

2021-06-22 02:38:15 - [TEST_STEP][PASSED] - traxID = substring(35, 55).trim(): null

2021-06-22 02:38:15 - [TEST_STEP][PASSED] - out.println("Transaction ID: " + traxID): null

2021-06-22 02:38:15 - [TEST_STEP][PASSED] - out.println("End Record Number: " + row): null

2021-06-22 02:38:15 - [TEST_STEP][PASSED] - closeBrowser(): Browser is closed

2021-06-22 02:38:16 - [MESSAGE][PASSED] - Browser is closed

2021-06-22 02:38:16 - [TEST_STEP][PASSED] - out.println("Begin Record Number: " + row): null

2021-06-22 02:38:16 - [TEST_STEP][PASSED] - today = new java.util.Date(): null

2021-06-22 02:38:16 - [TEST_STEP][PASSED] - println(today): null

2021-06-22 02:38:16 - [TEST_STEP][PASSED] - datText = today: null

2021-06-22 02:38:16 - [TEST_STEP][PASSED] - openBrowser(VLinkURL + "authcap.html"): Browser is opened with url: 'https://dev-algorithm.govolution.com/vlinktest/QA/version_2_0/authcap.html'

2021-06-22 02:38:16 - [MESSAGE][INFO] - Starting 'Chrome' driver

2021-06-22 02:38:16 - [MESSAGE][INFO] - User set preference: ['acceptInsecureCerts', 'true']

2021-06-22 02:38:16 - [MESSAGE][INFO] - Action delay is set to 0 milliseconds

2021-06-22 02:38:17 - [MESSAGE][PASSED] - Browser is opened with url: 'https://dev-algorithm.govolution.com/vlinktest/QA/version_2_0/authcap.html'

2021-06-22 02:38:17 - [TEST_STEP][PASSED] - maximizeWindow(): Current window maximized

2021-06-22 02:38:17 - [MESSAGE][PASSED] - Current window maximized

2021-06-22 02:38:17 - [TEST_STEP][PASSED] - vlinkPages.saleCCPage.setDataSCC(row, dataFile): vlinkPages.saleCCPage.setDataSCC is PASSED

2021-06-22 02:38:20 - [MESSAGE][PASSED] - Object 'Object Repository/VLink/Page_CCSale/txt_CardNumber' is present

2021-06-22 02:38:20 - [MESSAGE][PASSED] - Object 'Object Repository/VLink/Page_CCSale/txt_TransactionType' is present

2021-06-22 02:38:20 - [MESSAGE][PASSED] - Text '104' is set on object 'Object Repository/VLink/Page_CCSale/txt_TransactionType'

2021-06-22 02:38:21 - [MESSAGE][PASSED] - Object 'Object Repository/VLink/Page_CCSale/txt_MessageVersion' is present

2021-06-22 02:38:21 - [MESSAGE][PASSED] - Text '2.0C' is set on object 'Object Repository/VLink/Page_CCSale/txt_MessageVersion'

2021-06-22 02:38:22 - [MESSAGE][PASSED] - Object 'Object Repository/VLink/Page_CCSale/txt_RemID' is present

2021-06-22 02:38:22 - [MESSAGE][PASSED] - Text 'Wb8kT3NkhLRl' is set on object 'Object Repository/VLink/Page_CCSale/txt_RemID'

2021-06-22 02:38:23 - [MESSAGE][PASSED] - Object 'Object Repository/VLink/Page_CCSale/txt_ApplicationId' is present

2021-06-22 02:38:23 - [MESSAGE][PASSED] - Text '677' is set on object 'Object Repository/VLink/Page_CCSale/txt_ApplicationId'

2021-06-22 02:38:23 - [MESSAGE][PASSED] - Object 'Object Repository/VLink/Page_CCSale/txt_Username' is present

2021-06-22 02:38:24 - [MESSAGE][PASSED] - Text 'username' is set on object 'Object Repository/VLink/Page_CCSale/txt_Username'

2021-06-22 02:38:24 - [MESSAGE][PASSED] - Object 'Object Repository/VLink/Page_CCSale/txt_Password' is present

2021-06-22 02:38:25 - [MESSAGE][PASSED] - Text 'password' is set on object 'Object Repository/VLink/Page_CCSale/txt_Password'

2021-06-22 02:38:25 - [MESSAGE][PASSED] - Object 'Object Repository/VLink/Page_CCSale/txt_ResponseFormat' is present

2021-06-22 02:38:26 - [MESSAGE][PASSED] - Text 'fixed_width' is set on object 'Object Repository/VLink/Page_CCSale/txt_ResponseFormat'

2021-06-22 02:38:26 - [MESSAGE][PASSED] - Object 'Object Repository/VLink/Page_CCSale/txt_Category' is present

2021-06-22 02:38:27 - [MESSAGE][PASSED] - Text 'RETL' is set on object 'Object Repository/VLink/Page_CCSale/txt_Category'

2021-06-22 02:38:27 - [MESSAGE][PASSED] - Object 'Object Repository/VLink/Page_CCSale/txt_TransactionID' is present

2021-06-22 02:38:28 - [MESSAGE][PASSED] - Text '' is set on object 'Object Repository/VLink/Page_CCSale/txt_TransactionID'

2021-06-22 02:38:28 - [MESSAGE][PASSED] - Object 'Object Repository/VLink/Page_CCSale/txt_ApprovalCode' is present

2021-06-22 02:38:29 - [MESSAGE][PASSED] - Text '' is set on object 'Object Repository/VLink/Page_CCSale/txt_ApprovalCode'

2021-06-22 02:38:29 - [MESSAGE][PASSED] - Object 'Object Repository/VLink/Page_CCSale/txt_CardName' is present

2021-06-22 02:38:30 - [MESSAGE][PASSED] - Text '' is set on object 'Object Repository/VLink/Page_CCSale/txt_CardName'

2021-06-22 02:38:30 - [MESSAGE][PASSED] - Object 'Object Repository/VLink/Page_CCSale/txt_AL1' is present

2021-06-22 02:38:31 - [MESSAGE][PASSED] - Text '' is set on object 'Object Repository/VLink/Page_CCSale/txt_AL1'

2021-06-22 02:38:31 - [MESSAGE][PASSED] - Object 'Object Repository/VLink/Page_CCSale/txt_AL2' is present

2021-06-22 02:38:32 - [MESSAGE][PASSED] - Text '' is set on object 'Object Repository/VLink/Page_CCSale/txt_AL2'

2021-06-22 02:38:32 - [MESSAGE][PASSED] - Object 'Object Repository/VLink/Page_CCSale/txt_CardCity' is present

2021-06-22 02:38:33 - [MESSAGE][PASSED] - Text '' is set on object 'Object Repository/VLink/Page_CCSale/txt_CardCity'

2021-06-22 02:38:33 - [MESSAGE][PASSED] - Object 'Object Repository/VLink/Page_CCSale/txt_CardState' is present

2021-06-22 02:38:34 - [MESSAGE][PASSED] - Text '' is set on object 'Object Repository/VLink/Page_CCSale/txt_CardState'

2021-06-22 02:38:34 - [MESSAGE][PASSED] - Object 'Object Repository/VLink/Page_CCSale/txt_CardZIP' is present

2021-06-22 02:38:35 - [MESSAGE][PASSED] - Text '' is set on object 'Object Repository/VLink/Page_CCSale/txt_CardZIP'

2021-06-22 02:38:35 - [MESSAGE][PASSED] - Object 'Object Repository/VLink/Page_CCSale/txt_CountryID' is present

2021-06-22 02:38:36 - [MESSAGE][PASSED] - Text '' is set on object 'Object Repository/VLink/Page_CCSale/txt_CountryID'

2021-06-22 02:38:36 - [MESSAGE][PASSED] - Object 'Object Repository/VLink/Page_CCSale/txt_Amount' is present

2021-06-22 02:38:37 - [MESSAGE][PASSED] - Text '3.50' is set on object 'Object Repository/VLink/Page_CCSale/txt_Amount'

2021-06-22 02:38:37 - [MESSAGE][PASSED] - Object 'Object Repository/VLink/Page_CCSale/txt_CardNumber' is present

2021-06-22 02:38:38 - [MESSAGE][PASSED] - Text '' is set on object 'Object Repository/VLink/Page_CCSale/txt_CardNumber'

2021-06-22 02:38:38 - [MESSAGE][PASSED] - Object 'Object Repository/VLink/Page_CCSale/txt_ExpMonth' is present

2021-06-22 02:38:39 - [MESSAGE][PASSED] - Text '' is set on object 'Object Repository/VLink/Page_CCSale/txt_ExpMonth'

2021-06-22 02:38:39 - [MESSAGE][PASSED] - Object 'Object Repository/VLink/Page_CCSale/txt_ExpYear' is present

2021-06-22 02:38:40 - [MESSAGE][PASSED] - Text '' is set on object 'Object Repository/VLink/Page_CCSale/txt_ExpYear'

2021-06-22 02:38:40 - [MESSAGE][PASSED] - Object 'Object Repository/VLink/Page_CCSale/txt_CVV' is present

2021-06-22 02:38:41 - [MESSAGE][PASSED] - Text '' is set on object 'Object Repository/VLink/Page_CCSale/txt_CVV'

2021-06-22 02:38:41 - [MESSAGE][PASSED] - Object 'Object Repository/VLink/Page_CCSale/txt_CVVstate' is present

2021-06-22 02:38:42 - [MESSAGE][PASSED] - Text '' is set on object 'Object Repository/VLink/Page_CCSale/txt_CVVstate'

2021-06-22 02:38:42 - [MESSAGE][PASSED] - Object 'Object Repository/VLink/Page_CCSale/txt_TrackData' is present

2021-06-22 02:38:43 - [MESSAGE][PASSED] - Text '' is set on object 'Object Repository/VLink/Page_CCSale/txt_TrackData'

2021-06-22 02:38:43 - [MESSAGE][PASSED] - Object 'Object Repository/VLink/Page_CCSale/txt_Track1Data' is present

2021-06-22 02:38:44 - [MESSAGE][PASSED] - Text '%B5567080011582646^AHMED/IMTIAZ              ^2303201090200000000000354000015?' is set on object 'Object Repository/VLink/Page_CCSale/txt_Track1Data'

2021-06-22 02:38:44 - [MESSAGE][PASSED] - Object 'Object Repository/VLink/Page_CCSale/txt_Track2Data' is present

2021-06-22 02:38:45 - [MESSAGE][PASSED] - Text '' is set on object 'Object Repository/VLink/Page_CCSale/txt_Track2Data'

2021-06-22 02:38:45 - [MESSAGE][PASSED] - Object 'Object Repository/VLink/Page_CCSale/txt_POSEntryMode' is present

2021-06-22 02:38:46 - [MESSAGE][PASSED] - Text '' is set on object 'Object Repository/VLink/Page_CCSale/txt_POSEntryMode'

2021-06-22 02:38:46 - [MESSAGE][PASSED] - Object 'Object Repository/VLink/Page_CCSale/txt_Email' is present

2021-06-22 02:38:47 - [MESSAGE][PASSED] - Text '' is set on object 'Object Repository/VLink/Page_CCSale/txt_Email'

2021-06-22 02:38:47 - [MESSAGE][PASSED] - Object 'Object Repository/VLink/Page_CCSale/txt_OrderNumber' is present

2021-06-22 02:38:48 - [MESSAGE][PASSED] - Text '' is set on object 'Object Repository/VLink/Page_CCSale/txt_OrderNumber'

2021-06-22 02:38:48 - [MESSAGE][PASSED] - Object 'Object Repository/VLink/Page_CCSale/txt_TaxAmount' is present

2021-06-22 02:38:49 - [MESSAGE][PASSED] - Text '' is set on object 'Object Repository/VLink/Page_CCSale/txt_TaxAmount'

2021-06-22 02:38:49 - [MESSAGE][PASSED] - Object 'Object Repository/VLink/Page_CCSale/txt_ChargeDescription' is present

2021-06-22 02:38:50 - [MESSAGE][PASSED] - Text '' is set on object 'Object Repository/VLink/Page_CCSale/txt_ChargeDescription'

2021-06-22 02:38:50 - [MESSAGE][PASSED] - Object 'Object Repository/VLink/Page_CCSale/txt_CAN' is present

2021-06-22 02:38:51 - [MESSAGE][PASSED] - Text '' is set on object 'Object Repository/VLink/Page_CCSale/txt_CAN'

2021-06-22 02:38:51 - [MESSAGE][PASSED] - Object 'Object Repository/VLink/Page_CCSale/txt_BillPaymentIndicator' is present

2021-06-22 02:38:52 - [MESSAGE][PASSED] - Text '' is set on object 'Object Repository/VLink/Page_CCSale/txt_BillPaymentIndicator'

2021-06-22 02:38:52 - [MESSAGE][PASSED] - Object 'Object Repository/VLink/Page_CCSale/txt_UDF1' is present

2021-06-22 02:38:53 - [MESSAGE][PASSED] - Text '' is set on object 'Object Repository/VLink/Page_CCSale/txt_UDF1'

2021-06-22 02:38:53 - [MESSAGE][PASSED] - Object 'Object Repository/VLink/Page_CCSale/txt_UDF2' is present

2021-06-22 02:38:54 - [MESSAGE][PASSED] - Text '' is set on object 'Object Repository/VLink/Page_CCSale/txt_UDF2'

2021-06-22 02:38:54 - [MESSAGE][PASSED] - Object 'Object Repository/VLink/Page_CCSale/txt_UDF3' is present

2021-06-22 02:38:55 - [MESSAGE][PASSED] - Text '' is set on object 'Object Repository/VLink/Page_CCSale/txt_UDF3'

2021-06-22 02:38:55 - [MESSAGE][PASSED] - Object 'Object Repository/VLink/Page_CCSale/txt_UDF4' is present

2021-06-22 02:38:56 - [MESSAGE][PASSED] - Text '' is set on object 'Object Repository/VLink/Page_CCSale/txt_UDF4'

2021-06-22 02:38:56 - [MESSAGE][PASSED] - Object 'Object Repository/VLink/Page_CCSale/txt_UDF5' is present

2021-06-22 02:38:57 - [MESSAGE][PASSED] - Text '' is set on object 'Object Repository/VLink/Page_CCSale/txt_UDF5'

2021-06-22 02:38:57 - [MESSAGE][PASSED] - Object 'Object Repository/VLink/Page_CCSale/txt_UDF6' is present

2021-06-22 02:38:58 - [MESSAGE][PASSED] - Text '' is set on object 'Object Repository/VLink/Page_CCSale/txt_UDF6'

2021-06-22 02:38:58 - [MESSAGE][PASSED] - Object 'Object Repository/VLink/Page_CCSale/txt_UDF7' is present

2021-06-22 02:38:59 - [MESSAGE][PASSED] - Text '' is set on object 'Object Repository/VLink/Page_CCSale/txt_UDF7'

2021-06-22 02:38:59 - [MESSAGE][PASSED] - Object 'Object Repository/VLink/Page_CCSale/txt_UDF8' is present

2021-06-22 02:39:00 - [MESSAGE][PASSED] - Text '' is set on object 'Object Repository/VLink/Page_CCSale/txt_UDF8'

2021-06-22 02:39:00 - [MESSAGE][PASSED] - Object 'Object Repository/VLink/Page_CCSale/txt_UDF9' is present

2021-06-22 02:39:01 - [MESSAGE][PASSED] - Text '' is set on object 'Object Repository/VLink/Page_CCSale/txt_UDF9'

2021-06-22 02:39:01 - [MESSAGE][PASSED] - Object 'Object Repository/VLink/Page_CCSale/txt_UDF10' is present

2021-06-22 02:39:02 - [MESSAGE][PASSED] - Text '' is set on object 'Object Repository/VLink/Page_CCSale/txt_UDF10'

2021-06-22 02:39:02 - [MESSAGE][PASSED] - Object 'Object Repository/VLink/Page_CCSale/txt_CardOnFileIndicator' is present

2021-06-22 02:39:03 - [MESSAGE][PASSED] - Text '' is set on object 'Object Repository/VLink/Page_CCSale/txt_CardOnFileIndicator'

2021-06-22 02:39:03 - [MESSAGE][PASSED] - Object 'Object Repository/VLink/Page_CCSale/txt_StoredCredentialIndicator' is present

2021-06-22 02:39:04 - [MESSAGE][PASSED] - Text '' is set on object 'Object Repository/VLink/Page_CCSale/txt_StoredCredentialIndicator'

2021-06-22 02:39:04 - [MESSAGE][PASSED] - Object 'Object Repository/VLink/Page_CCSale/txt_COFScheduledIndicator' is present

2021-06-22 02:39:05 - [MESSAGE][PASSED] - Text '' is set on object 'Object Repository/VLink/Page_CCSale/txt_COFScheduledIndicator'

2021-06-22 02:39:05 - [MESSAGE][PASSED] - Object 'Object Repository/VLink/Page_CCSale/txt_COFTransactionInitiatedBy' is present

2021-06-22 02:39:06 - [MESSAGE][PASSED] - Text '' is set on object 'Object Repository/VLink/Page_CCSale/txt_COFTransactionInitiatedBy'

2021-06-22 02:39:07 - [MESSAGE][PASSED] - Object: 'Object Repository/VLink/Page_CCSale/btn_ProcessVLinkTransaction' is clicked on

2021-06-22 02:39:12 - [MESSAGE][PASSED] - vlinkPages.saleCCPage.setDataSCC is PASSED

2021-06-22 02:39:12 - [TEST_STEP][FAILED] - if (verifyTextPresent("Transaction approved, no errors", true)): Text 'Transaction approved, no errors' is not present on page  using regular expression (Root cause: com.kms.katalon.core.exception.StepFailedException: Text 'Transaction approved, no errors' is not present on page  using regular expression
	at com.kms.katalon.core.webui.keyword.internal.WebUIKeywordMain.stepFailed(WebUIKeywordMain.groovy:64)
	at com.kms.katalon.core.webui.keyword.builtin.VerifyTextPresentKeyword$_verifyTextPresent_closure1.doCall(VerifyTextPresentKeyword.groovy:79)
	at com.kms.katalon.core.webui.keyword.builtin.VerifyTextPresentKeyword$_verifyTextPresent_closure1.call(VerifyTextPresentKeyword.groovy)
	at com.kms.katalon.core.webui.keyword.internal.WebUIKeywordMain.runKeyword(WebUIKeywordMain.groovy:20)
	at com.kms.katalon.core.webui.keyword.builtin.VerifyTextPresentKeyword.verifyTextPresent(VerifyTextPresentKeyword.groovy:83)
	at com.kms.katalon.core.webui.keyword.builtin.VerifyTextPresentKeyword.execute(VerifyTextPresentKeyword.groovy:68)
	at com.kms.katalon.core.keyword.internal.KeywordExecutor.executeKeywordForPlatform(KeywordExecutor.groovy:72)
	at com.kms.katalon.core.webui.keyword.WebUiBuiltInKeywords.verifyTextPresent(WebUiBuiltInKeywords.groovy:1719)
	at com.kms.katalon.core.webui.keyword.WebUiBuiltInKeywords$verifyTextPresent$4.call(Unknown Source)
	at VLinkSale-Successful.run(VLinkSale-Successful:76)
	at com.kms.katalon.core.main.ScriptEngine.run(ScriptEngine.java:194)
	at com.kms.katalon.core.main.ScriptEngine.runScriptAsRawText(ScriptEngine.java:119)
	at com.kms.katalon.core.main.TestCaseExecutor.runScript(TestCaseExecutor.java:337)
	at com.kms.katalon.core.main.TestCaseExecutor.doExecute(TestCaseExecutor.java:328)
	at com.kms.katalon.core.main.TestCaseExecutor.processExecutionPhase(TestCaseExecutor.java:307)
	at com.kms.katalon.core.main.TestCaseExecutor.accessMainPhase(TestCaseExecutor.java:299)
	at com.kms.katalon.core.main.TestCaseExecutor.execute(TestCaseExecutor.java:233)
	at com.kms.katalon.core.main.TestSuiteExecutor.accessTestCaseMainPhase(TestSuiteExecutor.java:169)
	at com.kms.katalon.core.main.TestSuiteExecutor.accessTestSuiteMainPhase(TestSuiteExecutor.java:142)
	at com.kms.katalon.core.main.TestSuiteExecutor.execute(TestSuiteExecutor.java:91)
	at com.kms.katalon.core.main.TestCaseMain.startTestSuite(TestCaseMain.java:157)
	at com.kms.katalon.core.main.TestCaseMain$startTestSuite$0.call(Unknown Source)
	at TempTestSuite1624337272106.run(TempTestSuite1624337272106.groovy:37)
)

2021-06-22 02:39:13 - [MESSAGE][FAILED] - Text 'Transaction approved, no errors' is not present on page  using regular expression (Root cause: com.kms.katalon.core.exception.StepFailedException: Text 'Transaction approved, no errors' is not present on page  using regular expression
	at com.kms.katalon.core.webui.keyword.internal.WebUIKeywordMain.stepFailed(WebUIKeywordMain.groovy:64)
	at com.kms.katalon.core.webui.keyword.builtin.VerifyTextPresentKeyword$_verifyTextPresent_closure1.doCall(VerifyTextPresentKeyword.groovy:79)
	at com.kms.katalon.core.webui.keyword.builtin.VerifyTextPresentKeyword$_verifyTextPresent_closure1.call(VerifyTextPresentKeyword.groovy)
	at com.kms.katalon.core.webui.keyword.internal.WebUIKeywordMain.runKeyword(WebUIKeywordMain.groovy:20)
	at com.kms.katalon.core.webui.keyword.builtin.VerifyTextPresentKeyword.verifyTextPresent(VerifyTextPresentKeyword.groovy:83)
	at com.kms.katalon.core.webui.keyword.builtin.VerifyTextPresentKeyword.execute(VerifyTextPresentKeyword.groovy:68)
	at com.kms.katalon.core.keyword.internal.KeywordExecutor.executeKeywordForPlatform(KeywordExecutor.groovy:72)
	at com.kms.katalon.core.webui.keyword.WebUiBuiltInKeywords.verifyTextPresent(WebUiBuiltInKeywords.groovy:1719)
	at com.kms.katalon.core.webui.keyword.WebUiBuiltInKeywords$verifyTextPresent$4.call(Unknown Source)
	at VLinkSale-Successful.run(VLinkSale-Successful:76)
	at com.kms.katalon.core.main.ScriptEngine.run(ScriptEngine.java:194)
	at com.kms.katalon.core.main.ScriptEngine.runScriptAsRawText(ScriptEngine.java:119)
	at com.kms.katalon.core.main.TestCaseExecutor.runScript(TestCaseExecutor.java:337)
	at com.kms.katalon.core.main.TestCaseExecutor.doExecute(TestCaseExecutor.java:328)
	at com.kms.katalon.core.main.TestCaseExecutor.processExecutionPhase(TestCaseExecutor.java:307)
	at com.kms.katalon.core.main.TestCaseExecutor.accessMainPhase(TestCaseExecutor.java:299)
	at com.kms.katalon.core.main.TestCaseExecutor.execute(TestCaseExecutor.java:233)
	at com.kms.katalon.core.main.TestSuiteExecutor.accessTestCaseMainPhase(TestSuiteExecutor.java:169)
	at com.kms.katalon.core.main.TestSuiteExecutor.accessTestSuiteMainPhase(TestSuiteExecutor.java:142)
	at com.kms.katalon.core.main.TestSuiteExecutor.execute(TestSuiteExecutor.java:91)
	at com.kms.katalon.core.main.TestCaseMain.startTestSuite(TestCaseMain.java:157)
	at com.kms.katalon.core.main.TestCaseMain$startTestSuite$0.call(Unknown Source)
	at TempTestSuite1624337272106.run(TempTestSuite1624337272106.groovy:37)
)

2021-06-22 02:39:13 - [TEST_STEP][PASSED] - else: pages.WriteExcel.demoKey is PASSED

2021-06-22 02:39:13 - [TEST_STEP][PASSED] - println("Transaction Approved, no errors text is not present on the Confirmation page"): null

2021-06-22 02:39:13 - [TEST_STEP][PASSED] - out.println("Fail Record Number: " + row): null

2021-06-22 02:39:13 - [TEST_STEP][PASSED] - resText = "Fail": null

2021-06-22 02:39:13 - [TEST_STEP][PASSED] - pages.WriteExcel.demoKey(resText, datText, resColumn, datCloumn, fileLoc, nameSheet, row): pages.WriteExcel.demoKey is PASSED

2021-06-22 02:39:13 - [MESSAGE][PASSED] - pages.WriteExcel.demoKey is PASSED

2021-06-22 02:39:13 - [TEST_STEP][PASSED] - sdfo = getText(findTestObject("Object Repository/Page_VLinkReceipt/pre_STX")): Text of object 'Object Repository/Page_VLinkReceipt/pre_STX' is: '<STX>Wb8kT3NkhLRl                  12098441            2  Transaction failed                                1  General platform system error                                                              <ETX>'

2021-06-22 02:39:13 - [MESSAGE][PASSED] - Text of object 'Object Repository/Page_VLinkReceipt/pre_STX' is: '<STX>Wb8kT3NkhLRl                  12098441            2  Transaction failed                                1  General platform system error                                                              <ETX>'

2021-06-22 02:39:13 - [TEST_STEP][PASSED] - out.println("sdfo: " + sdfo): null

2021-06-22 02:39:13 - [TEST_STEP][PASSED] - remID = substring(5, 35).trim(): null

2021-06-22 02:39:13 - [TEST_STEP][PASSED] - out.println("Remittance ID: " + remID): null

2021-06-22 02:39:13 - [TEST_STEP][PASSED] - traxID = substring(35, 55).trim(): null

2021-06-22 02:39:13 - [TEST_STEP][PASSED] - out.println("Transaction ID: " + traxID): null

2021-06-22 02:39:13 - [TEST_STEP][PASSED] - out.println("End Record Number: " + row): null

2021-06-22 02:39:13 - [TEST_STEP][PASSED] - closeBrowser(): Browser is closed

2021-06-22 02:39:14 - [MESSAGE][PASSED] - Browser is closed

2021-06-22 02:39:14 - [TEST_STEP][PASSED] - out.println("Begin Record Number: " + row): null

2021-06-22 02:39:14 - [TEST_STEP][PASSED] - today = new java.util.Date(): null

2021-06-22 02:39:14 - [TEST_STEP][PASSED] - println(today): null

2021-06-22 02:39:14 - [TEST_STEP][PASSED] - datText = today: null

2021-06-22 02:39:14 - [TEST_STEP][PASSED] - openBrowser(VLinkURL + "authcap.html"): Browser is opened with url: 'https://dev-algorithm.govolution.com/vlinktest/QA/version_2_0/authcap.html'

2021-06-22 02:39:14 - [MESSAGE][INFO] - Starting 'Chrome' driver

2021-06-22 02:39:14 - [MESSAGE][INFO] - User set preference: ['acceptInsecureCerts', 'true']

2021-06-22 02:39:14 - [MESSAGE][INFO] - Action delay is set to 0 milliseconds

2021-06-22 02:39:15 - [MESSAGE][PASSED] - Browser is opened with url: 'https://dev-algorithm.govolution.com/vlinktest/QA/version_2_0/authcap.html'

2021-06-22 02:39:15 - [TEST_STEP][PASSED] - maximizeWindow(): Current window maximized

2021-06-22 02:39:16 - [MESSAGE][PASSED] - Current window maximized

2021-06-22 02:39:16 - [TEST_STEP][PASSED] - vlinkPages.saleCCPage.setDataSCC(row, dataFile): vlinkPages.saleCCPage.setDataSCC is PASSED

2021-06-22 02:39:18 - [MESSAGE][PASSED] - Object 'Object Repository/VLink/Page_CCSale/txt_CardNumber' is present

2021-06-22 02:39:18 - [MESSAGE][PASSED] - Object 'Object Repository/VLink/Page_CCSale/txt_TransactionType' is present

2021-06-22 02:39:19 - [MESSAGE][PASSED] - Text '104' is set on object 'Object Repository/VLink/Page_CCSale/txt_TransactionType'

2021-06-22 02:39:19 - [MESSAGE][PASSED] - Object 'Object Repository/VLink/Page_CCSale/txt_MessageVersion' is present

2021-06-22 02:39:20 - [MESSAGE][PASSED] - Text '2.0C' is set on object 'Object Repository/VLink/Page_CCSale/txt_MessageVersion'

2021-06-22 02:39:20 - [MESSAGE][PASSED] - Object 'Object Repository/VLink/Page_CCSale/txt_RemID' is present

2021-06-22 02:39:21 - [MESSAGE][PASSED] - Text 'dGX99Cg3012f' is set on object 'Object Repository/VLink/Page_CCSale/txt_RemID'

2021-06-22 02:39:21 - [MESSAGE][PASSED] - Object 'Object Repository/VLink/Page_CCSale/txt_ApplicationId' is present

2021-06-22 02:39:21 - [MESSAGE][PASSED] - Text '677' is set on object 'Object Repository/VLink/Page_CCSale/txt_ApplicationId'

2021-06-22 02:39:22 - [MESSAGE][PASSED] - Object 'Object Repository/VLink/Page_CCSale/txt_Username' is present

2021-06-22 02:39:22 - [MESSAGE][PASSED] - Text 'username' is set on object 'Object Repository/VLink/Page_CCSale/txt_Username'

2021-06-22 02:39:23 - [MESSAGE][PASSED] - Object 'Object Repository/VLink/Page_CCSale/txt_Password' is present

2021-06-22 02:39:23 - [MESSAGE][PASSED] - Text 'password' is set on object 'Object Repository/VLink/Page_CCSale/txt_Password'

2021-06-22 02:39:24 - [MESSAGE][PASSED] - Object 'Object Repository/VLink/Page_CCSale/txt_ResponseFormat' is present

2021-06-22 02:39:24 - [MESSAGE][PASSED] - Text 'fixed_width' is set on object 'Object Repository/VLink/Page_CCSale/txt_ResponseFormat'

2021-06-22 02:39:24 - [MESSAGE][PASSED] - Object 'Object Repository/VLink/Page_CCSale/txt_Category' is present

2021-06-22 02:39:25 - [MESSAGE][PASSED] - Text 'RETL' is set on object 'Object Repository/VLink/Page_CCSale/txt_Category'

2021-06-22 02:39:25 - [MESSAGE][PASSED] - Object 'Object Repository/VLink/Page_CCSale/txt_TransactionID' is present

2021-06-22 02:39:26 - [MESSAGE][PASSED] - Text '' is set on object 'Object Repository/VLink/Page_CCSale/txt_TransactionID'

2021-06-22 02:39:26 - [MESSAGE][PASSED] - Object 'Object Repository/VLink/Page_CCSale/txt_ApprovalCode' is present

2021-06-22 02:39:27 - [MESSAGE][PASSED] - Text '' is set on object 'Object Repository/VLink/Page_CCSale/txt_ApprovalCode'

2021-06-22 02:39:27 - [MESSAGE][PASSED] - Object 'Object Repository/VLink/Page_CCSale/txt_CardName' is present

2021-06-22 02:39:28 - [MESSAGE][PASSED] - Text 'Angelo Matt' is set on object 'Object Repository/VLink/Page_CCSale/txt_CardName'

2021-06-22 02:39:28 - [MESSAGE][PASSED] - Object 'Object Repository/VLink/Page_CCSale/txt_AL1' is present

2021-06-22 02:39:29 - [MESSAGE][PASSED] - Text '' is set on object 'Object Repository/VLink/Page_CCSale/txt_AL1'

2021-06-22 02:39:29 - [MESSAGE][PASSED] - Object 'Object Repository/VLink/Page_CCSale/txt_AL2' is present

2021-06-22 02:39:30 - [MESSAGE][PASSED] - Text '' is set on object 'Object Repository/VLink/Page_CCSale/txt_AL2'

2021-06-22 02:39:30 - [MESSAGE][PASSED] - Object 'Object Repository/VLink/Page_CCSale/txt_CardCity' is present

2021-06-22 02:39:31 - [MESSAGE][PASSED] - Text '' is set on object 'Object Repository/VLink/Page_CCSale/txt_CardCity'

2021-06-22 02:39:31 - [MESSAGE][PASSED] - Object 'Object Repository/VLink/Page_CCSale/txt_CardState' is present

2021-06-22 02:39:32 - [MESSAGE][PASSED] - Text '' is set on object 'Object Repository/VLink/Page_CCSale/txt_CardState'

2021-06-22 02:39:32 - [MESSAGE][PASSED] - Object 'Object Repository/VLink/Page_CCSale/txt_CardZIP' is present

2021-06-22 02:39:33 - [MESSAGE][PASSED] - Text '' is set on object 'Object Repository/VLink/Page_CCSale/txt_CardZIP'

2021-06-22 02:39:33 - [MESSAGE][PASSED] - Object 'Object Repository/VLink/Page_CCSale/txt_CountryID' is present

2021-06-22 02:39:34 - [MESSAGE][PASSED] - Text '' is set on object 'Object Repository/VLink/Page_CCSale/txt_CountryID'

2021-06-22 02:39:34 - [MESSAGE][PASSED] - Object 'Object Repository/VLink/Page_CCSale/txt_Amount' is present

2021-06-22 02:39:35 - [MESSAGE][PASSED] - Text '3.50' is set on object 'Object Repository/VLink/Page_CCSale/txt_Amount'

2021-06-22 02:39:35 - [MESSAGE][PASSED] - Object 'Object Repository/VLink/Page_CCSale/txt_CardNumber' is present

2021-06-22 02:39:36 - [MESSAGE][PASSED] - Text '' is set on object 'Object Repository/VLink/Page_CCSale/txt_CardNumber'

2021-06-22 02:39:36 - [MESSAGE][PASSED] - Object 'Object Repository/VLink/Page_CCSale/txt_ExpMonth' is present

2021-06-22 02:39:37 - [MESSAGE][PASSED] - Text '' is set on object 'Object Repository/VLink/Page_CCSale/txt_ExpMonth'

2021-06-22 02:39:37 - [MESSAGE][PASSED] - Object 'Object Repository/VLink/Page_CCSale/txt_ExpYear' is present

2021-06-22 02:39:38 - [MESSAGE][PASSED] - Text '' is set on object 'Object Repository/VLink/Page_CCSale/txt_ExpYear'

2021-06-22 02:39:38 - [MESSAGE][PASSED] - Object 'Object Repository/VLink/Page_CCSale/txt_CVV' is present

2021-06-22 02:39:39 - [MESSAGE][PASSED] - Text '' is set on object 'Object Repository/VLink/Page_CCSale/txt_CVV'

2021-06-22 02:39:39 - [MESSAGE][PASSED] - Object 'Object Repository/VLink/Page_CCSale/txt_CVVstate' is present

2021-06-22 02:39:40 - [MESSAGE][PASSED] - Text '' is set on object 'Object Repository/VLink/Page_CCSale/txt_CVVstate'

2021-06-22 02:39:40 - [MESSAGE][PASSED] - Object 'Object Repository/VLink/Page_CCSale/txt_TrackData' is present

2021-06-22 02:39:41 - [MESSAGE][PASSED] - Text '' is set on object 'Object Repository/VLink/Page_CCSale/txt_TrackData'

2021-06-22 02:39:41 - [MESSAGE][PASSED] - Object 'Object Repository/VLink/Page_CCSale/txt_Track1Data' is present

2021-06-22 02:39:42 - [MESSAGE][PASSED] - Text '' is set on object 'Object Repository/VLink/Page_CCSale/txt_Track1Data'

2021-06-22 02:39:42 - [MESSAGE][PASSED] - Object 'Object Repository/VLink/Page_CCSale/txt_Track2Data' is present

2021-06-22 02:39:43 - [MESSAGE][PASSED] - Text ';5567080011582646=23032010902035400015?' is set on object 'Object Repository/VLink/Page_CCSale/txt_Track2Data'

2021-06-22 02:39:43 - [MESSAGE][PASSED] - Object 'Object Repository/VLink/Page_CCSale/txt_POSEntryMode' is present

2021-06-22 02:39:44 - [MESSAGE][PASSED] - Text '' is set on object 'Object Repository/VLink/Page_CCSale/txt_POSEntryMode'

2021-06-22 02:39:44 - [MESSAGE][PASSED] - Object 'Object Repository/VLink/Page_CCSale/txt_Email' is present

2021-06-22 02:39:45 - [MESSAGE][PASSED] - Text '' is set on object 'Object Repository/VLink/Page_CCSale/txt_Email'

2021-06-22 02:39:45 - [MESSAGE][PASSED] - Object 'Object Repository/VLink/Page_CCSale/txt_OrderNumber' is present

2021-06-22 02:39:46 - [MESSAGE][PASSED] - Text '' is set on object 'Object Repository/VLink/Page_CCSale/txt_OrderNumber'

2021-06-22 02:39:46 - [MESSAGE][PASSED] - Object 'Object Repository/VLink/Page_CCSale/txt_TaxAmount' is present

2021-06-22 02:39:47 - [MESSAGE][PASSED] - Text '' is set on object 'Object Repository/VLink/Page_CCSale/txt_TaxAmount'

2021-06-22 02:39:47 - [MESSAGE][PASSED] - Object 'Object Repository/VLink/Page_CCSale/txt_ChargeDescription' is present

2021-06-22 02:39:48 - [MESSAGE][PASSED] - Text '' is set on object 'Object Repository/VLink/Page_CCSale/txt_ChargeDescription'

2021-06-22 02:39:48 - [MESSAGE][PASSED] - Object 'Object Repository/VLink/Page_CCSale/txt_CAN' is present

2021-06-22 02:39:49 - [MESSAGE][PASSED] - Text '' is set on object 'Object Repository/VLink/Page_CCSale/txt_CAN'

2021-06-22 02:39:49 - [MESSAGE][PASSED] - Object 'Object Repository/VLink/Page_CCSale/txt_BillPaymentIndicator' is present

2021-06-22 02:39:50 - [MESSAGE][PASSED] - Text '' is set on object 'Object Repository/VLink/Page_CCSale/txt_BillPaymentIndicator'

2021-06-22 02:39:50 - [MESSAGE][PASSED] - Object 'Object Repository/VLink/Page_CCSale/txt_UDF1' is present

2021-06-22 02:39:51 - [MESSAGE][PASSED] - Text '' is set on object 'Object Repository/VLink/Page_CCSale/txt_UDF1'

2021-06-22 02:39:51 - [MESSAGE][PASSED] - Object 'Object Repository/VLink/Page_CCSale/txt_UDF2' is present

2021-06-22 02:39:52 - [MESSAGE][PASSED] - Text '' is set on object 'Object Repository/VLink/Page_CCSale/txt_UDF2'

2021-06-22 02:39:52 - [MESSAGE][PASSED] - Object 'Object Repository/VLink/Page_CCSale/txt_UDF3' is present

2021-06-22 02:39:53 - [MESSAGE][PASSED] - Text '' is set on object 'Object Repository/VLink/Page_CCSale/txt_UDF3'

2021-06-22 02:39:53 - [MESSAGE][PASSED] - Object 'Object Repository/VLink/Page_CCSale/txt_UDF4' is present

2021-06-22 02:39:54 - [MESSAGE][PASSED] - Text '' is set on object 'Object Repository/VLink/Page_CCSale/txt_UDF4'

2021-06-22 02:39:54 - [MESSAGE][PASSED] - Object 'Object Repository/VLink/Page_CCSale/txt_UDF5' is present

2021-06-22 02:39:55 - [MESSAGE][PASSED] - Text '' is set on object 'Object Repository/VLink/Page_CCSale/txt_UDF5'

2021-06-22 02:39:55 - [MESSAGE][PASSED] - Object 'Object Repository/VLink/Page_CCSale/txt_UDF6' is present

2021-06-22 02:39:56 - [MESSAGE][PASSED] - Text '' is set on object 'Object Repository/VLink/Page_CCSale/txt_UDF6'

2021-06-22 02:39:56 - [MESSAGE][PASSED] - Object 'Object Repository/VLink/Page_CCSale/txt_UDF7' is present

2021-06-22 02:39:57 - [MESSAGE][PASSED] - Text '' is set on object 'Object Repository/VLink/Page_CCSale/txt_UDF7'

2021-06-22 02:39:57 - [MESSAGE][PASSED] - Object 'Object Repository/VLink/Page_CCSale/txt_UDF8' is present

2021-06-22 02:39:58 - [MESSAGE][PASSED] - Text '' is set on object 'Object Repository/VLink/Page_CCSale/txt_UDF8'

2021-06-22 02:39:58 - [MESSAGE][PASSED] - Object 'Object Repository/VLink/Page_CCSale/txt_UDF9' is present

2021-06-22 02:39:59 - [MESSAGE][PASSED] - Text '' is set on object 'Object Repository/VLink/Page_CCSale/txt_UDF9'

2021-06-22 02:39:59 - [MESSAGE][PASSED] - Object 'Object Repository/VLink/Page_CCSale/txt_UDF10' is present

2021-06-22 02:40:00 - [MESSAGE][PASSED] - Text '' is set on object 'Object Repository/VLink/Page_CCSale/txt_UDF10'

2021-06-22 02:40:00 - [MESSAGE][PASSED] - Object 'Object Repository/VLink/Page_CCSale/txt_CardOnFileIndicator' is present

2021-06-22 02:40:01 - [MESSAGE][PASSED] - Text '' is set on object 'Object Repository/VLink/Page_CCSale/txt_CardOnFileIndicator'

2021-06-22 02:40:01 - [MESSAGE][PASSED] - Object 'Object Repository/VLink/Page_CCSale/txt_StoredCredentialIndicator' is present

2021-06-22 02:40:02 - [MESSAGE][PASSED] - Text '' is set on object 'Object Repository/VLink/Page_CCSale/txt_StoredCredentialIndicator'

2021-06-22 02:40:02 - [MESSAGE][PASSED] - Object 'Object Repository/VLink/Page_CCSale/txt_COFScheduledIndicator' is present

2021-06-22 02:40:03 - [MESSAGE][PASSED] - Text '' is set on object 'Object Repository/VLink/Page_CCSale/txt_COFScheduledIndicator'

2021-06-22 02:40:03 - [MESSAGE][PASSED] - Object 'Object Repository/VLink/Page_CCSale/txt_COFTransactionInitiatedBy' is present

2021-06-22 02:40:04 - [MESSAGE][PASSED] - Text '' is set on object 'Object Repository/VLink/Page_CCSale/txt_COFTransactionInitiatedBy'

2021-06-22 02:40:07 - [MESSAGE][PASSED] - Object: 'Object Repository/VLink/Page_CCSale/btn_ProcessVLinkTransaction' is clicked on

2021-06-22 02:40:12 - [MESSAGE][PASSED] - vlinkPages.saleCCPage.setDataSCC is PASSED

2021-06-22 02:40:12 - [TEST_STEP][PASSED] - if (verifyTextPresent("Transaction approved, no errors", true)): null

2021-06-22 02:40:13 - [MESSAGE][PASSED] - Text 'Transaction approved, no errors' is present on page  using regular expression

2021-06-22 02:40:13 - [TEST_STEP][PASSED] - println("Transaction Approved, no errors text is present on the Confirmation page"): null

2021-06-22 02:40:13 - [TEST_STEP][PASSED] - out.println("Pass Record Number: " + row): null

2021-06-22 02:40:13 - [TEST_STEP][PASSED] - resText = "Pass": null

2021-06-22 02:40:13 - [TEST_STEP][PASSED] - pages.WriteExcel.demoKey(resText, datText, resColumn, datCloumn, fileLoc, nameSheet, row): pages.WriteExcel.demoKey is PASSED

2021-06-22 02:40:13 - [MESSAGE][PASSED] - pages.WriteExcel.demoKey is PASSED

2021-06-22 02:40:13 - [TEST_STEP][PASSED] - sdfo = getText(findTestObject("Object Repository/Page_VLinkReceipt/pre_STX")): Text of object 'Object Repository/Page_VLinkReceipt/pre_STX' is: '<STX>dGX99Cg3012f                  12098442            0  Transaction approved, no errors                   0                                                                                  R OK1195   <ETX>'

2021-06-22 02:40:13 - [MESSAGE][PASSED] - Text of object 'Object Repository/Page_VLinkReceipt/pre_STX' is: '<STX>dGX99Cg3012f                  12098442            0  Transaction approved, no errors                   0                                                                                  R OK1195   <ETX>'

2021-06-22 02:40:13 - [TEST_STEP][PASSED] - out.println("sdfo: " + sdfo): null

2021-06-22 02:40:13 - [TEST_STEP][PASSED] - remID = substring(5, 35).trim(): null

2021-06-22 02:40:13 - [TEST_STEP][PASSED] - out.println("Remittance ID: " + remID): null

2021-06-22 02:40:13 - [TEST_STEP][PASSED] - traxID = substring(35, 55).trim(): null

2021-06-22 02:40:13 - [TEST_STEP][PASSED] - out.println("Transaction ID: " + traxID): null

2021-06-22 02:40:13 - [TEST_STEP][PASSED] - out.println("End Record Number: " + row): null

2021-06-22 02:40:13 - [TEST_STEP][PASSED] - closeBrowser(): Browser is closed

2021-06-22 02:40:14 - [MESSAGE][PASSED] - Browser is closed

2021-06-22 02:40:14 - [TEST_STEP][PASSED] - out.println("Begin Record Number: " + row): null

2021-06-22 02:40:14 - [TEST_STEP][PASSED] - today = new java.util.Date(): null

2021-06-22 02:40:14 - [TEST_STEP][PASSED] - println(today): null

2021-06-22 02:40:14 - [TEST_STEP][PASSED] - datText = today: null

2021-06-22 02:40:14 - [TEST_STEP][PASSED] - openBrowser(VLinkURL + "authcap.html"): Browser is opened with url: 'https://dev-algorithm.govolution.com/vlinktest/QA/version_2_0/authcap.html'

2021-06-22 02:40:14 - [MESSAGE][INFO] - Starting 'Chrome' driver

2021-06-22 02:40:14 - [MESSAGE][INFO] - User set preference: ['acceptInsecureCerts', 'true']

2021-06-22 02:40:14 - [MESSAGE][INFO] - Action delay is set to 0 milliseconds

2021-06-22 02:40:16 - [MESSAGE][PASSED] - Browser is opened with url: 'https://dev-algorithm.govolution.com/vlinktest/QA/version_2_0/authcap.html'

2021-06-22 02:40:16 - [TEST_STEP][PASSED] - maximizeWindow(): Current window maximized

2021-06-22 02:40:16 - [MESSAGE][PASSED] - Current window maximized

2021-06-22 02:40:16 - [TEST_STEP][PASSED] - vlinkPages.saleCCPage.setDataSCC(row, dataFile): vlinkPages.saleCCPage.setDataSCC is PASSED

2021-06-22 02:40:18 - [MESSAGE][PASSED] - Object 'Object Repository/VLink/Page_CCSale/txt_CardNumber' is present

2021-06-22 02:40:18 - [MESSAGE][PASSED] - Object 'Object Repository/VLink/Page_CCSale/txt_TransactionType' is present

2021-06-22 02:40:19 - [MESSAGE][PASSED] - Text '104' is set on object 'Object Repository/VLink/Page_CCSale/txt_TransactionType'

2021-06-22 02:40:19 - [MESSAGE][PASSED] - Object 'Object Repository/VLink/Page_CCSale/txt_MessageVersion' is present

2021-06-22 02:40:20 - [MESSAGE][PASSED] - Text '2.0C' is set on object 'Object Repository/VLink/Page_CCSale/txt_MessageVersion'

2021-06-22 02:40:20 - [MESSAGE][PASSED] - Object 'Object Repository/VLink/Page_CCSale/txt_RemID' is present

2021-06-22 02:40:21 - [MESSAGE][PASSED] - Text '9acASxEdnBg0' is set on object 'Object Repository/VLink/Page_CCSale/txt_RemID'

2021-06-22 02:40:21 - [MESSAGE][PASSED] - Object 'Object Repository/VLink/Page_CCSale/txt_ApplicationId' is present

2021-06-22 02:40:22 - [MESSAGE][PASSED] - Text '677' is set on object 'Object Repository/VLink/Page_CCSale/txt_ApplicationId'

2021-06-22 02:40:22 - [MESSAGE][PASSED] - Object 'Object Repository/VLink/Page_CCSale/txt_Username' is present

2021-06-22 02:40:23 - [MESSAGE][PASSED] - Text 'username' is set on object 'Object Repository/VLink/Page_CCSale/txt_Username'

2021-06-22 02:40:23 - [MESSAGE][PASSED] - Object 'Object Repository/VLink/Page_CCSale/txt_Password' is present

2021-06-22 02:40:23 - [MESSAGE][PASSED] - Text 'password' is set on object 'Object Repository/VLink/Page_CCSale/txt_Password'

2021-06-22 02:40:24 - [MESSAGE][PASSED] - Object 'Object Repository/VLink/Page_CCSale/txt_ResponseFormat' is present

2021-06-22 02:40:24 - [MESSAGE][PASSED] - Text 'fixed_width' is set on object 'Object Repository/VLink/Page_CCSale/txt_ResponseFormat'

2021-06-22 02:40:25 - [MESSAGE][PASSED] - Object 'Object Repository/VLink/Page_CCSale/txt_Category' is present

2021-06-22 02:40:25 - [MESSAGE][PASSED] - Text 'RETL' is set on object 'Object Repository/VLink/Page_CCSale/txt_Category'

2021-06-22 02:40:26 - [MESSAGE][PASSED] - Object 'Object Repository/VLink/Page_CCSale/txt_TransactionID' is present

2021-06-22 02:40:26 - [MESSAGE][PASSED] - Text '' is set on object 'Object Repository/VLink/Page_CCSale/txt_TransactionID'

2021-06-22 02:40:27 - [MESSAGE][PASSED] - Object 'Object Repository/VLink/Page_CCSale/txt_ApprovalCode' is present

2021-06-22 02:40:27 - [MESSAGE][PASSED] - Text '' is set on object 'Object Repository/VLink/Page_CCSale/txt_ApprovalCode'

2021-06-22 02:40:28 - [MESSAGE][PASSED] - Object 'Object Repository/VLink/Page_CCSale/txt_CardName' is present

2021-06-22 02:40:28 - [MESSAGE][PASSED] - Text '' is set on object 'Object Repository/VLink/Page_CCSale/txt_CardName'

2021-06-22 02:40:29 - [MESSAGE][PASSED] - Object 'Object Repository/VLink/Page_CCSale/txt_AL1' is present

2021-06-22 02:40:29 - [MESSAGE][PASSED] - Text '' is set on object 'Object Repository/VLink/Page_CCSale/txt_AL1'

2021-06-22 02:40:30 - [MESSAGE][PASSED] - Object 'Object Repository/VLink/Page_CCSale/txt_AL2' is present

2021-06-22 02:40:30 - [MESSAGE][PASSED] - Text '' is set on object 'Object Repository/VLink/Page_CCSale/txt_AL2'

2021-06-22 02:40:30 - [MESSAGE][PASSED] - Object 'Object Repository/VLink/Page_CCSale/txt_CardCity' is present

2021-06-22 02:40:31 - [MESSAGE][PASSED] - Text '' is set on object 'Object Repository/VLink/Page_CCSale/txt_CardCity'

2021-06-22 02:40:32 - [MESSAGE][PASSED] - Object 'Object Repository/VLink/Page_CCSale/txt_CardState' is present

2021-06-22 02:40:32 - [MESSAGE][PASSED] - Text '' is set on object 'Object Repository/VLink/Page_CCSale/txt_CardState'

2021-06-22 02:40:33 - [MESSAGE][PASSED] - Object 'Object Repository/VLink/Page_CCSale/txt_CardZIP' is present

2021-06-22 02:40:33 - [MESSAGE][PASSED] - Text '' is set on object 'Object Repository/VLink/Page_CCSale/txt_CardZIP'

2021-06-22 02:40:34 - [MESSAGE][PASSED] - Object 'Object Repository/VLink/Page_CCSale/txt_CountryID' is present

2021-06-22 02:40:34 - [MESSAGE][PASSED] - Text '' is set on object 'Object Repository/VLink/Page_CCSale/txt_CountryID'

2021-06-22 02:40:35 - [MESSAGE][PASSED] - Object 'Object Repository/VLink/Page_CCSale/txt_Amount' is present

2021-06-22 02:40:35 - [MESSAGE][PASSED] - Text '3.50' is set on object 'Object Repository/VLink/Page_CCSale/txt_Amount'

2021-06-22 02:40:36 - [MESSAGE][PASSED] - Object 'Object Repository/VLink/Page_CCSale/txt_CardNumber' is present

2021-06-22 02:40:36 - [MESSAGE][PASSED] - Text '' is set on object 'Object Repository/VLink/Page_CCSale/txt_CardNumber'

2021-06-22 02:40:37 - [MESSAGE][PASSED] - Object 'Object Repository/VLink/Page_CCSale/txt_ExpMonth' is present

2021-06-22 02:40:37 - [MESSAGE][PASSED] - Text '' is set on object 'Object Repository/VLink/Page_CCSale/txt_ExpMonth'

2021-06-22 02:40:38 - [MESSAGE][PASSED] - Object 'Object Repository/VLink/Page_CCSale/txt_ExpYear' is present

2021-06-22 02:40:38 - [MESSAGE][PASSED] - Text '' is set on object 'Object Repository/VLink/Page_CCSale/txt_ExpYear'

2021-06-22 02:40:39 - [MESSAGE][PASSED] - Object 'Object Repository/VLink/Page_CCSale/txt_CVV' is present

2021-06-22 02:40:39 - [MESSAGE][PASSED] - Text '' is set on object 'Object Repository/VLink/Page_CCSale/txt_CVV'

2021-06-22 02:40:40 - [MESSAGE][PASSED] - Object 'Object Repository/VLink/Page_CCSale/txt_CVVstate' is present

2021-06-22 02:40:40 - [MESSAGE][PASSED] - Text '' is set on object 'Object Repository/VLink/Page_CCSale/txt_CVVstate'

2021-06-22 02:40:41 - [MESSAGE][PASSED] - Object 'Object Repository/VLink/Page_CCSale/txt_TrackData' is present

2021-06-22 02:40:41 - [MESSAGE][PASSED] - Text '' is set on object 'Object Repository/VLink/Page_CCSale/txt_TrackData'

2021-06-22 02:40:42 - [MESSAGE][PASSED] - Object 'Object Repository/VLink/Page_CCSale/txt_Track1Data' is present

2021-06-22 02:40:42 - [MESSAGE][PASSED] - Text '%B5567080011582646^AHMED/IMTIAZ              ^2303201090200000000000354000015?' is set on object 'Object Repository/VLink/Page_CCSale/txt_Track1Data'

2021-06-22 02:40:43 - [MESSAGE][PASSED] - Object 'Object Repository/VLink/Page_CCSale/txt_Track2Data' is present

2021-06-22 02:40:43 - [MESSAGE][PASSED] - Text ';5567080011582646=23032010902035400015?' is set on object 'Object Repository/VLink/Page_CCSale/txt_Track2Data'

2021-06-22 02:40:44 - [MESSAGE][PASSED] - Object 'Object Repository/VLink/Page_CCSale/txt_POSEntryMode' is present

2021-06-22 02:40:44 - [MESSAGE][PASSED] - Text '' is set on object 'Object Repository/VLink/Page_CCSale/txt_POSEntryMode'

2021-06-22 02:40:45 - [MESSAGE][PASSED] - Object 'Object Repository/VLink/Page_CCSale/txt_Email' is present

2021-06-22 02:40:45 - [MESSAGE][PASSED] - Text '' is set on object 'Object Repository/VLink/Page_CCSale/txt_Email'

2021-06-22 02:40:46 - [MESSAGE][PASSED] - Object 'Object Repository/VLink/Page_CCSale/txt_OrderNumber' is present

2021-06-22 02:40:46 - [MESSAGE][PASSED] - Text '' is set on object 'Object Repository/VLink/Page_CCSale/txt_OrderNumber'

2021-06-22 02:40:47 - [MESSAGE][PASSED] - Object 'Object Repository/VLink/Page_CCSale/txt_TaxAmount' is present

2021-06-22 02:40:47 - [MESSAGE][PASSED] - Text '' is set on object 'Object Repository/VLink/Page_CCSale/txt_TaxAmount'

2021-06-22 02:40:48 - [MESSAGE][PASSED] - Object 'Object Repository/VLink/Page_CCSale/txt_ChargeDescription' is present

2021-06-22 02:40:48 - [MESSAGE][PASSED] - Text '' is set on object 'Object Repository/VLink/Page_CCSale/txt_ChargeDescription'

2021-06-22 02:40:49 - [MESSAGE][PASSED] - Object 'Object Repository/VLink/Page_CCSale/txt_CAN' is present

2021-06-22 02:40:49 - [MESSAGE][PASSED] - Text '' is set on object 'Object Repository/VLink/Page_CCSale/txt_CAN'

2021-06-22 02:40:50 - [MESSAGE][PASSED] - Object 'Object Repository/VLink/Page_CCSale/txt_BillPaymentIndicator' is present

2021-06-22 02:40:50 - [MESSAGE][PASSED] - Text '' is set on object 'Object Repository/VLink/Page_CCSale/txt_BillPaymentIndicator'

2021-06-22 02:40:51 - [MESSAGE][PASSED] - Object 'Object Repository/VLink/Page_CCSale/txt_UDF1' is present

2021-06-22 02:40:51 - [MESSAGE][PASSED] - Text '' is set on object 'Object Repository/VLink/Page_CCSale/txt_UDF1'

2021-06-22 02:40:52 - [MESSAGE][PASSED] - Object 'Object Repository/VLink/Page_CCSale/txt_UDF2' is present

2021-06-22 02:40:52 - [MESSAGE][PASSED] - Text '' is set on object 'Object Repository/VLink/Page_CCSale/txt_UDF2'

2021-06-22 02:40:53 - [MESSAGE][PASSED] - Object 'Object Repository/VLink/Page_CCSale/txt_UDF3' is present

2021-06-22 02:40:53 - [MESSAGE][PASSED] - Text '' is set on object 'Object Repository/VLink/Page_CCSale/txt_UDF3'

2021-06-22 02:40:54 - [MESSAGE][PASSED] - Object 'Object Repository/VLink/Page_CCSale/txt_UDF4' is present

2021-06-22 02:40:54 - [MESSAGE][PASSED] - Text '' is set on object 'Object Repository/VLink/Page_CCSale/txt_UDF4'

2021-06-22 02:40:55 - [MESSAGE][PASSED] - Object 'Object Repository/VLink/Page_CCSale/txt_UDF5' is present

2021-06-22 02:40:55 - [MESSAGE][PASSED] - Text '' is set on object 'Object Repository/VLink/Page_CCSale/txt_UDF5'

2021-06-22 02:40:56 - [MESSAGE][PASSED] - Object 'Object Repository/VLink/Page_CCSale/txt_UDF6' is present

2021-06-22 02:40:56 - [MESSAGE][PASSED] - Text '' is set on object 'Object Repository/VLink/Page_CCSale/txt_UDF6'

2021-06-22 02:40:57 - [MESSAGE][PASSED] - Object 'Object Repository/VLink/Page_CCSale/txt_UDF7' is present

2021-06-22 02:40:57 - [MESSAGE][PASSED] - Text '' is set on object 'Object Repository/VLink/Page_CCSale/txt_UDF7'

2021-06-22 02:40:58 - [MESSAGE][PASSED] - Object 'Object Repository/VLink/Page_CCSale/txt_UDF8' is present

2021-06-22 02:40:58 - [MESSAGE][PASSED] - Text '' is set on object 'Object Repository/VLink/Page_CCSale/txt_UDF8'

2021-06-22 02:40:59 - [MESSAGE][PASSED] - Object 'Object Repository/VLink/Page_CCSale/txt_UDF9' is present

2021-06-22 02:40:59 - [MESSAGE][PASSED] - Text '' is set on object 'Object Repository/VLink/Page_CCSale/txt_UDF9'

2021-06-22 02:41:00 - [MESSAGE][PASSED] - Object 'Object Repository/VLink/Page_CCSale/txt_UDF10' is present

2021-06-22 02:41:00 - [MESSAGE][PASSED] - Text '' is set on object 'Object Repository/VLink/Page_CCSale/txt_UDF10'

2021-06-22 02:41:01 - [MESSAGE][PASSED] - Object 'Object Repository/VLink/Page_CCSale/txt_CardOnFileIndicator' is present

2021-06-22 02:41:01 - [MESSAGE][PASSED] - Text '' is set on object 'Object Repository/VLink/Page_CCSale/txt_CardOnFileIndicator'

2021-06-22 02:41:02 - [MESSAGE][PASSED] - Object 'Object Repository/VLink/Page_CCSale/txt_StoredCredentialIndicator' is present

2021-06-22 02:41:02 - [MESSAGE][PASSED] - Text '' is set on object 'Object Repository/VLink/Page_CCSale/txt_StoredCredentialIndicator'

2021-06-22 02:41:02 - [MESSAGE][PASSED] - Object 'Object Repository/VLink/Page_CCSale/txt_COFScheduledIndicator' is present

2021-06-22 02:41:03 - [MESSAGE][PASSED] - Text '' is set on object 'Object Repository/VLink/Page_CCSale/txt_COFScheduledIndicator'

2021-06-22 02:41:03 - [MESSAGE][PASSED] - Object 'Object Repository/VLink/Page_CCSale/txt_COFTransactionInitiatedBy' is present

2021-06-22 02:41:04 - [MESSAGE][PASSED] - Text '' is set on object 'Object Repository/VLink/Page_CCSale/txt_COFTransactionInitiatedBy'

2021-06-22 02:41:07 - [MESSAGE][PASSED] - Object: 'Object Repository/VLink/Page_CCSale/btn_ProcessVLinkTransaction' is clicked on

2021-06-22 02:41:12 - [MESSAGE][PASSED] - vlinkPages.saleCCPage.setDataSCC is PASSED

2021-06-22 02:41:12 - [TEST_STEP][PASSED] - if (verifyTextPresent("Transaction approved, no errors", true)): null

2021-06-22 02:41:13 - [MESSAGE][PASSED] - Text 'Transaction approved, no errors' is present on page  using regular expression

2021-06-22 02:41:13 - [TEST_STEP][PASSED] - println("Transaction Approved, no errors text is present on the Confirmation page"): null

2021-06-22 02:41:13 - [TEST_STEP][PASSED] - out.println("Pass Record Number: " + row): null

2021-06-22 02:41:13 - [TEST_STEP][PASSED] - resText = "Pass": null

2021-06-22 02:41:13 - [TEST_STEP][PASSED] - pages.WriteExcel.demoKey(resText, datText, resColumn, datCloumn, fileLoc, nameSheet, row): pages.WriteExcel.demoKey is PASSED

2021-06-22 02:41:13 - [MESSAGE][PASSED] - pages.WriteExcel.demoKey is PASSED

2021-06-22 02:41:13 - [TEST_STEP][PASSED] - sdfo = getText(findTestObject("Object Repository/Page_VLinkReceipt/pre_STX")): Text of object 'Object Repository/Page_VLinkReceipt/pre_STX' is: '<STX>9acASxEdnBg0                  12098444            0  Transaction approved, no errors                   0                                                                                  R OK1405   <ETX>'

2021-06-22 02:41:13 - [MESSAGE][PASSED] - Text of object 'Object Repository/Page_VLinkReceipt/pre_STX' is: '<STX>9acASxEdnBg0                  12098444            0  Transaction approved, no errors                   0                                                                                  R OK1405   <ETX>'

2021-06-22 02:41:13 - [TEST_STEP][PASSED] - out.println("sdfo: " + sdfo): null

2021-06-22 02:41:13 - [TEST_STEP][PASSED] - remID = substring(5, 35).trim(): null

2021-06-22 02:41:13 - [TEST_STEP][PASSED] - out.println("Remittance ID: " + remID): null

2021-06-22 02:41:13 - [TEST_STEP][PASSED] - traxID = substring(35, 55).trim(): null

2021-06-22 02:41:13 - [TEST_STEP][PASSED] - out.println("Transaction ID: " + traxID): null

2021-06-22 02:41:13 - [TEST_STEP][PASSED] - out.println("End Record Number: " + row): null

2021-06-22 02:41:13 - [TEST_STEP][PASSED] - closeBrowser(): Browser is closed

2021-06-22 02:41:14 - [MESSAGE][PASSED] - Browser is closed]]></system-out>
         <system-err><![CDATA[2021-06-22 00:47:55 - [TEST_CASE][FAILED] - Test Cases/VLink/QA/VLinkSale-Successful: Test Cases/VLink/QA/VLinkSale-Successful FAILED.
Reason:
com.kms.katalon.core.exception.StepFailedException: Text 'Transaction approved, no errors' is not present on page  using regular expression (Root cause: com.kms.katalon.core.exception.StepFailedException: Text 'Transaction approved, no errors' is not present on page  using regular expression
	at com.kms.katalon.core.webui.keyword.internal.WebUIKeywordMain.stepFailed(WebUIKeywordMain.groovy:64)
	at com.kms.katalon.core.webui.keyword.builtin.VerifyTextPresentKeyword$_verifyTextPresent_closure1.doCall(VerifyTextPresentKeyword.groovy:79)
	at com.kms.katalon.core.webui.keyword.builtin.VerifyTextPresentKeyword$_verifyTextPresent_closure1.call(VerifyTextPresentKeyword.groovy)
	at com.kms.katalon.core.webui.keyword.internal.WebUIKeywordMain.runKeyword(WebUIKeywordMain.groovy:20)
	at com.kms.katalon.core.webui.keyword.builtin.VerifyTextPresentKeyword.verifyTextPresent(VerifyTextPresentKeyword.groovy:83)
	at com.kms.katalon.core.webui.keyword.builtin.VerifyTextPresentKeyword.execute(VerifyTextPresentKeyword.groovy:68)
	at com.kms.katalon.core.keyword.internal.KeywordExecutor.executeKeywordForPlatform(KeywordExecutor.groovy:72)
	at com.kms.katalon.core.webui.keyword.WebUiBuiltInKeywords.verifyTextPresent(WebUiBuiltInKeywords.groovy:1719)
	at com.kms.katalon.core.webui.keyword.WebUiBuiltInKeywords$verifyTextPresent$4.call(Unknown Source)
	at VLinkSale-Successful.run(VLinkSale-Successful:76)
	at com.kms.katalon.core.main.ScriptEngine.run(ScriptEngine.java:194)
	at com.kms.katalon.core.main.ScriptEngine.runScriptAsRawText(ScriptEngine.java:119)
	at com.kms.katalon.core.main.TestCaseExecutor.runScript(TestCaseExecutor.java:337)
	at com.kms.katalon.core.main.TestCaseExecutor.doExecute(TestCaseExecutor.java:328)
	at com.kms.katalon.core.main.TestCaseExecutor.processExecutionPhase(TestCaseExecutor.java:307)
	at com.kms.katalon.core.main.TestCaseExecutor.accessMainPhase(TestCaseExecutor.java:299)
	at com.kms.katalon.core.main.TestCaseExecutor.execute(TestCaseExecutor.java:233)
	at com.kms.katalon.core.main.TestSuiteExecutor.accessTestCaseMainPhase(TestSuiteExecutor.java:169)
	at com.kms.katalon.core.main.TestSuiteExecutor.accessTestSuiteMainPhase(TestSuiteExecutor.java:142)
	at com.kms.katalon.core.main.TestSuiteExecutor.execute(TestSuiteExecutor.java:91)
	at com.kms.katalon.core.main.TestCaseMain.startTestSuite(TestCaseMain.java:157)
	at com.kms.katalon.core.main.TestCaseMain$startTestSuite$0.call(Unknown Source)
	at TempTestSuite1624337272106.run(TempTestSuite1624337272106.groovy:37)
)
	at com.kms.katalon.core.keyword.internal.KeywordMain.stepFailed(KeywordMain.groovy:39)
	at com.kms.katalon.core.webui.keyword.internal.WebUIKeywordMain.stepFailed(WebUIKeywordMain.groovy:64)
	at com.kms.katalon.core.webui.keyword.builtin.VerifyTextPresentKeyword$_verifyTextPresent_closure1.doCall(VerifyTextPresentKeyword.groovy:79)
	at com.kms.katalon.core.webui.keyword.builtin.VerifyTextPresentKeyword$_verifyTextPresent_closure1.call(VerifyTextPresentKeyword.groovy)
	at com.kms.katalon.core.webui.keyword.internal.WebUIKeywordMain.runKeyword(WebUIKeywordMain.groovy:20)
	at com.kms.katalon.core.webui.keyword.builtin.VerifyTextPresentKeyword.verifyTextPresent(VerifyTextPresentKeyword.groovy:83)
	at com.kms.katalon.core.webui.keyword.builtin.VerifyTextPresentKeyword.execute(VerifyTextPresentKeyword.groovy:68)
	at com.kms.katalon.core.keyword.internal.KeywordExecutor.executeKeywordForPlatform(KeywordExecutor.groovy:72)
	at com.kms.katalon.core.webui.keyword.WebUiBuiltInKeywords.verifyTextPresent(WebUiBuiltInKeywords.groovy:1719)
	at com.kms.katalon.core.webui.keyword.WebUiBuiltInKeywords$verifyTextPresent$4.call(Unknown Source)
	at VLinkSale-Successful.run(VLinkSale-Successful:76)
	at com.kms.katalon.core.main.ScriptEngine.run(ScriptEngine.java:194)
	at com.kms.katalon.core.main.ScriptEngine.runScriptAsRawText(ScriptEngine.java:119)
	at com.kms.katalon.core.main.TestCaseExecutor.runScript(TestCaseExecutor.java:337)
	at com.kms.katalon.core.main.TestCaseExecutor.doExecute(TestCaseExecutor.java:328)
	at com.kms.katalon.core.main.TestCaseExecutor.processExecutionPhase(TestCaseExecutor.java:307)
	at com.kms.katalon.core.main.TestCaseExecutor.accessMainPhase(TestCaseExecutor.java:299)
	at com.kms.katalon.core.main.TestCaseExecutor.execute(TestCaseExecutor.java:233)
	at com.kms.katalon.core.main.TestSuiteExecutor.accessTestCaseMainPhase(TestSuiteExecutor.java:169)
	at com.kms.katalon.core.main.TestSuiteExecutor.accessTestSuiteMainPhase(TestSuiteExecutor.java:142)
	at com.kms.katalon.core.main.TestSuiteExecutor.execute(TestSuiteExecutor.java:91)
	at com.kms.katalon.core.main.TestCaseMain.startTestSuite(TestCaseMain.java:157)
	at com.kms.katalon.core.main.TestCaseMain$startTestSuite$0.call(Unknown Source)
	at TempTestSuite1624337272106.run(TempTestSuite1624337272106.groovy:37)
Caused by: com.kms.katalon.core.exception.StepFailedException: Text 'Transaction approved, no errors' is not present on page  using regular expression
	... 23 more]]></system-err>
      </testcase>
      <system-out><![CDATA[2021-06-22 00:47:55 - [TEST_SUITE][FAILED] - QA Smoke Test: Test Cases/VLink/QA/VLinkSale-Successful FAILED.
Reason:
com.kms.katalon.core.exception.StepFailedException: Text 'Transaction approved, no errors' is not present on page  using regular expression (Root cause: com.kms.katalon.core.exception.StepFailedException: Text 'Transaction approved, no errors' is not present on page  using regular expression
	at com.kms.katalon.core.webui.keyword.internal.WebUIKeywordMain.stepFailed(WebUIKeywordMain.groovy:64)
	at com.kms.katalon.core.webui.keyword.builtin.VerifyTextPresentKeyword$_verifyTextPresent_closure1.doCall(VerifyTextPresentKeyword.groovy:79)
	at com.kms.katalon.core.webui.keyword.builtin.VerifyTextPresentKeyword$_verifyTextPresent_closure1.call(VerifyTextPresentKeyword.groovy)
	at com.kms.katalon.core.webui.keyword.internal.WebUIKeywordMain.runKeyword(WebUIKeywordMain.groovy:20)
	at com.kms.katalon.core.webui.keyword.builtin.VerifyTextPresentKeyword.verifyTextPresent(VerifyTextPresentKeyword.groovy:83)
	at com.kms.katalon.core.webui.keyword.builtin.VerifyTextPresentKeyword.execute(VerifyTextPresentKeyword.groovy:68)
	at com.kms.katalon.core.keyword.internal.KeywordExecutor.executeKeywordForPlatform(KeywordExecutor.groovy:72)
	at com.kms.katalon.core.webui.keyword.WebUiBuiltInKeywords.verifyTextPresent(WebUiBuiltInKeywords.groovy:1719)
	at com.kms.katalon.core.webui.keyword.WebUiBuiltInKeywords$verifyTextPresent$4.call(Unknown Source)
	at VLinkSale-Successful.run(VLinkSale-Successful:76)
	at com.kms.katalon.core.main.ScriptEngine.run(ScriptEngine.java:194)
	at com.kms.katalon.core.main.ScriptEngine.runScriptAsRawText(ScriptEngine.java:119)
	at com.kms.katalon.core.main.TestCaseExecutor.runScript(TestCaseExecutor.java:337)
	at com.kms.katalon.core.main.TestCaseExecutor.doExecute(TestCaseExecutor.java:328)
	at com.kms.katalon.core.main.TestCaseExecutor.processExecutionPhase(TestCaseExecutor.java:307)
	at com.kms.katalon.core.main.TestCaseExecutor.accessMainPhase(TestCaseExecutor.java:299)
	at com.kms.katalon.core.main.TestCaseExecutor.execute(TestCaseExecutor.java:233)
	at com.kms.katalon.core.main.TestSuiteExecutor.accessTestCaseMainPhase(TestSuiteExecutor.java:169)
	at com.kms.katalon.core.main.TestSuiteExecutor.accessTestSuiteMainPhase(TestSuiteExecutor.java:142)
	at com.kms.katalon.core.main.TestSuiteExecutor.execute(TestSuiteExecutor.java:91)
	at com.kms.katalon.core.main.TestCaseMain.startTestSuite(TestCaseMain.java:157)
	at com.kms.katalon.core.main.TestCaseMain$startTestSuite$0.call(Unknown Source)
	at TempTestSuite1624337272106.run(TempTestSuite1624337272106.groovy:37)
)
	at com.kms.katalon.core.keyword.internal.KeywordMain.stepFailed(KeywordMain.groovy:39)
	at com.kms.katalon.core.webui.keyword.internal.WebUIKeywordMain.stepFailed(WebUIKeywordMain.groovy:64)
	at com.kms.katalon.core.webui.keyword.builtin.VerifyTextPresentKeyword$_verifyTextPresent_closure1.doCall(VerifyTextPresentKeyword.groovy:79)
	at com.kms.katalon.core.webui.keyword.builtin.VerifyTextPresentKeyword$_verifyTextPresent_closure1.call(VerifyTextPresentKeyword.groovy)
	at com.kms.katalon.core.webui.keyword.internal.WebUIKeywordMain.runKeyword(WebUIKeywordMain.groovy:20)
	at com.kms.katalon.core.webui.keyword.builtin.VerifyTextPresentKeyword.verifyTextPresent(VerifyTextPresentKeyword.groovy:83)
	at com.kms.katalon.core.webui.keyword.builtin.VerifyTextPresentKeyword.execute(VerifyTextPresentKeyword.groovy:68)
	at com.kms.katalon.core.keyword.internal.KeywordExecutor.executeKeywordForPlatform(KeywordExecutor.groovy:72)
	at com.kms.katalon.core.webui.keyword.WebUiBuiltInKeywords.verifyTextPresent(WebUiBuiltInKeywords.groovy:1719)
	at com.kms.katalon.core.webui.keyword.WebUiBuiltInKeywords$verifyTextPresent$4.call(Unknown Source)
	at VLinkSale-Successful.run(VLinkSale-Successful:76)
	at com.kms.katalon.core.main.ScriptEngine.run(ScriptEngine.java:194)
	at com.kms.katalon.core.main.ScriptEngine.runScriptAsRawText(ScriptEngine.java:119)
	at com.kms.katalon.core.main.TestCaseExecutor.runScript(TestCaseExecutor.java:337)
	at com.kms.katalon.core.main.TestCaseExecutor.doExecute(TestCaseExecutor.java:328)
	at com.kms.katalon.core.main.TestCaseExecutor.processExecutionPhase(TestCaseExecutor.java:307)
	at com.kms.katalon.core.main.TestCaseExecutor.accessMainPhase(TestCaseExecutor.java:299)
	at com.kms.katalon.core.main.TestCaseExecutor.execute(TestCaseExecutor.java:233)
	at com.kms.katalon.core.main.TestSuiteExecutor.accessTestCaseMainPhase(TestSuiteExecutor.java:169)
	at com.kms.katalon.core.main.TestSuiteExecutor.accessTestSuiteMainPhase(TestSuiteExecutor.java:142)
	at com.kms.katalon.core.main.TestSuiteExecutor.execute(TestSuiteExecutor.java:91)
	at com.kms.katalon.core.main.TestCaseMain.startTestSuite(TestCaseMain.java:157)
	at com.kms.katalon.core.main.TestCaseMain$startTestSuite$0.call(Unknown Source)
	at TempTestSuite1624337272106.run(TempTestSuite1624337272106.groovy:37)
Caused by: com.kms.katalon.core.exception.StepFailedException: Text 'Transaction approved, no errors' is not present on page  using regular expression
	... 23 more]]></system-out>
      <system-err><![CDATA[2021-06-22 00:47:55 - [TEST_SUITE][FAILED] - QA Smoke Test: Test Cases/VLink/QA/VLinkSale-Successful FAILED.
Reason:
com.kms.katalon.core.exception.StepFailedException: Text 'Transaction approved, no errors' is not present on page  using regular expression (Root cause: com.kms.katalon.core.exception.StepFailedException: Text 'Transaction approved, no errors' is not present on page  using regular expression
	at com.kms.katalon.core.webui.keyword.internal.WebUIKeywordMain.stepFailed(WebUIKeywordMain.groovy:64)
	at com.kms.katalon.core.webui.keyword.builtin.VerifyTextPresentKeyword$_verifyTextPresent_closure1.doCall(VerifyTextPresentKeyword.groovy:79)
	at com.kms.katalon.core.webui.keyword.builtin.VerifyTextPresentKeyword$_verifyTextPresent_closure1.call(VerifyTextPresentKeyword.groovy)
	at com.kms.katalon.core.webui.keyword.internal.WebUIKeywordMain.runKeyword(WebUIKeywordMain.groovy:20)
	at com.kms.katalon.core.webui.keyword.builtin.VerifyTextPresentKeyword.verifyTextPresent(VerifyTextPresentKeyword.groovy:83)
	at com.kms.katalon.core.webui.keyword.builtin.VerifyTextPresentKeyword.execute(VerifyTextPresentKeyword.groovy:68)
	at com.kms.katalon.core.keyword.internal.KeywordExecutor.executeKeywordForPlatform(KeywordExecutor.groovy:72)
	at com.kms.katalon.core.webui.keyword.WebUiBuiltInKeywords.verifyTextPresent(WebUiBuiltInKeywords.groovy:1719)
	at com.kms.katalon.core.webui.keyword.WebUiBuiltInKeywords$verifyTextPresent$4.call(Unknown Source)
	at VLinkSale-Successful.run(VLinkSale-Successful:76)
	at com.kms.katalon.core.main.ScriptEngine.run(ScriptEngine.java:194)
	at com.kms.katalon.core.main.ScriptEngine.runScriptAsRawText(ScriptEngine.java:119)
	at com.kms.katalon.core.main.TestCaseExecutor.runScript(TestCaseExecutor.java:337)
	at com.kms.katalon.core.main.TestCaseExecutor.doExecute(TestCaseExecutor.java:328)
	at com.kms.katalon.core.main.TestCaseExecutor.processExecutionPhase(TestCaseExecutor.java:307)
	at com.kms.katalon.core.main.TestCaseExecutor.accessMainPhase(TestCaseExecutor.java:299)
	at com.kms.katalon.core.main.TestCaseExecutor.execute(TestCaseExecutor.java:233)
	at com.kms.katalon.core.main.TestSuiteExecutor.accessTestCaseMainPhase(TestSuiteExecutor.java:169)
	at com.kms.katalon.core.main.TestSuiteExecutor.accessTestSuiteMainPhase(TestSuiteExecutor.java:142)
	at com.kms.katalon.core.main.TestSuiteExecutor.execute(TestSuiteExecutor.java:91)
	at com.kms.katalon.core.main.TestCaseMain.startTestSuite(TestCaseMain.java:157)
	at com.kms.katalon.core.main.TestCaseMain$startTestSuite$0.call(Unknown Source)
	at TempTestSuite1624337272106.run(TempTestSuite1624337272106.groovy:37)
)
	at com.kms.katalon.core.keyword.internal.KeywordMain.stepFailed(KeywordMain.groovy:39)
	at com.kms.katalon.core.webui.keyword.internal.WebUIKeywordMain.stepFailed(WebUIKeywordMain.groovy:64)
	at com.kms.katalon.core.webui.keyword.builtin.VerifyTextPresentKeyword$_verifyTextPresent_closure1.doCall(VerifyTextPresentKeyword.groovy:79)
	at com.kms.katalon.core.webui.keyword.builtin.VerifyTextPresentKeyword$_verifyTextPresent_closure1.call(VerifyTextPresentKeyword.groovy)
	at com.kms.katalon.core.webui.keyword.internal.WebUIKeywordMain.runKeyword(WebUIKeywordMain.groovy:20)
	at com.kms.katalon.core.webui.keyword.builtin.VerifyTextPresentKeyword.verifyTextPresent(VerifyTextPresentKeyword.groovy:83)
	at com.kms.katalon.core.webui.keyword.builtin.VerifyTextPresentKeyword.execute(VerifyTextPresentKeyword.groovy:68)
	at com.kms.katalon.core.keyword.internal.KeywordExecutor.executeKeywordForPlatform(KeywordExecutor.groovy:72)
	at com.kms.katalon.core.webui.keyword.WebUiBuiltInKeywords.verifyTextPresent(WebUiBuiltInKeywords.groovy:1719)
	at com.kms.katalon.core.webui.keyword.WebUiBuiltInKeywords$verifyTextPresent$4.call(Unknown Source)
	at VLinkSale-Successful.run(VLinkSale-Successful:76)
	at com.kms.katalon.core.main.ScriptEngine.run(ScriptEngine.java:194)
	at com.kms.katalon.core.main.ScriptEngine.runScriptAsRawText(ScriptEngine.java:119)
	at com.kms.katalon.core.main.TestCaseExecutor.runScript(TestCaseExecutor.java:337)
	at com.kms.katalon.core.main.TestCaseExecutor.doExecute(TestCaseExecutor.java:328)
	at com.kms.katalon.core.main.TestCaseExecutor.processExecutionPhase(TestCaseExecutor.java:307)
	at com.kms.katalon.core.main.TestCaseExecutor.accessMainPhase(TestCaseExecutor.java:299)
	at com.kms.katalon.core.main.TestCaseExecutor.execute(TestCaseExecutor.java:233)
	at com.kms.katalon.core.main.TestSuiteExecutor.accessTestCaseMainPhase(TestSuiteExecutor.java:169)
	at com.kms.katalon.core.main.TestSuiteExecutor.accessTestSuiteMainPhase(TestSuiteExecutor.java:142)
	at com.kms.katalon.core.main.TestSuiteExecutor.execute(TestSuiteExecutor.java:91)
	at com.kms.katalon.core.main.TestCaseMain.startTestSuite(TestCaseMain.java:157)
	at com.kms.katalon.core.main.TestCaseMain$startTestSuite$0.call(Unknown Source)
	at TempTestSuite1624337272106.run(TempTestSuite1624337272106.groovy:37)
Caused by: com.kms.katalon.core.exception.StepFailedException: Text 'Transaction approved, no errors' is not present on page  using regular expression
	... 23 more]]></system-err>
   </testsuite>
</testsuites>
