<?xml version="1.0" encoding="UTF-8"?>
<testsuites name="IWP30 Smoke TestSuite" time="518.662" tests="1" failures="0" errors="0">
   <testsuite name="IWP30 Smoke TestSuite" tests="1" failures="0" errors="0" time="518.662" timestamp="2020-07-16 22:48:05" hostname="iahmed - DESKTOP-B2QI6NS.govolution.com" id="Test Suites/QA Smoke Test/IWP30 Smoke TestSuite">
      <properties>
         <property name="deviceName" value=""/>
         <property name="devicePlatform" value=""/>
         <property name="logFolder" value="C:\\Users\\iahmed\\Documents\\VPS-Smoke-Version001\\Reports\\20200716_224802\\QA Smoke Test\\IWP30 Smoke TestSuite\\20200716_224802"/>
         <property name="logFiles" value="C:\\Users\\iahmed\\Documents\\VPS-Smoke-Version001\\Reports\\20200716_224802\\QA Smoke Test\\IWP30 Smoke TestSuite\\20200716_224802\\execution0.log"/>
         <property name="attachments" value=""/>
         <property name="hostName" value="iahmed - DESKTOP-B2QI6NS.govolution.com"/>
         <property name="os" value="Windows 10 64bit"/>
         <property name="katalonVersion" value="7.5.10.1"/>
         <property name="browser" value="Chrome 83.0.4103.116"/>
         <property name="hostAddress" value="10.5.20.43"/>
         <property name="sessionId" value="a0c6b2a2ec9887912e2a29cc66c9f867"/>
         <property name="seleniumVersion" value="3.141.59"/>
         <property name="proxyInformation" value="ProxyInformation { proxyOption=NO_PROXY, proxyServerType=HTTP, username=, password=********, proxyServerAddress=, proxyServerPort=0, executionList=\&quot;\&quot;, isApplyToDesiredCapabilities=true }"/>
         <property name="platform" value="Windows 10"/>
      </properties>
      <testcase name="Test Cases/IntegratedWeb/IWP30/VerifyUINoCFCC" time="518.288" classname="Test Cases/IntegratedWeb/IWP30/VerifyUINoCFCC" status="PASSED">
         <system-out><![CDATA[2020-07-16 22:48:05 - [TEST_CASE][PASSED] - Test Cases/IntegratedWeb/IWP30/VerifyUINoCFCC: Test Cases/IntegratedWeb/IWP30/VerifyUINoCFCC

2020-07-16 22:48:06 - [TEST_STEP][PASSED] - numOfRows = findTestData("VerifyUINoCFCCTestData").getRowNumbers(): null

2020-07-16 22:48:07 - [TEST_STEP][PASSED] - println(numOfRows): null

2020-07-16 22:48:07 - [TEST_STEP][PASSED] - dataFile = "VerifyUINoCFCCTestData": null

2020-07-16 22:48:07 - [TEST_STEP][PASSED] - for ([row = 1, row <= numOfRows, (row++)]): Browser is closed

2020-07-16 22:48:07 - [TEST_STEP][PASSED] - openBrowser(urlEmulator): Browser is opened with url: 'https://qa.velocitypayment.com/agency/config.do?action=editor'

2020-07-16 22:48:07 - [MESSAGE][INFO] - Starting 'Chrome' driver

2020-07-16 22:48:07 - [MESSAGE][INFO] - User set preference: ['acceptInsecureCerts', 'true']

2020-07-16 22:48:07 - [MESSAGE][INFO] - Action delay is set to 0 milliseconds

2020-07-16 22:48:14 - [MESSAGE][PASSED] - Browser is opened with url: 'https://qa.velocitypayment.com/agency/config.do?action=editor'

2020-07-16 22:48:14 - [TEST_STEP][PASSED] - maximizeWindow(): Current window maximized

2020-07-16 22:48:14 - [MESSAGE][PASSED] - Current window maximized

2020-07-16 22:48:14 - [TEST_STEP][PASSED] - iwpPages.emulatorIWP30.setDataEmulatorStandard(): iwpPages.emulatorIWP30.setDataEmulatorStandard is PASSED

2020-07-16 22:48:15 - [MESSAGE][PASSED] - Object 'Object Repository/IWP30/Page_VRelay30Emulator/Amount' is present

2020-07-16 22:48:16 - [MESSAGE][PASSED] - All options with value '3.0' are selected in object 'Object Repository/IWP30/Page_VRelay30Emulator/MV'  using regular expression

2020-07-16 22:48:17 - [MESSAGE][PASSED] - Text '10.50' is set on object 'Object Repository/IWP30/Page_VRelay30Emulator/Amount'

2020-07-16 22:48:17 - [MESSAGE][PASSED] - Text '54654701' is set on object 'Object Repository/IWP30/Page_VRelay30Emulator/CAN'

2020-07-16 22:48:18 - [MESSAGE][PASSED] - Text 'PayNow' is set on object 'Object Repository/IWP30/Page_VRelay30Emulator/Action'

2020-07-16 22:48:19 - [MESSAGE][PASSED] - Text 'en_US' is set on object 'Object Repository/IWP30/Page_VRelay30Emulator/Lang'

2020-07-16 22:48:19 - [MESSAGE][PASSED] - Text '' is set on object 'Object Repository/IWP30/Page_VRelay30Emulator/Fname'

2020-07-16 22:48:20 - [MESSAGE][PASSED] - Text '' is set on object 'Object Repository/IWP30/Page_VRelay30Emulator/Lname'

2020-07-16 22:48:21 - [MESSAGE][PASSED] - Text '' is set on object 'Object Repository/IWP30/Page_VRelay30Emulator/AL1'

2020-07-16 22:48:21 - [MESSAGE][PASSED] - Text '' is set on object 'Object Repository/IWP30/Page_VRelay30Emulator/AL2'

2020-07-16 22:48:22 - [MESSAGE][PASSED] - Text '' is set on object 'Object Repository/IWP30/Page_VRelay30Emulator/Country'

2020-07-16 22:48:23 - [MESSAGE][PASSED] - Text '' is set on object 'Object Repository/IWP30/Page_VRelay30Emulator/City'

2020-07-16 22:48:23 - [MESSAGE][PASSED] - Text '' is set on object 'Object Repository/IWP30/Page_VRelay30Emulator/State'

2020-07-16 22:48:24 - [MESSAGE][PASSED] - Text '' is set on object 'Object Repository/IWP30/Page_VRelay30Emulator/ZIP'

2020-07-16 22:48:25 - [MESSAGE][PASSED] - Text '' is set on object 'Object Repository/IWP30/Page_VRelay30Emulator/Order'

2020-07-16 22:48:25 - [MESSAGE][PASSED] - Text '' is set on object 'Object Repository/IWP30/Page_VRelay30Emulator/Company'

2020-07-16 22:48:26 - [MESSAGE][PASSED] - Text '' is set on object 'Object Repository/IWP30/Page_VRelay30Emulator/Email'

2020-07-16 22:48:27 - [MESSAGE][PASSED] - Text '' is set on object 'Object Repository/IWP30/Page_VRelay30Emulator/UDF1'

2020-07-16 22:48:27 - [MESSAGE][PASSED] - Text '' is set on object 'Object Repository/IWP30/Page_VRelay30Emulator/UDF2'

2020-07-16 22:48:28 - [MESSAGE][PASSED] - Text 'data 3' is set on object 'Object Repository/IWP30/Page_VRelay30Emulator/UDF3'

2020-07-16 22:48:29 - [MESSAGE][PASSED] - Text 'data 4' is set on object 'Object Repository/IWP30/Page_VRelay30Emulator/UDF4'

2020-07-16 22:48:29 - [MESSAGE][PASSED] - Text 'data 5' is set on object 'Object Repository/IWP30/Page_VRelay30Emulator/UDF5'

2020-07-16 22:48:30 - [MESSAGE][PASSED] - Text 'data 6' is set on object 'Object Repository/IWP30/Page_VRelay30Emulator/UDF6'

2020-07-16 22:48:31 - [MESSAGE][PASSED] - Text 'Orange' is set on object 'Object Repository/IWP30/Page_VRelay30Emulator/UDF7'

2020-07-16 22:48:32 - [MESSAGE][PASSED] - Text 'Soccer' is set on object 'Object Repository/IWP30/Page_VRelay30Emulator/UDF8'

2020-07-16 22:48:32 - [MESSAGE][PASSED] - Text 'data 9' is set on object 'Object Repository/IWP30/Page_VRelay30Emulator/UDF9'

2020-07-16 22:48:33 - [MESSAGE][PASSED] - Text 'data 10' is set on object 'Object Repository/IWP30/Page_VRelay30Emulator/UDF10'

2020-07-16 22:48:36 - [MESSAGE][PASSED] - Object: 'Object Repository/IWP30/Page_VRelay30Emulator/Submit' is clicked on

2020-07-16 22:48:42 - [MESSAGE][PASSED] - Browser is closed

2020-07-16 22:48:42 - [MESSAGE][PASSED] - iwpPages.emulatorIWP30.setDataEmulatorStandard is PASSED

2020-07-16 22:48:42 - [TEST_STEP][PASSED] - openBrowser(urlTestHarness): Browser is opened with url: 'https://dev-algorithm.govolution.com/vrelaytest/QA/version_2_2/vrelaytest.html'

2020-07-16 22:48:42 - [MESSAGE][INFO] - Starting 'Chrome' driver

2020-07-16 22:48:42 - [MESSAGE][INFO] - User set preference: ['acceptInsecureCerts', 'true']

2020-07-16 22:48:42 - [MESSAGE][INFO] - Action delay is set to 0 milliseconds

2020-07-16 22:48:45 - [MESSAGE][PASSED] - Browser is opened with url: 'https://dev-algorithm.govolution.com/vrelaytest/QA/version_2_2/vrelaytest.html'

2020-07-16 22:48:45 - [TEST_STEP][PASSED] - maximizeWindow(): Current window maximized

2020-07-16 22:48:46 - [MESSAGE][PASSED] - Current window maximized

2020-07-16 22:48:46 - [TEST_STEP][PASSED] - genRemIDVoid = RandomStringUtils.random(12, true, true): null

2020-07-16 22:48:46 - [TEST_STEP][PASSED] - if (verifyElementPresent(findTestObject("Object Repository/IWP30/Page_QATestHarness/RemittanceID"), 30)): null

2020-07-16 22:48:46 - [MESSAGE][PASSED] - Object 'Object Repository/IWP30/Page_QATestHarness/RemittanceID' is present

2020-07-16 22:48:46 - [TEST_STEP][PASSED] - println("We are on Test Harness page, start populating"): null

2020-07-16 22:48:46 - [TEST_STEP][PASSED] - setText(findTestObject("Object Repository/IWP30/Page_QATestHarness/ApplicationID"), "649"): Text '649' is set on object 'Object Repository/IWP30/Page_QATestHarness/ApplicationID'

2020-07-16 22:48:47 - [MESSAGE][PASSED] - Text '649' is set on object 'Object Repository/IWP30/Page_QATestHarness/ApplicationID'

2020-07-16 22:48:47 - [TEST_STEP][PASSED] - setText(findTestObject("Object Repository/IWP30/Page_QATestHarness/MessageVersion"), "3.0"): Text '3.0' is set on object 'Object Repository/IWP30/Page_QATestHarness/MessageVersion'

2020-07-16 22:48:47 - [MESSAGE][PASSED] - Text '3.0' is set on object 'Object Repository/IWP30/Page_QATestHarness/MessageVersion'

2020-07-16 22:48:47 - [TEST_STEP][PASSED] - setText(findTestObject("Object Repository/IWP30/Page_QATestHarness/RemittanceID"), genRemIDVoid): Text 'OXt1Yfqw56Hk' is set on object 'Object Repository/IWP30/Page_QATestHarness/RemittanceID'

2020-07-16 22:48:48 - [MESSAGE][PASSED] - Text 'OXt1Yfqw56Hk' is set on object 'Object Repository/IWP30/Page_QATestHarness/RemittanceID'

2020-07-16 22:48:48 - [TEST_STEP][PASSED] - click(findTestObject("Object Repository/IWP30/Page_QATestHarness/SubmitButton")): Object: 'Object Repository/IWP30/Page_QATestHarness/SubmitButton' is clicked on

2020-07-16 22:48:53 - [MESSAGE][PASSED] - Object: 'Object Repository/IWP30/Page_QATestHarness/SubmitButton' is clicked on

2020-07-16 22:48:53 - [TEST_STEP][PASSED] - verifyTextPresent("Select Payment Method", false): Text 'Select Payment Method' is present on page 

2020-07-16 22:48:54 - [MESSAGE][PASSED] - Text 'Select Payment Method' is present on page 

2020-07-16 22:48:54 - [TEST_STEP][PASSED] - verifyTextPresent("Please choose the method of payment", false): Text 'Please choose the method of payment' is present on page 

2020-07-16 22:48:54 - [MESSAGE][PASSED] - Text 'Please choose the method of payment' is present on page 

2020-07-16 22:48:54 - [TEST_STEP][PASSED] - verifyElementPresent(findTestObject("Object Repository/IWP30/Page_SelectPaymentMethod/PayByCreditCard"), 30): Object 'Object Repository/IWP30/Page_SelectPaymentMethod/PayByCreditCard' is present

2020-07-16 22:48:55 - [MESSAGE][PASSED] - Object 'Object Repository/IWP30/Page_SelectPaymentMethod/PayByCreditCard' is present

2020-07-16 22:48:55 - [TEST_STEP][PASSED] - verifyElementPresent(findTestObject("Object Repository/IWP30/Page_SelectPaymentMethod/PayByCorporateCheck"), 30): Object 'Object Repository/IWP30/Page_SelectPaymentMethod/PayByCorporateCheck' is present

2020-07-16 22:48:55 - [MESSAGE][PASSED] - Object 'Object Repository/IWP30/Page_SelectPaymentMethod/PayByCorporateCheck' is present

2020-07-16 22:48:55 - [TEST_STEP][PASSED] - verifyElementPresent(findTestObject("Object Repository/IWP30/Page_SelectPaymentMethod/PayByPersonalCheck"), 30): Object 'Object Repository/IWP30/Page_SelectPaymentMethod/PayByPersonalCheck' is present

2020-07-16 22:48:55 - [MESSAGE][PASSED] - Object 'Object Repository/IWP30/Page_SelectPaymentMethod/PayByPersonalCheck' is present

2020-07-16 22:48:55 - [TEST_STEP][PASSED] - verifyElementPresent(findTestObject("Object Repository/IWP30/Page_SelectPaymentMethod/ExitButton"), 30): Object 'Object Repository/IWP30/Page_SelectPaymentMethod/ExitButton' is present

2020-07-16 22:48:55 - [MESSAGE][PASSED] - Object 'Object Repository/IWP30/Page_SelectPaymentMethod/ExitButton' is present

2020-07-16 22:48:55 - [TEST_STEP][PASSED] - if (verifyElementPresent(findTestObject("Object Repository/IWP30/Page_SelectPaymentMethod/PayByCreditCard"), 30)): null

2020-07-16 22:48:56 - [MESSAGE][PASSED] - Object 'Object Repository/IWP30/Page_SelectPaymentMethod/PayByCreditCard' is present

2020-07-16 22:48:56 - [TEST_STEP][PASSED] - println("We are on Select Payment Method page, start populating"): null

2020-07-16 22:48:56 - [TEST_STEP][PASSED] - check(findTestObject("Object Repository/IWP30/Page_SelectPaymentMethod/PayByCreditCard")): Object 'Object Repository/IWP30/Page_SelectPaymentMethod/PayByCreditCard' is checked

2020-07-16 22:48:56 - [MESSAGE][PASSED] - Object 'Object Repository/IWP30/Page_SelectPaymentMethod/PayByCreditCard' is checked

2020-07-16 22:48:56 - [TEST_STEP][PASSED] - Thread.sleep(1000): null

2020-07-16 22:48:57 - [TEST_STEP][PASSED] - click(findTestObject("Object Repository/IWP30/Page_SelectPaymentMethod/MakePaymentButton")): Object: 'Object Repository/IWP30/Page_SelectPaymentMethod/MakePaymentButton' is clicked on

2020-07-16 22:48:58 - [MESSAGE][PASSED] - Object: 'Object Repository/IWP30/Page_SelectPaymentMethod/MakePaymentButton' is clicked on

2020-07-16 22:48:58 - [TEST_STEP][PASSED] - verifyTextPresent("Required fields are highlighted with an asterisk", false): Text 'Required fields are highlighted with an asterisk' is present on page 

2020-07-16 22:48:59 - [MESSAGE][PASSED] - Text 'Required fields are highlighted with an asterisk' is present on page 

2020-07-16 22:48:59 - [TEST_STEP][PASSED] - verifyTextPresent("Please enter the following information about your payment", false): Text 'Please enter the following information about your payment' is present on page 

2020-07-16 22:48:59 - [MESSAGE][PASSED] - Text 'Please enter the following information about your payment' is present on page 

2020-07-16 22:48:59 - [TEST_STEP][PASSED] - verifyTextPresent("CAN Label", false): Text 'CAN Label' is present on page 

2020-07-16 22:49:00 - [MESSAGE][PASSED] - Text 'CAN Label' is present on page 

2020-07-16 22:49:00 - [TEST_STEP][PASSED] - verifyTextPresent("Tax Amount", false): Text 'Tax Amount' is present on page 

2020-07-16 22:49:00 - [MESSAGE][PASSED] - Text 'Tax Amount' is present on page 

2020-07-16 22:49:00 - [TEST_STEP][PASSED] - verifyTextPresent("Amount", false): Text 'Amount' is present on page 

2020-07-16 22:49:01 - [MESSAGE][PASSED] - Text 'Amount' is present on page 

2020-07-16 22:49:01 - [TEST_STEP][PASSED] - verifyTextPresent("UDF1 Label", false): Text 'UDF1 Label' is present on page 

2020-07-16 22:49:01 - [MESSAGE][PASSED] - Text 'UDF1 Label' is present on page 

2020-07-16 22:49:01 - [TEST_STEP][PASSED] - verifyTextPresent("UDF2 Label", false): Text 'UDF2 Label' is present on page 

2020-07-16 22:49:01 - [MESSAGE][PASSED] - Text 'UDF2 Label' is present on page 

2020-07-16 22:49:01 - [TEST_STEP][PASSED] - verifyTextPresent("UDF3 Label", false): Text 'UDF3 Label' is present on page 

2020-07-16 22:49:02 - [MESSAGE][PASSED] - Text 'UDF3 Label' is present on page 

2020-07-16 22:49:02 - [TEST_STEP][PASSED] - verifyTextPresent("UDF4 Label", false): Text 'UDF4 Label' is present on page 

2020-07-16 22:49:02 - [MESSAGE][PASSED] - Text 'UDF4 Label' is present on page 

2020-07-16 22:49:02 - [TEST_STEP][PASSED] - verifyTextPresent("UDF6 Label", false): Text 'UDF6 Label' is present on page 

2020-07-16 22:49:03 - [MESSAGE][PASSED] - Text 'UDF6 Label' is present on page 

2020-07-16 22:49:03 - [TEST_STEP][PASSED] - verifyTextPresent("UDF7 Label", false): Text 'UDF7 Label' is present on page 

2020-07-16 22:49:03 - [MESSAGE][PASSED] - Text 'UDF7 Label' is present on page 

2020-07-16 22:49:03 - [TEST_STEP][PASSED] - verifyTextPresent("UDF8 Label", false): Text 'UDF8 Label' is present on page 

2020-07-16 22:49:03 - [MESSAGE][PASSED] - Text 'UDF8 Label' is present on page 

2020-07-16 22:49:03 - [TEST_STEP][PASSED] - verifyTextPresent("UDF9 Label", false): Text 'UDF9 Label' is present on page 

2020-07-16 22:49:04 - [MESSAGE][PASSED] - Text 'UDF9 Label' is present on page 

2020-07-16 22:49:04 - [TEST_STEP][PASSED] - verifyTextPresent("Please enter the following information about your payment method", false): Text 'Please enter the following information about your payment method' is present on page 

2020-07-16 22:49:04 - [MESSAGE][PASSED] - Text 'Please enter the following information about your payment method' is present on page 

2020-07-16 22:49:04 - [TEST_STEP][PASSED] - verifyTextPresent("Cardholder's Name", false): Text 'Cardholder's Name' is present on page 

2020-07-16 22:49:05 - [MESSAGE][PASSED] - Text 'Cardholder's Name' is present on page 

2020-07-16 22:49:05 - [TEST_STEP][PASSED] - verifyTextPresent("Cards Accepted", false): Text 'Cards Accepted' is present on page 

2020-07-16 22:49:05 - [MESSAGE][PASSED] - Text 'Cards Accepted' is present on page 

2020-07-16 22:49:05 - [TEST_STEP][PASSED] - verifyTextPresent("Card Number", false): Text 'Card Number' is present on page 

2020-07-16 22:49:05 - [MESSAGE][PASSED] - Text 'Card Number' is present on page 

2020-07-16 22:49:05 - [TEST_STEP][PASSED] - verifyTextPresent("Signature Panel Code", false): Text 'Signature Panel Code' is present on page 

2020-07-16 22:49:06 - [MESSAGE][PASSED] - Text 'Signature Panel Code' is present on page 

2020-07-16 22:49:06 - [TEST_STEP][PASSED] - verifyTextPresent("Expiration Date", false): Text 'Expiration Date' is present on page 

2020-07-16 22:49:06 - [MESSAGE][PASSED] - Text 'Expiration Date' is present on page 

2020-07-16 22:49:06 - [TEST_STEP][PASSED] - verifyTextPresent("Payment Date", false): Text 'Payment Date' is present on page 

2020-07-16 22:49:07 - [MESSAGE][PASSED] - Text 'Payment Date' is present on page 

2020-07-16 22:49:07 - [TEST_STEP][PASSED] - verifyTextPresent("Billing information", false): Text 'Billing information' is present on page 

2020-07-16 22:49:07 - [MESSAGE][PASSED] - Text 'Billing information' is present on page 

2020-07-16 22:49:07 - [TEST_STEP][PASSED] - verifyTextPresent("Address Line 1", false): Text 'Address Line 1' is present on page 

2020-07-16 22:49:07 - [MESSAGE][PASSED] - Text 'Address Line 1' is present on page 

2020-07-16 22:49:07 - [TEST_STEP][PASSED] - verifyTextPresent("Address Line 2", false): Text 'Address Line 2' is present on page 

2020-07-16 22:49:08 - [MESSAGE][PASSED] - Text 'Address Line 2' is present on page 

2020-07-16 22:49:08 - [TEST_STEP][PASSED] - verifyTextPresent("Country", false): Text 'Country' is present on page 

2020-07-16 22:49:08 - [MESSAGE][PASSED] - Text 'Country' is present on page 

2020-07-16 22:49:08 - [TEST_STEP][PASSED] - verifyTextPresent("ZIP Code", false): Text 'ZIP Code' is present on page 

2020-07-16 22:49:09 - [MESSAGE][PASSED] - Text 'ZIP Code' is present on page 

2020-07-16 22:49:09 - [TEST_STEP][PASSED] - verifyTextPresent("City", false): Text 'City' is present on page 

2020-07-16 22:49:09 - [MESSAGE][PASSED] - Text 'City' is present on page 

2020-07-16 22:49:09 - [TEST_STEP][PASSED] - verifyTextPresent("State", false): Text 'State' is present on page 

2020-07-16 22:49:09 - [MESSAGE][PASSED] - Text 'State' is present on page 

2020-07-16 22:49:09 - [TEST_STEP][PASSED] - verifyTextPresent("Receipt information", false): Text 'Receipt information' is present on page 

2020-07-16 22:49:10 - [MESSAGE][PASSED] - Text 'Receipt information' is present on page 

2020-07-16 22:49:10 - [TEST_STEP][PASSED] - verifyTextPresent("Email Address", false): Text 'Email Address' is present on page 

2020-07-16 22:49:10 - [MESSAGE][PASSED] - Text 'Email Address' is present on page 

2020-07-16 22:49:10 - [TEST_STEP][PASSED] - verifyTextPresent("Please check here to store the payment method for future use", false): Text 'Please check here to store the payment method for future use' is present on page 

2020-07-16 22:49:11 - [MESSAGE][PASSED] - Text 'Please check here to store the payment method for future use' is present on page 

2020-07-16 22:49:11 - [TEST_STEP][PASSED] - verifyTextPresent("These are Customer CC Terms", false): Text 'These are Customer CC Terms' is present on page 

2020-07-16 22:49:11 - [MESSAGE][PASSED] - Text 'These are Customer CC Terms' is present on page 

2020-07-16 22:49:11 - [TEST_STEP][PASSED] - verifyTextPresent("These are CC Custom HTML", false): Text 'These are CC Custom HTML' is present on page 

2020-07-16 22:49:11 - [MESSAGE][PASSED] - Text 'These are CC Custom HTML' is present on page 

2020-07-16 22:49:11 - [TEST_STEP][PASSED] - verifyTextPresent("54654701", false): Text '54654701' is present on page 

2020-07-16 22:49:12 - [MESSAGE][PASSED] - Text '54654701' is present on page 

2020-07-16 22:49:12 - [TEST_STEP][PASSED] - verifyTextPresent("data 4", false): Text 'data 4' is present on page 

2020-07-16 22:49:12 - [MESSAGE][PASSED] - Text 'data 4' is present on page 

2020-07-16 22:49:12 - [TEST_STEP][PASSED] - verifyTextPresent("data 6", false): Text 'data 6' is present on page 

2020-07-16 22:49:13 - [MESSAGE][PASSED] - Text 'data 6' is present on page 

2020-07-16 22:49:13 - [TEST_STEP][PASSED] - verifyTextPresent("data 9", false): Text 'data 9' is present on page 

2020-07-16 22:49:13 - [MESSAGE][PASSED] - Text 'data 9' is present on page 

2020-07-16 22:49:13 - [TEST_STEP][PASSED] - verifyTextNotPresent("UDF5 Label", false): Text 'UDF5 Label' is not present on page

2020-07-16 22:49:13 - [MESSAGE][PASSED] - Text 'UDF5 Label' is not present on page

2020-07-16 22:49:13 - [TEST_STEP][PASSED] - verifyTextNotPresent("UDF10 Label", false): Text 'UDF10 Label' is not present on page

2020-07-16 22:49:14 - [MESSAGE][PASSED] - Text 'UDF10 Label' is not present on page

2020-07-16 22:49:14 - [TEST_STEP][PASSED] - verifyElementPresent(findTestObject("Object Repository/IWP30/Page_CCPaymentEntry/Amount"), 30): Object 'Object Repository/IWP30/Page_CCPaymentEntry/Amount' is present

2020-07-16 22:49:14 - [MESSAGE][PASSED] - Object 'Object Repository/IWP30/Page_CCPaymentEntry/Amount' is present

2020-07-16 22:49:14 - [TEST_STEP][PASSED] - verifyElementPresent(findTestObject("Object Repository/IWP30/Page_CCPaymentEntry/UserDefined2"), 30): Object 'Object Repository/IWP30/Page_CCPaymentEntry/UserDefined2' is present

2020-07-16 22:49:14 - [MESSAGE][PASSED] - Object 'Object Repository/IWP30/Page_CCPaymentEntry/UserDefined2' is present

2020-07-16 22:49:14 - [TEST_STEP][PASSED] - verifyElementPresent(findTestObject("Object Repository/IWP30/Page_CCPaymentEntry/UserDefined3"), 30): Object 'Object Repository/IWP30/Page_CCPaymentEntry/UserDefined3' is present

2020-07-16 22:49:15 - [MESSAGE][PASSED] - Object 'Object Repository/IWP30/Page_CCPaymentEntry/UserDefined3' is present

2020-07-16 22:49:15 - [TEST_STEP][PASSED] - verifyElementPresent(findTestObject("Object Repository/IWP30/Page_CCPaymentEntry/UserDefined7"), 30): Object 'Object Repository/IWP30/Page_CCPaymentEntry/UserDefined7' is present

2020-07-16 22:49:15 - [MESSAGE][PASSED] - Object 'Object Repository/IWP30/Page_CCPaymentEntry/UserDefined7' is present

2020-07-16 22:49:15 - [TEST_STEP][PASSED] - verifyElementPresent(findTestObject("Object Repository/IWP30/Page_CCPaymentEntry/UserDefined8"), 30): Object 'Object Repository/IWP30/Page_CCPaymentEntry/UserDefined8' is present

2020-07-16 22:49:15 - [MESSAGE][PASSED] - Object 'Object Repository/IWP30/Page_CCPaymentEntry/UserDefined8' is present

2020-07-16 22:49:15 - [TEST_STEP][PASSED] - verifyElementPresent(findTestObject("Object Repository/IWP30/Page_CCPaymentEntry/Name"), 30): Object 'Object Repository/IWP30/Page_CCPaymentEntry/Name' is present

2020-07-16 22:49:16 - [MESSAGE][PASSED] - Object 'Object Repository/IWP30/Page_CCPaymentEntry/Name' is present

2020-07-16 22:49:16 - [TEST_STEP][PASSED] - verifyElementPresent(findTestObject("Object Repository/IWP30/Page_CCPaymentEntry/CardNumber"), 30): Object 'Object Repository/IWP30/Page_CCPaymentEntry/CardNumber' is present

2020-07-16 22:49:16 - [MESSAGE][PASSED] - Object 'Object Repository/IWP30/Page_CCPaymentEntry/CardNumber' is present

2020-07-16 22:49:16 - [TEST_STEP][PASSED] - verifyElementPresent(findTestObject("Object Repository/IWP30/Page_CCPaymentEntry/SPC"), 30): Object 'Object Repository/IWP30/Page_CCPaymentEntry/SPC' is present

2020-07-16 22:49:16 - [MESSAGE][PASSED] - Object 'Object Repository/IWP30/Page_CCPaymentEntry/SPC' is present

2020-07-16 22:49:16 - [TEST_STEP][PASSED] - verifyElementPresent(findTestObject("Object Repository/IWP30/Page_CCPaymentEntry/Month"), 30): Object 'Object Repository/IWP30/Page_CCPaymentEntry/Month' is present

2020-07-16 22:49:17 - [MESSAGE][PASSED] - Object 'Object Repository/IWP30/Page_CCPaymentEntry/Month' is present

2020-07-16 22:49:17 - [TEST_STEP][PASSED] - verifyElementPresent(findTestObject("Object Repository/IWP30/Page_CCPaymentEntry/Year"), 30): Object 'Object Repository/IWP30/Page_CCPaymentEntry/Year' is present

2020-07-16 22:49:17 - [MESSAGE][PASSED] - Object 'Object Repository/IWP30/Page_CCPaymentEntry/Year' is present

2020-07-16 22:49:17 - [TEST_STEP][PASSED] - verifyElementPresent(findTestObject("Object Repository/IWP30/Page_CCPaymentEntry/ProcessDate"), 30): Object 'Object Repository/IWP30/Page_CCPaymentEntry/ProcessDate' is present

2020-07-16 22:49:17 - [MESSAGE][PASSED] - Object 'Object Repository/IWP30/Page_CCPaymentEntry/ProcessDate' is present

2020-07-16 22:49:17 - [TEST_STEP][PASSED] - verifyElementPresent(findTestObject("Object Repository/IWP30/Page_CCPaymentEntry/AL1"), 30): Object 'Object Repository/IWP30/Page_CCPaymentEntry/AL1' is present

2020-07-16 22:49:18 - [MESSAGE][PASSED] - Object 'Object Repository/IWP30/Page_CCPaymentEntry/AL1' is present

2020-07-16 22:49:18 - [TEST_STEP][PASSED] - verifyElementPresent(findTestObject("Object Repository/IWP30/Page_CCPaymentEntry/AL2"), 30): Object 'Object Repository/IWP30/Page_CCPaymentEntry/AL2' is present

2020-07-16 22:49:18 - [MESSAGE][PASSED] - Object 'Object Repository/IWP30/Page_CCPaymentEntry/AL2' is present

2020-07-16 22:49:18 - [TEST_STEP][PASSED] - verifyElementPresent(findTestObject("Object Repository/IWP30/Page_CCPaymentEntry/CountryDropDown"), 30): Object 'Object Repository/IWP30/Page_CCPaymentEntry/CountryDropDown' is present

2020-07-16 22:49:18 - [MESSAGE][PASSED] - Object 'Object Repository/IWP30/Page_CCPaymentEntry/CountryDropDown' is present

2020-07-16 22:49:18 - [TEST_STEP][PASSED] - verifyElementPresent(findTestObject("Object Repository/IWP30/Page_CCPaymentEntry/ZIP"), 30): Object 'Object Repository/IWP30/Page_CCPaymentEntry/ZIP' is present

2020-07-16 22:49:19 - [MESSAGE][PASSED] - Object 'Object Repository/IWP30/Page_CCPaymentEntry/ZIP' is present

2020-07-16 22:49:19 - [TEST_STEP][PASSED] - verifyElementPresent(findTestObject("Object Repository/IWP30/Page_CCPaymentEntry/City"), 30): Object 'Object Repository/IWP30/Page_CCPaymentEntry/City' is present

2020-07-16 22:49:19 - [MESSAGE][PASSED] - Object 'Object Repository/IWP30/Page_CCPaymentEntry/City' is present

2020-07-16 22:49:19 - [TEST_STEP][PASSED] - verifyElementPresent(findTestObject("Object Repository/IWP30/Page_CCPaymentEntry/State"), 30): Object 'Object Repository/IWP30/Page_CCPaymentEntry/State' is present

2020-07-16 22:49:19 - [MESSAGE][PASSED] - Object 'Object Repository/IWP30/Page_CCPaymentEntry/State' is present

2020-07-16 22:49:19 - [TEST_STEP][PASSED] - verifyElementPresent(findTestObject("Object Repository/IWP30/Page_CCPaymentEntry/EmailAddress"), 30): Object 'Object Repository/IWP30/Page_CCPaymentEntry/EmailAddress' is present

2020-07-16 22:49:20 - [MESSAGE][PASSED] - Object 'Object Repository/IWP30/Page_CCPaymentEntry/EmailAddress' is present

2020-07-16 22:49:20 - [TEST_STEP][PASSED] - verifyElementPresent(findTestObject("Object Repository/IWP30/Page_CCPaymentEntry/StorePaymentMethodCheckBox"), 30): Object 'Object Repository/IWP30/Page_CCPaymentEntry/StorePaymentMethodCheckBox' is present

2020-07-16 22:49:20 - [MESSAGE][PASSED] - Object 'Object Repository/IWP30/Page_CCPaymentEntry/StorePaymentMethodCheckBox' is present

2020-07-16 22:49:20 - [TEST_STEP][PASSED] - verifyElementPresent(findTestObject("Object Repository/IWP30/Page_CCPaymentEntry/TermCondCheckBox"), 30): Object 'Object Repository/IWP30/Page_CCPaymentEntry/TermCondCheckBox' is present

2020-07-16 22:49:20 - [MESSAGE][PASSED] - Object 'Object Repository/IWP30/Page_CCPaymentEntry/TermCondCheckBox' is present

2020-07-16 22:49:20 - [TEST_STEP][PASSED] - verifyElementPresent(findTestObject("Object Repository/IWP30/Page_CCPaymentEntry/ContinueButton"), 30): Object 'Object Repository/IWP30/Page_CCPaymentEntry/ContinueButton' is present

2020-07-16 22:49:21 - [MESSAGE][PASSED] - Object 'Object Repository/IWP30/Page_CCPaymentEntry/ContinueButton' is present

2020-07-16 22:49:21 - [TEST_STEP][PASSED] - verifyElementPresent(findTestObject("Object Repository/IWP30/Page_CCPaymentEntry/ChangePaymentMethodButton"), 30): Object 'Object Repository/IWP30/Page_CCPaymentEntry/ChangePaymentMethodButton' is present

2020-07-16 22:49:21 - [MESSAGE][PASSED] - Object 'Object Repository/IWP30/Page_CCPaymentEntry/ChangePaymentMethodButton' is present

2020-07-16 22:49:21 - [TEST_STEP][PASSED] - verifyElementPresent(findTestObject("Object Repository/IWP30/Page_CCPaymentEntry/ExitButton"), 30): Object 'Object Repository/IWP30/Page_CCPaymentEntry/ExitButton' is present

2020-07-16 22:49:21 - [MESSAGE][PASSED] - Object 'Object Repository/IWP30/Page_CCPaymentEntry/ExitButton' is present

2020-07-16 22:49:21 - [TEST_STEP][PASSED] - iwpPages.ccPaymentEntryPage.setDataCCPM(row, dataFile): iwpPages.ccPaymentEntryPage.setDataCCPM is PASSED

2020-07-16 22:49:22 - [MESSAGE][PASSED] - Object 'Object Repository/IWP30/Page_CCPaymentEntry/Name' is present

2020-07-16 22:49:23 - [MESSAGE][PASSED] - Object 'Object Repository/IWP30/Page_CCPaymentEntry/Amount' is present

2020-07-16 22:49:23 - [MESSAGE][PASSED] - Text '23.50' is set on object 'Object Repository/IWP30/Page_CCPaymentEntry/Amount'

2020-07-16 22:49:24 - [MESSAGE][PASSED] - Object 'Object Repository/IWP30/Page_CCPaymentEntry/UserDefined2' is present

2020-07-16 22:49:24 - [MESSAGE][PASSED] - Text 'Some Data 2' is set on object 'Object Repository/IWP30/Page_CCPaymentEntry/UserDefined2'

2020-07-16 22:49:25 - [MESSAGE][PASSED] - Object 'Object Repository/IWP30/Page_CCPaymentEntry/UserDefined3' is present

2020-07-16 22:49:25 - [MESSAGE][PASSED] - Text 'Some Data 3' is set on object 'Object Repository/IWP30/Page_CCPaymentEntry/UserDefined3'

2020-07-16 22:49:26 - [MESSAGE][PASSED] - Object 'Object Repository/IWP30/Page_CCPaymentEntry/UserDefined7' is present

2020-07-16 22:49:26 - [MESSAGE][PASSED] - All options with label 'Orange' are selected in object 'Object Repository/IWP30/Page_CCPaymentEntry/UserDefined7' 

2020-07-16 22:49:27 - [MESSAGE][PASSED] - Object 'Object Repository/IWP30/Page_CCPaymentEntry/UserDefined8' is present

2020-07-16 22:49:27 - [MESSAGE][PASSED] - All options with label 'Tennis' are selected in object 'Object Repository/IWP30/Page_CCPaymentEntry/UserDefined8' 

2020-07-16 22:49:28 - [MESSAGE][PASSED] - Object 'Object Repository/IWP30/Page_CCPaymentEntry/Name' is present

2020-07-16 22:49:28 - [MESSAGE][PASSED] - Text 'Horath Tungsten' is set on object 'Object Repository/IWP30/Page_CCPaymentEntry/Name'

2020-07-16 22:49:29 - [MESSAGE][PASSED] - Object 'Object Repository/IWP30/Page_CCPaymentEntry/CardNumber' is present

2020-07-16 22:49:29 - [MESSAGE][PASSED] - Text '4111111111111111' is set on object 'Object Repository/IWP30/Page_CCPaymentEntry/CardNumber'

2020-07-16 22:49:30 - [MESSAGE][PASSED] - Object 'Object Repository/IWP30/Page_CCPaymentEntry/SPC' is present

2020-07-16 22:49:30 - [MESSAGE][PASSED] - Text '147' is set on object 'Object Repository/IWP30/Page_CCPaymentEntry/SPC'

2020-07-16 22:49:31 - [MESSAGE][PASSED] - Object 'Object Repository/IWP30/Page_CCPaymentEntry/Month' is present

2020-07-16 22:49:32 - [MESSAGE][PASSED] - All options with label '12' are selected in object 'Object Repository/IWP30/Page_CCPaymentEntry/Month' 

2020-07-16 22:49:32 - [MESSAGE][PASSED] - Object 'Object Repository/IWP30/Page_CCPaymentEntry/Year' is present

2020-07-16 22:49:32 - [MESSAGE][PASSED] - All options with label '2025' are selected in object 'Object Repository/IWP30/Page_CCPaymentEntry/Year' 

2020-07-16 22:49:33 - [MESSAGE][PASSED] - Object 'Object Repository/IWP30/Page_CCPaymentEntry/ProcessDate' is present

2020-07-16 22:49:33 - [MESSAGE][PASSED] - Object 'Object Repository/IWP30/Page_CCPaymentEntry/AL1' is present

2020-07-16 22:49:34 - [MESSAGE][PASSED] - Text '9563 Elm Street' is set on object 'Object Repository/IWP30/Page_CCPaymentEntry/AL1'

2020-07-16 22:49:34 - [MESSAGE][PASSED] - Object 'Object Repository/IWP30/Page_CCPaymentEntry/AL2' is present

2020-07-16 22:49:35 - [MESSAGE][PASSED] - Text 'Room 3659' is set on object 'Object Repository/IWP30/Page_CCPaymentEntry/AL2'

2020-07-16 22:49:35 - [MESSAGE][PASSED] - Object 'Object Repository/IWP30/Page_CCPaymentEntry/ZIP' is present

2020-07-16 22:49:36 - [MESSAGE][PASSED] - Text '22201' is set on object 'Object Repository/IWP30/Page_CCPaymentEntry/ZIP'

2020-07-16 22:49:36 - [MESSAGE][PASSED] - Object 'Object Repository/IWP30/Page_CCPaymentEntry/EmailAddress' is present

2020-07-16 22:49:37 - [MESSAGE][PASSED] - Text 'myemail@gmail.com' is set on object 'Object Repository/IWP30/Page_CCPaymentEntry/EmailAddress'

2020-07-16 22:49:37 - [MESSAGE][PASSED] - Object 'Object Repository/IWP30/Page_CCPaymentEntry/TermCondCheckBox' is present

2020-07-16 22:49:38 - [MESSAGE][PASSED] - Object 'Object Repository/IWP30/Page_CCPaymentEntry/TermCondCheckBox' is checked

2020-07-16 22:49:38 - [MESSAGE][PASSED] - Object 'Object Repository/IWP30/Page_CCPaymentEntry/ContinueButton' is present

2020-07-16 22:49:40 - [MESSAGE][PASSED] - Object: 'Object Repository/IWP30/Page_CCPaymentEntry/ContinueButton' is clicked on

2020-07-16 22:49:40 - [MESSAGE][PASSED] - iwpPages.ccPaymentEntryPage.setDataCCPM is PASSED

2020-07-16 22:49:40 - [TEST_STEP][PASSED] - Amount = findTestData("VerifyUINoCFCCTestData").getValue("CCAmount", row): null

2020-07-16 22:49:40 - [TEST_STEP][PASSED] - UDF2 = findTestData("VerifyUINoCFCCTestData").getValue("CCUDF2", row): null

2020-07-16 22:49:40 - [TEST_STEP][PASSED] - UDF3 = findTestData("VerifyUINoCFCCTestData").getValue("CCUDF3", row): null

2020-07-16 22:49:40 - [TEST_STEP][PASSED] - UDF7 = findTestData("VerifyUINoCFCCTestData").getValue("CCUDF7", row): null

2020-07-16 22:49:40 - [TEST_STEP][PASSED] - UDF8 = findTestData("VerifyUINoCFCCTestData").getValue("CCUDF8", row): null

2020-07-16 22:49:40 - [TEST_STEP][PASSED] - CName = findTestData("VerifyUINoCFCCTestData").getValue("CCName", row): null

2020-07-16 22:49:40 - [TEST_STEP][PASSED] - CardType = findTestData("VerifyUINoCFCCTestData").getValue("VerCardType", row): null

2020-07-16 22:49:40 - [TEST_STEP][PASSED] - Last4 = findTestData("VerifyUINoCFCCTestData").getValue("VerLast4", row): null

2020-07-16 22:49:40 - [TEST_STEP][PASSED] - CExp = findTestData("VerifyUINoCFCCTestData").getValue("VerExp", row): null

2020-07-16 22:49:40 - [TEST_STEP][PASSED] - AL1 = findTestData("VerifyUINoCFCCTestData").getValue("CCAL1", row): null

2020-07-16 22:49:40 - [TEST_STEP][PASSED] - AL2 = findTestData("VerifyUINoCFCCTestData").getValue("CCAL2", row): null

2020-07-16 22:49:40 - [TEST_STEP][PASSED] - City = findTestData("VerifyUINoCFCCTestData").getValue("VerCity", row): null

2020-07-16 22:49:40 - [TEST_STEP][PASSED] - State = findTestData("VerifyUINoCFCCTestData").getValue("VerState", row): null

2020-07-16 22:49:40 - [TEST_STEP][PASSED] - CZIP = findTestData("VerifyUINoCFCCTestData").getValue("CCZIP", row): null

2020-07-16 22:49:40 - [TEST_STEP][PASSED] - Email = findTestData("VerifyUINoCFCCTestData").getValue("CCEmail", row): null

2020-07-16 22:49:40 - [TEST_STEP][PASSED] - State2 = findTestData("VerifyUINoCFCCTestData").getValue("VerState2", row): null

2020-07-16 22:49:40 - [TEST_STEP][PASSED] - CName2 = findTestData("VerifyUINoCFCCTestData").getValue("VerCCName", row): null

2020-07-16 22:49:40 - [TEST_STEP][PASSED] - verifyTextPresent("Please verify the following information", false): Text 'Please verify the following information' is present on page 

2020-07-16 22:49:41 - [MESSAGE][PASSED] - Text 'Please verify the following information' is present on page 

2020-07-16 22:49:41 - [TEST_STEP][PASSED] - verifyTextPresent("CAN Label", false): Text 'CAN Label' is present on page 

2020-07-16 22:49:41 - [MESSAGE][PASSED] - Text 'CAN Label' is present on page 

2020-07-16 22:49:41 - [TEST_STEP][PASSED] - verifyTextPresent("54654701", false): Text '54654701' is present on page 

2020-07-16 22:49:41 - [MESSAGE][PASSED] - Text '54654701' is present on page 

2020-07-16 22:49:41 - [TEST_STEP][PASSED] - verifyTextPresent("Tax Amount", false): Text 'Tax Amount' is present on page 

2020-07-16 22:49:42 - [MESSAGE][PASSED] - Text 'Tax Amount' is present on page 

2020-07-16 22:49:42 - [TEST_STEP][PASSED] - verifyTextPresent("$0.00", false): Text '$0.00' is present on page 

2020-07-16 22:49:42 - [MESSAGE][PASSED] - Text '$0.00' is present on page 

2020-07-16 22:49:42 - [TEST_STEP][PASSED] - verifyTextPresent("Amount", false): Text 'Amount' is present on page 

2020-07-16 22:49:42 - [MESSAGE][PASSED] - Text 'Amount' is present on page 

2020-07-16 22:49:42 - [TEST_STEP][PASSED] - verifyTextPresent(Amount, false): Text '23.50' is present on page 

2020-07-16 22:49:43 - [MESSAGE][PASSED] - Text '23.50' is present on page 

2020-07-16 22:49:43 - [TEST_STEP][PASSED] - verifyTextPresent("UDF2 Label", false): Text 'UDF2 Label' is present on page 

2020-07-16 22:49:43 - [MESSAGE][PASSED] - Text 'UDF2 Label' is present on page 

2020-07-16 22:49:43 - [TEST_STEP][PASSED] - verifyTextPresent(UDF2, false): Text 'Some Data 2' is present on page 

2020-07-16 22:49:44 - [MESSAGE][PASSED] - Text 'Some Data 2' is present on page 

2020-07-16 22:49:44 - [TEST_STEP][PASSED] - verifyTextPresent("UDF3 Label", false): Text 'UDF3 Label' is present on page 

2020-07-16 22:49:44 - [MESSAGE][PASSED] - Text 'UDF3 Label' is present on page 

2020-07-16 22:49:44 - [TEST_STEP][PASSED] - verifyTextPresent(UDF3, false): Text 'Some Data 3' is present on page 

2020-07-16 22:49:44 - [MESSAGE][PASSED] - Text 'Some Data 3' is present on page 

2020-07-16 22:49:44 - [TEST_STEP][PASSED] - verifyTextPresent("UDF4 Label", false): Text 'UDF4 Label' is present on page 

2020-07-16 22:49:44 - [MESSAGE][PASSED] - Text 'UDF4 Label' is present on page 

2020-07-16 22:49:44 - [TEST_STEP][PASSED] - verifyTextPresent("data 4", false): Text 'data 4' is present on page 

2020-07-16 22:49:45 - [MESSAGE][PASSED] - Text 'data 4' is present on page 

2020-07-16 22:49:45 - [TEST_STEP][PASSED] - verifyTextPresent("UDF6 Label", false): Text 'UDF6 Label' is present on page 

2020-07-16 22:49:45 - [MESSAGE][PASSED] - Text 'UDF6 Label' is present on page 

2020-07-16 22:49:45 - [TEST_STEP][PASSED] - verifyTextPresent("data 6", false): Text 'data 6' is present on page 

2020-07-16 22:49:45 - [MESSAGE][PASSED] - Text 'data 6' is present on page 

2020-07-16 22:49:45 - [TEST_STEP][PASSED] - verifyTextPresent("UDF7 Label", false): Text 'UDF7 Label' is present on page 

2020-07-16 22:49:46 - [MESSAGE][PASSED] - Text 'UDF7 Label' is present on page 

2020-07-16 22:49:46 - [TEST_STEP][PASSED] - verifyTextPresent(UDF7, false): Text 'Orange' is present on page 

2020-07-16 22:49:46 - [MESSAGE][PASSED] - Text 'Orange' is present on page 

2020-07-16 22:49:46 - [TEST_STEP][PASSED] - verifyTextPresent("UDF8 Label", false): Text 'UDF8 Label' is present on page 

2020-07-16 22:49:47 - [MESSAGE][PASSED] - Text 'UDF8 Label' is present on page 

2020-07-16 22:49:47 - [TEST_STEP][PASSED] - verifyTextPresent(UDF8, false): Text 'Tennis' is present on page 

2020-07-16 22:49:47 - [MESSAGE][PASSED] - Text 'Tennis' is present on page 

2020-07-16 22:49:47 - [TEST_STEP][PASSED] - verifyTextPresent("UDF9 Label", false): Text 'UDF9 Label' is present on page 

2020-07-16 22:49:47 - [MESSAGE][PASSED] - Text 'UDF9 Label' is present on page 

2020-07-16 22:49:47 - [TEST_STEP][PASSED] - verifyTextPresent("data 9", false): Text 'data 9' is present on page 

2020-07-16 22:49:48 - [MESSAGE][PASSED] - Text 'data 9' is present on page 

2020-07-16 22:49:48 - [TEST_STEP][PASSED] - verifyTextPresent("Card information", false): Text 'Card information' is present on page 

2020-07-16 22:49:48 - [MESSAGE][PASSED] - Text 'Card information' is present on page 

2020-07-16 22:49:48 - [TEST_STEP][PASSED] - verifyTextPresent("Cardholder's Name", false): Text 'Cardholder's Name' is present on page 

2020-07-16 22:49:48 - [MESSAGE][PASSED] - Text 'Cardholder's Name' is present on page 

2020-07-16 22:49:48 - [TEST_STEP][PASSED] - verifyTextPresent(CName, false): Text 'Horath Tungsten' is present on page 

2020-07-16 22:49:49 - [MESSAGE][PASSED] - Text 'Horath Tungsten' is present on page 

2020-07-16 22:49:49 - [TEST_STEP][PASSED] - verifyTextPresent("Card Type", false): Text 'Card Type' is present on page 

2020-07-16 22:49:49 - [MESSAGE][PASSED] - Text 'Card Type' is present on page 

2020-07-16 22:49:49 - [TEST_STEP][PASSED] - verifyTextPresent(CardType, false): Text 'Visa' is present on page 

2020-07-16 22:49:49 - [MESSAGE][PASSED] - Text 'Visa' is present on page 

2020-07-16 22:49:49 - [TEST_STEP][PASSED] - verifyTextPresent("Card Number", false): Text 'Card Number' is present on page 

2020-07-16 22:49:50 - [MESSAGE][PASSED] - Text 'Card Number' is present on page 

2020-07-16 22:49:50 - [TEST_STEP][PASSED] - verifyTextPresent(Last4, false): Text '1111' is present on page 

2020-07-16 22:49:50 - [MESSAGE][PASSED] - Text '1111' is present on page 

2020-07-16 22:49:50 - [TEST_STEP][PASSED] - verifyTextPresent("Signature Panel Code", false): Text 'Signature Panel Code' is present on page 

2020-07-16 22:49:50 - [MESSAGE][PASSED] - Text 'Signature Panel Code' is present on page 

2020-07-16 22:49:50 - [TEST_STEP][PASSED] - verifyTextPresent("Expiration Date", false): Text 'Expiration Date' is present on page 

2020-07-16 22:49:51 - [MESSAGE][PASSED] - Text 'Expiration Date' is present on page 

2020-07-16 22:49:51 - [TEST_STEP][PASSED] - verifyTextPresent(CExp, false): Text '12/2025' is present on page 

2020-07-16 22:49:51 - [MESSAGE][PASSED] - Text '12/2025' is present on page 

2020-07-16 22:49:51 - [TEST_STEP][PASSED] - verifyTextPresent("Payment Date", false): Text 'Payment Date' is present on page 

2020-07-16 22:49:51 - [MESSAGE][PASSED] - Text 'Payment Date' is present on page 

2020-07-16 22:49:51 - [TEST_STEP][PASSED] - verifyTextPresent("Billing information", false): Text 'Billing information' is present on page 

2020-07-16 22:49:52 - [MESSAGE][PASSED] - Text 'Billing information' is present on page 

2020-07-16 22:49:52 - [TEST_STEP][PASSED] - verifyTextPresent("Address Line 1", false): Text 'Address Line 1' is present on page 

2020-07-16 22:49:52 - [MESSAGE][PASSED] - Text 'Address Line 1' is present on page 

2020-07-16 22:49:52 - [TEST_STEP][PASSED] - verifyTextPresent(AL1, false): Text '9563 Elm Street' is present on page 

2020-07-16 22:49:52 - [MESSAGE][PASSED] - Text '9563 Elm Street' is present on page 

2020-07-16 22:49:52 - [TEST_STEP][PASSED] - verifyTextPresent("Address Line 2", false): Text 'Address Line 2' is present on page 

2020-07-16 22:49:53 - [MESSAGE][PASSED] - Text 'Address Line 2' is present on page 

2020-07-16 22:49:53 - [TEST_STEP][PASSED] - verifyTextPresent(AL2, false): Text 'Room 3659' is present on page 

2020-07-16 22:49:53 - [MESSAGE][PASSED] - Text 'Room 3659' is present on page 

2020-07-16 22:49:53 - [TEST_STEP][PASSED] - verifyTextPresent("Country", false): Text 'Country' is present on page 

2020-07-16 22:49:53 - [MESSAGE][PASSED] - Text 'Country' is present on page 

2020-07-16 22:49:53 - [TEST_STEP][PASSED] - verifyTextPresent("United States", false): Text 'United States' is present on page 

2020-07-16 22:49:54 - [MESSAGE][PASSED] - Text 'United States' is present on page 

2020-07-16 22:49:54 - [TEST_STEP][PASSED] - verifyTextPresent("City", false): Text 'City' is present on page 

2020-07-16 22:49:54 - [MESSAGE][PASSED] - Text 'City' is present on page 

2020-07-16 22:49:54 - [TEST_STEP][PASSED] - verifyTextPresent(City, false): Text 'ARLINGTON' is present on page 

2020-07-16 22:49:54 - [MESSAGE][PASSED] - Text 'ARLINGTON' is present on page 

2020-07-16 22:49:54 - [TEST_STEP][PASSED] - verifyTextPresent("State", false): Text 'State' is present on page 

2020-07-16 22:49:55 - [MESSAGE][PASSED] - Text 'State' is present on page 

2020-07-16 22:49:55 - [TEST_STEP][PASSED] - verifyTextPresent(State, false): Text 'Virginia' is present on page 

2020-07-16 22:49:55 - [MESSAGE][PASSED] - Text 'Virginia' is present on page 

2020-07-16 22:49:55 - [TEST_STEP][PASSED] - verifyTextPresent("ZIP Code", false): Text 'ZIP Code' is present on page 

2020-07-16 22:49:55 - [MESSAGE][PASSED] - Text 'ZIP Code' is present on page 

2020-07-16 22:49:55 - [TEST_STEP][PASSED] - verifyTextPresent(CZIP, false): Text '22201' is present on page 

2020-07-16 22:49:56 - [MESSAGE][PASSED] - Text '22201' is present on page 

2020-07-16 22:49:56 - [TEST_STEP][PASSED] - verifyTextPresent("Email Address", false): Text 'Email Address' is present on page 

2020-07-16 22:49:56 - [MESSAGE][PASSED] - Text 'Email Address' is present on page 

2020-07-16 22:49:56 - [TEST_STEP][PASSED] - verifyTextPresent(Email, false): Text 'myemail@gmail.com' is present on page 

2020-07-16 22:49:56 - [MESSAGE][PASSED] - Text 'myemail@gmail.com' is present on page 

2020-07-16 22:49:56 - [TEST_STEP][PASSED] - verifyTextPresent("Is this information correct", false): Text 'Is this information correct' is present on page 

2020-07-16 22:49:57 - [MESSAGE][PASSED] - Text 'Is this information correct' is present on page 

2020-07-16 22:49:57 - [TEST_STEP][PASSED] - verifyTextPresent("These are CC Custom HTML", false): Text 'These are CC Custom HTML' is present on page 

2020-07-16 22:49:57 - [MESSAGE][PASSED] - Text 'These are CC Custom HTML' is present on page 

2020-07-16 22:49:57 - [TEST_STEP][PASSED] - verifyElementPresent(findTestObject("Object Repository/IWP30/Page_Confirmation/ChangePaymentMethodButton"), 30): Object 'Object Repository/IWP30/Page_Confirmation/ChangePaymentMethodButton' is present

2020-07-16 22:49:57 - [MESSAGE][PASSED] - Object 'Object Repository/IWP30/Page_Confirmation/ChangePaymentMethodButton' is present

2020-07-16 22:49:57 - [TEST_STEP][PASSED] - verifyElementPresent(findTestObject("Object Repository/IWP30/Page_Confirmation/ConfirmButton"), 30): Object 'Object Repository/IWP30/Page_Confirmation/ConfirmButton' is present

2020-07-16 22:49:58 - [MESSAGE][PASSED] - Object 'Object Repository/IWP30/Page_Confirmation/ConfirmButton' is present

2020-07-16 22:49:58 - [TEST_STEP][PASSED] - verifyElementPresent(findTestObject("Object Repository/IWP30/Page_Confirmation/ExitButton"), 30): Object 'Object Repository/IWP30/Page_Confirmation/ExitButton' is present

2020-07-16 22:49:58 - [MESSAGE][PASSED] - Object 'Object Repository/IWP30/Page_Confirmation/ExitButton' is present

2020-07-16 22:49:58 - [TEST_STEP][PASSED] - verifyElementPresent(findTestObject("Object Repository/IWP30/Page_Confirmation/ModifyButton"), 30): Object 'Object Repository/IWP30/Page_Confirmation/ModifyButton' is present

2020-07-16 22:49:58 - [MESSAGE][PASSED] - Object 'Object Repository/IWP30/Page_Confirmation/ModifyButton' is present

2020-07-16 22:49:58 - [TEST_STEP][PASSED] - click(findTestObject("Object Repository/IWP30/Page_Confirmation/ConfirmButton")): Object: 'Object Repository/IWP30/Page_Confirmation/ConfirmButton' is clicked on

2020-07-16 22:50:00 - [MESSAGE][PASSED] - Object: 'Object Repository/IWP30/Page_Confirmation/ConfirmButton' is clicked on

2020-07-16 22:50:00 - [TEST_STEP][PASSED] - Thread.sleep(10000): null

2020-07-16 22:50:10 - [TEST_STEP][PASSED] - verifyTextPresent("Successful Payment Receipt", false): Text 'Successful Payment Receipt' is present on page 

2020-07-16 22:50:10 - [MESSAGE][PASSED] - Text 'Successful Payment Receipt' is present on page 

2020-07-16 22:50:10 - [TEST_STEP][PASSED] - verifyTextPresent("Please print this receipt for your records", false): Text 'Please print this receipt for your records' is present on page 

2020-07-16 22:50:11 - [MESSAGE][PASSED] - Text 'Please print this receipt for your records' is present on page 

2020-07-16 22:50:11 - [TEST_STEP][PASSED] - verifyTextPresent("Remittance ID", false): Text 'Remittance ID' is present on page 

2020-07-16 22:50:11 - [MESSAGE][PASSED] - Text 'Remittance ID' is present on page 

2020-07-16 22:50:11 - [TEST_STEP][PASSED] - verifyTextPresent("CAN Label", false): Text 'CAN Label' is present on page 

2020-07-16 22:50:11 - [MESSAGE][PASSED] - Text 'CAN Label' is present on page 

2020-07-16 22:50:11 - [TEST_STEP][PASSED] - verifyTextPresent("54654701", false): Text '54654701' is present on page 

2020-07-16 22:50:12 - [MESSAGE][PASSED] - Text '54654701' is present on page 

2020-07-16 22:50:12 - [TEST_STEP][PASSED] - verifyTextPresent("Received", false): Text 'Received' is present on page 

2020-07-16 22:50:12 - [MESSAGE][PASSED] - Text 'Received' is present on page 

2020-07-16 22:50:12 - [TEST_STEP][PASSED] - verifyTextPresent("UDF1 Label", false): Text 'UDF1 Label' is present on page 

2020-07-16 22:50:12 - [MESSAGE][PASSED] - Text 'UDF1 Label' is present on page 

2020-07-16 22:50:12 - [TEST_STEP][PASSED] - verifyTextPresent("UDF2 Label", false): Text 'UDF2 Label' is present on page 

2020-07-16 22:50:13 - [MESSAGE][PASSED] - Text 'UDF2 Label' is present on page 

2020-07-16 22:50:13 - [TEST_STEP][PASSED] - verifyTextPresent(UDF2, false): Text 'Some Data 2' is present on page 

2020-07-16 22:50:13 - [MESSAGE][PASSED] - Text 'Some Data 2' is present on page 

2020-07-16 22:50:13 - [TEST_STEP][PASSED] - verifyTextPresent("UDF3 Label", false): Text 'UDF3 Label' is present on page 

2020-07-16 22:50:13 - [MESSAGE][PASSED] - Text 'UDF3 Label' is present on page 

2020-07-16 22:50:13 - [TEST_STEP][PASSED] - verifyTextPresent(UDF3, false): Text 'Some Data 3' is present on page 

2020-07-16 22:50:14 - [MESSAGE][PASSED] - Text 'Some Data 3' is present on page 

2020-07-16 22:50:14 - [TEST_STEP][PASSED] - verifyTextPresent("UDF4 Label", false): Text 'UDF4 Label' is present on page 

2020-07-16 22:50:14 - [MESSAGE][PASSED] - Text 'UDF4 Label' is present on page 

2020-07-16 22:50:14 - [TEST_STEP][PASSED] - verifyTextPresent("data 4", false): Text 'data 4' is present on page 

2020-07-16 22:50:14 - [MESSAGE][PASSED] - Text 'data 4' is present on page 

2020-07-16 22:50:14 - [TEST_STEP][PASSED] - verifyTextPresent("UDF6 Label", false): Text 'UDF6 Label' is present on page 

2020-07-16 22:50:15 - [MESSAGE][PASSED] - Text 'UDF6 Label' is present on page 

2020-07-16 22:50:15 - [TEST_STEP][PASSED] - verifyTextPresent("data 6", false): Text 'data 6' is present on page 

2020-07-16 22:50:15 - [MESSAGE][PASSED] - Text 'data 6' is present on page 

2020-07-16 22:50:15 - [TEST_STEP][PASSED] - verifyTextPresent("UDF7 Label", false): Text 'UDF7 Label' is present on page 

2020-07-16 22:50:15 - [MESSAGE][PASSED] - Text 'UDF7 Label' is present on page 

2020-07-16 22:50:15 - [TEST_STEP][PASSED] - verifyTextPresent(UDF7, false): Text 'Orange' is present on page 

2020-07-16 22:50:15 - [MESSAGE][PASSED] - Text 'Orange' is present on page 

2020-07-16 22:50:15 - [TEST_STEP][PASSED] - verifyTextPresent("UDF8 Label", false): Text 'UDF8 Label' is present on page 

2020-07-16 22:50:16 - [MESSAGE][PASSED] - Text 'UDF8 Label' is present on page 

2020-07-16 22:50:16 - [TEST_STEP][PASSED] - verifyTextPresent(UDF8, false): Text 'Tennis' is present on page 

2020-07-16 22:50:16 - [MESSAGE][PASSED] - Text 'Tennis' is present on page 

2020-07-16 22:50:16 - [TEST_STEP][PASSED] - verifyTextPresent("UDF9 Label", false): Text 'UDF9 Label' is present on page 

2020-07-16 22:50:16 - [MESSAGE][PASSED] - Text 'UDF9 Label' is present on page 

2020-07-16 22:50:16 - [TEST_STEP][PASSED] - verifyTextPresent("data 9", false): Text 'data 9' is present on page 

2020-07-16 22:50:16 - [MESSAGE][PASSED] - Text 'data 9' is present on page 

2020-07-16 22:50:16 - [TEST_STEP][PASSED] - verifyTextPresent("Tax Amount", false): Text 'Tax Amount' is present on page 

2020-07-16 22:50:17 - [MESSAGE][PASSED] - Text 'Tax Amount' is present on page 

2020-07-16 22:50:17 - [TEST_STEP][PASSED] - verifyTextPresent("$0.00", false): Text '$0.00' is present on page 

2020-07-16 22:50:17 - [MESSAGE][PASSED] - Text '$0.00' is present on page 

2020-07-16 22:50:17 - [TEST_STEP][PASSED] - verifyTextPresent("Amount", false): Text 'Amount' is present on page 

2020-07-16 22:50:17 - [MESSAGE][PASSED] - Text 'Amount' is present on page 

2020-07-16 22:50:17 - [TEST_STEP][PASSED] - verifyTextPresent(Amount, false): Text '23.50' is present on page 

2020-07-16 22:50:18 - [MESSAGE][PASSED] - Text '23.50' is present on page 

2020-07-16 22:50:18 - [TEST_STEP][PASSED] - verifyTextPresent("Transaction Type", false): Text 'Transaction Type' is present on page 

2020-07-16 22:50:18 - [MESSAGE][PASSED] - Text 'Transaction Type' is present on page 

2020-07-16 22:50:18 - [TEST_STEP][PASSED] - verifyTextPresent("Authorization and Capture", false): Text 'Authorization and Capture' is present on page 

2020-07-16 22:50:18 - [MESSAGE][PASSED] - Text 'Authorization and Capture' is present on page 

2020-07-16 22:50:18 - [TEST_STEP][PASSED] - verifyTextPresent("Card Information", false): Text 'Card Information' is present on page 

2020-07-16 22:50:19 - [MESSAGE][PASSED] - Text 'Card Information' is present on page 

2020-07-16 22:50:19 - [TEST_STEP][PASSED] - verifyTextPresent(CardType, false): Text 'Visa' is present on page 

2020-07-16 22:50:19 - [MESSAGE][PASSED] - Text 'Visa' is present on page 

2020-07-16 22:50:19 - [TEST_STEP][PASSED] - verifyTextPresent(CName2, false): Text 'HORATH TUNGSTEN' is present on page 

2020-07-16 22:50:19 - [MESSAGE][PASSED] - Text 'HORATH TUNGSTEN' is present on page 

2020-07-16 22:50:19 - [TEST_STEP][PASSED] - verifyTextPresent(Last4, false): Text '1111' is present on page 

2020-07-16 22:50:20 - [MESSAGE][PASSED] - Text '1111' is present on page 

2020-07-16 22:50:20 - [TEST_STEP][PASSED] - verifyTextPresent("Billing information", false): Text 'Billing information' is present on page 

2020-07-16 22:50:20 - [MESSAGE][PASSED] - Text 'Billing information' is present on page 

2020-07-16 22:50:20 - [TEST_STEP][PASSED] - verifyTextPresent("Address Line 1", false): Text 'Address Line 1' is present on page 

2020-07-16 22:50:20 - [MESSAGE][PASSED] - Text 'Address Line 1' is present on page 

2020-07-16 22:50:20 - [TEST_STEP][PASSED] - verifyTextPresent(AL1, false): Text '9563 Elm Street' is present on page 

2020-07-16 22:50:20 - [MESSAGE][PASSED] - Text '9563 Elm Street' is present on page 

2020-07-16 22:50:20 - [TEST_STEP][PASSED] - verifyTextPresent("Address Line 2", false): Text 'Address Line 2' is present on page 

2020-07-16 22:50:21 - [MESSAGE][PASSED] - Text 'Address Line 2' is present on page 

2020-07-16 22:50:21 - [TEST_STEP][PASSED] - verifyTextPresent(AL2, false): Text 'Room 3659' is present on page 

2020-07-16 22:50:21 - [MESSAGE][PASSED] - Text 'Room 3659' is present on page 

2020-07-16 22:50:21 - [TEST_STEP][PASSED] - verifyTextPresent("Country", false): Text 'Country' is present on page 

2020-07-16 22:50:21 - [MESSAGE][PASSED] - Text 'Country' is present on page 

2020-07-16 22:50:21 - [TEST_STEP][PASSED] - verifyTextPresent("United States", false): Text 'United States' is present on page 

2020-07-16 22:50:22 - [MESSAGE][PASSED] - Text 'United States' is present on page 

2020-07-16 22:50:22 - [TEST_STEP][PASSED] - verifyTextPresent("City", false): Text 'City' is present on page 

2020-07-16 22:50:22 - [MESSAGE][PASSED] - Text 'City' is present on page 

2020-07-16 22:50:22 - [TEST_STEP][PASSED] - verifyTextPresent(City, false): Text 'ARLINGTON' is present on page 

2020-07-16 22:50:22 - [MESSAGE][PASSED] - Text 'ARLINGTON' is present on page 

2020-07-16 22:50:22 - [TEST_STEP][PASSED] - verifyTextPresent("State", false): Text 'State' is present on page 

2020-07-16 22:50:23 - [MESSAGE][PASSED] - Text 'State' is present on page 

2020-07-16 22:50:23 - [TEST_STEP][PASSED] - verifyTextPresent(State2, false): Text 'VA' is present on page 

2020-07-16 22:50:23 - [MESSAGE][PASSED] - Text 'VA' is present on page 

2020-07-16 22:50:23 - [TEST_STEP][PASSED] - verifyTextPresent("ZIP Code", false): Text 'ZIP Code' is present on page 

2020-07-16 22:50:23 - [MESSAGE][PASSED] - Text 'ZIP Code' is present on page 

2020-07-16 22:50:23 - [TEST_STEP][PASSED] - verifyTextPresent(CZIP, false): Text '22201' is present on page 

2020-07-16 22:50:23 - [MESSAGE][PASSED] - Text '22201' is present on page 

2020-07-16 22:50:23 - [TEST_STEP][PASSED] - verifyElementPresent(findTestObject("Object Repository/IWP30/Page_Receipt/ExitButton"), 30): Object 'Object Repository/IWP30/Page_Receipt/ExitButton' is present

2020-07-16 22:50:24 - [MESSAGE][PASSED] - Object 'Object Repository/IWP30/Page_Receipt/ExitButton' is present

2020-07-16 22:50:24 - [TEST_STEP][PASSED] - closeBrowser(): Browser is closed

2020-07-16 22:50:25 - [MESSAGE][PASSED] - Browser is closed

2020-07-16 22:50:25 - [TEST_STEP][PASSED] - openBrowser(urlEmulator): Browser is opened with url: 'https://qa.velocitypayment.com/agency/config.do?action=editor'

2020-07-16 22:50:25 - [MESSAGE][INFO] - Starting 'Chrome' driver

2020-07-16 22:50:25 - [MESSAGE][INFO] - User set preference: ['acceptInsecureCerts', 'true']

2020-07-16 22:50:25 - [MESSAGE][INFO] - Action delay is set to 0 milliseconds

2020-07-16 22:50:28 - [MESSAGE][PASSED] - Browser is opened with url: 'https://qa.velocitypayment.com/agency/config.do?action=editor'

2020-07-16 22:50:28 - [TEST_STEP][PASSED] - maximizeWindow(): Current window maximized

2020-07-16 22:50:28 - [MESSAGE][PASSED] - Current window maximized

2020-07-16 22:50:28 - [TEST_STEP][PASSED] - iwpPages.emulatorIWP30.setDataEmulatorStandard(): iwpPages.emulatorIWP30.setDataEmulatorStandard is PASSED

2020-07-16 22:50:29 - [MESSAGE][PASSED] - Object 'Object Repository/IWP30/Page_VRelay30Emulator/Amount' is present

2020-07-16 22:50:30 - [MESSAGE][PASSED] - All options with value '3.0' are selected in object 'Object Repository/IWP30/Page_VRelay30Emulator/MV'  using regular expression

2020-07-16 22:50:31 - [MESSAGE][PASSED] - Text '10.50' is set on object 'Object Repository/IWP30/Page_VRelay30Emulator/Amount'

2020-07-16 22:50:31 - [MESSAGE][PASSED] - Text '54654701' is set on object 'Object Repository/IWP30/Page_VRelay30Emulator/CAN'

2020-07-16 22:50:32 - [MESSAGE][PASSED] - Text 'PayNow' is set on object 'Object Repository/IWP30/Page_VRelay30Emulator/Action'

2020-07-16 22:50:32 - [MESSAGE][PASSED] - Text 'en_US' is set on object 'Object Repository/IWP30/Page_VRelay30Emulator/Lang'

2020-07-16 22:50:33 - [MESSAGE][PASSED] - Text '' is set on object 'Object Repository/IWP30/Page_VRelay30Emulator/Fname'

2020-07-16 22:50:34 - [MESSAGE][PASSED] - Text '' is set on object 'Object Repository/IWP30/Page_VRelay30Emulator/Lname'

2020-07-16 22:50:34 - [MESSAGE][PASSED] - Text '' is set on object 'Object Repository/IWP30/Page_VRelay30Emulator/AL1'

2020-07-16 22:50:35 - [MESSAGE][PASSED] - Text '' is set on object 'Object Repository/IWP30/Page_VRelay30Emulator/AL2'

2020-07-16 22:50:35 - [MESSAGE][PASSED] - Text '' is set on object 'Object Repository/IWP30/Page_VRelay30Emulator/Country'

2020-07-16 22:50:36 - [MESSAGE][PASSED] - Text '' is set on object 'Object Repository/IWP30/Page_VRelay30Emulator/City'

2020-07-16 22:50:37 - [MESSAGE][PASSED] - Text '' is set on object 'Object Repository/IWP30/Page_VRelay30Emulator/State'

2020-07-16 22:50:37 - [MESSAGE][PASSED] - Text '' is set on object 'Object Repository/IWP30/Page_VRelay30Emulator/ZIP'

2020-07-16 22:50:38 - [MESSAGE][PASSED] - Text '' is set on object 'Object Repository/IWP30/Page_VRelay30Emulator/Order'

2020-07-16 22:50:39 - [MESSAGE][PASSED] - Text '' is set on object 'Object Repository/IWP30/Page_VRelay30Emulator/Company'

2020-07-16 22:50:39 - [MESSAGE][PASSED] - Text '' is set on object 'Object Repository/IWP30/Page_VRelay30Emulator/Email'

2020-07-16 22:50:40 - [MESSAGE][PASSED] - Text '' is set on object 'Object Repository/IWP30/Page_VRelay30Emulator/UDF1'

2020-07-16 22:50:41 - [MESSAGE][PASSED] - Text '' is set on object 'Object Repository/IWP30/Page_VRelay30Emulator/UDF2'

2020-07-16 22:50:41 - [MESSAGE][PASSED] - Text 'data 3' is set on object 'Object Repository/IWP30/Page_VRelay30Emulator/UDF3'

2020-07-16 22:50:42 - [MESSAGE][PASSED] - Text 'data 4' is set on object 'Object Repository/IWP30/Page_VRelay30Emulator/UDF4'

2020-07-16 22:50:43 - [MESSAGE][PASSED] - Text 'data 5' is set on object 'Object Repository/IWP30/Page_VRelay30Emulator/UDF5'

2020-07-16 22:50:43 - [MESSAGE][PASSED] - Text 'data 6' is set on object 'Object Repository/IWP30/Page_VRelay30Emulator/UDF6'

2020-07-16 22:50:44 - [MESSAGE][PASSED] - Text 'Orange' is set on object 'Object Repository/IWP30/Page_VRelay30Emulator/UDF7'

2020-07-16 22:50:45 - [MESSAGE][PASSED] - Text 'Soccer' is set on object 'Object Repository/IWP30/Page_VRelay30Emulator/UDF8'

2020-07-16 22:50:45 - [MESSAGE][PASSED] - Text 'data 9' is set on object 'Object Repository/IWP30/Page_VRelay30Emulator/UDF9'

2020-07-16 22:50:46 - [MESSAGE][PASSED] - Text 'data 10' is set on object 'Object Repository/IWP30/Page_VRelay30Emulator/UDF10'

2020-07-16 22:50:49 - [MESSAGE][PASSED] - Object: 'Object Repository/IWP30/Page_VRelay30Emulator/Submit' is clicked on

2020-07-16 22:50:54 - [MESSAGE][PASSED] - Browser is closed

2020-07-16 22:50:54 - [MESSAGE][PASSED] - iwpPages.emulatorIWP30.setDataEmulatorStandard is PASSED

2020-07-16 22:50:54 - [TEST_STEP][PASSED] - openBrowser(urlTestHarness): Browser is opened with url: 'https://dev-algorithm.govolution.com/vrelaytest/QA/version_2_2/vrelaytest.html'

2020-07-16 22:50:54 - [MESSAGE][INFO] - Starting 'Chrome' driver

2020-07-16 22:50:54 - [MESSAGE][INFO] - User set preference: ['acceptInsecureCerts', 'true']

2020-07-16 22:50:54 - [MESSAGE][INFO] - Action delay is set to 0 milliseconds

2020-07-16 22:50:58 - [MESSAGE][PASSED] - Browser is opened with url: 'https://dev-algorithm.govolution.com/vrelaytest/QA/version_2_2/vrelaytest.html'

2020-07-16 22:50:58 - [TEST_STEP][PASSED] - maximizeWindow(): Current window maximized

2020-07-16 22:50:58 - [MESSAGE][PASSED] - Current window maximized

2020-07-16 22:50:58 - [TEST_STEP][PASSED] - genRemIDVoid = RandomStringUtils.random(12, true, true): null

2020-07-16 22:50:58 - [TEST_STEP][PASSED] - if (verifyElementPresent(findTestObject("Object Repository/IWP30/Page_QATestHarness/RemittanceID"), 30)): null

2020-07-16 22:50:58 - [MESSAGE][PASSED] - Object 'Object Repository/IWP30/Page_QATestHarness/RemittanceID' is present

2020-07-16 22:50:58 - [TEST_STEP][PASSED] - println("We are on Test Harness page, start populating"): null

2020-07-16 22:50:58 - [TEST_STEP][PASSED] - setText(findTestObject("Object Repository/IWP30/Page_QATestHarness/ApplicationID"), "649"): Text '649' is set on object 'Object Repository/IWP30/Page_QATestHarness/ApplicationID'

2020-07-16 22:50:59 - [MESSAGE][PASSED] - Text '649' is set on object 'Object Repository/IWP30/Page_QATestHarness/ApplicationID'

2020-07-16 22:50:59 - [TEST_STEP][PASSED] - setText(findTestObject("Object Repository/IWP30/Page_QATestHarness/MessageVersion"), "3.0"): Text '3.0' is set on object 'Object Repository/IWP30/Page_QATestHarness/MessageVersion'

2020-07-16 22:51:00 - [MESSAGE][PASSED] - Text '3.0' is set on object 'Object Repository/IWP30/Page_QATestHarness/MessageVersion'

2020-07-16 22:51:00 - [TEST_STEP][PASSED] - setText(findTestObject("Object Repository/IWP30/Page_QATestHarness/RemittanceID"), genRemIDVoid): Text 'C8T3JRMAp9nS' is set on object 'Object Repository/IWP30/Page_QATestHarness/RemittanceID'

2020-07-16 22:51:01 - [MESSAGE][PASSED] - Text 'C8T3JRMAp9nS' is set on object 'Object Repository/IWP30/Page_QATestHarness/RemittanceID'

2020-07-16 22:51:01 - [TEST_STEP][PASSED] - click(findTestObject("Object Repository/IWP30/Page_QATestHarness/SubmitButton")): Object: 'Object Repository/IWP30/Page_QATestHarness/SubmitButton' is clicked on

2020-07-16 22:51:02 - [MESSAGE][PASSED] - Object: 'Object Repository/IWP30/Page_QATestHarness/SubmitButton' is clicked on

2020-07-16 22:51:02 - [TEST_STEP][PASSED] - verifyTextPresent("Select Payment Method", false): Text 'Select Payment Method' is present on page 

2020-07-16 22:51:02 - [MESSAGE][PASSED] - Text 'Select Payment Method' is present on page 

2020-07-16 22:51:02 - [TEST_STEP][PASSED] - verifyTextPresent("Please choose the method of payment", false): Text 'Please choose the method of payment' is present on page 

2020-07-16 22:51:03 - [MESSAGE][PASSED] - Text 'Please choose the method of payment' is present on page 

2020-07-16 22:51:03 - [TEST_STEP][PASSED] - verifyElementPresent(findTestObject("Object Repository/IWP30/Page_SelectPaymentMethod/PayByCreditCard"), 30): Object 'Object Repository/IWP30/Page_SelectPaymentMethod/PayByCreditCard' is present

2020-07-16 22:51:03 - [MESSAGE][PASSED] - Object 'Object Repository/IWP30/Page_SelectPaymentMethod/PayByCreditCard' is present

2020-07-16 22:51:03 - [TEST_STEP][PASSED] - verifyElementPresent(findTestObject("Object Repository/IWP30/Page_SelectPaymentMethod/PayByCorporateCheck"), 30): Object 'Object Repository/IWP30/Page_SelectPaymentMethod/PayByCorporateCheck' is present

2020-07-16 22:51:03 - [MESSAGE][PASSED] - Object 'Object Repository/IWP30/Page_SelectPaymentMethod/PayByCorporateCheck' is present

2020-07-16 22:51:03 - [TEST_STEP][PASSED] - verifyElementPresent(findTestObject("Object Repository/IWP30/Page_SelectPaymentMethod/PayByPersonalCheck"), 30): Object 'Object Repository/IWP30/Page_SelectPaymentMethod/PayByPersonalCheck' is present

2020-07-16 22:51:04 - [MESSAGE][PASSED] - Object 'Object Repository/IWP30/Page_SelectPaymentMethod/PayByPersonalCheck' is present

2020-07-16 22:51:04 - [TEST_STEP][PASSED] - verifyElementPresent(findTestObject("Object Repository/IWP30/Page_SelectPaymentMethod/ExitButton"), 30): Object 'Object Repository/IWP30/Page_SelectPaymentMethod/ExitButton' is present

2020-07-16 22:51:04 - [MESSAGE][PASSED] - Object 'Object Repository/IWP30/Page_SelectPaymentMethod/ExitButton' is present

2020-07-16 22:51:04 - [TEST_STEP][PASSED] - if (verifyElementPresent(findTestObject("Object Repository/IWP30/Page_SelectPaymentMethod/PayByCreditCard"), 30)): null

2020-07-16 22:51:04 - [MESSAGE][PASSED] - Object 'Object Repository/IWP30/Page_SelectPaymentMethod/PayByCreditCard' is present

2020-07-16 22:51:04 - [TEST_STEP][PASSED] - println("We are on Select Payment Method page, start populating"): null

2020-07-16 22:51:04 - [TEST_STEP][PASSED] - check(findTestObject("Object Repository/IWP30/Page_SelectPaymentMethod/PayByCreditCard")): Object 'Object Repository/IWP30/Page_SelectPaymentMethod/PayByCreditCard' is checked

2020-07-16 22:51:05 - [MESSAGE][PASSED] - Object 'Object Repository/IWP30/Page_SelectPaymentMethod/PayByCreditCard' is checked

2020-07-16 22:51:05 - [TEST_STEP][PASSED] - Thread.sleep(1000): null

2020-07-16 22:51:06 - [TEST_STEP][PASSED] - click(findTestObject("Object Repository/IWP30/Page_SelectPaymentMethod/MakePaymentButton")): Object: 'Object Repository/IWP30/Page_SelectPaymentMethod/MakePaymentButton' is clicked on

2020-07-16 22:51:07 - [MESSAGE][PASSED] - Object: 'Object Repository/IWP30/Page_SelectPaymentMethod/MakePaymentButton' is clicked on

2020-07-16 22:51:07 - [TEST_STEP][PASSED] - verifyTextPresent("Required fields are highlighted with an asterisk", false): Text 'Required fields are highlighted with an asterisk' is present on page 

2020-07-16 22:51:07 - [MESSAGE][PASSED] - Text 'Required fields are highlighted with an asterisk' is present on page 

2020-07-16 22:51:07 - [TEST_STEP][PASSED] - verifyTextPresent("Please enter the following information about your payment", false): Text 'Please enter the following information about your payment' is present on page 

2020-07-16 22:51:08 - [MESSAGE][PASSED] - Text 'Please enter the following information about your payment' is present on page 

2020-07-16 22:51:08 - [TEST_STEP][PASSED] - verifyTextPresent("CAN Label", false): Text 'CAN Label' is present on page 

2020-07-16 22:51:08 - [MESSAGE][PASSED] - Text 'CAN Label' is present on page 

2020-07-16 22:51:08 - [TEST_STEP][PASSED] - verifyTextPresent("Tax Amount", false): Text 'Tax Amount' is present on page 

2020-07-16 22:51:08 - [MESSAGE][PASSED] - Text 'Tax Amount' is present on page 

2020-07-16 22:51:08 - [TEST_STEP][PASSED] - verifyTextPresent("Amount", false): Text 'Amount' is present on page 

2020-07-16 22:51:09 - [MESSAGE][PASSED] - Text 'Amount' is present on page 

2020-07-16 22:51:09 - [TEST_STEP][PASSED] - verifyTextPresent("UDF1 Label", false): Text 'UDF1 Label' is present on page 

2020-07-16 22:51:09 - [MESSAGE][PASSED] - Text 'UDF1 Label' is present on page 

2020-07-16 22:51:09 - [TEST_STEP][PASSED] - verifyTextPresent("UDF2 Label", false): Text 'UDF2 Label' is present on page 

2020-07-16 22:51:10 - [MESSAGE][PASSED] - Text 'UDF2 Label' is present on page 

2020-07-16 22:51:10 - [TEST_STEP][PASSED] - verifyTextPresent("UDF3 Label", false): Text 'UDF3 Label' is present on page 

2020-07-16 22:51:10 - [MESSAGE][PASSED] - Text 'UDF3 Label' is present on page 

2020-07-16 22:51:10 - [TEST_STEP][PASSED] - verifyTextPresent("UDF4 Label", false): Text 'UDF4 Label' is present on page 

2020-07-16 22:51:10 - [MESSAGE][PASSED] - Text 'UDF4 Label' is present on page 

2020-07-16 22:51:10 - [TEST_STEP][PASSED] - verifyTextPresent("UDF6 Label", false): Text 'UDF6 Label' is present on page 

2020-07-16 22:51:11 - [MESSAGE][PASSED] - Text 'UDF6 Label' is present on page 

2020-07-16 22:51:11 - [TEST_STEP][PASSED] - verifyTextPresent("UDF7 Label", false): Text 'UDF7 Label' is present on page 

2020-07-16 22:51:11 - [MESSAGE][PASSED] - Text 'UDF7 Label' is present on page 

2020-07-16 22:51:11 - [TEST_STEP][PASSED] - verifyTextPresent("UDF8 Label", false): Text 'UDF8 Label' is present on page 

2020-07-16 22:51:11 - [MESSAGE][PASSED] - Text 'UDF8 Label' is present on page 

2020-07-16 22:51:11 - [TEST_STEP][PASSED] - verifyTextPresent("UDF9 Label", false): Text 'UDF9 Label' is present on page 

2020-07-16 22:51:12 - [MESSAGE][PASSED] - Text 'UDF9 Label' is present on page 

2020-07-16 22:51:12 - [TEST_STEP][PASSED] - verifyTextPresent("Please enter the following information about your payment method", false): Text 'Please enter the following information about your payment method' is present on page 

2020-07-16 22:51:12 - [MESSAGE][PASSED] - Text 'Please enter the following information about your payment method' is present on page 

2020-07-16 22:51:12 - [TEST_STEP][PASSED] - verifyTextPresent("Cardholder's Name", false): Text 'Cardholder's Name' is present on page 

2020-07-16 22:51:13 - [MESSAGE][PASSED] - Text 'Cardholder's Name' is present on page 

2020-07-16 22:51:13 - [TEST_STEP][PASSED] - verifyTextPresent("Cards Accepted", false): Text 'Cards Accepted' is present on page 

2020-07-16 22:51:13 - [MESSAGE][PASSED] - Text 'Cards Accepted' is present on page 

2020-07-16 22:51:13 - [TEST_STEP][PASSED] - verifyTextPresent("Card Number", false): Text 'Card Number' is present on page 

2020-07-16 22:51:13 - [MESSAGE][PASSED] - Text 'Card Number' is present on page 

2020-07-16 22:51:13 - [TEST_STEP][PASSED] - verifyTextPresent("Signature Panel Code", false): Text 'Signature Panel Code' is present on page 

2020-07-16 22:51:14 - [MESSAGE][PASSED] - Text 'Signature Panel Code' is present on page 

2020-07-16 22:51:14 - [TEST_STEP][PASSED] - verifyTextPresent("Expiration Date", false): Text 'Expiration Date' is present on page 

2020-07-16 22:51:14 - [MESSAGE][PASSED] - Text 'Expiration Date' is present on page 

2020-07-16 22:51:14 - [TEST_STEP][PASSED] - verifyTextPresent("Payment Date", false): Text 'Payment Date' is present on page 

2020-07-16 22:51:14 - [MESSAGE][PASSED] - Text 'Payment Date' is present on page 

2020-07-16 22:51:14 - [TEST_STEP][PASSED] - verifyTextPresent("Billing information", false): Text 'Billing information' is present on page 

2020-07-16 22:51:15 - [MESSAGE][PASSED] - Text 'Billing information' is present on page 

2020-07-16 22:51:15 - [TEST_STEP][PASSED] - verifyTextPresent("Address Line 1", false): Text 'Address Line 1' is present on page 

2020-07-16 22:51:15 - [MESSAGE][PASSED] - Text 'Address Line 1' is present on page 

2020-07-16 22:51:15 - [TEST_STEP][PASSED] - verifyTextPresent("Address Line 2", false): Text 'Address Line 2' is present on page 

2020-07-16 22:51:16 - [MESSAGE][PASSED] - Text 'Address Line 2' is present on page 

2020-07-16 22:51:16 - [TEST_STEP][PASSED] - verifyTextPresent("Country", false): Text 'Country' is present on page 

2020-07-16 22:51:16 - [MESSAGE][PASSED] - Text 'Country' is present on page 

2020-07-16 22:51:16 - [TEST_STEP][PASSED] - verifyTextPresent("ZIP Code", false): Text 'ZIP Code' is present on page 

2020-07-16 22:51:17 - [MESSAGE][PASSED] - Text 'ZIP Code' is present on page 

2020-07-16 22:51:17 - [TEST_STEP][PASSED] - verifyTextPresent("City", false): Text 'City' is present on page 

2020-07-16 22:51:17 - [MESSAGE][PASSED] - Text 'City' is present on page 

2020-07-16 22:51:17 - [TEST_STEP][PASSED] - verifyTextPresent("State", false): Text 'State' is present on page 

2020-07-16 22:51:17 - [MESSAGE][PASSED] - Text 'State' is present on page 

2020-07-16 22:51:17 - [TEST_STEP][PASSED] - verifyTextPresent("Receipt information", false): Text 'Receipt information' is present on page 

2020-07-16 22:51:18 - [MESSAGE][PASSED] - Text 'Receipt information' is present on page 

2020-07-16 22:51:18 - [TEST_STEP][PASSED] - verifyTextPresent("Email Address", false): Text 'Email Address' is present on page 

2020-07-16 22:51:18 - [MESSAGE][PASSED] - Text 'Email Address' is present on page 

2020-07-16 22:51:18 - [TEST_STEP][PASSED] - verifyTextPresent("Please check here to store the payment method for future use", false): Text 'Please check here to store the payment method for future use' is present on page 

2020-07-16 22:51:19 - [MESSAGE][PASSED] - Text 'Please check here to store the payment method for future use' is present on page 

2020-07-16 22:51:19 - [TEST_STEP][PASSED] - verifyTextPresent("These are Customer CC Terms", false): Text 'These are Customer CC Terms' is present on page 

2020-07-16 22:51:19 - [MESSAGE][PASSED] - Text 'These are Customer CC Terms' is present on page 

2020-07-16 22:51:19 - [TEST_STEP][PASSED] - verifyTextPresent("These are CC Custom HTML", false): Text 'These are CC Custom HTML' is present on page 

2020-07-16 22:51:19 - [MESSAGE][PASSED] - Text 'These are CC Custom HTML' is present on page 

2020-07-16 22:51:19 - [TEST_STEP][PASSED] - verifyTextPresent("54654701", false): Text '54654701' is present on page 

2020-07-16 22:51:20 - [MESSAGE][PASSED] - Text '54654701' is present on page 

2020-07-16 22:51:20 - [TEST_STEP][PASSED] - verifyTextPresent("data 4", false): Text 'data 4' is present on page 

2020-07-16 22:51:20 - [MESSAGE][PASSED] - Text 'data 4' is present on page 

2020-07-16 22:51:20 - [TEST_STEP][PASSED] - verifyTextPresent("data 6", false): Text 'data 6' is present on page 

2020-07-16 22:51:21 - [MESSAGE][PASSED] - Text 'data 6' is present on page 

2020-07-16 22:51:21 - [TEST_STEP][PASSED] - verifyTextPresent("data 9", false): Text 'data 9' is present on page 

2020-07-16 22:51:21 - [MESSAGE][PASSED] - Text 'data 9' is present on page 

2020-07-16 22:51:21 - [TEST_STEP][PASSED] - verifyTextNotPresent("UDF5 Label", false): Text 'UDF5 Label' is not present on page

2020-07-16 22:51:21 - [MESSAGE][PASSED] - Text 'UDF5 Label' is not present on page

2020-07-16 22:51:21 - [TEST_STEP][PASSED] - verifyTextNotPresent("UDF10 Label", false): Text 'UDF10 Label' is not present on page

2020-07-16 22:51:22 - [MESSAGE][PASSED] - Text 'UDF10 Label' is not present on page

2020-07-16 22:51:22 - [TEST_STEP][PASSED] - verifyElementPresent(findTestObject("Object Repository/IWP30/Page_CCPaymentEntry/Amount"), 30): Object 'Object Repository/IWP30/Page_CCPaymentEntry/Amount' is present

2020-07-16 22:51:22 - [MESSAGE][PASSED] - Object 'Object Repository/IWP30/Page_CCPaymentEntry/Amount' is present

2020-07-16 22:51:22 - [TEST_STEP][PASSED] - verifyElementPresent(findTestObject("Object Repository/IWP30/Page_CCPaymentEntry/UserDefined2"), 30): Object 'Object Repository/IWP30/Page_CCPaymentEntry/UserDefined2' is present

2020-07-16 22:51:22 - [MESSAGE][PASSED] - Object 'Object Repository/IWP30/Page_CCPaymentEntry/UserDefined2' is present

2020-07-16 22:51:22 - [TEST_STEP][PASSED] - verifyElementPresent(findTestObject("Object Repository/IWP30/Page_CCPaymentEntry/UserDefined3"), 30): Object 'Object Repository/IWP30/Page_CCPaymentEntry/UserDefined3' is present

2020-07-16 22:51:23 - [MESSAGE][PASSED] - Object 'Object Repository/IWP30/Page_CCPaymentEntry/UserDefined3' is present

2020-07-16 22:51:23 - [TEST_STEP][PASSED] - verifyElementPresent(findTestObject("Object Repository/IWP30/Page_CCPaymentEntry/UserDefined7"), 30): Object 'Object Repository/IWP30/Page_CCPaymentEntry/UserDefined7' is present

2020-07-16 22:51:23 - [MESSAGE][PASSED] - Object 'Object Repository/IWP30/Page_CCPaymentEntry/UserDefined7' is present

2020-07-16 22:51:23 - [TEST_STEP][PASSED] - verifyElementPresent(findTestObject("Object Repository/IWP30/Page_CCPaymentEntry/UserDefined8"), 30): Object 'Object Repository/IWP30/Page_CCPaymentEntry/UserDefined8' is present

2020-07-16 22:51:23 - [MESSAGE][PASSED] - Object 'Object Repository/IWP30/Page_CCPaymentEntry/UserDefined8' is present

2020-07-16 22:51:23 - [TEST_STEP][PASSED] - verifyElementPresent(findTestObject("Object Repository/IWP30/Page_CCPaymentEntry/Name"), 30): Object 'Object Repository/IWP30/Page_CCPaymentEntry/Name' is present

2020-07-16 22:51:24 - [MESSAGE][PASSED] - Object 'Object Repository/IWP30/Page_CCPaymentEntry/Name' is present

2020-07-16 22:51:24 - [TEST_STEP][PASSED] - verifyElementPresent(findTestObject("Object Repository/IWP30/Page_CCPaymentEntry/CardNumber"), 30): Object 'Object Repository/IWP30/Page_CCPaymentEntry/CardNumber' is present

2020-07-16 22:51:24 - [MESSAGE][PASSED] - Object 'Object Repository/IWP30/Page_CCPaymentEntry/CardNumber' is present

2020-07-16 22:51:24 - [TEST_STEP][PASSED] - verifyElementPresent(findTestObject("Object Repository/IWP30/Page_CCPaymentEntry/SPC"), 30): Object 'Object Repository/IWP30/Page_CCPaymentEntry/SPC' is present

2020-07-16 22:51:24 - [MESSAGE][PASSED] - Object 'Object Repository/IWP30/Page_CCPaymentEntry/SPC' is present

2020-07-16 22:51:24 - [TEST_STEP][PASSED] - verifyElementPresent(findTestObject("Object Repository/IWP30/Page_CCPaymentEntry/Month"), 30): Object 'Object Repository/IWP30/Page_CCPaymentEntry/Month' is present

2020-07-16 22:51:25 - [MESSAGE][PASSED] - Object 'Object Repository/IWP30/Page_CCPaymentEntry/Month' is present

2020-07-16 22:51:25 - [TEST_STEP][PASSED] - verifyElementPresent(findTestObject("Object Repository/IWP30/Page_CCPaymentEntry/Year"), 30): Object 'Object Repository/IWP30/Page_CCPaymentEntry/Year' is present

2020-07-16 22:51:25 - [MESSAGE][PASSED] - Object 'Object Repository/IWP30/Page_CCPaymentEntry/Year' is present

2020-07-16 22:51:25 - [TEST_STEP][PASSED] - verifyElementPresent(findTestObject("Object Repository/IWP30/Page_CCPaymentEntry/ProcessDate"), 30): Object 'Object Repository/IWP30/Page_CCPaymentEntry/ProcessDate' is present

2020-07-16 22:51:25 - [MESSAGE][PASSED] - Object 'Object Repository/IWP30/Page_CCPaymentEntry/ProcessDate' is present

2020-07-16 22:51:25 - [TEST_STEP][PASSED] - verifyElementPresent(findTestObject("Object Repository/IWP30/Page_CCPaymentEntry/AL1"), 30): Object 'Object Repository/IWP30/Page_CCPaymentEntry/AL1' is present

2020-07-16 22:51:26 - [MESSAGE][PASSED] - Object 'Object Repository/IWP30/Page_CCPaymentEntry/AL1' is present

2020-07-16 22:51:26 - [TEST_STEP][PASSED] - verifyElementPresent(findTestObject("Object Repository/IWP30/Page_CCPaymentEntry/AL2"), 30): Object 'Object Repository/IWP30/Page_CCPaymentEntry/AL2' is present

2020-07-16 22:51:26 - [MESSAGE][PASSED] - Object 'Object Repository/IWP30/Page_CCPaymentEntry/AL2' is present

2020-07-16 22:51:26 - [TEST_STEP][PASSED] - verifyElementPresent(findTestObject("Object Repository/IWP30/Page_CCPaymentEntry/CountryDropDown"), 30): Object 'Object Repository/IWP30/Page_CCPaymentEntry/CountryDropDown' is present

2020-07-16 22:51:26 - [MESSAGE][PASSED] - Object 'Object Repository/IWP30/Page_CCPaymentEntry/CountryDropDown' is present

2020-07-16 22:51:26 - [TEST_STEP][PASSED] - verifyElementPresent(findTestObject("Object Repository/IWP30/Page_CCPaymentEntry/ZIP"), 30): Object 'Object Repository/IWP30/Page_CCPaymentEntry/ZIP' is present

2020-07-16 22:51:26 - [MESSAGE][PASSED] - Object 'Object Repository/IWP30/Page_CCPaymentEntry/ZIP' is present

2020-07-16 22:51:26 - [TEST_STEP][PASSED] - verifyElementPresent(findTestObject("Object Repository/IWP30/Page_CCPaymentEntry/City"), 30): Object 'Object Repository/IWP30/Page_CCPaymentEntry/City' is present

2020-07-16 22:51:27 - [MESSAGE][PASSED] - Object 'Object Repository/IWP30/Page_CCPaymentEntry/City' is present

2020-07-16 22:51:27 - [TEST_STEP][PASSED] - verifyElementPresent(findTestObject("Object Repository/IWP30/Page_CCPaymentEntry/State"), 30): Object 'Object Repository/IWP30/Page_CCPaymentEntry/State' is present

2020-07-16 22:51:27 - [MESSAGE][PASSED] - Object 'Object Repository/IWP30/Page_CCPaymentEntry/State' is present

2020-07-16 22:51:27 - [TEST_STEP][PASSED] - verifyElementPresent(findTestObject("Object Repository/IWP30/Page_CCPaymentEntry/EmailAddress"), 30): Object 'Object Repository/IWP30/Page_CCPaymentEntry/EmailAddress' is present

2020-07-16 22:51:27 - [MESSAGE][PASSED] - Object 'Object Repository/IWP30/Page_CCPaymentEntry/EmailAddress' is present

2020-07-16 22:51:27 - [TEST_STEP][PASSED] - verifyElementPresent(findTestObject("Object Repository/IWP30/Page_CCPaymentEntry/StorePaymentMethodCheckBox"), 30): Object 'Object Repository/IWP30/Page_CCPaymentEntry/StorePaymentMethodCheckBox' is present

2020-07-16 22:51:28 - [MESSAGE][PASSED] - Object 'Object Repository/IWP30/Page_CCPaymentEntry/StorePaymentMethodCheckBox' is present

2020-07-16 22:51:28 - [TEST_STEP][PASSED] - verifyElementPresent(findTestObject("Object Repository/IWP30/Page_CCPaymentEntry/TermCondCheckBox"), 30): Object 'Object Repository/IWP30/Page_CCPaymentEntry/TermCondCheckBox' is present

2020-07-16 22:51:28 - [MESSAGE][PASSED] - Object 'Object Repository/IWP30/Page_CCPaymentEntry/TermCondCheckBox' is present

2020-07-16 22:51:28 - [TEST_STEP][PASSED] - verifyElementPresent(findTestObject("Object Repository/IWP30/Page_CCPaymentEntry/ContinueButton"), 30): Object 'Object Repository/IWP30/Page_CCPaymentEntry/ContinueButton' is present

2020-07-16 22:51:28 - [MESSAGE][PASSED] - Object 'Object Repository/IWP30/Page_CCPaymentEntry/ContinueButton' is present

2020-07-16 22:51:28 - [TEST_STEP][PASSED] - verifyElementPresent(findTestObject("Object Repository/IWP30/Page_CCPaymentEntry/ChangePaymentMethodButton"), 30): Object 'Object Repository/IWP30/Page_CCPaymentEntry/ChangePaymentMethodButton' is present

2020-07-16 22:51:29 - [MESSAGE][PASSED] - Object 'Object Repository/IWP30/Page_CCPaymentEntry/ChangePaymentMethodButton' is present

2020-07-16 22:51:29 - [TEST_STEP][PASSED] - verifyElementPresent(findTestObject("Object Repository/IWP30/Page_CCPaymentEntry/ExitButton"), 30): Object 'Object Repository/IWP30/Page_CCPaymentEntry/ExitButton' is present

2020-07-16 22:51:29 - [MESSAGE][PASSED] - Object 'Object Repository/IWP30/Page_CCPaymentEntry/ExitButton' is present

2020-07-16 22:51:29 - [TEST_STEP][PASSED] - iwpPages.ccPaymentEntryPage.setDataCCPM(row, dataFile): iwpPages.ccPaymentEntryPage.setDataCCPM is PASSED

2020-07-16 22:51:30 - [MESSAGE][PASSED] - Object 'Object Repository/IWP30/Page_CCPaymentEntry/Name' is present

2020-07-16 22:51:30 - [MESSAGE][PASSED] - Object 'Object Repository/IWP30/Page_CCPaymentEntry/Amount' is present

2020-07-16 22:51:31 - [MESSAGE][PASSED] - Text '27.50' is set on object 'Object Repository/IWP30/Page_CCPaymentEntry/Amount'

2020-07-16 22:51:31 - [MESSAGE][PASSED] - Object 'Object Repository/IWP30/Page_CCPaymentEntry/UserDefined2' is present

2020-07-16 22:51:32 - [MESSAGE][PASSED] - Text 'Agneepath' is set on object 'Object Repository/IWP30/Page_CCPaymentEntry/UserDefined2'

2020-07-16 22:51:32 - [MESSAGE][PASSED] - Object 'Object Repository/IWP30/Page_CCPaymentEntry/UserDefined3' is present

2020-07-16 22:51:33 - [MESSAGE][PASSED] - Text 'Kaho Na' is set on object 'Object Repository/IWP30/Page_CCPaymentEntry/UserDefined3'

2020-07-16 22:51:33 - [MESSAGE][PASSED] - Object 'Object Repository/IWP30/Page_CCPaymentEntry/UserDefined7' is present

2020-07-16 22:51:34 - [MESSAGE][PASSED] - All options with label 'Purple' are selected in object 'Object Repository/IWP30/Page_CCPaymentEntry/UserDefined7' 

2020-07-16 22:51:34 - [MESSAGE][PASSED] - Object 'Object Repository/IWP30/Page_CCPaymentEntry/UserDefined8' is present

2020-07-16 22:51:35 - [MESSAGE][PASSED] - All options with label 'Soccer' are selected in object 'Object Repository/IWP30/Page_CCPaymentEntry/UserDefined8' 

2020-07-16 22:51:35 - [MESSAGE][PASSED] - Object 'Object Repository/IWP30/Page_CCPaymentEntry/Name' is present

2020-07-16 22:51:36 - [MESSAGE][PASSED] - Text 'Hritik Roshan' is set on object 'Object Repository/IWP30/Page_CCPaymentEntry/Name'

2020-07-16 22:51:36 - [MESSAGE][PASSED] - Object 'Object Repository/IWP30/Page_CCPaymentEntry/CardNumber' is present

2020-07-16 22:51:37 - [MESSAGE][PASSED] - Text '5424000000000015' is set on object 'Object Repository/IWP30/Page_CCPaymentEntry/CardNumber'

2020-07-16 22:51:37 - [MESSAGE][PASSED] - Object 'Object Repository/IWP30/Page_CCPaymentEntry/SPC' is present

2020-07-16 22:51:38 - [MESSAGE][PASSED] - Text '159' is set on object 'Object Repository/IWP30/Page_CCPaymentEntry/SPC'

2020-07-16 22:51:38 - [MESSAGE][PASSED] - Object 'Object Repository/IWP30/Page_CCPaymentEntry/Month' is present

2020-07-16 22:51:39 - [MESSAGE][PASSED] - All options with label '06' are selected in object 'Object Repository/IWP30/Page_CCPaymentEntry/Month' 

2020-07-16 22:51:39 - [MESSAGE][PASSED] - Object 'Object Repository/IWP30/Page_CCPaymentEntry/Year' is present

2020-07-16 22:51:40 - [MESSAGE][PASSED] - All options with label '2026' are selected in object 'Object Repository/IWP30/Page_CCPaymentEntry/Year' 

2020-07-16 22:51:40 - [MESSAGE][PASSED] - Object 'Object Repository/IWP30/Page_CCPaymentEntry/ProcessDate' is present

2020-07-16 22:51:40 - [MESSAGE][PASSED] - Object 'Object Repository/IWP30/Page_CCPaymentEntry/AL1' is present

2020-07-16 22:51:41 - [MESSAGE][PASSED] - Text '1638 Juhu road' is set on object 'Object Repository/IWP30/Page_CCPaymentEntry/AL1'

2020-07-16 22:51:41 - [MESSAGE][PASSED] - Object 'Object Repository/IWP30/Page_CCPaymentEntry/AL2' is present

2020-07-16 22:51:42 - [MESSAGE][PASSED] - Text 'Build 99' is set on object 'Object Repository/IWP30/Page_CCPaymentEntry/AL2'

2020-07-16 22:51:42 - [MESSAGE][PASSED] - Object 'Object Repository/IWP30/Page_CCPaymentEntry/ZIP' is present

2020-07-16 22:51:43 - [MESSAGE][PASSED] - Text '21054' is set on object 'Object Repository/IWP30/Page_CCPaymentEntry/ZIP'

2020-07-16 22:51:43 - [MESSAGE][PASSED] - Object 'Object Repository/IWP30/Page_CCPaymentEntry/EmailAddress' is present

2020-07-16 22:51:44 - [MESSAGE][PASSED] - Text 'youremail@gmail.com' is set on object 'Object Repository/IWP30/Page_CCPaymentEntry/EmailAddress'

2020-07-16 22:51:45 - [MESSAGE][PASSED] - Object 'Object Repository/IWP30/Page_CCPaymentEntry/TermCondCheckBox' is present

2020-07-16 22:51:45 - [MESSAGE][PASSED] - Object 'Object Repository/IWP30/Page_CCPaymentEntry/TermCondCheckBox' is checked

2020-07-16 22:51:45 - [MESSAGE][PASSED] - Object 'Object Repository/IWP30/Page_CCPaymentEntry/ContinueButton' is present

2020-07-16 22:51:46 - [MESSAGE][PASSED] - Object: 'Object Repository/IWP30/Page_CCPaymentEntry/ContinueButton' is clicked on

2020-07-16 22:51:46 - [MESSAGE][PASSED] - iwpPages.ccPaymentEntryPage.setDataCCPM is PASSED

2020-07-16 22:51:46 - [TEST_STEP][PASSED] - Amount = findTestData("VerifyUINoCFCCTestData").getValue("CCAmount", row): null

2020-07-16 22:51:46 - [TEST_STEP][PASSED] - UDF2 = findTestData("VerifyUINoCFCCTestData").getValue("CCUDF2", row): null

2020-07-16 22:51:46 - [TEST_STEP][PASSED] - UDF3 = findTestData("VerifyUINoCFCCTestData").getValue("CCUDF3", row): null

2020-07-16 22:51:46 - [TEST_STEP][PASSED] - UDF7 = findTestData("VerifyUINoCFCCTestData").getValue("CCUDF7", row): null

2020-07-16 22:51:46 - [TEST_STEP][PASSED] - UDF8 = findTestData("VerifyUINoCFCCTestData").getValue("CCUDF8", row): null

2020-07-16 22:51:46 - [TEST_STEP][PASSED] - CName = findTestData("VerifyUINoCFCCTestData").getValue("CCName", row): null

2020-07-16 22:51:46 - [TEST_STEP][PASSED] - CardType = findTestData("VerifyUINoCFCCTestData").getValue("VerCardType", row): null

2020-07-16 22:51:47 - [TEST_STEP][PASSED] - Last4 = findTestData("VerifyUINoCFCCTestData").getValue("VerLast4", row): null

2020-07-16 22:51:47 - [TEST_STEP][PASSED] - CExp = findTestData("VerifyUINoCFCCTestData").getValue("VerExp", row): null

2020-07-16 22:51:47 - [TEST_STEP][PASSED] - AL1 = findTestData("VerifyUINoCFCCTestData").getValue("CCAL1", row): null

2020-07-16 22:51:47 - [TEST_STEP][PASSED] - AL2 = findTestData("VerifyUINoCFCCTestData").getValue("CCAL2", row): null

2020-07-16 22:51:47 - [TEST_STEP][PASSED] - City = findTestData("VerifyUINoCFCCTestData").getValue("VerCity", row): null

2020-07-16 22:51:47 - [TEST_STEP][PASSED] - State = findTestData("VerifyUINoCFCCTestData").getValue("VerState", row): null

2020-07-16 22:51:47 - [TEST_STEP][PASSED] - CZIP = findTestData("VerifyUINoCFCCTestData").getValue("CCZIP", row): null

2020-07-16 22:51:47 - [TEST_STEP][PASSED] - Email = findTestData("VerifyUINoCFCCTestData").getValue("CCEmail", row): null

2020-07-16 22:51:47 - [TEST_STEP][PASSED] - State2 = findTestData("VerifyUINoCFCCTestData").getValue("VerState2", row): null

2020-07-16 22:51:47 - [TEST_STEP][PASSED] - CName2 = findTestData("VerifyUINoCFCCTestData").getValue("VerCCName", row): null

2020-07-16 22:51:47 - [TEST_STEP][PASSED] - verifyTextPresent("Please verify the following information", false): Text 'Please verify the following information' is present on page 

2020-07-16 22:51:47 - [MESSAGE][PASSED] - Text 'Please verify the following information' is present on page 

2020-07-16 22:51:47 - [TEST_STEP][PASSED] - verifyTextPresent("CAN Label", false): Text 'CAN Label' is present on page 

2020-07-16 22:51:48 - [MESSAGE][PASSED] - Text 'CAN Label' is present on page 

2020-07-16 22:51:48 - [TEST_STEP][PASSED] - verifyTextPresent("54654701", false): Text '54654701' is present on page 

2020-07-16 22:51:48 - [MESSAGE][PASSED] - Text '54654701' is present on page 

2020-07-16 22:51:48 - [TEST_STEP][PASSED] - verifyTextPresent("Tax Amount", false): Text 'Tax Amount' is present on page 

2020-07-16 22:51:48 - [MESSAGE][PASSED] - Text 'Tax Amount' is present on page 

2020-07-16 22:51:48 - [TEST_STEP][PASSED] - verifyTextPresent("$0.00", false): Text '$0.00' is present on page 

2020-07-16 22:51:49 - [MESSAGE][PASSED] - Text '$0.00' is present on page 

2020-07-16 22:51:49 - [TEST_STEP][PASSED] - verifyTextPresent("Amount", false): Text 'Amount' is present on page 

2020-07-16 22:51:49 - [MESSAGE][PASSED] - Text 'Amount' is present on page 

2020-07-16 22:51:49 - [TEST_STEP][PASSED] - verifyTextPresent(Amount, false): Text '27.50' is present on page 

2020-07-16 22:51:49 - [MESSAGE][PASSED] - Text '27.50' is present on page 

2020-07-16 22:51:49 - [TEST_STEP][PASSED] - verifyTextPresent("UDF2 Label", false): Text 'UDF2 Label' is present on page 

2020-07-16 22:51:50 - [MESSAGE][PASSED] - Text 'UDF2 Label' is present on page 

2020-07-16 22:51:50 - [TEST_STEP][PASSED] - verifyTextPresent(UDF2, false): Text 'Agneepath' is present on page 

2020-07-16 22:51:50 - [MESSAGE][PASSED] - Text 'Agneepath' is present on page 

2020-07-16 22:51:50 - [TEST_STEP][PASSED] - verifyTextPresent("UDF3 Label", false): Text 'UDF3 Label' is present on page 

2020-07-16 22:51:50 - [MESSAGE][PASSED] - Text 'UDF3 Label' is present on page 

2020-07-16 22:51:50 - [TEST_STEP][PASSED] - verifyTextPresent(UDF3, false): Text 'Kaho Na' is present on page 

2020-07-16 22:51:51 - [MESSAGE][PASSED] - Text 'Kaho Na' is present on page 

2020-07-16 22:51:51 - [TEST_STEP][PASSED] - verifyTextPresent("UDF4 Label", false): Text 'UDF4 Label' is present on page 

2020-07-16 22:51:51 - [MESSAGE][PASSED] - Text 'UDF4 Label' is present on page 

2020-07-16 22:51:51 - [TEST_STEP][PASSED] - verifyTextPresent("data 4", false): Text 'data 4' is present on page 

2020-07-16 22:51:51 - [MESSAGE][PASSED] - Text 'data 4' is present on page 

2020-07-16 22:51:51 - [TEST_STEP][PASSED] - verifyTextPresent("UDF6 Label", false): Text 'UDF6 Label' is present on page 

2020-07-16 22:51:52 - [MESSAGE][PASSED] - Text 'UDF6 Label' is present on page 

2020-07-16 22:51:52 - [TEST_STEP][PASSED] - verifyTextPresent("data 6", false): Text 'data 6' is present on page 

2020-07-16 22:51:52 - [MESSAGE][PASSED] - Text 'data 6' is present on page 

2020-07-16 22:51:52 - [TEST_STEP][PASSED] - verifyTextPresent("UDF7 Label", false): Text 'UDF7 Label' is present on page 

2020-07-16 22:51:52 - [MESSAGE][PASSED] - Text 'UDF7 Label' is present on page 

2020-07-16 22:51:52 - [TEST_STEP][PASSED] - verifyTextPresent(UDF7, false): Text 'Purple' is present on page 

2020-07-16 22:51:53 - [MESSAGE][PASSED] - Text 'Purple' is present on page 

2020-07-16 22:51:53 - [TEST_STEP][PASSED] - verifyTextPresent("UDF8 Label", false): Text 'UDF8 Label' is present on page 

2020-07-16 22:51:53 - [MESSAGE][PASSED] - Text 'UDF8 Label' is present on page 

2020-07-16 22:51:53 - [TEST_STEP][PASSED] - verifyTextPresent(UDF8, false): Text 'Soccer' is present on page 

2020-07-16 22:51:53 - [MESSAGE][PASSED] - Text 'Soccer' is present on page 

2020-07-16 22:51:53 - [TEST_STEP][PASSED] - verifyTextPresent("UDF9 Label", false): Text 'UDF9 Label' is present on page 

2020-07-16 22:51:54 - [MESSAGE][PASSED] - Text 'UDF9 Label' is present on page 

2020-07-16 22:51:54 - [TEST_STEP][PASSED] - verifyTextPresent("data 9", false): Text 'data 9' is present on page 

2020-07-16 22:51:54 - [MESSAGE][PASSED] - Text 'data 9' is present on page 

2020-07-16 22:51:54 - [TEST_STEP][PASSED] - verifyTextPresent("Card information", false): Text 'Card information' is present on page 

2020-07-16 22:51:54 - [MESSAGE][PASSED] - Text 'Card information' is present on page 

2020-07-16 22:51:54 - [TEST_STEP][PASSED] - verifyTextPresent("Cardholder's Name", false): Text 'Cardholder's Name' is present on page 

2020-07-16 22:51:55 - [MESSAGE][PASSED] - Text 'Cardholder's Name' is present on page 

2020-07-16 22:51:55 - [TEST_STEP][PASSED] - verifyTextPresent(CName, false): Text 'Hritik Roshan' is present on page 

2020-07-16 22:51:55 - [MESSAGE][PASSED] - Text 'Hritik Roshan' is present on page 

2020-07-16 22:51:55 - [TEST_STEP][PASSED] - verifyTextPresent("Card Type", false): Text 'Card Type' is present on page 

2020-07-16 22:51:55 - [MESSAGE][PASSED] - Text 'Card Type' is present on page 

2020-07-16 22:51:55 - [TEST_STEP][PASSED] - verifyTextPresent(CardType, false): Text 'MasterCard' is present on page 

2020-07-16 22:51:56 - [MESSAGE][PASSED] - Text 'MasterCard' is present on page 

2020-07-16 22:51:56 - [TEST_STEP][PASSED] - verifyTextPresent("Card Number", false): Text 'Card Number' is present on page 

2020-07-16 22:51:56 - [MESSAGE][PASSED] - Text 'Card Number' is present on page 

2020-07-16 22:51:56 - [TEST_STEP][PASSED] - verifyTextPresent(Last4, false): Text '0015' is present on page 

2020-07-16 22:51:56 - [MESSAGE][PASSED] - Text '0015' is present on page 

2020-07-16 22:51:56 - [TEST_STEP][PASSED] - verifyTextPresent("Signature Panel Code", false): Text 'Signature Panel Code' is present on page 

2020-07-16 22:51:57 - [MESSAGE][PASSED] - Text 'Signature Panel Code' is present on page 

2020-07-16 22:51:57 - [TEST_STEP][PASSED] - verifyTextPresent("Expiration Date", false): Text 'Expiration Date' is present on page 

2020-07-16 22:51:57 - [MESSAGE][PASSED] - Text 'Expiration Date' is present on page 

2020-07-16 22:51:57 - [TEST_STEP][PASSED] - verifyTextPresent(CExp, false): Text '6/2026' is present on page 

2020-07-16 22:51:57 - [MESSAGE][PASSED] - Text '6/2026' is present on page 

2020-07-16 22:51:57 - [TEST_STEP][PASSED] - verifyTextPresent("Payment Date", false): Text 'Payment Date' is present on page 

2020-07-16 22:51:58 - [MESSAGE][PASSED] - Text 'Payment Date' is present on page 

2020-07-16 22:51:58 - [TEST_STEP][PASSED] - verifyTextPresent("Billing information", false): Text 'Billing information' is present on page 

2020-07-16 22:51:58 - [MESSAGE][PASSED] - Text 'Billing information' is present on page 

2020-07-16 22:51:58 - [TEST_STEP][PASSED] - verifyTextPresent("Address Line 1", false): Text 'Address Line 1' is present on page 

2020-07-16 22:51:58 - [MESSAGE][PASSED] - Text 'Address Line 1' is present on page 

2020-07-16 22:51:58 - [TEST_STEP][PASSED] - verifyTextPresent(AL1, false): Text '1638 Juhu road' is present on page 

2020-07-16 22:51:59 - [MESSAGE][PASSED] - Text '1638 Juhu road' is present on page 

2020-07-16 22:51:59 - [TEST_STEP][PASSED] - verifyTextPresent("Address Line 2", false): Text 'Address Line 2' is present on page 

2020-07-16 22:51:59 - [MESSAGE][PASSED] - Text 'Address Line 2' is present on page 

2020-07-16 22:51:59 - [TEST_STEP][PASSED] - verifyTextPresent(AL2, false): Text 'Build 99' is present on page 

2020-07-16 22:51:59 - [MESSAGE][PASSED] - Text 'Build 99' is present on page 

2020-07-16 22:51:59 - [TEST_STEP][PASSED] - verifyTextPresent("Country", false): Text 'Country' is present on page 

2020-07-16 22:52:00 - [MESSAGE][PASSED] - Text 'Country' is present on page 

2020-07-16 22:52:00 - [TEST_STEP][PASSED] - verifyTextPresent("United States", false): Text 'United States' is present on page 

2020-07-16 22:52:00 - [MESSAGE][PASSED] - Text 'United States' is present on page 

2020-07-16 22:52:00 - [TEST_STEP][PASSED] - verifyTextPresent("City", false): Text 'City' is present on page 

2020-07-16 22:52:00 - [MESSAGE][PASSED] - Text 'City' is present on page 

2020-07-16 22:52:00 - [TEST_STEP][PASSED] - verifyTextPresent(City, false): Text 'GAMBRILLS' is present on page 

2020-07-16 22:52:01 - [MESSAGE][PASSED] - Text 'GAMBRILLS' is present on page 

2020-07-16 22:52:01 - [TEST_STEP][PASSED] - verifyTextPresent("State", false): Text 'State' is present on page 

2020-07-16 22:52:01 - [MESSAGE][PASSED] - Text 'State' is present on page 

2020-07-16 22:52:01 - [TEST_STEP][PASSED] - verifyTextPresent(State, false): Text 'Maryland' is present on page 

2020-07-16 22:52:01 - [MESSAGE][PASSED] - Text 'Maryland' is present on page 

2020-07-16 22:52:01 - [TEST_STEP][PASSED] - verifyTextPresent("ZIP Code", false): Text 'ZIP Code' is present on page 

2020-07-16 22:52:02 - [MESSAGE][PASSED] - Text 'ZIP Code' is present on page 

2020-07-16 22:52:02 - [TEST_STEP][PASSED] - verifyTextPresent(CZIP, false): Text '21054' is present on page 

2020-07-16 22:52:02 - [MESSAGE][PASSED] - Text '21054' is present on page 

2020-07-16 22:52:02 - [TEST_STEP][PASSED] - verifyTextPresent("Email Address", false): Text 'Email Address' is present on page 

2020-07-16 22:52:02 - [MESSAGE][PASSED] - Text 'Email Address' is present on page 

2020-07-16 22:52:02 - [TEST_STEP][PASSED] - verifyTextPresent(Email, false): Text 'youremail@gmail.com' is present on page 

2020-07-16 22:52:03 - [MESSAGE][PASSED] - Text 'youremail@gmail.com' is present on page 

2020-07-16 22:52:03 - [TEST_STEP][PASSED] - verifyTextPresent("Is this information correct", false): Text 'Is this information correct' is present on page 

2020-07-16 22:52:03 - [MESSAGE][PASSED] - Text 'Is this information correct' is present on page 

2020-07-16 22:52:03 - [TEST_STEP][PASSED] - verifyTextPresent("These are CC Custom HTML", false): Text 'These are CC Custom HTML' is present on page 

2020-07-16 22:52:03 - [MESSAGE][PASSED] - Text 'These are CC Custom HTML' is present on page 

2020-07-16 22:52:03 - [TEST_STEP][PASSED] - verifyElementPresent(findTestObject("Object Repository/IWP30/Page_Confirmation/ChangePaymentMethodButton"), 30): Object 'Object Repository/IWP30/Page_Confirmation/ChangePaymentMethodButton' is present

2020-07-16 22:52:04 - [MESSAGE][PASSED] - Object 'Object Repository/IWP30/Page_Confirmation/ChangePaymentMethodButton' is present

2020-07-16 22:52:04 - [TEST_STEP][PASSED] - verifyElementPresent(findTestObject("Object Repository/IWP30/Page_Confirmation/ConfirmButton"), 30): Object 'Object Repository/IWP30/Page_Confirmation/ConfirmButton' is present

2020-07-16 22:52:04 - [MESSAGE][PASSED] - Object 'Object Repository/IWP30/Page_Confirmation/ConfirmButton' is present

2020-07-16 22:52:04 - [TEST_STEP][PASSED] - verifyElementPresent(findTestObject("Object Repository/IWP30/Page_Confirmation/ExitButton"), 30): Object 'Object Repository/IWP30/Page_Confirmation/ExitButton' is present

2020-07-16 22:52:04 - [MESSAGE][PASSED] - Object 'Object Repository/IWP30/Page_Confirmation/ExitButton' is present

2020-07-16 22:52:04 - [TEST_STEP][PASSED] - verifyElementPresent(findTestObject("Object Repository/IWP30/Page_Confirmation/ModifyButton"), 30): Object 'Object Repository/IWP30/Page_Confirmation/ModifyButton' is present

2020-07-16 22:52:05 - [MESSAGE][PASSED] - Object 'Object Repository/IWP30/Page_Confirmation/ModifyButton' is present

2020-07-16 22:52:05 - [TEST_STEP][PASSED] - click(findTestObject("Object Repository/IWP30/Page_Confirmation/ConfirmButton")): Object: 'Object Repository/IWP30/Page_Confirmation/ConfirmButton' is clicked on

2020-07-16 22:52:06 - [MESSAGE][PASSED] - Object: 'Object Repository/IWP30/Page_Confirmation/ConfirmButton' is clicked on

2020-07-16 22:52:06 - [TEST_STEP][PASSED] - Thread.sleep(10000): null

2020-07-16 22:52:16 - [TEST_STEP][PASSED] - verifyTextPresent("Successful Payment Receipt", false): Text 'Successful Payment Receipt' is present on page 

2020-07-16 22:52:16 - [MESSAGE][PASSED] - Text 'Successful Payment Receipt' is present on page 

2020-07-16 22:52:16 - [TEST_STEP][PASSED] - verifyTextPresent("Please print this receipt for your records", false): Text 'Please print this receipt for your records' is present on page 

2020-07-16 22:52:17 - [MESSAGE][PASSED] - Text 'Please print this receipt for your records' is present on page 

2020-07-16 22:52:17 - [TEST_STEP][PASSED] - verifyTextPresent("Remittance ID", false): Text 'Remittance ID' is present on page 

2020-07-16 22:52:17 - [MESSAGE][PASSED] - Text 'Remittance ID' is present on page 

2020-07-16 22:52:17 - [TEST_STEP][PASSED] - verifyTextPresent("CAN Label", false): Text 'CAN Label' is present on page 

2020-07-16 22:52:17 - [MESSAGE][PASSED] - Text 'CAN Label' is present on page 

2020-07-16 22:52:17 - [TEST_STEP][PASSED] - verifyTextPresent("54654701", false): Text '54654701' is present on page 

2020-07-16 22:52:18 - [MESSAGE][PASSED] - Text '54654701' is present on page 

2020-07-16 22:52:18 - [TEST_STEP][PASSED] - verifyTextPresent("Received", false): Text 'Received' is present on page 

2020-07-16 22:52:18 - [MESSAGE][PASSED] - Text 'Received' is present on page 

2020-07-16 22:52:18 - [TEST_STEP][PASSED] - verifyTextPresent("UDF1 Label", false): Text 'UDF1 Label' is present on page 

2020-07-16 22:52:18 - [MESSAGE][PASSED] - Text 'UDF1 Label' is present on page 

2020-07-16 22:52:18 - [TEST_STEP][PASSED] - verifyTextPresent("UDF2 Label", false): Text 'UDF2 Label' is present on page 

2020-07-16 22:52:19 - [MESSAGE][PASSED] - Text 'UDF2 Label' is present on page 

2020-07-16 22:52:19 - [TEST_STEP][PASSED] - verifyTextPresent(UDF2, false): Text 'Agneepath' is present on page 

2020-07-16 22:52:19 - [MESSAGE][PASSED] - Text 'Agneepath' is present on page 

2020-07-16 22:52:19 - [TEST_STEP][PASSED] - verifyTextPresent("UDF3 Label", false): Text 'UDF3 Label' is present on page 

2020-07-16 22:52:19 - [MESSAGE][PASSED] - Text 'UDF3 Label' is present on page 

2020-07-16 22:52:19 - [TEST_STEP][PASSED] - verifyTextPresent(UDF3, false): Text 'Kaho Na' is present on page 

2020-07-16 22:52:20 - [MESSAGE][PASSED] - Text 'Kaho Na' is present on page 

2020-07-16 22:52:20 - [TEST_STEP][PASSED] - verifyTextPresent("UDF4 Label", false): Text 'UDF4 Label' is present on page 

2020-07-16 22:52:20 - [MESSAGE][PASSED] - Text 'UDF4 Label' is present on page 

2020-07-16 22:52:20 - [TEST_STEP][PASSED] - verifyTextPresent("data 4", false): Text 'data 4' is present on page 

2020-07-16 22:52:20 - [MESSAGE][PASSED] - Text 'data 4' is present on page 

2020-07-16 22:52:20 - [TEST_STEP][PASSED] - verifyTextPresent("UDF6 Label", false): Text 'UDF6 Label' is present on page 

2020-07-16 22:52:21 - [MESSAGE][PASSED] - Text 'UDF6 Label' is present on page 

2020-07-16 22:52:21 - [TEST_STEP][PASSED] - verifyTextPresent("data 6", false): Text 'data 6' is present on page 

2020-07-16 22:52:21 - [MESSAGE][PASSED] - Text 'data 6' is present on page 

2020-07-16 22:52:21 - [TEST_STEP][PASSED] - verifyTextPresent("UDF7 Label", false): Text 'UDF7 Label' is present on page 

2020-07-16 22:52:21 - [MESSAGE][PASSED] - Text 'UDF7 Label' is present on page 

2020-07-16 22:52:21 - [TEST_STEP][PASSED] - verifyTextPresent(UDF7, false): Text 'Purple' is present on page 

2020-07-16 22:52:21 - [MESSAGE][PASSED] - Text 'Purple' is present on page 

2020-07-16 22:52:21 - [TEST_STEP][PASSED] - verifyTextPresent("UDF8 Label", false): Text 'UDF8 Label' is present on page 

2020-07-16 22:52:22 - [MESSAGE][PASSED] - Text 'UDF8 Label' is present on page 

2020-07-16 22:52:22 - [TEST_STEP][PASSED] - verifyTextPresent(UDF8, false): Text 'Soccer' is present on page 

2020-07-16 22:52:22 - [MESSAGE][PASSED] - Text 'Soccer' is present on page 

2020-07-16 22:52:22 - [TEST_STEP][PASSED] - verifyTextPresent("UDF9 Label", false): Text 'UDF9 Label' is present on page 

2020-07-16 22:52:22 - [MESSAGE][PASSED] - Text 'UDF9 Label' is present on page 

2020-07-16 22:52:22 - [TEST_STEP][PASSED] - verifyTextPresent("data 9", false): Text 'data 9' is present on page 

2020-07-16 22:52:23 - [MESSAGE][PASSED] - Text 'data 9' is present on page 

2020-07-16 22:52:23 - [TEST_STEP][PASSED] - verifyTextPresent("Tax Amount", false): Text 'Tax Amount' is present on page 

2020-07-16 22:52:23 - [MESSAGE][PASSED] - Text 'Tax Amount' is present on page 

2020-07-16 22:52:23 - [TEST_STEP][PASSED] - verifyTextPresent("$0.00", false): Text '$0.00' is present on page 

2020-07-16 22:52:23 - [MESSAGE][PASSED] - Text '$0.00' is present on page 

2020-07-16 22:52:23 - [TEST_STEP][PASSED] - verifyTextPresent("Amount", false): Text 'Amount' is present on page 

2020-07-16 22:52:24 - [MESSAGE][PASSED] - Text 'Amount' is present on page 

2020-07-16 22:52:24 - [TEST_STEP][PASSED] - verifyTextPresent(Amount, false): Text '27.50' is present on page 

2020-07-16 22:52:24 - [MESSAGE][PASSED] - Text '27.50' is present on page 

2020-07-16 22:52:24 - [TEST_STEP][PASSED] - verifyTextPresent("Transaction Type", false): Text 'Transaction Type' is present on page 

2020-07-16 22:52:24 - [MESSAGE][PASSED] - Text 'Transaction Type' is present on page 

2020-07-16 22:52:24 - [TEST_STEP][PASSED] - verifyTextPresent("Authorization and Capture", false): Text 'Authorization and Capture' is present on page 

2020-07-16 22:52:25 - [MESSAGE][PASSED] - Text 'Authorization and Capture' is present on page 

2020-07-16 22:52:25 - [TEST_STEP][PASSED] - verifyTextPresent("Card Information", false): Text 'Card Information' is present on page 

2020-07-16 22:52:25 - [MESSAGE][PASSED] - Text 'Card Information' is present on page 

2020-07-16 22:52:25 - [TEST_STEP][PASSED] - verifyTextPresent(CardType, false): Text 'MasterCard' is present on page 

2020-07-16 22:52:25 - [MESSAGE][PASSED] - Text 'MasterCard' is present on page 

2020-07-16 22:52:25 - [TEST_STEP][PASSED] - verifyTextPresent(CName2, false): Text 'HRITIK ROSHAN' is present on page 

2020-07-16 22:52:25 - [MESSAGE][PASSED] - Text 'HRITIK ROSHAN' is present on page 

2020-07-16 22:52:25 - [TEST_STEP][PASSED] - verifyTextPresent(Last4, false): Text '0015' is present on page 

2020-07-16 22:52:26 - [MESSAGE][PASSED] - Text '0015' is present on page 

2020-07-16 22:52:26 - [TEST_STEP][PASSED] - verifyTextPresent("Billing information", false): Text 'Billing information' is present on page 

2020-07-16 22:52:26 - [MESSAGE][PASSED] - Text 'Billing information' is present on page 

2020-07-16 22:52:26 - [TEST_STEP][PASSED] - verifyTextPresent("Address Line 1", false): Text 'Address Line 1' is present on page 

2020-07-16 22:52:26 - [MESSAGE][PASSED] - Text 'Address Line 1' is present on page 

2020-07-16 22:52:26 - [TEST_STEP][PASSED] - verifyTextPresent(AL1, false): Text '1638 Juhu road' is present on page 

2020-07-16 22:52:27 - [MESSAGE][PASSED] - Text '1638 Juhu road' is present on page 

2020-07-16 22:52:27 - [TEST_STEP][PASSED] - verifyTextPresent("Address Line 2", false): Text 'Address Line 2' is present on page 

2020-07-16 22:52:27 - [MESSAGE][PASSED] - Text 'Address Line 2' is present on page 

2020-07-16 22:52:27 - [TEST_STEP][PASSED] - verifyTextPresent(AL2, false): Text 'Build 99' is present on page 

2020-07-16 22:52:27 - [MESSAGE][PASSED] - Text 'Build 99' is present on page 

2020-07-16 22:52:27 - [TEST_STEP][PASSED] - verifyTextPresent("Country", false): Text 'Country' is present on page 

2020-07-16 22:52:28 - [MESSAGE][PASSED] - Text 'Country' is present on page 

2020-07-16 22:52:28 - [TEST_STEP][PASSED] - verifyTextPresent("United States", false): Text 'United States' is present on page 

2020-07-16 22:52:28 - [MESSAGE][PASSED] - Text 'United States' is present on page 

2020-07-16 22:52:28 - [TEST_STEP][PASSED] - verifyTextPresent("City", false): Text 'City' is present on page 

2020-07-16 22:52:28 - [MESSAGE][PASSED] - Text 'City' is present on page 

2020-07-16 22:52:28 - [TEST_STEP][PASSED] - verifyTextPresent(City, false): Text 'GAMBRILLS' is present on page 

2020-07-16 22:52:29 - [MESSAGE][PASSED] - Text 'GAMBRILLS' is present on page 

2020-07-16 22:52:29 - [TEST_STEP][PASSED] - verifyTextPresent("State", false): Text 'State' is present on page 

2020-07-16 22:52:29 - [MESSAGE][PASSED] - Text 'State' is present on page 

2020-07-16 22:52:29 - [TEST_STEP][PASSED] - verifyTextPresent(State2, false): Text 'MD' is present on page 

2020-07-16 22:52:29 - [MESSAGE][PASSED] - Text 'MD' is present on page 

2020-07-16 22:52:29 - [TEST_STEP][PASSED] - verifyTextPresent("ZIP Code", false): Text 'ZIP Code' is present on page 

2020-07-16 22:52:29 - [MESSAGE][PASSED] - Text 'ZIP Code' is present on page 

2020-07-16 22:52:29 - [TEST_STEP][PASSED] - verifyTextPresent(CZIP, false): Text '21054' is present on page 

2020-07-16 22:52:30 - [MESSAGE][PASSED] - Text '21054' is present on page 

2020-07-16 22:52:30 - [TEST_STEP][PASSED] - verifyElementPresent(findTestObject("Object Repository/IWP30/Page_Receipt/ExitButton"), 30): Object 'Object Repository/IWP30/Page_Receipt/ExitButton' is present

2020-07-16 22:52:30 - [MESSAGE][PASSED] - Object 'Object Repository/IWP30/Page_Receipt/ExitButton' is present

2020-07-16 22:52:30 - [TEST_STEP][PASSED] - closeBrowser(): Browser is closed

2020-07-16 22:52:31 - [MESSAGE][PASSED] - Browser is closed

2020-07-16 22:52:31 - [TEST_STEP][PASSED] - openBrowser(urlEmulator): Browser is opened with url: 'https://qa.velocitypayment.com/agency/config.do?action=editor'

2020-07-16 22:52:31 - [MESSAGE][INFO] - Starting 'Chrome' driver

2020-07-16 22:52:31 - [MESSAGE][INFO] - User set preference: ['acceptInsecureCerts', 'true']

2020-07-16 22:52:31 - [MESSAGE][INFO] - Action delay is set to 0 milliseconds

2020-07-16 22:52:35 - [MESSAGE][PASSED] - Browser is opened with url: 'https://qa.velocitypayment.com/agency/config.do?action=editor'

2020-07-16 22:52:35 - [TEST_STEP][PASSED] - maximizeWindow(): Current window maximized

2020-07-16 22:52:35 - [MESSAGE][PASSED] - Current window maximized

2020-07-16 22:52:35 - [TEST_STEP][PASSED] - iwpPages.emulatorIWP30.setDataEmulatorStandard(): iwpPages.emulatorIWP30.setDataEmulatorStandard is PASSED

2020-07-16 22:52:36 - [MESSAGE][PASSED] - Object 'Object Repository/IWP30/Page_VRelay30Emulator/Amount' is present

2020-07-16 22:52:37 - [MESSAGE][PASSED] - All options with value '3.0' are selected in object 'Object Repository/IWP30/Page_VRelay30Emulator/MV'  using regular expression

2020-07-16 22:52:38 - [MESSAGE][PASSED] - Text '10.50' is set on object 'Object Repository/IWP30/Page_VRelay30Emulator/Amount'

2020-07-16 22:52:38 - [MESSAGE][PASSED] - Text '54654701' is set on object 'Object Repository/IWP30/Page_VRelay30Emulator/CAN'

2020-07-16 22:52:39 - [MESSAGE][PASSED] - Text 'PayNow' is set on object 'Object Repository/IWP30/Page_VRelay30Emulator/Action'

2020-07-16 22:52:40 - [MESSAGE][PASSED] - Text 'en_US' is set on object 'Object Repository/IWP30/Page_VRelay30Emulator/Lang'

2020-07-16 22:52:40 - [MESSAGE][PASSED] - Text '' is set on object 'Object Repository/IWP30/Page_VRelay30Emulator/Fname'

2020-07-16 22:52:41 - [MESSAGE][PASSED] - Text '' is set on object 'Object Repository/IWP30/Page_VRelay30Emulator/Lname'

2020-07-16 22:52:42 - [MESSAGE][PASSED] - Text '' is set on object 'Object Repository/IWP30/Page_VRelay30Emulator/AL1'

2020-07-16 22:52:42 - [MESSAGE][PASSED] - Text '' is set on object 'Object Repository/IWP30/Page_VRelay30Emulator/AL2'

2020-07-16 22:52:43 - [MESSAGE][PASSED] - Text '' is set on object 'Object Repository/IWP30/Page_VRelay30Emulator/Country'

2020-07-16 22:52:43 - [MESSAGE][PASSED] - Text '' is set on object 'Object Repository/IWP30/Page_VRelay30Emulator/City'

2020-07-16 22:52:44 - [MESSAGE][PASSED] - Text '' is set on object 'Object Repository/IWP30/Page_VRelay30Emulator/State'

2020-07-16 22:52:45 - [MESSAGE][PASSED] - Text '' is set on object 'Object Repository/IWP30/Page_VRelay30Emulator/ZIP'

2020-07-16 22:52:45 - [MESSAGE][PASSED] - Text '' is set on object 'Object Repository/IWP30/Page_VRelay30Emulator/Order'

2020-07-16 22:52:46 - [MESSAGE][PASSED] - Text '' is set on object 'Object Repository/IWP30/Page_VRelay30Emulator/Company'

2020-07-16 22:52:46 - [MESSAGE][PASSED] - Text '' is set on object 'Object Repository/IWP30/Page_VRelay30Emulator/Email'

2020-07-16 22:52:47 - [MESSAGE][PASSED] - Text '' is set on object 'Object Repository/IWP30/Page_VRelay30Emulator/UDF1'

2020-07-16 22:52:47 - [MESSAGE][PASSED] - Text '' is set on object 'Object Repository/IWP30/Page_VRelay30Emulator/UDF2'

2020-07-16 22:52:48 - [MESSAGE][PASSED] - Text 'data 3' is set on object 'Object Repository/IWP30/Page_VRelay30Emulator/UDF3'

2020-07-16 22:52:49 - [MESSAGE][PASSED] - Text 'data 4' is set on object 'Object Repository/IWP30/Page_VRelay30Emulator/UDF4'

2020-07-16 22:52:50 - [MESSAGE][PASSED] - Text 'data 5' is set on object 'Object Repository/IWP30/Page_VRelay30Emulator/UDF5'

2020-07-16 22:52:50 - [MESSAGE][PASSED] - Text 'data 6' is set on object 'Object Repository/IWP30/Page_VRelay30Emulator/UDF6'

2020-07-16 22:52:51 - [MESSAGE][PASSED] - Text 'Orange' is set on object 'Object Repository/IWP30/Page_VRelay30Emulator/UDF7'

2020-07-16 22:52:52 - [MESSAGE][PASSED] - Text 'Soccer' is set on object 'Object Repository/IWP30/Page_VRelay30Emulator/UDF8'

2020-07-16 22:52:52 - [MESSAGE][PASSED] - Text 'data 9' is set on object 'Object Repository/IWP30/Page_VRelay30Emulator/UDF9'

2020-07-16 22:52:53 - [MESSAGE][PASSED] - Text 'data 10' is set on object 'Object Repository/IWP30/Page_VRelay30Emulator/UDF10'

2020-07-16 22:52:56 - [MESSAGE][PASSED] - Object: 'Object Repository/IWP30/Page_VRelay30Emulator/Submit' is clicked on

2020-07-16 22:53:01 - [MESSAGE][PASSED] - Browser is closed

2020-07-16 22:53:01 - [MESSAGE][PASSED] - iwpPages.emulatorIWP30.setDataEmulatorStandard is PASSED

2020-07-16 22:53:01 - [TEST_STEP][PASSED] - openBrowser(urlTestHarness): Browser is opened with url: 'https://dev-algorithm.govolution.com/vrelaytest/QA/version_2_2/vrelaytest.html'

2020-07-16 22:53:01 - [MESSAGE][INFO] - Starting 'Chrome' driver

2020-07-16 22:53:01 - [MESSAGE][INFO] - User set preference: ['acceptInsecureCerts', 'true']

2020-07-16 22:53:01 - [MESSAGE][INFO] - Action delay is set to 0 milliseconds

2020-07-16 22:53:05 - [MESSAGE][PASSED] - Browser is opened with url: 'https://dev-algorithm.govolution.com/vrelaytest/QA/version_2_2/vrelaytest.html'

2020-07-16 22:53:05 - [TEST_STEP][PASSED] - maximizeWindow(): Current window maximized

2020-07-16 22:53:05 - [MESSAGE][PASSED] - Current window maximized

2020-07-16 22:53:05 - [TEST_STEP][PASSED] - genRemIDVoid = RandomStringUtils.random(12, true, true): null

2020-07-16 22:53:05 - [TEST_STEP][PASSED] - if (verifyElementPresent(findTestObject("Object Repository/IWP30/Page_QATestHarness/RemittanceID"), 30)): null

2020-07-16 22:53:05 - [MESSAGE][PASSED] - Object 'Object Repository/IWP30/Page_QATestHarness/RemittanceID' is present

2020-07-16 22:53:05 - [TEST_STEP][PASSED] - println("We are on Test Harness page, start populating"): null

2020-07-16 22:53:05 - [TEST_STEP][PASSED] - setText(findTestObject("Object Repository/IWP30/Page_QATestHarness/ApplicationID"), "649"): Text '649' is set on object 'Object Repository/IWP30/Page_QATestHarness/ApplicationID'

2020-07-16 22:53:06 - [MESSAGE][PASSED] - Text '649' is set on object 'Object Repository/IWP30/Page_QATestHarness/ApplicationID'

2020-07-16 22:53:06 - [TEST_STEP][PASSED] - setText(findTestObject("Object Repository/IWP30/Page_QATestHarness/MessageVersion"), "3.0"): Text '3.0' is set on object 'Object Repository/IWP30/Page_QATestHarness/MessageVersion'

2020-07-16 22:53:07 - [MESSAGE][PASSED] - Text '3.0' is set on object 'Object Repository/IWP30/Page_QATestHarness/MessageVersion'

2020-07-16 22:53:07 - [TEST_STEP][PASSED] - setText(findTestObject("Object Repository/IWP30/Page_QATestHarness/RemittanceID"), genRemIDVoid): Text 'ZXT0qIKbn7RO' is set on object 'Object Repository/IWP30/Page_QATestHarness/RemittanceID'

2020-07-16 22:53:07 - [MESSAGE][PASSED] - Text 'ZXT0qIKbn7RO' is set on object 'Object Repository/IWP30/Page_QATestHarness/RemittanceID'

2020-07-16 22:53:07 - [TEST_STEP][PASSED] - click(findTestObject("Object Repository/IWP30/Page_QATestHarness/SubmitButton")): Object: 'Object Repository/IWP30/Page_QATestHarness/SubmitButton' is clicked on

2020-07-16 22:53:09 - [MESSAGE][PASSED] - Object: 'Object Repository/IWP30/Page_QATestHarness/SubmitButton' is clicked on

2020-07-16 22:53:09 - [TEST_STEP][PASSED] - verifyTextPresent("Select Payment Method", false): Text 'Select Payment Method' is present on page 

2020-07-16 22:53:09 - [MESSAGE][PASSED] - Text 'Select Payment Method' is present on page 

2020-07-16 22:53:09 - [TEST_STEP][PASSED] - verifyTextPresent("Please choose the method of payment", false): Text 'Please choose the method of payment' is present on page 

2020-07-16 22:53:09 - [MESSAGE][PASSED] - Text 'Please choose the method of payment' is present on page 

2020-07-16 22:53:09 - [TEST_STEP][PASSED] - verifyElementPresent(findTestObject("Object Repository/IWP30/Page_SelectPaymentMethod/PayByCreditCard"), 30): Object 'Object Repository/IWP30/Page_SelectPaymentMethod/PayByCreditCard' is present

2020-07-16 22:53:10 - [MESSAGE][PASSED] - Object 'Object Repository/IWP30/Page_SelectPaymentMethod/PayByCreditCard' is present

2020-07-16 22:53:10 - [TEST_STEP][PASSED] - verifyElementPresent(findTestObject("Object Repository/IWP30/Page_SelectPaymentMethod/PayByCorporateCheck"), 30): Object 'Object Repository/IWP30/Page_SelectPaymentMethod/PayByCorporateCheck' is present

2020-07-16 22:53:10 - [MESSAGE][PASSED] - Object 'Object Repository/IWP30/Page_SelectPaymentMethod/PayByCorporateCheck' is present

2020-07-16 22:53:10 - [TEST_STEP][PASSED] - verifyElementPresent(findTestObject("Object Repository/IWP30/Page_SelectPaymentMethod/PayByPersonalCheck"), 30): Object 'Object Repository/IWP30/Page_SelectPaymentMethod/PayByPersonalCheck' is present

2020-07-16 22:53:10 - [MESSAGE][PASSED] - Object 'Object Repository/IWP30/Page_SelectPaymentMethod/PayByPersonalCheck' is present

2020-07-16 22:53:10 - [TEST_STEP][PASSED] - verifyElementPresent(findTestObject("Object Repository/IWP30/Page_SelectPaymentMethod/ExitButton"), 30): Object 'Object Repository/IWP30/Page_SelectPaymentMethod/ExitButton' is present

2020-07-16 22:53:10 - [MESSAGE][PASSED] - Object 'Object Repository/IWP30/Page_SelectPaymentMethod/ExitButton' is present

2020-07-16 22:53:10 - [TEST_STEP][PASSED] - if (verifyElementPresent(findTestObject("Object Repository/IWP30/Page_SelectPaymentMethod/PayByCreditCard"), 30)): null

2020-07-16 22:53:11 - [MESSAGE][PASSED] - Object 'Object Repository/IWP30/Page_SelectPaymentMethod/PayByCreditCard' is present

2020-07-16 22:53:11 - [TEST_STEP][PASSED] - println("We are on Select Payment Method page, start populating"): null

2020-07-16 22:53:11 - [TEST_STEP][PASSED] - check(findTestObject("Object Repository/IWP30/Page_SelectPaymentMethod/PayByCreditCard")): Object 'Object Repository/IWP30/Page_SelectPaymentMethod/PayByCreditCard' is checked

2020-07-16 22:53:11 - [MESSAGE][PASSED] - Object 'Object Repository/IWP30/Page_SelectPaymentMethod/PayByCreditCard' is checked

2020-07-16 22:53:11 - [TEST_STEP][PASSED] - Thread.sleep(1000): null

2020-07-16 22:53:12 - [TEST_STEP][PASSED] - click(findTestObject("Object Repository/IWP30/Page_SelectPaymentMethod/MakePaymentButton")): Object: 'Object Repository/IWP30/Page_SelectPaymentMethod/MakePaymentButton' is clicked on

2020-07-16 22:53:13 - [MESSAGE][PASSED] - Object: 'Object Repository/IWP30/Page_SelectPaymentMethod/MakePaymentButton' is clicked on

2020-07-16 22:53:13 - [TEST_STEP][PASSED] - verifyTextPresent("Required fields are highlighted with an asterisk", false): Text 'Required fields are highlighted with an asterisk' is present on page 

2020-07-16 22:53:14 - [MESSAGE][PASSED] - Text 'Required fields are highlighted with an asterisk' is present on page 

2020-07-16 22:53:14 - [TEST_STEP][PASSED] - verifyTextPresent("Please enter the following information about your payment", false): Text 'Please enter the following information about your payment' is present on page 

2020-07-16 22:53:14 - [MESSAGE][PASSED] - Text 'Please enter the following information about your payment' is present on page 

2020-07-16 22:53:14 - [TEST_STEP][PASSED] - verifyTextPresent("CAN Label", false): Text 'CAN Label' is present on page 

2020-07-16 22:53:15 - [MESSAGE][PASSED] - Text 'CAN Label' is present on page 

2020-07-16 22:53:15 - [TEST_STEP][PASSED] - verifyTextPresent("Tax Amount", false): Text 'Tax Amount' is present on page 

2020-07-16 22:53:15 - [MESSAGE][PASSED] - Text 'Tax Amount' is present on page 

2020-07-16 22:53:15 - [TEST_STEP][PASSED] - verifyTextPresent("Amount", false): Text 'Amount' is present on page 

2020-07-16 22:53:16 - [MESSAGE][PASSED] - Text 'Amount' is present on page 

2020-07-16 22:53:16 - [TEST_STEP][PASSED] - verifyTextPresent("UDF1 Label", false): Text 'UDF1 Label' is present on page 

2020-07-16 22:53:16 - [MESSAGE][PASSED] - Text 'UDF1 Label' is present on page 

2020-07-16 22:53:16 - [TEST_STEP][PASSED] - verifyTextPresent("UDF2 Label", false): Text 'UDF2 Label' is present on page 

2020-07-16 22:53:16 - [MESSAGE][PASSED] - Text 'UDF2 Label' is present on page 

2020-07-16 22:53:16 - [TEST_STEP][PASSED] - verifyTextPresent("UDF3 Label", false): Text 'UDF3 Label' is present on page 

2020-07-16 22:53:17 - [MESSAGE][PASSED] - Text 'UDF3 Label' is present on page 

2020-07-16 22:53:17 - [TEST_STEP][PASSED] - verifyTextPresent("UDF4 Label", false): Text 'UDF4 Label' is present on page 

2020-07-16 22:53:17 - [MESSAGE][PASSED] - Text 'UDF4 Label' is present on page 

2020-07-16 22:53:17 - [TEST_STEP][PASSED] - verifyTextPresent("UDF6 Label", false): Text 'UDF6 Label' is present on page 

2020-07-16 22:53:18 - [MESSAGE][PASSED] - Text 'UDF6 Label' is present on page 

2020-07-16 22:53:18 - [TEST_STEP][PASSED] - verifyTextPresent("UDF7 Label", false): Text 'UDF7 Label' is present on page 

2020-07-16 22:53:18 - [MESSAGE][PASSED] - Text 'UDF7 Label' is present on page 

2020-07-16 22:53:18 - [TEST_STEP][PASSED] - verifyTextPresent("UDF8 Label", false): Text 'UDF8 Label' is present on page 

2020-07-16 22:53:18 - [MESSAGE][PASSED] - Text 'UDF8 Label' is present on page 

2020-07-16 22:53:18 - [TEST_STEP][PASSED] - verifyTextPresent("UDF9 Label", false): Text 'UDF9 Label' is present on page 

2020-07-16 22:53:19 - [MESSAGE][PASSED] - Text 'UDF9 Label' is present on page 

2020-07-16 22:53:19 - [TEST_STEP][PASSED] - verifyTextPresent("Please enter the following information about your payment method", false): Text 'Please enter the following information about your payment method' is present on page 

2020-07-16 22:53:19 - [MESSAGE][PASSED] - Text 'Please enter the following information about your payment method' is present on page 

2020-07-16 22:53:19 - [TEST_STEP][PASSED] - verifyTextPresent("Cardholder's Name", false): Text 'Cardholder's Name' is present on page 

2020-07-16 22:53:20 - [MESSAGE][PASSED] - Text 'Cardholder's Name' is present on page 

2020-07-16 22:53:20 - [TEST_STEP][PASSED] - verifyTextPresent("Cards Accepted", false): Text 'Cards Accepted' is present on page 

2020-07-16 22:53:20 - [MESSAGE][PASSED] - Text 'Cards Accepted' is present on page 

2020-07-16 22:53:20 - [TEST_STEP][PASSED] - verifyTextPresent("Card Number", false): Text 'Card Number' is present on page 

2020-07-16 22:53:20 - [MESSAGE][PASSED] - Text 'Card Number' is present on page 

2020-07-16 22:53:20 - [TEST_STEP][PASSED] - verifyTextPresent("Signature Panel Code", false): Text 'Signature Panel Code' is present on page 

2020-07-16 22:53:21 - [MESSAGE][PASSED] - Text 'Signature Panel Code' is present on page 

2020-07-16 22:53:21 - [TEST_STEP][PASSED] - verifyTextPresent("Expiration Date", false): Text 'Expiration Date' is present on page 

2020-07-16 22:53:21 - [MESSAGE][PASSED] - Text 'Expiration Date' is present on page 

2020-07-16 22:53:21 - [TEST_STEP][PASSED] - verifyTextPresent("Payment Date", false): Text 'Payment Date' is present on page 

2020-07-16 22:53:22 - [MESSAGE][PASSED] - Text 'Payment Date' is present on page 

2020-07-16 22:53:22 - [TEST_STEP][PASSED] - verifyTextPresent("Billing information", false): Text 'Billing information' is present on page 

2020-07-16 22:53:22 - [MESSAGE][PASSED] - Text 'Billing information' is present on page 

2020-07-16 22:53:22 - [TEST_STEP][PASSED] - verifyTextPresent("Address Line 1", false): Text 'Address Line 1' is present on page 

2020-07-16 22:53:23 - [MESSAGE][PASSED] - Text 'Address Line 1' is present on page 

2020-07-16 22:53:23 - [TEST_STEP][PASSED] - verifyTextPresent("Address Line 2", false): Text 'Address Line 2' is present on page 

2020-07-16 22:53:23 - [MESSAGE][PASSED] - Text 'Address Line 2' is present on page 

2020-07-16 22:53:23 - [TEST_STEP][PASSED] - verifyTextPresent("Country", false): Text 'Country' is present on page 

2020-07-16 22:53:23 - [MESSAGE][PASSED] - Text 'Country' is present on page 

2020-07-16 22:53:23 - [TEST_STEP][PASSED] - verifyTextPresent("ZIP Code", false): Text 'ZIP Code' is present on page 

2020-07-16 22:53:24 - [MESSAGE][PASSED] - Text 'ZIP Code' is present on page 

2020-07-16 22:53:24 - [TEST_STEP][PASSED] - verifyTextPresent("City", false): Text 'City' is present on page 

2020-07-16 22:53:24 - [MESSAGE][PASSED] - Text 'City' is present on page 

2020-07-16 22:53:24 - [TEST_STEP][PASSED] - verifyTextPresent("State", false): Text 'State' is present on page 

2020-07-16 22:53:25 - [MESSAGE][PASSED] - Text 'State' is present on page 

2020-07-16 22:53:25 - [TEST_STEP][PASSED] - verifyTextPresent("Receipt information", false): Text 'Receipt information' is present on page 

2020-07-16 22:53:25 - [MESSAGE][PASSED] - Text 'Receipt information' is present on page 

2020-07-16 22:53:25 - [TEST_STEP][PASSED] - verifyTextPresent("Email Address", false): Text 'Email Address' is present on page 

2020-07-16 22:53:25 - [MESSAGE][PASSED] - Text 'Email Address' is present on page 

2020-07-16 22:53:25 - [TEST_STEP][PASSED] - verifyTextPresent("Please check here to store the payment method for future use", false): Text 'Please check here to store the payment method for future use' is present on page 

2020-07-16 22:53:26 - [MESSAGE][PASSED] - Text 'Please check here to store the payment method for future use' is present on page 

2020-07-16 22:53:26 - [TEST_STEP][PASSED] - verifyTextPresent("These are Customer CC Terms", false): Text 'These are Customer CC Terms' is present on page 

2020-07-16 22:53:26 - [MESSAGE][PASSED] - Text 'These are Customer CC Terms' is present on page 

2020-07-16 22:53:26 - [TEST_STEP][PASSED] - verifyTextPresent("These are CC Custom HTML", false): Text 'These are CC Custom HTML' is present on page 

2020-07-16 22:53:27 - [MESSAGE][PASSED] - Text 'These are CC Custom HTML' is present on page 

2020-07-16 22:53:27 - [TEST_STEP][PASSED] - verifyTextPresent("54654701", false): Text '54654701' is present on page 

2020-07-16 22:53:27 - [MESSAGE][PASSED] - Text '54654701' is present on page 

2020-07-16 22:53:27 - [TEST_STEP][PASSED] - verifyTextPresent("data 4", false): Text 'data 4' is present on page 

2020-07-16 22:53:27 - [MESSAGE][PASSED] - Text 'data 4' is present on page 

2020-07-16 22:53:27 - [TEST_STEP][PASSED] - verifyTextPresent("data 6", false): Text 'data 6' is present on page 

2020-07-16 22:53:28 - [MESSAGE][PASSED] - Text 'data 6' is present on page 

2020-07-16 22:53:28 - [TEST_STEP][PASSED] - verifyTextPresent("data 9", false): Text 'data 9' is present on page 

2020-07-16 22:53:28 - [MESSAGE][PASSED] - Text 'data 9' is present on page 

2020-07-16 22:53:28 - [TEST_STEP][PASSED] - verifyTextNotPresent("UDF5 Label", false): Text 'UDF5 Label' is not present on page

2020-07-16 22:53:29 - [MESSAGE][PASSED] - Text 'UDF5 Label' is not present on page

2020-07-16 22:53:29 - [TEST_STEP][PASSED] - verifyTextNotPresent("UDF10 Label", false): Text 'UDF10 Label' is not present on page

2020-07-16 22:53:29 - [MESSAGE][PASSED] - Text 'UDF10 Label' is not present on page

2020-07-16 22:53:29 - [TEST_STEP][PASSED] - verifyElementPresent(findTestObject("Object Repository/IWP30/Page_CCPaymentEntry/Amount"), 30): Object 'Object Repository/IWP30/Page_CCPaymentEntry/Amount' is present

2020-07-16 22:53:29 - [MESSAGE][PASSED] - Object 'Object Repository/IWP30/Page_CCPaymentEntry/Amount' is present

2020-07-16 22:53:29 - [TEST_STEP][PASSED] - verifyElementPresent(findTestObject("Object Repository/IWP30/Page_CCPaymentEntry/UserDefined2"), 30): Object 'Object Repository/IWP30/Page_CCPaymentEntry/UserDefined2' is present

2020-07-16 22:53:30 - [MESSAGE][PASSED] - Object 'Object Repository/IWP30/Page_CCPaymentEntry/UserDefined2' is present

2020-07-16 22:53:30 - [TEST_STEP][PASSED] - verifyElementPresent(findTestObject("Object Repository/IWP30/Page_CCPaymentEntry/UserDefined3"), 30): Object 'Object Repository/IWP30/Page_CCPaymentEntry/UserDefined3' is present

2020-07-16 22:53:30 - [MESSAGE][PASSED] - Object 'Object Repository/IWP30/Page_CCPaymentEntry/UserDefined3' is present

2020-07-16 22:53:30 - [TEST_STEP][PASSED] - verifyElementPresent(findTestObject("Object Repository/IWP30/Page_CCPaymentEntry/UserDefined7"), 30): Object 'Object Repository/IWP30/Page_CCPaymentEntry/UserDefined7' is present

2020-07-16 22:53:30 - [MESSAGE][PASSED] - Object 'Object Repository/IWP30/Page_CCPaymentEntry/UserDefined7' is present

2020-07-16 22:53:30 - [TEST_STEP][PASSED] - verifyElementPresent(findTestObject("Object Repository/IWP30/Page_CCPaymentEntry/UserDefined8"), 30): Object 'Object Repository/IWP30/Page_CCPaymentEntry/UserDefined8' is present

2020-07-16 22:53:30 - [MESSAGE][PASSED] - Object 'Object Repository/IWP30/Page_CCPaymentEntry/UserDefined8' is present

2020-07-16 22:53:30 - [TEST_STEP][PASSED] - verifyElementPresent(findTestObject("Object Repository/IWP30/Page_CCPaymentEntry/Name"), 30): Object 'Object Repository/IWP30/Page_CCPaymentEntry/Name' is present

2020-07-16 22:53:31 - [MESSAGE][PASSED] - Object 'Object Repository/IWP30/Page_CCPaymentEntry/Name' is present

2020-07-16 22:53:31 - [TEST_STEP][PASSED] - verifyElementPresent(findTestObject("Object Repository/IWP30/Page_CCPaymentEntry/CardNumber"), 30): Object 'Object Repository/IWP30/Page_CCPaymentEntry/CardNumber' is present

2020-07-16 22:53:31 - [MESSAGE][PASSED] - Object 'Object Repository/IWP30/Page_CCPaymentEntry/CardNumber' is present

2020-07-16 22:53:31 - [TEST_STEP][PASSED] - verifyElementPresent(findTestObject("Object Repository/IWP30/Page_CCPaymentEntry/SPC"), 30): Object 'Object Repository/IWP30/Page_CCPaymentEntry/SPC' is present

2020-07-16 22:53:31 - [MESSAGE][PASSED] - Object 'Object Repository/IWP30/Page_CCPaymentEntry/SPC' is present

2020-07-16 22:53:31 - [TEST_STEP][PASSED] - verifyElementPresent(findTestObject("Object Repository/IWP30/Page_CCPaymentEntry/Month"), 30): Object 'Object Repository/IWP30/Page_CCPaymentEntry/Month' is present

2020-07-16 22:53:32 - [MESSAGE][PASSED] - Object 'Object Repository/IWP30/Page_CCPaymentEntry/Month' is present

2020-07-16 22:53:32 - [TEST_STEP][PASSED] - verifyElementPresent(findTestObject("Object Repository/IWP30/Page_CCPaymentEntry/Year"), 30): Object 'Object Repository/IWP30/Page_CCPaymentEntry/Year' is present

2020-07-16 22:53:32 - [MESSAGE][PASSED] - Object 'Object Repository/IWP30/Page_CCPaymentEntry/Year' is present

2020-07-16 22:53:32 - [TEST_STEP][PASSED] - verifyElementPresent(findTestObject("Object Repository/IWP30/Page_CCPaymentEntry/ProcessDate"), 30): Object 'Object Repository/IWP30/Page_CCPaymentEntry/ProcessDate' is present

2020-07-16 22:53:32 - [MESSAGE][PASSED] - Object 'Object Repository/IWP30/Page_CCPaymentEntry/ProcessDate' is present

2020-07-16 22:53:32 - [TEST_STEP][PASSED] - verifyElementPresent(findTestObject("Object Repository/IWP30/Page_CCPaymentEntry/AL1"), 30): Object 'Object Repository/IWP30/Page_CCPaymentEntry/AL1' is present

2020-07-16 22:53:33 - [MESSAGE][PASSED] - Object 'Object Repository/IWP30/Page_CCPaymentEntry/AL1' is present

2020-07-16 22:53:33 - [TEST_STEP][PASSED] - verifyElementPresent(findTestObject("Object Repository/IWP30/Page_CCPaymentEntry/AL2"), 30): Object 'Object Repository/IWP30/Page_CCPaymentEntry/AL2' is present

2020-07-16 22:53:33 - [MESSAGE][PASSED] - Object 'Object Repository/IWP30/Page_CCPaymentEntry/AL2' is present

2020-07-16 22:53:33 - [TEST_STEP][PASSED] - verifyElementPresent(findTestObject("Object Repository/IWP30/Page_CCPaymentEntry/CountryDropDown"), 30): Object 'Object Repository/IWP30/Page_CCPaymentEntry/CountryDropDown' is present

2020-07-16 22:53:33 - [MESSAGE][PASSED] - Object 'Object Repository/IWP30/Page_CCPaymentEntry/CountryDropDown' is present

2020-07-16 22:53:33 - [TEST_STEP][PASSED] - verifyElementPresent(findTestObject("Object Repository/IWP30/Page_CCPaymentEntry/ZIP"), 30): Object 'Object Repository/IWP30/Page_CCPaymentEntry/ZIP' is present

2020-07-16 22:53:34 - [MESSAGE][PASSED] - Object 'Object Repository/IWP30/Page_CCPaymentEntry/ZIP' is present

2020-07-16 22:53:34 - [TEST_STEP][PASSED] - verifyElementPresent(findTestObject("Object Repository/IWP30/Page_CCPaymentEntry/City"), 30): Object 'Object Repository/IWP30/Page_CCPaymentEntry/City' is present

2020-07-16 22:53:34 - [MESSAGE][PASSED] - Object 'Object Repository/IWP30/Page_CCPaymentEntry/City' is present

2020-07-16 22:53:34 - [TEST_STEP][PASSED] - verifyElementPresent(findTestObject("Object Repository/IWP30/Page_CCPaymentEntry/State"), 30): Object 'Object Repository/IWP30/Page_CCPaymentEntry/State' is present

2020-07-16 22:53:34 - [MESSAGE][PASSED] - Object 'Object Repository/IWP30/Page_CCPaymentEntry/State' is present

2020-07-16 22:53:34 - [TEST_STEP][PASSED] - verifyElementPresent(findTestObject("Object Repository/IWP30/Page_CCPaymentEntry/EmailAddress"), 30): Object 'Object Repository/IWP30/Page_CCPaymentEntry/EmailAddress' is present

2020-07-16 22:53:35 - [MESSAGE][PASSED] - Object 'Object Repository/IWP30/Page_CCPaymentEntry/EmailAddress' is present

2020-07-16 22:53:35 - [TEST_STEP][PASSED] - verifyElementPresent(findTestObject("Object Repository/IWP30/Page_CCPaymentEntry/StorePaymentMethodCheckBox"), 30): Object 'Object Repository/IWP30/Page_CCPaymentEntry/StorePaymentMethodCheckBox' is present

2020-07-16 22:53:35 - [MESSAGE][PASSED] - Object 'Object Repository/IWP30/Page_CCPaymentEntry/StorePaymentMethodCheckBox' is present

2020-07-16 22:53:35 - [TEST_STEP][PASSED] - verifyElementPresent(findTestObject("Object Repository/IWP30/Page_CCPaymentEntry/TermCondCheckBox"), 30): Object 'Object Repository/IWP30/Page_CCPaymentEntry/TermCondCheckBox' is present

2020-07-16 22:53:35 - [MESSAGE][PASSED] - Object 'Object Repository/IWP30/Page_CCPaymentEntry/TermCondCheckBox' is present

2020-07-16 22:53:35 - [TEST_STEP][PASSED] - verifyElementPresent(findTestObject("Object Repository/IWP30/Page_CCPaymentEntry/ContinueButton"), 30): Object 'Object Repository/IWP30/Page_CCPaymentEntry/ContinueButton' is present

2020-07-16 22:53:36 - [MESSAGE][PASSED] - Object 'Object Repository/IWP30/Page_CCPaymentEntry/ContinueButton' is present

2020-07-16 22:53:36 - [TEST_STEP][PASSED] - verifyElementPresent(findTestObject("Object Repository/IWP30/Page_CCPaymentEntry/ChangePaymentMethodButton"), 30): Object 'Object Repository/IWP30/Page_CCPaymentEntry/ChangePaymentMethodButton' is present

2020-07-16 22:53:36 - [MESSAGE][PASSED] - Object 'Object Repository/IWP30/Page_CCPaymentEntry/ChangePaymentMethodButton' is present

2020-07-16 22:53:36 - [TEST_STEP][PASSED] - verifyElementPresent(findTestObject("Object Repository/IWP30/Page_CCPaymentEntry/ExitButton"), 30): Object 'Object Repository/IWP30/Page_CCPaymentEntry/ExitButton' is present

2020-07-16 22:53:36 - [MESSAGE][PASSED] - Object 'Object Repository/IWP30/Page_CCPaymentEntry/ExitButton' is present

2020-07-16 22:53:36 - [TEST_STEP][PASSED] - iwpPages.ccPaymentEntryPage.setDataCCPM(row, dataFile): iwpPages.ccPaymentEntryPage.setDataCCPM is PASSED

2020-07-16 22:53:37 - [MESSAGE][PASSED] - Object 'Object Repository/IWP30/Page_CCPaymentEntry/Name' is present

2020-07-16 22:53:37 - [MESSAGE][PASSED] - Object 'Object Repository/IWP30/Page_CCPaymentEntry/Amount' is present

2020-07-16 22:53:38 - [MESSAGE][PASSED] - Text '33.50' is set on object 'Object Repository/IWP30/Page_CCPaymentEntry/Amount'

2020-07-16 22:53:38 - [MESSAGE][PASSED] - Object 'Object Repository/IWP30/Page_CCPaymentEntry/UserDefined2' is present

2020-07-16 22:53:39 - [MESSAGE][PASSED] - Text 'Paani Da' is set on object 'Object Repository/IWP30/Page_CCPaymentEntry/UserDefined2'

2020-07-16 22:53:39 - [MESSAGE][PASSED] - Object 'Object Repository/IWP30/Page_CCPaymentEntry/UserDefined3' is present

2020-07-16 22:53:40 - [MESSAGE][PASSED] - Text 'Andhadun' is set on object 'Object Repository/IWP30/Page_CCPaymentEntry/UserDefined3'

2020-07-16 22:53:40 - [MESSAGE][PASSED] - Object 'Object Repository/IWP30/Page_CCPaymentEntry/UserDefined7' is present

2020-07-16 22:53:41 - [MESSAGE][PASSED] - All options with label 'Orange' are selected in object 'Object Repository/IWP30/Page_CCPaymentEntry/UserDefined7' 

2020-07-16 22:53:41 - [MESSAGE][PASSED] - Object 'Object Repository/IWP30/Page_CCPaymentEntry/UserDefined8' is present

2020-07-16 22:53:42 - [MESSAGE][PASSED] - All options with label 'Tennis' are selected in object 'Object Repository/IWP30/Page_CCPaymentEntry/UserDefined8' 

2020-07-16 22:53:42 - [MESSAGE][PASSED] - Object 'Object Repository/IWP30/Page_CCPaymentEntry/Name' is present

2020-07-16 22:53:43 - [MESSAGE][PASSED] - Text 'Ayush Khuranna' is set on object 'Object Repository/IWP30/Page_CCPaymentEntry/Name'

2020-07-16 22:53:43 - [MESSAGE][PASSED] - Object 'Object Repository/IWP30/Page_CCPaymentEntry/CardNumber' is present

2020-07-16 22:53:44 - [MESSAGE][PASSED] - Text '370000000000002' is set on object 'Object Repository/IWP30/Page_CCPaymentEntry/CardNumber'

2020-07-16 22:53:44 - [MESSAGE][PASSED] - Object 'Object Repository/IWP30/Page_CCPaymentEntry/SPC' is present

2020-07-16 22:53:45 - [MESSAGE][PASSED] - Text '3698' is set on object 'Object Repository/IWP30/Page_CCPaymentEntry/SPC'

2020-07-16 22:53:45 - [MESSAGE][PASSED] - Object 'Object Repository/IWP30/Page_CCPaymentEntry/Month' is present

2020-07-16 22:53:46 - [MESSAGE][PASSED] - All options with label '08' are selected in object 'Object Repository/IWP30/Page_CCPaymentEntry/Month' 

2020-07-16 22:53:46 - [MESSAGE][PASSED] - Object 'Object Repository/IWP30/Page_CCPaymentEntry/Year' is present

2020-07-16 22:53:47 - [MESSAGE][PASSED] - All options with label '2027' are selected in object 'Object Repository/IWP30/Page_CCPaymentEntry/Year' 

2020-07-16 22:53:47 - [MESSAGE][PASSED] - Object 'Object Repository/IWP30/Page_CCPaymentEntry/ProcessDate' is present

2020-07-16 22:53:48 - [MESSAGE][PASSED] - Object 'Object Repository/IWP30/Page_CCPaymentEntry/AL1' is present

2020-07-16 22:53:48 - [MESSAGE][PASSED] - Text '44 Dadar road' is set on object 'Object Repository/IWP30/Page_CCPaymentEntry/AL1'

2020-07-16 22:53:49 - [MESSAGE][PASSED] - Object 'Object Repository/IWP30/Page_CCPaymentEntry/AL2' is present

2020-07-16 22:53:49 - [MESSAGE][PASSED] - Text 'House 63' is set on object 'Object Repository/IWP30/Page_CCPaymentEntry/AL2'

2020-07-16 22:53:50 - [MESSAGE][PASSED] - Object 'Object Repository/IWP30/Page_CCPaymentEntry/ZIP' is present

2020-07-16 22:53:50 - [MESSAGE][PASSED] - Text '21144' is set on object 'Object Repository/IWP30/Page_CCPaymentEntry/ZIP'

2020-07-16 22:53:51 - [MESSAGE][PASSED] - Object 'Object Repository/IWP30/Page_CCPaymentEntry/EmailAddress' is present

2020-07-16 22:53:52 - [MESSAGE][PASSED] - Text 'someone@gmail.com' is set on object 'Object Repository/IWP30/Page_CCPaymentEntry/EmailAddress'

2020-07-16 22:53:52 - [MESSAGE][PASSED] - Object 'Object Repository/IWP30/Page_CCPaymentEntry/TermCondCheckBox' is present

2020-07-16 22:53:52 - [MESSAGE][PASSED] - Object 'Object Repository/IWP30/Page_CCPaymentEntry/TermCondCheckBox' is checked

2020-07-16 22:53:53 - [MESSAGE][PASSED] - Object 'Object Repository/IWP30/Page_CCPaymentEntry/ContinueButton' is present

2020-07-16 22:53:54 - [MESSAGE][PASSED] - Object: 'Object Repository/IWP30/Page_CCPaymentEntry/ContinueButton' is clicked on

2020-07-16 22:53:54 - [MESSAGE][PASSED] - iwpPages.ccPaymentEntryPage.setDataCCPM is PASSED

2020-07-16 22:53:54 - [TEST_STEP][PASSED] - Amount = findTestData("VerifyUINoCFCCTestData").getValue("CCAmount", row): null

2020-07-16 22:53:54 - [TEST_STEP][PASSED] - UDF2 = findTestData("VerifyUINoCFCCTestData").getValue("CCUDF2", row): null

2020-07-16 22:53:54 - [TEST_STEP][PASSED] - UDF3 = findTestData("VerifyUINoCFCCTestData").getValue("CCUDF3", row): null

2020-07-16 22:53:54 - [TEST_STEP][PASSED] - UDF7 = findTestData("VerifyUINoCFCCTestData").getValue("CCUDF7", row): null

2020-07-16 22:53:54 - [TEST_STEP][PASSED] - UDF8 = findTestData("VerifyUINoCFCCTestData").getValue("CCUDF8", row): null

2020-07-16 22:53:54 - [TEST_STEP][PASSED] - CName = findTestData("VerifyUINoCFCCTestData").getValue("CCName", row): null

2020-07-16 22:53:54 - [TEST_STEP][PASSED] - CardType = findTestData("VerifyUINoCFCCTestData").getValue("VerCardType", row): null

2020-07-16 22:53:54 - [TEST_STEP][PASSED] - Last4 = findTestData("VerifyUINoCFCCTestData").getValue("VerLast4", row): null

2020-07-16 22:53:54 - [TEST_STEP][PASSED] - CExp = findTestData("VerifyUINoCFCCTestData").getValue("VerExp", row): null

2020-07-16 22:53:54 - [TEST_STEP][PASSED] - AL1 = findTestData("VerifyUINoCFCCTestData").getValue("CCAL1", row): null

2020-07-16 22:53:54 - [TEST_STEP][PASSED] - AL2 = findTestData("VerifyUINoCFCCTestData").getValue("CCAL2", row): null

2020-07-16 22:53:54 - [TEST_STEP][PASSED] - City = findTestData("VerifyUINoCFCCTestData").getValue("VerCity", row): null

2020-07-16 22:53:54 - [TEST_STEP][PASSED] - State = findTestData("VerifyUINoCFCCTestData").getValue("VerState", row): null

2020-07-16 22:53:54 - [TEST_STEP][PASSED] - CZIP = findTestData("VerifyUINoCFCCTestData").getValue("CCZIP", row): null

2020-07-16 22:53:54 - [TEST_STEP][PASSED] - Email = findTestData("VerifyUINoCFCCTestData").getValue("CCEmail", row): null

2020-07-16 22:53:54 - [TEST_STEP][PASSED] - State2 = findTestData("VerifyUINoCFCCTestData").getValue("VerState2", row): null

2020-07-16 22:53:54 - [TEST_STEP][PASSED] - CName2 = findTestData("VerifyUINoCFCCTestData").getValue("VerCCName", row): null

2020-07-16 22:53:54 - [TEST_STEP][PASSED] - verifyTextPresent("Please verify the following information", false): Text 'Please verify the following information' is present on page 

2020-07-16 22:53:54 - [MESSAGE][PASSED] - Text 'Please verify the following information' is present on page 

2020-07-16 22:53:54 - [TEST_STEP][PASSED] - verifyTextPresent("CAN Label", false): Text 'CAN Label' is present on page 

2020-07-16 22:53:55 - [MESSAGE][PASSED] - Text 'CAN Label' is present on page 

2020-07-16 22:53:55 - [TEST_STEP][PASSED] - verifyTextPresent("54654701", false): Text '54654701' is present on page 

2020-07-16 22:53:55 - [MESSAGE][PASSED] - Text '54654701' is present on page 

2020-07-16 22:53:55 - [TEST_STEP][PASSED] - verifyTextPresent("Tax Amount", false): Text 'Tax Amount' is present on page 

2020-07-16 22:53:55 - [MESSAGE][PASSED] - Text 'Tax Amount' is present on page 

2020-07-16 22:53:55 - [TEST_STEP][PASSED] - verifyTextPresent("$0.00", false): Text '$0.00' is present on page 

2020-07-16 22:53:56 - [MESSAGE][PASSED] - Text '$0.00' is present on page 

2020-07-16 22:53:56 - [TEST_STEP][PASSED] - verifyTextPresent("Amount", false): Text 'Amount' is present on page 

2020-07-16 22:53:56 - [MESSAGE][PASSED] - Text 'Amount' is present on page 

2020-07-16 22:53:56 - [TEST_STEP][PASSED] - verifyTextPresent(Amount, false): Text '33.50' is present on page 

2020-07-16 22:53:56 - [MESSAGE][PASSED] - Text '33.50' is present on page 

2020-07-16 22:53:56 - [TEST_STEP][PASSED] - verifyTextPresent("UDF2 Label", false): Text 'UDF2 Label' is present on page 

2020-07-16 22:53:57 - [MESSAGE][PASSED] - Text 'UDF2 Label' is present on page 

2020-07-16 22:53:57 - [TEST_STEP][PASSED] - verifyTextPresent(UDF2, false): Text 'Paani Da' is present on page 

2020-07-16 22:53:57 - [MESSAGE][PASSED] - Text 'Paani Da' is present on page 

2020-07-16 22:53:57 - [TEST_STEP][PASSED] - verifyTextPresent("UDF3 Label", false): Text 'UDF3 Label' is present on page 

2020-07-16 22:53:57 - [MESSAGE][PASSED] - Text 'UDF3 Label' is present on page 

2020-07-16 22:53:57 - [TEST_STEP][PASSED] - verifyTextPresent(UDF3, false): Text 'Andhadun' is present on page 

2020-07-16 22:53:58 - [MESSAGE][PASSED] - Text 'Andhadun' is present on page 

2020-07-16 22:53:58 - [TEST_STEP][PASSED] - verifyTextPresent("UDF4 Label", false): Text 'UDF4 Label' is present on page 

2020-07-16 22:53:58 - [MESSAGE][PASSED] - Text 'UDF4 Label' is present on page 

2020-07-16 22:53:58 - [TEST_STEP][PASSED] - verifyTextPresent("data 4", false): Text 'data 4' is present on page 

2020-07-16 22:53:58 - [MESSAGE][PASSED] - Text 'data 4' is present on page 

2020-07-16 22:53:58 - [TEST_STEP][PASSED] - verifyTextPresent("UDF6 Label", false): Text 'UDF6 Label' is present on page 

2020-07-16 22:53:59 - [MESSAGE][PASSED] - Text 'UDF6 Label' is present on page 

2020-07-16 22:53:59 - [TEST_STEP][PASSED] - verifyTextPresent("data 6", false): Text 'data 6' is present on page 

2020-07-16 22:53:59 - [MESSAGE][PASSED] - Text 'data 6' is present on page 

2020-07-16 22:53:59 - [TEST_STEP][PASSED] - verifyTextPresent("UDF7 Label", false): Text 'UDF7 Label' is present on page 

2020-07-16 22:53:59 - [MESSAGE][PASSED] - Text 'UDF7 Label' is present on page 

2020-07-16 22:53:59 - [TEST_STEP][PASSED] - verifyTextPresent(UDF7, false): Text 'Orange' is present on page 

2020-07-16 22:54:00 - [MESSAGE][PASSED] - Text 'Orange' is present on page 

2020-07-16 22:54:00 - [TEST_STEP][PASSED] - verifyTextPresent("UDF8 Label", false): Text 'UDF8 Label' is present on page 

2020-07-16 22:54:00 - [MESSAGE][PASSED] - Text 'UDF8 Label' is present on page 

2020-07-16 22:54:00 - [TEST_STEP][PASSED] - verifyTextPresent(UDF8, false): Text 'Tennis' is present on page 

2020-07-16 22:54:00 - [MESSAGE][PASSED] - Text 'Tennis' is present on page 

2020-07-16 22:54:00 - [TEST_STEP][PASSED] - verifyTextPresent("UDF9 Label", false): Text 'UDF9 Label' is present on page 

2020-07-16 22:54:01 - [MESSAGE][PASSED] - Text 'UDF9 Label' is present on page 

2020-07-16 22:54:01 - [TEST_STEP][PASSED] - verifyTextPresent("data 9", false): Text 'data 9' is present on page 

2020-07-16 22:54:01 - [MESSAGE][PASSED] - Text 'data 9' is present on page 

2020-07-16 22:54:01 - [TEST_STEP][PASSED] - verifyTextPresent("Card information", false): Text 'Card information' is present on page 

2020-07-16 22:54:01 - [MESSAGE][PASSED] - Text 'Card information' is present on page 

2020-07-16 22:54:01 - [TEST_STEP][PASSED] - verifyTextPresent("Cardholder's Name", false): Text 'Cardholder's Name' is present on page 

2020-07-16 22:54:02 - [MESSAGE][PASSED] - Text 'Cardholder's Name' is present on page 

2020-07-16 22:54:02 - [TEST_STEP][PASSED] - verifyTextPresent(CName, false): Text 'Ayush Khuranna' is present on page 

2020-07-16 22:54:02 - [MESSAGE][PASSED] - Text 'Ayush Khuranna' is present on page 

2020-07-16 22:54:02 - [TEST_STEP][PASSED] - verifyTextPresent("Card Type", false): Text 'Card Type' is present on page 

2020-07-16 22:54:02 - [MESSAGE][PASSED] - Text 'Card Type' is present on page 

2020-07-16 22:54:02 - [TEST_STEP][PASSED] - verifyTextPresent(CardType, false): Text 'American Express' is present on page 

2020-07-16 22:54:03 - [MESSAGE][PASSED] - Text 'American Express' is present on page 

2020-07-16 22:54:03 - [TEST_STEP][PASSED] - verifyTextPresent("Card Number", false): Text 'Card Number' is present on page 

2020-07-16 22:54:03 - [MESSAGE][PASSED] - Text 'Card Number' is present on page 

2020-07-16 22:54:03 - [TEST_STEP][PASSED] - verifyTextPresent(Last4, false): Text '0002' is present on page 

2020-07-16 22:54:03 - [MESSAGE][PASSED] - Text '0002' is present on page 

2020-07-16 22:54:03 - [TEST_STEP][PASSED] - verifyTextPresent("Signature Panel Code", false): Text 'Signature Panel Code' is present on page 

2020-07-16 22:54:04 - [MESSAGE][PASSED] - Text 'Signature Panel Code' is present on page 

2020-07-16 22:54:04 - [TEST_STEP][PASSED] - verifyTextPresent("Expiration Date", false): Text 'Expiration Date' is present on page 

2020-07-16 22:54:04 - [MESSAGE][PASSED] - Text 'Expiration Date' is present on page 

2020-07-16 22:54:04 - [TEST_STEP][PASSED] - verifyTextPresent(CExp, false): Text '8/2027' is present on page 

2020-07-16 22:54:04 - [MESSAGE][PASSED] - Text '8/2027' is present on page 

2020-07-16 22:54:04 - [TEST_STEP][PASSED] - verifyTextPresent("Payment Date", false): Text 'Payment Date' is present on page 

2020-07-16 22:54:05 - [MESSAGE][PASSED] - Text 'Payment Date' is present on page 

2020-07-16 22:54:05 - [TEST_STEP][PASSED] - verifyTextPresent("Billing information", false): Text 'Billing information' is present on page 

2020-07-16 22:54:05 - [MESSAGE][PASSED] - Text 'Billing information' is present on page 

2020-07-16 22:54:05 - [TEST_STEP][PASSED] - verifyTextPresent("Address Line 1", false): Text 'Address Line 1' is present on page 

2020-07-16 22:54:05 - [MESSAGE][PASSED] - Text 'Address Line 1' is present on page 

2020-07-16 22:54:05 - [TEST_STEP][PASSED] - verifyTextPresent(AL1, false): Text '44 Dadar road' is present on page 

2020-07-16 22:54:06 - [MESSAGE][PASSED] - Text '44 Dadar road' is present on page 

2020-07-16 22:54:06 - [TEST_STEP][PASSED] - verifyTextPresent("Address Line 2", false): Text 'Address Line 2' is present on page 

2020-07-16 22:54:06 - [MESSAGE][PASSED] - Text 'Address Line 2' is present on page 

2020-07-16 22:54:06 - [TEST_STEP][PASSED] - verifyTextPresent(AL2, false): Text 'House 63' is present on page 

2020-07-16 22:54:06 - [MESSAGE][PASSED] - Text 'House 63' is present on page 

2020-07-16 22:54:06 - [TEST_STEP][PASSED] - verifyTextPresent("Country", false): Text 'Country' is present on page 

2020-07-16 22:54:07 - [MESSAGE][PASSED] - Text 'Country' is present on page 

2020-07-16 22:54:07 - [TEST_STEP][PASSED] - verifyTextPresent("United States", false): Text 'United States' is present on page 

2020-07-16 22:54:07 - [MESSAGE][PASSED] - Text 'United States' is present on page 

2020-07-16 22:54:07 - [TEST_STEP][PASSED] - verifyTextPresent("City", false): Text 'City' is present on page 

2020-07-16 22:54:07 - [MESSAGE][PASSED] - Text 'City' is present on page 

2020-07-16 22:54:07 - [TEST_STEP][PASSED] - verifyTextPresent(City, false): Text 'SEVERN' is present on page 

2020-07-16 22:54:08 - [MESSAGE][PASSED] - Text 'SEVERN' is present on page 

2020-07-16 22:54:08 - [TEST_STEP][PASSED] - verifyTextPresent("State", false): Text 'State' is present on page 

2020-07-16 22:54:08 - [MESSAGE][PASSED] - Text 'State' is present on page 

2020-07-16 22:54:08 - [TEST_STEP][PASSED] - verifyTextPresent(State, false): Text 'Maryland' is present on page 

2020-07-16 22:54:08 - [MESSAGE][PASSED] - Text 'Maryland' is present on page 

2020-07-16 22:54:08 - [TEST_STEP][PASSED] - verifyTextPresent("ZIP Code", false): Text 'ZIP Code' is present on page 

2020-07-16 22:54:09 - [MESSAGE][PASSED] - Text 'ZIP Code' is present on page 

2020-07-16 22:54:09 - [TEST_STEP][PASSED] - verifyTextPresent(CZIP, false): Text '21144' is present on page 

2020-07-16 22:54:09 - [MESSAGE][PASSED] - Text '21144' is present on page 

2020-07-16 22:54:09 - [TEST_STEP][PASSED] - verifyTextPresent("Email Address", false): Text 'Email Address' is present on page 

2020-07-16 22:54:09 - [MESSAGE][PASSED] - Text 'Email Address' is present on page 

2020-07-16 22:54:09 - [TEST_STEP][PASSED] - verifyTextPresent(Email, false): Text 'someone@gmail.com' is present on page 

2020-07-16 22:54:10 - [MESSAGE][PASSED] - Text 'someone@gmail.com' is present on page 

2020-07-16 22:54:10 - [TEST_STEP][PASSED] - verifyTextPresent("Is this information correct", false): Text 'Is this information correct' is present on page 

2020-07-16 22:54:10 - [MESSAGE][PASSED] - Text 'Is this information correct' is present on page 

2020-07-16 22:54:10 - [TEST_STEP][PASSED] - verifyTextPresent("These are CC Custom HTML", false): Text 'These are CC Custom HTML' is present on page 

2020-07-16 22:54:10 - [MESSAGE][PASSED] - Text 'These are CC Custom HTML' is present on page 

2020-07-16 22:54:10 - [TEST_STEP][PASSED] - verifyElementPresent(findTestObject("Object Repository/IWP30/Page_Confirmation/ChangePaymentMethodButton"), 30): Object 'Object Repository/IWP30/Page_Confirmation/ChangePaymentMethodButton' is present

2020-07-16 22:54:11 - [MESSAGE][PASSED] - Object 'Object Repository/IWP30/Page_Confirmation/ChangePaymentMethodButton' is present

2020-07-16 22:54:11 - [TEST_STEP][PASSED] - verifyElementPresent(findTestObject("Object Repository/IWP30/Page_Confirmation/ConfirmButton"), 30): Object 'Object Repository/IWP30/Page_Confirmation/ConfirmButton' is present

2020-07-16 22:54:11 - [MESSAGE][PASSED] - Object 'Object Repository/IWP30/Page_Confirmation/ConfirmButton' is present

2020-07-16 22:54:11 - [TEST_STEP][PASSED] - verifyElementPresent(findTestObject("Object Repository/IWP30/Page_Confirmation/ExitButton"), 30): Object 'Object Repository/IWP30/Page_Confirmation/ExitButton' is present

2020-07-16 22:54:11 - [MESSAGE][PASSED] - Object 'Object Repository/IWP30/Page_Confirmation/ExitButton' is present

2020-07-16 22:54:11 - [TEST_STEP][PASSED] - verifyElementPresent(findTestObject("Object Repository/IWP30/Page_Confirmation/ModifyButton"), 30): Object 'Object Repository/IWP30/Page_Confirmation/ModifyButton' is present

2020-07-16 22:54:12 - [MESSAGE][PASSED] - Object 'Object Repository/IWP30/Page_Confirmation/ModifyButton' is present

2020-07-16 22:54:12 - [TEST_STEP][PASSED] - click(findTestObject("Object Repository/IWP30/Page_Confirmation/ConfirmButton")): Object: 'Object Repository/IWP30/Page_Confirmation/ConfirmButton' is clicked on

2020-07-16 22:54:13 - [MESSAGE][PASSED] - Object: 'Object Repository/IWP30/Page_Confirmation/ConfirmButton' is clicked on

2020-07-16 22:54:13 - [TEST_STEP][PASSED] - Thread.sleep(10000): null

2020-07-16 22:54:23 - [TEST_STEP][PASSED] - verifyTextPresent("Successful Payment Receipt", false): Text 'Successful Payment Receipt' is present on page 

2020-07-16 22:54:23 - [MESSAGE][PASSED] - Text 'Successful Payment Receipt' is present on page 

2020-07-16 22:54:23 - [TEST_STEP][PASSED] - verifyTextPresent("Please print this receipt for your records", false): Text 'Please print this receipt for your records' is present on page 

2020-07-16 22:54:23 - [MESSAGE][PASSED] - Text 'Please print this receipt for your records' is present on page 

2020-07-16 22:54:23 - [TEST_STEP][PASSED] - verifyTextPresent("Remittance ID", false): Text 'Remittance ID' is present on page 

2020-07-16 22:54:24 - [MESSAGE][PASSED] - Text 'Remittance ID' is present on page 

2020-07-16 22:54:24 - [TEST_STEP][PASSED] - verifyTextPresent("CAN Label", false): Text 'CAN Label' is present on page 

2020-07-16 22:54:24 - [MESSAGE][PASSED] - Text 'CAN Label' is present on page 

2020-07-16 22:54:24 - [TEST_STEP][PASSED] - verifyTextPresent("54654701", false): Text '54654701' is present on page 

2020-07-16 22:54:24 - [MESSAGE][PASSED] - Text '54654701' is present on page 

2020-07-16 22:54:24 - [TEST_STEP][PASSED] - verifyTextPresent("Received", false): Text 'Received' is present on page 

2020-07-16 22:54:25 - [MESSAGE][PASSED] - Text 'Received' is present on page 

2020-07-16 22:54:25 - [TEST_STEP][PASSED] - verifyTextPresent("UDF1 Label", false): Text 'UDF1 Label' is present on page 

2020-07-16 22:54:25 - [MESSAGE][PASSED] - Text 'UDF1 Label' is present on page 

2020-07-16 22:54:25 - [TEST_STEP][PASSED] - verifyTextPresent("UDF2 Label", false): Text 'UDF2 Label' is present on page 

2020-07-16 22:54:25 - [MESSAGE][PASSED] - Text 'UDF2 Label' is present on page 

2020-07-16 22:54:25 - [TEST_STEP][PASSED] - verifyTextPresent(UDF2, false): Text 'Paani Da' is present on page 

2020-07-16 22:54:26 - [MESSAGE][PASSED] - Text 'Paani Da' is present on page 

2020-07-16 22:54:26 - [TEST_STEP][PASSED] - verifyTextPresent("UDF3 Label", false): Text 'UDF3 Label' is present on page 

2020-07-16 22:54:26 - [MESSAGE][PASSED] - Text 'UDF3 Label' is present on page 

2020-07-16 22:54:26 - [TEST_STEP][PASSED] - verifyTextPresent(UDF3, false): Text 'Andhadun' is present on page 

2020-07-16 22:54:26 - [MESSAGE][PASSED] - Text 'Andhadun' is present on page 

2020-07-16 22:54:26 - [TEST_STEP][PASSED] - verifyTextPresent("UDF4 Label", false): Text 'UDF4 Label' is present on page 

2020-07-16 22:54:27 - [MESSAGE][PASSED] - Text 'UDF4 Label' is present on page 

2020-07-16 22:54:27 - [TEST_STEP][PASSED] - verifyTextPresent("data 4", false): Text 'data 4' is present on page 

2020-07-16 22:54:27 - [MESSAGE][PASSED] - Text 'data 4' is present on page 

2020-07-16 22:54:27 - [TEST_STEP][PASSED] - verifyTextPresent("UDF6 Label", false): Text 'UDF6 Label' is present on page 

2020-07-16 22:54:27 - [MESSAGE][PASSED] - Text 'UDF6 Label' is present on page 

2020-07-16 22:54:27 - [TEST_STEP][PASSED] - verifyTextPresent("data 6", false): Text 'data 6' is present on page 

2020-07-16 22:54:28 - [MESSAGE][PASSED] - Text 'data 6' is present on page 

2020-07-16 22:54:28 - [TEST_STEP][PASSED] - verifyTextPresent("UDF7 Label", false): Text 'UDF7 Label' is present on page 

2020-07-16 22:54:28 - [MESSAGE][PASSED] - Text 'UDF7 Label' is present on page 

2020-07-16 22:54:28 - [TEST_STEP][PASSED] - verifyTextPresent(UDF7, false): Text 'Orange' is present on page 

2020-07-16 22:54:28 - [MESSAGE][PASSED] - Text 'Orange' is present on page 

2020-07-16 22:54:28 - [TEST_STEP][PASSED] - verifyTextPresent("UDF8 Label", false): Text 'UDF8 Label' is present on page 

2020-07-16 22:54:28 - [MESSAGE][PASSED] - Text 'UDF8 Label' is present on page 

2020-07-16 22:54:28 - [TEST_STEP][PASSED] - verifyTextPresent(UDF8, false): Text 'Tennis' is present on page 

2020-07-16 22:54:29 - [MESSAGE][PASSED] - Text 'Tennis' is present on page 

2020-07-16 22:54:29 - [TEST_STEP][PASSED] - verifyTextPresent("UDF9 Label", false): Text 'UDF9 Label' is present on page 

2020-07-16 22:54:29 - [MESSAGE][PASSED] - Text 'UDF9 Label' is present on page 

2020-07-16 22:54:29 - [TEST_STEP][PASSED] - verifyTextPresent("data 9", false): Text 'data 9' is present on page 

2020-07-16 22:54:29 - [MESSAGE][PASSED] - Text 'data 9' is present on page 

2020-07-16 22:54:29 - [TEST_STEP][PASSED] - verifyTextPresent("Tax Amount", false): Text 'Tax Amount' is present on page 

2020-07-16 22:54:30 - [MESSAGE][PASSED] - Text 'Tax Amount' is present on page 

2020-07-16 22:54:30 - [TEST_STEP][PASSED] - verifyTextPresent("$0.00", false): Text '$0.00' is present on page 

2020-07-16 22:54:30 - [MESSAGE][PASSED] - Text '$0.00' is present on page 

2020-07-16 22:54:30 - [TEST_STEP][PASSED] - verifyTextPresent("Amount", false): Text 'Amount' is present on page 

2020-07-16 22:54:30 - [MESSAGE][PASSED] - Text 'Amount' is present on page 

2020-07-16 22:54:30 - [TEST_STEP][PASSED] - verifyTextPresent(Amount, false): Text '33.50' is present on page 

2020-07-16 22:54:31 - [MESSAGE][PASSED] - Text '33.50' is present on page 

2020-07-16 22:54:31 - [TEST_STEP][PASSED] - verifyTextPresent("Transaction Type", false): Text 'Transaction Type' is present on page 

2020-07-16 22:54:31 - [MESSAGE][PASSED] - Text 'Transaction Type' is present on page 

2020-07-16 22:54:31 - [TEST_STEP][PASSED] - verifyTextPresent("Authorization and Capture", false): Text 'Authorization and Capture' is present on page 

2020-07-16 22:54:31 - [MESSAGE][PASSED] - Text 'Authorization and Capture' is present on page 

2020-07-16 22:54:31 - [TEST_STEP][PASSED] - verifyTextPresent("Card Information", false): Text 'Card Information' is present on page 

2020-07-16 22:54:32 - [MESSAGE][PASSED] - Text 'Card Information' is present on page 

2020-07-16 22:54:32 - [TEST_STEP][PASSED] - verifyTextPresent(CardType, false): Text 'American Express' is present on page 

2020-07-16 22:54:32 - [MESSAGE][PASSED] - Text 'American Express' is present on page 

2020-07-16 22:54:32 - [TEST_STEP][PASSED] - verifyTextPresent(CName2, false): Text 'AYUSH KHURANNA' is present on page 

2020-07-16 22:54:32 - [MESSAGE][PASSED] - Text 'AYUSH KHURANNA' is present on page 

2020-07-16 22:54:32 - [TEST_STEP][PASSED] - verifyTextPresent(Last4, false): Text '0002' is present on page 

2020-07-16 22:54:33 - [MESSAGE][PASSED] - Text '0002' is present on page 

2020-07-16 22:54:33 - [TEST_STEP][PASSED] - verifyTextPresent("Billing information", false): Text 'Billing information' is present on page 

2020-07-16 22:54:33 - [MESSAGE][PASSED] - Text 'Billing information' is present on page 

2020-07-16 22:54:33 - [TEST_STEP][PASSED] - verifyTextPresent("Address Line 1", false): Text 'Address Line 1' is present on page 

2020-07-16 22:54:33 - [MESSAGE][PASSED] - Text 'Address Line 1' is present on page 

2020-07-16 22:54:33 - [TEST_STEP][PASSED] - verifyTextPresent(AL1, false): Text '44 Dadar road' is present on page 

2020-07-16 22:54:34 - [MESSAGE][PASSED] - Text '44 Dadar road' is present on page 

2020-07-16 22:54:34 - [TEST_STEP][PASSED] - verifyTextPresent("Address Line 2", false): Text 'Address Line 2' is present on page 

2020-07-16 22:54:34 - [MESSAGE][PASSED] - Text 'Address Line 2' is present on page 

2020-07-16 22:54:34 - [TEST_STEP][PASSED] - verifyTextPresent(AL2, false): Text 'House 63' is present on page 

2020-07-16 22:54:34 - [MESSAGE][PASSED] - Text 'House 63' is present on page 

2020-07-16 22:54:34 - [TEST_STEP][PASSED] - verifyTextPresent("Country", false): Text 'Country' is present on page 

2020-07-16 22:54:34 - [MESSAGE][PASSED] - Text 'Country' is present on page 

2020-07-16 22:54:34 - [TEST_STEP][PASSED] - verifyTextPresent("United States", false): Text 'United States' is present on page 

2020-07-16 22:54:35 - [MESSAGE][PASSED] - Text 'United States' is present on page 

2020-07-16 22:54:35 - [TEST_STEP][PASSED] - verifyTextPresent("City", false): Text 'City' is present on page 

2020-07-16 22:54:35 - [MESSAGE][PASSED] - Text 'City' is present on page 

2020-07-16 22:54:35 - [TEST_STEP][PASSED] - verifyTextPresent(City, false): Text 'SEVERN' is present on page 

2020-07-16 22:54:35 - [MESSAGE][PASSED] - Text 'SEVERN' is present on page 

2020-07-16 22:54:35 - [TEST_STEP][PASSED] - verifyTextPresent("State", false): Text 'State' is present on page 

2020-07-16 22:54:36 - [MESSAGE][PASSED] - Text 'State' is present on page 

2020-07-16 22:54:36 - [TEST_STEP][PASSED] - verifyTextPresent(State2, false): Text 'MD' is present on page 

2020-07-16 22:54:36 - [MESSAGE][PASSED] - Text 'MD' is present on page 

2020-07-16 22:54:36 - [TEST_STEP][PASSED] - verifyTextPresent("ZIP Code", false): Text 'ZIP Code' is present on page 

2020-07-16 22:54:36 - [MESSAGE][PASSED] - Text 'ZIP Code' is present on page 

2020-07-16 22:54:36 - [TEST_STEP][PASSED] - verifyTextPresent(CZIP, false): Text '21144' is present on page 

2020-07-16 22:54:37 - [MESSAGE][PASSED] - Text '21144' is present on page 

2020-07-16 22:54:37 - [TEST_STEP][PASSED] - verifyElementPresent(findTestObject("Object Repository/IWP30/Page_Receipt/ExitButton"), 30): Object 'Object Repository/IWP30/Page_Receipt/ExitButton' is present

2020-07-16 22:54:37 - [MESSAGE][PASSED] - Object 'Object Repository/IWP30/Page_Receipt/ExitButton' is present

2020-07-16 22:54:37 - [TEST_STEP][PASSED] - closeBrowser(): Browser is closed

2020-07-16 22:54:38 - [MESSAGE][PASSED] - Browser is closed

2020-07-16 22:54:38 - [TEST_STEP][PASSED] - openBrowser(urlEmulator): Browser is opened with url: 'https://qa.velocitypayment.com/agency/config.do?action=editor'

2020-07-16 22:54:38 - [MESSAGE][INFO] - Starting 'Chrome' driver

2020-07-16 22:54:38 - [MESSAGE][INFO] - User set preference: ['acceptInsecureCerts', 'true']

2020-07-16 22:54:38 - [MESSAGE][INFO] - Action delay is set to 0 milliseconds

2020-07-16 22:54:42 - [MESSAGE][PASSED] - Browser is opened with url: 'https://qa.velocitypayment.com/agency/config.do?action=editor'

2020-07-16 22:54:42 - [TEST_STEP][PASSED] - maximizeWindow(): Current window maximized

2020-07-16 22:54:42 - [MESSAGE][PASSED] - Current window maximized

2020-07-16 22:54:42 - [TEST_STEP][PASSED] - iwpPages.emulatorIWP30.setDataEmulatorStandard(): iwpPages.emulatorIWP30.setDataEmulatorStandard is PASSED

2020-07-16 22:54:42 - [MESSAGE][PASSED] - Object 'Object Repository/IWP30/Page_VRelay30Emulator/Amount' is present

2020-07-16 22:54:43 - [MESSAGE][PASSED] - All options with value '3.0' are selected in object 'Object Repository/IWP30/Page_VRelay30Emulator/MV'  using regular expression

2020-07-16 22:54:44 - [MESSAGE][PASSED] - Text '10.50' is set on object 'Object Repository/IWP30/Page_VRelay30Emulator/Amount'

2020-07-16 22:54:44 - [MESSAGE][PASSED] - Text '54654701' is set on object 'Object Repository/IWP30/Page_VRelay30Emulator/CAN'

2020-07-16 22:54:45 - [MESSAGE][PASSED] - Text 'PayNow' is set on object 'Object Repository/IWP30/Page_VRelay30Emulator/Action'

2020-07-16 22:54:46 - [MESSAGE][PASSED] - Text 'en_US' is set on object 'Object Repository/IWP30/Page_VRelay30Emulator/Lang'

2020-07-16 22:54:46 - [MESSAGE][PASSED] - Text '' is set on object 'Object Repository/IWP30/Page_VRelay30Emulator/Fname'

2020-07-16 22:54:47 - [MESSAGE][PASSED] - Text '' is set on object 'Object Repository/IWP30/Page_VRelay30Emulator/Lname'

2020-07-16 22:54:47 - [MESSAGE][PASSED] - Text '' is set on object 'Object Repository/IWP30/Page_VRelay30Emulator/AL1'

2020-07-16 22:54:48 - [MESSAGE][PASSED] - Text '' is set on object 'Object Repository/IWP30/Page_VRelay30Emulator/AL2'

2020-07-16 22:54:48 - [MESSAGE][PASSED] - Text '' is set on object 'Object Repository/IWP30/Page_VRelay30Emulator/Country'

2020-07-16 22:54:49 - [MESSAGE][PASSED] - Text '' is set on object 'Object Repository/IWP30/Page_VRelay30Emulator/City'

2020-07-16 22:54:50 - [MESSAGE][PASSED] - Text '' is set on object 'Object Repository/IWP30/Page_VRelay30Emulator/State'

2020-07-16 22:54:50 - [MESSAGE][PASSED] - Text '' is set on object 'Object Repository/IWP30/Page_VRelay30Emulator/ZIP'

2020-07-16 22:54:51 - [MESSAGE][PASSED] - Text '' is set on object 'Object Repository/IWP30/Page_VRelay30Emulator/Order'

2020-07-16 22:54:52 - [MESSAGE][PASSED] - Text '' is set on object 'Object Repository/IWP30/Page_VRelay30Emulator/Company'

2020-07-16 22:54:52 - [MESSAGE][PASSED] - Text '' is set on object 'Object Repository/IWP30/Page_VRelay30Emulator/Email'

2020-07-16 22:54:53 - [MESSAGE][PASSED] - Text '' is set on object 'Object Repository/IWP30/Page_VRelay30Emulator/UDF1'

2020-07-16 22:54:54 - [MESSAGE][PASSED] - Text '' is set on object 'Object Repository/IWP30/Page_VRelay30Emulator/UDF2'

2020-07-16 22:54:54 - [MESSAGE][PASSED] - Text 'data 3' is set on object 'Object Repository/IWP30/Page_VRelay30Emulator/UDF3'

2020-07-16 22:54:55 - [MESSAGE][PASSED] - Text 'data 4' is set on object 'Object Repository/IWP30/Page_VRelay30Emulator/UDF4'

2020-07-16 22:54:56 - [MESSAGE][PASSED] - Text 'data 5' is set on object 'Object Repository/IWP30/Page_VRelay30Emulator/UDF5'

2020-07-16 22:54:57 - [MESSAGE][PASSED] - Text 'data 6' is set on object 'Object Repository/IWP30/Page_VRelay30Emulator/UDF6'

2020-07-16 22:54:57 - [MESSAGE][PASSED] - Text 'Orange' is set on object 'Object Repository/IWP30/Page_VRelay30Emulator/UDF7'

2020-07-16 22:54:58 - [MESSAGE][PASSED] - Text 'Soccer' is set on object 'Object Repository/IWP30/Page_VRelay30Emulator/UDF8'

2020-07-16 22:54:59 - [MESSAGE][PASSED] - Text 'data 9' is set on object 'Object Repository/IWP30/Page_VRelay30Emulator/UDF9'

2020-07-16 22:54:59 - [MESSAGE][PASSED] - Text 'data 10' is set on object 'Object Repository/IWP30/Page_VRelay30Emulator/UDF10'

2020-07-16 22:55:02 - [MESSAGE][PASSED] - Object: 'Object Repository/IWP30/Page_VRelay30Emulator/Submit' is clicked on

2020-07-16 22:55:08 - [MESSAGE][PASSED] - Browser is closed

2020-07-16 22:55:08 - [MESSAGE][PASSED] - iwpPages.emulatorIWP30.setDataEmulatorStandard is PASSED

2020-07-16 22:55:08 - [TEST_STEP][PASSED] - openBrowser(urlTestHarness): Browser is opened with url: 'https://dev-algorithm.govolution.com/vrelaytest/QA/version_2_2/vrelaytest.html'

2020-07-16 22:55:08 - [MESSAGE][INFO] - Starting 'Chrome' driver

2020-07-16 22:55:08 - [MESSAGE][INFO] - User set preference: ['acceptInsecureCerts', 'true']

2020-07-16 22:55:08 - [MESSAGE][INFO] - Action delay is set to 0 milliseconds

2020-07-16 22:55:12 - [MESSAGE][PASSED] - Browser is opened with url: 'https://dev-algorithm.govolution.com/vrelaytest/QA/version_2_2/vrelaytest.html'

2020-07-16 22:55:12 - [TEST_STEP][PASSED] - maximizeWindow(): Current window maximized

2020-07-16 22:55:12 - [MESSAGE][PASSED] - Current window maximized

2020-07-16 22:55:12 - [TEST_STEP][PASSED] - genRemIDVoid = RandomStringUtils.random(12, true, true): null

2020-07-16 22:55:12 - [TEST_STEP][PASSED] - if (verifyElementPresent(findTestObject("Object Repository/IWP30/Page_QATestHarness/RemittanceID"), 30)): null

2020-07-16 22:55:12 - [MESSAGE][PASSED] - Object 'Object Repository/IWP30/Page_QATestHarness/RemittanceID' is present

2020-07-16 22:55:12 - [TEST_STEP][PASSED] - println("We are on Test Harness page, start populating"): null

2020-07-16 22:55:12 - [TEST_STEP][PASSED] - setText(findTestObject("Object Repository/IWP30/Page_QATestHarness/ApplicationID"), "649"): Text '649' is set on object 'Object Repository/IWP30/Page_QATestHarness/ApplicationID'

2020-07-16 22:55:13 - [MESSAGE][PASSED] - Text '649' is set on object 'Object Repository/IWP30/Page_QATestHarness/ApplicationID'

2020-07-16 22:55:13 - [TEST_STEP][PASSED] - setText(findTestObject("Object Repository/IWP30/Page_QATestHarness/MessageVersion"), "3.0"): Text '3.0' is set on object 'Object Repository/IWP30/Page_QATestHarness/MessageVersion'

2020-07-16 22:55:14 - [MESSAGE][PASSED] - Text '3.0' is set on object 'Object Repository/IWP30/Page_QATestHarness/MessageVersion'

2020-07-16 22:55:14 - [TEST_STEP][PASSED] - setText(findTestObject("Object Repository/IWP30/Page_QATestHarness/RemittanceID"), genRemIDVoid): Text 'VlaIJHyVGnuf' is set on object 'Object Repository/IWP30/Page_QATestHarness/RemittanceID'

2020-07-16 22:55:14 - [MESSAGE][PASSED] - Text 'VlaIJHyVGnuf' is set on object 'Object Repository/IWP30/Page_QATestHarness/RemittanceID'

2020-07-16 22:55:14 - [TEST_STEP][PASSED] - click(findTestObject("Object Repository/IWP30/Page_QATestHarness/SubmitButton")): Object: 'Object Repository/IWP30/Page_QATestHarness/SubmitButton' is clicked on

2020-07-16 22:55:16 - [MESSAGE][PASSED] - Object: 'Object Repository/IWP30/Page_QATestHarness/SubmitButton' is clicked on

2020-07-16 22:55:16 - [TEST_STEP][PASSED] - verifyTextPresent("Select Payment Method", false): Text 'Select Payment Method' is present on page 

2020-07-16 22:55:16 - [MESSAGE][PASSED] - Text 'Select Payment Method' is present on page 

2020-07-16 22:55:16 - [TEST_STEP][PASSED] - verifyTextPresent("Please choose the method of payment", false): Text 'Please choose the method of payment' is present on page 

2020-07-16 22:55:16 - [MESSAGE][PASSED] - Text 'Please choose the method of payment' is present on page 

2020-07-16 22:55:16 - [TEST_STEP][PASSED] - verifyElementPresent(findTestObject("Object Repository/IWP30/Page_SelectPaymentMethod/PayByCreditCard"), 30): Object 'Object Repository/IWP30/Page_SelectPaymentMethod/PayByCreditCard' is present

2020-07-16 22:55:17 - [MESSAGE][PASSED] - Object 'Object Repository/IWP30/Page_SelectPaymentMethod/PayByCreditCard' is present

2020-07-16 22:55:17 - [TEST_STEP][PASSED] - verifyElementPresent(findTestObject("Object Repository/IWP30/Page_SelectPaymentMethod/PayByCorporateCheck"), 30): Object 'Object Repository/IWP30/Page_SelectPaymentMethod/PayByCorporateCheck' is present

2020-07-16 22:55:17 - [MESSAGE][PASSED] - Object 'Object Repository/IWP30/Page_SelectPaymentMethod/PayByCorporateCheck' is present

2020-07-16 22:55:17 - [TEST_STEP][PASSED] - verifyElementPresent(findTestObject("Object Repository/IWP30/Page_SelectPaymentMethod/PayByPersonalCheck"), 30): Object 'Object Repository/IWP30/Page_SelectPaymentMethod/PayByPersonalCheck' is present

2020-07-16 22:55:17 - [MESSAGE][PASSED] - Object 'Object Repository/IWP30/Page_SelectPaymentMethod/PayByPersonalCheck' is present

2020-07-16 22:55:17 - [TEST_STEP][PASSED] - verifyElementPresent(findTestObject("Object Repository/IWP30/Page_SelectPaymentMethod/ExitButton"), 30): Object 'Object Repository/IWP30/Page_SelectPaymentMethod/ExitButton' is present

2020-07-16 22:55:18 - [MESSAGE][PASSED] - Object 'Object Repository/IWP30/Page_SelectPaymentMethod/ExitButton' is present

2020-07-16 22:55:18 - [TEST_STEP][PASSED] - if (verifyElementPresent(findTestObject("Object Repository/IWP30/Page_SelectPaymentMethod/PayByCreditCard"), 30)): null

2020-07-16 22:55:18 - [MESSAGE][PASSED] - Object 'Object Repository/IWP30/Page_SelectPaymentMethod/PayByCreditCard' is present

2020-07-16 22:55:18 - [TEST_STEP][PASSED] - println("We are on Select Payment Method page, start populating"): null

2020-07-16 22:55:18 - [TEST_STEP][PASSED] - check(findTestObject("Object Repository/IWP30/Page_SelectPaymentMethod/PayByCreditCard")): Object 'Object Repository/IWP30/Page_SelectPaymentMethod/PayByCreditCard' is checked

2020-07-16 22:55:18 - [MESSAGE][PASSED] - Object 'Object Repository/IWP30/Page_SelectPaymentMethod/PayByCreditCard' is checked

2020-07-16 22:55:18 - [TEST_STEP][PASSED] - Thread.sleep(1000): null

2020-07-16 22:55:19 - [TEST_STEP][PASSED] - click(findTestObject("Object Repository/IWP30/Page_SelectPaymentMethod/MakePaymentButton")): Object: 'Object Repository/IWP30/Page_SelectPaymentMethod/MakePaymentButton' is clicked on

2020-07-16 22:55:20 - [MESSAGE][PASSED] - Object: 'Object Repository/IWP30/Page_SelectPaymentMethod/MakePaymentButton' is clicked on

2020-07-16 22:55:20 - [TEST_STEP][PASSED] - verifyTextPresent("Required fields are highlighted with an asterisk", false): Text 'Required fields are highlighted with an asterisk' is present on page 

2020-07-16 22:55:21 - [MESSAGE][PASSED] - Text 'Required fields are highlighted with an asterisk' is present on page 

2020-07-16 22:55:21 - [TEST_STEP][PASSED] - verifyTextPresent("Please enter the following information about your payment", false): Text 'Please enter the following information about your payment' is present on page 

2020-07-16 22:55:21 - [MESSAGE][PASSED] - Text 'Please enter the following information about your payment' is present on page 

2020-07-16 22:55:21 - [TEST_STEP][PASSED] - verifyTextPresent("CAN Label", false): Text 'CAN Label' is present on page 

2020-07-16 22:55:22 - [MESSAGE][PASSED] - Text 'CAN Label' is present on page 

2020-07-16 22:55:22 - [TEST_STEP][PASSED] - verifyTextPresent("Tax Amount", false): Text 'Tax Amount' is present on page 

2020-07-16 22:55:22 - [MESSAGE][PASSED] - Text 'Tax Amount' is present on page 

2020-07-16 22:55:22 - [TEST_STEP][PASSED] - verifyTextPresent("Amount", false): Text 'Amount' is present on page 

2020-07-16 22:55:22 - [MESSAGE][PASSED] - Text 'Amount' is present on page 

2020-07-16 22:55:22 - [TEST_STEP][PASSED] - verifyTextPresent("UDF1 Label", false): Text 'UDF1 Label' is present on page 

2020-07-16 22:55:23 - [MESSAGE][PASSED] - Text 'UDF1 Label' is present on page 

2020-07-16 22:55:23 - [TEST_STEP][PASSED] - verifyTextPresent("UDF2 Label", false): Text 'UDF2 Label' is present on page 

2020-07-16 22:55:23 - [MESSAGE][PASSED] - Text 'UDF2 Label' is present on page 

2020-07-16 22:55:23 - [TEST_STEP][PASSED] - verifyTextPresent("UDF3 Label", false): Text 'UDF3 Label' is present on page 

2020-07-16 22:55:24 - [MESSAGE][PASSED] - Text 'UDF3 Label' is present on page 

2020-07-16 22:55:24 - [TEST_STEP][PASSED] - verifyTextPresent("UDF4 Label", false): Text 'UDF4 Label' is present on page 

2020-07-16 22:55:24 - [MESSAGE][PASSED] - Text 'UDF4 Label' is present on page 

2020-07-16 22:55:24 - [TEST_STEP][PASSED] - verifyTextPresent("UDF6 Label", false): Text 'UDF6 Label' is present on page 

2020-07-16 22:55:24 - [MESSAGE][PASSED] - Text 'UDF6 Label' is present on page 

2020-07-16 22:55:24 - [TEST_STEP][PASSED] - verifyTextPresent("UDF7 Label", false): Text 'UDF7 Label' is present on page 

2020-07-16 22:55:25 - [MESSAGE][PASSED] - Text 'UDF7 Label' is present on page 

2020-07-16 22:55:25 - [TEST_STEP][PASSED] - verifyTextPresent("UDF8 Label", false): Text 'UDF8 Label' is present on page 

2020-07-16 22:55:25 - [MESSAGE][PASSED] - Text 'UDF8 Label' is present on page 

2020-07-16 22:55:25 - [TEST_STEP][PASSED] - verifyTextPresent("UDF9 Label", false): Text 'UDF9 Label' is present on page 

2020-07-16 22:55:26 - [MESSAGE][PASSED] - Text 'UDF9 Label' is present on page 

2020-07-16 22:55:26 - [TEST_STEP][PASSED] - verifyTextPresent("Please enter the following information about your payment method", false): Text 'Please enter the following information about your payment method' is present on page 

2020-07-16 22:55:26 - [MESSAGE][PASSED] - Text 'Please enter the following information about your payment method' is present on page 

2020-07-16 22:55:26 - [TEST_STEP][PASSED] - verifyTextPresent("Cardholder's Name", false): Text 'Cardholder's Name' is present on page 

2020-07-16 22:55:26 - [MESSAGE][PASSED] - Text 'Cardholder's Name' is present on page 

2020-07-16 22:55:26 - [TEST_STEP][PASSED] - verifyTextPresent("Cards Accepted", false): Text 'Cards Accepted' is present on page 

2020-07-16 22:55:27 - [MESSAGE][PASSED] - Text 'Cards Accepted' is present on page 

2020-07-16 22:55:27 - [TEST_STEP][PASSED] - verifyTextPresent("Card Number", false): Text 'Card Number' is present on page 

2020-07-16 22:55:27 - [MESSAGE][PASSED] - Text 'Card Number' is present on page 

2020-07-16 22:55:27 - [TEST_STEP][PASSED] - verifyTextPresent("Signature Panel Code", false): Text 'Signature Panel Code' is present on page 

2020-07-16 22:55:28 - [MESSAGE][PASSED] - Text 'Signature Panel Code' is present on page 

2020-07-16 22:55:28 - [TEST_STEP][PASSED] - verifyTextPresent("Expiration Date", false): Text 'Expiration Date' is present on page 

2020-07-16 22:55:28 - [MESSAGE][PASSED] - Text 'Expiration Date' is present on page 

2020-07-16 22:55:28 - [TEST_STEP][PASSED] - verifyTextPresent("Payment Date", false): Text 'Payment Date' is present on page 

2020-07-16 22:55:28 - [MESSAGE][PASSED] - Text 'Payment Date' is present on page 

2020-07-16 22:55:28 - [TEST_STEP][PASSED] - verifyTextPresent("Billing information", false): Text 'Billing information' is present on page 

2020-07-16 22:55:29 - [MESSAGE][PASSED] - Text 'Billing information' is present on page 

2020-07-16 22:55:29 - [TEST_STEP][PASSED] - verifyTextPresent("Address Line 1", false): Text 'Address Line 1' is present on page 

2020-07-16 22:55:29 - [MESSAGE][PASSED] - Text 'Address Line 1' is present on page 

2020-07-16 22:55:29 - [TEST_STEP][PASSED] - verifyTextPresent("Address Line 2", false): Text 'Address Line 2' is present on page 

2020-07-16 22:55:30 - [MESSAGE][PASSED] - Text 'Address Line 2' is present on page 

2020-07-16 22:55:30 - [TEST_STEP][PASSED] - verifyTextPresent("Country", false): Text 'Country' is present on page 

2020-07-16 22:55:30 - [MESSAGE][PASSED] - Text 'Country' is present on page 

2020-07-16 22:55:30 - [TEST_STEP][PASSED] - verifyTextPresent("ZIP Code", false): Text 'ZIP Code' is present on page 

2020-07-16 22:55:30 - [MESSAGE][PASSED] - Text 'ZIP Code' is present on page 

2020-07-16 22:55:30 - [TEST_STEP][PASSED] - verifyTextPresent("City", false): Text 'City' is present on page 

2020-07-16 22:55:31 - [MESSAGE][PASSED] - Text 'City' is present on page 

2020-07-16 22:55:31 - [TEST_STEP][PASSED] - verifyTextPresent("State", false): Text 'State' is present on page 

2020-07-16 22:55:31 - [MESSAGE][PASSED] - Text 'State' is present on page 

2020-07-16 22:55:31 - [TEST_STEP][PASSED] - verifyTextPresent("Receipt information", false): Text 'Receipt information' is present on page 

2020-07-16 22:55:32 - [MESSAGE][PASSED] - Text 'Receipt information' is present on page 

2020-07-16 22:55:32 - [TEST_STEP][PASSED] - verifyTextPresent("Email Address", false): Text 'Email Address' is present on page 

2020-07-16 22:55:32 - [MESSAGE][PASSED] - Text 'Email Address' is present on page 

2020-07-16 22:55:32 - [TEST_STEP][PASSED] - verifyTextPresent("Please check here to store the payment method for future use", false): Text 'Please check here to store the payment method for future use' is present on page 

2020-07-16 22:55:32 - [MESSAGE][PASSED] - Text 'Please check here to store the payment method for future use' is present on page 

2020-07-16 22:55:32 - [TEST_STEP][PASSED] - verifyTextPresent("These are Customer CC Terms", false): Text 'These are Customer CC Terms' is present on page 

2020-07-16 22:55:33 - [MESSAGE][PASSED] - Text 'These are Customer CC Terms' is present on page 

2020-07-16 22:55:33 - [TEST_STEP][PASSED] - verifyTextPresent("These are CC Custom HTML", false): Text 'These are CC Custom HTML' is present on page 

2020-07-16 22:55:33 - [MESSAGE][PASSED] - Text 'These are CC Custom HTML' is present on page 

2020-07-16 22:55:33 - [TEST_STEP][PASSED] - verifyTextPresent("54654701", false): Text '54654701' is present on page 

2020-07-16 22:55:34 - [MESSAGE][PASSED] - Text '54654701' is present on page 

2020-07-16 22:55:34 - [TEST_STEP][PASSED] - verifyTextPresent("data 4", false): Text 'data 4' is present on page 

2020-07-16 22:55:34 - [MESSAGE][PASSED] - Text 'data 4' is present on page 

2020-07-16 22:55:34 - [TEST_STEP][PASSED] - verifyTextPresent("data 6", false): Text 'data 6' is present on page 

2020-07-16 22:55:34 - [MESSAGE][PASSED] - Text 'data 6' is present on page 

2020-07-16 22:55:34 - [TEST_STEP][PASSED] - verifyTextPresent("data 9", false): Text 'data 9' is present on page 

2020-07-16 22:55:35 - [MESSAGE][PASSED] - Text 'data 9' is present on page 

2020-07-16 22:55:35 - [TEST_STEP][PASSED] - verifyTextNotPresent("UDF5 Label", false): Text 'UDF5 Label' is not present on page

2020-07-16 22:55:35 - [MESSAGE][PASSED] - Text 'UDF5 Label' is not present on page

2020-07-16 22:55:35 - [TEST_STEP][PASSED] - verifyTextNotPresent("UDF10 Label", false): Text 'UDF10 Label' is not present on page

2020-07-16 22:55:36 - [MESSAGE][PASSED] - Text 'UDF10 Label' is not present on page

2020-07-16 22:55:36 - [TEST_STEP][PASSED] - verifyElementPresent(findTestObject("Object Repository/IWP30/Page_CCPaymentEntry/Amount"), 30): Object 'Object Repository/IWP30/Page_CCPaymentEntry/Amount' is present

2020-07-16 22:55:36 - [MESSAGE][PASSED] - Object 'Object Repository/IWP30/Page_CCPaymentEntry/Amount' is present

2020-07-16 22:55:36 - [TEST_STEP][PASSED] - verifyElementPresent(findTestObject("Object Repository/IWP30/Page_CCPaymentEntry/UserDefined2"), 30): Object 'Object Repository/IWP30/Page_CCPaymentEntry/UserDefined2' is present

2020-07-16 22:55:36 - [MESSAGE][PASSED] - Object 'Object Repository/IWP30/Page_CCPaymentEntry/UserDefined2' is present

2020-07-16 22:55:36 - [TEST_STEP][PASSED] - verifyElementPresent(findTestObject("Object Repository/IWP30/Page_CCPaymentEntry/UserDefined3"), 30): Object 'Object Repository/IWP30/Page_CCPaymentEntry/UserDefined3' is present

2020-07-16 22:55:37 - [MESSAGE][PASSED] - Object 'Object Repository/IWP30/Page_CCPaymentEntry/UserDefined3' is present

2020-07-16 22:55:37 - [TEST_STEP][PASSED] - verifyElementPresent(findTestObject("Object Repository/IWP30/Page_CCPaymentEntry/UserDefined7"), 30): Object 'Object Repository/IWP30/Page_CCPaymentEntry/UserDefined7' is present

2020-07-16 22:55:37 - [MESSAGE][PASSED] - Object 'Object Repository/IWP30/Page_CCPaymentEntry/UserDefined7' is present

2020-07-16 22:55:37 - [TEST_STEP][PASSED] - verifyElementPresent(findTestObject("Object Repository/IWP30/Page_CCPaymentEntry/UserDefined8"), 30): Object 'Object Repository/IWP30/Page_CCPaymentEntry/UserDefined8' is present

2020-07-16 22:55:37 - [MESSAGE][PASSED] - Object 'Object Repository/IWP30/Page_CCPaymentEntry/UserDefined8' is present

2020-07-16 22:55:37 - [TEST_STEP][PASSED] - verifyElementPresent(findTestObject("Object Repository/IWP30/Page_CCPaymentEntry/Name"), 30): Object 'Object Repository/IWP30/Page_CCPaymentEntry/Name' is present

2020-07-16 22:55:38 - [MESSAGE][PASSED] - Object 'Object Repository/IWP30/Page_CCPaymentEntry/Name' is present

2020-07-16 22:55:38 - [TEST_STEP][PASSED] - verifyElementPresent(findTestObject("Object Repository/IWP30/Page_CCPaymentEntry/CardNumber"), 30): Object 'Object Repository/IWP30/Page_CCPaymentEntry/CardNumber' is present

2020-07-16 22:55:38 - [MESSAGE][PASSED] - Object 'Object Repository/IWP30/Page_CCPaymentEntry/CardNumber' is present

2020-07-16 22:55:38 - [TEST_STEP][PASSED] - verifyElementPresent(findTestObject("Object Repository/IWP30/Page_CCPaymentEntry/SPC"), 30): Object 'Object Repository/IWP30/Page_CCPaymentEntry/SPC' is present

2020-07-16 22:55:38 - [MESSAGE][PASSED] - Object 'Object Repository/IWP30/Page_CCPaymentEntry/SPC' is present

2020-07-16 22:55:38 - [TEST_STEP][PASSED] - verifyElementPresent(findTestObject("Object Repository/IWP30/Page_CCPaymentEntry/Month"), 30): Object 'Object Repository/IWP30/Page_CCPaymentEntry/Month' is present

2020-07-16 22:55:38 - [MESSAGE][PASSED] - Object 'Object Repository/IWP30/Page_CCPaymentEntry/Month' is present

2020-07-16 22:55:38 - [TEST_STEP][PASSED] - verifyElementPresent(findTestObject("Object Repository/IWP30/Page_CCPaymentEntry/Year"), 30): Object 'Object Repository/IWP30/Page_CCPaymentEntry/Year' is present

2020-07-16 22:55:39 - [MESSAGE][PASSED] - Object 'Object Repository/IWP30/Page_CCPaymentEntry/Year' is present

2020-07-16 22:55:39 - [TEST_STEP][PASSED] - verifyElementPresent(findTestObject("Object Repository/IWP30/Page_CCPaymentEntry/ProcessDate"), 30): Object 'Object Repository/IWP30/Page_CCPaymentEntry/ProcessDate' is present

2020-07-16 22:55:39 - [MESSAGE][PASSED] - Object 'Object Repository/IWP30/Page_CCPaymentEntry/ProcessDate' is present

2020-07-16 22:55:39 - [TEST_STEP][PASSED] - verifyElementPresent(findTestObject("Object Repository/IWP30/Page_CCPaymentEntry/AL1"), 30): Object 'Object Repository/IWP30/Page_CCPaymentEntry/AL1' is present

2020-07-16 22:55:39 - [MESSAGE][PASSED] - Object 'Object Repository/IWP30/Page_CCPaymentEntry/AL1' is present

2020-07-16 22:55:39 - [TEST_STEP][PASSED] - verifyElementPresent(findTestObject("Object Repository/IWP30/Page_CCPaymentEntry/AL2"), 30): Object 'Object Repository/IWP30/Page_CCPaymentEntry/AL2' is present

2020-07-16 22:55:40 - [MESSAGE][PASSED] - Object 'Object Repository/IWP30/Page_CCPaymentEntry/AL2' is present

2020-07-16 22:55:40 - [TEST_STEP][PASSED] - verifyElementPresent(findTestObject("Object Repository/IWP30/Page_CCPaymentEntry/CountryDropDown"), 30): Object 'Object Repository/IWP30/Page_CCPaymentEntry/CountryDropDown' is present

2020-07-16 22:55:40 - [MESSAGE][PASSED] - Object 'Object Repository/IWP30/Page_CCPaymentEntry/CountryDropDown' is present

2020-07-16 22:55:40 - [TEST_STEP][PASSED] - verifyElementPresent(findTestObject("Object Repository/IWP30/Page_CCPaymentEntry/ZIP"), 30): Object 'Object Repository/IWP30/Page_CCPaymentEntry/ZIP' is present

2020-07-16 22:55:40 - [MESSAGE][PASSED] - Object 'Object Repository/IWP30/Page_CCPaymentEntry/ZIP' is present

2020-07-16 22:55:40 - [TEST_STEP][PASSED] - verifyElementPresent(findTestObject("Object Repository/IWP30/Page_CCPaymentEntry/City"), 30): Object 'Object Repository/IWP30/Page_CCPaymentEntry/City' is present

2020-07-16 22:55:41 - [MESSAGE][PASSED] - Object 'Object Repository/IWP30/Page_CCPaymentEntry/City' is present

2020-07-16 22:55:41 - [TEST_STEP][PASSED] - verifyElementPresent(findTestObject("Object Repository/IWP30/Page_CCPaymentEntry/State"), 30): Object 'Object Repository/IWP30/Page_CCPaymentEntry/State' is present

2020-07-16 22:55:41 - [MESSAGE][PASSED] - Object 'Object Repository/IWP30/Page_CCPaymentEntry/State' is present

2020-07-16 22:55:41 - [TEST_STEP][PASSED] - verifyElementPresent(findTestObject("Object Repository/IWP30/Page_CCPaymentEntry/EmailAddress"), 30): Object 'Object Repository/IWP30/Page_CCPaymentEntry/EmailAddress' is present

2020-07-16 22:55:41 - [MESSAGE][PASSED] - Object 'Object Repository/IWP30/Page_CCPaymentEntry/EmailAddress' is present

2020-07-16 22:55:41 - [TEST_STEP][PASSED] - verifyElementPresent(findTestObject("Object Repository/IWP30/Page_CCPaymentEntry/StorePaymentMethodCheckBox"), 30): Object 'Object Repository/IWP30/Page_CCPaymentEntry/StorePaymentMethodCheckBox' is present

2020-07-16 22:55:42 - [MESSAGE][PASSED] - Object 'Object Repository/IWP30/Page_CCPaymentEntry/StorePaymentMethodCheckBox' is present

2020-07-16 22:55:42 - [TEST_STEP][PASSED] - verifyElementPresent(findTestObject("Object Repository/IWP30/Page_CCPaymentEntry/TermCondCheckBox"), 30): Object 'Object Repository/IWP30/Page_CCPaymentEntry/TermCondCheckBox' is present

2020-07-16 22:55:42 - [MESSAGE][PASSED] - Object 'Object Repository/IWP30/Page_CCPaymentEntry/TermCondCheckBox' is present

2020-07-16 22:55:42 - [TEST_STEP][PASSED] - verifyElementPresent(findTestObject("Object Repository/IWP30/Page_CCPaymentEntry/ContinueButton"), 30): Object 'Object Repository/IWP30/Page_CCPaymentEntry/ContinueButton' is present

2020-07-16 22:55:42 - [MESSAGE][PASSED] - Object 'Object Repository/IWP30/Page_CCPaymentEntry/ContinueButton' is present

2020-07-16 22:55:42 - [TEST_STEP][PASSED] - verifyElementPresent(findTestObject("Object Repository/IWP30/Page_CCPaymentEntry/ChangePaymentMethodButton"), 30): Object 'Object Repository/IWP30/Page_CCPaymentEntry/ChangePaymentMethodButton' is present

2020-07-16 22:55:42 - [MESSAGE][PASSED] - Object 'Object Repository/IWP30/Page_CCPaymentEntry/ChangePaymentMethodButton' is present

2020-07-16 22:55:42 - [TEST_STEP][PASSED] - verifyElementPresent(findTestObject("Object Repository/IWP30/Page_CCPaymentEntry/ExitButton"), 30): Object 'Object Repository/IWP30/Page_CCPaymentEntry/ExitButton' is present

2020-07-16 22:55:43 - [MESSAGE][PASSED] - Object 'Object Repository/IWP30/Page_CCPaymentEntry/ExitButton' is present

2020-07-16 22:55:43 - [TEST_STEP][PASSED] - iwpPages.ccPaymentEntryPage.setDataCCPM(row, dataFile): iwpPages.ccPaymentEntryPage.setDataCCPM is PASSED

2020-07-16 22:55:43 - [MESSAGE][PASSED] - Object 'Object Repository/IWP30/Page_CCPaymentEntry/Name' is present

2020-07-16 22:55:44 - [MESSAGE][PASSED] - Object 'Object Repository/IWP30/Page_CCPaymentEntry/Amount' is present

2020-07-16 22:55:44 - [MESSAGE][PASSED] - Text '99.50' is set on object 'Object Repository/IWP30/Page_CCPaymentEntry/Amount'

2020-07-16 22:55:45 - [MESSAGE][PASSED] - Object 'Object Repository/IWP30/Page_CCPaymentEntry/UserDefined2' is present

2020-07-16 22:55:45 - [MESSAGE][PASSED] - Text 'Newton' is set on object 'Object Repository/IWP30/Page_CCPaymentEntry/UserDefined2'

2020-07-16 22:55:46 - [MESSAGE][PASSED] - Object 'Object Repository/IWP30/Page_CCPaymentEntry/UserDefined3' is present

2020-07-16 22:55:46 - [MESSAGE][PASSED] - Text 'Stree' is set on object 'Object Repository/IWP30/Page_CCPaymentEntry/UserDefined3'

2020-07-16 22:55:47 - [MESSAGE][PASSED] - Object 'Object Repository/IWP30/Page_CCPaymentEntry/UserDefined7' is present

2020-07-16 22:55:47 - [MESSAGE][PASSED] - All options with label 'Purple' are selected in object 'Object Repository/IWP30/Page_CCPaymentEntry/UserDefined7' 

2020-07-16 22:55:48 - [MESSAGE][PASSED] - Object 'Object Repository/IWP30/Page_CCPaymentEntry/UserDefined8' is present

2020-07-16 22:55:48 - [MESSAGE][PASSED] - All options with label 'Soccer' are selected in object 'Object Repository/IWP30/Page_CCPaymentEntry/UserDefined8' 

2020-07-16 22:55:49 - [MESSAGE][PASSED] - Object 'Object Repository/IWP30/Page_CCPaymentEntry/Name' is present

2020-07-16 22:55:49 - [MESSAGE][PASSED] - Text 'Raj Kumar Rao' is set on object 'Object Repository/IWP30/Page_CCPaymentEntry/Name'

2020-07-16 22:55:50 - [MESSAGE][PASSED] - Object 'Object Repository/IWP30/Page_CCPaymentEntry/CardNumber' is present

2020-07-16 22:55:50 - [MESSAGE][PASSED] - Text '6011000000000004' is set on object 'Object Repository/IWP30/Page_CCPaymentEntry/CardNumber'

2020-07-16 22:55:51 - [MESSAGE][PASSED] - Object 'Object Repository/IWP30/Page_CCPaymentEntry/SPC' is present

2020-07-16 22:55:51 - [MESSAGE][PASSED] - Text '358' is set on object 'Object Repository/IWP30/Page_CCPaymentEntry/SPC'

2020-07-16 22:55:52 - [MESSAGE][PASSED] - Object 'Object Repository/IWP30/Page_CCPaymentEntry/Month' is present

2020-07-16 22:55:52 - [MESSAGE][PASSED] - All options with label '02' are selected in object 'Object Repository/IWP30/Page_CCPaymentEntry/Month' 

2020-07-16 22:55:52 - [MESSAGE][PASSED] - Object 'Object Repository/IWP30/Page_CCPaymentEntry/Year' is present

2020-07-16 22:55:53 - [MESSAGE][PASSED] - All options with label '2028' are selected in object 'Object Repository/IWP30/Page_CCPaymentEntry/Year' 

2020-07-16 22:55:53 - [MESSAGE][PASSED] - Object 'Object Repository/IWP30/Page_CCPaymentEntry/ProcessDate' is present

2020-07-16 22:55:54 - [MESSAGE][PASSED] - Object 'Object Repository/IWP30/Page_CCPaymentEntry/AL1' is present

2020-07-16 22:55:54 - [MESSAGE][PASSED] - Text '654 Kali terrace' is set on object 'Object Repository/IWP30/Page_CCPaymentEntry/AL1'

2020-07-16 22:55:55 - [MESSAGE][PASSED] - Object 'Object Repository/IWP30/Page_CCPaymentEntry/AL2' is present

2020-07-16 22:55:55 - [MESSAGE][PASSED] - Text 'Suite 159' is set on object 'Object Repository/IWP30/Page_CCPaymentEntry/AL2'

2020-07-16 22:55:56 - [MESSAGE][PASSED] - Object 'Object Repository/IWP30/Page_CCPaymentEntry/ZIP' is present

2020-07-16 22:55:56 - [MESSAGE][PASSED] - Text '21114' is set on object 'Object Repository/IWP30/Page_CCPaymentEntry/ZIP'

2020-07-16 22:55:57 - [MESSAGE][PASSED] - Object 'Object Repository/IWP30/Page_CCPaymentEntry/EmailAddress' is present

2020-07-16 22:55:58 - [MESSAGE][PASSED] - Text 'koiho@gmail.com' is set on object 'Object Repository/IWP30/Page_CCPaymentEntry/EmailAddress'

2020-07-16 22:55:58 - [MESSAGE][PASSED] - Object 'Object Repository/IWP30/Page_CCPaymentEntry/TermCondCheckBox' is present

2020-07-16 22:55:58 - [MESSAGE][PASSED] - Object 'Object Repository/IWP30/Page_CCPaymentEntry/TermCondCheckBox' is checked

2020-07-16 22:55:59 - [MESSAGE][PASSED] - Object 'Object Repository/IWP30/Page_CCPaymentEntry/ContinueButton' is present

2020-07-16 22:56:00 - [MESSAGE][PASSED] - Object: 'Object Repository/IWP30/Page_CCPaymentEntry/ContinueButton' is clicked on

2020-07-16 22:56:00 - [MESSAGE][PASSED] - iwpPages.ccPaymentEntryPage.setDataCCPM is PASSED

2020-07-16 22:56:00 - [TEST_STEP][PASSED] - Amount = findTestData("VerifyUINoCFCCTestData").getValue("CCAmount", row): null

2020-07-16 22:56:00 - [TEST_STEP][PASSED] - UDF2 = findTestData("VerifyUINoCFCCTestData").getValue("CCUDF2", row): null

2020-07-16 22:56:00 - [TEST_STEP][PASSED] - UDF3 = findTestData("VerifyUINoCFCCTestData").getValue("CCUDF3", row): null

2020-07-16 22:56:00 - [TEST_STEP][PASSED] - UDF7 = findTestData("VerifyUINoCFCCTestData").getValue("CCUDF7", row): null

2020-07-16 22:56:00 - [TEST_STEP][PASSED] - UDF8 = findTestData("VerifyUINoCFCCTestData").getValue("CCUDF8", row): null

2020-07-16 22:56:00 - [TEST_STEP][PASSED] - CName = findTestData("VerifyUINoCFCCTestData").getValue("CCName", row): null

2020-07-16 22:56:00 - [TEST_STEP][PASSED] - CardType = findTestData("VerifyUINoCFCCTestData").getValue("VerCardType", row): null

2020-07-16 22:56:00 - [TEST_STEP][PASSED] - Last4 = findTestData("VerifyUINoCFCCTestData").getValue("VerLast4", row): null

2020-07-16 22:56:00 - [TEST_STEP][PASSED] - CExp = findTestData("VerifyUINoCFCCTestData").getValue("VerExp", row): null

2020-07-16 22:56:00 - [TEST_STEP][PASSED] - AL1 = findTestData("VerifyUINoCFCCTestData").getValue("CCAL1", row): null

2020-07-16 22:56:00 - [TEST_STEP][PASSED] - AL2 = findTestData("VerifyUINoCFCCTestData").getValue("CCAL2", row): null

2020-07-16 22:56:00 - [TEST_STEP][PASSED] - City = findTestData("VerifyUINoCFCCTestData").getValue("VerCity", row): null

2020-07-16 22:56:00 - [TEST_STEP][PASSED] - State = findTestData("VerifyUINoCFCCTestData").getValue("VerState", row): null

2020-07-16 22:56:00 - [TEST_STEP][PASSED] - CZIP = findTestData("VerifyUINoCFCCTestData").getValue("CCZIP", row): null

2020-07-16 22:56:00 - [TEST_STEP][PASSED] - Email = findTestData("VerifyUINoCFCCTestData").getValue("CCEmail", row): null

2020-07-16 22:56:00 - [TEST_STEP][PASSED] - State2 = findTestData("VerifyUINoCFCCTestData").getValue("VerState2", row): null

2020-07-16 22:56:00 - [TEST_STEP][PASSED] - CName2 = findTestData("VerifyUINoCFCCTestData").getValue("VerCCName", row): null

2020-07-16 22:56:00 - [TEST_STEP][PASSED] - verifyTextPresent("Please verify the following information", false): Text 'Please verify the following information' is present on page 

2020-07-16 22:56:00 - [MESSAGE][PASSED] - Text 'Please verify the following information' is present on page 

2020-07-16 22:56:00 - [TEST_STEP][PASSED] - verifyTextPresent("CAN Label", false): Text 'CAN Label' is present on page 

2020-07-16 22:56:01 - [MESSAGE][PASSED] - Text 'CAN Label' is present on page 

2020-07-16 22:56:01 - [TEST_STEP][PASSED] - verifyTextPresent("54654701", false): Text '54654701' is present on page 

2020-07-16 22:56:01 - [MESSAGE][PASSED] - Text '54654701' is present on page 

2020-07-16 22:56:01 - [TEST_STEP][PASSED] - verifyTextPresent("Tax Amount", false): Text 'Tax Amount' is present on page 

2020-07-16 22:56:01 - [MESSAGE][PASSED] - Text 'Tax Amount' is present on page 

2020-07-16 22:56:01 - [TEST_STEP][PASSED] - verifyTextPresent("$0.00", false): Text '$0.00' is present on page 

2020-07-16 22:56:02 - [MESSAGE][PASSED] - Text '$0.00' is present on page 

2020-07-16 22:56:02 - [TEST_STEP][PASSED] - verifyTextPresent("Amount", false): Text 'Amount' is present on page 

2020-07-16 22:56:02 - [MESSAGE][PASSED] - Text 'Amount' is present on page 

2020-07-16 22:56:02 - [TEST_STEP][PASSED] - verifyTextPresent(Amount, false): Text '99.50' is present on page 

2020-07-16 22:56:02 - [MESSAGE][PASSED] - Text '99.50' is present on page 

2020-07-16 22:56:02 - [TEST_STEP][PASSED] - verifyTextPresent("UDF2 Label", false): Text 'UDF2 Label' is present on page 

2020-07-16 22:56:03 - [MESSAGE][PASSED] - Text 'UDF2 Label' is present on page 

2020-07-16 22:56:03 - [TEST_STEP][PASSED] - verifyTextPresent(UDF2, false): Text 'Newton' is present on page 

2020-07-16 22:56:03 - [MESSAGE][PASSED] - Text 'Newton' is present on page 

2020-07-16 22:56:03 - [TEST_STEP][PASSED] - verifyTextPresent("UDF3 Label", false): Text 'UDF3 Label' is present on page 

2020-07-16 22:56:03 - [MESSAGE][PASSED] - Text 'UDF3 Label' is present on page 

2020-07-16 22:56:03 - [TEST_STEP][PASSED] - verifyTextPresent(UDF3, false): Text 'Stree' is present on page 

2020-07-16 22:56:04 - [MESSAGE][PASSED] - Text 'Stree' is present on page 

2020-07-16 22:56:04 - [TEST_STEP][PASSED] - verifyTextPresent("UDF4 Label", false): Text 'UDF4 Label' is present on page 

2020-07-16 22:56:04 - [MESSAGE][PASSED] - Text 'UDF4 Label' is present on page 

2020-07-16 22:56:04 - [TEST_STEP][PASSED] - verifyTextPresent("data 4", false): Text 'data 4' is present on page 

2020-07-16 22:56:04 - [MESSAGE][PASSED] - Text 'data 4' is present on page 

2020-07-16 22:56:04 - [TEST_STEP][PASSED] - verifyTextPresent("UDF6 Label", false): Text 'UDF6 Label' is present on page 

2020-07-16 22:56:05 - [MESSAGE][PASSED] - Text 'UDF6 Label' is present on page 

2020-07-16 22:56:05 - [TEST_STEP][PASSED] - verifyTextPresent("data 6", false): Text 'data 6' is present on page 

2020-07-16 22:56:05 - [MESSAGE][PASSED] - Text 'data 6' is present on page 

2020-07-16 22:56:05 - [TEST_STEP][PASSED] - verifyTextPresent("UDF7 Label", false): Text 'UDF7 Label' is present on page 

2020-07-16 22:56:05 - [MESSAGE][PASSED] - Text 'UDF7 Label' is present on page 

2020-07-16 22:56:05 - [TEST_STEP][PASSED] - verifyTextPresent(UDF7, false): Text 'Purple' is present on page 

2020-07-16 22:56:06 - [MESSAGE][PASSED] - Text 'Purple' is present on page 

2020-07-16 22:56:06 - [TEST_STEP][PASSED] - verifyTextPresent("UDF8 Label", false): Text 'UDF8 Label' is present on page 

2020-07-16 22:56:06 - [MESSAGE][PASSED] - Text 'UDF8 Label' is present on page 

2020-07-16 22:56:06 - [TEST_STEP][PASSED] - verifyTextPresent(UDF8, false): Text 'Soccer' is present on page 

2020-07-16 22:56:06 - [MESSAGE][PASSED] - Text 'Soccer' is present on page 

2020-07-16 22:56:06 - [TEST_STEP][PASSED] - verifyTextPresent("UDF9 Label", false): Text 'UDF9 Label' is present on page 

2020-07-16 22:56:07 - [MESSAGE][PASSED] - Text 'UDF9 Label' is present on page 

2020-07-16 22:56:07 - [TEST_STEP][PASSED] - verifyTextPresent("data 9", false): Text 'data 9' is present on page 

2020-07-16 22:56:07 - [MESSAGE][PASSED] - Text 'data 9' is present on page 

2020-07-16 22:56:07 - [TEST_STEP][PASSED] - verifyTextPresent("Card information", false): Text 'Card information' is present on page 

2020-07-16 22:56:07 - [MESSAGE][PASSED] - Text 'Card information' is present on page 

2020-07-16 22:56:07 - [TEST_STEP][PASSED] - verifyTextPresent("Cardholder's Name", false): Text 'Cardholder's Name' is present on page 

2020-07-16 22:56:08 - [MESSAGE][PASSED] - Text 'Cardholder's Name' is present on page 

2020-07-16 22:56:08 - [TEST_STEP][PASSED] - verifyTextPresent(CName, false): Text 'Raj Kumar Rao' is present on page 

2020-07-16 22:56:08 - [MESSAGE][PASSED] - Text 'Raj Kumar Rao' is present on page 

2020-07-16 22:56:08 - [TEST_STEP][PASSED] - verifyTextPresent("Card Type", false): Text 'Card Type' is present on page 

2020-07-16 22:56:09 - [MESSAGE][PASSED] - Text 'Card Type' is present on page 

2020-07-16 22:56:09 - [TEST_STEP][PASSED] - verifyTextPresent(CardType, false): Text 'Discover' is present on page 

2020-07-16 22:56:09 - [MESSAGE][PASSED] - Text 'Discover' is present on page 

2020-07-16 22:56:09 - [TEST_STEP][PASSED] - verifyTextPresent("Card Number", false): Text 'Card Number' is present on page 

2020-07-16 22:56:09 - [MESSAGE][PASSED] - Text 'Card Number' is present on page 

2020-07-16 22:56:09 - [TEST_STEP][PASSED] - verifyTextPresent(Last4, false): Text '0004' is present on page 

2020-07-16 22:56:10 - [MESSAGE][PASSED] - Text '0004' is present on page 

2020-07-16 22:56:10 - [TEST_STEP][PASSED] - verifyTextPresent("Signature Panel Code", false): Text 'Signature Panel Code' is present on page 

2020-07-16 22:56:10 - [MESSAGE][PASSED] - Text 'Signature Panel Code' is present on page 

2020-07-16 22:56:10 - [TEST_STEP][PASSED] - verifyTextPresent("Expiration Date", false): Text 'Expiration Date' is present on page 

2020-07-16 22:56:10 - [MESSAGE][PASSED] - Text 'Expiration Date' is present on page 

2020-07-16 22:56:10 - [TEST_STEP][PASSED] - verifyTextPresent(CExp, false): Text '2/2028' is present on page 

2020-07-16 22:56:10 - [MESSAGE][PASSED] - Text '2/2028' is present on page 

2020-07-16 22:56:10 - [TEST_STEP][PASSED] - verifyTextPresent("Payment Date", false): Text 'Payment Date' is present on page 

2020-07-16 22:56:11 - [MESSAGE][PASSED] - Text 'Payment Date' is present on page 

2020-07-16 22:56:11 - [TEST_STEP][PASSED] - verifyTextPresent("Billing information", false): Text 'Billing information' is present on page 

2020-07-16 22:56:11 - [MESSAGE][PASSED] - Text 'Billing information' is present on page 

2020-07-16 22:56:11 - [TEST_STEP][PASSED] - verifyTextPresent("Address Line 1", false): Text 'Address Line 1' is present on page 

2020-07-16 22:56:11 - [MESSAGE][PASSED] - Text 'Address Line 1' is present on page 

2020-07-16 22:56:11 - [TEST_STEP][PASSED] - verifyTextPresent(AL1, false): Text '654 Kali terrace' is present on page 

2020-07-16 22:56:12 - [MESSAGE][PASSED] - Text '654 Kali terrace' is present on page 

2020-07-16 22:56:12 - [TEST_STEP][PASSED] - verifyTextPresent("Address Line 2", false): Text 'Address Line 2' is present on page 

2020-07-16 22:56:12 - [MESSAGE][PASSED] - Text 'Address Line 2' is present on page 

2020-07-16 22:56:12 - [TEST_STEP][PASSED] - verifyTextPresent(AL2, false): Text 'Suite 159' is present on page 

2020-07-16 22:56:12 - [MESSAGE][PASSED] - Text 'Suite 159' is present on page 

2020-07-16 22:56:12 - [TEST_STEP][PASSED] - verifyTextPresent("Country", false): Text 'Country' is present on page 

2020-07-16 22:56:13 - [MESSAGE][PASSED] - Text 'Country' is present on page 

2020-07-16 22:56:13 - [TEST_STEP][PASSED] - verifyTextPresent("United States", false): Text 'United States' is present on page 

2020-07-16 22:56:13 - [MESSAGE][PASSED] - Text 'United States' is present on page 

2020-07-16 22:56:13 - [TEST_STEP][PASSED] - verifyTextPresent("City", false): Text 'City' is present on page 

2020-07-16 22:56:13 - [MESSAGE][PASSED] - Text 'City' is present on page 

2020-07-16 22:56:13 - [TEST_STEP][PASSED] - verifyTextPresent(City, false): Text 'CROFTON' is present on page 

2020-07-16 22:56:14 - [MESSAGE][PASSED] - Text 'CROFTON' is present on page 

2020-07-16 22:56:14 - [TEST_STEP][PASSED] - verifyTextPresent("State", false): Text 'State' is present on page 

2020-07-16 22:56:14 - [MESSAGE][PASSED] - Text 'State' is present on page 

2020-07-16 22:56:14 - [TEST_STEP][PASSED] - verifyTextPresent(State, false): Text 'Maryland' is present on page 

2020-07-16 22:56:14 - [MESSAGE][PASSED] - Text 'Maryland' is present on page 

2020-07-16 22:56:14 - [TEST_STEP][PASSED] - verifyTextPresent("ZIP Code", false): Text 'ZIP Code' is present on page 

2020-07-16 22:56:15 - [MESSAGE][PASSED] - Text 'ZIP Code' is present on page 

2020-07-16 22:56:15 - [TEST_STEP][PASSED] - verifyTextPresent(CZIP, false): Text '21114' is present on page 

2020-07-16 22:56:15 - [MESSAGE][PASSED] - Text '21114' is present on page 

2020-07-16 22:56:15 - [TEST_STEP][PASSED] - verifyTextPresent("Email Address", false): Text 'Email Address' is present on page 

2020-07-16 22:56:15 - [MESSAGE][PASSED] - Text 'Email Address' is present on page 

2020-07-16 22:56:15 - [TEST_STEP][PASSED] - verifyTextPresent(Email, false): Text 'koiho@gmail.com' is present on page 

2020-07-16 22:56:16 - [MESSAGE][PASSED] - Text 'koiho@gmail.com' is present on page 

2020-07-16 22:56:16 - [TEST_STEP][PASSED] - verifyTextPresent("Is this information correct", false): Text 'Is this information correct' is present on page 

2020-07-16 22:56:16 - [MESSAGE][PASSED] - Text 'Is this information correct' is present on page 

2020-07-16 22:56:16 - [TEST_STEP][PASSED] - verifyTextPresent("These are CC Custom HTML", false): Text 'These are CC Custom HTML' is present on page 

2020-07-16 22:56:16 - [MESSAGE][PASSED] - Text 'These are CC Custom HTML' is present on page 

2020-07-16 22:56:16 - [TEST_STEP][PASSED] - verifyElementPresent(findTestObject("Object Repository/IWP30/Page_Confirmation/ChangePaymentMethodButton"), 30): Object 'Object Repository/IWP30/Page_Confirmation/ChangePaymentMethodButton' is present

2020-07-16 22:56:17 - [MESSAGE][PASSED] - Object 'Object Repository/IWP30/Page_Confirmation/ChangePaymentMethodButton' is present

2020-07-16 22:56:17 - [TEST_STEP][PASSED] - verifyElementPresent(findTestObject("Object Repository/IWP30/Page_Confirmation/ConfirmButton"), 30): Object 'Object Repository/IWP30/Page_Confirmation/ConfirmButton' is present

2020-07-16 22:56:17 - [MESSAGE][PASSED] - Object 'Object Repository/IWP30/Page_Confirmation/ConfirmButton' is present

2020-07-16 22:56:17 - [TEST_STEP][PASSED] - verifyElementPresent(findTestObject("Object Repository/IWP30/Page_Confirmation/ExitButton"), 30): Object 'Object Repository/IWP30/Page_Confirmation/ExitButton' is present

2020-07-16 22:56:17 - [MESSAGE][PASSED] - Object 'Object Repository/IWP30/Page_Confirmation/ExitButton' is present

2020-07-16 22:56:17 - [TEST_STEP][PASSED] - verifyElementPresent(findTestObject("Object Repository/IWP30/Page_Confirmation/ModifyButton"), 30): Object 'Object Repository/IWP30/Page_Confirmation/ModifyButton' is present

2020-07-16 22:56:18 - [MESSAGE][PASSED] - Object 'Object Repository/IWP30/Page_Confirmation/ModifyButton' is present

2020-07-16 22:56:18 - [TEST_STEP][PASSED] - click(findTestObject("Object Repository/IWP30/Page_Confirmation/ConfirmButton")): Object: 'Object Repository/IWP30/Page_Confirmation/ConfirmButton' is clicked on

2020-07-16 22:56:19 - [MESSAGE][PASSED] - Object: 'Object Repository/IWP30/Page_Confirmation/ConfirmButton' is clicked on

2020-07-16 22:56:19 - [TEST_STEP][PASSED] - Thread.sleep(10000): null

2020-07-16 22:56:29 - [TEST_STEP][PASSED] - verifyTextPresent("Successful Payment Receipt", false): Text 'Successful Payment Receipt' is present on page 

2020-07-16 22:56:29 - [MESSAGE][PASSED] - Text 'Successful Payment Receipt' is present on page 

2020-07-16 22:56:29 - [TEST_STEP][PASSED] - verifyTextPresent("Please print this receipt for your records", false): Text 'Please print this receipt for your records' is present on page 

2020-07-16 22:56:29 - [MESSAGE][PASSED] - Text 'Please print this receipt for your records' is present on page 

2020-07-16 22:56:29 - [TEST_STEP][PASSED] - verifyTextPresent("Remittance ID", false): Text 'Remittance ID' is present on page 

2020-07-16 22:56:30 - [MESSAGE][PASSED] - Text 'Remittance ID' is present on page 

2020-07-16 22:56:30 - [TEST_STEP][PASSED] - verifyTextPresent("CAN Label", false): Text 'CAN Label' is present on page 

2020-07-16 22:56:30 - [MESSAGE][PASSED] - Text 'CAN Label' is present on page 

2020-07-16 22:56:30 - [TEST_STEP][PASSED] - verifyTextPresent("54654701", false): Text '54654701' is present on page 

2020-07-16 22:56:30 - [MESSAGE][PASSED] - Text '54654701' is present on page 

2020-07-16 22:56:30 - [TEST_STEP][PASSED] - verifyTextPresent("Received", false): Text 'Received' is present on page 

2020-07-16 22:56:31 - [MESSAGE][PASSED] - Text 'Received' is present on page 

2020-07-16 22:56:31 - [TEST_STEP][PASSED] - verifyTextPresent("UDF1 Label", false): Text 'UDF1 Label' is present on page 

2020-07-16 22:56:31 - [MESSAGE][PASSED] - Text 'UDF1 Label' is present on page 

2020-07-16 22:56:31 - [TEST_STEP][PASSED] - verifyTextPresent("UDF2 Label", false): Text 'UDF2 Label' is present on page 

2020-07-16 22:56:31 - [MESSAGE][PASSED] - Text 'UDF2 Label' is present on page 

2020-07-16 22:56:31 - [TEST_STEP][PASSED] - verifyTextPresent(UDF2, false): Text 'Newton' is present on page 

2020-07-16 22:56:32 - [MESSAGE][PASSED] - Text 'Newton' is present on page 

2020-07-16 22:56:32 - [TEST_STEP][PASSED] - verifyTextPresent("UDF3 Label", false): Text 'UDF3 Label' is present on page 

2020-07-16 22:56:32 - [MESSAGE][PASSED] - Text 'UDF3 Label' is present on page 

2020-07-16 22:56:32 - [TEST_STEP][PASSED] - verifyTextPresent(UDF3, false): Text 'Stree' is present on page 

2020-07-16 22:56:32 - [MESSAGE][PASSED] - Text 'Stree' is present on page 

2020-07-16 22:56:32 - [TEST_STEP][PASSED] - verifyTextPresent("UDF4 Label", false): Text 'UDF4 Label' is present on page 

2020-07-16 22:56:33 - [MESSAGE][PASSED] - Text 'UDF4 Label' is present on page 

2020-07-16 22:56:33 - [TEST_STEP][PASSED] - verifyTextPresent("data 4", false): Text 'data 4' is present on page 

2020-07-16 22:56:33 - [MESSAGE][PASSED] - Text 'data 4' is present on page 

2020-07-16 22:56:33 - [TEST_STEP][PASSED] - verifyTextPresent("UDF6 Label", false): Text 'UDF6 Label' is present on page 

2020-07-16 22:56:33 - [MESSAGE][PASSED] - Text 'UDF6 Label' is present on page 

2020-07-16 22:56:33 - [TEST_STEP][PASSED] - verifyTextPresent("data 6", false): Text 'data 6' is present on page 

2020-07-16 22:56:34 - [MESSAGE][PASSED] - Text 'data 6' is present on page 

2020-07-16 22:56:34 - [TEST_STEP][PASSED] - verifyTextPresent("UDF7 Label", false): Text 'UDF7 Label' is present on page 

2020-07-16 22:56:34 - [MESSAGE][PASSED] - Text 'UDF7 Label' is present on page 

2020-07-16 22:56:34 - [TEST_STEP][PASSED] - verifyTextPresent(UDF7, false): Text 'Purple' is present on page 

2020-07-16 22:56:34 - [MESSAGE][PASSED] - Text 'Purple' is present on page 

2020-07-16 22:56:34 - [TEST_STEP][PASSED] - verifyTextPresent("UDF8 Label", false): Text 'UDF8 Label' is present on page 

2020-07-16 22:56:34 - [MESSAGE][PASSED] - Text 'UDF8 Label' is present on page 

2020-07-16 22:56:34 - [TEST_STEP][PASSED] - verifyTextPresent(UDF8, false): Text 'Soccer' is present on page 

2020-07-16 22:56:35 - [MESSAGE][PASSED] - Text 'Soccer' is present on page 

2020-07-16 22:56:35 - [TEST_STEP][PASSED] - verifyTextPresent("UDF9 Label", false): Text 'UDF9 Label' is present on page 

2020-07-16 22:56:35 - [MESSAGE][PASSED] - Text 'UDF9 Label' is present on page 

2020-07-16 22:56:35 - [TEST_STEP][PASSED] - verifyTextPresent("data 9", false): Text 'data 9' is present on page 

2020-07-16 22:56:35 - [MESSAGE][PASSED] - Text 'data 9' is present on page 

2020-07-16 22:56:35 - [TEST_STEP][PASSED] - verifyTextPresent("Tax Amount", false): Text 'Tax Amount' is present on page 

2020-07-16 22:56:36 - [MESSAGE][PASSED] - Text 'Tax Amount' is present on page 

2020-07-16 22:56:36 - [TEST_STEP][PASSED] - verifyTextPresent("$0.00", false): Text '$0.00' is present on page 

2020-07-16 22:56:36 - [MESSAGE][PASSED] - Text '$0.00' is present on page 

2020-07-16 22:56:36 - [TEST_STEP][PASSED] - verifyTextPresent("Amount", false): Text 'Amount' is present on page 

2020-07-16 22:56:36 - [MESSAGE][PASSED] - Text 'Amount' is present on page 

2020-07-16 22:56:36 - [TEST_STEP][PASSED] - verifyTextPresent(Amount, false): Text '99.50' is present on page 

2020-07-16 22:56:37 - [MESSAGE][PASSED] - Text '99.50' is present on page 

2020-07-16 22:56:37 - [TEST_STEP][PASSED] - verifyTextPresent("Transaction Type", false): Text 'Transaction Type' is present on page 

2020-07-16 22:56:37 - [MESSAGE][PASSED] - Text 'Transaction Type' is present on page 

2020-07-16 22:56:37 - [TEST_STEP][PASSED] - verifyTextPresent("Authorization and Capture", false): Text 'Authorization and Capture' is present on page 

2020-07-16 22:56:37 - [MESSAGE][PASSED] - Text 'Authorization and Capture' is present on page 

2020-07-16 22:56:37 - [TEST_STEP][PASSED] - verifyTextPresent("Card Information", false): Text 'Card Information' is present on page 

2020-07-16 22:56:37 - [MESSAGE][PASSED] - Text 'Card Information' is present on page 

2020-07-16 22:56:37 - [TEST_STEP][PASSED] - verifyTextPresent(CardType, false): Text 'Discover' is present on page 

2020-07-16 22:56:38 - [MESSAGE][PASSED] - Text 'Discover' is present on page 

2020-07-16 22:56:38 - [TEST_STEP][PASSED] - verifyTextPresent(CName2, false): Text 'RAJ KUMAR RAO' is present on page 

2020-07-16 22:56:38 - [MESSAGE][PASSED] - Text 'RAJ KUMAR RAO' is present on page 

2020-07-16 22:56:38 - [TEST_STEP][PASSED] - verifyTextPresent(Last4, false): Text '0004' is present on page 

2020-07-16 22:56:38 - [MESSAGE][PASSED] - Text '0004' is present on page 

2020-07-16 22:56:38 - [TEST_STEP][PASSED] - verifyTextPresent("Billing information", false): Text 'Billing information' is present on page 

2020-07-16 22:56:39 - [MESSAGE][PASSED] - Text 'Billing information' is present on page 

2020-07-16 22:56:39 - [TEST_STEP][PASSED] - verifyTextPresent("Address Line 1", false): Text 'Address Line 1' is present on page 

2020-07-16 22:56:39 - [MESSAGE][PASSED] - Text 'Address Line 1' is present on page 

2020-07-16 22:56:39 - [TEST_STEP][PASSED] - verifyTextPresent(AL1, false): Text '654 Kali terrace' is present on page 

2020-07-16 22:56:39 - [MESSAGE][PASSED] - Text '654 Kali terrace' is present on page 

2020-07-16 22:56:39 - [TEST_STEP][PASSED] - verifyTextPresent("Address Line 2", false): Text 'Address Line 2' is present on page 

2020-07-16 22:56:40 - [MESSAGE][PASSED] - Text 'Address Line 2' is present on page 

2020-07-16 22:56:40 - [TEST_STEP][PASSED] - verifyTextPresent(AL2, false): Text 'Suite 159' is present on page 

2020-07-16 22:56:40 - [MESSAGE][PASSED] - Text 'Suite 159' is present on page 

2020-07-16 22:56:40 - [TEST_STEP][PASSED] - verifyTextPresent("Country", false): Text 'Country' is present on page 

2020-07-16 22:56:40 - [MESSAGE][PASSED] - Text 'Country' is present on page 

2020-07-16 22:56:40 - [TEST_STEP][PASSED] - verifyTextPresent("United States", false): Text 'United States' is present on page 

2020-07-16 22:56:41 - [MESSAGE][PASSED] - Text 'United States' is present on page 

2020-07-16 22:56:41 - [TEST_STEP][PASSED] - verifyTextPresent("City", false): Text 'City' is present on page 

2020-07-16 22:56:41 - [MESSAGE][PASSED] - Text 'City' is present on page 

2020-07-16 22:56:41 - [TEST_STEP][PASSED] - verifyTextPresent(City, false): Text 'CROFTON' is present on page 

2020-07-16 22:56:41 - [MESSAGE][PASSED] - Text 'CROFTON' is present on page 

2020-07-16 22:56:41 - [TEST_STEP][PASSED] - verifyTextPresent("State", false): Text 'State' is present on page 

2020-07-16 22:56:41 - [MESSAGE][PASSED] - Text 'State' is present on page 

2020-07-16 22:56:41 - [TEST_STEP][PASSED] - verifyTextPresent(State2, false): Text 'MD' is present on page 

2020-07-16 22:56:42 - [MESSAGE][PASSED] - Text 'MD' is present on page 

2020-07-16 22:56:42 - [TEST_STEP][PASSED] - verifyTextPresent("ZIP Code", false): Text 'ZIP Code' is present on page 

2020-07-16 22:56:42 - [MESSAGE][PASSED] - Text 'ZIP Code' is present on page 

2020-07-16 22:56:42 - [TEST_STEP][PASSED] - verifyTextPresent(CZIP, false): Text '21114' is present on page 

2020-07-16 22:56:42 - [MESSAGE][PASSED] - Text '21114' is present on page 

2020-07-16 22:56:42 - [TEST_STEP][PASSED] - verifyElementPresent(findTestObject("Object Repository/IWP30/Page_Receipt/ExitButton"), 30): Object 'Object Repository/IWP30/Page_Receipt/ExitButton' is present

2020-07-16 22:56:43 - [MESSAGE][PASSED] - Object 'Object Repository/IWP30/Page_Receipt/ExitButton' is present

2020-07-16 22:56:43 - [TEST_STEP][PASSED] - closeBrowser(): Browser is closed

2020-07-16 22:56:44 - [MESSAGE][PASSED] - Browser is closed]]></system-out>
         <system-err><![CDATA[]]></system-err>
      </testcase>
      <system-out><![CDATA[2020-07-16 22:48:05 - [TEST_SUITE][PASSED] - IWP30 Smoke TestSuite: Test Cases/IntegratedWeb/IWP30/VerifyUINoCFCC]]></system-out>
      <system-err><![CDATA[]]></system-err>
   </testsuite>
</testsuites>
