<?xml version="1.0" encoding="UTF-8"?>
<testsuites name="IWP30 Smoke TestSuite" time="518.621" tests="1" failures="1" errors="0">
   <testsuite name="IWP30 Smoke TestSuite" tests="1" failures="1" errors="0" time="518.621" timestamp="2020-07-16 13:42:48" hostname="iahmed - DESKTOP-B2QI6NS.govolution.com" id="Test Suites/QA Smoke Test/IWP30 Smoke TestSuite">
      <properties>
         <property name="deviceName" value=""/>
         <property name="devicePlatform" value=""/>
         <property name="logFolder" value="C:\\Users\\iahmed\\Documents\\VPS-Smoke-Version001\\Reports\\20200716_134246\\QA Smoke Test\\IWP30 Smoke TestSuite\\20200716_134246"/>
         <property name="logFiles" value="C:\\Users\\iahmed\\Documents\\VPS-Smoke-Version001\\Reports\\20200716_134246\\QA Smoke Test\\IWP30 Smoke TestSuite\\20200716_134246\\execution0.log"/>
         <property name="attachments" value=""/>
         <property name="hostName" value="iahmed - DESKTOP-B2QI6NS.govolution.com"/>
         <property name="os" value="Windows 10 64bit"/>
         <property name="katalonVersion" value="7.5.10.1"/>
         <property name="browser" value="Chrome 83.0.4103.116"/>
         <property name="hostAddress" value="10.5.20.43"/>
         <property name="sessionId" value="4a40d321834de40aef5f503e6717ab0b"/>
         <property name="seleniumVersion" value="3.141.59"/>
         <property name="proxyInformation" value="ProxyInformation { proxyOption=NO_PROXY, proxyServerType=HTTP, username=, password=********, proxyServerAddress=, proxyServerPort=0, executionList=\&quot;\&quot;, isApplyToDesiredCapabilities=true }"/>
         <property name="platform" value="Windows 10"/>
      </properties>
      <testcase name="Test Cases/IntegratedWeb/IWP30/VerifyUINoCFCC" time="518.328" classname="Test Cases/IntegratedWeb/IWP30/VerifyUINoCFCC" status="FAILED">
         <failure type="FAILED" message="Test Cases/IntegratedWeb/IWP30/VerifyUINoCFCC FAILED.
Reason:
com.kms.katalon.core.exception.StepFailedException: Text 'CROFTON' is not present on page  (Root cause: com.kms.katalon.core.exception.StepFailedException: Text 'CROFTON' is not present on page 
	at com.kms.katalon.core.webui.keyword.internal.WebUIKeywordMain.stepFailed(WebUIKeywordMain.groovy:64)
	at com.kms.katalon.core.webui.keyword.builtin.VerifyTextPresentKeyword$_verifyTextPresent_closure1.doCall(VerifyTextPresentKeyword.groovy:79)
	at com.kms.katalon.core.webui.keyword.builtin.VerifyTextPresentKeyword$_verifyTextPresent_closure1.call(VerifyTextPresentKeyword.groovy)
	at com.kms.katalon.core.webui.keyword.internal.WebUIKeywordMain.runKeyword(WebUIKeywordMain.groovy:20)
	at com.kms.katalon.core.webui.keyword.builtin.VerifyTextPresentKeyword.verifyTextPresent(VerifyTextPresentKeyword.groovy:83)
	at com.kms.katalon.core.webui.keyword.builtin.VerifyTextPresentKeyword.execute(VerifyTextPresentKeyword.groovy:68)
	at com.kms.katalon.core.keyword.internal.KeywordExecutor.executeKeywordForPlatform(KeywordExecutor.groovy:72)
	at com.kms.katalon.core.webui.keyword.WebUiBuiltInKeywords.verifyTextPresent(WebUiBuiltInKeywords.groovy:1719)
	at com.kms.katalon.core.webui.keyword.WebUiBuiltInKeywords$verifyTextPresent$6.call(Unknown Source)
	at VerifyUINoCFCC.run(VerifyUINoCFCC:255)
	at com.kms.katalon.core.main.ScriptEngine.run(ScriptEngine.java:194)
	at com.kms.katalon.core.main.ScriptEngine.runScriptAsRawText(ScriptEngine.java:119)
	at com.kms.katalon.core.main.TestCaseExecutor.runScript(TestCaseExecutor.java:337)
	at com.kms.katalon.core.main.TestCaseExecutor.doExecute(TestCaseExecutor.java:328)
	at com.kms.katalon.core.main.TestCaseExecutor.processExecutionPhase(TestCaseExecutor.java:307)
	at com.kms.katalon.core.main.TestCaseExecutor.accessMainPhase(TestCaseExecutor.java:299)
	at com.kms.katalon.core.main.TestCaseExecutor.execute(TestCaseExecutor.java:233)
	at com.kms.katalon.core.main.TestSuiteExecutor.accessTestCaseMainPhase(TestSuiteExecutor.java:169)
	at com.kms.katalon.core.main.TestSuiteExecutor.accessTestSuiteMainPhase(TestSuiteExecutor.java:142)
	at com.kms.katalon.core.main.TestSuiteExecutor.execute(TestSuiteExecutor.java:91)
	at com.kms.katalon.core.main.TestCaseMain.startTestSuite(TestCaseMain.java:157)
	at com.kms.katalon.core.main.TestCaseMain$startTestSuite$0.call(Unknown Source)
	at TempTestSuite1594921366105.run(TempTestSuite1594921366105.groovy:37)
)
	at com.kms.katalon.core.keyword.internal.KeywordMain.stepFailed(KeywordMain.groovy:39)
	at com.kms.katalon.core.webui.keyword.internal.WebUIKeywordMain.stepFailed(WebUIKeywordMain.groovy:64)
	at com.kms.katalon.core.webui.keyword.builtin.VerifyTextPresentKeyword$_verifyTextPresent_closure1.doCall(VerifyTextPresentKeyword.groovy:79)
	at com.kms.katalon.core.webui.keyword.builtin.VerifyTextPresentKeyword$_verifyTextPresent_closure1.call(VerifyTextPresentKeyword.groovy)
	at com.kms.katalon.core.webui.keyword.internal.WebUIKeywordMain.runKeyword(WebUIKeywordMain.groovy:20)
	at com.kms.katalon.core.webui.keyword.builtin.VerifyTextPresentKeyword.verifyTextPresent(VerifyTextPresentKeyword.groovy:83)
	at com.kms.katalon.core.webui.keyword.builtin.VerifyTextPresentKeyword.execute(VerifyTextPresentKeyword.groovy:68)
	at com.kms.katalon.core.keyword.internal.KeywordExecutor.executeKeywordForPlatform(KeywordExecutor.groovy:72)
	at com.kms.katalon.core.webui.keyword.WebUiBuiltInKeywords.verifyTextPresent(WebUiBuiltInKeywords.groovy:1719)
	at com.kms.katalon.core.webui.keyword.WebUiBuiltInKeywords$verifyTextPresent$6.call(Unknown Source)
	at VerifyUINoCFCC.run(VerifyUINoCFCC:255)
	at com.kms.katalon.core.main.ScriptEngine.run(ScriptEngine.java:194)
	at com.kms.katalon.core.main.ScriptEngine.runScriptAsRawText(ScriptEngine.java:119)
	at com.kms.katalon.core.main.TestCaseExecutor.runScript(TestCaseExecutor.java:337)
	at com.kms.katalon.core.main.TestCaseExecutor.doExecute(TestCaseExecutor.java:328)
	at com.kms.katalon.core.main.TestCaseExecutor.processExecutionPhase(TestCaseExecutor.java:307)
	at com.kms.katalon.core.main.TestCaseExecutor.accessMainPhase(TestCaseExecutor.java:299)
	at com.kms.katalon.core.main.TestCaseExecutor.execute(TestCaseExecutor.java:233)
	at com.kms.katalon.core.main.TestSuiteExecutor.accessTestCaseMainPhase(TestSuiteExecutor.java:169)
	at com.kms.katalon.core.main.TestSuiteExecutor.accessTestSuiteMainPhase(TestSuiteExecutor.java:142)
	at com.kms.katalon.core.main.TestSuiteExecutor.execute(TestSuiteExecutor.java:91)
	at com.kms.katalon.core.main.TestCaseMain.startTestSuite(TestCaseMain.java:157)
	at com.kms.katalon.core.main.TestCaseMain$startTestSuite$0.call(Unknown Source)
	at TempTestSuite1594921366105.run(TempTestSuite1594921366105.groovy:37)
Caused by: com.kms.katalon.core.exception.StepFailedException: Text 'CROFTON' is not present on page 
	... 23 more
"/>
         <system-out><![CDATA[2020-07-16 13:42:48 - [TEST_CASE][FAILED] - Test Cases/IntegratedWeb/IWP30/VerifyUINoCFCC: Test Cases/IntegratedWeb/IWP30/VerifyUINoCFCC FAILED.
Reason:
com.kms.katalon.core.exception.StepFailedException: Text 'CROFTON' is not present on page  (Root cause: com.kms.katalon.core.exception.StepFailedException: Text 'CROFTON' is not present on page 
	at com.kms.katalon.core.webui.keyword.internal.WebUIKeywordMain.stepFailed(WebUIKeywordMain.groovy:64)
	at com.kms.katalon.core.webui.keyword.builtin.VerifyTextPresentKeyword$_verifyTextPresent_closure1.doCall(VerifyTextPresentKeyword.groovy:79)
	at com.kms.katalon.core.webui.keyword.builtin.VerifyTextPresentKeyword$_verifyTextPresent_closure1.call(VerifyTextPresentKeyword.groovy)
	at com.kms.katalon.core.webui.keyword.internal.WebUIKeywordMain.runKeyword(WebUIKeywordMain.groovy:20)
	at com.kms.katalon.core.webui.keyword.builtin.VerifyTextPresentKeyword.verifyTextPresent(VerifyTextPresentKeyword.groovy:83)
	at com.kms.katalon.core.webui.keyword.builtin.VerifyTextPresentKeyword.execute(VerifyTextPresentKeyword.groovy:68)
	at com.kms.katalon.core.keyword.internal.KeywordExecutor.executeKeywordForPlatform(KeywordExecutor.groovy:72)
	at com.kms.katalon.core.webui.keyword.WebUiBuiltInKeywords.verifyTextPresent(WebUiBuiltInKeywords.groovy:1719)
	at com.kms.katalon.core.webui.keyword.WebUiBuiltInKeywords$verifyTextPresent$6.call(Unknown Source)
	at VerifyUINoCFCC.run(VerifyUINoCFCC:255)
	at com.kms.katalon.core.main.ScriptEngine.run(ScriptEngine.java:194)
	at com.kms.katalon.core.main.ScriptEngine.runScriptAsRawText(ScriptEngine.java:119)
	at com.kms.katalon.core.main.TestCaseExecutor.runScript(TestCaseExecutor.java:337)
	at com.kms.katalon.core.main.TestCaseExecutor.doExecute(TestCaseExecutor.java:328)
	at com.kms.katalon.core.main.TestCaseExecutor.processExecutionPhase(TestCaseExecutor.java:307)
	at com.kms.katalon.core.main.TestCaseExecutor.accessMainPhase(TestCaseExecutor.java:299)
	at com.kms.katalon.core.main.TestCaseExecutor.execute(TestCaseExecutor.java:233)
	at com.kms.katalon.core.main.TestSuiteExecutor.accessTestCaseMainPhase(TestSuiteExecutor.java:169)
	at com.kms.katalon.core.main.TestSuiteExecutor.accessTestSuiteMainPhase(TestSuiteExecutor.java:142)
	at com.kms.katalon.core.main.TestSuiteExecutor.execute(TestSuiteExecutor.java:91)
	at com.kms.katalon.core.main.TestCaseMain.startTestSuite(TestCaseMain.java:157)
	at com.kms.katalon.core.main.TestCaseMain$startTestSuite$0.call(Unknown Source)
	at TempTestSuite1594921366105.run(TempTestSuite1594921366105.groovy:37)
)
	at com.kms.katalon.core.keyword.internal.KeywordMain.stepFailed(KeywordMain.groovy:39)
	at com.kms.katalon.core.webui.keyword.internal.WebUIKeywordMain.stepFailed(WebUIKeywordMain.groovy:64)
	at com.kms.katalon.core.webui.keyword.builtin.VerifyTextPresentKeyword$_verifyTextPresent_closure1.doCall(VerifyTextPresentKeyword.groovy:79)
	at com.kms.katalon.core.webui.keyword.builtin.VerifyTextPresentKeyword$_verifyTextPresent_closure1.call(VerifyTextPresentKeyword.groovy)
	at com.kms.katalon.core.webui.keyword.internal.WebUIKeywordMain.runKeyword(WebUIKeywordMain.groovy:20)
	at com.kms.katalon.core.webui.keyword.builtin.VerifyTextPresentKeyword.verifyTextPresent(VerifyTextPresentKeyword.groovy:83)
	at com.kms.katalon.core.webui.keyword.builtin.VerifyTextPresentKeyword.execute(VerifyTextPresentKeyword.groovy:68)
	at com.kms.katalon.core.keyword.internal.KeywordExecutor.executeKeywordForPlatform(KeywordExecutor.groovy:72)
	at com.kms.katalon.core.webui.keyword.WebUiBuiltInKeywords.verifyTextPresent(WebUiBuiltInKeywords.groovy:1719)
	at com.kms.katalon.core.webui.keyword.WebUiBuiltInKeywords$verifyTextPresent$6.call(Unknown Source)
	at VerifyUINoCFCC.run(VerifyUINoCFCC:255)
	at com.kms.katalon.core.main.ScriptEngine.run(ScriptEngine.java:194)
	at com.kms.katalon.core.main.ScriptEngine.runScriptAsRawText(ScriptEngine.java:119)
	at com.kms.katalon.core.main.TestCaseExecutor.runScript(TestCaseExecutor.java:337)
	at com.kms.katalon.core.main.TestCaseExecutor.doExecute(TestCaseExecutor.java:328)
	at com.kms.katalon.core.main.TestCaseExecutor.processExecutionPhase(TestCaseExecutor.java:307)
	at com.kms.katalon.core.main.TestCaseExecutor.accessMainPhase(TestCaseExecutor.java:299)
	at com.kms.katalon.core.main.TestCaseExecutor.execute(TestCaseExecutor.java:233)
	at com.kms.katalon.core.main.TestSuiteExecutor.accessTestCaseMainPhase(TestSuiteExecutor.java:169)
	at com.kms.katalon.core.main.TestSuiteExecutor.accessTestSuiteMainPhase(TestSuiteExecutor.java:142)
	at com.kms.katalon.core.main.TestSuiteExecutor.execute(TestSuiteExecutor.java:91)
	at com.kms.katalon.core.main.TestCaseMain.startTestSuite(TestCaseMain.java:157)
	at com.kms.katalon.core.main.TestCaseMain$startTestSuite$0.call(Unknown Source)
	at TempTestSuite1594921366105.run(TempTestSuite1594921366105.groovy:37)
Caused by: com.kms.katalon.core.exception.StepFailedException: Text 'CROFTON' is not present on page 
	... 23 more


2020-07-16 13:42:49 - [TEST_STEP][PASSED] - numOfRows = findTestData("VerifyUINoCFCCTestData").getRowNumbers(): null

2020-07-16 13:42:49 - [TEST_STEP][PASSED] - println(numOfRows): null

2020-07-16 13:42:49 - [TEST_STEP][PASSED] - dataFile = "VerifyUINoCFCCTestData": null

2020-07-16 13:42:49 - [TEST_STEP][FAILED] - for ([row = 1, row <= numOfRows, (row++)]): null

2020-07-16 13:42:49 - [TEST_STEP][PASSED] - openBrowser(urlEmulator): Browser is opened with url: 'https://qa.velocitypayment.com/agency/config.do?action=editor'

2020-07-16 13:42:50 - [MESSAGE][INFO] - Starting 'Chrome' driver

2020-07-16 13:42:50 - [MESSAGE][INFO] - User set preference: ['acceptInsecureCerts', 'true']

2020-07-16 13:42:50 - [MESSAGE][INFO] - Action delay is set to 0 milliseconds

2020-07-16 13:42:55 - [MESSAGE][PASSED] - Browser is opened with url: 'https://qa.velocitypayment.com/agency/config.do?action=editor'

2020-07-16 13:42:55 - [TEST_STEP][PASSED] - maximizeWindow(): Current window maximized

2020-07-16 13:42:55 - [MESSAGE][PASSED] - Current window maximized

2020-07-16 13:42:55 - [TEST_STEP][PASSED] - iwpPages.emulatorIWP30.setDataEmulatorStandard(): iwpPages.emulatorIWP30.setDataEmulatorStandard is PASSED

2020-07-16 13:42:56 - [MESSAGE][PASSED] - Object 'Object Repository/IWP30/Page_VRelay30Emulator/Amount' is present

2020-07-16 13:42:57 - [MESSAGE][PASSED] - All options with value '3.0' are selected in object 'Object Repository/IWP30/Page_VRelay30Emulator/MV'  using regular expression

2020-07-16 13:42:58 - [MESSAGE][PASSED] - Text '10.50' is set on object 'Object Repository/IWP30/Page_VRelay30Emulator/Amount'

2020-07-16 13:42:58 - [MESSAGE][PASSED] - Text '54654701' is set on object 'Object Repository/IWP30/Page_VRelay30Emulator/CAN'

2020-07-16 13:42:59 - [MESSAGE][PASSED] - Text 'PayNow' is set on object 'Object Repository/IWP30/Page_VRelay30Emulator/Action'

2020-07-16 13:43:00 - [MESSAGE][PASSED] - Text 'en_US' is set on object 'Object Repository/IWP30/Page_VRelay30Emulator/Lang'

2020-07-16 13:43:00 - [MESSAGE][PASSED] - Text '' is set on object 'Object Repository/IWP30/Page_VRelay30Emulator/Fname'

2020-07-16 13:43:01 - [MESSAGE][PASSED] - Text '' is set on object 'Object Repository/IWP30/Page_VRelay30Emulator/Lname'

2020-07-16 13:43:01 - [MESSAGE][PASSED] - Text '' is set on object 'Object Repository/IWP30/Page_VRelay30Emulator/AL1'

2020-07-16 13:43:02 - [MESSAGE][PASSED] - Text '' is set on object 'Object Repository/IWP30/Page_VRelay30Emulator/AL2'

2020-07-16 13:43:03 - [MESSAGE][PASSED] - Text '' is set on object 'Object Repository/IWP30/Page_VRelay30Emulator/Country'

2020-07-16 13:43:03 - [MESSAGE][PASSED] - Text '' is set on object 'Object Repository/IWP30/Page_VRelay30Emulator/City'

2020-07-16 13:43:04 - [MESSAGE][PASSED] - Text '' is set on object 'Object Repository/IWP30/Page_VRelay30Emulator/State'

2020-07-16 13:43:04 - [MESSAGE][PASSED] - Text '' is set on object 'Object Repository/IWP30/Page_VRelay30Emulator/ZIP'

2020-07-16 13:43:05 - [MESSAGE][PASSED] - Text '' is set on object 'Object Repository/IWP30/Page_VRelay30Emulator/Order'

2020-07-16 13:43:06 - [MESSAGE][PASSED] - Text '' is set on object 'Object Repository/IWP30/Page_VRelay30Emulator/Company'

2020-07-16 13:43:06 - [MESSAGE][PASSED] - Text '' is set on object 'Object Repository/IWP30/Page_VRelay30Emulator/Email'

2020-07-16 13:43:07 - [MESSAGE][PASSED] - Text '' is set on object 'Object Repository/IWP30/Page_VRelay30Emulator/UDF1'

2020-07-16 13:43:08 - [MESSAGE][PASSED] - Text '' is set on object 'Object Repository/IWP30/Page_VRelay30Emulator/UDF2'

2020-07-16 13:43:08 - [MESSAGE][PASSED] - Text 'data 3' is set on object 'Object Repository/IWP30/Page_VRelay30Emulator/UDF3'

2020-07-16 13:43:09 - [MESSAGE][PASSED] - Text 'data 4' is set on object 'Object Repository/IWP30/Page_VRelay30Emulator/UDF4'

2020-07-16 13:43:10 - [MESSAGE][PASSED] - Text 'data 5' is set on object 'Object Repository/IWP30/Page_VRelay30Emulator/UDF5'

2020-07-16 13:43:10 - [MESSAGE][PASSED] - Text 'data 6' is set on object 'Object Repository/IWP30/Page_VRelay30Emulator/UDF6'

2020-07-16 13:43:11 - [MESSAGE][PASSED] - Text 'Orange' is set on object 'Object Repository/IWP30/Page_VRelay30Emulator/UDF7'

2020-07-16 13:43:12 - [MESSAGE][PASSED] - Text 'Soccer' is set on object 'Object Repository/IWP30/Page_VRelay30Emulator/UDF8'

2020-07-16 13:43:13 - [MESSAGE][PASSED] - Text 'data 9' is set on object 'Object Repository/IWP30/Page_VRelay30Emulator/UDF9'

2020-07-16 13:43:13 - [MESSAGE][PASSED] - Text 'data 10' is set on object 'Object Repository/IWP30/Page_VRelay30Emulator/UDF10'

2020-07-16 13:43:16 - [MESSAGE][PASSED] - Object: 'Object Repository/IWP30/Page_VRelay30Emulator/Submit' is clicked on

2020-07-16 13:43:22 - [MESSAGE][PASSED] - Browser is closed

2020-07-16 13:43:22 - [MESSAGE][PASSED] - iwpPages.emulatorIWP30.setDataEmulatorStandard is PASSED

2020-07-16 13:43:22 - [TEST_STEP][PASSED] - openBrowser(urlTestHarness): Browser is opened with url: 'https://dev-algorithm.govolution.com/vrelaytest/QA/version_2_2/vrelaytest.html'

2020-07-16 13:43:22 - [MESSAGE][INFO] - Starting 'Chrome' driver

2020-07-16 13:43:22 - [MESSAGE][INFO] - User set preference: ['acceptInsecureCerts', 'true']

2020-07-16 13:43:22 - [MESSAGE][INFO] - Action delay is set to 0 milliseconds

2020-07-16 13:43:26 - [MESSAGE][PASSED] - Browser is opened with url: 'https://dev-algorithm.govolution.com/vrelaytest/QA/version_2_2/vrelaytest.html'

2020-07-16 13:43:26 - [TEST_STEP][PASSED] - maximizeWindow(): Current window maximized

2020-07-16 13:43:26 - [MESSAGE][PASSED] - Current window maximized

2020-07-16 13:43:26 - [TEST_STEP][PASSED] - genRemIDVoid = RandomStringUtils.random(12, true, true): null

2020-07-16 13:43:26 - [TEST_STEP][PASSED] - if (verifyElementPresent(findTestObject("Object Repository/IWP30/Page_QATestHarness/RemittanceID"), 30)): null

2020-07-16 13:43:27 - [MESSAGE][PASSED] - Object 'Object Repository/IWP30/Page_QATestHarness/RemittanceID' is present

2020-07-16 13:43:27 - [TEST_STEP][PASSED] - println("We are on Test Harness page, start populating"): null

2020-07-16 13:43:27 - [TEST_STEP][PASSED] - setText(findTestObject("Object Repository/IWP30/Page_QATestHarness/ApplicationID"), "649"): Text '649' is set on object 'Object Repository/IWP30/Page_QATestHarness/ApplicationID'

2020-07-16 13:43:27 - [MESSAGE][PASSED] - Text '649' is set on object 'Object Repository/IWP30/Page_QATestHarness/ApplicationID'

2020-07-16 13:43:27 - [TEST_STEP][PASSED] - setText(findTestObject("Object Repository/IWP30/Page_QATestHarness/MessageVersion"), "3.0"): Text '3.0' is set on object 'Object Repository/IWP30/Page_QATestHarness/MessageVersion'

2020-07-16 13:43:28 - [MESSAGE][PASSED] - Text '3.0' is set on object 'Object Repository/IWP30/Page_QATestHarness/MessageVersion'

2020-07-16 13:43:28 - [TEST_STEP][PASSED] - setText(findTestObject("Object Repository/IWP30/Page_QATestHarness/RemittanceID"), genRemIDVoid): Text 'ShcNK7GOmZgx' is set on object 'Object Repository/IWP30/Page_QATestHarness/RemittanceID'

2020-07-16 13:43:29 - [MESSAGE][PASSED] - Text 'ShcNK7GOmZgx' is set on object 'Object Repository/IWP30/Page_QATestHarness/RemittanceID'

2020-07-16 13:43:29 - [TEST_STEP][PASSED] - click(findTestObject("Object Repository/IWP30/Page_QATestHarness/SubmitButton")): Object: 'Object Repository/IWP30/Page_QATestHarness/SubmitButton' is clicked on

2020-07-16 13:43:30 - [MESSAGE][PASSED] - Object: 'Object Repository/IWP30/Page_QATestHarness/SubmitButton' is clicked on

2020-07-16 13:43:30 - [TEST_STEP][PASSED] - verifyTextPresent("Select Payment Method", false): Text 'Select Payment Method' is present on page 

2020-07-16 13:43:30 - [MESSAGE][PASSED] - Text 'Select Payment Method' is present on page 

2020-07-16 13:43:30 - [TEST_STEP][PASSED] - verifyTextPresent("Please choose the method of payment", false): Text 'Please choose the method of payment' is present on page 

2020-07-16 13:43:31 - [MESSAGE][PASSED] - Text 'Please choose the method of payment' is present on page 

2020-07-16 13:43:31 - [TEST_STEP][PASSED] - verifyElementPresent(findTestObject("Object Repository/IWP30/Page_SelectPaymentMethod/PayByCreditCard"), 30): Object 'Object Repository/IWP30/Page_SelectPaymentMethod/PayByCreditCard' is present

2020-07-16 13:43:31 - [MESSAGE][PASSED] - Object 'Object Repository/IWP30/Page_SelectPaymentMethod/PayByCreditCard' is present

2020-07-16 13:43:31 - [TEST_STEP][PASSED] - verifyElementPresent(findTestObject("Object Repository/IWP30/Page_SelectPaymentMethod/PayByCorporateCheck"), 30): Object 'Object Repository/IWP30/Page_SelectPaymentMethod/PayByCorporateCheck' is present

2020-07-16 13:43:31 - [MESSAGE][PASSED] - Object 'Object Repository/IWP30/Page_SelectPaymentMethod/PayByCorporateCheck' is present

2020-07-16 13:43:31 - [TEST_STEP][PASSED] - verifyElementPresent(findTestObject("Object Repository/IWP30/Page_SelectPaymentMethod/PayByPersonalCheck"), 30): Object 'Object Repository/IWP30/Page_SelectPaymentMethod/PayByPersonalCheck' is present

2020-07-16 13:43:32 - [MESSAGE][PASSED] - Object 'Object Repository/IWP30/Page_SelectPaymentMethod/PayByPersonalCheck' is present

2020-07-16 13:43:32 - [TEST_STEP][PASSED] - verifyElementPresent(findTestObject("Object Repository/IWP30/Page_SelectPaymentMethod/ExitButton"), 30): Object 'Object Repository/IWP30/Page_SelectPaymentMethod/ExitButton' is present

2020-07-16 13:43:32 - [MESSAGE][PASSED] - Object 'Object Repository/IWP30/Page_SelectPaymentMethod/ExitButton' is present

2020-07-16 13:43:32 - [TEST_STEP][PASSED] - if (verifyElementPresent(findTestObject("Object Repository/IWP30/Page_SelectPaymentMethod/PayByCreditCard"), 30)): null

2020-07-16 13:43:32 - [MESSAGE][PASSED] - Object 'Object Repository/IWP30/Page_SelectPaymentMethod/PayByCreditCard' is present

2020-07-16 13:43:32 - [TEST_STEP][PASSED] - println("We are on Select Payment Method page, start populating"): null

2020-07-16 13:43:32 - [TEST_STEP][PASSED] - check(findTestObject("Object Repository/IWP30/Page_SelectPaymentMethod/PayByCreditCard")): Object 'Object Repository/IWP30/Page_SelectPaymentMethod/PayByCreditCard' is checked

2020-07-16 13:43:33 - [MESSAGE][PASSED] - Object 'Object Repository/IWP30/Page_SelectPaymentMethod/PayByCreditCard' is checked

2020-07-16 13:43:33 - [TEST_STEP][PASSED] - Thread.sleep(1000): null

2020-07-16 13:43:34 - [TEST_STEP][PASSED] - click(findTestObject("Object Repository/IWP30/Page_SelectPaymentMethod/MakePaymentButton")): Object: 'Object Repository/IWP30/Page_SelectPaymentMethod/MakePaymentButton' is clicked on

2020-07-16 13:43:35 - [MESSAGE][PASSED] - Object: 'Object Repository/IWP30/Page_SelectPaymentMethod/MakePaymentButton' is clicked on

2020-07-16 13:43:35 - [TEST_STEP][PASSED] - verifyTextPresent("Required fields are highlighted with an asterisk", false): Text 'Required fields are highlighted with an asterisk' is present on page 

2020-07-16 13:43:35 - [MESSAGE][PASSED] - Text 'Required fields are highlighted with an asterisk' is present on page 

2020-07-16 13:43:35 - [TEST_STEP][PASSED] - verifyTextPresent("Please enter the following information about your payment", false): Text 'Please enter the following information about your payment' is present on page 

2020-07-16 13:43:36 - [MESSAGE][PASSED] - Text 'Please enter the following information about your payment' is present on page 

2020-07-16 13:43:36 - [TEST_STEP][PASSED] - verifyTextPresent("CAN Label", false): Text 'CAN Label' is present on page 

2020-07-16 13:43:36 - [MESSAGE][PASSED] - Text 'CAN Label' is present on page 

2020-07-16 13:43:36 - [TEST_STEP][PASSED] - verifyTextPresent("Tax Amount", false): Text 'Tax Amount' is present on page 

2020-07-16 13:43:36 - [MESSAGE][PASSED] - Text 'Tax Amount' is present on page 

2020-07-16 13:43:36 - [TEST_STEP][PASSED] - verifyTextPresent("Amount", false): Text 'Amount' is present on page 

2020-07-16 13:43:37 - [MESSAGE][PASSED] - Text 'Amount' is present on page 

2020-07-16 13:43:37 - [TEST_STEP][PASSED] - verifyTextPresent("UDF1 Label", false): Text 'UDF1 Label' is present on page 

2020-07-16 13:43:37 - [MESSAGE][PASSED] - Text 'UDF1 Label' is present on page 

2020-07-16 13:43:37 - [TEST_STEP][PASSED] - verifyTextPresent("UDF2 Label", false): Text 'UDF2 Label' is present on page 

2020-07-16 13:43:38 - [MESSAGE][PASSED] - Text 'UDF2 Label' is present on page 

2020-07-16 13:43:38 - [TEST_STEP][PASSED] - verifyTextPresent("UDF3 Label", false): Text 'UDF3 Label' is present on page 

2020-07-16 13:43:38 - [MESSAGE][PASSED] - Text 'UDF3 Label' is present on page 

2020-07-16 13:43:38 - [TEST_STEP][PASSED] - verifyTextPresent("UDF4 Label", false): Text 'UDF4 Label' is present on page 

2020-07-16 13:43:38 - [MESSAGE][PASSED] - Text 'UDF4 Label' is present on page 

2020-07-16 13:43:38 - [TEST_STEP][PASSED] - verifyTextPresent("UDF6 Label", false): Text 'UDF6 Label' is present on page 

2020-07-16 13:43:39 - [MESSAGE][PASSED] - Text 'UDF6 Label' is present on page 

2020-07-16 13:43:39 - [TEST_STEP][PASSED] - verifyTextPresent("UDF7 Label", false): Text 'UDF7 Label' is present on page 

2020-07-16 13:43:39 - [MESSAGE][PASSED] - Text 'UDF7 Label' is present on page 

2020-07-16 13:43:39 - [TEST_STEP][PASSED] - verifyTextPresent("UDF8 Label", false): Text 'UDF8 Label' is present on page 

2020-07-16 13:43:39 - [MESSAGE][PASSED] - Text 'UDF8 Label' is present on page 

2020-07-16 13:43:39 - [TEST_STEP][PASSED] - verifyTextPresent("UDF9 Label", false): Text 'UDF9 Label' is present on page 

2020-07-16 13:43:40 - [MESSAGE][PASSED] - Text 'UDF9 Label' is present on page 

2020-07-16 13:43:40 - [TEST_STEP][PASSED] - verifyTextPresent("Please enter the following information about your payment method", false): Text 'Please enter the following information about your payment method' is present on page 

2020-07-16 13:43:40 - [MESSAGE][PASSED] - Text 'Please enter the following information about your payment method' is present on page 

2020-07-16 13:43:40 - [TEST_STEP][PASSED] - verifyTextPresent("Cardholder's Name", false): Text 'Cardholder's Name' is present on page 

2020-07-16 13:43:41 - [MESSAGE][PASSED] - Text 'Cardholder's Name' is present on page 

2020-07-16 13:43:41 - [TEST_STEP][PASSED] - verifyTextPresent("Cards Accepted", false): Text 'Cards Accepted' is present on page 

2020-07-16 13:43:41 - [MESSAGE][PASSED] - Text 'Cards Accepted' is present on page 

2020-07-16 13:43:41 - [TEST_STEP][PASSED] - verifyTextPresent("Card Number", false): Text 'Card Number' is present on page 

2020-07-16 13:43:42 - [MESSAGE][PASSED] - Text 'Card Number' is present on page 

2020-07-16 13:43:42 - [TEST_STEP][PASSED] - verifyTextPresent("Signature Panel Code", false): Text 'Signature Panel Code' is present on page 

2020-07-16 13:43:42 - [MESSAGE][PASSED] - Text 'Signature Panel Code' is present on page 

2020-07-16 13:43:42 - [TEST_STEP][PASSED] - verifyTextPresent("Expiration Date", false): Text 'Expiration Date' is present on page 

2020-07-16 13:43:42 - [MESSAGE][PASSED] - Text 'Expiration Date' is present on page 

2020-07-16 13:43:42 - [TEST_STEP][PASSED] - verifyTextPresent("Payment Date", false): Text 'Payment Date' is present on page 

2020-07-16 13:43:43 - [MESSAGE][PASSED] - Text 'Payment Date' is present on page 

2020-07-16 13:43:43 - [TEST_STEP][PASSED] - verifyTextPresent("Billing information", false): Text 'Billing information' is present on page 

2020-07-16 13:43:43 - [MESSAGE][PASSED] - Text 'Billing information' is present on page 

2020-07-16 13:43:43 - [TEST_STEP][PASSED] - verifyTextPresent("Address Line 1", false): Text 'Address Line 1' is present on page 

2020-07-16 13:43:44 - [MESSAGE][PASSED] - Text 'Address Line 1' is present on page 

2020-07-16 13:43:44 - [TEST_STEP][PASSED] - verifyTextPresent("Address Line 2", false): Text 'Address Line 2' is present on page 

2020-07-16 13:43:44 - [MESSAGE][PASSED] - Text 'Address Line 2' is present on page 

2020-07-16 13:43:44 - [TEST_STEP][PASSED] - verifyTextPresent("Country", false): Text 'Country' is present on page 

2020-07-16 13:43:44 - [MESSAGE][PASSED] - Text 'Country' is present on page 

2020-07-16 13:43:44 - [TEST_STEP][PASSED] - verifyTextPresent("ZIP Code", false): Text 'ZIP Code' is present on page 

2020-07-16 13:43:45 - [MESSAGE][PASSED] - Text 'ZIP Code' is present on page 

2020-07-16 13:43:45 - [TEST_STEP][PASSED] - verifyTextPresent("City", false): Text 'City' is present on page 

2020-07-16 13:43:45 - [MESSAGE][PASSED] - Text 'City' is present on page 

2020-07-16 13:43:45 - [TEST_STEP][PASSED] - verifyTextPresent("State", false): Text 'State' is present on page 

2020-07-16 13:43:46 - [MESSAGE][PASSED] - Text 'State' is present on page 

2020-07-16 13:43:46 - [TEST_STEP][PASSED] - verifyTextPresent("Receipt information", false): Text 'Receipt information' is present on page 

2020-07-16 13:43:46 - [MESSAGE][PASSED] - Text 'Receipt information' is present on page 

2020-07-16 13:43:46 - [TEST_STEP][PASSED] - verifyTextPresent("Email Address", false): Text 'Email Address' is present on page 

2020-07-16 13:43:46 - [MESSAGE][PASSED] - Text 'Email Address' is present on page 

2020-07-16 13:43:46 - [TEST_STEP][PASSED] - verifyTextPresent("Please check here to store the payment method for future use", false): Text 'Please check here to store the payment method for future use' is present on page 

2020-07-16 13:43:47 - [MESSAGE][PASSED] - Text 'Please check here to store the payment method for future use' is present on page 

2020-07-16 13:43:47 - [TEST_STEP][PASSED] - verifyTextPresent("These are Customer CC Terms", false): Text 'These are Customer CC Terms' is present on page 

2020-07-16 13:43:47 - [MESSAGE][PASSED] - Text 'These are Customer CC Terms' is present on page 

2020-07-16 13:43:47 - [TEST_STEP][PASSED] - verifyTextPresent("These are CC Custom HTML", false): Text 'These are CC Custom HTML' is present on page 

2020-07-16 13:43:48 - [MESSAGE][PASSED] - Text 'These are CC Custom HTML' is present on page 

2020-07-16 13:43:48 - [TEST_STEP][PASSED] - verifyTextPresent("54654701", false): Text '54654701' is present on page 

2020-07-16 13:43:48 - [MESSAGE][PASSED] - Text '54654701' is present on page 

2020-07-16 13:43:48 - [TEST_STEP][PASSED] - verifyTextPresent("data 4", false): Text 'data 4' is present on page 

2020-07-16 13:43:48 - [MESSAGE][PASSED] - Text 'data 4' is present on page 

2020-07-16 13:43:48 - [TEST_STEP][PASSED] - verifyTextPresent("data 6", false): Text 'data 6' is present on page 

2020-07-16 13:43:49 - [MESSAGE][PASSED] - Text 'data 6' is present on page 

2020-07-16 13:43:49 - [TEST_STEP][PASSED] - verifyTextPresent("data 9", false): Text 'data 9' is present on page 

2020-07-16 13:43:49 - [MESSAGE][PASSED] - Text 'data 9' is present on page 

2020-07-16 13:43:49 - [TEST_STEP][PASSED] - verifyTextNotPresent("UDF5 Label", false): Text 'UDF5 Label' is not present on page

2020-07-16 13:43:50 - [MESSAGE][PASSED] - Text 'UDF5 Label' is not present on page

2020-07-16 13:43:50 - [TEST_STEP][PASSED] - verifyTextNotPresent("UDF10 Label", false): Text 'UDF10 Label' is not present on page

2020-07-16 13:43:50 - [MESSAGE][PASSED] - Text 'UDF10 Label' is not present on page

2020-07-16 13:43:50 - [TEST_STEP][PASSED] - verifyElementPresent(findTestObject("Object Repository/IWP30/Page_CCPaymentEntry/Amount"), 30): Object 'Object Repository/IWP30/Page_CCPaymentEntry/Amount' is present

2020-07-16 13:43:50 - [MESSAGE][PASSED] - Object 'Object Repository/IWP30/Page_CCPaymentEntry/Amount' is present

2020-07-16 13:43:50 - [TEST_STEP][PASSED] - verifyElementPresent(findTestObject("Object Repository/IWP30/Page_CCPaymentEntry/UserDefined2"), 30): Object 'Object Repository/IWP30/Page_CCPaymentEntry/UserDefined2' is present

2020-07-16 13:43:51 - [MESSAGE][PASSED] - Object 'Object Repository/IWP30/Page_CCPaymentEntry/UserDefined2' is present

2020-07-16 13:43:51 - [TEST_STEP][PASSED] - verifyElementPresent(findTestObject("Object Repository/IWP30/Page_CCPaymentEntry/UserDefined3"), 30): Object 'Object Repository/IWP30/Page_CCPaymentEntry/UserDefined3' is present

2020-07-16 13:43:51 - [MESSAGE][PASSED] - Object 'Object Repository/IWP30/Page_CCPaymentEntry/UserDefined3' is present

2020-07-16 13:43:51 - [TEST_STEP][PASSED] - verifyElementPresent(findTestObject("Object Repository/IWP30/Page_CCPaymentEntry/UserDefined7"), 30): Object 'Object Repository/IWP30/Page_CCPaymentEntry/UserDefined7' is present

2020-07-16 13:43:51 - [MESSAGE][PASSED] - Object 'Object Repository/IWP30/Page_CCPaymentEntry/UserDefined7' is present

2020-07-16 13:43:51 - [TEST_STEP][PASSED] - verifyElementPresent(findTestObject("Object Repository/IWP30/Page_CCPaymentEntry/UserDefined8"), 30): Object 'Object Repository/IWP30/Page_CCPaymentEntry/UserDefined8' is present

2020-07-16 13:43:52 - [MESSAGE][PASSED] - Object 'Object Repository/IWP30/Page_CCPaymentEntry/UserDefined8' is present

2020-07-16 13:43:52 - [TEST_STEP][PASSED] - verifyElementPresent(findTestObject("Object Repository/IWP30/Page_CCPaymentEntry/Name"), 30): Object 'Object Repository/IWP30/Page_CCPaymentEntry/Name' is present

2020-07-16 13:43:52 - [MESSAGE][PASSED] - Object 'Object Repository/IWP30/Page_CCPaymentEntry/Name' is present

2020-07-16 13:43:52 - [TEST_STEP][PASSED] - verifyElementPresent(findTestObject("Object Repository/IWP30/Page_CCPaymentEntry/CardNumber"), 30): Object 'Object Repository/IWP30/Page_CCPaymentEntry/CardNumber' is present

2020-07-16 13:43:52 - [MESSAGE][PASSED] - Object 'Object Repository/IWP30/Page_CCPaymentEntry/CardNumber' is present

2020-07-16 13:43:52 - [TEST_STEP][PASSED] - verifyElementPresent(findTestObject("Object Repository/IWP30/Page_CCPaymentEntry/SPC"), 30): Object 'Object Repository/IWP30/Page_CCPaymentEntry/SPC' is present

2020-07-16 13:43:53 - [MESSAGE][PASSED] - Object 'Object Repository/IWP30/Page_CCPaymentEntry/SPC' is present

2020-07-16 13:43:53 - [TEST_STEP][PASSED] - verifyElementPresent(findTestObject("Object Repository/IWP30/Page_CCPaymentEntry/Month"), 30): Object 'Object Repository/IWP30/Page_CCPaymentEntry/Month' is present

2020-07-16 13:43:53 - [MESSAGE][PASSED] - Object 'Object Repository/IWP30/Page_CCPaymentEntry/Month' is present

2020-07-16 13:43:53 - [TEST_STEP][PASSED] - verifyElementPresent(findTestObject("Object Repository/IWP30/Page_CCPaymentEntry/Year"), 30): Object 'Object Repository/IWP30/Page_CCPaymentEntry/Year' is present

2020-07-16 13:43:53 - [MESSAGE][PASSED] - Object 'Object Repository/IWP30/Page_CCPaymentEntry/Year' is present

2020-07-16 13:43:53 - [TEST_STEP][PASSED] - verifyElementPresent(findTestObject("Object Repository/IWP30/Page_CCPaymentEntry/ProcessDate"), 30): Object 'Object Repository/IWP30/Page_CCPaymentEntry/ProcessDate' is present

2020-07-16 13:43:54 - [MESSAGE][PASSED] - Object 'Object Repository/IWP30/Page_CCPaymentEntry/ProcessDate' is present

2020-07-16 13:43:54 - [TEST_STEP][PASSED] - verifyElementPresent(findTestObject("Object Repository/IWP30/Page_CCPaymentEntry/AL1"), 30): Object 'Object Repository/IWP30/Page_CCPaymentEntry/AL1' is present

2020-07-16 13:43:54 - [MESSAGE][PASSED] - Object 'Object Repository/IWP30/Page_CCPaymentEntry/AL1' is present

2020-07-16 13:43:54 - [TEST_STEP][PASSED] - verifyElementPresent(findTestObject("Object Repository/IWP30/Page_CCPaymentEntry/AL2"), 30): Object 'Object Repository/IWP30/Page_CCPaymentEntry/AL2' is present

2020-07-16 13:43:54 - [MESSAGE][PASSED] - Object 'Object Repository/IWP30/Page_CCPaymentEntry/AL2' is present

2020-07-16 13:43:54 - [TEST_STEP][PASSED] - verifyElementPresent(findTestObject("Object Repository/IWP30/Page_CCPaymentEntry/CountryDropDown"), 30): Object 'Object Repository/IWP30/Page_CCPaymentEntry/CountryDropDown' is present

2020-07-16 13:43:55 - [MESSAGE][PASSED] - Object 'Object Repository/IWP30/Page_CCPaymentEntry/CountryDropDown' is present

2020-07-16 13:43:55 - [TEST_STEP][PASSED] - verifyElementPresent(findTestObject("Object Repository/IWP30/Page_CCPaymentEntry/ZIP"), 30): Object 'Object Repository/IWP30/Page_CCPaymentEntry/ZIP' is present

2020-07-16 13:43:55 - [MESSAGE][PASSED] - Object 'Object Repository/IWP30/Page_CCPaymentEntry/ZIP' is present

2020-07-16 13:43:55 - [TEST_STEP][PASSED] - verifyElementPresent(findTestObject("Object Repository/IWP30/Page_CCPaymentEntry/City"), 30): Object 'Object Repository/IWP30/Page_CCPaymentEntry/City' is present

2020-07-16 13:43:55 - [MESSAGE][PASSED] - Object 'Object Repository/IWP30/Page_CCPaymentEntry/City' is present

2020-07-16 13:43:55 - [TEST_STEP][PASSED] - verifyElementPresent(findTestObject("Object Repository/IWP30/Page_CCPaymentEntry/State"), 30): Object 'Object Repository/IWP30/Page_CCPaymentEntry/State' is present

2020-07-16 13:43:56 - [MESSAGE][PASSED] - Object 'Object Repository/IWP30/Page_CCPaymentEntry/State' is present

2020-07-16 13:43:56 - [TEST_STEP][PASSED] - verifyElementPresent(findTestObject("Object Repository/IWP30/Page_CCPaymentEntry/EmailAddress"), 30): Object 'Object Repository/IWP30/Page_CCPaymentEntry/EmailAddress' is present

2020-07-16 13:43:56 - [MESSAGE][PASSED] - Object 'Object Repository/IWP30/Page_CCPaymentEntry/EmailAddress' is present

2020-07-16 13:43:56 - [TEST_STEP][PASSED] - verifyElementPresent(findTestObject("Object Repository/IWP30/Page_CCPaymentEntry/StorePaymentMethodCheckBox"), 30): Object 'Object Repository/IWP30/Page_CCPaymentEntry/StorePaymentMethodCheckBox' is present

2020-07-16 13:43:56 - [MESSAGE][PASSED] - Object 'Object Repository/IWP30/Page_CCPaymentEntry/StorePaymentMethodCheckBox' is present

2020-07-16 13:43:56 - [TEST_STEP][PASSED] - verifyElementPresent(findTestObject("Object Repository/IWP30/Page_CCPaymentEntry/TermCondCheckBox"), 30): Object 'Object Repository/IWP30/Page_CCPaymentEntry/TermCondCheckBox' is present

2020-07-16 13:43:57 - [MESSAGE][PASSED] - Object 'Object Repository/IWP30/Page_CCPaymentEntry/TermCondCheckBox' is present

2020-07-16 13:43:57 - [TEST_STEP][PASSED] - verifyElementPresent(findTestObject("Object Repository/IWP30/Page_CCPaymentEntry/ContinueButton"), 30): Object 'Object Repository/IWP30/Page_CCPaymentEntry/ContinueButton' is present

2020-07-16 13:43:57 - [MESSAGE][PASSED] - Object 'Object Repository/IWP30/Page_CCPaymentEntry/ContinueButton' is present

2020-07-16 13:43:57 - [TEST_STEP][PASSED] - verifyElementPresent(findTestObject("Object Repository/IWP30/Page_CCPaymentEntry/ChangePaymentMethodButton"), 30): Object 'Object Repository/IWP30/Page_CCPaymentEntry/ChangePaymentMethodButton' is present

2020-07-16 13:43:57 - [MESSAGE][PASSED] - Object 'Object Repository/IWP30/Page_CCPaymentEntry/ChangePaymentMethodButton' is present

2020-07-16 13:43:57 - [TEST_STEP][PASSED] - verifyElementPresent(findTestObject("Object Repository/IWP30/Page_CCPaymentEntry/ExitButton"), 30): Object 'Object Repository/IWP30/Page_CCPaymentEntry/ExitButton' is present

2020-07-16 13:43:58 - [MESSAGE][PASSED] - Object 'Object Repository/IWP30/Page_CCPaymentEntry/ExitButton' is present

2020-07-16 13:43:58 - [TEST_STEP][PASSED] - iwpPages.ccPaymentEntryPage.setDataCCPM(row, dataFile): iwpPages.ccPaymentEntryPage.setDataCCPM is PASSED

2020-07-16 13:43:59 - [MESSAGE][PASSED] - Object 'Object Repository/IWP30/Page_CCPaymentEntry/Name' is present

2020-07-16 13:43:59 - [MESSAGE][PASSED] - Object 'Object Repository/IWP30/Page_CCPaymentEntry/Amount' is present

2020-07-16 13:44:00 - [MESSAGE][PASSED] - Text '23.50' is set on object 'Object Repository/IWP30/Page_CCPaymentEntry/Amount'

2020-07-16 13:44:00 - [MESSAGE][PASSED] - Object 'Object Repository/IWP30/Page_CCPaymentEntry/UserDefined2' is present

2020-07-16 13:44:01 - [MESSAGE][PASSED] - Text 'Some Data 2' is set on object 'Object Repository/IWP30/Page_CCPaymentEntry/UserDefined2'

2020-07-16 13:44:01 - [MESSAGE][PASSED] - Object 'Object Repository/IWP30/Page_CCPaymentEntry/UserDefined3' is present

2020-07-16 13:44:02 - [MESSAGE][PASSED] - Text 'Some Data 3' is set on object 'Object Repository/IWP30/Page_CCPaymentEntry/UserDefined3'

2020-07-16 13:44:02 - [MESSAGE][PASSED] - Object 'Object Repository/IWP30/Page_CCPaymentEntry/UserDefined7' is present

2020-07-16 13:44:03 - [MESSAGE][PASSED] - All options with label 'Orange' are selected in object 'Object Repository/IWP30/Page_CCPaymentEntry/UserDefined7' 

2020-07-16 13:44:03 - [MESSAGE][PASSED] - Object 'Object Repository/IWP30/Page_CCPaymentEntry/UserDefined8' is present

2020-07-16 13:44:04 - [MESSAGE][PASSED] - All options with label 'Tennis' are selected in object 'Object Repository/IWP30/Page_CCPaymentEntry/UserDefined8' 

2020-07-16 13:44:04 - [MESSAGE][PASSED] - Object 'Object Repository/IWP30/Page_CCPaymentEntry/Name' is present

2020-07-16 13:44:05 - [MESSAGE][PASSED] - Text 'Horath Tungsten' is set on object 'Object Repository/IWP30/Page_CCPaymentEntry/Name'

2020-07-16 13:44:05 - [MESSAGE][PASSED] - Object 'Object Repository/IWP30/Page_CCPaymentEntry/CardNumber' is present

2020-07-16 13:44:06 - [MESSAGE][PASSED] - Text '4111111111111111' is set on object 'Object Repository/IWP30/Page_CCPaymentEntry/CardNumber'

2020-07-16 13:44:06 - [MESSAGE][PASSED] - Object 'Object Repository/IWP30/Page_CCPaymentEntry/SPC' is present

2020-07-16 13:44:07 - [MESSAGE][PASSED] - Text '147' is set on object 'Object Repository/IWP30/Page_CCPaymentEntry/SPC'

2020-07-16 13:44:07 - [MESSAGE][PASSED] - Object 'Object Repository/IWP30/Page_CCPaymentEntry/Month' is present

2020-07-16 13:44:08 - [MESSAGE][PASSED] - All options with label '12' are selected in object 'Object Repository/IWP30/Page_CCPaymentEntry/Month' 

2020-07-16 13:44:08 - [MESSAGE][PASSED] - Object 'Object Repository/IWP30/Page_CCPaymentEntry/Year' is present

2020-07-16 13:44:09 - [MESSAGE][PASSED] - All options with label '2025' are selected in object 'Object Repository/IWP30/Page_CCPaymentEntry/Year' 

2020-07-16 13:44:09 - [MESSAGE][PASSED] - Object 'Object Repository/IWP30/Page_CCPaymentEntry/ProcessDate' is present

2020-07-16 13:44:09 - [MESSAGE][PASSED] - Object 'Object Repository/IWP30/Page_CCPaymentEntry/AL1' is present

2020-07-16 13:44:10 - [MESSAGE][PASSED] - Text '9563 Elm Street' is set on object 'Object Repository/IWP30/Page_CCPaymentEntry/AL1'

2020-07-16 13:44:11 - [MESSAGE][PASSED] - Object 'Object Repository/IWP30/Page_CCPaymentEntry/AL2' is present

2020-07-16 13:44:11 - [MESSAGE][PASSED] - Text 'Room 3659' is set on object 'Object Repository/IWP30/Page_CCPaymentEntry/AL2'

2020-07-16 13:44:12 - [MESSAGE][PASSED] - Object 'Object Repository/IWP30/Page_CCPaymentEntry/ZIP' is present

2020-07-16 13:44:12 - [MESSAGE][PASSED] - Text '22201' is set on object 'Object Repository/IWP30/Page_CCPaymentEntry/ZIP'

2020-07-16 13:44:13 - [MESSAGE][PASSED] - Object 'Object Repository/IWP30/Page_CCPaymentEntry/EmailAddress' is present

2020-07-16 13:44:14 - [MESSAGE][PASSED] - Text 'myemail@gmail.com' is set on object 'Object Repository/IWP30/Page_CCPaymentEntry/EmailAddress'

2020-07-16 13:44:14 - [MESSAGE][PASSED] - Object 'Object Repository/IWP30/Page_CCPaymentEntry/TermCondCheckBox' is present

2020-07-16 13:44:14 - [MESSAGE][PASSED] - Object 'Object Repository/IWP30/Page_CCPaymentEntry/TermCondCheckBox' is checked

2020-07-16 13:44:15 - [MESSAGE][PASSED] - Object 'Object Repository/IWP30/Page_CCPaymentEntry/ContinueButton' is present

2020-07-16 13:44:17 - [MESSAGE][PASSED] - Object: 'Object Repository/IWP30/Page_CCPaymentEntry/ContinueButton' is clicked on

2020-07-16 13:44:17 - [MESSAGE][PASSED] - iwpPages.ccPaymentEntryPage.setDataCCPM is PASSED

2020-07-16 13:44:17 - [TEST_STEP][PASSED] - Amount = findTestData("VerifyUINoCFCCTestData").getValue("CCAmount", row): null

2020-07-16 13:44:17 - [TEST_STEP][PASSED] - UDF2 = findTestData("VerifyUINoCFCCTestData").getValue("CCUDF2", row): null

2020-07-16 13:44:17 - [TEST_STEP][PASSED] - UDF3 = findTestData("VerifyUINoCFCCTestData").getValue("CCUDF3", row): null

2020-07-16 13:44:17 - [TEST_STEP][PASSED] - UDF7 = findTestData("VerifyUINoCFCCTestData").getValue("CCUDF7", row): null

2020-07-16 13:44:17 - [TEST_STEP][PASSED] - UDF8 = findTestData("VerifyUINoCFCCTestData").getValue("CCUDF8", row): null

2020-07-16 13:44:17 - [TEST_STEP][PASSED] - CName = findTestData("VerifyUINoCFCCTestData").getValue("CCName", row): null

2020-07-16 13:44:17 - [TEST_STEP][PASSED] - CardType = findTestData("VerifyUINoCFCCTestData").getValue("VerCardType", row): null

2020-07-16 13:44:17 - [TEST_STEP][PASSED] - Last4 = findTestData("VerifyUINoCFCCTestData").getValue("VerLast4", row): null

2020-07-16 13:44:17 - [TEST_STEP][PASSED] - CExp = findTestData("VerifyUINoCFCCTestData").getValue("VerExp", row): null

2020-07-16 13:44:17 - [TEST_STEP][PASSED] - AL1 = findTestData("VerifyUINoCFCCTestData").getValue("CCAL1", row): null

2020-07-16 13:44:17 - [TEST_STEP][PASSED] - AL2 = findTestData("VerifyUINoCFCCTestData").getValue("CCAL2", row): null

2020-07-16 13:44:18 - [TEST_STEP][PASSED] - City = findTestData("VerifyUINoCFCCTestData").getValue("VerCity", row): null

2020-07-16 13:44:18 - [TEST_STEP][PASSED] - State = findTestData("VerifyUINoCFCCTestData").getValue("VerState", row): null

2020-07-16 13:44:18 - [TEST_STEP][PASSED] - CZIP = findTestData("VerifyUINoCFCCTestData").getValue("CCZIP", row): null

2020-07-16 13:44:18 - [TEST_STEP][PASSED] - Email = findTestData("VerifyUINoCFCCTestData").getValue("CCEmail", row): null

2020-07-16 13:44:18 - [TEST_STEP][PASSED] - State2 = findTestData("VerifyUINoCFCCTestData").getValue("VerState2", row): null

2020-07-16 13:44:18 - [TEST_STEP][PASSED] - CName2 = findTestData("VerifyUINoCFCCTestData").getValue("VerCCName", row): null

2020-07-16 13:44:18 - [TEST_STEP][PASSED] - verifyTextPresent("Please verify the following information", false): Text 'Please verify the following information' is present on page 

2020-07-16 13:44:18 - [MESSAGE][PASSED] - Text 'Please verify the following information' is present on page 

2020-07-16 13:44:18 - [TEST_STEP][PASSED] - verifyTextPresent("CAN Label", false): Text 'CAN Label' is present on page 

2020-07-16 13:44:19 - [MESSAGE][PASSED] - Text 'CAN Label' is present on page 

2020-07-16 13:44:19 - [TEST_STEP][PASSED] - verifyTextPresent("54654701", false): Text '54654701' is present on page 

2020-07-16 13:44:19 - [MESSAGE][PASSED] - Text '54654701' is present on page 

2020-07-16 13:44:19 - [TEST_STEP][PASSED] - verifyTextPresent("Tax Amount", false): Text 'Tax Amount' is present on page 

2020-07-16 13:44:19 - [MESSAGE][PASSED] - Text 'Tax Amount' is present on page 

2020-07-16 13:44:19 - [TEST_STEP][PASSED] - verifyTextPresent("$0.00", false): Text '$0.00' is present on page 

2020-07-16 13:44:20 - [MESSAGE][PASSED] - Text '$0.00' is present on page 

2020-07-16 13:44:20 - [TEST_STEP][PASSED] - verifyTextPresent("Amount", false): Text 'Amount' is present on page 

2020-07-16 13:44:20 - [MESSAGE][PASSED] - Text 'Amount' is present on page 

2020-07-16 13:44:20 - [TEST_STEP][PASSED] - verifyTextPresent(Amount, false): Text '23.50' is present on page 

2020-07-16 13:44:20 - [MESSAGE][PASSED] - Text '23.50' is present on page 

2020-07-16 13:44:20 - [TEST_STEP][PASSED] - verifyTextPresent("UDF2 Label", false): Text 'UDF2 Label' is present on page 

2020-07-16 13:44:21 - [MESSAGE][PASSED] - Text 'UDF2 Label' is present on page 

2020-07-16 13:44:21 - [TEST_STEP][PASSED] - verifyTextPresent(UDF2, false): Text 'Some Data 2' is present on page 

2020-07-16 13:44:21 - [MESSAGE][PASSED] - Text 'Some Data 2' is present on page 

2020-07-16 13:44:21 - [TEST_STEP][PASSED] - verifyTextPresent("UDF3 Label", false): Text 'UDF3 Label' is present on page 

2020-07-16 13:44:21 - [MESSAGE][PASSED] - Text 'UDF3 Label' is present on page 

2020-07-16 13:44:21 - [TEST_STEP][PASSED] - verifyTextPresent(UDF3, false): Text 'Some Data 3' is present on page 

2020-07-16 13:44:22 - [MESSAGE][PASSED] - Text 'Some Data 3' is present on page 

2020-07-16 13:44:22 - [TEST_STEP][PASSED] - verifyTextPresent("UDF4 Label", false): Text 'UDF4 Label' is present on page 

2020-07-16 13:44:22 - [MESSAGE][PASSED] - Text 'UDF4 Label' is present on page 

2020-07-16 13:44:22 - [TEST_STEP][PASSED] - verifyTextPresent("data 4", false): Text 'data 4' is present on page 

2020-07-16 13:44:22 - [MESSAGE][PASSED] - Text 'data 4' is present on page 

2020-07-16 13:44:22 - [TEST_STEP][PASSED] - verifyTextPresent("UDF6 Label", false): Text 'UDF6 Label' is present on page 

2020-07-16 13:44:23 - [MESSAGE][PASSED] - Text 'UDF6 Label' is present on page 

2020-07-16 13:44:23 - [TEST_STEP][PASSED] - verifyTextPresent("data 6", false): Text 'data 6' is present on page 

2020-07-16 13:44:23 - [MESSAGE][PASSED] - Text 'data 6' is present on page 

2020-07-16 13:44:23 - [TEST_STEP][PASSED] - verifyTextPresent("UDF7 Label", false): Text 'UDF7 Label' is present on page 

2020-07-16 13:44:23 - [MESSAGE][PASSED] - Text 'UDF7 Label' is present on page 

2020-07-16 13:44:23 - [TEST_STEP][PASSED] - verifyTextPresent(UDF7, false): Text 'Orange' is present on page 

2020-07-16 13:44:24 - [MESSAGE][PASSED] - Text 'Orange' is present on page 

2020-07-16 13:44:24 - [TEST_STEP][PASSED] - verifyTextPresent("UDF8 Label", false): Text 'UDF8 Label' is present on page 

2020-07-16 13:44:24 - [MESSAGE][PASSED] - Text 'UDF8 Label' is present on page 

2020-07-16 13:44:24 - [TEST_STEP][PASSED] - verifyTextPresent(UDF8, false): Text 'Tennis' is present on page 

2020-07-16 13:44:24 - [MESSAGE][PASSED] - Text 'Tennis' is present on page 

2020-07-16 13:44:24 - [TEST_STEP][PASSED] - verifyTextPresent("UDF9 Label", false): Text 'UDF9 Label' is present on page 

2020-07-16 13:44:25 - [MESSAGE][PASSED] - Text 'UDF9 Label' is present on page 

2020-07-16 13:44:25 - [TEST_STEP][PASSED] - verifyTextPresent("data 9", false): Text 'data 9' is present on page 

2020-07-16 13:44:25 - [MESSAGE][PASSED] - Text 'data 9' is present on page 

2020-07-16 13:44:25 - [TEST_STEP][PASSED] - verifyTextPresent("Card information", false): Text 'Card information' is present on page 

2020-07-16 13:44:25 - [MESSAGE][PASSED] - Text 'Card information' is present on page 

2020-07-16 13:44:25 - [TEST_STEP][PASSED] - verifyTextPresent("Cardholder's Name", false): Text 'Cardholder's Name' is present on page 

2020-07-16 13:44:26 - [MESSAGE][PASSED] - Text 'Cardholder's Name' is present on page 

2020-07-16 13:44:26 - [TEST_STEP][PASSED] - verifyTextPresent(CName, false): Text 'Horath Tungsten' is present on page 

2020-07-16 13:44:26 - [MESSAGE][PASSED] - Text 'Horath Tungsten' is present on page 

2020-07-16 13:44:26 - [TEST_STEP][PASSED] - verifyTextPresent("Card Type", false): Text 'Card Type' is present on page 

2020-07-16 13:44:26 - [MESSAGE][PASSED] - Text 'Card Type' is present on page 

2020-07-16 13:44:26 - [TEST_STEP][PASSED] - verifyTextPresent(CardType, false): Text 'Visa' is present on page 

2020-07-16 13:44:27 - [MESSAGE][PASSED] - Text 'Visa' is present on page 

2020-07-16 13:44:27 - [TEST_STEP][PASSED] - verifyTextPresent("Card Number", false): Text 'Card Number' is present on page 

2020-07-16 13:44:27 - [MESSAGE][PASSED] - Text 'Card Number' is present on page 

2020-07-16 13:44:27 - [TEST_STEP][PASSED] - verifyTextPresent(Last4, false): Text '1111' is present on page 

2020-07-16 13:44:27 - [MESSAGE][PASSED] - Text '1111' is present on page 

2020-07-16 13:44:27 - [TEST_STEP][PASSED] - verifyTextPresent("Signature Panel Code", false): Text 'Signature Panel Code' is present on page 

2020-07-16 13:44:28 - [MESSAGE][PASSED] - Text 'Signature Panel Code' is present on page 

2020-07-16 13:44:28 - [TEST_STEP][PASSED] - verifyTextPresent("Expiration Date", false): Text 'Expiration Date' is present on page 

2020-07-16 13:44:28 - [MESSAGE][PASSED] - Text 'Expiration Date' is present on page 

2020-07-16 13:44:28 - [TEST_STEP][PASSED] - verifyTextPresent(CExp, false): Text '12/2025' is present on page 

2020-07-16 13:44:28 - [MESSAGE][PASSED] - Text '12/2025' is present on page 

2020-07-16 13:44:28 - [TEST_STEP][PASSED] - verifyTextPresent("Payment Date", false): Text 'Payment Date' is present on page 

2020-07-16 13:44:29 - [MESSAGE][PASSED] - Text 'Payment Date' is present on page 

2020-07-16 13:44:29 - [TEST_STEP][PASSED] - verifyTextPresent("Billing information", false): Text 'Billing information' is present on page 

2020-07-16 13:44:29 - [MESSAGE][PASSED] - Text 'Billing information' is present on page 

2020-07-16 13:44:29 - [TEST_STEP][PASSED] - verifyTextPresent("Address Line 1", false): Text 'Address Line 1' is present on page 

2020-07-16 13:44:29 - [MESSAGE][PASSED] - Text 'Address Line 1' is present on page 

2020-07-16 13:44:29 - [TEST_STEP][PASSED] - verifyTextPresent(AL1, false): Text '9563 Elm Street' is present on page 

2020-07-16 13:44:30 - [MESSAGE][PASSED] - Text '9563 Elm Street' is present on page 

2020-07-16 13:44:30 - [TEST_STEP][PASSED] - verifyTextPresent("Address Line 2", false): Text 'Address Line 2' is present on page 

2020-07-16 13:44:30 - [MESSAGE][PASSED] - Text 'Address Line 2' is present on page 

2020-07-16 13:44:30 - [TEST_STEP][PASSED] - verifyTextPresent(AL2, false): Text 'Room 3659' is present on page 

2020-07-16 13:44:31 - [MESSAGE][PASSED] - Text 'Room 3659' is present on page 

2020-07-16 13:44:31 - [TEST_STEP][PASSED] - verifyTextPresent("Country", false): Text 'Country' is present on page 

2020-07-16 13:44:31 - [MESSAGE][PASSED] - Text 'Country' is present on page 

2020-07-16 13:44:31 - [TEST_STEP][PASSED] - verifyTextPresent("United States", false): Text 'United States' is present on page 

2020-07-16 13:44:31 - [MESSAGE][PASSED] - Text 'United States' is present on page 

2020-07-16 13:44:31 - [TEST_STEP][PASSED] - verifyTextPresent("City", false): Text 'City' is present on page 

2020-07-16 13:44:32 - [MESSAGE][PASSED] - Text 'City' is present on page 

2020-07-16 13:44:32 - [TEST_STEP][PASSED] - verifyTextPresent(City, false): Text 'ARLINGTON' is present on page 

2020-07-16 13:44:32 - [MESSAGE][PASSED] - Text 'ARLINGTON' is present on page 

2020-07-16 13:44:32 - [TEST_STEP][PASSED] - verifyTextPresent("State", false): Text 'State' is present on page 

2020-07-16 13:44:32 - [MESSAGE][PASSED] - Text 'State' is present on page 

2020-07-16 13:44:32 - [TEST_STEP][PASSED] - verifyTextPresent(State, false): Text 'Virginia' is present on page 

2020-07-16 13:44:33 - [MESSAGE][PASSED] - Text 'Virginia' is present on page 

2020-07-16 13:44:33 - [TEST_STEP][PASSED] - verifyTextPresent("ZIP Code", false): Text 'ZIP Code' is present on page 

2020-07-16 13:44:33 - [MESSAGE][PASSED] - Text 'ZIP Code' is present on page 

2020-07-16 13:44:33 - [TEST_STEP][PASSED] - verifyTextPresent(CZIP, false): Text '22201' is present on page 

2020-07-16 13:44:33 - [MESSAGE][PASSED] - Text '22201' is present on page 

2020-07-16 13:44:33 - [TEST_STEP][PASSED] - verifyTextPresent("Email Address", false): Text 'Email Address' is present on page 

2020-07-16 13:44:34 - [MESSAGE][PASSED] - Text 'Email Address' is present on page 

2020-07-16 13:44:34 - [TEST_STEP][PASSED] - verifyTextPresent(Email, false): Text 'myemail@gmail.com' is present on page 

2020-07-16 13:44:34 - [MESSAGE][PASSED] - Text 'myemail@gmail.com' is present on page 

2020-07-16 13:44:34 - [TEST_STEP][PASSED] - verifyTextPresent("Is this information correct", false): Text 'Is this information correct' is present on page 

2020-07-16 13:44:34 - [MESSAGE][PASSED] - Text 'Is this information correct' is present on page 

2020-07-16 13:44:35 - [TEST_STEP][PASSED] - verifyTextPresent("These are CC Custom HTML", false): Text 'These are CC Custom HTML' is present on page 

2020-07-16 13:44:35 - [MESSAGE][PASSED] - Text 'These are CC Custom HTML' is present on page 

2020-07-16 13:44:35 - [TEST_STEP][PASSED] - verifyElementPresent(findTestObject("Object Repository/IWP30/Page_Confirmation/ChangePaymentMethodButton"), 30): Object 'Object Repository/IWP30/Page_Confirmation/ChangePaymentMethodButton' is present

2020-07-16 13:44:35 - [MESSAGE][PASSED] - Object 'Object Repository/IWP30/Page_Confirmation/ChangePaymentMethodButton' is present

2020-07-16 13:44:35 - [TEST_STEP][PASSED] - verifyElementPresent(findTestObject("Object Repository/IWP30/Page_Confirmation/ConfirmButton"), 30): Object 'Object Repository/IWP30/Page_Confirmation/ConfirmButton' is present

2020-07-16 13:44:35 - [MESSAGE][PASSED] - Object 'Object Repository/IWP30/Page_Confirmation/ConfirmButton' is present

2020-07-16 13:44:36 - [TEST_STEP][PASSED] - verifyElementPresent(findTestObject("Object Repository/IWP30/Page_Confirmation/ExitButton"), 30): Object 'Object Repository/IWP30/Page_Confirmation/ExitButton' is present

2020-07-16 13:44:36 - [MESSAGE][PASSED] - Object 'Object Repository/IWP30/Page_Confirmation/ExitButton' is present

2020-07-16 13:44:36 - [TEST_STEP][PASSED] - verifyElementPresent(findTestObject("Object Repository/IWP30/Page_Confirmation/ModifyButton"), 30): Object 'Object Repository/IWP30/Page_Confirmation/ModifyButton' is present

2020-07-16 13:44:36 - [MESSAGE][PASSED] - Object 'Object Repository/IWP30/Page_Confirmation/ModifyButton' is present

2020-07-16 13:44:36 - [TEST_STEP][PASSED] - click(findTestObject("Object Repository/IWP30/Page_Confirmation/ConfirmButton")): Object: 'Object Repository/IWP30/Page_Confirmation/ConfirmButton' is clicked on

2020-07-16 13:44:37 - [MESSAGE][PASSED] - Object: 'Object Repository/IWP30/Page_Confirmation/ConfirmButton' is clicked on

2020-07-16 13:44:37 - [TEST_STEP][PASSED] - Thread.sleep(10000): null

2020-07-16 13:44:47 - [TEST_STEP][PASSED] - verifyTextPresent("Successful Payment Receipt", false): Text 'Successful Payment Receipt' is present on page 

2020-07-16 13:44:48 - [MESSAGE][PASSED] - Text 'Successful Payment Receipt' is present on page 

2020-07-16 13:44:48 - [TEST_STEP][PASSED] - verifyTextPresent("Please print this receipt for your records", false): Text 'Please print this receipt for your records' is present on page 

2020-07-16 13:44:48 - [MESSAGE][PASSED] - Text 'Please print this receipt for your records' is present on page 

2020-07-16 13:44:48 - [TEST_STEP][PASSED] - verifyTextPresent("Remittance ID", false): Text 'Remittance ID' is present on page 

2020-07-16 13:44:48 - [MESSAGE][PASSED] - Text 'Remittance ID' is present on page 

2020-07-16 13:44:48 - [TEST_STEP][PASSED] - verifyTextPresent("CAN Label", false): Text 'CAN Label' is present on page 

2020-07-16 13:44:49 - [MESSAGE][PASSED] - Text 'CAN Label' is present on page 

2020-07-16 13:44:49 - [TEST_STEP][PASSED] - verifyTextPresent("54654701", false): Text '54654701' is present on page 

2020-07-16 13:44:49 - [MESSAGE][PASSED] - Text '54654701' is present on page 

2020-07-16 13:44:49 - [TEST_STEP][PASSED] - verifyTextPresent("Received", false): Text 'Received' is present on page 

2020-07-16 13:44:49 - [MESSAGE][PASSED] - Text 'Received' is present on page 

2020-07-16 13:44:49 - [TEST_STEP][PASSED] - verifyTextPresent("UDF1 Label", false): Text 'UDF1 Label' is present on page 

2020-07-16 13:44:50 - [MESSAGE][PASSED] - Text 'UDF1 Label' is present on page 

2020-07-16 13:44:50 - [TEST_STEP][PASSED] - verifyTextPresent("UDF2 Label", false): Text 'UDF2 Label' is present on page 

2020-07-16 13:44:50 - [MESSAGE][PASSED] - Text 'UDF2 Label' is present on page 

2020-07-16 13:44:50 - [TEST_STEP][PASSED] - verifyTextPresent(UDF2, false): Text 'Some Data 2' is present on page 

2020-07-16 13:44:50 - [MESSAGE][PASSED] - Text 'Some Data 2' is present on page 

2020-07-16 13:44:50 - [TEST_STEP][PASSED] - verifyTextPresent("UDF3 Label", false): Text 'UDF3 Label' is present on page 

2020-07-16 13:44:50 - [MESSAGE][PASSED] - Text 'UDF3 Label' is present on page 

2020-07-16 13:44:50 - [TEST_STEP][PASSED] - verifyTextPresent(UDF3, false): Text 'Some Data 3' is present on page 

2020-07-16 13:44:51 - [MESSAGE][PASSED] - Text 'Some Data 3' is present on page 

2020-07-16 13:44:51 - [TEST_STEP][PASSED] - verifyTextPresent("UDF4 Label", false): Text 'UDF4 Label' is present on page 

2020-07-16 13:44:51 - [MESSAGE][PASSED] - Text 'UDF4 Label' is present on page 

2020-07-16 13:44:51 - [TEST_STEP][PASSED] - verifyTextPresent("data 4", false): Text 'data 4' is present on page 

2020-07-16 13:44:51 - [MESSAGE][PASSED] - Text 'data 4' is present on page 

2020-07-16 13:44:51 - [TEST_STEP][PASSED] - verifyTextPresent("UDF6 Label", false): Text 'UDF6 Label' is present on page 

2020-07-16 13:44:52 - [MESSAGE][PASSED] - Text 'UDF6 Label' is present on page 

2020-07-16 13:44:52 - [TEST_STEP][PASSED] - verifyTextPresent("data 6", false): Text 'data 6' is present on page 

2020-07-16 13:44:52 - [MESSAGE][PASSED] - Text 'data 6' is present on page 

2020-07-16 13:44:52 - [TEST_STEP][PASSED] - verifyTextPresent("UDF7 Label", false): Text 'UDF7 Label' is present on page 

2020-07-16 13:44:52 - [MESSAGE][PASSED] - Text 'UDF7 Label' is present on page 

2020-07-16 13:44:52 - [TEST_STEP][PASSED] - verifyTextPresent(UDF7, false): Text 'Orange' is present on page 

2020-07-16 13:44:53 - [MESSAGE][PASSED] - Text 'Orange' is present on page 

2020-07-16 13:44:53 - [TEST_STEP][PASSED] - verifyTextPresent("UDF8 Label", false): Text 'UDF8 Label' is present on page 

2020-07-16 13:44:53 - [MESSAGE][PASSED] - Text 'UDF8 Label' is present on page 

2020-07-16 13:44:53 - [TEST_STEP][PASSED] - verifyTextPresent(UDF8, false): Text 'Tennis' is present on page 

2020-07-16 13:44:53 - [MESSAGE][PASSED] - Text 'Tennis' is present on page 

2020-07-16 13:44:53 - [TEST_STEP][PASSED] - verifyTextPresent("UDF9 Label", false): Text 'UDF9 Label' is present on page 

2020-07-16 13:44:54 - [MESSAGE][PASSED] - Text 'UDF9 Label' is present on page 

2020-07-16 13:44:54 - [TEST_STEP][PASSED] - verifyTextPresent("data 9", false): Text 'data 9' is present on page 

2020-07-16 13:44:54 - [MESSAGE][PASSED] - Text 'data 9' is present on page 

2020-07-16 13:44:54 - [TEST_STEP][PASSED] - verifyTextPresent("Tax Amount", false): Text 'Tax Amount' is present on page 

2020-07-16 13:44:54 - [MESSAGE][PASSED] - Text 'Tax Amount' is present on page 

2020-07-16 13:44:54 - [TEST_STEP][PASSED] - verifyTextPresent("$0.00", false): Text '$0.00' is present on page 

2020-07-16 13:44:55 - [MESSAGE][PASSED] - Text '$0.00' is present on page 

2020-07-16 13:44:55 - [TEST_STEP][PASSED] - verifyTextPresent("Amount", false): Text 'Amount' is present on page 

2020-07-16 13:44:55 - [MESSAGE][PASSED] - Text 'Amount' is present on page 

2020-07-16 13:44:55 - [TEST_STEP][PASSED] - verifyTextPresent(Amount, false): Text '23.50' is present on page 

2020-07-16 13:44:55 - [MESSAGE][PASSED] - Text '23.50' is present on page 

2020-07-16 13:44:55 - [TEST_STEP][PASSED] - verifyTextPresent("Transaction Type", false): Text 'Transaction Type' is present on page 

2020-07-16 13:44:55 - [MESSAGE][PASSED] - Text 'Transaction Type' is present on page 

2020-07-16 13:44:55 - [TEST_STEP][PASSED] - verifyTextPresent("Authorization and Capture", false): Text 'Authorization and Capture' is present on page 

2020-07-16 13:44:56 - [MESSAGE][PASSED] - Text 'Authorization and Capture' is present on page 

2020-07-16 13:44:56 - [TEST_STEP][PASSED] - verifyTextPresent("Card Information", false): Text 'Card Information' is present on page 

2020-07-16 13:44:56 - [MESSAGE][PASSED] - Text 'Card Information' is present on page 

2020-07-16 13:44:56 - [TEST_STEP][PASSED] - verifyTextPresent(CardType, false): Text 'Visa' is present on page 

2020-07-16 13:44:56 - [MESSAGE][PASSED] - Text 'Visa' is present on page 

2020-07-16 13:44:56 - [TEST_STEP][PASSED] - verifyTextPresent(CName2, false): Text 'HORATH TUNGSTEN' is present on page 

2020-07-16 13:44:57 - [MESSAGE][PASSED] - Text 'HORATH TUNGSTEN' is present on page 

2020-07-16 13:44:57 - [TEST_STEP][PASSED] - verifyTextPresent(Last4, false): Text '1111' is present on page 

2020-07-16 13:44:57 - [MESSAGE][PASSED] - Text '1111' is present on page 

2020-07-16 13:44:57 - [TEST_STEP][PASSED] - verifyTextPresent("Billing information", false): Text 'Billing information' is present on page 

2020-07-16 13:44:57 - [MESSAGE][PASSED] - Text 'Billing information' is present on page 

2020-07-16 13:44:57 - [TEST_STEP][PASSED] - verifyTextPresent("Address Line 1", false): Text 'Address Line 1' is present on page 

2020-07-16 13:44:58 - [MESSAGE][PASSED] - Text 'Address Line 1' is present on page 

2020-07-16 13:44:58 - [TEST_STEP][PASSED] - verifyTextPresent(AL1, false): Text '9563 Elm Street' is present on page 

2020-07-16 13:44:58 - [MESSAGE][PASSED] - Text '9563 Elm Street' is present on page 

2020-07-16 13:44:58 - [TEST_STEP][PASSED] - verifyTextPresent("Address Line 2", false): Text 'Address Line 2' is present on page 

2020-07-16 13:44:58 - [MESSAGE][PASSED] - Text 'Address Line 2' is present on page 

2020-07-16 13:44:58 - [TEST_STEP][PASSED] - verifyTextPresent(AL2, false): Text 'Room 3659' is present on page 

2020-07-16 13:44:58 - [MESSAGE][PASSED] - Text 'Room 3659' is present on page 

2020-07-16 13:44:58 - [TEST_STEP][PASSED] - verifyTextPresent("Country", false): Text 'Country' is present on page 

2020-07-16 13:44:59 - [MESSAGE][PASSED] - Text 'Country' is present on page 

2020-07-16 13:44:59 - [TEST_STEP][PASSED] - verifyTextPresent("United States", false): Text 'United States' is present on page 

2020-07-16 13:44:59 - [MESSAGE][PASSED] - Text 'United States' is present on page 

2020-07-16 13:44:59 - [TEST_STEP][PASSED] - verifyTextPresent("City", false): Text 'City' is present on page 

2020-07-16 13:44:59 - [MESSAGE][PASSED] - Text 'City' is present on page 

2020-07-16 13:44:59 - [TEST_STEP][PASSED] - verifyTextPresent(City, false): Text 'ARLINGTON' is present on page 

2020-07-16 13:45:00 - [MESSAGE][PASSED] - Text 'ARLINGTON' is present on page 

2020-07-16 13:45:00 - [TEST_STEP][PASSED] - verifyTextPresent("State", false): Text 'State' is present on page 

2020-07-16 13:45:00 - [MESSAGE][PASSED] - Text 'State' is present on page 

2020-07-16 13:45:00 - [TEST_STEP][PASSED] - verifyTextPresent(State2, false): Text 'VA' is present on page 

2020-07-16 13:45:00 - [MESSAGE][PASSED] - Text 'VA' is present on page 

2020-07-16 13:45:00 - [TEST_STEP][PASSED] - verifyTextPresent("ZIP Code", false): Text 'ZIP Code' is present on page 

2020-07-16 13:45:01 - [MESSAGE][PASSED] - Text 'ZIP Code' is present on page 

2020-07-16 13:45:01 - [TEST_STEP][PASSED] - verifyTextPresent(CZIP, false): Text '22201' is present on page 

2020-07-16 13:45:01 - [MESSAGE][PASSED] - Text '22201' is present on page 

2020-07-16 13:45:01 - [TEST_STEP][PASSED] - verifyElementPresent(findTestObject("Object Repository/IWP30/Page_Receipt/ExitButton"), 30): Object 'Object Repository/IWP30/Page_Receipt/ExitButton' is present

2020-07-16 13:45:01 - [MESSAGE][PASSED] - Object 'Object Repository/IWP30/Page_Receipt/ExitButton' is present

2020-07-16 13:45:01 - [TEST_STEP][PASSED] - closeBrowser(): Browser is closed

2020-07-16 13:45:02 - [MESSAGE][PASSED] - Browser is closed

2020-07-16 13:45:02 - [TEST_STEP][PASSED] - openBrowser(urlEmulator): Browser is opened with url: 'https://qa.velocitypayment.com/agency/config.do?action=editor'

2020-07-16 13:45:02 - [MESSAGE][INFO] - Starting 'Chrome' driver

2020-07-16 13:45:02 - [MESSAGE][INFO] - User set preference: ['acceptInsecureCerts', 'true']

2020-07-16 13:45:02 - [MESSAGE][INFO] - Action delay is set to 0 milliseconds

2020-07-16 13:45:06 - [MESSAGE][PASSED] - Browser is opened with url: 'https://qa.velocitypayment.com/agency/config.do?action=editor'

2020-07-16 13:45:06 - [TEST_STEP][PASSED] - maximizeWindow(): Current window maximized

2020-07-16 13:45:07 - [MESSAGE][PASSED] - Current window maximized

2020-07-16 13:45:07 - [TEST_STEP][PASSED] - iwpPages.emulatorIWP30.setDataEmulatorStandard(): iwpPages.emulatorIWP30.setDataEmulatorStandard is PASSED

2020-07-16 13:45:07 - [MESSAGE][PASSED] - Object 'Object Repository/IWP30/Page_VRelay30Emulator/Amount' is present

2020-07-16 13:45:08 - [MESSAGE][PASSED] - All options with value '3.0' are selected in object 'Object Repository/IWP30/Page_VRelay30Emulator/MV'  using regular expression

2020-07-16 13:45:09 - [MESSAGE][PASSED] - Text '10.50' is set on object 'Object Repository/IWP30/Page_VRelay30Emulator/Amount'

2020-07-16 13:45:10 - [MESSAGE][PASSED] - Text '54654701' is set on object 'Object Repository/IWP30/Page_VRelay30Emulator/CAN'

2020-07-16 13:45:10 - [MESSAGE][PASSED] - Text 'PayNow' is set on object 'Object Repository/IWP30/Page_VRelay30Emulator/Action'

2020-07-16 13:45:11 - [MESSAGE][PASSED] - Text 'en_US' is set on object 'Object Repository/IWP30/Page_VRelay30Emulator/Lang'

2020-07-16 13:45:12 - [MESSAGE][PASSED] - Text '' is set on object 'Object Repository/IWP30/Page_VRelay30Emulator/Fname'

2020-07-16 13:45:12 - [MESSAGE][PASSED] - Text '' is set on object 'Object Repository/IWP30/Page_VRelay30Emulator/Lname'

2020-07-16 13:45:13 - [MESSAGE][PASSED] - Text '' is set on object 'Object Repository/IWP30/Page_VRelay30Emulator/AL1'

2020-07-16 13:45:13 - [MESSAGE][PASSED] - Text '' is set on object 'Object Repository/IWP30/Page_VRelay30Emulator/AL2'

2020-07-16 13:45:14 - [MESSAGE][PASSED] - Text '' is set on object 'Object Repository/IWP30/Page_VRelay30Emulator/Country'

2020-07-16 13:45:15 - [MESSAGE][PASSED] - Text '' is set on object 'Object Repository/IWP30/Page_VRelay30Emulator/City'

2020-07-16 13:45:15 - [MESSAGE][PASSED] - Text '' is set on object 'Object Repository/IWP30/Page_VRelay30Emulator/State'

2020-07-16 13:45:16 - [MESSAGE][PASSED] - Text '' is set on object 'Object Repository/IWP30/Page_VRelay30Emulator/ZIP'

2020-07-16 13:45:16 - [MESSAGE][PASSED] - Text '' is set on object 'Object Repository/IWP30/Page_VRelay30Emulator/Order'

2020-07-16 13:45:17 - [MESSAGE][PASSED] - Text '' is set on object 'Object Repository/IWP30/Page_VRelay30Emulator/Company'

2020-07-16 13:45:18 - [MESSAGE][PASSED] - Text '' is set on object 'Object Repository/IWP30/Page_VRelay30Emulator/Email'

2020-07-16 13:45:18 - [MESSAGE][PASSED] - Text '' is set on object 'Object Repository/IWP30/Page_VRelay30Emulator/UDF1'

2020-07-16 13:45:19 - [MESSAGE][PASSED] - Text '' is set on object 'Object Repository/IWP30/Page_VRelay30Emulator/UDF2'

2020-07-16 13:45:19 - [MESSAGE][PASSED] - Text 'data 3' is set on object 'Object Repository/IWP30/Page_VRelay30Emulator/UDF3'

2020-07-16 13:45:20 - [MESSAGE][PASSED] - Text 'data 4' is set on object 'Object Repository/IWP30/Page_VRelay30Emulator/UDF4'

2020-07-16 13:45:21 - [MESSAGE][PASSED] - Text 'data 5' is set on object 'Object Repository/IWP30/Page_VRelay30Emulator/UDF5'

2020-07-16 13:45:21 - [MESSAGE][PASSED] - Text 'data 6' is set on object 'Object Repository/IWP30/Page_VRelay30Emulator/UDF6'

2020-07-16 13:45:22 - [MESSAGE][PASSED] - Text 'Orange' is set on object 'Object Repository/IWP30/Page_VRelay30Emulator/UDF7'

2020-07-16 13:45:23 - [MESSAGE][PASSED] - Text 'Soccer' is set on object 'Object Repository/IWP30/Page_VRelay30Emulator/UDF8'

2020-07-16 13:45:24 - [MESSAGE][PASSED] - Text 'data 9' is set on object 'Object Repository/IWP30/Page_VRelay30Emulator/UDF9'

2020-07-16 13:45:24 - [MESSAGE][PASSED] - Text 'data 10' is set on object 'Object Repository/IWP30/Page_VRelay30Emulator/UDF10'

2020-07-16 13:45:27 - [MESSAGE][PASSED] - Object: 'Object Repository/IWP30/Page_VRelay30Emulator/Submit' is clicked on

2020-07-16 13:45:32 - [MESSAGE][PASSED] - Browser is closed

2020-07-16 13:45:32 - [MESSAGE][PASSED] - iwpPages.emulatorIWP30.setDataEmulatorStandard is PASSED

2020-07-16 13:45:33 - [TEST_STEP][PASSED] - openBrowser(urlTestHarness): Browser is opened with url: 'https://dev-algorithm.govolution.com/vrelaytest/QA/version_2_2/vrelaytest.html'

2020-07-16 13:45:33 - [MESSAGE][INFO] - Starting 'Chrome' driver

2020-07-16 13:45:33 - [MESSAGE][INFO] - User set preference: ['acceptInsecureCerts', 'true']

2020-07-16 13:45:33 - [MESSAGE][INFO] - Action delay is set to 0 milliseconds

2020-07-16 13:45:36 - [MESSAGE][PASSED] - Browser is opened with url: 'https://dev-algorithm.govolution.com/vrelaytest/QA/version_2_2/vrelaytest.html'

2020-07-16 13:45:36 - [TEST_STEP][PASSED] - maximizeWindow(): Current window maximized

2020-07-16 13:45:36 - [MESSAGE][PASSED] - Current window maximized

2020-07-16 13:45:36 - [TEST_STEP][PASSED] - genRemIDVoid = RandomStringUtils.random(12, true, true): null

2020-07-16 13:45:36 - [TEST_STEP][PASSED] - if (verifyElementPresent(findTestObject("Object Repository/IWP30/Page_QATestHarness/RemittanceID"), 30)): null

2020-07-16 13:45:37 - [MESSAGE][PASSED] - Object 'Object Repository/IWP30/Page_QATestHarness/RemittanceID' is present

2020-07-16 13:45:37 - [TEST_STEP][PASSED] - println("We are on Test Harness page, start populating"): null

2020-07-16 13:45:37 - [TEST_STEP][PASSED] - setText(findTestObject("Object Repository/IWP30/Page_QATestHarness/ApplicationID"), "649"): Text '649' is set on object 'Object Repository/IWP30/Page_QATestHarness/ApplicationID'

2020-07-16 13:45:37 - [MESSAGE][PASSED] - Text '649' is set on object 'Object Repository/IWP30/Page_QATestHarness/ApplicationID'

2020-07-16 13:45:37 - [TEST_STEP][PASSED] - setText(findTestObject("Object Repository/IWP30/Page_QATestHarness/MessageVersion"), "3.0"): Text '3.0' is set on object 'Object Repository/IWP30/Page_QATestHarness/MessageVersion'

2020-07-16 13:45:38 - [MESSAGE][PASSED] - Text '3.0' is set on object 'Object Repository/IWP30/Page_QATestHarness/MessageVersion'

2020-07-16 13:45:38 - [TEST_STEP][PASSED] - setText(findTestObject("Object Repository/IWP30/Page_QATestHarness/RemittanceID"), genRemIDVoid): Text 'fNUlGvFm0aT9' is set on object 'Object Repository/IWP30/Page_QATestHarness/RemittanceID'

2020-07-16 13:45:39 - [MESSAGE][PASSED] - Text 'fNUlGvFm0aT9' is set on object 'Object Repository/IWP30/Page_QATestHarness/RemittanceID'

2020-07-16 13:45:39 - [TEST_STEP][PASSED] - click(findTestObject("Object Repository/IWP30/Page_QATestHarness/SubmitButton")): Object: 'Object Repository/IWP30/Page_QATestHarness/SubmitButton' is clicked on

2020-07-16 13:45:40 - [MESSAGE][PASSED] - Object: 'Object Repository/IWP30/Page_QATestHarness/SubmitButton' is clicked on

2020-07-16 13:45:40 - [TEST_STEP][PASSED] - verifyTextPresent("Select Payment Method", false): Text 'Select Payment Method' is present on page 

2020-07-16 13:45:40 - [MESSAGE][PASSED] - Text 'Select Payment Method' is present on page 

2020-07-16 13:45:40 - [TEST_STEP][PASSED] - verifyTextPresent("Please choose the method of payment", false): Text 'Please choose the method of payment' is present on page 

2020-07-16 13:45:41 - [MESSAGE][PASSED] - Text 'Please choose the method of payment' is present on page 

2020-07-16 13:45:41 - [TEST_STEP][PASSED] - verifyElementPresent(findTestObject("Object Repository/IWP30/Page_SelectPaymentMethod/PayByCreditCard"), 30): Object 'Object Repository/IWP30/Page_SelectPaymentMethod/PayByCreditCard' is present

2020-07-16 13:45:41 - [MESSAGE][PASSED] - Object 'Object Repository/IWP30/Page_SelectPaymentMethod/PayByCreditCard' is present

2020-07-16 13:45:41 - [TEST_STEP][PASSED] - verifyElementPresent(findTestObject("Object Repository/IWP30/Page_SelectPaymentMethod/PayByCorporateCheck"), 30): Object 'Object Repository/IWP30/Page_SelectPaymentMethod/PayByCorporateCheck' is present

2020-07-16 13:45:41 - [MESSAGE][PASSED] - Object 'Object Repository/IWP30/Page_SelectPaymentMethod/PayByCorporateCheck' is present

2020-07-16 13:45:41 - [TEST_STEP][PASSED] - verifyElementPresent(findTestObject("Object Repository/IWP30/Page_SelectPaymentMethod/PayByPersonalCheck"), 30): Object 'Object Repository/IWP30/Page_SelectPaymentMethod/PayByPersonalCheck' is present

2020-07-16 13:45:42 - [MESSAGE][PASSED] - Object 'Object Repository/IWP30/Page_SelectPaymentMethod/PayByPersonalCheck' is present

2020-07-16 13:45:42 - [TEST_STEP][PASSED] - verifyElementPresent(findTestObject("Object Repository/IWP30/Page_SelectPaymentMethod/ExitButton"), 30): Object 'Object Repository/IWP30/Page_SelectPaymentMethod/ExitButton' is present

2020-07-16 13:45:42 - [MESSAGE][PASSED] - Object 'Object Repository/IWP30/Page_SelectPaymentMethod/ExitButton' is present

2020-07-16 13:45:42 - [TEST_STEP][PASSED] - if (verifyElementPresent(findTestObject("Object Repository/IWP30/Page_SelectPaymentMethod/PayByCreditCard"), 30)): null

2020-07-16 13:45:42 - [MESSAGE][PASSED] - Object 'Object Repository/IWP30/Page_SelectPaymentMethod/PayByCreditCard' is present

2020-07-16 13:45:42 - [TEST_STEP][PASSED] - println("We are on Select Payment Method page, start populating"): null

2020-07-16 13:45:42 - [TEST_STEP][PASSED] - check(findTestObject("Object Repository/IWP30/Page_SelectPaymentMethod/PayByCreditCard")): Object 'Object Repository/IWP30/Page_SelectPaymentMethod/PayByCreditCard' is checked

2020-07-16 13:45:42 - [MESSAGE][PASSED] - Object 'Object Repository/IWP30/Page_SelectPaymentMethod/PayByCreditCard' is checked

2020-07-16 13:45:42 - [TEST_STEP][PASSED] - Thread.sleep(1000): null

2020-07-16 13:45:43 - [TEST_STEP][PASSED] - click(findTestObject("Object Repository/IWP30/Page_SelectPaymentMethod/MakePaymentButton")): Object: 'Object Repository/IWP30/Page_SelectPaymentMethod/MakePaymentButton' is clicked on

2020-07-16 13:45:45 - [MESSAGE][PASSED] - Object: 'Object Repository/IWP30/Page_SelectPaymentMethod/MakePaymentButton' is clicked on

2020-07-16 13:45:45 - [TEST_STEP][PASSED] - verifyTextPresent("Required fields are highlighted with an asterisk", false): Text 'Required fields are highlighted with an asterisk' is present on page 

2020-07-16 13:45:45 - [MESSAGE][PASSED] - Text 'Required fields are highlighted with an asterisk' is present on page 

2020-07-16 13:45:45 - [TEST_STEP][PASSED] - verifyTextPresent("Please enter the following information about your payment", false): Text 'Please enter the following information about your payment' is present on page 

2020-07-16 13:45:46 - [MESSAGE][PASSED] - Text 'Please enter the following information about your payment' is present on page 

2020-07-16 13:45:46 - [TEST_STEP][PASSED] - verifyTextPresent("CAN Label", false): Text 'CAN Label' is present on page 

2020-07-16 13:45:46 - [MESSAGE][PASSED] - Text 'CAN Label' is present on page 

2020-07-16 13:45:46 - [TEST_STEP][PASSED] - verifyTextPresent("Tax Amount", false): Text 'Tax Amount' is present on page 

2020-07-16 13:45:46 - [MESSAGE][PASSED] - Text 'Tax Amount' is present on page 

2020-07-16 13:45:46 - [TEST_STEP][PASSED] - verifyTextPresent("Amount", false): Text 'Amount' is present on page 

2020-07-16 13:45:47 - [MESSAGE][PASSED] - Text 'Amount' is present on page 

2020-07-16 13:45:47 - [TEST_STEP][PASSED] - verifyTextPresent("UDF1 Label", false): Text 'UDF1 Label' is present on page 

2020-07-16 13:45:47 - [MESSAGE][PASSED] - Text 'UDF1 Label' is present on page 

2020-07-16 13:45:47 - [TEST_STEP][PASSED] - verifyTextPresent("UDF2 Label", false): Text 'UDF2 Label' is present on page 

2020-07-16 13:45:47 - [MESSAGE][PASSED] - Text 'UDF2 Label' is present on page 

2020-07-16 13:45:47 - [TEST_STEP][PASSED] - verifyTextPresent("UDF3 Label", false): Text 'UDF3 Label' is present on page 

2020-07-16 13:45:48 - [MESSAGE][PASSED] - Text 'UDF3 Label' is present on page 

2020-07-16 13:45:48 - [TEST_STEP][PASSED] - verifyTextPresent("UDF4 Label", false): Text 'UDF4 Label' is present on page 

2020-07-16 13:45:48 - [MESSAGE][PASSED] - Text 'UDF4 Label' is present on page 

2020-07-16 13:45:48 - [TEST_STEP][PASSED] - verifyTextPresent("UDF6 Label", false): Text 'UDF6 Label' is present on page 

2020-07-16 13:45:49 - [MESSAGE][PASSED] - Text 'UDF6 Label' is present on page 

2020-07-16 13:45:49 - [TEST_STEP][PASSED] - verifyTextPresent("UDF7 Label", false): Text 'UDF7 Label' is present on page 

2020-07-16 13:45:49 - [MESSAGE][PASSED] - Text 'UDF7 Label' is present on page 

2020-07-16 13:45:49 - [TEST_STEP][PASSED] - verifyTextPresent("UDF8 Label", false): Text 'UDF8 Label' is present on page 

2020-07-16 13:45:49 - [MESSAGE][PASSED] - Text 'UDF8 Label' is present on page 

2020-07-16 13:45:49 - [TEST_STEP][PASSED] - verifyTextPresent("UDF9 Label", false): Text 'UDF9 Label' is present on page 

2020-07-16 13:45:50 - [MESSAGE][PASSED] - Text 'UDF9 Label' is present on page 

2020-07-16 13:45:50 - [TEST_STEP][PASSED] - verifyTextPresent("Please enter the following information about your payment method", false): Text 'Please enter the following information about your payment method' is present on page 

2020-07-16 13:45:50 - [MESSAGE][PASSED] - Text 'Please enter the following information about your payment method' is present on page 

2020-07-16 13:45:50 - [TEST_STEP][PASSED] - verifyTextPresent("Cardholder's Name", false): Text 'Cardholder's Name' is present on page 

2020-07-16 13:45:51 - [MESSAGE][PASSED] - Text 'Cardholder's Name' is present on page 

2020-07-16 13:45:51 - [TEST_STEP][PASSED] - verifyTextPresent("Cards Accepted", false): Text 'Cards Accepted' is present on page 

2020-07-16 13:45:51 - [MESSAGE][PASSED] - Text 'Cards Accepted' is present on page 

2020-07-16 13:45:51 - [TEST_STEP][PASSED] - verifyTextPresent("Card Number", false): Text 'Card Number' is present on page 

2020-07-16 13:45:52 - [MESSAGE][PASSED] - Text 'Card Number' is present on page 

2020-07-16 13:45:52 - [TEST_STEP][PASSED] - verifyTextPresent("Signature Panel Code", false): Text 'Signature Panel Code' is present on page 

2020-07-16 13:45:52 - [MESSAGE][PASSED] - Text 'Signature Panel Code' is present on page 

2020-07-16 13:45:52 - [TEST_STEP][PASSED] - verifyTextPresent("Expiration Date", false): Text 'Expiration Date' is present on page 

2020-07-16 13:45:52 - [MESSAGE][PASSED] - Text 'Expiration Date' is present on page 

2020-07-16 13:45:52 - [TEST_STEP][PASSED] - verifyTextPresent("Payment Date", false): Text 'Payment Date' is present on page 

2020-07-16 13:45:53 - [MESSAGE][PASSED] - Text 'Payment Date' is present on page 

2020-07-16 13:45:53 - [TEST_STEP][PASSED] - verifyTextPresent("Billing information", false): Text 'Billing information' is present on page 

2020-07-16 13:45:53 - [MESSAGE][PASSED] - Text 'Billing information' is present on page 

2020-07-16 13:45:53 - [TEST_STEP][PASSED] - verifyTextPresent("Address Line 1", false): Text 'Address Line 1' is present on page 

2020-07-16 13:45:54 - [MESSAGE][PASSED] - Text 'Address Line 1' is present on page 

2020-07-16 13:45:54 - [TEST_STEP][PASSED] - verifyTextPresent("Address Line 2", false): Text 'Address Line 2' is present on page 

2020-07-16 13:45:54 - [MESSAGE][PASSED] - Text 'Address Line 2' is present on page 

2020-07-16 13:45:54 - [TEST_STEP][PASSED] - verifyTextPresent("Country", false): Text 'Country' is present on page 

2020-07-16 13:45:54 - [MESSAGE][PASSED] - Text 'Country' is present on page 

2020-07-16 13:45:54 - [TEST_STEP][PASSED] - verifyTextPresent("ZIP Code", false): Text 'ZIP Code' is present on page 

2020-07-16 13:45:55 - [MESSAGE][PASSED] - Text 'ZIP Code' is present on page 

2020-07-16 13:45:55 - [TEST_STEP][PASSED] - verifyTextPresent("City", false): Text 'City' is present on page 

2020-07-16 13:45:55 - [MESSAGE][PASSED] - Text 'City' is present on page 

2020-07-16 13:45:55 - [TEST_STEP][PASSED] - verifyTextPresent("State", false): Text 'State' is present on page 

2020-07-16 13:45:56 - [MESSAGE][PASSED] - Text 'State' is present on page 

2020-07-16 13:45:56 - [TEST_STEP][PASSED] - verifyTextPresent("Receipt information", false): Text 'Receipt information' is present on page 

2020-07-16 13:45:56 - [MESSAGE][PASSED] - Text 'Receipt information' is present on page 

2020-07-16 13:45:56 - [TEST_STEP][PASSED] - verifyTextPresent("Email Address", false): Text 'Email Address' is present on page 

2020-07-16 13:45:57 - [MESSAGE][PASSED] - Text 'Email Address' is present on page 

2020-07-16 13:45:57 - [TEST_STEP][PASSED] - verifyTextPresent("Please check here to store the payment method for future use", false): Text 'Please check here to store the payment method for future use' is present on page 

2020-07-16 13:45:57 - [MESSAGE][PASSED] - Text 'Please check here to store the payment method for future use' is present on page 

2020-07-16 13:45:57 - [TEST_STEP][PASSED] - verifyTextPresent("These are Customer CC Terms", false): Text 'These are Customer CC Terms' is present on page 

2020-07-16 13:45:57 - [MESSAGE][PASSED] - Text 'These are Customer CC Terms' is present on page 

2020-07-16 13:45:57 - [TEST_STEP][PASSED] - verifyTextPresent("These are CC Custom HTML", false): Text 'These are CC Custom HTML' is present on page 

2020-07-16 13:45:58 - [MESSAGE][PASSED] - Text 'These are CC Custom HTML' is present on page 

2020-07-16 13:45:58 - [TEST_STEP][PASSED] - verifyTextPresent("54654701", false): Text '54654701' is present on page 

2020-07-16 13:45:58 - [MESSAGE][PASSED] - Text '54654701' is present on page 

2020-07-16 13:45:58 - [TEST_STEP][PASSED] - verifyTextPresent("data 4", false): Text 'data 4' is present on page 

2020-07-16 13:45:59 - [MESSAGE][PASSED] - Text 'data 4' is present on page 

2020-07-16 13:45:59 - [TEST_STEP][PASSED] - verifyTextPresent("data 6", false): Text 'data 6' is present on page 

2020-07-16 13:45:59 - [MESSAGE][PASSED] - Text 'data 6' is present on page 

2020-07-16 13:45:59 - [TEST_STEP][PASSED] - verifyTextPresent("data 9", false): Text 'data 9' is present on page 

2020-07-16 13:45:59 - [MESSAGE][PASSED] - Text 'data 9' is present on page 

2020-07-16 13:45:59 - [TEST_STEP][PASSED] - verifyTextNotPresent("UDF5 Label", false): Text 'UDF5 Label' is not present on page

2020-07-16 13:46:00 - [MESSAGE][PASSED] - Text 'UDF5 Label' is not present on page

2020-07-16 13:46:00 - [TEST_STEP][PASSED] - verifyTextNotPresent("UDF10 Label", false): Text 'UDF10 Label' is not present on page

2020-07-16 13:46:00 - [MESSAGE][PASSED] - Text 'UDF10 Label' is not present on page

2020-07-16 13:46:00 - [TEST_STEP][PASSED] - verifyElementPresent(findTestObject("Object Repository/IWP30/Page_CCPaymentEntry/Amount"), 30): Object 'Object Repository/IWP30/Page_CCPaymentEntry/Amount' is present

2020-07-16 13:46:01 - [MESSAGE][PASSED] - Object 'Object Repository/IWP30/Page_CCPaymentEntry/Amount' is present

2020-07-16 13:46:01 - [TEST_STEP][PASSED] - verifyElementPresent(findTestObject("Object Repository/IWP30/Page_CCPaymentEntry/UserDefined2"), 30): Object 'Object Repository/IWP30/Page_CCPaymentEntry/UserDefined2' is present

2020-07-16 13:46:01 - [MESSAGE][PASSED] - Object 'Object Repository/IWP30/Page_CCPaymentEntry/UserDefined2' is present

2020-07-16 13:46:01 - [TEST_STEP][PASSED] - verifyElementPresent(findTestObject("Object Repository/IWP30/Page_CCPaymentEntry/UserDefined3"), 30): Object 'Object Repository/IWP30/Page_CCPaymentEntry/UserDefined3' is present

2020-07-16 13:46:01 - [MESSAGE][PASSED] - Object 'Object Repository/IWP30/Page_CCPaymentEntry/UserDefined3' is present

2020-07-16 13:46:01 - [TEST_STEP][PASSED] - verifyElementPresent(findTestObject("Object Repository/IWP30/Page_CCPaymentEntry/UserDefined7"), 30): Object 'Object Repository/IWP30/Page_CCPaymentEntry/UserDefined7' is present

2020-07-16 13:46:02 - [MESSAGE][PASSED] - Object 'Object Repository/IWP30/Page_CCPaymentEntry/UserDefined7' is present

2020-07-16 13:46:02 - [TEST_STEP][PASSED] - verifyElementPresent(findTestObject("Object Repository/IWP30/Page_CCPaymentEntry/UserDefined8"), 30): Object 'Object Repository/IWP30/Page_CCPaymentEntry/UserDefined8' is present

2020-07-16 13:46:02 - [MESSAGE][PASSED] - Object 'Object Repository/IWP30/Page_CCPaymentEntry/UserDefined8' is present

2020-07-16 13:46:02 - [TEST_STEP][PASSED] - verifyElementPresent(findTestObject("Object Repository/IWP30/Page_CCPaymentEntry/Name"), 30): Object 'Object Repository/IWP30/Page_CCPaymentEntry/Name' is present

2020-07-16 13:46:02 - [MESSAGE][PASSED] - Object 'Object Repository/IWP30/Page_CCPaymentEntry/Name' is present

2020-07-16 13:46:02 - [TEST_STEP][PASSED] - verifyElementPresent(findTestObject("Object Repository/IWP30/Page_CCPaymentEntry/CardNumber"), 30): Object 'Object Repository/IWP30/Page_CCPaymentEntry/CardNumber' is present

2020-07-16 13:46:02 - [MESSAGE][PASSED] - Object 'Object Repository/IWP30/Page_CCPaymentEntry/CardNumber' is present

2020-07-16 13:46:02 - [TEST_STEP][PASSED] - verifyElementPresent(findTestObject("Object Repository/IWP30/Page_CCPaymentEntry/SPC"), 30): Object 'Object Repository/IWP30/Page_CCPaymentEntry/SPC' is present

2020-07-16 13:46:03 - [MESSAGE][PASSED] - Object 'Object Repository/IWP30/Page_CCPaymentEntry/SPC' is present

2020-07-16 13:46:03 - [TEST_STEP][PASSED] - verifyElementPresent(findTestObject("Object Repository/IWP30/Page_CCPaymentEntry/Month"), 30): Object 'Object Repository/IWP30/Page_CCPaymentEntry/Month' is present

2020-07-16 13:46:03 - [MESSAGE][PASSED] - Object 'Object Repository/IWP30/Page_CCPaymentEntry/Month' is present

2020-07-16 13:46:03 - [TEST_STEP][PASSED] - verifyElementPresent(findTestObject("Object Repository/IWP30/Page_CCPaymentEntry/Year"), 30): Object 'Object Repository/IWP30/Page_CCPaymentEntry/Year' is present

2020-07-16 13:46:03 - [MESSAGE][PASSED] - Object 'Object Repository/IWP30/Page_CCPaymentEntry/Year' is present

2020-07-16 13:46:03 - [TEST_STEP][PASSED] - verifyElementPresent(findTestObject("Object Repository/IWP30/Page_CCPaymentEntry/ProcessDate"), 30): Object 'Object Repository/IWP30/Page_CCPaymentEntry/ProcessDate' is present

2020-07-16 13:46:04 - [MESSAGE][PASSED] - Object 'Object Repository/IWP30/Page_CCPaymentEntry/ProcessDate' is present

2020-07-16 13:46:04 - [TEST_STEP][PASSED] - verifyElementPresent(findTestObject("Object Repository/IWP30/Page_CCPaymentEntry/AL1"), 30): Object 'Object Repository/IWP30/Page_CCPaymentEntry/AL1' is present

2020-07-16 13:46:04 - [MESSAGE][PASSED] - Object 'Object Repository/IWP30/Page_CCPaymentEntry/AL1' is present

2020-07-16 13:46:04 - [TEST_STEP][PASSED] - verifyElementPresent(findTestObject("Object Repository/IWP30/Page_CCPaymentEntry/AL2"), 30): Object 'Object Repository/IWP30/Page_CCPaymentEntry/AL2' is present

2020-07-16 13:46:04 - [MESSAGE][PASSED] - Object 'Object Repository/IWP30/Page_CCPaymentEntry/AL2' is present

2020-07-16 13:46:04 - [TEST_STEP][PASSED] - verifyElementPresent(findTestObject("Object Repository/IWP30/Page_CCPaymentEntry/CountryDropDown"), 30): Object 'Object Repository/IWP30/Page_CCPaymentEntry/CountryDropDown' is present

2020-07-16 13:46:05 - [MESSAGE][PASSED] - Object 'Object Repository/IWP30/Page_CCPaymentEntry/CountryDropDown' is present

2020-07-16 13:46:05 - [TEST_STEP][PASSED] - verifyElementPresent(findTestObject("Object Repository/IWP30/Page_CCPaymentEntry/ZIP"), 30): Object 'Object Repository/IWP30/Page_CCPaymentEntry/ZIP' is present

2020-07-16 13:46:05 - [MESSAGE][PASSED] - Object 'Object Repository/IWP30/Page_CCPaymentEntry/ZIP' is present

2020-07-16 13:46:05 - [TEST_STEP][PASSED] - verifyElementPresent(findTestObject("Object Repository/IWP30/Page_CCPaymentEntry/City"), 30): Object 'Object Repository/IWP30/Page_CCPaymentEntry/City' is present

2020-07-16 13:46:05 - [MESSAGE][PASSED] - Object 'Object Repository/IWP30/Page_CCPaymentEntry/City' is present

2020-07-16 13:46:05 - [TEST_STEP][PASSED] - verifyElementPresent(findTestObject("Object Repository/IWP30/Page_CCPaymentEntry/State"), 30): Object 'Object Repository/IWP30/Page_CCPaymentEntry/State' is present

2020-07-16 13:46:06 - [MESSAGE][PASSED] - Object 'Object Repository/IWP30/Page_CCPaymentEntry/State' is present

2020-07-16 13:46:06 - [TEST_STEP][PASSED] - verifyElementPresent(findTestObject("Object Repository/IWP30/Page_CCPaymentEntry/EmailAddress"), 30): Object 'Object Repository/IWP30/Page_CCPaymentEntry/EmailAddress' is present

2020-07-16 13:46:06 - [MESSAGE][PASSED] - Object 'Object Repository/IWP30/Page_CCPaymentEntry/EmailAddress' is present

2020-07-16 13:46:06 - [TEST_STEP][PASSED] - verifyElementPresent(findTestObject("Object Repository/IWP30/Page_CCPaymentEntry/StorePaymentMethodCheckBox"), 30): Object 'Object Repository/IWP30/Page_CCPaymentEntry/StorePaymentMethodCheckBox' is present

2020-07-16 13:46:06 - [MESSAGE][PASSED] - Object 'Object Repository/IWP30/Page_CCPaymentEntry/StorePaymentMethodCheckBox' is present

2020-07-16 13:46:06 - [TEST_STEP][PASSED] - verifyElementPresent(findTestObject("Object Repository/IWP30/Page_CCPaymentEntry/TermCondCheckBox"), 30): Object 'Object Repository/IWP30/Page_CCPaymentEntry/TermCondCheckBox' is present

2020-07-16 13:46:07 - [MESSAGE][PASSED] - Object 'Object Repository/IWP30/Page_CCPaymentEntry/TermCondCheckBox' is present

2020-07-16 13:46:07 - [TEST_STEP][PASSED] - verifyElementPresent(findTestObject("Object Repository/IWP30/Page_CCPaymentEntry/ContinueButton"), 30): Object 'Object Repository/IWP30/Page_CCPaymentEntry/ContinueButton' is present

2020-07-16 13:46:07 - [MESSAGE][PASSED] - Object 'Object Repository/IWP30/Page_CCPaymentEntry/ContinueButton' is present

2020-07-16 13:46:07 - [TEST_STEP][PASSED] - verifyElementPresent(findTestObject("Object Repository/IWP30/Page_CCPaymentEntry/ChangePaymentMethodButton"), 30): Object 'Object Repository/IWP30/Page_CCPaymentEntry/ChangePaymentMethodButton' is present

2020-07-16 13:46:07 - [MESSAGE][PASSED] - Object 'Object Repository/IWP30/Page_CCPaymentEntry/ChangePaymentMethodButton' is present

2020-07-16 13:46:07 - [TEST_STEP][PASSED] - verifyElementPresent(findTestObject("Object Repository/IWP30/Page_CCPaymentEntry/ExitButton"), 30): Object 'Object Repository/IWP30/Page_CCPaymentEntry/ExitButton' is present

2020-07-16 13:46:08 - [MESSAGE][PASSED] - Object 'Object Repository/IWP30/Page_CCPaymentEntry/ExitButton' is present

2020-07-16 13:46:08 - [TEST_STEP][PASSED] - iwpPages.ccPaymentEntryPage.setDataCCPM(row, dataFile): iwpPages.ccPaymentEntryPage.setDataCCPM is PASSED

2020-07-16 13:46:08 - [MESSAGE][PASSED] - Object 'Object Repository/IWP30/Page_CCPaymentEntry/Name' is present

2020-07-16 13:46:09 - [MESSAGE][PASSED] - Object 'Object Repository/IWP30/Page_CCPaymentEntry/Amount' is present

2020-07-16 13:46:09 - [MESSAGE][PASSED] - Text '27.50' is set on object 'Object Repository/IWP30/Page_CCPaymentEntry/Amount'

2020-07-16 13:46:10 - [MESSAGE][PASSED] - Object 'Object Repository/IWP30/Page_CCPaymentEntry/UserDefined2' is present

2020-07-16 13:46:10 - [MESSAGE][PASSED] - Text 'Agneepath' is set on object 'Object Repository/IWP30/Page_CCPaymentEntry/UserDefined2'

2020-07-16 13:46:11 - [MESSAGE][PASSED] - Object 'Object Repository/IWP30/Page_CCPaymentEntry/UserDefined3' is present

2020-07-16 13:46:11 - [MESSAGE][PASSED] - Text 'Kaho Na' is set on object 'Object Repository/IWP30/Page_CCPaymentEntry/UserDefined3'

2020-07-16 13:46:12 - [MESSAGE][PASSED] - Object 'Object Repository/IWP30/Page_CCPaymentEntry/UserDefined7' is present

2020-07-16 13:46:12 - [MESSAGE][PASSED] - All options with label 'Purple' are selected in object 'Object Repository/IWP30/Page_CCPaymentEntry/UserDefined7' 

2020-07-16 13:46:13 - [MESSAGE][PASSED] - Object 'Object Repository/IWP30/Page_CCPaymentEntry/UserDefined8' is present

2020-07-16 13:46:13 - [MESSAGE][PASSED] - All options with label 'Soccer' are selected in object 'Object Repository/IWP30/Page_CCPaymentEntry/UserDefined8' 

2020-07-16 13:46:14 - [MESSAGE][PASSED] - Object 'Object Repository/IWP30/Page_CCPaymentEntry/Name' is present

2020-07-16 13:46:14 - [MESSAGE][PASSED] - Text 'Hritik Roshan' is set on object 'Object Repository/IWP30/Page_CCPaymentEntry/Name'

2020-07-16 13:46:15 - [MESSAGE][PASSED] - Object 'Object Repository/IWP30/Page_CCPaymentEntry/CardNumber' is present

2020-07-16 13:46:15 - [MESSAGE][PASSED] - Text '5424000000000015' is set on object 'Object Repository/IWP30/Page_CCPaymentEntry/CardNumber'

2020-07-16 13:46:16 - [MESSAGE][PASSED] - Object 'Object Repository/IWP30/Page_CCPaymentEntry/SPC' is present

2020-07-16 13:46:16 - [MESSAGE][PASSED] - Text '159' is set on object 'Object Repository/IWP30/Page_CCPaymentEntry/SPC'

2020-07-16 13:46:17 - [MESSAGE][PASSED] - Object 'Object Repository/IWP30/Page_CCPaymentEntry/Month' is present

2020-07-16 13:46:17 - [MESSAGE][PASSED] - All options with label '06' are selected in object 'Object Repository/IWP30/Page_CCPaymentEntry/Month' 

2020-07-16 13:46:18 - [MESSAGE][PASSED] - Object 'Object Repository/IWP30/Page_CCPaymentEntry/Year' is present

2020-07-16 13:46:18 - [MESSAGE][PASSED] - All options with label '2026' are selected in object 'Object Repository/IWP30/Page_CCPaymentEntry/Year' 

2020-07-16 13:46:19 - [MESSAGE][PASSED] - Object 'Object Repository/IWP30/Page_CCPaymentEntry/ProcessDate' is present

2020-07-16 13:46:19 - [MESSAGE][PASSED] - Object 'Object Repository/IWP30/Page_CCPaymentEntry/AL1' is present

2020-07-16 13:46:20 - [MESSAGE][PASSED] - Text '1638 Juhu road' is set on object 'Object Repository/IWP30/Page_CCPaymentEntry/AL1'

2020-07-16 13:46:20 - [MESSAGE][PASSED] - Object 'Object Repository/IWP30/Page_CCPaymentEntry/AL2' is present

2020-07-16 13:46:21 - [MESSAGE][PASSED] - Text 'Build 99' is set on object 'Object Repository/IWP30/Page_CCPaymentEntry/AL2'

2020-07-16 13:46:21 - [MESSAGE][PASSED] - Object 'Object Repository/IWP30/Page_CCPaymentEntry/ZIP' is present

2020-07-16 13:46:22 - [MESSAGE][PASSED] - Text '21054' is set on object 'Object Repository/IWP30/Page_CCPaymentEntry/ZIP'

2020-07-16 13:46:22 - [MESSAGE][PASSED] - Object 'Object Repository/IWP30/Page_CCPaymentEntry/EmailAddress' is present

2020-07-16 13:46:23 - [MESSAGE][PASSED] - Text 'youremail@gmail.com' is set on object 'Object Repository/IWP30/Page_CCPaymentEntry/EmailAddress'

2020-07-16 13:46:23 - [MESSAGE][PASSED] - Object 'Object Repository/IWP30/Page_CCPaymentEntry/TermCondCheckBox' is present

2020-07-16 13:46:24 - [MESSAGE][PASSED] - Object 'Object Repository/IWP30/Page_CCPaymentEntry/TermCondCheckBox' is checked

2020-07-16 13:46:24 - [MESSAGE][PASSED] - Object 'Object Repository/IWP30/Page_CCPaymentEntry/ContinueButton' is present

2020-07-16 13:46:25 - [MESSAGE][PASSED] - Object: 'Object Repository/IWP30/Page_CCPaymentEntry/ContinueButton' is clicked on

2020-07-16 13:46:25 - [MESSAGE][PASSED] - iwpPages.ccPaymentEntryPage.setDataCCPM is PASSED

2020-07-16 13:46:25 - [TEST_STEP][PASSED] - Amount = findTestData("VerifyUINoCFCCTestData").getValue("CCAmount", row): null

2020-07-16 13:46:25 - [TEST_STEP][PASSED] - UDF2 = findTestData("VerifyUINoCFCCTestData").getValue("CCUDF2", row): null

2020-07-16 13:46:25 - [TEST_STEP][PASSED] - UDF3 = findTestData("VerifyUINoCFCCTestData").getValue("CCUDF3", row): null

2020-07-16 13:46:25 - [TEST_STEP][PASSED] - UDF7 = findTestData("VerifyUINoCFCCTestData").getValue("CCUDF7", row): null

2020-07-16 13:46:25 - [TEST_STEP][PASSED] - UDF8 = findTestData("VerifyUINoCFCCTestData").getValue("CCUDF8", row): null

2020-07-16 13:46:25 - [TEST_STEP][PASSED] - CName = findTestData("VerifyUINoCFCCTestData").getValue("CCName", row): null

2020-07-16 13:46:25 - [TEST_STEP][PASSED] - CardType = findTestData("VerifyUINoCFCCTestData").getValue("VerCardType", row): null

2020-07-16 13:46:25 - [TEST_STEP][PASSED] - Last4 = findTestData("VerifyUINoCFCCTestData").getValue("VerLast4", row): null

2020-07-16 13:46:25 - [TEST_STEP][PASSED] - CExp = findTestData("VerifyUINoCFCCTestData").getValue("VerExp", row): null

2020-07-16 13:46:25 - [TEST_STEP][PASSED] - AL1 = findTestData("VerifyUINoCFCCTestData").getValue("CCAL1", row): null

2020-07-16 13:46:25 - [TEST_STEP][PASSED] - AL2 = findTestData("VerifyUINoCFCCTestData").getValue("CCAL2", row): null

2020-07-16 13:46:25 - [TEST_STEP][PASSED] - City = findTestData("VerifyUINoCFCCTestData").getValue("VerCity", row): null

2020-07-16 13:46:25 - [TEST_STEP][PASSED] - State = findTestData("VerifyUINoCFCCTestData").getValue("VerState", row): null

2020-07-16 13:46:26 - [TEST_STEP][PASSED] - CZIP = findTestData("VerifyUINoCFCCTestData").getValue("CCZIP", row): null

2020-07-16 13:46:26 - [TEST_STEP][PASSED] - Email = findTestData("VerifyUINoCFCCTestData").getValue("CCEmail", row): null

2020-07-16 13:46:26 - [TEST_STEP][PASSED] - State2 = findTestData("VerifyUINoCFCCTestData").getValue("VerState2", row): null

2020-07-16 13:46:26 - [TEST_STEP][PASSED] - CName2 = findTestData("VerifyUINoCFCCTestData").getValue("VerCCName", row): null

2020-07-16 13:46:26 - [TEST_STEP][PASSED] - verifyTextPresent("Please verify the following information", false): Text 'Please verify the following information' is present on page 

2020-07-16 13:46:26 - [MESSAGE][PASSED] - Text 'Please verify the following information' is present on page 

2020-07-16 13:46:26 - [TEST_STEP][PASSED] - verifyTextPresent("CAN Label", false): Text 'CAN Label' is present on page 

2020-07-16 13:46:26 - [MESSAGE][PASSED] - Text 'CAN Label' is present on page 

2020-07-16 13:46:26 - [TEST_STEP][PASSED] - verifyTextPresent("54654701", false): Text '54654701' is present on page 

2020-07-16 13:46:27 - [MESSAGE][PASSED] - Text '54654701' is present on page 

2020-07-16 13:46:27 - [TEST_STEP][PASSED] - verifyTextPresent("Tax Amount", false): Text 'Tax Amount' is present on page 

2020-07-16 13:46:27 - [MESSAGE][PASSED] - Text 'Tax Amount' is present on page 

2020-07-16 13:46:27 - [TEST_STEP][PASSED] - verifyTextPresent("$0.00", false): Text '$0.00' is present on page 

2020-07-16 13:46:27 - [MESSAGE][PASSED] - Text '$0.00' is present on page 

2020-07-16 13:46:27 - [TEST_STEP][PASSED] - verifyTextPresent("Amount", false): Text 'Amount' is present on page 

2020-07-16 13:46:28 - [MESSAGE][PASSED] - Text 'Amount' is present on page 

2020-07-16 13:46:28 - [TEST_STEP][PASSED] - verifyTextPresent(Amount, false): Text '27.50' is present on page 

2020-07-16 13:46:28 - [MESSAGE][PASSED] - Text '27.50' is present on page 

2020-07-16 13:46:28 - [TEST_STEP][PASSED] - verifyTextPresent("UDF2 Label", false): Text 'UDF2 Label' is present on page 

2020-07-16 13:46:28 - [MESSAGE][PASSED] - Text 'UDF2 Label' is present on page 

2020-07-16 13:46:28 - [TEST_STEP][PASSED] - verifyTextPresent(UDF2, false): Text 'Agneepath' is present on page 

2020-07-16 13:46:29 - [MESSAGE][PASSED] - Text 'Agneepath' is present on page 

2020-07-16 13:46:29 - [TEST_STEP][PASSED] - verifyTextPresent("UDF3 Label", false): Text 'UDF3 Label' is present on page 

2020-07-16 13:46:29 - [MESSAGE][PASSED] - Text 'UDF3 Label' is present on page 

2020-07-16 13:46:29 - [TEST_STEP][PASSED] - verifyTextPresent(UDF3, false): Text 'Kaho Na' is present on page 

2020-07-16 13:46:30 - [MESSAGE][PASSED] - Text 'Kaho Na' is present on page 

2020-07-16 13:46:30 - [TEST_STEP][PASSED] - verifyTextPresent("UDF4 Label", false): Text 'UDF4 Label' is present on page 

2020-07-16 13:46:30 - [MESSAGE][PASSED] - Text 'UDF4 Label' is present on page 

2020-07-16 13:46:30 - [TEST_STEP][PASSED] - verifyTextPresent("data 4", false): Text 'data 4' is present on page 

2020-07-16 13:46:30 - [MESSAGE][PASSED] - Text 'data 4' is present on page 

2020-07-16 13:46:30 - [TEST_STEP][PASSED] - verifyTextPresent("UDF6 Label", false): Text 'UDF6 Label' is present on page 

2020-07-16 13:46:31 - [MESSAGE][PASSED] - Text 'UDF6 Label' is present on page 

2020-07-16 13:46:31 - [TEST_STEP][PASSED] - verifyTextPresent("data 6", false): Text 'data 6' is present on page 

2020-07-16 13:46:31 - [MESSAGE][PASSED] - Text 'data 6' is present on page 

2020-07-16 13:46:31 - [TEST_STEP][PASSED] - verifyTextPresent("UDF7 Label", false): Text 'UDF7 Label' is present on page 

2020-07-16 13:46:31 - [MESSAGE][PASSED] - Text 'UDF7 Label' is present on page 

2020-07-16 13:46:31 - [TEST_STEP][PASSED] - verifyTextPresent(UDF7, false): Text 'Purple' is present on page 

2020-07-16 13:46:32 - [MESSAGE][PASSED] - Text 'Purple' is present on page 

2020-07-16 13:46:32 - [TEST_STEP][PASSED] - verifyTextPresent("UDF8 Label", false): Text 'UDF8 Label' is present on page 

2020-07-16 13:46:32 - [MESSAGE][PASSED] - Text 'UDF8 Label' is present on page 

2020-07-16 13:46:32 - [TEST_STEP][PASSED] - verifyTextPresent(UDF8, false): Text 'Soccer' is present on page 

2020-07-16 13:46:32 - [MESSAGE][PASSED] - Text 'Soccer' is present on page 

2020-07-16 13:46:32 - [TEST_STEP][PASSED] - verifyTextPresent("UDF9 Label", false): Text 'UDF9 Label' is present on page 

2020-07-16 13:46:33 - [MESSAGE][PASSED] - Text 'UDF9 Label' is present on page 

2020-07-16 13:46:33 - [TEST_STEP][PASSED] - verifyTextPresent("data 9", false): Text 'data 9' is present on page 

2020-07-16 13:46:33 - [MESSAGE][PASSED] - Text 'data 9' is present on page 

2020-07-16 13:46:33 - [TEST_STEP][PASSED] - verifyTextPresent("Card information", false): Text 'Card information' is present on page 

2020-07-16 13:46:33 - [MESSAGE][PASSED] - Text 'Card information' is present on page 

2020-07-16 13:46:33 - [TEST_STEP][PASSED] - verifyTextPresent("Cardholder's Name", false): Text 'Cardholder's Name' is present on page 

2020-07-16 13:46:34 - [MESSAGE][PASSED] - Text 'Cardholder's Name' is present on page 

2020-07-16 13:46:34 - [TEST_STEP][PASSED] - verifyTextPresent(CName, false): Text 'Hritik Roshan' is present on page 

2020-07-16 13:46:34 - [MESSAGE][PASSED] - Text 'Hritik Roshan' is present on page 

2020-07-16 13:46:34 - [TEST_STEP][PASSED] - verifyTextPresent("Card Type", false): Text 'Card Type' is present on page 

2020-07-16 13:46:35 - [MESSAGE][PASSED] - Text 'Card Type' is present on page 

2020-07-16 13:46:35 - [TEST_STEP][PASSED] - verifyTextPresent(CardType, false): Text 'MasterCard' is present on page 

2020-07-16 13:46:35 - [MESSAGE][PASSED] - Text 'MasterCard' is present on page 

2020-07-16 13:46:35 - [TEST_STEP][PASSED] - verifyTextPresent("Card Number", false): Text 'Card Number' is present on page 

2020-07-16 13:46:35 - [MESSAGE][PASSED] - Text 'Card Number' is present on page 

2020-07-16 13:46:35 - [TEST_STEP][PASSED] - verifyTextPresent(Last4, false): Text '0015' is present on page 

2020-07-16 13:46:36 - [MESSAGE][PASSED] - Text '0015' is present on page 

2020-07-16 13:46:36 - [TEST_STEP][PASSED] - verifyTextPresent("Signature Panel Code", false): Text 'Signature Panel Code' is present on page 

2020-07-16 13:46:36 - [MESSAGE][PASSED] - Text 'Signature Panel Code' is present on page 

2020-07-16 13:46:36 - [TEST_STEP][PASSED] - verifyTextPresent("Expiration Date", false): Text 'Expiration Date' is present on page 

2020-07-16 13:46:36 - [MESSAGE][PASSED] - Text 'Expiration Date' is present on page 

2020-07-16 13:46:36 - [TEST_STEP][PASSED] - verifyTextPresent(CExp, false): Text '6/2026' is present on page 

2020-07-16 13:46:37 - [MESSAGE][PASSED] - Text '6/2026' is present on page 

2020-07-16 13:46:37 - [TEST_STEP][PASSED] - verifyTextPresent("Payment Date", false): Text 'Payment Date' is present on page 

2020-07-16 13:46:37 - [MESSAGE][PASSED] - Text 'Payment Date' is present on page 

2020-07-16 13:46:37 - [TEST_STEP][PASSED] - verifyTextPresent("Billing information", false): Text 'Billing information' is present on page 

2020-07-16 13:46:37 - [MESSAGE][PASSED] - Text 'Billing information' is present on page 

2020-07-16 13:46:37 - [TEST_STEP][PASSED] - verifyTextPresent("Address Line 1", false): Text 'Address Line 1' is present on page 

2020-07-16 13:46:38 - [MESSAGE][PASSED] - Text 'Address Line 1' is present on page 

2020-07-16 13:46:38 - [TEST_STEP][PASSED] - verifyTextPresent(AL1, false): Text '1638 Juhu road' is present on page 

2020-07-16 13:46:38 - [MESSAGE][PASSED] - Text '1638 Juhu road' is present on page 

2020-07-16 13:46:38 - [TEST_STEP][PASSED] - verifyTextPresent("Address Line 2", false): Text 'Address Line 2' is present on page 

2020-07-16 13:46:38 - [MESSAGE][PASSED] - Text 'Address Line 2' is present on page 

2020-07-16 13:46:38 - [TEST_STEP][PASSED] - verifyTextPresent(AL2, false): Text 'Build 99' is present on page 

2020-07-16 13:46:39 - [MESSAGE][PASSED] - Text 'Build 99' is present on page 

2020-07-16 13:46:39 - [TEST_STEP][PASSED] - verifyTextPresent("Country", false): Text 'Country' is present on page 

2020-07-16 13:46:39 - [MESSAGE][PASSED] - Text 'Country' is present on page 

2020-07-16 13:46:39 - [TEST_STEP][PASSED] - verifyTextPresent("United States", false): Text 'United States' is present on page 

2020-07-16 13:46:39 - [MESSAGE][PASSED] - Text 'United States' is present on page 

2020-07-16 13:46:39 - [TEST_STEP][PASSED] - verifyTextPresent("City", false): Text 'City' is present on page 

2020-07-16 13:46:40 - [MESSAGE][PASSED] - Text 'City' is present on page 

2020-07-16 13:46:40 - [TEST_STEP][PASSED] - verifyTextPresent(City, false): Text 'GAMBRILLS' is present on page 

2020-07-16 13:46:40 - [MESSAGE][PASSED] - Text 'GAMBRILLS' is present on page 

2020-07-16 13:46:40 - [TEST_STEP][PASSED] - verifyTextPresent("State", false): Text 'State' is present on page 

2020-07-16 13:46:40 - [MESSAGE][PASSED] - Text 'State' is present on page 

2020-07-16 13:46:40 - [TEST_STEP][PASSED] - verifyTextPresent(State, false): Text 'Maryland' is present on page 

2020-07-16 13:46:41 - [MESSAGE][PASSED] - Text 'Maryland' is present on page 

2020-07-16 13:46:41 - [TEST_STEP][PASSED] - verifyTextPresent("ZIP Code", false): Text 'ZIP Code' is present on page 

2020-07-16 13:46:41 - [MESSAGE][PASSED] - Text 'ZIP Code' is present on page 

2020-07-16 13:46:41 - [TEST_STEP][PASSED] - verifyTextPresent(CZIP, false): Text '21054' is present on page 

2020-07-16 13:46:42 - [MESSAGE][PASSED] - Text '21054' is present on page 

2020-07-16 13:46:42 - [TEST_STEP][PASSED] - verifyTextPresent("Email Address", false): Text 'Email Address' is present on page 

2020-07-16 13:46:42 - [MESSAGE][PASSED] - Text 'Email Address' is present on page 

2020-07-16 13:46:42 - [TEST_STEP][PASSED] - verifyTextPresent(Email, false): Text 'youremail@gmail.com' is present on page 

2020-07-16 13:46:42 - [MESSAGE][PASSED] - Text 'youremail@gmail.com' is present on page 

2020-07-16 13:46:42 - [TEST_STEP][PASSED] - verifyTextPresent("Is this information correct", false): Text 'Is this information correct' is present on page 

2020-07-16 13:46:43 - [MESSAGE][PASSED] - Text 'Is this information correct' is present on page 

2020-07-16 13:46:43 - [TEST_STEP][PASSED] - verifyTextPresent("These are CC Custom HTML", false): Text 'These are CC Custom HTML' is present on page 

2020-07-16 13:46:43 - [MESSAGE][PASSED] - Text 'These are CC Custom HTML' is present on page 

2020-07-16 13:46:43 - [TEST_STEP][PASSED] - verifyElementPresent(findTestObject("Object Repository/IWP30/Page_Confirmation/ChangePaymentMethodButton"), 30): Object 'Object Repository/IWP30/Page_Confirmation/ChangePaymentMethodButton' is present

2020-07-16 13:46:43 - [MESSAGE][PASSED] - Object 'Object Repository/IWP30/Page_Confirmation/ChangePaymentMethodButton' is present

2020-07-16 13:46:43 - [TEST_STEP][PASSED] - verifyElementPresent(findTestObject("Object Repository/IWP30/Page_Confirmation/ConfirmButton"), 30): Object 'Object Repository/IWP30/Page_Confirmation/ConfirmButton' is present

2020-07-16 13:46:44 - [MESSAGE][PASSED] - Object 'Object Repository/IWP30/Page_Confirmation/ConfirmButton' is present

2020-07-16 13:46:44 - [TEST_STEP][PASSED] - verifyElementPresent(findTestObject("Object Repository/IWP30/Page_Confirmation/ExitButton"), 30): Object 'Object Repository/IWP30/Page_Confirmation/ExitButton' is present

2020-07-16 13:46:44 - [MESSAGE][PASSED] - Object 'Object Repository/IWP30/Page_Confirmation/ExitButton' is present

2020-07-16 13:46:44 - [TEST_STEP][PASSED] - verifyElementPresent(findTestObject("Object Repository/IWP30/Page_Confirmation/ModifyButton"), 30): Object 'Object Repository/IWP30/Page_Confirmation/ModifyButton' is present

2020-07-16 13:46:44 - [MESSAGE][PASSED] - Object 'Object Repository/IWP30/Page_Confirmation/ModifyButton' is present

2020-07-16 13:46:44 - [TEST_STEP][PASSED] - click(findTestObject("Object Repository/IWP30/Page_Confirmation/ConfirmButton")): Object: 'Object Repository/IWP30/Page_Confirmation/ConfirmButton' is clicked on

2020-07-16 13:46:45 - [MESSAGE][PASSED] - Object: 'Object Repository/IWP30/Page_Confirmation/ConfirmButton' is clicked on

2020-07-16 13:46:45 - [TEST_STEP][PASSED] - Thread.sleep(10000): null

2020-07-16 13:46:55 - [TEST_STEP][PASSED] - verifyTextPresent("Successful Payment Receipt", false): Text 'Successful Payment Receipt' is present on page 

2020-07-16 13:46:56 - [MESSAGE][PASSED] - Text 'Successful Payment Receipt' is present on page 

2020-07-16 13:46:56 - [TEST_STEP][PASSED] - verifyTextPresent("Please print this receipt for your records", false): Text 'Please print this receipt for your records' is present on page 

2020-07-16 13:46:56 - [MESSAGE][PASSED] - Text 'Please print this receipt for your records' is present on page 

2020-07-16 13:46:56 - [TEST_STEP][PASSED] - verifyTextPresent("Remittance ID", false): Text 'Remittance ID' is present on page 

2020-07-16 13:46:56 - [MESSAGE][PASSED] - Text 'Remittance ID' is present on page 

2020-07-16 13:46:56 - [TEST_STEP][PASSED] - verifyTextPresent("CAN Label", false): Text 'CAN Label' is present on page 

2020-07-16 13:46:57 - [MESSAGE][PASSED] - Text 'CAN Label' is present on page 

2020-07-16 13:46:57 - [TEST_STEP][PASSED] - verifyTextPresent("54654701", false): Text '54654701' is present on page 

2020-07-16 13:46:57 - [MESSAGE][PASSED] - Text '54654701' is present on page 

2020-07-16 13:46:57 - [TEST_STEP][PASSED] - verifyTextPresent("Received", false): Text 'Received' is present on page 

2020-07-16 13:46:57 - [MESSAGE][PASSED] - Text 'Received' is present on page 

2020-07-16 13:46:57 - [TEST_STEP][PASSED] - verifyTextPresent("UDF1 Label", false): Text 'UDF1 Label' is present on page 

2020-07-16 13:46:58 - [MESSAGE][PASSED] - Text 'UDF1 Label' is present on page 

2020-07-16 13:46:58 - [TEST_STEP][PASSED] - verifyTextPresent("UDF2 Label", false): Text 'UDF2 Label' is present on page 

2020-07-16 13:46:58 - [MESSAGE][PASSED] - Text 'UDF2 Label' is present on page 

2020-07-16 13:46:58 - [TEST_STEP][PASSED] - verifyTextPresent(UDF2, false): Text 'Agneepath' is present on page 

2020-07-16 13:46:58 - [MESSAGE][PASSED] - Text 'Agneepath' is present on page 

2020-07-16 13:46:58 - [TEST_STEP][PASSED] - verifyTextPresent("UDF3 Label", false): Text 'UDF3 Label' is present on page 

2020-07-16 13:46:59 - [MESSAGE][PASSED] - Text 'UDF3 Label' is present on page 

2020-07-16 13:46:59 - [TEST_STEP][PASSED] - verifyTextPresent(UDF3, false): Text 'Kaho Na' is present on page 

2020-07-16 13:46:59 - [MESSAGE][PASSED] - Text 'Kaho Na' is present on page 

2020-07-16 13:46:59 - [TEST_STEP][PASSED] - verifyTextPresent("UDF4 Label", false): Text 'UDF4 Label' is present on page 

2020-07-16 13:46:59 - [MESSAGE][PASSED] - Text 'UDF4 Label' is present on page 

2020-07-16 13:46:59 - [TEST_STEP][PASSED] - verifyTextPresent("data 4", false): Text 'data 4' is present on page 

2020-07-16 13:47:00 - [MESSAGE][PASSED] - Text 'data 4' is present on page 

2020-07-16 13:47:00 - [TEST_STEP][PASSED] - verifyTextPresent("UDF6 Label", false): Text 'UDF6 Label' is present on page 

2020-07-16 13:47:00 - [MESSAGE][PASSED] - Text 'UDF6 Label' is present on page 

2020-07-16 13:47:00 - [TEST_STEP][PASSED] - verifyTextPresent("data 6", false): Text 'data 6' is present on page 

2020-07-16 13:47:00 - [MESSAGE][PASSED] - Text 'data 6' is present on page 

2020-07-16 13:47:00 - [TEST_STEP][PASSED] - verifyTextPresent("UDF7 Label", false): Text 'UDF7 Label' is present on page 

2020-07-16 13:47:01 - [MESSAGE][PASSED] - Text 'UDF7 Label' is present on page 

2020-07-16 13:47:01 - [TEST_STEP][PASSED] - verifyTextPresent(UDF7, false): Text 'Purple' is present on page 

2020-07-16 13:47:01 - [MESSAGE][PASSED] - Text 'Purple' is present on page 

2020-07-16 13:47:01 - [TEST_STEP][PASSED] - verifyTextPresent("UDF8 Label", false): Text 'UDF8 Label' is present on page 

2020-07-16 13:47:01 - [MESSAGE][PASSED] - Text 'UDF8 Label' is present on page 

2020-07-16 13:47:01 - [TEST_STEP][PASSED] - verifyTextPresent(UDF8, false): Text 'Soccer' is present on page 

2020-07-16 13:47:02 - [MESSAGE][PASSED] - Text 'Soccer' is present on page 

2020-07-16 13:47:02 - [TEST_STEP][PASSED] - verifyTextPresent("UDF9 Label", false): Text 'UDF9 Label' is present on page 

2020-07-16 13:47:02 - [MESSAGE][PASSED] - Text 'UDF9 Label' is present on page 

2020-07-16 13:47:02 - [TEST_STEP][PASSED] - verifyTextPresent("data 9", false): Text 'data 9' is present on page 

2020-07-16 13:47:02 - [MESSAGE][PASSED] - Text 'data 9' is present on page 

2020-07-16 13:47:02 - [TEST_STEP][PASSED] - verifyTextPresent("Tax Amount", false): Text 'Tax Amount' is present on page 

2020-07-16 13:47:03 - [MESSAGE][PASSED] - Text 'Tax Amount' is present on page 

2020-07-16 13:47:03 - [TEST_STEP][PASSED] - verifyTextPresent("$0.00", false): Text '$0.00' is present on page 

2020-07-16 13:47:03 - [MESSAGE][PASSED] - Text '$0.00' is present on page 

2020-07-16 13:47:03 - [TEST_STEP][PASSED] - verifyTextPresent("Amount", false): Text 'Amount' is present on page 

2020-07-16 13:47:03 - [MESSAGE][PASSED] - Text 'Amount' is present on page 

2020-07-16 13:47:03 - [TEST_STEP][PASSED] - verifyTextPresent(Amount, false): Text '27.50' is present on page 

2020-07-16 13:47:04 - [MESSAGE][PASSED] - Text '27.50' is present on page 

2020-07-16 13:47:04 - [TEST_STEP][PASSED] - verifyTextPresent("Transaction Type", false): Text 'Transaction Type' is present on page 

2020-07-16 13:47:04 - [MESSAGE][PASSED] - Text 'Transaction Type' is present on page 

2020-07-16 13:47:04 - [TEST_STEP][PASSED] - verifyTextPresent("Authorization and Capture", false): Text 'Authorization and Capture' is present on page 

2020-07-16 13:47:04 - [MESSAGE][PASSED] - Text 'Authorization and Capture' is present on page 

2020-07-16 13:47:04 - [TEST_STEP][PASSED] - verifyTextPresent("Card Information", false): Text 'Card Information' is present on page 

2020-07-16 13:47:05 - [MESSAGE][PASSED] - Text 'Card Information' is present on page 

2020-07-16 13:47:05 - [TEST_STEP][PASSED] - verifyTextPresent(CardType, false): Text 'MasterCard' is present on page 

2020-07-16 13:47:05 - [MESSAGE][PASSED] - Text 'MasterCard' is present on page 

2020-07-16 13:47:05 - [TEST_STEP][PASSED] - verifyTextPresent(CName2, false): Text 'HRITIK ROSHAN' is present on page 

2020-07-16 13:47:05 - [MESSAGE][PASSED] - Text 'HRITIK ROSHAN' is present on page 

2020-07-16 13:47:05 - [TEST_STEP][PASSED] - verifyTextPresent(Last4, false): Text '0015' is present on page 

2020-07-16 13:47:06 - [MESSAGE][PASSED] - Text '0015' is present on page 

2020-07-16 13:47:06 - [TEST_STEP][PASSED] - verifyTextPresent("Billing information", false): Text 'Billing information' is present on page 

2020-07-16 13:47:06 - [MESSAGE][PASSED] - Text 'Billing information' is present on page 

2020-07-16 13:47:06 - [TEST_STEP][PASSED] - verifyTextPresent("Address Line 1", false): Text 'Address Line 1' is present on page 

2020-07-16 13:47:06 - [MESSAGE][PASSED] - Text 'Address Line 1' is present on page 

2020-07-16 13:47:06 - [TEST_STEP][PASSED] - verifyTextPresent(AL1, false): Text '1638 Juhu road' is present on page 

2020-07-16 13:47:07 - [MESSAGE][PASSED] - Text '1638 Juhu road' is present on page 

2020-07-16 13:47:07 - [TEST_STEP][PASSED] - verifyTextPresent("Address Line 2", false): Text 'Address Line 2' is present on page 

2020-07-16 13:47:07 - [MESSAGE][PASSED] - Text 'Address Line 2' is present on page 

2020-07-16 13:47:07 - [TEST_STEP][PASSED] - verifyTextPresent(AL2, false): Text 'Build 99' is present on page 

2020-07-16 13:47:07 - [MESSAGE][PASSED] - Text 'Build 99' is present on page 

2020-07-16 13:47:07 - [TEST_STEP][PASSED] - verifyTextPresent("Country", false): Text 'Country' is present on page 

2020-07-16 13:47:08 - [MESSAGE][PASSED] - Text 'Country' is present on page 

2020-07-16 13:47:08 - [TEST_STEP][PASSED] - verifyTextPresent("United States", false): Text 'United States' is present on page 

2020-07-16 13:47:08 - [MESSAGE][PASSED] - Text 'United States' is present on page 

2020-07-16 13:47:08 - [TEST_STEP][PASSED] - verifyTextPresent("City", false): Text 'City' is present on page 

2020-07-16 13:47:08 - [MESSAGE][PASSED] - Text 'City' is present on page 

2020-07-16 13:47:08 - [TEST_STEP][PASSED] - verifyTextPresent(City, false): Text 'GAMBRILLS' is present on page 

2020-07-16 13:47:09 - [MESSAGE][PASSED] - Text 'GAMBRILLS' is present on page 

2020-07-16 13:47:09 - [TEST_STEP][PASSED] - verifyTextPresent("State", false): Text 'State' is present on page 

2020-07-16 13:47:09 - [MESSAGE][PASSED] - Text 'State' is present on page 

2020-07-16 13:47:09 - [TEST_STEP][PASSED] - verifyTextPresent(State2, false): Text 'MD' is present on page 

2020-07-16 13:47:09 - [MESSAGE][PASSED] - Text 'MD' is present on page 

2020-07-16 13:47:09 - [TEST_STEP][PASSED] - verifyTextPresent("ZIP Code", false): Text 'ZIP Code' is present on page 

2020-07-16 13:47:10 - [MESSAGE][PASSED] - Text 'ZIP Code' is present on page 

2020-07-16 13:47:10 - [TEST_STEP][PASSED] - verifyTextPresent(CZIP, false): Text '21054' is present on page 

2020-07-16 13:47:10 - [MESSAGE][PASSED] - Text '21054' is present on page 

2020-07-16 13:47:10 - [TEST_STEP][PASSED] - verifyElementPresent(findTestObject("Object Repository/IWP30/Page_Receipt/ExitButton"), 30): Object 'Object Repository/IWP30/Page_Receipt/ExitButton' is present

2020-07-16 13:47:10 - [MESSAGE][PASSED] - Object 'Object Repository/IWP30/Page_Receipt/ExitButton' is present

2020-07-16 13:47:10 - [TEST_STEP][PASSED] - closeBrowser(): Browser is closed

2020-07-16 13:47:11 - [MESSAGE][PASSED] - Browser is closed

2020-07-16 13:47:11 - [TEST_STEP][PASSED] - openBrowser(urlEmulator): Browser is opened with url: 'https://qa.velocitypayment.com/agency/config.do?action=editor'

2020-07-16 13:47:11 - [MESSAGE][INFO] - Starting 'Chrome' driver

2020-07-16 13:47:11 - [MESSAGE][INFO] - User set preference: ['acceptInsecureCerts', 'true']

2020-07-16 13:47:11 - [MESSAGE][INFO] - Action delay is set to 0 milliseconds

2020-07-16 13:47:15 - [MESSAGE][PASSED] - Browser is opened with url: 'https://qa.velocitypayment.com/agency/config.do?action=editor'

2020-07-16 13:47:15 - [TEST_STEP][PASSED] - maximizeWindow(): Current window maximized

2020-07-16 13:47:15 - [MESSAGE][PASSED] - Current window maximized

2020-07-16 13:47:15 - [TEST_STEP][PASSED] - iwpPages.emulatorIWP30.setDataEmulatorStandard(): iwpPages.emulatorIWP30.setDataEmulatorStandard is PASSED

2020-07-16 13:47:16 - [MESSAGE][PASSED] - Object 'Object Repository/IWP30/Page_VRelay30Emulator/Amount' is present

2020-07-16 13:47:17 - [MESSAGE][PASSED] - All options with value '3.0' are selected in object 'Object Repository/IWP30/Page_VRelay30Emulator/MV'  using regular expression

2020-07-16 13:47:18 - [MESSAGE][PASSED] - Text '10.50' is set on object 'Object Repository/IWP30/Page_VRelay30Emulator/Amount'

2020-07-16 13:47:18 - [MESSAGE][PASSED] - Text '54654701' is set on object 'Object Repository/IWP30/Page_VRelay30Emulator/CAN'

2020-07-16 13:47:19 - [MESSAGE][PASSED] - Text 'PayNow' is set on object 'Object Repository/IWP30/Page_VRelay30Emulator/Action'

2020-07-16 13:47:20 - [MESSAGE][PASSED] - Text 'en_US' is set on object 'Object Repository/IWP30/Page_VRelay30Emulator/Lang'

2020-07-16 13:47:21 - [MESSAGE][PASSED] - Text '' is set on object 'Object Repository/IWP30/Page_VRelay30Emulator/Fname'

2020-07-16 13:47:21 - [MESSAGE][PASSED] - Text '' is set on object 'Object Repository/IWP30/Page_VRelay30Emulator/Lname'

2020-07-16 13:47:22 - [MESSAGE][PASSED] - Text '' is set on object 'Object Repository/IWP30/Page_VRelay30Emulator/AL1'

2020-07-16 13:47:22 - [MESSAGE][PASSED] - Text '' is set on object 'Object Repository/IWP30/Page_VRelay30Emulator/AL2'

2020-07-16 13:47:23 - [MESSAGE][PASSED] - Text '' is set on object 'Object Repository/IWP30/Page_VRelay30Emulator/Country'

2020-07-16 13:47:24 - [MESSAGE][PASSED] - Text '' is set on object 'Object Repository/IWP30/Page_VRelay30Emulator/City'

2020-07-16 13:47:24 - [MESSAGE][PASSED] - Text '' is set on object 'Object Repository/IWP30/Page_VRelay30Emulator/State'

2020-07-16 13:47:25 - [MESSAGE][PASSED] - Text '' is set on object 'Object Repository/IWP30/Page_VRelay30Emulator/ZIP'

2020-07-16 13:47:25 - [MESSAGE][PASSED] - Text '' is set on object 'Object Repository/IWP30/Page_VRelay30Emulator/Order'

2020-07-16 13:47:26 - [MESSAGE][PASSED] - Text '' is set on object 'Object Repository/IWP30/Page_VRelay30Emulator/Company'

2020-07-16 13:47:27 - [MESSAGE][PASSED] - Text '' is set on object 'Object Repository/IWP30/Page_VRelay30Emulator/Email'

2020-07-16 13:47:27 - [MESSAGE][PASSED] - Text '' is set on object 'Object Repository/IWP30/Page_VRelay30Emulator/UDF1'

2020-07-16 13:47:28 - [MESSAGE][PASSED] - Text '' is set on object 'Object Repository/IWP30/Page_VRelay30Emulator/UDF2'

2020-07-16 13:47:28 - [MESSAGE][PASSED] - Text 'data 3' is set on object 'Object Repository/IWP30/Page_VRelay30Emulator/UDF3'

2020-07-16 13:47:29 - [MESSAGE][PASSED] - Text 'data 4' is set on object 'Object Repository/IWP30/Page_VRelay30Emulator/UDF4'

2020-07-16 13:47:30 - [MESSAGE][PASSED] - Text 'data 5' is set on object 'Object Repository/IWP30/Page_VRelay30Emulator/UDF5'

2020-07-16 13:47:30 - [MESSAGE][PASSED] - Text 'data 6' is set on object 'Object Repository/IWP30/Page_VRelay30Emulator/UDF6'

2020-07-16 13:47:31 - [MESSAGE][PASSED] - Text 'Orange' is set on object 'Object Repository/IWP30/Page_VRelay30Emulator/UDF7'

2020-07-16 13:47:32 - [MESSAGE][PASSED] - Text 'Soccer' is set on object 'Object Repository/IWP30/Page_VRelay30Emulator/UDF8'

2020-07-16 13:47:32 - [MESSAGE][PASSED] - Text 'data 9' is set on object 'Object Repository/IWP30/Page_VRelay30Emulator/UDF9'

2020-07-16 13:47:33 - [MESSAGE][PASSED] - Text 'data 10' is set on object 'Object Repository/IWP30/Page_VRelay30Emulator/UDF10'

2020-07-16 13:47:36 - [MESSAGE][PASSED] - Object: 'Object Repository/IWP30/Page_VRelay30Emulator/Submit' is clicked on

2020-07-16 13:47:42 - [MESSAGE][PASSED] - Browser is closed

2020-07-16 13:47:42 - [MESSAGE][PASSED] - iwpPages.emulatorIWP30.setDataEmulatorStandard is PASSED

2020-07-16 13:47:42 - [TEST_STEP][PASSED] - openBrowser(urlTestHarness): Browser is opened with url: 'https://dev-algorithm.govolution.com/vrelaytest/QA/version_2_2/vrelaytest.html'

2020-07-16 13:47:42 - [MESSAGE][INFO] - Starting 'Chrome' driver

2020-07-16 13:47:42 - [MESSAGE][INFO] - User set preference: ['acceptInsecureCerts', 'true']

2020-07-16 13:47:42 - [MESSAGE][INFO] - Action delay is set to 0 milliseconds

2020-07-16 13:47:46 - [MESSAGE][PASSED] - Browser is opened with url: 'https://dev-algorithm.govolution.com/vrelaytest/QA/version_2_2/vrelaytest.html'

2020-07-16 13:47:46 - [TEST_STEP][PASSED] - maximizeWindow(): Current window maximized

2020-07-16 13:47:46 - [MESSAGE][PASSED] - Current window maximized

2020-07-16 13:47:46 - [TEST_STEP][PASSED] - genRemIDVoid = RandomStringUtils.random(12, true, true): null

2020-07-16 13:47:46 - [TEST_STEP][PASSED] - if (verifyElementPresent(findTestObject("Object Repository/IWP30/Page_QATestHarness/RemittanceID"), 30)): null

2020-07-16 13:47:46 - [MESSAGE][PASSED] - Object 'Object Repository/IWP30/Page_QATestHarness/RemittanceID' is present

2020-07-16 13:47:46 - [TEST_STEP][PASSED] - println("We are on Test Harness page, start populating"): null

2020-07-16 13:47:46 - [TEST_STEP][PASSED] - setText(findTestObject("Object Repository/IWP30/Page_QATestHarness/ApplicationID"), "649"): Text '649' is set on object 'Object Repository/IWP30/Page_QATestHarness/ApplicationID'

2020-07-16 13:47:47 - [MESSAGE][PASSED] - Text '649' is set on object 'Object Repository/IWP30/Page_QATestHarness/ApplicationID'

2020-07-16 13:47:47 - [TEST_STEP][PASSED] - setText(findTestObject("Object Repository/IWP30/Page_QATestHarness/MessageVersion"), "3.0"): Text '3.0' is set on object 'Object Repository/IWP30/Page_QATestHarness/MessageVersion'

2020-07-16 13:47:48 - [MESSAGE][PASSED] - Text '3.0' is set on object 'Object Repository/IWP30/Page_QATestHarness/MessageVersion'

2020-07-16 13:47:48 - [TEST_STEP][PASSED] - setText(findTestObject("Object Repository/IWP30/Page_QATestHarness/RemittanceID"), genRemIDVoid): Text 'd6MRlCYHJUOM' is set on object 'Object Repository/IWP30/Page_QATestHarness/RemittanceID'

2020-07-16 13:47:48 - [MESSAGE][PASSED] - Text 'd6MRlCYHJUOM' is set on object 'Object Repository/IWP30/Page_QATestHarness/RemittanceID'

2020-07-16 13:47:48 - [TEST_STEP][PASSED] - click(findTestObject("Object Repository/IWP30/Page_QATestHarness/SubmitButton")): Object: 'Object Repository/IWP30/Page_QATestHarness/SubmitButton' is clicked on

2020-07-16 13:47:50 - [MESSAGE][PASSED] - Object: 'Object Repository/IWP30/Page_QATestHarness/SubmitButton' is clicked on

2020-07-16 13:47:50 - [TEST_STEP][PASSED] - verifyTextPresent("Select Payment Method", false): Text 'Select Payment Method' is present on page 

2020-07-16 13:47:50 - [MESSAGE][PASSED] - Text 'Select Payment Method' is present on page 

2020-07-16 13:47:50 - [TEST_STEP][PASSED] - verifyTextPresent("Please choose the method of payment", false): Text 'Please choose the method of payment' is present on page 

2020-07-16 13:47:50 - [MESSAGE][PASSED] - Text 'Please choose the method of payment' is present on page 

2020-07-16 13:47:50 - [TEST_STEP][PASSED] - verifyElementPresent(findTestObject("Object Repository/IWP30/Page_SelectPaymentMethod/PayByCreditCard"), 30): Object 'Object Repository/IWP30/Page_SelectPaymentMethod/PayByCreditCard' is present

2020-07-16 13:47:51 - [MESSAGE][PASSED] - Object 'Object Repository/IWP30/Page_SelectPaymentMethod/PayByCreditCard' is present

2020-07-16 13:47:51 - [TEST_STEP][PASSED] - verifyElementPresent(findTestObject("Object Repository/IWP30/Page_SelectPaymentMethod/PayByCorporateCheck"), 30): Object 'Object Repository/IWP30/Page_SelectPaymentMethod/PayByCorporateCheck' is present

2020-07-16 13:47:51 - [MESSAGE][PASSED] - Object 'Object Repository/IWP30/Page_SelectPaymentMethod/PayByCorporateCheck' is present

2020-07-16 13:47:51 - [TEST_STEP][PASSED] - verifyElementPresent(findTestObject("Object Repository/IWP30/Page_SelectPaymentMethod/PayByPersonalCheck"), 30): Object 'Object Repository/IWP30/Page_SelectPaymentMethod/PayByPersonalCheck' is present

2020-07-16 13:47:51 - [MESSAGE][PASSED] - Object 'Object Repository/IWP30/Page_SelectPaymentMethod/PayByPersonalCheck' is present

2020-07-16 13:47:51 - [TEST_STEP][PASSED] - verifyElementPresent(findTestObject("Object Repository/IWP30/Page_SelectPaymentMethod/ExitButton"), 30): Object 'Object Repository/IWP30/Page_SelectPaymentMethod/ExitButton' is present

2020-07-16 13:47:52 - [MESSAGE][PASSED] - Object 'Object Repository/IWP30/Page_SelectPaymentMethod/ExitButton' is present

2020-07-16 13:47:52 - [TEST_STEP][PASSED] - if (verifyElementPresent(findTestObject("Object Repository/IWP30/Page_SelectPaymentMethod/PayByCreditCard"), 30)): null

2020-07-16 13:47:52 - [MESSAGE][PASSED] - Object 'Object Repository/IWP30/Page_SelectPaymentMethod/PayByCreditCard' is present

2020-07-16 13:47:52 - [TEST_STEP][PASSED] - println("We are on Select Payment Method page, start populating"): null

2020-07-16 13:47:52 - [TEST_STEP][PASSED] - check(findTestObject("Object Repository/IWP30/Page_SelectPaymentMethod/PayByCreditCard")): Object 'Object Repository/IWP30/Page_SelectPaymentMethod/PayByCreditCard' is checked

2020-07-16 13:47:52 - [MESSAGE][PASSED] - Object 'Object Repository/IWP30/Page_SelectPaymentMethod/PayByCreditCard' is checked

2020-07-16 13:47:52 - [TEST_STEP][PASSED] - Thread.sleep(1000): null

2020-07-16 13:47:53 - [TEST_STEP][PASSED] - click(findTestObject("Object Repository/IWP30/Page_SelectPaymentMethod/MakePaymentButton")): Object: 'Object Repository/IWP30/Page_SelectPaymentMethod/MakePaymentButton' is clicked on

2020-07-16 13:47:54 - [MESSAGE][PASSED] - Object: 'Object Repository/IWP30/Page_SelectPaymentMethod/MakePaymentButton' is clicked on

2020-07-16 13:47:54 - [TEST_STEP][PASSED] - verifyTextPresent("Required fields are highlighted with an asterisk", false): Text 'Required fields are highlighted with an asterisk' is present on page 

2020-07-16 13:47:55 - [MESSAGE][PASSED] - Text 'Required fields are highlighted with an asterisk' is present on page 

2020-07-16 13:47:55 - [TEST_STEP][PASSED] - verifyTextPresent("Please enter the following information about your payment", false): Text 'Please enter the following information about your payment' is present on page 

2020-07-16 13:47:55 - [MESSAGE][PASSED] - Text 'Please enter the following information about your payment' is present on page 

2020-07-16 13:47:55 - [TEST_STEP][PASSED] - verifyTextPresent("CAN Label", false): Text 'CAN Label' is present on page 

2020-07-16 13:47:56 - [MESSAGE][PASSED] - Text 'CAN Label' is present on page 

2020-07-16 13:47:56 - [TEST_STEP][PASSED] - verifyTextPresent("Tax Amount", false): Text 'Tax Amount' is present on page 

2020-07-16 13:47:56 - [MESSAGE][PASSED] - Text 'Tax Amount' is present on page 

2020-07-16 13:47:56 - [TEST_STEP][PASSED] - verifyTextPresent("Amount", false): Text 'Amount' is present on page 

2020-07-16 13:47:57 - [MESSAGE][PASSED] - Text 'Amount' is present on page 

2020-07-16 13:47:57 - [TEST_STEP][PASSED] - verifyTextPresent("UDF1 Label", false): Text 'UDF1 Label' is present on page 

2020-07-16 13:47:57 - [MESSAGE][PASSED] - Text 'UDF1 Label' is present on page 

2020-07-16 13:47:57 - [TEST_STEP][PASSED] - verifyTextPresent("UDF2 Label", false): Text 'UDF2 Label' is present on page 

2020-07-16 13:47:57 - [MESSAGE][PASSED] - Text 'UDF2 Label' is present on page 

2020-07-16 13:47:57 - [TEST_STEP][PASSED] - verifyTextPresent("UDF3 Label", false): Text 'UDF3 Label' is present on page 

2020-07-16 13:47:58 - [MESSAGE][PASSED] - Text 'UDF3 Label' is present on page 

2020-07-16 13:47:58 - [TEST_STEP][PASSED] - verifyTextPresent("UDF4 Label", false): Text 'UDF4 Label' is present on page 

2020-07-16 13:47:58 - [MESSAGE][PASSED] - Text 'UDF4 Label' is present on page 

2020-07-16 13:47:58 - [TEST_STEP][PASSED] - verifyTextPresent("UDF6 Label", false): Text 'UDF6 Label' is present on page 

2020-07-16 13:47:58 - [MESSAGE][PASSED] - Text 'UDF6 Label' is present on page 

2020-07-16 13:47:58 - [TEST_STEP][PASSED] - verifyTextPresent("UDF7 Label", false): Text 'UDF7 Label' is present on page 

2020-07-16 13:47:59 - [MESSAGE][PASSED] - Text 'UDF7 Label' is present on page 

2020-07-16 13:47:59 - [TEST_STEP][PASSED] - verifyTextPresent("UDF8 Label", false): Text 'UDF8 Label' is present on page 

2020-07-16 13:47:59 - [MESSAGE][PASSED] - Text 'UDF8 Label' is present on page 

2020-07-16 13:47:59 - [TEST_STEP][PASSED] - verifyTextPresent("UDF9 Label", false): Text 'UDF9 Label' is present on page 

2020-07-16 13:48:00 - [MESSAGE][PASSED] - Text 'UDF9 Label' is present on page 

2020-07-16 13:48:00 - [TEST_STEP][PASSED] - verifyTextPresent("Please enter the following information about your payment method", false): Text 'Please enter the following information about your payment method' is present on page 

2020-07-16 13:48:00 - [MESSAGE][PASSED] - Text 'Please enter the following information about your payment method' is present on page 

2020-07-16 13:48:00 - [TEST_STEP][PASSED] - verifyTextPresent("Cardholder's Name", false): Text 'Cardholder's Name' is present on page 

2020-07-16 13:48:00 - [MESSAGE][PASSED] - Text 'Cardholder's Name' is present on page 

2020-07-16 13:48:00 - [TEST_STEP][PASSED] - verifyTextPresent("Cards Accepted", false): Text 'Cards Accepted' is present on page 

2020-07-16 13:48:01 - [MESSAGE][PASSED] - Text 'Cards Accepted' is present on page 

2020-07-16 13:48:01 - [TEST_STEP][PASSED] - verifyTextPresent("Card Number", false): Text 'Card Number' is present on page 

2020-07-16 13:48:01 - [MESSAGE][PASSED] - Text 'Card Number' is present on page 

2020-07-16 13:48:01 - [TEST_STEP][PASSED] - verifyTextPresent("Signature Panel Code", false): Text 'Signature Panel Code' is present on page 

2020-07-16 13:48:02 - [MESSAGE][PASSED] - Text 'Signature Panel Code' is present on page 

2020-07-16 13:48:02 - [TEST_STEP][PASSED] - verifyTextPresent("Expiration Date", false): Text 'Expiration Date' is present on page 

2020-07-16 13:48:02 - [MESSAGE][PASSED] - Text 'Expiration Date' is present on page 

2020-07-16 13:48:02 - [TEST_STEP][PASSED] - verifyTextPresent("Payment Date", false): Text 'Payment Date' is present on page 

2020-07-16 13:48:02 - [MESSAGE][PASSED] - Text 'Payment Date' is present on page 

2020-07-16 13:48:02 - [TEST_STEP][PASSED] - verifyTextPresent("Billing information", false): Text 'Billing information' is present on page 

2020-07-16 13:48:03 - [MESSAGE][PASSED] - Text 'Billing information' is present on page 

2020-07-16 13:48:03 - [TEST_STEP][PASSED] - verifyTextPresent("Address Line 1", false): Text 'Address Line 1' is present on page 

2020-07-16 13:48:03 - [MESSAGE][PASSED] - Text 'Address Line 1' is present on page 

2020-07-16 13:48:03 - [TEST_STEP][PASSED] - verifyTextPresent("Address Line 2", false): Text 'Address Line 2' is present on page 

2020-07-16 13:48:04 - [MESSAGE][PASSED] - Text 'Address Line 2' is present on page 

2020-07-16 13:48:04 - [TEST_STEP][PASSED] - verifyTextPresent("Country", false): Text 'Country' is present on page 

2020-07-16 13:48:04 - [MESSAGE][PASSED] - Text 'Country' is present on page 

2020-07-16 13:48:04 - [TEST_STEP][PASSED] - verifyTextPresent("ZIP Code", false): Text 'ZIP Code' is present on page 

2020-07-16 13:48:04 - [MESSAGE][PASSED] - Text 'ZIP Code' is present on page 

2020-07-16 13:48:04 - [TEST_STEP][PASSED] - verifyTextPresent("City", false): Text 'City' is present on page 

2020-07-16 13:48:05 - [MESSAGE][PASSED] - Text 'City' is present on page 

2020-07-16 13:48:05 - [TEST_STEP][PASSED] - verifyTextPresent("State", false): Text 'State' is present on page 

2020-07-16 13:48:05 - [MESSAGE][PASSED] - Text 'State' is present on page 

2020-07-16 13:48:05 - [TEST_STEP][PASSED] - verifyTextPresent("Receipt information", false): Text 'Receipt information' is present on page 

2020-07-16 13:48:06 - [MESSAGE][PASSED] - Text 'Receipt information' is present on page 

2020-07-16 13:48:06 - [TEST_STEP][PASSED] - verifyTextPresent("Email Address", false): Text 'Email Address' is present on page 

2020-07-16 13:48:06 - [MESSAGE][PASSED] - Text 'Email Address' is present on page 

2020-07-16 13:48:06 - [TEST_STEP][PASSED] - verifyTextPresent("Please check here to store the payment method for future use", false): Text 'Please check here to store the payment method for future use' is present on page 

2020-07-16 13:48:07 - [MESSAGE][PASSED] - Text 'Please check here to store the payment method for future use' is present on page 

2020-07-16 13:48:07 - [TEST_STEP][PASSED] - verifyTextPresent("These are Customer CC Terms", false): Text 'These are Customer CC Terms' is present on page 

2020-07-16 13:48:07 - [MESSAGE][PASSED] - Text 'These are Customer CC Terms' is present on page 

2020-07-16 13:48:07 - [TEST_STEP][PASSED] - verifyTextPresent("These are CC Custom HTML", false): Text 'These are CC Custom HTML' is present on page 

2020-07-16 13:48:07 - [MESSAGE][PASSED] - Text 'These are CC Custom HTML' is present on page 

2020-07-16 13:48:07 - [TEST_STEP][PASSED] - verifyTextPresent("54654701", false): Text '54654701' is present on page 

2020-07-16 13:48:08 - [MESSAGE][PASSED] - Text '54654701' is present on page 

2020-07-16 13:48:08 - [TEST_STEP][PASSED] - verifyTextPresent("data 4", false): Text 'data 4' is present on page 

2020-07-16 13:48:08 - [MESSAGE][PASSED] - Text 'data 4' is present on page 

2020-07-16 13:48:08 - [TEST_STEP][PASSED] - verifyTextPresent("data 6", false): Text 'data 6' is present on page 

2020-07-16 13:48:09 - [MESSAGE][PASSED] - Text 'data 6' is present on page 

2020-07-16 13:48:09 - [TEST_STEP][PASSED] - verifyTextPresent("data 9", false): Text 'data 9' is present on page 

2020-07-16 13:48:09 - [MESSAGE][PASSED] - Text 'data 9' is present on page 

2020-07-16 13:48:09 - [TEST_STEP][PASSED] - verifyTextNotPresent("UDF5 Label", false): Text 'UDF5 Label' is not present on page

2020-07-16 13:48:09 - [MESSAGE][PASSED] - Text 'UDF5 Label' is not present on page

2020-07-16 13:48:09 - [TEST_STEP][PASSED] - verifyTextNotPresent("UDF10 Label", false): Text 'UDF10 Label' is not present on page

2020-07-16 13:48:10 - [MESSAGE][PASSED] - Text 'UDF10 Label' is not present on page

2020-07-16 13:48:10 - [TEST_STEP][PASSED] - verifyElementPresent(findTestObject("Object Repository/IWP30/Page_CCPaymentEntry/Amount"), 30): Object 'Object Repository/IWP30/Page_CCPaymentEntry/Amount' is present

2020-07-16 13:48:10 - [MESSAGE][PASSED] - Object 'Object Repository/IWP30/Page_CCPaymentEntry/Amount' is present

2020-07-16 13:48:10 - [TEST_STEP][PASSED] - verifyElementPresent(findTestObject("Object Repository/IWP30/Page_CCPaymentEntry/UserDefined2"), 30): Object 'Object Repository/IWP30/Page_CCPaymentEntry/UserDefined2' is present

2020-07-16 13:48:10 - [MESSAGE][PASSED] - Object 'Object Repository/IWP30/Page_CCPaymentEntry/UserDefined2' is present

2020-07-16 13:48:10 - [TEST_STEP][PASSED] - verifyElementPresent(findTestObject("Object Repository/IWP30/Page_CCPaymentEntry/UserDefined3"), 30): Object 'Object Repository/IWP30/Page_CCPaymentEntry/UserDefined3' is present

2020-07-16 13:48:11 - [MESSAGE][PASSED] - Object 'Object Repository/IWP30/Page_CCPaymentEntry/UserDefined3' is present

2020-07-16 13:48:11 - [TEST_STEP][PASSED] - verifyElementPresent(findTestObject("Object Repository/IWP30/Page_CCPaymentEntry/UserDefined7"), 30): Object 'Object Repository/IWP30/Page_CCPaymentEntry/UserDefined7' is present

2020-07-16 13:48:11 - [MESSAGE][PASSED] - Object 'Object Repository/IWP30/Page_CCPaymentEntry/UserDefined7' is present

2020-07-16 13:48:11 - [TEST_STEP][PASSED] - verifyElementPresent(findTestObject("Object Repository/IWP30/Page_CCPaymentEntry/UserDefined8"), 30): Object 'Object Repository/IWP30/Page_CCPaymentEntry/UserDefined8' is present

2020-07-16 13:48:11 - [MESSAGE][PASSED] - Object 'Object Repository/IWP30/Page_CCPaymentEntry/UserDefined8' is present

2020-07-16 13:48:11 - [TEST_STEP][PASSED] - verifyElementPresent(findTestObject("Object Repository/IWP30/Page_CCPaymentEntry/Name"), 30): Object 'Object Repository/IWP30/Page_CCPaymentEntry/Name' is present

2020-07-16 13:48:12 - [MESSAGE][PASSED] - Object 'Object Repository/IWP30/Page_CCPaymentEntry/Name' is present

2020-07-16 13:48:12 - [TEST_STEP][PASSED] - verifyElementPresent(findTestObject("Object Repository/IWP30/Page_CCPaymentEntry/CardNumber"), 30): Object 'Object Repository/IWP30/Page_CCPaymentEntry/CardNumber' is present

2020-07-16 13:48:12 - [MESSAGE][PASSED] - Object 'Object Repository/IWP30/Page_CCPaymentEntry/CardNumber' is present

2020-07-16 13:48:12 - [TEST_STEP][PASSED] - verifyElementPresent(findTestObject("Object Repository/IWP30/Page_CCPaymentEntry/SPC"), 30): Object 'Object Repository/IWP30/Page_CCPaymentEntry/SPC' is present

2020-07-16 13:48:12 - [MESSAGE][PASSED] - Object 'Object Repository/IWP30/Page_CCPaymentEntry/SPC' is present

2020-07-16 13:48:12 - [TEST_STEP][PASSED] - verifyElementPresent(findTestObject("Object Repository/IWP30/Page_CCPaymentEntry/Month"), 30): Object 'Object Repository/IWP30/Page_CCPaymentEntry/Month' is present

2020-07-16 13:48:13 - [MESSAGE][PASSED] - Object 'Object Repository/IWP30/Page_CCPaymentEntry/Month' is present

2020-07-16 13:48:13 - [TEST_STEP][PASSED] - verifyElementPresent(findTestObject("Object Repository/IWP30/Page_CCPaymentEntry/Year"), 30): Object 'Object Repository/IWP30/Page_CCPaymentEntry/Year' is present

2020-07-16 13:48:13 - [MESSAGE][PASSED] - Object 'Object Repository/IWP30/Page_CCPaymentEntry/Year' is present

2020-07-16 13:48:13 - [TEST_STEP][PASSED] - verifyElementPresent(findTestObject("Object Repository/IWP30/Page_CCPaymentEntry/ProcessDate"), 30): Object 'Object Repository/IWP30/Page_CCPaymentEntry/ProcessDate' is present

2020-07-16 13:48:13 - [MESSAGE][PASSED] - Object 'Object Repository/IWP30/Page_CCPaymentEntry/ProcessDate' is present

2020-07-16 13:48:13 - [TEST_STEP][PASSED] - verifyElementPresent(findTestObject("Object Repository/IWP30/Page_CCPaymentEntry/AL1"), 30): Object 'Object Repository/IWP30/Page_CCPaymentEntry/AL1' is present

2020-07-16 13:48:14 - [MESSAGE][PASSED] - Object 'Object Repository/IWP30/Page_CCPaymentEntry/AL1' is present

2020-07-16 13:48:14 - [TEST_STEP][PASSED] - verifyElementPresent(findTestObject("Object Repository/IWP30/Page_CCPaymentEntry/AL2"), 30): Object 'Object Repository/IWP30/Page_CCPaymentEntry/AL2' is present

2020-07-16 13:48:14 - [MESSAGE][PASSED] - Object 'Object Repository/IWP30/Page_CCPaymentEntry/AL2' is present

2020-07-16 13:48:14 - [TEST_STEP][PASSED] - verifyElementPresent(findTestObject("Object Repository/IWP30/Page_CCPaymentEntry/CountryDropDown"), 30): Object 'Object Repository/IWP30/Page_CCPaymentEntry/CountryDropDown' is present

2020-07-16 13:48:14 - [MESSAGE][PASSED] - Object 'Object Repository/IWP30/Page_CCPaymentEntry/CountryDropDown' is present

2020-07-16 13:48:14 - [TEST_STEP][PASSED] - verifyElementPresent(findTestObject("Object Repository/IWP30/Page_CCPaymentEntry/ZIP"), 30): Object 'Object Repository/IWP30/Page_CCPaymentEntry/ZIP' is present

2020-07-16 13:48:15 - [MESSAGE][PASSED] - Object 'Object Repository/IWP30/Page_CCPaymentEntry/ZIP' is present

2020-07-16 13:48:15 - [TEST_STEP][PASSED] - verifyElementPresent(findTestObject("Object Repository/IWP30/Page_CCPaymentEntry/City"), 30): Object 'Object Repository/IWP30/Page_CCPaymentEntry/City' is present

2020-07-16 13:48:15 - [MESSAGE][PASSED] - Object 'Object Repository/IWP30/Page_CCPaymentEntry/City' is present

2020-07-16 13:48:15 - [TEST_STEP][PASSED] - verifyElementPresent(findTestObject("Object Repository/IWP30/Page_CCPaymentEntry/State"), 30): Object 'Object Repository/IWP30/Page_CCPaymentEntry/State' is present

2020-07-16 13:48:15 - [MESSAGE][PASSED] - Object 'Object Repository/IWP30/Page_CCPaymentEntry/State' is present

2020-07-16 13:48:15 - [TEST_STEP][PASSED] - verifyElementPresent(findTestObject("Object Repository/IWP30/Page_CCPaymentEntry/EmailAddress"), 30): Object 'Object Repository/IWP30/Page_CCPaymentEntry/EmailAddress' is present

2020-07-16 13:48:16 - [MESSAGE][PASSED] - Object 'Object Repository/IWP30/Page_CCPaymentEntry/EmailAddress' is present

2020-07-16 13:48:16 - [TEST_STEP][PASSED] - verifyElementPresent(findTestObject("Object Repository/IWP30/Page_CCPaymentEntry/StorePaymentMethodCheckBox"), 30): Object 'Object Repository/IWP30/Page_CCPaymentEntry/StorePaymentMethodCheckBox' is present

2020-07-16 13:48:16 - [MESSAGE][PASSED] - Object 'Object Repository/IWP30/Page_CCPaymentEntry/StorePaymentMethodCheckBox' is present

2020-07-16 13:48:16 - [TEST_STEP][PASSED] - verifyElementPresent(findTestObject("Object Repository/IWP30/Page_CCPaymentEntry/TermCondCheckBox"), 30): Object 'Object Repository/IWP30/Page_CCPaymentEntry/TermCondCheckBox' is present

2020-07-16 13:48:16 - [MESSAGE][PASSED] - Object 'Object Repository/IWP30/Page_CCPaymentEntry/TermCondCheckBox' is present

2020-07-16 13:48:16 - [TEST_STEP][PASSED] - verifyElementPresent(findTestObject("Object Repository/IWP30/Page_CCPaymentEntry/ContinueButton"), 30): Object 'Object Repository/IWP30/Page_CCPaymentEntry/ContinueButton' is present

2020-07-16 13:48:17 - [MESSAGE][PASSED] - Object 'Object Repository/IWP30/Page_CCPaymentEntry/ContinueButton' is present

2020-07-16 13:48:17 - [TEST_STEP][PASSED] - verifyElementPresent(findTestObject("Object Repository/IWP30/Page_CCPaymentEntry/ChangePaymentMethodButton"), 30): Object 'Object Repository/IWP30/Page_CCPaymentEntry/ChangePaymentMethodButton' is present

2020-07-16 13:48:17 - [MESSAGE][PASSED] - Object 'Object Repository/IWP30/Page_CCPaymentEntry/ChangePaymentMethodButton' is present

2020-07-16 13:48:17 - [TEST_STEP][PASSED] - verifyElementPresent(findTestObject("Object Repository/IWP30/Page_CCPaymentEntry/ExitButton"), 30): Object 'Object Repository/IWP30/Page_CCPaymentEntry/ExitButton' is present

2020-07-16 13:48:17 - [MESSAGE][PASSED] - Object 'Object Repository/IWP30/Page_CCPaymentEntry/ExitButton' is present

2020-07-16 13:48:17 - [TEST_STEP][PASSED] - iwpPages.ccPaymentEntryPage.setDataCCPM(row, dataFile): iwpPages.ccPaymentEntryPage.setDataCCPM is PASSED

2020-07-16 13:48:18 - [MESSAGE][PASSED] - Object 'Object Repository/IWP30/Page_CCPaymentEntry/Name' is present

2020-07-16 13:48:18 - [MESSAGE][PASSED] - Object 'Object Repository/IWP30/Page_CCPaymentEntry/Amount' is present

2020-07-16 13:48:19 - [MESSAGE][PASSED] - Text '33.50' is set on object 'Object Repository/IWP30/Page_CCPaymentEntry/Amount'

2020-07-16 13:48:19 - [MESSAGE][PASSED] - Object 'Object Repository/IWP30/Page_CCPaymentEntry/UserDefined2' is present

2020-07-16 13:48:20 - [MESSAGE][PASSED] - Text 'Paani Da' is set on object 'Object Repository/IWP30/Page_CCPaymentEntry/UserDefined2'

2020-07-16 13:48:20 - [MESSAGE][PASSED] - Object 'Object Repository/IWP30/Page_CCPaymentEntry/UserDefined3' is present

2020-07-16 13:48:21 - [MESSAGE][PASSED] - Text 'Andhadun' is set on object 'Object Repository/IWP30/Page_CCPaymentEntry/UserDefined3'

2020-07-16 13:48:21 - [MESSAGE][PASSED] - Object 'Object Repository/IWP30/Page_CCPaymentEntry/UserDefined7' is present

2020-07-16 13:48:22 - [MESSAGE][PASSED] - All options with label 'Orange' are selected in object 'Object Repository/IWP30/Page_CCPaymentEntry/UserDefined7' 

2020-07-16 13:48:22 - [MESSAGE][PASSED] - Object 'Object Repository/IWP30/Page_CCPaymentEntry/UserDefined8' is present

2020-07-16 13:48:23 - [MESSAGE][PASSED] - All options with label 'Tennis' are selected in object 'Object Repository/IWP30/Page_CCPaymentEntry/UserDefined8' 

2020-07-16 13:48:23 - [MESSAGE][PASSED] - Object 'Object Repository/IWP30/Page_CCPaymentEntry/Name' is present

2020-07-16 13:48:24 - [MESSAGE][PASSED] - Text 'Ayush Khuranna' is set on object 'Object Repository/IWP30/Page_CCPaymentEntry/Name'

2020-07-16 13:48:24 - [MESSAGE][PASSED] - Object 'Object Repository/IWP30/Page_CCPaymentEntry/CardNumber' is present

2020-07-16 13:48:25 - [MESSAGE][PASSED] - Text '370000000000002' is set on object 'Object Repository/IWP30/Page_CCPaymentEntry/CardNumber'

2020-07-16 13:48:25 - [MESSAGE][PASSED] - Object 'Object Repository/IWP30/Page_CCPaymentEntry/SPC' is present

2020-07-16 13:48:26 - [MESSAGE][PASSED] - Text '3698' is set on object 'Object Repository/IWP30/Page_CCPaymentEntry/SPC'

2020-07-16 13:48:26 - [MESSAGE][PASSED] - Object 'Object Repository/IWP30/Page_CCPaymentEntry/Month' is present

2020-07-16 13:48:27 - [MESSAGE][PASSED] - All options with label '08' are selected in object 'Object Repository/IWP30/Page_CCPaymentEntry/Month' 

2020-07-16 13:48:27 - [MESSAGE][PASSED] - Object 'Object Repository/IWP30/Page_CCPaymentEntry/Year' is present

2020-07-16 13:48:28 - [MESSAGE][PASSED] - All options with label '2027' are selected in object 'Object Repository/IWP30/Page_CCPaymentEntry/Year' 

2020-07-16 13:48:28 - [MESSAGE][PASSED] - Object 'Object Repository/IWP30/Page_CCPaymentEntry/ProcessDate' is present

2020-07-16 13:48:28 - [MESSAGE][PASSED] - Object 'Object Repository/IWP30/Page_CCPaymentEntry/AL1' is present

2020-07-16 13:48:29 - [MESSAGE][PASSED] - Text '44 Dadar road' is set on object 'Object Repository/IWP30/Page_CCPaymentEntry/AL1'

2020-07-16 13:48:29 - [MESSAGE][PASSED] - Object 'Object Repository/IWP30/Page_CCPaymentEntry/AL2' is present

2020-07-16 13:48:30 - [MESSAGE][PASSED] - Text 'House 63' is set on object 'Object Repository/IWP30/Page_CCPaymentEntry/AL2'

2020-07-16 13:48:30 - [MESSAGE][PASSED] - Object 'Object Repository/IWP30/Page_CCPaymentEntry/ZIP' is present

2020-07-16 13:48:31 - [MESSAGE][PASSED] - Text '21144' is set on object 'Object Repository/IWP30/Page_CCPaymentEntry/ZIP'

2020-07-16 13:48:31 - [MESSAGE][PASSED] - Object 'Object Repository/IWP30/Page_CCPaymentEntry/EmailAddress' is present

2020-07-16 13:48:32 - [MESSAGE][PASSED] - Text 'someone@gmail.com' is set on object 'Object Repository/IWP30/Page_CCPaymentEntry/EmailAddress'

2020-07-16 13:48:33 - [MESSAGE][PASSED] - Object 'Object Repository/IWP30/Page_CCPaymentEntry/TermCondCheckBox' is present

2020-07-16 13:48:33 - [MESSAGE][PASSED] - Object 'Object Repository/IWP30/Page_CCPaymentEntry/TermCondCheckBox' is checked

2020-07-16 13:48:33 - [MESSAGE][PASSED] - Object 'Object Repository/IWP30/Page_CCPaymentEntry/ContinueButton' is present

2020-07-16 13:48:34 - [MESSAGE][PASSED] - Object: 'Object Repository/IWP30/Page_CCPaymentEntry/ContinueButton' is clicked on

2020-07-16 13:48:34 - [MESSAGE][PASSED] - iwpPages.ccPaymentEntryPage.setDataCCPM is PASSED

2020-07-16 13:48:34 - [TEST_STEP][PASSED] - Amount = findTestData("VerifyUINoCFCCTestData").getValue("CCAmount", row): null

2020-07-16 13:48:34 - [TEST_STEP][PASSED] - UDF2 = findTestData("VerifyUINoCFCCTestData").getValue("CCUDF2", row): null

2020-07-16 13:48:34 - [TEST_STEP][PASSED] - UDF3 = findTestData("VerifyUINoCFCCTestData").getValue("CCUDF3", row): null

2020-07-16 13:48:34 - [TEST_STEP][PASSED] - UDF7 = findTestData("VerifyUINoCFCCTestData").getValue("CCUDF7", row): null

2020-07-16 13:48:34 - [TEST_STEP][PASSED] - UDF8 = findTestData("VerifyUINoCFCCTestData").getValue("CCUDF8", row): null

2020-07-16 13:48:34 - [TEST_STEP][PASSED] - CName = findTestData("VerifyUINoCFCCTestData").getValue("CCName", row): null

2020-07-16 13:48:35 - [TEST_STEP][PASSED] - CardType = findTestData("VerifyUINoCFCCTestData").getValue("VerCardType", row): null

2020-07-16 13:48:35 - [TEST_STEP][PASSED] - Last4 = findTestData("VerifyUINoCFCCTestData").getValue("VerLast4", row): null

2020-07-16 13:48:35 - [TEST_STEP][PASSED] - CExp = findTestData("VerifyUINoCFCCTestData").getValue("VerExp", row): null

2020-07-16 13:48:35 - [TEST_STEP][PASSED] - AL1 = findTestData("VerifyUINoCFCCTestData").getValue("CCAL1", row): null

2020-07-16 13:48:35 - [TEST_STEP][PASSED] - AL2 = findTestData("VerifyUINoCFCCTestData").getValue("CCAL2", row): null

2020-07-16 13:48:35 - [TEST_STEP][PASSED] - City = findTestData("VerifyUINoCFCCTestData").getValue("VerCity", row): null

2020-07-16 13:48:35 - [TEST_STEP][PASSED] - State = findTestData("VerifyUINoCFCCTestData").getValue("VerState", row): null

2020-07-16 13:48:35 - [TEST_STEP][PASSED] - CZIP = findTestData("VerifyUINoCFCCTestData").getValue("CCZIP", row): null

2020-07-16 13:48:35 - [TEST_STEP][PASSED] - Email = findTestData("VerifyUINoCFCCTestData").getValue("CCEmail", row): null

2020-07-16 13:48:35 - [TEST_STEP][PASSED] - State2 = findTestData("VerifyUINoCFCCTestData").getValue("VerState2", row): null

2020-07-16 13:48:35 - [TEST_STEP][PASSED] - CName2 = findTestData("VerifyUINoCFCCTestData").getValue("VerCCName", row): null

2020-07-16 13:48:35 - [TEST_STEP][PASSED] - verifyTextPresent("Please verify the following information", false): Text 'Please verify the following information' is present on page 

2020-07-16 13:48:35 - [MESSAGE][PASSED] - Text 'Please verify the following information' is present on page 

2020-07-16 13:48:35 - [TEST_STEP][PASSED] - verifyTextPresent("CAN Label", false): Text 'CAN Label' is present on page 

2020-07-16 13:48:35 - [MESSAGE][PASSED] - Text 'CAN Label' is present on page 

2020-07-16 13:48:35 - [TEST_STEP][PASSED] - verifyTextPresent("54654701", false): Text '54654701' is present on page 

2020-07-16 13:48:36 - [MESSAGE][PASSED] - Text '54654701' is present on page 

2020-07-16 13:48:36 - [TEST_STEP][PASSED] - verifyTextPresent("Tax Amount", false): Text 'Tax Amount' is present on page 

2020-07-16 13:48:36 - [MESSAGE][PASSED] - Text 'Tax Amount' is present on page 

2020-07-16 13:48:36 - [TEST_STEP][PASSED] - verifyTextPresent("$0.00", false): Text '$0.00' is present on page 

2020-07-16 13:48:36 - [MESSAGE][PASSED] - Text '$0.00' is present on page 

2020-07-16 13:48:36 - [TEST_STEP][PASSED] - verifyTextPresent("Amount", false): Text 'Amount' is present on page 

2020-07-16 13:48:37 - [MESSAGE][PASSED] - Text 'Amount' is present on page 

2020-07-16 13:48:37 - [TEST_STEP][PASSED] - verifyTextPresent(Amount, false): Text '33.50' is present on page 

2020-07-16 13:48:37 - [MESSAGE][PASSED] - Text '33.50' is present on page 

2020-07-16 13:48:37 - [TEST_STEP][PASSED] - verifyTextPresent("UDF2 Label", false): Text 'UDF2 Label' is present on page 

2020-07-16 13:48:37 - [MESSAGE][PASSED] - Text 'UDF2 Label' is present on page 

2020-07-16 13:48:37 - [TEST_STEP][PASSED] - verifyTextPresent(UDF2, false): Text 'Paani Da' is present on page 

2020-07-16 13:48:38 - [MESSAGE][PASSED] - Text 'Paani Da' is present on page 

2020-07-16 13:48:38 - [TEST_STEP][PASSED] - verifyTextPresent("UDF3 Label", false): Text 'UDF3 Label' is present on page 

2020-07-16 13:48:38 - [MESSAGE][PASSED] - Text 'UDF3 Label' is present on page 

2020-07-16 13:48:38 - [TEST_STEP][PASSED] - verifyTextPresent(UDF3, false): Text 'Andhadun' is present on page 

2020-07-16 13:48:39 - [MESSAGE][PASSED] - Text 'Andhadun' is present on page 

2020-07-16 13:48:39 - [TEST_STEP][PASSED] - verifyTextPresent("UDF4 Label", false): Text 'UDF4 Label' is present on page 

2020-07-16 13:48:39 - [MESSAGE][PASSED] - Text 'UDF4 Label' is present on page 

2020-07-16 13:48:39 - [TEST_STEP][PASSED] - verifyTextPresent("data 4", false): Text 'data 4' is present on page 

2020-07-16 13:48:39 - [MESSAGE][PASSED] - Text 'data 4' is present on page 

2020-07-16 13:48:39 - [TEST_STEP][PASSED] - verifyTextPresent("UDF6 Label", false): Text 'UDF6 Label' is present on page 

2020-07-16 13:48:40 - [MESSAGE][PASSED] - Text 'UDF6 Label' is present on page 

2020-07-16 13:48:40 - [TEST_STEP][PASSED] - verifyTextPresent("data 6", false): Text 'data 6' is present on page 

2020-07-16 13:48:40 - [MESSAGE][PASSED] - Text 'data 6' is present on page 

2020-07-16 13:48:40 - [TEST_STEP][PASSED] - verifyTextPresent("UDF7 Label", false): Text 'UDF7 Label' is present on page 

2020-07-16 13:48:40 - [MESSAGE][PASSED] - Text 'UDF7 Label' is present on page 

2020-07-16 13:48:40 - [TEST_STEP][PASSED] - verifyTextPresent(UDF7, false): Text 'Orange' is present on page 

2020-07-16 13:48:41 - [MESSAGE][PASSED] - Text 'Orange' is present on page 

2020-07-16 13:48:41 - [TEST_STEP][PASSED] - verifyTextPresent("UDF8 Label", false): Text 'UDF8 Label' is present on page 

2020-07-16 13:48:41 - [MESSAGE][PASSED] - Text 'UDF8 Label' is present on page 

2020-07-16 13:48:41 - [TEST_STEP][PASSED] - verifyTextPresent(UDF8, false): Text 'Tennis' is present on page 

2020-07-16 13:48:41 - [MESSAGE][PASSED] - Text 'Tennis' is present on page 

2020-07-16 13:48:41 - [TEST_STEP][PASSED] - verifyTextPresent("UDF9 Label", false): Text 'UDF9 Label' is present on page 

2020-07-16 13:48:42 - [MESSAGE][PASSED] - Text 'UDF9 Label' is present on page 

2020-07-16 13:48:42 - [TEST_STEP][PASSED] - verifyTextPresent("data 9", false): Text 'data 9' is present on page 

2020-07-16 13:48:42 - [MESSAGE][PASSED] - Text 'data 9' is present on page 

2020-07-16 13:48:42 - [TEST_STEP][PASSED] - verifyTextPresent("Card information", false): Text 'Card information' is present on page 

2020-07-16 13:48:42 - [MESSAGE][PASSED] - Text 'Card information' is present on page 

2020-07-16 13:48:42 - [TEST_STEP][PASSED] - verifyTextPresent("Cardholder's Name", false): Text 'Cardholder's Name' is present on page 

2020-07-16 13:48:43 - [MESSAGE][PASSED] - Text 'Cardholder's Name' is present on page 

2020-07-16 13:48:43 - [TEST_STEP][PASSED] - verifyTextPresent(CName, false): Text 'Ayush Khuranna' is present on page 

2020-07-16 13:48:43 - [MESSAGE][PASSED] - Text 'Ayush Khuranna' is present on page 

2020-07-16 13:48:43 - [TEST_STEP][PASSED] - verifyTextPresent("Card Type", false): Text 'Card Type' is present on page 

2020-07-16 13:48:43 - [MESSAGE][PASSED] - Text 'Card Type' is present on page 

2020-07-16 13:48:43 - [TEST_STEP][PASSED] - verifyTextPresent(CardType, false): Text 'American Express' is present on page 

2020-07-16 13:48:44 - [MESSAGE][PASSED] - Text 'American Express' is present on page 

2020-07-16 13:48:44 - [TEST_STEP][PASSED] - verifyTextPresent("Card Number", false): Text 'Card Number' is present on page 

2020-07-16 13:48:44 - [MESSAGE][PASSED] - Text 'Card Number' is present on page 

2020-07-16 13:48:44 - [TEST_STEP][PASSED] - verifyTextPresent(Last4, false): Text '0002' is present on page 

2020-07-16 13:48:44 - [MESSAGE][PASSED] - Text '0002' is present on page 

2020-07-16 13:48:44 - [TEST_STEP][PASSED] - verifyTextPresent("Signature Panel Code", false): Text 'Signature Panel Code' is present on page 

2020-07-16 13:48:45 - [MESSAGE][PASSED] - Text 'Signature Panel Code' is present on page 

2020-07-16 13:48:45 - [TEST_STEP][PASSED] - verifyTextPresent("Expiration Date", false): Text 'Expiration Date' is present on page 

2020-07-16 13:48:45 - [MESSAGE][PASSED] - Text 'Expiration Date' is present on page 

2020-07-16 13:48:45 - [TEST_STEP][PASSED] - verifyTextPresent(CExp, false): Text '8/2027' is present on page 

2020-07-16 13:48:45 - [MESSAGE][PASSED] - Text '8/2027' is present on page 

2020-07-16 13:48:45 - [TEST_STEP][PASSED] - verifyTextPresent("Payment Date", false): Text 'Payment Date' is present on page 

2020-07-16 13:48:46 - [MESSAGE][PASSED] - Text 'Payment Date' is present on page 

2020-07-16 13:48:46 - [TEST_STEP][PASSED] - verifyTextPresent("Billing information", false): Text 'Billing information' is present on page 

2020-07-16 13:48:46 - [MESSAGE][PASSED] - Text 'Billing information' is present on page 

2020-07-16 13:48:46 - [TEST_STEP][PASSED] - verifyTextPresent("Address Line 1", false): Text 'Address Line 1' is present on page 

2020-07-16 13:48:46 - [MESSAGE][PASSED] - Text 'Address Line 1' is present on page 

2020-07-16 13:48:46 - [TEST_STEP][PASSED] - verifyTextPresent(AL1, false): Text '44 Dadar road' is present on page 

2020-07-16 13:48:47 - [MESSAGE][PASSED] - Text '44 Dadar road' is present on page 

2020-07-16 13:48:47 - [TEST_STEP][PASSED] - verifyTextPresent("Address Line 2", false): Text 'Address Line 2' is present on page 

2020-07-16 13:48:47 - [MESSAGE][PASSED] - Text 'Address Line 2' is present on page 

2020-07-16 13:48:47 - [TEST_STEP][PASSED] - verifyTextPresent(AL2, false): Text 'House 63' is present on page 

2020-07-16 13:48:48 - [MESSAGE][PASSED] - Text 'House 63' is present on page 

2020-07-16 13:48:48 - [TEST_STEP][PASSED] - verifyTextPresent("Country", false): Text 'Country' is present on page 

2020-07-16 13:48:48 - [MESSAGE][PASSED] - Text 'Country' is present on page 

2020-07-16 13:48:48 - [TEST_STEP][PASSED] - verifyTextPresent("United States", false): Text 'United States' is present on page 

2020-07-16 13:48:48 - [MESSAGE][PASSED] - Text 'United States' is present on page 

2020-07-16 13:48:48 - [TEST_STEP][PASSED] - verifyTextPresent("City", false): Text 'City' is present on page 

2020-07-16 13:48:49 - [MESSAGE][PASSED] - Text 'City' is present on page 

2020-07-16 13:48:49 - [TEST_STEP][FAILED] - verifyTextPresent(City, false): Text 'CROFTON' is not present on page  (Root cause: com.kms.katalon.core.exception.StepFailedException: Text 'CROFTON' is not present on page 
	at com.kms.katalon.core.webui.keyword.internal.WebUIKeywordMain.stepFailed(WebUIKeywordMain.groovy:64)
	at com.kms.katalon.core.webui.keyword.builtin.VerifyTextPresentKeyword$_verifyTextPresent_closure1.doCall(VerifyTextPresentKeyword.groovy:79)
	at com.kms.katalon.core.webui.keyword.builtin.VerifyTextPresentKeyword$_verifyTextPresent_closure1.call(VerifyTextPresentKeyword.groovy)
	at com.kms.katalon.core.webui.keyword.internal.WebUIKeywordMain.runKeyword(WebUIKeywordMain.groovy:20)
	at com.kms.katalon.core.webui.keyword.builtin.VerifyTextPresentKeyword.verifyTextPresent(VerifyTextPresentKeyword.groovy:83)
	at com.kms.katalon.core.webui.keyword.builtin.VerifyTextPresentKeyword.execute(VerifyTextPresentKeyword.groovy:68)
	at com.kms.katalon.core.keyword.internal.KeywordExecutor.executeKeywordForPlatform(KeywordExecutor.groovy:72)
	at com.kms.katalon.core.webui.keyword.WebUiBuiltInKeywords.verifyTextPresent(WebUiBuiltInKeywords.groovy:1719)
	at com.kms.katalon.core.webui.keyword.WebUiBuiltInKeywords$verifyTextPresent$6.call(Unknown Source)
	at VerifyUINoCFCC.run(VerifyUINoCFCC:255)
	at com.kms.katalon.core.main.ScriptEngine.run(ScriptEngine.java:194)
	at com.kms.katalon.core.main.ScriptEngine.runScriptAsRawText(ScriptEngine.java:119)
	at com.kms.katalon.core.main.TestCaseExecutor.runScript(TestCaseExecutor.java:337)
	at com.kms.katalon.core.main.TestCaseExecutor.doExecute(TestCaseExecutor.java:328)
	at com.kms.katalon.core.main.TestCaseExecutor.processExecutionPhase(TestCaseExecutor.java:307)
	at com.kms.katalon.core.main.TestCaseExecutor.accessMainPhase(TestCaseExecutor.java:299)
	at com.kms.katalon.core.main.TestCaseExecutor.execute(TestCaseExecutor.java:233)
	at com.kms.katalon.core.main.TestSuiteExecutor.accessTestCaseMainPhase(TestSuiteExecutor.java:169)
	at com.kms.katalon.core.main.TestSuiteExecutor.accessTestSuiteMainPhase(TestSuiteExecutor.java:142)
	at com.kms.katalon.core.main.TestSuiteExecutor.execute(TestSuiteExecutor.java:91)
	at com.kms.katalon.core.main.TestCaseMain.startTestSuite(TestCaseMain.java:157)
	at com.kms.katalon.core.main.TestCaseMain$startTestSuite$0.call(Unknown Source)
	at TempTestSuite1594921366105.run(TempTestSuite1594921366105.groovy:37)
)

2020-07-16 13:48:49 - [MESSAGE][FAILED] - Text 'CROFTON' is not present on page  (Root cause: com.kms.katalon.core.exception.StepFailedException: Text 'CROFTON' is not present on page 
	at com.kms.katalon.core.webui.keyword.internal.WebUIKeywordMain.stepFailed(WebUIKeywordMain.groovy:64)
	at com.kms.katalon.core.webui.keyword.builtin.VerifyTextPresentKeyword$_verifyTextPresent_closure1.doCall(VerifyTextPresentKeyword.groovy:79)
	at com.kms.katalon.core.webui.keyword.builtin.VerifyTextPresentKeyword$_verifyTextPresent_closure1.call(VerifyTextPresentKeyword.groovy)
	at com.kms.katalon.core.webui.keyword.internal.WebUIKeywordMain.runKeyword(WebUIKeywordMain.groovy:20)
	at com.kms.katalon.core.webui.keyword.builtin.VerifyTextPresentKeyword.verifyTextPresent(VerifyTextPresentKeyword.groovy:83)
	at com.kms.katalon.core.webui.keyword.builtin.VerifyTextPresentKeyword.execute(VerifyTextPresentKeyword.groovy:68)
	at com.kms.katalon.core.keyword.internal.KeywordExecutor.executeKeywordForPlatform(KeywordExecutor.groovy:72)
	at com.kms.katalon.core.webui.keyword.WebUiBuiltInKeywords.verifyTextPresent(WebUiBuiltInKeywords.groovy:1719)
	at com.kms.katalon.core.webui.keyword.WebUiBuiltInKeywords$verifyTextPresent$6.call(Unknown Source)
	at VerifyUINoCFCC.run(VerifyUINoCFCC:255)
	at com.kms.katalon.core.main.ScriptEngine.run(ScriptEngine.java:194)
	at com.kms.katalon.core.main.ScriptEngine.runScriptAsRawText(ScriptEngine.java:119)
	at com.kms.katalon.core.main.TestCaseExecutor.runScript(TestCaseExecutor.java:337)
	at com.kms.katalon.core.main.TestCaseExecutor.doExecute(TestCaseExecutor.java:328)
	at com.kms.katalon.core.main.TestCaseExecutor.processExecutionPhase(TestCaseExecutor.java:307)
	at com.kms.katalon.core.main.TestCaseExecutor.accessMainPhase(TestCaseExecutor.java:299)
	at com.kms.katalon.core.main.TestCaseExecutor.execute(TestCaseExecutor.java:233)
	at com.kms.katalon.core.main.TestSuiteExecutor.accessTestCaseMainPhase(TestSuiteExecutor.java:169)
	at com.kms.katalon.core.main.TestSuiteExecutor.accessTestSuiteMainPhase(TestSuiteExecutor.java:142)
	at com.kms.katalon.core.main.TestSuiteExecutor.execute(TestSuiteExecutor.java:91)
	at com.kms.katalon.core.main.TestCaseMain.startTestSuite(TestCaseMain.java:157)
	at com.kms.katalon.core.main.TestCaseMain$startTestSuite$0.call(Unknown Source)
	at TempTestSuite1594921366105.run(TempTestSuite1594921366105.groovy:37)
)

2020-07-16 13:48:49 - [TEST_STEP][PASSED] - verifyTextPresent("State", false): Text 'State' is present on page 

2020-07-16 13:48:49 - [MESSAGE][PASSED] - Text 'State' is present on page 

2020-07-16 13:48:49 - [TEST_STEP][PASSED] - verifyTextPresent(State, false): Text 'Maryland' is present on page 

2020-07-16 13:48:50 - [MESSAGE][PASSED] - Text 'Maryland' is present on page 

2020-07-16 13:48:50 - [TEST_STEP][PASSED] - verifyTextPresent("ZIP Code", false): Text 'ZIP Code' is present on page 

2020-07-16 13:48:50 - [MESSAGE][PASSED] - Text 'ZIP Code' is present on page 

2020-07-16 13:48:50 - [TEST_STEP][PASSED] - verifyTextPresent(CZIP, false): Text '21144' is present on page 

2020-07-16 13:48:50 - [MESSAGE][PASSED] - Text '21144' is present on page 

2020-07-16 13:48:50 - [TEST_STEP][PASSED] - verifyTextPresent("Email Address", false): Text 'Email Address' is present on page 

2020-07-16 13:48:51 - [MESSAGE][PASSED] - Text 'Email Address' is present on page 

2020-07-16 13:48:51 - [TEST_STEP][PASSED] - verifyTextPresent(Email, false): Text 'someone@gmail.com' is present on page 

2020-07-16 13:48:51 - [MESSAGE][PASSED] - Text 'someone@gmail.com' is present on page 

2020-07-16 13:48:51 - [TEST_STEP][PASSED] - verifyTextPresent("Is this information correct", false): Text 'Is this information correct' is present on page 

2020-07-16 13:48:51 - [MESSAGE][PASSED] - Text 'Is this information correct' is present on page 

2020-07-16 13:48:51 - [TEST_STEP][PASSED] - verifyTextPresent("These are CC Custom HTML", false): Text 'These are CC Custom HTML' is present on page 

2020-07-16 13:48:52 - [MESSAGE][PASSED] - Text 'These are CC Custom HTML' is present on page 

2020-07-16 13:48:52 - [TEST_STEP][PASSED] - verifyElementPresent(findTestObject("Object Repository/IWP30/Page_Confirmation/ChangePaymentMethodButton"), 30): Object 'Object Repository/IWP30/Page_Confirmation/ChangePaymentMethodButton' is present

2020-07-16 13:48:52 - [MESSAGE][PASSED] - Object 'Object Repository/IWP30/Page_Confirmation/ChangePaymentMethodButton' is present

2020-07-16 13:48:52 - [TEST_STEP][PASSED] - verifyElementPresent(findTestObject("Object Repository/IWP30/Page_Confirmation/ConfirmButton"), 30): Object 'Object Repository/IWP30/Page_Confirmation/ConfirmButton' is present

2020-07-16 13:48:52 - [MESSAGE][PASSED] - Object 'Object Repository/IWP30/Page_Confirmation/ConfirmButton' is present

2020-07-16 13:48:52 - [TEST_STEP][PASSED] - verifyElementPresent(findTestObject("Object Repository/IWP30/Page_Confirmation/ExitButton"), 30): Object 'Object Repository/IWP30/Page_Confirmation/ExitButton' is present

2020-07-16 13:48:53 - [MESSAGE][PASSED] - Object 'Object Repository/IWP30/Page_Confirmation/ExitButton' is present

2020-07-16 13:48:53 - [TEST_STEP][PASSED] - verifyElementPresent(findTestObject("Object Repository/IWP30/Page_Confirmation/ModifyButton"), 30): Object 'Object Repository/IWP30/Page_Confirmation/ModifyButton' is present

2020-07-16 13:48:53 - [MESSAGE][PASSED] - Object 'Object Repository/IWP30/Page_Confirmation/ModifyButton' is present

2020-07-16 13:48:53 - [TEST_STEP][PASSED] - click(findTestObject("Object Repository/IWP30/Page_Confirmation/ConfirmButton")): Object: 'Object Repository/IWP30/Page_Confirmation/ConfirmButton' is clicked on

2020-07-16 13:48:54 - [MESSAGE][PASSED] - Object: 'Object Repository/IWP30/Page_Confirmation/ConfirmButton' is clicked on

2020-07-16 13:48:54 - [TEST_STEP][PASSED] - Thread.sleep(10000): null

2020-07-16 13:49:04 - [TEST_STEP][PASSED] - verifyTextPresent("Successful Payment Receipt", false): Text 'Successful Payment Receipt' is present on page 

2020-07-16 13:49:04 - [MESSAGE][PASSED] - Text 'Successful Payment Receipt' is present on page 

2020-07-16 13:49:04 - [TEST_STEP][PASSED] - verifyTextPresent("Please print this receipt for your records", false): Text 'Please print this receipt for your records' is present on page 

2020-07-16 13:49:05 - [MESSAGE][PASSED] - Text 'Please print this receipt for your records' is present on page 

2020-07-16 13:49:05 - [TEST_STEP][PASSED] - verifyTextPresent("Remittance ID", false): Text 'Remittance ID' is present on page 

2020-07-16 13:49:05 - [MESSAGE][PASSED] - Text 'Remittance ID' is present on page 

2020-07-16 13:49:05 - [TEST_STEP][PASSED] - verifyTextPresent("CAN Label", false): Text 'CAN Label' is present on page 

2020-07-16 13:49:05 - [MESSAGE][PASSED] - Text 'CAN Label' is present on page 

2020-07-16 13:49:05 - [TEST_STEP][PASSED] - verifyTextPresent("54654701", false): Text '54654701' is present on page 

2020-07-16 13:49:06 - [MESSAGE][PASSED] - Text '54654701' is present on page 

2020-07-16 13:49:06 - [TEST_STEP][PASSED] - verifyTextPresent("Received", false): Text 'Received' is present on page 

2020-07-16 13:49:06 - [MESSAGE][PASSED] - Text 'Received' is present on page 

2020-07-16 13:49:06 - [TEST_STEP][PASSED] - verifyTextPresent("UDF1 Label", false): Text 'UDF1 Label' is present on page 

2020-07-16 13:49:06 - [MESSAGE][PASSED] - Text 'UDF1 Label' is present on page 

2020-07-16 13:49:06 - [TEST_STEP][PASSED] - verifyTextPresent("UDF2 Label", false): Text 'UDF2 Label' is present on page 

2020-07-16 13:49:07 - [MESSAGE][PASSED] - Text 'UDF2 Label' is present on page 

2020-07-16 13:49:07 - [TEST_STEP][PASSED] - verifyTextPresent(UDF2, false): Text 'Paani Da' is present on page 

2020-07-16 13:49:07 - [MESSAGE][PASSED] - Text 'Paani Da' is present on page 

2020-07-16 13:49:07 - [TEST_STEP][PASSED] - verifyTextPresent("UDF3 Label", false): Text 'UDF3 Label' is present on page 

2020-07-16 13:49:07 - [MESSAGE][PASSED] - Text 'UDF3 Label' is present on page 

2020-07-16 13:49:07 - [TEST_STEP][PASSED] - verifyTextPresent(UDF3, false): Text 'Andhadun' is present on page 

2020-07-16 13:49:08 - [MESSAGE][PASSED] - Text 'Andhadun' is present on page 

2020-07-16 13:49:08 - [TEST_STEP][PASSED] - verifyTextPresent("UDF4 Label", false): Text 'UDF4 Label' is present on page 

2020-07-16 13:49:08 - [MESSAGE][PASSED] - Text 'UDF4 Label' is present on page 

2020-07-16 13:49:08 - [TEST_STEP][PASSED] - verifyTextPresent("data 4", false): Text 'data 4' is present on page 

2020-07-16 13:49:08 - [MESSAGE][PASSED] - Text 'data 4' is present on page 

2020-07-16 13:49:08 - [TEST_STEP][PASSED] - verifyTextPresent("UDF6 Label", false): Text 'UDF6 Label' is present on page 

2020-07-16 13:49:09 - [MESSAGE][PASSED] - Text 'UDF6 Label' is present on page 

2020-07-16 13:49:09 - [TEST_STEP][PASSED] - verifyTextPresent("data 6", false): Text 'data 6' is present on page 

2020-07-16 13:49:09 - [MESSAGE][PASSED] - Text 'data 6' is present on page 

2020-07-16 13:49:09 - [TEST_STEP][PASSED] - verifyTextPresent("UDF7 Label", false): Text 'UDF7 Label' is present on page 

2020-07-16 13:49:09 - [MESSAGE][PASSED] - Text 'UDF7 Label' is present on page 

2020-07-16 13:49:09 - [TEST_STEP][PASSED] - verifyTextPresent(UDF7, false): Text 'Orange' is present on page 

2020-07-16 13:49:10 - [MESSAGE][PASSED] - Text 'Orange' is present on page 

2020-07-16 13:49:10 - [TEST_STEP][PASSED] - verifyTextPresent("UDF8 Label", false): Text 'UDF8 Label' is present on page 

2020-07-16 13:49:10 - [MESSAGE][PASSED] - Text 'UDF8 Label' is present on page 

2020-07-16 13:49:10 - [TEST_STEP][PASSED] - verifyTextPresent(UDF8, false): Text 'Tennis' is present on page 

2020-07-16 13:49:10 - [MESSAGE][PASSED] - Text 'Tennis' is present on page 

2020-07-16 13:49:10 - [TEST_STEP][PASSED] - verifyTextPresent("UDF9 Label", false): Text 'UDF9 Label' is present on page 

2020-07-16 13:49:11 - [MESSAGE][PASSED] - Text 'UDF9 Label' is present on page 

2020-07-16 13:49:11 - [TEST_STEP][PASSED] - verifyTextPresent("data 9", false): Text 'data 9' is present on page 

2020-07-16 13:49:11 - [MESSAGE][PASSED] - Text 'data 9' is present on page 

2020-07-16 13:49:11 - [TEST_STEP][PASSED] - verifyTextPresent("Tax Amount", false): Text 'Tax Amount' is present on page 

2020-07-16 13:49:11 - [MESSAGE][PASSED] - Text 'Tax Amount' is present on page 

2020-07-16 13:49:11 - [TEST_STEP][PASSED] - verifyTextPresent("$0.00", false): Text '$0.00' is present on page 

2020-07-16 13:49:12 - [MESSAGE][PASSED] - Text '$0.00' is present on page 

2020-07-16 13:49:12 - [TEST_STEP][PASSED] - verifyTextPresent("Amount", false): Text 'Amount' is present on page 

2020-07-16 13:49:12 - [MESSAGE][PASSED] - Text 'Amount' is present on page 

2020-07-16 13:49:12 - [TEST_STEP][PASSED] - verifyTextPresent(Amount, false): Text '33.50' is present on page 

2020-07-16 13:49:12 - [MESSAGE][PASSED] - Text '33.50' is present on page 

2020-07-16 13:49:12 - [TEST_STEP][PASSED] - verifyTextPresent("Transaction Type", false): Text 'Transaction Type' is present on page 

2020-07-16 13:49:12 - [MESSAGE][PASSED] - Text 'Transaction Type' is present on page 

2020-07-16 13:49:12 - [TEST_STEP][PASSED] - verifyTextPresent("Authorization and Capture", false): Text 'Authorization and Capture' is present on page 

2020-07-16 13:49:13 - [MESSAGE][PASSED] - Text 'Authorization and Capture' is present on page 

2020-07-16 13:49:13 - [TEST_STEP][PASSED] - verifyTextPresent("Card Information", false): Text 'Card Information' is present on page 

2020-07-16 13:49:13 - [MESSAGE][PASSED] - Text 'Card Information' is present on page 

2020-07-16 13:49:13 - [TEST_STEP][PASSED] - verifyTextPresent(CardType, false): Text 'American Express' is present on page 

2020-07-16 13:49:13 - [MESSAGE][PASSED] - Text 'American Express' is present on page 

2020-07-16 13:49:13 - [TEST_STEP][PASSED] - verifyTextPresent(CName2, false): Text 'AYUSH KHURANNA' is present on page 

2020-07-16 13:49:14 - [MESSAGE][PASSED] - Text 'AYUSH KHURANNA' is present on page 

2020-07-16 13:49:14 - [TEST_STEP][PASSED] - verifyTextPresent(Last4, false): Text '0002' is present on page 

2020-07-16 13:49:14 - [MESSAGE][PASSED] - Text '0002' is present on page 

2020-07-16 13:49:14 - [TEST_STEP][PASSED] - verifyTextPresent("Billing information", false): Text 'Billing information' is present on page 

2020-07-16 13:49:14 - [MESSAGE][PASSED] - Text 'Billing information' is present on page 

2020-07-16 13:49:14 - [TEST_STEP][PASSED] - verifyTextPresent("Address Line 1", false): Text 'Address Line 1' is present on page 

2020-07-16 13:49:15 - [MESSAGE][PASSED] - Text 'Address Line 1' is present on page 

2020-07-16 13:49:15 - [TEST_STEP][PASSED] - verifyTextPresent(AL1, false): Text '44 Dadar road' is present on page 

2020-07-16 13:49:15 - [MESSAGE][PASSED] - Text '44 Dadar road' is present on page 

2020-07-16 13:49:15 - [TEST_STEP][PASSED] - verifyTextPresent("Address Line 2", false): Text 'Address Line 2' is present on page 

2020-07-16 13:49:15 - [MESSAGE][PASSED] - Text 'Address Line 2' is present on page 

2020-07-16 13:49:15 - [TEST_STEP][PASSED] - verifyTextPresent(AL2, false): Text 'House 63' is present on page 

2020-07-16 13:49:16 - [MESSAGE][PASSED] - Text 'House 63' is present on page 

2020-07-16 13:49:16 - [TEST_STEP][PASSED] - verifyTextPresent("Country", false): Text 'Country' is present on page 

2020-07-16 13:49:16 - [MESSAGE][PASSED] - Text 'Country' is present on page 

2020-07-16 13:49:16 - [TEST_STEP][PASSED] - verifyTextPresent("United States", false): Text 'United States' is present on page 

2020-07-16 13:49:16 - [MESSAGE][PASSED] - Text 'United States' is present on page 

2020-07-16 13:49:16 - [TEST_STEP][PASSED] - verifyTextPresent("City", false): Text 'City' is present on page 

2020-07-16 13:49:17 - [MESSAGE][PASSED] - Text 'City' is present on page 

2020-07-16 13:49:17 - [TEST_STEP][FAILED] - verifyTextPresent(City, false): Text 'CROFTON' is not present on page  (Root cause: com.kms.katalon.core.exception.StepFailedException: Text 'CROFTON' is not present on page 
	at com.kms.katalon.core.webui.keyword.internal.WebUIKeywordMain.stepFailed(WebUIKeywordMain.groovy:64)
	at com.kms.katalon.core.webui.keyword.builtin.VerifyTextPresentKeyword$_verifyTextPresent_closure1.doCall(VerifyTextPresentKeyword.groovy:79)
	at com.kms.katalon.core.webui.keyword.builtin.VerifyTextPresentKeyword$_verifyTextPresent_closure1.call(VerifyTextPresentKeyword.groovy)
	at com.kms.katalon.core.webui.keyword.internal.WebUIKeywordMain.runKeyword(WebUIKeywordMain.groovy:20)
	at com.kms.katalon.core.webui.keyword.builtin.VerifyTextPresentKeyword.verifyTextPresent(VerifyTextPresentKeyword.groovy:83)
	at com.kms.katalon.core.webui.keyword.builtin.VerifyTextPresentKeyword.execute(VerifyTextPresentKeyword.groovy:68)
	at com.kms.katalon.core.keyword.internal.KeywordExecutor.executeKeywordForPlatform(KeywordExecutor.groovy:72)
	at com.kms.katalon.core.webui.keyword.WebUiBuiltInKeywords.verifyTextPresent(WebUiBuiltInKeywords.groovy:1719)
	at com.kms.katalon.core.webui.keyword.WebUiBuiltInKeywords$verifyTextPresent$6.call(Unknown Source)
	at VerifyUINoCFCC.run(VerifyUINoCFCC:350)
	at com.kms.katalon.core.main.ScriptEngine.run(ScriptEngine.java:194)
	at com.kms.katalon.core.main.ScriptEngine.runScriptAsRawText(ScriptEngine.java:119)
	at com.kms.katalon.core.main.TestCaseExecutor.runScript(TestCaseExecutor.java:337)
	at com.kms.katalon.core.main.TestCaseExecutor.doExecute(TestCaseExecutor.java:328)
	at com.kms.katalon.core.main.TestCaseExecutor.processExecutionPhase(TestCaseExecutor.java:307)
	at com.kms.katalon.core.main.TestCaseExecutor.accessMainPhase(TestCaseExecutor.java:299)
	at com.kms.katalon.core.main.TestCaseExecutor.execute(TestCaseExecutor.java:233)
	at com.kms.katalon.core.main.TestSuiteExecutor.accessTestCaseMainPhase(TestSuiteExecutor.java:169)
	at com.kms.katalon.core.main.TestSuiteExecutor.accessTestSuiteMainPhase(TestSuiteExecutor.java:142)
	at com.kms.katalon.core.main.TestSuiteExecutor.execute(TestSuiteExecutor.java:91)
	at com.kms.katalon.core.main.TestCaseMain.startTestSuite(TestCaseMain.java:157)
	at com.kms.katalon.core.main.TestCaseMain$startTestSuite$0.call(Unknown Source)
	at TempTestSuite1594921366105.run(TempTestSuite1594921366105.groovy:37)
)

2020-07-16 13:49:17 - [MESSAGE][FAILED] - Text 'CROFTON' is not present on page  (Root cause: com.kms.katalon.core.exception.StepFailedException: Text 'CROFTON' is not present on page 
	at com.kms.katalon.core.webui.keyword.internal.WebUIKeywordMain.stepFailed(WebUIKeywordMain.groovy:64)
	at com.kms.katalon.core.webui.keyword.builtin.VerifyTextPresentKeyword$_verifyTextPresent_closure1.doCall(VerifyTextPresentKeyword.groovy:79)
	at com.kms.katalon.core.webui.keyword.builtin.VerifyTextPresentKeyword$_verifyTextPresent_closure1.call(VerifyTextPresentKeyword.groovy)
	at com.kms.katalon.core.webui.keyword.internal.WebUIKeywordMain.runKeyword(WebUIKeywordMain.groovy:20)
	at com.kms.katalon.core.webui.keyword.builtin.VerifyTextPresentKeyword.verifyTextPresent(VerifyTextPresentKeyword.groovy:83)
	at com.kms.katalon.core.webui.keyword.builtin.VerifyTextPresentKeyword.execute(VerifyTextPresentKeyword.groovy:68)
	at com.kms.katalon.core.keyword.internal.KeywordExecutor.executeKeywordForPlatform(KeywordExecutor.groovy:72)
	at com.kms.katalon.core.webui.keyword.WebUiBuiltInKeywords.verifyTextPresent(WebUiBuiltInKeywords.groovy:1719)
	at com.kms.katalon.core.webui.keyword.WebUiBuiltInKeywords$verifyTextPresent$6.call(Unknown Source)
	at VerifyUINoCFCC.run(VerifyUINoCFCC:350)
	at com.kms.katalon.core.main.ScriptEngine.run(ScriptEngine.java:194)
	at com.kms.katalon.core.main.ScriptEngine.runScriptAsRawText(ScriptEngine.java:119)
	at com.kms.katalon.core.main.TestCaseExecutor.runScript(TestCaseExecutor.java:337)
	at com.kms.katalon.core.main.TestCaseExecutor.doExecute(TestCaseExecutor.java:328)
	at com.kms.katalon.core.main.TestCaseExecutor.processExecutionPhase(TestCaseExecutor.java:307)
	at com.kms.katalon.core.main.TestCaseExecutor.accessMainPhase(TestCaseExecutor.java:299)
	at com.kms.katalon.core.main.TestCaseExecutor.execute(TestCaseExecutor.java:233)
	at com.kms.katalon.core.main.TestSuiteExecutor.accessTestCaseMainPhase(TestSuiteExecutor.java:169)
	at com.kms.katalon.core.main.TestSuiteExecutor.accessTestSuiteMainPhase(TestSuiteExecutor.java:142)
	at com.kms.katalon.core.main.TestSuiteExecutor.execute(TestSuiteExecutor.java:91)
	at com.kms.katalon.core.main.TestCaseMain.startTestSuite(TestCaseMain.java:157)
	at com.kms.katalon.core.main.TestCaseMain$startTestSuite$0.call(Unknown Source)
	at TempTestSuite1594921366105.run(TempTestSuite1594921366105.groovy:37)
)

2020-07-16 13:49:17 - [TEST_STEP][PASSED] - verifyTextPresent("State", false): Text 'State' is present on page 

2020-07-16 13:49:17 - [MESSAGE][PASSED] - Text 'State' is present on page 

2020-07-16 13:49:17 - [TEST_STEP][PASSED] - verifyTextPresent(State2, false): Text 'MD' is present on page 

2020-07-16 13:49:18 - [MESSAGE][PASSED] - Text 'MD' is present on page 

2020-07-16 13:49:18 - [TEST_STEP][PASSED] - verifyTextPresent("ZIP Code", false): Text 'ZIP Code' is present on page 

2020-07-16 13:49:18 - [MESSAGE][PASSED] - Text 'ZIP Code' is present on page 

2020-07-16 13:49:18 - [TEST_STEP][PASSED] - verifyTextPresent(CZIP, false): Text '21144' is present on page 

2020-07-16 13:49:18 - [MESSAGE][PASSED] - Text '21144' is present on page 

2020-07-16 13:49:18 - [TEST_STEP][PASSED] - verifyElementPresent(findTestObject("Object Repository/IWP30/Page_Receipt/ExitButton"), 30): Object 'Object Repository/IWP30/Page_Receipt/ExitButton' is present

2020-07-16 13:49:19 - [MESSAGE][PASSED] - Object 'Object Repository/IWP30/Page_Receipt/ExitButton' is present

2020-07-16 13:49:19 - [TEST_STEP][PASSED] - closeBrowser(): Browser is closed

2020-07-16 13:49:19 - [MESSAGE][PASSED] - Browser is closed

2020-07-16 13:49:19 - [TEST_STEP][PASSED] - openBrowser(urlEmulator): Browser is opened with url: 'https://qa.velocitypayment.com/agency/config.do?action=editor'

2020-07-16 13:49:19 - [MESSAGE][INFO] - Starting 'Chrome' driver

2020-07-16 13:49:19 - [MESSAGE][INFO] - User set preference: ['acceptInsecureCerts', 'true']

2020-07-16 13:49:19 - [MESSAGE][INFO] - Action delay is set to 0 milliseconds

2020-07-16 13:49:24 - [MESSAGE][PASSED] - Browser is opened with url: 'https://qa.velocitypayment.com/agency/config.do?action=editor'

2020-07-16 13:49:24 - [TEST_STEP][PASSED] - maximizeWindow(): Current window maximized

2020-07-16 13:49:24 - [MESSAGE][PASSED] - Current window maximized

2020-07-16 13:49:24 - [TEST_STEP][PASSED] - iwpPages.emulatorIWP30.setDataEmulatorStandard(): iwpPages.emulatorIWP30.setDataEmulatorStandard is PASSED

2020-07-16 13:49:24 - [MESSAGE][PASSED] - Object 'Object Repository/IWP30/Page_VRelay30Emulator/Amount' is present

2020-07-16 13:49:25 - [MESSAGE][PASSED] - All options with value '3.0' are selected in object 'Object Repository/IWP30/Page_VRelay30Emulator/MV'  using regular expression

2020-07-16 13:49:26 - [MESSAGE][PASSED] - Text '10.50' is set on object 'Object Repository/IWP30/Page_VRelay30Emulator/Amount'

2020-07-16 13:49:27 - [MESSAGE][PASSED] - Text '54654701' is set on object 'Object Repository/IWP30/Page_VRelay30Emulator/CAN'

2020-07-16 13:49:27 - [MESSAGE][PASSED] - Text 'PayNow' is set on object 'Object Repository/IWP30/Page_VRelay30Emulator/Action'

2020-07-16 13:49:28 - [MESSAGE][PASSED] - Text 'en_US' is set on object 'Object Repository/IWP30/Page_VRelay30Emulator/Lang'

2020-07-16 13:49:28 - [MESSAGE][PASSED] - Text '' is set on object 'Object Repository/IWP30/Page_VRelay30Emulator/Fname'

2020-07-16 13:49:29 - [MESSAGE][PASSED] - Text '' is set on object 'Object Repository/IWP30/Page_VRelay30Emulator/Lname'

2020-07-16 13:49:30 - [MESSAGE][PASSED] - Text '' is set on object 'Object Repository/IWP30/Page_VRelay30Emulator/AL1'

2020-07-16 13:49:30 - [MESSAGE][PASSED] - Text '' is set on object 'Object Repository/IWP30/Page_VRelay30Emulator/AL2'

2020-07-16 13:49:31 - [MESSAGE][PASSED] - Text '' is set on object 'Object Repository/IWP30/Page_VRelay30Emulator/Country'

2020-07-16 13:49:31 - [MESSAGE][PASSED] - Text '' is set on object 'Object Repository/IWP30/Page_VRelay30Emulator/City'

2020-07-16 13:49:32 - [MESSAGE][PASSED] - Text '' is set on object 'Object Repository/IWP30/Page_VRelay30Emulator/State'

2020-07-16 13:49:33 - [MESSAGE][PASSED] - Text '' is set on object 'Object Repository/IWP30/Page_VRelay30Emulator/ZIP'

2020-07-16 13:49:33 - [MESSAGE][PASSED] - Text '' is set on object 'Object Repository/IWP30/Page_VRelay30Emulator/Order'

2020-07-16 13:49:34 - [MESSAGE][PASSED] - Text '' is set on object 'Object Repository/IWP30/Page_VRelay30Emulator/Company'

2020-07-16 13:49:35 - [MESSAGE][PASSED] - Text '' is set on object 'Object Repository/IWP30/Page_VRelay30Emulator/Email'

2020-07-16 13:49:36 - [MESSAGE][PASSED] - Text '' is set on object 'Object Repository/IWP30/Page_VRelay30Emulator/UDF1'

2020-07-16 13:49:36 - [MESSAGE][PASSED] - Text '' is set on object 'Object Repository/IWP30/Page_VRelay30Emulator/UDF2'

2020-07-16 13:49:37 - [MESSAGE][PASSED] - Text 'data 3' is set on object 'Object Repository/IWP30/Page_VRelay30Emulator/UDF3'

2020-07-16 13:49:38 - [MESSAGE][PASSED] - Text 'data 4' is set on object 'Object Repository/IWP30/Page_VRelay30Emulator/UDF4'

2020-07-16 13:49:38 - [MESSAGE][PASSED] - Text 'data 5' is set on object 'Object Repository/IWP30/Page_VRelay30Emulator/UDF5'

2020-07-16 13:49:39 - [MESSAGE][PASSED] - Text 'data 6' is set on object 'Object Repository/IWP30/Page_VRelay30Emulator/UDF6'

2020-07-16 13:49:40 - [MESSAGE][PASSED] - Text 'Orange' is set on object 'Object Repository/IWP30/Page_VRelay30Emulator/UDF7'

2020-07-16 13:49:40 - [MESSAGE][PASSED] - Text 'Soccer' is set on object 'Object Repository/IWP30/Page_VRelay30Emulator/UDF8'

2020-07-16 13:49:41 - [MESSAGE][PASSED] - Text 'data 9' is set on object 'Object Repository/IWP30/Page_VRelay30Emulator/UDF9'

2020-07-16 13:49:42 - [MESSAGE][PASSED] - Text 'data 10' is set on object 'Object Repository/IWP30/Page_VRelay30Emulator/UDF10'

2020-07-16 13:49:44 - [MESSAGE][PASSED] - Object: 'Object Repository/IWP30/Page_VRelay30Emulator/Submit' is clicked on

2020-07-16 13:49:50 - [MESSAGE][PASSED] - Browser is closed

2020-07-16 13:49:50 - [MESSAGE][PASSED] - iwpPages.emulatorIWP30.setDataEmulatorStandard is PASSED

2020-07-16 13:49:50 - [TEST_STEP][PASSED] - openBrowser(urlTestHarness): Browser is opened with url: 'https://dev-algorithm.govolution.com/vrelaytest/QA/version_2_2/vrelaytest.html'

2020-07-16 13:49:50 - [MESSAGE][INFO] - Starting 'Chrome' driver

2020-07-16 13:49:50 - [MESSAGE][INFO] - User set preference: ['acceptInsecureCerts', 'true']

2020-07-16 13:49:50 - [MESSAGE][INFO] - Action delay is set to 0 milliseconds

2020-07-16 13:49:54 - [MESSAGE][PASSED] - Browser is opened with url: 'https://dev-algorithm.govolution.com/vrelaytest/QA/version_2_2/vrelaytest.html'

2020-07-16 13:49:54 - [TEST_STEP][PASSED] - maximizeWindow(): Current window maximized

2020-07-16 13:49:54 - [MESSAGE][PASSED] - Current window maximized

2020-07-16 13:49:54 - [TEST_STEP][PASSED] - genRemIDVoid = RandomStringUtils.random(12, true, true): null

2020-07-16 13:49:54 - [TEST_STEP][PASSED] - if (verifyElementPresent(findTestObject("Object Repository/IWP30/Page_QATestHarness/RemittanceID"), 30)): null

2020-07-16 13:49:54 - [MESSAGE][PASSED] - Object 'Object Repository/IWP30/Page_QATestHarness/RemittanceID' is present

2020-07-16 13:49:54 - [TEST_STEP][PASSED] - println("We are on Test Harness page, start populating"): null

2020-07-16 13:49:54 - [TEST_STEP][PASSED] - setText(findTestObject("Object Repository/IWP30/Page_QATestHarness/ApplicationID"), "649"): Text '649' is set on object 'Object Repository/IWP30/Page_QATestHarness/ApplicationID'

2020-07-16 13:49:55 - [MESSAGE][PASSED] - Text '649' is set on object 'Object Repository/IWP30/Page_QATestHarness/ApplicationID'

2020-07-16 13:49:55 - [TEST_STEP][PASSED] - setText(findTestObject("Object Repository/IWP30/Page_QATestHarness/MessageVersion"), "3.0"): Text '3.0' is set on object 'Object Repository/IWP30/Page_QATestHarness/MessageVersion'

2020-07-16 13:49:55 - [MESSAGE][PASSED] - Text '3.0' is set on object 'Object Repository/IWP30/Page_QATestHarness/MessageVersion'

2020-07-16 13:49:55 - [TEST_STEP][PASSED] - setText(findTestObject("Object Repository/IWP30/Page_QATestHarness/RemittanceID"), genRemIDVoid): Text '9lZ71ly6HUAR' is set on object 'Object Repository/IWP30/Page_QATestHarness/RemittanceID'

2020-07-16 13:49:56 - [MESSAGE][PASSED] - Text '9lZ71ly6HUAR' is set on object 'Object Repository/IWP30/Page_QATestHarness/RemittanceID'

2020-07-16 13:49:56 - [TEST_STEP][PASSED] - click(findTestObject("Object Repository/IWP30/Page_QATestHarness/SubmitButton")): Object: 'Object Repository/IWP30/Page_QATestHarness/SubmitButton' is clicked on

2020-07-16 13:49:57 - [MESSAGE][PASSED] - Object: 'Object Repository/IWP30/Page_QATestHarness/SubmitButton' is clicked on

2020-07-16 13:49:57 - [TEST_STEP][PASSED] - verifyTextPresent("Select Payment Method", false): Text 'Select Payment Method' is present on page 

2020-07-16 13:49:58 - [MESSAGE][PASSED] - Text 'Select Payment Method' is present on page 

2020-07-16 13:49:58 - [TEST_STEP][PASSED] - verifyTextPresent("Please choose the method of payment", false): Text 'Please choose the method of payment' is present on page 

2020-07-16 13:49:58 - [MESSAGE][PASSED] - Text 'Please choose the method of payment' is present on page 

2020-07-16 13:49:58 - [TEST_STEP][PASSED] - verifyElementPresent(findTestObject("Object Repository/IWP30/Page_SelectPaymentMethod/PayByCreditCard"), 30): Object 'Object Repository/IWP30/Page_SelectPaymentMethod/PayByCreditCard' is present

2020-07-16 13:49:58 - [MESSAGE][PASSED] - Object 'Object Repository/IWP30/Page_SelectPaymentMethod/PayByCreditCard' is present

2020-07-16 13:49:58 - [TEST_STEP][PASSED] - verifyElementPresent(findTestObject("Object Repository/IWP30/Page_SelectPaymentMethod/PayByCorporateCheck"), 30): Object 'Object Repository/IWP30/Page_SelectPaymentMethod/PayByCorporateCheck' is present

2020-07-16 13:49:58 - [MESSAGE][PASSED] - Object 'Object Repository/IWP30/Page_SelectPaymentMethod/PayByCorporateCheck' is present

2020-07-16 13:49:58 - [TEST_STEP][PASSED] - verifyElementPresent(findTestObject("Object Repository/IWP30/Page_SelectPaymentMethod/PayByPersonalCheck"), 30): Object 'Object Repository/IWP30/Page_SelectPaymentMethod/PayByPersonalCheck' is present

2020-07-16 13:49:59 - [MESSAGE][PASSED] - Object 'Object Repository/IWP30/Page_SelectPaymentMethod/PayByPersonalCheck' is present

2020-07-16 13:49:59 - [TEST_STEP][PASSED] - verifyElementPresent(findTestObject("Object Repository/IWP30/Page_SelectPaymentMethod/ExitButton"), 30): Object 'Object Repository/IWP30/Page_SelectPaymentMethod/ExitButton' is present

2020-07-16 13:49:59 - [MESSAGE][PASSED] - Object 'Object Repository/IWP30/Page_SelectPaymentMethod/ExitButton' is present

2020-07-16 13:49:59 - [TEST_STEP][PASSED] - if (verifyElementPresent(findTestObject("Object Repository/IWP30/Page_SelectPaymentMethod/PayByCreditCard"), 30)): null

2020-07-16 13:49:59 - [MESSAGE][PASSED] - Object 'Object Repository/IWP30/Page_SelectPaymentMethod/PayByCreditCard' is present

2020-07-16 13:49:59 - [TEST_STEP][PASSED] - println("We are on Select Payment Method page, start populating"): null

2020-07-16 13:49:59 - [TEST_STEP][PASSED] - check(findTestObject("Object Repository/IWP30/Page_SelectPaymentMethod/PayByCreditCard")): Object 'Object Repository/IWP30/Page_SelectPaymentMethod/PayByCreditCard' is checked

2020-07-16 13:50:00 - [MESSAGE][PASSED] - Object 'Object Repository/IWP30/Page_SelectPaymentMethod/PayByCreditCard' is checked

2020-07-16 13:50:00 - [TEST_STEP][PASSED] - Thread.sleep(1000): null

2020-07-16 13:50:01 - [TEST_STEP][PASSED] - click(findTestObject("Object Repository/IWP30/Page_SelectPaymentMethod/MakePaymentButton")): Object: 'Object Repository/IWP30/Page_SelectPaymentMethod/MakePaymentButton' is clicked on

2020-07-16 13:50:02 - [MESSAGE][PASSED] - Object: 'Object Repository/IWP30/Page_SelectPaymentMethod/MakePaymentButton' is clicked on

2020-07-16 13:50:02 - [TEST_STEP][PASSED] - verifyTextPresent("Required fields are highlighted with an asterisk", false): Text 'Required fields are highlighted with an asterisk' is present on page 

2020-07-16 13:50:02 - [MESSAGE][PASSED] - Text 'Required fields are highlighted with an asterisk' is present on page 

2020-07-16 13:50:02 - [TEST_STEP][PASSED] - verifyTextPresent("Please enter the following information about your payment", false): Text 'Please enter the following information about your payment' is present on page 

2020-07-16 13:50:03 - [MESSAGE][PASSED] - Text 'Please enter the following information about your payment' is present on page 

2020-07-16 13:50:03 - [TEST_STEP][PASSED] - verifyTextPresent("CAN Label", false): Text 'CAN Label' is present on page 

2020-07-16 13:50:03 - [MESSAGE][PASSED] - Text 'CAN Label' is present on page 

2020-07-16 13:50:03 - [TEST_STEP][PASSED] - verifyTextPresent("Tax Amount", false): Text 'Tax Amount' is present on page 

2020-07-16 13:50:04 - [MESSAGE][PASSED] - Text 'Tax Amount' is present on page 

2020-07-16 13:50:04 - [TEST_STEP][PASSED] - verifyTextPresent("Amount", false): Text 'Amount' is present on page 

2020-07-16 13:50:04 - [MESSAGE][PASSED] - Text 'Amount' is present on page 

2020-07-16 13:50:04 - [TEST_STEP][PASSED] - verifyTextPresent("UDF1 Label", false): Text 'UDF1 Label' is present on page 

2020-07-16 13:50:04 - [MESSAGE][PASSED] - Text 'UDF1 Label' is present on page 

2020-07-16 13:50:04 - [TEST_STEP][PASSED] - verifyTextPresent("UDF2 Label", false): Text 'UDF2 Label' is present on page 

2020-07-16 13:50:05 - [MESSAGE][PASSED] - Text 'UDF2 Label' is present on page 

2020-07-16 13:50:05 - [TEST_STEP][PASSED] - verifyTextPresent("UDF3 Label", false): Text 'UDF3 Label' is present on page 

2020-07-16 13:50:05 - [MESSAGE][PASSED] - Text 'UDF3 Label' is present on page 

2020-07-16 13:50:05 - [TEST_STEP][PASSED] - verifyTextPresent("UDF4 Label", false): Text 'UDF4 Label' is present on page 

2020-07-16 13:50:06 - [MESSAGE][PASSED] - Text 'UDF4 Label' is present on page 

2020-07-16 13:50:06 - [TEST_STEP][PASSED] - verifyTextPresent("UDF6 Label", false): Text 'UDF6 Label' is present on page 

2020-07-16 13:50:06 - [MESSAGE][PASSED] - Text 'UDF6 Label' is present on page 

2020-07-16 13:50:06 - [TEST_STEP][PASSED] - verifyTextPresent("UDF7 Label", false): Text 'UDF7 Label' is present on page 

2020-07-16 13:50:06 - [MESSAGE][PASSED] - Text 'UDF7 Label' is present on page 

2020-07-16 13:50:06 - [TEST_STEP][PASSED] - verifyTextPresent("UDF8 Label", false): Text 'UDF8 Label' is present on page 

2020-07-16 13:50:07 - [MESSAGE][PASSED] - Text 'UDF8 Label' is present on page 

2020-07-16 13:50:07 - [TEST_STEP][PASSED] - verifyTextPresent("UDF9 Label", false): Text 'UDF9 Label' is present on page 

2020-07-16 13:50:07 - [MESSAGE][PASSED] - Text 'UDF9 Label' is present on page 

2020-07-16 13:50:07 - [TEST_STEP][PASSED] - verifyTextPresent("Please enter the following information about your payment method", false): Text 'Please enter the following information about your payment method' is present on page 

2020-07-16 13:50:08 - [MESSAGE][PASSED] - Text 'Please enter the following information about your payment method' is present on page 

2020-07-16 13:50:08 - [TEST_STEP][PASSED] - verifyTextPresent("Cardholder's Name", false): Text 'Cardholder's Name' is present on page 

2020-07-16 13:50:08 - [MESSAGE][PASSED] - Text 'Cardholder's Name' is present on page 

2020-07-16 13:50:08 - [TEST_STEP][PASSED] - verifyTextPresent("Cards Accepted", false): Text 'Cards Accepted' is present on page 

2020-07-16 13:50:09 - [MESSAGE][PASSED] - Text 'Cards Accepted' is present on page 

2020-07-16 13:50:09 - [TEST_STEP][PASSED] - verifyTextPresent("Card Number", false): Text 'Card Number' is present on page 

2020-07-16 13:50:09 - [MESSAGE][PASSED] - Text 'Card Number' is present on page 

2020-07-16 13:50:09 - [TEST_STEP][PASSED] - verifyTextPresent("Signature Panel Code", false): Text 'Signature Panel Code' is present on page 

2020-07-16 13:50:09 - [MESSAGE][PASSED] - Text 'Signature Panel Code' is present on page 

2020-07-16 13:50:09 - [TEST_STEP][PASSED] - verifyTextPresent("Expiration Date", false): Text 'Expiration Date' is present on page 

2020-07-16 13:50:10 - [MESSAGE][PASSED] - Text 'Expiration Date' is present on page 

2020-07-16 13:50:10 - [TEST_STEP][PASSED] - verifyTextPresent("Payment Date", false): Text 'Payment Date' is present on page 

2020-07-16 13:50:10 - [MESSAGE][PASSED] - Text 'Payment Date' is present on page 

2020-07-16 13:50:10 - [TEST_STEP][PASSED] - verifyTextPresent("Billing information", false): Text 'Billing information' is present on page 

2020-07-16 13:50:11 - [MESSAGE][PASSED] - Text 'Billing information' is present on page 

2020-07-16 13:50:11 - [TEST_STEP][PASSED] - verifyTextPresent("Address Line 1", false): Text 'Address Line 1' is present on page 

2020-07-16 13:50:11 - [MESSAGE][PASSED] - Text 'Address Line 1' is present on page 

2020-07-16 13:50:11 - [TEST_STEP][PASSED] - verifyTextPresent("Address Line 2", false): Text 'Address Line 2' is present on page 

2020-07-16 13:50:12 - [MESSAGE][PASSED] - Text 'Address Line 2' is present on page 

2020-07-16 13:50:12 - [TEST_STEP][PASSED] - verifyTextPresent("Country", false): Text 'Country' is present on page 

2020-07-16 13:50:12 - [MESSAGE][PASSED] - Text 'Country' is present on page 

2020-07-16 13:50:12 - [TEST_STEP][PASSED] - verifyTextPresent("ZIP Code", false): Text 'ZIP Code' is present on page 

2020-07-16 13:50:12 - [MESSAGE][PASSED] - Text 'ZIP Code' is present on page 

2020-07-16 13:50:12 - [TEST_STEP][PASSED] - verifyTextPresent("City", false): Text 'City' is present on page 

2020-07-16 13:50:13 - [MESSAGE][PASSED] - Text 'City' is present on page 

2020-07-16 13:50:13 - [TEST_STEP][PASSED] - verifyTextPresent("State", false): Text 'State' is present on page 

2020-07-16 13:50:13 - [MESSAGE][PASSED] - Text 'State' is present on page 

2020-07-16 13:50:13 - [TEST_STEP][PASSED] - verifyTextPresent("Receipt information", false): Text 'Receipt information' is present on page 

2020-07-16 13:50:14 - [MESSAGE][PASSED] - Text 'Receipt information' is present on page 

2020-07-16 13:50:14 - [TEST_STEP][PASSED] - verifyTextPresent("Email Address", false): Text 'Email Address' is present on page 

2020-07-16 13:50:14 - [MESSAGE][PASSED] - Text 'Email Address' is present on page 

2020-07-16 13:50:14 - [TEST_STEP][PASSED] - verifyTextPresent("Please check here to store the payment method for future use", false): Text 'Please check here to store the payment method for future use' is present on page 

2020-07-16 13:50:14 - [MESSAGE][PASSED] - Text 'Please check here to store the payment method for future use' is present on page 

2020-07-16 13:50:14 - [TEST_STEP][PASSED] - verifyTextPresent("These are Customer CC Terms", false): Text 'These are Customer CC Terms' is present on page 

2020-07-16 13:50:15 - [MESSAGE][PASSED] - Text 'These are Customer CC Terms' is present on page 

2020-07-16 13:50:15 - [TEST_STEP][PASSED] - verifyTextPresent("These are CC Custom HTML", false): Text 'These are CC Custom HTML' is present on page 

2020-07-16 13:50:15 - [MESSAGE][PASSED] - Text 'These are CC Custom HTML' is present on page 

2020-07-16 13:50:15 - [TEST_STEP][PASSED] - verifyTextPresent("54654701", false): Text '54654701' is present on page 

2020-07-16 13:50:16 - [MESSAGE][PASSED] - Text '54654701' is present on page 

2020-07-16 13:50:16 - [TEST_STEP][PASSED] - verifyTextPresent("data 4", false): Text 'data 4' is present on page 

2020-07-16 13:50:16 - [MESSAGE][PASSED] - Text 'data 4' is present on page 

2020-07-16 13:50:16 - [TEST_STEP][PASSED] - verifyTextPresent("data 6", false): Text 'data 6' is present on page 

2020-07-16 13:50:17 - [MESSAGE][PASSED] - Text 'data 6' is present on page 

2020-07-16 13:50:17 - [TEST_STEP][PASSED] - verifyTextPresent("data 9", false): Text 'data 9' is present on page 

2020-07-16 13:50:17 - [MESSAGE][PASSED] - Text 'data 9' is present on page 

2020-07-16 13:50:17 - [TEST_STEP][PASSED] - verifyTextNotPresent("UDF5 Label", false): Text 'UDF5 Label' is not present on page

2020-07-16 13:50:17 - [MESSAGE][PASSED] - Text 'UDF5 Label' is not present on page

2020-07-16 13:50:17 - [TEST_STEP][PASSED] - verifyTextNotPresent("UDF10 Label", false): Text 'UDF10 Label' is not present on page

2020-07-16 13:50:18 - [MESSAGE][PASSED] - Text 'UDF10 Label' is not present on page

2020-07-16 13:50:18 - [TEST_STEP][PASSED] - verifyElementPresent(findTestObject("Object Repository/IWP30/Page_CCPaymentEntry/Amount"), 30): Object 'Object Repository/IWP30/Page_CCPaymentEntry/Amount' is present

2020-07-16 13:50:18 - [MESSAGE][PASSED] - Object 'Object Repository/IWP30/Page_CCPaymentEntry/Amount' is present

2020-07-16 13:50:18 - [TEST_STEP][PASSED] - verifyElementPresent(findTestObject("Object Repository/IWP30/Page_CCPaymentEntry/UserDefined2"), 30): Object 'Object Repository/IWP30/Page_CCPaymentEntry/UserDefined2' is present

2020-07-16 13:50:18 - [MESSAGE][PASSED] - Object 'Object Repository/IWP30/Page_CCPaymentEntry/UserDefined2' is present

2020-07-16 13:50:18 - [TEST_STEP][PASSED] - verifyElementPresent(findTestObject("Object Repository/IWP30/Page_CCPaymentEntry/UserDefined3"), 30): Object 'Object Repository/IWP30/Page_CCPaymentEntry/UserDefined3' is present

2020-07-16 13:50:19 - [MESSAGE][PASSED] - Object 'Object Repository/IWP30/Page_CCPaymentEntry/UserDefined3' is present

2020-07-16 13:50:19 - [TEST_STEP][PASSED] - verifyElementPresent(findTestObject("Object Repository/IWP30/Page_CCPaymentEntry/UserDefined7"), 30): Object 'Object Repository/IWP30/Page_CCPaymentEntry/UserDefined7' is present

2020-07-16 13:50:19 - [MESSAGE][PASSED] - Object 'Object Repository/IWP30/Page_CCPaymentEntry/UserDefined7' is present

2020-07-16 13:50:19 - [TEST_STEP][PASSED] - verifyElementPresent(findTestObject("Object Repository/IWP30/Page_CCPaymentEntry/UserDefined8"), 30): Object 'Object Repository/IWP30/Page_CCPaymentEntry/UserDefined8' is present

2020-07-16 13:50:19 - [MESSAGE][PASSED] - Object 'Object Repository/IWP30/Page_CCPaymentEntry/UserDefined8' is present

2020-07-16 13:50:19 - [TEST_STEP][PASSED] - verifyElementPresent(findTestObject("Object Repository/IWP30/Page_CCPaymentEntry/Name"), 30): Object 'Object Repository/IWP30/Page_CCPaymentEntry/Name' is present

2020-07-16 13:50:20 - [MESSAGE][PASSED] - Object 'Object Repository/IWP30/Page_CCPaymentEntry/Name' is present

2020-07-16 13:50:20 - [TEST_STEP][PASSED] - verifyElementPresent(findTestObject("Object Repository/IWP30/Page_CCPaymentEntry/CardNumber"), 30): Object 'Object Repository/IWP30/Page_CCPaymentEntry/CardNumber' is present

2020-07-16 13:50:20 - [MESSAGE][PASSED] - Object 'Object Repository/IWP30/Page_CCPaymentEntry/CardNumber' is present

2020-07-16 13:50:20 - [TEST_STEP][PASSED] - verifyElementPresent(findTestObject("Object Repository/IWP30/Page_CCPaymentEntry/SPC"), 30): Object 'Object Repository/IWP30/Page_CCPaymentEntry/SPC' is present

2020-07-16 13:50:20 - [MESSAGE][PASSED] - Object 'Object Repository/IWP30/Page_CCPaymentEntry/SPC' is present

2020-07-16 13:50:20 - [TEST_STEP][PASSED] - verifyElementPresent(findTestObject("Object Repository/IWP30/Page_CCPaymentEntry/Month"), 30): Object 'Object Repository/IWP30/Page_CCPaymentEntry/Month' is present

2020-07-16 13:50:21 - [MESSAGE][PASSED] - Object 'Object Repository/IWP30/Page_CCPaymentEntry/Month' is present

2020-07-16 13:50:21 - [TEST_STEP][PASSED] - verifyElementPresent(findTestObject("Object Repository/IWP30/Page_CCPaymentEntry/Year"), 30): Object 'Object Repository/IWP30/Page_CCPaymentEntry/Year' is present

2020-07-16 13:50:21 - [MESSAGE][PASSED] - Object 'Object Repository/IWP30/Page_CCPaymentEntry/Year' is present

2020-07-16 13:50:21 - [TEST_STEP][PASSED] - verifyElementPresent(findTestObject("Object Repository/IWP30/Page_CCPaymentEntry/ProcessDate"), 30): Object 'Object Repository/IWP30/Page_CCPaymentEntry/ProcessDate' is present

2020-07-16 13:50:21 - [MESSAGE][PASSED] - Object 'Object Repository/IWP30/Page_CCPaymentEntry/ProcessDate' is present

2020-07-16 13:50:21 - [TEST_STEP][PASSED] - verifyElementPresent(findTestObject("Object Repository/IWP30/Page_CCPaymentEntry/AL1"), 30): Object 'Object Repository/IWP30/Page_CCPaymentEntry/AL1' is present

2020-07-16 13:50:21 - [MESSAGE][PASSED] - Object 'Object Repository/IWP30/Page_CCPaymentEntry/AL1' is present

2020-07-16 13:50:21 - [TEST_STEP][PASSED] - verifyElementPresent(findTestObject("Object Repository/IWP30/Page_CCPaymentEntry/AL2"), 30): Object 'Object Repository/IWP30/Page_CCPaymentEntry/AL2' is present

2020-07-16 13:50:22 - [MESSAGE][PASSED] - Object 'Object Repository/IWP30/Page_CCPaymentEntry/AL2' is present

2020-07-16 13:50:22 - [TEST_STEP][PASSED] - verifyElementPresent(findTestObject("Object Repository/IWP30/Page_CCPaymentEntry/CountryDropDown"), 30): Object 'Object Repository/IWP30/Page_CCPaymentEntry/CountryDropDown' is present

2020-07-16 13:50:22 - [MESSAGE][PASSED] - Object 'Object Repository/IWP30/Page_CCPaymentEntry/CountryDropDown' is present

2020-07-16 13:50:22 - [TEST_STEP][PASSED] - verifyElementPresent(findTestObject("Object Repository/IWP30/Page_CCPaymentEntry/ZIP"), 30): Object 'Object Repository/IWP30/Page_CCPaymentEntry/ZIP' is present

2020-07-16 13:50:22 - [MESSAGE][PASSED] - Object 'Object Repository/IWP30/Page_CCPaymentEntry/ZIP' is present

2020-07-16 13:50:22 - [TEST_STEP][PASSED] - verifyElementPresent(findTestObject("Object Repository/IWP30/Page_CCPaymentEntry/City"), 30): Object 'Object Repository/IWP30/Page_CCPaymentEntry/City' is present

2020-07-16 13:50:23 - [MESSAGE][PASSED] - Object 'Object Repository/IWP30/Page_CCPaymentEntry/City' is present

2020-07-16 13:50:23 - [TEST_STEP][PASSED] - verifyElementPresent(findTestObject("Object Repository/IWP30/Page_CCPaymentEntry/State"), 30): Object 'Object Repository/IWP30/Page_CCPaymentEntry/State' is present

2020-07-16 13:50:23 - [MESSAGE][PASSED] - Object 'Object Repository/IWP30/Page_CCPaymentEntry/State' is present

2020-07-16 13:50:23 - [TEST_STEP][PASSED] - verifyElementPresent(findTestObject("Object Repository/IWP30/Page_CCPaymentEntry/EmailAddress"), 30): Object 'Object Repository/IWP30/Page_CCPaymentEntry/EmailAddress' is present

2020-07-16 13:50:23 - [MESSAGE][PASSED] - Object 'Object Repository/IWP30/Page_CCPaymentEntry/EmailAddress' is present

2020-07-16 13:50:23 - [TEST_STEP][PASSED] - verifyElementPresent(findTestObject("Object Repository/IWP30/Page_CCPaymentEntry/StorePaymentMethodCheckBox"), 30): Object 'Object Repository/IWP30/Page_CCPaymentEntry/StorePaymentMethodCheckBox' is present

2020-07-16 13:50:24 - [MESSAGE][PASSED] - Object 'Object Repository/IWP30/Page_CCPaymentEntry/StorePaymentMethodCheckBox' is present

2020-07-16 13:50:24 - [TEST_STEP][PASSED] - verifyElementPresent(findTestObject("Object Repository/IWP30/Page_CCPaymentEntry/TermCondCheckBox"), 30): Object 'Object Repository/IWP30/Page_CCPaymentEntry/TermCondCheckBox' is present

2020-07-16 13:50:24 - [MESSAGE][PASSED] - Object 'Object Repository/IWP30/Page_CCPaymentEntry/TermCondCheckBox' is present

2020-07-16 13:50:24 - [TEST_STEP][PASSED] - verifyElementPresent(findTestObject("Object Repository/IWP30/Page_CCPaymentEntry/ContinueButton"), 30): Object 'Object Repository/IWP30/Page_CCPaymentEntry/ContinueButton' is present

2020-07-16 13:50:24 - [MESSAGE][PASSED] - Object 'Object Repository/IWP30/Page_CCPaymentEntry/ContinueButton' is present

2020-07-16 13:50:24 - [TEST_STEP][PASSED] - verifyElementPresent(findTestObject("Object Repository/IWP30/Page_CCPaymentEntry/ChangePaymentMethodButton"), 30): Object 'Object Repository/IWP30/Page_CCPaymentEntry/ChangePaymentMethodButton' is present

2020-07-16 13:50:25 - [MESSAGE][PASSED] - Object 'Object Repository/IWP30/Page_CCPaymentEntry/ChangePaymentMethodButton' is present

2020-07-16 13:50:25 - [TEST_STEP][PASSED] - verifyElementPresent(findTestObject("Object Repository/IWP30/Page_CCPaymentEntry/ExitButton"), 30): Object 'Object Repository/IWP30/Page_CCPaymentEntry/ExitButton' is present

2020-07-16 13:50:25 - [MESSAGE][PASSED] - Object 'Object Repository/IWP30/Page_CCPaymentEntry/ExitButton' is present

2020-07-16 13:50:25 - [TEST_STEP][PASSED] - iwpPages.ccPaymentEntryPage.setDataCCPM(row, dataFile): iwpPages.ccPaymentEntryPage.setDataCCPM is PASSED

2020-07-16 13:50:26 - [MESSAGE][PASSED] - Object 'Object Repository/IWP30/Page_CCPaymentEntry/Name' is present

2020-07-16 13:50:26 - [MESSAGE][PASSED] - Object 'Object Repository/IWP30/Page_CCPaymentEntry/Amount' is present

2020-07-16 13:50:27 - [MESSAGE][PASSED] - Text '99.50' is set on object 'Object Repository/IWP30/Page_CCPaymentEntry/Amount'

2020-07-16 13:50:27 - [MESSAGE][PASSED] - Object 'Object Repository/IWP30/Page_CCPaymentEntry/UserDefined2' is present

2020-07-16 13:50:28 - [MESSAGE][PASSED] - Text 'Newton' is set on object 'Object Repository/IWP30/Page_CCPaymentEntry/UserDefined2'

2020-07-16 13:50:28 - [MESSAGE][PASSED] - Object 'Object Repository/IWP30/Page_CCPaymentEntry/UserDefined3' is present

2020-07-16 13:50:29 - [MESSAGE][PASSED] - Text 'Stree' is set on object 'Object Repository/IWP30/Page_CCPaymentEntry/UserDefined3'

2020-07-16 13:50:29 - [MESSAGE][PASSED] - Object 'Object Repository/IWP30/Page_CCPaymentEntry/UserDefined7' is present

2020-07-16 13:50:30 - [MESSAGE][PASSED] - All options with label 'Purple' are selected in object 'Object Repository/IWP30/Page_CCPaymentEntry/UserDefined7' 

2020-07-16 13:50:30 - [MESSAGE][PASSED] - Object 'Object Repository/IWP30/Page_CCPaymentEntry/UserDefined8' is present

2020-07-16 13:50:31 - [MESSAGE][PASSED] - All options with label 'Soccer' are selected in object 'Object Repository/IWP30/Page_CCPaymentEntry/UserDefined8' 

2020-07-16 13:50:31 - [MESSAGE][PASSED] - Object 'Object Repository/IWP30/Page_CCPaymentEntry/Name' is present

2020-07-16 13:50:32 - [MESSAGE][PASSED] - Text 'Raj Kumar Rao' is set on object 'Object Repository/IWP30/Page_CCPaymentEntry/Name'

2020-07-16 13:50:32 - [MESSAGE][PASSED] - Object 'Object Repository/IWP30/Page_CCPaymentEntry/CardNumber' is present

2020-07-16 13:50:33 - [MESSAGE][PASSED] - Text '6011000000000004' is set on object 'Object Repository/IWP30/Page_CCPaymentEntry/CardNumber'

2020-07-16 13:50:33 - [MESSAGE][PASSED] - Object 'Object Repository/IWP30/Page_CCPaymentEntry/SPC' is present

2020-07-16 13:50:34 - [MESSAGE][PASSED] - Text '358' is set on object 'Object Repository/IWP30/Page_CCPaymentEntry/SPC'

2020-07-16 13:50:34 - [MESSAGE][PASSED] - Object 'Object Repository/IWP30/Page_CCPaymentEntry/Month' is present

2020-07-16 13:50:35 - [MESSAGE][PASSED] - All options with label '02' are selected in object 'Object Repository/IWP30/Page_CCPaymentEntry/Month' 

2020-07-16 13:50:35 - [MESSAGE][PASSED] - Object 'Object Repository/IWP30/Page_CCPaymentEntry/Year' is present

2020-07-16 13:50:36 - [MESSAGE][PASSED] - All options with label '2028' are selected in object 'Object Repository/IWP30/Page_CCPaymentEntry/Year' 

2020-07-16 13:50:36 - [MESSAGE][PASSED] - Object 'Object Repository/IWP30/Page_CCPaymentEntry/ProcessDate' is present

2020-07-16 13:50:36 - [MESSAGE][PASSED] - Object 'Object Repository/IWP30/Page_CCPaymentEntry/AL1' is present

2020-07-16 13:50:37 - [MESSAGE][PASSED] - Text '654 Kali terrace' is set on object 'Object Repository/IWP30/Page_CCPaymentEntry/AL1'

2020-07-16 13:50:37 - [MESSAGE][PASSED] - Object 'Object Repository/IWP30/Page_CCPaymentEntry/AL2' is present

2020-07-16 13:50:38 - [MESSAGE][PASSED] - Text 'Suite 159' is set on object 'Object Repository/IWP30/Page_CCPaymentEntry/AL2'

2020-07-16 13:50:38 - [MESSAGE][PASSED] - Object 'Object Repository/IWP30/Page_CCPaymentEntry/ZIP' is present

2020-07-16 13:50:39 - [MESSAGE][PASSED] - Text '21114' is set on object 'Object Repository/IWP30/Page_CCPaymentEntry/ZIP'

2020-07-16 13:50:39 - [MESSAGE][PASSED] - Object 'Object Repository/IWP30/Page_CCPaymentEntry/EmailAddress' is present

2020-07-16 13:50:40 - [MESSAGE][PASSED] - Text 'koiho@gmail.com' is set on object 'Object Repository/IWP30/Page_CCPaymentEntry/EmailAddress'

2020-07-16 13:50:41 - [MESSAGE][PASSED] - Object 'Object Repository/IWP30/Page_CCPaymentEntry/TermCondCheckBox' is present

2020-07-16 13:50:41 - [MESSAGE][PASSED] - Object 'Object Repository/IWP30/Page_CCPaymentEntry/TermCondCheckBox' is checked

2020-07-16 13:50:41 - [MESSAGE][PASSED] - Object 'Object Repository/IWP30/Page_CCPaymentEntry/ContinueButton' is present

2020-07-16 13:50:42 - [MESSAGE][PASSED] - Object: 'Object Repository/IWP30/Page_CCPaymentEntry/ContinueButton' is clicked on

2020-07-16 13:50:42 - [MESSAGE][PASSED] - iwpPages.ccPaymentEntryPage.setDataCCPM is PASSED

2020-07-16 13:50:42 - [TEST_STEP][PASSED] - Amount = findTestData("VerifyUINoCFCCTestData").getValue("CCAmount", row): null

2020-07-16 13:50:42 - [TEST_STEP][PASSED] - UDF2 = findTestData("VerifyUINoCFCCTestData").getValue("CCUDF2", row): null

2020-07-16 13:50:43 - [TEST_STEP][PASSED] - UDF3 = findTestData("VerifyUINoCFCCTestData").getValue("CCUDF3", row): null

2020-07-16 13:50:43 - [TEST_STEP][PASSED] - UDF7 = findTestData("VerifyUINoCFCCTestData").getValue("CCUDF7", row): null

2020-07-16 13:50:43 - [TEST_STEP][PASSED] - UDF8 = findTestData("VerifyUINoCFCCTestData").getValue("CCUDF8", row): null

2020-07-16 13:50:43 - [TEST_STEP][PASSED] - CName = findTestData("VerifyUINoCFCCTestData").getValue("CCName", row): null

2020-07-16 13:50:43 - [TEST_STEP][PASSED] - CardType = findTestData("VerifyUINoCFCCTestData").getValue("VerCardType", row): null

2020-07-16 13:50:43 - [TEST_STEP][PASSED] - Last4 = findTestData("VerifyUINoCFCCTestData").getValue("VerLast4", row): null

2020-07-16 13:50:43 - [TEST_STEP][PASSED] - CExp = findTestData("VerifyUINoCFCCTestData").getValue("VerExp", row): null

2020-07-16 13:50:43 - [TEST_STEP][PASSED] - AL1 = findTestData("VerifyUINoCFCCTestData").getValue("CCAL1", row): null

2020-07-16 13:50:43 - [TEST_STEP][PASSED] - AL2 = findTestData("VerifyUINoCFCCTestData").getValue("CCAL2", row): null

2020-07-16 13:50:43 - [TEST_STEP][PASSED] - City = findTestData("VerifyUINoCFCCTestData").getValue("VerCity", row): null

2020-07-16 13:50:43 - [TEST_STEP][PASSED] - State = findTestData("VerifyUINoCFCCTestData").getValue("VerState", row): null

2020-07-16 13:50:43 - [TEST_STEP][PASSED] - CZIP = findTestData("VerifyUINoCFCCTestData").getValue("CCZIP", row): null

2020-07-16 13:50:43 - [TEST_STEP][PASSED] - Email = findTestData("VerifyUINoCFCCTestData").getValue("CCEmail", row): null

2020-07-16 13:50:43 - [TEST_STEP][PASSED] - State2 = findTestData("VerifyUINoCFCCTestData").getValue("VerState2", row): null

2020-07-16 13:50:43 - [TEST_STEP][PASSED] - CName2 = findTestData("VerifyUINoCFCCTestData").getValue("VerCCName", row): null

2020-07-16 13:50:43 - [TEST_STEP][PASSED] - verifyTextPresent("Please verify the following information", false): Text 'Please verify the following information' is present on page 

2020-07-16 13:50:43 - [MESSAGE][PASSED] - Text 'Please verify the following information' is present on page 

2020-07-16 13:50:43 - [TEST_STEP][PASSED] - verifyTextPresent("CAN Label", false): Text 'CAN Label' is present on page 

2020-07-16 13:50:43 - [MESSAGE][PASSED] - Text 'CAN Label' is present on page 

2020-07-16 13:50:43 - [TEST_STEP][PASSED] - verifyTextPresent("54654701", false): Text '54654701' is present on page 

2020-07-16 13:50:44 - [MESSAGE][PASSED] - Text '54654701' is present on page 

2020-07-16 13:50:44 - [TEST_STEP][PASSED] - verifyTextPresent("Tax Amount", false): Text 'Tax Amount' is present on page 

2020-07-16 13:50:44 - [MESSAGE][PASSED] - Text 'Tax Amount' is present on page 

2020-07-16 13:50:44 - [TEST_STEP][PASSED] - verifyTextPresent("$0.00", false): Text '$0.00' is present on page 

2020-07-16 13:50:45 - [MESSAGE][PASSED] - Text '$0.00' is present on page 

2020-07-16 13:50:45 - [TEST_STEP][PASSED] - verifyTextPresent("Amount", false): Text 'Amount' is present on page 

2020-07-16 13:50:45 - [MESSAGE][PASSED] - Text 'Amount' is present on page 

2020-07-16 13:50:45 - [TEST_STEP][PASSED] - verifyTextPresent(Amount, false): Text '99.50' is present on page 

2020-07-16 13:50:45 - [MESSAGE][PASSED] - Text '99.50' is present on page 

2020-07-16 13:50:45 - [TEST_STEP][PASSED] - verifyTextPresent("UDF2 Label", false): Text 'UDF2 Label' is present on page 

2020-07-16 13:50:46 - [MESSAGE][PASSED] - Text 'UDF2 Label' is present on page 

2020-07-16 13:50:46 - [TEST_STEP][PASSED] - verifyTextPresent(UDF2, false): Text 'Newton' is present on page 

2020-07-16 13:50:46 - [MESSAGE][PASSED] - Text 'Newton' is present on page 

2020-07-16 13:50:46 - [TEST_STEP][PASSED] - verifyTextPresent("UDF3 Label", false): Text 'UDF3 Label' is present on page 

2020-07-16 13:50:46 - [MESSAGE][PASSED] - Text 'UDF3 Label' is present on page 

2020-07-16 13:50:46 - [TEST_STEP][PASSED] - verifyTextPresent(UDF3, false): Text 'Stree' is present on page 

2020-07-16 13:50:46 - [MESSAGE][PASSED] - Text 'Stree' is present on page 

2020-07-16 13:50:46 - [TEST_STEP][PASSED] - verifyTextPresent("UDF4 Label", false): Text 'UDF4 Label' is present on page 

2020-07-16 13:50:47 - [MESSAGE][PASSED] - Text 'UDF4 Label' is present on page 

2020-07-16 13:50:47 - [TEST_STEP][PASSED] - verifyTextPresent("data 4", false): Text 'data 4' is present on page 

2020-07-16 13:50:47 - [MESSAGE][PASSED] - Text 'data 4' is present on page 

2020-07-16 13:50:47 - [TEST_STEP][PASSED] - verifyTextPresent("UDF6 Label", false): Text 'UDF6 Label' is present on page 

2020-07-16 13:50:48 - [MESSAGE][PASSED] - Text 'UDF6 Label' is present on page 

2020-07-16 13:50:48 - [TEST_STEP][PASSED] - verifyTextPresent("data 6", false): Text 'data 6' is present on page 

2020-07-16 13:50:48 - [MESSAGE][PASSED] - Text 'data 6' is present on page 

2020-07-16 13:50:48 - [TEST_STEP][PASSED] - verifyTextPresent("UDF7 Label", false): Text 'UDF7 Label' is present on page 

2020-07-16 13:50:48 - [MESSAGE][PASSED] - Text 'UDF7 Label' is present on page 

2020-07-16 13:50:48 - [TEST_STEP][PASSED] - verifyTextPresent(UDF7, false): Text 'Purple' is present on page 

2020-07-16 13:50:49 - [MESSAGE][PASSED] - Text 'Purple' is present on page 

2020-07-16 13:50:49 - [TEST_STEP][PASSED] - verifyTextPresent("UDF8 Label", false): Text 'UDF8 Label' is present on page 

2020-07-16 13:50:49 - [MESSAGE][PASSED] - Text 'UDF8 Label' is present on page 

2020-07-16 13:50:49 - [TEST_STEP][PASSED] - verifyTextPresent(UDF8, false): Text 'Soccer' is present on page 

2020-07-16 13:50:49 - [MESSAGE][PASSED] - Text 'Soccer' is present on page 

2020-07-16 13:50:49 - [TEST_STEP][PASSED] - verifyTextPresent("UDF9 Label", false): Text 'UDF9 Label' is present on page 

2020-07-16 13:50:50 - [MESSAGE][PASSED] - Text 'UDF9 Label' is present on page 

2020-07-16 13:50:50 - [TEST_STEP][PASSED] - verifyTextPresent("data 9", false): Text 'data 9' is present on page 

2020-07-16 13:50:50 - [MESSAGE][PASSED] - Text 'data 9' is present on page 

2020-07-16 13:50:50 - [TEST_STEP][PASSED] - verifyTextPresent("Card information", false): Text 'Card information' is present on page 

2020-07-16 13:50:50 - [MESSAGE][PASSED] - Text 'Card information' is present on page 

2020-07-16 13:50:50 - [TEST_STEP][PASSED] - verifyTextPresent("Cardholder's Name", false): Text 'Cardholder's Name' is present on page 

2020-07-16 13:50:51 - [MESSAGE][PASSED] - Text 'Cardholder's Name' is present on page 

2020-07-16 13:50:51 - [TEST_STEP][PASSED] - verifyTextPresent(CName, false): Text 'Raj Kumar Rao' is present on page 

2020-07-16 13:50:51 - [MESSAGE][PASSED] - Text 'Raj Kumar Rao' is present on page 

2020-07-16 13:50:51 - [TEST_STEP][PASSED] - verifyTextPresent("Card Type", false): Text 'Card Type' is present on page 

2020-07-16 13:50:51 - [MESSAGE][PASSED] - Text 'Card Type' is present on page 

2020-07-16 13:50:51 - [TEST_STEP][PASSED] - verifyTextPresent(CardType, false): Text 'Discover' is present on page 

2020-07-16 13:50:52 - [MESSAGE][PASSED] - Text 'Discover' is present on page 

2020-07-16 13:50:52 - [TEST_STEP][PASSED] - verifyTextPresent("Card Number", false): Text 'Card Number' is present on page 

2020-07-16 13:50:52 - [MESSAGE][PASSED] - Text 'Card Number' is present on page 

2020-07-16 13:50:52 - [TEST_STEP][PASSED] - verifyTextPresent(Last4, false): Text '0004' is present on page 

2020-07-16 13:50:52 - [MESSAGE][PASSED] - Text '0004' is present on page 

2020-07-16 13:50:52 - [TEST_STEP][PASSED] - verifyTextPresent("Signature Panel Code", false): Text 'Signature Panel Code' is present on page 

2020-07-16 13:50:53 - [MESSAGE][PASSED] - Text 'Signature Panel Code' is present on page 

2020-07-16 13:50:53 - [TEST_STEP][PASSED] - verifyTextPresent("Expiration Date", false): Text 'Expiration Date' is present on page 

2020-07-16 13:50:53 - [MESSAGE][PASSED] - Text 'Expiration Date' is present on page 

2020-07-16 13:50:53 - [TEST_STEP][PASSED] - verifyTextPresent(CExp, false): Text '2/2028' is present on page 

2020-07-16 13:50:53 - [MESSAGE][PASSED] - Text '2/2028' is present on page 

2020-07-16 13:50:53 - [TEST_STEP][PASSED] - verifyTextPresent("Payment Date", false): Text 'Payment Date' is present on page 

2020-07-16 13:50:54 - [MESSAGE][PASSED] - Text 'Payment Date' is present on page 

2020-07-16 13:50:54 - [TEST_STEP][PASSED] - verifyTextPresent("Billing information", false): Text 'Billing information' is present on page 

2020-07-16 13:50:54 - [MESSAGE][PASSED] - Text 'Billing information' is present on page 

2020-07-16 13:50:54 - [TEST_STEP][PASSED] - verifyTextPresent("Address Line 1", false): Text 'Address Line 1' is present on page 

2020-07-16 13:50:54 - [MESSAGE][PASSED] - Text 'Address Line 1' is present on page 

2020-07-16 13:50:54 - [TEST_STEP][PASSED] - verifyTextPresent(AL1, false): Text '654 Kali terrace' is present on page 

2020-07-16 13:50:55 - [MESSAGE][PASSED] - Text '654 Kali terrace' is present on page 

2020-07-16 13:50:55 - [TEST_STEP][PASSED] - verifyTextPresent("Address Line 2", false): Text 'Address Line 2' is present on page 

2020-07-16 13:50:55 - [MESSAGE][PASSED] - Text 'Address Line 2' is present on page 

2020-07-16 13:50:55 - [TEST_STEP][PASSED] - verifyTextPresent(AL2, false): Text 'Suite 159' is present on page 

2020-07-16 13:50:55 - [MESSAGE][PASSED] - Text 'Suite 159' is present on page 

2020-07-16 13:50:55 - [TEST_STEP][PASSED] - verifyTextPresent("Country", false): Text 'Country' is present on page 

2020-07-16 13:50:56 - [MESSAGE][PASSED] - Text 'Country' is present on page 

2020-07-16 13:50:56 - [TEST_STEP][PASSED] - verifyTextPresent("United States", false): Text 'United States' is present on page 

2020-07-16 13:50:56 - [MESSAGE][PASSED] - Text 'United States' is present on page 

2020-07-16 13:50:56 - [TEST_STEP][PASSED] - verifyTextPresent("City", false): Text 'City' is present on page 

2020-07-16 13:50:56 - [MESSAGE][PASSED] - Text 'City' is present on page 

2020-07-16 13:50:56 - [TEST_STEP][FAILED] - verifyTextPresent(City, false): Text 'SEVERN' is not present on page  (Root cause: com.kms.katalon.core.exception.StepFailedException: Text 'SEVERN' is not present on page 
	at com.kms.katalon.core.webui.keyword.internal.WebUIKeywordMain.stepFailed(WebUIKeywordMain.groovy:64)
	at com.kms.katalon.core.webui.keyword.builtin.VerifyTextPresentKeyword$_verifyTextPresent_closure1.doCall(VerifyTextPresentKeyword.groovy:79)
	at com.kms.katalon.core.webui.keyword.builtin.VerifyTextPresentKeyword$_verifyTextPresent_closure1.call(VerifyTextPresentKeyword.groovy)
	at com.kms.katalon.core.webui.keyword.internal.WebUIKeywordMain.runKeyword(WebUIKeywordMain.groovy:20)
	at com.kms.katalon.core.webui.keyword.builtin.VerifyTextPresentKeyword.verifyTextPresent(VerifyTextPresentKeyword.groovy:83)
	at com.kms.katalon.core.webui.keyword.builtin.VerifyTextPresentKeyword.execute(VerifyTextPresentKeyword.groovy:68)
	at com.kms.katalon.core.keyword.internal.KeywordExecutor.executeKeywordForPlatform(KeywordExecutor.groovy:72)
	at com.kms.katalon.core.webui.keyword.WebUiBuiltInKeywords.verifyTextPresent(WebUiBuiltInKeywords.groovy:1719)
	at com.kms.katalon.core.webui.keyword.WebUiBuiltInKeywords$verifyTextPresent$6.call(Unknown Source)
	at VerifyUINoCFCC.run(VerifyUINoCFCC:255)
	at com.kms.katalon.core.main.ScriptEngine.run(ScriptEngine.java:194)
	at com.kms.katalon.core.main.ScriptEngine.runScriptAsRawText(ScriptEngine.java:119)
	at com.kms.katalon.core.main.TestCaseExecutor.runScript(TestCaseExecutor.java:337)
	at com.kms.katalon.core.main.TestCaseExecutor.doExecute(TestCaseExecutor.java:328)
	at com.kms.katalon.core.main.TestCaseExecutor.processExecutionPhase(TestCaseExecutor.java:307)
	at com.kms.katalon.core.main.TestCaseExecutor.accessMainPhase(TestCaseExecutor.java:299)
	at com.kms.katalon.core.main.TestCaseExecutor.execute(TestCaseExecutor.java:233)
	at com.kms.katalon.core.main.TestSuiteExecutor.accessTestCaseMainPhase(TestSuiteExecutor.java:169)
	at com.kms.katalon.core.main.TestSuiteExecutor.accessTestSuiteMainPhase(TestSuiteExecutor.java:142)
	at com.kms.katalon.core.main.TestSuiteExecutor.execute(TestSuiteExecutor.java:91)
	at com.kms.katalon.core.main.TestCaseMain.startTestSuite(TestCaseMain.java:157)
	at com.kms.katalon.core.main.TestCaseMain$startTestSuite$0.call(Unknown Source)
	at TempTestSuite1594921366105.run(TempTestSuite1594921366105.groovy:37)
)

2020-07-16 13:50:57 - [MESSAGE][FAILED] - Text 'SEVERN' is not present on page  (Root cause: com.kms.katalon.core.exception.StepFailedException: Text 'SEVERN' is not present on page 
	at com.kms.katalon.core.webui.keyword.internal.WebUIKeywordMain.stepFailed(WebUIKeywordMain.groovy:64)
	at com.kms.katalon.core.webui.keyword.builtin.VerifyTextPresentKeyword$_verifyTextPresent_closure1.doCall(VerifyTextPresentKeyword.groovy:79)
	at com.kms.katalon.core.webui.keyword.builtin.VerifyTextPresentKeyword$_verifyTextPresent_closure1.call(VerifyTextPresentKeyword.groovy)
	at com.kms.katalon.core.webui.keyword.internal.WebUIKeywordMain.runKeyword(WebUIKeywordMain.groovy:20)
	at com.kms.katalon.core.webui.keyword.builtin.VerifyTextPresentKeyword.verifyTextPresent(VerifyTextPresentKeyword.groovy:83)
	at com.kms.katalon.core.webui.keyword.builtin.VerifyTextPresentKeyword.execute(VerifyTextPresentKeyword.groovy:68)
	at com.kms.katalon.core.keyword.internal.KeywordExecutor.executeKeywordForPlatform(KeywordExecutor.groovy:72)
	at com.kms.katalon.core.webui.keyword.WebUiBuiltInKeywords.verifyTextPresent(WebUiBuiltInKeywords.groovy:1719)
	at com.kms.katalon.core.webui.keyword.WebUiBuiltInKeywords$verifyTextPresent$6.call(Unknown Source)
	at VerifyUINoCFCC.run(VerifyUINoCFCC:255)
	at com.kms.katalon.core.main.ScriptEngine.run(ScriptEngine.java:194)
	at com.kms.katalon.core.main.ScriptEngine.runScriptAsRawText(ScriptEngine.java:119)
	at com.kms.katalon.core.main.TestCaseExecutor.runScript(TestCaseExecutor.java:337)
	at com.kms.katalon.core.main.TestCaseExecutor.doExecute(TestCaseExecutor.java:328)
	at com.kms.katalon.core.main.TestCaseExecutor.processExecutionPhase(TestCaseExecutor.java:307)
	at com.kms.katalon.core.main.TestCaseExecutor.accessMainPhase(TestCaseExecutor.java:299)
	at com.kms.katalon.core.main.TestCaseExecutor.execute(TestCaseExecutor.java:233)
	at com.kms.katalon.core.main.TestSuiteExecutor.accessTestCaseMainPhase(TestSuiteExecutor.java:169)
	at com.kms.katalon.core.main.TestSuiteExecutor.accessTestSuiteMainPhase(TestSuiteExecutor.java:142)
	at com.kms.katalon.core.main.TestSuiteExecutor.execute(TestSuiteExecutor.java:91)
	at com.kms.katalon.core.main.TestCaseMain.startTestSuite(TestCaseMain.java:157)
	at com.kms.katalon.core.main.TestCaseMain$startTestSuite$0.call(Unknown Source)
	at TempTestSuite1594921366105.run(TempTestSuite1594921366105.groovy:37)
)

2020-07-16 13:50:57 - [TEST_STEP][PASSED] - verifyTextPresent("State", false): Text 'State' is present on page 

2020-07-16 13:50:57 - [MESSAGE][PASSED] - Text 'State' is present on page 

2020-07-16 13:50:57 - [TEST_STEP][PASSED] - verifyTextPresent(State, false): Text 'Maryland' is present on page 

2020-07-16 13:50:57 - [MESSAGE][PASSED] - Text 'Maryland' is present on page 

2020-07-16 13:50:57 - [TEST_STEP][PASSED] - verifyTextPresent("ZIP Code", false): Text 'ZIP Code' is present on page 

2020-07-16 13:50:58 - [MESSAGE][PASSED] - Text 'ZIP Code' is present on page 

2020-07-16 13:50:58 - [TEST_STEP][PASSED] - verifyTextPresent(CZIP, false): Text '21114' is present on page 

2020-07-16 13:50:58 - [MESSAGE][PASSED] - Text '21114' is present on page 

2020-07-16 13:50:58 - [TEST_STEP][PASSED] - verifyTextPresent("Email Address", false): Text 'Email Address' is present on page 

2020-07-16 13:50:58 - [MESSAGE][PASSED] - Text 'Email Address' is present on page 

2020-07-16 13:50:58 - [TEST_STEP][PASSED] - verifyTextPresent(Email, false): Text 'koiho@gmail.com' is present on page 

2020-07-16 13:50:59 - [MESSAGE][PASSED] - Text 'koiho@gmail.com' is present on page 

2020-07-16 13:50:59 - [TEST_STEP][PASSED] - verifyTextPresent("Is this information correct", false): Text 'Is this information correct' is present on page 

2020-07-16 13:50:59 - [MESSAGE][PASSED] - Text 'Is this information correct' is present on page 

2020-07-16 13:50:59 - [TEST_STEP][PASSED] - verifyTextPresent("These are CC Custom HTML", false): Text 'These are CC Custom HTML' is present on page 

2020-07-16 13:50:59 - [MESSAGE][PASSED] - Text 'These are CC Custom HTML' is present on page 

2020-07-16 13:50:59 - [TEST_STEP][PASSED] - verifyElementPresent(findTestObject("Object Repository/IWP30/Page_Confirmation/ChangePaymentMethodButton"), 30): Object 'Object Repository/IWP30/Page_Confirmation/ChangePaymentMethodButton' is present

2020-07-16 13:51:00 - [MESSAGE][PASSED] - Object 'Object Repository/IWP30/Page_Confirmation/ChangePaymentMethodButton' is present

2020-07-16 13:51:00 - [TEST_STEP][PASSED] - verifyElementPresent(findTestObject("Object Repository/IWP30/Page_Confirmation/ConfirmButton"), 30): Object 'Object Repository/IWP30/Page_Confirmation/ConfirmButton' is present

2020-07-16 13:51:00 - [MESSAGE][PASSED] - Object 'Object Repository/IWP30/Page_Confirmation/ConfirmButton' is present

2020-07-16 13:51:00 - [TEST_STEP][PASSED] - verifyElementPresent(findTestObject("Object Repository/IWP30/Page_Confirmation/ExitButton"), 30): Object 'Object Repository/IWP30/Page_Confirmation/ExitButton' is present

2020-07-16 13:51:00 - [MESSAGE][PASSED] - Object 'Object Repository/IWP30/Page_Confirmation/ExitButton' is present

2020-07-16 13:51:00 - [TEST_STEP][PASSED] - verifyElementPresent(findTestObject("Object Repository/IWP30/Page_Confirmation/ModifyButton"), 30): Object 'Object Repository/IWP30/Page_Confirmation/ModifyButton' is present

2020-07-16 13:51:01 - [MESSAGE][PASSED] - Object 'Object Repository/IWP30/Page_Confirmation/ModifyButton' is present

2020-07-16 13:51:01 - [TEST_STEP][PASSED] - click(findTestObject("Object Repository/IWP30/Page_Confirmation/ConfirmButton")): Object: 'Object Repository/IWP30/Page_Confirmation/ConfirmButton' is clicked on

2020-07-16 13:51:02 - [MESSAGE][PASSED] - Object: 'Object Repository/IWP30/Page_Confirmation/ConfirmButton' is clicked on

2020-07-16 13:51:02 - [TEST_STEP][PASSED] - Thread.sleep(10000): null

2020-07-16 13:51:12 - [TEST_STEP][PASSED] - verifyTextPresent("Successful Payment Receipt", false): Text 'Successful Payment Receipt' is present on page 

2020-07-16 13:51:12 - [MESSAGE][PASSED] - Text 'Successful Payment Receipt' is present on page 

2020-07-16 13:51:12 - [TEST_STEP][PASSED] - verifyTextPresent("Please print this receipt for your records", false): Text 'Please print this receipt for your records' is present on page 

2020-07-16 13:51:12 - [MESSAGE][PASSED] - Text 'Please print this receipt for your records' is present on page 

2020-07-16 13:51:12 - [TEST_STEP][PASSED] - verifyTextPresent("Remittance ID", false): Text 'Remittance ID' is present on page 

2020-07-16 13:51:13 - [MESSAGE][PASSED] - Text 'Remittance ID' is present on page 

2020-07-16 13:51:13 - [TEST_STEP][PASSED] - verifyTextPresent("CAN Label", false): Text 'CAN Label' is present on page 

2020-07-16 13:51:13 - [MESSAGE][PASSED] - Text 'CAN Label' is present on page 

2020-07-16 13:51:13 - [TEST_STEP][PASSED] - verifyTextPresent("54654701", false): Text '54654701' is present on page 

2020-07-16 13:51:13 - [MESSAGE][PASSED] - Text '54654701' is present on page 

2020-07-16 13:51:13 - [TEST_STEP][PASSED] - verifyTextPresent("Received", false): Text 'Received' is present on page 

2020-07-16 13:51:14 - [MESSAGE][PASSED] - Text 'Received' is present on page 

2020-07-16 13:51:14 - [TEST_STEP][PASSED] - verifyTextPresent("UDF1 Label", false): Text 'UDF1 Label' is present on page 

2020-07-16 13:51:14 - [MESSAGE][PASSED] - Text 'UDF1 Label' is present on page 

2020-07-16 13:51:14 - [TEST_STEP][PASSED] - verifyTextPresent("UDF2 Label", false): Text 'UDF2 Label' is present on page 

2020-07-16 13:51:14 - [MESSAGE][PASSED] - Text 'UDF2 Label' is present on page 

2020-07-16 13:51:14 - [TEST_STEP][PASSED] - verifyTextPresent(UDF2, false): Text 'Newton' is present on page 

2020-07-16 13:51:15 - [MESSAGE][PASSED] - Text 'Newton' is present on page 

2020-07-16 13:51:15 - [TEST_STEP][PASSED] - verifyTextPresent("UDF3 Label", false): Text 'UDF3 Label' is present on page 

2020-07-16 13:51:15 - [MESSAGE][PASSED] - Text 'UDF3 Label' is present on page 

2020-07-16 13:51:15 - [TEST_STEP][PASSED] - verifyTextPresent(UDF3, false): Text 'Stree' is present on page 

2020-07-16 13:51:15 - [MESSAGE][PASSED] - Text 'Stree' is present on page 

2020-07-16 13:51:15 - [TEST_STEP][PASSED] - verifyTextPresent("UDF4 Label", false): Text 'UDF4 Label' is present on page 

2020-07-16 13:51:16 - [MESSAGE][PASSED] - Text 'UDF4 Label' is present on page 

2020-07-16 13:51:16 - [TEST_STEP][PASSED] - verifyTextPresent("data 4", false): Text 'data 4' is present on page 

2020-07-16 13:51:16 - [MESSAGE][PASSED] - Text 'data 4' is present on page 

2020-07-16 13:51:16 - [TEST_STEP][PASSED] - verifyTextPresent("UDF6 Label", false): Text 'UDF6 Label' is present on page 

2020-07-16 13:51:16 - [MESSAGE][PASSED] - Text 'UDF6 Label' is present on page 

2020-07-16 13:51:16 - [TEST_STEP][PASSED] - verifyTextPresent("data 6", false): Text 'data 6' is present on page 

2020-07-16 13:51:16 - [MESSAGE][PASSED] - Text 'data 6' is present on page 

2020-07-16 13:51:16 - [TEST_STEP][PASSED] - verifyTextPresent("UDF7 Label", false): Text 'UDF7 Label' is present on page 

2020-07-16 13:51:17 - [MESSAGE][PASSED] - Text 'UDF7 Label' is present on page 

2020-07-16 13:51:17 - [TEST_STEP][PASSED] - verifyTextPresent(UDF7, false): Text 'Purple' is present on page 

2020-07-16 13:51:17 - [MESSAGE][PASSED] - Text 'Purple' is present on page 

2020-07-16 13:51:17 - [TEST_STEP][PASSED] - verifyTextPresent("UDF8 Label", false): Text 'UDF8 Label' is present on page 

2020-07-16 13:51:17 - [MESSAGE][PASSED] - Text 'UDF8 Label' is present on page 

2020-07-16 13:51:17 - [TEST_STEP][PASSED] - verifyTextPresent(UDF8, false): Text 'Soccer' is present on page 

2020-07-16 13:51:18 - [MESSAGE][PASSED] - Text 'Soccer' is present on page 

2020-07-16 13:51:18 - [TEST_STEP][PASSED] - verifyTextPresent("UDF9 Label", false): Text 'UDF9 Label' is present on page 

2020-07-16 13:51:18 - [MESSAGE][PASSED] - Text 'UDF9 Label' is present on page 

2020-07-16 13:51:18 - [TEST_STEP][PASSED] - verifyTextPresent("data 9", false): Text 'data 9' is present on page 

2020-07-16 13:51:18 - [MESSAGE][PASSED] - Text 'data 9' is present on page 

2020-07-16 13:51:18 - [TEST_STEP][PASSED] - verifyTextPresent("Tax Amount", false): Text 'Tax Amount' is present on page 

2020-07-16 13:51:19 - [MESSAGE][PASSED] - Text 'Tax Amount' is present on page 

2020-07-16 13:51:19 - [TEST_STEP][PASSED] - verifyTextPresent("$0.00", false): Text '$0.00' is present on page 

2020-07-16 13:51:19 - [MESSAGE][PASSED] - Text '$0.00' is present on page 

2020-07-16 13:51:19 - [TEST_STEP][PASSED] - verifyTextPresent("Amount", false): Text 'Amount' is present on page 

2020-07-16 13:51:19 - [MESSAGE][PASSED] - Text 'Amount' is present on page 

2020-07-16 13:51:19 - [TEST_STEP][PASSED] - verifyTextPresent(Amount, false): Text '99.50' is present on page 

2020-07-16 13:51:20 - [MESSAGE][PASSED] - Text '99.50' is present on page 

2020-07-16 13:51:20 - [TEST_STEP][PASSED] - verifyTextPresent("Transaction Type", false): Text 'Transaction Type' is present on page 

2020-07-16 13:51:20 - [MESSAGE][PASSED] - Text 'Transaction Type' is present on page 

2020-07-16 13:51:20 - [TEST_STEP][PASSED] - verifyTextPresent("Authorization and Capture", false): Text 'Authorization and Capture' is present on page 

2020-07-16 13:51:20 - [MESSAGE][PASSED] - Text 'Authorization and Capture' is present on page 

2020-07-16 13:51:20 - [TEST_STEP][PASSED] - verifyTextPresent("Card Information", false): Text 'Card Information' is present on page 

2020-07-16 13:51:20 - [MESSAGE][PASSED] - Text 'Card Information' is present on page 

2020-07-16 13:51:20 - [TEST_STEP][PASSED] - verifyTextPresent(CardType, false): Text 'Discover' is present on page 

2020-07-16 13:51:21 - [MESSAGE][PASSED] - Text 'Discover' is present on page 

2020-07-16 13:51:21 - [TEST_STEP][FAILED] - verifyTextPresent(CName2, false): Text 'RAK KUMAR RAO' is not present on page  (Root cause: com.kms.katalon.core.exception.StepFailedException: Text 'RAK KUMAR RAO' is not present on page 
	at com.kms.katalon.core.webui.keyword.internal.WebUIKeywordMain.stepFailed(WebUIKeywordMain.groovy:64)
	at com.kms.katalon.core.webui.keyword.builtin.VerifyTextPresentKeyword$_verifyTextPresent_closure1.doCall(VerifyTextPresentKeyword.groovy:79)
	at com.kms.katalon.core.webui.keyword.builtin.VerifyTextPresentKeyword$_verifyTextPresent_closure1.call(VerifyTextPresentKeyword.groovy)
	at com.kms.katalon.core.webui.keyword.internal.WebUIKeywordMain.runKeyword(WebUIKeywordMain.groovy:20)
	at com.kms.katalon.core.webui.keyword.builtin.VerifyTextPresentKeyword.verifyTextPresent(VerifyTextPresentKeyword.groovy:83)
	at com.kms.katalon.core.webui.keyword.builtin.VerifyTextPresentKeyword.execute(VerifyTextPresentKeyword.groovy:68)
	at com.kms.katalon.core.keyword.internal.KeywordExecutor.executeKeywordForPlatform(KeywordExecutor.groovy:72)
	at com.kms.katalon.core.webui.keyword.WebUiBuiltInKeywords.verifyTextPresent(WebUiBuiltInKeywords.groovy:1719)
	at com.kms.katalon.core.webui.keyword.WebUiBuiltInKeywords$verifyTextPresent$6.call(Unknown Source)
	at VerifyUINoCFCC.run(VerifyUINoCFCC:333)
	at com.kms.katalon.core.main.ScriptEngine.run(ScriptEngine.java:194)
	at com.kms.katalon.core.main.ScriptEngine.runScriptAsRawText(ScriptEngine.java:119)
	at com.kms.katalon.core.main.TestCaseExecutor.runScript(TestCaseExecutor.java:337)
	at com.kms.katalon.core.main.TestCaseExecutor.doExecute(TestCaseExecutor.java:328)
	at com.kms.katalon.core.main.TestCaseExecutor.processExecutionPhase(TestCaseExecutor.java:307)
	at com.kms.katalon.core.main.TestCaseExecutor.accessMainPhase(TestCaseExecutor.java:299)
	at com.kms.katalon.core.main.TestCaseExecutor.execute(TestCaseExecutor.java:233)
	at com.kms.katalon.core.main.TestSuiteExecutor.accessTestCaseMainPhase(TestSuiteExecutor.java:169)
	at com.kms.katalon.core.main.TestSuiteExecutor.accessTestSuiteMainPhase(TestSuiteExecutor.java:142)
	at com.kms.katalon.core.main.TestSuiteExecutor.execute(TestSuiteExecutor.java:91)
	at com.kms.katalon.core.main.TestCaseMain.startTestSuite(TestCaseMain.java:157)
	at com.kms.katalon.core.main.TestCaseMain$startTestSuite$0.call(Unknown Source)
	at TempTestSuite1594921366105.run(TempTestSuite1594921366105.groovy:37)
)

2020-07-16 13:51:21 - [MESSAGE][FAILED] - Text 'RAK KUMAR RAO' is not present on page  (Root cause: com.kms.katalon.core.exception.StepFailedException: Text 'RAK KUMAR RAO' is not present on page 
	at com.kms.katalon.core.webui.keyword.internal.WebUIKeywordMain.stepFailed(WebUIKeywordMain.groovy:64)
	at com.kms.katalon.core.webui.keyword.builtin.VerifyTextPresentKeyword$_verifyTextPresent_closure1.doCall(VerifyTextPresentKeyword.groovy:79)
	at com.kms.katalon.core.webui.keyword.builtin.VerifyTextPresentKeyword$_verifyTextPresent_closure1.call(VerifyTextPresentKeyword.groovy)
	at com.kms.katalon.core.webui.keyword.internal.WebUIKeywordMain.runKeyword(WebUIKeywordMain.groovy:20)
	at com.kms.katalon.core.webui.keyword.builtin.VerifyTextPresentKeyword.verifyTextPresent(VerifyTextPresentKeyword.groovy:83)
	at com.kms.katalon.core.webui.keyword.builtin.VerifyTextPresentKeyword.execute(VerifyTextPresentKeyword.groovy:68)
	at com.kms.katalon.core.keyword.internal.KeywordExecutor.executeKeywordForPlatform(KeywordExecutor.groovy:72)
	at com.kms.katalon.core.webui.keyword.WebUiBuiltInKeywords.verifyTextPresent(WebUiBuiltInKeywords.groovy:1719)
	at com.kms.katalon.core.webui.keyword.WebUiBuiltInKeywords$verifyTextPresent$6.call(Unknown Source)
	at VerifyUINoCFCC.run(VerifyUINoCFCC:333)
	at com.kms.katalon.core.main.ScriptEngine.run(ScriptEngine.java:194)
	at com.kms.katalon.core.main.ScriptEngine.runScriptAsRawText(ScriptEngine.java:119)
	at com.kms.katalon.core.main.TestCaseExecutor.runScript(TestCaseExecutor.java:337)
	at com.kms.katalon.core.main.TestCaseExecutor.doExecute(TestCaseExecutor.java:328)
	at com.kms.katalon.core.main.TestCaseExecutor.processExecutionPhase(TestCaseExecutor.java:307)
	at com.kms.katalon.core.main.TestCaseExecutor.accessMainPhase(TestCaseExecutor.java:299)
	at com.kms.katalon.core.main.TestCaseExecutor.execute(TestCaseExecutor.java:233)
	at com.kms.katalon.core.main.TestSuiteExecutor.accessTestCaseMainPhase(TestSuiteExecutor.java:169)
	at com.kms.katalon.core.main.TestSuiteExecutor.accessTestSuiteMainPhase(TestSuiteExecutor.java:142)
	at com.kms.katalon.core.main.TestSuiteExecutor.execute(TestSuiteExecutor.java:91)
	at com.kms.katalon.core.main.TestCaseMain.startTestSuite(TestCaseMain.java:157)
	at com.kms.katalon.core.main.TestCaseMain$startTestSuite$0.call(Unknown Source)
	at TempTestSuite1594921366105.run(TempTestSuite1594921366105.groovy:37)
)

2020-07-16 13:51:21 - [TEST_STEP][PASSED] - verifyTextPresent(Last4, false): Text '0004' is present on page 

2020-07-16 13:51:21 - [MESSAGE][PASSED] - Text '0004' is present on page 

2020-07-16 13:51:21 - [TEST_STEP][PASSED] - verifyTextPresent("Billing information", false): Text 'Billing information' is present on page 

2020-07-16 13:51:22 - [MESSAGE][PASSED] - Text 'Billing information' is present on page 

2020-07-16 13:51:22 - [TEST_STEP][PASSED] - verifyTextPresent("Address Line 1", false): Text 'Address Line 1' is present on page 

2020-07-16 13:51:22 - [MESSAGE][PASSED] - Text 'Address Line 1' is present on page 

2020-07-16 13:51:22 - [TEST_STEP][PASSED] - verifyTextPresent(AL1, false): Text '654 Kali terrace' is present on page 

2020-07-16 13:51:22 - [MESSAGE][PASSED] - Text '654 Kali terrace' is present on page 

2020-07-16 13:51:22 - [TEST_STEP][PASSED] - verifyTextPresent("Address Line 2", false): Text 'Address Line 2' is present on page 

2020-07-16 13:51:23 - [MESSAGE][PASSED] - Text 'Address Line 2' is present on page 

2020-07-16 13:51:23 - [TEST_STEP][PASSED] - verifyTextPresent(AL2, false): Text 'Suite 159' is present on page 

2020-07-16 13:51:23 - [MESSAGE][PASSED] - Text 'Suite 159' is present on page 

2020-07-16 13:51:23 - [TEST_STEP][PASSED] - verifyTextPresent("Country", false): Text 'Country' is present on page 

2020-07-16 13:51:23 - [MESSAGE][PASSED] - Text 'Country' is present on page 

2020-07-16 13:51:23 - [TEST_STEP][PASSED] - verifyTextPresent("United States", false): Text 'United States' is present on page 

2020-07-16 13:51:24 - [MESSAGE][PASSED] - Text 'United States' is present on page 

2020-07-16 13:51:24 - [TEST_STEP][PASSED] - verifyTextPresent("City", false): Text 'City' is present on page 

2020-07-16 13:51:24 - [MESSAGE][PASSED] - Text 'City' is present on page 

2020-07-16 13:51:24 - [TEST_STEP][FAILED] - verifyTextPresent(City, false): Text 'SEVERN' is not present on page  (Root cause: com.kms.katalon.core.exception.StepFailedException: Text 'SEVERN' is not present on page 
	at com.kms.katalon.core.webui.keyword.internal.WebUIKeywordMain.stepFailed(WebUIKeywordMain.groovy:64)
	at com.kms.katalon.core.webui.keyword.builtin.VerifyTextPresentKeyword$_verifyTextPresent_closure1.doCall(VerifyTextPresentKeyword.groovy:79)
	at com.kms.katalon.core.webui.keyword.builtin.VerifyTextPresentKeyword$_verifyTextPresent_closure1.call(VerifyTextPresentKeyword.groovy)
	at com.kms.katalon.core.webui.keyword.internal.WebUIKeywordMain.runKeyword(WebUIKeywordMain.groovy:20)
	at com.kms.katalon.core.webui.keyword.builtin.VerifyTextPresentKeyword.verifyTextPresent(VerifyTextPresentKeyword.groovy:83)
	at com.kms.katalon.core.webui.keyword.builtin.VerifyTextPresentKeyword.execute(VerifyTextPresentKeyword.groovy:68)
	at com.kms.katalon.core.keyword.internal.KeywordExecutor.executeKeywordForPlatform(KeywordExecutor.groovy:72)
	at com.kms.katalon.core.webui.keyword.WebUiBuiltInKeywords.verifyTextPresent(WebUiBuiltInKeywords.groovy:1719)
	at com.kms.katalon.core.webui.keyword.WebUiBuiltInKeywords$verifyTextPresent$6.call(Unknown Source)
	at VerifyUINoCFCC.run(VerifyUINoCFCC:350)
	at com.kms.katalon.core.main.ScriptEngine.run(ScriptEngine.java:194)
	at com.kms.katalon.core.main.ScriptEngine.runScriptAsRawText(ScriptEngine.java:119)
	at com.kms.katalon.core.main.TestCaseExecutor.runScript(TestCaseExecutor.java:337)
	at com.kms.katalon.core.main.TestCaseExecutor.doExecute(TestCaseExecutor.java:328)
	at com.kms.katalon.core.main.TestCaseExecutor.processExecutionPhase(TestCaseExecutor.java:307)
	at com.kms.katalon.core.main.TestCaseExecutor.accessMainPhase(TestCaseExecutor.java:299)
	at com.kms.katalon.core.main.TestCaseExecutor.execute(TestCaseExecutor.java:233)
	at com.kms.katalon.core.main.TestSuiteExecutor.accessTestCaseMainPhase(TestSuiteExecutor.java:169)
	at com.kms.katalon.core.main.TestSuiteExecutor.accessTestSuiteMainPhase(TestSuiteExecutor.java:142)
	at com.kms.katalon.core.main.TestSuiteExecutor.execute(TestSuiteExecutor.java:91)
	at com.kms.katalon.core.main.TestCaseMain.startTestSuite(TestCaseMain.java:157)
	at com.kms.katalon.core.main.TestCaseMain$startTestSuite$0.call(Unknown Source)
	at TempTestSuite1594921366105.run(TempTestSuite1594921366105.groovy:37)
)

2020-07-16 13:51:24 - [MESSAGE][FAILED] - Text 'SEVERN' is not present on page  (Root cause: com.kms.katalon.core.exception.StepFailedException: Text 'SEVERN' is not present on page 
	at com.kms.katalon.core.webui.keyword.internal.WebUIKeywordMain.stepFailed(WebUIKeywordMain.groovy:64)
	at com.kms.katalon.core.webui.keyword.builtin.VerifyTextPresentKeyword$_verifyTextPresent_closure1.doCall(VerifyTextPresentKeyword.groovy:79)
	at com.kms.katalon.core.webui.keyword.builtin.VerifyTextPresentKeyword$_verifyTextPresent_closure1.call(VerifyTextPresentKeyword.groovy)
	at com.kms.katalon.core.webui.keyword.internal.WebUIKeywordMain.runKeyword(WebUIKeywordMain.groovy:20)
	at com.kms.katalon.core.webui.keyword.builtin.VerifyTextPresentKeyword.verifyTextPresent(VerifyTextPresentKeyword.groovy:83)
	at com.kms.katalon.core.webui.keyword.builtin.VerifyTextPresentKeyword.execute(VerifyTextPresentKeyword.groovy:68)
	at com.kms.katalon.core.keyword.internal.KeywordExecutor.executeKeywordForPlatform(KeywordExecutor.groovy:72)
	at com.kms.katalon.core.webui.keyword.WebUiBuiltInKeywords.verifyTextPresent(WebUiBuiltInKeywords.groovy:1719)
	at com.kms.katalon.core.webui.keyword.WebUiBuiltInKeywords$verifyTextPresent$6.call(Unknown Source)
	at VerifyUINoCFCC.run(VerifyUINoCFCC:350)
	at com.kms.katalon.core.main.ScriptEngine.run(ScriptEngine.java:194)
	at com.kms.katalon.core.main.ScriptEngine.runScriptAsRawText(ScriptEngine.java:119)
	at com.kms.katalon.core.main.TestCaseExecutor.runScript(TestCaseExecutor.java:337)
	at com.kms.katalon.core.main.TestCaseExecutor.doExecute(TestCaseExecutor.java:328)
	at com.kms.katalon.core.main.TestCaseExecutor.processExecutionPhase(TestCaseExecutor.java:307)
	at com.kms.katalon.core.main.TestCaseExecutor.accessMainPhase(TestCaseExecutor.java:299)
	at com.kms.katalon.core.main.TestCaseExecutor.execute(TestCaseExecutor.java:233)
	at com.kms.katalon.core.main.TestSuiteExecutor.accessTestCaseMainPhase(TestSuiteExecutor.java:169)
	at com.kms.katalon.core.main.TestSuiteExecutor.accessTestSuiteMainPhase(TestSuiteExecutor.java:142)
	at com.kms.katalon.core.main.TestSuiteExecutor.execute(TestSuiteExecutor.java:91)
	at com.kms.katalon.core.main.TestCaseMain.startTestSuite(TestCaseMain.java:157)
	at com.kms.katalon.core.main.TestCaseMain$startTestSuite$0.call(Unknown Source)
	at TempTestSuite1594921366105.run(TempTestSuite1594921366105.groovy:37)
)

2020-07-16 13:51:24 - [TEST_STEP][PASSED] - verifyTextPresent("State", false): Text 'State' is present on page 

2020-07-16 13:51:24 - [MESSAGE][PASSED] - Text 'State' is present on page 

2020-07-16 13:51:24 - [TEST_STEP][PASSED] - verifyTextPresent(State2, false): Text 'MD' is present on page 

2020-07-16 13:51:25 - [MESSAGE][PASSED] - Text 'MD' is present on page 

2020-07-16 13:51:25 - [TEST_STEP][PASSED] - verifyTextPresent("ZIP Code", false): Text 'ZIP Code' is present on page 

2020-07-16 13:51:25 - [MESSAGE][PASSED] - Text 'ZIP Code' is present on page 

2020-07-16 13:51:25 - [TEST_STEP][PASSED] - verifyTextPresent(CZIP, false): Text '21114' is present on page 

2020-07-16 13:51:25 - [MESSAGE][PASSED] - Text '21114' is present on page 

2020-07-16 13:51:25 - [TEST_STEP][PASSED] - verifyElementPresent(findTestObject("Object Repository/IWP30/Page_Receipt/ExitButton"), 30): Object 'Object Repository/IWP30/Page_Receipt/ExitButton' is present

2020-07-16 13:51:26 - [MESSAGE][PASSED] - Object 'Object Repository/IWP30/Page_Receipt/ExitButton' is present

2020-07-16 13:51:26 - [TEST_STEP][PASSED] - closeBrowser(): Browser is closed

2020-07-16 13:51:27 - [MESSAGE][PASSED] - Browser is closed]]></system-out>
         <system-err><![CDATA[2020-07-16 13:42:48 - [TEST_CASE][FAILED] - Test Cases/IntegratedWeb/IWP30/VerifyUINoCFCC: Test Cases/IntegratedWeb/IWP30/VerifyUINoCFCC FAILED.
Reason:
com.kms.katalon.core.exception.StepFailedException: Text 'CROFTON' is not present on page  (Root cause: com.kms.katalon.core.exception.StepFailedException: Text 'CROFTON' is not present on page 
	at com.kms.katalon.core.webui.keyword.internal.WebUIKeywordMain.stepFailed(WebUIKeywordMain.groovy:64)
	at com.kms.katalon.core.webui.keyword.builtin.VerifyTextPresentKeyword$_verifyTextPresent_closure1.doCall(VerifyTextPresentKeyword.groovy:79)
	at com.kms.katalon.core.webui.keyword.builtin.VerifyTextPresentKeyword$_verifyTextPresent_closure1.call(VerifyTextPresentKeyword.groovy)
	at com.kms.katalon.core.webui.keyword.internal.WebUIKeywordMain.runKeyword(WebUIKeywordMain.groovy:20)
	at com.kms.katalon.core.webui.keyword.builtin.VerifyTextPresentKeyword.verifyTextPresent(VerifyTextPresentKeyword.groovy:83)
	at com.kms.katalon.core.webui.keyword.builtin.VerifyTextPresentKeyword.execute(VerifyTextPresentKeyword.groovy:68)
	at com.kms.katalon.core.keyword.internal.KeywordExecutor.executeKeywordForPlatform(KeywordExecutor.groovy:72)
	at com.kms.katalon.core.webui.keyword.WebUiBuiltInKeywords.verifyTextPresent(WebUiBuiltInKeywords.groovy:1719)
	at com.kms.katalon.core.webui.keyword.WebUiBuiltInKeywords$verifyTextPresent$6.call(Unknown Source)
	at VerifyUINoCFCC.run(VerifyUINoCFCC:255)
	at com.kms.katalon.core.main.ScriptEngine.run(ScriptEngine.java:194)
	at com.kms.katalon.core.main.ScriptEngine.runScriptAsRawText(ScriptEngine.java:119)
	at com.kms.katalon.core.main.TestCaseExecutor.runScript(TestCaseExecutor.java:337)
	at com.kms.katalon.core.main.TestCaseExecutor.doExecute(TestCaseExecutor.java:328)
	at com.kms.katalon.core.main.TestCaseExecutor.processExecutionPhase(TestCaseExecutor.java:307)
	at com.kms.katalon.core.main.TestCaseExecutor.accessMainPhase(TestCaseExecutor.java:299)
	at com.kms.katalon.core.main.TestCaseExecutor.execute(TestCaseExecutor.java:233)
	at com.kms.katalon.core.main.TestSuiteExecutor.accessTestCaseMainPhase(TestSuiteExecutor.java:169)
	at com.kms.katalon.core.main.TestSuiteExecutor.accessTestSuiteMainPhase(TestSuiteExecutor.java:142)
	at com.kms.katalon.core.main.TestSuiteExecutor.execute(TestSuiteExecutor.java:91)
	at com.kms.katalon.core.main.TestCaseMain.startTestSuite(TestCaseMain.java:157)
	at com.kms.katalon.core.main.TestCaseMain$startTestSuite$0.call(Unknown Source)
	at TempTestSuite1594921366105.run(TempTestSuite1594921366105.groovy:37)
)
	at com.kms.katalon.core.keyword.internal.KeywordMain.stepFailed(KeywordMain.groovy:39)
	at com.kms.katalon.core.webui.keyword.internal.WebUIKeywordMain.stepFailed(WebUIKeywordMain.groovy:64)
	at com.kms.katalon.core.webui.keyword.builtin.VerifyTextPresentKeyword$_verifyTextPresent_closure1.doCall(VerifyTextPresentKeyword.groovy:79)
	at com.kms.katalon.core.webui.keyword.builtin.VerifyTextPresentKeyword$_verifyTextPresent_closure1.call(VerifyTextPresentKeyword.groovy)
	at com.kms.katalon.core.webui.keyword.internal.WebUIKeywordMain.runKeyword(WebUIKeywordMain.groovy:20)
	at com.kms.katalon.core.webui.keyword.builtin.VerifyTextPresentKeyword.verifyTextPresent(VerifyTextPresentKeyword.groovy:83)
	at com.kms.katalon.core.webui.keyword.builtin.VerifyTextPresentKeyword.execute(VerifyTextPresentKeyword.groovy:68)
	at com.kms.katalon.core.keyword.internal.KeywordExecutor.executeKeywordForPlatform(KeywordExecutor.groovy:72)
	at com.kms.katalon.core.webui.keyword.WebUiBuiltInKeywords.verifyTextPresent(WebUiBuiltInKeywords.groovy:1719)
	at com.kms.katalon.core.webui.keyword.WebUiBuiltInKeywords$verifyTextPresent$6.call(Unknown Source)
	at VerifyUINoCFCC.run(VerifyUINoCFCC:255)
	at com.kms.katalon.core.main.ScriptEngine.run(ScriptEngine.java:194)
	at com.kms.katalon.core.main.ScriptEngine.runScriptAsRawText(ScriptEngine.java:119)
	at com.kms.katalon.core.main.TestCaseExecutor.runScript(TestCaseExecutor.java:337)
	at com.kms.katalon.core.main.TestCaseExecutor.doExecute(TestCaseExecutor.java:328)
	at com.kms.katalon.core.main.TestCaseExecutor.processExecutionPhase(TestCaseExecutor.java:307)
	at com.kms.katalon.core.main.TestCaseExecutor.accessMainPhase(TestCaseExecutor.java:299)
	at com.kms.katalon.core.main.TestCaseExecutor.execute(TestCaseExecutor.java:233)
	at com.kms.katalon.core.main.TestSuiteExecutor.accessTestCaseMainPhase(TestSuiteExecutor.java:169)
	at com.kms.katalon.core.main.TestSuiteExecutor.accessTestSuiteMainPhase(TestSuiteExecutor.java:142)
	at com.kms.katalon.core.main.TestSuiteExecutor.execute(TestSuiteExecutor.java:91)
	at com.kms.katalon.core.main.TestCaseMain.startTestSuite(TestCaseMain.java:157)
	at com.kms.katalon.core.main.TestCaseMain$startTestSuite$0.call(Unknown Source)
	at TempTestSuite1594921366105.run(TempTestSuite1594921366105.groovy:37)
Caused by: com.kms.katalon.core.exception.StepFailedException: Text 'CROFTON' is not present on page 
	... 23 more]]></system-err>
      </testcase>
      <system-out><![CDATA[2020-07-16 13:42:48 - [TEST_SUITE][FAILED] - IWP30 Smoke TestSuite: Test Cases/IntegratedWeb/IWP30/VerifyUINoCFCC FAILED.
Reason:
com.kms.katalon.core.exception.StepFailedException: Text 'CROFTON' is not present on page  (Root cause: com.kms.katalon.core.exception.StepFailedException: Text 'CROFTON' is not present on page 
	at com.kms.katalon.core.webui.keyword.internal.WebUIKeywordMain.stepFailed(WebUIKeywordMain.groovy:64)
	at com.kms.katalon.core.webui.keyword.builtin.VerifyTextPresentKeyword$_verifyTextPresent_closure1.doCall(VerifyTextPresentKeyword.groovy:79)
	at com.kms.katalon.core.webui.keyword.builtin.VerifyTextPresentKeyword$_verifyTextPresent_closure1.call(VerifyTextPresentKeyword.groovy)
	at com.kms.katalon.core.webui.keyword.internal.WebUIKeywordMain.runKeyword(WebUIKeywordMain.groovy:20)
	at com.kms.katalon.core.webui.keyword.builtin.VerifyTextPresentKeyword.verifyTextPresent(VerifyTextPresentKeyword.groovy:83)
	at com.kms.katalon.core.webui.keyword.builtin.VerifyTextPresentKeyword.execute(VerifyTextPresentKeyword.groovy:68)
	at com.kms.katalon.core.keyword.internal.KeywordExecutor.executeKeywordForPlatform(KeywordExecutor.groovy:72)
	at com.kms.katalon.core.webui.keyword.WebUiBuiltInKeywords.verifyTextPresent(WebUiBuiltInKeywords.groovy:1719)
	at com.kms.katalon.core.webui.keyword.WebUiBuiltInKeywords$verifyTextPresent$6.call(Unknown Source)
	at VerifyUINoCFCC.run(VerifyUINoCFCC:255)
	at com.kms.katalon.core.main.ScriptEngine.run(ScriptEngine.java:194)
	at com.kms.katalon.core.main.ScriptEngine.runScriptAsRawText(ScriptEngine.java:119)
	at com.kms.katalon.core.main.TestCaseExecutor.runScript(TestCaseExecutor.java:337)
	at com.kms.katalon.core.main.TestCaseExecutor.doExecute(TestCaseExecutor.java:328)
	at com.kms.katalon.core.main.TestCaseExecutor.processExecutionPhase(TestCaseExecutor.java:307)
	at com.kms.katalon.core.main.TestCaseExecutor.accessMainPhase(TestCaseExecutor.java:299)
	at com.kms.katalon.core.main.TestCaseExecutor.execute(TestCaseExecutor.java:233)
	at com.kms.katalon.core.main.TestSuiteExecutor.accessTestCaseMainPhase(TestSuiteExecutor.java:169)
	at com.kms.katalon.core.main.TestSuiteExecutor.accessTestSuiteMainPhase(TestSuiteExecutor.java:142)
	at com.kms.katalon.core.main.TestSuiteExecutor.execute(TestSuiteExecutor.java:91)
	at com.kms.katalon.core.main.TestCaseMain.startTestSuite(TestCaseMain.java:157)
	at com.kms.katalon.core.main.TestCaseMain$startTestSuite$0.call(Unknown Source)
	at TempTestSuite1594921366105.run(TempTestSuite1594921366105.groovy:37)
)
	at com.kms.katalon.core.keyword.internal.KeywordMain.stepFailed(KeywordMain.groovy:39)
	at com.kms.katalon.core.webui.keyword.internal.WebUIKeywordMain.stepFailed(WebUIKeywordMain.groovy:64)
	at com.kms.katalon.core.webui.keyword.builtin.VerifyTextPresentKeyword$_verifyTextPresent_closure1.doCall(VerifyTextPresentKeyword.groovy:79)
	at com.kms.katalon.core.webui.keyword.builtin.VerifyTextPresentKeyword$_verifyTextPresent_closure1.call(VerifyTextPresentKeyword.groovy)
	at com.kms.katalon.core.webui.keyword.internal.WebUIKeywordMain.runKeyword(WebUIKeywordMain.groovy:20)
	at com.kms.katalon.core.webui.keyword.builtin.VerifyTextPresentKeyword.verifyTextPresent(VerifyTextPresentKeyword.groovy:83)
	at com.kms.katalon.core.webui.keyword.builtin.VerifyTextPresentKeyword.execute(VerifyTextPresentKeyword.groovy:68)
	at com.kms.katalon.core.keyword.internal.KeywordExecutor.executeKeywordForPlatform(KeywordExecutor.groovy:72)
	at com.kms.katalon.core.webui.keyword.WebUiBuiltInKeywords.verifyTextPresent(WebUiBuiltInKeywords.groovy:1719)
	at com.kms.katalon.core.webui.keyword.WebUiBuiltInKeywords$verifyTextPresent$6.call(Unknown Source)
	at VerifyUINoCFCC.run(VerifyUINoCFCC:255)
	at com.kms.katalon.core.main.ScriptEngine.run(ScriptEngine.java:194)
	at com.kms.katalon.core.main.ScriptEngine.runScriptAsRawText(ScriptEngine.java:119)
	at com.kms.katalon.core.main.TestCaseExecutor.runScript(TestCaseExecutor.java:337)
	at com.kms.katalon.core.main.TestCaseExecutor.doExecute(TestCaseExecutor.java:328)
	at com.kms.katalon.core.main.TestCaseExecutor.processExecutionPhase(TestCaseExecutor.java:307)
	at com.kms.katalon.core.main.TestCaseExecutor.accessMainPhase(TestCaseExecutor.java:299)
	at com.kms.katalon.core.main.TestCaseExecutor.execute(TestCaseExecutor.java:233)
	at com.kms.katalon.core.main.TestSuiteExecutor.accessTestCaseMainPhase(TestSuiteExecutor.java:169)
	at com.kms.katalon.core.main.TestSuiteExecutor.accessTestSuiteMainPhase(TestSuiteExecutor.java:142)
	at com.kms.katalon.core.main.TestSuiteExecutor.execute(TestSuiteExecutor.java:91)
	at com.kms.katalon.core.main.TestCaseMain.startTestSuite(TestCaseMain.java:157)
	at com.kms.katalon.core.main.TestCaseMain$startTestSuite$0.call(Unknown Source)
	at TempTestSuite1594921366105.run(TempTestSuite1594921366105.groovy:37)
Caused by: com.kms.katalon.core.exception.StepFailedException: Text 'CROFTON' is not present on page 
	... 23 more]]></system-out>
      <system-err><![CDATA[2020-07-16 13:42:48 - [TEST_SUITE][FAILED] - IWP30 Smoke TestSuite: Test Cases/IntegratedWeb/IWP30/VerifyUINoCFCC FAILED.
Reason:
com.kms.katalon.core.exception.StepFailedException: Text 'CROFTON' is not present on page  (Root cause: com.kms.katalon.core.exception.StepFailedException: Text 'CROFTON' is not present on page 
	at com.kms.katalon.core.webui.keyword.internal.WebUIKeywordMain.stepFailed(WebUIKeywordMain.groovy:64)
	at com.kms.katalon.core.webui.keyword.builtin.VerifyTextPresentKeyword$_verifyTextPresent_closure1.doCall(VerifyTextPresentKeyword.groovy:79)
	at com.kms.katalon.core.webui.keyword.builtin.VerifyTextPresentKeyword$_verifyTextPresent_closure1.call(VerifyTextPresentKeyword.groovy)
	at com.kms.katalon.core.webui.keyword.internal.WebUIKeywordMain.runKeyword(WebUIKeywordMain.groovy:20)
	at com.kms.katalon.core.webui.keyword.builtin.VerifyTextPresentKeyword.verifyTextPresent(VerifyTextPresentKeyword.groovy:83)
	at com.kms.katalon.core.webui.keyword.builtin.VerifyTextPresentKeyword.execute(VerifyTextPresentKeyword.groovy:68)
	at com.kms.katalon.core.keyword.internal.KeywordExecutor.executeKeywordForPlatform(KeywordExecutor.groovy:72)
	at com.kms.katalon.core.webui.keyword.WebUiBuiltInKeywords.verifyTextPresent(WebUiBuiltInKeywords.groovy:1719)
	at com.kms.katalon.core.webui.keyword.WebUiBuiltInKeywords$verifyTextPresent$6.call(Unknown Source)
	at VerifyUINoCFCC.run(VerifyUINoCFCC:255)
	at com.kms.katalon.core.main.ScriptEngine.run(ScriptEngine.java:194)
	at com.kms.katalon.core.main.ScriptEngine.runScriptAsRawText(ScriptEngine.java:119)
	at com.kms.katalon.core.main.TestCaseExecutor.runScript(TestCaseExecutor.java:337)
	at com.kms.katalon.core.main.TestCaseExecutor.doExecute(TestCaseExecutor.java:328)
	at com.kms.katalon.core.main.TestCaseExecutor.processExecutionPhase(TestCaseExecutor.java:307)
	at com.kms.katalon.core.main.TestCaseExecutor.accessMainPhase(TestCaseExecutor.java:299)
	at com.kms.katalon.core.main.TestCaseExecutor.execute(TestCaseExecutor.java:233)
	at com.kms.katalon.core.main.TestSuiteExecutor.accessTestCaseMainPhase(TestSuiteExecutor.java:169)
	at com.kms.katalon.core.main.TestSuiteExecutor.accessTestSuiteMainPhase(TestSuiteExecutor.java:142)
	at com.kms.katalon.core.main.TestSuiteExecutor.execute(TestSuiteExecutor.java:91)
	at com.kms.katalon.core.main.TestCaseMain.startTestSuite(TestCaseMain.java:157)
	at com.kms.katalon.core.main.TestCaseMain$startTestSuite$0.call(Unknown Source)
	at TempTestSuite1594921366105.run(TempTestSuite1594921366105.groovy:37)
)
	at com.kms.katalon.core.keyword.internal.KeywordMain.stepFailed(KeywordMain.groovy:39)
	at com.kms.katalon.core.webui.keyword.internal.WebUIKeywordMain.stepFailed(WebUIKeywordMain.groovy:64)
	at com.kms.katalon.core.webui.keyword.builtin.VerifyTextPresentKeyword$_verifyTextPresent_closure1.doCall(VerifyTextPresentKeyword.groovy:79)
	at com.kms.katalon.core.webui.keyword.builtin.VerifyTextPresentKeyword$_verifyTextPresent_closure1.call(VerifyTextPresentKeyword.groovy)
	at com.kms.katalon.core.webui.keyword.internal.WebUIKeywordMain.runKeyword(WebUIKeywordMain.groovy:20)
	at com.kms.katalon.core.webui.keyword.builtin.VerifyTextPresentKeyword.verifyTextPresent(VerifyTextPresentKeyword.groovy:83)
	at com.kms.katalon.core.webui.keyword.builtin.VerifyTextPresentKeyword.execute(VerifyTextPresentKeyword.groovy:68)
	at com.kms.katalon.core.keyword.internal.KeywordExecutor.executeKeywordForPlatform(KeywordExecutor.groovy:72)
	at com.kms.katalon.core.webui.keyword.WebUiBuiltInKeywords.verifyTextPresent(WebUiBuiltInKeywords.groovy:1719)
	at com.kms.katalon.core.webui.keyword.WebUiBuiltInKeywords$verifyTextPresent$6.call(Unknown Source)
	at VerifyUINoCFCC.run(VerifyUINoCFCC:255)
	at com.kms.katalon.core.main.ScriptEngine.run(ScriptEngine.java:194)
	at com.kms.katalon.core.main.ScriptEngine.runScriptAsRawText(ScriptEngine.java:119)
	at com.kms.katalon.core.main.TestCaseExecutor.runScript(TestCaseExecutor.java:337)
	at com.kms.katalon.core.main.TestCaseExecutor.doExecute(TestCaseExecutor.java:328)
	at com.kms.katalon.core.main.TestCaseExecutor.processExecutionPhase(TestCaseExecutor.java:307)
	at com.kms.katalon.core.main.TestCaseExecutor.accessMainPhase(TestCaseExecutor.java:299)
	at com.kms.katalon.core.main.TestCaseExecutor.execute(TestCaseExecutor.java:233)
	at com.kms.katalon.core.main.TestSuiteExecutor.accessTestCaseMainPhase(TestSuiteExecutor.java:169)
	at com.kms.katalon.core.main.TestSuiteExecutor.accessTestSuiteMainPhase(TestSuiteExecutor.java:142)
	at com.kms.katalon.core.main.TestSuiteExecutor.execute(TestSuiteExecutor.java:91)
	at com.kms.katalon.core.main.TestCaseMain.startTestSuite(TestCaseMain.java:157)
	at com.kms.katalon.core.main.TestCaseMain$startTestSuite$0.call(Unknown Source)
	at TempTestSuite1594921366105.run(TempTestSuite1594921366105.groovy:37)
Caused by: com.kms.katalon.core.exception.StepFailedException: Text 'CROFTON' is not present on page 
	... 23 more]]></system-err>
   </testsuite>
</testsuites>
