<?xml version="1.0" encoding="UTF-8"?>
<testsuites name="IWP30 Smoke TestSuite" time="1632.739" tests="5" failures="0" errors="0">
   <testsuite name="IWP30 Smoke TestSuite" tests="5" failures="0" errors="0" time="1632.739" timestamp="2020-07-14 13:27:14" hostname="iahmed - DESKTOP-B2QI6NS.govolution.com" id="Test Suites/QA Smoke Test/IWP30 Smoke TestSuite">
      <properties>
         <property name="deviceName" value=""/>
         <property name="devicePlatform" value=""/>
         <property name="logFolder" value="C:\\Users\\iahmed\\Documents\\VPS-Smoke-Version001\\Reports\\20200714_132712\\QA Smoke Test\\IWP30 Smoke TestSuite\\20200714_132712"/>
         <property name="logFiles" value="C:\\Users\\iahmed\\Documents\\VPS-Smoke-Version001\\Reports\\20200714_132712\\QA Smoke Test\\IWP30 Smoke TestSuite\\20200714_132712\\execution0.log"/>
         <property name="attachments" value=""/>
         <property name="hostName" value="iahmed - DESKTOP-B2QI6NS.govolution.com"/>
         <property name="os" value="Windows 10 64bit"/>
         <property name="katalonVersion" value="7.5.10.1"/>
         <property name="browser" value="Chrome 83.0.4103.116"/>
         <property name="hostAddress" value="10.5.20.43"/>
         <property name="sessionId" value="b443e6868b7bdc8770fbfa1c0beb3525"/>
         <property name="seleniumVersion" value="3.141.59"/>
         <property name="proxyInformation" value="ProxyInformation { proxyOption=NO_PROXY, proxyServerType=HTTP, username=, password=********, proxyServerAddress=, proxyServerPort=0, executionList=\&quot;\&quot;, isApplyToDesiredCapabilities=true }"/>
         <property name="platform" value="Windows 10"/>
      </properties>
      <testcase name="Test Cases/IntegratedWeb/IWP30/PayNowReqFieldsCC" time="715.645" classname="Test Cases/IntegratedWeb/IWP30/PayNowReqFieldsCC" status="PASSED">
         <system-out><![CDATA[2020-07-14 13:27:14 - [TEST_CASE][PASSED] - Test Cases/IntegratedWeb/IWP30/PayNowReqFieldsCC: Test Cases/IntegratedWeb/IWP30/PayNowReqFieldsCC

2020-07-14 13:27:15 - [TEST_STEP][PASSED] - numOfRows = findTestData("IWP30PayNowCC").getRowNumbers(): null

2020-07-14 13:27:16 - [TEST_STEP][PASSED] - println(numOfRows): null

2020-07-14 13:27:16 - [TEST_STEP][PASSED] - for ([row = 1, row <= numOfRows, (row++)]): Browser is closed

2020-07-14 13:27:16 - [TEST_STEP][PASSED] - try: null

2020-07-14 13:27:16 - [TEST_STEP][PASSED] - MV = findTestData("IWP30PayNowCC").getValue("MV", row): null

2020-07-14 13:27:16 - [TEST_STEP][PASSED] - println(MV): null

2020-07-14 13:27:16 - [TEST_STEP][PASSED] - Amount = findTestData("IWP30PayNowCC").getValue("Amount", row): null

2020-07-14 13:27:16 - [TEST_STEP][PASSED] - println(Amount): null

2020-07-14 13:27:16 - [TEST_STEP][PASSED] - CAN = findTestData("IWP30PayNowCC").getValue("CAN", row): null

2020-07-14 13:27:16 - [TEST_STEP][PASSED] - println(CAN): null

2020-07-14 13:27:16 - [TEST_STEP][PASSED] - Action = findTestData("IWP30PayNowCC").getValue("Action", row): null

2020-07-14 13:27:16 - [TEST_STEP][PASSED] - println(Action): null

2020-07-14 13:27:16 - [TEST_STEP][PASSED] - Lang = findTestData("IWP30PayNowCC").getValue("Lang", row): null

2020-07-14 13:27:16 - [TEST_STEP][PASSED] - println(Lang): null

2020-07-14 13:27:16 - [TEST_STEP][PASSED] - Fname = findTestData("IWP30PayNowCC").getValue("Fname", row): null

2020-07-14 13:27:16 - [TEST_STEP][PASSED] - println(Fname): null

2020-07-14 13:27:16 - [TEST_STEP][PASSED] - Lname = findTestData("IWP30PayNowCC").getValue("Lname", row): null

2020-07-14 13:27:16 - [TEST_STEP][PASSED] - println(Lname): null

2020-07-14 13:27:16 - [TEST_STEP][PASSED] - AL1 = findTestData("IWP30PayNowCC").getValue("AL1", row): null

2020-07-14 13:27:17 - [TEST_STEP][PASSED] - println(AL1): null

2020-07-14 13:27:17 - [TEST_STEP][PASSED] - AL2 = findTestData("IWP30PayNowCC").getValue("AL2", row): null

2020-07-14 13:27:17 - [TEST_STEP][PASSED] - println(AL2): null

2020-07-14 13:27:17 - [TEST_STEP][PASSED] - Country = findTestData("IWP30PayNowCC").getValue("Country", row): null

2020-07-14 13:27:17 - [TEST_STEP][PASSED] - println(Country): null

2020-07-14 13:27:17 - [TEST_STEP][PASSED] - City = findTestData("IWP30PayNowCC").getValue("City", row): null

2020-07-14 13:27:17 - [TEST_STEP][PASSED] - println(City): null

2020-07-14 13:27:17 - [TEST_STEP][PASSED] - State = findTestData("IWP30PayNowCC").getValue("State", row): null

2020-07-14 13:27:17 - [TEST_STEP][PASSED] - println(State): null

2020-07-14 13:27:17 - [TEST_STEP][PASSED] - ZIP = findTestData("IWP30PayNowCC").getValue("ZIP", row): null

2020-07-14 13:27:17 - [TEST_STEP][PASSED] - println(ZIP): null

2020-07-14 13:27:17 - [TEST_STEP][PASSED] - Order = findTestData("IWP30PayNowCC").getValue("Order", row): null

2020-07-14 13:27:17 - [TEST_STEP][PASSED] - println(Order): null

2020-07-14 13:27:17 - [TEST_STEP][PASSED] - CompanyName = findTestData("IWP30PayNowCC").getValue("CompanyName", row): null

2020-07-14 13:27:17 - [TEST_STEP][PASSED] - println(CompanyName): null

2020-07-14 13:27:17 - [TEST_STEP][PASSED] - Email = findTestData("IWP30PayNowCC").getValue("Email", row): null

2020-07-14 13:27:17 - [TEST_STEP][PASSED] - println(Email): null

2020-07-14 13:27:17 - [TEST_STEP][PASSED] - UDF1 = findTestData("IWP30PayNowCC").getValue("UDF1", row): null

2020-07-14 13:27:17 - [TEST_STEP][PASSED] - println(UDF1): null

2020-07-14 13:27:17 - [TEST_STEP][PASSED] - UDF2 = findTestData("IWP30PayNowCC").getValue("UDF2", row): null

2020-07-14 13:27:17 - [TEST_STEP][PASSED] - println(UDF2): null

2020-07-14 13:27:17 - [TEST_STEP][PASSED] - UDF3 = findTestData("IWP30PayNowCC").getValue("UDF3", row): null

2020-07-14 13:27:17 - [TEST_STEP][PASSED] - println(UDF3): null

2020-07-14 13:27:17 - [TEST_STEP][PASSED] - UDF4 = findTestData("IWP30PayNowCC").getValue("UDF4", row): null

2020-07-14 13:27:17 - [TEST_STEP][PASSED] - println(UDF4): null

2020-07-14 13:27:17 - [TEST_STEP][PASSED] - UDF5 = findTestData("IWP30PayNowCC").getValue("UDF5", row): null

2020-07-14 13:27:18 - [TEST_STEP][PASSED] - println(UDF5): null

2020-07-14 13:27:18 - [TEST_STEP][PASSED] - UDF6 = findTestData("IWP30PayNowCC").getValue("UDF6", row): null

2020-07-14 13:27:18 - [TEST_STEP][PASSED] - println(UDF6): null

2020-07-14 13:27:18 - [TEST_STEP][PASSED] - UDF7 = findTestData("IWP30PayNowCC").getValue("UDF7", row): null

2020-07-14 13:27:18 - [TEST_STEP][PASSED] - println(UDF7): null

2020-07-14 13:27:18 - [TEST_STEP][PASSED] - UDF8 = findTestData("IWP30PayNowCC").getValue("UDF8", row): null

2020-07-14 13:27:18 - [TEST_STEP][PASSED] - println(UDF8): null

2020-07-14 13:27:18 - [TEST_STEP][PASSED] - UDF9 = findTestData("IWP30PayNowCC").getValue("UDF9", row): null

2020-07-14 13:27:18 - [TEST_STEP][PASSED] - println(UDF9): null

2020-07-14 13:27:18 - [TEST_STEP][PASSED] - UDF10 = findTestData("IWP30PayNowCC").getValue("UDF10", row): null

2020-07-14 13:27:18 - [TEST_STEP][PASSED] - println(UDF10): null

2020-07-14 13:27:18 - [TEST_STEP][PASSED] - AppID = findTestData("IWP30PayNowCC").getValue("AppID", row): null

2020-07-14 13:27:18 - [TEST_STEP][PASSED] - println(AppID): null

2020-07-14 13:27:18 - [TEST_STEP][PASSED] - MessageVersion = findTestData("IWP30PayNowCC").getValue("MessageVersion", row): null

2020-07-14 13:27:18 - [TEST_STEP][PASSED] - println(MessageVersion): null

2020-07-14 13:27:18 - [TEST_STEP][PASSED] - CCAmount = findTestData("IWP30PayNowCC").getValue("CCAmount", row): null

2020-07-14 13:27:18 - [TEST_STEP][PASSED] - println(CCAmount): null

2020-07-14 13:27:18 - [TEST_STEP][PASSED] - CCUDF1 = findTestData("IWP30PayNowCC").getValue("CCUDF1", row): null

2020-07-14 13:27:18 - [TEST_STEP][PASSED] - println(CCUDF1): null

2020-07-14 13:27:18 - [TEST_STEP][PASSED] - CCUDF2 = findTestData("IWP30PayNowCC").getValue("CCUDF2", row): null

2020-07-14 13:27:18 - [TEST_STEP][PASSED] - println(CCUDF2): null

2020-07-14 13:27:18 - [TEST_STEP][PASSED] - CCUDF3 = findTestData("IWP30PayNowCC").getValue("CCUDF3", row): null

2020-07-14 13:27:18 - [TEST_STEP][PASSED] - println(CCUDF3): null

2020-07-14 13:27:18 - [TEST_STEP][PASSED] - CCUDF4 = findTestData("IWP30PayNowCC").getValue("CCUDF4", row): null

2020-07-14 13:27:18 - [TEST_STEP][PASSED] - println(CCUDF4): null

2020-07-14 13:27:18 - [TEST_STEP][PASSED] - CCUDF5 = findTestData("IWP30PayNowCC").getValue("CCUDF5", row): null

2020-07-14 13:27:18 - [TEST_STEP][PASSED] - println(CCUDF5): null

2020-07-14 13:27:18 - [TEST_STEP][PASSED] - CCUDF6 = findTestData("IWP30PayNowCC").getValue("CCUDF6", row): null

2020-07-14 13:27:18 - [TEST_STEP][PASSED] - println(CCUDF6): null

2020-07-14 13:27:18 - [TEST_STEP][PASSED] - CCUDF7 = findTestData("IWP30PayNowCC").getValue("CCUDF7", row): null

2020-07-14 13:27:18 - [TEST_STEP][PASSED] - println(CCUDF7): null

2020-07-14 13:27:18 - [TEST_STEP][PASSED] - CCUDF8 = findTestData("IWP30PayNowCC").getValue("CCUDF8", row): null

2020-07-14 13:27:18 - [TEST_STEP][PASSED] - println(CCUDF8): null

2020-07-14 13:27:18 - [TEST_STEP][PASSED] - CCUDF9 = findTestData("IWP30PayNowCC").getValue("CCUDF9", row): null

2020-07-14 13:27:19 - [TEST_STEP][PASSED] - println(CCUDF9): null

2020-07-14 13:27:19 - [TEST_STEP][PASSED] - CCUDF10 = findTestData("IWP30PayNowCC").getValue("CCUDF10", row): null

2020-07-14 13:27:19 - [TEST_STEP][PASSED] - println(CCUDF10): null

2020-07-14 13:27:19 - [TEST_STEP][PASSED] - CCName = findTestData("IWP30PayNowCC").getValue("CCName", row): null

2020-07-14 13:27:19 - [TEST_STEP][PASSED] - println(CCName): null

2020-07-14 13:27:19 - [TEST_STEP][PASSED] - CCCardNum = findTestData("IWP30PayNowCC").getValue("CCCardNum", row): null

2020-07-14 13:27:19 - [TEST_STEP][PASSED] - println(CCCardNum): null

2020-07-14 13:27:19 - [TEST_STEP][PASSED] - CCSPC = findTestData("IWP30PayNowCC").getValue("CCSPC", row): null

2020-07-14 13:27:19 - [TEST_STEP][PASSED] - println(CCSPC): null

2020-07-14 13:27:19 - [TEST_STEP][PASSED] - CCExpM = findTestData("IWP30PayNowCC").getValue("CCExpM", row): null

2020-07-14 13:27:19 - [TEST_STEP][PASSED] - println(CCExpM): null

2020-07-14 13:27:19 - [TEST_STEP][PASSED] - CCExpY = findTestData("IWP30PayNowCC").getValue("CCExpY", row): null

2020-07-14 13:27:19 - [TEST_STEP][PASSED] - println(CCExpY): null

2020-07-14 13:27:19 - [TEST_STEP][PASSED] - CCDate = findTestData("IWP30PayNowCC").getValue("CCDate", row): null

2020-07-14 13:27:19 - [TEST_STEP][PASSED] - println(CCDate): null

2020-07-14 13:27:19 - [TEST_STEP][PASSED] - CCAL1 = findTestData("IWP30PayNowCC").getValue("CCAL1", row): null

2020-07-14 13:27:19 - [TEST_STEP][PASSED] - println(CCAL1): null

2020-07-14 13:27:19 - [TEST_STEP][PASSED] - CCAL2 = findTestData("IWP30PayNowCC").getValue("CCAL2", row): null

2020-07-14 13:27:19 - [TEST_STEP][PASSED] - println(CCAL2): null

2020-07-14 13:27:19 - [TEST_STEP][PASSED] - CCZIP = findTestData("IWP30PayNowCC").getValue("CCZIP", row): null

2020-07-14 13:27:19 - [TEST_STEP][PASSED] - println(CCZIP): null

2020-07-14 13:27:19 - [TEST_STEP][PASSED] - CCEmail = findTestData("IWP30PayNowCC").getValue("CCEmail", row): null

2020-07-14 13:27:19 - [TEST_STEP][PASSED] - println(CCEmail): null

2020-07-14 13:27:19 - [TEST_STEP][PASSED] - openBrowser(urlEmulator): Browser is opened with url: 'https://qa.velocitypayment.com/agency/config.do?action=editor'

2020-07-14 13:27:20 - [MESSAGE][INFO] - Starting 'Chrome' driver

2020-07-14 13:27:20 - [MESSAGE][INFO] - User set preference: ['acceptInsecureCerts', 'true']

2020-07-14 13:27:20 - [MESSAGE][INFO] - Action delay is set to 0 milliseconds

2020-07-14 13:27:24 - [MESSAGE][PASSED] - Browser is opened with url: 'https://qa.velocitypayment.com/agency/config.do?action=editor'

2020-07-14 13:27:24 - [TEST_STEP][PASSED] - maximizeWindow(): Current window maximized

2020-07-14 13:27:25 - [MESSAGE][PASSED] - Current window maximized

2020-07-14 13:27:25 - [TEST_STEP][PASSED] - selectOptionByValue(findTestObject("IWP30/Page_VRelay30Emulator/MV"), MV, true): All options with value '3.0' are selected in object 'Object Repository/IWP30/Page_VRelay30Emulator/MV'  using regular expression

2020-07-14 13:27:26 - [MESSAGE][PASSED] - All options with value '3.0' are selected in object 'Object Repository/IWP30/Page_VRelay30Emulator/MV'  using regular expression

2020-07-14 13:27:26 - [TEST_STEP][PASSED] - setText(findTestObject("IWP30/Page_VRelay30Emulator/Amount"), Amount): Text '10.50' is set on object 'Object Repository/IWP30/Page_VRelay30Emulator/Amount'

2020-07-14 13:27:27 - [MESSAGE][PASSED] - Text '10.50' is set on object 'Object Repository/IWP30/Page_VRelay30Emulator/Amount'

2020-07-14 13:27:27 - [TEST_STEP][PASSED] - setText(findTestObject("IWP30/Page_VRelay30Emulator/CAN"), CAN): Text '26411005' is set on object 'Object Repository/IWP30/Page_VRelay30Emulator/CAN'

2020-07-14 13:27:27 - [MESSAGE][PASSED] - Text '26411005' is set on object 'Object Repository/IWP30/Page_VRelay30Emulator/CAN'

2020-07-14 13:27:27 - [TEST_STEP][PASSED] - setText(findTestObject("IWP30/Page_VRelay30Emulator/Action"), Action): Text 'PayNow' is set on object 'Object Repository/IWP30/Page_VRelay30Emulator/Action'

2020-07-14 13:27:28 - [MESSAGE][PASSED] - Text 'PayNow' is set on object 'Object Repository/IWP30/Page_VRelay30Emulator/Action'

2020-07-14 13:27:28 - [TEST_STEP][PASSED] - setText(findTestObject("IWP30/Page_VRelay30Emulator/Lang"), Lang): Text 'en_US' is set on object 'Object Repository/IWP30/Page_VRelay30Emulator/Lang'

2020-07-14 13:27:29 - [MESSAGE][PASSED] - Text 'en_US' is set on object 'Object Repository/IWP30/Page_VRelay30Emulator/Lang'

2020-07-14 13:27:29 - [TEST_STEP][PASSED] - setText(findTestObject("IWP30/Page_VRelay30Emulator/Fname"), Fname): Text '' is set on object 'Object Repository/IWP30/Page_VRelay30Emulator/Fname'

2020-07-14 13:27:29 - [MESSAGE][PASSED] - Text '' is set on object 'Object Repository/IWP30/Page_VRelay30Emulator/Fname'

2020-07-14 13:27:29 - [TEST_STEP][PASSED] - setText(findTestObject("IWP30/Page_VRelay30Emulator/Lname"), Lname): Text '' is set on object 'Object Repository/IWP30/Page_VRelay30Emulator/Lname'

2020-07-14 13:27:30 - [MESSAGE][PASSED] - Text '' is set on object 'Object Repository/IWP30/Page_VRelay30Emulator/Lname'

2020-07-14 13:27:30 - [TEST_STEP][PASSED] - setText(findTestObject("IWP30/Page_VRelay30Emulator/AL1"), AL1): Text '' is set on object 'Object Repository/IWP30/Page_VRelay30Emulator/AL1'

2020-07-14 13:27:31 - [MESSAGE][PASSED] - Text '' is set on object 'Object Repository/IWP30/Page_VRelay30Emulator/AL1'

2020-07-14 13:27:31 - [TEST_STEP][PASSED] - setText(findTestObject("IWP30/Page_VRelay30Emulator/AL2"), AL2): Text '' is set on object 'Object Repository/IWP30/Page_VRelay30Emulator/AL2'

2020-07-14 13:27:31 - [MESSAGE][PASSED] - Text '' is set on object 'Object Repository/IWP30/Page_VRelay30Emulator/AL2'

2020-07-14 13:27:31 - [TEST_STEP][PASSED] - setText(findTestObject("IWP30/Page_VRelay30Emulator/Country"), Country): Text '840' is set on object 'Object Repository/IWP30/Page_VRelay30Emulator/Country'

2020-07-14 13:27:32 - [MESSAGE][PASSED] - Text '840' is set on object 'Object Repository/IWP30/Page_VRelay30Emulator/Country'

2020-07-14 13:27:32 - [TEST_STEP][PASSED] - setText(findTestObject("IWP30/Page_VRelay30Emulator/City"), City): Text '' is set on object 'Object Repository/IWP30/Page_VRelay30Emulator/City'

2020-07-14 13:27:32 - [MESSAGE][PASSED] - Text '' is set on object 'Object Repository/IWP30/Page_VRelay30Emulator/City'

2020-07-14 13:27:32 - [TEST_STEP][PASSED] - setText(findTestObject("IWP30/Page_VRelay30Emulator/State"), State): Text '' is set on object 'Object Repository/IWP30/Page_VRelay30Emulator/State'

2020-07-14 13:27:33 - [MESSAGE][PASSED] - Text '' is set on object 'Object Repository/IWP30/Page_VRelay30Emulator/State'

2020-07-14 13:27:33 - [TEST_STEP][PASSED] - setText(findTestObject("IWP30/Page_VRelay30Emulator/ZIP"), ZIP): Text '' is set on object 'Object Repository/IWP30/Page_VRelay30Emulator/ZIP'

2020-07-14 13:27:34 - [MESSAGE][PASSED] - Text '' is set on object 'Object Repository/IWP30/Page_VRelay30Emulator/ZIP'

2020-07-14 13:27:34 - [TEST_STEP][PASSED] - setText(findTestObject("IWP30/Page_VRelay30Emulator/Order"), Order): Text '' is set on object 'Object Repository/IWP30/Page_VRelay30Emulator/Order'

2020-07-14 13:27:34 - [MESSAGE][PASSED] - Text '' is set on object 'Object Repository/IWP30/Page_VRelay30Emulator/Order'

2020-07-14 13:27:34 - [TEST_STEP][PASSED] - setText(findTestObject("IWP30/Page_VRelay30Emulator/Company"), CompanyName): Text '' is set on object 'Object Repository/IWP30/Page_VRelay30Emulator/Company'

2020-07-14 13:27:35 - [MESSAGE][PASSED] - Text '' is set on object 'Object Repository/IWP30/Page_VRelay30Emulator/Company'

2020-07-14 13:27:35 - [TEST_STEP][PASSED] - setText(findTestObject("IWP30/Page_VRelay30Emulator/Email"), Email): Text '' is set on object 'Object Repository/IWP30/Page_VRelay30Emulator/Email'

2020-07-14 13:27:35 - [MESSAGE][PASSED] - Text '' is set on object 'Object Repository/IWP30/Page_VRelay30Emulator/Email'

2020-07-14 13:27:35 - [TEST_STEP][PASSED] - setText(findTestObject("IWP30/Page_VRelay30Emulator/UDF1"), UDF1): Text '' is set on object 'Object Repository/IWP30/Page_VRelay30Emulator/UDF1'

2020-07-14 13:27:36 - [MESSAGE][PASSED] - Text '' is set on object 'Object Repository/IWP30/Page_VRelay30Emulator/UDF1'

2020-07-14 13:27:36 - [TEST_STEP][PASSED] - setText(findTestObject("IWP30/Page_VRelay30Emulator/UDF2"), UDF2): Text '' is set on object 'Object Repository/IWP30/Page_VRelay30Emulator/UDF2'

2020-07-14 13:27:37 - [MESSAGE][PASSED] - Text '' is set on object 'Object Repository/IWP30/Page_VRelay30Emulator/UDF2'

2020-07-14 13:27:37 - [TEST_STEP][PASSED] - setText(findTestObject("IWP30/Page_VRelay30Emulator/UDF3"), UDF3): Text '' is set on object 'Object Repository/IWP30/Page_VRelay30Emulator/UDF3'

2020-07-14 13:27:37 - [MESSAGE][PASSED] - Text '' is set on object 'Object Repository/IWP30/Page_VRelay30Emulator/UDF3'

2020-07-14 13:27:37 - [TEST_STEP][PASSED] - setText(findTestObject("IWP30/Page_VRelay30Emulator/UDF4"), UDF4): Text 'udf data 4' is set on object 'Object Repository/IWP30/Page_VRelay30Emulator/UDF4'

2020-07-14 13:27:38 - [MESSAGE][PASSED] - Text 'udf data 4' is set on object 'Object Repository/IWP30/Page_VRelay30Emulator/UDF4'

2020-07-14 13:27:38 - [TEST_STEP][PASSED] - setText(findTestObject("IWP30/Page_VRelay30Emulator/UDF5"), UDF5): Text 'udf data 5' is set on object 'Object Repository/IWP30/Page_VRelay30Emulator/UDF5'

2020-07-14 13:27:39 - [MESSAGE][PASSED] - Text 'udf data 5' is set on object 'Object Repository/IWP30/Page_VRelay30Emulator/UDF5'

2020-07-14 13:27:39 - [TEST_STEP][PASSED] - setText(findTestObject("IWP30/Page_VRelay30Emulator/UDF6"), UDF6): Text '' is set on object 'Object Repository/IWP30/Page_VRelay30Emulator/UDF6'

2020-07-14 13:27:40 - [MESSAGE][PASSED] - Text '' is set on object 'Object Repository/IWP30/Page_VRelay30Emulator/UDF6'

2020-07-14 13:27:40 - [TEST_STEP][PASSED] - setText(findTestObject("IWP30/Page_VRelay30Emulator/UDF7"), UDF7): Text '' is set on object 'Object Repository/IWP30/Page_VRelay30Emulator/UDF7'

2020-07-14 13:27:40 - [MESSAGE][PASSED] - Text '' is set on object 'Object Repository/IWP30/Page_VRelay30Emulator/UDF7'

2020-07-14 13:27:40 - [TEST_STEP][PASSED] - setText(findTestObject("IWP30/Page_VRelay30Emulator/UDF8"), UDF8): Text '' is set on object 'Object Repository/IWP30/Page_VRelay30Emulator/UDF8'

2020-07-14 13:27:41 - [MESSAGE][PASSED] - Text '' is set on object 'Object Repository/IWP30/Page_VRelay30Emulator/UDF8'

2020-07-14 13:27:41 - [TEST_STEP][PASSED] - setText(findTestObject("IWP30/Page_VRelay30Emulator/UDF9"), UDF9): Text 'udf data 9' is set on object 'Object Repository/IWP30/Page_VRelay30Emulator/UDF9'

2020-07-14 13:27:42 - [MESSAGE][PASSED] - Text 'udf data 9' is set on object 'Object Repository/IWP30/Page_VRelay30Emulator/UDF9'

2020-07-14 13:27:42 - [TEST_STEP][PASSED] - setText(findTestObject("IWP30/Page_VRelay30Emulator/UDF10"), UDF10): Text 'udf data 10' is set on object 'Object Repository/IWP30/Page_VRelay30Emulator/UDF10'

2020-07-14 13:27:42 - [MESSAGE][PASSED] - Text 'udf data 10' is set on object 'Object Repository/IWP30/Page_VRelay30Emulator/UDF10'

2020-07-14 13:27:42 - [TEST_STEP][PASSED] - Thread.sleep(5000): null

2020-07-14 13:27:47 - [TEST_STEP][PASSED] - click(findTestObject("IWP30/Page_VRelay30Emulator/Submit")): Object: 'Object Repository/IWP30/Page_VRelay30Emulator/Submit' is clicked on

2020-07-14 13:27:48 - [MESSAGE][PASSED] - Object: 'Object Repository/IWP30/Page_VRelay30Emulator/Submit' is clicked on

2020-07-14 13:27:48 - [TEST_STEP][PASSED] - closeBrowser(): Browser is closed

2020-07-14 13:27:49 - [MESSAGE][PASSED] - Browser is closed

2020-07-14 13:27:49 - [TEST_STEP][PASSED] - openBrowser(urlTestHarness): Browser is opened with url: 'https://dev-algorithm.govolution.com/vrelaytest/QA/version_2_2/vrelaytest.html'

2020-07-14 13:27:49 - [MESSAGE][INFO] - Starting 'Chrome' driver

2020-07-14 13:27:49 - [MESSAGE][INFO] - User set preference: ['acceptInsecureCerts', 'true']

2020-07-14 13:27:49 - [MESSAGE][INFO] - Action delay is set to 0 milliseconds

2020-07-14 13:27:53 - [MESSAGE][PASSED] - Browser is opened with url: 'https://dev-algorithm.govolution.com/vrelaytest/QA/version_2_2/vrelaytest.html'

2020-07-14 13:27:53 - [TEST_STEP][PASSED] - maximizeWindow(): Current window maximized

2020-07-14 13:27:54 - [MESSAGE][PASSED] - Current window maximized

2020-07-14 13:27:54 - [TEST_STEP][PASSED] - genRemIDVoid = RandomStringUtils.random(12, true, true): null

2020-07-14 13:27:54 - [TEST_STEP][PASSED] - if (verifyElementPresent(findTestObject("Object Repository/IWP30/Page_QATestHarness/RemittanceID"), 30)): null

2020-07-14 13:27:54 - [MESSAGE][PASSED] - Object 'Object Repository/IWP30/Page_QATestHarness/RemittanceID' is present

2020-07-14 13:27:54 - [TEST_STEP][PASSED] - println("We are on Test Harness page, start populating"): null

2020-07-14 13:27:54 - [TEST_STEP][PASSED] - setText(findTestObject("Object Repository/IWP30/Page_QATestHarness/ApplicationID"), AppID): Text '649' is set on object 'Object Repository/IWP30/Page_QATestHarness/ApplicationID'

2020-07-14 13:27:55 - [MESSAGE][PASSED] - Text '649' is set on object 'Object Repository/IWP30/Page_QATestHarness/ApplicationID'

2020-07-14 13:27:55 - [TEST_STEP][PASSED] - setText(findTestObject("Object Repository/IWP30/Page_QATestHarness/MessageVersion"), MessageVersion): Text '3.0' is set on object 'Object Repository/IWP30/Page_QATestHarness/MessageVersion'

2020-07-14 13:27:56 - [MESSAGE][PASSED] - Text '3.0' is set on object 'Object Repository/IWP30/Page_QATestHarness/MessageVersion'

2020-07-14 13:27:56 - [TEST_STEP][PASSED] - setText(findTestObject("Object Repository/IWP30/Page_QATestHarness/RemittanceID"), genRemIDVoid): Text 'gSXpmAxbJci6' is set on object 'Object Repository/IWP30/Page_QATestHarness/RemittanceID'

2020-07-14 13:27:56 - [MESSAGE][PASSED] - Text 'gSXpmAxbJci6' is set on object 'Object Repository/IWP30/Page_QATestHarness/RemittanceID'

2020-07-14 13:27:56 - [TEST_STEP][PASSED] - click(findTestObject("Object Repository/IWP30/Page_QATestHarness/SubmitButton")): Object: 'Object Repository/IWP30/Page_QATestHarness/SubmitButton' is clicked on

2020-07-14 13:27:58 - [MESSAGE][PASSED] - Object: 'Object Repository/IWP30/Page_QATestHarness/SubmitButton' is clicked on

2020-07-14 13:27:58 - [TEST_STEP][PASSED] - if (verifyElementPresent(findTestObject("Object Repository/IWP30/Page_SelectPaymentMethod/PayByCreditCard"), 30)): null

2020-07-14 13:27:58 - [MESSAGE][PASSED] - Object 'Object Repository/IWP30/Page_SelectPaymentMethod/PayByCreditCard' is present

2020-07-14 13:27:58 - [TEST_STEP][PASSED] - println("We are on Select Payment Method page, start populating"): null

2020-07-14 13:27:58 - [TEST_STEP][PASSED] - check(findTestObject("Object Repository/IWP30/Page_SelectPaymentMethod/PayByCreditCard")): Object 'Object Repository/IWP30/Page_SelectPaymentMethod/PayByCreditCard' is checked

2020-07-14 13:27:59 - [MESSAGE][PASSED] - Object 'Object Repository/IWP30/Page_SelectPaymentMethod/PayByCreditCard' is checked

2020-07-14 13:27:59 - [TEST_STEP][PASSED] - Thread.sleep(1000): null

2020-07-14 13:28:00 - [TEST_STEP][PASSED] - click(findTestObject("Object Repository/IWP30/Page_SelectPaymentMethod/MakePaymentButton")): Object: 'Object Repository/IWP30/Page_SelectPaymentMethod/MakePaymentButton' is clicked on

2020-07-14 13:28:01 - [MESSAGE][PASSED] - Object: 'Object Repository/IWP30/Page_SelectPaymentMethod/MakePaymentButton' is clicked on

2020-07-14 13:28:01 - [TEST_STEP][PASSED] - if (verifyElementPresent(findTestObject("Object Repository/IWP30/Page_CCPaymentEntry/Name"), 30)): null

2020-07-14 13:28:01 - [MESSAGE][PASSED] - Object 'Object Repository/IWP30/Page_CCPaymentEntry/Name' is present

2020-07-14 13:28:01 - [TEST_STEP][PASSED] - println("We are on Credit Card Payment Entry page, start populating"): null

2020-07-14 13:28:01 - [TEST_STEP][PASSED] - if (verifyElementPresent(findTestObject("Object Repository/IWP30/Page_CCPaymentEntry/Amount"), 30)): null

2020-07-14 13:28:02 - [MESSAGE][PASSED] - Object 'Object Repository/IWP30/Page_CCPaymentEntry/Amount' is present

2020-07-14 13:28:02 - [TEST_STEP][PASSED] - if (!(CCAmount.isEmpty())): Text '20.50' is set on object 'Object Repository/IWP30/Page_CCPaymentEntry/Amount'

2020-07-14 13:28:02 - [TEST_STEP][PASSED] - setText(findTestObject("Object Repository/IWP30/Page_CCPaymentEntry/Amount"), CCAmount): Text '20.50' is set on object 'Object Repository/IWP30/Page_CCPaymentEntry/Amount'

2020-07-14 13:28:02 - [MESSAGE][PASSED] - Text '20.50' is set on object 'Object Repository/IWP30/Page_CCPaymentEntry/Amount'

2020-07-14 13:28:02 - [TEST_STEP][PASSED] - if (verifyElementPresent(findTestObject("Object Repository/IWP30/Page_CCPaymentEntry/UserDefined2"), 30)): null

2020-07-14 13:28:03 - [MESSAGE][PASSED] - Object 'Object Repository/IWP30/Page_CCPaymentEntry/UserDefined2' is present

2020-07-14 13:28:03 - [TEST_STEP][PASSED] - if (!(CCUDF2.isEmpty())): Text 'Number 2' is set on object 'Object Repository/IWP30/Page_CCPaymentEntry/UserDefined2'

2020-07-14 13:28:03 - [TEST_STEP][PASSED] - setText(findTestObject("Object Repository/IWP30/Page_CCPaymentEntry/UserDefined2"), CCUDF2): Text 'Number 2' is set on object 'Object Repository/IWP30/Page_CCPaymentEntry/UserDefined2'

2020-07-14 13:28:03 - [MESSAGE][PASSED] - Text 'Number 2' is set on object 'Object Repository/IWP30/Page_CCPaymentEntry/UserDefined2'

2020-07-14 13:28:03 - [TEST_STEP][PASSED] - if (verifyElementPresent(findTestObject("Object Repository/IWP30/Page_CCPaymentEntry/UserDefined3"), 30)): null

2020-07-14 13:28:04 - [MESSAGE][PASSED] - Object 'Object Repository/IWP30/Page_CCPaymentEntry/UserDefined3' is present

2020-07-14 13:28:04 - [TEST_STEP][PASSED] - if (!(CCUDF3.isEmpty())): Text 'Number 3' is set on object 'Object Repository/IWP30/Page_CCPaymentEntry/UserDefined3'

2020-07-14 13:28:04 - [TEST_STEP][PASSED] - setText(findTestObject("Object Repository/IWP30/Page_CCPaymentEntry/UserDefined3"), CCUDF3): Text 'Number 3' is set on object 'Object Repository/IWP30/Page_CCPaymentEntry/UserDefined3'

2020-07-14 13:28:04 - [MESSAGE][PASSED] - Text 'Number 3' is set on object 'Object Repository/IWP30/Page_CCPaymentEntry/UserDefined3'

2020-07-14 13:28:04 - [TEST_STEP][PASSED] - if (verifyElementPresent(findTestObject("Object Repository/IWP30/Page_CCPaymentEntry/UserDefined7"), 30)): null

2020-07-14 13:28:05 - [MESSAGE][PASSED] - Object 'Object Repository/IWP30/Page_CCPaymentEntry/UserDefined7' is present

2020-07-14 13:28:05 - [TEST_STEP][PASSED] - if (!(CCUDF7.isEmpty())): All options with label 'Orange' are selected in object 'Object Repository/IWP30/Page_CCPaymentEntry/UserDefined7' 

2020-07-14 13:28:05 - [TEST_STEP][PASSED] - selectOptionByLabel(findTestObject("Object Repository/IWP30/Page_CCPaymentEntry/UserDefined7"), CCUDF7, false): All options with label 'Orange' are selected in object 'Object Repository/IWP30/Page_CCPaymentEntry/UserDefined7' 

2020-07-14 13:28:05 - [MESSAGE][PASSED] - All options with label 'Orange' are selected in object 'Object Repository/IWP30/Page_CCPaymentEntry/UserDefined7' 

2020-07-14 13:28:05 - [TEST_STEP][PASSED] - if (verifyElementPresent(findTestObject("Object Repository/IWP30/Page_CCPaymentEntry/UserDefined8"), 30)): null

2020-07-14 13:28:06 - [MESSAGE][PASSED] - Object 'Object Repository/IWP30/Page_CCPaymentEntry/UserDefined8' is present

2020-07-14 13:28:06 - [TEST_STEP][PASSED] - if (!(CCUDF8.isEmpty())): All options with label 'Tennis' are selected in object 'Object Repository/IWP30/Page_CCPaymentEntry/UserDefined8' 

2020-07-14 13:28:06 - [TEST_STEP][PASSED] - selectOptionByLabel(findTestObject("Object Repository/IWP30/Page_CCPaymentEntry/UserDefined8"), CCUDF8, false): All options with label 'Tennis' are selected in object 'Object Repository/IWP30/Page_CCPaymentEntry/UserDefined8' 

2020-07-14 13:28:06 - [MESSAGE][PASSED] - All options with label 'Tennis' are selected in object 'Object Repository/IWP30/Page_CCPaymentEntry/UserDefined8' 

2020-07-14 13:28:06 - [TEST_STEP][PASSED] - if (verifyElementPresent(findTestObject("Object Repository/IWP30/Page_CCPaymentEntry/Name"), 30)): null

2020-07-14 13:28:07 - [MESSAGE][PASSED] - Object 'Object Repository/IWP30/Page_CCPaymentEntry/Name' is present

2020-07-14 13:28:07 - [TEST_STEP][PASSED] - if (!(CCName.isEmpty())): Text 'Mera Naam' is set on object 'Object Repository/IWP30/Page_CCPaymentEntry/Name'

2020-07-14 13:28:07 - [TEST_STEP][PASSED] - setText(findTestObject("Object Repository/IWP30/Page_CCPaymentEntry/Name"), CCName): Text 'Mera Naam' is set on object 'Object Repository/IWP30/Page_CCPaymentEntry/Name'

2020-07-14 13:28:07 - [MESSAGE][PASSED] - Text 'Mera Naam' is set on object 'Object Repository/IWP30/Page_CCPaymentEntry/Name'

2020-07-14 13:28:07 - [TEST_STEP][PASSED] - if (verifyElementPresent(findTestObject("Object Repository/IWP30/Page_CCPaymentEntry/CardNumber"), 30)): null

2020-07-14 13:28:08 - [MESSAGE][PASSED] - Object 'Object Repository/IWP30/Page_CCPaymentEntry/CardNumber' is present

2020-07-14 13:28:08 - [TEST_STEP][PASSED] - if (!(CCCardNum.isEmpty())): Text '4111111111111111' is set on object 'Object Repository/IWP30/Page_CCPaymentEntry/CardNumber'

2020-07-14 13:28:08 - [TEST_STEP][PASSED] - setText(findTestObject("Object Repository/IWP30/Page_CCPaymentEntry/CardNumber"), CCCardNum): Text '4111111111111111' is set on object 'Object Repository/IWP30/Page_CCPaymentEntry/CardNumber'

2020-07-14 13:28:09 - [MESSAGE][PASSED] - Text '4111111111111111' is set on object 'Object Repository/IWP30/Page_CCPaymentEntry/CardNumber'

2020-07-14 13:28:09 - [TEST_STEP][PASSED] - if (verifyElementPresent(findTestObject("Object Repository/IWP30/Page_CCPaymentEntry/SPC"), 30)): null

2020-07-14 13:28:09 - [MESSAGE][PASSED] - Object 'Object Repository/IWP30/Page_CCPaymentEntry/SPC' is present

2020-07-14 13:28:09 - [TEST_STEP][PASSED] - if (!(CCSPC.isEmpty())): Text '123' is set on object 'Object Repository/IWP30/Page_CCPaymentEntry/SPC'

2020-07-14 13:28:09 - [TEST_STEP][PASSED] - setText(findTestObject("Object Repository/IWP30/Page_CCPaymentEntry/SPC"), CCSPC): Text '123' is set on object 'Object Repository/IWP30/Page_CCPaymentEntry/SPC'

2020-07-14 13:28:10 - [MESSAGE][PASSED] - Text '123' is set on object 'Object Repository/IWP30/Page_CCPaymentEntry/SPC'

2020-07-14 13:28:10 - [TEST_STEP][PASSED] - if (verifyElementPresent(findTestObject("Object Repository/IWP30/Page_CCPaymentEntry/Month"), 30)): null

2020-07-14 13:28:10 - [MESSAGE][PASSED] - Object 'Object Repository/IWP30/Page_CCPaymentEntry/Month' is present

2020-07-14 13:28:10 - [TEST_STEP][PASSED] - if (!(CCExpM.isEmpty())): All options with label '09' are selected in object 'Object Repository/IWP30/Page_CCPaymentEntry/Month' 

2020-07-14 13:28:10 - [TEST_STEP][PASSED] - selectOptionByLabel(findTestObject("Object Repository/IWP30/Page_CCPaymentEntry/Month"), CCExpM, false): All options with label '09' are selected in object 'Object Repository/IWP30/Page_CCPaymentEntry/Month' 

2020-07-14 13:28:11 - [MESSAGE][PASSED] - All options with label '09' are selected in object 'Object Repository/IWP30/Page_CCPaymentEntry/Month' 

2020-07-14 13:28:11 - [TEST_STEP][PASSED] - if (verifyElementPresent(findTestObject("Object Repository/IWP30/Page_CCPaymentEntry/Year"), 30)): null

2020-07-14 13:28:11 - [MESSAGE][PASSED] - Object 'Object Repository/IWP30/Page_CCPaymentEntry/Year' is present

2020-07-14 13:28:11 - [TEST_STEP][PASSED] - if (!(CCExpY.isEmpty())): All options with label '2023' are selected in object 'Object Repository/IWP30/Page_CCPaymentEntry/Year' 

2020-07-14 13:28:11 - [TEST_STEP][PASSED] - selectOptionByLabel(findTestObject("Object Repository/IWP30/Page_CCPaymentEntry/Year"), CCExpY, false): All options with label '2023' are selected in object 'Object Repository/IWP30/Page_CCPaymentEntry/Year' 

2020-07-14 13:28:12 - [MESSAGE][PASSED] - All options with label '2023' are selected in object 'Object Repository/IWP30/Page_CCPaymentEntry/Year' 

2020-07-14 13:28:12 - [TEST_STEP][PASSED] - if (verifyElementPresent(findTestObject("Object Repository/IWP30/Page_CCPaymentEntry/ProcessDate"), 30)): null

2020-07-14 13:28:12 - [MESSAGE][PASSED] - Object 'Object Repository/IWP30/Page_CCPaymentEntry/ProcessDate' is present

2020-07-14 13:28:12 - [TEST_STEP][PASSED] - if (!(CCDate.isEmpty())): null

2020-07-14 13:28:12 - [TEST_STEP][PASSED] - else: null

2020-07-14 13:28:12 - [TEST_STEP][PASSED] - println("CCDate is not present in the Excel Spreadsheet"): null

2020-07-14 13:28:12 - [TEST_STEP][PASSED] - if (verifyElementPresent(findTestObject("Object Repository/IWP30/Page_CCPaymentEntry/AL1"), 30)): null

2020-07-14 13:28:12 - [MESSAGE][PASSED] - Object 'Object Repository/IWP30/Page_CCPaymentEntry/AL1' is present

2020-07-14 13:28:12 - [TEST_STEP][PASSED] - if (!(CCAL1.isEmpty())): Text 'Mera AL1' is set on object 'Object Repository/IWP30/Page_CCPaymentEntry/AL1'

2020-07-14 13:28:12 - [TEST_STEP][PASSED] - setText(findTestObject("Object Repository/IWP30/Page_CCPaymentEntry/AL1"), CCAL1): Text 'Mera AL1' is set on object 'Object Repository/IWP30/Page_CCPaymentEntry/AL1'

2020-07-14 13:28:13 - [MESSAGE][PASSED] - Text 'Mera AL1' is set on object 'Object Repository/IWP30/Page_CCPaymentEntry/AL1'

2020-07-14 13:28:13 - [TEST_STEP][PASSED] - if (verifyElementPresent(findTestObject("Object Repository/IWP30/Page_CCPaymentEntry/AL2"), 30)): null

2020-07-14 13:28:13 - [MESSAGE][PASSED] - Object 'Object Repository/IWP30/Page_CCPaymentEntry/AL2' is present

2020-07-14 13:28:13 - [TEST_STEP][PASSED] - if (!(CCAL2.isEmpty())): Text 'Mera AL2' is set on object 'Object Repository/IWP30/Page_CCPaymentEntry/AL2'

2020-07-14 13:28:13 - [TEST_STEP][PASSED] - setText(findTestObject("Object Repository/IWP30/Page_CCPaymentEntry/AL2"), CCAL2): Text 'Mera AL2' is set on object 'Object Repository/IWP30/Page_CCPaymentEntry/AL2'

2020-07-14 13:28:14 - [MESSAGE][PASSED] - Text 'Mera AL2' is set on object 'Object Repository/IWP30/Page_CCPaymentEntry/AL2'

2020-07-14 13:28:14 - [TEST_STEP][PASSED] - if (verifyElementPresent(findTestObject("Object Repository/IWP30/Page_CCPaymentEntry/ZIP"), 30)): null

2020-07-14 13:28:14 - [MESSAGE][PASSED] - Object 'Object Repository/IWP30/Page_CCPaymentEntry/ZIP' is present

2020-07-14 13:28:14 - [TEST_STEP][PASSED] - if (!(CCZIP.isEmpty())): Text '21054' is set on object 'Object Repository/IWP30/Page_CCPaymentEntry/ZIP'

2020-07-14 13:28:14 - [TEST_STEP][PASSED] - setText(findTestObject("Object Repository/IWP30/Page_CCPaymentEntry/ZIP"), CCZIP): Text '21054' is set on object 'Object Repository/IWP30/Page_CCPaymentEntry/ZIP'

2020-07-14 13:28:15 - [MESSAGE][PASSED] - Text '21054' is set on object 'Object Repository/IWP30/Page_CCPaymentEntry/ZIP'

2020-07-14 13:28:15 - [TEST_STEP][PASSED] - if (verifyElementPresent(findTestObject("Object Repository/IWP30/Page_CCPaymentEntry/EmailAddress"), 30)): null

2020-07-14 13:28:15 - [MESSAGE][PASSED] - Object 'Object Repository/IWP30/Page_CCPaymentEntry/EmailAddress' is present

2020-07-14 13:28:15 - [TEST_STEP][PASSED] - if (!(CCEmail.isEmpty())): Text 'merae@gmail.com' is set on object 'Object Repository/IWP30/Page_CCPaymentEntry/EmailAddress'

2020-07-14 13:28:15 - [TEST_STEP][PASSED] - setText(findTestObject("Object Repository/IWP30/Page_CCPaymentEntry/EmailAddress"), CCEmail): Text 'merae@gmail.com' is set on object 'Object Repository/IWP30/Page_CCPaymentEntry/EmailAddress'

2020-07-14 13:28:16 - [MESSAGE][PASSED] - Text 'merae@gmail.com' is set on object 'Object Repository/IWP30/Page_CCPaymentEntry/EmailAddress'

2020-07-14 13:28:16 - [TEST_STEP][PASSED] - if (verifyElementPresent(findTestObject("Object Repository/IWP30/Page_CCPaymentEntry/TermCondCheckBox"), 30)): null

2020-07-14 13:28:17 - [MESSAGE][PASSED] - Object 'Object Repository/IWP30/Page_CCPaymentEntry/TermCondCheckBox' is present

2020-07-14 13:28:17 - [TEST_STEP][PASSED] - check(findTestObject("Object Repository/IWP30/Page_CCPaymentEntry/TermCondCheckBox")): Object 'Object Repository/IWP30/Page_CCPaymentEntry/TermCondCheckBox' is checked

2020-07-14 13:28:17 - [MESSAGE][PASSED] - Object 'Object Repository/IWP30/Page_CCPaymentEntry/TermCondCheckBox' is checked

2020-07-14 13:28:17 - [TEST_STEP][PASSED] - if (verifyElementPresent(findTestObject("Object Repository/IWP30/Page_CCPaymentEntry/ContinueButton"), 30)): null

2020-07-14 13:28:18 - [MESSAGE][PASSED] - Object 'Object Repository/IWP30/Page_CCPaymentEntry/ContinueButton' is present

2020-07-14 13:28:18 - [TEST_STEP][PASSED] - click(findTestObject("Object Repository/IWP30/Page_CCPaymentEntry/ContinueButton")): Object: 'Object Repository/IWP30/Page_CCPaymentEntry/ContinueButton' is clicked on

2020-07-14 13:28:19 - [MESSAGE][PASSED] - Object: 'Object Repository/IWP30/Page_CCPaymentEntry/ContinueButton' is clicked on

2020-07-14 13:28:19 - [TEST_STEP][PASSED] - if (verifyTextPresent("Please verify the following information", false)): null

2020-07-14 13:28:19 - [MESSAGE][PASSED] - Text 'Please verify the following information' is present on page 

2020-07-14 13:28:19 - [TEST_STEP][PASSED] - println("Please verify the following information text is present on the Confirmation page"): null

2020-07-14 13:28:19 - [TEST_STEP][PASSED] - if (verifyTextPresent("Is this information correct?", false)): null

2020-07-14 13:28:19 - [MESSAGE][PASSED] - Text 'Is this information correct?' is present on page 

2020-07-14 13:28:19 - [TEST_STEP][PASSED] - println("Is this information correct text is present on the Confirmation page"): null

2020-07-14 13:28:19 - [TEST_STEP][PASSED] - if (verifyElementPresent(findTestObject("Object Repository/IWP30/Page_Confirmation/ConfirmButton"), 30)): null

2020-07-14 13:28:20 - [MESSAGE][PASSED] - Object 'Object Repository/IWP30/Page_Confirmation/ConfirmButton' is present

2020-07-14 13:28:20 - [TEST_STEP][PASSED] - click(findTestObject("Object Repository/IWP30/Page_Confirmation/ConfirmButton")): Object: 'Object Repository/IWP30/Page_Confirmation/ConfirmButton' is clicked on

2020-07-14 13:28:21 - [MESSAGE][PASSED] - Object: 'Object Repository/IWP30/Page_Confirmation/ConfirmButton' is clicked on

2020-07-14 13:28:21 - [TEST_STEP][PASSED] - Thread.sleep(10000): null

2020-07-14 13:28:31 - [TEST_STEP][PASSED] - if (verifyTextPresent("Successful Payment Receipt", false)): null

2020-07-14 13:28:31 - [MESSAGE][PASSED] - Text 'Successful Payment Receipt' is present on page 

2020-07-14 13:28:31 - [TEST_STEP][PASSED] - println("Successful Payment Receipt text is present on the Receipt page"): null

2020-07-14 13:28:31 - [TEST_STEP][PASSED] - if (verifyTextPresent("Please print this receipt for your records", false)): null

2020-07-14 13:28:32 - [MESSAGE][PASSED] - Text 'Please print this receipt for your records' is present on page 

2020-07-14 13:28:32 - [TEST_STEP][PASSED] - println("Please print this receipt for your records text is present on the Receipt page"): null

2020-07-14 13:28:32 - [TEST_STEP][PASSED] - if (verifyElementPresent(findTestObject("Object Repository/IWP30/Page_Receipt/ExitButton"), 30)): null

2020-07-14 13:28:32 - [MESSAGE][PASSED] - Object 'Object Repository/IWP30/Page_Receipt/ExitButton' is present

2020-07-14 13:28:32 - [TEST_STEP][PASSED] - println("Exit Button is present on the Receipt page"): null

2020-07-14 13:28:32 - [TEST_STEP][PASSED] - closeBrowser(): Browser is closed

2020-07-14 13:28:33 - [MESSAGE][PASSED] - Browser is closed

2020-07-14 13:28:33 - [TEST_STEP][PASSED] - try: null

2020-07-14 13:28:33 - [TEST_STEP][PASSED] - MV = findTestData("IWP30PayNowCC").getValue("MV", row): null

2020-07-14 13:28:33 - [TEST_STEP][PASSED] - println(MV): null

2020-07-14 13:28:33 - [TEST_STEP][PASSED] - Amount = findTestData("IWP30PayNowCC").getValue("Amount", row): null

2020-07-14 13:28:33 - [TEST_STEP][PASSED] - println(Amount): null

2020-07-14 13:28:33 - [TEST_STEP][PASSED] - CAN = findTestData("IWP30PayNowCC").getValue("CAN", row): null

2020-07-14 13:28:33 - [TEST_STEP][PASSED] - println(CAN): null

2020-07-14 13:28:33 - [TEST_STEP][PASSED] - Action = findTestData("IWP30PayNowCC").getValue("Action", row): null

2020-07-14 13:28:33 - [TEST_STEP][PASSED] - println(Action): null

2020-07-14 13:28:33 - [TEST_STEP][PASSED] - Lang = findTestData("IWP30PayNowCC").getValue("Lang", row): null

2020-07-14 13:28:33 - [TEST_STEP][PASSED] - println(Lang): null

2020-07-14 13:28:33 - [TEST_STEP][PASSED] - Fname = findTestData("IWP30PayNowCC").getValue("Fname", row): null

2020-07-14 13:28:33 - [TEST_STEP][PASSED] - println(Fname): null

2020-07-14 13:28:33 - [TEST_STEP][PASSED] - Lname = findTestData("IWP30PayNowCC").getValue("Lname", row): null

2020-07-14 13:28:33 - [TEST_STEP][PASSED] - println(Lname): null

2020-07-14 13:28:33 - [TEST_STEP][PASSED] - AL1 = findTestData("IWP30PayNowCC").getValue("AL1", row): null

2020-07-14 13:28:33 - [TEST_STEP][PASSED] - println(AL1): null

2020-07-14 13:28:33 - [TEST_STEP][PASSED] - AL2 = findTestData("IWP30PayNowCC").getValue("AL2", row): null

2020-07-14 13:28:33 - [TEST_STEP][PASSED] - println(AL2): null

2020-07-14 13:28:33 - [TEST_STEP][PASSED] - Country = findTestData("IWP30PayNowCC").getValue("Country", row): null

2020-07-14 13:28:33 - [TEST_STEP][PASSED] - println(Country): null

2020-07-14 13:28:33 - [TEST_STEP][PASSED] - City = findTestData("IWP30PayNowCC").getValue("City", row): null

2020-07-14 13:28:33 - [TEST_STEP][PASSED] - println(City): null

2020-07-14 13:28:33 - [TEST_STEP][PASSED] - State = findTestData("IWP30PayNowCC").getValue("State", row): null

2020-07-14 13:28:33 - [TEST_STEP][PASSED] - println(State): null

2020-07-14 13:28:33 - [TEST_STEP][PASSED] - ZIP = findTestData("IWP30PayNowCC").getValue("ZIP", row): null

2020-07-14 13:28:33 - [TEST_STEP][PASSED] - println(ZIP): null

2020-07-14 13:28:33 - [TEST_STEP][PASSED] - Order = findTestData("IWP30PayNowCC").getValue("Order", row): null

2020-07-14 13:28:33 - [TEST_STEP][PASSED] - println(Order): null

2020-07-14 13:28:33 - [TEST_STEP][PASSED] - CompanyName = findTestData("IWP30PayNowCC").getValue("CompanyName", row): null

2020-07-14 13:28:33 - [TEST_STEP][PASSED] - println(CompanyName): null

2020-07-14 13:28:33 - [TEST_STEP][PASSED] - Email = findTestData("IWP30PayNowCC").getValue("Email", row): null

2020-07-14 13:28:33 - [TEST_STEP][PASSED] - println(Email): null

2020-07-14 13:28:33 - [TEST_STEP][PASSED] - UDF1 = findTestData("IWP30PayNowCC").getValue("UDF1", row): null

2020-07-14 13:28:33 - [TEST_STEP][PASSED] - println(UDF1): null

2020-07-14 13:28:33 - [TEST_STEP][PASSED] - UDF2 = findTestData("IWP30PayNowCC").getValue("UDF2", row): null

2020-07-14 13:28:33 - [TEST_STEP][PASSED] - println(UDF2): null

2020-07-14 13:28:33 - [TEST_STEP][PASSED] - UDF3 = findTestData("IWP30PayNowCC").getValue("UDF3", row): null

2020-07-14 13:28:33 - [TEST_STEP][PASSED] - println(UDF3): null

2020-07-14 13:28:33 - [TEST_STEP][PASSED] - UDF4 = findTestData("IWP30PayNowCC").getValue("UDF4", row): null

2020-07-14 13:28:33 - [TEST_STEP][PASSED] - println(UDF4): null

2020-07-14 13:28:33 - [TEST_STEP][PASSED] - UDF5 = findTestData("IWP30PayNowCC").getValue("UDF5", row): null

2020-07-14 13:28:34 - [TEST_STEP][PASSED] - println(UDF5): null

2020-07-14 13:28:34 - [TEST_STEP][PASSED] - UDF6 = findTestData("IWP30PayNowCC").getValue("UDF6", row): null

2020-07-14 13:28:34 - [TEST_STEP][PASSED] - println(UDF6): null

2020-07-14 13:28:34 - [TEST_STEP][PASSED] - UDF7 = findTestData("IWP30PayNowCC").getValue("UDF7", row): null

2020-07-14 13:28:34 - [TEST_STEP][PASSED] - println(UDF7): null

2020-07-14 13:28:34 - [TEST_STEP][PASSED] - UDF8 = findTestData("IWP30PayNowCC").getValue("UDF8", row): null

2020-07-14 13:28:34 - [TEST_STEP][PASSED] - println(UDF8): null

2020-07-14 13:28:34 - [TEST_STEP][PASSED] - UDF9 = findTestData("IWP30PayNowCC").getValue("UDF9", row): null

2020-07-14 13:28:34 - [TEST_STEP][PASSED] - println(UDF9): null

2020-07-14 13:28:34 - [TEST_STEP][PASSED] - UDF10 = findTestData("IWP30PayNowCC").getValue("UDF10", row): null

2020-07-14 13:28:34 - [TEST_STEP][PASSED] - println(UDF10): null

2020-07-14 13:28:34 - [TEST_STEP][PASSED] - AppID = findTestData("IWP30PayNowCC").getValue("AppID", row): null

2020-07-14 13:28:34 - [TEST_STEP][PASSED] - println(AppID): null

2020-07-14 13:28:34 - [TEST_STEP][PASSED] - MessageVersion = findTestData("IWP30PayNowCC").getValue("MessageVersion", row): null

2020-07-14 13:28:34 - [TEST_STEP][PASSED] - println(MessageVersion): null

2020-07-14 13:28:34 - [TEST_STEP][PASSED] - CCAmount = findTestData("IWP30PayNowCC").getValue("CCAmount", row): null

2020-07-14 13:28:34 - [TEST_STEP][PASSED] - println(CCAmount): null

2020-07-14 13:28:34 - [TEST_STEP][PASSED] - CCUDF1 = findTestData("IWP30PayNowCC").getValue("CCUDF1", row): null

2020-07-14 13:28:34 - [TEST_STEP][PASSED] - println(CCUDF1): null

2020-07-14 13:28:34 - [TEST_STEP][PASSED] - CCUDF2 = findTestData("IWP30PayNowCC").getValue("CCUDF2", row): null

2020-07-14 13:28:34 - [TEST_STEP][PASSED] - println(CCUDF2): null

2020-07-14 13:28:34 - [TEST_STEP][PASSED] - CCUDF3 = findTestData("IWP30PayNowCC").getValue("CCUDF3", row): null

2020-07-14 13:28:34 - [TEST_STEP][PASSED] - println(CCUDF3): null

2020-07-14 13:28:34 - [TEST_STEP][PASSED] - CCUDF4 = findTestData("IWP30PayNowCC").getValue("CCUDF4", row): null

2020-07-14 13:28:34 - [TEST_STEP][PASSED] - println(CCUDF4): null

2020-07-14 13:28:34 - [TEST_STEP][PASSED] - CCUDF5 = findTestData("IWP30PayNowCC").getValue("CCUDF5", row): null

2020-07-14 13:28:34 - [TEST_STEP][PASSED] - println(CCUDF5): null

2020-07-14 13:28:34 - [TEST_STEP][PASSED] - CCUDF6 = findTestData("IWP30PayNowCC").getValue("CCUDF6", row): null

2020-07-14 13:28:34 - [TEST_STEP][PASSED] - println(CCUDF6): null

2020-07-14 13:28:34 - [TEST_STEP][PASSED] - CCUDF7 = findTestData("IWP30PayNowCC").getValue("CCUDF7", row): null

2020-07-14 13:28:34 - [TEST_STEP][PASSED] - println(CCUDF7): null

2020-07-14 13:28:34 - [TEST_STEP][PASSED] - CCUDF8 = findTestData("IWP30PayNowCC").getValue("CCUDF8", row): null

2020-07-14 13:28:34 - [TEST_STEP][PASSED] - println(CCUDF8): null

2020-07-14 13:28:34 - [TEST_STEP][PASSED] - CCUDF9 = findTestData("IWP30PayNowCC").getValue("CCUDF9", row): null

2020-07-14 13:28:34 - [TEST_STEP][PASSED] - println(CCUDF9): null

2020-07-14 13:28:34 - [TEST_STEP][PASSED] - CCUDF10 = findTestData("IWP30PayNowCC").getValue("CCUDF10", row): null

2020-07-14 13:28:34 - [TEST_STEP][PASSED] - println(CCUDF10): null

2020-07-14 13:28:34 - [TEST_STEP][PASSED] - CCName = findTestData("IWP30PayNowCC").getValue("CCName", row): null

2020-07-14 13:28:34 - [TEST_STEP][PASSED] - println(CCName): null

2020-07-14 13:28:34 - [TEST_STEP][PASSED] - CCCardNum = findTestData("IWP30PayNowCC").getValue("CCCardNum", row): null

2020-07-14 13:28:34 - [TEST_STEP][PASSED] - println(CCCardNum): null

2020-07-14 13:28:34 - [TEST_STEP][PASSED] - CCSPC = findTestData("IWP30PayNowCC").getValue("CCSPC", row): null

2020-07-14 13:28:34 - [TEST_STEP][PASSED] - println(CCSPC): null

2020-07-14 13:28:34 - [TEST_STEP][PASSED] - CCExpM = findTestData("IWP30PayNowCC").getValue("CCExpM", row): null

2020-07-14 13:28:34 - [TEST_STEP][PASSED] - println(CCExpM): null

2020-07-14 13:28:34 - [TEST_STEP][PASSED] - CCExpY = findTestData("IWP30PayNowCC").getValue("CCExpY", row): null

2020-07-14 13:28:34 - [TEST_STEP][PASSED] - println(CCExpY): null

2020-07-14 13:28:34 - [TEST_STEP][PASSED] - CCDate = findTestData("IWP30PayNowCC").getValue("CCDate", row): null

2020-07-14 13:28:34 - [TEST_STEP][PASSED] - println(CCDate): null

2020-07-14 13:28:34 - [TEST_STEP][PASSED] - CCAL1 = findTestData("IWP30PayNowCC").getValue("CCAL1", row): null

2020-07-14 13:28:34 - [TEST_STEP][PASSED] - println(CCAL1): null

2020-07-14 13:28:34 - [TEST_STEP][PASSED] - CCAL2 = findTestData("IWP30PayNowCC").getValue("CCAL2", row): null

2020-07-14 13:28:34 - [TEST_STEP][PASSED] - println(CCAL2): null

2020-07-14 13:28:34 - [TEST_STEP][PASSED] - CCZIP = findTestData("IWP30PayNowCC").getValue("CCZIP", row): null

2020-07-14 13:28:34 - [TEST_STEP][PASSED] - println(CCZIP): null

2020-07-14 13:28:34 - [TEST_STEP][PASSED] - CCEmail = findTestData("IWP30PayNowCC").getValue("CCEmail", row): null

2020-07-14 13:28:34 - [TEST_STEP][PASSED] - println(CCEmail): null

2020-07-14 13:28:34 - [TEST_STEP][PASSED] - openBrowser(urlEmulator): Browser is opened with url: 'https://qa.velocitypayment.com/agency/config.do?action=editor'

2020-07-14 13:28:34 - [MESSAGE][INFO] - Starting 'Chrome' driver

2020-07-14 13:28:34 - [MESSAGE][INFO] - User set preference: ['acceptInsecureCerts', 'true']

2020-07-14 13:28:34 - [MESSAGE][INFO] - Action delay is set to 0 milliseconds

2020-07-14 13:28:38 - [MESSAGE][PASSED] - Browser is opened with url: 'https://qa.velocitypayment.com/agency/config.do?action=editor'

2020-07-14 13:28:38 - [TEST_STEP][PASSED] - maximizeWindow(): Current window maximized

2020-07-14 13:28:38 - [MESSAGE][PASSED] - Current window maximized

2020-07-14 13:28:38 - [TEST_STEP][PASSED] - selectOptionByValue(findTestObject("IWP30/Page_VRelay30Emulator/MV"), MV, true): All options with value '3.0' are selected in object 'Object Repository/IWP30/Page_VRelay30Emulator/MV'  using regular expression

2020-07-14 13:28:39 - [MESSAGE][PASSED] - All options with value '3.0' are selected in object 'Object Repository/IWP30/Page_VRelay30Emulator/MV'  using regular expression

2020-07-14 13:28:39 - [TEST_STEP][PASSED] - setText(findTestObject("IWP30/Page_VRelay30Emulator/Amount"), Amount): Text '10.50' is set on object 'Object Repository/IWP30/Page_VRelay30Emulator/Amount'

2020-07-14 13:28:40 - [MESSAGE][PASSED] - Text '10.50' is set on object 'Object Repository/IWP30/Page_VRelay30Emulator/Amount'

2020-07-14 13:28:40 - [TEST_STEP][PASSED] - setText(findTestObject("IWP30/Page_VRelay30Emulator/CAN"), CAN): Text '26411005' is set on object 'Object Repository/IWP30/Page_VRelay30Emulator/CAN'

2020-07-14 13:28:41 - [MESSAGE][PASSED] - Text '26411005' is set on object 'Object Repository/IWP30/Page_VRelay30Emulator/CAN'

2020-07-14 13:28:41 - [TEST_STEP][PASSED] - setText(findTestObject("IWP30/Page_VRelay30Emulator/Action"), Action): Text 'PayNow' is set on object 'Object Repository/IWP30/Page_VRelay30Emulator/Action'

2020-07-14 13:28:41 - [MESSAGE][PASSED] - Text 'PayNow' is set on object 'Object Repository/IWP30/Page_VRelay30Emulator/Action'

2020-07-14 13:28:41 - [TEST_STEP][PASSED] - setText(findTestObject("IWP30/Page_VRelay30Emulator/Lang"), Lang): Text 'en_US' is set on object 'Object Repository/IWP30/Page_VRelay30Emulator/Lang'

2020-07-14 13:28:42 - [MESSAGE][PASSED] - Text 'en_US' is set on object 'Object Repository/IWP30/Page_VRelay30Emulator/Lang'

2020-07-14 13:28:42 - [TEST_STEP][PASSED] - setText(findTestObject("IWP30/Page_VRelay30Emulator/Fname"), Fname): Text 'Marty' is set on object 'Object Repository/IWP30/Page_VRelay30Emulator/Fname'

2020-07-14 13:28:43 - [MESSAGE][PASSED] - Text 'Marty' is set on object 'Object Repository/IWP30/Page_VRelay30Emulator/Fname'

2020-07-14 13:28:43 - [TEST_STEP][PASSED] - setText(findTestObject("IWP30/Page_VRelay30Emulator/Lname"), Lname): Text 'Jones' is set on object 'Object Repository/IWP30/Page_VRelay30Emulator/Lname'

2020-07-14 13:28:43 - [MESSAGE][PASSED] - Text 'Jones' is set on object 'Object Repository/IWP30/Page_VRelay30Emulator/Lname'

2020-07-14 13:28:43 - [TEST_STEP][PASSED] - setText(findTestObject("IWP30/Page_VRelay30Emulator/AL1"), AL1): Text '2311 York road' is set on object 'Object Repository/IWP30/Page_VRelay30Emulator/AL1'

2020-07-14 13:28:44 - [MESSAGE][PASSED] - Text '2311 York road' is set on object 'Object Repository/IWP30/Page_VRelay30Emulator/AL1'

2020-07-14 13:28:44 - [TEST_STEP][PASSED] - setText(findTestObject("IWP30/Page_VRelay30Emulator/AL2"), AL2): Text 'Suite 600' is set on object 'Object Repository/IWP30/Page_VRelay30Emulator/AL2'

2020-07-14 13:28:45 - [MESSAGE][PASSED] - Text 'Suite 600' is set on object 'Object Repository/IWP30/Page_VRelay30Emulator/AL2'

2020-07-14 13:28:45 - [TEST_STEP][PASSED] - setText(findTestObject("IWP30/Page_VRelay30Emulator/Country"), Country): Text '840' is set on object 'Object Repository/IWP30/Page_VRelay30Emulator/Country'

2020-07-14 13:28:45 - [MESSAGE][PASSED] - Text '840' is set on object 'Object Repository/IWP30/Page_VRelay30Emulator/Country'

2020-07-14 13:28:45 - [TEST_STEP][PASSED] - setText(findTestObject("IWP30/Page_VRelay30Emulator/City"), City): Text 'Arlington' is set on object 'Object Repository/IWP30/Page_VRelay30Emulator/City'

2020-07-14 13:28:46 - [MESSAGE][PASSED] - Text 'Arlington' is set on object 'Object Repository/IWP30/Page_VRelay30Emulator/City'

2020-07-14 13:28:46 - [TEST_STEP][PASSED] - setText(findTestObject("IWP30/Page_VRelay30Emulator/State"), State): Text 'VA' is set on object 'Object Repository/IWP30/Page_VRelay30Emulator/State'

2020-07-14 13:28:47 - [MESSAGE][PASSED] - Text 'VA' is set on object 'Object Repository/IWP30/Page_VRelay30Emulator/State'

2020-07-14 13:28:47 - [TEST_STEP][PASSED] - setText(findTestObject("IWP30/Page_VRelay30Emulator/ZIP"), ZIP): Text '22201' is set on object 'Object Repository/IWP30/Page_VRelay30Emulator/ZIP'

2020-07-14 13:28:47 - [MESSAGE][PASSED] - Text '22201' is set on object 'Object Repository/IWP30/Page_VRelay30Emulator/ZIP'

2020-07-14 13:28:47 - [TEST_STEP][PASSED] - setText(findTestObject("IWP30/Page_VRelay30Emulator/Order"), Order): Text '' is set on object 'Object Repository/IWP30/Page_VRelay30Emulator/Order'

2020-07-14 13:28:48 - [MESSAGE][PASSED] - Text '' is set on object 'Object Repository/IWP30/Page_VRelay30Emulator/Order'

2020-07-14 13:28:48 - [TEST_STEP][PASSED] - setText(findTestObject("IWP30/Page_VRelay30Emulator/Company"), CompanyName): Text '' is set on object 'Object Repository/IWP30/Page_VRelay30Emulator/Company'

2020-07-14 13:28:49 - [MESSAGE][PASSED] - Text '' is set on object 'Object Repository/IWP30/Page_VRelay30Emulator/Company'

2020-07-14 13:28:49 - [TEST_STEP][PASSED] - setText(findTestObject("IWP30/Page_VRelay30Emulator/Email"), Email): Text 'iahmed@govolution.com' is set on object 'Object Repository/IWP30/Page_VRelay30Emulator/Email'

2020-07-14 13:28:49 - [MESSAGE][PASSED] - Text 'iahmed@govolution.com' is set on object 'Object Repository/IWP30/Page_VRelay30Emulator/Email'

2020-07-14 13:28:49 - [TEST_STEP][PASSED] - setText(findTestObject("IWP30/Page_VRelay30Emulator/UDF1"), UDF1): Text 'udf data 1' is set on object 'Object Repository/IWP30/Page_VRelay30Emulator/UDF1'

2020-07-14 13:28:50 - [MESSAGE][PASSED] - Text 'udf data 1' is set on object 'Object Repository/IWP30/Page_VRelay30Emulator/UDF1'

2020-07-14 13:28:50 - [TEST_STEP][PASSED] - setText(findTestObject("IWP30/Page_VRelay30Emulator/UDF2"), UDF2): Text 'udf data 2' is set on object 'Object Repository/IWP30/Page_VRelay30Emulator/UDF2'

2020-07-14 13:28:51 - [MESSAGE][PASSED] - Text 'udf data 2' is set on object 'Object Repository/IWP30/Page_VRelay30Emulator/UDF2'

2020-07-14 13:28:51 - [TEST_STEP][PASSED] - setText(findTestObject("IWP30/Page_VRelay30Emulator/UDF3"), UDF3): Text 'udf data 3' is set on object 'Object Repository/IWP30/Page_VRelay30Emulator/UDF3'

2020-07-14 13:28:52 - [MESSAGE][PASSED] - Text 'udf data 3' is set on object 'Object Repository/IWP30/Page_VRelay30Emulator/UDF3'

2020-07-14 13:28:52 - [TEST_STEP][PASSED] - setText(findTestObject("IWP30/Page_VRelay30Emulator/UDF4"), UDF4): Text 'udf data 4' is set on object 'Object Repository/IWP30/Page_VRelay30Emulator/UDF4'

2020-07-14 13:28:52 - [MESSAGE][PASSED] - Text 'udf data 4' is set on object 'Object Repository/IWP30/Page_VRelay30Emulator/UDF4'

2020-07-14 13:28:52 - [TEST_STEP][PASSED] - setText(findTestObject("IWP30/Page_VRelay30Emulator/UDF5"), UDF5): Text 'udf data 5' is set on object 'Object Repository/IWP30/Page_VRelay30Emulator/UDF5'

2020-07-14 13:28:53 - [MESSAGE][PASSED] - Text 'udf data 5' is set on object 'Object Repository/IWP30/Page_VRelay30Emulator/UDF5'

2020-07-14 13:28:53 - [TEST_STEP][PASSED] - setText(findTestObject("IWP30/Page_VRelay30Emulator/UDF6"), UDF6): Text 'udf data 6' is set on object 'Object Repository/IWP30/Page_VRelay30Emulator/UDF6'

2020-07-14 13:28:54 - [MESSAGE][PASSED] - Text 'udf data 6' is set on object 'Object Repository/IWP30/Page_VRelay30Emulator/UDF6'

2020-07-14 13:28:54 - [TEST_STEP][PASSED] - setText(findTestObject("IWP30/Page_VRelay30Emulator/UDF7"), UDF7): Text 'Purple' is set on object 'Object Repository/IWP30/Page_VRelay30Emulator/UDF7'

2020-07-14 13:28:54 - [MESSAGE][PASSED] - Text 'Purple' is set on object 'Object Repository/IWP30/Page_VRelay30Emulator/UDF7'

2020-07-14 13:28:54 - [TEST_STEP][PASSED] - setText(findTestObject("IWP30/Page_VRelay30Emulator/UDF8"), UDF8): Text 'Tennis' is set on object 'Object Repository/IWP30/Page_VRelay30Emulator/UDF8'

2020-07-14 13:28:55 - [MESSAGE][PASSED] - Text 'Tennis' is set on object 'Object Repository/IWP30/Page_VRelay30Emulator/UDF8'

2020-07-14 13:28:55 - [TEST_STEP][PASSED] - setText(findTestObject("IWP30/Page_VRelay30Emulator/UDF9"), UDF9): Text 'udf data 9' is set on object 'Object Repository/IWP30/Page_VRelay30Emulator/UDF9'

2020-07-14 13:28:56 - [MESSAGE][PASSED] - Text 'udf data 9' is set on object 'Object Repository/IWP30/Page_VRelay30Emulator/UDF9'

2020-07-14 13:28:56 - [TEST_STEP][PASSED] - setText(findTestObject("IWP30/Page_VRelay30Emulator/UDF10"), UDF10): Text 'udf data 10' is set on object 'Object Repository/IWP30/Page_VRelay30Emulator/UDF10'

2020-07-14 13:28:57 - [MESSAGE][PASSED] - Text 'udf data 10' is set on object 'Object Repository/IWP30/Page_VRelay30Emulator/UDF10'

2020-07-14 13:28:57 - [TEST_STEP][PASSED] - Thread.sleep(5000): null

2020-07-14 13:29:02 - [TEST_STEP][PASSED] - click(findTestObject("IWP30/Page_VRelay30Emulator/Submit")): Object: 'Object Repository/IWP30/Page_VRelay30Emulator/Submit' is clicked on

2020-07-14 13:29:02 - [MESSAGE][PASSED] - Object: 'Object Repository/IWP30/Page_VRelay30Emulator/Submit' is clicked on

2020-07-14 13:29:02 - [TEST_STEP][PASSED] - closeBrowser(): Browser is closed

2020-07-14 13:29:03 - [MESSAGE][PASSED] - Browser is closed

2020-07-14 13:29:03 - [TEST_STEP][PASSED] - openBrowser(urlTestHarness): Browser is opened with url: 'https://dev-algorithm.govolution.com/vrelaytest/QA/version_2_2/vrelaytest.html'

2020-07-14 13:29:03 - [MESSAGE][INFO] - Starting 'Chrome' driver

2020-07-14 13:29:03 - [MESSAGE][INFO] - User set preference: ['acceptInsecureCerts', 'true']

2020-07-14 13:29:03 - [MESSAGE][INFO] - Action delay is set to 0 milliseconds

2020-07-14 13:29:07 - [MESSAGE][PASSED] - Browser is opened with url: 'https://dev-algorithm.govolution.com/vrelaytest/QA/version_2_2/vrelaytest.html'

2020-07-14 13:29:07 - [TEST_STEP][PASSED] - maximizeWindow(): Current window maximized

2020-07-14 13:29:07 - [MESSAGE][PASSED] - Current window maximized

2020-07-14 13:29:07 - [TEST_STEP][PASSED] - genRemIDVoid = RandomStringUtils.random(12, true, true): null

2020-07-14 13:29:07 - [TEST_STEP][PASSED] - if (verifyElementPresent(findTestObject("Object Repository/IWP30/Page_QATestHarness/RemittanceID"), 30)): null

2020-07-14 13:29:08 - [MESSAGE][PASSED] - Object 'Object Repository/IWP30/Page_QATestHarness/RemittanceID' is present

2020-07-14 13:29:08 - [TEST_STEP][PASSED] - println("We are on Test Harness page, start populating"): null

2020-07-14 13:29:08 - [TEST_STEP][PASSED] - setText(findTestObject("Object Repository/IWP30/Page_QATestHarness/ApplicationID"), AppID): Text '649' is set on object 'Object Repository/IWP30/Page_QATestHarness/ApplicationID'

2020-07-14 13:29:08 - [MESSAGE][PASSED] - Text '649' is set on object 'Object Repository/IWP30/Page_QATestHarness/ApplicationID'

2020-07-14 13:29:08 - [TEST_STEP][PASSED] - setText(findTestObject("Object Repository/IWP30/Page_QATestHarness/MessageVersion"), MessageVersion): Text '3.0' is set on object 'Object Repository/IWP30/Page_QATestHarness/MessageVersion'

2020-07-14 13:29:09 - [MESSAGE][PASSED] - Text '3.0' is set on object 'Object Repository/IWP30/Page_QATestHarness/MessageVersion'

2020-07-14 13:29:09 - [TEST_STEP][PASSED] - setText(findTestObject("Object Repository/IWP30/Page_QATestHarness/RemittanceID"), genRemIDVoid): Text 'TNycEtdVw8Rm' is set on object 'Object Repository/IWP30/Page_QATestHarness/RemittanceID'

2020-07-14 13:29:10 - [MESSAGE][PASSED] - Text 'TNycEtdVw8Rm' is set on object 'Object Repository/IWP30/Page_QATestHarness/RemittanceID'

2020-07-14 13:29:10 - [TEST_STEP][PASSED] - click(findTestObject("Object Repository/IWP30/Page_QATestHarness/SubmitButton")): Object: 'Object Repository/IWP30/Page_QATestHarness/SubmitButton' is clicked on

2020-07-14 13:29:11 - [MESSAGE][PASSED] - Object: 'Object Repository/IWP30/Page_QATestHarness/SubmitButton' is clicked on

2020-07-14 13:29:11 - [TEST_STEP][PASSED] - if (verifyElementPresent(findTestObject("Object Repository/IWP30/Page_SelectPaymentMethod/PayByCreditCard"), 30)): null

2020-07-14 13:29:11 - [MESSAGE][PASSED] - Object 'Object Repository/IWP30/Page_SelectPaymentMethod/PayByCreditCard' is present

2020-07-14 13:29:11 - [TEST_STEP][PASSED] - println("We are on Select Payment Method page, start populating"): null

2020-07-14 13:29:11 - [TEST_STEP][PASSED] - check(findTestObject("Object Repository/IWP30/Page_SelectPaymentMethod/PayByCreditCard")): Object 'Object Repository/IWP30/Page_SelectPaymentMethod/PayByCreditCard' is checked

2020-07-14 13:29:12 - [MESSAGE][PASSED] - Object 'Object Repository/IWP30/Page_SelectPaymentMethod/PayByCreditCard' is checked

2020-07-14 13:29:12 - [TEST_STEP][PASSED] - Thread.sleep(1000): null

2020-07-14 13:29:13 - [TEST_STEP][PASSED] - click(findTestObject("Object Repository/IWP30/Page_SelectPaymentMethod/MakePaymentButton")): Object: 'Object Repository/IWP30/Page_SelectPaymentMethod/MakePaymentButton' is clicked on

2020-07-14 13:29:14 - [MESSAGE][PASSED] - Object: 'Object Repository/IWP30/Page_SelectPaymentMethod/MakePaymentButton' is clicked on

2020-07-14 13:29:14 - [TEST_STEP][PASSED] - if (verifyElementPresent(findTestObject("Object Repository/IWP30/Page_CCPaymentEntry/Name"), 30)): null

2020-07-14 13:29:14 - [MESSAGE][PASSED] - Object 'Object Repository/IWP30/Page_CCPaymentEntry/Name' is present

2020-07-14 13:29:14 - [TEST_STEP][PASSED] - println("We are on Credit Card Payment Entry page, start populating"): null

2020-07-14 13:29:14 - [TEST_STEP][PASSED] - if (verifyElementPresent(findTestObject("Object Repository/IWP30/Page_CCPaymentEntry/Amount"), 30)): null

2020-07-14 13:29:15 - [MESSAGE][PASSED] - Object 'Object Repository/IWP30/Page_CCPaymentEntry/Amount' is present

2020-07-14 13:29:15 - [TEST_STEP][PASSED] - if (!(CCAmount.isEmpty())): null

2020-07-14 13:29:15 - [TEST_STEP][PASSED] - else: null

2020-07-14 13:29:15 - [TEST_STEP][PASSED] - println("Amount is not present in the Excel Spreadsheet"): null

2020-07-14 13:29:15 - [TEST_STEP][PASSED] - if (verifyElementPresent(findTestObject("Object Repository/IWP30/Page_CCPaymentEntry/UserDefined2"), 30)): null

2020-07-14 13:29:15 - [MESSAGE][PASSED] - Object 'Object Repository/IWP30/Page_CCPaymentEntry/UserDefined2' is present

2020-07-14 13:29:15 - [TEST_STEP][PASSED] - if (!(CCUDF2.isEmpty())): null

2020-07-14 13:29:15 - [TEST_STEP][PASSED] - else: null

2020-07-14 13:29:15 - [TEST_STEP][PASSED] - println("UDF2 data is not present in the Excel Spreadsheet"): null

2020-07-14 13:29:15 - [TEST_STEP][PASSED] - if (verifyElementPresent(findTestObject("Object Repository/IWP30/Page_CCPaymentEntry/UserDefined3"), 30)): null

2020-07-14 13:29:15 - [MESSAGE][PASSED] - Object 'Object Repository/IWP30/Page_CCPaymentEntry/UserDefined3' is present

2020-07-14 13:29:15 - [TEST_STEP][PASSED] - if (!(CCUDF3.isEmpty())): null

2020-07-14 13:29:15 - [TEST_STEP][PASSED] - else: null

2020-07-14 13:29:15 - [TEST_STEP][PASSED] - println("UDF3 data is not present in the Excel Spreadsheet"): null

2020-07-14 13:29:15 - [TEST_STEP][PASSED] - if (verifyElementPresent(findTestObject("Object Repository/IWP30/Page_CCPaymentEntry/UserDefined7"), 30)): null

2020-07-14 13:29:16 - [MESSAGE][PASSED] - Object 'Object Repository/IWP30/Page_CCPaymentEntry/UserDefined7' is present

2020-07-14 13:29:16 - [TEST_STEP][PASSED] - if (!(CCUDF7.isEmpty())): null

2020-07-14 13:29:16 - [TEST_STEP][PASSED] - else: null

2020-07-14 13:29:16 - [TEST_STEP][PASSED] - println("UDF7 data is not present in the Excel Spreadsheet"): null

2020-07-14 13:29:16 - [TEST_STEP][PASSED] - if (verifyElementPresent(findTestObject("Object Repository/IWP30/Page_CCPaymentEntry/UserDefined8"), 30)): null

2020-07-14 13:29:16 - [MESSAGE][PASSED] - Object 'Object Repository/IWP30/Page_CCPaymentEntry/UserDefined8' is present

2020-07-14 13:29:16 - [TEST_STEP][PASSED] - if (!(CCUDF8.isEmpty())): null

2020-07-14 13:29:16 - [TEST_STEP][PASSED] - else: null

2020-07-14 13:29:16 - [TEST_STEP][PASSED] - println("UDF8 data is not present in the Excel Spreadsheet"): null

2020-07-14 13:29:16 - [TEST_STEP][PASSED] - if (verifyElementPresent(findTestObject("Object Repository/IWP30/Page_CCPaymentEntry/Name"), 30)): null

2020-07-14 13:29:16 - [MESSAGE][PASSED] - Object 'Object Repository/IWP30/Page_CCPaymentEntry/Name' is present

2020-07-14 13:29:16 - [TEST_STEP][PASSED] - if (!(CCName.isEmpty())): null

2020-07-14 13:29:16 - [TEST_STEP][PASSED] - else: null

2020-07-14 13:29:16 - [TEST_STEP][PASSED] - println("CCName data is not present in the Excel Spreadsheet"): null

2020-07-14 13:29:16 - [TEST_STEP][PASSED] - if (verifyElementPresent(findTestObject("Object Repository/IWP30/Page_CCPaymentEntry/CardNumber"), 30)): null

2020-07-14 13:29:17 - [MESSAGE][PASSED] - Object 'Object Repository/IWP30/Page_CCPaymentEntry/CardNumber' is present

2020-07-14 13:29:17 - [TEST_STEP][PASSED] - if (!(CCCardNum.isEmpty())): Text '4111111111111111' is set on object 'Object Repository/IWP30/Page_CCPaymentEntry/CardNumber'

2020-07-14 13:29:17 - [TEST_STEP][PASSED] - setText(findTestObject("Object Repository/IWP30/Page_CCPaymentEntry/CardNumber"), CCCardNum): Text '4111111111111111' is set on object 'Object Repository/IWP30/Page_CCPaymentEntry/CardNumber'

2020-07-14 13:29:17 - [MESSAGE][PASSED] - Text '4111111111111111' is set on object 'Object Repository/IWP30/Page_CCPaymentEntry/CardNumber'

2020-07-14 13:29:17 - [TEST_STEP][PASSED] - if (verifyElementPresent(findTestObject("Object Repository/IWP30/Page_CCPaymentEntry/SPC"), 30)): null

2020-07-14 13:29:18 - [MESSAGE][PASSED] - Object 'Object Repository/IWP30/Page_CCPaymentEntry/SPC' is present

2020-07-14 13:29:18 - [TEST_STEP][PASSED] - if (!(CCSPC.isEmpty())): Text '123' is set on object 'Object Repository/IWP30/Page_CCPaymentEntry/SPC'

2020-07-14 13:29:18 - [TEST_STEP][PASSED] - setText(findTestObject("Object Repository/IWP30/Page_CCPaymentEntry/SPC"), CCSPC): Text '123' is set on object 'Object Repository/IWP30/Page_CCPaymentEntry/SPC'

2020-07-14 13:29:18 - [MESSAGE][PASSED] - Text '123' is set on object 'Object Repository/IWP30/Page_CCPaymentEntry/SPC'

2020-07-14 13:29:18 - [TEST_STEP][PASSED] - if (verifyElementPresent(findTestObject("Object Repository/IWP30/Page_CCPaymentEntry/Month"), 30)): null

2020-07-14 13:29:19 - [MESSAGE][PASSED] - Object 'Object Repository/IWP30/Page_CCPaymentEntry/Month' is present

2020-07-14 13:29:19 - [TEST_STEP][PASSED] - if (!(CCExpM.isEmpty())): All options with label '09' are selected in object 'Object Repository/IWP30/Page_CCPaymentEntry/Month' 

2020-07-14 13:29:19 - [TEST_STEP][PASSED] - selectOptionByLabel(findTestObject("Object Repository/IWP30/Page_CCPaymentEntry/Month"), CCExpM, false): All options with label '09' are selected in object 'Object Repository/IWP30/Page_CCPaymentEntry/Month' 

2020-07-14 13:29:19 - [MESSAGE][PASSED] - All options with label '09' are selected in object 'Object Repository/IWP30/Page_CCPaymentEntry/Month' 

2020-07-14 13:29:19 - [TEST_STEP][PASSED] - if (verifyElementPresent(findTestObject("Object Repository/IWP30/Page_CCPaymentEntry/Year"), 30)): null

2020-07-14 13:29:20 - [MESSAGE][PASSED] - Object 'Object Repository/IWP30/Page_CCPaymentEntry/Year' is present

2020-07-14 13:29:20 - [TEST_STEP][PASSED] - if (!(CCExpY.isEmpty())): All options with label '2023' are selected in object 'Object Repository/IWP30/Page_CCPaymentEntry/Year' 

2020-07-14 13:29:20 - [TEST_STEP][PASSED] - selectOptionByLabel(findTestObject("Object Repository/IWP30/Page_CCPaymentEntry/Year"), CCExpY, false): All options with label '2023' are selected in object 'Object Repository/IWP30/Page_CCPaymentEntry/Year' 

2020-07-14 13:29:20 - [MESSAGE][PASSED] - All options with label '2023' are selected in object 'Object Repository/IWP30/Page_CCPaymentEntry/Year' 

2020-07-14 13:29:20 - [TEST_STEP][PASSED] - if (verifyElementPresent(findTestObject("Object Repository/IWP30/Page_CCPaymentEntry/ProcessDate"), 30)): null

2020-07-14 13:29:21 - [MESSAGE][PASSED] - Object 'Object Repository/IWP30/Page_CCPaymentEntry/ProcessDate' is present

2020-07-14 13:29:21 - [TEST_STEP][PASSED] - if (!(CCDate.isEmpty())): null

2020-07-14 13:29:21 - [TEST_STEP][PASSED] - else: null

2020-07-14 13:29:21 - [TEST_STEP][PASSED] - println("CCDate is not present in the Excel Spreadsheet"): null

2020-07-14 13:29:21 - [TEST_STEP][PASSED] - if (verifyElementPresent(findTestObject("Object Repository/IWP30/Page_CCPaymentEntry/AL1"), 30)): null

2020-07-14 13:29:21 - [MESSAGE][PASSED] - Object 'Object Repository/IWP30/Page_CCPaymentEntry/AL1' is present

2020-07-14 13:29:21 - [TEST_STEP][PASSED] - if (!(CCAL1.isEmpty())): null

2020-07-14 13:29:21 - [TEST_STEP][PASSED] - else: null

2020-07-14 13:29:21 - [TEST_STEP][PASSED] - println("CCAL1 is not present in the Excel Spreadsheet"): null

2020-07-14 13:29:21 - [TEST_STEP][PASSED] - if (verifyElementPresent(findTestObject("Object Repository/IWP30/Page_CCPaymentEntry/AL2"), 30)): null

2020-07-14 13:29:21 - [MESSAGE][PASSED] - Object 'Object Repository/IWP30/Page_CCPaymentEntry/AL2' is present

2020-07-14 13:29:21 - [TEST_STEP][PASSED] - if (!(CCAL2.isEmpty())): null

2020-07-14 13:29:21 - [TEST_STEP][PASSED] - else: null

2020-07-14 13:29:21 - [TEST_STEP][PASSED] - println("CCAL2 is not present in the Excel Spreadsheet"): null

2020-07-14 13:29:21 - [TEST_STEP][PASSED] - if (verifyElementPresent(findTestObject("Object Repository/IWP30/Page_CCPaymentEntry/ZIP"), 30)): null

2020-07-14 13:29:21 - [MESSAGE][PASSED] - Object 'Object Repository/IWP30/Page_CCPaymentEntry/ZIP' is present

2020-07-14 13:29:21 - [TEST_STEP][PASSED] - if (!(CCZIP.isEmpty())): null

2020-07-14 13:29:21 - [TEST_STEP][PASSED] - else: null

2020-07-14 13:29:21 - [TEST_STEP][PASSED] - println("CCZIP is not present in the Excel Spreadsheet"): null

2020-07-14 13:29:21 - [TEST_STEP][PASSED] - if (verifyElementPresent(findTestObject("Object Repository/IWP30/Page_CCPaymentEntry/EmailAddress"), 30)): null

2020-07-14 13:29:22 - [MESSAGE][PASSED] - Object 'Object Repository/IWP30/Page_CCPaymentEntry/EmailAddress' is present

2020-07-14 13:29:22 - [TEST_STEP][PASSED] - if (!(CCEmail.isEmpty())): null

2020-07-14 13:29:22 - [TEST_STEP][PASSED] - else: null

2020-07-14 13:29:22 - [TEST_STEP][PASSED] - println("CCEmail is not present in the Excel Spreadsheet"): null

2020-07-14 13:29:22 - [TEST_STEP][PASSED] - if (verifyElementPresent(findTestObject("Object Repository/IWP30/Page_CCPaymentEntry/TermCondCheckBox"), 30)): null

2020-07-14 13:29:22 - [MESSAGE][PASSED] - Object 'Object Repository/IWP30/Page_CCPaymentEntry/TermCondCheckBox' is present

2020-07-14 13:29:22 - [TEST_STEP][PASSED] - check(findTestObject("Object Repository/IWP30/Page_CCPaymentEntry/TermCondCheckBox")): Object 'Object Repository/IWP30/Page_CCPaymentEntry/TermCondCheckBox' is checked

2020-07-14 13:29:23 - [MESSAGE][PASSED] - Object 'Object Repository/IWP30/Page_CCPaymentEntry/TermCondCheckBox' is checked

2020-07-14 13:29:23 - [TEST_STEP][PASSED] - if (verifyElementPresent(findTestObject("Object Repository/IWP30/Page_CCPaymentEntry/ContinueButton"), 30)): null

2020-07-14 13:29:23 - [MESSAGE][PASSED] - Object 'Object Repository/IWP30/Page_CCPaymentEntry/ContinueButton' is present

2020-07-14 13:29:23 - [TEST_STEP][PASSED] - click(findTestObject("Object Repository/IWP30/Page_CCPaymentEntry/ContinueButton")): Object: 'Object Repository/IWP30/Page_CCPaymentEntry/ContinueButton' is clicked on

2020-07-14 13:29:24 - [MESSAGE][PASSED] - Object: 'Object Repository/IWP30/Page_CCPaymentEntry/ContinueButton' is clicked on

2020-07-14 13:29:24 - [TEST_STEP][PASSED] - if (verifyTextPresent("Please verify the following information", false)): null

2020-07-14 13:29:24 - [MESSAGE][PASSED] - Text 'Please verify the following information' is present on page 

2020-07-14 13:29:24 - [TEST_STEP][PASSED] - println("Please verify the following information text is present on the Confirmation page"): null

2020-07-14 13:29:24 - [TEST_STEP][PASSED] - if (verifyTextPresent("Is this information correct?", false)): null

2020-07-14 13:29:25 - [MESSAGE][PASSED] - Text 'Is this information correct?' is present on page 

2020-07-14 13:29:25 - [TEST_STEP][PASSED] - println("Is this information correct text is present on the Confirmation page"): null

2020-07-14 13:29:25 - [TEST_STEP][PASSED] - if (verifyElementPresent(findTestObject("Object Repository/IWP30/Page_Confirmation/ConfirmButton"), 30)): null

2020-07-14 13:29:25 - [MESSAGE][PASSED] - Object 'Object Repository/IWP30/Page_Confirmation/ConfirmButton' is present

2020-07-14 13:29:25 - [TEST_STEP][PASSED] - click(findTestObject("Object Repository/IWP30/Page_Confirmation/ConfirmButton")): Object: 'Object Repository/IWP30/Page_Confirmation/ConfirmButton' is clicked on

2020-07-14 13:29:26 - [MESSAGE][PASSED] - Object: 'Object Repository/IWP30/Page_Confirmation/ConfirmButton' is clicked on

2020-07-14 13:29:26 - [TEST_STEP][PASSED] - Thread.sleep(10000): null

2020-07-14 13:29:36 - [TEST_STEP][PASSED] - if (verifyTextPresent("Successful Payment Receipt", false)): null

2020-07-14 13:29:37 - [MESSAGE][PASSED] - Text 'Successful Payment Receipt' is present on page 

2020-07-14 13:29:37 - [TEST_STEP][PASSED] - println("Successful Payment Receipt text is present on the Receipt page"): null

2020-07-14 13:29:37 - [TEST_STEP][PASSED] - if (verifyTextPresent("Please print this receipt for your records", false)): null

2020-07-14 13:29:37 - [MESSAGE][PASSED] - Text 'Please print this receipt for your records' is present on page 

2020-07-14 13:29:37 - [TEST_STEP][PASSED] - println("Please print this receipt for your records text is present on the Receipt page"): null

2020-07-14 13:29:37 - [TEST_STEP][PASSED] - if (verifyElementPresent(findTestObject("Object Repository/IWP30/Page_Receipt/ExitButton"), 30)): null

2020-07-14 13:29:37 - [MESSAGE][PASSED] - Object 'Object Repository/IWP30/Page_Receipt/ExitButton' is present

2020-07-14 13:29:37 - [TEST_STEP][PASSED] - println("Exit Button is present on the Receipt page"): null

2020-07-14 13:29:37 - [TEST_STEP][PASSED] - closeBrowser(): Browser is closed

2020-07-14 13:29:38 - [MESSAGE][PASSED] - Browser is closed

2020-07-14 13:29:38 - [TEST_STEP][PASSED] - try: null

2020-07-14 13:29:38 - [TEST_STEP][PASSED] - MV = findTestData("IWP30PayNowCC").getValue("MV", row): null

2020-07-14 13:29:38 - [TEST_STEP][PASSED] - println(MV): null

2020-07-14 13:29:38 - [TEST_STEP][PASSED] - Amount = findTestData("IWP30PayNowCC").getValue("Amount", row): null

2020-07-14 13:29:38 - [TEST_STEP][PASSED] - println(Amount): null

2020-07-14 13:29:38 - [TEST_STEP][PASSED] - CAN = findTestData("IWP30PayNowCC").getValue("CAN", row): null

2020-07-14 13:29:38 - [TEST_STEP][PASSED] - println(CAN): null

2020-07-14 13:29:38 - [TEST_STEP][PASSED] - Action = findTestData("IWP30PayNowCC").getValue("Action", row): null

2020-07-14 13:29:38 - [TEST_STEP][PASSED] - println(Action): null

2020-07-14 13:29:38 - [TEST_STEP][PASSED] - Lang = findTestData("IWP30PayNowCC").getValue("Lang", row): null

2020-07-14 13:29:38 - [TEST_STEP][PASSED] - println(Lang): null

2020-07-14 13:29:38 - [TEST_STEP][PASSED] - Fname = findTestData("IWP30PayNowCC").getValue("Fname", row): null

2020-07-14 13:29:38 - [TEST_STEP][PASSED] - println(Fname): null

2020-07-14 13:29:38 - [TEST_STEP][PASSED] - Lname = findTestData("IWP30PayNowCC").getValue("Lname", row): null

2020-07-14 13:29:38 - [TEST_STEP][PASSED] - println(Lname): null

2020-07-14 13:29:38 - [TEST_STEP][PASSED] - AL1 = findTestData("IWP30PayNowCC").getValue("AL1", row): null

2020-07-14 13:29:38 - [TEST_STEP][PASSED] - println(AL1): null

2020-07-14 13:29:38 - [TEST_STEP][PASSED] - AL2 = findTestData("IWP30PayNowCC").getValue("AL2", row): null

2020-07-14 13:29:38 - [TEST_STEP][PASSED] - println(AL2): null

2020-07-14 13:29:38 - [TEST_STEP][PASSED] - Country = findTestData("IWP30PayNowCC").getValue("Country", row): null

2020-07-14 13:29:38 - [TEST_STEP][PASSED] - println(Country): null

2020-07-14 13:29:38 - [TEST_STEP][PASSED] - City = findTestData("IWP30PayNowCC").getValue("City", row): null

2020-07-14 13:29:38 - [TEST_STEP][PASSED] - println(City): null

2020-07-14 13:29:38 - [TEST_STEP][PASSED] - State = findTestData("IWP30PayNowCC").getValue("State", row): null

2020-07-14 13:29:38 - [TEST_STEP][PASSED] - println(State): null

2020-07-14 13:29:38 - [TEST_STEP][PASSED] - ZIP = findTestData("IWP30PayNowCC").getValue("ZIP", row): null

2020-07-14 13:29:38 - [TEST_STEP][PASSED] - println(ZIP): null

2020-07-14 13:29:38 - [TEST_STEP][PASSED] - Order = findTestData("IWP30PayNowCC").getValue("Order", row): null

2020-07-14 13:29:38 - [TEST_STEP][PASSED] - println(Order): null

2020-07-14 13:29:38 - [TEST_STEP][PASSED] - CompanyName = findTestData("IWP30PayNowCC").getValue("CompanyName", row): null

2020-07-14 13:29:38 - [TEST_STEP][PASSED] - println(CompanyName): null

2020-07-14 13:29:38 - [TEST_STEP][PASSED] - Email = findTestData("IWP30PayNowCC").getValue("Email", row): null

2020-07-14 13:29:38 - [TEST_STEP][PASSED] - println(Email): null

2020-07-14 13:29:38 - [TEST_STEP][PASSED] - UDF1 = findTestData("IWP30PayNowCC").getValue("UDF1", row): null

2020-07-14 13:29:38 - [TEST_STEP][PASSED] - println(UDF1): null

2020-07-14 13:29:38 - [TEST_STEP][PASSED] - UDF2 = findTestData("IWP30PayNowCC").getValue("UDF2", row): null

2020-07-14 13:29:38 - [TEST_STEP][PASSED] - println(UDF2): null

2020-07-14 13:29:38 - [TEST_STEP][PASSED] - UDF3 = findTestData("IWP30PayNowCC").getValue("UDF3", row): null

2020-07-14 13:29:39 - [TEST_STEP][PASSED] - println(UDF3): null

2020-07-14 13:29:39 - [TEST_STEP][PASSED] - UDF4 = findTestData("IWP30PayNowCC").getValue("UDF4", row): null

2020-07-14 13:29:39 - [TEST_STEP][PASSED] - println(UDF4): null

2020-07-14 13:29:39 - [TEST_STEP][PASSED] - UDF5 = findTestData("IWP30PayNowCC").getValue("UDF5", row): null

2020-07-14 13:29:39 - [TEST_STEP][PASSED] - println(UDF5): null

2020-07-14 13:29:39 - [TEST_STEP][PASSED] - UDF6 = findTestData("IWP30PayNowCC").getValue("UDF6", row): null

2020-07-14 13:29:39 - [TEST_STEP][PASSED] - println(UDF6): null

2020-07-14 13:29:39 - [TEST_STEP][PASSED] - UDF7 = findTestData("IWP30PayNowCC").getValue("UDF7", row): null

2020-07-14 13:29:39 - [TEST_STEP][PASSED] - println(UDF7): null

2020-07-14 13:29:39 - [TEST_STEP][PASSED] - UDF8 = findTestData("IWP30PayNowCC").getValue("UDF8", row): null

2020-07-14 13:29:39 - [TEST_STEP][PASSED] - println(UDF8): null

2020-07-14 13:29:39 - [TEST_STEP][PASSED] - UDF9 = findTestData("IWP30PayNowCC").getValue("UDF9", row): null

2020-07-14 13:29:39 - [TEST_STEP][PASSED] - println(UDF9): null

2020-07-14 13:29:39 - [TEST_STEP][PASSED] - UDF10 = findTestData("IWP30PayNowCC").getValue("UDF10", row): null

2020-07-14 13:29:39 - [TEST_STEP][PASSED] - println(UDF10): null

2020-07-14 13:29:39 - [TEST_STEP][PASSED] - AppID = findTestData("IWP30PayNowCC").getValue("AppID", row): null

2020-07-14 13:29:39 - [TEST_STEP][PASSED] - println(AppID): null

2020-07-14 13:29:39 - [TEST_STEP][PASSED] - MessageVersion = findTestData("IWP30PayNowCC").getValue("MessageVersion", row): null

2020-07-14 13:29:39 - [TEST_STEP][PASSED] - println(MessageVersion): null

2020-07-14 13:29:39 - [TEST_STEP][PASSED] - CCAmount = findTestData("IWP30PayNowCC").getValue("CCAmount", row): null

2020-07-14 13:29:39 - [TEST_STEP][PASSED] - println(CCAmount): null

2020-07-14 13:29:39 - [TEST_STEP][PASSED] - CCUDF1 = findTestData("IWP30PayNowCC").getValue("CCUDF1", row): null

2020-07-14 13:29:39 - [TEST_STEP][PASSED] - println(CCUDF1): null

2020-07-14 13:29:39 - [TEST_STEP][PASSED] - CCUDF2 = findTestData("IWP30PayNowCC").getValue("CCUDF2", row): null

2020-07-14 13:29:39 - [TEST_STEP][PASSED] - println(CCUDF2): null

2020-07-14 13:29:39 - [TEST_STEP][PASSED] - CCUDF3 = findTestData("IWP30PayNowCC").getValue("CCUDF3", row): null

2020-07-14 13:29:39 - [TEST_STEP][PASSED] - println(CCUDF3): null

2020-07-14 13:29:39 - [TEST_STEP][PASSED] - CCUDF4 = findTestData("IWP30PayNowCC").getValue("CCUDF4", row): null

2020-07-14 13:29:39 - [TEST_STEP][PASSED] - println(CCUDF4): null

2020-07-14 13:29:39 - [TEST_STEP][PASSED] - CCUDF5 = findTestData("IWP30PayNowCC").getValue("CCUDF5", row): null

2020-07-14 13:29:39 - [TEST_STEP][PASSED] - println(CCUDF5): null

2020-07-14 13:29:39 - [TEST_STEP][PASSED] - CCUDF6 = findTestData("IWP30PayNowCC").getValue("CCUDF6", row): null

2020-07-14 13:29:39 - [TEST_STEP][PASSED] - println(CCUDF6): null

2020-07-14 13:29:39 - [TEST_STEP][PASSED] - CCUDF7 = findTestData("IWP30PayNowCC").getValue("CCUDF7", row): null

2020-07-14 13:29:39 - [TEST_STEP][PASSED] - println(CCUDF7): null

2020-07-14 13:29:39 - [TEST_STEP][PASSED] - CCUDF8 = findTestData("IWP30PayNowCC").getValue("CCUDF8", row): null

2020-07-14 13:29:39 - [TEST_STEP][PASSED] - println(CCUDF8): null

2020-07-14 13:29:39 - [TEST_STEP][PASSED] - CCUDF9 = findTestData("IWP30PayNowCC").getValue("CCUDF9", row): null

2020-07-14 13:29:39 - [TEST_STEP][PASSED] - println(CCUDF9): null

2020-07-14 13:29:39 - [TEST_STEP][PASSED] - CCUDF10 = findTestData("IWP30PayNowCC").getValue("CCUDF10", row): null

2020-07-14 13:29:39 - [TEST_STEP][PASSED] - println(CCUDF10): null

2020-07-14 13:29:39 - [TEST_STEP][PASSED] - CCName = findTestData("IWP30PayNowCC").getValue("CCName", row): null

2020-07-14 13:29:39 - [TEST_STEP][PASSED] - println(CCName): null

2020-07-14 13:29:39 - [TEST_STEP][PASSED] - CCCardNum = findTestData("IWP30PayNowCC").getValue("CCCardNum", row): null

2020-07-14 13:29:39 - [TEST_STEP][PASSED] - println(CCCardNum): null

2020-07-14 13:29:39 - [TEST_STEP][PASSED] - CCSPC = findTestData("IWP30PayNowCC").getValue("CCSPC", row): null

2020-07-14 13:29:39 - [TEST_STEP][PASSED] - println(CCSPC): null

2020-07-14 13:29:39 - [TEST_STEP][PASSED] - CCExpM = findTestData("IWP30PayNowCC").getValue("CCExpM", row): null

2020-07-14 13:29:39 - [TEST_STEP][PASSED] - println(CCExpM): null

2020-07-14 13:29:39 - [TEST_STEP][PASSED] - CCExpY = findTestData("IWP30PayNowCC").getValue("CCExpY", row): null

2020-07-14 13:29:39 - [TEST_STEP][PASSED] - println(CCExpY): null

2020-07-14 13:29:39 - [TEST_STEP][PASSED] - CCDate = findTestData("IWP30PayNowCC").getValue("CCDate", row): null

2020-07-14 13:29:39 - [TEST_STEP][PASSED] - println(CCDate): null

2020-07-14 13:29:39 - [TEST_STEP][PASSED] - CCAL1 = findTestData("IWP30PayNowCC").getValue("CCAL1", row): null

2020-07-14 13:29:39 - [TEST_STEP][PASSED] - println(CCAL1): null

2020-07-14 13:29:39 - [TEST_STEP][PASSED] - CCAL2 = findTestData("IWP30PayNowCC").getValue("CCAL2", row): null

2020-07-14 13:29:39 - [TEST_STEP][PASSED] - println(CCAL2): null

2020-07-14 13:29:39 - [TEST_STEP][PASSED] - CCZIP = findTestData("IWP30PayNowCC").getValue("CCZIP", row): null

2020-07-14 13:29:39 - [TEST_STEP][PASSED] - println(CCZIP): null

2020-07-14 13:29:39 - [TEST_STEP][PASSED] - CCEmail = findTestData("IWP30PayNowCC").getValue("CCEmail", row): null

2020-07-14 13:29:39 - [TEST_STEP][PASSED] - println(CCEmail): null

2020-07-14 13:29:39 - [TEST_STEP][PASSED] - openBrowser(urlEmulator): Browser is opened with url: 'https://qa.velocitypayment.com/agency/config.do?action=editor'

2020-07-14 13:29:39 - [MESSAGE][INFO] - Starting 'Chrome' driver

2020-07-14 13:29:39 - [MESSAGE][INFO] - User set preference: ['acceptInsecureCerts', 'true']

2020-07-14 13:29:39 - [MESSAGE][INFO] - Action delay is set to 0 milliseconds

2020-07-14 13:29:44 - [MESSAGE][PASSED] - Browser is opened with url: 'https://qa.velocitypayment.com/agency/config.do?action=editor'

2020-07-14 13:29:44 - [TEST_STEP][PASSED] - maximizeWindow(): Current window maximized

2020-07-14 13:29:44 - [MESSAGE][PASSED] - Current window maximized

2020-07-14 13:29:44 - [TEST_STEP][PASSED] - selectOptionByValue(findTestObject("IWP30/Page_VRelay30Emulator/MV"), MV, true): All options with value '3.0' are selected in object 'Object Repository/IWP30/Page_VRelay30Emulator/MV'  using regular expression

2020-07-14 13:29:45 - [MESSAGE][PASSED] - All options with value '3.0' are selected in object 'Object Repository/IWP30/Page_VRelay30Emulator/MV'  using regular expression

2020-07-14 13:29:45 - [TEST_STEP][PASSED] - setText(findTestObject("IWP30/Page_VRelay30Emulator/Amount"), Amount): Text '29.50' is set on object 'Object Repository/IWP30/Page_VRelay30Emulator/Amount'

2020-07-14 13:29:46 - [MESSAGE][PASSED] - Text '29.50' is set on object 'Object Repository/IWP30/Page_VRelay30Emulator/Amount'

2020-07-14 13:29:46 - [TEST_STEP][PASSED] - setText(findTestObject("IWP30/Page_VRelay30Emulator/CAN"), CAN): Text '26412109' is set on object 'Object Repository/IWP30/Page_VRelay30Emulator/CAN'

2020-07-14 13:29:46 - [MESSAGE][PASSED] - Text '26412109' is set on object 'Object Repository/IWP30/Page_VRelay30Emulator/CAN'

2020-07-14 13:29:46 - [TEST_STEP][PASSED] - setText(findTestObject("IWP30/Page_VRelay30Emulator/Action"), Action): Text 'PayNow' is set on object 'Object Repository/IWP30/Page_VRelay30Emulator/Action'

2020-07-14 13:29:47 - [MESSAGE][PASSED] - Text 'PayNow' is set on object 'Object Repository/IWP30/Page_VRelay30Emulator/Action'

2020-07-14 13:29:47 - [TEST_STEP][PASSED] - setText(findTestObject("IWP30/Page_VRelay30Emulator/Lang"), Lang): Text 'en_US' is set on object 'Object Repository/IWP30/Page_VRelay30Emulator/Lang'

2020-07-14 13:29:48 - [MESSAGE][PASSED] - Text 'en_US' is set on object 'Object Repository/IWP30/Page_VRelay30Emulator/Lang'

2020-07-14 13:29:48 - [TEST_STEP][PASSED] - setText(findTestObject("IWP30/Page_VRelay30Emulator/Fname"), Fname): Text 'Jonty' is set on object 'Object Repository/IWP30/Page_VRelay30Emulator/Fname'

2020-07-14 13:29:48 - [MESSAGE][PASSED] - Text 'Jonty' is set on object 'Object Repository/IWP30/Page_VRelay30Emulator/Fname'

2020-07-14 13:29:48 - [TEST_STEP][PASSED] - setText(findTestObject("IWP30/Page_VRelay30Emulator/Lname"), Lname): Text 'Smith' is set on object 'Object Repository/IWP30/Page_VRelay30Emulator/Lname'

2020-07-14 13:29:49 - [MESSAGE][PASSED] - Text 'Smith' is set on object 'Object Repository/IWP30/Page_VRelay30Emulator/Lname'

2020-07-14 13:29:49 - [TEST_STEP][PASSED] - setText(findTestObject("IWP30/Page_VRelay30Emulator/AL1"), AL1): Text '15 Elm St' is set on object 'Object Repository/IWP30/Page_VRelay30Emulator/AL1'

2020-07-14 13:29:50 - [MESSAGE][PASSED] - Text '15 Elm St' is set on object 'Object Repository/IWP30/Page_VRelay30Emulator/AL1'

2020-07-14 13:29:50 - [TEST_STEP][PASSED] - setText(findTestObject("IWP30/Page_VRelay30Emulator/AL2"), AL2): Text 'Suite 600' is set on object 'Object Repository/IWP30/Page_VRelay30Emulator/AL2'

2020-07-14 13:29:50 - [MESSAGE][PASSED] - Text 'Suite 600' is set on object 'Object Repository/IWP30/Page_VRelay30Emulator/AL2'

2020-07-14 13:29:50 - [TEST_STEP][PASSED] - setText(findTestObject("IWP30/Page_VRelay30Emulator/Country"), Country): Text '840' is set on object 'Object Repository/IWP30/Page_VRelay30Emulator/Country'

2020-07-14 13:29:51 - [MESSAGE][PASSED] - Text '840' is set on object 'Object Repository/IWP30/Page_VRelay30Emulator/Country'

2020-07-14 13:29:51 - [TEST_STEP][PASSED] - setText(findTestObject("IWP30/Page_VRelay30Emulator/City"), City): Text 'Gambrills' is set on object 'Object Repository/IWP30/Page_VRelay30Emulator/City'

2020-07-14 13:29:52 - [MESSAGE][PASSED] - Text 'Gambrills' is set on object 'Object Repository/IWP30/Page_VRelay30Emulator/City'

2020-07-14 13:29:52 - [TEST_STEP][PASSED] - setText(findTestObject("IWP30/Page_VRelay30Emulator/State"), State): Text 'MD' is set on object 'Object Repository/IWP30/Page_VRelay30Emulator/State'

2020-07-14 13:29:52 - [MESSAGE][PASSED] - Text 'MD' is set on object 'Object Repository/IWP30/Page_VRelay30Emulator/State'

2020-07-14 13:29:52 - [TEST_STEP][PASSED] - setText(findTestObject("IWP30/Page_VRelay30Emulator/ZIP"), ZIP): Text '21054' is set on object 'Object Repository/IWP30/Page_VRelay30Emulator/ZIP'

2020-07-14 13:29:53 - [MESSAGE][PASSED] - Text '21054' is set on object 'Object Repository/IWP30/Page_VRelay30Emulator/ZIP'

2020-07-14 13:29:53 - [TEST_STEP][PASSED] - setText(findTestObject("IWP30/Page_VRelay30Emulator/Order"), Order): Text '' is set on object 'Object Repository/IWP30/Page_VRelay30Emulator/Order'

2020-07-14 13:29:54 - [MESSAGE][PASSED] - Text '' is set on object 'Object Repository/IWP30/Page_VRelay30Emulator/Order'

2020-07-14 13:29:54 - [TEST_STEP][PASSED] - setText(findTestObject("IWP30/Page_VRelay30Emulator/Company"), CompanyName): Text '' is set on object 'Object Repository/IWP30/Page_VRelay30Emulator/Company'

2020-07-14 13:29:54 - [MESSAGE][PASSED] - Text '' is set on object 'Object Repository/IWP30/Page_VRelay30Emulator/Company'

2020-07-14 13:29:54 - [TEST_STEP][PASSED] - setText(findTestObject("IWP30/Page_VRelay30Emulator/Email"), Email): Text 'iahmed@govolution.com' is set on object 'Object Repository/IWP30/Page_VRelay30Emulator/Email'

2020-07-14 13:29:55 - [MESSAGE][PASSED] - Text 'iahmed@govolution.com' is set on object 'Object Repository/IWP30/Page_VRelay30Emulator/Email'

2020-07-14 13:29:55 - [TEST_STEP][PASSED] - setText(findTestObject("IWP30/Page_VRelay30Emulator/UDF1"), UDF1): Text 'udf data 1' is set on object 'Object Repository/IWP30/Page_VRelay30Emulator/UDF1'

2020-07-14 13:29:56 - [MESSAGE][PASSED] - Text 'udf data 1' is set on object 'Object Repository/IWP30/Page_VRelay30Emulator/UDF1'

2020-07-14 13:29:56 - [TEST_STEP][PASSED] - setText(findTestObject("IWP30/Page_VRelay30Emulator/UDF2"), UDF2): Text 'udf data 2' is set on object 'Object Repository/IWP30/Page_VRelay30Emulator/UDF2'

2020-07-14 13:29:57 - [MESSAGE][PASSED] - Text 'udf data 2' is set on object 'Object Repository/IWP30/Page_VRelay30Emulator/UDF2'

2020-07-14 13:29:57 - [TEST_STEP][PASSED] - setText(findTestObject("IWP30/Page_VRelay30Emulator/UDF3"), UDF3): Text 'udf data 3' is set on object 'Object Repository/IWP30/Page_VRelay30Emulator/UDF3'

2020-07-14 13:29:57 - [MESSAGE][PASSED] - Text 'udf data 3' is set on object 'Object Repository/IWP30/Page_VRelay30Emulator/UDF3'

2020-07-14 13:29:57 - [TEST_STEP][PASSED] - setText(findTestObject("IWP30/Page_VRelay30Emulator/UDF4"), UDF4): Text 'udf data 4' is set on object 'Object Repository/IWP30/Page_VRelay30Emulator/UDF4'

2020-07-14 13:29:58 - [MESSAGE][PASSED] - Text 'udf data 4' is set on object 'Object Repository/IWP30/Page_VRelay30Emulator/UDF4'

2020-07-14 13:29:58 - [TEST_STEP][PASSED] - setText(findTestObject("IWP30/Page_VRelay30Emulator/UDF5"), UDF5): Text 'udf data 5' is set on object 'Object Repository/IWP30/Page_VRelay30Emulator/UDF5'

2020-07-14 13:29:59 - [MESSAGE][PASSED] - Text 'udf data 5' is set on object 'Object Repository/IWP30/Page_VRelay30Emulator/UDF5'

2020-07-14 13:29:59 - [TEST_STEP][PASSED] - setText(findTestObject("IWP30/Page_VRelay30Emulator/UDF6"), UDF6): Text 'udf data 6' is set on object 'Object Repository/IWP30/Page_VRelay30Emulator/UDF6'

2020-07-14 13:29:59 - [MESSAGE][PASSED] - Text 'udf data 6' is set on object 'Object Repository/IWP30/Page_VRelay30Emulator/UDF6'

2020-07-14 13:29:59 - [TEST_STEP][PASSED] - setText(findTestObject("IWP30/Page_VRelay30Emulator/UDF7"), UDF7): Text 'Orange' is set on object 'Object Repository/IWP30/Page_VRelay30Emulator/UDF7'

2020-07-14 13:30:00 - [MESSAGE][PASSED] - Text 'Orange' is set on object 'Object Repository/IWP30/Page_VRelay30Emulator/UDF7'

2020-07-14 13:30:00 - [TEST_STEP][PASSED] - setText(findTestObject("IWP30/Page_VRelay30Emulator/UDF8"), UDF8): Text 'Soccer' is set on object 'Object Repository/IWP30/Page_VRelay30Emulator/UDF8'

2020-07-14 13:30:01 - [MESSAGE][PASSED] - Text 'Soccer' is set on object 'Object Repository/IWP30/Page_VRelay30Emulator/UDF8'

2020-07-14 13:30:01 - [TEST_STEP][PASSED] - setText(findTestObject("IWP30/Page_VRelay30Emulator/UDF9"), UDF9): Text 'udf data 9' is set on object 'Object Repository/IWP30/Page_VRelay30Emulator/UDF9'

2020-07-14 13:30:02 - [MESSAGE][PASSED] - Text 'udf data 9' is set on object 'Object Repository/IWP30/Page_VRelay30Emulator/UDF9'

2020-07-14 13:30:02 - [TEST_STEP][PASSED] - setText(findTestObject("IWP30/Page_VRelay30Emulator/UDF10"), UDF10): Text 'udf data 10' is set on object 'Object Repository/IWP30/Page_VRelay30Emulator/UDF10'

2020-07-14 13:30:02 - [MESSAGE][PASSED] - Text 'udf data 10' is set on object 'Object Repository/IWP30/Page_VRelay30Emulator/UDF10'

2020-07-14 13:30:02 - [TEST_STEP][PASSED] - Thread.sleep(5000): null

2020-07-14 13:30:07 - [TEST_STEP][PASSED] - click(findTestObject("IWP30/Page_VRelay30Emulator/Submit")): Object: 'Object Repository/IWP30/Page_VRelay30Emulator/Submit' is clicked on

2020-07-14 13:30:08 - [MESSAGE][PASSED] - Object: 'Object Repository/IWP30/Page_VRelay30Emulator/Submit' is clicked on

2020-07-14 13:30:08 - [TEST_STEP][PASSED] - closeBrowser(): Browser is closed

2020-07-14 13:30:09 - [MESSAGE][PASSED] - Browser is closed

2020-07-14 13:30:09 - [TEST_STEP][PASSED] - openBrowser(urlTestHarness): Browser is opened with url: 'https://dev-algorithm.govolution.com/vrelaytest/QA/version_2_2/vrelaytest.html'

2020-07-14 13:30:09 - [MESSAGE][INFO] - Starting 'Chrome' driver

2020-07-14 13:30:09 - [MESSAGE][INFO] - User set preference: ['acceptInsecureCerts', 'true']

2020-07-14 13:30:09 - [MESSAGE][INFO] - Action delay is set to 0 milliseconds

2020-07-14 13:30:12 - [MESSAGE][PASSED] - Browser is opened with url: 'https://dev-algorithm.govolution.com/vrelaytest/QA/version_2_2/vrelaytest.html'

2020-07-14 13:30:12 - [TEST_STEP][PASSED] - maximizeWindow(): Current window maximized

2020-07-14 13:30:12 - [MESSAGE][PASSED] - Current window maximized

2020-07-14 13:30:12 - [TEST_STEP][PASSED] - genRemIDVoid = RandomStringUtils.random(12, true, true): null

2020-07-14 13:30:12 - [TEST_STEP][PASSED] - if (verifyElementPresent(findTestObject("Object Repository/IWP30/Page_QATestHarness/RemittanceID"), 30)): null

2020-07-14 13:30:13 - [MESSAGE][PASSED] - Object 'Object Repository/IWP30/Page_QATestHarness/RemittanceID' is present

2020-07-14 13:30:13 - [TEST_STEP][PASSED] - println("We are on Test Harness page, start populating"): null

2020-07-14 13:30:13 - [TEST_STEP][PASSED] - setText(findTestObject("Object Repository/IWP30/Page_QATestHarness/ApplicationID"), AppID): Text '649' is set on object 'Object Repository/IWP30/Page_QATestHarness/ApplicationID'

2020-07-14 13:30:13 - [MESSAGE][PASSED] - Text '649' is set on object 'Object Repository/IWP30/Page_QATestHarness/ApplicationID'

2020-07-14 13:30:13 - [TEST_STEP][PASSED] - setText(findTestObject("Object Repository/IWP30/Page_QATestHarness/MessageVersion"), MessageVersion): Text '3.0' is set on object 'Object Repository/IWP30/Page_QATestHarness/MessageVersion'

2020-07-14 13:30:14 - [MESSAGE][PASSED] - Text '3.0' is set on object 'Object Repository/IWP30/Page_QATestHarness/MessageVersion'

2020-07-14 13:30:14 - [TEST_STEP][PASSED] - setText(findTestObject("Object Repository/IWP30/Page_QATestHarness/RemittanceID"), genRemIDVoid): Text '7d5uG49MEDSV' is set on object 'Object Repository/IWP30/Page_QATestHarness/RemittanceID'

2020-07-14 13:30:15 - [MESSAGE][PASSED] - Text '7d5uG49MEDSV' is set on object 'Object Repository/IWP30/Page_QATestHarness/RemittanceID'

2020-07-14 13:30:15 - [TEST_STEP][PASSED] - click(findTestObject("Object Repository/IWP30/Page_QATestHarness/SubmitButton")): Object: 'Object Repository/IWP30/Page_QATestHarness/SubmitButton' is clicked on

2020-07-14 13:30:16 - [MESSAGE][PASSED] - Object: 'Object Repository/IWP30/Page_QATestHarness/SubmitButton' is clicked on

2020-07-14 13:30:16 - [TEST_STEP][PASSED] - if (verifyElementPresent(findTestObject("Object Repository/IWP30/Page_SelectPaymentMethod/PayByCreditCard"), 30)): null

2020-07-14 13:30:17 - [MESSAGE][PASSED] - Object 'Object Repository/IWP30/Page_SelectPaymentMethod/PayByCreditCard' is present

2020-07-14 13:30:17 - [TEST_STEP][PASSED] - println("We are on Select Payment Method page, start populating"): null

2020-07-14 13:30:17 - [TEST_STEP][PASSED] - check(findTestObject("Object Repository/IWP30/Page_SelectPaymentMethod/PayByCreditCard")): Object 'Object Repository/IWP30/Page_SelectPaymentMethod/PayByCreditCard' is checked

2020-07-14 13:30:17 - [MESSAGE][PASSED] - Object 'Object Repository/IWP30/Page_SelectPaymentMethod/PayByCreditCard' is checked

2020-07-14 13:30:17 - [TEST_STEP][PASSED] - Thread.sleep(1000): null

2020-07-14 13:30:18 - [TEST_STEP][PASSED] - click(findTestObject("Object Repository/IWP30/Page_SelectPaymentMethod/MakePaymentButton")): Object: 'Object Repository/IWP30/Page_SelectPaymentMethod/MakePaymentButton' is clicked on

2020-07-14 13:30:19 - [MESSAGE][PASSED] - Object: 'Object Repository/IWP30/Page_SelectPaymentMethod/MakePaymentButton' is clicked on

2020-07-14 13:30:19 - [TEST_STEP][PASSED] - if (verifyElementPresent(findTestObject("Object Repository/IWP30/Page_CCPaymentEntry/Name"), 30)): null

2020-07-14 13:30:20 - [MESSAGE][PASSED] - Object 'Object Repository/IWP30/Page_CCPaymentEntry/Name' is present

2020-07-14 13:30:20 - [TEST_STEP][PASSED] - println("We are on Credit Card Payment Entry page, start populating"): null

2020-07-14 13:30:20 - [TEST_STEP][PASSED] - if (verifyElementPresent(findTestObject("Object Repository/IWP30/Page_CCPaymentEntry/Amount"), 30)): null

2020-07-14 13:30:20 - [MESSAGE][PASSED] - Object 'Object Repository/IWP30/Page_CCPaymentEntry/Amount' is present

2020-07-14 13:30:20 - [TEST_STEP][PASSED] - if (!(CCAmount.isEmpty())): Text '20.50' is set on object 'Object Repository/IWP30/Page_CCPaymentEntry/Amount'

2020-07-14 13:30:20 - [TEST_STEP][PASSED] - setText(findTestObject("Object Repository/IWP30/Page_CCPaymentEntry/Amount"), CCAmount): Text '20.50' is set on object 'Object Repository/IWP30/Page_CCPaymentEntry/Amount'

2020-07-14 13:30:21 - [MESSAGE][PASSED] - Text '20.50' is set on object 'Object Repository/IWP30/Page_CCPaymentEntry/Amount'

2020-07-14 13:30:21 - [TEST_STEP][PASSED] - if (verifyElementPresent(findTestObject("Object Repository/IWP30/Page_CCPaymentEntry/UserDefined2"), 30)): null

2020-07-14 13:30:21 - [MESSAGE][PASSED] - Object 'Object Repository/IWP30/Page_CCPaymentEntry/UserDefined2' is present

2020-07-14 13:30:21 - [TEST_STEP][PASSED] - if (!(CCUDF2.isEmpty())): Text 'Circle' is set on object 'Object Repository/IWP30/Page_CCPaymentEntry/UserDefined2'

2020-07-14 13:30:21 - [TEST_STEP][PASSED] - setText(findTestObject("Object Repository/IWP30/Page_CCPaymentEntry/UserDefined2"), CCUDF2): Text 'Circle' is set on object 'Object Repository/IWP30/Page_CCPaymentEntry/UserDefined2'

2020-07-14 13:30:22 - [MESSAGE][PASSED] - Text 'Circle' is set on object 'Object Repository/IWP30/Page_CCPaymentEntry/UserDefined2'

2020-07-14 13:30:22 - [TEST_STEP][PASSED] - if (verifyElementPresent(findTestObject("Object Repository/IWP30/Page_CCPaymentEntry/UserDefined3"), 30)): null

2020-07-14 13:30:22 - [MESSAGE][PASSED] - Object 'Object Repository/IWP30/Page_CCPaymentEntry/UserDefined3' is present

2020-07-14 13:30:22 - [TEST_STEP][PASSED] - if (!(CCUDF3.isEmpty())): Text 'Triangle' is set on object 'Object Repository/IWP30/Page_CCPaymentEntry/UserDefined3'

2020-07-14 13:30:22 - [TEST_STEP][PASSED] - setText(findTestObject("Object Repository/IWP30/Page_CCPaymentEntry/UserDefined3"), CCUDF3): Text 'Triangle' is set on object 'Object Repository/IWP30/Page_CCPaymentEntry/UserDefined3'

2020-07-14 13:30:23 - [MESSAGE][PASSED] - Text 'Triangle' is set on object 'Object Repository/IWP30/Page_CCPaymentEntry/UserDefined3'

2020-07-14 13:30:23 - [TEST_STEP][PASSED] - if (verifyElementPresent(findTestObject("Object Repository/IWP30/Page_CCPaymentEntry/UserDefined7"), 30)): null

2020-07-14 13:30:23 - [MESSAGE][PASSED] - Object 'Object Repository/IWP30/Page_CCPaymentEntry/UserDefined7' is present

2020-07-14 13:30:23 - [TEST_STEP][PASSED] - if (!(CCUDF7.isEmpty())): All options with label 'Purple' are selected in object 'Object Repository/IWP30/Page_CCPaymentEntry/UserDefined7' 

2020-07-14 13:30:23 - [TEST_STEP][PASSED] - selectOptionByLabel(findTestObject("Object Repository/IWP30/Page_CCPaymentEntry/UserDefined7"), CCUDF7, false): All options with label 'Purple' are selected in object 'Object Repository/IWP30/Page_CCPaymentEntry/UserDefined7' 

2020-07-14 13:30:23 - [MESSAGE][PASSED] - All options with label 'Purple' are selected in object 'Object Repository/IWP30/Page_CCPaymentEntry/UserDefined7' 

2020-07-14 13:30:23 - [TEST_STEP][PASSED] - if (verifyElementPresent(findTestObject("Object Repository/IWP30/Page_CCPaymentEntry/UserDefined8"), 30)): null

2020-07-14 13:30:24 - [MESSAGE][PASSED] - Object 'Object Repository/IWP30/Page_CCPaymentEntry/UserDefined8' is present

2020-07-14 13:30:24 - [TEST_STEP][PASSED] - if (!(CCUDF8.isEmpty())): All options with label 'Tennis' are selected in object 'Object Repository/IWP30/Page_CCPaymentEntry/UserDefined8' 

2020-07-14 13:30:24 - [TEST_STEP][PASSED] - selectOptionByLabel(findTestObject("Object Repository/IWP30/Page_CCPaymentEntry/UserDefined8"), CCUDF8, false): All options with label 'Tennis' are selected in object 'Object Repository/IWP30/Page_CCPaymentEntry/UserDefined8' 

2020-07-14 13:30:24 - [MESSAGE][PASSED] - All options with label 'Tennis' are selected in object 'Object Repository/IWP30/Page_CCPaymentEntry/UserDefined8' 

2020-07-14 13:30:24 - [TEST_STEP][PASSED] - if (verifyElementPresent(findTestObject("Object Repository/IWP30/Page_CCPaymentEntry/Name"), 30)): null

2020-07-14 13:30:25 - [MESSAGE][PASSED] - Object 'Object Repository/IWP30/Page_CCPaymentEntry/Name' is present

2020-07-14 13:30:25 - [TEST_STEP][PASSED] - if (!(CCName.isEmpty())): Text 'Alan Donald' is set on object 'Object Repository/IWP30/Page_CCPaymentEntry/Name'

2020-07-14 13:30:25 - [TEST_STEP][PASSED] - setText(findTestObject("Object Repository/IWP30/Page_CCPaymentEntry/Name"), CCName): Text 'Alan Donald' is set on object 'Object Repository/IWP30/Page_CCPaymentEntry/Name'

2020-07-14 13:30:25 - [MESSAGE][PASSED] - Text 'Alan Donald' is set on object 'Object Repository/IWP30/Page_CCPaymentEntry/Name'

2020-07-14 13:30:25 - [TEST_STEP][PASSED] - if (verifyElementPresent(findTestObject("Object Repository/IWP30/Page_CCPaymentEntry/CardNumber"), 30)): null

2020-07-14 13:30:25 - [MESSAGE][PASSED] - Object 'Object Repository/IWP30/Page_CCPaymentEntry/CardNumber' is present

2020-07-14 13:30:25 - [TEST_STEP][PASSED] - if (!(CCCardNum.isEmpty())): Text '4111111111111111' is set on object 'Object Repository/IWP30/Page_CCPaymentEntry/CardNumber'

2020-07-14 13:30:25 - [TEST_STEP][PASSED] - setText(findTestObject("Object Repository/IWP30/Page_CCPaymentEntry/CardNumber"), CCCardNum): Text '4111111111111111' is set on object 'Object Repository/IWP30/Page_CCPaymentEntry/CardNumber'

2020-07-14 13:30:26 - [MESSAGE][PASSED] - Text '4111111111111111' is set on object 'Object Repository/IWP30/Page_CCPaymentEntry/CardNumber'

2020-07-14 13:30:26 - [TEST_STEP][PASSED] - if (verifyElementPresent(findTestObject("Object Repository/IWP30/Page_CCPaymentEntry/SPC"), 30)): null

2020-07-14 13:30:26 - [MESSAGE][PASSED] - Object 'Object Repository/IWP30/Page_CCPaymentEntry/SPC' is present

2020-07-14 13:30:26 - [TEST_STEP][PASSED] - if (!(CCSPC.isEmpty())): Text '258' is set on object 'Object Repository/IWP30/Page_CCPaymentEntry/SPC'

2020-07-14 13:30:26 - [TEST_STEP][PASSED] - setText(findTestObject("Object Repository/IWP30/Page_CCPaymentEntry/SPC"), CCSPC): Text '258' is set on object 'Object Repository/IWP30/Page_CCPaymentEntry/SPC'

2020-07-14 13:30:27 - [MESSAGE][PASSED] - Text '258' is set on object 'Object Repository/IWP30/Page_CCPaymentEntry/SPC'

2020-07-14 13:30:27 - [TEST_STEP][PASSED] - if (verifyElementPresent(findTestObject("Object Repository/IWP30/Page_CCPaymentEntry/Month"), 30)): null

2020-07-14 13:30:27 - [MESSAGE][PASSED] - Object 'Object Repository/IWP30/Page_CCPaymentEntry/Month' is present

2020-07-14 13:30:27 - [TEST_STEP][PASSED] - if (!(CCExpM.isEmpty())): All options with label '10' are selected in object 'Object Repository/IWP30/Page_CCPaymentEntry/Month' 

2020-07-14 13:30:27 - [TEST_STEP][PASSED] - selectOptionByLabel(findTestObject("Object Repository/IWP30/Page_CCPaymentEntry/Month"), CCExpM, false): All options with label '10' are selected in object 'Object Repository/IWP30/Page_CCPaymentEntry/Month' 

2020-07-14 13:30:28 - [MESSAGE][PASSED] - All options with label '10' are selected in object 'Object Repository/IWP30/Page_CCPaymentEntry/Month' 

2020-07-14 13:30:28 - [TEST_STEP][PASSED] - if (verifyElementPresent(findTestObject("Object Repository/IWP30/Page_CCPaymentEntry/Year"), 30)): null

2020-07-14 13:30:28 - [MESSAGE][PASSED] - Object 'Object Repository/IWP30/Page_CCPaymentEntry/Year' is present

2020-07-14 13:30:28 - [TEST_STEP][PASSED] - if (!(CCExpY.isEmpty())): All options with label '2025' are selected in object 'Object Repository/IWP30/Page_CCPaymentEntry/Year' 

2020-07-14 13:30:28 - [TEST_STEP][PASSED] - selectOptionByLabel(findTestObject("Object Repository/IWP30/Page_CCPaymentEntry/Year"), CCExpY, false): All options with label '2025' are selected in object 'Object Repository/IWP30/Page_CCPaymentEntry/Year' 

2020-07-14 13:30:29 - [MESSAGE][PASSED] - All options with label '2025' are selected in object 'Object Repository/IWP30/Page_CCPaymentEntry/Year' 

2020-07-14 13:30:29 - [TEST_STEP][PASSED] - if (verifyElementPresent(findTestObject("Object Repository/IWP30/Page_CCPaymentEntry/ProcessDate"), 30)): null

2020-07-14 13:30:29 - [MESSAGE][PASSED] - Object 'Object Repository/IWP30/Page_CCPaymentEntry/ProcessDate' is present

2020-07-14 13:30:29 - [TEST_STEP][PASSED] - if (!(CCDate.isEmpty())): null

2020-07-14 13:30:29 - [TEST_STEP][PASSED] - else: null

2020-07-14 13:30:29 - [TEST_STEP][PASSED] - println("CCDate is not present in the Excel Spreadsheet"): null

2020-07-14 13:30:29 - [TEST_STEP][PASSED] - if (verifyElementPresent(findTestObject("Object Repository/IWP30/Page_CCPaymentEntry/AL1"), 30)): null

2020-07-14 13:30:30 - [MESSAGE][PASSED] - Object 'Object Repository/IWP30/Page_CCPaymentEntry/AL1' is present

2020-07-14 13:30:30 - [TEST_STEP][PASSED] - if (!(CCAL1.isEmpty())): Text 'Mera AL1' is set on object 'Object Repository/IWP30/Page_CCPaymentEntry/AL1'

2020-07-14 13:30:30 - [TEST_STEP][PASSED] - setText(findTestObject("Object Repository/IWP30/Page_CCPaymentEntry/AL1"), CCAL1): Text 'Mera AL1' is set on object 'Object Repository/IWP30/Page_CCPaymentEntry/AL1'

2020-07-14 13:30:30 - [MESSAGE][PASSED] - Text 'Mera AL1' is set on object 'Object Repository/IWP30/Page_CCPaymentEntry/AL1'

2020-07-14 13:30:30 - [TEST_STEP][PASSED] - if (verifyElementPresent(findTestObject("Object Repository/IWP30/Page_CCPaymentEntry/AL2"), 30)): null

2020-07-14 13:30:31 - [MESSAGE][PASSED] - Object 'Object Repository/IWP30/Page_CCPaymentEntry/AL2' is present

2020-07-14 13:30:31 - [TEST_STEP][PASSED] - if (!(CCAL2.isEmpty())): Text 'Mera AL2' is set on object 'Object Repository/IWP30/Page_CCPaymentEntry/AL2'

2020-07-14 13:30:31 - [TEST_STEP][PASSED] - setText(findTestObject("Object Repository/IWP30/Page_CCPaymentEntry/AL2"), CCAL2): Text 'Mera AL2' is set on object 'Object Repository/IWP30/Page_CCPaymentEntry/AL2'

2020-07-14 13:30:31 - [MESSAGE][PASSED] - Text 'Mera AL2' is set on object 'Object Repository/IWP30/Page_CCPaymentEntry/AL2'

2020-07-14 13:30:31 - [TEST_STEP][PASSED] - if (verifyElementPresent(findTestObject("Object Repository/IWP30/Page_CCPaymentEntry/ZIP"), 30)): null

2020-07-14 13:30:32 - [MESSAGE][PASSED] - Object 'Object Repository/IWP30/Page_CCPaymentEntry/ZIP' is present

2020-07-14 13:30:32 - [TEST_STEP][PASSED] - if (!(CCZIP.isEmpty())): Text '21054' is set on object 'Object Repository/IWP30/Page_CCPaymentEntry/ZIP'

2020-07-14 13:30:32 - [TEST_STEP][PASSED] - setText(findTestObject("Object Repository/IWP30/Page_CCPaymentEntry/ZIP"), CCZIP): Text '21054' is set on object 'Object Repository/IWP30/Page_CCPaymentEntry/ZIP'

2020-07-14 13:30:33 - [MESSAGE][PASSED] - Text '21054' is set on object 'Object Repository/IWP30/Page_CCPaymentEntry/ZIP'

2020-07-14 13:30:33 - [TEST_STEP][PASSED] - if (verifyElementPresent(findTestObject("Object Repository/IWP30/Page_CCPaymentEntry/EmailAddress"), 30)): null

2020-07-14 13:30:33 - [MESSAGE][PASSED] - Object 'Object Repository/IWP30/Page_CCPaymentEntry/EmailAddress' is present

2020-07-14 13:30:33 - [TEST_STEP][PASSED] - if (!(CCEmail.isEmpty())): Text 'merae@gmail.com' is set on object 'Object Repository/IWP30/Page_CCPaymentEntry/EmailAddress'

2020-07-14 13:30:33 - [TEST_STEP][PASSED] - setText(findTestObject("Object Repository/IWP30/Page_CCPaymentEntry/EmailAddress"), CCEmail): Text 'merae@gmail.com' is set on object 'Object Repository/IWP30/Page_CCPaymentEntry/EmailAddress'

2020-07-14 13:30:34 - [MESSAGE][PASSED] - Text 'merae@gmail.com' is set on object 'Object Repository/IWP30/Page_CCPaymentEntry/EmailAddress'

2020-07-14 13:30:34 - [TEST_STEP][PASSED] - if (verifyElementPresent(findTestObject("Object Repository/IWP30/Page_CCPaymentEntry/TermCondCheckBox"), 30)): null

2020-07-14 13:30:34 - [MESSAGE][PASSED] - Object 'Object Repository/IWP30/Page_CCPaymentEntry/TermCondCheckBox' is present

2020-07-14 13:30:34 - [TEST_STEP][PASSED] - check(findTestObject("Object Repository/IWP30/Page_CCPaymentEntry/TermCondCheckBox")): Object 'Object Repository/IWP30/Page_CCPaymentEntry/TermCondCheckBox' is checked

2020-07-14 13:30:35 - [MESSAGE][PASSED] - Object 'Object Repository/IWP30/Page_CCPaymentEntry/TermCondCheckBox' is checked

2020-07-14 13:30:35 - [TEST_STEP][PASSED] - if (verifyElementPresent(findTestObject("Object Repository/IWP30/Page_CCPaymentEntry/ContinueButton"), 30)): null

2020-07-14 13:30:35 - [MESSAGE][PASSED] - Object 'Object Repository/IWP30/Page_CCPaymentEntry/ContinueButton' is present

2020-07-14 13:30:35 - [TEST_STEP][PASSED] - click(findTestObject("Object Repository/IWP30/Page_CCPaymentEntry/ContinueButton")): Object: 'Object Repository/IWP30/Page_CCPaymentEntry/ContinueButton' is clicked on

2020-07-14 13:30:36 - [MESSAGE][PASSED] - Object: 'Object Repository/IWP30/Page_CCPaymentEntry/ContinueButton' is clicked on

2020-07-14 13:30:36 - [TEST_STEP][PASSED] - if (verifyTextPresent("Please verify the following information", false)): null

2020-07-14 13:30:37 - [MESSAGE][PASSED] - Text 'Please verify the following information' is present on page 

2020-07-14 13:30:37 - [TEST_STEP][PASSED] - println("Please verify the following information text is present on the Confirmation page"): null

2020-07-14 13:30:37 - [TEST_STEP][PASSED] - if (verifyTextPresent("Is this information correct?", false)): null

2020-07-14 13:30:37 - [MESSAGE][PASSED] - Text 'Is this information correct?' is present on page 

2020-07-14 13:30:37 - [TEST_STEP][PASSED] - println("Is this information correct text is present on the Confirmation page"): null

2020-07-14 13:30:37 - [TEST_STEP][PASSED] - if (verifyElementPresent(findTestObject("Object Repository/IWP30/Page_Confirmation/ConfirmButton"), 30)): null

2020-07-14 13:30:37 - [MESSAGE][PASSED] - Object 'Object Repository/IWP30/Page_Confirmation/ConfirmButton' is present

2020-07-14 13:30:37 - [TEST_STEP][PASSED] - click(findTestObject("Object Repository/IWP30/Page_Confirmation/ConfirmButton")): Object: 'Object Repository/IWP30/Page_Confirmation/ConfirmButton' is clicked on

2020-07-14 13:30:38 - [MESSAGE][PASSED] - Object: 'Object Repository/IWP30/Page_Confirmation/ConfirmButton' is clicked on

2020-07-14 13:30:38 - [TEST_STEP][PASSED] - Thread.sleep(10000): null

2020-07-14 13:30:48 - [TEST_STEP][PASSED] - if (verifyTextPresent("Successful Payment Receipt", false)): null

2020-07-14 13:30:49 - [MESSAGE][PASSED] - Text 'Successful Payment Receipt' is present on page 

2020-07-14 13:30:49 - [TEST_STEP][PASSED] - println("Successful Payment Receipt text is present on the Receipt page"): null

2020-07-14 13:30:49 - [TEST_STEP][PASSED] - if (verifyTextPresent("Please print this receipt for your records", false)): null

2020-07-14 13:30:49 - [MESSAGE][PASSED] - Text 'Please print this receipt for your records' is present on page 

2020-07-14 13:30:49 - [TEST_STEP][PASSED] - println("Please print this receipt for your records text is present on the Receipt page"): null

2020-07-14 13:30:49 - [TEST_STEP][PASSED] - if (verifyElementPresent(findTestObject("Object Repository/IWP30/Page_Receipt/ExitButton"), 30)): null

2020-07-14 13:30:49 - [MESSAGE][PASSED] - Object 'Object Repository/IWP30/Page_Receipt/ExitButton' is present

2020-07-14 13:30:49 - [TEST_STEP][PASSED] - println("Exit Button is present on the Receipt page"): null

2020-07-14 13:30:49 - [TEST_STEP][PASSED] - closeBrowser(): Browser is closed

2020-07-14 13:30:50 - [MESSAGE][PASSED] - Browser is closed

2020-07-14 13:30:50 - [TEST_STEP][PASSED] - try: null

2020-07-14 13:30:50 - [TEST_STEP][PASSED] - MV = findTestData("IWP30PayNowCC").getValue("MV", row): null

2020-07-14 13:30:50 - [TEST_STEP][PASSED] - println(MV): null

2020-07-14 13:30:50 - [TEST_STEP][PASSED] - Amount = findTestData("IWP30PayNowCC").getValue("Amount", row): null

2020-07-14 13:30:50 - [TEST_STEP][PASSED] - println(Amount): null

2020-07-14 13:30:50 - [TEST_STEP][PASSED] - CAN = findTestData("IWP30PayNowCC").getValue("CAN", row): null

2020-07-14 13:30:50 - [TEST_STEP][PASSED] - println(CAN): null

2020-07-14 13:30:50 - [TEST_STEP][PASSED] - Action = findTestData("IWP30PayNowCC").getValue("Action", row): null

2020-07-14 13:30:50 - [TEST_STEP][PASSED] - println(Action): null

2020-07-14 13:30:50 - [TEST_STEP][PASSED] - Lang = findTestData("IWP30PayNowCC").getValue("Lang", row): null

2020-07-14 13:30:50 - [TEST_STEP][PASSED] - println(Lang): null

2020-07-14 13:30:50 - [TEST_STEP][PASSED] - Fname = findTestData("IWP30PayNowCC").getValue("Fname", row): null

2020-07-14 13:30:50 - [TEST_STEP][PASSED] - println(Fname): null

2020-07-14 13:30:50 - [TEST_STEP][PASSED] - Lname = findTestData("IWP30PayNowCC").getValue("Lname", row): null

2020-07-14 13:30:50 - [TEST_STEP][PASSED] - println(Lname): null

2020-07-14 13:30:50 - [TEST_STEP][PASSED] - AL1 = findTestData("IWP30PayNowCC").getValue("AL1", row): null

2020-07-14 13:30:50 - [TEST_STEP][PASSED] - println(AL1): null

2020-07-14 13:30:50 - [TEST_STEP][PASSED] - AL2 = findTestData("IWP30PayNowCC").getValue("AL2", row): null

2020-07-14 13:30:50 - [TEST_STEP][PASSED] - println(AL2): null

2020-07-14 13:30:50 - [TEST_STEP][PASSED] - Country = findTestData("IWP30PayNowCC").getValue("Country", row): null

2020-07-14 13:30:50 - [TEST_STEP][PASSED] - println(Country): null

2020-07-14 13:30:50 - [TEST_STEP][PASSED] - City = findTestData("IWP30PayNowCC").getValue("City", row): null

2020-07-14 13:30:50 - [TEST_STEP][PASSED] - println(City): null

2020-07-14 13:30:50 - [TEST_STEP][PASSED] - State = findTestData("IWP30PayNowCC").getValue("State", row): null

2020-07-14 13:30:50 - [TEST_STEP][PASSED] - println(State): null

2020-07-14 13:30:50 - [TEST_STEP][PASSED] - ZIP = findTestData("IWP30PayNowCC").getValue("ZIP", row): null

2020-07-14 13:30:51 - [TEST_STEP][PASSED] - println(ZIP): null

2020-07-14 13:30:51 - [TEST_STEP][PASSED] - Order = findTestData("IWP30PayNowCC").getValue("Order", row): null

2020-07-14 13:30:51 - [TEST_STEP][PASSED] - println(Order): null

2020-07-14 13:30:51 - [TEST_STEP][PASSED] - CompanyName = findTestData("IWP30PayNowCC").getValue("CompanyName", row): null

2020-07-14 13:30:51 - [TEST_STEP][PASSED] - println(CompanyName): null

2020-07-14 13:30:51 - [TEST_STEP][PASSED] - Email = findTestData("IWP30PayNowCC").getValue("Email", row): null

2020-07-14 13:30:51 - [TEST_STEP][PASSED] - println(Email): null

2020-07-14 13:30:51 - [TEST_STEP][PASSED] - UDF1 = findTestData("IWP30PayNowCC").getValue("UDF1", row): null

2020-07-14 13:30:51 - [TEST_STEP][PASSED] - println(UDF1): null

2020-07-14 13:30:51 - [TEST_STEP][PASSED] - UDF2 = findTestData("IWP30PayNowCC").getValue("UDF2", row): null

2020-07-14 13:30:51 - [TEST_STEP][PASSED] - println(UDF2): null

2020-07-14 13:30:51 - [TEST_STEP][PASSED] - UDF3 = findTestData("IWP30PayNowCC").getValue("UDF3", row): null

2020-07-14 13:30:51 - [TEST_STEP][PASSED] - println(UDF3): null

2020-07-14 13:30:51 - [TEST_STEP][PASSED] - UDF4 = findTestData("IWP30PayNowCC").getValue("UDF4", row): null

2020-07-14 13:30:51 - [TEST_STEP][PASSED] - println(UDF4): null

2020-07-14 13:30:51 - [TEST_STEP][PASSED] - UDF5 = findTestData("IWP30PayNowCC").getValue("UDF5", row): null

2020-07-14 13:30:51 - [TEST_STEP][PASSED] - println(UDF5): null

2020-07-14 13:30:51 - [TEST_STEP][PASSED] - UDF6 = findTestData("IWP30PayNowCC").getValue("UDF6", row): null

2020-07-14 13:30:51 - [TEST_STEP][PASSED] - println(UDF6): null

2020-07-14 13:30:51 - [TEST_STEP][PASSED] - UDF7 = findTestData("IWP30PayNowCC").getValue("UDF7", row): null

2020-07-14 13:30:51 - [TEST_STEP][PASSED] - println(UDF7): null

2020-07-14 13:30:51 - [TEST_STEP][PASSED] - UDF8 = findTestData("IWP30PayNowCC").getValue("UDF8", row): null

2020-07-14 13:30:51 - [TEST_STEP][PASSED] - println(UDF8): null

2020-07-14 13:30:51 - [TEST_STEP][PASSED] - UDF9 = findTestData("IWP30PayNowCC").getValue("UDF9", row): null

2020-07-14 13:30:51 - [TEST_STEP][PASSED] - println(UDF9): null

2020-07-14 13:30:51 - [TEST_STEP][PASSED] - UDF10 = findTestData("IWP30PayNowCC").getValue("UDF10", row): null

2020-07-14 13:30:51 - [TEST_STEP][PASSED] - println(UDF10): null

2020-07-14 13:30:51 - [TEST_STEP][PASSED] - AppID = findTestData("IWP30PayNowCC").getValue("AppID", row): null

2020-07-14 13:30:51 - [TEST_STEP][PASSED] - println(AppID): null

2020-07-14 13:30:51 - [TEST_STEP][PASSED] - MessageVersion = findTestData("IWP30PayNowCC").getValue("MessageVersion", row): null

2020-07-14 13:30:51 - [TEST_STEP][PASSED] - println(MessageVersion): null

2020-07-14 13:30:51 - [TEST_STEP][PASSED] - CCAmount = findTestData("IWP30PayNowCC").getValue("CCAmount", row): null

2020-07-14 13:30:51 - [TEST_STEP][PASSED] - println(CCAmount): null

2020-07-14 13:30:51 - [TEST_STEP][PASSED] - CCUDF1 = findTestData("IWP30PayNowCC").getValue("CCUDF1", row): null

2020-07-14 13:30:51 - [TEST_STEP][PASSED] - println(CCUDF1): null

2020-07-14 13:30:51 - [TEST_STEP][PASSED] - CCUDF2 = findTestData("IWP30PayNowCC").getValue("CCUDF2", row): null

2020-07-14 13:30:51 - [TEST_STEP][PASSED] - println(CCUDF2): null

2020-07-14 13:30:51 - [TEST_STEP][PASSED] - CCUDF3 = findTestData("IWP30PayNowCC").getValue("CCUDF3", row): null

2020-07-14 13:30:51 - [TEST_STEP][PASSED] - println(CCUDF3): null

2020-07-14 13:30:51 - [TEST_STEP][PASSED] - CCUDF4 = findTestData("IWP30PayNowCC").getValue("CCUDF4", row): null

2020-07-14 13:30:51 - [TEST_STEP][PASSED] - println(CCUDF4): null

2020-07-14 13:30:51 - [TEST_STEP][PASSED] - CCUDF5 = findTestData("IWP30PayNowCC").getValue("CCUDF5", row): null

2020-07-14 13:30:51 - [TEST_STEP][PASSED] - println(CCUDF5): null

2020-07-14 13:30:51 - [TEST_STEP][PASSED] - CCUDF6 = findTestData("IWP30PayNowCC").getValue("CCUDF6", row): null

2020-07-14 13:30:51 - [TEST_STEP][PASSED] - println(CCUDF6): null

2020-07-14 13:30:51 - [TEST_STEP][PASSED] - CCUDF7 = findTestData("IWP30PayNowCC").getValue("CCUDF7", row): null

2020-07-14 13:30:51 - [TEST_STEP][PASSED] - println(CCUDF7): null

2020-07-14 13:30:51 - [TEST_STEP][PASSED] - CCUDF8 = findTestData("IWP30PayNowCC").getValue("CCUDF8", row): null

2020-07-14 13:30:51 - [TEST_STEP][PASSED] - println(CCUDF8): null

2020-07-14 13:30:51 - [TEST_STEP][PASSED] - CCUDF9 = findTestData("IWP30PayNowCC").getValue("CCUDF9", row): null

2020-07-14 13:30:51 - [TEST_STEP][PASSED] - println(CCUDF9): null

2020-07-14 13:30:51 - [TEST_STEP][PASSED] - CCUDF10 = findTestData("IWP30PayNowCC").getValue("CCUDF10", row): null

2020-07-14 13:30:51 - [TEST_STEP][PASSED] - println(CCUDF10): null

2020-07-14 13:30:51 - [TEST_STEP][PASSED] - CCName = findTestData("IWP30PayNowCC").getValue("CCName", row): null

2020-07-14 13:30:51 - [TEST_STEP][PASSED] - println(CCName): null

2020-07-14 13:30:51 - [TEST_STEP][PASSED] - CCCardNum = findTestData("IWP30PayNowCC").getValue("CCCardNum", row): null

2020-07-14 13:30:51 - [TEST_STEP][PASSED] - println(CCCardNum): null

2020-07-14 13:30:51 - [TEST_STEP][PASSED] - CCSPC = findTestData("IWP30PayNowCC").getValue("CCSPC", row): null

2020-07-14 13:30:51 - [TEST_STEP][PASSED] - println(CCSPC): null

2020-07-14 13:30:51 - [TEST_STEP][PASSED] - CCExpM = findTestData("IWP30PayNowCC").getValue("CCExpM", row): null

2020-07-14 13:30:51 - [TEST_STEP][PASSED] - println(CCExpM): null

2020-07-14 13:30:51 - [TEST_STEP][PASSED] - CCExpY = findTestData("IWP30PayNowCC").getValue("CCExpY", row): null

2020-07-14 13:30:51 - [TEST_STEP][PASSED] - println(CCExpY): null

2020-07-14 13:30:51 - [TEST_STEP][PASSED] - CCDate = findTestData("IWP30PayNowCC").getValue("CCDate", row): null

2020-07-14 13:30:51 - [TEST_STEP][PASSED] - println(CCDate): null

2020-07-14 13:30:51 - [TEST_STEP][PASSED] - CCAL1 = findTestData("IWP30PayNowCC").getValue("CCAL1", row): null

2020-07-14 13:30:51 - [TEST_STEP][PASSED] - println(CCAL1): null

2020-07-14 13:30:51 - [TEST_STEP][PASSED] - CCAL2 = findTestData("IWP30PayNowCC").getValue("CCAL2", row): null

2020-07-14 13:30:51 - [TEST_STEP][PASSED] - println(CCAL2): null

2020-07-14 13:30:51 - [TEST_STEP][PASSED] - CCZIP = findTestData("IWP30PayNowCC").getValue("CCZIP", row): null

2020-07-14 13:30:51 - [TEST_STEP][PASSED] - println(CCZIP): null

2020-07-14 13:30:51 - [TEST_STEP][PASSED] - CCEmail = findTestData("IWP30PayNowCC").getValue("CCEmail", row): null

2020-07-14 13:30:51 - [TEST_STEP][PASSED] - println(CCEmail): null

2020-07-14 13:30:51 - [TEST_STEP][PASSED] - openBrowser(urlEmulator): Browser is opened with url: 'https://qa.velocitypayment.com/agency/config.do?action=editor'

2020-07-14 13:30:51 - [MESSAGE][INFO] - Starting 'Chrome' driver

2020-07-14 13:30:51 - [MESSAGE][INFO] - User set preference: ['acceptInsecureCerts', 'true']

2020-07-14 13:30:51 - [MESSAGE][INFO] - Action delay is set to 0 milliseconds

2020-07-14 13:30:55 - [MESSAGE][PASSED] - Browser is opened with url: 'https://qa.velocitypayment.com/agency/config.do?action=editor'

2020-07-14 13:30:55 - [TEST_STEP][PASSED] - maximizeWindow(): Current window maximized

2020-07-14 13:30:55 - [MESSAGE][PASSED] - Current window maximized

2020-07-14 13:30:55 - [TEST_STEP][PASSED] - selectOptionByValue(findTestObject("IWP30/Page_VRelay30Emulator/MV"), MV, true): All options with value '3.0' are selected in object 'Object Repository/IWP30/Page_VRelay30Emulator/MV'  using regular expression

2020-07-14 13:30:56 - [MESSAGE][PASSED] - All options with value '3.0' are selected in object 'Object Repository/IWP30/Page_VRelay30Emulator/MV'  using regular expression

2020-07-14 13:30:56 - [TEST_STEP][PASSED] - setText(findTestObject("IWP30/Page_VRelay30Emulator/Amount"), Amount): Text '10.50' is set on object 'Object Repository/IWP30/Page_VRelay30Emulator/Amount'

2020-07-14 13:30:57 - [MESSAGE][PASSED] - Text '10.50' is set on object 'Object Repository/IWP30/Page_VRelay30Emulator/Amount'

2020-07-14 13:30:57 - [TEST_STEP][PASSED] - setText(findTestObject("IWP30/Page_VRelay30Emulator/CAN"), CAN): Text '26411005' is set on object 'Object Repository/IWP30/Page_VRelay30Emulator/CAN'

2020-07-14 13:30:58 - [MESSAGE][PASSED] - Text '26411005' is set on object 'Object Repository/IWP30/Page_VRelay30Emulator/CAN'

2020-07-14 13:30:58 - [TEST_STEP][PASSED] - setText(findTestObject("IWP30/Page_VRelay30Emulator/Action"), Action): Text 'PayNow' is set on object 'Object Repository/IWP30/Page_VRelay30Emulator/Action'

2020-07-14 13:30:59 - [MESSAGE][PASSED] - Text 'PayNow' is set on object 'Object Repository/IWP30/Page_VRelay30Emulator/Action'

2020-07-14 13:30:59 - [TEST_STEP][PASSED] - setText(findTestObject("IWP30/Page_VRelay30Emulator/Lang"), Lang): Text 'en_US' is set on object 'Object Repository/IWP30/Page_VRelay30Emulator/Lang'

2020-07-14 13:30:59 - [MESSAGE][PASSED] - Text 'en_US' is set on object 'Object Repository/IWP30/Page_VRelay30Emulator/Lang'

2020-07-14 13:30:59 - [TEST_STEP][PASSED] - setText(findTestObject("IWP30/Page_VRelay30Emulator/Fname"), Fname): Text '' is set on object 'Object Repository/IWP30/Page_VRelay30Emulator/Fname'

2020-07-14 13:31:00 - [MESSAGE][PASSED] - Text '' is set on object 'Object Repository/IWP30/Page_VRelay30Emulator/Fname'

2020-07-14 13:31:00 - [TEST_STEP][PASSED] - setText(findTestObject("IWP30/Page_VRelay30Emulator/Lname"), Lname): Text '' is set on object 'Object Repository/IWP30/Page_VRelay30Emulator/Lname'

2020-07-14 13:31:01 - [MESSAGE][PASSED] - Text '' is set on object 'Object Repository/IWP30/Page_VRelay30Emulator/Lname'

2020-07-14 13:31:01 - [TEST_STEP][PASSED] - setText(findTestObject("IWP30/Page_VRelay30Emulator/AL1"), AL1): Text '' is set on object 'Object Repository/IWP30/Page_VRelay30Emulator/AL1'

2020-07-14 13:31:01 - [MESSAGE][PASSED] - Text '' is set on object 'Object Repository/IWP30/Page_VRelay30Emulator/AL1'

2020-07-14 13:31:01 - [TEST_STEP][PASSED] - setText(findTestObject("IWP30/Page_VRelay30Emulator/AL2"), AL2): Text '' is set on object 'Object Repository/IWP30/Page_VRelay30Emulator/AL2'

2020-07-14 13:31:02 - [MESSAGE][PASSED] - Text '' is set on object 'Object Repository/IWP30/Page_VRelay30Emulator/AL2'

2020-07-14 13:31:02 - [TEST_STEP][PASSED] - setText(findTestObject("IWP30/Page_VRelay30Emulator/Country"), Country): Text '840' is set on object 'Object Repository/IWP30/Page_VRelay30Emulator/Country'

2020-07-14 13:31:02 - [MESSAGE][PASSED] - Text '840' is set on object 'Object Repository/IWP30/Page_VRelay30Emulator/Country'

2020-07-14 13:31:02 - [TEST_STEP][PASSED] - setText(findTestObject("IWP30/Page_VRelay30Emulator/City"), City): Text '' is set on object 'Object Repository/IWP30/Page_VRelay30Emulator/City'

2020-07-14 13:31:03 - [MESSAGE][PASSED] - Text '' is set on object 'Object Repository/IWP30/Page_VRelay30Emulator/City'

2020-07-14 13:31:03 - [TEST_STEP][PASSED] - setText(findTestObject("IWP30/Page_VRelay30Emulator/State"), State): Text '' is set on object 'Object Repository/IWP30/Page_VRelay30Emulator/State'

2020-07-14 13:31:03 - [MESSAGE][PASSED] - Text '' is set on object 'Object Repository/IWP30/Page_VRelay30Emulator/State'

2020-07-14 13:31:03 - [TEST_STEP][PASSED] - setText(findTestObject("IWP30/Page_VRelay30Emulator/ZIP"), ZIP): Text '' is set on object 'Object Repository/IWP30/Page_VRelay30Emulator/ZIP'

2020-07-14 13:31:04 - [MESSAGE][PASSED] - Text '' is set on object 'Object Repository/IWP30/Page_VRelay30Emulator/ZIP'

2020-07-14 13:31:04 - [TEST_STEP][PASSED] - setText(findTestObject("IWP30/Page_VRelay30Emulator/Order"), Order): Text '' is set on object 'Object Repository/IWP30/Page_VRelay30Emulator/Order'

2020-07-14 13:31:05 - [MESSAGE][PASSED] - Text '' is set on object 'Object Repository/IWP30/Page_VRelay30Emulator/Order'

2020-07-14 13:31:05 - [TEST_STEP][PASSED] - setText(findTestObject("IWP30/Page_VRelay30Emulator/Company"), CompanyName): Text '' is set on object 'Object Repository/IWP30/Page_VRelay30Emulator/Company'

2020-07-14 13:31:05 - [MESSAGE][PASSED] - Text '' is set on object 'Object Repository/IWP30/Page_VRelay30Emulator/Company'

2020-07-14 13:31:05 - [TEST_STEP][PASSED] - setText(findTestObject("IWP30/Page_VRelay30Emulator/Email"), Email): Text '' is set on object 'Object Repository/IWP30/Page_VRelay30Emulator/Email'

2020-07-14 13:31:06 - [MESSAGE][PASSED] - Text '' is set on object 'Object Repository/IWP30/Page_VRelay30Emulator/Email'

2020-07-14 13:31:06 - [TEST_STEP][PASSED] - setText(findTestObject("IWP30/Page_VRelay30Emulator/UDF1"), UDF1): Text '' is set on object 'Object Repository/IWP30/Page_VRelay30Emulator/UDF1'

2020-07-14 13:31:06 - [MESSAGE][PASSED] - Text '' is set on object 'Object Repository/IWP30/Page_VRelay30Emulator/UDF1'

2020-07-14 13:31:06 - [TEST_STEP][PASSED] - setText(findTestObject("IWP30/Page_VRelay30Emulator/UDF2"), UDF2): Text '' is set on object 'Object Repository/IWP30/Page_VRelay30Emulator/UDF2'

2020-07-14 13:31:07 - [MESSAGE][PASSED] - Text '' is set on object 'Object Repository/IWP30/Page_VRelay30Emulator/UDF2'

2020-07-14 13:31:07 - [TEST_STEP][PASSED] - setText(findTestObject("IWP30/Page_VRelay30Emulator/UDF3"), UDF3): Text '' is set on object 'Object Repository/IWP30/Page_VRelay30Emulator/UDF3'

2020-07-14 13:31:08 - [MESSAGE][PASSED] - Text '' is set on object 'Object Repository/IWP30/Page_VRelay30Emulator/UDF3'

2020-07-14 13:31:08 - [TEST_STEP][PASSED] - setText(findTestObject("IWP30/Page_VRelay30Emulator/UDF4"), UDF4): Text 'udf data 4' is set on object 'Object Repository/IWP30/Page_VRelay30Emulator/UDF4'

2020-07-14 13:31:08 - [MESSAGE][PASSED] - Text 'udf data 4' is set on object 'Object Repository/IWP30/Page_VRelay30Emulator/UDF4'

2020-07-14 13:31:08 - [TEST_STEP][PASSED] - setText(findTestObject("IWP30/Page_VRelay30Emulator/UDF5"), UDF5): Text 'udf data 5' is set on object 'Object Repository/IWP30/Page_VRelay30Emulator/UDF5'

2020-07-14 13:31:09 - [MESSAGE][PASSED] - Text 'udf data 5' is set on object 'Object Repository/IWP30/Page_VRelay30Emulator/UDF5'

2020-07-14 13:31:09 - [TEST_STEP][PASSED] - setText(findTestObject("IWP30/Page_VRelay30Emulator/UDF6"), UDF6): Text '' is set on object 'Object Repository/IWP30/Page_VRelay30Emulator/UDF6'

2020-07-14 13:31:10 - [MESSAGE][PASSED] - Text '' is set on object 'Object Repository/IWP30/Page_VRelay30Emulator/UDF6'

2020-07-14 13:31:10 - [TEST_STEP][PASSED] - setText(findTestObject("IWP30/Page_VRelay30Emulator/UDF7"), UDF7): Text '' is set on object 'Object Repository/IWP30/Page_VRelay30Emulator/UDF7'

2020-07-14 13:31:11 - [MESSAGE][PASSED] - Text '' is set on object 'Object Repository/IWP30/Page_VRelay30Emulator/UDF7'

2020-07-14 13:31:11 - [TEST_STEP][PASSED] - setText(findTestObject("IWP30/Page_VRelay30Emulator/UDF8"), UDF8): Text '' is set on object 'Object Repository/IWP30/Page_VRelay30Emulator/UDF8'

2020-07-14 13:31:11 - [MESSAGE][PASSED] - Text '' is set on object 'Object Repository/IWP30/Page_VRelay30Emulator/UDF8'

2020-07-14 13:31:11 - [TEST_STEP][PASSED] - setText(findTestObject("IWP30/Page_VRelay30Emulator/UDF9"), UDF9): Text 'udf data 9' is set on object 'Object Repository/IWP30/Page_VRelay30Emulator/UDF9'

2020-07-14 13:31:12 - [MESSAGE][PASSED] - Text 'udf data 9' is set on object 'Object Repository/IWP30/Page_VRelay30Emulator/UDF9'

2020-07-14 13:31:12 - [TEST_STEP][PASSED] - setText(findTestObject("IWP30/Page_VRelay30Emulator/UDF10"), UDF10): Text 'udf data 10' is set on object 'Object Repository/IWP30/Page_VRelay30Emulator/UDF10'

2020-07-14 13:31:13 - [MESSAGE][PASSED] - Text 'udf data 10' is set on object 'Object Repository/IWP30/Page_VRelay30Emulator/UDF10'

2020-07-14 13:31:13 - [TEST_STEP][PASSED] - Thread.sleep(5000): null

2020-07-14 13:31:18 - [TEST_STEP][PASSED] - click(findTestObject("IWP30/Page_VRelay30Emulator/Submit")): Object: 'Object Repository/IWP30/Page_VRelay30Emulator/Submit' is clicked on

2020-07-14 13:31:18 - [MESSAGE][PASSED] - Object: 'Object Repository/IWP30/Page_VRelay30Emulator/Submit' is clicked on

2020-07-14 13:31:18 - [TEST_STEP][PASSED] - closeBrowser(): Browser is closed

2020-07-14 13:31:19 - [MESSAGE][PASSED] - Browser is closed

2020-07-14 13:31:19 - [TEST_STEP][PASSED] - openBrowser(urlTestHarness): Browser is opened with url: 'https://dev-algorithm.govolution.com/vrelaytest/QA/version_2_2/vrelaytest.html'

2020-07-14 13:31:19 - [MESSAGE][INFO] - Starting 'Chrome' driver

2020-07-14 13:31:19 - [MESSAGE][INFO] - User set preference: ['acceptInsecureCerts', 'true']

2020-07-14 13:31:19 - [MESSAGE][INFO] - Action delay is set to 0 milliseconds

2020-07-14 13:31:23 - [MESSAGE][PASSED] - Browser is opened with url: 'https://dev-algorithm.govolution.com/vrelaytest/QA/version_2_2/vrelaytest.html'

2020-07-14 13:31:23 - [TEST_STEP][PASSED] - maximizeWindow(): Current window maximized

2020-07-14 13:31:23 - [MESSAGE][PASSED] - Current window maximized

2020-07-14 13:31:23 - [TEST_STEP][PASSED] - genRemIDVoid = RandomStringUtils.random(12, true, true): null

2020-07-14 13:31:23 - [TEST_STEP][PASSED] - if (verifyElementPresent(findTestObject("Object Repository/IWP30/Page_QATestHarness/RemittanceID"), 30)): null

2020-07-14 13:31:23 - [MESSAGE][PASSED] - Object 'Object Repository/IWP30/Page_QATestHarness/RemittanceID' is present

2020-07-14 13:31:23 - [TEST_STEP][PASSED] - println("We are on Test Harness page, start populating"): null

2020-07-14 13:31:23 - [TEST_STEP][PASSED] - setText(findTestObject("Object Repository/IWP30/Page_QATestHarness/ApplicationID"), AppID): Text '649' is set on object 'Object Repository/IWP30/Page_QATestHarness/ApplicationID'

2020-07-14 13:31:24 - [MESSAGE][PASSED] - Text '649' is set on object 'Object Repository/IWP30/Page_QATestHarness/ApplicationID'

2020-07-14 13:31:24 - [TEST_STEP][PASSED] - setText(findTestObject("Object Repository/IWP30/Page_QATestHarness/MessageVersion"), MessageVersion): Text '3.0' is set on object 'Object Repository/IWP30/Page_QATestHarness/MessageVersion'

2020-07-14 13:31:25 - [MESSAGE][PASSED] - Text '3.0' is set on object 'Object Repository/IWP30/Page_QATestHarness/MessageVersion'

2020-07-14 13:31:25 - [TEST_STEP][PASSED] - setText(findTestObject("Object Repository/IWP30/Page_QATestHarness/RemittanceID"), genRemIDVoid): Text 'CQXjYRKXWog6' is set on object 'Object Repository/IWP30/Page_QATestHarness/RemittanceID'

2020-07-14 13:31:25 - [MESSAGE][PASSED] - Text 'CQXjYRKXWog6' is set on object 'Object Repository/IWP30/Page_QATestHarness/RemittanceID'

2020-07-14 13:31:25 - [TEST_STEP][PASSED] - click(findTestObject("Object Repository/IWP30/Page_QATestHarness/SubmitButton")): Object: 'Object Repository/IWP30/Page_QATestHarness/SubmitButton' is clicked on

2020-07-14 13:31:26 - [MESSAGE][PASSED] - Object: 'Object Repository/IWP30/Page_QATestHarness/SubmitButton' is clicked on

2020-07-14 13:31:26 - [TEST_STEP][PASSED] - if (verifyElementPresent(findTestObject("Object Repository/IWP30/Page_SelectPaymentMethod/PayByCreditCard"), 30)): null

2020-07-14 13:31:27 - [MESSAGE][PASSED] - Object 'Object Repository/IWP30/Page_SelectPaymentMethod/PayByCreditCard' is present

2020-07-14 13:31:27 - [TEST_STEP][PASSED] - println("We are on Select Payment Method page, start populating"): null

2020-07-14 13:31:27 - [TEST_STEP][PASSED] - check(findTestObject("Object Repository/IWP30/Page_SelectPaymentMethod/PayByCreditCard")): Object 'Object Repository/IWP30/Page_SelectPaymentMethod/PayByCreditCard' is checked

2020-07-14 13:31:27 - [MESSAGE][PASSED] - Object 'Object Repository/IWP30/Page_SelectPaymentMethod/PayByCreditCard' is checked

2020-07-14 13:31:27 - [TEST_STEP][PASSED] - Thread.sleep(1000): null

2020-07-14 13:31:28 - [TEST_STEP][PASSED] - click(findTestObject("Object Repository/IWP30/Page_SelectPaymentMethod/MakePaymentButton")): Object: 'Object Repository/IWP30/Page_SelectPaymentMethod/MakePaymentButton' is clicked on

2020-07-14 13:31:29 - [MESSAGE][PASSED] - Object: 'Object Repository/IWP30/Page_SelectPaymentMethod/MakePaymentButton' is clicked on

2020-07-14 13:31:29 - [TEST_STEP][PASSED] - if (verifyElementPresent(findTestObject("Object Repository/IWP30/Page_CCPaymentEntry/Name"), 30)): null

2020-07-14 13:31:30 - [MESSAGE][PASSED] - Object 'Object Repository/IWP30/Page_CCPaymentEntry/Name' is present

2020-07-14 13:31:30 - [TEST_STEP][PASSED] - println("We are on Credit Card Payment Entry page, start populating"): null

2020-07-14 13:31:30 - [TEST_STEP][PASSED] - if (verifyElementPresent(findTestObject("Object Repository/IWP30/Page_CCPaymentEntry/Amount"), 30)): null

2020-07-14 13:31:30 - [MESSAGE][PASSED] - Object 'Object Repository/IWP30/Page_CCPaymentEntry/Amount' is present

2020-07-14 13:31:30 - [TEST_STEP][PASSED] - if (!(CCAmount.isEmpty())): Text '20.50' is set on object 'Object Repository/IWP30/Page_CCPaymentEntry/Amount'

2020-07-14 13:31:30 - [TEST_STEP][PASSED] - setText(findTestObject("Object Repository/IWP30/Page_CCPaymentEntry/Amount"), CCAmount): Text '20.50' is set on object 'Object Repository/IWP30/Page_CCPaymentEntry/Amount'

2020-07-14 13:31:31 - [MESSAGE][PASSED] - Text '20.50' is set on object 'Object Repository/IWP30/Page_CCPaymentEntry/Amount'

2020-07-14 13:31:31 - [TEST_STEP][PASSED] - if (verifyElementPresent(findTestObject("Object Repository/IWP30/Page_CCPaymentEntry/UserDefined2"), 30)): null

2020-07-14 13:31:31 - [MESSAGE][PASSED] - Object 'Object Repository/IWP30/Page_CCPaymentEntry/UserDefined2' is present

2020-07-14 13:31:31 - [TEST_STEP][PASSED] - if (!(CCUDF2.isEmpty())): Text 'Number 2' is set on object 'Object Repository/IWP30/Page_CCPaymentEntry/UserDefined2'

2020-07-14 13:31:31 - [TEST_STEP][PASSED] - setText(findTestObject("Object Repository/IWP30/Page_CCPaymentEntry/UserDefined2"), CCUDF2): Text 'Number 2' is set on object 'Object Repository/IWP30/Page_CCPaymentEntry/UserDefined2'

2020-07-14 13:31:32 - [MESSAGE][PASSED] - Text 'Number 2' is set on object 'Object Repository/IWP30/Page_CCPaymentEntry/UserDefined2'

2020-07-14 13:31:32 - [TEST_STEP][PASSED] - if (verifyElementPresent(findTestObject("Object Repository/IWP30/Page_CCPaymentEntry/UserDefined3"), 30)): null

2020-07-14 13:31:32 - [MESSAGE][PASSED] - Object 'Object Repository/IWP30/Page_CCPaymentEntry/UserDefined3' is present

2020-07-14 13:31:32 - [TEST_STEP][PASSED] - if (!(CCUDF3.isEmpty())): Text 'Number 3' is set on object 'Object Repository/IWP30/Page_CCPaymentEntry/UserDefined3'

2020-07-14 13:31:32 - [TEST_STEP][PASSED] - setText(findTestObject("Object Repository/IWP30/Page_CCPaymentEntry/UserDefined3"), CCUDF3): Text 'Number 3' is set on object 'Object Repository/IWP30/Page_CCPaymentEntry/UserDefined3'

2020-07-14 13:31:33 - [MESSAGE][PASSED] - Text 'Number 3' is set on object 'Object Repository/IWP30/Page_CCPaymentEntry/UserDefined3'

2020-07-14 13:31:33 - [TEST_STEP][PASSED] - if (verifyElementPresent(findTestObject("Object Repository/IWP30/Page_CCPaymentEntry/UserDefined7"), 30)): null

2020-07-14 13:31:33 - [MESSAGE][PASSED] - Object 'Object Repository/IWP30/Page_CCPaymentEntry/UserDefined7' is present

2020-07-14 13:31:33 - [TEST_STEP][PASSED] - if (!(CCUDF7.isEmpty())): All options with label 'Orange' are selected in object 'Object Repository/IWP30/Page_CCPaymentEntry/UserDefined7' 

2020-07-14 13:31:33 - [TEST_STEP][PASSED] - selectOptionByLabel(findTestObject("Object Repository/IWP30/Page_CCPaymentEntry/UserDefined7"), CCUDF7, false): All options with label 'Orange' are selected in object 'Object Repository/IWP30/Page_CCPaymentEntry/UserDefined7' 

2020-07-14 13:31:33 - [MESSAGE][PASSED] - All options with label 'Orange' are selected in object 'Object Repository/IWP30/Page_CCPaymentEntry/UserDefined7' 

2020-07-14 13:31:33 - [TEST_STEP][PASSED] - if (verifyElementPresent(findTestObject("Object Repository/IWP30/Page_CCPaymentEntry/UserDefined8"), 30)): null

2020-07-14 13:31:34 - [MESSAGE][PASSED] - Object 'Object Repository/IWP30/Page_CCPaymentEntry/UserDefined8' is present

2020-07-14 13:31:34 - [TEST_STEP][PASSED] - if (!(CCUDF8.isEmpty())): All options with label 'Tennis' are selected in object 'Object Repository/IWP30/Page_CCPaymentEntry/UserDefined8' 

2020-07-14 13:31:34 - [TEST_STEP][PASSED] - selectOptionByLabel(findTestObject("Object Repository/IWP30/Page_CCPaymentEntry/UserDefined8"), CCUDF8, false): All options with label 'Tennis' are selected in object 'Object Repository/IWP30/Page_CCPaymentEntry/UserDefined8' 

2020-07-14 13:31:34 - [MESSAGE][PASSED] - All options with label 'Tennis' are selected in object 'Object Repository/IWP30/Page_CCPaymentEntry/UserDefined8' 

2020-07-14 13:31:34 - [TEST_STEP][PASSED] - if (verifyElementPresent(findTestObject("Object Repository/IWP30/Page_CCPaymentEntry/Name"), 30)): null

2020-07-14 13:31:35 - [MESSAGE][PASSED] - Object 'Object Repository/IWP30/Page_CCPaymentEntry/Name' is present

2020-07-14 13:31:35 - [TEST_STEP][PASSED] - if (!(CCName.isEmpty())): Text 'Mera Naam' is set on object 'Object Repository/IWP30/Page_CCPaymentEntry/Name'

2020-07-14 13:31:35 - [TEST_STEP][PASSED] - setText(findTestObject("Object Repository/IWP30/Page_CCPaymentEntry/Name"), CCName): Text 'Mera Naam' is set on object 'Object Repository/IWP30/Page_CCPaymentEntry/Name'

2020-07-14 13:31:35 - [MESSAGE][PASSED] - Text 'Mera Naam' is set on object 'Object Repository/IWP30/Page_CCPaymentEntry/Name'

2020-07-14 13:31:35 - [TEST_STEP][PASSED] - if (verifyElementPresent(findTestObject("Object Repository/IWP30/Page_CCPaymentEntry/CardNumber"), 30)): null

2020-07-14 13:31:36 - [MESSAGE][PASSED] - Object 'Object Repository/IWP30/Page_CCPaymentEntry/CardNumber' is present

2020-07-14 13:31:36 - [TEST_STEP][PASSED] - if (!(CCCardNum.isEmpty())): Text '5424000000000015' is set on object 'Object Repository/IWP30/Page_CCPaymentEntry/CardNumber'

2020-07-14 13:31:36 - [TEST_STEP][PASSED] - setText(findTestObject("Object Repository/IWP30/Page_CCPaymentEntry/CardNumber"), CCCardNum): Text '5424000000000015' is set on object 'Object Repository/IWP30/Page_CCPaymentEntry/CardNumber'

2020-07-14 13:31:36 - [MESSAGE][PASSED] - Text '5424000000000015' is set on object 'Object Repository/IWP30/Page_CCPaymentEntry/CardNumber'

2020-07-14 13:31:36 - [TEST_STEP][PASSED] - if (verifyElementPresent(findTestObject("Object Repository/IWP30/Page_CCPaymentEntry/SPC"), 30)): null

2020-07-14 13:31:37 - [MESSAGE][PASSED] - Object 'Object Repository/IWP30/Page_CCPaymentEntry/SPC' is present

2020-07-14 13:31:37 - [TEST_STEP][PASSED] - if (!(CCSPC.isEmpty())): Text '123' is set on object 'Object Repository/IWP30/Page_CCPaymentEntry/SPC'

2020-07-14 13:31:37 - [TEST_STEP][PASSED] - setText(findTestObject("Object Repository/IWP30/Page_CCPaymentEntry/SPC"), CCSPC): Text '123' is set on object 'Object Repository/IWP30/Page_CCPaymentEntry/SPC'

2020-07-14 13:31:37 - [MESSAGE][PASSED] - Text '123' is set on object 'Object Repository/IWP30/Page_CCPaymentEntry/SPC'

2020-07-14 13:31:37 - [TEST_STEP][PASSED] - if (verifyElementPresent(findTestObject("Object Repository/IWP30/Page_CCPaymentEntry/Month"), 30)): null

2020-07-14 13:31:38 - [MESSAGE][PASSED] - Object 'Object Repository/IWP30/Page_CCPaymentEntry/Month' is present

2020-07-14 13:31:38 - [TEST_STEP][PASSED] - if (!(CCExpM.isEmpty())): All options with label '09' are selected in object 'Object Repository/IWP30/Page_CCPaymentEntry/Month' 

2020-07-14 13:31:38 - [TEST_STEP][PASSED] - selectOptionByLabel(findTestObject("Object Repository/IWP30/Page_CCPaymentEntry/Month"), CCExpM, false): All options with label '09' are selected in object 'Object Repository/IWP30/Page_CCPaymentEntry/Month' 

2020-07-14 13:31:38 - [MESSAGE][PASSED] - All options with label '09' are selected in object 'Object Repository/IWP30/Page_CCPaymentEntry/Month' 

2020-07-14 13:31:38 - [TEST_STEP][PASSED] - if (verifyElementPresent(findTestObject("Object Repository/IWP30/Page_CCPaymentEntry/Year"), 30)): null

2020-07-14 13:31:39 - [MESSAGE][PASSED] - Object 'Object Repository/IWP30/Page_CCPaymentEntry/Year' is present

2020-07-14 13:31:39 - [TEST_STEP][PASSED] - if (!(CCExpY.isEmpty())): All options with label '2023' are selected in object 'Object Repository/IWP30/Page_CCPaymentEntry/Year' 

2020-07-14 13:31:39 - [TEST_STEP][PASSED] - selectOptionByLabel(findTestObject("Object Repository/IWP30/Page_CCPaymentEntry/Year"), CCExpY, false): All options with label '2023' are selected in object 'Object Repository/IWP30/Page_CCPaymentEntry/Year' 

2020-07-14 13:31:39 - [MESSAGE][PASSED] - All options with label '2023' are selected in object 'Object Repository/IWP30/Page_CCPaymentEntry/Year' 

2020-07-14 13:31:39 - [TEST_STEP][PASSED] - if (verifyElementPresent(findTestObject("Object Repository/IWP30/Page_CCPaymentEntry/ProcessDate"), 30)): null

2020-07-14 13:31:40 - [MESSAGE][PASSED] - Object 'Object Repository/IWP30/Page_CCPaymentEntry/ProcessDate' is present

2020-07-14 13:31:40 - [TEST_STEP][PASSED] - if (!(CCDate.isEmpty())): null

2020-07-14 13:31:40 - [TEST_STEP][PASSED] - else: null

2020-07-14 13:31:40 - [TEST_STEP][PASSED] - println("CCDate is not present in the Excel Spreadsheet"): null

2020-07-14 13:31:40 - [TEST_STEP][PASSED] - if (verifyElementPresent(findTestObject("Object Repository/IWP30/Page_CCPaymentEntry/AL1"), 30)): null

2020-07-14 13:31:40 - [MESSAGE][PASSED] - Object 'Object Repository/IWP30/Page_CCPaymentEntry/AL1' is present

2020-07-14 13:31:40 - [TEST_STEP][PASSED] - if (!(CCAL1.isEmpty())): Text 'Mera AL1' is set on object 'Object Repository/IWP30/Page_CCPaymentEntry/AL1'

2020-07-14 13:31:40 - [TEST_STEP][PASSED] - setText(findTestObject("Object Repository/IWP30/Page_CCPaymentEntry/AL1"), CCAL1): Text 'Mera AL1' is set on object 'Object Repository/IWP30/Page_CCPaymentEntry/AL1'

2020-07-14 13:31:41 - [MESSAGE][PASSED] - Text 'Mera AL1' is set on object 'Object Repository/IWP30/Page_CCPaymentEntry/AL1'

2020-07-14 13:31:41 - [TEST_STEP][PASSED] - if (verifyElementPresent(findTestObject("Object Repository/IWP30/Page_CCPaymentEntry/AL2"), 30)): null

2020-07-14 13:31:41 - [MESSAGE][PASSED] - Object 'Object Repository/IWP30/Page_CCPaymentEntry/AL2' is present

2020-07-14 13:31:41 - [TEST_STEP][PASSED] - if (!(CCAL2.isEmpty())): Text 'Mera AL2' is set on object 'Object Repository/IWP30/Page_CCPaymentEntry/AL2'

2020-07-14 13:31:41 - [TEST_STEP][PASSED] - setText(findTestObject("Object Repository/IWP30/Page_CCPaymentEntry/AL2"), CCAL2): Text 'Mera AL2' is set on object 'Object Repository/IWP30/Page_CCPaymentEntry/AL2'

2020-07-14 13:31:42 - [MESSAGE][PASSED] - Text 'Mera AL2' is set on object 'Object Repository/IWP30/Page_CCPaymentEntry/AL2'

2020-07-14 13:31:42 - [TEST_STEP][PASSED] - if (verifyElementPresent(findTestObject("Object Repository/IWP30/Page_CCPaymentEntry/ZIP"), 30)): null

2020-07-14 13:31:42 - [MESSAGE][PASSED] - Object 'Object Repository/IWP30/Page_CCPaymentEntry/ZIP' is present

2020-07-14 13:31:42 - [TEST_STEP][PASSED] - if (!(CCZIP.isEmpty())): Text '21054' is set on object 'Object Repository/IWP30/Page_CCPaymentEntry/ZIP'

2020-07-14 13:31:42 - [TEST_STEP][PASSED] - setText(findTestObject("Object Repository/IWP30/Page_CCPaymentEntry/ZIP"), CCZIP): Text '21054' is set on object 'Object Repository/IWP30/Page_CCPaymentEntry/ZIP'

2020-07-14 13:31:43 - [MESSAGE][PASSED] - Text '21054' is set on object 'Object Repository/IWP30/Page_CCPaymentEntry/ZIP'

2020-07-14 13:31:43 - [TEST_STEP][PASSED] - if (verifyElementPresent(findTestObject("Object Repository/IWP30/Page_CCPaymentEntry/EmailAddress"), 30)): null

2020-07-14 13:31:43 - [MESSAGE][PASSED] - Object 'Object Repository/IWP30/Page_CCPaymentEntry/EmailAddress' is present

2020-07-14 13:31:43 - [TEST_STEP][PASSED] - if (!(CCEmail.isEmpty())): Text 'merae@gmail.com' is set on object 'Object Repository/IWP30/Page_CCPaymentEntry/EmailAddress'

2020-07-14 13:31:43 - [TEST_STEP][PASSED] - setText(findTestObject("Object Repository/IWP30/Page_CCPaymentEntry/EmailAddress"), CCEmail): Text 'merae@gmail.com' is set on object 'Object Repository/IWP30/Page_CCPaymentEntry/EmailAddress'

2020-07-14 13:31:44 - [MESSAGE][PASSED] - Text 'merae@gmail.com' is set on object 'Object Repository/IWP30/Page_CCPaymentEntry/EmailAddress'

2020-07-14 13:31:44 - [TEST_STEP][PASSED] - if (verifyElementPresent(findTestObject("Object Repository/IWP30/Page_CCPaymentEntry/TermCondCheckBox"), 30)): null

2020-07-14 13:31:44 - [MESSAGE][PASSED] - Object 'Object Repository/IWP30/Page_CCPaymentEntry/TermCondCheckBox' is present

2020-07-14 13:31:44 - [TEST_STEP][PASSED] - check(findTestObject("Object Repository/IWP30/Page_CCPaymentEntry/TermCondCheckBox")): Object 'Object Repository/IWP30/Page_CCPaymentEntry/TermCondCheckBox' is checked

2020-07-14 13:31:45 - [MESSAGE][PASSED] - Object 'Object Repository/IWP30/Page_CCPaymentEntry/TermCondCheckBox' is checked

2020-07-14 13:31:45 - [TEST_STEP][PASSED] - if (verifyElementPresent(findTestObject("Object Repository/IWP30/Page_CCPaymentEntry/ContinueButton"), 30)): null

2020-07-14 13:31:45 - [MESSAGE][PASSED] - Object 'Object Repository/IWP30/Page_CCPaymentEntry/ContinueButton' is present

2020-07-14 13:31:45 - [TEST_STEP][PASSED] - click(findTestObject("Object Repository/IWP30/Page_CCPaymentEntry/ContinueButton")): Object: 'Object Repository/IWP30/Page_CCPaymentEntry/ContinueButton' is clicked on

2020-07-14 13:31:46 - [MESSAGE][PASSED] - Object: 'Object Repository/IWP30/Page_CCPaymentEntry/ContinueButton' is clicked on

2020-07-14 13:31:46 - [TEST_STEP][PASSED] - if (verifyTextPresent("Please verify the following information", false)): null

2020-07-14 13:31:47 - [MESSAGE][PASSED] - Text 'Please verify the following information' is present on page 

2020-07-14 13:31:47 - [TEST_STEP][PASSED] - println("Please verify the following information text is present on the Confirmation page"): null

2020-07-14 13:31:47 - [TEST_STEP][PASSED] - if (verifyTextPresent("Is this information correct?", false)): null

2020-07-14 13:31:47 - [MESSAGE][PASSED] - Text 'Is this information correct?' is present on page 

2020-07-14 13:31:47 - [TEST_STEP][PASSED] - println("Is this information correct text is present on the Confirmation page"): null

2020-07-14 13:31:47 - [TEST_STEP][PASSED] - if (verifyElementPresent(findTestObject("Object Repository/IWP30/Page_Confirmation/ConfirmButton"), 30)): null

2020-07-14 13:31:47 - [MESSAGE][PASSED] - Object 'Object Repository/IWP30/Page_Confirmation/ConfirmButton' is present

2020-07-14 13:31:47 - [TEST_STEP][PASSED] - click(findTestObject("Object Repository/IWP30/Page_Confirmation/ConfirmButton")): Object: 'Object Repository/IWP30/Page_Confirmation/ConfirmButton' is clicked on

2020-07-14 13:31:48 - [MESSAGE][PASSED] - Object: 'Object Repository/IWP30/Page_Confirmation/ConfirmButton' is clicked on

2020-07-14 13:31:48 - [TEST_STEP][PASSED] - Thread.sleep(10000): null

2020-07-14 13:31:58 - [TEST_STEP][PASSED] - if (verifyTextPresent("Successful Payment Receipt", false)): null

2020-07-14 13:31:59 - [MESSAGE][PASSED] - Text 'Successful Payment Receipt' is present on page 

2020-07-14 13:31:59 - [TEST_STEP][PASSED] - println("Successful Payment Receipt text is present on the Receipt page"): null

2020-07-14 13:31:59 - [TEST_STEP][PASSED] - if (verifyTextPresent("Please print this receipt for your records", false)): null

2020-07-14 13:31:59 - [MESSAGE][PASSED] - Text 'Please print this receipt for your records' is present on page 

2020-07-14 13:31:59 - [TEST_STEP][PASSED] - println("Please print this receipt for your records text is present on the Receipt page"): null

2020-07-14 13:31:59 - [TEST_STEP][PASSED] - if (verifyElementPresent(findTestObject("Object Repository/IWP30/Page_Receipt/ExitButton"), 30)): null

2020-07-14 13:31:59 - [MESSAGE][PASSED] - Object 'Object Repository/IWP30/Page_Receipt/ExitButton' is present

2020-07-14 13:31:59 - [TEST_STEP][PASSED] - println("Exit Button is present on the Receipt page"): null

2020-07-14 13:31:59 - [TEST_STEP][PASSED] - closeBrowser(): Browser is closed

2020-07-14 13:32:00 - [MESSAGE][PASSED] - Browser is closed

2020-07-14 13:32:00 - [TEST_STEP][PASSED] - try: null

2020-07-14 13:32:00 - [TEST_STEP][PASSED] - MV = findTestData("IWP30PayNowCC").getValue("MV", row): null

2020-07-14 13:32:00 - [TEST_STEP][PASSED] - println(MV): null

2020-07-14 13:32:00 - [TEST_STEP][PASSED] - Amount = findTestData("IWP30PayNowCC").getValue("Amount", row): null

2020-07-14 13:32:00 - [TEST_STEP][PASSED] - println(Amount): null

2020-07-14 13:32:00 - [TEST_STEP][PASSED] - CAN = findTestData("IWP30PayNowCC").getValue("CAN", row): null

2020-07-14 13:32:00 - [TEST_STEP][PASSED] - println(CAN): null

2020-07-14 13:32:00 - [TEST_STEP][PASSED] - Action = findTestData("IWP30PayNowCC").getValue("Action", row): null

2020-07-14 13:32:00 - [TEST_STEP][PASSED] - println(Action): null

2020-07-14 13:32:00 - [TEST_STEP][PASSED] - Lang = findTestData("IWP30PayNowCC").getValue("Lang", row): null

2020-07-14 13:32:00 - [TEST_STEP][PASSED] - println(Lang): null

2020-07-14 13:32:00 - [TEST_STEP][PASSED] - Fname = findTestData("IWP30PayNowCC").getValue("Fname", row): null

2020-07-14 13:32:00 - [TEST_STEP][PASSED] - println(Fname): null

2020-07-14 13:32:00 - [TEST_STEP][PASSED] - Lname = findTestData("IWP30PayNowCC").getValue("Lname", row): null

2020-07-14 13:32:00 - [TEST_STEP][PASSED] - println(Lname): null

2020-07-14 13:32:00 - [TEST_STEP][PASSED] - AL1 = findTestData("IWP30PayNowCC").getValue("AL1", row): null

2020-07-14 13:32:00 - [TEST_STEP][PASSED] - println(AL1): null

2020-07-14 13:32:00 - [TEST_STEP][PASSED] - AL2 = findTestData("IWP30PayNowCC").getValue("AL2", row): null

2020-07-14 13:32:00 - [TEST_STEP][PASSED] - println(AL2): null

2020-07-14 13:32:00 - [TEST_STEP][PASSED] - Country = findTestData("IWP30PayNowCC").getValue("Country", row): null

2020-07-14 13:32:00 - [TEST_STEP][PASSED] - println(Country): null

2020-07-14 13:32:00 - [TEST_STEP][PASSED] - City = findTestData("IWP30PayNowCC").getValue("City", row): null

2020-07-14 13:32:00 - [TEST_STEP][PASSED] - println(City): null

2020-07-14 13:32:00 - [TEST_STEP][PASSED] - State = findTestData("IWP30PayNowCC").getValue("State", row): null

2020-07-14 13:32:00 - [TEST_STEP][PASSED] - println(State): null

2020-07-14 13:32:00 - [TEST_STEP][PASSED] - ZIP = findTestData("IWP30PayNowCC").getValue("ZIP", row): null

2020-07-14 13:32:00 - [TEST_STEP][PASSED] - println(ZIP): null

2020-07-14 13:32:00 - [TEST_STEP][PASSED] - Order = findTestData("IWP30PayNowCC").getValue("Order", row): null

2020-07-14 13:32:00 - [TEST_STEP][PASSED] - println(Order): null

2020-07-14 13:32:00 - [TEST_STEP][PASSED] - CompanyName = findTestData("IWP30PayNowCC").getValue("CompanyName", row): null

2020-07-14 13:32:01 - [TEST_STEP][PASSED] - println(CompanyName): null

2020-07-14 13:32:01 - [TEST_STEP][PASSED] - Email = findTestData("IWP30PayNowCC").getValue("Email", row): null

2020-07-14 13:32:01 - [TEST_STEP][PASSED] - println(Email): null

2020-07-14 13:32:01 - [TEST_STEP][PASSED] - UDF1 = findTestData("IWP30PayNowCC").getValue("UDF1", row): null

2020-07-14 13:32:01 - [TEST_STEP][PASSED] - println(UDF1): null

2020-07-14 13:32:01 - [TEST_STEP][PASSED] - UDF2 = findTestData("IWP30PayNowCC").getValue("UDF2", row): null

2020-07-14 13:32:01 - [TEST_STEP][PASSED] - println(UDF2): null

2020-07-14 13:32:01 - [TEST_STEP][PASSED] - UDF3 = findTestData("IWP30PayNowCC").getValue("UDF3", row): null

2020-07-14 13:32:01 - [TEST_STEP][PASSED] - println(UDF3): null

2020-07-14 13:32:01 - [TEST_STEP][PASSED] - UDF4 = findTestData("IWP30PayNowCC").getValue("UDF4", row): null

2020-07-14 13:32:01 - [TEST_STEP][PASSED] - println(UDF4): null

2020-07-14 13:32:01 - [TEST_STEP][PASSED] - UDF5 = findTestData("IWP30PayNowCC").getValue("UDF5", row): null

2020-07-14 13:32:01 - [TEST_STEP][PASSED] - println(UDF5): null

2020-07-14 13:32:01 - [TEST_STEP][PASSED] - UDF6 = findTestData("IWP30PayNowCC").getValue("UDF6", row): null

2020-07-14 13:32:01 - [TEST_STEP][PASSED] - println(UDF6): null

2020-07-14 13:32:01 - [TEST_STEP][PASSED] - UDF7 = findTestData("IWP30PayNowCC").getValue("UDF7", row): null

2020-07-14 13:32:01 - [TEST_STEP][PASSED] - println(UDF7): null

2020-07-14 13:32:01 - [TEST_STEP][PASSED] - UDF8 = findTestData("IWP30PayNowCC").getValue("UDF8", row): null

2020-07-14 13:32:01 - [TEST_STEP][PASSED] - println(UDF8): null

2020-07-14 13:32:01 - [TEST_STEP][PASSED] - UDF9 = findTestData("IWP30PayNowCC").getValue("UDF9", row): null

2020-07-14 13:32:01 - [TEST_STEP][PASSED] - println(UDF9): null

2020-07-14 13:32:01 - [TEST_STEP][PASSED] - UDF10 = findTestData("IWP30PayNowCC").getValue("UDF10", row): null

2020-07-14 13:32:01 - [TEST_STEP][PASSED] - println(UDF10): null

2020-07-14 13:32:01 - [TEST_STEP][PASSED] - AppID = findTestData("IWP30PayNowCC").getValue("AppID", row): null

2020-07-14 13:32:01 - [TEST_STEP][PASSED] - println(AppID): null

2020-07-14 13:32:01 - [TEST_STEP][PASSED] - MessageVersion = findTestData("IWP30PayNowCC").getValue("MessageVersion", row): null

2020-07-14 13:32:01 - [TEST_STEP][PASSED] - println(MessageVersion): null

2020-07-14 13:32:01 - [TEST_STEP][PASSED] - CCAmount = findTestData("IWP30PayNowCC").getValue("CCAmount", row): null

2020-07-14 13:32:01 - [TEST_STEP][PASSED] - println(CCAmount): null

2020-07-14 13:32:01 - [TEST_STEP][PASSED] - CCUDF1 = findTestData("IWP30PayNowCC").getValue("CCUDF1", row): null

2020-07-14 13:32:01 - [TEST_STEP][PASSED] - println(CCUDF1): null

2020-07-14 13:32:01 - [TEST_STEP][PASSED] - CCUDF2 = findTestData("IWP30PayNowCC").getValue("CCUDF2", row): null

2020-07-14 13:32:01 - [TEST_STEP][PASSED] - println(CCUDF2): null

2020-07-14 13:32:01 - [TEST_STEP][PASSED] - CCUDF3 = findTestData("IWP30PayNowCC").getValue("CCUDF3", row): null

2020-07-14 13:32:01 - [TEST_STEP][PASSED] - println(CCUDF3): null

2020-07-14 13:32:01 - [TEST_STEP][PASSED] - CCUDF4 = findTestData("IWP30PayNowCC").getValue("CCUDF4", row): null

2020-07-14 13:32:01 - [TEST_STEP][PASSED] - println(CCUDF4): null

2020-07-14 13:32:01 - [TEST_STEP][PASSED] - CCUDF5 = findTestData("IWP30PayNowCC").getValue("CCUDF5", row): null

2020-07-14 13:32:01 - [TEST_STEP][PASSED] - println(CCUDF5): null

2020-07-14 13:32:01 - [TEST_STEP][PASSED] - CCUDF6 = findTestData("IWP30PayNowCC").getValue("CCUDF6", row): null

2020-07-14 13:32:01 - [TEST_STEP][PASSED] - println(CCUDF6): null

2020-07-14 13:32:01 - [TEST_STEP][PASSED] - CCUDF7 = findTestData("IWP30PayNowCC").getValue("CCUDF7", row): null

2020-07-14 13:32:01 - [TEST_STEP][PASSED] - println(CCUDF7): null

2020-07-14 13:32:01 - [TEST_STEP][PASSED] - CCUDF8 = findTestData("IWP30PayNowCC").getValue("CCUDF8", row): null

2020-07-14 13:32:01 - [TEST_STEP][PASSED] - println(CCUDF8): null

2020-07-14 13:32:01 - [TEST_STEP][PASSED] - CCUDF9 = findTestData("IWP30PayNowCC").getValue("CCUDF9", row): null

2020-07-14 13:32:01 - [TEST_STEP][PASSED] - println(CCUDF9): null

2020-07-14 13:32:01 - [TEST_STEP][PASSED] - CCUDF10 = findTestData("IWP30PayNowCC").getValue("CCUDF10", row): null

2020-07-14 13:32:01 - [TEST_STEP][PASSED] - println(CCUDF10): null

2020-07-14 13:32:01 - [TEST_STEP][PASSED] - CCName = findTestData("IWP30PayNowCC").getValue("CCName", row): null

2020-07-14 13:32:01 - [TEST_STEP][PASSED] - println(CCName): null

2020-07-14 13:32:01 - [TEST_STEP][PASSED] - CCCardNum = findTestData("IWP30PayNowCC").getValue("CCCardNum", row): null

2020-07-14 13:32:01 - [TEST_STEP][PASSED] - println(CCCardNum): null

2020-07-14 13:32:01 - [TEST_STEP][PASSED] - CCSPC = findTestData("IWP30PayNowCC").getValue("CCSPC", row): null

2020-07-14 13:32:01 - [TEST_STEP][PASSED] - println(CCSPC): null

2020-07-14 13:32:01 - [TEST_STEP][PASSED] - CCExpM = findTestData("IWP30PayNowCC").getValue("CCExpM", row): null

2020-07-14 13:32:01 - [TEST_STEP][PASSED] - println(CCExpM): null

2020-07-14 13:32:01 - [TEST_STEP][PASSED] - CCExpY = findTestData("IWP30PayNowCC").getValue("CCExpY", row): null

2020-07-14 13:32:01 - [TEST_STEP][PASSED] - println(CCExpY): null

2020-07-14 13:32:01 - [TEST_STEP][PASSED] - CCDate = findTestData("IWP30PayNowCC").getValue("CCDate", row): null

2020-07-14 13:32:01 - [TEST_STEP][PASSED] - println(CCDate): null

2020-07-14 13:32:01 - [TEST_STEP][PASSED] - CCAL1 = findTestData("IWP30PayNowCC").getValue("CCAL1", row): null

2020-07-14 13:32:01 - [TEST_STEP][PASSED] - println(CCAL1): null

2020-07-14 13:32:01 - [TEST_STEP][PASSED] - CCAL2 = findTestData("IWP30PayNowCC").getValue("CCAL2", row): null

2020-07-14 13:32:01 - [TEST_STEP][PASSED] - println(CCAL2): null

2020-07-14 13:32:01 - [TEST_STEP][PASSED] - CCZIP = findTestData("IWP30PayNowCC").getValue("CCZIP", row): null

2020-07-14 13:32:01 - [TEST_STEP][PASSED] - println(CCZIP): null

2020-07-14 13:32:01 - [TEST_STEP][PASSED] - CCEmail = findTestData("IWP30PayNowCC").getValue("CCEmail", row): null

2020-07-14 13:32:01 - [TEST_STEP][PASSED] - println(CCEmail): null

2020-07-14 13:32:01 - [TEST_STEP][PASSED] - openBrowser(urlEmulator): Browser is opened with url: 'https://qa.velocitypayment.com/agency/config.do?action=editor'

2020-07-14 13:32:01 - [MESSAGE][INFO] - Starting 'Chrome' driver

2020-07-14 13:32:01 - [MESSAGE][INFO] - User set preference: ['acceptInsecureCerts', 'true']

2020-07-14 13:32:01 - [MESSAGE][INFO] - Action delay is set to 0 milliseconds

2020-07-14 13:32:06 - [MESSAGE][PASSED] - Browser is opened with url: 'https://qa.velocitypayment.com/agency/config.do?action=editor'

2020-07-14 13:32:06 - [TEST_STEP][PASSED] - maximizeWindow(): Current window maximized

2020-07-14 13:32:06 - [MESSAGE][PASSED] - Current window maximized

2020-07-14 13:32:06 - [TEST_STEP][PASSED] - selectOptionByValue(findTestObject("IWP30/Page_VRelay30Emulator/MV"), MV, true): All options with value '3.0' are selected in object 'Object Repository/IWP30/Page_VRelay30Emulator/MV'  using regular expression

2020-07-14 13:32:07 - [MESSAGE][PASSED] - All options with value '3.0' are selected in object 'Object Repository/IWP30/Page_VRelay30Emulator/MV'  using regular expression

2020-07-14 13:32:07 - [TEST_STEP][PASSED] - setText(findTestObject("IWP30/Page_VRelay30Emulator/Amount"), Amount): Text '10.50' is set on object 'Object Repository/IWP30/Page_VRelay30Emulator/Amount'

2020-07-14 13:32:08 - [MESSAGE][PASSED] - Text '10.50' is set on object 'Object Repository/IWP30/Page_VRelay30Emulator/Amount'

2020-07-14 13:32:08 - [TEST_STEP][PASSED] - setText(findTestObject("IWP30/Page_VRelay30Emulator/CAN"), CAN): Text '26411005' is set on object 'Object Repository/IWP30/Page_VRelay30Emulator/CAN'

2020-07-14 13:32:09 - [MESSAGE][PASSED] - Text '26411005' is set on object 'Object Repository/IWP30/Page_VRelay30Emulator/CAN'

2020-07-14 13:32:09 - [TEST_STEP][PASSED] - setText(findTestObject("IWP30/Page_VRelay30Emulator/Action"), Action): Text 'PayNow' is set on object 'Object Repository/IWP30/Page_VRelay30Emulator/Action'

2020-07-14 13:32:09 - [MESSAGE][PASSED] - Text 'PayNow' is set on object 'Object Repository/IWP30/Page_VRelay30Emulator/Action'

2020-07-14 13:32:09 - [TEST_STEP][PASSED] - setText(findTestObject("IWP30/Page_VRelay30Emulator/Lang"), Lang): Text 'en_US' is set on object 'Object Repository/IWP30/Page_VRelay30Emulator/Lang'

2020-07-14 13:32:10 - [MESSAGE][PASSED] - Text 'en_US' is set on object 'Object Repository/IWP30/Page_VRelay30Emulator/Lang'

2020-07-14 13:32:10 - [TEST_STEP][PASSED] - setText(findTestObject("IWP30/Page_VRelay30Emulator/Fname"), Fname): Text '' is set on object 'Object Repository/IWP30/Page_VRelay30Emulator/Fname'

2020-07-14 13:32:10 - [MESSAGE][PASSED] - Text '' is set on object 'Object Repository/IWP30/Page_VRelay30Emulator/Fname'

2020-07-14 13:32:10 - [TEST_STEP][PASSED] - setText(findTestObject("IWP30/Page_VRelay30Emulator/Lname"), Lname): Text '' is set on object 'Object Repository/IWP30/Page_VRelay30Emulator/Lname'

2020-07-14 13:32:11 - [MESSAGE][PASSED] - Text '' is set on object 'Object Repository/IWP30/Page_VRelay30Emulator/Lname'

2020-07-14 13:32:11 - [TEST_STEP][PASSED] - setText(findTestObject("IWP30/Page_VRelay30Emulator/AL1"), AL1): Text '' is set on object 'Object Repository/IWP30/Page_VRelay30Emulator/AL1'

2020-07-14 13:32:12 - [MESSAGE][PASSED] - Text '' is set on object 'Object Repository/IWP30/Page_VRelay30Emulator/AL1'

2020-07-14 13:32:12 - [TEST_STEP][PASSED] - setText(findTestObject("IWP30/Page_VRelay30Emulator/AL2"), AL2): Text '' is set on object 'Object Repository/IWP30/Page_VRelay30Emulator/AL2'

2020-07-14 13:32:12 - [MESSAGE][PASSED] - Text '' is set on object 'Object Repository/IWP30/Page_VRelay30Emulator/AL2'

2020-07-14 13:32:12 - [TEST_STEP][PASSED] - setText(findTestObject("IWP30/Page_VRelay30Emulator/Country"), Country): Text '840' is set on object 'Object Repository/IWP30/Page_VRelay30Emulator/Country'

2020-07-14 13:32:13 - [MESSAGE][PASSED] - Text '840' is set on object 'Object Repository/IWP30/Page_VRelay30Emulator/Country'

2020-07-14 13:32:13 - [TEST_STEP][PASSED] - setText(findTestObject("IWP30/Page_VRelay30Emulator/City"), City): Text '' is set on object 'Object Repository/IWP30/Page_VRelay30Emulator/City'

2020-07-14 13:32:13 - [MESSAGE][PASSED] - Text '' is set on object 'Object Repository/IWP30/Page_VRelay30Emulator/City'

2020-07-14 13:32:13 - [TEST_STEP][PASSED] - setText(findTestObject("IWP30/Page_VRelay30Emulator/State"), State): Text '' is set on object 'Object Repository/IWP30/Page_VRelay30Emulator/State'

2020-07-14 13:32:14 - [MESSAGE][PASSED] - Text '' is set on object 'Object Repository/IWP30/Page_VRelay30Emulator/State'

2020-07-14 13:32:14 - [TEST_STEP][PASSED] - setText(findTestObject("IWP30/Page_VRelay30Emulator/ZIP"), ZIP): Text '' is set on object 'Object Repository/IWP30/Page_VRelay30Emulator/ZIP'

2020-07-14 13:32:15 - [MESSAGE][PASSED] - Text '' is set on object 'Object Repository/IWP30/Page_VRelay30Emulator/ZIP'

2020-07-14 13:32:15 - [TEST_STEP][PASSED] - setText(findTestObject("IWP30/Page_VRelay30Emulator/Order"), Order): Text '' is set on object 'Object Repository/IWP30/Page_VRelay30Emulator/Order'

2020-07-14 13:32:15 - [MESSAGE][PASSED] - Text '' is set on object 'Object Repository/IWP30/Page_VRelay30Emulator/Order'

2020-07-14 13:32:15 - [TEST_STEP][PASSED] - setText(findTestObject("IWP30/Page_VRelay30Emulator/Company"), CompanyName): Text '' is set on object 'Object Repository/IWP30/Page_VRelay30Emulator/Company'

2020-07-14 13:32:16 - [MESSAGE][PASSED] - Text '' is set on object 'Object Repository/IWP30/Page_VRelay30Emulator/Company'

2020-07-14 13:32:16 - [TEST_STEP][PASSED] - setText(findTestObject("IWP30/Page_VRelay30Emulator/Email"), Email): Text '' is set on object 'Object Repository/IWP30/Page_VRelay30Emulator/Email'

2020-07-14 13:32:17 - [MESSAGE][PASSED] - Text '' is set on object 'Object Repository/IWP30/Page_VRelay30Emulator/Email'

2020-07-14 13:32:17 - [TEST_STEP][PASSED] - setText(findTestObject("IWP30/Page_VRelay30Emulator/UDF1"), UDF1): Text '' is set on object 'Object Repository/IWP30/Page_VRelay30Emulator/UDF1'

2020-07-14 13:32:17 - [MESSAGE][PASSED] - Text '' is set on object 'Object Repository/IWP30/Page_VRelay30Emulator/UDF1'

2020-07-14 13:32:17 - [TEST_STEP][PASSED] - setText(findTestObject("IWP30/Page_VRelay30Emulator/UDF2"), UDF2): Text '' is set on object 'Object Repository/IWP30/Page_VRelay30Emulator/UDF2'

2020-07-14 13:32:18 - [MESSAGE][PASSED] - Text '' is set on object 'Object Repository/IWP30/Page_VRelay30Emulator/UDF2'

2020-07-14 13:32:18 - [TEST_STEP][PASSED] - setText(findTestObject("IWP30/Page_VRelay30Emulator/UDF3"), UDF3): Text '' is set on object 'Object Repository/IWP30/Page_VRelay30Emulator/UDF3'

2020-07-14 13:32:19 - [MESSAGE][PASSED] - Text '' is set on object 'Object Repository/IWP30/Page_VRelay30Emulator/UDF3'

2020-07-14 13:32:19 - [TEST_STEP][PASSED] - setText(findTestObject("IWP30/Page_VRelay30Emulator/UDF4"), UDF4): Text 'udf data 4' is set on object 'Object Repository/IWP30/Page_VRelay30Emulator/UDF4'

2020-07-14 13:32:19 - [MESSAGE][PASSED] - Text 'udf data 4' is set on object 'Object Repository/IWP30/Page_VRelay30Emulator/UDF4'

2020-07-14 13:32:19 - [TEST_STEP][PASSED] - setText(findTestObject("IWP30/Page_VRelay30Emulator/UDF5"), UDF5): Text 'udf data 5' is set on object 'Object Repository/IWP30/Page_VRelay30Emulator/UDF5'

2020-07-14 13:32:20 - [MESSAGE][PASSED] - Text 'udf data 5' is set on object 'Object Repository/IWP30/Page_VRelay30Emulator/UDF5'

2020-07-14 13:32:20 - [TEST_STEP][PASSED] - setText(findTestObject("IWP30/Page_VRelay30Emulator/UDF6"), UDF6): Text '' is set on object 'Object Repository/IWP30/Page_VRelay30Emulator/UDF6'

2020-07-14 13:32:21 - [MESSAGE][PASSED] - Text '' is set on object 'Object Repository/IWP30/Page_VRelay30Emulator/UDF6'

2020-07-14 13:32:21 - [TEST_STEP][PASSED] - setText(findTestObject("IWP30/Page_VRelay30Emulator/UDF7"), UDF7): Text '' is set on object 'Object Repository/IWP30/Page_VRelay30Emulator/UDF7'

2020-07-14 13:32:22 - [MESSAGE][PASSED] - Text '' is set on object 'Object Repository/IWP30/Page_VRelay30Emulator/UDF7'

2020-07-14 13:32:22 - [TEST_STEP][PASSED] - setText(findTestObject("IWP30/Page_VRelay30Emulator/UDF8"), UDF8): Text '' is set on object 'Object Repository/IWP30/Page_VRelay30Emulator/UDF8'

2020-07-14 13:32:22 - [MESSAGE][PASSED] - Text '' is set on object 'Object Repository/IWP30/Page_VRelay30Emulator/UDF8'

2020-07-14 13:32:22 - [TEST_STEP][PASSED] - setText(findTestObject("IWP30/Page_VRelay30Emulator/UDF9"), UDF9): Text 'udf data 9' is set on object 'Object Repository/IWP30/Page_VRelay30Emulator/UDF9'

2020-07-14 13:32:23 - [MESSAGE][PASSED] - Text 'udf data 9' is set on object 'Object Repository/IWP30/Page_VRelay30Emulator/UDF9'

2020-07-14 13:32:23 - [TEST_STEP][PASSED] - setText(findTestObject("IWP30/Page_VRelay30Emulator/UDF10"), UDF10): Text 'udf data 10' is set on object 'Object Repository/IWP30/Page_VRelay30Emulator/UDF10'

2020-07-14 13:32:24 - [MESSAGE][PASSED] - Text 'udf data 10' is set on object 'Object Repository/IWP30/Page_VRelay30Emulator/UDF10'

2020-07-14 13:32:24 - [TEST_STEP][PASSED] - Thread.sleep(5000): null

2020-07-14 13:32:29 - [TEST_STEP][PASSED] - click(findTestObject("IWP30/Page_VRelay30Emulator/Submit")): Object: 'Object Repository/IWP30/Page_VRelay30Emulator/Submit' is clicked on

2020-07-14 13:32:29 - [MESSAGE][PASSED] - Object: 'Object Repository/IWP30/Page_VRelay30Emulator/Submit' is clicked on

2020-07-14 13:32:29 - [TEST_STEP][PASSED] - closeBrowser(): Browser is closed

2020-07-14 13:32:30 - [MESSAGE][PASSED] - Browser is closed

2020-07-14 13:32:30 - [TEST_STEP][PASSED] - openBrowser(urlTestHarness): Browser is opened with url: 'https://dev-algorithm.govolution.com/vrelaytest/QA/version_2_2/vrelaytest.html'

2020-07-14 13:32:30 - [MESSAGE][INFO] - Starting 'Chrome' driver

2020-07-14 13:32:30 - [MESSAGE][INFO] - User set preference: ['acceptInsecureCerts', 'true']

2020-07-14 13:32:30 - [MESSAGE][INFO] - Action delay is set to 0 milliseconds

2020-07-14 13:32:33 - [MESSAGE][PASSED] - Browser is opened with url: 'https://dev-algorithm.govolution.com/vrelaytest/QA/version_2_2/vrelaytest.html'

2020-07-14 13:32:33 - [TEST_STEP][PASSED] - maximizeWindow(): Current window maximized

2020-07-14 13:32:34 - [MESSAGE][PASSED] - Current window maximized

2020-07-14 13:32:34 - [TEST_STEP][PASSED] - genRemIDVoid = RandomStringUtils.random(12, true, true): null

2020-07-14 13:32:34 - [TEST_STEP][PASSED] - if (verifyElementPresent(findTestObject("Object Repository/IWP30/Page_QATestHarness/RemittanceID"), 30)): null

2020-07-14 13:32:34 - [MESSAGE][PASSED] - Object 'Object Repository/IWP30/Page_QATestHarness/RemittanceID' is present

2020-07-14 13:32:34 - [TEST_STEP][PASSED] - println("We are on Test Harness page, start populating"): null

2020-07-14 13:32:34 - [TEST_STEP][PASSED] - setText(findTestObject("Object Repository/IWP30/Page_QATestHarness/ApplicationID"), AppID): Text '649' is set on object 'Object Repository/IWP30/Page_QATestHarness/ApplicationID'

2020-07-14 13:32:35 - [MESSAGE][PASSED] - Text '649' is set on object 'Object Repository/IWP30/Page_QATestHarness/ApplicationID'

2020-07-14 13:32:35 - [TEST_STEP][PASSED] - setText(findTestObject("Object Repository/IWP30/Page_QATestHarness/MessageVersion"), MessageVersion): Text '3.0' is set on object 'Object Repository/IWP30/Page_QATestHarness/MessageVersion'

2020-07-14 13:32:36 - [MESSAGE][PASSED] - Text '3.0' is set on object 'Object Repository/IWP30/Page_QATestHarness/MessageVersion'

2020-07-14 13:32:36 - [TEST_STEP][PASSED] - setText(findTestObject("Object Repository/IWP30/Page_QATestHarness/RemittanceID"), genRemIDVoid): Text 'Pp0Ih6AZX0QB' is set on object 'Object Repository/IWP30/Page_QATestHarness/RemittanceID'

2020-07-14 13:32:36 - [MESSAGE][PASSED] - Text 'Pp0Ih6AZX0QB' is set on object 'Object Repository/IWP30/Page_QATestHarness/RemittanceID'

2020-07-14 13:32:36 - [TEST_STEP][PASSED] - click(findTestObject("Object Repository/IWP30/Page_QATestHarness/SubmitButton")): Object: 'Object Repository/IWP30/Page_QATestHarness/SubmitButton' is clicked on

2020-07-14 13:32:37 - [MESSAGE][PASSED] - Object: 'Object Repository/IWP30/Page_QATestHarness/SubmitButton' is clicked on

2020-07-14 13:32:37 - [TEST_STEP][PASSED] - if (verifyElementPresent(findTestObject("Object Repository/IWP30/Page_SelectPaymentMethod/PayByCreditCard"), 30)): null

2020-07-14 13:32:38 - [MESSAGE][PASSED] - Object 'Object Repository/IWP30/Page_SelectPaymentMethod/PayByCreditCard' is present

2020-07-14 13:32:38 - [TEST_STEP][PASSED] - println("We are on Select Payment Method page, start populating"): null

2020-07-14 13:32:38 - [TEST_STEP][PASSED] - check(findTestObject("Object Repository/IWP30/Page_SelectPaymentMethod/PayByCreditCard")): Object 'Object Repository/IWP30/Page_SelectPaymentMethod/PayByCreditCard' is checked

2020-07-14 13:32:38 - [MESSAGE][PASSED] - Object 'Object Repository/IWP30/Page_SelectPaymentMethod/PayByCreditCard' is checked

2020-07-14 13:32:38 - [TEST_STEP][PASSED] - Thread.sleep(1000): null

2020-07-14 13:32:39 - [TEST_STEP][PASSED] - click(findTestObject("Object Repository/IWP30/Page_SelectPaymentMethod/MakePaymentButton")): Object: 'Object Repository/IWP30/Page_SelectPaymentMethod/MakePaymentButton' is clicked on

2020-07-14 13:32:40 - [MESSAGE][PASSED] - Object: 'Object Repository/IWP30/Page_SelectPaymentMethod/MakePaymentButton' is clicked on

2020-07-14 13:32:40 - [TEST_STEP][PASSED] - if (verifyElementPresent(findTestObject("Object Repository/IWP30/Page_CCPaymentEntry/Name"), 30)): null

2020-07-14 13:32:41 - [MESSAGE][PASSED] - Object 'Object Repository/IWP30/Page_CCPaymentEntry/Name' is present

2020-07-14 13:32:41 - [TEST_STEP][PASSED] - println("We are on Credit Card Payment Entry page, start populating"): null

2020-07-14 13:32:41 - [TEST_STEP][PASSED] - if (verifyElementPresent(findTestObject("Object Repository/IWP30/Page_CCPaymentEntry/Amount"), 30)): null

2020-07-14 13:32:41 - [MESSAGE][PASSED] - Object 'Object Repository/IWP30/Page_CCPaymentEntry/Amount' is present

2020-07-14 13:32:41 - [TEST_STEP][PASSED] - if (!(CCAmount.isEmpty())): Text '20.50' is set on object 'Object Repository/IWP30/Page_CCPaymentEntry/Amount'

2020-07-14 13:32:41 - [TEST_STEP][PASSED] - setText(findTestObject("Object Repository/IWP30/Page_CCPaymentEntry/Amount"), CCAmount): Text '20.50' is set on object 'Object Repository/IWP30/Page_CCPaymentEntry/Amount'

2020-07-14 13:32:42 - [MESSAGE][PASSED] - Text '20.50' is set on object 'Object Repository/IWP30/Page_CCPaymentEntry/Amount'

2020-07-14 13:32:42 - [TEST_STEP][PASSED] - if (verifyElementPresent(findTestObject("Object Repository/IWP30/Page_CCPaymentEntry/UserDefined2"), 30)): null

2020-07-14 13:32:42 - [MESSAGE][PASSED] - Object 'Object Repository/IWP30/Page_CCPaymentEntry/UserDefined2' is present

2020-07-14 13:32:42 - [TEST_STEP][PASSED] - if (!(CCUDF2.isEmpty())): Text 'Number 2' is set on object 'Object Repository/IWP30/Page_CCPaymentEntry/UserDefined2'

2020-07-14 13:32:42 - [TEST_STEP][PASSED] - setText(findTestObject("Object Repository/IWP30/Page_CCPaymentEntry/UserDefined2"), CCUDF2): Text 'Number 2' is set on object 'Object Repository/IWP30/Page_CCPaymentEntry/UserDefined2'

2020-07-14 13:32:43 - [MESSAGE][PASSED] - Text 'Number 2' is set on object 'Object Repository/IWP30/Page_CCPaymentEntry/UserDefined2'

2020-07-14 13:32:43 - [TEST_STEP][PASSED] - if (verifyElementPresent(findTestObject("Object Repository/IWP30/Page_CCPaymentEntry/UserDefined3"), 30)): null

2020-07-14 13:32:43 - [MESSAGE][PASSED] - Object 'Object Repository/IWP30/Page_CCPaymentEntry/UserDefined3' is present

2020-07-14 13:32:43 - [TEST_STEP][PASSED] - if (!(CCUDF3.isEmpty())): Text 'Number 3' is set on object 'Object Repository/IWP30/Page_CCPaymentEntry/UserDefined3'

2020-07-14 13:32:43 - [TEST_STEP][PASSED] - setText(findTestObject("Object Repository/IWP30/Page_CCPaymentEntry/UserDefined3"), CCUDF3): Text 'Number 3' is set on object 'Object Repository/IWP30/Page_CCPaymentEntry/UserDefined3'

2020-07-14 13:32:44 - [MESSAGE][PASSED] - Text 'Number 3' is set on object 'Object Repository/IWP30/Page_CCPaymentEntry/UserDefined3'

2020-07-14 13:32:44 - [TEST_STEP][PASSED] - if (verifyElementPresent(findTestObject("Object Repository/IWP30/Page_CCPaymentEntry/UserDefined7"), 30)): null

2020-07-14 13:32:44 - [MESSAGE][PASSED] - Object 'Object Repository/IWP30/Page_CCPaymentEntry/UserDefined7' is present

2020-07-14 13:32:44 - [TEST_STEP][PASSED] - if (!(CCUDF7.isEmpty())): All options with label 'Orange' are selected in object 'Object Repository/IWP30/Page_CCPaymentEntry/UserDefined7' 

2020-07-14 13:32:44 - [TEST_STEP][PASSED] - selectOptionByLabel(findTestObject("Object Repository/IWP30/Page_CCPaymentEntry/UserDefined7"), CCUDF7, false): All options with label 'Orange' are selected in object 'Object Repository/IWP30/Page_CCPaymentEntry/UserDefined7' 

2020-07-14 13:32:45 - [MESSAGE][PASSED] - All options with label 'Orange' are selected in object 'Object Repository/IWP30/Page_CCPaymentEntry/UserDefined7' 

2020-07-14 13:32:45 - [TEST_STEP][PASSED] - if (verifyElementPresent(findTestObject("Object Repository/IWP30/Page_CCPaymentEntry/UserDefined8"), 30)): null

2020-07-14 13:32:45 - [MESSAGE][PASSED] - Object 'Object Repository/IWP30/Page_CCPaymentEntry/UserDefined8' is present

2020-07-14 13:32:45 - [TEST_STEP][PASSED] - if (!(CCUDF8.isEmpty())): All options with label 'Tennis' are selected in object 'Object Repository/IWP30/Page_CCPaymentEntry/UserDefined8' 

2020-07-14 13:32:45 - [TEST_STEP][PASSED] - selectOptionByLabel(findTestObject("Object Repository/IWP30/Page_CCPaymentEntry/UserDefined8"), CCUDF8, false): All options with label 'Tennis' are selected in object 'Object Repository/IWP30/Page_CCPaymentEntry/UserDefined8' 

2020-07-14 13:32:46 - [MESSAGE][PASSED] - All options with label 'Tennis' are selected in object 'Object Repository/IWP30/Page_CCPaymentEntry/UserDefined8' 

2020-07-14 13:32:46 - [TEST_STEP][PASSED] - if (verifyElementPresent(findTestObject("Object Repository/IWP30/Page_CCPaymentEntry/Name"), 30)): null

2020-07-14 13:32:46 - [MESSAGE][PASSED] - Object 'Object Repository/IWP30/Page_CCPaymentEntry/Name' is present

2020-07-14 13:32:46 - [TEST_STEP][PASSED] - if (!(CCName.isEmpty())): Text 'Mera Naam' is set on object 'Object Repository/IWP30/Page_CCPaymentEntry/Name'

2020-07-14 13:32:46 - [TEST_STEP][PASSED] - setText(findTestObject("Object Repository/IWP30/Page_CCPaymentEntry/Name"), CCName): Text 'Mera Naam' is set on object 'Object Repository/IWP30/Page_CCPaymentEntry/Name'

2020-07-14 13:32:47 - [MESSAGE][PASSED] - Text 'Mera Naam' is set on object 'Object Repository/IWP30/Page_CCPaymentEntry/Name'

2020-07-14 13:32:47 - [TEST_STEP][PASSED] - if (verifyElementPresent(findTestObject("Object Repository/IWP30/Page_CCPaymentEntry/CardNumber"), 30)): null

2020-07-14 13:32:47 - [MESSAGE][PASSED] - Object 'Object Repository/IWP30/Page_CCPaymentEntry/CardNumber' is present

2020-07-14 13:32:47 - [TEST_STEP][PASSED] - if (!(CCCardNum.isEmpty())): Text '370000000000002' is set on object 'Object Repository/IWP30/Page_CCPaymentEntry/CardNumber'

2020-07-14 13:32:47 - [TEST_STEP][PASSED] - setText(findTestObject("Object Repository/IWP30/Page_CCPaymentEntry/CardNumber"), CCCardNum): Text '370000000000002' is set on object 'Object Repository/IWP30/Page_CCPaymentEntry/CardNumber'

2020-07-14 13:32:48 - [MESSAGE][PASSED] - Text '370000000000002' is set on object 'Object Repository/IWP30/Page_CCPaymentEntry/CardNumber'

2020-07-14 13:32:48 - [TEST_STEP][PASSED] - if (verifyElementPresent(findTestObject("Object Repository/IWP30/Page_CCPaymentEntry/SPC"), 30)): null

2020-07-14 13:32:48 - [MESSAGE][PASSED] - Object 'Object Repository/IWP30/Page_CCPaymentEntry/SPC' is present

2020-07-14 13:32:48 - [TEST_STEP][PASSED] - if (!(CCSPC.isEmpty())): Text '1234' is set on object 'Object Repository/IWP30/Page_CCPaymentEntry/SPC'

2020-07-14 13:32:48 - [TEST_STEP][PASSED] - setText(findTestObject("Object Repository/IWP30/Page_CCPaymentEntry/SPC"), CCSPC): Text '1234' is set on object 'Object Repository/IWP30/Page_CCPaymentEntry/SPC'

2020-07-14 13:32:49 - [MESSAGE][PASSED] - Text '1234' is set on object 'Object Repository/IWP30/Page_CCPaymentEntry/SPC'

2020-07-14 13:32:49 - [TEST_STEP][PASSED] - if (verifyElementPresent(findTestObject("Object Repository/IWP30/Page_CCPaymentEntry/Month"), 30)): null

2020-07-14 13:32:49 - [MESSAGE][PASSED] - Object 'Object Repository/IWP30/Page_CCPaymentEntry/Month' is present

2020-07-14 13:32:49 - [TEST_STEP][PASSED] - if (!(CCExpM.isEmpty())): All options with label '09' are selected in object 'Object Repository/IWP30/Page_CCPaymentEntry/Month' 

2020-07-14 13:32:49 - [TEST_STEP][PASSED] - selectOptionByLabel(findTestObject("Object Repository/IWP30/Page_CCPaymentEntry/Month"), CCExpM, false): All options with label '09' are selected in object 'Object Repository/IWP30/Page_CCPaymentEntry/Month' 

2020-07-14 13:32:50 - [MESSAGE][PASSED] - All options with label '09' are selected in object 'Object Repository/IWP30/Page_CCPaymentEntry/Month' 

2020-07-14 13:32:50 - [TEST_STEP][PASSED] - if (verifyElementPresent(findTestObject("Object Repository/IWP30/Page_CCPaymentEntry/Year"), 30)): null

2020-07-14 13:32:50 - [MESSAGE][PASSED] - Object 'Object Repository/IWP30/Page_CCPaymentEntry/Year' is present

2020-07-14 13:32:50 - [TEST_STEP][PASSED] - if (!(CCExpY.isEmpty())): All options with label '2023' are selected in object 'Object Repository/IWP30/Page_CCPaymentEntry/Year' 

2020-07-14 13:32:50 - [TEST_STEP][PASSED] - selectOptionByLabel(findTestObject("Object Repository/IWP30/Page_CCPaymentEntry/Year"), CCExpY, false): All options with label '2023' are selected in object 'Object Repository/IWP30/Page_CCPaymentEntry/Year' 

2020-07-14 13:32:51 - [MESSAGE][PASSED] - All options with label '2023' are selected in object 'Object Repository/IWP30/Page_CCPaymentEntry/Year' 

2020-07-14 13:32:51 - [TEST_STEP][PASSED] - if (verifyElementPresent(findTestObject("Object Repository/IWP30/Page_CCPaymentEntry/ProcessDate"), 30)): null

2020-07-14 13:32:51 - [MESSAGE][PASSED] - Object 'Object Repository/IWP30/Page_CCPaymentEntry/ProcessDate' is present

2020-07-14 13:32:51 - [TEST_STEP][PASSED] - if (!(CCDate.isEmpty())): null

2020-07-14 13:32:51 - [TEST_STEP][PASSED] - else: null

2020-07-14 13:32:51 - [TEST_STEP][PASSED] - println("CCDate is not present in the Excel Spreadsheet"): null

2020-07-14 13:32:51 - [TEST_STEP][PASSED] - if (verifyElementPresent(findTestObject("Object Repository/IWP30/Page_CCPaymentEntry/AL1"), 30)): null

2020-07-14 13:32:51 - [MESSAGE][PASSED] - Object 'Object Repository/IWP30/Page_CCPaymentEntry/AL1' is present

2020-07-14 13:32:51 - [TEST_STEP][PASSED] - if (!(CCAL1.isEmpty())): Text 'Mera AL1' is set on object 'Object Repository/IWP30/Page_CCPaymentEntry/AL1'

2020-07-14 13:32:51 - [TEST_STEP][PASSED] - setText(findTestObject("Object Repository/IWP30/Page_CCPaymentEntry/AL1"), CCAL1): Text 'Mera AL1' is set on object 'Object Repository/IWP30/Page_CCPaymentEntry/AL1'

2020-07-14 13:32:52 - [MESSAGE][PASSED] - Text 'Mera AL1' is set on object 'Object Repository/IWP30/Page_CCPaymentEntry/AL1'

2020-07-14 13:32:52 - [TEST_STEP][PASSED] - if (verifyElementPresent(findTestObject("Object Repository/IWP30/Page_CCPaymentEntry/AL2"), 30)): null

2020-07-14 13:32:52 - [MESSAGE][PASSED] - Object 'Object Repository/IWP30/Page_CCPaymentEntry/AL2' is present

2020-07-14 13:32:52 - [TEST_STEP][PASSED] - if (!(CCAL2.isEmpty())): Text 'Mera AL2' is set on object 'Object Repository/IWP30/Page_CCPaymentEntry/AL2'

2020-07-14 13:32:52 - [TEST_STEP][PASSED] - setText(findTestObject("Object Repository/IWP30/Page_CCPaymentEntry/AL2"), CCAL2): Text 'Mera AL2' is set on object 'Object Repository/IWP30/Page_CCPaymentEntry/AL2'

2020-07-14 13:32:53 - [MESSAGE][PASSED] - Text 'Mera AL2' is set on object 'Object Repository/IWP30/Page_CCPaymentEntry/AL2'

2020-07-14 13:32:53 - [TEST_STEP][PASSED] - if (verifyElementPresent(findTestObject("Object Repository/IWP30/Page_CCPaymentEntry/ZIP"), 30)): null

2020-07-14 13:32:54 - [MESSAGE][PASSED] - Object 'Object Repository/IWP30/Page_CCPaymentEntry/ZIP' is present

2020-07-14 13:32:54 - [TEST_STEP][PASSED] - if (!(CCZIP.isEmpty())): Text '21054' is set on object 'Object Repository/IWP30/Page_CCPaymentEntry/ZIP'

2020-07-14 13:32:54 - [TEST_STEP][PASSED] - setText(findTestObject("Object Repository/IWP30/Page_CCPaymentEntry/ZIP"), CCZIP): Text '21054' is set on object 'Object Repository/IWP30/Page_CCPaymentEntry/ZIP'

2020-07-14 13:32:54 - [MESSAGE][PASSED] - Text '21054' is set on object 'Object Repository/IWP30/Page_CCPaymentEntry/ZIP'

2020-07-14 13:32:54 - [TEST_STEP][PASSED] - if (verifyElementPresent(findTestObject("Object Repository/IWP30/Page_CCPaymentEntry/EmailAddress"), 30)): null

2020-07-14 13:32:55 - [MESSAGE][PASSED] - Object 'Object Repository/IWP30/Page_CCPaymentEntry/EmailAddress' is present

2020-07-14 13:32:55 - [TEST_STEP][PASSED] - if (!(CCEmail.isEmpty())): Text 'merae@gmail.com' is set on object 'Object Repository/IWP30/Page_CCPaymentEntry/EmailAddress'

2020-07-14 13:32:55 - [TEST_STEP][PASSED] - setText(findTestObject("Object Repository/IWP30/Page_CCPaymentEntry/EmailAddress"), CCEmail): Text 'merae@gmail.com' is set on object 'Object Repository/IWP30/Page_CCPaymentEntry/EmailAddress'

2020-07-14 13:32:56 - [MESSAGE][PASSED] - Text 'merae@gmail.com' is set on object 'Object Repository/IWP30/Page_CCPaymentEntry/EmailAddress'

2020-07-14 13:32:56 - [TEST_STEP][PASSED] - if (verifyElementPresent(findTestObject("Object Repository/IWP30/Page_CCPaymentEntry/TermCondCheckBox"), 30)): null

2020-07-14 13:32:56 - [MESSAGE][PASSED] - Object 'Object Repository/IWP30/Page_CCPaymentEntry/TermCondCheckBox' is present

2020-07-14 13:32:56 - [TEST_STEP][PASSED] - check(findTestObject("Object Repository/IWP30/Page_CCPaymentEntry/TermCondCheckBox")): Object 'Object Repository/IWP30/Page_CCPaymentEntry/TermCondCheckBox' is checked

2020-07-14 13:32:56 - [MESSAGE][PASSED] - Object 'Object Repository/IWP30/Page_CCPaymentEntry/TermCondCheckBox' is checked

2020-07-14 13:32:56 - [TEST_STEP][PASSED] - if (verifyElementPresent(findTestObject("Object Repository/IWP30/Page_CCPaymentEntry/ContinueButton"), 30)): null

2020-07-14 13:32:57 - [MESSAGE][PASSED] - Object 'Object Repository/IWP30/Page_CCPaymentEntry/ContinueButton' is present

2020-07-14 13:32:57 - [TEST_STEP][PASSED] - click(findTestObject("Object Repository/IWP30/Page_CCPaymentEntry/ContinueButton")): Object: 'Object Repository/IWP30/Page_CCPaymentEntry/ContinueButton' is clicked on

2020-07-14 13:32:58 - [MESSAGE][PASSED] - Object: 'Object Repository/IWP30/Page_CCPaymentEntry/ContinueButton' is clicked on

2020-07-14 13:32:58 - [TEST_STEP][PASSED] - if (verifyTextPresent("Please verify the following information", false)): null

2020-07-14 13:32:58 - [MESSAGE][PASSED] - Text 'Please verify the following information' is present on page 

2020-07-14 13:32:58 - [TEST_STEP][PASSED] - println("Please verify the following information text is present on the Confirmation page"): null

2020-07-14 13:32:58 - [TEST_STEP][PASSED] - if (verifyTextPresent("Is this information correct?", false)): null

2020-07-14 13:32:58 - [MESSAGE][PASSED] - Text 'Is this information correct?' is present on page 

2020-07-14 13:32:58 - [TEST_STEP][PASSED] - println("Is this information correct text is present on the Confirmation page"): null

2020-07-14 13:32:58 - [TEST_STEP][PASSED] - if (verifyElementPresent(findTestObject("Object Repository/IWP30/Page_Confirmation/ConfirmButton"), 30)): null

2020-07-14 13:32:59 - [MESSAGE][PASSED] - Object 'Object Repository/IWP30/Page_Confirmation/ConfirmButton' is present

2020-07-14 13:32:59 - [TEST_STEP][PASSED] - click(findTestObject("Object Repository/IWP30/Page_Confirmation/ConfirmButton")): Object: 'Object Repository/IWP30/Page_Confirmation/ConfirmButton' is clicked on

2020-07-14 13:33:00 - [MESSAGE][PASSED] - Object: 'Object Repository/IWP30/Page_Confirmation/ConfirmButton' is clicked on

2020-07-14 13:33:00 - [TEST_STEP][PASSED] - Thread.sleep(10000): null

2020-07-14 13:33:10 - [TEST_STEP][PASSED] - if (verifyTextPresent("Successful Payment Receipt", false)): null

2020-07-14 13:33:10 - [MESSAGE][PASSED] - Text 'Successful Payment Receipt' is present on page 

2020-07-14 13:33:10 - [TEST_STEP][PASSED] - println("Successful Payment Receipt text is present on the Receipt page"): null

2020-07-14 13:33:10 - [TEST_STEP][PASSED] - if (verifyTextPresent("Please print this receipt for your records", false)): null

2020-07-14 13:33:10 - [MESSAGE][PASSED] - Text 'Please print this receipt for your records' is present on page 

2020-07-14 13:33:11 - [TEST_STEP][PASSED] - println("Please print this receipt for your records text is present on the Receipt page"): null

2020-07-14 13:33:11 - [TEST_STEP][PASSED] - if (verifyElementPresent(findTestObject("Object Repository/IWP30/Page_Receipt/ExitButton"), 30)): null

2020-07-14 13:33:11 - [MESSAGE][PASSED] - Object 'Object Repository/IWP30/Page_Receipt/ExitButton' is present

2020-07-14 13:33:11 - [TEST_STEP][PASSED] - println("Exit Button is present on the Receipt page"): null

2020-07-14 13:33:11 - [TEST_STEP][PASSED] - closeBrowser(): Browser is closed

2020-07-14 13:33:12 - [MESSAGE][PASSED] - Browser is closed

2020-07-14 13:33:12 - [TEST_STEP][PASSED] - try: null

2020-07-14 13:33:12 - [TEST_STEP][PASSED] - MV = findTestData("IWP30PayNowCC").getValue("MV", row): null

2020-07-14 13:33:12 - [TEST_STEP][PASSED] - println(MV): null

2020-07-14 13:33:12 - [TEST_STEP][PASSED] - Amount = findTestData("IWP30PayNowCC").getValue("Amount", row): null

2020-07-14 13:33:12 - [TEST_STEP][PASSED] - println(Amount): null

2020-07-14 13:33:12 - [TEST_STEP][PASSED] - CAN = findTestData("IWP30PayNowCC").getValue("CAN", row): null

2020-07-14 13:33:12 - [TEST_STEP][PASSED] - println(CAN): null

2020-07-14 13:33:12 - [TEST_STEP][PASSED] - Action = findTestData("IWP30PayNowCC").getValue("Action", row): null

2020-07-14 13:33:12 - [TEST_STEP][PASSED] - println(Action): null

2020-07-14 13:33:12 - [TEST_STEP][PASSED] - Lang = findTestData("IWP30PayNowCC").getValue("Lang", row): null

2020-07-14 13:33:12 - [TEST_STEP][PASSED] - println(Lang): null

2020-07-14 13:33:12 - [TEST_STEP][PASSED] - Fname = findTestData("IWP30PayNowCC").getValue("Fname", row): null

2020-07-14 13:33:12 - [TEST_STEP][PASSED] - println(Fname): null

2020-07-14 13:33:12 - [TEST_STEP][PASSED] - Lname = findTestData("IWP30PayNowCC").getValue("Lname", row): null

2020-07-14 13:33:12 - [TEST_STEP][PASSED] - println(Lname): null

2020-07-14 13:33:12 - [TEST_STEP][PASSED] - AL1 = findTestData("IWP30PayNowCC").getValue("AL1", row): null

2020-07-14 13:33:12 - [TEST_STEP][PASSED] - println(AL1): null

2020-07-14 13:33:12 - [TEST_STEP][PASSED] - AL2 = findTestData("IWP30PayNowCC").getValue("AL2", row): null

2020-07-14 13:33:12 - [TEST_STEP][PASSED] - println(AL2): null

2020-07-14 13:33:12 - [TEST_STEP][PASSED] - Country = findTestData("IWP30PayNowCC").getValue("Country", row): null

2020-07-14 13:33:12 - [TEST_STEP][PASSED] - println(Country): null

2020-07-14 13:33:12 - [TEST_STEP][PASSED] - City = findTestData("IWP30PayNowCC").getValue("City", row): null

2020-07-14 13:33:12 - [TEST_STEP][PASSED] - println(City): null

2020-07-14 13:33:12 - [TEST_STEP][PASSED] - State = findTestData("IWP30PayNowCC").getValue("State", row): null

2020-07-14 13:33:12 - [TEST_STEP][PASSED] - println(State): null

2020-07-14 13:33:12 - [TEST_STEP][PASSED] - ZIP = findTestData("IWP30PayNowCC").getValue("ZIP", row): null

2020-07-14 13:33:12 - [TEST_STEP][PASSED] - println(ZIP): null

2020-07-14 13:33:12 - [TEST_STEP][PASSED] - Order = findTestData("IWP30PayNowCC").getValue("Order", row): null

2020-07-14 13:33:12 - [TEST_STEP][PASSED] - println(Order): null

2020-07-14 13:33:12 - [TEST_STEP][PASSED] - CompanyName = findTestData("IWP30PayNowCC").getValue("CompanyName", row): null

2020-07-14 13:33:12 - [TEST_STEP][PASSED] - println(CompanyName): null

2020-07-14 13:33:12 - [TEST_STEP][PASSED] - Email = findTestData("IWP30PayNowCC").getValue("Email", row): null

2020-07-14 13:33:12 - [TEST_STEP][PASSED] - println(Email): null

2020-07-14 13:33:12 - [TEST_STEP][PASSED] - UDF1 = findTestData("IWP30PayNowCC").getValue("UDF1", row): null

2020-07-14 13:33:12 - [TEST_STEP][PASSED] - println(UDF1): null

2020-07-14 13:33:12 - [TEST_STEP][PASSED] - UDF2 = findTestData("IWP30PayNowCC").getValue("UDF2", row): null

2020-07-14 13:33:12 - [TEST_STEP][PASSED] - println(UDF2): null

2020-07-14 13:33:12 - [TEST_STEP][PASSED] - UDF3 = findTestData("IWP30PayNowCC").getValue("UDF3", row): null

2020-07-14 13:33:12 - [TEST_STEP][PASSED] - println(UDF3): null

2020-07-14 13:33:12 - [TEST_STEP][PASSED] - UDF4 = findTestData("IWP30PayNowCC").getValue("UDF4", row): null

2020-07-14 13:33:12 - [TEST_STEP][PASSED] - println(UDF4): null

2020-07-14 13:33:12 - [TEST_STEP][PASSED] - UDF5 = findTestData("IWP30PayNowCC").getValue("UDF5", row): null

2020-07-14 13:33:12 - [TEST_STEP][PASSED] - println(UDF5): null

2020-07-14 13:33:12 - [TEST_STEP][PASSED] - UDF6 = findTestData("IWP30PayNowCC").getValue("UDF6", row): null

2020-07-14 13:33:12 - [TEST_STEP][PASSED] - println(UDF6): null

2020-07-14 13:33:12 - [TEST_STEP][PASSED] - UDF7 = findTestData("IWP30PayNowCC").getValue("UDF7", row): null

2020-07-14 13:33:12 - [TEST_STEP][PASSED] - println(UDF7): null

2020-07-14 13:33:12 - [TEST_STEP][PASSED] - UDF8 = findTestData("IWP30PayNowCC").getValue("UDF8", row): null

2020-07-14 13:33:12 - [TEST_STEP][PASSED] - println(UDF8): null

2020-07-14 13:33:12 - [TEST_STEP][PASSED] - UDF9 = findTestData("IWP30PayNowCC").getValue("UDF9", row): null

2020-07-14 13:33:12 - [TEST_STEP][PASSED] - println(UDF9): null

2020-07-14 13:33:12 - [TEST_STEP][PASSED] - UDF10 = findTestData("IWP30PayNowCC").getValue("UDF10", row): null

2020-07-14 13:33:12 - [TEST_STEP][PASSED] - println(UDF10): null

2020-07-14 13:33:12 - [TEST_STEP][PASSED] - AppID = findTestData("IWP30PayNowCC").getValue("AppID", row): null

2020-07-14 13:33:12 - [TEST_STEP][PASSED] - println(AppID): null

2020-07-14 13:33:12 - [TEST_STEP][PASSED] - MessageVersion = findTestData("IWP30PayNowCC").getValue("MessageVersion", row): null

2020-07-14 13:33:12 - [TEST_STEP][PASSED] - println(MessageVersion): null

2020-07-14 13:33:12 - [TEST_STEP][PASSED] - CCAmount = findTestData("IWP30PayNowCC").getValue("CCAmount", row): null

2020-07-14 13:33:12 - [TEST_STEP][PASSED] - println(CCAmount): null

2020-07-14 13:33:12 - [TEST_STEP][PASSED] - CCUDF1 = findTestData("IWP30PayNowCC").getValue("CCUDF1", row): null

2020-07-14 13:33:12 - [TEST_STEP][PASSED] - println(CCUDF1): null

2020-07-14 13:33:12 - [TEST_STEP][PASSED] - CCUDF2 = findTestData("IWP30PayNowCC").getValue("CCUDF2", row): null

2020-07-14 13:33:12 - [TEST_STEP][PASSED] - println(CCUDF2): null

2020-07-14 13:33:12 - [TEST_STEP][PASSED] - CCUDF3 = findTestData("IWP30PayNowCC").getValue("CCUDF3", row): null

2020-07-14 13:33:13 - [TEST_STEP][PASSED] - println(CCUDF3): null

2020-07-14 13:33:13 - [TEST_STEP][PASSED] - CCUDF4 = findTestData("IWP30PayNowCC").getValue("CCUDF4", row): null

2020-07-14 13:33:13 - [TEST_STEP][PASSED] - println(CCUDF4): null

2020-07-14 13:33:13 - [TEST_STEP][PASSED] - CCUDF5 = findTestData("IWP30PayNowCC").getValue("CCUDF5", row): null

2020-07-14 13:33:13 - [TEST_STEP][PASSED] - println(CCUDF5): null

2020-07-14 13:33:13 - [TEST_STEP][PASSED] - CCUDF6 = findTestData("IWP30PayNowCC").getValue("CCUDF6", row): null

2020-07-14 13:33:13 - [TEST_STEP][PASSED] - println(CCUDF6): null

2020-07-14 13:33:13 - [TEST_STEP][PASSED] - CCUDF7 = findTestData("IWP30PayNowCC").getValue("CCUDF7", row): null

2020-07-14 13:33:13 - [TEST_STEP][PASSED] - println(CCUDF7): null

2020-07-14 13:33:13 - [TEST_STEP][PASSED] - CCUDF8 = findTestData("IWP30PayNowCC").getValue("CCUDF8", row): null

2020-07-14 13:33:13 - [TEST_STEP][PASSED] - println(CCUDF8): null

2020-07-14 13:33:13 - [TEST_STEP][PASSED] - CCUDF9 = findTestData("IWP30PayNowCC").getValue("CCUDF9", row): null

2020-07-14 13:33:13 - [TEST_STEP][PASSED] - println(CCUDF9): null

2020-07-14 13:33:13 - [TEST_STEP][PASSED] - CCUDF10 = findTestData("IWP30PayNowCC").getValue("CCUDF10", row): null

2020-07-14 13:33:13 - [TEST_STEP][PASSED] - println(CCUDF10): null

2020-07-14 13:33:13 - [TEST_STEP][PASSED] - CCName = findTestData("IWP30PayNowCC").getValue("CCName", row): null

2020-07-14 13:33:13 - [TEST_STEP][PASSED] - println(CCName): null

2020-07-14 13:33:13 - [TEST_STEP][PASSED] - CCCardNum = findTestData("IWP30PayNowCC").getValue("CCCardNum", row): null

2020-07-14 13:33:13 - [TEST_STEP][PASSED] - println(CCCardNum): null

2020-07-14 13:33:13 - [TEST_STEP][PASSED] - CCSPC = findTestData("IWP30PayNowCC").getValue("CCSPC", row): null

2020-07-14 13:33:13 - [TEST_STEP][PASSED] - println(CCSPC): null

2020-07-14 13:33:13 - [TEST_STEP][PASSED] - CCExpM = findTestData("IWP30PayNowCC").getValue("CCExpM", row): null

2020-07-14 13:33:13 - [TEST_STEP][PASSED] - println(CCExpM): null

2020-07-14 13:33:13 - [TEST_STEP][PASSED] - CCExpY = findTestData("IWP30PayNowCC").getValue("CCExpY", row): null

2020-07-14 13:33:13 - [TEST_STEP][PASSED] - println(CCExpY): null

2020-07-14 13:33:13 - [TEST_STEP][PASSED] - CCDate = findTestData("IWP30PayNowCC").getValue("CCDate", row): null

2020-07-14 13:33:13 - [TEST_STEP][PASSED] - println(CCDate): null

2020-07-14 13:33:13 - [TEST_STEP][PASSED] - CCAL1 = findTestData("IWP30PayNowCC").getValue("CCAL1", row): null

2020-07-14 13:33:13 - [TEST_STEP][PASSED] - println(CCAL1): null

2020-07-14 13:33:13 - [TEST_STEP][PASSED] - CCAL2 = findTestData("IWP30PayNowCC").getValue("CCAL2", row): null

2020-07-14 13:33:13 - [TEST_STEP][PASSED] - println(CCAL2): null

2020-07-14 13:33:13 - [TEST_STEP][PASSED] - CCZIP = findTestData("IWP30PayNowCC").getValue("CCZIP", row): null

2020-07-14 13:33:13 - [TEST_STEP][PASSED] - println(CCZIP): null

2020-07-14 13:33:13 - [TEST_STEP][PASSED] - CCEmail = findTestData("IWP30PayNowCC").getValue("CCEmail", row): null

2020-07-14 13:33:13 - [TEST_STEP][PASSED] - println(CCEmail): null

2020-07-14 13:33:13 - [TEST_STEP][PASSED] - openBrowser(urlEmulator): Browser is opened with url: 'https://qa.velocitypayment.com/agency/config.do?action=editor'

2020-07-14 13:33:13 - [MESSAGE][INFO] - Starting 'Chrome' driver

2020-07-14 13:33:13 - [MESSAGE][INFO] - User set preference: ['acceptInsecureCerts', 'true']

2020-07-14 13:33:13 - [MESSAGE][INFO] - Action delay is set to 0 milliseconds

2020-07-14 13:33:17 - [MESSAGE][PASSED] - Browser is opened with url: 'https://qa.velocitypayment.com/agency/config.do?action=editor'

2020-07-14 13:33:17 - [TEST_STEP][PASSED] - maximizeWindow(): Current window maximized

2020-07-14 13:33:17 - [MESSAGE][PASSED] - Current window maximized

2020-07-14 13:33:17 - [TEST_STEP][PASSED] - selectOptionByValue(findTestObject("IWP30/Page_VRelay30Emulator/MV"), MV, true): All options with value '3.0' are selected in object 'Object Repository/IWP30/Page_VRelay30Emulator/MV'  using regular expression

2020-07-14 13:33:19 - [MESSAGE][PASSED] - All options with value '3.0' are selected in object 'Object Repository/IWP30/Page_VRelay30Emulator/MV'  using regular expression

2020-07-14 13:33:19 - [TEST_STEP][PASSED] - setText(findTestObject("IWP30/Page_VRelay30Emulator/Amount"), Amount): Text '10.50' is set on object 'Object Repository/IWP30/Page_VRelay30Emulator/Amount'

2020-07-14 13:33:19 - [MESSAGE][PASSED] - Text '10.50' is set on object 'Object Repository/IWP30/Page_VRelay30Emulator/Amount'

2020-07-14 13:33:19 - [TEST_STEP][PASSED] - setText(findTestObject("IWP30/Page_VRelay30Emulator/CAN"), CAN): Text '26411005' is set on object 'Object Repository/IWP30/Page_VRelay30Emulator/CAN'

2020-07-14 13:33:20 - [MESSAGE][PASSED] - Text '26411005' is set on object 'Object Repository/IWP30/Page_VRelay30Emulator/CAN'

2020-07-14 13:33:20 - [TEST_STEP][PASSED] - setText(findTestObject("IWP30/Page_VRelay30Emulator/Action"), Action): Text 'PayNow' is set on object 'Object Repository/IWP30/Page_VRelay30Emulator/Action'

2020-07-14 13:33:21 - [MESSAGE][PASSED] - Text 'PayNow' is set on object 'Object Repository/IWP30/Page_VRelay30Emulator/Action'

2020-07-14 13:33:21 - [TEST_STEP][PASSED] - setText(findTestObject("IWP30/Page_VRelay30Emulator/Lang"), Lang): Text 'en_US' is set on object 'Object Repository/IWP30/Page_VRelay30Emulator/Lang'

2020-07-14 13:33:21 - [MESSAGE][PASSED] - Text 'en_US' is set on object 'Object Repository/IWP30/Page_VRelay30Emulator/Lang'

2020-07-14 13:33:21 - [TEST_STEP][PASSED] - setText(findTestObject("IWP30/Page_VRelay30Emulator/Fname"), Fname): Text '' is set on object 'Object Repository/IWP30/Page_VRelay30Emulator/Fname'

2020-07-14 13:33:22 - [MESSAGE][PASSED] - Text '' is set on object 'Object Repository/IWP30/Page_VRelay30Emulator/Fname'

2020-07-14 13:33:22 - [TEST_STEP][PASSED] - setText(findTestObject("IWP30/Page_VRelay30Emulator/Lname"), Lname): Text '' is set on object 'Object Repository/IWP30/Page_VRelay30Emulator/Lname'

2020-07-14 13:33:22 - [MESSAGE][PASSED] - Text '' is set on object 'Object Repository/IWP30/Page_VRelay30Emulator/Lname'

2020-07-14 13:33:22 - [TEST_STEP][PASSED] - setText(findTestObject("IWP30/Page_VRelay30Emulator/AL1"), AL1): Text '' is set on object 'Object Repository/IWP30/Page_VRelay30Emulator/AL1'

2020-07-14 13:33:23 - [MESSAGE][PASSED] - Text '' is set on object 'Object Repository/IWP30/Page_VRelay30Emulator/AL1'

2020-07-14 13:33:23 - [TEST_STEP][PASSED] - setText(findTestObject("IWP30/Page_VRelay30Emulator/AL2"), AL2): Text '' is set on object 'Object Repository/IWP30/Page_VRelay30Emulator/AL2'

2020-07-14 13:33:24 - [MESSAGE][PASSED] - Text '' is set on object 'Object Repository/IWP30/Page_VRelay30Emulator/AL2'

2020-07-14 13:33:24 - [TEST_STEP][PASSED] - setText(findTestObject("IWP30/Page_VRelay30Emulator/Country"), Country): Text '840' is set on object 'Object Repository/IWP30/Page_VRelay30Emulator/Country'

2020-07-14 13:33:24 - [MESSAGE][PASSED] - Text '840' is set on object 'Object Repository/IWP30/Page_VRelay30Emulator/Country'

2020-07-14 13:33:24 - [TEST_STEP][PASSED] - setText(findTestObject("IWP30/Page_VRelay30Emulator/City"), City): Text '' is set on object 'Object Repository/IWP30/Page_VRelay30Emulator/City'

2020-07-14 13:33:25 - [MESSAGE][PASSED] - Text '' is set on object 'Object Repository/IWP30/Page_VRelay30Emulator/City'

2020-07-14 13:33:25 - [TEST_STEP][PASSED] - setText(findTestObject("IWP30/Page_VRelay30Emulator/State"), State): Text '' is set on object 'Object Repository/IWP30/Page_VRelay30Emulator/State'

2020-07-14 13:33:25 - [MESSAGE][PASSED] - Text '' is set on object 'Object Repository/IWP30/Page_VRelay30Emulator/State'

2020-07-14 13:33:25 - [TEST_STEP][PASSED] - setText(findTestObject("IWP30/Page_VRelay30Emulator/ZIP"), ZIP): Text '' is set on object 'Object Repository/IWP30/Page_VRelay30Emulator/ZIP'

2020-07-14 13:33:26 - [MESSAGE][PASSED] - Text '' is set on object 'Object Repository/IWP30/Page_VRelay30Emulator/ZIP'

2020-07-14 13:33:26 - [TEST_STEP][PASSED] - setText(findTestObject("IWP30/Page_VRelay30Emulator/Order"), Order): Text '' is set on object 'Object Repository/IWP30/Page_VRelay30Emulator/Order'

2020-07-14 13:33:27 - [MESSAGE][PASSED] - Text '' is set on object 'Object Repository/IWP30/Page_VRelay30Emulator/Order'

2020-07-14 13:33:27 - [TEST_STEP][PASSED] - setText(findTestObject("IWP30/Page_VRelay30Emulator/Company"), CompanyName): Text '' is set on object 'Object Repository/IWP30/Page_VRelay30Emulator/Company'

2020-07-14 13:33:27 - [MESSAGE][PASSED] - Text '' is set on object 'Object Repository/IWP30/Page_VRelay30Emulator/Company'

2020-07-14 13:33:27 - [TEST_STEP][PASSED] - setText(findTestObject("IWP30/Page_VRelay30Emulator/Email"), Email): Text '' is set on object 'Object Repository/IWP30/Page_VRelay30Emulator/Email'

2020-07-14 13:33:28 - [MESSAGE][PASSED] - Text '' is set on object 'Object Repository/IWP30/Page_VRelay30Emulator/Email'

2020-07-14 13:33:28 - [TEST_STEP][PASSED] - setText(findTestObject("IWP30/Page_VRelay30Emulator/UDF1"), UDF1): Text '' is set on object 'Object Repository/IWP30/Page_VRelay30Emulator/UDF1'

2020-07-14 13:33:29 - [MESSAGE][PASSED] - Text '' is set on object 'Object Repository/IWP30/Page_VRelay30Emulator/UDF1'

2020-07-14 13:33:29 - [TEST_STEP][PASSED] - setText(findTestObject("IWP30/Page_VRelay30Emulator/UDF2"), UDF2): Text '' is set on object 'Object Repository/IWP30/Page_VRelay30Emulator/UDF2'

2020-07-14 13:33:29 - [MESSAGE][PASSED] - Text '' is set on object 'Object Repository/IWP30/Page_VRelay30Emulator/UDF2'

2020-07-14 13:33:29 - [TEST_STEP][PASSED] - setText(findTestObject("IWP30/Page_VRelay30Emulator/UDF3"), UDF3): Text '' is set on object 'Object Repository/IWP30/Page_VRelay30Emulator/UDF3'

2020-07-14 13:33:30 - [MESSAGE][PASSED] - Text '' is set on object 'Object Repository/IWP30/Page_VRelay30Emulator/UDF3'

2020-07-14 13:33:30 - [TEST_STEP][PASSED] - setText(findTestObject("IWP30/Page_VRelay30Emulator/UDF4"), UDF4): Text 'udf data 4' is set on object 'Object Repository/IWP30/Page_VRelay30Emulator/UDF4'

2020-07-14 13:33:31 - [MESSAGE][PASSED] - Text 'udf data 4' is set on object 'Object Repository/IWP30/Page_VRelay30Emulator/UDF4'

2020-07-14 13:33:31 - [TEST_STEP][PASSED] - setText(findTestObject("IWP30/Page_VRelay30Emulator/UDF5"), UDF5): Text 'udf data 5' is set on object 'Object Repository/IWP30/Page_VRelay30Emulator/UDF5'

2020-07-14 13:33:31 - [MESSAGE][PASSED] - Text 'udf data 5' is set on object 'Object Repository/IWP30/Page_VRelay30Emulator/UDF5'

2020-07-14 13:33:31 - [TEST_STEP][PASSED] - setText(findTestObject("IWP30/Page_VRelay30Emulator/UDF6"), UDF6): Text '' is set on object 'Object Repository/IWP30/Page_VRelay30Emulator/UDF6'

2020-07-14 13:33:32 - [MESSAGE][PASSED] - Text '' is set on object 'Object Repository/IWP30/Page_VRelay30Emulator/UDF6'

2020-07-14 13:33:32 - [TEST_STEP][PASSED] - setText(findTestObject("IWP30/Page_VRelay30Emulator/UDF7"), UDF7): Text '' is set on object 'Object Repository/IWP30/Page_VRelay30Emulator/UDF7'

2020-07-14 13:33:33 - [MESSAGE][PASSED] - Text '' is set on object 'Object Repository/IWP30/Page_VRelay30Emulator/UDF7'

2020-07-14 13:33:33 - [TEST_STEP][PASSED] - setText(findTestObject("IWP30/Page_VRelay30Emulator/UDF8"), UDF8): Text '' is set on object 'Object Repository/IWP30/Page_VRelay30Emulator/UDF8'

2020-07-14 13:33:34 - [MESSAGE][PASSED] - Text '' is set on object 'Object Repository/IWP30/Page_VRelay30Emulator/UDF8'

2020-07-14 13:33:34 - [TEST_STEP][PASSED] - setText(findTestObject("IWP30/Page_VRelay30Emulator/UDF9"), UDF9): Text 'udf data 9' is set on object 'Object Repository/IWP30/Page_VRelay30Emulator/UDF9'

2020-07-14 13:33:34 - [MESSAGE][PASSED] - Text 'udf data 9' is set on object 'Object Repository/IWP30/Page_VRelay30Emulator/UDF9'

2020-07-14 13:33:34 - [TEST_STEP][PASSED] - setText(findTestObject("IWP30/Page_VRelay30Emulator/UDF10"), UDF10): Text 'udf data 10' is set on object 'Object Repository/IWP30/Page_VRelay30Emulator/UDF10'

2020-07-14 13:33:35 - [MESSAGE][PASSED] - Text 'udf data 10' is set on object 'Object Repository/IWP30/Page_VRelay30Emulator/UDF10'

2020-07-14 13:33:35 - [TEST_STEP][PASSED] - Thread.sleep(5000): null

2020-07-14 13:33:40 - [TEST_STEP][PASSED] - click(findTestObject("IWP30/Page_VRelay30Emulator/Submit")): Object: 'Object Repository/IWP30/Page_VRelay30Emulator/Submit' is clicked on

2020-07-14 13:33:41 - [MESSAGE][PASSED] - Object: 'Object Repository/IWP30/Page_VRelay30Emulator/Submit' is clicked on

2020-07-14 13:33:41 - [TEST_STEP][PASSED] - closeBrowser(): Browser is closed

2020-07-14 13:33:41 - [MESSAGE][PASSED] - Browser is closed

2020-07-14 13:33:41 - [TEST_STEP][PASSED] - openBrowser(urlTestHarness): Browser is opened with url: 'https://dev-algorithm.govolution.com/vrelaytest/QA/version_2_2/vrelaytest.html'

2020-07-14 13:33:41 - [MESSAGE][INFO] - Starting 'Chrome' driver

2020-07-14 13:33:41 - [MESSAGE][INFO] - User set preference: ['acceptInsecureCerts', 'true']

2020-07-14 13:33:41 - [MESSAGE][INFO] - Action delay is set to 0 milliseconds

2020-07-14 13:33:45 - [MESSAGE][PASSED] - Browser is opened with url: 'https://dev-algorithm.govolution.com/vrelaytest/QA/version_2_2/vrelaytest.html'

2020-07-14 13:33:45 - [TEST_STEP][PASSED] - maximizeWindow(): Current window maximized

2020-07-14 13:33:45 - [MESSAGE][PASSED] - Current window maximized

2020-07-14 13:33:45 - [TEST_STEP][PASSED] - genRemIDVoid = RandomStringUtils.random(12, true, true): null

2020-07-14 13:33:45 - [TEST_STEP][PASSED] - if (verifyElementPresent(findTestObject("Object Repository/IWP30/Page_QATestHarness/RemittanceID"), 30)): null

2020-07-14 13:33:45 - [MESSAGE][PASSED] - Object 'Object Repository/IWP30/Page_QATestHarness/RemittanceID' is present

2020-07-14 13:33:45 - [TEST_STEP][PASSED] - println("We are on Test Harness page, start populating"): null

2020-07-14 13:33:45 - [TEST_STEP][PASSED] - setText(findTestObject("Object Repository/IWP30/Page_QATestHarness/ApplicationID"), AppID): Text '649' is set on object 'Object Repository/IWP30/Page_QATestHarness/ApplicationID'

2020-07-14 13:33:46 - [MESSAGE][PASSED] - Text '649' is set on object 'Object Repository/IWP30/Page_QATestHarness/ApplicationID'

2020-07-14 13:33:46 - [TEST_STEP][PASSED] - setText(findTestObject("Object Repository/IWP30/Page_QATestHarness/MessageVersion"), MessageVersion): Text '3.0' is set on object 'Object Repository/IWP30/Page_QATestHarness/MessageVersion'

2020-07-14 13:33:47 - [MESSAGE][PASSED] - Text '3.0' is set on object 'Object Repository/IWP30/Page_QATestHarness/MessageVersion'

2020-07-14 13:33:47 - [TEST_STEP][PASSED] - setText(findTestObject("Object Repository/IWP30/Page_QATestHarness/RemittanceID"), genRemIDVoid): Text 'IjdfjwPvgXd1' is set on object 'Object Repository/IWP30/Page_QATestHarness/RemittanceID'

2020-07-14 13:33:47 - [MESSAGE][PASSED] - Text 'IjdfjwPvgXd1' is set on object 'Object Repository/IWP30/Page_QATestHarness/RemittanceID'

2020-07-14 13:33:47 - [TEST_STEP][PASSED] - click(findTestObject("Object Repository/IWP30/Page_QATestHarness/SubmitButton")): Object: 'Object Repository/IWP30/Page_QATestHarness/SubmitButton' is clicked on

2020-07-14 13:33:49 - [MESSAGE][PASSED] - Object: 'Object Repository/IWP30/Page_QATestHarness/SubmitButton' is clicked on

2020-07-14 13:33:49 - [TEST_STEP][PASSED] - if (verifyElementPresent(findTestObject("Object Repository/IWP30/Page_SelectPaymentMethod/PayByCreditCard"), 30)): null

2020-07-14 13:33:49 - [MESSAGE][PASSED] - Object 'Object Repository/IWP30/Page_SelectPaymentMethod/PayByCreditCard' is present

2020-07-14 13:33:49 - [TEST_STEP][PASSED] - println("We are on Select Payment Method page, start populating"): null

2020-07-14 13:33:49 - [TEST_STEP][PASSED] - check(findTestObject("Object Repository/IWP30/Page_SelectPaymentMethod/PayByCreditCard")): Object 'Object Repository/IWP30/Page_SelectPaymentMethod/PayByCreditCard' is checked

2020-07-14 13:33:49 - [MESSAGE][PASSED] - Object 'Object Repository/IWP30/Page_SelectPaymentMethod/PayByCreditCard' is checked

2020-07-14 13:33:49 - [TEST_STEP][PASSED] - Thread.sleep(1000): null

2020-07-14 13:33:50 - [TEST_STEP][PASSED] - click(findTestObject("Object Repository/IWP30/Page_SelectPaymentMethod/MakePaymentButton")): Object: 'Object Repository/IWP30/Page_SelectPaymentMethod/MakePaymentButton' is clicked on

2020-07-14 13:33:52 - [MESSAGE][PASSED] - Object: 'Object Repository/IWP30/Page_SelectPaymentMethod/MakePaymentButton' is clicked on

2020-07-14 13:33:52 - [TEST_STEP][PASSED] - if (verifyElementPresent(findTestObject("Object Repository/IWP30/Page_CCPaymentEntry/Name"), 30)): null

2020-07-14 13:33:52 - [MESSAGE][PASSED] - Object 'Object Repository/IWP30/Page_CCPaymentEntry/Name' is present

2020-07-14 13:33:52 - [TEST_STEP][PASSED] - println("We are on Credit Card Payment Entry page, start populating"): null

2020-07-14 13:33:52 - [TEST_STEP][PASSED] - if (verifyElementPresent(findTestObject("Object Repository/IWP30/Page_CCPaymentEntry/Amount"), 30)): null

2020-07-14 13:33:53 - [MESSAGE][PASSED] - Object 'Object Repository/IWP30/Page_CCPaymentEntry/Amount' is present

2020-07-14 13:33:53 - [TEST_STEP][PASSED] - if (!(CCAmount.isEmpty())): Text '20.50' is set on object 'Object Repository/IWP30/Page_CCPaymentEntry/Amount'

2020-07-14 13:33:53 - [TEST_STEP][PASSED] - setText(findTestObject("Object Repository/IWP30/Page_CCPaymentEntry/Amount"), CCAmount): Text '20.50' is set on object 'Object Repository/IWP30/Page_CCPaymentEntry/Amount'

2020-07-14 13:33:53 - [MESSAGE][PASSED] - Text '20.50' is set on object 'Object Repository/IWP30/Page_CCPaymentEntry/Amount'

2020-07-14 13:33:53 - [TEST_STEP][PASSED] - if (verifyElementPresent(findTestObject("Object Repository/IWP30/Page_CCPaymentEntry/UserDefined2"), 30)): null

2020-07-14 13:33:54 - [MESSAGE][PASSED] - Object 'Object Repository/IWP30/Page_CCPaymentEntry/UserDefined2' is present

2020-07-14 13:33:54 - [TEST_STEP][PASSED] - if (!(CCUDF2.isEmpty())): Text 'Number 2' is set on object 'Object Repository/IWP30/Page_CCPaymentEntry/UserDefined2'

2020-07-14 13:33:54 - [TEST_STEP][PASSED] - setText(findTestObject("Object Repository/IWP30/Page_CCPaymentEntry/UserDefined2"), CCUDF2): Text 'Number 2' is set on object 'Object Repository/IWP30/Page_CCPaymentEntry/UserDefined2'

2020-07-14 13:33:54 - [MESSAGE][PASSED] - Text 'Number 2' is set on object 'Object Repository/IWP30/Page_CCPaymentEntry/UserDefined2'

2020-07-14 13:33:54 - [TEST_STEP][PASSED] - if (verifyElementPresent(findTestObject("Object Repository/IWP30/Page_CCPaymentEntry/UserDefined3"), 30)): null

2020-07-14 13:33:55 - [MESSAGE][PASSED] - Object 'Object Repository/IWP30/Page_CCPaymentEntry/UserDefined3' is present

2020-07-14 13:33:55 - [TEST_STEP][PASSED] - if (!(CCUDF3.isEmpty())): Text 'Number 3' is set on object 'Object Repository/IWP30/Page_CCPaymentEntry/UserDefined3'

2020-07-14 13:33:55 - [TEST_STEP][PASSED] - setText(findTestObject("Object Repository/IWP30/Page_CCPaymentEntry/UserDefined3"), CCUDF3): Text 'Number 3' is set on object 'Object Repository/IWP30/Page_CCPaymentEntry/UserDefined3'

2020-07-14 13:33:55 - [MESSAGE][PASSED] - Text 'Number 3' is set on object 'Object Repository/IWP30/Page_CCPaymentEntry/UserDefined3'

2020-07-14 13:33:55 - [TEST_STEP][PASSED] - if (verifyElementPresent(findTestObject("Object Repository/IWP30/Page_CCPaymentEntry/UserDefined7"), 30)): null

2020-07-14 13:33:56 - [MESSAGE][PASSED] - Object 'Object Repository/IWP30/Page_CCPaymentEntry/UserDefined7' is present

2020-07-14 13:33:56 - [TEST_STEP][PASSED] - if (!(CCUDF7.isEmpty())): All options with label 'Orange' are selected in object 'Object Repository/IWP30/Page_CCPaymentEntry/UserDefined7' 

2020-07-14 13:33:56 - [TEST_STEP][PASSED] - selectOptionByLabel(findTestObject("Object Repository/IWP30/Page_CCPaymentEntry/UserDefined7"), CCUDF7, false): All options with label 'Orange' are selected in object 'Object Repository/IWP30/Page_CCPaymentEntry/UserDefined7' 

2020-07-14 13:33:56 - [MESSAGE][PASSED] - All options with label 'Orange' are selected in object 'Object Repository/IWP30/Page_CCPaymentEntry/UserDefined7' 

2020-07-14 13:33:56 - [TEST_STEP][PASSED] - if (verifyElementPresent(findTestObject("Object Repository/IWP30/Page_CCPaymentEntry/UserDefined8"), 30)): null

2020-07-14 13:33:57 - [MESSAGE][PASSED] - Object 'Object Repository/IWP30/Page_CCPaymentEntry/UserDefined8' is present

2020-07-14 13:33:57 - [TEST_STEP][PASSED] - if (!(CCUDF8.isEmpty())): All options with label 'Tennis' are selected in object 'Object Repository/IWP30/Page_CCPaymentEntry/UserDefined8' 

2020-07-14 13:33:57 - [TEST_STEP][PASSED] - selectOptionByLabel(findTestObject("Object Repository/IWP30/Page_CCPaymentEntry/UserDefined8"), CCUDF8, false): All options with label 'Tennis' are selected in object 'Object Repository/IWP30/Page_CCPaymentEntry/UserDefined8' 

2020-07-14 13:33:57 - [MESSAGE][PASSED] - All options with label 'Tennis' are selected in object 'Object Repository/IWP30/Page_CCPaymentEntry/UserDefined8' 

2020-07-14 13:33:57 - [TEST_STEP][PASSED] - if (verifyElementPresent(findTestObject("Object Repository/IWP30/Page_CCPaymentEntry/Name"), 30)): null

2020-07-14 13:33:57 - [MESSAGE][PASSED] - Object 'Object Repository/IWP30/Page_CCPaymentEntry/Name' is present

2020-07-14 13:33:57 - [TEST_STEP][PASSED] - if (!(CCName.isEmpty())): Text 'Mera Naam' is set on object 'Object Repository/IWP30/Page_CCPaymentEntry/Name'

2020-07-14 13:33:57 - [TEST_STEP][PASSED] - setText(findTestObject("Object Repository/IWP30/Page_CCPaymentEntry/Name"), CCName): Text 'Mera Naam' is set on object 'Object Repository/IWP30/Page_CCPaymentEntry/Name'

2020-07-14 13:33:58 - [MESSAGE][PASSED] - Text 'Mera Naam' is set on object 'Object Repository/IWP30/Page_CCPaymentEntry/Name'

2020-07-14 13:33:58 - [TEST_STEP][PASSED] - if (verifyElementPresent(findTestObject("Object Repository/IWP30/Page_CCPaymentEntry/CardNumber"), 30)): null

2020-07-14 13:33:58 - [MESSAGE][PASSED] - Object 'Object Repository/IWP30/Page_CCPaymentEntry/CardNumber' is present

2020-07-14 13:33:58 - [TEST_STEP][PASSED] - if (!(CCCardNum.isEmpty())): Text '6011000000000004' is set on object 'Object Repository/IWP30/Page_CCPaymentEntry/CardNumber'

2020-07-14 13:33:58 - [TEST_STEP][PASSED] - setText(findTestObject("Object Repository/IWP30/Page_CCPaymentEntry/CardNumber"), CCCardNum): Text '6011000000000004' is set on object 'Object Repository/IWP30/Page_CCPaymentEntry/CardNumber'

2020-07-14 13:33:59 - [MESSAGE][PASSED] - Text '6011000000000004' is set on object 'Object Repository/IWP30/Page_CCPaymentEntry/CardNumber'

2020-07-14 13:33:59 - [TEST_STEP][PASSED] - if (verifyElementPresent(findTestObject("Object Repository/IWP30/Page_CCPaymentEntry/SPC"), 30)): null

2020-07-14 13:34:00 - [MESSAGE][PASSED] - Object 'Object Repository/IWP30/Page_CCPaymentEntry/SPC' is present

2020-07-14 13:34:00 - [TEST_STEP][PASSED] - if (!(CCSPC.isEmpty())): Text '123' is set on object 'Object Repository/IWP30/Page_CCPaymentEntry/SPC'

2020-07-14 13:34:00 - [TEST_STEP][PASSED] - setText(findTestObject("Object Repository/IWP30/Page_CCPaymentEntry/SPC"), CCSPC): Text '123' is set on object 'Object Repository/IWP30/Page_CCPaymentEntry/SPC'

2020-07-14 13:34:00 - [MESSAGE][PASSED] - Text '123' is set on object 'Object Repository/IWP30/Page_CCPaymentEntry/SPC'

2020-07-14 13:34:00 - [TEST_STEP][PASSED] - if (verifyElementPresent(findTestObject("Object Repository/IWP30/Page_CCPaymentEntry/Month"), 30)): null

2020-07-14 13:34:01 - [MESSAGE][PASSED] - Object 'Object Repository/IWP30/Page_CCPaymentEntry/Month' is present

2020-07-14 13:34:01 - [TEST_STEP][PASSED] - if (!(CCExpM.isEmpty())): All options with label '09' are selected in object 'Object Repository/IWP30/Page_CCPaymentEntry/Month' 

2020-07-14 13:34:01 - [TEST_STEP][PASSED] - selectOptionByLabel(findTestObject("Object Repository/IWP30/Page_CCPaymentEntry/Month"), CCExpM, false): All options with label '09' are selected in object 'Object Repository/IWP30/Page_CCPaymentEntry/Month' 

2020-07-14 13:34:01 - [MESSAGE][PASSED] - All options with label '09' are selected in object 'Object Repository/IWP30/Page_CCPaymentEntry/Month' 

2020-07-14 13:34:01 - [TEST_STEP][PASSED] - if (verifyElementPresent(findTestObject("Object Repository/IWP30/Page_CCPaymentEntry/Year"), 30)): null

2020-07-14 13:34:02 - [MESSAGE][PASSED] - Object 'Object Repository/IWP30/Page_CCPaymentEntry/Year' is present

2020-07-14 13:34:02 - [TEST_STEP][PASSED] - if (!(CCExpY.isEmpty())): All options with label '2023' are selected in object 'Object Repository/IWP30/Page_CCPaymentEntry/Year' 

2020-07-14 13:34:02 - [TEST_STEP][PASSED] - selectOptionByLabel(findTestObject("Object Repository/IWP30/Page_CCPaymentEntry/Year"), CCExpY, false): All options with label '2023' are selected in object 'Object Repository/IWP30/Page_CCPaymentEntry/Year' 

2020-07-14 13:34:02 - [MESSAGE][PASSED] - All options with label '2023' are selected in object 'Object Repository/IWP30/Page_CCPaymentEntry/Year' 

2020-07-14 13:34:02 - [TEST_STEP][PASSED] - if (verifyElementPresent(findTestObject("Object Repository/IWP30/Page_CCPaymentEntry/ProcessDate"), 30)): null

2020-07-14 13:34:02 - [MESSAGE][PASSED] - Object 'Object Repository/IWP30/Page_CCPaymentEntry/ProcessDate' is present

2020-07-14 13:34:02 - [TEST_STEP][PASSED] - if (!(CCDate.isEmpty())): null

2020-07-14 13:34:02 - [TEST_STEP][PASSED] - else: null

2020-07-14 13:34:02 - [TEST_STEP][PASSED] - println("CCDate is not present in the Excel Spreadsheet"): null

2020-07-14 13:34:02 - [TEST_STEP][PASSED] - if (verifyElementPresent(findTestObject("Object Repository/IWP30/Page_CCPaymentEntry/AL1"), 30)): null

2020-07-14 13:34:03 - [MESSAGE][PASSED] - Object 'Object Repository/IWP30/Page_CCPaymentEntry/AL1' is present

2020-07-14 13:34:03 - [TEST_STEP][PASSED] - if (!(CCAL1.isEmpty())): Text 'Mera AL1' is set on object 'Object Repository/IWP30/Page_CCPaymentEntry/AL1'

2020-07-14 13:34:03 - [TEST_STEP][PASSED] - setText(findTestObject("Object Repository/IWP30/Page_CCPaymentEntry/AL1"), CCAL1): Text 'Mera AL1' is set on object 'Object Repository/IWP30/Page_CCPaymentEntry/AL1'

2020-07-14 13:34:04 - [MESSAGE][PASSED] - Text 'Mera AL1' is set on object 'Object Repository/IWP30/Page_CCPaymentEntry/AL1'

2020-07-14 13:34:04 - [TEST_STEP][PASSED] - if (verifyElementPresent(findTestObject("Object Repository/IWP30/Page_CCPaymentEntry/AL2"), 30)): null

2020-07-14 13:34:04 - [MESSAGE][PASSED] - Object 'Object Repository/IWP30/Page_CCPaymentEntry/AL2' is present

2020-07-14 13:34:04 - [TEST_STEP][PASSED] - if (!(CCAL2.isEmpty())): Text 'Mera AL2' is set on object 'Object Repository/IWP30/Page_CCPaymentEntry/AL2'

2020-07-14 13:34:04 - [TEST_STEP][PASSED] - setText(findTestObject("Object Repository/IWP30/Page_CCPaymentEntry/AL2"), CCAL2): Text 'Mera AL2' is set on object 'Object Repository/IWP30/Page_CCPaymentEntry/AL2'

2020-07-14 13:34:05 - [MESSAGE][PASSED] - Text 'Mera AL2' is set on object 'Object Repository/IWP30/Page_CCPaymentEntry/AL2'

2020-07-14 13:34:05 - [TEST_STEP][PASSED] - if (verifyElementPresent(findTestObject("Object Repository/IWP30/Page_CCPaymentEntry/ZIP"), 30)): null

2020-07-14 13:34:05 - [MESSAGE][PASSED] - Object 'Object Repository/IWP30/Page_CCPaymentEntry/ZIP' is present

2020-07-14 13:34:05 - [TEST_STEP][PASSED] - if (!(CCZIP.isEmpty())): Text '21054' is set on object 'Object Repository/IWP30/Page_CCPaymentEntry/ZIP'

2020-07-14 13:34:05 - [TEST_STEP][PASSED] - setText(findTestObject("Object Repository/IWP30/Page_CCPaymentEntry/ZIP"), CCZIP): Text '21054' is set on object 'Object Repository/IWP30/Page_CCPaymentEntry/ZIP'

2020-07-14 13:34:06 - [MESSAGE][PASSED] - Text '21054' is set on object 'Object Repository/IWP30/Page_CCPaymentEntry/ZIP'

2020-07-14 13:34:06 - [TEST_STEP][PASSED] - if (verifyElementPresent(findTestObject("Object Repository/IWP30/Page_CCPaymentEntry/EmailAddress"), 30)): null

2020-07-14 13:34:06 - [MESSAGE][PASSED] - Object 'Object Repository/IWP30/Page_CCPaymentEntry/EmailAddress' is present

2020-07-14 13:34:06 - [TEST_STEP][PASSED] - if (!(CCEmail.isEmpty())): Text 'merae@gmail.com' is set on object 'Object Repository/IWP30/Page_CCPaymentEntry/EmailAddress'

2020-07-14 13:34:06 - [TEST_STEP][PASSED] - setText(findTestObject("Object Repository/IWP30/Page_CCPaymentEntry/EmailAddress"), CCEmail): Text 'merae@gmail.com' is set on object 'Object Repository/IWP30/Page_CCPaymentEntry/EmailAddress'

2020-07-14 13:34:07 - [MESSAGE][PASSED] - Text 'merae@gmail.com' is set on object 'Object Repository/IWP30/Page_CCPaymentEntry/EmailAddress'

2020-07-14 13:34:07 - [TEST_STEP][PASSED] - if (verifyElementPresent(findTestObject("Object Repository/IWP30/Page_CCPaymentEntry/TermCondCheckBox"), 30)): null

2020-07-14 13:34:07 - [MESSAGE][PASSED] - Object 'Object Repository/IWP30/Page_CCPaymentEntry/TermCondCheckBox' is present

2020-07-14 13:34:07 - [TEST_STEP][PASSED] - check(findTestObject("Object Repository/IWP30/Page_CCPaymentEntry/TermCondCheckBox")): Object 'Object Repository/IWP30/Page_CCPaymentEntry/TermCondCheckBox' is checked

2020-07-14 13:34:08 - [MESSAGE][PASSED] - Object 'Object Repository/IWP30/Page_CCPaymentEntry/TermCondCheckBox' is checked

2020-07-14 13:34:08 - [TEST_STEP][PASSED] - if (verifyElementPresent(findTestObject("Object Repository/IWP30/Page_CCPaymentEntry/ContinueButton"), 30)): null

2020-07-14 13:34:08 - [MESSAGE][PASSED] - Object 'Object Repository/IWP30/Page_CCPaymentEntry/ContinueButton' is present

2020-07-14 13:34:08 - [TEST_STEP][PASSED] - click(findTestObject("Object Repository/IWP30/Page_CCPaymentEntry/ContinueButton")): Object: 'Object Repository/IWP30/Page_CCPaymentEntry/ContinueButton' is clicked on

2020-07-14 13:34:09 - [MESSAGE][PASSED] - Object: 'Object Repository/IWP30/Page_CCPaymentEntry/ContinueButton' is clicked on

2020-07-14 13:34:09 - [TEST_STEP][PASSED] - if (verifyTextPresent("Please verify the following information", false)): null

2020-07-14 13:34:10 - [MESSAGE][PASSED] - Text 'Please verify the following information' is present on page 

2020-07-14 13:34:10 - [TEST_STEP][PASSED] - println("Please verify the following information text is present on the Confirmation page"): null

2020-07-14 13:34:10 - [TEST_STEP][PASSED] - if (verifyTextPresent("Is this information correct?", false)): null

2020-07-14 13:34:10 - [MESSAGE][PASSED] - Text 'Is this information correct?' is present on page 

2020-07-14 13:34:10 - [TEST_STEP][PASSED] - println("Is this information correct text is present on the Confirmation page"): null

2020-07-14 13:34:10 - [TEST_STEP][PASSED] - if (verifyElementPresent(findTestObject("Object Repository/IWP30/Page_Confirmation/ConfirmButton"), 30)): null

2020-07-14 13:34:10 - [MESSAGE][PASSED] - Object 'Object Repository/IWP30/Page_Confirmation/ConfirmButton' is present

2020-07-14 13:34:10 - [TEST_STEP][PASSED] - click(findTestObject("Object Repository/IWP30/Page_Confirmation/ConfirmButton")): Object: 'Object Repository/IWP30/Page_Confirmation/ConfirmButton' is clicked on

2020-07-14 13:34:11 - [MESSAGE][PASSED] - Object: 'Object Repository/IWP30/Page_Confirmation/ConfirmButton' is clicked on

2020-07-14 13:34:11 - [TEST_STEP][PASSED] - Thread.sleep(10000): null

2020-07-14 13:34:21 - [TEST_STEP][PASSED] - if (verifyTextPresent("Successful Payment Receipt", false)): null

2020-07-14 13:34:22 - [MESSAGE][PASSED] - Text 'Successful Payment Receipt' is present on page 

2020-07-14 13:34:22 - [TEST_STEP][PASSED] - println("Successful Payment Receipt text is present on the Receipt page"): null

2020-07-14 13:34:22 - [TEST_STEP][PASSED] - if (verifyTextPresent("Please print this receipt for your records", false)): null

2020-07-14 13:34:22 - [MESSAGE][PASSED] - Text 'Please print this receipt for your records' is present on page 

2020-07-14 13:34:22 - [TEST_STEP][PASSED] - println("Please print this receipt for your records text is present on the Receipt page"): null

2020-07-14 13:34:22 - [TEST_STEP][PASSED] - if (verifyElementPresent(findTestObject("Object Repository/IWP30/Page_Receipt/ExitButton"), 30)): null

2020-07-14 13:34:22 - [MESSAGE][PASSED] - Object 'Object Repository/IWP30/Page_Receipt/ExitButton' is present

2020-07-14 13:34:22 - [TEST_STEP][PASSED] - println("Exit Button is present on the Receipt page"): null

2020-07-14 13:34:22 - [TEST_STEP][PASSED] - closeBrowser(): Browser is closed

2020-07-14 13:34:23 - [MESSAGE][PASSED] - Browser is closed

2020-07-14 13:34:23 - [TEST_STEP][PASSED] - try: null

2020-07-14 13:34:23 - [TEST_STEP][PASSED] - MV = findTestData("IWP30PayNowCC").getValue("MV", row): null

2020-07-14 13:34:23 - [TEST_STEP][PASSED] - println(MV): null

2020-07-14 13:34:23 - [TEST_STEP][PASSED] - Amount = findTestData("IWP30PayNowCC").getValue("Amount", row): null

2020-07-14 13:34:23 - [TEST_STEP][PASSED] - println(Amount): null

2020-07-14 13:34:23 - [TEST_STEP][PASSED] - CAN = findTestData("IWP30PayNowCC").getValue("CAN", row): null

2020-07-14 13:34:23 - [TEST_STEP][PASSED] - println(CAN): null

2020-07-14 13:34:23 - [TEST_STEP][PASSED] - Action = findTestData("IWP30PayNowCC").getValue("Action", row): null

2020-07-14 13:34:23 - [TEST_STEP][PASSED] - println(Action): null

2020-07-14 13:34:23 - [TEST_STEP][PASSED] - Lang = findTestData("IWP30PayNowCC").getValue("Lang", row): null

2020-07-14 13:34:23 - [TEST_STEP][PASSED] - println(Lang): null

2020-07-14 13:34:23 - [TEST_STEP][PASSED] - Fname = findTestData("IWP30PayNowCC").getValue("Fname", row): null

2020-07-14 13:34:23 - [TEST_STEP][PASSED] - println(Fname): null

2020-07-14 13:34:23 - [TEST_STEP][PASSED] - Lname = findTestData("IWP30PayNowCC").getValue("Lname", row): null

2020-07-14 13:34:23 - [TEST_STEP][PASSED] - println(Lname): null

2020-07-14 13:34:23 - [TEST_STEP][PASSED] - AL1 = findTestData("IWP30PayNowCC").getValue("AL1", row): null

2020-07-14 13:34:23 - [TEST_STEP][PASSED] - println(AL1): null

2020-07-14 13:34:23 - [TEST_STEP][PASSED] - AL2 = findTestData("IWP30PayNowCC").getValue("AL2", row): null

2020-07-14 13:34:23 - [TEST_STEP][PASSED] - println(AL2): null

2020-07-14 13:34:23 - [TEST_STEP][PASSED] - Country = findTestData("IWP30PayNowCC").getValue("Country", row): null

2020-07-14 13:34:23 - [TEST_STEP][PASSED] - println(Country): null

2020-07-14 13:34:23 - [TEST_STEP][PASSED] - City = findTestData("IWP30PayNowCC").getValue("City", row): null

2020-07-14 13:34:23 - [TEST_STEP][PASSED] - println(City): null

2020-07-14 13:34:23 - [TEST_STEP][PASSED] - State = findTestData("IWP30PayNowCC").getValue("State", row): null

2020-07-14 13:34:23 - [TEST_STEP][PASSED] - println(State): null

2020-07-14 13:34:23 - [TEST_STEP][PASSED] - ZIP = findTestData("IWP30PayNowCC").getValue("ZIP", row): null

2020-07-14 13:34:23 - [TEST_STEP][PASSED] - println(ZIP): null

2020-07-14 13:34:23 - [TEST_STEP][PASSED] - Order = findTestData("IWP30PayNowCC").getValue("Order", row): null

2020-07-14 13:34:23 - [TEST_STEP][PASSED] - println(Order): null

2020-07-14 13:34:23 - [TEST_STEP][PASSED] - CompanyName = findTestData("IWP30PayNowCC").getValue("CompanyName", row): null

2020-07-14 13:34:23 - [TEST_STEP][PASSED] - println(CompanyName): null

2020-07-14 13:34:23 - [TEST_STEP][PASSED] - Email = findTestData("IWP30PayNowCC").getValue("Email", row): null

2020-07-14 13:34:23 - [TEST_STEP][PASSED] - println(Email): null

2020-07-14 13:34:23 - [TEST_STEP][PASSED] - UDF1 = findTestData("IWP30PayNowCC").getValue("UDF1", row): null

2020-07-14 13:34:23 - [TEST_STEP][PASSED] - println(UDF1): null

2020-07-14 13:34:23 - [TEST_STEP][PASSED] - UDF2 = findTestData("IWP30PayNowCC").getValue("UDF2", row): null

2020-07-14 13:34:23 - [TEST_STEP][PASSED] - println(UDF2): null

2020-07-14 13:34:23 - [TEST_STEP][PASSED] - UDF3 = findTestData("IWP30PayNowCC").getValue("UDF3", row): null

2020-07-14 13:34:24 - [TEST_STEP][PASSED] - println(UDF3): null

2020-07-14 13:34:24 - [TEST_STEP][PASSED] - UDF4 = findTestData("IWP30PayNowCC").getValue("UDF4", row): null

2020-07-14 13:34:24 - [TEST_STEP][PASSED] - println(UDF4): null

2020-07-14 13:34:24 - [TEST_STEP][PASSED] - UDF5 = findTestData("IWP30PayNowCC").getValue("UDF5", row): null

2020-07-14 13:34:24 - [TEST_STEP][PASSED] - println(UDF5): null

2020-07-14 13:34:24 - [TEST_STEP][PASSED] - UDF6 = findTestData("IWP30PayNowCC").getValue("UDF6", row): null

2020-07-14 13:34:24 - [TEST_STEP][PASSED] - println(UDF6): null

2020-07-14 13:34:24 - [TEST_STEP][PASSED] - UDF7 = findTestData("IWP30PayNowCC").getValue("UDF7", row): null

2020-07-14 13:34:24 - [TEST_STEP][PASSED] - println(UDF7): null

2020-07-14 13:34:24 - [TEST_STEP][PASSED] - UDF8 = findTestData("IWP30PayNowCC").getValue("UDF8", row): null

2020-07-14 13:34:24 - [TEST_STEP][PASSED] - println(UDF8): null

2020-07-14 13:34:24 - [TEST_STEP][PASSED] - UDF9 = findTestData("IWP30PayNowCC").getValue("UDF9", row): null

2020-07-14 13:34:24 - [TEST_STEP][PASSED] - println(UDF9): null

2020-07-14 13:34:24 - [TEST_STEP][PASSED] - UDF10 = findTestData("IWP30PayNowCC").getValue("UDF10", row): null

2020-07-14 13:34:24 - [TEST_STEP][PASSED] - println(UDF10): null

2020-07-14 13:34:24 - [TEST_STEP][PASSED] - AppID = findTestData("IWP30PayNowCC").getValue("AppID", row): null

2020-07-14 13:34:24 - [TEST_STEP][PASSED] - println(AppID): null

2020-07-14 13:34:24 - [TEST_STEP][PASSED] - MessageVersion = findTestData("IWP30PayNowCC").getValue("MessageVersion", row): null

2020-07-14 13:34:24 - [TEST_STEP][PASSED] - println(MessageVersion): null

2020-07-14 13:34:24 - [TEST_STEP][PASSED] - CCAmount = findTestData("IWP30PayNowCC").getValue("CCAmount", row): null

2020-07-14 13:34:24 - [TEST_STEP][PASSED] - println(CCAmount): null

2020-07-14 13:34:24 - [TEST_STEP][PASSED] - CCUDF1 = findTestData("IWP30PayNowCC").getValue("CCUDF1", row): null

2020-07-14 13:34:24 - [TEST_STEP][PASSED] - println(CCUDF1): null

2020-07-14 13:34:24 - [TEST_STEP][PASSED] - CCUDF2 = findTestData("IWP30PayNowCC").getValue("CCUDF2", row): null

2020-07-14 13:34:24 - [TEST_STEP][PASSED] - println(CCUDF2): null

2020-07-14 13:34:24 - [TEST_STEP][PASSED] - CCUDF3 = findTestData("IWP30PayNowCC").getValue("CCUDF3", row): null

2020-07-14 13:34:24 - [TEST_STEP][PASSED] - println(CCUDF3): null

2020-07-14 13:34:24 - [TEST_STEP][PASSED] - CCUDF4 = findTestData("IWP30PayNowCC").getValue("CCUDF4", row): null

2020-07-14 13:34:24 - [TEST_STEP][PASSED] - println(CCUDF4): null

2020-07-14 13:34:24 - [TEST_STEP][PASSED] - CCUDF5 = findTestData("IWP30PayNowCC").getValue("CCUDF5", row): null

2020-07-14 13:34:24 - [TEST_STEP][PASSED] - println(CCUDF5): null

2020-07-14 13:34:24 - [TEST_STEP][PASSED] - CCUDF6 = findTestData("IWP30PayNowCC").getValue("CCUDF6", row): null

2020-07-14 13:34:24 - [TEST_STEP][PASSED] - println(CCUDF6): null

2020-07-14 13:34:24 - [TEST_STEP][PASSED] - CCUDF7 = findTestData("IWP30PayNowCC").getValue("CCUDF7", row): null

2020-07-14 13:34:24 - [TEST_STEP][PASSED] - println(CCUDF7): null

2020-07-14 13:34:24 - [TEST_STEP][PASSED] - CCUDF8 = findTestData("IWP30PayNowCC").getValue("CCUDF8", row): null

2020-07-14 13:34:24 - [TEST_STEP][PASSED] - println(CCUDF8): null

2020-07-14 13:34:24 - [TEST_STEP][PASSED] - CCUDF9 = findTestData("IWP30PayNowCC").getValue("CCUDF9", row): null

2020-07-14 13:34:24 - [TEST_STEP][PASSED] - println(CCUDF9): null

2020-07-14 13:34:24 - [TEST_STEP][PASSED] - CCUDF10 = findTestData("IWP30PayNowCC").getValue("CCUDF10", row): null

2020-07-14 13:34:24 - [TEST_STEP][PASSED] - println(CCUDF10): null

2020-07-14 13:34:24 - [TEST_STEP][PASSED] - CCName = findTestData("IWP30PayNowCC").getValue("CCName", row): null

2020-07-14 13:34:24 - [TEST_STEP][PASSED] - println(CCName): null

2020-07-14 13:34:24 - [TEST_STEP][PASSED] - CCCardNum = findTestData("IWP30PayNowCC").getValue("CCCardNum", row): null

2020-07-14 13:34:24 - [TEST_STEP][PASSED] - println(CCCardNum): null

2020-07-14 13:34:24 - [TEST_STEP][PASSED] - CCSPC = findTestData("IWP30PayNowCC").getValue("CCSPC", row): null

2020-07-14 13:34:24 - [TEST_STEP][PASSED] - println(CCSPC): null

2020-07-14 13:34:24 - [TEST_STEP][PASSED] - CCExpM = findTestData("IWP30PayNowCC").getValue("CCExpM", row): null

2020-07-14 13:34:24 - [TEST_STEP][PASSED] - println(CCExpM): null

2020-07-14 13:34:24 - [TEST_STEP][PASSED] - CCExpY = findTestData("IWP30PayNowCC").getValue("CCExpY", row): null

2020-07-14 13:34:24 - [TEST_STEP][PASSED] - println(CCExpY): null

2020-07-14 13:34:24 - [TEST_STEP][PASSED] - CCDate = findTestData("IWP30PayNowCC").getValue("CCDate", row): null

2020-07-14 13:34:24 - [TEST_STEP][PASSED] - println(CCDate): null

2020-07-14 13:34:24 - [TEST_STEP][PASSED] - CCAL1 = findTestData("IWP30PayNowCC").getValue("CCAL1", row): null

2020-07-14 13:34:24 - [TEST_STEP][PASSED] - println(CCAL1): null

2020-07-14 13:34:24 - [TEST_STEP][PASSED] - CCAL2 = findTestData("IWP30PayNowCC").getValue("CCAL2", row): null

2020-07-14 13:34:24 - [TEST_STEP][PASSED] - println(CCAL2): null

2020-07-14 13:34:24 - [TEST_STEP][PASSED] - CCZIP = findTestData("IWP30PayNowCC").getValue("CCZIP", row): null

2020-07-14 13:34:24 - [TEST_STEP][PASSED] - println(CCZIP): null

2020-07-14 13:34:24 - [TEST_STEP][PASSED] - CCEmail = findTestData("IWP30PayNowCC").getValue("CCEmail", row): null

2020-07-14 13:34:24 - [TEST_STEP][PASSED] - println(CCEmail): null

2020-07-14 13:34:24 - [TEST_STEP][PASSED] - openBrowser(urlEmulator): Browser is opened with url: 'https://qa.velocitypayment.com/agency/config.do?action=editor'

2020-07-14 13:34:24 - [MESSAGE][INFO] - Starting 'Chrome' driver

2020-07-14 13:34:24 - [MESSAGE][INFO] - User set preference: ['acceptInsecureCerts', 'true']

2020-07-14 13:34:24 - [MESSAGE][INFO] - Action delay is set to 0 milliseconds

2020-07-14 13:34:28 - [MESSAGE][PASSED] - Browser is opened with url: 'https://qa.velocitypayment.com/agency/config.do?action=editor'

2020-07-14 13:34:28 - [TEST_STEP][PASSED] - maximizeWindow(): Current window maximized

2020-07-14 13:34:28 - [MESSAGE][PASSED] - Current window maximized

2020-07-14 13:34:28 - [TEST_STEP][PASSED] - selectOptionByValue(findTestObject("IWP30/Page_VRelay30Emulator/MV"), MV, true): All options with value '3.0' are selected in object 'Object Repository/IWP30/Page_VRelay30Emulator/MV'  using regular expression

2020-07-14 13:34:29 - [MESSAGE][PASSED] - All options with value '3.0' are selected in object 'Object Repository/IWP30/Page_VRelay30Emulator/MV'  using regular expression

2020-07-14 13:34:29 - [TEST_STEP][PASSED] - setText(findTestObject("IWP30/Page_VRelay30Emulator/Amount"), Amount): Text '10.50' is set on object 'Object Repository/IWP30/Page_VRelay30Emulator/Amount'

2020-07-14 13:34:30 - [MESSAGE][PASSED] - Text '10.50' is set on object 'Object Repository/IWP30/Page_VRelay30Emulator/Amount'

2020-07-14 13:34:30 - [TEST_STEP][PASSED] - setText(findTestObject("IWP30/Page_VRelay30Emulator/CAN"), CAN): Text '26411005' is set on object 'Object Repository/IWP30/Page_VRelay30Emulator/CAN'

2020-07-14 13:34:31 - [MESSAGE][PASSED] - Text '26411005' is set on object 'Object Repository/IWP30/Page_VRelay30Emulator/CAN'

2020-07-14 13:34:31 - [TEST_STEP][PASSED] - setText(findTestObject("IWP30/Page_VRelay30Emulator/Action"), Action): Text 'PayNow' is set on object 'Object Repository/IWP30/Page_VRelay30Emulator/Action'

2020-07-14 13:34:31 - [MESSAGE][PASSED] - Text 'PayNow' is set on object 'Object Repository/IWP30/Page_VRelay30Emulator/Action'

2020-07-14 13:34:31 - [TEST_STEP][PASSED] - setText(findTestObject("IWP30/Page_VRelay30Emulator/Lang"), Lang): Text 'en_US' is set on object 'Object Repository/IWP30/Page_VRelay30Emulator/Lang'

2020-07-14 13:34:32 - [MESSAGE][PASSED] - Text 'en_US' is set on object 'Object Repository/IWP30/Page_VRelay30Emulator/Lang'

2020-07-14 13:34:32 - [TEST_STEP][PASSED] - setText(findTestObject("IWP30/Page_VRelay30Emulator/Fname"), Fname): Text '' is set on object 'Object Repository/IWP30/Page_VRelay30Emulator/Fname'

2020-07-14 13:34:33 - [MESSAGE][PASSED] - Text '' is set on object 'Object Repository/IWP30/Page_VRelay30Emulator/Fname'

2020-07-14 13:34:33 - [TEST_STEP][PASSED] - setText(findTestObject("IWP30/Page_VRelay30Emulator/Lname"), Lname): Text '' is set on object 'Object Repository/IWP30/Page_VRelay30Emulator/Lname'

2020-07-14 13:34:33 - [MESSAGE][PASSED] - Text '' is set on object 'Object Repository/IWP30/Page_VRelay30Emulator/Lname'

2020-07-14 13:34:33 - [TEST_STEP][PASSED] - setText(findTestObject("IWP30/Page_VRelay30Emulator/AL1"), AL1): Text '' is set on object 'Object Repository/IWP30/Page_VRelay30Emulator/AL1'

2020-07-14 13:34:34 - [MESSAGE][PASSED] - Text '' is set on object 'Object Repository/IWP30/Page_VRelay30Emulator/AL1'

2020-07-14 13:34:34 - [TEST_STEP][PASSED] - setText(findTestObject("IWP30/Page_VRelay30Emulator/AL2"), AL2): Text '' is set on object 'Object Repository/IWP30/Page_VRelay30Emulator/AL2'

2020-07-14 13:34:35 - [MESSAGE][PASSED] - Text '' is set on object 'Object Repository/IWP30/Page_VRelay30Emulator/AL2'

2020-07-14 13:34:35 - [TEST_STEP][PASSED] - setText(findTestObject("IWP30/Page_VRelay30Emulator/Country"), Country): Text '840' is set on object 'Object Repository/IWP30/Page_VRelay30Emulator/Country'

2020-07-14 13:34:35 - [MESSAGE][PASSED] - Text '840' is set on object 'Object Repository/IWP30/Page_VRelay30Emulator/Country'

2020-07-14 13:34:35 - [TEST_STEP][PASSED] - setText(findTestObject("IWP30/Page_VRelay30Emulator/City"), City): Text '' is set on object 'Object Repository/IWP30/Page_VRelay30Emulator/City'

2020-07-14 13:34:36 - [MESSAGE][PASSED] - Text '' is set on object 'Object Repository/IWP30/Page_VRelay30Emulator/City'

2020-07-14 13:34:36 - [TEST_STEP][PASSED] - setText(findTestObject("IWP30/Page_VRelay30Emulator/State"), State): Text '' is set on object 'Object Repository/IWP30/Page_VRelay30Emulator/State'

2020-07-14 13:34:37 - [MESSAGE][PASSED] - Text '' is set on object 'Object Repository/IWP30/Page_VRelay30Emulator/State'

2020-07-14 13:34:37 - [TEST_STEP][PASSED] - setText(findTestObject("IWP30/Page_VRelay30Emulator/ZIP"), ZIP): Text '' is set on object 'Object Repository/IWP30/Page_VRelay30Emulator/ZIP'

2020-07-14 13:34:37 - [MESSAGE][PASSED] - Text '' is set on object 'Object Repository/IWP30/Page_VRelay30Emulator/ZIP'

2020-07-14 13:34:37 - [TEST_STEP][PASSED] - setText(findTestObject("IWP30/Page_VRelay30Emulator/Order"), Order): Text '' is set on object 'Object Repository/IWP30/Page_VRelay30Emulator/Order'

2020-07-14 13:34:38 - [MESSAGE][PASSED] - Text '' is set on object 'Object Repository/IWP30/Page_VRelay30Emulator/Order'

2020-07-14 13:34:38 - [TEST_STEP][PASSED] - setText(findTestObject("IWP30/Page_VRelay30Emulator/Company"), CompanyName): Text '' is set on object 'Object Repository/IWP30/Page_VRelay30Emulator/Company'

2020-07-14 13:34:38 - [MESSAGE][PASSED] - Text '' is set on object 'Object Repository/IWP30/Page_VRelay30Emulator/Company'

2020-07-14 13:34:38 - [TEST_STEP][PASSED] - setText(findTestObject("IWP30/Page_VRelay30Emulator/Email"), Email): Text '' is set on object 'Object Repository/IWP30/Page_VRelay30Emulator/Email'

2020-07-14 13:34:39 - [MESSAGE][PASSED] - Text '' is set on object 'Object Repository/IWP30/Page_VRelay30Emulator/Email'

2020-07-14 13:34:39 - [TEST_STEP][PASSED] - setText(findTestObject("IWP30/Page_VRelay30Emulator/UDF1"), UDF1): Text '' is set on object 'Object Repository/IWP30/Page_VRelay30Emulator/UDF1'

2020-07-14 13:34:40 - [MESSAGE][PASSED] - Text '' is set on object 'Object Repository/IWP30/Page_VRelay30Emulator/UDF1'

2020-07-14 13:34:40 - [TEST_STEP][PASSED] - setText(findTestObject("IWP30/Page_VRelay30Emulator/UDF2"), UDF2): Text '' is set on object 'Object Repository/IWP30/Page_VRelay30Emulator/UDF2'

2020-07-14 13:34:40 - [MESSAGE][PASSED] - Text '' is set on object 'Object Repository/IWP30/Page_VRelay30Emulator/UDF2'

2020-07-14 13:34:40 - [TEST_STEP][PASSED] - setText(findTestObject("IWP30/Page_VRelay30Emulator/UDF3"), UDF3): Text '' is set on object 'Object Repository/IWP30/Page_VRelay30Emulator/UDF3'

2020-07-14 13:34:41 - [MESSAGE][PASSED] - Text '' is set on object 'Object Repository/IWP30/Page_VRelay30Emulator/UDF3'

2020-07-14 13:34:41 - [TEST_STEP][PASSED] - setText(findTestObject("IWP30/Page_VRelay30Emulator/UDF4"), UDF4): Text 'udf data 4' is set on object 'Object Repository/IWP30/Page_VRelay30Emulator/UDF4'

2020-07-14 13:34:41 - [MESSAGE][PASSED] - Text 'udf data 4' is set on object 'Object Repository/IWP30/Page_VRelay30Emulator/UDF4'

2020-07-14 13:34:41 - [TEST_STEP][PASSED] - setText(findTestObject("IWP30/Page_VRelay30Emulator/UDF5"), UDF5): Text 'udf data 5' is set on object 'Object Repository/IWP30/Page_VRelay30Emulator/UDF5'

2020-07-14 13:34:42 - [MESSAGE][PASSED] - Text 'udf data 5' is set on object 'Object Repository/IWP30/Page_VRelay30Emulator/UDF5'

2020-07-14 13:34:42 - [TEST_STEP][PASSED] - setText(findTestObject("IWP30/Page_VRelay30Emulator/UDF6"), UDF6): Text '' is set on object 'Object Repository/IWP30/Page_VRelay30Emulator/UDF6'

2020-07-14 13:34:43 - [MESSAGE][PASSED] - Text '' is set on object 'Object Repository/IWP30/Page_VRelay30Emulator/UDF6'

2020-07-14 13:34:43 - [TEST_STEP][PASSED] - setText(findTestObject("IWP30/Page_VRelay30Emulator/UDF7"), UDF7): Text '' is set on object 'Object Repository/IWP30/Page_VRelay30Emulator/UDF7'

2020-07-14 13:34:43 - [MESSAGE][PASSED] - Text '' is set on object 'Object Repository/IWP30/Page_VRelay30Emulator/UDF7'

2020-07-14 13:34:43 - [TEST_STEP][PASSED] - setText(findTestObject("IWP30/Page_VRelay30Emulator/UDF8"), UDF8): Text '' is set on object 'Object Repository/IWP30/Page_VRelay30Emulator/UDF8'

2020-07-14 13:34:44 - [MESSAGE][PASSED] - Text '' is set on object 'Object Repository/IWP30/Page_VRelay30Emulator/UDF8'

2020-07-14 13:34:44 - [TEST_STEP][PASSED] - setText(findTestObject("IWP30/Page_VRelay30Emulator/UDF9"), UDF9): Text 'udf data 9' is set on object 'Object Repository/IWP30/Page_VRelay30Emulator/UDF9'

2020-07-14 13:34:45 - [MESSAGE][PASSED] - Text 'udf data 9' is set on object 'Object Repository/IWP30/Page_VRelay30Emulator/UDF9'

2020-07-14 13:34:45 - [TEST_STEP][PASSED] - setText(findTestObject("IWP30/Page_VRelay30Emulator/UDF10"), UDF10): Text 'udf data 10' is set on object 'Object Repository/IWP30/Page_VRelay30Emulator/UDF10'

2020-07-14 13:34:45 - [MESSAGE][PASSED] - Text 'udf data 10' is set on object 'Object Repository/IWP30/Page_VRelay30Emulator/UDF10'

2020-07-14 13:34:45 - [TEST_STEP][PASSED] - Thread.sleep(5000): null

2020-07-14 13:34:50 - [TEST_STEP][PASSED] - click(findTestObject("IWP30/Page_VRelay30Emulator/Submit")): Object: 'Object Repository/IWP30/Page_VRelay30Emulator/Submit' is clicked on

2020-07-14 13:34:51 - [MESSAGE][PASSED] - Object: 'Object Repository/IWP30/Page_VRelay30Emulator/Submit' is clicked on

2020-07-14 13:34:51 - [TEST_STEP][PASSED] - closeBrowser(): Browser is closed

2020-07-14 13:34:52 - [MESSAGE][PASSED] - Browser is closed

2020-07-14 13:34:52 - [TEST_STEP][PASSED] - openBrowser(urlTestHarness): Browser is opened with url: 'https://dev-algorithm.govolution.com/vrelaytest/QA/version_2_2/vrelaytest.html'

2020-07-14 13:34:52 - [MESSAGE][INFO] - Starting 'Chrome' driver

2020-07-14 13:34:52 - [MESSAGE][INFO] - User set preference: ['acceptInsecureCerts', 'true']

2020-07-14 13:34:52 - [MESSAGE][INFO] - Action delay is set to 0 milliseconds

2020-07-14 13:34:56 - [MESSAGE][PASSED] - Browser is opened with url: 'https://dev-algorithm.govolution.com/vrelaytest/QA/version_2_2/vrelaytest.html'

2020-07-14 13:34:56 - [TEST_STEP][PASSED] - maximizeWindow(): Current window maximized

2020-07-14 13:34:56 - [MESSAGE][PASSED] - Current window maximized

2020-07-14 13:34:56 - [TEST_STEP][PASSED] - genRemIDVoid = RandomStringUtils.random(12, true, true): null

2020-07-14 13:34:56 - [TEST_STEP][PASSED] - if (verifyElementPresent(findTestObject("Object Repository/IWP30/Page_QATestHarness/RemittanceID"), 30)): null

2020-07-14 13:34:56 - [MESSAGE][PASSED] - Object 'Object Repository/IWP30/Page_QATestHarness/RemittanceID' is present

2020-07-14 13:34:56 - [TEST_STEP][PASSED] - println("We are on Test Harness page, start populating"): null

2020-07-14 13:34:56 - [TEST_STEP][PASSED] - setText(findTestObject("Object Repository/IWP30/Page_QATestHarness/ApplicationID"), AppID): Text '649' is set on object 'Object Repository/IWP30/Page_QATestHarness/ApplicationID'

2020-07-14 13:34:57 - [MESSAGE][PASSED] - Text '649' is set on object 'Object Repository/IWP30/Page_QATestHarness/ApplicationID'

2020-07-14 13:34:57 - [TEST_STEP][PASSED] - setText(findTestObject("Object Repository/IWP30/Page_QATestHarness/MessageVersion"), MessageVersion): Text '3.0' is set on object 'Object Repository/IWP30/Page_QATestHarness/MessageVersion'

2020-07-14 13:34:58 - [MESSAGE][PASSED] - Text '3.0' is set on object 'Object Repository/IWP30/Page_QATestHarness/MessageVersion'

2020-07-14 13:34:58 - [TEST_STEP][PASSED] - setText(findTestObject("Object Repository/IWP30/Page_QATestHarness/RemittanceID"), genRemIDVoid): Text 'sq4I6zCZCt91' is set on object 'Object Repository/IWP30/Page_QATestHarness/RemittanceID'

2020-07-14 13:34:58 - [MESSAGE][PASSED] - Text 'sq4I6zCZCt91' is set on object 'Object Repository/IWP30/Page_QATestHarness/RemittanceID'

2020-07-14 13:34:58 - [TEST_STEP][PASSED] - click(findTestObject("Object Repository/IWP30/Page_QATestHarness/SubmitButton")): Object: 'Object Repository/IWP30/Page_QATestHarness/SubmitButton' is clicked on

2020-07-14 13:35:00 - [MESSAGE][PASSED] - Object: 'Object Repository/IWP30/Page_QATestHarness/SubmitButton' is clicked on

2020-07-14 13:35:00 - [TEST_STEP][PASSED] - if (verifyElementPresent(findTestObject("Object Repository/IWP30/Page_SelectPaymentMethod/PayByCreditCard"), 30)): null

2020-07-14 13:35:00 - [MESSAGE][PASSED] - Object 'Object Repository/IWP30/Page_SelectPaymentMethod/PayByCreditCard' is present

2020-07-14 13:35:00 - [TEST_STEP][PASSED] - println("We are on Select Payment Method page, start populating"): null

2020-07-14 13:35:00 - [TEST_STEP][PASSED] - check(findTestObject("Object Repository/IWP30/Page_SelectPaymentMethod/PayByCreditCard")): Object 'Object Repository/IWP30/Page_SelectPaymentMethod/PayByCreditCard' is checked

2020-07-14 13:35:00 - [MESSAGE][PASSED] - Object 'Object Repository/IWP30/Page_SelectPaymentMethod/PayByCreditCard' is checked

2020-07-14 13:35:00 - [TEST_STEP][PASSED] - Thread.sleep(1000): null

2020-07-14 13:35:01 - [TEST_STEP][PASSED] - click(findTestObject("Object Repository/IWP30/Page_SelectPaymentMethod/MakePaymentButton")): Object: 'Object Repository/IWP30/Page_SelectPaymentMethod/MakePaymentButton' is clicked on

2020-07-14 13:35:03 - [MESSAGE][PASSED] - Object: 'Object Repository/IWP30/Page_SelectPaymentMethod/MakePaymentButton' is clicked on

2020-07-14 13:35:03 - [TEST_STEP][PASSED] - if (verifyElementPresent(findTestObject("Object Repository/IWP30/Page_CCPaymentEntry/Name"), 30)): null

2020-07-14 13:35:04 - [MESSAGE][PASSED] - Object 'Object Repository/IWP30/Page_CCPaymentEntry/Name' is present

2020-07-14 13:35:04 - [TEST_STEP][PASSED] - println("We are on Credit Card Payment Entry page, start populating"): null

2020-07-14 13:35:04 - [TEST_STEP][PASSED] - if (verifyElementPresent(findTestObject("Object Repository/IWP30/Page_CCPaymentEntry/Amount"), 30)): null

2020-07-14 13:35:04 - [MESSAGE][PASSED] - Object 'Object Repository/IWP30/Page_CCPaymentEntry/Amount' is present

2020-07-14 13:35:04 - [TEST_STEP][PASSED] - if (!(CCAmount.isEmpty())): Text '20.50' is set on object 'Object Repository/IWP30/Page_CCPaymentEntry/Amount'

2020-07-14 13:35:04 - [TEST_STEP][PASSED] - setText(findTestObject("Object Repository/IWP30/Page_CCPaymentEntry/Amount"), CCAmount): Text '20.50' is set on object 'Object Repository/IWP30/Page_CCPaymentEntry/Amount'

2020-07-14 13:35:05 - [MESSAGE][PASSED] - Text '20.50' is set on object 'Object Repository/IWP30/Page_CCPaymentEntry/Amount'

2020-07-14 13:35:05 - [TEST_STEP][PASSED] - if (verifyElementPresent(findTestObject("Object Repository/IWP30/Page_CCPaymentEntry/UserDefined2"), 30)): null

2020-07-14 13:35:05 - [MESSAGE][PASSED] - Object 'Object Repository/IWP30/Page_CCPaymentEntry/UserDefined2' is present

2020-07-14 13:35:05 - [TEST_STEP][PASSED] - if (!(CCUDF2.isEmpty())): Text 'Number 2' is set on object 'Object Repository/IWP30/Page_CCPaymentEntry/UserDefined2'

2020-07-14 13:35:05 - [TEST_STEP][PASSED] - setText(findTestObject("Object Repository/IWP30/Page_CCPaymentEntry/UserDefined2"), CCUDF2): Text 'Number 2' is set on object 'Object Repository/IWP30/Page_CCPaymentEntry/UserDefined2'

2020-07-14 13:35:06 - [MESSAGE][PASSED] - Text 'Number 2' is set on object 'Object Repository/IWP30/Page_CCPaymentEntry/UserDefined2'

2020-07-14 13:35:06 - [TEST_STEP][PASSED] - if (verifyElementPresent(findTestObject("Object Repository/IWP30/Page_CCPaymentEntry/UserDefined3"), 30)): null

2020-07-14 13:35:06 - [MESSAGE][PASSED] - Object 'Object Repository/IWP30/Page_CCPaymentEntry/UserDefined3' is present

2020-07-14 13:35:06 - [TEST_STEP][PASSED] - if (!(CCUDF3.isEmpty())): Text 'Number 3' is set on object 'Object Repository/IWP30/Page_CCPaymentEntry/UserDefined3'

2020-07-14 13:35:06 - [TEST_STEP][PASSED] - setText(findTestObject("Object Repository/IWP30/Page_CCPaymentEntry/UserDefined3"), CCUDF3): Text 'Number 3' is set on object 'Object Repository/IWP30/Page_CCPaymentEntry/UserDefined3'

2020-07-14 13:35:07 - [MESSAGE][PASSED] - Text 'Number 3' is set on object 'Object Repository/IWP30/Page_CCPaymentEntry/UserDefined3'

2020-07-14 13:35:07 - [TEST_STEP][PASSED] - if (verifyElementPresent(findTestObject("Object Repository/IWP30/Page_CCPaymentEntry/UserDefined7"), 30)): null

2020-07-14 13:35:07 - [MESSAGE][PASSED] - Object 'Object Repository/IWP30/Page_CCPaymentEntry/UserDefined7' is present

2020-07-14 13:35:07 - [TEST_STEP][PASSED] - if (!(CCUDF7.isEmpty())): All options with label 'Orange' are selected in object 'Object Repository/IWP30/Page_CCPaymentEntry/UserDefined7' 

2020-07-14 13:35:07 - [TEST_STEP][PASSED] - selectOptionByLabel(findTestObject("Object Repository/IWP30/Page_CCPaymentEntry/UserDefined7"), CCUDF7, false): All options with label 'Orange' are selected in object 'Object Repository/IWP30/Page_CCPaymentEntry/UserDefined7' 

2020-07-14 13:35:08 - [MESSAGE][PASSED] - All options with label 'Orange' are selected in object 'Object Repository/IWP30/Page_CCPaymentEntry/UserDefined7' 

2020-07-14 13:35:08 - [TEST_STEP][PASSED] - if (verifyElementPresent(findTestObject("Object Repository/IWP30/Page_CCPaymentEntry/UserDefined8"), 30)): null

2020-07-14 13:35:08 - [MESSAGE][PASSED] - Object 'Object Repository/IWP30/Page_CCPaymentEntry/UserDefined8' is present

2020-07-14 13:35:08 - [TEST_STEP][PASSED] - if (!(CCUDF8.isEmpty())): All options with label 'Tennis' are selected in object 'Object Repository/IWP30/Page_CCPaymentEntry/UserDefined8' 

2020-07-14 13:35:08 - [TEST_STEP][PASSED] - selectOptionByLabel(findTestObject("Object Repository/IWP30/Page_CCPaymentEntry/UserDefined8"), CCUDF8, false): All options with label 'Tennis' are selected in object 'Object Repository/IWP30/Page_CCPaymentEntry/UserDefined8' 

2020-07-14 13:35:09 - [MESSAGE][PASSED] - All options with label 'Tennis' are selected in object 'Object Repository/IWP30/Page_CCPaymentEntry/UserDefined8' 

2020-07-14 13:35:09 - [TEST_STEP][PASSED] - if (verifyElementPresent(findTestObject("Object Repository/IWP30/Page_CCPaymentEntry/Name"), 30)): null

2020-07-14 13:35:09 - [MESSAGE][PASSED] - Object 'Object Repository/IWP30/Page_CCPaymentEntry/Name' is present

2020-07-14 13:35:09 - [TEST_STEP][PASSED] - if (!(CCName.isEmpty())): Text 'Mera Naam' is set on object 'Object Repository/IWP30/Page_CCPaymentEntry/Name'

2020-07-14 13:35:09 - [TEST_STEP][PASSED] - setText(findTestObject("Object Repository/IWP30/Page_CCPaymentEntry/Name"), CCName): Text 'Mera Naam' is set on object 'Object Repository/IWP30/Page_CCPaymentEntry/Name'

2020-07-14 13:35:10 - [MESSAGE][PASSED] - Text 'Mera Naam' is set on object 'Object Repository/IWP30/Page_CCPaymentEntry/Name'

2020-07-14 13:35:10 - [TEST_STEP][PASSED] - if (verifyElementPresent(findTestObject("Object Repository/IWP30/Page_CCPaymentEntry/CardNumber"), 30)): null

2020-07-14 13:35:10 - [MESSAGE][PASSED] - Object 'Object Repository/IWP30/Page_CCPaymentEntry/CardNumber' is present

2020-07-14 13:35:10 - [TEST_STEP][PASSED] - if (!(CCCardNum.isEmpty())): Text '4922222222222223' is set on object 'Object Repository/IWP30/Page_CCPaymentEntry/CardNumber'

2020-07-14 13:35:10 - [TEST_STEP][PASSED] - setText(findTestObject("Object Repository/IWP30/Page_CCPaymentEntry/CardNumber"), CCCardNum): Text '4922222222222223' is set on object 'Object Repository/IWP30/Page_CCPaymentEntry/CardNumber'

2020-07-14 13:35:11 - [MESSAGE][PASSED] - Text '4922222222222223' is set on object 'Object Repository/IWP30/Page_CCPaymentEntry/CardNumber'

2020-07-14 13:35:11 - [TEST_STEP][PASSED] - if (verifyElementPresent(findTestObject("Object Repository/IWP30/Page_CCPaymentEntry/SPC"), 30)): null

2020-07-14 13:35:11 - [MESSAGE][PASSED] - Object 'Object Repository/IWP30/Page_CCPaymentEntry/SPC' is present

2020-07-14 13:35:11 - [TEST_STEP][PASSED] - if (!(CCSPC.isEmpty())): Text '123' is set on object 'Object Repository/IWP30/Page_CCPaymentEntry/SPC'

2020-07-14 13:35:11 - [TEST_STEP][PASSED] - setText(findTestObject("Object Repository/IWP30/Page_CCPaymentEntry/SPC"), CCSPC): Text '123' is set on object 'Object Repository/IWP30/Page_CCPaymentEntry/SPC'

2020-07-14 13:35:12 - [MESSAGE][PASSED] - Text '123' is set on object 'Object Repository/IWP30/Page_CCPaymentEntry/SPC'

2020-07-14 13:35:12 - [TEST_STEP][PASSED] - if (verifyElementPresent(findTestObject("Object Repository/IWP30/Page_CCPaymentEntry/Month"), 30)): null

2020-07-14 13:35:12 - [MESSAGE][PASSED] - Object 'Object Repository/IWP30/Page_CCPaymentEntry/Month' is present

2020-07-14 13:35:12 - [TEST_STEP][PASSED] - if (!(CCExpM.isEmpty())): All options with label '09' are selected in object 'Object Repository/IWP30/Page_CCPaymentEntry/Month' 

2020-07-14 13:35:12 - [TEST_STEP][PASSED] - selectOptionByLabel(findTestObject("Object Repository/IWP30/Page_CCPaymentEntry/Month"), CCExpM, false): All options with label '09' are selected in object 'Object Repository/IWP30/Page_CCPaymentEntry/Month' 

2020-07-14 13:35:13 - [MESSAGE][PASSED] - All options with label '09' are selected in object 'Object Repository/IWP30/Page_CCPaymentEntry/Month' 

2020-07-14 13:35:13 - [TEST_STEP][PASSED] - if (verifyElementPresent(findTestObject("Object Repository/IWP30/Page_CCPaymentEntry/Year"), 30)): null

2020-07-14 13:35:13 - [MESSAGE][PASSED] - Object 'Object Repository/IWP30/Page_CCPaymentEntry/Year' is present

2020-07-14 13:35:13 - [TEST_STEP][PASSED] - if (!(CCExpY.isEmpty())): All options with label '2023' are selected in object 'Object Repository/IWP30/Page_CCPaymentEntry/Year' 

2020-07-14 13:35:13 - [TEST_STEP][PASSED] - selectOptionByLabel(findTestObject("Object Repository/IWP30/Page_CCPaymentEntry/Year"), CCExpY, false): All options with label '2023' are selected in object 'Object Repository/IWP30/Page_CCPaymentEntry/Year' 

2020-07-14 13:35:13 - [MESSAGE][PASSED] - All options with label '2023' are selected in object 'Object Repository/IWP30/Page_CCPaymentEntry/Year' 

2020-07-14 13:35:13 - [TEST_STEP][PASSED] - if (verifyElementPresent(findTestObject("Object Repository/IWP30/Page_CCPaymentEntry/ProcessDate"), 30)): null

2020-07-14 13:35:14 - [MESSAGE][PASSED] - Object 'Object Repository/IWP30/Page_CCPaymentEntry/ProcessDate' is present

2020-07-14 13:35:14 - [TEST_STEP][PASSED] - if (!(CCDate.isEmpty())): null

2020-07-14 13:35:14 - [TEST_STEP][PASSED] - else: null

2020-07-14 13:35:14 - [TEST_STEP][PASSED] - println("CCDate is not present in the Excel Spreadsheet"): null

2020-07-14 13:35:14 - [TEST_STEP][PASSED] - if (verifyElementPresent(findTestObject("Object Repository/IWP30/Page_CCPaymentEntry/AL1"), 30)): null

2020-07-14 13:35:14 - [MESSAGE][PASSED] - Object 'Object Repository/IWP30/Page_CCPaymentEntry/AL1' is present

2020-07-14 13:35:14 - [TEST_STEP][PASSED] - if (!(CCAL1.isEmpty())): Text 'Mera AL1' is set on object 'Object Repository/IWP30/Page_CCPaymentEntry/AL1'

2020-07-14 13:35:14 - [TEST_STEP][PASSED] - setText(findTestObject("Object Repository/IWP30/Page_CCPaymentEntry/AL1"), CCAL1): Text 'Mera AL1' is set on object 'Object Repository/IWP30/Page_CCPaymentEntry/AL1'

2020-07-14 13:35:15 - [MESSAGE][PASSED] - Text 'Mera AL1' is set on object 'Object Repository/IWP30/Page_CCPaymentEntry/AL1'

2020-07-14 13:35:15 - [TEST_STEP][PASSED] - if (verifyElementPresent(findTestObject("Object Repository/IWP30/Page_CCPaymentEntry/AL2"), 30)): null

2020-07-14 13:35:15 - [MESSAGE][PASSED] - Object 'Object Repository/IWP30/Page_CCPaymentEntry/AL2' is present

2020-07-14 13:35:15 - [TEST_STEP][PASSED] - if (!(CCAL2.isEmpty())): Text 'Mera AL2' is set on object 'Object Repository/IWP30/Page_CCPaymentEntry/AL2'

2020-07-14 13:35:15 - [TEST_STEP][PASSED] - setText(findTestObject("Object Repository/IWP30/Page_CCPaymentEntry/AL2"), CCAL2): Text 'Mera AL2' is set on object 'Object Repository/IWP30/Page_CCPaymentEntry/AL2'

2020-07-14 13:35:16 - [MESSAGE][PASSED] - Text 'Mera AL2' is set on object 'Object Repository/IWP30/Page_CCPaymentEntry/AL2'

2020-07-14 13:35:16 - [TEST_STEP][PASSED] - if (verifyElementPresent(findTestObject("Object Repository/IWP30/Page_CCPaymentEntry/ZIP"), 30)): null

2020-07-14 13:35:16 - [MESSAGE][PASSED] - Object 'Object Repository/IWP30/Page_CCPaymentEntry/ZIP' is present

2020-07-14 13:35:16 - [TEST_STEP][PASSED] - if (!(CCZIP.isEmpty())): Text '21054' is set on object 'Object Repository/IWP30/Page_CCPaymentEntry/ZIP'

2020-07-14 13:35:16 - [TEST_STEP][PASSED] - setText(findTestObject("Object Repository/IWP30/Page_CCPaymentEntry/ZIP"), CCZIP): Text '21054' is set on object 'Object Repository/IWP30/Page_CCPaymentEntry/ZIP'

2020-07-14 13:35:17 - [MESSAGE][PASSED] - Text '21054' is set on object 'Object Repository/IWP30/Page_CCPaymentEntry/ZIP'

2020-07-14 13:35:17 - [TEST_STEP][PASSED] - if (verifyElementPresent(findTestObject("Object Repository/IWP30/Page_CCPaymentEntry/EmailAddress"), 30)): null

2020-07-14 13:35:17 - [MESSAGE][PASSED] - Object 'Object Repository/IWP30/Page_CCPaymentEntry/EmailAddress' is present

2020-07-14 13:35:17 - [TEST_STEP][PASSED] - if (!(CCEmail.isEmpty())): Text 'merae@gmail.com' is set on object 'Object Repository/IWP30/Page_CCPaymentEntry/EmailAddress'

2020-07-14 13:35:17 - [TEST_STEP][PASSED] - setText(findTestObject("Object Repository/IWP30/Page_CCPaymentEntry/EmailAddress"), CCEmail): Text 'merae@gmail.com' is set on object 'Object Repository/IWP30/Page_CCPaymentEntry/EmailAddress'

2020-07-14 13:35:18 - [MESSAGE][PASSED] - Text 'merae@gmail.com' is set on object 'Object Repository/IWP30/Page_CCPaymentEntry/EmailAddress'

2020-07-14 13:35:18 - [TEST_STEP][PASSED] - if (verifyElementPresent(findTestObject("Object Repository/IWP30/Page_CCPaymentEntry/TermCondCheckBox"), 30)): null

2020-07-14 13:35:18 - [MESSAGE][PASSED] - Object 'Object Repository/IWP30/Page_CCPaymentEntry/TermCondCheckBox' is present

2020-07-14 13:35:18 - [TEST_STEP][PASSED] - check(findTestObject("Object Repository/IWP30/Page_CCPaymentEntry/TermCondCheckBox")): Object 'Object Repository/IWP30/Page_CCPaymentEntry/TermCondCheckBox' is checked

2020-07-14 13:35:19 - [MESSAGE][PASSED] - Object 'Object Repository/IWP30/Page_CCPaymentEntry/TermCondCheckBox' is checked

2020-07-14 13:35:19 - [TEST_STEP][PASSED] - if (verifyElementPresent(findTestObject("Object Repository/IWP30/Page_CCPaymentEntry/ContinueButton"), 30)): null

2020-07-14 13:35:19 - [MESSAGE][PASSED] - Object 'Object Repository/IWP30/Page_CCPaymentEntry/ContinueButton' is present

2020-07-14 13:35:19 - [TEST_STEP][PASSED] - click(findTestObject("Object Repository/IWP30/Page_CCPaymentEntry/ContinueButton")): Object: 'Object Repository/IWP30/Page_CCPaymentEntry/ContinueButton' is clicked on

2020-07-14 13:35:20 - [MESSAGE][PASSED] - Object: 'Object Repository/IWP30/Page_CCPaymentEntry/ContinueButton' is clicked on

2020-07-14 13:35:20 - [TEST_STEP][PASSED] - if (verifyTextPresent("Please verify the following information", false)): null

2020-07-14 13:35:21 - [MESSAGE][PASSED] - Text 'Please verify the following information' is present on page 

2020-07-14 13:35:21 - [TEST_STEP][PASSED] - println("Please verify the following information text is present on the Confirmation page"): null

2020-07-14 13:35:21 - [TEST_STEP][PASSED] - if (verifyTextPresent("Is this information correct?", false)): null

2020-07-14 13:35:21 - [MESSAGE][PASSED] - Text 'Is this information correct?' is present on page 

2020-07-14 13:35:21 - [TEST_STEP][PASSED] - println("Is this information correct text is present on the Confirmation page"): null

2020-07-14 13:35:21 - [TEST_STEP][PASSED] - if (verifyElementPresent(findTestObject("Object Repository/IWP30/Page_Confirmation/ConfirmButton"), 30)): null

2020-07-14 13:35:21 - [MESSAGE][PASSED] - Object 'Object Repository/IWP30/Page_Confirmation/ConfirmButton' is present

2020-07-14 13:35:21 - [TEST_STEP][PASSED] - click(findTestObject("Object Repository/IWP30/Page_Confirmation/ConfirmButton")): Object: 'Object Repository/IWP30/Page_Confirmation/ConfirmButton' is clicked on

2020-07-14 13:35:22 - [MESSAGE][PASSED] - Object: 'Object Repository/IWP30/Page_Confirmation/ConfirmButton' is clicked on

2020-07-14 13:35:22 - [TEST_STEP][PASSED] - Thread.sleep(10000): null

2020-07-14 13:35:32 - [TEST_STEP][PASSED] - if (verifyTextPresent("Successful Payment Receipt", false)): null

2020-07-14 13:35:32 - [MESSAGE][PASSED] - Text 'Successful Payment Receipt' is present on page 

2020-07-14 13:35:32 - [TEST_STEP][PASSED] - println("Successful Payment Receipt text is present on the Receipt page"): null

2020-07-14 13:35:32 - [TEST_STEP][PASSED] - if (verifyTextPresent("Please print this receipt for your records", false)): null

2020-07-14 13:35:33 - [MESSAGE][PASSED] - Text 'Please print this receipt for your records' is present on page 

2020-07-14 13:35:33 - [TEST_STEP][PASSED] - println("Please print this receipt for your records text is present on the Receipt page"): null

2020-07-14 13:35:33 - [TEST_STEP][PASSED] - if (verifyElementPresent(findTestObject("Object Repository/IWP30/Page_Receipt/ExitButton"), 30)): null

2020-07-14 13:35:33 - [MESSAGE][PASSED] - Object 'Object Repository/IWP30/Page_Receipt/ExitButton' is present

2020-07-14 13:35:33 - [TEST_STEP][PASSED] - println("Exit Button is present on the Receipt page"): null

2020-07-14 13:35:33 - [TEST_STEP][PASSED] - closeBrowser(): Browser is closed

2020-07-14 13:35:34 - [MESSAGE][PASSED] - Browser is closed

2020-07-14 13:35:34 - [TEST_STEP][PASSED] - try: null

2020-07-14 13:35:34 - [TEST_STEP][PASSED] - MV = findTestData("IWP30PayNowCC").getValue("MV", row): null

2020-07-14 13:35:34 - [TEST_STEP][PASSED] - println(MV): null

2020-07-14 13:35:34 - [TEST_STEP][PASSED] - Amount = findTestData("IWP30PayNowCC").getValue("Amount", row): null

2020-07-14 13:35:34 - [TEST_STEP][PASSED] - println(Amount): null

2020-07-14 13:35:34 - [TEST_STEP][PASSED] - CAN = findTestData("IWP30PayNowCC").getValue("CAN", row): null

2020-07-14 13:35:34 - [TEST_STEP][PASSED] - println(CAN): null

2020-07-14 13:35:34 - [TEST_STEP][PASSED] - Action = findTestData("IWP30PayNowCC").getValue("Action", row): null

2020-07-14 13:35:34 - [TEST_STEP][PASSED] - println(Action): null

2020-07-14 13:35:34 - [TEST_STEP][PASSED] - Lang = findTestData("IWP30PayNowCC").getValue("Lang", row): null

2020-07-14 13:35:34 - [TEST_STEP][PASSED] - println(Lang): null

2020-07-14 13:35:34 - [TEST_STEP][PASSED] - Fname = findTestData("IWP30PayNowCC").getValue("Fname", row): null

2020-07-14 13:35:34 - [TEST_STEP][PASSED] - println(Fname): null

2020-07-14 13:35:34 - [TEST_STEP][PASSED] - Lname = findTestData("IWP30PayNowCC").getValue("Lname", row): null

2020-07-14 13:35:34 - [TEST_STEP][PASSED] - println(Lname): null

2020-07-14 13:35:34 - [TEST_STEP][PASSED] - AL1 = findTestData("IWP30PayNowCC").getValue("AL1", row): null

2020-07-14 13:35:34 - [TEST_STEP][PASSED] - println(AL1): null

2020-07-14 13:35:34 - [TEST_STEP][PASSED] - AL2 = findTestData("IWP30PayNowCC").getValue("AL2", row): null

2020-07-14 13:35:34 - [TEST_STEP][PASSED] - println(AL2): null

2020-07-14 13:35:34 - [TEST_STEP][PASSED] - Country = findTestData("IWP30PayNowCC").getValue("Country", row): null

2020-07-14 13:35:34 - [TEST_STEP][PASSED] - println(Country): null

2020-07-14 13:35:34 - [TEST_STEP][PASSED] - City = findTestData("IWP30PayNowCC").getValue("City", row): null

2020-07-14 13:35:34 - [TEST_STEP][PASSED] - println(City): null

2020-07-14 13:35:34 - [TEST_STEP][PASSED] - State = findTestData("IWP30PayNowCC").getValue("State", row): null

2020-07-14 13:35:34 - [TEST_STEP][PASSED] - println(State): null

2020-07-14 13:35:34 - [TEST_STEP][PASSED] - ZIP = findTestData("IWP30PayNowCC").getValue("ZIP", row): null

2020-07-14 13:35:34 - [TEST_STEP][PASSED] - println(ZIP): null

2020-07-14 13:35:34 - [TEST_STEP][PASSED] - Order = findTestData("IWP30PayNowCC").getValue("Order", row): null

2020-07-14 13:35:34 - [TEST_STEP][PASSED] - println(Order): null

2020-07-14 13:35:34 - [TEST_STEP][PASSED] - CompanyName = findTestData("IWP30PayNowCC").getValue("CompanyName", row): null

2020-07-14 13:35:34 - [TEST_STEP][PASSED] - println(CompanyName): null

2020-07-14 13:35:34 - [TEST_STEP][PASSED] - Email = findTestData("IWP30PayNowCC").getValue("Email", row): null

2020-07-14 13:35:34 - [TEST_STEP][PASSED] - println(Email): null

2020-07-14 13:35:34 - [TEST_STEP][PASSED] - UDF1 = findTestData("IWP30PayNowCC").getValue("UDF1", row): null

2020-07-14 13:35:34 - [TEST_STEP][PASSED] - println(UDF1): null

2020-07-14 13:35:34 - [TEST_STEP][PASSED] - UDF2 = findTestData("IWP30PayNowCC").getValue("UDF2", row): null

2020-07-14 13:35:34 - [TEST_STEP][PASSED] - println(UDF2): null

2020-07-14 13:35:34 - [TEST_STEP][PASSED] - UDF3 = findTestData("IWP30PayNowCC").getValue("UDF3", row): null

2020-07-14 13:35:34 - [TEST_STEP][PASSED] - println(UDF3): null

2020-07-14 13:35:34 - [TEST_STEP][PASSED] - UDF4 = findTestData("IWP30PayNowCC").getValue("UDF4", row): null

2020-07-14 13:35:34 - [TEST_STEP][PASSED] - println(UDF4): null

2020-07-14 13:35:34 - [TEST_STEP][PASSED] - UDF5 = findTestData("IWP30PayNowCC").getValue("UDF5", row): null

2020-07-14 13:35:34 - [TEST_STEP][PASSED] - println(UDF5): null

2020-07-14 13:35:34 - [TEST_STEP][PASSED] - UDF6 = findTestData("IWP30PayNowCC").getValue("UDF6", row): null

2020-07-14 13:35:34 - [TEST_STEP][PASSED] - println(UDF6): null

2020-07-14 13:35:34 - [TEST_STEP][PASSED] - UDF7 = findTestData("IWP30PayNowCC").getValue("UDF7", row): null

2020-07-14 13:35:34 - [TEST_STEP][PASSED] - println(UDF7): null

2020-07-14 13:35:34 - [TEST_STEP][PASSED] - UDF8 = findTestData("IWP30PayNowCC").getValue("UDF8", row): null

2020-07-14 13:35:34 - [TEST_STEP][PASSED] - println(UDF8): null

2020-07-14 13:35:34 - [TEST_STEP][PASSED] - UDF9 = findTestData("IWP30PayNowCC").getValue("UDF9", row): null

2020-07-14 13:35:34 - [TEST_STEP][PASSED] - println(UDF9): null

2020-07-14 13:35:34 - [TEST_STEP][PASSED] - UDF10 = findTestData("IWP30PayNowCC").getValue("UDF10", row): null

2020-07-14 13:35:35 - [TEST_STEP][PASSED] - println(UDF10): null

2020-07-14 13:35:35 - [TEST_STEP][PASSED] - AppID = findTestData("IWP30PayNowCC").getValue("AppID", row): null

2020-07-14 13:35:35 - [TEST_STEP][PASSED] - println(AppID): null

2020-07-14 13:35:35 - [TEST_STEP][PASSED] - MessageVersion = findTestData("IWP30PayNowCC").getValue("MessageVersion", row): null

2020-07-14 13:35:35 - [TEST_STEP][PASSED] - println(MessageVersion): null

2020-07-14 13:35:35 - [TEST_STEP][PASSED] - CCAmount = findTestData("IWP30PayNowCC").getValue("CCAmount", row): null

2020-07-14 13:35:35 - [TEST_STEP][PASSED] - println(CCAmount): null

2020-07-14 13:35:35 - [TEST_STEP][PASSED] - CCUDF1 = findTestData("IWP30PayNowCC").getValue("CCUDF1", row): null

2020-07-14 13:35:35 - [TEST_STEP][PASSED] - println(CCUDF1): null

2020-07-14 13:35:35 - [TEST_STEP][PASSED] - CCUDF2 = findTestData("IWP30PayNowCC").getValue("CCUDF2", row): null

2020-07-14 13:35:35 - [TEST_STEP][PASSED] - println(CCUDF2): null

2020-07-14 13:35:35 - [TEST_STEP][PASSED] - CCUDF3 = findTestData("IWP30PayNowCC").getValue("CCUDF3", row): null

2020-07-14 13:35:35 - [TEST_STEP][PASSED] - println(CCUDF3): null

2020-07-14 13:35:35 - [TEST_STEP][PASSED] - CCUDF4 = findTestData("IWP30PayNowCC").getValue("CCUDF4", row): null

2020-07-14 13:35:35 - [TEST_STEP][PASSED] - println(CCUDF4): null

2020-07-14 13:35:35 - [TEST_STEP][PASSED] - CCUDF5 = findTestData("IWP30PayNowCC").getValue("CCUDF5", row): null

2020-07-14 13:35:35 - [TEST_STEP][PASSED] - println(CCUDF5): null

2020-07-14 13:35:35 - [TEST_STEP][PASSED] - CCUDF6 = findTestData("IWP30PayNowCC").getValue("CCUDF6", row): null

2020-07-14 13:35:35 - [TEST_STEP][PASSED] - println(CCUDF6): null

2020-07-14 13:35:35 - [TEST_STEP][PASSED] - CCUDF7 = findTestData("IWP30PayNowCC").getValue("CCUDF7", row): null

2020-07-14 13:35:35 - [TEST_STEP][PASSED] - println(CCUDF7): null

2020-07-14 13:35:35 - [TEST_STEP][PASSED] - CCUDF8 = findTestData("IWP30PayNowCC").getValue("CCUDF8", row): null

2020-07-14 13:35:35 - [TEST_STEP][PASSED] - println(CCUDF8): null

2020-07-14 13:35:35 - [TEST_STEP][PASSED] - CCUDF9 = findTestData("IWP30PayNowCC").getValue("CCUDF9", row): null

2020-07-14 13:35:35 - [TEST_STEP][PASSED] - println(CCUDF9): null

2020-07-14 13:35:35 - [TEST_STEP][PASSED] - CCUDF10 = findTestData("IWP30PayNowCC").getValue("CCUDF10", row): null

2020-07-14 13:35:35 - [TEST_STEP][PASSED] - println(CCUDF10): null

2020-07-14 13:35:35 - [TEST_STEP][PASSED] - CCName = findTestData("IWP30PayNowCC").getValue("CCName", row): null

2020-07-14 13:35:35 - [TEST_STEP][PASSED] - println(CCName): null

2020-07-14 13:35:35 - [TEST_STEP][PASSED] - CCCardNum = findTestData("IWP30PayNowCC").getValue("CCCardNum", row): null

2020-07-14 13:35:35 - [TEST_STEP][PASSED] - println(CCCardNum): null

2020-07-14 13:35:35 - [TEST_STEP][PASSED] - CCSPC = findTestData("IWP30PayNowCC").getValue("CCSPC", row): null

2020-07-14 13:35:35 - [TEST_STEP][PASSED] - println(CCSPC): null

2020-07-14 13:35:35 - [TEST_STEP][PASSED] - CCExpM = findTestData("IWP30PayNowCC").getValue("CCExpM", row): null

2020-07-14 13:35:35 - [TEST_STEP][PASSED] - println(CCExpM): null

2020-07-14 13:35:35 - [TEST_STEP][PASSED] - CCExpY = findTestData("IWP30PayNowCC").getValue("CCExpY", row): null

2020-07-14 13:35:35 - [TEST_STEP][PASSED] - println(CCExpY): null

2020-07-14 13:35:35 - [TEST_STEP][PASSED] - CCDate = findTestData("IWP30PayNowCC").getValue("CCDate", row): null

2020-07-14 13:35:35 - [TEST_STEP][PASSED] - println(CCDate): null

2020-07-14 13:35:35 - [TEST_STEP][PASSED] - CCAL1 = findTestData("IWP30PayNowCC").getValue("CCAL1", row): null

2020-07-14 13:35:35 - [TEST_STEP][PASSED] - println(CCAL1): null

2020-07-14 13:35:35 - [TEST_STEP][PASSED] - CCAL2 = findTestData("IWP30PayNowCC").getValue("CCAL2", row): null

2020-07-14 13:35:35 - [TEST_STEP][PASSED] - println(CCAL2): null

2020-07-14 13:35:35 - [TEST_STEP][PASSED] - CCZIP = findTestData("IWP30PayNowCC").getValue("CCZIP", row): null

2020-07-14 13:35:35 - [TEST_STEP][PASSED] - println(CCZIP): null

2020-07-14 13:35:35 - [TEST_STEP][PASSED] - CCEmail = findTestData("IWP30PayNowCC").getValue("CCEmail", row): null

2020-07-14 13:35:35 - [TEST_STEP][PASSED] - println(CCEmail): null

2020-07-14 13:35:35 - [TEST_STEP][PASSED] - openBrowser(urlEmulator): Browser is opened with url: 'https://qa.velocitypayment.com/agency/config.do?action=editor'

2020-07-14 13:35:35 - [MESSAGE][INFO] - Starting 'Chrome' driver

2020-07-14 13:35:35 - [MESSAGE][INFO] - User set preference: ['acceptInsecureCerts', 'true']

2020-07-14 13:35:35 - [MESSAGE][INFO] - Action delay is set to 0 milliseconds

2020-07-14 13:35:40 - [MESSAGE][PASSED] - Browser is opened with url: 'https://qa.velocitypayment.com/agency/config.do?action=editor'

2020-07-14 13:35:40 - [TEST_STEP][PASSED] - maximizeWindow(): Current window maximized

2020-07-14 13:35:40 - [MESSAGE][PASSED] - Current window maximized

2020-07-14 13:35:40 - [TEST_STEP][PASSED] - selectOptionByValue(findTestObject("IWP30/Page_VRelay30Emulator/MV"), MV, true): All options with value '3.0' are selected in object 'Object Repository/IWP30/Page_VRelay30Emulator/MV'  using regular expression

2020-07-14 13:35:41 - [MESSAGE][PASSED] - All options with value '3.0' are selected in object 'Object Repository/IWP30/Page_VRelay30Emulator/MV'  using regular expression

2020-07-14 13:35:41 - [TEST_STEP][PASSED] - setText(findTestObject("IWP30/Page_VRelay30Emulator/Amount"), Amount): Text '10.50' is set on object 'Object Repository/IWP30/Page_VRelay30Emulator/Amount'

2020-07-14 13:35:42 - [MESSAGE][PASSED] - Text '10.50' is set on object 'Object Repository/IWP30/Page_VRelay30Emulator/Amount'

2020-07-14 13:35:42 - [TEST_STEP][PASSED] - setText(findTestObject("IWP30/Page_VRelay30Emulator/CAN"), CAN): Text '26411005' is set on object 'Object Repository/IWP30/Page_VRelay30Emulator/CAN'

2020-07-14 13:35:42 - [MESSAGE][PASSED] - Text '26411005' is set on object 'Object Repository/IWP30/Page_VRelay30Emulator/CAN'

2020-07-14 13:35:42 - [TEST_STEP][PASSED] - setText(findTestObject("IWP30/Page_VRelay30Emulator/Action"), Action): Text 'PayNow' is set on object 'Object Repository/IWP30/Page_VRelay30Emulator/Action'

2020-07-14 13:35:43 - [MESSAGE][PASSED] - Text 'PayNow' is set on object 'Object Repository/IWP30/Page_VRelay30Emulator/Action'

2020-07-14 13:35:43 - [TEST_STEP][PASSED] - setText(findTestObject("IWP30/Page_VRelay30Emulator/Lang"), Lang): Text 'en_US' is set on object 'Object Repository/IWP30/Page_VRelay30Emulator/Lang'

2020-07-14 13:35:44 - [MESSAGE][PASSED] - Text 'en_US' is set on object 'Object Repository/IWP30/Page_VRelay30Emulator/Lang'

2020-07-14 13:35:44 - [TEST_STEP][PASSED] - setText(findTestObject("IWP30/Page_VRelay30Emulator/Fname"), Fname): Text '' is set on object 'Object Repository/IWP30/Page_VRelay30Emulator/Fname'

2020-07-14 13:35:44 - [MESSAGE][PASSED] - Text '' is set on object 'Object Repository/IWP30/Page_VRelay30Emulator/Fname'

2020-07-14 13:35:44 - [TEST_STEP][PASSED] - setText(findTestObject("IWP30/Page_VRelay30Emulator/Lname"), Lname): Text '' is set on object 'Object Repository/IWP30/Page_VRelay30Emulator/Lname'

2020-07-14 13:35:45 - [MESSAGE][PASSED] - Text '' is set on object 'Object Repository/IWP30/Page_VRelay30Emulator/Lname'

2020-07-14 13:35:45 - [TEST_STEP][PASSED] - setText(findTestObject("IWP30/Page_VRelay30Emulator/AL1"), AL1): Text '' is set on object 'Object Repository/IWP30/Page_VRelay30Emulator/AL1'

2020-07-14 13:35:45 - [MESSAGE][PASSED] - Text '' is set on object 'Object Repository/IWP30/Page_VRelay30Emulator/AL1'

2020-07-14 13:35:45 - [TEST_STEP][PASSED] - setText(findTestObject("IWP30/Page_VRelay30Emulator/AL2"), AL2): Text '' is set on object 'Object Repository/IWP30/Page_VRelay30Emulator/AL2'

2020-07-14 13:35:46 - [MESSAGE][PASSED] - Text '' is set on object 'Object Repository/IWP30/Page_VRelay30Emulator/AL2'

2020-07-14 13:35:46 - [TEST_STEP][PASSED] - setText(findTestObject("IWP30/Page_VRelay30Emulator/Country"), Country): Text '840' is set on object 'Object Repository/IWP30/Page_VRelay30Emulator/Country'

2020-07-14 13:35:47 - [MESSAGE][PASSED] - Text '840' is set on object 'Object Repository/IWP30/Page_VRelay30Emulator/Country'

2020-07-14 13:35:47 - [TEST_STEP][PASSED] - setText(findTestObject("IWP30/Page_VRelay30Emulator/City"), City): Text '' is set on object 'Object Repository/IWP30/Page_VRelay30Emulator/City'

2020-07-14 13:35:47 - [MESSAGE][PASSED] - Text '' is set on object 'Object Repository/IWP30/Page_VRelay30Emulator/City'

2020-07-14 13:35:47 - [TEST_STEP][PASSED] - setText(findTestObject("IWP30/Page_VRelay30Emulator/State"), State): Text '' is set on object 'Object Repository/IWP30/Page_VRelay30Emulator/State'

2020-07-14 13:35:48 - [MESSAGE][PASSED] - Text '' is set on object 'Object Repository/IWP30/Page_VRelay30Emulator/State'

2020-07-14 13:35:48 - [TEST_STEP][PASSED] - setText(findTestObject("IWP30/Page_VRelay30Emulator/ZIP"), ZIP): Text '' is set on object 'Object Repository/IWP30/Page_VRelay30Emulator/ZIP'

2020-07-14 13:35:48 - [MESSAGE][PASSED] - Text '' is set on object 'Object Repository/IWP30/Page_VRelay30Emulator/ZIP'

2020-07-14 13:35:48 - [TEST_STEP][PASSED] - setText(findTestObject("IWP30/Page_VRelay30Emulator/Order"), Order): Text '' is set on object 'Object Repository/IWP30/Page_VRelay30Emulator/Order'

2020-07-14 13:35:49 - [MESSAGE][PASSED] - Text '' is set on object 'Object Repository/IWP30/Page_VRelay30Emulator/Order'

2020-07-14 13:35:49 - [TEST_STEP][PASSED] - setText(findTestObject("IWP30/Page_VRelay30Emulator/Company"), CompanyName): Text '' is set on object 'Object Repository/IWP30/Page_VRelay30Emulator/Company'

2020-07-14 13:35:50 - [MESSAGE][PASSED] - Text '' is set on object 'Object Repository/IWP30/Page_VRelay30Emulator/Company'

2020-07-14 13:35:50 - [TEST_STEP][PASSED] - setText(findTestObject("IWP30/Page_VRelay30Emulator/Email"), Email): Text '' is set on object 'Object Repository/IWP30/Page_VRelay30Emulator/Email'

2020-07-14 13:35:50 - [MESSAGE][PASSED] - Text '' is set on object 'Object Repository/IWP30/Page_VRelay30Emulator/Email'

2020-07-14 13:35:50 - [TEST_STEP][PASSED] - setText(findTestObject("IWP30/Page_VRelay30Emulator/UDF1"), UDF1): Text '' is set on object 'Object Repository/IWP30/Page_VRelay30Emulator/UDF1'

2020-07-14 13:35:51 - [MESSAGE][PASSED] - Text '' is set on object 'Object Repository/IWP30/Page_VRelay30Emulator/UDF1'

2020-07-14 13:35:51 - [TEST_STEP][PASSED] - setText(findTestObject("IWP30/Page_VRelay30Emulator/UDF2"), UDF2): Text '' is set on object 'Object Repository/IWP30/Page_VRelay30Emulator/UDF2'

2020-07-14 13:35:52 - [MESSAGE][PASSED] - Text '' is set on object 'Object Repository/IWP30/Page_VRelay30Emulator/UDF2'

2020-07-14 13:35:52 - [TEST_STEP][PASSED] - setText(findTestObject("IWP30/Page_VRelay30Emulator/UDF3"), UDF3): Text '' is set on object 'Object Repository/IWP30/Page_VRelay30Emulator/UDF3'

2020-07-14 13:35:52 - [MESSAGE][PASSED] - Text '' is set on object 'Object Repository/IWP30/Page_VRelay30Emulator/UDF3'

2020-07-14 13:35:52 - [TEST_STEP][PASSED] - setText(findTestObject("IWP30/Page_VRelay30Emulator/UDF4"), UDF4): Text 'udf data 4' is set on object 'Object Repository/IWP30/Page_VRelay30Emulator/UDF4'

2020-07-14 13:35:53 - [MESSAGE][PASSED] - Text 'udf data 4' is set on object 'Object Repository/IWP30/Page_VRelay30Emulator/UDF4'

2020-07-14 13:35:53 - [TEST_STEP][PASSED] - setText(findTestObject("IWP30/Page_VRelay30Emulator/UDF5"), UDF5): Text 'udf data 5' is set on object 'Object Repository/IWP30/Page_VRelay30Emulator/UDF5'

2020-07-14 13:35:54 - [MESSAGE][PASSED] - Text 'udf data 5' is set on object 'Object Repository/IWP30/Page_VRelay30Emulator/UDF5'

2020-07-14 13:35:54 - [TEST_STEP][PASSED] - setText(findTestObject("IWP30/Page_VRelay30Emulator/UDF6"), UDF6): Text '' is set on object 'Object Repository/IWP30/Page_VRelay30Emulator/UDF6'

2020-07-14 13:35:55 - [MESSAGE][PASSED] - Text '' is set on object 'Object Repository/IWP30/Page_VRelay30Emulator/UDF6'

2020-07-14 13:35:55 - [TEST_STEP][PASSED] - setText(findTestObject("IWP30/Page_VRelay30Emulator/UDF7"), UDF7): Text '' is set on object 'Object Repository/IWP30/Page_VRelay30Emulator/UDF7'

2020-07-14 13:35:55 - [MESSAGE][PASSED] - Text '' is set on object 'Object Repository/IWP30/Page_VRelay30Emulator/UDF7'

2020-07-14 13:35:55 - [TEST_STEP][PASSED] - setText(findTestObject("IWP30/Page_VRelay30Emulator/UDF8"), UDF8): Text '' is set on object 'Object Repository/IWP30/Page_VRelay30Emulator/UDF8'

2020-07-14 13:35:56 - [MESSAGE][PASSED] - Text '' is set on object 'Object Repository/IWP30/Page_VRelay30Emulator/UDF8'

2020-07-14 13:35:56 - [TEST_STEP][PASSED] - setText(findTestObject("IWP30/Page_VRelay30Emulator/UDF9"), UDF9): Text 'udf data 9' is set on object 'Object Repository/IWP30/Page_VRelay30Emulator/UDF9'

2020-07-14 13:35:57 - [MESSAGE][PASSED] - Text 'udf data 9' is set on object 'Object Repository/IWP30/Page_VRelay30Emulator/UDF9'

2020-07-14 13:35:57 - [TEST_STEP][PASSED] - setText(findTestObject("IWP30/Page_VRelay30Emulator/UDF10"), UDF10): Text 'udf data 10' is set on object 'Object Repository/IWP30/Page_VRelay30Emulator/UDF10'

2020-07-14 13:35:57 - [MESSAGE][PASSED] - Text 'udf data 10' is set on object 'Object Repository/IWP30/Page_VRelay30Emulator/UDF10'

2020-07-14 13:35:57 - [TEST_STEP][PASSED] - Thread.sleep(5000): null

2020-07-14 13:36:02 - [TEST_STEP][PASSED] - click(findTestObject("IWP30/Page_VRelay30Emulator/Submit")): Object: 'Object Repository/IWP30/Page_VRelay30Emulator/Submit' is clicked on

2020-07-14 13:36:03 - [MESSAGE][PASSED] - Object: 'Object Repository/IWP30/Page_VRelay30Emulator/Submit' is clicked on

2020-07-14 13:36:03 - [TEST_STEP][PASSED] - closeBrowser(): Browser is closed

2020-07-14 13:36:04 - [MESSAGE][PASSED] - Browser is closed

2020-07-14 13:36:04 - [TEST_STEP][PASSED] - openBrowser(urlTestHarness): Browser is opened with url: 'https://dev-algorithm.govolution.com/vrelaytest/QA/version_2_2/vrelaytest.html'

2020-07-14 13:36:04 - [MESSAGE][INFO] - Starting 'Chrome' driver

2020-07-14 13:36:04 - [MESSAGE][INFO] - User set preference: ['acceptInsecureCerts', 'true']

2020-07-14 13:36:04 - [MESSAGE][INFO] - Action delay is set to 0 milliseconds

2020-07-14 13:36:08 - [MESSAGE][PASSED] - Browser is opened with url: 'https://dev-algorithm.govolution.com/vrelaytest/QA/version_2_2/vrelaytest.html'

2020-07-14 13:36:08 - [TEST_STEP][PASSED] - maximizeWindow(): Current window maximized

2020-07-14 13:36:08 - [MESSAGE][PASSED] - Current window maximized

2020-07-14 13:36:08 - [TEST_STEP][PASSED] - genRemIDVoid = RandomStringUtils.random(12, true, true): null

2020-07-14 13:36:08 - [TEST_STEP][PASSED] - if (verifyElementPresent(findTestObject("Object Repository/IWP30/Page_QATestHarness/RemittanceID"), 30)): null

2020-07-14 13:36:09 - [MESSAGE][PASSED] - Object 'Object Repository/IWP30/Page_QATestHarness/RemittanceID' is present

2020-07-14 13:36:09 - [TEST_STEP][PASSED] - println("We are on Test Harness page, start populating"): null

2020-07-14 13:36:09 - [TEST_STEP][PASSED] - setText(findTestObject("Object Repository/IWP30/Page_QATestHarness/ApplicationID"), AppID): Text '649' is set on object 'Object Repository/IWP30/Page_QATestHarness/ApplicationID'

2020-07-14 13:36:09 - [MESSAGE][PASSED] - Text '649' is set on object 'Object Repository/IWP30/Page_QATestHarness/ApplicationID'

2020-07-14 13:36:09 - [TEST_STEP][PASSED] - setText(findTestObject("Object Repository/IWP30/Page_QATestHarness/MessageVersion"), MessageVersion): Text '3.0' is set on object 'Object Repository/IWP30/Page_QATestHarness/MessageVersion'

2020-07-14 13:36:10 - [MESSAGE][PASSED] - Text '3.0' is set on object 'Object Repository/IWP30/Page_QATestHarness/MessageVersion'

2020-07-14 13:36:10 - [TEST_STEP][PASSED] - setText(findTestObject("Object Repository/IWP30/Page_QATestHarness/RemittanceID"), genRemIDVoid): Text 'aPIJEGzHMbZz' is set on object 'Object Repository/IWP30/Page_QATestHarness/RemittanceID'

2020-07-14 13:36:11 - [MESSAGE][PASSED] - Text 'aPIJEGzHMbZz' is set on object 'Object Repository/IWP30/Page_QATestHarness/RemittanceID'

2020-07-14 13:36:11 - [TEST_STEP][PASSED] - click(findTestObject("Object Repository/IWP30/Page_QATestHarness/SubmitButton")): Object: 'Object Repository/IWP30/Page_QATestHarness/SubmitButton' is clicked on

2020-07-14 13:36:14 - [MESSAGE][PASSED] - Object: 'Object Repository/IWP30/Page_QATestHarness/SubmitButton' is clicked on

2020-07-14 13:36:14 - [TEST_STEP][PASSED] - if (verifyElementPresent(findTestObject("Object Repository/IWP30/Page_SelectPaymentMethod/PayByCreditCard"), 30)): null

2020-07-14 13:36:14 - [MESSAGE][PASSED] - Object 'Object Repository/IWP30/Page_SelectPaymentMethod/PayByCreditCard' is present

2020-07-14 13:36:14 - [TEST_STEP][PASSED] - println("We are on Select Payment Method page, start populating"): null

2020-07-14 13:36:14 - [TEST_STEP][PASSED] - check(findTestObject("Object Repository/IWP30/Page_SelectPaymentMethod/PayByCreditCard")): Object 'Object Repository/IWP30/Page_SelectPaymentMethod/PayByCreditCard' is checked

2020-07-14 13:36:14 - [MESSAGE][PASSED] - Object 'Object Repository/IWP30/Page_SelectPaymentMethod/PayByCreditCard' is checked

2020-07-14 13:36:14 - [TEST_STEP][PASSED] - Thread.sleep(1000): null

2020-07-14 13:36:15 - [TEST_STEP][PASSED] - click(findTestObject("Object Repository/IWP30/Page_SelectPaymentMethod/MakePaymentButton")): Object: 'Object Repository/IWP30/Page_SelectPaymentMethod/MakePaymentButton' is clicked on

2020-07-14 13:36:17 - [MESSAGE][PASSED] - Object: 'Object Repository/IWP30/Page_SelectPaymentMethod/MakePaymentButton' is clicked on

2020-07-14 13:36:17 - [TEST_STEP][PASSED] - if (verifyElementPresent(findTestObject("Object Repository/IWP30/Page_CCPaymentEntry/Name"), 30)): null

2020-07-14 13:36:17 - [MESSAGE][PASSED] - Object 'Object Repository/IWP30/Page_CCPaymentEntry/Name' is present

2020-07-14 13:36:17 - [TEST_STEP][PASSED] - println("We are on Credit Card Payment Entry page, start populating"): null

2020-07-14 13:36:17 - [TEST_STEP][PASSED] - if (verifyElementPresent(findTestObject("Object Repository/IWP30/Page_CCPaymentEntry/Amount"), 30)): null

2020-07-14 13:36:17 - [MESSAGE][PASSED] - Object 'Object Repository/IWP30/Page_CCPaymentEntry/Amount' is present

2020-07-14 13:36:17 - [TEST_STEP][PASSED] - if (!(CCAmount.isEmpty())): Text '20.50' is set on object 'Object Repository/IWP30/Page_CCPaymentEntry/Amount'

2020-07-14 13:36:17 - [TEST_STEP][PASSED] - setText(findTestObject("Object Repository/IWP30/Page_CCPaymentEntry/Amount"), CCAmount): Text '20.50' is set on object 'Object Repository/IWP30/Page_CCPaymentEntry/Amount'

2020-07-14 13:36:18 - [MESSAGE][PASSED] - Text '20.50' is set on object 'Object Repository/IWP30/Page_CCPaymentEntry/Amount'

2020-07-14 13:36:18 - [TEST_STEP][PASSED] - if (verifyElementPresent(findTestObject("Object Repository/IWP30/Page_CCPaymentEntry/UserDefined2"), 30)): null

2020-07-14 13:36:18 - [MESSAGE][PASSED] - Object 'Object Repository/IWP30/Page_CCPaymentEntry/UserDefined2' is present

2020-07-14 13:36:18 - [TEST_STEP][PASSED] - if (!(CCUDF2.isEmpty())): Text 'Number 2' is set on object 'Object Repository/IWP30/Page_CCPaymentEntry/UserDefined2'

2020-07-14 13:36:18 - [TEST_STEP][PASSED] - setText(findTestObject("Object Repository/IWP30/Page_CCPaymentEntry/UserDefined2"), CCUDF2): Text 'Number 2' is set on object 'Object Repository/IWP30/Page_CCPaymentEntry/UserDefined2'

2020-07-14 13:36:19 - [MESSAGE][PASSED] - Text 'Number 2' is set on object 'Object Repository/IWP30/Page_CCPaymentEntry/UserDefined2'

2020-07-14 13:36:19 - [TEST_STEP][PASSED] - if (verifyElementPresent(findTestObject("Object Repository/IWP30/Page_CCPaymentEntry/UserDefined3"), 30)): null

2020-07-14 13:36:19 - [MESSAGE][PASSED] - Object 'Object Repository/IWP30/Page_CCPaymentEntry/UserDefined3' is present

2020-07-14 13:36:19 - [TEST_STEP][PASSED] - if (!(CCUDF3.isEmpty())): Text 'Number 3' is set on object 'Object Repository/IWP30/Page_CCPaymentEntry/UserDefined3'

2020-07-14 13:36:19 - [TEST_STEP][PASSED] - setText(findTestObject("Object Repository/IWP30/Page_CCPaymentEntry/UserDefined3"), CCUDF3): Text 'Number 3' is set on object 'Object Repository/IWP30/Page_CCPaymentEntry/UserDefined3'

2020-07-14 13:36:20 - [MESSAGE][PASSED] - Text 'Number 3' is set on object 'Object Repository/IWP30/Page_CCPaymentEntry/UserDefined3'

2020-07-14 13:36:20 - [TEST_STEP][PASSED] - if (verifyElementPresent(findTestObject("Object Repository/IWP30/Page_CCPaymentEntry/UserDefined7"), 30)): null

2020-07-14 13:36:20 - [MESSAGE][PASSED] - Object 'Object Repository/IWP30/Page_CCPaymentEntry/UserDefined7' is present

2020-07-14 13:36:20 - [TEST_STEP][PASSED] - if (!(CCUDF7.isEmpty())): All options with label 'Orange' are selected in object 'Object Repository/IWP30/Page_CCPaymentEntry/UserDefined7' 

2020-07-14 13:36:20 - [TEST_STEP][PASSED] - selectOptionByLabel(findTestObject("Object Repository/IWP30/Page_CCPaymentEntry/UserDefined7"), CCUDF7, false): All options with label 'Orange' are selected in object 'Object Repository/IWP30/Page_CCPaymentEntry/UserDefined7' 

2020-07-14 13:36:21 - [MESSAGE][PASSED] - All options with label 'Orange' are selected in object 'Object Repository/IWP30/Page_CCPaymentEntry/UserDefined7' 

2020-07-14 13:36:21 - [TEST_STEP][PASSED] - if (verifyElementPresent(findTestObject("Object Repository/IWP30/Page_CCPaymentEntry/UserDefined8"), 30)): null

2020-07-14 13:36:21 - [MESSAGE][PASSED] - Object 'Object Repository/IWP30/Page_CCPaymentEntry/UserDefined8' is present

2020-07-14 13:36:21 - [TEST_STEP][PASSED] - if (!(CCUDF8.isEmpty())): All options with label 'Tennis' are selected in object 'Object Repository/IWP30/Page_CCPaymentEntry/UserDefined8' 

2020-07-14 13:36:21 - [TEST_STEP][PASSED] - selectOptionByLabel(findTestObject("Object Repository/IWP30/Page_CCPaymentEntry/UserDefined8"), CCUDF8, false): All options with label 'Tennis' are selected in object 'Object Repository/IWP30/Page_CCPaymentEntry/UserDefined8' 

2020-07-14 13:36:22 - [MESSAGE][PASSED] - All options with label 'Tennis' are selected in object 'Object Repository/IWP30/Page_CCPaymentEntry/UserDefined8' 

2020-07-14 13:36:22 - [TEST_STEP][PASSED] - if (verifyElementPresent(findTestObject("Object Repository/IWP30/Page_CCPaymentEntry/Name"), 30)): null

2020-07-14 13:36:22 - [MESSAGE][PASSED] - Object 'Object Repository/IWP30/Page_CCPaymentEntry/Name' is present

2020-07-14 13:36:22 - [TEST_STEP][PASSED] - if (!(CCName.isEmpty())): Text 'Mera Naam' is set on object 'Object Repository/IWP30/Page_CCPaymentEntry/Name'

2020-07-14 13:36:22 - [TEST_STEP][PASSED] - setText(findTestObject("Object Repository/IWP30/Page_CCPaymentEntry/Name"), CCName): Text 'Mera Naam' is set on object 'Object Repository/IWP30/Page_CCPaymentEntry/Name'

2020-07-14 13:36:23 - [MESSAGE][PASSED] - Text 'Mera Naam' is set on object 'Object Repository/IWP30/Page_CCPaymentEntry/Name'

2020-07-14 13:36:23 - [TEST_STEP][PASSED] - if (verifyElementPresent(findTestObject("Object Repository/IWP30/Page_CCPaymentEntry/CardNumber"), 30)): null

2020-07-14 13:36:23 - [MESSAGE][PASSED] - Object 'Object Repository/IWP30/Page_CCPaymentEntry/CardNumber' is present

2020-07-14 13:36:23 - [TEST_STEP][PASSED] - if (!(CCCardNum.isEmpty())): Text '5844444444444441' is set on object 'Object Repository/IWP30/Page_CCPaymentEntry/CardNumber'

2020-07-14 13:36:23 - [TEST_STEP][PASSED] - setText(findTestObject("Object Repository/IWP30/Page_CCPaymentEntry/CardNumber"), CCCardNum): Text '5844444444444441' is set on object 'Object Repository/IWP30/Page_CCPaymentEntry/CardNumber'

2020-07-14 13:36:24 - [MESSAGE][PASSED] - Text '5844444444444441' is set on object 'Object Repository/IWP30/Page_CCPaymentEntry/CardNumber'

2020-07-14 13:36:24 - [TEST_STEP][PASSED] - if (verifyElementPresent(findTestObject("Object Repository/IWP30/Page_CCPaymentEntry/SPC"), 30)): null

2020-07-14 13:36:24 - [MESSAGE][PASSED] - Object 'Object Repository/IWP30/Page_CCPaymentEntry/SPC' is present

2020-07-14 13:36:24 - [TEST_STEP][PASSED] - if (!(CCSPC.isEmpty())): Text '1234' is set on object 'Object Repository/IWP30/Page_CCPaymentEntry/SPC'

2020-07-14 13:36:24 - [TEST_STEP][PASSED] - setText(findTestObject("Object Repository/IWP30/Page_CCPaymentEntry/SPC"), CCSPC): Text '1234' is set on object 'Object Repository/IWP30/Page_CCPaymentEntry/SPC'

2020-07-14 13:36:25 - [MESSAGE][PASSED] - Text '1234' is set on object 'Object Repository/IWP30/Page_CCPaymentEntry/SPC'

2020-07-14 13:36:25 - [TEST_STEP][PASSED] - if (verifyElementPresent(findTestObject("Object Repository/IWP30/Page_CCPaymentEntry/Month"), 30)): null

2020-07-14 13:36:26 - [MESSAGE][PASSED] - Object 'Object Repository/IWP30/Page_CCPaymentEntry/Month' is present

2020-07-14 13:36:26 - [TEST_STEP][PASSED] - if (!(CCExpM.isEmpty())): All options with label '09' are selected in object 'Object Repository/IWP30/Page_CCPaymentEntry/Month' 

2020-07-14 13:36:26 - [TEST_STEP][PASSED] - selectOptionByLabel(findTestObject("Object Repository/IWP30/Page_CCPaymentEntry/Month"), CCExpM, false): All options with label '09' are selected in object 'Object Repository/IWP30/Page_CCPaymentEntry/Month' 

2020-07-14 13:36:26 - [MESSAGE][PASSED] - All options with label '09' are selected in object 'Object Repository/IWP30/Page_CCPaymentEntry/Month' 

2020-07-14 13:36:26 - [TEST_STEP][PASSED] - if (verifyElementPresent(findTestObject("Object Repository/IWP30/Page_CCPaymentEntry/Year"), 30)): null

2020-07-14 13:36:26 - [MESSAGE][PASSED] - Object 'Object Repository/IWP30/Page_CCPaymentEntry/Year' is present

2020-07-14 13:36:26 - [TEST_STEP][PASSED] - if (!(CCExpY.isEmpty())): All options with label '2023' are selected in object 'Object Repository/IWP30/Page_CCPaymentEntry/Year' 

2020-07-14 13:36:26 - [TEST_STEP][PASSED] - selectOptionByLabel(findTestObject("Object Repository/IWP30/Page_CCPaymentEntry/Year"), CCExpY, false): All options with label '2023' are selected in object 'Object Repository/IWP30/Page_CCPaymentEntry/Year' 

2020-07-14 13:36:27 - [MESSAGE][PASSED] - All options with label '2023' are selected in object 'Object Repository/IWP30/Page_CCPaymentEntry/Year' 

2020-07-14 13:36:27 - [TEST_STEP][PASSED] - if (verifyElementPresent(findTestObject("Object Repository/IWP30/Page_CCPaymentEntry/ProcessDate"), 30)): null

2020-07-14 13:36:27 - [MESSAGE][PASSED] - Object 'Object Repository/IWP30/Page_CCPaymentEntry/ProcessDate' is present

2020-07-14 13:36:27 - [TEST_STEP][PASSED] - if (!(CCDate.isEmpty())): null

2020-07-14 13:36:27 - [TEST_STEP][PASSED] - else: null

2020-07-14 13:36:27 - [TEST_STEP][PASSED] - println("CCDate is not present in the Excel Spreadsheet"): null

2020-07-14 13:36:27 - [TEST_STEP][PASSED] - if (verifyElementPresent(findTestObject("Object Repository/IWP30/Page_CCPaymentEntry/AL1"), 30)): null

2020-07-14 13:36:28 - [MESSAGE][PASSED] - Object 'Object Repository/IWP30/Page_CCPaymentEntry/AL1' is present

2020-07-14 13:36:28 - [TEST_STEP][PASSED] - if (!(CCAL1.isEmpty())): Text 'Mera AL1' is set on object 'Object Repository/IWP30/Page_CCPaymentEntry/AL1'

2020-07-14 13:36:28 - [TEST_STEP][PASSED] - setText(findTestObject("Object Repository/IWP30/Page_CCPaymentEntry/AL1"), CCAL1): Text 'Mera AL1' is set on object 'Object Repository/IWP30/Page_CCPaymentEntry/AL1'

2020-07-14 13:36:29 - [MESSAGE][PASSED] - Text 'Mera AL1' is set on object 'Object Repository/IWP30/Page_CCPaymentEntry/AL1'

2020-07-14 13:36:29 - [TEST_STEP][PASSED] - if (verifyElementPresent(findTestObject("Object Repository/IWP30/Page_CCPaymentEntry/AL2"), 30)): null

2020-07-14 13:36:29 - [MESSAGE][PASSED] - Object 'Object Repository/IWP30/Page_CCPaymentEntry/AL2' is present

2020-07-14 13:36:29 - [TEST_STEP][PASSED] - if (!(CCAL2.isEmpty())): Text 'Mera AL2' is set on object 'Object Repository/IWP30/Page_CCPaymentEntry/AL2'

2020-07-14 13:36:29 - [TEST_STEP][PASSED] - setText(findTestObject("Object Repository/IWP30/Page_CCPaymentEntry/AL2"), CCAL2): Text 'Mera AL2' is set on object 'Object Repository/IWP30/Page_CCPaymentEntry/AL2'

2020-07-14 13:36:30 - [MESSAGE][PASSED] - Text 'Mera AL2' is set on object 'Object Repository/IWP30/Page_CCPaymentEntry/AL2'

2020-07-14 13:36:30 - [TEST_STEP][PASSED] - if (verifyElementPresent(findTestObject("Object Repository/IWP30/Page_CCPaymentEntry/ZIP"), 30)): null

2020-07-14 13:36:30 - [MESSAGE][PASSED] - Object 'Object Repository/IWP30/Page_CCPaymentEntry/ZIP' is present

2020-07-14 13:36:30 - [TEST_STEP][PASSED] - if (!(CCZIP.isEmpty())): Text '21054' is set on object 'Object Repository/IWP30/Page_CCPaymentEntry/ZIP'

2020-07-14 13:36:30 - [TEST_STEP][PASSED] - setText(findTestObject("Object Repository/IWP30/Page_CCPaymentEntry/ZIP"), CCZIP): Text '21054' is set on object 'Object Repository/IWP30/Page_CCPaymentEntry/ZIP'

2020-07-14 13:36:31 - [MESSAGE][PASSED] - Text '21054' is set on object 'Object Repository/IWP30/Page_CCPaymentEntry/ZIP'

2020-07-14 13:36:31 - [TEST_STEP][PASSED] - if (verifyElementPresent(findTestObject("Object Repository/IWP30/Page_CCPaymentEntry/EmailAddress"), 30)): null

2020-07-14 13:36:31 - [MESSAGE][PASSED] - Object 'Object Repository/IWP30/Page_CCPaymentEntry/EmailAddress' is present

2020-07-14 13:36:31 - [TEST_STEP][PASSED] - if (!(CCEmail.isEmpty())): Text 'merae@gmail.com' is set on object 'Object Repository/IWP30/Page_CCPaymentEntry/EmailAddress'

2020-07-14 13:36:31 - [TEST_STEP][PASSED] - setText(findTestObject("Object Repository/IWP30/Page_CCPaymentEntry/EmailAddress"), CCEmail): Text 'merae@gmail.com' is set on object 'Object Repository/IWP30/Page_CCPaymentEntry/EmailAddress'

2020-07-14 13:36:32 - [MESSAGE][PASSED] - Text 'merae@gmail.com' is set on object 'Object Repository/IWP30/Page_CCPaymentEntry/EmailAddress'

2020-07-14 13:36:32 - [TEST_STEP][PASSED] - if (verifyElementPresent(findTestObject("Object Repository/IWP30/Page_CCPaymentEntry/TermCondCheckBox"), 30)): null

2020-07-14 13:36:32 - [MESSAGE][PASSED] - Object 'Object Repository/IWP30/Page_CCPaymentEntry/TermCondCheckBox' is present

2020-07-14 13:36:32 - [TEST_STEP][PASSED] - check(findTestObject("Object Repository/IWP30/Page_CCPaymentEntry/TermCondCheckBox")): Object 'Object Repository/IWP30/Page_CCPaymentEntry/TermCondCheckBox' is checked

2020-07-14 13:36:33 - [MESSAGE][PASSED] - Object 'Object Repository/IWP30/Page_CCPaymentEntry/TermCondCheckBox' is checked

2020-07-14 13:36:33 - [TEST_STEP][PASSED] - if (verifyElementPresent(findTestObject("Object Repository/IWP30/Page_CCPaymentEntry/ContinueButton"), 30)): null

2020-07-14 13:36:33 - [MESSAGE][PASSED] - Object 'Object Repository/IWP30/Page_CCPaymentEntry/ContinueButton' is present

2020-07-14 13:36:33 - [TEST_STEP][PASSED] - click(findTestObject("Object Repository/IWP30/Page_CCPaymentEntry/ContinueButton")): Object: 'Object Repository/IWP30/Page_CCPaymentEntry/ContinueButton' is clicked on

2020-07-14 13:36:34 - [MESSAGE][PASSED] - Object: 'Object Repository/IWP30/Page_CCPaymentEntry/ContinueButton' is clicked on

2020-07-14 13:36:34 - [TEST_STEP][PASSED] - if (verifyTextPresent("Please verify the following information", false)): null

2020-07-14 13:36:35 - [MESSAGE][PASSED] - Text 'Please verify the following information' is present on page 

2020-07-14 13:36:35 - [TEST_STEP][PASSED] - println("Please verify the following information text is present on the Confirmation page"): null

2020-07-14 13:36:35 - [TEST_STEP][PASSED] - if (verifyTextPresent("Is this information correct?", false)): null

2020-07-14 13:36:35 - [MESSAGE][PASSED] - Text 'Is this information correct?' is present on page 

2020-07-14 13:36:35 - [TEST_STEP][PASSED] - println("Is this information correct text is present on the Confirmation page"): null

2020-07-14 13:36:35 - [TEST_STEP][PASSED] - if (verifyElementPresent(findTestObject("Object Repository/IWP30/Page_Confirmation/ConfirmButton"), 30)): null

2020-07-14 13:36:35 - [MESSAGE][PASSED] - Object 'Object Repository/IWP30/Page_Confirmation/ConfirmButton' is present

2020-07-14 13:36:35 - [TEST_STEP][PASSED] - click(findTestObject("Object Repository/IWP30/Page_Confirmation/ConfirmButton")): Object: 'Object Repository/IWP30/Page_Confirmation/ConfirmButton' is clicked on

2020-07-14 13:36:36 - [MESSAGE][PASSED] - Object: 'Object Repository/IWP30/Page_Confirmation/ConfirmButton' is clicked on

2020-07-14 13:36:36 - [TEST_STEP][PASSED] - Thread.sleep(10000): null

2020-07-14 13:36:46 - [TEST_STEP][PASSED] - if (verifyTextPresent("Successful Payment Receipt", false)): null

2020-07-14 13:36:47 - [MESSAGE][PASSED] - Text 'Successful Payment Receipt' is present on page 

2020-07-14 13:36:47 - [TEST_STEP][PASSED] - println("Successful Payment Receipt text is present on the Receipt page"): null

2020-07-14 13:36:47 - [TEST_STEP][PASSED] - if (verifyTextPresent("Please print this receipt for your records", false)): null

2020-07-14 13:36:47 - [MESSAGE][PASSED] - Text 'Please print this receipt for your records' is present on page 

2020-07-14 13:36:47 - [TEST_STEP][PASSED] - println("Please print this receipt for your records text is present on the Receipt page"): null

2020-07-14 13:36:47 - [TEST_STEP][PASSED] - if (verifyElementPresent(findTestObject("Object Repository/IWP30/Page_Receipt/ExitButton"), 30)): null

2020-07-14 13:36:47 - [MESSAGE][PASSED] - Object 'Object Repository/IWP30/Page_Receipt/ExitButton' is present

2020-07-14 13:36:47 - [TEST_STEP][PASSED] - println("Exit Button is present on the Receipt page"): null

2020-07-14 13:36:47 - [TEST_STEP][PASSED] - closeBrowser(): Browser is closed

2020-07-14 13:36:48 - [MESSAGE][PASSED] - Browser is closed

2020-07-14 13:36:48 - [TEST_STEP][PASSED] - try: null

2020-07-14 13:36:48 - [TEST_STEP][PASSED] - MV = findTestData("IWP30PayNowCC").getValue("MV", row): null

2020-07-14 13:36:48 - [TEST_STEP][PASSED] - println(MV): null

2020-07-14 13:36:48 - [TEST_STEP][PASSED] - Amount = findTestData("IWP30PayNowCC").getValue("Amount", row): null

2020-07-14 13:36:48 - [TEST_STEP][PASSED] - println(Amount): null

2020-07-14 13:36:48 - [TEST_STEP][PASSED] - CAN = findTestData("IWP30PayNowCC").getValue("CAN", row): null

2020-07-14 13:36:48 - [TEST_STEP][PASSED] - println(CAN): null

2020-07-14 13:36:48 - [TEST_STEP][PASSED] - Action = findTestData("IWP30PayNowCC").getValue("Action", row): null

2020-07-14 13:36:48 - [TEST_STEP][PASSED] - println(Action): null

2020-07-14 13:36:48 - [TEST_STEP][PASSED] - Lang = findTestData("IWP30PayNowCC").getValue("Lang", row): null

2020-07-14 13:36:48 - [TEST_STEP][PASSED] - println(Lang): null

2020-07-14 13:36:48 - [TEST_STEP][PASSED] - Fname = findTestData("IWP30PayNowCC").getValue("Fname", row): null

2020-07-14 13:36:48 - [TEST_STEP][PASSED] - println(Fname): null

2020-07-14 13:36:48 - [TEST_STEP][PASSED] - Lname = findTestData("IWP30PayNowCC").getValue("Lname", row): null

2020-07-14 13:36:48 - [TEST_STEP][PASSED] - println(Lname): null

2020-07-14 13:36:48 - [TEST_STEP][PASSED] - AL1 = findTestData("IWP30PayNowCC").getValue("AL1", row): null

2020-07-14 13:36:48 - [TEST_STEP][PASSED] - println(AL1): null

2020-07-14 13:36:48 - [TEST_STEP][PASSED] - AL2 = findTestData("IWP30PayNowCC").getValue("AL2", row): null

2020-07-14 13:36:48 - [TEST_STEP][PASSED] - println(AL2): null

2020-07-14 13:36:48 - [TEST_STEP][PASSED] - Country = findTestData("IWP30PayNowCC").getValue("Country", row): null

2020-07-14 13:36:48 - [TEST_STEP][PASSED] - println(Country): null

2020-07-14 13:36:48 - [TEST_STEP][PASSED] - City = findTestData("IWP30PayNowCC").getValue("City", row): null

2020-07-14 13:36:48 - [TEST_STEP][PASSED] - println(City): null

2020-07-14 13:36:48 - [TEST_STEP][PASSED] - State = findTestData("IWP30PayNowCC").getValue("State", row): null

2020-07-14 13:36:48 - [TEST_STEP][PASSED] - println(State): null

2020-07-14 13:36:48 - [TEST_STEP][PASSED] - ZIP = findTestData("IWP30PayNowCC").getValue("ZIP", row): null

2020-07-14 13:36:48 - [TEST_STEP][PASSED] - println(ZIP): null

2020-07-14 13:36:48 - [TEST_STEP][PASSED] - Order = findTestData("IWP30PayNowCC").getValue("Order", row): null

2020-07-14 13:36:48 - [TEST_STEP][PASSED] - println(Order): null

2020-07-14 13:36:48 - [TEST_STEP][PASSED] - CompanyName = findTestData("IWP30PayNowCC").getValue("CompanyName", row): null

2020-07-14 13:36:48 - [TEST_STEP][PASSED] - println(CompanyName): null

2020-07-14 13:36:48 - [TEST_STEP][PASSED] - Email = findTestData("IWP30PayNowCC").getValue("Email", row): null

2020-07-14 13:36:48 - [TEST_STEP][PASSED] - println(Email): null

2020-07-14 13:36:48 - [TEST_STEP][PASSED] - UDF1 = findTestData("IWP30PayNowCC").getValue("UDF1", row): null

2020-07-14 13:36:48 - [TEST_STEP][PASSED] - println(UDF1): null

2020-07-14 13:36:48 - [TEST_STEP][PASSED] - UDF2 = findTestData("IWP30PayNowCC").getValue("UDF2", row): null

2020-07-14 13:36:48 - [TEST_STEP][PASSED] - println(UDF2): null

2020-07-14 13:36:48 - [TEST_STEP][PASSED] - UDF3 = findTestData("IWP30PayNowCC").getValue("UDF3", row): null

2020-07-14 13:36:49 - [TEST_STEP][PASSED] - println(UDF3): null

2020-07-14 13:36:49 - [TEST_STEP][PASSED] - UDF4 = findTestData("IWP30PayNowCC").getValue("UDF4", row): null

2020-07-14 13:36:49 - [TEST_STEP][PASSED] - println(UDF4): null

2020-07-14 13:36:49 - [TEST_STEP][PASSED] - UDF5 = findTestData("IWP30PayNowCC").getValue("UDF5", row): null

2020-07-14 13:36:49 - [TEST_STEP][PASSED] - println(UDF5): null

2020-07-14 13:36:49 - [TEST_STEP][PASSED] - UDF6 = findTestData("IWP30PayNowCC").getValue("UDF6", row): null

2020-07-14 13:36:49 - [TEST_STEP][PASSED] - println(UDF6): null

2020-07-14 13:36:49 - [TEST_STEP][PASSED] - UDF7 = findTestData("IWP30PayNowCC").getValue("UDF7", row): null

2020-07-14 13:36:49 - [TEST_STEP][PASSED] - println(UDF7): null

2020-07-14 13:36:49 - [TEST_STEP][PASSED] - UDF8 = findTestData("IWP30PayNowCC").getValue("UDF8", row): null

2020-07-14 13:36:49 - [TEST_STEP][PASSED] - println(UDF8): null

2020-07-14 13:36:49 - [TEST_STEP][PASSED] - UDF9 = findTestData("IWP30PayNowCC").getValue("UDF9", row): null

2020-07-14 13:36:49 - [TEST_STEP][PASSED] - println(UDF9): null

2020-07-14 13:36:49 - [TEST_STEP][PASSED] - UDF10 = findTestData("IWP30PayNowCC").getValue("UDF10", row): null

2020-07-14 13:36:49 - [TEST_STEP][PASSED] - println(UDF10): null

2020-07-14 13:36:49 - [TEST_STEP][PASSED] - AppID = findTestData("IWP30PayNowCC").getValue("AppID", row): null

2020-07-14 13:36:49 - [TEST_STEP][PASSED] - println(AppID): null

2020-07-14 13:36:49 - [TEST_STEP][PASSED] - MessageVersion = findTestData("IWP30PayNowCC").getValue("MessageVersion", row): null

2020-07-14 13:36:49 - [TEST_STEP][PASSED] - println(MessageVersion): null

2020-07-14 13:36:49 - [TEST_STEP][PASSED] - CCAmount = findTestData("IWP30PayNowCC").getValue("CCAmount", row): null

2020-07-14 13:36:49 - [TEST_STEP][PASSED] - println(CCAmount): null

2020-07-14 13:36:49 - [TEST_STEP][PASSED] - CCUDF1 = findTestData("IWP30PayNowCC").getValue("CCUDF1", row): null

2020-07-14 13:36:49 - [TEST_STEP][PASSED] - println(CCUDF1): null

2020-07-14 13:36:49 - [TEST_STEP][PASSED] - CCUDF2 = findTestData("IWP30PayNowCC").getValue("CCUDF2", row): null

2020-07-14 13:36:49 - [TEST_STEP][PASSED] - println(CCUDF2): null

2020-07-14 13:36:49 - [TEST_STEP][PASSED] - CCUDF3 = findTestData("IWP30PayNowCC").getValue("CCUDF3", row): null

2020-07-14 13:36:49 - [TEST_STEP][PASSED] - println(CCUDF3): null

2020-07-14 13:36:49 - [TEST_STEP][PASSED] - CCUDF4 = findTestData("IWP30PayNowCC").getValue("CCUDF4", row): null

2020-07-14 13:36:49 - [TEST_STEP][PASSED] - println(CCUDF4): null

2020-07-14 13:36:49 - [TEST_STEP][PASSED] - CCUDF5 = findTestData("IWP30PayNowCC").getValue("CCUDF5", row): null

2020-07-14 13:36:49 - [TEST_STEP][PASSED] - println(CCUDF5): null

2020-07-14 13:36:49 - [TEST_STEP][PASSED] - CCUDF6 = findTestData("IWP30PayNowCC").getValue("CCUDF6", row): null

2020-07-14 13:36:49 - [TEST_STEP][PASSED] - println(CCUDF6): null

2020-07-14 13:36:49 - [TEST_STEP][PASSED] - CCUDF7 = findTestData("IWP30PayNowCC").getValue("CCUDF7", row): null

2020-07-14 13:36:49 - [TEST_STEP][PASSED] - println(CCUDF7): null

2020-07-14 13:36:49 - [TEST_STEP][PASSED] - CCUDF8 = findTestData("IWP30PayNowCC").getValue("CCUDF8", row): null

2020-07-14 13:36:49 - [TEST_STEP][PASSED] - println(CCUDF8): null

2020-07-14 13:36:49 - [TEST_STEP][PASSED] - CCUDF9 = findTestData("IWP30PayNowCC").getValue("CCUDF9", row): null

2020-07-14 13:36:49 - [TEST_STEP][PASSED] - println(CCUDF9): null

2020-07-14 13:36:49 - [TEST_STEP][PASSED] - CCUDF10 = findTestData("IWP30PayNowCC").getValue("CCUDF10", row): null

2020-07-14 13:36:49 - [TEST_STEP][PASSED] - println(CCUDF10): null

2020-07-14 13:36:49 - [TEST_STEP][PASSED] - CCName = findTestData("IWP30PayNowCC").getValue("CCName", row): null

2020-07-14 13:36:49 - [TEST_STEP][PASSED] - println(CCName): null

2020-07-14 13:36:49 - [TEST_STEP][PASSED] - CCCardNum = findTestData("IWP30PayNowCC").getValue("CCCardNum", row): null

2020-07-14 13:36:49 - [TEST_STEP][PASSED] - println(CCCardNum): null

2020-07-14 13:36:49 - [TEST_STEP][PASSED] - CCSPC = findTestData("IWP30PayNowCC").getValue("CCSPC", row): null

2020-07-14 13:36:49 - [TEST_STEP][PASSED] - println(CCSPC): null

2020-07-14 13:36:49 - [TEST_STEP][PASSED] - CCExpM = findTestData("IWP30PayNowCC").getValue("CCExpM", row): null

2020-07-14 13:36:49 - [TEST_STEP][PASSED] - println(CCExpM): null

2020-07-14 13:36:49 - [TEST_STEP][PASSED] - CCExpY = findTestData("IWP30PayNowCC").getValue("CCExpY", row): null

2020-07-14 13:36:49 - [TEST_STEP][PASSED] - println(CCExpY): null

2020-07-14 13:36:49 - [TEST_STEP][PASSED] - CCDate = findTestData("IWP30PayNowCC").getValue("CCDate", row): null

2020-07-14 13:36:49 - [TEST_STEP][PASSED] - println(CCDate): null

2020-07-14 13:36:49 - [TEST_STEP][PASSED] - CCAL1 = findTestData("IWP30PayNowCC").getValue("CCAL1", row): null

2020-07-14 13:36:49 - [TEST_STEP][PASSED] - println(CCAL1): null

2020-07-14 13:36:49 - [TEST_STEP][PASSED] - CCAL2 = findTestData("IWP30PayNowCC").getValue("CCAL2", row): null

2020-07-14 13:36:49 - [TEST_STEP][PASSED] - println(CCAL2): null

2020-07-14 13:36:49 - [TEST_STEP][PASSED] - CCZIP = findTestData("IWP30PayNowCC").getValue("CCZIP", row): null

2020-07-14 13:36:49 - [TEST_STEP][PASSED] - println(CCZIP): null

2020-07-14 13:36:49 - [TEST_STEP][PASSED] - CCEmail = findTestData("IWP30PayNowCC").getValue("CCEmail", row): null

2020-07-14 13:36:49 - [TEST_STEP][PASSED] - println(CCEmail): null

2020-07-14 13:36:49 - [TEST_STEP][PASSED] - openBrowser(urlEmulator): Browser is opened with url: 'https://qa.velocitypayment.com/agency/config.do?action=editor'

2020-07-14 13:36:49 - [MESSAGE][INFO] - Starting 'Chrome' driver

2020-07-14 13:36:49 - [MESSAGE][INFO] - User set preference: ['acceptInsecureCerts', 'true']

2020-07-14 13:36:49 - [MESSAGE][INFO] - Action delay is set to 0 milliseconds

2020-07-14 13:36:53 - [MESSAGE][PASSED] - Browser is opened with url: 'https://qa.velocitypayment.com/agency/config.do?action=editor'

2020-07-14 13:36:53 - [TEST_STEP][PASSED] - maximizeWindow(): Current window maximized

2020-07-14 13:36:53 - [MESSAGE][PASSED] - Current window maximized

2020-07-14 13:36:53 - [TEST_STEP][PASSED] - selectOptionByValue(findTestObject("IWP30/Page_VRelay30Emulator/MV"), MV, true): All options with value '3.0' are selected in object 'Object Repository/IWP30/Page_VRelay30Emulator/MV'  using regular expression

2020-07-14 13:36:54 - [MESSAGE][PASSED] - All options with value '3.0' are selected in object 'Object Repository/IWP30/Page_VRelay30Emulator/MV'  using regular expression

2020-07-14 13:36:54 - [TEST_STEP][PASSED] - setText(findTestObject("IWP30/Page_VRelay30Emulator/Amount"), Amount): Text '35.50' is set on object 'Object Repository/IWP30/Page_VRelay30Emulator/Amount'

2020-07-14 13:36:55 - [MESSAGE][PASSED] - Text '35.50' is set on object 'Object Repository/IWP30/Page_VRelay30Emulator/Amount'

2020-07-14 13:36:55 - [TEST_STEP][PASSED] - setText(findTestObject("IWP30/Page_VRelay30Emulator/CAN"), CAN): Text '26412109' is set on object 'Object Repository/IWP30/Page_VRelay30Emulator/CAN'

2020-07-14 13:36:56 - [MESSAGE][PASSED] - Text '26412109' is set on object 'Object Repository/IWP30/Page_VRelay30Emulator/CAN'

2020-07-14 13:36:56 - [TEST_STEP][PASSED] - setText(findTestObject("IWP30/Page_VRelay30Emulator/Action"), Action): Text 'PayNow' is set on object 'Object Repository/IWP30/Page_VRelay30Emulator/Action'

2020-07-14 13:36:56 - [MESSAGE][PASSED] - Text 'PayNow' is set on object 'Object Repository/IWP30/Page_VRelay30Emulator/Action'

2020-07-14 13:36:56 - [TEST_STEP][PASSED] - setText(findTestObject("IWP30/Page_VRelay30Emulator/Lang"), Lang): Text 'en_US' is set on object 'Object Repository/IWP30/Page_VRelay30Emulator/Lang'

2020-07-14 13:36:57 - [MESSAGE][PASSED] - Text 'en_US' is set on object 'Object Repository/IWP30/Page_VRelay30Emulator/Lang'

2020-07-14 13:36:57 - [TEST_STEP][PASSED] - setText(findTestObject("IWP30/Page_VRelay30Emulator/Fname"), Fname): Text 'Jonty' is set on object 'Object Repository/IWP30/Page_VRelay30Emulator/Fname'

2020-07-14 13:36:57 - [MESSAGE][PASSED] - Text 'Jonty' is set on object 'Object Repository/IWP30/Page_VRelay30Emulator/Fname'

2020-07-14 13:36:57 - [TEST_STEP][PASSED] - setText(findTestObject("IWP30/Page_VRelay30Emulator/Lname"), Lname): Text 'Smith' is set on object 'Object Repository/IWP30/Page_VRelay30Emulator/Lname'

2020-07-14 13:36:58 - [MESSAGE][PASSED] - Text 'Smith' is set on object 'Object Repository/IWP30/Page_VRelay30Emulator/Lname'

2020-07-14 13:36:58 - [TEST_STEP][PASSED] - setText(findTestObject("IWP30/Page_VRelay30Emulator/AL1"), AL1): Text '15 Elm St' is set on object 'Object Repository/IWP30/Page_VRelay30Emulator/AL1'

2020-07-14 13:36:59 - [MESSAGE][PASSED] - Text '15 Elm St' is set on object 'Object Repository/IWP30/Page_VRelay30Emulator/AL1'

2020-07-14 13:36:59 - [TEST_STEP][PASSED] - setText(findTestObject("IWP30/Page_VRelay30Emulator/AL2"), AL2): Text 'Suite 600' is set on object 'Object Repository/IWP30/Page_VRelay30Emulator/AL2'

2020-07-14 13:37:00 - [MESSAGE][PASSED] - Text 'Suite 600' is set on object 'Object Repository/IWP30/Page_VRelay30Emulator/AL2'

2020-07-14 13:37:00 - [TEST_STEP][PASSED] - setText(findTestObject("IWP30/Page_VRelay30Emulator/Country"), Country): Text '840' is set on object 'Object Repository/IWP30/Page_VRelay30Emulator/Country'

2020-07-14 13:37:00 - [MESSAGE][PASSED] - Text '840' is set on object 'Object Repository/IWP30/Page_VRelay30Emulator/Country'

2020-07-14 13:37:00 - [TEST_STEP][PASSED] - setText(findTestObject("IWP30/Page_VRelay30Emulator/City"), City): Text 'Gambrills' is set on object 'Object Repository/IWP30/Page_VRelay30Emulator/City'

2020-07-14 13:37:01 - [MESSAGE][PASSED] - Text 'Gambrills' is set on object 'Object Repository/IWP30/Page_VRelay30Emulator/City'

2020-07-14 13:37:01 - [TEST_STEP][PASSED] - setText(findTestObject("IWP30/Page_VRelay30Emulator/State"), State): Text 'MD' is set on object 'Object Repository/IWP30/Page_VRelay30Emulator/State'

2020-07-14 13:37:02 - [MESSAGE][PASSED] - Text 'MD' is set on object 'Object Repository/IWP30/Page_VRelay30Emulator/State'

2020-07-14 13:37:02 - [TEST_STEP][PASSED] - setText(findTestObject("IWP30/Page_VRelay30Emulator/ZIP"), ZIP): Text '21054' is set on object 'Object Repository/IWP30/Page_VRelay30Emulator/ZIP'

2020-07-14 13:37:02 - [MESSAGE][PASSED] - Text '21054' is set on object 'Object Repository/IWP30/Page_VRelay30Emulator/ZIP'

2020-07-14 13:37:02 - [TEST_STEP][PASSED] - setText(findTestObject("IWP30/Page_VRelay30Emulator/Order"), Order): Text '' is set on object 'Object Repository/IWP30/Page_VRelay30Emulator/Order'

2020-07-14 13:37:03 - [MESSAGE][PASSED] - Text '' is set on object 'Object Repository/IWP30/Page_VRelay30Emulator/Order'

2020-07-14 13:37:03 - [TEST_STEP][PASSED] - setText(findTestObject("IWP30/Page_VRelay30Emulator/Company"), CompanyName): Text '' is set on object 'Object Repository/IWP30/Page_VRelay30Emulator/Company'

2020-07-14 13:37:04 - [MESSAGE][PASSED] - Text '' is set on object 'Object Repository/IWP30/Page_VRelay30Emulator/Company'

2020-07-14 13:37:04 - [TEST_STEP][PASSED] - setText(findTestObject("IWP30/Page_VRelay30Emulator/Email"), Email): Text 'iahmed@govolution.com' is set on object 'Object Repository/IWP30/Page_VRelay30Emulator/Email'

2020-07-14 13:37:04 - [MESSAGE][PASSED] - Text 'iahmed@govolution.com' is set on object 'Object Repository/IWP30/Page_VRelay30Emulator/Email'

2020-07-14 13:37:04 - [TEST_STEP][PASSED] - setText(findTestObject("IWP30/Page_VRelay30Emulator/UDF1"), UDF1): Text 'udf data 1' is set on object 'Object Repository/IWP30/Page_VRelay30Emulator/UDF1'

2020-07-14 13:37:05 - [MESSAGE][PASSED] - Text 'udf data 1' is set on object 'Object Repository/IWP30/Page_VRelay30Emulator/UDF1'

2020-07-14 13:37:05 - [TEST_STEP][PASSED] - setText(findTestObject("IWP30/Page_VRelay30Emulator/UDF2"), UDF2): Text 'udf data 2' is set on object 'Object Repository/IWP30/Page_VRelay30Emulator/UDF2'

2020-07-14 13:37:06 - [MESSAGE][PASSED] - Text 'udf data 2' is set on object 'Object Repository/IWP30/Page_VRelay30Emulator/UDF2'

2020-07-14 13:37:06 - [TEST_STEP][PASSED] - setText(findTestObject("IWP30/Page_VRelay30Emulator/UDF3"), UDF3): Text 'udf data 3' is set on object 'Object Repository/IWP30/Page_VRelay30Emulator/UDF3'

2020-07-14 13:37:06 - [MESSAGE][PASSED] - Text 'udf data 3' is set on object 'Object Repository/IWP30/Page_VRelay30Emulator/UDF3'

2020-07-14 13:37:06 - [TEST_STEP][PASSED] - setText(findTestObject("IWP30/Page_VRelay30Emulator/UDF4"), UDF4): Text 'udf data 4' is set on object 'Object Repository/IWP30/Page_VRelay30Emulator/UDF4'

2020-07-14 13:37:07 - [MESSAGE][PASSED] - Text 'udf data 4' is set on object 'Object Repository/IWP30/Page_VRelay30Emulator/UDF4'

2020-07-14 13:37:07 - [TEST_STEP][PASSED] - setText(findTestObject("IWP30/Page_VRelay30Emulator/UDF5"), UDF5): Text 'udf data 5' is set on object 'Object Repository/IWP30/Page_VRelay30Emulator/UDF5'

2020-07-14 13:37:08 - [MESSAGE][PASSED] - Text 'udf data 5' is set on object 'Object Repository/IWP30/Page_VRelay30Emulator/UDF5'

2020-07-14 13:37:08 - [TEST_STEP][PASSED] - setText(findTestObject("IWP30/Page_VRelay30Emulator/UDF6"), UDF6): Text 'udf data 6' is set on object 'Object Repository/IWP30/Page_VRelay30Emulator/UDF6'

2020-07-14 13:37:09 - [MESSAGE][PASSED] - Text 'udf data 6' is set on object 'Object Repository/IWP30/Page_VRelay30Emulator/UDF6'

2020-07-14 13:37:09 - [TEST_STEP][PASSED] - setText(findTestObject("IWP30/Page_VRelay30Emulator/UDF7"), UDF7): Text 'Orange' is set on object 'Object Repository/IWP30/Page_VRelay30Emulator/UDF7'

2020-07-14 13:37:09 - [MESSAGE][PASSED] - Text 'Orange' is set on object 'Object Repository/IWP30/Page_VRelay30Emulator/UDF7'

2020-07-14 13:37:09 - [TEST_STEP][PASSED] - setText(findTestObject("IWP30/Page_VRelay30Emulator/UDF8"), UDF8): Text 'Soccer' is set on object 'Object Repository/IWP30/Page_VRelay30Emulator/UDF8'

2020-07-14 13:37:10 - [MESSAGE][PASSED] - Text 'Soccer' is set on object 'Object Repository/IWP30/Page_VRelay30Emulator/UDF8'

2020-07-14 13:37:10 - [TEST_STEP][PASSED] - setText(findTestObject("IWP30/Page_VRelay30Emulator/UDF9"), UDF9): Text 'udf data 9' is set on object 'Object Repository/IWP30/Page_VRelay30Emulator/UDF9'

2020-07-14 13:37:11 - [MESSAGE][PASSED] - Text 'udf data 9' is set on object 'Object Repository/IWP30/Page_VRelay30Emulator/UDF9'

2020-07-14 13:37:11 - [TEST_STEP][PASSED] - setText(findTestObject("IWP30/Page_VRelay30Emulator/UDF10"), UDF10): Text 'udf data 10' is set on object 'Object Repository/IWP30/Page_VRelay30Emulator/UDF10'

2020-07-14 13:37:11 - [MESSAGE][PASSED] - Text 'udf data 10' is set on object 'Object Repository/IWP30/Page_VRelay30Emulator/UDF10'

2020-07-14 13:37:11 - [TEST_STEP][PASSED] - Thread.sleep(5000): null

2020-07-14 13:37:17 - [TEST_STEP][PASSED] - click(findTestObject("IWP30/Page_VRelay30Emulator/Submit")): Object: 'Object Repository/IWP30/Page_VRelay30Emulator/Submit' is clicked on

2020-07-14 13:37:17 - [MESSAGE][PASSED] - Object: 'Object Repository/IWP30/Page_VRelay30Emulator/Submit' is clicked on

2020-07-14 13:37:17 - [TEST_STEP][PASSED] - closeBrowser(): Browser is closed

2020-07-14 13:37:18 - [MESSAGE][PASSED] - Browser is closed

2020-07-14 13:37:18 - [TEST_STEP][PASSED] - openBrowser(urlTestHarness): Browser is opened with url: 'https://dev-algorithm.govolution.com/vrelaytest/QA/version_2_2/vrelaytest.html'

2020-07-14 13:37:18 - [MESSAGE][INFO] - Starting 'Chrome' driver

2020-07-14 13:37:18 - [MESSAGE][INFO] - User set preference: ['acceptInsecureCerts', 'true']

2020-07-14 13:37:18 - [MESSAGE][INFO] - Action delay is set to 0 milliseconds

2020-07-14 13:37:22 - [MESSAGE][PASSED] - Browser is opened with url: 'https://dev-algorithm.govolution.com/vrelaytest/QA/version_2_2/vrelaytest.html'

2020-07-14 13:37:22 - [TEST_STEP][PASSED] - maximizeWindow(): Current window maximized

2020-07-14 13:37:22 - [MESSAGE][PASSED] - Current window maximized

2020-07-14 13:37:22 - [TEST_STEP][PASSED] - genRemIDVoid = RandomStringUtils.random(12, true, true): null

2020-07-14 13:37:22 - [TEST_STEP][PASSED] - if (verifyElementPresent(findTestObject("Object Repository/IWP30/Page_QATestHarness/RemittanceID"), 30)): null

2020-07-14 13:37:23 - [MESSAGE][PASSED] - Object 'Object Repository/IWP30/Page_QATestHarness/RemittanceID' is present

2020-07-14 13:37:23 - [TEST_STEP][PASSED] - println("We are on Test Harness page, start populating"): null

2020-07-14 13:37:23 - [TEST_STEP][PASSED] - setText(findTestObject("Object Repository/IWP30/Page_QATestHarness/ApplicationID"), AppID): Text '649' is set on object 'Object Repository/IWP30/Page_QATestHarness/ApplicationID'

2020-07-14 13:37:24 - [MESSAGE][PASSED] - Text '649' is set on object 'Object Repository/IWP30/Page_QATestHarness/ApplicationID'

2020-07-14 13:37:24 - [TEST_STEP][PASSED] - setText(findTestObject("Object Repository/IWP30/Page_QATestHarness/MessageVersion"), MessageVersion): Text '3.0' is set on object 'Object Repository/IWP30/Page_QATestHarness/MessageVersion'

2020-07-14 13:37:24 - [MESSAGE][PASSED] - Text '3.0' is set on object 'Object Repository/IWP30/Page_QATestHarness/MessageVersion'

2020-07-14 13:37:24 - [TEST_STEP][PASSED] - setText(findTestObject("Object Repository/IWP30/Page_QATestHarness/RemittanceID"), genRemIDVoid): Text 'oC1fKWKk0h6r' is set on object 'Object Repository/IWP30/Page_QATestHarness/RemittanceID'

2020-07-14 13:37:25 - [MESSAGE][PASSED] - Text 'oC1fKWKk0h6r' is set on object 'Object Repository/IWP30/Page_QATestHarness/RemittanceID'

2020-07-14 13:37:25 - [TEST_STEP][PASSED] - click(findTestObject("Object Repository/IWP30/Page_QATestHarness/SubmitButton")): Object: 'Object Repository/IWP30/Page_QATestHarness/SubmitButton' is clicked on

2020-07-14 13:37:26 - [MESSAGE][PASSED] - Object: 'Object Repository/IWP30/Page_QATestHarness/SubmitButton' is clicked on

2020-07-14 13:37:26 - [TEST_STEP][PASSED] - if (verifyElementPresent(findTestObject("Object Repository/IWP30/Page_SelectPaymentMethod/PayByCreditCard"), 30)): null

2020-07-14 13:37:27 - [MESSAGE][PASSED] - Object 'Object Repository/IWP30/Page_SelectPaymentMethod/PayByCreditCard' is present

2020-07-14 13:37:27 - [TEST_STEP][PASSED] - println("We are on Select Payment Method page, start populating"): null

2020-07-14 13:37:27 - [TEST_STEP][PASSED] - check(findTestObject("Object Repository/IWP30/Page_SelectPaymentMethod/PayByCreditCard")): Object 'Object Repository/IWP30/Page_SelectPaymentMethod/PayByCreditCard' is checked

2020-07-14 13:37:27 - [MESSAGE][PASSED] - Object 'Object Repository/IWP30/Page_SelectPaymentMethod/PayByCreditCard' is checked

2020-07-14 13:37:27 - [TEST_STEP][PASSED] - Thread.sleep(1000): null

2020-07-14 13:37:28 - [TEST_STEP][PASSED] - click(findTestObject("Object Repository/IWP30/Page_SelectPaymentMethod/MakePaymentButton")): Object: 'Object Repository/IWP30/Page_SelectPaymentMethod/MakePaymentButton' is clicked on

2020-07-14 13:37:29 - [MESSAGE][PASSED] - Object: 'Object Repository/IWP30/Page_SelectPaymentMethod/MakePaymentButton' is clicked on

2020-07-14 13:37:29 - [TEST_STEP][PASSED] - if (verifyElementPresent(findTestObject("Object Repository/IWP30/Page_CCPaymentEntry/Name"), 30)): null

2020-07-14 13:37:30 - [MESSAGE][PASSED] - Object 'Object Repository/IWP30/Page_CCPaymentEntry/Name' is present

2020-07-14 13:37:30 - [TEST_STEP][PASSED] - println("We are on Credit Card Payment Entry page, start populating"): null

2020-07-14 13:37:30 - [TEST_STEP][PASSED] - if (verifyElementPresent(findTestObject("Object Repository/IWP30/Page_CCPaymentEntry/Amount"), 30)): null

2020-07-14 13:37:30 - [MESSAGE][PASSED] - Object 'Object Repository/IWP30/Page_CCPaymentEntry/Amount' is present

2020-07-14 13:37:30 - [TEST_STEP][PASSED] - if (!(CCAmount.isEmpty())): Text '112.50' is set on object 'Object Repository/IWP30/Page_CCPaymentEntry/Amount'

2020-07-14 13:37:30 - [TEST_STEP][PASSED] - setText(findTestObject("Object Repository/IWP30/Page_CCPaymentEntry/Amount"), CCAmount): Text '112.50' is set on object 'Object Repository/IWP30/Page_CCPaymentEntry/Amount'

2020-07-14 13:37:31 - [MESSAGE][PASSED] - Text '112.50' is set on object 'Object Repository/IWP30/Page_CCPaymentEntry/Amount'

2020-07-14 13:37:31 - [TEST_STEP][PASSED] - if (verifyElementPresent(findTestObject("Object Repository/IWP30/Page_CCPaymentEntry/UserDefined2"), 30)): null

2020-07-14 13:37:31 - [MESSAGE][PASSED] - Object 'Object Repository/IWP30/Page_CCPaymentEntry/UserDefined2' is present

2020-07-14 13:37:31 - [TEST_STEP][PASSED] - if (!(CCUDF2.isEmpty())): Text 'Circle' is set on object 'Object Repository/IWP30/Page_CCPaymentEntry/UserDefined2'

2020-07-14 13:37:31 - [TEST_STEP][PASSED] - setText(findTestObject("Object Repository/IWP30/Page_CCPaymentEntry/UserDefined2"), CCUDF2): Text 'Circle' is set on object 'Object Repository/IWP30/Page_CCPaymentEntry/UserDefined2'

2020-07-14 13:37:31 - [MESSAGE][PASSED] - Text 'Circle' is set on object 'Object Repository/IWP30/Page_CCPaymentEntry/UserDefined2'

2020-07-14 13:37:31 - [TEST_STEP][PASSED] - if (verifyElementPresent(findTestObject("Object Repository/IWP30/Page_CCPaymentEntry/UserDefined3"), 30)): null

2020-07-14 13:37:32 - [MESSAGE][PASSED] - Object 'Object Repository/IWP30/Page_CCPaymentEntry/UserDefined3' is present

2020-07-14 13:37:32 - [TEST_STEP][PASSED] - if (!(CCUDF3.isEmpty())): Text 'Triangle' is set on object 'Object Repository/IWP30/Page_CCPaymentEntry/UserDefined3'

2020-07-14 13:37:32 - [TEST_STEP][PASSED] - setText(findTestObject("Object Repository/IWP30/Page_CCPaymentEntry/UserDefined3"), CCUDF3): Text 'Triangle' is set on object 'Object Repository/IWP30/Page_CCPaymentEntry/UserDefined3'

2020-07-14 13:37:32 - [MESSAGE][PASSED] - Text 'Triangle' is set on object 'Object Repository/IWP30/Page_CCPaymentEntry/UserDefined3'

2020-07-14 13:37:32 - [TEST_STEP][PASSED] - if (verifyElementPresent(findTestObject("Object Repository/IWP30/Page_CCPaymentEntry/UserDefined7"), 30)): null

2020-07-14 13:37:33 - [MESSAGE][PASSED] - Object 'Object Repository/IWP30/Page_CCPaymentEntry/UserDefined7' is present

2020-07-14 13:37:33 - [TEST_STEP][PASSED] - if (!(CCUDF7.isEmpty())): All options with label 'Purple' are selected in object 'Object Repository/IWP30/Page_CCPaymentEntry/UserDefined7' 

2020-07-14 13:37:33 - [TEST_STEP][PASSED] - selectOptionByLabel(findTestObject("Object Repository/IWP30/Page_CCPaymentEntry/UserDefined7"), CCUDF7, false): All options with label 'Purple' are selected in object 'Object Repository/IWP30/Page_CCPaymentEntry/UserDefined7' 

2020-07-14 13:37:33 - [MESSAGE][PASSED] - All options with label 'Purple' are selected in object 'Object Repository/IWP30/Page_CCPaymentEntry/UserDefined7' 

2020-07-14 13:37:33 - [TEST_STEP][PASSED] - if (verifyElementPresent(findTestObject("Object Repository/IWP30/Page_CCPaymentEntry/UserDefined8"), 30)): null

2020-07-14 13:37:34 - [MESSAGE][PASSED] - Object 'Object Repository/IWP30/Page_CCPaymentEntry/UserDefined8' is present

2020-07-14 13:37:34 - [TEST_STEP][PASSED] - if (!(CCUDF8.isEmpty())): All options with label 'Tennis' are selected in object 'Object Repository/IWP30/Page_CCPaymentEntry/UserDefined8' 

2020-07-14 13:37:34 - [TEST_STEP][PASSED] - selectOptionByLabel(findTestObject("Object Repository/IWP30/Page_CCPaymentEntry/UserDefined8"), CCUDF8, false): All options with label 'Tennis' are selected in object 'Object Repository/IWP30/Page_CCPaymentEntry/UserDefined8' 

2020-07-14 13:37:34 - [MESSAGE][PASSED] - All options with label 'Tennis' are selected in object 'Object Repository/IWP30/Page_CCPaymentEntry/UserDefined8' 

2020-07-14 13:37:34 - [TEST_STEP][PASSED] - if (verifyElementPresent(findTestObject("Object Repository/IWP30/Page_CCPaymentEntry/Name"), 30)): null

2020-07-14 13:37:34 - [MESSAGE][PASSED] - Object 'Object Repository/IWP30/Page_CCPaymentEntry/Name' is present

2020-07-14 13:37:34 - [TEST_STEP][PASSED] - if (!(CCName.isEmpty())): Text 'Alan Donald' is set on object 'Object Repository/IWP30/Page_CCPaymentEntry/Name'

2020-07-14 13:37:34 - [TEST_STEP][PASSED] - setText(findTestObject("Object Repository/IWP30/Page_CCPaymentEntry/Name"), CCName): Text 'Alan Donald' is set on object 'Object Repository/IWP30/Page_CCPaymentEntry/Name'

2020-07-14 13:37:35 - [MESSAGE][PASSED] - Text 'Alan Donald' is set on object 'Object Repository/IWP30/Page_CCPaymentEntry/Name'

2020-07-14 13:37:35 - [TEST_STEP][PASSED] - if (verifyElementPresent(findTestObject("Object Repository/IWP30/Page_CCPaymentEntry/CardNumber"), 30)): null

2020-07-14 13:37:35 - [MESSAGE][PASSED] - Object 'Object Repository/IWP30/Page_CCPaymentEntry/CardNumber' is present

2020-07-14 13:37:35 - [TEST_STEP][PASSED] - if (!(CCCardNum.isEmpty())): Text '4111111111111111' is set on object 'Object Repository/IWP30/Page_CCPaymentEntry/CardNumber'

2020-07-14 13:37:35 - [TEST_STEP][PASSED] - setText(findTestObject("Object Repository/IWP30/Page_CCPaymentEntry/CardNumber"), CCCardNum): Text '4111111111111111' is set on object 'Object Repository/IWP30/Page_CCPaymentEntry/CardNumber'

2020-07-14 13:37:36 - [MESSAGE][PASSED] - Text '4111111111111111' is set on object 'Object Repository/IWP30/Page_CCPaymentEntry/CardNumber'

2020-07-14 13:37:36 - [TEST_STEP][PASSED] - if (verifyElementPresent(findTestObject("Object Repository/IWP30/Page_CCPaymentEntry/SPC"), 30)): null

2020-07-14 13:37:36 - [MESSAGE][PASSED] - Object 'Object Repository/IWP30/Page_CCPaymentEntry/SPC' is present

2020-07-14 13:37:36 - [TEST_STEP][PASSED] - if (!(CCSPC.isEmpty())): Text '258' is set on object 'Object Repository/IWP30/Page_CCPaymentEntry/SPC'

2020-07-14 13:37:36 - [TEST_STEP][PASSED] - setText(findTestObject("Object Repository/IWP30/Page_CCPaymentEntry/SPC"), CCSPC): Text '258' is set on object 'Object Repository/IWP30/Page_CCPaymentEntry/SPC'

2020-07-14 13:37:37 - [MESSAGE][PASSED] - Text '258' is set on object 'Object Repository/IWP30/Page_CCPaymentEntry/SPC'

2020-07-14 13:37:37 - [TEST_STEP][PASSED] - if (verifyElementPresent(findTestObject("Object Repository/IWP30/Page_CCPaymentEntry/Month"), 30)): null

2020-07-14 13:37:37 - [MESSAGE][PASSED] - Object 'Object Repository/IWP30/Page_CCPaymentEntry/Month' is present

2020-07-14 13:37:37 - [TEST_STEP][PASSED] - if (!(CCExpM.isEmpty())): All options with label '10' are selected in object 'Object Repository/IWP30/Page_CCPaymentEntry/Month' 

2020-07-14 13:37:37 - [TEST_STEP][PASSED] - selectOptionByLabel(findTestObject("Object Repository/IWP30/Page_CCPaymentEntry/Month"), CCExpM, false): All options with label '10' are selected in object 'Object Repository/IWP30/Page_CCPaymentEntry/Month' 

2020-07-14 13:37:38 - [MESSAGE][PASSED] - All options with label '10' are selected in object 'Object Repository/IWP30/Page_CCPaymentEntry/Month' 

2020-07-14 13:37:38 - [TEST_STEP][PASSED] - if (verifyElementPresent(findTestObject("Object Repository/IWP30/Page_CCPaymentEntry/Year"), 30)): null

2020-07-14 13:37:38 - [MESSAGE][PASSED] - Object 'Object Repository/IWP30/Page_CCPaymentEntry/Year' is present

2020-07-14 13:37:38 - [TEST_STEP][PASSED] - if (!(CCExpY.isEmpty())): All options with label '2025' are selected in object 'Object Repository/IWP30/Page_CCPaymentEntry/Year' 

2020-07-14 13:37:38 - [TEST_STEP][PASSED] - selectOptionByLabel(findTestObject("Object Repository/IWP30/Page_CCPaymentEntry/Year"), CCExpY, false): All options with label '2025' are selected in object 'Object Repository/IWP30/Page_CCPaymentEntry/Year' 

2020-07-14 13:37:39 - [MESSAGE][PASSED] - All options with label '2025' are selected in object 'Object Repository/IWP30/Page_CCPaymentEntry/Year' 

2020-07-14 13:37:39 - [TEST_STEP][PASSED] - if (verifyElementPresent(findTestObject("Object Repository/IWP30/Page_CCPaymentEntry/ProcessDate"), 30)): null

2020-07-14 13:37:39 - [MESSAGE][PASSED] - Object 'Object Repository/IWP30/Page_CCPaymentEntry/ProcessDate' is present

2020-07-14 13:37:39 - [TEST_STEP][PASSED] - if (!(CCDate.isEmpty())): null

2020-07-14 13:37:39 - [TEST_STEP][PASSED] - else: null

2020-07-14 13:37:39 - [TEST_STEP][PASSED] - println("CCDate is not present in the Excel Spreadsheet"): null

2020-07-14 13:37:39 - [TEST_STEP][PASSED] - if (verifyElementPresent(findTestObject("Object Repository/IWP30/Page_CCPaymentEntry/AL1"), 30)): null

2020-07-14 13:37:39 - [MESSAGE][PASSED] - Object 'Object Repository/IWP30/Page_CCPaymentEntry/AL1' is present

2020-07-14 13:37:39 - [TEST_STEP][PASSED] - if (!(CCAL1.isEmpty())): Text 'Mera AL1' is set on object 'Object Repository/IWP30/Page_CCPaymentEntry/AL1'

2020-07-14 13:37:39 - [TEST_STEP][PASSED] - setText(findTestObject("Object Repository/IWP30/Page_CCPaymentEntry/AL1"), CCAL1): Text 'Mera AL1' is set on object 'Object Repository/IWP30/Page_CCPaymentEntry/AL1'

2020-07-14 13:37:40 - [MESSAGE][PASSED] - Text 'Mera AL1' is set on object 'Object Repository/IWP30/Page_CCPaymentEntry/AL1'

2020-07-14 13:37:40 - [TEST_STEP][PASSED] - if (verifyElementPresent(findTestObject("Object Repository/IWP30/Page_CCPaymentEntry/AL2"), 30)): null

2020-07-14 13:37:40 - [MESSAGE][PASSED] - Object 'Object Repository/IWP30/Page_CCPaymentEntry/AL2' is present

2020-07-14 13:37:40 - [TEST_STEP][PASSED] - if (!(CCAL2.isEmpty())): Text 'Mera AL2' is set on object 'Object Repository/IWP30/Page_CCPaymentEntry/AL2'

2020-07-14 13:37:40 - [TEST_STEP][PASSED] - setText(findTestObject("Object Repository/IWP30/Page_CCPaymentEntry/AL2"), CCAL2): Text 'Mera AL2' is set on object 'Object Repository/IWP30/Page_CCPaymentEntry/AL2'

2020-07-14 13:37:41 - [MESSAGE][PASSED] - Text 'Mera AL2' is set on object 'Object Repository/IWP30/Page_CCPaymentEntry/AL2'

2020-07-14 13:37:41 - [TEST_STEP][PASSED] - if (verifyElementPresent(findTestObject("Object Repository/IWP30/Page_CCPaymentEntry/ZIP"), 30)): null

2020-07-14 13:37:41 - [MESSAGE][PASSED] - Object 'Object Repository/IWP30/Page_CCPaymentEntry/ZIP' is present

2020-07-14 13:37:41 - [TEST_STEP][PASSED] - if (!(CCZIP.isEmpty())): Text '21054' is set on object 'Object Repository/IWP30/Page_CCPaymentEntry/ZIP'

2020-07-14 13:37:41 - [TEST_STEP][PASSED] - setText(findTestObject("Object Repository/IWP30/Page_CCPaymentEntry/ZIP"), CCZIP): Text '21054' is set on object 'Object Repository/IWP30/Page_CCPaymentEntry/ZIP'

2020-07-14 13:37:42 - [MESSAGE][PASSED] - Text '21054' is set on object 'Object Repository/IWP30/Page_CCPaymentEntry/ZIP'

2020-07-14 13:37:42 - [TEST_STEP][PASSED] - if (verifyElementPresent(findTestObject("Object Repository/IWP30/Page_CCPaymentEntry/EmailAddress"), 30)): null

2020-07-14 13:37:43 - [MESSAGE][PASSED] - Object 'Object Repository/IWP30/Page_CCPaymentEntry/EmailAddress' is present

2020-07-14 13:37:43 - [TEST_STEP][PASSED] - if (!(CCEmail.isEmpty())): Text 'merae@gmail.com' is set on object 'Object Repository/IWP30/Page_CCPaymentEntry/EmailAddress'

2020-07-14 13:37:43 - [TEST_STEP][PASSED] - setText(findTestObject("Object Repository/IWP30/Page_CCPaymentEntry/EmailAddress"), CCEmail): Text 'merae@gmail.com' is set on object 'Object Repository/IWP30/Page_CCPaymentEntry/EmailAddress'

2020-07-14 13:37:44 - [MESSAGE][PASSED] - Text 'merae@gmail.com' is set on object 'Object Repository/IWP30/Page_CCPaymentEntry/EmailAddress'

2020-07-14 13:37:44 - [TEST_STEP][PASSED] - if (verifyElementPresent(findTestObject("Object Repository/IWP30/Page_CCPaymentEntry/TermCondCheckBox"), 30)): null

2020-07-14 13:37:44 - [MESSAGE][PASSED] - Object 'Object Repository/IWP30/Page_CCPaymentEntry/TermCondCheckBox' is present

2020-07-14 13:37:44 - [TEST_STEP][PASSED] - check(findTestObject("Object Repository/IWP30/Page_CCPaymentEntry/TermCondCheckBox")): Object 'Object Repository/IWP30/Page_CCPaymentEntry/TermCondCheckBox' is checked

2020-07-14 13:37:44 - [MESSAGE][PASSED] - Object 'Object Repository/IWP30/Page_CCPaymentEntry/TermCondCheckBox' is checked

2020-07-14 13:37:44 - [TEST_STEP][PASSED] - if (verifyElementPresent(findTestObject("Object Repository/IWP30/Page_CCPaymentEntry/ContinueButton"), 30)): null

2020-07-14 13:37:45 - [MESSAGE][PASSED] - Object 'Object Repository/IWP30/Page_CCPaymentEntry/ContinueButton' is present

2020-07-14 13:37:45 - [TEST_STEP][PASSED] - click(findTestObject("Object Repository/IWP30/Page_CCPaymentEntry/ContinueButton")): Object: 'Object Repository/IWP30/Page_CCPaymentEntry/ContinueButton' is clicked on

2020-07-14 13:37:46 - [MESSAGE][PASSED] - Object: 'Object Repository/IWP30/Page_CCPaymentEntry/ContinueButton' is clicked on

2020-07-14 13:37:46 - [TEST_STEP][PASSED] - if (verifyTextPresent("Please verify the following information", false)): null

2020-07-14 13:37:46 - [MESSAGE][PASSED] - Text 'Please verify the following information' is present on page 

2020-07-14 13:37:46 - [TEST_STEP][PASSED] - println("Please verify the following information text is present on the Confirmation page"): null

2020-07-14 13:37:46 - [TEST_STEP][PASSED] - if (verifyTextPresent("Is this information correct?", false)): null

2020-07-14 13:37:47 - [MESSAGE][PASSED] - Text 'Is this information correct?' is present on page 

2020-07-14 13:37:47 - [TEST_STEP][PASSED] - println("Is this information correct text is present on the Confirmation page"): null

2020-07-14 13:37:47 - [TEST_STEP][PASSED] - if (verifyElementPresent(findTestObject("Object Repository/IWP30/Page_Confirmation/ConfirmButton"), 30)): null

2020-07-14 13:37:47 - [MESSAGE][PASSED] - Object 'Object Repository/IWP30/Page_Confirmation/ConfirmButton' is present

2020-07-14 13:37:47 - [TEST_STEP][PASSED] - click(findTestObject("Object Repository/IWP30/Page_Confirmation/ConfirmButton")): Object: 'Object Repository/IWP30/Page_Confirmation/ConfirmButton' is clicked on

2020-07-14 13:37:48 - [MESSAGE][PASSED] - Object: 'Object Repository/IWP30/Page_Confirmation/ConfirmButton' is clicked on

2020-07-14 13:37:48 - [TEST_STEP][PASSED] - Thread.sleep(10000): null

2020-07-14 13:37:58 - [TEST_STEP][PASSED] - if (verifyTextPresent("Successful Payment Receipt", false)): null

2020-07-14 13:37:58 - [MESSAGE][PASSED] - Text 'Successful Payment Receipt' is present on page 

2020-07-14 13:37:58 - [TEST_STEP][PASSED] - println("Successful Payment Receipt text is present on the Receipt page"): null

2020-07-14 13:37:58 - [TEST_STEP][PASSED] - if (verifyTextPresent("Please print this receipt for your records", false)): null

2020-07-14 13:37:59 - [MESSAGE][PASSED] - Text 'Please print this receipt for your records' is present on page 

2020-07-14 13:37:59 - [TEST_STEP][PASSED] - println("Please print this receipt for your records text is present on the Receipt page"): null

2020-07-14 13:37:59 - [TEST_STEP][PASSED] - if (verifyElementPresent(findTestObject("Object Repository/IWP30/Page_Receipt/ExitButton"), 30)): null

2020-07-14 13:37:59 - [MESSAGE][PASSED] - Object 'Object Repository/IWP30/Page_Receipt/ExitButton' is present

2020-07-14 13:37:59 - [TEST_STEP][PASSED] - println("Exit Button is present on the Receipt page"): null

2020-07-14 13:37:59 - [TEST_STEP][PASSED] - closeBrowser(): Browser is closed

2020-07-14 13:38:00 - [MESSAGE][PASSED] - Browser is closed

2020-07-14 13:38:00 - [TEST_STEP][PASSED] - try: null

2020-07-14 13:38:00 - [TEST_STEP][PASSED] - MV = findTestData("IWP30PayNowCC").getValue("MV", row): null

2020-07-14 13:38:00 - [TEST_STEP][PASSED] - println(MV): null

2020-07-14 13:38:00 - [TEST_STEP][PASSED] - Amount = findTestData("IWP30PayNowCC").getValue("Amount", row): null

2020-07-14 13:38:00 - [TEST_STEP][PASSED] - println(Amount): null

2020-07-14 13:38:00 - [TEST_STEP][PASSED] - CAN = findTestData("IWP30PayNowCC").getValue("CAN", row): null

2020-07-14 13:38:00 - [TEST_STEP][PASSED] - println(CAN): null

2020-07-14 13:38:00 - [TEST_STEP][PASSED] - Action = findTestData("IWP30PayNowCC").getValue("Action", row): null

2020-07-14 13:38:00 - [TEST_STEP][PASSED] - println(Action): null

2020-07-14 13:38:00 - [TEST_STEP][PASSED] - Lang = findTestData("IWP30PayNowCC").getValue("Lang", row): null

2020-07-14 13:38:00 - [TEST_STEP][PASSED] - println(Lang): null

2020-07-14 13:38:00 - [TEST_STEP][PASSED] - Fname = findTestData("IWP30PayNowCC").getValue("Fname", row): null

2020-07-14 13:38:00 - [TEST_STEP][PASSED] - println(Fname): null

2020-07-14 13:38:00 - [TEST_STEP][PASSED] - Lname = findTestData("IWP30PayNowCC").getValue("Lname", row): null

2020-07-14 13:38:00 - [TEST_STEP][PASSED] - println(Lname): null

2020-07-14 13:38:00 - [TEST_STEP][PASSED] - AL1 = findTestData("IWP30PayNowCC").getValue("AL1", row): null

2020-07-14 13:38:00 - [TEST_STEP][PASSED] - println(AL1): null

2020-07-14 13:38:00 - [TEST_STEP][PASSED] - AL2 = findTestData("IWP30PayNowCC").getValue("AL2", row): null

2020-07-14 13:38:00 - [TEST_STEP][PASSED] - println(AL2): null

2020-07-14 13:38:00 - [TEST_STEP][PASSED] - Country = findTestData("IWP30PayNowCC").getValue("Country", row): null

2020-07-14 13:38:00 - [TEST_STEP][PASSED] - println(Country): null

2020-07-14 13:38:00 - [TEST_STEP][PASSED] - City = findTestData("IWP30PayNowCC").getValue("City", row): null

2020-07-14 13:38:00 - [TEST_STEP][PASSED] - println(City): null

2020-07-14 13:38:00 - [TEST_STEP][PASSED] - State = findTestData("IWP30PayNowCC").getValue("State", row): null

2020-07-14 13:38:00 - [TEST_STEP][PASSED] - println(State): null

2020-07-14 13:38:00 - [TEST_STEP][PASSED] - ZIP = findTestData("IWP30PayNowCC").getValue("ZIP", row): null

2020-07-14 13:38:00 - [TEST_STEP][PASSED] - println(ZIP): null

2020-07-14 13:38:00 - [TEST_STEP][PASSED] - Order = findTestData("IWP30PayNowCC").getValue("Order", row): null

2020-07-14 13:38:00 - [TEST_STEP][PASSED] - println(Order): null

2020-07-14 13:38:00 - [TEST_STEP][PASSED] - CompanyName = findTestData("IWP30PayNowCC").getValue("CompanyName", row): null

2020-07-14 13:38:00 - [TEST_STEP][PASSED] - println(CompanyName): null

2020-07-14 13:38:00 - [TEST_STEP][PASSED] - Email = findTestData("IWP30PayNowCC").getValue("Email", row): null

2020-07-14 13:38:00 - [TEST_STEP][PASSED] - println(Email): null

2020-07-14 13:38:00 - [TEST_STEP][PASSED] - UDF1 = findTestData("IWP30PayNowCC").getValue("UDF1", row): null

2020-07-14 13:38:00 - [TEST_STEP][PASSED] - println(UDF1): null

2020-07-14 13:38:00 - [TEST_STEP][PASSED] - UDF2 = findTestData("IWP30PayNowCC").getValue("UDF2", row): null

2020-07-14 13:38:00 - [TEST_STEP][PASSED] - println(UDF2): null

2020-07-14 13:38:00 - [TEST_STEP][PASSED] - UDF3 = findTestData("IWP30PayNowCC").getValue("UDF3", row): null

2020-07-14 13:38:00 - [TEST_STEP][PASSED] - println(UDF3): null

2020-07-14 13:38:00 - [TEST_STEP][PASSED] - UDF4 = findTestData("IWP30PayNowCC").getValue("UDF4", row): null

2020-07-14 13:38:00 - [TEST_STEP][PASSED] - println(UDF4): null

2020-07-14 13:38:00 - [TEST_STEP][PASSED] - UDF5 = findTestData("IWP30PayNowCC").getValue("UDF5", row): null

2020-07-14 13:38:00 - [TEST_STEP][PASSED] - println(UDF5): null

2020-07-14 13:38:00 - [TEST_STEP][PASSED] - UDF6 = findTestData("IWP30PayNowCC").getValue("UDF6", row): null

2020-07-14 13:38:00 - [TEST_STEP][PASSED] - println(UDF6): null

2020-07-14 13:38:00 - [TEST_STEP][PASSED] - UDF7 = findTestData("IWP30PayNowCC").getValue("UDF7", row): null

2020-07-14 13:38:00 - [TEST_STEP][PASSED] - println(UDF7): null

2020-07-14 13:38:00 - [TEST_STEP][PASSED] - UDF8 = findTestData("IWP30PayNowCC").getValue("UDF8", row): null

2020-07-14 13:38:00 - [TEST_STEP][PASSED] - println(UDF8): null

2020-07-14 13:38:00 - [TEST_STEP][PASSED] - UDF9 = findTestData("IWP30PayNowCC").getValue("UDF9", row): null

2020-07-14 13:38:00 - [TEST_STEP][PASSED] - println(UDF9): null

2020-07-14 13:38:00 - [TEST_STEP][PASSED] - UDF10 = findTestData("IWP30PayNowCC").getValue("UDF10", row): null

2020-07-14 13:38:00 - [TEST_STEP][PASSED] - println(UDF10): null

2020-07-14 13:38:00 - [TEST_STEP][PASSED] - AppID = findTestData("IWP30PayNowCC").getValue("AppID", row): null

2020-07-14 13:38:00 - [TEST_STEP][PASSED] - println(AppID): null

2020-07-14 13:38:00 - [TEST_STEP][PASSED] - MessageVersion = findTestData("IWP30PayNowCC").getValue("MessageVersion", row): null

2020-07-14 13:38:00 - [TEST_STEP][PASSED] - println(MessageVersion): null

2020-07-14 13:38:00 - [TEST_STEP][PASSED] - CCAmount = findTestData("IWP30PayNowCC").getValue("CCAmount", row): null

2020-07-14 13:38:00 - [TEST_STEP][PASSED] - println(CCAmount): null

2020-07-14 13:38:00 - [TEST_STEP][PASSED] - CCUDF1 = findTestData("IWP30PayNowCC").getValue("CCUDF1", row): null

2020-07-14 13:38:01 - [TEST_STEP][PASSED] - println(CCUDF1): null

2020-07-14 13:38:01 - [TEST_STEP][PASSED] - CCUDF2 = findTestData("IWP30PayNowCC").getValue("CCUDF2", row): null

2020-07-14 13:38:01 - [TEST_STEP][PASSED] - println(CCUDF2): null

2020-07-14 13:38:01 - [TEST_STEP][PASSED] - CCUDF3 = findTestData("IWP30PayNowCC").getValue("CCUDF3", row): null

2020-07-14 13:38:01 - [TEST_STEP][PASSED] - println(CCUDF3): null

2020-07-14 13:38:01 - [TEST_STEP][PASSED] - CCUDF4 = findTestData("IWP30PayNowCC").getValue("CCUDF4", row): null

2020-07-14 13:38:01 - [TEST_STEP][PASSED] - println(CCUDF4): null

2020-07-14 13:38:01 - [TEST_STEP][PASSED] - CCUDF5 = findTestData("IWP30PayNowCC").getValue("CCUDF5", row): null

2020-07-14 13:38:01 - [TEST_STEP][PASSED] - println(CCUDF5): null

2020-07-14 13:38:01 - [TEST_STEP][PASSED] - CCUDF6 = findTestData("IWP30PayNowCC").getValue("CCUDF6", row): null

2020-07-14 13:38:01 - [TEST_STEP][PASSED] - println(CCUDF6): null

2020-07-14 13:38:01 - [TEST_STEP][PASSED] - CCUDF7 = findTestData("IWP30PayNowCC").getValue("CCUDF7", row): null

2020-07-14 13:38:01 - [TEST_STEP][PASSED] - println(CCUDF7): null

2020-07-14 13:38:01 - [TEST_STEP][PASSED] - CCUDF8 = findTestData("IWP30PayNowCC").getValue("CCUDF8", row): null

2020-07-14 13:38:01 - [TEST_STEP][PASSED] - println(CCUDF8): null

2020-07-14 13:38:01 - [TEST_STEP][PASSED] - CCUDF9 = findTestData("IWP30PayNowCC").getValue("CCUDF9", row): null

2020-07-14 13:38:01 - [TEST_STEP][PASSED] - println(CCUDF9): null

2020-07-14 13:38:01 - [TEST_STEP][PASSED] - CCUDF10 = findTestData("IWP30PayNowCC").getValue("CCUDF10", row): null

2020-07-14 13:38:01 - [TEST_STEP][PASSED] - println(CCUDF10): null

2020-07-14 13:38:01 - [TEST_STEP][PASSED] - CCName = findTestData("IWP30PayNowCC").getValue("CCName", row): null

2020-07-14 13:38:01 - [TEST_STEP][PASSED] - println(CCName): null

2020-07-14 13:38:01 - [TEST_STEP][PASSED] - CCCardNum = findTestData("IWP30PayNowCC").getValue("CCCardNum", row): null

2020-07-14 13:38:01 - [TEST_STEP][PASSED] - println(CCCardNum): null

2020-07-14 13:38:01 - [TEST_STEP][PASSED] - CCSPC = findTestData("IWP30PayNowCC").getValue("CCSPC", row): null

2020-07-14 13:38:01 - [TEST_STEP][PASSED] - println(CCSPC): null

2020-07-14 13:38:01 - [TEST_STEP][PASSED] - CCExpM = findTestData("IWP30PayNowCC").getValue("CCExpM", row): null

2020-07-14 13:38:01 - [TEST_STEP][PASSED] - println(CCExpM): null

2020-07-14 13:38:01 - [TEST_STEP][PASSED] - CCExpY = findTestData("IWP30PayNowCC").getValue("CCExpY", row): null

2020-07-14 13:38:01 - [TEST_STEP][PASSED] - println(CCExpY): null

2020-07-14 13:38:01 - [TEST_STEP][PASSED] - CCDate = findTestData("IWP30PayNowCC").getValue("CCDate", row): null

2020-07-14 13:38:01 - [TEST_STEP][PASSED] - println(CCDate): null

2020-07-14 13:38:01 - [TEST_STEP][PASSED] - CCAL1 = findTestData("IWP30PayNowCC").getValue("CCAL1", row): null

2020-07-14 13:38:01 - [TEST_STEP][PASSED] - println(CCAL1): null

2020-07-14 13:38:01 - [TEST_STEP][PASSED] - CCAL2 = findTestData("IWP30PayNowCC").getValue("CCAL2", row): null

2020-07-14 13:38:01 - [TEST_STEP][PASSED] - println(CCAL2): null

2020-07-14 13:38:01 - [TEST_STEP][PASSED] - CCZIP = findTestData("IWP30PayNowCC").getValue("CCZIP", row): null

2020-07-14 13:38:01 - [TEST_STEP][PASSED] - println(CCZIP): null

2020-07-14 13:38:01 - [TEST_STEP][PASSED] - CCEmail = findTestData("IWP30PayNowCC").getValue("CCEmail", row): null

2020-07-14 13:38:01 - [TEST_STEP][PASSED] - println(CCEmail): null

2020-07-14 13:38:01 - [TEST_STEP][PASSED] - openBrowser(urlEmulator): Browser is opened with url: 'https://qa.velocitypayment.com/agency/config.do?action=editor'

2020-07-14 13:38:01 - [MESSAGE][INFO] - Starting 'Chrome' driver

2020-07-14 13:38:01 - [MESSAGE][INFO] - User set preference: ['acceptInsecureCerts', 'true']

2020-07-14 13:38:01 - [MESSAGE][INFO] - Action delay is set to 0 milliseconds

2020-07-14 13:38:05 - [MESSAGE][PASSED] - Browser is opened with url: 'https://qa.velocitypayment.com/agency/config.do?action=editor'

2020-07-14 13:38:05 - [TEST_STEP][PASSED] - maximizeWindow(): Current window maximized

2020-07-14 13:38:05 - [MESSAGE][PASSED] - Current window maximized

2020-07-14 13:38:05 - [TEST_STEP][PASSED] - selectOptionByValue(findTestObject("IWP30/Page_VRelay30Emulator/MV"), MV, true): All options with value '3.0' are selected in object 'Object Repository/IWP30/Page_VRelay30Emulator/MV'  using regular expression

2020-07-14 13:38:06 - [MESSAGE][PASSED] - All options with value '3.0' are selected in object 'Object Repository/IWP30/Page_VRelay30Emulator/MV'  using regular expression

2020-07-14 13:38:06 - [TEST_STEP][PASSED] - setText(findTestObject("IWP30/Page_VRelay30Emulator/Amount"), Amount): Text '41.50' is set on object 'Object Repository/IWP30/Page_VRelay30Emulator/Amount'

2020-07-14 13:38:07 - [MESSAGE][PASSED] - Text '41.50' is set on object 'Object Repository/IWP30/Page_VRelay30Emulator/Amount'

2020-07-14 13:38:07 - [TEST_STEP][PASSED] - setText(findTestObject("IWP30/Page_VRelay30Emulator/CAN"), CAN): Text '26412109' is set on object 'Object Repository/IWP30/Page_VRelay30Emulator/CAN'

2020-07-14 13:38:07 - [MESSAGE][PASSED] - Text '26412109' is set on object 'Object Repository/IWP30/Page_VRelay30Emulator/CAN'

2020-07-14 13:38:07 - [TEST_STEP][PASSED] - setText(findTestObject("IWP30/Page_VRelay30Emulator/Action"), Action): Text 'PayNow' is set on object 'Object Repository/IWP30/Page_VRelay30Emulator/Action'

2020-07-14 13:38:08 - [MESSAGE][PASSED] - Text 'PayNow' is set on object 'Object Repository/IWP30/Page_VRelay30Emulator/Action'

2020-07-14 13:38:08 - [TEST_STEP][PASSED] - setText(findTestObject("IWP30/Page_VRelay30Emulator/Lang"), Lang): Text 'en_US' is set on object 'Object Repository/IWP30/Page_VRelay30Emulator/Lang'

2020-07-14 13:38:09 - [MESSAGE][PASSED] - Text 'en_US' is set on object 'Object Repository/IWP30/Page_VRelay30Emulator/Lang'

2020-07-14 13:38:09 - [TEST_STEP][PASSED] - setText(findTestObject("IWP30/Page_VRelay30Emulator/Fname"), Fname): Text 'Jonty' is set on object 'Object Repository/IWP30/Page_VRelay30Emulator/Fname'

2020-07-14 13:38:09 - [MESSAGE][PASSED] - Text 'Jonty' is set on object 'Object Repository/IWP30/Page_VRelay30Emulator/Fname'

2020-07-14 13:38:09 - [TEST_STEP][PASSED] - setText(findTestObject("IWP30/Page_VRelay30Emulator/Lname"), Lname): Text 'Smith' is set on object 'Object Repository/IWP30/Page_VRelay30Emulator/Lname'

2020-07-14 13:38:10 - [MESSAGE][PASSED] - Text 'Smith' is set on object 'Object Repository/IWP30/Page_VRelay30Emulator/Lname'

2020-07-14 13:38:10 - [TEST_STEP][PASSED] - setText(findTestObject("IWP30/Page_VRelay30Emulator/AL1"), AL1): Text '15 Elm St' is set on object 'Object Repository/IWP30/Page_VRelay30Emulator/AL1'

2020-07-14 13:38:10 - [MESSAGE][PASSED] - Text '15 Elm St' is set on object 'Object Repository/IWP30/Page_VRelay30Emulator/AL1'

2020-07-14 13:38:10 - [TEST_STEP][PASSED] - setText(findTestObject("IWP30/Page_VRelay30Emulator/AL2"), AL2): Text 'Suite 600' is set on object 'Object Repository/IWP30/Page_VRelay30Emulator/AL2'

2020-07-14 13:38:11 - [MESSAGE][PASSED] - Text 'Suite 600' is set on object 'Object Repository/IWP30/Page_VRelay30Emulator/AL2'

2020-07-14 13:38:11 - [TEST_STEP][PASSED] - setText(findTestObject("IWP30/Page_VRelay30Emulator/Country"), Country): Text '840' is set on object 'Object Repository/IWP30/Page_VRelay30Emulator/Country'

2020-07-14 13:38:12 - [MESSAGE][PASSED] - Text '840' is set on object 'Object Repository/IWP30/Page_VRelay30Emulator/Country'

2020-07-14 13:38:12 - [TEST_STEP][PASSED] - setText(findTestObject("IWP30/Page_VRelay30Emulator/City"), City): Text 'Gambrills' is set on object 'Object Repository/IWP30/Page_VRelay30Emulator/City'

2020-07-14 13:38:12 - [MESSAGE][PASSED] - Text 'Gambrills' is set on object 'Object Repository/IWP30/Page_VRelay30Emulator/City'

2020-07-14 13:38:12 - [TEST_STEP][PASSED] - setText(findTestObject("IWP30/Page_VRelay30Emulator/State"), State): Text 'MD' is set on object 'Object Repository/IWP30/Page_VRelay30Emulator/State'

2020-07-14 13:38:13 - [MESSAGE][PASSED] - Text 'MD' is set on object 'Object Repository/IWP30/Page_VRelay30Emulator/State'

2020-07-14 13:38:13 - [TEST_STEP][PASSED] - setText(findTestObject("IWP30/Page_VRelay30Emulator/ZIP"), ZIP): Text '21054' is set on object 'Object Repository/IWP30/Page_VRelay30Emulator/ZIP'

2020-07-14 13:38:14 - [MESSAGE][PASSED] - Text '21054' is set on object 'Object Repository/IWP30/Page_VRelay30Emulator/ZIP'

2020-07-14 13:38:14 - [TEST_STEP][PASSED] - setText(findTestObject("IWP30/Page_VRelay30Emulator/Order"), Order): Text '' is set on object 'Object Repository/IWP30/Page_VRelay30Emulator/Order'

2020-07-14 13:38:14 - [MESSAGE][PASSED] - Text '' is set on object 'Object Repository/IWP30/Page_VRelay30Emulator/Order'

2020-07-14 13:38:14 - [TEST_STEP][PASSED] - setText(findTestObject("IWP30/Page_VRelay30Emulator/Company"), CompanyName): Text '' is set on object 'Object Repository/IWP30/Page_VRelay30Emulator/Company'

2020-07-14 13:38:15 - [MESSAGE][PASSED] - Text '' is set on object 'Object Repository/IWP30/Page_VRelay30Emulator/Company'

2020-07-14 13:38:15 - [TEST_STEP][PASSED] - setText(findTestObject("IWP30/Page_VRelay30Emulator/Email"), Email): Text 'iahmed@govolution.com' is set on object 'Object Repository/IWP30/Page_VRelay30Emulator/Email'

2020-07-14 13:38:16 - [MESSAGE][PASSED] - Text 'iahmed@govolution.com' is set on object 'Object Repository/IWP30/Page_VRelay30Emulator/Email'

2020-07-14 13:38:16 - [TEST_STEP][PASSED] - setText(findTestObject("IWP30/Page_VRelay30Emulator/UDF1"), UDF1): Text 'udf data 1' is set on object 'Object Repository/IWP30/Page_VRelay30Emulator/UDF1'

2020-07-14 13:38:17 - [MESSAGE][PASSED] - Text 'udf data 1' is set on object 'Object Repository/IWP30/Page_VRelay30Emulator/UDF1'

2020-07-14 13:38:17 - [TEST_STEP][PASSED] - setText(findTestObject("IWP30/Page_VRelay30Emulator/UDF2"), UDF2): Text 'udf data 2' is set on object 'Object Repository/IWP30/Page_VRelay30Emulator/UDF2'

2020-07-14 13:38:17 - [MESSAGE][PASSED] - Text 'udf data 2' is set on object 'Object Repository/IWP30/Page_VRelay30Emulator/UDF2'

2020-07-14 13:38:17 - [TEST_STEP][PASSED] - setText(findTestObject("IWP30/Page_VRelay30Emulator/UDF3"), UDF3): Text 'udf data 3' is set on object 'Object Repository/IWP30/Page_VRelay30Emulator/UDF3'

2020-07-14 13:38:18 - [MESSAGE][PASSED] - Text 'udf data 3' is set on object 'Object Repository/IWP30/Page_VRelay30Emulator/UDF3'

2020-07-14 13:38:18 - [TEST_STEP][PASSED] - setText(findTestObject("IWP30/Page_VRelay30Emulator/UDF4"), UDF4): Text 'udf data 4' is set on object 'Object Repository/IWP30/Page_VRelay30Emulator/UDF4'

2020-07-14 13:38:19 - [MESSAGE][PASSED] - Text 'udf data 4' is set on object 'Object Repository/IWP30/Page_VRelay30Emulator/UDF4'

2020-07-14 13:38:19 - [TEST_STEP][PASSED] - setText(findTestObject("IWP30/Page_VRelay30Emulator/UDF5"), UDF5): Text 'udf data 5' is set on object 'Object Repository/IWP30/Page_VRelay30Emulator/UDF5'

2020-07-14 13:38:19 - [MESSAGE][PASSED] - Text 'udf data 5' is set on object 'Object Repository/IWP30/Page_VRelay30Emulator/UDF5'

2020-07-14 13:38:19 - [TEST_STEP][PASSED] - setText(findTestObject("IWP30/Page_VRelay30Emulator/UDF6"), UDF6): Text 'udf data 6' is set on object 'Object Repository/IWP30/Page_VRelay30Emulator/UDF6'

2020-07-14 13:38:20 - [MESSAGE][PASSED] - Text 'udf data 6' is set on object 'Object Repository/IWP30/Page_VRelay30Emulator/UDF6'

2020-07-14 13:38:20 - [TEST_STEP][PASSED] - setText(findTestObject("IWP30/Page_VRelay30Emulator/UDF7"), UDF7): Text 'Orange' is set on object 'Object Repository/IWP30/Page_VRelay30Emulator/UDF7'

2020-07-14 13:38:21 - [MESSAGE][PASSED] - Text 'Orange' is set on object 'Object Repository/IWP30/Page_VRelay30Emulator/UDF7'

2020-07-14 13:38:21 - [TEST_STEP][PASSED] - setText(findTestObject("IWP30/Page_VRelay30Emulator/UDF8"), UDF8): Text 'Soccer' is set on object 'Object Repository/IWP30/Page_VRelay30Emulator/UDF8'

2020-07-14 13:38:21 - [MESSAGE][PASSED] - Text 'Soccer' is set on object 'Object Repository/IWP30/Page_VRelay30Emulator/UDF8'

2020-07-14 13:38:21 - [TEST_STEP][PASSED] - setText(findTestObject("IWP30/Page_VRelay30Emulator/UDF9"), UDF9): Text 'udf data 9' is set on object 'Object Repository/IWP30/Page_VRelay30Emulator/UDF9'

2020-07-14 13:38:22 - [MESSAGE][PASSED] - Text 'udf data 9' is set on object 'Object Repository/IWP30/Page_VRelay30Emulator/UDF9'

2020-07-14 13:38:22 - [TEST_STEP][PASSED] - setText(findTestObject("IWP30/Page_VRelay30Emulator/UDF10"), UDF10): Text 'udf data 10' is set on object 'Object Repository/IWP30/Page_VRelay30Emulator/UDF10'

2020-07-14 13:38:23 - [MESSAGE][PASSED] - Text 'udf data 10' is set on object 'Object Repository/IWP30/Page_VRelay30Emulator/UDF10'

2020-07-14 13:38:23 - [TEST_STEP][PASSED] - Thread.sleep(5000): null

2020-07-14 13:38:28 - [TEST_STEP][PASSED] - click(findTestObject("IWP30/Page_VRelay30Emulator/Submit")): Object: 'Object Repository/IWP30/Page_VRelay30Emulator/Submit' is clicked on

2020-07-14 13:38:29 - [MESSAGE][PASSED] - Object: 'Object Repository/IWP30/Page_VRelay30Emulator/Submit' is clicked on

2020-07-14 13:38:29 - [TEST_STEP][PASSED] - closeBrowser(): Browser is closed

2020-07-14 13:38:29 - [MESSAGE][PASSED] - Browser is closed

2020-07-14 13:38:29 - [TEST_STEP][PASSED] - openBrowser(urlTestHarness): Browser is opened with url: 'https://dev-algorithm.govolution.com/vrelaytest/QA/version_2_2/vrelaytest.html'

2020-07-14 13:38:29 - [MESSAGE][INFO] - Starting 'Chrome' driver

2020-07-14 13:38:29 - [MESSAGE][INFO] - User set preference: ['acceptInsecureCerts', 'true']

2020-07-14 13:38:29 - [MESSAGE][INFO] - Action delay is set to 0 milliseconds

2020-07-14 13:38:33 - [MESSAGE][PASSED] - Browser is opened with url: 'https://dev-algorithm.govolution.com/vrelaytest/QA/version_2_2/vrelaytest.html'

2020-07-14 13:38:33 - [TEST_STEP][PASSED] - maximizeWindow(): Current window maximized

2020-07-14 13:38:34 - [MESSAGE][PASSED] - Current window maximized

2020-07-14 13:38:34 - [TEST_STEP][PASSED] - genRemIDVoid = RandomStringUtils.random(12, true, true): null

2020-07-14 13:38:34 - [TEST_STEP][PASSED] - if (verifyElementPresent(findTestObject("Object Repository/IWP30/Page_QATestHarness/RemittanceID"), 30)): null

2020-07-14 13:38:34 - [MESSAGE][PASSED] - Object 'Object Repository/IWP30/Page_QATestHarness/RemittanceID' is present

2020-07-14 13:38:34 - [TEST_STEP][PASSED] - println("We are on Test Harness page, start populating"): null

2020-07-14 13:38:34 - [TEST_STEP][PASSED] - setText(findTestObject("Object Repository/IWP30/Page_QATestHarness/ApplicationID"), AppID): Text '649' is set on object 'Object Repository/IWP30/Page_QATestHarness/ApplicationID'

2020-07-14 13:38:35 - [MESSAGE][PASSED] - Text '649' is set on object 'Object Repository/IWP30/Page_QATestHarness/ApplicationID'

2020-07-14 13:38:35 - [TEST_STEP][PASSED] - setText(findTestObject("Object Repository/IWP30/Page_QATestHarness/MessageVersion"), MessageVersion): Text '3.0' is set on object 'Object Repository/IWP30/Page_QATestHarness/MessageVersion'

2020-07-14 13:38:35 - [MESSAGE][PASSED] - Text '3.0' is set on object 'Object Repository/IWP30/Page_QATestHarness/MessageVersion'

2020-07-14 13:38:35 - [TEST_STEP][PASSED] - setText(findTestObject("Object Repository/IWP30/Page_QATestHarness/RemittanceID"), genRemIDVoid): Text 'sbK2AIGPPbcL' is set on object 'Object Repository/IWP30/Page_QATestHarness/RemittanceID'

2020-07-14 13:38:36 - [MESSAGE][PASSED] - Text 'sbK2AIGPPbcL' is set on object 'Object Repository/IWP30/Page_QATestHarness/RemittanceID'

2020-07-14 13:38:36 - [TEST_STEP][PASSED] - click(findTestObject("Object Repository/IWP30/Page_QATestHarness/SubmitButton")): Object: 'Object Repository/IWP30/Page_QATestHarness/SubmitButton' is clicked on

2020-07-14 13:38:37 - [MESSAGE][PASSED] - Object: 'Object Repository/IWP30/Page_QATestHarness/SubmitButton' is clicked on

2020-07-14 13:38:37 - [TEST_STEP][PASSED] - if (verifyElementPresent(findTestObject("Object Repository/IWP30/Page_SelectPaymentMethod/PayByCreditCard"), 30)): null

2020-07-14 13:38:38 - [MESSAGE][PASSED] - Object 'Object Repository/IWP30/Page_SelectPaymentMethod/PayByCreditCard' is present

2020-07-14 13:38:38 - [TEST_STEP][PASSED] - println("We are on Select Payment Method page, start populating"): null

2020-07-14 13:38:38 - [TEST_STEP][PASSED] - check(findTestObject("Object Repository/IWP30/Page_SelectPaymentMethod/PayByCreditCard")): Object 'Object Repository/IWP30/Page_SelectPaymentMethod/PayByCreditCard' is checked

2020-07-14 13:38:38 - [MESSAGE][PASSED] - Object 'Object Repository/IWP30/Page_SelectPaymentMethod/PayByCreditCard' is checked

2020-07-14 13:38:38 - [TEST_STEP][PASSED] - Thread.sleep(1000): null

2020-07-14 13:38:39 - [TEST_STEP][PASSED] - click(findTestObject("Object Repository/IWP30/Page_SelectPaymentMethod/MakePaymentButton")): Object: 'Object Repository/IWP30/Page_SelectPaymentMethod/MakePaymentButton' is clicked on

2020-07-14 13:38:40 - [MESSAGE][PASSED] - Object: 'Object Repository/IWP30/Page_SelectPaymentMethod/MakePaymentButton' is clicked on

2020-07-14 13:38:40 - [TEST_STEP][PASSED] - if (verifyElementPresent(findTestObject("Object Repository/IWP30/Page_CCPaymentEntry/Name"), 30)): null

2020-07-14 13:38:41 - [MESSAGE][PASSED] - Object 'Object Repository/IWP30/Page_CCPaymentEntry/Name' is present

2020-07-14 13:38:41 - [TEST_STEP][PASSED] - println("We are on Credit Card Payment Entry page, start populating"): null

2020-07-14 13:38:41 - [TEST_STEP][PASSED] - if (verifyElementPresent(findTestObject("Object Repository/IWP30/Page_CCPaymentEntry/Amount"), 30)): null

2020-07-14 13:38:41 - [MESSAGE][PASSED] - Object 'Object Repository/IWP30/Page_CCPaymentEntry/Amount' is present

2020-07-14 13:38:41 - [TEST_STEP][PASSED] - if (!(CCAmount.isEmpty())): Text '15.50' is set on object 'Object Repository/IWP30/Page_CCPaymentEntry/Amount'

2020-07-14 13:38:41 - [TEST_STEP][PASSED] - setText(findTestObject("Object Repository/IWP30/Page_CCPaymentEntry/Amount"), CCAmount): Text '15.50' is set on object 'Object Repository/IWP30/Page_CCPaymentEntry/Amount'

2020-07-14 13:38:42 - [MESSAGE][PASSED] - Text '15.50' is set on object 'Object Repository/IWP30/Page_CCPaymentEntry/Amount'

2020-07-14 13:38:42 - [TEST_STEP][PASSED] - if (verifyElementPresent(findTestObject("Object Repository/IWP30/Page_CCPaymentEntry/UserDefined2"), 30)): null

2020-07-14 13:38:42 - [MESSAGE][PASSED] - Object 'Object Repository/IWP30/Page_CCPaymentEntry/UserDefined2' is present

2020-07-14 13:38:42 - [TEST_STEP][PASSED] - if (!(CCUDF2.isEmpty())): Text 'Circle' is set on object 'Object Repository/IWP30/Page_CCPaymentEntry/UserDefined2'

2020-07-14 13:38:42 - [TEST_STEP][PASSED] - setText(findTestObject("Object Repository/IWP30/Page_CCPaymentEntry/UserDefined2"), CCUDF2): Text 'Circle' is set on object 'Object Repository/IWP30/Page_CCPaymentEntry/UserDefined2'

2020-07-14 13:38:43 - [MESSAGE][PASSED] - Text 'Circle' is set on object 'Object Repository/IWP30/Page_CCPaymentEntry/UserDefined2'

2020-07-14 13:38:43 - [TEST_STEP][PASSED] - if (verifyElementPresent(findTestObject("Object Repository/IWP30/Page_CCPaymentEntry/UserDefined3"), 30)): null

2020-07-14 13:38:43 - [MESSAGE][PASSED] - Object 'Object Repository/IWP30/Page_CCPaymentEntry/UserDefined3' is present

2020-07-14 13:38:43 - [TEST_STEP][PASSED] - if (!(CCUDF3.isEmpty())): Text 'Triangle' is set on object 'Object Repository/IWP30/Page_CCPaymentEntry/UserDefined3'

2020-07-14 13:38:43 - [TEST_STEP][PASSED] - setText(findTestObject("Object Repository/IWP30/Page_CCPaymentEntry/UserDefined3"), CCUDF3): Text 'Triangle' is set on object 'Object Repository/IWP30/Page_CCPaymentEntry/UserDefined3'

2020-07-14 13:38:44 - [MESSAGE][PASSED] - Text 'Triangle' is set on object 'Object Repository/IWP30/Page_CCPaymentEntry/UserDefined3'

2020-07-14 13:38:44 - [TEST_STEP][PASSED] - if (verifyElementPresent(findTestObject("Object Repository/IWP30/Page_CCPaymentEntry/UserDefined7"), 30)): null

2020-07-14 13:38:44 - [MESSAGE][PASSED] - Object 'Object Repository/IWP30/Page_CCPaymentEntry/UserDefined7' is present

2020-07-14 13:38:44 - [TEST_STEP][PASSED] - if (!(CCUDF7.isEmpty())): All options with label 'Purple' are selected in object 'Object Repository/IWP30/Page_CCPaymentEntry/UserDefined7' 

2020-07-14 13:38:44 - [TEST_STEP][PASSED] - selectOptionByLabel(findTestObject("Object Repository/IWP30/Page_CCPaymentEntry/UserDefined7"), CCUDF7, false): All options with label 'Purple' are selected in object 'Object Repository/IWP30/Page_CCPaymentEntry/UserDefined7' 

2020-07-14 13:38:44 - [MESSAGE][PASSED] - All options with label 'Purple' are selected in object 'Object Repository/IWP30/Page_CCPaymentEntry/UserDefined7' 

2020-07-14 13:38:44 - [TEST_STEP][PASSED] - if (verifyElementPresent(findTestObject("Object Repository/IWP30/Page_CCPaymentEntry/UserDefined8"), 30)): null

2020-07-14 13:38:45 - [MESSAGE][PASSED] - Object 'Object Repository/IWP30/Page_CCPaymentEntry/UserDefined8' is present

2020-07-14 13:38:45 - [TEST_STEP][PASSED] - if (!(CCUDF8.isEmpty())): All options with label 'Tennis' are selected in object 'Object Repository/IWP30/Page_CCPaymentEntry/UserDefined8' 

2020-07-14 13:38:45 - [TEST_STEP][PASSED] - selectOptionByLabel(findTestObject("Object Repository/IWP30/Page_CCPaymentEntry/UserDefined8"), CCUDF8, false): All options with label 'Tennis' are selected in object 'Object Repository/IWP30/Page_CCPaymentEntry/UserDefined8' 

2020-07-14 13:38:45 - [MESSAGE][PASSED] - All options with label 'Tennis' are selected in object 'Object Repository/IWP30/Page_CCPaymentEntry/UserDefined8' 

2020-07-14 13:38:45 - [TEST_STEP][PASSED] - if (verifyElementPresent(findTestObject("Object Repository/IWP30/Page_CCPaymentEntry/Name"), 30)): null

2020-07-14 13:38:46 - [MESSAGE][PASSED] - Object 'Object Repository/IWP30/Page_CCPaymentEntry/Name' is present

2020-07-14 13:38:46 - [TEST_STEP][PASSED] - if (!(CCName.isEmpty())): Text 'Alan Donald' is set on object 'Object Repository/IWP30/Page_CCPaymentEntry/Name'

2020-07-14 13:38:46 - [TEST_STEP][PASSED] - setText(findTestObject("Object Repository/IWP30/Page_CCPaymentEntry/Name"), CCName): Text 'Alan Donald' is set on object 'Object Repository/IWP30/Page_CCPaymentEntry/Name'

2020-07-14 13:38:46 - [MESSAGE][PASSED] - Text 'Alan Donald' is set on object 'Object Repository/IWP30/Page_CCPaymentEntry/Name'

2020-07-14 13:38:46 - [TEST_STEP][PASSED] - if (verifyElementPresent(findTestObject("Object Repository/IWP30/Page_CCPaymentEntry/CardNumber"), 30)): null

2020-07-14 13:38:46 - [MESSAGE][PASSED] - Object 'Object Repository/IWP30/Page_CCPaymentEntry/CardNumber' is present

2020-07-14 13:38:46 - [TEST_STEP][PASSED] - if (!(CCCardNum.isEmpty())): Text '4111111111111111' is set on object 'Object Repository/IWP30/Page_CCPaymentEntry/CardNumber'

2020-07-14 13:38:46 - [TEST_STEP][PASSED] - setText(findTestObject("Object Repository/IWP30/Page_CCPaymentEntry/CardNumber"), CCCardNum): Text '4111111111111111' is set on object 'Object Repository/IWP30/Page_CCPaymentEntry/CardNumber'

2020-07-14 13:38:47 - [MESSAGE][PASSED] - Text '4111111111111111' is set on object 'Object Repository/IWP30/Page_CCPaymentEntry/CardNumber'

2020-07-14 13:38:47 - [TEST_STEP][PASSED] - if (verifyElementPresent(findTestObject("Object Repository/IWP30/Page_CCPaymentEntry/SPC"), 30)): null

2020-07-14 13:38:47 - [MESSAGE][PASSED] - Object 'Object Repository/IWP30/Page_CCPaymentEntry/SPC' is present

2020-07-14 13:38:47 - [TEST_STEP][PASSED] - if (!(CCSPC.isEmpty())): Text '258' is set on object 'Object Repository/IWP30/Page_CCPaymentEntry/SPC'

2020-07-14 13:38:47 - [TEST_STEP][PASSED] - setText(findTestObject("Object Repository/IWP30/Page_CCPaymentEntry/SPC"), CCSPC): Text '258' is set on object 'Object Repository/IWP30/Page_CCPaymentEntry/SPC'

2020-07-14 13:38:48 - [MESSAGE][PASSED] - Text '258' is set on object 'Object Repository/IWP30/Page_CCPaymentEntry/SPC'

2020-07-14 13:38:48 - [TEST_STEP][PASSED] - if (verifyElementPresent(findTestObject("Object Repository/IWP30/Page_CCPaymentEntry/Month"), 30)): null

2020-07-14 13:38:48 - [MESSAGE][PASSED] - Object 'Object Repository/IWP30/Page_CCPaymentEntry/Month' is present

2020-07-14 13:38:48 - [TEST_STEP][PASSED] - if (!(CCExpM.isEmpty())): All options with label '10' are selected in object 'Object Repository/IWP30/Page_CCPaymentEntry/Month' 

2020-07-14 13:38:48 - [TEST_STEP][PASSED] - selectOptionByLabel(findTestObject("Object Repository/IWP30/Page_CCPaymentEntry/Month"), CCExpM, false): All options with label '10' are selected in object 'Object Repository/IWP30/Page_CCPaymentEntry/Month' 

2020-07-14 13:38:49 - [MESSAGE][PASSED] - All options with label '10' are selected in object 'Object Repository/IWP30/Page_CCPaymentEntry/Month' 

2020-07-14 13:38:49 - [TEST_STEP][PASSED] - if (verifyElementPresent(findTestObject("Object Repository/IWP30/Page_CCPaymentEntry/Year"), 30)): null

2020-07-14 13:38:49 - [MESSAGE][PASSED] - Object 'Object Repository/IWP30/Page_CCPaymentEntry/Year' is present

2020-07-14 13:38:49 - [TEST_STEP][PASSED] - if (!(CCExpY.isEmpty())): All options with label '2025' are selected in object 'Object Repository/IWP30/Page_CCPaymentEntry/Year' 

2020-07-14 13:38:49 - [TEST_STEP][PASSED] - selectOptionByLabel(findTestObject("Object Repository/IWP30/Page_CCPaymentEntry/Year"), CCExpY, false): All options with label '2025' are selected in object 'Object Repository/IWP30/Page_CCPaymentEntry/Year' 

2020-07-14 13:38:50 - [MESSAGE][PASSED] - All options with label '2025' are selected in object 'Object Repository/IWP30/Page_CCPaymentEntry/Year' 

2020-07-14 13:38:50 - [TEST_STEP][PASSED] - if (verifyElementPresent(findTestObject("Object Repository/IWP30/Page_CCPaymentEntry/ProcessDate"), 30)): null

2020-07-14 13:38:50 - [MESSAGE][PASSED] - Object 'Object Repository/IWP30/Page_CCPaymentEntry/ProcessDate' is present

2020-07-14 13:38:50 - [TEST_STEP][PASSED] - if (!(CCDate.isEmpty())): null

2020-07-14 13:38:50 - [TEST_STEP][PASSED] - else: null

2020-07-14 13:38:50 - [TEST_STEP][PASSED] - println("CCDate is not present in the Excel Spreadsheet"): null

2020-07-14 13:38:50 - [TEST_STEP][PASSED] - if (verifyElementPresent(findTestObject("Object Repository/IWP30/Page_CCPaymentEntry/AL1"), 30)): null

2020-07-14 13:38:50 - [MESSAGE][PASSED] - Object 'Object Repository/IWP30/Page_CCPaymentEntry/AL1' is present

2020-07-14 13:38:50 - [TEST_STEP][PASSED] - if (!(CCAL1.isEmpty())): Text 'Mera AL1' is set on object 'Object Repository/IWP30/Page_CCPaymentEntry/AL1'

2020-07-14 13:38:50 - [TEST_STEP][PASSED] - setText(findTestObject("Object Repository/IWP30/Page_CCPaymentEntry/AL1"), CCAL1): Text 'Mera AL1' is set on object 'Object Repository/IWP30/Page_CCPaymentEntry/AL1'

2020-07-14 13:38:51 - [MESSAGE][PASSED] - Text 'Mera AL1' is set on object 'Object Repository/IWP30/Page_CCPaymentEntry/AL1'

2020-07-14 13:38:51 - [TEST_STEP][PASSED] - if (verifyElementPresent(findTestObject("Object Repository/IWP30/Page_CCPaymentEntry/AL2"), 30)): null

2020-07-14 13:38:51 - [MESSAGE][PASSED] - Object 'Object Repository/IWP30/Page_CCPaymentEntry/AL2' is present

2020-07-14 13:38:51 - [TEST_STEP][PASSED] - if (!(CCAL2.isEmpty())): Text 'Mera AL2' is set on object 'Object Repository/IWP30/Page_CCPaymentEntry/AL2'

2020-07-14 13:38:51 - [TEST_STEP][PASSED] - setText(findTestObject("Object Repository/IWP30/Page_CCPaymentEntry/AL2"), CCAL2): Text 'Mera AL2' is set on object 'Object Repository/IWP30/Page_CCPaymentEntry/AL2'

2020-07-14 13:38:52 - [MESSAGE][PASSED] - Text 'Mera AL2' is set on object 'Object Repository/IWP30/Page_CCPaymentEntry/AL2'

2020-07-14 13:38:52 - [TEST_STEP][PASSED] - if (verifyElementPresent(findTestObject("Object Repository/IWP30/Page_CCPaymentEntry/ZIP"), 30)): null

2020-07-14 13:38:52 - [MESSAGE][PASSED] - Object 'Object Repository/IWP30/Page_CCPaymentEntry/ZIP' is present

2020-07-14 13:38:52 - [TEST_STEP][PASSED] - if (!(CCZIP.isEmpty())): Text '21054' is set on object 'Object Repository/IWP30/Page_CCPaymentEntry/ZIP'

2020-07-14 13:38:52 - [TEST_STEP][PASSED] - setText(findTestObject("Object Repository/IWP30/Page_CCPaymentEntry/ZIP"), CCZIP): Text '21054' is set on object 'Object Repository/IWP30/Page_CCPaymentEntry/ZIP'

2020-07-14 13:38:53 - [MESSAGE][PASSED] - Text '21054' is set on object 'Object Repository/IWP30/Page_CCPaymentEntry/ZIP'

2020-07-14 13:38:53 - [TEST_STEP][PASSED] - if (verifyElementPresent(findTestObject("Object Repository/IWP30/Page_CCPaymentEntry/EmailAddress"), 30)): null

2020-07-14 13:38:53 - [MESSAGE][PASSED] - Object 'Object Repository/IWP30/Page_CCPaymentEntry/EmailAddress' is present

2020-07-14 13:38:53 - [TEST_STEP][PASSED] - if (!(CCEmail.isEmpty())): Text 'merae@gmail.com' is set on object 'Object Repository/IWP30/Page_CCPaymentEntry/EmailAddress'

2020-07-14 13:38:53 - [TEST_STEP][PASSED] - setText(findTestObject("Object Repository/IWP30/Page_CCPaymentEntry/EmailAddress"), CCEmail): Text 'merae@gmail.com' is set on object 'Object Repository/IWP30/Page_CCPaymentEntry/EmailAddress'

2020-07-14 13:38:54 - [MESSAGE][PASSED] - Text 'merae@gmail.com' is set on object 'Object Repository/IWP30/Page_CCPaymentEntry/EmailAddress'

2020-07-14 13:38:54 - [TEST_STEP][PASSED] - if (verifyElementPresent(findTestObject("Object Repository/IWP30/Page_CCPaymentEntry/TermCondCheckBox"), 30)): null

2020-07-14 13:38:54 - [MESSAGE][PASSED] - Object 'Object Repository/IWP30/Page_CCPaymentEntry/TermCondCheckBox' is present

2020-07-14 13:38:54 - [TEST_STEP][PASSED] - check(findTestObject("Object Repository/IWP30/Page_CCPaymentEntry/TermCondCheckBox")): Object 'Object Repository/IWP30/Page_CCPaymentEntry/TermCondCheckBox' is checked

2020-07-14 13:38:55 - [MESSAGE][PASSED] - Object 'Object Repository/IWP30/Page_CCPaymentEntry/TermCondCheckBox' is checked

2020-07-14 13:38:55 - [TEST_STEP][PASSED] - if (verifyElementPresent(findTestObject("Object Repository/IWP30/Page_CCPaymentEntry/ContinueButton"), 30)): null

2020-07-14 13:38:55 - [MESSAGE][PASSED] - Object 'Object Repository/IWP30/Page_CCPaymentEntry/ContinueButton' is present

2020-07-14 13:38:55 - [TEST_STEP][PASSED] - click(findTestObject("Object Repository/IWP30/Page_CCPaymentEntry/ContinueButton")): Object: 'Object Repository/IWP30/Page_CCPaymentEntry/ContinueButton' is clicked on

2020-07-14 13:38:56 - [MESSAGE][PASSED] - Object: 'Object Repository/IWP30/Page_CCPaymentEntry/ContinueButton' is clicked on

2020-07-14 13:38:56 - [TEST_STEP][PASSED] - if (verifyTextPresent("Please verify the following information", false)): null

2020-07-14 13:38:57 - [MESSAGE][PASSED] - Text 'Please verify the following information' is present on page 

2020-07-14 13:38:57 - [TEST_STEP][PASSED] - println("Please verify the following information text is present on the Confirmation page"): null

2020-07-14 13:38:57 - [TEST_STEP][PASSED] - if (verifyTextPresent("Is this information correct?", false)): null

2020-07-14 13:38:57 - [MESSAGE][PASSED] - Text 'Is this information correct?' is present on page 

2020-07-14 13:38:57 - [TEST_STEP][PASSED] - println("Is this information correct text is present on the Confirmation page"): null

2020-07-14 13:38:57 - [TEST_STEP][PASSED] - if (verifyElementPresent(findTestObject("Object Repository/IWP30/Page_Confirmation/ConfirmButton"), 30)): null

2020-07-14 13:38:57 - [MESSAGE][PASSED] - Object 'Object Repository/IWP30/Page_Confirmation/ConfirmButton' is present

2020-07-14 13:38:57 - [TEST_STEP][PASSED] - click(findTestObject("Object Repository/IWP30/Page_Confirmation/ConfirmButton")): Object: 'Object Repository/IWP30/Page_Confirmation/ConfirmButton' is clicked on

2020-07-14 13:38:58 - [MESSAGE][PASSED] - Object: 'Object Repository/IWP30/Page_Confirmation/ConfirmButton' is clicked on

2020-07-14 13:38:58 - [TEST_STEP][PASSED] - Thread.sleep(10000): null

2020-07-14 13:39:08 - [TEST_STEP][PASSED] - if (verifyTextPresent("Successful Payment Receipt", false)): null

2020-07-14 13:39:09 - [MESSAGE][PASSED] - Text 'Successful Payment Receipt' is present on page 

2020-07-14 13:39:09 - [TEST_STEP][PASSED] - println("Successful Payment Receipt text is present on the Receipt page"): null

2020-07-14 13:39:09 - [TEST_STEP][PASSED] - if (verifyTextPresent("Please print this receipt for your records", false)): null

2020-07-14 13:39:09 - [MESSAGE][PASSED] - Text 'Please print this receipt for your records' is present on page 

2020-07-14 13:39:09 - [TEST_STEP][PASSED] - println("Please print this receipt for your records text is present on the Receipt page"): null

2020-07-14 13:39:09 - [TEST_STEP][PASSED] - if (verifyElementPresent(findTestObject("Object Repository/IWP30/Page_Receipt/ExitButton"), 30)): null

2020-07-14 13:39:09 - [MESSAGE][PASSED] - Object 'Object Repository/IWP30/Page_Receipt/ExitButton' is present

2020-07-14 13:39:09 - [TEST_STEP][PASSED] - println("Exit Button is present on the Receipt page"): null

2020-07-14 13:39:09 - [TEST_STEP][PASSED] - closeBrowser(): Browser is closed

2020-07-14 13:39:10 - [MESSAGE][PASSED] - Browser is closed]]></system-out>
         <system-err><![CDATA[]]></system-err>
      </testcase>
      <testcase name="Test Cases/IntegratedWeb/IWP30/Misc" time="746.483" classname="Test Cases/IntegratedWeb/IWP30/Misc" status="PASSED">
         <system-out><![CDATA[2020-07-14 13:39:10 - [TEST_CASE][PASSED] - Test Cases/IntegratedWeb/IWP30/Misc: Test Cases/IntegratedWeb/IWP30/Misc

2020-07-14 13:39:10 - [TEST_STEP][PASSED] - numOfRows = findTestData("IWP30PayNowCC").getRowNumbers(): null

2020-07-14 13:39:10 - [TEST_STEP][PASSED] - println(numOfRows): null

2020-07-14 13:39:10 - [TEST_STEP][PASSED] - dataFile = "IWP30PayNowCC": null

2020-07-14 13:39:10 - [TEST_STEP][PASSED] - for ([row = 1, row <= numOfRows, (row++)]): Browser is closed

2020-07-14 13:39:10 - [TEST_STEP][PASSED] - openBrowser(urlEmulator): Browser is opened with url: 'https://qa.velocitypayment.com/agency/config.do?action=editor'

2020-07-14 13:39:10 - [MESSAGE][INFO] - Starting 'Chrome' driver

2020-07-14 13:39:10 - [MESSAGE][INFO] - User set preference: ['acceptInsecureCerts', 'true']

2020-07-14 13:39:10 - [MESSAGE][INFO] - Action delay is set to 0 milliseconds

2020-07-14 13:39:14 - [MESSAGE][PASSED] - Browser is opened with url: 'https://qa.velocitypayment.com/agency/config.do?action=editor'

2020-07-14 13:39:14 - [TEST_STEP][PASSED] - maximizeWindow(): Current window maximized

2020-07-14 13:39:14 - [MESSAGE][PASSED] - Current window maximized

2020-07-14 13:39:14 - [TEST_STEP][PASSED] - iwpPages.emulatorIWP30.getSetData(row, dataFile): iwpPages.emulatorIWP30.getSetData is PASSED

2020-07-14 13:39:16 - [MESSAGE][PASSED] - All options with value '3.0' are selected in object 'Object Repository/IWP30/Page_VRelay30Emulator/MV'  using regular expression

2020-07-14 13:39:16 - [MESSAGE][PASSED] - Text '10.50' is set on object 'Object Repository/IWP30/Page_VRelay30Emulator/Amount'

2020-07-14 13:39:17 - [MESSAGE][PASSED] - Text '26411005' is set on object 'Object Repository/IWP30/Page_VRelay30Emulator/CAN'

2020-07-14 13:39:18 - [MESSAGE][PASSED] - Text 'PayNow' is set on object 'Object Repository/IWP30/Page_VRelay30Emulator/Action'

2020-07-14 13:39:19 - [MESSAGE][PASSED] - Text 'en_US' is set on object 'Object Repository/IWP30/Page_VRelay30Emulator/Lang'

2020-07-14 13:39:19 - [MESSAGE][PASSED] - Text '' is set on object 'Object Repository/IWP30/Page_VRelay30Emulator/Fname'

2020-07-14 13:39:20 - [MESSAGE][PASSED] - Text '' is set on object 'Object Repository/IWP30/Page_VRelay30Emulator/Lname'

2020-07-14 13:39:21 - [MESSAGE][PASSED] - Text '' is set on object 'Object Repository/IWP30/Page_VRelay30Emulator/AL1'

2020-07-14 13:39:21 - [MESSAGE][PASSED] - Text '' is set on object 'Object Repository/IWP30/Page_VRelay30Emulator/AL2'

2020-07-14 13:39:22 - [MESSAGE][PASSED] - Text '840' is set on object 'Object Repository/IWP30/Page_VRelay30Emulator/Country'

2020-07-14 13:39:22 - [MESSAGE][PASSED] - Text '' is set on object 'Object Repository/IWP30/Page_VRelay30Emulator/City'

2020-07-14 13:39:23 - [MESSAGE][PASSED] - Text '' is set on object 'Object Repository/IWP30/Page_VRelay30Emulator/State'

2020-07-14 13:39:24 - [MESSAGE][PASSED] - Text '' is set on object 'Object Repository/IWP30/Page_VRelay30Emulator/ZIP'

2020-07-14 13:39:24 - [MESSAGE][PASSED] - Text '' is set on object 'Object Repository/IWP30/Page_VRelay30Emulator/Order'

2020-07-14 13:39:25 - [MESSAGE][PASSED] - Text '' is set on object 'Object Repository/IWP30/Page_VRelay30Emulator/Company'

2020-07-14 13:39:25 - [MESSAGE][PASSED] - Text '' is set on object 'Object Repository/IWP30/Page_VRelay30Emulator/Email'

2020-07-14 13:39:26 - [MESSAGE][PASSED] - Text '' is set on object 'Object Repository/IWP30/Page_VRelay30Emulator/UDF1'

2020-07-14 13:39:26 - [MESSAGE][PASSED] - Text '' is set on object 'Object Repository/IWP30/Page_VRelay30Emulator/UDF2'

2020-07-14 13:39:27 - [MESSAGE][PASSED] - Text '' is set on object 'Object Repository/IWP30/Page_VRelay30Emulator/UDF3'

2020-07-14 13:39:28 - [MESSAGE][PASSED] - Text 'udf data 4' is set on object 'Object Repository/IWP30/Page_VRelay30Emulator/UDF4'

2020-07-14 13:39:28 - [MESSAGE][PASSED] - Text 'udf data 5' is set on object 'Object Repository/IWP30/Page_VRelay30Emulator/UDF5'

2020-07-14 13:39:29 - [MESSAGE][PASSED] - Text '' is set on object 'Object Repository/IWP30/Page_VRelay30Emulator/UDF6'

2020-07-14 13:39:30 - [MESSAGE][PASSED] - Text '' is set on object 'Object Repository/IWP30/Page_VRelay30Emulator/UDF7'

2020-07-14 13:39:30 - [MESSAGE][PASSED] - Text '' is set on object 'Object Repository/IWP30/Page_VRelay30Emulator/UDF8'

2020-07-14 13:39:31 - [MESSAGE][PASSED] - Text 'udf data 9' is set on object 'Object Repository/IWP30/Page_VRelay30Emulator/UDF9'

2020-07-14 13:39:32 - [MESSAGE][PASSED] - Text 'udf data 10' is set on object 'Object Repository/IWP30/Page_VRelay30Emulator/UDF10'

2020-07-14 13:39:42 - [MESSAGE][PASSED] - Object: 'Object Repository/IWP30/Page_VRelay30Emulator/Submit' is clicked on

2020-07-14 13:39:42 - [MESSAGE][PASSED] - iwpPages.emulatorIWP30.getSetData is PASSED

2020-07-14 13:39:42 - [TEST_STEP][PASSED] - closeBrowser(): Browser is closed

2020-07-14 13:39:43 - [MESSAGE][PASSED] - Browser is closed

2020-07-14 13:39:43 - [TEST_STEP][PASSED] - openBrowser(urlTestHarness): Browser is opened with url: 'https://dev-algorithm.govolution.com/vrelaytest/QA/version_2_2/vrelaytest.html'

2020-07-14 13:39:43 - [MESSAGE][INFO] - Starting 'Chrome' driver

2020-07-14 13:39:43 - [MESSAGE][INFO] - User set preference: ['acceptInsecureCerts', 'true']

2020-07-14 13:39:43 - [MESSAGE][INFO] - Action delay is set to 0 milliseconds

2020-07-14 13:39:47 - [MESSAGE][PASSED] - Browser is opened with url: 'https://dev-algorithm.govolution.com/vrelaytest/QA/version_2_2/vrelaytest.html'

2020-07-14 13:39:47 - [TEST_STEP][PASSED] - maximizeWindow(): Current window maximized

2020-07-14 13:39:47 - [MESSAGE][PASSED] - Current window maximized

2020-07-14 13:39:47 - [TEST_STEP][PASSED] - iwpPages.TestHarnessPage.setDataMethod(row, dataFile): iwpPages.TestHarnessPage.setDataMethod is PASSED

2020-07-14 13:39:47 - [MESSAGE][PASSED] - Object 'Object Repository/IWP30/Page_QATestHarness/RemittanceID' is present

2020-07-14 13:39:48 - [MESSAGE][PASSED] - Text '649' is set on object 'Object Repository/IWP30/Page_QATestHarness/ApplicationID'

2020-07-14 13:39:49 - [MESSAGE][PASSED] - Text '3.0' is set on object 'Object Repository/IWP30/Page_QATestHarness/MessageVersion'

2020-07-14 13:39:49 - [MESSAGE][PASSED] - Text '3ba8lLVkt2zi' is set on object 'Object Repository/IWP30/Page_QATestHarness/RemittanceID'

2020-07-14 13:39:50 - [MESSAGE][PASSED] - Object: 'Object Repository/IWP30/Page_QATestHarness/SubmitButton' is clicked on

2020-07-14 13:39:50 - [MESSAGE][PASSED] - iwpPages.TestHarnessPage.setDataMethod is PASSED

2020-07-14 13:39:50 - [TEST_STEP][PASSED] - if (verifyElementPresent(findTestObject("Object Repository/IWP30/Page_SelectPaymentMethod/PayByCreditCard"), 30)): null

2020-07-14 13:39:51 - [MESSAGE][PASSED] - Object 'Object Repository/IWP30/Page_SelectPaymentMethod/PayByCreditCard' is present

2020-07-14 13:39:51 - [TEST_STEP][PASSED] - println("We are on Select Payment Method page, start populating"): null

2020-07-14 13:39:51 - [TEST_STEP][PASSED] - check(findTestObject("Object Repository/IWP30/Page_SelectPaymentMethod/PayByCreditCard")): Object 'Object Repository/IWP30/Page_SelectPaymentMethod/PayByCreditCard' is checked

2020-07-14 13:39:51 - [MESSAGE][PASSED] - Object 'Object Repository/IWP30/Page_SelectPaymentMethod/PayByCreditCard' is checked

2020-07-14 13:39:51 - [TEST_STEP][PASSED] - Thread.sleep(1000): null

2020-07-14 13:39:52 - [TEST_STEP][PASSED] - click(findTestObject("Object Repository/IWP30/Page_SelectPaymentMethod/MakePaymentButton")): Object: 'Object Repository/IWP30/Page_SelectPaymentMethod/MakePaymentButton' is clicked on

2020-07-14 13:39:53 - [MESSAGE][PASSED] - Object: 'Object Repository/IWP30/Page_SelectPaymentMethod/MakePaymentButton' is clicked on

2020-07-14 13:39:53 - [TEST_STEP][PASSED] - iwpPages.ccPaymentEntryPage.setDataCCPM(row, dataFile): iwpPages.ccPaymentEntryPage.setDataCCPM is PASSED

2020-07-14 13:39:54 - [MESSAGE][PASSED] - Object 'Object Repository/IWP30/Page_CCPaymentEntry/Name' is present

2020-07-14 13:39:54 - [MESSAGE][PASSED] - Object 'Object Repository/IWP30/Page_CCPaymentEntry/Amount' is present

2020-07-14 13:39:55 - [MESSAGE][PASSED] - Text '20.50' is set on object 'Object Repository/IWP30/Page_CCPaymentEntry/Amount'

2020-07-14 13:39:55 - [MESSAGE][PASSED] - Object 'Object Repository/IWP30/Page_CCPaymentEntry/UserDefined2' is present

2020-07-14 13:39:56 - [MESSAGE][PASSED] - Text 'Number 2' is set on object 'Object Repository/IWP30/Page_CCPaymentEntry/UserDefined2'

2020-07-14 13:39:56 - [MESSAGE][PASSED] - Object 'Object Repository/IWP30/Page_CCPaymentEntry/UserDefined3' is present

2020-07-14 13:39:57 - [MESSAGE][PASSED] - Text 'Number 3' is set on object 'Object Repository/IWP30/Page_CCPaymentEntry/UserDefined3'

2020-07-14 13:39:57 - [MESSAGE][PASSED] - Object 'Object Repository/IWP30/Page_CCPaymentEntry/UserDefined7' is present

2020-07-14 13:39:58 - [MESSAGE][PASSED] - All options with label 'Orange' are selected in object 'Object Repository/IWP30/Page_CCPaymentEntry/UserDefined7' 

2020-07-14 13:39:58 - [MESSAGE][PASSED] - Object 'Object Repository/IWP30/Page_CCPaymentEntry/UserDefined8' is present

2020-07-14 13:39:59 - [MESSAGE][PASSED] - All options with label 'Tennis' are selected in object 'Object Repository/IWP30/Page_CCPaymentEntry/UserDefined8' 

2020-07-14 13:39:59 - [MESSAGE][PASSED] - Object 'Object Repository/IWP30/Page_CCPaymentEntry/Name' is present

2020-07-14 13:40:00 - [MESSAGE][PASSED] - Text 'Mera Naam' is set on object 'Object Repository/IWP30/Page_CCPaymentEntry/Name'

2020-07-14 13:40:00 - [MESSAGE][PASSED] - Object 'Object Repository/IWP30/Page_CCPaymentEntry/CardNumber' is present

2020-07-14 13:40:00 - [MESSAGE][PASSED] - Text '4111111111111111' is set on object 'Object Repository/IWP30/Page_CCPaymentEntry/CardNumber'

2020-07-14 13:40:01 - [MESSAGE][PASSED] - Object 'Object Repository/IWP30/Page_CCPaymentEntry/SPC' is present

2020-07-14 13:40:01 - [MESSAGE][PASSED] - Text '123' is set on object 'Object Repository/IWP30/Page_CCPaymentEntry/SPC'

2020-07-14 13:40:02 - [MESSAGE][PASSED] - Object 'Object Repository/IWP30/Page_CCPaymentEntry/Month' is present

2020-07-14 13:40:02 - [MESSAGE][PASSED] - All options with label '09' are selected in object 'Object Repository/IWP30/Page_CCPaymentEntry/Month' 

2020-07-14 13:40:03 - [MESSAGE][PASSED] - Object 'Object Repository/IWP30/Page_CCPaymentEntry/Year' is present

2020-07-14 13:40:03 - [MESSAGE][PASSED] - All options with label '2023' are selected in object 'Object Repository/IWP30/Page_CCPaymentEntry/Year' 

2020-07-14 13:40:04 - [MESSAGE][PASSED] - Object 'Object Repository/IWP30/Page_CCPaymentEntry/ProcessDate' is present

2020-07-14 13:40:04 - [MESSAGE][PASSED] - Object 'Object Repository/IWP30/Page_CCPaymentEntry/AL1' is present

2020-07-14 13:40:05 - [MESSAGE][PASSED] - Text 'Mera AL1' is set on object 'Object Repository/IWP30/Page_CCPaymentEntry/AL1'

2020-07-14 13:40:05 - [MESSAGE][PASSED] - Object 'Object Repository/IWP30/Page_CCPaymentEntry/AL2' is present

2020-07-14 13:40:06 - [MESSAGE][PASSED] - Text 'Mera AL2' is set on object 'Object Repository/IWP30/Page_CCPaymentEntry/AL2'

2020-07-14 13:40:06 - [MESSAGE][PASSED] - Object 'Object Repository/IWP30/Page_CCPaymentEntry/ZIP' is present

2020-07-14 13:40:07 - [MESSAGE][PASSED] - Text '21054' is set on object 'Object Repository/IWP30/Page_CCPaymentEntry/ZIP'

2020-07-14 13:40:07 - [MESSAGE][PASSED] - Object 'Object Repository/IWP30/Page_CCPaymentEntry/EmailAddress' is present

2020-07-14 13:40:08 - [MESSAGE][PASSED] - Text 'merae@gmail.com' is set on object 'Object Repository/IWP30/Page_CCPaymentEntry/EmailAddress'

2020-07-14 13:40:08 - [MESSAGE][PASSED] - Object 'Object Repository/IWP30/Page_CCPaymentEntry/TermCondCheckBox' is present

2020-07-14 13:40:08 - [MESSAGE][PASSED] - Object 'Object Repository/IWP30/Page_CCPaymentEntry/TermCondCheckBox' is checked

2020-07-14 13:40:09 - [MESSAGE][PASSED] - Object 'Object Repository/IWP30/Page_CCPaymentEntry/ContinueButton' is present

2020-07-14 13:40:10 - [MESSAGE][PASSED] - Object: 'Object Repository/IWP30/Page_CCPaymentEntry/ContinueButton' is clicked on

2020-07-14 13:40:10 - [MESSAGE][PASSED] - iwpPages.ccPaymentEntryPage.setDataCCPM is PASSED

2020-07-14 13:40:10 - [TEST_STEP][PASSED] - if (verifyTextPresent("Please verify the following information", false)): null

2020-07-14 13:40:10 - [MESSAGE][PASSED] - Text 'Please verify the following information' is present on page 

2020-07-14 13:40:10 - [TEST_STEP][PASSED] - println("Please verify the following information text is present on the Confirmation page"): null

2020-07-14 13:40:10 - [TEST_STEP][PASSED] - if (verifyTextPresent("Is this information correct?", false)): null

2020-07-14 13:40:11 - [MESSAGE][PASSED] - Text 'Is this information correct?' is present on page 

2020-07-14 13:40:11 - [TEST_STEP][PASSED] - println("Is this information correct text is present on the Confirmation page"): null

2020-07-14 13:40:11 - [TEST_STEP][PASSED] - if (verifyElementPresent(findTestObject("Object Repository/IWP30/Page_Confirmation/ConfirmButton"), 30)): null

2020-07-14 13:40:11 - [MESSAGE][PASSED] - Object 'Object Repository/IWP30/Page_Confirmation/ConfirmButton' is present

2020-07-14 13:40:11 - [TEST_STEP][PASSED] - click(findTestObject("Object Repository/IWP30/Page_Confirmation/ConfirmButton")): Object: 'Object Repository/IWP30/Page_Confirmation/ConfirmButton' is clicked on

2020-07-14 13:40:12 - [MESSAGE][PASSED] - Object: 'Object Repository/IWP30/Page_Confirmation/ConfirmButton' is clicked on

2020-07-14 13:40:12 - [TEST_STEP][PASSED] - Thread.sleep(10000): null

2020-07-14 13:40:22 - [TEST_STEP][PASSED] - if (verifyTextPresent("Successful Payment Receipt", false)): null

2020-07-14 13:40:22 - [MESSAGE][PASSED] - Text 'Successful Payment Receipt' is present on page 

2020-07-14 13:40:22 - [TEST_STEP][PASSED] - println("Successful Payment Receipt text is present on the Receipt page"): null

2020-07-14 13:40:22 - [TEST_STEP][PASSED] - if (verifyTextPresent("Please print this receipt for your records", false)): null

2020-07-14 13:40:23 - [MESSAGE][PASSED] - Text 'Please print this receipt for your records' is present on page 

2020-07-14 13:40:23 - [TEST_STEP][PASSED] - println("Please print this receipt for your records text is present on the Receipt page"): null

2020-07-14 13:40:23 - [TEST_STEP][PASSED] - if (verifyElementPresent(findTestObject("Object Repository/IWP30/Page_Receipt/ExitButton"), 30)): null

2020-07-14 13:40:23 - [MESSAGE][PASSED] - Object 'Object Repository/IWP30/Page_Receipt/ExitButton' is present

2020-07-14 13:40:23 - [TEST_STEP][PASSED] - println("Exit Button is present on the Receipt page"): null

2020-07-14 13:40:23 - [TEST_STEP][PASSED] - closeBrowser(): Browser is closed

2020-07-14 13:40:24 - [MESSAGE][PASSED] - Browser is closed

2020-07-14 13:40:24 - [TEST_STEP][PASSED] - openBrowser(urlEmulator): Browser is opened with url: 'https://qa.velocitypayment.com/agency/config.do?action=editor'

2020-07-14 13:40:24 - [MESSAGE][INFO] - Starting 'Chrome' driver

2020-07-14 13:40:24 - [MESSAGE][INFO] - User set preference: ['acceptInsecureCerts', 'true']

2020-07-14 13:40:24 - [MESSAGE][INFO] - Action delay is set to 0 milliseconds

2020-07-14 13:40:28 - [MESSAGE][PASSED] - Browser is opened with url: 'https://qa.velocitypayment.com/agency/config.do?action=editor'

2020-07-14 13:40:28 - [TEST_STEP][PASSED] - maximizeWindow(): Current window maximized

2020-07-14 13:40:28 - [MESSAGE][PASSED] - Current window maximized

2020-07-14 13:40:28 - [TEST_STEP][PASSED] - iwpPages.emulatorIWP30.getSetData(row, dataFile): iwpPages.emulatorIWP30.getSetData is PASSED

2020-07-14 13:40:30 - [MESSAGE][PASSED] - All options with value '3.0' are selected in object 'Object Repository/IWP30/Page_VRelay30Emulator/MV'  using regular expression

2020-07-14 13:40:30 - [MESSAGE][PASSED] - Text '10.50' is set on object 'Object Repository/IWP30/Page_VRelay30Emulator/Amount'

2020-07-14 13:40:31 - [MESSAGE][PASSED] - Text '26411005' is set on object 'Object Repository/IWP30/Page_VRelay30Emulator/CAN'

2020-07-14 13:40:32 - [MESSAGE][PASSED] - Text 'PayNow' is set on object 'Object Repository/IWP30/Page_VRelay30Emulator/Action'

2020-07-14 13:40:32 - [MESSAGE][PASSED] - Text 'en_US' is set on object 'Object Repository/IWP30/Page_VRelay30Emulator/Lang'

2020-07-14 13:40:33 - [MESSAGE][PASSED] - Text 'Marty' is set on object 'Object Repository/IWP30/Page_VRelay30Emulator/Fname'

2020-07-14 13:40:33 - [MESSAGE][PASSED] - Text 'Jones' is set on object 'Object Repository/IWP30/Page_VRelay30Emulator/Lname'

2020-07-14 13:40:34 - [MESSAGE][PASSED] - Text '2311 York road' is set on object 'Object Repository/IWP30/Page_VRelay30Emulator/AL1'

2020-07-14 13:40:35 - [MESSAGE][PASSED] - Text 'Suite 600' is set on object 'Object Repository/IWP30/Page_VRelay30Emulator/AL2'

2020-07-14 13:40:35 - [MESSAGE][PASSED] - Text '840' is set on object 'Object Repository/IWP30/Page_VRelay30Emulator/Country'

2020-07-14 13:40:36 - [MESSAGE][PASSED] - Text 'Arlington' is set on object 'Object Repository/IWP30/Page_VRelay30Emulator/City'

2020-07-14 13:40:37 - [MESSAGE][PASSED] - Text 'VA' is set on object 'Object Repository/IWP30/Page_VRelay30Emulator/State'

2020-07-14 13:40:37 - [MESSAGE][PASSED] - Text '22201' is set on object 'Object Repository/IWP30/Page_VRelay30Emulator/ZIP'

2020-07-14 13:40:38 - [MESSAGE][PASSED] - Text '' is set on object 'Object Repository/IWP30/Page_VRelay30Emulator/Order'

2020-07-14 13:40:39 - [MESSAGE][PASSED] - Text '' is set on object 'Object Repository/IWP30/Page_VRelay30Emulator/Company'

2020-07-14 13:40:40 - [MESSAGE][PASSED] - Text 'iahmed@govolution.com' is set on object 'Object Repository/IWP30/Page_VRelay30Emulator/Email'

2020-07-14 13:40:40 - [MESSAGE][PASSED] - Text 'udf data 1' is set on object 'Object Repository/IWP30/Page_VRelay30Emulator/UDF1'

2020-07-14 13:40:41 - [MESSAGE][PASSED] - Text 'udf data 2' is set on object 'Object Repository/IWP30/Page_VRelay30Emulator/UDF2'

2020-07-14 13:40:42 - [MESSAGE][PASSED] - Text 'udf data 3' is set on object 'Object Repository/IWP30/Page_VRelay30Emulator/UDF3'

2020-07-14 13:40:42 - [MESSAGE][PASSED] - Text 'udf data 4' is set on object 'Object Repository/IWP30/Page_VRelay30Emulator/UDF4'

2020-07-14 13:40:43 - [MESSAGE][PASSED] - Text 'udf data 5' is set on object 'Object Repository/IWP30/Page_VRelay30Emulator/UDF5'

2020-07-14 13:40:44 - [MESSAGE][PASSED] - Text 'udf data 6' is set on object 'Object Repository/IWP30/Page_VRelay30Emulator/UDF6'

2020-07-14 13:40:45 - [MESSAGE][PASSED] - Text 'Purple' is set on object 'Object Repository/IWP30/Page_VRelay30Emulator/UDF7'

2020-07-14 13:40:45 - [MESSAGE][PASSED] - Text 'Tennis' is set on object 'Object Repository/IWP30/Page_VRelay30Emulator/UDF8'

2020-07-14 13:40:46 - [MESSAGE][PASSED] - Text 'udf data 9' is set on object 'Object Repository/IWP30/Page_VRelay30Emulator/UDF9'

2020-07-14 13:40:47 - [MESSAGE][PASSED] - Text 'udf data 10' is set on object 'Object Repository/IWP30/Page_VRelay30Emulator/UDF10'

2020-07-14 13:40:57 - [MESSAGE][PASSED] - Object: 'Object Repository/IWP30/Page_VRelay30Emulator/Submit' is clicked on

2020-07-14 13:40:57 - [MESSAGE][PASSED] - iwpPages.emulatorIWP30.getSetData is PASSED

2020-07-14 13:40:57 - [TEST_STEP][PASSED] - closeBrowser(): Browser is closed

2020-07-14 13:40:58 - [MESSAGE][PASSED] - Browser is closed

2020-07-14 13:40:58 - [TEST_STEP][PASSED] - openBrowser(urlTestHarness): Browser is opened with url: 'https://dev-algorithm.govolution.com/vrelaytest/QA/version_2_2/vrelaytest.html'

2020-07-14 13:40:58 - [MESSAGE][INFO] - Starting 'Chrome' driver

2020-07-14 13:40:58 - [MESSAGE][INFO] - User set preference: ['acceptInsecureCerts', 'true']

2020-07-14 13:40:58 - [MESSAGE][INFO] - Action delay is set to 0 milliseconds

2020-07-14 13:41:02 - [MESSAGE][PASSED] - Browser is opened with url: 'https://dev-algorithm.govolution.com/vrelaytest/QA/version_2_2/vrelaytest.html'

2020-07-14 13:41:02 - [TEST_STEP][PASSED] - maximizeWindow(): Current window maximized

2020-07-14 13:41:02 - [MESSAGE][PASSED] - Current window maximized

2020-07-14 13:41:02 - [TEST_STEP][PASSED] - iwpPages.TestHarnessPage.setDataMethod(row, dataFile): iwpPages.TestHarnessPage.setDataMethod is PASSED

2020-07-14 13:41:02 - [MESSAGE][PASSED] - Object 'Object Repository/IWP30/Page_QATestHarness/RemittanceID' is present

2020-07-14 13:41:03 - [MESSAGE][PASSED] - Text '649' is set on object 'Object Repository/IWP30/Page_QATestHarness/ApplicationID'

2020-07-14 13:41:04 - [MESSAGE][PASSED] - Text '3.0' is set on object 'Object Repository/IWP30/Page_QATestHarness/MessageVersion'

2020-07-14 13:41:05 - [MESSAGE][PASSED] - Text 'hhg2o8mehjch' is set on object 'Object Repository/IWP30/Page_QATestHarness/RemittanceID'

2020-07-14 13:41:06 - [MESSAGE][PASSED] - Object: 'Object Repository/IWP30/Page_QATestHarness/SubmitButton' is clicked on

2020-07-14 13:41:06 - [MESSAGE][PASSED] - iwpPages.TestHarnessPage.setDataMethod is PASSED

2020-07-14 13:41:06 - [TEST_STEP][PASSED] - if (verifyElementPresent(findTestObject("Object Repository/IWP30/Page_SelectPaymentMethod/PayByCreditCard"), 30)): null

2020-07-14 13:41:06 - [MESSAGE][PASSED] - Object 'Object Repository/IWP30/Page_SelectPaymentMethod/PayByCreditCard' is present

2020-07-14 13:41:06 - [TEST_STEP][PASSED] - println("We are on Select Payment Method page, start populating"): null

2020-07-14 13:41:06 - [TEST_STEP][PASSED] - check(findTestObject("Object Repository/IWP30/Page_SelectPaymentMethod/PayByCreditCard")): Object 'Object Repository/IWP30/Page_SelectPaymentMethod/PayByCreditCard' is checked

2020-07-14 13:41:07 - [MESSAGE][PASSED] - Object 'Object Repository/IWP30/Page_SelectPaymentMethod/PayByCreditCard' is checked

2020-07-14 13:41:07 - [TEST_STEP][PASSED] - Thread.sleep(1000): null

2020-07-14 13:41:08 - [TEST_STEP][PASSED] - click(findTestObject("Object Repository/IWP30/Page_SelectPaymentMethod/MakePaymentButton")): Object: 'Object Repository/IWP30/Page_SelectPaymentMethod/MakePaymentButton' is clicked on

2020-07-14 13:41:09 - [MESSAGE][PASSED] - Object: 'Object Repository/IWP30/Page_SelectPaymentMethod/MakePaymentButton' is clicked on

2020-07-14 13:41:09 - [TEST_STEP][PASSED] - iwpPages.ccPaymentEntryPage.setDataCCPM(row, dataFile): iwpPages.ccPaymentEntryPage.setDataCCPM is PASSED

2020-07-14 13:41:09 - [MESSAGE][PASSED] - Object 'Object Repository/IWP30/Page_CCPaymentEntry/Name' is present

2020-07-14 13:41:10 - [MESSAGE][PASSED] - Object 'Object Repository/IWP30/Page_CCPaymentEntry/Amount' is present

2020-07-14 13:41:10 - [MESSAGE][PASSED] - Object 'Object Repository/IWP30/Page_CCPaymentEntry/UserDefined2' is present

2020-07-14 13:41:10 - [MESSAGE][PASSED] - Object 'Object Repository/IWP30/Page_CCPaymentEntry/UserDefined3' is present

2020-07-14 13:41:11 - [MESSAGE][PASSED] - Object 'Object Repository/IWP30/Page_CCPaymentEntry/UserDefined7' is present

2020-07-14 13:41:11 - [MESSAGE][PASSED] - Object 'Object Repository/IWP30/Page_CCPaymentEntry/UserDefined8' is present

2020-07-14 13:41:11 - [MESSAGE][PASSED] - Object 'Object Repository/IWP30/Page_CCPaymentEntry/Name' is present

2020-07-14 13:41:11 - [MESSAGE][PASSED] - Object 'Object Repository/IWP30/Page_CCPaymentEntry/CardNumber' is present

2020-07-14 13:41:12 - [MESSAGE][PASSED] - Text '4111111111111111' is set on object 'Object Repository/IWP30/Page_CCPaymentEntry/CardNumber'

2020-07-14 13:41:12 - [MESSAGE][PASSED] - Object 'Object Repository/IWP30/Page_CCPaymentEntry/SPC' is present

2020-07-14 13:41:13 - [MESSAGE][PASSED] - Text '123' is set on object 'Object Repository/IWP30/Page_CCPaymentEntry/SPC'

2020-07-14 13:41:13 - [MESSAGE][PASSED] - Object 'Object Repository/IWP30/Page_CCPaymentEntry/Month' is present

2020-07-14 13:41:14 - [MESSAGE][PASSED] - All options with label '09' are selected in object 'Object Repository/IWP30/Page_CCPaymentEntry/Month' 

2020-07-14 13:41:14 - [MESSAGE][PASSED] - Object 'Object Repository/IWP30/Page_CCPaymentEntry/Year' is present

2020-07-14 13:41:15 - [MESSAGE][PASSED] - All options with label '2023' are selected in object 'Object Repository/IWP30/Page_CCPaymentEntry/Year' 

2020-07-14 13:41:15 - [MESSAGE][PASSED] - Object 'Object Repository/IWP30/Page_CCPaymentEntry/ProcessDate' is present

2020-07-14 13:41:15 - [MESSAGE][PASSED] - Object 'Object Repository/IWP30/Page_CCPaymentEntry/AL1' is present

2020-07-14 13:41:16 - [MESSAGE][PASSED] - Object 'Object Repository/IWP30/Page_CCPaymentEntry/AL2' is present

2020-07-14 13:41:16 - [MESSAGE][PASSED] - Object 'Object Repository/IWP30/Page_CCPaymentEntry/ZIP' is present

2020-07-14 13:41:16 - [MESSAGE][PASSED] - Object 'Object Repository/IWP30/Page_CCPaymentEntry/EmailAddress' is present

2020-07-14 13:41:17 - [MESSAGE][PASSED] - Object 'Object Repository/IWP30/Page_CCPaymentEntry/TermCondCheckBox' is present

2020-07-14 13:41:17 - [MESSAGE][PASSED] - Object 'Object Repository/IWP30/Page_CCPaymentEntry/TermCondCheckBox' is checked

2020-07-14 13:41:17 - [MESSAGE][PASSED] - Object 'Object Repository/IWP30/Page_CCPaymentEntry/ContinueButton' is present

2020-07-14 13:41:18 - [MESSAGE][PASSED] - Object: 'Object Repository/IWP30/Page_CCPaymentEntry/ContinueButton' is clicked on

2020-07-14 13:41:18 - [MESSAGE][PASSED] - iwpPages.ccPaymentEntryPage.setDataCCPM is PASSED

2020-07-14 13:41:18 - [TEST_STEP][PASSED] - if (verifyTextPresent("Please verify the following information", false)): null

2020-07-14 13:41:19 - [MESSAGE][PASSED] - Text 'Please verify the following information' is present on page 

2020-07-14 13:41:19 - [TEST_STEP][PASSED] - println("Please verify the following information text is present on the Confirmation page"): null

2020-07-14 13:41:19 - [TEST_STEP][PASSED] - if (verifyTextPresent("Is this information correct?", false)): null

2020-07-14 13:41:19 - [MESSAGE][PASSED] - Text 'Is this information correct?' is present on page 

2020-07-14 13:41:19 - [TEST_STEP][PASSED] - println("Is this information correct text is present on the Confirmation page"): null

2020-07-14 13:41:19 - [TEST_STEP][PASSED] - if (verifyElementPresent(findTestObject("Object Repository/IWP30/Page_Confirmation/ConfirmButton"), 30)): null

2020-07-14 13:41:20 - [MESSAGE][PASSED] - Object 'Object Repository/IWP30/Page_Confirmation/ConfirmButton' is present

2020-07-14 13:41:20 - [TEST_STEP][PASSED] - click(findTestObject("Object Repository/IWP30/Page_Confirmation/ConfirmButton")): Object: 'Object Repository/IWP30/Page_Confirmation/ConfirmButton' is clicked on

2020-07-14 13:41:21 - [MESSAGE][PASSED] - Object: 'Object Repository/IWP30/Page_Confirmation/ConfirmButton' is clicked on

2020-07-14 13:41:21 - [TEST_STEP][PASSED] - Thread.sleep(10000): null

2020-07-14 13:41:31 - [TEST_STEP][PASSED] - if (verifyTextPresent("Successful Payment Receipt", false)): null

2020-07-14 13:41:31 - [MESSAGE][PASSED] - Text 'Successful Payment Receipt' is present on page 

2020-07-14 13:41:31 - [TEST_STEP][PASSED] - println("Successful Payment Receipt text is present on the Receipt page"): null

2020-07-14 13:41:31 - [TEST_STEP][PASSED] - if (verifyTextPresent("Please print this receipt for your records", false)): null

2020-07-14 13:41:31 - [MESSAGE][PASSED] - Text 'Please print this receipt for your records' is present on page 

2020-07-14 13:41:31 - [TEST_STEP][PASSED] - println("Please print this receipt for your records text is present on the Receipt page"): null

2020-07-14 13:41:31 - [TEST_STEP][PASSED] - if (verifyElementPresent(findTestObject("Object Repository/IWP30/Page_Receipt/ExitButton"), 30)): null

2020-07-14 13:41:32 - [MESSAGE][PASSED] - Object 'Object Repository/IWP30/Page_Receipt/ExitButton' is present

2020-07-14 13:41:32 - [TEST_STEP][PASSED] - println("Exit Button is present on the Receipt page"): null

2020-07-14 13:41:32 - [TEST_STEP][PASSED] - closeBrowser(): Browser is closed

2020-07-14 13:41:32 - [MESSAGE][PASSED] - Browser is closed

2020-07-14 13:41:32 - [TEST_STEP][PASSED] - openBrowser(urlEmulator): Browser is opened with url: 'https://qa.velocitypayment.com/agency/config.do?action=editor'

2020-07-14 13:41:32 - [MESSAGE][INFO] - Starting 'Chrome' driver

2020-07-14 13:41:32 - [MESSAGE][INFO] - User set preference: ['acceptInsecureCerts', 'true']

2020-07-14 13:41:33 - [MESSAGE][INFO] - Action delay is set to 0 milliseconds

2020-07-14 13:41:36 - [MESSAGE][PASSED] - Browser is opened with url: 'https://qa.velocitypayment.com/agency/config.do?action=editor'

2020-07-14 13:41:36 - [TEST_STEP][PASSED] - maximizeWindow(): Current window maximized

2020-07-14 13:41:36 - [MESSAGE][PASSED] - Current window maximized

2020-07-14 13:41:36 - [TEST_STEP][PASSED] - iwpPages.emulatorIWP30.getSetData(row, dataFile): iwpPages.emulatorIWP30.getSetData is PASSED

2020-07-14 13:41:38 - [MESSAGE][PASSED] - All options with value '3.0' are selected in object 'Object Repository/IWP30/Page_VRelay30Emulator/MV'  using regular expression

2020-07-14 13:41:38 - [MESSAGE][PASSED] - Text '29.50' is set on object 'Object Repository/IWP30/Page_VRelay30Emulator/Amount'

2020-07-14 13:41:39 - [MESSAGE][PASSED] - Text '26412109' is set on object 'Object Repository/IWP30/Page_VRelay30Emulator/CAN'

2020-07-14 13:41:40 - [MESSAGE][PASSED] - Text 'PayNow' is set on object 'Object Repository/IWP30/Page_VRelay30Emulator/Action'

2020-07-14 13:41:40 - [MESSAGE][PASSED] - Text 'en_US' is set on object 'Object Repository/IWP30/Page_VRelay30Emulator/Lang'

2020-07-14 13:41:41 - [MESSAGE][PASSED] - Text 'Jonty' is set on object 'Object Repository/IWP30/Page_VRelay30Emulator/Fname'

2020-07-14 13:41:42 - [MESSAGE][PASSED] - Text 'Smith' is set on object 'Object Repository/IWP30/Page_VRelay30Emulator/Lname'

2020-07-14 13:41:42 - [MESSAGE][PASSED] - Text '15 Elm St' is set on object 'Object Repository/IWP30/Page_VRelay30Emulator/AL1'

2020-07-14 13:41:43 - [MESSAGE][PASSED] - Text 'Suite 600' is set on object 'Object Repository/IWP30/Page_VRelay30Emulator/AL2'

2020-07-14 13:41:43 - [MESSAGE][PASSED] - Text '840' is set on object 'Object Repository/IWP30/Page_VRelay30Emulator/Country'

2020-07-14 13:41:44 - [MESSAGE][PASSED] - Text 'Gambrills' is set on object 'Object Repository/IWP30/Page_VRelay30Emulator/City'

2020-07-14 13:41:45 - [MESSAGE][PASSED] - Text 'MD' is set on object 'Object Repository/IWP30/Page_VRelay30Emulator/State'

2020-07-14 13:41:45 - [MESSAGE][PASSED] - Text '21054' is set on object 'Object Repository/IWP30/Page_VRelay30Emulator/ZIP'

2020-07-14 13:41:46 - [MESSAGE][PASSED] - Text '' is set on object 'Object Repository/IWP30/Page_VRelay30Emulator/Order'

2020-07-14 13:41:47 - [MESSAGE][PASSED] - Text '' is set on object 'Object Repository/IWP30/Page_VRelay30Emulator/Company'

2020-07-14 13:41:47 - [MESSAGE][PASSED] - Text 'iahmed@govolution.com' is set on object 'Object Repository/IWP30/Page_VRelay30Emulator/Email'

2020-07-14 13:41:48 - [MESSAGE][PASSED] - Text 'udf data 1' is set on object 'Object Repository/IWP30/Page_VRelay30Emulator/UDF1'

2020-07-14 13:41:49 - [MESSAGE][PASSED] - Text 'udf data 2' is set on object 'Object Repository/IWP30/Page_VRelay30Emulator/UDF2'

2020-07-14 13:41:50 - [MESSAGE][PASSED] - Text 'udf data 3' is set on object 'Object Repository/IWP30/Page_VRelay30Emulator/UDF3'

2020-07-14 13:41:50 - [MESSAGE][PASSED] - Text 'udf data 4' is set on object 'Object Repository/IWP30/Page_VRelay30Emulator/UDF4'

2020-07-14 13:41:51 - [MESSAGE][PASSED] - Text 'udf data 5' is set on object 'Object Repository/IWP30/Page_VRelay30Emulator/UDF5'

2020-07-14 13:41:52 - [MESSAGE][PASSED] - Text 'udf data 6' is set on object 'Object Repository/IWP30/Page_VRelay30Emulator/UDF6'

2020-07-14 13:41:52 - [MESSAGE][PASSED] - Text 'Orange' is set on object 'Object Repository/IWP30/Page_VRelay30Emulator/UDF7'

2020-07-14 13:41:53 - [MESSAGE][PASSED] - Text 'Soccer' is set on object 'Object Repository/IWP30/Page_VRelay30Emulator/UDF8'

2020-07-14 13:41:54 - [MESSAGE][PASSED] - Text 'udf data 9' is set on object 'Object Repository/IWP30/Page_VRelay30Emulator/UDF9'

2020-07-14 13:41:55 - [MESSAGE][PASSED] - Text 'udf data 10' is set on object 'Object Repository/IWP30/Page_VRelay30Emulator/UDF10'

2020-07-14 13:42:05 - [MESSAGE][PASSED] - Object: 'Object Repository/IWP30/Page_VRelay30Emulator/Submit' is clicked on

2020-07-14 13:42:05 - [MESSAGE][PASSED] - iwpPages.emulatorIWP30.getSetData is PASSED

2020-07-14 13:42:05 - [TEST_STEP][PASSED] - closeBrowser(): Browser is closed

2020-07-14 13:42:06 - [MESSAGE][PASSED] - Browser is closed

2020-07-14 13:42:06 - [TEST_STEP][PASSED] - openBrowser(urlTestHarness): Browser is opened with url: 'https://dev-algorithm.govolution.com/vrelaytest/QA/version_2_2/vrelaytest.html'

2020-07-14 13:42:06 - [MESSAGE][INFO] - Starting 'Chrome' driver

2020-07-14 13:42:06 - [MESSAGE][INFO] - User set preference: ['acceptInsecureCerts', 'true']

2020-07-14 13:42:06 - [MESSAGE][INFO] - Action delay is set to 0 milliseconds

2020-07-14 13:42:09 - [MESSAGE][PASSED] - Browser is opened with url: 'https://dev-algorithm.govolution.com/vrelaytest/QA/version_2_2/vrelaytest.html'

2020-07-14 13:42:09 - [TEST_STEP][PASSED] - maximizeWindow(): Current window maximized

2020-07-14 13:42:10 - [MESSAGE][PASSED] - Current window maximized

2020-07-14 13:42:10 - [TEST_STEP][PASSED] - iwpPages.TestHarnessPage.setDataMethod(row, dataFile): iwpPages.TestHarnessPage.setDataMethod is PASSED

2020-07-14 13:42:10 - [MESSAGE][PASSED] - Object 'Object Repository/IWP30/Page_QATestHarness/RemittanceID' is present

2020-07-14 13:42:11 - [MESSAGE][PASSED] - Text '649' is set on object 'Object Repository/IWP30/Page_QATestHarness/ApplicationID'

2020-07-14 13:42:11 - [MESSAGE][PASSED] - Text '3.0' is set on object 'Object Repository/IWP30/Page_QATestHarness/MessageVersion'

2020-07-14 13:42:12 - [MESSAGE][PASSED] - Text 'pizNHOnJBjCO' is set on object 'Object Repository/IWP30/Page_QATestHarness/RemittanceID'

2020-07-14 13:42:13 - [MESSAGE][PASSED] - Object: 'Object Repository/IWP30/Page_QATestHarness/SubmitButton' is clicked on

2020-07-14 13:42:13 - [MESSAGE][PASSED] - iwpPages.TestHarnessPage.setDataMethod is PASSED

2020-07-14 13:42:13 - [TEST_STEP][PASSED] - if (verifyElementPresent(findTestObject("Object Repository/IWP30/Page_SelectPaymentMethod/PayByCreditCard"), 30)): null

2020-07-14 13:42:14 - [MESSAGE][PASSED] - Object 'Object Repository/IWP30/Page_SelectPaymentMethod/PayByCreditCard' is present

2020-07-14 13:42:14 - [TEST_STEP][PASSED] - println("We are on Select Payment Method page, start populating"): null

2020-07-14 13:42:14 - [TEST_STEP][PASSED] - check(findTestObject("Object Repository/IWP30/Page_SelectPaymentMethod/PayByCreditCard")): Object 'Object Repository/IWP30/Page_SelectPaymentMethod/PayByCreditCard' is checked

2020-07-14 13:42:14 - [MESSAGE][PASSED] - Object 'Object Repository/IWP30/Page_SelectPaymentMethod/PayByCreditCard' is checked

2020-07-14 13:42:14 - [TEST_STEP][PASSED] - Thread.sleep(1000): null

2020-07-14 13:42:15 - [TEST_STEP][PASSED] - click(findTestObject("Object Repository/IWP30/Page_SelectPaymentMethod/MakePaymentButton")): Object: 'Object Repository/IWP30/Page_SelectPaymentMethod/MakePaymentButton' is clicked on

2020-07-14 13:42:16 - [MESSAGE][PASSED] - Object: 'Object Repository/IWP30/Page_SelectPaymentMethod/MakePaymentButton' is clicked on

2020-07-14 13:42:16 - [TEST_STEP][PASSED] - iwpPages.ccPaymentEntryPage.setDataCCPM(row, dataFile): iwpPages.ccPaymentEntryPage.setDataCCPM is PASSED

2020-07-14 13:42:17 - [MESSAGE][PASSED] - Object 'Object Repository/IWP30/Page_CCPaymentEntry/Name' is present

2020-07-14 13:42:17 - [MESSAGE][PASSED] - Object 'Object Repository/IWP30/Page_CCPaymentEntry/Amount' is present

2020-07-14 13:42:18 - [MESSAGE][PASSED] - Text '20.50' is set on object 'Object Repository/IWP30/Page_CCPaymentEntry/Amount'

2020-07-14 13:42:18 - [MESSAGE][PASSED] - Object 'Object Repository/IWP30/Page_CCPaymentEntry/UserDefined2' is present

2020-07-14 13:42:19 - [MESSAGE][PASSED] - Text 'Circle' is set on object 'Object Repository/IWP30/Page_CCPaymentEntry/UserDefined2'

2020-07-14 13:42:19 - [MESSAGE][PASSED] - Object 'Object Repository/IWP30/Page_CCPaymentEntry/UserDefined3' is present

2020-07-14 13:42:20 - [MESSAGE][PASSED] - Text 'Triangle' is set on object 'Object Repository/IWP30/Page_CCPaymentEntry/UserDefined3'

2020-07-14 13:42:20 - [MESSAGE][PASSED] - Object 'Object Repository/IWP30/Page_CCPaymentEntry/UserDefined7' is present

2020-07-14 13:42:21 - [MESSAGE][PASSED] - All options with label 'Purple' are selected in object 'Object Repository/IWP30/Page_CCPaymentEntry/UserDefined7' 

2020-07-14 13:42:21 - [MESSAGE][PASSED] - Object 'Object Repository/IWP30/Page_CCPaymentEntry/UserDefined8' is present

2020-07-14 13:42:22 - [MESSAGE][PASSED] - All options with label 'Tennis' are selected in object 'Object Repository/IWP30/Page_CCPaymentEntry/UserDefined8' 

2020-07-14 13:42:22 - [MESSAGE][PASSED] - Object 'Object Repository/IWP30/Page_CCPaymentEntry/Name' is present

2020-07-14 13:42:23 - [MESSAGE][PASSED] - Text 'Alan Donald' is set on object 'Object Repository/IWP30/Page_CCPaymentEntry/Name'

2020-07-14 13:42:23 - [MESSAGE][PASSED] - Object 'Object Repository/IWP30/Page_CCPaymentEntry/CardNumber' is present

2020-07-14 13:42:24 - [MESSAGE][PASSED] - Text '4111111111111111' is set on object 'Object Repository/IWP30/Page_CCPaymentEntry/CardNumber'

2020-07-14 13:42:24 - [MESSAGE][PASSED] - Object 'Object Repository/IWP30/Page_CCPaymentEntry/SPC' is present

2020-07-14 13:42:25 - [MESSAGE][PASSED] - Text '258' is set on object 'Object Repository/IWP30/Page_CCPaymentEntry/SPC'

2020-07-14 13:42:25 - [MESSAGE][PASSED] - Object 'Object Repository/IWP30/Page_CCPaymentEntry/Month' is present

2020-07-14 13:42:26 - [MESSAGE][PASSED] - All options with label '10' are selected in object 'Object Repository/IWP30/Page_CCPaymentEntry/Month' 

2020-07-14 13:42:26 - [MESSAGE][PASSED] - Object 'Object Repository/IWP30/Page_CCPaymentEntry/Year' is present

2020-07-14 13:42:27 - [MESSAGE][PASSED] - All options with label '2025' are selected in object 'Object Repository/IWP30/Page_CCPaymentEntry/Year' 

2020-07-14 13:42:27 - [MESSAGE][PASSED] - Object 'Object Repository/IWP30/Page_CCPaymentEntry/ProcessDate' is present

2020-07-14 13:42:27 - [MESSAGE][PASSED] - Object 'Object Repository/IWP30/Page_CCPaymentEntry/AL1' is present

2020-07-14 13:42:28 - [MESSAGE][PASSED] - Text 'Mera AL1' is set on object 'Object Repository/IWP30/Page_CCPaymentEntry/AL1'

2020-07-14 13:42:28 - [MESSAGE][PASSED] - Object 'Object Repository/IWP30/Page_CCPaymentEntry/AL2' is present

2020-07-14 13:42:29 - [MESSAGE][PASSED] - Text 'Mera AL2' is set on object 'Object Repository/IWP30/Page_CCPaymentEntry/AL2'

2020-07-14 13:42:29 - [MESSAGE][PASSED] - Object 'Object Repository/IWP30/Page_CCPaymentEntry/ZIP' is present

2020-07-14 13:42:30 - [MESSAGE][PASSED] - Text '21054' is set on object 'Object Repository/IWP30/Page_CCPaymentEntry/ZIP'

2020-07-14 13:42:31 - [MESSAGE][PASSED] - Object 'Object Repository/IWP30/Page_CCPaymentEntry/EmailAddress' is present

2020-07-14 13:42:32 - [MESSAGE][PASSED] - Text 'merae@gmail.com' is set on object 'Object Repository/IWP30/Page_CCPaymentEntry/EmailAddress'

2020-07-14 13:42:32 - [MESSAGE][PASSED] - Object 'Object Repository/IWP30/Page_CCPaymentEntry/TermCondCheckBox' is present

2020-07-14 13:42:32 - [MESSAGE][PASSED] - Object 'Object Repository/IWP30/Page_CCPaymentEntry/TermCondCheckBox' is checked

2020-07-14 13:42:33 - [MESSAGE][PASSED] - Object 'Object Repository/IWP30/Page_CCPaymentEntry/ContinueButton' is present

2020-07-14 13:42:34 - [MESSAGE][PASSED] - Object: 'Object Repository/IWP30/Page_CCPaymentEntry/ContinueButton' is clicked on

2020-07-14 13:42:34 - [MESSAGE][PASSED] - iwpPages.ccPaymentEntryPage.setDataCCPM is PASSED

2020-07-14 13:42:34 - [TEST_STEP][PASSED] - if (verifyTextPresent("Please verify the following information", false)): null

2020-07-14 13:42:34 - [MESSAGE][PASSED] - Text 'Please verify the following information' is present on page 

2020-07-14 13:42:34 - [TEST_STEP][PASSED] - println("Please verify the following information text is present on the Confirmation page"): null

2020-07-14 13:42:34 - [TEST_STEP][PASSED] - if (verifyTextPresent("Is this information correct?", false)): null

2020-07-14 13:42:34 - [MESSAGE][PASSED] - Text 'Is this information correct?' is present on page 

2020-07-14 13:42:34 - [TEST_STEP][PASSED] - println("Is this information correct text is present on the Confirmation page"): null

2020-07-14 13:42:34 - [TEST_STEP][PASSED] - if (verifyElementPresent(findTestObject("Object Repository/IWP30/Page_Confirmation/ConfirmButton"), 30)): null

2020-07-14 13:42:35 - [MESSAGE][PASSED] - Object 'Object Repository/IWP30/Page_Confirmation/ConfirmButton' is present

2020-07-14 13:42:35 - [TEST_STEP][PASSED] - click(findTestObject("Object Repository/IWP30/Page_Confirmation/ConfirmButton")): Object: 'Object Repository/IWP30/Page_Confirmation/ConfirmButton' is clicked on

2020-07-14 13:42:36 - [MESSAGE][PASSED] - Object: 'Object Repository/IWP30/Page_Confirmation/ConfirmButton' is clicked on

2020-07-14 13:42:36 - [TEST_STEP][PASSED] - Thread.sleep(10000): null

2020-07-14 13:42:46 - [TEST_STEP][PASSED] - if (verifyTextPresent("Successful Payment Receipt", false)): null

2020-07-14 13:42:46 - [MESSAGE][PASSED] - Text 'Successful Payment Receipt' is present on page 

2020-07-14 13:42:46 - [TEST_STEP][PASSED] - println("Successful Payment Receipt text is present on the Receipt page"): null

2020-07-14 13:42:46 - [TEST_STEP][PASSED] - if (verifyTextPresent("Please print this receipt for your records", false)): null

2020-07-14 13:42:46 - [MESSAGE][PASSED] - Text 'Please print this receipt for your records' is present on page 

2020-07-14 13:42:46 - [TEST_STEP][PASSED] - println("Please print this receipt for your records text is present on the Receipt page"): null

2020-07-14 13:42:46 - [TEST_STEP][PASSED] - if (verifyElementPresent(findTestObject("Object Repository/IWP30/Page_Receipt/ExitButton"), 30)): null

2020-07-14 13:42:47 - [MESSAGE][PASSED] - Object 'Object Repository/IWP30/Page_Receipt/ExitButton' is present

2020-07-14 13:42:47 - [TEST_STEP][PASSED] - println("Exit Button is present on the Receipt page"): null

2020-07-14 13:42:47 - [TEST_STEP][PASSED] - closeBrowser(): Browser is closed

2020-07-14 13:42:48 - [MESSAGE][PASSED] - Browser is closed

2020-07-14 13:42:48 - [TEST_STEP][PASSED] - openBrowser(urlEmulator): Browser is opened with url: 'https://qa.velocitypayment.com/agency/config.do?action=editor'

2020-07-14 13:42:48 - [MESSAGE][INFO] - Starting 'Chrome' driver

2020-07-14 13:42:48 - [MESSAGE][INFO] - User set preference: ['acceptInsecureCerts', 'true']

2020-07-14 13:42:48 - [MESSAGE][INFO] - Action delay is set to 0 milliseconds

2020-07-14 13:42:51 - [MESSAGE][PASSED] - Browser is opened with url: 'https://qa.velocitypayment.com/agency/config.do?action=editor'

2020-07-14 13:42:51 - [TEST_STEP][PASSED] - maximizeWindow(): Current window maximized

2020-07-14 13:42:52 - [MESSAGE][PASSED] - Current window maximized

2020-07-14 13:42:52 - [TEST_STEP][PASSED] - iwpPages.emulatorIWP30.getSetData(row, dataFile): iwpPages.emulatorIWP30.getSetData is PASSED

2020-07-14 13:42:53 - [MESSAGE][PASSED] - All options with value '3.0' are selected in object 'Object Repository/IWP30/Page_VRelay30Emulator/MV'  using regular expression

2020-07-14 13:42:54 - [MESSAGE][PASSED] - Text '10.50' is set on object 'Object Repository/IWP30/Page_VRelay30Emulator/Amount'

2020-07-14 13:42:54 - [MESSAGE][PASSED] - Text '26411005' is set on object 'Object Repository/IWP30/Page_VRelay30Emulator/CAN'

2020-07-14 13:42:55 - [MESSAGE][PASSED] - Text 'PayNow' is set on object 'Object Repository/IWP30/Page_VRelay30Emulator/Action'

2020-07-14 13:42:56 - [MESSAGE][PASSED] - Text 'en_US' is set on object 'Object Repository/IWP30/Page_VRelay30Emulator/Lang'

2020-07-14 13:42:56 - [MESSAGE][PASSED] - Text '' is set on object 'Object Repository/IWP30/Page_VRelay30Emulator/Fname'

2020-07-14 13:42:57 - [MESSAGE][PASSED] - Text '' is set on object 'Object Repository/IWP30/Page_VRelay30Emulator/Lname'

2020-07-14 13:42:57 - [MESSAGE][PASSED] - Text '' is set on object 'Object Repository/IWP30/Page_VRelay30Emulator/AL1'

2020-07-14 13:42:58 - [MESSAGE][PASSED] - Text '' is set on object 'Object Repository/IWP30/Page_VRelay30Emulator/AL2'

2020-07-14 13:42:59 - [MESSAGE][PASSED] - Text '840' is set on object 'Object Repository/IWP30/Page_VRelay30Emulator/Country'

2020-07-14 13:42:59 - [MESSAGE][PASSED] - Text '' is set on object 'Object Repository/IWP30/Page_VRelay30Emulator/City'

2020-07-14 13:43:00 - [MESSAGE][PASSED] - Text '' is set on object 'Object Repository/IWP30/Page_VRelay30Emulator/State'

2020-07-14 13:43:00 - [MESSAGE][PASSED] - Text '' is set on object 'Object Repository/IWP30/Page_VRelay30Emulator/ZIP'

2020-07-14 13:43:01 - [MESSAGE][PASSED] - Text '' is set on object 'Object Repository/IWP30/Page_VRelay30Emulator/Order'

2020-07-14 13:43:02 - [MESSAGE][PASSED] - Text '' is set on object 'Object Repository/IWP30/Page_VRelay30Emulator/Company'

2020-07-14 13:43:03 - [MESSAGE][PASSED] - Text '' is set on object 'Object Repository/IWP30/Page_VRelay30Emulator/Email'

2020-07-14 13:43:03 - [MESSAGE][PASSED] - Text '' is set on object 'Object Repository/IWP30/Page_VRelay30Emulator/UDF1'

2020-07-14 13:43:04 - [MESSAGE][PASSED] - Text '' is set on object 'Object Repository/IWP30/Page_VRelay30Emulator/UDF2'

2020-07-14 13:43:05 - [MESSAGE][PASSED] - Text '' is set on object 'Object Repository/IWP30/Page_VRelay30Emulator/UDF3'

2020-07-14 13:43:05 - [MESSAGE][PASSED] - Text 'udf data 4' is set on object 'Object Repository/IWP30/Page_VRelay30Emulator/UDF4'

2020-07-14 13:43:06 - [MESSAGE][PASSED] - Text 'udf data 5' is set on object 'Object Repository/IWP30/Page_VRelay30Emulator/UDF5'

2020-07-14 13:43:07 - [MESSAGE][PASSED] - Text '' is set on object 'Object Repository/IWP30/Page_VRelay30Emulator/UDF6'

2020-07-14 13:43:07 - [MESSAGE][PASSED] - Text '' is set on object 'Object Repository/IWP30/Page_VRelay30Emulator/UDF7'

2020-07-14 13:43:08 - [MESSAGE][PASSED] - Text '' is set on object 'Object Repository/IWP30/Page_VRelay30Emulator/UDF8'

2020-07-14 13:43:09 - [MESSAGE][PASSED] - Text 'udf data 9' is set on object 'Object Repository/IWP30/Page_VRelay30Emulator/UDF9'

2020-07-14 13:43:09 - [MESSAGE][PASSED] - Text 'udf data 10' is set on object 'Object Repository/IWP30/Page_VRelay30Emulator/UDF10'

2020-07-14 13:43:20 - [MESSAGE][PASSED] - Object: 'Object Repository/IWP30/Page_VRelay30Emulator/Submit' is clicked on

2020-07-14 13:43:20 - [MESSAGE][PASSED] - iwpPages.emulatorIWP30.getSetData is PASSED

2020-07-14 13:43:20 - [TEST_STEP][PASSED] - closeBrowser(): Browser is closed

2020-07-14 13:43:21 - [MESSAGE][PASSED] - Browser is closed

2020-07-14 13:43:21 - [TEST_STEP][PASSED] - openBrowser(urlTestHarness): Browser is opened with url: 'https://dev-algorithm.govolution.com/vrelaytest/QA/version_2_2/vrelaytest.html'

2020-07-14 13:43:21 - [MESSAGE][INFO] - Starting 'Chrome' driver

2020-07-14 13:43:21 - [MESSAGE][INFO] - User set preference: ['acceptInsecureCerts', 'true']

2020-07-14 13:43:21 - [MESSAGE][INFO] - Action delay is set to 0 milliseconds

2020-07-14 13:43:25 - [MESSAGE][PASSED] - Browser is opened with url: 'https://dev-algorithm.govolution.com/vrelaytest/QA/version_2_2/vrelaytest.html'

2020-07-14 13:43:25 - [TEST_STEP][PASSED] - maximizeWindow(): Current window maximized

2020-07-14 13:43:25 - [MESSAGE][PASSED] - Current window maximized

2020-07-14 13:43:25 - [TEST_STEP][PASSED] - iwpPages.TestHarnessPage.setDataMethod(row, dataFile): iwpPages.TestHarnessPage.setDataMethod is PASSED

2020-07-14 13:43:26 - [MESSAGE][PASSED] - Object 'Object Repository/IWP30/Page_QATestHarness/RemittanceID' is present

2020-07-14 13:43:26 - [MESSAGE][PASSED] - Text '649' is set on object 'Object Repository/IWP30/Page_QATestHarness/ApplicationID'

2020-07-14 13:43:27 - [MESSAGE][PASSED] - Text '3.0' is set on object 'Object Repository/IWP30/Page_QATestHarness/MessageVersion'

2020-07-14 13:43:28 - [MESSAGE][PASSED] - Text 'w3ZgOaIs2rgF' is set on object 'Object Repository/IWP30/Page_QATestHarness/RemittanceID'

2020-07-14 13:43:29 - [MESSAGE][PASSED] - Object: 'Object Repository/IWP30/Page_QATestHarness/SubmitButton' is clicked on

2020-07-14 13:43:29 - [MESSAGE][PASSED] - iwpPages.TestHarnessPage.setDataMethod is PASSED

2020-07-14 13:43:29 - [TEST_STEP][PASSED] - if (verifyElementPresent(findTestObject("Object Repository/IWP30/Page_SelectPaymentMethod/PayByCreditCard"), 30)): null

2020-07-14 13:43:29 - [MESSAGE][PASSED] - Object 'Object Repository/IWP30/Page_SelectPaymentMethod/PayByCreditCard' is present

2020-07-14 13:43:29 - [TEST_STEP][PASSED] - println("We are on Select Payment Method page, start populating"): null

2020-07-14 13:43:29 - [TEST_STEP][PASSED] - check(findTestObject("Object Repository/IWP30/Page_SelectPaymentMethod/PayByCreditCard")): Object 'Object Repository/IWP30/Page_SelectPaymentMethod/PayByCreditCard' is checked

2020-07-14 13:43:30 - [MESSAGE][PASSED] - Object 'Object Repository/IWP30/Page_SelectPaymentMethod/PayByCreditCard' is checked

2020-07-14 13:43:30 - [TEST_STEP][PASSED] - Thread.sleep(1000): null

2020-07-14 13:43:31 - [TEST_STEP][PASSED] - click(findTestObject("Object Repository/IWP30/Page_SelectPaymentMethod/MakePaymentButton")): Object: 'Object Repository/IWP30/Page_SelectPaymentMethod/MakePaymentButton' is clicked on

2020-07-14 13:43:32 - [MESSAGE][PASSED] - Object: 'Object Repository/IWP30/Page_SelectPaymentMethod/MakePaymentButton' is clicked on

2020-07-14 13:43:32 - [TEST_STEP][PASSED] - iwpPages.ccPaymentEntryPage.setDataCCPM(row, dataFile): iwpPages.ccPaymentEntryPage.setDataCCPM is PASSED

2020-07-14 13:43:32 - [MESSAGE][PASSED] - Object 'Object Repository/IWP30/Page_CCPaymentEntry/Name' is present

2020-07-14 13:43:33 - [MESSAGE][PASSED] - Object 'Object Repository/IWP30/Page_CCPaymentEntry/Amount' is present

2020-07-14 13:43:33 - [MESSAGE][PASSED] - Text '20.50' is set on object 'Object Repository/IWP30/Page_CCPaymentEntry/Amount'

2020-07-14 13:43:34 - [MESSAGE][PASSED] - Object 'Object Repository/IWP30/Page_CCPaymentEntry/UserDefined2' is present

2020-07-14 13:43:34 - [MESSAGE][PASSED] - Text 'Number 2' is set on object 'Object Repository/IWP30/Page_CCPaymentEntry/UserDefined2'

2020-07-14 13:43:35 - [MESSAGE][PASSED] - Object 'Object Repository/IWP30/Page_CCPaymentEntry/UserDefined3' is present

2020-07-14 13:43:35 - [MESSAGE][PASSED] - Text 'Number 3' is set on object 'Object Repository/IWP30/Page_CCPaymentEntry/UserDefined3'

2020-07-14 13:43:36 - [MESSAGE][PASSED] - Object 'Object Repository/IWP30/Page_CCPaymentEntry/UserDefined7' is present

2020-07-14 13:43:36 - [MESSAGE][PASSED] - All options with label 'Orange' are selected in object 'Object Repository/IWP30/Page_CCPaymentEntry/UserDefined7' 

2020-07-14 13:43:37 - [MESSAGE][PASSED] - Object 'Object Repository/IWP30/Page_CCPaymentEntry/UserDefined8' is present

2020-07-14 13:43:37 - [MESSAGE][PASSED] - All options with label 'Tennis' are selected in object 'Object Repository/IWP30/Page_CCPaymentEntry/UserDefined8' 

2020-07-14 13:43:38 - [MESSAGE][PASSED] - Object 'Object Repository/IWP30/Page_CCPaymentEntry/Name' is present

2020-07-14 13:43:38 - [MESSAGE][PASSED] - Text 'Mera Naam' is set on object 'Object Repository/IWP30/Page_CCPaymentEntry/Name'

2020-07-14 13:43:39 - [MESSAGE][PASSED] - Object 'Object Repository/IWP30/Page_CCPaymentEntry/CardNumber' is present

2020-07-14 13:43:40 - [MESSAGE][PASSED] - Text '5424000000000015' is set on object 'Object Repository/IWP30/Page_CCPaymentEntry/CardNumber'

2020-07-14 13:43:40 - [MESSAGE][PASSED] - Object 'Object Repository/IWP30/Page_CCPaymentEntry/SPC' is present

2020-07-14 13:43:41 - [MESSAGE][PASSED] - Text '123' is set on object 'Object Repository/IWP30/Page_CCPaymentEntry/SPC'

2020-07-14 13:43:41 - [MESSAGE][PASSED] - Object 'Object Repository/IWP30/Page_CCPaymentEntry/Month' is present

2020-07-14 13:43:42 - [MESSAGE][PASSED] - All options with label '09' are selected in object 'Object Repository/IWP30/Page_CCPaymentEntry/Month' 

2020-07-14 13:43:42 - [MESSAGE][PASSED] - Object 'Object Repository/IWP30/Page_CCPaymentEntry/Year' is present

2020-07-14 13:43:42 - [MESSAGE][PASSED] - All options with label '2023' are selected in object 'Object Repository/IWP30/Page_CCPaymentEntry/Year' 

2020-07-14 13:43:43 - [MESSAGE][PASSED] - Object 'Object Repository/IWP30/Page_CCPaymentEntry/ProcessDate' is present

2020-07-14 13:43:43 - [MESSAGE][PASSED] - Object 'Object Repository/IWP30/Page_CCPaymentEntry/AL1' is present

2020-07-14 13:43:44 - [MESSAGE][PASSED] - Text 'Mera AL1' is set on object 'Object Repository/IWP30/Page_CCPaymentEntry/AL1'

2020-07-14 13:43:44 - [MESSAGE][PASSED] - Object 'Object Repository/IWP30/Page_CCPaymentEntry/AL2' is present

2020-07-14 13:43:45 - [MESSAGE][PASSED] - Text 'Mera AL2' is set on object 'Object Repository/IWP30/Page_CCPaymentEntry/AL2'

2020-07-14 13:43:45 - [MESSAGE][PASSED] - Object 'Object Repository/IWP30/Page_CCPaymentEntry/ZIP' is present

2020-07-14 13:43:46 - [MESSAGE][PASSED] - Text '21054' is set on object 'Object Repository/IWP30/Page_CCPaymentEntry/ZIP'

2020-07-14 13:43:46 - [MESSAGE][PASSED] - Object 'Object Repository/IWP30/Page_CCPaymentEntry/EmailAddress' is present

2020-07-14 13:43:47 - [MESSAGE][PASSED] - Text 'merae@gmail.com' is set on object 'Object Repository/IWP30/Page_CCPaymentEntry/EmailAddress'

2020-07-14 13:43:47 - [MESSAGE][PASSED] - Object 'Object Repository/IWP30/Page_CCPaymentEntry/TermCondCheckBox' is present

2020-07-14 13:43:48 - [MESSAGE][PASSED] - Object 'Object Repository/IWP30/Page_CCPaymentEntry/TermCondCheckBox' is checked

2020-07-14 13:43:48 - [MESSAGE][PASSED] - Object 'Object Repository/IWP30/Page_CCPaymentEntry/ContinueButton' is present

2020-07-14 13:43:49 - [MESSAGE][PASSED] - Object: 'Object Repository/IWP30/Page_CCPaymentEntry/ContinueButton' is clicked on

2020-07-14 13:43:49 - [MESSAGE][PASSED] - iwpPages.ccPaymentEntryPage.setDataCCPM is PASSED

2020-07-14 13:43:49 - [TEST_STEP][PASSED] - if (verifyTextPresent("Please verify the following information", false)): null

2020-07-14 13:43:50 - [MESSAGE][PASSED] - Text 'Please verify the following information' is present on page 

2020-07-14 13:43:50 - [TEST_STEP][PASSED] - println("Please verify the following information text is present on the Confirmation page"): null

2020-07-14 13:43:50 - [TEST_STEP][PASSED] - if (verifyTextPresent("Is this information correct?", false)): null

2020-07-14 13:43:50 - [MESSAGE][PASSED] - Text 'Is this information correct?' is present on page 

2020-07-14 13:43:50 - [TEST_STEP][PASSED] - println("Is this information correct text is present on the Confirmation page"): null

2020-07-14 13:43:50 - [TEST_STEP][PASSED] - if (verifyElementPresent(findTestObject("Object Repository/IWP30/Page_Confirmation/ConfirmButton"), 30)): null

2020-07-14 13:43:50 - [MESSAGE][PASSED] - Object 'Object Repository/IWP30/Page_Confirmation/ConfirmButton' is present

2020-07-14 13:43:50 - [TEST_STEP][PASSED] - click(findTestObject("Object Repository/IWP30/Page_Confirmation/ConfirmButton")): Object: 'Object Repository/IWP30/Page_Confirmation/ConfirmButton' is clicked on

2020-07-14 13:43:51 - [MESSAGE][PASSED] - Object: 'Object Repository/IWP30/Page_Confirmation/ConfirmButton' is clicked on

2020-07-14 13:43:51 - [TEST_STEP][PASSED] - Thread.sleep(10000): null

2020-07-14 13:44:01 - [TEST_STEP][PASSED] - if (verifyTextPresent("Successful Payment Receipt", false)): null

2020-07-14 13:44:02 - [MESSAGE][PASSED] - Text 'Successful Payment Receipt' is present on page 

2020-07-14 13:44:02 - [TEST_STEP][PASSED] - println("Successful Payment Receipt text is present on the Receipt page"): null

2020-07-14 13:44:02 - [TEST_STEP][PASSED] - if (verifyTextPresent("Please print this receipt for your records", false)): null

2020-07-14 13:44:02 - [MESSAGE][PASSED] - Text 'Please print this receipt for your records' is present on page 

2020-07-14 13:44:02 - [TEST_STEP][PASSED] - println("Please print this receipt for your records text is present on the Receipt page"): null

2020-07-14 13:44:02 - [TEST_STEP][PASSED] - if (verifyElementPresent(findTestObject("Object Repository/IWP30/Page_Receipt/ExitButton"), 30)): null

2020-07-14 13:44:02 - [MESSAGE][PASSED] - Object 'Object Repository/IWP30/Page_Receipt/ExitButton' is present

2020-07-14 13:44:02 - [TEST_STEP][PASSED] - println("Exit Button is present on the Receipt page"): null

2020-07-14 13:44:02 - [TEST_STEP][PASSED] - closeBrowser(): Browser is closed

2020-07-14 13:44:03 - [MESSAGE][PASSED] - Browser is closed

2020-07-14 13:44:03 - [TEST_STEP][PASSED] - openBrowser(urlEmulator): Browser is opened with url: 'https://qa.velocitypayment.com/agency/config.do?action=editor'

2020-07-14 13:44:03 - [MESSAGE][INFO] - Starting 'Chrome' driver

2020-07-14 13:44:03 - [MESSAGE][INFO] - User set preference: ['acceptInsecureCerts', 'true']

2020-07-14 13:44:03 - [MESSAGE][INFO] - Action delay is set to 0 milliseconds

2020-07-14 13:44:07 - [MESSAGE][PASSED] - Browser is opened with url: 'https://qa.velocitypayment.com/agency/config.do?action=editor'

2020-07-14 13:44:07 - [TEST_STEP][PASSED] - maximizeWindow(): Current window maximized

2020-07-14 13:44:08 - [MESSAGE][PASSED] - Current window maximized

2020-07-14 13:44:08 - [TEST_STEP][PASSED] - iwpPages.emulatorIWP30.getSetData(row, dataFile): iwpPages.emulatorIWP30.getSetData is PASSED

2020-07-14 13:44:09 - [MESSAGE][PASSED] - All options with value '3.0' are selected in object 'Object Repository/IWP30/Page_VRelay30Emulator/MV'  using regular expression

2020-07-14 13:44:10 - [MESSAGE][PASSED] - Text '10.50' is set on object 'Object Repository/IWP30/Page_VRelay30Emulator/Amount'

2020-07-14 13:44:10 - [MESSAGE][PASSED] - Text '26411005' is set on object 'Object Repository/IWP30/Page_VRelay30Emulator/CAN'

2020-07-14 13:44:11 - [MESSAGE][PASSED] - Text 'PayNow' is set on object 'Object Repository/IWP30/Page_VRelay30Emulator/Action'

2020-07-14 13:44:12 - [MESSAGE][PASSED] - Text 'en_US' is set on object 'Object Repository/IWP30/Page_VRelay30Emulator/Lang'

2020-07-14 13:44:12 - [MESSAGE][PASSED] - Text '' is set on object 'Object Repository/IWP30/Page_VRelay30Emulator/Fname'

2020-07-14 13:44:13 - [MESSAGE][PASSED] - Text '' is set on object 'Object Repository/IWP30/Page_VRelay30Emulator/Lname'

2020-07-14 13:44:13 - [MESSAGE][PASSED] - Text '' is set on object 'Object Repository/IWP30/Page_VRelay30Emulator/AL1'

2020-07-14 13:44:14 - [MESSAGE][PASSED] - Text '' is set on object 'Object Repository/IWP30/Page_VRelay30Emulator/AL2'

2020-07-14 13:44:15 - [MESSAGE][PASSED] - Text '840' is set on object 'Object Repository/IWP30/Page_VRelay30Emulator/Country'

2020-07-14 13:44:15 - [MESSAGE][PASSED] - Text '' is set on object 'Object Repository/IWP30/Page_VRelay30Emulator/City'

2020-07-14 13:44:16 - [MESSAGE][PASSED] - Text '' is set on object 'Object Repository/IWP30/Page_VRelay30Emulator/State'

2020-07-14 13:44:17 - [MESSAGE][PASSED] - Text '' is set on object 'Object Repository/IWP30/Page_VRelay30Emulator/ZIP'

2020-07-14 13:44:17 - [MESSAGE][PASSED] - Text '' is set on object 'Object Repository/IWP30/Page_VRelay30Emulator/Order'

2020-07-14 13:44:18 - [MESSAGE][PASSED] - Text '' is set on object 'Object Repository/IWP30/Page_VRelay30Emulator/Company'

2020-07-14 13:44:19 - [MESSAGE][PASSED] - Text '' is set on object 'Object Repository/IWP30/Page_VRelay30Emulator/Email'

2020-07-14 13:44:19 - [MESSAGE][PASSED] - Text '' is set on object 'Object Repository/IWP30/Page_VRelay30Emulator/UDF1'

2020-07-14 13:44:20 - [MESSAGE][PASSED] - Text '' is set on object 'Object Repository/IWP30/Page_VRelay30Emulator/UDF2'

2020-07-14 13:44:21 - [MESSAGE][PASSED] - Text '' is set on object 'Object Repository/IWP30/Page_VRelay30Emulator/UDF3'

2020-07-14 13:44:21 - [MESSAGE][PASSED] - Text 'udf data 4' is set on object 'Object Repository/IWP30/Page_VRelay30Emulator/UDF4'

2020-07-14 13:44:22 - [MESSAGE][PASSED] - Text 'udf data 5' is set on object 'Object Repository/IWP30/Page_VRelay30Emulator/UDF5'

2020-07-14 13:44:23 - [MESSAGE][PASSED] - Text '' is set on object 'Object Repository/IWP30/Page_VRelay30Emulator/UDF6'

2020-07-14 13:44:24 - [MESSAGE][PASSED] - Text '' is set on object 'Object Repository/IWP30/Page_VRelay30Emulator/UDF7'

2020-07-14 13:44:24 - [MESSAGE][PASSED] - Text '' is set on object 'Object Repository/IWP30/Page_VRelay30Emulator/UDF8'

2020-07-14 13:44:25 - [MESSAGE][PASSED] - Text 'udf data 9' is set on object 'Object Repository/IWP30/Page_VRelay30Emulator/UDF9'

2020-07-14 13:44:26 - [MESSAGE][PASSED] - Text 'udf data 10' is set on object 'Object Repository/IWP30/Page_VRelay30Emulator/UDF10'

2020-07-14 13:44:36 - [MESSAGE][PASSED] - Object: 'Object Repository/IWP30/Page_VRelay30Emulator/Submit' is clicked on

2020-07-14 13:44:36 - [MESSAGE][PASSED] - iwpPages.emulatorIWP30.getSetData is PASSED

2020-07-14 13:44:36 - [TEST_STEP][PASSED] - closeBrowser(): Browser is closed

2020-07-14 13:44:37 - [MESSAGE][PASSED] - Browser is closed

2020-07-14 13:44:37 - [TEST_STEP][PASSED] - openBrowser(urlTestHarness): Browser is opened with url: 'https://dev-algorithm.govolution.com/vrelaytest/QA/version_2_2/vrelaytest.html'

2020-07-14 13:44:37 - [MESSAGE][INFO] - Starting 'Chrome' driver

2020-07-14 13:44:37 - [MESSAGE][INFO] - User set preference: ['acceptInsecureCerts', 'true']

2020-07-14 13:44:37 - [MESSAGE][INFO] - Action delay is set to 0 milliseconds

2020-07-14 13:44:41 - [MESSAGE][PASSED] - Browser is opened with url: 'https://dev-algorithm.govolution.com/vrelaytest/QA/version_2_2/vrelaytest.html'

2020-07-14 13:44:41 - [TEST_STEP][PASSED] - maximizeWindow(): Current window maximized

2020-07-14 13:44:42 - [MESSAGE][PASSED] - Current window maximized

2020-07-14 13:44:42 - [TEST_STEP][PASSED] - iwpPages.TestHarnessPage.setDataMethod(row, dataFile): iwpPages.TestHarnessPage.setDataMethod is PASSED

2020-07-14 13:44:42 - [MESSAGE][PASSED] - Object 'Object Repository/IWP30/Page_QATestHarness/RemittanceID' is present

2020-07-14 13:44:43 - [MESSAGE][PASSED] - Text '649' is set on object 'Object Repository/IWP30/Page_QATestHarness/ApplicationID'

2020-07-14 13:44:43 - [MESSAGE][PASSED] - Text '3.0' is set on object 'Object Repository/IWP30/Page_QATestHarness/MessageVersion'

2020-07-14 13:44:44 - [MESSAGE][PASSED] - Text 'XeL4ZO3CQXQ7' is set on object 'Object Repository/IWP30/Page_QATestHarness/RemittanceID'

2020-07-14 13:44:45 - [MESSAGE][PASSED] - Object: 'Object Repository/IWP30/Page_QATestHarness/SubmitButton' is clicked on

2020-07-14 13:44:45 - [MESSAGE][PASSED] - iwpPages.TestHarnessPage.setDataMethod is PASSED

2020-07-14 13:44:45 - [TEST_STEP][PASSED] - if (verifyElementPresent(findTestObject("Object Repository/IWP30/Page_SelectPaymentMethod/PayByCreditCard"), 30)): null

2020-07-14 13:44:46 - [MESSAGE][PASSED] - Object 'Object Repository/IWP30/Page_SelectPaymentMethod/PayByCreditCard' is present

2020-07-14 13:44:46 - [TEST_STEP][PASSED] - println("We are on Select Payment Method page, start populating"): null

2020-07-14 13:44:46 - [TEST_STEP][PASSED] - check(findTestObject("Object Repository/IWP30/Page_SelectPaymentMethod/PayByCreditCard")): Object 'Object Repository/IWP30/Page_SelectPaymentMethod/PayByCreditCard' is checked

2020-07-14 13:44:46 - [MESSAGE][PASSED] - Object 'Object Repository/IWP30/Page_SelectPaymentMethod/PayByCreditCard' is checked

2020-07-14 13:44:46 - [TEST_STEP][PASSED] - Thread.sleep(1000): null

2020-07-14 13:44:47 - [TEST_STEP][PASSED] - click(findTestObject("Object Repository/IWP30/Page_SelectPaymentMethod/MakePaymentButton")): Object: 'Object Repository/IWP30/Page_SelectPaymentMethod/MakePaymentButton' is clicked on

2020-07-14 13:44:48 - [MESSAGE][PASSED] - Object: 'Object Repository/IWP30/Page_SelectPaymentMethod/MakePaymentButton' is clicked on

2020-07-14 13:44:48 - [TEST_STEP][PASSED] - iwpPages.ccPaymentEntryPage.setDataCCPM(row, dataFile): iwpPages.ccPaymentEntryPage.setDataCCPM is PASSED

2020-07-14 13:44:49 - [MESSAGE][PASSED] - Object 'Object Repository/IWP30/Page_CCPaymentEntry/Name' is present

2020-07-14 13:44:49 - [MESSAGE][PASSED] - Object 'Object Repository/IWP30/Page_CCPaymentEntry/Amount' is present

2020-07-14 13:44:50 - [MESSAGE][PASSED] - Text '20.50' is set on object 'Object Repository/IWP30/Page_CCPaymentEntry/Amount'

2020-07-14 13:44:50 - [MESSAGE][PASSED] - Object 'Object Repository/IWP30/Page_CCPaymentEntry/UserDefined2' is present

2020-07-14 13:44:51 - [MESSAGE][PASSED] - Text 'Number 2' is set on object 'Object Repository/IWP30/Page_CCPaymentEntry/UserDefined2'

2020-07-14 13:44:51 - [MESSAGE][PASSED] - Object 'Object Repository/IWP30/Page_CCPaymentEntry/UserDefined3' is present

2020-07-14 13:44:52 - [MESSAGE][PASSED] - Text 'Number 3' is set on object 'Object Repository/IWP30/Page_CCPaymentEntry/UserDefined3'

2020-07-14 13:44:52 - [MESSAGE][PASSED] - Object 'Object Repository/IWP30/Page_CCPaymentEntry/UserDefined7' is present

2020-07-14 13:44:52 - [MESSAGE][PASSED] - All options with label 'Orange' are selected in object 'Object Repository/IWP30/Page_CCPaymentEntry/UserDefined7' 

2020-07-14 13:44:53 - [MESSAGE][PASSED] - Object 'Object Repository/IWP30/Page_CCPaymentEntry/UserDefined8' is present

2020-07-14 13:44:53 - [MESSAGE][PASSED] - All options with label 'Tennis' are selected in object 'Object Repository/IWP30/Page_CCPaymentEntry/UserDefined8' 

2020-07-14 13:44:54 - [MESSAGE][PASSED] - Object 'Object Repository/IWP30/Page_CCPaymentEntry/Name' is present

2020-07-14 13:44:54 - [MESSAGE][PASSED] - Text 'Mera Naam' is set on object 'Object Repository/IWP30/Page_CCPaymentEntry/Name'

2020-07-14 13:44:55 - [MESSAGE][PASSED] - Object 'Object Repository/IWP30/Page_CCPaymentEntry/CardNumber' is present

2020-07-14 13:44:55 - [MESSAGE][PASSED] - Text '370000000000002' is set on object 'Object Repository/IWP30/Page_CCPaymentEntry/CardNumber'

2020-07-14 13:44:56 - [MESSAGE][PASSED] - Object 'Object Repository/IWP30/Page_CCPaymentEntry/SPC' is present

2020-07-14 13:44:56 - [MESSAGE][PASSED] - Text '1234' is set on object 'Object Repository/IWP30/Page_CCPaymentEntry/SPC'

2020-07-14 13:44:57 - [MESSAGE][PASSED] - Object 'Object Repository/IWP30/Page_CCPaymentEntry/Month' is present

2020-07-14 13:44:57 - [MESSAGE][PASSED] - All options with label '09' are selected in object 'Object Repository/IWP30/Page_CCPaymentEntry/Month' 

2020-07-14 13:44:58 - [MESSAGE][PASSED] - Object 'Object Repository/IWP30/Page_CCPaymentEntry/Year' is present

2020-07-14 13:44:58 - [MESSAGE][PASSED] - All options with label '2023' are selected in object 'Object Repository/IWP30/Page_CCPaymentEntry/Year' 

2020-07-14 13:44:59 - [MESSAGE][PASSED] - Object 'Object Repository/IWP30/Page_CCPaymentEntry/ProcessDate' is present

2020-07-14 13:44:59 - [MESSAGE][PASSED] - Object 'Object Repository/IWP30/Page_CCPaymentEntry/AL1' is present

2020-07-14 13:45:00 - [MESSAGE][PASSED] - Text 'Mera AL1' is set on object 'Object Repository/IWP30/Page_CCPaymentEntry/AL1'

2020-07-14 13:45:00 - [MESSAGE][PASSED] - Object 'Object Repository/IWP30/Page_CCPaymentEntry/AL2' is present

2020-07-14 13:45:01 - [MESSAGE][PASSED] - Text 'Mera AL2' is set on object 'Object Repository/IWP30/Page_CCPaymentEntry/AL2'

2020-07-14 13:45:01 - [MESSAGE][PASSED] - Object 'Object Repository/IWP30/Page_CCPaymentEntry/ZIP' is present

2020-07-14 13:45:02 - [MESSAGE][PASSED] - Text '21054' is set on object 'Object Repository/IWP30/Page_CCPaymentEntry/ZIP'

2020-07-14 13:45:02 - [MESSAGE][PASSED] - Object 'Object Repository/IWP30/Page_CCPaymentEntry/EmailAddress' is present

2020-07-14 13:45:03 - [MESSAGE][PASSED] - Text 'merae@gmail.com' is set on object 'Object Repository/IWP30/Page_CCPaymentEntry/EmailAddress'

2020-07-14 13:45:03 - [MESSAGE][PASSED] - Object 'Object Repository/IWP30/Page_CCPaymentEntry/TermCondCheckBox' is present

2020-07-14 13:45:04 - [MESSAGE][PASSED] - Object 'Object Repository/IWP30/Page_CCPaymentEntry/TermCondCheckBox' is checked

2020-07-14 13:45:04 - [MESSAGE][PASSED] - Object 'Object Repository/IWP30/Page_CCPaymentEntry/ContinueButton' is present

2020-07-14 13:45:05 - [MESSAGE][PASSED] - Object: 'Object Repository/IWP30/Page_CCPaymentEntry/ContinueButton' is clicked on

2020-07-14 13:45:05 - [MESSAGE][PASSED] - iwpPages.ccPaymentEntryPage.setDataCCPM is PASSED

2020-07-14 13:45:05 - [TEST_STEP][PASSED] - if (verifyTextPresent("Please verify the following information", false)): null

2020-07-14 13:45:06 - [MESSAGE][PASSED] - Text 'Please verify the following information' is present on page 

2020-07-14 13:45:06 - [TEST_STEP][PASSED] - println("Please verify the following information text is present on the Confirmation page"): null

2020-07-14 13:45:06 - [TEST_STEP][PASSED] - if (verifyTextPresent("Is this information correct?", false)): null

2020-07-14 13:45:06 - [MESSAGE][PASSED] - Text 'Is this information correct?' is present on page 

2020-07-14 13:45:06 - [TEST_STEP][PASSED] - println("Is this information correct text is present on the Confirmation page"): null

2020-07-14 13:45:06 - [TEST_STEP][PASSED] - if (verifyElementPresent(findTestObject("Object Repository/IWP30/Page_Confirmation/ConfirmButton"), 30)): null

2020-07-14 13:45:06 - [MESSAGE][PASSED] - Object 'Object Repository/IWP30/Page_Confirmation/ConfirmButton' is present

2020-07-14 13:45:06 - [TEST_STEP][PASSED] - click(findTestObject("Object Repository/IWP30/Page_Confirmation/ConfirmButton")): Object: 'Object Repository/IWP30/Page_Confirmation/ConfirmButton' is clicked on

2020-07-14 13:45:08 - [MESSAGE][PASSED] - Object: 'Object Repository/IWP30/Page_Confirmation/ConfirmButton' is clicked on

2020-07-14 13:45:08 - [TEST_STEP][PASSED] - Thread.sleep(10000): null

2020-07-14 13:45:18 - [TEST_STEP][PASSED] - if (verifyTextPresent("Successful Payment Receipt", false)): null

2020-07-14 13:45:18 - [MESSAGE][PASSED] - Text 'Successful Payment Receipt' is present on page 

2020-07-14 13:45:18 - [TEST_STEP][PASSED] - println("Successful Payment Receipt text is present on the Receipt page"): null

2020-07-14 13:45:18 - [TEST_STEP][PASSED] - if (verifyTextPresent("Please print this receipt for your records", false)): null

2020-07-14 13:45:18 - [MESSAGE][PASSED] - Text 'Please print this receipt for your records' is present on page 

2020-07-14 13:45:18 - [TEST_STEP][PASSED] - println("Please print this receipt for your records text is present on the Receipt page"): null

2020-07-14 13:45:18 - [TEST_STEP][PASSED] - if (verifyElementPresent(findTestObject("Object Repository/IWP30/Page_Receipt/ExitButton"), 30)): null

2020-07-14 13:45:19 - [MESSAGE][PASSED] - Object 'Object Repository/IWP30/Page_Receipt/ExitButton' is present

2020-07-14 13:45:19 - [TEST_STEP][PASSED] - println("Exit Button is present on the Receipt page"): null

2020-07-14 13:45:19 - [TEST_STEP][PASSED] - closeBrowser(): Browser is closed

2020-07-14 13:45:19 - [MESSAGE][PASSED] - Browser is closed

2020-07-14 13:45:19 - [TEST_STEP][PASSED] - openBrowser(urlEmulator): Browser is opened with url: 'https://qa.velocitypayment.com/agency/config.do?action=editor'

2020-07-14 13:45:19 - [MESSAGE][INFO] - Starting 'Chrome' driver

2020-07-14 13:45:19 - [MESSAGE][INFO] - User set preference: ['acceptInsecureCerts', 'true']

2020-07-14 13:45:19 - [MESSAGE][INFO] - Action delay is set to 0 milliseconds

2020-07-14 13:45:24 - [MESSAGE][PASSED] - Browser is opened with url: 'https://qa.velocitypayment.com/agency/config.do?action=editor'

2020-07-14 13:45:24 - [TEST_STEP][PASSED] - maximizeWindow(): Current window maximized

2020-07-14 13:45:24 - [MESSAGE][PASSED] - Current window maximized

2020-07-14 13:45:24 - [TEST_STEP][PASSED] - iwpPages.emulatorIWP30.getSetData(row, dataFile): iwpPages.emulatorIWP30.getSetData is PASSED

2020-07-14 13:45:26 - [MESSAGE][PASSED] - All options with value '3.0' are selected in object 'Object Repository/IWP30/Page_VRelay30Emulator/MV'  using regular expression

2020-07-14 13:45:27 - [MESSAGE][PASSED] - Text '10.50' is set on object 'Object Repository/IWP30/Page_VRelay30Emulator/Amount'

2020-07-14 13:45:27 - [MESSAGE][PASSED] - Text '26411005' is set on object 'Object Repository/IWP30/Page_VRelay30Emulator/CAN'

2020-07-14 13:45:28 - [MESSAGE][PASSED] - Text 'PayNow' is set on object 'Object Repository/IWP30/Page_VRelay30Emulator/Action'

2020-07-14 13:45:29 - [MESSAGE][PASSED] - Text 'en_US' is set on object 'Object Repository/IWP30/Page_VRelay30Emulator/Lang'

2020-07-14 13:45:29 - [MESSAGE][PASSED] - Text '' is set on object 'Object Repository/IWP30/Page_VRelay30Emulator/Fname'

2020-07-14 13:45:30 - [MESSAGE][PASSED] - Text '' is set on object 'Object Repository/IWP30/Page_VRelay30Emulator/Lname'

2020-07-14 13:45:30 - [MESSAGE][PASSED] - Text '' is set on object 'Object Repository/IWP30/Page_VRelay30Emulator/AL1'

2020-07-14 13:45:31 - [MESSAGE][PASSED] - Text '' is set on object 'Object Repository/IWP30/Page_VRelay30Emulator/AL2'

2020-07-14 13:45:32 - [MESSAGE][PASSED] - Text '840' is set on object 'Object Repository/IWP30/Page_VRelay30Emulator/Country'

2020-07-14 13:45:32 - [MESSAGE][PASSED] - Text '' is set on object 'Object Repository/IWP30/Page_VRelay30Emulator/City'

2020-07-14 13:45:33 - [MESSAGE][PASSED] - Text '' is set on object 'Object Repository/IWP30/Page_VRelay30Emulator/State'

2020-07-14 13:45:33 - [MESSAGE][PASSED] - Text '' is set on object 'Object Repository/IWP30/Page_VRelay30Emulator/ZIP'

2020-07-14 13:45:34 - [MESSAGE][PASSED] - Text '' is set on object 'Object Repository/IWP30/Page_VRelay30Emulator/Order'

2020-07-14 13:45:35 - [MESSAGE][PASSED] - Text '' is set on object 'Object Repository/IWP30/Page_VRelay30Emulator/Company'

2020-07-14 13:45:35 - [MESSAGE][PASSED] - Text '' is set on object 'Object Repository/IWP30/Page_VRelay30Emulator/Email'

2020-07-14 13:45:36 - [MESSAGE][PASSED] - Text '' is set on object 'Object Repository/IWP30/Page_VRelay30Emulator/UDF1'

2020-07-14 13:45:36 - [MESSAGE][PASSED] - Text '' is set on object 'Object Repository/IWP30/Page_VRelay30Emulator/UDF2'

2020-07-14 13:45:37 - [MESSAGE][PASSED] - Text '' is set on object 'Object Repository/IWP30/Page_VRelay30Emulator/UDF3'

2020-07-14 13:45:38 - [MESSAGE][PASSED] - Text 'udf data 4' is set on object 'Object Repository/IWP30/Page_VRelay30Emulator/UDF4'

2020-07-14 13:45:38 - [MESSAGE][PASSED] - Text 'udf data 5' is set on object 'Object Repository/IWP30/Page_VRelay30Emulator/UDF5'

2020-07-14 13:45:39 - [MESSAGE][PASSED] - Text '' is set on object 'Object Repository/IWP30/Page_VRelay30Emulator/UDF6'

2020-07-14 13:45:40 - [MESSAGE][PASSED] - Text '' is set on object 'Object Repository/IWP30/Page_VRelay30Emulator/UDF7'

2020-07-14 13:45:40 - [MESSAGE][PASSED] - Text '' is set on object 'Object Repository/IWP30/Page_VRelay30Emulator/UDF8'

2020-07-14 13:45:41 - [MESSAGE][PASSED] - Text 'udf data 9' is set on object 'Object Repository/IWP30/Page_VRelay30Emulator/UDF9'

2020-07-14 13:45:42 - [MESSAGE][PASSED] - Text 'udf data 10' is set on object 'Object Repository/IWP30/Page_VRelay30Emulator/UDF10'

2020-07-14 13:45:52 - [MESSAGE][PASSED] - Object: 'Object Repository/IWP30/Page_VRelay30Emulator/Submit' is clicked on

2020-07-14 13:45:52 - [MESSAGE][PASSED] - iwpPages.emulatorIWP30.getSetData is PASSED

2020-07-14 13:45:52 - [TEST_STEP][PASSED] - closeBrowser(): Browser is closed

2020-07-14 13:45:53 - [MESSAGE][PASSED] - Browser is closed

2020-07-14 13:45:53 - [TEST_STEP][PASSED] - openBrowser(urlTestHarness): Browser is opened with url: 'https://dev-algorithm.govolution.com/vrelaytest/QA/version_2_2/vrelaytest.html'

2020-07-14 13:45:53 - [MESSAGE][INFO] - Starting 'Chrome' driver

2020-07-14 13:45:53 - [MESSAGE][INFO] - User set preference: ['acceptInsecureCerts', 'true']

2020-07-14 13:45:53 - [MESSAGE][INFO] - Action delay is set to 0 milliseconds

2020-07-14 13:45:57 - [MESSAGE][PASSED] - Browser is opened with url: 'https://dev-algorithm.govolution.com/vrelaytest/QA/version_2_2/vrelaytest.html'

2020-07-14 13:45:57 - [TEST_STEP][PASSED] - maximizeWindow(): Current window maximized

2020-07-14 13:45:57 - [MESSAGE][PASSED] - Current window maximized

2020-07-14 13:45:57 - [TEST_STEP][PASSED] - iwpPages.TestHarnessPage.setDataMethod(row, dataFile): iwpPages.TestHarnessPage.setDataMethod is PASSED

2020-07-14 13:45:57 - [MESSAGE][PASSED] - Object 'Object Repository/IWP30/Page_QATestHarness/RemittanceID' is present

2020-07-14 13:45:58 - [MESSAGE][PASSED] - Text '649' is set on object 'Object Repository/IWP30/Page_QATestHarness/ApplicationID'

2020-07-14 13:45:59 - [MESSAGE][PASSED] - Text '3.0' is set on object 'Object Repository/IWP30/Page_QATestHarness/MessageVersion'

2020-07-14 13:45:59 - [MESSAGE][PASSED] - Text '5z7CxjJgsgmg' is set on object 'Object Repository/IWP30/Page_QATestHarness/RemittanceID'

2020-07-14 13:46:00 - [MESSAGE][PASSED] - Object: 'Object Repository/IWP30/Page_QATestHarness/SubmitButton' is clicked on

2020-07-14 13:46:00 - [MESSAGE][PASSED] - iwpPages.TestHarnessPage.setDataMethod is PASSED

2020-07-14 13:46:00 - [TEST_STEP][PASSED] - if (verifyElementPresent(findTestObject("Object Repository/IWP30/Page_SelectPaymentMethod/PayByCreditCard"), 30)): null

2020-07-14 13:46:01 - [MESSAGE][PASSED] - Object 'Object Repository/IWP30/Page_SelectPaymentMethod/PayByCreditCard' is present

2020-07-14 13:46:01 - [TEST_STEP][PASSED] - println("We are on Select Payment Method page, start populating"): null

2020-07-14 13:46:01 - [TEST_STEP][PASSED] - check(findTestObject("Object Repository/IWP30/Page_SelectPaymentMethod/PayByCreditCard")): Object 'Object Repository/IWP30/Page_SelectPaymentMethod/PayByCreditCard' is checked

2020-07-14 13:46:01 - [MESSAGE][PASSED] - Object 'Object Repository/IWP30/Page_SelectPaymentMethod/PayByCreditCard' is checked

2020-07-14 13:46:01 - [TEST_STEP][PASSED] - Thread.sleep(1000): null

2020-07-14 13:46:02 - [TEST_STEP][PASSED] - click(findTestObject("Object Repository/IWP30/Page_SelectPaymentMethod/MakePaymentButton")): Object: 'Object Repository/IWP30/Page_SelectPaymentMethod/MakePaymentButton' is clicked on

2020-07-14 13:46:04 - [MESSAGE][PASSED] - Object: 'Object Repository/IWP30/Page_SelectPaymentMethod/MakePaymentButton' is clicked on

2020-07-14 13:46:04 - [TEST_STEP][PASSED] - iwpPages.ccPaymentEntryPage.setDataCCPM(row, dataFile): iwpPages.ccPaymentEntryPage.setDataCCPM is PASSED

2020-07-14 13:46:04 - [MESSAGE][PASSED] - Object 'Object Repository/IWP30/Page_CCPaymentEntry/Name' is present

2020-07-14 13:46:05 - [MESSAGE][PASSED] - Object 'Object Repository/IWP30/Page_CCPaymentEntry/Amount' is present

2020-07-14 13:46:05 - [MESSAGE][PASSED] - Text '20.50' is set on object 'Object Repository/IWP30/Page_CCPaymentEntry/Amount'

2020-07-14 13:46:05 - [MESSAGE][PASSED] - Object 'Object Repository/IWP30/Page_CCPaymentEntry/UserDefined2' is present

2020-07-14 13:46:06 - [MESSAGE][PASSED] - Text 'Number 2' is set on object 'Object Repository/IWP30/Page_CCPaymentEntry/UserDefined2'

2020-07-14 13:46:06 - [MESSAGE][PASSED] - Object 'Object Repository/IWP30/Page_CCPaymentEntry/UserDefined3' is present

2020-07-14 13:46:07 - [MESSAGE][PASSED] - Text 'Number 3' is set on object 'Object Repository/IWP30/Page_CCPaymentEntry/UserDefined3'

2020-07-14 13:46:07 - [MESSAGE][PASSED] - Object 'Object Repository/IWP30/Page_CCPaymentEntry/UserDefined7' is present

2020-07-14 13:46:08 - [MESSAGE][PASSED] - All options with label 'Orange' are selected in object 'Object Repository/IWP30/Page_CCPaymentEntry/UserDefined7' 

2020-07-14 13:46:08 - [MESSAGE][PASSED] - Object 'Object Repository/IWP30/Page_CCPaymentEntry/UserDefined8' is present

2020-07-14 13:46:09 - [MESSAGE][PASSED] - All options with label 'Tennis' are selected in object 'Object Repository/IWP30/Page_CCPaymentEntry/UserDefined8' 

2020-07-14 13:46:09 - [MESSAGE][PASSED] - Object 'Object Repository/IWP30/Page_CCPaymentEntry/Name' is present

2020-07-14 13:46:10 - [MESSAGE][PASSED] - Text 'Mera Naam' is set on object 'Object Repository/IWP30/Page_CCPaymentEntry/Name'

2020-07-14 13:46:10 - [MESSAGE][PASSED] - Object 'Object Repository/IWP30/Page_CCPaymentEntry/CardNumber' is present

2020-07-14 13:46:11 - [MESSAGE][PASSED] - Text '6011000000000004' is set on object 'Object Repository/IWP30/Page_CCPaymentEntry/CardNumber'

2020-07-14 13:46:11 - [MESSAGE][PASSED] - Object 'Object Repository/IWP30/Page_CCPaymentEntry/SPC' is present

2020-07-14 13:46:12 - [MESSAGE][PASSED] - Text '123' is set on object 'Object Repository/IWP30/Page_CCPaymentEntry/SPC'

2020-07-14 13:46:12 - [MESSAGE][PASSED] - Object 'Object Repository/IWP30/Page_CCPaymentEntry/Month' is present

2020-07-14 13:46:13 - [MESSAGE][PASSED] - All options with label '09' are selected in object 'Object Repository/IWP30/Page_CCPaymentEntry/Month' 

2020-07-14 13:46:13 - [MESSAGE][PASSED] - Object 'Object Repository/IWP30/Page_CCPaymentEntry/Year' is present

2020-07-14 13:46:14 - [MESSAGE][PASSED] - All options with label '2023' are selected in object 'Object Repository/IWP30/Page_CCPaymentEntry/Year' 

2020-07-14 13:46:14 - [MESSAGE][PASSED] - Object 'Object Repository/IWP30/Page_CCPaymentEntry/ProcessDate' is present

2020-07-14 13:46:14 - [MESSAGE][PASSED] - Object 'Object Repository/IWP30/Page_CCPaymentEntry/AL1' is present

2020-07-14 13:46:15 - [MESSAGE][PASSED] - Text 'Mera AL1' is set on object 'Object Repository/IWP30/Page_CCPaymentEntry/AL1'

2020-07-14 13:46:15 - [MESSAGE][PASSED] - Object 'Object Repository/IWP30/Page_CCPaymentEntry/AL2' is present

2020-07-14 13:46:16 - [MESSAGE][PASSED] - Text 'Mera AL2' is set on object 'Object Repository/IWP30/Page_CCPaymentEntry/AL2'

2020-07-14 13:46:16 - [MESSAGE][PASSED] - Object 'Object Repository/IWP30/Page_CCPaymentEntry/ZIP' is present

2020-07-14 13:46:17 - [MESSAGE][PASSED] - Text '21054' is set on object 'Object Repository/IWP30/Page_CCPaymentEntry/ZIP'

2020-07-14 13:46:17 - [MESSAGE][PASSED] - Object 'Object Repository/IWP30/Page_CCPaymentEntry/EmailAddress' is present

2020-07-14 13:46:18 - [MESSAGE][PASSED] - Text 'merae@gmail.com' is set on object 'Object Repository/IWP30/Page_CCPaymentEntry/EmailAddress'

2020-07-14 13:46:19 - [MESSAGE][PASSED] - Object 'Object Repository/IWP30/Page_CCPaymentEntry/TermCondCheckBox' is present

2020-07-14 13:46:19 - [MESSAGE][PASSED] - Object 'Object Repository/IWP30/Page_CCPaymentEntry/TermCondCheckBox' is checked

2020-07-14 13:46:19 - [MESSAGE][PASSED] - Object 'Object Repository/IWP30/Page_CCPaymentEntry/ContinueButton' is present

2020-07-14 13:46:20 - [MESSAGE][PASSED] - Object: 'Object Repository/IWP30/Page_CCPaymentEntry/ContinueButton' is clicked on

2020-07-14 13:46:20 - [MESSAGE][PASSED] - iwpPages.ccPaymentEntryPage.setDataCCPM is PASSED

2020-07-14 13:46:20 - [TEST_STEP][PASSED] - if (verifyTextPresent("Please verify the following information", false)): null

2020-07-14 13:46:21 - [MESSAGE][PASSED] - Text 'Please verify the following information' is present on page 

2020-07-14 13:46:21 - [TEST_STEP][PASSED] - println("Please verify the following information text is present on the Confirmation page"): null

2020-07-14 13:46:21 - [TEST_STEP][PASSED] - if (verifyTextPresent("Is this information correct?", false)): null

2020-07-14 13:46:21 - [MESSAGE][PASSED] - Text 'Is this information correct?' is present on page 

2020-07-14 13:46:21 - [TEST_STEP][PASSED] - println("Is this information correct text is present on the Confirmation page"): null

2020-07-14 13:46:21 - [TEST_STEP][PASSED] - if (verifyElementPresent(findTestObject("Object Repository/IWP30/Page_Confirmation/ConfirmButton"), 30)): null

2020-07-14 13:46:22 - [MESSAGE][PASSED] - Object 'Object Repository/IWP30/Page_Confirmation/ConfirmButton' is present

2020-07-14 13:46:22 - [TEST_STEP][PASSED] - click(findTestObject("Object Repository/IWP30/Page_Confirmation/ConfirmButton")): Object: 'Object Repository/IWP30/Page_Confirmation/ConfirmButton' is clicked on

2020-07-14 13:46:23 - [MESSAGE][PASSED] - Object: 'Object Repository/IWP30/Page_Confirmation/ConfirmButton' is clicked on

2020-07-14 13:46:23 - [TEST_STEP][PASSED] - Thread.sleep(10000): null

2020-07-14 13:46:33 - [TEST_STEP][PASSED] - if (verifyTextPresent("Successful Payment Receipt", false)): null

2020-07-14 13:46:33 - [MESSAGE][PASSED] - Text 'Successful Payment Receipt' is present on page 

2020-07-14 13:46:33 - [TEST_STEP][PASSED] - println("Successful Payment Receipt text is present on the Receipt page"): null

2020-07-14 13:46:33 - [TEST_STEP][PASSED] - if (verifyTextPresent("Please print this receipt for your records", false)): null

2020-07-14 13:46:33 - [MESSAGE][PASSED] - Text 'Please print this receipt for your records' is present on page 

2020-07-14 13:46:33 - [TEST_STEP][PASSED] - println("Please print this receipt for your records text is present on the Receipt page"): null

2020-07-14 13:46:33 - [TEST_STEP][PASSED] - if (verifyElementPresent(findTestObject("Object Repository/IWP30/Page_Receipt/ExitButton"), 30)): null

2020-07-14 13:46:34 - [MESSAGE][PASSED] - Object 'Object Repository/IWP30/Page_Receipt/ExitButton' is present

2020-07-14 13:46:34 - [TEST_STEP][PASSED] - println("Exit Button is present on the Receipt page"): null

2020-07-14 13:46:34 - [TEST_STEP][PASSED] - closeBrowser(): Browser is closed

2020-07-14 13:46:34 - [MESSAGE][PASSED] - Browser is closed

2020-07-14 13:46:34 - [TEST_STEP][PASSED] - openBrowser(urlEmulator): Browser is opened with url: 'https://qa.velocitypayment.com/agency/config.do?action=editor'

2020-07-14 13:46:34 - [MESSAGE][INFO] - Starting 'Chrome' driver

2020-07-14 13:46:34 - [MESSAGE][INFO] - User set preference: ['acceptInsecureCerts', 'true']

2020-07-14 13:46:34 - [MESSAGE][INFO] - Action delay is set to 0 milliseconds

2020-07-14 13:46:38 - [MESSAGE][PASSED] - Browser is opened with url: 'https://qa.velocitypayment.com/agency/config.do?action=editor'

2020-07-14 13:46:38 - [TEST_STEP][PASSED] - maximizeWindow(): Current window maximized

2020-07-14 13:46:38 - [MESSAGE][PASSED] - Current window maximized

2020-07-14 13:46:38 - [TEST_STEP][PASSED] - iwpPages.emulatorIWP30.getSetData(row, dataFile): iwpPages.emulatorIWP30.getSetData is PASSED

2020-07-14 13:46:40 - [MESSAGE][PASSED] - All options with value '3.0' are selected in object 'Object Repository/IWP30/Page_VRelay30Emulator/MV'  using regular expression

2020-07-14 13:46:40 - [MESSAGE][PASSED] - Text '10.50' is set on object 'Object Repository/IWP30/Page_VRelay30Emulator/Amount'

2020-07-14 13:46:41 - [MESSAGE][PASSED] - Text '26411005' is set on object 'Object Repository/IWP30/Page_VRelay30Emulator/CAN'

2020-07-14 13:46:42 - [MESSAGE][PASSED] - Text 'PayNow' is set on object 'Object Repository/IWP30/Page_VRelay30Emulator/Action'

2020-07-14 13:46:42 - [MESSAGE][PASSED] - Text 'en_US' is set on object 'Object Repository/IWP30/Page_VRelay30Emulator/Lang'

2020-07-14 13:46:43 - [MESSAGE][PASSED] - Text '' is set on object 'Object Repository/IWP30/Page_VRelay30Emulator/Fname'

2020-07-14 13:46:43 - [MESSAGE][PASSED] - Text '' is set on object 'Object Repository/IWP30/Page_VRelay30Emulator/Lname'

2020-07-14 13:46:44 - [MESSAGE][PASSED] - Text '' is set on object 'Object Repository/IWP30/Page_VRelay30Emulator/AL1'

2020-07-14 13:46:45 - [MESSAGE][PASSED] - Text '' is set on object 'Object Repository/IWP30/Page_VRelay30Emulator/AL2'

2020-07-14 13:46:45 - [MESSAGE][PASSED] - Text '840' is set on object 'Object Repository/IWP30/Page_VRelay30Emulator/Country'

2020-07-14 13:46:46 - [MESSAGE][PASSED] - Text '' is set on object 'Object Repository/IWP30/Page_VRelay30Emulator/City'

2020-07-14 13:46:46 - [MESSAGE][PASSED] - Text '' is set on object 'Object Repository/IWP30/Page_VRelay30Emulator/State'

2020-07-14 13:46:47 - [MESSAGE][PASSED] - Text '' is set on object 'Object Repository/IWP30/Page_VRelay30Emulator/ZIP'

2020-07-14 13:46:48 - [MESSAGE][PASSED] - Text '' is set on object 'Object Repository/IWP30/Page_VRelay30Emulator/Order'

2020-07-14 13:46:49 - [MESSAGE][PASSED] - Text '' is set on object 'Object Repository/IWP30/Page_VRelay30Emulator/Company'

2020-07-14 13:46:49 - [MESSAGE][PASSED] - Text '' is set on object 'Object Repository/IWP30/Page_VRelay30Emulator/Email'

2020-07-14 13:46:50 - [MESSAGE][PASSED] - Text '' is set on object 'Object Repository/IWP30/Page_VRelay30Emulator/UDF1'

2020-07-14 13:46:51 - [MESSAGE][PASSED] - Text '' is set on object 'Object Repository/IWP30/Page_VRelay30Emulator/UDF2'

2020-07-14 13:46:51 - [MESSAGE][PASSED] - Text '' is set on object 'Object Repository/IWP30/Page_VRelay30Emulator/UDF3'

2020-07-14 13:46:52 - [MESSAGE][PASSED] - Text 'udf data 4' is set on object 'Object Repository/IWP30/Page_VRelay30Emulator/UDF4'

2020-07-14 13:46:53 - [MESSAGE][PASSED] - Text 'udf data 5' is set on object 'Object Repository/IWP30/Page_VRelay30Emulator/UDF5'

2020-07-14 13:46:53 - [MESSAGE][PASSED] - Text '' is set on object 'Object Repository/IWP30/Page_VRelay30Emulator/UDF6'

2020-07-14 13:46:54 - [MESSAGE][PASSED] - Text '' is set on object 'Object Repository/IWP30/Page_VRelay30Emulator/UDF7'

2020-07-14 13:46:55 - [MESSAGE][PASSED] - Text '' is set on object 'Object Repository/IWP30/Page_VRelay30Emulator/UDF8'

2020-07-14 13:46:55 - [MESSAGE][PASSED] - Text 'udf data 9' is set on object 'Object Repository/IWP30/Page_VRelay30Emulator/UDF9'

2020-07-14 13:46:56 - [MESSAGE][PASSED] - Text 'udf data 10' is set on object 'Object Repository/IWP30/Page_VRelay30Emulator/UDF10'

2020-07-14 13:47:07 - [MESSAGE][PASSED] - Object: 'Object Repository/IWP30/Page_VRelay30Emulator/Submit' is clicked on

2020-07-14 13:47:07 - [MESSAGE][PASSED] - iwpPages.emulatorIWP30.getSetData is PASSED

2020-07-14 13:47:07 - [TEST_STEP][PASSED] - closeBrowser(): Browser is closed

2020-07-14 13:47:07 - [MESSAGE][PASSED] - Browser is closed

2020-07-14 13:47:07 - [TEST_STEP][PASSED] - openBrowser(urlTestHarness): Browser is opened with url: 'https://dev-algorithm.govolution.com/vrelaytest/QA/version_2_2/vrelaytest.html'

2020-07-14 13:47:07 - [MESSAGE][INFO] - Starting 'Chrome' driver

2020-07-14 13:47:07 - [MESSAGE][INFO] - User set preference: ['acceptInsecureCerts', 'true']

2020-07-14 13:47:07 - [MESSAGE][INFO] - Action delay is set to 0 milliseconds

2020-07-14 13:47:11 - [MESSAGE][PASSED] - Browser is opened with url: 'https://dev-algorithm.govolution.com/vrelaytest/QA/version_2_2/vrelaytest.html'

2020-07-14 13:47:11 - [TEST_STEP][PASSED] - maximizeWindow(): Current window maximized

2020-07-14 13:47:11 - [MESSAGE][PASSED] - Current window maximized

2020-07-14 13:47:11 - [TEST_STEP][PASSED] - iwpPages.TestHarnessPage.setDataMethod(row, dataFile): iwpPages.TestHarnessPage.setDataMethod is PASSED

2020-07-14 13:47:12 - [MESSAGE][PASSED] - Object 'Object Repository/IWP30/Page_QATestHarness/RemittanceID' is present

2020-07-14 13:47:12 - [MESSAGE][PASSED] - Text '649' is set on object 'Object Repository/IWP30/Page_QATestHarness/ApplicationID'

2020-07-14 13:47:13 - [MESSAGE][PASSED] - Text '3.0' is set on object 'Object Repository/IWP30/Page_QATestHarness/MessageVersion'

2020-07-14 13:47:14 - [MESSAGE][PASSED] - Text '9sLGczixMH7B' is set on object 'Object Repository/IWP30/Page_QATestHarness/RemittanceID'

2020-07-14 13:47:15 - [MESSAGE][PASSED] - Object: 'Object Repository/IWP30/Page_QATestHarness/SubmitButton' is clicked on

2020-07-14 13:47:15 - [MESSAGE][PASSED] - iwpPages.TestHarnessPage.setDataMethod is PASSED

2020-07-14 13:47:15 - [TEST_STEP][PASSED] - if (verifyElementPresent(findTestObject("Object Repository/IWP30/Page_SelectPaymentMethod/PayByCreditCard"), 30)): null

2020-07-14 13:47:15 - [MESSAGE][PASSED] - Object 'Object Repository/IWP30/Page_SelectPaymentMethod/PayByCreditCard' is present

2020-07-14 13:47:15 - [TEST_STEP][PASSED] - println("We are on Select Payment Method page, start populating"): null

2020-07-14 13:47:15 - [TEST_STEP][PASSED] - check(findTestObject("Object Repository/IWP30/Page_SelectPaymentMethod/PayByCreditCard")): Object 'Object Repository/IWP30/Page_SelectPaymentMethod/PayByCreditCard' is checked

2020-07-14 13:47:16 - [MESSAGE][PASSED] - Object 'Object Repository/IWP30/Page_SelectPaymentMethod/PayByCreditCard' is checked

2020-07-14 13:47:16 - [TEST_STEP][PASSED] - Thread.sleep(1000): null

2020-07-14 13:47:17 - [TEST_STEP][PASSED] - click(findTestObject("Object Repository/IWP30/Page_SelectPaymentMethod/MakePaymentButton")): Object: 'Object Repository/IWP30/Page_SelectPaymentMethod/MakePaymentButton' is clicked on

2020-07-14 13:47:18 - [MESSAGE][PASSED] - Object: 'Object Repository/IWP30/Page_SelectPaymentMethod/MakePaymentButton' is clicked on

2020-07-14 13:47:18 - [TEST_STEP][PASSED] - iwpPages.ccPaymentEntryPage.setDataCCPM(row, dataFile): iwpPages.ccPaymentEntryPage.setDataCCPM is PASSED

2020-07-14 13:47:19 - [MESSAGE][PASSED] - Object 'Object Repository/IWP30/Page_CCPaymentEntry/Name' is present

2020-07-14 13:47:19 - [MESSAGE][PASSED] - Object 'Object Repository/IWP30/Page_CCPaymentEntry/Amount' is present

2020-07-14 13:47:19 - [MESSAGE][PASSED] - Text '20.50' is set on object 'Object Repository/IWP30/Page_CCPaymentEntry/Amount'

2020-07-14 13:47:20 - [MESSAGE][PASSED] - Object 'Object Repository/IWP30/Page_CCPaymentEntry/UserDefined2' is present

2020-07-14 13:47:20 - [MESSAGE][PASSED] - Text 'Number 2' is set on object 'Object Repository/IWP30/Page_CCPaymentEntry/UserDefined2'

2020-07-14 13:47:21 - [MESSAGE][PASSED] - Object 'Object Repository/IWP30/Page_CCPaymentEntry/UserDefined3' is present

2020-07-14 13:47:21 - [MESSAGE][PASSED] - Text 'Number 3' is set on object 'Object Repository/IWP30/Page_CCPaymentEntry/UserDefined3'

2020-07-14 13:47:21 - [MESSAGE][PASSED] - Object 'Object Repository/IWP30/Page_CCPaymentEntry/UserDefined7' is present

2020-07-14 13:47:22 - [MESSAGE][PASSED] - All options with label 'Orange' are selected in object 'Object Repository/IWP30/Page_CCPaymentEntry/UserDefined7' 

2020-07-14 13:47:22 - [MESSAGE][PASSED] - Object 'Object Repository/IWP30/Page_CCPaymentEntry/UserDefined8' is present

2020-07-14 13:47:23 - [MESSAGE][PASSED] - All options with label 'Tennis' are selected in object 'Object Repository/IWP30/Page_CCPaymentEntry/UserDefined8' 

2020-07-14 13:47:23 - [MESSAGE][PASSED] - Object 'Object Repository/IWP30/Page_CCPaymentEntry/Name' is present

2020-07-14 13:47:24 - [MESSAGE][PASSED] - Text 'Mera Naam' is set on object 'Object Repository/IWP30/Page_CCPaymentEntry/Name'

2020-07-14 13:47:24 - [MESSAGE][PASSED] - Object 'Object Repository/IWP30/Page_CCPaymentEntry/CardNumber' is present

2020-07-14 13:47:25 - [MESSAGE][PASSED] - Text '4922222222222223' is set on object 'Object Repository/IWP30/Page_CCPaymentEntry/CardNumber'

2020-07-14 13:47:25 - [MESSAGE][PASSED] - Object 'Object Repository/IWP30/Page_CCPaymentEntry/SPC' is present

2020-07-14 13:47:26 - [MESSAGE][PASSED] - Text '123' is set on object 'Object Repository/IWP30/Page_CCPaymentEntry/SPC'

2020-07-14 13:47:26 - [MESSAGE][PASSED] - Object 'Object Repository/IWP30/Page_CCPaymentEntry/Month' is present

2020-07-14 13:47:27 - [MESSAGE][PASSED] - All options with label '09' are selected in object 'Object Repository/IWP30/Page_CCPaymentEntry/Month' 

2020-07-14 13:47:27 - [MESSAGE][PASSED] - Object 'Object Repository/IWP30/Page_CCPaymentEntry/Year' is present

2020-07-14 13:47:28 - [MESSAGE][PASSED] - All options with label '2023' are selected in object 'Object Repository/IWP30/Page_CCPaymentEntry/Year' 

2020-07-14 13:47:28 - [MESSAGE][PASSED] - Object 'Object Repository/IWP30/Page_CCPaymentEntry/ProcessDate' is present

2020-07-14 13:47:28 - [MESSAGE][PASSED] - Object 'Object Repository/IWP30/Page_CCPaymentEntry/AL1' is present

2020-07-14 13:47:29 - [MESSAGE][PASSED] - Text 'Mera AL1' is set on object 'Object Repository/IWP30/Page_CCPaymentEntry/AL1'

2020-07-14 13:47:29 - [MESSAGE][PASSED] - Object 'Object Repository/IWP30/Page_CCPaymentEntry/AL2' is present

2020-07-14 13:47:30 - [MESSAGE][PASSED] - Text 'Mera AL2' is set on object 'Object Repository/IWP30/Page_CCPaymentEntry/AL2'

2020-07-14 13:47:30 - [MESSAGE][PASSED] - Object 'Object Repository/IWP30/Page_CCPaymentEntry/ZIP' is present

2020-07-14 13:47:31 - [MESSAGE][PASSED] - Text '21054' is set on object 'Object Repository/IWP30/Page_CCPaymentEntry/ZIP'

2020-07-14 13:47:31 - [MESSAGE][PASSED] - Object 'Object Repository/IWP30/Page_CCPaymentEntry/EmailAddress' is present

2020-07-14 13:47:32 - [MESSAGE][PASSED] - Text 'merae@gmail.com' is set on object 'Object Repository/IWP30/Page_CCPaymentEntry/EmailAddress'

2020-07-14 13:47:33 - [MESSAGE][PASSED] - Object 'Object Repository/IWP30/Page_CCPaymentEntry/TermCondCheckBox' is present

2020-07-14 13:47:33 - [MESSAGE][PASSED] - Object 'Object Repository/IWP30/Page_CCPaymentEntry/TermCondCheckBox' is checked

2020-07-14 13:47:34 - [MESSAGE][PASSED] - Object 'Object Repository/IWP30/Page_CCPaymentEntry/ContinueButton' is present

2020-07-14 13:47:34 - [MESSAGE][PASSED] - Object: 'Object Repository/IWP30/Page_CCPaymentEntry/ContinueButton' is clicked on

2020-07-14 13:47:34 - [MESSAGE][PASSED] - iwpPages.ccPaymentEntryPage.setDataCCPM is PASSED

2020-07-14 13:47:34 - [TEST_STEP][PASSED] - if (verifyTextPresent("Please verify the following information", false)): null

2020-07-14 13:47:35 - [MESSAGE][PASSED] - Text 'Please verify the following information' is present on page 

2020-07-14 13:47:35 - [TEST_STEP][PASSED] - println("Please verify the following information text is present on the Confirmation page"): null

2020-07-14 13:47:35 - [TEST_STEP][PASSED] - if (verifyTextPresent("Is this information correct?", false)): null

2020-07-14 13:47:35 - [MESSAGE][PASSED] - Text 'Is this information correct?' is present on page 

2020-07-14 13:47:35 - [TEST_STEP][PASSED] - println("Is this information correct text is present on the Confirmation page"): null

2020-07-14 13:47:35 - [TEST_STEP][PASSED] - if (verifyElementPresent(findTestObject("Object Repository/IWP30/Page_Confirmation/ConfirmButton"), 30)): null

2020-07-14 13:47:36 - [MESSAGE][PASSED] - Object 'Object Repository/IWP30/Page_Confirmation/ConfirmButton' is present

2020-07-14 13:47:36 - [TEST_STEP][PASSED] - click(findTestObject("Object Repository/IWP30/Page_Confirmation/ConfirmButton")): Object: 'Object Repository/IWP30/Page_Confirmation/ConfirmButton' is clicked on

2020-07-14 13:47:37 - [MESSAGE][PASSED] - Object: 'Object Repository/IWP30/Page_Confirmation/ConfirmButton' is clicked on

2020-07-14 13:47:37 - [TEST_STEP][PASSED] - Thread.sleep(10000): null

2020-07-14 13:47:47 - [TEST_STEP][PASSED] - if (verifyTextPresent("Successful Payment Receipt", false)): null

2020-07-14 13:47:47 - [MESSAGE][PASSED] - Text 'Successful Payment Receipt' is present on page 

2020-07-14 13:47:47 - [TEST_STEP][PASSED] - println("Successful Payment Receipt text is present on the Receipt page"): null

2020-07-14 13:47:47 - [TEST_STEP][PASSED] - if (verifyTextPresent("Please print this receipt for your records", false)): null

2020-07-14 13:47:47 - [MESSAGE][PASSED] - Text 'Please print this receipt for your records' is present on page 

2020-07-14 13:47:47 - [TEST_STEP][PASSED] - println("Please print this receipt for your records text is present on the Receipt page"): null

2020-07-14 13:47:47 - [TEST_STEP][PASSED] - if (verifyElementPresent(findTestObject("Object Repository/IWP30/Page_Receipt/ExitButton"), 30)): null

2020-07-14 13:47:48 - [MESSAGE][PASSED] - Object 'Object Repository/IWP30/Page_Receipt/ExitButton' is present

2020-07-14 13:47:48 - [TEST_STEP][PASSED] - println("Exit Button is present on the Receipt page"): null

2020-07-14 13:47:48 - [TEST_STEP][PASSED] - closeBrowser(): Browser is closed

2020-07-14 13:47:49 - [MESSAGE][PASSED] - Browser is closed

2020-07-14 13:47:49 - [TEST_STEP][PASSED] - openBrowser(urlEmulator): Browser is opened with url: 'https://qa.velocitypayment.com/agency/config.do?action=editor'

2020-07-14 13:47:49 - [MESSAGE][INFO] - Starting 'Chrome' driver

2020-07-14 13:47:49 - [MESSAGE][INFO] - User set preference: ['acceptInsecureCerts', 'true']

2020-07-14 13:47:49 - [MESSAGE][INFO] - Action delay is set to 0 milliseconds

2020-07-14 13:47:53 - [MESSAGE][PASSED] - Browser is opened with url: 'https://qa.velocitypayment.com/agency/config.do?action=editor'

2020-07-14 13:47:53 - [TEST_STEP][PASSED] - maximizeWindow(): Current window maximized

2020-07-14 13:47:53 - [MESSAGE][PASSED] - Current window maximized

2020-07-14 13:47:53 - [TEST_STEP][PASSED] - iwpPages.emulatorIWP30.getSetData(row, dataFile): iwpPages.emulatorIWP30.getSetData is PASSED

2020-07-14 13:47:55 - [MESSAGE][PASSED] - All options with value '3.0' are selected in object 'Object Repository/IWP30/Page_VRelay30Emulator/MV'  using regular expression

2020-07-14 13:47:56 - [MESSAGE][PASSED] - Text '10.50' is set on object 'Object Repository/IWP30/Page_VRelay30Emulator/Amount'

2020-07-14 13:47:56 - [MESSAGE][PASSED] - Text '26411005' is set on object 'Object Repository/IWP30/Page_VRelay30Emulator/CAN'

2020-07-14 13:47:57 - [MESSAGE][PASSED] - Text 'PayNow' is set on object 'Object Repository/IWP30/Page_VRelay30Emulator/Action'

2020-07-14 13:47:58 - [MESSAGE][PASSED] - Text 'en_US' is set on object 'Object Repository/IWP30/Page_VRelay30Emulator/Lang'

2020-07-14 13:47:58 - [MESSAGE][PASSED] - Text '' is set on object 'Object Repository/IWP30/Page_VRelay30Emulator/Fname'

2020-07-14 13:47:59 - [MESSAGE][PASSED] - Text '' is set on object 'Object Repository/IWP30/Page_VRelay30Emulator/Lname'

2020-07-14 13:48:00 - [MESSAGE][PASSED] - Text '' is set on object 'Object Repository/IWP30/Page_VRelay30Emulator/AL1'

2020-07-14 13:48:00 - [MESSAGE][PASSED] - Text '' is set on object 'Object Repository/IWP30/Page_VRelay30Emulator/AL2'

2020-07-14 13:48:01 - [MESSAGE][PASSED] - Text '840' is set on object 'Object Repository/IWP30/Page_VRelay30Emulator/Country'

2020-07-14 13:48:01 - [MESSAGE][PASSED] - Text '' is set on object 'Object Repository/IWP30/Page_VRelay30Emulator/City'

2020-07-14 13:48:02 - [MESSAGE][PASSED] - Text '' is set on object 'Object Repository/IWP30/Page_VRelay30Emulator/State'

2020-07-14 13:48:03 - [MESSAGE][PASSED] - Text '' is set on object 'Object Repository/IWP30/Page_VRelay30Emulator/ZIP'

2020-07-14 13:48:03 - [MESSAGE][PASSED] - Text '' is set on object 'Object Repository/IWP30/Page_VRelay30Emulator/Order'

2020-07-14 13:48:04 - [MESSAGE][PASSED] - Text '' is set on object 'Object Repository/IWP30/Page_VRelay30Emulator/Company'

2020-07-14 13:48:04 - [MESSAGE][PASSED] - Text '' is set on object 'Object Repository/IWP30/Page_VRelay30Emulator/Email'

2020-07-14 13:48:05 - [MESSAGE][PASSED] - Text '' is set on object 'Object Repository/IWP30/Page_VRelay30Emulator/UDF1'

2020-07-14 13:48:06 - [MESSAGE][PASSED] - Text '' is set on object 'Object Repository/IWP30/Page_VRelay30Emulator/UDF2'

2020-07-14 13:48:06 - [MESSAGE][PASSED] - Text '' is set on object 'Object Repository/IWP30/Page_VRelay30Emulator/UDF3'

2020-07-14 13:48:07 - [MESSAGE][PASSED] - Text 'udf data 4' is set on object 'Object Repository/IWP30/Page_VRelay30Emulator/UDF4'

2020-07-14 13:48:07 - [MESSAGE][PASSED] - Text 'udf data 5' is set on object 'Object Repository/IWP30/Page_VRelay30Emulator/UDF5'

2020-07-14 13:48:08 - [MESSAGE][PASSED] - Text '' is set on object 'Object Repository/IWP30/Page_VRelay30Emulator/UDF6'

2020-07-14 13:48:09 - [MESSAGE][PASSED] - Text '' is set on object 'Object Repository/IWP30/Page_VRelay30Emulator/UDF7'

2020-07-14 13:48:10 - [MESSAGE][PASSED] - Text '' is set on object 'Object Repository/IWP30/Page_VRelay30Emulator/UDF8'

2020-07-14 13:48:10 - [MESSAGE][PASSED] - Text 'udf data 9' is set on object 'Object Repository/IWP30/Page_VRelay30Emulator/UDF9'

2020-07-14 13:48:11 - [MESSAGE][PASSED] - Text 'udf data 10' is set on object 'Object Repository/IWP30/Page_VRelay30Emulator/UDF10'

2020-07-14 13:48:22 - [MESSAGE][PASSED] - Object: 'Object Repository/IWP30/Page_VRelay30Emulator/Submit' is clicked on

2020-07-14 13:48:22 - [MESSAGE][PASSED] - iwpPages.emulatorIWP30.getSetData is PASSED

2020-07-14 13:48:22 - [TEST_STEP][PASSED] - closeBrowser(): Browser is closed

2020-07-14 13:48:22 - [MESSAGE][PASSED] - Browser is closed

2020-07-14 13:48:22 - [TEST_STEP][PASSED] - openBrowser(urlTestHarness): Browser is opened with url: 'https://dev-algorithm.govolution.com/vrelaytest/QA/version_2_2/vrelaytest.html'

2020-07-14 13:48:22 - [MESSAGE][INFO] - Starting 'Chrome' driver

2020-07-14 13:48:22 - [MESSAGE][INFO] - User set preference: ['acceptInsecureCerts', 'true']

2020-07-14 13:48:22 - [MESSAGE][INFO] - Action delay is set to 0 milliseconds

2020-07-14 13:48:26 - [MESSAGE][PASSED] - Browser is opened with url: 'https://dev-algorithm.govolution.com/vrelaytest/QA/version_2_2/vrelaytest.html'

2020-07-14 13:48:26 - [TEST_STEP][PASSED] - maximizeWindow(): Current window maximized

2020-07-14 13:48:26 - [MESSAGE][PASSED] - Current window maximized

2020-07-14 13:48:26 - [TEST_STEP][PASSED] - iwpPages.TestHarnessPage.setDataMethod(row, dataFile): iwpPages.TestHarnessPage.setDataMethod is PASSED

2020-07-14 13:48:26 - [MESSAGE][PASSED] - Object 'Object Repository/IWP30/Page_QATestHarness/RemittanceID' is present

2020-07-14 13:48:27 - [MESSAGE][PASSED] - Text '649' is set on object 'Object Repository/IWP30/Page_QATestHarness/ApplicationID'

2020-07-14 13:48:28 - [MESSAGE][PASSED] - Text '3.0' is set on object 'Object Repository/IWP30/Page_QATestHarness/MessageVersion'

2020-07-14 13:48:29 - [MESSAGE][PASSED] - Text 'vA9VzTaAG9Qx' is set on object 'Object Repository/IWP30/Page_QATestHarness/RemittanceID'

2020-07-14 13:48:30 - [MESSAGE][PASSED] - Object: 'Object Repository/IWP30/Page_QATestHarness/SubmitButton' is clicked on

2020-07-14 13:48:30 - [MESSAGE][PASSED] - iwpPages.TestHarnessPage.setDataMethod is PASSED

2020-07-14 13:48:30 - [TEST_STEP][PASSED] - if (verifyElementPresent(findTestObject("Object Repository/IWP30/Page_SelectPaymentMethod/PayByCreditCard"), 30)): null

2020-07-14 13:48:30 - [MESSAGE][PASSED] - Object 'Object Repository/IWP30/Page_SelectPaymentMethod/PayByCreditCard' is present

2020-07-14 13:48:30 - [TEST_STEP][PASSED] - println("We are on Select Payment Method page, start populating"): null

2020-07-14 13:48:30 - [TEST_STEP][PASSED] - check(findTestObject("Object Repository/IWP30/Page_SelectPaymentMethod/PayByCreditCard")): Object 'Object Repository/IWP30/Page_SelectPaymentMethod/PayByCreditCard' is checked

2020-07-14 13:48:31 - [MESSAGE][PASSED] - Object 'Object Repository/IWP30/Page_SelectPaymentMethod/PayByCreditCard' is checked

2020-07-14 13:48:31 - [TEST_STEP][PASSED] - Thread.sleep(1000): null

2020-07-14 13:48:32 - [TEST_STEP][PASSED] - click(findTestObject("Object Repository/IWP30/Page_SelectPaymentMethod/MakePaymentButton")): Object: 'Object Repository/IWP30/Page_SelectPaymentMethod/MakePaymentButton' is clicked on

2020-07-14 13:48:33 - [MESSAGE][PASSED] - Object: 'Object Repository/IWP30/Page_SelectPaymentMethod/MakePaymentButton' is clicked on

2020-07-14 13:48:33 - [TEST_STEP][PASSED] - iwpPages.ccPaymentEntryPage.setDataCCPM(row, dataFile): iwpPages.ccPaymentEntryPage.setDataCCPM is PASSED

2020-07-14 13:48:33 - [MESSAGE][PASSED] - Object 'Object Repository/IWP30/Page_CCPaymentEntry/Name' is present

2020-07-14 13:48:34 - [MESSAGE][PASSED] - Object 'Object Repository/IWP30/Page_CCPaymentEntry/Amount' is present

2020-07-14 13:48:34 - [MESSAGE][PASSED] - Text '20.50' is set on object 'Object Repository/IWP30/Page_CCPaymentEntry/Amount'

2020-07-14 13:48:35 - [MESSAGE][PASSED] - Object 'Object Repository/IWP30/Page_CCPaymentEntry/UserDefined2' is present

2020-07-14 13:48:35 - [MESSAGE][PASSED] - Text 'Number 2' is set on object 'Object Repository/IWP30/Page_CCPaymentEntry/UserDefined2'

2020-07-14 13:48:36 - [MESSAGE][PASSED] - Object 'Object Repository/IWP30/Page_CCPaymentEntry/UserDefined3' is present

2020-07-14 13:48:36 - [MESSAGE][PASSED] - Text 'Number 3' is set on object 'Object Repository/IWP30/Page_CCPaymentEntry/UserDefined3'

2020-07-14 13:48:36 - [MESSAGE][PASSED] - Object 'Object Repository/IWP30/Page_CCPaymentEntry/UserDefined7' is present

2020-07-14 13:48:37 - [MESSAGE][PASSED] - All options with label 'Orange' are selected in object 'Object Repository/IWP30/Page_CCPaymentEntry/UserDefined7' 

2020-07-14 13:48:37 - [MESSAGE][PASSED] - Object 'Object Repository/IWP30/Page_CCPaymentEntry/UserDefined8' is present

2020-07-14 13:48:38 - [MESSAGE][PASSED] - All options with label 'Tennis' are selected in object 'Object Repository/IWP30/Page_CCPaymentEntry/UserDefined8' 

2020-07-14 13:48:38 - [MESSAGE][PASSED] - Object 'Object Repository/IWP30/Page_CCPaymentEntry/Name' is present

2020-07-14 13:48:39 - [MESSAGE][PASSED] - Text 'Mera Naam' is set on object 'Object Repository/IWP30/Page_CCPaymentEntry/Name'

2020-07-14 13:48:39 - [MESSAGE][PASSED] - Object 'Object Repository/IWP30/Page_CCPaymentEntry/CardNumber' is present

2020-07-14 13:48:40 - [MESSAGE][PASSED] - Text '5844444444444441' is set on object 'Object Repository/IWP30/Page_CCPaymentEntry/CardNumber'

2020-07-14 13:48:40 - [MESSAGE][PASSED] - Object 'Object Repository/IWP30/Page_CCPaymentEntry/SPC' is present

2020-07-14 13:48:41 - [MESSAGE][PASSED] - Text '1234' is set on object 'Object Repository/IWP30/Page_CCPaymentEntry/SPC'

2020-07-14 13:48:41 - [MESSAGE][PASSED] - Object 'Object Repository/IWP30/Page_CCPaymentEntry/Month' is present

2020-07-14 13:48:42 - [MESSAGE][PASSED] - All options with label '09' are selected in object 'Object Repository/IWP30/Page_CCPaymentEntry/Month' 

2020-07-14 13:48:42 - [MESSAGE][PASSED] - Object 'Object Repository/IWP30/Page_CCPaymentEntry/Year' is present

2020-07-14 13:48:43 - [MESSAGE][PASSED] - All options with label '2023' are selected in object 'Object Repository/IWP30/Page_CCPaymentEntry/Year' 

2020-07-14 13:48:43 - [MESSAGE][PASSED] - Object 'Object Repository/IWP30/Page_CCPaymentEntry/ProcessDate' is present

2020-07-14 13:48:44 - [MESSAGE][PASSED] - Object 'Object Repository/IWP30/Page_CCPaymentEntry/AL1' is present

2020-07-14 13:48:44 - [MESSAGE][PASSED] - Text 'Mera AL1' is set on object 'Object Repository/IWP30/Page_CCPaymentEntry/AL1'

2020-07-14 13:48:45 - [MESSAGE][PASSED] - Object 'Object Repository/IWP30/Page_CCPaymentEntry/AL2' is present

2020-07-14 13:48:45 - [MESSAGE][PASSED] - Text 'Mera AL2' is set on object 'Object Repository/IWP30/Page_CCPaymentEntry/AL2'

2020-07-14 13:48:46 - [MESSAGE][PASSED] - Object 'Object Repository/IWP30/Page_CCPaymentEntry/ZIP' is present

2020-07-14 13:48:46 - [MESSAGE][PASSED] - Text '21054' is set on object 'Object Repository/IWP30/Page_CCPaymentEntry/ZIP'

2020-07-14 13:48:47 - [MESSAGE][PASSED] - Object 'Object Repository/IWP30/Page_CCPaymentEntry/EmailAddress' is present

2020-07-14 13:48:48 - [MESSAGE][PASSED] - Text 'merae@gmail.com' is set on object 'Object Repository/IWP30/Page_CCPaymentEntry/EmailAddress'

2020-07-14 13:48:48 - [MESSAGE][PASSED] - Object 'Object Repository/IWP30/Page_CCPaymentEntry/TermCondCheckBox' is present

2020-07-14 13:48:48 - [MESSAGE][PASSED] - Object 'Object Repository/IWP30/Page_CCPaymentEntry/TermCondCheckBox' is checked

2020-07-14 13:48:49 - [MESSAGE][PASSED] - Object 'Object Repository/IWP30/Page_CCPaymentEntry/ContinueButton' is present

2020-07-14 13:48:50 - [MESSAGE][PASSED] - Object: 'Object Repository/IWP30/Page_CCPaymentEntry/ContinueButton' is clicked on

2020-07-14 13:48:50 - [MESSAGE][PASSED] - iwpPages.ccPaymentEntryPage.setDataCCPM is PASSED

2020-07-14 13:48:50 - [TEST_STEP][PASSED] - if (verifyTextPresent("Please verify the following information", false)): null

2020-07-14 13:48:50 - [MESSAGE][PASSED] - Text 'Please verify the following information' is present on page 

2020-07-14 13:48:50 - [TEST_STEP][PASSED] - println("Please verify the following information text is present on the Confirmation page"): null

2020-07-14 13:48:50 - [TEST_STEP][PASSED] - if (verifyTextPresent("Is this information correct?", false)): null

2020-07-14 13:48:51 - [MESSAGE][PASSED] - Text 'Is this information correct?' is present on page 

2020-07-14 13:48:51 - [TEST_STEP][PASSED] - println("Is this information correct text is present on the Confirmation page"): null

2020-07-14 13:48:51 - [TEST_STEP][PASSED] - if (verifyElementPresent(findTestObject("Object Repository/IWP30/Page_Confirmation/ConfirmButton"), 30)): null

2020-07-14 13:48:51 - [MESSAGE][PASSED] - Object 'Object Repository/IWP30/Page_Confirmation/ConfirmButton' is present

2020-07-14 13:48:51 - [TEST_STEP][PASSED] - click(findTestObject("Object Repository/IWP30/Page_Confirmation/ConfirmButton")): Object: 'Object Repository/IWP30/Page_Confirmation/ConfirmButton' is clicked on

2020-07-14 13:48:52 - [MESSAGE][PASSED] - Object: 'Object Repository/IWP30/Page_Confirmation/ConfirmButton' is clicked on

2020-07-14 13:48:52 - [TEST_STEP][PASSED] - Thread.sleep(10000): null

2020-07-14 13:49:02 - [TEST_STEP][PASSED] - if (verifyTextPresent("Successful Payment Receipt", false)): null

2020-07-14 13:49:02 - [MESSAGE][PASSED] - Text 'Successful Payment Receipt' is present on page 

2020-07-14 13:49:02 - [TEST_STEP][PASSED] - println("Successful Payment Receipt text is present on the Receipt page"): null

2020-07-14 13:49:02 - [TEST_STEP][PASSED] - if (verifyTextPresent("Please print this receipt for your records", false)): null

2020-07-14 13:49:03 - [MESSAGE][PASSED] - Text 'Please print this receipt for your records' is present on page 

2020-07-14 13:49:03 - [TEST_STEP][PASSED] - println("Please print this receipt for your records text is present on the Receipt page"): null

2020-07-14 13:49:03 - [TEST_STEP][PASSED] - if (verifyElementPresent(findTestObject("Object Repository/IWP30/Page_Receipt/ExitButton"), 30)): null

2020-07-14 13:49:03 - [MESSAGE][PASSED] - Object 'Object Repository/IWP30/Page_Receipt/ExitButton' is present

2020-07-14 13:49:03 - [TEST_STEP][PASSED] - println("Exit Button is present on the Receipt page"): null

2020-07-14 13:49:03 - [TEST_STEP][PASSED] - closeBrowser(): Browser is closed

2020-07-14 13:49:04 - [MESSAGE][PASSED] - Browser is closed

2020-07-14 13:49:04 - [TEST_STEP][PASSED] - openBrowser(urlEmulator): Browser is opened with url: 'https://qa.velocitypayment.com/agency/config.do?action=editor'

2020-07-14 13:49:04 - [MESSAGE][INFO] - Starting 'Chrome' driver

2020-07-14 13:49:04 - [MESSAGE][INFO] - User set preference: ['acceptInsecureCerts', 'true']

2020-07-14 13:49:04 - [MESSAGE][INFO] - Action delay is set to 0 milliseconds

2020-07-14 13:49:08 - [MESSAGE][PASSED] - Browser is opened with url: 'https://qa.velocitypayment.com/agency/config.do?action=editor'

2020-07-14 13:49:08 - [TEST_STEP][PASSED] - maximizeWindow(): Current window maximized

2020-07-14 13:49:08 - [MESSAGE][PASSED] - Current window maximized

2020-07-14 13:49:08 - [TEST_STEP][PASSED] - iwpPages.emulatorIWP30.getSetData(row, dataFile): iwpPages.emulatorIWP30.getSetData is PASSED

2020-07-14 13:49:09 - [MESSAGE][PASSED] - All options with value '3.0' are selected in object 'Object Repository/IWP30/Page_VRelay30Emulator/MV'  using regular expression

2020-07-14 13:49:10 - [MESSAGE][PASSED] - Text '35.50' is set on object 'Object Repository/IWP30/Page_VRelay30Emulator/Amount'

2020-07-14 13:49:11 - [MESSAGE][PASSED] - Text '26412109' is set on object 'Object Repository/IWP30/Page_VRelay30Emulator/CAN'

2020-07-14 13:49:11 - [MESSAGE][PASSED] - Text 'PayNow' is set on object 'Object Repository/IWP30/Page_VRelay30Emulator/Action'

2020-07-14 13:49:12 - [MESSAGE][PASSED] - Text 'en_US' is set on object 'Object Repository/IWP30/Page_VRelay30Emulator/Lang'

2020-07-14 13:49:12 - [MESSAGE][PASSED] - Text 'Jonty' is set on object 'Object Repository/IWP30/Page_VRelay30Emulator/Fname'

2020-07-14 13:49:13 - [MESSAGE][PASSED] - Text 'Smith' is set on object 'Object Repository/IWP30/Page_VRelay30Emulator/Lname'

2020-07-14 13:49:14 - [MESSAGE][PASSED] - Text '15 Elm St' is set on object 'Object Repository/IWP30/Page_VRelay30Emulator/AL1'

2020-07-14 13:49:14 - [MESSAGE][PASSED] - Text 'Suite 600' is set on object 'Object Repository/IWP30/Page_VRelay30Emulator/AL2'

2020-07-14 13:49:15 - [MESSAGE][PASSED] - Text '840' is set on object 'Object Repository/IWP30/Page_VRelay30Emulator/Country'

2020-07-14 13:49:15 - [MESSAGE][PASSED] - Text 'Gambrills' is set on object 'Object Repository/IWP30/Page_VRelay30Emulator/City'

2020-07-14 13:49:16 - [MESSAGE][PASSED] - Text 'MD' is set on object 'Object Repository/IWP30/Page_VRelay30Emulator/State'

2020-07-14 13:49:17 - [MESSAGE][PASSED] - Text '21054' is set on object 'Object Repository/IWP30/Page_VRelay30Emulator/ZIP'

2020-07-14 13:49:17 - [MESSAGE][PASSED] - Text '' is set on object 'Object Repository/IWP30/Page_VRelay30Emulator/Order'

2020-07-14 13:49:18 - [MESSAGE][PASSED] - Text '' is set on object 'Object Repository/IWP30/Page_VRelay30Emulator/Company'

2020-07-14 13:49:19 - [MESSAGE][PASSED] - Text 'iahmed@govolution.com' is set on object 'Object Repository/IWP30/Page_VRelay30Emulator/Email'

2020-07-14 13:49:20 - [MESSAGE][PASSED] - Text 'udf data 1' is set on object 'Object Repository/IWP30/Page_VRelay30Emulator/UDF1'

2020-07-14 13:49:20 - [MESSAGE][PASSED] - Text 'udf data 2' is set on object 'Object Repository/IWP30/Page_VRelay30Emulator/UDF2'

2020-07-14 13:49:21 - [MESSAGE][PASSED] - Text 'udf data 3' is set on object 'Object Repository/IWP30/Page_VRelay30Emulator/UDF3'

2020-07-14 13:49:22 - [MESSAGE][PASSED] - Text 'udf data 4' is set on object 'Object Repository/IWP30/Page_VRelay30Emulator/UDF4'

2020-07-14 13:49:22 - [MESSAGE][PASSED] - Text 'udf data 5' is set on object 'Object Repository/IWP30/Page_VRelay30Emulator/UDF5'

2020-07-14 13:49:23 - [MESSAGE][PASSED] - Text 'udf data 6' is set on object 'Object Repository/IWP30/Page_VRelay30Emulator/UDF6'

2020-07-14 13:49:24 - [MESSAGE][PASSED] - Text 'Orange' is set on object 'Object Repository/IWP30/Page_VRelay30Emulator/UDF7'

2020-07-14 13:49:25 - [MESSAGE][PASSED] - Text 'Soccer' is set on object 'Object Repository/IWP30/Page_VRelay30Emulator/UDF8'

2020-07-14 13:49:25 - [MESSAGE][PASSED] - Text 'udf data 9' is set on object 'Object Repository/IWP30/Page_VRelay30Emulator/UDF9'

2020-07-14 13:49:26 - [MESSAGE][PASSED] - Text 'udf data 10' is set on object 'Object Repository/IWP30/Page_VRelay30Emulator/UDF10'

2020-07-14 13:49:37 - [MESSAGE][PASSED] - Object: 'Object Repository/IWP30/Page_VRelay30Emulator/Submit' is clicked on

2020-07-14 13:49:37 - [MESSAGE][PASSED] - iwpPages.emulatorIWP30.getSetData is PASSED

2020-07-14 13:49:37 - [TEST_STEP][PASSED] - closeBrowser(): Browser is closed

2020-07-14 13:49:38 - [MESSAGE][PASSED] - Browser is closed

2020-07-14 13:49:38 - [TEST_STEP][PASSED] - openBrowser(urlTestHarness): Browser is opened with url: 'https://dev-algorithm.govolution.com/vrelaytest/QA/version_2_2/vrelaytest.html'

2020-07-14 13:49:38 - [MESSAGE][INFO] - Starting 'Chrome' driver

2020-07-14 13:49:38 - [MESSAGE][INFO] - User set preference: ['acceptInsecureCerts', 'true']

2020-07-14 13:49:38 - [MESSAGE][INFO] - Action delay is set to 0 milliseconds

2020-07-14 13:49:42 - [MESSAGE][PASSED] - Browser is opened with url: 'https://dev-algorithm.govolution.com/vrelaytest/QA/version_2_2/vrelaytest.html'

2020-07-14 13:49:42 - [TEST_STEP][PASSED] - maximizeWindow(): Current window maximized

2020-07-14 13:49:42 - [MESSAGE][PASSED] - Current window maximized

2020-07-14 13:49:42 - [TEST_STEP][PASSED] - iwpPages.TestHarnessPage.setDataMethod(row, dataFile): iwpPages.TestHarnessPage.setDataMethod is PASSED

2020-07-14 13:49:42 - [MESSAGE][PASSED] - Object 'Object Repository/IWP30/Page_QATestHarness/RemittanceID' is present

2020-07-14 13:49:43 - [MESSAGE][PASSED] - Text '649' is set on object 'Object Repository/IWP30/Page_QATestHarness/ApplicationID'

2020-07-14 13:49:43 - [MESSAGE][PASSED] - Text '3.0' is set on object 'Object Repository/IWP30/Page_QATestHarness/MessageVersion'

2020-07-14 13:49:44 - [MESSAGE][PASSED] - Text 'sdYCjKMx2z6i' is set on object 'Object Repository/IWP30/Page_QATestHarness/RemittanceID'

2020-07-14 13:49:45 - [MESSAGE][PASSED] - Object: 'Object Repository/IWP30/Page_QATestHarness/SubmitButton' is clicked on

2020-07-14 13:49:45 - [MESSAGE][PASSED] - iwpPages.TestHarnessPage.setDataMethod is PASSED

2020-07-14 13:49:45 - [TEST_STEP][PASSED] - if (verifyElementPresent(findTestObject("Object Repository/IWP30/Page_SelectPaymentMethod/PayByCreditCard"), 30)): null

2020-07-14 13:49:46 - [MESSAGE][PASSED] - Object 'Object Repository/IWP30/Page_SelectPaymentMethod/PayByCreditCard' is present

2020-07-14 13:49:46 - [TEST_STEP][PASSED] - println("We are on Select Payment Method page, start populating"): null

2020-07-14 13:49:46 - [TEST_STEP][PASSED] - check(findTestObject("Object Repository/IWP30/Page_SelectPaymentMethod/PayByCreditCard")): Object 'Object Repository/IWP30/Page_SelectPaymentMethod/PayByCreditCard' is checked

2020-07-14 13:49:46 - [MESSAGE][PASSED] - Object 'Object Repository/IWP30/Page_SelectPaymentMethod/PayByCreditCard' is checked

2020-07-14 13:49:46 - [TEST_STEP][PASSED] - Thread.sleep(1000): null

2020-07-14 13:49:47 - [TEST_STEP][PASSED] - click(findTestObject("Object Repository/IWP30/Page_SelectPaymentMethod/MakePaymentButton")): Object: 'Object Repository/IWP30/Page_SelectPaymentMethod/MakePaymentButton' is clicked on

2020-07-14 13:49:48 - [MESSAGE][PASSED] - Object: 'Object Repository/IWP30/Page_SelectPaymentMethod/MakePaymentButton' is clicked on

2020-07-14 13:49:48 - [TEST_STEP][PASSED] - iwpPages.ccPaymentEntryPage.setDataCCPM(row, dataFile): iwpPages.ccPaymentEntryPage.setDataCCPM is PASSED

2020-07-14 13:49:49 - [MESSAGE][PASSED] - Object 'Object Repository/IWP30/Page_CCPaymentEntry/Name' is present

2020-07-14 13:49:49 - [MESSAGE][PASSED] - Object 'Object Repository/IWP30/Page_CCPaymentEntry/Amount' is present

2020-07-14 13:49:50 - [MESSAGE][PASSED] - Text '112.50' is set on object 'Object Repository/IWP30/Page_CCPaymentEntry/Amount'

2020-07-14 13:49:50 - [MESSAGE][PASSED] - Object 'Object Repository/IWP30/Page_CCPaymentEntry/UserDefined2' is present

2020-07-14 13:49:51 - [MESSAGE][PASSED] - Text 'Circle' is set on object 'Object Repository/IWP30/Page_CCPaymentEntry/UserDefined2'

2020-07-14 13:49:51 - [MESSAGE][PASSED] - Object 'Object Repository/IWP30/Page_CCPaymentEntry/UserDefined3' is present

2020-07-14 13:49:52 - [MESSAGE][PASSED] - Text 'Triangle' is set on object 'Object Repository/IWP30/Page_CCPaymentEntry/UserDefined3'

2020-07-14 13:49:52 - [MESSAGE][PASSED] - Object 'Object Repository/IWP30/Page_CCPaymentEntry/UserDefined7' is present

2020-07-14 13:49:53 - [MESSAGE][PASSED] - All options with label 'Purple' are selected in object 'Object Repository/IWP30/Page_CCPaymentEntry/UserDefined7' 

2020-07-14 13:49:53 - [MESSAGE][PASSED] - Object 'Object Repository/IWP30/Page_CCPaymentEntry/UserDefined8' is present

2020-07-14 13:49:54 - [MESSAGE][PASSED] - All options with label 'Tennis' are selected in object 'Object Repository/IWP30/Page_CCPaymentEntry/UserDefined8' 

2020-07-14 13:49:54 - [MESSAGE][PASSED] - Object 'Object Repository/IWP30/Page_CCPaymentEntry/Name' is present

2020-07-14 13:49:55 - [MESSAGE][PASSED] - Text 'Alan Donald' is set on object 'Object Repository/IWP30/Page_CCPaymentEntry/Name'

2020-07-14 13:49:55 - [MESSAGE][PASSED] - Object 'Object Repository/IWP30/Page_CCPaymentEntry/CardNumber' is present

2020-07-14 13:49:56 - [MESSAGE][PASSED] - Text '4111111111111111' is set on object 'Object Repository/IWP30/Page_CCPaymentEntry/CardNumber'

2020-07-14 13:49:56 - [MESSAGE][PASSED] - Object 'Object Repository/IWP30/Page_CCPaymentEntry/SPC' is present

2020-07-14 13:49:57 - [MESSAGE][PASSED] - Text '258' is set on object 'Object Repository/IWP30/Page_CCPaymentEntry/SPC'

2020-07-14 13:49:58 - [MESSAGE][PASSED] - Object 'Object Repository/IWP30/Page_CCPaymentEntry/Month' is present

2020-07-14 13:49:58 - [MESSAGE][PASSED] - All options with label '10' are selected in object 'Object Repository/IWP30/Page_CCPaymentEntry/Month' 

2020-07-14 13:49:58 - [MESSAGE][PASSED] - Object 'Object Repository/IWP30/Page_CCPaymentEntry/Year' is present

2020-07-14 13:49:59 - [MESSAGE][PASSED] - All options with label '2025' are selected in object 'Object Repository/IWP30/Page_CCPaymentEntry/Year' 

2020-07-14 13:49:59 - [MESSAGE][PASSED] - Object 'Object Repository/IWP30/Page_CCPaymentEntry/ProcessDate' is present

2020-07-14 13:50:00 - [MESSAGE][PASSED] - Object 'Object Repository/IWP30/Page_CCPaymentEntry/AL1' is present

2020-07-14 13:50:00 - [MESSAGE][PASSED] - Text 'Mera AL1' is set on object 'Object Repository/IWP30/Page_CCPaymentEntry/AL1'

2020-07-14 13:50:01 - [MESSAGE][PASSED] - Object 'Object Repository/IWP30/Page_CCPaymentEntry/AL2' is present

2020-07-14 13:50:01 - [MESSAGE][PASSED] - Text 'Mera AL2' is set on object 'Object Repository/IWP30/Page_CCPaymentEntry/AL2'

2020-07-14 13:50:02 - [MESSAGE][PASSED] - Object 'Object Repository/IWP30/Page_CCPaymentEntry/ZIP' is present

2020-07-14 13:50:03 - [MESSAGE][PASSED] - Text '21054' is set on object 'Object Repository/IWP30/Page_CCPaymentEntry/ZIP'

2020-07-14 13:50:03 - [MESSAGE][PASSED] - Object 'Object Repository/IWP30/Page_CCPaymentEntry/EmailAddress' is present

2020-07-14 13:50:04 - [MESSAGE][PASSED] - Text 'merae@gmail.com' is set on object 'Object Repository/IWP30/Page_CCPaymentEntry/EmailAddress'

2020-07-14 13:50:04 - [MESSAGE][PASSED] - Object 'Object Repository/IWP30/Page_CCPaymentEntry/TermCondCheckBox' is present

2020-07-14 13:50:05 - [MESSAGE][PASSED] - Object 'Object Repository/IWP30/Page_CCPaymentEntry/TermCondCheckBox' is checked

2020-07-14 13:50:05 - [MESSAGE][PASSED] - Object 'Object Repository/IWP30/Page_CCPaymentEntry/ContinueButton' is present

2020-07-14 13:50:06 - [MESSAGE][PASSED] - Object: 'Object Repository/IWP30/Page_CCPaymentEntry/ContinueButton' is clicked on

2020-07-14 13:50:06 - [MESSAGE][PASSED] - iwpPages.ccPaymentEntryPage.setDataCCPM is PASSED

2020-07-14 13:50:06 - [TEST_STEP][PASSED] - if (verifyTextPresent("Please verify the following information", false)): null

2020-07-14 13:50:07 - [MESSAGE][PASSED] - Text 'Please verify the following information' is present on page 

2020-07-14 13:50:07 - [TEST_STEP][PASSED] - println("Please verify the following information text is present on the Confirmation page"): null

2020-07-14 13:50:07 - [TEST_STEP][PASSED] - if (verifyTextPresent("Is this information correct?", false)): null

2020-07-14 13:50:07 - [MESSAGE][PASSED] - Text 'Is this information correct?' is present on page 

2020-07-14 13:50:07 - [TEST_STEP][PASSED] - println("Is this information correct text is present on the Confirmation page"): null

2020-07-14 13:50:07 - [TEST_STEP][PASSED] - if (verifyElementPresent(findTestObject("Object Repository/IWP30/Page_Confirmation/ConfirmButton"), 30)): null

2020-07-14 13:50:07 - [MESSAGE][PASSED] - Object 'Object Repository/IWP30/Page_Confirmation/ConfirmButton' is present

2020-07-14 13:50:07 - [TEST_STEP][PASSED] - click(findTestObject("Object Repository/IWP30/Page_Confirmation/ConfirmButton")): Object: 'Object Repository/IWP30/Page_Confirmation/ConfirmButton' is clicked on

2020-07-14 13:50:08 - [MESSAGE][PASSED] - Object: 'Object Repository/IWP30/Page_Confirmation/ConfirmButton' is clicked on

2020-07-14 13:50:08 - [TEST_STEP][PASSED] - Thread.sleep(10000): null

2020-07-14 13:50:18 - [TEST_STEP][PASSED] - if (verifyTextPresent("Successful Payment Receipt", false)): null

2020-07-14 13:50:19 - [MESSAGE][PASSED] - Text 'Successful Payment Receipt' is present on page 

2020-07-14 13:50:19 - [TEST_STEP][PASSED] - println("Successful Payment Receipt text is present on the Receipt page"): null

2020-07-14 13:50:19 - [TEST_STEP][PASSED] - if (verifyTextPresent("Please print this receipt for your records", false)): null

2020-07-14 13:50:19 - [MESSAGE][PASSED] - Text 'Please print this receipt for your records' is present on page 

2020-07-14 13:50:19 - [TEST_STEP][PASSED] - println("Please print this receipt for your records text is present on the Receipt page"): null

2020-07-14 13:50:19 - [TEST_STEP][PASSED] - if (verifyElementPresent(findTestObject("Object Repository/IWP30/Page_Receipt/ExitButton"), 30)): null

2020-07-14 13:50:19 - [MESSAGE][PASSED] - Object 'Object Repository/IWP30/Page_Receipt/ExitButton' is present

2020-07-14 13:50:19 - [TEST_STEP][PASSED] - println("Exit Button is present on the Receipt page"): null

2020-07-14 13:50:19 - [TEST_STEP][PASSED] - closeBrowser(): Browser is closed

2020-07-14 13:50:20 - [MESSAGE][PASSED] - Browser is closed

2020-07-14 13:50:20 - [TEST_STEP][PASSED] - openBrowser(urlEmulator): Browser is opened with url: 'https://qa.velocitypayment.com/agency/config.do?action=editor'

2020-07-14 13:50:20 - [MESSAGE][INFO] - Starting 'Chrome' driver

2020-07-14 13:50:20 - [MESSAGE][INFO] - User set preference: ['acceptInsecureCerts', 'true']

2020-07-14 13:50:20 - [MESSAGE][INFO] - Action delay is set to 0 milliseconds

2020-07-14 13:50:24 - [MESSAGE][PASSED] - Browser is opened with url: 'https://qa.velocitypayment.com/agency/config.do?action=editor'

2020-07-14 13:50:24 - [TEST_STEP][PASSED] - maximizeWindow(): Current window maximized

2020-07-14 13:50:24 - [MESSAGE][PASSED] - Current window maximized

2020-07-14 13:50:24 - [TEST_STEP][PASSED] - iwpPages.emulatorIWP30.getSetData(row, dataFile): iwpPages.emulatorIWP30.getSetData is PASSED

2020-07-14 13:50:26 - [MESSAGE][PASSED] - All options with value '3.0' are selected in object 'Object Repository/IWP30/Page_VRelay30Emulator/MV'  using regular expression

2020-07-14 13:50:26 - [MESSAGE][PASSED] - Text '41.50' is set on object 'Object Repository/IWP30/Page_VRelay30Emulator/Amount'

2020-07-14 13:50:27 - [MESSAGE][PASSED] - Text '26412109' is set on object 'Object Repository/IWP30/Page_VRelay30Emulator/CAN'

2020-07-14 13:50:28 - [MESSAGE][PASSED] - Text 'PayNow' is set on object 'Object Repository/IWP30/Page_VRelay30Emulator/Action'

2020-07-14 13:50:28 - [MESSAGE][PASSED] - Text 'en_US' is set on object 'Object Repository/IWP30/Page_VRelay30Emulator/Lang'

2020-07-14 13:50:29 - [MESSAGE][PASSED] - Text 'Jonty' is set on object 'Object Repository/IWP30/Page_VRelay30Emulator/Fname'

2020-07-14 13:50:30 - [MESSAGE][PASSED] - Text 'Smith' is set on object 'Object Repository/IWP30/Page_VRelay30Emulator/Lname'

2020-07-14 13:50:30 - [MESSAGE][PASSED] - Text '15 Elm St' is set on object 'Object Repository/IWP30/Page_VRelay30Emulator/AL1'

2020-07-14 13:50:31 - [MESSAGE][PASSED] - Text 'Suite 600' is set on object 'Object Repository/IWP30/Page_VRelay30Emulator/AL2'

2020-07-14 13:50:32 - [MESSAGE][PASSED] - Text '840' is set on object 'Object Repository/IWP30/Page_VRelay30Emulator/Country'

2020-07-14 13:50:32 - [MESSAGE][PASSED] - Text 'Gambrills' is set on object 'Object Repository/IWP30/Page_VRelay30Emulator/City'

2020-07-14 13:50:33 - [MESSAGE][PASSED] - Text 'MD' is set on object 'Object Repository/IWP30/Page_VRelay30Emulator/State'

2020-07-14 13:50:33 - [MESSAGE][PASSED] - Text '21054' is set on object 'Object Repository/IWP30/Page_VRelay30Emulator/ZIP'

2020-07-14 13:50:34 - [MESSAGE][PASSED] - Text '' is set on object 'Object Repository/IWP30/Page_VRelay30Emulator/Order'

2020-07-14 13:50:35 - [MESSAGE][PASSED] - Text '' is set on object 'Object Repository/IWP30/Page_VRelay30Emulator/Company'

2020-07-14 13:50:35 - [MESSAGE][PASSED] - Text 'iahmed@govolution.com' is set on object 'Object Repository/IWP30/Page_VRelay30Emulator/Email'

2020-07-14 13:50:36 - [MESSAGE][PASSED] - Text 'udf data 1' is set on object 'Object Repository/IWP30/Page_VRelay30Emulator/UDF1'

2020-07-14 13:50:37 - [MESSAGE][PASSED] - Text 'udf data 2' is set on object 'Object Repository/IWP30/Page_VRelay30Emulator/UDF2'

2020-07-14 13:50:37 - [MESSAGE][PASSED] - Text 'udf data 3' is set on object 'Object Repository/IWP30/Page_VRelay30Emulator/UDF3'

2020-07-14 13:50:38 - [MESSAGE][PASSED] - Text 'udf data 4' is set on object 'Object Repository/IWP30/Page_VRelay30Emulator/UDF4'

2020-07-14 13:50:39 - [MESSAGE][PASSED] - Text 'udf data 5' is set on object 'Object Repository/IWP30/Page_VRelay30Emulator/UDF5'

2020-07-14 13:50:39 - [MESSAGE][PASSED] - Text 'udf data 6' is set on object 'Object Repository/IWP30/Page_VRelay30Emulator/UDF6'

2020-07-14 13:50:40 - [MESSAGE][PASSED] - Text 'Orange' is set on object 'Object Repository/IWP30/Page_VRelay30Emulator/UDF7'

2020-07-14 13:50:41 - [MESSAGE][PASSED] - Text 'Soccer' is set on object 'Object Repository/IWP30/Page_VRelay30Emulator/UDF8'

2020-07-14 13:50:42 - [MESSAGE][PASSED] - Text 'udf data 9' is set on object 'Object Repository/IWP30/Page_VRelay30Emulator/UDF9'

2020-07-14 13:50:42 - [MESSAGE][PASSED] - Text 'udf data 10' is set on object 'Object Repository/IWP30/Page_VRelay30Emulator/UDF10'

2020-07-14 13:50:53 - [MESSAGE][PASSED] - Object: 'Object Repository/IWP30/Page_VRelay30Emulator/Submit' is clicked on

2020-07-14 13:50:53 - [MESSAGE][PASSED] - iwpPages.emulatorIWP30.getSetData is PASSED

2020-07-14 13:50:53 - [TEST_STEP][PASSED] - closeBrowser(): Browser is closed

2020-07-14 13:50:54 - [MESSAGE][PASSED] - Browser is closed

2020-07-14 13:50:54 - [TEST_STEP][PASSED] - openBrowser(urlTestHarness): Browser is opened with url: 'https://dev-algorithm.govolution.com/vrelaytest/QA/version_2_2/vrelaytest.html'

2020-07-14 13:50:54 - [MESSAGE][INFO] - Starting 'Chrome' driver

2020-07-14 13:50:54 - [MESSAGE][INFO] - User set preference: ['acceptInsecureCerts', 'true']

2020-07-14 13:50:54 - [MESSAGE][INFO] - Action delay is set to 0 milliseconds

2020-07-14 13:50:58 - [MESSAGE][PASSED] - Browser is opened with url: 'https://dev-algorithm.govolution.com/vrelaytest/QA/version_2_2/vrelaytest.html'

2020-07-14 13:50:58 - [TEST_STEP][PASSED] - maximizeWindow(): Current window maximized

2020-07-14 13:50:58 - [MESSAGE][PASSED] - Current window maximized

2020-07-14 13:50:58 - [TEST_STEP][PASSED] - iwpPages.TestHarnessPage.setDataMethod(row, dataFile): iwpPages.TestHarnessPage.setDataMethod is PASSED

2020-07-14 13:50:58 - [MESSAGE][PASSED] - Object 'Object Repository/IWP30/Page_QATestHarness/RemittanceID' is present

2020-07-14 13:50:59 - [MESSAGE][PASSED] - Text '649' is set on object 'Object Repository/IWP30/Page_QATestHarness/ApplicationID'

2020-07-14 13:51:00 - [MESSAGE][PASSED] - Text '3.0' is set on object 'Object Repository/IWP30/Page_QATestHarness/MessageVersion'

2020-07-14 13:51:01 - [MESSAGE][PASSED] - Text 'x33DMhP66Iqa' is set on object 'Object Repository/IWP30/Page_QATestHarness/RemittanceID'

2020-07-14 13:51:02 - [MESSAGE][PASSED] - Object: 'Object Repository/IWP30/Page_QATestHarness/SubmitButton' is clicked on

2020-07-14 13:51:02 - [MESSAGE][PASSED] - iwpPages.TestHarnessPage.setDataMethod is PASSED

2020-07-14 13:51:02 - [TEST_STEP][PASSED] - if (verifyElementPresent(findTestObject("Object Repository/IWP30/Page_SelectPaymentMethod/PayByCreditCard"), 30)): null

2020-07-14 13:51:02 - [MESSAGE][PASSED] - Object 'Object Repository/IWP30/Page_SelectPaymentMethod/PayByCreditCard' is present

2020-07-14 13:51:02 - [TEST_STEP][PASSED] - println("We are on Select Payment Method page, start populating"): null

2020-07-14 13:51:02 - [TEST_STEP][PASSED] - check(findTestObject("Object Repository/IWP30/Page_SelectPaymentMethod/PayByCreditCard")): Object 'Object Repository/IWP30/Page_SelectPaymentMethod/PayByCreditCard' is checked

2020-07-14 13:51:03 - [MESSAGE][PASSED] - Object 'Object Repository/IWP30/Page_SelectPaymentMethod/PayByCreditCard' is checked

2020-07-14 13:51:03 - [TEST_STEP][PASSED] - Thread.sleep(1000): null

2020-07-14 13:51:04 - [TEST_STEP][PASSED] - click(findTestObject("Object Repository/IWP30/Page_SelectPaymentMethod/MakePaymentButton")): Object: 'Object Repository/IWP30/Page_SelectPaymentMethod/MakePaymentButton' is clicked on

2020-07-14 13:51:05 - [MESSAGE][PASSED] - Object: 'Object Repository/IWP30/Page_SelectPaymentMethod/MakePaymentButton' is clicked on

2020-07-14 13:51:05 - [TEST_STEP][PASSED] - iwpPages.ccPaymentEntryPage.setDataCCPM(row, dataFile): iwpPages.ccPaymentEntryPage.setDataCCPM is PASSED

2020-07-14 13:51:06 - [MESSAGE][PASSED] - Object 'Object Repository/IWP30/Page_CCPaymentEntry/Name' is present

2020-07-14 13:51:06 - [MESSAGE][PASSED] - Object 'Object Repository/IWP30/Page_CCPaymentEntry/Amount' is present

2020-07-14 13:51:06 - [MESSAGE][PASSED] - Text '15.50' is set on object 'Object Repository/IWP30/Page_CCPaymentEntry/Amount'

2020-07-14 13:51:07 - [MESSAGE][PASSED] - Object 'Object Repository/IWP30/Page_CCPaymentEntry/UserDefined2' is present

2020-07-14 13:51:07 - [MESSAGE][PASSED] - Text 'Circle' is set on object 'Object Repository/IWP30/Page_CCPaymentEntry/UserDefined2'

2020-07-14 13:51:08 - [MESSAGE][PASSED] - Object 'Object Repository/IWP30/Page_CCPaymentEntry/UserDefined3' is present

2020-07-14 13:51:08 - [MESSAGE][PASSED] - Text 'Triangle' is set on object 'Object Repository/IWP30/Page_CCPaymentEntry/UserDefined3'

2020-07-14 13:51:09 - [MESSAGE][PASSED] - Object 'Object Repository/IWP30/Page_CCPaymentEntry/UserDefined7' is present

2020-07-14 13:51:09 - [MESSAGE][PASSED] - All options with label 'Purple' are selected in object 'Object Repository/IWP30/Page_CCPaymentEntry/UserDefined7' 

2020-07-14 13:51:09 - [MESSAGE][PASSED] - Object 'Object Repository/IWP30/Page_CCPaymentEntry/UserDefined8' is present

2020-07-14 13:51:10 - [MESSAGE][PASSED] - All options with label 'Tennis' are selected in object 'Object Repository/IWP30/Page_CCPaymentEntry/UserDefined8' 

2020-07-14 13:51:10 - [MESSAGE][PASSED] - Object 'Object Repository/IWP30/Page_CCPaymentEntry/Name' is present

2020-07-14 13:51:11 - [MESSAGE][PASSED] - Text 'Alan Donald' is set on object 'Object Repository/IWP30/Page_CCPaymentEntry/Name'

2020-07-14 13:51:11 - [MESSAGE][PASSED] - Object 'Object Repository/IWP30/Page_CCPaymentEntry/CardNumber' is present

2020-07-14 13:51:12 - [MESSAGE][PASSED] - Text '4111111111111111' is set on object 'Object Repository/IWP30/Page_CCPaymentEntry/CardNumber'

2020-07-14 13:51:13 - [MESSAGE][PASSED] - Object 'Object Repository/IWP30/Page_CCPaymentEntry/SPC' is present

2020-07-14 13:51:13 - [MESSAGE][PASSED] - Text '258' is set on object 'Object Repository/IWP30/Page_CCPaymentEntry/SPC'

2020-07-14 13:51:14 - [MESSAGE][PASSED] - Object 'Object Repository/IWP30/Page_CCPaymentEntry/Month' is present

2020-07-14 13:51:14 - [MESSAGE][PASSED] - All options with label '10' are selected in object 'Object Repository/IWP30/Page_CCPaymentEntry/Month' 

2020-07-14 13:51:15 - [MESSAGE][PASSED] - Object 'Object Repository/IWP30/Page_CCPaymentEntry/Year' is present

2020-07-14 13:51:15 - [MESSAGE][PASSED] - All options with label '2025' are selected in object 'Object Repository/IWP30/Page_CCPaymentEntry/Year' 

2020-07-14 13:51:16 - [MESSAGE][PASSED] - Object 'Object Repository/IWP30/Page_CCPaymentEntry/ProcessDate' is present

2020-07-14 13:51:16 - [MESSAGE][PASSED] - Object 'Object Repository/IWP30/Page_CCPaymentEntry/AL1' is present

2020-07-14 13:51:17 - [MESSAGE][PASSED] - Text 'Mera AL1' is set on object 'Object Repository/IWP30/Page_CCPaymentEntry/AL1'

2020-07-14 13:51:17 - [MESSAGE][PASSED] - Object 'Object Repository/IWP30/Page_CCPaymentEntry/AL2' is present

2020-07-14 13:51:18 - [MESSAGE][PASSED] - Text 'Mera AL2' is set on object 'Object Repository/IWP30/Page_CCPaymentEntry/AL2'

2020-07-14 13:51:18 - [MESSAGE][PASSED] - Object 'Object Repository/IWP30/Page_CCPaymentEntry/ZIP' is present

2020-07-14 13:51:19 - [MESSAGE][PASSED] - Text '21054' is set on object 'Object Repository/IWP30/Page_CCPaymentEntry/ZIP'

2020-07-14 13:51:19 - [MESSAGE][PASSED] - Object 'Object Repository/IWP30/Page_CCPaymentEntry/EmailAddress' is present

2020-07-14 13:51:20 - [MESSAGE][PASSED] - Text 'merae@gmail.com' is set on object 'Object Repository/IWP30/Page_CCPaymentEntry/EmailAddress'

2020-07-14 13:51:21 - [MESSAGE][PASSED] - Object 'Object Repository/IWP30/Page_CCPaymentEntry/TermCondCheckBox' is present

2020-07-14 13:51:21 - [MESSAGE][PASSED] - Object 'Object Repository/IWP30/Page_CCPaymentEntry/TermCondCheckBox' is checked

2020-07-14 13:51:21 - [MESSAGE][PASSED] - Object 'Object Repository/IWP30/Page_CCPaymentEntry/ContinueButton' is present

2020-07-14 13:51:22 - [MESSAGE][PASSED] - Object: 'Object Repository/IWP30/Page_CCPaymentEntry/ContinueButton' is clicked on

2020-07-14 13:51:22 - [MESSAGE][PASSED] - iwpPages.ccPaymentEntryPage.setDataCCPM is PASSED

2020-07-14 13:51:22 - [TEST_STEP][PASSED] - if (verifyTextPresent("Please verify the following information", false)): null

2020-07-14 13:51:23 - [MESSAGE][PASSED] - Text 'Please verify the following information' is present on page 

2020-07-14 13:51:23 - [TEST_STEP][PASSED] - println("Please verify the following information text is present on the Confirmation page"): null

2020-07-14 13:51:23 - [TEST_STEP][PASSED] - if (verifyTextPresent("Is this information correct?", false)): null

2020-07-14 13:51:23 - [MESSAGE][PASSED] - Text 'Is this information correct?' is present on page 

2020-07-14 13:51:23 - [TEST_STEP][PASSED] - println("Is this information correct text is present on the Confirmation page"): null

2020-07-14 13:51:23 - [TEST_STEP][PASSED] - if (verifyElementPresent(findTestObject("Object Repository/IWP30/Page_Confirmation/ConfirmButton"), 30)): null

2020-07-14 13:51:24 - [MESSAGE][PASSED] - Object 'Object Repository/IWP30/Page_Confirmation/ConfirmButton' is present

2020-07-14 13:51:24 - [TEST_STEP][PASSED] - click(findTestObject("Object Repository/IWP30/Page_Confirmation/ConfirmButton")): Object: 'Object Repository/IWP30/Page_Confirmation/ConfirmButton' is clicked on

2020-07-14 13:51:25 - [MESSAGE][PASSED] - Object: 'Object Repository/IWP30/Page_Confirmation/ConfirmButton' is clicked on

2020-07-14 13:51:25 - [TEST_STEP][PASSED] - Thread.sleep(10000): null

2020-07-14 13:51:35 - [TEST_STEP][PASSED] - if (verifyTextPresent("Successful Payment Receipt", false)): null

2020-07-14 13:51:35 - [MESSAGE][PASSED] - Text 'Successful Payment Receipt' is present on page 

2020-07-14 13:51:35 - [TEST_STEP][PASSED] - println("Successful Payment Receipt text is present on the Receipt page"): null

2020-07-14 13:51:35 - [TEST_STEP][PASSED] - if (verifyTextPresent("Please print this receipt for your records", false)): null

2020-07-14 13:51:35 - [MESSAGE][PASSED] - Text 'Please print this receipt for your records' is present on page 

2020-07-14 13:51:35 - [TEST_STEP][PASSED] - println("Please print this receipt for your records text is present on the Receipt page"): null

2020-07-14 13:51:35 - [TEST_STEP][PASSED] - if (verifyElementPresent(findTestObject("Object Repository/IWP30/Page_Receipt/ExitButton"), 30)): null

2020-07-14 13:51:36 - [MESSAGE][PASSED] - Object 'Object Repository/IWP30/Page_Receipt/ExitButton' is present

2020-07-14 13:51:36 - [TEST_STEP][PASSED] - println("Exit Button is present on the Receipt page"): null

2020-07-14 13:51:36 - [TEST_STEP][PASSED] - closeBrowser(): Browser is closed

2020-07-14 13:51:36 - [MESSAGE][PASSED] - Browser is closed]]></system-out>
         <system-err><![CDATA[]]></system-err>
      </testcase>
      <testcase name="Test Cases/IntegratedWeb/IWP30/AmountLessThanMinCC" time="59.338" classname="Test Cases/IntegratedWeb/IWP30/AmountLessThanMinCC" status="PASSED">
         <system-out><![CDATA[2020-07-14 13:51:36 - [TEST_CASE][PASSED] - Test Cases/IntegratedWeb/IWP30/AmountLessThanMinCC: Test Cases/IntegratedWeb/IWP30/AmountLessThanMinCC

2020-07-14 13:51:37 - [TEST_STEP][PASSED] - openBrowser(urlEmulator): Browser is opened with url: 'https://qa.velocitypayment.com/agency/config.do?action=editor'

2020-07-14 13:51:37 - [MESSAGE][INFO] - Starting 'Chrome' driver

2020-07-14 13:51:37 - [MESSAGE][INFO] - User set preference: ['acceptInsecureCerts', 'true']

2020-07-14 13:51:37 - [MESSAGE][INFO] - Action delay is set to 0 milliseconds

2020-07-14 13:51:40 - [MESSAGE][PASSED] - Browser is opened with url: 'https://qa.velocitypayment.com/agency/config.do?action=editor'

2020-07-14 13:51:40 - [TEST_STEP][PASSED] - maximizeWindow(): Current window maximized

2020-07-14 13:51:41 - [MESSAGE][PASSED] - Current window maximized

2020-07-14 13:51:41 - [TEST_STEP][PASSED] - selectOptionByValue(findTestObject("IWP30/Page_VRelay30Emulator/MV"), "3.0", true): All options with value '3.0' are selected in object 'Object Repository/IWP30/Page_VRelay30Emulator/MV'  using regular expression

2020-07-14 13:51:42 - [MESSAGE][PASSED] - All options with value '3.0' are selected in object 'Object Repository/IWP30/Page_VRelay30Emulator/MV'  using regular expression

2020-07-14 13:51:42 - [TEST_STEP][PASSED] - setText(findTestObject("IWP30/Page_VRelay30Emulator/Amount"), "10.50"): Text '10.50' is set on object 'Object Repository/IWP30/Page_VRelay30Emulator/Amount'

2020-07-14 13:51:43 - [MESSAGE][PASSED] - Text '10.50' is set on object 'Object Repository/IWP30/Page_VRelay30Emulator/Amount'

2020-07-14 13:51:43 - [TEST_STEP][PASSED] - setText(findTestObject("IWP30/Page_VRelay30Emulator/CAN"), "5465460"): Text '5465460' is set on object 'Object Repository/IWP30/Page_VRelay30Emulator/CAN'

2020-07-14 13:51:43 - [MESSAGE][PASSED] - Text '5465460' is set on object 'Object Repository/IWP30/Page_VRelay30Emulator/CAN'

2020-07-14 13:51:43 - [TEST_STEP][PASSED] - setText(findTestObject("IWP30/Page_VRelay30Emulator/Action"), "PayNow"): Text 'PayNow' is set on object 'Object Repository/IWP30/Page_VRelay30Emulator/Action'

2020-07-14 13:51:44 - [MESSAGE][PASSED] - Text 'PayNow' is set on object 'Object Repository/IWP30/Page_VRelay30Emulator/Action'

2020-07-14 13:51:44 - [TEST_STEP][PASSED] - setText(findTestObject("IWP30/Page_VRelay30Emulator/Lang"), "en_US"): Text 'en_US' is set on object 'Object Repository/IWP30/Page_VRelay30Emulator/Lang'

2020-07-14 13:51:45 - [MESSAGE][PASSED] - Text 'en_US' is set on object 'Object Repository/IWP30/Page_VRelay30Emulator/Lang'

2020-07-14 13:51:45 - [TEST_STEP][PASSED] - setText(findTestObject("IWP30/Page_VRelay30Emulator/Fname"), "Jonathan"): Text 'Jonathan' is set on object 'Object Repository/IWP30/Page_VRelay30Emulator/Fname'

2020-07-14 13:51:45 - [MESSAGE][PASSED] - Text 'Jonathan' is set on object 'Object Repository/IWP30/Page_VRelay30Emulator/Fname'

2020-07-14 13:51:45 - [TEST_STEP][PASSED] - setText(findTestObject("IWP30/Page_VRelay30Emulator/Lname"), "Lewis"): Text 'Lewis' is set on object 'Object Repository/IWP30/Page_VRelay30Emulator/Lname'

2020-07-14 13:51:46 - [MESSAGE][PASSED] - Text 'Lewis' is set on object 'Object Repository/IWP30/Page_VRelay30Emulator/Lname'

2020-07-14 13:51:46 - [TEST_STEP][PASSED] - setText(findTestObject("IWP30/Page_VRelay30Emulator/AL1"), "18 Manhattan road"): Text '18 Manhattan road' is set on object 'Object Repository/IWP30/Page_VRelay30Emulator/AL1'

2020-07-14 13:51:46 - [MESSAGE][PASSED] - Text '18 Manhattan road' is set on object 'Object Repository/IWP30/Page_VRelay30Emulator/AL1'

2020-07-14 13:51:46 - [TEST_STEP][PASSED] - setText(findTestObject("IWP30/Page_VRelay30Emulator/AL2"), "Room 1"): Text 'Room 1' is set on object 'Object Repository/IWP30/Page_VRelay30Emulator/AL2'

2020-07-14 13:51:47 - [MESSAGE][PASSED] - Text 'Room 1' is set on object 'Object Repository/IWP30/Page_VRelay30Emulator/AL2'

2020-07-14 13:51:47 - [TEST_STEP][PASSED] - setText(findTestObject("IWP30/Page_VRelay30Emulator/Country"), "840"): Text '840' is set on object 'Object Repository/IWP30/Page_VRelay30Emulator/Country'

2020-07-14 13:51:48 - [MESSAGE][PASSED] - Text '840' is set on object 'Object Repository/IWP30/Page_VRelay30Emulator/Country'

2020-07-14 13:51:48 - [TEST_STEP][PASSED] - setText(findTestObject("IWP30/Page_VRelay30Emulator/City"), "Arlingtom"): Text 'Arlingtom' is set on object 'Object Repository/IWP30/Page_VRelay30Emulator/City'

2020-07-14 13:51:48 - [MESSAGE][PASSED] - Text 'Arlingtom' is set on object 'Object Repository/IWP30/Page_VRelay30Emulator/City'

2020-07-14 13:51:48 - [TEST_STEP][PASSED] - setText(findTestObject("IWP30/Page_VRelay30Emulator/State"), "VA"): Text 'VA' is set on object 'Object Repository/IWP30/Page_VRelay30Emulator/State'

2020-07-14 13:51:49 - [MESSAGE][PASSED] - Text 'VA' is set on object 'Object Repository/IWP30/Page_VRelay30Emulator/State'

2020-07-14 13:51:49 - [TEST_STEP][PASSED] - setText(findTestObject("IWP30/Page_VRelay30Emulator/ZIP"), "22201"): Text '22201' is set on object 'Object Repository/IWP30/Page_VRelay30Emulator/ZIP'

2020-07-14 13:51:49 - [MESSAGE][PASSED] - Text '22201' is set on object 'Object Repository/IWP30/Page_VRelay30Emulator/ZIP'

2020-07-14 13:51:49 - [TEST_STEP][PASSED] - setText(findTestObject("IWP30/Page_VRelay30Emulator/Order"), ""): Text '' is set on object 'Object Repository/IWP30/Page_VRelay30Emulator/Order'

2020-07-14 13:51:50 - [MESSAGE][PASSED] - Text '' is set on object 'Object Repository/IWP30/Page_VRelay30Emulator/Order'

2020-07-14 13:51:50 - [TEST_STEP][PASSED] - setText(findTestObject("IWP30/Page_VRelay30Emulator/Company"), ""): Text '' is set on object 'Object Repository/IWP30/Page_VRelay30Emulator/Company'

2020-07-14 13:51:51 - [MESSAGE][PASSED] - Text '' is set on object 'Object Repository/IWP30/Page_VRelay30Emulator/Company'

2020-07-14 13:51:51 - [TEST_STEP][PASSED] - setText(findTestObject("IWP30/Page_VRelay30Emulator/Email"), ""): Text '' is set on object 'Object Repository/IWP30/Page_VRelay30Emulator/Email'

2020-07-14 13:51:51 - [MESSAGE][PASSED] - Text '' is set on object 'Object Repository/IWP30/Page_VRelay30Emulator/Email'

2020-07-14 13:51:51 - [TEST_STEP][PASSED] - setText(findTestObject("IWP30/Page_VRelay30Emulator/UDF1"), ""): Text '' is set on object 'Object Repository/IWP30/Page_VRelay30Emulator/UDF1'

2020-07-14 13:51:52 - [MESSAGE][PASSED] - Text '' is set on object 'Object Repository/IWP30/Page_VRelay30Emulator/UDF1'

2020-07-14 13:51:52 - [TEST_STEP][PASSED] - setText(findTestObject("IWP30/Page_VRelay30Emulator/UDF2"), ""): Text '' is set on object 'Object Repository/IWP30/Page_VRelay30Emulator/UDF2'

2020-07-14 13:51:53 - [MESSAGE][PASSED] - Text '' is set on object 'Object Repository/IWP30/Page_VRelay30Emulator/UDF2'

2020-07-14 13:51:53 - [TEST_STEP][PASSED] - setText(findTestObject("IWP30/Page_VRelay30Emulator/UDF3"), ""): Text '' is set on object 'Object Repository/IWP30/Page_VRelay30Emulator/UDF3'

2020-07-14 13:51:53 - [MESSAGE][PASSED] - Text '' is set on object 'Object Repository/IWP30/Page_VRelay30Emulator/UDF3'

2020-07-14 13:51:53 - [TEST_STEP][PASSED] - setText(findTestObject("IWP30/Page_VRelay30Emulator/UDF4"), "data 4"): Text 'data 4' is set on object 'Object Repository/IWP30/Page_VRelay30Emulator/UDF4'

2020-07-14 13:51:54 - [MESSAGE][PASSED] - Text 'data 4' is set on object 'Object Repository/IWP30/Page_VRelay30Emulator/UDF4'

2020-07-14 13:51:54 - [TEST_STEP][PASSED] - setText(findTestObject("IWP30/Page_VRelay30Emulator/UDF5"), "data 5"): Text 'data 5' is set on object 'Object Repository/IWP30/Page_VRelay30Emulator/UDF5'

2020-07-14 13:51:55 - [MESSAGE][PASSED] - Text 'data 5' is set on object 'Object Repository/IWP30/Page_VRelay30Emulator/UDF5'

2020-07-14 13:51:55 - [TEST_STEP][PASSED] - setText(findTestObject("IWP30/Page_VRelay30Emulator/UDF6"), ""): Text '' is set on object 'Object Repository/IWP30/Page_VRelay30Emulator/UDF6'

2020-07-14 13:51:55 - [MESSAGE][PASSED] - Text '' is set on object 'Object Repository/IWP30/Page_VRelay30Emulator/UDF6'

2020-07-14 13:51:55 - [TEST_STEP][PASSED] - setText(findTestObject("IWP30/Page_VRelay30Emulator/UDF7"), ""): Text '' is set on object 'Object Repository/IWP30/Page_VRelay30Emulator/UDF7'

2020-07-14 13:51:56 - [MESSAGE][PASSED] - Text '' is set on object 'Object Repository/IWP30/Page_VRelay30Emulator/UDF7'

2020-07-14 13:51:56 - [TEST_STEP][PASSED] - setText(findTestObject("IWP30/Page_VRelay30Emulator/UDF8"), ""): Text '' is set on object 'Object Repository/IWP30/Page_VRelay30Emulator/UDF8'

2020-07-14 13:51:57 - [MESSAGE][PASSED] - Text '' is set on object 'Object Repository/IWP30/Page_VRelay30Emulator/UDF8'

2020-07-14 13:51:57 - [TEST_STEP][PASSED] - setText(findTestObject("IWP30/Page_VRelay30Emulator/UDF9"), "data 9"): Text 'data 9' is set on object 'Object Repository/IWP30/Page_VRelay30Emulator/UDF9'

2020-07-14 13:51:57 - [MESSAGE][PASSED] - Text 'data 9' is set on object 'Object Repository/IWP30/Page_VRelay30Emulator/UDF9'

2020-07-14 13:51:57 - [TEST_STEP][PASSED] - setText(findTestObject("IWP30/Page_VRelay30Emulator/UDF10"), "data 10"): Text 'data 10' is set on object 'Object Repository/IWP30/Page_VRelay30Emulator/UDF10'

2020-07-14 13:51:58 - [MESSAGE][PASSED] - Text 'data 10' is set on object 'Object Repository/IWP30/Page_VRelay30Emulator/UDF10'

2020-07-14 13:51:58 - [TEST_STEP][PASSED] - Thread.sleep(2000): null

2020-07-14 13:52:00 - [TEST_STEP][PASSED] - click(findTestObject("IWP30/Page_VRelay30Emulator/Submit")): Object: 'Object Repository/IWP30/Page_VRelay30Emulator/Submit' is clicked on

2020-07-14 13:52:01 - [MESSAGE][PASSED] - Object: 'Object Repository/IWP30/Page_VRelay30Emulator/Submit' is clicked on

2020-07-14 13:52:01 - [TEST_STEP][PASSED] - Thread.sleep(5000): null

2020-07-14 13:52:06 - [TEST_STEP][PASSED] - closeBrowser(): Browser is closed

2020-07-14 13:52:06 - [MESSAGE][PASSED] - Browser is closed

2020-07-14 13:52:06 - [TEST_STEP][PASSED] - openBrowser(urlTestHarness): Browser is opened with url: 'https://dev-algorithm.govolution.com/vrelaytest/QA/version_2_2/vrelaytest.html'

2020-07-14 13:52:06 - [MESSAGE][INFO] - Starting 'Chrome' driver

2020-07-14 13:52:06 - [MESSAGE][INFO] - User set preference: ['acceptInsecureCerts', 'true']

2020-07-14 13:52:06 - [MESSAGE][INFO] - Action delay is set to 0 milliseconds

2020-07-14 13:52:11 - [MESSAGE][PASSED] - Browser is opened with url: 'https://dev-algorithm.govolution.com/vrelaytest/QA/version_2_2/vrelaytest.html'

2020-07-14 13:52:11 - [TEST_STEP][PASSED] - maximizeWindow(): Current window maximized

2020-07-14 13:52:11 - [MESSAGE][PASSED] - Current window maximized

2020-07-14 13:52:11 - [TEST_STEP][PASSED] - genRemIDVoid = RandomStringUtils.random(12, true, true): null

2020-07-14 13:52:11 - [TEST_STEP][PASSED] - if (verifyElementPresent(findTestObject("Object Repository/IWP30/Page_QATestHarness/RemittanceID"), 30)): null

2020-07-14 13:52:11 - [MESSAGE][PASSED] - Object 'Object Repository/IWP30/Page_QATestHarness/RemittanceID' is present

2020-07-14 13:52:11 - [TEST_STEP][PASSED] - println("We are on Test Harness page, start populating"): null

2020-07-14 13:52:11 - [TEST_STEP][PASSED] - setText(findTestObject("Object Repository/IWP30/Page_QATestHarness/ApplicationID"), "649"): Text '649' is set on object 'Object Repository/IWP30/Page_QATestHarness/ApplicationID'

2020-07-14 13:52:12 - [MESSAGE][PASSED] - Text '649' is set on object 'Object Repository/IWP30/Page_QATestHarness/ApplicationID'

2020-07-14 13:52:12 - [TEST_STEP][PASSED] - setText(findTestObject("Object Repository/IWP30/Page_QATestHarness/MessageVersion"), "3.0"): Text '3.0' is set on object 'Object Repository/IWP30/Page_QATestHarness/MessageVersion'

2020-07-14 13:52:12 - [MESSAGE][PASSED] - Text '3.0' is set on object 'Object Repository/IWP30/Page_QATestHarness/MessageVersion'

2020-07-14 13:52:12 - [TEST_STEP][PASSED] - setText(findTestObject("Object Repository/IWP30/Page_QATestHarness/RemittanceID"), genRemIDVoid): Text 'yhbZVUMM8f1f' is set on object 'Object Repository/IWP30/Page_QATestHarness/RemittanceID'

2020-07-14 13:52:13 - [MESSAGE][PASSED] - Text 'yhbZVUMM8f1f' is set on object 'Object Repository/IWP30/Page_QATestHarness/RemittanceID'

2020-07-14 13:52:13 - [TEST_STEP][PASSED] - click(findTestObject("Object Repository/IWP30/Page_QATestHarness/SubmitButton")): Object: 'Object Repository/IWP30/Page_QATestHarness/SubmitButton' is clicked on

2020-07-14 13:52:14 - [MESSAGE][PASSED] - Object: 'Object Repository/IWP30/Page_QATestHarness/SubmitButton' is clicked on

2020-07-14 13:52:14 - [TEST_STEP][PASSED] - if (verifyElementPresent(findTestObject("Object Repository/IWP30/Page_SelectPaymentMethod/PayByCreditCard"), 30)): null

2020-07-14 13:52:15 - [MESSAGE][PASSED] - Object 'Object Repository/IWP30/Page_SelectPaymentMethod/PayByCreditCard' is present

2020-07-14 13:52:15 - [TEST_STEP][PASSED] - println("We are on Select Payment Method page, start populating"): null

2020-07-14 13:52:15 - [TEST_STEP][PASSED] - check(findTestObject("Object Repository/IWP30/Page_SelectPaymentMethod/PayByCreditCard")): Object 'Object Repository/IWP30/Page_SelectPaymentMethod/PayByCreditCard' is checked

2020-07-14 13:52:15 - [MESSAGE][PASSED] - Object 'Object Repository/IWP30/Page_SelectPaymentMethod/PayByCreditCard' is checked

2020-07-14 13:52:15 - [TEST_STEP][PASSED] - Thread.sleep(1000): null

2020-07-14 13:52:16 - [TEST_STEP][PASSED] - click(findTestObject("Object Repository/IWP30/Page_SelectPaymentMethod/MakePaymentButton")): Object: 'Object Repository/IWP30/Page_SelectPaymentMethod/MakePaymentButton' is clicked on

2020-07-14 13:52:17 - [MESSAGE][PASSED] - Object: 'Object Repository/IWP30/Page_SelectPaymentMethod/MakePaymentButton' is clicked on

2020-07-14 13:52:17 - [TEST_STEP][PASSED] - if (verifyElementPresent(findTestObject("Object Repository/IWP30/Page_CCPaymentEntry/Name"), 30)): null

2020-07-14 13:52:18 - [MESSAGE][PASSED] - Object 'Object Repository/IWP30/Page_CCPaymentEntry/Name' is present

2020-07-14 13:52:18 - [TEST_STEP][PASSED] - println("We are on Credit Card Payment Entry page, start populating"): null

2020-07-14 13:52:18 - [TEST_STEP][PASSED] - if (verifyElementPresent(findTestObject("Object Repository/IWP30/Page_CCPaymentEntry/Amount"), 30)): null

2020-07-14 13:52:18 - [MESSAGE][PASSED] - Object 'Object Repository/IWP30/Page_CCPaymentEntry/Amount' is present

2020-07-14 13:52:18 - [TEST_STEP][PASSED] - setText(findTestObject("Object Repository/IWP30/Page_CCPaymentEntry/Amount"), "1.50"): Text '1.50' is set on object 'Object Repository/IWP30/Page_CCPaymentEntry/Amount'

2020-07-14 13:52:19 - [MESSAGE][PASSED] - Text '1.50' is set on object 'Object Repository/IWP30/Page_CCPaymentEntry/Amount'

2020-07-14 13:52:19 - [TEST_STEP][PASSED] - if (verifyElementPresent(findTestObject("Object Repository/IWP30/Page_CCPaymentEntry/UserDefined2"), 30)): null

2020-07-14 13:52:19 - [MESSAGE][PASSED] - Object 'Object Repository/IWP30/Page_CCPaymentEntry/UserDefined2' is present

2020-07-14 13:52:19 - [TEST_STEP][PASSED] - setText(findTestObject("Object Repository/IWP30/Page_CCPaymentEntry/UserDefined2"), ""): Text '' is set on object 'Object Repository/IWP30/Page_CCPaymentEntry/UserDefined2'

2020-07-14 13:52:20 - [MESSAGE][PASSED] - Text '' is set on object 'Object Repository/IWP30/Page_CCPaymentEntry/UserDefined2'

2020-07-14 13:52:20 - [TEST_STEP][PASSED] - if (verifyElementPresent(findTestObject("Object Repository/IWP30/Page_CCPaymentEntry/UserDefined3"), 30)): null

2020-07-14 13:52:20 - [MESSAGE][PASSED] - Object 'Object Repository/IWP30/Page_CCPaymentEntry/UserDefined3' is present

2020-07-14 13:52:20 - [TEST_STEP][PASSED] - setText(findTestObject("Object Repository/IWP30/Page_CCPaymentEntry/UserDefined3"), "data 3"): Text 'data 3' is set on object 'Object Repository/IWP30/Page_CCPaymentEntry/UserDefined3'

2020-07-14 13:52:21 - [MESSAGE][PASSED] - Text 'data 3' is set on object 'Object Repository/IWP30/Page_CCPaymentEntry/UserDefined3'

2020-07-14 13:52:21 - [TEST_STEP][PASSED] - if (verifyElementPresent(findTestObject("Object Repository/IWP30/Page_CCPaymentEntry/UserDefined7"), 30)): null

2020-07-14 13:52:21 - [MESSAGE][PASSED] - Object 'Object Repository/IWP30/Page_CCPaymentEntry/UserDefined7' is present

2020-07-14 13:52:21 - [TEST_STEP][PASSED] - selectOptionByLabel(findTestObject("Object Repository/IWP30/Page_CCPaymentEntry/UserDefined7"), "Orange", false): All options with label 'Orange' are selected in object 'Object Repository/IWP30/Page_CCPaymentEntry/UserDefined7' 

2020-07-14 13:52:22 - [MESSAGE][PASSED] - All options with label 'Orange' are selected in object 'Object Repository/IWP30/Page_CCPaymentEntry/UserDefined7' 

2020-07-14 13:52:22 - [TEST_STEP][PASSED] - if (verifyElementPresent(findTestObject("Object Repository/IWP30/Page_CCPaymentEntry/UserDefined8"), 30)): null

2020-07-14 13:52:22 - [MESSAGE][PASSED] - Object 'Object Repository/IWP30/Page_CCPaymentEntry/UserDefined8' is present

2020-07-14 13:52:22 - [TEST_STEP][PASSED] - selectOptionByLabel(findTestObject("Object Repository/IWP30/Page_CCPaymentEntry/UserDefined8"), "Tennis", false): All options with label 'Tennis' are selected in object 'Object Repository/IWP30/Page_CCPaymentEntry/UserDefined8' 

2020-07-14 13:52:23 - [MESSAGE][PASSED] - All options with label 'Tennis' are selected in object 'Object Repository/IWP30/Page_CCPaymentEntry/UserDefined8' 

2020-07-14 13:52:23 - [TEST_STEP][PASSED] - if (verifyElementPresent(findTestObject("Object Repository/IWP30/Page_CCPaymentEntry/Name"), 30)): null

2020-07-14 13:52:23 - [MESSAGE][PASSED] - Object 'Object Repository/IWP30/Page_CCPaymentEntry/Name' is present

2020-07-14 13:52:23 - [TEST_STEP][PASSED] - setText(findTestObject("Object Repository/IWP30/Page_CCPaymentEntry/Name"), "Jonathan Lewis"): Text 'Jonathan Lewis' is set on object 'Object Repository/IWP30/Page_CCPaymentEntry/Name'

2020-07-14 13:52:24 - [MESSAGE][PASSED] - Text 'Jonathan Lewis' is set on object 'Object Repository/IWP30/Page_CCPaymentEntry/Name'

2020-07-14 13:52:24 - [TEST_STEP][PASSED] - if (verifyElementPresent(findTestObject("Object Repository/IWP30/Page_CCPaymentEntry/CardNumber"), 30)): null

2020-07-14 13:52:24 - [MESSAGE][PASSED] - Object 'Object Repository/IWP30/Page_CCPaymentEntry/CardNumber' is present

2020-07-14 13:52:24 - [TEST_STEP][PASSED] - setText(findTestObject("Object Repository/IWP30/Page_CCPaymentEntry/CardNumber"), "4111111111111111"): Text '4111111111111111' is set on object 'Object Repository/IWP30/Page_CCPaymentEntry/CardNumber'

2020-07-14 13:52:25 - [MESSAGE][PASSED] - Text '4111111111111111' is set on object 'Object Repository/IWP30/Page_CCPaymentEntry/CardNumber'

2020-07-14 13:52:25 - [TEST_STEP][PASSED] - if (verifyElementPresent(findTestObject("Object Repository/IWP30/Page_CCPaymentEntry/SPC"), 30)): null

2020-07-14 13:52:25 - [MESSAGE][PASSED] - Object 'Object Repository/IWP30/Page_CCPaymentEntry/SPC' is present

2020-07-14 13:52:25 - [TEST_STEP][PASSED] - setText(findTestObject("Object Repository/IWP30/Page_CCPaymentEntry/SPC"), "147"): Text '147' is set on object 'Object Repository/IWP30/Page_CCPaymentEntry/SPC'

2020-07-14 13:52:26 - [MESSAGE][PASSED] - Text '147' is set on object 'Object Repository/IWP30/Page_CCPaymentEntry/SPC'

2020-07-14 13:52:26 - [TEST_STEP][PASSED] - if (verifyElementPresent(findTestObject("Object Repository/IWP30/Page_CCPaymentEntry/Month"), 30)): null

2020-07-14 13:52:26 - [MESSAGE][PASSED] - Object 'Object Repository/IWP30/Page_CCPaymentEntry/Month' is present

2020-07-14 13:52:26 - [TEST_STEP][PASSED] - selectOptionByLabel(findTestObject("Object Repository/IWP30/Page_CCPaymentEntry/Month"), "07", false): All options with label '07' are selected in object 'Object Repository/IWP30/Page_CCPaymentEntry/Month' 

2020-07-14 13:52:27 - [MESSAGE][PASSED] - All options with label '07' are selected in object 'Object Repository/IWP30/Page_CCPaymentEntry/Month' 

2020-07-14 13:52:27 - [TEST_STEP][PASSED] - if (verifyElementPresent(findTestObject("Object Repository/IWP30/Page_CCPaymentEntry/Year"), 30)): null

2020-07-14 13:52:27 - [MESSAGE][PASSED] - Object 'Object Repository/IWP30/Page_CCPaymentEntry/Year' is present

2020-07-14 13:52:27 - [TEST_STEP][PASSED] - selectOptionByLabel(findTestObject("Object Repository/IWP30/Page_CCPaymentEntry/Year"), "2025", false): All options with label '2025' are selected in object 'Object Repository/IWP30/Page_CCPaymentEntry/Year' 

2020-07-14 13:52:28 - [MESSAGE][PASSED] - All options with label '2025' are selected in object 'Object Repository/IWP30/Page_CCPaymentEntry/Year' 

2020-07-14 13:52:28 - [TEST_STEP][PASSED] - if (verifyElementPresent(findTestObject("Object Repository/IWP30/Page_CCPaymentEntry/AL1"), 30)): null

2020-07-14 13:52:28 - [MESSAGE][PASSED] - Object 'Object Repository/IWP30/Page_CCPaymentEntry/AL1' is present

2020-07-14 13:52:28 - [TEST_STEP][PASSED] - setText(findTestObject("Object Repository/IWP30/Page_CCPaymentEntry/AL1"), "18 Manhattan road"): Text '18 Manhattan road' is set on object 'Object Repository/IWP30/Page_CCPaymentEntry/AL1'

2020-07-14 13:52:29 - [MESSAGE][PASSED] - Text '18 Manhattan road' is set on object 'Object Repository/IWP30/Page_CCPaymentEntry/AL1'

2020-07-14 13:52:29 - [TEST_STEP][PASSED] - if (verifyElementPresent(findTestObject("Object Repository/IWP30/Page_CCPaymentEntry/AL2"), 30)): null

2020-07-14 13:52:29 - [MESSAGE][PASSED] - Object 'Object Repository/IWP30/Page_CCPaymentEntry/AL2' is present

2020-07-14 13:52:29 - [TEST_STEP][PASSED] - setText(findTestObject("Object Repository/IWP30/Page_CCPaymentEntry/AL2"), "Room 1"): Text 'Room 1' is set on object 'Object Repository/IWP30/Page_CCPaymentEntry/AL2'

2020-07-14 13:52:30 - [MESSAGE][PASSED] - Text 'Room 1' is set on object 'Object Repository/IWP30/Page_CCPaymentEntry/AL2'

2020-07-14 13:52:30 - [TEST_STEP][PASSED] - if (verifyElementPresent(findTestObject("Object Repository/IWP30/Page_CCPaymentEntry/ZIP"), 30)): null

2020-07-14 13:52:30 - [MESSAGE][PASSED] - Object 'Object Repository/IWP30/Page_CCPaymentEntry/ZIP' is present

2020-07-14 13:52:30 - [TEST_STEP][PASSED] - setText(findTestObject("Object Repository/IWP30/Page_CCPaymentEntry/ZIP"), "22201"): Text '22201' is set on object 'Object Repository/IWP30/Page_CCPaymentEntry/ZIP'

2020-07-14 13:52:31 - [MESSAGE][PASSED] - Text '22201' is set on object 'Object Repository/IWP30/Page_CCPaymentEntry/ZIP'

2020-07-14 13:52:31 - [TEST_STEP][PASSED] - if (verifyElementPresent(findTestObject("Object Repository/IWP30/Page_CCPaymentEntry/EmailAddress"), 30)): null

2020-07-14 13:52:31 - [MESSAGE][PASSED] - Object 'Object Repository/IWP30/Page_CCPaymentEntry/EmailAddress' is present

2020-07-14 13:52:31 - [TEST_STEP][PASSED] - setText(findTestObject("Object Repository/IWP30/Page_CCPaymentEntry/EmailAddress"), "Myemail@email.com"): Text 'Myemail@email.com' is set on object 'Object Repository/IWP30/Page_CCPaymentEntry/EmailAddress'

2020-07-14 13:52:32 - [MESSAGE][PASSED] - Text 'Myemail@email.com' is set on object 'Object Repository/IWP30/Page_CCPaymentEntry/EmailAddress'

2020-07-14 13:52:32 - [TEST_STEP][PASSED] - if (verifyElementPresent(findTestObject("Object Repository/IWP30/Page_CCPaymentEntry/TermCondCheckBox"), 30)): null

2020-07-14 13:52:33 - [MESSAGE][PASSED] - Object 'Object Repository/IWP30/Page_CCPaymentEntry/TermCondCheckBox' is present

2020-07-14 13:52:33 - [TEST_STEP][PASSED] - check(findTestObject("Object Repository/IWP30/Page_CCPaymentEntry/TermCondCheckBox")): Object 'Object Repository/IWP30/Page_CCPaymentEntry/TermCondCheckBox' is checked

2020-07-14 13:52:33 - [MESSAGE][PASSED] - Object 'Object Repository/IWP30/Page_CCPaymentEntry/TermCondCheckBox' is checked

2020-07-14 13:52:33 - [TEST_STEP][PASSED] - if (verifyElementPresent(findTestObject("Object Repository/IWP30/Page_CCPaymentEntry/ContinueButton"), 30)): null

2020-07-14 13:52:33 - [MESSAGE][PASSED] - Object 'Object Repository/IWP30/Page_CCPaymentEntry/ContinueButton' is present

2020-07-14 13:52:33 - [TEST_STEP][PASSED] - click(findTestObject("Object Repository/IWP30/Page_CCPaymentEntry/ContinueButton")): Object: 'Object Repository/IWP30/Page_CCPaymentEntry/ContinueButton' is clicked on

2020-07-14 13:52:34 - [MESSAGE][PASSED] - Object: 'Object Repository/IWP30/Page_CCPaymentEntry/ContinueButton' is clicked on

2020-07-14 13:52:34 - [TEST_STEP][PASSED] - verifyTextPresent("Amount is less than minimum", false): Text 'Amount is less than minimum' is present on page 

2020-07-14 13:52:35 - [MESSAGE][PASSED] - Text 'Amount is less than minimum' is present on page 

2020-07-14 13:52:35 - [TEST_STEP][PASSED] - closeBrowser(): Browser is closed

2020-07-14 13:52:36 - [MESSAGE][PASSED] - Browser is closed]]></system-out>
         <system-err><![CDATA[]]></system-err>
      </testcase>
      <testcase name="Test Cases/IntegratedWeb/IWP30/AmountMoreThanMaxCC" time="60.32" classname="Test Cases/IntegratedWeb/IWP30/AmountMoreThanMaxCC" status="PASSED">
         <system-out><![CDATA[2020-07-14 13:52:36 - [TEST_CASE][PASSED] - Test Cases/IntegratedWeb/IWP30/AmountMoreThanMaxCC: Test Cases/IntegratedWeb/IWP30/AmountMoreThanMaxCC

2020-07-14 13:52:36 - [TEST_STEP][PASSED] - openBrowser(urlEmulator): Browser is opened with url: 'https://qa.velocitypayment.com/agency/config.do?action=editor'

2020-07-14 13:52:36 - [MESSAGE][INFO] - Starting 'Chrome' driver

2020-07-14 13:52:36 - [MESSAGE][INFO] - User set preference: ['acceptInsecureCerts', 'true']

2020-07-14 13:52:36 - [MESSAGE][INFO] - Action delay is set to 0 milliseconds

2020-07-14 13:52:41 - [MESSAGE][PASSED] - Browser is opened with url: 'https://qa.velocitypayment.com/agency/config.do?action=editor'

2020-07-14 13:52:41 - [TEST_STEP][PASSED] - maximizeWindow(): Current window maximized

2020-07-14 13:52:41 - [MESSAGE][PASSED] - Current window maximized

2020-07-14 13:52:41 - [TEST_STEP][PASSED] - selectOptionByValue(findTestObject("IWP30/Page_VRelay30Emulator/MV"), "3.0", true): All options with value '3.0' are selected in object 'Object Repository/IWP30/Page_VRelay30Emulator/MV'  using regular expression

2020-07-14 13:52:42 - [MESSAGE][PASSED] - All options with value '3.0' are selected in object 'Object Repository/IWP30/Page_VRelay30Emulator/MV'  using regular expression

2020-07-14 13:52:42 - [TEST_STEP][PASSED] - setText(findTestObject("IWP30/Page_VRelay30Emulator/Amount"), "10.50"): Text '10.50' is set on object 'Object Repository/IWP30/Page_VRelay30Emulator/Amount'

2020-07-14 13:52:43 - [MESSAGE][PASSED] - Text '10.50' is set on object 'Object Repository/IWP30/Page_VRelay30Emulator/Amount'

2020-07-14 13:52:43 - [TEST_STEP][PASSED] - setText(findTestObject("IWP30/Page_VRelay30Emulator/CAN"), "5465460"): Text '5465460' is set on object 'Object Repository/IWP30/Page_VRelay30Emulator/CAN'

2020-07-14 13:52:44 - [MESSAGE][PASSED] - Text '5465460' is set on object 'Object Repository/IWP30/Page_VRelay30Emulator/CAN'

2020-07-14 13:52:44 - [TEST_STEP][PASSED] - setText(findTestObject("IWP30/Page_VRelay30Emulator/Action"), "PayNow"): Text 'PayNow' is set on object 'Object Repository/IWP30/Page_VRelay30Emulator/Action'

2020-07-14 13:52:44 - [MESSAGE][PASSED] - Text 'PayNow' is set on object 'Object Repository/IWP30/Page_VRelay30Emulator/Action'

2020-07-14 13:52:44 - [TEST_STEP][PASSED] - setText(findTestObject("IWP30/Page_VRelay30Emulator/Lang"), "en_US"): Text 'en_US' is set on object 'Object Repository/IWP30/Page_VRelay30Emulator/Lang'

2020-07-14 13:52:45 - [MESSAGE][PASSED] - Text 'en_US' is set on object 'Object Repository/IWP30/Page_VRelay30Emulator/Lang'

2020-07-14 13:52:45 - [TEST_STEP][PASSED] - setText(findTestObject("IWP30/Page_VRelay30Emulator/Fname"), "Jonathan"): Text 'Jonathan' is set on object 'Object Repository/IWP30/Page_VRelay30Emulator/Fname'

2020-07-14 13:52:46 - [MESSAGE][PASSED] - Text 'Jonathan' is set on object 'Object Repository/IWP30/Page_VRelay30Emulator/Fname'

2020-07-14 13:52:46 - [TEST_STEP][PASSED] - setText(findTestObject("IWP30/Page_VRelay30Emulator/Lname"), "Lewis"): Text 'Lewis' is set on object 'Object Repository/IWP30/Page_VRelay30Emulator/Lname'

2020-07-14 13:52:46 - [MESSAGE][PASSED] - Text 'Lewis' is set on object 'Object Repository/IWP30/Page_VRelay30Emulator/Lname'

2020-07-14 13:52:46 - [TEST_STEP][PASSED] - setText(findTestObject("IWP30/Page_VRelay30Emulator/AL1"), "18 Manhattan road"): Text '18 Manhattan road' is set on object 'Object Repository/IWP30/Page_VRelay30Emulator/AL1'

2020-07-14 13:52:47 - [MESSAGE][PASSED] - Text '18 Manhattan road' is set on object 'Object Repository/IWP30/Page_VRelay30Emulator/AL1'

2020-07-14 13:52:47 - [TEST_STEP][PASSED] - setText(findTestObject("IWP30/Page_VRelay30Emulator/AL2"), "Room 1"): Text 'Room 1' is set on object 'Object Repository/IWP30/Page_VRelay30Emulator/AL2'

2020-07-14 13:52:47 - [MESSAGE][PASSED] - Text 'Room 1' is set on object 'Object Repository/IWP30/Page_VRelay30Emulator/AL2'

2020-07-14 13:52:47 - [TEST_STEP][PASSED] - setText(findTestObject("IWP30/Page_VRelay30Emulator/Country"), "840"): Text '840' is set on object 'Object Repository/IWP30/Page_VRelay30Emulator/Country'

2020-07-14 13:52:48 - [MESSAGE][PASSED] - Text '840' is set on object 'Object Repository/IWP30/Page_VRelay30Emulator/Country'

2020-07-14 13:52:48 - [TEST_STEP][PASSED] - setText(findTestObject("IWP30/Page_VRelay30Emulator/City"), "Arlingtom"): Text 'Arlingtom' is set on object 'Object Repository/IWP30/Page_VRelay30Emulator/City'

2020-07-14 13:52:49 - [MESSAGE][PASSED] - Text 'Arlingtom' is set on object 'Object Repository/IWP30/Page_VRelay30Emulator/City'

2020-07-14 13:52:49 - [TEST_STEP][PASSED] - setText(findTestObject("IWP30/Page_VRelay30Emulator/State"), "VA"): Text 'VA' is set on object 'Object Repository/IWP30/Page_VRelay30Emulator/State'

2020-07-14 13:52:49 - [MESSAGE][PASSED] - Text 'VA' is set on object 'Object Repository/IWP30/Page_VRelay30Emulator/State'

2020-07-14 13:52:49 - [TEST_STEP][PASSED] - setText(findTestObject("IWP30/Page_VRelay30Emulator/ZIP"), "22201"): Text '22201' is set on object 'Object Repository/IWP30/Page_VRelay30Emulator/ZIP'

2020-07-14 13:52:50 - [MESSAGE][PASSED] - Text '22201' is set on object 'Object Repository/IWP30/Page_VRelay30Emulator/ZIP'

2020-07-14 13:52:50 - [TEST_STEP][PASSED] - setText(findTestObject("IWP30/Page_VRelay30Emulator/Order"), ""): Text '' is set on object 'Object Repository/IWP30/Page_VRelay30Emulator/Order'

2020-07-14 13:52:51 - [MESSAGE][PASSED] - Text '' is set on object 'Object Repository/IWP30/Page_VRelay30Emulator/Order'

2020-07-14 13:52:51 - [TEST_STEP][PASSED] - setText(findTestObject("IWP30/Page_VRelay30Emulator/Company"), ""): Text '' is set on object 'Object Repository/IWP30/Page_VRelay30Emulator/Company'

2020-07-14 13:52:51 - [MESSAGE][PASSED] - Text '' is set on object 'Object Repository/IWP30/Page_VRelay30Emulator/Company'

2020-07-14 13:52:51 - [TEST_STEP][PASSED] - setText(findTestObject("IWP30/Page_VRelay30Emulator/Email"), ""): Text '' is set on object 'Object Repository/IWP30/Page_VRelay30Emulator/Email'

2020-07-14 13:52:52 - [MESSAGE][PASSED] - Text '' is set on object 'Object Repository/IWP30/Page_VRelay30Emulator/Email'

2020-07-14 13:52:52 - [TEST_STEP][PASSED] - setText(findTestObject("IWP30/Page_VRelay30Emulator/UDF1"), ""): Text '' is set on object 'Object Repository/IWP30/Page_VRelay30Emulator/UDF1'

2020-07-14 13:52:53 - [MESSAGE][PASSED] - Text '' is set on object 'Object Repository/IWP30/Page_VRelay30Emulator/UDF1'

2020-07-14 13:52:53 - [TEST_STEP][PASSED] - setText(findTestObject("IWP30/Page_VRelay30Emulator/UDF2"), ""): Text '' is set on object 'Object Repository/IWP30/Page_VRelay30Emulator/UDF2'

2020-07-14 13:52:53 - [MESSAGE][PASSED] - Text '' is set on object 'Object Repository/IWP30/Page_VRelay30Emulator/UDF2'

2020-07-14 13:52:53 - [TEST_STEP][PASSED] - setText(findTestObject("IWP30/Page_VRelay30Emulator/UDF3"), ""): Text '' is set on object 'Object Repository/IWP30/Page_VRelay30Emulator/UDF3'

2020-07-14 13:52:54 - [MESSAGE][PASSED] - Text '' is set on object 'Object Repository/IWP30/Page_VRelay30Emulator/UDF3'

2020-07-14 13:52:54 - [TEST_STEP][PASSED] - setText(findTestObject("IWP30/Page_VRelay30Emulator/UDF4"), "data 4"): Text 'data 4' is set on object 'Object Repository/IWP30/Page_VRelay30Emulator/UDF4'

2020-07-14 13:52:55 - [MESSAGE][PASSED] - Text 'data 4' is set on object 'Object Repository/IWP30/Page_VRelay30Emulator/UDF4'

2020-07-14 13:52:55 - [TEST_STEP][PASSED] - setText(findTestObject("IWP30/Page_VRelay30Emulator/UDF5"), "data 5"): Text 'data 5' is set on object 'Object Repository/IWP30/Page_VRelay30Emulator/UDF5'

2020-07-14 13:52:55 - [MESSAGE][PASSED] - Text 'data 5' is set on object 'Object Repository/IWP30/Page_VRelay30Emulator/UDF5'

2020-07-14 13:52:55 - [TEST_STEP][PASSED] - setText(findTestObject("IWP30/Page_VRelay30Emulator/UDF6"), ""): Text '' is set on object 'Object Repository/IWP30/Page_VRelay30Emulator/UDF6'

2020-07-14 13:52:56 - [MESSAGE][PASSED] - Text '' is set on object 'Object Repository/IWP30/Page_VRelay30Emulator/UDF6'

2020-07-14 13:52:56 - [TEST_STEP][PASSED] - setText(findTestObject("IWP30/Page_VRelay30Emulator/UDF7"), ""): Text '' is set on object 'Object Repository/IWP30/Page_VRelay30Emulator/UDF7'

2020-07-14 13:52:57 - [MESSAGE][PASSED] - Text '' is set on object 'Object Repository/IWP30/Page_VRelay30Emulator/UDF7'

2020-07-14 13:52:57 - [TEST_STEP][PASSED] - setText(findTestObject("IWP30/Page_VRelay30Emulator/UDF8"), ""): Text '' is set on object 'Object Repository/IWP30/Page_VRelay30Emulator/UDF8'

2020-07-14 13:52:57 - [MESSAGE][PASSED] - Text '' is set on object 'Object Repository/IWP30/Page_VRelay30Emulator/UDF8'

2020-07-14 13:52:57 - [TEST_STEP][PASSED] - setText(findTestObject("IWP30/Page_VRelay30Emulator/UDF9"), "data 9"): Text 'data 9' is set on object 'Object Repository/IWP30/Page_VRelay30Emulator/UDF9'

2020-07-14 13:52:58 - [MESSAGE][PASSED] - Text 'data 9' is set on object 'Object Repository/IWP30/Page_VRelay30Emulator/UDF9'

2020-07-14 13:52:58 - [TEST_STEP][PASSED] - setText(findTestObject("IWP30/Page_VRelay30Emulator/UDF10"), "data 10"): Text 'data 10' is set on object 'Object Repository/IWP30/Page_VRelay30Emulator/UDF10'

2020-07-14 13:52:59 - [MESSAGE][PASSED] - Text 'data 10' is set on object 'Object Repository/IWP30/Page_VRelay30Emulator/UDF10'

2020-07-14 13:52:59 - [TEST_STEP][PASSED] - Thread.sleep(2000): null

2020-07-14 13:53:01 - [TEST_STEP][PASSED] - click(findTestObject("IWP30/Page_VRelay30Emulator/Submit")): Object: 'Object Repository/IWP30/Page_VRelay30Emulator/Submit' is clicked on

2020-07-14 13:53:01 - [MESSAGE][PASSED] - Object: 'Object Repository/IWP30/Page_VRelay30Emulator/Submit' is clicked on

2020-07-14 13:53:01 - [TEST_STEP][PASSED] - Thread.sleep(5000): null

2020-07-14 13:53:06 - [TEST_STEP][PASSED] - closeBrowser(): Browser is closed

2020-07-14 13:53:07 - [MESSAGE][PASSED] - Browser is closed

2020-07-14 13:53:07 - [TEST_STEP][PASSED] - openBrowser(urlTestHarness): Browser is opened with url: 'https://dev-algorithm.govolution.com/vrelaytest/QA/version_2_2/vrelaytest.html'

2020-07-14 13:53:07 - [MESSAGE][INFO] - Starting 'Chrome' driver

2020-07-14 13:53:07 - [MESSAGE][INFO] - User set preference: ['acceptInsecureCerts', 'true']

2020-07-14 13:53:07 - [MESSAGE][INFO] - Action delay is set to 0 milliseconds

2020-07-14 13:53:11 - [MESSAGE][PASSED] - Browser is opened with url: 'https://dev-algorithm.govolution.com/vrelaytest/QA/version_2_2/vrelaytest.html'

2020-07-14 13:53:11 - [TEST_STEP][PASSED] - maximizeWindow(): Current window maximized

2020-07-14 13:53:12 - [MESSAGE][PASSED] - Current window maximized

2020-07-14 13:53:12 - [TEST_STEP][PASSED] - genRemIDVoid = RandomStringUtils.random(12, true, true): null

2020-07-14 13:53:12 - [TEST_STEP][PASSED] - if (verifyElementPresent(findTestObject("Object Repository/IWP30/Page_QATestHarness/RemittanceID"), 30)): null

2020-07-14 13:53:12 - [MESSAGE][PASSED] - Object 'Object Repository/IWP30/Page_QATestHarness/RemittanceID' is present

2020-07-14 13:53:12 - [TEST_STEP][PASSED] - println("We are on Test Harness page, start populating"): null

2020-07-14 13:53:12 - [TEST_STEP][PASSED] - setText(findTestObject("Object Repository/IWP30/Page_QATestHarness/ApplicationID"), "649"): Text '649' is set on object 'Object Repository/IWP30/Page_QATestHarness/ApplicationID'

2020-07-14 13:53:13 - [MESSAGE][PASSED] - Text '649' is set on object 'Object Repository/IWP30/Page_QATestHarness/ApplicationID'

2020-07-14 13:53:13 - [TEST_STEP][PASSED] - setText(findTestObject("Object Repository/IWP30/Page_QATestHarness/MessageVersion"), "3.0"): Text '3.0' is set on object 'Object Repository/IWP30/Page_QATestHarness/MessageVersion'

2020-07-14 13:53:13 - [MESSAGE][PASSED] - Text '3.0' is set on object 'Object Repository/IWP30/Page_QATestHarness/MessageVersion'

2020-07-14 13:53:13 - [TEST_STEP][PASSED] - setText(findTestObject("Object Repository/IWP30/Page_QATestHarness/RemittanceID"), genRemIDVoid): Text 'WYgCNXBWNzwN' is set on object 'Object Repository/IWP30/Page_QATestHarness/RemittanceID'

2020-07-14 13:53:14 - [MESSAGE][PASSED] - Text 'WYgCNXBWNzwN' is set on object 'Object Repository/IWP30/Page_QATestHarness/RemittanceID'

2020-07-14 13:53:14 - [TEST_STEP][PASSED] - click(findTestObject("Object Repository/IWP30/Page_QATestHarness/SubmitButton")): Object: 'Object Repository/IWP30/Page_QATestHarness/SubmitButton' is clicked on

2020-07-14 13:53:15 - [MESSAGE][PASSED] - Object: 'Object Repository/IWP30/Page_QATestHarness/SubmitButton' is clicked on

2020-07-14 13:53:15 - [TEST_STEP][PASSED] - if (verifyElementPresent(findTestObject("Object Repository/IWP30/Page_SelectPaymentMethod/PayByCreditCard"), 30)): null

2020-07-14 13:53:16 - [MESSAGE][PASSED] - Object 'Object Repository/IWP30/Page_SelectPaymentMethod/PayByCreditCard' is present

2020-07-14 13:53:16 - [TEST_STEP][PASSED] - println("We are on Select Payment Method page, start populating"): null

2020-07-14 13:53:16 - [TEST_STEP][PASSED] - check(findTestObject("Object Repository/IWP30/Page_SelectPaymentMethod/PayByCreditCard")): Object 'Object Repository/IWP30/Page_SelectPaymentMethod/PayByCreditCard' is checked

2020-07-14 13:53:16 - [MESSAGE][PASSED] - Object 'Object Repository/IWP30/Page_SelectPaymentMethod/PayByCreditCard' is checked

2020-07-14 13:53:16 - [TEST_STEP][PASSED] - Thread.sleep(1000): null

2020-07-14 13:53:17 - [TEST_STEP][PASSED] - click(findTestObject("Object Repository/IWP30/Page_SelectPaymentMethod/MakePaymentButton")): Object: 'Object Repository/IWP30/Page_SelectPaymentMethod/MakePaymentButton' is clicked on

2020-07-14 13:53:18 - [MESSAGE][PASSED] - Object: 'Object Repository/IWP30/Page_SelectPaymentMethod/MakePaymentButton' is clicked on

2020-07-14 13:53:18 - [TEST_STEP][PASSED] - if (verifyElementPresent(findTestObject("Object Repository/IWP30/Page_CCPaymentEntry/Name"), 30)): null

2020-07-14 13:53:19 - [MESSAGE][PASSED] - Object 'Object Repository/IWP30/Page_CCPaymentEntry/Name' is present

2020-07-14 13:53:19 - [TEST_STEP][PASSED] - println("We are on Credit Card Payment Entry page, start populating"): null

2020-07-14 13:53:19 - [TEST_STEP][PASSED] - if (verifyElementPresent(findTestObject("Object Repository/IWP30/Page_CCPaymentEntry/Amount"), 30)): null

2020-07-14 13:53:19 - [MESSAGE][PASSED] - Object 'Object Repository/IWP30/Page_CCPaymentEntry/Amount' is present

2020-07-14 13:53:19 - [TEST_STEP][PASSED] - setText(findTestObject("Object Repository/IWP30/Page_CCPaymentEntry/Amount"), "200.50"): Text '200.50' is set on object 'Object Repository/IWP30/Page_CCPaymentEntry/Amount'

2020-07-14 13:53:20 - [MESSAGE][PASSED] - Text '200.50' is set on object 'Object Repository/IWP30/Page_CCPaymentEntry/Amount'

2020-07-14 13:53:20 - [TEST_STEP][PASSED] - if (verifyElementPresent(findTestObject("Object Repository/IWP30/Page_CCPaymentEntry/UserDefined2"), 30)): null

2020-07-14 13:53:20 - [MESSAGE][PASSED] - Object 'Object Repository/IWP30/Page_CCPaymentEntry/UserDefined2' is present

2020-07-14 13:53:20 - [TEST_STEP][PASSED] - setText(findTestObject("Object Repository/IWP30/Page_CCPaymentEntry/UserDefined2"), ""): Text '' is set on object 'Object Repository/IWP30/Page_CCPaymentEntry/UserDefined2'

2020-07-14 13:53:21 - [MESSAGE][PASSED] - Text '' is set on object 'Object Repository/IWP30/Page_CCPaymentEntry/UserDefined2'

2020-07-14 13:53:21 - [TEST_STEP][PASSED] - if (verifyElementPresent(findTestObject("Object Repository/IWP30/Page_CCPaymentEntry/UserDefined3"), 30)): null

2020-07-14 13:53:21 - [MESSAGE][PASSED] - Object 'Object Repository/IWP30/Page_CCPaymentEntry/UserDefined3' is present

2020-07-14 13:53:21 - [TEST_STEP][PASSED] - setText(findTestObject("Object Repository/IWP30/Page_CCPaymentEntry/UserDefined3"), "data 3"): Text 'data 3' is set on object 'Object Repository/IWP30/Page_CCPaymentEntry/UserDefined3'

2020-07-14 13:53:21 - [MESSAGE][PASSED] - Text 'data 3' is set on object 'Object Repository/IWP30/Page_CCPaymentEntry/UserDefined3'

2020-07-14 13:53:21 - [TEST_STEP][PASSED] - if (verifyElementPresent(findTestObject("Object Repository/IWP30/Page_CCPaymentEntry/UserDefined7"), 30)): null

2020-07-14 13:53:22 - [MESSAGE][PASSED] - Object 'Object Repository/IWP30/Page_CCPaymentEntry/UserDefined7' is present

2020-07-14 13:53:22 - [TEST_STEP][PASSED] - selectOptionByLabel(findTestObject("Object Repository/IWP30/Page_CCPaymentEntry/UserDefined7"), "Orange", false): All options with label 'Orange' are selected in object 'Object Repository/IWP30/Page_CCPaymentEntry/UserDefined7' 

2020-07-14 13:53:22 - [MESSAGE][PASSED] - All options with label 'Orange' are selected in object 'Object Repository/IWP30/Page_CCPaymentEntry/UserDefined7' 

2020-07-14 13:53:22 - [TEST_STEP][PASSED] - if (verifyElementPresent(findTestObject("Object Repository/IWP30/Page_CCPaymentEntry/UserDefined8"), 30)): null

2020-07-14 13:53:23 - [MESSAGE][PASSED] - Object 'Object Repository/IWP30/Page_CCPaymentEntry/UserDefined8' is present

2020-07-14 13:53:23 - [TEST_STEP][PASSED] - selectOptionByLabel(findTestObject("Object Repository/IWP30/Page_CCPaymentEntry/UserDefined8"), "Tennis", false): All options with label 'Tennis' are selected in object 'Object Repository/IWP30/Page_CCPaymentEntry/UserDefined8' 

2020-07-14 13:53:23 - [MESSAGE][PASSED] - All options with label 'Tennis' are selected in object 'Object Repository/IWP30/Page_CCPaymentEntry/UserDefined8' 

2020-07-14 13:53:23 - [TEST_STEP][PASSED] - if (verifyElementPresent(findTestObject("Object Repository/IWP30/Page_CCPaymentEntry/Name"), 30)): null

2020-07-14 13:53:23 - [MESSAGE][PASSED] - Object 'Object Repository/IWP30/Page_CCPaymentEntry/Name' is present

2020-07-14 13:53:23 - [TEST_STEP][PASSED] - setText(findTestObject("Object Repository/IWP30/Page_CCPaymentEntry/Name"), "Jonathan Lewis"): Text 'Jonathan Lewis' is set on object 'Object Repository/IWP30/Page_CCPaymentEntry/Name'

2020-07-14 13:53:24 - [MESSAGE][PASSED] - Text 'Jonathan Lewis' is set on object 'Object Repository/IWP30/Page_CCPaymentEntry/Name'

2020-07-14 13:53:24 - [TEST_STEP][PASSED] - if (verifyElementPresent(findTestObject("Object Repository/IWP30/Page_CCPaymentEntry/CardNumber"), 30)): null

2020-07-14 13:53:25 - [MESSAGE][PASSED] - Object 'Object Repository/IWP30/Page_CCPaymentEntry/CardNumber' is present

2020-07-14 13:53:25 - [TEST_STEP][PASSED] - setText(findTestObject("Object Repository/IWP30/Page_CCPaymentEntry/CardNumber"), "4111111111111111"): Text '4111111111111111' is set on object 'Object Repository/IWP30/Page_CCPaymentEntry/CardNumber'

2020-07-14 13:53:25 - [MESSAGE][PASSED] - Text '4111111111111111' is set on object 'Object Repository/IWP30/Page_CCPaymentEntry/CardNumber'

2020-07-14 13:53:25 - [TEST_STEP][PASSED] - if (verifyElementPresent(findTestObject("Object Repository/IWP30/Page_CCPaymentEntry/SPC"), 30)): null

2020-07-14 13:53:26 - [MESSAGE][PASSED] - Object 'Object Repository/IWP30/Page_CCPaymentEntry/SPC' is present

2020-07-14 13:53:26 - [TEST_STEP][PASSED] - setText(findTestObject("Object Repository/IWP30/Page_CCPaymentEntry/SPC"), "147"): Text '147' is set on object 'Object Repository/IWP30/Page_CCPaymentEntry/SPC'

2020-07-14 13:53:26 - [MESSAGE][PASSED] - Text '147' is set on object 'Object Repository/IWP30/Page_CCPaymentEntry/SPC'

2020-07-14 13:53:26 - [TEST_STEP][PASSED] - if (verifyElementPresent(findTestObject("Object Repository/IWP30/Page_CCPaymentEntry/Month"), 30)): null

2020-07-14 13:53:27 - [MESSAGE][PASSED] - Object 'Object Repository/IWP30/Page_CCPaymentEntry/Month' is present

2020-07-14 13:53:27 - [TEST_STEP][PASSED] - selectOptionByLabel(findTestObject("Object Repository/IWP30/Page_CCPaymentEntry/Month"), "07", false): All options with label '07' are selected in object 'Object Repository/IWP30/Page_CCPaymentEntry/Month' 

2020-07-14 13:53:27 - [MESSAGE][PASSED] - All options with label '07' are selected in object 'Object Repository/IWP30/Page_CCPaymentEntry/Month' 

2020-07-14 13:53:27 - [TEST_STEP][PASSED] - if (verifyElementPresent(findTestObject("Object Repository/IWP30/Page_CCPaymentEntry/Year"), 30)): null

2020-07-14 13:53:28 - [MESSAGE][PASSED] - Object 'Object Repository/IWP30/Page_CCPaymentEntry/Year' is present

2020-07-14 13:53:28 - [TEST_STEP][PASSED] - selectOptionByLabel(findTestObject("Object Repository/IWP30/Page_CCPaymentEntry/Year"), "2025", false): All options with label '2025' are selected in object 'Object Repository/IWP30/Page_CCPaymentEntry/Year' 

2020-07-14 13:53:28 - [MESSAGE][PASSED] - All options with label '2025' are selected in object 'Object Repository/IWP30/Page_CCPaymentEntry/Year' 

2020-07-14 13:53:28 - [TEST_STEP][PASSED] - if (verifyElementPresent(findTestObject("Object Repository/IWP30/Page_CCPaymentEntry/AL1"), 30)): null

2020-07-14 13:53:28 - [MESSAGE][PASSED] - Object 'Object Repository/IWP30/Page_CCPaymentEntry/AL1' is present

2020-07-14 13:53:28 - [TEST_STEP][PASSED] - setText(findTestObject("Object Repository/IWP30/Page_CCPaymentEntry/AL1"), "18 Manhattan road"): Text '18 Manhattan road' is set on object 'Object Repository/IWP30/Page_CCPaymentEntry/AL1'

2020-07-14 13:53:29 - [MESSAGE][PASSED] - Text '18 Manhattan road' is set on object 'Object Repository/IWP30/Page_CCPaymentEntry/AL1'

2020-07-14 13:53:29 - [TEST_STEP][PASSED] - if (verifyElementPresent(findTestObject("Object Repository/IWP30/Page_CCPaymentEntry/AL2"), 30)): null

2020-07-14 13:53:30 - [MESSAGE][PASSED] - Object 'Object Repository/IWP30/Page_CCPaymentEntry/AL2' is present

2020-07-14 13:53:30 - [TEST_STEP][PASSED] - setText(findTestObject("Object Repository/IWP30/Page_CCPaymentEntry/AL2"), "Room 1"): Text 'Room 1' is set on object 'Object Repository/IWP30/Page_CCPaymentEntry/AL2'

2020-07-14 13:53:30 - [MESSAGE][PASSED] - Text 'Room 1' is set on object 'Object Repository/IWP30/Page_CCPaymentEntry/AL2'

2020-07-14 13:53:30 - [TEST_STEP][PASSED] - if (verifyElementPresent(findTestObject("Object Repository/IWP30/Page_CCPaymentEntry/ZIP"), 30)): null

2020-07-14 13:53:31 - [MESSAGE][PASSED] - Object 'Object Repository/IWP30/Page_CCPaymentEntry/ZIP' is present

2020-07-14 13:53:31 - [TEST_STEP][PASSED] - setText(findTestObject("Object Repository/IWP30/Page_CCPaymentEntry/ZIP"), "22201"): Text '22201' is set on object 'Object Repository/IWP30/Page_CCPaymentEntry/ZIP'

2020-07-14 13:53:31 - [MESSAGE][PASSED] - Text '22201' is set on object 'Object Repository/IWP30/Page_CCPaymentEntry/ZIP'

2020-07-14 13:53:31 - [TEST_STEP][PASSED] - if (verifyElementPresent(findTestObject("Object Repository/IWP30/Page_CCPaymentEntry/EmailAddress"), 30)): null

2020-07-14 13:53:32 - [MESSAGE][PASSED] - Object 'Object Repository/IWP30/Page_CCPaymentEntry/EmailAddress' is present

2020-07-14 13:53:32 - [TEST_STEP][PASSED] - setText(findTestObject("Object Repository/IWP30/Page_CCPaymentEntry/EmailAddress"), "Myemail@email.com"): Text 'Myemail@email.com' is set on object 'Object Repository/IWP30/Page_CCPaymentEntry/EmailAddress'

2020-07-14 13:53:33 - [MESSAGE][PASSED] - Text 'Myemail@email.com' is set on object 'Object Repository/IWP30/Page_CCPaymentEntry/EmailAddress'

2020-07-14 13:53:33 - [TEST_STEP][PASSED] - if (verifyElementPresent(findTestObject("Object Repository/IWP30/Page_CCPaymentEntry/TermCondCheckBox"), 30)): null

2020-07-14 13:53:33 - [MESSAGE][PASSED] - Object 'Object Repository/IWP30/Page_CCPaymentEntry/TermCondCheckBox' is present

2020-07-14 13:53:33 - [TEST_STEP][PASSED] - check(findTestObject("Object Repository/IWP30/Page_CCPaymentEntry/TermCondCheckBox")): Object 'Object Repository/IWP30/Page_CCPaymentEntry/TermCondCheckBox' is checked

2020-07-14 13:53:33 - [MESSAGE][PASSED] - Object 'Object Repository/IWP30/Page_CCPaymentEntry/TermCondCheckBox' is checked

2020-07-14 13:53:33 - [TEST_STEP][PASSED] - if (verifyElementPresent(findTestObject("Object Repository/IWP30/Page_CCPaymentEntry/ContinueButton"), 30)): null

2020-07-14 13:53:34 - [MESSAGE][PASSED] - Object 'Object Repository/IWP30/Page_CCPaymentEntry/ContinueButton' is present

2020-07-14 13:53:34 - [TEST_STEP][PASSED] - click(findTestObject("Object Repository/IWP30/Page_CCPaymentEntry/ContinueButton")): Object: 'Object Repository/IWP30/Page_CCPaymentEntry/ContinueButton' is clicked on

2020-07-14 13:53:35 - [MESSAGE][PASSED] - Object: 'Object Repository/IWP30/Page_CCPaymentEntry/ContinueButton' is clicked on

2020-07-14 13:53:35 - [TEST_STEP][PASSED] - verifyTextPresent("Amount is greater than maximum", false): Text 'Amount is greater than maximum' is present on page 

2020-07-14 13:53:35 - [MESSAGE][PASSED] - Text 'Amount is greater than maximum' is present on page 

2020-07-14 13:53:35 - [TEST_STEP][PASSED] - closeBrowser(): Browser is closed

2020-07-14 13:53:36 - [MESSAGE][PASSED] - Browser is closed]]></system-out>
         <system-err><![CDATA[]]></system-err>
      </testcase>
      <testcase name="Test Cases/IntegratedWeb/IWP30/MissingReqFieldsCC" time="50.627" classname="Test Cases/IntegratedWeb/IWP30/MissingReqFieldsCC" status="PASSED">
         <system-out><![CDATA[2020-07-14 13:53:36 - [TEST_CASE][PASSED] - Test Cases/IntegratedWeb/IWP30/MissingReqFieldsCC: Test Cases/IntegratedWeb/IWP30/MissingReqFieldsCC

2020-07-14 13:53:36 - [TEST_STEP][PASSED] - openBrowser(urlEmulator): Browser is opened with url: 'https://qa.velocitypayment.com/agency/config.do?action=editor'

2020-07-14 13:53:36 - [MESSAGE][INFO] - Starting 'Chrome' driver

2020-07-14 13:53:36 - [MESSAGE][INFO] - User set preference: ['acceptInsecureCerts', 'true']

2020-07-14 13:53:36 - [MESSAGE][INFO] - Action delay is set to 0 milliseconds

2020-07-14 13:53:40 - [MESSAGE][PASSED] - Browser is opened with url: 'https://qa.velocitypayment.com/agency/config.do?action=editor'

2020-07-14 13:53:40 - [TEST_STEP][PASSED] - maximizeWindow(): Current window maximized

2020-07-14 13:53:40 - [MESSAGE][PASSED] - Current window maximized

2020-07-14 13:53:40 - [TEST_STEP][PASSED] - selectOptionByValue(findTestObject("IWP30/Page_VRelay30Emulator/MV"), "3.0", true): All options with value '3.0' are selected in object 'Object Repository/IWP30/Page_VRelay30Emulator/MV'  using regular expression

2020-07-14 13:53:42 - [MESSAGE][PASSED] - All options with value '3.0' are selected in object 'Object Repository/IWP30/Page_VRelay30Emulator/MV'  using regular expression

2020-07-14 13:53:42 - [TEST_STEP][PASSED] - setText(findTestObject("IWP30/Page_VRelay30Emulator/Amount"), "10.50"): Text '10.50' is set on object 'Object Repository/IWP30/Page_VRelay30Emulator/Amount'

2020-07-14 13:53:42 - [MESSAGE][PASSED] - Text '10.50' is set on object 'Object Repository/IWP30/Page_VRelay30Emulator/Amount'

2020-07-14 13:53:42 - [TEST_STEP][PASSED] - setText(findTestObject("IWP30/Page_VRelay30Emulator/CAN"), "5465460"): Text '5465460' is set on object 'Object Repository/IWP30/Page_VRelay30Emulator/CAN'

2020-07-14 13:53:43 - [MESSAGE][PASSED] - Text '5465460' is set on object 'Object Repository/IWP30/Page_VRelay30Emulator/CAN'

2020-07-14 13:53:43 - [TEST_STEP][PASSED] - setText(findTestObject("IWP30/Page_VRelay30Emulator/Action"), "PayNow"): Text 'PayNow' is set on object 'Object Repository/IWP30/Page_VRelay30Emulator/Action'

2020-07-14 13:53:43 - [MESSAGE][PASSED] - Text 'PayNow' is set on object 'Object Repository/IWP30/Page_VRelay30Emulator/Action'

2020-07-14 13:53:43 - [TEST_STEP][PASSED] - setText(findTestObject("IWP30/Page_VRelay30Emulator/Lang"), ""): Text '' is set on object 'Object Repository/IWP30/Page_VRelay30Emulator/Lang'

2020-07-14 13:53:44 - [MESSAGE][PASSED] - Text '' is set on object 'Object Repository/IWP30/Page_VRelay30Emulator/Lang'

2020-07-14 13:53:44 - [TEST_STEP][PASSED] - setText(findTestObject("IWP30/Page_VRelay30Emulator/Fname"), ""): Text '' is set on object 'Object Repository/IWP30/Page_VRelay30Emulator/Fname'

2020-07-14 13:53:45 - [MESSAGE][PASSED] - Text '' is set on object 'Object Repository/IWP30/Page_VRelay30Emulator/Fname'

2020-07-14 13:53:45 - [TEST_STEP][PASSED] - setText(findTestObject("IWP30/Page_VRelay30Emulator/Lname"), ""): Text '' is set on object 'Object Repository/IWP30/Page_VRelay30Emulator/Lname'

2020-07-14 13:53:45 - [MESSAGE][PASSED] - Text '' is set on object 'Object Repository/IWP30/Page_VRelay30Emulator/Lname'

2020-07-14 13:53:45 - [TEST_STEP][PASSED] - setText(findTestObject("IWP30/Page_VRelay30Emulator/AL1"), ""): Text '' is set on object 'Object Repository/IWP30/Page_VRelay30Emulator/AL1'

2020-07-14 13:53:46 - [MESSAGE][PASSED] - Text '' is set on object 'Object Repository/IWP30/Page_VRelay30Emulator/AL1'

2020-07-14 13:53:46 - [TEST_STEP][PASSED] - setText(findTestObject("IWP30/Page_VRelay30Emulator/AL2"), ""): Text '' is set on object 'Object Repository/IWP30/Page_VRelay30Emulator/AL2'

2020-07-14 13:53:46 - [MESSAGE][PASSED] - Text '' is set on object 'Object Repository/IWP30/Page_VRelay30Emulator/AL2'

2020-07-14 13:53:46 - [TEST_STEP][PASSED] - setText(findTestObject("IWP30/Page_VRelay30Emulator/Country"), ""): Text '' is set on object 'Object Repository/IWP30/Page_VRelay30Emulator/Country'

2020-07-14 13:53:47 - [MESSAGE][PASSED] - Text '' is set on object 'Object Repository/IWP30/Page_VRelay30Emulator/Country'

2020-07-14 13:53:47 - [TEST_STEP][PASSED] - setText(findTestObject("IWP30/Page_VRelay30Emulator/City"), ""): Text '' is set on object 'Object Repository/IWP30/Page_VRelay30Emulator/City'

2020-07-14 13:53:48 - [MESSAGE][PASSED] - Text '' is set on object 'Object Repository/IWP30/Page_VRelay30Emulator/City'

2020-07-14 13:53:48 - [TEST_STEP][PASSED] - setText(findTestObject("IWP30/Page_VRelay30Emulator/State"), ""): Text '' is set on object 'Object Repository/IWP30/Page_VRelay30Emulator/State'

2020-07-14 13:53:48 - [MESSAGE][PASSED] - Text '' is set on object 'Object Repository/IWP30/Page_VRelay30Emulator/State'

2020-07-14 13:53:48 - [TEST_STEP][PASSED] - setText(findTestObject("IWP30/Page_VRelay30Emulator/ZIP"), ""): Text '' is set on object 'Object Repository/IWP30/Page_VRelay30Emulator/ZIP'

2020-07-14 13:53:49 - [MESSAGE][PASSED] - Text '' is set on object 'Object Repository/IWP30/Page_VRelay30Emulator/ZIP'

2020-07-14 13:53:49 - [TEST_STEP][PASSED] - setText(findTestObject("IWP30/Page_VRelay30Emulator/Order"), ""): Text '' is set on object 'Object Repository/IWP30/Page_VRelay30Emulator/Order'

2020-07-14 13:53:49 - [MESSAGE][PASSED] - Text '' is set on object 'Object Repository/IWP30/Page_VRelay30Emulator/Order'

2020-07-14 13:53:49 - [TEST_STEP][PASSED] - setText(findTestObject("IWP30/Page_VRelay30Emulator/Company"), ""): Text '' is set on object 'Object Repository/IWP30/Page_VRelay30Emulator/Company'

2020-07-14 13:53:50 - [MESSAGE][PASSED] - Text '' is set on object 'Object Repository/IWP30/Page_VRelay30Emulator/Company'

2020-07-14 13:53:50 - [TEST_STEP][PASSED] - setText(findTestObject("IWP30/Page_VRelay30Emulator/Email"), ""): Text '' is set on object 'Object Repository/IWP30/Page_VRelay30Emulator/Email'

2020-07-14 13:53:51 - [MESSAGE][PASSED] - Text '' is set on object 'Object Repository/IWP30/Page_VRelay30Emulator/Email'

2020-07-14 13:53:51 - [TEST_STEP][PASSED] - setText(findTestObject("IWP30/Page_VRelay30Emulator/UDF1"), ""): Text '' is set on object 'Object Repository/IWP30/Page_VRelay30Emulator/UDF1'

2020-07-14 13:53:52 - [MESSAGE][PASSED] - Text '' is set on object 'Object Repository/IWP30/Page_VRelay30Emulator/UDF1'

2020-07-14 13:53:52 - [TEST_STEP][PASSED] - setText(findTestObject("IWP30/Page_VRelay30Emulator/UDF2"), ""): Text '' is set on object 'Object Repository/IWP30/Page_VRelay30Emulator/UDF2'

2020-07-14 13:53:52 - [MESSAGE][PASSED] - Text '' is set on object 'Object Repository/IWP30/Page_VRelay30Emulator/UDF2'

2020-07-14 13:53:52 - [TEST_STEP][PASSED] - setText(findTestObject("IWP30/Page_VRelay30Emulator/UDF3"), ""): Text '' is set on object 'Object Repository/IWP30/Page_VRelay30Emulator/UDF3'

2020-07-14 13:53:53 - [MESSAGE][PASSED] - Text '' is set on object 'Object Repository/IWP30/Page_VRelay30Emulator/UDF3'

2020-07-14 13:53:53 - [TEST_STEP][PASSED] - setText(findTestObject("IWP30/Page_VRelay30Emulator/UDF4"), "data 4"): Text 'data 4' is set on object 'Object Repository/IWP30/Page_VRelay30Emulator/UDF4'

2020-07-14 13:53:54 - [MESSAGE][PASSED] - Text 'data 4' is set on object 'Object Repository/IWP30/Page_VRelay30Emulator/UDF4'

2020-07-14 13:53:54 - [TEST_STEP][PASSED] - setText(findTestObject("IWP30/Page_VRelay30Emulator/UDF5"), "data 5"): Text 'data 5' is set on object 'Object Repository/IWP30/Page_VRelay30Emulator/UDF5'

2020-07-14 13:53:54 - [MESSAGE][PASSED] - Text 'data 5' is set on object 'Object Repository/IWP30/Page_VRelay30Emulator/UDF5'

2020-07-14 13:53:54 - [TEST_STEP][PASSED] - setText(findTestObject("IWP30/Page_VRelay30Emulator/UDF6"), ""): Text '' is set on object 'Object Repository/IWP30/Page_VRelay30Emulator/UDF6'

2020-07-14 13:53:55 - [MESSAGE][PASSED] - Text '' is set on object 'Object Repository/IWP30/Page_VRelay30Emulator/UDF6'

2020-07-14 13:53:55 - [TEST_STEP][PASSED] - setText(findTestObject("IWP30/Page_VRelay30Emulator/UDF7"), ""): Text '' is set on object 'Object Repository/IWP30/Page_VRelay30Emulator/UDF7'

2020-07-14 13:53:56 - [MESSAGE][PASSED] - Text '' is set on object 'Object Repository/IWP30/Page_VRelay30Emulator/UDF7'

2020-07-14 13:53:56 - [TEST_STEP][PASSED] - setText(findTestObject("IWP30/Page_VRelay30Emulator/UDF8"), ""): Text '' is set on object 'Object Repository/IWP30/Page_VRelay30Emulator/UDF8'

2020-07-14 13:53:56 - [MESSAGE][PASSED] - Text '' is set on object 'Object Repository/IWP30/Page_VRelay30Emulator/UDF8'

2020-07-14 13:53:56 - [TEST_STEP][PASSED] - setText(findTestObject("IWP30/Page_VRelay30Emulator/UDF9"), "data 9"): Text 'data 9' is set on object 'Object Repository/IWP30/Page_VRelay30Emulator/UDF9'

2020-07-14 13:53:57 - [MESSAGE][PASSED] - Text 'data 9' is set on object 'Object Repository/IWP30/Page_VRelay30Emulator/UDF9'

2020-07-14 13:53:57 - [TEST_STEP][PASSED] - setText(findTestObject("IWP30/Page_VRelay30Emulator/UDF10"), "data 10"): Text 'data 10' is set on object 'Object Repository/IWP30/Page_VRelay30Emulator/UDF10'

2020-07-14 13:53:58 - [MESSAGE][PASSED] - Text 'data 10' is set on object 'Object Repository/IWP30/Page_VRelay30Emulator/UDF10'

2020-07-14 13:53:58 - [TEST_STEP][PASSED] - Thread.sleep(5000): null

2020-07-14 13:54:03 - [TEST_STEP][PASSED] - click(findTestObject("IWP30/Page_VRelay30Emulator/Submit")): Object: 'Object Repository/IWP30/Page_VRelay30Emulator/Submit' is clicked on

2020-07-14 13:54:03 - [MESSAGE][PASSED] - Object: 'Object Repository/IWP30/Page_VRelay30Emulator/Submit' is clicked on

2020-07-14 13:54:03 - [TEST_STEP][PASSED] - Thread.sleep(5000): null

2020-07-14 13:54:08 - [TEST_STEP][PASSED] - closeBrowser(): Browser is closed

2020-07-14 13:54:09 - [MESSAGE][PASSED] - Browser is closed

2020-07-14 13:54:09 - [TEST_STEP][PASSED] - openBrowser(urlTestHarness): Browser is opened with url: 'https://dev-algorithm.govolution.com/vrelaytest/QA/version_2_2/vrelaytest.html'

2020-07-14 13:54:09 - [MESSAGE][INFO] - Starting 'Chrome' driver

2020-07-14 13:54:09 - [MESSAGE][INFO] - User set preference: ['acceptInsecureCerts', 'true']

2020-07-14 13:54:09 - [MESSAGE][INFO] - Action delay is set to 0 milliseconds

2020-07-14 13:54:13 - [MESSAGE][PASSED] - Browser is opened with url: 'https://dev-algorithm.govolution.com/vrelaytest/QA/version_2_2/vrelaytest.html'

2020-07-14 13:54:13 - [TEST_STEP][PASSED] - maximizeWindow(): Current window maximized

2020-07-14 13:54:13 - [MESSAGE][PASSED] - Current window maximized

2020-07-14 13:54:13 - [TEST_STEP][PASSED] - genRemIDVoid = RandomStringUtils.random(12, true, true): null

2020-07-14 13:54:13 - [TEST_STEP][PASSED] - if (verifyElementPresent(findTestObject("Object Repository/IWP30/Page_QATestHarness/RemittanceID"), 30)): null

2020-07-14 13:54:13 - [MESSAGE][PASSED] - Object 'Object Repository/IWP30/Page_QATestHarness/RemittanceID' is present

2020-07-14 13:54:13 - [TEST_STEP][PASSED] - println("We are on Test Harness page, start populating"): null

2020-07-14 13:54:13 - [TEST_STEP][PASSED] - setText(findTestObject("Object Repository/IWP30/Page_QATestHarness/ApplicationID"), "649"): Text '649' is set on object 'Object Repository/IWP30/Page_QATestHarness/ApplicationID'

2020-07-14 13:54:14 - [MESSAGE][PASSED] - Text '649' is set on object 'Object Repository/IWP30/Page_QATestHarness/ApplicationID'

2020-07-14 13:54:14 - [TEST_STEP][PASSED] - setText(findTestObject("Object Repository/IWP30/Page_QATestHarness/MessageVersion"), "3.0"): Text '3.0' is set on object 'Object Repository/IWP30/Page_QATestHarness/MessageVersion'

2020-07-14 13:54:15 - [MESSAGE][PASSED] - Text '3.0' is set on object 'Object Repository/IWP30/Page_QATestHarness/MessageVersion'

2020-07-14 13:54:15 - [TEST_STEP][PASSED] - setText(findTestObject("Object Repository/IWP30/Page_QATestHarness/RemittanceID"), genRemIDVoid): Text 'NNOSkgwMaJZC' is set on object 'Object Repository/IWP30/Page_QATestHarness/RemittanceID'

2020-07-14 13:54:15 - [MESSAGE][PASSED] - Text 'NNOSkgwMaJZC' is set on object 'Object Repository/IWP30/Page_QATestHarness/RemittanceID'

2020-07-14 13:54:15 - [TEST_STEP][PASSED] - click(findTestObject("Object Repository/IWP30/Page_QATestHarness/SubmitButton")): Object: 'Object Repository/IWP30/Page_QATestHarness/SubmitButton' is clicked on

2020-07-14 13:54:17 - [MESSAGE][PASSED] - Object: 'Object Repository/IWP30/Page_QATestHarness/SubmitButton' is clicked on

2020-07-14 13:54:17 - [TEST_STEP][PASSED] - if (verifyElementPresent(findTestObject("Object Repository/IWP30/Page_SelectPaymentMethod/PayByCreditCard"), 30)): null

2020-07-14 13:54:17 - [MESSAGE][PASSED] - Object 'Object Repository/IWP30/Page_SelectPaymentMethod/PayByCreditCard' is present

2020-07-14 13:54:17 - [TEST_STEP][PASSED] - println("We are on Select Payment Method page, start populating"): null

2020-07-14 13:54:17 - [TEST_STEP][PASSED] - check(findTestObject("Object Repository/IWP30/Page_SelectPaymentMethod/PayByCreditCard")): Object 'Object Repository/IWP30/Page_SelectPaymentMethod/PayByCreditCard' is checked

2020-07-14 13:54:17 - [MESSAGE][PASSED] - Object 'Object Repository/IWP30/Page_SelectPaymentMethod/PayByCreditCard' is checked

2020-07-14 13:54:17 - [TEST_STEP][PASSED] - Thread.sleep(1000): null

2020-07-14 13:54:18 - [TEST_STEP][PASSED] - click(findTestObject("Object Repository/IWP30/Page_SelectPaymentMethod/MakePaymentButton")): Object: 'Object Repository/IWP30/Page_SelectPaymentMethod/MakePaymentButton' is clicked on

2020-07-14 13:54:19 - [MESSAGE][PASSED] - Object: 'Object Repository/IWP30/Page_SelectPaymentMethod/MakePaymentButton' is clicked on

2020-07-14 13:54:19 - [TEST_STEP][PASSED] - setText(findTestObject("Object Repository/IWP30/Page_CCPaymentEntry/Amount"), ""): Text '' is set on object 'Object Repository/IWP30/Page_CCPaymentEntry/Amount'

2020-07-14 13:54:20 - [MESSAGE][PASSED] - Text '' is set on object 'Object Repository/IWP30/Page_CCPaymentEntry/Amount'

2020-07-14 13:54:20 - [TEST_STEP][PASSED] - click(findTestObject("Object Repository/IWP30/Page_CCPaymentEntry/ContinueButton")): Object: 'Object Repository/IWP30/Page_CCPaymentEntry/ContinueButton' is clicked on

2020-07-14 13:54:21 - [MESSAGE][PASSED] - Object: 'Object Repository/IWP30/Page_CCPaymentEntry/ContinueButton' is clicked on

2020-07-14 13:54:21 - [TEST_STEP][PASSED] - try: Text 'You must review and accept the Credit Card terms and conditions in order to process a credit transaction' is present on page 

2020-07-14 13:54:21 - [TEST_STEP][PASSED] - verifyTextPresent("Amount is required", false): Text 'Amount is required' is present on page 

2020-07-14 13:54:22 - [MESSAGE][PASSED] - Text 'Amount is required' is present on page 

2020-07-14 13:54:22 - [TEST_STEP][PASSED] - verifyTextPresent("UDF3 Label is required", false): Text 'UDF3 Label is required' is present on page 

2020-07-14 13:54:22 - [MESSAGE][PASSED] - Text 'UDF3 Label is required' is present on page 

2020-07-14 13:54:22 - [TEST_STEP][PASSED] - verifyTextPresent("UDF8 Label is required", false): Text 'UDF8 Label is required' is present on page 

2020-07-14 13:54:23 - [MESSAGE][PASSED] - Text 'UDF8 Label is required' is present on page 

2020-07-14 13:54:23 - [TEST_STEP][PASSED] - verifyTextPresent("Card name is required", false): Text 'Card name is required' is present on page 

2020-07-14 13:54:23 - [MESSAGE][PASSED] - Text 'Card name is required' is present on page 

2020-07-14 13:54:23 - [TEST_STEP][PASSED] - verifyTextPresent("Card number is required", false): Text 'Card number is required' is present on page 

2020-07-14 13:54:23 - [MESSAGE][PASSED] - Text 'Card number is required' is present on page 

2020-07-14 13:54:23 - [TEST_STEP][PASSED] - verifyTextPresent("Signature panel code is required", false): Text 'Signature panel code is required' is present on page 

2020-07-14 13:54:24 - [MESSAGE][PASSED] - Text 'Signature panel code is required' is present on page 

2020-07-14 13:54:24 - [TEST_STEP][PASSED] - verifyTextPresent("Card expiration date is required", false): Text 'Card expiration date is required' is present on page 

2020-07-14 13:54:24 - [MESSAGE][PASSED] - Text 'Card expiration date is required' is present on page 

2020-07-14 13:54:24 - [TEST_STEP][PASSED] - verifyTextPresent("Card address Line 1 is required", false): Text 'Card address Line 1 is required' is present on page 

2020-07-14 13:54:25 - [MESSAGE][PASSED] - Text 'Card address Line 1 is required' is present on page 

2020-07-14 13:54:25 - [TEST_STEP][PASSED] - verifyTextPresent("Card ZIP Code is required", false): Text 'Card ZIP Code is required' is present on page 

2020-07-14 13:54:25 - [MESSAGE][PASSED] - Text 'Card ZIP Code is required' is present on page 

2020-07-14 13:54:25 - [TEST_STEP][PASSED] - verifyTextPresent("Email address is required", false): Text 'Email address is required' is present on page 

2020-07-14 13:54:26 - [MESSAGE][PASSED] - Text 'Email address is required' is present on page 

2020-07-14 13:54:26 - [TEST_STEP][PASSED] - verifyTextPresent("You must review and accept the Credit Card terms and conditions in order to process a credit transaction", false): Text 'You must review and accept the Credit Card terms and conditions in order to process a credit transaction' is present on page 

2020-07-14 13:54:26 - [MESSAGE][PASSED] - Text 'You must review and accept the Credit Card terms and conditions in order to process a credit transaction' is present on page 

2020-07-14 13:54:26 - [TEST_STEP][PASSED] - closeBrowser(): Browser is closed

2020-07-14 13:54:27 - [MESSAGE][PASSED] - Browser is closed]]></system-out>
         <system-err><![CDATA[]]></system-err>
      </testcase>
      <system-out><![CDATA[2020-07-14 13:27:14 - [TEST_SUITE][PASSED] - IWP30 Smoke TestSuite: Test Cases/IntegratedWeb/IWP30/MissingReqFieldsCC]]></system-out>
      <system-err><![CDATA[]]></system-err>
   </testsuite>
</testsuites>
