<?xml version="1.0" encoding="UTF-8"?>
<testsuites name="QA Smoke Test" time="2216.204" tests="1" failures="1" errors="0">
   <testsuite name="QA Smoke Test" tests="1" failures="1" errors="0" time="2216.204" timestamp="2021-03-04 22:52:23" hostname="iahmed - DESKTOP-B2QI6NS.govolution.com" id="Test Suites/QA Smoke Test/QA Smoke Test">
      <properties>
         <property name="deviceName" value=""/>
         <property name="devicePlatform" value=""/>
         <property name="logFolder" value="C:\\Users\\iahmed\\Documents\\VPS-Smoke-Version001\\Reports\\20210304_225220\\QA Smoke Test\\QA Smoke Test\\20210304_225220"/>
         <property name="logFiles" value="C:\\Users\\iahmed\\Documents\\VPS-Smoke-Version001\\Reports\\20210304_225220\\QA Smoke Test\\QA Smoke Test\\20210304_225220\\execution0.log"/>
         <property name="attachments" value="C:\\Users\\iahmed\\Documents\\VPS-Smoke-Version001\\Reports\\20210304_225220\\QA Smoke Test\\QA Smoke Test\\20210304_225220\\1614918558151.png"/>
         <property name="hostName" value="iahmed - DESKTOP-B2QI6NS.govolution.com"/>
         <property name="os" value="Windows 10 64bit"/>
         <property name="katalonVersion" value="7.5.10.1"/>
         <property name="browser" value="Chrome 89.0.4389.72"/>
         <property name="hostAddress" value="10.5.20.29"/>
         <property name="sessionId" value="295ce25ce5b3fe54e5624dbb6a37fa60"/>
         <property name="seleniumVersion" value="3.141.59"/>
         <property name="proxyInformation" value="ProxyInformation { proxyOption=NO_PROXY, proxyServerType=HTTP, username=, password=********, proxyServerAddress=, proxyServerPort=0, executionList=\&quot;\&quot;, isApplyToDesiredCapabilities=true }"/>
         <property name="platform" value="Windows 10"/>
      </properties>
      <testcase name="Test Cases/VLink/QA/VLinkSale-Successful" time="2215.079" classname="Test Cases/VLink/QA/VLinkSale-Successful" status="FAILED">
         <failure type="FAILED" message="Test Cases/VLink/QA/VLinkSale-Successful FAILED.
Reason:
com.kms.katalon.core.exception.StepFailedException: Text 'Transaction approved, no errors' is not present on page  using regular expression (Root cause: com.kms.katalon.core.exception.StepFailedException: Text 'Transaction approved, no errors' is not present on page  using regular expression
	at com.kms.katalon.core.webui.keyword.internal.WebUIKeywordMain.stepFailed(WebUIKeywordMain.groovy:64)
	at com.kms.katalon.core.webui.keyword.builtin.VerifyTextPresentKeyword$_verifyTextPresent_closure1.doCall(VerifyTextPresentKeyword.groovy:79)
	at com.kms.katalon.core.webui.keyword.builtin.VerifyTextPresentKeyword$_verifyTextPresent_closure1.call(VerifyTextPresentKeyword.groovy)
	at com.kms.katalon.core.webui.keyword.internal.WebUIKeywordMain.runKeyword(WebUIKeywordMain.groovy:20)
	at com.kms.katalon.core.webui.keyword.builtin.VerifyTextPresentKeyword.verifyTextPresent(VerifyTextPresentKeyword.groovy:83)
	at com.kms.katalon.core.webui.keyword.builtin.VerifyTextPresentKeyword.execute(VerifyTextPresentKeyword.groovy:68)
	at com.kms.katalon.core.keyword.internal.KeywordExecutor.executeKeywordForPlatform(KeywordExecutor.groovy:72)
	at com.kms.katalon.core.webui.keyword.WebUiBuiltInKeywords.verifyTextPresent(WebUiBuiltInKeywords.groovy:1719)
	at com.kms.katalon.core.webui.keyword.WebUiBuiltInKeywords$verifyTextPresent$4.call(Unknown Source)
	at VLinkSale-Successful.run(VLinkSale-Successful:76)
	at com.kms.katalon.core.main.ScriptEngine.run(ScriptEngine.java:194)
	at com.kms.katalon.core.main.ScriptEngine.runScriptAsRawText(ScriptEngine.java:119)
	at com.kms.katalon.core.main.TestCaseExecutor.runScript(TestCaseExecutor.java:337)
	at com.kms.katalon.core.main.TestCaseExecutor.doExecute(TestCaseExecutor.java:328)
	at com.kms.katalon.core.main.TestCaseExecutor.processExecutionPhase(TestCaseExecutor.java:307)
	at com.kms.katalon.core.main.TestCaseExecutor.accessMainPhase(TestCaseExecutor.java:299)
	at com.kms.katalon.core.main.TestCaseExecutor.execute(TestCaseExecutor.java:233)
	at com.kms.katalon.core.main.TestSuiteExecutor.accessTestCaseMainPhase(TestSuiteExecutor.java:169)
	at com.kms.katalon.core.main.TestSuiteExecutor.accessTestSuiteMainPhase(TestSuiteExecutor.java:142)
	at com.kms.katalon.core.main.TestSuiteExecutor.execute(TestSuiteExecutor.java:91)
	at com.kms.katalon.core.main.TestCaseMain.startTestSuite(TestCaseMain.java:157)
	at com.kms.katalon.core.main.TestCaseMain$startTestSuite$0.call(Unknown Source)
	at TempTestSuite1614916340834.run(TempTestSuite1614916340834.groovy:37)
)
	at com.kms.katalon.core.keyword.internal.KeywordMain.stepFailed(KeywordMain.groovy:39)
	at com.kms.katalon.core.webui.keyword.internal.WebUIKeywordMain.stepFailed(WebUIKeywordMain.groovy:64)
	at com.kms.katalon.core.webui.keyword.builtin.VerifyTextPresentKeyword$_verifyTextPresent_closure1.doCall(VerifyTextPresentKeyword.groovy:79)
	at com.kms.katalon.core.webui.keyword.builtin.VerifyTextPresentKeyword$_verifyTextPresent_closure1.call(VerifyTextPresentKeyword.groovy)
	at com.kms.katalon.core.webui.keyword.internal.WebUIKeywordMain.runKeyword(WebUIKeywordMain.groovy:20)
	at com.kms.katalon.core.webui.keyword.builtin.VerifyTextPresentKeyword.verifyTextPresent(VerifyTextPresentKeyword.groovy:83)
	at com.kms.katalon.core.webui.keyword.builtin.VerifyTextPresentKeyword.execute(VerifyTextPresentKeyword.groovy:68)
	at com.kms.katalon.core.keyword.internal.KeywordExecutor.executeKeywordForPlatform(KeywordExecutor.groovy:72)
	at com.kms.katalon.core.webui.keyword.WebUiBuiltInKeywords.verifyTextPresent(WebUiBuiltInKeywords.groovy:1719)
	at com.kms.katalon.core.webui.keyword.WebUiBuiltInKeywords$verifyTextPresent$4.call(Unknown Source)
	at VLinkSale-Successful.run(VLinkSale-Successful:76)
	at com.kms.katalon.core.main.ScriptEngine.run(ScriptEngine.java:194)
	at com.kms.katalon.core.main.ScriptEngine.runScriptAsRawText(ScriptEngine.java:119)
	at com.kms.katalon.core.main.TestCaseExecutor.runScript(TestCaseExecutor.java:337)
	at com.kms.katalon.core.main.TestCaseExecutor.doExecute(TestCaseExecutor.java:328)
	at com.kms.katalon.core.main.TestCaseExecutor.processExecutionPhase(TestCaseExecutor.java:307)
	at com.kms.katalon.core.main.TestCaseExecutor.accessMainPhase(TestCaseExecutor.java:299)
	at com.kms.katalon.core.main.TestCaseExecutor.execute(TestCaseExecutor.java:233)
	at com.kms.katalon.core.main.TestSuiteExecutor.accessTestCaseMainPhase(TestSuiteExecutor.java:169)
	at com.kms.katalon.core.main.TestSuiteExecutor.accessTestSuiteMainPhase(TestSuiteExecutor.java:142)
	at com.kms.katalon.core.main.TestSuiteExecutor.execute(TestSuiteExecutor.java:91)
	at com.kms.katalon.core.main.TestCaseMain.startTestSuite(TestCaseMain.java:157)
	at com.kms.katalon.core.main.TestCaseMain$startTestSuite$0.call(Unknown Source)
	at TempTestSuite1614916340834.run(TempTestSuite1614916340834.groovy:37)
Caused by: com.kms.katalon.core.exception.StepFailedException: Text 'Transaction approved, no errors' is not present on page  using regular expression
	... 23 more
"/>
         <system-out><![CDATA[2021-03-04 22:52:23 - [TEST_CASE][FAILED] - Test Cases/VLink/QA/VLinkSale-Successful: Test Cases/VLink/QA/VLinkSale-Successful FAILED.
Reason:
com.kms.katalon.core.exception.StepFailedException: Text 'Transaction approved, no errors' is not present on page  using regular expression (Root cause: com.kms.katalon.core.exception.StepFailedException: Text 'Transaction approved, no errors' is not present on page  using regular expression
	at com.kms.katalon.core.webui.keyword.internal.WebUIKeywordMain.stepFailed(WebUIKeywordMain.groovy:64)
	at com.kms.katalon.core.webui.keyword.builtin.VerifyTextPresentKeyword$_verifyTextPresent_closure1.doCall(VerifyTextPresentKeyword.groovy:79)
	at com.kms.katalon.core.webui.keyword.builtin.VerifyTextPresentKeyword$_verifyTextPresent_closure1.call(VerifyTextPresentKeyword.groovy)
	at com.kms.katalon.core.webui.keyword.internal.WebUIKeywordMain.runKeyword(WebUIKeywordMain.groovy:20)
	at com.kms.katalon.core.webui.keyword.builtin.VerifyTextPresentKeyword.verifyTextPresent(VerifyTextPresentKeyword.groovy:83)
	at com.kms.katalon.core.webui.keyword.builtin.VerifyTextPresentKeyword.execute(VerifyTextPresentKeyword.groovy:68)
	at com.kms.katalon.core.keyword.internal.KeywordExecutor.executeKeywordForPlatform(KeywordExecutor.groovy:72)
	at com.kms.katalon.core.webui.keyword.WebUiBuiltInKeywords.verifyTextPresent(WebUiBuiltInKeywords.groovy:1719)
	at com.kms.katalon.core.webui.keyword.WebUiBuiltInKeywords$verifyTextPresent$4.call(Unknown Source)
	at VLinkSale-Successful.run(VLinkSale-Successful:76)
	at com.kms.katalon.core.main.ScriptEngine.run(ScriptEngine.java:194)
	at com.kms.katalon.core.main.ScriptEngine.runScriptAsRawText(ScriptEngine.java:119)
	at com.kms.katalon.core.main.TestCaseExecutor.runScript(TestCaseExecutor.java:337)
	at com.kms.katalon.core.main.TestCaseExecutor.doExecute(TestCaseExecutor.java:328)
	at com.kms.katalon.core.main.TestCaseExecutor.processExecutionPhase(TestCaseExecutor.java:307)
	at com.kms.katalon.core.main.TestCaseExecutor.accessMainPhase(TestCaseExecutor.java:299)
	at com.kms.katalon.core.main.TestCaseExecutor.execute(TestCaseExecutor.java:233)
	at com.kms.katalon.core.main.TestSuiteExecutor.accessTestCaseMainPhase(TestSuiteExecutor.java:169)
	at com.kms.katalon.core.main.TestSuiteExecutor.accessTestSuiteMainPhase(TestSuiteExecutor.java:142)
	at com.kms.katalon.core.main.TestSuiteExecutor.execute(TestSuiteExecutor.java:91)
	at com.kms.katalon.core.main.TestCaseMain.startTestSuite(TestCaseMain.java:157)
	at com.kms.katalon.core.main.TestCaseMain$startTestSuite$0.call(Unknown Source)
	at TempTestSuite1614916340834.run(TempTestSuite1614916340834.groovy:37)
)
	at com.kms.katalon.core.keyword.internal.KeywordMain.stepFailed(KeywordMain.groovy:39)
	at com.kms.katalon.core.webui.keyword.internal.WebUIKeywordMain.stepFailed(WebUIKeywordMain.groovy:64)
	at com.kms.katalon.core.webui.keyword.builtin.VerifyTextPresentKeyword$_verifyTextPresent_closure1.doCall(VerifyTextPresentKeyword.groovy:79)
	at com.kms.katalon.core.webui.keyword.builtin.VerifyTextPresentKeyword$_verifyTextPresent_closure1.call(VerifyTextPresentKeyword.groovy)
	at com.kms.katalon.core.webui.keyword.internal.WebUIKeywordMain.runKeyword(WebUIKeywordMain.groovy:20)
	at com.kms.katalon.core.webui.keyword.builtin.VerifyTextPresentKeyword.verifyTextPresent(VerifyTextPresentKeyword.groovy:83)
	at com.kms.katalon.core.webui.keyword.builtin.VerifyTextPresentKeyword.execute(VerifyTextPresentKeyword.groovy:68)
	at com.kms.katalon.core.keyword.internal.KeywordExecutor.executeKeywordForPlatform(KeywordExecutor.groovy:72)
	at com.kms.katalon.core.webui.keyword.WebUiBuiltInKeywords.verifyTextPresent(WebUiBuiltInKeywords.groovy:1719)
	at com.kms.katalon.core.webui.keyword.WebUiBuiltInKeywords$verifyTextPresent$4.call(Unknown Source)
	at VLinkSale-Successful.run(VLinkSale-Successful:76)
	at com.kms.katalon.core.main.ScriptEngine.run(ScriptEngine.java:194)
	at com.kms.katalon.core.main.ScriptEngine.runScriptAsRawText(ScriptEngine.java:119)
	at com.kms.katalon.core.main.TestCaseExecutor.runScript(TestCaseExecutor.java:337)
	at com.kms.katalon.core.main.TestCaseExecutor.doExecute(TestCaseExecutor.java:328)
	at com.kms.katalon.core.main.TestCaseExecutor.processExecutionPhase(TestCaseExecutor.java:307)
	at com.kms.katalon.core.main.TestCaseExecutor.accessMainPhase(TestCaseExecutor.java:299)
	at com.kms.katalon.core.main.TestCaseExecutor.execute(TestCaseExecutor.java:233)
	at com.kms.katalon.core.main.TestSuiteExecutor.accessTestCaseMainPhase(TestSuiteExecutor.java:169)
	at com.kms.katalon.core.main.TestSuiteExecutor.accessTestSuiteMainPhase(TestSuiteExecutor.java:142)
	at com.kms.katalon.core.main.TestSuiteExecutor.execute(TestSuiteExecutor.java:91)
	at com.kms.katalon.core.main.TestCaseMain.startTestSuite(TestCaseMain.java:157)
	at com.kms.katalon.core.main.TestCaseMain$startTestSuite$0.call(Unknown Source)
	at TempTestSuite1614916340834.run(TempTestSuite1614916340834.groovy:37)
Caused by: com.kms.katalon.core.exception.StepFailedException: Text 'Transaction approved, no errors' is not present on page  using regular expression
	... 23 more


2021-03-04 22:52:24 - [TEST_STEP][PASSED] - resText = "Fail": null

2021-03-04 22:52:24 - [TEST_STEP][PASSED] - resColumn = "Result": null

2021-03-04 22:52:24 - [TEST_STEP][PASSED] - datCloumn = "Date": null

2021-03-04 22:52:24 - [TEST_STEP][PASSED] - fileLoc = "C:\KatalonData\VLinkCCTestData.xlsx": null

2021-03-04 22:52:24 - [TEST_STEP][PASSED] - nameSheet = "CCSaleData": null

2021-03-04 22:52:24 - [TEST_STEP][PASSED] - numOfRows = findTestData("QA/VLinkTestData/VLinkCCTestData").getRowNumbers(): null

2021-03-04 22:52:24 - [TEST_STEP][PASSED] - println("Number of Records: " + numOfRows): null

2021-03-04 22:52:24 - [TEST_STEP][PASSED] - dataFile = "QA/VLinkTestData/VLinkCCTestData": null

2021-03-04 22:52:24 - [TEST_STEP][FAILED] - for ([row = 1, row <= numOfRows, (row++)]): null

2021-03-04 22:52:24 - [TEST_STEP][PASSED] - out.println("Begin Record Number: " + row): null

2021-03-04 22:52:24 - [TEST_STEP][PASSED] - today = new java.util.Date(): null

2021-03-04 22:52:24 - [TEST_STEP][PASSED] - println(today): null

2021-03-04 22:52:24 - [TEST_STEP][PASSED] - datText = today: null

2021-03-04 22:52:24 - [TEST_STEP][PASSED] - openBrowser(VLinkURL + "authcap.html"): Browser is opened with url: 'https://dev-algorithm.govolution.com/vlinktest/QA/version_2_0/authcap.html'

2021-03-04 22:52:25 - [MESSAGE][INFO] - Starting 'Chrome' driver

2021-03-04 22:52:25 - [MESSAGE][INFO] - User set preference: ['acceptInsecureCerts', 'true']

2021-03-04 22:52:25 - [MESSAGE][INFO] - Action delay is set to 0 milliseconds

2021-03-04 22:52:30 - [MESSAGE][PASSED] - Browser is opened with url: 'https://dev-algorithm.govolution.com/vlinktest/QA/version_2_0/authcap.html'

2021-03-04 22:52:30 - [TEST_STEP][PASSED] - maximizeWindow(): Current window maximized

2021-03-04 22:52:30 - [MESSAGE][PASSED] - Current window maximized

2021-03-04 22:52:30 - [TEST_STEP][PASSED] - vlinkPages.saleCCPage.setDataSCC(row, dataFile): vlinkPages.saleCCPage.setDataSCC is PASSED

2021-03-04 22:52:33 - [MESSAGE][PASSED] - Object 'Object Repository/VLink/Page_CCSale/txt_CardNumber' is present

2021-03-04 22:52:34 - [MESSAGE][PASSED] - Object 'Object Repository/VLink/Page_CCSale/txt_TransactionType' is present

2021-03-04 22:52:34 - [MESSAGE][PASSED] - Text '104' is set on object 'Object Repository/VLink/Page_CCSale/txt_TransactionType'

2021-03-04 22:52:35 - [MESSAGE][PASSED] - Object 'Object Repository/VLink/Page_CCSale/txt_MessageVersion' is present

2021-03-04 22:52:35 - [MESSAGE][PASSED] - Text '2.0C' is set on object 'Object Repository/VLink/Page_CCSale/txt_MessageVersion'

2021-03-04 22:52:36 - [MESSAGE][PASSED] - Object 'Object Repository/VLink/Page_CCSale/txt_RemID' is present

2021-03-04 22:52:36 - [MESSAGE][PASSED] - Text 'TAcpth0HyrEx' is set on object 'Object Repository/VLink/Page_CCSale/txt_RemID'

2021-03-04 22:52:36 - [MESSAGE][PASSED] - Object 'Object Repository/VLink/Page_CCSale/txt_ApplicationId' is present

2021-03-04 22:52:37 - [MESSAGE][PASSED] - Text '665' is set on object 'Object Repository/VLink/Page_CCSale/txt_ApplicationId'

2021-03-04 22:52:37 - [MESSAGE][PASSED] - Object 'Object Repository/VLink/Page_CCSale/txt_Username' is present

2021-03-04 22:52:38 - [MESSAGE][PASSED] - Text 'username' is set on object 'Object Repository/VLink/Page_CCSale/txt_Username'

2021-03-04 22:52:38 - [MESSAGE][PASSED] - Object 'Object Repository/VLink/Page_CCSale/txt_Password' is present

2021-03-04 22:52:39 - [MESSAGE][PASSED] - Text 'password' is set on object 'Object Repository/VLink/Page_CCSale/txt_Password'

2021-03-04 22:52:39 - [MESSAGE][PASSED] - Object 'Object Repository/VLink/Page_CCSale/txt_ResponseFormat' is present

2021-03-04 22:52:40 - [MESSAGE][PASSED] - Text 'fixed_width' is set on object 'Object Repository/VLink/Page_CCSale/txt_ResponseFormat'

2021-03-04 22:52:40 - [MESSAGE][PASSED] - Object 'Object Repository/VLink/Page_CCSale/txt_Category' is present

2021-03-04 22:52:41 - [MESSAGE][PASSED] - Text 'ECOM' is set on object 'Object Repository/VLink/Page_CCSale/txt_Category'

2021-03-04 22:52:42 - [MESSAGE][PASSED] - Object 'Object Repository/VLink/Page_CCSale/txt_TransactionID' is present

2021-03-04 22:52:42 - [MESSAGE][PASSED] - Text '' is set on object 'Object Repository/VLink/Page_CCSale/txt_TransactionID'

2021-03-04 22:52:43 - [MESSAGE][PASSED] - Object 'Object Repository/VLink/Page_CCSale/txt_ApprovalCode' is present

2021-03-04 22:52:43 - [MESSAGE][PASSED] - Text '' is set on object 'Object Repository/VLink/Page_CCSale/txt_ApprovalCode'

2021-03-04 22:52:44 - [MESSAGE][PASSED] - Object 'Object Repository/VLink/Page_CCSale/txt_CardName' is present

2021-03-04 22:52:44 - [MESSAGE][PASSED] - Text 'Kris Roshan' is set on object 'Object Repository/VLink/Page_CCSale/txt_CardName'

2021-03-04 22:52:45 - [MESSAGE][PASSED] - Object 'Object Repository/VLink/Page_CCSale/txt_AL1' is present

2021-03-04 22:52:45 - [MESSAGE][PASSED] - Text '258 Elm Road' is set on object 'Object Repository/VLink/Page_CCSale/txt_AL1'

2021-03-04 22:52:45 - [MESSAGE][PASSED] - Object 'Object Repository/VLink/Page_CCSale/txt_AL2' is present

2021-03-04 22:52:46 - [MESSAGE][PASSED] - Text 'Suite 56' is set on object 'Object Repository/VLink/Page_CCSale/txt_AL2'

2021-03-04 22:52:46 - [MESSAGE][PASSED] - Object 'Object Repository/VLink/Page_CCSale/txt_CardCity' is present

2021-03-04 22:52:47 - [MESSAGE][PASSED] - Text 'Arlington' is set on object 'Object Repository/VLink/Page_CCSale/txt_CardCity'

2021-03-04 22:52:47 - [MESSAGE][PASSED] - Object 'Object Repository/VLink/Page_CCSale/txt_CardState' is present

2021-03-04 22:52:48 - [MESSAGE][PASSED] - Text 'VA' is set on object 'Object Repository/VLink/Page_CCSale/txt_CardState'

2021-03-04 22:52:48 - [MESSAGE][PASSED] - Object 'Object Repository/VLink/Page_CCSale/txt_CardZIP' is present

2021-03-04 22:52:49 - [MESSAGE][PASSED] - Text '22201' is set on object 'Object Repository/VLink/Page_CCSale/txt_CardZIP'

2021-03-04 22:52:49 - [MESSAGE][PASSED] - Object 'Object Repository/VLink/Page_CCSale/txt_CountryID' is present

2021-03-04 22:52:50 - [MESSAGE][PASSED] - Text '840' is set on object 'Object Repository/VLink/Page_CCSale/txt_CountryID'

2021-03-04 22:52:50 - [MESSAGE][PASSED] - Object 'Object Repository/VLink/Page_CCSale/txt_Amount' is present

2021-03-04 22:52:51 - [MESSAGE][PASSED] - Text '1.50' is set on object 'Object Repository/VLink/Page_CCSale/txt_Amount'

2021-03-04 22:52:51 - [MESSAGE][PASSED] - Object 'Object Repository/VLink/Page_CCSale/txt_CardNumber' is present

2021-03-04 22:52:52 - [MESSAGE][PASSED] - Text '4111111111111111' is set on object 'Object Repository/VLink/Page_CCSale/txt_CardNumber'

2021-03-04 22:52:52 - [MESSAGE][PASSED] - Object 'Object Repository/VLink/Page_CCSale/txt_ExpMonth' is present

2021-03-04 22:52:53 - [MESSAGE][PASSED] - Text '12' is set on object 'Object Repository/VLink/Page_CCSale/txt_ExpMonth'

2021-03-04 22:52:53 - [MESSAGE][PASSED] - Object 'Object Repository/VLink/Page_CCSale/txt_ExpYear' is present

2021-03-04 22:52:54 - [MESSAGE][PASSED] - Text '2025' is set on object 'Object Repository/VLink/Page_CCSale/txt_ExpYear'

2021-03-04 22:52:54 - [MESSAGE][PASSED] - Object 'Object Repository/VLink/Page_CCSale/txt_CVV' is present

2021-03-04 22:52:55 - [MESSAGE][PASSED] - Text '' is set on object 'Object Repository/VLink/Page_CCSale/txt_CVV'

2021-03-04 22:52:55 - [MESSAGE][PASSED] - Object 'Object Repository/VLink/Page_CCSale/txt_CVVstate' is present

2021-03-04 22:52:56 - [MESSAGE][PASSED] - Text '' is set on object 'Object Repository/VLink/Page_CCSale/txt_CVVstate'

2021-03-04 22:52:56 - [MESSAGE][PASSED] - Object 'Object Repository/VLink/Page_CCSale/txt_TrackData' is present

2021-03-04 22:52:57 - [MESSAGE][PASSED] - Text '' is set on object 'Object Repository/VLink/Page_CCSale/txt_TrackData'

2021-03-04 22:52:57 - [MESSAGE][PASSED] - Object 'Object Repository/VLink/Page_CCSale/txt_Track1Data' is present

2021-03-04 22:52:58 - [MESSAGE][PASSED] - Text '' is set on object 'Object Repository/VLink/Page_CCSale/txt_Track1Data'

2021-03-04 22:52:58 - [MESSAGE][PASSED] - Object 'Object Repository/VLink/Page_CCSale/txt_Track2Data' is present

2021-03-04 22:52:59 - [MESSAGE][PASSED] - Text '' is set on object 'Object Repository/VLink/Page_CCSale/txt_Track2Data'

2021-03-04 22:52:59 - [MESSAGE][PASSED] - Object 'Object Repository/VLink/Page_CCSale/txt_POSEntryMode' is present

2021-03-04 22:52:59 - [MESSAGE][PASSED] - Text 'manual' is set on object 'Object Repository/VLink/Page_CCSale/txt_POSEntryMode'

2021-03-04 22:53:00 - [MESSAGE][PASSED] - Object 'Object Repository/VLink/Page_CCSale/txt_Email' is present

2021-03-04 22:53:00 - [MESSAGE][PASSED] - Text 'iahmed@govolution.com' is set on object 'Object Repository/VLink/Page_CCSale/txt_Email'

2021-03-04 22:53:01 - [MESSAGE][PASSED] - Object 'Object Repository/VLink/Page_CCSale/txt_OrderNumber' is present

2021-03-04 22:53:01 - [MESSAGE][PASSED] - Text '2569362' is set on object 'Object Repository/VLink/Page_CCSale/txt_OrderNumber'

2021-03-04 22:53:02 - [MESSAGE][PASSED] - Object 'Object Repository/VLink/Page_CCSale/txt_TaxAmount' is present

2021-03-04 22:53:02 - [MESSAGE][PASSED] - Text '1.15' is set on object 'Object Repository/VLink/Page_CCSale/txt_TaxAmount'

2021-03-04 22:53:03 - [MESSAGE][PASSED] - Object 'Object Repository/VLink/Page_CCSale/txt_ChargeDescription' is present

2021-03-04 22:53:03 - [MESSAGE][PASSED] - Text 'Charge Description' is set on object 'Object Repository/VLink/Page_CCSale/txt_ChargeDescription'

2021-03-04 22:53:04 - [MESSAGE][PASSED] - Object 'Object Repository/VLink/Page_CCSale/txt_CAN' is present

2021-03-04 22:53:04 - [MESSAGE][PASSED] - Text '147357' is set on object 'Object Repository/VLink/Page_CCSale/txt_CAN'

2021-03-04 22:53:05 - [MESSAGE][PASSED] - Object 'Object Repository/VLink/Page_CCSale/txt_BillPaymentIndicator' is present

2021-03-04 22:53:05 - [MESSAGE][PASSED] - Text '1' is set on object 'Object Repository/VLink/Page_CCSale/txt_BillPaymentIndicator'

2021-03-04 22:53:06 - [MESSAGE][PASSED] - Object 'Object Repository/VLink/Page_CCSale/txt_UDF1' is present

2021-03-04 22:53:06 - [MESSAGE][PASSED] - Text 'UDF Data 1' is set on object 'Object Repository/VLink/Page_CCSale/txt_UDF1'

2021-03-04 22:53:07 - [MESSAGE][PASSED] - Object 'Object Repository/VLink/Page_CCSale/txt_UDF2' is present

2021-03-04 22:53:07 - [MESSAGE][PASSED] - Text 'UDF Data 2' is set on object 'Object Repository/VLink/Page_CCSale/txt_UDF2'

2021-03-04 22:53:08 - [MESSAGE][PASSED] - Object 'Object Repository/VLink/Page_CCSale/txt_UDF3' is present

2021-03-04 22:53:08 - [MESSAGE][PASSED] - Text 'UDF Data 3' is set on object 'Object Repository/VLink/Page_CCSale/txt_UDF3'

2021-03-04 22:53:09 - [MESSAGE][PASSED] - Object 'Object Repository/VLink/Page_CCSale/txt_UDF4' is present

2021-03-04 22:53:09 - [MESSAGE][PASSED] - Text 'UDF Data 4' is set on object 'Object Repository/VLink/Page_CCSale/txt_UDF4'

2021-03-04 22:53:10 - [MESSAGE][PASSED] - Object 'Object Repository/VLink/Page_CCSale/txt_UDF5' is present

2021-03-04 22:53:10 - [MESSAGE][PASSED] - Text 'UDF Data 5' is set on object 'Object Repository/VLink/Page_CCSale/txt_UDF5'

2021-03-04 22:53:11 - [MESSAGE][PASSED] - Object 'Object Repository/VLink/Page_CCSale/txt_UDF6' is present

2021-03-04 22:53:11 - [MESSAGE][PASSED] - Text 'UDF Data 6' is set on object 'Object Repository/VLink/Page_CCSale/txt_UDF6'

2021-03-04 22:53:12 - [MESSAGE][PASSED] - Object 'Object Repository/VLink/Page_CCSale/txt_UDF7' is present

2021-03-04 22:53:12 - [MESSAGE][PASSED] - Text 'UDF Data 7' is set on object 'Object Repository/VLink/Page_CCSale/txt_UDF7'

2021-03-04 22:53:12 - [MESSAGE][PASSED] - Object 'Object Repository/VLink/Page_CCSale/txt_UDF8' is present

2021-03-04 22:53:13 - [MESSAGE][PASSED] - Text 'UDF Data 8' is set on object 'Object Repository/VLink/Page_CCSale/txt_UDF8'

2021-03-04 22:53:13 - [MESSAGE][PASSED] - Object 'Object Repository/VLink/Page_CCSale/txt_UDF9' is present

2021-03-04 22:53:14 - [MESSAGE][PASSED] - Text 'UDF Data 9' is set on object 'Object Repository/VLink/Page_CCSale/txt_UDF9'

2021-03-04 22:53:14 - [MESSAGE][PASSED] - Object 'Object Repository/VLink/Page_CCSale/txt_UDF10' is present

2021-03-04 22:53:15 - [MESSAGE][PASSED] - Text 'UDF Data 10' is set on object 'Object Repository/VLink/Page_CCSale/txt_UDF10'

2021-03-04 22:53:15 - [MESSAGE][PASSED] - Object 'Object Repository/VLink/Page_CCSale/txt_CardOnFileIndicator' is present

2021-03-04 22:53:16 - [MESSAGE][PASSED] - Text '' is set on object 'Object Repository/VLink/Page_CCSale/txt_CardOnFileIndicator'

2021-03-04 22:53:16 - [MESSAGE][PASSED] - Object 'Object Repository/VLink/Page_CCSale/txt_StoredCredentialIndicator' is present

2021-03-04 22:53:17 - [MESSAGE][PASSED] - Text '' is set on object 'Object Repository/VLink/Page_CCSale/txt_StoredCredentialIndicator'

2021-03-04 22:53:17 - [MESSAGE][PASSED] - Object 'Object Repository/VLink/Page_CCSale/txt_COFScheduledIndicator' is present

2021-03-04 22:53:18 - [MESSAGE][PASSED] - Text '' is set on object 'Object Repository/VLink/Page_CCSale/txt_COFScheduledIndicator'

2021-03-04 22:53:18 - [MESSAGE][PASSED] - Object 'Object Repository/VLink/Page_CCSale/txt_COFTransactionInitiatedBy' is present

2021-03-04 22:53:19 - [MESSAGE][PASSED] - Text '' is set on object 'Object Repository/VLink/Page_CCSale/txt_COFTransactionInitiatedBy'

2021-03-04 22:53:22 - [MESSAGE][PASSED] - Object: 'Object Repository/VLink/Page_CCSale/btn_ProcessVLinkTransaction' is clicked on

2021-03-04 22:53:27 - [MESSAGE][PASSED] - vlinkPages.saleCCPage.setDataSCC is PASSED

2021-03-04 22:53:27 - [TEST_STEP][PASSED] - if (verifyTextPresent("Transaction approved, no errors", true)): null

2021-03-04 22:53:27 - [MESSAGE][PASSED] - Text 'Transaction approved, no errors' is present on page  using regular expression

2021-03-04 22:53:27 - [TEST_STEP][PASSED] - println("Transaction Approved, no errors text is present on the Confirmation page"): null

2021-03-04 22:53:27 - [TEST_STEP][PASSED] - out.println("Pass Record Number: " + row): null

2021-03-04 22:53:27 - [TEST_STEP][PASSED] - resText = "Pass": null

2021-03-04 22:53:27 - [TEST_STEP][PASSED] - pages.WriteExcel.demoKey(resText, datText, resColumn, datCloumn, fileLoc, nameSheet, row): pages.WriteExcel.demoKey is PASSED

2021-03-04 22:53:27 - [MESSAGE][PASSED] - pages.WriteExcel.demoKey is PASSED

2021-03-04 22:53:27 - [TEST_STEP][PASSED] - sdfo = getText(findTestObject("Object Repository/Page_VLinkReceipt/pre_STX")): Text of object 'Object Repository/Page_VLinkReceipt/pre_STX' is: '<STX>TAcpth0HyrEx                  12089831            0  Transaction approved, no errors                   0                                                                                  XXOK7310   <ETX>'

2021-03-04 22:53:28 - [MESSAGE][PASSED] - Text of object 'Object Repository/Page_VLinkReceipt/pre_STX' is: '<STX>TAcpth0HyrEx                  12089831            0  Transaction approved, no errors                   0                                                                                  XXOK7310   <ETX>'

2021-03-04 22:53:28 - [TEST_STEP][PASSED] - out.println("sdfo: " + sdfo): null

2021-03-04 22:53:28 - [TEST_STEP][PASSED] - remID = substring(5, 35).trim(): null

2021-03-04 22:53:28 - [TEST_STEP][PASSED] - out.println("Remittance ID: " + remID): null

2021-03-04 22:53:28 - [TEST_STEP][PASSED] - traxID = substring(35, 55).trim(): null

2021-03-04 22:53:28 - [TEST_STEP][PASSED] - out.println("Transaction ID: " + traxID): null

2021-03-04 22:53:28 - [TEST_STEP][PASSED] - out.println("End Record Number: " + row): null

2021-03-04 22:53:28 - [TEST_STEP][PASSED] - closeBrowser(): Browser is closed

2021-03-04 22:53:28 - [MESSAGE][PASSED] - Browser is closed

2021-03-04 22:53:28 - [TEST_STEP][PASSED] - out.println("Begin Record Number: " + row): null

2021-03-04 22:53:28 - [TEST_STEP][PASSED] - today = new java.util.Date(): null

2021-03-04 22:53:28 - [TEST_STEP][PASSED] - println(today): null

2021-03-04 22:53:28 - [TEST_STEP][PASSED] - datText = today: null

2021-03-04 22:53:28 - [TEST_STEP][PASSED] - openBrowser(VLinkURL + "authcap.html"): Browser is opened with url: 'https://dev-algorithm.govolution.com/vlinktest/QA/version_2_0/authcap.html'

2021-03-04 22:53:28 - [MESSAGE][INFO] - Starting 'Chrome' driver

2021-03-04 22:53:28 - [MESSAGE][INFO] - User set preference: ['acceptInsecureCerts', 'true']

2021-03-04 22:53:28 - [MESSAGE][INFO] - Action delay is set to 0 milliseconds

2021-03-04 22:53:33 - [MESSAGE][PASSED] - Browser is opened with url: 'https://dev-algorithm.govolution.com/vlinktest/QA/version_2_0/authcap.html'

2021-03-04 22:53:33 - [TEST_STEP][PASSED] - maximizeWindow(): Current window maximized

2021-03-04 22:53:33 - [MESSAGE][PASSED] - Current window maximized

2021-03-04 22:53:33 - [TEST_STEP][PASSED] - vlinkPages.saleCCPage.setDataSCC(row, dataFile): vlinkPages.saleCCPage.setDataSCC is PASSED

2021-03-04 22:53:35 - [MESSAGE][PASSED] - Object 'Object Repository/VLink/Page_CCSale/txt_CardNumber' is present

2021-03-04 22:53:35 - [MESSAGE][PASSED] - Object 'Object Repository/VLink/Page_CCSale/txt_TransactionType' is present

2021-03-04 22:53:36 - [MESSAGE][PASSED] - Text '104' is set on object 'Object Repository/VLink/Page_CCSale/txt_TransactionType'

2021-03-04 22:53:36 - [MESSAGE][PASSED] - Object 'Object Repository/VLink/Page_CCSale/txt_MessageVersion' is present

2021-03-04 22:53:37 - [MESSAGE][PASSED] - Text '2.0C' is set on object 'Object Repository/VLink/Page_CCSale/txt_MessageVersion'

2021-03-04 22:53:37 - [MESSAGE][PASSED] - Object 'Object Repository/VLink/Page_CCSale/txt_RemID' is present

2021-03-04 22:53:38 - [MESSAGE][PASSED] - Text 'D6WFNfpnqQnT' is set on object 'Object Repository/VLink/Page_CCSale/txt_RemID'

2021-03-04 22:53:38 - [MESSAGE][PASSED] - Object 'Object Repository/VLink/Page_CCSale/txt_ApplicationId' is present

2021-03-04 22:53:38 - [MESSAGE][PASSED] - Text '672' is set on object 'Object Repository/VLink/Page_CCSale/txt_ApplicationId'

2021-03-04 22:53:39 - [MESSAGE][PASSED] - Object 'Object Repository/VLink/Page_CCSale/txt_Username' is present

2021-03-04 22:53:39 - [MESSAGE][PASSED] - Text 'username' is set on object 'Object Repository/VLink/Page_CCSale/txt_Username'

2021-03-04 22:53:40 - [MESSAGE][PASSED] - Object 'Object Repository/VLink/Page_CCSale/txt_Password' is present

2021-03-04 22:53:40 - [MESSAGE][PASSED] - Text 'password' is set on object 'Object Repository/VLink/Page_CCSale/txt_Password'

2021-03-04 22:53:40 - [MESSAGE][PASSED] - Object 'Object Repository/VLink/Page_CCSale/txt_ResponseFormat' is present

2021-03-04 22:53:41 - [MESSAGE][PASSED] - Text 'fixed_width' is set on object 'Object Repository/VLink/Page_CCSale/txt_ResponseFormat'

2021-03-04 22:53:41 - [MESSAGE][PASSED] - Object 'Object Repository/VLink/Page_CCSale/txt_Category' is present

2021-03-04 22:53:42 - [MESSAGE][PASSED] - Text 'ECOM' is set on object 'Object Repository/VLink/Page_CCSale/txt_Category'

2021-03-04 22:53:42 - [MESSAGE][PASSED] - Object 'Object Repository/VLink/Page_CCSale/txt_TransactionID' is present

2021-03-04 22:53:43 - [MESSAGE][PASSED] - Text '' is set on object 'Object Repository/VLink/Page_CCSale/txt_TransactionID'

2021-03-04 22:53:43 - [MESSAGE][PASSED] - Object 'Object Repository/VLink/Page_CCSale/txt_ApprovalCode' is present

2021-03-04 22:53:44 - [MESSAGE][PASSED] - Text '' is set on object 'Object Repository/VLink/Page_CCSale/txt_ApprovalCode'

2021-03-04 22:53:44 - [MESSAGE][PASSED] - Object 'Object Repository/VLink/Page_CCSale/txt_CardName' is present

2021-03-04 22:53:45 - [MESSAGE][PASSED] - Text 'Arvind Silva' is set on object 'Object Repository/VLink/Page_CCSale/txt_CardName'

2021-03-04 22:53:45 - [MESSAGE][PASSED] - Object 'Object Repository/VLink/Page_CCSale/txt_AL1' is present

2021-03-04 22:53:46 - [MESSAGE][PASSED] - Text '111 Main Ave' is set on object 'Object Repository/VLink/Page_CCSale/txt_AL1'

2021-03-04 22:53:46 - [MESSAGE][PASSED] - Object 'Object Repository/VLink/Page_CCSale/txt_AL2' is present

2021-03-04 22:53:47 - [MESSAGE][PASSED] - Text '' is set on object 'Object Repository/VLink/Page_CCSale/txt_AL2'

2021-03-04 22:53:47 - [MESSAGE][PASSED] - Object 'Object Repository/VLink/Page_CCSale/txt_CardCity' is present

2021-03-04 22:53:48 - [MESSAGE][PASSED] - Text 'Arlington' is set on object 'Object Repository/VLink/Page_CCSale/txt_CardCity'

2021-03-04 22:53:48 - [MESSAGE][PASSED] - Object 'Object Repository/VLink/Page_CCSale/txt_CardState' is present

2021-03-04 22:53:49 - [MESSAGE][PASSED] - Text 'VA' is set on object 'Object Repository/VLink/Page_CCSale/txt_CardState'

2021-03-04 22:53:49 - [MESSAGE][PASSED] - Object 'Object Repository/VLink/Page_CCSale/txt_CardZIP' is present

2021-03-04 22:53:50 - [MESSAGE][PASSED] - Text '22201' is set on object 'Object Repository/VLink/Page_CCSale/txt_CardZIP'

2021-03-04 22:53:50 - [MESSAGE][PASSED] - Object 'Object Repository/VLink/Page_CCSale/txt_CountryID' is present

2021-03-04 22:53:51 - [MESSAGE][PASSED] - Text '' is set on object 'Object Repository/VLink/Page_CCSale/txt_CountryID'

2021-03-04 22:53:51 - [MESSAGE][PASSED] - Object 'Object Repository/VLink/Page_CCSale/txt_Amount' is present

2021-03-04 22:53:52 - [MESSAGE][PASSED] - Text '2.50' is set on object 'Object Repository/VLink/Page_CCSale/txt_Amount'

2021-03-04 22:53:52 - [MESSAGE][PASSED] - Object 'Object Repository/VLink/Page_CCSale/txt_CardNumber' is present

2021-03-04 22:53:53 - [MESSAGE][PASSED] - Text '4111111111111111' is set on object 'Object Repository/VLink/Page_CCSale/txt_CardNumber'

2021-03-04 22:53:53 - [MESSAGE][PASSED] - Object 'Object Repository/VLink/Page_CCSale/txt_ExpMonth' is present

2021-03-04 22:53:54 - [MESSAGE][PASSED] - Text '01' is set on object 'Object Repository/VLink/Page_CCSale/txt_ExpMonth'

2021-03-04 22:53:54 - [MESSAGE][PASSED] - Object 'Object Repository/VLink/Page_CCSale/txt_ExpYear' is present

2021-03-04 22:53:55 - [MESSAGE][PASSED] - Text '2026' is set on object 'Object Repository/VLink/Page_CCSale/txt_ExpYear'

2021-03-04 22:53:55 - [MESSAGE][PASSED] - Object 'Object Repository/VLink/Page_CCSale/txt_CVV' is present

2021-03-04 22:53:56 - [MESSAGE][PASSED] - Text '' is set on object 'Object Repository/VLink/Page_CCSale/txt_CVV'

2021-03-04 22:53:56 - [MESSAGE][PASSED] - Object 'Object Repository/VLink/Page_CCSale/txt_CVVstate' is present

2021-03-04 22:53:57 - [MESSAGE][PASSED] - Text '' is set on object 'Object Repository/VLink/Page_CCSale/txt_CVVstate'

2021-03-04 22:53:57 - [MESSAGE][PASSED] - Object 'Object Repository/VLink/Page_CCSale/txt_TrackData' is present

2021-03-04 22:53:58 - [MESSAGE][PASSED] - Text '' is set on object 'Object Repository/VLink/Page_CCSale/txt_TrackData'

2021-03-04 22:53:58 - [MESSAGE][PASSED] - Object 'Object Repository/VLink/Page_CCSale/txt_Track1Data' is present

2021-03-04 22:53:59 - [MESSAGE][PASSED] - Text '' is set on object 'Object Repository/VLink/Page_CCSale/txt_Track1Data'

2021-03-04 22:53:59 - [MESSAGE][PASSED] - Object 'Object Repository/VLink/Page_CCSale/txt_Track2Data' is present

2021-03-04 22:54:00 - [MESSAGE][PASSED] - Text '' is set on object 'Object Repository/VLink/Page_CCSale/txt_Track2Data'

2021-03-04 22:54:00 - [MESSAGE][PASSED] - Object 'Object Repository/VLink/Page_CCSale/txt_POSEntryMode' is present

2021-03-04 22:54:01 - [MESSAGE][PASSED] - Text 'manual' is set on object 'Object Repository/VLink/Page_CCSale/txt_POSEntryMode'

2021-03-04 22:54:01 - [MESSAGE][PASSED] - Object 'Object Repository/VLink/Page_CCSale/txt_Email' is present

2021-03-04 22:54:02 - [MESSAGE][PASSED] - Text '' is set on object 'Object Repository/VLink/Page_CCSale/txt_Email'

2021-03-04 22:54:02 - [MESSAGE][PASSED] - Object 'Object Repository/VLink/Page_CCSale/txt_OrderNumber' is present

2021-03-04 22:54:03 - [MESSAGE][PASSED] - Text '' is set on object 'Object Repository/VLink/Page_CCSale/txt_OrderNumber'

2021-03-04 22:54:03 - [MESSAGE][PASSED] - Object 'Object Repository/VLink/Page_CCSale/txt_TaxAmount' is present

2021-03-04 22:54:04 - [MESSAGE][PASSED] - Text '' is set on object 'Object Repository/VLink/Page_CCSale/txt_TaxAmount'

2021-03-04 22:54:04 - [MESSAGE][PASSED] - Object 'Object Repository/VLink/Page_CCSale/txt_ChargeDescription' is present

2021-03-04 22:54:05 - [MESSAGE][PASSED] - Text '' is set on object 'Object Repository/VLink/Page_CCSale/txt_ChargeDescription'

2021-03-04 22:54:05 - [MESSAGE][PASSED] - Object 'Object Repository/VLink/Page_CCSale/txt_CAN' is present

2021-03-04 22:54:06 - [MESSAGE][PASSED] - Text '' is set on object 'Object Repository/VLink/Page_CCSale/txt_CAN'

2021-03-04 22:54:06 - [MESSAGE][PASSED] - Object 'Object Repository/VLink/Page_CCSale/txt_BillPaymentIndicator' is present

2021-03-04 22:54:07 - [MESSAGE][PASSED] - Text '' is set on object 'Object Repository/VLink/Page_CCSale/txt_BillPaymentIndicator'

2021-03-04 22:54:07 - [MESSAGE][PASSED] - Object 'Object Repository/VLink/Page_CCSale/txt_UDF1' is present

2021-03-04 22:54:08 - [MESSAGE][PASSED] - Text '' is set on object 'Object Repository/VLink/Page_CCSale/txt_UDF1'

2021-03-04 22:54:08 - [MESSAGE][PASSED] - Object 'Object Repository/VLink/Page_CCSale/txt_UDF2' is present

2021-03-04 22:54:09 - [MESSAGE][PASSED] - Text '' is set on object 'Object Repository/VLink/Page_CCSale/txt_UDF2'

2021-03-04 22:54:09 - [MESSAGE][PASSED] - Object 'Object Repository/VLink/Page_CCSale/txt_UDF3' is present

2021-03-04 22:54:10 - [MESSAGE][PASSED] - Text '' is set on object 'Object Repository/VLink/Page_CCSale/txt_UDF3'

2021-03-04 22:54:10 - [MESSAGE][PASSED] - Object 'Object Repository/VLink/Page_CCSale/txt_UDF4' is present

2021-03-04 22:54:11 - [MESSAGE][PASSED] - Text '' is set on object 'Object Repository/VLink/Page_CCSale/txt_UDF4'

2021-03-04 22:54:11 - [MESSAGE][PASSED] - Object 'Object Repository/VLink/Page_CCSale/txt_UDF5' is present

2021-03-04 22:54:12 - [MESSAGE][PASSED] - Text '' is set on object 'Object Repository/VLink/Page_CCSale/txt_UDF5'

2021-03-04 22:54:12 - [MESSAGE][PASSED] - Object 'Object Repository/VLink/Page_CCSale/txt_UDF6' is present

2021-03-04 22:54:13 - [MESSAGE][PASSED] - Text '' is set on object 'Object Repository/VLink/Page_CCSale/txt_UDF6'

2021-03-04 22:54:13 - [MESSAGE][PASSED] - Object 'Object Repository/VLink/Page_CCSale/txt_UDF7' is present

2021-03-04 22:54:14 - [MESSAGE][PASSED] - Text '' is set on object 'Object Repository/VLink/Page_CCSale/txt_UDF7'

2021-03-04 22:54:14 - [MESSAGE][PASSED] - Object 'Object Repository/VLink/Page_CCSale/txt_UDF8' is present

2021-03-04 22:54:14 - [MESSAGE][PASSED] - Text '' is set on object 'Object Repository/VLink/Page_CCSale/txt_UDF8'

2021-03-04 22:54:15 - [MESSAGE][PASSED] - Object 'Object Repository/VLink/Page_CCSale/txt_UDF9' is present

2021-03-04 22:54:15 - [MESSAGE][PASSED] - Text '' is set on object 'Object Repository/VLink/Page_CCSale/txt_UDF9'

2021-03-04 22:54:16 - [MESSAGE][PASSED] - Object 'Object Repository/VLink/Page_CCSale/txt_UDF10' is present

2021-03-04 22:54:16 - [MESSAGE][PASSED] - Text '' is set on object 'Object Repository/VLink/Page_CCSale/txt_UDF10'

2021-03-04 22:54:17 - [MESSAGE][PASSED] - Object 'Object Repository/VLink/Page_CCSale/txt_CardOnFileIndicator' is present

2021-03-04 22:54:17 - [MESSAGE][PASSED] - Text '' is set on object 'Object Repository/VLink/Page_CCSale/txt_CardOnFileIndicator'

2021-03-04 22:54:18 - [MESSAGE][PASSED] - Object 'Object Repository/VLink/Page_CCSale/txt_StoredCredentialIndicator' is present

2021-03-04 22:54:18 - [MESSAGE][PASSED] - Text '' is set on object 'Object Repository/VLink/Page_CCSale/txt_StoredCredentialIndicator'

2021-03-04 22:54:19 - [MESSAGE][PASSED] - Object 'Object Repository/VLink/Page_CCSale/txt_COFScheduledIndicator' is present

2021-03-04 22:54:19 - [MESSAGE][PASSED] - Text '' is set on object 'Object Repository/VLink/Page_CCSale/txt_COFScheduledIndicator'

2021-03-04 22:54:20 - [MESSAGE][PASSED] - Object 'Object Repository/VLink/Page_CCSale/txt_COFTransactionInitiatedBy' is present

2021-03-04 22:54:20 - [MESSAGE][PASSED] - Text '' is set on object 'Object Repository/VLink/Page_CCSale/txt_COFTransactionInitiatedBy'

2021-03-04 22:54:23 - [MESSAGE][PASSED] - Object: 'Object Repository/VLink/Page_CCSale/btn_ProcessVLinkTransaction' is clicked on

2021-03-04 22:54:28 - [MESSAGE][PASSED] - vlinkPages.saleCCPage.setDataSCC is PASSED

2021-03-04 22:54:28 - [TEST_STEP][PASSED] - if (verifyTextPresent("Transaction approved, no errors", true)): null

2021-03-04 22:54:28 - [MESSAGE][PASSED] - Text 'Transaction approved, no errors' is present on page  using regular expression

2021-03-04 22:54:28 - [TEST_STEP][PASSED] - println("Transaction Approved, no errors text is present on the Confirmation page"): null

2021-03-04 22:54:28 - [TEST_STEP][PASSED] - out.println("Pass Record Number: " + row): null

2021-03-04 22:54:28 - [TEST_STEP][PASSED] - resText = "Pass": null

2021-03-04 22:54:28 - [TEST_STEP][PASSED] - pages.WriteExcel.demoKey(resText, datText, resColumn, datCloumn, fileLoc, nameSheet, row): pages.WriteExcel.demoKey is PASSED

2021-03-04 22:54:28 - [MESSAGE][PASSED] - pages.WriteExcel.demoKey is PASSED

2021-03-04 22:54:28 - [TEST_STEP][PASSED] - sdfo = getText(findTestObject("Object Repository/Page_VLinkReceipt/pre_STX")): Text of object 'Object Repository/Page_VLinkReceipt/pre_STX' is: '<STX>D6WFNfpnqQnT                  12089832            0  Transaction approved, no errors                   0                                                                                  XXOK7660   <ETX>'

2021-03-04 22:54:29 - [MESSAGE][PASSED] - Text of object 'Object Repository/Page_VLinkReceipt/pre_STX' is: '<STX>D6WFNfpnqQnT                  12089832            0  Transaction approved, no errors                   0                                                                                  XXOK7660   <ETX>'

2021-03-04 22:54:29 - [TEST_STEP][PASSED] - out.println("sdfo: " + sdfo): null

2021-03-04 22:54:29 - [TEST_STEP][PASSED] - remID = substring(5, 35).trim(): null

2021-03-04 22:54:29 - [TEST_STEP][PASSED] - out.println("Remittance ID: " + remID): null

2021-03-04 22:54:29 - [TEST_STEP][PASSED] - traxID = substring(35, 55).trim(): null

2021-03-04 22:54:29 - [TEST_STEP][PASSED] - out.println("Transaction ID: " + traxID): null

2021-03-04 22:54:29 - [TEST_STEP][PASSED] - out.println("End Record Number: " + row): null

2021-03-04 22:54:29 - [TEST_STEP][PASSED] - closeBrowser(): Browser is closed

2021-03-04 22:54:29 - [MESSAGE][PASSED] - Browser is closed

2021-03-04 22:54:29 - [TEST_STEP][PASSED] - out.println("Begin Record Number: " + row): null

2021-03-04 22:54:29 - [TEST_STEP][PASSED] - today = new java.util.Date(): null

2021-03-04 22:54:29 - [TEST_STEP][PASSED] - println(today): null

2021-03-04 22:54:29 - [TEST_STEP][PASSED] - datText = today: null

2021-03-04 22:54:29 - [TEST_STEP][PASSED] - openBrowser(VLinkURL + "authcap.html"): Browser is opened with url: 'https://dev-algorithm.govolution.com/vlinktest/QA/version_2_0/authcap.html'

2021-03-04 22:54:29 - [MESSAGE][INFO] - Starting 'Chrome' driver

2021-03-04 22:54:29 - [MESSAGE][INFO] - User set preference: ['acceptInsecureCerts', 'true']

2021-03-04 22:54:29 - [MESSAGE][INFO] - Action delay is set to 0 milliseconds

2021-03-04 22:54:34 - [MESSAGE][PASSED] - Browser is opened with url: 'https://dev-algorithm.govolution.com/vlinktest/QA/version_2_0/authcap.html'

2021-03-04 22:54:34 - [TEST_STEP][PASSED] - maximizeWindow(): Current window maximized

2021-03-04 22:54:34 - [MESSAGE][PASSED] - Current window maximized

2021-03-04 22:54:34 - [TEST_STEP][PASSED] - vlinkPages.saleCCPage.setDataSCC(row, dataFile): vlinkPages.saleCCPage.setDataSCC is PASSED

2021-03-04 22:54:36 - [MESSAGE][PASSED] - Object 'Object Repository/VLink/Page_CCSale/txt_CardNumber' is present

2021-03-04 22:54:36 - [MESSAGE][PASSED] - Object 'Object Repository/VLink/Page_CCSale/txt_TransactionType' is present

2021-03-04 22:54:37 - [MESSAGE][PASSED] - Text '104' is set on object 'Object Repository/VLink/Page_CCSale/txt_TransactionType'

2021-03-04 22:54:37 - [MESSAGE][PASSED] - Object 'Object Repository/VLink/Page_CCSale/txt_MessageVersion' is present

2021-03-04 22:54:37 - [MESSAGE][PASSED] - Text '2.0C' is set on object 'Object Repository/VLink/Page_CCSale/txt_MessageVersion'

2021-03-04 22:54:38 - [MESSAGE][PASSED] - Object 'Object Repository/VLink/Page_CCSale/txt_RemID' is present

2021-03-04 22:54:38 - [MESSAGE][PASSED] - Text 'uWYAGkib8hWg' is set on object 'Object Repository/VLink/Page_CCSale/txt_RemID'

2021-03-04 22:54:39 - [MESSAGE][PASSED] - Object 'Object Repository/VLink/Page_CCSale/txt_ApplicationId' is present

2021-03-04 22:54:39 - [MESSAGE][PASSED] - Text '677' is set on object 'Object Repository/VLink/Page_CCSale/txt_ApplicationId'

2021-03-04 22:54:39 - [MESSAGE][PASSED] - Object 'Object Repository/VLink/Page_CCSale/txt_Username' is present

2021-03-04 22:54:40 - [MESSAGE][PASSED] - Text 'username' is set on object 'Object Repository/VLink/Page_CCSale/txt_Username'

2021-03-04 22:54:40 - [MESSAGE][PASSED] - Object 'Object Repository/VLink/Page_CCSale/txt_Password' is present

2021-03-04 22:54:41 - [MESSAGE][PASSED] - Text 'password' is set on object 'Object Repository/VLink/Page_CCSale/txt_Password'

2021-03-04 22:54:41 - [MESSAGE][PASSED] - Object 'Object Repository/VLink/Page_CCSale/txt_ResponseFormat' is present

2021-03-04 22:54:42 - [MESSAGE][PASSED] - Text 'fixed_width' is set on object 'Object Repository/VLink/Page_CCSale/txt_ResponseFormat'

2021-03-04 22:54:42 - [MESSAGE][PASSED] - Object 'Object Repository/VLink/Page_CCSale/txt_Category' is present

2021-03-04 22:54:43 - [MESSAGE][PASSED] - Text 'ECOM' is set on object 'Object Repository/VLink/Page_CCSale/txt_Category'

2021-03-04 22:54:43 - [MESSAGE][PASSED] - Object 'Object Repository/VLink/Page_CCSale/txt_TransactionID' is present

2021-03-04 22:54:44 - [MESSAGE][PASSED] - Text '' is set on object 'Object Repository/VLink/Page_CCSale/txt_TransactionID'

2021-03-04 22:54:44 - [MESSAGE][PASSED] - Object 'Object Repository/VLink/Page_CCSale/txt_ApprovalCode' is present

2021-03-04 22:54:45 - [MESSAGE][PASSED] - Text '' is set on object 'Object Repository/VLink/Page_CCSale/txt_ApprovalCode'

2021-03-04 22:54:45 - [MESSAGE][PASSED] - Object 'Object Repository/VLink/Page_CCSale/txt_CardName' is present

2021-03-04 22:54:46 - [MESSAGE][PASSED] - Text 'Roshan Maha' is set on object 'Object Repository/VLink/Page_CCSale/txt_CardName'

2021-03-04 22:54:46 - [MESSAGE][PASSED] - Object 'Object Repository/VLink/Page_CCSale/txt_AL1' is present

2021-03-04 22:54:47 - [MESSAGE][PASSED] - Text '12563 Bazaar road' is set on object 'Object Repository/VLink/Page_CCSale/txt_AL1'

2021-03-04 22:54:47 - [MESSAGE][PASSED] - Object 'Object Repository/VLink/Page_CCSale/txt_AL2' is present

2021-03-04 22:54:48 - [MESSAGE][PASSED] - Text '' is set on object 'Object Repository/VLink/Page_CCSale/txt_AL2'

2021-03-04 22:54:48 - [MESSAGE][PASSED] - Object 'Object Repository/VLink/Page_CCSale/txt_CardCity' is present

2021-03-04 22:54:49 - [MESSAGE][PASSED] - Text 'Crofton' is set on object 'Object Repository/VLink/Page_CCSale/txt_CardCity'

2021-03-04 22:54:49 - [MESSAGE][PASSED] - Object 'Object Repository/VLink/Page_CCSale/txt_CardState' is present

2021-03-04 22:54:50 - [MESSAGE][PASSED] - Text 'MD' is set on object 'Object Repository/VLink/Page_CCSale/txt_CardState'

2021-03-04 22:54:50 - [MESSAGE][PASSED] - Object 'Object Repository/VLink/Page_CCSale/txt_CardZIP' is present

2021-03-04 22:54:51 - [MESSAGE][PASSED] - Text '21114' is set on object 'Object Repository/VLink/Page_CCSale/txt_CardZIP'

2021-03-04 22:54:51 - [MESSAGE][PASSED] - Object 'Object Repository/VLink/Page_CCSale/txt_CountryID' is present

2021-03-04 22:54:52 - [MESSAGE][PASSED] - Text '' is set on object 'Object Repository/VLink/Page_CCSale/txt_CountryID'

2021-03-04 22:54:52 - [MESSAGE][PASSED] - Object 'Object Repository/VLink/Page_CCSale/txt_Amount' is present

2021-03-04 22:54:53 - [MESSAGE][PASSED] - Text '3.50' is set on object 'Object Repository/VLink/Page_CCSale/txt_Amount'

2021-03-04 22:54:53 - [MESSAGE][PASSED] - Object 'Object Repository/VLink/Page_CCSale/txt_CardNumber' is present

2021-03-04 22:54:54 - [MESSAGE][PASSED] - Text '4111111111111111' is set on object 'Object Repository/VLink/Page_CCSale/txt_CardNumber'

2021-03-04 22:54:54 - [MESSAGE][PASSED] - Object 'Object Repository/VLink/Page_CCSale/txt_ExpMonth' is present

2021-03-04 22:54:55 - [MESSAGE][PASSED] - Text '01' is set on object 'Object Repository/VLink/Page_CCSale/txt_ExpMonth'

2021-03-04 22:54:55 - [MESSAGE][PASSED] - Object 'Object Repository/VLink/Page_CCSale/txt_ExpYear' is present

2021-03-04 22:54:56 - [MESSAGE][PASSED] - Text '2026' is set on object 'Object Repository/VLink/Page_CCSale/txt_ExpYear'

2021-03-04 22:54:56 - [MESSAGE][PASSED] - Object 'Object Repository/VLink/Page_CCSale/txt_CVV' is present

2021-03-04 22:54:56 - [MESSAGE][PASSED] - Text '' is set on object 'Object Repository/VLink/Page_CCSale/txt_CVV'

2021-03-04 22:54:57 - [MESSAGE][PASSED] - Object 'Object Repository/VLink/Page_CCSale/txt_CVVstate' is present

2021-03-04 22:54:57 - [MESSAGE][PASSED] - Text '' is set on object 'Object Repository/VLink/Page_CCSale/txt_CVVstate'

2021-03-04 22:54:58 - [MESSAGE][PASSED] - Object 'Object Repository/VLink/Page_CCSale/txt_TrackData' is present

2021-03-04 22:54:58 - [MESSAGE][PASSED] - Text '' is set on object 'Object Repository/VLink/Page_CCSale/txt_TrackData'

2021-03-04 22:54:59 - [MESSAGE][PASSED] - Object 'Object Repository/VLink/Page_CCSale/txt_Track1Data' is present

2021-03-04 22:54:59 - [MESSAGE][PASSED] - Text '' is set on object 'Object Repository/VLink/Page_CCSale/txt_Track1Data'

2021-03-04 22:55:00 - [MESSAGE][PASSED] - Object 'Object Repository/VLink/Page_CCSale/txt_Track2Data' is present

2021-03-04 22:55:00 - [MESSAGE][PASSED] - Text '' is set on object 'Object Repository/VLink/Page_CCSale/txt_Track2Data'

2021-03-04 22:55:01 - [MESSAGE][PASSED] - Object 'Object Repository/VLink/Page_CCSale/txt_POSEntryMode' is present

2021-03-04 22:55:01 - [MESSAGE][PASSED] - Text 'manual' is set on object 'Object Repository/VLink/Page_CCSale/txt_POSEntryMode'

2021-03-04 22:55:02 - [MESSAGE][PASSED] - Object 'Object Repository/VLink/Page_CCSale/txt_Email' is present

2021-03-04 22:55:02 - [MESSAGE][PASSED] - Text '' is set on object 'Object Repository/VLink/Page_CCSale/txt_Email'

2021-03-04 22:55:03 - [MESSAGE][PASSED] - Object 'Object Repository/VLink/Page_CCSale/txt_OrderNumber' is present

2021-03-04 22:55:03 - [MESSAGE][PASSED] - Text '' is set on object 'Object Repository/VLink/Page_CCSale/txt_OrderNumber'

2021-03-04 22:55:04 - [MESSAGE][PASSED] - Object 'Object Repository/VLink/Page_CCSale/txt_TaxAmount' is present

2021-03-04 22:55:04 - [MESSAGE][PASSED] - Text '' is set on object 'Object Repository/VLink/Page_CCSale/txt_TaxAmount'

2021-03-04 22:55:05 - [MESSAGE][PASSED] - Object 'Object Repository/VLink/Page_CCSale/txt_ChargeDescription' is present

2021-03-04 22:55:05 - [MESSAGE][PASSED] - Text '' is set on object 'Object Repository/VLink/Page_CCSale/txt_ChargeDescription'

2021-03-04 22:55:06 - [MESSAGE][PASSED] - Object 'Object Repository/VLink/Page_CCSale/txt_CAN' is present

2021-03-04 22:55:06 - [MESSAGE][PASSED] - Text '' is set on object 'Object Repository/VLink/Page_CCSale/txt_CAN'

2021-03-04 22:55:07 - [MESSAGE][PASSED] - Object 'Object Repository/VLink/Page_CCSale/txt_BillPaymentIndicator' is present

2021-03-04 22:55:07 - [MESSAGE][PASSED] - Text '' is set on object 'Object Repository/VLink/Page_CCSale/txt_BillPaymentIndicator'

2021-03-04 22:55:08 - [MESSAGE][PASSED] - Object 'Object Repository/VLink/Page_CCSale/txt_UDF1' is present

2021-03-04 22:55:08 - [MESSAGE][PASSED] - Text '' is set on object 'Object Repository/VLink/Page_CCSale/txt_UDF1'

2021-03-04 22:55:09 - [MESSAGE][PASSED] - Object 'Object Repository/VLink/Page_CCSale/txt_UDF2' is present

2021-03-04 22:55:09 - [MESSAGE][PASSED] - Text '' is set on object 'Object Repository/VLink/Page_CCSale/txt_UDF2'

2021-03-04 22:55:10 - [MESSAGE][PASSED] - Object 'Object Repository/VLink/Page_CCSale/txt_UDF3' is present

2021-03-04 22:55:10 - [MESSAGE][PASSED] - Text '' is set on object 'Object Repository/VLink/Page_CCSale/txt_UDF3'

2021-03-04 22:55:11 - [MESSAGE][PASSED] - Object 'Object Repository/VLink/Page_CCSale/txt_UDF4' is present

2021-03-04 22:55:11 - [MESSAGE][PASSED] - Text '' is set on object 'Object Repository/VLink/Page_CCSale/txt_UDF4'

2021-03-04 22:55:11 - [MESSAGE][PASSED] - Object 'Object Repository/VLink/Page_CCSale/txt_UDF5' is present

2021-03-04 22:55:12 - [MESSAGE][PASSED] - Text '' is set on object 'Object Repository/VLink/Page_CCSale/txt_UDF5'

2021-03-04 22:55:12 - [MESSAGE][PASSED] - Object 'Object Repository/VLink/Page_CCSale/txt_UDF6' is present

2021-03-04 22:55:13 - [MESSAGE][PASSED] - Text '' is set on object 'Object Repository/VLink/Page_CCSale/txt_UDF6'

2021-03-04 22:55:13 - [MESSAGE][PASSED] - Object 'Object Repository/VLink/Page_CCSale/txt_UDF7' is present

2021-03-04 22:55:14 - [MESSAGE][PASSED] - Text '' is set on object 'Object Repository/VLink/Page_CCSale/txt_UDF7'

2021-03-04 22:55:14 - [MESSAGE][PASSED] - Object 'Object Repository/VLink/Page_CCSale/txt_UDF8' is present

2021-03-04 22:55:15 - [MESSAGE][PASSED] - Text '' is set on object 'Object Repository/VLink/Page_CCSale/txt_UDF8'

2021-03-04 22:55:15 - [MESSAGE][PASSED] - Object 'Object Repository/VLink/Page_CCSale/txt_UDF9' is present

2021-03-04 22:55:16 - [MESSAGE][PASSED] - Text '' is set on object 'Object Repository/VLink/Page_CCSale/txt_UDF9'

2021-03-04 22:55:16 - [MESSAGE][PASSED] - Object 'Object Repository/VLink/Page_CCSale/txt_UDF10' is present

2021-03-04 22:55:17 - [MESSAGE][PASSED] - Text '' is set on object 'Object Repository/VLink/Page_CCSale/txt_UDF10'

2021-03-04 22:55:17 - [MESSAGE][PASSED] - Object 'Object Repository/VLink/Page_CCSale/txt_CardOnFileIndicator' is present

2021-03-04 22:55:18 - [MESSAGE][PASSED] - Text '' is set on object 'Object Repository/VLink/Page_CCSale/txt_CardOnFileIndicator'

2021-03-04 22:55:18 - [MESSAGE][PASSED] - Object 'Object Repository/VLink/Page_CCSale/txt_StoredCredentialIndicator' is present

2021-03-04 22:55:19 - [MESSAGE][PASSED] - Text '' is set on object 'Object Repository/VLink/Page_CCSale/txt_StoredCredentialIndicator'

2021-03-04 22:55:19 - [MESSAGE][PASSED] - Object 'Object Repository/VLink/Page_CCSale/txt_COFScheduledIndicator' is present

2021-03-04 22:55:20 - [MESSAGE][PASSED] - Text '' is set on object 'Object Repository/VLink/Page_CCSale/txt_COFScheduledIndicator'

2021-03-04 22:55:20 - [MESSAGE][PASSED] - Object 'Object Repository/VLink/Page_CCSale/txt_COFTransactionInitiatedBy' is present

2021-03-04 22:55:21 - [MESSAGE][PASSED] - Text '' is set on object 'Object Repository/VLink/Page_CCSale/txt_COFTransactionInitiatedBy'

2021-03-04 22:55:24 - [MESSAGE][PASSED] - Object: 'Object Repository/VLink/Page_CCSale/btn_ProcessVLinkTransaction' is clicked on

2021-03-04 22:55:29 - [MESSAGE][PASSED] - vlinkPages.saleCCPage.setDataSCC is PASSED

2021-03-04 22:55:29 - [TEST_STEP][PASSED] - if (verifyTextPresent("Transaction approved, no errors", true)): null

2021-03-04 22:55:30 - [MESSAGE][PASSED] - Text 'Transaction approved, no errors' is present on page  using regular expression

2021-03-04 22:55:30 - [TEST_STEP][PASSED] - println("Transaction Approved, no errors text is present on the Confirmation page"): null

2021-03-04 22:55:30 - [TEST_STEP][PASSED] - out.println("Pass Record Number: " + row): null

2021-03-04 22:55:30 - [TEST_STEP][PASSED] - resText = "Pass": null

2021-03-04 22:55:30 - [TEST_STEP][PASSED] - pages.WriteExcel.demoKey(resText, datText, resColumn, datCloumn, fileLoc, nameSheet, row): pages.WriteExcel.demoKey is PASSED

2021-03-04 22:55:30 - [MESSAGE][PASSED] - pages.WriteExcel.demoKey is PASSED

2021-03-04 22:55:30 - [TEST_STEP][PASSED] - sdfo = getText(findTestObject("Object Repository/Page_VLinkReceipt/pre_STX")): Text of object 'Object Repository/Page_VLinkReceipt/pre_STX' is: '<STX>uWYAGkib8hWg                  12089833            0  Transaction approved, no errors                   0                                                                                  XXOK7930   <ETX>'

2021-03-04 22:55:30 - [MESSAGE][PASSED] - Text of object 'Object Repository/Page_VLinkReceipt/pre_STX' is: '<STX>uWYAGkib8hWg                  12089833            0  Transaction approved, no errors                   0                                                                                  XXOK7930   <ETX>'

2021-03-04 22:55:30 - [TEST_STEP][PASSED] - out.println("sdfo: " + sdfo): null

2021-03-04 22:55:30 - [TEST_STEP][PASSED] - remID = substring(5, 35).trim(): null

2021-03-04 22:55:30 - [TEST_STEP][PASSED] - out.println("Remittance ID: " + remID): null

2021-03-04 22:55:30 - [TEST_STEP][PASSED] - traxID = substring(35, 55).trim(): null

2021-03-04 22:55:30 - [TEST_STEP][PASSED] - out.println("Transaction ID: " + traxID): null

2021-03-04 22:55:30 - [TEST_STEP][PASSED] - out.println("End Record Number: " + row): null

2021-03-04 22:55:30 - [TEST_STEP][PASSED] - closeBrowser(): Browser is closed

2021-03-04 22:55:31 - [MESSAGE][PASSED] - Browser is closed

2021-03-04 22:55:31 - [TEST_STEP][PASSED] - out.println("Begin Record Number: " + row): null

2021-03-04 22:55:31 - [TEST_STEP][PASSED] - today = new java.util.Date(): null

2021-03-04 22:55:31 - [TEST_STEP][PASSED] - println(today): null

2021-03-04 22:55:31 - [TEST_STEP][PASSED] - datText = today: null

2021-03-04 22:55:31 - [TEST_STEP][PASSED] - openBrowser(VLinkURL + "authcap.html"): Browser is opened with url: 'https://dev-algorithm.govolution.com/vlinktest/QA/version_2_0/authcap.html'

2021-03-04 22:55:31 - [MESSAGE][INFO] - Starting 'Chrome' driver

2021-03-04 22:55:31 - [MESSAGE][INFO] - User set preference: ['acceptInsecureCerts', 'true']

2021-03-04 22:55:31 - [MESSAGE][INFO] - Action delay is set to 0 milliseconds

2021-03-04 22:55:35 - [MESSAGE][PASSED] - Browser is opened with url: 'https://dev-algorithm.govolution.com/vlinktest/QA/version_2_0/authcap.html'

2021-03-04 22:55:35 - [TEST_STEP][PASSED] - maximizeWindow(): Current window maximized

2021-03-04 22:55:35 - [MESSAGE][PASSED] - Current window maximized

2021-03-04 22:55:35 - [TEST_STEP][PASSED] - vlinkPages.saleCCPage.setDataSCC(row, dataFile): vlinkPages.saleCCPage.setDataSCC is PASSED

2021-03-04 22:55:37 - [MESSAGE][PASSED] - Object 'Object Repository/VLink/Page_CCSale/txt_CardNumber' is present

2021-03-04 22:55:38 - [MESSAGE][PASSED] - Object 'Object Repository/VLink/Page_CCSale/txt_TransactionType' is present

2021-03-04 22:55:38 - [MESSAGE][PASSED] - Text '104' is set on object 'Object Repository/VLink/Page_CCSale/txt_TransactionType'

2021-03-04 22:55:38 - [MESSAGE][PASSED] - Object 'Object Repository/VLink/Page_CCSale/txt_MessageVersion' is present

2021-03-04 22:55:39 - [MESSAGE][PASSED] - Text '2.0C' is set on object 'Object Repository/VLink/Page_CCSale/txt_MessageVersion'

2021-03-04 22:55:39 - [MESSAGE][PASSED] - Object 'Object Repository/VLink/Page_CCSale/txt_RemID' is present

2021-03-04 22:55:40 - [MESSAGE][PASSED] - Text 'nbzFVqJHyBa8' is set on object 'Object Repository/VLink/Page_CCSale/txt_RemID'

2021-03-04 22:55:40 - [MESSAGE][PASSED] - Object 'Object Repository/VLink/Page_CCSale/txt_ApplicationId' is present

2021-03-04 22:55:41 - [MESSAGE][PASSED] - Text '665' is set on object 'Object Repository/VLink/Page_CCSale/txt_ApplicationId'

2021-03-04 22:55:41 - [MESSAGE][PASSED] - Object 'Object Repository/VLink/Page_CCSale/txt_Username' is present

2021-03-04 22:55:42 - [MESSAGE][PASSED] - Text 'username' is set on object 'Object Repository/VLink/Page_CCSale/txt_Username'

2021-03-04 22:55:42 - [MESSAGE][PASSED] - Object 'Object Repository/VLink/Page_CCSale/txt_Password' is present

2021-03-04 22:55:43 - [MESSAGE][PASSED] - Text 'password' is set on object 'Object Repository/VLink/Page_CCSale/txt_Password'

2021-03-04 22:55:43 - [MESSAGE][PASSED] - Object 'Object Repository/VLink/Page_CCSale/txt_ResponseFormat' is present

2021-03-04 22:55:44 - [MESSAGE][PASSED] - Text 'fixed_width' is set on object 'Object Repository/VLink/Page_CCSale/txt_ResponseFormat'

2021-03-04 22:55:44 - [MESSAGE][PASSED] - Object 'Object Repository/VLink/Page_CCSale/txt_Category' is present

2021-03-04 22:55:45 - [MESSAGE][PASSED] - Text 'ECOM' is set on object 'Object Repository/VLink/Page_CCSale/txt_Category'

2021-03-04 22:55:45 - [MESSAGE][PASSED] - Object 'Object Repository/VLink/Page_CCSale/txt_TransactionID' is present

2021-03-04 22:55:45 - [MESSAGE][PASSED] - Text '' is set on object 'Object Repository/VLink/Page_CCSale/txt_TransactionID'

2021-03-04 22:55:46 - [MESSAGE][PASSED] - Object 'Object Repository/VLink/Page_CCSale/txt_ApprovalCode' is present

2021-03-04 22:55:46 - [MESSAGE][PASSED] - Text '' is set on object 'Object Repository/VLink/Page_CCSale/txt_ApprovalCode'

2021-03-04 22:55:47 - [MESSAGE][PASSED] - Object 'Object Repository/VLink/Page_CCSale/txt_CardName' is present

2021-03-04 22:55:47 - [MESSAGE][PASSED] - Text 'Kris Roshan' is set on object 'Object Repository/VLink/Page_CCSale/txt_CardName'

2021-03-04 22:55:48 - [MESSAGE][PASSED] - Object 'Object Repository/VLink/Page_CCSale/txt_AL1' is present

2021-03-04 22:55:48 - [MESSAGE][PASSED] - Text '258 Elm Road' is set on object 'Object Repository/VLink/Page_CCSale/txt_AL1'

2021-03-04 22:55:49 - [MESSAGE][PASSED] - Object 'Object Repository/VLink/Page_CCSale/txt_AL2' is present

2021-03-04 22:55:49 - [MESSAGE][PASSED] - Text 'Suite 56' is set on object 'Object Repository/VLink/Page_CCSale/txt_AL2'

2021-03-04 22:55:50 - [MESSAGE][PASSED] - Object 'Object Repository/VLink/Page_CCSale/txt_CardCity' is present

2021-03-04 22:55:50 - [MESSAGE][PASSED] - Text 'Arlington' is set on object 'Object Repository/VLink/Page_CCSale/txt_CardCity'

2021-03-04 22:55:51 - [MESSAGE][PASSED] - Object 'Object Repository/VLink/Page_CCSale/txt_CardState' is present

2021-03-04 22:55:51 - [MESSAGE][PASSED] - Text 'VA' is set on object 'Object Repository/VLink/Page_CCSale/txt_CardState'

2021-03-04 22:55:52 - [MESSAGE][PASSED] - Object 'Object Repository/VLink/Page_CCSale/txt_CardZIP' is present

2021-03-04 22:55:52 - [MESSAGE][PASSED] - Text '22201' is set on object 'Object Repository/VLink/Page_CCSale/txt_CardZIP'

2021-03-04 22:55:53 - [MESSAGE][PASSED] - Object 'Object Repository/VLink/Page_CCSale/txt_CountryID' is present

2021-03-04 22:55:53 - [MESSAGE][PASSED] - Text '840' is set on object 'Object Repository/VLink/Page_CCSale/txt_CountryID'

2021-03-04 22:55:53 - [MESSAGE][PASSED] - Object 'Object Repository/VLink/Page_CCSale/txt_Amount' is present

2021-03-04 22:55:54 - [MESSAGE][PASSED] - Text '1.50' is set on object 'Object Repository/VLink/Page_CCSale/txt_Amount'

2021-03-04 22:55:54 - [MESSAGE][PASSED] - Object 'Object Repository/VLink/Page_CCSale/txt_CardNumber' is present

2021-03-04 22:55:55 - [MESSAGE][PASSED] - Text '5424000000000015' is set on object 'Object Repository/VLink/Page_CCSale/txt_CardNumber'

2021-03-04 22:55:55 - [MESSAGE][PASSED] - Object 'Object Repository/VLink/Page_CCSale/txt_ExpMonth' is present

2021-03-04 22:55:56 - [MESSAGE][PASSED] - Text '12' is set on object 'Object Repository/VLink/Page_CCSale/txt_ExpMonth'

2021-03-04 22:55:56 - [MESSAGE][PASSED] - Object 'Object Repository/VLink/Page_CCSale/txt_ExpYear' is present

2021-03-04 22:55:57 - [MESSAGE][PASSED] - Text '2025' is set on object 'Object Repository/VLink/Page_CCSale/txt_ExpYear'

2021-03-04 22:55:57 - [MESSAGE][PASSED] - Object 'Object Repository/VLink/Page_CCSale/txt_CVV' is present

2021-03-04 22:55:58 - [MESSAGE][PASSED] - Text '' is set on object 'Object Repository/VLink/Page_CCSale/txt_CVV'

2021-03-04 22:55:58 - [MESSAGE][PASSED] - Object 'Object Repository/VLink/Page_CCSale/txt_CVVstate' is present

2021-03-04 22:55:59 - [MESSAGE][PASSED] - Text '' is set on object 'Object Repository/VLink/Page_CCSale/txt_CVVstate'

2021-03-04 22:55:59 - [MESSAGE][PASSED] - Object 'Object Repository/VLink/Page_CCSale/txt_TrackData' is present

2021-03-04 22:56:00 - [MESSAGE][PASSED] - Text '' is set on object 'Object Repository/VLink/Page_CCSale/txt_TrackData'

2021-03-04 22:56:00 - [MESSAGE][PASSED] - Object 'Object Repository/VLink/Page_CCSale/txt_Track1Data' is present

2021-03-04 22:56:01 - [MESSAGE][PASSED] - Text '' is set on object 'Object Repository/VLink/Page_CCSale/txt_Track1Data'

2021-03-04 22:56:01 - [MESSAGE][PASSED] - Object 'Object Repository/VLink/Page_CCSale/txt_Track2Data' is present

2021-03-04 22:56:02 - [MESSAGE][PASSED] - Text '' is set on object 'Object Repository/VLink/Page_CCSale/txt_Track2Data'

2021-03-04 22:56:02 - [MESSAGE][PASSED] - Object 'Object Repository/VLink/Page_CCSale/txt_POSEntryMode' is present

2021-03-04 22:56:03 - [MESSAGE][PASSED] - Text 'manual' is set on object 'Object Repository/VLink/Page_CCSale/txt_POSEntryMode'

2021-03-04 22:56:03 - [MESSAGE][PASSED] - Object 'Object Repository/VLink/Page_CCSale/txt_Email' is present

2021-03-04 22:56:04 - [MESSAGE][PASSED] - Text 'iahmed@govolution.com' is set on object 'Object Repository/VLink/Page_CCSale/txt_Email'

2021-03-04 22:56:04 - [MESSAGE][PASSED] - Object 'Object Repository/VLink/Page_CCSale/txt_OrderNumber' is present

2021-03-04 22:56:05 - [MESSAGE][PASSED] - Text '2569362' is set on object 'Object Repository/VLink/Page_CCSale/txt_OrderNumber'

2021-03-04 22:56:05 - [MESSAGE][PASSED] - Object 'Object Repository/VLink/Page_CCSale/txt_TaxAmount' is present

2021-03-04 22:56:06 - [MESSAGE][PASSED] - Text '1.15' is set on object 'Object Repository/VLink/Page_CCSale/txt_TaxAmount'

2021-03-04 22:56:06 - [MESSAGE][PASSED] - Object 'Object Repository/VLink/Page_CCSale/txt_ChargeDescription' is present

2021-03-04 22:56:07 - [MESSAGE][PASSED] - Text 'Charge Description' is set on object 'Object Repository/VLink/Page_CCSale/txt_ChargeDescription'

2021-03-04 22:56:07 - [MESSAGE][PASSED] - Object 'Object Repository/VLink/Page_CCSale/txt_CAN' is present

2021-03-04 22:56:08 - [MESSAGE][PASSED] - Text '147357' is set on object 'Object Repository/VLink/Page_CCSale/txt_CAN'

2021-03-04 22:56:08 - [MESSAGE][PASSED] - Object 'Object Repository/VLink/Page_CCSale/txt_BillPaymentIndicator' is present

2021-03-04 22:56:09 - [MESSAGE][PASSED] - Text '1' is set on object 'Object Repository/VLink/Page_CCSale/txt_BillPaymentIndicator'

2021-03-04 22:56:09 - [MESSAGE][PASSED] - Object 'Object Repository/VLink/Page_CCSale/txt_UDF1' is present

2021-03-04 22:56:10 - [MESSAGE][PASSED] - Text 'UDF Data 1' is set on object 'Object Repository/VLink/Page_CCSale/txt_UDF1'

2021-03-04 22:56:10 - [MESSAGE][PASSED] - Object 'Object Repository/VLink/Page_CCSale/txt_UDF2' is present

2021-03-04 22:56:11 - [MESSAGE][PASSED] - Text 'UDF Data 2' is set on object 'Object Repository/VLink/Page_CCSale/txt_UDF2'

2021-03-04 22:56:11 - [MESSAGE][PASSED] - Object 'Object Repository/VLink/Page_CCSale/txt_UDF3' is present

2021-03-04 22:56:12 - [MESSAGE][PASSED] - Text 'UDF Data 3' is set on object 'Object Repository/VLink/Page_CCSale/txt_UDF3'

2021-03-04 22:56:12 - [MESSAGE][PASSED] - Object 'Object Repository/VLink/Page_CCSale/txt_UDF4' is present

2021-03-04 22:56:13 - [MESSAGE][PASSED] - Text 'UDF Data 4' is set on object 'Object Repository/VLink/Page_CCSale/txt_UDF4'

2021-03-04 22:56:13 - [MESSAGE][PASSED] - Object 'Object Repository/VLink/Page_CCSale/txt_UDF5' is present

2021-03-04 22:56:14 - [MESSAGE][PASSED] - Text 'UDF Data 5' is set on object 'Object Repository/VLink/Page_CCSale/txt_UDF5'

2021-03-04 22:56:14 - [MESSAGE][PASSED] - Object 'Object Repository/VLink/Page_CCSale/txt_UDF6' is present

2021-03-04 22:56:15 - [MESSAGE][PASSED] - Text 'UDF Data 6' is set on object 'Object Repository/VLink/Page_CCSale/txt_UDF6'

2021-03-04 22:56:15 - [MESSAGE][PASSED] - Object 'Object Repository/VLink/Page_CCSale/txt_UDF7' is present

2021-03-04 22:56:16 - [MESSAGE][PASSED] - Text 'UDF Data 7' is set on object 'Object Repository/VLink/Page_CCSale/txt_UDF7'

2021-03-04 22:56:16 - [MESSAGE][PASSED] - Object 'Object Repository/VLink/Page_CCSale/txt_UDF8' is present

2021-03-04 22:56:17 - [MESSAGE][PASSED] - Text 'UDF Data 8' is set on object 'Object Repository/VLink/Page_CCSale/txt_UDF8'

2021-03-04 22:56:17 - [MESSAGE][PASSED] - Object 'Object Repository/VLink/Page_CCSale/txt_UDF9' is present

2021-03-04 22:56:18 - [MESSAGE][PASSED] - Text 'UDF Data 9' is set on object 'Object Repository/VLink/Page_CCSale/txt_UDF9'

2021-03-04 22:56:18 - [MESSAGE][PASSED] - Object 'Object Repository/VLink/Page_CCSale/txt_UDF10' is present

2021-03-04 22:56:19 - [MESSAGE][PASSED] - Text 'UDF Data 10' is set on object 'Object Repository/VLink/Page_CCSale/txt_UDF10'

2021-03-04 22:56:19 - [MESSAGE][PASSED] - Object 'Object Repository/VLink/Page_CCSale/txt_CardOnFileIndicator' is present

2021-03-04 22:56:20 - [MESSAGE][PASSED] - Text '' is set on object 'Object Repository/VLink/Page_CCSale/txt_CardOnFileIndicator'

2021-03-04 22:56:20 - [MESSAGE][PASSED] - Object 'Object Repository/VLink/Page_CCSale/txt_StoredCredentialIndicator' is present

2021-03-04 22:56:21 - [MESSAGE][PASSED] - Text '' is set on object 'Object Repository/VLink/Page_CCSale/txt_StoredCredentialIndicator'

2021-03-04 22:56:21 - [MESSAGE][PASSED] - Object 'Object Repository/VLink/Page_CCSale/txt_COFScheduledIndicator' is present

2021-03-04 22:56:22 - [MESSAGE][PASSED] - Text '' is set on object 'Object Repository/VLink/Page_CCSale/txt_COFScheduledIndicator'

2021-03-04 22:56:22 - [MESSAGE][PASSED] - Object 'Object Repository/VLink/Page_CCSale/txt_COFTransactionInitiatedBy' is present

2021-03-04 22:56:23 - [MESSAGE][PASSED] - Text '' is set on object 'Object Repository/VLink/Page_CCSale/txt_COFTransactionInitiatedBy'

2021-03-04 22:56:25 - [MESSAGE][PASSED] - Object: 'Object Repository/VLink/Page_CCSale/btn_ProcessVLinkTransaction' is clicked on

2021-03-04 22:56:30 - [MESSAGE][PASSED] - vlinkPages.saleCCPage.setDataSCC is PASSED

2021-03-04 22:56:30 - [TEST_STEP][PASSED] - if (verifyTextPresent("Transaction approved, no errors", true)): null

2021-03-04 22:56:30 - [MESSAGE][PASSED] - Text 'Transaction approved, no errors' is present on page  using regular expression

2021-03-04 22:56:30 - [TEST_STEP][PASSED] - println("Transaction Approved, no errors text is present on the Confirmation page"): null

2021-03-04 22:56:30 - [TEST_STEP][PASSED] - out.println("Pass Record Number: " + row): null

2021-03-04 22:56:30 - [TEST_STEP][PASSED] - resText = "Pass": null

2021-03-04 22:56:30 - [TEST_STEP][PASSED] - pages.WriteExcel.demoKey(resText, datText, resColumn, datCloumn, fileLoc, nameSheet, row): pages.WriteExcel.demoKey is PASSED

2021-03-04 22:56:30 - [MESSAGE][PASSED] - pages.WriteExcel.demoKey is PASSED

2021-03-04 22:56:30 - [TEST_STEP][PASSED] - sdfo = getText(findTestObject("Object Repository/Page_VLinkReceipt/pre_STX")): Text of object 'Object Repository/Page_VLinkReceipt/pre_STX' is: '<STX>nbzFVqJHyBa8                  12089835            0  Transaction approved, no errors                   0                                                                                  XXOK8190   <ETX>'

2021-03-04 22:56:31 - [MESSAGE][PASSED] - Text of object 'Object Repository/Page_VLinkReceipt/pre_STX' is: '<STX>nbzFVqJHyBa8                  12089835            0  Transaction approved, no errors                   0                                                                                  XXOK8190   <ETX>'

2021-03-04 22:56:31 - [TEST_STEP][PASSED] - out.println("sdfo: " + sdfo): null

2021-03-04 22:56:31 - [TEST_STEP][PASSED] - remID = substring(5, 35).trim(): null

2021-03-04 22:56:31 - [TEST_STEP][PASSED] - out.println("Remittance ID: " + remID): null

2021-03-04 22:56:31 - [TEST_STEP][PASSED] - traxID = substring(35, 55).trim(): null

2021-03-04 22:56:31 - [TEST_STEP][PASSED] - out.println("Transaction ID: " + traxID): null

2021-03-04 22:56:31 - [TEST_STEP][PASSED] - out.println("End Record Number: " + row): null

2021-03-04 22:56:31 - [TEST_STEP][PASSED] - closeBrowser(): Browser is closed

2021-03-04 22:56:32 - [MESSAGE][PASSED] - Browser is closed

2021-03-04 22:56:32 - [TEST_STEP][PASSED] - out.println("Begin Record Number: " + row): null

2021-03-04 22:56:32 - [TEST_STEP][PASSED] - today = new java.util.Date(): null

2021-03-04 22:56:32 - [TEST_STEP][PASSED] - println(today): null

2021-03-04 22:56:32 - [TEST_STEP][PASSED] - datText = today: null

2021-03-04 22:56:32 - [TEST_STEP][PASSED] - openBrowser(VLinkURL + "authcap.html"): Browser is opened with url: 'https://dev-algorithm.govolution.com/vlinktest/QA/version_2_0/authcap.html'

2021-03-04 22:56:32 - [MESSAGE][INFO] - Starting 'Chrome' driver

2021-03-04 22:56:32 - [MESSAGE][INFO] - User set preference: ['acceptInsecureCerts', 'true']

2021-03-04 22:56:32 - [MESSAGE][INFO] - Action delay is set to 0 milliseconds

2021-03-04 22:56:34 - [MESSAGE][PASSED] - Browser is opened with url: 'https://dev-algorithm.govolution.com/vlinktest/QA/version_2_0/authcap.html'

2021-03-04 22:56:34 - [TEST_STEP][PASSED] - maximizeWindow(): Current window maximized

2021-03-04 22:56:34 - [MESSAGE][PASSED] - Current window maximized

2021-03-04 22:56:34 - [TEST_STEP][PASSED] - vlinkPages.saleCCPage.setDataSCC(row, dataFile): vlinkPages.saleCCPage.setDataSCC is PASSED

2021-03-04 22:56:36 - [MESSAGE][PASSED] - Object 'Object Repository/VLink/Page_CCSale/txt_CardNumber' is present

2021-03-04 22:56:36 - [MESSAGE][PASSED] - Object 'Object Repository/VLink/Page_CCSale/txt_TransactionType' is present

2021-03-04 22:56:37 - [MESSAGE][PASSED] - Text '104' is set on object 'Object Repository/VLink/Page_CCSale/txt_TransactionType'

2021-03-04 22:56:37 - [MESSAGE][PASSED] - Object 'Object Repository/VLink/Page_CCSale/txt_MessageVersion' is present

2021-03-04 22:56:38 - [MESSAGE][PASSED] - Text '2.0C' is set on object 'Object Repository/VLink/Page_CCSale/txt_MessageVersion'

2021-03-04 22:56:38 - [MESSAGE][PASSED] - Object 'Object Repository/VLink/Page_CCSale/txt_RemID' is present

2021-03-04 22:56:38 - [MESSAGE][PASSED] - Text 'a7cyhcNnWfRM' is set on object 'Object Repository/VLink/Page_CCSale/txt_RemID'

2021-03-04 22:56:39 - [MESSAGE][PASSED] - Object 'Object Repository/VLink/Page_CCSale/txt_ApplicationId' is present

2021-03-04 22:56:39 - [MESSAGE][PASSED] - Text '672' is set on object 'Object Repository/VLink/Page_CCSale/txt_ApplicationId'

2021-03-04 22:56:40 - [MESSAGE][PASSED] - Object 'Object Repository/VLink/Page_CCSale/txt_Username' is present

2021-03-04 22:56:40 - [MESSAGE][PASSED] - Text 'username' is set on object 'Object Repository/VLink/Page_CCSale/txt_Username'

2021-03-04 22:56:40 - [MESSAGE][PASSED] - Object 'Object Repository/VLink/Page_CCSale/txt_Password' is present

2021-03-04 22:56:41 - [MESSAGE][PASSED] - Text 'password' is set on object 'Object Repository/VLink/Page_CCSale/txt_Password'

2021-03-04 22:56:41 - [MESSAGE][PASSED] - Object 'Object Repository/VLink/Page_CCSale/txt_ResponseFormat' is present

2021-03-04 22:56:42 - [MESSAGE][PASSED] - Text 'fixed_width' is set on object 'Object Repository/VLink/Page_CCSale/txt_ResponseFormat'

2021-03-04 22:56:42 - [MESSAGE][PASSED] - Object 'Object Repository/VLink/Page_CCSale/txt_Category' is present

2021-03-04 22:56:43 - [MESSAGE][PASSED] - Text 'ECOM' is set on object 'Object Repository/VLink/Page_CCSale/txt_Category'

2021-03-04 22:56:43 - [MESSAGE][PASSED] - Object 'Object Repository/VLink/Page_CCSale/txt_TransactionID' is present

2021-03-04 22:56:44 - [MESSAGE][PASSED] - Text '' is set on object 'Object Repository/VLink/Page_CCSale/txt_TransactionID'

2021-03-04 22:56:44 - [MESSAGE][PASSED] - Object 'Object Repository/VLink/Page_CCSale/txt_ApprovalCode' is present

2021-03-04 22:56:45 - [MESSAGE][PASSED] - Text '' is set on object 'Object Repository/VLink/Page_CCSale/txt_ApprovalCode'

2021-03-04 22:56:45 - [MESSAGE][PASSED] - Object 'Object Repository/VLink/Page_CCSale/txt_CardName' is present

2021-03-04 22:56:46 - [MESSAGE][PASSED] - Text 'Arvind Silva' is set on object 'Object Repository/VLink/Page_CCSale/txt_CardName'

2021-03-04 22:56:46 - [MESSAGE][PASSED] - Object 'Object Repository/VLink/Page_CCSale/txt_AL1' is present

2021-03-04 22:56:47 - [MESSAGE][PASSED] - Text '111 Main Ave' is set on object 'Object Repository/VLink/Page_CCSale/txt_AL1'

2021-03-04 22:56:47 - [MESSAGE][PASSED] - Object 'Object Repository/VLink/Page_CCSale/txt_AL2' is present

2021-03-04 22:56:48 - [MESSAGE][PASSED] - Text '' is set on object 'Object Repository/VLink/Page_CCSale/txt_AL2'

2021-03-04 22:56:48 - [MESSAGE][PASSED] - Object 'Object Repository/VLink/Page_CCSale/txt_CardCity' is present

2021-03-04 22:56:49 - [MESSAGE][PASSED] - Text 'Arlington' is set on object 'Object Repository/VLink/Page_CCSale/txt_CardCity'

2021-03-04 22:56:49 - [MESSAGE][PASSED] - Object 'Object Repository/VLink/Page_CCSale/txt_CardState' is present

2021-03-04 22:56:50 - [MESSAGE][PASSED] - Text 'VA' is set on object 'Object Repository/VLink/Page_CCSale/txt_CardState'

2021-03-04 22:56:50 - [MESSAGE][PASSED] - Object 'Object Repository/VLink/Page_CCSale/txt_CardZIP' is present

2021-03-04 22:56:51 - [MESSAGE][PASSED] - Text '22201' is set on object 'Object Repository/VLink/Page_CCSale/txt_CardZIP'

2021-03-04 22:56:51 - [MESSAGE][PASSED] - Object 'Object Repository/VLink/Page_CCSale/txt_CountryID' is present

2021-03-04 22:56:52 - [MESSAGE][PASSED] - Text '' is set on object 'Object Repository/VLink/Page_CCSale/txt_CountryID'

2021-03-04 22:56:52 - [MESSAGE][PASSED] - Object 'Object Repository/VLink/Page_CCSale/txt_Amount' is present

2021-03-04 22:56:53 - [MESSAGE][PASSED] - Text '2.50' is set on object 'Object Repository/VLink/Page_CCSale/txt_Amount'

2021-03-04 22:56:53 - [MESSAGE][PASSED] - Object 'Object Repository/VLink/Page_CCSale/txt_CardNumber' is present

2021-03-04 22:56:54 - [MESSAGE][PASSED] - Text '5424000000000015' is set on object 'Object Repository/VLink/Page_CCSale/txt_CardNumber'

2021-03-04 22:56:54 - [MESSAGE][PASSED] - Object 'Object Repository/VLink/Page_CCSale/txt_ExpMonth' is present

2021-03-04 22:56:55 - [MESSAGE][PASSED] - Text '01' is set on object 'Object Repository/VLink/Page_CCSale/txt_ExpMonth'

2021-03-04 22:56:55 - [MESSAGE][PASSED] - Object 'Object Repository/VLink/Page_CCSale/txt_ExpYear' is present

2021-03-04 22:56:55 - [MESSAGE][PASSED] - Text '2026' is set on object 'Object Repository/VLink/Page_CCSale/txt_ExpYear'

2021-03-04 22:56:56 - [MESSAGE][PASSED] - Object 'Object Repository/VLink/Page_CCSale/txt_CVV' is present

2021-03-04 22:56:56 - [MESSAGE][PASSED] - Text '' is set on object 'Object Repository/VLink/Page_CCSale/txt_CVV'

2021-03-04 22:56:57 - [MESSAGE][PASSED] - Object 'Object Repository/VLink/Page_CCSale/txt_CVVstate' is present

2021-03-04 22:56:57 - [MESSAGE][PASSED] - Text '' is set on object 'Object Repository/VLink/Page_CCSale/txt_CVVstate'

2021-03-04 22:56:58 - [MESSAGE][PASSED] - Object 'Object Repository/VLink/Page_CCSale/txt_TrackData' is present

2021-03-04 22:56:58 - [MESSAGE][PASSED] - Text '' is set on object 'Object Repository/VLink/Page_CCSale/txt_TrackData'

2021-03-04 22:56:59 - [MESSAGE][PASSED] - Object 'Object Repository/VLink/Page_CCSale/txt_Track1Data' is present

2021-03-04 22:56:59 - [MESSAGE][PASSED] - Text '' is set on object 'Object Repository/VLink/Page_CCSale/txt_Track1Data'

2021-03-04 22:57:00 - [MESSAGE][PASSED] - Object 'Object Repository/VLink/Page_CCSale/txt_Track2Data' is present

2021-03-04 22:57:00 - [MESSAGE][PASSED] - Text '' is set on object 'Object Repository/VLink/Page_CCSale/txt_Track2Data'

2021-03-04 22:57:01 - [MESSAGE][PASSED] - Object 'Object Repository/VLink/Page_CCSale/txt_POSEntryMode' is present

2021-03-04 22:57:01 - [MESSAGE][PASSED] - Text 'manual' is set on object 'Object Repository/VLink/Page_CCSale/txt_POSEntryMode'

2021-03-04 22:57:02 - [MESSAGE][PASSED] - Object 'Object Repository/VLink/Page_CCSale/txt_Email' is present

2021-03-04 22:57:02 - [MESSAGE][PASSED] - Text '' is set on object 'Object Repository/VLink/Page_CCSale/txt_Email'

2021-03-04 22:57:03 - [MESSAGE][PASSED] - Object 'Object Repository/VLink/Page_CCSale/txt_OrderNumber' is present

2021-03-04 22:57:03 - [MESSAGE][PASSED] - Text '' is set on object 'Object Repository/VLink/Page_CCSale/txt_OrderNumber'

2021-03-04 22:57:04 - [MESSAGE][PASSED] - Object 'Object Repository/VLink/Page_CCSale/txt_TaxAmount' is present

2021-03-04 22:57:04 - [MESSAGE][PASSED] - Text '' is set on object 'Object Repository/VLink/Page_CCSale/txt_TaxAmount'

2021-03-04 22:57:05 - [MESSAGE][PASSED] - Object 'Object Repository/VLink/Page_CCSale/txt_ChargeDescription' is present

2021-03-04 22:57:05 - [MESSAGE][PASSED] - Text '' is set on object 'Object Repository/VLink/Page_CCSale/txt_ChargeDescription'

2021-03-04 22:57:06 - [MESSAGE][PASSED] - Object 'Object Repository/VLink/Page_CCSale/txt_CAN' is present

2021-03-04 22:57:06 - [MESSAGE][PASSED] - Text '' is set on object 'Object Repository/VLink/Page_CCSale/txt_CAN'

2021-03-04 22:57:07 - [MESSAGE][PASSED] - Object 'Object Repository/VLink/Page_CCSale/txt_BillPaymentIndicator' is present

2021-03-04 22:57:07 - [MESSAGE][PASSED] - Text '' is set on object 'Object Repository/VLink/Page_CCSale/txt_BillPaymentIndicator'

2021-03-04 22:57:08 - [MESSAGE][PASSED] - Object 'Object Repository/VLink/Page_CCSale/txt_UDF1' is present

2021-03-04 22:57:08 - [MESSAGE][PASSED] - Text '' is set on object 'Object Repository/VLink/Page_CCSale/txt_UDF1'

2021-03-04 22:57:09 - [MESSAGE][PASSED] - Object 'Object Repository/VLink/Page_CCSale/txt_UDF2' is present

2021-03-04 22:57:09 - [MESSAGE][PASSED] - Text '' is set on object 'Object Repository/VLink/Page_CCSale/txt_UDF2'

2021-03-04 22:57:10 - [MESSAGE][PASSED] - Object 'Object Repository/VLink/Page_CCSale/txt_UDF3' is present

2021-03-04 22:57:10 - [MESSAGE][PASSED] - Text '' is set on object 'Object Repository/VLink/Page_CCSale/txt_UDF3'

2021-03-04 22:57:11 - [MESSAGE][PASSED] - Object 'Object Repository/VLink/Page_CCSale/txt_UDF4' is present

2021-03-04 22:57:11 - [MESSAGE][PASSED] - Text '' is set on object 'Object Repository/VLink/Page_CCSale/txt_UDF4'

2021-03-04 22:57:11 - [MESSAGE][PASSED] - Object 'Object Repository/VLink/Page_CCSale/txt_UDF5' is present

2021-03-04 22:57:12 - [MESSAGE][PASSED] - Text '' is set on object 'Object Repository/VLink/Page_CCSale/txt_UDF5'

2021-03-04 22:57:12 - [MESSAGE][PASSED] - Object 'Object Repository/VLink/Page_CCSale/txt_UDF6' is present

2021-03-04 22:57:13 - [MESSAGE][PASSED] - Text '' is set on object 'Object Repository/VLink/Page_CCSale/txt_UDF6'

2021-03-04 22:57:13 - [MESSAGE][PASSED] - Object 'Object Repository/VLink/Page_CCSale/txt_UDF7' is present

2021-03-04 22:57:14 - [MESSAGE][PASSED] - Text '' is set on object 'Object Repository/VLink/Page_CCSale/txt_UDF7'

2021-03-04 22:57:14 - [MESSAGE][PASSED] - Object 'Object Repository/VLink/Page_CCSale/txt_UDF8' is present

2021-03-04 22:57:15 - [MESSAGE][PASSED] - Text '' is set on object 'Object Repository/VLink/Page_CCSale/txt_UDF8'

2021-03-04 22:57:15 - [MESSAGE][PASSED] - Object 'Object Repository/VLink/Page_CCSale/txt_UDF9' is present

2021-03-04 22:57:16 - [MESSAGE][PASSED] - Text '' is set on object 'Object Repository/VLink/Page_CCSale/txt_UDF9'

2021-03-04 22:57:16 - [MESSAGE][PASSED] - Object 'Object Repository/VLink/Page_CCSale/txt_UDF10' is present

2021-03-04 22:57:17 - [MESSAGE][PASSED] - Text '' is set on object 'Object Repository/VLink/Page_CCSale/txt_UDF10'

2021-03-04 22:57:17 - [MESSAGE][PASSED] - Object 'Object Repository/VLink/Page_CCSale/txt_CardOnFileIndicator' is present

2021-03-04 22:57:18 - [MESSAGE][PASSED] - Text '' is set on object 'Object Repository/VLink/Page_CCSale/txt_CardOnFileIndicator'

2021-03-04 22:57:18 - [MESSAGE][PASSED] - Object 'Object Repository/VLink/Page_CCSale/txt_StoredCredentialIndicator' is present

2021-03-04 22:57:19 - [MESSAGE][PASSED] - Text '' is set on object 'Object Repository/VLink/Page_CCSale/txt_StoredCredentialIndicator'

2021-03-04 22:57:19 - [MESSAGE][PASSED] - Object 'Object Repository/VLink/Page_CCSale/txt_COFScheduledIndicator' is present

2021-03-04 22:57:20 - [MESSAGE][PASSED] - Text '' is set on object 'Object Repository/VLink/Page_CCSale/txt_COFScheduledIndicator'

2021-03-04 22:57:20 - [MESSAGE][PASSED] - Object 'Object Repository/VLink/Page_CCSale/txt_COFTransactionInitiatedBy' is present

2021-03-04 22:57:21 - [MESSAGE][PASSED] - Text '' is set on object 'Object Repository/VLink/Page_CCSale/txt_COFTransactionInitiatedBy'

2021-03-04 22:57:23 - [MESSAGE][PASSED] - Object: 'Object Repository/VLink/Page_CCSale/btn_ProcessVLinkTransaction' is clicked on

2021-03-04 22:57:28 - [MESSAGE][PASSED] - vlinkPages.saleCCPage.setDataSCC is PASSED

2021-03-04 22:57:28 - [TEST_STEP][PASSED] - if (verifyTextPresent("Transaction approved, no errors", true)): null

2021-03-04 22:57:29 - [MESSAGE][PASSED] - Text 'Transaction approved, no errors' is present on page  using regular expression

2021-03-04 22:57:29 - [TEST_STEP][PASSED] - println("Transaction Approved, no errors text is present on the Confirmation page"): null

2021-03-04 22:57:29 - [TEST_STEP][PASSED] - out.println("Pass Record Number: " + row): null

2021-03-04 22:57:29 - [TEST_STEP][PASSED] - resText = "Pass": null

2021-03-04 22:57:29 - [TEST_STEP][PASSED] - pages.WriteExcel.demoKey(resText, datText, resColumn, datCloumn, fileLoc, nameSheet, row): pages.WriteExcel.demoKey is PASSED

2021-03-04 22:57:29 - [MESSAGE][PASSED] - pages.WriteExcel.demoKey is PASSED

2021-03-04 22:57:29 - [TEST_STEP][PASSED] - sdfo = getText(findTestObject("Object Repository/Page_VLinkReceipt/pre_STX")): Text of object 'Object Repository/Page_VLinkReceipt/pre_STX' is: '<STX>a7cyhcNnWfRM                  12089836            0  Transaction approved, no errors                   0                                                                                  XXOK8510   <ETX>'

2021-03-04 22:57:29 - [MESSAGE][PASSED] - Text of object 'Object Repository/Page_VLinkReceipt/pre_STX' is: '<STX>a7cyhcNnWfRM                  12089836            0  Transaction approved, no errors                   0                                                                                  XXOK8510   <ETX>'

2021-03-04 22:57:29 - [TEST_STEP][PASSED] - out.println("sdfo: " + sdfo): null

2021-03-04 22:57:29 - [TEST_STEP][PASSED] - remID = substring(5, 35).trim(): null

2021-03-04 22:57:29 - [TEST_STEP][PASSED] - out.println("Remittance ID: " + remID): null

2021-03-04 22:57:29 - [TEST_STEP][PASSED] - traxID = substring(35, 55).trim(): null

2021-03-04 22:57:29 - [TEST_STEP][PASSED] - out.println("Transaction ID: " + traxID): null

2021-03-04 22:57:29 - [TEST_STEP][PASSED] - out.println("End Record Number: " + row): null

2021-03-04 22:57:29 - [TEST_STEP][PASSED] - closeBrowser(): Browser is closed

2021-03-04 22:57:30 - [MESSAGE][PASSED] - Browser is closed

2021-03-04 22:57:30 - [TEST_STEP][PASSED] - out.println("Begin Record Number: " + row): null

2021-03-04 22:57:30 - [TEST_STEP][PASSED] - today = new java.util.Date(): null

2021-03-04 22:57:30 - [TEST_STEP][PASSED] - println(today): null

2021-03-04 22:57:30 - [TEST_STEP][PASSED] - datText = today: null

2021-03-04 22:57:30 - [TEST_STEP][PASSED] - openBrowser(VLinkURL + "authcap.html"): Browser is opened with url: 'https://dev-algorithm.govolution.com/vlinktest/QA/version_2_0/authcap.html'

2021-03-04 22:57:30 - [MESSAGE][INFO] - Starting 'Chrome' driver

2021-03-04 22:57:30 - [MESSAGE][INFO] - User set preference: ['acceptInsecureCerts', 'true']

2021-03-04 22:57:30 - [MESSAGE][INFO] - Action delay is set to 0 milliseconds

2021-03-04 22:57:34 - [MESSAGE][PASSED] - Browser is opened with url: 'https://dev-algorithm.govolution.com/vlinktest/QA/version_2_0/authcap.html'

2021-03-04 22:57:34 - [TEST_STEP][PASSED] - maximizeWindow(): Current window maximized

2021-03-04 22:57:34 - [MESSAGE][PASSED] - Current window maximized

2021-03-04 22:57:34 - [TEST_STEP][PASSED] - vlinkPages.saleCCPage.setDataSCC(row, dataFile): vlinkPages.saleCCPage.setDataSCC is PASSED

2021-03-04 22:57:36 - [MESSAGE][PASSED] - Object 'Object Repository/VLink/Page_CCSale/txt_CardNumber' is present

2021-03-04 22:57:36 - [MESSAGE][PASSED] - Object 'Object Repository/VLink/Page_CCSale/txt_TransactionType' is present

2021-03-04 22:57:37 - [MESSAGE][PASSED] - Text '104' is set on object 'Object Repository/VLink/Page_CCSale/txt_TransactionType'

2021-03-04 22:57:37 - [MESSAGE][PASSED] - Object 'Object Repository/VLink/Page_CCSale/txt_MessageVersion' is present

2021-03-04 22:57:38 - [MESSAGE][PASSED] - Text '2.0C' is set on object 'Object Repository/VLink/Page_CCSale/txt_MessageVersion'

2021-03-04 22:57:38 - [MESSAGE][PASSED] - Object 'Object Repository/VLink/Page_CCSale/txt_RemID' is present

2021-03-04 22:57:39 - [MESSAGE][PASSED] - Text 'EnYwcEIL5zUz' is set on object 'Object Repository/VLink/Page_CCSale/txt_RemID'

2021-03-04 22:57:39 - [MESSAGE][PASSED] - Object 'Object Repository/VLink/Page_CCSale/txt_ApplicationId' is present

2021-03-04 22:57:40 - [MESSAGE][PASSED] - Text '677' is set on object 'Object Repository/VLink/Page_CCSale/txt_ApplicationId'

2021-03-04 22:57:40 - [MESSAGE][PASSED] - Object 'Object Repository/VLink/Page_CCSale/txt_Username' is present

2021-03-04 22:57:40 - [MESSAGE][PASSED] - Text 'username' is set on object 'Object Repository/VLink/Page_CCSale/txt_Username'

2021-03-04 22:57:41 - [MESSAGE][PASSED] - Object 'Object Repository/VLink/Page_CCSale/txt_Password' is present

2021-03-04 22:57:41 - [MESSAGE][PASSED] - Text 'password' is set on object 'Object Repository/VLink/Page_CCSale/txt_Password'

2021-03-04 22:57:42 - [MESSAGE][PASSED] - Object 'Object Repository/VLink/Page_CCSale/txt_ResponseFormat' is present

2021-03-04 22:57:42 - [MESSAGE][PASSED] - Text 'fixed_width' is set on object 'Object Repository/VLink/Page_CCSale/txt_ResponseFormat'

2021-03-04 22:57:42 - [MESSAGE][PASSED] - Object 'Object Repository/VLink/Page_CCSale/txt_Category' is present

2021-03-04 22:57:43 - [MESSAGE][PASSED] - Text 'ECOM' is set on object 'Object Repository/VLink/Page_CCSale/txt_Category'

2021-03-04 22:57:43 - [MESSAGE][PASSED] - Object 'Object Repository/VLink/Page_CCSale/txt_TransactionID' is present

2021-03-04 22:57:44 - [MESSAGE][PASSED] - Text '' is set on object 'Object Repository/VLink/Page_CCSale/txt_TransactionID'

2021-03-04 22:57:44 - [MESSAGE][PASSED] - Object 'Object Repository/VLink/Page_CCSale/txt_ApprovalCode' is present

2021-03-04 22:57:45 - [MESSAGE][PASSED] - Text '' is set on object 'Object Repository/VLink/Page_CCSale/txt_ApprovalCode'

2021-03-04 22:57:45 - [MESSAGE][PASSED] - Object 'Object Repository/VLink/Page_CCSale/txt_CardName' is present

2021-03-04 22:57:46 - [MESSAGE][PASSED] - Text 'Roshan Maha' is set on object 'Object Repository/VLink/Page_CCSale/txt_CardName'

2021-03-04 22:57:46 - [MESSAGE][PASSED] - Object 'Object Repository/VLink/Page_CCSale/txt_AL1' is present

2021-03-04 22:57:47 - [MESSAGE][PASSED] - Text '12563 Bazaar road' is set on object 'Object Repository/VLink/Page_CCSale/txt_AL1'

2021-03-04 22:57:47 - [MESSAGE][PASSED] - Object 'Object Repository/VLink/Page_CCSale/txt_AL2' is present

2021-03-04 22:57:48 - [MESSAGE][PASSED] - Text '' is set on object 'Object Repository/VLink/Page_CCSale/txt_AL2'

2021-03-04 22:57:48 - [MESSAGE][PASSED] - Object 'Object Repository/VLink/Page_CCSale/txt_CardCity' is present

2021-03-04 22:57:49 - [MESSAGE][PASSED] - Text 'Crofton' is set on object 'Object Repository/VLink/Page_CCSale/txt_CardCity'

2021-03-04 22:57:49 - [MESSAGE][PASSED] - Object 'Object Repository/VLink/Page_CCSale/txt_CardState' is present

2021-03-04 22:57:50 - [MESSAGE][PASSED] - Text 'MD' is set on object 'Object Repository/VLink/Page_CCSale/txt_CardState'

2021-03-04 22:57:50 - [MESSAGE][PASSED] - Object 'Object Repository/VLink/Page_CCSale/txt_CardZIP' is present

2021-03-04 22:57:51 - [MESSAGE][PASSED] - Text '21114' is set on object 'Object Repository/VLink/Page_CCSale/txt_CardZIP'

2021-03-04 22:57:51 - [MESSAGE][PASSED] - Object 'Object Repository/VLink/Page_CCSale/txt_CountryID' is present

2021-03-04 22:57:52 - [MESSAGE][PASSED] - Text '' is set on object 'Object Repository/VLink/Page_CCSale/txt_CountryID'

2021-03-04 22:57:52 - [MESSAGE][PASSED] - Object 'Object Repository/VLink/Page_CCSale/txt_Amount' is present

2021-03-04 22:57:53 - [MESSAGE][PASSED] - Text '3.50' is set on object 'Object Repository/VLink/Page_CCSale/txt_Amount'

2021-03-04 22:57:53 - [MESSAGE][PASSED] - Object 'Object Repository/VLink/Page_CCSale/txt_CardNumber' is present

2021-03-04 22:57:54 - [MESSAGE][PASSED] - Text '5424000000000015' is set on object 'Object Repository/VLink/Page_CCSale/txt_CardNumber'

2021-03-04 22:57:54 - [MESSAGE][PASSED] - Object 'Object Repository/VLink/Page_CCSale/txt_ExpMonth' is present

2021-03-04 22:57:55 - [MESSAGE][PASSED] - Text '01' is set on object 'Object Repository/VLink/Page_CCSale/txt_ExpMonth'

2021-03-04 22:57:55 - [MESSAGE][PASSED] - Object 'Object Repository/VLink/Page_CCSale/txt_ExpYear' is present

2021-03-04 22:57:56 - [MESSAGE][PASSED] - Text '2026' is set on object 'Object Repository/VLink/Page_CCSale/txt_ExpYear'

2021-03-04 22:57:56 - [MESSAGE][PASSED] - Object 'Object Repository/VLink/Page_CCSale/txt_CVV' is present

2021-03-04 22:57:57 - [MESSAGE][PASSED] - Text '' is set on object 'Object Repository/VLink/Page_CCSale/txt_CVV'

2021-03-04 22:57:57 - [MESSAGE][PASSED] - Object 'Object Repository/VLink/Page_CCSale/txt_CVVstate' is present

2021-03-04 22:57:58 - [MESSAGE][PASSED] - Text '' is set on object 'Object Repository/VLink/Page_CCSale/txt_CVVstate'

2021-03-04 22:57:58 - [MESSAGE][PASSED] - Object 'Object Repository/VLink/Page_CCSale/txt_TrackData' is present

2021-03-04 22:57:59 - [MESSAGE][PASSED] - Text '' is set on object 'Object Repository/VLink/Page_CCSale/txt_TrackData'

2021-03-04 22:57:59 - [MESSAGE][PASSED] - Object 'Object Repository/VLink/Page_CCSale/txt_Track1Data' is present

2021-03-04 22:58:00 - [MESSAGE][PASSED] - Text '' is set on object 'Object Repository/VLink/Page_CCSale/txt_Track1Data'

2021-03-04 22:58:00 - [MESSAGE][PASSED] - Object 'Object Repository/VLink/Page_CCSale/txt_Track2Data' is present

2021-03-04 22:58:01 - [MESSAGE][PASSED] - Text '' is set on object 'Object Repository/VLink/Page_CCSale/txt_Track2Data'

2021-03-04 22:58:01 - [MESSAGE][PASSED] - Object 'Object Repository/VLink/Page_CCSale/txt_POSEntryMode' is present

2021-03-04 22:58:02 - [MESSAGE][PASSED] - Text 'manual' is set on object 'Object Repository/VLink/Page_CCSale/txt_POSEntryMode'

2021-03-04 22:58:02 - [MESSAGE][PASSED] - Object 'Object Repository/VLink/Page_CCSale/txt_Email' is present

2021-03-04 22:58:03 - [MESSAGE][PASSED] - Text '' is set on object 'Object Repository/VLink/Page_CCSale/txt_Email'

2021-03-04 22:58:03 - [MESSAGE][PASSED] - Object 'Object Repository/VLink/Page_CCSale/txt_OrderNumber' is present

2021-03-04 22:58:04 - [MESSAGE][PASSED] - Text '' is set on object 'Object Repository/VLink/Page_CCSale/txt_OrderNumber'

2021-03-04 22:58:04 - [MESSAGE][PASSED] - Object 'Object Repository/VLink/Page_CCSale/txt_TaxAmount' is present

2021-03-04 22:58:05 - [MESSAGE][PASSED] - Text '' is set on object 'Object Repository/VLink/Page_CCSale/txt_TaxAmount'

2021-03-04 22:58:05 - [MESSAGE][PASSED] - Object 'Object Repository/VLink/Page_CCSale/txt_ChargeDescription' is present

2021-03-04 22:58:06 - [MESSAGE][PASSED] - Text '' is set on object 'Object Repository/VLink/Page_CCSale/txt_ChargeDescription'

2021-03-04 22:58:06 - [MESSAGE][PASSED] - Object 'Object Repository/VLink/Page_CCSale/txt_CAN' is present

2021-03-04 22:58:07 - [MESSAGE][PASSED] - Text '' is set on object 'Object Repository/VLink/Page_CCSale/txt_CAN'

2021-03-04 22:58:07 - [MESSAGE][PASSED] - Object 'Object Repository/VLink/Page_CCSale/txt_BillPaymentIndicator' is present

2021-03-04 22:58:08 - [MESSAGE][PASSED] - Text '' is set on object 'Object Repository/VLink/Page_CCSale/txt_BillPaymentIndicator'

2021-03-04 22:58:08 - [MESSAGE][PASSED] - Object 'Object Repository/VLink/Page_CCSale/txt_UDF1' is present

2021-03-04 22:58:09 - [MESSAGE][PASSED] - Text '' is set on object 'Object Repository/VLink/Page_CCSale/txt_UDF1'

2021-03-04 22:58:09 - [MESSAGE][PASSED] - Object 'Object Repository/VLink/Page_CCSale/txt_UDF2' is present

2021-03-04 22:58:10 - [MESSAGE][PASSED] - Text '' is set on object 'Object Repository/VLink/Page_CCSale/txt_UDF2'

2021-03-04 22:58:10 - [MESSAGE][PASSED] - Object 'Object Repository/VLink/Page_CCSale/txt_UDF3' is present

2021-03-04 22:58:11 - [MESSAGE][PASSED] - Text '' is set on object 'Object Repository/VLink/Page_CCSale/txt_UDF3'

2021-03-04 22:58:11 - [MESSAGE][PASSED] - Object 'Object Repository/VLink/Page_CCSale/txt_UDF4' is present

2021-03-04 22:58:12 - [MESSAGE][PASSED] - Text '' is set on object 'Object Repository/VLink/Page_CCSale/txt_UDF4'

2021-03-04 22:58:12 - [MESSAGE][PASSED] - Object 'Object Repository/VLink/Page_CCSale/txt_UDF5' is present

2021-03-04 22:58:13 - [MESSAGE][PASSED] - Text '' is set on object 'Object Repository/VLink/Page_CCSale/txt_UDF5'

2021-03-04 22:58:13 - [MESSAGE][PASSED] - Object 'Object Repository/VLink/Page_CCSale/txt_UDF6' is present

2021-03-04 22:58:14 - [MESSAGE][PASSED] - Text '' is set on object 'Object Repository/VLink/Page_CCSale/txt_UDF6'

2021-03-04 22:58:14 - [MESSAGE][PASSED] - Object 'Object Repository/VLink/Page_CCSale/txt_UDF7' is present

2021-03-04 22:58:14 - [MESSAGE][PASSED] - Text '' is set on object 'Object Repository/VLink/Page_CCSale/txt_UDF7'

2021-03-04 22:58:15 - [MESSAGE][PASSED] - Object 'Object Repository/VLink/Page_CCSale/txt_UDF8' is present

2021-03-04 22:58:16 - [MESSAGE][PASSED] - Text '' is set on object 'Object Repository/VLink/Page_CCSale/txt_UDF8'

2021-03-04 22:58:16 - [MESSAGE][PASSED] - Object 'Object Repository/VLink/Page_CCSale/txt_UDF9' is present

2021-03-04 22:58:16 - [MESSAGE][PASSED] - Text '' is set on object 'Object Repository/VLink/Page_CCSale/txt_UDF9'

2021-03-04 22:58:17 - [MESSAGE][PASSED] - Object 'Object Repository/VLink/Page_CCSale/txt_UDF10' is present

2021-03-04 22:58:17 - [MESSAGE][PASSED] - Text '' is set on object 'Object Repository/VLink/Page_CCSale/txt_UDF10'

2021-03-04 22:58:18 - [MESSAGE][PASSED] - Object 'Object Repository/VLink/Page_CCSale/txt_CardOnFileIndicator' is present

2021-03-04 22:58:18 - [MESSAGE][PASSED] - Text '' is set on object 'Object Repository/VLink/Page_CCSale/txt_CardOnFileIndicator'

2021-03-04 22:58:19 - [MESSAGE][PASSED] - Object 'Object Repository/VLink/Page_CCSale/txt_StoredCredentialIndicator' is present

2021-03-04 22:58:19 - [MESSAGE][PASSED] - Text '' is set on object 'Object Repository/VLink/Page_CCSale/txt_StoredCredentialIndicator'

2021-03-04 22:58:20 - [MESSAGE][PASSED] - Object 'Object Repository/VLink/Page_CCSale/txt_COFScheduledIndicator' is present

2021-03-04 22:58:20 - [MESSAGE][PASSED] - Text '' is set on object 'Object Repository/VLink/Page_CCSale/txt_COFScheduledIndicator'

2021-03-04 22:58:21 - [MESSAGE][PASSED] - Object 'Object Repository/VLink/Page_CCSale/txt_COFTransactionInitiatedBy' is present

2021-03-04 22:58:21 - [MESSAGE][PASSED] - Text '' is set on object 'Object Repository/VLink/Page_CCSale/txt_COFTransactionInitiatedBy'

2021-03-04 22:58:36 - [MESSAGE][PASSED] - Object: 'Object Repository/VLink/Page_CCSale/btn_ProcessVLinkTransaction' is clicked on

2021-03-04 22:58:41 - [MESSAGE][PASSED] - vlinkPages.saleCCPage.setDataSCC is PASSED

2021-03-04 22:58:41 - [TEST_STEP][PASSED] - if (verifyTextPresent("Transaction approved, no errors", true)): null

2021-03-04 22:58:41 - [MESSAGE][PASSED] - Text 'Transaction approved, no errors' is present on page  using regular expression

2021-03-04 22:58:41 - [TEST_STEP][PASSED] - println("Transaction Approved, no errors text is present on the Confirmation page"): null

2021-03-04 22:58:41 - [TEST_STEP][PASSED] - out.println("Pass Record Number: " + row): null

2021-03-04 22:58:41 - [TEST_STEP][PASSED] - resText = "Pass": null

2021-03-04 22:58:41 - [TEST_STEP][PASSED] - pages.WriteExcel.demoKey(resText, datText, resColumn, datCloumn, fileLoc, nameSheet, row): pages.WriteExcel.demoKey is PASSED

2021-03-04 22:58:41 - [MESSAGE][PASSED] - pages.WriteExcel.demoKey is PASSED

2021-03-04 22:58:41 - [TEST_STEP][PASSED] - sdfo = getText(findTestObject("Object Repository/Page_VLinkReceipt/pre_STX")): Text of object 'Object Repository/Page_VLinkReceipt/pre_STX' is: '<STX>EnYwcEIL5zUz                  12089837            0  Transaction approved, no errors                   0                                                                                  XXOK8760   <ETX>'

2021-03-04 22:58:42 - [MESSAGE][PASSED] - Text of object 'Object Repository/Page_VLinkReceipt/pre_STX' is: '<STX>EnYwcEIL5zUz                  12089837            0  Transaction approved, no errors                   0                                                                                  XXOK8760   <ETX>'

2021-03-04 22:58:42 - [TEST_STEP][PASSED] - out.println("sdfo: " + sdfo): null

2021-03-04 22:58:42 - [TEST_STEP][PASSED] - remID = substring(5, 35).trim(): null

2021-03-04 22:58:42 - [TEST_STEP][PASSED] - out.println("Remittance ID: " + remID): null

2021-03-04 22:58:42 - [TEST_STEP][PASSED] - traxID = substring(35, 55).trim(): null

2021-03-04 22:58:42 - [TEST_STEP][PASSED] - out.println("Transaction ID: " + traxID): null

2021-03-04 22:58:42 - [TEST_STEP][PASSED] - out.println("End Record Number: " + row): null

2021-03-04 22:58:42 - [TEST_STEP][PASSED] - closeBrowser(): Browser is closed

2021-03-04 22:58:42 - [MESSAGE][PASSED] - Browser is closed

2021-03-04 22:58:42 - [TEST_STEP][PASSED] - out.println("Begin Record Number: " + row): null

2021-03-04 22:58:42 - [TEST_STEP][PASSED] - today = new java.util.Date(): null

2021-03-04 22:58:42 - [TEST_STEP][PASSED] - println(today): null

2021-03-04 22:58:42 - [TEST_STEP][PASSED] - datText = today: null

2021-03-04 22:58:42 - [TEST_STEP][PASSED] - openBrowser(VLinkURL + "authcap.html"): Browser is opened with url: 'https://dev-algorithm.govolution.com/vlinktest/QA/version_2_0/authcap.html'

2021-03-04 22:58:42 - [MESSAGE][INFO] - Starting 'Chrome' driver

2021-03-04 22:58:42 - [MESSAGE][INFO] - User set preference: ['acceptInsecureCerts', 'true']

2021-03-04 22:58:42 - [MESSAGE][INFO] - Action delay is set to 0 milliseconds

2021-03-04 22:58:45 - [MESSAGE][PASSED] - Browser is opened with url: 'https://dev-algorithm.govolution.com/vlinktest/QA/version_2_0/authcap.html'

2021-03-04 22:58:45 - [TEST_STEP][PASSED] - maximizeWindow(): Current window maximized

2021-03-04 22:58:45 - [MESSAGE][PASSED] - Current window maximized

2021-03-04 22:58:45 - [TEST_STEP][PASSED] - vlinkPages.saleCCPage.setDataSCC(row, dataFile): vlinkPages.saleCCPage.setDataSCC is PASSED

2021-03-04 22:58:47 - [MESSAGE][PASSED] - Object 'Object Repository/VLink/Page_CCSale/txt_CardNumber' is present

2021-03-04 22:58:47 - [MESSAGE][PASSED] - Object 'Object Repository/VLink/Page_CCSale/txt_TransactionType' is present

2021-03-04 22:58:48 - [MESSAGE][PASSED] - Text '104' is set on object 'Object Repository/VLink/Page_CCSale/txt_TransactionType'

2021-03-04 22:58:48 - [MESSAGE][PASSED] - Object 'Object Repository/VLink/Page_CCSale/txt_MessageVersion' is present

2021-03-04 22:58:48 - [MESSAGE][PASSED] - Text '2.0C' is set on object 'Object Repository/VLink/Page_CCSale/txt_MessageVersion'

2021-03-04 22:58:49 - [MESSAGE][PASSED] - Object 'Object Repository/VLink/Page_CCSale/txt_RemID' is present

2021-03-04 22:58:49 - [MESSAGE][PASSED] - Text 'FYMUGM4fiWVi' is set on object 'Object Repository/VLink/Page_CCSale/txt_RemID'

2021-03-04 22:58:50 - [MESSAGE][PASSED] - Object 'Object Repository/VLink/Page_CCSale/txt_ApplicationId' is present

2021-03-04 22:58:50 - [MESSAGE][PASSED] - Text '665' is set on object 'Object Repository/VLink/Page_CCSale/txt_ApplicationId'

2021-03-04 22:58:50 - [MESSAGE][PASSED] - Object 'Object Repository/VLink/Page_CCSale/txt_Username' is present

2021-03-04 22:58:51 - [MESSAGE][PASSED] - Text 'username' is set on object 'Object Repository/VLink/Page_CCSale/txt_Username'

2021-03-04 22:58:51 - [MESSAGE][PASSED] - Object 'Object Repository/VLink/Page_CCSale/txt_Password' is present

2021-03-04 22:58:52 - [MESSAGE][PASSED] - Text 'password' is set on object 'Object Repository/VLink/Page_CCSale/txt_Password'

2021-03-04 22:58:52 - [MESSAGE][PASSED] - Object 'Object Repository/VLink/Page_CCSale/txt_ResponseFormat' is present

2021-03-04 22:58:53 - [MESSAGE][PASSED] - Text 'fixed_width' is set on object 'Object Repository/VLink/Page_CCSale/txt_ResponseFormat'

2021-03-04 22:58:53 - [MESSAGE][PASSED] - Object 'Object Repository/VLink/Page_CCSale/txt_Category' is present

2021-03-04 22:58:54 - [MESSAGE][PASSED] - Text 'ECOM' is set on object 'Object Repository/VLink/Page_CCSale/txt_Category'

2021-03-04 22:58:54 - [MESSAGE][PASSED] - Object 'Object Repository/VLink/Page_CCSale/txt_TransactionID' is present

2021-03-04 22:58:54 - [MESSAGE][PASSED] - Text '' is set on object 'Object Repository/VLink/Page_CCSale/txt_TransactionID'

2021-03-04 22:58:55 - [MESSAGE][PASSED] - Object 'Object Repository/VLink/Page_CCSale/txt_ApprovalCode' is present

2021-03-04 22:58:55 - [MESSAGE][PASSED] - Text '' is set on object 'Object Repository/VLink/Page_CCSale/txt_ApprovalCode'

2021-03-04 22:58:56 - [MESSAGE][PASSED] - Object 'Object Repository/VLink/Page_CCSale/txt_CardName' is present

2021-03-04 22:58:56 - [MESSAGE][PASSED] - Text 'Kris Roshan' is set on object 'Object Repository/VLink/Page_CCSale/txt_CardName'

2021-03-04 22:58:57 - [MESSAGE][PASSED] - Object 'Object Repository/VLink/Page_CCSale/txt_AL1' is present

2021-03-04 22:58:57 - [MESSAGE][PASSED] - Text '258 Elm Road' is set on object 'Object Repository/VLink/Page_CCSale/txt_AL1'

2021-03-04 22:58:58 - [MESSAGE][PASSED] - Object 'Object Repository/VLink/Page_CCSale/txt_AL2' is present

2021-03-04 22:58:58 - [MESSAGE][PASSED] - Text 'Suite 56' is set on object 'Object Repository/VLink/Page_CCSale/txt_AL2'

2021-03-04 22:58:59 - [MESSAGE][PASSED] - Object 'Object Repository/VLink/Page_CCSale/txt_CardCity' is present

2021-03-04 22:58:59 - [MESSAGE][PASSED] - Text 'Arlington' is set on object 'Object Repository/VLink/Page_CCSale/txt_CardCity'

2021-03-04 22:59:00 - [MESSAGE][PASSED] - Object 'Object Repository/VLink/Page_CCSale/txt_CardState' is present

2021-03-04 22:59:00 - [MESSAGE][PASSED] - Text 'VA' is set on object 'Object Repository/VLink/Page_CCSale/txt_CardState'

2021-03-04 22:59:01 - [MESSAGE][PASSED] - Object 'Object Repository/VLink/Page_CCSale/txt_CardZIP' is present

2021-03-04 22:59:01 - [MESSAGE][PASSED] - Text '22201' is set on object 'Object Repository/VLink/Page_CCSale/txt_CardZIP'

2021-03-04 22:59:01 - [MESSAGE][PASSED] - Object 'Object Repository/VLink/Page_CCSale/txt_CountryID' is present

2021-03-04 22:59:02 - [MESSAGE][PASSED] - Text '840' is set on object 'Object Repository/VLink/Page_CCSale/txt_CountryID'

2021-03-04 22:59:02 - [MESSAGE][PASSED] - Object 'Object Repository/VLink/Page_CCSale/txt_Amount' is present

2021-03-04 22:59:03 - [MESSAGE][PASSED] - Text '1.50' is set on object 'Object Repository/VLink/Page_CCSale/txt_Amount'

2021-03-04 22:59:03 - [MESSAGE][PASSED] - Object 'Object Repository/VLink/Page_CCSale/txt_CardNumber' is present

2021-03-04 22:59:04 - [MESSAGE][PASSED] - Text '370000000000002' is set on object 'Object Repository/VLink/Page_CCSale/txt_CardNumber'

2021-03-04 22:59:04 - [MESSAGE][PASSED] - Object 'Object Repository/VLink/Page_CCSale/txt_ExpMonth' is present

2021-03-04 22:59:05 - [MESSAGE][PASSED] - Text '12' is set on object 'Object Repository/VLink/Page_CCSale/txt_ExpMonth'

2021-03-04 22:59:05 - [MESSAGE][PASSED] - Object 'Object Repository/VLink/Page_CCSale/txt_ExpYear' is present

2021-03-04 22:59:06 - [MESSAGE][PASSED] - Text '2025' is set on object 'Object Repository/VLink/Page_CCSale/txt_ExpYear'

2021-03-04 22:59:06 - [MESSAGE][PASSED] - Object 'Object Repository/VLink/Page_CCSale/txt_CVV' is present

2021-03-04 22:59:07 - [MESSAGE][PASSED] - Text '' is set on object 'Object Repository/VLink/Page_CCSale/txt_CVV'

2021-03-04 22:59:07 - [MESSAGE][PASSED] - Object 'Object Repository/VLink/Page_CCSale/txt_CVVstate' is present

2021-03-04 22:59:08 - [MESSAGE][PASSED] - Text '' is set on object 'Object Repository/VLink/Page_CCSale/txt_CVVstate'

2021-03-04 22:59:08 - [MESSAGE][PASSED] - Object 'Object Repository/VLink/Page_CCSale/txt_TrackData' is present

2021-03-04 22:59:09 - [MESSAGE][PASSED] - Text '' is set on object 'Object Repository/VLink/Page_CCSale/txt_TrackData'

2021-03-04 22:59:09 - [MESSAGE][PASSED] - Object 'Object Repository/VLink/Page_CCSale/txt_Track1Data' is present

2021-03-04 22:59:10 - [MESSAGE][PASSED] - Text '' is set on object 'Object Repository/VLink/Page_CCSale/txt_Track1Data'

2021-03-04 22:59:10 - [MESSAGE][PASSED] - Object 'Object Repository/VLink/Page_CCSale/txt_Track2Data' is present

2021-03-04 22:59:11 - [MESSAGE][PASSED] - Text '' is set on object 'Object Repository/VLink/Page_CCSale/txt_Track2Data'

2021-03-04 22:59:11 - [MESSAGE][PASSED] - Object 'Object Repository/VLink/Page_CCSale/txt_POSEntryMode' is present

2021-03-04 22:59:12 - [MESSAGE][PASSED] - Text 'manual' is set on object 'Object Repository/VLink/Page_CCSale/txt_POSEntryMode'

2021-03-04 22:59:12 - [MESSAGE][PASSED] - Object 'Object Repository/VLink/Page_CCSale/txt_Email' is present

2021-03-04 22:59:13 - [MESSAGE][PASSED] - Text 'iahmed@govolution.com' is set on object 'Object Repository/VLink/Page_CCSale/txt_Email'

2021-03-04 22:59:13 - [MESSAGE][PASSED] - Object 'Object Repository/VLink/Page_CCSale/txt_OrderNumber' is present

2021-03-04 22:59:14 - [MESSAGE][PASSED] - Text '2569362' is set on object 'Object Repository/VLink/Page_CCSale/txt_OrderNumber'

2021-03-04 22:59:14 - [MESSAGE][PASSED] - Object 'Object Repository/VLink/Page_CCSale/txt_TaxAmount' is present

2021-03-04 22:59:15 - [MESSAGE][PASSED] - Text '1.15' is set on object 'Object Repository/VLink/Page_CCSale/txt_TaxAmount'

2021-03-04 22:59:15 - [MESSAGE][PASSED] - Object 'Object Repository/VLink/Page_CCSale/txt_ChargeDescription' is present

2021-03-04 22:59:16 - [MESSAGE][PASSED] - Text 'Charge Description' is set on object 'Object Repository/VLink/Page_CCSale/txt_ChargeDescription'

2021-03-04 22:59:16 - [MESSAGE][PASSED] - Object 'Object Repository/VLink/Page_CCSale/txt_CAN' is present

2021-03-04 22:59:17 - [MESSAGE][PASSED] - Text '147357' is set on object 'Object Repository/VLink/Page_CCSale/txt_CAN'

2021-03-04 22:59:17 - [MESSAGE][PASSED] - Object 'Object Repository/VLink/Page_CCSale/txt_BillPaymentIndicator' is present

2021-03-04 22:59:18 - [MESSAGE][PASSED] - Text '1' is set on object 'Object Repository/VLink/Page_CCSale/txt_BillPaymentIndicator'

2021-03-04 22:59:18 - [MESSAGE][PASSED] - Object 'Object Repository/VLink/Page_CCSale/txt_UDF1' is present

2021-03-04 22:59:19 - [MESSAGE][PASSED] - Text 'UDF Data 1' is set on object 'Object Repository/VLink/Page_CCSale/txt_UDF1'

2021-03-04 22:59:19 - [MESSAGE][PASSED] - Object 'Object Repository/VLink/Page_CCSale/txt_UDF2' is present

2021-03-04 22:59:20 - [MESSAGE][PASSED] - Text 'UDF Data 2' is set on object 'Object Repository/VLink/Page_CCSale/txt_UDF2'

2021-03-04 22:59:20 - [MESSAGE][PASSED] - Object 'Object Repository/VLink/Page_CCSale/txt_UDF3' is present

2021-03-04 22:59:21 - [MESSAGE][PASSED] - Text 'UDF Data 3' is set on object 'Object Repository/VLink/Page_CCSale/txt_UDF3'

2021-03-04 22:59:21 - [MESSAGE][PASSED] - Object 'Object Repository/VLink/Page_CCSale/txt_UDF4' is present

2021-03-04 22:59:22 - [MESSAGE][PASSED] - Text 'UDF Data 4' is set on object 'Object Repository/VLink/Page_CCSale/txt_UDF4'

2021-03-04 22:59:22 - [MESSAGE][PASSED] - Object 'Object Repository/VLink/Page_CCSale/txt_UDF5' is present

2021-03-04 22:59:23 - [MESSAGE][PASSED] - Text 'UDF Data 5' is set on object 'Object Repository/VLink/Page_CCSale/txt_UDF5'

2021-03-04 22:59:23 - [MESSAGE][PASSED] - Object 'Object Repository/VLink/Page_CCSale/txt_UDF6' is present

2021-03-04 22:59:24 - [MESSAGE][PASSED] - Text 'UDF Data 6' is set on object 'Object Repository/VLink/Page_CCSale/txt_UDF6'

2021-03-04 22:59:24 - [MESSAGE][PASSED] - Object 'Object Repository/VLink/Page_CCSale/txt_UDF7' is present

2021-03-04 22:59:25 - [MESSAGE][PASSED] - Text 'UDF Data 7' is set on object 'Object Repository/VLink/Page_CCSale/txt_UDF7'

2021-03-04 22:59:25 - [MESSAGE][PASSED] - Object 'Object Repository/VLink/Page_CCSale/txt_UDF8' is present

2021-03-04 22:59:26 - [MESSAGE][PASSED] - Text 'UDF Data 8' is set on object 'Object Repository/VLink/Page_CCSale/txt_UDF8'

2021-03-04 22:59:26 - [MESSAGE][PASSED] - Object 'Object Repository/VLink/Page_CCSale/txt_UDF9' is present

2021-03-04 22:59:27 - [MESSAGE][PASSED] - Text 'UDF Data 9' is set on object 'Object Repository/VLink/Page_CCSale/txt_UDF9'

2021-03-04 22:59:27 - [MESSAGE][PASSED] - Object 'Object Repository/VLink/Page_CCSale/txt_UDF10' is present

2021-03-04 22:59:28 - [MESSAGE][PASSED] - Text 'UDF Data 10' is set on object 'Object Repository/VLink/Page_CCSale/txt_UDF10'

2021-03-04 22:59:28 - [MESSAGE][PASSED] - Object 'Object Repository/VLink/Page_CCSale/txt_CardOnFileIndicator' is present

2021-03-04 22:59:29 - [MESSAGE][PASSED] - Text '' is set on object 'Object Repository/VLink/Page_CCSale/txt_CardOnFileIndicator'

2021-03-04 22:59:29 - [MESSAGE][PASSED] - Object 'Object Repository/VLink/Page_CCSale/txt_StoredCredentialIndicator' is present

2021-03-04 22:59:30 - [MESSAGE][PASSED] - Text '' is set on object 'Object Repository/VLink/Page_CCSale/txt_StoredCredentialIndicator'

2021-03-04 22:59:30 - [MESSAGE][PASSED] - Object 'Object Repository/VLink/Page_CCSale/txt_COFScheduledIndicator' is present

2021-03-04 22:59:31 - [MESSAGE][PASSED] - Text '' is set on object 'Object Repository/VLink/Page_CCSale/txt_COFScheduledIndicator'

2021-03-04 22:59:31 - [MESSAGE][PASSED] - Object 'Object Repository/VLink/Page_CCSale/txt_COFTransactionInitiatedBy' is present

2021-03-04 22:59:32 - [MESSAGE][PASSED] - Text '' is set on object 'Object Repository/VLink/Page_CCSale/txt_COFTransactionInitiatedBy'

2021-03-04 22:59:34 - [MESSAGE][PASSED] - Object: 'Object Repository/VLink/Page_CCSale/btn_ProcessVLinkTransaction' is clicked on

2021-03-04 22:59:39 - [MESSAGE][PASSED] - vlinkPages.saleCCPage.setDataSCC is PASSED

2021-03-04 22:59:39 - [TEST_STEP][PASSED] - if (verifyTextPresent("Transaction approved, no errors", true)): null

2021-03-04 22:59:39 - [MESSAGE][PASSED] - Text 'Transaction approved, no errors' is present on page  using regular expression

2021-03-04 22:59:39 - [TEST_STEP][PASSED] - println("Transaction Approved, no errors text is present on the Confirmation page"): null

2021-03-04 22:59:39 - [TEST_STEP][PASSED] - out.println("Pass Record Number: " + row): null

2021-03-04 22:59:39 - [TEST_STEP][PASSED] - resText = "Pass": null

2021-03-04 22:59:39 - [TEST_STEP][PASSED] - pages.WriteExcel.demoKey(resText, datText, resColumn, datCloumn, fileLoc, nameSheet, row): pages.WriteExcel.demoKey is PASSED

2021-03-04 22:59:39 - [MESSAGE][PASSED] - pages.WriteExcel.demoKey is PASSED

2021-03-04 22:59:39 - [TEST_STEP][PASSED] - sdfo = getText(findTestObject("Object Repository/Page_VLinkReceipt/pre_STX")): Text of object 'Object Repository/Page_VLinkReceipt/pre_STX' is: '<STX>FYMUGM4fiWVi                  12089839            0  Transaction approved, no errors                   0                                                                                  X OK9050   <ETX>'

2021-03-04 22:59:40 - [MESSAGE][PASSED] - Text of object 'Object Repository/Page_VLinkReceipt/pre_STX' is: '<STX>FYMUGM4fiWVi                  12089839            0  Transaction approved, no errors                   0                                                                                  X OK9050   <ETX>'

2021-03-04 22:59:40 - [TEST_STEP][PASSED] - out.println("sdfo: " + sdfo): null

2021-03-04 22:59:40 - [TEST_STEP][PASSED] - remID = substring(5, 35).trim(): null

2021-03-04 22:59:40 - [TEST_STEP][PASSED] - out.println("Remittance ID: " + remID): null

2021-03-04 22:59:40 - [TEST_STEP][PASSED] - traxID = substring(35, 55).trim(): null

2021-03-04 22:59:40 - [TEST_STEP][PASSED] - out.println("Transaction ID: " + traxID): null

2021-03-04 22:59:40 - [TEST_STEP][PASSED] - out.println("End Record Number: " + row): null

2021-03-04 22:59:40 - [TEST_STEP][PASSED] - closeBrowser(): Browser is closed

2021-03-04 22:59:40 - [MESSAGE][PASSED] - Browser is closed

2021-03-04 22:59:40 - [TEST_STEP][PASSED] - out.println("Begin Record Number: " + row): null

2021-03-04 22:59:40 - [TEST_STEP][PASSED] - today = new java.util.Date(): null

2021-03-04 22:59:40 - [TEST_STEP][PASSED] - println(today): null

2021-03-04 22:59:40 - [TEST_STEP][PASSED] - datText = today: null

2021-03-04 22:59:40 - [TEST_STEP][PASSED] - openBrowser(VLinkURL + "authcap.html"): Browser is opened with url: 'https://dev-algorithm.govolution.com/vlinktest/QA/version_2_0/authcap.html'

2021-03-04 22:59:40 - [MESSAGE][INFO] - Starting 'Chrome' driver

2021-03-04 22:59:40 - [MESSAGE][INFO] - User set preference: ['acceptInsecureCerts', 'true']

2021-03-04 22:59:40 - [MESSAGE][INFO] - Action delay is set to 0 milliseconds

2021-03-04 22:59:45 - [MESSAGE][PASSED] - Browser is opened with url: 'https://dev-algorithm.govolution.com/vlinktest/QA/version_2_0/authcap.html'

2021-03-04 22:59:45 - [TEST_STEP][PASSED] - maximizeWindow(): Current window maximized

2021-03-04 22:59:45 - [MESSAGE][PASSED] - Current window maximized

2021-03-04 22:59:45 - [TEST_STEP][PASSED] - vlinkPages.saleCCPage.setDataSCC(row, dataFile): vlinkPages.saleCCPage.setDataSCC is PASSED

2021-03-04 22:59:47 - [MESSAGE][PASSED] - Object 'Object Repository/VLink/Page_CCSale/txt_CardNumber' is present

2021-03-04 22:59:47 - [MESSAGE][PASSED] - Object 'Object Repository/VLink/Page_CCSale/txt_TransactionType' is present

2021-03-04 22:59:48 - [MESSAGE][PASSED] - Text '104' is set on object 'Object Repository/VLink/Page_CCSale/txt_TransactionType'

2021-03-04 22:59:48 - [MESSAGE][PASSED] - Object 'Object Repository/VLink/Page_CCSale/txt_MessageVersion' is present

2021-03-04 22:59:49 - [MESSAGE][PASSED] - Text '2.0C' is set on object 'Object Repository/VLink/Page_CCSale/txt_MessageVersion'

2021-03-04 22:59:49 - [MESSAGE][PASSED] - Object 'Object Repository/VLink/Page_CCSale/txt_RemID' is present

2021-03-04 22:59:50 - [MESSAGE][PASSED] - Text 'Mn801BJrNALK' is set on object 'Object Repository/VLink/Page_CCSale/txt_RemID'

2021-03-04 22:59:50 - [MESSAGE][PASSED] - Object 'Object Repository/VLink/Page_CCSale/txt_ApplicationId' is present

2021-03-04 22:59:51 - [MESSAGE][PASSED] - Text '672' is set on object 'Object Repository/VLink/Page_CCSale/txt_ApplicationId'

2021-03-04 22:59:51 - [MESSAGE][PASSED] - Object 'Object Repository/VLink/Page_CCSale/txt_Username' is present

2021-03-04 22:59:52 - [MESSAGE][PASSED] - Text 'username' is set on object 'Object Repository/VLink/Page_CCSale/txt_Username'

2021-03-04 22:59:52 - [MESSAGE][PASSED] - Object 'Object Repository/VLink/Page_CCSale/txt_Password' is present

2021-03-04 22:59:52 - [MESSAGE][PASSED] - Text 'password' is set on object 'Object Repository/VLink/Page_CCSale/txt_Password'

2021-03-04 22:59:53 - [MESSAGE][PASSED] - Object 'Object Repository/VLink/Page_CCSale/txt_ResponseFormat' is present

2021-03-04 22:59:53 - [MESSAGE][PASSED] - Text 'fixed_width' is set on object 'Object Repository/VLink/Page_CCSale/txt_ResponseFormat'

2021-03-04 22:59:54 - [MESSAGE][PASSED] - Object 'Object Repository/VLink/Page_CCSale/txt_Category' is present

2021-03-04 22:59:54 - [MESSAGE][PASSED] - Text 'ECOM' is set on object 'Object Repository/VLink/Page_CCSale/txt_Category'

2021-03-04 22:59:54 - [MESSAGE][PASSED] - Object 'Object Repository/VLink/Page_CCSale/txt_TransactionID' is present

2021-03-04 22:59:55 - [MESSAGE][PASSED] - Text '' is set on object 'Object Repository/VLink/Page_CCSale/txt_TransactionID'

2021-03-04 22:59:55 - [MESSAGE][PASSED] - Object 'Object Repository/VLink/Page_CCSale/txt_ApprovalCode' is present

2021-03-04 22:59:56 - [MESSAGE][PASSED] - Text '' is set on object 'Object Repository/VLink/Page_CCSale/txt_ApprovalCode'

2021-03-04 22:59:56 - [MESSAGE][PASSED] - Object 'Object Repository/VLink/Page_CCSale/txt_CardName' is present

2021-03-04 22:59:57 - [MESSAGE][PASSED] - Text 'Arvind Silva' is set on object 'Object Repository/VLink/Page_CCSale/txt_CardName'

2021-03-04 22:59:57 - [MESSAGE][PASSED] - Object 'Object Repository/VLink/Page_CCSale/txt_AL1' is present

2021-03-04 22:59:58 - [MESSAGE][PASSED] - Text '111 Main Ave' is set on object 'Object Repository/VLink/Page_CCSale/txt_AL1'

2021-03-04 22:59:58 - [MESSAGE][PASSED] - Object 'Object Repository/VLink/Page_CCSale/txt_AL2' is present

2021-03-04 22:59:58 - [MESSAGE][PASSED] - Text '' is set on object 'Object Repository/VLink/Page_CCSale/txt_AL2'

2021-03-04 22:59:59 - [MESSAGE][PASSED] - Object 'Object Repository/VLink/Page_CCSale/txt_CardCity' is present

2021-03-04 22:59:59 - [MESSAGE][PASSED] - Text 'Arlington' is set on object 'Object Repository/VLink/Page_CCSale/txt_CardCity'

2021-03-04 23:00:00 - [MESSAGE][PASSED] - Object 'Object Repository/VLink/Page_CCSale/txt_CardState' is present

2021-03-04 23:00:00 - [MESSAGE][PASSED] - Text 'VA' is set on object 'Object Repository/VLink/Page_CCSale/txt_CardState'

2021-03-04 23:00:01 - [MESSAGE][PASSED] - Object 'Object Repository/VLink/Page_CCSale/txt_CardZIP' is present

2021-03-04 23:00:01 - [MESSAGE][PASSED] - Text '22201' is set on object 'Object Repository/VLink/Page_CCSale/txt_CardZIP'

2021-03-04 23:00:02 - [MESSAGE][PASSED] - Object 'Object Repository/VLink/Page_CCSale/txt_CountryID' is present

2021-03-04 23:00:02 - [MESSAGE][PASSED] - Text '' is set on object 'Object Repository/VLink/Page_CCSale/txt_CountryID'

2021-03-04 23:00:03 - [MESSAGE][PASSED] - Object 'Object Repository/VLink/Page_CCSale/txt_Amount' is present

2021-03-04 23:00:03 - [MESSAGE][PASSED] - Text '2.50' is set on object 'Object Repository/VLink/Page_CCSale/txt_Amount'

2021-03-04 23:00:04 - [MESSAGE][PASSED] - Object 'Object Repository/VLink/Page_CCSale/txt_CardNumber' is present

2021-03-04 23:00:04 - [MESSAGE][PASSED] - Text '370000000000002' is set on object 'Object Repository/VLink/Page_CCSale/txt_CardNumber'

2021-03-04 23:00:05 - [MESSAGE][PASSED] - Object 'Object Repository/VLink/Page_CCSale/txt_ExpMonth' is present

2021-03-04 23:00:05 - [MESSAGE][PASSED] - Text '01' is set on object 'Object Repository/VLink/Page_CCSale/txt_ExpMonth'

2021-03-04 23:00:05 - [MESSAGE][PASSED] - Object 'Object Repository/VLink/Page_CCSale/txt_ExpYear' is present

2021-03-04 23:00:06 - [MESSAGE][PASSED] - Text '2026' is set on object 'Object Repository/VLink/Page_CCSale/txt_ExpYear'

2021-03-04 23:00:06 - [MESSAGE][PASSED] - Object 'Object Repository/VLink/Page_CCSale/txt_CVV' is present

2021-03-04 23:00:07 - [MESSAGE][PASSED] - Text '' is set on object 'Object Repository/VLink/Page_CCSale/txt_CVV'

2021-03-04 23:00:07 - [MESSAGE][PASSED] - Object 'Object Repository/VLink/Page_CCSale/txt_CVVstate' is present

2021-03-04 23:00:08 - [MESSAGE][PASSED] - Text '' is set on object 'Object Repository/VLink/Page_CCSale/txt_CVVstate'

2021-03-04 23:00:08 - [MESSAGE][PASSED] - Object 'Object Repository/VLink/Page_CCSale/txt_TrackData' is present

2021-03-04 23:00:09 - [MESSAGE][PASSED] - Text '' is set on object 'Object Repository/VLink/Page_CCSale/txt_TrackData'

2021-03-04 23:00:09 - [MESSAGE][PASSED] - Object 'Object Repository/VLink/Page_CCSale/txt_Track1Data' is present

2021-03-04 23:00:10 - [MESSAGE][PASSED] - Text '' is set on object 'Object Repository/VLink/Page_CCSale/txt_Track1Data'

2021-03-04 23:00:10 - [MESSAGE][PASSED] - Object 'Object Repository/VLink/Page_CCSale/txt_Track2Data' is present

2021-03-04 23:00:11 - [MESSAGE][PASSED] - Text '' is set on object 'Object Repository/VLink/Page_CCSale/txt_Track2Data'

2021-03-04 23:00:11 - [MESSAGE][PASSED] - Object 'Object Repository/VLink/Page_CCSale/txt_POSEntryMode' is present

2021-03-04 23:00:12 - [MESSAGE][PASSED] - Text 'manual' is set on object 'Object Repository/VLink/Page_CCSale/txt_POSEntryMode'

2021-03-04 23:00:12 - [MESSAGE][PASSED] - Object 'Object Repository/VLink/Page_CCSale/txt_Email' is present

2021-03-04 23:00:13 - [MESSAGE][PASSED] - Text '' is set on object 'Object Repository/VLink/Page_CCSale/txt_Email'

2021-03-04 23:00:13 - [MESSAGE][PASSED] - Object 'Object Repository/VLink/Page_CCSale/txt_OrderNumber' is present

2021-03-04 23:00:14 - [MESSAGE][PASSED] - Text '' is set on object 'Object Repository/VLink/Page_CCSale/txt_OrderNumber'

2021-03-04 23:00:14 - [MESSAGE][PASSED] - Object 'Object Repository/VLink/Page_CCSale/txt_TaxAmount' is present

2021-03-04 23:00:15 - [MESSAGE][PASSED] - Text '' is set on object 'Object Repository/VLink/Page_CCSale/txt_TaxAmount'

2021-03-04 23:00:15 - [MESSAGE][PASSED] - Object 'Object Repository/VLink/Page_CCSale/txt_ChargeDescription' is present

2021-03-04 23:00:16 - [MESSAGE][PASSED] - Text '' is set on object 'Object Repository/VLink/Page_CCSale/txt_ChargeDescription'

2021-03-04 23:00:16 - [MESSAGE][PASSED] - Object 'Object Repository/VLink/Page_CCSale/txt_CAN' is present

2021-03-04 23:00:17 - [MESSAGE][PASSED] - Text '' is set on object 'Object Repository/VLink/Page_CCSale/txt_CAN'

2021-03-04 23:00:17 - [MESSAGE][PASSED] - Object 'Object Repository/VLink/Page_CCSale/txt_BillPaymentIndicator' is present

2021-03-04 23:00:18 - [MESSAGE][PASSED] - Text '' is set on object 'Object Repository/VLink/Page_CCSale/txt_BillPaymentIndicator'

2021-03-04 23:00:18 - [MESSAGE][PASSED] - Object 'Object Repository/VLink/Page_CCSale/txt_UDF1' is present

2021-03-04 23:00:19 - [MESSAGE][PASSED] - Text '' is set on object 'Object Repository/VLink/Page_CCSale/txt_UDF1'

2021-03-04 23:00:19 - [MESSAGE][PASSED] - Object 'Object Repository/VLink/Page_CCSale/txt_UDF2' is present

2021-03-04 23:00:20 - [MESSAGE][PASSED] - Text '' is set on object 'Object Repository/VLink/Page_CCSale/txt_UDF2'

2021-03-04 23:00:20 - [MESSAGE][PASSED] - Object 'Object Repository/VLink/Page_CCSale/txt_UDF3' is present

2021-03-04 23:00:21 - [MESSAGE][PASSED] - Text '' is set on object 'Object Repository/VLink/Page_CCSale/txt_UDF3'

2021-03-04 23:00:21 - [MESSAGE][PASSED] - Object 'Object Repository/VLink/Page_CCSale/txt_UDF4' is present

2021-03-04 23:00:22 - [MESSAGE][PASSED] - Text '' is set on object 'Object Repository/VLink/Page_CCSale/txt_UDF4'

2021-03-04 23:00:22 - [MESSAGE][PASSED] - Object 'Object Repository/VLink/Page_CCSale/txt_UDF5' is present

2021-03-04 23:00:23 - [MESSAGE][PASSED] - Text '' is set on object 'Object Repository/VLink/Page_CCSale/txt_UDF5'

2021-03-04 23:00:23 - [MESSAGE][PASSED] - Object 'Object Repository/VLink/Page_CCSale/txt_UDF6' is present

2021-03-04 23:00:24 - [MESSAGE][PASSED] - Text '' is set on object 'Object Repository/VLink/Page_CCSale/txt_UDF6'

2021-03-04 23:00:24 - [MESSAGE][PASSED] - Object 'Object Repository/VLink/Page_CCSale/txt_UDF7' is present

2021-03-04 23:00:25 - [MESSAGE][PASSED] - Text '' is set on object 'Object Repository/VLink/Page_CCSale/txt_UDF7'

2021-03-04 23:00:25 - [MESSAGE][PASSED] - Object 'Object Repository/VLink/Page_CCSale/txt_UDF8' is present

2021-03-04 23:00:26 - [MESSAGE][PASSED] - Text '' is set on object 'Object Repository/VLink/Page_CCSale/txt_UDF8'

2021-03-04 23:00:26 - [MESSAGE][PASSED] - Object 'Object Repository/VLink/Page_CCSale/txt_UDF9' is present

2021-03-04 23:00:27 - [MESSAGE][PASSED] - Text '' is set on object 'Object Repository/VLink/Page_CCSale/txt_UDF9'

2021-03-04 23:00:27 - [MESSAGE][PASSED] - Object 'Object Repository/VLink/Page_CCSale/txt_UDF10' is present

2021-03-04 23:00:28 - [MESSAGE][PASSED] - Text '' is set on object 'Object Repository/VLink/Page_CCSale/txt_UDF10'

2021-03-04 23:00:28 - [MESSAGE][PASSED] - Object 'Object Repository/VLink/Page_CCSale/txt_CardOnFileIndicator' is present

2021-03-04 23:00:29 - [MESSAGE][PASSED] - Text '' is set on object 'Object Repository/VLink/Page_CCSale/txt_CardOnFileIndicator'

2021-03-04 23:00:29 - [MESSAGE][PASSED] - Object 'Object Repository/VLink/Page_CCSale/txt_StoredCredentialIndicator' is present

2021-03-04 23:00:30 - [MESSAGE][PASSED] - Text '' is set on object 'Object Repository/VLink/Page_CCSale/txt_StoredCredentialIndicator'

2021-03-04 23:00:30 - [MESSAGE][PASSED] - Object 'Object Repository/VLink/Page_CCSale/txt_COFScheduledIndicator' is present

2021-03-04 23:00:31 - [MESSAGE][PASSED] - Text '' is set on object 'Object Repository/VLink/Page_CCSale/txt_COFScheduledIndicator'

2021-03-04 23:00:31 - [MESSAGE][PASSED] - Object 'Object Repository/VLink/Page_CCSale/txt_COFTransactionInitiatedBy' is present

2021-03-04 23:00:32 - [MESSAGE][PASSED] - Text '' is set on object 'Object Repository/VLink/Page_CCSale/txt_COFTransactionInitiatedBy'

2021-03-04 23:00:34 - [MESSAGE][PASSED] - Object: 'Object Repository/VLink/Page_CCSale/btn_ProcessVLinkTransaction' is clicked on

2021-03-04 23:00:39 - [MESSAGE][PASSED] - vlinkPages.saleCCPage.setDataSCC is PASSED

2021-03-04 23:00:39 - [TEST_STEP][PASSED] - if (verifyTextPresent("Transaction approved, no errors", true)): null

2021-03-04 23:00:40 - [MESSAGE][PASSED] - Text 'Transaction approved, no errors' is present on page  using regular expression

2021-03-04 23:00:40 - [TEST_STEP][PASSED] - println("Transaction Approved, no errors text is present on the Confirmation page"): null

2021-03-04 23:00:40 - [TEST_STEP][PASSED] - out.println("Pass Record Number: " + row): null

2021-03-04 23:00:40 - [TEST_STEP][PASSED] - resText = "Pass": null

2021-03-04 23:00:40 - [TEST_STEP][PASSED] - pages.WriteExcel.demoKey(resText, datText, resColumn, datCloumn, fileLoc, nameSheet, row): pages.WriteExcel.demoKey is PASSED

2021-03-04 23:00:40 - [MESSAGE][PASSED] - pages.WriteExcel.demoKey is PASSED

2021-03-04 23:00:40 - [TEST_STEP][PASSED] - sdfo = getText(findTestObject("Object Repository/Page_VLinkReceipt/pre_STX")): Text of object 'Object Repository/Page_VLinkReceipt/pre_STX' is: '<STX>Mn801BJrNALK                  12089840            0  Transaction approved, no errors                   0                                                                                  X OK9250   <ETX>'

2021-03-04 23:00:40 - [MESSAGE][PASSED] - Text of object 'Object Repository/Page_VLinkReceipt/pre_STX' is: '<STX>Mn801BJrNALK                  12089840            0  Transaction approved, no errors                   0                                                                                  X OK9250   <ETX>'

2021-03-04 23:00:40 - [TEST_STEP][PASSED] - out.println("sdfo: " + sdfo): null

2021-03-04 23:00:40 - [TEST_STEP][PASSED] - remID = substring(5, 35).trim(): null

2021-03-04 23:00:40 - [TEST_STEP][PASSED] - out.println("Remittance ID: " + remID): null

2021-03-04 23:00:40 - [TEST_STEP][PASSED] - traxID = substring(35, 55).trim(): null

2021-03-04 23:00:40 - [TEST_STEP][PASSED] - out.println("Transaction ID: " + traxID): null

2021-03-04 23:00:40 - [TEST_STEP][PASSED] - out.println("End Record Number: " + row): null

2021-03-04 23:00:40 - [TEST_STEP][PASSED] - closeBrowser(): Browser is closed

2021-03-04 23:00:41 - [MESSAGE][PASSED] - Browser is closed

2021-03-04 23:00:41 - [TEST_STEP][PASSED] - out.println("Begin Record Number: " + row): null

2021-03-04 23:00:41 - [TEST_STEP][PASSED] - today = new java.util.Date(): null

2021-03-04 23:00:41 - [TEST_STEP][PASSED] - println(today): null

2021-03-04 23:00:41 - [TEST_STEP][PASSED] - datText = today: null

2021-03-04 23:00:41 - [TEST_STEP][PASSED] - openBrowser(VLinkURL + "authcap.html"): Browser is opened with url: 'https://dev-algorithm.govolution.com/vlinktest/QA/version_2_0/authcap.html'

2021-03-04 23:00:41 - [MESSAGE][INFO] - Starting 'Chrome' driver

2021-03-04 23:00:41 - [MESSAGE][INFO] - User set preference: ['acceptInsecureCerts', 'true']

2021-03-04 23:00:41 - [MESSAGE][INFO] - Action delay is set to 0 milliseconds

2021-03-04 23:00:43 - [MESSAGE][PASSED] - Browser is opened with url: 'https://dev-algorithm.govolution.com/vlinktest/QA/version_2_0/authcap.html'

2021-03-04 23:00:43 - [TEST_STEP][PASSED] - maximizeWindow(): Current window maximized

2021-03-04 23:00:43 - [MESSAGE][PASSED] - Current window maximized

2021-03-04 23:00:43 - [TEST_STEP][PASSED] - vlinkPages.saleCCPage.setDataSCC(row, dataFile): vlinkPages.saleCCPage.setDataSCC is PASSED

2021-03-04 23:00:45 - [MESSAGE][PASSED] - Object 'Object Repository/VLink/Page_CCSale/txt_CardNumber' is present

2021-03-04 23:00:45 - [MESSAGE][PASSED] - Object 'Object Repository/VLink/Page_CCSale/txt_TransactionType' is present

2021-03-04 23:00:46 - [MESSAGE][PASSED] - Text '104' is set on object 'Object Repository/VLink/Page_CCSale/txt_TransactionType'

2021-03-04 23:00:46 - [MESSAGE][PASSED] - Object 'Object Repository/VLink/Page_CCSale/txt_MessageVersion' is present

2021-03-04 23:00:47 - [MESSAGE][PASSED] - Text '2.0C' is set on object 'Object Repository/VLink/Page_CCSale/txt_MessageVersion'

2021-03-04 23:00:47 - [MESSAGE][PASSED] - Object 'Object Repository/VLink/Page_CCSale/txt_RemID' is present

2021-03-04 23:00:48 - [MESSAGE][PASSED] - Text 'yJEmSchuzY2y' is set on object 'Object Repository/VLink/Page_CCSale/txt_RemID'

2021-03-04 23:00:48 - [MESSAGE][PASSED] - Object 'Object Repository/VLink/Page_CCSale/txt_ApplicationId' is present

2021-03-04 23:00:49 - [MESSAGE][PASSED] - Text '677' is set on object 'Object Repository/VLink/Page_CCSale/txt_ApplicationId'

2021-03-04 23:00:49 - [MESSAGE][PASSED] - Object 'Object Repository/VLink/Page_CCSale/txt_Username' is present

2021-03-04 23:00:50 - [MESSAGE][PASSED] - Text 'username' is set on object 'Object Repository/VLink/Page_CCSale/txt_Username'

2021-03-04 23:00:50 - [MESSAGE][PASSED] - Object 'Object Repository/VLink/Page_CCSale/txt_Password' is present

2021-03-04 23:00:51 - [MESSAGE][PASSED] - Text 'password' is set on object 'Object Repository/VLink/Page_CCSale/txt_Password'

2021-03-04 23:00:51 - [MESSAGE][PASSED] - Object 'Object Repository/VLink/Page_CCSale/txt_ResponseFormat' is present

2021-03-04 23:00:51 - [MESSAGE][PASSED] - Text 'fixed_width' is set on object 'Object Repository/VLink/Page_CCSale/txt_ResponseFormat'

2021-03-04 23:00:52 - [MESSAGE][PASSED] - Object 'Object Repository/VLink/Page_CCSale/txt_Category' is present

2021-03-04 23:00:52 - [MESSAGE][PASSED] - Text 'ECOM' is set on object 'Object Repository/VLink/Page_CCSale/txt_Category'

2021-03-04 23:00:53 - [MESSAGE][PASSED] - Object 'Object Repository/VLink/Page_CCSale/txt_TransactionID' is present

2021-03-04 23:00:53 - [MESSAGE][PASSED] - Text '' is set on object 'Object Repository/VLink/Page_CCSale/txt_TransactionID'

2021-03-04 23:00:53 - [MESSAGE][PASSED] - Object 'Object Repository/VLink/Page_CCSale/txt_ApprovalCode' is present

2021-03-04 23:00:54 - [MESSAGE][PASSED] - Text '' is set on object 'Object Repository/VLink/Page_CCSale/txt_ApprovalCode'

2021-03-04 23:00:54 - [MESSAGE][PASSED] - Object 'Object Repository/VLink/Page_CCSale/txt_CardName' is present

2021-03-04 23:00:55 - [MESSAGE][PASSED] - Text 'Roshan Maha' is set on object 'Object Repository/VLink/Page_CCSale/txt_CardName'

2021-03-04 23:00:55 - [MESSAGE][PASSED] - Object 'Object Repository/VLink/Page_CCSale/txt_AL1' is present

2021-03-04 23:00:56 - [MESSAGE][PASSED] - Text '12563 Bazaar road' is set on object 'Object Repository/VLink/Page_CCSale/txt_AL1'

2021-03-04 23:00:56 - [MESSAGE][PASSED] - Object 'Object Repository/VLink/Page_CCSale/txt_AL2' is present

2021-03-04 23:00:57 - [MESSAGE][PASSED] - Text '' is set on object 'Object Repository/VLink/Page_CCSale/txt_AL2'

2021-03-04 23:00:57 - [MESSAGE][PASSED] - Object 'Object Repository/VLink/Page_CCSale/txt_CardCity' is present

2021-03-04 23:00:58 - [MESSAGE][PASSED] - Text 'Crofton' is set on object 'Object Repository/VLink/Page_CCSale/txt_CardCity'

2021-03-04 23:00:58 - [MESSAGE][PASSED] - Object 'Object Repository/VLink/Page_CCSale/txt_CardState' is present

2021-03-04 23:00:59 - [MESSAGE][PASSED] - Text 'MD' is set on object 'Object Repository/VLink/Page_CCSale/txt_CardState'

2021-03-04 23:00:59 - [MESSAGE][PASSED] - Object 'Object Repository/VLink/Page_CCSale/txt_CardZIP' is present

2021-03-04 23:01:00 - [MESSAGE][PASSED] - Text '21114' is set on object 'Object Repository/VLink/Page_CCSale/txt_CardZIP'

2021-03-04 23:01:00 - [MESSAGE][PASSED] - Object 'Object Repository/VLink/Page_CCSale/txt_CountryID' is present

2021-03-04 23:01:01 - [MESSAGE][PASSED] - Text '' is set on object 'Object Repository/VLink/Page_CCSale/txt_CountryID'

2021-03-04 23:01:01 - [MESSAGE][PASSED] - Object 'Object Repository/VLink/Page_CCSale/txt_Amount' is present

2021-03-04 23:01:02 - [MESSAGE][PASSED] - Text '3.50' is set on object 'Object Repository/VLink/Page_CCSale/txt_Amount'

2021-03-04 23:01:02 - [MESSAGE][PASSED] - Object 'Object Repository/VLink/Page_CCSale/txt_CardNumber' is present

2021-03-04 23:01:03 - [MESSAGE][PASSED] - Text '370000000000002' is set on object 'Object Repository/VLink/Page_CCSale/txt_CardNumber'

2021-03-04 23:01:03 - [MESSAGE][PASSED] - Object 'Object Repository/VLink/Page_CCSale/txt_ExpMonth' is present

2021-03-04 23:01:04 - [MESSAGE][PASSED] - Text '01' is set on object 'Object Repository/VLink/Page_CCSale/txt_ExpMonth'

2021-03-04 23:01:04 - [MESSAGE][PASSED] - Object 'Object Repository/VLink/Page_CCSale/txt_ExpYear' is present

2021-03-04 23:01:05 - [MESSAGE][PASSED] - Text '2026' is set on object 'Object Repository/VLink/Page_CCSale/txt_ExpYear'

2021-03-04 23:01:05 - [MESSAGE][PASSED] - Object 'Object Repository/VLink/Page_CCSale/txt_CVV' is present

2021-03-04 23:01:06 - [MESSAGE][PASSED] - Text '' is set on object 'Object Repository/VLink/Page_CCSale/txt_CVV'

2021-03-04 23:01:06 - [MESSAGE][PASSED] - Object 'Object Repository/VLink/Page_CCSale/txt_CVVstate' is present

2021-03-04 23:01:07 - [MESSAGE][PASSED] - Text '' is set on object 'Object Repository/VLink/Page_CCSale/txt_CVVstate'

2021-03-04 23:01:07 - [MESSAGE][PASSED] - Object 'Object Repository/VLink/Page_CCSale/txt_TrackData' is present

2021-03-04 23:01:07 - [MESSAGE][PASSED] - Text '' is set on object 'Object Repository/VLink/Page_CCSale/txt_TrackData'

2021-03-04 23:01:08 - [MESSAGE][PASSED] - Object 'Object Repository/VLink/Page_CCSale/txt_Track1Data' is present

2021-03-04 23:01:08 - [MESSAGE][PASSED] - Text '' is set on object 'Object Repository/VLink/Page_CCSale/txt_Track1Data'

2021-03-04 23:01:09 - [MESSAGE][PASSED] - Object 'Object Repository/VLink/Page_CCSale/txt_Track2Data' is present

2021-03-04 23:01:09 - [MESSAGE][PASSED] - Text '' is set on object 'Object Repository/VLink/Page_CCSale/txt_Track2Data'

2021-03-04 23:01:10 - [MESSAGE][PASSED] - Object 'Object Repository/VLink/Page_CCSale/txt_POSEntryMode' is present

2021-03-04 23:01:10 - [MESSAGE][PASSED] - Text 'manual' is set on object 'Object Repository/VLink/Page_CCSale/txt_POSEntryMode'

2021-03-04 23:01:11 - [MESSAGE][PASSED] - Object 'Object Repository/VLink/Page_CCSale/txt_Email' is present

2021-03-04 23:01:11 - [MESSAGE][PASSED] - Text '' is set on object 'Object Repository/VLink/Page_CCSale/txt_Email'

2021-03-04 23:01:12 - [MESSAGE][PASSED] - Object 'Object Repository/VLink/Page_CCSale/txt_OrderNumber' is present

2021-03-04 23:01:12 - [MESSAGE][PASSED] - Text '' is set on object 'Object Repository/VLink/Page_CCSale/txt_OrderNumber'

2021-03-04 23:01:13 - [MESSAGE][PASSED] - Object 'Object Repository/VLink/Page_CCSale/txt_TaxAmount' is present

2021-03-04 23:01:13 - [MESSAGE][PASSED] - Text '' is set on object 'Object Repository/VLink/Page_CCSale/txt_TaxAmount'

2021-03-04 23:01:14 - [MESSAGE][PASSED] - Object 'Object Repository/VLink/Page_CCSale/txt_ChargeDescription' is present

2021-03-04 23:01:14 - [MESSAGE][PASSED] - Text '' is set on object 'Object Repository/VLink/Page_CCSale/txt_ChargeDescription'

2021-03-04 23:01:15 - [MESSAGE][PASSED] - Object 'Object Repository/VLink/Page_CCSale/txt_CAN' is present

2021-03-04 23:01:15 - [MESSAGE][PASSED] - Text '' is set on object 'Object Repository/VLink/Page_CCSale/txt_CAN'

2021-03-04 23:01:16 - [MESSAGE][PASSED] - Object 'Object Repository/VLink/Page_CCSale/txt_BillPaymentIndicator' is present

2021-03-04 23:01:16 - [MESSAGE][PASSED] - Text '' is set on object 'Object Repository/VLink/Page_CCSale/txt_BillPaymentIndicator'

2021-03-04 23:01:17 - [MESSAGE][PASSED] - Object 'Object Repository/VLink/Page_CCSale/txt_UDF1' is present

2021-03-04 23:01:17 - [MESSAGE][PASSED] - Text '' is set on object 'Object Repository/VLink/Page_CCSale/txt_UDF1'

2021-03-04 23:01:18 - [MESSAGE][PASSED] - Object 'Object Repository/VLink/Page_CCSale/txt_UDF2' is present

2021-03-04 23:01:18 - [MESSAGE][PASSED] - Text '' is set on object 'Object Repository/VLink/Page_CCSale/txt_UDF2'

2021-03-04 23:01:19 - [MESSAGE][PASSED] - Object 'Object Repository/VLink/Page_CCSale/txt_UDF3' is present

2021-03-04 23:01:19 - [MESSAGE][PASSED] - Text '' is set on object 'Object Repository/VLink/Page_CCSale/txt_UDF3'

2021-03-04 23:01:20 - [MESSAGE][PASSED] - Object 'Object Repository/VLink/Page_CCSale/txt_UDF4' is present

2021-03-04 23:01:20 - [MESSAGE][PASSED] - Text '' is set on object 'Object Repository/VLink/Page_CCSale/txt_UDF4'

2021-03-04 23:01:21 - [MESSAGE][PASSED] - Object 'Object Repository/VLink/Page_CCSale/txt_UDF5' is present

2021-03-04 23:01:21 - [MESSAGE][PASSED] - Text '' is set on object 'Object Repository/VLink/Page_CCSale/txt_UDF5'

2021-03-04 23:01:22 - [MESSAGE][PASSED] - Object 'Object Repository/VLink/Page_CCSale/txt_UDF6' is present

2021-03-04 23:01:22 - [MESSAGE][PASSED] - Text '' is set on object 'Object Repository/VLink/Page_CCSale/txt_UDF6'

2021-03-04 23:01:23 - [MESSAGE][PASSED] - Object 'Object Repository/VLink/Page_CCSale/txt_UDF7' is present

2021-03-04 23:01:23 - [MESSAGE][PASSED] - Text '' is set on object 'Object Repository/VLink/Page_CCSale/txt_UDF7'

2021-03-04 23:01:24 - [MESSAGE][PASSED] - Object 'Object Repository/VLink/Page_CCSale/txt_UDF8' is present

2021-03-04 23:01:24 - [MESSAGE][PASSED] - Text '' is set on object 'Object Repository/VLink/Page_CCSale/txt_UDF8'

2021-03-04 23:01:25 - [MESSAGE][PASSED] - Object 'Object Repository/VLink/Page_CCSale/txt_UDF9' is present

2021-03-04 23:01:25 - [MESSAGE][PASSED] - Text '' is set on object 'Object Repository/VLink/Page_CCSale/txt_UDF9'

2021-03-04 23:01:26 - [MESSAGE][PASSED] - Object 'Object Repository/VLink/Page_CCSale/txt_UDF10' is present

2021-03-04 23:01:26 - [MESSAGE][PASSED] - Text '' is set on object 'Object Repository/VLink/Page_CCSale/txt_UDF10'

2021-03-04 23:01:26 - [MESSAGE][PASSED] - Object 'Object Repository/VLink/Page_CCSale/txt_CardOnFileIndicator' is present

2021-03-04 23:01:27 - [MESSAGE][PASSED] - Text '' is set on object 'Object Repository/VLink/Page_CCSale/txt_CardOnFileIndicator'

2021-03-04 23:01:27 - [MESSAGE][PASSED] - Object 'Object Repository/VLink/Page_CCSale/txt_StoredCredentialIndicator' is present

2021-03-04 23:01:28 - [MESSAGE][PASSED] - Text '' is set on object 'Object Repository/VLink/Page_CCSale/txt_StoredCredentialIndicator'

2021-03-04 23:01:28 - [MESSAGE][PASSED] - Object 'Object Repository/VLink/Page_CCSale/txt_COFScheduledIndicator' is present

2021-03-04 23:01:29 - [MESSAGE][PASSED] - Text '' is set on object 'Object Repository/VLink/Page_CCSale/txt_COFScheduledIndicator'

2021-03-04 23:01:29 - [MESSAGE][PASSED] - Object 'Object Repository/VLink/Page_CCSale/txt_COFTransactionInitiatedBy' is present

2021-03-04 23:01:30 - [MESSAGE][PASSED] - Text '' is set on object 'Object Repository/VLink/Page_CCSale/txt_COFTransactionInitiatedBy'

2021-03-04 23:01:33 - [MESSAGE][PASSED] - Object: 'Object Repository/VLink/Page_CCSale/btn_ProcessVLinkTransaction' is clicked on

2021-03-04 23:01:38 - [MESSAGE][PASSED] - vlinkPages.saleCCPage.setDataSCC is PASSED

2021-03-04 23:01:38 - [TEST_STEP][PASSED] - if (verifyTextPresent("Transaction approved, no errors", true)): null

2021-03-04 23:01:38 - [MESSAGE][PASSED] - Text 'Transaction approved, no errors' is present on page  using regular expression

2021-03-04 23:01:38 - [TEST_STEP][PASSED] - println("Transaction Approved, no errors text is present on the Confirmation page"): null

2021-03-04 23:01:38 - [TEST_STEP][PASSED] - out.println("Pass Record Number: " + row): null

2021-03-04 23:01:38 - [TEST_STEP][PASSED] - resText = "Pass": null

2021-03-04 23:01:38 - [TEST_STEP][PASSED] - pages.WriteExcel.demoKey(resText, datText, resColumn, datCloumn, fileLoc, nameSheet, row): pages.WriteExcel.demoKey is PASSED

2021-03-04 23:01:38 - [MESSAGE][PASSED] - pages.WriteExcel.demoKey is PASSED

2021-03-04 23:01:38 - [TEST_STEP][PASSED] - sdfo = getText(findTestObject("Object Repository/Page_VLinkReceipt/pre_STX")): Text of object 'Object Repository/Page_VLinkReceipt/pre_STX' is: '<STX>yJEmSchuzY2y                  12089841            0  Transaction approved, no errors                   0                                                                                  X OK9420   <ETX>'

2021-03-04 23:01:39 - [MESSAGE][PASSED] - Text of object 'Object Repository/Page_VLinkReceipt/pre_STX' is: '<STX>yJEmSchuzY2y                  12089841            0  Transaction approved, no errors                   0                                                                                  X OK9420   <ETX>'

2021-03-04 23:01:39 - [TEST_STEP][PASSED] - out.println("sdfo: " + sdfo): null

2021-03-04 23:01:39 - [TEST_STEP][PASSED] - remID = substring(5, 35).trim(): null

2021-03-04 23:01:39 - [TEST_STEP][PASSED] - out.println("Remittance ID: " + remID): null

2021-03-04 23:01:39 - [TEST_STEP][PASSED] - traxID = substring(35, 55).trim(): null

2021-03-04 23:01:39 - [TEST_STEP][PASSED] - out.println("Transaction ID: " + traxID): null

2021-03-04 23:01:39 - [TEST_STEP][PASSED] - out.println("End Record Number: " + row): null

2021-03-04 23:01:39 - [TEST_STEP][PASSED] - closeBrowser(): Browser is closed

2021-03-04 23:01:39 - [MESSAGE][PASSED] - Browser is closed

2021-03-04 23:01:39 - [TEST_STEP][PASSED] - out.println("Begin Record Number: " + row): null

2021-03-04 23:01:39 - [TEST_STEP][PASSED] - today = new java.util.Date(): null

2021-03-04 23:01:39 - [TEST_STEP][PASSED] - println(today): null

2021-03-04 23:01:39 - [TEST_STEP][PASSED] - datText = today: null

2021-03-04 23:01:39 - [TEST_STEP][PASSED] - openBrowser(VLinkURL + "authcap.html"): Browser is opened with url: 'https://dev-algorithm.govolution.com/vlinktest/QA/version_2_0/authcap.html'

2021-03-04 23:01:39 - [MESSAGE][INFO] - Starting 'Chrome' driver

2021-03-04 23:01:39 - [MESSAGE][INFO] - User set preference: ['acceptInsecureCerts', 'true']

2021-03-04 23:01:39 - [MESSAGE][INFO] - Action delay is set to 0 milliseconds

2021-03-04 23:01:44 - [MESSAGE][PASSED] - Browser is opened with url: 'https://dev-algorithm.govolution.com/vlinktest/QA/version_2_0/authcap.html'

2021-03-04 23:01:44 - [TEST_STEP][PASSED] - maximizeWindow(): Current window maximized

2021-03-04 23:01:44 - [MESSAGE][PASSED] - Current window maximized

2021-03-04 23:01:44 - [TEST_STEP][PASSED] - vlinkPages.saleCCPage.setDataSCC(row, dataFile): vlinkPages.saleCCPage.setDataSCC is PASSED

2021-03-04 23:01:46 - [MESSAGE][PASSED] - Object 'Object Repository/VLink/Page_CCSale/txt_CardNumber' is present

2021-03-04 23:01:46 - [MESSAGE][PASSED] - Object 'Object Repository/VLink/Page_CCSale/txt_TransactionType' is present

2021-03-04 23:01:46 - [MESSAGE][PASSED] - Text '104' is set on object 'Object Repository/VLink/Page_CCSale/txt_TransactionType'

2021-03-04 23:01:47 - [MESSAGE][PASSED] - Object 'Object Repository/VLink/Page_CCSale/txt_MessageVersion' is present

2021-03-04 23:01:47 - [MESSAGE][PASSED] - Text '2.0C' is set on object 'Object Repository/VLink/Page_CCSale/txt_MessageVersion'

2021-03-04 23:01:48 - [MESSAGE][PASSED] - Object 'Object Repository/VLink/Page_CCSale/txt_RemID' is present

2021-03-04 23:01:48 - [MESSAGE][PASSED] - Text 'eEimSisbJlgL' is set on object 'Object Repository/VLink/Page_CCSale/txt_RemID'

2021-03-04 23:01:49 - [MESSAGE][PASSED] - Object 'Object Repository/VLink/Page_CCSale/txt_ApplicationId' is present

2021-03-04 23:01:49 - [MESSAGE][PASSED] - Text '665' is set on object 'Object Repository/VLink/Page_CCSale/txt_ApplicationId'

2021-03-04 23:01:50 - [MESSAGE][PASSED] - Object 'Object Repository/VLink/Page_CCSale/txt_Username' is present

2021-03-04 23:01:50 - [MESSAGE][PASSED] - Text 'username' is set on object 'Object Repository/VLink/Page_CCSale/txt_Username'

2021-03-04 23:01:51 - [MESSAGE][PASSED] - Object 'Object Repository/VLink/Page_CCSale/txt_Password' is present

2021-03-04 23:01:51 - [MESSAGE][PASSED] - Text 'password' is set on object 'Object Repository/VLink/Page_CCSale/txt_Password'

2021-03-04 23:01:52 - [MESSAGE][PASSED] - Object 'Object Repository/VLink/Page_CCSale/txt_ResponseFormat' is present

2021-03-04 23:01:52 - [MESSAGE][PASSED] - Text 'fixed_width' is set on object 'Object Repository/VLink/Page_CCSale/txt_ResponseFormat'

2021-03-04 23:01:52 - [MESSAGE][PASSED] - Object 'Object Repository/VLink/Page_CCSale/txt_Category' is present

2021-03-04 23:01:53 - [MESSAGE][PASSED] - Text 'ECOM' is set on object 'Object Repository/VLink/Page_CCSale/txt_Category'

2021-03-04 23:01:53 - [MESSAGE][PASSED] - Object 'Object Repository/VLink/Page_CCSale/txt_TransactionID' is present

2021-03-04 23:01:54 - [MESSAGE][PASSED] - Text '' is set on object 'Object Repository/VLink/Page_CCSale/txt_TransactionID'

2021-03-04 23:01:54 - [MESSAGE][PASSED] - Object 'Object Repository/VLink/Page_CCSale/txt_ApprovalCode' is present

2021-03-04 23:01:55 - [MESSAGE][PASSED] - Text '' is set on object 'Object Repository/VLink/Page_CCSale/txt_ApprovalCode'

2021-03-04 23:01:55 - [MESSAGE][PASSED] - Object 'Object Repository/VLink/Page_CCSale/txt_CardName' is present

2021-03-04 23:01:56 - [MESSAGE][PASSED] - Text 'Kris Roshan' is set on object 'Object Repository/VLink/Page_CCSale/txt_CardName'

2021-03-04 23:01:56 - [MESSAGE][PASSED] - Object 'Object Repository/VLink/Page_CCSale/txt_AL1' is present

2021-03-04 23:01:56 - [MESSAGE][PASSED] - Text '258 Elm Road' is set on object 'Object Repository/VLink/Page_CCSale/txt_AL1'

2021-03-04 23:01:57 - [MESSAGE][PASSED] - Object 'Object Repository/VLink/Page_CCSale/txt_AL2' is present

2021-03-04 23:01:57 - [MESSAGE][PASSED] - Text 'Suite 56' is set on object 'Object Repository/VLink/Page_CCSale/txt_AL2'

2021-03-04 23:01:58 - [MESSAGE][PASSED] - Object 'Object Repository/VLink/Page_CCSale/txt_CardCity' is present

2021-03-04 23:01:58 - [MESSAGE][PASSED] - Text 'Arlington' is set on object 'Object Repository/VLink/Page_CCSale/txt_CardCity'

2021-03-04 23:01:58 - [MESSAGE][PASSED] - Object 'Object Repository/VLink/Page_CCSale/txt_CardState' is present

2021-03-04 23:01:59 - [MESSAGE][PASSED] - Text 'VA' is set on object 'Object Repository/VLink/Page_CCSale/txt_CardState'

2021-03-04 23:01:59 - [MESSAGE][PASSED] - Object 'Object Repository/VLink/Page_CCSale/txt_CardZIP' is present

2021-03-04 23:02:00 - [MESSAGE][PASSED] - Text '22201' is set on object 'Object Repository/VLink/Page_CCSale/txt_CardZIP'

2021-03-04 23:02:00 - [MESSAGE][PASSED] - Object 'Object Repository/VLink/Page_CCSale/txt_CountryID' is present

2021-03-04 23:02:01 - [MESSAGE][PASSED] - Text '840' is set on object 'Object Repository/VLink/Page_CCSale/txt_CountryID'

2021-03-04 23:02:01 - [MESSAGE][PASSED] - Object 'Object Repository/VLink/Page_CCSale/txt_Amount' is present

2021-03-04 23:02:02 - [MESSAGE][PASSED] - Text '1.50' is set on object 'Object Repository/VLink/Page_CCSale/txt_Amount'

2021-03-04 23:02:02 - [MESSAGE][PASSED] - Object 'Object Repository/VLink/Page_CCSale/txt_CardNumber' is present

2021-03-04 23:02:03 - [MESSAGE][PASSED] - Text '6011000000000004' is set on object 'Object Repository/VLink/Page_CCSale/txt_CardNumber'

2021-03-04 23:02:03 - [MESSAGE][PASSED] - Object 'Object Repository/VLink/Page_CCSale/txt_ExpMonth' is present

2021-03-04 23:02:04 - [MESSAGE][PASSED] - Text '12' is set on object 'Object Repository/VLink/Page_CCSale/txt_ExpMonth'

2021-03-04 23:02:04 - [MESSAGE][PASSED] - Object 'Object Repository/VLink/Page_CCSale/txt_ExpYear' is present

2021-03-04 23:02:05 - [MESSAGE][PASSED] - Text '2025' is set on object 'Object Repository/VLink/Page_CCSale/txt_ExpYear'

2021-03-04 23:02:05 - [MESSAGE][PASSED] - Object 'Object Repository/VLink/Page_CCSale/txt_CVV' is present

2021-03-04 23:02:06 - [MESSAGE][PASSED] - Text '' is set on object 'Object Repository/VLink/Page_CCSale/txt_CVV'

2021-03-04 23:02:06 - [MESSAGE][PASSED] - Object 'Object Repository/VLink/Page_CCSale/txt_CVVstate' is present

2021-03-04 23:02:07 - [MESSAGE][PASSED] - Text '' is set on object 'Object Repository/VLink/Page_CCSale/txt_CVVstate'

2021-03-04 23:02:07 - [MESSAGE][PASSED] - Object 'Object Repository/VLink/Page_CCSale/txt_TrackData' is present

2021-03-04 23:02:08 - [MESSAGE][PASSED] - Text '' is set on object 'Object Repository/VLink/Page_CCSale/txt_TrackData'

2021-03-04 23:02:08 - [MESSAGE][PASSED] - Object 'Object Repository/VLink/Page_CCSale/txt_Track1Data' is present

2021-03-04 23:02:09 - [MESSAGE][PASSED] - Text '' is set on object 'Object Repository/VLink/Page_CCSale/txt_Track1Data'

2021-03-04 23:02:09 - [MESSAGE][PASSED] - Object 'Object Repository/VLink/Page_CCSale/txt_Track2Data' is present

2021-03-04 23:02:10 - [MESSAGE][PASSED] - Text '' is set on object 'Object Repository/VLink/Page_CCSale/txt_Track2Data'

2021-03-04 23:02:10 - [MESSAGE][PASSED] - Object 'Object Repository/VLink/Page_CCSale/txt_POSEntryMode' is present

2021-03-04 23:02:11 - [MESSAGE][PASSED] - Text 'manual' is set on object 'Object Repository/VLink/Page_CCSale/txt_POSEntryMode'

2021-03-04 23:02:11 - [MESSAGE][PASSED] - Object 'Object Repository/VLink/Page_CCSale/txt_Email' is present

2021-03-04 23:02:12 - [MESSAGE][PASSED] - Text 'iahmed@govolution.com' is set on object 'Object Repository/VLink/Page_CCSale/txt_Email'

2021-03-04 23:02:12 - [MESSAGE][PASSED] - Object 'Object Repository/VLink/Page_CCSale/txt_OrderNumber' is present

2021-03-04 23:02:13 - [MESSAGE][PASSED] - Text '2569362' is set on object 'Object Repository/VLink/Page_CCSale/txt_OrderNumber'

2021-03-04 23:02:13 - [MESSAGE][PASSED] - Object 'Object Repository/VLink/Page_CCSale/txt_TaxAmount' is present

2021-03-04 23:02:14 - [MESSAGE][PASSED] - Text '1.15' is set on object 'Object Repository/VLink/Page_CCSale/txt_TaxAmount'

2021-03-04 23:02:14 - [MESSAGE][PASSED] - Object 'Object Repository/VLink/Page_CCSale/txt_ChargeDescription' is present

2021-03-04 23:02:15 - [MESSAGE][PASSED] - Text 'Charge Description' is set on object 'Object Repository/VLink/Page_CCSale/txt_ChargeDescription'

2021-03-04 23:02:15 - [MESSAGE][PASSED] - Object 'Object Repository/VLink/Page_CCSale/txt_CAN' is present

2021-03-04 23:02:16 - [MESSAGE][PASSED] - Text '147357' is set on object 'Object Repository/VLink/Page_CCSale/txt_CAN'

2021-03-04 23:02:16 - [MESSAGE][PASSED] - Object 'Object Repository/VLink/Page_CCSale/txt_BillPaymentIndicator' is present

2021-03-04 23:02:17 - [MESSAGE][PASSED] - Text '1' is set on object 'Object Repository/VLink/Page_CCSale/txt_BillPaymentIndicator'

2021-03-04 23:02:17 - [MESSAGE][PASSED] - Object 'Object Repository/VLink/Page_CCSale/txt_UDF1' is present

2021-03-04 23:02:18 - [MESSAGE][PASSED] - Text 'UDF Data 1' is set on object 'Object Repository/VLink/Page_CCSale/txt_UDF1'

2021-03-04 23:02:18 - [MESSAGE][PASSED] - Object 'Object Repository/VLink/Page_CCSale/txt_UDF2' is present

2021-03-04 23:02:19 - [MESSAGE][PASSED] - Text 'UDF Data 2' is set on object 'Object Repository/VLink/Page_CCSale/txt_UDF2'

2021-03-04 23:02:19 - [MESSAGE][PASSED] - Object 'Object Repository/VLink/Page_CCSale/txt_UDF3' is present

2021-03-04 23:02:20 - [MESSAGE][PASSED] - Text 'UDF Data 3' is set on object 'Object Repository/VLink/Page_CCSale/txt_UDF3'

2021-03-04 23:02:20 - [MESSAGE][PASSED] - Object 'Object Repository/VLink/Page_CCSale/txt_UDF4' is present

2021-03-04 23:02:21 - [MESSAGE][PASSED] - Text 'UDF Data 4' is set on object 'Object Repository/VLink/Page_CCSale/txt_UDF4'

2021-03-04 23:02:21 - [MESSAGE][PASSED] - Object 'Object Repository/VLink/Page_CCSale/txt_UDF5' is present

2021-03-04 23:02:22 - [MESSAGE][PASSED] - Text 'UDF Data 5' is set on object 'Object Repository/VLink/Page_CCSale/txt_UDF5'

2021-03-04 23:02:22 - [MESSAGE][PASSED] - Object 'Object Repository/VLink/Page_CCSale/txt_UDF6' is present

2021-03-04 23:02:23 - [MESSAGE][PASSED] - Text 'UDF Data 6' is set on object 'Object Repository/VLink/Page_CCSale/txt_UDF6'

2021-03-04 23:02:23 - [MESSAGE][PASSED] - Object 'Object Repository/VLink/Page_CCSale/txt_UDF7' is present

2021-03-04 23:02:24 - [MESSAGE][PASSED] - Text 'UDF Data 7' is set on object 'Object Repository/VLink/Page_CCSale/txt_UDF7'

2021-03-04 23:02:24 - [MESSAGE][PASSED] - Object 'Object Repository/VLink/Page_CCSale/txt_UDF8' is present

2021-03-04 23:02:25 - [MESSAGE][PASSED] - Text 'UDF Data 8' is set on object 'Object Repository/VLink/Page_CCSale/txt_UDF8'

2021-03-04 23:02:25 - [MESSAGE][PASSED] - Object 'Object Repository/VLink/Page_CCSale/txt_UDF9' is present

2021-03-04 23:02:26 - [MESSAGE][PASSED] - Text 'UDF Data 9' is set on object 'Object Repository/VLink/Page_CCSale/txt_UDF9'

2021-03-04 23:02:26 - [MESSAGE][PASSED] - Object 'Object Repository/VLink/Page_CCSale/txt_UDF10' is present

2021-03-04 23:02:27 - [MESSAGE][PASSED] - Text 'UDF Data 10' is set on object 'Object Repository/VLink/Page_CCSale/txt_UDF10'

2021-03-04 23:02:27 - [MESSAGE][PASSED] - Object 'Object Repository/VLink/Page_CCSale/txt_CardOnFileIndicator' is present

2021-03-04 23:02:28 - [MESSAGE][PASSED] - Text '' is set on object 'Object Repository/VLink/Page_CCSale/txt_CardOnFileIndicator'

2021-03-04 23:02:28 - [MESSAGE][PASSED] - Object 'Object Repository/VLink/Page_CCSale/txt_StoredCredentialIndicator' is present

2021-03-04 23:02:29 - [MESSAGE][PASSED] - Text '' is set on object 'Object Repository/VLink/Page_CCSale/txt_StoredCredentialIndicator'

2021-03-04 23:02:29 - [MESSAGE][PASSED] - Object 'Object Repository/VLink/Page_CCSale/txt_COFScheduledIndicator' is present

2021-03-04 23:02:30 - [MESSAGE][PASSED] - Text '' is set on object 'Object Repository/VLink/Page_CCSale/txt_COFScheduledIndicator'

2021-03-04 23:02:30 - [MESSAGE][PASSED] - Object 'Object Repository/VLink/Page_CCSale/txt_COFTransactionInitiatedBy' is present

2021-03-04 23:02:31 - [MESSAGE][PASSED] - Text '' is set on object 'Object Repository/VLink/Page_CCSale/txt_COFTransactionInitiatedBy'

2021-03-04 23:02:33 - [MESSAGE][PASSED] - Object: 'Object Repository/VLink/Page_CCSale/btn_ProcessVLinkTransaction' is clicked on

2021-03-04 23:02:38 - [MESSAGE][PASSED] - vlinkPages.saleCCPage.setDataSCC is PASSED

2021-03-04 23:02:38 - [TEST_STEP][PASSED] - if (verifyTextPresent("Transaction approved, no errors", true)): null

2021-03-04 23:02:38 - [MESSAGE][PASSED] - Text 'Transaction approved, no errors' is present on page  using regular expression

2021-03-04 23:02:38 - [TEST_STEP][PASSED] - println("Transaction Approved, no errors text is present on the Confirmation page"): null

2021-03-04 23:02:38 - [TEST_STEP][PASSED] - out.println("Pass Record Number: " + row): null

2021-03-04 23:02:38 - [TEST_STEP][PASSED] - resText = "Pass": null

2021-03-04 23:02:38 - [TEST_STEP][PASSED] - pages.WriteExcel.demoKey(resText, datText, resColumn, datCloumn, fileLoc, nameSheet, row): pages.WriteExcel.demoKey is PASSED

2021-03-04 23:02:39 - [MESSAGE][PASSED] - pages.WriteExcel.demoKey is PASSED

2021-03-04 23:02:39 - [TEST_STEP][PASSED] - sdfo = getText(findTestObject("Object Repository/Page_VLinkReceipt/pre_STX")): Text of object 'Object Repository/Page_VLinkReceipt/pre_STX' is: '<STX>eEimSisbJlgL                  12089843            0  Transaction approved, no errors                   0                                                                                  XXOK9510   <ETX>'

2021-03-04 23:02:39 - [MESSAGE][PASSED] - Text of object 'Object Repository/Page_VLinkReceipt/pre_STX' is: '<STX>eEimSisbJlgL                  12089843            0  Transaction approved, no errors                   0                                                                                  XXOK9510   <ETX>'

2021-03-04 23:02:39 - [TEST_STEP][PASSED] - out.println("sdfo: " + sdfo): null

2021-03-04 23:02:39 - [TEST_STEP][PASSED] - remID = substring(5, 35).trim(): null

2021-03-04 23:02:39 - [TEST_STEP][PASSED] - out.println("Remittance ID: " + remID): null

2021-03-04 23:02:39 - [TEST_STEP][PASSED] - traxID = substring(35, 55).trim(): null

2021-03-04 23:02:39 - [TEST_STEP][PASSED] - out.println("Transaction ID: " + traxID): null

2021-03-04 23:02:39 - [TEST_STEP][PASSED] - out.println("End Record Number: " + row): null

2021-03-04 23:02:39 - [TEST_STEP][PASSED] - closeBrowser(): Browser is closed

2021-03-04 23:02:40 - [MESSAGE][PASSED] - Browser is closed

2021-03-04 23:02:40 - [TEST_STEP][PASSED] - out.println("Begin Record Number: " + row): null

2021-03-04 23:02:40 - [TEST_STEP][PASSED] - today = new java.util.Date(): null

2021-03-04 23:02:40 - [TEST_STEP][PASSED] - println(today): null

2021-03-04 23:02:40 - [TEST_STEP][PASSED] - datText = today: null

2021-03-04 23:02:40 - [TEST_STEP][PASSED] - openBrowser(VLinkURL + "authcap.html"): Browser is opened with url: 'https://dev-algorithm.govolution.com/vlinktest/QA/version_2_0/authcap.html'

2021-03-04 23:02:40 - [MESSAGE][INFO] - Starting 'Chrome' driver

2021-03-04 23:02:40 - [MESSAGE][INFO] - User set preference: ['acceptInsecureCerts', 'true']

2021-03-04 23:02:40 - [MESSAGE][INFO] - Action delay is set to 0 milliseconds

2021-03-04 23:02:42 - [MESSAGE][PASSED] - Browser is opened with url: 'https://dev-algorithm.govolution.com/vlinktest/QA/version_2_0/authcap.html'

2021-03-04 23:02:42 - [TEST_STEP][PASSED] - maximizeWindow(): Current window maximized

2021-03-04 23:02:42 - [MESSAGE][PASSED] - Current window maximized

2021-03-04 23:02:42 - [TEST_STEP][PASSED] - vlinkPages.saleCCPage.setDataSCC(row, dataFile): vlinkPages.saleCCPage.setDataSCC is PASSED

2021-03-04 23:02:44 - [MESSAGE][PASSED] - Object 'Object Repository/VLink/Page_CCSale/txt_CardNumber' is present

2021-03-04 23:02:44 - [MESSAGE][PASSED] - Object 'Object Repository/VLink/Page_CCSale/txt_TransactionType' is present

2021-03-04 23:02:45 - [MESSAGE][PASSED] - Text '104' is set on object 'Object Repository/VLink/Page_CCSale/txt_TransactionType'

2021-03-04 23:02:45 - [MESSAGE][PASSED] - Object 'Object Repository/VLink/Page_CCSale/txt_MessageVersion' is present

2021-03-04 23:02:46 - [MESSAGE][PASSED] - Text '2.0C' is set on object 'Object Repository/VLink/Page_CCSale/txt_MessageVersion'

2021-03-04 23:02:46 - [MESSAGE][PASSED] - Object 'Object Repository/VLink/Page_CCSale/txt_RemID' is present

2021-03-04 23:02:47 - [MESSAGE][PASSED] - Text '0gtOwFyt7aoe' is set on object 'Object Repository/VLink/Page_CCSale/txt_RemID'

2021-03-04 23:02:47 - [MESSAGE][PASSED] - Object 'Object Repository/VLink/Page_CCSale/txt_ApplicationId' is present

2021-03-04 23:02:48 - [MESSAGE][PASSED] - Text '672' is set on object 'Object Repository/VLink/Page_CCSale/txt_ApplicationId'

2021-03-04 23:02:48 - [MESSAGE][PASSED] - Object 'Object Repository/VLink/Page_CCSale/txt_Username' is present

2021-03-04 23:02:49 - [MESSAGE][PASSED] - Text 'username' is set on object 'Object Repository/VLink/Page_CCSale/txt_Username'

2021-03-04 23:02:49 - [MESSAGE][PASSED] - Object 'Object Repository/VLink/Page_CCSale/txt_Password' is present

2021-03-04 23:02:50 - [MESSAGE][PASSED] - Text 'password' is set on object 'Object Repository/VLink/Page_CCSale/txt_Password'

2021-03-04 23:02:50 - [MESSAGE][PASSED] - Object 'Object Repository/VLink/Page_CCSale/txt_ResponseFormat' is present

2021-03-04 23:02:50 - [MESSAGE][PASSED] - Text 'fixed_width' is set on object 'Object Repository/VLink/Page_CCSale/txt_ResponseFormat'

2021-03-04 23:02:51 - [MESSAGE][PASSED] - Object 'Object Repository/VLink/Page_CCSale/txt_Category' is present

2021-03-04 23:02:51 - [MESSAGE][PASSED] - Text 'ECOM' is set on object 'Object Repository/VLink/Page_CCSale/txt_Category'

2021-03-04 23:02:52 - [MESSAGE][PASSED] - Object 'Object Repository/VLink/Page_CCSale/txt_TransactionID' is present

2021-03-04 23:02:52 - [MESSAGE][PASSED] - Text '' is set on object 'Object Repository/VLink/Page_CCSale/txt_TransactionID'

2021-03-04 23:02:52 - [MESSAGE][PASSED] - Object 'Object Repository/VLink/Page_CCSale/txt_ApprovalCode' is present

2021-03-04 23:02:53 - [MESSAGE][PASSED] - Text '' is set on object 'Object Repository/VLink/Page_CCSale/txt_ApprovalCode'

2021-03-04 23:02:53 - [MESSAGE][PASSED] - Object 'Object Repository/VLink/Page_CCSale/txt_CardName' is present

2021-03-04 23:02:54 - [MESSAGE][PASSED] - Text 'Arvind Silva' is set on object 'Object Repository/VLink/Page_CCSale/txt_CardName'

2021-03-04 23:02:54 - [MESSAGE][PASSED] - Object 'Object Repository/VLink/Page_CCSale/txt_AL1' is present

2021-03-04 23:02:55 - [MESSAGE][PASSED] - Text '111 Main Ave' is set on object 'Object Repository/VLink/Page_CCSale/txt_AL1'

2021-03-04 23:02:55 - [MESSAGE][PASSED] - Object 'Object Repository/VLink/Page_CCSale/txt_AL2' is present

2021-03-04 23:02:56 - [MESSAGE][PASSED] - Text '' is set on object 'Object Repository/VLink/Page_CCSale/txt_AL2'

2021-03-04 23:02:56 - [MESSAGE][PASSED] - Object 'Object Repository/VLink/Page_CCSale/txt_CardCity' is present

2021-03-04 23:02:56 - [MESSAGE][PASSED] - Text 'Arlington' is set on object 'Object Repository/VLink/Page_CCSale/txt_CardCity'

2021-03-04 23:02:57 - [MESSAGE][PASSED] - Object 'Object Repository/VLink/Page_CCSale/txt_CardState' is present

2021-03-04 23:02:57 - [MESSAGE][PASSED] - Text 'VA' is set on object 'Object Repository/VLink/Page_CCSale/txt_CardState'

2021-03-04 23:02:58 - [MESSAGE][PASSED] - Object 'Object Repository/VLink/Page_CCSale/txt_CardZIP' is present

2021-03-04 23:02:58 - [MESSAGE][PASSED] - Text '22201' is set on object 'Object Repository/VLink/Page_CCSale/txt_CardZIP'

2021-03-04 23:02:59 - [MESSAGE][PASSED] - Object 'Object Repository/VLink/Page_CCSale/txt_CountryID' is present

2021-03-04 23:02:59 - [MESSAGE][PASSED] - Text '' is set on object 'Object Repository/VLink/Page_CCSale/txt_CountryID'

2021-03-04 23:03:00 - [MESSAGE][PASSED] - Object 'Object Repository/VLink/Page_CCSale/txt_Amount' is present

2021-03-04 23:03:00 - [MESSAGE][PASSED] - Text '2.50' is set on object 'Object Repository/VLink/Page_CCSale/txt_Amount'

2021-03-04 23:03:01 - [MESSAGE][PASSED] - Object 'Object Repository/VLink/Page_CCSale/txt_CardNumber' is present

2021-03-04 23:03:01 - [MESSAGE][PASSED] - Text '6011000000000004' is set on object 'Object Repository/VLink/Page_CCSale/txt_CardNumber'

2021-03-04 23:03:02 - [MESSAGE][PASSED] - Object 'Object Repository/VLink/Page_CCSale/txt_ExpMonth' is present

2021-03-04 23:03:02 - [MESSAGE][PASSED] - Text '01' is set on object 'Object Repository/VLink/Page_CCSale/txt_ExpMonth'

2021-03-04 23:03:03 - [MESSAGE][PASSED] - Object 'Object Repository/VLink/Page_CCSale/txt_ExpYear' is present

2021-03-04 23:03:03 - [MESSAGE][PASSED] - Text '2026' is set on object 'Object Repository/VLink/Page_CCSale/txt_ExpYear'

2021-03-04 23:03:04 - [MESSAGE][PASSED] - Object 'Object Repository/VLink/Page_CCSale/txt_CVV' is present

2021-03-04 23:03:04 - [MESSAGE][PASSED] - Text '' is set on object 'Object Repository/VLink/Page_CCSale/txt_CVV'

2021-03-04 23:03:05 - [MESSAGE][PASSED] - Object 'Object Repository/VLink/Page_CCSale/txt_CVVstate' is present

2021-03-04 23:03:05 - [MESSAGE][PASSED] - Text '' is set on object 'Object Repository/VLink/Page_CCSale/txt_CVVstate'

2021-03-04 23:03:05 - [MESSAGE][PASSED] - Object 'Object Repository/VLink/Page_CCSale/txt_TrackData' is present

2021-03-04 23:03:06 - [MESSAGE][PASSED] - Text '' is set on object 'Object Repository/VLink/Page_CCSale/txt_TrackData'

2021-03-04 23:03:06 - [MESSAGE][PASSED] - Object 'Object Repository/VLink/Page_CCSale/txt_Track1Data' is present

2021-03-04 23:03:07 - [MESSAGE][PASSED] - Text '' is set on object 'Object Repository/VLink/Page_CCSale/txt_Track1Data'

2021-03-04 23:03:07 - [MESSAGE][PASSED] - Object 'Object Repository/VLink/Page_CCSale/txt_Track2Data' is present

2021-03-04 23:03:08 - [MESSAGE][PASSED] - Text '' is set on object 'Object Repository/VLink/Page_CCSale/txt_Track2Data'

2021-03-04 23:03:08 - [MESSAGE][PASSED] - Object 'Object Repository/VLink/Page_CCSale/txt_POSEntryMode' is present

2021-03-04 23:03:09 - [MESSAGE][PASSED] - Text 'manual' is set on object 'Object Repository/VLink/Page_CCSale/txt_POSEntryMode'

2021-03-04 23:03:09 - [MESSAGE][PASSED] - Object 'Object Repository/VLink/Page_CCSale/txt_Email' is present

2021-03-04 23:03:10 - [MESSAGE][PASSED] - Text '' is set on object 'Object Repository/VLink/Page_CCSale/txt_Email'

2021-03-04 23:03:10 - [MESSAGE][PASSED] - Object 'Object Repository/VLink/Page_CCSale/txt_OrderNumber' is present

2021-03-04 23:03:11 - [MESSAGE][PASSED] - Text '' is set on object 'Object Repository/VLink/Page_CCSale/txt_OrderNumber'

2021-03-04 23:03:11 - [MESSAGE][PASSED] - Object 'Object Repository/VLink/Page_CCSale/txt_TaxAmount' is present

2021-03-04 23:03:12 - [MESSAGE][PASSED] - Text '' is set on object 'Object Repository/VLink/Page_CCSale/txt_TaxAmount'

2021-03-04 23:03:12 - [MESSAGE][PASSED] - Object 'Object Repository/VLink/Page_CCSale/txt_ChargeDescription' is present

2021-03-04 23:03:13 - [MESSAGE][PASSED] - Text '' is set on object 'Object Repository/VLink/Page_CCSale/txt_ChargeDescription'

2021-03-04 23:03:13 - [MESSAGE][PASSED] - Object 'Object Repository/VLink/Page_CCSale/txt_CAN' is present

2021-03-04 23:03:14 - [MESSAGE][PASSED] - Text '' is set on object 'Object Repository/VLink/Page_CCSale/txt_CAN'

2021-03-04 23:03:14 - [MESSAGE][PASSED] - Object 'Object Repository/VLink/Page_CCSale/txt_BillPaymentIndicator' is present

2021-03-04 23:03:15 - [MESSAGE][PASSED] - Text '' is set on object 'Object Repository/VLink/Page_CCSale/txt_BillPaymentIndicator'

2021-03-04 23:03:15 - [MESSAGE][PASSED] - Object 'Object Repository/VLink/Page_CCSale/txt_UDF1' is present

2021-03-04 23:03:16 - [MESSAGE][PASSED] - Text '' is set on object 'Object Repository/VLink/Page_CCSale/txt_UDF1'

2021-03-04 23:03:16 - [MESSAGE][PASSED] - Object 'Object Repository/VLink/Page_CCSale/txt_UDF2' is present

2021-03-04 23:03:17 - [MESSAGE][PASSED] - Text '' is set on object 'Object Repository/VLink/Page_CCSale/txt_UDF2'

2021-03-04 23:03:17 - [MESSAGE][PASSED] - Object 'Object Repository/VLink/Page_CCSale/txt_UDF3' is present

2021-03-04 23:03:18 - [MESSAGE][PASSED] - Text '' is set on object 'Object Repository/VLink/Page_CCSale/txt_UDF3'

2021-03-04 23:03:18 - [MESSAGE][PASSED] - Object 'Object Repository/VLink/Page_CCSale/txt_UDF4' is present

2021-03-04 23:03:19 - [MESSAGE][PASSED] - Text '' is set on object 'Object Repository/VLink/Page_CCSale/txt_UDF4'

2021-03-04 23:03:19 - [MESSAGE][PASSED] - Object 'Object Repository/VLink/Page_CCSale/txt_UDF5' is present

2021-03-04 23:03:20 - [MESSAGE][PASSED] - Text '' is set on object 'Object Repository/VLink/Page_CCSale/txt_UDF5'

2021-03-04 23:03:20 - [MESSAGE][PASSED] - Object 'Object Repository/VLink/Page_CCSale/txt_UDF6' is present

2021-03-04 23:03:21 - [MESSAGE][PASSED] - Text '' is set on object 'Object Repository/VLink/Page_CCSale/txt_UDF6'

2021-03-04 23:03:21 - [MESSAGE][PASSED] - Object 'Object Repository/VLink/Page_CCSale/txt_UDF7' is present

2021-03-04 23:03:22 - [MESSAGE][PASSED] - Text '' is set on object 'Object Repository/VLink/Page_CCSale/txt_UDF7'

2021-03-04 23:03:22 - [MESSAGE][PASSED] - Object 'Object Repository/VLink/Page_CCSale/txt_UDF8' is present

2021-03-04 23:03:23 - [MESSAGE][PASSED] - Text '' is set on object 'Object Repository/VLink/Page_CCSale/txt_UDF8'

2021-03-04 23:03:23 - [MESSAGE][PASSED] - Object 'Object Repository/VLink/Page_CCSale/txt_UDF9' is present

2021-03-04 23:03:24 - [MESSAGE][PASSED] - Text '' is set on object 'Object Repository/VLink/Page_CCSale/txt_UDF9'

2021-03-04 23:03:24 - [MESSAGE][PASSED] - Object 'Object Repository/VLink/Page_CCSale/txt_UDF10' is present

2021-03-04 23:03:25 - [MESSAGE][PASSED] - Text '' is set on object 'Object Repository/VLink/Page_CCSale/txt_UDF10'

2021-03-04 23:03:25 - [MESSAGE][PASSED] - Object 'Object Repository/VLink/Page_CCSale/txt_CardOnFileIndicator' is present

2021-03-04 23:03:26 - [MESSAGE][PASSED] - Text '' is set on object 'Object Repository/VLink/Page_CCSale/txt_CardOnFileIndicator'

2021-03-04 23:03:26 - [MESSAGE][PASSED] - Object 'Object Repository/VLink/Page_CCSale/txt_StoredCredentialIndicator' is present

2021-03-04 23:03:27 - [MESSAGE][PASSED] - Text '' is set on object 'Object Repository/VLink/Page_CCSale/txt_StoredCredentialIndicator'

2021-03-04 23:03:27 - [MESSAGE][PASSED] - Object 'Object Repository/VLink/Page_CCSale/txt_COFScheduledIndicator' is present

2021-03-04 23:03:28 - [MESSAGE][PASSED] - Text '' is set on object 'Object Repository/VLink/Page_CCSale/txt_COFScheduledIndicator'

2021-03-04 23:03:28 - [MESSAGE][PASSED] - Object 'Object Repository/VLink/Page_CCSale/txt_COFTransactionInitiatedBy' is present

2021-03-04 23:03:29 - [MESSAGE][PASSED] - Text '' is set on object 'Object Repository/VLink/Page_CCSale/txt_COFTransactionInitiatedBy'

2021-03-04 23:03:31 - [MESSAGE][PASSED] - Object: 'Object Repository/VLink/Page_CCSale/btn_ProcessVLinkTransaction' is clicked on

2021-03-04 23:03:36 - [MESSAGE][PASSED] - vlinkPages.saleCCPage.setDataSCC is PASSED

2021-03-04 23:03:36 - [TEST_STEP][PASSED] - if (verifyTextPresent("Transaction approved, no errors", true)): null

2021-03-04 23:03:36 - [MESSAGE][PASSED] - Text 'Transaction approved, no errors' is present on page  using regular expression

2021-03-04 23:03:36 - [TEST_STEP][PASSED] - println("Transaction Approved, no errors text is present on the Confirmation page"): null

2021-03-04 23:03:36 - [TEST_STEP][PASSED] - out.println("Pass Record Number: " + row): null

2021-03-04 23:03:36 - [TEST_STEP][PASSED] - resText = "Pass": null

2021-03-04 23:03:36 - [TEST_STEP][PASSED] - pages.WriteExcel.demoKey(resText, datText, resColumn, datCloumn, fileLoc, nameSheet, row): pages.WriteExcel.demoKey is PASSED

2021-03-04 23:03:37 - [MESSAGE][PASSED] - pages.WriteExcel.demoKey is PASSED

2021-03-04 23:03:37 - [TEST_STEP][PASSED] - sdfo = getText(findTestObject("Object Repository/Page_VLinkReceipt/pre_STX")): Text of object 'Object Repository/Page_VLinkReceipt/pre_STX' is: '<STX>0gtOwFyt7aoe                  12089844            0  Transaction approved, no errors                   0                                                                                  XXOK9590   <ETX>'

2021-03-04 23:03:37 - [MESSAGE][PASSED] - Text of object 'Object Repository/Page_VLinkReceipt/pre_STX' is: '<STX>0gtOwFyt7aoe                  12089844            0  Transaction approved, no errors                   0                                                                                  XXOK9590   <ETX>'

2021-03-04 23:03:37 - [TEST_STEP][PASSED] - out.println("sdfo: " + sdfo): null

2021-03-04 23:03:37 - [TEST_STEP][PASSED] - remID = substring(5, 35).trim(): null

2021-03-04 23:03:37 - [TEST_STEP][PASSED] - out.println("Remittance ID: " + remID): null

2021-03-04 23:03:37 - [TEST_STEP][PASSED] - traxID = substring(35, 55).trim(): null

2021-03-04 23:03:37 - [TEST_STEP][PASSED] - out.println("Transaction ID: " + traxID): null

2021-03-04 23:03:37 - [TEST_STEP][PASSED] - out.println("End Record Number: " + row): null

2021-03-04 23:03:37 - [TEST_STEP][PASSED] - closeBrowser(): Browser is closed

2021-03-04 23:03:38 - [MESSAGE][PASSED] - Browser is closed

2021-03-04 23:03:38 - [TEST_STEP][PASSED] - out.println("Begin Record Number: " + row): null

2021-03-04 23:03:38 - [TEST_STEP][PASSED] - today = new java.util.Date(): null

2021-03-04 23:03:38 - [TEST_STEP][PASSED] - println(today): null

2021-03-04 23:03:38 - [TEST_STEP][PASSED] - datText = today: null

2021-03-04 23:03:38 - [TEST_STEP][PASSED] - openBrowser(VLinkURL + "authcap.html"): Browser is opened with url: 'https://dev-algorithm.govolution.com/vlinktest/QA/version_2_0/authcap.html'

2021-03-04 23:03:38 - [MESSAGE][INFO] - Starting 'Chrome' driver

2021-03-04 23:03:38 - [MESSAGE][INFO] - User set preference: ['acceptInsecureCerts', 'true']

2021-03-04 23:03:38 - [MESSAGE][INFO] - Action delay is set to 0 milliseconds

2021-03-04 23:03:42 - [MESSAGE][PASSED] - Browser is opened with url: 'https://dev-algorithm.govolution.com/vlinktest/QA/version_2_0/authcap.html'

2021-03-04 23:03:42 - [TEST_STEP][PASSED] - maximizeWindow(): Current window maximized

2021-03-04 23:03:42 - [MESSAGE][PASSED] - Current window maximized

2021-03-04 23:03:42 - [TEST_STEP][PASSED] - vlinkPages.saleCCPage.setDataSCC(row, dataFile): vlinkPages.saleCCPage.setDataSCC is PASSED

2021-03-04 23:03:44 - [MESSAGE][PASSED] - Object 'Object Repository/VLink/Page_CCSale/txt_CardNumber' is present

2021-03-04 23:03:44 - [MESSAGE][PASSED] - Object 'Object Repository/VLink/Page_CCSale/txt_TransactionType' is present

2021-03-04 23:03:45 - [MESSAGE][PASSED] - Text '104' is set on object 'Object Repository/VLink/Page_CCSale/txt_TransactionType'

2021-03-04 23:03:45 - [MESSAGE][PASSED] - Object 'Object Repository/VLink/Page_CCSale/txt_MessageVersion' is present

2021-03-04 23:03:46 - [MESSAGE][PASSED] - Text '2.0C' is set on object 'Object Repository/VLink/Page_CCSale/txt_MessageVersion'

2021-03-04 23:03:46 - [MESSAGE][PASSED] - Object 'Object Repository/VLink/Page_CCSale/txt_RemID' is present

2021-03-04 23:03:47 - [MESSAGE][PASSED] - Text 'fVHX2c0TtJHc' is set on object 'Object Repository/VLink/Page_CCSale/txt_RemID'

2021-03-04 23:03:47 - [MESSAGE][PASSED] - Object 'Object Repository/VLink/Page_CCSale/txt_ApplicationId' is present

2021-03-04 23:03:48 - [MESSAGE][PASSED] - Text '677' is set on object 'Object Repository/VLink/Page_CCSale/txt_ApplicationId'

2021-03-04 23:03:48 - [MESSAGE][PASSED] - Object 'Object Repository/VLink/Page_CCSale/txt_Username' is present

2021-03-04 23:03:49 - [MESSAGE][PASSED] - Text 'username' is set on object 'Object Repository/VLink/Page_CCSale/txt_Username'

2021-03-04 23:03:49 - [MESSAGE][PASSED] - Object 'Object Repository/VLink/Page_CCSale/txt_Password' is present

2021-03-04 23:03:49 - [MESSAGE][PASSED] - Text 'password' is set on object 'Object Repository/VLink/Page_CCSale/txt_Password'

2021-03-04 23:03:50 - [MESSAGE][PASSED] - Object 'Object Repository/VLink/Page_CCSale/txt_ResponseFormat' is present

2021-03-04 23:03:50 - [MESSAGE][PASSED] - Text 'fixed_width' is set on object 'Object Repository/VLink/Page_CCSale/txt_ResponseFormat'

2021-03-04 23:03:51 - [MESSAGE][PASSED] - Object 'Object Repository/VLink/Page_CCSale/txt_Category' is present

2021-03-04 23:03:51 - [MESSAGE][PASSED] - Text 'ECOM' is set on object 'Object Repository/VLink/Page_CCSale/txt_Category'

2021-03-04 23:03:51 - [MESSAGE][PASSED] - Object 'Object Repository/VLink/Page_CCSale/txt_TransactionID' is present

2021-03-04 23:03:52 - [MESSAGE][PASSED] - Text '' is set on object 'Object Repository/VLink/Page_CCSale/txt_TransactionID'

2021-03-04 23:03:52 - [MESSAGE][PASSED] - Object 'Object Repository/VLink/Page_CCSale/txt_ApprovalCode' is present

2021-03-04 23:03:53 - [MESSAGE][PASSED] - Text '' is set on object 'Object Repository/VLink/Page_CCSale/txt_ApprovalCode'

2021-03-04 23:03:53 - [MESSAGE][PASSED] - Object 'Object Repository/VLink/Page_CCSale/txt_CardName' is present

2021-03-04 23:03:54 - [MESSAGE][PASSED] - Text 'Roshan Maha' is set on object 'Object Repository/VLink/Page_CCSale/txt_CardName'

2021-03-04 23:03:54 - [MESSAGE][PASSED] - Object 'Object Repository/VLink/Page_CCSale/txt_AL1' is present

2021-03-04 23:03:55 - [MESSAGE][PASSED] - Text '12563 Bazaar road' is set on object 'Object Repository/VLink/Page_CCSale/txt_AL1'

2021-03-04 23:03:55 - [MESSAGE][PASSED] - Object 'Object Repository/VLink/Page_CCSale/txt_AL2' is present

2021-03-04 23:03:56 - [MESSAGE][PASSED] - Text '' is set on object 'Object Repository/VLink/Page_CCSale/txt_AL2'

2021-03-04 23:03:56 - [MESSAGE][PASSED] - Object 'Object Repository/VLink/Page_CCSale/txt_CardCity' is present

2021-03-04 23:03:57 - [MESSAGE][PASSED] - Text 'Crofton' is set on object 'Object Repository/VLink/Page_CCSale/txt_CardCity'

2021-03-04 23:03:57 - [MESSAGE][PASSED] - Object 'Object Repository/VLink/Page_CCSale/txt_CardState' is present

2021-03-04 23:03:58 - [MESSAGE][PASSED] - Text 'MD' is set on object 'Object Repository/VLink/Page_CCSale/txt_CardState'

2021-03-04 23:03:58 - [MESSAGE][PASSED] - Object 'Object Repository/VLink/Page_CCSale/txt_CardZIP' is present

2021-03-04 23:03:59 - [MESSAGE][PASSED] - Text '21114' is set on object 'Object Repository/VLink/Page_CCSale/txt_CardZIP'

2021-03-04 23:03:59 - [MESSAGE][PASSED] - Object 'Object Repository/VLink/Page_CCSale/txt_CountryID' is present

2021-03-04 23:04:00 - [MESSAGE][PASSED] - Text '' is set on object 'Object Repository/VLink/Page_CCSale/txt_CountryID'

2021-03-04 23:04:00 - [MESSAGE][PASSED] - Object 'Object Repository/VLink/Page_CCSale/txt_Amount' is present

2021-03-04 23:04:01 - [MESSAGE][PASSED] - Text '3.50' is set on object 'Object Repository/VLink/Page_CCSale/txt_Amount'

2021-03-04 23:04:01 - [MESSAGE][PASSED] - Object 'Object Repository/VLink/Page_CCSale/txt_CardNumber' is present

2021-03-04 23:04:02 - [MESSAGE][PASSED] - Text '6011000000000004' is set on object 'Object Repository/VLink/Page_CCSale/txt_CardNumber'

2021-03-04 23:04:02 - [MESSAGE][PASSED] - Object 'Object Repository/VLink/Page_CCSale/txt_ExpMonth' is present

2021-03-04 23:04:03 - [MESSAGE][PASSED] - Text '01' is set on object 'Object Repository/VLink/Page_CCSale/txt_ExpMonth'

2021-03-04 23:04:03 - [MESSAGE][PASSED] - Object 'Object Repository/VLink/Page_CCSale/txt_ExpYear' is present

2021-03-04 23:04:04 - [MESSAGE][PASSED] - Text '2026' is set on object 'Object Repository/VLink/Page_CCSale/txt_ExpYear'

2021-03-04 23:04:04 - [MESSAGE][PASSED] - Object 'Object Repository/VLink/Page_CCSale/txt_CVV' is present

2021-03-04 23:04:05 - [MESSAGE][PASSED] - Text '' is set on object 'Object Repository/VLink/Page_CCSale/txt_CVV'

2021-03-04 23:04:05 - [MESSAGE][PASSED] - Object 'Object Repository/VLink/Page_CCSale/txt_CVVstate' is present

2021-03-04 23:04:05 - [MESSAGE][PASSED] - Text '' is set on object 'Object Repository/VLink/Page_CCSale/txt_CVVstate'

2021-03-04 23:04:06 - [MESSAGE][PASSED] - Object 'Object Repository/VLink/Page_CCSale/txt_TrackData' is present

2021-03-04 23:04:06 - [MESSAGE][PASSED] - Text '' is set on object 'Object Repository/VLink/Page_CCSale/txt_TrackData'

2021-03-04 23:04:07 - [MESSAGE][PASSED] - Object 'Object Repository/VLink/Page_CCSale/txt_Track1Data' is present

2021-03-04 23:04:07 - [MESSAGE][PASSED] - Text '' is set on object 'Object Repository/VLink/Page_CCSale/txt_Track1Data'

2021-03-04 23:04:08 - [MESSAGE][PASSED] - Object 'Object Repository/VLink/Page_CCSale/txt_Track2Data' is present

2021-03-04 23:04:08 - [MESSAGE][PASSED] - Text '' is set on object 'Object Repository/VLink/Page_CCSale/txt_Track2Data'

2021-03-04 23:04:09 - [MESSAGE][PASSED] - Object 'Object Repository/VLink/Page_CCSale/txt_POSEntryMode' is present

2021-03-04 23:04:09 - [MESSAGE][PASSED] - Text 'manual' is set on object 'Object Repository/VLink/Page_CCSale/txt_POSEntryMode'

2021-03-04 23:04:10 - [MESSAGE][PASSED] - Object 'Object Repository/VLink/Page_CCSale/txt_Email' is present

2021-03-04 23:04:10 - [MESSAGE][PASSED] - Text '' is set on object 'Object Repository/VLink/Page_CCSale/txt_Email'

2021-03-04 23:04:11 - [MESSAGE][PASSED] - Object 'Object Repository/VLink/Page_CCSale/txt_OrderNumber' is present

2021-03-04 23:04:11 - [MESSAGE][PASSED] - Text '' is set on object 'Object Repository/VLink/Page_CCSale/txt_OrderNumber'

2021-03-04 23:04:12 - [MESSAGE][PASSED] - Object 'Object Repository/VLink/Page_CCSale/txt_TaxAmount' is present

2021-03-04 23:04:12 - [MESSAGE][PASSED] - Text '' is set on object 'Object Repository/VLink/Page_CCSale/txt_TaxAmount'

2021-03-04 23:04:13 - [MESSAGE][PASSED] - Object 'Object Repository/VLink/Page_CCSale/txt_ChargeDescription' is present

2021-03-04 23:04:13 - [MESSAGE][PASSED] - Text '' is set on object 'Object Repository/VLink/Page_CCSale/txt_ChargeDescription'

2021-03-04 23:04:14 - [MESSAGE][PASSED] - Object 'Object Repository/VLink/Page_CCSale/txt_CAN' is present

2021-03-04 23:04:14 - [MESSAGE][PASSED] - Text '' is set on object 'Object Repository/VLink/Page_CCSale/txt_CAN'

2021-03-04 23:04:15 - [MESSAGE][PASSED] - Object 'Object Repository/VLink/Page_CCSale/txt_BillPaymentIndicator' is present

2021-03-04 23:04:15 - [MESSAGE][PASSED] - Text '' is set on object 'Object Repository/VLink/Page_CCSale/txt_BillPaymentIndicator'

2021-03-04 23:04:16 - [MESSAGE][PASSED] - Object 'Object Repository/VLink/Page_CCSale/txt_UDF1' is present

2021-03-04 23:04:16 - [MESSAGE][PASSED] - Text '' is set on object 'Object Repository/VLink/Page_CCSale/txt_UDF1'

2021-03-04 23:04:17 - [MESSAGE][PASSED] - Object 'Object Repository/VLink/Page_CCSale/txt_UDF2' is present

2021-03-04 23:04:17 - [MESSAGE][PASSED] - Text '' is set on object 'Object Repository/VLink/Page_CCSale/txt_UDF2'

2021-03-04 23:04:18 - [MESSAGE][PASSED] - Object 'Object Repository/VLink/Page_CCSale/txt_UDF3' is present

2021-03-04 23:04:18 - [MESSAGE][PASSED] - Text '' is set on object 'Object Repository/VLink/Page_CCSale/txt_UDF3'

2021-03-04 23:04:19 - [MESSAGE][PASSED] - Object 'Object Repository/VLink/Page_CCSale/txt_UDF4' is present

2021-03-04 23:04:19 - [MESSAGE][PASSED] - Text '' is set on object 'Object Repository/VLink/Page_CCSale/txt_UDF4'

2021-03-04 23:04:20 - [MESSAGE][PASSED] - Object 'Object Repository/VLink/Page_CCSale/txt_UDF5' is present

2021-03-04 23:04:20 - [MESSAGE][PASSED] - Text '' is set on object 'Object Repository/VLink/Page_CCSale/txt_UDF5'

2021-03-04 23:04:21 - [MESSAGE][PASSED] - Object 'Object Repository/VLink/Page_CCSale/txt_UDF6' is present

2021-03-04 23:04:21 - [MESSAGE][PASSED] - Text '' is set on object 'Object Repository/VLink/Page_CCSale/txt_UDF6'

2021-03-04 23:04:22 - [MESSAGE][PASSED] - Object 'Object Repository/VLink/Page_CCSale/txt_UDF7' is present

2021-03-04 23:04:22 - [MESSAGE][PASSED] - Text '' is set on object 'Object Repository/VLink/Page_CCSale/txt_UDF7'

2021-03-04 23:04:22 - [MESSAGE][PASSED] - Object 'Object Repository/VLink/Page_CCSale/txt_UDF8' is present

2021-03-04 23:04:23 - [MESSAGE][PASSED] - Text '' is set on object 'Object Repository/VLink/Page_CCSale/txt_UDF8'

2021-03-04 23:04:23 - [MESSAGE][PASSED] - Object 'Object Repository/VLink/Page_CCSale/txt_UDF9' is present

2021-03-04 23:04:24 - [MESSAGE][PASSED] - Text '' is set on object 'Object Repository/VLink/Page_CCSale/txt_UDF9'

2021-03-04 23:04:24 - [MESSAGE][PASSED] - Object 'Object Repository/VLink/Page_CCSale/txt_UDF10' is present

2021-03-04 23:04:25 - [MESSAGE][PASSED] - Text '' is set on object 'Object Repository/VLink/Page_CCSale/txt_UDF10'

2021-03-04 23:04:25 - [MESSAGE][PASSED] - Object 'Object Repository/VLink/Page_CCSale/txt_CardOnFileIndicator' is present

2021-03-04 23:04:26 - [MESSAGE][PASSED] - Text '' is set on object 'Object Repository/VLink/Page_CCSale/txt_CardOnFileIndicator'

2021-03-04 23:04:26 - [MESSAGE][PASSED] - Object 'Object Repository/VLink/Page_CCSale/txt_StoredCredentialIndicator' is present

2021-03-04 23:04:27 - [MESSAGE][PASSED] - Text '' is set on object 'Object Repository/VLink/Page_CCSale/txt_StoredCredentialIndicator'

2021-03-04 23:04:27 - [MESSAGE][PASSED] - Object 'Object Repository/VLink/Page_CCSale/txt_COFScheduledIndicator' is present

2021-03-04 23:04:28 - [MESSAGE][PASSED] - Text '' is set on object 'Object Repository/VLink/Page_CCSale/txt_COFScheduledIndicator'

2021-03-04 23:04:28 - [MESSAGE][PASSED] - Object 'Object Repository/VLink/Page_CCSale/txt_COFTransactionInitiatedBy' is present

2021-03-04 23:04:29 - [MESSAGE][PASSED] - Text '' is set on object 'Object Repository/VLink/Page_CCSale/txt_COFTransactionInitiatedBy'

2021-03-04 23:04:32 - [MESSAGE][PASSED] - Object: 'Object Repository/VLink/Page_CCSale/btn_ProcessVLinkTransaction' is clicked on

2021-03-04 23:04:37 - [MESSAGE][PASSED] - vlinkPages.saleCCPage.setDataSCC is PASSED

2021-03-04 23:04:37 - [TEST_STEP][PASSED] - if (verifyTextPresent("Transaction approved, no errors", true)): null

2021-03-04 23:04:37 - [MESSAGE][PASSED] - Text 'Transaction approved, no errors' is present on page  using regular expression

2021-03-04 23:04:37 - [TEST_STEP][PASSED] - println("Transaction Approved, no errors text is present on the Confirmation page"): null

2021-03-04 23:04:37 - [TEST_STEP][PASSED] - out.println("Pass Record Number: " + row): null

2021-03-04 23:04:37 - [TEST_STEP][PASSED] - resText = "Pass": null

2021-03-04 23:04:37 - [TEST_STEP][PASSED] - pages.WriteExcel.demoKey(resText, datText, resColumn, datCloumn, fileLoc, nameSheet, row): pages.WriteExcel.demoKey is PASSED

2021-03-04 23:04:37 - [MESSAGE][PASSED] - pages.WriteExcel.demoKey is PASSED

2021-03-04 23:04:37 - [TEST_STEP][PASSED] - sdfo = getText(findTestObject("Object Repository/Page_VLinkReceipt/pre_STX")): Text of object 'Object Repository/Page_VLinkReceipt/pre_STX' is: '<STX>fVHX2c0TtJHc                  12089845            0  Transaction approved, no errors                   0                                                                                  XXOK9750   <ETX>'

2021-03-04 23:04:38 - [MESSAGE][PASSED] - Text of object 'Object Repository/Page_VLinkReceipt/pre_STX' is: '<STX>fVHX2c0TtJHc                  12089845            0  Transaction approved, no errors                   0                                                                                  XXOK9750   <ETX>'

2021-03-04 23:04:38 - [TEST_STEP][PASSED] - out.println("sdfo: " + sdfo): null

2021-03-04 23:04:38 - [TEST_STEP][PASSED] - remID = substring(5, 35).trim(): null

2021-03-04 23:04:38 - [TEST_STEP][PASSED] - out.println("Remittance ID: " + remID): null

2021-03-04 23:04:38 - [TEST_STEP][PASSED] - traxID = substring(35, 55).trim(): null

2021-03-04 23:04:38 - [TEST_STEP][PASSED] - out.println("Transaction ID: " + traxID): null

2021-03-04 23:04:38 - [TEST_STEP][PASSED] - out.println("End Record Number: " + row): null

2021-03-04 23:04:38 - [TEST_STEP][PASSED] - closeBrowser(): Browser is closed

2021-03-04 23:04:39 - [MESSAGE][PASSED] - Browser is closed

2021-03-04 23:04:39 - [TEST_STEP][PASSED] - out.println("Begin Record Number: " + row): null

2021-03-04 23:04:39 - [TEST_STEP][PASSED] - today = new java.util.Date(): null

2021-03-04 23:04:39 - [TEST_STEP][PASSED] - println(today): null

2021-03-04 23:04:39 - [TEST_STEP][PASSED] - datText = today: null

2021-03-04 23:04:39 - [TEST_STEP][PASSED] - openBrowser(VLinkURL + "authcap.html"): Browser is opened with url: 'https://dev-algorithm.govolution.com/vlinktest/QA/version_2_0/authcap.html'

2021-03-04 23:04:39 - [MESSAGE][INFO] - Starting 'Chrome' driver

2021-03-04 23:04:39 - [MESSAGE][INFO] - User set preference: ['acceptInsecureCerts', 'true']

2021-03-04 23:04:39 - [MESSAGE][INFO] - Action delay is set to 0 milliseconds

2021-03-04 23:04:41 - [MESSAGE][PASSED] - Browser is opened with url: 'https://dev-algorithm.govolution.com/vlinktest/QA/version_2_0/authcap.html'

2021-03-04 23:04:41 - [TEST_STEP][PASSED] - maximizeWindow(): Current window maximized

2021-03-04 23:04:41 - [MESSAGE][PASSED] - Current window maximized

2021-03-04 23:04:41 - [TEST_STEP][PASSED] - vlinkPages.saleCCPage.setDataSCC(row, dataFile): vlinkPages.saleCCPage.setDataSCC is PASSED

2021-03-04 23:04:43 - [MESSAGE][PASSED] - Object 'Object Repository/VLink/Page_CCSale/txt_CardNumber' is present

2021-03-04 23:04:43 - [MESSAGE][PASSED] - Object 'Object Repository/VLink/Page_CCSale/txt_TransactionType' is present

2021-03-04 23:04:43 - [MESSAGE][PASSED] - Text '104' is set on object 'Object Repository/VLink/Page_CCSale/txt_TransactionType'

2021-03-04 23:04:44 - [MESSAGE][PASSED] - Object 'Object Repository/VLink/Page_CCSale/txt_MessageVersion' is present

2021-03-04 23:04:44 - [MESSAGE][PASSED] - Text '2.0C' is set on object 'Object Repository/VLink/Page_CCSale/txt_MessageVersion'

2021-03-04 23:04:45 - [MESSAGE][PASSED] - Object 'Object Repository/VLink/Page_CCSale/txt_RemID' is present

2021-03-04 23:04:45 - [MESSAGE][PASSED] - Text 'Xno3aQkf4px6' is set on object 'Object Repository/VLink/Page_CCSale/txt_RemID'

2021-03-04 23:04:46 - [MESSAGE][PASSED] - Object 'Object Repository/VLink/Page_CCSale/txt_ApplicationId' is present

2021-03-04 23:04:46 - [MESSAGE][PASSED] - Text '665' is set on object 'Object Repository/VLink/Page_CCSale/txt_ApplicationId'

2021-03-04 23:04:46 - [MESSAGE][PASSED] - Object 'Object Repository/VLink/Page_CCSale/txt_Username' is present

2021-03-04 23:04:47 - [MESSAGE][PASSED] - Text 'username' is set on object 'Object Repository/VLink/Page_CCSale/txt_Username'

2021-03-04 23:04:47 - [MESSAGE][PASSED] - Object 'Object Repository/VLink/Page_CCSale/txt_Password' is present

2021-03-04 23:04:48 - [MESSAGE][PASSED] - Text 'password' is set on object 'Object Repository/VLink/Page_CCSale/txt_Password'

2021-03-04 23:04:48 - [MESSAGE][PASSED] - Object 'Object Repository/VLink/Page_CCSale/txt_ResponseFormat' is present

2021-03-04 23:04:49 - [MESSAGE][PASSED] - Text 'fixed_width' is set on object 'Object Repository/VLink/Page_CCSale/txt_ResponseFormat'

2021-03-04 23:04:49 - [MESSAGE][PASSED] - Object 'Object Repository/VLink/Page_CCSale/txt_Category' is present

2021-03-04 23:04:50 - [MESSAGE][PASSED] - Text 'MOTO' is set on object 'Object Repository/VLink/Page_CCSale/txt_Category'

2021-03-04 23:04:50 - [MESSAGE][PASSED] - Object 'Object Repository/VLink/Page_CCSale/txt_TransactionID' is present

2021-03-04 23:04:50 - [MESSAGE][PASSED] - Text '' is set on object 'Object Repository/VLink/Page_CCSale/txt_TransactionID'

2021-03-04 23:04:51 - [MESSAGE][PASSED] - Object 'Object Repository/VLink/Page_CCSale/txt_ApprovalCode' is present

2021-03-04 23:04:51 - [MESSAGE][PASSED] - Text '' is set on object 'Object Repository/VLink/Page_CCSale/txt_ApprovalCode'

2021-03-04 23:04:51 - [MESSAGE][PASSED] - Object 'Object Repository/VLink/Page_CCSale/txt_CardName' is present

2021-03-04 23:04:52 - [MESSAGE][PASSED] - Text 'Kris Roshan' is set on object 'Object Repository/VLink/Page_CCSale/txt_CardName'

2021-03-04 23:04:52 - [MESSAGE][PASSED] - Object 'Object Repository/VLink/Page_CCSale/txt_AL1' is present

2021-03-04 23:04:53 - [MESSAGE][PASSED] - Text '258 Elm Road' is set on object 'Object Repository/VLink/Page_CCSale/txt_AL1'

2021-03-04 23:04:53 - [MESSAGE][PASSED] - Object 'Object Repository/VLink/Page_CCSale/txt_AL2' is present

2021-03-04 23:04:54 - [MESSAGE][PASSED] - Text 'Suite 56' is set on object 'Object Repository/VLink/Page_CCSale/txt_AL2'

2021-03-04 23:04:54 - [MESSAGE][PASSED] - Object 'Object Repository/VLink/Page_CCSale/txt_CardCity' is present

2021-03-04 23:04:55 - [MESSAGE][PASSED] - Text 'Arlington' is set on object 'Object Repository/VLink/Page_CCSale/txt_CardCity'

2021-03-04 23:04:55 - [MESSAGE][PASSED] - Object 'Object Repository/VLink/Page_CCSale/txt_CardState' is present

2021-03-04 23:04:56 - [MESSAGE][PASSED] - Text 'VA' is set on object 'Object Repository/VLink/Page_CCSale/txt_CardState'

2021-03-04 23:04:56 - [MESSAGE][PASSED] - Object 'Object Repository/VLink/Page_CCSale/txt_CardZIP' is present

2021-03-04 23:04:57 - [MESSAGE][PASSED] - Text '22201' is set on object 'Object Repository/VLink/Page_CCSale/txt_CardZIP'

2021-03-04 23:04:57 - [MESSAGE][PASSED] - Object 'Object Repository/VLink/Page_CCSale/txt_CountryID' is present

2021-03-04 23:04:58 - [MESSAGE][PASSED] - Text '840' is set on object 'Object Repository/VLink/Page_CCSale/txt_CountryID'

2021-03-04 23:04:58 - [MESSAGE][PASSED] - Object 'Object Repository/VLink/Page_CCSale/txt_Amount' is present

2021-03-04 23:04:59 - [MESSAGE][PASSED] - Text '1.50' is set on object 'Object Repository/VLink/Page_CCSale/txt_Amount'

2021-03-04 23:04:59 - [MESSAGE][PASSED] - Object 'Object Repository/VLink/Page_CCSale/txt_CardNumber' is present

2021-03-04 23:05:00 - [MESSAGE][PASSED] - Text '4111111111111111' is set on object 'Object Repository/VLink/Page_CCSale/txt_CardNumber'

2021-03-04 23:05:00 - [MESSAGE][PASSED] - Object 'Object Repository/VLink/Page_CCSale/txt_ExpMonth' is present

2021-03-04 23:05:01 - [MESSAGE][PASSED] - Text '12' is set on object 'Object Repository/VLink/Page_CCSale/txt_ExpMonth'

2021-03-04 23:05:01 - [MESSAGE][PASSED] - Object 'Object Repository/VLink/Page_CCSale/txt_ExpYear' is present

2021-03-04 23:05:02 - [MESSAGE][PASSED] - Text '2025' is set on object 'Object Repository/VLink/Page_CCSale/txt_ExpYear'

2021-03-04 23:05:02 - [MESSAGE][PASSED] - Object 'Object Repository/VLink/Page_CCSale/txt_CVV' is present

2021-03-04 23:05:03 - [MESSAGE][PASSED] - Text '' is set on object 'Object Repository/VLink/Page_CCSale/txt_CVV'

2021-03-04 23:05:03 - [MESSAGE][PASSED] - Object 'Object Repository/VLink/Page_CCSale/txt_CVVstate' is present

2021-03-04 23:05:04 - [MESSAGE][PASSED] - Text '' is set on object 'Object Repository/VLink/Page_CCSale/txt_CVVstate'

2021-03-04 23:05:04 - [MESSAGE][PASSED] - Object 'Object Repository/VLink/Page_CCSale/txt_TrackData' is present

2021-03-04 23:05:04 - [MESSAGE][PASSED] - Text '' is set on object 'Object Repository/VLink/Page_CCSale/txt_TrackData'

2021-03-04 23:05:05 - [MESSAGE][PASSED] - Object 'Object Repository/VLink/Page_CCSale/txt_Track1Data' is present

2021-03-04 23:05:05 - [MESSAGE][PASSED] - Text '' is set on object 'Object Repository/VLink/Page_CCSale/txt_Track1Data'

2021-03-04 23:05:06 - [MESSAGE][PASSED] - Object 'Object Repository/VLink/Page_CCSale/txt_Track2Data' is present

2021-03-04 23:05:06 - [MESSAGE][PASSED] - Text '' is set on object 'Object Repository/VLink/Page_CCSale/txt_Track2Data'

2021-03-04 23:05:07 - [MESSAGE][PASSED] - Object 'Object Repository/VLink/Page_CCSale/txt_POSEntryMode' is present

2021-03-04 23:05:07 - [MESSAGE][PASSED] - Text 'manual' is set on object 'Object Repository/VLink/Page_CCSale/txt_POSEntryMode'

2021-03-04 23:05:08 - [MESSAGE][PASSED] - Object 'Object Repository/VLink/Page_CCSale/txt_Email' is present

2021-03-04 23:05:08 - [MESSAGE][PASSED] - Text 'iahmed@govolution.com' is set on object 'Object Repository/VLink/Page_CCSale/txt_Email'

2021-03-04 23:05:09 - [MESSAGE][PASSED] - Object 'Object Repository/VLink/Page_CCSale/txt_OrderNumber' is present

2021-03-04 23:05:09 - [MESSAGE][PASSED] - Text '2569362' is set on object 'Object Repository/VLink/Page_CCSale/txt_OrderNumber'

2021-03-04 23:05:10 - [MESSAGE][PASSED] - Object 'Object Repository/VLink/Page_CCSale/txt_TaxAmount' is present

2021-03-04 23:05:10 - [MESSAGE][PASSED] - Text '1.15' is set on object 'Object Repository/VLink/Page_CCSale/txt_TaxAmount'

2021-03-04 23:05:11 - [MESSAGE][PASSED] - Object 'Object Repository/VLink/Page_CCSale/txt_ChargeDescription' is present

2021-03-04 23:05:11 - [MESSAGE][PASSED] - Text 'Charge Description' is set on object 'Object Repository/VLink/Page_CCSale/txt_ChargeDescription'

2021-03-04 23:05:11 - [MESSAGE][PASSED] - Object 'Object Repository/VLink/Page_CCSale/txt_CAN' is present

2021-03-04 23:05:12 - [MESSAGE][PASSED] - Text '147357' is set on object 'Object Repository/VLink/Page_CCSale/txt_CAN'

2021-03-04 23:05:12 - [MESSAGE][PASSED] - Object 'Object Repository/VLink/Page_CCSale/txt_BillPaymentIndicator' is present

2021-03-04 23:05:13 - [MESSAGE][PASSED] - Text '1' is set on object 'Object Repository/VLink/Page_CCSale/txt_BillPaymentIndicator'

2021-03-04 23:05:13 - [MESSAGE][PASSED] - Object 'Object Repository/VLink/Page_CCSale/txt_UDF1' is present

2021-03-04 23:05:14 - [MESSAGE][PASSED] - Text 'UDF Data 1' is set on object 'Object Repository/VLink/Page_CCSale/txt_UDF1'

2021-03-04 23:05:14 - [MESSAGE][PASSED] - Object 'Object Repository/VLink/Page_CCSale/txt_UDF2' is present

2021-03-04 23:05:15 - [MESSAGE][PASSED] - Text 'UDF Data 2' is set on object 'Object Repository/VLink/Page_CCSale/txt_UDF2'

2021-03-04 23:05:15 - [MESSAGE][PASSED] - Object 'Object Repository/VLink/Page_CCSale/txt_UDF3' is present

2021-03-04 23:05:16 - [MESSAGE][PASSED] - Text 'UDF Data 3' is set on object 'Object Repository/VLink/Page_CCSale/txt_UDF3'

2021-03-04 23:05:16 - [MESSAGE][PASSED] - Object 'Object Repository/VLink/Page_CCSale/txt_UDF4' is present

2021-03-04 23:05:17 - [MESSAGE][PASSED] - Text 'UDF Data 4' is set on object 'Object Repository/VLink/Page_CCSale/txt_UDF4'

2021-03-04 23:05:17 - [MESSAGE][PASSED] - Object 'Object Repository/VLink/Page_CCSale/txt_UDF5' is present

2021-03-04 23:05:18 - [MESSAGE][PASSED] - Text 'UDF Data 5' is set on object 'Object Repository/VLink/Page_CCSale/txt_UDF5'

2021-03-04 23:05:18 - [MESSAGE][PASSED] - Object 'Object Repository/VLink/Page_CCSale/txt_UDF6' is present

2021-03-04 23:05:19 - [MESSAGE][PASSED] - Text 'UDF Data 6' is set on object 'Object Repository/VLink/Page_CCSale/txt_UDF6'

2021-03-04 23:05:19 - [MESSAGE][PASSED] - Object 'Object Repository/VLink/Page_CCSale/txt_UDF7' is present

2021-03-04 23:05:20 - [MESSAGE][PASSED] - Text 'UDF Data 7' is set on object 'Object Repository/VLink/Page_CCSale/txt_UDF7'

2021-03-04 23:05:20 - [MESSAGE][PASSED] - Object 'Object Repository/VLink/Page_CCSale/txt_UDF8' is present

2021-03-04 23:05:21 - [MESSAGE][PASSED] - Text 'UDF Data 8' is set on object 'Object Repository/VLink/Page_CCSale/txt_UDF8'

2021-03-04 23:05:21 - [MESSAGE][PASSED] - Object 'Object Repository/VLink/Page_CCSale/txt_UDF9' is present

2021-03-04 23:05:22 - [MESSAGE][PASSED] - Text 'UDF Data 9' is set on object 'Object Repository/VLink/Page_CCSale/txt_UDF9'

2021-03-04 23:05:22 - [MESSAGE][PASSED] - Object 'Object Repository/VLink/Page_CCSale/txt_UDF10' is present

2021-03-04 23:05:23 - [MESSAGE][PASSED] - Text 'UDF Data 10' is set on object 'Object Repository/VLink/Page_CCSale/txt_UDF10'

2021-03-04 23:05:23 - [MESSAGE][PASSED] - Object 'Object Repository/VLink/Page_CCSale/txt_CardOnFileIndicator' is present

2021-03-04 23:05:24 - [MESSAGE][PASSED] - Text '' is set on object 'Object Repository/VLink/Page_CCSale/txt_CardOnFileIndicator'

2021-03-04 23:05:24 - [MESSAGE][PASSED] - Object 'Object Repository/VLink/Page_CCSale/txt_StoredCredentialIndicator' is present

2021-03-04 23:05:25 - [MESSAGE][PASSED] - Text '' is set on object 'Object Repository/VLink/Page_CCSale/txt_StoredCredentialIndicator'

2021-03-04 23:05:25 - [MESSAGE][PASSED] - Object 'Object Repository/VLink/Page_CCSale/txt_COFScheduledIndicator' is present

2021-03-04 23:05:26 - [MESSAGE][PASSED] - Text '' is set on object 'Object Repository/VLink/Page_CCSale/txt_COFScheduledIndicator'

2021-03-04 23:05:26 - [MESSAGE][PASSED] - Object 'Object Repository/VLink/Page_CCSale/txt_COFTransactionInitiatedBy' is present

2021-03-04 23:05:27 - [MESSAGE][PASSED] - Text '' is set on object 'Object Repository/VLink/Page_CCSale/txt_COFTransactionInitiatedBy'

2021-03-04 23:05:30 - [MESSAGE][PASSED] - Object: 'Object Repository/VLink/Page_CCSale/btn_ProcessVLinkTransaction' is clicked on

2021-03-04 23:05:35 - [MESSAGE][PASSED] - vlinkPages.saleCCPage.setDataSCC is PASSED

2021-03-04 23:05:35 - [TEST_STEP][PASSED] - if (verifyTextPresent("Transaction approved, no errors", true)): null

2021-03-04 23:05:35 - [MESSAGE][PASSED] - Text 'Transaction approved, no errors' is present on page  using regular expression

2021-03-04 23:05:35 - [TEST_STEP][PASSED] - println("Transaction Approved, no errors text is present on the Confirmation page"): null

2021-03-04 23:05:35 - [TEST_STEP][PASSED] - out.println("Pass Record Number: " + row): null

2021-03-04 23:05:35 - [TEST_STEP][PASSED] - resText = "Pass": null

2021-03-04 23:05:35 - [TEST_STEP][PASSED] - pages.WriteExcel.demoKey(resText, datText, resColumn, datCloumn, fileLoc, nameSheet, row): pages.WriteExcel.demoKey is PASSED

2021-03-04 23:05:35 - [MESSAGE][PASSED] - pages.WriteExcel.demoKey is PASSED

2021-03-04 23:05:35 - [TEST_STEP][PASSED] - sdfo = getText(findTestObject("Object Repository/Page_VLinkReceipt/pre_STX")): Text of object 'Object Repository/Page_VLinkReceipt/pre_STX' is: '<STX>Xno3aQkf4px6                  12089847            0  Transaction approved, no errors                   0                                                                                  XXOK9890   <ETX>'

2021-03-04 23:05:35 - [MESSAGE][PASSED] - Text of object 'Object Repository/Page_VLinkReceipt/pre_STX' is: '<STX>Xno3aQkf4px6                  12089847            0  Transaction approved, no errors                   0                                                                                  XXOK9890   <ETX>'

2021-03-04 23:05:35 - [TEST_STEP][PASSED] - out.println("sdfo: " + sdfo): null

2021-03-04 23:05:35 - [TEST_STEP][PASSED] - remID = substring(5, 35).trim(): null

2021-03-04 23:05:35 - [TEST_STEP][PASSED] - out.println("Remittance ID: " + remID): null

2021-03-04 23:05:35 - [TEST_STEP][PASSED] - traxID = substring(35, 55).trim(): null

2021-03-04 23:05:35 - [TEST_STEP][PASSED] - out.println("Transaction ID: " + traxID): null

2021-03-04 23:05:35 - [TEST_STEP][PASSED] - out.println("End Record Number: " + row): null

2021-03-04 23:05:35 - [TEST_STEP][PASSED] - closeBrowser(): Browser is closed

2021-03-04 23:05:36 - [MESSAGE][PASSED] - Browser is closed

2021-03-04 23:05:36 - [TEST_STEP][PASSED] - out.println("Begin Record Number: " + row): null

2021-03-04 23:05:36 - [TEST_STEP][PASSED] - today = new java.util.Date(): null

2021-03-04 23:05:36 - [TEST_STEP][PASSED] - println(today): null

2021-03-04 23:05:36 - [TEST_STEP][PASSED] - datText = today: null

2021-03-04 23:05:36 - [TEST_STEP][PASSED] - openBrowser(VLinkURL + "authcap.html"): Browser is opened with url: 'https://dev-algorithm.govolution.com/vlinktest/QA/version_2_0/authcap.html'

2021-03-04 23:05:36 - [MESSAGE][INFO] - Starting 'Chrome' driver

2021-03-04 23:05:36 - [MESSAGE][INFO] - User set preference: ['acceptInsecureCerts', 'true']

2021-03-04 23:05:36 - [MESSAGE][INFO] - Action delay is set to 0 milliseconds

2021-03-04 23:05:40 - [MESSAGE][PASSED] - Browser is opened with url: 'https://dev-algorithm.govolution.com/vlinktest/QA/version_2_0/authcap.html'

2021-03-04 23:05:40 - [TEST_STEP][PASSED] - maximizeWindow(): Current window maximized

2021-03-04 23:05:40 - [MESSAGE][PASSED] - Current window maximized

2021-03-04 23:05:40 - [TEST_STEP][PASSED] - vlinkPages.saleCCPage.setDataSCC(row, dataFile): vlinkPages.saleCCPage.setDataSCC is PASSED

2021-03-04 23:05:42 - [MESSAGE][PASSED] - Object 'Object Repository/VLink/Page_CCSale/txt_CardNumber' is present

2021-03-04 23:05:43 - [MESSAGE][PASSED] - Object 'Object Repository/VLink/Page_CCSale/txt_TransactionType' is present

2021-03-04 23:05:43 - [MESSAGE][PASSED] - Text '104' is set on object 'Object Repository/VLink/Page_CCSale/txt_TransactionType'

2021-03-04 23:05:43 - [MESSAGE][PASSED] - Object 'Object Repository/VLink/Page_CCSale/txt_MessageVersion' is present

2021-03-04 23:05:44 - [MESSAGE][PASSED] - Text '2.0C' is set on object 'Object Repository/VLink/Page_CCSale/txt_MessageVersion'

2021-03-04 23:05:44 - [MESSAGE][PASSED] - Object 'Object Repository/VLink/Page_CCSale/txt_RemID' is present

2021-03-04 23:05:45 - [MESSAGE][PASSED] - Text '8Fy7DQmkCkAx' is set on object 'Object Repository/VLink/Page_CCSale/txt_RemID'

2021-03-04 23:05:45 - [MESSAGE][PASSED] - Object 'Object Repository/VLink/Page_CCSale/txt_ApplicationId' is present

2021-03-04 23:05:46 - [MESSAGE][PASSED] - Text '672' is set on object 'Object Repository/VLink/Page_CCSale/txt_ApplicationId'

2021-03-04 23:05:46 - [MESSAGE][PASSED] - Object 'Object Repository/VLink/Page_CCSale/txt_Username' is present

2021-03-04 23:05:47 - [MESSAGE][PASSED] - Text 'username' is set on object 'Object Repository/VLink/Page_CCSale/txt_Username'

2021-03-04 23:05:47 - [MESSAGE][PASSED] - Object 'Object Repository/VLink/Page_CCSale/txt_Password' is present

2021-03-04 23:05:47 - [MESSAGE][PASSED] - Text 'password' is set on object 'Object Repository/VLink/Page_CCSale/txt_Password'

2021-03-04 23:05:48 - [MESSAGE][PASSED] - Object 'Object Repository/VLink/Page_CCSale/txt_ResponseFormat' is present

2021-03-04 23:05:48 - [MESSAGE][PASSED] - Text 'fixed_width' is set on object 'Object Repository/VLink/Page_CCSale/txt_ResponseFormat'

2021-03-04 23:05:49 - [MESSAGE][PASSED] - Object 'Object Repository/VLink/Page_CCSale/txt_Category' is present

2021-03-04 23:05:49 - [MESSAGE][PASSED] - Text 'MOTO' is set on object 'Object Repository/VLink/Page_CCSale/txt_Category'

2021-03-04 23:05:49 - [MESSAGE][PASSED] - Object 'Object Repository/VLink/Page_CCSale/txt_TransactionID' is present

2021-03-04 23:05:50 - [MESSAGE][PASSED] - Text '' is set on object 'Object Repository/VLink/Page_CCSale/txt_TransactionID'

2021-03-04 23:05:50 - [MESSAGE][PASSED] - Object 'Object Repository/VLink/Page_CCSale/txt_ApprovalCode' is present

2021-03-04 23:05:51 - [MESSAGE][PASSED] - Text '' is set on object 'Object Repository/VLink/Page_CCSale/txt_ApprovalCode'

2021-03-04 23:05:51 - [MESSAGE][PASSED] - Object 'Object Repository/VLink/Page_CCSale/txt_CardName' is present

2021-03-04 23:05:52 - [MESSAGE][PASSED] - Text 'Arvind Silva' is set on object 'Object Repository/VLink/Page_CCSale/txt_CardName'

2021-03-04 23:05:52 - [MESSAGE][PASSED] - Object 'Object Repository/VLink/Page_CCSale/txt_AL1' is present

2021-03-04 23:05:53 - [MESSAGE][PASSED] - Text '111 Main Ave' is set on object 'Object Repository/VLink/Page_CCSale/txt_AL1'

2021-03-04 23:05:53 - [MESSAGE][PASSED] - Object 'Object Repository/VLink/Page_CCSale/txt_AL2' is present

2021-03-04 23:05:54 - [MESSAGE][PASSED] - Text '' is set on object 'Object Repository/VLink/Page_CCSale/txt_AL2'

2021-03-04 23:05:54 - [MESSAGE][PASSED] - Object 'Object Repository/VLink/Page_CCSale/txt_CardCity' is present

2021-03-04 23:05:55 - [MESSAGE][PASSED] - Text 'Arlington' is set on object 'Object Repository/VLink/Page_CCSale/txt_CardCity'

2021-03-04 23:05:55 - [MESSAGE][PASSED] - Object 'Object Repository/VLink/Page_CCSale/txt_CardState' is present

2021-03-04 23:05:56 - [MESSAGE][PASSED] - Text 'VA' is set on object 'Object Repository/VLink/Page_CCSale/txt_CardState'

2021-03-04 23:05:56 - [MESSAGE][PASSED] - Object 'Object Repository/VLink/Page_CCSale/txt_CardZIP' is present

2021-03-04 23:05:57 - [MESSAGE][PASSED] - Text '22201' is set on object 'Object Repository/VLink/Page_CCSale/txt_CardZIP'

2021-03-04 23:05:57 - [MESSAGE][PASSED] - Object 'Object Repository/VLink/Page_CCSale/txt_CountryID' is present

2021-03-04 23:05:58 - [MESSAGE][PASSED] - Text '' is set on object 'Object Repository/VLink/Page_CCSale/txt_CountryID'

2021-03-04 23:05:58 - [MESSAGE][PASSED] - Object 'Object Repository/VLink/Page_CCSale/txt_Amount' is present

2021-03-04 23:05:59 - [MESSAGE][PASSED] - Text '2.50' is set on object 'Object Repository/VLink/Page_CCSale/txt_Amount'

2021-03-04 23:05:59 - [MESSAGE][PASSED] - Object 'Object Repository/VLink/Page_CCSale/txt_CardNumber' is present

2021-03-04 23:06:00 - [MESSAGE][PASSED] - Text '4111111111111111' is set on object 'Object Repository/VLink/Page_CCSale/txt_CardNumber'

2021-03-04 23:06:00 - [MESSAGE][PASSED] - Object 'Object Repository/VLink/Page_CCSale/txt_ExpMonth' is present

2021-03-04 23:06:01 - [MESSAGE][PASSED] - Text '01' is set on object 'Object Repository/VLink/Page_CCSale/txt_ExpMonth'

2021-03-04 23:06:01 - [MESSAGE][PASSED] - Object 'Object Repository/VLink/Page_CCSale/txt_ExpYear' is present

2021-03-04 23:06:02 - [MESSAGE][PASSED] - Text '2026' is set on object 'Object Repository/VLink/Page_CCSale/txt_ExpYear'

2021-03-04 23:06:02 - [MESSAGE][PASSED] - Object 'Object Repository/VLink/Page_CCSale/txt_CVV' is present

2021-03-04 23:06:03 - [MESSAGE][PASSED] - Text '' is set on object 'Object Repository/VLink/Page_CCSale/txt_CVV'

2021-03-04 23:06:03 - [MESSAGE][PASSED] - Object 'Object Repository/VLink/Page_CCSale/txt_CVVstate' is present

2021-03-04 23:06:04 - [MESSAGE][PASSED] - Text '' is set on object 'Object Repository/VLink/Page_CCSale/txt_CVVstate'

2021-03-04 23:06:04 - [MESSAGE][PASSED] - Object 'Object Repository/VLink/Page_CCSale/txt_TrackData' is present

2021-03-04 23:06:05 - [MESSAGE][PASSED] - Text '' is set on object 'Object Repository/VLink/Page_CCSale/txt_TrackData'

2021-03-04 23:06:05 - [MESSAGE][PASSED] - Object 'Object Repository/VLink/Page_CCSale/txt_Track1Data' is present

2021-03-04 23:06:06 - [MESSAGE][PASSED] - Text '' is set on object 'Object Repository/VLink/Page_CCSale/txt_Track1Data'

2021-03-04 23:06:06 - [MESSAGE][PASSED] - Object 'Object Repository/VLink/Page_CCSale/txt_Track2Data' is present

2021-03-04 23:06:07 - [MESSAGE][PASSED] - Text '' is set on object 'Object Repository/VLink/Page_CCSale/txt_Track2Data'

2021-03-04 23:06:07 - [MESSAGE][PASSED] - Object 'Object Repository/VLink/Page_CCSale/txt_POSEntryMode' is present

2021-03-04 23:06:08 - [MESSAGE][PASSED] - Text 'manual' is set on object 'Object Repository/VLink/Page_CCSale/txt_POSEntryMode'

2021-03-04 23:06:08 - [MESSAGE][PASSED] - Object 'Object Repository/VLink/Page_CCSale/txt_Email' is present

2021-03-04 23:06:08 - [MESSAGE][PASSED] - Text '' is set on object 'Object Repository/VLink/Page_CCSale/txt_Email'

2021-03-04 23:06:09 - [MESSAGE][PASSED] - Object 'Object Repository/VLink/Page_CCSale/txt_OrderNumber' is present

2021-03-04 23:06:09 - [MESSAGE][PASSED] - Text '' is set on object 'Object Repository/VLink/Page_CCSale/txt_OrderNumber'

2021-03-04 23:06:10 - [MESSAGE][PASSED] - Object 'Object Repository/VLink/Page_CCSale/txt_TaxAmount' is present

2021-03-04 23:06:10 - [MESSAGE][PASSED] - Text '' is set on object 'Object Repository/VLink/Page_CCSale/txt_TaxAmount'

2021-03-04 23:06:11 - [MESSAGE][PASSED] - Object 'Object Repository/VLink/Page_CCSale/txt_ChargeDescription' is present

2021-03-04 23:06:11 - [MESSAGE][PASSED] - Text '' is set on object 'Object Repository/VLink/Page_CCSale/txt_ChargeDescription'

2021-03-04 23:06:12 - [MESSAGE][PASSED] - Object 'Object Repository/VLink/Page_CCSale/txt_CAN' is present

2021-03-04 23:06:12 - [MESSAGE][PASSED] - Text '' is set on object 'Object Repository/VLink/Page_CCSale/txt_CAN'

2021-03-04 23:06:13 - [MESSAGE][PASSED] - Object 'Object Repository/VLink/Page_CCSale/txt_BillPaymentIndicator' is present

2021-03-04 23:06:13 - [MESSAGE][PASSED] - Text '' is set on object 'Object Repository/VLink/Page_CCSale/txt_BillPaymentIndicator'

2021-03-04 23:06:14 - [MESSAGE][PASSED] - Object 'Object Repository/VLink/Page_CCSale/txt_UDF1' is present

2021-03-04 23:06:14 - [MESSAGE][PASSED] - Text '' is set on object 'Object Repository/VLink/Page_CCSale/txt_UDF1'

2021-03-04 23:06:15 - [MESSAGE][PASSED] - Object 'Object Repository/VLink/Page_CCSale/txt_UDF2' is present

2021-03-04 23:06:15 - [MESSAGE][PASSED] - Text '' is set on object 'Object Repository/VLink/Page_CCSale/txt_UDF2'

2021-03-04 23:06:16 - [MESSAGE][PASSED] - Object 'Object Repository/VLink/Page_CCSale/txt_UDF3' is present

2021-03-04 23:06:16 - [MESSAGE][PASSED] - Text '' is set on object 'Object Repository/VLink/Page_CCSale/txt_UDF3'

2021-03-04 23:06:17 - [MESSAGE][PASSED] - Object 'Object Repository/VLink/Page_CCSale/txt_UDF4' is present

2021-03-04 23:06:17 - [MESSAGE][PASSED] - Text '' is set on object 'Object Repository/VLink/Page_CCSale/txt_UDF4'

2021-03-04 23:06:18 - [MESSAGE][PASSED] - Object 'Object Repository/VLink/Page_CCSale/txt_UDF5' is present

2021-03-04 23:06:18 - [MESSAGE][PASSED] - Text '' is set on object 'Object Repository/VLink/Page_CCSale/txt_UDF5'

2021-03-04 23:06:19 - [MESSAGE][PASSED] - Object 'Object Repository/VLink/Page_CCSale/txt_UDF6' is present

2021-03-04 23:06:19 - [MESSAGE][PASSED] - Text '' is set on object 'Object Repository/VLink/Page_CCSale/txt_UDF6'

2021-03-04 23:06:20 - [MESSAGE][PASSED] - Object 'Object Repository/VLink/Page_CCSale/txt_UDF7' is present

2021-03-04 23:06:20 - [MESSAGE][PASSED] - Text '' is set on object 'Object Repository/VLink/Page_CCSale/txt_UDF7'

2021-03-04 23:06:21 - [MESSAGE][PASSED] - Object 'Object Repository/VLink/Page_CCSale/txt_UDF8' is present

2021-03-04 23:06:21 - [MESSAGE][PASSED] - Text '' is set on object 'Object Repository/VLink/Page_CCSale/txt_UDF8'

2021-03-04 23:06:22 - [MESSAGE][PASSED] - Object 'Object Repository/VLink/Page_CCSale/txt_UDF9' is present

2021-03-04 23:06:22 - [MESSAGE][PASSED] - Text '' is set on object 'Object Repository/VLink/Page_CCSale/txt_UDF9'

2021-03-04 23:06:23 - [MESSAGE][PASSED] - Object 'Object Repository/VLink/Page_CCSale/txt_UDF10' is present

2021-03-04 23:06:23 - [MESSAGE][PASSED] - Text '' is set on object 'Object Repository/VLink/Page_CCSale/txt_UDF10'

2021-03-04 23:06:24 - [MESSAGE][PASSED] - Object 'Object Repository/VLink/Page_CCSale/txt_CardOnFileIndicator' is present

2021-03-04 23:06:24 - [MESSAGE][PASSED] - Text '' is set on object 'Object Repository/VLink/Page_CCSale/txt_CardOnFileIndicator'

2021-03-04 23:06:25 - [MESSAGE][PASSED] - Object 'Object Repository/VLink/Page_CCSale/txt_StoredCredentialIndicator' is present

2021-03-04 23:06:25 - [MESSAGE][PASSED] - Text '' is set on object 'Object Repository/VLink/Page_CCSale/txt_StoredCredentialIndicator'

2021-03-04 23:06:26 - [MESSAGE][PASSED] - Object 'Object Repository/VLink/Page_CCSale/txt_COFScheduledIndicator' is present

2021-03-04 23:06:26 - [MESSAGE][PASSED] - Text '' is set on object 'Object Repository/VLink/Page_CCSale/txt_COFScheduledIndicator'

2021-03-04 23:06:27 - [MESSAGE][PASSED] - Object 'Object Repository/VLink/Page_CCSale/txt_COFTransactionInitiatedBy' is present

2021-03-04 23:06:27 - [MESSAGE][PASSED] - Text '' is set on object 'Object Repository/VLink/Page_CCSale/txt_COFTransactionInitiatedBy'

2021-03-04 23:06:30 - [MESSAGE][PASSED] - Object: 'Object Repository/VLink/Page_CCSale/btn_ProcessVLinkTransaction' is clicked on

2021-03-04 23:06:35 - [MESSAGE][PASSED] - vlinkPages.saleCCPage.setDataSCC is PASSED

2021-03-04 23:06:35 - [TEST_STEP][PASSED] - if (verifyTextPresent("Transaction approved, no errors", true)): null

2021-03-04 23:06:35 - [MESSAGE][PASSED] - Text 'Transaction approved, no errors' is present on page  using regular expression

2021-03-04 23:06:35 - [TEST_STEP][PASSED] - println("Transaction Approved, no errors text is present on the Confirmation page"): null

2021-03-04 23:06:35 - [TEST_STEP][PASSED] - out.println("Pass Record Number: " + row): null

2021-03-04 23:06:35 - [TEST_STEP][PASSED] - resText = "Pass": null

2021-03-04 23:06:35 - [TEST_STEP][PASSED] - pages.WriteExcel.demoKey(resText, datText, resColumn, datCloumn, fileLoc, nameSheet, row): pages.WriteExcel.demoKey is PASSED

2021-03-04 23:06:35 - [MESSAGE][PASSED] - pages.WriteExcel.demoKey is PASSED

2021-03-04 23:06:35 - [TEST_STEP][PASSED] - sdfo = getText(findTestObject("Object Repository/Page_VLinkReceipt/pre_STX")): Text of object 'Object Repository/Page_VLinkReceipt/pre_STX' is: '<STX>8Fy7DQmkCkAx                  12089848            0  Transaction approved, no errors                   0                                                                                  XXOK0020   <ETX>'

2021-03-04 23:06:36 - [MESSAGE][PASSED] - Text of object 'Object Repository/Page_VLinkReceipt/pre_STX' is: '<STX>8Fy7DQmkCkAx                  12089848            0  Transaction approved, no errors                   0                                                                                  XXOK0020   <ETX>'

2021-03-04 23:06:36 - [TEST_STEP][PASSED] - out.println("sdfo: " + sdfo): null

2021-03-04 23:06:36 - [TEST_STEP][PASSED] - remID = substring(5, 35).trim(): null

2021-03-04 23:06:36 - [TEST_STEP][PASSED] - out.println("Remittance ID: " + remID): null

2021-03-04 23:06:36 - [TEST_STEP][PASSED] - traxID = substring(35, 55).trim(): null

2021-03-04 23:06:36 - [TEST_STEP][PASSED] - out.println("Transaction ID: " + traxID): null

2021-03-04 23:06:36 - [TEST_STEP][PASSED] - out.println("End Record Number: " + row): null

2021-03-04 23:06:36 - [TEST_STEP][PASSED] - closeBrowser(): Browser is closed

2021-03-04 23:06:36 - [MESSAGE][PASSED] - Browser is closed

2021-03-04 23:06:36 - [TEST_STEP][PASSED] - out.println("Begin Record Number: " + row): null

2021-03-04 23:06:36 - [TEST_STEP][PASSED] - today = new java.util.Date(): null

2021-03-04 23:06:36 - [TEST_STEP][PASSED] - println(today): null

2021-03-04 23:06:36 - [TEST_STEP][PASSED] - datText = today: null

2021-03-04 23:06:36 - [TEST_STEP][PASSED] - openBrowser(VLinkURL + "authcap.html"): Browser is opened with url: 'https://dev-algorithm.govolution.com/vlinktest/QA/version_2_0/authcap.html'

2021-03-04 23:06:36 - [MESSAGE][INFO] - Starting 'Chrome' driver

2021-03-04 23:06:36 - [MESSAGE][INFO] - User set preference: ['acceptInsecureCerts', 'true']

2021-03-04 23:06:36 - [MESSAGE][INFO] - Action delay is set to 0 milliseconds

2021-03-04 23:06:39 - [MESSAGE][PASSED] - Browser is opened with url: 'https://dev-algorithm.govolution.com/vlinktest/QA/version_2_0/authcap.html'

2021-03-04 23:06:39 - [TEST_STEP][PASSED] - maximizeWindow(): Current window maximized

2021-03-04 23:06:39 - [MESSAGE][PASSED] - Current window maximized

2021-03-04 23:06:39 - [TEST_STEP][PASSED] - vlinkPages.saleCCPage.setDataSCC(row, dataFile): vlinkPages.saleCCPage.setDataSCC is PASSED

2021-03-04 23:06:40 - [MESSAGE][PASSED] - Object 'Object Repository/VLink/Page_CCSale/txt_CardNumber' is present

2021-03-04 23:06:41 - [MESSAGE][PASSED] - Object 'Object Repository/VLink/Page_CCSale/txt_TransactionType' is present

2021-03-04 23:06:42 - [MESSAGE][PASSED] - Text '104' is set on object 'Object Repository/VLink/Page_CCSale/txt_TransactionType'

2021-03-04 23:06:42 - [MESSAGE][PASSED] - Object 'Object Repository/VLink/Page_CCSale/txt_MessageVersion' is present

2021-03-04 23:06:43 - [MESSAGE][PASSED] - Text '2.0C' is set on object 'Object Repository/VLink/Page_CCSale/txt_MessageVersion'

2021-03-04 23:06:43 - [MESSAGE][PASSED] - Object 'Object Repository/VLink/Page_CCSale/txt_RemID' is present

2021-03-04 23:06:43 - [MESSAGE][PASSED] - Text '0I7scTndY1kS' is set on object 'Object Repository/VLink/Page_CCSale/txt_RemID'

2021-03-04 23:06:44 - [MESSAGE][PASSED] - Object 'Object Repository/VLink/Page_CCSale/txt_ApplicationId' is present

2021-03-04 23:06:44 - [MESSAGE][PASSED] - Text '677' is set on object 'Object Repository/VLink/Page_CCSale/txt_ApplicationId'

2021-03-04 23:06:45 - [MESSAGE][PASSED] - Object 'Object Repository/VLink/Page_CCSale/txt_Username' is present

2021-03-04 23:06:45 - [MESSAGE][PASSED] - Text 'username' is set on object 'Object Repository/VLink/Page_CCSale/txt_Username'

2021-03-04 23:06:46 - [MESSAGE][PASSED] - Object 'Object Repository/VLink/Page_CCSale/txt_Password' is present

2021-03-04 23:06:47 - [MESSAGE][PASSED] - Text 'password' is set on object 'Object Repository/VLink/Page_CCSale/txt_Password'

2021-03-04 23:06:47 - [MESSAGE][PASSED] - Object 'Object Repository/VLink/Page_CCSale/txt_ResponseFormat' is present

2021-03-04 23:06:47 - [MESSAGE][PASSED] - Text 'fixed_width' is set on object 'Object Repository/VLink/Page_CCSale/txt_ResponseFormat'

2021-03-04 23:06:48 - [MESSAGE][PASSED] - Object 'Object Repository/VLink/Page_CCSale/txt_Category' is present

2021-03-04 23:06:48 - [MESSAGE][PASSED] - Text 'MOTO' is set on object 'Object Repository/VLink/Page_CCSale/txt_Category'

2021-03-04 23:06:49 - [MESSAGE][PASSED] - Object 'Object Repository/VLink/Page_CCSale/txt_TransactionID' is present

2021-03-04 23:06:49 - [MESSAGE][PASSED] - Text '' is set on object 'Object Repository/VLink/Page_CCSale/txt_TransactionID'

2021-03-04 23:06:49 - [MESSAGE][PASSED] - Object 'Object Repository/VLink/Page_CCSale/txt_ApprovalCode' is present

2021-03-04 23:06:50 - [MESSAGE][PASSED] - Text '' is set on object 'Object Repository/VLink/Page_CCSale/txt_ApprovalCode'

2021-03-04 23:06:50 - [MESSAGE][PASSED] - Object 'Object Repository/VLink/Page_CCSale/txt_CardName' is present

2021-03-04 23:06:51 - [MESSAGE][PASSED] - Text 'Roshan Maha' is set on object 'Object Repository/VLink/Page_CCSale/txt_CardName'

2021-03-04 23:06:51 - [MESSAGE][PASSED] - Object 'Object Repository/VLink/Page_CCSale/txt_AL1' is present

2021-03-04 23:06:52 - [MESSAGE][PASSED] - Text '12563 Bazaar road' is set on object 'Object Repository/VLink/Page_CCSale/txt_AL1'

2021-03-04 23:06:52 - [MESSAGE][PASSED] - Object 'Object Repository/VLink/Page_CCSale/txt_AL2' is present

2021-03-04 23:06:53 - [MESSAGE][PASSED] - Text '' is set on object 'Object Repository/VLink/Page_CCSale/txt_AL2'

2021-03-04 23:06:53 - [MESSAGE][PASSED] - Object 'Object Repository/VLink/Page_CCSale/txt_CardCity' is present

2021-03-04 23:06:53 - [MESSAGE][PASSED] - Text 'Crofton' is set on object 'Object Repository/VLink/Page_CCSale/txt_CardCity'

2021-03-04 23:06:54 - [MESSAGE][PASSED] - Object 'Object Repository/VLink/Page_CCSale/txt_CardState' is present

2021-03-04 23:06:54 - [MESSAGE][PASSED] - Text 'MD' is set on object 'Object Repository/VLink/Page_CCSale/txt_CardState'

2021-03-04 23:06:55 - [MESSAGE][PASSED] - Object 'Object Repository/VLink/Page_CCSale/txt_CardZIP' is present

2021-03-04 23:06:55 - [MESSAGE][PASSED] - Text '21114' is set on object 'Object Repository/VLink/Page_CCSale/txt_CardZIP'

2021-03-04 23:06:55 - [MESSAGE][PASSED] - Object 'Object Repository/VLink/Page_CCSale/txt_CountryID' is present

2021-03-04 23:06:56 - [MESSAGE][PASSED] - Text '' is set on object 'Object Repository/VLink/Page_CCSale/txt_CountryID'

2021-03-04 23:06:56 - [MESSAGE][PASSED] - Object 'Object Repository/VLink/Page_CCSale/txt_Amount' is present

2021-03-04 23:06:57 - [MESSAGE][PASSED] - Text '3.50' is set on object 'Object Repository/VLink/Page_CCSale/txt_Amount'

2021-03-04 23:06:57 - [MESSAGE][PASSED] - Object 'Object Repository/VLink/Page_CCSale/txt_CardNumber' is present

2021-03-04 23:06:58 - [MESSAGE][PASSED] - Text '4111111111111111' is set on object 'Object Repository/VLink/Page_CCSale/txt_CardNumber'

2021-03-04 23:06:58 - [MESSAGE][PASSED] - Object 'Object Repository/VLink/Page_CCSale/txt_ExpMonth' is present

2021-03-04 23:06:59 - [MESSAGE][PASSED] - Text '01' is set on object 'Object Repository/VLink/Page_CCSale/txt_ExpMonth'

2021-03-04 23:06:59 - [MESSAGE][PASSED] - Object 'Object Repository/VLink/Page_CCSale/txt_ExpYear' is present

2021-03-04 23:07:00 - [MESSAGE][PASSED] - Text '2026' is set on object 'Object Repository/VLink/Page_CCSale/txt_ExpYear'

2021-03-04 23:07:00 - [MESSAGE][PASSED] - Object 'Object Repository/VLink/Page_CCSale/txt_CVV' is present

2021-03-04 23:07:01 - [MESSAGE][PASSED] - Text '' is set on object 'Object Repository/VLink/Page_CCSale/txt_CVV'

2021-03-04 23:07:01 - [MESSAGE][PASSED] - Object 'Object Repository/VLink/Page_CCSale/txt_CVVstate' is present

2021-03-04 23:07:02 - [MESSAGE][PASSED] - Text '' is set on object 'Object Repository/VLink/Page_CCSale/txt_CVVstate'

2021-03-04 23:07:02 - [MESSAGE][PASSED] - Object 'Object Repository/VLink/Page_CCSale/txt_TrackData' is present

2021-03-04 23:07:03 - [MESSAGE][PASSED] - Text '' is set on object 'Object Repository/VLink/Page_CCSale/txt_TrackData'

2021-03-04 23:07:03 - [MESSAGE][PASSED] - Object 'Object Repository/VLink/Page_CCSale/txt_Track1Data' is present

2021-03-04 23:07:04 - [MESSAGE][PASSED] - Text '' is set on object 'Object Repository/VLink/Page_CCSale/txt_Track1Data'

2021-03-04 23:07:04 - [MESSAGE][PASSED] - Object 'Object Repository/VLink/Page_CCSale/txt_Track2Data' is present

2021-03-04 23:07:05 - [MESSAGE][PASSED] - Text '' is set on object 'Object Repository/VLink/Page_CCSale/txt_Track2Data'

2021-03-04 23:07:05 - [MESSAGE][PASSED] - Object 'Object Repository/VLink/Page_CCSale/txt_POSEntryMode' is present

2021-03-04 23:07:06 - [MESSAGE][PASSED] - Text 'manual' is set on object 'Object Repository/VLink/Page_CCSale/txt_POSEntryMode'

2021-03-04 23:07:06 - [MESSAGE][PASSED] - Object 'Object Repository/VLink/Page_CCSale/txt_Email' is present

2021-03-04 23:07:07 - [MESSAGE][PASSED] - Text '' is set on object 'Object Repository/VLink/Page_CCSale/txt_Email'

2021-03-04 23:07:07 - [MESSAGE][PASSED] - Object 'Object Repository/VLink/Page_CCSale/txt_OrderNumber' is present

2021-03-04 23:07:08 - [MESSAGE][PASSED] - Text '' is set on object 'Object Repository/VLink/Page_CCSale/txt_OrderNumber'

2021-03-04 23:07:08 - [MESSAGE][PASSED] - Object 'Object Repository/VLink/Page_CCSale/txt_TaxAmount' is present

2021-03-04 23:07:09 - [MESSAGE][PASSED] - Text '' is set on object 'Object Repository/VLink/Page_CCSale/txt_TaxAmount'

2021-03-04 23:07:09 - [MESSAGE][PASSED] - Object 'Object Repository/VLink/Page_CCSale/txt_ChargeDescription' is present

2021-03-04 23:07:10 - [MESSAGE][PASSED] - Text '' is set on object 'Object Repository/VLink/Page_CCSale/txt_ChargeDescription'

2021-03-04 23:07:10 - [MESSAGE][PASSED] - Object 'Object Repository/VLink/Page_CCSale/txt_CAN' is present

2021-03-04 23:07:11 - [MESSAGE][PASSED] - Text '' is set on object 'Object Repository/VLink/Page_CCSale/txt_CAN'

2021-03-04 23:07:11 - [MESSAGE][PASSED] - Object 'Object Repository/VLink/Page_CCSale/txt_BillPaymentIndicator' is present

2021-03-04 23:07:12 - [MESSAGE][PASSED] - Text '' is set on object 'Object Repository/VLink/Page_CCSale/txt_BillPaymentIndicator'

2021-03-04 23:07:12 - [MESSAGE][PASSED] - Object 'Object Repository/VLink/Page_CCSale/txt_UDF1' is present

2021-03-04 23:07:13 - [MESSAGE][PASSED] - Text '' is set on object 'Object Repository/VLink/Page_CCSale/txt_UDF1'

2021-03-04 23:07:13 - [MESSAGE][PASSED] - Object 'Object Repository/VLink/Page_CCSale/txt_UDF2' is present

2021-03-04 23:07:14 - [MESSAGE][PASSED] - Text '' is set on object 'Object Repository/VLink/Page_CCSale/txt_UDF2'

2021-03-04 23:07:14 - [MESSAGE][PASSED] - Object 'Object Repository/VLink/Page_CCSale/txt_UDF3' is present

2021-03-04 23:07:15 - [MESSAGE][PASSED] - Text '' is set on object 'Object Repository/VLink/Page_CCSale/txt_UDF3'

2021-03-04 23:07:15 - [MESSAGE][PASSED] - Object 'Object Repository/VLink/Page_CCSale/txt_UDF4' is present

2021-03-04 23:07:16 - [MESSAGE][PASSED] - Text '' is set on object 'Object Repository/VLink/Page_CCSale/txt_UDF4'

2021-03-04 23:07:16 - [MESSAGE][PASSED] - Object 'Object Repository/VLink/Page_CCSale/txt_UDF5' is present

2021-03-04 23:07:17 - [MESSAGE][PASSED] - Text '' is set on object 'Object Repository/VLink/Page_CCSale/txt_UDF5'

2021-03-04 23:07:17 - [MESSAGE][PASSED] - Object 'Object Repository/VLink/Page_CCSale/txt_UDF6' is present

2021-03-04 23:07:18 - [MESSAGE][PASSED] - Text '' is set on object 'Object Repository/VLink/Page_CCSale/txt_UDF6'

2021-03-04 23:07:18 - [MESSAGE][PASSED] - Object 'Object Repository/VLink/Page_CCSale/txt_UDF7' is present

2021-03-04 23:07:19 - [MESSAGE][PASSED] - Text '' is set on object 'Object Repository/VLink/Page_CCSale/txt_UDF7'

2021-03-04 23:07:19 - [MESSAGE][PASSED] - Object 'Object Repository/VLink/Page_CCSale/txt_UDF8' is present

2021-03-04 23:07:20 - [MESSAGE][PASSED] - Text '' is set on object 'Object Repository/VLink/Page_CCSale/txt_UDF8'

2021-03-04 23:07:20 - [MESSAGE][PASSED] - Object 'Object Repository/VLink/Page_CCSale/txt_UDF9' is present

2021-03-04 23:07:21 - [MESSAGE][PASSED] - Text '' is set on object 'Object Repository/VLink/Page_CCSale/txt_UDF9'

2021-03-04 23:07:21 - [MESSAGE][PASSED] - Object 'Object Repository/VLink/Page_CCSale/txt_UDF10' is present

2021-03-04 23:07:22 - [MESSAGE][PASSED] - Text '' is set on object 'Object Repository/VLink/Page_CCSale/txt_UDF10'

2021-03-04 23:07:22 - [MESSAGE][PASSED] - Object 'Object Repository/VLink/Page_CCSale/txt_CardOnFileIndicator' is present

2021-03-04 23:07:22 - [MESSAGE][PASSED] - Text '' is set on object 'Object Repository/VLink/Page_CCSale/txt_CardOnFileIndicator'

2021-03-04 23:07:23 - [MESSAGE][PASSED] - Object 'Object Repository/VLink/Page_CCSale/txt_StoredCredentialIndicator' is present

2021-03-04 23:07:23 - [MESSAGE][PASSED] - Text '' is set on object 'Object Repository/VLink/Page_CCSale/txt_StoredCredentialIndicator'

2021-03-04 23:07:24 - [MESSAGE][PASSED] - Object 'Object Repository/VLink/Page_CCSale/txt_COFScheduledIndicator' is present

2021-03-04 23:07:24 - [MESSAGE][PASSED] - Text '' is set on object 'Object Repository/VLink/Page_CCSale/txt_COFScheduledIndicator'

2021-03-04 23:07:25 - [MESSAGE][PASSED] - Object 'Object Repository/VLink/Page_CCSale/txt_COFTransactionInitiatedBy' is present

2021-03-04 23:07:25 - [MESSAGE][PASSED] - Text '' is set on object 'Object Repository/VLink/Page_CCSale/txt_COFTransactionInitiatedBy'

2021-03-04 23:07:29 - [MESSAGE][PASSED] - Object: 'Object Repository/VLink/Page_CCSale/btn_ProcessVLinkTransaction' is clicked on

2021-03-04 23:07:34 - [MESSAGE][PASSED] - vlinkPages.saleCCPage.setDataSCC is PASSED

2021-03-04 23:07:34 - [TEST_STEP][PASSED] - if (verifyTextPresent("Transaction approved, no errors", true)): null

2021-03-04 23:07:34 - [MESSAGE][PASSED] - Text 'Transaction approved, no errors' is present on page  using regular expression

2021-03-04 23:07:34 - [TEST_STEP][PASSED] - println("Transaction Approved, no errors text is present on the Confirmation page"): null

2021-03-04 23:07:34 - [TEST_STEP][PASSED] - out.println("Pass Record Number: " + row): null

2021-03-04 23:07:34 - [TEST_STEP][PASSED] - resText = "Pass": null

2021-03-04 23:07:34 - [TEST_STEP][PASSED] - pages.WriteExcel.demoKey(resText, datText, resColumn, datCloumn, fileLoc, nameSheet, row): pages.WriteExcel.demoKey is PASSED

2021-03-04 23:07:34 - [MESSAGE][PASSED] - pages.WriteExcel.demoKey is PASSED

2021-03-04 23:07:34 - [TEST_STEP][PASSED] - sdfo = getText(findTestObject("Object Repository/Page_VLinkReceipt/pre_STX")): Text of object 'Object Repository/Page_VLinkReceipt/pre_STX' is: '<STX>0I7scTndY1kS                  12089849            0  Transaction approved, no errors                   0                                                                                  XXOK0170   <ETX>'

2021-03-04 23:07:34 - [MESSAGE][PASSED] - Text of object 'Object Repository/Page_VLinkReceipt/pre_STX' is: '<STX>0I7scTndY1kS                  12089849            0  Transaction approved, no errors                   0                                                                                  XXOK0170   <ETX>'

2021-03-04 23:07:34 - [TEST_STEP][PASSED] - out.println("sdfo: " + sdfo): null

2021-03-04 23:07:34 - [TEST_STEP][PASSED] - remID = substring(5, 35).trim(): null

2021-03-04 23:07:34 - [TEST_STEP][PASSED] - out.println("Remittance ID: " + remID): null

2021-03-04 23:07:34 - [TEST_STEP][PASSED] - traxID = substring(35, 55).trim(): null

2021-03-04 23:07:34 - [TEST_STEP][PASSED] - out.println("Transaction ID: " + traxID): null

2021-03-04 23:07:34 - [TEST_STEP][PASSED] - out.println("End Record Number: " + row): null

2021-03-04 23:07:34 - [TEST_STEP][PASSED] - closeBrowser(): Browser is closed

2021-03-04 23:07:35 - [MESSAGE][PASSED] - Browser is closed

2021-03-04 23:07:35 - [TEST_STEP][PASSED] - out.println("Begin Record Number: " + row): null

2021-03-04 23:07:35 - [TEST_STEP][PASSED] - today = new java.util.Date(): null

2021-03-04 23:07:35 - [TEST_STEP][PASSED] - println(today): null

2021-03-04 23:07:35 - [TEST_STEP][PASSED] - datText = today: null

2021-03-04 23:07:35 - [TEST_STEP][PASSED] - openBrowser(VLinkURL + "authcap.html"): Browser is opened with url: 'https://dev-algorithm.govolution.com/vlinktest/QA/version_2_0/authcap.html'

2021-03-04 23:07:35 - [MESSAGE][INFO] - Starting 'Chrome' driver

2021-03-04 23:07:35 - [MESSAGE][INFO] - User set preference: ['acceptInsecureCerts', 'true']

2021-03-04 23:07:35 - [MESSAGE][INFO] - Action delay is set to 0 milliseconds

2021-03-04 23:07:39 - [MESSAGE][PASSED] - Browser is opened with url: 'https://dev-algorithm.govolution.com/vlinktest/QA/version_2_0/authcap.html'

2021-03-04 23:07:39 - [TEST_STEP][PASSED] - maximizeWindow(): Current window maximized

2021-03-04 23:07:39 - [MESSAGE][PASSED] - Current window maximized

2021-03-04 23:07:39 - [TEST_STEP][PASSED] - vlinkPages.saleCCPage.setDataSCC(row, dataFile): vlinkPages.saleCCPage.setDataSCC is PASSED

2021-03-04 23:07:41 - [MESSAGE][PASSED] - Object 'Object Repository/VLink/Page_CCSale/txt_CardNumber' is present

2021-03-04 23:07:41 - [MESSAGE][PASSED] - Object 'Object Repository/VLink/Page_CCSale/txt_TransactionType' is present

2021-03-04 23:07:42 - [MESSAGE][PASSED] - Text '104' is set on object 'Object Repository/VLink/Page_CCSale/txt_TransactionType'

2021-03-04 23:07:42 - [MESSAGE][PASSED] - Object 'Object Repository/VLink/Page_CCSale/txt_MessageVersion' is present

2021-03-04 23:07:43 - [MESSAGE][PASSED] - Text '2.0C' is set on object 'Object Repository/VLink/Page_CCSale/txt_MessageVersion'

2021-03-04 23:07:43 - [MESSAGE][PASSED] - Object 'Object Repository/VLink/Page_CCSale/txt_RemID' is present

2021-03-04 23:07:44 - [MESSAGE][PASSED] - Text 'm5BPt1ZPbXsf' is set on object 'Object Repository/VLink/Page_CCSale/txt_RemID'

2021-03-04 23:07:44 - [MESSAGE][PASSED] - Object 'Object Repository/VLink/Page_CCSale/txt_ApplicationId' is present

2021-03-04 23:07:45 - [MESSAGE][PASSED] - Text '665' is set on object 'Object Repository/VLink/Page_CCSale/txt_ApplicationId'

2021-03-04 23:07:45 - [MESSAGE][PASSED] - Object 'Object Repository/VLink/Page_CCSale/txt_Username' is present

2021-03-04 23:07:46 - [MESSAGE][PASSED] - Text 'username' is set on object 'Object Repository/VLink/Page_CCSale/txt_Username'

2021-03-04 23:07:46 - [MESSAGE][PASSED] - Object 'Object Repository/VLink/Page_CCSale/txt_Password' is present

2021-03-04 23:07:47 - [MESSAGE][PASSED] - Text 'password' is set on object 'Object Repository/VLink/Page_CCSale/txt_Password'

2021-03-04 23:07:47 - [MESSAGE][PASSED] - Object 'Object Repository/VLink/Page_CCSale/txt_ResponseFormat' is present

2021-03-04 23:07:47 - [MESSAGE][PASSED] - Text 'fixed_width' is set on object 'Object Repository/VLink/Page_CCSale/txt_ResponseFormat'

2021-03-04 23:07:48 - [MESSAGE][PASSED] - Object 'Object Repository/VLink/Page_CCSale/txt_Category' is present

2021-03-04 23:07:48 - [MESSAGE][PASSED] - Text 'MOTO' is set on object 'Object Repository/VLink/Page_CCSale/txt_Category'

2021-03-04 23:07:49 - [MESSAGE][PASSED] - Object 'Object Repository/VLink/Page_CCSale/txt_TransactionID' is present

2021-03-04 23:07:49 - [MESSAGE][PASSED] - Text '' is set on object 'Object Repository/VLink/Page_CCSale/txt_TransactionID'

2021-03-04 23:07:49 - [MESSAGE][PASSED] - Object 'Object Repository/VLink/Page_CCSale/txt_ApprovalCode' is present

2021-03-04 23:07:50 - [MESSAGE][PASSED] - Text '' is set on object 'Object Repository/VLink/Page_CCSale/txt_ApprovalCode'

2021-03-04 23:07:50 - [MESSAGE][PASSED] - Object 'Object Repository/VLink/Page_CCSale/txt_CardName' is present

2021-03-04 23:07:51 - [MESSAGE][PASSED] - Text 'Kris Roshan' is set on object 'Object Repository/VLink/Page_CCSale/txt_CardName'

2021-03-04 23:07:51 - [MESSAGE][PASSED] - Object 'Object Repository/VLink/Page_CCSale/txt_AL1' is present

2021-03-04 23:07:52 - [MESSAGE][PASSED] - Text '258 Elm Road' is set on object 'Object Repository/VLink/Page_CCSale/txt_AL1'

2021-03-04 23:07:52 - [MESSAGE][PASSED] - Object 'Object Repository/VLink/Page_CCSale/txt_AL2' is present

2021-03-04 23:07:53 - [MESSAGE][PASSED] - Text 'Suite 56' is set on object 'Object Repository/VLink/Page_CCSale/txt_AL2'

2021-03-04 23:07:53 - [MESSAGE][PASSED] - Object 'Object Repository/VLink/Page_CCSale/txt_CardCity' is present

2021-03-04 23:07:54 - [MESSAGE][PASSED] - Text 'Arlington' is set on object 'Object Repository/VLink/Page_CCSale/txt_CardCity'

2021-03-04 23:07:54 - [MESSAGE][PASSED] - Object 'Object Repository/VLink/Page_CCSale/txt_CardState' is present

2021-03-04 23:07:55 - [MESSAGE][PASSED] - Text 'VA' is set on object 'Object Repository/VLink/Page_CCSale/txt_CardState'

2021-03-04 23:07:55 - [MESSAGE][PASSED] - Object 'Object Repository/VLink/Page_CCSale/txt_CardZIP' is present

2021-03-04 23:07:56 - [MESSAGE][PASSED] - Text '22201' is set on object 'Object Repository/VLink/Page_CCSale/txt_CardZIP'

2021-03-04 23:07:56 - [MESSAGE][PASSED] - Object 'Object Repository/VLink/Page_CCSale/txt_CountryID' is present

2021-03-04 23:07:57 - [MESSAGE][PASSED] - Text '840' is set on object 'Object Repository/VLink/Page_CCSale/txt_CountryID'

2021-03-04 23:07:57 - [MESSAGE][PASSED] - Object 'Object Repository/VLink/Page_CCSale/txt_Amount' is present

2021-03-04 23:07:58 - [MESSAGE][PASSED] - Text '1.50' is set on object 'Object Repository/VLink/Page_CCSale/txt_Amount'

2021-03-04 23:07:58 - [MESSAGE][PASSED] - Object 'Object Repository/VLink/Page_CCSale/txt_CardNumber' is present

2021-03-04 23:07:59 - [MESSAGE][PASSED] - Text '5424000000000015' is set on object 'Object Repository/VLink/Page_CCSale/txt_CardNumber'

2021-03-04 23:07:59 - [MESSAGE][PASSED] - Object 'Object Repository/VLink/Page_CCSale/txt_ExpMonth' is present

2021-03-04 23:08:00 - [MESSAGE][PASSED] - Text '12' is set on object 'Object Repository/VLink/Page_CCSale/txt_ExpMonth'

2021-03-04 23:08:00 - [MESSAGE][PASSED] - Object 'Object Repository/VLink/Page_CCSale/txt_ExpYear' is present

2021-03-04 23:08:01 - [MESSAGE][PASSED] - Text '2025' is set on object 'Object Repository/VLink/Page_CCSale/txt_ExpYear'

2021-03-04 23:08:01 - [MESSAGE][PASSED] - Object 'Object Repository/VLink/Page_CCSale/txt_CVV' is present

2021-03-04 23:08:01 - [MESSAGE][PASSED] - Text '' is set on object 'Object Repository/VLink/Page_CCSale/txt_CVV'

2021-03-04 23:08:02 - [MESSAGE][PASSED] - Object 'Object Repository/VLink/Page_CCSale/txt_CVVstate' is present

2021-03-04 23:08:02 - [MESSAGE][PASSED] - Text '' is set on object 'Object Repository/VLink/Page_CCSale/txt_CVVstate'

2021-03-04 23:08:03 - [MESSAGE][PASSED] - Object 'Object Repository/VLink/Page_CCSale/txt_TrackData' is present

2021-03-04 23:08:03 - [MESSAGE][PASSED] - Text '' is set on object 'Object Repository/VLink/Page_CCSale/txt_TrackData'

2021-03-04 23:08:04 - [MESSAGE][PASSED] - Object 'Object Repository/VLink/Page_CCSale/txt_Track1Data' is present

2021-03-04 23:08:04 - [MESSAGE][PASSED] - Text '' is set on object 'Object Repository/VLink/Page_CCSale/txt_Track1Data'

2021-03-04 23:08:05 - [MESSAGE][PASSED] - Object 'Object Repository/VLink/Page_CCSale/txt_Track2Data' is present

2021-03-04 23:08:05 - [MESSAGE][PASSED] - Text '' is set on object 'Object Repository/VLink/Page_CCSale/txt_Track2Data'

2021-03-04 23:08:06 - [MESSAGE][PASSED] - Object 'Object Repository/VLink/Page_CCSale/txt_POSEntryMode' is present

2021-03-04 23:08:06 - [MESSAGE][PASSED] - Text 'manual' is set on object 'Object Repository/VLink/Page_CCSale/txt_POSEntryMode'

2021-03-04 23:08:07 - [MESSAGE][PASSED] - Object 'Object Repository/VLink/Page_CCSale/txt_Email' is present

2021-03-04 23:08:07 - [MESSAGE][PASSED] - Text 'iahmed@govolution.com' is set on object 'Object Repository/VLink/Page_CCSale/txt_Email'

2021-03-04 23:08:08 - [MESSAGE][PASSED] - Object 'Object Repository/VLink/Page_CCSale/txt_OrderNumber' is present

2021-03-04 23:08:08 - [MESSAGE][PASSED] - Text '2569362' is set on object 'Object Repository/VLink/Page_CCSale/txt_OrderNumber'

2021-03-04 23:08:09 - [MESSAGE][PASSED] - Object 'Object Repository/VLink/Page_CCSale/txt_TaxAmount' is present

2021-03-04 23:08:09 - [MESSAGE][PASSED] - Text '1.15' is set on object 'Object Repository/VLink/Page_CCSale/txt_TaxAmount'

2021-03-04 23:08:10 - [MESSAGE][PASSED] - Object 'Object Repository/VLink/Page_CCSale/txt_ChargeDescription' is present

2021-03-04 23:08:10 - [MESSAGE][PASSED] - Text 'Charge Description' is set on object 'Object Repository/VLink/Page_CCSale/txt_ChargeDescription'

2021-03-04 23:08:11 - [MESSAGE][PASSED] - Object 'Object Repository/VLink/Page_CCSale/txt_CAN' is present

2021-03-04 23:08:11 - [MESSAGE][PASSED] - Text '147357' is set on object 'Object Repository/VLink/Page_CCSale/txt_CAN'

2021-03-04 23:08:12 - [MESSAGE][PASSED] - Object 'Object Repository/VLink/Page_CCSale/txt_BillPaymentIndicator' is present

2021-03-04 23:08:12 - [MESSAGE][PASSED] - Text '1' is set on object 'Object Repository/VLink/Page_CCSale/txt_BillPaymentIndicator'

2021-03-04 23:08:13 - [MESSAGE][PASSED] - Object 'Object Repository/VLink/Page_CCSale/txt_UDF1' is present

2021-03-04 23:08:13 - [MESSAGE][PASSED] - Text 'UDF Data 1' is set on object 'Object Repository/VLink/Page_CCSale/txt_UDF1'

2021-03-04 23:08:14 - [MESSAGE][PASSED] - Object 'Object Repository/VLink/Page_CCSale/txt_UDF2' is present

2021-03-04 23:08:14 - [MESSAGE][PASSED] - Text 'UDF Data 2' is set on object 'Object Repository/VLink/Page_CCSale/txt_UDF2'

2021-03-04 23:08:15 - [MESSAGE][PASSED] - Object 'Object Repository/VLink/Page_CCSale/txt_UDF3' is present

2021-03-04 23:08:15 - [MESSAGE][PASSED] - Text 'UDF Data 3' is set on object 'Object Repository/VLink/Page_CCSale/txt_UDF3'

2021-03-04 23:08:16 - [MESSAGE][PASSED] - Object 'Object Repository/VLink/Page_CCSale/txt_UDF4' is present

2021-03-04 23:08:16 - [MESSAGE][PASSED] - Text 'UDF Data 4' is set on object 'Object Repository/VLink/Page_CCSale/txt_UDF4'

2021-03-04 23:08:17 - [MESSAGE][PASSED] - Object 'Object Repository/VLink/Page_CCSale/txt_UDF5' is present

2021-03-04 23:08:17 - [MESSAGE][PASSED] - Text 'UDF Data 5' is set on object 'Object Repository/VLink/Page_CCSale/txt_UDF5'

2021-03-04 23:08:18 - [MESSAGE][PASSED] - Object 'Object Repository/VLink/Page_CCSale/txt_UDF6' is present

2021-03-04 23:08:18 - [MESSAGE][PASSED] - Text 'UDF Data 6' is set on object 'Object Repository/VLink/Page_CCSale/txt_UDF6'

2021-03-04 23:08:19 - [MESSAGE][PASSED] - Object 'Object Repository/VLink/Page_CCSale/txt_UDF7' is present

2021-03-04 23:08:19 - [MESSAGE][PASSED] - Text 'UDF Data 7' is set on object 'Object Repository/VLink/Page_CCSale/txt_UDF7'

2021-03-04 23:08:20 - [MESSAGE][PASSED] - Object 'Object Repository/VLink/Page_CCSale/txt_UDF8' is present

2021-03-04 23:08:20 - [MESSAGE][PASSED] - Text 'UDF Data 8' is set on object 'Object Repository/VLink/Page_CCSale/txt_UDF8'

2021-03-04 23:08:21 - [MESSAGE][PASSED] - Object 'Object Repository/VLink/Page_CCSale/txt_UDF9' is present

2021-03-04 23:08:21 - [MESSAGE][PASSED] - Text 'UDF Data 9' is set on object 'Object Repository/VLink/Page_CCSale/txt_UDF9'

2021-03-04 23:08:22 - [MESSAGE][PASSED] - Object 'Object Repository/VLink/Page_CCSale/txt_UDF10' is present

2021-03-04 23:08:22 - [MESSAGE][PASSED] - Text 'UDF Data 10' is set on object 'Object Repository/VLink/Page_CCSale/txt_UDF10'

2021-03-04 23:08:23 - [MESSAGE][PASSED] - Object 'Object Repository/VLink/Page_CCSale/txt_CardOnFileIndicator' is present

2021-03-04 23:08:23 - [MESSAGE][PASSED] - Text '' is set on object 'Object Repository/VLink/Page_CCSale/txt_CardOnFileIndicator'

2021-03-04 23:08:24 - [MESSAGE][PASSED] - Object 'Object Repository/VLink/Page_CCSale/txt_StoredCredentialIndicator' is present

2021-03-04 23:08:24 - [MESSAGE][PASSED] - Text '' is set on object 'Object Repository/VLink/Page_CCSale/txt_StoredCredentialIndicator'

2021-03-04 23:08:25 - [MESSAGE][PASSED] - Object 'Object Repository/VLink/Page_CCSale/txt_COFScheduledIndicator' is present

2021-03-04 23:08:25 - [MESSAGE][PASSED] - Text '' is set on object 'Object Repository/VLink/Page_CCSale/txt_COFScheduledIndicator'

2021-03-04 23:08:26 - [MESSAGE][PASSED] - Object 'Object Repository/VLink/Page_CCSale/txt_COFTransactionInitiatedBy' is present

2021-03-04 23:08:26 - [MESSAGE][PASSED] - Text '' is set on object 'Object Repository/VLink/Page_CCSale/txt_COFTransactionInitiatedBy'

2021-03-04 23:08:29 - [MESSAGE][PASSED] - Object: 'Object Repository/VLink/Page_CCSale/btn_ProcessVLinkTransaction' is clicked on

2021-03-04 23:08:34 - [MESSAGE][PASSED] - vlinkPages.saleCCPage.setDataSCC is PASSED

2021-03-04 23:08:34 - [TEST_STEP][PASSED] - if (verifyTextPresent("Transaction approved, no errors", true)): null

2021-03-04 23:08:34 - [MESSAGE][PASSED] - Text 'Transaction approved, no errors' is present on page  using regular expression

2021-03-04 23:08:34 - [TEST_STEP][PASSED] - println("Transaction Approved, no errors text is present on the Confirmation page"): null

2021-03-04 23:08:34 - [TEST_STEP][PASSED] - out.println("Pass Record Number: " + row): null

2021-03-04 23:08:34 - [TEST_STEP][PASSED] - resText = "Pass": null

2021-03-04 23:08:34 - [TEST_STEP][PASSED] - pages.WriteExcel.demoKey(resText, datText, resColumn, datCloumn, fileLoc, nameSheet, row): pages.WriteExcel.demoKey is PASSED

2021-03-04 23:08:34 - [MESSAGE][PASSED] - pages.WriteExcel.demoKey is PASSED

2021-03-04 23:08:34 - [TEST_STEP][PASSED] - sdfo = getText(findTestObject("Object Repository/Page_VLinkReceipt/pre_STX")): Text of object 'Object Repository/Page_VLinkReceipt/pre_STX' is: '<STX>m5BPt1ZPbXsf                  12089851            0  Transaction approved, no errors                   0                                                                                  XXOK0330   <ETX>'

2021-03-04 23:08:35 - [MESSAGE][PASSED] - Text of object 'Object Repository/Page_VLinkReceipt/pre_STX' is: '<STX>m5BPt1ZPbXsf                  12089851            0  Transaction approved, no errors                   0                                                                                  XXOK0330   <ETX>'

2021-03-04 23:08:35 - [TEST_STEP][PASSED] - out.println("sdfo: " + sdfo): null

2021-03-04 23:08:35 - [TEST_STEP][PASSED] - remID = substring(5, 35).trim(): null

2021-03-04 23:08:35 - [TEST_STEP][PASSED] - out.println("Remittance ID: " + remID): null

2021-03-04 23:08:35 - [TEST_STEP][PASSED] - traxID = substring(35, 55).trim(): null

2021-03-04 23:08:35 - [TEST_STEP][PASSED] - out.println("Transaction ID: " + traxID): null

2021-03-04 23:08:35 - [TEST_STEP][PASSED] - out.println("End Record Number: " + row): null

2021-03-04 23:08:35 - [TEST_STEP][PASSED] - closeBrowser(): Browser is closed

2021-03-04 23:08:35 - [MESSAGE][PASSED] - Browser is closed

2021-03-04 23:08:35 - [TEST_STEP][PASSED] - out.println("Begin Record Number: " + row): null

2021-03-04 23:08:35 - [TEST_STEP][PASSED] - today = new java.util.Date(): null

2021-03-04 23:08:35 - [TEST_STEP][PASSED] - println(today): null

2021-03-04 23:08:35 - [TEST_STEP][PASSED] - datText = today: null

2021-03-04 23:08:35 - [TEST_STEP][PASSED] - openBrowser(VLinkURL + "authcap.html"): Browser is opened with url: 'https://dev-algorithm.govolution.com/vlinktest/QA/version_2_0/authcap.html'

2021-03-04 23:08:35 - [MESSAGE][INFO] - Starting 'Chrome' driver

2021-03-04 23:08:35 - [MESSAGE][INFO] - User set preference: ['acceptInsecureCerts', 'true']

2021-03-04 23:08:35 - [MESSAGE][INFO] - Action delay is set to 0 milliseconds

2021-03-04 23:08:38 - [MESSAGE][PASSED] - Browser is opened with url: 'https://dev-algorithm.govolution.com/vlinktest/QA/version_2_0/authcap.html'

2021-03-04 23:08:38 - [TEST_STEP][PASSED] - maximizeWindow(): Current window maximized

2021-03-04 23:08:38 - [MESSAGE][PASSED] - Current window maximized

2021-03-04 23:08:38 - [TEST_STEP][PASSED] - vlinkPages.saleCCPage.setDataSCC(row, dataFile): vlinkPages.saleCCPage.setDataSCC is PASSED

2021-03-04 23:08:40 - [MESSAGE][PASSED] - Object 'Object Repository/VLink/Page_CCSale/txt_CardNumber' is present

2021-03-04 23:08:40 - [MESSAGE][PASSED] - Object 'Object Repository/VLink/Page_CCSale/txt_TransactionType' is present

2021-03-04 23:08:41 - [MESSAGE][PASSED] - Text '104' is set on object 'Object Repository/VLink/Page_CCSale/txt_TransactionType'

2021-03-04 23:08:41 - [MESSAGE][PASSED] - Object 'Object Repository/VLink/Page_CCSale/txt_MessageVersion' is present

2021-03-04 23:08:42 - [MESSAGE][PASSED] - Text '2.0C' is set on object 'Object Repository/VLink/Page_CCSale/txt_MessageVersion'

2021-03-04 23:08:42 - [MESSAGE][PASSED] - Object 'Object Repository/VLink/Page_CCSale/txt_RemID' is present

2021-03-04 23:08:43 - [MESSAGE][PASSED] - Text 'SXg7wGXQkNf5' is set on object 'Object Repository/VLink/Page_CCSale/txt_RemID'

2021-03-04 23:08:43 - [MESSAGE][PASSED] - Object 'Object Repository/VLink/Page_CCSale/txt_ApplicationId' is present

2021-03-04 23:08:43 - [MESSAGE][PASSED] - Text '672' is set on object 'Object Repository/VLink/Page_CCSale/txt_ApplicationId'

2021-03-04 23:08:44 - [MESSAGE][PASSED] - Object 'Object Repository/VLink/Page_CCSale/txt_Username' is present

2021-03-04 23:08:44 - [MESSAGE][PASSED] - Text 'username' is set on object 'Object Repository/VLink/Page_CCSale/txt_Username'

2021-03-04 23:08:45 - [MESSAGE][PASSED] - Object 'Object Repository/VLink/Page_CCSale/txt_Password' is present

2021-03-04 23:08:45 - [MESSAGE][PASSED] - Text 'password' is set on object 'Object Repository/VLink/Page_CCSale/txt_Password'

2021-03-04 23:08:46 - [MESSAGE][PASSED] - Object 'Object Repository/VLink/Page_CCSale/txt_ResponseFormat' is present

2021-03-04 23:08:46 - [MESSAGE][PASSED] - Text 'fixed_width' is set on object 'Object Repository/VLink/Page_CCSale/txt_ResponseFormat'

2021-03-04 23:08:47 - [MESSAGE][PASSED] - Object 'Object Repository/VLink/Page_CCSale/txt_Category' is present

2021-03-04 23:08:47 - [MESSAGE][PASSED] - Text 'MOTO' is set on object 'Object Repository/VLink/Page_CCSale/txt_Category'

2021-03-04 23:08:48 - [MESSAGE][PASSED] - Object 'Object Repository/VLink/Page_CCSale/txt_TransactionID' is present

2021-03-04 23:08:48 - [MESSAGE][PASSED] - Text '' is set on object 'Object Repository/VLink/Page_CCSale/txt_TransactionID'

2021-03-04 23:08:48 - [MESSAGE][PASSED] - Object 'Object Repository/VLink/Page_CCSale/txt_ApprovalCode' is present

2021-03-04 23:08:49 - [MESSAGE][PASSED] - Text '' is set on object 'Object Repository/VLink/Page_CCSale/txt_ApprovalCode'

2021-03-04 23:08:49 - [MESSAGE][PASSED] - Object 'Object Repository/VLink/Page_CCSale/txt_CardName' is present

2021-03-04 23:08:50 - [MESSAGE][PASSED] - Text 'Arvind Silva' is set on object 'Object Repository/VLink/Page_CCSale/txt_CardName'

2021-03-04 23:08:50 - [MESSAGE][PASSED] - Object 'Object Repository/VLink/Page_CCSale/txt_AL1' is present

2021-03-04 23:08:51 - [MESSAGE][PASSED] - Text '111 Main Ave' is set on object 'Object Repository/VLink/Page_CCSale/txt_AL1'

2021-03-04 23:08:51 - [MESSAGE][PASSED] - Object 'Object Repository/VLink/Page_CCSale/txt_AL2' is present

2021-03-04 23:08:52 - [MESSAGE][PASSED] - Text '' is set on object 'Object Repository/VLink/Page_CCSale/txt_AL2'

2021-03-04 23:08:52 - [MESSAGE][PASSED] - Object 'Object Repository/VLink/Page_CCSale/txt_CardCity' is present

2021-03-04 23:08:52 - [MESSAGE][PASSED] - Text 'Arlington' is set on object 'Object Repository/VLink/Page_CCSale/txt_CardCity'

2021-03-04 23:08:53 - [MESSAGE][PASSED] - Object 'Object Repository/VLink/Page_CCSale/txt_CardState' is present

2021-03-04 23:08:53 - [MESSAGE][PASSED] - Text 'VA' is set on object 'Object Repository/VLink/Page_CCSale/txt_CardState'

2021-03-04 23:08:54 - [MESSAGE][PASSED] - Object 'Object Repository/VLink/Page_CCSale/txt_CardZIP' is present

2021-03-04 23:08:54 - [MESSAGE][PASSED] - Text '22201' is set on object 'Object Repository/VLink/Page_CCSale/txt_CardZIP'

2021-03-04 23:08:54 - [MESSAGE][PASSED] - Object 'Object Repository/VLink/Page_CCSale/txt_CountryID' is present

2021-03-04 23:08:55 - [MESSAGE][PASSED] - Text '' is set on object 'Object Repository/VLink/Page_CCSale/txt_CountryID'

2021-03-04 23:08:55 - [MESSAGE][PASSED] - Object 'Object Repository/VLink/Page_CCSale/txt_Amount' is present

2021-03-04 23:08:56 - [MESSAGE][PASSED] - Text '2.50' is set on object 'Object Repository/VLink/Page_CCSale/txt_Amount'

2021-03-04 23:08:56 - [MESSAGE][PASSED] - Object 'Object Repository/VLink/Page_CCSale/txt_CardNumber' is present

2021-03-04 23:08:57 - [MESSAGE][PASSED] - Text '5424000000000015' is set on object 'Object Repository/VLink/Page_CCSale/txt_CardNumber'

2021-03-04 23:08:57 - [MESSAGE][PASSED] - Object 'Object Repository/VLink/Page_CCSale/txt_ExpMonth' is present

2021-03-04 23:08:58 - [MESSAGE][PASSED] - Text '01' is set on object 'Object Repository/VLink/Page_CCSale/txt_ExpMonth'

2021-03-04 23:08:58 - [MESSAGE][PASSED] - Object 'Object Repository/VLink/Page_CCSale/txt_ExpYear' is present

2021-03-04 23:08:59 - [MESSAGE][PASSED] - Text '2026' is set on object 'Object Repository/VLink/Page_CCSale/txt_ExpYear'

2021-03-04 23:08:59 - [MESSAGE][PASSED] - Object 'Object Repository/VLink/Page_CCSale/txt_CVV' is present

2021-03-04 23:09:00 - [MESSAGE][PASSED] - Text '' is set on object 'Object Repository/VLink/Page_CCSale/txt_CVV'

2021-03-04 23:09:00 - [MESSAGE][PASSED] - Object 'Object Repository/VLink/Page_CCSale/txt_CVVstate' is present

2021-03-04 23:09:01 - [MESSAGE][PASSED] - Text '' is set on object 'Object Repository/VLink/Page_CCSale/txt_CVVstate'

2021-03-04 23:09:01 - [MESSAGE][PASSED] - Object 'Object Repository/VLink/Page_CCSale/txt_TrackData' is present

2021-03-04 23:09:02 - [MESSAGE][PASSED] - Text '' is set on object 'Object Repository/VLink/Page_CCSale/txt_TrackData'

2021-03-04 23:09:02 - [MESSAGE][PASSED] - Object 'Object Repository/VLink/Page_CCSale/txt_Track1Data' is present

2021-03-04 23:09:03 - [MESSAGE][PASSED] - Text '' is set on object 'Object Repository/VLink/Page_CCSale/txt_Track1Data'

2021-03-04 23:09:03 - [MESSAGE][PASSED] - Object 'Object Repository/VLink/Page_CCSale/txt_Track2Data' is present

2021-03-04 23:09:04 - [MESSAGE][PASSED] - Text '' is set on object 'Object Repository/VLink/Page_CCSale/txt_Track2Data'

2021-03-04 23:09:04 - [MESSAGE][PASSED] - Object 'Object Repository/VLink/Page_CCSale/txt_POSEntryMode' is present

2021-03-04 23:09:05 - [MESSAGE][PASSED] - Text 'manual' is set on object 'Object Repository/VLink/Page_CCSale/txt_POSEntryMode'

2021-03-04 23:09:05 - [MESSAGE][PASSED] - Object 'Object Repository/VLink/Page_CCSale/txt_Email' is present

2021-03-04 23:09:06 - [MESSAGE][PASSED] - Text '' is set on object 'Object Repository/VLink/Page_CCSale/txt_Email'

2021-03-04 23:09:06 - [MESSAGE][PASSED] - Object 'Object Repository/VLink/Page_CCSale/txt_OrderNumber' is present

2021-03-04 23:09:07 - [MESSAGE][PASSED] - Text '' is set on object 'Object Repository/VLink/Page_CCSale/txt_OrderNumber'

2021-03-04 23:09:07 - [MESSAGE][PASSED] - Object 'Object Repository/VLink/Page_CCSale/txt_TaxAmount' is present

2021-03-04 23:09:08 - [MESSAGE][PASSED] - Text '' is set on object 'Object Repository/VLink/Page_CCSale/txt_TaxAmount'

2021-03-04 23:09:08 - [MESSAGE][PASSED] - Object 'Object Repository/VLink/Page_CCSale/txt_ChargeDescription' is present

2021-03-04 23:09:09 - [MESSAGE][PASSED] - Text '' is set on object 'Object Repository/VLink/Page_CCSale/txt_ChargeDescription'

2021-03-04 23:09:09 - [MESSAGE][PASSED] - Object 'Object Repository/VLink/Page_CCSale/txt_CAN' is present

2021-03-04 23:09:10 - [MESSAGE][PASSED] - Text '' is set on object 'Object Repository/VLink/Page_CCSale/txt_CAN'

2021-03-04 23:09:10 - [MESSAGE][PASSED] - Object 'Object Repository/VLink/Page_CCSale/txt_BillPaymentIndicator' is present

2021-03-04 23:09:11 - [MESSAGE][PASSED] - Text '' is set on object 'Object Repository/VLink/Page_CCSale/txt_BillPaymentIndicator'

2021-03-04 23:09:11 - [MESSAGE][PASSED] - Object 'Object Repository/VLink/Page_CCSale/txt_UDF1' is present

2021-03-04 23:09:12 - [MESSAGE][PASSED] - Text '' is set on object 'Object Repository/VLink/Page_CCSale/txt_UDF1'

2021-03-04 23:09:12 - [MESSAGE][PASSED] - Object 'Object Repository/VLink/Page_CCSale/txt_UDF2' is present

2021-03-04 23:09:13 - [MESSAGE][PASSED] - Text '' is set on object 'Object Repository/VLink/Page_CCSale/txt_UDF2'

2021-03-04 23:09:13 - [MESSAGE][PASSED] - Object 'Object Repository/VLink/Page_CCSale/txt_UDF3' is present

2021-03-04 23:09:14 - [MESSAGE][PASSED] - Text '' is set on object 'Object Repository/VLink/Page_CCSale/txt_UDF3'

2021-03-04 23:09:14 - [MESSAGE][PASSED] - Object 'Object Repository/VLink/Page_CCSale/txt_UDF4' is present

2021-03-04 23:09:15 - [MESSAGE][PASSED] - Text '' is set on object 'Object Repository/VLink/Page_CCSale/txt_UDF4'

2021-03-04 23:09:15 - [MESSAGE][PASSED] - Object 'Object Repository/VLink/Page_CCSale/txt_UDF5' is present

2021-03-04 23:09:16 - [MESSAGE][PASSED] - Text '' is set on object 'Object Repository/VLink/Page_CCSale/txt_UDF5'

2021-03-04 23:09:16 - [MESSAGE][PASSED] - Object 'Object Repository/VLink/Page_CCSale/txt_UDF6' is present

2021-03-04 23:09:17 - [MESSAGE][PASSED] - Text '' is set on object 'Object Repository/VLink/Page_CCSale/txt_UDF6'

2021-03-04 23:09:17 - [MESSAGE][PASSED] - Object 'Object Repository/VLink/Page_CCSale/txt_UDF7' is present

2021-03-04 23:09:18 - [MESSAGE][PASSED] - Text '' is set on object 'Object Repository/VLink/Page_CCSale/txt_UDF7'

2021-03-04 23:09:18 - [MESSAGE][PASSED] - Object 'Object Repository/VLink/Page_CCSale/txt_UDF8' is present

2021-03-04 23:09:19 - [MESSAGE][PASSED] - Text '' is set on object 'Object Repository/VLink/Page_CCSale/txt_UDF8'

2021-03-04 23:09:19 - [MESSAGE][PASSED] - Object 'Object Repository/VLink/Page_CCSale/txt_UDF9' is present

2021-03-04 23:09:20 - [MESSAGE][PASSED] - Text '' is set on object 'Object Repository/VLink/Page_CCSale/txt_UDF9'

2021-03-04 23:09:20 - [MESSAGE][PASSED] - Object 'Object Repository/VLink/Page_CCSale/txt_UDF10' is present

2021-03-04 23:09:21 - [MESSAGE][PASSED] - Text '' is set on object 'Object Repository/VLink/Page_CCSale/txt_UDF10'

2021-03-04 23:09:21 - [MESSAGE][PASSED] - Object 'Object Repository/VLink/Page_CCSale/txt_CardOnFileIndicator' is present

2021-03-04 23:09:22 - [MESSAGE][PASSED] - Text '' is set on object 'Object Repository/VLink/Page_CCSale/txt_CardOnFileIndicator'

2021-03-04 23:09:22 - [MESSAGE][PASSED] - Object 'Object Repository/VLink/Page_CCSale/txt_StoredCredentialIndicator' is present

2021-03-04 23:09:22 - [MESSAGE][PASSED] - Text '' is set on object 'Object Repository/VLink/Page_CCSale/txt_StoredCredentialIndicator'

2021-03-04 23:09:23 - [MESSAGE][PASSED] - Object 'Object Repository/VLink/Page_CCSale/txt_COFScheduledIndicator' is present

2021-03-04 23:09:23 - [MESSAGE][PASSED] - Text '' is set on object 'Object Repository/VLink/Page_CCSale/txt_COFScheduledIndicator'

2021-03-04 23:09:24 - [MESSAGE][PASSED] - Object 'Object Repository/VLink/Page_CCSale/txt_COFTransactionInitiatedBy' is present

2021-03-04 23:09:24 - [MESSAGE][PASSED] - Text '' is set on object 'Object Repository/VLink/Page_CCSale/txt_COFTransactionInitiatedBy'

2021-03-04 23:09:27 - [MESSAGE][PASSED] - Object: 'Object Repository/VLink/Page_CCSale/btn_ProcessVLinkTransaction' is clicked on

2021-03-04 23:09:32 - [MESSAGE][PASSED] - vlinkPages.saleCCPage.setDataSCC is PASSED

2021-03-04 23:09:32 - [TEST_STEP][PASSED] - if (verifyTextPresent("Transaction approved, no errors", true)): null

2021-03-04 23:09:32 - [MESSAGE][PASSED] - Text 'Transaction approved, no errors' is present on page  using regular expression

2021-03-04 23:09:32 - [TEST_STEP][PASSED] - println("Transaction Approved, no errors text is present on the Confirmation page"): null

2021-03-04 23:09:32 - [TEST_STEP][PASSED] - out.println("Pass Record Number: " + row): null

2021-03-04 23:09:32 - [TEST_STEP][PASSED] - resText = "Pass": null

2021-03-04 23:09:32 - [TEST_STEP][PASSED] - pages.WriteExcel.demoKey(resText, datText, resColumn, datCloumn, fileLoc, nameSheet, row): pages.WriteExcel.demoKey is PASSED

2021-03-04 23:09:33 - [MESSAGE][PASSED] - pages.WriteExcel.demoKey is PASSED

2021-03-04 23:09:33 - [TEST_STEP][PASSED] - sdfo = getText(findTestObject("Object Repository/Page_VLinkReceipt/pre_STX")): Text of object 'Object Repository/Page_VLinkReceipt/pre_STX' is: '<STX>SXg7wGXQkNf5                  12089852            0  Transaction approved, no errors                   0                                                                                  XXOK0480   <ETX>'

2021-03-04 23:09:33 - [MESSAGE][PASSED] - Text of object 'Object Repository/Page_VLinkReceipt/pre_STX' is: '<STX>SXg7wGXQkNf5                  12089852            0  Transaction approved, no errors                   0                                                                                  XXOK0480   <ETX>'

2021-03-04 23:09:33 - [TEST_STEP][PASSED] - out.println("sdfo: " + sdfo): null

2021-03-04 23:09:33 - [TEST_STEP][PASSED] - remID = substring(5, 35).trim(): null

2021-03-04 23:09:33 - [TEST_STEP][PASSED] - out.println("Remittance ID: " + remID): null

2021-03-04 23:09:33 - [TEST_STEP][PASSED] - traxID = substring(35, 55).trim(): null

2021-03-04 23:09:33 - [TEST_STEP][PASSED] - out.println("Transaction ID: " + traxID): null

2021-03-04 23:09:33 - [TEST_STEP][PASSED] - out.println("End Record Number: " + row): null

2021-03-04 23:09:33 - [TEST_STEP][PASSED] - closeBrowser(): Browser is closed

2021-03-04 23:09:34 - [MESSAGE][PASSED] - Browser is closed

2021-03-04 23:09:34 - [TEST_STEP][PASSED] - out.println("Begin Record Number: " + row): null

2021-03-04 23:09:34 - [TEST_STEP][PASSED] - today = new java.util.Date(): null

2021-03-04 23:09:34 - [TEST_STEP][PASSED] - println(today): null

2021-03-04 23:09:34 - [TEST_STEP][PASSED] - datText = today: null

2021-03-04 23:09:34 - [TEST_STEP][PASSED] - openBrowser(VLinkURL + "authcap.html"): Browser is opened with url: 'https://dev-algorithm.govolution.com/vlinktest/QA/version_2_0/authcap.html'

2021-03-04 23:09:34 - [MESSAGE][INFO] - Starting 'Chrome' driver

2021-03-04 23:09:34 - [MESSAGE][INFO] - User set preference: ['acceptInsecureCerts', 'true']

2021-03-04 23:09:34 - [MESSAGE][INFO] - Action delay is set to 0 milliseconds

2021-03-04 23:09:38 - [MESSAGE][PASSED] - Browser is opened with url: 'https://dev-algorithm.govolution.com/vlinktest/QA/version_2_0/authcap.html'

2021-03-04 23:09:38 - [TEST_STEP][PASSED] - maximizeWindow(): Current window maximized

2021-03-04 23:09:38 - [MESSAGE][PASSED] - Current window maximized

2021-03-04 23:09:38 - [TEST_STEP][PASSED] - vlinkPages.saleCCPage.setDataSCC(row, dataFile): vlinkPages.saleCCPage.setDataSCC is PASSED

2021-03-04 23:09:40 - [MESSAGE][PASSED] - Object 'Object Repository/VLink/Page_CCSale/txt_CardNumber' is present

2021-03-04 23:09:40 - [MESSAGE][PASSED] - Object 'Object Repository/VLink/Page_CCSale/txt_TransactionType' is present

2021-03-04 23:09:41 - [MESSAGE][PASSED] - Text '104' is set on object 'Object Repository/VLink/Page_CCSale/txt_TransactionType'

2021-03-04 23:09:41 - [MESSAGE][PASSED] - Object 'Object Repository/VLink/Page_CCSale/txt_MessageVersion' is present

2021-03-04 23:09:42 - [MESSAGE][PASSED] - Text '2.0C' is set on object 'Object Repository/VLink/Page_CCSale/txt_MessageVersion'

2021-03-04 23:09:42 - [MESSAGE][PASSED] - Object 'Object Repository/VLink/Page_CCSale/txt_RemID' is present

2021-03-04 23:09:43 - [MESSAGE][PASSED] - Text 'LG1aOit5VJJL' is set on object 'Object Repository/VLink/Page_CCSale/txt_RemID'

2021-03-04 23:09:43 - [MESSAGE][PASSED] - Object 'Object Repository/VLink/Page_CCSale/txt_ApplicationId' is present

2021-03-04 23:09:44 - [MESSAGE][PASSED] - Text '677' is set on object 'Object Repository/VLink/Page_CCSale/txt_ApplicationId'

2021-03-04 23:09:44 - [MESSAGE][PASSED] - Object 'Object Repository/VLink/Page_CCSale/txt_Username' is present

2021-03-04 23:09:45 - [MESSAGE][PASSED] - Text 'username' is set on object 'Object Repository/VLink/Page_CCSale/txt_Username'

2021-03-04 23:09:45 - [MESSAGE][PASSED] - Object 'Object Repository/VLink/Page_CCSale/txt_Password' is present

2021-03-04 23:09:46 - [MESSAGE][PASSED] - Text 'password' is set on object 'Object Repository/VLink/Page_CCSale/txt_Password'

2021-03-04 23:09:46 - [MESSAGE][PASSED] - Object 'Object Repository/VLink/Page_CCSale/txt_ResponseFormat' is present

2021-03-04 23:09:47 - [MESSAGE][PASSED] - Text 'fixed_width' is set on object 'Object Repository/VLink/Page_CCSale/txt_ResponseFormat'

2021-03-04 23:09:47 - [MESSAGE][PASSED] - Object 'Object Repository/VLink/Page_CCSale/txt_Category' is present

2021-03-04 23:09:47 - [MESSAGE][PASSED] - Text 'MOTO' is set on object 'Object Repository/VLink/Page_CCSale/txt_Category'

2021-03-04 23:09:48 - [MESSAGE][PASSED] - Object 'Object Repository/VLink/Page_CCSale/txt_TransactionID' is present

2021-03-04 23:09:48 - [MESSAGE][PASSED] - Text '' is set on object 'Object Repository/VLink/Page_CCSale/txt_TransactionID'

2021-03-04 23:09:49 - [MESSAGE][PASSED] - Object 'Object Repository/VLink/Page_CCSale/txt_ApprovalCode' is present

2021-03-04 23:09:49 - [MESSAGE][PASSED] - Text '' is set on object 'Object Repository/VLink/Page_CCSale/txt_ApprovalCode'

2021-03-04 23:09:49 - [MESSAGE][PASSED] - Object 'Object Repository/VLink/Page_CCSale/txt_CardName' is present

2021-03-04 23:09:50 - [MESSAGE][PASSED] - Text 'Roshan Maha' is set on object 'Object Repository/VLink/Page_CCSale/txt_CardName'

2021-03-04 23:09:50 - [MESSAGE][PASSED] - Object 'Object Repository/VLink/Page_CCSale/txt_AL1' is present

2021-03-04 23:09:51 - [MESSAGE][PASSED] - Text '12563 Bazaar road' is set on object 'Object Repository/VLink/Page_CCSale/txt_AL1'

2021-03-04 23:09:51 - [MESSAGE][PASSED] - Object 'Object Repository/VLink/Page_CCSale/txt_AL2' is present

2021-03-04 23:09:52 - [MESSAGE][PASSED] - Text '' is set on object 'Object Repository/VLink/Page_CCSale/txt_AL2'

2021-03-04 23:09:52 - [MESSAGE][PASSED] - Object 'Object Repository/VLink/Page_CCSale/txt_CardCity' is present

2021-03-04 23:09:53 - [MESSAGE][PASSED] - Text 'Crofton' is set on object 'Object Repository/VLink/Page_CCSale/txt_CardCity'

2021-03-04 23:09:53 - [MESSAGE][PASSED] - Object 'Object Repository/VLink/Page_CCSale/txt_CardState' is present

2021-03-04 23:09:53 - [MESSAGE][PASSED] - Text 'MD' is set on object 'Object Repository/VLink/Page_CCSale/txt_CardState'

2021-03-04 23:09:54 - [MESSAGE][PASSED] - Object 'Object Repository/VLink/Page_CCSale/txt_CardZIP' is present

2021-03-04 23:09:54 - [MESSAGE][PASSED] - Text '21114' is set on object 'Object Repository/VLink/Page_CCSale/txt_CardZIP'

2021-03-04 23:09:55 - [MESSAGE][PASSED] - Object 'Object Repository/VLink/Page_CCSale/txt_CountryID' is present

2021-03-04 23:09:55 - [MESSAGE][PASSED] - Text '' is set on object 'Object Repository/VLink/Page_CCSale/txt_CountryID'

2021-03-04 23:09:56 - [MESSAGE][PASSED] - Object 'Object Repository/VLink/Page_CCSale/txt_Amount' is present

2021-03-04 23:09:56 - [MESSAGE][PASSED] - Text '3.50' is set on object 'Object Repository/VLink/Page_CCSale/txt_Amount'

2021-03-04 23:09:57 - [MESSAGE][PASSED] - Object 'Object Repository/VLink/Page_CCSale/txt_CardNumber' is present

2021-03-04 23:09:57 - [MESSAGE][PASSED] - Text '5424000000000015' is set on object 'Object Repository/VLink/Page_CCSale/txt_CardNumber'

2021-03-04 23:09:58 - [MESSAGE][PASSED] - Object 'Object Repository/VLink/Page_CCSale/txt_ExpMonth' is present

2021-03-04 23:09:58 - [MESSAGE][PASSED] - Text '01' is set on object 'Object Repository/VLink/Page_CCSale/txt_ExpMonth'

2021-03-04 23:09:59 - [MESSAGE][PASSED] - Object 'Object Repository/VLink/Page_CCSale/txt_ExpYear' is present

2021-03-04 23:09:59 - [MESSAGE][PASSED] - Text '2026' is set on object 'Object Repository/VLink/Page_CCSale/txt_ExpYear'

2021-03-04 23:10:00 - [MESSAGE][PASSED] - Object 'Object Repository/VLink/Page_CCSale/txt_CVV' is present

2021-03-04 23:10:00 - [MESSAGE][PASSED] - Text '' is set on object 'Object Repository/VLink/Page_CCSale/txt_CVV'

2021-03-04 23:10:01 - [MESSAGE][PASSED] - Object 'Object Repository/VLink/Page_CCSale/txt_CVVstate' is present

2021-03-04 23:10:01 - [MESSAGE][PASSED] - Text '' is set on object 'Object Repository/VLink/Page_CCSale/txt_CVVstate'

2021-03-04 23:10:01 - [MESSAGE][PASSED] - Object 'Object Repository/VLink/Page_CCSale/txt_TrackData' is present

2021-03-04 23:10:02 - [MESSAGE][PASSED] - Text '' is set on object 'Object Repository/VLink/Page_CCSale/txt_TrackData'

2021-03-04 23:10:02 - [MESSAGE][PASSED] - Object 'Object Repository/VLink/Page_CCSale/txt_Track1Data' is present

2021-03-04 23:10:03 - [MESSAGE][PASSED] - Text '' is set on object 'Object Repository/VLink/Page_CCSale/txt_Track1Data'

2021-03-04 23:10:03 - [MESSAGE][PASSED] - Object 'Object Repository/VLink/Page_CCSale/txt_Track2Data' is present

2021-03-04 23:10:04 - [MESSAGE][PASSED] - Text '' is set on object 'Object Repository/VLink/Page_CCSale/txt_Track2Data'

2021-03-04 23:10:04 - [MESSAGE][PASSED] - Object 'Object Repository/VLink/Page_CCSale/txt_POSEntryMode' is present

2021-03-04 23:10:05 - [MESSAGE][PASSED] - Text 'manual' is set on object 'Object Repository/VLink/Page_CCSale/txt_POSEntryMode'

2021-03-04 23:10:05 - [MESSAGE][PASSED] - Object 'Object Repository/VLink/Page_CCSale/txt_Email' is present

2021-03-04 23:10:06 - [MESSAGE][PASSED] - Text '' is set on object 'Object Repository/VLink/Page_CCSale/txt_Email'

2021-03-04 23:10:06 - [MESSAGE][PASSED] - Object 'Object Repository/VLink/Page_CCSale/txt_OrderNumber' is present

2021-03-04 23:10:07 - [MESSAGE][PASSED] - Text '' is set on object 'Object Repository/VLink/Page_CCSale/txt_OrderNumber'

2021-03-04 23:10:07 - [MESSAGE][PASSED] - Object 'Object Repository/VLink/Page_CCSale/txt_TaxAmount' is present

2021-03-04 23:10:08 - [MESSAGE][PASSED] - Text '' is set on object 'Object Repository/VLink/Page_CCSale/txt_TaxAmount'

2021-03-04 23:10:08 - [MESSAGE][PASSED] - Object 'Object Repository/VLink/Page_CCSale/txt_ChargeDescription' is present

2021-03-04 23:10:09 - [MESSAGE][PASSED] - Text '' is set on object 'Object Repository/VLink/Page_CCSale/txt_ChargeDescription'

2021-03-04 23:10:09 - [MESSAGE][PASSED] - Object 'Object Repository/VLink/Page_CCSale/txt_CAN' is present

2021-03-04 23:10:10 - [MESSAGE][PASSED] - Text '' is set on object 'Object Repository/VLink/Page_CCSale/txt_CAN'

2021-03-04 23:10:10 - [MESSAGE][PASSED] - Object 'Object Repository/VLink/Page_CCSale/txt_BillPaymentIndicator' is present

2021-03-04 23:10:11 - [MESSAGE][PASSED] - Text '' is set on object 'Object Repository/VLink/Page_CCSale/txt_BillPaymentIndicator'

2021-03-04 23:10:11 - [MESSAGE][PASSED] - Object 'Object Repository/VLink/Page_CCSale/txt_UDF1' is present

2021-03-04 23:10:12 - [MESSAGE][PASSED] - Text '' is set on object 'Object Repository/VLink/Page_CCSale/txt_UDF1'

2021-03-04 23:10:12 - [MESSAGE][PASSED] - Object 'Object Repository/VLink/Page_CCSale/txt_UDF2' is present

2021-03-04 23:10:13 - [MESSAGE][PASSED] - Text '' is set on object 'Object Repository/VLink/Page_CCSale/txt_UDF2'

2021-03-04 23:10:13 - [MESSAGE][PASSED] - Object 'Object Repository/VLink/Page_CCSale/txt_UDF3' is present

2021-03-04 23:10:14 - [MESSAGE][PASSED] - Text '' is set on object 'Object Repository/VLink/Page_CCSale/txt_UDF3'

2021-03-04 23:10:14 - [MESSAGE][PASSED] - Object 'Object Repository/VLink/Page_CCSale/txt_UDF4' is present

2021-03-04 23:10:15 - [MESSAGE][PASSED] - Text '' is set on object 'Object Repository/VLink/Page_CCSale/txt_UDF4'

2021-03-04 23:10:15 - [MESSAGE][PASSED] - Object 'Object Repository/VLink/Page_CCSale/txt_UDF5' is present

2021-03-04 23:10:16 - [MESSAGE][PASSED] - Text '' is set on object 'Object Repository/VLink/Page_CCSale/txt_UDF5'

2021-03-04 23:10:16 - [MESSAGE][PASSED] - Object 'Object Repository/VLink/Page_CCSale/txt_UDF6' is present

2021-03-04 23:10:17 - [MESSAGE][PASSED] - Text '' is set on object 'Object Repository/VLink/Page_CCSale/txt_UDF6'

2021-03-04 23:10:17 - [MESSAGE][PASSED] - Object 'Object Repository/VLink/Page_CCSale/txt_UDF7' is present

2021-03-04 23:10:18 - [MESSAGE][PASSED] - Text '' is set on object 'Object Repository/VLink/Page_CCSale/txt_UDF7'

2021-03-04 23:10:18 - [MESSAGE][PASSED] - Object 'Object Repository/VLink/Page_CCSale/txt_UDF8' is present

2021-03-04 23:10:19 - [MESSAGE][PASSED] - Text '' is set on object 'Object Repository/VLink/Page_CCSale/txt_UDF8'

2021-03-04 23:10:19 - [MESSAGE][PASSED] - Object 'Object Repository/VLink/Page_CCSale/txt_UDF9' is present

2021-03-04 23:10:19 - [MESSAGE][PASSED] - Text '' is set on object 'Object Repository/VLink/Page_CCSale/txt_UDF9'

2021-03-04 23:10:20 - [MESSAGE][PASSED] - Object 'Object Repository/VLink/Page_CCSale/txt_UDF10' is present

2021-03-04 23:10:20 - [MESSAGE][PASSED] - Text '' is set on object 'Object Repository/VLink/Page_CCSale/txt_UDF10'

2021-03-04 23:10:21 - [MESSAGE][PASSED] - Object 'Object Repository/VLink/Page_CCSale/txt_CardOnFileIndicator' is present

2021-03-04 23:10:21 - [MESSAGE][PASSED] - Text '' is set on object 'Object Repository/VLink/Page_CCSale/txt_CardOnFileIndicator'

2021-03-04 23:10:22 - [MESSAGE][PASSED] - Object 'Object Repository/VLink/Page_CCSale/txt_StoredCredentialIndicator' is present

2021-03-04 23:10:22 - [MESSAGE][PASSED] - Text '' is set on object 'Object Repository/VLink/Page_CCSale/txt_StoredCredentialIndicator'

2021-03-04 23:10:23 - [MESSAGE][PASSED] - Object 'Object Repository/VLink/Page_CCSale/txt_COFScheduledIndicator' is present

2021-03-04 23:10:23 - [MESSAGE][PASSED] - Text '' is set on object 'Object Repository/VLink/Page_CCSale/txt_COFScheduledIndicator'

2021-03-04 23:10:24 - [MESSAGE][PASSED] - Object 'Object Repository/VLink/Page_CCSale/txt_COFTransactionInitiatedBy' is present

2021-03-04 23:10:24 - [MESSAGE][PASSED] - Text '' is set on object 'Object Repository/VLink/Page_CCSale/txt_COFTransactionInitiatedBy'

2021-03-04 23:10:27 - [MESSAGE][PASSED] - Object: 'Object Repository/VLink/Page_CCSale/btn_ProcessVLinkTransaction' is clicked on

2021-03-04 23:10:32 - [MESSAGE][PASSED] - vlinkPages.saleCCPage.setDataSCC is PASSED

2021-03-04 23:10:32 - [TEST_STEP][PASSED] - if (verifyTextPresent("Transaction approved, no errors", true)): null

2021-03-04 23:10:33 - [MESSAGE][PASSED] - Text 'Transaction approved, no errors' is present on page  using regular expression

2021-03-04 23:10:33 - [TEST_STEP][PASSED] - println("Transaction Approved, no errors text is present on the Confirmation page"): null

2021-03-04 23:10:33 - [TEST_STEP][PASSED] - out.println("Pass Record Number: " + row): null

2021-03-04 23:10:33 - [TEST_STEP][PASSED] - resText = "Pass": null

2021-03-04 23:10:33 - [TEST_STEP][PASSED] - pages.WriteExcel.demoKey(resText, datText, resColumn, datCloumn, fileLoc, nameSheet, row): pages.WriteExcel.demoKey is PASSED

2021-03-04 23:10:33 - [MESSAGE][PASSED] - pages.WriteExcel.demoKey is PASSED

2021-03-04 23:10:33 - [TEST_STEP][PASSED] - sdfo = getText(findTestObject("Object Repository/Page_VLinkReceipt/pre_STX")): Text of object 'Object Repository/Page_VLinkReceipt/pre_STX' is: '<STX>LG1aOit5VJJL                  12089853            0  Transaction approved, no errors                   0                                                                                  XXOK0800   <ETX>'

2021-03-04 23:10:33 - [MESSAGE][PASSED] - Text of object 'Object Repository/Page_VLinkReceipt/pre_STX' is: '<STX>LG1aOit5VJJL                  12089853            0  Transaction approved, no errors                   0                                                                                  XXOK0800   <ETX>'

2021-03-04 23:10:33 - [TEST_STEP][PASSED] - out.println("sdfo: " + sdfo): null

2021-03-04 23:10:33 - [TEST_STEP][PASSED] - remID = substring(5, 35).trim(): null

2021-03-04 23:10:33 - [TEST_STEP][PASSED] - out.println("Remittance ID: " + remID): null

2021-03-04 23:10:33 - [TEST_STEP][PASSED] - traxID = substring(35, 55).trim(): null

2021-03-04 23:10:33 - [TEST_STEP][PASSED] - out.println("Transaction ID: " + traxID): null

2021-03-04 23:10:33 - [TEST_STEP][PASSED] - out.println("End Record Number: " + row): null

2021-03-04 23:10:33 - [TEST_STEP][PASSED] - closeBrowser(): Browser is closed

2021-03-04 23:10:34 - [MESSAGE][PASSED] - Browser is closed

2021-03-04 23:10:34 - [TEST_STEP][PASSED] - out.println("Begin Record Number: " + row): null

2021-03-04 23:10:34 - [TEST_STEP][PASSED] - today = new java.util.Date(): null

2021-03-04 23:10:34 - [TEST_STEP][PASSED] - println(today): null

2021-03-04 23:10:34 - [TEST_STEP][PASSED] - datText = today: null

2021-03-04 23:10:34 - [TEST_STEP][PASSED] - openBrowser(VLinkURL + "authcap.html"): Browser is opened with url: 'https://dev-algorithm.govolution.com/vlinktest/QA/version_2_0/authcap.html'

2021-03-04 23:10:34 - [MESSAGE][INFO] - Starting 'Chrome' driver

2021-03-04 23:10:34 - [MESSAGE][INFO] - User set preference: ['acceptInsecureCerts', 'true']

2021-03-04 23:10:34 - [MESSAGE][INFO] - Action delay is set to 0 milliseconds

2021-03-04 23:10:36 - [MESSAGE][PASSED] - Browser is opened with url: 'https://dev-algorithm.govolution.com/vlinktest/QA/version_2_0/authcap.html'

2021-03-04 23:10:36 - [TEST_STEP][PASSED] - maximizeWindow(): Current window maximized

2021-03-04 23:10:37 - [MESSAGE][PASSED] - Current window maximized

2021-03-04 23:10:37 - [TEST_STEP][PASSED] - vlinkPages.saleCCPage.setDataSCC(row, dataFile): vlinkPages.saleCCPage.setDataSCC is PASSED

2021-03-04 23:10:38 - [MESSAGE][PASSED] - Object 'Object Repository/VLink/Page_CCSale/txt_CardNumber' is present

2021-03-04 23:10:39 - [MESSAGE][PASSED] - Object 'Object Repository/VLink/Page_CCSale/txt_TransactionType' is present

2021-03-04 23:10:39 - [MESSAGE][PASSED] - Text '104' is set on object 'Object Repository/VLink/Page_CCSale/txt_TransactionType'

2021-03-04 23:10:40 - [MESSAGE][PASSED] - Object 'Object Repository/VLink/Page_CCSale/txt_MessageVersion' is present

2021-03-04 23:10:40 - [MESSAGE][PASSED] - Text '2.0C' is set on object 'Object Repository/VLink/Page_CCSale/txt_MessageVersion'

2021-03-04 23:10:41 - [MESSAGE][PASSED] - Object 'Object Repository/VLink/Page_CCSale/txt_RemID' is present

2021-03-04 23:10:41 - [MESSAGE][PASSED] - Text 'W4GlN5LdSoyG' is set on object 'Object Repository/VLink/Page_CCSale/txt_RemID'

2021-03-04 23:10:41 - [MESSAGE][PASSED] - Object 'Object Repository/VLink/Page_CCSale/txt_ApplicationId' is present

2021-03-04 23:10:42 - [MESSAGE][PASSED] - Text '665' is set on object 'Object Repository/VLink/Page_CCSale/txt_ApplicationId'

2021-03-04 23:10:42 - [MESSAGE][PASSED] - Object 'Object Repository/VLink/Page_CCSale/txt_Username' is present

2021-03-04 23:10:43 - [MESSAGE][PASSED] - Text 'username' is set on object 'Object Repository/VLink/Page_CCSale/txt_Username'

2021-03-04 23:10:43 - [MESSAGE][PASSED] - Object 'Object Repository/VLink/Page_CCSale/txt_Password' is present

2021-03-04 23:10:44 - [MESSAGE][PASSED] - Text 'password' is set on object 'Object Repository/VLink/Page_CCSale/txt_Password'

2021-03-04 23:10:44 - [MESSAGE][PASSED] - Object 'Object Repository/VLink/Page_CCSale/txt_ResponseFormat' is present

2021-03-04 23:10:45 - [MESSAGE][PASSED] - Text 'fixed_width' is set on object 'Object Repository/VLink/Page_CCSale/txt_ResponseFormat'

2021-03-04 23:10:45 - [MESSAGE][PASSED] - Object 'Object Repository/VLink/Page_CCSale/txt_Category' is present

2021-03-04 23:10:46 - [MESSAGE][PASSED] - Text 'MOTO' is set on object 'Object Repository/VLink/Page_CCSale/txt_Category'

2021-03-04 23:10:46 - [MESSAGE][PASSED] - Object 'Object Repository/VLink/Page_CCSale/txt_TransactionID' is present

2021-03-04 23:10:46 - [MESSAGE][PASSED] - Text '' is set on object 'Object Repository/VLink/Page_CCSale/txt_TransactionID'

2021-03-04 23:10:47 - [MESSAGE][PASSED] - Object 'Object Repository/VLink/Page_CCSale/txt_ApprovalCode' is present

2021-03-04 23:10:47 - [MESSAGE][PASSED] - Text '' is set on object 'Object Repository/VLink/Page_CCSale/txt_ApprovalCode'

2021-03-04 23:10:47 - [MESSAGE][PASSED] - Object 'Object Repository/VLink/Page_CCSale/txt_CardName' is present

2021-03-04 23:10:48 - [MESSAGE][PASSED] - Text 'Kris Roshan' is set on object 'Object Repository/VLink/Page_CCSale/txt_CardName'

2021-03-04 23:10:48 - [MESSAGE][PASSED] - Object 'Object Repository/VLink/Page_CCSale/txt_AL1' is present

2021-03-04 23:10:49 - [MESSAGE][PASSED] - Text '258 Elm Road' is set on object 'Object Repository/VLink/Page_CCSale/txt_AL1'

2021-03-04 23:10:49 - [MESSAGE][PASSED] - Object 'Object Repository/VLink/Page_CCSale/txt_AL2' is present

2021-03-04 23:10:50 - [MESSAGE][PASSED] - Text 'Suite 56' is set on object 'Object Repository/VLink/Page_CCSale/txt_AL2'

2021-03-04 23:10:50 - [MESSAGE][PASSED] - Object 'Object Repository/VLink/Page_CCSale/txt_CardCity' is present

2021-03-04 23:10:51 - [MESSAGE][PASSED] - Text 'Arlington' is set on object 'Object Repository/VLink/Page_CCSale/txt_CardCity'

2021-03-04 23:10:51 - [MESSAGE][PASSED] - Object 'Object Repository/VLink/Page_CCSale/txt_CardState' is present

2021-03-04 23:10:52 - [MESSAGE][PASSED] - Text 'VA' is set on object 'Object Repository/VLink/Page_CCSale/txt_CardState'

2021-03-04 23:10:52 - [MESSAGE][PASSED] - Object 'Object Repository/VLink/Page_CCSale/txt_CardZIP' is present

2021-03-04 23:10:53 - [MESSAGE][PASSED] - Text '22201' is set on object 'Object Repository/VLink/Page_CCSale/txt_CardZIP'

2021-03-04 23:10:53 - [MESSAGE][PASSED] - Object 'Object Repository/VLink/Page_CCSale/txt_CountryID' is present

2021-03-04 23:10:54 - [MESSAGE][PASSED] - Text '840' is set on object 'Object Repository/VLink/Page_CCSale/txt_CountryID'

2021-03-04 23:10:54 - [MESSAGE][PASSED] - Object 'Object Repository/VLink/Page_CCSale/txt_Amount' is present

2021-03-04 23:10:55 - [MESSAGE][PASSED] - Text '1.50' is set on object 'Object Repository/VLink/Page_CCSale/txt_Amount'

2021-03-04 23:10:55 - [MESSAGE][PASSED] - Object 'Object Repository/VLink/Page_CCSale/txt_CardNumber' is present

2021-03-04 23:10:56 - [MESSAGE][PASSED] - Text '370000000000002' is set on object 'Object Repository/VLink/Page_CCSale/txt_CardNumber'

2021-03-04 23:10:56 - [MESSAGE][PASSED] - Object 'Object Repository/VLink/Page_CCSale/txt_ExpMonth' is present

2021-03-04 23:10:57 - [MESSAGE][PASSED] - Text '12' is set on object 'Object Repository/VLink/Page_CCSale/txt_ExpMonth'

2021-03-04 23:10:57 - [MESSAGE][PASSED] - Object 'Object Repository/VLink/Page_CCSale/txt_ExpYear' is present

2021-03-04 23:10:58 - [MESSAGE][PASSED] - Text '2025' is set on object 'Object Repository/VLink/Page_CCSale/txt_ExpYear'

2021-03-04 23:10:58 - [MESSAGE][PASSED] - Object 'Object Repository/VLink/Page_CCSale/txt_CVV' is present

2021-03-04 23:10:59 - [MESSAGE][PASSED] - Text '' is set on object 'Object Repository/VLink/Page_CCSale/txt_CVV'

2021-03-04 23:10:59 - [MESSAGE][PASSED] - Object 'Object Repository/VLink/Page_CCSale/txt_CVVstate' is present

2021-03-04 23:11:00 - [MESSAGE][PASSED] - Text '' is set on object 'Object Repository/VLink/Page_CCSale/txt_CVVstate'

2021-03-04 23:11:00 - [MESSAGE][PASSED] - Object 'Object Repository/VLink/Page_CCSale/txt_TrackData' is present

2021-03-04 23:11:01 - [MESSAGE][PASSED] - Text '' is set on object 'Object Repository/VLink/Page_CCSale/txt_TrackData'

2021-03-04 23:11:01 - [MESSAGE][PASSED] - Object 'Object Repository/VLink/Page_CCSale/txt_Track1Data' is present

2021-03-04 23:11:02 - [MESSAGE][PASSED] - Text '' is set on object 'Object Repository/VLink/Page_CCSale/txt_Track1Data'

2021-03-04 23:11:02 - [MESSAGE][PASSED] - Object 'Object Repository/VLink/Page_CCSale/txt_Track2Data' is present

2021-03-04 23:11:03 - [MESSAGE][PASSED] - Text '' is set on object 'Object Repository/VLink/Page_CCSale/txt_Track2Data'

2021-03-04 23:11:03 - [MESSAGE][PASSED] - Object 'Object Repository/VLink/Page_CCSale/txt_POSEntryMode' is present

2021-03-04 23:11:04 - [MESSAGE][PASSED] - Text 'manual' is set on object 'Object Repository/VLink/Page_CCSale/txt_POSEntryMode'

2021-03-04 23:11:04 - [MESSAGE][PASSED] - Object 'Object Repository/VLink/Page_CCSale/txt_Email' is present

2021-03-04 23:11:05 - [MESSAGE][PASSED] - Text 'iahmed@govolution.com' is set on object 'Object Repository/VLink/Page_CCSale/txt_Email'

2021-03-04 23:11:05 - [MESSAGE][PASSED] - Object 'Object Repository/VLink/Page_CCSale/txt_OrderNumber' is present

2021-03-04 23:11:06 - [MESSAGE][PASSED] - Text '2569362' is set on object 'Object Repository/VLink/Page_CCSale/txt_OrderNumber'

2021-03-04 23:11:06 - [MESSAGE][PASSED] - Object 'Object Repository/VLink/Page_CCSale/txt_TaxAmount' is present

2021-03-04 23:11:07 - [MESSAGE][PASSED] - Text '1.15' is set on object 'Object Repository/VLink/Page_CCSale/txt_TaxAmount'

2021-03-04 23:11:07 - [MESSAGE][PASSED] - Object 'Object Repository/VLink/Page_CCSale/txt_ChargeDescription' is present

2021-03-04 23:11:08 - [MESSAGE][PASSED] - Text 'Charge Description' is set on object 'Object Repository/VLink/Page_CCSale/txt_ChargeDescription'

2021-03-04 23:11:08 - [MESSAGE][PASSED] - Object 'Object Repository/VLink/Page_CCSale/txt_CAN' is present

2021-03-04 23:11:08 - [MESSAGE][PASSED] - Text '147357' is set on object 'Object Repository/VLink/Page_CCSale/txt_CAN'

2021-03-04 23:11:09 - [MESSAGE][PASSED] - Object 'Object Repository/VLink/Page_CCSale/txt_BillPaymentIndicator' is present

2021-03-04 23:11:09 - [MESSAGE][PASSED] - Text '1' is set on object 'Object Repository/VLink/Page_CCSale/txt_BillPaymentIndicator'

2021-03-04 23:11:10 - [MESSAGE][PASSED] - Object 'Object Repository/VLink/Page_CCSale/txt_UDF1' is present

2021-03-04 23:11:10 - [MESSAGE][PASSED] - Text 'UDF Data 1' is set on object 'Object Repository/VLink/Page_CCSale/txt_UDF1'

2021-03-04 23:11:11 - [MESSAGE][PASSED] - Object 'Object Repository/VLink/Page_CCSale/txt_UDF2' is present

2021-03-04 23:11:11 - [MESSAGE][PASSED] - Text 'UDF Data 2' is set on object 'Object Repository/VLink/Page_CCSale/txt_UDF2'

2021-03-04 23:11:12 - [MESSAGE][PASSED] - Object 'Object Repository/VLink/Page_CCSale/txt_UDF3' is present

2021-03-04 23:11:12 - [MESSAGE][PASSED] - Text 'UDF Data 3' is set on object 'Object Repository/VLink/Page_CCSale/txt_UDF3'

2021-03-04 23:11:13 - [MESSAGE][PASSED] - Object 'Object Repository/VLink/Page_CCSale/txt_UDF4' is present

2021-03-04 23:11:13 - [MESSAGE][PASSED] - Text 'UDF Data 4' is set on object 'Object Repository/VLink/Page_CCSale/txt_UDF4'

2021-03-04 23:11:14 - [MESSAGE][PASSED] - Object 'Object Repository/VLink/Page_CCSale/txt_UDF5' is present

2021-03-04 23:11:14 - [MESSAGE][PASSED] - Text 'UDF Data 5' is set on object 'Object Repository/VLink/Page_CCSale/txt_UDF5'

2021-03-04 23:11:15 - [MESSAGE][PASSED] - Object 'Object Repository/VLink/Page_CCSale/txt_UDF6' is present

2021-03-04 23:11:15 - [MESSAGE][PASSED] - Text 'UDF Data 6' is set on object 'Object Repository/VLink/Page_CCSale/txt_UDF6'

2021-03-04 23:11:16 - [MESSAGE][PASSED] - Object 'Object Repository/VLink/Page_CCSale/txt_UDF7' is present

2021-03-04 23:11:16 - [MESSAGE][PASSED] - Text 'UDF Data 7' is set on object 'Object Repository/VLink/Page_CCSale/txt_UDF7'

2021-03-04 23:11:17 - [MESSAGE][PASSED] - Object 'Object Repository/VLink/Page_CCSale/txt_UDF8' is present

2021-03-04 23:11:17 - [MESSAGE][PASSED] - Text 'UDF Data 8' is set on object 'Object Repository/VLink/Page_CCSale/txt_UDF8'

2021-03-04 23:11:18 - [MESSAGE][PASSED] - Object 'Object Repository/VLink/Page_CCSale/txt_UDF9' is present

2021-03-04 23:11:18 - [MESSAGE][PASSED] - Text 'UDF Data 9' is set on object 'Object Repository/VLink/Page_CCSale/txt_UDF9'

2021-03-04 23:11:19 - [MESSAGE][PASSED] - Object 'Object Repository/VLink/Page_CCSale/txt_UDF10' is present

2021-03-04 23:11:19 - [MESSAGE][PASSED] - Text 'UDF Data 10' is set on object 'Object Repository/VLink/Page_CCSale/txt_UDF10'

2021-03-04 23:11:20 - [MESSAGE][PASSED] - Object 'Object Repository/VLink/Page_CCSale/txt_CardOnFileIndicator' is present

2021-03-04 23:11:20 - [MESSAGE][PASSED] - Text '' is set on object 'Object Repository/VLink/Page_CCSale/txt_CardOnFileIndicator'

2021-03-04 23:11:21 - [MESSAGE][PASSED] - Object 'Object Repository/VLink/Page_CCSale/txt_StoredCredentialIndicator' is present

2021-03-04 23:11:21 - [MESSAGE][PASSED] - Text '' is set on object 'Object Repository/VLink/Page_CCSale/txt_StoredCredentialIndicator'

2021-03-04 23:11:22 - [MESSAGE][PASSED] - Object 'Object Repository/VLink/Page_CCSale/txt_COFScheduledIndicator' is present

2021-03-04 23:11:22 - [MESSAGE][PASSED] - Text '' is set on object 'Object Repository/VLink/Page_CCSale/txt_COFScheduledIndicator'

2021-03-04 23:11:22 - [MESSAGE][PASSED] - Object 'Object Repository/VLink/Page_CCSale/txt_COFTransactionInitiatedBy' is present

2021-03-04 23:11:23 - [MESSAGE][PASSED] - Text '' is set on object 'Object Repository/VLink/Page_CCSale/txt_COFTransactionInitiatedBy'

2021-03-04 23:11:26 - [MESSAGE][PASSED] - Object: 'Object Repository/VLink/Page_CCSale/btn_ProcessVLinkTransaction' is clicked on

2021-03-04 23:11:31 - [MESSAGE][PASSED] - vlinkPages.saleCCPage.setDataSCC is PASSED

2021-03-04 23:11:31 - [TEST_STEP][PASSED] - if (verifyTextPresent("Transaction approved, no errors", true)): null

2021-03-04 23:11:31 - [MESSAGE][PASSED] - Text 'Transaction approved, no errors' is present on page  using regular expression

2021-03-04 23:11:31 - [TEST_STEP][PASSED] - println("Transaction Approved, no errors text is present on the Confirmation page"): null

2021-03-04 23:11:31 - [TEST_STEP][PASSED] - out.println("Pass Record Number: " + row): null

2021-03-04 23:11:31 - [TEST_STEP][PASSED] - resText = "Pass": null

2021-03-04 23:11:31 - [TEST_STEP][PASSED] - pages.WriteExcel.demoKey(resText, datText, resColumn, datCloumn, fileLoc, nameSheet, row): pages.WriteExcel.demoKey is PASSED

2021-03-04 23:11:31 - [MESSAGE][PASSED] - pages.WriteExcel.demoKey is PASSED

2021-03-04 23:11:31 - [TEST_STEP][PASSED] - sdfo = getText(findTestObject("Object Repository/Page_VLinkReceipt/pre_STX")): Text of object 'Object Repository/Page_VLinkReceipt/pre_STX' is: '<STX>W4GlN5LdSoyG                  12089855            0  Transaction approved, no errors                   0                                                                                  X OK1140   <ETX>'

2021-03-04 23:11:32 - [MESSAGE][PASSED] - Text of object 'Object Repository/Page_VLinkReceipt/pre_STX' is: '<STX>W4GlN5LdSoyG                  12089855            0  Transaction approved, no errors                   0                                                                                  X OK1140   <ETX>'

2021-03-04 23:11:32 - [TEST_STEP][PASSED] - out.println("sdfo: " + sdfo): null

2021-03-04 23:11:32 - [TEST_STEP][PASSED] - remID = substring(5, 35).trim(): null

2021-03-04 23:11:32 - [TEST_STEP][PASSED] - out.println("Remittance ID: " + remID): null

2021-03-04 23:11:32 - [TEST_STEP][PASSED] - traxID = substring(35, 55).trim(): null

2021-03-04 23:11:32 - [TEST_STEP][PASSED] - out.println("Transaction ID: " + traxID): null

2021-03-04 23:11:32 - [TEST_STEP][PASSED] - out.println("End Record Number: " + row): null

2021-03-04 23:11:32 - [TEST_STEP][PASSED] - closeBrowser(): Browser is closed

2021-03-04 23:11:32 - [MESSAGE][PASSED] - Browser is closed

2021-03-04 23:11:32 - [TEST_STEP][PASSED] - out.println("Begin Record Number: " + row): null

2021-03-04 23:11:32 - [TEST_STEP][PASSED] - today = new java.util.Date(): null

2021-03-04 23:11:32 - [TEST_STEP][PASSED] - println(today): null

2021-03-04 23:11:32 - [TEST_STEP][PASSED] - datText = today: null

2021-03-04 23:11:32 - [TEST_STEP][PASSED] - openBrowser(VLinkURL + "authcap.html"): Browser is opened with url: 'https://dev-algorithm.govolution.com/vlinktest/QA/version_2_0/authcap.html'

2021-03-04 23:11:32 - [MESSAGE][INFO] - Starting 'Chrome' driver

2021-03-04 23:11:32 - [MESSAGE][INFO] - User set preference: ['acceptInsecureCerts', 'true']

2021-03-04 23:11:32 - [MESSAGE][INFO] - Action delay is set to 0 milliseconds

2021-03-04 23:11:34 - [MESSAGE][PASSED] - Browser is opened with url: 'https://dev-algorithm.govolution.com/vlinktest/QA/version_2_0/authcap.html'

2021-03-04 23:11:34 - [TEST_STEP][PASSED] - maximizeWindow(): Current window maximized

2021-03-04 23:11:35 - [MESSAGE][PASSED] - Current window maximized

2021-03-04 23:11:35 - [TEST_STEP][PASSED] - vlinkPages.saleCCPage.setDataSCC(row, dataFile): vlinkPages.saleCCPage.setDataSCC is PASSED

2021-03-04 23:11:36 - [MESSAGE][PASSED] - Object 'Object Repository/VLink/Page_CCSale/txt_CardNumber' is present

2021-03-04 23:11:37 - [MESSAGE][PASSED] - Object 'Object Repository/VLink/Page_CCSale/txt_TransactionType' is present

2021-03-04 23:11:37 - [MESSAGE][PASSED] - Text '104' is set on object 'Object Repository/VLink/Page_CCSale/txt_TransactionType'

2021-03-04 23:11:38 - [MESSAGE][PASSED] - Object 'Object Repository/VLink/Page_CCSale/txt_MessageVersion' is present

2021-03-04 23:11:38 - [MESSAGE][PASSED] - Text '2.0C' is set on object 'Object Repository/VLink/Page_CCSale/txt_MessageVersion'

2021-03-04 23:11:39 - [MESSAGE][PASSED] - Object 'Object Repository/VLink/Page_CCSale/txt_RemID' is present

2021-03-04 23:11:39 - [MESSAGE][PASSED] - Text 'nNK5taANCnFD' is set on object 'Object Repository/VLink/Page_CCSale/txt_RemID'

2021-03-04 23:11:40 - [MESSAGE][PASSED] - Object 'Object Repository/VLink/Page_CCSale/txt_ApplicationId' is present

2021-03-04 23:11:40 - [MESSAGE][PASSED] - Text '672' is set on object 'Object Repository/VLink/Page_CCSale/txt_ApplicationId'

2021-03-04 23:11:41 - [MESSAGE][PASSED] - Object 'Object Repository/VLink/Page_CCSale/txt_Username' is present

2021-03-04 23:11:41 - [MESSAGE][PASSED] - Text 'username' is set on object 'Object Repository/VLink/Page_CCSale/txt_Username'

2021-03-04 23:11:41 - [MESSAGE][PASSED] - Object 'Object Repository/VLink/Page_CCSale/txt_Password' is present

2021-03-04 23:11:42 - [MESSAGE][PASSED] - Text 'password' is set on object 'Object Repository/VLink/Page_CCSale/txt_Password'

2021-03-04 23:11:42 - [MESSAGE][PASSED] - Object 'Object Repository/VLink/Page_CCSale/txt_ResponseFormat' is present

2021-03-04 23:11:43 - [MESSAGE][PASSED] - Text 'fixed_width' is set on object 'Object Repository/VLink/Page_CCSale/txt_ResponseFormat'

2021-03-04 23:11:43 - [MESSAGE][PASSED] - Object 'Object Repository/VLink/Page_CCSale/txt_Category' is present

2021-03-04 23:11:44 - [MESSAGE][PASSED] - Text 'MOTO' is set on object 'Object Repository/VLink/Page_CCSale/txt_Category'

2021-03-04 23:11:44 - [MESSAGE][PASSED] - Object 'Object Repository/VLink/Page_CCSale/txt_TransactionID' is present

2021-03-04 23:11:45 - [MESSAGE][PASSED] - Text '' is set on object 'Object Repository/VLink/Page_CCSale/txt_TransactionID'

2021-03-04 23:11:45 - [MESSAGE][PASSED] - Object 'Object Repository/VLink/Page_CCSale/txt_ApprovalCode' is present

2021-03-04 23:11:45 - [MESSAGE][PASSED] - Text '' is set on object 'Object Repository/VLink/Page_CCSale/txt_ApprovalCode'

2021-03-04 23:11:46 - [MESSAGE][PASSED] - Object 'Object Repository/VLink/Page_CCSale/txt_CardName' is present

2021-03-04 23:11:46 - [MESSAGE][PASSED] - Text 'Arvind Silva' is set on object 'Object Repository/VLink/Page_CCSale/txt_CardName'

2021-03-04 23:11:47 - [MESSAGE][PASSED] - Object 'Object Repository/VLink/Page_CCSale/txt_AL1' is present

2021-03-04 23:11:47 - [MESSAGE][PASSED] - Text '111 Main Ave' is set on object 'Object Repository/VLink/Page_CCSale/txt_AL1'

2021-03-04 23:11:47 - [MESSAGE][PASSED] - Object 'Object Repository/VLink/Page_CCSale/txt_AL2' is present

2021-03-04 23:11:48 - [MESSAGE][PASSED] - Text '' is set on object 'Object Repository/VLink/Page_CCSale/txt_AL2'

2021-03-04 23:11:48 - [MESSAGE][PASSED] - Object 'Object Repository/VLink/Page_CCSale/txt_CardCity' is present

2021-03-04 23:11:49 - [MESSAGE][PASSED] - Text 'Arlington' is set on object 'Object Repository/VLink/Page_CCSale/txt_CardCity'

2021-03-04 23:11:49 - [MESSAGE][PASSED] - Object 'Object Repository/VLink/Page_CCSale/txt_CardState' is present

2021-03-04 23:11:50 - [MESSAGE][PASSED] - Text 'VA' is set on object 'Object Repository/VLink/Page_CCSale/txt_CardState'

2021-03-04 23:11:50 - [MESSAGE][PASSED] - Object 'Object Repository/VLink/Page_CCSale/txt_CardZIP' is present

2021-03-04 23:11:51 - [MESSAGE][PASSED] - Text '22201' is set on object 'Object Repository/VLink/Page_CCSale/txt_CardZIP'

2021-03-04 23:11:51 - [MESSAGE][PASSED] - Object 'Object Repository/VLink/Page_CCSale/txt_CountryID' is present

2021-03-04 23:11:52 - [MESSAGE][PASSED] - Text '' is set on object 'Object Repository/VLink/Page_CCSale/txt_CountryID'

2021-03-04 23:11:52 - [MESSAGE][PASSED] - Object 'Object Repository/VLink/Page_CCSale/txt_Amount' is present

2021-03-04 23:11:53 - [MESSAGE][PASSED] - Text '2.50' is set on object 'Object Repository/VLink/Page_CCSale/txt_Amount'

2021-03-04 23:11:53 - [MESSAGE][PASSED] - Object 'Object Repository/VLink/Page_CCSale/txt_CardNumber' is present

2021-03-04 23:11:54 - [MESSAGE][PASSED] - Text '370000000000002' is set on object 'Object Repository/VLink/Page_CCSale/txt_CardNumber'

2021-03-04 23:11:54 - [MESSAGE][PASSED] - Object 'Object Repository/VLink/Page_CCSale/txt_ExpMonth' is present

2021-03-04 23:11:55 - [MESSAGE][PASSED] - Text '01' is set on object 'Object Repository/VLink/Page_CCSale/txt_ExpMonth'

2021-03-04 23:11:55 - [MESSAGE][PASSED] - Object 'Object Repository/VLink/Page_CCSale/txt_ExpYear' is present

2021-03-04 23:11:56 - [MESSAGE][PASSED] - Text '2026' is set on object 'Object Repository/VLink/Page_CCSale/txt_ExpYear'

2021-03-04 23:11:56 - [MESSAGE][PASSED] - Object 'Object Repository/VLink/Page_CCSale/txt_CVV' is present

2021-03-04 23:11:57 - [MESSAGE][PASSED] - Text '' is set on object 'Object Repository/VLink/Page_CCSale/txt_CVV'

2021-03-04 23:11:57 - [MESSAGE][PASSED] - Object 'Object Repository/VLink/Page_CCSale/txt_CVVstate' is present

2021-03-04 23:11:58 - [MESSAGE][PASSED] - Text '' is set on object 'Object Repository/VLink/Page_CCSale/txt_CVVstate'

2021-03-04 23:11:58 - [MESSAGE][PASSED] - Object 'Object Repository/VLink/Page_CCSale/txt_TrackData' is present

2021-03-04 23:11:59 - [MESSAGE][PASSED] - Text '' is set on object 'Object Repository/VLink/Page_CCSale/txt_TrackData'

2021-03-04 23:11:59 - [MESSAGE][PASSED] - Object 'Object Repository/VLink/Page_CCSale/txt_Track1Data' is present

2021-03-04 23:12:00 - [MESSAGE][PASSED] - Text '' is set on object 'Object Repository/VLink/Page_CCSale/txt_Track1Data'

2021-03-04 23:12:00 - [MESSAGE][PASSED] - Object 'Object Repository/VLink/Page_CCSale/txt_Track2Data' is present

2021-03-04 23:12:01 - [MESSAGE][PASSED] - Text '' is set on object 'Object Repository/VLink/Page_CCSale/txt_Track2Data'

2021-03-04 23:12:01 - [MESSAGE][PASSED] - Object 'Object Repository/VLink/Page_CCSale/txt_POSEntryMode' is present

2021-03-04 23:12:02 - [MESSAGE][PASSED] - Text 'manual' is set on object 'Object Repository/VLink/Page_CCSale/txt_POSEntryMode'

2021-03-04 23:12:02 - [MESSAGE][PASSED] - Object 'Object Repository/VLink/Page_CCSale/txt_Email' is present

2021-03-04 23:12:03 - [MESSAGE][PASSED] - Text '' is set on object 'Object Repository/VLink/Page_CCSale/txt_Email'

2021-03-04 23:12:03 - [MESSAGE][PASSED] - Object 'Object Repository/VLink/Page_CCSale/txt_OrderNumber' is present

2021-03-04 23:12:04 - [MESSAGE][PASSED] - Text '' is set on object 'Object Repository/VLink/Page_CCSale/txt_OrderNumber'

2021-03-04 23:12:04 - [MESSAGE][PASSED] - Object 'Object Repository/VLink/Page_CCSale/txt_TaxAmount' is present

2021-03-04 23:12:05 - [MESSAGE][PASSED] - Text '' is set on object 'Object Repository/VLink/Page_CCSale/txt_TaxAmount'

2021-03-04 23:12:05 - [MESSAGE][PASSED] - Object 'Object Repository/VLink/Page_CCSale/txt_ChargeDescription' is present

2021-03-04 23:12:06 - [MESSAGE][PASSED] - Text '' is set on object 'Object Repository/VLink/Page_CCSale/txt_ChargeDescription'

2021-03-04 23:12:06 - [MESSAGE][PASSED] - Object 'Object Repository/VLink/Page_CCSale/txt_CAN' is present

2021-03-04 23:12:07 - [MESSAGE][PASSED] - Text '' is set on object 'Object Repository/VLink/Page_CCSale/txt_CAN'

2021-03-04 23:12:07 - [MESSAGE][PASSED] - Object 'Object Repository/VLink/Page_CCSale/txt_BillPaymentIndicator' is present

2021-03-04 23:12:08 - [MESSAGE][PASSED] - Text '' is set on object 'Object Repository/VLink/Page_CCSale/txt_BillPaymentIndicator'

2021-03-04 23:12:08 - [MESSAGE][PASSED] - Object 'Object Repository/VLink/Page_CCSale/txt_UDF1' is present

2021-03-04 23:12:09 - [MESSAGE][PASSED] - Text '' is set on object 'Object Repository/VLink/Page_CCSale/txt_UDF1'

2021-03-04 23:12:09 - [MESSAGE][PASSED] - Object 'Object Repository/VLink/Page_CCSale/txt_UDF2' is present

2021-03-04 23:12:10 - [MESSAGE][PASSED] - Text '' is set on object 'Object Repository/VLink/Page_CCSale/txt_UDF2'

2021-03-04 23:12:10 - [MESSAGE][PASSED] - Object 'Object Repository/VLink/Page_CCSale/txt_UDF3' is present

2021-03-04 23:12:11 - [MESSAGE][PASSED] - Text '' is set on object 'Object Repository/VLink/Page_CCSale/txt_UDF3'

2021-03-04 23:12:11 - [MESSAGE][PASSED] - Object 'Object Repository/VLink/Page_CCSale/txt_UDF4' is present

2021-03-04 23:12:12 - [MESSAGE][PASSED] - Text '' is set on object 'Object Repository/VLink/Page_CCSale/txt_UDF4'

2021-03-04 23:12:12 - [MESSAGE][PASSED] - Object 'Object Repository/VLink/Page_CCSale/txt_UDF5' is present

2021-03-04 23:12:12 - [MESSAGE][PASSED] - Text '' is set on object 'Object Repository/VLink/Page_CCSale/txt_UDF5'

2021-03-04 23:12:13 - [MESSAGE][PASSED] - Object 'Object Repository/VLink/Page_CCSale/txt_UDF6' is present

2021-03-04 23:12:13 - [MESSAGE][PASSED] - Text '' is set on object 'Object Repository/VLink/Page_CCSale/txt_UDF6'

2021-03-04 23:12:14 - [MESSAGE][PASSED] - Object 'Object Repository/VLink/Page_CCSale/txt_UDF7' is present

2021-03-04 23:12:14 - [MESSAGE][PASSED] - Text '' is set on object 'Object Repository/VLink/Page_CCSale/txt_UDF7'

2021-03-04 23:12:15 - [MESSAGE][PASSED] - Object 'Object Repository/VLink/Page_CCSale/txt_UDF8' is present

2021-03-04 23:12:15 - [MESSAGE][PASSED] - Text '' is set on object 'Object Repository/VLink/Page_CCSale/txt_UDF8'

2021-03-04 23:12:16 - [MESSAGE][PASSED] - Object 'Object Repository/VLink/Page_CCSale/txt_UDF9' is present

2021-03-04 23:12:16 - [MESSAGE][PASSED] - Text '' is set on object 'Object Repository/VLink/Page_CCSale/txt_UDF9'

2021-03-04 23:12:17 - [MESSAGE][PASSED] - Object 'Object Repository/VLink/Page_CCSale/txt_UDF10' is present

2021-03-04 23:12:17 - [MESSAGE][PASSED] - Text '' is set on object 'Object Repository/VLink/Page_CCSale/txt_UDF10'

2021-03-04 23:12:18 - [MESSAGE][PASSED] - Object 'Object Repository/VLink/Page_CCSale/txt_CardOnFileIndicator' is present

2021-03-04 23:12:18 - [MESSAGE][PASSED] - Text '' is set on object 'Object Repository/VLink/Page_CCSale/txt_CardOnFileIndicator'

2021-03-04 23:12:19 - [MESSAGE][PASSED] - Object 'Object Repository/VLink/Page_CCSale/txt_StoredCredentialIndicator' is present

2021-03-04 23:12:19 - [MESSAGE][PASSED] - Text '' is set on object 'Object Repository/VLink/Page_CCSale/txt_StoredCredentialIndicator'

2021-03-04 23:12:20 - [MESSAGE][PASSED] - Object 'Object Repository/VLink/Page_CCSale/txt_COFScheduledIndicator' is present

2021-03-04 23:12:20 - [MESSAGE][PASSED] - Text '' is set on object 'Object Repository/VLink/Page_CCSale/txt_COFScheduledIndicator'

2021-03-04 23:12:21 - [MESSAGE][PASSED] - Object 'Object Repository/VLink/Page_CCSale/txt_COFTransactionInitiatedBy' is present

2021-03-04 23:12:21 - [MESSAGE][PASSED] - Text '' is set on object 'Object Repository/VLink/Page_CCSale/txt_COFTransactionInitiatedBy'

2021-03-04 23:12:26 - [MESSAGE][PASSED] - Object: 'Object Repository/VLink/Page_CCSale/btn_ProcessVLinkTransaction' is clicked on

2021-03-04 23:12:31 - [MESSAGE][PASSED] - vlinkPages.saleCCPage.setDataSCC is PASSED

2021-03-04 23:12:31 - [TEST_STEP][PASSED] - if (verifyTextPresent("Transaction approved, no errors", true)): null

2021-03-04 23:12:31 - [MESSAGE][PASSED] - Text 'Transaction approved, no errors' is present on page  using regular expression

2021-03-04 23:12:31 - [TEST_STEP][PASSED] - println("Transaction Approved, no errors text is present on the Confirmation page"): null

2021-03-04 23:12:31 - [TEST_STEP][PASSED] - out.println("Pass Record Number: " + row): null

2021-03-04 23:12:31 - [TEST_STEP][PASSED] - resText = "Pass": null

2021-03-04 23:12:31 - [TEST_STEP][PASSED] - pages.WriteExcel.demoKey(resText, datText, resColumn, datCloumn, fileLoc, nameSheet, row): pages.WriteExcel.demoKey is PASSED

2021-03-04 23:12:31 - [MESSAGE][PASSED] - pages.WriteExcel.demoKey is PASSED

2021-03-04 23:12:31 - [TEST_STEP][PASSED] - sdfo = getText(findTestObject("Object Repository/Page_VLinkReceipt/pre_STX")): Text of object 'Object Repository/Page_VLinkReceipt/pre_STX' is: '<STX>nNK5taANCnFD                  12089856            0  Transaction approved, no errors                   0                                                                                  X OK1270   <ETX>'

2021-03-04 23:12:31 - [MESSAGE][PASSED] - Text of object 'Object Repository/Page_VLinkReceipt/pre_STX' is: '<STX>nNK5taANCnFD                  12089856            0  Transaction approved, no errors                   0                                                                                  X OK1270   <ETX>'

2021-03-04 23:12:31 - [TEST_STEP][PASSED] - out.println("sdfo: " + sdfo): null

2021-03-04 23:12:31 - [TEST_STEP][PASSED] - remID = substring(5, 35).trim(): null

2021-03-04 23:12:31 - [TEST_STEP][PASSED] - out.println("Remittance ID: " + remID): null

2021-03-04 23:12:31 - [TEST_STEP][PASSED] - traxID = substring(35, 55).trim(): null

2021-03-04 23:12:31 - [TEST_STEP][PASSED] - out.println("Transaction ID: " + traxID): null

2021-03-04 23:12:31 - [TEST_STEP][PASSED] - out.println("End Record Number: " + row): null

2021-03-04 23:12:31 - [TEST_STEP][PASSED] - closeBrowser(): Browser is closed

2021-03-04 23:12:32 - [MESSAGE][PASSED] - Browser is closed

2021-03-04 23:12:32 - [TEST_STEP][PASSED] - out.println("Begin Record Number: " + row): null

2021-03-04 23:12:32 - [TEST_STEP][PASSED] - today = new java.util.Date(): null

2021-03-04 23:12:32 - [TEST_STEP][PASSED] - println(today): null

2021-03-04 23:12:32 - [TEST_STEP][PASSED] - datText = today: null

2021-03-04 23:12:32 - [TEST_STEP][PASSED] - openBrowser(VLinkURL + "authcap.html"): Browser is opened with url: 'https://dev-algorithm.govolution.com/vlinktest/QA/version_2_0/authcap.html'

2021-03-04 23:12:32 - [MESSAGE][INFO] - Starting 'Chrome' driver

2021-03-04 23:12:32 - [MESSAGE][INFO] - User set preference: ['acceptInsecureCerts', 'true']

2021-03-04 23:12:32 - [MESSAGE][INFO] - Action delay is set to 0 milliseconds

2021-03-04 23:12:34 - [MESSAGE][PASSED] - Browser is opened with url: 'https://dev-algorithm.govolution.com/vlinktest/QA/version_2_0/authcap.html'

2021-03-04 23:12:34 - [TEST_STEP][PASSED] - maximizeWindow(): Current window maximized

2021-03-04 23:12:34 - [MESSAGE][PASSED] - Current window maximized

2021-03-04 23:12:34 - [TEST_STEP][PASSED] - vlinkPages.saleCCPage.setDataSCC(row, dataFile): vlinkPages.saleCCPage.setDataSCC is PASSED

2021-03-04 23:12:36 - [MESSAGE][PASSED] - Object 'Object Repository/VLink/Page_CCSale/txt_CardNumber' is present

2021-03-04 23:12:36 - [MESSAGE][PASSED] - Object 'Object Repository/VLink/Page_CCSale/txt_TransactionType' is present

2021-03-04 23:12:37 - [MESSAGE][PASSED] - Text '104' is set on object 'Object Repository/VLink/Page_CCSale/txt_TransactionType'

2021-03-04 23:12:37 - [MESSAGE][PASSED] - Object 'Object Repository/VLink/Page_CCSale/txt_MessageVersion' is present

2021-03-04 23:12:38 - [MESSAGE][PASSED] - Text '2.0C' is set on object 'Object Repository/VLink/Page_CCSale/txt_MessageVersion'

2021-03-04 23:12:38 - [MESSAGE][PASSED] - Object 'Object Repository/VLink/Page_CCSale/txt_RemID' is present

2021-03-04 23:12:39 - [MESSAGE][PASSED] - Text 'z6u2m2bT6Q5L' is set on object 'Object Repository/VLink/Page_CCSale/txt_RemID'

2021-03-04 23:12:39 - [MESSAGE][PASSED] - Object 'Object Repository/VLink/Page_CCSale/txt_ApplicationId' is present

2021-03-04 23:12:40 - [MESSAGE][PASSED] - Text '677' is set on object 'Object Repository/VLink/Page_CCSale/txt_ApplicationId'

2021-03-04 23:12:40 - [MESSAGE][PASSED] - Object 'Object Repository/VLink/Page_CCSale/txt_Username' is present

2021-03-04 23:12:40 - [MESSAGE][PASSED] - Text 'username' is set on object 'Object Repository/VLink/Page_CCSale/txt_Username'

2021-03-04 23:12:41 - [MESSAGE][PASSED] - Object 'Object Repository/VLink/Page_CCSale/txt_Password' is present

2021-03-04 23:12:41 - [MESSAGE][PASSED] - Text 'password' is set on object 'Object Repository/VLink/Page_CCSale/txt_Password'

2021-03-04 23:12:42 - [MESSAGE][PASSED] - Object 'Object Repository/VLink/Page_CCSale/txt_ResponseFormat' is present

2021-03-04 23:12:42 - [MESSAGE][PASSED] - Text 'fixed_width' is set on object 'Object Repository/VLink/Page_CCSale/txt_ResponseFormat'

2021-03-04 23:12:43 - [MESSAGE][PASSED] - Object 'Object Repository/VLink/Page_CCSale/txt_Category' is present

2021-03-04 23:12:43 - [MESSAGE][PASSED] - Text 'MOTO' is set on object 'Object Repository/VLink/Page_CCSale/txt_Category'

2021-03-04 23:12:44 - [MESSAGE][PASSED] - Object 'Object Repository/VLink/Page_CCSale/txt_TransactionID' is present

2021-03-04 23:12:44 - [MESSAGE][PASSED] - Text '' is set on object 'Object Repository/VLink/Page_CCSale/txt_TransactionID'

2021-03-04 23:12:45 - [MESSAGE][PASSED] - Object 'Object Repository/VLink/Page_CCSale/txt_ApprovalCode' is present

2021-03-04 23:12:45 - [MESSAGE][PASSED] - Text '' is set on object 'Object Repository/VLink/Page_CCSale/txt_ApprovalCode'

2021-03-04 23:12:46 - [MESSAGE][PASSED] - Object 'Object Repository/VLink/Page_CCSale/txt_CardName' is present

2021-03-04 23:12:46 - [MESSAGE][PASSED] - Text 'Roshan Maha' is set on object 'Object Repository/VLink/Page_CCSale/txt_CardName'

2021-03-04 23:12:46 - [MESSAGE][PASSED] - Object 'Object Repository/VLink/Page_CCSale/txt_AL1' is present

2021-03-04 23:12:47 - [MESSAGE][PASSED] - Text '12563 Bazaar road' is set on object 'Object Repository/VLink/Page_CCSale/txt_AL1'

2021-03-04 23:12:47 - [MESSAGE][PASSED] - Object 'Object Repository/VLink/Page_CCSale/txt_AL2' is present

2021-03-04 23:12:48 - [MESSAGE][PASSED] - Text '' is set on object 'Object Repository/VLink/Page_CCSale/txt_AL2'

2021-03-04 23:12:48 - [MESSAGE][PASSED] - Object 'Object Repository/VLink/Page_CCSale/txt_CardCity' is present

2021-03-04 23:12:49 - [MESSAGE][PASSED] - Text 'Crofton' is set on object 'Object Repository/VLink/Page_CCSale/txt_CardCity'

2021-03-04 23:12:49 - [MESSAGE][PASSED] - Object 'Object Repository/VLink/Page_CCSale/txt_CardState' is present

2021-03-04 23:12:50 - [MESSAGE][PASSED] - Text 'MD' is set on object 'Object Repository/VLink/Page_CCSale/txt_CardState'

2021-03-04 23:12:50 - [MESSAGE][PASSED] - Object 'Object Repository/VLink/Page_CCSale/txt_CardZIP' is present

2021-03-04 23:12:51 - [MESSAGE][PASSED] - Text '21114' is set on object 'Object Repository/VLink/Page_CCSale/txt_CardZIP'

2021-03-04 23:12:51 - [MESSAGE][PASSED] - Object 'Object Repository/VLink/Page_CCSale/txt_CountryID' is present

2021-03-04 23:12:52 - [MESSAGE][PASSED] - Text '' is set on object 'Object Repository/VLink/Page_CCSale/txt_CountryID'

2021-03-04 23:12:52 - [MESSAGE][PASSED] - Object 'Object Repository/VLink/Page_CCSale/txt_Amount' is present

2021-03-04 23:12:53 - [MESSAGE][PASSED] - Text '3.50' is set on object 'Object Repository/VLink/Page_CCSale/txt_Amount'

2021-03-04 23:12:53 - [MESSAGE][PASSED] - Object 'Object Repository/VLink/Page_CCSale/txt_CardNumber' is present

2021-03-04 23:12:54 - [MESSAGE][PASSED] - Text '370000000000002' is set on object 'Object Repository/VLink/Page_CCSale/txt_CardNumber'

2021-03-04 23:12:54 - [MESSAGE][PASSED] - Object 'Object Repository/VLink/Page_CCSale/txt_ExpMonth' is present

2021-03-04 23:12:55 - [MESSAGE][PASSED] - Text '01' is set on object 'Object Repository/VLink/Page_CCSale/txt_ExpMonth'

2021-03-04 23:12:55 - [MESSAGE][PASSED] - Object 'Object Repository/VLink/Page_CCSale/txt_ExpYear' is present

2021-03-04 23:12:56 - [MESSAGE][PASSED] - Text '2026' is set on object 'Object Repository/VLink/Page_CCSale/txt_ExpYear'

2021-03-04 23:12:56 - [MESSAGE][PASSED] - Object 'Object Repository/VLink/Page_CCSale/txt_CVV' is present

2021-03-04 23:12:57 - [MESSAGE][PASSED] - Text '' is set on object 'Object Repository/VLink/Page_CCSale/txt_CVV'

2021-03-04 23:12:57 - [MESSAGE][PASSED] - Object 'Object Repository/VLink/Page_CCSale/txt_CVVstate' is present

2021-03-04 23:12:58 - [MESSAGE][PASSED] - Text '' is set on object 'Object Repository/VLink/Page_CCSale/txt_CVVstate'

2021-03-04 23:12:58 - [MESSAGE][PASSED] - Object 'Object Repository/VLink/Page_CCSale/txt_TrackData' is present

2021-03-04 23:12:59 - [MESSAGE][PASSED] - Text '' is set on object 'Object Repository/VLink/Page_CCSale/txt_TrackData'

2021-03-04 23:12:59 - [MESSAGE][PASSED] - Object 'Object Repository/VLink/Page_CCSale/txt_Track1Data' is present

2021-03-04 23:13:00 - [MESSAGE][PASSED] - Text '' is set on object 'Object Repository/VLink/Page_CCSale/txt_Track1Data'

2021-03-04 23:13:00 - [MESSAGE][PASSED] - Object 'Object Repository/VLink/Page_CCSale/txt_Track2Data' is present

2021-03-04 23:13:01 - [MESSAGE][PASSED] - Text '' is set on object 'Object Repository/VLink/Page_CCSale/txt_Track2Data'

2021-03-04 23:13:01 - [MESSAGE][PASSED] - Object 'Object Repository/VLink/Page_CCSale/txt_POSEntryMode' is present

2021-03-04 23:13:02 - [MESSAGE][PASSED] - Text 'manual' is set on object 'Object Repository/VLink/Page_CCSale/txt_POSEntryMode'

2021-03-04 23:13:02 - [MESSAGE][PASSED] - Object 'Object Repository/VLink/Page_CCSale/txt_Email' is present

2021-03-04 23:13:03 - [MESSAGE][PASSED] - Text '' is set on object 'Object Repository/VLink/Page_CCSale/txt_Email'

2021-03-04 23:13:03 - [MESSAGE][PASSED] - Object 'Object Repository/VLink/Page_CCSale/txt_OrderNumber' is present

2021-03-04 23:13:04 - [MESSAGE][PASSED] - Text '' is set on object 'Object Repository/VLink/Page_CCSale/txt_OrderNumber'

2021-03-04 23:13:04 - [MESSAGE][PASSED] - Object 'Object Repository/VLink/Page_CCSale/txt_TaxAmount' is present

2021-03-04 23:13:05 - [MESSAGE][PASSED] - Text '' is set on object 'Object Repository/VLink/Page_CCSale/txt_TaxAmount'

2021-03-04 23:13:05 - [MESSAGE][PASSED] - Object 'Object Repository/VLink/Page_CCSale/txt_ChargeDescription' is present

2021-03-04 23:13:05 - [MESSAGE][PASSED] - Text '' is set on object 'Object Repository/VLink/Page_CCSale/txt_ChargeDescription'

2021-03-04 23:13:06 - [MESSAGE][PASSED] - Object 'Object Repository/VLink/Page_CCSale/txt_CAN' is present

2021-03-04 23:13:06 - [MESSAGE][PASSED] - Text '' is set on object 'Object Repository/VLink/Page_CCSale/txt_CAN'

2021-03-04 23:13:07 - [MESSAGE][PASSED] - Object 'Object Repository/VLink/Page_CCSale/txt_BillPaymentIndicator' is present

2021-03-04 23:13:07 - [MESSAGE][PASSED] - Text '' is set on object 'Object Repository/VLink/Page_CCSale/txt_BillPaymentIndicator'

2021-03-04 23:13:08 - [MESSAGE][PASSED] - Object 'Object Repository/VLink/Page_CCSale/txt_UDF1' is present

2021-03-04 23:13:08 - [MESSAGE][PASSED] - Text '' is set on object 'Object Repository/VLink/Page_CCSale/txt_UDF1'

2021-03-04 23:13:09 - [MESSAGE][PASSED] - Object 'Object Repository/VLink/Page_CCSale/txt_UDF2' is present

2021-03-04 23:13:09 - [MESSAGE][PASSED] - Text '' is set on object 'Object Repository/VLink/Page_CCSale/txt_UDF2'

2021-03-04 23:13:10 - [MESSAGE][PASSED] - Object 'Object Repository/VLink/Page_CCSale/txt_UDF3' is present

2021-03-04 23:13:10 - [MESSAGE][PASSED] - Text '' is set on object 'Object Repository/VLink/Page_CCSale/txt_UDF3'

2021-03-04 23:13:11 - [MESSAGE][PASSED] - Object 'Object Repository/VLink/Page_CCSale/txt_UDF4' is present

2021-03-04 23:13:11 - [MESSAGE][PASSED] - Text '' is set on object 'Object Repository/VLink/Page_CCSale/txt_UDF4'

2021-03-04 23:13:12 - [MESSAGE][PASSED] - Object 'Object Repository/VLink/Page_CCSale/txt_UDF5' is present

2021-03-04 23:13:12 - [MESSAGE][PASSED] - Text '' is set on object 'Object Repository/VLink/Page_CCSale/txt_UDF5'

2021-03-04 23:13:13 - [MESSAGE][PASSED] - Object 'Object Repository/VLink/Page_CCSale/txt_UDF6' is present

2021-03-04 23:13:13 - [MESSAGE][PASSED] - Text '' is set on object 'Object Repository/VLink/Page_CCSale/txt_UDF6'

2021-03-04 23:13:14 - [MESSAGE][PASSED] - Object 'Object Repository/VLink/Page_CCSale/txt_UDF7' is present

2021-03-04 23:13:14 - [MESSAGE][PASSED] - Text '' is set on object 'Object Repository/VLink/Page_CCSale/txt_UDF7'

2021-03-04 23:13:15 - [MESSAGE][PASSED] - Object 'Object Repository/VLink/Page_CCSale/txt_UDF8' is present

2021-03-04 23:13:15 - [MESSAGE][PASSED] - Text '' is set on object 'Object Repository/VLink/Page_CCSale/txt_UDF8'

2021-03-04 23:13:16 - [MESSAGE][PASSED] - Object 'Object Repository/VLink/Page_CCSale/txt_UDF9' is present

2021-03-04 23:13:16 - [MESSAGE][PASSED] - Text '' is set on object 'Object Repository/VLink/Page_CCSale/txt_UDF9'

2021-03-04 23:13:17 - [MESSAGE][PASSED] - Object 'Object Repository/VLink/Page_CCSale/txt_UDF10' is present

2021-03-04 23:13:17 - [MESSAGE][PASSED] - Text '' is set on object 'Object Repository/VLink/Page_CCSale/txt_UDF10'

2021-03-04 23:13:17 - [MESSAGE][PASSED] - Object 'Object Repository/VLink/Page_CCSale/txt_CardOnFileIndicator' is present

2021-03-04 23:13:18 - [MESSAGE][PASSED] - Text '' is set on object 'Object Repository/VLink/Page_CCSale/txt_CardOnFileIndicator'

2021-03-04 23:13:18 - [MESSAGE][PASSED] - Object 'Object Repository/VLink/Page_CCSale/txt_StoredCredentialIndicator' is present

2021-03-04 23:13:19 - [MESSAGE][PASSED] - Text '' is set on object 'Object Repository/VLink/Page_CCSale/txt_StoredCredentialIndicator'

2021-03-04 23:13:19 - [MESSAGE][PASSED] - Object 'Object Repository/VLink/Page_CCSale/txt_COFScheduledIndicator' is present

2021-03-04 23:13:20 - [MESSAGE][PASSED] - Text '' is set on object 'Object Repository/VLink/Page_CCSale/txt_COFScheduledIndicator'

2021-03-04 23:13:20 - [MESSAGE][PASSED] - Object 'Object Repository/VLink/Page_CCSale/txt_COFTransactionInitiatedBy' is present

2021-03-04 23:13:21 - [MESSAGE][PASSED] - Text '' is set on object 'Object Repository/VLink/Page_CCSale/txt_COFTransactionInitiatedBy'

2021-03-04 23:13:24 - [MESSAGE][PASSED] - Object: 'Object Repository/VLink/Page_CCSale/btn_ProcessVLinkTransaction' is clicked on

2021-03-04 23:13:29 - [MESSAGE][PASSED] - vlinkPages.saleCCPage.setDataSCC is PASSED

2021-03-04 23:13:29 - [TEST_STEP][PASSED] - if (verifyTextPresent("Transaction approved, no errors", true)): null

2021-03-04 23:13:29 - [MESSAGE][PASSED] - Text 'Transaction approved, no errors' is present on page  using regular expression

2021-03-04 23:13:29 - [TEST_STEP][PASSED] - println("Transaction Approved, no errors text is present on the Confirmation page"): null

2021-03-04 23:13:29 - [TEST_STEP][PASSED] - out.println("Pass Record Number: " + row): null

2021-03-04 23:13:29 - [TEST_STEP][PASSED] - resText = "Pass": null

2021-03-04 23:13:29 - [TEST_STEP][PASSED] - pages.WriteExcel.demoKey(resText, datText, resColumn, datCloumn, fileLoc, nameSheet, row): pages.WriteExcel.demoKey is PASSED

2021-03-04 23:13:30 - [MESSAGE][PASSED] - pages.WriteExcel.demoKey is PASSED

2021-03-04 23:13:30 - [TEST_STEP][PASSED] - sdfo = getText(findTestObject("Object Repository/Page_VLinkReceipt/pre_STX")): Text of object 'Object Repository/Page_VLinkReceipt/pre_STX' is: '<STX>z6u2m2bT6Q5L                  12089857            0  Transaction approved, no errors                   0                                                                                  X OK1520   <ETX>'

2021-03-04 23:13:30 - [MESSAGE][PASSED] - Text of object 'Object Repository/Page_VLinkReceipt/pre_STX' is: '<STX>z6u2m2bT6Q5L                  12089857            0  Transaction approved, no errors                   0                                                                                  X OK1520   <ETX>'

2021-03-04 23:13:30 - [TEST_STEP][PASSED] - out.println("sdfo: " + sdfo): null

2021-03-04 23:13:30 - [TEST_STEP][PASSED] - remID = substring(5, 35).trim(): null

2021-03-04 23:13:30 - [TEST_STEP][PASSED] - out.println("Remittance ID: " + remID): null

2021-03-04 23:13:30 - [TEST_STEP][PASSED] - traxID = substring(35, 55).trim(): null

2021-03-04 23:13:30 - [TEST_STEP][PASSED] - out.println("Transaction ID: " + traxID): null

2021-03-04 23:13:30 - [TEST_STEP][PASSED] - out.println("End Record Number: " + row): null

2021-03-04 23:13:30 - [TEST_STEP][PASSED] - closeBrowser(): Browser is closed

2021-03-04 23:13:31 - [MESSAGE][PASSED] - Browser is closed

2021-03-04 23:13:31 - [TEST_STEP][PASSED] - out.println("Begin Record Number: " + row): null

2021-03-04 23:13:31 - [TEST_STEP][PASSED] - today = new java.util.Date(): null

2021-03-04 23:13:31 - [TEST_STEP][PASSED] - println(today): null

2021-03-04 23:13:31 - [TEST_STEP][PASSED] - datText = today: null

2021-03-04 23:13:31 - [TEST_STEP][PASSED] - openBrowser(VLinkURL + "authcap.html"): Browser is opened with url: 'https://dev-algorithm.govolution.com/vlinktest/QA/version_2_0/authcap.html'

2021-03-04 23:13:31 - [MESSAGE][INFO] - Starting 'Chrome' driver

2021-03-04 23:13:31 - [MESSAGE][INFO] - User set preference: ['acceptInsecureCerts', 'true']

2021-03-04 23:13:31 - [MESSAGE][INFO] - Action delay is set to 0 milliseconds

2021-03-04 23:13:33 - [MESSAGE][PASSED] - Browser is opened with url: 'https://dev-algorithm.govolution.com/vlinktest/QA/version_2_0/authcap.html'

2021-03-04 23:13:33 - [TEST_STEP][PASSED] - maximizeWindow(): Current window maximized

2021-03-04 23:13:33 - [MESSAGE][PASSED] - Current window maximized

2021-03-04 23:13:33 - [TEST_STEP][PASSED] - vlinkPages.saleCCPage.setDataSCC(row, dataFile): vlinkPages.saleCCPage.setDataSCC is PASSED

2021-03-04 23:13:35 - [MESSAGE][PASSED] - Object 'Object Repository/VLink/Page_CCSale/txt_CardNumber' is present

2021-03-04 23:13:35 - [MESSAGE][PASSED] - Object 'Object Repository/VLink/Page_CCSale/txt_TransactionType' is present

2021-03-04 23:13:36 - [MESSAGE][PASSED] - Text '104' is set on object 'Object Repository/VLink/Page_CCSale/txt_TransactionType'

2021-03-04 23:13:36 - [MESSAGE][PASSED] - Object 'Object Repository/VLink/Page_CCSale/txt_MessageVersion' is present

2021-03-04 23:13:37 - [MESSAGE][PASSED] - Text '2.0C' is set on object 'Object Repository/VLink/Page_CCSale/txt_MessageVersion'

2021-03-04 23:13:37 - [MESSAGE][PASSED] - Object 'Object Repository/VLink/Page_CCSale/txt_RemID' is present

2021-03-04 23:13:38 - [MESSAGE][PASSED] - Text 'L7EOg6dI9iNa' is set on object 'Object Repository/VLink/Page_CCSale/txt_RemID'

2021-03-04 23:13:38 - [MESSAGE][PASSED] - Object 'Object Repository/VLink/Page_CCSale/txt_ApplicationId' is present

2021-03-04 23:13:39 - [MESSAGE][PASSED] - Text '665' is set on object 'Object Repository/VLink/Page_CCSale/txt_ApplicationId'

2021-03-04 23:13:39 - [MESSAGE][PASSED] - Object 'Object Repository/VLink/Page_CCSale/txt_Username' is present

2021-03-04 23:13:40 - [MESSAGE][PASSED] - Text 'username' is set on object 'Object Repository/VLink/Page_CCSale/txt_Username'

2021-03-04 23:13:40 - [MESSAGE][PASSED] - Object 'Object Repository/VLink/Page_CCSale/txt_Password' is present

2021-03-04 23:13:41 - [MESSAGE][PASSED] - Text 'password' is set on object 'Object Repository/VLink/Page_CCSale/txt_Password'

2021-03-04 23:13:41 - [MESSAGE][PASSED] - Object 'Object Repository/VLink/Page_CCSale/txt_ResponseFormat' is present

2021-03-04 23:13:41 - [MESSAGE][PASSED] - Text 'fixed_width' is set on object 'Object Repository/VLink/Page_CCSale/txt_ResponseFormat'

2021-03-04 23:13:42 - [MESSAGE][PASSED] - Object 'Object Repository/VLink/Page_CCSale/txt_Category' is present

2021-03-04 23:13:42 - [MESSAGE][PASSED] - Text 'MOTO' is set on object 'Object Repository/VLink/Page_CCSale/txt_Category'

2021-03-04 23:13:43 - [MESSAGE][PASSED] - Object 'Object Repository/VLink/Page_CCSale/txt_TransactionID' is present

2021-03-04 23:13:43 - [MESSAGE][PASSED] - Text '' is set on object 'Object Repository/VLink/Page_CCSale/txt_TransactionID'

2021-03-04 23:13:43 - [MESSAGE][PASSED] - Object 'Object Repository/VLink/Page_CCSale/txt_ApprovalCode' is present

2021-03-04 23:13:44 - [MESSAGE][PASSED] - Text '' is set on object 'Object Repository/VLink/Page_CCSale/txt_ApprovalCode'

2021-03-04 23:13:44 - [MESSAGE][PASSED] - Object 'Object Repository/VLink/Page_CCSale/txt_CardName' is present

2021-03-04 23:13:45 - [MESSAGE][PASSED] - Text 'Kris Roshan' is set on object 'Object Repository/VLink/Page_CCSale/txt_CardName'

2021-03-04 23:13:45 - [MESSAGE][PASSED] - Object 'Object Repository/VLink/Page_CCSale/txt_AL1' is present

2021-03-04 23:13:46 - [MESSAGE][PASSED] - Text '258 Elm Road' is set on object 'Object Repository/VLink/Page_CCSale/txt_AL1'

2021-03-04 23:13:46 - [MESSAGE][PASSED] - Object 'Object Repository/VLink/Page_CCSale/txt_AL2' is present

2021-03-04 23:13:47 - [MESSAGE][PASSED] - Text 'Suite 56' is set on object 'Object Repository/VLink/Page_CCSale/txt_AL2'

2021-03-04 23:13:47 - [MESSAGE][PASSED] - Object 'Object Repository/VLink/Page_CCSale/txt_CardCity' is present

2021-03-04 23:13:47 - [MESSAGE][PASSED] - Text 'Arlington' is set on object 'Object Repository/VLink/Page_CCSale/txt_CardCity'

2021-03-04 23:13:48 - [MESSAGE][PASSED] - Object 'Object Repository/VLink/Page_CCSale/txt_CardState' is present

2021-03-04 23:13:48 - [MESSAGE][PASSED] - Text 'VA' is set on object 'Object Repository/VLink/Page_CCSale/txt_CardState'

2021-03-04 23:13:49 - [MESSAGE][PASSED] - Object 'Object Repository/VLink/Page_CCSale/txt_CardZIP' is present

2021-03-04 23:13:49 - [MESSAGE][PASSED] - Text '22201' is set on object 'Object Repository/VLink/Page_CCSale/txt_CardZIP'

2021-03-04 23:13:50 - [MESSAGE][PASSED] - Object 'Object Repository/VLink/Page_CCSale/txt_CountryID' is present

2021-03-04 23:13:50 - [MESSAGE][PASSED] - Text '840' is set on object 'Object Repository/VLink/Page_CCSale/txt_CountryID'

2021-03-04 23:13:51 - [MESSAGE][PASSED] - Object 'Object Repository/VLink/Page_CCSale/txt_Amount' is present

2021-03-04 23:13:51 - [MESSAGE][PASSED] - Text '1.50' is set on object 'Object Repository/VLink/Page_CCSale/txt_Amount'

2021-03-04 23:13:52 - [MESSAGE][PASSED] - Object 'Object Repository/VLink/Page_CCSale/txt_CardNumber' is present

2021-03-04 23:13:52 - [MESSAGE][PASSED] - Text '6011000000000004' is set on object 'Object Repository/VLink/Page_CCSale/txt_CardNumber'

2021-03-04 23:13:53 - [MESSAGE][PASSED] - Object 'Object Repository/VLink/Page_CCSale/txt_ExpMonth' is present

2021-03-04 23:13:53 - [MESSAGE][PASSED] - Text '12' is set on object 'Object Repository/VLink/Page_CCSale/txt_ExpMonth'

2021-03-04 23:13:54 - [MESSAGE][PASSED] - Object 'Object Repository/VLink/Page_CCSale/txt_ExpYear' is present

2021-03-04 23:13:54 - [MESSAGE][PASSED] - Text '2025' is set on object 'Object Repository/VLink/Page_CCSale/txt_ExpYear'

2021-03-04 23:13:55 - [MESSAGE][PASSED] - Object 'Object Repository/VLink/Page_CCSale/txt_CVV' is present

2021-03-04 23:13:55 - [MESSAGE][PASSED] - Text '' is set on object 'Object Repository/VLink/Page_CCSale/txt_CVV'

2021-03-04 23:13:56 - [MESSAGE][PASSED] - Object 'Object Repository/VLink/Page_CCSale/txt_CVVstate' is present

2021-03-04 23:13:56 - [MESSAGE][PASSED] - Text '' is set on object 'Object Repository/VLink/Page_CCSale/txt_CVVstate'

2021-03-04 23:13:57 - [MESSAGE][PASSED] - Object 'Object Repository/VLink/Page_CCSale/txt_TrackData' is present

2021-03-04 23:13:57 - [MESSAGE][PASSED] - Text '' is set on object 'Object Repository/VLink/Page_CCSale/txt_TrackData'

2021-03-04 23:13:58 - [MESSAGE][PASSED] - Object 'Object Repository/VLink/Page_CCSale/txt_Track1Data' is present

2021-03-04 23:13:58 - [MESSAGE][PASSED] - Text '' is set on object 'Object Repository/VLink/Page_CCSale/txt_Track1Data'

2021-03-04 23:13:59 - [MESSAGE][PASSED] - Object 'Object Repository/VLink/Page_CCSale/txt_Track2Data' is present

2021-03-04 23:13:59 - [MESSAGE][PASSED] - Text '' is set on object 'Object Repository/VLink/Page_CCSale/txt_Track2Data'

2021-03-04 23:13:59 - [MESSAGE][PASSED] - Object 'Object Repository/VLink/Page_CCSale/txt_POSEntryMode' is present

2021-03-04 23:14:00 - [MESSAGE][PASSED] - Text 'manual' is set on object 'Object Repository/VLink/Page_CCSale/txt_POSEntryMode'

2021-03-04 23:14:00 - [MESSAGE][PASSED] - Object 'Object Repository/VLink/Page_CCSale/txt_Email' is present

2021-03-04 23:14:01 - [MESSAGE][PASSED] - Text 'iahmed@govolution.com' is set on object 'Object Repository/VLink/Page_CCSale/txt_Email'

2021-03-04 23:14:01 - [MESSAGE][PASSED] - Object 'Object Repository/VLink/Page_CCSale/txt_OrderNumber' is present

2021-03-04 23:14:02 - [MESSAGE][PASSED] - Text '2569362' is set on object 'Object Repository/VLink/Page_CCSale/txt_OrderNumber'

2021-03-04 23:14:02 - [MESSAGE][PASSED] - Object 'Object Repository/VLink/Page_CCSale/txt_TaxAmount' is present

2021-03-04 23:14:03 - [MESSAGE][PASSED] - Text '1.15' is set on object 'Object Repository/VLink/Page_CCSale/txt_TaxAmount'

2021-03-04 23:14:03 - [MESSAGE][PASSED] - Object 'Object Repository/VLink/Page_CCSale/txt_ChargeDescription' is present

2021-03-04 23:14:04 - [MESSAGE][PASSED] - Text 'Charge Description' is set on object 'Object Repository/VLink/Page_CCSale/txt_ChargeDescription'

2021-03-04 23:14:04 - [MESSAGE][PASSED] - Object 'Object Repository/VLink/Page_CCSale/txt_CAN' is present

2021-03-04 23:14:05 - [MESSAGE][PASSED] - Text '147357' is set on object 'Object Repository/VLink/Page_CCSale/txt_CAN'

2021-03-04 23:14:05 - [MESSAGE][PASSED] - Object 'Object Repository/VLink/Page_CCSale/txt_BillPaymentIndicator' is present

2021-03-04 23:14:06 - [MESSAGE][PASSED] - Text '1' is set on object 'Object Repository/VLink/Page_CCSale/txt_BillPaymentIndicator'

2021-03-04 23:14:06 - [MESSAGE][PASSED] - Object 'Object Repository/VLink/Page_CCSale/txt_UDF1' is present

2021-03-04 23:14:07 - [MESSAGE][PASSED] - Text 'UDF Data 1' is set on object 'Object Repository/VLink/Page_CCSale/txt_UDF1'

2021-03-04 23:14:07 - [MESSAGE][PASSED] - Object 'Object Repository/VLink/Page_CCSale/txt_UDF2' is present

2021-03-04 23:14:08 - [MESSAGE][PASSED] - Text 'UDF Data 2' is set on object 'Object Repository/VLink/Page_CCSale/txt_UDF2'

2021-03-04 23:14:08 - [MESSAGE][PASSED] - Object 'Object Repository/VLink/Page_CCSale/txt_UDF3' is present

2021-03-04 23:14:09 - [MESSAGE][PASSED] - Text 'UDF Data 3' is set on object 'Object Repository/VLink/Page_CCSale/txt_UDF3'

2021-03-04 23:14:09 - [MESSAGE][PASSED] - Object 'Object Repository/VLink/Page_CCSale/txt_UDF4' is present

2021-03-04 23:14:10 - [MESSAGE][PASSED] - Text 'UDF Data 4' is set on object 'Object Repository/VLink/Page_CCSale/txt_UDF4'

2021-03-04 23:14:10 - [MESSAGE][PASSED] - Object 'Object Repository/VLink/Page_CCSale/txt_UDF5' is present

2021-03-04 23:14:11 - [MESSAGE][PASSED] - Text 'UDF Data 5' is set on object 'Object Repository/VLink/Page_CCSale/txt_UDF5'

2021-03-04 23:14:11 - [MESSAGE][PASSED] - Object 'Object Repository/VLink/Page_CCSale/txt_UDF6' is present

2021-03-04 23:14:12 - [MESSAGE][PASSED] - Text 'UDF Data 6' is set on object 'Object Repository/VLink/Page_CCSale/txt_UDF6'

2021-03-04 23:14:12 - [MESSAGE][PASSED] - Object 'Object Repository/VLink/Page_CCSale/txt_UDF7' is present

2021-03-04 23:14:13 - [MESSAGE][PASSED] - Text 'UDF Data 7' is set on object 'Object Repository/VLink/Page_CCSale/txt_UDF7'

2021-03-04 23:14:13 - [MESSAGE][PASSED] - Object 'Object Repository/VLink/Page_CCSale/txt_UDF8' is present

2021-03-04 23:14:14 - [MESSAGE][PASSED] - Text 'UDF Data 8' is set on object 'Object Repository/VLink/Page_CCSale/txt_UDF8'

2021-03-04 23:14:14 - [MESSAGE][PASSED] - Object 'Object Repository/VLink/Page_CCSale/txt_UDF9' is present

2021-03-04 23:14:15 - [MESSAGE][PASSED] - Text 'UDF Data 9' is set on object 'Object Repository/VLink/Page_CCSale/txt_UDF9'

2021-03-04 23:14:15 - [MESSAGE][PASSED] - Object 'Object Repository/VLink/Page_CCSale/txt_UDF10' is present

2021-03-04 23:14:16 - [MESSAGE][PASSED] - Text 'UDF Data 10' is set on object 'Object Repository/VLink/Page_CCSale/txt_UDF10'

2021-03-04 23:14:16 - [MESSAGE][PASSED] - Object 'Object Repository/VLink/Page_CCSale/txt_CardOnFileIndicator' is present

2021-03-04 23:14:17 - [MESSAGE][PASSED] - Text '' is set on object 'Object Repository/VLink/Page_CCSale/txt_CardOnFileIndicator'

2021-03-04 23:14:17 - [MESSAGE][PASSED] - Object 'Object Repository/VLink/Page_CCSale/txt_StoredCredentialIndicator' is present

2021-03-04 23:14:18 - [MESSAGE][PASSED] - Text '' is set on object 'Object Repository/VLink/Page_CCSale/txt_StoredCredentialIndicator'

2021-03-04 23:14:18 - [MESSAGE][PASSED] - Object 'Object Repository/VLink/Page_CCSale/txt_COFScheduledIndicator' is present

2021-03-04 23:14:19 - [MESSAGE][PASSED] - Text '' is set on object 'Object Repository/VLink/Page_CCSale/txt_COFScheduledIndicator'

2021-03-04 23:14:19 - [MESSAGE][PASSED] - Object 'Object Repository/VLink/Page_CCSale/txt_COFTransactionInitiatedBy' is present

2021-03-04 23:14:20 - [MESSAGE][PASSED] - Text '' is set on object 'Object Repository/VLink/Page_CCSale/txt_COFTransactionInitiatedBy'

2021-03-04 23:14:22 - [MESSAGE][PASSED] - Object: 'Object Repository/VLink/Page_CCSale/btn_ProcessVLinkTransaction' is clicked on

2021-03-04 23:14:27 - [MESSAGE][PASSED] - vlinkPages.saleCCPage.setDataSCC is PASSED

2021-03-04 23:14:27 - [TEST_STEP][PASSED] - if (verifyTextPresent("Transaction approved, no errors", true)): null

2021-03-04 23:14:28 - [MESSAGE][PASSED] - Text 'Transaction approved, no errors' is present on page  using regular expression

2021-03-04 23:14:28 - [TEST_STEP][PASSED] - println("Transaction Approved, no errors text is present on the Confirmation page"): null

2021-03-04 23:14:28 - [TEST_STEP][PASSED] - out.println("Pass Record Number: " + row): null

2021-03-04 23:14:28 - [TEST_STEP][PASSED] - resText = "Pass": null

2021-03-04 23:14:28 - [TEST_STEP][PASSED] - pages.WriteExcel.demoKey(resText, datText, resColumn, datCloumn, fileLoc, nameSheet, row): pages.WriteExcel.demoKey is PASSED

2021-03-04 23:14:28 - [MESSAGE][PASSED] - pages.WriteExcel.demoKey is PASSED

2021-03-04 23:14:28 - [TEST_STEP][PASSED] - sdfo = getText(findTestObject("Object Repository/Page_VLinkReceipt/pre_STX")): Text of object 'Object Repository/Page_VLinkReceipt/pre_STX' is: '<STX>L7EOg6dI9iNa                  12089859            0  Transaction approved, no errors                   0                                                                                  XXOK1790   <ETX>'

2021-03-04 23:14:28 - [MESSAGE][PASSED] - Text of object 'Object Repository/Page_VLinkReceipt/pre_STX' is: '<STX>L7EOg6dI9iNa                  12089859            0  Transaction approved, no errors                   0                                                                                  XXOK1790   <ETX>'

2021-03-04 23:14:28 - [TEST_STEP][PASSED] - out.println("sdfo: " + sdfo): null

2021-03-04 23:14:28 - [TEST_STEP][PASSED] - remID = substring(5, 35).trim(): null

2021-03-04 23:14:28 - [TEST_STEP][PASSED] - out.println("Remittance ID: " + remID): null

2021-03-04 23:14:28 - [TEST_STEP][PASSED] - traxID = substring(35, 55).trim(): null

2021-03-04 23:14:28 - [TEST_STEP][PASSED] - out.println("Transaction ID: " + traxID): null

2021-03-04 23:14:28 - [TEST_STEP][PASSED] - out.println("End Record Number: " + row): null

2021-03-04 23:14:28 - [TEST_STEP][PASSED] - closeBrowser(): Browser is closed

2021-03-04 23:14:29 - [MESSAGE][PASSED] - Browser is closed

2021-03-04 23:14:29 - [TEST_STEP][PASSED] - out.println("Begin Record Number: " + row): null

2021-03-04 23:14:29 - [TEST_STEP][PASSED] - today = new java.util.Date(): null

2021-03-04 23:14:29 - [TEST_STEP][PASSED] - println(today): null

2021-03-04 23:14:29 - [TEST_STEP][PASSED] - datText = today: null

2021-03-04 23:14:29 - [TEST_STEP][PASSED] - openBrowser(VLinkURL + "authcap.html"): Browser is opened with url: 'https://dev-algorithm.govolution.com/vlinktest/QA/version_2_0/authcap.html'

2021-03-04 23:14:29 - [MESSAGE][INFO] - Starting 'Chrome' driver

2021-03-04 23:14:29 - [MESSAGE][INFO] - User set preference: ['acceptInsecureCerts', 'true']

2021-03-04 23:14:29 - [MESSAGE][INFO] - Action delay is set to 0 milliseconds

2021-03-04 23:14:31 - [MESSAGE][PASSED] - Browser is opened with url: 'https://dev-algorithm.govolution.com/vlinktest/QA/version_2_0/authcap.html'

2021-03-04 23:14:31 - [TEST_STEP][PASSED] - maximizeWindow(): Current window maximized

2021-03-04 23:14:31 - [MESSAGE][PASSED] - Current window maximized

2021-03-04 23:14:31 - [TEST_STEP][PASSED] - vlinkPages.saleCCPage.setDataSCC(row, dataFile): vlinkPages.saleCCPage.setDataSCC is PASSED

2021-03-04 23:14:33 - [MESSAGE][PASSED] - Object 'Object Repository/VLink/Page_CCSale/txt_CardNumber' is present

2021-03-04 23:14:33 - [MESSAGE][PASSED] - Object 'Object Repository/VLink/Page_CCSale/txt_TransactionType' is present

2021-03-04 23:14:34 - [MESSAGE][PASSED] - Text '104' is set on object 'Object Repository/VLink/Page_CCSale/txt_TransactionType'

2021-03-04 23:14:34 - [MESSAGE][PASSED] - Object 'Object Repository/VLink/Page_CCSale/txt_MessageVersion' is present

2021-03-04 23:14:35 - [MESSAGE][PASSED] - Text '2.0C' is set on object 'Object Repository/VLink/Page_CCSale/txt_MessageVersion'

2021-03-04 23:14:35 - [MESSAGE][PASSED] - Object 'Object Repository/VLink/Page_CCSale/txt_RemID' is present

2021-03-04 23:14:36 - [MESSAGE][PASSED] - Text 'DykLAqUvUYW1' is set on object 'Object Repository/VLink/Page_CCSale/txt_RemID'

2021-03-04 23:14:36 - [MESSAGE][PASSED] - Object 'Object Repository/VLink/Page_CCSale/txt_ApplicationId' is present

2021-03-04 23:14:37 - [MESSAGE][PASSED] - Text '672' is set on object 'Object Repository/VLink/Page_CCSale/txt_ApplicationId'

2021-03-04 23:14:37 - [MESSAGE][PASSED] - Object 'Object Repository/VLink/Page_CCSale/txt_Username' is present

2021-03-04 23:14:38 - [MESSAGE][PASSED] - Text 'username' is set on object 'Object Repository/VLink/Page_CCSale/txt_Username'

2021-03-04 23:14:38 - [MESSAGE][PASSED] - Object 'Object Repository/VLink/Page_CCSale/txt_Password' is present

2021-03-04 23:14:39 - [MESSAGE][PASSED] - Text 'password' is set on object 'Object Repository/VLink/Page_CCSale/txt_Password'

2021-03-04 23:14:39 - [MESSAGE][PASSED] - Object 'Object Repository/VLink/Page_CCSale/txt_ResponseFormat' is present

2021-03-04 23:14:40 - [MESSAGE][PASSED] - Text 'fixed_width' is set on object 'Object Repository/VLink/Page_CCSale/txt_ResponseFormat'

2021-03-04 23:14:40 - [MESSAGE][PASSED] - Object 'Object Repository/VLink/Page_CCSale/txt_Category' is present

2021-03-04 23:14:41 - [MESSAGE][PASSED] - Text 'MOTO' is set on object 'Object Repository/VLink/Page_CCSale/txt_Category'

2021-03-04 23:14:41 - [MESSAGE][PASSED] - Object 'Object Repository/VLink/Page_CCSale/txt_TransactionID' is present

2021-03-04 23:14:42 - [MESSAGE][PASSED] - Text '' is set on object 'Object Repository/VLink/Page_CCSale/txt_TransactionID'

2021-03-04 23:14:42 - [MESSAGE][PASSED] - Object 'Object Repository/VLink/Page_CCSale/txt_ApprovalCode' is present

2021-03-04 23:14:42 - [MESSAGE][PASSED] - Text '' is set on object 'Object Repository/VLink/Page_CCSale/txt_ApprovalCode'

2021-03-04 23:14:43 - [MESSAGE][PASSED] - Object 'Object Repository/VLink/Page_CCSale/txt_CardName' is present

2021-03-04 23:14:43 - [MESSAGE][PASSED] - Text 'Arvind Silva' is set on object 'Object Repository/VLink/Page_CCSale/txt_CardName'

2021-03-04 23:14:44 - [MESSAGE][PASSED] - Object 'Object Repository/VLink/Page_CCSale/txt_AL1' is present

2021-03-04 23:14:44 - [MESSAGE][PASSED] - Text '111 Main Ave' is set on object 'Object Repository/VLink/Page_CCSale/txt_AL1'

2021-03-04 23:14:45 - [MESSAGE][PASSED] - Object 'Object Repository/VLink/Page_CCSale/txt_AL2' is present

2021-03-04 23:14:45 - [MESSAGE][PASSED] - Text '' is set on object 'Object Repository/VLink/Page_CCSale/txt_AL2'

2021-03-04 23:14:45 - [MESSAGE][PASSED] - Object 'Object Repository/VLink/Page_CCSale/txt_CardCity' is present

2021-03-04 23:14:46 - [MESSAGE][PASSED] - Text 'Arlington' is set on object 'Object Repository/VLink/Page_CCSale/txt_CardCity'

2021-03-04 23:14:46 - [MESSAGE][PASSED] - Object 'Object Repository/VLink/Page_CCSale/txt_CardState' is present

2021-03-04 23:14:47 - [MESSAGE][PASSED] - Text 'VA' is set on object 'Object Repository/VLink/Page_CCSale/txt_CardState'

2021-03-04 23:14:47 - [MESSAGE][PASSED] - Object 'Object Repository/VLink/Page_CCSale/txt_CardZIP' is present

2021-03-04 23:14:48 - [MESSAGE][PASSED] - Text '22201' is set on object 'Object Repository/VLink/Page_CCSale/txt_CardZIP'

2021-03-04 23:14:48 - [MESSAGE][PASSED] - Object 'Object Repository/VLink/Page_CCSale/txt_CountryID' is present

2021-03-04 23:14:48 - [MESSAGE][PASSED] - Text '' is set on object 'Object Repository/VLink/Page_CCSale/txt_CountryID'

2021-03-04 23:14:49 - [MESSAGE][PASSED] - Object 'Object Repository/VLink/Page_CCSale/txt_Amount' is present

2021-03-04 23:14:49 - [MESSAGE][PASSED] - Text '2.50' is set on object 'Object Repository/VLink/Page_CCSale/txt_Amount'

2021-03-04 23:14:50 - [MESSAGE][PASSED] - Object 'Object Repository/VLink/Page_CCSale/txt_CardNumber' is present

2021-03-04 23:14:50 - [MESSAGE][PASSED] - Text '6011000000000004' is set on object 'Object Repository/VLink/Page_CCSale/txt_CardNumber'

2021-03-04 23:14:51 - [MESSAGE][PASSED] - Object 'Object Repository/VLink/Page_CCSale/txt_ExpMonth' is present

2021-03-04 23:14:51 - [MESSAGE][PASSED] - Text '01' is set on object 'Object Repository/VLink/Page_CCSale/txt_ExpMonth'

2021-03-04 23:14:52 - [MESSAGE][PASSED] - Object 'Object Repository/VLink/Page_CCSale/txt_ExpYear' is present

2021-03-04 23:14:52 - [MESSAGE][PASSED] - Text '2026' is set on object 'Object Repository/VLink/Page_CCSale/txt_ExpYear'

2021-03-04 23:14:52 - [MESSAGE][PASSED] - Object 'Object Repository/VLink/Page_CCSale/txt_CVV' is present

2021-03-04 23:14:53 - [MESSAGE][PASSED] - Text '' is set on object 'Object Repository/VLink/Page_CCSale/txt_CVV'

2021-03-04 23:14:53 - [MESSAGE][PASSED] - Object 'Object Repository/VLink/Page_CCSale/txt_CVVstate' is present

2021-03-04 23:14:54 - [MESSAGE][PASSED] - Text '' is set on object 'Object Repository/VLink/Page_CCSale/txt_CVVstate'

2021-03-04 23:14:54 - [MESSAGE][PASSED] - Object 'Object Repository/VLink/Page_CCSale/txt_TrackData' is present

2021-03-04 23:14:55 - [MESSAGE][PASSED] - Text '' is set on object 'Object Repository/VLink/Page_CCSale/txt_TrackData'

2021-03-04 23:14:55 - [MESSAGE][PASSED] - Object 'Object Repository/VLink/Page_CCSale/txt_Track1Data' is present

2021-03-04 23:14:56 - [MESSAGE][PASSED] - Text '' is set on object 'Object Repository/VLink/Page_CCSale/txt_Track1Data'

2021-03-04 23:14:56 - [MESSAGE][PASSED] - Object 'Object Repository/VLink/Page_CCSale/txt_Track2Data' is present

2021-03-04 23:14:57 - [MESSAGE][PASSED] - Text '' is set on object 'Object Repository/VLink/Page_CCSale/txt_Track2Data'

2021-03-04 23:14:57 - [MESSAGE][PASSED] - Object 'Object Repository/VLink/Page_CCSale/txt_POSEntryMode' is present

2021-03-04 23:14:58 - [MESSAGE][PASSED] - Text 'manual' is set on object 'Object Repository/VLink/Page_CCSale/txt_POSEntryMode'

2021-03-04 23:14:58 - [MESSAGE][PASSED] - Object 'Object Repository/VLink/Page_CCSale/txt_Email' is present

2021-03-04 23:14:59 - [MESSAGE][PASSED] - Text '' is set on object 'Object Repository/VLink/Page_CCSale/txt_Email'

2021-03-04 23:14:59 - [MESSAGE][PASSED] - Object 'Object Repository/VLink/Page_CCSale/txt_OrderNumber' is present

2021-03-04 23:15:00 - [MESSAGE][PASSED] - Text '' is set on object 'Object Repository/VLink/Page_CCSale/txt_OrderNumber'

2021-03-04 23:15:00 - [MESSAGE][PASSED] - Object 'Object Repository/VLink/Page_CCSale/txt_TaxAmount' is present

2021-03-04 23:15:01 - [MESSAGE][PASSED] - Text '' is set on object 'Object Repository/VLink/Page_CCSale/txt_TaxAmount'

2021-03-04 23:15:01 - [MESSAGE][PASSED] - Object 'Object Repository/VLink/Page_CCSale/txt_ChargeDescription' is present

2021-03-04 23:15:02 - [MESSAGE][PASSED] - Text '' is set on object 'Object Repository/VLink/Page_CCSale/txt_ChargeDescription'

2021-03-04 23:15:02 - [MESSAGE][PASSED] - Object 'Object Repository/VLink/Page_CCSale/txt_CAN' is present

2021-03-04 23:15:03 - [MESSAGE][PASSED] - Text '' is set on object 'Object Repository/VLink/Page_CCSale/txt_CAN'

2021-03-04 23:15:03 - [MESSAGE][PASSED] - Object 'Object Repository/VLink/Page_CCSale/txt_BillPaymentIndicator' is present

2021-03-04 23:15:04 - [MESSAGE][PASSED] - Text '' is set on object 'Object Repository/VLink/Page_CCSale/txt_BillPaymentIndicator'

2021-03-04 23:15:04 - [MESSAGE][PASSED] - Object 'Object Repository/VLink/Page_CCSale/txt_UDF1' is present

2021-03-04 23:15:05 - [MESSAGE][PASSED] - Text '' is set on object 'Object Repository/VLink/Page_CCSale/txt_UDF1'

2021-03-04 23:15:05 - [MESSAGE][PASSED] - Object 'Object Repository/VLink/Page_CCSale/txt_UDF2' is present

2021-03-04 23:15:06 - [MESSAGE][PASSED] - Text '' is set on object 'Object Repository/VLink/Page_CCSale/txt_UDF2'

2021-03-04 23:15:06 - [MESSAGE][PASSED] - Object 'Object Repository/VLink/Page_CCSale/txt_UDF3' is present

2021-03-04 23:15:07 - [MESSAGE][PASSED] - Text '' is set on object 'Object Repository/VLink/Page_CCSale/txt_UDF3'

2021-03-04 23:15:07 - [MESSAGE][PASSED] - Object 'Object Repository/VLink/Page_CCSale/txt_UDF4' is present

2021-03-04 23:15:07 - [MESSAGE][PASSED] - Text '' is set on object 'Object Repository/VLink/Page_CCSale/txt_UDF4'

2021-03-04 23:15:08 - [MESSAGE][PASSED] - Object 'Object Repository/VLink/Page_CCSale/txt_UDF5' is present

2021-03-04 23:15:08 - [MESSAGE][PASSED] - Text '' is set on object 'Object Repository/VLink/Page_CCSale/txt_UDF5'

2021-03-04 23:15:09 - [MESSAGE][PASSED] - Object 'Object Repository/VLink/Page_CCSale/txt_UDF6' is present

2021-03-04 23:15:09 - [MESSAGE][PASSED] - Text '' is set on object 'Object Repository/VLink/Page_CCSale/txt_UDF6'

2021-03-04 23:15:10 - [MESSAGE][PASSED] - Object 'Object Repository/VLink/Page_CCSale/txt_UDF7' is present

2021-03-04 23:15:10 - [MESSAGE][PASSED] - Text '' is set on object 'Object Repository/VLink/Page_CCSale/txt_UDF7'

2021-03-04 23:15:11 - [MESSAGE][PASSED] - Object 'Object Repository/VLink/Page_CCSale/txt_UDF8' is present

2021-03-04 23:15:11 - [MESSAGE][PASSED] - Text '' is set on object 'Object Repository/VLink/Page_CCSale/txt_UDF8'

2021-03-04 23:15:12 - [MESSAGE][PASSED] - Object 'Object Repository/VLink/Page_CCSale/txt_UDF9' is present

2021-03-04 23:15:12 - [MESSAGE][PASSED] - Text '' is set on object 'Object Repository/VLink/Page_CCSale/txt_UDF9'

2021-03-04 23:15:13 - [MESSAGE][PASSED] - Object 'Object Repository/VLink/Page_CCSale/txt_UDF10' is present

2021-03-04 23:15:13 - [MESSAGE][PASSED] - Text '' is set on object 'Object Repository/VLink/Page_CCSale/txt_UDF10'

2021-03-04 23:15:14 - [MESSAGE][PASSED] - Object 'Object Repository/VLink/Page_CCSale/txt_CardOnFileIndicator' is present

2021-03-04 23:15:14 - [MESSAGE][PASSED] - Text '' is set on object 'Object Repository/VLink/Page_CCSale/txt_CardOnFileIndicator'

2021-03-04 23:15:14 - [MESSAGE][PASSED] - Object 'Object Repository/VLink/Page_CCSale/txt_StoredCredentialIndicator' is present

2021-03-04 23:15:15 - [MESSAGE][PASSED] - Text '' is set on object 'Object Repository/VLink/Page_CCSale/txt_StoredCredentialIndicator'

2021-03-04 23:15:15 - [MESSAGE][PASSED] - Object 'Object Repository/VLink/Page_CCSale/txt_COFScheduledIndicator' is present

2021-03-04 23:15:16 - [MESSAGE][PASSED] - Text '' is set on object 'Object Repository/VLink/Page_CCSale/txt_COFScheduledIndicator'

2021-03-04 23:15:16 - [MESSAGE][PASSED] - Object 'Object Repository/VLink/Page_CCSale/txt_COFTransactionInitiatedBy' is present

2021-03-04 23:15:17 - [MESSAGE][PASSED] - Text '' is set on object 'Object Repository/VLink/Page_CCSale/txt_COFTransactionInitiatedBy'

2021-03-04 23:15:20 - [MESSAGE][PASSED] - Object: 'Object Repository/VLink/Page_CCSale/btn_ProcessVLinkTransaction' is clicked on

2021-03-04 23:15:25 - [MESSAGE][PASSED] - vlinkPages.saleCCPage.setDataSCC is PASSED

2021-03-04 23:15:25 - [TEST_STEP][PASSED] - if (verifyTextPresent("Transaction approved, no errors", true)): null

2021-03-04 23:15:25 - [MESSAGE][PASSED] - Text 'Transaction approved, no errors' is present on page  using regular expression

2021-03-04 23:15:25 - [TEST_STEP][PASSED] - println("Transaction Approved, no errors text is present on the Confirmation page"): null

2021-03-04 23:15:25 - [TEST_STEP][PASSED] - out.println("Pass Record Number: " + row): null

2021-03-04 23:15:25 - [TEST_STEP][PASSED] - resText = "Pass": null

2021-03-04 23:15:25 - [TEST_STEP][PASSED] - pages.WriteExcel.demoKey(resText, datText, resColumn, datCloumn, fileLoc, nameSheet, row): pages.WriteExcel.demoKey is PASSED

2021-03-04 23:15:25 - [MESSAGE][PASSED] - pages.WriteExcel.demoKey is PASSED

2021-03-04 23:15:25 - [TEST_STEP][PASSED] - sdfo = getText(findTestObject("Object Repository/Page_VLinkReceipt/pre_STX")): Text of object 'Object Repository/Page_VLinkReceipt/pre_STX' is: '<STX>DykLAqUvUYW1                  12089860            0  Transaction approved, no errors                   0                                                                                  XXOK2060   <ETX>'

2021-03-04 23:15:25 - [MESSAGE][PASSED] - Text of object 'Object Repository/Page_VLinkReceipt/pre_STX' is: '<STX>DykLAqUvUYW1                  12089860            0  Transaction approved, no errors                   0                                                                                  XXOK2060   <ETX>'

2021-03-04 23:15:25 - [TEST_STEP][PASSED] - out.println("sdfo: " + sdfo): null

2021-03-04 23:15:25 - [TEST_STEP][PASSED] - remID = substring(5, 35).trim(): null

2021-03-04 23:15:25 - [TEST_STEP][PASSED] - out.println("Remittance ID: " + remID): null

2021-03-04 23:15:25 - [TEST_STEP][PASSED] - traxID = substring(35, 55).trim(): null

2021-03-04 23:15:25 - [TEST_STEP][PASSED] - out.println("Transaction ID: " + traxID): null

2021-03-04 23:15:25 - [TEST_STEP][PASSED] - out.println("End Record Number: " + row): null

2021-03-04 23:15:25 - [TEST_STEP][PASSED] - closeBrowser(): Browser is closed

2021-03-04 23:15:26 - [MESSAGE][PASSED] - Browser is closed

2021-03-04 23:15:26 - [TEST_STEP][PASSED] - out.println("Begin Record Number: " + row): null

2021-03-04 23:15:26 - [TEST_STEP][PASSED] - today = new java.util.Date(): null

2021-03-04 23:15:26 - [TEST_STEP][PASSED] - println(today): null

2021-03-04 23:15:26 - [TEST_STEP][PASSED] - datText = today: null

2021-03-04 23:15:26 - [TEST_STEP][PASSED] - openBrowser(VLinkURL + "authcap.html"): Browser is opened with url: 'https://dev-algorithm.govolution.com/vlinktest/QA/version_2_0/authcap.html'

2021-03-04 23:15:26 - [MESSAGE][INFO] - Starting 'Chrome' driver

2021-03-04 23:15:26 - [MESSAGE][INFO] - User set preference: ['acceptInsecureCerts', 'true']

2021-03-04 23:15:26 - [MESSAGE][INFO] - Action delay is set to 0 milliseconds

2021-03-04 23:15:30 - [MESSAGE][PASSED] - Browser is opened with url: 'https://dev-algorithm.govolution.com/vlinktest/QA/version_2_0/authcap.html'

2021-03-04 23:15:30 - [TEST_STEP][PASSED] - maximizeWindow(): Current window maximized

2021-03-04 23:15:31 - [MESSAGE][PASSED] - Current window maximized

2021-03-04 23:15:31 - [TEST_STEP][PASSED] - vlinkPages.saleCCPage.setDataSCC(row, dataFile): vlinkPages.saleCCPage.setDataSCC is PASSED

2021-03-04 23:15:32 - [MESSAGE][PASSED] - Object 'Object Repository/VLink/Page_CCSale/txt_CardNumber' is present

2021-03-04 23:15:33 - [MESSAGE][PASSED] - Object 'Object Repository/VLink/Page_CCSale/txt_TransactionType' is present

2021-03-04 23:15:33 - [MESSAGE][PASSED] - Text '104' is set on object 'Object Repository/VLink/Page_CCSale/txt_TransactionType'

2021-03-04 23:15:34 - [MESSAGE][PASSED] - Object 'Object Repository/VLink/Page_CCSale/txt_MessageVersion' is present

2021-03-04 23:15:34 - [MESSAGE][PASSED] - Text '2.0C' is set on object 'Object Repository/VLink/Page_CCSale/txt_MessageVersion'

2021-03-04 23:15:35 - [MESSAGE][PASSED] - Object 'Object Repository/VLink/Page_CCSale/txt_RemID' is present

2021-03-04 23:15:35 - [MESSAGE][PASSED] - Text 'TlO4LrWMPyiW' is set on object 'Object Repository/VLink/Page_CCSale/txt_RemID'

2021-03-04 23:15:36 - [MESSAGE][PASSED] - Object 'Object Repository/VLink/Page_CCSale/txt_ApplicationId' is present

2021-03-04 23:15:36 - [MESSAGE][PASSED] - Text '677' is set on object 'Object Repository/VLink/Page_CCSale/txt_ApplicationId'

2021-03-04 23:15:37 - [MESSAGE][PASSED] - Object 'Object Repository/VLink/Page_CCSale/txt_Username' is present

2021-03-04 23:15:37 - [MESSAGE][PASSED] - Text 'username' is set on object 'Object Repository/VLink/Page_CCSale/txt_Username'

2021-03-04 23:15:38 - [MESSAGE][PASSED] - Object 'Object Repository/VLink/Page_CCSale/txt_Password' is present

2021-03-04 23:15:38 - [MESSAGE][PASSED] - Text 'password' is set on object 'Object Repository/VLink/Page_CCSale/txt_Password'

2021-03-04 23:15:38 - [MESSAGE][PASSED] - Object 'Object Repository/VLink/Page_CCSale/txt_ResponseFormat' is present

2021-03-04 23:15:39 - [MESSAGE][PASSED] - Text 'fixed_width' is set on object 'Object Repository/VLink/Page_CCSale/txt_ResponseFormat'

2021-03-04 23:15:39 - [MESSAGE][PASSED] - Object 'Object Repository/VLink/Page_CCSale/txt_Category' is present

2021-03-04 23:15:40 - [MESSAGE][PASSED] - Text 'MOTO' is set on object 'Object Repository/VLink/Page_CCSale/txt_Category'

2021-03-04 23:15:40 - [MESSAGE][PASSED] - Object 'Object Repository/VLink/Page_CCSale/txt_TransactionID' is present

2021-03-04 23:15:41 - [MESSAGE][PASSED] - Text '' is set on object 'Object Repository/VLink/Page_CCSale/txt_TransactionID'

2021-03-04 23:15:41 - [MESSAGE][PASSED] - Object 'Object Repository/VLink/Page_CCSale/txt_ApprovalCode' is present

2021-03-04 23:15:42 - [MESSAGE][PASSED] - Text '' is set on object 'Object Repository/VLink/Page_CCSale/txt_ApprovalCode'

2021-03-04 23:15:42 - [MESSAGE][PASSED] - Object 'Object Repository/VLink/Page_CCSale/txt_CardName' is present

2021-03-04 23:15:42 - [MESSAGE][PASSED] - Text 'Roshan Maha' is set on object 'Object Repository/VLink/Page_CCSale/txt_CardName'

2021-03-04 23:15:43 - [MESSAGE][PASSED] - Object 'Object Repository/VLink/Page_CCSale/txt_AL1' is present

2021-03-04 23:15:43 - [MESSAGE][PASSED] - Text '12563 Bazaar road' is set on object 'Object Repository/VLink/Page_CCSale/txt_AL1'

2021-03-04 23:15:44 - [MESSAGE][PASSED] - Object 'Object Repository/VLink/Page_CCSale/txt_AL2' is present

2021-03-04 23:15:44 - [MESSAGE][PASSED] - Text '' is set on object 'Object Repository/VLink/Page_CCSale/txt_AL2'

2021-03-04 23:15:44 - [MESSAGE][PASSED] - Object 'Object Repository/VLink/Page_CCSale/txt_CardCity' is present

2021-03-04 23:15:45 - [MESSAGE][PASSED] - Text 'Crofton' is set on object 'Object Repository/VLink/Page_CCSale/txt_CardCity'

2021-03-04 23:15:45 - [MESSAGE][PASSED] - Object 'Object Repository/VLink/Page_CCSale/txt_CardState' is present

2021-03-04 23:15:46 - [MESSAGE][PASSED] - Text 'MD' is set on object 'Object Repository/VLink/Page_CCSale/txt_CardState'

2021-03-04 23:15:46 - [MESSAGE][PASSED] - Object 'Object Repository/VLink/Page_CCSale/txt_CardZIP' is present

2021-03-04 23:15:47 - [MESSAGE][PASSED] - Text '21114' is set on object 'Object Repository/VLink/Page_CCSale/txt_CardZIP'

2021-03-04 23:15:47 - [MESSAGE][PASSED] - Object 'Object Repository/VLink/Page_CCSale/txt_CountryID' is present

2021-03-04 23:15:48 - [MESSAGE][PASSED] - Text '' is set on object 'Object Repository/VLink/Page_CCSale/txt_CountryID'

2021-03-04 23:15:48 - [MESSAGE][PASSED] - Object 'Object Repository/VLink/Page_CCSale/txt_Amount' is present

2021-03-04 23:15:49 - [MESSAGE][PASSED] - Text '3.50' is set on object 'Object Repository/VLink/Page_CCSale/txt_Amount'

2021-03-04 23:15:49 - [MESSAGE][PASSED] - Object 'Object Repository/VLink/Page_CCSale/txt_CardNumber' is present

2021-03-04 23:15:50 - [MESSAGE][PASSED] - Text '6011000000000004' is set on object 'Object Repository/VLink/Page_CCSale/txt_CardNumber'

2021-03-04 23:15:50 - [MESSAGE][PASSED] - Object 'Object Repository/VLink/Page_CCSale/txt_ExpMonth' is present

2021-03-04 23:15:51 - [MESSAGE][PASSED] - Text '01' is set on object 'Object Repository/VLink/Page_CCSale/txt_ExpMonth'

2021-03-04 23:15:51 - [MESSAGE][PASSED] - Object 'Object Repository/VLink/Page_CCSale/txt_ExpYear' is present

2021-03-04 23:15:52 - [MESSAGE][PASSED] - Text '2026' is set on object 'Object Repository/VLink/Page_CCSale/txt_ExpYear'

2021-03-04 23:15:52 - [MESSAGE][PASSED] - Object 'Object Repository/VLink/Page_CCSale/txt_CVV' is present

2021-03-04 23:15:53 - [MESSAGE][PASSED] - Text '' is set on object 'Object Repository/VLink/Page_CCSale/txt_CVV'

2021-03-04 23:15:53 - [MESSAGE][PASSED] - Object 'Object Repository/VLink/Page_CCSale/txt_CVVstate' is present

2021-03-04 23:15:54 - [MESSAGE][PASSED] - Text '' is set on object 'Object Repository/VLink/Page_CCSale/txt_CVVstate'

2021-03-04 23:15:54 - [MESSAGE][PASSED] - Object 'Object Repository/VLink/Page_CCSale/txt_TrackData' is present

2021-03-04 23:15:55 - [MESSAGE][PASSED] - Text '' is set on object 'Object Repository/VLink/Page_CCSale/txt_TrackData'

2021-03-04 23:15:55 - [MESSAGE][PASSED] - Object 'Object Repository/VLink/Page_CCSale/txt_Track1Data' is present

2021-03-04 23:15:56 - [MESSAGE][PASSED] - Text '' is set on object 'Object Repository/VLink/Page_CCSale/txt_Track1Data'

2021-03-04 23:15:56 - [MESSAGE][PASSED] - Object 'Object Repository/VLink/Page_CCSale/txt_Track2Data' is present

2021-03-04 23:15:57 - [MESSAGE][PASSED] - Text '' is set on object 'Object Repository/VLink/Page_CCSale/txt_Track2Data'

2021-03-04 23:15:57 - [MESSAGE][PASSED] - Object 'Object Repository/VLink/Page_CCSale/txt_POSEntryMode' is present

2021-03-04 23:15:58 - [MESSAGE][PASSED] - Text 'manual' is set on object 'Object Repository/VLink/Page_CCSale/txt_POSEntryMode'

2021-03-04 23:15:58 - [MESSAGE][PASSED] - Object 'Object Repository/VLink/Page_CCSale/txt_Email' is present

2021-03-04 23:15:58 - [MESSAGE][PASSED] - Text '' is set on object 'Object Repository/VLink/Page_CCSale/txt_Email'

2021-03-04 23:15:59 - [MESSAGE][PASSED] - Object 'Object Repository/VLink/Page_CCSale/txt_OrderNumber' is present

2021-03-04 23:15:59 - [MESSAGE][PASSED] - Text '' is set on object 'Object Repository/VLink/Page_CCSale/txt_OrderNumber'

2021-03-04 23:16:00 - [MESSAGE][PASSED] - Object 'Object Repository/VLink/Page_CCSale/txt_TaxAmount' is present

2021-03-04 23:16:00 - [MESSAGE][PASSED] - Text '' is set on object 'Object Repository/VLink/Page_CCSale/txt_TaxAmount'

2021-03-04 23:16:01 - [MESSAGE][PASSED] - Object 'Object Repository/VLink/Page_CCSale/txt_ChargeDescription' is present

2021-03-04 23:16:01 - [MESSAGE][PASSED] - Text '' is set on object 'Object Repository/VLink/Page_CCSale/txt_ChargeDescription'

2021-03-04 23:16:02 - [MESSAGE][PASSED] - Object 'Object Repository/VLink/Page_CCSale/txt_CAN' is present

2021-03-04 23:16:02 - [MESSAGE][PASSED] - Text '' is set on object 'Object Repository/VLink/Page_CCSale/txt_CAN'

2021-03-04 23:16:03 - [MESSAGE][PASSED] - Object 'Object Repository/VLink/Page_CCSale/txt_BillPaymentIndicator' is present

2021-03-04 23:16:03 - [MESSAGE][PASSED] - Text '' is set on object 'Object Repository/VLink/Page_CCSale/txt_BillPaymentIndicator'

2021-03-04 23:16:04 - [MESSAGE][PASSED] - Object 'Object Repository/VLink/Page_CCSale/txt_UDF1' is present

2021-03-04 23:16:04 - [MESSAGE][PASSED] - Text '' is set on object 'Object Repository/VLink/Page_CCSale/txt_UDF1'

2021-03-04 23:16:05 - [MESSAGE][PASSED] - Object 'Object Repository/VLink/Page_CCSale/txt_UDF2' is present

2021-03-04 23:16:05 - [MESSAGE][PASSED] - Text '' is set on object 'Object Repository/VLink/Page_CCSale/txt_UDF2'

2021-03-04 23:16:06 - [MESSAGE][PASSED] - Object 'Object Repository/VLink/Page_CCSale/txt_UDF3' is present

2021-03-04 23:16:06 - [MESSAGE][PASSED] - Text '' is set on object 'Object Repository/VLink/Page_CCSale/txt_UDF3'

2021-03-04 23:16:07 - [MESSAGE][PASSED] - Object 'Object Repository/VLink/Page_CCSale/txt_UDF4' is present

2021-03-04 23:16:07 - [MESSAGE][PASSED] - Text '' is set on object 'Object Repository/VLink/Page_CCSale/txt_UDF4'

2021-03-04 23:16:08 - [MESSAGE][PASSED] - Object 'Object Repository/VLink/Page_CCSale/txt_UDF5' is present

2021-03-04 23:16:08 - [MESSAGE][PASSED] - Text '' is set on object 'Object Repository/VLink/Page_CCSale/txt_UDF5'

2021-03-04 23:16:09 - [MESSAGE][PASSED] - Object 'Object Repository/VLink/Page_CCSale/txt_UDF6' is present

2021-03-04 23:16:09 - [MESSAGE][PASSED] - Text '' is set on object 'Object Repository/VLink/Page_CCSale/txt_UDF6'

2021-03-04 23:16:10 - [MESSAGE][PASSED] - Object 'Object Repository/VLink/Page_CCSale/txt_UDF7' is present

2021-03-04 23:16:10 - [MESSAGE][PASSED] - Text '' is set on object 'Object Repository/VLink/Page_CCSale/txt_UDF7'

2021-03-04 23:16:11 - [MESSAGE][PASSED] - Object 'Object Repository/VLink/Page_CCSale/txt_UDF8' is present

2021-03-04 23:16:11 - [MESSAGE][PASSED] - Text '' is set on object 'Object Repository/VLink/Page_CCSale/txt_UDF8'

2021-03-04 23:16:12 - [MESSAGE][PASSED] - Object 'Object Repository/VLink/Page_CCSale/txt_UDF9' is present

2021-03-04 23:16:12 - [MESSAGE][PASSED] - Text '' is set on object 'Object Repository/VLink/Page_CCSale/txt_UDF9'

2021-03-04 23:16:12 - [MESSAGE][PASSED] - Object 'Object Repository/VLink/Page_CCSale/txt_UDF10' is present

2021-03-04 23:16:13 - [MESSAGE][PASSED] - Text '' is set on object 'Object Repository/VLink/Page_CCSale/txt_UDF10'

2021-03-04 23:16:13 - [MESSAGE][PASSED] - Object 'Object Repository/VLink/Page_CCSale/txt_CardOnFileIndicator' is present

2021-03-04 23:16:14 - [MESSAGE][PASSED] - Text '' is set on object 'Object Repository/VLink/Page_CCSale/txt_CardOnFileIndicator'

2021-03-04 23:16:14 - [MESSAGE][PASSED] - Object 'Object Repository/VLink/Page_CCSale/txt_StoredCredentialIndicator' is present

2021-03-04 23:16:15 - [MESSAGE][PASSED] - Text '' is set on object 'Object Repository/VLink/Page_CCSale/txt_StoredCredentialIndicator'

2021-03-04 23:16:15 - [MESSAGE][PASSED] - Object 'Object Repository/VLink/Page_CCSale/txt_COFScheduledIndicator' is present

2021-03-04 23:16:16 - [MESSAGE][PASSED] - Text '' is set on object 'Object Repository/VLink/Page_CCSale/txt_COFScheduledIndicator'

2021-03-04 23:16:16 - [MESSAGE][PASSED] - Object 'Object Repository/VLink/Page_CCSale/txt_COFTransactionInitiatedBy' is present

2021-03-04 23:16:17 - [MESSAGE][PASSED] - Text '' is set on object 'Object Repository/VLink/Page_CCSale/txt_COFTransactionInitiatedBy'

2021-03-04 23:16:20 - [MESSAGE][PASSED] - Object: 'Object Repository/VLink/Page_CCSale/btn_ProcessVLinkTransaction' is clicked on

2021-03-04 23:16:25 - [MESSAGE][PASSED] - vlinkPages.saleCCPage.setDataSCC is PASSED

2021-03-04 23:16:25 - [TEST_STEP][PASSED] - if (verifyTextPresent("Transaction approved, no errors", true)): null

2021-03-04 23:16:25 - [MESSAGE][PASSED] - Text 'Transaction approved, no errors' is present on page  using regular expression

2021-03-04 23:16:25 - [TEST_STEP][PASSED] - println("Transaction Approved, no errors text is present on the Confirmation page"): null

2021-03-04 23:16:25 - [TEST_STEP][PASSED] - out.println("Pass Record Number: " + row): null

2021-03-04 23:16:25 - [TEST_STEP][PASSED] - resText = "Pass": null

2021-03-04 23:16:25 - [TEST_STEP][PASSED] - pages.WriteExcel.demoKey(resText, datText, resColumn, datCloumn, fileLoc, nameSheet, row): pages.WriteExcel.demoKey is PASSED

2021-03-04 23:16:25 - [MESSAGE][PASSED] - pages.WriteExcel.demoKey is PASSED

2021-03-04 23:16:25 - [TEST_STEP][PASSED] - sdfo = getText(findTestObject("Object Repository/Page_VLinkReceipt/pre_STX")): Text of object 'Object Repository/Page_VLinkReceipt/pre_STX' is: '<STX>TlO4LrWMPyiW                  12089861            0  Transaction approved, no errors                   0                                                                                  XXOK2320   <ETX>'

2021-03-04 23:16:26 - [MESSAGE][PASSED] - Text of object 'Object Repository/Page_VLinkReceipt/pre_STX' is: '<STX>TlO4LrWMPyiW                  12089861            0  Transaction approved, no errors                   0                                                                                  XXOK2320   <ETX>'

2021-03-04 23:16:26 - [TEST_STEP][PASSED] - out.println("sdfo: " + sdfo): null

2021-03-04 23:16:26 - [TEST_STEP][PASSED] - remID = substring(5, 35).trim(): null

2021-03-04 23:16:26 - [TEST_STEP][PASSED] - out.println("Remittance ID: " + remID): null

2021-03-04 23:16:26 - [TEST_STEP][PASSED] - traxID = substring(35, 55).trim(): null

2021-03-04 23:16:26 - [TEST_STEP][PASSED] - out.println("Transaction ID: " + traxID): null

2021-03-04 23:16:26 - [TEST_STEP][PASSED] - out.println("End Record Number: " + row): null

2021-03-04 23:16:26 - [TEST_STEP][PASSED] - closeBrowser(): Browser is closed

2021-03-04 23:16:27 - [MESSAGE][PASSED] - Browser is closed

2021-03-04 23:16:27 - [TEST_STEP][PASSED] - out.println("Begin Record Number: " + row): null

2021-03-04 23:16:27 - [TEST_STEP][PASSED] - today = new java.util.Date(): null

2021-03-04 23:16:27 - [TEST_STEP][PASSED] - println(today): null

2021-03-04 23:16:27 - [TEST_STEP][PASSED] - datText = today: null

2021-03-04 23:16:27 - [TEST_STEP][PASSED] - openBrowser(VLinkURL + "authcap.html"): Browser is opened with url: 'https://dev-algorithm.govolution.com/vlinktest/QA/version_2_0/authcap.html'

2021-03-04 23:16:27 - [MESSAGE][INFO] - Starting 'Chrome' driver

2021-03-04 23:16:27 - [MESSAGE][INFO] - User set preference: ['acceptInsecureCerts', 'true']

2021-03-04 23:16:27 - [MESSAGE][INFO] - Action delay is set to 0 milliseconds

2021-03-04 23:16:29 - [MESSAGE][PASSED] - Browser is opened with url: 'https://dev-algorithm.govolution.com/vlinktest/QA/version_2_0/authcap.html'

2021-03-04 23:16:29 - [TEST_STEP][PASSED] - maximizeWindow(): Current window maximized

2021-03-04 23:16:29 - [MESSAGE][PASSED] - Current window maximized

2021-03-04 23:16:29 - [TEST_STEP][PASSED] - vlinkPages.saleCCPage.setDataSCC(row, dataFile): vlinkPages.saleCCPage.setDataSCC is PASSED

2021-03-04 23:16:31 - [MESSAGE][PASSED] - Object 'Object Repository/VLink/Page_CCSale/txt_CardNumber' is present

2021-03-04 23:16:31 - [MESSAGE][PASSED] - Object 'Object Repository/VLink/Page_CCSale/txt_TransactionType' is present

2021-03-04 23:16:32 - [MESSAGE][PASSED] - Text '104' is set on object 'Object Repository/VLink/Page_CCSale/txt_TransactionType'

2021-03-04 23:16:32 - [MESSAGE][PASSED] - Object 'Object Repository/VLink/Page_CCSale/txt_MessageVersion' is present

2021-03-04 23:16:32 - [MESSAGE][PASSED] - Text '2.0C' is set on object 'Object Repository/VLink/Page_CCSale/txt_MessageVersion'

2021-03-04 23:16:33 - [MESSAGE][PASSED] - Object 'Object Repository/VLink/Page_CCSale/txt_RemID' is present

2021-03-04 23:16:33 - [MESSAGE][PASSED] - Text 'dZ5fS0gZOxK0' is set on object 'Object Repository/VLink/Page_CCSale/txt_RemID'

2021-03-04 23:16:34 - [MESSAGE][PASSED] - Object 'Object Repository/VLink/Page_CCSale/txt_ApplicationId' is present

2021-03-04 23:16:34 - [MESSAGE][PASSED] - Text '665' is set on object 'Object Repository/VLink/Page_CCSale/txt_ApplicationId'

2021-03-04 23:16:34 - [MESSAGE][PASSED] - Object 'Object Repository/VLink/Page_CCSale/txt_Username' is present

2021-03-04 23:16:35 - [MESSAGE][PASSED] - Text 'username' is set on object 'Object Repository/VLink/Page_CCSale/txt_Username'

2021-03-04 23:16:35 - [MESSAGE][PASSED] - Object 'Object Repository/VLink/Page_CCSale/txt_Password' is present

2021-03-04 23:16:36 - [MESSAGE][PASSED] - Text 'password' is set on object 'Object Repository/VLink/Page_CCSale/txt_Password'

2021-03-04 23:16:36 - [MESSAGE][PASSED] - Object 'Object Repository/VLink/Page_CCSale/txt_ResponseFormat' is present

2021-03-04 23:16:37 - [MESSAGE][PASSED] - Text 'fixed_width' is set on object 'Object Repository/VLink/Page_CCSale/txt_ResponseFormat'

2021-03-04 23:16:37 - [MESSAGE][PASSED] - Object 'Object Repository/VLink/Page_CCSale/txt_Category' is present

2021-03-04 23:16:38 - [MESSAGE][PASSED] - Text 'RETL' is set on object 'Object Repository/VLink/Page_CCSale/txt_Category'

2021-03-04 23:16:38 - [MESSAGE][PASSED] - Object 'Object Repository/VLink/Page_CCSale/txt_TransactionID' is present

2021-03-04 23:16:39 - [MESSAGE][PASSED] - Text '' is set on object 'Object Repository/VLink/Page_CCSale/txt_TransactionID'

2021-03-04 23:16:39 - [MESSAGE][PASSED] - Object 'Object Repository/VLink/Page_CCSale/txt_ApprovalCode' is present

2021-03-04 23:16:40 - [MESSAGE][PASSED] - Text '' is set on object 'Object Repository/VLink/Page_CCSale/txt_ApprovalCode'

2021-03-04 23:16:40 - [MESSAGE][PASSED] - Object 'Object Repository/VLink/Page_CCSale/txt_CardName' is present

2021-03-04 23:16:41 - [MESSAGE][PASSED] - Text 'Kris Roshan' is set on object 'Object Repository/VLink/Page_CCSale/txt_CardName'

2021-03-04 23:16:41 - [MESSAGE][PASSED] - Object 'Object Repository/VLink/Page_CCSale/txt_AL1' is present

2021-03-04 23:16:42 - [MESSAGE][PASSED] - Text '258 Elm Road' is set on object 'Object Repository/VLink/Page_CCSale/txt_AL1'

2021-03-04 23:16:42 - [MESSAGE][PASSED] - Object 'Object Repository/VLink/Page_CCSale/txt_AL2' is present

2021-03-04 23:16:43 - [MESSAGE][PASSED] - Text 'Suite 56' is set on object 'Object Repository/VLink/Page_CCSale/txt_AL2'

2021-03-04 23:16:43 - [MESSAGE][PASSED] - Object 'Object Repository/VLink/Page_CCSale/txt_CardCity' is present

2021-03-04 23:16:44 - [MESSAGE][PASSED] - Text 'Arlington' is set on object 'Object Repository/VLink/Page_CCSale/txt_CardCity'

2021-03-04 23:16:44 - [MESSAGE][PASSED] - Object 'Object Repository/VLink/Page_CCSale/txt_CardState' is present

2021-03-04 23:16:45 - [MESSAGE][PASSED] - Text 'VA' is set on object 'Object Repository/VLink/Page_CCSale/txt_CardState'

2021-03-04 23:16:45 - [MESSAGE][PASSED] - Object 'Object Repository/VLink/Page_CCSale/txt_CardZIP' is present

2021-03-04 23:16:45 - [MESSAGE][PASSED] - Text '22201' is set on object 'Object Repository/VLink/Page_CCSale/txt_CardZIP'

2021-03-04 23:16:46 - [MESSAGE][PASSED] - Object 'Object Repository/VLink/Page_CCSale/txt_CountryID' is present

2021-03-04 23:16:46 - [MESSAGE][PASSED] - Text '840' is set on object 'Object Repository/VLink/Page_CCSale/txt_CountryID'

2021-03-04 23:16:47 - [MESSAGE][PASSED] - Object 'Object Repository/VLink/Page_CCSale/txt_Amount' is present

2021-03-04 23:16:47 - [MESSAGE][PASSED] - Text '1.50' is set on object 'Object Repository/VLink/Page_CCSale/txt_Amount'

2021-03-04 23:16:48 - [MESSAGE][PASSED] - Object 'Object Repository/VLink/Page_CCSale/txt_CardNumber' is present

2021-03-04 23:16:48 - [MESSAGE][PASSED] - Text '4111111111111111' is set on object 'Object Repository/VLink/Page_CCSale/txt_CardNumber'

2021-03-04 23:16:49 - [MESSAGE][PASSED] - Object 'Object Repository/VLink/Page_CCSale/txt_ExpMonth' is present

2021-03-04 23:16:49 - [MESSAGE][PASSED] - Text '12' is set on object 'Object Repository/VLink/Page_CCSale/txt_ExpMonth'

2021-03-04 23:16:50 - [MESSAGE][PASSED] - Object 'Object Repository/VLink/Page_CCSale/txt_ExpYear' is present

2021-03-04 23:16:50 - [MESSAGE][PASSED] - Text '2025' is set on object 'Object Repository/VLink/Page_CCSale/txt_ExpYear'

2021-03-04 23:16:51 - [MESSAGE][PASSED] - Object 'Object Repository/VLink/Page_CCSale/txt_CVV' is present

2021-03-04 23:16:51 - [MESSAGE][PASSED] - Text '' is set on object 'Object Repository/VLink/Page_CCSale/txt_CVV'

2021-03-04 23:16:52 - [MESSAGE][PASSED] - Object 'Object Repository/VLink/Page_CCSale/txt_CVVstate' is present

2021-03-04 23:16:52 - [MESSAGE][PASSED] - Text '' is set on object 'Object Repository/VLink/Page_CCSale/txt_CVVstate'

2021-03-04 23:16:53 - [MESSAGE][PASSED] - Object 'Object Repository/VLink/Page_CCSale/txt_TrackData' is present

2021-03-04 23:16:53 - [MESSAGE][PASSED] - Text '' is set on object 'Object Repository/VLink/Page_CCSale/txt_TrackData'

2021-03-04 23:16:54 - [MESSAGE][PASSED] - Object 'Object Repository/VLink/Page_CCSale/txt_Track1Data' is present

2021-03-04 23:16:54 - [MESSAGE][PASSED] - Text '' is set on object 'Object Repository/VLink/Page_CCSale/txt_Track1Data'

2021-03-04 23:16:55 - [MESSAGE][PASSED] - Object 'Object Repository/VLink/Page_CCSale/txt_Track2Data' is present

2021-03-04 23:16:55 - [MESSAGE][PASSED] - Text '' is set on object 'Object Repository/VLink/Page_CCSale/txt_Track2Data'

2021-03-04 23:16:55 - [MESSAGE][PASSED] - Object 'Object Repository/VLink/Page_CCSale/txt_POSEntryMode' is present

2021-03-04 23:16:56 - [MESSAGE][PASSED] - Text 'manual' is set on object 'Object Repository/VLink/Page_CCSale/txt_POSEntryMode'

2021-03-04 23:16:56 - [MESSAGE][PASSED] - Object 'Object Repository/VLink/Page_CCSale/txt_Email' is present

2021-03-04 23:16:57 - [MESSAGE][PASSED] - Text 'iahmed@govolution.com' is set on object 'Object Repository/VLink/Page_CCSale/txt_Email'

2021-03-04 23:16:57 - [MESSAGE][PASSED] - Object 'Object Repository/VLink/Page_CCSale/txt_OrderNumber' is present

2021-03-04 23:16:58 - [MESSAGE][PASSED] - Text '2569362' is set on object 'Object Repository/VLink/Page_CCSale/txt_OrderNumber'

2021-03-04 23:16:58 - [MESSAGE][PASSED] - Object 'Object Repository/VLink/Page_CCSale/txt_TaxAmount' is present

2021-03-04 23:16:59 - [MESSAGE][PASSED] - Text '1.15' is set on object 'Object Repository/VLink/Page_CCSale/txt_TaxAmount'

2021-03-04 23:16:59 - [MESSAGE][PASSED] - Object 'Object Repository/VLink/Page_CCSale/txt_ChargeDescription' is present

2021-03-04 23:17:00 - [MESSAGE][PASSED] - Text 'Charge Description' is set on object 'Object Repository/VLink/Page_CCSale/txt_ChargeDescription'

2021-03-04 23:17:00 - [MESSAGE][PASSED] - Object 'Object Repository/VLink/Page_CCSale/txt_CAN' is present

2021-03-04 23:17:01 - [MESSAGE][PASSED] - Text '147357' is set on object 'Object Repository/VLink/Page_CCSale/txt_CAN'

2021-03-04 23:17:01 - [MESSAGE][PASSED] - Object 'Object Repository/VLink/Page_CCSale/txt_BillPaymentIndicator' is present

2021-03-04 23:17:02 - [MESSAGE][PASSED] - Text '1' is set on object 'Object Repository/VLink/Page_CCSale/txt_BillPaymentIndicator'

2021-03-04 23:17:02 - [MESSAGE][PASSED] - Object 'Object Repository/VLink/Page_CCSale/txt_UDF1' is present

2021-03-04 23:17:03 - [MESSAGE][PASSED] - Text 'UDF Data 1' is set on object 'Object Repository/VLink/Page_CCSale/txt_UDF1'

2021-03-04 23:17:03 - [MESSAGE][PASSED] - Object 'Object Repository/VLink/Page_CCSale/txt_UDF2' is present

2021-03-04 23:17:04 - [MESSAGE][PASSED] - Text 'UDF Data 2' is set on object 'Object Repository/VLink/Page_CCSale/txt_UDF2'

2021-03-04 23:17:04 - [MESSAGE][PASSED] - Object 'Object Repository/VLink/Page_CCSale/txt_UDF3' is present

2021-03-04 23:17:05 - [MESSAGE][PASSED] - Text 'UDF Data 3' is set on object 'Object Repository/VLink/Page_CCSale/txt_UDF3'

2021-03-04 23:17:05 - [MESSAGE][PASSED] - Object 'Object Repository/VLink/Page_CCSale/txt_UDF4' is present

2021-03-04 23:17:06 - [MESSAGE][PASSED] - Text 'UDF Data 4' is set on object 'Object Repository/VLink/Page_CCSale/txt_UDF4'

2021-03-04 23:17:06 - [MESSAGE][PASSED] - Object 'Object Repository/VLink/Page_CCSale/txt_UDF5' is present

2021-03-04 23:17:07 - [MESSAGE][PASSED] - Text 'UDF Data 5' is set on object 'Object Repository/VLink/Page_CCSale/txt_UDF5'

2021-03-04 23:17:07 - [MESSAGE][PASSED] - Object 'Object Repository/VLink/Page_CCSale/txt_UDF6' is present

2021-03-04 23:17:08 - [MESSAGE][PASSED] - Text 'UDF Data 6' is set on object 'Object Repository/VLink/Page_CCSale/txt_UDF6'

2021-03-04 23:17:08 - [MESSAGE][PASSED] - Object 'Object Repository/VLink/Page_CCSale/txt_UDF7' is present

2021-03-04 23:17:09 - [MESSAGE][PASSED] - Text 'UDF Data 7' is set on object 'Object Repository/VLink/Page_CCSale/txt_UDF7'

2021-03-04 23:17:09 - [MESSAGE][PASSED] - Object 'Object Repository/VLink/Page_CCSale/txt_UDF8' is present

2021-03-04 23:17:10 - [MESSAGE][PASSED] - Text 'UDF Data 8' is set on object 'Object Repository/VLink/Page_CCSale/txt_UDF8'

2021-03-04 23:17:10 - [MESSAGE][PASSED] - Object 'Object Repository/VLink/Page_CCSale/txt_UDF9' is present

2021-03-04 23:17:11 - [MESSAGE][PASSED] - Text 'UDF Data 9' is set on object 'Object Repository/VLink/Page_CCSale/txt_UDF9'

2021-03-04 23:17:11 - [MESSAGE][PASSED] - Object 'Object Repository/VLink/Page_CCSale/txt_UDF10' is present

2021-03-04 23:17:12 - [MESSAGE][PASSED] - Text 'UDF Data 10' is set on object 'Object Repository/VLink/Page_CCSale/txt_UDF10'

2021-03-04 23:17:12 - [MESSAGE][PASSED] - Object 'Object Repository/VLink/Page_CCSale/txt_CardOnFileIndicator' is present

2021-03-04 23:17:13 - [MESSAGE][PASSED] - Text '' is set on object 'Object Repository/VLink/Page_CCSale/txt_CardOnFileIndicator'

2021-03-04 23:17:13 - [MESSAGE][PASSED] - Object 'Object Repository/VLink/Page_CCSale/txt_StoredCredentialIndicator' is present

2021-03-04 23:17:14 - [MESSAGE][PASSED] - Text '' is set on object 'Object Repository/VLink/Page_CCSale/txt_StoredCredentialIndicator'

2021-03-04 23:17:14 - [MESSAGE][PASSED] - Object 'Object Repository/VLink/Page_CCSale/txt_COFScheduledIndicator' is present

2021-03-04 23:17:15 - [MESSAGE][PASSED] - Text '' is set on object 'Object Repository/VLink/Page_CCSale/txt_COFScheduledIndicator'

2021-03-04 23:17:15 - [MESSAGE][PASSED] - Object 'Object Repository/VLink/Page_CCSale/txt_COFTransactionInitiatedBy' is present

2021-03-04 23:17:16 - [MESSAGE][PASSED] - Text '' is set on object 'Object Repository/VLink/Page_CCSale/txt_COFTransactionInitiatedBy'

2021-03-04 23:17:18 - [MESSAGE][PASSED] - Object: 'Object Repository/VLink/Page_CCSale/btn_ProcessVLinkTransaction' is clicked on

2021-03-04 23:17:23 - [MESSAGE][PASSED] - vlinkPages.saleCCPage.setDataSCC is PASSED

2021-03-04 23:17:23 - [TEST_STEP][PASSED] - if (verifyTextPresent("Transaction approved, no errors", true)): null

2021-03-04 23:17:24 - [MESSAGE][PASSED] - Text 'Transaction approved, no errors' is present on page  using regular expression

2021-03-04 23:17:24 - [TEST_STEP][PASSED] - println("Transaction Approved, no errors text is present on the Confirmation page"): null

2021-03-04 23:17:24 - [TEST_STEP][PASSED] - out.println("Pass Record Number: " + row): null

2021-03-04 23:17:24 - [TEST_STEP][PASSED] - resText = "Pass": null

2021-03-04 23:17:24 - [TEST_STEP][PASSED] - pages.WriteExcel.demoKey(resText, datText, resColumn, datCloumn, fileLoc, nameSheet, row): pages.WriteExcel.demoKey is PASSED

2021-03-04 23:17:24 - [MESSAGE][PASSED] - pages.WriteExcel.demoKey is PASSED

2021-03-04 23:17:24 - [TEST_STEP][PASSED] - sdfo = getText(findTestObject("Object Repository/Page_VLinkReceipt/pre_STX")): Text of object 'Object Repository/Page_VLinkReceipt/pre_STX' is: '<STX>dZ5fS0gZOxK0                  12089863            0  Transaction approved, no errors                   0                                                                                  X OK2600   <ETX>'

2021-03-04 23:17:24 - [MESSAGE][PASSED] - Text of object 'Object Repository/Page_VLinkReceipt/pre_STX' is: '<STX>dZ5fS0gZOxK0                  12089863            0  Transaction approved, no errors                   0                                                                                  X OK2600   <ETX>'

2021-03-04 23:17:24 - [TEST_STEP][PASSED] - out.println("sdfo: " + sdfo): null

2021-03-04 23:17:24 - [TEST_STEP][PASSED] - remID = substring(5, 35).trim(): null

2021-03-04 23:17:24 - [TEST_STEP][PASSED] - out.println("Remittance ID: " + remID): null

2021-03-04 23:17:24 - [TEST_STEP][PASSED] - traxID = substring(35, 55).trim(): null

2021-03-04 23:17:24 - [TEST_STEP][PASSED] - out.println("Transaction ID: " + traxID): null

2021-03-04 23:17:24 - [TEST_STEP][PASSED] - out.println("End Record Number: " + row): null

2021-03-04 23:17:24 - [TEST_STEP][PASSED] - closeBrowser(): Browser is closed

2021-03-04 23:17:25 - [MESSAGE][PASSED] - Browser is closed

2021-03-04 23:17:25 - [TEST_STEP][PASSED] - out.println("Begin Record Number: " + row): null

2021-03-04 23:17:25 - [TEST_STEP][PASSED] - today = new java.util.Date(): null

2021-03-04 23:17:25 - [TEST_STEP][PASSED] - println(today): null

2021-03-04 23:17:25 - [TEST_STEP][PASSED] - datText = today: null

2021-03-04 23:17:25 - [TEST_STEP][PASSED] - openBrowser(VLinkURL + "authcap.html"): Browser is opened with url: 'https://dev-algorithm.govolution.com/vlinktest/QA/version_2_0/authcap.html'

2021-03-04 23:17:25 - [MESSAGE][INFO] - Starting 'Chrome' driver

2021-03-04 23:17:25 - [MESSAGE][INFO] - User set preference: ['acceptInsecureCerts', 'true']

2021-03-04 23:17:25 - [MESSAGE][INFO] - Action delay is set to 0 milliseconds

2021-03-04 23:17:29 - [MESSAGE][PASSED] - Browser is opened with url: 'https://dev-algorithm.govolution.com/vlinktest/QA/version_2_0/authcap.html'

2021-03-04 23:17:29 - [TEST_STEP][PASSED] - maximizeWindow(): Current window maximized

2021-03-04 23:17:29 - [MESSAGE][PASSED] - Current window maximized

2021-03-04 23:17:29 - [TEST_STEP][PASSED] - vlinkPages.saleCCPage.setDataSCC(row, dataFile): vlinkPages.saleCCPage.setDataSCC is PASSED

2021-03-04 23:17:31 - [MESSAGE][PASSED] - Object 'Object Repository/VLink/Page_CCSale/txt_CardNumber' is present

2021-03-04 23:17:31 - [MESSAGE][PASSED] - Object 'Object Repository/VLink/Page_CCSale/txt_TransactionType' is present

2021-03-04 23:17:32 - [MESSAGE][PASSED] - Text '104' is set on object 'Object Repository/VLink/Page_CCSale/txt_TransactionType'

2021-03-04 23:17:32 - [MESSAGE][PASSED] - Object 'Object Repository/VLink/Page_CCSale/txt_MessageVersion' is present

2021-03-04 23:17:33 - [MESSAGE][PASSED] - Text '2.0C' is set on object 'Object Repository/VLink/Page_CCSale/txt_MessageVersion'

2021-03-04 23:17:33 - [MESSAGE][PASSED] - Object 'Object Repository/VLink/Page_CCSale/txt_RemID' is present

2021-03-04 23:17:34 - [MESSAGE][PASSED] - Text '8CBptyymwRQq' is set on object 'Object Repository/VLink/Page_CCSale/txt_RemID'

2021-03-04 23:17:34 - [MESSAGE][PASSED] - Object 'Object Repository/VLink/Page_CCSale/txt_ApplicationId' is present

2021-03-04 23:17:35 - [MESSAGE][PASSED] - Text '672' is set on object 'Object Repository/VLink/Page_CCSale/txt_ApplicationId'

2021-03-04 23:17:35 - [MESSAGE][PASSED] - Object 'Object Repository/VLink/Page_CCSale/txt_Username' is present

2021-03-04 23:17:35 - [MESSAGE][PASSED] - Text 'username' is set on object 'Object Repository/VLink/Page_CCSale/txt_Username'

2021-03-04 23:17:36 - [MESSAGE][PASSED] - Object 'Object Repository/VLink/Page_CCSale/txt_Password' is present

2021-03-04 23:17:36 - [MESSAGE][PASSED] - Text 'password' is set on object 'Object Repository/VLink/Page_CCSale/txt_Password'

2021-03-04 23:17:37 - [MESSAGE][PASSED] - Object 'Object Repository/VLink/Page_CCSale/txt_ResponseFormat' is present

2021-03-04 23:17:37 - [MESSAGE][PASSED] - Text 'fixed_width' is set on object 'Object Repository/VLink/Page_CCSale/txt_ResponseFormat'

2021-03-04 23:17:38 - [MESSAGE][PASSED] - Object 'Object Repository/VLink/Page_CCSale/txt_Category' is present

2021-03-04 23:17:38 - [MESSAGE][PASSED] - Text 'RETL' is set on object 'Object Repository/VLink/Page_CCSale/txt_Category'

2021-03-04 23:17:39 - [MESSAGE][PASSED] - Object 'Object Repository/VLink/Page_CCSale/txt_TransactionID' is present

2021-03-04 23:17:39 - [MESSAGE][PASSED] - Text '' is set on object 'Object Repository/VLink/Page_CCSale/txt_TransactionID'

2021-03-04 23:17:40 - [MESSAGE][PASSED] - Object 'Object Repository/VLink/Page_CCSale/txt_ApprovalCode' is present

2021-03-04 23:17:40 - [MESSAGE][PASSED] - Text '' is set on object 'Object Repository/VLink/Page_CCSale/txt_ApprovalCode'

2021-03-04 23:17:41 - [MESSAGE][PASSED] - Object 'Object Repository/VLink/Page_CCSale/txt_CardName' is present

2021-03-04 23:17:41 - [MESSAGE][PASSED] - Text 'Arvind Silva' is set on object 'Object Repository/VLink/Page_CCSale/txt_CardName'

2021-03-04 23:17:42 - [MESSAGE][PASSED] - Object 'Object Repository/VLink/Page_CCSale/txt_AL1' is present

2021-03-04 23:17:42 - [MESSAGE][PASSED] - Text '111 Main Ave' is set on object 'Object Repository/VLink/Page_CCSale/txt_AL1'

2021-03-04 23:17:43 - [MESSAGE][PASSED] - Object 'Object Repository/VLink/Page_CCSale/txt_AL2' is present

2021-03-04 23:17:43 - [MESSAGE][PASSED] - Text '' is set on object 'Object Repository/VLink/Page_CCSale/txt_AL2'

2021-03-04 23:17:43 - [MESSAGE][PASSED] - Object 'Object Repository/VLink/Page_CCSale/txt_CardCity' is present

2021-03-04 23:17:44 - [MESSAGE][PASSED] - Text 'Arlington' is set on object 'Object Repository/VLink/Page_CCSale/txt_CardCity'

2021-03-04 23:17:44 - [MESSAGE][PASSED] - Object 'Object Repository/VLink/Page_CCSale/txt_CardState' is present

2021-03-04 23:17:45 - [MESSAGE][PASSED] - Text 'VA' is set on object 'Object Repository/VLink/Page_CCSale/txt_CardState'

2021-03-04 23:17:45 - [MESSAGE][PASSED] - Object 'Object Repository/VLink/Page_CCSale/txt_CardZIP' is present

2021-03-04 23:17:46 - [MESSAGE][PASSED] - Text '22201' is set on object 'Object Repository/VLink/Page_CCSale/txt_CardZIP'

2021-03-04 23:17:46 - [MESSAGE][PASSED] - Object 'Object Repository/VLink/Page_CCSale/txt_CountryID' is present

2021-03-04 23:17:47 - [MESSAGE][PASSED] - Text '' is set on object 'Object Repository/VLink/Page_CCSale/txt_CountryID'

2021-03-04 23:17:47 - [MESSAGE][PASSED] - Object 'Object Repository/VLink/Page_CCSale/txt_Amount' is present

2021-03-04 23:17:48 - [MESSAGE][PASSED] - Text '2.50' is set on object 'Object Repository/VLink/Page_CCSale/txt_Amount'

2021-03-04 23:17:48 - [MESSAGE][PASSED] - Object 'Object Repository/VLink/Page_CCSale/txt_CardNumber' is present

2021-03-04 23:17:49 - [MESSAGE][PASSED] - Text '4111111111111111' is set on object 'Object Repository/VLink/Page_CCSale/txt_CardNumber'

2021-03-04 23:17:49 - [MESSAGE][PASSED] - Object 'Object Repository/VLink/Page_CCSale/txt_ExpMonth' is present

2021-03-04 23:17:50 - [MESSAGE][PASSED] - Text '01' is set on object 'Object Repository/VLink/Page_CCSale/txt_ExpMonth'

2021-03-04 23:17:50 - [MESSAGE][PASSED] - Object 'Object Repository/VLink/Page_CCSale/txt_ExpYear' is present

2021-03-04 23:17:51 - [MESSAGE][PASSED] - Text '2026' is set on object 'Object Repository/VLink/Page_CCSale/txt_ExpYear'

2021-03-04 23:17:51 - [MESSAGE][PASSED] - Object 'Object Repository/VLink/Page_CCSale/txt_CVV' is present

2021-03-04 23:17:52 - [MESSAGE][PASSED] - Text '' is set on object 'Object Repository/VLink/Page_CCSale/txt_CVV'

2021-03-04 23:17:52 - [MESSAGE][PASSED] - Object 'Object Repository/VLink/Page_CCSale/txt_CVVstate' is present

2021-03-04 23:17:53 - [MESSAGE][PASSED] - Text '' is set on object 'Object Repository/VLink/Page_CCSale/txt_CVVstate'

2021-03-04 23:17:53 - [MESSAGE][PASSED] - Object 'Object Repository/VLink/Page_CCSale/txt_TrackData' is present

2021-03-04 23:17:54 - [MESSAGE][PASSED] - Text '' is set on object 'Object Repository/VLink/Page_CCSale/txt_TrackData'

2021-03-04 23:17:54 - [MESSAGE][PASSED] - Object 'Object Repository/VLink/Page_CCSale/txt_Track1Data' is present

2021-03-04 23:17:55 - [MESSAGE][PASSED] - Text '' is set on object 'Object Repository/VLink/Page_CCSale/txt_Track1Data'

2021-03-04 23:17:55 - [MESSAGE][PASSED] - Object 'Object Repository/VLink/Page_CCSale/txt_Track2Data' is present

2021-03-04 23:17:56 - [MESSAGE][PASSED] - Text '' is set on object 'Object Repository/VLink/Page_CCSale/txt_Track2Data'

2021-03-04 23:17:56 - [MESSAGE][PASSED] - Object 'Object Repository/VLink/Page_CCSale/txt_POSEntryMode' is present

2021-03-04 23:17:57 - [MESSAGE][PASSED] - Text 'manual' is set on object 'Object Repository/VLink/Page_CCSale/txt_POSEntryMode'

2021-03-04 23:17:57 - [MESSAGE][PASSED] - Object 'Object Repository/VLink/Page_CCSale/txt_Email' is present

2021-03-04 23:17:58 - [MESSAGE][PASSED] - Text '' is set on object 'Object Repository/VLink/Page_CCSale/txt_Email'

2021-03-04 23:17:58 - [MESSAGE][PASSED] - Object 'Object Repository/VLink/Page_CCSale/txt_OrderNumber' is present

2021-03-04 23:17:59 - [MESSAGE][PASSED] - Text '' is set on object 'Object Repository/VLink/Page_CCSale/txt_OrderNumber'

2021-03-04 23:17:59 - [MESSAGE][PASSED] - Object 'Object Repository/VLink/Page_CCSale/txt_TaxAmount' is present

2021-03-04 23:18:00 - [MESSAGE][PASSED] - Text '' is set on object 'Object Repository/VLink/Page_CCSale/txt_TaxAmount'

2021-03-04 23:18:00 - [MESSAGE][PASSED] - Object 'Object Repository/VLink/Page_CCSale/txt_ChargeDescription' is present

2021-03-04 23:18:01 - [MESSAGE][PASSED] - Text '' is set on object 'Object Repository/VLink/Page_CCSale/txt_ChargeDescription'

2021-03-04 23:18:01 - [MESSAGE][PASSED] - Object 'Object Repository/VLink/Page_CCSale/txt_CAN' is present

2021-03-04 23:18:02 - [MESSAGE][PASSED] - Text '' is set on object 'Object Repository/VLink/Page_CCSale/txt_CAN'

2021-03-04 23:18:02 - [MESSAGE][PASSED] - Object 'Object Repository/VLink/Page_CCSale/txt_BillPaymentIndicator' is present

2021-03-04 23:18:03 - [MESSAGE][PASSED] - Text '' is set on object 'Object Repository/VLink/Page_CCSale/txt_BillPaymentIndicator'

2021-03-04 23:18:03 - [MESSAGE][PASSED] - Object 'Object Repository/VLink/Page_CCSale/txt_UDF1' is present

2021-03-04 23:18:04 - [MESSAGE][PASSED] - Text '' is set on object 'Object Repository/VLink/Page_CCSale/txt_UDF1'

2021-03-04 23:18:04 - [MESSAGE][PASSED] - Object 'Object Repository/VLink/Page_CCSale/txt_UDF2' is present

2021-03-04 23:18:05 - [MESSAGE][PASSED] - Text '' is set on object 'Object Repository/VLink/Page_CCSale/txt_UDF2'

2021-03-04 23:18:05 - [MESSAGE][PASSED] - Object 'Object Repository/VLink/Page_CCSale/txt_UDF3' is present

2021-03-04 23:18:06 - [MESSAGE][PASSED] - Text '' is set on object 'Object Repository/VLink/Page_CCSale/txt_UDF3'

2021-03-04 23:18:06 - [MESSAGE][PASSED] - Object 'Object Repository/VLink/Page_CCSale/txt_UDF4' is present

2021-03-04 23:18:07 - [MESSAGE][PASSED] - Text '' is set on object 'Object Repository/VLink/Page_CCSale/txt_UDF4'

2021-03-04 23:18:07 - [MESSAGE][PASSED] - Object 'Object Repository/VLink/Page_CCSale/txt_UDF5' is present

2021-03-04 23:18:08 - [MESSAGE][PASSED] - Text '' is set on object 'Object Repository/VLink/Page_CCSale/txt_UDF5'

2021-03-04 23:18:08 - [MESSAGE][PASSED] - Object 'Object Repository/VLink/Page_CCSale/txt_UDF6' is present

2021-03-04 23:18:09 - [MESSAGE][PASSED] - Text '' is set on object 'Object Repository/VLink/Page_CCSale/txt_UDF6'

2021-03-04 23:18:09 - [MESSAGE][PASSED] - Object 'Object Repository/VLink/Page_CCSale/txt_UDF7' is present

2021-03-04 23:18:10 - [MESSAGE][PASSED] - Text '' is set on object 'Object Repository/VLink/Page_CCSale/txt_UDF7'

2021-03-04 23:18:10 - [MESSAGE][PASSED] - Object 'Object Repository/VLink/Page_CCSale/txt_UDF8' is present

2021-03-04 23:18:10 - [MESSAGE][PASSED] - Text '' is set on object 'Object Repository/VLink/Page_CCSale/txt_UDF8'

2021-03-04 23:18:11 - [MESSAGE][PASSED] - Object 'Object Repository/VLink/Page_CCSale/txt_UDF9' is present

2021-03-04 23:18:11 - [MESSAGE][PASSED] - Text '' is set on object 'Object Repository/VLink/Page_CCSale/txt_UDF9'

2021-03-04 23:18:12 - [MESSAGE][PASSED] - Object 'Object Repository/VLink/Page_CCSale/txt_UDF10' is present

2021-03-04 23:18:12 - [MESSAGE][PASSED] - Text '' is set on object 'Object Repository/VLink/Page_CCSale/txt_UDF10'

2021-03-04 23:18:13 - [MESSAGE][PASSED] - Object 'Object Repository/VLink/Page_CCSale/txt_CardOnFileIndicator' is present

2021-03-04 23:18:13 - [MESSAGE][PASSED] - Text '' is set on object 'Object Repository/VLink/Page_CCSale/txt_CardOnFileIndicator'

2021-03-04 23:18:14 - [MESSAGE][PASSED] - Object 'Object Repository/VLink/Page_CCSale/txt_StoredCredentialIndicator' is present

2021-03-04 23:18:14 - [MESSAGE][PASSED] - Text '' is set on object 'Object Repository/VLink/Page_CCSale/txt_StoredCredentialIndicator'

2021-03-04 23:18:15 - [MESSAGE][PASSED] - Object 'Object Repository/VLink/Page_CCSale/txt_COFScheduledIndicator' is present

2021-03-04 23:18:15 - [MESSAGE][PASSED] - Text '' is set on object 'Object Repository/VLink/Page_CCSale/txt_COFScheduledIndicator'

2021-03-04 23:18:16 - [MESSAGE][PASSED] - Object 'Object Repository/VLink/Page_CCSale/txt_COFTransactionInitiatedBy' is present

2021-03-04 23:18:16 - [MESSAGE][PASSED] - Text '' is set on object 'Object Repository/VLink/Page_CCSale/txt_COFTransactionInitiatedBy'

2021-03-04 23:18:19 - [MESSAGE][PASSED] - Object: 'Object Repository/VLink/Page_CCSale/btn_ProcessVLinkTransaction' is clicked on

2021-03-04 23:18:24 - [MESSAGE][PASSED] - vlinkPages.saleCCPage.setDataSCC is PASSED

2021-03-04 23:18:24 - [TEST_STEP][PASSED] - if (verifyTextPresent("Transaction approved, no errors", true)): null

2021-03-04 23:18:24 - [MESSAGE][PASSED] - Text 'Transaction approved, no errors' is present on page  using regular expression

2021-03-04 23:18:24 - [TEST_STEP][PASSED] - println("Transaction Approved, no errors text is present on the Confirmation page"): null

2021-03-04 23:18:24 - [TEST_STEP][PASSED] - out.println("Pass Record Number: " + row): null

2021-03-04 23:18:24 - [TEST_STEP][PASSED] - resText = "Pass": null

2021-03-04 23:18:24 - [TEST_STEP][PASSED] - pages.WriteExcel.demoKey(resText, datText, resColumn, datCloumn, fileLoc, nameSheet, row): pages.WriteExcel.demoKey is PASSED

2021-03-04 23:18:24 - [MESSAGE][PASSED] - pages.WriteExcel.demoKey is PASSED

2021-03-04 23:18:24 - [TEST_STEP][PASSED] - sdfo = getText(findTestObject("Object Repository/Page_VLinkReceipt/pre_STX")): Text of object 'Object Repository/Page_VLinkReceipt/pre_STX' is: '<STX>8CBptyymwRQq                  12089864            0  Transaction approved, no errors                   0                                                                                  X OK2870   <ETX>'

2021-03-04 23:18:25 - [MESSAGE][PASSED] - Text of object 'Object Repository/Page_VLinkReceipt/pre_STX' is: '<STX>8CBptyymwRQq                  12089864            0  Transaction approved, no errors                   0                                                                                  X OK2870   <ETX>'

2021-03-04 23:18:25 - [TEST_STEP][PASSED] - out.println("sdfo: " + sdfo): null

2021-03-04 23:18:25 - [TEST_STEP][PASSED] - remID = substring(5, 35).trim(): null

2021-03-04 23:18:25 - [TEST_STEP][PASSED] - out.println("Remittance ID: " + remID): null

2021-03-04 23:18:25 - [TEST_STEP][PASSED] - traxID = substring(35, 55).trim(): null

2021-03-04 23:18:25 - [TEST_STEP][PASSED] - out.println("Transaction ID: " + traxID): null

2021-03-04 23:18:25 - [TEST_STEP][PASSED] - out.println("End Record Number: " + row): null

2021-03-04 23:18:25 - [TEST_STEP][PASSED] - closeBrowser(): Browser is closed

2021-03-04 23:18:25 - [MESSAGE][PASSED] - Browser is closed

2021-03-04 23:18:25 - [TEST_STEP][PASSED] - out.println("Begin Record Number: " + row): null

2021-03-04 23:18:25 - [TEST_STEP][PASSED] - today = new java.util.Date(): null

2021-03-04 23:18:25 - [TEST_STEP][PASSED] - println(today): null

2021-03-04 23:18:25 - [TEST_STEP][PASSED] - datText = today: null

2021-03-04 23:18:25 - [TEST_STEP][PASSED] - openBrowser(VLinkURL + "authcap.html"): Browser is opened with url: 'https://dev-algorithm.govolution.com/vlinktest/QA/version_2_0/authcap.html'

2021-03-04 23:18:25 - [MESSAGE][INFO] - Starting 'Chrome' driver

2021-03-04 23:18:25 - [MESSAGE][INFO] - User set preference: ['acceptInsecureCerts', 'true']

2021-03-04 23:18:25 - [MESSAGE][INFO] - Action delay is set to 0 milliseconds

2021-03-04 23:18:27 - [MESSAGE][PASSED] - Browser is opened with url: 'https://dev-algorithm.govolution.com/vlinktest/QA/version_2_0/authcap.html'

2021-03-04 23:18:27 - [TEST_STEP][PASSED] - maximizeWindow(): Current window maximized

2021-03-04 23:18:28 - [MESSAGE][PASSED] - Current window maximized

2021-03-04 23:18:28 - [TEST_STEP][PASSED] - vlinkPages.saleCCPage.setDataSCC(row, dataFile): vlinkPages.saleCCPage.setDataSCC is PASSED

2021-03-04 23:18:29 - [MESSAGE][PASSED] - Object 'Object Repository/VLink/Page_CCSale/txt_CardNumber' is present

2021-03-04 23:18:30 - [MESSAGE][PASSED] - Object 'Object Repository/VLink/Page_CCSale/txt_TransactionType' is present

2021-03-04 23:18:30 - [MESSAGE][PASSED] - Text '104' is set on object 'Object Repository/VLink/Page_CCSale/txt_TransactionType'

2021-03-04 23:18:31 - [MESSAGE][PASSED] - Object 'Object Repository/VLink/Page_CCSale/txt_MessageVersion' is present

2021-03-04 23:18:31 - [MESSAGE][PASSED] - Text '2.0C' is set on object 'Object Repository/VLink/Page_CCSale/txt_MessageVersion'

2021-03-04 23:18:32 - [MESSAGE][PASSED] - Object 'Object Repository/VLink/Page_CCSale/txt_RemID' is present

2021-03-04 23:18:32 - [MESSAGE][PASSED] - Text 'Yf3qQopqR4FI' is set on object 'Object Repository/VLink/Page_CCSale/txt_RemID'

2021-03-04 23:18:33 - [MESSAGE][PASSED] - Object 'Object Repository/VLink/Page_CCSale/txt_ApplicationId' is present

2021-03-04 23:18:33 - [MESSAGE][PASSED] - Text '677' is set on object 'Object Repository/VLink/Page_CCSale/txt_ApplicationId'

2021-03-04 23:18:34 - [MESSAGE][PASSED] - Object 'Object Repository/VLink/Page_CCSale/txt_Username' is present

2021-03-04 23:18:34 - [MESSAGE][PASSED] - Text 'username' is set on object 'Object Repository/VLink/Page_CCSale/txt_Username'

2021-03-04 23:18:35 - [MESSAGE][PASSED] - Object 'Object Repository/VLink/Page_CCSale/txt_Password' is present

2021-03-04 23:18:35 - [MESSAGE][PASSED] - Text 'password' is set on object 'Object Repository/VLink/Page_CCSale/txt_Password'

2021-03-04 23:18:35 - [MESSAGE][PASSED] - Object 'Object Repository/VLink/Page_CCSale/txt_ResponseFormat' is present

2021-03-04 23:18:36 - [MESSAGE][PASSED] - Text 'fixed_width' is set on object 'Object Repository/VLink/Page_CCSale/txt_ResponseFormat'

2021-03-04 23:18:36 - [MESSAGE][PASSED] - Object 'Object Repository/VLink/Page_CCSale/txt_Category' is present

2021-03-04 23:18:37 - [MESSAGE][PASSED] - Text 'RETL' is set on object 'Object Repository/VLink/Page_CCSale/txt_Category'

2021-03-04 23:18:37 - [MESSAGE][PASSED] - Object 'Object Repository/VLink/Page_CCSale/txt_TransactionID' is present

2021-03-04 23:18:38 - [MESSAGE][PASSED] - Text '' is set on object 'Object Repository/VLink/Page_CCSale/txt_TransactionID'

2021-03-04 23:18:38 - [MESSAGE][PASSED] - Object 'Object Repository/VLink/Page_CCSale/txt_ApprovalCode' is present

2021-03-04 23:18:39 - [MESSAGE][PASSED] - Text '' is set on object 'Object Repository/VLink/Page_CCSale/txt_ApprovalCode'

2021-03-04 23:18:39 - [MESSAGE][PASSED] - Object 'Object Repository/VLink/Page_CCSale/txt_CardName' is present

2021-03-04 23:18:39 - [MESSAGE][PASSED] - Text 'Roshan Maha' is set on object 'Object Repository/VLink/Page_CCSale/txt_CardName'

2021-03-04 23:18:40 - [MESSAGE][PASSED] - Object 'Object Repository/VLink/Page_CCSale/txt_AL1' is present

2021-03-04 23:18:40 - [MESSAGE][PASSED] - Text '12563 Bazaar road' is set on object 'Object Repository/VLink/Page_CCSale/txt_AL1'

2021-03-04 23:18:41 - [MESSAGE][PASSED] - Object 'Object Repository/VLink/Page_CCSale/txt_AL2' is present

2021-03-04 23:18:41 - [MESSAGE][PASSED] - Text '' is set on object 'Object Repository/VLink/Page_CCSale/txt_AL2'

2021-03-04 23:18:41 - [MESSAGE][PASSED] - Object 'Object Repository/VLink/Page_CCSale/txt_CardCity' is present

2021-03-04 23:18:42 - [MESSAGE][PASSED] - Text 'Crofton' is set on object 'Object Repository/VLink/Page_CCSale/txt_CardCity'

2021-03-04 23:18:42 - [MESSAGE][PASSED] - Object 'Object Repository/VLink/Page_CCSale/txt_CardState' is present

2021-03-04 23:18:43 - [MESSAGE][PASSED] - Text 'MD' is set on object 'Object Repository/VLink/Page_CCSale/txt_CardState'

2021-03-04 23:18:43 - [MESSAGE][PASSED] - Object 'Object Repository/VLink/Page_CCSale/txt_CardZIP' is present

2021-03-04 23:18:44 - [MESSAGE][PASSED] - Text '21114' is set on object 'Object Repository/VLink/Page_CCSale/txt_CardZIP'

2021-03-04 23:18:44 - [MESSAGE][PASSED] - Object 'Object Repository/VLink/Page_CCSale/txt_CountryID' is present

2021-03-04 23:18:45 - [MESSAGE][PASSED] - Text '' is set on object 'Object Repository/VLink/Page_CCSale/txt_CountryID'

2021-03-04 23:18:45 - [MESSAGE][PASSED] - Object 'Object Repository/VLink/Page_CCSale/txt_Amount' is present

2021-03-04 23:18:46 - [MESSAGE][PASSED] - Text '3.50' is set on object 'Object Repository/VLink/Page_CCSale/txt_Amount'

2021-03-04 23:18:46 - [MESSAGE][PASSED] - Object 'Object Repository/VLink/Page_CCSale/txt_CardNumber' is present

2021-03-04 23:18:47 - [MESSAGE][PASSED] - Text '4111111111111111' is set on object 'Object Repository/VLink/Page_CCSale/txt_CardNumber'

2021-03-04 23:18:47 - [MESSAGE][PASSED] - Object 'Object Repository/VLink/Page_CCSale/txt_ExpMonth' is present

2021-03-04 23:18:48 - [MESSAGE][PASSED] - Text '01' is set on object 'Object Repository/VLink/Page_CCSale/txt_ExpMonth'

2021-03-04 23:18:48 - [MESSAGE][PASSED] - Object 'Object Repository/VLink/Page_CCSale/txt_ExpYear' is present

2021-03-04 23:18:49 - [MESSAGE][PASSED] - Text '2026' is set on object 'Object Repository/VLink/Page_CCSale/txt_ExpYear'

2021-03-04 23:18:49 - [MESSAGE][PASSED] - Object 'Object Repository/VLink/Page_CCSale/txt_CVV' is present

2021-03-04 23:18:50 - [MESSAGE][PASSED] - Text '' is set on object 'Object Repository/VLink/Page_CCSale/txt_CVV'

2021-03-04 23:18:50 - [MESSAGE][PASSED] - Object 'Object Repository/VLink/Page_CCSale/txt_CVVstate' is present

2021-03-04 23:18:51 - [MESSAGE][PASSED] - Text '' is set on object 'Object Repository/VLink/Page_CCSale/txt_CVVstate'

2021-03-04 23:18:51 - [MESSAGE][PASSED] - Object 'Object Repository/VLink/Page_CCSale/txt_TrackData' is present

2021-03-04 23:18:52 - [MESSAGE][PASSED] - Text '' is set on object 'Object Repository/VLink/Page_CCSale/txt_TrackData'

2021-03-04 23:18:52 - [MESSAGE][PASSED] - Object 'Object Repository/VLink/Page_CCSale/txt_Track1Data' is present

2021-03-04 23:18:53 - [MESSAGE][PASSED] - Text '' is set on object 'Object Repository/VLink/Page_CCSale/txt_Track1Data'

2021-03-04 23:18:53 - [MESSAGE][PASSED] - Object 'Object Repository/VLink/Page_CCSale/txt_Track2Data' is present

2021-03-04 23:18:54 - [MESSAGE][PASSED] - Text '' is set on object 'Object Repository/VLink/Page_CCSale/txt_Track2Data'

2021-03-04 23:18:54 - [MESSAGE][PASSED] - Object 'Object Repository/VLink/Page_CCSale/txt_POSEntryMode' is present

2021-03-04 23:18:55 - [MESSAGE][PASSED] - Text 'manual' is set on object 'Object Repository/VLink/Page_CCSale/txt_POSEntryMode'

2021-03-04 23:18:55 - [MESSAGE][PASSED] - Object 'Object Repository/VLink/Page_CCSale/txt_Email' is present

2021-03-04 23:18:56 - [MESSAGE][PASSED] - Text '' is set on object 'Object Repository/VLink/Page_CCSale/txt_Email'

2021-03-04 23:18:56 - [MESSAGE][PASSED] - Object 'Object Repository/VLink/Page_CCSale/txt_OrderNumber' is present

2021-03-04 23:18:57 - [MESSAGE][PASSED] - Text '' is set on object 'Object Repository/VLink/Page_CCSale/txt_OrderNumber'

2021-03-04 23:18:57 - [MESSAGE][PASSED] - Object 'Object Repository/VLink/Page_CCSale/txt_TaxAmount' is present

2021-03-04 23:18:58 - [MESSAGE][PASSED] - Text '' is set on object 'Object Repository/VLink/Page_CCSale/txt_TaxAmount'

2021-03-04 23:18:58 - [MESSAGE][PASSED] - Object 'Object Repository/VLink/Page_CCSale/txt_ChargeDescription' is present

2021-03-04 23:18:59 - [MESSAGE][PASSED] - Text '' is set on object 'Object Repository/VLink/Page_CCSale/txt_ChargeDescription'

2021-03-04 23:18:59 - [MESSAGE][PASSED] - Object 'Object Repository/VLink/Page_CCSale/txt_CAN' is present

2021-03-04 23:18:59 - [MESSAGE][PASSED] - Text '' is set on object 'Object Repository/VLink/Page_CCSale/txt_CAN'

2021-03-04 23:19:00 - [MESSAGE][PASSED] - Object 'Object Repository/VLink/Page_CCSale/txt_BillPaymentIndicator' is present

2021-03-04 23:19:00 - [MESSAGE][PASSED] - Text '' is set on object 'Object Repository/VLink/Page_CCSale/txt_BillPaymentIndicator'

2021-03-04 23:19:01 - [MESSAGE][PASSED] - Object 'Object Repository/VLink/Page_CCSale/txt_UDF1' is present

2021-03-04 23:19:01 - [MESSAGE][PASSED] - Text '' is set on object 'Object Repository/VLink/Page_CCSale/txt_UDF1'

2021-03-04 23:19:02 - [MESSAGE][PASSED] - Object 'Object Repository/VLink/Page_CCSale/txt_UDF2' is present

2021-03-04 23:19:02 - [MESSAGE][PASSED] - Text '' is set on object 'Object Repository/VLink/Page_CCSale/txt_UDF2'

2021-03-04 23:19:03 - [MESSAGE][PASSED] - Object 'Object Repository/VLink/Page_CCSale/txt_UDF3' is present

2021-03-04 23:19:03 - [MESSAGE][PASSED] - Text '' is set on object 'Object Repository/VLink/Page_CCSale/txt_UDF3'

2021-03-04 23:19:04 - [MESSAGE][PASSED] - Object 'Object Repository/VLink/Page_CCSale/txt_UDF4' is present

2021-03-04 23:19:04 - [MESSAGE][PASSED] - Text '' is set on object 'Object Repository/VLink/Page_CCSale/txt_UDF4'

2021-03-04 23:19:05 - [MESSAGE][PASSED] - Object 'Object Repository/VLink/Page_CCSale/txt_UDF5' is present

2021-03-04 23:19:05 - [MESSAGE][PASSED] - Text '' is set on object 'Object Repository/VLink/Page_CCSale/txt_UDF5'

2021-03-04 23:19:06 - [MESSAGE][PASSED] - Object 'Object Repository/VLink/Page_CCSale/txt_UDF6' is present

2021-03-04 23:19:06 - [MESSAGE][PASSED] - Text '' is set on object 'Object Repository/VLink/Page_CCSale/txt_UDF6'

2021-03-04 23:19:07 - [MESSAGE][PASSED] - Object 'Object Repository/VLink/Page_CCSale/txt_UDF7' is present

2021-03-04 23:19:07 - [MESSAGE][PASSED] - Text '' is set on object 'Object Repository/VLink/Page_CCSale/txt_UDF7'

2021-03-04 23:19:08 - [MESSAGE][PASSED] - Object 'Object Repository/VLink/Page_CCSale/txt_UDF8' is present

2021-03-04 23:19:08 - [MESSAGE][PASSED] - Text '' is set on object 'Object Repository/VLink/Page_CCSale/txt_UDF8'

2021-03-04 23:19:09 - [MESSAGE][PASSED] - Object 'Object Repository/VLink/Page_CCSale/txt_UDF9' is present

2021-03-04 23:19:09 - [MESSAGE][PASSED] - Text '' is set on object 'Object Repository/VLink/Page_CCSale/txt_UDF9'

2021-03-04 23:19:10 - [MESSAGE][PASSED] - Object 'Object Repository/VLink/Page_CCSale/txt_UDF10' is present

2021-03-04 23:19:10 - [MESSAGE][PASSED] - Text '' is set on object 'Object Repository/VLink/Page_CCSale/txt_UDF10'

2021-03-04 23:19:11 - [MESSAGE][PASSED] - Object 'Object Repository/VLink/Page_CCSale/txt_CardOnFileIndicator' is present

2021-03-04 23:19:11 - [MESSAGE][PASSED] - Text '' is set on object 'Object Repository/VLink/Page_CCSale/txt_CardOnFileIndicator'

2021-03-04 23:19:12 - [MESSAGE][PASSED] - Object 'Object Repository/VLink/Page_CCSale/txt_StoredCredentialIndicator' is present

2021-03-04 23:19:12 - [MESSAGE][PASSED] - Text '' is set on object 'Object Repository/VLink/Page_CCSale/txt_StoredCredentialIndicator'

2021-03-04 23:19:12 - [MESSAGE][PASSED] - Object 'Object Repository/VLink/Page_CCSale/txt_COFScheduledIndicator' is present

2021-03-04 23:19:13 - [MESSAGE][PASSED] - Text '' is set on object 'Object Repository/VLink/Page_CCSale/txt_COFScheduledIndicator'

2021-03-04 23:19:13 - [MESSAGE][PASSED] - Object 'Object Repository/VLink/Page_CCSale/txt_COFTransactionInitiatedBy' is present

2021-03-04 23:19:14 - [MESSAGE][PASSED] - Text '' is set on object 'Object Repository/VLink/Page_CCSale/txt_COFTransactionInitiatedBy'

2021-03-04 23:19:17 - [MESSAGE][PASSED] - Object: 'Object Repository/VLink/Page_CCSale/btn_ProcessVLinkTransaction' is clicked on

2021-03-04 23:19:22 - [MESSAGE][PASSED] - vlinkPages.saleCCPage.setDataSCC is PASSED

2021-03-04 23:19:22 - [TEST_STEP][PASSED] - if (verifyTextPresent("Transaction approved, no errors", true)): null

2021-03-04 23:19:23 - [MESSAGE][PASSED] - Text 'Transaction approved, no errors' is present on page  using regular expression

2021-03-04 23:19:23 - [TEST_STEP][PASSED] - println("Transaction Approved, no errors text is present on the Confirmation page"): null

2021-03-04 23:19:23 - [TEST_STEP][PASSED] - out.println("Pass Record Number: " + row): null

2021-03-04 23:19:23 - [TEST_STEP][PASSED] - resText = "Pass": null

2021-03-04 23:19:23 - [TEST_STEP][PASSED] - pages.WriteExcel.demoKey(resText, datText, resColumn, datCloumn, fileLoc, nameSheet, row): pages.WriteExcel.demoKey is PASSED

2021-03-04 23:19:23 - [MESSAGE][PASSED] - pages.WriteExcel.demoKey is PASSED

2021-03-04 23:19:23 - [TEST_STEP][PASSED] - sdfo = getText(findTestObject("Object Repository/Page_VLinkReceipt/pre_STX")): Text of object 'Object Repository/Page_VLinkReceipt/pre_STX' is: '<STX>Yf3qQopqR4FI                  12089865            0  Transaction approved, no errors                   0                                                                                  X OK3090   <ETX>'

2021-03-04 23:19:23 - [MESSAGE][PASSED] - Text of object 'Object Repository/Page_VLinkReceipt/pre_STX' is: '<STX>Yf3qQopqR4FI                  12089865            0  Transaction approved, no errors                   0                                                                                  X OK3090   <ETX>'

2021-03-04 23:19:23 - [TEST_STEP][PASSED] - out.println("sdfo: " + sdfo): null

2021-03-04 23:19:23 - [TEST_STEP][PASSED] - remID = substring(5, 35).trim(): null

2021-03-04 23:19:23 - [TEST_STEP][PASSED] - out.println("Remittance ID: " + remID): null

2021-03-04 23:19:23 - [TEST_STEP][PASSED] - traxID = substring(35, 55).trim(): null

2021-03-04 23:19:23 - [TEST_STEP][PASSED] - out.println("Transaction ID: " + traxID): null

2021-03-04 23:19:23 - [TEST_STEP][PASSED] - out.println("End Record Number: " + row): null

2021-03-04 23:19:23 - [TEST_STEP][PASSED] - closeBrowser(): Browser is closed

2021-03-04 23:19:24 - [MESSAGE][PASSED] - Browser is closed

2021-03-04 23:19:24 - [TEST_STEP][PASSED] - out.println("Begin Record Number: " + row): null

2021-03-04 23:19:24 - [TEST_STEP][PASSED] - today = new java.util.Date(): null

2021-03-04 23:19:24 - [TEST_STEP][PASSED] - println(today): null

2021-03-04 23:19:24 - [TEST_STEP][PASSED] - datText = today: null

2021-03-04 23:19:24 - [TEST_STEP][PASSED] - openBrowser(VLinkURL + "authcap.html"): Browser is opened with url: 'https://dev-algorithm.govolution.com/vlinktest/QA/version_2_0/authcap.html'

2021-03-04 23:19:24 - [MESSAGE][INFO] - Starting 'Chrome' driver

2021-03-04 23:19:24 - [MESSAGE][INFO] - User set preference: ['acceptInsecureCerts', 'true']

2021-03-04 23:19:24 - [MESSAGE][INFO] - Action delay is set to 0 milliseconds

2021-03-04 23:19:28 - [MESSAGE][PASSED] - Browser is opened with url: 'https://dev-algorithm.govolution.com/vlinktest/QA/version_2_0/authcap.html'

2021-03-04 23:19:28 - [TEST_STEP][PASSED] - maximizeWindow(): Current window maximized

2021-03-04 23:19:28 - [MESSAGE][PASSED] - Current window maximized

2021-03-04 23:19:28 - [TEST_STEP][PASSED] - vlinkPages.saleCCPage.setDataSCC(row, dataFile): vlinkPages.saleCCPage.setDataSCC is PASSED

2021-03-04 23:19:30 - [MESSAGE][PASSED] - Object 'Object Repository/VLink/Page_CCSale/txt_CardNumber' is present

2021-03-04 23:19:30 - [MESSAGE][PASSED] - Object 'Object Repository/VLink/Page_CCSale/txt_TransactionType' is present

2021-03-04 23:19:31 - [MESSAGE][PASSED] - Text '104' is set on object 'Object Repository/VLink/Page_CCSale/txt_TransactionType'

2021-03-04 23:19:31 - [MESSAGE][PASSED] - Object 'Object Repository/VLink/Page_CCSale/txt_MessageVersion' is present

2021-03-04 23:19:32 - [MESSAGE][PASSED] - Text '2.0C' is set on object 'Object Repository/VLink/Page_CCSale/txt_MessageVersion'

2021-03-04 23:19:32 - [MESSAGE][PASSED] - Object 'Object Repository/VLink/Page_CCSale/txt_RemID' is present

2021-03-04 23:19:33 - [MESSAGE][PASSED] - Text 'b3t5ntw3looE' is set on object 'Object Repository/VLink/Page_CCSale/txt_RemID'

2021-03-04 23:19:33 - [MESSAGE][PASSED] - Object 'Object Repository/VLink/Page_CCSale/txt_ApplicationId' is present

2021-03-04 23:19:33 - [MESSAGE][PASSED] - Text '665' is set on object 'Object Repository/VLink/Page_CCSale/txt_ApplicationId'

2021-03-04 23:19:34 - [MESSAGE][PASSED] - Object 'Object Repository/VLink/Page_CCSale/txt_Username' is present

2021-03-04 23:19:34 - [MESSAGE][PASSED] - Text 'username' is set on object 'Object Repository/VLink/Page_CCSale/txt_Username'

2021-03-04 23:19:35 - [MESSAGE][PASSED] - Object 'Object Repository/VLink/Page_CCSale/txt_Password' is present

2021-03-04 23:19:35 - [MESSAGE][PASSED] - Text 'password' is set on object 'Object Repository/VLink/Page_CCSale/txt_Password'

2021-03-04 23:19:36 - [MESSAGE][PASSED] - Object 'Object Repository/VLink/Page_CCSale/txt_ResponseFormat' is present

2021-03-04 23:19:36 - [MESSAGE][PASSED] - Text 'fixed_width' is set on object 'Object Repository/VLink/Page_CCSale/txt_ResponseFormat'

2021-03-04 23:19:36 - [MESSAGE][PASSED] - Object 'Object Repository/VLink/Page_CCSale/txt_Category' is present

2021-03-04 23:19:37 - [MESSAGE][PASSED] - Text 'RETL' is set on object 'Object Repository/VLink/Page_CCSale/txt_Category'

2021-03-04 23:19:37 - [MESSAGE][PASSED] - Object 'Object Repository/VLink/Page_CCSale/txt_TransactionID' is present

2021-03-04 23:19:38 - [MESSAGE][PASSED] - Text '' is set on object 'Object Repository/VLink/Page_CCSale/txt_TransactionID'

2021-03-04 23:19:38 - [MESSAGE][PASSED] - Object 'Object Repository/VLink/Page_CCSale/txt_ApprovalCode' is present

2021-03-04 23:19:39 - [MESSAGE][PASSED] - Text '' is set on object 'Object Repository/VLink/Page_CCSale/txt_ApprovalCode'

2021-03-04 23:19:39 - [MESSAGE][PASSED] - Object 'Object Repository/VLink/Page_CCSale/txt_CardName' is present

2021-03-04 23:19:40 - [MESSAGE][PASSED] - Text 'Kris Roshan' is set on object 'Object Repository/VLink/Page_CCSale/txt_CardName'

2021-03-04 23:19:40 - [MESSAGE][PASSED] - Object 'Object Repository/VLink/Page_CCSale/txt_AL1' is present

2021-03-04 23:19:40 - [MESSAGE][PASSED] - Text '258 Elm Road' is set on object 'Object Repository/VLink/Page_CCSale/txt_AL1'

2021-03-04 23:19:41 - [MESSAGE][PASSED] - Object 'Object Repository/VLink/Page_CCSale/txt_AL2' is present

2021-03-04 23:19:41 - [MESSAGE][PASSED] - Text 'Suite 56' is set on object 'Object Repository/VLink/Page_CCSale/txt_AL2'

2021-03-04 23:19:42 - [MESSAGE][PASSED] - Object 'Object Repository/VLink/Page_CCSale/txt_CardCity' is present

2021-03-04 23:19:42 - [MESSAGE][PASSED] - Text 'Arlington' is set on object 'Object Repository/VLink/Page_CCSale/txt_CardCity'

2021-03-04 23:19:42 - [MESSAGE][PASSED] - Object 'Object Repository/VLink/Page_CCSale/txt_CardState' is present

2021-03-04 23:19:43 - [MESSAGE][PASSED] - Text 'VA' is set on object 'Object Repository/VLink/Page_CCSale/txt_CardState'

2021-03-04 23:19:43 - [MESSAGE][PASSED] - Object 'Object Repository/VLink/Page_CCSale/txt_CardZIP' is present

2021-03-04 23:19:44 - [MESSAGE][PASSED] - Text '22201' is set on object 'Object Repository/VLink/Page_CCSale/txt_CardZIP'

2021-03-04 23:19:44 - [MESSAGE][PASSED] - Object 'Object Repository/VLink/Page_CCSale/txt_CountryID' is present

2021-03-04 23:19:45 - [MESSAGE][PASSED] - Text '840' is set on object 'Object Repository/VLink/Page_CCSale/txt_CountryID'

2021-03-04 23:19:45 - [MESSAGE][PASSED] - Object 'Object Repository/VLink/Page_CCSale/txt_Amount' is present

2021-03-04 23:19:46 - [MESSAGE][PASSED] - Text '1.50' is set on object 'Object Repository/VLink/Page_CCSale/txt_Amount'

2021-03-04 23:19:46 - [MESSAGE][PASSED] - Object 'Object Repository/VLink/Page_CCSale/txt_CardNumber' is present

2021-03-04 23:19:47 - [MESSAGE][PASSED] - Text '5424000000000015' is set on object 'Object Repository/VLink/Page_CCSale/txt_CardNumber'

2021-03-04 23:19:47 - [MESSAGE][PASSED] - Object 'Object Repository/VLink/Page_CCSale/txt_ExpMonth' is present

2021-03-04 23:19:48 - [MESSAGE][PASSED] - Text '12' is set on object 'Object Repository/VLink/Page_CCSale/txt_ExpMonth'

2021-03-04 23:19:48 - [MESSAGE][PASSED] - Object 'Object Repository/VLink/Page_CCSale/txt_ExpYear' is present

2021-03-04 23:19:49 - [MESSAGE][PASSED] - Text '2025' is set on object 'Object Repository/VLink/Page_CCSale/txt_ExpYear'

2021-03-04 23:19:49 - [MESSAGE][PASSED] - Object 'Object Repository/VLink/Page_CCSale/txt_CVV' is present

2021-03-04 23:19:50 - [MESSAGE][PASSED] - Text '' is set on object 'Object Repository/VLink/Page_CCSale/txt_CVV'

2021-03-04 23:19:50 - [MESSAGE][PASSED] - Object 'Object Repository/VLink/Page_CCSale/txt_CVVstate' is present

2021-03-04 23:19:51 - [MESSAGE][PASSED] - Text '' is set on object 'Object Repository/VLink/Page_CCSale/txt_CVVstate'

2021-03-04 23:19:51 - [MESSAGE][PASSED] - Object 'Object Repository/VLink/Page_CCSale/txt_TrackData' is present

2021-03-04 23:19:52 - [MESSAGE][PASSED] - Text '' is set on object 'Object Repository/VLink/Page_CCSale/txt_TrackData'

2021-03-04 23:19:52 - [MESSAGE][PASSED] - Object 'Object Repository/VLink/Page_CCSale/txt_Track1Data' is present

2021-03-04 23:19:53 - [MESSAGE][PASSED] - Text '' is set on object 'Object Repository/VLink/Page_CCSale/txt_Track1Data'

2021-03-04 23:19:53 - [MESSAGE][PASSED] - Object 'Object Repository/VLink/Page_CCSale/txt_Track2Data' is present

2021-03-04 23:19:54 - [MESSAGE][PASSED] - Text '' is set on object 'Object Repository/VLink/Page_CCSale/txt_Track2Data'

2021-03-04 23:19:54 - [MESSAGE][PASSED] - Object 'Object Repository/VLink/Page_CCSale/txt_POSEntryMode' is present

2021-03-04 23:19:55 - [MESSAGE][PASSED] - Text 'manual' is set on object 'Object Repository/VLink/Page_CCSale/txt_POSEntryMode'

2021-03-04 23:19:55 - [MESSAGE][PASSED] - Object 'Object Repository/VLink/Page_CCSale/txt_Email' is present

2021-03-04 23:19:56 - [MESSAGE][PASSED] - Text 'iahmed@govolution.com' is set on object 'Object Repository/VLink/Page_CCSale/txt_Email'

2021-03-04 23:19:56 - [MESSAGE][PASSED] - Object 'Object Repository/VLink/Page_CCSale/txt_OrderNumber' is present

2021-03-04 23:19:57 - [MESSAGE][PASSED] - Text '2569362' is set on object 'Object Repository/VLink/Page_CCSale/txt_OrderNumber'

2021-03-04 23:19:57 - [MESSAGE][PASSED] - Object 'Object Repository/VLink/Page_CCSale/txt_TaxAmount' is present

2021-03-04 23:19:58 - [MESSAGE][PASSED] - Text '1.15' is set on object 'Object Repository/VLink/Page_CCSale/txt_TaxAmount'

2021-03-04 23:19:58 - [MESSAGE][PASSED] - Object 'Object Repository/VLink/Page_CCSale/txt_ChargeDescription' is present

2021-03-04 23:19:59 - [MESSAGE][PASSED] - Text 'Charge Description' is set on object 'Object Repository/VLink/Page_CCSale/txt_ChargeDescription'

2021-03-04 23:19:59 - [MESSAGE][PASSED] - Object 'Object Repository/VLink/Page_CCSale/txt_CAN' is present

2021-03-04 23:20:00 - [MESSAGE][PASSED] - Text '147357' is set on object 'Object Repository/VLink/Page_CCSale/txt_CAN'

2021-03-04 23:20:00 - [MESSAGE][PASSED] - Object 'Object Repository/VLink/Page_CCSale/txt_BillPaymentIndicator' is present

2021-03-04 23:20:00 - [MESSAGE][PASSED] - Text '1' is set on object 'Object Repository/VLink/Page_CCSale/txt_BillPaymentIndicator'

2021-03-04 23:20:01 - [MESSAGE][PASSED] - Object 'Object Repository/VLink/Page_CCSale/txt_UDF1' is present

2021-03-04 23:20:01 - [MESSAGE][PASSED] - Text 'UDF Data 1' is set on object 'Object Repository/VLink/Page_CCSale/txt_UDF1'

2021-03-04 23:20:02 - [MESSAGE][PASSED] - Object 'Object Repository/VLink/Page_CCSale/txt_UDF2' is present

2021-03-04 23:20:02 - [MESSAGE][PASSED] - Text 'UDF Data 2' is set on object 'Object Repository/VLink/Page_CCSale/txt_UDF2'

2021-03-04 23:20:03 - [MESSAGE][PASSED] - Object 'Object Repository/VLink/Page_CCSale/txt_UDF3' is present

2021-03-04 23:20:03 - [MESSAGE][PASSED] - Text 'UDF Data 3' is set on object 'Object Repository/VLink/Page_CCSale/txt_UDF3'

2021-03-04 23:20:04 - [MESSAGE][PASSED] - Object 'Object Repository/VLink/Page_CCSale/txt_UDF4' is present

2021-03-04 23:20:04 - [MESSAGE][PASSED] - Text 'UDF Data 4' is set on object 'Object Repository/VLink/Page_CCSale/txt_UDF4'

2021-03-04 23:20:05 - [MESSAGE][PASSED] - Object 'Object Repository/VLink/Page_CCSale/txt_UDF5' is present

2021-03-04 23:20:05 - [MESSAGE][PASSED] - Text 'UDF Data 5' is set on object 'Object Repository/VLink/Page_CCSale/txt_UDF5'

2021-03-04 23:20:06 - [MESSAGE][PASSED] - Object 'Object Repository/VLink/Page_CCSale/txt_UDF6' is present

2021-03-04 23:20:06 - [MESSAGE][PASSED] - Text 'UDF Data 6' is set on object 'Object Repository/VLink/Page_CCSale/txt_UDF6'

2021-03-04 23:20:07 - [MESSAGE][PASSED] - Object 'Object Repository/VLink/Page_CCSale/txt_UDF7' is present

2021-03-04 23:20:07 - [MESSAGE][PASSED] - Text 'UDF Data 7' is set on object 'Object Repository/VLink/Page_CCSale/txt_UDF7'

2021-03-04 23:20:08 - [MESSAGE][PASSED] - Object 'Object Repository/VLink/Page_CCSale/txt_UDF8' is present

2021-03-04 23:20:08 - [MESSAGE][PASSED] - Text 'UDF Data 8' is set on object 'Object Repository/VLink/Page_CCSale/txt_UDF8'

2021-03-04 23:20:08 - [MESSAGE][PASSED] - Object 'Object Repository/VLink/Page_CCSale/txt_UDF9' is present

2021-03-04 23:20:09 - [MESSAGE][PASSED] - Text 'UDF Data 9' is set on object 'Object Repository/VLink/Page_CCSale/txt_UDF9'

2021-03-04 23:20:10 - [MESSAGE][PASSED] - Object 'Object Repository/VLink/Page_CCSale/txt_UDF10' is present

2021-03-04 23:20:10 - [MESSAGE][PASSED] - Text 'UDF Data 10' is set on object 'Object Repository/VLink/Page_CCSale/txt_UDF10'

2021-03-04 23:20:10 - [MESSAGE][PASSED] - Object 'Object Repository/VLink/Page_CCSale/txt_CardOnFileIndicator' is present

2021-03-04 23:20:11 - [MESSAGE][PASSED] - Text '' is set on object 'Object Repository/VLink/Page_CCSale/txt_CardOnFileIndicator'

2021-03-04 23:20:11 - [MESSAGE][PASSED] - Object 'Object Repository/VLink/Page_CCSale/txt_StoredCredentialIndicator' is present

2021-03-04 23:20:12 - [MESSAGE][PASSED] - Text '' is set on object 'Object Repository/VLink/Page_CCSale/txt_StoredCredentialIndicator'

2021-03-04 23:20:12 - [MESSAGE][PASSED] - Object 'Object Repository/VLink/Page_CCSale/txt_COFScheduledIndicator' is present

2021-03-04 23:20:13 - [MESSAGE][PASSED] - Text '' is set on object 'Object Repository/VLink/Page_CCSale/txt_COFScheduledIndicator'

2021-03-04 23:20:13 - [MESSAGE][PASSED] - Object 'Object Repository/VLink/Page_CCSale/txt_COFTransactionInitiatedBy' is present

2021-03-04 23:20:14 - [MESSAGE][PASSED] - Text '' is set on object 'Object Repository/VLink/Page_CCSale/txt_COFTransactionInitiatedBy'

2021-03-04 23:20:17 - [MESSAGE][PASSED] - Object: 'Object Repository/VLink/Page_CCSale/btn_ProcessVLinkTransaction' is clicked on

2021-03-04 23:20:22 - [MESSAGE][PASSED] - vlinkPages.saleCCPage.setDataSCC is PASSED

2021-03-04 23:20:22 - [TEST_STEP][PASSED] - if (verifyTextPresent("Transaction approved, no errors", true)): null

2021-03-04 23:20:22 - [MESSAGE][PASSED] - Text 'Transaction approved, no errors' is present on page  using regular expression

2021-03-04 23:20:22 - [TEST_STEP][PASSED] - println("Transaction Approved, no errors text is present on the Confirmation page"): null

2021-03-04 23:20:22 - [TEST_STEP][PASSED] - out.println("Pass Record Number: " + row): null

2021-03-04 23:20:22 - [TEST_STEP][PASSED] - resText = "Pass": null

2021-03-04 23:20:22 - [TEST_STEP][PASSED] - pages.WriteExcel.demoKey(resText, datText, resColumn, datCloumn, fileLoc, nameSheet, row): pages.WriteExcel.demoKey is PASSED

2021-03-04 23:20:22 - [MESSAGE][PASSED] - pages.WriteExcel.demoKey is PASSED

2021-03-04 23:20:22 - [TEST_STEP][PASSED] - sdfo = getText(findTestObject("Object Repository/Page_VLinkReceipt/pre_STX")): Text of object 'Object Repository/Page_VLinkReceipt/pre_STX' is: '<STX>b3t5ntw3looE                  12089867            0  Transaction approved, no errors                   0                                                                                  X OK3320   <ETX>'

2021-03-04 23:20:22 - [MESSAGE][PASSED] - Text of object 'Object Repository/Page_VLinkReceipt/pre_STX' is: '<STX>b3t5ntw3looE                  12089867            0  Transaction approved, no errors                   0                                                                                  X OK3320   <ETX>'

2021-03-04 23:20:22 - [TEST_STEP][PASSED] - out.println("sdfo: " + sdfo): null

2021-03-04 23:20:22 - [TEST_STEP][PASSED] - remID = substring(5, 35).trim(): null

2021-03-04 23:20:22 - [TEST_STEP][PASSED] - out.println("Remittance ID: " + remID): null

2021-03-04 23:20:22 - [TEST_STEP][PASSED] - traxID = substring(35, 55).trim(): null

2021-03-04 23:20:22 - [TEST_STEP][PASSED] - out.println("Transaction ID: " + traxID): null

2021-03-04 23:20:22 - [TEST_STEP][PASSED] - out.println("End Record Number: " + row): null

2021-03-04 23:20:22 - [TEST_STEP][PASSED] - closeBrowser(): Browser is closed

2021-03-04 23:20:23 - [MESSAGE][PASSED] - Browser is closed

2021-03-04 23:20:23 - [TEST_STEP][PASSED] - out.println("Begin Record Number: " + row): null

2021-03-04 23:20:23 - [TEST_STEP][PASSED] - today = new java.util.Date(): null

2021-03-04 23:20:23 - [TEST_STEP][PASSED] - println(today): null

2021-03-04 23:20:23 - [TEST_STEP][PASSED] - datText = today: null

2021-03-04 23:20:23 - [TEST_STEP][PASSED] - openBrowser(VLinkURL + "authcap.html"): Browser is opened with url: 'https://dev-algorithm.govolution.com/vlinktest/QA/version_2_0/authcap.html'

2021-03-04 23:20:23 - [MESSAGE][INFO] - Starting 'Chrome' driver

2021-03-04 23:20:23 - [MESSAGE][INFO] - User set preference: ['acceptInsecureCerts', 'true']

2021-03-04 23:20:23 - [MESSAGE][INFO] - Action delay is set to 0 milliseconds

2021-03-04 23:20:25 - [MESSAGE][PASSED] - Browser is opened with url: 'https://dev-algorithm.govolution.com/vlinktest/QA/version_2_0/authcap.html'

2021-03-04 23:20:25 - [TEST_STEP][PASSED] - maximizeWindow(): Current window maximized

2021-03-04 23:20:25 - [MESSAGE][PASSED] - Current window maximized

2021-03-04 23:20:25 - [TEST_STEP][PASSED] - vlinkPages.saleCCPage.setDataSCC(row, dataFile): vlinkPages.saleCCPage.setDataSCC is PASSED

2021-03-04 23:20:27 - [MESSAGE][PASSED] - Object 'Object Repository/VLink/Page_CCSale/txt_CardNumber' is present

2021-03-04 23:20:28 - [MESSAGE][PASSED] - Object 'Object Repository/VLink/Page_CCSale/txt_TransactionType' is present

2021-03-04 23:20:28 - [MESSAGE][PASSED] - Text '104' is set on object 'Object Repository/VLink/Page_CCSale/txt_TransactionType'

2021-03-04 23:20:29 - [MESSAGE][PASSED] - Object 'Object Repository/VLink/Page_CCSale/txt_MessageVersion' is present

2021-03-04 23:20:29 - [MESSAGE][PASSED] - Text '2.0C' is set on object 'Object Repository/VLink/Page_CCSale/txt_MessageVersion'

2021-03-04 23:20:29 - [MESSAGE][PASSED] - Object 'Object Repository/VLink/Page_CCSale/txt_RemID' is present

2021-03-04 23:20:30 - [MESSAGE][PASSED] - Text 'O6EteWkMIqPJ' is set on object 'Object Repository/VLink/Page_CCSale/txt_RemID'

2021-03-04 23:20:30 - [MESSAGE][PASSED] - Object 'Object Repository/VLink/Page_CCSale/txt_ApplicationId' is present

2021-03-04 23:20:31 - [MESSAGE][PASSED] - Text '672' is set on object 'Object Repository/VLink/Page_CCSale/txt_ApplicationId'

2021-03-04 23:20:31 - [MESSAGE][PASSED] - Object 'Object Repository/VLink/Page_CCSale/txt_Username' is present

2021-03-04 23:20:32 - [MESSAGE][PASSED] - Text 'username' is set on object 'Object Repository/VLink/Page_CCSale/txt_Username'

2021-03-04 23:20:32 - [MESSAGE][PASSED] - Object 'Object Repository/VLink/Page_CCSale/txt_Password' is present

2021-03-04 23:20:33 - [MESSAGE][PASSED] - Text 'password' is set on object 'Object Repository/VLink/Page_CCSale/txt_Password'

2021-03-04 23:20:33 - [MESSAGE][PASSED] - Object 'Object Repository/VLink/Page_CCSale/txt_ResponseFormat' is present

2021-03-04 23:20:33 - [MESSAGE][PASSED] - Text 'fixed_width' is set on object 'Object Repository/VLink/Page_CCSale/txt_ResponseFormat'

2021-03-04 23:20:34 - [MESSAGE][PASSED] - Object 'Object Repository/VLink/Page_CCSale/txt_Category' is present

2021-03-04 23:20:34 - [MESSAGE][PASSED] - Text 'RETL' is set on object 'Object Repository/VLink/Page_CCSale/txt_Category'

2021-03-04 23:20:35 - [MESSAGE][PASSED] - Object 'Object Repository/VLink/Page_CCSale/txt_TransactionID' is present

2021-03-04 23:20:35 - [MESSAGE][PASSED] - Text '' is set on object 'Object Repository/VLink/Page_CCSale/txt_TransactionID'

2021-03-04 23:20:35 - [MESSAGE][PASSED] - Object 'Object Repository/VLink/Page_CCSale/txt_ApprovalCode' is present

2021-03-04 23:20:36 - [MESSAGE][PASSED] - Text '' is set on object 'Object Repository/VLink/Page_CCSale/txt_ApprovalCode'

2021-03-04 23:20:36 - [MESSAGE][PASSED] - Object 'Object Repository/VLink/Page_CCSale/txt_CardName' is present

2021-03-04 23:20:37 - [MESSAGE][PASSED] - Text 'Arvind Silva' is set on object 'Object Repository/VLink/Page_CCSale/txt_CardName'

2021-03-04 23:20:37 - [MESSAGE][PASSED] - Object 'Object Repository/VLink/Page_CCSale/txt_AL1' is present

2021-03-04 23:20:38 - [MESSAGE][PASSED] - Text '111 Main Ave' is set on object 'Object Repository/VLink/Page_CCSale/txt_AL1'

2021-03-04 23:20:38 - [MESSAGE][PASSED] - Object 'Object Repository/VLink/Page_CCSale/txt_AL2' is present

2021-03-04 23:20:39 - [MESSAGE][PASSED] - Text '' is set on object 'Object Repository/VLink/Page_CCSale/txt_AL2'

2021-03-04 23:20:39 - [MESSAGE][PASSED] - Object 'Object Repository/VLink/Page_CCSale/txt_CardCity' is present

2021-03-04 23:20:40 - [MESSAGE][PASSED] - Text 'Arlington' is set on object 'Object Repository/VLink/Page_CCSale/txt_CardCity'

2021-03-04 23:20:40 - [MESSAGE][PASSED] - Object 'Object Repository/VLink/Page_CCSale/txt_CardState' is present

2021-03-04 23:20:41 - [MESSAGE][PASSED] - Text 'VA' is set on object 'Object Repository/VLink/Page_CCSale/txt_CardState'

2021-03-04 23:20:41 - [MESSAGE][PASSED] - Object 'Object Repository/VLink/Page_CCSale/txt_CardZIP' is present

2021-03-04 23:20:42 - [MESSAGE][PASSED] - Text '22201' is set on object 'Object Repository/VLink/Page_CCSale/txt_CardZIP'

2021-03-04 23:20:42 - [MESSAGE][PASSED] - Object 'Object Repository/VLink/Page_CCSale/txt_CountryID' is present

2021-03-04 23:20:43 - [MESSAGE][PASSED] - Text '' is set on object 'Object Repository/VLink/Page_CCSale/txt_CountryID'

2021-03-04 23:20:43 - [MESSAGE][PASSED] - Object 'Object Repository/VLink/Page_CCSale/txt_Amount' is present

2021-03-04 23:20:44 - [MESSAGE][PASSED] - Text '2.50' is set on object 'Object Repository/VLink/Page_CCSale/txt_Amount'

2021-03-04 23:20:44 - [MESSAGE][PASSED] - Object 'Object Repository/VLink/Page_CCSale/txt_CardNumber' is present

2021-03-04 23:20:45 - [MESSAGE][PASSED] - Text '5424000000000015' is set on object 'Object Repository/VLink/Page_CCSale/txt_CardNumber'

2021-03-04 23:20:45 - [MESSAGE][PASSED] - Object 'Object Repository/VLink/Page_CCSale/txt_ExpMonth' is present

2021-03-04 23:20:46 - [MESSAGE][PASSED] - Text '01' is set on object 'Object Repository/VLink/Page_CCSale/txt_ExpMonth'

2021-03-04 23:20:46 - [MESSAGE][PASSED] - Object 'Object Repository/VLink/Page_CCSale/txt_ExpYear' is present

2021-03-04 23:20:47 - [MESSAGE][PASSED] - Text '2026' is set on object 'Object Repository/VLink/Page_CCSale/txt_ExpYear'

2021-03-04 23:20:47 - [MESSAGE][PASSED] - Object 'Object Repository/VLink/Page_CCSale/txt_CVV' is present

2021-03-04 23:20:47 - [MESSAGE][PASSED] - Text '' is set on object 'Object Repository/VLink/Page_CCSale/txt_CVV'

2021-03-04 23:20:48 - [MESSAGE][PASSED] - Object 'Object Repository/VLink/Page_CCSale/txt_CVVstate' is present

2021-03-04 23:20:48 - [MESSAGE][PASSED] - Text '' is set on object 'Object Repository/VLink/Page_CCSale/txt_CVVstate'

2021-03-04 23:20:49 - [MESSAGE][PASSED] - Object 'Object Repository/VLink/Page_CCSale/txt_TrackData' is present

2021-03-04 23:20:49 - [MESSAGE][PASSED] - Text '' is set on object 'Object Repository/VLink/Page_CCSale/txt_TrackData'

2021-03-04 23:20:50 - [MESSAGE][PASSED] - Object 'Object Repository/VLink/Page_CCSale/txt_Track1Data' is present

2021-03-04 23:20:50 - [MESSAGE][PASSED] - Text '' is set on object 'Object Repository/VLink/Page_CCSale/txt_Track1Data'

2021-03-04 23:20:51 - [MESSAGE][PASSED] - Object 'Object Repository/VLink/Page_CCSale/txt_Track2Data' is present

2021-03-04 23:20:51 - [MESSAGE][PASSED] - Text '' is set on object 'Object Repository/VLink/Page_CCSale/txt_Track2Data'

2021-03-04 23:20:52 - [MESSAGE][PASSED] - Object 'Object Repository/VLink/Page_CCSale/txt_POSEntryMode' is present

2021-03-04 23:20:52 - [MESSAGE][PASSED] - Text 'manual' is set on object 'Object Repository/VLink/Page_CCSale/txt_POSEntryMode'

2021-03-04 23:20:53 - [MESSAGE][PASSED] - Object 'Object Repository/VLink/Page_CCSale/txt_Email' is present

2021-03-04 23:20:53 - [MESSAGE][PASSED] - Text '' is set on object 'Object Repository/VLink/Page_CCSale/txt_Email'

2021-03-04 23:20:54 - [MESSAGE][PASSED] - Object 'Object Repository/VLink/Page_CCSale/txt_OrderNumber' is present

2021-03-04 23:20:54 - [MESSAGE][PASSED] - Text '' is set on object 'Object Repository/VLink/Page_CCSale/txt_OrderNumber'

2021-03-04 23:20:55 - [MESSAGE][PASSED] - Object 'Object Repository/VLink/Page_CCSale/txt_TaxAmount' is present

2021-03-04 23:20:55 - [MESSAGE][PASSED] - Text '' is set on object 'Object Repository/VLink/Page_CCSale/txt_TaxAmount'

2021-03-04 23:20:56 - [MESSAGE][PASSED] - Object 'Object Repository/VLink/Page_CCSale/txt_ChargeDescription' is present

2021-03-04 23:20:56 - [MESSAGE][PASSED] - Text '' is set on object 'Object Repository/VLink/Page_CCSale/txt_ChargeDescription'

2021-03-04 23:20:57 - [MESSAGE][PASSED] - Object 'Object Repository/VLink/Page_CCSale/txt_CAN' is present

2021-03-04 23:20:57 - [MESSAGE][PASSED] - Text '' is set on object 'Object Repository/VLink/Page_CCSale/txt_CAN'

2021-03-04 23:20:58 - [MESSAGE][PASSED] - Object 'Object Repository/VLink/Page_CCSale/txt_BillPaymentIndicator' is present

2021-03-04 23:20:58 - [MESSAGE][PASSED] - Text '' is set on object 'Object Repository/VLink/Page_CCSale/txt_BillPaymentIndicator'

2021-03-04 23:20:58 - [MESSAGE][PASSED] - Object 'Object Repository/VLink/Page_CCSale/txt_UDF1' is present

2021-03-04 23:20:59 - [MESSAGE][PASSED] - Text '' is set on object 'Object Repository/VLink/Page_CCSale/txt_UDF1'

2021-03-04 23:20:59 - [MESSAGE][PASSED] - Object 'Object Repository/VLink/Page_CCSale/txt_UDF2' is present

2021-03-04 23:21:00 - [MESSAGE][PASSED] - Text '' is set on object 'Object Repository/VLink/Page_CCSale/txt_UDF2'

2021-03-04 23:21:00 - [MESSAGE][PASSED] - Object 'Object Repository/VLink/Page_CCSale/txt_UDF3' is present

2021-03-04 23:21:01 - [MESSAGE][PASSED] - Text '' is set on object 'Object Repository/VLink/Page_CCSale/txt_UDF3'

2021-03-04 23:21:01 - [MESSAGE][PASSED] - Object 'Object Repository/VLink/Page_CCSale/txt_UDF4' is present

2021-03-04 23:21:02 - [MESSAGE][PASSED] - Text '' is set on object 'Object Repository/VLink/Page_CCSale/txt_UDF4'

2021-03-04 23:21:02 - [MESSAGE][PASSED] - Object 'Object Repository/VLink/Page_CCSale/txt_UDF5' is present

2021-03-04 23:21:03 - [MESSAGE][PASSED] - Text '' is set on object 'Object Repository/VLink/Page_CCSale/txt_UDF5'

2021-03-04 23:21:03 - [MESSAGE][PASSED] - Object 'Object Repository/VLink/Page_CCSale/txt_UDF6' is present

2021-03-04 23:21:04 - [MESSAGE][PASSED] - Text '' is set on object 'Object Repository/VLink/Page_CCSale/txt_UDF6'

2021-03-04 23:21:04 - [MESSAGE][PASSED] - Object 'Object Repository/VLink/Page_CCSale/txt_UDF7' is present

2021-03-04 23:21:05 - [MESSAGE][PASSED] - Text '' is set on object 'Object Repository/VLink/Page_CCSale/txt_UDF7'

2021-03-04 23:21:05 - [MESSAGE][PASSED] - Object 'Object Repository/VLink/Page_CCSale/txt_UDF8' is present

2021-03-04 23:21:06 - [MESSAGE][PASSED] - Text '' is set on object 'Object Repository/VLink/Page_CCSale/txt_UDF8'

2021-03-04 23:21:06 - [MESSAGE][PASSED] - Object 'Object Repository/VLink/Page_CCSale/txt_UDF9' is present

2021-03-04 23:21:07 - [MESSAGE][PASSED] - Text '' is set on object 'Object Repository/VLink/Page_CCSale/txt_UDF9'

2021-03-04 23:21:07 - [MESSAGE][PASSED] - Object 'Object Repository/VLink/Page_CCSale/txt_UDF10' is present

2021-03-04 23:21:08 - [MESSAGE][PASSED] - Text '' is set on object 'Object Repository/VLink/Page_CCSale/txt_UDF10'

2021-03-04 23:21:08 - [MESSAGE][PASSED] - Object 'Object Repository/VLink/Page_CCSale/txt_CardOnFileIndicator' is present

2021-03-04 23:21:09 - [MESSAGE][PASSED] - Text '' is set on object 'Object Repository/VLink/Page_CCSale/txt_CardOnFileIndicator'

2021-03-04 23:21:09 - [MESSAGE][PASSED] - Object 'Object Repository/VLink/Page_CCSale/txt_StoredCredentialIndicator' is present

2021-03-04 23:21:10 - [MESSAGE][PASSED] - Text '' is set on object 'Object Repository/VLink/Page_CCSale/txt_StoredCredentialIndicator'

2021-03-04 23:21:10 - [MESSAGE][PASSED] - Object 'Object Repository/VLink/Page_CCSale/txt_COFScheduledIndicator' is present

2021-03-04 23:21:11 - [MESSAGE][PASSED] - Text '' is set on object 'Object Repository/VLink/Page_CCSale/txt_COFScheduledIndicator'

2021-03-04 23:21:11 - [MESSAGE][PASSED] - Object 'Object Repository/VLink/Page_CCSale/txt_COFTransactionInitiatedBy' is present

2021-03-04 23:21:12 - [MESSAGE][PASSED] - Text '' is set on object 'Object Repository/VLink/Page_CCSale/txt_COFTransactionInitiatedBy'

2021-03-04 23:21:14 - [MESSAGE][PASSED] - Object: 'Object Repository/VLink/Page_CCSale/btn_ProcessVLinkTransaction' is clicked on

2021-03-04 23:21:19 - [MESSAGE][PASSED] - vlinkPages.saleCCPage.setDataSCC is PASSED

2021-03-04 23:21:19 - [TEST_STEP][PASSED] - if (verifyTextPresent("Transaction approved, no errors", true)): null

2021-03-04 23:21:19 - [MESSAGE][PASSED] - Text 'Transaction approved, no errors' is present on page  using regular expression

2021-03-04 23:21:19 - [TEST_STEP][PASSED] - println("Transaction Approved, no errors text is present on the Confirmation page"): null

2021-03-04 23:21:19 - [TEST_STEP][PASSED] - out.println("Pass Record Number: " + row): null

2021-03-04 23:21:19 - [TEST_STEP][PASSED] - resText = "Pass": null

2021-03-04 23:21:19 - [TEST_STEP][PASSED] - pages.WriteExcel.demoKey(resText, datText, resColumn, datCloumn, fileLoc, nameSheet, row): pages.WriteExcel.demoKey is PASSED

2021-03-04 23:21:19 - [MESSAGE][PASSED] - pages.WriteExcel.demoKey is PASSED

2021-03-04 23:21:19 - [TEST_STEP][PASSED] - sdfo = getText(findTestObject("Object Repository/Page_VLinkReceipt/pre_STX")): Text of object 'Object Repository/Page_VLinkReceipt/pre_STX' is: '<STX>O6EteWkMIqPJ                  12089868            0  Transaction approved, no errors                   0                                                                                  X OK3530   <ETX>'

2021-03-04 23:21:20 - [MESSAGE][PASSED] - Text of object 'Object Repository/Page_VLinkReceipt/pre_STX' is: '<STX>O6EteWkMIqPJ                  12089868            0  Transaction approved, no errors                   0                                                                                  X OK3530   <ETX>'

2021-03-04 23:21:20 - [TEST_STEP][PASSED] - out.println("sdfo: " + sdfo): null

2021-03-04 23:21:20 - [TEST_STEP][PASSED] - remID = substring(5, 35).trim(): null

2021-03-04 23:21:20 - [TEST_STEP][PASSED] - out.println("Remittance ID: " + remID): null

2021-03-04 23:21:20 - [TEST_STEP][PASSED] - traxID = substring(35, 55).trim(): null

2021-03-04 23:21:20 - [TEST_STEP][PASSED] - out.println("Transaction ID: " + traxID): null

2021-03-04 23:21:20 - [TEST_STEP][PASSED] - out.println("End Record Number: " + row): null

2021-03-04 23:21:20 - [TEST_STEP][PASSED] - closeBrowser(): Browser is closed

2021-03-04 23:21:21 - [MESSAGE][PASSED] - Browser is closed

2021-03-04 23:21:21 - [TEST_STEP][PASSED] - out.println("Begin Record Number: " + row): null

2021-03-04 23:21:21 - [TEST_STEP][PASSED] - today = new java.util.Date(): null

2021-03-04 23:21:21 - [TEST_STEP][PASSED] - println(today): null

2021-03-04 23:21:21 - [TEST_STEP][PASSED] - datText = today: null

2021-03-04 23:21:21 - [TEST_STEP][PASSED] - openBrowser(VLinkURL + "authcap.html"): Browser is opened with url: 'https://dev-algorithm.govolution.com/vlinktest/QA/version_2_0/authcap.html'

2021-03-04 23:21:21 - [MESSAGE][INFO] - Starting 'Chrome' driver

2021-03-04 23:21:21 - [MESSAGE][INFO] - User set preference: ['acceptInsecureCerts', 'true']

2021-03-04 23:21:21 - [MESSAGE][INFO] - Action delay is set to 0 milliseconds

2021-03-04 23:21:23 - [MESSAGE][PASSED] - Browser is opened with url: 'https://dev-algorithm.govolution.com/vlinktest/QA/version_2_0/authcap.html'

2021-03-04 23:21:23 - [TEST_STEP][PASSED] - maximizeWindow(): Current window maximized

2021-03-04 23:21:23 - [MESSAGE][PASSED] - Current window maximized

2021-03-04 23:21:23 - [TEST_STEP][PASSED] - vlinkPages.saleCCPage.setDataSCC(row, dataFile): vlinkPages.saleCCPage.setDataSCC is PASSED

2021-03-04 23:21:25 - [MESSAGE][PASSED] - Object 'Object Repository/VLink/Page_CCSale/txt_CardNumber' is present

2021-03-04 23:21:25 - [MESSAGE][PASSED] - Object 'Object Repository/VLink/Page_CCSale/txt_TransactionType' is present

2021-03-04 23:21:26 - [MESSAGE][PASSED] - Text '104' is set on object 'Object Repository/VLink/Page_CCSale/txt_TransactionType'

2021-03-04 23:21:26 - [MESSAGE][PASSED] - Object 'Object Repository/VLink/Page_CCSale/txt_MessageVersion' is present

2021-03-04 23:21:27 - [MESSAGE][PASSED] - Text '2.0C' is set on object 'Object Repository/VLink/Page_CCSale/txt_MessageVersion'

2021-03-04 23:21:27 - [MESSAGE][PASSED] - Object 'Object Repository/VLink/Page_CCSale/txt_RemID' is present

2021-03-04 23:21:27 - [MESSAGE][PASSED] - Text 'whJGrB3KcpJ1' is set on object 'Object Repository/VLink/Page_CCSale/txt_RemID'

2021-03-04 23:21:28 - [MESSAGE][PASSED] - Object 'Object Repository/VLink/Page_CCSale/txt_ApplicationId' is present

2021-03-04 23:21:28 - [MESSAGE][PASSED] - Text '677' is set on object 'Object Repository/VLink/Page_CCSale/txt_ApplicationId'

2021-03-04 23:21:29 - [MESSAGE][PASSED] - Object 'Object Repository/VLink/Page_CCSale/txt_Username' is present

2021-03-04 23:21:29 - [MESSAGE][PASSED] - Text 'username' is set on object 'Object Repository/VLink/Page_CCSale/txt_Username'

2021-03-04 23:21:30 - [MESSAGE][PASSED] - Object 'Object Repository/VLink/Page_CCSale/txt_Password' is present

2021-03-04 23:21:30 - [MESSAGE][PASSED] - Text 'password' is set on object 'Object Repository/VLink/Page_CCSale/txt_Password'

2021-03-04 23:21:31 - [MESSAGE][PASSED] - Object 'Object Repository/VLink/Page_CCSale/txt_ResponseFormat' is present

2021-03-04 23:21:31 - [MESSAGE][PASSED] - Text 'fixed_width' is set on object 'Object Repository/VLink/Page_CCSale/txt_ResponseFormat'

2021-03-04 23:21:32 - [MESSAGE][PASSED] - Object 'Object Repository/VLink/Page_CCSale/txt_Category' is present

2021-03-04 23:21:32 - [MESSAGE][PASSED] - Text 'RETL' is set on object 'Object Repository/VLink/Page_CCSale/txt_Category'

2021-03-04 23:21:32 - [MESSAGE][PASSED] - Object 'Object Repository/VLink/Page_CCSale/txt_TransactionID' is present

2021-03-04 23:21:33 - [MESSAGE][PASSED] - Text '' is set on object 'Object Repository/VLink/Page_CCSale/txt_TransactionID'

2021-03-04 23:21:33 - [MESSAGE][PASSED] - Object 'Object Repository/VLink/Page_CCSale/txt_ApprovalCode' is present

2021-03-04 23:21:34 - [MESSAGE][PASSED] - Text '' is set on object 'Object Repository/VLink/Page_CCSale/txt_ApprovalCode'

2021-03-04 23:21:34 - [MESSAGE][PASSED] - Object 'Object Repository/VLink/Page_CCSale/txt_CardName' is present

2021-03-04 23:21:35 - [MESSAGE][PASSED] - Text 'Roshan Maha' is set on object 'Object Repository/VLink/Page_CCSale/txt_CardName'

2021-03-04 23:21:35 - [MESSAGE][PASSED] - Object 'Object Repository/VLink/Page_CCSale/txt_AL1' is present

2021-03-04 23:21:36 - [MESSAGE][PASSED] - Text '12563 Bazaar road' is set on object 'Object Repository/VLink/Page_CCSale/txt_AL1'

2021-03-04 23:21:36 - [MESSAGE][PASSED] - Object 'Object Repository/VLink/Page_CCSale/txt_AL2' is present

2021-03-04 23:21:36 - [MESSAGE][PASSED] - Text '' is set on object 'Object Repository/VLink/Page_CCSale/txt_AL2'

2021-03-04 23:21:37 - [MESSAGE][PASSED] - Object 'Object Repository/VLink/Page_CCSale/txt_CardCity' is present

2021-03-04 23:21:37 - [MESSAGE][PASSED] - Text 'Crofton' is set on object 'Object Repository/VLink/Page_CCSale/txt_CardCity'

2021-03-04 23:21:38 - [MESSAGE][PASSED] - Object 'Object Repository/VLink/Page_CCSale/txt_CardState' is present

2021-03-04 23:21:38 - [MESSAGE][PASSED] - Text 'MD' is set on object 'Object Repository/VLink/Page_CCSale/txt_CardState'

2021-03-04 23:21:38 - [MESSAGE][PASSED] - Object 'Object Repository/VLink/Page_CCSale/txt_CardZIP' is present

2021-03-04 23:21:39 - [MESSAGE][PASSED] - Text '21114' is set on object 'Object Repository/VLink/Page_CCSale/txt_CardZIP'

2021-03-04 23:21:39 - [MESSAGE][PASSED] - Object 'Object Repository/VLink/Page_CCSale/txt_CountryID' is present

2021-03-04 23:21:40 - [MESSAGE][PASSED] - Text '' is set on object 'Object Repository/VLink/Page_CCSale/txt_CountryID'

2021-03-04 23:21:40 - [MESSAGE][PASSED] - Object 'Object Repository/VLink/Page_CCSale/txt_Amount' is present

2021-03-04 23:21:41 - [MESSAGE][PASSED] - Text '3.50' is set on object 'Object Repository/VLink/Page_CCSale/txt_Amount'

2021-03-04 23:21:41 - [MESSAGE][PASSED] - Object 'Object Repository/VLink/Page_CCSale/txt_CardNumber' is present

2021-03-04 23:21:42 - [MESSAGE][PASSED] - Text '5424000000000015' is set on object 'Object Repository/VLink/Page_CCSale/txt_CardNumber'

2021-03-04 23:21:42 - [MESSAGE][PASSED] - Object 'Object Repository/VLink/Page_CCSale/txt_ExpMonth' is present

2021-03-04 23:21:43 - [MESSAGE][PASSED] - Text '01' is set on object 'Object Repository/VLink/Page_CCSale/txt_ExpMonth'

2021-03-04 23:21:43 - [MESSAGE][PASSED] - Object 'Object Repository/VLink/Page_CCSale/txt_ExpYear' is present

2021-03-04 23:21:44 - [MESSAGE][PASSED] - Text '2026' is set on object 'Object Repository/VLink/Page_CCSale/txt_ExpYear'

2021-03-04 23:21:44 - [MESSAGE][PASSED] - Object 'Object Repository/VLink/Page_CCSale/txt_CVV' is present

2021-03-04 23:21:45 - [MESSAGE][PASSED] - Text '' is set on object 'Object Repository/VLink/Page_CCSale/txt_CVV'

2021-03-04 23:21:45 - [MESSAGE][PASSED] - Object 'Object Repository/VLink/Page_CCSale/txt_CVVstate' is present

2021-03-04 23:21:46 - [MESSAGE][PASSED] - Text '' is set on object 'Object Repository/VLink/Page_CCSale/txt_CVVstate'

2021-03-04 23:21:46 - [MESSAGE][PASSED] - Object 'Object Repository/VLink/Page_CCSale/txt_TrackData' is present

2021-03-04 23:21:47 - [MESSAGE][PASSED] - Text '' is set on object 'Object Repository/VLink/Page_CCSale/txt_TrackData'

2021-03-04 23:21:47 - [MESSAGE][PASSED] - Object 'Object Repository/VLink/Page_CCSale/txt_Track1Data' is present

2021-03-04 23:21:48 - [MESSAGE][PASSED] - Text '' is set on object 'Object Repository/VLink/Page_CCSale/txt_Track1Data'

2021-03-04 23:21:48 - [MESSAGE][PASSED] - Object 'Object Repository/VLink/Page_CCSale/txt_Track2Data' is present

2021-03-04 23:21:49 - [MESSAGE][PASSED] - Text '' is set on object 'Object Repository/VLink/Page_CCSale/txt_Track2Data'

2021-03-04 23:21:49 - [MESSAGE][PASSED] - Object 'Object Repository/VLink/Page_CCSale/txt_POSEntryMode' is present

2021-03-04 23:21:50 - [MESSAGE][PASSED] - Text 'manual' is set on object 'Object Repository/VLink/Page_CCSale/txt_POSEntryMode'

2021-03-04 23:21:50 - [MESSAGE][PASSED] - Object 'Object Repository/VLink/Page_CCSale/txt_Email' is present

2021-03-04 23:21:51 - [MESSAGE][PASSED] - Text '' is set on object 'Object Repository/VLink/Page_CCSale/txt_Email'

2021-03-04 23:21:51 - [MESSAGE][PASSED] - Object 'Object Repository/VLink/Page_CCSale/txt_OrderNumber' is present

2021-03-04 23:21:52 - [MESSAGE][PASSED] - Text '' is set on object 'Object Repository/VLink/Page_CCSale/txt_OrderNumber'

2021-03-04 23:21:52 - [MESSAGE][PASSED] - Object 'Object Repository/VLink/Page_CCSale/txt_TaxAmount' is present

2021-03-04 23:21:53 - [MESSAGE][PASSED] - Text '' is set on object 'Object Repository/VLink/Page_CCSale/txt_TaxAmount'

2021-03-04 23:21:53 - [MESSAGE][PASSED] - Object 'Object Repository/VLink/Page_CCSale/txt_ChargeDescription' is present

2021-03-04 23:21:53 - [MESSAGE][PASSED] - Text '' is set on object 'Object Repository/VLink/Page_CCSale/txt_ChargeDescription'

2021-03-04 23:21:54 - [MESSAGE][PASSED] - Object 'Object Repository/VLink/Page_CCSale/txt_CAN' is present

2021-03-04 23:21:54 - [MESSAGE][PASSED] - Text '' is set on object 'Object Repository/VLink/Page_CCSale/txt_CAN'

2021-03-04 23:21:55 - [MESSAGE][PASSED] - Object 'Object Repository/VLink/Page_CCSale/txt_BillPaymentIndicator' is present

2021-03-04 23:21:55 - [MESSAGE][PASSED] - Text '' is set on object 'Object Repository/VLink/Page_CCSale/txt_BillPaymentIndicator'

2021-03-04 23:21:56 - [MESSAGE][PASSED] - Object 'Object Repository/VLink/Page_CCSale/txt_UDF1' is present

2021-03-04 23:21:56 - [MESSAGE][PASSED] - Text '' is set on object 'Object Repository/VLink/Page_CCSale/txt_UDF1'

2021-03-04 23:21:57 - [MESSAGE][PASSED] - Object 'Object Repository/VLink/Page_CCSale/txt_UDF2' is present

2021-03-04 23:21:57 - [MESSAGE][PASSED] - Text '' is set on object 'Object Repository/VLink/Page_CCSale/txt_UDF2'

2021-03-04 23:21:58 - [MESSAGE][PASSED] - Object 'Object Repository/VLink/Page_CCSale/txt_UDF3' is present

2021-03-04 23:21:58 - [MESSAGE][PASSED] - Text '' is set on object 'Object Repository/VLink/Page_CCSale/txt_UDF3'

2021-03-04 23:21:59 - [MESSAGE][PASSED] - Object 'Object Repository/VLink/Page_CCSale/txt_UDF4' is present

2021-03-04 23:21:59 - [MESSAGE][PASSED] - Text '' is set on object 'Object Repository/VLink/Page_CCSale/txt_UDF4'

2021-03-04 23:22:00 - [MESSAGE][PASSED] - Object 'Object Repository/VLink/Page_CCSale/txt_UDF5' is present

2021-03-04 23:22:00 - [MESSAGE][PASSED] - Text '' is set on object 'Object Repository/VLink/Page_CCSale/txt_UDF5'

2021-03-04 23:22:00 - [MESSAGE][PASSED] - Object 'Object Repository/VLink/Page_CCSale/txt_UDF6' is present

2021-03-04 23:22:01 - [MESSAGE][PASSED] - Text '' is set on object 'Object Repository/VLink/Page_CCSale/txt_UDF6'

2021-03-04 23:22:01 - [MESSAGE][PASSED] - Object 'Object Repository/VLink/Page_CCSale/txt_UDF7' is present

2021-03-04 23:22:02 - [MESSAGE][PASSED] - Text '' is set on object 'Object Repository/VLink/Page_CCSale/txt_UDF7'

2021-03-04 23:22:02 - [MESSAGE][PASSED] - Object 'Object Repository/VLink/Page_CCSale/txt_UDF8' is present

2021-03-04 23:22:03 - [MESSAGE][PASSED] - Text '' is set on object 'Object Repository/VLink/Page_CCSale/txt_UDF8'

2021-03-04 23:22:03 - [MESSAGE][PASSED] - Object 'Object Repository/VLink/Page_CCSale/txt_UDF9' is present

2021-03-04 23:22:04 - [MESSAGE][PASSED] - Text '' is set on object 'Object Repository/VLink/Page_CCSale/txt_UDF9'

2021-03-04 23:22:04 - [MESSAGE][PASSED] - Object 'Object Repository/VLink/Page_CCSale/txt_UDF10' is present

2021-03-04 23:22:05 - [MESSAGE][PASSED] - Text '' is set on object 'Object Repository/VLink/Page_CCSale/txt_UDF10'

2021-03-04 23:22:05 - [MESSAGE][PASSED] - Object 'Object Repository/VLink/Page_CCSale/txt_CardOnFileIndicator' is present

2021-03-04 23:22:06 - [MESSAGE][PASSED] - Text '' is set on object 'Object Repository/VLink/Page_CCSale/txt_CardOnFileIndicator'

2021-03-04 23:22:06 - [MESSAGE][PASSED] - Object 'Object Repository/VLink/Page_CCSale/txt_StoredCredentialIndicator' is present

2021-03-04 23:22:07 - [MESSAGE][PASSED] - Text '' is set on object 'Object Repository/VLink/Page_CCSale/txt_StoredCredentialIndicator'

2021-03-04 23:22:07 - [MESSAGE][PASSED] - Object 'Object Repository/VLink/Page_CCSale/txt_COFScheduledIndicator' is present

2021-03-04 23:22:08 - [MESSAGE][PASSED] - Text '' is set on object 'Object Repository/VLink/Page_CCSale/txt_COFScheduledIndicator'

2021-03-04 23:22:08 - [MESSAGE][PASSED] - Object 'Object Repository/VLink/Page_CCSale/txt_COFTransactionInitiatedBy' is present

2021-03-04 23:22:09 - [MESSAGE][PASSED] - Text '' is set on object 'Object Repository/VLink/Page_CCSale/txt_COFTransactionInitiatedBy'

2021-03-04 23:22:12 - [MESSAGE][PASSED] - Object: 'Object Repository/VLink/Page_CCSale/btn_ProcessVLinkTransaction' is clicked on

2021-03-04 23:22:17 - [MESSAGE][PASSED] - vlinkPages.saleCCPage.setDataSCC is PASSED

2021-03-04 23:22:17 - [TEST_STEP][PASSED] - if (verifyTextPresent("Transaction approved, no errors", true)): null

2021-03-04 23:22:17 - [MESSAGE][PASSED] - Text 'Transaction approved, no errors' is present on page  using regular expression

2021-03-04 23:22:17 - [TEST_STEP][PASSED] - println("Transaction Approved, no errors text is present on the Confirmation page"): null

2021-03-04 23:22:17 - [TEST_STEP][PASSED] - out.println("Pass Record Number: " + row): null

2021-03-04 23:22:17 - [TEST_STEP][PASSED] - resText = "Pass": null

2021-03-04 23:22:17 - [TEST_STEP][PASSED] - pages.WriteExcel.demoKey(resText, datText, resColumn, datCloumn, fileLoc, nameSheet, row): pages.WriteExcel.demoKey is PASSED

2021-03-04 23:22:17 - [MESSAGE][PASSED] - pages.WriteExcel.demoKey is PASSED

2021-03-04 23:22:17 - [TEST_STEP][PASSED] - sdfo = getText(findTestObject("Object Repository/Page_VLinkReceipt/pre_STX")): Text of object 'Object Repository/Page_VLinkReceipt/pre_STX' is: '<STX>whJGrB3KcpJ1                  12089869            0  Transaction approved, no errors                   0                                                                                  X OK3660   <ETX>'

2021-03-04 23:22:18 - [MESSAGE][PASSED] - Text of object 'Object Repository/Page_VLinkReceipt/pre_STX' is: '<STX>whJGrB3KcpJ1                  12089869            0  Transaction approved, no errors                   0                                                                                  X OK3660   <ETX>'

2021-03-04 23:22:18 - [TEST_STEP][PASSED] - out.println("sdfo: " + sdfo): null

2021-03-04 23:22:18 - [TEST_STEP][PASSED] - remID = substring(5, 35).trim(): null

2021-03-04 23:22:18 - [TEST_STEP][PASSED] - out.println("Remittance ID: " + remID): null

2021-03-04 23:22:18 - [TEST_STEP][PASSED] - traxID = substring(35, 55).trim(): null

2021-03-04 23:22:18 - [TEST_STEP][PASSED] - out.println("Transaction ID: " + traxID): null

2021-03-04 23:22:18 - [TEST_STEP][PASSED] - out.println("End Record Number: " + row): null

2021-03-04 23:22:18 - [TEST_STEP][PASSED] - closeBrowser(): Browser is closed

2021-03-04 23:22:18 - [MESSAGE][PASSED] - Browser is closed

2021-03-04 23:22:18 - [TEST_STEP][PASSED] - out.println("Begin Record Number: " + row): null

2021-03-04 23:22:18 - [TEST_STEP][PASSED] - today = new java.util.Date(): null

2021-03-04 23:22:18 - [TEST_STEP][PASSED] - println(today): null

2021-03-04 23:22:18 - [TEST_STEP][PASSED] - datText = today: null

2021-03-04 23:22:18 - [TEST_STEP][PASSED] - openBrowser(VLinkURL + "authcap.html"): Browser is opened with url: 'https://dev-algorithm.govolution.com/vlinktest/QA/version_2_0/authcap.html'

2021-03-04 23:22:18 - [MESSAGE][INFO] - Starting 'Chrome' driver

2021-03-04 23:22:18 - [MESSAGE][INFO] - User set preference: ['acceptInsecureCerts', 'true']

2021-03-04 23:22:18 - [MESSAGE][INFO] - Action delay is set to 0 milliseconds

2021-03-04 23:22:21 - [MESSAGE][PASSED] - Browser is opened with url: 'https://dev-algorithm.govolution.com/vlinktest/QA/version_2_0/authcap.html'

2021-03-04 23:22:21 - [TEST_STEP][PASSED] - maximizeWindow(): Current window maximized

2021-03-04 23:22:21 - [MESSAGE][PASSED] - Current window maximized

2021-03-04 23:22:21 - [TEST_STEP][PASSED] - vlinkPages.saleCCPage.setDataSCC(row, dataFile): vlinkPages.saleCCPage.setDataSCC is PASSED

2021-03-04 23:22:23 - [MESSAGE][PASSED] - Object 'Object Repository/VLink/Page_CCSale/txt_CardNumber' is present

2021-03-04 23:22:23 - [MESSAGE][PASSED] - Object 'Object Repository/VLink/Page_CCSale/txt_TransactionType' is present

2021-03-04 23:22:24 - [MESSAGE][PASSED] - Text '104' is set on object 'Object Repository/VLink/Page_CCSale/txt_TransactionType'

2021-03-04 23:22:24 - [MESSAGE][PASSED] - Object 'Object Repository/VLink/Page_CCSale/txt_MessageVersion' is present

2021-03-04 23:22:25 - [MESSAGE][PASSED] - Text '2.0C' is set on object 'Object Repository/VLink/Page_CCSale/txt_MessageVersion'

2021-03-04 23:22:25 - [MESSAGE][PASSED] - Object 'Object Repository/VLink/Page_CCSale/txt_RemID' is present

2021-03-04 23:22:26 - [MESSAGE][PASSED] - Text 'STh14GFGCJtx' is set on object 'Object Repository/VLink/Page_CCSale/txt_RemID'

2021-03-04 23:22:26 - [MESSAGE][PASSED] - Object 'Object Repository/VLink/Page_CCSale/txt_ApplicationId' is present

2021-03-04 23:22:27 - [MESSAGE][PASSED] - Text '665' is set on object 'Object Repository/VLink/Page_CCSale/txt_ApplicationId'

2021-03-04 23:22:27 - [MESSAGE][PASSED] - Object 'Object Repository/VLink/Page_CCSale/txt_Username' is present

2021-03-04 23:22:28 - [MESSAGE][PASSED] - Text 'username' is set on object 'Object Repository/VLink/Page_CCSale/txt_Username'

2021-03-04 23:22:28 - [MESSAGE][PASSED] - Object 'Object Repository/VLink/Page_CCSale/txt_Password' is present

2021-03-04 23:22:28 - [MESSAGE][PASSED] - Text 'password' is set on object 'Object Repository/VLink/Page_CCSale/txt_Password'

2021-03-04 23:22:29 - [MESSAGE][PASSED] - Object 'Object Repository/VLink/Page_CCSale/txt_ResponseFormat' is present

2021-03-04 23:22:29 - [MESSAGE][PASSED] - Text 'fixed_width' is set on object 'Object Repository/VLink/Page_CCSale/txt_ResponseFormat'

2021-03-04 23:22:30 - [MESSAGE][PASSED] - Object 'Object Repository/VLink/Page_CCSale/txt_Category' is present

2021-03-04 23:22:30 - [MESSAGE][PASSED] - Text 'RETL' is set on object 'Object Repository/VLink/Page_CCSale/txt_Category'

2021-03-04 23:22:30 - [MESSAGE][PASSED] - Object 'Object Repository/VLink/Page_CCSale/txt_TransactionID' is present

2021-03-04 23:22:31 - [MESSAGE][PASSED] - Text '' is set on object 'Object Repository/VLink/Page_CCSale/txt_TransactionID'

2021-03-04 23:22:31 - [MESSAGE][PASSED] - Object 'Object Repository/VLink/Page_CCSale/txt_ApprovalCode' is present

2021-03-04 23:22:32 - [MESSAGE][PASSED] - Text '' is set on object 'Object Repository/VLink/Page_CCSale/txt_ApprovalCode'

2021-03-04 23:22:32 - [MESSAGE][PASSED] - Object 'Object Repository/VLink/Page_CCSale/txt_CardName' is present

2021-03-04 23:22:33 - [MESSAGE][PASSED] - Text 'Kris Roshan' is set on object 'Object Repository/VLink/Page_CCSale/txt_CardName'

2021-03-04 23:22:33 - [MESSAGE][PASSED] - Object 'Object Repository/VLink/Page_CCSale/txt_AL1' is present

2021-03-04 23:22:34 - [MESSAGE][PASSED] - Text '258 Elm Road' is set on object 'Object Repository/VLink/Page_CCSale/txt_AL1'

2021-03-04 23:22:34 - [MESSAGE][PASSED] - Object 'Object Repository/VLink/Page_CCSale/txt_AL2' is present

2021-03-04 23:22:34 - [MESSAGE][PASSED] - Text 'Suite 56' is set on object 'Object Repository/VLink/Page_CCSale/txt_AL2'

2021-03-04 23:22:35 - [MESSAGE][PASSED] - Object 'Object Repository/VLink/Page_CCSale/txt_CardCity' is present

2021-03-04 23:22:35 - [MESSAGE][PASSED] - Text 'Arlington' is set on object 'Object Repository/VLink/Page_CCSale/txt_CardCity'

2021-03-04 23:22:36 - [MESSAGE][PASSED] - Object 'Object Repository/VLink/Page_CCSale/txt_CardState' is present

2021-03-04 23:22:36 - [MESSAGE][PASSED] - Text 'VA' is set on object 'Object Repository/VLink/Page_CCSale/txt_CardState'

2021-03-04 23:22:37 - [MESSAGE][PASSED] - Object 'Object Repository/VLink/Page_CCSale/txt_CardZIP' is present

2021-03-04 23:22:37 - [MESSAGE][PASSED] - Text '22201' is set on object 'Object Repository/VLink/Page_CCSale/txt_CardZIP'

2021-03-04 23:22:38 - [MESSAGE][PASSED] - Object 'Object Repository/VLink/Page_CCSale/txt_CountryID' is present

2021-03-04 23:22:38 - [MESSAGE][PASSED] - Text '840' is set on object 'Object Repository/VLink/Page_CCSale/txt_CountryID'

2021-03-04 23:22:39 - [MESSAGE][PASSED] - Object 'Object Repository/VLink/Page_CCSale/txt_Amount' is present

2021-03-04 23:22:39 - [MESSAGE][PASSED] - Text '1.50' is set on object 'Object Repository/VLink/Page_CCSale/txt_Amount'

2021-03-04 23:22:40 - [MESSAGE][PASSED] - Object 'Object Repository/VLink/Page_CCSale/txt_CardNumber' is present

2021-03-04 23:22:40 - [MESSAGE][PASSED] - Text '370000000000002' is set on object 'Object Repository/VLink/Page_CCSale/txt_CardNumber'

2021-03-04 23:22:41 - [MESSAGE][PASSED] - Object 'Object Repository/VLink/Page_CCSale/txt_ExpMonth' is present

2021-03-04 23:22:41 - [MESSAGE][PASSED] - Text '12' is set on object 'Object Repository/VLink/Page_CCSale/txt_ExpMonth'

2021-03-04 23:22:41 - [MESSAGE][PASSED] - Object 'Object Repository/VLink/Page_CCSale/txt_ExpYear' is present

2021-03-04 23:22:42 - [MESSAGE][PASSED] - Text '2025' is set on object 'Object Repository/VLink/Page_CCSale/txt_ExpYear'

2021-03-04 23:22:42 - [MESSAGE][PASSED] - Object 'Object Repository/VLink/Page_CCSale/txt_CVV' is present

2021-03-04 23:22:43 - [MESSAGE][PASSED] - Text '' is set on object 'Object Repository/VLink/Page_CCSale/txt_CVV'

2021-03-04 23:22:43 - [MESSAGE][PASSED] - Object 'Object Repository/VLink/Page_CCSale/txt_CVVstate' is present

2021-03-04 23:22:44 - [MESSAGE][PASSED] - Text '' is set on object 'Object Repository/VLink/Page_CCSale/txt_CVVstate'

2021-03-04 23:22:44 - [MESSAGE][PASSED] - Object 'Object Repository/VLink/Page_CCSale/txt_TrackData' is present

2021-03-04 23:22:45 - [MESSAGE][PASSED] - Text '' is set on object 'Object Repository/VLink/Page_CCSale/txt_TrackData'

2021-03-04 23:22:45 - [MESSAGE][PASSED] - Object 'Object Repository/VLink/Page_CCSale/txt_Track1Data' is present

2021-03-04 23:22:46 - [MESSAGE][PASSED] - Text '' is set on object 'Object Repository/VLink/Page_CCSale/txt_Track1Data'

2021-03-04 23:22:46 - [MESSAGE][PASSED] - Object 'Object Repository/VLink/Page_CCSale/txt_Track2Data' is present

2021-03-04 23:22:47 - [MESSAGE][PASSED] - Text '' is set on object 'Object Repository/VLink/Page_CCSale/txt_Track2Data'

2021-03-04 23:22:47 - [MESSAGE][PASSED] - Object 'Object Repository/VLink/Page_CCSale/txt_POSEntryMode' is present

2021-03-04 23:22:48 - [MESSAGE][PASSED] - Text 'manual' is set on object 'Object Repository/VLink/Page_CCSale/txt_POSEntryMode'

2021-03-04 23:22:48 - [MESSAGE][PASSED] - Object 'Object Repository/VLink/Page_CCSale/txt_Email' is present

2021-03-04 23:22:49 - [MESSAGE][PASSED] - Text 'iahmed@govolution.com' is set on object 'Object Repository/VLink/Page_CCSale/txt_Email'

2021-03-04 23:22:49 - [MESSAGE][PASSED] - Object 'Object Repository/VLink/Page_CCSale/txt_OrderNumber' is present

2021-03-04 23:22:50 - [MESSAGE][PASSED] - Text '2569362' is set on object 'Object Repository/VLink/Page_CCSale/txt_OrderNumber'

2021-03-04 23:22:50 - [MESSAGE][PASSED] - Object 'Object Repository/VLink/Page_CCSale/txt_TaxAmount' is present

2021-03-04 23:22:51 - [MESSAGE][PASSED] - Text '1.15' is set on object 'Object Repository/VLink/Page_CCSale/txt_TaxAmount'

2021-03-04 23:22:51 - [MESSAGE][PASSED] - Object 'Object Repository/VLink/Page_CCSale/txt_ChargeDescription' is present

2021-03-04 23:22:52 - [MESSAGE][PASSED] - Text 'Charge Description' is set on object 'Object Repository/VLink/Page_CCSale/txt_ChargeDescription'

2021-03-04 23:22:52 - [MESSAGE][PASSED] - Object 'Object Repository/VLink/Page_CCSale/txt_CAN' is present

2021-03-04 23:22:53 - [MESSAGE][PASSED] - Text '147357' is set on object 'Object Repository/VLink/Page_CCSale/txt_CAN'

2021-03-04 23:22:53 - [MESSAGE][PASSED] - Object 'Object Repository/VLink/Page_CCSale/txt_BillPaymentIndicator' is present

2021-03-04 23:22:54 - [MESSAGE][PASSED] - Text '1' is set on object 'Object Repository/VLink/Page_CCSale/txt_BillPaymentIndicator'

2021-03-04 23:22:54 - [MESSAGE][PASSED] - Object 'Object Repository/VLink/Page_CCSale/txt_UDF1' is present

2021-03-04 23:22:55 - [MESSAGE][PASSED] - Text 'UDF Data 1' is set on object 'Object Repository/VLink/Page_CCSale/txt_UDF1'

2021-03-04 23:22:55 - [MESSAGE][PASSED] - Object 'Object Repository/VLink/Page_CCSale/txt_UDF2' is present

2021-03-04 23:22:56 - [MESSAGE][PASSED] - Text 'UDF Data 2' is set on object 'Object Repository/VLink/Page_CCSale/txt_UDF2'

2021-03-04 23:22:56 - [MESSAGE][PASSED] - Object 'Object Repository/VLink/Page_CCSale/txt_UDF3' is present

2021-03-04 23:22:57 - [MESSAGE][PASSED] - Text 'UDF Data 3' is set on object 'Object Repository/VLink/Page_CCSale/txt_UDF3'

2021-03-04 23:22:57 - [MESSAGE][PASSED] - Object 'Object Repository/VLink/Page_CCSale/txt_UDF4' is present

2021-03-04 23:22:58 - [MESSAGE][PASSED] - Text 'UDF Data 4' is set on object 'Object Repository/VLink/Page_CCSale/txt_UDF4'

2021-03-04 23:22:58 - [MESSAGE][PASSED] - Object 'Object Repository/VLink/Page_CCSale/txt_UDF5' is present

2021-03-04 23:22:59 - [MESSAGE][PASSED] - Text 'UDF Data 5' is set on object 'Object Repository/VLink/Page_CCSale/txt_UDF5'

2021-03-04 23:22:59 - [MESSAGE][PASSED] - Object 'Object Repository/VLink/Page_CCSale/txt_UDF6' is present

2021-03-04 23:23:00 - [MESSAGE][PASSED] - Text 'UDF Data 6' is set on object 'Object Repository/VLink/Page_CCSale/txt_UDF6'

2021-03-04 23:23:00 - [MESSAGE][PASSED] - Object 'Object Repository/VLink/Page_CCSale/txt_UDF7' is present

2021-03-04 23:23:01 - [MESSAGE][PASSED] - Text 'UDF Data 7' is set on object 'Object Repository/VLink/Page_CCSale/txt_UDF7'

2021-03-04 23:23:01 - [MESSAGE][PASSED] - Object 'Object Repository/VLink/Page_CCSale/txt_UDF8' is present

2021-03-04 23:23:02 - [MESSAGE][PASSED] - Text 'UDF Data 8' is set on object 'Object Repository/VLink/Page_CCSale/txt_UDF8'

2021-03-04 23:23:02 - [MESSAGE][PASSED] - Object 'Object Repository/VLink/Page_CCSale/txt_UDF9' is present

2021-03-04 23:23:03 - [MESSAGE][PASSED] - Text 'UDF Data 9' is set on object 'Object Repository/VLink/Page_CCSale/txt_UDF9'

2021-03-04 23:23:03 - [MESSAGE][PASSED] - Object 'Object Repository/VLink/Page_CCSale/txt_UDF10' is present

2021-03-04 23:23:04 - [MESSAGE][PASSED] - Text 'UDF Data 10' is set on object 'Object Repository/VLink/Page_CCSale/txt_UDF10'

2021-03-04 23:23:04 - [MESSAGE][PASSED] - Object 'Object Repository/VLink/Page_CCSale/txt_CardOnFileIndicator' is present

2021-03-04 23:23:05 - [MESSAGE][PASSED] - Text '' is set on object 'Object Repository/VLink/Page_CCSale/txt_CardOnFileIndicator'

2021-03-04 23:23:05 - [MESSAGE][PASSED] - Object 'Object Repository/VLink/Page_CCSale/txt_StoredCredentialIndicator' is present

2021-03-04 23:23:06 - [MESSAGE][PASSED] - Text '' is set on object 'Object Repository/VLink/Page_CCSale/txt_StoredCredentialIndicator'

2021-03-04 23:23:06 - [MESSAGE][PASSED] - Object 'Object Repository/VLink/Page_CCSale/txt_COFScheduledIndicator' is present

2021-03-04 23:23:07 - [MESSAGE][PASSED] - Text '' is set on object 'Object Repository/VLink/Page_CCSale/txt_COFScheduledIndicator'

2021-03-04 23:23:07 - [MESSAGE][PASSED] - Object 'Object Repository/VLink/Page_CCSale/txt_COFTransactionInitiatedBy' is present

2021-03-04 23:23:08 - [MESSAGE][PASSED] - Text '' is set on object 'Object Repository/VLink/Page_CCSale/txt_COFTransactionInitiatedBy'

2021-03-04 23:23:23 - [MESSAGE][PASSED] - Object: 'Object Repository/VLink/Page_CCSale/btn_ProcessVLinkTransaction' is clicked on

2021-03-04 23:23:28 - [MESSAGE][PASSED] - vlinkPages.saleCCPage.setDataSCC is PASSED

2021-03-04 23:23:28 - [TEST_STEP][PASSED] - if (verifyTextPresent("Transaction approved, no errors", true)): null

2021-03-04 23:23:28 - [MESSAGE][PASSED] - Text 'Transaction approved, no errors' is present on page  using regular expression

2021-03-04 23:23:28 - [TEST_STEP][PASSED] - println("Transaction Approved, no errors text is present on the Confirmation page"): null

2021-03-04 23:23:28 - [TEST_STEP][PASSED] - out.println("Pass Record Number: " + row): null

2021-03-04 23:23:28 - [TEST_STEP][PASSED] - resText = "Pass": null

2021-03-04 23:23:28 - [TEST_STEP][PASSED] - pages.WriteExcel.demoKey(resText, datText, resColumn, datCloumn, fileLoc, nameSheet, row): pages.WriteExcel.demoKey is PASSED

2021-03-04 23:23:29 - [MESSAGE][PASSED] - pages.WriteExcel.demoKey is PASSED

2021-03-04 23:23:29 - [TEST_STEP][PASSED] - sdfo = getText(findTestObject("Object Repository/Page_VLinkReceipt/pre_STX")): Text of object 'Object Repository/Page_VLinkReceipt/pre_STX' is: '<STX>STh14GFGCJtx                  12089871            0  Transaction approved, no errors                   0                                                                                  X OK3960   <ETX>'

2021-03-04 23:23:29 - [MESSAGE][PASSED] - Text of object 'Object Repository/Page_VLinkReceipt/pre_STX' is: '<STX>STh14GFGCJtx                  12089871            0  Transaction approved, no errors                   0                                                                                  X OK3960   <ETX>'

2021-03-04 23:23:29 - [TEST_STEP][PASSED] - out.println("sdfo: " + sdfo): null

2021-03-04 23:23:29 - [TEST_STEP][PASSED] - remID = substring(5, 35).trim(): null

2021-03-04 23:23:29 - [TEST_STEP][PASSED] - out.println("Remittance ID: " + remID): null

2021-03-04 23:23:29 - [TEST_STEP][PASSED] - traxID = substring(35, 55).trim(): null

2021-03-04 23:23:29 - [TEST_STEP][PASSED] - out.println("Transaction ID: " + traxID): null

2021-03-04 23:23:29 - [TEST_STEP][PASSED] - out.println("End Record Number: " + row): null

2021-03-04 23:23:29 - [TEST_STEP][PASSED] - closeBrowser(): Browser is closed

2021-03-04 23:23:30 - [MESSAGE][PASSED] - Browser is closed

2021-03-04 23:23:30 - [TEST_STEP][PASSED] - out.println("Begin Record Number: " + row): null

2021-03-04 23:23:30 - [TEST_STEP][PASSED] - today = new java.util.Date(): null

2021-03-04 23:23:30 - [TEST_STEP][PASSED] - println(today): null

2021-03-04 23:23:30 - [TEST_STEP][PASSED] - datText = today: null

2021-03-04 23:23:30 - [TEST_STEP][PASSED] - openBrowser(VLinkURL + "authcap.html"): Browser is opened with url: 'https://dev-algorithm.govolution.com/vlinktest/QA/version_2_0/authcap.html'

2021-03-04 23:23:30 - [MESSAGE][INFO] - Starting 'Chrome' driver

2021-03-04 23:23:30 - [MESSAGE][INFO] - User set preference: ['acceptInsecureCerts', 'true']

2021-03-04 23:23:30 - [MESSAGE][INFO] - Action delay is set to 0 milliseconds

2021-03-04 23:23:34 - [MESSAGE][PASSED] - Browser is opened with url: 'https://dev-algorithm.govolution.com/vlinktest/QA/version_2_0/authcap.html'

2021-03-04 23:23:34 - [TEST_STEP][PASSED] - maximizeWindow(): Current window maximized

2021-03-04 23:23:34 - [MESSAGE][PASSED] - Current window maximized

2021-03-04 23:23:34 - [TEST_STEP][PASSED] - vlinkPages.saleCCPage.setDataSCC(row, dataFile): vlinkPages.saleCCPage.setDataSCC is PASSED

2021-03-04 23:23:36 - [MESSAGE][PASSED] - Object 'Object Repository/VLink/Page_CCSale/txt_CardNumber' is present

2021-03-04 23:23:36 - [MESSAGE][PASSED] - Object 'Object Repository/VLink/Page_CCSale/txt_TransactionType' is present

2021-03-04 23:23:37 - [MESSAGE][PASSED] - Text '104' is set on object 'Object Repository/VLink/Page_CCSale/txt_TransactionType'

2021-03-04 23:23:37 - [MESSAGE][PASSED] - Object 'Object Repository/VLink/Page_CCSale/txt_MessageVersion' is present

2021-03-04 23:23:38 - [MESSAGE][PASSED] - Text '2.0C' is set on object 'Object Repository/VLink/Page_CCSale/txt_MessageVersion'

2021-03-04 23:23:38 - [MESSAGE][PASSED] - Object 'Object Repository/VLink/Page_CCSale/txt_RemID' is present

2021-03-04 23:23:39 - [MESSAGE][PASSED] - Text '4JYfAvELYfrc' is set on object 'Object Repository/VLink/Page_CCSale/txt_RemID'

2021-03-04 23:23:39 - [MESSAGE][PASSED] - Object 'Object Repository/VLink/Page_CCSale/txt_ApplicationId' is present

2021-03-04 23:23:40 - [MESSAGE][PASSED] - Text '672' is set on object 'Object Repository/VLink/Page_CCSale/txt_ApplicationId'

2021-03-04 23:23:40 - [MESSAGE][PASSED] - Object 'Object Repository/VLink/Page_CCSale/txt_Username' is present

2021-03-04 23:23:41 - [MESSAGE][PASSED] - Text 'username' is set on object 'Object Repository/VLink/Page_CCSale/txt_Username'

2021-03-04 23:23:41 - [MESSAGE][PASSED] - Object 'Object Repository/VLink/Page_CCSale/txt_Password' is present

2021-03-04 23:23:42 - [MESSAGE][PASSED] - Text 'password' is set on object 'Object Repository/VLink/Page_CCSale/txt_Password'

2021-03-04 23:23:42 - [MESSAGE][PASSED] - Object 'Object Repository/VLink/Page_CCSale/txt_ResponseFormat' is present

2021-03-04 23:23:43 - [MESSAGE][PASSED] - Text 'fixed_width' is set on object 'Object Repository/VLink/Page_CCSale/txt_ResponseFormat'

2021-03-04 23:23:43 - [MESSAGE][PASSED] - Object 'Object Repository/VLink/Page_CCSale/txt_Category' is present

2021-03-04 23:23:43 - [MESSAGE][PASSED] - Text 'RETL' is set on object 'Object Repository/VLink/Page_CCSale/txt_Category'

2021-03-04 23:23:44 - [MESSAGE][PASSED] - Object 'Object Repository/VLink/Page_CCSale/txt_TransactionID' is present

2021-03-04 23:23:44 - [MESSAGE][PASSED] - Text '' is set on object 'Object Repository/VLink/Page_CCSale/txt_TransactionID'

2021-03-04 23:23:45 - [MESSAGE][PASSED] - Object 'Object Repository/VLink/Page_CCSale/txt_ApprovalCode' is present

2021-03-04 23:23:45 - [MESSAGE][PASSED] - Text '' is set on object 'Object Repository/VLink/Page_CCSale/txt_ApprovalCode'

2021-03-04 23:23:45 - [MESSAGE][PASSED] - Object 'Object Repository/VLink/Page_CCSale/txt_CardName' is present

2021-03-04 23:23:46 - [MESSAGE][PASSED] - Text 'Arvind Silva' is set on object 'Object Repository/VLink/Page_CCSale/txt_CardName'

2021-03-04 23:23:46 - [MESSAGE][PASSED] - Object 'Object Repository/VLink/Page_CCSale/txt_AL1' is present

2021-03-04 23:23:47 - [MESSAGE][PASSED] - Text '111 Main Ave' is set on object 'Object Repository/VLink/Page_CCSale/txt_AL1'

2021-03-04 23:23:47 - [MESSAGE][PASSED] - Object 'Object Repository/VLink/Page_CCSale/txt_AL2' is present

2021-03-04 23:23:48 - [MESSAGE][PASSED] - Text '' is set on object 'Object Repository/VLink/Page_CCSale/txt_AL2'

2021-03-04 23:23:48 - [MESSAGE][PASSED] - Object 'Object Repository/VLink/Page_CCSale/txt_CardCity' is present

2021-03-04 23:23:49 - [MESSAGE][PASSED] - Text 'Arlington' is set on object 'Object Repository/VLink/Page_CCSale/txt_CardCity'

2021-03-04 23:23:49 - [MESSAGE][PASSED] - Object 'Object Repository/VLink/Page_CCSale/txt_CardState' is present

2021-03-04 23:23:49 - [MESSAGE][PASSED] - Text 'VA' is set on object 'Object Repository/VLink/Page_CCSale/txt_CardState'

2021-03-04 23:23:50 - [MESSAGE][PASSED] - Object 'Object Repository/VLink/Page_CCSale/txt_CardZIP' is present

2021-03-04 23:23:50 - [MESSAGE][PASSED] - Text '22201' is set on object 'Object Repository/VLink/Page_CCSale/txt_CardZIP'

2021-03-04 23:23:51 - [MESSAGE][PASSED] - Object 'Object Repository/VLink/Page_CCSale/txt_CountryID' is present

2021-03-04 23:23:51 - [MESSAGE][PASSED] - Text '' is set on object 'Object Repository/VLink/Page_CCSale/txt_CountryID'

2021-03-04 23:23:52 - [MESSAGE][PASSED] - Object 'Object Repository/VLink/Page_CCSale/txt_Amount' is present

2021-03-04 23:23:52 - [MESSAGE][PASSED] - Text '2.50' is set on object 'Object Repository/VLink/Page_CCSale/txt_Amount'

2021-03-04 23:23:53 - [MESSAGE][PASSED] - Object 'Object Repository/VLink/Page_CCSale/txt_CardNumber' is present

2021-03-04 23:23:53 - [MESSAGE][PASSED] - Text '370000000000002' is set on object 'Object Repository/VLink/Page_CCSale/txt_CardNumber'

2021-03-04 23:23:54 - [MESSAGE][PASSED] - Object 'Object Repository/VLink/Page_CCSale/txt_ExpMonth' is present

2021-03-04 23:23:54 - [MESSAGE][PASSED] - Text '01' is set on object 'Object Repository/VLink/Page_CCSale/txt_ExpMonth'

2021-03-04 23:23:55 - [MESSAGE][PASSED] - Object 'Object Repository/VLink/Page_CCSale/txt_ExpYear' is present

2021-03-04 23:23:55 - [MESSAGE][PASSED] - Text '2026' is set on object 'Object Repository/VLink/Page_CCSale/txt_ExpYear'

2021-03-04 23:23:56 - [MESSAGE][PASSED] - Object 'Object Repository/VLink/Page_CCSale/txt_CVV' is present

2021-03-04 23:23:56 - [MESSAGE][PASSED] - Text '' is set on object 'Object Repository/VLink/Page_CCSale/txt_CVV'

2021-03-04 23:23:56 - [MESSAGE][PASSED] - Object 'Object Repository/VLink/Page_CCSale/txt_CVVstate' is present

2021-03-04 23:23:57 - [MESSAGE][PASSED] - Text '' is set on object 'Object Repository/VLink/Page_CCSale/txt_CVVstate'

2021-03-04 23:23:57 - [MESSAGE][PASSED] - Object 'Object Repository/VLink/Page_CCSale/txt_TrackData' is present

2021-03-04 23:23:58 - [MESSAGE][PASSED] - Text '' is set on object 'Object Repository/VLink/Page_CCSale/txt_TrackData'

2021-03-04 23:23:58 - [MESSAGE][PASSED] - Object 'Object Repository/VLink/Page_CCSale/txt_Track1Data' is present

2021-03-04 23:23:59 - [MESSAGE][PASSED] - Text '' is set on object 'Object Repository/VLink/Page_CCSale/txt_Track1Data'

2021-03-04 23:23:59 - [MESSAGE][PASSED] - Object 'Object Repository/VLink/Page_CCSale/txt_Track2Data' is present

2021-03-04 23:24:00 - [MESSAGE][PASSED] - Text '' is set on object 'Object Repository/VLink/Page_CCSale/txt_Track2Data'

2021-03-04 23:24:00 - [MESSAGE][PASSED] - Object 'Object Repository/VLink/Page_CCSale/txt_POSEntryMode' is present

2021-03-04 23:24:01 - [MESSAGE][PASSED] - Text 'manual' is set on object 'Object Repository/VLink/Page_CCSale/txt_POSEntryMode'

2021-03-04 23:24:01 - [MESSAGE][PASSED] - Object 'Object Repository/VLink/Page_CCSale/txt_Email' is present

2021-03-04 23:24:02 - [MESSAGE][PASSED] - Text '' is set on object 'Object Repository/VLink/Page_CCSale/txt_Email'

2021-03-04 23:24:02 - [MESSAGE][PASSED] - Object 'Object Repository/VLink/Page_CCSale/txt_OrderNumber' is present

2021-03-04 23:24:03 - [MESSAGE][PASSED] - Text '' is set on object 'Object Repository/VLink/Page_CCSale/txt_OrderNumber'

2021-03-04 23:24:03 - [MESSAGE][PASSED] - Object 'Object Repository/VLink/Page_CCSale/txt_TaxAmount' is present

2021-03-04 23:24:04 - [MESSAGE][PASSED] - Text '' is set on object 'Object Repository/VLink/Page_CCSale/txt_TaxAmount'

2021-03-04 23:24:04 - [MESSAGE][PASSED] - Object 'Object Repository/VLink/Page_CCSale/txt_ChargeDescription' is present

2021-03-04 23:24:05 - [MESSAGE][PASSED] - Text '' is set on object 'Object Repository/VLink/Page_CCSale/txt_ChargeDescription'

2021-03-04 23:24:05 - [MESSAGE][PASSED] - Object 'Object Repository/VLink/Page_CCSale/txt_CAN' is present

2021-03-04 23:24:06 - [MESSAGE][PASSED] - Text '' is set on object 'Object Repository/VLink/Page_CCSale/txt_CAN'

2021-03-04 23:24:06 - [MESSAGE][PASSED] - Object 'Object Repository/VLink/Page_CCSale/txt_BillPaymentIndicator' is present

2021-03-04 23:24:07 - [MESSAGE][PASSED] - Text '' is set on object 'Object Repository/VLink/Page_CCSale/txt_BillPaymentIndicator'

2021-03-04 23:24:07 - [MESSAGE][PASSED] - Object 'Object Repository/VLink/Page_CCSale/txt_UDF1' is present

2021-03-04 23:24:08 - [MESSAGE][PASSED] - Text '' is set on object 'Object Repository/VLink/Page_CCSale/txt_UDF1'

2021-03-04 23:24:08 - [MESSAGE][PASSED] - Object 'Object Repository/VLink/Page_CCSale/txt_UDF2' is present

2021-03-04 23:24:09 - [MESSAGE][PASSED] - Text '' is set on object 'Object Repository/VLink/Page_CCSale/txt_UDF2'

2021-03-04 23:24:09 - [MESSAGE][PASSED] - Object 'Object Repository/VLink/Page_CCSale/txt_UDF3' is present

2021-03-04 23:24:10 - [MESSAGE][PASSED] - Text '' is set on object 'Object Repository/VLink/Page_CCSale/txt_UDF3'

2021-03-04 23:24:10 - [MESSAGE][PASSED] - Object 'Object Repository/VLink/Page_CCSale/txt_UDF4' is present

2021-03-04 23:24:11 - [MESSAGE][PASSED] - Text '' is set on object 'Object Repository/VLink/Page_CCSale/txt_UDF4'

2021-03-04 23:24:11 - [MESSAGE][PASSED] - Object 'Object Repository/VLink/Page_CCSale/txt_UDF5' is present

2021-03-04 23:24:12 - [MESSAGE][PASSED] - Text '' is set on object 'Object Repository/VLink/Page_CCSale/txt_UDF5'

2021-03-04 23:24:12 - [MESSAGE][PASSED] - Object 'Object Repository/VLink/Page_CCSale/txt_UDF6' is present

2021-03-04 23:24:13 - [MESSAGE][PASSED] - Text '' is set on object 'Object Repository/VLink/Page_CCSale/txt_UDF6'

2021-03-04 23:24:13 - [MESSAGE][PASSED] - Object 'Object Repository/VLink/Page_CCSale/txt_UDF7' is present

2021-03-04 23:24:14 - [MESSAGE][PASSED] - Text '' is set on object 'Object Repository/VLink/Page_CCSale/txt_UDF7'

2021-03-04 23:24:14 - [MESSAGE][PASSED] - Object 'Object Repository/VLink/Page_CCSale/txt_UDF8' is present

2021-03-04 23:24:15 - [MESSAGE][PASSED] - Text '' is set on object 'Object Repository/VLink/Page_CCSale/txt_UDF8'

2021-03-04 23:24:15 - [MESSAGE][PASSED] - Object 'Object Repository/VLink/Page_CCSale/txt_UDF9' is present

2021-03-04 23:24:16 - [MESSAGE][PASSED] - Text '' is set on object 'Object Repository/VLink/Page_CCSale/txt_UDF9'

2021-03-04 23:24:16 - [MESSAGE][PASSED] - Object 'Object Repository/VLink/Page_CCSale/txt_UDF10' is present

2021-03-04 23:24:17 - [MESSAGE][PASSED] - Text '' is set on object 'Object Repository/VLink/Page_CCSale/txt_UDF10'

2021-03-04 23:24:17 - [MESSAGE][PASSED] - Object 'Object Repository/VLink/Page_CCSale/txt_CardOnFileIndicator' is present

2021-03-04 23:24:18 - [MESSAGE][PASSED] - Text '' is set on object 'Object Repository/VLink/Page_CCSale/txt_CardOnFileIndicator'

2021-03-04 23:24:18 - [MESSAGE][PASSED] - Object 'Object Repository/VLink/Page_CCSale/txt_StoredCredentialIndicator' is present

2021-03-04 23:24:19 - [MESSAGE][PASSED] - Text '' is set on object 'Object Repository/VLink/Page_CCSale/txt_StoredCredentialIndicator'

2021-03-04 23:24:19 - [MESSAGE][PASSED] - Object 'Object Repository/VLink/Page_CCSale/txt_COFScheduledIndicator' is present

2021-03-04 23:24:20 - [MESSAGE][PASSED] - Text '' is set on object 'Object Repository/VLink/Page_CCSale/txt_COFScheduledIndicator'

2021-03-04 23:24:20 - [MESSAGE][PASSED] - Object 'Object Repository/VLink/Page_CCSale/txt_COFTransactionInitiatedBy' is present

2021-03-04 23:24:21 - [MESSAGE][PASSED] - Text '' is set on object 'Object Repository/VLink/Page_CCSale/txt_COFTransactionInitiatedBy'

2021-03-04 23:24:23 - [MESSAGE][PASSED] - Object: 'Object Repository/VLink/Page_CCSale/btn_ProcessVLinkTransaction' is clicked on

2021-03-04 23:24:28 - [MESSAGE][PASSED] - vlinkPages.saleCCPage.setDataSCC is PASSED

2021-03-04 23:24:28 - [TEST_STEP][PASSED] - if (verifyTextPresent("Transaction approved, no errors", true)): null

2021-03-04 23:24:28 - [MESSAGE][PASSED] - Text 'Transaction approved, no errors' is present on page  using regular expression

2021-03-04 23:24:28 - [TEST_STEP][PASSED] - println("Transaction Approved, no errors text is present on the Confirmation page"): null

2021-03-04 23:24:28 - [TEST_STEP][PASSED] - out.println("Pass Record Number: " + row): null

2021-03-04 23:24:28 - [TEST_STEP][PASSED] - resText = "Pass": null

2021-03-04 23:24:28 - [TEST_STEP][PASSED] - pages.WriteExcel.demoKey(resText, datText, resColumn, datCloumn, fileLoc, nameSheet, row): pages.WriteExcel.demoKey is PASSED

2021-03-04 23:24:29 - [MESSAGE][PASSED] - pages.WriteExcel.demoKey is PASSED

2021-03-04 23:24:29 - [TEST_STEP][PASSED] - sdfo = getText(findTestObject("Object Repository/Page_VLinkReceipt/pre_STX")): Text of object 'Object Repository/Page_VLinkReceipt/pre_STX' is: '<STX>4JYfAvELYfrc                  12089872            0  Transaction approved, no errors                   0                                                                                  X OK4300   <ETX>'

2021-03-04 23:24:29 - [MESSAGE][PASSED] - Text of object 'Object Repository/Page_VLinkReceipt/pre_STX' is: '<STX>4JYfAvELYfrc                  12089872            0  Transaction approved, no errors                   0                                                                                  X OK4300   <ETX>'

2021-03-04 23:24:29 - [TEST_STEP][PASSED] - out.println("sdfo: " + sdfo): null

2021-03-04 23:24:29 - [TEST_STEP][PASSED] - remID = substring(5, 35).trim(): null

2021-03-04 23:24:29 - [TEST_STEP][PASSED] - out.println("Remittance ID: " + remID): null

2021-03-04 23:24:29 - [TEST_STEP][PASSED] - traxID = substring(35, 55).trim(): null

2021-03-04 23:24:29 - [TEST_STEP][PASSED] - out.println("Transaction ID: " + traxID): null

2021-03-04 23:24:29 - [TEST_STEP][PASSED] - out.println("End Record Number: " + row): null

2021-03-04 23:24:29 - [TEST_STEP][PASSED] - closeBrowser(): Browser is closed

2021-03-04 23:24:30 - [MESSAGE][PASSED] - Browser is closed

2021-03-04 23:24:30 - [TEST_STEP][PASSED] - out.println("Begin Record Number: " + row): null

2021-03-04 23:24:30 - [TEST_STEP][PASSED] - today = new java.util.Date(): null

2021-03-04 23:24:30 - [TEST_STEP][PASSED] - println(today): null

2021-03-04 23:24:30 - [TEST_STEP][PASSED] - datText = today: null

2021-03-04 23:24:30 - [TEST_STEP][PASSED] - openBrowser(VLinkURL + "authcap.html"): Browser is opened with url: 'https://dev-algorithm.govolution.com/vlinktest/QA/version_2_0/authcap.html'

2021-03-04 23:24:30 - [MESSAGE][INFO] - Starting 'Chrome' driver

2021-03-04 23:24:30 - [MESSAGE][INFO] - User set preference: ['acceptInsecureCerts', 'true']

2021-03-04 23:24:30 - [MESSAGE][INFO] - Action delay is set to 0 milliseconds

2021-03-04 23:24:32 - [MESSAGE][PASSED] - Browser is opened with url: 'https://dev-algorithm.govolution.com/vlinktest/QA/version_2_0/authcap.html'

2021-03-04 23:24:32 - [TEST_STEP][PASSED] - maximizeWindow(): Current window maximized

2021-03-04 23:24:32 - [MESSAGE][PASSED] - Current window maximized

2021-03-04 23:24:32 - [TEST_STEP][PASSED] - vlinkPages.saleCCPage.setDataSCC(row, dataFile): vlinkPages.saleCCPage.setDataSCC is PASSED

2021-03-04 23:24:34 - [MESSAGE][PASSED] - Object 'Object Repository/VLink/Page_CCSale/txt_CardNumber' is present

2021-03-04 23:24:34 - [MESSAGE][PASSED] - Object 'Object Repository/VLink/Page_CCSale/txt_TransactionType' is present

2021-03-04 23:24:35 - [MESSAGE][PASSED] - Text '104' is set on object 'Object Repository/VLink/Page_CCSale/txt_TransactionType'

2021-03-04 23:24:35 - [MESSAGE][PASSED] - Object 'Object Repository/VLink/Page_CCSale/txt_MessageVersion' is present

2021-03-04 23:24:36 - [MESSAGE][PASSED] - Text '2.0C' is set on object 'Object Repository/VLink/Page_CCSale/txt_MessageVersion'

2021-03-04 23:24:36 - [MESSAGE][PASSED] - Object 'Object Repository/VLink/Page_CCSale/txt_RemID' is present

2021-03-04 23:24:37 - [MESSAGE][PASSED] - Text 'pXBChYWnbmtC' is set on object 'Object Repository/VLink/Page_CCSale/txt_RemID'

2021-03-04 23:24:37 - [MESSAGE][PASSED] - Object 'Object Repository/VLink/Page_CCSale/txt_ApplicationId' is present

2021-03-04 23:24:38 - [MESSAGE][PASSED] - Text '677' is set on object 'Object Repository/VLink/Page_CCSale/txt_ApplicationId'

2021-03-04 23:24:38 - [MESSAGE][PASSED] - Object 'Object Repository/VLink/Page_CCSale/txt_Username' is present

2021-03-04 23:24:38 - [MESSAGE][PASSED] - Text 'username' is set on object 'Object Repository/VLink/Page_CCSale/txt_Username'

2021-03-04 23:24:39 - [MESSAGE][PASSED] - Object 'Object Repository/VLink/Page_CCSale/txt_Password' is present

2021-03-04 23:24:39 - [MESSAGE][PASSED] - Text 'password' is set on object 'Object Repository/VLink/Page_CCSale/txt_Password'

2021-03-04 23:24:40 - [MESSAGE][PASSED] - Object 'Object Repository/VLink/Page_CCSale/txt_ResponseFormat' is present

2021-03-04 23:24:40 - [MESSAGE][PASSED] - Text 'fixed_width' is set on object 'Object Repository/VLink/Page_CCSale/txt_ResponseFormat'

2021-03-04 23:24:40 - [MESSAGE][PASSED] - Object 'Object Repository/VLink/Page_CCSale/txt_Category' is present

2021-03-04 23:24:41 - [MESSAGE][PASSED] - Text 'RETL' is set on object 'Object Repository/VLink/Page_CCSale/txt_Category'

2021-03-04 23:24:41 - [MESSAGE][PASSED] - Object 'Object Repository/VLink/Page_CCSale/txt_TransactionID' is present

2021-03-04 23:24:42 - [MESSAGE][PASSED] - Text '' is set on object 'Object Repository/VLink/Page_CCSale/txt_TransactionID'

2021-03-04 23:24:42 - [MESSAGE][PASSED] - Object 'Object Repository/VLink/Page_CCSale/txt_ApprovalCode' is present

2021-03-04 23:24:43 - [MESSAGE][PASSED] - Text '' is set on object 'Object Repository/VLink/Page_CCSale/txt_ApprovalCode'

2021-03-04 23:24:43 - [MESSAGE][PASSED] - Object 'Object Repository/VLink/Page_CCSale/txt_CardName' is present

2021-03-04 23:24:44 - [MESSAGE][PASSED] - Text 'Roshan Maha' is set on object 'Object Repository/VLink/Page_CCSale/txt_CardName'

2021-03-04 23:24:44 - [MESSAGE][PASSED] - Object 'Object Repository/VLink/Page_CCSale/txt_AL1' is present

2021-03-04 23:24:44 - [MESSAGE][PASSED] - Text '12563 Bazaar road' is set on object 'Object Repository/VLink/Page_CCSale/txt_AL1'

2021-03-04 23:24:45 - [MESSAGE][PASSED] - Object 'Object Repository/VLink/Page_CCSale/txt_AL2' is present

2021-03-04 23:24:45 - [MESSAGE][PASSED] - Text '' is set on object 'Object Repository/VLink/Page_CCSale/txt_AL2'

2021-03-04 23:24:46 - [MESSAGE][PASSED] - Object 'Object Repository/VLink/Page_CCSale/txt_CardCity' is present

2021-03-04 23:24:46 - [MESSAGE][PASSED] - Text 'Crofton' is set on object 'Object Repository/VLink/Page_CCSale/txt_CardCity'

2021-03-04 23:24:47 - [MESSAGE][PASSED] - Object 'Object Repository/VLink/Page_CCSale/txt_CardState' is present

2021-03-04 23:24:47 - [MESSAGE][PASSED] - Text 'MD' is set on object 'Object Repository/VLink/Page_CCSale/txt_CardState'

2021-03-04 23:24:48 - [MESSAGE][PASSED] - Object 'Object Repository/VLink/Page_CCSale/txt_CardZIP' is present

2021-03-04 23:24:48 - [MESSAGE][PASSED] - Text '21114' is set on object 'Object Repository/VLink/Page_CCSale/txt_CardZIP'

2021-03-04 23:24:49 - [MESSAGE][PASSED] - Object 'Object Repository/VLink/Page_CCSale/txt_CountryID' is present

2021-03-04 23:24:49 - [MESSAGE][PASSED] - Text '' is set on object 'Object Repository/VLink/Page_CCSale/txt_CountryID'

2021-03-04 23:24:50 - [MESSAGE][PASSED] - Object 'Object Repository/VLink/Page_CCSale/txt_Amount' is present

2021-03-04 23:24:50 - [MESSAGE][PASSED] - Text '3.50' is set on object 'Object Repository/VLink/Page_CCSale/txt_Amount'

2021-03-04 23:24:51 - [MESSAGE][PASSED] - Object 'Object Repository/VLink/Page_CCSale/txt_CardNumber' is present

2021-03-04 23:24:51 - [MESSAGE][PASSED] - Text '370000000000002' is set on object 'Object Repository/VLink/Page_CCSale/txt_CardNumber'

2021-03-04 23:24:52 - [MESSAGE][PASSED] - Object 'Object Repository/VLink/Page_CCSale/txt_ExpMonth' is present

2021-03-04 23:24:52 - [MESSAGE][PASSED] - Text '01' is set on object 'Object Repository/VLink/Page_CCSale/txt_ExpMonth'

2021-03-04 23:24:53 - [MESSAGE][PASSED] - Object 'Object Repository/VLink/Page_CCSale/txt_ExpYear' is present

2021-03-04 23:24:53 - [MESSAGE][PASSED] - Text '2026' is set on object 'Object Repository/VLink/Page_CCSale/txt_ExpYear'

2021-03-04 23:24:54 - [MESSAGE][PASSED] - Object 'Object Repository/VLink/Page_CCSale/txt_CVV' is present

2021-03-04 23:24:54 - [MESSAGE][PASSED] - Text '' is set on object 'Object Repository/VLink/Page_CCSale/txt_CVV'

2021-03-04 23:24:55 - [MESSAGE][PASSED] - Object 'Object Repository/VLink/Page_CCSale/txt_CVVstate' is present

2021-03-04 23:24:55 - [MESSAGE][PASSED] - Text '' is set on object 'Object Repository/VLink/Page_CCSale/txt_CVVstate'

2021-03-04 23:24:56 - [MESSAGE][PASSED] - Object 'Object Repository/VLink/Page_CCSale/txt_TrackData' is present

2021-03-04 23:24:56 - [MESSAGE][PASSED] - Text '' is set on object 'Object Repository/VLink/Page_CCSale/txt_TrackData'

2021-03-04 23:24:57 - [MESSAGE][PASSED] - Object 'Object Repository/VLink/Page_CCSale/txt_Track1Data' is present

2021-03-04 23:24:57 - [MESSAGE][PASSED] - Text '' is set on object 'Object Repository/VLink/Page_CCSale/txt_Track1Data'

2021-03-04 23:24:58 - [MESSAGE][PASSED] - Object 'Object Repository/VLink/Page_CCSale/txt_Track2Data' is present

2021-03-04 23:24:58 - [MESSAGE][PASSED] - Text '' is set on object 'Object Repository/VLink/Page_CCSale/txt_Track2Data'

2021-03-04 23:24:59 - [MESSAGE][PASSED] - Object 'Object Repository/VLink/Page_CCSale/txt_POSEntryMode' is present

2021-03-04 23:24:59 - [MESSAGE][PASSED] - Text 'manual' is set on object 'Object Repository/VLink/Page_CCSale/txt_POSEntryMode'

2021-03-04 23:25:00 - [MESSAGE][PASSED] - Object 'Object Repository/VLink/Page_CCSale/txt_Email' is present

2021-03-04 23:25:00 - [MESSAGE][PASSED] - Text '' is set on object 'Object Repository/VLink/Page_CCSale/txt_Email'

2021-03-04 23:25:01 - [MESSAGE][PASSED] - Object 'Object Repository/VLink/Page_CCSale/txt_OrderNumber' is present

2021-03-04 23:25:01 - [MESSAGE][PASSED] - Text '' is set on object 'Object Repository/VLink/Page_CCSale/txt_OrderNumber'

2021-03-04 23:25:01 - [MESSAGE][PASSED] - Object 'Object Repository/VLink/Page_CCSale/txt_TaxAmount' is present

2021-03-04 23:25:02 - [MESSAGE][PASSED] - Text '' is set on object 'Object Repository/VLink/Page_CCSale/txt_TaxAmount'

2021-03-04 23:25:02 - [MESSAGE][PASSED] - Object 'Object Repository/VLink/Page_CCSale/txt_ChargeDescription' is present

2021-03-04 23:25:03 - [MESSAGE][PASSED] - Text '' is set on object 'Object Repository/VLink/Page_CCSale/txt_ChargeDescription'

2021-03-04 23:25:03 - [MESSAGE][PASSED] - Object 'Object Repository/VLink/Page_CCSale/txt_CAN' is present

2021-03-04 23:25:04 - [MESSAGE][PASSED] - Text '' is set on object 'Object Repository/VLink/Page_CCSale/txt_CAN'

2021-03-04 23:25:04 - [MESSAGE][PASSED] - Object 'Object Repository/VLink/Page_CCSale/txt_BillPaymentIndicator' is present

2021-03-04 23:25:05 - [MESSAGE][PASSED] - Text '' is set on object 'Object Repository/VLink/Page_CCSale/txt_BillPaymentIndicator'

2021-03-04 23:25:05 - [MESSAGE][PASSED] - Object 'Object Repository/VLink/Page_CCSale/txt_UDF1' is present

2021-03-04 23:25:06 - [MESSAGE][PASSED] - Text '' is set on object 'Object Repository/VLink/Page_CCSale/txt_UDF1'

2021-03-04 23:25:06 - [MESSAGE][PASSED] - Object 'Object Repository/VLink/Page_CCSale/txt_UDF2' is present

2021-03-04 23:25:07 - [MESSAGE][PASSED] - Text '' is set on object 'Object Repository/VLink/Page_CCSale/txt_UDF2'

2021-03-04 23:25:07 - [MESSAGE][PASSED] - Object 'Object Repository/VLink/Page_CCSale/txt_UDF3' is present

2021-03-04 23:25:08 - [MESSAGE][PASSED] - Text '' is set on object 'Object Repository/VLink/Page_CCSale/txt_UDF3'

2021-03-04 23:25:08 - [MESSAGE][PASSED] - Object 'Object Repository/VLink/Page_CCSale/txt_UDF4' is present

2021-03-04 23:25:09 - [MESSAGE][PASSED] - Text '' is set on object 'Object Repository/VLink/Page_CCSale/txt_UDF4'

2021-03-04 23:25:09 - [MESSAGE][PASSED] - Object 'Object Repository/VLink/Page_CCSale/txt_UDF5' is present

2021-03-04 23:25:10 - [MESSAGE][PASSED] - Text '' is set on object 'Object Repository/VLink/Page_CCSale/txt_UDF5'

2021-03-04 23:25:10 - [MESSAGE][PASSED] - Object 'Object Repository/VLink/Page_CCSale/txt_UDF6' is present

2021-03-04 23:25:11 - [MESSAGE][PASSED] - Text '' is set on object 'Object Repository/VLink/Page_CCSale/txt_UDF6'

2021-03-04 23:25:11 - [MESSAGE][PASSED] - Object 'Object Repository/VLink/Page_CCSale/txt_UDF7' is present

2021-03-04 23:25:12 - [MESSAGE][PASSED] - Text '' is set on object 'Object Repository/VLink/Page_CCSale/txt_UDF7'

2021-03-04 23:25:12 - [MESSAGE][PASSED] - Object 'Object Repository/VLink/Page_CCSale/txt_UDF8' is present

2021-03-04 23:25:13 - [MESSAGE][PASSED] - Text '' is set on object 'Object Repository/VLink/Page_CCSale/txt_UDF8'

2021-03-04 23:25:13 - [MESSAGE][PASSED] - Object 'Object Repository/VLink/Page_CCSale/txt_UDF9' is present

2021-03-04 23:25:14 - [MESSAGE][PASSED] - Text '' is set on object 'Object Repository/VLink/Page_CCSale/txt_UDF9'

2021-03-04 23:25:14 - [MESSAGE][PASSED] - Object 'Object Repository/VLink/Page_CCSale/txt_UDF10' is present

2021-03-04 23:25:15 - [MESSAGE][PASSED] - Text '' is set on object 'Object Repository/VLink/Page_CCSale/txt_UDF10'

2021-03-04 23:25:15 - [MESSAGE][PASSED] - Object 'Object Repository/VLink/Page_CCSale/txt_CardOnFileIndicator' is present

2021-03-04 23:25:16 - [MESSAGE][PASSED] - Text '' is set on object 'Object Repository/VLink/Page_CCSale/txt_CardOnFileIndicator'

2021-03-04 23:25:16 - [MESSAGE][PASSED] - Object 'Object Repository/VLink/Page_CCSale/txt_StoredCredentialIndicator' is present

2021-03-04 23:25:17 - [MESSAGE][PASSED] - Text '' is set on object 'Object Repository/VLink/Page_CCSale/txt_StoredCredentialIndicator'

2021-03-04 23:25:17 - [MESSAGE][PASSED] - Object 'Object Repository/VLink/Page_CCSale/txt_COFScheduledIndicator' is present

2021-03-04 23:25:18 - [MESSAGE][PASSED] - Text '' is set on object 'Object Repository/VLink/Page_CCSale/txt_COFScheduledIndicator'

2021-03-04 23:25:18 - [MESSAGE][PASSED] - Object 'Object Repository/VLink/Page_CCSale/txt_COFTransactionInitiatedBy' is present

2021-03-04 23:25:19 - [MESSAGE][PASSED] - Text '' is set on object 'Object Repository/VLink/Page_CCSale/txt_COFTransactionInitiatedBy'

2021-03-04 23:25:22 - [MESSAGE][PASSED] - Object: 'Object Repository/VLink/Page_CCSale/btn_ProcessVLinkTransaction' is clicked on

2021-03-04 23:25:27 - [MESSAGE][PASSED] - vlinkPages.saleCCPage.setDataSCC is PASSED

2021-03-04 23:25:27 - [TEST_STEP][PASSED] - if (verifyTextPresent("Transaction approved, no errors", true)): null

2021-03-04 23:25:27 - [MESSAGE][PASSED] - Text 'Transaction approved, no errors' is present on page  using regular expression

2021-03-04 23:25:27 - [TEST_STEP][PASSED] - println("Transaction Approved, no errors text is present on the Confirmation page"): null

2021-03-04 23:25:27 - [TEST_STEP][PASSED] - out.println("Pass Record Number: " + row): null

2021-03-04 23:25:27 - [TEST_STEP][PASSED] - resText = "Pass": null

2021-03-04 23:25:27 - [TEST_STEP][PASSED] - pages.WriteExcel.demoKey(resText, datText, resColumn, datCloumn, fileLoc, nameSheet, row): pages.WriteExcel.demoKey is PASSED

2021-03-04 23:25:27 - [MESSAGE][PASSED] - pages.WriteExcel.demoKey is PASSED

2021-03-04 23:25:27 - [TEST_STEP][PASSED] - sdfo = getText(findTestObject("Object Repository/Page_VLinkReceipt/pre_STX")): Text of object 'Object Repository/Page_VLinkReceipt/pre_STX' is: '<STX>pXBChYWnbmtC                  12089873            0  Transaction approved, no errors                   0                                                                                  X OK4580   <ETX>'

2021-03-04 23:25:27 - [MESSAGE][PASSED] - Text of object 'Object Repository/Page_VLinkReceipt/pre_STX' is: '<STX>pXBChYWnbmtC                  12089873            0  Transaction approved, no errors                   0                                                                                  X OK4580   <ETX>'

2021-03-04 23:25:27 - [TEST_STEP][PASSED] - out.println("sdfo: " + sdfo): null

2021-03-04 23:25:27 - [TEST_STEP][PASSED] - remID = substring(5, 35).trim(): null

2021-03-04 23:25:27 - [TEST_STEP][PASSED] - out.println("Remittance ID: " + remID): null

2021-03-04 23:25:27 - [TEST_STEP][PASSED] - traxID = substring(35, 55).trim(): null

2021-03-04 23:25:27 - [TEST_STEP][PASSED] - out.println("Transaction ID: " + traxID): null

2021-03-04 23:25:27 - [TEST_STEP][PASSED] - out.println("End Record Number: " + row): null

2021-03-04 23:25:27 - [TEST_STEP][PASSED] - closeBrowser(): Browser is closed

2021-03-04 23:25:28 - [MESSAGE][PASSED] - Browser is closed

2021-03-04 23:25:28 - [TEST_STEP][PASSED] - out.println("Begin Record Number: " + row): null

2021-03-04 23:25:28 - [TEST_STEP][PASSED] - today = new java.util.Date(): null

2021-03-04 23:25:28 - [TEST_STEP][PASSED] - println(today): null

2021-03-04 23:25:28 - [TEST_STEP][PASSED] - datText = today: null

2021-03-04 23:25:28 - [TEST_STEP][PASSED] - openBrowser(VLinkURL + "authcap.html"): Browser is opened with url: 'https://dev-algorithm.govolution.com/vlinktest/QA/version_2_0/authcap.html'

2021-03-04 23:25:28 - [MESSAGE][INFO] - Starting 'Chrome' driver

2021-03-04 23:25:28 - [MESSAGE][INFO] - User set preference: ['acceptInsecureCerts', 'true']

2021-03-04 23:25:28 - [MESSAGE][INFO] - Action delay is set to 0 milliseconds

2021-03-04 23:25:32 - [MESSAGE][PASSED] - Browser is opened with url: 'https://dev-algorithm.govolution.com/vlinktest/QA/version_2_0/authcap.html'

2021-03-04 23:25:32 - [TEST_STEP][PASSED] - maximizeWindow(): Current window maximized

2021-03-04 23:25:32 - [MESSAGE][PASSED] - Current window maximized

2021-03-04 23:25:32 - [TEST_STEP][PASSED] - vlinkPages.saleCCPage.setDataSCC(row, dataFile): vlinkPages.saleCCPage.setDataSCC is PASSED

2021-03-04 23:25:34 - [MESSAGE][PASSED] - Object 'Object Repository/VLink/Page_CCSale/txt_CardNumber' is present

2021-03-04 23:25:35 - [MESSAGE][PASSED] - Object 'Object Repository/VLink/Page_CCSale/txt_TransactionType' is present

2021-03-04 23:25:35 - [MESSAGE][PASSED] - Text '104' is set on object 'Object Repository/VLink/Page_CCSale/txt_TransactionType'

2021-03-04 23:25:35 - [MESSAGE][PASSED] - Object 'Object Repository/VLink/Page_CCSale/txt_MessageVersion' is present

2021-03-04 23:25:36 - [MESSAGE][PASSED] - Text '2.0C' is set on object 'Object Repository/VLink/Page_CCSale/txt_MessageVersion'

2021-03-04 23:25:36 - [MESSAGE][PASSED] - Object 'Object Repository/VLink/Page_CCSale/txt_RemID' is present

2021-03-04 23:25:37 - [MESSAGE][PASSED] - Text 'VOMonz2C4okv' is set on object 'Object Repository/VLink/Page_CCSale/txt_RemID'

2021-03-04 23:25:37 - [MESSAGE][PASSED] - Object 'Object Repository/VLink/Page_CCSale/txt_ApplicationId' is present

2021-03-04 23:25:38 - [MESSAGE][PASSED] - Text '665' is set on object 'Object Repository/VLink/Page_CCSale/txt_ApplicationId'

2021-03-04 23:25:38 - [MESSAGE][PASSED] - Object 'Object Repository/VLink/Page_CCSale/txt_Username' is present

2021-03-04 23:25:39 - [MESSAGE][PASSED] - Text 'username' is set on object 'Object Repository/VLink/Page_CCSale/txt_Username'

2021-03-04 23:25:39 - [MESSAGE][PASSED] - Object 'Object Repository/VLink/Page_CCSale/txt_Password' is present

2021-03-04 23:25:39 - [MESSAGE][PASSED] - Text 'password' is set on object 'Object Repository/VLink/Page_CCSale/txt_Password'

2021-03-04 23:25:40 - [MESSAGE][PASSED] - Object 'Object Repository/VLink/Page_CCSale/txt_ResponseFormat' is present

2021-03-04 23:25:40 - [MESSAGE][PASSED] - Text 'fixed_width' is set on object 'Object Repository/VLink/Page_CCSale/txt_ResponseFormat'

2021-03-04 23:25:41 - [MESSAGE][PASSED] - Object 'Object Repository/VLink/Page_CCSale/txt_Category' is present

2021-03-04 23:25:41 - [MESSAGE][PASSED] - Text 'RETL' is set on object 'Object Repository/VLink/Page_CCSale/txt_Category'

2021-03-04 23:25:42 - [MESSAGE][PASSED] - Object 'Object Repository/VLink/Page_CCSale/txt_TransactionID' is present

2021-03-04 23:25:42 - [MESSAGE][PASSED] - Text '' is set on object 'Object Repository/VLink/Page_CCSale/txt_TransactionID'

2021-03-04 23:25:43 - [MESSAGE][PASSED] - Object 'Object Repository/VLink/Page_CCSale/txt_ApprovalCode' is present

2021-03-04 23:25:43 - [MESSAGE][PASSED] - Text '' is set on object 'Object Repository/VLink/Page_CCSale/txt_ApprovalCode'

2021-03-04 23:25:44 - [MESSAGE][PASSED] - Object 'Object Repository/VLink/Page_CCSale/txt_CardName' is present

2021-03-04 23:25:44 - [MESSAGE][PASSED] - Text 'Kris Roshan' is set on object 'Object Repository/VLink/Page_CCSale/txt_CardName'

2021-03-04 23:25:45 - [MESSAGE][PASSED] - Object 'Object Repository/VLink/Page_CCSale/txt_AL1' is present

2021-03-04 23:25:45 - [MESSAGE][PASSED] - Text '258 Elm Road' is set on object 'Object Repository/VLink/Page_CCSale/txt_AL1'

2021-03-04 23:25:46 - [MESSAGE][PASSED] - Object 'Object Repository/VLink/Page_CCSale/txt_AL2' is present

2021-03-04 23:25:46 - [MESSAGE][PASSED] - Text 'Suite 56' is set on object 'Object Repository/VLink/Page_CCSale/txt_AL2'

2021-03-04 23:25:47 - [MESSAGE][PASSED] - Object 'Object Repository/VLink/Page_CCSale/txt_CardCity' is present

2021-03-04 23:25:47 - [MESSAGE][PASSED] - Text 'Arlington' is set on object 'Object Repository/VLink/Page_CCSale/txt_CardCity'

2021-03-04 23:25:48 - [MESSAGE][PASSED] - Object 'Object Repository/VLink/Page_CCSale/txt_CardState' is present

2021-03-04 23:25:48 - [MESSAGE][PASSED] - Text 'VA' is set on object 'Object Repository/VLink/Page_CCSale/txt_CardState'

2021-03-04 23:25:49 - [MESSAGE][PASSED] - Object 'Object Repository/VLink/Page_CCSale/txt_CardZIP' is present

2021-03-04 23:25:49 - [MESSAGE][PASSED] - Text '22201' is set on object 'Object Repository/VLink/Page_CCSale/txt_CardZIP'

2021-03-04 23:25:50 - [MESSAGE][PASSED] - Object 'Object Repository/VLink/Page_CCSale/txt_CountryID' is present

2021-03-04 23:25:50 - [MESSAGE][PASSED] - Text '840' is set on object 'Object Repository/VLink/Page_CCSale/txt_CountryID'

2021-03-04 23:25:50 - [MESSAGE][PASSED] - Object 'Object Repository/VLink/Page_CCSale/txt_Amount' is present

2021-03-04 23:25:51 - [MESSAGE][PASSED] - Text '1.50' is set on object 'Object Repository/VLink/Page_CCSale/txt_Amount'

2021-03-04 23:25:51 - [MESSAGE][PASSED] - Object 'Object Repository/VLink/Page_CCSale/txt_CardNumber' is present

2021-03-04 23:25:52 - [MESSAGE][PASSED] - Text '6011000000000004' is set on object 'Object Repository/VLink/Page_CCSale/txt_CardNumber'

2021-03-04 23:25:52 - [MESSAGE][PASSED] - Object 'Object Repository/VLink/Page_CCSale/txt_ExpMonth' is present

2021-03-04 23:25:53 - [MESSAGE][PASSED] - Text '12' is set on object 'Object Repository/VLink/Page_CCSale/txt_ExpMonth'

2021-03-04 23:25:53 - [MESSAGE][PASSED] - Object 'Object Repository/VLink/Page_CCSale/txt_ExpYear' is present

2021-03-04 23:25:54 - [MESSAGE][PASSED] - Text '2025' is set on object 'Object Repository/VLink/Page_CCSale/txt_ExpYear'

2021-03-04 23:25:54 - [MESSAGE][PASSED] - Object 'Object Repository/VLink/Page_CCSale/txt_CVV' is present

2021-03-04 23:25:55 - [MESSAGE][PASSED] - Text '' is set on object 'Object Repository/VLink/Page_CCSale/txt_CVV'

2021-03-04 23:25:55 - [MESSAGE][PASSED] - Object 'Object Repository/VLink/Page_CCSale/txt_CVVstate' is present

2021-03-04 23:25:56 - [MESSAGE][PASSED] - Text '' is set on object 'Object Repository/VLink/Page_CCSale/txt_CVVstate'

2021-03-04 23:25:56 - [MESSAGE][PASSED] - Object 'Object Repository/VLink/Page_CCSale/txt_TrackData' is present

2021-03-04 23:25:57 - [MESSAGE][PASSED] - Text '' is set on object 'Object Repository/VLink/Page_CCSale/txt_TrackData'

2021-03-04 23:25:57 - [MESSAGE][PASSED] - Object 'Object Repository/VLink/Page_CCSale/txt_Track1Data' is present

2021-03-04 23:25:58 - [MESSAGE][PASSED] - Text '' is set on object 'Object Repository/VLink/Page_CCSale/txt_Track1Data'

2021-03-04 23:25:58 - [MESSAGE][PASSED] - Object 'Object Repository/VLink/Page_CCSale/txt_Track2Data' is present

2021-03-04 23:25:59 - [MESSAGE][PASSED] - Text '' is set on object 'Object Repository/VLink/Page_CCSale/txt_Track2Data'

2021-03-04 23:25:59 - [MESSAGE][PASSED] - Object 'Object Repository/VLink/Page_CCSale/txt_POSEntryMode' is present

2021-03-04 23:26:00 - [MESSAGE][PASSED] - Text 'manual' is set on object 'Object Repository/VLink/Page_CCSale/txt_POSEntryMode'

2021-03-04 23:26:00 - [MESSAGE][PASSED] - Object 'Object Repository/VLink/Page_CCSale/txt_Email' is present

2021-03-04 23:26:01 - [MESSAGE][PASSED] - Text 'iahmed@govolution.com' is set on object 'Object Repository/VLink/Page_CCSale/txt_Email'

2021-03-04 23:26:01 - [MESSAGE][PASSED] - Object 'Object Repository/VLink/Page_CCSale/txt_OrderNumber' is present

2021-03-04 23:26:02 - [MESSAGE][PASSED] - Text '2569362' is set on object 'Object Repository/VLink/Page_CCSale/txt_OrderNumber'

2021-03-04 23:26:02 - [MESSAGE][PASSED] - Object 'Object Repository/VLink/Page_CCSale/txt_TaxAmount' is present

2021-03-04 23:26:03 - [MESSAGE][PASSED] - Text '1.15' is set on object 'Object Repository/VLink/Page_CCSale/txt_TaxAmount'

2021-03-04 23:26:03 - [MESSAGE][PASSED] - Object 'Object Repository/VLink/Page_CCSale/txt_ChargeDescription' is present

2021-03-04 23:26:04 - [MESSAGE][PASSED] - Text 'Charge Description' is set on object 'Object Repository/VLink/Page_CCSale/txt_ChargeDescription'

2021-03-04 23:26:04 - [MESSAGE][PASSED] - Object 'Object Repository/VLink/Page_CCSale/txt_CAN' is present

2021-03-04 23:26:05 - [MESSAGE][PASSED] - Text '147357' is set on object 'Object Repository/VLink/Page_CCSale/txt_CAN'

2021-03-04 23:26:05 - [MESSAGE][PASSED] - Object 'Object Repository/VLink/Page_CCSale/txt_BillPaymentIndicator' is present

2021-03-04 23:26:06 - [MESSAGE][PASSED] - Text '1' is set on object 'Object Repository/VLink/Page_CCSale/txt_BillPaymentIndicator'

2021-03-04 23:26:06 - [MESSAGE][PASSED] - Object 'Object Repository/VLink/Page_CCSale/txt_UDF1' is present

2021-03-04 23:26:07 - [MESSAGE][PASSED] - Text 'UDF Data 1' is set on object 'Object Repository/VLink/Page_CCSale/txt_UDF1'

2021-03-04 23:26:07 - [MESSAGE][PASSED] - Object 'Object Repository/VLink/Page_CCSale/txt_UDF2' is present

2021-03-04 23:26:08 - [MESSAGE][PASSED] - Text 'UDF Data 2' is set on object 'Object Repository/VLink/Page_CCSale/txt_UDF2'

2021-03-04 23:26:08 - [MESSAGE][PASSED] - Object 'Object Repository/VLink/Page_CCSale/txt_UDF3' is present

2021-03-04 23:26:09 - [MESSAGE][PASSED] - Text 'UDF Data 3' is set on object 'Object Repository/VLink/Page_CCSale/txt_UDF3'

2021-03-04 23:26:09 - [MESSAGE][PASSED] - Object 'Object Repository/VLink/Page_CCSale/txt_UDF4' is present

2021-03-04 23:26:10 - [MESSAGE][PASSED] - Text 'UDF Data 4' is set on object 'Object Repository/VLink/Page_CCSale/txt_UDF4'

2021-03-04 23:26:10 - [MESSAGE][PASSED] - Object 'Object Repository/VLink/Page_CCSale/txt_UDF5' is present

2021-03-04 23:26:11 - [MESSAGE][PASSED] - Text 'UDF Data 5' is set on object 'Object Repository/VLink/Page_CCSale/txt_UDF5'

2021-03-04 23:26:11 - [MESSAGE][PASSED] - Object 'Object Repository/VLink/Page_CCSale/txt_UDF6' is present

2021-03-04 23:26:12 - [MESSAGE][PASSED] - Text 'UDF Data 6' is set on object 'Object Repository/VLink/Page_CCSale/txt_UDF6'

2021-03-04 23:26:12 - [MESSAGE][PASSED] - Object 'Object Repository/VLink/Page_CCSale/txt_UDF7' is present

2021-03-04 23:26:13 - [MESSAGE][PASSED] - Text 'UDF Data 7' is set on object 'Object Repository/VLink/Page_CCSale/txt_UDF7'

2021-03-04 23:26:13 - [MESSAGE][PASSED] - Object 'Object Repository/VLink/Page_CCSale/txt_UDF8' is present

2021-03-04 23:26:14 - [MESSAGE][PASSED] - Text 'UDF Data 8' is set on object 'Object Repository/VLink/Page_CCSale/txt_UDF8'

2021-03-04 23:26:14 - [MESSAGE][PASSED] - Object 'Object Repository/VLink/Page_CCSale/txt_UDF9' is present

2021-03-04 23:26:15 - [MESSAGE][PASSED] - Text 'UDF Data 9' is set on object 'Object Repository/VLink/Page_CCSale/txt_UDF9'

2021-03-04 23:26:15 - [MESSAGE][PASSED] - Object 'Object Repository/VLink/Page_CCSale/txt_UDF10' is present

2021-03-04 23:26:16 - [MESSAGE][PASSED] - Text 'UDF Data 10' is set on object 'Object Repository/VLink/Page_CCSale/txt_UDF10'

2021-03-04 23:26:16 - [MESSAGE][PASSED] - Object 'Object Repository/VLink/Page_CCSale/txt_CardOnFileIndicator' is present

2021-03-04 23:26:17 - [MESSAGE][PASSED] - Text '' is set on object 'Object Repository/VLink/Page_CCSale/txt_CardOnFileIndicator'

2021-03-04 23:26:17 - [MESSAGE][PASSED] - Object 'Object Repository/VLink/Page_CCSale/txt_StoredCredentialIndicator' is present

2021-03-04 23:26:18 - [MESSAGE][PASSED] - Text '' is set on object 'Object Repository/VLink/Page_CCSale/txt_StoredCredentialIndicator'

2021-03-04 23:26:18 - [MESSAGE][PASSED] - Object 'Object Repository/VLink/Page_CCSale/txt_COFScheduledIndicator' is present

2021-03-04 23:26:19 - [MESSAGE][PASSED] - Text '' is set on object 'Object Repository/VLink/Page_CCSale/txt_COFScheduledIndicator'

2021-03-04 23:26:19 - [MESSAGE][PASSED] - Object 'Object Repository/VLink/Page_CCSale/txt_COFTransactionInitiatedBy' is present

2021-03-04 23:26:19 - [MESSAGE][PASSED] - Text '' is set on object 'Object Repository/VLink/Page_CCSale/txt_COFTransactionInitiatedBy'

2021-03-04 23:26:22 - [MESSAGE][PASSED] - Object: 'Object Repository/VLink/Page_CCSale/btn_ProcessVLinkTransaction' is clicked on

2021-03-04 23:26:27 - [MESSAGE][PASSED] - vlinkPages.saleCCPage.setDataSCC is PASSED

2021-03-04 23:26:27 - [TEST_STEP][PASSED] - if (verifyTextPresent("Transaction approved, no errors", true)): null

2021-03-04 23:26:28 - [MESSAGE][PASSED] - Text 'Transaction approved, no errors' is present on page  using regular expression

2021-03-04 23:26:28 - [TEST_STEP][PASSED] - println("Transaction Approved, no errors text is present on the Confirmation page"): null

2021-03-04 23:26:28 - [TEST_STEP][PASSED] - out.println("Pass Record Number: " + row): null

2021-03-04 23:26:28 - [TEST_STEP][PASSED] - resText = "Pass": null

2021-03-04 23:26:28 - [TEST_STEP][PASSED] - pages.WriteExcel.demoKey(resText, datText, resColumn, datCloumn, fileLoc, nameSheet, row): pages.WriteExcel.demoKey is PASSED

2021-03-04 23:26:28 - [MESSAGE][PASSED] - pages.WriteExcel.demoKey is PASSED

2021-03-04 23:26:28 - [TEST_STEP][PASSED] - sdfo = getText(findTestObject("Object Repository/Page_VLinkReceipt/pre_STX")): Text of object 'Object Repository/Page_VLinkReceipt/pre_STX' is: '<STX>VOMonz2C4okv                  12089875            0  Transaction approved, no errors                   0                                                                                  X OK4810   <ETX>'

2021-03-04 23:26:28 - [MESSAGE][PASSED] - Text of object 'Object Repository/Page_VLinkReceipt/pre_STX' is: '<STX>VOMonz2C4okv                  12089875            0  Transaction approved, no errors                   0                                                                                  X OK4810   <ETX>'

2021-03-04 23:26:28 - [TEST_STEP][PASSED] - out.println("sdfo: " + sdfo): null

2021-03-04 23:26:28 - [TEST_STEP][PASSED] - remID = substring(5, 35).trim(): null

2021-03-04 23:26:28 - [TEST_STEP][PASSED] - out.println("Remittance ID: " + remID): null

2021-03-04 23:26:28 - [TEST_STEP][PASSED] - traxID = substring(35, 55).trim(): null

2021-03-04 23:26:28 - [TEST_STEP][PASSED] - out.println("Transaction ID: " + traxID): null

2021-03-04 23:26:28 - [TEST_STEP][PASSED] - out.println("End Record Number: " + row): null

2021-03-04 23:26:28 - [TEST_STEP][PASSED] - closeBrowser(): Browser is closed

2021-03-04 23:26:29 - [MESSAGE][PASSED] - Browser is closed

2021-03-04 23:26:29 - [TEST_STEP][PASSED] - out.println("Begin Record Number: " + row): null

2021-03-04 23:26:29 - [TEST_STEP][PASSED] - today = new java.util.Date(): null

2021-03-04 23:26:29 - [TEST_STEP][PASSED] - println(today): null

2021-03-04 23:26:29 - [TEST_STEP][PASSED] - datText = today: null

2021-03-04 23:26:29 - [TEST_STEP][PASSED] - openBrowser(VLinkURL + "authcap.html"): Browser is opened with url: 'https://dev-algorithm.govolution.com/vlinktest/QA/version_2_0/authcap.html'

2021-03-04 23:26:29 - [MESSAGE][INFO] - Starting 'Chrome' driver

2021-03-04 23:26:29 - [MESSAGE][INFO] - User set preference: ['acceptInsecureCerts', 'true']

2021-03-04 23:26:29 - [MESSAGE][INFO] - Action delay is set to 0 milliseconds

2021-03-04 23:26:31 - [MESSAGE][PASSED] - Browser is opened with url: 'https://dev-algorithm.govolution.com/vlinktest/QA/version_2_0/authcap.html'

2021-03-04 23:26:31 - [TEST_STEP][PASSED] - maximizeWindow(): Current window maximized

2021-03-04 23:26:31 - [MESSAGE][PASSED] - Current window maximized

2021-03-04 23:26:31 - [TEST_STEP][PASSED] - vlinkPages.saleCCPage.setDataSCC(row, dataFile): vlinkPages.saleCCPage.setDataSCC is PASSED

2021-03-04 23:26:33 - [MESSAGE][PASSED] - Object 'Object Repository/VLink/Page_CCSale/txt_CardNumber' is present

2021-03-04 23:26:33 - [MESSAGE][PASSED] - Object 'Object Repository/VLink/Page_CCSale/txt_TransactionType' is present

2021-03-04 23:26:34 - [MESSAGE][PASSED] - Text '104' is set on object 'Object Repository/VLink/Page_CCSale/txt_TransactionType'

2021-03-04 23:26:34 - [MESSAGE][PASSED] - Object 'Object Repository/VLink/Page_CCSale/txt_MessageVersion' is present

2021-03-04 23:26:35 - [MESSAGE][PASSED] - Text '2.0C' is set on object 'Object Repository/VLink/Page_CCSale/txt_MessageVersion'

2021-03-04 23:26:35 - [MESSAGE][PASSED] - Object 'Object Repository/VLink/Page_CCSale/txt_RemID' is present

2021-03-04 23:26:36 - [MESSAGE][PASSED] - Text '9MbJsyXWmLK7' is set on object 'Object Repository/VLink/Page_CCSale/txt_RemID'

2021-03-04 23:26:36 - [MESSAGE][PASSED] - Object 'Object Repository/VLink/Page_CCSale/txt_ApplicationId' is present

2021-03-04 23:26:37 - [MESSAGE][PASSED] - Text '672' is set on object 'Object Repository/VLink/Page_CCSale/txt_ApplicationId'

2021-03-04 23:26:37 - [MESSAGE][PASSED] - Object 'Object Repository/VLink/Page_CCSale/txt_Username' is present

2021-03-04 23:26:37 - [MESSAGE][PASSED] - Text 'username' is set on object 'Object Repository/VLink/Page_CCSale/txt_Username'

2021-03-04 23:26:38 - [MESSAGE][PASSED] - Object 'Object Repository/VLink/Page_CCSale/txt_Password' is present

2021-03-04 23:26:38 - [MESSAGE][PASSED] - Text 'password' is set on object 'Object Repository/VLink/Page_CCSale/txt_Password'

2021-03-04 23:26:39 - [MESSAGE][PASSED] - Object 'Object Repository/VLink/Page_CCSale/txt_ResponseFormat' is present

2021-03-04 23:26:39 - [MESSAGE][PASSED] - Text 'fixed_width' is set on object 'Object Repository/VLink/Page_CCSale/txt_ResponseFormat'

2021-03-04 23:26:39 - [MESSAGE][PASSED] - Object 'Object Repository/VLink/Page_CCSale/txt_Category' is present

2021-03-04 23:26:40 - [MESSAGE][PASSED] - Text 'RETL' is set on object 'Object Repository/VLink/Page_CCSale/txt_Category'

2021-03-04 23:26:40 - [MESSAGE][PASSED] - Object 'Object Repository/VLink/Page_CCSale/txt_TransactionID' is present

2021-03-04 23:26:41 - [MESSAGE][PASSED] - Text '' is set on object 'Object Repository/VLink/Page_CCSale/txt_TransactionID'

2021-03-04 23:26:41 - [MESSAGE][PASSED] - Object 'Object Repository/VLink/Page_CCSale/txt_ApprovalCode' is present

2021-03-04 23:26:42 - [MESSAGE][PASSED] - Text '' is set on object 'Object Repository/VLink/Page_CCSale/txt_ApprovalCode'

2021-03-04 23:26:42 - [MESSAGE][PASSED] - Object 'Object Repository/VLink/Page_CCSale/txt_CardName' is present

2021-03-04 23:26:43 - [MESSAGE][PASSED] - Text 'Arvind Silva' is set on object 'Object Repository/VLink/Page_CCSale/txt_CardName'

2021-03-04 23:26:43 - [MESSAGE][PASSED] - Object 'Object Repository/VLink/Page_CCSale/txt_AL1' is present

2021-03-04 23:26:44 - [MESSAGE][PASSED] - Text '111 Main Ave' is set on object 'Object Repository/VLink/Page_CCSale/txt_AL1'

2021-03-04 23:26:44 - [MESSAGE][PASSED] - Object 'Object Repository/VLink/Page_CCSale/txt_AL2' is present

2021-03-04 23:26:45 - [MESSAGE][PASSED] - Text '' is set on object 'Object Repository/VLink/Page_CCSale/txt_AL2'

2021-03-04 23:26:45 - [MESSAGE][PASSED] - Object 'Object Repository/VLink/Page_CCSale/txt_CardCity' is present

2021-03-04 23:26:46 - [MESSAGE][PASSED] - Text 'Arlington' is set on object 'Object Repository/VLink/Page_CCSale/txt_CardCity'

2021-03-04 23:26:46 - [MESSAGE][PASSED] - Object 'Object Repository/VLink/Page_CCSale/txt_CardState' is present

2021-03-04 23:26:47 - [MESSAGE][PASSED] - Text 'VA' is set on object 'Object Repository/VLink/Page_CCSale/txt_CardState'

2021-03-04 23:26:47 - [MESSAGE][PASSED] - Object 'Object Repository/VLink/Page_CCSale/txt_CardZIP' is present

2021-03-04 23:26:48 - [MESSAGE][PASSED] - Text '22201' is set on object 'Object Repository/VLink/Page_CCSale/txt_CardZIP'

2021-03-04 23:26:48 - [MESSAGE][PASSED] - Object 'Object Repository/VLink/Page_CCSale/txt_CountryID' is present

2021-03-04 23:26:49 - [MESSAGE][PASSED] - Text '' is set on object 'Object Repository/VLink/Page_CCSale/txt_CountryID'

2021-03-04 23:26:49 - [MESSAGE][PASSED] - Object 'Object Repository/VLink/Page_CCSale/txt_Amount' is present

2021-03-04 23:26:50 - [MESSAGE][PASSED] - Text '2.50' is set on object 'Object Repository/VLink/Page_CCSale/txt_Amount'

2021-03-04 23:26:50 - [MESSAGE][PASSED] - Object 'Object Repository/VLink/Page_CCSale/txt_CardNumber' is present

2021-03-04 23:26:51 - [MESSAGE][PASSED] - Text '6011000000000004' is set on object 'Object Repository/VLink/Page_CCSale/txt_CardNumber'

2021-03-04 23:26:51 - [MESSAGE][PASSED] - Object 'Object Repository/VLink/Page_CCSale/txt_ExpMonth' is present

2021-03-04 23:26:52 - [MESSAGE][PASSED] - Text '01' is set on object 'Object Repository/VLink/Page_CCSale/txt_ExpMonth'

2021-03-04 23:26:52 - [MESSAGE][PASSED] - Object 'Object Repository/VLink/Page_CCSale/txt_ExpYear' is present

2021-03-04 23:26:53 - [MESSAGE][PASSED] - Text '2026' is set on object 'Object Repository/VLink/Page_CCSale/txt_ExpYear'

2021-03-04 23:26:53 - [MESSAGE][PASSED] - Object 'Object Repository/VLink/Page_CCSale/txt_CVV' is present

2021-03-04 23:26:54 - [MESSAGE][PASSED] - Text '' is set on object 'Object Repository/VLink/Page_CCSale/txt_CVV'

2021-03-04 23:26:54 - [MESSAGE][PASSED] - Object 'Object Repository/VLink/Page_CCSale/txt_CVVstate' is present

2021-03-04 23:26:55 - [MESSAGE][PASSED] - Text '' is set on object 'Object Repository/VLink/Page_CCSale/txt_CVVstate'

2021-03-04 23:26:55 - [MESSAGE][PASSED] - Object 'Object Repository/VLink/Page_CCSale/txt_TrackData' is present

2021-03-04 23:26:56 - [MESSAGE][PASSED] - Text '' is set on object 'Object Repository/VLink/Page_CCSale/txt_TrackData'

2021-03-04 23:26:56 - [MESSAGE][PASSED] - Object 'Object Repository/VLink/Page_CCSale/txt_Track1Data' is present

2021-03-04 23:26:57 - [MESSAGE][PASSED] - Text '' is set on object 'Object Repository/VLink/Page_CCSale/txt_Track1Data'

2021-03-04 23:26:57 - [MESSAGE][PASSED] - Object 'Object Repository/VLink/Page_CCSale/txt_Track2Data' is present

2021-03-04 23:26:58 - [MESSAGE][PASSED] - Text '' is set on object 'Object Repository/VLink/Page_CCSale/txt_Track2Data'

2021-03-04 23:26:58 - [MESSAGE][PASSED] - Object 'Object Repository/VLink/Page_CCSale/txt_POSEntryMode' is present

2021-03-04 23:26:59 - [MESSAGE][PASSED] - Text 'manual' is set on object 'Object Repository/VLink/Page_CCSale/txt_POSEntryMode'

2021-03-04 23:26:59 - [MESSAGE][PASSED] - Object 'Object Repository/VLink/Page_CCSale/txt_Email' is present

2021-03-04 23:27:00 - [MESSAGE][PASSED] - Text '' is set on object 'Object Repository/VLink/Page_CCSale/txt_Email'

2021-03-04 23:27:00 - [MESSAGE][PASSED] - Object 'Object Repository/VLink/Page_CCSale/txt_OrderNumber' is present

2021-03-04 23:27:01 - [MESSAGE][PASSED] - Text '' is set on object 'Object Repository/VLink/Page_CCSale/txt_OrderNumber'

2021-03-04 23:27:01 - [MESSAGE][PASSED] - Object 'Object Repository/VLink/Page_CCSale/txt_TaxAmount' is present

2021-03-04 23:27:02 - [MESSAGE][PASSED] - Text '' is set on object 'Object Repository/VLink/Page_CCSale/txt_TaxAmount'

2021-03-04 23:27:02 - [MESSAGE][PASSED] - Object 'Object Repository/VLink/Page_CCSale/txt_ChargeDescription' is present

2021-03-04 23:27:03 - [MESSAGE][PASSED] - Text '' is set on object 'Object Repository/VLink/Page_CCSale/txt_ChargeDescription'

2021-03-04 23:27:03 - [MESSAGE][PASSED] - Object 'Object Repository/VLink/Page_CCSale/txt_CAN' is present

2021-03-04 23:27:04 - [MESSAGE][PASSED] - Text '' is set on object 'Object Repository/VLink/Page_CCSale/txt_CAN'

2021-03-04 23:27:04 - [MESSAGE][PASSED] - Object 'Object Repository/VLink/Page_CCSale/txt_BillPaymentIndicator' is present

2021-03-04 23:27:05 - [MESSAGE][PASSED] - Text '' is set on object 'Object Repository/VLink/Page_CCSale/txt_BillPaymentIndicator'

2021-03-04 23:27:05 - [MESSAGE][PASSED] - Object 'Object Repository/VLink/Page_CCSale/txt_UDF1' is present

2021-03-04 23:27:06 - [MESSAGE][PASSED] - Text '' is set on object 'Object Repository/VLink/Page_CCSale/txt_UDF1'

2021-03-04 23:27:06 - [MESSAGE][PASSED] - Object 'Object Repository/VLink/Page_CCSale/txt_UDF2' is present

2021-03-04 23:27:07 - [MESSAGE][PASSED] - Text '' is set on object 'Object Repository/VLink/Page_CCSale/txt_UDF2'

2021-03-04 23:27:07 - [MESSAGE][PASSED] - Object 'Object Repository/VLink/Page_CCSale/txt_UDF3' is present

2021-03-04 23:27:08 - [MESSAGE][PASSED] - Text '' is set on object 'Object Repository/VLink/Page_CCSale/txt_UDF3'

2021-03-04 23:27:08 - [MESSAGE][PASSED] - Object 'Object Repository/VLink/Page_CCSale/txt_UDF4' is present

2021-03-04 23:27:09 - [MESSAGE][PASSED] - Text '' is set on object 'Object Repository/VLink/Page_CCSale/txt_UDF4'

2021-03-04 23:27:09 - [MESSAGE][PASSED] - Object 'Object Repository/VLink/Page_CCSale/txt_UDF5' is present

2021-03-04 23:27:10 - [MESSAGE][PASSED] - Text '' is set on object 'Object Repository/VLink/Page_CCSale/txt_UDF5'

2021-03-04 23:27:10 - [MESSAGE][PASSED] - Object 'Object Repository/VLink/Page_CCSale/txt_UDF6' is present

2021-03-04 23:27:11 - [MESSAGE][PASSED] - Text '' is set on object 'Object Repository/VLink/Page_CCSale/txt_UDF6'

2021-03-04 23:27:11 - [MESSAGE][PASSED] - Object 'Object Repository/VLink/Page_CCSale/txt_UDF7' is present

2021-03-04 23:27:12 - [MESSAGE][PASSED] - Text '' is set on object 'Object Repository/VLink/Page_CCSale/txt_UDF7'

2021-03-04 23:27:12 - [MESSAGE][PASSED] - Object 'Object Repository/VLink/Page_CCSale/txt_UDF8' is present

2021-03-04 23:27:12 - [MESSAGE][PASSED] - Text '' is set on object 'Object Repository/VLink/Page_CCSale/txt_UDF8'

2021-03-04 23:27:13 - [MESSAGE][PASSED] - Object 'Object Repository/VLink/Page_CCSale/txt_UDF9' is present

2021-03-04 23:27:13 - [MESSAGE][PASSED] - Text '' is set on object 'Object Repository/VLink/Page_CCSale/txt_UDF9'

2021-03-04 23:27:14 - [MESSAGE][PASSED] - Object 'Object Repository/VLink/Page_CCSale/txt_UDF10' is present

2021-03-04 23:27:14 - [MESSAGE][PASSED] - Text '' is set on object 'Object Repository/VLink/Page_CCSale/txt_UDF10'

2021-03-04 23:27:15 - [MESSAGE][PASSED] - Object 'Object Repository/VLink/Page_CCSale/txt_CardOnFileIndicator' is present

2021-03-04 23:27:15 - [MESSAGE][PASSED] - Text '' is set on object 'Object Repository/VLink/Page_CCSale/txt_CardOnFileIndicator'

2021-03-04 23:27:16 - [MESSAGE][PASSED] - Object 'Object Repository/VLink/Page_CCSale/txt_StoredCredentialIndicator' is present

2021-03-04 23:27:16 - [MESSAGE][PASSED] - Text '' is set on object 'Object Repository/VLink/Page_CCSale/txt_StoredCredentialIndicator'

2021-03-04 23:27:17 - [MESSAGE][PASSED] - Object 'Object Repository/VLink/Page_CCSale/txt_COFScheduledIndicator' is present

2021-03-04 23:27:17 - [MESSAGE][PASSED] - Text '' is set on object 'Object Repository/VLink/Page_CCSale/txt_COFScheduledIndicator'

2021-03-04 23:27:18 - [MESSAGE][PASSED] - Object 'Object Repository/VLink/Page_CCSale/txt_COFTransactionInitiatedBy' is present

2021-03-04 23:27:18 - [MESSAGE][PASSED] - Text '' is set on object 'Object Repository/VLink/Page_CCSale/txt_COFTransactionInitiatedBy'

2021-03-04 23:27:21 - [MESSAGE][PASSED] - Object: 'Object Repository/VLink/Page_CCSale/btn_ProcessVLinkTransaction' is clicked on

2021-03-04 23:27:26 - [MESSAGE][PASSED] - vlinkPages.saleCCPage.setDataSCC is PASSED

2021-03-04 23:27:26 - [TEST_STEP][PASSED] - if (verifyTextPresent("Transaction approved, no errors", true)): null

2021-03-04 23:27:26 - [MESSAGE][PASSED] - Text 'Transaction approved, no errors' is present on page  using regular expression

2021-03-04 23:27:26 - [TEST_STEP][PASSED] - println("Transaction Approved, no errors text is present on the Confirmation page"): null

2021-03-04 23:27:26 - [TEST_STEP][PASSED] - out.println("Pass Record Number: " + row): null

2021-03-04 23:27:26 - [TEST_STEP][PASSED] - resText = "Pass": null

2021-03-04 23:27:26 - [TEST_STEP][PASSED] - pages.WriteExcel.demoKey(resText, datText, resColumn, datCloumn, fileLoc, nameSheet, row): pages.WriteExcel.demoKey is PASSED

2021-03-04 23:27:26 - [MESSAGE][PASSED] - pages.WriteExcel.demoKey is PASSED

2021-03-04 23:27:26 - [TEST_STEP][PASSED] - sdfo = getText(findTestObject("Object Repository/Page_VLinkReceipt/pre_STX")): Text of object 'Object Repository/Page_VLinkReceipt/pre_STX' is: '<STX>9MbJsyXWmLK7                  12089876            0  Transaction approved, no errors                   0                                                                                  X OK4970   <ETX>'

2021-03-04 23:27:26 - [MESSAGE][PASSED] - Text of object 'Object Repository/Page_VLinkReceipt/pre_STX' is: '<STX>9MbJsyXWmLK7                  12089876            0  Transaction approved, no errors                   0                                                                                  X OK4970   <ETX>'

2021-03-04 23:27:26 - [TEST_STEP][PASSED] - out.println("sdfo: " + sdfo): null

2021-03-04 23:27:26 - [TEST_STEP][PASSED] - remID = substring(5, 35).trim(): null

2021-03-04 23:27:26 - [TEST_STEP][PASSED] - out.println("Remittance ID: " + remID): null

2021-03-04 23:27:26 - [TEST_STEP][PASSED] - traxID = substring(35, 55).trim(): null

2021-03-04 23:27:26 - [TEST_STEP][PASSED] - out.println("Transaction ID: " + traxID): null

2021-03-04 23:27:26 - [TEST_STEP][PASSED] - out.println("End Record Number: " + row): null

2021-03-04 23:27:26 - [TEST_STEP][PASSED] - closeBrowser(): Browser is closed

2021-03-04 23:27:27 - [MESSAGE][PASSED] - Browser is closed

2021-03-04 23:27:27 - [TEST_STEP][PASSED] - out.println("Begin Record Number: " + row): null

2021-03-04 23:27:27 - [TEST_STEP][PASSED] - today = new java.util.Date(): null

2021-03-04 23:27:27 - [TEST_STEP][PASSED] - println(today): null

2021-03-04 23:27:27 - [TEST_STEP][PASSED] - datText = today: null

2021-03-04 23:27:27 - [TEST_STEP][PASSED] - openBrowser(VLinkURL + "authcap.html"): Browser is opened with url: 'https://dev-algorithm.govolution.com/vlinktest/QA/version_2_0/authcap.html'

2021-03-04 23:27:27 - [MESSAGE][INFO] - Starting 'Chrome' driver

2021-03-04 23:27:27 - [MESSAGE][INFO] - User set preference: ['acceptInsecureCerts', 'true']

2021-03-04 23:27:27 - [MESSAGE][INFO] - Action delay is set to 0 milliseconds

2021-03-04 23:27:31 - [MESSAGE][PASSED] - Browser is opened with url: 'https://dev-algorithm.govolution.com/vlinktest/QA/version_2_0/authcap.html'

2021-03-04 23:27:31 - [TEST_STEP][PASSED] - maximizeWindow(): Current window maximized

2021-03-04 23:27:32 - [MESSAGE][PASSED] - Current window maximized

2021-03-04 23:27:32 - [TEST_STEP][PASSED] - vlinkPages.saleCCPage.setDataSCC(row, dataFile): vlinkPages.saleCCPage.setDataSCC is PASSED

2021-03-04 23:27:34 - [MESSAGE][PASSED] - Object 'Object Repository/VLink/Page_CCSale/txt_CardNumber' is present

2021-03-04 23:27:34 - [MESSAGE][PASSED] - Object 'Object Repository/VLink/Page_CCSale/txt_TransactionType' is present

2021-03-04 23:27:35 - [MESSAGE][PASSED] - Text '104' is set on object 'Object Repository/VLink/Page_CCSale/txt_TransactionType'

2021-03-04 23:27:35 - [MESSAGE][PASSED] - Object 'Object Repository/VLink/Page_CCSale/txt_MessageVersion' is present

2021-03-04 23:27:36 - [MESSAGE][PASSED] - Text '2.0C' is set on object 'Object Repository/VLink/Page_CCSale/txt_MessageVersion'

2021-03-04 23:27:36 - [MESSAGE][PASSED] - Object 'Object Repository/VLink/Page_CCSale/txt_RemID' is present

2021-03-04 23:27:37 - [MESSAGE][PASSED] - Text 'KWFmSANwu9WL' is set on object 'Object Repository/VLink/Page_CCSale/txt_RemID'

2021-03-04 23:27:37 - [MESSAGE][PASSED] - Object 'Object Repository/VLink/Page_CCSale/txt_ApplicationId' is present

2021-03-04 23:27:38 - [MESSAGE][PASSED] - Text '677' is set on object 'Object Repository/VLink/Page_CCSale/txt_ApplicationId'

2021-03-04 23:27:38 - [MESSAGE][PASSED] - Object 'Object Repository/VLink/Page_CCSale/txt_Username' is present

2021-03-04 23:27:39 - [MESSAGE][PASSED] - Text 'username' is set on object 'Object Repository/VLink/Page_CCSale/txt_Username'

2021-03-04 23:27:39 - [MESSAGE][PASSED] - Object 'Object Repository/VLink/Page_CCSale/txt_Password' is present

2021-03-04 23:27:40 - [MESSAGE][PASSED] - Text 'password' is set on object 'Object Repository/VLink/Page_CCSale/txt_Password'

2021-03-04 23:27:40 - [MESSAGE][PASSED] - Object 'Object Repository/VLink/Page_CCSale/txt_ResponseFormat' is present

2021-03-04 23:27:41 - [MESSAGE][PASSED] - Text 'fixed_width' is set on object 'Object Repository/VLink/Page_CCSale/txt_ResponseFormat'

2021-03-04 23:27:41 - [MESSAGE][PASSED] - Object 'Object Repository/VLink/Page_CCSale/txt_Category' is present

2021-03-04 23:27:42 - [MESSAGE][PASSED] - Text 'RETL' is set on object 'Object Repository/VLink/Page_CCSale/txt_Category'

2021-03-04 23:27:42 - [MESSAGE][PASSED] - Object 'Object Repository/VLink/Page_CCSale/txt_TransactionID' is present

2021-03-04 23:27:42 - [MESSAGE][PASSED] - Text '' is set on object 'Object Repository/VLink/Page_CCSale/txt_TransactionID'

2021-03-04 23:27:43 - [MESSAGE][PASSED] - Object 'Object Repository/VLink/Page_CCSale/txt_ApprovalCode' is present

2021-03-04 23:27:43 - [MESSAGE][PASSED] - Text '' is set on object 'Object Repository/VLink/Page_CCSale/txt_ApprovalCode'

2021-03-04 23:27:43 - [MESSAGE][PASSED] - Object 'Object Repository/VLink/Page_CCSale/txt_CardName' is present

2021-03-04 23:27:44 - [MESSAGE][PASSED] - Text 'Roshan Maha' is set on object 'Object Repository/VLink/Page_CCSale/txt_CardName'

2021-03-04 23:27:44 - [MESSAGE][PASSED] - Object 'Object Repository/VLink/Page_CCSale/txt_AL1' is present

2021-03-04 23:27:45 - [MESSAGE][PASSED] - Text '12563 Bazaar road' is set on object 'Object Repository/VLink/Page_CCSale/txt_AL1'

2021-03-04 23:27:45 - [MESSAGE][PASSED] - Object 'Object Repository/VLink/Page_CCSale/txt_AL2' is present

2021-03-04 23:27:46 - [MESSAGE][PASSED] - Text '' is set on object 'Object Repository/VLink/Page_CCSale/txt_AL2'

2021-03-04 23:27:46 - [MESSAGE][PASSED] - Object 'Object Repository/VLink/Page_CCSale/txt_CardCity' is present

2021-03-04 23:27:47 - [MESSAGE][PASSED] - Text 'Crofton' is set on object 'Object Repository/VLink/Page_CCSale/txt_CardCity'

2021-03-04 23:27:47 - [MESSAGE][PASSED] - Object 'Object Repository/VLink/Page_CCSale/txt_CardState' is present

2021-03-04 23:27:48 - [MESSAGE][PASSED] - Text 'MD' is set on object 'Object Repository/VLink/Page_CCSale/txt_CardState'

2021-03-04 23:27:48 - [MESSAGE][PASSED] - Object 'Object Repository/VLink/Page_CCSale/txt_CardZIP' is present

2021-03-04 23:27:49 - [MESSAGE][PASSED] - Text '21114' is set on object 'Object Repository/VLink/Page_CCSale/txt_CardZIP'

2021-03-04 23:27:49 - [MESSAGE][PASSED] - Object 'Object Repository/VLink/Page_CCSale/txt_CountryID' is present

2021-03-04 23:27:50 - [MESSAGE][PASSED] - Text '' is set on object 'Object Repository/VLink/Page_CCSale/txt_CountryID'

2021-03-04 23:27:50 - [MESSAGE][PASSED] - Object 'Object Repository/VLink/Page_CCSale/txt_Amount' is present

2021-03-04 23:27:51 - [MESSAGE][PASSED] - Text '3.50' is set on object 'Object Repository/VLink/Page_CCSale/txt_Amount'

2021-03-04 23:27:51 - [MESSAGE][PASSED] - Object 'Object Repository/VLink/Page_CCSale/txt_CardNumber' is present

2021-03-04 23:27:51 - [MESSAGE][PASSED] - Text '6011000000000004' is set on object 'Object Repository/VLink/Page_CCSale/txt_CardNumber'

2021-03-04 23:27:52 - [MESSAGE][PASSED] - Object 'Object Repository/VLink/Page_CCSale/txt_ExpMonth' is present

2021-03-04 23:27:52 - [MESSAGE][PASSED] - Text '01' is set on object 'Object Repository/VLink/Page_CCSale/txt_ExpMonth'

2021-03-04 23:27:53 - [MESSAGE][PASSED] - Object 'Object Repository/VLink/Page_CCSale/txt_ExpYear' is present

2021-03-04 23:27:53 - [MESSAGE][PASSED] - Text '2026' is set on object 'Object Repository/VLink/Page_CCSale/txt_ExpYear'

2021-03-04 23:27:54 - [MESSAGE][PASSED] - Object 'Object Repository/VLink/Page_CCSale/txt_CVV' is present

2021-03-04 23:27:54 - [MESSAGE][PASSED] - Text '' is set on object 'Object Repository/VLink/Page_CCSale/txt_CVV'

2021-03-04 23:27:55 - [MESSAGE][PASSED] - Object 'Object Repository/VLink/Page_CCSale/txt_CVVstate' is present

2021-03-04 23:27:55 - [MESSAGE][PASSED] - Text '' is set on object 'Object Repository/VLink/Page_CCSale/txt_CVVstate'

2021-03-04 23:27:56 - [MESSAGE][PASSED] - Object 'Object Repository/VLink/Page_CCSale/txt_TrackData' is present

2021-03-04 23:27:56 - [MESSAGE][PASSED] - Text '' is set on object 'Object Repository/VLink/Page_CCSale/txt_TrackData'

2021-03-04 23:27:57 - [MESSAGE][PASSED] - Object 'Object Repository/VLink/Page_CCSale/txt_Track1Data' is present

2021-03-04 23:27:57 - [MESSAGE][PASSED] - Text '' is set on object 'Object Repository/VLink/Page_CCSale/txt_Track1Data'

2021-03-04 23:27:58 - [MESSAGE][PASSED] - Object 'Object Repository/VLink/Page_CCSale/txt_Track2Data' is present

2021-03-04 23:27:58 - [MESSAGE][PASSED] - Text '' is set on object 'Object Repository/VLink/Page_CCSale/txt_Track2Data'

2021-03-04 23:27:59 - [MESSAGE][PASSED] - Object 'Object Repository/VLink/Page_CCSale/txt_POSEntryMode' is present

2021-03-04 23:27:59 - [MESSAGE][PASSED] - Text 'manual' is set on object 'Object Repository/VLink/Page_CCSale/txt_POSEntryMode'

2021-03-04 23:27:59 - [MESSAGE][PASSED] - Object 'Object Repository/VLink/Page_CCSale/txt_Email' is present

2021-03-04 23:28:00 - [MESSAGE][PASSED] - Text '' is set on object 'Object Repository/VLink/Page_CCSale/txt_Email'

2021-03-04 23:28:00 - [MESSAGE][PASSED] - Object 'Object Repository/VLink/Page_CCSale/txt_OrderNumber' is present

2021-03-04 23:28:01 - [MESSAGE][PASSED] - Text '' is set on object 'Object Repository/VLink/Page_CCSale/txt_OrderNumber'

2021-03-04 23:28:01 - [MESSAGE][PASSED] - Object 'Object Repository/VLink/Page_CCSale/txt_TaxAmount' is present

2021-03-04 23:28:02 - [MESSAGE][PASSED] - Text '' is set on object 'Object Repository/VLink/Page_CCSale/txt_TaxAmount'

2021-03-04 23:28:02 - [MESSAGE][PASSED] - Object 'Object Repository/VLink/Page_CCSale/txt_ChargeDescription' is present

2021-03-04 23:28:03 - [MESSAGE][PASSED] - Text '' is set on object 'Object Repository/VLink/Page_CCSale/txt_ChargeDescription'

2021-03-04 23:28:03 - [MESSAGE][PASSED] - Object 'Object Repository/VLink/Page_CCSale/txt_CAN' is present

2021-03-04 23:28:04 - [MESSAGE][PASSED] - Text '' is set on object 'Object Repository/VLink/Page_CCSale/txt_CAN'

2021-03-04 23:28:04 - [MESSAGE][PASSED] - Object 'Object Repository/VLink/Page_CCSale/txt_BillPaymentIndicator' is present

2021-03-04 23:28:05 - [MESSAGE][PASSED] - Text '' is set on object 'Object Repository/VLink/Page_CCSale/txt_BillPaymentIndicator'

2021-03-04 23:28:05 - [MESSAGE][PASSED] - Object 'Object Repository/VLink/Page_CCSale/txt_UDF1' is present

2021-03-04 23:28:06 - [MESSAGE][PASSED] - Text '' is set on object 'Object Repository/VLink/Page_CCSale/txt_UDF1'

2021-03-04 23:28:06 - [MESSAGE][PASSED] - Object 'Object Repository/VLink/Page_CCSale/txt_UDF2' is present

2021-03-04 23:28:07 - [MESSAGE][PASSED] - Text '' is set on object 'Object Repository/VLink/Page_CCSale/txt_UDF2'

2021-03-04 23:28:07 - [MESSAGE][PASSED] - Object 'Object Repository/VLink/Page_CCSale/txt_UDF3' is present

2021-03-04 23:28:08 - [MESSAGE][PASSED] - Text '' is set on object 'Object Repository/VLink/Page_CCSale/txt_UDF3'

2021-03-04 23:28:08 - [MESSAGE][PASSED] - Object 'Object Repository/VLink/Page_CCSale/txt_UDF4' is present

2021-03-04 23:28:09 - [MESSAGE][PASSED] - Text '' is set on object 'Object Repository/VLink/Page_CCSale/txt_UDF4'

2021-03-04 23:28:09 - [MESSAGE][PASSED] - Object 'Object Repository/VLink/Page_CCSale/txt_UDF5' is present

2021-03-04 23:28:10 - [MESSAGE][PASSED] - Text '' is set on object 'Object Repository/VLink/Page_CCSale/txt_UDF5'

2021-03-04 23:28:10 - [MESSAGE][PASSED] - Object 'Object Repository/VLink/Page_CCSale/txt_UDF6' is present

2021-03-04 23:28:11 - [MESSAGE][PASSED] - Text '' is set on object 'Object Repository/VLink/Page_CCSale/txt_UDF6'

2021-03-04 23:28:11 - [MESSAGE][PASSED] - Object 'Object Repository/VLink/Page_CCSale/txt_UDF7' is present

2021-03-04 23:28:12 - [MESSAGE][PASSED] - Text '' is set on object 'Object Repository/VLink/Page_CCSale/txt_UDF7'

2021-03-04 23:28:12 - [MESSAGE][PASSED] - Object 'Object Repository/VLink/Page_CCSale/txt_UDF8' is present

2021-03-04 23:28:13 - [MESSAGE][PASSED] - Text '' is set on object 'Object Repository/VLink/Page_CCSale/txt_UDF8'

2021-03-04 23:28:13 - [MESSAGE][PASSED] - Object 'Object Repository/VLink/Page_CCSale/txt_UDF9' is present

2021-03-04 23:28:14 - [MESSAGE][PASSED] - Text '' is set on object 'Object Repository/VLink/Page_CCSale/txt_UDF9'

2021-03-04 23:28:14 - [MESSAGE][PASSED] - Object 'Object Repository/VLink/Page_CCSale/txt_UDF10' is present

2021-03-04 23:28:15 - [MESSAGE][PASSED] - Text '' is set on object 'Object Repository/VLink/Page_CCSale/txt_UDF10'

2021-03-04 23:28:15 - [MESSAGE][PASSED] - Object 'Object Repository/VLink/Page_CCSale/txt_CardOnFileIndicator' is present

2021-03-04 23:28:16 - [MESSAGE][PASSED] - Text '' is set on object 'Object Repository/VLink/Page_CCSale/txt_CardOnFileIndicator'

2021-03-04 23:28:16 - [MESSAGE][PASSED] - Object 'Object Repository/VLink/Page_CCSale/txt_StoredCredentialIndicator' is present

2021-03-04 23:28:17 - [MESSAGE][PASSED] - Text '' is set on object 'Object Repository/VLink/Page_CCSale/txt_StoredCredentialIndicator'

2021-03-04 23:28:17 - [MESSAGE][PASSED] - Object 'Object Repository/VLink/Page_CCSale/txt_COFScheduledIndicator' is present

2021-03-04 23:28:18 - [MESSAGE][PASSED] - Text '' is set on object 'Object Repository/VLink/Page_CCSale/txt_COFScheduledIndicator'

2021-03-04 23:28:18 - [MESSAGE][PASSED] - Object 'Object Repository/VLink/Page_CCSale/txt_COFTransactionInitiatedBy' is present

2021-03-04 23:28:19 - [MESSAGE][PASSED] - Text '' is set on object 'Object Repository/VLink/Page_CCSale/txt_COFTransactionInitiatedBy'

2021-03-04 23:28:40 - [MESSAGE][PASSED] - Object: 'Object Repository/VLink/Page_CCSale/btn_ProcessVLinkTransaction' is clicked on

2021-03-04 23:28:45 - [MESSAGE][PASSED] - vlinkPages.saleCCPage.setDataSCC is PASSED

2021-03-04 23:28:45 - [TEST_STEP][FAILED] - if (verifyTextPresent("Transaction approved, no errors", true)): Text 'Transaction approved, no errors' is not present on page  using regular expression (Root cause: com.kms.katalon.core.exception.StepFailedException: Text 'Transaction approved, no errors' is not present on page  using regular expression
	at com.kms.katalon.core.webui.keyword.internal.WebUIKeywordMain.stepFailed(WebUIKeywordMain.groovy:64)
	at com.kms.katalon.core.webui.keyword.builtin.VerifyTextPresentKeyword$_verifyTextPresent_closure1.doCall(VerifyTextPresentKeyword.groovy:79)
	at com.kms.katalon.core.webui.keyword.builtin.VerifyTextPresentKeyword$_verifyTextPresent_closure1.call(VerifyTextPresentKeyword.groovy)
	at com.kms.katalon.core.webui.keyword.internal.WebUIKeywordMain.runKeyword(WebUIKeywordMain.groovy:20)
	at com.kms.katalon.core.webui.keyword.builtin.VerifyTextPresentKeyword.verifyTextPresent(VerifyTextPresentKeyword.groovy:83)
	at com.kms.katalon.core.webui.keyword.builtin.VerifyTextPresentKeyword.execute(VerifyTextPresentKeyword.groovy:68)
	at com.kms.katalon.core.keyword.internal.KeywordExecutor.executeKeywordForPlatform(KeywordExecutor.groovy:72)
	at com.kms.katalon.core.webui.keyword.WebUiBuiltInKeywords.verifyTextPresent(WebUiBuiltInKeywords.groovy:1719)
	at com.kms.katalon.core.webui.keyword.WebUiBuiltInKeywords$verifyTextPresent$4.call(Unknown Source)
	at VLinkSale-Successful.run(VLinkSale-Successful:76)
	at com.kms.katalon.core.main.ScriptEngine.run(ScriptEngine.java:194)
	at com.kms.katalon.core.main.ScriptEngine.runScriptAsRawText(ScriptEngine.java:119)
	at com.kms.katalon.core.main.TestCaseExecutor.runScript(TestCaseExecutor.java:337)
	at com.kms.katalon.core.main.TestCaseExecutor.doExecute(TestCaseExecutor.java:328)
	at com.kms.katalon.core.main.TestCaseExecutor.processExecutionPhase(TestCaseExecutor.java:307)
	at com.kms.katalon.core.main.TestCaseExecutor.accessMainPhase(TestCaseExecutor.java:299)
	at com.kms.katalon.core.main.TestCaseExecutor.execute(TestCaseExecutor.java:233)
	at com.kms.katalon.core.main.TestSuiteExecutor.accessTestCaseMainPhase(TestSuiteExecutor.java:169)
	at com.kms.katalon.core.main.TestSuiteExecutor.accessTestSuiteMainPhase(TestSuiteExecutor.java:142)
	at com.kms.katalon.core.main.TestSuiteExecutor.execute(TestSuiteExecutor.java:91)
	at com.kms.katalon.core.main.TestCaseMain.startTestSuite(TestCaseMain.java:157)
	at com.kms.katalon.core.main.TestCaseMain$startTestSuite$0.call(Unknown Source)
	at TempTestSuite1614916340834.run(TempTestSuite1614916340834.groovy:37)
)

2021-03-04 23:28:45 - [MESSAGE][FAILED] - Text 'Transaction approved, no errors' is not present on page  using regular expression (Root cause: com.kms.katalon.core.exception.StepFailedException: Text 'Transaction approved, no errors' is not present on page  using regular expression
	at com.kms.katalon.core.webui.keyword.internal.WebUIKeywordMain.stepFailed(WebUIKeywordMain.groovy:64)
	at com.kms.katalon.core.webui.keyword.builtin.VerifyTextPresentKeyword$_verifyTextPresent_closure1.doCall(VerifyTextPresentKeyword.groovy:79)
	at com.kms.katalon.core.webui.keyword.builtin.VerifyTextPresentKeyword$_verifyTextPresent_closure1.call(VerifyTextPresentKeyword.groovy)
	at com.kms.katalon.core.webui.keyword.internal.WebUIKeywordMain.runKeyword(WebUIKeywordMain.groovy:20)
	at com.kms.katalon.core.webui.keyword.builtin.VerifyTextPresentKeyword.verifyTextPresent(VerifyTextPresentKeyword.groovy:83)
	at com.kms.katalon.core.webui.keyword.builtin.VerifyTextPresentKeyword.execute(VerifyTextPresentKeyword.groovy:68)
	at com.kms.katalon.core.keyword.internal.KeywordExecutor.executeKeywordForPlatform(KeywordExecutor.groovy:72)
	at com.kms.katalon.core.webui.keyword.WebUiBuiltInKeywords.verifyTextPresent(WebUiBuiltInKeywords.groovy:1719)
	at com.kms.katalon.core.webui.keyword.WebUiBuiltInKeywords$verifyTextPresent$4.call(Unknown Source)
	at VLinkSale-Successful.run(VLinkSale-Successful:76)
	at com.kms.katalon.core.main.ScriptEngine.run(ScriptEngine.java:194)
	at com.kms.katalon.core.main.ScriptEngine.runScriptAsRawText(ScriptEngine.java:119)
	at com.kms.katalon.core.main.TestCaseExecutor.runScript(TestCaseExecutor.java:337)
	at com.kms.katalon.core.main.TestCaseExecutor.doExecute(TestCaseExecutor.java:328)
	at com.kms.katalon.core.main.TestCaseExecutor.processExecutionPhase(TestCaseExecutor.java:307)
	at com.kms.katalon.core.main.TestCaseExecutor.accessMainPhase(TestCaseExecutor.java:299)
	at com.kms.katalon.core.main.TestCaseExecutor.execute(TestCaseExecutor.java:233)
	at com.kms.katalon.core.main.TestSuiteExecutor.accessTestCaseMainPhase(TestSuiteExecutor.java:169)
	at com.kms.katalon.core.main.TestSuiteExecutor.accessTestSuiteMainPhase(TestSuiteExecutor.java:142)
	at com.kms.katalon.core.main.TestSuiteExecutor.execute(TestSuiteExecutor.java:91)
	at com.kms.katalon.core.main.TestCaseMain.startTestSuite(TestCaseMain.java:157)
	at com.kms.katalon.core.main.TestCaseMain$startTestSuite$0.call(Unknown Source)
	at TempTestSuite1614916340834.run(TempTestSuite1614916340834.groovy:37)
)

2021-03-04 23:28:45 - [TEST_STEP][PASSED] - else: pages.WriteExcel.demoKey is PASSED

2021-03-04 23:28:45 - [TEST_STEP][PASSED] - println("Transaction Approved, no errors text is not present on the Confirmation page"): null

2021-03-04 23:28:45 - [TEST_STEP][PASSED] - out.println("Fail Record Number: " + row): null

2021-03-04 23:28:45 - [TEST_STEP][PASSED] - resText = "Fail": null

2021-03-04 23:28:45 - [TEST_STEP][PASSED] - pages.WriteExcel.demoKey(resText, datText, resColumn, datCloumn, fileLoc, nameSheet, row): pages.WriteExcel.demoKey is PASSED

2021-03-04 23:28:45 - [MESSAGE][PASSED] - pages.WriteExcel.demoKey is PASSED

2021-03-04 23:28:45 - [TEST_STEP][FAILED] - sdfo = getText(findTestObject("Object Repository/Page_VLinkReceipt/pre_STX")): Unable to get text of object 'Object Repository/Page_VLinkReceipt/pre_STX' (Root cause: com.kms.katalon.core.exception.StepFailedException: Unable to get text of object 'Object Repository/Page_VLinkReceipt/pre_STX'
	at com.kms.katalon.core.webui.keyword.internal.WebUIKeywordMain.stepFailed(WebUIKeywordMain.groovy:64)
	at com.kms.katalon.core.webui.keyword.internal.WebUIKeywordMain.runKeyword(WebUIKeywordMain.groovy:26)
	at com.kms.katalon.core.webui.keyword.builtin.GetTextKeyword.getText(GetTextKeyword.groovy:88)
	at com.kms.katalon.core.webui.keyword.builtin.GetTextKeyword.execute(GetTextKeyword.groovy:67)
	at com.kms.katalon.core.keyword.internal.KeywordExecutor.executeKeywordForPlatform(KeywordExecutor.groovy:72)
	at com.kms.katalon.core.webui.keyword.WebUiBuiltInKeywords.getText(WebUiBuiltInKeywords.groovy:914)
	at com.kms.katalon.core.webui.keyword.WebUiBuiltInKeywords$getText$5.call(Unknown Source)
	at VLinkSale-Successful.run(VLinkSale-Successful:95)
	at com.kms.katalon.core.main.ScriptEngine.run(ScriptEngine.java:194)
	at com.kms.katalon.core.main.ScriptEngine.runScriptAsRawText(ScriptEngine.java:119)
	at com.kms.katalon.core.main.TestCaseExecutor.runScript(TestCaseExecutor.java:337)
	at com.kms.katalon.core.main.TestCaseExecutor.doExecute(TestCaseExecutor.java:328)
	at com.kms.katalon.core.main.TestCaseExecutor.processExecutionPhase(TestCaseExecutor.java:307)
	at com.kms.katalon.core.main.TestCaseExecutor.accessMainPhase(TestCaseExecutor.java:299)
	at com.kms.katalon.core.main.TestCaseExecutor.execute(TestCaseExecutor.java:233)
	at com.kms.katalon.core.main.TestSuiteExecutor.accessTestCaseMainPhase(TestSuiteExecutor.java:169)
	at com.kms.katalon.core.main.TestSuiteExecutor.accessTestSuiteMainPhase(TestSuiteExecutor.java:142)
	at com.kms.katalon.core.main.TestSuiteExecutor.execute(TestSuiteExecutor.java:91)
	at com.kms.katalon.core.main.TestCaseMain.startTestSuite(TestCaseMain.java:157)
	at com.kms.katalon.core.main.TestCaseMain$startTestSuite$0.call(Unknown Source)
	at TempTestSuite1614916340834.run(TempTestSuite1614916340834.groovy:37)
Caused by: com.kms.katalon.core.webui.exception.WebElementNotFoundException: Web element with id: 'Object Repository/Page_VLinkReceipt/pre_STX' located by 'By.xpath: /html[1]/body[1]/pre[1]' not found
	at com.kms.katalon.core.webui.common.WebUiCommonHelper.findWebElement(WebUiCommonHelper.java:1154)
	at com.kms.katalon.core.webui.keyword.internal.WebUIAbstractKeyword.findWebElement(WebUIAbstractKeyword.groovy:27)
	at com.kms.katalon.core.webui.keyword.internal.WebUIAbstractKeyword.findWebElement(WebUIAbstractKeyword.groovy:26)
	at com.kms.katalon.core.webui.keyword.builtin.GetTextKeyword$_getText_closure1.doCall(GetTextKeyword.groovy:78)
	at com.kms.katalon.core.webui.keyword.builtin.GetTextKeyword$_getText_closure1.call(GetTextKeyword.groovy)
	at com.kms.katalon.core.webui.keyword.internal.WebUIKeywordMain.runKeyword(WebUIKeywordMain.groovy:20)
	at com.kms.katalon.core.webui.keyword.builtin.GetTextKeyword.getText(GetTextKeyword.groovy:88)
	at com.kms.katalon.core.webui.keyword.builtin.GetTextKeyword.execute(GetTextKeyword.groovy:67)
	at com.kms.katalon.core.keyword.internal.KeywordExecutor.executeKeywordForPlatform(KeywordExecutor.groovy:72)
	at com.kms.katalon.core.webui.keyword.WebUiBuiltInKeywords.getText(WebUiBuiltInKeywords.groovy:914)
	at com.kms.katalon.core.webui.keyword.WebUiBuiltInKeywords$getText$5.call(Unknown Source)
	at Script1608432558224.run(Script1608432558224.groovy:95)
	... 13 more
)

2021-03-04 23:29:18 - [MESSAGE][INFO] - Unable to find the element located by 'By.xpath: /html[1]/body[1]/pre[1]'. Please recheck the objects properties to make sure the desired element is located. 

2021-03-04 23:29:18 - [MESSAGE][FAILED] - Unable to get text of object 'Object Repository/Page_VLinkReceipt/pre_STX' (Root cause: com.kms.katalon.core.exception.StepFailedException: Unable to get text of object 'Object Repository/Page_VLinkReceipt/pre_STX'
	at com.kms.katalon.core.webui.keyword.internal.WebUIKeywordMain.stepFailed(WebUIKeywordMain.groovy:64)
	at com.kms.katalon.core.webui.keyword.internal.WebUIKeywordMain.runKeyword(WebUIKeywordMain.groovy:26)
	at com.kms.katalon.core.webui.keyword.builtin.GetTextKeyword.getText(GetTextKeyword.groovy:88)
	at com.kms.katalon.core.webui.keyword.builtin.GetTextKeyword.execute(GetTextKeyword.groovy:67)
	at com.kms.katalon.core.keyword.internal.KeywordExecutor.executeKeywordForPlatform(KeywordExecutor.groovy:72)
	at com.kms.katalon.core.webui.keyword.WebUiBuiltInKeywords.getText(WebUiBuiltInKeywords.groovy:914)
	at com.kms.katalon.core.webui.keyword.WebUiBuiltInKeywords$getText$5.call(Unknown Source)
	at VLinkSale-Successful.run(VLinkSale-Successful:95)
	at com.kms.katalon.core.main.ScriptEngine.run(ScriptEngine.java:194)
	at com.kms.katalon.core.main.ScriptEngine.runScriptAsRawText(ScriptEngine.java:119)
	at com.kms.katalon.core.main.TestCaseExecutor.runScript(TestCaseExecutor.java:337)
	at com.kms.katalon.core.main.TestCaseExecutor.doExecute(TestCaseExecutor.java:328)
	at com.kms.katalon.core.main.TestCaseExecutor.processExecutionPhase(TestCaseExecutor.java:307)
	at com.kms.katalon.core.main.TestCaseExecutor.accessMainPhase(TestCaseExecutor.java:299)
	at com.kms.katalon.core.main.TestCaseExecutor.execute(TestCaseExecutor.java:233)
	at com.kms.katalon.core.main.TestSuiteExecutor.accessTestCaseMainPhase(TestSuiteExecutor.java:169)
	at com.kms.katalon.core.main.TestSuiteExecutor.accessTestSuiteMainPhase(TestSuiteExecutor.java:142)
	at com.kms.katalon.core.main.TestSuiteExecutor.execute(TestSuiteExecutor.java:91)
	at com.kms.katalon.core.main.TestCaseMain.startTestSuite(TestCaseMain.java:157)
	at com.kms.katalon.core.main.TestCaseMain$startTestSuite$0.call(Unknown Source)
	at TempTestSuite1614916340834.run(TempTestSuite1614916340834.groovy:37)
Caused by: com.kms.katalon.core.webui.exception.WebElementNotFoundException: Web element with id: 'Object Repository/Page_VLinkReceipt/pre_STX' located by 'By.xpath: /html[1]/body[1]/pre[1]' not found
	at com.kms.katalon.core.webui.common.WebUiCommonHelper.findWebElement(WebUiCommonHelper.java:1154)
	at com.kms.katalon.core.webui.keyword.internal.WebUIAbstractKeyword.findWebElement(WebUIAbstractKeyword.groovy:27)
	at com.kms.katalon.core.webui.keyword.internal.WebUIAbstractKeyword.findWebElement(WebUIAbstractKeyword.groovy:26)
	at com.kms.katalon.core.webui.keyword.builtin.GetTextKeyword$_getText_closure1.doCall(GetTextKeyword.groovy:78)
	at com.kms.katalon.core.webui.keyword.builtin.GetTextKeyword$_getText_closure1.call(GetTextKeyword.groovy)
	at com.kms.katalon.core.webui.keyword.internal.WebUIKeywordMain.runKeyword(WebUIKeywordMain.groovy:20)
	at com.kms.katalon.core.webui.keyword.builtin.GetTextKeyword.getText(GetTextKeyword.groovy:88)
	at com.kms.katalon.core.webui.keyword.builtin.GetTextKeyword.execute(GetTextKeyword.groovy:67)
	at com.kms.katalon.core.keyword.internal.KeywordExecutor.executeKeywordForPlatform(KeywordExecutor.groovy:72)
	at com.kms.katalon.core.webui.keyword.WebUiBuiltInKeywords.getText(WebUiBuiltInKeywords.groovy:914)
	at com.kms.katalon.core.webui.keyword.WebUiBuiltInKeywords$getText$5.call(Unknown Source)
	at Script1608432558224.run(Script1608432558224.groovy:95)
	... 13 more
)
[[ATTACHMENT|C:\\Users\\iahmed\\Documents\\VPS-Smoke-Version001\\Reports\\20210304_225220\\QA Smoke Test\\QA Smoke Test\\20210304_225220\\1614918558151.png]]

2021-03-04 23:29:18 - [TEST_STEP][PASSED] - out.println("sdfo: " + sdfo): null

2021-03-04 23:29:18 - [TEST_STEP][PASSED] - remID = substring(5, 35).trim(): null]]></system-out>
         <system-err><![CDATA[2021-03-04 22:52:23 - [TEST_CASE][FAILED] - Test Cases/VLink/QA/VLinkSale-Successful: Test Cases/VLink/QA/VLinkSale-Successful FAILED.
Reason:
com.kms.katalon.core.exception.StepFailedException: Text 'Transaction approved, no errors' is not present on page  using regular expression (Root cause: com.kms.katalon.core.exception.StepFailedException: Text 'Transaction approved, no errors' is not present on page  using regular expression
	at com.kms.katalon.core.webui.keyword.internal.WebUIKeywordMain.stepFailed(WebUIKeywordMain.groovy:64)
	at com.kms.katalon.core.webui.keyword.builtin.VerifyTextPresentKeyword$_verifyTextPresent_closure1.doCall(VerifyTextPresentKeyword.groovy:79)
	at com.kms.katalon.core.webui.keyword.builtin.VerifyTextPresentKeyword$_verifyTextPresent_closure1.call(VerifyTextPresentKeyword.groovy)
	at com.kms.katalon.core.webui.keyword.internal.WebUIKeywordMain.runKeyword(WebUIKeywordMain.groovy:20)
	at com.kms.katalon.core.webui.keyword.builtin.VerifyTextPresentKeyword.verifyTextPresent(VerifyTextPresentKeyword.groovy:83)
	at com.kms.katalon.core.webui.keyword.builtin.VerifyTextPresentKeyword.execute(VerifyTextPresentKeyword.groovy:68)
	at com.kms.katalon.core.keyword.internal.KeywordExecutor.executeKeywordForPlatform(KeywordExecutor.groovy:72)
	at com.kms.katalon.core.webui.keyword.WebUiBuiltInKeywords.verifyTextPresent(WebUiBuiltInKeywords.groovy:1719)
	at com.kms.katalon.core.webui.keyword.WebUiBuiltInKeywords$verifyTextPresent$4.call(Unknown Source)
	at VLinkSale-Successful.run(VLinkSale-Successful:76)
	at com.kms.katalon.core.main.ScriptEngine.run(ScriptEngine.java:194)
	at com.kms.katalon.core.main.ScriptEngine.runScriptAsRawText(ScriptEngine.java:119)
	at com.kms.katalon.core.main.TestCaseExecutor.runScript(TestCaseExecutor.java:337)
	at com.kms.katalon.core.main.TestCaseExecutor.doExecute(TestCaseExecutor.java:328)
	at com.kms.katalon.core.main.TestCaseExecutor.processExecutionPhase(TestCaseExecutor.java:307)
	at com.kms.katalon.core.main.TestCaseExecutor.accessMainPhase(TestCaseExecutor.java:299)
	at com.kms.katalon.core.main.TestCaseExecutor.execute(TestCaseExecutor.java:233)
	at com.kms.katalon.core.main.TestSuiteExecutor.accessTestCaseMainPhase(TestSuiteExecutor.java:169)
	at com.kms.katalon.core.main.TestSuiteExecutor.accessTestSuiteMainPhase(TestSuiteExecutor.java:142)
	at com.kms.katalon.core.main.TestSuiteExecutor.execute(TestSuiteExecutor.java:91)
	at com.kms.katalon.core.main.TestCaseMain.startTestSuite(TestCaseMain.java:157)
	at com.kms.katalon.core.main.TestCaseMain$startTestSuite$0.call(Unknown Source)
	at TempTestSuite1614916340834.run(TempTestSuite1614916340834.groovy:37)
)
	at com.kms.katalon.core.keyword.internal.KeywordMain.stepFailed(KeywordMain.groovy:39)
	at com.kms.katalon.core.webui.keyword.internal.WebUIKeywordMain.stepFailed(WebUIKeywordMain.groovy:64)
	at com.kms.katalon.core.webui.keyword.builtin.VerifyTextPresentKeyword$_verifyTextPresent_closure1.doCall(VerifyTextPresentKeyword.groovy:79)
	at com.kms.katalon.core.webui.keyword.builtin.VerifyTextPresentKeyword$_verifyTextPresent_closure1.call(VerifyTextPresentKeyword.groovy)
	at com.kms.katalon.core.webui.keyword.internal.WebUIKeywordMain.runKeyword(WebUIKeywordMain.groovy:20)
	at com.kms.katalon.core.webui.keyword.builtin.VerifyTextPresentKeyword.verifyTextPresent(VerifyTextPresentKeyword.groovy:83)
	at com.kms.katalon.core.webui.keyword.builtin.VerifyTextPresentKeyword.execute(VerifyTextPresentKeyword.groovy:68)
	at com.kms.katalon.core.keyword.internal.KeywordExecutor.executeKeywordForPlatform(KeywordExecutor.groovy:72)
	at com.kms.katalon.core.webui.keyword.WebUiBuiltInKeywords.verifyTextPresent(WebUiBuiltInKeywords.groovy:1719)
	at com.kms.katalon.core.webui.keyword.WebUiBuiltInKeywords$verifyTextPresent$4.call(Unknown Source)
	at VLinkSale-Successful.run(VLinkSale-Successful:76)
	at com.kms.katalon.core.main.ScriptEngine.run(ScriptEngine.java:194)
	at com.kms.katalon.core.main.ScriptEngine.runScriptAsRawText(ScriptEngine.java:119)
	at com.kms.katalon.core.main.TestCaseExecutor.runScript(TestCaseExecutor.java:337)
	at com.kms.katalon.core.main.TestCaseExecutor.doExecute(TestCaseExecutor.java:328)
	at com.kms.katalon.core.main.TestCaseExecutor.processExecutionPhase(TestCaseExecutor.java:307)
	at com.kms.katalon.core.main.TestCaseExecutor.accessMainPhase(TestCaseExecutor.java:299)
	at com.kms.katalon.core.main.TestCaseExecutor.execute(TestCaseExecutor.java:233)
	at com.kms.katalon.core.main.TestSuiteExecutor.accessTestCaseMainPhase(TestSuiteExecutor.java:169)
	at com.kms.katalon.core.main.TestSuiteExecutor.accessTestSuiteMainPhase(TestSuiteExecutor.java:142)
	at com.kms.katalon.core.main.TestSuiteExecutor.execute(TestSuiteExecutor.java:91)
	at com.kms.katalon.core.main.TestCaseMain.startTestSuite(TestCaseMain.java:157)
	at com.kms.katalon.core.main.TestCaseMain$startTestSuite$0.call(Unknown Source)
	at TempTestSuite1614916340834.run(TempTestSuite1614916340834.groovy:37)
Caused by: com.kms.katalon.core.exception.StepFailedException: Text 'Transaction approved, no errors' is not present on page  using regular expression
	... 23 more]]></system-err>
      </testcase>
      <system-out><![CDATA[2021-03-04 22:52:23 - [TEST_SUITE][FAILED] - QA Smoke Test: Test Cases/VLink/QA/VLinkSale-Successful FAILED.
Reason:
com.kms.katalon.core.exception.StepFailedException: Text 'Transaction approved, no errors' is not present on page  using regular expression (Root cause: com.kms.katalon.core.exception.StepFailedException: Text 'Transaction approved, no errors' is not present on page  using regular expression
	at com.kms.katalon.core.webui.keyword.internal.WebUIKeywordMain.stepFailed(WebUIKeywordMain.groovy:64)
	at com.kms.katalon.core.webui.keyword.builtin.VerifyTextPresentKeyword$_verifyTextPresent_closure1.doCall(VerifyTextPresentKeyword.groovy:79)
	at com.kms.katalon.core.webui.keyword.builtin.VerifyTextPresentKeyword$_verifyTextPresent_closure1.call(VerifyTextPresentKeyword.groovy)
	at com.kms.katalon.core.webui.keyword.internal.WebUIKeywordMain.runKeyword(WebUIKeywordMain.groovy:20)
	at com.kms.katalon.core.webui.keyword.builtin.VerifyTextPresentKeyword.verifyTextPresent(VerifyTextPresentKeyword.groovy:83)
	at com.kms.katalon.core.webui.keyword.builtin.VerifyTextPresentKeyword.execute(VerifyTextPresentKeyword.groovy:68)
	at com.kms.katalon.core.keyword.internal.KeywordExecutor.executeKeywordForPlatform(KeywordExecutor.groovy:72)
	at com.kms.katalon.core.webui.keyword.WebUiBuiltInKeywords.verifyTextPresent(WebUiBuiltInKeywords.groovy:1719)
	at com.kms.katalon.core.webui.keyword.WebUiBuiltInKeywords$verifyTextPresent$4.call(Unknown Source)
	at VLinkSale-Successful.run(VLinkSale-Successful:76)
	at com.kms.katalon.core.main.ScriptEngine.run(ScriptEngine.java:194)
	at com.kms.katalon.core.main.ScriptEngine.runScriptAsRawText(ScriptEngine.java:119)
	at com.kms.katalon.core.main.TestCaseExecutor.runScript(TestCaseExecutor.java:337)
	at com.kms.katalon.core.main.TestCaseExecutor.doExecute(TestCaseExecutor.java:328)
	at com.kms.katalon.core.main.TestCaseExecutor.processExecutionPhase(TestCaseExecutor.java:307)
	at com.kms.katalon.core.main.TestCaseExecutor.accessMainPhase(TestCaseExecutor.java:299)
	at com.kms.katalon.core.main.TestCaseExecutor.execute(TestCaseExecutor.java:233)
	at com.kms.katalon.core.main.TestSuiteExecutor.accessTestCaseMainPhase(TestSuiteExecutor.java:169)
	at com.kms.katalon.core.main.TestSuiteExecutor.accessTestSuiteMainPhase(TestSuiteExecutor.java:142)
	at com.kms.katalon.core.main.TestSuiteExecutor.execute(TestSuiteExecutor.java:91)
	at com.kms.katalon.core.main.TestCaseMain.startTestSuite(TestCaseMain.java:157)
	at com.kms.katalon.core.main.TestCaseMain$startTestSuite$0.call(Unknown Source)
	at TempTestSuite1614916340834.run(TempTestSuite1614916340834.groovy:37)
)
	at com.kms.katalon.core.keyword.internal.KeywordMain.stepFailed(KeywordMain.groovy:39)
	at com.kms.katalon.core.webui.keyword.internal.WebUIKeywordMain.stepFailed(WebUIKeywordMain.groovy:64)
	at com.kms.katalon.core.webui.keyword.builtin.VerifyTextPresentKeyword$_verifyTextPresent_closure1.doCall(VerifyTextPresentKeyword.groovy:79)
	at com.kms.katalon.core.webui.keyword.builtin.VerifyTextPresentKeyword$_verifyTextPresent_closure1.call(VerifyTextPresentKeyword.groovy)
	at com.kms.katalon.core.webui.keyword.internal.WebUIKeywordMain.runKeyword(WebUIKeywordMain.groovy:20)
	at com.kms.katalon.core.webui.keyword.builtin.VerifyTextPresentKeyword.verifyTextPresent(VerifyTextPresentKeyword.groovy:83)
	at com.kms.katalon.core.webui.keyword.builtin.VerifyTextPresentKeyword.execute(VerifyTextPresentKeyword.groovy:68)
	at com.kms.katalon.core.keyword.internal.KeywordExecutor.executeKeywordForPlatform(KeywordExecutor.groovy:72)
	at com.kms.katalon.core.webui.keyword.WebUiBuiltInKeywords.verifyTextPresent(WebUiBuiltInKeywords.groovy:1719)
	at com.kms.katalon.core.webui.keyword.WebUiBuiltInKeywords$verifyTextPresent$4.call(Unknown Source)
	at VLinkSale-Successful.run(VLinkSale-Successful:76)
	at com.kms.katalon.core.main.ScriptEngine.run(ScriptEngine.java:194)
	at com.kms.katalon.core.main.ScriptEngine.runScriptAsRawText(ScriptEngine.java:119)
	at com.kms.katalon.core.main.TestCaseExecutor.runScript(TestCaseExecutor.java:337)
	at com.kms.katalon.core.main.TestCaseExecutor.doExecute(TestCaseExecutor.java:328)
	at com.kms.katalon.core.main.TestCaseExecutor.processExecutionPhase(TestCaseExecutor.java:307)
	at com.kms.katalon.core.main.TestCaseExecutor.accessMainPhase(TestCaseExecutor.java:299)
	at com.kms.katalon.core.main.TestCaseExecutor.execute(TestCaseExecutor.java:233)
	at com.kms.katalon.core.main.TestSuiteExecutor.accessTestCaseMainPhase(TestSuiteExecutor.java:169)
	at com.kms.katalon.core.main.TestSuiteExecutor.accessTestSuiteMainPhase(TestSuiteExecutor.java:142)
	at com.kms.katalon.core.main.TestSuiteExecutor.execute(TestSuiteExecutor.java:91)
	at com.kms.katalon.core.main.TestCaseMain.startTestSuite(TestCaseMain.java:157)
	at com.kms.katalon.core.main.TestCaseMain$startTestSuite$0.call(Unknown Source)
	at TempTestSuite1614916340834.run(TempTestSuite1614916340834.groovy:37)
Caused by: com.kms.katalon.core.exception.StepFailedException: Text 'Transaction approved, no errors' is not present on page  using regular expression
	... 23 more]]></system-out>
      <system-err><![CDATA[2021-03-04 22:52:23 - [TEST_SUITE][FAILED] - QA Smoke Test: Test Cases/VLink/QA/VLinkSale-Successful FAILED.
Reason:
com.kms.katalon.core.exception.StepFailedException: Text 'Transaction approved, no errors' is not present on page  using regular expression (Root cause: com.kms.katalon.core.exception.StepFailedException: Text 'Transaction approved, no errors' is not present on page  using regular expression
	at com.kms.katalon.core.webui.keyword.internal.WebUIKeywordMain.stepFailed(WebUIKeywordMain.groovy:64)
	at com.kms.katalon.core.webui.keyword.builtin.VerifyTextPresentKeyword$_verifyTextPresent_closure1.doCall(VerifyTextPresentKeyword.groovy:79)
	at com.kms.katalon.core.webui.keyword.builtin.VerifyTextPresentKeyword$_verifyTextPresent_closure1.call(VerifyTextPresentKeyword.groovy)
	at com.kms.katalon.core.webui.keyword.internal.WebUIKeywordMain.runKeyword(WebUIKeywordMain.groovy:20)
	at com.kms.katalon.core.webui.keyword.builtin.VerifyTextPresentKeyword.verifyTextPresent(VerifyTextPresentKeyword.groovy:83)
	at com.kms.katalon.core.webui.keyword.builtin.VerifyTextPresentKeyword.execute(VerifyTextPresentKeyword.groovy:68)
	at com.kms.katalon.core.keyword.internal.KeywordExecutor.executeKeywordForPlatform(KeywordExecutor.groovy:72)
	at com.kms.katalon.core.webui.keyword.WebUiBuiltInKeywords.verifyTextPresent(WebUiBuiltInKeywords.groovy:1719)
	at com.kms.katalon.core.webui.keyword.WebUiBuiltInKeywords$verifyTextPresent$4.call(Unknown Source)
	at VLinkSale-Successful.run(VLinkSale-Successful:76)
	at com.kms.katalon.core.main.ScriptEngine.run(ScriptEngine.java:194)
	at com.kms.katalon.core.main.ScriptEngine.runScriptAsRawText(ScriptEngine.java:119)
	at com.kms.katalon.core.main.TestCaseExecutor.runScript(TestCaseExecutor.java:337)
	at com.kms.katalon.core.main.TestCaseExecutor.doExecute(TestCaseExecutor.java:328)
	at com.kms.katalon.core.main.TestCaseExecutor.processExecutionPhase(TestCaseExecutor.java:307)
	at com.kms.katalon.core.main.TestCaseExecutor.accessMainPhase(TestCaseExecutor.java:299)
	at com.kms.katalon.core.main.TestCaseExecutor.execute(TestCaseExecutor.java:233)
	at com.kms.katalon.core.main.TestSuiteExecutor.accessTestCaseMainPhase(TestSuiteExecutor.java:169)
	at com.kms.katalon.core.main.TestSuiteExecutor.accessTestSuiteMainPhase(TestSuiteExecutor.java:142)
	at com.kms.katalon.core.main.TestSuiteExecutor.execute(TestSuiteExecutor.java:91)
	at com.kms.katalon.core.main.TestCaseMain.startTestSuite(TestCaseMain.java:157)
	at com.kms.katalon.core.main.TestCaseMain$startTestSuite$0.call(Unknown Source)
	at TempTestSuite1614916340834.run(TempTestSuite1614916340834.groovy:37)
)
	at com.kms.katalon.core.keyword.internal.KeywordMain.stepFailed(KeywordMain.groovy:39)
	at com.kms.katalon.core.webui.keyword.internal.WebUIKeywordMain.stepFailed(WebUIKeywordMain.groovy:64)
	at com.kms.katalon.core.webui.keyword.builtin.VerifyTextPresentKeyword$_verifyTextPresent_closure1.doCall(VerifyTextPresentKeyword.groovy:79)
	at com.kms.katalon.core.webui.keyword.builtin.VerifyTextPresentKeyword$_verifyTextPresent_closure1.call(VerifyTextPresentKeyword.groovy)
	at com.kms.katalon.core.webui.keyword.internal.WebUIKeywordMain.runKeyword(WebUIKeywordMain.groovy:20)
	at com.kms.katalon.core.webui.keyword.builtin.VerifyTextPresentKeyword.verifyTextPresent(VerifyTextPresentKeyword.groovy:83)
	at com.kms.katalon.core.webui.keyword.builtin.VerifyTextPresentKeyword.execute(VerifyTextPresentKeyword.groovy:68)
	at com.kms.katalon.core.keyword.internal.KeywordExecutor.executeKeywordForPlatform(KeywordExecutor.groovy:72)
	at com.kms.katalon.core.webui.keyword.WebUiBuiltInKeywords.verifyTextPresent(WebUiBuiltInKeywords.groovy:1719)
	at com.kms.katalon.core.webui.keyword.WebUiBuiltInKeywords$verifyTextPresent$4.call(Unknown Source)
	at VLinkSale-Successful.run(VLinkSale-Successful:76)
	at com.kms.katalon.core.main.ScriptEngine.run(ScriptEngine.java:194)
	at com.kms.katalon.core.main.ScriptEngine.runScriptAsRawText(ScriptEngine.java:119)
	at com.kms.katalon.core.main.TestCaseExecutor.runScript(TestCaseExecutor.java:337)
	at com.kms.katalon.core.main.TestCaseExecutor.doExecute(TestCaseExecutor.java:328)
	at com.kms.katalon.core.main.TestCaseExecutor.processExecutionPhase(TestCaseExecutor.java:307)
	at com.kms.katalon.core.main.TestCaseExecutor.accessMainPhase(TestCaseExecutor.java:299)
	at com.kms.katalon.core.main.TestCaseExecutor.execute(TestCaseExecutor.java:233)
	at com.kms.katalon.core.main.TestSuiteExecutor.accessTestCaseMainPhase(TestSuiteExecutor.java:169)
	at com.kms.katalon.core.main.TestSuiteExecutor.accessTestSuiteMainPhase(TestSuiteExecutor.java:142)
	at com.kms.katalon.core.main.TestSuiteExecutor.execute(TestSuiteExecutor.java:91)
	at com.kms.katalon.core.main.TestCaseMain.startTestSuite(TestCaseMain.java:157)
	at com.kms.katalon.core.main.TestCaseMain$startTestSuite$0.call(Unknown Source)
	at TempTestSuite1614916340834.run(TempTestSuite1614916340834.groovy:37)
Caused by: com.kms.katalon.core.exception.StepFailedException: Text 'Transaction approved, no errors' is not present on page  using regular expression
	... 23 more]]></system-err>
   </testsuite>
</testsuites>
