<?xml version="1.0" encoding="UTF-8"?>
<testsuites name="IWP30 Smoke TestSuite" time="520.849" tests="1" failures="1" errors="0">
   <testsuite name="IWP30 Smoke TestSuite" tests="1" failures="1" errors="0" time="520.849" timestamp="2020-07-16 11:04:00" hostname="iahmed - DESKTOP-B2QI6NS.govolution.com" id="Test Suites/QA Smoke Test/IWP30 Smoke TestSuite">
      <properties>
         <property name="deviceName" value=""/>
         <property name="devicePlatform" value=""/>
         <property name="logFolder" value="C:\\Users\\iahmed\\Documents\\VPS-Smoke-Version001\\Reports\\20200716_110357\\QA Smoke Test\\IWP30 Smoke TestSuite\\20200716_110357"/>
         <property name="logFiles" value="C:\\Users\\iahmed\\Documents\\VPS-Smoke-Version001\\Reports\\20200716_110357\\QA Smoke Test\\IWP30 Smoke TestSuite\\20200716_110357\\execution0.log"/>
         <property name="attachments" value=""/>
         <property name="hostName" value="iahmed - DESKTOP-B2QI6NS.govolution.com"/>
         <property name="os" value="Windows 10 64bit"/>
         <property name="katalonVersion" value="7.5.10.1"/>
         <property name="browser" value="Chrome 83.0.4103.116"/>
         <property name="hostAddress" value="10.5.20.43"/>
         <property name="sessionId" value="ced9f7b373615f5ed7f415c82726684d"/>
         <property name="seleniumVersion" value="3.141.59"/>
         <property name="proxyInformation" value="ProxyInformation { proxyOption=NO_PROXY, proxyServerType=HTTP, username=, password=********, proxyServerAddress=, proxyServerPort=0, executionList=\&quot;\&quot;, isApplyToDesiredCapabilities=true }"/>
         <property name="platform" value="Windows 10"/>
      </properties>
      <testcase name="Test Cases/IntegratedWeb/IWP30/VerifyUINoCFCC" time="520.494" classname="Test Cases/IntegratedWeb/IWP30/VerifyUINoCFCC" status="FAILED">
         <failure type="FAILED" message="Test Cases/IntegratedWeb/IWP30/VerifyUINoCFCC FAILED.
Reason:
com.kms.katalon.core.exception.StepFailedException: Text 'Horath Tungsten' is not present on page  (Root cause: com.kms.katalon.core.exception.StepFailedException: Text 'Horath Tungsten' is not present on page 
	at com.kms.katalon.core.webui.keyword.internal.WebUIKeywordMain.stepFailed(WebUIKeywordMain.groovy:64)
	at com.kms.katalon.core.webui.keyword.builtin.VerifyTextPresentKeyword$_verifyTextPresent_closure1.doCall(VerifyTextPresentKeyword.groovy:79)
	at com.kms.katalon.core.webui.keyword.builtin.VerifyTextPresentKeyword$_verifyTextPresent_closure1.call(VerifyTextPresentKeyword.groovy)
	at com.kms.katalon.core.webui.keyword.internal.WebUIKeywordMain.runKeyword(WebUIKeywordMain.groovy:20)
	at com.kms.katalon.core.webui.keyword.builtin.VerifyTextPresentKeyword.verifyTextPresent(VerifyTextPresentKeyword.groovy:83)
	at com.kms.katalon.core.webui.keyword.builtin.VerifyTextPresentKeyword.execute(VerifyTextPresentKeyword.groovy:68)
	at com.kms.katalon.core.keyword.internal.KeywordExecutor.executeKeywordForPlatform(KeywordExecutor.groovy:72)
	at com.kms.katalon.core.webui.keyword.WebUiBuiltInKeywords.verifyTextPresent(WebUiBuiltInKeywords.groovy:1719)
	at com.kms.katalon.core.webui.keyword.WebUiBuiltInKeywords$verifyTextPresent$6.call(Unknown Source)
	at VerifyUINoCFCC.run(VerifyUINoCFCC:332)
	at com.kms.katalon.core.main.ScriptEngine.run(ScriptEngine.java:194)
	at com.kms.katalon.core.main.ScriptEngine.runScriptAsRawText(ScriptEngine.java:119)
	at com.kms.katalon.core.main.TestCaseExecutor.runScript(TestCaseExecutor.java:337)
	at com.kms.katalon.core.main.TestCaseExecutor.doExecute(TestCaseExecutor.java:328)
	at com.kms.katalon.core.main.TestCaseExecutor.processExecutionPhase(TestCaseExecutor.java:307)
	at com.kms.katalon.core.main.TestCaseExecutor.accessMainPhase(TestCaseExecutor.java:299)
	at com.kms.katalon.core.main.TestCaseExecutor.execute(TestCaseExecutor.java:233)
	at com.kms.katalon.core.main.TestSuiteExecutor.accessTestCaseMainPhase(TestSuiteExecutor.java:169)
	at com.kms.katalon.core.main.TestSuiteExecutor.accessTestSuiteMainPhase(TestSuiteExecutor.java:142)
	at com.kms.katalon.core.main.TestSuiteExecutor.execute(TestSuiteExecutor.java:91)
	at com.kms.katalon.core.main.TestCaseMain.startTestSuite(TestCaseMain.java:157)
	at com.kms.katalon.core.main.TestCaseMain$startTestSuite$0.call(Unknown Source)
	at TempTestSuite1594911837370.run(TempTestSuite1594911837370.groovy:37)
)
	at com.kms.katalon.core.keyword.internal.KeywordMain.stepFailed(KeywordMain.groovy:39)
	at com.kms.katalon.core.webui.keyword.internal.WebUIKeywordMain.stepFailed(WebUIKeywordMain.groovy:64)
	at com.kms.katalon.core.webui.keyword.builtin.VerifyTextPresentKeyword$_verifyTextPresent_closure1.doCall(VerifyTextPresentKeyword.groovy:79)
	at com.kms.katalon.core.webui.keyword.builtin.VerifyTextPresentKeyword$_verifyTextPresent_closure1.call(VerifyTextPresentKeyword.groovy)
	at com.kms.katalon.core.webui.keyword.internal.WebUIKeywordMain.runKeyword(WebUIKeywordMain.groovy:20)
	at com.kms.katalon.core.webui.keyword.builtin.VerifyTextPresentKeyword.verifyTextPresent(VerifyTextPresentKeyword.groovy:83)
	at com.kms.katalon.core.webui.keyword.builtin.VerifyTextPresentKeyword.execute(VerifyTextPresentKeyword.groovy:68)
	at com.kms.katalon.core.keyword.internal.KeywordExecutor.executeKeywordForPlatform(KeywordExecutor.groovy:72)
	at com.kms.katalon.core.webui.keyword.WebUiBuiltInKeywords.verifyTextPresent(WebUiBuiltInKeywords.groovy:1719)
	at com.kms.katalon.core.webui.keyword.WebUiBuiltInKeywords$verifyTextPresent$6.call(Unknown Source)
	at VerifyUINoCFCC.run(VerifyUINoCFCC:332)
	at com.kms.katalon.core.main.ScriptEngine.run(ScriptEngine.java:194)
	at com.kms.katalon.core.main.ScriptEngine.runScriptAsRawText(ScriptEngine.java:119)
	at com.kms.katalon.core.main.TestCaseExecutor.runScript(TestCaseExecutor.java:337)
	at com.kms.katalon.core.main.TestCaseExecutor.doExecute(TestCaseExecutor.java:328)
	at com.kms.katalon.core.main.TestCaseExecutor.processExecutionPhase(TestCaseExecutor.java:307)
	at com.kms.katalon.core.main.TestCaseExecutor.accessMainPhase(TestCaseExecutor.java:299)
	at com.kms.katalon.core.main.TestCaseExecutor.execute(TestCaseExecutor.java:233)
	at com.kms.katalon.core.main.TestSuiteExecutor.accessTestCaseMainPhase(TestSuiteExecutor.java:169)
	at com.kms.katalon.core.main.TestSuiteExecutor.accessTestSuiteMainPhase(TestSuiteExecutor.java:142)
	at com.kms.katalon.core.main.TestSuiteExecutor.execute(TestSuiteExecutor.java:91)
	at com.kms.katalon.core.main.TestCaseMain.startTestSuite(TestCaseMain.java:157)
	at com.kms.katalon.core.main.TestCaseMain$startTestSuite$0.call(Unknown Source)
	at TempTestSuite1594911837370.run(TempTestSuite1594911837370.groovy:37)
Caused by: com.kms.katalon.core.exception.StepFailedException: Text 'Horath Tungsten' is not present on page 
	... 23 more
"/>
         <system-out><![CDATA[2020-07-16 11:04:00 - [TEST_CASE][FAILED] - Test Cases/IntegratedWeb/IWP30/VerifyUINoCFCC: Test Cases/IntegratedWeb/IWP30/VerifyUINoCFCC FAILED.
Reason:
com.kms.katalon.core.exception.StepFailedException: Text 'Horath Tungsten' is not present on page  (Root cause: com.kms.katalon.core.exception.StepFailedException: Text 'Horath Tungsten' is not present on page 
	at com.kms.katalon.core.webui.keyword.internal.WebUIKeywordMain.stepFailed(WebUIKeywordMain.groovy:64)
	at com.kms.katalon.core.webui.keyword.builtin.VerifyTextPresentKeyword$_verifyTextPresent_closure1.doCall(VerifyTextPresentKeyword.groovy:79)
	at com.kms.katalon.core.webui.keyword.builtin.VerifyTextPresentKeyword$_verifyTextPresent_closure1.call(VerifyTextPresentKeyword.groovy)
	at com.kms.katalon.core.webui.keyword.internal.WebUIKeywordMain.runKeyword(WebUIKeywordMain.groovy:20)
	at com.kms.katalon.core.webui.keyword.builtin.VerifyTextPresentKeyword.verifyTextPresent(VerifyTextPresentKeyword.groovy:83)
	at com.kms.katalon.core.webui.keyword.builtin.VerifyTextPresentKeyword.execute(VerifyTextPresentKeyword.groovy:68)
	at com.kms.katalon.core.keyword.internal.KeywordExecutor.executeKeywordForPlatform(KeywordExecutor.groovy:72)
	at com.kms.katalon.core.webui.keyword.WebUiBuiltInKeywords.verifyTextPresent(WebUiBuiltInKeywords.groovy:1719)
	at com.kms.katalon.core.webui.keyword.WebUiBuiltInKeywords$verifyTextPresent$6.call(Unknown Source)
	at VerifyUINoCFCC.run(VerifyUINoCFCC:332)
	at com.kms.katalon.core.main.ScriptEngine.run(ScriptEngine.java:194)
	at com.kms.katalon.core.main.ScriptEngine.runScriptAsRawText(ScriptEngine.java:119)
	at com.kms.katalon.core.main.TestCaseExecutor.runScript(TestCaseExecutor.java:337)
	at com.kms.katalon.core.main.TestCaseExecutor.doExecute(TestCaseExecutor.java:328)
	at com.kms.katalon.core.main.TestCaseExecutor.processExecutionPhase(TestCaseExecutor.java:307)
	at com.kms.katalon.core.main.TestCaseExecutor.accessMainPhase(TestCaseExecutor.java:299)
	at com.kms.katalon.core.main.TestCaseExecutor.execute(TestCaseExecutor.java:233)
	at com.kms.katalon.core.main.TestSuiteExecutor.accessTestCaseMainPhase(TestSuiteExecutor.java:169)
	at com.kms.katalon.core.main.TestSuiteExecutor.accessTestSuiteMainPhase(TestSuiteExecutor.java:142)
	at com.kms.katalon.core.main.TestSuiteExecutor.execute(TestSuiteExecutor.java:91)
	at com.kms.katalon.core.main.TestCaseMain.startTestSuite(TestCaseMain.java:157)
	at com.kms.katalon.core.main.TestCaseMain$startTestSuite$0.call(Unknown Source)
	at TempTestSuite1594911837370.run(TempTestSuite1594911837370.groovy:37)
)
	at com.kms.katalon.core.keyword.internal.KeywordMain.stepFailed(KeywordMain.groovy:39)
	at com.kms.katalon.core.webui.keyword.internal.WebUIKeywordMain.stepFailed(WebUIKeywordMain.groovy:64)
	at com.kms.katalon.core.webui.keyword.builtin.VerifyTextPresentKeyword$_verifyTextPresent_closure1.doCall(VerifyTextPresentKeyword.groovy:79)
	at com.kms.katalon.core.webui.keyword.builtin.VerifyTextPresentKeyword$_verifyTextPresent_closure1.call(VerifyTextPresentKeyword.groovy)
	at com.kms.katalon.core.webui.keyword.internal.WebUIKeywordMain.runKeyword(WebUIKeywordMain.groovy:20)
	at com.kms.katalon.core.webui.keyword.builtin.VerifyTextPresentKeyword.verifyTextPresent(VerifyTextPresentKeyword.groovy:83)
	at com.kms.katalon.core.webui.keyword.builtin.VerifyTextPresentKeyword.execute(VerifyTextPresentKeyword.groovy:68)
	at com.kms.katalon.core.keyword.internal.KeywordExecutor.executeKeywordForPlatform(KeywordExecutor.groovy:72)
	at com.kms.katalon.core.webui.keyword.WebUiBuiltInKeywords.verifyTextPresent(WebUiBuiltInKeywords.groovy:1719)
	at com.kms.katalon.core.webui.keyword.WebUiBuiltInKeywords$verifyTextPresent$6.call(Unknown Source)
	at VerifyUINoCFCC.run(VerifyUINoCFCC:332)
	at com.kms.katalon.core.main.ScriptEngine.run(ScriptEngine.java:194)
	at com.kms.katalon.core.main.ScriptEngine.runScriptAsRawText(ScriptEngine.java:119)
	at com.kms.katalon.core.main.TestCaseExecutor.runScript(TestCaseExecutor.java:337)
	at com.kms.katalon.core.main.TestCaseExecutor.doExecute(TestCaseExecutor.java:328)
	at com.kms.katalon.core.main.TestCaseExecutor.processExecutionPhase(TestCaseExecutor.java:307)
	at com.kms.katalon.core.main.TestCaseExecutor.accessMainPhase(TestCaseExecutor.java:299)
	at com.kms.katalon.core.main.TestCaseExecutor.execute(TestCaseExecutor.java:233)
	at com.kms.katalon.core.main.TestSuiteExecutor.accessTestCaseMainPhase(TestSuiteExecutor.java:169)
	at com.kms.katalon.core.main.TestSuiteExecutor.accessTestSuiteMainPhase(TestSuiteExecutor.java:142)
	at com.kms.katalon.core.main.TestSuiteExecutor.execute(TestSuiteExecutor.java:91)
	at com.kms.katalon.core.main.TestCaseMain.startTestSuite(TestCaseMain.java:157)
	at com.kms.katalon.core.main.TestCaseMain$startTestSuite$0.call(Unknown Source)
	at TempTestSuite1594911837370.run(TempTestSuite1594911837370.groovy:37)
Caused by: com.kms.katalon.core.exception.StepFailedException: Text 'Horath Tungsten' is not present on page 
	... 23 more


2020-07-16 11:04:00 - [TEST_STEP][PASSED] - numOfRows = findTestData("VerifyUINoCFCCTestData").getRowNumbers(): null

2020-07-16 11:04:01 - [TEST_STEP][PASSED] - println(numOfRows): null

2020-07-16 11:04:01 - [TEST_STEP][PASSED] - dataFile = "VerifyUINoCFCCTestData": null

2020-07-16 11:04:01 - [TEST_STEP][FAILED] - for ([row = 1, row <= numOfRows, (row++)]): null

2020-07-16 11:04:01 - [TEST_STEP][PASSED] - openBrowser(urlEmulator): Browser is opened with url: 'https://qa.velocitypayment.com/agency/config.do?action=editor'

2020-07-16 11:04:02 - [MESSAGE][INFO] - Starting 'Chrome' driver

2020-07-16 11:04:02 - [MESSAGE][INFO] - User set preference: ['acceptInsecureCerts', 'true']

2020-07-16 11:04:02 - [MESSAGE][INFO] - Action delay is set to 0 milliseconds

2020-07-16 11:04:07 - [MESSAGE][PASSED] - Browser is opened with url: 'https://qa.velocitypayment.com/agency/config.do?action=editor'

2020-07-16 11:04:07 - [TEST_STEP][PASSED] - maximizeWindow(): Current window maximized

2020-07-16 11:04:07 - [MESSAGE][PASSED] - Current window maximized

2020-07-16 11:04:07 - [TEST_STEP][PASSED] - iwpPages.emulatorIWP30.setDataEmulatorStandard(): iwpPages.emulatorIWP30.setDataEmulatorStandard is PASSED

2020-07-16 11:04:08 - [MESSAGE][PASSED] - Object 'Object Repository/IWP30/Page_VRelay30Emulator/Amount' is present

2020-07-16 11:04:09 - [MESSAGE][PASSED] - All options with value '3.0' are selected in object 'Object Repository/IWP30/Page_VRelay30Emulator/MV'  using regular expression

2020-07-16 11:04:10 - [MESSAGE][PASSED] - Text '10.50' is set on object 'Object Repository/IWP30/Page_VRelay30Emulator/Amount'

2020-07-16 11:04:10 - [MESSAGE][PASSED] - Text '54654701' is set on object 'Object Repository/IWP30/Page_VRelay30Emulator/CAN'

2020-07-16 11:04:11 - [MESSAGE][PASSED] - Text 'PayNow' is set on object 'Object Repository/IWP30/Page_VRelay30Emulator/Action'

2020-07-16 11:04:12 - [MESSAGE][PASSED] - Text 'en_US' is set on object 'Object Repository/IWP30/Page_VRelay30Emulator/Lang'

2020-07-16 11:04:12 - [MESSAGE][PASSED] - Text '' is set on object 'Object Repository/IWP30/Page_VRelay30Emulator/Fname'

2020-07-16 11:04:13 - [MESSAGE][PASSED] - Text '' is set on object 'Object Repository/IWP30/Page_VRelay30Emulator/Lname'

2020-07-16 11:04:13 - [MESSAGE][PASSED] - Text '' is set on object 'Object Repository/IWP30/Page_VRelay30Emulator/AL1'

2020-07-16 11:04:14 - [MESSAGE][PASSED] - Text '' is set on object 'Object Repository/IWP30/Page_VRelay30Emulator/AL2'

2020-07-16 11:04:15 - [MESSAGE][PASSED] - Text '' is set on object 'Object Repository/IWP30/Page_VRelay30Emulator/Country'

2020-07-16 11:04:15 - [MESSAGE][PASSED] - Text '' is set on object 'Object Repository/IWP30/Page_VRelay30Emulator/City'

2020-07-16 11:04:16 - [MESSAGE][PASSED] - Text '' is set on object 'Object Repository/IWP30/Page_VRelay30Emulator/State'

2020-07-16 11:04:17 - [MESSAGE][PASSED] - Text '' is set on object 'Object Repository/IWP30/Page_VRelay30Emulator/ZIP'

2020-07-16 11:04:17 - [MESSAGE][PASSED] - Text '' is set on object 'Object Repository/IWP30/Page_VRelay30Emulator/Order'

2020-07-16 11:04:18 - [MESSAGE][PASSED] - Text '' is set on object 'Object Repository/IWP30/Page_VRelay30Emulator/Company'

2020-07-16 11:04:19 - [MESSAGE][PASSED] - Text '' is set on object 'Object Repository/IWP30/Page_VRelay30Emulator/Email'

2020-07-16 11:04:19 - [MESSAGE][PASSED] - Text '' is set on object 'Object Repository/IWP30/Page_VRelay30Emulator/UDF1'

2020-07-16 11:04:20 - [MESSAGE][PASSED] - Text '' is set on object 'Object Repository/IWP30/Page_VRelay30Emulator/UDF2'

2020-07-16 11:04:21 - [MESSAGE][PASSED] - Text 'data 3' is set on object 'Object Repository/IWP30/Page_VRelay30Emulator/UDF3'

2020-07-16 11:04:21 - [MESSAGE][PASSED] - Text 'data 4' is set on object 'Object Repository/IWP30/Page_VRelay30Emulator/UDF4'

2020-07-16 11:04:22 - [MESSAGE][PASSED] - Text 'data 5' is set on object 'Object Repository/IWP30/Page_VRelay30Emulator/UDF5'

2020-07-16 11:04:23 - [MESSAGE][PASSED] - Text 'data 6' is set on object 'Object Repository/IWP30/Page_VRelay30Emulator/UDF6'

2020-07-16 11:04:23 - [MESSAGE][PASSED] - Text 'Orange' is set on object 'Object Repository/IWP30/Page_VRelay30Emulator/UDF7'

2020-07-16 11:04:24 - [MESSAGE][PASSED] - Text 'Soccer' is set on object 'Object Repository/IWP30/Page_VRelay30Emulator/UDF8'

2020-07-16 11:04:25 - [MESSAGE][PASSED] - Text 'data 9' is set on object 'Object Repository/IWP30/Page_VRelay30Emulator/UDF9'

2020-07-16 11:04:26 - [MESSAGE][PASSED] - Text 'data 10' is set on object 'Object Repository/IWP30/Page_VRelay30Emulator/UDF10'

2020-07-16 11:04:28 - [MESSAGE][PASSED] - Object: 'Object Repository/IWP30/Page_VRelay30Emulator/Submit' is clicked on

2020-07-16 11:04:34 - [MESSAGE][PASSED] - Browser is closed

2020-07-16 11:04:34 - [MESSAGE][PASSED] - iwpPages.emulatorIWP30.setDataEmulatorStandard is PASSED

2020-07-16 11:04:34 - [TEST_STEP][PASSED] - openBrowser(urlTestHarness): Browser is opened with url: 'https://dev-algorithm.govolution.com/vrelaytest/QA/version_2_2/vrelaytest.html'

2020-07-16 11:04:34 - [MESSAGE][INFO] - Starting 'Chrome' driver

2020-07-16 11:04:34 - [MESSAGE][INFO] - User set preference: ['acceptInsecureCerts', 'true']

2020-07-16 11:04:34 - [MESSAGE][INFO] - Action delay is set to 0 milliseconds

2020-07-16 11:04:38 - [MESSAGE][PASSED] - Browser is opened with url: 'https://dev-algorithm.govolution.com/vrelaytest/QA/version_2_2/vrelaytest.html'

2020-07-16 11:04:38 - [TEST_STEP][PASSED] - maximizeWindow(): Current window maximized

2020-07-16 11:04:38 - [MESSAGE][PASSED] - Current window maximized

2020-07-16 11:04:38 - [TEST_STEP][PASSED] - genRemIDVoid = RandomStringUtils.random(12, true, true): null

2020-07-16 11:04:38 - [TEST_STEP][PASSED] - if (verifyElementPresent(findTestObject("Object Repository/IWP30/Page_QATestHarness/RemittanceID"), 30)): null

2020-07-16 11:04:39 - [MESSAGE][PASSED] - Object 'Object Repository/IWP30/Page_QATestHarness/RemittanceID' is present

2020-07-16 11:04:39 - [TEST_STEP][PASSED] - println("We are on Test Harness page, start populating"): null

2020-07-16 11:04:39 - [TEST_STEP][PASSED] - setText(findTestObject("Object Repository/IWP30/Page_QATestHarness/ApplicationID"), "649"): Text '649' is set on object 'Object Repository/IWP30/Page_QATestHarness/ApplicationID'

2020-07-16 11:04:39 - [MESSAGE][PASSED] - Text '649' is set on object 'Object Repository/IWP30/Page_QATestHarness/ApplicationID'

2020-07-16 11:04:39 - [TEST_STEP][PASSED] - setText(findTestObject("Object Repository/IWP30/Page_QATestHarness/MessageVersion"), "3.0"): Text '3.0' is set on object 'Object Repository/IWP30/Page_QATestHarness/MessageVersion'

2020-07-16 11:04:40 - [MESSAGE][PASSED] - Text '3.0' is set on object 'Object Repository/IWP30/Page_QATestHarness/MessageVersion'

2020-07-16 11:04:40 - [TEST_STEP][PASSED] - setText(findTestObject("Object Repository/IWP30/Page_QATestHarness/RemittanceID"), genRemIDVoid): Text 'RIcd3KFSrwIE' is set on object 'Object Repository/IWP30/Page_QATestHarness/RemittanceID'

2020-07-16 11:04:41 - [MESSAGE][PASSED] - Text 'RIcd3KFSrwIE' is set on object 'Object Repository/IWP30/Page_QATestHarness/RemittanceID'

2020-07-16 11:04:41 - [TEST_STEP][PASSED] - click(findTestObject("Object Repository/IWP30/Page_QATestHarness/SubmitButton")): Object: 'Object Repository/IWP30/Page_QATestHarness/SubmitButton' is clicked on

2020-07-16 11:04:46 - [MESSAGE][PASSED] - Object: 'Object Repository/IWP30/Page_QATestHarness/SubmitButton' is clicked on

2020-07-16 11:04:46 - [TEST_STEP][PASSED] - verifyTextPresent("Select Payment Method", false): Text 'Select Payment Method' is present on page 

2020-07-16 11:04:47 - [MESSAGE][PASSED] - Text 'Select Payment Method' is present on page 

2020-07-16 11:04:47 - [TEST_STEP][PASSED] - verifyTextPresent("Please choose the method of payment", false): Text 'Please choose the method of payment' is present on page 

2020-07-16 11:04:47 - [MESSAGE][PASSED] - Text 'Please choose the method of payment' is present on page 

2020-07-16 11:04:47 - [TEST_STEP][PASSED] - verifyElementPresent(findTestObject("Object Repository/IWP30/Page_SelectPaymentMethod/PayByCreditCard"), 30): Object 'Object Repository/IWP30/Page_SelectPaymentMethod/PayByCreditCard' is present

2020-07-16 11:04:47 - [MESSAGE][PASSED] - Object 'Object Repository/IWP30/Page_SelectPaymentMethod/PayByCreditCard' is present

2020-07-16 11:04:47 - [TEST_STEP][PASSED] - verifyElementPresent(findTestObject("Object Repository/IWP30/Page_SelectPaymentMethod/PayByCorporateCheck"), 30): Object 'Object Repository/IWP30/Page_SelectPaymentMethod/PayByCorporateCheck' is present

2020-07-16 11:04:47 - [MESSAGE][PASSED] - Object 'Object Repository/IWP30/Page_SelectPaymentMethod/PayByCorporateCheck' is present

2020-07-16 11:04:47 - [TEST_STEP][PASSED] - verifyElementPresent(findTestObject("Object Repository/IWP30/Page_SelectPaymentMethod/PayByPersonalCheck"), 30): Object 'Object Repository/IWP30/Page_SelectPaymentMethod/PayByPersonalCheck' is present

2020-07-16 11:04:48 - [MESSAGE][PASSED] - Object 'Object Repository/IWP30/Page_SelectPaymentMethod/PayByPersonalCheck' is present

2020-07-16 11:04:48 - [TEST_STEP][PASSED] - verifyElementPresent(findTestObject("Object Repository/IWP30/Page_SelectPaymentMethod/ExitButton"), 30): Object 'Object Repository/IWP30/Page_SelectPaymentMethod/ExitButton' is present

2020-07-16 11:04:48 - [MESSAGE][PASSED] - Object 'Object Repository/IWP30/Page_SelectPaymentMethod/ExitButton' is present

2020-07-16 11:04:48 - [TEST_STEP][PASSED] - if (verifyElementPresent(findTestObject("Object Repository/IWP30/Page_SelectPaymentMethod/PayByCreditCard"), 30)): null

2020-07-16 11:04:48 - [MESSAGE][PASSED] - Object 'Object Repository/IWP30/Page_SelectPaymentMethod/PayByCreditCard' is present

2020-07-16 11:04:48 - [TEST_STEP][PASSED] - println("We are on Select Payment Method page, start populating"): null

2020-07-16 11:04:48 - [TEST_STEP][PASSED] - check(findTestObject("Object Repository/IWP30/Page_SelectPaymentMethod/PayByCreditCard")): Object 'Object Repository/IWP30/Page_SelectPaymentMethod/PayByCreditCard' is checked

2020-07-16 11:04:49 - [MESSAGE][PASSED] - Object 'Object Repository/IWP30/Page_SelectPaymentMethod/PayByCreditCard' is checked

2020-07-16 11:04:49 - [TEST_STEP][PASSED] - Thread.sleep(1000): null

2020-07-16 11:04:50 - [TEST_STEP][PASSED] - click(findTestObject("Object Repository/IWP30/Page_SelectPaymentMethod/MakePaymentButton")): Object: 'Object Repository/IWP30/Page_SelectPaymentMethod/MakePaymentButton' is clicked on

2020-07-16 11:04:51 - [MESSAGE][PASSED] - Object: 'Object Repository/IWP30/Page_SelectPaymentMethod/MakePaymentButton' is clicked on

2020-07-16 11:04:51 - [TEST_STEP][PASSED] - verifyTextPresent("Required fields are highlighted with an asterisk", false): Text 'Required fields are highlighted with an asterisk' is present on page 

2020-07-16 11:04:51 - [MESSAGE][PASSED] - Text 'Required fields are highlighted with an asterisk' is present on page 

2020-07-16 11:04:51 - [TEST_STEP][PASSED] - verifyTextPresent("Please enter the following information about your payment", false): Text 'Please enter the following information about your payment' is present on page 

2020-07-16 11:04:52 - [MESSAGE][PASSED] - Text 'Please enter the following information about your payment' is present on page 

2020-07-16 11:04:52 - [TEST_STEP][PASSED] - verifyTextPresent("CAN Label", false): Text 'CAN Label' is present on page 

2020-07-16 11:04:52 - [MESSAGE][PASSED] - Text 'CAN Label' is present on page 

2020-07-16 11:04:52 - [TEST_STEP][PASSED] - verifyTextPresent("Tax Amount", false): Text 'Tax Amount' is present on page 

2020-07-16 11:04:53 - [MESSAGE][PASSED] - Text 'Tax Amount' is present on page 

2020-07-16 11:04:53 - [TEST_STEP][PASSED] - verifyTextPresent("Amount", false): Text 'Amount' is present on page 

2020-07-16 11:04:53 - [MESSAGE][PASSED] - Text 'Amount' is present on page 

2020-07-16 11:04:53 - [TEST_STEP][PASSED] - verifyTextPresent("UDF1 Label", false): Text 'UDF1 Label' is present on page 

2020-07-16 11:04:53 - [MESSAGE][PASSED] - Text 'UDF1 Label' is present on page 

2020-07-16 11:04:53 - [TEST_STEP][PASSED] - verifyTextPresent("UDF2 Label", false): Text 'UDF2 Label' is present on page 

2020-07-16 11:04:54 - [MESSAGE][PASSED] - Text 'UDF2 Label' is present on page 

2020-07-16 11:04:54 - [TEST_STEP][PASSED] - verifyTextPresent("UDF3 Label", false): Text 'UDF3 Label' is present on page 

2020-07-16 11:04:54 - [MESSAGE][PASSED] - Text 'UDF3 Label' is present on page 

2020-07-16 11:04:54 - [TEST_STEP][PASSED] - verifyTextPresent("UDF4 Label", false): Text 'UDF4 Label' is present on page 

2020-07-16 11:04:55 - [MESSAGE][PASSED] - Text 'UDF4 Label' is present on page 

2020-07-16 11:04:55 - [TEST_STEP][PASSED] - verifyTextPresent("UDF6 Label", false): Text 'UDF6 Label' is present on page 

2020-07-16 11:04:55 - [MESSAGE][PASSED] - Text 'UDF6 Label' is present on page 

2020-07-16 11:04:55 - [TEST_STEP][PASSED] - verifyTextPresent("UDF7 Label", false): Text 'UDF7 Label' is present on page 

2020-07-16 11:04:55 - [MESSAGE][PASSED] - Text 'UDF7 Label' is present on page 

2020-07-16 11:04:55 - [TEST_STEP][PASSED] - verifyTextPresent("UDF8 Label", false): Text 'UDF8 Label' is present on page 

2020-07-16 11:04:56 - [MESSAGE][PASSED] - Text 'UDF8 Label' is present on page 

2020-07-16 11:04:56 - [TEST_STEP][PASSED] - verifyTextPresent("UDF9 Label", false): Text 'UDF9 Label' is present on page 

2020-07-16 11:04:56 - [MESSAGE][PASSED] - Text 'UDF9 Label' is present on page 

2020-07-16 11:04:56 - [TEST_STEP][PASSED] - verifyTextPresent("Please enter the following information about your payment method", false): Text 'Please enter the following information about your payment method' is present on page 

2020-07-16 11:04:57 - [MESSAGE][PASSED] - Text 'Please enter the following information about your payment method' is present on page 

2020-07-16 11:04:57 - [TEST_STEP][PASSED] - verifyTextPresent("Cardholder's Name", false): Text 'Cardholder's Name' is present on page 

2020-07-16 11:04:57 - [MESSAGE][PASSED] - Text 'Cardholder's Name' is present on page 

2020-07-16 11:04:57 - [TEST_STEP][PASSED] - verifyTextPresent("Cards Accepted", false): Text 'Cards Accepted' is present on page 

2020-07-16 11:04:57 - [MESSAGE][PASSED] - Text 'Cards Accepted' is present on page 

2020-07-16 11:04:57 - [TEST_STEP][PASSED] - verifyTextPresent("Card Number", false): Text 'Card Number' is present on page 

2020-07-16 11:04:58 - [MESSAGE][PASSED] - Text 'Card Number' is present on page 

2020-07-16 11:04:58 - [TEST_STEP][PASSED] - verifyTextPresent("Signature Panel Code", false): Text 'Signature Panel Code' is present on page 

2020-07-16 11:04:58 - [MESSAGE][PASSED] - Text 'Signature Panel Code' is present on page 

2020-07-16 11:04:58 - [TEST_STEP][PASSED] - verifyTextPresent("Expiration Date", false): Text 'Expiration Date' is present on page 

2020-07-16 11:04:59 - [MESSAGE][PASSED] - Text 'Expiration Date' is present on page 

2020-07-16 11:04:59 - [TEST_STEP][PASSED] - verifyTextPresent("Payment Date", false): Text 'Payment Date' is present on page 

2020-07-16 11:04:59 - [MESSAGE][PASSED] - Text 'Payment Date' is present on page 

2020-07-16 11:04:59 - [TEST_STEP][PASSED] - verifyTextPresent("Billing information", false): Text 'Billing information' is present on page 

2020-07-16 11:05:00 - [MESSAGE][PASSED] - Text 'Billing information' is present on page 

2020-07-16 11:05:00 - [TEST_STEP][PASSED] - verifyTextPresent("Address Line 1", false): Text 'Address Line 1' is present on page 

2020-07-16 11:05:00 - [MESSAGE][PASSED] - Text 'Address Line 1' is present on page 

2020-07-16 11:05:00 - [TEST_STEP][PASSED] - verifyTextPresent("Address Line 2", false): Text 'Address Line 2' is present on page 

2020-07-16 11:05:00 - [MESSAGE][PASSED] - Text 'Address Line 2' is present on page 

2020-07-16 11:05:00 - [TEST_STEP][PASSED] - verifyTextPresent("Country", false): Text 'Country' is present on page 

2020-07-16 11:05:01 - [MESSAGE][PASSED] - Text 'Country' is present on page 

2020-07-16 11:05:01 - [TEST_STEP][PASSED] - verifyTextPresent("ZIP Code", false): Text 'ZIP Code' is present on page 

2020-07-16 11:05:01 - [MESSAGE][PASSED] - Text 'ZIP Code' is present on page 

2020-07-16 11:05:01 - [TEST_STEP][PASSED] - verifyTextPresent("City", false): Text 'City' is present on page 

2020-07-16 11:05:02 - [MESSAGE][PASSED] - Text 'City' is present on page 

2020-07-16 11:05:02 - [TEST_STEP][PASSED] - verifyTextPresent("State", false): Text 'State' is present on page 

2020-07-16 11:05:02 - [MESSAGE][PASSED] - Text 'State' is present on page 

2020-07-16 11:05:02 - [TEST_STEP][PASSED] - verifyTextPresent("Receipt information", false): Text 'Receipt information' is present on page 

2020-07-16 11:05:02 - [MESSAGE][PASSED] - Text 'Receipt information' is present on page 

2020-07-16 11:05:02 - [TEST_STEP][PASSED] - verifyTextPresent("Email Address", false): Text 'Email Address' is present on page 

2020-07-16 11:05:03 - [MESSAGE][PASSED] - Text 'Email Address' is present on page 

2020-07-16 11:05:03 - [TEST_STEP][PASSED] - verifyTextPresent("Please check here to store the payment method for future use", false): Text 'Please check here to store the payment method for future use' is present on page 

2020-07-16 11:05:03 - [MESSAGE][PASSED] - Text 'Please check here to store the payment method for future use' is present on page 

2020-07-16 11:05:03 - [TEST_STEP][PASSED] - verifyTextPresent("These are Customer CC Terms", false): Text 'These are Customer CC Terms' is present on page 

2020-07-16 11:05:04 - [MESSAGE][PASSED] - Text 'These are Customer CC Terms' is present on page 

2020-07-16 11:05:04 - [TEST_STEP][PASSED] - verifyTextPresent("These are CC Custom HTML", false): Text 'These are CC Custom HTML' is present on page 

2020-07-16 11:05:04 - [MESSAGE][PASSED] - Text 'These are CC Custom HTML' is present on page 

2020-07-16 11:05:04 - [TEST_STEP][PASSED] - verifyTextPresent("54654701", false): Text '54654701' is present on page 

2020-07-16 11:05:05 - [MESSAGE][PASSED] - Text '54654701' is present on page 

2020-07-16 11:05:05 - [TEST_STEP][PASSED] - verifyTextPresent("data 4", false): Text 'data 4' is present on page 

2020-07-16 11:05:05 - [MESSAGE][PASSED] - Text 'data 4' is present on page 

2020-07-16 11:05:05 - [TEST_STEP][PASSED] - verifyTextPresent("data 6", false): Text 'data 6' is present on page 

2020-07-16 11:05:05 - [MESSAGE][PASSED] - Text 'data 6' is present on page 

2020-07-16 11:05:05 - [TEST_STEP][PASSED] - verifyTextPresent("data 9", false): Text 'data 9' is present on page 

2020-07-16 11:05:06 - [MESSAGE][PASSED] - Text 'data 9' is present on page 

2020-07-16 11:05:06 - [TEST_STEP][PASSED] - verifyTextNotPresent("UDF5 Label", false): Text 'UDF5 Label' is not present on page

2020-07-16 11:05:06 - [MESSAGE][PASSED] - Text 'UDF5 Label' is not present on page

2020-07-16 11:05:06 - [TEST_STEP][PASSED] - verifyTextNotPresent("UDF10 Label", false): Text 'UDF10 Label' is not present on page

2020-07-16 11:05:07 - [MESSAGE][PASSED] - Text 'UDF10 Label' is not present on page

2020-07-16 11:05:07 - [TEST_STEP][PASSED] - verifyElementPresent(findTestObject("Object Repository/IWP30/Page_CCPaymentEntry/Amount"), 30): Object 'Object Repository/IWP30/Page_CCPaymentEntry/Amount' is present

2020-07-16 11:05:07 - [MESSAGE][PASSED] - Object 'Object Repository/IWP30/Page_CCPaymentEntry/Amount' is present

2020-07-16 11:05:07 - [TEST_STEP][PASSED] - verifyElementPresent(findTestObject("Object Repository/IWP30/Page_CCPaymentEntry/UserDefined2"), 30): Object 'Object Repository/IWP30/Page_CCPaymentEntry/UserDefined2' is present

2020-07-16 11:05:07 - [MESSAGE][PASSED] - Object 'Object Repository/IWP30/Page_CCPaymentEntry/UserDefined2' is present

2020-07-16 11:05:07 - [TEST_STEP][PASSED] - verifyElementPresent(findTestObject("Object Repository/IWP30/Page_CCPaymentEntry/UserDefined3"), 30): Object 'Object Repository/IWP30/Page_CCPaymentEntry/UserDefined3' is present

2020-07-16 11:05:08 - [MESSAGE][PASSED] - Object 'Object Repository/IWP30/Page_CCPaymentEntry/UserDefined3' is present

2020-07-16 11:05:08 - [TEST_STEP][PASSED] - verifyElementPresent(findTestObject("Object Repository/IWP30/Page_CCPaymentEntry/UserDefined7"), 30): Object 'Object Repository/IWP30/Page_CCPaymentEntry/UserDefined7' is present

2020-07-16 11:05:08 - [MESSAGE][PASSED] - Object 'Object Repository/IWP30/Page_CCPaymentEntry/UserDefined7' is present

2020-07-16 11:05:08 - [TEST_STEP][PASSED] - verifyElementPresent(findTestObject("Object Repository/IWP30/Page_CCPaymentEntry/UserDefined8"), 30): Object 'Object Repository/IWP30/Page_CCPaymentEntry/UserDefined8' is present

2020-07-16 11:05:08 - [MESSAGE][PASSED] - Object 'Object Repository/IWP30/Page_CCPaymentEntry/UserDefined8' is present

2020-07-16 11:05:08 - [TEST_STEP][PASSED] - verifyElementPresent(findTestObject("Object Repository/IWP30/Page_CCPaymentEntry/Name"), 30): Object 'Object Repository/IWP30/Page_CCPaymentEntry/Name' is present

2020-07-16 11:05:09 - [MESSAGE][PASSED] - Object 'Object Repository/IWP30/Page_CCPaymentEntry/Name' is present

2020-07-16 11:05:09 - [TEST_STEP][PASSED] - verifyElementPresent(findTestObject("Object Repository/IWP30/Page_CCPaymentEntry/CardNumber"), 30): Object 'Object Repository/IWP30/Page_CCPaymentEntry/CardNumber' is present

2020-07-16 11:05:09 - [MESSAGE][PASSED] - Object 'Object Repository/IWP30/Page_CCPaymentEntry/CardNumber' is present

2020-07-16 11:05:09 - [TEST_STEP][PASSED] - verifyElementPresent(findTestObject("Object Repository/IWP30/Page_CCPaymentEntry/SPC"), 30): Object 'Object Repository/IWP30/Page_CCPaymentEntry/SPC' is present

2020-07-16 11:05:09 - [MESSAGE][PASSED] - Object 'Object Repository/IWP30/Page_CCPaymentEntry/SPC' is present

2020-07-16 11:05:09 - [TEST_STEP][PASSED] - verifyElementPresent(findTestObject("Object Repository/IWP30/Page_CCPaymentEntry/Month"), 30): Object 'Object Repository/IWP30/Page_CCPaymentEntry/Month' is present

2020-07-16 11:05:10 - [MESSAGE][PASSED] - Object 'Object Repository/IWP30/Page_CCPaymentEntry/Month' is present

2020-07-16 11:05:10 - [TEST_STEP][PASSED] - verifyElementPresent(findTestObject("Object Repository/IWP30/Page_CCPaymentEntry/Year"), 30): Object 'Object Repository/IWP30/Page_CCPaymentEntry/Year' is present

2020-07-16 11:05:10 - [MESSAGE][PASSED] - Object 'Object Repository/IWP30/Page_CCPaymentEntry/Year' is present

2020-07-16 11:05:10 - [TEST_STEP][PASSED] - verifyElementPresent(findTestObject("Object Repository/IWP30/Page_CCPaymentEntry/ProcessDate"), 30): Object 'Object Repository/IWP30/Page_CCPaymentEntry/ProcessDate' is present

2020-07-16 11:05:10 - [MESSAGE][PASSED] - Object 'Object Repository/IWP30/Page_CCPaymentEntry/ProcessDate' is present

2020-07-16 11:05:10 - [TEST_STEP][PASSED] - verifyElementPresent(findTestObject("Object Repository/IWP30/Page_CCPaymentEntry/AL1"), 30): Object 'Object Repository/IWP30/Page_CCPaymentEntry/AL1' is present

2020-07-16 11:05:11 - [MESSAGE][PASSED] - Object 'Object Repository/IWP30/Page_CCPaymentEntry/AL1' is present

2020-07-16 11:05:11 - [TEST_STEP][PASSED] - verifyElementPresent(findTestObject("Object Repository/IWP30/Page_CCPaymentEntry/AL2"), 30): Object 'Object Repository/IWP30/Page_CCPaymentEntry/AL2' is present

2020-07-16 11:05:11 - [MESSAGE][PASSED] - Object 'Object Repository/IWP30/Page_CCPaymentEntry/AL2' is present

2020-07-16 11:05:11 - [TEST_STEP][PASSED] - verifyElementPresent(findTestObject("Object Repository/IWP30/Page_CCPaymentEntry/CountryDropDown"), 30): Object 'Object Repository/IWP30/Page_CCPaymentEntry/CountryDropDown' is present

2020-07-16 11:05:11 - [MESSAGE][PASSED] - Object 'Object Repository/IWP30/Page_CCPaymentEntry/CountryDropDown' is present

2020-07-16 11:05:11 - [TEST_STEP][PASSED] - verifyElementPresent(findTestObject("Object Repository/IWP30/Page_CCPaymentEntry/ZIP"), 30): Object 'Object Repository/IWP30/Page_CCPaymentEntry/ZIP' is present

2020-07-16 11:05:11 - [MESSAGE][PASSED] - Object 'Object Repository/IWP30/Page_CCPaymentEntry/ZIP' is present

2020-07-16 11:05:11 - [TEST_STEP][PASSED] - verifyElementPresent(findTestObject("Object Repository/IWP30/Page_CCPaymentEntry/City"), 30): Object 'Object Repository/IWP30/Page_CCPaymentEntry/City' is present

2020-07-16 11:05:12 - [MESSAGE][PASSED] - Object 'Object Repository/IWP30/Page_CCPaymentEntry/City' is present

2020-07-16 11:05:12 - [TEST_STEP][PASSED] - verifyElementPresent(findTestObject("Object Repository/IWP30/Page_CCPaymentEntry/State"), 30): Object 'Object Repository/IWP30/Page_CCPaymentEntry/State' is present

2020-07-16 11:05:12 - [MESSAGE][PASSED] - Object 'Object Repository/IWP30/Page_CCPaymentEntry/State' is present

2020-07-16 11:05:12 - [TEST_STEP][PASSED] - verifyElementPresent(findTestObject("Object Repository/IWP30/Page_CCPaymentEntry/EmailAddress"), 30): Object 'Object Repository/IWP30/Page_CCPaymentEntry/EmailAddress' is present

2020-07-16 11:05:12 - [MESSAGE][PASSED] - Object 'Object Repository/IWP30/Page_CCPaymentEntry/EmailAddress' is present

2020-07-16 11:05:12 - [TEST_STEP][PASSED] - verifyElementPresent(findTestObject("Object Repository/IWP30/Page_CCPaymentEntry/StorePaymentMethodCheckBox"), 30): Object 'Object Repository/IWP30/Page_CCPaymentEntry/StorePaymentMethodCheckBox' is present

2020-07-16 11:05:13 - [MESSAGE][PASSED] - Object 'Object Repository/IWP30/Page_CCPaymentEntry/StorePaymentMethodCheckBox' is present

2020-07-16 11:05:13 - [TEST_STEP][PASSED] - verifyElementPresent(findTestObject("Object Repository/IWP30/Page_CCPaymentEntry/TermCondCheckBox"), 30): Object 'Object Repository/IWP30/Page_CCPaymentEntry/TermCondCheckBox' is present

2020-07-16 11:05:13 - [MESSAGE][PASSED] - Object 'Object Repository/IWP30/Page_CCPaymentEntry/TermCondCheckBox' is present

2020-07-16 11:05:13 - [TEST_STEP][PASSED] - verifyElementPresent(findTestObject("Object Repository/IWP30/Page_CCPaymentEntry/ContinueButton"), 30): Object 'Object Repository/IWP30/Page_CCPaymentEntry/ContinueButton' is present

2020-07-16 11:05:13 - [MESSAGE][PASSED] - Object 'Object Repository/IWP30/Page_CCPaymentEntry/ContinueButton' is present

2020-07-16 11:05:13 - [TEST_STEP][PASSED] - verifyElementPresent(findTestObject("Object Repository/IWP30/Page_CCPaymentEntry/ChangePaymentMethodButton"), 30): Object 'Object Repository/IWP30/Page_CCPaymentEntry/ChangePaymentMethodButton' is present

2020-07-16 11:05:14 - [MESSAGE][PASSED] - Object 'Object Repository/IWP30/Page_CCPaymentEntry/ChangePaymentMethodButton' is present

2020-07-16 11:05:14 - [TEST_STEP][PASSED] - verifyElementPresent(findTestObject("Object Repository/IWP30/Page_CCPaymentEntry/ExitButton"), 30): Object 'Object Repository/IWP30/Page_CCPaymentEntry/ExitButton' is present

2020-07-16 11:05:14 - [MESSAGE][PASSED] - Object 'Object Repository/IWP30/Page_CCPaymentEntry/ExitButton' is present

2020-07-16 11:05:14 - [TEST_STEP][PASSED] - iwpPages.ccPaymentEntryPage.setDataCCPM(row, dataFile): iwpPages.ccPaymentEntryPage.setDataCCPM is PASSED

2020-07-16 11:05:15 - [MESSAGE][PASSED] - Object 'Object Repository/IWP30/Page_CCPaymentEntry/Name' is present

2020-07-16 11:05:15 - [MESSAGE][PASSED] - Object 'Object Repository/IWP30/Page_CCPaymentEntry/Amount' is present

2020-07-16 11:05:16 - [MESSAGE][PASSED] - Text '23.50' is set on object 'Object Repository/IWP30/Page_CCPaymentEntry/Amount'

2020-07-16 11:05:16 - [MESSAGE][PASSED] - Object 'Object Repository/IWP30/Page_CCPaymentEntry/UserDefined2' is present

2020-07-16 11:05:17 - [MESSAGE][PASSED] - Text 'Some Data 2' is set on object 'Object Repository/IWP30/Page_CCPaymentEntry/UserDefined2'

2020-07-16 11:05:17 - [MESSAGE][PASSED] - Object 'Object Repository/IWP30/Page_CCPaymentEntry/UserDefined3' is present

2020-07-16 11:05:18 - [MESSAGE][PASSED] - Text 'Some Data 3' is set on object 'Object Repository/IWP30/Page_CCPaymentEntry/UserDefined3'

2020-07-16 11:05:18 - [MESSAGE][PASSED] - Object 'Object Repository/IWP30/Page_CCPaymentEntry/UserDefined7' is present

2020-07-16 11:05:19 - [MESSAGE][PASSED] - All options with label 'Orange' are selected in object 'Object Repository/IWP30/Page_CCPaymentEntry/UserDefined7' 

2020-07-16 11:05:19 - [MESSAGE][PASSED] - Object 'Object Repository/IWP30/Page_CCPaymentEntry/UserDefined8' is present

2020-07-16 11:05:20 - [MESSAGE][PASSED] - All options with label 'Tennis' are selected in object 'Object Repository/IWP30/Page_CCPaymentEntry/UserDefined8' 

2020-07-16 11:05:20 - [MESSAGE][PASSED] - Object 'Object Repository/IWP30/Page_CCPaymentEntry/Name' is present

2020-07-16 11:05:21 - [MESSAGE][PASSED] - Text 'Horath Tungsten' is set on object 'Object Repository/IWP30/Page_CCPaymentEntry/Name'

2020-07-16 11:05:21 - [MESSAGE][PASSED] - Object 'Object Repository/IWP30/Page_CCPaymentEntry/CardNumber' is present

2020-07-16 11:05:22 - [MESSAGE][PASSED] - Text '4111111111111111' is set on object 'Object Repository/IWP30/Page_CCPaymentEntry/CardNumber'

2020-07-16 11:05:22 - [MESSAGE][PASSED] - Object 'Object Repository/IWP30/Page_CCPaymentEntry/SPC' is present

2020-07-16 11:05:23 - [MESSAGE][PASSED] - Text '147' is set on object 'Object Repository/IWP30/Page_CCPaymentEntry/SPC'

2020-07-16 11:05:23 - [MESSAGE][PASSED] - Object 'Object Repository/IWP30/Page_CCPaymentEntry/Month' is present

2020-07-16 11:05:24 - [MESSAGE][PASSED] - All options with label '12' are selected in object 'Object Repository/IWP30/Page_CCPaymentEntry/Month' 

2020-07-16 11:05:24 - [MESSAGE][PASSED] - Object 'Object Repository/IWP30/Page_CCPaymentEntry/Year' is present

2020-07-16 11:05:25 - [MESSAGE][PASSED] - All options with label '2025' are selected in object 'Object Repository/IWP30/Page_CCPaymentEntry/Year' 

2020-07-16 11:05:25 - [MESSAGE][PASSED] - Object 'Object Repository/IWP30/Page_CCPaymentEntry/ProcessDate' is present

2020-07-16 11:05:26 - [MESSAGE][PASSED] - Object 'Object Repository/IWP30/Page_CCPaymentEntry/AL1' is present

2020-07-16 11:05:26 - [MESSAGE][PASSED] - Text '9563 Elm Street' is set on object 'Object Repository/IWP30/Page_CCPaymentEntry/AL1'

2020-07-16 11:05:27 - [MESSAGE][PASSED] - Object 'Object Repository/IWP30/Page_CCPaymentEntry/AL2' is present

2020-07-16 11:05:27 - [MESSAGE][PASSED] - Text 'Room 3659' is set on object 'Object Repository/IWP30/Page_CCPaymentEntry/AL2'

2020-07-16 11:05:28 - [MESSAGE][PASSED] - Object 'Object Repository/IWP30/Page_CCPaymentEntry/ZIP' is present

2020-07-16 11:05:29 - [MESSAGE][PASSED] - Text '22201' is set on object 'Object Repository/IWP30/Page_CCPaymentEntry/ZIP'

2020-07-16 11:05:29 - [MESSAGE][PASSED] - Object 'Object Repository/IWP30/Page_CCPaymentEntry/EmailAddress' is present

2020-07-16 11:05:30 - [MESSAGE][PASSED] - Text 'myemail@gmail.com' is set on object 'Object Repository/IWP30/Page_CCPaymentEntry/EmailAddress'

2020-07-16 11:05:30 - [MESSAGE][PASSED] - Object 'Object Repository/IWP30/Page_CCPaymentEntry/TermCondCheckBox' is present

2020-07-16 11:05:31 - [MESSAGE][PASSED] - Object 'Object Repository/IWP30/Page_CCPaymentEntry/TermCondCheckBox' is checked

2020-07-16 11:05:31 - [MESSAGE][PASSED] - Object 'Object Repository/IWP30/Page_CCPaymentEntry/ContinueButton' is present

2020-07-16 11:05:32 - [MESSAGE][PASSED] - Object: 'Object Repository/IWP30/Page_CCPaymentEntry/ContinueButton' is clicked on

2020-07-16 11:05:32 - [MESSAGE][PASSED] - iwpPages.ccPaymentEntryPage.setDataCCPM is PASSED

2020-07-16 11:05:32 - [TEST_STEP][PASSED] - Amount = findTestData("VerifyUINoCFCCTestData").getValue("CCAmount", row): null

2020-07-16 11:05:32 - [TEST_STEP][PASSED] - UDF2 = findTestData("VerifyUINoCFCCTestData").getValue("CCUDF2", row): null

2020-07-16 11:05:32 - [TEST_STEP][PASSED] - UDF3 = findTestData("VerifyUINoCFCCTestData").getValue("CCUDF3", row): null

2020-07-16 11:05:32 - [TEST_STEP][PASSED] - UDF7 = findTestData("VerifyUINoCFCCTestData").getValue("CCUDF7", row): null

2020-07-16 11:05:32 - [TEST_STEP][PASSED] - UDF8 = findTestData("VerifyUINoCFCCTestData").getValue("CCUDF8", row): null

2020-07-16 11:05:32 - [TEST_STEP][PASSED] - CName = findTestData("VerifyUINoCFCCTestData").getValue("CCName", row): null

2020-07-16 11:05:32 - [TEST_STEP][PASSED] - CardType = findTestData("VerifyUINoCFCCTestData").getValue("VerCardType", row): null

2020-07-16 11:05:32 - [TEST_STEP][PASSED] - Last4 = findTestData("VerifyUINoCFCCTestData").getValue("VerLast4", row): null

2020-07-16 11:05:32 - [TEST_STEP][PASSED] - CExp = findTestData("VerifyUINoCFCCTestData").getValue("VerExp", row): null

2020-07-16 11:05:32 - [TEST_STEP][PASSED] - AL1 = findTestData("VerifyUINoCFCCTestData").getValue("CCAL1", row): null

2020-07-16 11:05:32 - [TEST_STEP][PASSED] - AL2 = findTestData("VerifyUINoCFCCTestData").getValue("CCAL2", row): null

2020-07-16 11:05:32 - [TEST_STEP][PASSED] - City = findTestData("VerifyUINoCFCCTestData").getValue("VerCity", row): null

2020-07-16 11:05:32 - [TEST_STEP][PASSED] - State = findTestData("VerifyUINoCFCCTestData").getValue("VerState", row): null

2020-07-16 11:05:33 - [TEST_STEP][PASSED] - CZIP = findTestData("VerifyUINoCFCCTestData").getValue("CCZIP", row): null

2020-07-16 11:05:33 - [TEST_STEP][PASSED] - Email = findTestData("VerifyUINoCFCCTestData").getValue("CCEmail", row): null

2020-07-16 11:05:33 - [TEST_STEP][PASSED] - State2 = findTestData("VerifyUINoCFCCTestData").getValue("VerState2", row): null

2020-07-16 11:05:33 - [TEST_STEP][PASSED] - verifyTextPresent("Please verify the following information", false): Text 'Please verify the following information' is present on page 

2020-07-16 11:05:33 - [MESSAGE][PASSED] - Text 'Please verify the following information' is present on page 

2020-07-16 11:05:33 - [TEST_STEP][PASSED] - verifyTextPresent("CAN Label", false): Text 'CAN Label' is present on page 

2020-07-16 11:05:33 - [MESSAGE][PASSED] - Text 'CAN Label' is present on page 

2020-07-16 11:05:33 - [TEST_STEP][PASSED] - verifyTextPresent("54654701", false): Text '54654701' is present on page 

2020-07-16 11:05:34 - [MESSAGE][PASSED] - Text '54654701' is present on page 

2020-07-16 11:05:34 - [TEST_STEP][PASSED] - verifyTextPresent("Tax Amount", false): Text 'Tax Amount' is present on page 

2020-07-16 11:05:34 - [MESSAGE][PASSED] - Text 'Tax Amount' is present on page 

2020-07-16 11:05:34 - [TEST_STEP][PASSED] - verifyTextPresent("$0.00", false): Text '$0.00' is present on page 

2020-07-16 11:05:34 - [MESSAGE][PASSED] - Text '$0.00' is present on page 

2020-07-16 11:05:34 - [TEST_STEP][PASSED] - verifyTextPresent("Amount", false): Text 'Amount' is present on page 

2020-07-16 11:05:35 - [MESSAGE][PASSED] - Text 'Amount' is present on page 

2020-07-16 11:05:35 - [TEST_STEP][PASSED] - verifyTextPresent(Amount, false): Text '23.50' is present on page 

2020-07-16 11:05:35 - [MESSAGE][PASSED] - Text '23.50' is present on page 

2020-07-16 11:05:35 - [TEST_STEP][PASSED] - verifyTextPresent("UDF2 Label", false): Text 'UDF2 Label' is present on page 

2020-07-16 11:05:35 - [MESSAGE][PASSED] - Text 'UDF2 Label' is present on page 

2020-07-16 11:05:35 - [TEST_STEP][PASSED] - verifyTextPresent(UDF2, false): Text 'Some Data 2' is present on page 

2020-07-16 11:05:36 - [MESSAGE][PASSED] - Text 'Some Data 2' is present on page 

2020-07-16 11:05:36 - [TEST_STEP][PASSED] - verifyTextPresent("UDF3 Label", false): Text 'UDF3 Label' is present on page 

2020-07-16 11:05:36 - [MESSAGE][PASSED] - Text 'UDF3 Label' is present on page 

2020-07-16 11:05:36 - [TEST_STEP][PASSED] - verifyTextPresent(UDF3, false): Text 'Some Data 3' is present on page 

2020-07-16 11:05:36 - [MESSAGE][PASSED] - Text 'Some Data 3' is present on page 

2020-07-16 11:05:36 - [TEST_STEP][PASSED] - verifyTextPresent("UDF4 Label", false): Text 'UDF4 Label' is present on page 

2020-07-16 11:05:37 - [MESSAGE][PASSED] - Text 'UDF4 Label' is present on page 

2020-07-16 11:05:37 - [TEST_STEP][PASSED] - verifyTextPresent("data 4", false): Text 'data 4' is present on page 

2020-07-16 11:05:37 - [MESSAGE][PASSED] - Text 'data 4' is present on page 

2020-07-16 11:05:37 - [TEST_STEP][PASSED] - verifyTextPresent("UDF6 Label", false): Text 'UDF6 Label' is present on page 

2020-07-16 11:05:38 - [MESSAGE][PASSED] - Text 'UDF6 Label' is present on page 

2020-07-16 11:05:38 - [TEST_STEP][PASSED] - verifyTextPresent("data 6", false): Text 'data 6' is present on page 

2020-07-16 11:05:38 - [MESSAGE][PASSED] - Text 'data 6' is present on page 

2020-07-16 11:05:38 - [TEST_STEP][PASSED] - verifyTextPresent("UDF7 Label", false): Text 'UDF7 Label' is present on page 

2020-07-16 11:05:38 - [MESSAGE][PASSED] - Text 'UDF7 Label' is present on page 

2020-07-16 11:05:38 - [TEST_STEP][PASSED] - verifyTextPresent(UDF7, false): Text 'Orange' is present on page 

2020-07-16 11:05:39 - [MESSAGE][PASSED] - Text 'Orange' is present on page 

2020-07-16 11:05:39 - [TEST_STEP][PASSED] - verifyTextPresent("UDF8 Label", false): Text 'UDF8 Label' is present on page 

2020-07-16 11:05:39 - [MESSAGE][PASSED] - Text 'UDF8 Label' is present on page 

2020-07-16 11:05:39 - [TEST_STEP][PASSED] - verifyTextPresent(UDF8, false): Text 'Tennis' is present on page 

2020-07-16 11:05:39 - [MESSAGE][PASSED] - Text 'Tennis' is present on page 

2020-07-16 11:05:39 - [TEST_STEP][PASSED] - verifyTextPresent("UDF9 Label", false): Text 'UDF9 Label' is present on page 

2020-07-16 11:05:40 - [MESSAGE][PASSED] - Text 'UDF9 Label' is present on page 

2020-07-16 11:05:40 - [TEST_STEP][PASSED] - verifyTextPresent("data 9", false): Text 'data 9' is present on page 

2020-07-16 11:05:40 - [MESSAGE][PASSED] - Text 'data 9' is present on page 

2020-07-16 11:05:40 - [TEST_STEP][PASSED] - verifyTextPresent("Card information", false): Text 'Card information' is present on page 

2020-07-16 11:05:40 - [MESSAGE][PASSED] - Text 'Card information' is present on page 

2020-07-16 11:05:40 - [TEST_STEP][PASSED] - verifyTextPresent("Cardholder's Name", false): Text 'Cardholder's Name' is present on page 

2020-07-16 11:05:41 - [MESSAGE][PASSED] - Text 'Cardholder's Name' is present on page 

2020-07-16 11:05:41 - [TEST_STEP][PASSED] - verifyTextPresent(CName, false): Text 'Horath Tungsten' is present on page 

2020-07-16 11:05:41 - [MESSAGE][PASSED] - Text 'Horath Tungsten' is present on page 

2020-07-16 11:05:41 - [TEST_STEP][PASSED] - verifyTextPresent("Card Type", false): Text 'Card Type' is present on page 

2020-07-16 11:05:41 - [MESSAGE][PASSED] - Text 'Card Type' is present on page 

2020-07-16 11:05:41 - [TEST_STEP][PASSED] - verifyTextPresent(CardType, false): Text 'Visa' is present on page 

2020-07-16 11:05:42 - [MESSAGE][PASSED] - Text 'Visa' is present on page 

2020-07-16 11:05:42 - [TEST_STEP][PASSED] - verifyTextPresent("Card Number", false): Text 'Card Number' is present on page 

2020-07-16 11:05:42 - [MESSAGE][PASSED] - Text 'Card Number' is present on page 

2020-07-16 11:05:42 - [TEST_STEP][PASSED] - verifyTextPresent(Last4, false): Text '1111' is present on page 

2020-07-16 11:05:43 - [MESSAGE][PASSED] - Text '1111' is present on page 

2020-07-16 11:05:43 - [TEST_STEP][PASSED] - verifyTextPresent("Signature Panel Code", false): Text 'Signature Panel Code' is present on page 

2020-07-16 11:05:43 - [MESSAGE][PASSED] - Text 'Signature Panel Code' is present on page 

2020-07-16 11:05:43 - [TEST_STEP][PASSED] - verifyTextPresent("Expiration Date", false): Text 'Expiration Date' is present on page 

2020-07-16 11:05:43 - [MESSAGE][PASSED] - Text 'Expiration Date' is present on page 

2020-07-16 11:05:43 - [TEST_STEP][PASSED] - verifyTextPresent(CExp, false): Text '12/2025' is present on page 

2020-07-16 11:05:44 - [MESSAGE][PASSED] - Text '12/2025' is present on page 

2020-07-16 11:05:44 - [TEST_STEP][PASSED] - verifyTextPresent("Payment Date", false): Text 'Payment Date' is present on page 

2020-07-16 11:05:44 - [MESSAGE][PASSED] - Text 'Payment Date' is present on page 

2020-07-16 11:05:44 - [TEST_STEP][PASSED] - verifyTextPresent("Billing information", false): Text 'Billing information' is present on page 

2020-07-16 11:05:44 - [MESSAGE][PASSED] - Text 'Billing information' is present on page 

2020-07-16 11:05:44 - [TEST_STEP][PASSED] - verifyTextPresent("Address Line 1", false): Text 'Address Line 1' is present on page 

2020-07-16 11:05:45 - [MESSAGE][PASSED] - Text 'Address Line 1' is present on page 

2020-07-16 11:05:45 - [TEST_STEP][PASSED] - verifyTextPresent(AL1, false): Text '9563 Elm Street' is present on page 

2020-07-16 11:05:45 - [MESSAGE][PASSED] - Text '9563 Elm Street' is present on page 

2020-07-16 11:05:45 - [TEST_STEP][PASSED] - verifyTextPresent("Address Line 2", false): Text 'Address Line 2' is present on page 

2020-07-16 11:05:45 - [MESSAGE][PASSED] - Text 'Address Line 2' is present on page 

2020-07-16 11:05:45 - [TEST_STEP][PASSED] - verifyTextPresent(AL2, false): Text 'Room 3659' is present on page 

2020-07-16 11:05:46 - [MESSAGE][PASSED] - Text 'Room 3659' is present on page 

2020-07-16 11:05:46 - [TEST_STEP][PASSED] - verifyTextPresent("Country", false): Text 'Country' is present on page 

2020-07-16 11:05:46 - [MESSAGE][PASSED] - Text 'Country' is present on page 

2020-07-16 11:05:46 - [TEST_STEP][PASSED] - verifyTextPresent("United States", false): Text 'United States' is present on page 

2020-07-16 11:05:46 - [MESSAGE][PASSED] - Text 'United States' is present on page 

2020-07-16 11:05:46 - [TEST_STEP][PASSED] - verifyTextPresent("City", false): Text 'City' is present on page 

2020-07-16 11:05:47 - [MESSAGE][PASSED] - Text 'City' is present on page 

2020-07-16 11:05:47 - [TEST_STEP][PASSED] - verifyTextPresent(City, false): Text 'ARLINGTON' is present on page 

2020-07-16 11:05:47 - [MESSAGE][PASSED] - Text 'ARLINGTON' is present on page 

2020-07-16 11:05:47 - [TEST_STEP][PASSED] - verifyTextPresent("State", false): Text 'State' is present on page 

2020-07-16 11:05:48 - [MESSAGE][PASSED] - Text 'State' is present on page 

2020-07-16 11:05:48 - [TEST_STEP][PASSED] - verifyTextPresent(State, false): Text 'Virginia' is present on page 

2020-07-16 11:05:48 - [MESSAGE][PASSED] - Text 'Virginia' is present on page 

2020-07-16 11:05:48 - [TEST_STEP][PASSED] - verifyTextPresent("ZIP Code", false): Text 'ZIP Code' is present on page 

2020-07-16 11:05:48 - [MESSAGE][PASSED] - Text 'ZIP Code' is present on page 

2020-07-16 11:05:48 - [TEST_STEP][PASSED] - verifyTextPresent(CZIP, false): Text '22201' is present on page 

2020-07-16 11:05:49 - [MESSAGE][PASSED] - Text '22201' is present on page 

2020-07-16 11:05:49 - [TEST_STEP][PASSED] - verifyTextPresent("Email Address", false): Text 'Email Address' is present on page 

2020-07-16 11:05:49 - [MESSAGE][PASSED] - Text 'Email Address' is present on page 

2020-07-16 11:05:49 - [TEST_STEP][PASSED] - verifyTextPresent(Email, false): Text 'myemail@gmail.com' is present on page 

2020-07-16 11:05:49 - [MESSAGE][PASSED] - Text 'myemail@gmail.com' is present on page 

2020-07-16 11:05:49 - [TEST_STEP][PASSED] - verifyTextPresent("Is this information correct", false): Text 'Is this information correct' is present on page 

2020-07-16 11:05:50 - [MESSAGE][PASSED] - Text 'Is this information correct' is present on page 

2020-07-16 11:05:50 - [TEST_STEP][PASSED] - verifyTextPresent("These are CC Custom HTML", false): Text 'These are CC Custom HTML' is present on page 

2020-07-16 11:05:50 - [MESSAGE][PASSED] - Text 'These are CC Custom HTML' is present on page 

2020-07-16 11:05:50 - [TEST_STEP][PASSED] - verifyElementPresent(findTestObject("Object Repository/IWP30/Page_Confirmation/ChangePaymentMethodButton"), 30): Object 'Object Repository/IWP30/Page_Confirmation/ChangePaymentMethodButton' is present

2020-07-16 11:05:50 - [MESSAGE][PASSED] - Object 'Object Repository/IWP30/Page_Confirmation/ChangePaymentMethodButton' is present

2020-07-16 11:05:50 - [TEST_STEP][PASSED] - verifyElementPresent(findTestObject("Object Repository/IWP30/Page_Confirmation/ConfirmButton"), 30): Object 'Object Repository/IWP30/Page_Confirmation/ConfirmButton' is present

2020-07-16 11:05:51 - [MESSAGE][PASSED] - Object 'Object Repository/IWP30/Page_Confirmation/ConfirmButton' is present

2020-07-16 11:05:51 - [TEST_STEP][PASSED] - verifyElementPresent(findTestObject("Object Repository/IWP30/Page_Confirmation/ExitButton"), 30): Object 'Object Repository/IWP30/Page_Confirmation/ExitButton' is present

2020-07-16 11:05:51 - [MESSAGE][PASSED] - Object 'Object Repository/IWP30/Page_Confirmation/ExitButton' is present

2020-07-16 11:05:51 - [TEST_STEP][PASSED] - verifyElementPresent(findTestObject("Object Repository/IWP30/Page_Confirmation/ModifyButton"), 30): Object 'Object Repository/IWP30/Page_Confirmation/ModifyButton' is present

2020-07-16 11:05:51 - [MESSAGE][PASSED] - Object 'Object Repository/IWP30/Page_Confirmation/ModifyButton' is present

2020-07-16 11:05:51 - [TEST_STEP][PASSED] - click(findTestObject("Object Repository/IWP30/Page_Confirmation/ConfirmButton")): Object: 'Object Repository/IWP30/Page_Confirmation/ConfirmButton' is clicked on

2020-07-16 11:05:53 - [MESSAGE][PASSED] - Object: 'Object Repository/IWP30/Page_Confirmation/ConfirmButton' is clicked on

2020-07-16 11:05:53 - [TEST_STEP][PASSED] - Thread.sleep(10000): null

2020-07-16 11:06:03 - [TEST_STEP][PASSED] - verifyTextPresent("Successful Payment Receipt", false): Text 'Successful Payment Receipt' is present on page 

2020-07-16 11:06:03 - [MESSAGE][PASSED] - Text 'Successful Payment Receipt' is present on page 

2020-07-16 11:06:03 - [TEST_STEP][PASSED] - verifyTextPresent("Please print this receipt for your records", false): Text 'Please print this receipt for your records' is present on page 

2020-07-16 11:06:03 - [MESSAGE][PASSED] - Text 'Please print this receipt for your records' is present on page 

2020-07-16 11:06:03 - [TEST_STEP][PASSED] - verifyTextPresent("Remittance ID", false): Text 'Remittance ID' is present on page 

2020-07-16 11:06:03 - [MESSAGE][PASSED] - Text 'Remittance ID' is present on page 

2020-07-16 11:06:03 - [TEST_STEP][PASSED] - verifyTextPresent("CAN Label", false): Text 'CAN Label' is present on page 

2020-07-16 11:06:04 - [MESSAGE][PASSED] - Text 'CAN Label' is present on page 

2020-07-16 11:06:04 - [TEST_STEP][PASSED] - verifyTextPresent("54654701", false): Text '54654701' is present on page 

2020-07-16 11:06:04 - [MESSAGE][PASSED] - Text '54654701' is present on page 

2020-07-16 11:06:04 - [TEST_STEP][PASSED] - verifyTextPresent("Received", false): Text 'Received' is present on page 

2020-07-16 11:06:04 - [MESSAGE][PASSED] - Text 'Received' is present on page 

2020-07-16 11:06:04 - [TEST_STEP][PASSED] - verifyTextPresent("UDF1 Label", false): Text 'UDF1 Label' is present on page 

2020-07-16 11:06:05 - [MESSAGE][PASSED] - Text 'UDF1 Label' is present on page 

2020-07-16 11:06:05 - [TEST_STEP][PASSED] - verifyTextPresent("UDF2 Label", false): Text 'UDF2 Label' is present on page 

2020-07-16 11:06:05 - [MESSAGE][PASSED] - Text 'UDF2 Label' is present on page 

2020-07-16 11:06:05 - [TEST_STEP][PASSED] - verifyTextPresent(UDF2, false): Text 'Some Data 2' is present on page 

2020-07-16 11:06:05 - [MESSAGE][PASSED] - Text 'Some Data 2' is present on page 

2020-07-16 11:06:05 - [TEST_STEP][PASSED] - verifyTextPresent("UDF3 Label", false): Text 'UDF3 Label' is present on page 

2020-07-16 11:06:06 - [MESSAGE][PASSED] - Text 'UDF3 Label' is present on page 

2020-07-16 11:06:06 - [TEST_STEP][PASSED] - verifyTextPresent(UDF3, false): Text 'Some Data 3' is present on page 

2020-07-16 11:06:06 - [MESSAGE][PASSED] - Text 'Some Data 3' is present on page 

2020-07-16 11:06:06 - [TEST_STEP][PASSED] - verifyTextPresent("UDF4 Label", false): Text 'UDF4 Label' is present on page 

2020-07-16 11:06:06 - [MESSAGE][PASSED] - Text 'UDF4 Label' is present on page 

2020-07-16 11:06:06 - [TEST_STEP][PASSED] - verifyTextPresent("data 4", false): Text 'data 4' is present on page 

2020-07-16 11:06:07 - [MESSAGE][PASSED] - Text 'data 4' is present on page 

2020-07-16 11:06:07 - [TEST_STEP][PASSED] - verifyTextPresent("UDF6 Label", false): Text 'UDF6 Label' is present on page 

2020-07-16 11:06:07 - [MESSAGE][PASSED] - Text 'UDF6 Label' is present on page 

2020-07-16 11:06:07 - [TEST_STEP][PASSED] - verifyTextPresent("data 6", false): Text 'data 6' is present on page 

2020-07-16 11:06:07 - [MESSAGE][PASSED] - Text 'data 6' is present on page 

2020-07-16 11:06:07 - [TEST_STEP][PASSED] - verifyTextPresent("UDF7 Label", false): Text 'UDF7 Label' is present on page 

2020-07-16 11:06:08 - [MESSAGE][PASSED] - Text 'UDF7 Label' is present on page 

2020-07-16 11:06:08 - [TEST_STEP][PASSED] - verifyTextPresent(UDF7, false): Text 'Orange' is present on page 

2020-07-16 11:06:08 - [MESSAGE][PASSED] - Text 'Orange' is present on page 

2020-07-16 11:06:08 - [TEST_STEP][PASSED] - verifyTextPresent("UDF8 Label", false): Text 'UDF8 Label' is present on page 

2020-07-16 11:06:08 - [MESSAGE][PASSED] - Text 'UDF8 Label' is present on page 

2020-07-16 11:06:08 - [TEST_STEP][PASSED] - verifyTextPresent(UDF8, false): Text 'Tennis' is present on page 

2020-07-16 11:06:09 - [MESSAGE][PASSED] - Text 'Tennis' is present on page 

2020-07-16 11:06:09 - [TEST_STEP][PASSED] - verifyTextPresent("UDF9 Label", false): Text 'UDF9 Label' is present on page 

2020-07-16 11:06:09 - [MESSAGE][PASSED] - Text 'UDF9 Label' is present on page 

2020-07-16 11:06:09 - [TEST_STEP][PASSED] - verifyTextPresent("data 9", false): Text 'data 9' is present on page 

2020-07-16 11:06:09 - [MESSAGE][PASSED] - Text 'data 9' is present on page 

2020-07-16 11:06:09 - [TEST_STEP][PASSED] - verifyTextPresent("Tax Amount", false): Text 'Tax Amount' is present on page 

2020-07-16 11:06:10 - [MESSAGE][PASSED] - Text 'Tax Amount' is present on page 

2020-07-16 11:06:10 - [TEST_STEP][PASSED] - verifyTextPresent("$0.00", false): Text '$0.00' is present on page 

2020-07-16 11:06:10 - [MESSAGE][PASSED] - Text '$0.00' is present on page 

2020-07-16 11:06:10 - [TEST_STEP][PASSED] - verifyTextPresent("Amount", false): Text 'Amount' is present on page 

2020-07-16 11:06:10 - [MESSAGE][PASSED] - Text 'Amount' is present on page 

2020-07-16 11:06:10 - [TEST_STEP][PASSED] - verifyTextPresent(Amount, false): Text '23.50' is present on page 

2020-07-16 11:06:11 - [MESSAGE][PASSED] - Text '23.50' is present on page 

2020-07-16 11:06:11 - [TEST_STEP][PASSED] - verifyTextPresent("Transaction Type", false): Text 'Transaction Type' is present on page 

2020-07-16 11:06:11 - [MESSAGE][PASSED] - Text 'Transaction Type' is present on page 

2020-07-16 11:06:11 - [TEST_STEP][PASSED] - verifyTextPresent("Authorization and Capture", false): Text 'Authorization and Capture' is present on page 

2020-07-16 11:06:11 - [MESSAGE][PASSED] - Text 'Authorization and Capture' is present on page 

2020-07-16 11:06:11 - [TEST_STEP][PASSED] - verifyTextPresent("Card Information", false): Text 'Card Information' is present on page 

2020-07-16 11:06:12 - [MESSAGE][PASSED] - Text 'Card Information' is present on page 

2020-07-16 11:06:12 - [TEST_STEP][PASSED] - verifyTextPresent(CardType, false): Text 'Visa' is present on page 

2020-07-16 11:06:12 - [MESSAGE][PASSED] - Text 'Visa' is present on page 

2020-07-16 11:06:12 - [TEST_STEP][FAILED] - verifyTextPresent(CName, false): Text 'Horath Tungsten' is not present on page  (Root cause: com.kms.katalon.core.exception.StepFailedException: Text 'Horath Tungsten' is not present on page 
	at com.kms.katalon.core.webui.keyword.internal.WebUIKeywordMain.stepFailed(WebUIKeywordMain.groovy:64)
	at com.kms.katalon.core.webui.keyword.builtin.VerifyTextPresentKeyword$_verifyTextPresent_closure1.doCall(VerifyTextPresentKeyword.groovy:79)
	at com.kms.katalon.core.webui.keyword.builtin.VerifyTextPresentKeyword$_verifyTextPresent_closure1.call(VerifyTextPresentKeyword.groovy)
	at com.kms.katalon.core.webui.keyword.internal.WebUIKeywordMain.runKeyword(WebUIKeywordMain.groovy:20)
	at com.kms.katalon.core.webui.keyword.builtin.VerifyTextPresentKeyword.verifyTextPresent(VerifyTextPresentKeyword.groovy:83)
	at com.kms.katalon.core.webui.keyword.builtin.VerifyTextPresentKeyword.execute(VerifyTextPresentKeyword.groovy:68)
	at com.kms.katalon.core.keyword.internal.KeywordExecutor.executeKeywordForPlatform(KeywordExecutor.groovy:72)
	at com.kms.katalon.core.webui.keyword.WebUiBuiltInKeywords.verifyTextPresent(WebUiBuiltInKeywords.groovy:1719)
	at com.kms.katalon.core.webui.keyword.WebUiBuiltInKeywords$verifyTextPresent$6.call(Unknown Source)
	at VerifyUINoCFCC.run(VerifyUINoCFCC:332)
	at com.kms.katalon.core.main.ScriptEngine.run(ScriptEngine.java:194)
	at com.kms.katalon.core.main.ScriptEngine.runScriptAsRawText(ScriptEngine.java:119)
	at com.kms.katalon.core.main.TestCaseExecutor.runScript(TestCaseExecutor.java:337)
	at com.kms.katalon.core.main.TestCaseExecutor.doExecute(TestCaseExecutor.java:328)
	at com.kms.katalon.core.main.TestCaseExecutor.processExecutionPhase(TestCaseExecutor.java:307)
	at com.kms.katalon.core.main.TestCaseExecutor.accessMainPhase(TestCaseExecutor.java:299)
	at com.kms.katalon.core.main.TestCaseExecutor.execute(TestCaseExecutor.java:233)
	at com.kms.katalon.core.main.TestSuiteExecutor.accessTestCaseMainPhase(TestSuiteExecutor.java:169)
	at com.kms.katalon.core.main.TestSuiteExecutor.accessTestSuiteMainPhase(TestSuiteExecutor.java:142)
	at com.kms.katalon.core.main.TestSuiteExecutor.execute(TestSuiteExecutor.java:91)
	at com.kms.katalon.core.main.TestCaseMain.startTestSuite(TestCaseMain.java:157)
	at com.kms.katalon.core.main.TestCaseMain$startTestSuite$0.call(Unknown Source)
	at TempTestSuite1594911837370.run(TempTestSuite1594911837370.groovy:37)
)

2020-07-16 11:06:12 - [MESSAGE][FAILED] - Text 'Horath Tungsten' is not present on page  (Root cause: com.kms.katalon.core.exception.StepFailedException: Text 'Horath Tungsten' is not present on page 
	at com.kms.katalon.core.webui.keyword.internal.WebUIKeywordMain.stepFailed(WebUIKeywordMain.groovy:64)
	at com.kms.katalon.core.webui.keyword.builtin.VerifyTextPresentKeyword$_verifyTextPresent_closure1.doCall(VerifyTextPresentKeyword.groovy:79)
	at com.kms.katalon.core.webui.keyword.builtin.VerifyTextPresentKeyword$_verifyTextPresent_closure1.call(VerifyTextPresentKeyword.groovy)
	at com.kms.katalon.core.webui.keyword.internal.WebUIKeywordMain.runKeyword(WebUIKeywordMain.groovy:20)
	at com.kms.katalon.core.webui.keyword.builtin.VerifyTextPresentKeyword.verifyTextPresent(VerifyTextPresentKeyword.groovy:83)
	at com.kms.katalon.core.webui.keyword.builtin.VerifyTextPresentKeyword.execute(VerifyTextPresentKeyword.groovy:68)
	at com.kms.katalon.core.keyword.internal.KeywordExecutor.executeKeywordForPlatform(KeywordExecutor.groovy:72)
	at com.kms.katalon.core.webui.keyword.WebUiBuiltInKeywords.verifyTextPresent(WebUiBuiltInKeywords.groovy:1719)
	at com.kms.katalon.core.webui.keyword.WebUiBuiltInKeywords$verifyTextPresent$6.call(Unknown Source)
	at VerifyUINoCFCC.run(VerifyUINoCFCC:332)
	at com.kms.katalon.core.main.ScriptEngine.run(ScriptEngine.java:194)
	at com.kms.katalon.core.main.ScriptEngine.runScriptAsRawText(ScriptEngine.java:119)
	at com.kms.katalon.core.main.TestCaseExecutor.runScript(TestCaseExecutor.java:337)
	at com.kms.katalon.core.main.TestCaseExecutor.doExecute(TestCaseExecutor.java:328)
	at com.kms.katalon.core.main.TestCaseExecutor.processExecutionPhase(TestCaseExecutor.java:307)
	at com.kms.katalon.core.main.TestCaseExecutor.accessMainPhase(TestCaseExecutor.java:299)
	at com.kms.katalon.core.main.TestCaseExecutor.execute(TestCaseExecutor.java:233)
	at com.kms.katalon.core.main.TestSuiteExecutor.accessTestCaseMainPhase(TestSuiteExecutor.java:169)
	at com.kms.katalon.core.main.TestSuiteExecutor.accessTestSuiteMainPhase(TestSuiteExecutor.java:142)
	at com.kms.katalon.core.main.TestSuiteExecutor.execute(TestSuiteExecutor.java:91)
	at com.kms.katalon.core.main.TestCaseMain.startTestSuite(TestCaseMain.java:157)
	at com.kms.katalon.core.main.TestCaseMain$startTestSuite$0.call(Unknown Source)
	at TempTestSuite1594911837370.run(TempTestSuite1594911837370.groovy:37)
)

2020-07-16 11:06:12 - [TEST_STEP][PASSED] - verifyTextPresent(Last4, false): Text '1111' is present on page 

2020-07-16 11:06:13 - [MESSAGE][PASSED] - Text '1111' is present on page 

2020-07-16 11:06:13 - [TEST_STEP][PASSED] - verifyTextPresent("Billing information", false): Text 'Billing information' is present on page 

2020-07-16 11:06:13 - [MESSAGE][PASSED] - Text 'Billing information' is present on page 

2020-07-16 11:06:13 - [TEST_STEP][PASSED] - verifyTextPresent("Address Line 1", false): Text 'Address Line 1' is present on page 

2020-07-16 11:06:13 - [MESSAGE][PASSED] - Text 'Address Line 1' is present on page 

2020-07-16 11:06:13 - [TEST_STEP][PASSED] - verifyTextPresent(AL1, false): Text '9563 Elm Street' is present on page 

2020-07-16 11:06:14 - [MESSAGE][PASSED] - Text '9563 Elm Street' is present on page 

2020-07-16 11:06:14 - [TEST_STEP][PASSED] - verifyTextPresent("Address Line 2", false): Text 'Address Line 2' is present on page 

2020-07-16 11:06:14 - [MESSAGE][PASSED] - Text 'Address Line 2' is present on page 

2020-07-16 11:06:14 - [TEST_STEP][PASSED] - verifyTextPresent(AL2, false): Text 'Room 3659' is present on page 

2020-07-16 11:06:14 - [MESSAGE][PASSED] - Text 'Room 3659' is present on page 

2020-07-16 11:06:14 - [TEST_STEP][PASSED] - verifyTextPresent("Country", false): Text 'Country' is present on page 

2020-07-16 11:06:15 - [MESSAGE][PASSED] - Text 'Country' is present on page 

2020-07-16 11:06:15 - [TEST_STEP][PASSED] - verifyTextPresent("United States", false): Text 'United States' is present on page 

2020-07-16 11:06:15 - [MESSAGE][PASSED] - Text 'United States' is present on page 

2020-07-16 11:06:15 - [TEST_STEP][PASSED] - verifyTextPresent("City", false): Text 'City' is present on page 

2020-07-16 11:06:15 - [MESSAGE][PASSED] - Text 'City' is present on page 

2020-07-16 11:06:15 - [TEST_STEP][PASSED] - verifyTextPresent(City, false): Text 'ARLINGTON' is present on page 

2020-07-16 11:06:16 - [MESSAGE][PASSED] - Text 'ARLINGTON' is present on page 

2020-07-16 11:06:16 - [TEST_STEP][PASSED] - verifyTextPresent("State", false): Text 'State' is present on page 

2020-07-16 11:06:16 - [MESSAGE][PASSED] - Text 'State' is present on page 

2020-07-16 11:06:16 - [TEST_STEP][PASSED] - verifyTextPresent(State2, false): Text 'VA' is present on page 

2020-07-16 11:06:16 - [MESSAGE][PASSED] - Text 'VA' is present on page 

2020-07-16 11:06:16 - [TEST_STEP][PASSED] - verifyTextPresent("ZIP Code", false): Text 'ZIP Code' is present on page 

2020-07-16 11:06:16 - [MESSAGE][PASSED] - Text 'ZIP Code' is present on page 

2020-07-16 11:06:16 - [TEST_STEP][PASSED] - verifyTextPresent(CZIP, false): Text '22201' is present on page 

2020-07-16 11:06:17 - [MESSAGE][PASSED] - Text '22201' is present on page 

2020-07-16 11:06:17 - [TEST_STEP][PASSED] - verifyElementPresent(findTestObject("Object Repository/IWP30/Page_Receipt/ExitButton"), 30): Object 'Object Repository/IWP30/Page_Receipt/ExitButton' is present

2020-07-16 11:06:17 - [MESSAGE][PASSED] - Object 'Object Repository/IWP30/Page_Receipt/ExitButton' is present

2020-07-16 11:06:17 - [TEST_STEP][PASSED] - closeBrowser(): Browser is closed

2020-07-16 11:06:18 - [MESSAGE][PASSED] - Browser is closed

2020-07-16 11:06:18 - [TEST_STEP][PASSED] - openBrowser(urlEmulator): Browser is opened with url: 'https://qa.velocitypayment.com/agency/config.do?action=editor'

2020-07-16 11:06:18 - [MESSAGE][INFO] - Starting 'Chrome' driver

2020-07-16 11:06:18 - [MESSAGE][INFO] - User set preference: ['acceptInsecureCerts', 'true']

2020-07-16 11:06:18 - [MESSAGE][INFO] - Action delay is set to 0 milliseconds

2020-07-16 11:06:22 - [MESSAGE][PASSED] - Browser is opened with url: 'https://qa.velocitypayment.com/agency/config.do?action=editor'

2020-07-16 11:06:22 - [TEST_STEP][PASSED] - maximizeWindow(): Current window maximized

2020-07-16 11:06:23 - [MESSAGE][PASSED] - Current window maximized

2020-07-16 11:06:23 - [TEST_STEP][PASSED] - iwpPages.emulatorIWP30.setDataEmulatorStandard(): iwpPages.emulatorIWP30.setDataEmulatorStandard is PASSED

2020-07-16 11:06:23 - [MESSAGE][PASSED] - Object 'Object Repository/IWP30/Page_VRelay30Emulator/Amount' is present

2020-07-16 11:06:24 - [MESSAGE][PASSED] - All options with value '3.0' are selected in object 'Object Repository/IWP30/Page_VRelay30Emulator/MV'  using regular expression

2020-07-16 11:06:25 - [MESSAGE][PASSED] - Text '10.50' is set on object 'Object Repository/IWP30/Page_VRelay30Emulator/Amount'

2020-07-16 11:06:25 - [MESSAGE][PASSED] - Text '54654701' is set on object 'Object Repository/IWP30/Page_VRelay30Emulator/CAN'

2020-07-16 11:06:26 - [MESSAGE][PASSED] - Text 'PayNow' is set on object 'Object Repository/IWP30/Page_VRelay30Emulator/Action'

2020-07-16 11:06:27 - [MESSAGE][PASSED] - Text 'en_US' is set on object 'Object Repository/IWP30/Page_VRelay30Emulator/Lang'

2020-07-16 11:06:27 - [MESSAGE][PASSED] - Text '' is set on object 'Object Repository/IWP30/Page_VRelay30Emulator/Fname'

2020-07-16 11:06:28 - [MESSAGE][PASSED] - Text '' is set on object 'Object Repository/IWP30/Page_VRelay30Emulator/Lname'

2020-07-16 11:06:29 - [MESSAGE][PASSED] - Text '' is set on object 'Object Repository/IWP30/Page_VRelay30Emulator/AL1'

2020-07-16 11:06:29 - [MESSAGE][PASSED] - Text '' is set on object 'Object Repository/IWP30/Page_VRelay30Emulator/AL2'

2020-07-16 11:06:30 - [MESSAGE][PASSED] - Text '' is set on object 'Object Repository/IWP30/Page_VRelay30Emulator/Country'

2020-07-16 11:06:31 - [MESSAGE][PASSED] - Text '' is set on object 'Object Repository/IWP30/Page_VRelay30Emulator/City'

2020-07-16 11:06:31 - [MESSAGE][PASSED] - Text '' is set on object 'Object Repository/IWP30/Page_VRelay30Emulator/State'

2020-07-16 11:06:32 - [MESSAGE][PASSED] - Text '' is set on object 'Object Repository/IWP30/Page_VRelay30Emulator/ZIP'

2020-07-16 11:06:33 - [MESSAGE][PASSED] - Text '' is set on object 'Object Repository/IWP30/Page_VRelay30Emulator/Order'

2020-07-16 11:06:33 - [MESSAGE][PASSED] - Text '' is set on object 'Object Repository/IWP30/Page_VRelay30Emulator/Company'

2020-07-16 11:06:34 - [MESSAGE][PASSED] - Text '' is set on object 'Object Repository/IWP30/Page_VRelay30Emulator/Email'

2020-07-16 11:06:35 - [MESSAGE][PASSED] - Text '' is set on object 'Object Repository/IWP30/Page_VRelay30Emulator/UDF1'

2020-07-16 11:06:35 - [MESSAGE][PASSED] - Text '' is set on object 'Object Repository/IWP30/Page_VRelay30Emulator/UDF2'

2020-07-16 11:06:36 - [MESSAGE][PASSED] - Text 'data 3' is set on object 'Object Repository/IWP30/Page_VRelay30Emulator/UDF3'

2020-07-16 11:06:37 - [MESSAGE][PASSED] - Text 'data 4' is set on object 'Object Repository/IWP30/Page_VRelay30Emulator/UDF4'

2020-07-16 11:06:37 - [MESSAGE][PASSED] - Text 'data 5' is set on object 'Object Repository/IWP30/Page_VRelay30Emulator/UDF5'

2020-07-16 11:06:38 - [MESSAGE][PASSED] - Text 'data 6' is set on object 'Object Repository/IWP30/Page_VRelay30Emulator/UDF6'

2020-07-16 11:06:39 - [MESSAGE][PASSED] - Text 'Orange' is set on object 'Object Repository/IWP30/Page_VRelay30Emulator/UDF7'

2020-07-16 11:06:39 - [MESSAGE][PASSED] - Text 'Soccer' is set on object 'Object Repository/IWP30/Page_VRelay30Emulator/UDF8'

2020-07-16 11:06:40 - [MESSAGE][PASSED] - Text 'data 9' is set on object 'Object Repository/IWP30/Page_VRelay30Emulator/UDF9'

2020-07-16 11:06:41 - [MESSAGE][PASSED] - Text 'data 10' is set on object 'Object Repository/IWP30/Page_VRelay30Emulator/UDF10'

2020-07-16 11:06:43 - [MESSAGE][PASSED] - Object: 'Object Repository/IWP30/Page_VRelay30Emulator/Submit' is clicked on

2020-07-16 11:06:49 - [MESSAGE][PASSED] - Browser is closed

2020-07-16 11:06:49 - [MESSAGE][PASSED] - iwpPages.emulatorIWP30.setDataEmulatorStandard is PASSED

2020-07-16 11:06:49 - [TEST_STEP][PASSED] - openBrowser(urlTestHarness): Browser is opened with url: 'https://dev-algorithm.govolution.com/vrelaytest/QA/version_2_2/vrelaytest.html'

2020-07-16 11:06:49 - [MESSAGE][INFO] - Starting 'Chrome' driver

2020-07-16 11:06:49 - [MESSAGE][INFO] - User set preference: ['acceptInsecureCerts', 'true']

2020-07-16 11:06:49 - [MESSAGE][INFO] - Action delay is set to 0 milliseconds

2020-07-16 11:06:53 - [MESSAGE][PASSED] - Browser is opened with url: 'https://dev-algorithm.govolution.com/vrelaytest/QA/version_2_2/vrelaytest.html'

2020-07-16 11:06:53 - [TEST_STEP][PASSED] - maximizeWindow(): Current window maximized

2020-07-16 11:06:53 - [MESSAGE][PASSED] - Current window maximized

2020-07-16 11:06:53 - [TEST_STEP][PASSED] - genRemIDVoid = RandomStringUtils.random(12, true, true): null

2020-07-16 11:06:53 - [TEST_STEP][PASSED] - if (verifyElementPresent(findTestObject("Object Repository/IWP30/Page_QATestHarness/RemittanceID"), 30)): null

2020-07-16 11:06:54 - [MESSAGE][PASSED] - Object 'Object Repository/IWP30/Page_QATestHarness/RemittanceID' is present

2020-07-16 11:06:54 - [TEST_STEP][PASSED] - println("We are on Test Harness page, start populating"): null

2020-07-16 11:06:54 - [TEST_STEP][PASSED] - setText(findTestObject("Object Repository/IWP30/Page_QATestHarness/ApplicationID"), "649"): Text '649' is set on object 'Object Repository/IWP30/Page_QATestHarness/ApplicationID'

2020-07-16 11:06:54 - [MESSAGE][PASSED] - Text '649' is set on object 'Object Repository/IWP30/Page_QATestHarness/ApplicationID'

2020-07-16 11:06:54 - [TEST_STEP][PASSED] - setText(findTestObject("Object Repository/IWP30/Page_QATestHarness/MessageVersion"), "3.0"): Text '3.0' is set on object 'Object Repository/IWP30/Page_QATestHarness/MessageVersion'

2020-07-16 11:06:55 - [MESSAGE][PASSED] - Text '3.0' is set on object 'Object Repository/IWP30/Page_QATestHarness/MessageVersion'

2020-07-16 11:06:55 - [TEST_STEP][PASSED] - setText(findTestObject("Object Repository/IWP30/Page_QATestHarness/RemittanceID"), genRemIDVoid): Text 'E7kTi1xcluRB' is set on object 'Object Repository/IWP30/Page_QATestHarness/RemittanceID'

2020-07-16 11:06:55 - [MESSAGE][PASSED] - Text 'E7kTi1xcluRB' is set on object 'Object Repository/IWP30/Page_QATestHarness/RemittanceID'

2020-07-16 11:06:55 - [TEST_STEP][PASSED] - click(findTestObject("Object Repository/IWP30/Page_QATestHarness/SubmitButton")): Object: 'Object Repository/IWP30/Page_QATestHarness/SubmitButton' is clicked on

2020-07-16 11:06:57 - [MESSAGE][PASSED] - Object: 'Object Repository/IWP30/Page_QATestHarness/SubmitButton' is clicked on

2020-07-16 11:06:57 - [TEST_STEP][PASSED] - verifyTextPresent("Select Payment Method", false): Text 'Select Payment Method' is present on page 

2020-07-16 11:06:57 - [MESSAGE][PASSED] - Text 'Select Payment Method' is present on page 

2020-07-16 11:06:57 - [TEST_STEP][PASSED] - verifyTextPresent("Please choose the method of payment", false): Text 'Please choose the method of payment' is present on page 

2020-07-16 11:06:57 - [MESSAGE][PASSED] - Text 'Please choose the method of payment' is present on page 

2020-07-16 11:06:57 - [TEST_STEP][PASSED] - verifyElementPresent(findTestObject("Object Repository/IWP30/Page_SelectPaymentMethod/PayByCreditCard"), 30): Object 'Object Repository/IWP30/Page_SelectPaymentMethod/PayByCreditCard' is present

2020-07-16 11:06:58 - [MESSAGE][PASSED] - Object 'Object Repository/IWP30/Page_SelectPaymentMethod/PayByCreditCard' is present

2020-07-16 11:06:58 - [TEST_STEP][PASSED] - verifyElementPresent(findTestObject("Object Repository/IWP30/Page_SelectPaymentMethod/PayByCorporateCheck"), 30): Object 'Object Repository/IWP30/Page_SelectPaymentMethod/PayByCorporateCheck' is present

2020-07-16 11:06:58 - [MESSAGE][PASSED] - Object 'Object Repository/IWP30/Page_SelectPaymentMethod/PayByCorporateCheck' is present

2020-07-16 11:06:58 - [TEST_STEP][PASSED] - verifyElementPresent(findTestObject("Object Repository/IWP30/Page_SelectPaymentMethod/PayByPersonalCheck"), 30): Object 'Object Repository/IWP30/Page_SelectPaymentMethod/PayByPersonalCheck' is present

2020-07-16 11:06:58 - [MESSAGE][PASSED] - Object 'Object Repository/IWP30/Page_SelectPaymentMethod/PayByPersonalCheck' is present

2020-07-16 11:06:58 - [TEST_STEP][PASSED] - verifyElementPresent(findTestObject("Object Repository/IWP30/Page_SelectPaymentMethod/ExitButton"), 30): Object 'Object Repository/IWP30/Page_SelectPaymentMethod/ExitButton' is present

2020-07-16 11:06:59 - [MESSAGE][PASSED] - Object 'Object Repository/IWP30/Page_SelectPaymentMethod/ExitButton' is present

2020-07-16 11:06:59 - [TEST_STEP][PASSED] - if (verifyElementPresent(findTestObject("Object Repository/IWP30/Page_SelectPaymentMethod/PayByCreditCard"), 30)): null

2020-07-16 11:06:59 - [MESSAGE][PASSED] - Object 'Object Repository/IWP30/Page_SelectPaymentMethod/PayByCreditCard' is present

2020-07-16 11:06:59 - [TEST_STEP][PASSED] - println("We are on Select Payment Method page, start populating"): null

2020-07-16 11:06:59 - [TEST_STEP][PASSED] - check(findTestObject("Object Repository/IWP30/Page_SelectPaymentMethod/PayByCreditCard")): Object 'Object Repository/IWP30/Page_SelectPaymentMethod/PayByCreditCard' is checked

2020-07-16 11:06:59 - [MESSAGE][PASSED] - Object 'Object Repository/IWP30/Page_SelectPaymentMethod/PayByCreditCard' is checked

2020-07-16 11:06:59 - [TEST_STEP][PASSED] - Thread.sleep(1000): null

2020-07-16 11:07:00 - [TEST_STEP][PASSED] - click(findTestObject("Object Repository/IWP30/Page_SelectPaymentMethod/MakePaymentButton")): Object: 'Object Repository/IWP30/Page_SelectPaymentMethod/MakePaymentButton' is clicked on

2020-07-16 11:07:01 - [MESSAGE][PASSED] - Object: 'Object Repository/IWP30/Page_SelectPaymentMethod/MakePaymentButton' is clicked on

2020-07-16 11:07:01 - [TEST_STEP][PASSED] - verifyTextPresent("Required fields are highlighted with an asterisk", false): Text 'Required fields are highlighted with an asterisk' is present on page 

2020-07-16 11:07:02 - [MESSAGE][PASSED] - Text 'Required fields are highlighted with an asterisk' is present on page 

2020-07-16 11:07:02 - [TEST_STEP][PASSED] - verifyTextPresent("Please enter the following information about your payment", false): Text 'Please enter the following information about your payment' is present on page 

2020-07-16 11:07:02 - [MESSAGE][PASSED] - Text 'Please enter the following information about your payment' is present on page 

2020-07-16 11:07:02 - [TEST_STEP][PASSED] - verifyTextPresent("CAN Label", false): Text 'CAN Label' is present on page 

2020-07-16 11:07:03 - [MESSAGE][PASSED] - Text 'CAN Label' is present on page 

2020-07-16 11:07:03 - [TEST_STEP][PASSED] - verifyTextPresent("Tax Amount", false): Text 'Tax Amount' is present on page 

2020-07-16 11:07:03 - [MESSAGE][PASSED] - Text 'Tax Amount' is present on page 

2020-07-16 11:07:03 - [TEST_STEP][PASSED] - verifyTextPresent("Amount", false): Text 'Amount' is present on page 

2020-07-16 11:07:04 - [MESSAGE][PASSED] - Text 'Amount' is present on page 

2020-07-16 11:07:04 - [TEST_STEP][PASSED] - verifyTextPresent("UDF1 Label", false): Text 'UDF1 Label' is present on page 

2020-07-16 11:07:04 - [MESSAGE][PASSED] - Text 'UDF1 Label' is present on page 

2020-07-16 11:07:04 - [TEST_STEP][PASSED] - verifyTextPresent("UDF2 Label", false): Text 'UDF2 Label' is present on page 

2020-07-16 11:07:04 - [MESSAGE][PASSED] - Text 'UDF2 Label' is present on page 

2020-07-16 11:07:04 - [TEST_STEP][PASSED] - verifyTextPresent("UDF3 Label", false): Text 'UDF3 Label' is present on page 

2020-07-16 11:07:05 - [MESSAGE][PASSED] - Text 'UDF3 Label' is present on page 

2020-07-16 11:07:05 - [TEST_STEP][PASSED] - verifyTextPresent("UDF4 Label", false): Text 'UDF4 Label' is present on page 

2020-07-16 11:07:05 - [MESSAGE][PASSED] - Text 'UDF4 Label' is present on page 

2020-07-16 11:07:05 - [TEST_STEP][PASSED] - verifyTextPresent("UDF6 Label", false): Text 'UDF6 Label' is present on page 

2020-07-16 11:07:06 - [MESSAGE][PASSED] - Text 'UDF6 Label' is present on page 

2020-07-16 11:07:06 - [TEST_STEP][PASSED] - verifyTextPresent("UDF7 Label", false): Text 'UDF7 Label' is present on page 

2020-07-16 11:07:06 - [MESSAGE][PASSED] - Text 'UDF7 Label' is present on page 

2020-07-16 11:07:06 - [TEST_STEP][PASSED] - verifyTextPresent("UDF8 Label", false): Text 'UDF8 Label' is present on page 

2020-07-16 11:07:06 - [MESSAGE][PASSED] - Text 'UDF8 Label' is present on page 

2020-07-16 11:07:06 - [TEST_STEP][PASSED] - verifyTextPresent("UDF9 Label", false): Text 'UDF9 Label' is present on page 

2020-07-16 11:07:07 - [MESSAGE][PASSED] - Text 'UDF9 Label' is present on page 

2020-07-16 11:07:07 - [TEST_STEP][PASSED] - verifyTextPresent("Please enter the following information about your payment method", false): Text 'Please enter the following information about your payment method' is present on page 

2020-07-16 11:07:07 - [MESSAGE][PASSED] - Text 'Please enter the following information about your payment method' is present on page 

2020-07-16 11:07:07 - [TEST_STEP][PASSED] - verifyTextPresent("Cardholder's Name", false): Text 'Cardholder's Name' is present on page 

2020-07-16 11:07:08 - [MESSAGE][PASSED] - Text 'Cardholder's Name' is present on page 

2020-07-16 11:07:08 - [TEST_STEP][PASSED] - verifyTextPresent("Cards Accepted", false): Text 'Cards Accepted' is present on page 

2020-07-16 11:07:08 - [MESSAGE][PASSED] - Text 'Cards Accepted' is present on page 

2020-07-16 11:07:08 - [TEST_STEP][PASSED] - verifyTextPresent("Card Number", false): Text 'Card Number' is present on page 

2020-07-16 11:07:09 - [MESSAGE][PASSED] - Text 'Card Number' is present on page 

2020-07-16 11:07:09 - [TEST_STEP][PASSED] - verifyTextPresent("Signature Panel Code", false): Text 'Signature Panel Code' is present on page 

2020-07-16 11:07:09 - [MESSAGE][PASSED] - Text 'Signature Panel Code' is present on page 

2020-07-16 11:07:09 - [TEST_STEP][PASSED] - verifyTextPresent("Expiration Date", false): Text 'Expiration Date' is present on page 

2020-07-16 11:07:09 - [MESSAGE][PASSED] - Text 'Expiration Date' is present on page 

2020-07-16 11:07:09 - [TEST_STEP][PASSED] - verifyTextPresent("Payment Date", false): Text 'Payment Date' is present on page 

2020-07-16 11:07:10 - [MESSAGE][PASSED] - Text 'Payment Date' is present on page 

2020-07-16 11:07:10 - [TEST_STEP][PASSED] - verifyTextPresent("Billing information", false): Text 'Billing information' is present on page 

2020-07-16 11:07:10 - [MESSAGE][PASSED] - Text 'Billing information' is present on page 

2020-07-16 11:07:10 - [TEST_STEP][PASSED] - verifyTextPresent("Address Line 1", false): Text 'Address Line 1' is present on page 

2020-07-16 11:07:11 - [MESSAGE][PASSED] - Text 'Address Line 1' is present on page 

2020-07-16 11:07:11 - [TEST_STEP][PASSED] - verifyTextPresent("Address Line 2", false): Text 'Address Line 2' is present on page 

2020-07-16 11:07:11 - [MESSAGE][PASSED] - Text 'Address Line 2' is present on page 

2020-07-16 11:07:11 - [TEST_STEP][PASSED] - verifyTextPresent("Country", false): Text 'Country' is present on page 

2020-07-16 11:07:11 - [MESSAGE][PASSED] - Text 'Country' is present on page 

2020-07-16 11:07:11 - [TEST_STEP][PASSED] - verifyTextPresent("ZIP Code", false): Text 'ZIP Code' is present on page 

2020-07-16 11:07:12 - [MESSAGE][PASSED] - Text 'ZIP Code' is present on page 

2020-07-16 11:07:12 - [TEST_STEP][PASSED] - verifyTextPresent("City", false): Text 'City' is present on page 

2020-07-16 11:07:12 - [MESSAGE][PASSED] - Text 'City' is present on page 

2020-07-16 11:07:12 - [TEST_STEP][PASSED] - verifyTextPresent("State", false): Text 'State' is present on page 

2020-07-16 11:07:13 - [MESSAGE][PASSED] - Text 'State' is present on page 

2020-07-16 11:07:13 - [TEST_STEP][PASSED] - verifyTextPresent("Receipt information", false): Text 'Receipt information' is present on page 

2020-07-16 11:07:13 - [MESSAGE][PASSED] - Text 'Receipt information' is present on page 

2020-07-16 11:07:13 - [TEST_STEP][PASSED] - verifyTextPresent("Email Address", false): Text 'Email Address' is present on page 

2020-07-16 11:07:13 - [MESSAGE][PASSED] - Text 'Email Address' is present on page 

2020-07-16 11:07:13 - [TEST_STEP][PASSED] - verifyTextPresent("Please check here to store the payment method for future use", false): Text 'Please check here to store the payment method for future use' is present on page 

2020-07-16 11:07:14 - [MESSAGE][PASSED] - Text 'Please check here to store the payment method for future use' is present on page 

2020-07-16 11:07:14 - [TEST_STEP][PASSED] - verifyTextPresent("These are Customer CC Terms", false): Text 'These are Customer CC Terms' is present on page 

2020-07-16 11:07:14 - [MESSAGE][PASSED] - Text 'These are Customer CC Terms' is present on page 

2020-07-16 11:07:14 - [TEST_STEP][PASSED] - verifyTextPresent("These are CC Custom HTML", false): Text 'These are CC Custom HTML' is present on page 

2020-07-16 11:07:15 - [MESSAGE][PASSED] - Text 'These are CC Custom HTML' is present on page 

2020-07-16 11:07:15 - [TEST_STEP][PASSED] - verifyTextPresent("54654701", false): Text '54654701' is present on page 

2020-07-16 11:07:15 - [MESSAGE][PASSED] - Text '54654701' is present on page 

2020-07-16 11:07:15 - [TEST_STEP][PASSED] - verifyTextPresent("data 4", false): Text 'data 4' is present on page 

2020-07-16 11:07:16 - [MESSAGE][PASSED] - Text 'data 4' is present on page 

2020-07-16 11:07:16 - [TEST_STEP][PASSED] - verifyTextPresent("data 6", false): Text 'data 6' is present on page 

2020-07-16 11:07:16 - [MESSAGE][PASSED] - Text 'data 6' is present on page 

2020-07-16 11:07:16 - [TEST_STEP][PASSED] - verifyTextPresent("data 9", false): Text 'data 9' is present on page 

2020-07-16 11:07:16 - [MESSAGE][PASSED] - Text 'data 9' is present on page 

2020-07-16 11:07:16 - [TEST_STEP][PASSED] - verifyTextNotPresent("UDF5 Label", false): Text 'UDF5 Label' is not present on page

2020-07-16 11:07:17 - [MESSAGE][PASSED] - Text 'UDF5 Label' is not present on page

2020-07-16 11:07:17 - [TEST_STEP][PASSED] - verifyTextNotPresent("UDF10 Label", false): Text 'UDF10 Label' is not present on page

2020-07-16 11:07:17 - [MESSAGE][PASSED] - Text 'UDF10 Label' is not present on page

2020-07-16 11:07:17 - [TEST_STEP][PASSED] - verifyElementPresent(findTestObject("Object Repository/IWP30/Page_CCPaymentEntry/Amount"), 30): Object 'Object Repository/IWP30/Page_CCPaymentEntry/Amount' is present

2020-07-16 11:07:17 - [MESSAGE][PASSED] - Object 'Object Repository/IWP30/Page_CCPaymentEntry/Amount' is present

2020-07-16 11:07:17 - [TEST_STEP][PASSED] - verifyElementPresent(findTestObject("Object Repository/IWP30/Page_CCPaymentEntry/UserDefined2"), 30): Object 'Object Repository/IWP30/Page_CCPaymentEntry/UserDefined2' is present

2020-07-16 11:07:18 - [MESSAGE][PASSED] - Object 'Object Repository/IWP30/Page_CCPaymentEntry/UserDefined2' is present

2020-07-16 11:07:18 - [TEST_STEP][PASSED] - verifyElementPresent(findTestObject("Object Repository/IWP30/Page_CCPaymentEntry/UserDefined3"), 30): Object 'Object Repository/IWP30/Page_CCPaymentEntry/UserDefined3' is present

2020-07-16 11:07:18 - [MESSAGE][PASSED] - Object 'Object Repository/IWP30/Page_CCPaymentEntry/UserDefined3' is present

2020-07-16 11:07:18 - [TEST_STEP][PASSED] - verifyElementPresent(findTestObject("Object Repository/IWP30/Page_CCPaymentEntry/UserDefined7"), 30): Object 'Object Repository/IWP30/Page_CCPaymentEntry/UserDefined7' is present

2020-07-16 11:07:18 - [MESSAGE][PASSED] - Object 'Object Repository/IWP30/Page_CCPaymentEntry/UserDefined7' is present

2020-07-16 11:07:18 - [TEST_STEP][PASSED] - verifyElementPresent(findTestObject("Object Repository/IWP30/Page_CCPaymentEntry/UserDefined8"), 30): Object 'Object Repository/IWP30/Page_CCPaymentEntry/UserDefined8' is present

2020-07-16 11:07:19 - [MESSAGE][PASSED] - Object 'Object Repository/IWP30/Page_CCPaymentEntry/UserDefined8' is present

2020-07-16 11:07:19 - [TEST_STEP][PASSED] - verifyElementPresent(findTestObject("Object Repository/IWP30/Page_CCPaymentEntry/Name"), 30): Object 'Object Repository/IWP30/Page_CCPaymentEntry/Name' is present

2020-07-16 11:07:19 - [MESSAGE][PASSED] - Object 'Object Repository/IWP30/Page_CCPaymentEntry/Name' is present

2020-07-16 11:07:19 - [TEST_STEP][PASSED] - verifyElementPresent(findTestObject("Object Repository/IWP30/Page_CCPaymentEntry/CardNumber"), 30): Object 'Object Repository/IWP30/Page_CCPaymentEntry/CardNumber' is present

2020-07-16 11:07:19 - [MESSAGE][PASSED] - Object 'Object Repository/IWP30/Page_CCPaymentEntry/CardNumber' is present

2020-07-16 11:07:19 - [TEST_STEP][PASSED] - verifyElementPresent(findTestObject("Object Repository/IWP30/Page_CCPaymentEntry/SPC"), 30): Object 'Object Repository/IWP30/Page_CCPaymentEntry/SPC' is present

2020-07-16 11:07:20 - [MESSAGE][PASSED] - Object 'Object Repository/IWP30/Page_CCPaymentEntry/SPC' is present

2020-07-16 11:07:20 - [TEST_STEP][PASSED] - verifyElementPresent(findTestObject("Object Repository/IWP30/Page_CCPaymentEntry/Month"), 30): Object 'Object Repository/IWP30/Page_CCPaymentEntry/Month' is present

2020-07-16 11:07:20 - [MESSAGE][PASSED] - Object 'Object Repository/IWP30/Page_CCPaymentEntry/Month' is present

2020-07-16 11:07:20 - [TEST_STEP][PASSED] - verifyElementPresent(findTestObject("Object Repository/IWP30/Page_CCPaymentEntry/Year"), 30): Object 'Object Repository/IWP30/Page_CCPaymentEntry/Year' is present

2020-07-16 11:07:20 - [MESSAGE][PASSED] - Object 'Object Repository/IWP30/Page_CCPaymentEntry/Year' is present

2020-07-16 11:07:20 - [TEST_STEP][PASSED] - verifyElementPresent(findTestObject("Object Repository/IWP30/Page_CCPaymentEntry/ProcessDate"), 30): Object 'Object Repository/IWP30/Page_CCPaymentEntry/ProcessDate' is present

2020-07-16 11:07:21 - [MESSAGE][PASSED] - Object 'Object Repository/IWP30/Page_CCPaymentEntry/ProcessDate' is present

2020-07-16 11:07:21 - [TEST_STEP][PASSED] - verifyElementPresent(findTestObject("Object Repository/IWP30/Page_CCPaymentEntry/AL1"), 30): Object 'Object Repository/IWP30/Page_CCPaymentEntry/AL1' is present

2020-07-16 11:07:21 - [MESSAGE][PASSED] - Object 'Object Repository/IWP30/Page_CCPaymentEntry/AL1' is present

2020-07-16 11:07:21 - [TEST_STEP][PASSED] - verifyElementPresent(findTestObject("Object Repository/IWP30/Page_CCPaymentEntry/AL2"), 30): Object 'Object Repository/IWP30/Page_CCPaymentEntry/AL2' is present

2020-07-16 11:07:21 - [MESSAGE][PASSED] - Object 'Object Repository/IWP30/Page_CCPaymentEntry/AL2' is present

2020-07-16 11:07:21 - [TEST_STEP][PASSED] - verifyElementPresent(findTestObject("Object Repository/IWP30/Page_CCPaymentEntry/CountryDropDown"), 30): Object 'Object Repository/IWP30/Page_CCPaymentEntry/CountryDropDown' is present

2020-07-16 11:07:22 - [MESSAGE][PASSED] - Object 'Object Repository/IWP30/Page_CCPaymentEntry/CountryDropDown' is present

2020-07-16 11:07:22 - [TEST_STEP][PASSED] - verifyElementPresent(findTestObject("Object Repository/IWP30/Page_CCPaymentEntry/ZIP"), 30): Object 'Object Repository/IWP30/Page_CCPaymentEntry/ZIP' is present

2020-07-16 11:07:22 - [MESSAGE][PASSED] - Object 'Object Repository/IWP30/Page_CCPaymentEntry/ZIP' is present

2020-07-16 11:07:22 - [TEST_STEP][PASSED] - verifyElementPresent(findTestObject("Object Repository/IWP30/Page_CCPaymentEntry/City"), 30): Object 'Object Repository/IWP30/Page_CCPaymentEntry/City' is present

2020-07-16 11:07:22 - [MESSAGE][PASSED] - Object 'Object Repository/IWP30/Page_CCPaymentEntry/City' is present

2020-07-16 11:07:22 - [TEST_STEP][PASSED] - verifyElementPresent(findTestObject("Object Repository/IWP30/Page_CCPaymentEntry/State"), 30): Object 'Object Repository/IWP30/Page_CCPaymentEntry/State' is present

2020-07-16 11:07:22 - [MESSAGE][PASSED] - Object 'Object Repository/IWP30/Page_CCPaymentEntry/State' is present

2020-07-16 11:07:22 - [TEST_STEP][PASSED] - verifyElementPresent(findTestObject("Object Repository/IWP30/Page_CCPaymentEntry/EmailAddress"), 30): Object 'Object Repository/IWP30/Page_CCPaymentEntry/EmailAddress' is present

2020-07-16 11:07:23 - [MESSAGE][PASSED] - Object 'Object Repository/IWP30/Page_CCPaymentEntry/EmailAddress' is present

2020-07-16 11:07:23 - [TEST_STEP][PASSED] - verifyElementPresent(findTestObject("Object Repository/IWP30/Page_CCPaymentEntry/StorePaymentMethodCheckBox"), 30): Object 'Object Repository/IWP30/Page_CCPaymentEntry/StorePaymentMethodCheckBox' is present

2020-07-16 11:07:23 - [MESSAGE][PASSED] - Object 'Object Repository/IWP30/Page_CCPaymentEntry/StorePaymentMethodCheckBox' is present

2020-07-16 11:07:23 - [TEST_STEP][PASSED] - verifyElementPresent(findTestObject("Object Repository/IWP30/Page_CCPaymentEntry/TermCondCheckBox"), 30): Object 'Object Repository/IWP30/Page_CCPaymentEntry/TermCondCheckBox' is present

2020-07-16 11:07:23 - [MESSAGE][PASSED] - Object 'Object Repository/IWP30/Page_CCPaymentEntry/TermCondCheckBox' is present

2020-07-16 11:07:23 - [TEST_STEP][PASSED] - verifyElementPresent(findTestObject("Object Repository/IWP30/Page_CCPaymentEntry/ContinueButton"), 30): Object 'Object Repository/IWP30/Page_CCPaymentEntry/ContinueButton' is present

2020-07-16 11:07:24 - [MESSAGE][PASSED] - Object 'Object Repository/IWP30/Page_CCPaymentEntry/ContinueButton' is present

2020-07-16 11:07:24 - [TEST_STEP][PASSED] - verifyElementPresent(findTestObject("Object Repository/IWP30/Page_CCPaymentEntry/ChangePaymentMethodButton"), 30): Object 'Object Repository/IWP30/Page_CCPaymentEntry/ChangePaymentMethodButton' is present

2020-07-16 11:07:24 - [MESSAGE][PASSED] - Object 'Object Repository/IWP30/Page_CCPaymentEntry/ChangePaymentMethodButton' is present

2020-07-16 11:07:24 - [TEST_STEP][PASSED] - verifyElementPresent(findTestObject("Object Repository/IWP30/Page_CCPaymentEntry/ExitButton"), 30): Object 'Object Repository/IWP30/Page_CCPaymentEntry/ExitButton' is present

2020-07-16 11:07:24 - [MESSAGE][PASSED] - Object 'Object Repository/IWP30/Page_CCPaymentEntry/ExitButton' is present

2020-07-16 11:07:24 - [TEST_STEP][PASSED] - iwpPages.ccPaymentEntryPage.setDataCCPM(row, dataFile): iwpPages.ccPaymentEntryPage.setDataCCPM is PASSED

2020-07-16 11:07:25 - [MESSAGE][PASSED] - Object 'Object Repository/IWP30/Page_CCPaymentEntry/Name' is present

2020-07-16 11:07:25 - [MESSAGE][PASSED] - Object 'Object Repository/IWP30/Page_CCPaymentEntry/Amount' is present

2020-07-16 11:07:26 - [MESSAGE][PASSED] - Text '27.50' is set on object 'Object Repository/IWP30/Page_CCPaymentEntry/Amount'

2020-07-16 11:07:26 - [MESSAGE][PASSED] - Object 'Object Repository/IWP30/Page_CCPaymentEntry/UserDefined2' is present

2020-07-16 11:07:27 - [MESSAGE][PASSED] - Text 'Agneepath' is set on object 'Object Repository/IWP30/Page_CCPaymentEntry/UserDefined2'

2020-07-16 11:07:27 - [MESSAGE][PASSED] - Object 'Object Repository/IWP30/Page_CCPaymentEntry/UserDefined3' is present

2020-07-16 11:07:28 - [MESSAGE][PASSED] - Text 'Kaho Na' is set on object 'Object Repository/IWP30/Page_CCPaymentEntry/UserDefined3'

2020-07-16 11:07:28 - [MESSAGE][PASSED] - Object 'Object Repository/IWP30/Page_CCPaymentEntry/UserDefined7' is present

2020-07-16 11:07:29 - [MESSAGE][PASSED] - All options with label 'Purple' are selected in object 'Object Repository/IWP30/Page_CCPaymentEntry/UserDefined7' 

2020-07-16 11:07:29 - [MESSAGE][PASSED] - Object 'Object Repository/IWP30/Page_CCPaymentEntry/UserDefined8' is present

2020-07-16 11:07:30 - [MESSAGE][PASSED] - All options with label 'Soccer' are selected in object 'Object Repository/IWP30/Page_CCPaymentEntry/UserDefined8' 

2020-07-16 11:07:30 - [MESSAGE][PASSED] - Object 'Object Repository/IWP30/Page_CCPaymentEntry/Name' is present

2020-07-16 11:07:31 - [MESSAGE][PASSED] - Text 'Hritik Roshan' is set on object 'Object Repository/IWP30/Page_CCPaymentEntry/Name'

2020-07-16 11:07:31 - [MESSAGE][PASSED] - Object 'Object Repository/IWP30/Page_CCPaymentEntry/CardNumber' is present

2020-07-16 11:07:32 - [MESSAGE][PASSED] - Text '5424000000000015' is set on object 'Object Repository/IWP30/Page_CCPaymentEntry/CardNumber'

2020-07-16 11:07:32 - [MESSAGE][PASSED] - Object 'Object Repository/IWP30/Page_CCPaymentEntry/SPC' is present

2020-07-16 11:07:33 - [MESSAGE][PASSED] - Text '159' is set on object 'Object Repository/IWP30/Page_CCPaymentEntry/SPC'

2020-07-16 11:07:34 - [MESSAGE][PASSED] - Object 'Object Repository/IWP30/Page_CCPaymentEntry/Month' is present

2020-07-16 11:07:34 - [MESSAGE][PASSED] - All options with label '06' are selected in object 'Object Repository/IWP30/Page_CCPaymentEntry/Month' 

2020-07-16 11:07:34 - [MESSAGE][PASSED] - Object 'Object Repository/IWP30/Page_CCPaymentEntry/Year' is present

2020-07-16 11:07:35 - [MESSAGE][PASSED] - All options with label '2026' are selected in object 'Object Repository/IWP30/Page_CCPaymentEntry/Year' 

2020-07-16 11:07:35 - [MESSAGE][PASSED] - Object 'Object Repository/IWP30/Page_CCPaymentEntry/ProcessDate' is present

2020-07-16 11:07:36 - [MESSAGE][PASSED] - Object 'Object Repository/IWP30/Page_CCPaymentEntry/AL1' is present

2020-07-16 11:07:36 - [MESSAGE][PASSED] - Text '1638 Juhu road' is set on object 'Object Repository/IWP30/Page_CCPaymentEntry/AL1'

2020-07-16 11:07:37 - [MESSAGE][PASSED] - Object 'Object Repository/IWP30/Page_CCPaymentEntry/AL2' is present

2020-07-16 11:07:37 - [MESSAGE][PASSED] - Text 'Build 99' is set on object 'Object Repository/IWP30/Page_CCPaymentEntry/AL2'

2020-07-16 11:07:38 - [MESSAGE][PASSED] - Object 'Object Repository/IWP30/Page_CCPaymentEntry/ZIP' is present

2020-07-16 11:07:38 - [MESSAGE][PASSED] - Text '21054' is set on object 'Object Repository/IWP30/Page_CCPaymentEntry/ZIP'

2020-07-16 11:07:39 - [MESSAGE][PASSED] - Object 'Object Repository/IWP30/Page_CCPaymentEntry/EmailAddress' is present

2020-07-16 11:07:40 - [MESSAGE][PASSED] - Text 'youremail@gmail.com' is set on object 'Object Repository/IWP30/Page_CCPaymentEntry/EmailAddress'

2020-07-16 11:07:40 - [MESSAGE][PASSED] - Object 'Object Repository/IWP30/Page_CCPaymentEntry/TermCondCheckBox' is present

2020-07-16 11:07:40 - [MESSAGE][PASSED] - Object 'Object Repository/IWP30/Page_CCPaymentEntry/TermCondCheckBox' is checked

2020-07-16 11:07:41 - [MESSAGE][PASSED] - Object 'Object Repository/IWP30/Page_CCPaymentEntry/ContinueButton' is present

2020-07-16 11:07:42 - [MESSAGE][PASSED] - Object: 'Object Repository/IWP30/Page_CCPaymentEntry/ContinueButton' is clicked on

2020-07-16 11:07:42 - [MESSAGE][PASSED] - iwpPages.ccPaymentEntryPage.setDataCCPM is PASSED

2020-07-16 11:07:42 - [TEST_STEP][PASSED] - Amount = findTestData("VerifyUINoCFCCTestData").getValue("CCAmount", row): null

2020-07-16 11:07:42 - [TEST_STEP][PASSED] - UDF2 = findTestData("VerifyUINoCFCCTestData").getValue("CCUDF2", row): null

2020-07-16 11:07:42 - [TEST_STEP][PASSED] - UDF3 = findTestData("VerifyUINoCFCCTestData").getValue("CCUDF3", row): null

2020-07-16 11:07:42 - [TEST_STEP][PASSED] - UDF7 = findTestData("VerifyUINoCFCCTestData").getValue("CCUDF7", row): null

2020-07-16 11:07:42 - [TEST_STEP][PASSED] - UDF8 = findTestData("VerifyUINoCFCCTestData").getValue("CCUDF8", row): null

2020-07-16 11:07:42 - [TEST_STEP][PASSED] - CName = findTestData("VerifyUINoCFCCTestData").getValue("CCName", row): null

2020-07-16 11:07:42 - [TEST_STEP][PASSED] - CardType = findTestData("VerifyUINoCFCCTestData").getValue("VerCardType", row): null

2020-07-16 11:07:42 - [TEST_STEP][PASSED] - Last4 = findTestData("VerifyUINoCFCCTestData").getValue("VerLast4", row): null

2020-07-16 11:07:42 - [TEST_STEP][PASSED] - CExp = findTestData("VerifyUINoCFCCTestData").getValue("VerExp", row): null

2020-07-16 11:07:42 - [TEST_STEP][PASSED] - AL1 = findTestData("VerifyUINoCFCCTestData").getValue("CCAL1", row): null

2020-07-16 11:07:42 - [TEST_STEP][PASSED] - AL2 = findTestData("VerifyUINoCFCCTestData").getValue("CCAL2", row): null

2020-07-16 11:07:42 - [TEST_STEP][PASSED] - City = findTestData("VerifyUINoCFCCTestData").getValue("VerCity", row): null

2020-07-16 11:07:42 - [TEST_STEP][PASSED] - State = findTestData("VerifyUINoCFCCTestData").getValue("VerState", row): null

2020-07-16 11:07:42 - [TEST_STEP][PASSED] - CZIP = findTestData("VerifyUINoCFCCTestData").getValue("CCZIP", row): null

2020-07-16 11:07:42 - [TEST_STEP][PASSED] - Email = findTestData("VerifyUINoCFCCTestData").getValue("CCEmail", row): null

2020-07-16 11:07:42 - [TEST_STEP][PASSED] - State2 = findTestData("VerifyUINoCFCCTestData").getValue("VerState2", row): null

2020-07-16 11:07:42 - [TEST_STEP][PASSED] - verifyTextPresent("Please verify the following information", false): Text 'Please verify the following information' is present on page 

2020-07-16 11:07:43 - [MESSAGE][PASSED] - Text 'Please verify the following information' is present on page 

2020-07-16 11:07:43 - [TEST_STEP][PASSED] - verifyTextPresent("CAN Label", false): Text 'CAN Label' is present on page 

2020-07-16 11:07:43 - [MESSAGE][PASSED] - Text 'CAN Label' is present on page 

2020-07-16 11:07:43 - [TEST_STEP][PASSED] - verifyTextPresent("54654701", false): Text '54654701' is present on page 

2020-07-16 11:07:43 - [MESSAGE][PASSED] - Text '54654701' is present on page 

2020-07-16 11:07:43 - [TEST_STEP][PASSED] - verifyTextPresent("Tax Amount", false): Text 'Tax Amount' is present on page 

2020-07-16 11:07:44 - [MESSAGE][PASSED] - Text 'Tax Amount' is present on page 

2020-07-16 11:07:44 - [TEST_STEP][PASSED] - verifyTextPresent("$0.00", false): Text '$0.00' is present on page 

2020-07-16 11:07:44 - [MESSAGE][PASSED] - Text '$0.00' is present on page 

2020-07-16 11:07:44 - [TEST_STEP][PASSED] - verifyTextPresent("Amount", false): Text 'Amount' is present on page 

2020-07-16 11:07:44 - [MESSAGE][PASSED] - Text 'Amount' is present on page 

2020-07-16 11:07:44 - [TEST_STEP][PASSED] - verifyTextPresent(Amount, false): Text '27.50' is present on page 

2020-07-16 11:07:45 - [MESSAGE][PASSED] - Text '27.50' is present on page 

2020-07-16 11:07:45 - [TEST_STEP][PASSED] - verifyTextPresent("UDF2 Label", false): Text 'UDF2 Label' is present on page 

2020-07-16 11:07:45 - [MESSAGE][PASSED] - Text 'UDF2 Label' is present on page 

2020-07-16 11:07:45 - [TEST_STEP][PASSED] - verifyTextPresent(UDF2, false): Text 'Agneepath' is present on page 

2020-07-16 11:07:45 - [MESSAGE][PASSED] - Text 'Agneepath' is present on page 

2020-07-16 11:07:45 - [TEST_STEP][PASSED] - verifyTextPresent("UDF3 Label", false): Text 'UDF3 Label' is present on page 

2020-07-16 11:07:46 - [MESSAGE][PASSED] - Text 'UDF3 Label' is present on page 

2020-07-16 11:07:46 - [TEST_STEP][PASSED] - verifyTextPresent(UDF3, false): Text 'Kaho Na' is present on page 

2020-07-16 11:07:46 - [MESSAGE][PASSED] - Text 'Kaho Na' is present on page 

2020-07-16 11:07:46 - [TEST_STEP][PASSED] - verifyTextPresent("UDF4 Label", false): Text 'UDF4 Label' is present on page 

2020-07-16 11:07:46 - [MESSAGE][PASSED] - Text 'UDF4 Label' is present on page 

2020-07-16 11:07:46 - [TEST_STEP][PASSED] - verifyTextPresent("data 4", false): Text 'data 4' is present on page 

2020-07-16 11:07:47 - [MESSAGE][PASSED] - Text 'data 4' is present on page 

2020-07-16 11:07:47 - [TEST_STEP][PASSED] - verifyTextPresent("UDF6 Label", false): Text 'UDF6 Label' is present on page 

2020-07-16 11:07:47 - [MESSAGE][PASSED] - Text 'UDF6 Label' is present on page 

2020-07-16 11:07:47 - [TEST_STEP][PASSED] - verifyTextPresent("data 6", false): Text 'data 6' is present on page 

2020-07-16 11:07:47 - [MESSAGE][PASSED] - Text 'data 6' is present on page 

2020-07-16 11:07:47 - [TEST_STEP][PASSED] - verifyTextPresent("UDF7 Label", false): Text 'UDF7 Label' is present on page 

2020-07-16 11:07:48 - [MESSAGE][PASSED] - Text 'UDF7 Label' is present on page 

2020-07-16 11:07:48 - [TEST_STEP][PASSED] - verifyTextPresent(UDF7, false): Text 'Purple' is present on page 

2020-07-16 11:07:48 - [MESSAGE][PASSED] - Text 'Purple' is present on page 

2020-07-16 11:07:48 - [TEST_STEP][PASSED] - verifyTextPresent("UDF8 Label", false): Text 'UDF8 Label' is present on page 

2020-07-16 11:07:49 - [MESSAGE][PASSED] - Text 'UDF8 Label' is present on page 

2020-07-16 11:07:49 - [TEST_STEP][PASSED] - verifyTextPresent(UDF8, false): Text 'Soccer' is present on page 

2020-07-16 11:07:49 - [MESSAGE][PASSED] - Text 'Soccer' is present on page 

2020-07-16 11:07:49 - [TEST_STEP][PASSED] - verifyTextPresent("UDF9 Label", false): Text 'UDF9 Label' is present on page 

2020-07-16 11:07:49 - [MESSAGE][PASSED] - Text 'UDF9 Label' is present on page 

2020-07-16 11:07:49 - [TEST_STEP][PASSED] - verifyTextPresent("data 9", false): Text 'data 9' is present on page 

2020-07-16 11:07:50 - [MESSAGE][PASSED] - Text 'data 9' is present on page 

2020-07-16 11:07:50 - [TEST_STEP][PASSED] - verifyTextPresent("Card information", false): Text 'Card information' is present on page 

2020-07-16 11:07:50 - [MESSAGE][PASSED] - Text 'Card information' is present on page 

2020-07-16 11:07:50 - [TEST_STEP][PASSED] - verifyTextPresent("Cardholder's Name", false): Text 'Cardholder's Name' is present on page 

2020-07-16 11:07:50 - [MESSAGE][PASSED] - Text 'Cardholder's Name' is present on page 

2020-07-16 11:07:50 - [TEST_STEP][PASSED] - verifyTextPresent(CName, false): Text 'Hritik Roshan' is present on page 

2020-07-16 11:07:51 - [MESSAGE][PASSED] - Text 'Hritik Roshan' is present on page 

2020-07-16 11:07:51 - [TEST_STEP][PASSED] - verifyTextPresent("Card Type", false): Text 'Card Type' is present on page 

2020-07-16 11:07:51 - [MESSAGE][PASSED] - Text 'Card Type' is present on page 

2020-07-16 11:07:51 - [TEST_STEP][PASSED] - verifyTextPresent(CardType, false): Text 'MasterCard' is present on page 

2020-07-16 11:07:51 - [MESSAGE][PASSED] - Text 'MasterCard' is present on page 

2020-07-16 11:07:51 - [TEST_STEP][PASSED] - verifyTextPresent("Card Number", false): Text 'Card Number' is present on page 

2020-07-16 11:07:52 - [MESSAGE][PASSED] - Text 'Card Number' is present on page 

2020-07-16 11:07:52 - [TEST_STEP][PASSED] - verifyTextPresent(Last4, false): Text '0015' is present on page 

2020-07-16 11:07:52 - [MESSAGE][PASSED] - Text '0015' is present on page 

2020-07-16 11:07:52 - [TEST_STEP][PASSED] - verifyTextPresent("Signature Panel Code", false): Text 'Signature Panel Code' is present on page 

2020-07-16 11:07:52 - [MESSAGE][PASSED] - Text 'Signature Panel Code' is present on page 

2020-07-16 11:07:52 - [TEST_STEP][PASSED] - verifyTextPresent("Expiration Date", false): Text 'Expiration Date' is present on page 

2020-07-16 11:07:53 - [MESSAGE][PASSED] - Text 'Expiration Date' is present on page 

2020-07-16 11:07:53 - [TEST_STEP][PASSED] - verifyTextPresent(CExp, false): Text '6/2026' is present on page 

2020-07-16 11:07:53 - [MESSAGE][PASSED] - Text '6/2026' is present on page 

2020-07-16 11:07:53 - [TEST_STEP][PASSED] - verifyTextPresent("Payment Date", false): Text 'Payment Date' is present on page 

2020-07-16 11:07:53 - [MESSAGE][PASSED] - Text 'Payment Date' is present on page 

2020-07-16 11:07:53 - [TEST_STEP][PASSED] - verifyTextPresent("Billing information", false): Text 'Billing information' is present on page 

2020-07-16 11:07:54 - [MESSAGE][PASSED] - Text 'Billing information' is present on page 

2020-07-16 11:07:54 - [TEST_STEP][PASSED] - verifyTextPresent("Address Line 1", false): Text 'Address Line 1' is present on page 

2020-07-16 11:07:54 - [MESSAGE][PASSED] - Text 'Address Line 1' is present on page 

2020-07-16 11:07:54 - [TEST_STEP][PASSED] - verifyTextPresent(AL1, false): Text '1638 Juhu road' is present on page 

2020-07-16 11:07:54 - [MESSAGE][PASSED] - Text '1638 Juhu road' is present on page 

2020-07-16 11:07:54 - [TEST_STEP][PASSED] - verifyTextPresent("Address Line 2", false): Text 'Address Line 2' is present on page 

2020-07-16 11:07:55 - [MESSAGE][PASSED] - Text 'Address Line 2' is present on page 

2020-07-16 11:07:55 - [TEST_STEP][PASSED] - verifyTextPresent(AL2, false): Text 'Build 99' is present on page 

2020-07-16 11:07:55 - [MESSAGE][PASSED] - Text 'Build 99' is present on page 

2020-07-16 11:07:55 - [TEST_STEP][PASSED] - verifyTextPresent("Country", false): Text 'Country' is present on page 

2020-07-16 11:07:55 - [MESSAGE][PASSED] - Text 'Country' is present on page 

2020-07-16 11:07:55 - [TEST_STEP][PASSED] - verifyTextPresent("United States", false): Text 'United States' is present on page 

2020-07-16 11:07:56 - [MESSAGE][PASSED] - Text 'United States' is present on page 

2020-07-16 11:07:56 - [TEST_STEP][PASSED] - verifyTextPresent("City", false): Text 'City' is present on page 

2020-07-16 11:07:56 - [MESSAGE][PASSED] - Text 'City' is present on page 

2020-07-16 11:07:56 - [TEST_STEP][PASSED] - verifyTextPresent(City, false): Text 'GAMBRILLS' is present on page 

2020-07-16 11:07:57 - [MESSAGE][PASSED] - Text 'GAMBRILLS' is present on page 

2020-07-16 11:07:57 - [TEST_STEP][PASSED] - verifyTextPresent("State", false): Text 'State' is present on page 

2020-07-16 11:07:57 - [MESSAGE][PASSED] - Text 'State' is present on page 

2020-07-16 11:07:57 - [TEST_STEP][PASSED] - verifyTextPresent(State, false): Text 'Maryland' is present on page 

2020-07-16 11:07:57 - [MESSAGE][PASSED] - Text 'Maryland' is present on page 

2020-07-16 11:07:57 - [TEST_STEP][PASSED] - verifyTextPresent("ZIP Code", false): Text 'ZIP Code' is present on page 

2020-07-16 11:07:57 - [MESSAGE][PASSED] - Text 'ZIP Code' is present on page 

2020-07-16 11:07:57 - [TEST_STEP][PASSED] - verifyTextPresent(CZIP, false): Text '21054' is present on page 

2020-07-16 11:07:58 - [MESSAGE][PASSED] - Text '21054' is present on page 

2020-07-16 11:07:58 - [TEST_STEP][PASSED] - verifyTextPresent("Email Address", false): Text 'Email Address' is present on page 

2020-07-16 11:07:58 - [MESSAGE][PASSED] - Text 'Email Address' is present on page 

2020-07-16 11:07:58 - [TEST_STEP][PASSED] - verifyTextPresent(Email, false): Text 'youremail@gmail.com' is present on page 

2020-07-16 11:07:59 - [MESSAGE][PASSED] - Text 'youremail@gmail.com' is present on page 

2020-07-16 11:07:59 - [TEST_STEP][PASSED] - verifyTextPresent("Is this information correct", false): Text 'Is this information correct' is present on page 

2020-07-16 11:07:59 - [MESSAGE][PASSED] - Text 'Is this information correct' is present on page 

2020-07-16 11:07:59 - [TEST_STEP][PASSED] - verifyTextPresent("These are CC Custom HTML", false): Text 'These are CC Custom HTML' is present on page 

2020-07-16 11:07:59 - [MESSAGE][PASSED] - Text 'These are CC Custom HTML' is present on page 

2020-07-16 11:07:59 - [TEST_STEP][PASSED] - verifyElementPresent(findTestObject("Object Repository/IWP30/Page_Confirmation/ChangePaymentMethodButton"), 30): Object 'Object Repository/IWP30/Page_Confirmation/ChangePaymentMethodButton' is present

2020-07-16 11:08:00 - [MESSAGE][PASSED] - Object 'Object Repository/IWP30/Page_Confirmation/ChangePaymentMethodButton' is present

2020-07-16 11:08:00 - [TEST_STEP][PASSED] - verifyElementPresent(findTestObject("Object Repository/IWP30/Page_Confirmation/ConfirmButton"), 30): Object 'Object Repository/IWP30/Page_Confirmation/ConfirmButton' is present

2020-07-16 11:08:00 - [MESSAGE][PASSED] - Object 'Object Repository/IWP30/Page_Confirmation/ConfirmButton' is present

2020-07-16 11:08:00 - [TEST_STEP][PASSED] - verifyElementPresent(findTestObject("Object Repository/IWP30/Page_Confirmation/ExitButton"), 30): Object 'Object Repository/IWP30/Page_Confirmation/ExitButton' is present

2020-07-16 11:08:00 - [MESSAGE][PASSED] - Object 'Object Repository/IWP30/Page_Confirmation/ExitButton' is present

2020-07-16 11:08:00 - [TEST_STEP][PASSED] - verifyElementPresent(findTestObject("Object Repository/IWP30/Page_Confirmation/ModifyButton"), 30): Object 'Object Repository/IWP30/Page_Confirmation/ModifyButton' is present

2020-07-16 11:08:01 - [MESSAGE][PASSED] - Object 'Object Repository/IWP30/Page_Confirmation/ModifyButton' is present

2020-07-16 11:08:01 - [TEST_STEP][PASSED] - click(findTestObject("Object Repository/IWP30/Page_Confirmation/ConfirmButton")): Object: 'Object Repository/IWP30/Page_Confirmation/ConfirmButton' is clicked on

2020-07-16 11:08:02 - [MESSAGE][PASSED] - Object: 'Object Repository/IWP30/Page_Confirmation/ConfirmButton' is clicked on

2020-07-16 11:08:02 - [TEST_STEP][PASSED] - Thread.sleep(10000): null

2020-07-16 11:08:12 - [TEST_STEP][PASSED] - verifyTextPresent("Successful Payment Receipt", false): Text 'Successful Payment Receipt' is present on page 

2020-07-16 11:08:12 - [MESSAGE][PASSED] - Text 'Successful Payment Receipt' is present on page 

2020-07-16 11:08:12 - [TEST_STEP][PASSED] - verifyTextPresent("Please print this receipt for your records", false): Text 'Please print this receipt for your records' is present on page 

2020-07-16 11:08:12 - [MESSAGE][PASSED] - Text 'Please print this receipt for your records' is present on page 

2020-07-16 11:08:12 - [TEST_STEP][PASSED] - verifyTextPresent("Remittance ID", false): Text 'Remittance ID' is present on page 

2020-07-16 11:08:13 - [MESSAGE][PASSED] - Text 'Remittance ID' is present on page 

2020-07-16 11:08:13 - [TEST_STEP][PASSED] - verifyTextPresent("CAN Label", false): Text 'CAN Label' is present on page 

2020-07-16 11:08:13 - [MESSAGE][PASSED] - Text 'CAN Label' is present on page 

2020-07-16 11:08:13 - [TEST_STEP][PASSED] - verifyTextPresent("54654701", false): Text '54654701' is present on page 

2020-07-16 11:08:13 - [MESSAGE][PASSED] - Text '54654701' is present on page 

2020-07-16 11:08:13 - [TEST_STEP][PASSED] - verifyTextPresent("Received", false): Text 'Received' is present on page 

2020-07-16 11:08:14 - [MESSAGE][PASSED] - Text 'Received' is present on page 

2020-07-16 11:08:14 - [TEST_STEP][PASSED] - verifyTextPresent("UDF1 Label", false): Text 'UDF1 Label' is present on page 

2020-07-16 11:08:14 - [MESSAGE][PASSED] - Text 'UDF1 Label' is present on page 

2020-07-16 11:08:14 - [TEST_STEP][PASSED] - verifyTextPresent("UDF2 Label", false): Text 'UDF2 Label' is present on page 

2020-07-16 11:08:14 - [MESSAGE][PASSED] - Text 'UDF2 Label' is present on page 

2020-07-16 11:08:14 - [TEST_STEP][PASSED] - verifyTextPresent(UDF2, false): Text 'Agneepath' is present on page 

2020-07-16 11:08:15 - [MESSAGE][PASSED] - Text 'Agneepath' is present on page 

2020-07-16 11:08:15 - [TEST_STEP][PASSED] - verifyTextPresent("UDF3 Label", false): Text 'UDF3 Label' is present on page 

2020-07-16 11:08:15 - [MESSAGE][PASSED] - Text 'UDF3 Label' is present on page 

2020-07-16 11:08:15 - [TEST_STEP][PASSED] - verifyTextPresent(UDF3, false): Text 'Kaho Na' is present on page 

2020-07-16 11:08:15 - [MESSAGE][PASSED] - Text 'Kaho Na' is present on page 

2020-07-16 11:08:15 - [TEST_STEP][PASSED] - verifyTextPresent("UDF4 Label", false): Text 'UDF4 Label' is present on page 

2020-07-16 11:08:16 - [MESSAGE][PASSED] - Text 'UDF4 Label' is present on page 

2020-07-16 11:08:16 - [TEST_STEP][PASSED] - verifyTextPresent("data 4", false): Text 'data 4' is present on page 

2020-07-16 11:08:16 - [MESSAGE][PASSED] - Text 'data 4' is present on page 

2020-07-16 11:08:16 - [TEST_STEP][PASSED] - verifyTextPresent("UDF6 Label", false): Text 'UDF6 Label' is present on page 

2020-07-16 11:08:16 - [MESSAGE][PASSED] - Text 'UDF6 Label' is present on page 

2020-07-16 11:08:16 - [TEST_STEP][PASSED] - verifyTextPresent("data 6", false): Text 'data 6' is present on page 

2020-07-16 11:08:17 - [MESSAGE][PASSED] - Text 'data 6' is present on page 

2020-07-16 11:08:17 - [TEST_STEP][PASSED] - verifyTextPresent("UDF7 Label", false): Text 'UDF7 Label' is present on page 

2020-07-16 11:08:17 - [MESSAGE][PASSED] - Text 'UDF7 Label' is present on page 

2020-07-16 11:08:17 - [TEST_STEP][PASSED] - verifyTextPresent(UDF7, false): Text 'Purple' is present on page 

2020-07-16 11:08:17 - [MESSAGE][PASSED] - Text 'Purple' is present on page 

2020-07-16 11:08:17 - [TEST_STEP][PASSED] - verifyTextPresent("UDF8 Label", false): Text 'UDF8 Label' is present on page 

2020-07-16 11:08:18 - [MESSAGE][PASSED] - Text 'UDF8 Label' is present on page 

2020-07-16 11:08:18 - [TEST_STEP][PASSED] - verifyTextPresent(UDF8, false): Text 'Soccer' is present on page 

2020-07-16 11:08:18 - [MESSAGE][PASSED] - Text 'Soccer' is present on page 

2020-07-16 11:08:18 - [TEST_STEP][PASSED] - verifyTextPresent("UDF9 Label", false): Text 'UDF9 Label' is present on page 

2020-07-16 11:08:18 - [MESSAGE][PASSED] - Text 'UDF9 Label' is present on page 

2020-07-16 11:08:18 - [TEST_STEP][PASSED] - verifyTextPresent("data 9", false): Text 'data 9' is present on page 

2020-07-16 11:08:19 - [MESSAGE][PASSED] - Text 'data 9' is present on page 

2020-07-16 11:08:19 - [TEST_STEP][PASSED] - verifyTextPresent("Tax Amount", false): Text 'Tax Amount' is present on page 

2020-07-16 11:08:19 - [MESSAGE][PASSED] - Text 'Tax Amount' is present on page 

2020-07-16 11:08:19 - [TEST_STEP][PASSED] - verifyTextPresent("$0.00", false): Text '$0.00' is present on page 

2020-07-16 11:08:19 - [MESSAGE][PASSED] - Text '$0.00' is present on page 

2020-07-16 11:08:19 - [TEST_STEP][PASSED] - verifyTextPresent("Amount", false): Text 'Amount' is present on page 

2020-07-16 11:08:20 - [MESSAGE][PASSED] - Text 'Amount' is present on page 

2020-07-16 11:08:20 - [TEST_STEP][PASSED] - verifyTextPresent(Amount, false): Text '27.50' is present on page 

2020-07-16 11:08:20 - [MESSAGE][PASSED] - Text '27.50' is present on page 

2020-07-16 11:08:20 - [TEST_STEP][PASSED] - verifyTextPresent("Transaction Type", false): Text 'Transaction Type' is present on page 

2020-07-16 11:08:20 - [MESSAGE][PASSED] - Text 'Transaction Type' is present on page 

2020-07-16 11:08:20 - [TEST_STEP][PASSED] - verifyTextPresent("Authorization and Capture", false): Text 'Authorization and Capture' is present on page 

2020-07-16 11:08:21 - [MESSAGE][PASSED] - Text 'Authorization and Capture' is present on page 

2020-07-16 11:08:21 - [TEST_STEP][PASSED] - verifyTextPresent("Card Information", false): Text 'Card Information' is present on page 

2020-07-16 11:08:21 - [MESSAGE][PASSED] - Text 'Card Information' is present on page 

2020-07-16 11:08:21 - [TEST_STEP][PASSED] - verifyTextPresent(CardType, false): Text 'MasterCard' is present on page 

2020-07-16 11:08:21 - [MESSAGE][PASSED] - Text 'MasterCard' is present on page 

2020-07-16 11:08:21 - [TEST_STEP][FAILED] - verifyTextPresent(CName, false): Text 'Hritik Roshan' is not present on page  (Root cause: com.kms.katalon.core.exception.StepFailedException: Text 'Hritik Roshan' is not present on page 
	at com.kms.katalon.core.webui.keyword.internal.WebUIKeywordMain.stepFailed(WebUIKeywordMain.groovy:64)
	at com.kms.katalon.core.webui.keyword.builtin.VerifyTextPresentKeyword$_verifyTextPresent_closure1.doCall(VerifyTextPresentKeyword.groovy:79)
	at com.kms.katalon.core.webui.keyword.builtin.VerifyTextPresentKeyword$_verifyTextPresent_closure1.call(VerifyTextPresentKeyword.groovy)
	at com.kms.katalon.core.webui.keyword.internal.WebUIKeywordMain.runKeyword(WebUIKeywordMain.groovy:20)
	at com.kms.katalon.core.webui.keyword.builtin.VerifyTextPresentKeyword.verifyTextPresent(VerifyTextPresentKeyword.groovy:83)
	at com.kms.katalon.core.webui.keyword.builtin.VerifyTextPresentKeyword.execute(VerifyTextPresentKeyword.groovy:68)
	at com.kms.katalon.core.keyword.internal.KeywordExecutor.executeKeywordForPlatform(KeywordExecutor.groovy:72)
	at com.kms.katalon.core.webui.keyword.WebUiBuiltInKeywords.verifyTextPresent(WebUiBuiltInKeywords.groovy:1719)
	at com.kms.katalon.core.webui.keyword.WebUiBuiltInKeywords$verifyTextPresent$6.call(Unknown Source)
	at VerifyUINoCFCC.run(VerifyUINoCFCC:332)
	at com.kms.katalon.core.main.ScriptEngine.run(ScriptEngine.java:194)
	at com.kms.katalon.core.main.ScriptEngine.runScriptAsRawText(ScriptEngine.java:119)
	at com.kms.katalon.core.main.TestCaseExecutor.runScript(TestCaseExecutor.java:337)
	at com.kms.katalon.core.main.TestCaseExecutor.doExecute(TestCaseExecutor.java:328)
	at com.kms.katalon.core.main.TestCaseExecutor.processExecutionPhase(TestCaseExecutor.java:307)
	at com.kms.katalon.core.main.TestCaseExecutor.accessMainPhase(TestCaseExecutor.java:299)
	at com.kms.katalon.core.main.TestCaseExecutor.execute(TestCaseExecutor.java:233)
	at com.kms.katalon.core.main.TestSuiteExecutor.accessTestCaseMainPhase(TestSuiteExecutor.java:169)
	at com.kms.katalon.core.main.TestSuiteExecutor.accessTestSuiteMainPhase(TestSuiteExecutor.java:142)
	at com.kms.katalon.core.main.TestSuiteExecutor.execute(TestSuiteExecutor.java:91)
	at com.kms.katalon.core.main.TestCaseMain.startTestSuite(TestCaseMain.java:157)
	at com.kms.katalon.core.main.TestCaseMain$startTestSuite$0.call(Unknown Source)
	at TempTestSuite1594911837370.run(TempTestSuite1594911837370.groovy:37)
)

2020-07-16 11:08:22 - [MESSAGE][FAILED] - Text 'Hritik Roshan' is not present on page  (Root cause: com.kms.katalon.core.exception.StepFailedException: Text 'Hritik Roshan' is not present on page 
	at com.kms.katalon.core.webui.keyword.internal.WebUIKeywordMain.stepFailed(WebUIKeywordMain.groovy:64)
	at com.kms.katalon.core.webui.keyword.builtin.VerifyTextPresentKeyword$_verifyTextPresent_closure1.doCall(VerifyTextPresentKeyword.groovy:79)
	at com.kms.katalon.core.webui.keyword.builtin.VerifyTextPresentKeyword$_verifyTextPresent_closure1.call(VerifyTextPresentKeyword.groovy)
	at com.kms.katalon.core.webui.keyword.internal.WebUIKeywordMain.runKeyword(WebUIKeywordMain.groovy:20)
	at com.kms.katalon.core.webui.keyword.builtin.VerifyTextPresentKeyword.verifyTextPresent(VerifyTextPresentKeyword.groovy:83)
	at com.kms.katalon.core.webui.keyword.builtin.VerifyTextPresentKeyword.execute(VerifyTextPresentKeyword.groovy:68)
	at com.kms.katalon.core.keyword.internal.KeywordExecutor.executeKeywordForPlatform(KeywordExecutor.groovy:72)
	at com.kms.katalon.core.webui.keyword.WebUiBuiltInKeywords.verifyTextPresent(WebUiBuiltInKeywords.groovy:1719)
	at com.kms.katalon.core.webui.keyword.WebUiBuiltInKeywords$verifyTextPresent$6.call(Unknown Source)
	at VerifyUINoCFCC.run(VerifyUINoCFCC:332)
	at com.kms.katalon.core.main.ScriptEngine.run(ScriptEngine.java:194)
	at com.kms.katalon.core.main.ScriptEngine.runScriptAsRawText(ScriptEngine.java:119)
	at com.kms.katalon.core.main.TestCaseExecutor.runScript(TestCaseExecutor.java:337)
	at com.kms.katalon.core.main.TestCaseExecutor.doExecute(TestCaseExecutor.java:328)
	at com.kms.katalon.core.main.TestCaseExecutor.processExecutionPhase(TestCaseExecutor.java:307)
	at com.kms.katalon.core.main.TestCaseExecutor.accessMainPhase(TestCaseExecutor.java:299)
	at com.kms.katalon.core.main.TestCaseExecutor.execute(TestCaseExecutor.java:233)
	at com.kms.katalon.core.main.TestSuiteExecutor.accessTestCaseMainPhase(TestSuiteExecutor.java:169)
	at com.kms.katalon.core.main.TestSuiteExecutor.accessTestSuiteMainPhase(TestSuiteExecutor.java:142)
	at com.kms.katalon.core.main.TestSuiteExecutor.execute(TestSuiteExecutor.java:91)
	at com.kms.katalon.core.main.TestCaseMain.startTestSuite(TestCaseMain.java:157)
	at com.kms.katalon.core.main.TestCaseMain$startTestSuite$0.call(Unknown Source)
	at TempTestSuite1594911837370.run(TempTestSuite1594911837370.groovy:37)
)

2020-07-16 11:08:22 - [TEST_STEP][PASSED] - verifyTextPresent(Last4, false): Text '0015' is present on page 

2020-07-16 11:08:22 - [MESSAGE][PASSED] - Text '0015' is present on page 

2020-07-16 11:08:22 - [TEST_STEP][PASSED] - verifyTextPresent("Billing information", false): Text 'Billing information' is present on page 

2020-07-16 11:08:22 - [MESSAGE][PASSED] - Text 'Billing information' is present on page 

2020-07-16 11:08:22 - [TEST_STEP][PASSED] - verifyTextPresent("Address Line 1", false): Text 'Address Line 1' is present on page 

2020-07-16 11:08:23 - [MESSAGE][PASSED] - Text 'Address Line 1' is present on page 

2020-07-16 11:08:23 - [TEST_STEP][PASSED] - verifyTextPresent(AL1, false): Text '1638 Juhu road' is present on page 

2020-07-16 11:08:23 - [MESSAGE][PASSED] - Text '1638 Juhu road' is present on page 

2020-07-16 11:08:23 - [TEST_STEP][PASSED] - verifyTextPresent("Address Line 2", false): Text 'Address Line 2' is present on page 

2020-07-16 11:08:23 - [MESSAGE][PASSED] - Text 'Address Line 2' is present on page 

2020-07-16 11:08:23 - [TEST_STEP][PASSED] - verifyTextPresent(AL2, false): Text 'Build 99' is present on page 

2020-07-16 11:08:24 - [MESSAGE][PASSED] - Text 'Build 99' is present on page 

2020-07-16 11:08:24 - [TEST_STEP][PASSED] - verifyTextPresent("Country", false): Text 'Country' is present on page 

2020-07-16 11:08:24 - [MESSAGE][PASSED] - Text 'Country' is present on page 

2020-07-16 11:08:24 - [TEST_STEP][PASSED] - verifyTextPresent("United States", false): Text 'United States' is present on page 

2020-07-16 11:08:24 - [MESSAGE][PASSED] - Text 'United States' is present on page 

2020-07-16 11:08:24 - [TEST_STEP][PASSED] - verifyTextPresent("City", false): Text 'City' is present on page 

2020-07-16 11:08:25 - [MESSAGE][PASSED] - Text 'City' is present on page 

2020-07-16 11:08:25 - [TEST_STEP][PASSED] - verifyTextPresent(City, false): Text 'GAMBRILLS' is present on page 

2020-07-16 11:08:25 - [MESSAGE][PASSED] - Text 'GAMBRILLS' is present on page 

2020-07-16 11:08:25 - [TEST_STEP][PASSED] - verifyTextPresent("State", false): Text 'State' is present on page 

2020-07-16 11:08:25 - [MESSAGE][PASSED] - Text 'State' is present on page 

2020-07-16 11:08:25 - [TEST_STEP][PASSED] - verifyTextPresent(State2, false): Text 'MD' is present on page 

2020-07-16 11:08:25 - [MESSAGE][PASSED] - Text 'MD' is present on page 

2020-07-16 11:08:25 - [TEST_STEP][PASSED] - verifyTextPresent("ZIP Code", false): Text 'ZIP Code' is present on page 

2020-07-16 11:08:26 - [MESSAGE][PASSED] - Text 'ZIP Code' is present on page 

2020-07-16 11:08:26 - [TEST_STEP][PASSED] - verifyTextPresent(CZIP, false): Text '21054' is present on page 

2020-07-16 11:08:26 - [MESSAGE][PASSED] - Text '21054' is present on page 

2020-07-16 11:08:26 - [TEST_STEP][PASSED] - verifyElementPresent(findTestObject("Object Repository/IWP30/Page_Receipt/ExitButton"), 30): Object 'Object Repository/IWP30/Page_Receipt/ExitButton' is present

2020-07-16 11:08:26 - [MESSAGE][PASSED] - Object 'Object Repository/IWP30/Page_Receipt/ExitButton' is present

2020-07-16 11:08:26 - [TEST_STEP][PASSED] - closeBrowser(): Browser is closed

2020-07-16 11:08:27 - [MESSAGE][PASSED] - Browser is closed

2020-07-16 11:08:27 - [TEST_STEP][PASSED] - openBrowser(urlEmulator): Browser is opened with url: 'https://qa.velocitypayment.com/agency/config.do?action=editor'

2020-07-16 11:08:27 - [MESSAGE][INFO] - Starting 'Chrome' driver

2020-07-16 11:08:27 - [MESSAGE][INFO] - User set preference: ['acceptInsecureCerts', 'true']

2020-07-16 11:08:27 - [MESSAGE][INFO] - Action delay is set to 0 milliseconds

2020-07-16 11:08:32 - [MESSAGE][PASSED] - Browser is opened with url: 'https://qa.velocitypayment.com/agency/config.do?action=editor'

2020-07-16 11:08:32 - [TEST_STEP][PASSED] - maximizeWindow(): Current window maximized

2020-07-16 11:08:32 - [MESSAGE][PASSED] - Current window maximized

2020-07-16 11:08:32 - [TEST_STEP][PASSED] - iwpPages.emulatorIWP30.setDataEmulatorStandard(): iwpPages.emulatorIWP30.setDataEmulatorStandard is PASSED

2020-07-16 11:08:32 - [MESSAGE][PASSED] - Object 'Object Repository/IWP30/Page_VRelay30Emulator/Amount' is present

2020-07-16 11:08:33 - [MESSAGE][PASSED] - All options with value '3.0' are selected in object 'Object Repository/IWP30/Page_VRelay30Emulator/MV'  using regular expression

2020-07-16 11:08:34 - [MESSAGE][PASSED] - Text '10.50' is set on object 'Object Repository/IWP30/Page_VRelay30Emulator/Amount'

2020-07-16 11:08:34 - [MESSAGE][PASSED] - Text '54654701' is set on object 'Object Repository/IWP30/Page_VRelay30Emulator/CAN'

2020-07-16 11:08:35 - [MESSAGE][PASSED] - Text 'PayNow' is set on object 'Object Repository/IWP30/Page_VRelay30Emulator/Action'

2020-07-16 11:08:36 - [MESSAGE][PASSED] - Text 'en_US' is set on object 'Object Repository/IWP30/Page_VRelay30Emulator/Lang'

2020-07-16 11:08:36 - [MESSAGE][PASSED] - Text '' is set on object 'Object Repository/IWP30/Page_VRelay30Emulator/Fname'

2020-07-16 11:08:37 - [MESSAGE][PASSED] - Text '' is set on object 'Object Repository/IWP30/Page_VRelay30Emulator/Lname'

2020-07-16 11:08:37 - [MESSAGE][PASSED] - Text '' is set on object 'Object Repository/IWP30/Page_VRelay30Emulator/AL1'

2020-07-16 11:08:38 - [MESSAGE][PASSED] - Text '' is set on object 'Object Repository/IWP30/Page_VRelay30Emulator/AL2'

2020-07-16 11:08:38 - [MESSAGE][PASSED] - Text '' is set on object 'Object Repository/IWP30/Page_VRelay30Emulator/Country'

2020-07-16 11:08:39 - [MESSAGE][PASSED] - Text '' is set on object 'Object Repository/IWP30/Page_VRelay30Emulator/City'

2020-07-16 11:08:40 - [MESSAGE][PASSED] - Text '' is set on object 'Object Repository/IWP30/Page_VRelay30Emulator/State'

2020-07-16 11:08:40 - [MESSAGE][PASSED] - Text '' is set on object 'Object Repository/IWP30/Page_VRelay30Emulator/ZIP'

2020-07-16 11:08:41 - [MESSAGE][PASSED] - Text '' is set on object 'Object Repository/IWP30/Page_VRelay30Emulator/Order'

2020-07-16 11:08:42 - [MESSAGE][PASSED] - Text '' is set on object 'Object Repository/IWP30/Page_VRelay30Emulator/Company'

2020-07-16 11:08:42 - [MESSAGE][PASSED] - Text '' is set on object 'Object Repository/IWP30/Page_VRelay30Emulator/Email'

2020-07-16 11:08:43 - [MESSAGE][PASSED] - Text '' is set on object 'Object Repository/IWP30/Page_VRelay30Emulator/UDF1'

2020-07-16 11:08:44 - [MESSAGE][PASSED] - Text '' is set on object 'Object Repository/IWP30/Page_VRelay30Emulator/UDF2'

2020-07-16 11:08:44 - [MESSAGE][PASSED] - Text 'data 3' is set on object 'Object Repository/IWP30/Page_VRelay30Emulator/UDF3'

2020-07-16 11:08:45 - [MESSAGE][PASSED] - Text 'data 4' is set on object 'Object Repository/IWP30/Page_VRelay30Emulator/UDF4'

2020-07-16 11:08:46 - [MESSAGE][PASSED] - Text 'data 5' is set on object 'Object Repository/IWP30/Page_VRelay30Emulator/UDF5'

2020-07-16 11:08:47 - [MESSAGE][PASSED] - Text 'data 6' is set on object 'Object Repository/IWP30/Page_VRelay30Emulator/UDF6'

2020-07-16 11:08:47 - [MESSAGE][PASSED] - Text 'Orange' is set on object 'Object Repository/IWP30/Page_VRelay30Emulator/UDF7'

2020-07-16 11:08:48 - [MESSAGE][PASSED] - Text 'Soccer' is set on object 'Object Repository/IWP30/Page_VRelay30Emulator/UDF8'

2020-07-16 11:08:49 - [MESSAGE][PASSED] - Text 'data 9' is set on object 'Object Repository/IWP30/Page_VRelay30Emulator/UDF9'

2020-07-16 11:08:49 - [MESSAGE][PASSED] - Text 'data 10' is set on object 'Object Repository/IWP30/Page_VRelay30Emulator/UDF10'

2020-07-16 11:08:52 - [MESSAGE][PASSED] - Object: 'Object Repository/IWP30/Page_VRelay30Emulator/Submit' is clicked on

2020-07-16 11:08:58 - [MESSAGE][PASSED] - Browser is closed

2020-07-16 11:08:58 - [MESSAGE][PASSED] - iwpPages.emulatorIWP30.setDataEmulatorStandard is PASSED

2020-07-16 11:08:58 - [TEST_STEP][PASSED] - openBrowser(urlTestHarness): Browser is opened with url: 'https://dev-algorithm.govolution.com/vrelaytest/QA/version_2_2/vrelaytest.html'

2020-07-16 11:08:58 - [MESSAGE][INFO] - Starting 'Chrome' driver

2020-07-16 11:08:58 - [MESSAGE][INFO] - User set preference: ['acceptInsecureCerts', 'true']

2020-07-16 11:08:58 - [MESSAGE][INFO] - Action delay is set to 0 milliseconds

2020-07-16 11:09:02 - [MESSAGE][PASSED] - Browser is opened with url: 'https://dev-algorithm.govolution.com/vrelaytest/QA/version_2_2/vrelaytest.html'

2020-07-16 11:09:02 - [TEST_STEP][PASSED] - maximizeWindow(): Current window maximized

2020-07-16 11:09:02 - [MESSAGE][PASSED] - Current window maximized

2020-07-16 11:09:02 - [TEST_STEP][PASSED] - genRemIDVoid = RandomStringUtils.random(12, true, true): null

2020-07-16 11:09:02 - [TEST_STEP][PASSED] - if (verifyElementPresent(findTestObject("Object Repository/IWP30/Page_QATestHarness/RemittanceID"), 30)): null

2020-07-16 11:09:02 - [MESSAGE][PASSED] - Object 'Object Repository/IWP30/Page_QATestHarness/RemittanceID' is present

2020-07-16 11:09:02 - [TEST_STEP][PASSED] - println("We are on Test Harness page, start populating"): null

2020-07-16 11:09:02 - [TEST_STEP][PASSED] - setText(findTestObject("Object Repository/IWP30/Page_QATestHarness/ApplicationID"), "649"): Text '649' is set on object 'Object Repository/IWP30/Page_QATestHarness/ApplicationID'

2020-07-16 11:09:03 - [MESSAGE][PASSED] - Text '649' is set on object 'Object Repository/IWP30/Page_QATestHarness/ApplicationID'

2020-07-16 11:09:03 - [TEST_STEP][PASSED] - setText(findTestObject("Object Repository/IWP30/Page_QATestHarness/MessageVersion"), "3.0"): Text '3.0' is set on object 'Object Repository/IWP30/Page_QATestHarness/MessageVersion'

2020-07-16 11:09:03 - [MESSAGE][PASSED] - Text '3.0' is set on object 'Object Repository/IWP30/Page_QATestHarness/MessageVersion'

2020-07-16 11:09:03 - [TEST_STEP][PASSED] - setText(findTestObject("Object Repository/IWP30/Page_QATestHarness/RemittanceID"), genRemIDVoid): Text '6VYe1rj8Fowk' is set on object 'Object Repository/IWP30/Page_QATestHarness/RemittanceID'

2020-07-16 11:09:04 - [MESSAGE][PASSED] - Text '6VYe1rj8Fowk' is set on object 'Object Repository/IWP30/Page_QATestHarness/RemittanceID'

2020-07-16 11:09:04 - [TEST_STEP][PASSED] - click(findTestObject("Object Repository/IWP30/Page_QATestHarness/SubmitButton")): Object: 'Object Repository/IWP30/Page_QATestHarness/SubmitButton' is clicked on

2020-07-16 11:09:05 - [MESSAGE][PASSED] - Object: 'Object Repository/IWP30/Page_QATestHarness/SubmitButton' is clicked on

2020-07-16 11:09:05 - [TEST_STEP][PASSED] - verifyTextPresent("Select Payment Method", false): Text 'Select Payment Method' is present on page 

2020-07-16 11:09:06 - [MESSAGE][PASSED] - Text 'Select Payment Method' is present on page 

2020-07-16 11:09:06 - [TEST_STEP][PASSED] - verifyTextPresent("Please choose the method of payment", false): Text 'Please choose the method of payment' is present on page 

2020-07-16 11:09:06 - [MESSAGE][PASSED] - Text 'Please choose the method of payment' is present on page 

2020-07-16 11:09:06 - [TEST_STEP][PASSED] - verifyElementPresent(findTestObject("Object Repository/IWP30/Page_SelectPaymentMethod/PayByCreditCard"), 30): Object 'Object Repository/IWP30/Page_SelectPaymentMethod/PayByCreditCard' is present

2020-07-16 11:09:06 - [MESSAGE][PASSED] - Object 'Object Repository/IWP30/Page_SelectPaymentMethod/PayByCreditCard' is present

2020-07-16 11:09:06 - [TEST_STEP][PASSED] - verifyElementPresent(findTestObject("Object Repository/IWP30/Page_SelectPaymentMethod/PayByCorporateCheck"), 30): Object 'Object Repository/IWP30/Page_SelectPaymentMethod/PayByCorporateCheck' is present

2020-07-16 11:09:07 - [MESSAGE][PASSED] - Object 'Object Repository/IWP30/Page_SelectPaymentMethod/PayByCorporateCheck' is present

2020-07-16 11:09:07 - [TEST_STEP][PASSED] - verifyElementPresent(findTestObject("Object Repository/IWP30/Page_SelectPaymentMethod/PayByPersonalCheck"), 30): Object 'Object Repository/IWP30/Page_SelectPaymentMethod/PayByPersonalCheck' is present

2020-07-16 11:09:07 - [MESSAGE][PASSED] - Object 'Object Repository/IWP30/Page_SelectPaymentMethod/PayByPersonalCheck' is present

2020-07-16 11:09:07 - [TEST_STEP][PASSED] - verifyElementPresent(findTestObject("Object Repository/IWP30/Page_SelectPaymentMethod/ExitButton"), 30): Object 'Object Repository/IWP30/Page_SelectPaymentMethod/ExitButton' is present

2020-07-16 11:09:07 - [MESSAGE][PASSED] - Object 'Object Repository/IWP30/Page_SelectPaymentMethod/ExitButton' is present

2020-07-16 11:09:07 - [TEST_STEP][PASSED] - if (verifyElementPresent(findTestObject("Object Repository/IWP30/Page_SelectPaymentMethod/PayByCreditCard"), 30)): null

2020-07-16 11:09:07 - [MESSAGE][PASSED] - Object 'Object Repository/IWP30/Page_SelectPaymentMethod/PayByCreditCard' is present

2020-07-16 11:09:07 - [TEST_STEP][PASSED] - println("We are on Select Payment Method page, start populating"): null

2020-07-16 11:09:07 - [TEST_STEP][PASSED] - check(findTestObject("Object Repository/IWP30/Page_SelectPaymentMethod/PayByCreditCard")): Object 'Object Repository/IWP30/Page_SelectPaymentMethod/PayByCreditCard' is checked

2020-07-16 11:09:08 - [MESSAGE][PASSED] - Object 'Object Repository/IWP30/Page_SelectPaymentMethod/PayByCreditCard' is checked

2020-07-16 11:09:08 - [TEST_STEP][PASSED] - Thread.sleep(1000): null

2020-07-16 11:09:09 - [TEST_STEP][PASSED] - click(findTestObject("Object Repository/IWP30/Page_SelectPaymentMethod/MakePaymentButton")): Object: 'Object Repository/IWP30/Page_SelectPaymentMethod/MakePaymentButton' is clicked on

2020-07-16 11:09:10 - [MESSAGE][PASSED] - Object: 'Object Repository/IWP30/Page_SelectPaymentMethod/MakePaymentButton' is clicked on

2020-07-16 11:09:10 - [TEST_STEP][PASSED] - verifyTextPresent("Required fields are highlighted with an asterisk", false): Text 'Required fields are highlighted with an asterisk' is present on page 

2020-07-16 11:09:11 - [MESSAGE][PASSED] - Text 'Required fields are highlighted with an asterisk' is present on page 

2020-07-16 11:09:11 - [TEST_STEP][PASSED] - verifyTextPresent("Please enter the following information about your payment", false): Text 'Please enter the following information about your payment' is present on page 

2020-07-16 11:09:11 - [MESSAGE][PASSED] - Text 'Please enter the following information about your payment' is present on page 

2020-07-16 11:09:11 - [TEST_STEP][PASSED] - verifyTextPresent("CAN Label", false): Text 'CAN Label' is present on page 

2020-07-16 11:09:11 - [MESSAGE][PASSED] - Text 'CAN Label' is present on page 

2020-07-16 11:09:11 - [TEST_STEP][PASSED] - verifyTextPresent("Tax Amount", false): Text 'Tax Amount' is present on page 

2020-07-16 11:09:12 - [MESSAGE][PASSED] - Text 'Tax Amount' is present on page 

2020-07-16 11:09:12 - [TEST_STEP][PASSED] - verifyTextPresent("Amount", false): Text 'Amount' is present on page 

2020-07-16 11:09:12 - [MESSAGE][PASSED] - Text 'Amount' is present on page 

2020-07-16 11:09:12 - [TEST_STEP][PASSED] - verifyTextPresent("UDF1 Label", false): Text 'UDF1 Label' is present on page 

2020-07-16 11:09:13 - [MESSAGE][PASSED] - Text 'UDF1 Label' is present on page 

2020-07-16 11:09:13 - [TEST_STEP][PASSED] - verifyTextPresent("UDF2 Label", false): Text 'UDF2 Label' is present on page 

2020-07-16 11:09:13 - [MESSAGE][PASSED] - Text 'UDF2 Label' is present on page 

2020-07-16 11:09:13 - [TEST_STEP][PASSED] - verifyTextPresent("UDF3 Label", false): Text 'UDF3 Label' is present on page 

2020-07-16 11:09:13 - [MESSAGE][PASSED] - Text 'UDF3 Label' is present on page 

2020-07-16 11:09:13 - [TEST_STEP][PASSED] - verifyTextPresent("UDF4 Label", false): Text 'UDF4 Label' is present on page 

2020-07-16 11:09:14 - [MESSAGE][PASSED] - Text 'UDF4 Label' is present on page 

2020-07-16 11:09:14 - [TEST_STEP][PASSED] - verifyTextPresent("UDF6 Label", false): Text 'UDF6 Label' is present on page 

2020-07-16 11:09:14 - [MESSAGE][PASSED] - Text 'UDF6 Label' is present on page 

2020-07-16 11:09:14 - [TEST_STEP][PASSED] - verifyTextPresent("UDF7 Label", false): Text 'UDF7 Label' is present on page 

2020-07-16 11:09:15 - [MESSAGE][PASSED] - Text 'UDF7 Label' is present on page 

2020-07-16 11:09:15 - [TEST_STEP][PASSED] - verifyTextPresent("UDF8 Label", false): Text 'UDF8 Label' is present on page 

2020-07-16 11:09:15 - [MESSAGE][PASSED] - Text 'UDF8 Label' is present on page 

2020-07-16 11:09:15 - [TEST_STEP][PASSED] - verifyTextPresent("UDF9 Label", false): Text 'UDF9 Label' is present on page 

2020-07-16 11:09:15 - [MESSAGE][PASSED] - Text 'UDF9 Label' is present on page 

2020-07-16 11:09:15 - [TEST_STEP][PASSED] - verifyTextPresent("Please enter the following information about your payment method", false): Text 'Please enter the following information about your payment method' is present on page 

2020-07-16 11:09:16 - [MESSAGE][PASSED] - Text 'Please enter the following information about your payment method' is present on page 

2020-07-16 11:09:16 - [TEST_STEP][PASSED] - verifyTextPresent("Cardholder's Name", false): Text 'Cardholder's Name' is present on page 

2020-07-16 11:09:16 - [MESSAGE][PASSED] - Text 'Cardholder's Name' is present on page 

2020-07-16 11:09:16 - [TEST_STEP][PASSED] - verifyTextPresent("Cards Accepted", false): Text 'Cards Accepted' is present on page 

2020-07-16 11:09:17 - [MESSAGE][PASSED] - Text 'Cards Accepted' is present on page 

2020-07-16 11:09:17 - [TEST_STEP][PASSED] - verifyTextPresent("Card Number", false): Text 'Card Number' is present on page 

2020-07-16 11:09:17 - [MESSAGE][PASSED] - Text 'Card Number' is present on page 

2020-07-16 11:09:17 - [TEST_STEP][PASSED] - verifyTextPresent("Signature Panel Code", false): Text 'Signature Panel Code' is present on page 

2020-07-16 11:09:17 - [MESSAGE][PASSED] - Text 'Signature Panel Code' is present on page 

2020-07-16 11:09:17 - [TEST_STEP][PASSED] - verifyTextPresent("Expiration Date", false): Text 'Expiration Date' is present on page 

2020-07-16 11:09:18 - [MESSAGE][PASSED] - Text 'Expiration Date' is present on page 

2020-07-16 11:09:18 - [TEST_STEP][PASSED] - verifyTextPresent("Payment Date", false): Text 'Payment Date' is present on page 

2020-07-16 11:09:18 - [MESSAGE][PASSED] - Text 'Payment Date' is present on page 

2020-07-16 11:09:18 - [TEST_STEP][PASSED] - verifyTextPresent("Billing information", false): Text 'Billing information' is present on page 

2020-07-16 11:09:19 - [MESSAGE][PASSED] - Text 'Billing information' is present on page 

2020-07-16 11:09:19 - [TEST_STEP][PASSED] - verifyTextPresent("Address Line 1", false): Text 'Address Line 1' is present on page 

2020-07-16 11:09:19 - [MESSAGE][PASSED] - Text 'Address Line 1' is present on page 

2020-07-16 11:09:19 - [TEST_STEP][PASSED] - verifyTextPresent("Address Line 2", false): Text 'Address Line 2' is present on page 

2020-07-16 11:09:19 - [MESSAGE][PASSED] - Text 'Address Line 2' is present on page 

2020-07-16 11:09:19 - [TEST_STEP][PASSED] - verifyTextPresent("Country", false): Text 'Country' is present on page 

2020-07-16 11:09:20 - [MESSAGE][PASSED] - Text 'Country' is present on page 

2020-07-16 11:09:20 - [TEST_STEP][PASSED] - verifyTextPresent("ZIP Code", false): Text 'ZIP Code' is present on page 

2020-07-16 11:09:20 - [MESSAGE][PASSED] - Text 'ZIP Code' is present on page 

2020-07-16 11:09:20 - [TEST_STEP][PASSED] - verifyTextPresent("City", false): Text 'City' is present on page 

2020-07-16 11:09:21 - [MESSAGE][PASSED] - Text 'City' is present on page 

2020-07-16 11:09:21 - [TEST_STEP][PASSED] - verifyTextPresent("State", false): Text 'State' is present on page 

2020-07-16 11:09:21 - [MESSAGE][PASSED] - Text 'State' is present on page 

2020-07-16 11:09:21 - [TEST_STEP][PASSED] - verifyTextPresent("Receipt information", false): Text 'Receipt information' is present on page 

2020-07-16 11:09:21 - [MESSAGE][PASSED] - Text 'Receipt information' is present on page 

2020-07-16 11:09:21 - [TEST_STEP][PASSED] - verifyTextPresent("Email Address", false): Text 'Email Address' is present on page 

2020-07-16 11:09:22 - [MESSAGE][PASSED] - Text 'Email Address' is present on page 

2020-07-16 11:09:22 - [TEST_STEP][PASSED] - verifyTextPresent("Please check here to store the payment method for future use", false): Text 'Please check here to store the payment method for future use' is present on page 

2020-07-16 11:09:22 - [MESSAGE][PASSED] - Text 'Please check here to store the payment method for future use' is present on page 

2020-07-16 11:09:22 - [TEST_STEP][PASSED] - verifyTextPresent("These are Customer CC Terms", false): Text 'These are Customer CC Terms' is present on page 

2020-07-16 11:09:23 - [MESSAGE][PASSED] - Text 'These are Customer CC Terms' is present on page 

2020-07-16 11:09:23 - [TEST_STEP][PASSED] - verifyTextPresent("These are CC Custom HTML", false): Text 'These are CC Custom HTML' is present on page 

2020-07-16 11:09:23 - [MESSAGE][PASSED] - Text 'These are CC Custom HTML' is present on page 

2020-07-16 11:09:23 - [TEST_STEP][PASSED] - verifyTextPresent("54654701", false): Text '54654701' is present on page 

2020-07-16 11:09:23 - [MESSAGE][PASSED] - Text '54654701' is present on page 

2020-07-16 11:09:23 - [TEST_STEP][PASSED] - verifyTextPresent("data 4", false): Text 'data 4' is present on page 

2020-07-16 11:09:24 - [MESSAGE][PASSED] - Text 'data 4' is present on page 

2020-07-16 11:09:24 - [TEST_STEP][PASSED] - verifyTextPresent("data 6", false): Text 'data 6' is present on page 

2020-07-16 11:09:24 - [MESSAGE][PASSED] - Text 'data 6' is present on page 

2020-07-16 11:09:24 - [TEST_STEP][PASSED] - verifyTextPresent("data 9", false): Text 'data 9' is present on page 

2020-07-16 11:09:25 - [MESSAGE][PASSED] - Text 'data 9' is present on page 

2020-07-16 11:09:25 - [TEST_STEP][PASSED] - verifyTextNotPresent("UDF5 Label", false): Text 'UDF5 Label' is not present on page

2020-07-16 11:09:25 - [MESSAGE][PASSED] - Text 'UDF5 Label' is not present on page

2020-07-16 11:09:25 - [TEST_STEP][PASSED] - verifyTextNotPresent("UDF10 Label", false): Text 'UDF10 Label' is not present on page

2020-07-16 11:09:26 - [MESSAGE][PASSED] - Text 'UDF10 Label' is not present on page

2020-07-16 11:09:26 - [TEST_STEP][PASSED] - verifyElementPresent(findTestObject("Object Repository/IWP30/Page_CCPaymentEntry/Amount"), 30): Object 'Object Repository/IWP30/Page_CCPaymentEntry/Amount' is present

2020-07-16 11:09:26 - [MESSAGE][PASSED] - Object 'Object Repository/IWP30/Page_CCPaymentEntry/Amount' is present

2020-07-16 11:09:26 - [TEST_STEP][PASSED] - verifyElementPresent(findTestObject("Object Repository/IWP30/Page_CCPaymentEntry/UserDefined2"), 30): Object 'Object Repository/IWP30/Page_CCPaymentEntry/UserDefined2' is present

2020-07-16 11:09:26 - [MESSAGE][PASSED] - Object 'Object Repository/IWP30/Page_CCPaymentEntry/UserDefined2' is present

2020-07-16 11:09:26 - [TEST_STEP][PASSED] - verifyElementPresent(findTestObject("Object Repository/IWP30/Page_CCPaymentEntry/UserDefined3"), 30): Object 'Object Repository/IWP30/Page_CCPaymentEntry/UserDefined3' is present

2020-07-16 11:09:27 - [MESSAGE][PASSED] - Object 'Object Repository/IWP30/Page_CCPaymentEntry/UserDefined3' is present

2020-07-16 11:09:27 - [TEST_STEP][PASSED] - verifyElementPresent(findTestObject("Object Repository/IWP30/Page_CCPaymentEntry/UserDefined7"), 30): Object 'Object Repository/IWP30/Page_CCPaymentEntry/UserDefined7' is present

2020-07-16 11:09:27 - [MESSAGE][PASSED] - Object 'Object Repository/IWP30/Page_CCPaymentEntry/UserDefined7' is present

2020-07-16 11:09:27 - [TEST_STEP][PASSED] - verifyElementPresent(findTestObject("Object Repository/IWP30/Page_CCPaymentEntry/UserDefined8"), 30): Object 'Object Repository/IWP30/Page_CCPaymentEntry/UserDefined8' is present

2020-07-16 11:09:27 - [MESSAGE][PASSED] - Object 'Object Repository/IWP30/Page_CCPaymentEntry/UserDefined8' is present

2020-07-16 11:09:27 - [TEST_STEP][PASSED] - verifyElementPresent(findTestObject("Object Repository/IWP30/Page_CCPaymentEntry/Name"), 30): Object 'Object Repository/IWP30/Page_CCPaymentEntry/Name' is present

2020-07-16 11:09:28 - [MESSAGE][PASSED] - Object 'Object Repository/IWP30/Page_CCPaymentEntry/Name' is present

2020-07-16 11:09:28 - [TEST_STEP][PASSED] - verifyElementPresent(findTestObject("Object Repository/IWP30/Page_CCPaymentEntry/CardNumber"), 30): Object 'Object Repository/IWP30/Page_CCPaymentEntry/CardNumber' is present

2020-07-16 11:09:28 - [MESSAGE][PASSED] - Object 'Object Repository/IWP30/Page_CCPaymentEntry/CardNumber' is present

2020-07-16 11:09:28 - [TEST_STEP][PASSED] - verifyElementPresent(findTestObject("Object Repository/IWP30/Page_CCPaymentEntry/SPC"), 30): Object 'Object Repository/IWP30/Page_CCPaymentEntry/SPC' is present

2020-07-16 11:09:28 - [MESSAGE][PASSED] - Object 'Object Repository/IWP30/Page_CCPaymentEntry/SPC' is present

2020-07-16 11:09:28 - [TEST_STEP][PASSED] - verifyElementPresent(findTestObject("Object Repository/IWP30/Page_CCPaymentEntry/Month"), 30): Object 'Object Repository/IWP30/Page_CCPaymentEntry/Month' is present

2020-07-16 11:09:28 - [MESSAGE][PASSED] - Object 'Object Repository/IWP30/Page_CCPaymentEntry/Month' is present

2020-07-16 11:09:28 - [TEST_STEP][PASSED] - verifyElementPresent(findTestObject("Object Repository/IWP30/Page_CCPaymentEntry/Year"), 30): Object 'Object Repository/IWP30/Page_CCPaymentEntry/Year' is present

2020-07-16 11:09:29 - [MESSAGE][PASSED] - Object 'Object Repository/IWP30/Page_CCPaymentEntry/Year' is present

2020-07-16 11:09:29 - [TEST_STEP][PASSED] - verifyElementPresent(findTestObject("Object Repository/IWP30/Page_CCPaymentEntry/ProcessDate"), 30): Object 'Object Repository/IWP30/Page_CCPaymentEntry/ProcessDate' is present

2020-07-16 11:09:29 - [MESSAGE][PASSED] - Object 'Object Repository/IWP30/Page_CCPaymentEntry/ProcessDate' is present

2020-07-16 11:09:29 - [TEST_STEP][PASSED] - verifyElementPresent(findTestObject("Object Repository/IWP30/Page_CCPaymentEntry/AL1"), 30): Object 'Object Repository/IWP30/Page_CCPaymentEntry/AL1' is present

2020-07-16 11:09:29 - [MESSAGE][PASSED] - Object 'Object Repository/IWP30/Page_CCPaymentEntry/AL1' is present

2020-07-16 11:09:29 - [TEST_STEP][PASSED] - verifyElementPresent(findTestObject("Object Repository/IWP30/Page_CCPaymentEntry/AL2"), 30): Object 'Object Repository/IWP30/Page_CCPaymentEntry/AL2' is present

2020-07-16 11:09:30 - [MESSAGE][PASSED] - Object 'Object Repository/IWP30/Page_CCPaymentEntry/AL2' is present

2020-07-16 11:09:30 - [TEST_STEP][PASSED] - verifyElementPresent(findTestObject("Object Repository/IWP30/Page_CCPaymentEntry/CountryDropDown"), 30): Object 'Object Repository/IWP30/Page_CCPaymentEntry/CountryDropDown' is present

2020-07-16 11:09:30 - [MESSAGE][PASSED] - Object 'Object Repository/IWP30/Page_CCPaymentEntry/CountryDropDown' is present

2020-07-16 11:09:30 - [TEST_STEP][PASSED] - verifyElementPresent(findTestObject("Object Repository/IWP30/Page_CCPaymentEntry/ZIP"), 30): Object 'Object Repository/IWP30/Page_CCPaymentEntry/ZIP' is present

2020-07-16 11:09:30 - [MESSAGE][PASSED] - Object 'Object Repository/IWP30/Page_CCPaymentEntry/ZIP' is present

2020-07-16 11:09:30 - [TEST_STEP][PASSED] - verifyElementPresent(findTestObject("Object Repository/IWP30/Page_CCPaymentEntry/City"), 30): Object 'Object Repository/IWP30/Page_CCPaymentEntry/City' is present

2020-07-16 11:09:31 - [MESSAGE][PASSED] - Object 'Object Repository/IWP30/Page_CCPaymentEntry/City' is present

2020-07-16 11:09:31 - [TEST_STEP][PASSED] - verifyElementPresent(findTestObject("Object Repository/IWP30/Page_CCPaymentEntry/State"), 30): Object 'Object Repository/IWP30/Page_CCPaymentEntry/State' is present

2020-07-16 11:09:31 - [MESSAGE][PASSED] - Object 'Object Repository/IWP30/Page_CCPaymentEntry/State' is present

2020-07-16 11:09:31 - [TEST_STEP][PASSED] - verifyElementPresent(findTestObject("Object Repository/IWP30/Page_CCPaymentEntry/EmailAddress"), 30): Object 'Object Repository/IWP30/Page_CCPaymentEntry/EmailAddress' is present

2020-07-16 11:09:31 - [MESSAGE][PASSED] - Object 'Object Repository/IWP30/Page_CCPaymentEntry/EmailAddress' is present

2020-07-16 11:09:31 - [TEST_STEP][PASSED] - verifyElementPresent(findTestObject("Object Repository/IWP30/Page_CCPaymentEntry/StorePaymentMethodCheckBox"), 30): Object 'Object Repository/IWP30/Page_CCPaymentEntry/StorePaymentMethodCheckBox' is present

2020-07-16 11:09:32 - [MESSAGE][PASSED] - Object 'Object Repository/IWP30/Page_CCPaymentEntry/StorePaymentMethodCheckBox' is present

2020-07-16 11:09:32 - [TEST_STEP][PASSED] - verifyElementPresent(findTestObject("Object Repository/IWP30/Page_CCPaymentEntry/TermCondCheckBox"), 30): Object 'Object Repository/IWP30/Page_CCPaymentEntry/TermCondCheckBox' is present

2020-07-16 11:09:32 - [MESSAGE][PASSED] - Object 'Object Repository/IWP30/Page_CCPaymentEntry/TermCondCheckBox' is present

2020-07-16 11:09:32 - [TEST_STEP][PASSED] - verifyElementPresent(findTestObject("Object Repository/IWP30/Page_CCPaymentEntry/ContinueButton"), 30): Object 'Object Repository/IWP30/Page_CCPaymentEntry/ContinueButton' is present

2020-07-16 11:09:32 - [MESSAGE][PASSED] - Object 'Object Repository/IWP30/Page_CCPaymentEntry/ContinueButton' is present

2020-07-16 11:09:32 - [TEST_STEP][PASSED] - verifyElementPresent(findTestObject("Object Repository/IWP30/Page_CCPaymentEntry/ChangePaymentMethodButton"), 30): Object 'Object Repository/IWP30/Page_CCPaymentEntry/ChangePaymentMethodButton' is present

2020-07-16 11:09:33 - [MESSAGE][PASSED] - Object 'Object Repository/IWP30/Page_CCPaymentEntry/ChangePaymentMethodButton' is present

2020-07-16 11:09:33 - [TEST_STEP][PASSED] - verifyElementPresent(findTestObject("Object Repository/IWP30/Page_CCPaymentEntry/ExitButton"), 30): Object 'Object Repository/IWP30/Page_CCPaymentEntry/ExitButton' is present

2020-07-16 11:09:33 - [MESSAGE][PASSED] - Object 'Object Repository/IWP30/Page_CCPaymentEntry/ExitButton' is present

2020-07-16 11:09:33 - [TEST_STEP][PASSED] - iwpPages.ccPaymentEntryPage.setDataCCPM(row, dataFile): iwpPages.ccPaymentEntryPage.setDataCCPM is PASSED

2020-07-16 11:09:34 - [MESSAGE][PASSED] - Object 'Object Repository/IWP30/Page_CCPaymentEntry/Name' is present

2020-07-16 11:09:34 - [MESSAGE][PASSED] - Object 'Object Repository/IWP30/Page_CCPaymentEntry/Amount' is present

2020-07-16 11:09:35 - [MESSAGE][PASSED] - Text '33.50' is set on object 'Object Repository/IWP30/Page_CCPaymentEntry/Amount'

2020-07-16 11:09:35 - [MESSAGE][PASSED] - Object 'Object Repository/IWP30/Page_CCPaymentEntry/UserDefined2' is present

2020-07-16 11:09:35 - [MESSAGE][PASSED] - Text 'Paani Da' is set on object 'Object Repository/IWP30/Page_CCPaymentEntry/UserDefined2'

2020-07-16 11:09:36 - [MESSAGE][PASSED] - Object 'Object Repository/IWP30/Page_CCPaymentEntry/UserDefined3' is present

2020-07-16 11:09:36 - [MESSAGE][PASSED] - Text 'Andhadun' is set on object 'Object Repository/IWP30/Page_CCPaymentEntry/UserDefined3'

2020-07-16 11:09:37 - [MESSAGE][PASSED] - Object 'Object Repository/IWP30/Page_CCPaymentEntry/UserDefined7' is present

2020-07-16 11:09:37 - [MESSAGE][PASSED] - All options with label 'Orange' are selected in object 'Object Repository/IWP30/Page_CCPaymentEntry/UserDefined7' 

2020-07-16 11:09:38 - [MESSAGE][PASSED] - Object 'Object Repository/IWP30/Page_CCPaymentEntry/UserDefined8' is present

2020-07-16 11:09:38 - [MESSAGE][PASSED] - All options with label 'Tennis' are selected in object 'Object Repository/IWP30/Page_CCPaymentEntry/UserDefined8' 

2020-07-16 11:09:39 - [MESSAGE][PASSED] - Object 'Object Repository/IWP30/Page_CCPaymentEntry/Name' is present

2020-07-16 11:09:39 - [MESSAGE][PASSED] - Text 'Ayush Khuranna' is set on object 'Object Repository/IWP30/Page_CCPaymentEntry/Name'

2020-07-16 11:09:40 - [MESSAGE][PASSED] - Object 'Object Repository/IWP30/Page_CCPaymentEntry/CardNumber' is present

2020-07-16 11:09:40 - [MESSAGE][PASSED] - Text '370000000000002' is set on object 'Object Repository/IWP30/Page_CCPaymentEntry/CardNumber'

2020-07-16 11:09:41 - [MESSAGE][PASSED] - Object 'Object Repository/IWP30/Page_CCPaymentEntry/SPC' is present

2020-07-16 11:09:41 - [MESSAGE][PASSED] - Text '3698' is set on object 'Object Repository/IWP30/Page_CCPaymentEntry/SPC'

2020-07-16 11:09:42 - [MESSAGE][PASSED] - Object 'Object Repository/IWP30/Page_CCPaymentEntry/Month' is present

2020-07-16 11:09:42 - [MESSAGE][PASSED] - All options with label '08' are selected in object 'Object Repository/IWP30/Page_CCPaymentEntry/Month' 

2020-07-16 11:09:43 - [MESSAGE][PASSED] - Object 'Object Repository/IWP30/Page_CCPaymentEntry/Year' is present

2020-07-16 11:09:43 - [MESSAGE][PASSED] - All options with label '2027' are selected in object 'Object Repository/IWP30/Page_CCPaymentEntry/Year' 

2020-07-16 11:09:44 - [MESSAGE][PASSED] - Object 'Object Repository/IWP30/Page_CCPaymentEntry/ProcessDate' is present

2020-07-16 11:09:44 - [MESSAGE][PASSED] - Object 'Object Repository/IWP30/Page_CCPaymentEntry/AL1' is present

2020-07-16 11:09:45 - [MESSAGE][PASSED] - Text '44 Dadar road' is set on object 'Object Repository/IWP30/Page_CCPaymentEntry/AL1'

2020-07-16 11:09:45 - [MESSAGE][PASSED] - Object 'Object Repository/IWP30/Page_CCPaymentEntry/AL2' is present

2020-07-16 11:09:46 - [MESSAGE][PASSED] - Text 'House 63' is set on object 'Object Repository/IWP30/Page_CCPaymentEntry/AL2'

2020-07-16 11:09:46 - [MESSAGE][PASSED] - Object 'Object Repository/IWP30/Page_CCPaymentEntry/ZIP' is present

2020-07-16 11:09:47 - [MESSAGE][PASSED] - Text '21144' is set on object 'Object Repository/IWP30/Page_CCPaymentEntry/ZIP'

2020-07-16 11:09:47 - [MESSAGE][PASSED] - Object 'Object Repository/IWP30/Page_CCPaymentEntry/EmailAddress' is present

2020-07-16 11:09:48 - [MESSAGE][PASSED] - Text 'someone@gmail.com' is set on object 'Object Repository/IWP30/Page_CCPaymentEntry/EmailAddress'

2020-07-16 11:09:48 - [MESSAGE][PASSED] - Object 'Object Repository/IWP30/Page_CCPaymentEntry/TermCondCheckBox' is present

2020-07-16 11:09:49 - [MESSAGE][PASSED] - Object 'Object Repository/IWP30/Page_CCPaymentEntry/TermCondCheckBox' is checked

2020-07-16 11:09:49 - [MESSAGE][PASSED] - Object 'Object Repository/IWP30/Page_CCPaymentEntry/ContinueButton' is present

2020-07-16 11:09:50 - [MESSAGE][PASSED] - Object: 'Object Repository/IWP30/Page_CCPaymentEntry/ContinueButton' is clicked on

2020-07-16 11:09:50 - [MESSAGE][PASSED] - iwpPages.ccPaymentEntryPage.setDataCCPM is PASSED

2020-07-16 11:09:50 - [TEST_STEP][PASSED] - Amount = findTestData("VerifyUINoCFCCTestData").getValue("CCAmount", row): null

2020-07-16 11:09:50 - [TEST_STEP][PASSED] - UDF2 = findTestData("VerifyUINoCFCCTestData").getValue("CCUDF2", row): null

2020-07-16 11:09:50 - [TEST_STEP][PASSED] - UDF3 = findTestData("VerifyUINoCFCCTestData").getValue("CCUDF3", row): null

2020-07-16 11:09:50 - [TEST_STEP][PASSED] - UDF7 = findTestData("VerifyUINoCFCCTestData").getValue("CCUDF7", row): null

2020-07-16 11:09:50 - [TEST_STEP][PASSED] - UDF8 = findTestData("VerifyUINoCFCCTestData").getValue("CCUDF8", row): null

2020-07-16 11:09:50 - [TEST_STEP][PASSED] - CName = findTestData("VerifyUINoCFCCTestData").getValue("CCName", row): null

2020-07-16 11:09:50 - [TEST_STEP][PASSED] - CardType = findTestData("VerifyUINoCFCCTestData").getValue("VerCardType", row): null

2020-07-16 11:09:50 - [TEST_STEP][PASSED] - Last4 = findTestData("VerifyUINoCFCCTestData").getValue("VerLast4", row): null

2020-07-16 11:09:50 - [TEST_STEP][PASSED] - CExp = findTestData("VerifyUINoCFCCTestData").getValue("VerExp", row): null

2020-07-16 11:09:50 - [TEST_STEP][PASSED] - AL1 = findTestData("VerifyUINoCFCCTestData").getValue("CCAL1", row): null

2020-07-16 11:09:50 - [TEST_STEP][PASSED] - AL2 = findTestData("VerifyUINoCFCCTestData").getValue("CCAL2", row): null

2020-07-16 11:09:50 - [TEST_STEP][PASSED] - City = findTestData("VerifyUINoCFCCTestData").getValue("VerCity", row): null

2020-07-16 11:09:50 - [TEST_STEP][PASSED] - State = findTestData("VerifyUINoCFCCTestData").getValue("VerState", row): null

2020-07-16 11:09:50 - [TEST_STEP][PASSED] - CZIP = findTestData("VerifyUINoCFCCTestData").getValue("CCZIP", row): null

2020-07-16 11:09:50 - [TEST_STEP][PASSED] - Email = findTestData("VerifyUINoCFCCTestData").getValue("CCEmail", row): null

2020-07-16 11:09:50 - [TEST_STEP][PASSED] - State2 = findTestData("VerifyUINoCFCCTestData").getValue("VerState2", row): null

2020-07-16 11:09:50 - [TEST_STEP][PASSED] - verifyTextPresent("Please verify the following information", false): Text 'Please verify the following information' is present on page 

2020-07-16 11:09:51 - [MESSAGE][PASSED] - Text 'Please verify the following information' is present on page 

2020-07-16 11:09:51 - [TEST_STEP][PASSED] - verifyTextPresent("CAN Label", false): Text 'CAN Label' is present on page 

2020-07-16 11:09:51 - [MESSAGE][PASSED] - Text 'CAN Label' is present on page 

2020-07-16 11:09:51 - [TEST_STEP][PASSED] - verifyTextPresent("54654701", false): Text '54654701' is present on page 

2020-07-16 11:09:51 - [MESSAGE][PASSED] - Text '54654701' is present on page 

2020-07-16 11:09:51 - [TEST_STEP][PASSED] - verifyTextPresent("Tax Amount", false): Text 'Tax Amount' is present on page 

2020-07-16 11:09:52 - [MESSAGE][PASSED] - Text 'Tax Amount' is present on page 

2020-07-16 11:09:52 - [TEST_STEP][PASSED] - verifyTextPresent("$0.00", false): Text '$0.00' is present on page 

2020-07-16 11:09:52 - [MESSAGE][PASSED] - Text '$0.00' is present on page 

2020-07-16 11:09:52 - [TEST_STEP][PASSED] - verifyTextPresent("Amount", false): Text 'Amount' is present on page 

2020-07-16 11:09:52 - [MESSAGE][PASSED] - Text 'Amount' is present on page 

2020-07-16 11:09:52 - [TEST_STEP][PASSED] - verifyTextPresent(Amount, false): Text '33.50' is present on page 

2020-07-16 11:09:53 - [MESSAGE][PASSED] - Text '33.50' is present on page 

2020-07-16 11:09:53 - [TEST_STEP][PASSED] - verifyTextPresent("UDF2 Label", false): Text 'UDF2 Label' is present on page 

2020-07-16 11:09:53 - [MESSAGE][PASSED] - Text 'UDF2 Label' is present on page 

2020-07-16 11:09:53 - [TEST_STEP][PASSED] - verifyTextPresent(UDF2, false): Text 'Paani Da' is present on page 

2020-07-16 11:09:53 - [MESSAGE][PASSED] - Text 'Paani Da' is present on page 

2020-07-16 11:09:53 - [TEST_STEP][PASSED] - verifyTextPresent("UDF3 Label", false): Text 'UDF3 Label' is present on page 

2020-07-16 11:09:54 - [MESSAGE][PASSED] - Text 'UDF3 Label' is present on page 

2020-07-16 11:09:54 - [TEST_STEP][PASSED] - verifyTextPresent(UDF3, false): Text 'Andhadun' is present on page 

2020-07-16 11:09:54 - [MESSAGE][PASSED] - Text 'Andhadun' is present on page 

2020-07-16 11:09:54 - [TEST_STEP][PASSED] - verifyTextPresent("UDF4 Label", false): Text 'UDF4 Label' is present on page 

2020-07-16 11:09:54 - [MESSAGE][PASSED] - Text 'UDF4 Label' is present on page 

2020-07-16 11:09:54 - [TEST_STEP][PASSED] - verifyTextPresent("data 4", false): Text 'data 4' is present on page 

2020-07-16 11:09:55 - [MESSAGE][PASSED] - Text 'data 4' is present on page 

2020-07-16 11:09:55 - [TEST_STEP][PASSED] - verifyTextPresent("UDF6 Label", false): Text 'UDF6 Label' is present on page 

2020-07-16 11:09:55 - [MESSAGE][PASSED] - Text 'UDF6 Label' is present on page 

2020-07-16 11:09:55 - [TEST_STEP][PASSED] - verifyTextPresent("data 6", false): Text 'data 6' is present on page 

2020-07-16 11:09:55 - [MESSAGE][PASSED] - Text 'data 6' is present on page 

2020-07-16 11:09:55 - [TEST_STEP][PASSED] - verifyTextPresent("UDF7 Label", false): Text 'UDF7 Label' is present on page 

2020-07-16 11:09:56 - [MESSAGE][PASSED] - Text 'UDF7 Label' is present on page 

2020-07-16 11:09:56 - [TEST_STEP][PASSED] - verifyTextPresent(UDF7, false): Text 'Orange' is present on page 

2020-07-16 11:09:56 - [MESSAGE][PASSED] - Text 'Orange' is present on page 

2020-07-16 11:09:56 - [TEST_STEP][PASSED] - verifyTextPresent("UDF8 Label", false): Text 'UDF8 Label' is present on page 

2020-07-16 11:09:56 - [MESSAGE][PASSED] - Text 'UDF8 Label' is present on page 

2020-07-16 11:09:56 - [TEST_STEP][PASSED] - verifyTextPresent(UDF8, false): Text 'Tennis' is present on page 

2020-07-16 11:09:57 - [MESSAGE][PASSED] - Text 'Tennis' is present on page 

2020-07-16 11:09:57 - [TEST_STEP][PASSED] - verifyTextPresent("UDF9 Label", false): Text 'UDF9 Label' is present on page 

2020-07-16 11:09:57 - [MESSAGE][PASSED] - Text 'UDF9 Label' is present on page 

2020-07-16 11:09:57 - [TEST_STEP][PASSED] - verifyTextPresent("data 9", false): Text 'data 9' is present on page 

2020-07-16 11:09:57 - [MESSAGE][PASSED] - Text 'data 9' is present on page 

2020-07-16 11:09:57 - [TEST_STEP][PASSED] - verifyTextPresent("Card information", false): Text 'Card information' is present on page 

2020-07-16 11:09:58 - [MESSAGE][PASSED] - Text 'Card information' is present on page 

2020-07-16 11:09:58 - [TEST_STEP][PASSED] - verifyTextPresent("Cardholder's Name", false): Text 'Cardholder's Name' is present on page 

2020-07-16 11:09:58 - [MESSAGE][PASSED] - Text 'Cardholder's Name' is present on page 

2020-07-16 11:09:58 - [TEST_STEP][PASSED] - verifyTextPresent(CName, false): Text 'Ayush Khuranna' is present on page 

2020-07-16 11:09:58 - [MESSAGE][PASSED] - Text 'Ayush Khuranna' is present on page 

2020-07-16 11:09:58 - [TEST_STEP][PASSED] - verifyTextPresent("Card Type", false): Text 'Card Type' is present on page 

2020-07-16 11:09:59 - [MESSAGE][PASSED] - Text 'Card Type' is present on page 

2020-07-16 11:09:59 - [TEST_STEP][PASSED] - verifyTextPresent(CardType, false): Text 'American Express' is present on page 

2020-07-16 11:09:59 - [MESSAGE][PASSED] - Text 'American Express' is present on page 

2020-07-16 11:09:59 - [TEST_STEP][PASSED] - verifyTextPresent("Card Number", false): Text 'Card Number' is present on page 

2020-07-16 11:09:59 - [MESSAGE][PASSED] - Text 'Card Number' is present on page 

2020-07-16 11:09:59 - [TEST_STEP][PASSED] - verifyTextPresent(Last4, false): Text '0002' is present on page 

2020-07-16 11:10:00 - [MESSAGE][PASSED] - Text '0002' is present on page 

2020-07-16 11:10:00 - [TEST_STEP][PASSED] - verifyTextPresent("Signature Panel Code", false): Text 'Signature Panel Code' is present on page 

2020-07-16 11:10:00 - [MESSAGE][PASSED] - Text 'Signature Panel Code' is present on page 

2020-07-16 11:10:00 - [TEST_STEP][PASSED] - verifyTextPresent("Expiration Date", false): Text 'Expiration Date' is present on page 

2020-07-16 11:10:00 - [MESSAGE][PASSED] - Text 'Expiration Date' is present on page 

2020-07-16 11:10:00 - [TEST_STEP][PASSED] - verifyTextPresent(CExp, false): Text '8/2027' is present on page 

2020-07-16 11:10:01 - [MESSAGE][PASSED] - Text '8/2027' is present on page 

2020-07-16 11:10:01 - [TEST_STEP][PASSED] - verifyTextPresent("Payment Date", false): Text 'Payment Date' is present on page 

2020-07-16 11:10:01 - [MESSAGE][PASSED] - Text 'Payment Date' is present on page 

2020-07-16 11:10:01 - [TEST_STEP][PASSED] - verifyTextPresent("Billing information", false): Text 'Billing information' is present on page 

2020-07-16 11:10:01 - [MESSAGE][PASSED] - Text 'Billing information' is present on page 

2020-07-16 11:10:01 - [TEST_STEP][PASSED] - verifyTextPresent("Address Line 1", false): Text 'Address Line 1' is present on page 

2020-07-16 11:10:02 - [MESSAGE][PASSED] - Text 'Address Line 1' is present on page 

2020-07-16 11:10:02 - [TEST_STEP][PASSED] - verifyTextPresent(AL1, false): Text '44 Dadar road' is present on page 

2020-07-16 11:10:02 - [MESSAGE][PASSED] - Text '44 Dadar road' is present on page 

2020-07-16 11:10:02 - [TEST_STEP][PASSED] - verifyTextPresent("Address Line 2", false): Text 'Address Line 2' is present on page 

2020-07-16 11:10:02 - [MESSAGE][PASSED] - Text 'Address Line 2' is present on page 

2020-07-16 11:10:02 - [TEST_STEP][PASSED] - verifyTextPresent(AL2, false): Text 'House 63' is present on page 

2020-07-16 11:10:03 - [MESSAGE][PASSED] - Text 'House 63' is present on page 

2020-07-16 11:10:03 - [TEST_STEP][PASSED] - verifyTextPresent("Country", false): Text 'Country' is present on page 

2020-07-16 11:10:03 - [MESSAGE][PASSED] - Text 'Country' is present on page 

2020-07-16 11:10:03 - [TEST_STEP][PASSED] - verifyTextPresent("United States", false): Text 'United States' is present on page 

2020-07-16 11:10:03 - [MESSAGE][PASSED] - Text 'United States' is present on page 

2020-07-16 11:10:03 - [TEST_STEP][PASSED] - verifyTextPresent("City", false): Text 'City' is present on page 

2020-07-16 11:10:04 - [MESSAGE][PASSED] - Text 'City' is present on page 

2020-07-16 11:10:04 - [TEST_STEP][FAILED] - verifyTextPresent(City, false): Text 'CROFTON' is not present on page  (Root cause: com.kms.katalon.core.exception.StepFailedException: Text 'CROFTON' is not present on page 
	at com.kms.katalon.core.webui.keyword.internal.WebUIKeywordMain.stepFailed(WebUIKeywordMain.groovy:64)
	at com.kms.katalon.core.webui.keyword.builtin.VerifyTextPresentKeyword$_verifyTextPresent_closure1.doCall(VerifyTextPresentKeyword.groovy:79)
	at com.kms.katalon.core.webui.keyword.builtin.VerifyTextPresentKeyword$_verifyTextPresent_closure1.call(VerifyTextPresentKeyword.groovy)
	at com.kms.katalon.core.webui.keyword.internal.WebUIKeywordMain.runKeyword(WebUIKeywordMain.groovy:20)
	at com.kms.katalon.core.webui.keyword.builtin.VerifyTextPresentKeyword.verifyTextPresent(VerifyTextPresentKeyword.groovy:83)
	at com.kms.katalon.core.webui.keyword.builtin.VerifyTextPresentKeyword.execute(VerifyTextPresentKeyword.groovy:68)
	at com.kms.katalon.core.keyword.internal.KeywordExecutor.executeKeywordForPlatform(KeywordExecutor.groovy:72)
	at com.kms.katalon.core.webui.keyword.WebUiBuiltInKeywords.verifyTextPresent(WebUiBuiltInKeywords.groovy:1719)
	at com.kms.katalon.core.webui.keyword.WebUiBuiltInKeywords$verifyTextPresent$6.call(Unknown Source)
	at VerifyUINoCFCC.run(VerifyUINoCFCC:254)
	at com.kms.katalon.core.main.ScriptEngine.run(ScriptEngine.java:194)
	at com.kms.katalon.core.main.ScriptEngine.runScriptAsRawText(ScriptEngine.java:119)
	at com.kms.katalon.core.main.TestCaseExecutor.runScript(TestCaseExecutor.java:337)
	at com.kms.katalon.core.main.TestCaseExecutor.doExecute(TestCaseExecutor.java:328)
	at com.kms.katalon.core.main.TestCaseExecutor.processExecutionPhase(TestCaseExecutor.java:307)
	at com.kms.katalon.core.main.TestCaseExecutor.accessMainPhase(TestCaseExecutor.java:299)
	at com.kms.katalon.core.main.TestCaseExecutor.execute(TestCaseExecutor.java:233)
	at com.kms.katalon.core.main.TestSuiteExecutor.accessTestCaseMainPhase(TestSuiteExecutor.java:169)
	at com.kms.katalon.core.main.TestSuiteExecutor.accessTestSuiteMainPhase(TestSuiteExecutor.java:142)
	at com.kms.katalon.core.main.TestSuiteExecutor.execute(TestSuiteExecutor.java:91)
	at com.kms.katalon.core.main.TestCaseMain.startTestSuite(TestCaseMain.java:157)
	at com.kms.katalon.core.main.TestCaseMain$startTestSuite$0.call(Unknown Source)
	at TempTestSuite1594911837370.run(TempTestSuite1594911837370.groovy:37)
)

2020-07-16 11:10:04 - [MESSAGE][FAILED] - Text 'CROFTON' is not present on page  (Root cause: com.kms.katalon.core.exception.StepFailedException: Text 'CROFTON' is not present on page 
	at com.kms.katalon.core.webui.keyword.internal.WebUIKeywordMain.stepFailed(WebUIKeywordMain.groovy:64)
	at com.kms.katalon.core.webui.keyword.builtin.VerifyTextPresentKeyword$_verifyTextPresent_closure1.doCall(VerifyTextPresentKeyword.groovy:79)
	at com.kms.katalon.core.webui.keyword.builtin.VerifyTextPresentKeyword$_verifyTextPresent_closure1.call(VerifyTextPresentKeyword.groovy)
	at com.kms.katalon.core.webui.keyword.internal.WebUIKeywordMain.runKeyword(WebUIKeywordMain.groovy:20)
	at com.kms.katalon.core.webui.keyword.builtin.VerifyTextPresentKeyword.verifyTextPresent(VerifyTextPresentKeyword.groovy:83)
	at com.kms.katalon.core.webui.keyword.builtin.VerifyTextPresentKeyword.execute(VerifyTextPresentKeyword.groovy:68)
	at com.kms.katalon.core.keyword.internal.KeywordExecutor.executeKeywordForPlatform(KeywordExecutor.groovy:72)
	at com.kms.katalon.core.webui.keyword.WebUiBuiltInKeywords.verifyTextPresent(WebUiBuiltInKeywords.groovy:1719)
	at com.kms.katalon.core.webui.keyword.WebUiBuiltInKeywords$verifyTextPresent$6.call(Unknown Source)
	at VerifyUINoCFCC.run(VerifyUINoCFCC:254)
	at com.kms.katalon.core.main.ScriptEngine.run(ScriptEngine.java:194)
	at com.kms.katalon.core.main.ScriptEngine.runScriptAsRawText(ScriptEngine.java:119)
	at com.kms.katalon.core.main.TestCaseExecutor.runScript(TestCaseExecutor.java:337)
	at com.kms.katalon.core.main.TestCaseExecutor.doExecute(TestCaseExecutor.java:328)
	at com.kms.katalon.core.main.TestCaseExecutor.processExecutionPhase(TestCaseExecutor.java:307)
	at com.kms.katalon.core.main.TestCaseExecutor.accessMainPhase(TestCaseExecutor.java:299)
	at com.kms.katalon.core.main.TestCaseExecutor.execute(TestCaseExecutor.java:233)
	at com.kms.katalon.core.main.TestSuiteExecutor.accessTestCaseMainPhase(TestSuiteExecutor.java:169)
	at com.kms.katalon.core.main.TestSuiteExecutor.accessTestSuiteMainPhase(TestSuiteExecutor.java:142)
	at com.kms.katalon.core.main.TestSuiteExecutor.execute(TestSuiteExecutor.java:91)
	at com.kms.katalon.core.main.TestCaseMain.startTestSuite(TestCaseMain.java:157)
	at com.kms.katalon.core.main.TestCaseMain$startTestSuite$0.call(Unknown Source)
	at TempTestSuite1594911837370.run(TempTestSuite1594911837370.groovy:37)
)

2020-07-16 11:10:04 - [TEST_STEP][PASSED] - verifyTextPresent("State", false): Text 'State' is present on page 

2020-07-16 11:10:04 - [MESSAGE][PASSED] - Text 'State' is present on page 

2020-07-16 11:10:04 - [TEST_STEP][PASSED] - verifyTextPresent(State, false): Text 'Maryland' is present on page 

2020-07-16 11:10:05 - [MESSAGE][PASSED] - Text 'Maryland' is present on page 

2020-07-16 11:10:05 - [TEST_STEP][PASSED] - verifyTextPresent("ZIP Code", false): Text 'ZIP Code' is present on page 

2020-07-16 11:10:05 - [MESSAGE][PASSED] - Text 'ZIP Code' is present on page 

2020-07-16 11:10:05 - [TEST_STEP][PASSED] - verifyTextPresent(CZIP, false): Text '21144' is present on page 

2020-07-16 11:10:06 - [MESSAGE][PASSED] - Text '21144' is present on page 

2020-07-16 11:10:06 - [TEST_STEP][PASSED] - verifyTextPresent("Email Address", false): Text 'Email Address' is present on page 

2020-07-16 11:10:06 - [MESSAGE][PASSED] - Text 'Email Address' is present on page 

2020-07-16 11:10:06 - [TEST_STEP][PASSED] - verifyTextPresent(Email, false): Text 'someone@gmail.com' is present on page 

2020-07-16 11:10:06 - [MESSAGE][PASSED] - Text 'someone@gmail.com' is present on page 

2020-07-16 11:10:06 - [TEST_STEP][PASSED] - verifyTextPresent("Is this information correct", false): Text 'Is this information correct' is present on page 

2020-07-16 11:10:07 - [MESSAGE][PASSED] - Text 'Is this information correct' is present on page 

2020-07-16 11:10:07 - [TEST_STEP][PASSED] - verifyTextPresent("These are CC Custom HTML", false): Text 'These are CC Custom HTML' is present on page 

2020-07-16 11:10:07 - [MESSAGE][PASSED] - Text 'These are CC Custom HTML' is present on page 

2020-07-16 11:10:07 - [TEST_STEP][PASSED] - verifyElementPresent(findTestObject("Object Repository/IWP30/Page_Confirmation/ChangePaymentMethodButton"), 30): Object 'Object Repository/IWP30/Page_Confirmation/ChangePaymentMethodButton' is present

2020-07-16 11:10:07 - [MESSAGE][PASSED] - Object 'Object Repository/IWP30/Page_Confirmation/ChangePaymentMethodButton' is present

2020-07-16 11:10:07 - [TEST_STEP][PASSED] - verifyElementPresent(findTestObject("Object Repository/IWP30/Page_Confirmation/ConfirmButton"), 30): Object 'Object Repository/IWP30/Page_Confirmation/ConfirmButton' is present

2020-07-16 11:10:07 - [MESSAGE][PASSED] - Object 'Object Repository/IWP30/Page_Confirmation/ConfirmButton' is present

2020-07-16 11:10:07 - [TEST_STEP][PASSED] - verifyElementPresent(findTestObject("Object Repository/IWP30/Page_Confirmation/ExitButton"), 30): Object 'Object Repository/IWP30/Page_Confirmation/ExitButton' is present

2020-07-16 11:10:08 - [MESSAGE][PASSED] - Object 'Object Repository/IWP30/Page_Confirmation/ExitButton' is present

2020-07-16 11:10:08 - [TEST_STEP][PASSED] - verifyElementPresent(findTestObject("Object Repository/IWP30/Page_Confirmation/ModifyButton"), 30): Object 'Object Repository/IWP30/Page_Confirmation/ModifyButton' is present

2020-07-16 11:10:08 - [MESSAGE][PASSED] - Object 'Object Repository/IWP30/Page_Confirmation/ModifyButton' is present

2020-07-16 11:10:08 - [TEST_STEP][PASSED] - click(findTestObject("Object Repository/IWP30/Page_Confirmation/ConfirmButton")): Object: 'Object Repository/IWP30/Page_Confirmation/ConfirmButton' is clicked on

2020-07-16 11:10:09 - [MESSAGE][PASSED] - Object: 'Object Repository/IWP30/Page_Confirmation/ConfirmButton' is clicked on

2020-07-16 11:10:09 - [TEST_STEP][PASSED] - Thread.sleep(10000): null

2020-07-16 11:10:19 - [TEST_STEP][PASSED] - verifyTextPresent("Successful Payment Receipt", false): Text 'Successful Payment Receipt' is present on page 

2020-07-16 11:10:20 - [MESSAGE][PASSED] - Text 'Successful Payment Receipt' is present on page 

2020-07-16 11:10:20 - [TEST_STEP][PASSED] - verifyTextPresent("Please print this receipt for your records", false): Text 'Please print this receipt for your records' is present on page 

2020-07-16 11:10:20 - [MESSAGE][PASSED] - Text 'Please print this receipt for your records' is present on page 

2020-07-16 11:10:20 - [TEST_STEP][PASSED] - verifyTextPresent("Remittance ID", false): Text 'Remittance ID' is present on page 

2020-07-16 11:10:20 - [MESSAGE][PASSED] - Text 'Remittance ID' is present on page 

2020-07-16 11:10:20 - [TEST_STEP][PASSED] - verifyTextPresent("CAN Label", false): Text 'CAN Label' is present on page 

2020-07-16 11:10:21 - [MESSAGE][PASSED] - Text 'CAN Label' is present on page 

2020-07-16 11:10:21 - [TEST_STEP][PASSED] - verifyTextPresent("54654701", false): Text '54654701' is present on page 

2020-07-16 11:10:21 - [MESSAGE][PASSED] - Text '54654701' is present on page 

2020-07-16 11:10:21 - [TEST_STEP][PASSED] - verifyTextPresent("Received", false): Text 'Received' is present on page 

2020-07-16 11:10:21 - [MESSAGE][PASSED] - Text 'Received' is present on page 

2020-07-16 11:10:21 - [TEST_STEP][PASSED] - verifyTextPresent("UDF1 Label", false): Text 'UDF1 Label' is present on page 

2020-07-16 11:10:22 - [MESSAGE][PASSED] - Text 'UDF1 Label' is present on page 

2020-07-16 11:10:22 - [TEST_STEP][PASSED] - verifyTextPresent("UDF2 Label", false): Text 'UDF2 Label' is present on page 

2020-07-16 11:10:22 - [MESSAGE][PASSED] - Text 'UDF2 Label' is present on page 

2020-07-16 11:10:22 - [TEST_STEP][PASSED] - verifyTextPresent(UDF2, false): Text 'Paani Da' is present on page 

2020-07-16 11:10:22 - [MESSAGE][PASSED] - Text 'Paani Da' is present on page 

2020-07-16 11:10:22 - [TEST_STEP][PASSED] - verifyTextPresent("UDF3 Label", false): Text 'UDF3 Label' is present on page 

2020-07-16 11:10:23 - [MESSAGE][PASSED] - Text 'UDF3 Label' is present on page 

2020-07-16 11:10:23 - [TEST_STEP][PASSED] - verifyTextPresent(UDF3, false): Text 'Andhadun' is present on page 

2020-07-16 11:10:23 - [MESSAGE][PASSED] - Text 'Andhadun' is present on page 

2020-07-16 11:10:23 - [TEST_STEP][PASSED] - verifyTextPresent("UDF4 Label", false): Text 'UDF4 Label' is present on page 

2020-07-16 11:10:23 - [MESSAGE][PASSED] - Text 'UDF4 Label' is present on page 

2020-07-16 11:10:23 - [TEST_STEP][PASSED] - verifyTextPresent("data 4", false): Text 'data 4' is present on page 

2020-07-16 11:10:24 - [MESSAGE][PASSED] - Text 'data 4' is present on page 

2020-07-16 11:10:24 - [TEST_STEP][PASSED] - verifyTextPresent("UDF6 Label", false): Text 'UDF6 Label' is present on page 

2020-07-16 11:10:24 - [MESSAGE][PASSED] - Text 'UDF6 Label' is present on page 

2020-07-16 11:10:24 - [TEST_STEP][PASSED] - verifyTextPresent("data 6", false): Text 'data 6' is present on page 

2020-07-16 11:10:24 - [MESSAGE][PASSED] - Text 'data 6' is present on page 

2020-07-16 11:10:24 - [TEST_STEP][PASSED] - verifyTextPresent("UDF7 Label", false): Text 'UDF7 Label' is present on page 

2020-07-16 11:10:25 - [MESSAGE][PASSED] - Text 'UDF7 Label' is present on page 

2020-07-16 11:10:25 - [TEST_STEP][PASSED] - verifyTextPresent(UDF7, false): Text 'Orange' is present on page 

2020-07-16 11:10:25 - [MESSAGE][PASSED] - Text 'Orange' is present on page 

2020-07-16 11:10:25 - [TEST_STEP][PASSED] - verifyTextPresent("UDF8 Label", false): Text 'UDF8 Label' is present on page 

2020-07-16 11:10:25 - [MESSAGE][PASSED] - Text 'UDF8 Label' is present on page 

2020-07-16 11:10:25 - [TEST_STEP][PASSED] - verifyTextPresent(UDF8, false): Text 'Tennis' is present on page 

2020-07-16 11:10:25 - [MESSAGE][PASSED] - Text 'Tennis' is present on page 

2020-07-16 11:10:25 - [TEST_STEP][PASSED] - verifyTextPresent("UDF9 Label", false): Text 'UDF9 Label' is present on page 

2020-07-16 11:10:26 - [MESSAGE][PASSED] - Text 'UDF9 Label' is present on page 

2020-07-16 11:10:26 - [TEST_STEP][PASSED] - verifyTextPresent("data 9", false): Text 'data 9' is present on page 

2020-07-16 11:10:26 - [MESSAGE][PASSED] - Text 'data 9' is present on page 

2020-07-16 11:10:26 - [TEST_STEP][PASSED] - verifyTextPresent("Tax Amount", false): Text 'Tax Amount' is present on page 

2020-07-16 11:10:26 - [MESSAGE][PASSED] - Text 'Tax Amount' is present on page 

2020-07-16 11:10:26 - [TEST_STEP][PASSED] - verifyTextPresent("$0.00", false): Text '$0.00' is present on page 

2020-07-16 11:10:27 - [MESSAGE][PASSED] - Text '$0.00' is present on page 

2020-07-16 11:10:27 - [TEST_STEP][PASSED] - verifyTextPresent("Amount", false): Text 'Amount' is present on page 

2020-07-16 11:10:27 - [MESSAGE][PASSED] - Text 'Amount' is present on page 

2020-07-16 11:10:27 - [TEST_STEP][PASSED] - verifyTextPresent(Amount, false): Text '33.50' is present on page 

2020-07-16 11:10:27 - [MESSAGE][PASSED] - Text '33.50' is present on page 

2020-07-16 11:10:27 - [TEST_STEP][PASSED] - verifyTextPresent("Transaction Type", false): Text 'Transaction Type' is present on page 

2020-07-16 11:10:28 - [MESSAGE][PASSED] - Text 'Transaction Type' is present on page 

2020-07-16 11:10:28 - [TEST_STEP][PASSED] - verifyTextPresent("Authorization and Capture", false): Text 'Authorization and Capture' is present on page 

2020-07-16 11:10:28 - [MESSAGE][PASSED] - Text 'Authorization and Capture' is present on page 

2020-07-16 11:10:28 - [TEST_STEP][PASSED] - verifyTextPresent("Card Information", false): Text 'Card Information' is present on page 

2020-07-16 11:10:28 - [MESSAGE][PASSED] - Text 'Card Information' is present on page 

2020-07-16 11:10:28 - [TEST_STEP][PASSED] - verifyTextPresent(CardType, false): Text 'American Express' is present on page 

2020-07-16 11:10:28 - [MESSAGE][PASSED] - Text 'American Express' is present on page 

2020-07-16 11:10:28 - [TEST_STEP][FAILED] - verifyTextPresent(CName, false): Text 'Ayush Khuranna' is not present on page  (Root cause: com.kms.katalon.core.exception.StepFailedException: Text 'Ayush Khuranna' is not present on page 
	at com.kms.katalon.core.webui.keyword.internal.WebUIKeywordMain.stepFailed(WebUIKeywordMain.groovy:64)
	at com.kms.katalon.core.webui.keyword.builtin.VerifyTextPresentKeyword$_verifyTextPresent_closure1.doCall(VerifyTextPresentKeyword.groovy:79)
	at com.kms.katalon.core.webui.keyword.builtin.VerifyTextPresentKeyword$_verifyTextPresent_closure1.call(VerifyTextPresentKeyword.groovy)
	at com.kms.katalon.core.webui.keyword.internal.WebUIKeywordMain.runKeyword(WebUIKeywordMain.groovy:20)
	at com.kms.katalon.core.webui.keyword.builtin.VerifyTextPresentKeyword.verifyTextPresent(VerifyTextPresentKeyword.groovy:83)
	at com.kms.katalon.core.webui.keyword.builtin.VerifyTextPresentKeyword.execute(VerifyTextPresentKeyword.groovy:68)
	at com.kms.katalon.core.keyword.internal.KeywordExecutor.executeKeywordForPlatform(KeywordExecutor.groovy:72)
	at com.kms.katalon.core.webui.keyword.WebUiBuiltInKeywords.verifyTextPresent(WebUiBuiltInKeywords.groovy:1719)
	at com.kms.katalon.core.webui.keyword.WebUiBuiltInKeywords$verifyTextPresent$6.call(Unknown Source)
	at VerifyUINoCFCC.run(VerifyUINoCFCC:332)
	at com.kms.katalon.core.main.ScriptEngine.run(ScriptEngine.java:194)
	at com.kms.katalon.core.main.ScriptEngine.runScriptAsRawText(ScriptEngine.java:119)
	at com.kms.katalon.core.main.TestCaseExecutor.runScript(TestCaseExecutor.java:337)
	at com.kms.katalon.core.main.TestCaseExecutor.doExecute(TestCaseExecutor.java:328)
	at com.kms.katalon.core.main.TestCaseExecutor.processExecutionPhase(TestCaseExecutor.java:307)
	at com.kms.katalon.core.main.TestCaseExecutor.accessMainPhase(TestCaseExecutor.java:299)
	at com.kms.katalon.core.main.TestCaseExecutor.execute(TestCaseExecutor.java:233)
	at com.kms.katalon.core.main.TestSuiteExecutor.accessTestCaseMainPhase(TestSuiteExecutor.java:169)
	at com.kms.katalon.core.main.TestSuiteExecutor.accessTestSuiteMainPhase(TestSuiteExecutor.java:142)
	at com.kms.katalon.core.main.TestSuiteExecutor.execute(TestSuiteExecutor.java:91)
	at com.kms.katalon.core.main.TestCaseMain.startTestSuite(TestCaseMain.java:157)
	at com.kms.katalon.core.main.TestCaseMain$startTestSuite$0.call(Unknown Source)
	at TempTestSuite1594911837370.run(TempTestSuite1594911837370.groovy:37)
)

2020-07-16 11:10:29 - [MESSAGE][FAILED] - Text 'Ayush Khuranna' is not present on page  (Root cause: com.kms.katalon.core.exception.StepFailedException: Text 'Ayush Khuranna' is not present on page 
	at com.kms.katalon.core.webui.keyword.internal.WebUIKeywordMain.stepFailed(WebUIKeywordMain.groovy:64)
	at com.kms.katalon.core.webui.keyword.builtin.VerifyTextPresentKeyword$_verifyTextPresent_closure1.doCall(VerifyTextPresentKeyword.groovy:79)
	at com.kms.katalon.core.webui.keyword.builtin.VerifyTextPresentKeyword$_verifyTextPresent_closure1.call(VerifyTextPresentKeyword.groovy)
	at com.kms.katalon.core.webui.keyword.internal.WebUIKeywordMain.runKeyword(WebUIKeywordMain.groovy:20)
	at com.kms.katalon.core.webui.keyword.builtin.VerifyTextPresentKeyword.verifyTextPresent(VerifyTextPresentKeyword.groovy:83)
	at com.kms.katalon.core.webui.keyword.builtin.VerifyTextPresentKeyword.execute(VerifyTextPresentKeyword.groovy:68)
	at com.kms.katalon.core.keyword.internal.KeywordExecutor.executeKeywordForPlatform(KeywordExecutor.groovy:72)
	at com.kms.katalon.core.webui.keyword.WebUiBuiltInKeywords.verifyTextPresent(WebUiBuiltInKeywords.groovy:1719)
	at com.kms.katalon.core.webui.keyword.WebUiBuiltInKeywords$verifyTextPresent$6.call(Unknown Source)
	at VerifyUINoCFCC.run(VerifyUINoCFCC:332)
	at com.kms.katalon.core.main.ScriptEngine.run(ScriptEngine.java:194)
	at com.kms.katalon.core.main.ScriptEngine.runScriptAsRawText(ScriptEngine.java:119)
	at com.kms.katalon.core.main.TestCaseExecutor.runScript(TestCaseExecutor.java:337)
	at com.kms.katalon.core.main.TestCaseExecutor.doExecute(TestCaseExecutor.java:328)
	at com.kms.katalon.core.main.TestCaseExecutor.processExecutionPhase(TestCaseExecutor.java:307)
	at com.kms.katalon.core.main.TestCaseExecutor.accessMainPhase(TestCaseExecutor.java:299)
	at com.kms.katalon.core.main.TestCaseExecutor.execute(TestCaseExecutor.java:233)
	at com.kms.katalon.core.main.TestSuiteExecutor.accessTestCaseMainPhase(TestSuiteExecutor.java:169)
	at com.kms.katalon.core.main.TestSuiteExecutor.accessTestSuiteMainPhase(TestSuiteExecutor.java:142)
	at com.kms.katalon.core.main.TestSuiteExecutor.execute(TestSuiteExecutor.java:91)
	at com.kms.katalon.core.main.TestCaseMain.startTestSuite(TestCaseMain.java:157)
	at com.kms.katalon.core.main.TestCaseMain$startTestSuite$0.call(Unknown Source)
	at TempTestSuite1594911837370.run(TempTestSuite1594911837370.groovy:37)
)

2020-07-16 11:10:29 - [TEST_STEP][PASSED] - verifyTextPresent(Last4, false): Text '0002' is present on page 

2020-07-16 11:10:29 - [MESSAGE][PASSED] - Text '0002' is present on page 

2020-07-16 11:10:29 - [TEST_STEP][PASSED] - verifyTextPresent("Billing information", false): Text 'Billing information' is present on page 

2020-07-16 11:10:29 - [MESSAGE][PASSED] - Text 'Billing information' is present on page 

2020-07-16 11:10:29 - [TEST_STEP][PASSED] - verifyTextPresent("Address Line 1", false): Text 'Address Line 1' is present on page 

2020-07-16 11:10:30 - [MESSAGE][PASSED] - Text 'Address Line 1' is present on page 

2020-07-16 11:10:30 - [TEST_STEP][PASSED] - verifyTextPresent(AL1, false): Text '44 Dadar road' is present on page 

2020-07-16 11:10:30 - [MESSAGE][PASSED] - Text '44 Dadar road' is present on page 

2020-07-16 11:10:30 - [TEST_STEP][PASSED] - verifyTextPresent("Address Line 2", false): Text 'Address Line 2' is present on page 

2020-07-16 11:10:30 - [MESSAGE][PASSED] - Text 'Address Line 2' is present on page 

2020-07-16 11:10:30 - [TEST_STEP][PASSED] - verifyTextPresent(AL2, false): Text 'House 63' is present on page 

2020-07-16 11:10:31 - [MESSAGE][PASSED] - Text 'House 63' is present on page 

2020-07-16 11:10:31 - [TEST_STEP][PASSED] - verifyTextPresent("Country", false): Text 'Country' is present on page 

2020-07-16 11:10:31 - [MESSAGE][PASSED] - Text 'Country' is present on page 

2020-07-16 11:10:31 - [TEST_STEP][PASSED] - verifyTextPresent("United States", false): Text 'United States' is present on page 

2020-07-16 11:10:31 - [MESSAGE][PASSED] - Text 'United States' is present on page 

2020-07-16 11:10:31 - [TEST_STEP][PASSED] - verifyTextPresent("City", false): Text 'City' is present on page 

2020-07-16 11:10:32 - [MESSAGE][PASSED] - Text 'City' is present on page 

2020-07-16 11:10:32 - [TEST_STEP][FAILED] - verifyTextPresent(City, false): Text 'CROFTON' is not present on page  (Root cause: com.kms.katalon.core.exception.StepFailedException: Text 'CROFTON' is not present on page 
	at com.kms.katalon.core.webui.keyword.internal.WebUIKeywordMain.stepFailed(WebUIKeywordMain.groovy:64)
	at com.kms.katalon.core.webui.keyword.builtin.VerifyTextPresentKeyword$_verifyTextPresent_closure1.doCall(VerifyTextPresentKeyword.groovy:79)
	at com.kms.katalon.core.webui.keyword.builtin.VerifyTextPresentKeyword$_verifyTextPresent_closure1.call(VerifyTextPresentKeyword.groovy)
	at com.kms.katalon.core.webui.keyword.internal.WebUIKeywordMain.runKeyword(WebUIKeywordMain.groovy:20)
	at com.kms.katalon.core.webui.keyword.builtin.VerifyTextPresentKeyword.verifyTextPresent(VerifyTextPresentKeyword.groovy:83)
	at com.kms.katalon.core.webui.keyword.builtin.VerifyTextPresentKeyword.execute(VerifyTextPresentKeyword.groovy:68)
	at com.kms.katalon.core.keyword.internal.KeywordExecutor.executeKeywordForPlatform(KeywordExecutor.groovy:72)
	at com.kms.katalon.core.webui.keyword.WebUiBuiltInKeywords.verifyTextPresent(WebUiBuiltInKeywords.groovy:1719)
	at com.kms.katalon.core.webui.keyword.WebUiBuiltInKeywords$verifyTextPresent$6.call(Unknown Source)
	at VerifyUINoCFCC.run(VerifyUINoCFCC:349)
	at com.kms.katalon.core.main.ScriptEngine.run(ScriptEngine.java:194)
	at com.kms.katalon.core.main.ScriptEngine.runScriptAsRawText(ScriptEngine.java:119)
	at com.kms.katalon.core.main.TestCaseExecutor.runScript(TestCaseExecutor.java:337)
	at com.kms.katalon.core.main.TestCaseExecutor.doExecute(TestCaseExecutor.java:328)
	at com.kms.katalon.core.main.TestCaseExecutor.processExecutionPhase(TestCaseExecutor.java:307)
	at com.kms.katalon.core.main.TestCaseExecutor.accessMainPhase(TestCaseExecutor.java:299)
	at com.kms.katalon.core.main.TestCaseExecutor.execute(TestCaseExecutor.java:233)
	at com.kms.katalon.core.main.TestSuiteExecutor.accessTestCaseMainPhase(TestSuiteExecutor.java:169)
	at com.kms.katalon.core.main.TestSuiteExecutor.accessTestSuiteMainPhase(TestSuiteExecutor.java:142)
	at com.kms.katalon.core.main.TestSuiteExecutor.execute(TestSuiteExecutor.java:91)
	at com.kms.katalon.core.main.TestCaseMain.startTestSuite(TestCaseMain.java:157)
	at com.kms.katalon.core.main.TestCaseMain$startTestSuite$0.call(Unknown Source)
	at TempTestSuite1594911837370.run(TempTestSuite1594911837370.groovy:37)
)

2020-07-16 11:10:32 - [MESSAGE][FAILED] - Text 'CROFTON' is not present on page  (Root cause: com.kms.katalon.core.exception.StepFailedException: Text 'CROFTON' is not present on page 
	at com.kms.katalon.core.webui.keyword.internal.WebUIKeywordMain.stepFailed(WebUIKeywordMain.groovy:64)
	at com.kms.katalon.core.webui.keyword.builtin.VerifyTextPresentKeyword$_verifyTextPresent_closure1.doCall(VerifyTextPresentKeyword.groovy:79)
	at com.kms.katalon.core.webui.keyword.builtin.VerifyTextPresentKeyword$_verifyTextPresent_closure1.call(VerifyTextPresentKeyword.groovy)
	at com.kms.katalon.core.webui.keyword.internal.WebUIKeywordMain.runKeyword(WebUIKeywordMain.groovy:20)
	at com.kms.katalon.core.webui.keyword.builtin.VerifyTextPresentKeyword.verifyTextPresent(VerifyTextPresentKeyword.groovy:83)
	at com.kms.katalon.core.webui.keyword.builtin.VerifyTextPresentKeyword.execute(VerifyTextPresentKeyword.groovy:68)
	at com.kms.katalon.core.keyword.internal.KeywordExecutor.executeKeywordForPlatform(KeywordExecutor.groovy:72)
	at com.kms.katalon.core.webui.keyword.WebUiBuiltInKeywords.verifyTextPresent(WebUiBuiltInKeywords.groovy:1719)
	at com.kms.katalon.core.webui.keyword.WebUiBuiltInKeywords$verifyTextPresent$6.call(Unknown Source)
	at VerifyUINoCFCC.run(VerifyUINoCFCC:349)
	at com.kms.katalon.core.main.ScriptEngine.run(ScriptEngine.java:194)
	at com.kms.katalon.core.main.ScriptEngine.runScriptAsRawText(ScriptEngine.java:119)
	at com.kms.katalon.core.main.TestCaseExecutor.runScript(TestCaseExecutor.java:337)
	at com.kms.katalon.core.main.TestCaseExecutor.doExecute(TestCaseExecutor.java:328)
	at com.kms.katalon.core.main.TestCaseExecutor.processExecutionPhase(TestCaseExecutor.java:307)
	at com.kms.katalon.core.main.TestCaseExecutor.accessMainPhase(TestCaseExecutor.java:299)
	at com.kms.katalon.core.main.TestCaseExecutor.execute(TestCaseExecutor.java:233)
	at com.kms.katalon.core.main.TestSuiteExecutor.accessTestCaseMainPhase(TestSuiteExecutor.java:169)
	at com.kms.katalon.core.main.TestSuiteExecutor.accessTestSuiteMainPhase(TestSuiteExecutor.java:142)
	at com.kms.katalon.core.main.TestSuiteExecutor.execute(TestSuiteExecutor.java:91)
	at com.kms.katalon.core.main.TestCaseMain.startTestSuite(TestCaseMain.java:157)
	at com.kms.katalon.core.main.TestCaseMain$startTestSuite$0.call(Unknown Source)
	at TempTestSuite1594911837370.run(TempTestSuite1594911837370.groovy:37)
)

2020-07-16 11:10:32 - [TEST_STEP][PASSED] - verifyTextPresent("State", false): Text 'State' is present on page 

2020-07-16 11:10:32 - [MESSAGE][PASSED] - Text 'State' is present on page 

2020-07-16 11:10:32 - [TEST_STEP][PASSED] - verifyTextPresent(State2, false): Text 'MD' is present on page 

2020-07-16 11:10:33 - [MESSAGE][PASSED] - Text 'MD' is present on page 

2020-07-16 11:10:33 - [TEST_STEP][PASSED] - verifyTextPresent("ZIP Code", false): Text 'ZIP Code' is present on page 

2020-07-16 11:10:33 - [MESSAGE][PASSED] - Text 'ZIP Code' is present on page 

2020-07-16 11:10:33 - [TEST_STEP][PASSED] - verifyTextPresent(CZIP, false): Text '21144' is present on page 

2020-07-16 11:10:33 - [MESSAGE][PASSED] - Text '21144' is present on page 

2020-07-16 11:10:33 - [TEST_STEP][PASSED] - verifyElementPresent(findTestObject("Object Repository/IWP30/Page_Receipt/ExitButton"), 30): Object 'Object Repository/IWP30/Page_Receipt/ExitButton' is present

2020-07-16 11:10:34 - [MESSAGE][PASSED] - Object 'Object Repository/IWP30/Page_Receipt/ExitButton' is present

2020-07-16 11:10:34 - [TEST_STEP][PASSED] - closeBrowser(): Browser is closed

2020-07-16 11:10:34 - [MESSAGE][PASSED] - Browser is closed

2020-07-16 11:10:34 - [TEST_STEP][PASSED] - openBrowser(urlEmulator): Browser is opened with url: 'https://qa.velocitypayment.com/agency/config.do?action=editor'

2020-07-16 11:10:34 - [MESSAGE][INFO] - Starting 'Chrome' driver

2020-07-16 11:10:34 - [MESSAGE][INFO] - User set preference: ['acceptInsecureCerts', 'true']

2020-07-16 11:10:34 - [MESSAGE][INFO] - Action delay is set to 0 milliseconds

2020-07-16 11:10:38 - [MESSAGE][PASSED] - Browser is opened with url: 'https://qa.velocitypayment.com/agency/config.do?action=editor'

2020-07-16 11:10:38 - [TEST_STEP][PASSED] - maximizeWindow(): Current window maximized

2020-07-16 11:10:38 - [MESSAGE][PASSED] - Current window maximized

2020-07-16 11:10:38 - [TEST_STEP][PASSED] - iwpPages.emulatorIWP30.setDataEmulatorStandard(): iwpPages.emulatorIWP30.setDataEmulatorStandard is PASSED

2020-07-16 11:10:38 - [MESSAGE][PASSED] - Object 'Object Repository/IWP30/Page_VRelay30Emulator/Amount' is present

2020-07-16 11:10:39 - [MESSAGE][PASSED] - All options with value '3.0' are selected in object 'Object Repository/IWP30/Page_VRelay30Emulator/MV'  using regular expression

2020-07-16 11:10:40 - [MESSAGE][PASSED] - Text '10.50' is set on object 'Object Repository/IWP30/Page_VRelay30Emulator/Amount'

2020-07-16 11:10:41 - [MESSAGE][PASSED] - Text '54654701' is set on object 'Object Repository/IWP30/Page_VRelay30Emulator/CAN'

2020-07-16 11:10:41 - [MESSAGE][PASSED] - Text 'PayNow' is set on object 'Object Repository/IWP30/Page_VRelay30Emulator/Action'

2020-07-16 11:10:42 - [MESSAGE][PASSED] - Text 'en_US' is set on object 'Object Repository/IWP30/Page_VRelay30Emulator/Lang'

2020-07-16 11:10:43 - [MESSAGE][PASSED] - Text '' is set on object 'Object Repository/IWP30/Page_VRelay30Emulator/Fname'

2020-07-16 11:10:43 - [MESSAGE][PASSED] - Text '' is set on object 'Object Repository/IWP30/Page_VRelay30Emulator/Lname'

2020-07-16 11:10:44 - [MESSAGE][PASSED] - Text '' is set on object 'Object Repository/IWP30/Page_VRelay30Emulator/AL1'

2020-07-16 11:10:44 - [MESSAGE][PASSED] - Text '' is set on object 'Object Repository/IWP30/Page_VRelay30Emulator/AL2'

2020-07-16 11:10:45 - [MESSAGE][PASSED] - Text '' is set on object 'Object Repository/IWP30/Page_VRelay30Emulator/Country'

2020-07-16 11:10:46 - [MESSAGE][PASSED] - Text '' is set on object 'Object Repository/IWP30/Page_VRelay30Emulator/City'

2020-07-16 11:10:46 - [MESSAGE][PASSED] - Text '' is set on object 'Object Repository/IWP30/Page_VRelay30Emulator/State'

2020-07-16 11:10:47 - [MESSAGE][PASSED] - Text '' is set on object 'Object Repository/IWP30/Page_VRelay30Emulator/ZIP'

2020-07-16 11:10:48 - [MESSAGE][PASSED] - Text '' is set on object 'Object Repository/IWP30/Page_VRelay30Emulator/Order'

2020-07-16 11:10:48 - [MESSAGE][PASSED] - Text '' is set on object 'Object Repository/IWP30/Page_VRelay30Emulator/Company'

2020-07-16 11:10:49 - [MESSAGE][PASSED] - Text '' is set on object 'Object Repository/IWP30/Page_VRelay30Emulator/Email'

2020-07-16 11:10:50 - [MESSAGE][PASSED] - Text '' is set on object 'Object Repository/IWP30/Page_VRelay30Emulator/UDF1'

2020-07-16 11:10:50 - [MESSAGE][PASSED] - Text '' is set on object 'Object Repository/IWP30/Page_VRelay30Emulator/UDF2'

2020-07-16 11:10:51 - [MESSAGE][PASSED] - Text 'data 3' is set on object 'Object Repository/IWP30/Page_VRelay30Emulator/UDF3'

2020-07-16 11:10:52 - [MESSAGE][PASSED] - Text 'data 4' is set on object 'Object Repository/IWP30/Page_VRelay30Emulator/UDF4'

2020-07-16 11:10:52 - [MESSAGE][PASSED] - Text 'data 5' is set on object 'Object Repository/IWP30/Page_VRelay30Emulator/UDF5'

2020-07-16 11:10:53 - [MESSAGE][PASSED] - Text 'data 6' is set on object 'Object Repository/IWP30/Page_VRelay30Emulator/UDF6'

2020-07-16 11:10:54 - [MESSAGE][PASSED] - Text 'Orange' is set on object 'Object Repository/IWP30/Page_VRelay30Emulator/UDF7'

2020-07-16 11:10:55 - [MESSAGE][PASSED] - Text 'Soccer' is set on object 'Object Repository/IWP30/Page_VRelay30Emulator/UDF8'

2020-07-16 11:10:55 - [MESSAGE][PASSED] - Text 'data 9' is set on object 'Object Repository/IWP30/Page_VRelay30Emulator/UDF9'

2020-07-16 11:10:56 - [MESSAGE][PASSED] - Text 'data 10' is set on object 'Object Repository/IWP30/Page_VRelay30Emulator/UDF10'

2020-07-16 11:10:58 - [MESSAGE][PASSED] - Object: 'Object Repository/IWP30/Page_VRelay30Emulator/Submit' is clicked on

2020-07-16 11:11:04 - [MESSAGE][PASSED] - Browser is closed

2020-07-16 11:11:04 - [MESSAGE][PASSED] - iwpPages.emulatorIWP30.setDataEmulatorStandard is PASSED

2020-07-16 11:11:04 - [TEST_STEP][PASSED] - openBrowser(urlTestHarness): Browser is opened with url: 'https://dev-algorithm.govolution.com/vrelaytest/QA/version_2_2/vrelaytest.html'

2020-07-16 11:11:04 - [MESSAGE][INFO] - Starting 'Chrome' driver

2020-07-16 11:11:04 - [MESSAGE][INFO] - User set preference: ['acceptInsecureCerts', 'true']

2020-07-16 11:11:04 - [MESSAGE][INFO] - Action delay is set to 0 milliseconds

2020-07-16 11:11:08 - [MESSAGE][PASSED] - Browser is opened with url: 'https://dev-algorithm.govolution.com/vrelaytest/QA/version_2_2/vrelaytest.html'

2020-07-16 11:11:08 - [TEST_STEP][PASSED] - maximizeWindow(): Current window maximized

2020-07-16 11:11:08 - [MESSAGE][PASSED] - Current window maximized

2020-07-16 11:11:08 - [TEST_STEP][PASSED] - genRemIDVoid = RandomStringUtils.random(12, true, true): null

2020-07-16 11:11:08 - [TEST_STEP][PASSED] - if (verifyElementPresent(findTestObject("Object Repository/IWP30/Page_QATestHarness/RemittanceID"), 30)): null

2020-07-16 11:11:08 - [MESSAGE][PASSED] - Object 'Object Repository/IWP30/Page_QATestHarness/RemittanceID' is present

2020-07-16 11:11:08 - [TEST_STEP][PASSED] - println("We are on Test Harness page, start populating"): null

2020-07-16 11:11:08 - [TEST_STEP][PASSED] - setText(findTestObject("Object Repository/IWP30/Page_QATestHarness/ApplicationID"), "649"): Text '649' is set on object 'Object Repository/IWP30/Page_QATestHarness/ApplicationID'

2020-07-16 11:11:09 - [MESSAGE][PASSED] - Text '649' is set on object 'Object Repository/IWP30/Page_QATestHarness/ApplicationID'

2020-07-16 11:11:09 - [TEST_STEP][PASSED] - setText(findTestObject("Object Repository/IWP30/Page_QATestHarness/MessageVersion"), "3.0"): Text '3.0' is set on object 'Object Repository/IWP30/Page_QATestHarness/MessageVersion'

2020-07-16 11:11:10 - [MESSAGE][PASSED] - Text '3.0' is set on object 'Object Repository/IWP30/Page_QATestHarness/MessageVersion'

2020-07-16 11:11:10 - [TEST_STEP][PASSED] - setText(findTestObject("Object Repository/IWP30/Page_QATestHarness/RemittanceID"), genRemIDVoid): Text '6wjKXlVLB2MJ' is set on object 'Object Repository/IWP30/Page_QATestHarness/RemittanceID'

2020-07-16 11:11:10 - [MESSAGE][PASSED] - Text '6wjKXlVLB2MJ' is set on object 'Object Repository/IWP30/Page_QATestHarness/RemittanceID'

2020-07-16 11:11:10 - [TEST_STEP][PASSED] - click(findTestObject("Object Repository/IWP30/Page_QATestHarness/SubmitButton")): Object: 'Object Repository/IWP30/Page_QATestHarness/SubmitButton' is clicked on

2020-07-16 11:11:12 - [MESSAGE][PASSED] - Object: 'Object Repository/IWP30/Page_QATestHarness/SubmitButton' is clicked on

2020-07-16 11:11:12 - [TEST_STEP][PASSED] - verifyTextPresent("Select Payment Method", false): Text 'Select Payment Method' is present on page 

2020-07-16 11:11:12 - [MESSAGE][PASSED] - Text 'Select Payment Method' is present on page 

2020-07-16 11:11:12 - [TEST_STEP][PASSED] - verifyTextPresent("Please choose the method of payment", false): Text 'Please choose the method of payment' is present on page 

2020-07-16 11:11:12 - [MESSAGE][PASSED] - Text 'Please choose the method of payment' is present on page 

2020-07-16 11:11:12 - [TEST_STEP][PASSED] - verifyElementPresent(findTestObject("Object Repository/IWP30/Page_SelectPaymentMethod/PayByCreditCard"), 30): Object 'Object Repository/IWP30/Page_SelectPaymentMethod/PayByCreditCard' is present

2020-07-16 11:11:13 - [MESSAGE][PASSED] - Object 'Object Repository/IWP30/Page_SelectPaymentMethod/PayByCreditCard' is present

2020-07-16 11:11:13 - [TEST_STEP][PASSED] - verifyElementPresent(findTestObject("Object Repository/IWP30/Page_SelectPaymentMethod/PayByCorporateCheck"), 30): Object 'Object Repository/IWP30/Page_SelectPaymentMethod/PayByCorporateCheck' is present

2020-07-16 11:11:13 - [MESSAGE][PASSED] - Object 'Object Repository/IWP30/Page_SelectPaymentMethod/PayByCorporateCheck' is present

2020-07-16 11:11:13 - [TEST_STEP][PASSED] - verifyElementPresent(findTestObject("Object Repository/IWP30/Page_SelectPaymentMethod/PayByPersonalCheck"), 30): Object 'Object Repository/IWP30/Page_SelectPaymentMethod/PayByPersonalCheck' is present

2020-07-16 11:11:13 - [MESSAGE][PASSED] - Object 'Object Repository/IWP30/Page_SelectPaymentMethod/PayByPersonalCheck' is present

2020-07-16 11:11:13 - [TEST_STEP][PASSED] - verifyElementPresent(findTestObject("Object Repository/IWP30/Page_SelectPaymentMethod/ExitButton"), 30): Object 'Object Repository/IWP30/Page_SelectPaymentMethod/ExitButton' is present

2020-07-16 11:11:14 - [MESSAGE][PASSED] - Object 'Object Repository/IWP30/Page_SelectPaymentMethod/ExitButton' is present

2020-07-16 11:11:14 - [TEST_STEP][PASSED] - if (verifyElementPresent(findTestObject("Object Repository/IWP30/Page_SelectPaymentMethod/PayByCreditCard"), 30)): null

2020-07-16 11:11:14 - [MESSAGE][PASSED] - Object 'Object Repository/IWP30/Page_SelectPaymentMethod/PayByCreditCard' is present

2020-07-16 11:11:14 - [TEST_STEP][PASSED] - println("We are on Select Payment Method page, start populating"): null

2020-07-16 11:11:14 - [TEST_STEP][PASSED] - check(findTestObject("Object Repository/IWP30/Page_SelectPaymentMethod/PayByCreditCard")): Object 'Object Repository/IWP30/Page_SelectPaymentMethod/PayByCreditCard' is checked

2020-07-16 11:11:14 - [MESSAGE][PASSED] - Object 'Object Repository/IWP30/Page_SelectPaymentMethod/PayByCreditCard' is checked

2020-07-16 11:11:14 - [TEST_STEP][PASSED] - Thread.sleep(1000): null

2020-07-16 11:11:15 - [TEST_STEP][PASSED] - click(findTestObject("Object Repository/IWP30/Page_SelectPaymentMethod/MakePaymentButton")): Object: 'Object Repository/IWP30/Page_SelectPaymentMethod/MakePaymentButton' is clicked on

2020-07-16 11:11:16 - [MESSAGE][PASSED] - Object: 'Object Repository/IWP30/Page_SelectPaymentMethod/MakePaymentButton' is clicked on

2020-07-16 11:11:16 - [TEST_STEP][PASSED] - verifyTextPresent("Required fields are highlighted with an asterisk", false): Text 'Required fields are highlighted with an asterisk' is present on page 

2020-07-16 11:11:17 - [MESSAGE][PASSED] - Text 'Required fields are highlighted with an asterisk' is present on page 

2020-07-16 11:11:17 - [TEST_STEP][PASSED] - verifyTextPresent("Please enter the following information about your payment", false): Text 'Please enter the following information about your payment' is present on page 

2020-07-16 11:11:17 - [MESSAGE][PASSED] - Text 'Please enter the following information about your payment' is present on page 

2020-07-16 11:11:17 - [TEST_STEP][PASSED] - verifyTextPresent("CAN Label", false): Text 'CAN Label' is present on page 

2020-07-16 11:11:18 - [MESSAGE][PASSED] - Text 'CAN Label' is present on page 

2020-07-16 11:11:18 - [TEST_STEP][PASSED] - verifyTextPresent("Tax Amount", false): Text 'Tax Amount' is present on page 

2020-07-16 11:11:18 - [MESSAGE][PASSED] - Text 'Tax Amount' is present on page 

2020-07-16 11:11:18 - [TEST_STEP][PASSED] - verifyTextPresent("Amount", false): Text 'Amount' is present on page 

2020-07-16 11:11:18 - [MESSAGE][PASSED] - Text 'Amount' is present on page 

2020-07-16 11:11:18 - [TEST_STEP][PASSED] - verifyTextPresent("UDF1 Label", false): Text 'UDF1 Label' is present on page 

2020-07-16 11:11:19 - [MESSAGE][PASSED] - Text 'UDF1 Label' is present on page 

2020-07-16 11:11:19 - [TEST_STEP][PASSED] - verifyTextPresent("UDF2 Label", false): Text 'UDF2 Label' is present on page 

2020-07-16 11:11:19 - [MESSAGE][PASSED] - Text 'UDF2 Label' is present on page 

2020-07-16 11:11:19 - [TEST_STEP][PASSED] - verifyTextPresent("UDF3 Label", false): Text 'UDF3 Label' is present on page 

2020-07-16 11:11:20 - [MESSAGE][PASSED] - Text 'UDF3 Label' is present on page 

2020-07-16 11:11:20 - [TEST_STEP][PASSED] - verifyTextPresent("UDF4 Label", false): Text 'UDF4 Label' is present on page 

2020-07-16 11:11:20 - [MESSAGE][PASSED] - Text 'UDF4 Label' is present on page 

2020-07-16 11:11:20 - [TEST_STEP][PASSED] - verifyTextPresent("UDF6 Label", false): Text 'UDF6 Label' is present on page 

2020-07-16 11:11:20 - [MESSAGE][PASSED] - Text 'UDF6 Label' is present on page 

2020-07-16 11:11:20 - [TEST_STEP][PASSED] - verifyTextPresent("UDF7 Label", false): Text 'UDF7 Label' is present on page 

2020-07-16 11:11:21 - [MESSAGE][PASSED] - Text 'UDF7 Label' is present on page 

2020-07-16 11:11:21 - [TEST_STEP][PASSED] - verifyTextPresent("UDF8 Label", false): Text 'UDF8 Label' is present on page 

2020-07-16 11:11:21 - [MESSAGE][PASSED] - Text 'UDF8 Label' is present on page 

2020-07-16 11:11:21 - [TEST_STEP][PASSED] - verifyTextPresent("UDF9 Label", false): Text 'UDF9 Label' is present on page 

2020-07-16 11:11:22 - [MESSAGE][PASSED] - Text 'UDF9 Label' is present on page 

2020-07-16 11:11:22 - [TEST_STEP][PASSED] - verifyTextPresent("Please enter the following information about your payment method", false): Text 'Please enter the following information about your payment method' is present on page 

2020-07-16 11:11:22 - [MESSAGE][PASSED] - Text 'Please enter the following information about your payment method' is present on page 

2020-07-16 11:11:22 - [TEST_STEP][PASSED] - verifyTextPresent("Cardholder's Name", false): Text 'Cardholder's Name' is present on page 

2020-07-16 11:11:22 - [MESSAGE][PASSED] - Text 'Cardholder's Name' is present on page 

2020-07-16 11:11:22 - [TEST_STEP][PASSED] - verifyTextPresent("Cards Accepted", false): Text 'Cards Accepted' is present on page 

2020-07-16 11:11:23 - [MESSAGE][PASSED] - Text 'Cards Accepted' is present on page 

2020-07-16 11:11:23 - [TEST_STEP][PASSED] - verifyTextPresent("Card Number", false): Text 'Card Number' is present on page 

2020-07-16 11:11:23 - [MESSAGE][PASSED] - Text 'Card Number' is present on page 

2020-07-16 11:11:23 - [TEST_STEP][PASSED] - verifyTextPresent("Signature Panel Code", false): Text 'Signature Panel Code' is present on page 

2020-07-16 11:11:24 - [MESSAGE][PASSED] - Text 'Signature Panel Code' is present on page 

2020-07-16 11:11:24 - [TEST_STEP][PASSED] - verifyTextPresent("Expiration Date", false): Text 'Expiration Date' is present on page 

2020-07-16 11:11:24 - [MESSAGE][PASSED] - Text 'Expiration Date' is present on page 

2020-07-16 11:11:24 - [TEST_STEP][PASSED] - verifyTextPresent("Payment Date", false): Text 'Payment Date' is present on page 

2020-07-16 11:11:24 - [MESSAGE][PASSED] - Text 'Payment Date' is present on page 

2020-07-16 11:11:24 - [TEST_STEP][PASSED] - verifyTextPresent("Billing information", false): Text 'Billing information' is present on page 

2020-07-16 11:11:25 - [MESSAGE][PASSED] - Text 'Billing information' is present on page 

2020-07-16 11:11:25 - [TEST_STEP][PASSED] - verifyTextPresent("Address Line 1", false): Text 'Address Line 1' is present on page 

2020-07-16 11:11:25 - [MESSAGE][PASSED] - Text 'Address Line 1' is present on page 

2020-07-16 11:11:25 - [TEST_STEP][PASSED] - verifyTextPresent("Address Line 2", false): Text 'Address Line 2' is present on page 

2020-07-16 11:11:26 - [MESSAGE][PASSED] - Text 'Address Line 2' is present on page 

2020-07-16 11:11:26 - [TEST_STEP][PASSED] - verifyTextPresent("Country", false): Text 'Country' is present on page 

2020-07-16 11:11:26 - [MESSAGE][PASSED] - Text 'Country' is present on page 

2020-07-16 11:11:26 - [TEST_STEP][PASSED] - verifyTextPresent("ZIP Code", false): Text 'ZIP Code' is present on page 

2020-07-16 11:11:26 - [MESSAGE][PASSED] - Text 'ZIP Code' is present on page 

2020-07-16 11:11:26 - [TEST_STEP][PASSED] - verifyTextPresent("City", false): Text 'City' is present on page 

2020-07-16 11:11:27 - [MESSAGE][PASSED] - Text 'City' is present on page 

2020-07-16 11:11:27 - [TEST_STEP][PASSED] - verifyTextPresent("State", false): Text 'State' is present on page 

2020-07-16 11:11:27 - [MESSAGE][PASSED] - Text 'State' is present on page 

2020-07-16 11:11:27 - [TEST_STEP][PASSED] - verifyTextPresent("Receipt information", false): Text 'Receipt information' is present on page 

2020-07-16 11:11:28 - [MESSAGE][PASSED] - Text 'Receipt information' is present on page 

2020-07-16 11:11:28 - [TEST_STEP][PASSED] - verifyTextPresent("Email Address", false): Text 'Email Address' is present on page 

2020-07-16 11:11:28 - [MESSAGE][PASSED] - Text 'Email Address' is present on page 

2020-07-16 11:11:28 - [TEST_STEP][PASSED] - verifyTextPresent("Please check here to store the payment method for future use", false): Text 'Please check here to store the payment method for future use' is present on page 

2020-07-16 11:11:28 - [MESSAGE][PASSED] - Text 'Please check here to store the payment method for future use' is present on page 

2020-07-16 11:11:28 - [TEST_STEP][PASSED] - verifyTextPresent("These are Customer CC Terms", false): Text 'These are Customer CC Terms' is present on page 

2020-07-16 11:11:29 - [MESSAGE][PASSED] - Text 'These are Customer CC Terms' is present on page 

2020-07-16 11:11:29 - [TEST_STEP][PASSED] - verifyTextPresent("These are CC Custom HTML", false): Text 'These are CC Custom HTML' is present on page 

2020-07-16 11:11:29 - [MESSAGE][PASSED] - Text 'These are CC Custom HTML' is present on page 

2020-07-16 11:11:29 - [TEST_STEP][PASSED] - verifyTextPresent("54654701", false): Text '54654701' is present on page 

2020-07-16 11:11:30 - [MESSAGE][PASSED] - Text '54654701' is present on page 

2020-07-16 11:11:30 - [TEST_STEP][PASSED] - verifyTextPresent("data 4", false): Text 'data 4' is present on page 

2020-07-16 11:11:30 - [MESSAGE][PASSED] - Text 'data 4' is present on page 

2020-07-16 11:11:30 - [TEST_STEP][PASSED] - verifyTextPresent("data 6", false): Text 'data 6' is present on page 

2020-07-16 11:11:30 - [MESSAGE][PASSED] - Text 'data 6' is present on page 

2020-07-16 11:11:30 - [TEST_STEP][PASSED] - verifyTextPresent("data 9", false): Text 'data 9' is present on page 

2020-07-16 11:11:31 - [MESSAGE][PASSED] - Text 'data 9' is present on page 

2020-07-16 11:11:31 - [TEST_STEP][PASSED] - verifyTextNotPresent("UDF5 Label", false): Text 'UDF5 Label' is not present on page

2020-07-16 11:11:31 - [MESSAGE][PASSED] - Text 'UDF5 Label' is not present on page

2020-07-16 11:11:31 - [TEST_STEP][PASSED] - verifyTextNotPresent("UDF10 Label", false): Text 'UDF10 Label' is not present on page

2020-07-16 11:11:32 - [MESSAGE][PASSED] - Text 'UDF10 Label' is not present on page

2020-07-16 11:11:32 - [TEST_STEP][PASSED] - verifyElementPresent(findTestObject("Object Repository/IWP30/Page_CCPaymentEntry/Amount"), 30): Object 'Object Repository/IWP30/Page_CCPaymentEntry/Amount' is present

2020-07-16 11:11:32 - [MESSAGE][PASSED] - Object 'Object Repository/IWP30/Page_CCPaymentEntry/Amount' is present

2020-07-16 11:11:32 - [TEST_STEP][PASSED] - verifyElementPresent(findTestObject("Object Repository/IWP30/Page_CCPaymentEntry/UserDefined2"), 30): Object 'Object Repository/IWP30/Page_CCPaymentEntry/UserDefined2' is present

2020-07-16 11:11:32 - [MESSAGE][PASSED] - Object 'Object Repository/IWP30/Page_CCPaymentEntry/UserDefined2' is present

2020-07-16 11:11:32 - [TEST_STEP][PASSED] - verifyElementPresent(findTestObject("Object Repository/IWP30/Page_CCPaymentEntry/UserDefined3"), 30): Object 'Object Repository/IWP30/Page_CCPaymentEntry/UserDefined3' is present

2020-07-16 11:11:33 - [MESSAGE][PASSED] - Object 'Object Repository/IWP30/Page_CCPaymentEntry/UserDefined3' is present

2020-07-16 11:11:33 - [TEST_STEP][PASSED] - verifyElementPresent(findTestObject("Object Repository/IWP30/Page_CCPaymentEntry/UserDefined7"), 30): Object 'Object Repository/IWP30/Page_CCPaymentEntry/UserDefined7' is present

2020-07-16 11:11:33 - [MESSAGE][PASSED] - Object 'Object Repository/IWP30/Page_CCPaymentEntry/UserDefined7' is present

2020-07-16 11:11:33 - [TEST_STEP][PASSED] - verifyElementPresent(findTestObject("Object Repository/IWP30/Page_CCPaymentEntry/UserDefined8"), 30): Object 'Object Repository/IWP30/Page_CCPaymentEntry/UserDefined8' is present

2020-07-16 11:11:33 - [MESSAGE][PASSED] - Object 'Object Repository/IWP30/Page_CCPaymentEntry/UserDefined8' is present

2020-07-16 11:11:33 - [TEST_STEP][PASSED] - verifyElementPresent(findTestObject("Object Repository/IWP30/Page_CCPaymentEntry/Name"), 30): Object 'Object Repository/IWP30/Page_CCPaymentEntry/Name' is present

2020-07-16 11:11:34 - [MESSAGE][PASSED] - Object 'Object Repository/IWP30/Page_CCPaymentEntry/Name' is present

2020-07-16 11:11:34 - [TEST_STEP][PASSED] - verifyElementPresent(findTestObject("Object Repository/IWP30/Page_CCPaymentEntry/CardNumber"), 30): Object 'Object Repository/IWP30/Page_CCPaymentEntry/CardNumber' is present

2020-07-16 11:11:34 - [MESSAGE][PASSED] - Object 'Object Repository/IWP30/Page_CCPaymentEntry/CardNumber' is present

2020-07-16 11:11:34 - [TEST_STEP][PASSED] - verifyElementPresent(findTestObject("Object Repository/IWP30/Page_CCPaymentEntry/SPC"), 30): Object 'Object Repository/IWP30/Page_CCPaymentEntry/SPC' is present

2020-07-16 11:11:34 - [MESSAGE][PASSED] - Object 'Object Repository/IWP30/Page_CCPaymentEntry/SPC' is present

2020-07-16 11:11:34 - [TEST_STEP][PASSED] - verifyElementPresent(findTestObject("Object Repository/IWP30/Page_CCPaymentEntry/Month"), 30): Object 'Object Repository/IWP30/Page_CCPaymentEntry/Month' is present

2020-07-16 11:11:34 - [MESSAGE][PASSED] - Object 'Object Repository/IWP30/Page_CCPaymentEntry/Month' is present

2020-07-16 11:11:34 - [TEST_STEP][PASSED] - verifyElementPresent(findTestObject("Object Repository/IWP30/Page_CCPaymentEntry/Year"), 30): Object 'Object Repository/IWP30/Page_CCPaymentEntry/Year' is present

2020-07-16 11:11:35 - [MESSAGE][PASSED] - Object 'Object Repository/IWP30/Page_CCPaymentEntry/Year' is present

2020-07-16 11:11:35 - [TEST_STEP][PASSED] - verifyElementPresent(findTestObject("Object Repository/IWP30/Page_CCPaymentEntry/ProcessDate"), 30): Object 'Object Repository/IWP30/Page_CCPaymentEntry/ProcessDate' is present

2020-07-16 11:11:35 - [MESSAGE][PASSED] - Object 'Object Repository/IWP30/Page_CCPaymentEntry/ProcessDate' is present

2020-07-16 11:11:35 - [TEST_STEP][PASSED] - verifyElementPresent(findTestObject("Object Repository/IWP30/Page_CCPaymentEntry/AL1"), 30): Object 'Object Repository/IWP30/Page_CCPaymentEntry/AL1' is present

2020-07-16 11:11:35 - [MESSAGE][PASSED] - Object 'Object Repository/IWP30/Page_CCPaymentEntry/AL1' is present

2020-07-16 11:11:35 - [TEST_STEP][PASSED] - verifyElementPresent(findTestObject("Object Repository/IWP30/Page_CCPaymentEntry/AL2"), 30): Object 'Object Repository/IWP30/Page_CCPaymentEntry/AL2' is present

2020-07-16 11:11:36 - [MESSAGE][PASSED] - Object 'Object Repository/IWP30/Page_CCPaymentEntry/AL2' is present

2020-07-16 11:11:36 - [TEST_STEP][PASSED] - verifyElementPresent(findTestObject("Object Repository/IWP30/Page_CCPaymentEntry/CountryDropDown"), 30): Object 'Object Repository/IWP30/Page_CCPaymentEntry/CountryDropDown' is present

2020-07-16 11:11:36 - [MESSAGE][PASSED] - Object 'Object Repository/IWP30/Page_CCPaymentEntry/CountryDropDown' is present

2020-07-16 11:11:36 - [TEST_STEP][PASSED] - verifyElementPresent(findTestObject("Object Repository/IWP30/Page_CCPaymentEntry/ZIP"), 30): Object 'Object Repository/IWP30/Page_CCPaymentEntry/ZIP' is present

2020-07-16 11:11:36 - [MESSAGE][PASSED] - Object 'Object Repository/IWP30/Page_CCPaymentEntry/ZIP' is present

2020-07-16 11:11:36 - [TEST_STEP][PASSED] - verifyElementPresent(findTestObject("Object Repository/IWP30/Page_CCPaymentEntry/City"), 30): Object 'Object Repository/IWP30/Page_CCPaymentEntry/City' is present

2020-07-16 11:11:37 - [MESSAGE][PASSED] - Object 'Object Repository/IWP30/Page_CCPaymentEntry/City' is present

2020-07-16 11:11:37 - [TEST_STEP][PASSED] - verifyElementPresent(findTestObject("Object Repository/IWP30/Page_CCPaymentEntry/State"), 30): Object 'Object Repository/IWP30/Page_CCPaymentEntry/State' is present

2020-07-16 11:11:37 - [MESSAGE][PASSED] - Object 'Object Repository/IWP30/Page_CCPaymentEntry/State' is present

2020-07-16 11:11:37 - [TEST_STEP][PASSED] - verifyElementPresent(findTestObject("Object Repository/IWP30/Page_CCPaymentEntry/EmailAddress"), 30): Object 'Object Repository/IWP30/Page_CCPaymentEntry/EmailAddress' is present

2020-07-16 11:11:37 - [MESSAGE][PASSED] - Object 'Object Repository/IWP30/Page_CCPaymentEntry/EmailAddress' is present

2020-07-16 11:11:37 - [TEST_STEP][PASSED] - verifyElementPresent(findTestObject("Object Repository/IWP30/Page_CCPaymentEntry/StorePaymentMethodCheckBox"), 30): Object 'Object Repository/IWP30/Page_CCPaymentEntry/StorePaymentMethodCheckBox' is present

2020-07-16 11:11:38 - [MESSAGE][PASSED] - Object 'Object Repository/IWP30/Page_CCPaymentEntry/StorePaymentMethodCheckBox' is present

2020-07-16 11:11:38 - [TEST_STEP][PASSED] - verifyElementPresent(findTestObject("Object Repository/IWP30/Page_CCPaymentEntry/TermCondCheckBox"), 30): Object 'Object Repository/IWP30/Page_CCPaymentEntry/TermCondCheckBox' is present

2020-07-16 11:11:38 - [MESSAGE][PASSED] - Object 'Object Repository/IWP30/Page_CCPaymentEntry/TermCondCheckBox' is present

2020-07-16 11:11:38 - [TEST_STEP][PASSED] - verifyElementPresent(findTestObject("Object Repository/IWP30/Page_CCPaymentEntry/ContinueButton"), 30): Object 'Object Repository/IWP30/Page_CCPaymentEntry/ContinueButton' is present

2020-07-16 11:11:38 - [MESSAGE][PASSED] - Object 'Object Repository/IWP30/Page_CCPaymentEntry/ContinueButton' is present

2020-07-16 11:11:38 - [TEST_STEP][PASSED] - verifyElementPresent(findTestObject("Object Repository/IWP30/Page_CCPaymentEntry/ChangePaymentMethodButton"), 30): Object 'Object Repository/IWP30/Page_CCPaymentEntry/ChangePaymentMethodButton' is present

2020-07-16 11:11:38 - [MESSAGE][PASSED] - Object 'Object Repository/IWP30/Page_CCPaymentEntry/ChangePaymentMethodButton' is present

2020-07-16 11:11:38 - [TEST_STEP][PASSED] - verifyElementPresent(findTestObject("Object Repository/IWP30/Page_CCPaymentEntry/ExitButton"), 30): Object 'Object Repository/IWP30/Page_CCPaymentEntry/ExitButton' is present

2020-07-16 11:11:39 - [MESSAGE][PASSED] - Object 'Object Repository/IWP30/Page_CCPaymentEntry/ExitButton' is present

2020-07-16 11:11:39 - [TEST_STEP][PASSED] - iwpPages.ccPaymentEntryPage.setDataCCPM(row, dataFile): iwpPages.ccPaymentEntryPage.setDataCCPM is PASSED

2020-07-16 11:11:39 - [MESSAGE][PASSED] - Object 'Object Repository/IWP30/Page_CCPaymentEntry/Name' is present

2020-07-16 11:11:40 - [MESSAGE][PASSED] - Object 'Object Repository/IWP30/Page_CCPaymentEntry/Amount' is present

2020-07-16 11:11:40 - [MESSAGE][PASSED] - Text '99.50' is set on object 'Object Repository/IWP30/Page_CCPaymentEntry/Amount'

2020-07-16 11:11:41 - [MESSAGE][PASSED] - Object 'Object Repository/IWP30/Page_CCPaymentEntry/UserDefined2' is present

2020-07-16 11:11:41 - [MESSAGE][PASSED] - Text 'Newton' is set on object 'Object Repository/IWP30/Page_CCPaymentEntry/UserDefined2'

2020-07-16 11:11:42 - [MESSAGE][PASSED] - Object 'Object Repository/IWP30/Page_CCPaymentEntry/UserDefined3' is present

2020-07-16 11:11:42 - [MESSAGE][PASSED] - Text 'Stree' is set on object 'Object Repository/IWP30/Page_CCPaymentEntry/UserDefined3'

2020-07-16 11:11:43 - [MESSAGE][PASSED] - Object 'Object Repository/IWP30/Page_CCPaymentEntry/UserDefined7' is present

2020-07-16 11:11:43 - [MESSAGE][PASSED] - All options with label 'Purple' are selected in object 'Object Repository/IWP30/Page_CCPaymentEntry/UserDefined7' 

2020-07-16 11:11:44 - [MESSAGE][PASSED] - Object 'Object Repository/IWP30/Page_CCPaymentEntry/UserDefined8' is present

2020-07-16 11:11:44 - [MESSAGE][PASSED] - All options with label 'Soccer' are selected in object 'Object Repository/IWP30/Page_CCPaymentEntry/UserDefined8' 

2020-07-16 11:11:45 - [MESSAGE][PASSED] - Object 'Object Repository/IWP30/Page_CCPaymentEntry/Name' is present

2020-07-16 11:11:45 - [MESSAGE][PASSED] - Text 'Raj Kumar Rao' is set on object 'Object Repository/IWP30/Page_CCPaymentEntry/Name'

2020-07-16 11:11:46 - [MESSAGE][PASSED] - Object 'Object Repository/IWP30/Page_CCPaymentEntry/CardNumber' is present

2020-07-16 11:11:46 - [MESSAGE][PASSED] - Text '6011000000000004' is set on object 'Object Repository/IWP30/Page_CCPaymentEntry/CardNumber'

2020-07-16 11:11:47 - [MESSAGE][PASSED] - Object 'Object Repository/IWP30/Page_CCPaymentEntry/SPC' is present

2020-07-16 11:11:47 - [MESSAGE][PASSED] - Text '358' is set on object 'Object Repository/IWP30/Page_CCPaymentEntry/SPC'

2020-07-16 11:11:48 - [MESSAGE][PASSED] - Object 'Object Repository/IWP30/Page_CCPaymentEntry/Month' is present

2020-07-16 11:11:49 - [MESSAGE][PASSED] - All options with label '02' are selected in object 'Object Repository/IWP30/Page_CCPaymentEntry/Month' 

2020-07-16 11:11:49 - [MESSAGE][PASSED] - Object 'Object Repository/IWP30/Page_CCPaymentEntry/Year' is present

2020-07-16 11:11:49 - [MESSAGE][PASSED] - All options with label '2028' are selected in object 'Object Repository/IWP30/Page_CCPaymentEntry/Year' 

2020-07-16 11:11:50 - [MESSAGE][PASSED] - Object 'Object Repository/IWP30/Page_CCPaymentEntry/ProcessDate' is present

2020-07-16 11:11:50 - [MESSAGE][PASSED] - Object 'Object Repository/IWP30/Page_CCPaymentEntry/AL1' is present

2020-07-16 11:11:51 - [MESSAGE][PASSED] - Text '654 Kali terrace' is set on object 'Object Repository/IWP30/Page_CCPaymentEntry/AL1'

2020-07-16 11:11:51 - [MESSAGE][PASSED] - Object 'Object Repository/IWP30/Page_CCPaymentEntry/AL2' is present

2020-07-16 11:11:52 - [MESSAGE][PASSED] - Text 'Suite 159' is set on object 'Object Repository/IWP30/Page_CCPaymentEntry/AL2'

2020-07-16 11:11:52 - [MESSAGE][PASSED] - Object 'Object Repository/IWP30/Page_CCPaymentEntry/ZIP' is present

2020-07-16 11:11:53 - [MESSAGE][PASSED] - Text '21114' is set on object 'Object Repository/IWP30/Page_CCPaymentEntry/ZIP'

2020-07-16 11:11:53 - [MESSAGE][PASSED] - Object 'Object Repository/IWP30/Page_CCPaymentEntry/EmailAddress' is present

2020-07-16 11:11:54 - [MESSAGE][PASSED] - Text 'koiho@gmail.com' is set on object 'Object Repository/IWP30/Page_CCPaymentEntry/EmailAddress'

2020-07-16 11:11:54 - [MESSAGE][PASSED] - Object 'Object Repository/IWP30/Page_CCPaymentEntry/TermCondCheckBox' is present

2020-07-16 11:11:55 - [MESSAGE][PASSED] - Object 'Object Repository/IWP30/Page_CCPaymentEntry/TermCondCheckBox' is checked

2020-07-16 11:11:55 - [MESSAGE][PASSED] - Object 'Object Repository/IWP30/Page_CCPaymentEntry/ContinueButton' is present

2020-07-16 11:11:56 - [MESSAGE][PASSED] - Object: 'Object Repository/IWP30/Page_CCPaymentEntry/ContinueButton' is clicked on

2020-07-16 11:11:56 - [MESSAGE][PASSED] - iwpPages.ccPaymentEntryPage.setDataCCPM is PASSED

2020-07-16 11:11:56 - [TEST_STEP][PASSED] - Amount = findTestData("VerifyUINoCFCCTestData").getValue("CCAmount", row): null

2020-07-16 11:11:56 - [TEST_STEP][PASSED] - UDF2 = findTestData("VerifyUINoCFCCTestData").getValue("CCUDF2", row): null

2020-07-16 11:11:56 - [TEST_STEP][PASSED] - UDF3 = findTestData("VerifyUINoCFCCTestData").getValue("CCUDF3", row): null

2020-07-16 11:11:56 - [TEST_STEP][PASSED] - UDF7 = findTestData("VerifyUINoCFCCTestData").getValue("CCUDF7", row): null

2020-07-16 11:11:56 - [TEST_STEP][PASSED] - UDF8 = findTestData("VerifyUINoCFCCTestData").getValue("CCUDF8", row): null

2020-07-16 11:11:56 - [TEST_STEP][PASSED] - CName = findTestData("VerifyUINoCFCCTestData").getValue("CCName", row): null

2020-07-16 11:11:56 - [TEST_STEP][PASSED] - CardType = findTestData("VerifyUINoCFCCTestData").getValue("VerCardType", row): null

2020-07-16 11:11:56 - [TEST_STEP][PASSED] - Last4 = findTestData("VerifyUINoCFCCTestData").getValue("VerLast4", row): null

2020-07-16 11:11:56 - [TEST_STEP][PASSED] - CExp = findTestData("VerifyUINoCFCCTestData").getValue("VerExp", row): null

2020-07-16 11:11:56 - [TEST_STEP][PASSED] - AL1 = findTestData("VerifyUINoCFCCTestData").getValue("CCAL1", row): null

2020-07-16 11:11:56 - [TEST_STEP][PASSED] - AL2 = findTestData("VerifyUINoCFCCTestData").getValue("CCAL2", row): null

2020-07-16 11:11:56 - [TEST_STEP][PASSED] - City = findTestData("VerifyUINoCFCCTestData").getValue("VerCity", row): null

2020-07-16 11:11:56 - [TEST_STEP][PASSED] - State = findTestData("VerifyUINoCFCCTestData").getValue("VerState", row): null

2020-07-16 11:11:56 - [TEST_STEP][PASSED] - CZIP = findTestData("VerifyUINoCFCCTestData").getValue("CCZIP", row): null

2020-07-16 11:11:56 - [TEST_STEP][PASSED] - Email = findTestData("VerifyUINoCFCCTestData").getValue("CCEmail", row): null

2020-07-16 11:11:56 - [TEST_STEP][PASSED] - State2 = findTestData("VerifyUINoCFCCTestData").getValue("VerState2", row): null

2020-07-16 11:11:56 - [TEST_STEP][PASSED] - verifyTextPresent("Please verify the following information", false): Text 'Please verify the following information' is present on page 

2020-07-16 11:11:57 - [MESSAGE][PASSED] - Text 'Please verify the following information' is present on page 

2020-07-16 11:11:57 - [TEST_STEP][PASSED] - verifyTextPresent("CAN Label", false): Text 'CAN Label' is present on page 

2020-07-16 11:11:57 - [MESSAGE][PASSED] - Text 'CAN Label' is present on page 

2020-07-16 11:11:57 - [TEST_STEP][PASSED] - verifyTextPresent("54654701", false): Text '54654701' is present on page 

2020-07-16 11:11:57 - [MESSAGE][PASSED] - Text '54654701' is present on page 

2020-07-16 11:11:57 - [TEST_STEP][PASSED] - verifyTextPresent("Tax Amount", false): Text 'Tax Amount' is present on page 

2020-07-16 11:11:58 - [MESSAGE][PASSED] - Text 'Tax Amount' is present on page 

2020-07-16 11:11:58 - [TEST_STEP][PASSED] - verifyTextPresent("$0.00", false): Text '$0.00' is present on page 

2020-07-16 11:11:58 - [MESSAGE][PASSED] - Text '$0.00' is present on page 

2020-07-16 11:11:58 - [TEST_STEP][PASSED] - verifyTextPresent("Amount", false): Text 'Amount' is present on page 

2020-07-16 11:11:58 - [MESSAGE][PASSED] - Text 'Amount' is present on page 

2020-07-16 11:11:58 - [TEST_STEP][PASSED] - verifyTextPresent(Amount, false): Text '99.50' is present on page 

2020-07-16 11:11:59 - [MESSAGE][PASSED] - Text '99.50' is present on page 

2020-07-16 11:11:59 - [TEST_STEP][PASSED] - verifyTextPresent("UDF2 Label", false): Text 'UDF2 Label' is present on page 

2020-07-16 11:11:59 - [MESSAGE][PASSED] - Text 'UDF2 Label' is present on page 

2020-07-16 11:11:59 - [TEST_STEP][PASSED] - verifyTextPresent(UDF2, false): Text 'Newton' is present on page 

2020-07-16 11:11:59 - [MESSAGE][PASSED] - Text 'Newton' is present on page 

2020-07-16 11:11:59 - [TEST_STEP][PASSED] - verifyTextPresent("UDF3 Label", false): Text 'UDF3 Label' is present on page 

2020-07-16 11:12:00 - [MESSAGE][PASSED] - Text 'UDF3 Label' is present on page 

2020-07-16 11:12:00 - [TEST_STEP][PASSED] - verifyTextPresent(UDF3, false): Text 'Stree' is present on page 

2020-07-16 11:12:00 - [MESSAGE][PASSED] - Text 'Stree' is present on page 

2020-07-16 11:12:00 - [TEST_STEP][PASSED] - verifyTextPresent("UDF4 Label", false): Text 'UDF4 Label' is present on page 

2020-07-16 11:12:00 - [MESSAGE][PASSED] - Text 'UDF4 Label' is present on page 

2020-07-16 11:12:00 - [TEST_STEP][PASSED] - verifyTextPresent("data 4", false): Text 'data 4' is present on page 

2020-07-16 11:12:01 - [MESSAGE][PASSED] - Text 'data 4' is present on page 

2020-07-16 11:12:01 - [TEST_STEP][PASSED] - verifyTextPresent("UDF6 Label", false): Text 'UDF6 Label' is present on page 

2020-07-16 11:12:01 - [MESSAGE][PASSED] - Text 'UDF6 Label' is present on page 

2020-07-16 11:12:01 - [TEST_STEP][PASSED] - verifyTextPresent("data 6", false): Text 'data 6' is present on page 

2020-07-16 11:12:01 - [MESSAGE][PASSED] - Text 'data 6' is present on page 

2020-07-16 11:12:01 - [TEST_STEP][PASSED] - verifyTextPresent("UDF7 Label", false): Text 'UDF7 Label' is present on page 

2020-07-16 11:12:02 - [MESSAGE][PASSED] - Text 'UDF7 Label' is present on page 

2020-07-16 11:12:02 - [TEST_STEP][PASSED] - verifyTextPresent(UDF7, false): Text 'Purple' is present on page 

2020-07-16 11:12:02 - [MESSAGE][PASSED] - Text 'Purple' is present on page 

2020-07-16 11:12:02 - [TEST_STEP][PASSED] - verifyTextPresent("UDF8 Label", false): Text 'UDF8 Label' is present on page 

2020-07-16 11:12:02 - [MESSAGE][PASSED] - Text 'UDF8 Label' is present on page 

2020-07-16 11:12:02 - [TEST_STEP][PASSED] - verifyTextPresent(UDF8, false): Text 'Soccer' is present on page 

2020-07-16 11:12:03 - [MESSAGE][PASSED] - Text 'Soccer' is present on page 

2020-07-16 11:12:03 - [TEST_STEP][PASSED] - verifyTextPresent("UDF9 Label", false): Text 'UDF9 Label' is present on page 

2020-07-16 11:12:03 - [MESSAGE][PASSED] - Text 'UDF9 Label' is present on page 

2020-07-16 11:12:03 - [TEST_STEP][PASSED] - verifyTextPresent("data 9", false): Text 'data 9' is present on page 

2020-07-16 11:12:03 - [MESSAGE][PASSED] - Text 'data 9' is present on page 

2020-07-16 11:12:03 - [TEST_STEP][PASSED] - verifyTextPresent("Card information", false): Text 'Card information' is present on page 

2020-07-16 11:12:04 - [MESSAGE][PASSED] - Text 'Card information' is present on page 

2020-07-16 11:12:04 - [TEST_STEP][PASSED] - verifyTextPresent("Cardholder's Name", false): Text 'Cardholder's Name' is present on page 

2020-07-16 11:12:04 - [MESSAGE][PASSED] - Text 'Cardholder's Name' is present on page 

2020-07-16 11:12:04 - [TEST_STEP][PASSED] - verifyTextPresent(CName, false): Text 'Raj Kumar Rao' is present on page 

2020-07-16 11:12:04 - [MESSAGE][PASSED] - Text 'Raj Kumar Rao' is present on page 

2020-07-16 11:12:04 - [TEST_STEP][PASSED] - verifyTextPresent("Card Type", false): Text 'Card Type' is present on page 

2020-07-16 11:12:05 - [MESSAGE][PASSED] - Text 'Card Type' is present on page 

2020-07-16 11:12:05 - [TEST_STEP][PASSED] - verifyTextPresent(CardType, false): Text 'Discover' is present on page 

2020-07-16 11:12:05 - [MESSAGE][PASSED] - Text 'Discover' is present on page 

2020-07-16 11:12:05 - [TEST_STEP][PASSED] - verifyTextPresent("Card Number", false): Text 'Card Number' is present on page 

2020-07-16 11:12:05 - [MESSAGE][PASSED] - Text 'Card Number' is present on page 

2020-07-16 11:12:05 - [TEST_STEP][PASSED] - verifyTextPresent(Last4, false): Text '0004' is present on page 

2020-07-16 11:12:06 - [MESSAGE][PASSED] - Text '0004' is present on page 

2020-07-16 11:12:06 - [TEST_STEP][PASSED] - verifyTextPresent("Signature Panel Code", false): Text 'Signature Panel Code' is present on page 

2020-07-16 11:12:06 - [MESSAGE][PASSED] - Text 'Signature Panel Code' is present on page 

2020-07-16 11:12:06 - [TEST_STEP][PASSED] - verifyTextPresent("Expiration Date", false): Text 'Expiration Date' is present on page 

2020-07-16 11:12:06 - [MESSAGE][PASSED] - Text 'Expiration Date' is present on page 

2020-07-16 11:12:06 - [TEST_STEP][PASSED] - verifyTextPresent(CExp, false): Text '2/2028' is present on page 

2020-07-16 11:12:07 - [MESSAGE][PASSED] - Text '2/2028' is present on page 

2020-07-16 11:12:07 - [TEST_STEP][PASSED] - verifyTextPresent("Payment Date", false): Text 'Payment Date' is present on page 

2020-07-16 11:12:07 - [MESSAGE][PASSED] - Text 'Payment Date' is present on page 

2020-07-16 11:12:07 - [TEST_STEP][PASSED] - verifyTextPresent("Billing information", false): Text 'Billing information' is present on page 

2020-07-16 11:12:07 - [MESSAGE][PASSED] - Text 'Billing information' is present on page 

2020-07-16 11:12:07 - [TEST_STEP][PASSED] - verifyTextPresent("Address Line 1", false): Text 'Address Line 1' is present on page 

2020-07-16 11:12:08 - [MESSAGE][PASSED] - Text 'Address Line 1' is present on page 

2020-07-16 11:12:08 - [TEST_STEP][PASSED] - verifyTextPresent(AL1, false): Text '654 Kali terrace' is present on page 

2020-07-16 11:12:08 - [MESSAGE][PASSED] - Text '654 Kali terrace' is present on page 

2020-07-16 11:12:08 - [TEST_STEP][PASSED] - verifyTextPresent("Address Line 2", false): Text 'Address Line 2' is present on page 

2020-07-16 11:12:08 - [MESSAGE][PASSED] - Text 'Address Line 2' is present on page 

2020-07-16 11:12:08 - [TEST_STEP][PASSED] - verifyTextPresent(AL2, false): Text 'Suite 159' is present on page 

2020-07-16 11:12:09 - [MESSAGE][PASSED] - Text 'Suite 159' is present on page 

2020-07-16 11:12:09 - [TEST_STEP][PASSED] - verifyTextPresent("Country", false): Text 'Country' is present on page 

2020-07-16 11:12:09 - [MESSAGE][PASSED] - Text 'Country' is present on page 

2020-07-16 11:12:09 - [TEST_STEP][PASSED] - verifyTextPresent("United States", false): Text 'United States' is present on page 

2020-07-16 11:12:09 - [MESSAGE][PASSED] - Text 'United States' is present on page 

2020-07-16 11:12:09 - [TEST_STEP][PASSED] - verifyTextPresent("City", false): Text 'City' is present on page 

2020-07-16 11:12:10 - [MESSAGE][PASSED] - Text 'City' is present on page 

2020-07-16 11:12:10 - [TEST_STEP][FAILED] - verifyTextPresent(City, false): Text 'SEVERN' is not present on page  (Root cause: com.kms.katalon.core.exception.StepFailedException: Text 'SEVERN' is not present on page 
	at com.kms.katalon.core.webui.keyword.internal.WebUIKeywordMain.stepFailed(WebUIKeywordMain.groovy:64)
	at com.kms.katalon.core.webui.keyword.builtin.VerifyTextPresentKeyword$_verifyTextPresent_closure1.doCall(VerifyTextPresentKeyword.groovy:79)
	at com.kms.katalon.core.webui.keyword.builtin.VerifyTextPresentKeyword$_verifyTextPresent_closure1.call(VerifyTextPresentKeyword.groovy)
	at com.kms.katalon.core.webui.keyword.internal.WebUIKeywordMain.runKeyword(WebUIKeywordMain.groovy:20)
	at com.kms.katalon.core.webui.keyword.builtin.VerifyTextPresentKeyword.verifyTextPresent(VerifyTextPresentKeyword.groovy:83)
	at com.kms.katalon.core.webui.keyword.builtin.VerifyTextPresentKeyword.execute(VerifyTextPresentKeyword.groovy:68)
	at com.kms.katalon.core.keyword.internal.KeywordExecutor.executeKeywordForPlatform(KeywordExecutor.groovy:72)
	at com.kms.katalon.core.webui.keyword.WebUiBuiltInKeywords.verifyTextPresent(WebUiBuiltInKeywords.groovy:1719)
	at com.kms.katalon.core.webui.keyword.WebUiBuiltInKeywords$verifyTextPresent$6.call(Unknown Source)
	at VerifyUINoCFCC.run(VerifyUINoCFCC:254)
	at com.kms.katalon.core.main.ScriptEngine.run(ScriptEngine.java:194)
	at com.kms.katalon.core.main.ScriptEngine.runScriptAsRawText(ScriptEngine.java:119)
	at com.kms.katalon.core.main.TestCaseExecutor.runScript(TestCaseExecutor.java:337)
	at com.kms.katalon.core.main.TestCaseExecutor.doExecute(TestCaseExecutor.java:328)
	at com.kms.katalon.core.main.TestCaseExecutor.processExecutionPhase(TestCaseExecutor.java:307)
	at com.kms.katalon.core.main.TestCaseExecutor.accessMainPhase(TestCaseExecutor.java:299)
	at com.kms.katalon.core.main.TestCaseExecutor.execute(TestCaseExecutor.java:233)
	at com.kms.katalon.core.main.TestSuiteExecutor.accessTestCaseMainPhase(TestSuiteExecutor.java:169)
	at com.kms.katalon.core.main.TestSuiteExecutor.accessTestSuiteMainPhase(TestSuiteExecutor.java:142)
	at com.kms.katalon.core.main.TestSuiteExecutor.execute(TestSuiteExecutor.java:91)
	at com.kms.katalon.core.main.TestCaseMain.startTestSuite(TestCaseMain.java:157)
	at com.kms.katalon.core.main.TestCaseMain$startTestSuite$0.call(Unknown Source)
	at TempTestSuite1594911837370.run(TempTestSuite1594911837370.groovy:37)
)

2020-07-16 11:12:10 - [MESSAGE][FAILED] - Text 'SEVERN' is not present on page  (Root cause: com.kms.katalon.core.exception.StepFailedException: Text 'SEVERN' is not present on page 
	at com.kms.katalon.core.webui.keyword.internal.WebUIKeywordMain.stepFailed(WebUIKeywordMain.groovy:64)
	at com.kms.katalon.core.webui.keyword.builtin.VerifyTextPresentKeyword$_verifyTextPresent_closure1.doCall(VerifyTextPresentKeyword.groovy:79)
	at com.kms.katalon.core.webui.keyword.builtin.VerifyTextPresentKeyword$_verifyTextPresent_closure1.call(VerifyTextPresentKeyword.groovy)
	at com.kms.katalon.core.webui.keyword.internal.WebUIKeywordMain.runKeyword(WebUIKeywordMain.groovy:20)
	at com.kms.katalon.core.webui.keyword.builtin.VerifyTextPresentKeyword.verifyTextPresent(VerifyTextPresentKeyword.groovy:83)
	at com.kms.katalon.core.webui.keyword.builtin.VerifyTextPresentKeyword.execute(VerifyTextPresentKeyword.groovy:68)
	at com.kms.katalon.core.keyword.internal.KeywordExecutor.executeKeywordForPlatform(KeywordExecutor.groovy:72)
	at com.kms.katalon.core.webui.keyword.WebUiBuiltInKeywords.verifyTextPresent(WebUiBuiltInKeywords.groovy:1719)
	at com.kms.katalon.core.webui.keyword.WebUiBuiltInKeywords$verifyTextPresent$6.call(Unknown Source)
	at VerifyUINoCFCC.run(VerifyUINoCFCC:254)
	at com.kms.katalon.core.main.ScriptEngine.run(ScriptEngine.java:194)
	at com.kms.katalon.core.main.ScriptEngine.runScriptAsRawText(ScriptEngine.java:119)
	at com.kms.katalon.core.main.TestCaseExecutor.runScript(TestCaseExecutor.java:337)
	at com.kms.katalon.core.main.TestCaseExecutor.doExecute(TestCaseExecutor.java:328)
	at com.kms.katalon.core.main.TestCaseExecutor.processExecutionPhase(TestCaseExecutor.java:307)
	at com.kms.katalon.core.main.TestCaseExecutor.accessMainPhase(TestCaseExecutor.java:299)
	at com.kms.katalon.core.main.TestCaseExecutor.execute(TestCaseExecutor.java:233)
	at com.kms.katalon.core.main.TestSuiteExecutor.accessTestCaseMainPhase(TestSuiteExecutor.java:169)
	at com.kms.katalon.core.main.TestSuiteExecutor.accessTestSuiteMainPhase(TestSuiteExecutor.java:142)
	at com.kms.katalon.core.main.TestSuiteExecutor.execute(TestSuiteExecutor.java:91)
	at com.kms.katalon.core.main.TestCaseMain.startTestSuite(TestCaseMain.java:157)
	at com.kms.katalon.core.main.TestCaseMain$startTestSuite$0.call(Unknown Source)
	at TempTestSuite1594911837370.run(TempTestSuite1594911837370.groovy:37)
)

2020-07-16 11:12:10 - [TEST_STEP][PASSED] - verifyTextPresent("State", false): Text 'State' is present on page 

2020-07-16 11:12:10 - [MESSAGE][PASSED] - Text 'State' is present on page 

2020-07-16 11:12:10 - [TEST_STEP][PASSED] - verifyTextPresent(State, false): Text 'Maryland' is present on page 

2020-07-16 11:12:11 - [MESSAGE][PASSED] - Text 'Maryland' is present on page 

2020-07-16 11:12:11 - [TEST_STEP][PASSED] - verifyTextPresent("ZIP Code", false): Text 'ZIP Code' is present on page 

2020-07-16 11:12:11 - [MESSAGE][PASSED] - Text 'ZIP Code' is present on page 

2020-07-16 11:12:11 - [TEST_STEP][PASSED] - verifyTextPresent(CZIP, false): Text '21114' is present on page 

2020-07-16 11:12:12 - [MESSAGE][PASSED] - Text '21114' is present on page 

2020-07-16 11:12:12 - [TEST_STEP][PASSED] - verifyTextPresent("Email Address", false): Text 'Email Address' is present on page 

2020-07-16 11:12:12 - [MESSAGE][PASSED] - Text 'Email Address' is present on page 

2020-07-16 11:12:12 - [TEST_STEP][PASSED] - verifyTextPresent(Email, false): Text 'koiho@gmail.com' is present on page 

2020-07-16 11:12:12 - [MESSAGE][PASSED] - Text 'koiho@gmail.com' is present on page 

2020-07-16 11:12:12 - [TEST_STEP][PASSED] - verifyTextPresent("Is this information correct", false): Text 'Is this information correct' is present on page 

2020-07-16 11:12:13 - [MESSAGE][PASSED] - Text 'Is this information correct' is present on page 

2020-07-16 11:12:13 - [TEST_STEP][PASSED] - verifyTextPresent("These are CC Custom HTML", false): Text 'These are CC Custom HTML' is present on page 

2020-07-16 11:12:13 - [MESSAGE][PASSED] - Text 'These are CC Custom HTML' is present on page 

2020-07-16 11:12:13 - [TEST_STEP][PASSED] - verifyElementPresent(findTestObject("Object Repository/IWP30/Page_Confirmation/ChangePaymentMethodButton"), 30): Object 'Object Repository/IWP30/Page_Confirmation/ChangePaymentMethodButton' is present

2020-07-16 11:12:13 - [MESSAGE][PASSED] - Object 'Object Repository/IWP30/Page_Confirmation/ChangePaymentMethodButton' is present

2020-07-16 11:12:13 - [TEST_STEP][PASSED] - verifyElementPresent(findTestObject("Object Repository/IWP30/Page_Confirmation/ConfirmButton"), 30): Object 'Object Repository/IWP30/Page_Confirmation/ConfirmButton' is present

2020-07-16 11:12:13 - [MESSAGE][PASSED] - Object 'Object Repository/IWP30/Page_Confirmation/ConfirmButton' is present

2020-07-16 11:12:13 - [TEST_STEP][PASSED] - verifyElementPresent(findTestObject("Object Repository/IWP30/Page_Confirmation/ExitButton"), 30): Object 'Object Repository/IWP30/Page_Confirmation/ExitButton' is present

2020-07-16 11:12:14 - [MESSAGE][PASSED] - Object 'Object Repository/IWP30/Page_Confirmation/ExitButton' is present

2020-07-16 11:12:14 - [TEST_STEP][PASSED] - verifyElementPresent(findTestObject("Object Repository/IWP30/Page_Confirmation/ModifyButton"), 30): Object 'Object Repository/IWP30/Page_Confirmation/ModifyButton' is present

2020-07-16 11:12:14 - [MESSAGE][PASSED] - Object 'Object Repository/IWP30/Page_Confirmation/ModifyButton' is present

2020-07-16 11:12:14 - [TEST_STEP][PASSED] - click(findTestObject("Object Repository/IWP30/Page_Confirmation/ConfirmButton")): Object: 'Object Repository/IWP30/Page_Confirmation/ConfirmButton' is clicked on

2020-07-16 11:12:15 - [MESSAGE][PASSED] - Object: 'Object Repository/IWP30/Page_Confirmation/ConfirmButton' is clicked on

2020-07-16 11:12:15 - [TEST_STEP][PASSED] - Thread.sleep(10000): null

2020-07-16 11:12:25 - [TEST_STEP][PASSED] - verifyTextPresent("Successful Payment Receipt", false): Text 'Successful Payment Receipt' is present on page 

2020-07-16 11:12:26 - [MESSAGE][PASSED] - Text 'Successful Payment Receipt' is present on page 

2020-07-16 11:12:26 - [TEST_STEP][PASSED] - verifyTextPresent("Please print this receipt for your records", false): Text 'Please print this receipt for your records' is present on page 

2020-07-16 11:12:26 - [MESSAGE][PASSED] - Text 'Please print this receipt for your records' is present on page 

2020-07-16 11:12:26 - [TEST_STEP][PASSED] - verifyTextPresent("Remittance ID", false): Text 'Remittance ID' is present on page 

2020-07-16 11:12:26 - [MESSAGE][PASSED] - Text 'Remittance ID' is present on page 

2020-07-16 11:12:26 - [TEST_STEP][PASSED] - verifyTextPresent("CAN Label", false): Text 'CAN Label' is present on page 

2020-07-16 11:12:27 - [MESSAGE][PASSED] - Text 'CAN Label' is present on page 

2020-07-16 11:12:27 - [TEST_STEP][PASSED] - verifyTextPresent("54654701", false): Text '54654701' is present on page 

2020-07-16 11:12:27 - [MESSAGE][PASSED] - Text '54654701' is present on page 

2020-07-16 11:12:27 - [TEST_STEP][PASSED] - verifyTextPresent("Received", false): Text 'Received' is present on page 

2020-07-16 11:12:27 - [MESSAGE][PASSED] - Text 'Received' is present on page 

2020-07-16 11:12:27 - [TEST_STEP][PASSED] - verifyTextPresent("UDF1 Label", false): Text 'UDF1 Label' is present on page 

2020-07-16 11:12:28 - [MESSAGE][PASSED] - Text 'UDF1 Label' is present on page 

2020-07-16 11:12:28 - [TEST_STEP][PASSED] - verifyTextPresent("UDF2 Label", false): Text 'UDF2 Label' is present on page 

2020-07-16 11:12:28 - [MESSAGE][PASSED] - Text 'UDF2 Label' is present on page 

2020-07-16 11:12:28 - [TEST_STEP][PASSED] - verifyTextPresent(UDF2, false): Text 'Newton' is present on page 

2020-07-16 11:12:28 - [MESSAGE][PASSED] - Text 'Newton' is present on page 

2020-07-16 11:12:28 - [TEST_STEP][PASSED] - verifyTextPresent("UDF3 Label", false): Text 'UDF3 Label' is present on page 

2020-07-16 11:12:28 - [MESSAGE][PASSED] - Text 'UDF3 Label' is present on page 

2020-07-16 11:12:28 - [TEST_STEP][PASSED] - verifyTextPresent(UDF3, false): Text 'Stree' is present on page 

2020-07-16 11:12:29 - [MESSAGE][PASSED] - Text 'Stree' is present on page 

2020-07-16 11:12:29 - [TEST_STEP][PASSED] - verifyTextPresent("UDF4 Label", false): Text 'UDF4 Label' is present on page 

2020-07-16 11:12:29 - [MESSAGE][PASSED] - Text 'UDF4 Label' is present on page 

2020-07-16 11:12:29 - [TEST_STEP][PASSED] - verifyTextPresent("data 4", false): Text 'data 4' is present on page 

2020-07-16 11:12:29 - [MESSAGE][PASSED] - Text 'data 4' is present on page 

2020-07-16 11:12:29 - [TEST_STEP][PASSED] - verifyTextPresent("UDF6 Label", false): Text 'UDF6 Label' is present on page 

2020-07-16 11:12:30 - [MESSAGE][PASSED] - Text 'UDF6 Label' is present on page 

2020-07-16 11:12:30 - [TEST_STEP][PASSED] - verifyTextPresent("data 6", false): Text 'data 6' is present on page 

2020-07-16 11:12:30 - [MESSAGE][PASSED] - Text 'data 6' is present on page 

2020-07-16 11:12:30 - [TEST_STEP][PASSED] - verifyTextPresent("UDF7 Label", false): Text 'UDF7 Label' is present on page 

2020-07-16 11:12:30 - [MESSAGE][PASSED] - Text 'UDF7 Label' is present on page 

2020-07-16 11:12:30 - [TEST_STEP][PASSED] - verifyTextPresent(UDF7, false): Text 'Purple' is present on page 

2020-07-16 11:12:31 - [MESSAGE][PASSED] - Text 'Purple' is present on page 

2020-07-16 11:12:31 - [TEST_STEP][PASSED] - verifyTextPresent("UDF8 Label", false): Text 'UDF8 Label' is present on page 

2020-07-16 11:12:31 - [MESSAGE][PASSED] - Text 'UDF8 Label' is present on page 

2020-07-16 11:12:31 - [TEST_STEP][PASSED] - verifyTextPresent(UDF8, false): Text 'Soccer' is present on page 

2020-07-16 11:12:31 - [MESSAGE][PASSED] - Text 'Soccer' is present on page 

2020-07-16 11:12:31 - [TEST_STEP][PASSED] - verifyTextPresent("UDF9 Label", false): Text 'UDF9 Label' is present on page 

2020-07-16 11:12:32 - [MESSAGE][PASSED] - Text 'UDF9 Label' is present on page 

2020-07-16 11:12:32 - [TEST_STEP][PASSED] - verifyTextPresent("data 9", false): Text 'data 9' is present on page 

2020-07-16 11:12:32 - [MESSAGE][PASSED] - Text 'data 9' is present on page 

2020-07-16 11:12:32 - [TEST_STEP][PASSED] - verifyTextPresent("Tax Amount", false): Text 'Tax Amount' is present on page 

2020-07-16 11:12:32 - [MESSAGE][PASSED] - Text 'Tax Amount' is present on page 

2020-07-16 11:12:32 - [TEST_STEP][PASSED] - verifyTextPresent("$0.00", false): Text '$0.00' is present on page 

2020-07-16 11:12:33 - [MESSAGE][PASSED] - Text '$0.00' is present on page 

2020-07-16 11:12:33 - [TEST_STEP][PASSED] - verifyTextPresent("Amount", false): Text 'Amount' is present on page 

2020-07-16 11:12:33 - [MESSAGE][PASSED] - Text 'Amount' is present on page 

2020-07-16 11:12:33 - [TEST_STEP][PASSED] - verifyTextPresent(Amount, false): Text '99.50' is present on page 

2020-07-16 11:12:33 - [MESSAGE][PASSED] - Text '99.50' is present on page 

2020-07-16 11:12:33 - [TEST_STEP][PASSED] - verifyTextPresent("Transaction Type", false): Text 'Transaction Type' is present on page 

2020-07-16 11:12:33 - [MESSAGE][PASSED] - Text 'Transaction Type' is present on page 

2020-07-16 11:12:33 - [TEST_STEP][PASSED] - verifyTextPresent("Authorization and Capture", false): Text 'Authorization and Capture' is present on page 

2020-07-16 11:12:34 - [MESSAGE][PASSED] - Text 'Authorization and Capture' is present on page 

2020-07-16 11:12:34 - [TEST_STEP][PASSED] - verifyTextPresent("Card Information", false): Text 'Card Information' is present on page 

2020-07-16 11:12:34 - [MESSAGE][PASSED] - Text 'Card Information' is present on page 

2020-07-16 11:12:34 - [TEST_STEP][PASSED] - verifyTextPresent(CardType, false): Text 'Discover' is present on page 

2020-07-16 11:12:34 - [MESSAGE][PASSED] - Text 'Discover' is present on page 

2020-07-16 11:12:34 - [TEST_STEP][FAILED] - verifyTextPresent(CName, false): Text 'Raj Kumar Rao' is not present on page  (Root cause: com.kms.katalon.core.exception.StepFailedException: Text 'Raj Kumar Rao' is not present on page 
	at com.kms.katalon.core.webui.keyword.internal.WebUIKeywordMain.stepFailed(WebUIKeywordMain.groovy:64)
	at com.kms.katalon.core.webui.keyword.builtin.VerifyTextPresentKeyword$_verifyTextPresent_closure1.doCall(VerifyTextPresentKeyword.groovy:79)
	at com.kms.katalon.core.webui.keyword.builtin.VerifyTextPresentKeyword$_verifyTextPresent_closure1.call(VerifyTextPresentKeyword.groovy)
	at com.kms.katalon.core.webui.keyword.internal.WebUIKeywordMain.runKeyword(WebUIKeywordMain.groovy:20)
	at com.kms.katalon.core.webui.keyword.builtin.VerifyTextPresentKeyword.verifyTextPresent(VerifyTextPresentKeyword.groovy:83)
	at com.kms.katalon.core.webui.keyword.builtin.VerifyTextPresentKeyword.execute(VerifyTextPresentKeyword.groovy:68)
	at com.kms.katalon.core.keyword.internal.KeywordExecutor.executeKeywordForPlatform(KeywordExecutor.groovy:72)
	at com.kms.katalon.core.webui.keyword.WebUiBuiltInKeywords.verifyTextPresent(WebUiBuiltInKeywords.groovy:1719)
	at com.kms.katalon.core.webui.keyword.WebUiBuiltInKeywords$verifyTextPresent$6.call(Unknown Source)
	at VerifyUINoCFCC.run(VerifyUINoCFCC:332)
	at com.kms.katalon.core.main.ScriptEngine.run(ScriptEngine.java:194)
	at com.kms.katalon.core.main.ScriptEngine.runScriptAsRawText(ScriptEngine.java:119)
	at com.kms.katalon.core.main.TestCaseExecutor.runScript(TestCaseExecutor.java:337)
	at com.kms.katalon.core.main.TestCaseExecutor.doExecute(TestCaseExecutor.java:328)
	at com.kms.katalon.core.main.TestCaseExecutor.processExecutionPhase(TestCaseExecutor.java:307)
	at com.kms.katalon.core.main.TestCaseExecutor.accessMainPhase(TestCaseExecutor.java:299)
	at com.kms.katalon.core.main.TestCaseExecutor.execute(TestCaseExecutor.java:233)
	at com.kms.katalon.core.main.TestSuiteExecutor.accessTestCaseMainPhase(TestSuiteExecutor.java:169)
	at com.kms.katalon.core.main.TestSuiteExecutor.accessTestSuiteMainPhase(TestSuiteExecutor.java:142)
	at com.kms.katalon.core.main.TestSuiteExecutor.execute(TestSuiteExecutor.java:91)
	at com.kms.katalon.core.main.TestCaseMain.startTestSuite(TestCaseMain.java:157)
	at com.kms.katalon.core.main.TestCaseMain$startTestSuite$0.call(Unknown Source)
	at TempTestSuite1594911837370.run(TempTestSuite1594911837370.groovy:37)
)

2020-07-16 11:12:35 - [MESSAGE][FAILED] - Text 'Raj Kumar Rao' is not present on page  (Root cause: com.kms.katalon.core.exception.StepFailedException: Text 'Raj Kumar Rao' is not present on page 
	at com.kms.katalon.core.webui.keyword.internal.WebUIKeywordMain.stepFailed(WebUIKeywordMain.groovy:64)
	at com.kms.katalon.core.webui.keyword.builtin.VerifyTextPresentKeyword$_verifyTextPresent_closure1.doCall(VerifyTextPresentKeyword.groovy:79)
	at com.kms.katalon.core.webui.keyword.builtin.VerifyTextPresentKeyword$_verifyTextPresent_closure1.call(VerifyTextPresentKeyword.groovy)
	at com.kms.katalon.core.webui.keyword.internal.WebUIKeywordMain.runKeyword(WebUIKeywordMain.groovy:20)
	at com.kms.katalon.core.webui.keyword.builtin.VerifyTextPresentKeyword.verifyTextPresent(VerifyTextPresentKeyword.groovy:83)
	at com.kms.katalon.core.webui.keyword.builtin.VerifyTextPresentKeyword.execute(VerifyTextPresentKeyword.groovy:68)
	at com.kms.katalon.core.keyword.internal.KeywordExecutor.executeKeywordForPlatform(KeywordExecutor.groovy:72)
	at com.kms.katalon.core.webui.keyword.WebUiBuiltInKeywords.verifyTextPresent(WebUiBuiltInKeywords.groovy:1719)
	at com.kms.katalon.core.webui.keyword.WebUiBuiltInKeywords$verifyTextPresent$6.call(Unknown Source)
	at VerifyUINoCFCC.run(VerifyUINoCFCC:332)
	at com.kms.katalon.core.main.ScriptEngine.run(ScriptEngine.java:194)
	at com.kms.katalon.core.main.ScriptEngine.runScriptAsRawText(ScriptEngine.java:119)
	at com.kms.katalon.core.main.TestCaseExecutor.runScript(TestCaseExecutor.java:337)
	at com.kms.katalon.core.main.TestCaseExecutor.doExecute(TestCaseExecutor.java:328)
	at com.kms.katalon.core.main.TestCaseExecutor.processExecutionPhase(TestCaseExecutor.java:307)
	at com.kms.katalon.core.main.TestCaseExecutor.accessMainPhase(TestCaseExecutor.java:299)
	at com.kms.katalon.core.main.TestCaseExecutor.execute(TestCaseExecutor.java:233)
	at com.kms.katalon.core.main.TestSuiteExecutor.accessTestCaseMainPhase(TestSuiteExecutor.java:169)
	at com.kms.katalon.core.main.TestSuiteExecutor.accessTestSuiteMainPhase(TestSuiteExecutor.java:142)
	at com.kms.katalon.core.main.TestSuiteExecutor.execute(TestSuiteExecutor.java:91)
	at com.kms.katalon.core.main.TestCaseMain.startTestSuite(TestCaseMain.java:157)
	at com.kms.katalon.core.main.TestCaseMain$startTestSuite$0.call(Unknown Source)
	at TempTestSuite1594911837370.run(TempTestSuite1594911837370.groovy:37)
)

2020-07-16 11:12:35 - [TEST_STEP][PASSED] - verifyTextPresent(Last4, false): Text '0004' is present on page 

2020-07-16 11:12:35 - [MESSAGE][PASSED] - Text '0004' is present on page 

2020-07-16 11:12:35 - [TEST_STEP][PASSED] - verifyTextPresent("Billing information", false): Text 'Billing information' is present on page 

2020-07-16 11:12:35 - [MESSAGE][PASSED] - Text 'Billing information' is present on page 

2020-07-16 11:12:35 - [TEST_STEP][PASSED] - verifyTextPresent("Address Line 1", false): Text 'Address Line 1' is present on page 

2020-07-16 11:12:36 - [MESSAGE][PASSED] - Text 'Address Line 1' is present on page 

2020-07-16 11:12:36 - [TEST_STEP][PASSED] - verifyTextPresent(AL1, false): Text '654 Kali terrace' is present on page 

2020-07-16 11:12:36 - [MESSAGE][PASSED] - Text '654 Kali terrace' is present on page 

2020-07-16 11:12:36 - [TEST_STEP][PASSED] - verifyTextPresent("Address Line 2", false): Text 'Address Line 2' is present on page 

2020-07-16 11:12:36 - [MESSAGE][PASSED] - Text 'Address Line 2' is present on page 

2020-07-16 11:12:36 - [TEST_STEP][PASSED] - verifyTextPresent(AL2, false): Text 'Suite 159' is present on page 

2020-07-16 11:12:37 - [MESSAGE][PASSED] - Text 'Suite 159' is present on page 

2020-07-16 11:12:37 - [TEST_STEP][PASSED] - verifyTextPresent("Country", false): Text 'Country' is present on page 

2020-07-16 11:12:37 - [MESSAGE][PASSED] - Text 'Country' is present on page 

2020-07-16 11:12:37 - [TEST_STEP][PASSED] - verifyTextPresent("United States", false): Text 'United States' is present on page 

2020-07-16 11:12:37 - [MESSAGE][PASSED] - Text 'United States' is present on page 

2020-07-16 11:12:37 - [TEST_STEP][PASSED] - verifyTextPresent("City", false): Text 'City' is present on page 

2020-07-16 11:12:38 - [MESSAGE][PASSED] - Text 'City' is present on page 

2020-07-16 11:12:38 - [TEST_STEP][FAILED] - verifyTextPresent(City, false): Text 'SEVERN' is not present on page  (Root cause: com.kms.katalon.core.exception.StepFailedException: Text 'SEVERN' is not present on page 
	at com.kms.katalon.core.webui.keyword.internal.WebUIKeywordMain.stepFailed(WebUIKeywordMain.groovy:64)
	at com.kms.katalon.core.webui.keyword.builtin.VerifyTextPresentKeyword$_verifyTextPresent_closure1.doCall(VerifyTextPresentKeyword.groovy:79)
	at com.kms.katalon.core.webui.keyword.builtin.VerifyTextPresentKeyword$_verifyTextPresent_closure1.call(VerifyTextPresentKeyword.groovy)
	at com.kms.katalon.core.webui.keyword.internal.WebUIKeywordMain.runKeyword(WebUIKeywordMain.groovy:20)
	at com.kms.katalon.core.webui.keyword.builtin.VerifyTextPresentKeyword.verifyTextPresent(VerifyTextPresentKeyword.groovy:83)
	at com.kms.katalon.core.webui.keyword.builtin.VerifyTextPresentKeyword.execute(VerifyTextPresentKeyword.groovy:68)
	at com.kms.katalon.core.keyword.internal.KeywordExecutor.executeKeywordForPlatform(KeywordExecutor.groovy:72)
	at com.kms.katalon.core.webui.keyword.WebUiBuiltInKeywords.verifyTextPresent(WebUiBuiltInKeywords.groovy:1719)
	at com.kms.katalon.core.webui.keyword.WebUiBuiltInKeywords$verifyTextPresent$6.call(Unknown Source)
	at VerifyUINoCFCC.run(VerifyUINoCFCC:349)
	at com.kms.katalon.core.main.ScriptEngine.run(ScriptEngine.java:194)
	at com.kms.katalon.core.main.ScriptEngine.runScriptAsRawText(ScriptEngine.java:119)
	at com.kms.katalon.core.main.TestCaseExecutor.runScript(TestCaseExecutor.java:337)
	at com.kms.katalon.core.main.TestCaseExecutor.doExecute(TestCaseExecutor.java:328)
	at com.kms.katalon.core.main.TestCaseExecutor.processExecutionPhase(TestCaseExecutor.java:307)
	at com.kms.katalon.core.main.TestCaseExecutor.accessMainPhase(TestCaseExecutor.java:299)
	at com.kms.katalon.core.main.TestCaseExecutor.execute(TestCaseExecutor.java:233)
	at com.kms.katalon.core.main.TestSuiteExecutor.accessTestCaseMainPhase(TestSuiteExecutor.java:169)
	at com.kms.katalon.core.main.TestSuiteExecutor.accessTestSuiteMainPhase(TestSuiteExecutor.java:142)
	at com.kms.katalon.core.main.TestSuiteExecutor.execute(TestSuiteExecutor.java:91)
	at com.kms.katalon.core.main.TestCaseMain.startTestSuite(TestCaseMain.java:157)
	at com.kms.katalon.core.main.TestCaseMain$startTestSuite$0.call(Unknown Source)
	at TempTestSuite1594911837370.run(TempTestSuite1594911837370.groovy:37)
)

2020-07-16 11:12:38 - [MESSAGE][FAILED] - Text 'SEVERN' is not present on page  (Root cause: com.kms.katalon.core.exception.StepFailedException: Text 'SEVERN' is not present on page 
	at com.kms.katalon.core.webui.keyword.internal.WebUIKeywordMain.stepFailed(WebUIKeywordMain.groovy:64)
	at com.kms.katalon.core.webui.keyword.builtin.VerifyTextPresentKeyword$_verifyTextPresent_closure1.doCall(VerifyTextPresentKeyword.groovy:79)
	at com.kms.katalon.core.webui.keyword.builtin.VerifyTextPresentKeyword$_verifyTextPresent_closure1.call(VerifyTextPresentKeyword.groovy)
	at com.kms.katalon.core.webui.keyword.internal.WebUIKeywordMain.runKeyword(WebUIKeywordMain.groovy:20)
	at com.kms.katalon.core.webui.keyword.builtin.VerifyTextPresentKeyword.verifyTextPresent(VerifyTextPresentKeyword.groovy:83)
	at com.kms.katalon.core.webui.keyword.builtin.VerifyTextPresentKeyword.execute(VerifyTextPresentKeyword.groovy:68)
	at com.kms.katalon.core.keyword.internal.KeywordExecutor.executeKeywordForPlatform(KeywordExecutor.groovy:72)
	at com.kms.katalon.core.webui.keyword.WebUiBuiltInKeywords.verifyTextPresent(WebUiBuiltInKeywords.groovy:1719)
	at com.kms.katalon.core.webui.keyword.WebUiBuiltInKeywords$verifyTextPresent$6.call(Unknown Source)
	at VerifyUINoCFCC.run(VerifyUINoCFCC:349)
	at com.kms.katalon.core.main.ScriptEngine.run(ScriptEngine.java:194)
	at com.kms.katalon.core.main.ScriptEngine.runScriptAsRawText(ScriptEngine.java:119)
	at com.kms.katalon.core.main.TestCaseExecutor.runScript(TestCaseExecutor.java:337)
	at com.kms.katalon.core.main.TestCaseExecutor.doExecute(TestCaseExecutor.java:328)
	at com.kms.katalon.core.main.TestCaseExecutor.processExecutionPhase(TestCaseExecutor.java:307)
	at com.kms.katalon.core.main.TestCaseExecutor.accessMainPhase(TestCaseExecutor.java:299)
	at com.kms.katalon.core.main.TestCaseExecutor.execute(TestCaseExecutor.java:233)
	at com.kms.katalon.core.main.TestSuiteExecutor.accessTestCaseMainPhase(TestSuiteExecutor.java:169)
	at com.kms.katalon.core.main.TestSuiteExecutor.accessTestSuiteMainPhase(TestSuiteExecutor.java:142)
	at com.kms.katalon.core.main.TestSuiteExecutor.execute(TestSuiteExecutor.java:91)
	at com.kms.katalon.core.main.TestCaseMain.startTestSuite(TestCaseMain.java:157)
	at com.kms.katalon.core.main.TestCaseMain$startTestSuite$0.call(Unknown Source)
	at TempTestSuite1594911837370.run(TempTestSuite1594911837370.groovy:37)
)

2020-07-16 11:12:38 - [TEST_STEP][PASSED] - verifyTextPresent("State", false): Text 'State' is present on page 

2020-07-16 11:12:38 - [MESSAGE][PASSED] - Text 'State' is present on page 

2020-07-16 11:12:38 - [TEST_STEP][PASSED] - verifyTextPresent(State2, false): Text 'MD' is present on page 

2020-07-16 11:12:39 - [MESSAGE][PASSED] - Text 'MD' is present on page 

2020-07-16 11:12:39 - [TEST_STEP][PASSED] - verifyTextPresent("ZIP Code", false): Text 'ZIP Code' is present on page 

2020-07-16 11:12:39 - [MESSAGE][PASSED] - Text 'ZIP Code' is present on page 

2020-07-16 11:12:39 - [TEST_STEP][PASSED] - verifyTextPresent(CZIP, false): Text '21114' is present on page 

2020-07-16 11:12:39 - [MESSAGE][PASSED] - Text '21114' is present on page 

2020-07-16 11:12:39 - [TEST_STEP][PASSED] - verifyElementPresent(findTestObject("Object Repository/IWP30/Page_Receipt/ExitButton"), 30): Object 'Object Repository/IWP30/Page_Receipt/ExitButton' is present

2020-07-16 11:12:40 - [MESSAGE][PASSED] - Object 'Object Repository/IWP30/Page_Receipt/ExitButton' is present

2020-07-16 11:12:40 - [TEST_STEP][PASSED] - closeBrowser(): Browser is closed

2020-07-16 11:12:40 - [MESSAGE][PASSED] - Browser is closed]]></system-out>
         <system-err><![CDATA[2020-07-16 11:04:00 - [TEST_CASE][FAILED] - Test Cases/IntegratedWeb/IWP30/VerifyUINoCFCC: Test Cases/IntegratedWeb/IWP30/VerifyUINoCFCC FAILED.
Reason:
com.kms.katalon.core.exception.StepFailedException: Text 'Horath Tungsten' is not present on page  (Root cause: com.kms.katalon.core.exception.StepFailedException: Text 'Horath Tungsten' is not present on page 
	at com.kms.katalon.core.webui.keyword.internal.WebUIKeywordMain.stepFailed(WebUIKeywordMain.groovy:64)
	at com.kms.katalon.core.webui.keyword.builtin.VerifyTextPresentKeyword$_verifyTextPresent_closure1.doCall(VerifyTextPresentKeyword.groovy:79)
	at com.kms.katalon.core.webui.keyword.builtin.VerifyTextPresentKeyword$_verifyTextPresent_closure1.call(VerifyTextPresentKeyword.groovy)
	at com.kms.katalon.core.webui.keyword.internal.WebUIKeywordMain.runKeyword(WebUIKeywordMain.groovy:20)
	at com.kms.katalon.core.webui.keyword.builtin.VerifyTextPresentKeyword.verifyTextPresent(VerifyTextPresentKeyword.groovy:83)
	at com.kms.katalon.core.webui.keyword.builtin.VerifyTextPresentKeyword.execute(VerifyTextPresentKeyword.groovy:68)
	at com.kms.katalon.core.keyword.internal.KeywordExecutor.executeKeywordForPlatform(KeywordExecutor.groovy:72)
	at com.kms.katalon.core.webui.keyword.WebUiBuiltInKeywords.verifyTextPresent(WebUiBuiltInKeywords.groovy:1719)
	at com.kms.katalon.core.webui.keyword.WebUiBuiltInKeywords$verifyTextPresent$6.call(Unknown Source)
	at VerifyUINoCFCC.run(VerifyUINoCFCC:332)
	at com.kms.katalon.core.main.ScriptEngine.run(ScriptEngine.java:194)
	at com.kms.katalon.core.main.ScriptEngine.runScriptAsRawText(ScriptEngine.java:119)
	at com.kms.katalon.core.main.TestCaseExecutor.runScript(TestCaseExecutor.java:337)
	at com.kms.katalon.core.main.TestCaseExecutor.doExecute(TestCaseExecutor.java:328)
	at com.kms.katalon.core.main.TestCaseExecutor.processExecutionPhase(TestCaseExecutor.java:307)
	at com.kms.katalon.core.main.TestCaseExecutor.accessMainPhase(TestCaseExecutor.java:299)
	at com.kms.katalon.core.main.TestCaseExecutor.execute(TestCaseExecutor.java:233)
	at com.kms.katalon.core.main.TestSuiteExecutor.accessTestCaseMainPhase(TestSuiteExecutor.java:169)
	at com.kms.katalon.core.main.TestSuiteExecutor.accessTestSuiteMainPhase(TestSuiteExecutor.java:142)
	at com.kms.katalon.core.main.TestSuiteExecutor.execute(TestSuiteExecutor.java:91)
	at com.kms.katalon.core.main.TestCaseMain.startTestSuite(TestCaseMain.java:157)
	at com.kms.katalon.core.main.TestCaseMain$startTestSuite$0.call(Unknown Source)
	at TempTestSuite1594911837370.run(TempTestSuite1594911837370.groovy:37)
)
	at com.kms.katalon.core.keyword.internal.KeywordMain.stepFailed(KeywordMain.groovy:39)
	at com.kms.katalon.core.webui.keyword.internal.WebUIKeywordMain.stepFailed(WebUIKeywordMain.groovy:64)
	at com.kms.katalon.core.webui.keyword.builtin.VerifyTextPresentKeyword$_verifyTextPresent_closure1.doCall(VerifyTextPresentKeyword.groovy:79)
	at com.kms.katalon.core.webui.keyword.builtin.VerifyTextPresentKeyword$_verifyTextPresent_closure1.call(VerifyTextPresentKeyword.groovy)
	at com.kms.katalon.core.webui.keyword.internal.WebUIKeywordMain.runKeyword(WebUIKeywordMain.groovy:20)
	at com.kms.katalon.core.webui.keyword.builtin.VerifyTextPresentKeyword.verifyTextPresent(VerifyTextPresentKeyword.groovy:83)
	at com.kms.katalon.core.webui.keyword.builtin.VerifyTextPresentKeyword.execute(VerifyTextPresentKeyword.groovy:68)
	at com.kms.katalon.core.keyword.internal.KeywordExecutor.executeKeywordForPlatform(KeywordExecutor.groovy:72)
	at com.kms.katalon.core.webui.keyword.WebUiBuiltInKeywords.verifyTextPresent(WebUiBuiltInKeywords.groovy:1719)
	at com.kms.katalon.core.webui.keyword.WebUiBuiltInKeywords$verifyTextPresent$6.call(Unknown Source)
	at VerifyUINoCFCC.run(VerifyUINoCFCC:332)
	at com.kms.katalon.core.main.ScriptEngine.run(ScriptEngine.java:194)
	at com.kms.katalon.core.main.ScriptEngine.runScriptAsRawText(ScriptEngine.java:119)
	at com.kms.katalon.core.main.TestCaseExecutor.runScript(TestCaseExecutor.java:337)
	at com.kms.katalon.core.main.TestCaseExecutor.doExecute(TestCaseExecutor.java:328)
	at com.kms.katalon.core.main.TestCaseExecutor.processExecutionPhase(TestCaseExecutor.java:307)
	at com.kms.katalon.core.main.TestCaseExecutor.accessMainPhase(TestCaseExecutor.java:299)
	at com.kms.katalon.core.main.TestCaseExecutor.execute(TestCaseExecutor.java:233)
	at com.kms.katalon.core.main.TestSuiteExecutor.accessTestCaseMainPhase(TestSuiteExecutor.java:169)
	at com.kms.katalon.core.main.TestSuiteExecutor.accessTestSuiteMainPhase(TestSuiteExecutor.java:142)
	at com.kms.katalon.core.main.TestSuiteExecutor.execute(TestSuiteExecutor.java:91)
	at com.kms.katalon.core.main.TestCaseMain.startTestSuite(TestCaseMain.java:157)
	at com.kms.katalon.core.main.TestCaseMain$startTestSuite$0.call(Unknown Source)
	at TempTestSuite1594911837370.run(TempTestSuite1594911837370.groovy:37)
Caused by: com.kms.katalon.core.exception.StepFailedException: Text 'Horath Tungsten' is not present on page 
	... 23 more]]></system-err>
      </testcase>
      <system-out><![CDATA[2020-07-16 11:04:00 - [TEST_SUITE][FAILED] - IWP30 Smoke TestSuite: Test Cases/IntegratedWeb/IWP30/VerifyUINoCFCC FAILED.
Reason:
com.kms.katalon.core.exception.StepFailedException: Text 'Horath Tungsten' is not present on page  (Root cause: com.kms.katalon.core.exception.StepFailedException: Text 'Horath Tungsten' is not present on page 
	at com.kms.katalon.core.webui.keyword.internal.WebUIKeywordMain.stepFailed(WebUIKeywordMain.groovy:64)
	at com.kms.katalon.core.webui.keyword.builtin.VerifyTextPresentKeyword$_verifyTextPresent_closure1.doCall(VerifyTextPresentKeyword.groovy:79)
	at com.kms.katalon.core.webui.keyword.builtin.VerifyTextPresentKeyword$_verifyTextPresent_closure1.call(VerifyTextPresentKeyword.groovy)
	at com.kms.katalon.core.webui.keyword.internal.WebUIKeywordMain.runKeyword(WebUIKeywordMain.groovy:20)
	at com.kms.katalon.core.webui.keyword.builtin.VerifyTextPresentKeyword.verifyTextPresent(VerifyTextPresentKeyword.groovy:83)
	at com.kms.katalon.core.webui.keyword.builtin.VerifyTextPresentKeyword.execute(VerifyTextPresentKeyword.groovy:68)
	at com.kms.katalon.core.keyword.internal.KeywordExecutor.executeKeywordForPlatform(KeywordExecutor.groovy:72)
	at com.kms.katalon.core.webui.keyword.WebUiBuiltInKeywords.verifyTextPresent(WebUiBuiltInKeywords.groovy:1719)
	at com.kms.katalon.core.webui.keyword.WebUiBuiltInKeywords$verifyTextPresent$6.call(Unknown Source)
	at VerifyUINoCFCC.run(VerifyUINoCFCC:332)
	at com.kms.katalon.core.main.ScriptEngine.run(ScriptEngine.java:194)
	at com.kms.katalon.core.main.ScriptEngine.runScriptAsRawText(ScriptEngine.java:119)
	at com.kms.katalon.core.main.TestCaseExecutor.runScript(TestCaseExecutor.java:337)
	at com.kms.katalon.core.main.TestCaseExecutor.doExecute(TestCaseExecutor.java:328)
	at com.kms.katalon.core.main.TestCaseExecutor.processExecutionPhase(TestCaseExecutor.java:307)
	at com.kms.katalon.core.main.TestCaseExecutor.accessMainPhase(TestCaseExecutor.java:299)
	at com.kms.katalon.core.main.TestCaseExecutor.execute(TestCaseExecutor.java:233)
	at com.kms.katalon.core.main.TestSuiteExecutor.accessTestCaseMainPhase(TestSuiteExecutor.java:169)
	at com.kms.katalon.core.main.TestSuiteExecutor.accessTestSuiteMainPhase(TestSuiteExecutor.java:142)
	at com.kms.katalon.core.main.TestSuiteExecutor.execute(TestSuiteExecutor.java:91)
	at com.kms.katalon.core.main.TestCaseMain.startTestSuite(TestCaseMain.java:157)
	at com.kms.katalon.core.main.TestCaseMain$startTestSuite$0.call(Unknown Source)
	at TempTestSuite1594911837370.run(TempTestSuite1594911837370.groovy:37)
)
	at com.kms.katalon.core.keyword.internal.KeywordMain.stepFailed(KeywordMain.groovy:39)
	at com.kms.katalon.core.webui.keyword.internal.WebUIKeywordMain.stepFailed(WebUIKeywordMain.groovy:64)
	at com.kms.katalon.core.webui.keyword.builtin.VerifyTextPresentKeyword$_verifyTextPresent_closure1.doCall(VerifyTextPresentKeyword.groovy:79)
	at com.kms.katalon.core.webui.keyword.builtin.VerifyTextPresentKeyword$_verifyTextPresent_closure1.call(VerifyTextPresentKeyword.groovy)
	at com.kms.katalon.core.webui.keyword.internal.WebUIKeywordMain.runKeyword(WebUIKeywordMain.groovy:20)
	at com.kms.katalon.core.webui.keyword.builtin.VerifyTextPresentKeyword.verifyTextPresent(VerifyTextPresentKeyword.groovy:83)
	at com.kms.katalon.core.webui.keyword.builtin.VerifyTextPresentKeyword.execute(VerifyTextPresentKeyword.groovy:68)
	at com.kms.katalon.core.keyword.internal.KeywordExecutor.executeKeywordForPlatform(KeywordExecutor.groovy:72)
	at com.kms.katalon.core.webui.keyword.WebUiBuiltInKeywords.verifyTextPresent(WebUiBuiltInKeywords.groovy:1719)
	at com.kms.katalon.core.webui.keyword.WebUiBuiltInKeywords$verifyTextPresent$6.call(Unknown Source)
	at VerifyUINoCFCC.run(VerifyUINoCFCC:332)
	at com.kms.katalon.core.main.ScriptEngine.run(ScriptEngine.java:194)
	at com.kms.katalon.core.main.ScriptEngine.runScriptAsRawText(ScriptEngine.java:119)
	at com.kms.katalon.core.main.TestCaseExecutor.runScript(TestCaseExecutor.java:337)
	at com.kms.katalon.core.main.TestCaseExecutor.doExecute(TestCaseExecutor.java:328)
	at com.kms.katalon.core.main.TestCaseExecutor.processExecutionPhase(TestCaseExecutor.java:307)
	at com.kms.katalon.core.main.TestCaseExecutor.accessMainPhase(TestCaseExecutor.java:299)
	at com.kms.katalon.core.main.TestCaseExecutor.execute(TestCaseExecutor.java:233)
	at com.kms.katalon.core.main.TestSuiteExecutor.accessTestCaseMainPhase(TestSuiteExecutor.java:169)
	at com.kms.katalon.core.main.TestSuiteExecutor.accessTestSuiteMainPhase(TestSuiteExecutor.java:142)
	at com.kms.katalon.core.main.TestSuiteExecutor.execute(TestSuiteExecutor.java:91)
	at com.kms.katalon.core.main.TestCaseMain.startTestSuite(TestCaseMain.java:157)
	at com.kms.katalon.core.main.TestCaseMain$startTestSuite$0.call(Unknown Source)
	at TempTestSuite1594911837370.run(TempTestSuite1594911837370.groovy:37)
Caused by: com.kms.katalon.core.exception.StepFailedException: Text 'Horath Tungsten' is not present on page 
	... 23 more]]></system-out>
      <system-err><![CDATA[2020-07-16 11:04:00 - [TEST_SUITE][FAILED] - IWP30 Smoke TestSuite: Test Cases/IntegratedWeb/IWP30/VerifyUINoCFCC FAILED.
Reason:
com.kms.katalon.core.exception.StepFailedException: Text 'Horath Tungsten' is not present on page  (Root cause: com.kms.katalon.core.exception.StepFailedException: Text 'Horath Tungsten' is not present on page 
	at com.kms.katalon.core.webui.keyword.internal.WebUIKeywordMain.stepFailed(WebUIKeywordMain.groovy:64)
	at com.kms.katalon.core.webui.keyword.builtin.VerifyTextPresentKeyword$_verifyTextPresent_closure1.doCall(VerifyTextPresentKeyword.groovy:79)
	at com.kms.katalon.core.webui.keyword.builtin.VerifyTextPresentKeyword$_verifyTextPresent_closure1.call(VerifyTextPresentKeyword.groovy)
	at com.kms.katalon.core.webui.keyword.internal.WebUIKeywordMain.runKeyword(WebUIKeywordMain.groovy:20)
	at com.kms.katalon.core.webui.keyword.builtin.VerifyTextPresentKeyword.verifyTextPresent(VerifyTextPresentKeyword.groovy:83)
	at com.kms.katalon.core.webui.keyword.builtin.VerifyTextPresentKeyword.execute(VerifyTextPresentKeyword.groovy:68)
	at com.kms.katalon.core.keyword.internal.KeywordExecutor.executeKeywordForPlatform(KeywordExecutor.groovy:72)
	at com.kms.katalon.core.webui.keyword.WebUiBuiltInKeywords.verifyTextPresent(WebUiBuiltInKeywords.groovy:1719)
	at com.kms.katalon.core.webui.keyword.WebUiBuiltInKeywords$verifyTextPresent$6.call(Unknown Source)
	at VerifyUINoCFCC.run(VerifyUINoCFCC:332)
	at com.kms.katalon.core.main.ScriptEngine.run(ScriptEngine.java:194)
	at com.kms.katalon.core.main.ScriptEngine.runScriptAsRawText(ScriptEngine.java:119)
	at com.kms.katalon.core.main.TestCaseExecutor.runScript(TestCaseExecutor.java:337)
	at com.kms.katalon.core.main.TestCaseExecutor.doExecute(TestCaseExecutor.java:328)
	at com.kms.katalon.core.main.TestCaseExecutor.processExecutionPhase(TestCaseExecutor.java:307)
	at com.kms.katalon.core.main.TestCaseExecutor.accessMainPhase(TestCaseExecutor.java:299)
	at com.kms.katalon.core.main.TestCaseExecutor.execute(TestCaseExecutor.java:233)
	at com.kms.katalon.core.main.TestSuiteExecutor.accessTestCaseMainPhase(TestSuiteExecutor.java:169)
	at com.kms.katalon.core.main.TestSuiteExecutor.accessTestSuiteMainPhase(TestSuiteExecutor.java:142)
	at com.kms.katalon.core.main.TestSuiteExecutor.execute(TestSuiteExecutor.java:91)
	at com.kms.katalon.core.main.TestCaseMain.startTestSuite(TestCaseMain.java:157)
	at com.kms.katalon.core.main.TestCaseMain$startTestSuite$0.call(Unknown Source)
	at TempTestSuite1594911837370.run(TempTestSuite1594911837370.groovy:37)
)
	at com.kms.katalon.core.keyword.internal.KeywordMain.stepFailed(KeywordMain.groovy:39)
	at com.kms.katalon.core.webui.keyword.internal.WebUIKeywordMain.stepFailed(WebUIKeywordMain.groovy:64)
	at com.kms.katalon.core.webui.keyword.builtin.VerifyTextPresentKeyword$_verifyTextPresent_closure1.doCall(VerifyTextPresentKeyword.groovy:79)
	at com.kms.katalon.core.webui.keyword.builtin.VerifyTextPresentKeyword$_verifyTextPresent_closure1.call(VerifyTextPresentKeyword.groovy)
	at com.kms.katalon.core.webui.keyword.internal.WebUIKeywordMain.runKeyword(WebUIKeywordMain.groovy:20)
	at com.kms.katalon.core.webui.keyword.builtin.VerifyTextPresentKeyword.verifyTextPresent(VerifyTextPresentKeyword.groovy:83)
	at com.kms.katalon.core.webui.keyword.builtin.VerifyTextPresentKeyword.execute(VerifyTextPresentKeyword.groovy:68)
	at com.kms.katalon.core.keyword.internal.KeywordExecutor.executeKeywordForPlatform(KeywordExecutor.groovy:72)
	at com.kms.katalon.core.webui.keyword.WebUiBuiltInKeywords.verifyTextPresent(WebUiBuiltInKeywords.groovy:1719)
	at com.kms.katalon.core.webui.keyword.WebUiBuiltInKeywords$verifyTextPresent$6.call(Unknown Source)
	at VerifyUINoCFCC.run(VerifyUINoCFCC:332)
	at com.kms.katalon.core.main.ScriptEngine.run(ScriptEngine.java:194)
	at com.kms.katalon.core.main.ScriptEngine.runScriptAsRawText(ScriptEngine.java:119)
	at com.kms.katalon.core.main.TestCaseExecutor.runScript(TestCaseExecutor.java:337)
	at com.kms.katalon.core.main.TestCaseExecutor.doExecute(TestCaseExecutor.java:328)
	at com.kms.katalon.core.main.TestCaseExecutor.processExecutionPhase(TestCaseExecutor.java:307)
	at com.kms.katalon.core.main.TestCaseExecutor.accessMainPhase(TestCaseExecutor.java:299)
	at com.kms.katalon.core.main.TestCaseExecutor.execute(TestCaseExecutor.java:233)
	at com.kms.katalon.core.main.TestSuiteExecutor.accessTestCaseMainPhase(TestSuiteExecutor.java:169)
	at com.kms.katalon.core.main.TestSuiteExecutor.accessTestSuiteMainPhase(TestSuiteExecutor.java:142)
	at com.kms.katalon.core.main.TestSuiteExecutor.execute(TestSuiteExecutor.java:91)
	at com.kms.katalon.core.main.TestCaseMain.startTestSuite(TestCaseMain.java:157)
	at com.kms.katalon.core.main.TestCaseMain$startTestSuite$0.call(Unknown Source)
	at TempTestSuite1594911837370.run(TempTestSuite1594911837370.groovy:37)
Caused by: com.kms.katalon.core.exception.StepFailedException: Text 'Horath Tungsten' is not present on page 
	... 23 more]]></system-err>
   </testsuite>
</testsuites>
