<?xml version="1.0" encoding="UTF-8"?>
<testsuites name="IWP30 Smoke TestSuite" time="1725.051" tests="5" failures="2" errors="0">
   <testsuite name="IWP30 Smoke TestSuite" tests="5" failures="2" errors="0" time="1725.051" timestamp="2020-07-13 22:28:05" hostname="iahmed - DESKTOP-B2QI6NS.govolution.com" id="Test Suites/QA Smoke Test/IWP30 Smoke TestSuite">
      <properties>
         <property name="deviceName" value=""/>
         <property name="devicePlatform" value=""/>
         <property name="logFolder" value="C:\\Users\\iahmed\\Documents\\VPS-Smoke-Version001\\Reports\\20200713_222803\\QA Smoke Test\\IWP30 Smoke TestSuite\\20200713_222803"/>
         <property name="logFiles" value="C:\\Users\\iahmed\\Documents\\VPS-Smoke-Version001\\Reports\\20200713_222803\\QA Smoke Test\\IWP30 Smoke TestSuite\\20200713_222803\\execution0.log"/>
         <property name="attachments" value="C:\\Users\\iahmed\\Documents\\VPS-Smoke-Version001\\Reports\\20200713_222803\\QA Smoke Test\\IWP30 Smoke TestSuite\\20200713_222803\\1594694290509.png, C:\\Users\\iahmed\\Documents\\VPS-Smoke-Version001\\Reports\\20200713_222803\\QA Smoke Test\\IWP30 Smoke TestSuite\\20200713_222803\\1594695075808.png"/>
         <property name="hostName" value="iahmed - DESKTOP-B2QI6NS.govolution.com"/>
         <property name="os" value="Windows 10 64bit"/>
         <property name="katalonVersion" value="7.5.10.1"/>
         <property name="browser" value="Chrome 83.0.4103.116"/>
         <property name="hostAddress" value="10.5.20.43"/>
         <property name="sessionId" value="9c5b57ce56dfa8be058dcd4ed916ba9e"/>
         <property name="seleniumVersion" value="3.141.59"/>
         <property name="proxyInformation" value="ProxyInformation { proxyOption=NO_PROXY, proxyServerType=HTTP, username=, password=********, proxyServerAddress=, proxyServerPort=0, executionList=\&quot;\&quot;, isApplyToDesiredCapabilities=true }"/>
         <property name="platform" value="Windows 10"/>
      </properties>
      <testcase name="Test Cases/IntegratedWeb/IWP30/PayNowReqFieldsCC" time="761.6" classname="Test Cases/IntegratedWeb/IWP30/PayNowReqFieldsCC" status="FAILED">
         <failure type="FAILED" message="Test Cases/IntegratedWeb/IWP30/PayNowReqFieldsCC FAILED.
Reason:
com.kms.katalon.core.exception.StepFailedException: Text 'Please verify the following information' is not present on page  (Root cause: com.kms.katalon.core.exception.StepFailedException: Text 'Please verify the following information' is not present on page 
	at com.kms.katalon.core.webui.keyword.internal.WebUIKeywordMain.stepFailed(WebUIKeywordMain.groovy:64)
	at com.kms.katalon.core.webui.keyword.builtin.VerifyTextPresentKeyword$_verifyTextPresent_closure1.doCall(VerifyTextPresentKeyword.groovy:79)
	at com.kms.katalon.core.webui.keyword.builtin.VerifyTextPresentKeyword$_verifyTextPresent_closure1.call(VerifyTextPresentKeyword.groovy)
	at com.kms.katalon.core.webui.keyword.internal.WebUIKeywordMain.runKeyword(WebUIKeywordMain.groovy:20)
	at com.kms.katalon.core.webui.keyword.builtin.VerifyTextPresentKeyword.verifyTextPresent(VerifyTextPresentKeyword.groovy:83)
	at com.kms.katalon.core.webui.keyword.builtin.VerifyTextPresentKeyword.execute(VerifyTextPresentKeyword.groovy:68)
	at com.kms.katalon.core.keyword.internal.KeywordExecutor.executeKeywordForPlatform(KeywordExecutor.groovy:72)
	at com.kms.katalon.core.webui.keyword.WebUiBuiltInKeywords.verifyTextPresent(WebUiBuiltInKeywords.groovy:1719)
	at com.kms.katalon.core.webui.keyword.WebUiBuiltInKeywords$verifyTextPresent$8.call(Unknown Source)
	at PayNowReqFieldsCC.run(PayNowReqFieldsCC:567)
	at com.kms.katalon.core.main.ScriptEngine.run(ScriptEngine.java:194)
	at com.kms.katalon.core.main.ScriptEngine.runScriptAsRawText(ScriptEngine.java:119)
	at com.kms.katalon.core.main.TestCaseExecutor.runScript(TestCaseExecutor.java:337)
	at com.kms.katalon.core.main.TestCaseExecutor.doExecute(TestCaseExecutor.java:328)
	at com.kms.katalon.core.main.TestCaseExecutor.processExecutionPhase(TestCaseExecutor.java:307)
	at com.kms.katalon.core.main.TestCaseExecutor.accessMainPhase(TestCaseExecutor.java:299)
	at com.kms.katalon.core.main.TestCaseExecutor.execute(TestCaseExecutor.java:233)
	at com.kms.katalon.core.main.TestSuiteExecutor.accessTestCaseMainPhase(TestSuiteExecutor.java:169)
	at com.kms.katalon.core.main.TestSuiteExecutor.accessTestSuiteMainPhase(TestSuiteExecutor.java:142)
	at com.kms.katalon.core.main.TestSuiteExecutor.execute(TestSuiteExecutor.java:91)
	at com.kms.katalon.core.main.TestCaseMain.startTestSuite(TestCaseMain.java:157)
	at com.kms.katalon.core.main.TestCaseMain$startTestSuite$0.call(Unknown Source)
	at TempTestSuite1594693683341.run(TempTestSuite1594693683341.groovy:37)
)
	at com.kms.katalon.core.keyword.internal.KeywordMain.stepFailed(KeywordMain.groovy:39)
	at com.kms.katalon.core.webui.keyword.internal.WebUIKeywordMain.stepFailed(WebUIKeywordMain.groovy:64)
	at com.kms.katalon.core.webui.keyword.builtin.VerifyTextPresentKeyword$_verifyTextPresent_closure1.doCall(VerifyTextPresentKeyword.groovy:79)
	at com.kms.katalon.core.webui.keyword.builtin.VerifyTextPresentKeyword$_verifyTextPresent_closure1.call(VerifyTextPresentKeyword.groovy)
	at com.kms.katalon.core.webui.keyword.internal.WebUIKeywordMain.runKeyword(WebUIKeywordMain.groovy:20)
	at com.kms.katalon.core.webui.keyword.builtin.VerifyTextPresentKeyword.verifyTextPresent(VerifyTextPresentKeyword.groovy:83)
	at com.kms.katalon.core.webui.keyword.builtin.VerifyTextPresentKeyword.execute(VerifyTextPresentKeyword.groovy:68)
	at com.kms.katalon.core.keyword.internal.KeywordExecutor.executeKeywordForPlatform(KeywordExecutor.groovy:72)
	at com.kms.katalon.core.webui.keyword.WebUiBuiltInKeywords.verifyTextPresent(WebUiBuiltInKeywords.groovy:1719)
	at com.kms.katalon.core.webui.keyword.WebUiBuiltInKeywords$verifyTextPresent$8.call(Unknown Source)
	at PayNowReqFieldsCC.run(PayNowReqFieldsCC:567)
	at com.kms.katalon.core.main.ScriptEngine.run(ScriptEngine.java:194)
	at com.kms.katalon.core.main.ScriptEngine.runScriptAsRawText(ScriptEngine.java:119)
	at com.kms.katalon.core.main.TestCaseExecutor.runScript(TestCaseExecutor.java:337)
	at com.kms.katalon.core.main.TestCaseExecutor.doExecute(TestCaseExecutor.java:328)
	at com.kms.katalon.core.main.TestCaseExecutor.processExecutionPhase(TestCaseExecutor.java:307)
	at com.kms.katalon.core.main.TestCaseExecutor.accessMainPhase(TestCaseExecutor.java:299)
	at com.kms.katalon.core.main.TestCaseExecutor.execute(TestCaseExecutor.java:233)
	at com.kms.katalon.core.main.TestSuiteExecutor.accessTestCaseMainPhase(TestSuiteExecutor.java:169)
	at com.kms.katalon.core.main.TestSuiteExecutor.accessTestSuiteMainPhase(TestSuiteExecutor.java:142)
	at com.kms.katalon.core.main.TestSuiteExecutor.execute(TestSuiteExecutor.java:91)
	at com.kms.katalon.core.main.TestCaseMain.startTestSuite(TestCaseMain.java:157)
	at com.kms.katalon.core.main.TestCaseMain$startTestSuite$0.call(Unknown Source)
	at TempTestSuite1594693683341.run(TempTestSuite1594693683341.groovy:37)
Caused by: com.kms.katalon.core.exception.StepFailedException: Text 'Please verify the following information' is not present on page 
	... 23 more
"/>
         <system-out><![CDATA[2020-07-13 22:28:06 - [TEST_CASE][FAILED] - Test Cases/IntegratedWeb/IWP30/PayNowReqFieldsCC: Test Cases/IntegratedWeb/IWP30/PayNowReqFieldsCC FAILED.
Reason:
com.kms.katalon.core.exception.StepFailedException: Text 'Please verify the following information' is not present on page  (Root cause: com.kms.katalon.core.exception.StepFailedException: Text 'Please verify the following information' is not present on page 
	at com.kms.katalon.core.webui.keyword.internal.WebUIKeywordMain.stepFailed(WebUIKeywordMain.groovy:64)
	at com.kms.katalon.core.webui.keyword.builtin.VerifyTextPresentKeyword$_verifyTextPresent_closure1.doCall(VerifyTextPresentKeyword.groovy:79)
	at com.kms.katalon.core.webui.keyword.builtin.VerifyTextPresentKeyword$_verifyTextPresent_closure1.call(VerifyTextPresentKeyword.groovy)
	at com.kms.katalon.core.webui.keyword.internal.WebUIKeywordMain.runKeyword(WebUIKeywordMain.groovy:20)
	at com.kms.katalon.core.webui.keyword.builtin.VerifyTextPresentKeyword.verifyTextPresent(VerifyTextPresentKeyword.groovy:83)
	at com.kms.katalon.core.webui.keyword.builtin.VerifyTextPresentKeyword.execute(VerifyTextPresentKeyword.groovy:68)
	at com.kms.katalon.core.keyword.internal.KeywordExecutor.executeKeywordForPlatform(KeywordExecutor.groovy:72)
	at com.kms.katalon.core.webui.keyword.WebUiBuiltInKeywords.verifyTextPresent(WebUiBuiltInKeywords.groovy:1719)
	at com.kms.katalon.core.webui.keyword.WebUiBuiltInKeywords$verifyTextPresent$8.call(Unknown Source)
	at PayNowReqFieldsCC.run(PayNowReqFieldsCC:567)
	at com.kms.katalon.core.main.ScriptEngine.run(ScriptEngine.java:194)
	at com.kms.katalon.core.main.ScriptEngine.runScriptAsRawText(ScriptEngine.java:119)
	at com.kms.katalon.core.main.TestCaseExecutor.runScript(TestCaseExecutor.java:337)
	at com.kms.katalon.core.main.TestCaseExecutor.doExecute(TestCaseExecutor.java:328)
	at com.kms.katalon.core.main.TestCaseExecutor.processExecutionPhase(TestCaseExecutor.java:307)
	at com.kms.katalon.core.main.TestCaseExecutor.accessMainPhase(TestCaseExecutor.java:299)
	at com.kms.katalon.core.main.TestCaseExecutor.execute(TestCaseExecutor.java:233)
	at com.kms.katalon.core.main.TestSuiteExecutor.accessTestCaseMainPhase(TestSuiteExecutor.java:169)
	at com.kms.katalon.core.main.TestSuiteExecutor.accessTestSuiteMainPhase(TestSuiteExecutor.java:142)
	at com.kms.katalon.core.main.TestSuiteExecutor.execute(TestSuiteExecutor.java:91)
	at com.kms.katalon.core.main.TestCaseMain.startTestSuite(TestCaseMain.java:157)
	at com.kms.katalon.core.main.TestCaseMain$startTestSuite$0.call(Unknown Source)
	at TempTestSuite1594693683341.run(TempTestSuite1594693683341.groovy:37)
)
	at com.kms.katalon.core.keyword.internal.KeywordMain.stepFailed(KeywordMain.groovy:39)
	at com.kms.katalon.core.webui.keyword.internal.WebUIKeywordMain.stepFailed(WebUIKeywordMain.groovy:64)
	at com.kms.katalon.core.webui.keyword.builtin.VerifyTextPresentKeyword$_verifyTextPresent_closure1.doCall(VerifyTextPresentKeyword.groovy:79)
	at com.kms.katalon.core.webui.keyword.builtin.VerifyTextPresentKeyword$_verifyTextPresent_closure1.call(VerifyTextPresentKeyword.groovy)
	at com.kms.katalon.core.webui.keyword.internal.WebUIKeywordMain.runKeyword(WebUIKeywordMain.groovy:20)
	at com.kms.katalon.core.webui.keyword.builtin.VerifyTextPresentKeyword.verifyTextPresent(VerifyTextPresentKeyword.groovy:83)
	at com.kms.katalon.core.webui.keyword.builtin.VerifyTextPresentKeyword.execute(VerifyTextPresentKeyword.groovy:68)
	at com.kms.katalon.core.keyword.internal.KeywordExecutor.executeKeywordForPlatform(KeywordExecutor.groovy:72)
	at com.kms.katalon.core.webui.keyword.WebUiBuiltInKeywords.verifyTextPresent(WebUiBuiltInKeywords.groovy:1719)
	at com.kms.katalon.core.webui.keyword.WebUiBuiltInKeywords$verifyTextPresent$8.call(Unknown Source)
	at PayNowReqFieldsCC.run(PayNowReqFieldsCC:567)
	at com.kms.katalon.core.main.ScriptEngine.run(ScriptEngine.java:194)
	at com.kms.katalon.core.main.ScriptEngine.runScriptAsRawText(ScriptEngine.java:119)
	at com.kms.katalon.core.main.TestCaseExecutor.runScript(TestCaseExecutor.java:337)
	at com.kms.katalon.core.main.TestCaseExecutor.doExecute(TestCaseExecutor.java:328)
	at com.kms.katalon.core.main.TestCaseExecutor.processExecutionPhase(TestCaseExecutor.java:307)
	at com.kms.katalon.core.main.TestCaseExecutor.accessMainPhase(TestCaseExecutor.java:299)
	at com.kms.katalon.core.main.TestCaseExecutor.execute(TestCaseExecutor.java:233)
	at com.kms.katalon.core.main.TestSuiteExecutor.accessTestCaseMainPhase(TestSuiteExecutor.java:169)
	at com.kms.katalon.core.main.TestSuiteExecutor.accessTestSuiteMainPhase(TestSuiteExecutor.java:142)
	at com.kms.katalon.core.main.TestSuiteExecutor.execute(TestSuiteExecutor.java:91)
	at com.kms.katalon.core.main.TestCaseMain.startTestSuite(TestCaseMain.java:157)
	at com.kms.katalon.core.main.TestCaseMain$startTestSuite$0.call(Unknown Source)
	at TempTestSuite1594693683341.run(TempTestSuite1594693683341.groovy:37)
Caused by: com.kms.katalon.core.exception.StepFailedException: Text 'Please verify the following information' is not present on page 
	... 23 more


2020-07-13 22:28:06 - [TEST_STEP][PASSED] - numOfRows = findTestData("IWP30PayNowCC").getRowNumbers(): null

2020-07-13 22:28:07 - [TEST_STEP][PASSED] - println(numOfRows): null

2020-07-13 22:28:07 - [TEST_STEP][FAILED] - for ([row = 1, row <= numOfRows, (row++)]): null

2020-07-13 22:28:07 - [TEST_STEP][PASSED] - try: null

2020-07-13 22:28:07 - [TEST_STEP][PASSED] - MV = findTestData("IWP30PayNowCC").getValue("MV", row): null

2020-07-13 22:28:07 - [TEST_STEP][PASSED] - println(MV): null

2020-07-13 22:28:07 - [TEST_STEP][PASSED] - Amount = findTestData("IWP30PayNowCC").getValue("Amount", row): null

2020-07-13 22:28:07 - [TEST_STEP][PASSED] - println(Amount): null

2020-07-13 22:28:07 - [TEST_STEP][PASSED] - CAN = findTestData("IWP30PayNowCC").getValue("CAN", row): null

2020-07-13 22:28:07 - [TEST_STEP][PASSED] - println(CAN): null

2020-07-13 22:28:07 - [TEST_STEP][PASSED] - Action = findTestData("IWP30PayNowCC").getValue("Action", row): null

2020-07-13 22:28:07 - [TEST_STEP][PASSED] - println(Action): null

2020-07-13 22:28:07 - [TEST_STEP][PASSED] - Lang = findTestData("IWP30PayNowCC").getValue("Lang", row): null

2020-07-13 22:28:08 - [TEST_STEP][PASSED] - println(Lang): null

2020-07-13 22:28:08 - [TEST_STEP][PASSED] - Fname = findTestData("IWP30PayNowCC").getValue("Fname", row): null

2020-07-13 22:28:08 - [TEST_STEP][PASSED] - println(Fname): null

2020-07-13 22:28:08 - [TEST_STEP][PASSED] - Lname = findTestData("IWP30PayNowCC").getValue("Lname", row): null

2020-07-13 22:28:08 - [TEST_STEP][PASSED] - println(Lname): null

2020-07-13 22:28:08 - [TEST_STEP][PASSED] - AL1 = findTestData("IWP30PayNowCC").getValue("AL1", row): null

2020-07-13 22:28:08 - [TEST_STEP][PASSED] - println(AL1): null

2020-07-13 22:28:08 - [TEST_STEP][PASSED] - AL2 = findTestData("IWP30PayNowCC").getValue("AL2", row): null

2020-07-13 22:28:08 - [TEST_STEP][PASSED] - println(AL2): null

2020-07-13 22:28:08 - [TEST_STEP][PASSED] - Country = findTestData("IWP30PayNowCC").getValue("Country", row): null

2020-07-13 22:28:08 - [TEST_STEP][PASSED] - println(Country): null

2020-07-13 22:28:08 - [TEST_STEP][PASSED] - City = findTestData("IWP30PayNowCC").getValue("City", row): null

2020-07-13 22:28:08 - [TEST_STEP][PASSED] - println(City): null

2020-07-13 22:28:08 - [TEST_STEP][PASSED] - State = findTestData("IWP30PayNowCC").getValue("State", row): null

2020-07-13 22:28:08 - [TEST_STEP][PASSED] - println(State): null

2020-07-13 22:28:08 - [TEST_STEP][PASSED] - ZIP = findTestData("IWP30PayNowCC").getValue("ZIP", row): null

2020-07-13 22:28:08 - [TEST_STEP][PASSED] - println(ZIP): null

2020-07-13 22:28:08 - [TEST_STEP][PASSED] - Order = findTestData("IWP30PayNowCC").getValue("Order", row): null

2020-07-13 22:28:08 - [TEST_STEP][PASSED] - println(Order): null

2020-07-13 22:28:08 - [TEST_STEP][PASSED] - CompanyName = findTestData("IWP30PayNowCC").getValue("CompanyName", row): null

2020-07-13 22:28:08 - [TEST_STEP][PASSED] - println(CompanyName): null

2020-07-13 22:28:08 - [TEST_STEP][PASSED] - Email = findTestData("IWP30PayNowCC").getValue("Email", row): null

2020-07-13 22:28:08 - [TEST_STEP][PASSED] - println(Email): null

2020-07-13 22:28:08 - [TEST_STEP][PASSED] - UDF1 = findTestData("IWP30PayNowCC").getValue("UDF1", row): null

2020-07-13 22:28:08 - [TEST_STEP][PASSED] - println(UDF1): null

2020-07-13 22:28:09 - [TEST_STEP][PASSED] - UDF2 = findTestData("IWP30PayNowCC").getValue("UDF2", row): null

2020-07-13 22:28:09 - [TEST_STEP][PASSED] - println(UDF2): null

2020-07-13 22:28:09 - [TEST_STEP][PASSED] - UDF3 = findTestData("IWP30PayNowCC").getValue("UDF3", row): null

2020-07-13 22:28:09 - [TEST_STEP][PASSED] - println(UDF3): null

2020-07-13 22:28:09 - [TEST_STEP][PASSED] - UDF4 = findTestData("IWP30PayNowCC").getValue("UDF4", row): null

2020-07-13 22:28:09 - [TEST_STEP][PASSED] - println(UDF4): null

2020-07-13 22:28:09 - [TEST_STEP][PASSED] - UDF5 = findTestData("IWP30PayNowCC").getValue("UDF5", row): null

2020-07-13 22:28:09 - [TEST_STEP][PASSED] - println(UDF5): null

2020-07-13 22:28:09 - [TEST_STEP][PASSED] - UDF6 = findTestData("IWP30PayNowCC").getValue("UDF6", row): null

2020-07-13 22:28:09 - [TEST_STEP][PASSED] - println(UDF6): null

2020-07-13 22:28:09 - [TEST_STEP][PASSED] - UDF7 = findTestData("IWP30PayNowCC").getValue("UDF7", row): null

2020-07-13 22:28:09 - [TEST_STEP][PASSED] - println(UDF7): null

2020-07-13 22:28:09 - [TEST_STEP][PASSED] - UDF8 = findTestData("IWP30PayNowCC").getValue("UDF8", row): null

2020-07-13 22:28:09 - [TEST_STEP][PASSED] - println(UDF8): null

2020-07-13 22:28:09 - [TEST_STEP][PASSED] - UDF9 = findTestData("IWP30PayNowCC").getValue("UDF9", row): null

2020-07-13 22:28:09 - [TEST_STEP][PASSED] - println(UDF9): null

2020-07-13 22:28:09 - [TEST_STEP][PASSED] - UDF10 = findTestData("IWP30PayNowCC").getValue("UDF10", row): null

2020-07-13 22:28:09 - [TEST_STEP][PASSED] - println(UDF10): null

2020-07-13 22:28:09 - [TEST_STEP][PASSED] - AppID = findTestData("IWP30PayNowCC").getValue("AppID", row): null

2020-07-13 22:28:09 - [TEST_STEP][PASSED] - println(AppID): null

2020-07-13 22:28:09 - [TEST_STEP][PASSED] - MessageVersion = findTestData("IWP30PayNowCC").getValue("MessageVersion", row): null

2020-07-13 22:28:09 - [TEST_STEP][PASSED] - println(MessageVersion): null

2020-07-13 22:28:09 - [TEST_STEP][PASSED] - CCAmount = findTestData("IWP30PayNowCC").getValue("CCAmount", row): null

2020-07-13 22:28:09 - [TEST_STEP][PASSED] - println(CCAmount): null

2020-07-13 22:28:09 - [TEST_STEP][PASSED] - CCUDF1 = findTestData("IWP30PayNowCC").getValue("CCUDF1", row): null

2020-07-13 22:28:10 - [TEST_STEP][PASSED] - println(CCUDF1): null

2020-07-13 22:28:10 - [TEST_STEP][PASSED] - CCUDF2 = findTestData("IWP30PayNowCC").getValue("CCUDF2", row): null

2020-07-13 22:28:10 - [TEST_STEP][PASSED] - println(CCUDF2): null

2020-07-13 22:28:10 - [TEST_STEP][PASSED] - CCUDF3 = findTestData("IWP30PayNowCC").getValue("CCUDF3", row): null

2020-07-13 22:28:10 - [TEST_STEP][PASSED] - println(CCUDF3): null

2020-07-13 22:28:10 - [TEST_STEP][PASSED] - CCUDF4 = findTestData("IWP30PayNowCC").getValue("CCUDF4", row): null

2020-07-13 22:28:10 - [TEST_STEP][PASSED] - println(CCUDF4): null

2020-07-13 22:28:10 - [TEST_STEP][PASSED] - CCUDF5 = findTestData("IWP30PayNowCC").getValue("CCUDF5", row): null

2020-07-13 22:28:10 - [TEST_STEP][PASSED] - println(CCUDF5): null

2020-07-13 22:28:10 - [TEST_STEP][PASSED] - CCUDF6 = findTestData("IWP30PayNowCC").getValue("CCUDF6", row): null

2020-07-13 22:28:10 - [TEST_STEP][PASSED] - println(CCUDF6): null

2020-07-13 22:28:10 - [TEST_STEP][PASSED] - CCUDF7 = findTestData("IWP30PayNowCC").getValue("CCUDF7", row): null

2020-07-13 22:28:10 - [TEST_STEP][PASSED] - println(CCUDF7): null

2020-07-13 22:28:10 - [TEST_STEP][PASSED] - CCUDF8 = findTestData("IWP30PayNowCC").getValue("CCUDF8", row): null

2020-07-13 22:28:10 - [TEST_STEP][PASSED] - println(CCUDF8): null

2020-07-13 22:28:10 - [TEST_STEP][PASSED] - CCUDF9 = findTestData("IWP30PayNowCC").getValue("CCUDF9", row): null

2020-07-13 22:28:10 - [TEST_STEP][PASSED] - println(CCUDF9): null

2020-07-13 22:28:10 - [TEST_STEP][PASSED] - CCUDF10 = findTestData("IWP30PayNowCC").getValue("CCUDF10", row): null

2020-07-13 22:28:10 - [TEST_STEP][PASSED] - println(CCUDF10): null

2020-07-13 22:28:10 - [TEST_STEP][PASSED] - CCName = findTestData("IWP30PayNowCC").getValue("CCName", row): null

2020-07-13 22:28:10 - [TEST_STEP][PASSED] - println(CCName): null

2020-07-13 22:28:10 - [TEST_STEP][PASSED] - CCCardNum = findTestData("IWP30PayNowCC").getValue("CCCardNum", row): null

2020-07-13 22:28:10 - [TEST_STEP][PASSED] - println(CCCardNum): null

2020-07-13 22:28:10 - [TEST_STEP][PASSED] - CCSPC = findTestData("IWP30PayNowCC").getValue("CCSPC", row): null

2020-07-13 22:28:10 - [TEST_STEP][PASSED] - println(CCSPC): null

2020-07-13 22:28:10 - [TEST_STEP][PASSED] - CCExpM = findTestData("IWP30PayNowCC").getValue("CCExpM", row): null

2020-07-13 22:28:10 - [TEST_STEP][PASSED] - println(CCExpM): null

2020-07-13 22:28:10 - [TEST_STEP][PASSED] - CCExpY = findTestData("IWP30PayNowCC").getValue("CCExpY", row): null

2020-07-13 22:28:10 - [TEST_STEP][PASSED] - println(CCExpY): null

2020-07-13 22:28:10 - [TEST_STEP][PASSED] - CCDate = findTestData("IWP30PayNowCC").getValue("CCDate", row): null

2020-07-13 22:28:10 - [TEST_STEP][PASSED] - println(CCDate): null

2020-07-13 22:28:10 - [TEST_STEP][PASSED] - CCAL1 = findTestData("IWP30PayNowCC").getValue("CCAL1", row): null

2020-07-13 22:28:10 - [TEST_STEP][PASSED] - println(CCAL1): null

2020-07-13 22:28:10 - [TEST_STEP][PASSED] - CCAL2 = findTestData("IWP30PayNowCC").getValue("CCAL2", row): null

2020-07-13 22:28:10 - [TEST_STEP][PASSED] - println(CCAL2): null

2020-07-13 22:28:10 - [TEST_STEP][PASSED] - CCZIP = findTestData("IWP30PayNowCC").getValue("CCZIP", row): null

2020-07-13 22:28:10 - [TEST_STEP][PASSED] - println(CCZIP): null

2020-07-13 22:28:10 - [TEST_STEP][PASSED] - CCEmail = findTestData("IWP30PayNowCC").getValue("CCEmail", row): null

2020-07-13 22:28:10 - [TEST_STEP][PASSED] - println(CCEmail): null

2020-07-13 22:28:10 - [TEST_STEP][PASSED] - openBrowser("https://qa.velocitypayment.com/agency/config.do?action=editor"): Browser is opened with url: 'https://qa.velocitypayment.com/agency/config.do?action=editor'

2020-07-13 22:28:11 - [MESSAGE][INFO] - Starting 'Chrome' driver

2020-07-13 22:28:11 - [MESSAGE][INFO] - User set preference: ['acceptInsecureCerts', 'true']

2020-07-13 22:28:11 - [MESSAGE][INFO] - Action delay is set to 0 milliseconds

2020-07-13 22:28:16 - [MESSAGE][PASSED] - Browser is opened with url: 'https://qa.velocitypayment.com/agency/config.do?action=editor'

2020-07-13 22:28:16 - [TEST_STEP][PASSED] - maximizeWindow(): Current window maximized

2020-07-13 22:28:16 - [MESSAGE][PASSED] - Current window maximized

2020-07-13 22:28:16 - [TEST_STEP][PASSED] - selectOptionByValue(findTestObject("IWP30/Page_VRelay30Emulator/MV"), MV, true): All options with value '3.0' are selected in object 'Object Repository/IWP30/Page_VRelay30Emulator/MV'  using regular expression

2020-07-13 22:28:17 - [MESSAGE][PASSED] - All options with value '3.0' are selected in object 'Object Repository/IWP30/Page_VRelay30Emulator/MV'  using regular expression

2020-07-13 22:28:17 - [TEST_STEP][PASSED] - setText(findTestObject("IWP30/Page_VRelay30Emulator/Amount"), Amount): Text '10.50' is set on object 'Object Repository/IWP30/Page_VRelay30Emulator/Amount'

2020-07-13 22:28:18 - [MESSAGE][PASSED] - Text '10.50' is set on object 'Object Repository/IWP30/Page_VRelay30Emulator/Amount'

2020-07-13 22:28:18 - [TEST_STEP][PASSED] - setText(findTestObject("IWP30/Page_VRelay30Emulator/CAN"), CAN): Text '26411005' is set on object 'Object Repository/IWP30/Page_VRelay30Emulator/CAN'

2020-07-13 22:28:19 - [MESSAGE][PASSED] - Text '26411005' is set on object 'Object Repository/IWP30/Page_VRelay30Emulator/CAN'

2020-07-13 22:28:19 - [TEST_STEP][PASSED] - setText(findTestObject("IWP30/Page_VRelay30Emulator/Action"), Action): Text 'PayNow' is set on object 'Object Repository/IWP30/Page_VRelay30Emulator/Action'

2020-07-13 22:28:19 - [MESSAGE][PASSED] - Text 'PayNow' is set on object 'Object Repository/IWP30/Page_VRelay30Emulator/Action'

2020-07-13 22:28:19 - [TEST_STEP][PASSED] - setText(findTestObject("IWP30/Page_VRelay30Emulator/Lang"), Lang): Text 'en_US' is set on object 'Object Repository/IWP30/Page_VRelay30Emulator/Lang'

2020-07-13 22:28:20 - [MESSAGE][PASSED] - Text 'en_US' is set on object 'Object Repository/IWP30/Page_VRelay30Emulator/Lang'

2020-07-13 22:28:20 - [TEST_STEP][PASSED] - setText(findTestObject("IWP30/Page_VRelay30Emulator/Fname"), Fname): Text '' is set on object 'Object Repository/IWP30/Page_VRelay30Emulator/Fname'

2020-07-13 22:28:21 - [MESSAGE][PASSED] - Text '' is set on object 'Object Repository/IWP30/Page_VRelay30Emulator/Fname'

2020-07-13 22:28:21 - [TEST_STEP][PASSED] - setText(findTestObject("IWP30/Page_VRelay30Emulator/Lname"), Lname): Text '' is set on object 'Object Repository/IWP30/Page_VRelay30Emulator/Lname'

2020-07-13 22:28:21 - [MESSAGE][PASSED] - Text '' is set on object 'Object Repository/IWP30/Page_VRelay30Emulator/Lname'

2020-07-13 22:28:21 - [TEST_STEP][PASSED] - setText(findTestObject("IWP30/Page_VRelay30Emulator/AL1"), AL1): Text '' is set on object 'Object Repository/IWP30/Page_VRelay30Emulator/AL1'

2020-07-13 22:28:22 - [MESSAGE][PASSED] - Text '' is set on object 'Object Repository/IWP30/Page_VRelay30Emulator/AL1'

2020-07-13 22:28:22 - [TEST_STEP][PASSED] - setText(findTestObject("IWP30/Page_VRelay30Emulator/AL2"), AL2): Text '' is set on object 'Object Repository/IWP30/Page_VRelay30Emulator/AL2'

2020-07-13 22:28:23 - [MESSAGE][PASSED] - Text '' is set on object 'Object Repository/IWP30/Page_VRelay30Emulator/AL2'

2020-07-13 22:28:23 - [TEST_STEP][PASSED] - setText(findTestObject("IWP30/Page_VRelay30Emulator/Country"), Country): Text '840' is set on object 'Object Repository/IWP30/Page_VRelay30Emulator/Country'

2020-07-13 22:28:23 - [MESSAGE][PASSED] - Text '840' is set on object 'Object Repository/IWP30/Page_VRelay30Emulator/Country'

2020-07-13 22:28:23 - [TEST_STEP][PASSED] - setText(findTestObject("IWP30/Page_VRelay30Emulator/City"), City): Text '' is set on object 'Object Repository/IWP30/Page_VRelay30Emulator/City'

2020-07-13 22:28:24 - [MESSAGE][PASSED] - Text '' is set on object 'Object Repository/IWP30/Page_VRelay30Emulator/City'

2020-07-13 22:28:24 - [TEST_STEP][PASSED] - setText(findTestObject("IWP30/Page_VRelay30Emulator/State"), State): Text '' is set on object 'Object Repository/IWP30/Page_VRelay30Emulator/State'

2020-07-13 22:28:24 - [MESSAGE][PASSED] - Text '' is set on object 'Object Repository/IWP30/Page_VRelay30Emulator/State'

2020-07-13 22:28:24 - [TEST_STEP][PASSED] - setText(findTestObject("IWP30/Page_VRelay30Emulator/ZIP"), ZIP): Text '' is set on object 'Object Repository/IWP30/Page_VRelay30Emulator/ZIP'

2020-07-13 22:28:25 - [MESSAGE][PASSED] - Text '' is set on object 'Object Repository/IWP30/Page_VRelay30Emulator/ZIP'

2020-07-13 22:28:25 - [TEST_STEP][PASSED] - setText(findTestObject("IWP30/Page_VRelay30Emulator/Order"), Order): Text '' is set on object 'Object Repository/IWP30/Page_VRelay30Emulator/Order'

2020-07-13 22:28:26 - [MESSAGE][PASSED] - Text '' is set on object 'Object Repository/IWP30/Page_VRelay30Emulator/Order'

2020-07-13 22:28:26 - [TEST_STEP][PASSED] - setText(findTestObject("IWP30/Page_VRelay30Emulator/Company"), CompanyName): Text '' is set on object 'Object Repository/IWP30/Page_VRelay30Emulator/Company'

2020-07-13 22:28:26 - [MESSAGE][PASSED] - Text '' is set on object 'Object Repository/IWP30/Page_VRelay30Emulator/Company'

2020-07-13 22:28:26 - [TEST_STEP][PASSED] - setText(findTestObject("IWP30/Page_VRelay30Emulator/Email"), Email): Text '' is set on object 'Object Repository/IWP30/Page_VRelay30Emulator/Email'

2020-07-13 22:28:27 - [MESSAGE][PASSED] - Text '' is set on object 'Object Repository/IWP30/Page_VRelay30Emulator/Email'

2020-07-13 22:28:27 - [TEST_STEP][PASSED] - setText(findTestObject("IWP30/Page_VRelay30Emulator/UDF1"), UDF1): Text '' is set on object 'Object Repository/IWP30/Page_VRelay30Emulator/UDF1'

2020-07-13 22:28:28 - [MESSAGE][PASSED] - Text '' is set on object 'Object Repository/IWP30/Page_VRelay30Emulator/UDF1'

2020-07-13 22:28:28 - [TEST_STEP][PASSED] - setText(findTestObject("IWP30/Page_VRelay30Emulator/UDF2"), UDF2): Text '' is set on object 'Object Repository/IWP30/Page_VRelay30Emulator/UDF2'

2020-07-13 22:28:28 - [MESSAGE][PASSED] - Text '' is set on object 'Object Repository/IWP30/Page_VRelay30Emulator/UDF2'

2020-07-13 22:28:28 - [TEST_STEP][PASSED] - setText(findTestObject("IWP30/Page_VRelay30Emulator/UDF3"), UDF3): Text '' is set on object 'Object Repository/IWP30/Page_VRelay30Emulator/UDF3'

2020-07-13 22:28:29 - [MESSAGE][PASSED] - Text '' is set on object 'Object Repository/IWP30/Page_VRelay30Emulator/UDF3'

2020-07-13 22:28:29 - [TEST_STEP][PASSED] - setText(findTestObject("IWP30/Page_VRelay30Emulator/UDF4"), UDF4): Text 'udf data 4' is set on object 'Object Repository/IWP30/Page_VRelay30Emulator/UDF4'

2020-07-13 22:28:30 - [MESSAGE][PASSED] - Text 'udf data 4' is set on object 'Object Repository/IWP30/Page_VRelay30Emulator/UDF4'

2020-07-13 22:28:30 - [TEST_STEP][PASSED] - setText(findTestObject("IWP30/Page_VRelay30Emulator/UDF5"), UDF5): Text 'udf data 5' is set on object 'Object Repository/IWP30/Page_VRelay30Emulator/UDF5'

2020-07-13 22:28:30 - [MESSAGE][PASSED] - Text 'udf data 5' is set on object 'Object Repository/IWP30/Page_VRelay30Emulator/UDF5'

2020-07-13 22:28:30 - [TEST_STEP][PASSED] - setText(findTestObject("IWP30/Page_VRelay30Emulator/UDF6"), UDF6): Text '' is set on object 'Object Repository/IWP30/Page_VRelay30Emulator/UDF6'

2020-07-13 22:28:31 - [MESSAGE][PASSED] - Text '' is set on object 'Object Repository/IWP30/Page_VRelay30Emulator/UDF6'

2020-07-13 22:28:31 - [TEST_STEP][PASSED] - setText(findTestObject("IWP30/Page_VRelay30Emulator/UDF7"), UDF7): Text '' is set on object 'Object Repository/IWP30/Page_VRelay30Emulator/UDF7'

2020-07-13 22:28:32 - [MESSAGE][PASSED] - Text '' is set on object 'Object Repository/IWP30/Page_VRelay30Emulator/UDF7'

2020-07-13 22:28:32 - [TEST_STEP][PASSED] - setText(findTestObject("IWP30/Page_VRelay30Emulator/UDF8"), UDF8): Text '' is set on object 'Object Repository/IWP30/Page_VRelay30Emulator/UDF8'

2020-07-13 22:28:33 - [MESSAGE][PASSED] - Text '' is set on object 'Object Repository/IWP30/Page_VRelay30Emulator/UDF8'

2020-07-13 22:28:33 - [TEST_STEP][PASSED] - setText(findTestObject("IWP30/Page_VRelay30Emulator/UDF9"), UDF9): Text 'udf data 9' is set on object 'Object Repository/IWP30/Page_VRelay30Emulator/UDF9'

2020-07-13 22:28:33 - [MESSAGE][PASSED] - Text 'udf data 9' is set on object 'Object Repository/IWP30/Page_VRelay30Emulator/UDF9'

2020-07-13 22:28:33 - [TEST_STEP][PASSED] - setText(findTestObject("IWP30/Page_VRelay30Emulator/UDF10"), UDF10): Text 'udf data 10' is set on object 'Object Repository/IWP30/Page_VRelay30Emulator/UDF10'

2020-07-13 22:28:34 - [MESSAGE][PASSED] - Text 'udf data 10' is set on object 'Object Repository/IWP30/Page_VRelay30Emulator/UDF10'

2020-07-13 22:28:34 - [TEST_STEP][PASSED] - Thread.sleep(5000): null

2020-07-13 22:28:39 - [TEST_STEP][PASSED] - click(findTestObject("IWP30/Page_VRelay30Emulator/Submit")): Object: 'Object Repository/IWP30/Page_VRelay30Emulator/Submit' is clicked on

2020-07-13 22:28:40 - [MESSAGE][PASSED] - Object: 'Object Repository/IWP30/Page_VRelay30Emulator/Submit' is clicked on

2020-07-13 22:28:40 - [TEST_STEP][PASSED] - closeBrowser(): Browser is closed

2020-07-13 22:28:40 - [MESSAGE][PASSED] - Browser is closed

2020-07-13 22:28:40 - [TEST_STEP][PASSED] - openBrowser("https://dev-algorithm.govolution.com/vrelaytest/QA/version_2_2/vrelaytest.html"): Browser is opened with url: 'https://dev-algorithm.govolution.com/vrelaytest/QA/version_2_2/vrelaytest.html'

2020-07-13 22:28:40 - [MESSAGE][INFO] - Starting 'Chrome' driver

2020-07-13 22:28:40 - [MESSAGE][INFO] - User set preference: ['acceptInsecureCerts', 'true']

2020-07-13 22:28:40 - [MESSAGE][INFO] - Action delay is set to 0 milliseconds

2020-07-13 22:28:44 - [MESSAGE][PASSED] - Browser is opened with url: 'https://dev-algorithm.govolution.com/vrelaytest/QA/version_2_2/vrelaytest.html'

2020-07-13 22:28:44 - [TEST_STEP][PASSED] - maximizeWindow(): Current window maximized

2020-07-13 22:28:44 - [MESSAGE][PASSED] - Current window maximized

2020-07-13 22:28:44 - [TEST_STEP][PASSED] - genRemIDVoid = RandomStringUtils.random(12, true, true): null

2020-07-13 22:28:44 - [TEST_STEP][PASSED] - if (verifyElementPresent(findTestObject("Object Repository/IWP30/Page_QATestHarness/RemittanceID"), 30)): null

2020-07-13 22:28:45 - [MESSAGE][PASSED] - Object 'Object Repository/IWP30/Page_QATestHarness/RemittanceID' is present

2020-07-13 22:28:45 - [TEST_STEP][PASSED] - println("We are on Test Harness page, start populating"): null

2020-07-13 22:28:45 - [TEST_STEP][PASSED] - setText(findTestObject("Object Repository/IWP30/Page_QATestHarness/ApplicationID"), AppID): Text '649' is set on object 'Object Repository/IWP30/Page_QATestHarness/ApplicationID'

2020-07-13 22:28:45 - [MESSAGE][PASSED] - Text '649' is set on object 'Object Repository/IWP30/Page_QATestHarness/ApplicationID'

2020-07-13 22:28:45 - [TEST_STEP][PASSED] - setText(findTestObject("Object Repository/IWP30/Page_QATestHarness/MessageVersion"), MessageVersion): Text '3.0' is set on object 'Object Repository/IWP30/Page_QATestHarness/MessageVersion'

2020-07-13 22:28:46 - [MESSAGE][PASSED] - Text '3.0' is set on object 'Object Repository/IWP30/Page_QATestHarness/MessageVersion'

2020-07-13 22:28:46 - [TEST_STEP][PASSED] - setText(findTestObject("Object Repository/IWP30/Page_QATestHarness/RemittanceID"), genRemIDVoid): Text 'DYPtFKPM7Srd' is set on object 'Object Repository/IWP30/Page_QATestHarness/RemittanceID'

2020-07-13 22:28:47 - [MESSAGE][PASSED] - Text 'DYPtFKPM7Srd' is set on object 'Object Repository/IWP30/Page_QATestHarness/RemittanceID'

2020-07-13 22:28:47 - [TEST_STEP][PASSED] - click(findTestObject("Object Repository/IWP30/Page_QATestHarness/SubmitButton")): Object: 'Object Repository/IWP30/Page_QATestHarness/SubmitButton' is clicked on

2020-07-13 22:28:48 - [MESSAGE][PASSED] - Object: 'Object Repository/IWP30/Page_QATestHarness/SubmitButton' is clicked on

2020-07-13 22:28:48 - [TEST_STEP][PASSED] - if (verifyElementPresent(findTestObject("Object Repository/IWP30/Page_SelectPaymentMethod/PayByCreditCard"), 30)): null

2020-07-13 22:28:48 - [MESSAGE][PASSED] - Object 'Object Repository/IWP30/Page_SelectPaymentMethod/PayByCreditCard' is present

2020-07-13 22:28:48 - [TEST_STEP][PASSED] - println("We are on Select Payment Method page, start populating"): null

2020-07-13 22:28:48 - [TEST_STEP][PASSED] - check(findTestObject("Object Repository/IWP30/Page_SelectPaymentMethod/PayByCreditCard")): Object 'Object Repository/IWP30/Page_SelectPaymentMethod/PayByCreditCard' is checked

2020-07-13 22:28:49 - [MESSAGE][PASSED] - Object 'Object Repository/IWP30/Page_SelectPaymentMethod/PayByCreditCard' is checked

2020-07-13 22:28:49 - [TEST_STEP][PASSED] - Thread.sleep(1000): null

2020-07-13 22:28:50 - [TEST_STEP][PASSED] - click(findTestObject("Object Repository/IWP30/Page_SelectPaymentMethod/MakePaymentButton")): Object: 'Object Repository/IWP30/Page_SelectPaymentMethod/MakePaymentButton' is clicked on

2020-07-13 22:28:51 - [MESSAGE][PASSED] - Object: 'Object Repository/IWP30/Page_SelectPaymentMethod/MakePaymentButton' is clicked on

2020-07-13 22:28:51 - [TEST_STEP][PASSED] - if (verifyElementPresent(findTestObject("Object Repository/IWP30/Page_CCPaymentEntry/Name"), 30)): null

2020-07-13 22:28:51 - [MESSAGE][PASSED] - Object 'Object Repository/IWP30/Page_CCPaymentEntry/Name' is present

2020-07-13 22:28:51 - [TEST_STEP][PASSED] - println("We are on Credit Card Payment Entry page, start populating"): null

2020-07-13 22:28:51 - [TEST_STEP][PASSED] - if (verifyElementPresent(findTestObject("Object Repository/IWP30/Page_CCPaymentEntry/Amount"), 30)): null

2020-07-13 22:28:52 - [MESSAGE][PASSED] - Object 'Object Repository/IWP30/Page_CCPaymentEntry/Amount' is present

2020-07-13 22:28:52 - [TEST_STEP][PASSED] - if (!(CCAmount.isEmpty())): Text '20.50' is set on object 'Object Repository/IWP30/Page_CCPaymentEntry/Amount'

2020-07-13 22:28:52 - [TEST_STEP][PASSED] - setText(findTestObject("Object Repository/IWP30/Page_CCPaymentEntry/Amount"), CCAmount): Text '20.50' is set on object 'Object Repository/IWP30/Page_CCPaymentEntry/Amount'

2020-07-13 22:28:52 - [MESSAGE][PASSED] - Text '20.50' is set on object 'Object Repository/IWP30/Page_CCPaymentEntry/Amount'

2020-07-13 22:28:52 - [TEST_STEP][PASSED] - if (verifyElementPresent(findTestObject("Object Repository/IWP30/Page_CCPaymentEntry/UserDefined2"), 30)): null

2020-07-13 22:28:53 - [MESSAGE][PASSED] - Object 'Object Repository/IWP30/Page_CCPaymentEntry/UserDefined2' is present

2020-07-13 22:28:53 - [TEST_STEP][PASSED] - if (!(CCUDF2.isEmpty())): Text 'Number 2' is set on object 'Object Repository/IWP30/Page_CCPaymentEntry/UserDefined2'

2020-07-13 22:28:53 - [TEST_STEP][PASSED] - setText(findTestObject("Object Repository/IWP30/Page_CCPaymentEntry/UserDefined2"), CCUDF2): Text 'Number 2' is set on object 'Object Repository/IWP30/Page_CCPaymentEntry/UserDefined2'

2020-07-13 22:28:53 - [MESSAGE][PASSED] - Text 'Number 2' is set on object 'Object Repository/IWP30/Page_CCPaymentEntry/UserDefined2'

2020-07-13 22:28:53 - [TEST_STEP][PASSED] - if (verifyElementPresent(findTestObject("Object Repository/IWP30/Page_CCPaymentEntry/UserDefined3"), 30)): null

2020-07-13 22:28:53 - [MESSAGE][PASSED] - Object 'Object Repository/IWP30/Page_CCPaymentEntry/UserDefined3' is present

2020-07-13 22:28:53 - [TEST_STEP][PASSED] - if (!(CCUDF3.isEmpty())): Text 'Number 3' is set on object 'Object Repository/IWP30/Page_CCPaymentEntry/UserDefined3'

2020-07-13 22:28:53 - [TEST_STEP][PASSED] - setText(findTestObject("Object Repository/IWP30/Page_CCPaymentEntry/UserDefined3"), CCUDF3): Text 'Number 3' is set on object 'Object Repository/IWP30/Page_CCPaymentEntry/UserDefined3'

2020-07-13 22:28:54 - [MESSAGE][PASSED] - Text 'Number 3' is set on object 'Object Repository/IWP30/Page_CCPaymentEntry/UserDefined3'

2020-07-13 22:28:54 - [TEST_STEP][PASSED] - if (verifyElementPresent(findTestObject("Object Repository/IWP30/Page_CCPaymentEntry/UserDefined7"), 30)): null

2020-07-13 22:28:54 - [MESSAGE][PASSED] - Object 'Object Repository/IWP30/Page_CCPaymentEntry/UserDefined7' is present

2020-07-13 22:28:54 - [TEST_STEP][PASSED] - if (!(CCUDF7.isEmpty())): All options with label 'Orange' are selected in object 'Object Repository/IWP30/Page_CCPaymentEntry/UserDefined7' 

2020-07-13 22:28:54 - [TEST_STEP][PASSED] - selectOptionByLabel(findTestObject("Object Repository/IWP30/Page_CCPaymentEntry/UserDefined7"), CCUDF7, false): All options with label 'Orange' are selected in object 'Object Repository/IWP30/Page_CCPaymentEntry/UserDefined7' 

2020-07-13 22:28:55 - [MESSAGE][PASSED] - All options with label 'Orange' are selected in object 'Object Repository/IWP30/Page_CCPaymentEntry/UserDefined7' 

2020-07-13 22:28:55 - [TEST_STEP][PASSED] - if (verifyElementPresent(findTestObject("Object Repository/IWP30/Page_CCPaymentEntry/UserDefined8"), 30)): null

2020-07-13 22:28:55 - [MESSAGE][PASSED] - Object 'Object Repository/IWP30/Page_CCPaymentEntry/UserDefined8' is present

2020-07-13 22:28:55 - [TEST_STEP][PASSED] - if (!(CCUDF8.isEmpty())): All options with label 'Tennis' are selected in object 'Object Repository/IWP30/Page_CCPaymentEntry/UserDefined8' 

2020-07-13 22:28:55 - [TEST_STEP][PASSED] - selectOptionByLabel(findTestObject("Object Repository/IWP30/Page_CCPaymentEntry/UserDefined8"), CCUDF8, false): All options with label 'Tennis' are selected in object 'Object Repository/IWP30/Page_CCPaymentEntry/UserDefined8' 

2020-07-13 22:28:56 - [MESSAGE][PASSED] - All options with label 'Tennis' are selected in object 'Object Repository/IWP30/Page_CCPaymentEntry/UserDefined8' 

2020-07-13 22:28:56 - [TEST_STEP][PASSED] - if (verifyElementPresent(findTestObject("Object Repository/IWP30/Page_CCPaymentEntry/Name"), 30)): null

2020-07-13 22:28:56 - [MESSAGE][PASSED] - Object 'Object Repository/IWP30/Page_CCPaymentEntry/Name' is present

2020-07-13 22:28:56 - [TEST_STEP][PASSED] - if (!(CCName.isEmpty())): Text 'Mera Naam' is set on object 'Object Repository/IWP30/Page_CCPaymentEntry/Name'

2020-07-13 22:28:56 - [TEST_STEP][PASSED] - setText(findTestObject("Object Repository/IWP30/Page_CCPaymentEntry/Name"), CCName): Text 'Mera Naam' is set on object 'Object Repository/IWP30/Page_CCPaymentEntry/Name'

2020-07-13 22:28:57 - [MESSAGE][PASSED] - Text 'Mera Naam' is set on object 'Object Repository/IWP30/Page_CCPaymentEntry/Name'

2020-07-13 22:28:57 - [TEST_STEP][PASSED] - if (verifyElementPresent(findTestObject("Object Repository/IWP30/Page_CCPaymentEntry/CardNumber"), 30)): null

2020-07-13 22:28:57 - [MESSAGE][PASSED] - Object 'Object Repository/IWP30/Page_CCPaymentEntry/CardNumber' is present

2020-07-13 22:28:57 - [TEST_STEP][PASSED] - if (!(CCCardNum.isEmpty())): Text '4111111111111111' is set on object 'Object Repository/IWP30/Page_CCPaymentEntry/CardNumber'

2020-07-13 22:28:57 - [TEST_STEP][PASSED] - setText(findTestObject("Object Repository/IWP30/Page_CCPaymentEntry/CardNumber"), CCCardNum): Text '4111111111111111' is set on object 'Object Repository/IWP30/Page_CCPaymentEntry/CardNumber'

2020-07-13 22:28:58 - [MESSAGE][PASSED] - Text '4111111111111111' is set on object 'Object Repository/IWP30/Page_CCPaymentEntry/CardNumber'

2020-07-13 22:28:58 - [TEST_STEP][PASSED] - if (verifyElementPresent(findTestObject("Object Repository/IWP30/Page_CCPaymentEntry/SPC"), 30)): null

2020-07-13 22:28:58 - [MESSAGE][PASSED] - Object 'Object Repository/IWP30/Page_CCPaymentEntry/SPC' is present

2020-07-13 22:28:58 - [TEST_STEP][PASSED] - if (!(CCSPC.isEmpty())): Text '123' is set on object 'Object Repository/IWP30/Page_CCPaymentEntry/SPC'

2020-07-13 22:28:58 - [TEST_STEP][PASSED] - setText(findTestObject("Object Repository/IWP30/Page_CCPaymentEntry/SPC"), CCSPC): Text '123' is set on object 'Object Repository/IWP30/Page_CCPaymentEntry/SPC'

2020-07-13 22:28:59 - [MESSAGE][PASSED] - Text '123' is set on object 'Object Repository/IWP30/Page_CCPaymentEntry/SPC'

2020-07-13 22:28:59 - [TEST_STEP][PASSED] - if (verifyElementPresent(findTestObject("Object Repository/IWP30/Page_CCPaymentEntry/Month"), 30)): null

2020-07-13 22:28:59 - [MESSAGE][PASSED] - Object 'Object Repository/IWP30/Page_CCPaymentEntry/Month' is present

2020-07-13 22:28:59 - [TEST_STEP][PASSED] - if (!(CCExpM.isEmpty())): All options with label '09' are selected in object 'Object Repository/IWP30/Page_CCPaymentEntry/Month' 

2020-07-13 22:28:59 - [TEST_STEP][PASSED] - selectOptionByLabel(findTestObject("Object Repository/IWP30/Page_CCPaymentEntry/Month"), CCExpM, false): All options with label '09' are selected in object 'Object Repository/IWP30/Page_CCPaymentEntry/Month' 

2020-07-13 22:29:00 - [MESSAGE][PASSED] - All options with label '09' are selected in object 'Object Repository/IWP30/Page_CCPaymentEntry/Month' 

2020-07-13 22:29:00 - [TEST_STEP][PASSED] - if (verifyElementPresent(findTestObject("Object Repository/IWP30/Page_CCPaymentEntry/Year"), 30)): null

2020-07-13 22:29:00 - [MESSAGE][PASSED] - Object 'Object Repository/IWP30/Page_CCPaymentEntry/Year' is present

2020-07-13 22:29:00 - [TEST_STEP][PASSED] - if (!(CCExpY.isEmpty())): All options with label '2023' are selected in object 'Object Repository/IWP30/Page_CCPaymentEntry/Year' 

2020-07-13 22:29:00 - [TEST_STEP][PASSED] - selectOptionByLabel(findTestObject("Object Repository/IWP30/Page_CCPaymentEntry/Year"), CCExpY, false): All options with label '2023' are selected in object 'Object Repository/IWP30/Page_CCPaymentEntry/Year' 

2020-07-13 22:29:01 - [MESSAGE][PASSED] - All options with label '2023' are selected in object 'Object Repository/IWP30/Page_CCPaymentEntry/Year' 

2020-07-13 22:29:01 - [TEST_STEP][PASSED] - if (verifyElementPresent(findTestObject("Object Repository/IWP30/Page_CCPaymentEntry/ProcessDate"), 30)): null

2020-07-13 22:29:01 - [MESSAGE][PASSED] - Object 'Object Repository/IWP30/Page_CCPaymentEntry/ProcessDate' is present

2020-07-13 22:29:01 - [TEST_STEP][PASSED] - if (!(CCDate.isEmpty())): null

2020-07-13 22:29:01 - [TEST_STEP][PASSED] - else: null

2020-07-13 22:29:01 - [TEST_STEP][PASSED] - println("CCDate is not present in the Excel Spreadsheet"): null

2020-07-13 22:29:01 - [TEST_STEP][PASSED] - if (verifyElementPresent(findTestObject("Object Repository/IWP30/Page_CCPaymentEntry/AL1"), 30)): null

2020-07-13 22:29:01 - [MESSAGE][PASSED] - Object 'Object Repository/IWP30/Page_CCPaymentEntry/AL1' is present

2020-07-13 22:29:01 - [TEST_STEP][PASSED] - if (!(CCAL1.isEmpty())): Text 'Mera AL1' is set on object 'Object Repository/IWP30/Page_CCPaymentEntry/AL1'

2020-07-13 22:29:01 - [TEST_STEP][PASSED] - setText(findTestObject("Object Repository/IWP30/Page_CCPaymentEntry/AL1"), CCAL1): Text 'Mera AL1' is set on object 'Object Repository/IWP30/Page_CCPaymentEntry/AL1'

2020-07-13 22:29:02 - [MESSAGE][PASSED] - Text 'Mera AL1' is set on object 'Object Repository/IWP30/Page_CCPaymentEntry/AL1'

2020-07-13 22:29:02 - [TEST_STEP][PASSED] - if (verifyElementPresent(findTestObject("Object Repository/IWP30/Page_CCPaymentEntry/AL2"), 30)): null

2020-07-13 22:29:02 - [MESSAGE][PASSED] - Object 'Object Repository/IWP30/Page_CCPaymentEntry/AL2' is present

2020-07-13 22:29:02 - [TEST_STEP][PASSED] - if (!(CCAL2.isEmpty())): Text 'Mera AL2' is set on object 'Object Repository/IWP30/Page_CCPaymentEntry/AL2'

2020-07-13 22:29:02 - [TEST_STEP][PASSED] - setText(findTestObject("Object Repository/IWP30/Page_CCPaymentEntry/AL2"), CCAL2): Text 'Mera AL2' is set on object 'Object Repository/IWP30/Page_CCPaymentEntry/AL2'

2020-07-13 22:29:03 - [MESSAGE][PASSED] - Text 'Mera AL2' is set on object 'Object Repository/IWP30/Page_CCPaymentEntry/AL2'

2020-07-13 22:29:03 - [TEST_STEP][PASSED] - if (verifyElementPresent(findTestObject("Object Repository/IWP30/Page_CCPaymentEntry/ZIP"), 30)): null

2020-07-13 22:29:04 - [MESSAGE][PASSED] - Object 'Object Repository/IWP30/Page_CCPaymentEntry/ZIP' is present

2020-07-13 22:29:04 - [TEST_STEP][PASSED] - if (!(CCZIP.isEmpty())): Text '21054' is set on object 'Object Repository/IWP30/Page_CCPaymentEntry/ZIP'

2020-07-13 22:29:04 - [TEST_STEP][PASSED] - setText(findTestObject("Object Repository/IWP30/Page_CCPaymentEntry/ZIP"), CCZIP): Text '21054' is set on object 'Object Repository/IWP30/Page_CCPaymentEntry/ZIP'

2020-07-13 22:29:04 - [MESSAGE][PASSED] - Text '21054' is set on object 'Object Repository/IWP30/Page_CCPaymentEntry/ZIP'

2020-07-13 22:29:04 - [TEST_STEP][PASSED] - if (verifyElementPresent(findTestObject("Object Repository/IWP30/Page_CCPaymentEntry/EmailAddress"), 30)): null

2020-07-13 22:29:05 - [MESSAGE][PASSED] - Object 'Object Repository/IWP30/Page_CCPaymentEntry/EmailAddress' is present

2020-07-13 22:29:05 - [TEST_STEP][PASSED] - if (!(CCEmail.isEmpty())): Text 'merae@gmail.com' is set on object 'Object Repository/IWP30/Page_CCPaymentEntry/EmailAddress'

2020-07-13 22:29:05 - [TEST_STEP][PASSED] - setText(findTestObject("Object Repository/IWP30/Page_CCPaymentEntry/EmailAddress"), CCEmail): Text 'merae@gmail.com' is set on object 'Object Repository/IWP30/Page_CCPaymentEntry/EmailAddress'

2020-07-13 22:29:05 - [MESSAGE][PASSED] - Text 'merae@gmail.com' is set on object 'Object Repository/IWP30/Page_CCPaymentEntry/EmailAddress'

2020-07-13 22:29:05 - [TEST_STEP][PASSED] - if (verifyElementPresent(findTestObject("Object Repository/IWP30/Page_CCPaymentEntry/TermCondCheckBox"), 30)): null

2020-07-13 22:29:06 - [MESSAGE][PASSED] - Object 'Object Repository/IWP30/Page_CCPaymentEntry/TermCondCheckBox' is present

2020-07-13 22:29:06 - [TEST_STEP][PASSED] - check(findTestObject("Object Repository/IWP30/Page_CCPaymentEntry/TermCondCheckBox")): Object 'Object Repository/IWP30/Page_CCPaymentEntry/TermCondCheckBox' is checked

2020-07-13 22:29:06 - [MESSAGE][PASSED] - Object 'Object Repository/IWP30/Page_CCPaymentEntry/TermCondCheckBox' is checked

2020-07-13 22:29:06 - [TEST_STEP][PASSED] - if (verifyElementPresent(findTestObject("Object Repository/IWP30/Page_CCPaymentEntry/ContinueButton"), 30)): null

2020-07-13 22:29:07 - [MESSAGE][PASSED] - Object 'Object Repository/IWP30/Page_CCPaymentEntry/ContinueButton' is present

2020-07-13 22:29:07 - [TEST_STEP][PASSED] - click(findTestObject("Object Repository/IWP30/Page_CCPaymentEntry/ContinueButton")): Object: 'Object Repository/IWP30/Page_CCPaymentEntry/ContinueButton' is clicked on

2020-07-13 22:29:08 - [MESSAGE][PASSED] - Object: 'Object Repository/IWP30/Page_CCPaymentEntry/ContinueButton' is clicked on

2020-07-13 22:29:08 - [TEST_STEP][PASSED] - if (verifyTextPresent("Please verify the following information", false)): null

2020-07-13 22:29:08 - [MESSAGE][PASSED] - Text 'Please verify the following information' is present on page 

2020-07-13 22:29:08 - [TEST_STEP][PASSED] - println("Please verify the following information text is present on the Confirmation page"): null

2020-07-13 22:29:08 - [TEST_STEP][PASSED] - if (verifyTextPresent("Is this information correct?", false)): null

2020-07-13 22:29:09 - [MESSAGE][PASSED] - Text 'Is this information correct?' is present on page 

2020-07-13 22:29:09 - [TEST_STEP][PASSED] - println("Is this information correct text is present on the Confirmation page"): null

2020-07-13 22:29:09 - [TEST_STEP][PASSED] - if (verifyElementPresent(findTestObject("Object Repository/IWP30/Page_Confirmation/ConfirmButton"), 30)): null

2020-07-13 22:29:09 - [MESSAGE][PASSED] - Object 'Object Repository/IWP30/Page_Confirmation/ConfirmButton' is present

2020-07-13 22:29:09 - [TEST_STEP][PASSED] - click(findTestObject("Object Repository/IWP30/Page_Confirmation/ConfirmButton")): Object: 'Object Repository/IWP30/Page_Confirmation/ConfirmButton' is clicked on

2020-07-13 22:29:10 - [MESSAGE][PASSED] - Object: 'Object Repository/IWP30/Page_Confirmation/ConfirmButton' is clicked on

2020-07-13 22:29:10 - [TEST_STEP][PASSED] - Thread.sleep(10000): null

2020-07-13 22:29:20 - [TEST_STEP][PASSED] - if (verifyTextPresent("Successful Payment Receipt", false)): null

2020-07-13 22:29:21 - [MESSAGE][PASSED] - Text 'Successful Payment Receipt' is present on page 

2020-07-13 22:29:21 - [TEST_STEP][PASSED] - println("Successful Payment Receipt text is present on the Receipt page"): null

2020-07-13 22:29:21 - [TEST_STEP][PASSED] - if (verifyTextPresent("Please print this receipt for your records", false)): null

2020-07-13 22:29:21 - [MESSAGE][PASSED] - Text 'Please print this receipt for your records' is present on page 

2020-07-13 22:29:21 - [TEST_STEP][PASSED] - println("Please print this receipt for your records text is present on the Receipt page"): null

2020-07-13 22:29:21 - [TEST_STEP][PASSED] - if (verifyElementPresent(findTestObject("Object Repository/IWP30/Page_Receipt/ExitButton"), 30)): null

2020-07-13 22:29:21 - [MESSAGE][PASSED] - Object 'Object Repository/IWP30/Page_Receipt/ExitButton' is present

2020-07-13 22:29:21 - [TEST_STEP][PASSED] - println("Exit Button is present on the Receipt page"): null

2020-07-13 22:29:21 - [TEST_STEP][PASSED] - closeBrowser(): Browser is closed

2020-07-13 22:29:22 - [MESSAGE][PASSED] - Browser is closed

2020-07-13 22:29:22 - [TEST_STEP][PASSED] - try: null

2020-07-13 22:29:22 - [TEST_STEP][PASSED] - MV = findTestData("IWP30PayNowCC").getValue("MV", row): null

2020-07-13 22:29:22 - [TEST_STEP][PASSED] - println(MV): null

2020-07-13 22:29:22 - [TEST_STEP][PASSED] - Amount = findTestData("IWP30PayNowCC").getValue("Amount", row): null

2020-07-13 22:29:22 - [TEST_STEP][PASSED] - println(Amount): null

2020-07-13 22:29:22 - [TEST_STEP][PASSED] - CAN = findTestData("IWP30PayNowCC").getValue("CAN", row): null

2020-07-13 22:29:22 - [TEST_STEP][PASSED] - println(CAN): null

2020-07-13 22:29:22 - [TEST_STEP][PASSED] - Action = findTestData("IWP30PayNowCC").getValue("Action", row): null

2020-07-13 22:29:22 - [TEST_STEP][PASSED] - println(Action): null

2020-07-13 22:29:22 - [TEST_STEP][PASSED] - Lang = findTestData("IWP30PayNowCC").getValue("Lang", row): null

2020-07-13 22:29:22 - [TEST_STEP][PASSED] - println(Lang): null

2020-07-13 22:29:22 - [TEST_STEP][PASSED] - Fname = findTestData("IWP30PayNowCC").getValue("Fname", row): null

2020-07-13 22:29:22 - [TEST_STEP][PASSED] - println(Fname): null

2020-07-13 22:29:22 - [TEST_STEP][PASSED] - Lname = findTestData("IWP30PayNowCC").getValue("Lname", row): null

2020-07-13 22:29:22 - [TEST_STEP][PASSED] - println(Lname): null

2020-07-13 22:29:22 - [TEST_STEP][PASSED] - AL1 = findTestData("IWP30PayNowCC").getValue("AL1", row): null

2020-07-13 22:29:22 - [TEST_STEP][PASSED] - println(AL1): null

2020-07-13 22:29:22 - [TEST_STEP][PASSED] - AL2 = findTestData("IWP30PayNowCC").getValue("AL2", row): null

2020-07-13 22:29:22 - [TEST_STEP][PASSED] - println(AL2): null

2020-07-13 22:29:22 - [TEST_STEP][PASSED] - Country = findTestData("IWP30PayNowCC").getValue("Country", row): null

2020-07-13 22:29:22 - [TEST_STEP][PASSED] - println(Country): null

2020-07-13 22:29:22 - [TEST_STEP][PASSED] - City = findTestData("IWP30PayNowCC").getValue("City", row): null

2020-07-13 22:29:23 - [TEST_STEP][PASSED] - println(City): null

2020-07-13 22:29:23 - [TEST_STEP][PASSED] - State = findTestData("IWP30PayNowCC").getValue("State", row): null

2020-07-13 22:29:23 - [TEST_STEP][PASSED] - println(State): null

2020-07-13 22:29:23 - [TEST_STEP][PASSED] - ZIP = findTestData("IWP30PayNowCC").getValue("ZIP", row): null

2020-07-13 22:29:23 - [TEST_STEP][PASSED] - println(ZIP): null

2020-07-13 22:29:23 - [TEST_STEP][PASSED] - Order = findTestData("IWP30PayNowCC").getValue("Order", row): null

2020-07-13 22:29:23 - [TEST_STEP][PASSED] - println(Order): null

2020-07-13 22:29:23 - [TEST_STEP][PASSED] - CompanyName = findTestData("IWP30PayNowCC").getValue("CompanyName", row): null

2020-07-13 22:29:23 - [TEST_STEP][PASSED] - println(CompanyName): null

2020-07-13 22:29:23 - [TEST_STEP][PASSED] - Email = findTestData("IWP30PayNowCC").getValue("Email", row): null

2020-07-13 22:29:23 - [TEST_STEP][PASSED] - println(Email): null

2020-07-13 22:29:23 - [TEST_STEP][PASSED] - UDF1 = findTestData("IWP30PayNowCC").getValue("UDF1", row): null

2020-07-13 22:29:23 - [TEST_STEP][PASSED] - println(UDF1): null

2020-07-13 22:29:23 - [TEST_STEP][PASSED] - UDF2 = findTestData("IWP30PayNowCC").getValue("UDF2", row): null

2020-07-13 22:29:23 - [TEST_STEP][PASSED] - println(UDF2): null

2020-07-13 22:29:23 - [TEST_STEP][PASSED] - UDF3 = findTestData("IWP30PayNowCC").getValue("UDF3", row): null

2020-07-13 22:29:23 - [TEST_STEP][PASSED] - println(UDF3): null

2020-07-13 22:29:23 - [TEST_STEP][PASSED] - UDF4 = findTestData("IWP30PayNowCC").getValue("UDF4", row): null

2020-07-13 22:29:23 - [TEST_STEP][PASSED] - println(UDF4): null

2020-07-13 22:29:23 - [TEST_STEP][PASSED] - UDF5 = findTestData("IWP30PayNowCC").getValue("UDF5", row): null

2020-07-13 22:29:23 - [TEST_STEP][PASSED] - println(UDF5): null

2020-07-13 22:29:23 - [TEST_STEP][PASSED] - UDF6 = findTestData("IWP30PayNowCC").getValue("UDF6", row): null

2020-07-13 22:29:23 - [TEST_STEP][PASSED] - println(UDF6): null

2020-07-13 22:29:23 - [TEST_STEP][PASSED] - UDF7 = findTestData("IWP30PayNowCC").getValue("UDF7", row): null

2020-07-13 22:29:23 - [TEST_STEP][PASSED] - println(UDF7): null

2020-07-13 22:29:23 - [TEST_STEP][PASSED] - UDF8 = findTestData("IWP30PayNowCC").getValue("UDF8", row): null

2020-07-13 22:29:23 - [TEST_STEP][PASSED] - println(UDF8): null

2020-07-13 22:29:23 - [TEST_STEP][PASSED] - UDF9 = findTestData("IWP30PayNowCC").getValue("UDF9", row): null

2020-07-13 22:29:23 - [TEST_STEP][PASSED] - println(UDF9): null

2020-07-13 22:29:23 - [TEST_STEP][PASSED] - UDF10 = findTestData("IWP30PayNowCC").getValue("UDF10", row): null

2020-07-13 22:29:23 - [TEST_STEP][PASSED] - println(UDF10): null

2020-07-13 22:29:23 - [TEST_STEP][PASSED] - AppID = findTestData("IWP30PayNowCC").getValue("AppID", row): null

2020-07-13 22:29:23 - [TEST_STEP][PASSED] - println(AppID): null

2020-07-13 22:29:23 - [TEST_STEP][PASSED] - MessageVersion = findTestData("IWP30PayNowCC").getValue("MessageVersion", row): null

2020-07-13 22:29:23 - [TEST_STEP][PASSED] - println(MessageVersion): null

2020-07-13 22:29:23 - [TEST_STEP][PASSED] - CCAmount = findTestData("IWP30PayNowCC").getValue("CCAmount", row): null

2020-07-13 22:29:23 - [TEST_STEP][PASSED] - println(CCAmount): null

2020-07-13 22:29:23 - [TEST_STEP][PASSED] - CCUDF1 = findTestData("IWP30PayNowCC").getValue("CCUDF1", row): null

2020-07-13 22:29:23 - [TEST_STEP][PASSED] - println(CCUDF1): null

2020-07-13 22:29:23 - [TEST_STEP][PASSED] - CCUDF2 = findTestData("IWP30PayNowCC").getValue("CCUDF2", row): null

2020-07-13 22:29:23 - [TEST_STEP][PASSED] - println(CCUDF2): null

2020-07-13 22:29:23 - [TEST_STEP][PASSED] - CCUDF3 = findTestData("IWP30PayNowCC").getValue("CCUDF3", row): null

2020-07-13 22:29:23 - [TEST_STEP][PASSED] - println(CCUDF3): null

2020-07-13 22:29:23 - [TEST_STEP][PASSED] - CCUDF4 = findTestData("IWP30PayNowCC").getValue("CCUDF4", row): null

2020-07-13 22:29:23 - [TEST_STEP][PASSED] - println(CCUDF4): null

2020-07-13 22:29:23 - [TEST_STEP][PASSED] - CCUDF5 = findTestData("IWP30PayNowCC").getValue("CCUDF5", row): null

2020-07-13 22:29:23 - [TEST_STEP][PASSED] - println(CCUDF5): null

2020-07-13 22:29:23 - [TEST_STEP][PASSED] - CCUDF6 = findTestData("IWP30PayNowCC").getValue("CCUDF6", row): null

2020-07-13 22:29:23 - [TEST_STEP][PASSED] - println(CCUDF6): null

2020-07-13 22:29:23 - [TEST_STEP][PASSED] - CCUDF7 = findTestData("IWP30PayNowCC").getValue("CCUDF7", row): null

2020-07-13 22:29:23 - [TEST_STEP][PASSED] - println(CCUDF7): null

2020-07-13 22:29:23 - [TEST_STEP][PASSED] - CCUDF8 = findTestData("IWP30PayNowCC").getValue("CCUDF8", row): null

2020-07-13 22:29:23 - [TEST_STEP][PASSED] - println(CCUDF8): null

2020-07-13 22:29:23 - [TEST_STEP][PASSED] - CCUDF9 = findTestData("IWP30PayNowCC").getValue("CCUDF9", row): null

2020-07-13 22:29:23 - [TEST_STEP][PASSED] - println(CCUDF9): null

2020-07-13 22:29:23 - [TEST_STEP][PASSED] - CCUDF10 = findTestData("IWP30PayNowCC").getValue("CCUDF10", row): null

2020-07-13 22:29:24 - [TEST_STEP][PASSED] - println(CCUDF10): null

2020-07-13 22:29:24 - [TEST_STEP][PASSED] - CCName = findTestData("IWP30PayNowCC").getValue("CCName", row): null

2020-07-13 22:29:24 - [TEST_STEP][PASSED] - println(CCName): null

2020-07-13 22:29:24 - [TEST_STEP][PASSED] - CCCardNum = findTestData("IWP30PayNowCC").getValue("CCCardNum", row): null

2020-07-13 22:29:24 - [TEST_STEP][PASSED] - println(CCCardNum): null

2020-07-13 22:29:24 - [TEST_STEP][PASSED] - CCSPC = findTestData("IWP30PayNowCC").getValue("CCSPC", row): null

2020-07-13 22:29:24 - [TEST_STEP][PASSED] - println(CCSPC): null

2020-07-13 22:29:24 - [TEST_STEP][PASSED] - CCExpM = findTestData("IWP30PayNowCC").getValue("CCExpM", row): null

2020-07-13 22:29:24 - [TEST_STEP][PASSED] - println(CCExpM): null

2020-07-13 22:29:24 - [TEST_STEP][PASSED] - CCExpY = findTestData("IWP30PayNowCC").getValue("CCExpY", row): null

2020-07-13 22:29:24 - [TEST_STEP][PASSED] - println(CCExpY): null

2020-07-13 22:29:24 - [TEST_STEP][PASSED] - CCDate = findTestData("IWP30PayNowCC").getValue("CCDate", row): null

2020-07-13 22:29:24 - [TEST_STEP][PASSED] - println(CCDate): null

2020-07-13 22:29:24 - [TEST_STEP][PASSED] - CCAL1 = findTestData("IWP30PayNowCC").getValue("CCAL1", row): null

2020-07-13 22:29:24 - [TEST_STEP][PASSED] - println(CCAL1): null

2020-07-13 22:29:24 - [TEST_STEP][PASSED] - CCAL2 = findTestData("IWP30PayNowCC").getValue("CCAL2", row): null

2020-07-13 22:29:24 - [TEST_STEP][PASSED] - println(CCAL2): null

2020-07-13 22:29:24 - [TEST_STEP][PASSED] - CCZIP = findTestData("IWP30PayNowCC").getValue("CCZIP", row): null

2020-07-13 22:29:24 - [TEST_STEP][PASSED] - println(CCZIP): null

2020-07-13 22:29:24 - [TEST_STEP][PASSED] - CCEmail = findTestData("IWP30PayNowCC").getValue("CCEmail", row): null

2020-07-13 22:29:24 - [TEST_STEP][PASSED] - println(CCEmail): null

2020-07-13 22:29:24 - [TEST_STEP][PASSED] - openBrowser("https://qa.velocitypayment.com/agency/config.do?action=editor"): Browser is opened with url: 'https://qa.velocitypayment.com/agency/config.do?action=editor'

2020-07-13 22:29:24 - [MESSAGE][INFO] - Starting 'Chrome' driver

2020-07-13 22:29:24 - [MESSAGE][INFO] - User set preference: ['acceptInsecureCerts', 'true']

2020-07-13 22:29:24 - [MESSAGE][INFO] - Action delay is set to 0 milliseconds

2020-07-13 22:29:28 - [MESSAGE][PASSED] - Browser is opened with url: 'https://qa.velocitypayment.com/agency/config.do?action=editor'

2020-07-13 22:29:28 - [TEST_STEP][PASSED] - maximizeWindow(): Current window maximized

2020-07-13 22:29:28 - [MESSAGE][PASSED] - Current window maximized

2020-07-13 22:29:28 - [TEST_STEP][PASSED] - selectOptionByValue(findTestObject("IWP30/Page_VRelay30Emulator/MV"), MV, true): All options with value '3.0' are selected in object 'Object Repository/IWP30/Page_VRelay30Emulator/MV'  using regular expression

2020-07-13 22:29:30 - [MESSAGE][PASSED] - All options with value '3.0' are selected in object 'Object Repository/IWP30/Page_VRelay30Emulator/MV'  using regular expression

2020-07-13 22:29:30 - [TEST_STEP][PASSED] - setText(findTestObject("IWP30/Page_VRelay30Emulator/Amount"), Amount): Text '10.50' is set on object 'Object Repository/IWP30/Page_VRelay30Emulator/Amount'

2020-07-13 22:29:30 - [MESSAGE][PASSED] - Text '10.50' is set on object 'Object Repository/IWP30/Page_VRelay30Emulator/Amount'

2020-07-13 22:29:30 - [TEST_STEP][PASSED] - setText(findTestObject("IWP30/Page_VRelay30Emulator/CAN"), CAN): Text '26411005' is set on object 'Object Repository/IWP30/Page_VRelay30Emulator/CAN'

2020-07-13 22:29:31 - [MESSAGE][PASSED] - Text '26411005' is set on object 'Object Repository/IWP30/Page_VRelay30Emulator/CAN'

2020-07-13 22:29:31 - [TEST_STEP][PASSED] - setText(findTestObject("IWP30/Page_VRelay30Emulator/Action"), Action): Text 'PayNow' is set on object 'Object Repository/IWP30/Page_VRelay30Emulator/Action'

2020-07-13 22:29:32 - [MESSAGE][PASSED] - Text 'PayNow' is set on object 'Object Repository/IWP30/Page_VRelay30Emulator/Action'

2020-07-13 22:29:32 - [TEST_STEP][PASSED] - setText(findTestObject("IWP30/Page_VRelay30Emulator/Lang"), Lang): Text 'en_US' is set on object 'Object Repository/IWP30/Page_VRelay30Emulator/Lang'

2020-07-13 22:29:32 - [MESSAGE][PASSED] - Text 'en_US' is set on object 'Object Repository/IWP30/Page_VRelay30Emulator/Lang'

2020-07-13 22:29:32 - [TEST_STEP][PASSED] - setText(findTestObject("IWP30/Page_VRelay30Emulator/Fname"), Fname): Text 'Marty' is set on object 'Object Repository/IWP30/Page_VRelay30Emulator/Fname'

2020-07-13 22:29:33 - [MESSAGE][PASSED] - Text 'Marty' is set on object 'Object Repository/IWP30/Page_VRelay30Emulator/Fname'

2020-07-13 22:29:33 - [TEST_STEP][PASSED] - setText(findTestObject("IWP30/Page_VRelay30Emulator/Lname"), Lname): Text 'Jones' is set on object 'Object Repository/IWP30/Page_VRelay30Emulator/Lname'

2020-07-13 22:29:34 - [MESSAGE][PASSED] - Text 'Jones' is set on object 'Object Repository/IWP30/Page_VRelay30Emulator/Lname'

2020-07-13 22:29:34 - [TEST_STEP][PASSED] - setText(findTestObject("IWP30/Page_VRelay30Emulator/AL1"), AL1): Text '2311 York road' is set on object 'Object Repository/IWP30/Page_VRelay30Emulator/AL1'

2020-07-13 22:29:34 - [MESSAGE][PASSED] - Text '2311 York road' is set on object 'Object Repository/IWP30/Page_VRelay30Emulator/AL1'

2020-07-13 22:29:34 - [TEST_STEP][PASSED] - setText(findTestObject("IWP30/Page_VRelay30Emulator/AL2"), AL2): Text 'Suite 600' is set on object 'Object Repository/IWP30/Page_VRelay30Emulator/AL2'

2020-07-13 22:29:35 - [MESSAGE][PASSED] - Text 'Suite 600' is set on object 'Object Repository/IWP30/Page_VRelay30Emulator/AL2'

2020-07-13 22:29:35 - [TEST_STEP][PASSED] - setText(findTestObject("IWP30/Page_VRelay30Emulator/Country"), Country): Text '840' is set on object 'Object Repository/IWP30/Page_VRelay30Emulator/Country'

2020-07-13 22:29:35 - [MESSAGE][PASSED] - Text '840' is set on object 'Object Repository/IWP30/Page_VRelay30Emulator/Country'

2020-07-13 22:29:35 - [TEST_STEP][PASSED] - setText(findTestObject("IWP30/Page_VRelay30Emulator/City"), City): Text 'Arlington' is set on object 'Object Repository/IWP30/Page_VRelay30Emulator/City'

2020-07-13 22:29:36 - [MESSAGE][PASSED] - Text 'Arlington' is set on object 'Object Repository/IWP30/Page_VRelay30Emulator/City'

2020-07-13 22:29:36 - [TEST_STEP][PASSED] - setText(findTestObject("IWP30/Page_VRelay30Emulator/State"), State): Text 'VA' is set on object 'Object Repository/IWP30/Page_VRelay30Emulator/State'

2020-07-13 22:29:37 - [MESSAGE][PASSED] - Text 'VA' is set on object 'Object Repository/IWP30/Page_VRelay30Emulator/State'

2020-07-13 22:29:37 - [TEST_STEP][PASSED] - setText(findTestObject("IWP30/Page_VRelay30Emulator/ZIP"), ZIP): Text '22201' is set on object 'Object Repository/IWP30/Page_VRelay30Emulator/ZIP'

2020-07-13 22:29:37 - [MESSAGE][PASSED] - Text '22201' is set on object 'Object Repository/IWP30/Page_VRelay30Emulator/ZIP'

2020-07-13 22:29:37 - [TEST_STEP][PASSED] - setText(findTestObject("IWP30/Page_VRelay30Emulator/Order"), Order): Text '' is set on object 'Object Repository/IWP30/Page_VRelay30Emulator/Order'

2020-07-13 22:29:38 - [MESSAGE][PASSED] - Text '' is set on object 'Object Repository/IWP30/Page_VRelay30Emulator/Order'

2020-07-13 22:29:38 - [TEST_STEP][PASSED] - setText(findTestObject("IWP30/Page_VRelay30Emulator/Company"), CompanyName): Text '' is set on object 'Object Repository/IWP30/Page_VRelay30Emulator/Company'

2020-07-13 22:29:38 - [MESSAGE][PASSED] - Text '' is set on object 'Object Repository/IWP30/Page_VRelay30Emulator/Company'

2020-07-13 22:29:38 - [TEST_STEP][PASSED] - setText(findTestObject("IWP30/Page_VRelay30Emulator/Email"), Email): Text 'iahmed@govolution.com' is set on object 'Object Repository/IWP30/Page_VRelay30Emulator/Email'

2020-07-13 22:29:39 - [MESSAGE][PASSED] - Text 'iahmed@govolution.com' is set on object 'Object Repository/IWP30/Page_VRelay30Emulator/Email'

2020-07-13 22:29:39 - [TEST_STEP][PASSED] - setText(findTestObject("IWP30/Page_VRelay30Emulator/UDF1"), UDF1): Text 'udf data 1' is set on object 'Object Repository/IWP30/Page_VRelay30Emulator/UDF1'

2020-07-13 22:29:40 - [MESSAGE][PASSED] - Text 'udf data 1' is set on object 'Object Repository/IWP30/Page_VRelay30Emulator/UDF1'

2020-07-13 22:29:40 - [TEST_STEP][PASSED] - setText(findTestObject("IWP30/Page_VRelay30Emulator/UDF2"), UDF2): Text 'udf data 2' is set on object 'Object Repository/IWP30/Page_VRelay30Emulator/UDF2'

2020-07-13 22:29:41 - [MESSAGE][PASSED] - Text 'udf data 2' is set on object 'Object Repository/IWP30/Page_VRelay30Emulator/UDF2'

2020-07-13 22:29:41 - [TEST_STEP][PASSED] - setText(findTestObject("IWP30/Page_VRelay30Emulator/UDF3"), UDF3): Text 'udf data 3' is set on object 'Object Repository/IWP30/Page_VRelay30Emulator/UDF3'

2020-07-13 22:29:41 - [MESSAGE][PASSED] - Text 'udf data 3' is set on object 'Object Repository/IWP30/Page_VRelay30Emulator/UDF3'

2020-07-13 22:29:41 - [TEST_STEP][PASSED] - setText(findTestObject("IWP30/Page_VRelay30Emulator/UDF4"), UDF4): Text 'udf data 4' is set on object 'Object Repository/IWP30/Page_VRelay30Emulator/UDF4'

2020-07-13 22:29:42 - [MESSAGE][PASSED] - Text 'udf data 4' is set on object 'Object Repository/IWP30/Page_VRelay30Emulator/UDF4'

2020-07-13 22:29:42 - [TEST_STEP][PASSED] - setText(findTestObject("IWP30/Page_VRelay30Emulator/UDF5"), UDF5): Text 'udf data 5' is set on object 'Object Repository/IWP30/Page_VRelay30Emulator/UDF5'

2020-07-13 22:29:43 - [MESSAGE][PASSED] - Text 'udf data 5' is set on object 'Object Repository/IWP30/Page_VRelay30Emulator/UDF5'

2020-07-13 22:29:43 - [TEST_STEP][PASSED] - setText(findTestObject("IWP30/Page_VRelay30Emulator/UDF6"), UDF6): Text 'udf data 6' is set on object 'Object Repository/IWP30/Page_VRelay30Emulator/UDF6'

2020-07-13 22:29:44 - [MESSAGE][PASSED] - Text 'udf data 6' is set on object 'Object Repository/IWP30/Page_VRelay30Emulator/UDF6'

2020-07-13 22:29:44 - [TEST_STEP][PASSED] - setText(findTestObject("IWP30/Page_VRelay30Emulator/UDF7"), UDF7): Text 'Purple' is set on object 'Object Repository/IWP30/Page_VRelay30Emulator/UDF7'

2020-07-13 22:29:44 - [MESSAGE][PASSED] - Text 'Purple' is set on object 'Object Repository/IWP30/Page_VRelay30Emulator/UDF7'

2020-07-13 22:29:44 - [TEST_STEP][PASSED] - setText(findTestObject("IWP30/Page_VRelay30Emulator/UDF8"), UDF8): Text 'Tennis' is set on object 'Object Repository/IWP30/Page_VRelay30Emulator/UDF8'

2020-07-13 22:29:45 - [MESSAGE][PASSED] - Text 'Tennis' is set on object 'Object Repository/IWP30/Page_VRelay30Emulator/UDF8'

2020-07-13 22:29:45 - [TEST_STEP][PASSED] - setText(findTestObject("IWP30/Page_VRelay30Emulator/UDF9"), UDF9): Text 'udf data 9' is set on object 'Object Repository/IWP30/Page_VRelay30Emulator/UDF9'

2020-07-13 22:29:46 - [MESSAGE][PASSED] - Text 'udf data 9' is set on object 'Object Repository/IWP30/Page_VRelay30Emulator/UDF9'

2020-07-13 22:29:46 - [TEST_STEP][PASSED] - setText(findTestObject("IWP30/Page_VRelay30Emulator/UDF10"), UDF10): Text 'udf data 10' is set on object 'Object Repository/IWP30/Page_VRelay30Emulator/UDF10'

2020-07-13 22:29:47 - [MESSAGE][PASSED] - Text 'udf data 10' is set on object 'Object Repository/IWP30/Page_VRelay30Emulator/UDF10'

2020-07-13 22:29:47 - [TEST_STEP][PASSED] - Thread.sleep(5000): null

2020-07-13 22:29:52 - [TEST_STEP][PASSED] - click(findTestObject("IWP30/Page_VRelay30Emulator/Submit")): Object: 'Object Repository/IWP30/Page_VRelay30Emulator/Submit' is clicked on

2020-07-13 22:29:52 - [MESSAGE][PASSED] - Object: 'Object Repository/IWP30/Page_VRelay30Emulator/Submit' is clicked on

2020-07-13 22:29:52 - [TEST_STEP][PASSED] - closeBrowser(): Browser is closed

2020-07-13 22:29:53 - [MESSAGE][PASSED] - Browser is closed

2020-07-13 22:29:53 - [TEST_STEP][PASSED] - openBrowser("https://dev-algorithm.govolution.com/vrelaytest/QA/version_2_2/vrelaytest.html"): Browser is opened with url: 'https://dev-algorithm.govolution.com/vrelaytest/QA/version_2_2/vrelaytest.html'

2020-07-13 22:29:53 - [MESSAGE][INFO] - Starting 'Chrome' driver

2020-07-13 22:29:53 - [MESSAGE][INFO] - User set preference: ['acceptInsecureCerts', 'true']

2020-07-13 22:29:53 - [MESSAGE][INFO] - Action delay is set to 0 milliseconds

2020-07-13 22:29:57 - [MESSAGE][PASSED] - Browser is opened with url: 'https://dev-algorithm.govolution.com/vrelaytest/QA/version_2_2/vrelaytest.html'

2020-07-13 22:29:57 - [TEST_STEP][PASSED] - maximizeWindow(): Current window maximized

2020-07-13 22:29:57 - [MESSAGE][PASSED] - Current window maximized

2020-07-13 22:29:57 - [TEST_STEP][PASSED] - genRemIDVoid = RandomStringUtils.random(12, true, true): null

2020-07-13 22:29:57 - [TEST_STEP][PASSED] - if (verifyElementPresent(findTestObject("Object Repository/IWP30/Page_QATestHarness/RemittanceID"), 30)): null

2020-07-13 22:29:58 - [MESSAGE][PASSED] - Object 'Object Repository/IWP30/Page_QATestHarness/RemittanceID' is present

2020-07-13 22:29:58 - [TEST_STEP][PASSED] - println("We are on Test Harness page, start populating"): null

2020-07-13 22:29:58 - [TEST_STEP][PASSED] - setText(findTestObject("Object Repository/IWP30/Page_QATestHarness/ApplicationID"), AppID): Text '649' is set on object 'Object Repository/IWP30/Page_QATestHarness/ApplicationID'

2020-07-13 22:29:58 - [MESSAGE][PASSED] - Text '649' is set on object 'Object Repository/IWP30/Page_QATestHarness/ApplicationID'

2020-07-13 22:29:58 - [TEST_STEP][PASSED] - setText(findTestObject("Object Repository/IWP30/Page_QATestHarness/MessageVersion"), MessageVersion): Text '3.0' is set on object 'Object Repository/IWP30/Page_QATestHarness/MessageVersion'

2020-07-13 22:29:59 - [MESSAGE][PASSED] - Text '3.0' is set on object 'Object Repository/IWP30/Page_QATestHarness/MessageVersion'

2020-07-13 22:29:59 - [TEST_STEP][PASSED] - setText(findTestObject("Object Repository/IWP30/Page_QATestHarness/RemittanceID"), genRemIDVoid): Text 'LKBMC8saX6RY' is set on object 'Object Repository/IWP30/Page_QATestHarness/RemittanceID'

2020-07-13 22:30:00 - [MESSAGE][PASSED] - Text 'LKBMC8saX6RY' is set on object 'Object Repository/IWP30/Page_QATestHarness/RemittanceID'

2020-07-13 22:30:00 - [TEST_STEP][PASSED] - click(findTestObject("Object Repository/IWP30/Page_QATestHarness/SubmitButton")): Object: 'Object Repository/IWP30/Page_QATestHarness/SubmitButton' is clicked on

2020-07-13 22:30:01 - [MESSAGE][PASSED] - Object: 'Object Repository/IWP30/Page_QATestHarness/SubmitButton' is clicked on

2020-07-13 22:30:01 - [TEST_STEP][PASSED] - if (verifyElementPresent(findTestObject("Object Repository/IWP30/Page_SelectPaymentMethod/PayByCreditCard"), 30)): null

2020-07-13 22:30:01 - [MESSAGE][PASSED] - Object 'Object Repository/IWP30/Page_SelectPaymentMethod/PayByCreditCard' is present

2020-07-13 22:30:01 - [TEST_STEP][PASSED] - println("We are on Select Payment Method page, start populating"): null

2020-07-13 22:30:01 - [TEST_STEP][PASSED] - check(findTestObject("Object Repository/IWP30/Page_SelectPaymentMethod/PayByCreditCard")): Object 'Object Repository/IWP30/Page_SelectPaymentMethod/PayByCreditCard' is checked

2020-07-13 22:30:02 - [MESSAGE][PASSED] - Object 'Object Repository/IWP30/Page_SelectPaymentMethod/PayByCreditCard' is checked

2020-07-13 22:30:02 - [TEST_STEP][PASSED] - Thread.sleep(1000): null

2020-07-13 22:30:03 - [TEST_STEP][PASSED] - click(findTestObject("Object Repository/IWP30/Page_SelectPaymentMethod/MakePaymentButton")): Object: 'Object Repository/IWP30/Page_SelectPaymentMethod/MakePaymentButton' is clicked on

2020-07-13 22:30:04 - [MESSAGE][PASSED] - Object: 'Object Repository/IWP30/Page_SelectPaymentMethod/MakePaymentButton' is clicked on

2020-07-13 22:30:04 - [TEST_STEP][PASSED] - if (verifyElementPresent(findTestObject("Object Repository/IWP30/Page_CCPaymentEntry/Name"), 30)): null

2020-07-13 22:30:04 - [MESSAGE][PASSED] - Object 'Object Repository/IWP30/Page_CCPaymentEntry/Name' is present

2020-07-13 22:30:04 - [TEST_STEP][PASSED] - println("We are on Credit Card Payment Entry page, start populating"): null

2020-07-13 22:30:04 - [TEST_STEP][PASSED] - if (verifyElementPresent(findTestObject("Object Repository/IWP30/Page_CCPaymentEntry/Amount"), 30)): null

2020-07-13 22:30:05 - [MESSAGE][PASSED] - Object 'Object Repository/IWP30/Page_CCPaymentEntry/Amount' is present

2020-07-13 22:30:05 - [TEST_STEP][PASSED] - if (!(CCAmount.isEmpty())): null

2020-07-13 22:30:05 - [TEST_STEP][PASSED] - else: null

2020-07-13 22:30:05 - [TEST_STEP][PASSED] - println("Amount is not present in the Excel Spreadsheet"): null

2020-07-13 22:30:05 - [TEST_STEP][PASSED] - if (verifyElementPresent(findTestObject("Object Repository/IWP30/Page_CCPaymentEntry/UserDefined2"), 30)): null

2020-07-13 22:30:05 - [MESSAGE][PASSED] - Object 'Object Repository/IWP30/Page_CCPaymentEntry/UserDefined2' is present

2020-07-13 22:30:05 - [TEST_STEP][PASSED] - if (!(CCUDF2.isEmpty())): null

2020-07-13 22:30:05 - [TEST_STEP][PASSED] - else: null

2020-07-13 22:30:05 - [TEST_STEP][PASSED] - println("UDF2 data is not present in the Excel Spreadsheet"): null

2020-07-13 22:30:05 - [TEST_STEP][PASSED] - if (verifyElementPresent(findTestObject("Object Repository/IWP30/Page_CCPaymentEntry/UserDefined3"), 30)): null

2020-07-13 22:30:05 - [MESSAGE][PASSED] - Object 'Object Repository/IWP30/Page_CCPaymentEntry/UserDefined3' is present

2020-07-13 22:30:05 - [TEST_STEP][PASSED] - if (!(CCUDF3.isEmpty())): null

2020-07-13 22:30:05 - [TEST_STEP][PASSED] - else: null

2020-07-13 22:30:05 - [TEST_STEP][PASSED] - println("UDF3 data is not present in the Excel Spreadsheet"): null

2020-07-13 22:30:05 - [TEST_STEP][PASSED] - if (verifyElementPresent(findTestObject("Object Repository/IWP30/Page_CCPaymentEntry/UserDefined7"), 30)): null

2020-07-13 22:30:06 - [MESSAGE][PASSED] - Object 'Object Repository/IWP30/Page_CCPaymentEntry/UserDefined7' is present

2020-07-13 22:30:06 - [TEST_STEP][PASSED] - if (!(CCUDF7.isEmpty())): null

2020-07-13 22:30:06 - [TEST_STEP][PASSED] - else: null

2020-07-13 22:30:06 - [TEST_STEP][PASSED] - println("UDF7 data is not present in the Excel Spreadsheet"): null

2020-07-13 22:30:06 - [TEST_STEP][PASSED] - if (verifyElementPresent(findTestObject("Object Repository/IWP30/Page_CCPaymentEntry/UserDefined8"), 30)): null

2020-07-13 22:30:06 - [MESSAGE][PASSED] - Object 'Object Repository/IWP30/Page_CCPaymentEntry/UserDefined8' is present

2020-07-13 22:30:06 - [TEST_STEP][PASSED] - if (!(CCUDF8.isEmpty())): null

2020-07-13 22:30:06 - [TEST_STEP][PASSED] - else: null

2020-07-13 22:30:06 - [TEST_STEP][PASSED] - println("UDF8 data is not present in the Excel Spreadsheet"): null

2020-07-13 22:30:06 - [TEST_STEP][PASSED] - if (verifyElementPresent(findTestObject("Object Repository/IWP30/Page_CCPaymentEntry/Name"), 30)): null

2020-07-13 22:30:06 - [MESSAGE][PASSED] - Object 'Object Repository/IWP30/Page_CCPaymentEntry/Name' is present

2020-07-13 22:30:06 - [TEST_STEP][PASSED] - if (!(CCName.isEmpty())): null

2020-07-13 22:30:06 - [TEST_STEP][PASSED] - else: null

2020-07-13 22:30:06 - [TEST_STEP][PASSED] - println("CCName data is not present in the Excel Spreadsheet"): null

2020-07-13 22:30:06 - [TEST_STEP][PASSED] - if (verifyElementPresent(findTestObject("Object Repository/IWP30/Page_CCPaymentEntry/CardNumber"), 30)): null

2020-07-13 22:30:07 - [MESSAGE][PASSED] - Object 'Object Repository/IWP30/Page_CCPaymentEntry/CardNumber' is present

2020-07-13 22:30:07 - [TEST_STEP][PASSED] - if (!(CCCardNum.isEmpty())): Text '4111111111111111' is set on object 'Object Repository/IWP30/Page_CCPaymentEntry/CardNumber'

2020-07-13 22:30:07 - [TEST_STEP][PASSED] - setText(findTestObject("Object Repository/IWP30/Page_CCPaymentEntry/CardNumber"), CCCardNum): Text '4111111111111111' is set on object 'Object Repository/IWP30/Page_CCPaymentEntry/CardNumber'

2020-07-13 22:30:07 - [MESSAGE][PASSED] - Text '4111111111111111' is set on object 'Object Repository/IWP30/Page_CCPaymentEntry/CardNumber'

2020-07-13 22:30:07 - [TEST_STEP][PASSED] - if (verifyElementPresent(findTestObject("Object Repository/IWP30/Page_CCPaymentEntry/SPC"), 30)): null

2020-07-13 22:30:08 - [MESSAGE][PASSED] - Object 'Object Repository/IWP30/Page_CCPaymentEntry/SPC' is present

2020-07-13 22:30:08 - [TEST_STEP][PASSED] - if (!(CCSPC.isEmpty())): Text '123' is set on object 'Object Repository/IWP30/Page_CCPaymentEntry/SPC'

2020-07-13 22:30:08 - [TEST_STEP][PASSED] - setText(findTestObject("Object Repository/IWP30/Page_CCPaymentEntry/SPC"), CCSPC): Text '123' is set on object 'Object Repository/IWP30/Page_CCPaymentEntry/SPC'

2020-07-13 22:30:08 - [MESSAGE][PASSED] - Text '123' is set on object 'Object Repository/IWP30/Page_CCPaymentEntry/SPC'

2020-07-13 22:30:08 - [TEST_STEP][PASSED] - if (verifyElementPresent(findTestObject("Object Repository/IWP30/Page_CCPaymentEntry/Month"), 30)): null

2020-07-13 22:30:09 - [MESSAGE][PASSED] - Object 'Object Repository/IWP30/Page_CCPaymentEntry/Month' is present

2020-07-13 22:30:09 - [TEST_STEP][PASSED] - if (!(CCExpM.isEmpty())): All options with label '09' are selected in object 'Object Repository/IWP30/Page_CCPaymentEntry/Month' 

2020-07-13 22:30:09 - [TEST_STEP][PASSED] - selectOptionByLabel(findTestObject("Object Repository/IWP30/Page_CCPaymentEntry/Month"), CCExpM, false): All options with label '09' are selected in object 'Object Repository/IWP30/Page_CCPaymentEntry/Month' 

2020-07-13 22:30:09 - [MESSAGE][PASSED] - All options with label '09' are selected in object 'Object Repository/IWP30/Page_CCPaymentEntry/Month' 

2020-07-13 22:30:09 - [TEST_STEP][PASSED] - if (verifyElementPresent(findTestObject("Object Repository/IWP30/Page_CCPaymentEntry/Year"), 30)): null

2020-07-13 22:30:10 - [MESSAGE][PASSED] - Object 'Object Repository/IWP30/Page_CCPaymentEntry/Year' is present

2020-07-13 22:30:10 - [TEST_STEP][PASSED] - if (!(CCExpY.isEmpty())): All options with label '2023' are selected in object 'Object Repository/IWP30/Page_CCPaymentEntry/Year' 

2020-07-13 22:30:10 - [TEST_STEP][PASSED] - selectOptionByLabel(findTestObject("Object Repository/IWP30/Page_CCPaymentEntry/Year"), CCExpY, false): All options with label '2023' are selected in object 'Object Repository/IWP30/Page_CCPaymentEntry/Year' 

2020-07-13 22:30:10 - [MESSAGE][PASSED] - All options with label '2023' are selected in object 'Object Repository/IWP30/Page_CCPaymentEntry/Year' 

2020-07-13 22:30:10 - [TEST_STEP][PASSED] - if (verifyElementPresent(findTestObject("Object Repository/IWP30/Page_CCPaymentEntry/ProcessDate"), 30)): null

2020-07-13 22:30:11 - [MESSAGE][PASSED] - Object 'Object Repository/IWP30/Page_CCPaymentEntry/ProcessDate' is present

2020-07-13 22:30:11 - [TEST_STEP][PASSED] - if (!(CCDate.isEmpty())): null

2020-07-13 22:30:11 - [TEST_STEP][PASSED] - else: null

2020-07-13 22:30:11 - [TEST_STEP][PASSED] - println("CCDate is not present in the Excel Spreadsheet"): null

2020-07-13 22:30:11 - [TEST_STEP][PASSED] - if (verifyElementPresent(findTestObject("Object Repository/IWP30/Page_CCPaymentEntry/AL1"), 30)): null

2020-07-13 22:30:11 - [MESSAGE][PASSED] - Object 'Object Repository/IWP30/Page_CCPaymentEntry/AL1' is present

2020-07-13 22:30:11 - [TEST_STEP][PASSED] - if (!(CCAL1.isEmpty())): null

2020-07-13 22:30:11 - [TEST_STEP][PASSED] - else: null

2020-07-13 22:30:11 - [TEST_STEP][PASSED] - println("CCAL1 is not present in the Excel Spreadsheet"): null

2020-07-13 22:30:11 - [TEST_STEP][PASSED] - if (verifyElementPresent(findTestObject("Object Repository/IWP30/Page_CCPaymentEntry/AL2"), 30)): null

2020-07-13 22:30:11 - [MESSAGE][PASSED] - Object 'Object Repository/IWP30/Page_CCPaymentEntry/AL2' is present

2020-07-13 22:30:11 - [TEST_STEP][PASSED] - if (!(CCAL2.isEmpty())): null

2020-07-13 22:30:11 - [TEST_STEP][PASSED] - else: null

2020-07-13 22:30:11 - [TEST_STEP][PASSED] - println("CCAL2 is not present in the Excel Spreadsheet"): null

2020-07-13 22:30:11 - [TEST_STEP][PASSED] - if (verifyElementPresent(findTestObject("Object Repository/IWP30/Page_CCPaymentEntry/ZIP"), 30)): null

2020-07-13 22:30:12 - [MESSAGE][PASSED] - Object 'Object Repository/IWP30/Page_CCPaymentEntry/ZIP' is present

2020-07-13 22:30:12 - [TEST_STEP][PASSED] - if (!(CCZIP.isEmpty())): null

2020-07-13 22:30:12 - [TEST_STEP][PASSED] - else: null

2020-07-13 22:30:12 - [TEST_STEP][PASSED] - println("CCZIP is not present in the Excel Spreadsheet"): null

2020-07-13 22:30:12 - [TEST_STEP][PASSED] - if (verifyElementPresent(findTestObject("Object Repository/IWP30/Page_CCPaymentEntry/EmailAddress"), 30)): null

2020-07-13 22:30:12 - [MESSAGE][PASSED] - Object 'Object Repository/IWP30/Page_CCPaymentEntry/EmailAddress' is present

2020-07-13 22:30:12 - [TEST_STEP][PASSED] - if (!(CCEmail.isEmpty())): null

2020-07-13 22:30:12 - [TEST_STEP][PASSED] - else: null

2020-07-13 22:30:12 - [TEST_STEP][PASSED] - println("CCEmail is not present in the Excel Spreadsheet"): null

2020-07-13 22:30:12 - [TEST_STEP][PASSED] - if (verifyElementPresent(findTestObject("Object Repository/IWP30/Page_CCPaymentEntry/TermCondCheckBox"), 30)): null

2020-07-13 22:30:12 - [MESSAGE][PASSED] - Object 'Object Repository/IWP30/Page_CCPaymentEntry/TermCondCheckBox' is present

2020-07-13 22:30:12 - [TEST_STEP][PASSED] - check(findTestObject("Object Repository/IWP30/Page_CCPaymentEntry/TermCondCheckBox")): Object 'Object Repository/IWP30/Page_CCPaymentEntry/TermCondCheckBox' is checked

2020-07-13 22:30:13 - [MESSAGE][PASSED] - Object 'Object Repository/IWP30/Page_CCPaymentEntry/TermCondCheckBox' is checked

2020-07-13 22:30:13 - [TEST_STEP][PASSED] - if (verifyElementPresent(findTestObject("Object Repository/IWP30/Page_CCPaymentEntry/ContinueButton"), 30)): null

2020-07-13 22:30:13 - [MESSAGE][PASSED] - Object 'Object Repository/IWP30/Page_CCPaymentEntry/ContinueButton' is present

2020-07-13 22:30:13 - [TEST_STEP][PASSED] - click(findTestObject("Object Repository/IWP30/Page_CCPaymentEntry/ContinueButton")): Object: 'Object Repository/IWP30/Page_CCPaymentEntry/ContinueButton' is clicked on

2020-07-13 22:30:14 - [MESSAGE][PASSED] - Object: 'Object Repository/IWP30/Page_CCPaymentEntry/ContinueButton' is clicked on

2020-07-13 22:30:14 - [TEST_STEP][PASSED] - if (verifyTextPresent("Please verify the following information", false)): null

2020-07-13 22:30:15 - [MESSAGE][PASSED] - Text 'Please verify the following information' is present on page 

2020-07-13 22:30:15 - [TEST_STEP][PASSED] - println("Please verify the following information text is present on the Confirmation page"): null

2020-07-13 22:30:15 - [TEST_STEP][PASSED] - if (verifyTextPresent("Is this information correct?", false)): null

2020-07-13 22:30:15 - [MESSAGE][PASSED] - Text 'Is this information correct?' is present on page 

2020-07-13 22:30:15 - [TEST_STEP][PASSED] - println("Is this information correct text is present on the Confirmation page"): null

2020-07-13 22:30:15 - [TEST_STEP][PASSED] - if (verifyElementPresent(findTestObject("Object Repository/IWP30/Page_Confirmation/ConfirmButton"), 30)): null

2020-07-13 22:30:15 - [MESSAGE][PASSED] - Object 'Object Repository/IWP30/Page_Confirmation/ConfirmButton' is present

2020-07-13 22:30:15 - [TEST_STEP][PASSED] - click(findTestObject("Object Repository/IWP30/Page_Confirmation/ConfirmButton")): Object: 'Object Repository/IWP30/Page_Confirmation/ConfirmButton' is clicked on

2020-07-13 22:30:16 - [MESSAGE][PASSED] - Object: 'Object Repository/IWP30/Page_Confirmation/ConfirmButton' is clicked on

2020-07-13 22:30:16 - [TEST_STEP][PASSED] - Thread.sleep(10000): null

2020-07-13 22:30:26 - [TEST_STEP][PASSED] - if (verifyTextPresent("Successful Payment Receipt", false)): null

2020-07-13 22:30:27 - [MESSAGE][PASSED] - Text 'Successful Payment Receipt' is present on page 

2020-07-13 22:30:27 - [TEST_STEP][PASSED] - println("Successful Payment Receipt text is present on the Receipt page"): null

2020-07-13 22:30:27 - [TEST_STEP][PASSED] - if (verifyTextPresent("Please print this receipt for your records", false)): null

2020-07-13 22:30:27 - [MESSAGE][PASSED] - Text 'Please print this receipt for your records' is present on page 

2020-07-13 22:30:27 - [TEST_STEP][PASSED] - println("Please print this receipt for your records text is present on the Receipt page"): null

2020-07-13 22:30:27 - [TEST_STEP][PASSED] - if (verifyElementPresent(findTestObject("Object Repository/IWP30/Page_Receipt/ExitButton"), 30)): null

2020-07-13 22:30:27 - [MESSAGE][PASSED] - Object 'Object Repository/IWP30/Page_Receipt/ExitButton' is present

2020-07-13 22:30:27 - [TEST_STEP][PASSED] - println("Exit Button is present on the Receipt page"): null

2020-07-13 22:30:27 - [TEST_STEP][PASSED] - closeBrowser(): Browser is closed

2020-07-13 22:30:28 - [MESSAGE][PASSED] - Browser is closed

2020-07-13 22:30:28 - [TEST_STEP][PASSED] - try: null

2020-07-13 22:30:28 - [TEST_STEP][PASSED] - MV = findTestData("IWP30PayNowCC").getValue("MV", row): null

2020-07-13 22:30:28 - [TEST_STEP][PASSED] - println(MV): null

2020-07-13 22:30:28 - [TEST_STEP][PASSED] - Amount = findTestData("IWP30PayNowCC").getValue("Amount", row): null

2020-07-13 22:30:28 - [TEST_STEP][PASSED] - println(Amount): null

2020-07-13 22:30:28 - [TEST_STEP][PASSED] - CAN = findTestData("IWP30PayNowCC").getValue("CAN", row): null

2020-07-13 22:30:28 - [TEST_STEP][PASSED] - println(CAN): null

2020-07-13 22:30:28 - [TEST_STEP][PASSED] - Action = findTestData("IWP30PayNowCC").getValue("Action", row): null

2020-07-13 22:30:28 - [TEST_STEP][PASSED] - println(Action): null

2020-07-13 22:30:28 - [TEST_STEP][PASSED] - Lang = findTestData("IWP30PayNowCC").getValue("Lang", row): null

2020-07-13 22:30:28 - [TEST_STEP][PASSED] - println(Lang): null

2020-07-13 22:30:28 - [TEST_STEP][PASSED] - Fname = findTestData("IWP30PayNowCC").getValue("Fname", row): null

2020-07-13 22:30:28 - [TEST_STEP][PASSED] - println(Fname): null

2020-07-13 22:30:28 - [TEST_STEP][PASSED] - Lname = findTestData("IWP30PayNowCC").getValue("Lname", row): null

2020-07-13 22:30:28 - [TEST_STEP][PASSED] - println(Lname): null

2020-07-13 22:30:28 - [TEST_STEP][PASSED] - AL1 = findTestData("IWP30PayNowCC").getValue("AL1", row): null

2020-07-13 22:30:28 - [TEST_STEP][PASSED] - println(AL1): null

2020-07-13 22:30:28 - [TEST_STEP][PASSED] - AL2 = findTestData("IWP30PayNowCC").getValue("AL2", row): null

2020-07-13 22:30:28 - [TEST_STEP][PASSED] - println(AL2): null

2020-07-13 22:30:28 - [TEST_STEP][PASSED] - Country = findTestData("IWP30PayNowCC").getValue("Country", row): null

2020-07-13 22:30:28 - [TEST_STEP][PASSED] - println(Country): null

2020-07-13 22:30:28 - [TEST_STEP][PASSED] - City = findTestData("IWP30PayNowCC").getValue("City", row): null

2020-07-13 22:30:28 - [TEST_STEP][PASSED] - println(City): null

2020-07-13 22:30:28 - [TEST_STEP][PASSED] - State = findTestData("IWP30PayNowCC").getValue("State", row): null

2020-07-13 22:30:29 - [TEST_STEP][PASSED] - println(State): null

2020-07-13 22:30:29 - [TEST_STEP][PASSED] - ZIP = findTestData("IWP30PayNowCC").getValue("ZIP", row): null

2020-07-13 22:30:29 - [TEST_STEP][PASSED] - println(ZIP): null

2020-07-13 22:30:29 - [TEST_STEP][PASSED] - Order = findTestData("IWP30PayNowCC").getValue("Order", row): null

2020-07-13 22:30:29 - [TEST_STEP][PASSED] - println(Order): null

2020-07-13 22:30:29 - [TEST_STEP][PASSED] - CompanyName = findTestData("IWP30PayNowCC").getValue("CompanyName", row): null

2020-07-13 22:30:29 - [TEST_STEP][PASSED] - println(CompanyName): null

2020-07-13 22:30:29 - [TEST_STEP][PASSED] - Email = findTestData("IWP30PayNowCC").getValue("Email", row): null

2020-07-13 22:30:29 - [TEST_STEP][PASSED] - println(Email): null

2020-07-13 22:30:29 - [TEST_STEP][PASSED] - UDF1 = findTestData("IWP30PayNowCC").getValue("UDF1", row): null

2020-07-13 22:30:29 - [TEST_STEP][PASSED] - println(UDF1): null

2020-07-13 22:30:29 - [TEST_STEP][PASSED] - UDF2 = findTestData("IWP30PayNowCC").getValue("UDF2", row): null

2020-07-13 22:30:29 - [TEST_STEP][PASSED] - println(UDF2): null

2020-07-13 22:30:29 - [TEST_STEP][PASSED] - UDF3 = findTestData("IWP30PayNowCC").getValue("UDF3", row): null

2020-07-13 22:30:29 - [TEST_STEP][PASSED] - println(UDF3): null

2020-07-13 22:30:29 - [TEST_STEP][PASSED] - UDF4 = findTestData("IWP30PayNowCC").getValue("UDF4", row): null

2020-07-13 22:30:29 - [TEST_STEP][PASSED] - println(UDF4): null

2020-07-13 22:30:29 - [TEST_STEP][PASSED] - UDF5 = findTestData("IWP30PayNowCC").getValue("UDF5", row): null

2020-07-13 22:30:29 - [TEST_STEP][PASSED] - println(UDF5): null

2020-07-13 22:30:29 - [TEST_STEP][PASSED] - UDF6 = findTestData("IWP30PayNowCC").getValue("UDF6", row): null

2020-07-13 22:30:29 - [TEST_STEP][PASSED] - println(UDF6): null

2020-07-13 22:30:29 - [TEST_STEP][PASSED] - UDF7 = findTestData("IWP30PayNowCC").getValue("UDF7", row): null

2020-07-13 22:30:29 - [TEST_STEP][PASSED] - println(UDF7): null

2020-07-13 22:30:29 - [TEST_STEP][PASSED] - UDF8 = findTestData("IWP30PayNowCC").getValue("UDF8", row): null

2020-07-13 22:30:29 - [TEST_STEP][PASSED] - println(UDF8): null

2020-07-13 22:30:29 - [TEST_STEP][PASSED] - UDF9 = findTestData("IWP30PayNowCC").getValue("UDF9", row): null

2020-07-13 22:30:29 - [TEST_STEP][PASSED] - println(UDF9): null

2020-07-13 22:30:29 - [TEST_STEP][PASSED] - UDF10 = findTestData("IWP30PayNowCC").getValue("UDF10", row): null

2020-07-13 22:30:29 - [TEST_STEP][PASSED] - println(UDF10): null

2020-07-13 22:30:29 - [TEST_STEP][PASSED] - AppID = findTestData("IWP30PayNowCC").getValue("AppID", row): null

2020-07-13 22:30:29 - [TEST_STEP][PASSED] - println(AppID): null

2020-07-13 22:30:29 - [TEST_STEP][PASSED] - MessageVersion = findTestData("IWP30PayNowCC").getValue("MessageVersion", row): null

2020-07-13 22:30:29 - [TEST_STEP][PASSED] - println(MessageVersion): null

2020-07-13 22:30:29 - [TEST_STEP][PASSED] - CCAmount = findTestData("IWP30PayNowCC").getValue("CCAmount", row): null

2020-07-13 22:30:29 - [TEST_STEP][PASSED] - println(CCAmount): null

2020-07-13 22:30:29 - [TEST_STEP][PASSED] - CCUDF1 = findTestData("IWP30PayNowCC").getValue("CCUDF1", row): null

2020-07-13 22:30:29 - [TEST_STEP][PASSED] - println(CCUDF1): null

2020-07-13 22:30:29 - [TEST_STEP][PASSED] - CCUDF2 = findTestData("IWP30PayNowCC").getValue("CCUDF2", row): null

2020-07-13 22:30:29 - [TEST_STEP][PASSED] - println(CCUDF2): null

2020-07-13 22:30:29 - [TEST_STEP][PASSED] - CCUDF3 = findTestData("IWP30PayNowCC").getValue("CCUDF3", row): null

2020-07-13 22:30:29 - [TEST_STEP][PASSED] - println(CCUDF3): null

2020-07-13 22:30:29 - [TEST_STEP][PASSED] - CCUDF4 = findTestData("IWP30PayNowCC").getValue("CCUDF4", row): null

2020-07-13 22:30:29 - [TEST_STEP][PASSED] - println(CCUDF4): null

2020-07-13 22:30:29 - [TEST_STEP][PASSED] - CCUDF5 = findTestData("IWP30PayNowCC").getValue("CCUDF5", row): null

2020-07-13 22:30:29 - [TEST_STEP][PASSED] - println(CCUDF5): null

2020-07-13 22:30:29 - [TEST_STEP][PASSED] - CCUDF6 = findTestData("IWP30PayNowCC").getValue("CCUDF6", row): null

2020-07-13 22:30:29 - [TEST_STEP][PASSED] - println(CCUDF6): null

2020-07-13 22:30:29 - [TEST_STEP][PASSED] - CCUDF7 = findTestData("IWP30PayNowCC").getValue("CCUDF7", row): null

2020-07-13 22:30:29 - [TEST_STEP][PASSED] - println(CCUDF7): null

2020-07-13 22:30:29 - [TEST_STEP][PASSED] - CCUDF8 = findTestData("IWP30PayNowCC").getValue("CCUDF8", row): null

2020-07-13 22:30:29 - [TEST_STEP][PASSED] - println(CCUDF8): null

2020-07-13 22:30:29 - [TEST_STEP][PASSED] - CCUDF9 = findTestData("IWP30PayNowCC").getValue("CCUDF9", row): null

2020-07-13 22:30:29 - [TEST_STEP][PASSED] - println(CCUDF9): null

2020-07-13 22:30:29 - [TEST_STEP][PASSED] - CCUDF10 = findTestData("IWP30PayNowCC").getValue("CCUDF10", row): null

2020-07-13 22:30:29 - [TEST_STEP][PASSED] - println(CCUDF10): null

2020-07-13 22:30:29 - [TEST_STEP][PASSED] - CCName = findTestData("IWP30PayNowCC").getValue("CCName", row): null

2020-07-13 22:30:29 - [TEST_STEP][PASSED] - println(CCName): null

2020-07-13 22:30:29 - [TEST_STEP][PASSED] - CCCardNum = findTestData("IWP30PayNowCC").getValue("CCCardNum", row): null

2020-07-13 22:30:30 - [TEST_STEP][PASSED] - println(CCCardNum): null

2020-07-13 22:30:30 - [TEST_STEP][PASSED] - CCSPC = findTestData("IWP30PayNowCC").getValue("CCSPC", row): null

2020-07-13 22:30:30 - [TEST_STEP][PASSED] - println(CCSPC): null

2020-07-13 22:30:30 - [TEST_STEP][PASSED] - CCExpM = findTestData("IWP30PayNowCC").getValue("CCExpM", row): null

2020-07-13 22:30:30 - [TEST_STEP][PASSED] - println(CCExpM): null

2020-07-13 22:30:30 - [TEST_STEP][PASSED] - CCExpY = findTestData("IWP30PayNowCC").getValue("CCExpY", row): null

2020-07-13 22:30:30 - [TEST_STEP][PASSED] - println(CCExpY): null

2020-07-13 22:30:30 - [TEST_STEP][PASSED] - CCDate = findTestData("IWP30PayNowCC").getValue("CCDate", row): null

2020-07-13 22:30:30 - [TEST_STEP][PASSED] - println(CCDate): null

2020-07-13 22:30:30 - [TEST_STEP][PASSED] - CCAL1 = findTestData("IWP30PayNowCC").getValue("CCAL1", row): null

2020-07-13 22:30:30 - [TEST_STEP][PASSED] - println(CCAL1): null

2020-07-13 22:30:30 - [TEST_STEP][PASSED] - CCAL2 = findTestData("IWP30PayNowCC").getValue("CCAL2", row): null

2020-07-13 22:30:30 - [TEST_STEP][PASSED] - println(CCAL2): null

2020-07-13 22:30:30 - [TEST_STEP][PASSED] - CCZIP = findTestData("IWP30PayNowCC").getValue("CCZIP", row): null

2020-07-13 22:30:30 - [TEST_STEP][PASSED] - println(CCZIP): null

2020-07-13 22:30:30 - [TEST_STEP][PASSED] - CCEmail = findTestData("IWP30PayNowCC").getValue("CCEmail", row): null

2020-07-13 22:30:30 - [TEST_STEP][PASSED] - println(CCEmail): null

2020-07-13 22:30:30 - [TEST_STEP][PASSED] - openBrowser("https://qa.velocitypayment.com/agency/config.do?action=editor"): Browser is opened with url: 'https://qa.velocitypayment.com/agency/config.do?action=editor'

2020-07-13 22:30:30 - [MESSAGE][INFO] - Starting 'Chrome' driver

2020-07-13 22:30:30 - [MESSAGE][INFO] - User set preference: ['acceptInsecureCerts', 'true']

2020-07-13 22:30:30 - [MESSAGE][INFO] - Action delay is set to 0 milliseconds

2020-07-13 22:30:33 - [MESSAGE][PASSED] - Browser is opened with url: 'https://qa.velocitypayment.com/agency/config.do?action=editor'

2020-07-13 22:30:33 - [TEST_STEP][PASSED] - maximizeWindow(): Current window maximized

2020-07-13 22:30:34 - [MESSAGE][PASSED] - Current window maximized

2020-07-13 22:30:34 - [TEST_STEP][PASSED] - selectOptionByValue(findTestObject("IWP30/Page_VRelay30Emulator/MV"), MV, true): All options with value '3.0' are selected in object 'Object Repository/IWP30/Page_VRelay30Emulator/MV'  using regular expression

2020-07-13 22:30:35 - [MESSAGE][PASSED] - All options with value '3.0' are selected in object 'Object Repository/IWP30/Page_VRelay30Emulator/MV'  using regular expression

2020-07-13 22:30:35 - [TEST_STEP][PASSED] - setText(findTestObject("IWP30/Page_VRelay30Emulator/Amount"), Amount): Text '29.50' is set on object 'Object Repository/IWP30/Page_VRelay30Emulator/Amount'

2020-07-13 22:30:36 - [MESSAGE][PASSED] - Text '29.50' is set on object 'Object Repository/IWP30/Page_VRelay30Emulator/Amount'

2020-07-13 22:30:36 - [TEST_STEP][PASSED] - setText(findTestObject("IWP30/Page_VRelay30Emulator/CAN"), CAN): Text '26412109' is set on object 'Object Repository/IWP30/Page_VRelay30Emulator/CAN'

2020-07-13 22:30:36 - [MESSAGE][PASSED] - Text '26412109' is set on object 'Object Repository/IWP30/Page_VRelay30Emulator/CAN'

2020-07-13 22:30:36 - [TEST_STEP][PASSED] - setText(findTestObject("IWP30/Page_VRelay30Emulator/Action"), Action): Text 'PayNow' is set on object 'Object Repository/IWP30/Page_VRelay30Emulator/Action'

2020-07-13 22:30:37 - [MESSAGE][PASSED] - Text 'PayNow' is set on object 'Object Repository/IWP30/Page_VRelay30Emulator/Action'

2020-07-13 22:30:37 - [TEST_STEP][PASSED] - setText(findTestObject("IWP30/Page_VRelay30Emulator/Lang"), Lang): Text 'en_US' is set on object 'Object Repository/IWP30/Page_VRelay30Emulator/Lang'

2020-07-13 22:30:38 - [MESSAGE][PASSED] - Text 'en_US' is set on object 'Object Repository/IWP30/Page_VRelay30Emulator/Lang'

2020-07-13 22:30:38 - [TEST_STEP][PASSED] - setText(findTestObject("IWP30/Page_VRelay30Emulator/Fname"), Fname): Text 'Jonty' is set on object 'Object Repository/IWP30/Page_VRelay30Emulator/Fname'

2020-07-13 22:30:38 - [MESSAGE][PASSED] - Text 'Jonty' is set on object 'Object Repository/IWP30/Page_VRelay30Emulator/Fname'

2020-07-13 22:30:38 - [TEST_STEP][PASSED] - setText(findTestObject("IWP30/Page_VRelay30Emulator/Lname"), Lname): Text 'Smith' is set on object 'Object Repository/IWP30/Page_VRelay30Emulator/Lname'

2020-07-13 22:30:39 - [MESSAGE][PASSED] - Text 'Smith' is set on object 'Object Repository/IWP30/Page_VRelay30Emulator/Lname'

2020-07-13 22:30:39 - [TEST_STEP][PASSED] - setText(findTestObject("IWP30/Page_VRelay30Emulator/AL1"), AL1): Text '15 Elm St' is set on object 'Object Repository/IWP30/Page_VRelay30Emulator/AL1'

2020-07-13 22:30:40 - [MESSAGE][PASSED] - Text '15 Elm St' is set on object 'Object Repository/IWP30/Page_VRelay30Emulator/AL1'

2020-07-13 22:30:40 - [TEST_STEP][PASSED] - setText(findTestObject("IWP30/Page_VRelay30Emulator/AL2"), AL2): Text 'Suite 600' is set on object 'Object Repository/IWP30/Page_VRelay30Emulator/AL2'

2020-07-13 22:30:40 - [MESSAGE][PASSED] - Text 'Suite 600' is set on object 'Object Repository/IWP30/Page_VRelay30Emulator/AL2'

2020-07-13 22:30:40 - [TEST_STEP][PASSED] - setText(findTestObject("IWP30/Page_VRelay30Emulator/Country"), Country): Text '840' is set on object 'Object Repository/IWP30/Page_VRelay30Emulator/Country'

2020-07-13 22:30:41 - [MESSAGE][PASSED] - Text '840' is set on object 'Object Repository/IWP30/Page_VRelay30Emulator/Country'

2020-07-13 22:30:41 - [TEST_STEP][PASSED] - setText(findTestObject("IWP30/Page_VRelay30Emulator/City"), City): Text 'Gambrills' is set on object 'Object Repository/IWP30/Page_VRelay30Emulator/City'

2020-07-13 22:30:41 - [MESSAGE][PASSED] - Text 'Gambrills' is set on object 'Object Repository/IWP30/Page_VRelay30Emulator/City'

2020-07-13 22:30:41 - [TEST_STEP][PASSED] - setText(findTestObject("IWP30/Page_VRelay30Emulator/State"), State): Text 'MD' is set on object 'Object Repository/IWP30/Page_VRelay30Emulator/State'

2020-07-13 22:30:42 - [MESSAGE][PASSED] - Text 'MD' is set on object 'Object Repository/IWP30/Page_VRelay30Emulator/State'

2020-07-13 22:30:42 - [TEST_STEP][PASSED] - setText(findTestObject("IWP30/Page_VRelay30Emulator/ZIP"), ZIP): Text '21054' is set on object 'Object Repository/IWP30/Page_VRelay30Emulator/ZIP'

2020-07-13 22:30:43 - [MESSAGE][PASSED] - Text '21054' is set on object 'Object Repository/IWP30/Page_VRelay30Emulator/ZIP'

2020-07-13 22:30:43 - [TEST_STEP][PASSED] - setText(findTestObject("IWP30/Page_VRelay30Emulator/Order"), Order): Text '' is set on object 'Object Repository/IWP30/Page_VRelay30Emulator/Order'

2020-07-13 22:30:43 - [MESSAGE][PASSED] - Text '' is set on object 'Object Repository/IWP30/Page_VRelay30Emulator/Order'

2020-07-13 22:30:43 - [TEST_STEP][PASSED] - setText(findTestObject("IWP30/Page_VRelay30Emulator/Company"), CompanyName): Text '' is set on object 'Object Repository/IWP30/Page_VRelay30Emulator/Company'

2020-07-13 22:30:44 - [MESSAGE][PASSED] - Text '' is set on object 'Object Repository/IWP30/Page_VRelay30Emulator/Company'

2020-07-13 22:30:44 - [TEST_STEP][PASSED] - setText(findTestObject("IWP30/Page_VRelay30Emulator/Email"), Email): Text 'iahmed@govolution.com' is set on object 'Object Repository/IWP30/Page_VRelay30Emulator/Email'

2020-07-13 22:30:45 - [MESSAGE][PASSED] - Text 'iahmed@govolution.com' is set on object 'Object Repository/IWP30/Page_VRelay30Emulator/Email'

2020-07-13 22:30:45 - [TEST_STEP][PASSED] - setText(findTestObject("IWP30/Page_VRelay30Emulator/UDF1"), UDF1): Text 'udf data 1' is set on object 'Object Repository/IWP30/Page_VRelay30Emulator/UDF1'

2020-07-13 22:30:45 - [MESSAGE][PASSED] - Text 'udf data 1' is set on object 'Object Repository/IWP30/Page_VRelay30Emulator/UDF1'

2020-07-13 22:30:45 - [TEST_STEP][PASSED] - setText(findTestObject("IWP30/Page_VRelay30Emulator/UDF2"), UDF2): Text 'udf data 2' is set on object 'Object Repository/IWP30/Page_VRelay30Emulator/UDF2'

2020-07-13 22:30:46 - [MESSAGE][PASSED] - Text 'udf data 2' is set on object 'Object Repository/IWP30/Page_VRelay30Emulator/UDF2'

2020-07-13 22:30:46 - [TEST_STEP][PASSED] - setText(findTestObject("IWP30/Page_VRelay30Emulator/UDF3"), UDF3): Text 'udf data 3' is set on object 'Object Repository/IWP30/Page_VRelay30Emulator/UDF3'

2020-07-13 22:30:47 - [MESSAGE][PASSED] - Text 'udf data 3' is set on object 'Object Repository/IWP30/Page_VRelay30Emulator/UDF3'

2020-07-13 22:30:47 - [TEST_STEP][PASSED] - setText(findTestObject("IWP30/Page_VRelay30Emulator/UDF4"), UDF4): Text 'udf data 4' is set on object 'Object Repository/IWP30/Page_VRelay30Emulator/UDF4'

2020-07-13 22:30:47 - [MESSAGE][PASSED] - Text 'udf data 4' is set on object 'Object Repository/IWP30/Page_VRelay30Emulator/UDF4'

2020-07-13 22:30:47 - [TEST_STEP][PASSED] - setText(findTestObject("IWP30/Page_VRelay30Emulator/UDF5"), UDF5): Text 'udf data 5' is set on object 'Object Repository/IWP30/Page_VRelay30Emulator/UDF5'

2020-07-13 22:30:48 - [MESSAGE][PASSED] - Text 'udf data 5' is set on object 'Object Repository/IWP30/Page_VRelay30Emulator/UDF5'

2020-07-13 22:30:48 - [TEST_STEP][PASSED] - setText(findTestObject("IWP30/Page_VRelay30Emulator/UDF6"), UDF6): Text 'udf data 6' is set on object 'Object Repository/IWP30/Page_VRelay30Emulator/UDF6'

2020-07-13 22:30:49 - [MESSAGE][PASSED] - Text 'udf data 6' is set on object 'Object Repository/IWP30/Page_VRelay30Emulator/UDF6'

2020-07-13 22:30:49 - [TEST_STEP][PASSED] - setText(findTestObject("IWP30/Page_VRelay30Emulator/UDF7"), UDF7): Text 'Orange' is set on object 'Object Repository/IWP30/Page_VRelay30Emulator/UDF7'

2020-07-13 22:30:50 - [MESSAGE][PASSED] - Text 'Orange' is set on object 'Object Repository/IWP30/Page_VRelay30Emulator/UDF7'

2020-07-13 22:30:50 - [TEST_STEP][PASSED] - setText(findTestObject("IWP30/Page_VRelay30Emulator/UDF8"), UDF8): Text 'Soccer' is set on object 'Object Repository/IWP30/Page_VRelay30Emulator/UDF8'

2020-07-13 22:30:50 - [MESSAGE][PASSED] - Text 'Soccer' is set on object 'Object Repository/IWP30/Page_VRelay30Emulator/UDF8'

2020-07-13 22:30:50 - [TEST_STEP][PASSED] - setText(findTestObject("IWP30/Page_VRelay30Emulator/UDF9"), UDF9): Text 'udf data 9' is set on object 'Object Repository/IWP30/Page_VRelay30Emulator/UDF9'

2020-07-13 22:30:51 - [MESSAGE][PASSED] - Text 'udf data 9' is set on object 'Object Repository/IWP30/Page_VRelay30Emulator/UDF9'

2020-07-13 22:30:51 - [TEST_STEP][PASSED] - setText(findTestObject("IWP30/Page_VRelay30Emulator/UDF10"), UDF10): Text 'udf data 10' is set on object 'Object Repository/IWP30/Page_VRelay30Emulator/UDF10'

2020-07-13 22:30:52 - [MESSAGE][PASSED] - Text 'udf data 10' is set on object 'Object Repository/IWP30/Page_VRelay30Emulator/UDF10'

2020-07-13 22:30:52 - [TEST_STEP][PASSED] - Thread.sleep(5000): null

2020-07-13 22:30:57 - [TEST_STEP][PASSED] - click(findTestObject("IWP30/Page_VRelay30Emulator/Submit")): Object: 'Object Repository/IWP30/Page_VRelay30Emulator/Submit' is clicked on

2020-07-13 22:30:57 - [MESSAGE][PASSED] - Object: 'Object Repository/IWP30/Page_VRelay30Emulator/Submit' is clicked on

2020-07-13 22:30:57 - [TEST_STEP][PASSED] - closeBrowser(): Browser is closed

2020-07-13 22:30:58 - [MESSAGE][PASSED] - Browser is closed

2020-07-13 22:30:58 - [TEST_STEP][PASSED] - openBrowser("https://dev-algorithm.govolution.com/vrelaytest/QA/version_2_2/vrelaytest.html"): Browser is opened with url: 'https://dev-algorithm.govolution.com/vrelaytest/QA/version_2_2/vrelaytest.html'

2020-07-13 22:30:58 - [MESSAGE][INFO] - Starting 'Chrome' driver

2020-07-13 22:30:58 - [MESSAGE][INFO] - User set preference: ['acceptInsecureCerts', 'true']

2020-07-13 22:30:58 - [MESSAGE][INFO] - Action delay is set to 0 milliseconds

2020-07-13 22:31:02 - [MESSAGE][PASSED] - Browser is opened with url: 'https://dev-algorithm.govolution.com/vrelaytest/QA/version_2_2/vrelaytest.html'

2020-07-13 22:31:02 - [TEST_STEP][PASSED] - maximizeWindow(): Current window maximized

2020-07-13 22:31:02 - [MESSAGE][PASSED] - Current window maximized

2020-07-13 22:31:02 - [TEST_STEP][PASSED] - genRemIDVoid = RandomStringUtils.random(12, true, true): null

2020-07-13 22:31:02 - [TEST_STEP][PASSED] - if (verifyElementPresent(findTestObject("Object Repository/IWP30/Page_QATestHarness/RemittanceID"), 30)): null

2020-07-13 22:31:03 - [MESSAGE][PASSED] - Object 'Object Repository/IWP30/Page_QATestHarness/RemittanceID' is present

2020-07-13 22:31:03 - [TEST_STEP][PASSED] - println("We are on Test Harness page, start populating"): null

2020-07-13 22:31:03 - [TEST_STEP][PASSED] - setText(findTestObject("Object Repository/IWP30/Page_QATestHarness/ApplicationID"), AppID): Text '649' is set on object 'Object Repository/IWP30/Page_QATestHarness/ApplicationID'

2020-07-13 22:31:03 - [MESSAGE][PASSED] - Text '649' is set on object 'Object Repository/IWP30/Page_QATestHarness/ApplicationID'

2020-07-13 22:31:03 - [TEST_STEP][PASSED] - setText(findTestObject("Object Repository/IWP30/Page_QATestHarness/MessageVersion"), MessageVersion): Text '3.0' is set on object 'Object Repository/IWP30/Page_QATestHarness/MessageVersion'

2020-07-13 22:31:04 - [MESSAGE][PASSED] - Text '3.0' is set on object 'Object Repository/IWP30/Page_QATestHarness/MessageVersion'

2020-07-13 22:31:04 - [TEST_STEP][PASSED] - setText(findTestObject("Object Repository/IWP30/Page_QATestHarness/RemittanceID"), genRemIDVoid): Text 'pDbsfKeUXZVM' is set on object 'Object Repository/IWP30/Page_QATestHarness/RemittanceID'

2020-07-13 22:31:05 - [MESSAGE][PASSED] - Text 'pDbsfKeUXZVM' is set on object 'Object Repository/IWP30/Page_QATestHarness/RemittanceID'

2020-07-13 22:31:05 - [TEST_STEP][PASSED] - click(findTestObject("Object Repository/IWP30/Page_QATestHarness/SubmitButton")): Object: 'Object Repository/IWP30/Page_QATestHarness/SubmitButton' is clicked on

2020-07-13 22:31:06 - [MESSAGE][PASSED] - Object: 'Object Repository/IWP30/Page_QATestHarness/SubmitButton' is clicked on

2020-07-13 22:31:06 - [TEST_STEP][PASSED] - if (verifyElementPresent(findTestObject("Object Repository/IWP30/Page_SelectPaymentMethod/PayByCreditCard"), 30)): null

2020-07-13 22:31:06 - [MESSAGE][PASSED] - Object 'Object Repository/IWP30/Page_SelectPaymentMethod/PayByCreditCard' is present

2020-07-13 22:31:06 - [TEST_STEP][PASSED] - println("We are on Select Payment Method page, start populating"): null

2020-07-13 22:31:06 - [TEST_STEP][PASSED] - check(findTestObject("Object Repository/IWP30/Page_SelectPaymentMethod/PayByCreditCard")): Object 'Object Repository/IWP30/Page_SelectPaymentMethod/PayByCreditCard' is checked

2020-07-13 22:31:07 - [MESSAGE][PASSED] - Object 'Object Repository/IWP30/Page_SelectPaymentMethod/PayByCreditCard' is checked

2020-07-13 22:31:07 - [TEST_STEP][PASSED] - Thread.sleep(1000): null

2020-07-13 22:31:08 - [TEST_STEP][PASSED] - click(findTestObject("Object Repository/IWP30/Page_SelectPaymentMethod/MakePaymentButton")): Object: 'Object Repository/IWP30/Page_SelectPaymentMethod/MakePaymentButton' is clicked on

2020-07-13 22:31:09 - [MESSAGE][PASSED] - Object: 'Object Repository/IWP30/Page_SelectPaymentMethod/MakePaymentButton' is clicked on

2020-07-13 22:31:09 - [TEST_STEP][PASSED] - if (verifyElementPresent(findTestObject("Object Repository/IWP30/Page_CCPaymentEntry/Name"), 30)): null

2020-07-13 22:31:09 - [MESSAGE][PASSED] - Object 'Object Repository/IWP30/Page_CCPaymentEntry/Name' is present

2020-07-13 22:31:09 - [TEST_STEP][PASSED] - println("We are on Credit Card Payment Entry page, start populating"): null

2020-07-13 22:31:09 - [TEST_STEP][PASSED] - if (verifyElementPresent(findTestObject("Object Repository/IWP30/Page_CCPaymentEntry/Amount"), 30)): null

2020-07-13 22:31:10 - [MESSAGE][PASSED] - Object 'Object Repository/IWP30/Page_CCPaymentEntry/Amount' is present

2020-07-13 22:31:10 - [TEST_STEP][PASSED] - if (!(CCAmount.isEmpty())): Text '20.50' is set on object 'Object Repository/IWP30/Page_CCPaymentEntry/Amount'

2020-07-13 22:31:10 - [TEST_STEP][PASSED] - setText(findTestObject("Object Repository/IWP30/Page_CCPaymentEntry/Amount"), CCAmount): Text '20.50' is set on object 'Object Repository/IWP30/Page_CCPaymentEntry/Amount'

2020-07-13 22:31:11 - [MESSAGE][PASSED] - Text '20.50' is set on object 'Object Repository/IWP30/Page_CCPaymentEntry/Amount'

2020-07-13 22:31:11 - [TEST_STEP][PASSED] - if (verifyElementPresent(findTestObject("Object Repository/IWP30/Page_CCPaymentEntry/UserDefined2"), 30)): null

2020-07-13 22:31:11 - [MESSAGE][PASSED] - Object 'Object Repository/IWP30/Page_CCPaymentEntry/UserDefined2' is present

2020-07-13 22:31:11 - [TEST_STEP][PASSED] - if (!(CCUDF2.isEmpty())): Text 'Circle' is set on object 'Object Repository/IWP30/Page_CCPaymentEntry/UserDefined2'

2020-07-13 22:31:11 - [TEST_STEP][PASSED] - setText(findTestObject("Object Repository/IWP30/Page_CCPaymentEntry/UserDefined2"), CCUDF2): Text 'Circle' is set on object 'Object Repository/IWP30/Page_CCPaymentEntry/UserDefined2'

2020-07-13 22:31:12 - [MESSAGE][PASSED] - Text 'Circle' is set on object 'Object Repository/IWP30/Page_CCPaymentEntry/UserDefined2'

2020-07-13 22:31:12 - [TEST_STEP][PASSED] - if (verifyElementPresent(findTestObject("Object Repository/IWP30/Page_CCPaymentEntry/UserDefined3"), 30)): null

2020-07-13 22:31:12 - [MESSAGE][PASSED] - Object 'Object Repository/IWP30/Page_CCPaymentEntry/UserDefined3' is present

2020-07-13 22:31:12 - [TEST_STEP][PASSED] - if (!(CCUDF3.isEmpty())): Text 'Triangle' is set on object 'Object Repository/IWP30/Page_CCPaymentEntry/UserDefined3'

2020-07-13 22:31:12 - [TEST_STEP][PASSED] - setText(findTestObject("Object Repository/IWP30/Page_CCPaymentEntry/UserDefined3"), CCUDF3): Text 'Triangle' is set on object 'Object Repository/IWP30/Page_CCPaymentEntry/UserDefined3'

2020-07-13 22:31:12 - [MESSAGE][PASSED] - Text 'Triangle' is set on object 'Object Repository/IWP30/Page_CCPaymentEntry/UserDefined3'

2020-07-13 22:31:12 - [TEST_STEP][PASSED] - if (verifyElementPresent(findTestObject("Object Repository/IWP30/Page_CCPaymentEntry/UserDefined7"), 30)): null

2020-07-13 22:31:13 - [MESSAGE][PASSED] - Object 'Object Repository/IWP30/Page_CCPaymentEntry/UserDefined7' is present

2020-07-13 22:31:13 - [TEST_STEP][PASSED] - if (!(CCUDF7.isEmpty())): All options with label 'Purple' are selected in object 'Object Repository/IWP30/Page_CCPaymentEntry/UserDefined7' 

2020-07-13 22:31:13 - [TEST_STEP][PASSED] - selectOptionByLabel(findTestObject("Object Repository/IWP30/Page_CCPaymentEntry/UserDefined7"), CCUDF7, false): All options with label 'Purple' are selected in object 'Object Repository/IWP30/Page_CCPaymentEntry/UserDefined7' 

2020-07-13 22:31:13 - [MESSAGE][PASSED] - All options with label 'Purple' are selected in object 'Object Repository/IWP30/Page_CCPaymentEntry/UserDefined7' 

2020-07-13 22:31:13 - [TEST_STEP][PASSED] - if (verifyElementPresent(findTestObject("Object Repository/IWP30/Page_CCPaymentEntry/UserDefined8"), 30)): null

2020-07-13 22:31:14 - [MESSAGE][PASSED] - Object 'Object Repository/IWP30/Page_CCPaymentEntry/UserDefined8' is present

2020-07-13 22:31:14 - [TEST_STEP][PASSED] - if (!(CCUDF8.isEmpty())): All options with label 'Tennis' are selected in object 'Object Repository/IWP30/Page_CCPaymentEntry/UserDefined8' 

2020-07-13 22:31:14 - [TEST_STEP][PASSED] - selectOptionByLabel(findTestObject("Object Repository/IWP30/Page_CCPaymentEntry/UserDefined8"), CCUDF8, false): All options with label 'Tennis' are selected in object 'Object Repository/IWP30/Page_CCPaymentEntry/UserDefined8' 

2020-07-13 22:31:14 - [MESSAGE][PASSED] - All options with label 'Tennis' are selected in object 'Object Repository/IWP30/Page_CCPaymentEntry/UserDefined8' 

2020-07-13 22:31:14 - [TEST_STEP][PASSED] - if (verifyElementPresent(findTestObject("Object Repository/IWP30/Page_CCPaymentEntry/Name"), 30)): null

2020-07-13 22:31:15 - [MESSAGE][PASSED] - Object 'Object Repository/IWP30/Page_CCPaymentEntry/Name' is present

2020-07-13 22:31:15 - [TEST_STEP][PASSED] - if (!(CCName.isEmpty())): Text 'Alan Donald' is set on object 'Object Repository/IWP30/Page_CCPaymentEntry/Name'

2020-07-13 22:31:15 - [TEST_STEP][PASSED] - setText(findTestObject("Object Repository/IWP30/Page_CCPaymentEntry/Name"), CCName): Text 'Alan Donald' is set on object 'Object Repository/IWP30/Page_CCPaymentEntry/Name'

2020-07-13 22:31:15 - [MESSAGE][PASSED] - Text 'Alan Donald' is set on object 'Object Repository/IWP30/Page_CCPaymentEntry/Name'

2020-07-13 22:31:15 - [TEST_STEP][PASSED] - if (verifyElementPresent(findTestObject("Object Repository/IWP30/Page_CCPaymentEntry/CardNumber"), 30)): null

2020-07-13 22:31:16 - [MESSAGE][PASSED] - Object 'Object Repository/IWP30/Page_CCPaymentEntry/CardNumber' is present

2020-07-13 22:31:16 - [TEST_STEP][PASSED] - if (!(CCCardNum.isEmpty())): Text '4111111111111111' is set on object 'Object Repository/IWP30/Page_CCPaymentEntry/CardNumber'

2020-07-13 22:31:16 - [TEST_STEP][PASSED] - setText(findTestObject("Object Repository/IWP30/Page_CCPaymentEntry/CardNumber"), CCCardNum): Text '4111111111111111' is set on object 'Object Repository/IWP30/Page_CCPaymentEntry/CardNumber'

2020-07-13 22:31:16 - [MESSAGE][PASSED] - Text '4111111111111111' is set on object 'Object Repository/IWP30/Page_CCPaymentEntry/CardNumber'

2020-07-13 22:31:16 - [TEST_STEP][PASSED] - if (verifyElementPresent(findTestObject("Object Repository/IWP30/Page_CCPaymentEntry/SPC"), 30)): null

2020-07-13 22:31:17 - [MESSAGE][PASSED] - Object 'Object Repository/IWP30/Page_CCPaymentEntry/SPC' is present

2020-07-13 22:31:17 - [TEST_STEP][PASSED] - if (!(CCSPC.isEmpty())): Text '258' is set on object 'Object Repository/IWP30/Page_CCPaymentEntry/SPC'

2020-07-13 22:31:17 - [TEST_STEP][PASSED] - setText(findTestObject("Object Repository/IWP30/Page_CCPaymentEntry/SPC"), CCSPC): Text '258' is set on object 'Object Repository/IWP30/Page_CCPaymentEntry/SPC'

2020-07-13 22:31:17 - [MESSAGE][PASSED] - Text '258' is set on object 'Object Repository/IWP30/Page_CCPaymentEntry/SPC'

2020-07-13 22:31:17 - [TEST_STEP][PASSED] - if (verifyElementPresent(findTestObject("Object Repository/IWP30/Page_CCPaymentEntry/Month"), 30)): null

2020-07-13 22:31:18 - [MESSAGE][PASSED] - Object 'Object Repository/IWP30/Page_CCPaymentEntry/Month' is present

2020-07-13 22:31:18 - [TEST_STEP][PASSED] - if (!(CCExpM.isEmpty())): All options with label '10' are selected in object 'Object Repository/IWP30/Page_CCPaymentEntry/Month' 

2020-07-13 22:31:18 - [TEST_STEP][PASSED] - selectOptionByLabel(findTestObject("Object Repository/IWP30/Page_CCPaymentEntry/Month"), CCExpM, false): All options with label '10' are selected in object 'Object Repository/IWP30/Page_CCPaymentEntry/Month' 

2020-07-13 22:31:18 - [MESSAGE][PASSED] - All options with label '10' are selected in object 'Object Repository/IWP30/Page_CCPaymentEntry/Month' 

2020-07-13 22:31:18 - [TEST_STEP][PASSED] - if (verifyElementPresent(findTestObject("Object Repository/IWP30/Page_CCPaymentEntry/Year"), 30)): null

2020-07-13 22:31:19 - [MESSAGE][PASSED] - Object 'Object Repository/IWP30/Page_CCPaymentEntry/Year' is present

2020-07-13 22:31:19 - [TEST_STEP][PASSED] - if (!(CCExpY.isEmpty())): All options with label '2025' are selected in object 'Object Repository/IWP30/Page_CCPaymentEntry/Year' 

2020-07-13 22:31:19 - [TEST_STEP][PASSED] - selectOptionByLabel(findTestObject("Object Repository/IWP30/Page_CCPaymentEntry/Year"), CCExpY, false): All options with label '2025' are selected in object 'Object Repository/IWP30/Page_CCPaymentEntry/Year' 

2020-07-13 22:31:19 - [MESSAGE][PASSED] - All options with label '2025' are selected in object 'Object Repository/IWP30/Page_CCPaymentEntry/Year' 

2020-07-13 22:31:19 - [TEST_STEP][PASSED] - if (verifyElementPresent(findTestObject("Object Repository/IWP30/Page_CCPaymentEntry/ProcessDate"), 30)): null

2020-07-13 22:31:20 - [MESSAGE][PASSED] - Object 'Object Repository/IWP30/Page_CCPaymentEntry/ProcessDate' is present

2020-07-13 22:31:20 - [TEST_STEP][PASSED] - if (!(CCDate.isEmpty())): null

2020-07-13 22:31:20 - [TEST_STEP][PASSED] - else: null

2020-07-13 22:31:20 - [TEST_STEP][PASSED] - println("CCDate is not present in the Excel Spreadsheet"): null

2020-07-13 22:31:20 - [TEST_STEP][PASSED] - if (verifyElementPresent(findTestObject("Object Repository/IWP30/Page_CCPaymentEntry/AL1"), 30)): null

2020-07-13 22:31:20 - [MESSAGE][PASSED] - Object 'Object Repository/IWP30/Page_CCPaymentEntry/AL1' is present

2020-07-13 22:31:20 - [TEST_STEP][PASSED] - if (!(CCAL1.isEmpty())): Text 'Mera AL1' is set on object 'Object Repository/IWP30/Page_CCPaymentEntry/AL1'

2020-07-13 22:31:20 - [TEST_STEP][PASSED] - setText(findTestObject("Object Repository/IWP30/Page_CCPaymentEntry/AL1"), CCAL1): Text 'Mera AL1' is set on object 'Object Repository/IWP30/Page_CCPaymentEntry/AL1'

2020-07-13 22:31:21 - [MESSAGE][PASSED] - Text 'Mera AL1' is set on object 'Object Repository/IWP30/Page_CCPaymentEntry/AL1'

2020-07-13 22:31:21 - [TEST_STEP][PASSED] - if (verifyElementPresent(findTestObject("Object Repository/IWP30/Page_CCPaymentEntry/AL2"), 30)): null

2020-07-13 22:31:21 - [MESSAGE][PASSED] - Object 'Object Repository/IWP30/Page_CCPaymentEntry/AL2' is present

2020-07-13 22:31:21 - [TEST_STEP][PASSED] - if (!(CCAL2.isEmpty())): Text 'Mera AL2' is set on object 'Object Repository/IWP30/Page_CCPaymentEntry/AL2'

2020-07-13 22:31:21 - [TEST_STEP][PASSED] - setText(findTestObject("Object Repository/IWP30/Page_CCPaymentEntry/AL2"), CCAL2): Text 'Mera AL2' is set on object 'Object Repository/IWP30/Page_CCPaymentEntry/AL2'

2020-07-13 22:31:22 - [MESSAGE][PASSED] - Text 'Mera AL2' is set on object 'Object Repository/IWP30/Page_CCPaymentEntry/AL2'

2020-07-13 22:31:22 - [TEST_STEP][PASSED] - if (verifyElementPresent(findTestObject("Object Repository/IWP30/Page_CCPaymentEntry/ZIP"), 30)): null

2020-07-13 22:31:22 - [MESSAGE][PASSED] - Object 'Object Repository/IWP30/Page_CCPaymentEntry/ZIP' is present

2020-07-13 22:31:22 - [TEST_STEP][PASSED] - if (!(CCZIP.isEmpty())): Text '21054' is set on object 'Object Repository/IWP30/Page_CCPaymentEntry/ZIP'

2020-07-13 22:31:22 - [TEST_STEP][PASSED] - setText(findTestObject("Object Repository/IWP30/Page_CCPaymentEntry/ZIP"), CCZIP): Text '21054' is set on object 'Object Repository/IWP30/Page_CCPaymentEntry/ZIP'

2020-07-13 22:31:23 - [MESSAGE][PASSED] - Text '21054' is set on object 'Object Repository/IWP30/Page_CCPaymentEntry/ZIP'

2020-07-13 22:31:23 - [TEST_STEP][PASSED] - if (verifyElementPresent(findTestObject("Object Repository/IWP30/Page_CCPaymentEntry/EmailAddress"), 30)): null

2020-07-13 22:31:23 - [MESSAGE][PASSED] - Object 'Object Repository/IWP30/Page_CCPaymentEntry/EmailAddress' is present

2020-07-13 22:31:23 - [TEST_STEP][PASSED] - if (!(CCEmail.isEmpty())): Text 'merae@gmail.com' is set on object 'Object Repository/IWP30/Page_CCPaymentEntry/EmailAddress'

2020-07-13 22:31:23 - [TEST_STEP][PASSED] - setText(findTestObject("Object Repository/IWP30/Page_CCPaymentEntry/EmailAddress"), CCEmail): Text 'merae@gmail.com' is set on object 'Object Repository/IWP30/Page_CCPaymentEntry/EmailAddress'

2020-07-13 22:31:24 - [MESSAGE][PASSED] - Text 'merae@gmail.com' is set on object 'Object Repository/IWP30/Page_CCPaymentEntry/EmailAddress'

2020-07-13 22:31:24 - [TEST_STEP][PASSED] - if (verifyElementPresent(findTestObject("Object Repository/IWP30/Page_CCPaymentEntry/TermCondCheckBox"), 30)): null

2020-07-13 22:31:24 - [MESSAGE][PASSED] - Object 'Object Repository/IWP30/Page_CCPaymentEntry/TermCondCheckBox' is present

2020-07-13 22:31:24 - [TEST_STEP][PASSED] - check(findTestObject("Object Repository/IWP30/Page_CCPaymentEntry/TermCondCheckBox")): Object 'Object Repository/IWP30/Page_CCPaymentEntry/TermCondCheckBox' is checked

2020-07-13 22:31:25 - [MESSAGE][PASSED] - Object 'Object Repository/IWP30/Page_CCPaymentEntry/TermCondCheckBox' is checked

2020-07-13 22:31:25 - [TEST_STEP][PASSED] - if (verifyElementPresent(findTestObject("Object Repository/IWP30/Page_CCPaymentEntry/ContinueButton"), 30)): null

2020-07-13 22:31:25 - [MESSAGE][PASSED] - Object 'Object Repository/IWP30/Page_CCPaymentEntry/ContinueButton' is present

2020-07-13 22:31:25 - [TEST_STEP][PASSED] - click(findTestObject("Object Repository/IWP30/Page_CCPaymentEntry/ContinueButton")): Object: 'Object Repository/IWP30/Page_CCPaymentEntry/ContinueButton' is clicked on

2020-07-13 22:31:26 - [MESSAGE][PASSED] - Object: 'Object Repository/IWP30/Page_CCPaymentEntry/ContinueButton' is clicked on

2020-07-13 22:31:26 - [TEST_STEP][PASSED] - if (verifyTextPresent("Please verify the following information", false)): null

2020-07-13 22:31:27 - [MESSAGE][PASSED] - Text 'Please verify the following information' is present on page 

2020-07-13 22:31:27 - [TEST_STEP][PASSED] - println("Please verify the following information text is present on the Confirmation page"): null

2020-07-13 22:31:27 - [TEST_STEP][PASSED] - if (verifyTextPresent("Is this information correct?", false)): null

2020-07-13 22:31:27 - [MESSAGE][PASSED] - Text 'Is this information correct?' is present on page 

2020-07-13 22:31:27 - [TEST_STEP][PASSED] - println("Is this information correct text is present on the Confirmation page"): null

2020-07-13 22:31:27 - [TEST_STEP][PASSED] - if (verifyElementPresent(findTestObject("Object Repository/IWP30/Page_Confirmation/ConfirmButton"), 30)): null

2020-07-13 22:31:27 - [MESSAGE][PASSED] - Object 'Object Repository/IWP30/Page_Confirmation/ConfirmButton' is present

2020-07-13 22:31:27 - [TEST_STEP][PASSED] - click(findTestObject("Object Repository/IWP30/Page_Confirmation/ConfirmButton")): Object: 'Object Repository/IWP30/Page_Confirmation/ConfirmButton' is clicked on

2020-07-13 22:31:28 - [MESSAGE][PASSED] - Object: 'Object Repository/IWP30/Page_Confirmation/ConfirmButton' is clicked on

2020-07-13 22:31:28 - [TEST_STEP][PASSED] - Thread.sleep(10000): null

2020-07-13 22:31:38 - [TEST_STEP][PASSED] - if (verifyTextPresent("Successful Payment Receipt", false)): null

2020-07-13 22:31:39 - [MESSAGE][PASSED] - Text 'Successful Payment Receipt' is present on page 

2020-07-13 22:31:39 - [TEST_STEP][PASSED] - println("Successful Payment Receipt text is present on the Receipt page"): null

2020-07-13 22:31:39 - [TEST_STEP][PASSED] - if (verifyTextPresent("Please print this receipt for your records", false)): null

2020-07-13 22:31:39 - [MESSAGE][PASSED] - Text 'Please print this receipt for your records' is present on page 

2020-07-13 22:31:39 - [TEST_STEP][PASSED] - println("Please print this receipt for your records text is present on the Receipt page"): null

2020-07-13 22:31:39 - [TEST_STEP][PASSED] - if (verifyElementPresent(findTestObject("Object Repository/IWP30/Page_Receipt/ExitButton"), 30)): null

2020-07-13 22:31:39 - [MESSAGE][PASSED] - Object 'Object Repository/IWP30/Page_Receipt/ExitButton' is present

2020-07-13 22:31:39 - [TEST_STEP][PASSED] - println("Exit Button is present on the Receipt page"): null

2020-07-13 22:31:39 - [TEST_STEP][PASSED] - closeBrowser(): Browser is closed

2020-07-13 22:31:40 - [MESSAGE][PASSED] - Browser is closed

2020-07-13 22:31:40 - [TEST_STEP][PASSED] - try: null

2020-07-13 22:31:40 - [TEST_STEP][PASSED] - MV = findTestData("IWP30PayNowCC").getValue("MV", row): null

2020-07-13 22:31:40 - [TEST_STEP][PASSED] - println(MV): null

2020-07-13 22:31:40 - [TEST_STEP][PASSED] - Amount = findTestData("IWP30PayNowCC").getValue("Amount", row): null

2020-07-13 22:31:40 - [TEST_STEP][PASSED] - println(Amount): null

2020-07-13 22:31:40 - [TEST_STEP][PASSED] - CAN = findTestData("IWP30PayNowCC").getValue("CAN", row): null

2020-07-13 22:31:40 - [TEST_STEP][PASSED] - println(CAN): null

2020-07-13 22:31:40 - [TEST_STEP][PASSED] - Action = findTestData("IWP30PayNowCC").getValue("Action", row): null

2020-07-13 22:31:40 - [TEST_STEP][PASSED] - println(Action): null

2020-07-13 22:31:40 - [TEST_STEP][PASSED] - Lang = findTestData("IWP30PayNowCC").getValue("Lang", row): null

2020-07-13 22:31:40 - [TEST_STEP][PASSED] - println(Lang): null

2020-07-13 22:31:40 - [TEST_STEP][PASSED] - Fname = findTestData("IWP30PayNowCC").getValue("Fname", row): null

2020-07-13 22:31:40 - [TEST_STEP][PASSED] - println(Fname): null

2020-07-13 22:31:40 - [TEST_STEP][PASSED] - Lname = findTestData("IWP30PayNowCC").getValue("Lname", row): null

2020-07-13 22:31:40 - [TEST_STEP][PASSED] - println(Lname): null

2020-07-13 22:31:40 - [TEST_STEP][PASSED] - AL1 = findTestData("IWP30PayNowCC").getValue("AL1", row): null

2020-07-13 22:31:40 - [TEST_STEP][PASSED] - println(AL1): null

2020-07-13 22:31:40 - [TEST_STEP][PASSED] - AL2 = findTestData("IWP30PayNowCC").getValue("AL2", row): null

2020-07-13 22:31:40 - [TEST_STEP][PASSED] - println(AL2): null

2020-07-13 22:31:40 - [TEST_STEP][PASSED] - Country = findTestData("IWP30PayNowCC").getValue("Country", row): null

2020-07-13 22:31:40 - [TEST_STEP][PASSED] - println(Country): null

2020-07-13 22:31:40 - [TEST_STEP][PASSED] - City = findTestData("IWP30PayNowCC").getValue("City", row): null

2020-07-13 22:31:40 - [TEST_STEP][PASSED] - println(City): null

2020-07-13 22:31:40 - [TEST_STEP][PASSED] - State = findTestData("IWP30PayNowCC").getValue("State", row): null

2020-07-13 22:31:40 - [TEST_STEP][PASSED] - println(State): null

2020-07-13 22:31:40 - [TEST_STEP][PASSED] - ZIP = findTestData("IWP30PayNowCC").getValue("ZIP", row): null

2020-07-13 22:31:40 - [TEST_STEP][PASSED] - println(ZIP): null

2020-07-13 22:31:40 - [TEST_STEP][PASSED] - Order = findTestData("IWP30PayNowCC").getValue("Order", row): null

2020-07-13 22:31:40 - [TEST_STEP][PASSED] - println(Order): null

2020-07-13 22:31:40 - [TEST_STEP][PASSED] - CompanyName = findTestData("IWP30PayNowCC").getValue("CompanyName", row): null

2020-07-13 22:31:41 - [TEST_STEP][PASSED] - println(CompanyName): null

2020-07-13 22:31:41 - [TEST_STEP][PASSED] - Email = findTestData("IWP30PayNowCC").getValue("Email", row): null

2020-07-13 22:31:41 - [TEST_STEP][PASSED] - println(Email): null

2020-07-13 22:31:41 - [TEST_STEP][PASSED] - UDF1 = findTestData("IWP30PayNowCC").getValue("UDF1", row): null

2020-07-13 22:31:41 - [TEST_STEP][PASSED] - println(UDF1): null

2020-07-13 22:31:41 - [TEST_STEP][PASSED] - UDF2 = findTestData("IWP30PayNowCC").getValue("UDF2", row): null

2020-07-13 22:31:41 - [TEST_STEP][PASSED] - println(UDF2): null

2020-07-13 22:31:41 - [TEST_STEP][PASSED] - UDF3 = findTestData("IWP30PayNowCC").getValue("UDF3", row): null

2020-07-13 22:31:41 - [TEST_STEP][PASSED] - println(UDF3): null

2020-07-13 22:31:41 - [TEST_STEP][PASSED] - UDF4 = findTestData("IWP30PayNowCC").getValue("UDF4", row): null

2020-07-13 22:31:41 - [TEST_STEP][PASSED] - println(UDF4): null

2020-07-13 22:31:41 - [TEST_STEP][PASSED] - UDF5 = findTestData("IWP30PayNowCC").getValue("UDF5", row): null

2020-07-13 22:31:41 - [TEST_STEP][PASSED] - println(UDF5): null

2020-07-13 22:31:41 - [TEST_STEP][PASSED] - UDF6 = findTestData("IWP30PayNowCC").getValue("UDF6", row): null

2020-07-13 22:31:41 - [TEST_STEP][PASSED] - println(UDF6): null

2020-07-13 22:31:41 - [TEST_STEP][PASSED] - UDF7 = findTestData("IWP30PayNowCC").getValue("UDF7", row): null

2020-07-13 22:31:41 - [TEST_STEP][PASSED] - println(UDF7): null

2020-07-13 22:31:41 - [TEST_STEP][PASSED] - UDF8 = findTestData("IWP30PayNowCC").getValue("UDF8", row): null

2020-07-13 22:31:41 - [TEST_STEP][PASSED] - println(UDF8): null

2020-07-13 22:31:41 - [TEST_STEP][PASSED] - UDF9 = findTestData("IWP30PayNowCC").getValue("UDF9", row): null

2020-07-13 22:31:41 - [TEST_STEP][PASSED] - println(UDF9): null

2020-07-13 22:31:41 - [TEST_STEP][PASSED] - UDF10 = findTestData("IWP30PayNowCC").getValue("UDF10", row): null

2020-07-13 22:31:41 - [TEST_STEP][PASSED] - println(UDF10): null

2020-07-13 22:31:41 - [TEST_STEP][PASSED] - AppID = findTestData("IWP30PayNowCC").getValue("AppID", row): null

2020-07-13 22:31:41 - [TEST_STEP][PASSED] - println(AppID): null

2020-07-13 22:31:41 - [TEST_STEP][PASSED] - MessageVersion = findTestData("IWP30PayNowCC").getValue("MessageVersion", row): null

2020-07-13 22:31:41 - [TEST_STEP][PASSED] - println(MessageVersion): null

2020-07-13 22:31:41 - [TEST_STEP][PASSED] - CCAmount = findTestData("IWP30PayNowCC").getValue("CCAmount", row): null

2020-07-13 22:31:41 - [TEST_STEP][PASSED] - println(CCAmount): null

2020-07-13 22:31:41 - [TEST_STEP][PASSED] - CCUDF1 = findTestData("IWP30PayNowCC").getValue("CCUDF1", row): null

2020-07-13 22:31:41 - [TEST_STEP][PASSED] - println(CCUDF1): null

2020-07-13 22:31:41 - [TEST_STEP][PASSED] - CCUDF2 = findTestData("IWP30PayNowCC").getValue("CCUDF2", row): null

2020-07-13 22:31:41 - [TEST_STEP][PASSED] - println(CCUDF2): null

2020-07-13 22:31:41 - [TEST_STEP][PASSED] - CCUDF3 = findTestData("IWP30PayNowCC").getValue("CCUDF3", row): null

2020-07-13 22:31:41 - [TEST_STEP][PASSED] - println(CCUDF3): null

2020-07-13 22:31:41 - [TEST_STEP][PASSED] - CCUDF4 = findTestData("IWP30PayNowCC").getValue("CCUDF4", row): null

2020-07-13 22:31:41 - [TEST_STEP][PASSED] - println(CCUDF4): null

2020-07-13 22:31:41 - [TEST_STEP][PASSED] - CCUDF5 = findTestData("IWP30PayNowCC").getValue("CCUDF5", row): null

2020-07-13 22:31:41 - [TEST_STEP][PASSED] - println(CCUDF5): null

2020-07-13 22:31:41 - [TEST_STEP][PASSED] - CCUDF6 = findTestData("IWP30PayNowCC").getValue("CCUDF6", row): null

2020-07-13 22:31:41 - [TEST_STEP][PASSED] - println(CCUDF6): null

2020-07-13 22:31:41 - [TEST_STEP][PASSED] - CCUDF7 = findTestData("IWP30PayNowCC").getValue("CCUDF7", row): null

2020-07-13 22:31:41 - [TEST_STEP][PASSED] - println(CCUDF7): null

2020-07-13 22:31:41 - [TEST_STEP][PASSED] - CCUDF8 = findTestData("IWP30PayNowCC").getValue("CCUDF8", row): null

2020-07-13 22:31:41 - [TEST_STEP][PASSED] - println(CCUDF8): null

2020-07-13 22:31:41 - [TEST_STEP][PASSED] - CCUDF9 = findTestData("IWP30PayNowCC").getValue("CCUDF9", row): null

2020-07-13 22:31:41 - [TEST_STEP][PASSED] - println(CCUDF9): null

2020-07-13 22:31:41 - [TEST_STEP][PASSED] - CCUDF10 = findTestData("IWP30PayNowCC").getValue("CCUDF10", row): null

2020-07-13 22:31:41 - [TEST_STEP][PASSED] - println(CCUDF10): null

2020-07-13 22:31:41 - [TEST_STEP][PASSED] - CCName = findTestData("IWP30PayNowCC").getValue("CCName", row): null

2020-07-13 22:31:41 - [TEST_STEP][PASSED] - println(CCName): null

2020-07-13 22:31:41 - [TEST_STEP][PASSED] - CCCardNum = findTestData("IWP30PayNowCC").getValue("CCCardNum", row): null

2020-07-13 22:31:41 - [TEST_STEP][PASSED] - println(CCCardNum): null

2020-07-13 22:31:41 - [TEST_STEP][PASSED] - CCSPC = findTestData("IWP30PayNowCC").getValue("CCSPC", row): null

2020-07-13 22:31:41 - [TEST_STEP][PASSED] - println(CCSPC): null

2020-07-13 22:31:41 - [TEST_STEP][PASSED] - CCExpM = findTestData("IWP30PayNowCC").getValue("CCExpM", row): null

2020-07-13 22:31:41 - [TEST_STEP][PASSED] - println(CCExpM): null

2020-07-13 22:31:41 - [TEST_STEP][PASSED] - CCExpY = findTestData("IWP30PayNowCC").getValue("CCExpY", row): null

2020-07-13 22:31:41 - [TEST_STEP][PASSED] - println(CCExpY): null

2020-07-13 22:31:41 - [TEST_STEP][PASSED] - CCDate = findTestData("IWP30PayNowCC").getValue("CCDate", row): null

2020-07-13 22:31:41 - [TEST_STEP][PASSED] - println(CCDate): null

2020-07-13 22:31:41 - [TEST_STEP][PASSED] - CCAL1 = findTestData("IWP30PayNowCC").getValue("CCAL1", row): null

2020-07-13 22:31:41 - [TEST_STEP][PASSED] - println(CCAL1): null

2020-07-13 22:31:41 - [TEST_STEP][PASSED] - CCAL2 = findTestData("IWP30PayNowCC").getValue("CCAL2", row): null

2020-07-13 22:31:41 - [TEST_STEP][PASSED] - println(CCAL2): null

2020-07-13 22:31:41 - [TEST_STEP][PASSED] - CCZIP = findTestData("IWP30PayNowCC").getValue("CCZIP", row): null

2020-07-13 22:31:41 - [TEST_STEP][PASSED] - println(CCZIP): null

2020-07-13 22:31:41 - [TEST_STEP][PASSED] - CCEmail = findTestData("IWP30PayNowCC").getValue("CCEmail", row): null

2020-07-13 22:31:41 - [TEST_STEP][PASSED] - println(CCEmail): null

2020-07-13 22:31:41 - [TEST_STEP][PASSED] - openBrowser("https://qa.velocitypayment.com/agency/config.do?action=editor"): Browser is opened with url: 'https://qa.velocitypayment.com/agency/config.do?action=editor'

2020-07-13 22:31:41 - [MESSAGE][INFO] - Starting 'Chrome' driver

2020-07-13 22:31:41 - [MESSAGE][INFO] - User set preference: ['acceptInsecureCerts', 'true']

2020-07-13 22:31:41 - [MESSAGE][INFO] - Action delay is set to 0 milliseconds

2020-07-13 22:31:46 - [MESSAGE][PASSED] - Browser is opened with url: 'https://qa.velocitypayment.com/agency/config.do?action=editor'

2020-07-13 22:31:46 - [TEST_STEP][PASSED] - maximizeWindow(): Current window maximized

2020-07-13 22:31:46 - [MESSAGE][PASSED] - Current window maximized

2020-07-13 22:31:46 - [TEST_STEP][PASSED] - selectOptionByValue(findTestObject("IWP30/Page_VRelay30Emulator/MV"), MV, true): All options with value '3.0' are selected in object 'Object Repository/IWP30/Page_VRelay30Emulator/MV'  using regular expression

2020-07-13 22:31:47 - [MESSAGE][PASSED] - All options with value '3.0' are selected in object 'Object Repository/IWP30/Page_VRelay30Emulator/MV'  using regular expression

2020-07-13 22:31:47 - [TEST_STEP][PASSED] - setText(findTestObject("IWP30/Page_VRelay30Emulator/Amount"), Amount): Text '10.50' is set on object 'Object Repository/IWP30/Page_VRelay30Emulator/Amount'

2020-07-13 22:31:48 - [MESSAGE][PASSED] - Text '10.50' is set on object 'Object Repository/IWP30/Page_VRelay30Emulator/Amount'

2020-07-13 22:31:48 - [TEST_STEP][PASSED] - setText(findTestObject("IWP30/Page_VRelay30Emulator/CAN"), CAN): Text '26411005' is set on object 'Object Repository/IWP30/Page_VRelay30Emulator/CAN'

2020-07-13 22:31:49 - [MESSAGE][PASSED] - Text '26411005' is set on object 'Object Repository/IWP30/Page_VRelay30Emulator/CAN'

2020-07-13 22:31:49 - [TEST_STEP][PASSED] - setText(findTestObject("IWP30/Page_VRelay30Emulator/Action"), Action): Text 'PayNow' is set on object 'Object Repository/IWP30/Page_VRelay30Emulator/Action'

2020-07-13 22:31:49 - [MESSAGE][PASSED] - Text 'PayNow' is set on object 'Object Repository/IWP30/Page_VRelay30Emulator/Action'

2020-07-13 22:31:49 - [TEST_STEP][PASSED] - setText(findTestObject("IWP30/Page_VRelay30Emulator/Lang"), Lang): Text 'en_US' is set on object 'Object Repository/IWP30/Page_VRelay30Emulator/Lang'

2020-07-13 22:31:50 - [MESSAGE][PASSED] - Text 'en_US' is set on object 'Object Repository/IWP30/Page_VRelay30Emulator/Lang'

2020-07-13 22:31:50 - [TEST_STEP][PASSED] - setText(findTestObject("IWP30/Page_VRelay30Emulator/Fname"), Fname): Text '' is set on object 'Object Repository/IWP30/Page_VRelay30Emulator/Fname'

2020-07-13 22:31:50 - [MESSAGE][PASSED] - Text '' is set on object 'Object Repository/IWP30/Page_VRelay30Emulator/Fname'

2020-07-13 22:31:50 - [TEST_STEP][PASSED] - setText(findTestObject("IWP30/Page_VRelay30Emulator/Lname"), Lname): Text '' is set on object 'Object Repository/IWP30/Page_VRelay30Emulator/Lname'

2020-07-13 22:31:51 - [MESSAGE][PASSED] - Text '' is set on object 'Object Repository/IWP30/Page_VRelay30Emulator/Lname'

2020-07-13 22:31:51 - [TEST_STEP][PASSED] - setText(findTestObject("IWP30/Page_VRelay30Emulator/AL1"), AL1): Text '' is set on object 'Object Repository/IWP30/Page_VRelay30Emulator/AL1'

2020-07-13 22:31:52 - [MESSAGE][PASSED] - Text '' is set on object 'Object Repository/IWP30/Page_VRelay30Emulator/AL1'

2020-07-13 22:31:52 - [TEST_STEP][PASSED] - setText(findTestObject("IWP30/Page_VRelay30Emulator/AL2"), AL2): Text '' is set on object 'Object Repository/IWP30/Page_VRelay30Emulator/AL2'

2020-07-13 22:31:52 - [MESSAGE][PASSED] - Text '' is set on object 'Object Repository/IWP30/Page_VRelay30Emulator/AL2'

2020-07-13 22:31:52 - [TEST_STEP][PASSED] - setText(findTestObject("IWP30/Page_VRelay30Emulator/Country"), Country): Text '840' is set on object 'Object Repository/IWP30/Page_VRelay30Emulator/Country'

2020-07-13 22:31:53 - [MESSAGE][PASSED] - Text '840' is set on object 'Object Repository/IWP30/Page_VRelay30Emulator/Country'

2020-07-13 22:31:53 - [TEST_STEP][PASSED] - setText(findTestObject("IWP30/Page_VRelay30Emulator/City"), City): Text '' is set on object 'Object Repository/IWP30/Page_VRelay30Emulator/City'

2020-07-13 22:31:54 - [MESSAGE][PASSED] - Text '' is set on object 'Object Repository/IWP30/Page_VRelay30Emulator/City'

2020-07-13 22:31:54 - [TEST_STEP][PASSED] - setText(findTestObject("IWP30/Page_VRelay30Emulator/State"), State): Text '' is set on object 'Object Repository/IWP30/Page_VRelay30Emulator/State'

2020-07-13 22:31:54 - [MESSAGE][PASSED] - Text '' is set on object 'Object Repository/IWP30/Page_VRelay30Emulator/State'

2020-07-13 22:31:54 - [TEST_STEP][PASSED] - setText(findTestObject("IWP30/Page_VRelay30Emulator/ZIP"), ZIP): Text '' is set on object 'Object Repository/IWP30/Page_VRelay30Emulator/ZIP'

2020-07-13 22:31:55 - [MESSAGE][PASSED] - Text '' is set on object 'Object Repository/IWP30/Page_VRelay30Emulator/ZIP'

2020-07-13 22:31:55 - [TEST_STEP][PASSED] - setText(findTestObject("IWP30/Page_VRelay30Emulator/Order"), Order): Text '' is set on object 'Object Repository/IWP30/Page_VRelay30Emulator/Order'

2020-07-13 22:31:56 - [MESSAGE][PASSED] - Text '' is set on object 'Object Repository/IWP30/Page_VRelay30Emulator/Order'

2020-07-13 22:31:56 - [TEST_STEP][PASSED] - setText(findTestObject("IWP30/Page_VRelay30Emulator/Company"), CompanyName): Text '' is set on object 'Object Repository/IWP30/Page_VRelay30Emulator/Company'

2020-07-13 22:31:56 - [MESSAGE][PASSED] - Text '' is set on object 'Object Repository/IWP30/Page_VRelay30Emulator/Company'

2020-07-13 22:31:56 - [TEST_STEP][PASSED] - setText(findTestObject("IWP30/Page_VRelay30Emulator/Email"), Email): Text '' is set on object 'Object Repository/IWP30/Page_VRelay30Emulator/Email'

2020-07-13 22:31:57 - [MESSAGE][PASSED] - Text '' is set on object 'Object Repository/IWP30/Page_VRelay30Emulator/Email'

2020-07-13 22:31:57 - [TEST_STEP][PASSED] - setText(findTestObject("IWP30/Page_VRelay30Emulator/UDF1"), UDF1): Text '' is set on object 'Object Repository/IWP30/Page_VRelay30Emulator/UDF1'

2020-07-13 22:31:58 - [MESSAGE][PASSED] - Text '' is set on object 'Object Repository/IWP30/Page_VRelay30Emulator/UDF1'

2020-07-13 22:31:58 - [TEST_STEP][PASSED] - setText(findTestObject("IWP30/Page_VRelay30Emulator/UDF2"), UDF2): Text '' is set on object 'Object Repository/IWP30/Page_VRelay30Emulator/UDF2'

2020-07-13 22:31:58 - [MESSAGE][PASSED] - Text '' is set on object 'Object Repository/IWP30/Page_VRelay30Emulator/UDF2'

2020-07-13 22:31:58 - [TEST_STEP][PASSED] - setText(findTestObject("IWP30/Page_VRelay30Emulator/UDF3"), UDF3): Text '' is set on object 'Object Repository/IWP30/Page_VRelay30Emulator/UDF3'

2020-07-13 22:31:59 - [MESSAGE][PASSED] - Text '' is set on object 'Object Repository/IWP30/Page_VRelay30Emulator/UDF3'

2020-07-13 22:31:59 - [TEST_STEP][PASSED] - setText(findTestObject("IWP30/Page_VRelay30Emulator/UDF4"), UDF4): Text 'udf data 4' is set on object 'Object Repository/IWP30/Page_VRelay30Emulator/UDF4'

2020-07-13 22:32:00 - [MESSAGE][PASSED] - Text 'udf data 4' is set on object 'Object Repository/IWP30/Page_VRelay30Emulator/UDF4'

2020-07-13 22:32:00 - [TEST_STEP][PASSED] - setText(findTestObject("IWP30/Page_VRelay30Emulator/UDF5"), UDF5): Text 'udf data 5' is set on object 'Object Repository/IWP30/Page_VRelay30Emulator/UDF5'

2020-07-13 22:32:00 - [MESSAGE][PASSED] - Text 'udf data 5' is set on object 'Object Repository/IWP30/Page_VRelay30Emulator/UDF5'

2020-07-13 22:32:00 - [TEST_STEP][PASSED] - setText(findTestObject("IWP30/Page_VRelay30Emulator/UDF6"), UDF6): Text '' is set on object 'Object Repository/IWP30/Page_VRelay30Emulator/UDF6'

2020-07-13 22:32:01 - [MESSAGE][PASSED] - Text '' is set on object 'Object Repository/IWP30/Page_VRelay30Emulator/UDF6'

2020-07-13 22:32:01 - [TEST_STEP][PASSED] - setText(findTestObject("IWP30/Page_VRelay30Emulator/UDF7"), UDF7): Text '' is set on object 'Object Repository/IWP30/Page_VRelay30Emulator/UDF7'

2020-07-13 22:32:02 - [MESSAGE][PASSED] - Text '' is set on object 'Object Repository/IWP30/Page_VRelay30Emulator/UDF7'

2020-07-13 22:32:02 - [TEST_STEP][PASSED] - setText(findTestObject("IWP30/Page_VRelay30Emulator/UDF8"), UDF8): Text '' is set on object 'Object Repository/IWP30/Page_VRelay30Emulator/UDF8'

2020-07-13 22:32:03 - [MESSAGE][PASSED] - Text '' is set on object 'Object Repository/IWP30/Page_VRelay30Emulator/UDF8'

2020-07-13 22:32:03 - [TEST_STEP][PASSED] - setText(findTestObject("IWP30/Page_VRelay30Emulator/UDF9"), UDF9): Text 'udf data 9' is set on object 'Object Repository/IWP30/Page_VRelay30Emulator/UDF9'

2020-07-13 22:32:03 - [MESSAGE][PASSED] - Text 'udf data 9' is set on object 'Object Repository/IWP30/Page_VRelay30Emulator/UDF9'

2020-07-13 22:32:03 - [TEST_STEP][PASSED] - setText(findTestObject("IWP30/Page_VRelay30Emulator/UDF10"), UDF10): Text 'udf data 10' is set on object 'Object Repository/IWP30/Page_VRelay30Emulator/UDF10'

2020-07-13 22:32:04 - [MESSAGE][PASSED] - Text 'udf data 10' is set on object 'Object Repository/IWP30/Page_VRelay30Emulator/UDF10'

2020-07-13 22:32:04 - [TEST_STEP][PASSED] - Thread.sleep(5000): null

2020-07-13 22:32:09 - [TEST_STEP][PASSED] - click(findTestObject("IWP30/Page_VRelay30Emulator/Submit")): Object: 'Object Repository/IWP30/Page_VRelay30Emulator/Submit' is clicked on

2020-07-13 22:32:10 - [MESSAGE][PASSED] - Object: 'Object Repository/IWP30/Page_VRelay30Emulator/Submit' is clicked on

2020-07-13 22:32:10 - [TEST_STEP][PASSED] - closeBrowser(): Browser is closed

2020-07-13 22:32:10 - [MESSAGE][PASSED] - Browser is closed

2020-07-13 22:32:10 - [TEST_STEP][PASSED] - openBrowser("https://dev-algorithm.govolution.com/vrelaytest/QA/version_2_2/vrelaytest.html"): Browser is opened with url: 'https://dev-algorithm.govolution.com/vrelaytest/QA/version_2_2/vrelaytest.html'

2020-07-13 22:32:10 - [MESSAGE][INFO] - Starting 'Chrome' driver

2020-07-13 22:32:10 - [MESSAGE][INFO] - User set preference: ['acceptInsecureCerts', 'true']

2020-07-13 22:32:10 - [MESSAGE][INFO] - Action delay is set to 0 milliseconds

2020-07-13 22:32:15 - [MESSAGE][PASSED] - Browser is opened with url: 'https://dev-algorithm.govolution.com/vrelaytest/QA/version_2_2/vrelaytest.html'

2020-07-13 22:32:15 - [TEST_STEP][PASSED] - maximizeWindow(): Current window maximized

2020-07-13 22:32:15 - [MESSAGE][PASSED] - Current window maximized

2020-07-13 22:32:15 - [TEST_STEP][PASSED] - genRemIDVoid = RandomStringUtils.random(12, true, true): null

2020-07-13 22:32:15 - [TEST_STEP][PASSED] - if (verifyElementPresent(findTestObject("Object Repository/IWP30/Page_QATestHarness/RemittanceID"), 30)): null

2020-07-13 22:32:15 - [MESSAGE][PASSED] - Object 'Object Repository/IWP30/Page_QATestHarness/RemittanceID' is present

2020-07-13 22:32:15 - [TEST_STEP][PASSED] - println("We are on Test Harness page, start populating"): null

2020-07-13 22:32:15 - [TEST_STEP][PASSED] - setText(findTestObject("Object Repository/IWP30/Page_QATestHarness/ApplicationID"), AppID): Text '649' is set on object 'Object Repository/IWP30/Page_QATestHarness/ApplicationID'

2020-07-13 22:32:16 - [MESSAGE][PASSED] - Text '649' is set on object 'Object Repository/IWP30/Page_QATestHarness/ApplicationID'

2020-07-13 22:32:16 - [TEST_STEP][PASSED] - setText(findTestObject("Object Repository/IWP30/Page_QATestHarness/MessageVersion"), MessageVersion): Text '3.0' is set on object 'Object Repository/IWP30/Page_QATestHarness/MessageVersion'

2020-07-13 22:32:17 - [MESSAGE][PASSED] - Text '3.0' is set on object 'Object Repository/IWP30/Page_QATestHarness/MessageVersion'

2020-07-13 22:32:17 - [TEST_STEP][PASSED] - setText(findTestObject("Object Repository/IWP30/Page_QATestHarness/RemittanceID"), genRemIDVoid): Text '2rWSycb559cB' is set on object 'Object Repository/IWP30/Page_QATestHarness/RemittanceID'

2020-07-13 22:32:17 - [MESSAGE][PASSED] - Text '2rWSycb559cB' is set on object 'Object Repository/IWP30/Page_QATestHarness/RemittanceID'

2020-07-13 22:32:17 - [TEST_STEP][PASSED] - click(findTestObject("Object Repository/IWP30/Page_QATestHarness/SubmitButton")): Object: 'Object Repository/IWP30/Page_QATestHarness/SubmitButton' is clicked on

2020-07-13 22:32:19 - [MESSAGE][PASSED] - Object: 'Object Repository/IWP30/Page_QATestHarness/SubmitButton' is clicked on

2020-07-13 22:32:19 - [TEST_STEP][PASSED] - if (verifyElementPresent(findTestObject("Object Repository/IWP30/Page_SelectPaymentMethod/PayByCreditCard"), 30)): null

2020-07-13 22:32:19 - [MESSAGE][PASSED] - Object 'Object Repository/IWP30/Page_SelectPaymentMethod/PayByCreditCard' is present

2020-07-13 22:32:19 - [TEST_STEP][PASSED] - println("We are on Select Payment Method page, start populating"): null

2020-07-13 22:32:19 - [TEST_STEP][PASSED] - check(findTestObject("Object Repository/IWP30/Page_SelectPaymentMethod/PayByCreditCard")): Object 'Object Repository/IWP30/Page_SelectPaymentMethod/PayByCreditCard' is checked

2020-07-13 22:32:19 - [MESSAGE][PASSED] - Object 'Object Repository/IWP30/Page_SelectPaymentMethod/PayByCreditCard' is checked

2020-07-13 22:32:19 - [TEST_STEP][PASSED] - Thread.sleep(1000): null

2020-07-13 22:32:20 - [TEST_STEP][PASSED] - click(findTestObject("Object Repository/IWP30/Page_SelectPaymentMethod/MakePaymentButton")): Object: 'Object Repository/IWP30/Page_SelectPaymentMethod/MakePaymentButton' is clicked on

2020-07-13 22:32:21 - [MESSAGE][PASSED] - Object: 'Object Repository/IWP30/Page_SelectPaymentMethod/MakePaymentButton' is clicked on

2020-07-13 22:32:21 - [TEST_STEP][PASSED] - if (verifyElementPresent(findTestObject("Object Repository/IWP30/Page_CCPaymentEntry/Name"), 30)): null

2020-07-13 22:32:22 - [MESSAGE][PASSED] - Object 'Object Repository/IWP30/Page_CCPaymentEntry/Name' is present

2020-07-13 22:32:22 - [TEST_STEP][PASSED] - println("We are on Credit Card Payment Entry page, start populating"): null

2020-07-13 22:32:22 - [TEST_STEP][PASSED] - if (verifyElementPresent(findTestObject("Object Repository/IWP30/Page_CCPaymentEntry/Amount"), 30)): null

2020-07-13 22:32:22 - [MESSAGE][PASSED] - Object 'Object Repository/IWP30/Page_CCPaymentEntry/Amount' is present

2020-07-13 22:32:22 - [TEST_STEP][PASSED] - if (!(CCAmount.isEmpty())): Text '20.50' is set on object 'Object Repository/IWP30/Page_CCPaymentEntry/Amount'

2020-07-13 22:32:22 - [TEST_STEP][PASSED] - setText(findTestObject("Object Repository/IWP30/Page_CCPaymentEntry/Amount"), CCAmount): Text '20.50' is set on object 'Object Repository/IWP30/Page_CCPaymentEntry/Amount'

2020-07-13 22:32:23 - [MESSAGE][PASSED] - Text '20.50' is set on object 'Object Repository/IWP30/Page_CCPaymentEntry/Amount'

2020-07-13 22:32:23 - [TEST_STEP][PASSED] - if (verifyElementPresent(findTestObject("Object Repository/IWP30/Page_CCPaymentEntry/UserDefined2"), 30)): null

2020-07-13 22:32:23 - [MESSAGE][PASSED] - Object 'Object Repository/IWP30/Page_CCPaymentEntry/UserDefined2' is present

2020-07-13 22:32:23 - [TEST_STEP][PASSED] - if (!(CCUDF2.isEmpty())): Text 'Number 2' is set on object 'Object Repository/IWP30/Page_CCPaymentEntry/UserDefined2'

2020-07-13 22:32:23 - [TEST_STEP][PASSED] - setText(findTestObject("Object Repository/IWP30/Page_CCPaymentEntry/UserDefined2"), CCUDF2): Text 'Number 2' is set on object 'Object Repository/IWP30/Page_CCPaymentEntry/UserDefined2'

2020-07-13 22:32:24 - [MESSAGE][PASSED] - Text 'Number 2' is set on object 'Object Repository/IWP30/Page_CCPaymentEntry/UserDefined2'

2020-07-13 22:32:24 - [TEST_STEP][PASSED] - if (verifyElementPresent(findTestObject("Object Repository/IWP30/Page_CCPaymentEntry/UserDefined3"), 30)): null

2020-07-13 22:32:24 - [MESSAGE][PASSED] - Object 'Object Repository/IWP30/Page_CCPaymentEntry/UserDefined3' is present

2020-07-13 22:32:24 - [TEST_STEP][PASSED] - if (!(CCUDF3.isEmpty())): Text 'Number 3' is set on object 'Object Repository/IWP30/Page_CCPaymentEntry/UserDefined3'

2020-07-13 22:32:24 - [TEST_STEP][PASSED] - setText(findTestObject("Object Repository/IWP30/Page_CCPaymentEntry/UserDefined3"), CCUDF3): Text 'Number 3' is set on object 'Object Repository/IWP30/Page_CCPaymentEntry/UserDefined3'

2020-07-13 22:32:25 - [MESSAGE][PASSED] - Text 'Number 3' is set on object 'Object Repository/IWP30/Page_CCPaymentEntry/UserDefined3'

2020-07-13 22:32:25 - [TEST_STEP][PASSED] - if (verifyElementPresent(findTestObject("Object Repository/IWP30/Page_CCPaymentEntry/UserDefined7"), 30)): null

2020-07-13 22:32:25 - [MESSAGE][PASSED] - Object 'Object Repository/IWP30/Page_CCPaymentEntry/UserDefined7' is present

2020-07-13 22:32:25 - [TEST_STEP][PASSED] - if (!(CCUDF7.isEmpty())): All options with label 'Orange' are selected in object 'Object Repository/IWP30/Page_CCPaymentEntry/UserDefined7' 

2020-07-13 22:32:25 - [TEST_STEP][PASSED] - selectOptionByLabel(findTestObject("Object Repository/IWP30/Page_CCPaymentEntry/UserDefined7"), CCUDF7, false): All options with label 'Orange' are selected in object 'Object Repository/IWP30/Page_CCPaymentEntry/UserDefined7' 

2020-07-13 22:32:26 - [MESSAGE][PASSED] - All options with label 'Orange' are selected in object 'Object Repository/IWP30/Page_CCPaymentEntry/UserDefined7' 

2020-07-13 22:32:26 - [TEST_STEP][PASSED] - if (verifyElementPresent(findTestObject("Object Repository/IWP30/Page_CCPaymentEntry/UserDefined8"), 30)): null

2020-07-13 22:32:26 - [MESSAGE][PASSED] - Object 'Object Repository/IWP30/Page_CCPaymentEntry/UserDefined8' is present

2020-07-13 22:32:26 - [TEST_STEP][PASSED] - if (!(CCUDF8.isEmpty())): All options with label 'Tennis' are selected in object 'Object Repository/IWP30/Page_CCPaymentEntry/UserDefined8' 

2020-07-13 22:32:26 - [TEST_STEP][PASSED] - selectOptionByLabel(findTestObject("Object Repository/IWP30/Page_CCPaymentEntry/UserDefined8"), CCUDF8, false): All options with label 'Tennis' are selected in object 'Object Repository/IWP30/Page_CCPaymentEntry/UserDefined8' 

2020-07-13 22:32:27 - [MESSAGE][PASSED] - All options with label 'Tennis' are selected in object 'Object Repository/IWP30/Page_CCPaymentEntry/UserDefined8' 

2020-07-13 22:32:27 - [TEST_STEP][PASSED] - if (verifyElementPresent(findTestObject("Object Repository/IWP30/Page_CCPaymentEntry/Name"), 30)): null

2020-07-13 22:32:27 - [MESSAGE][PASSED] - Object 'Object Repository/IWP30/Page_CCPaymentEntry/Name' is present

2020-07-13 22:32:27 - [TEST_STEP][PASSED] - if (!(CCName.isEmpty())): Text 'Mera Naam' is set on object 'Object Repository/IWP30/Page_CCPaymentEntry/Name'

2020-07-13 22:32:27 - [TEST_STEP][PASSED] - setText(findTestObject("Object Repository/IWP30/Page_CCPaymentEntry/Name"), CCName): Text 'Mera Naam' is set on object 'Object Repository/IWP30/Page_CCPaymentEntry/Name'

2020-07-13 22:32:28 - [MESSAGE][PASSED] - Text 'Mera Naam' is set on object 'Object Repository/IWP30/Page_CCPaymentEntry/Name'

2020-07-13 22:32:28 - [TEST_STEP][PASSED] - if (verifyElementPresent(findTestObject("Object Repository/IWP30/Page_CCPaymentEntry/CardNumber"), 30)): null

2020-07-13 22:32:28 - [MESSAGE][PASSED] - Object 'Object Repository/IWP30/Page_CCPaymentEntry/CardNumber' is present

2020-07-13 22:32:28 - [TEST_STEP][PASSED] - if (!(CCCardNum.isEmpty())): Text '5424000000000015' is set on object 'Object Repository/IWP30/Page_CCPaymentEntry/CardNumber'

2020-07-13 22:32:28 - [TEST_STEP][PASSED] - setText(findTestObject("Object Repository/IWP30/Page_CCPaymentEntry/CardNumber"), CCCardNum): Text '5424000000000015' is set on object 'Object Repository/IWP30/Page_CCPaymentEntry/CardNumber'

2020-07-13 22:32:29 - [MESSAGE][PASSED] - Text '5424000000000015' is set on object 'Object Repository/IWP30/Page_CCPaymentEntry/CardNumber'

2020-07-13 22:32:29 - [TEST_STEP][PASSED] - if (verifyElementPresent(findTestObject("Object Repository/IWP30/Page_CCPaymentEntry/SPC"), 30)): null

2020-07-13 22:32:29 - [MESSAGE][PASSED] - Object 'Object Repository/IWP30/Page_CCPaymentEntry/SPC' is present

2020-07-13 22:32:29 - [TEST_STEP][PASSED] - if (!(CCSPC.isEmpty())): Text '123' is set on object 'Object Repository/IWP30/Page_CCPaymentEntry/SPC'

2020-07-13 22:32:29 - [TEST_STEP][PASSED] - setText(findTestObject("Object Repository/IWP30/Page_CCPaymentEntry/SPC"), CCSPC): Text '123' is set on object 'Object Repository/IWP30/Page_CCPaymentEntry/SPC'

2020-07-13 22:32:30 - [MESSAGE][PASSED] - Text '123' is set on object 'Object Repository/IWP30/Page_CCPaymentEntry/SPC'

2020-07-13 22:32:30 - [TEST_STEP][PASSED] - if (verifyElementPresent(findTestObject("Object Repository/IWP30/Page_CCPaymentEntry/Month"), 30)): null

2020-07-13 22:32:30 - [MESSAGE][PASSED] - Object 'Object Repository/IWP30/Page_CCPaymentEntry/Month' is present

2020-07-13 22:32:30 - [TEST_STEP][PASSED] - if (!(CCExpM.isEmpty())): All options with label '09' are selected in object 'Object Repository/IWP30/Page_CCPaymentEntry/Month' 

2020-07-13 22:32:30 - [TEST_STEP][PASSED] - selectOptionByLabel(findTestObject("Object Repository/IWP30/Page_CCPaymentEntry/Month"), CCExpM, false): All options with label '09' are selected in object 'Object Repository/IWP30/Page_CCPaymentEntry/Month' 

2020-07-13 22:32:31 - [MESSAGE][PASSED] - All options with label '09' are selected in object 'Object Repository/IWP30/Page_CCPaymentEntry/Month' 

2020-07-13 22:32:31 - [TEST_STEP][PASSED] - if (verifyElementPresent(findTestObject("Object Repository/IWP30/Page_CCPaymentEntry/Year"), 30)): null

2020-07-13 22:32:31 - [MESSAGE][PASSED] - Object 'Object Repository/IWP30/Page_CCPaymentEntry/Year' is present

2020-07-13 22:32:31 - [TEST_STEP][PASSED] - if (!(CCExpY.isEmpty())): All options with label '2023' are selected in object 'Object Repository/IWP30/Page_CCPaymentEntry/Year' 

2020-07-13 22:32:31 - [TEST_STEP][PASSED] - selectOptionByLabel(findTestObject("Object Repository/IWP30/Page_CCPaymentEntry/Year"), CCExpY, false): All options with label '2023' are selected in object 'Object Repository/IWP30/Page_CCPaymentEntry/Year' 

2020-07-13 22:32:32 - [MESSAGE][PASSED] - All options with label '2023' are selected in object 'Object Repository/IWP30/Page_CCPaymentEntry/Year' 

2020-07-13 22:32:32 - [TEST_STEP][PASSED] - if (verifyElementPresent(findTestObject("Object Repository/IWP30/Page_CCPaymentEntry/ProcessDate"), 30)): null

2020-07-13 22:32:32 - [MESSAGE][PASSED] - Object 'Object Repository/IWP30/Page_CCPaymentEntry/ProcessDate' is present

2020-07-13 22:32:32 - [TEST_STEP][PASSED] - if (!(CCDate.isEmpty())): null

2020-07-13 22:32:32 - [TEST_STEP][PASSED] - else: null

2020-07-13 22:32:32 - [TEST_STEP][PASSED] - println("CCDate is not present in the Excel Spreadsheet"): null

2020-07-13 22:32:32 - [TEST_STEP][PASSED] - if (verifyElementPresent(findTestObject("Object Repository/IWP30/Page_CCPaymentEntry/AL1"), 30)): null

2020-07-13 22:32:32 - [MESSAGE][PASSED] - Object 'Object Repository/IWP30/Page_CCPaymentEntry/AL1' is present

2020-07-13 22:32:32 - [TEST_STEP][PASSED] - if (!(CCAL1.isEmpty())): Text 'Mera AL1' is set on object 'Object Repository/IWP30/Page_CCPaymentEntry/AL1'

2020-07-13 22:32:32 - [TEST_STEP][PASSED] - setText(findTestObject("Object Repository/IWP30/Page_CCPaymentEntry/AL1"), CCAL1): Text 'Mera AL1' is set on object 'Object Repository/IWP30/Page_CCPaymentEntry/AL1'

2020-07-13 22:32:33 - [MESSAGE][PASSED] - Text 'Mera AL1' is set on object 'Object Repository/IWP30/Page_CCPaymentEntry/AL1'

2020-07-13 22:32:33 - [TEST_STEP][PASSED] - if (verifyElementPresent(findTestObject("Object Repository/IWP30/Page_CCPaymentEntry/AL2"), 30)): null

2020-07-13 22:32:33 - [MESSAGE][PASSED] - Object 'Object Repository/IWP30/Page_CCPaymentEntry/AL2' is present

2020-07-13 22:32:33 - [TEST_STEP][PASSED] - if (!(CCAL2.isEmpty())): Text 'Mera AL2' is set on object 'Object Repository/IWP30/Page_CCPaymentEntry/AL2'

2020-07-13 22:32:33 - [TEST_STEP][PASSED] - setText(findTestObject("Object Repository/IWP30/Page_CCPaymentEntry/AL2"), CCAL2): Text 'Mera AL2' is set on object 'Object Repository/IWP30/Page_CCPaymentEntry/AL2'

2020-07-13 22:32:34 - [MESSAGE][PASSED] - Text 'Mera AL2' is set on object 'Object Repository/IWP30/Page_CCPaymentEntry/AL2'

2020-07-13 22:32:34 - [TEST_STEP][PASSED] - if (verifyElementPresent(findTestObject("Object Repository/IWP30/Page_CCPaymentEntry/ZIP"), 30)): null

2020-07-13 22:32:34 - [MESSAGE][PASSED] - Object 'Object Repository/IWP30/Page_CCPaymentEntry/ZIP' is present

2020-07-13 22:32:34 - [TEST_STEP][PASSED] - if (!(CCZIP.isEmpty())): Text '21054' is set on object 'Object Repository/IWP30/Page_CCPaymentEntry/ZIP'

2020-07-13 22:32:34 - [TEST_STEP][PASSED] - setText(findTestObject("Object Repository/IWP30/Page_CCPaymentEntry/ZIP"), CCZIP): Text '21054' is set on object 'Object Repository/IWP30/Page_CCPaymentEntry/ZIP'

2020-07-13 22:32:35 - [MESSAGE][PASSED] - Text '21054' is set on object 'Object Repository/IWP30/Page_CCPaymentEntry/ZIP'

2020-07-13 22:32:35 - [TEST_STEP][PASSED] - if (verifyElementPresent(findTestObject("Object Repository/IWP30/Page_CCPaymentEntry/EmailAddress"), 30)): null

2020-07-13 22:32:35 - [MESSAGE][PASSED] - Object 'Object Repository/IWP30/Page_CCPaymentEntry/EmailAddress' is present

2020-07-13 22:32:35 - [TEST_STEP][PASSED] - if (!(CCEmail.isEmpty())): Text 'merae@gmail.com' is set on object 'Object Repository/IWP30/Page_CCPaymentEntry/EmailAddress'

2020-07-13 22:32:35 - [TEST_STEP][PASSED] - setText(findTestObject("Object Repository/IWP30/Page_CCPaymentEntry/EmailAddress"), CCEmail): Text 'merae@gmail.com' is set on object 'Object Repository/IWP30/Page_CCPaymentEntry/EmailAddress'

2020-07-13 22:32:36 - [MESSAGE][PASSED] - Text 'merae@gmail.com' is set on object 'Object Repository/IWP30/Page_CCPaymentEntry/EmailAddress'

2020-07-13 22:32:36 - [TEST_STEP][PASSED] - if (verifyElementPresent(findTestObject("Object Repository/IWP30/Page_CCPaymentEntry/TermCondCheckBox"), 30)): null

2020-07-13 22:32:37 - [MESSAGE][PASSED] - Object 'Object Repository/IWP30/Page_CCPaymentEntry/TermCondCheckBox' is present

2020-07-13 22:32:37 - [TEST_STEP][PASSED] - check(findTestObject("Object Repository/IWP30/Page_CCPaymentEntry/TermCondCheckBox")): Object 'Object Repository/IWP30/Page_CCPaymentEntry/TermCondCheckBox' is checked

2020-07-13 22:32:37 - [MESSAGE][PASSED] - Object 'Object Repository/IWP30/Page_CCPaymentEntry/TermCondCheckBox' is checked

2020-07-13 22:32:37 - [TEST_STEP][PASSED] - if (verifyElementPresent(findTestObject("Object Repository/IWP30/Page_CCPaymentEntry/ContinueButton"), 30)): null

2020-07-13 22:32:37 - [MESSAGE][PASSED] - Object 'Object Repository/IWP30/Page_CCPaymentEntry/ContinueButton' is present

2020-07-13 22:32:37 - [TEST_STEP][PASSED] - click(findTestObject("Object Repository/IWP30/Page_CCPaymentEntry/ContinueButton")): Object: 'Object Repository/IWP30/Page_CCPaymentEntry/ContinueButton' is clicked on

2020-07-13 22:32:38 - [MESSAGE][PASSED] - Object: 'Object Repository/IWP30/Page_CCPaymentEntry/ContinueButton' is clicked on

2020-07-13 22:32:38 - [TEST_STEP][PASSED] - if (verifyTextPresent("Please verify the following information", false)): null

2020-07-13 22:32:39 - [MESSAGE][PASSED] - Text 'Please verify the following information' is present on page 

2020-07-13 22:32:39 - [TEST_STEP][PASSED] - println("Please verify the following information text is present on the Confirmation page"): null

2020-07-13 22:32:39 - [TEST_STEP][PASSED] - if (verifyTextPresent("Is this information correct?", false)): null

2020-07-13 22:32:39 - [MESSAGE][PASSED] - Text 'Is this information correct?' is present on page 

2020-07-13 22:32:39 - [TEST_STEP][PASSED] - println("Is this information correct text is present on the Confirmation page"): null

2020-07-13 22:32:39 - [TEST_STEP][PASSED] - if (verifyElementPresent(findTestObject("Object Repository/IWP30/Page_Confirmation/ConfirmButton"), 30)): null

2020-07-13 22:32:40 - [MESSAGE][PASSED] - Object 'Object Repository/IWP30/Page_Confirmation/ConfirmButton' is present

2020-07-13 22:32:40 - [TEST_STEP][PASSED] - click(findTestObject("Object Repository/IWP30/Page_Confirmation/ConfirmButton")): Object: 'Object Repository/IWP30/Page_Confirmation/ConfirmButton' is clicked on

2020-07-13 22:32:41 - [MESSAGE][PASSED] - Object: 'Object Repository/IWP30/Page_Confirmation/ConfirmButton' is clicked on

2020-07-13 22:32:41 - [TEST_STEP][PASSED] - Thread.sleep(10000): null

2020-07-13 22:32:51 - [TEST_STEP][PASSED] - if (verifyTextPresent("Successful Payment Receipt", false)): null

2020-07-13 22:32:51 - [MESSAGE][PASSED] - Text 'Successful Payment Receipt' is present on page 

2020-07-13 22:32:51 - [TEST_STEP][PASSED] - println("Successful Payment Receipt text is present on the Receipt page"): null

2020-07-13 22:32:51 - [TEST_STEP][PASSED] - if (verifyTextPresent("Please print this receipt for your records", false)): null

2020-07-13 22:32:51 - [MESSAGE][PASSED] - Text 'Please print this receipt for your records' is present on page 

2020-07-13 22:32:51 - [TEST_STEP][PASSED] - println("Please print this receipt for your records text is present on the Receipt page"): null

2020-07-13 22:32:51 - [TEST_STEP][PASSED] - if (verifyElementPresent(findTestObject("Object Repository/IWP30/Page_Receipt/ExitButton"), 30)): null

2020-07-13 22:32:52 - [MESSAGE][PASSED] - Object 'Object Repository/IWP30/Page_Receipt/ExitButton' is present

2020-07-13 22:32:52 - [TEST_STEP][PASSED] - println("Exit Button is present on the Receipt page"): null

2020-07-13 22:32:52 - [TEST_STEP][PASSED] - closeBrowser(): Browser is closed

2020-07-13 22:32:52 - [MESSAGE][PASSED] - Browser is closed

2020-07-13 22:32:52 - [TEST_STEP][PASSED] - try: null

2020-07-13 22:32:52 - [TEST_STEP][PASSED] - MV = findTestData("IWP30PayNowCC").getValue("MV", row): null

2020-07-13 22:32:52 - [TEST_STEP][PASSED] - println(MV): null

2020-07-13 22:32:52 - [TEST_STEP][PASSED] - Amount = findTestData("IWP30PayNowCC").getValue("Amount", row): null

2020-07-13 22:32:52 - [TEST_STEP][PASSED] - println(Amount): null

2020-07-13 22:32:52 - [TEST_STEP][PASSED] - CAN = findTestData("IWP30PayNowCC").getValue("CAN", row): null

2020-07-13 22:32:52 - [TEST_STEP][PASSED] - println(CAN): null

2020-07-13 22:32:52 - [TEST_STEP][PASSED] - Action = findTestData("IWP30PayNowCC").getValue("Action", row): null

2020-07-13 22:32:52 - [TEST_STEP][PASSED] - println(Action): null

2020-07-13 22:32:52 - [TEST_STEP][PASSED] - Lang = findTestData("IWP30PayNowCC").getValue("Lang", row): null

2020-07-13 22:32:52 - [TEST_STEP][PASSED] - println(Lang): null

2020-07-13 22:32:52 - [TEST_STEP][PASSED] - Fname = findTestData("IWP30PayNowCC").getValue("Fname", row): null

2020-07-13 22:32:53 - [TEST_STEP][PASSED] - println(Fname): null

2020-07-13 22:32:53 - [TEST_STEP][PASSED] - Lname = findTestData("IWP30PayNowCC").getValue("Lname", row): null

2020-07-13 22:32:53 - [TEST_STEP][PASSED] - println(Lname): null

2020-07-13 22:32:53 - [TEST_STEP][PASSED] - AL1 = findTestData("IWP30PayNowCC").getValue("AL1", row): null

2020-07-13 22:32:53 - [TEST_STEP][PASSED] - println(AL1): null

2020-07-13 22:32:53 - [TEST_STEP][PASSED] - AL2 = findTestData("IWP30PayNowCC").getValue("AL2", row): null

2020-07-13 22:32:53 - [TEST_STEP][PASSED] - println(AL2): null

2020-07-13 22:32:53 - [TEST_STEP][PASSED] - Country = findTestData("IWP30PayNowCC").getValue("Country", row): null

2020-07-13 22:32:53 - [TEST_STEP][PASSED] - println(Country): null

2020-07-13 22:32:53 - [TEST_STEP][PASSED] - City = findTestData("IWP30PayNowCC").getValue("City", row): null

2020-07-13 22:32:53 - [TEST_STEP][PASSED] - println(City): null

2020-07-13 22:32:53 - [TEST_STEP][PASSED] - State = findTestData("IWP30PayNowCC").getValue("State", row): null

2020-07-13 22:32:53 - [TEST_STEP][PASSED] - println(State): null

2020-07-13 22:32:53 - [TEST_STEP][PASSED] - ZIP = findTestData("IWP30PayNowCC").getValue("ZIP", row): null

2020-07-13 22:32:53 - [TEST_STEP][PASSED] - println(ZIP): null

2020-07-13 22:32:53 - [TEST_STEP][PASSED] - Order = findTestData("IWP30PayNowCC").getValue("Order", row): null

2020-07-13 22:32:53 - [TEST_STEP][PASSED] - println(Order): null

2020-07-13 22:32:53 - [TEST_STEP][PASSED] - CompanyName = findTestData("IWP30PayNowCC").getValue("CompanyName", row): null

2020-07-13 22:32:53 - [TEST_STEP][PASSED] - println(CompanyName): null

2020-07-13 22:32:53 - [TEST_STEP][PASSED] - Email = findTestData("IWP30PayNowCC").getValue("Email", row): null

2020-07-13 22:32:53 - [TEST_STEP][PASSED] - println(Email): null

2020-07-13 22:32:53 - [TEST_STEP][PASSED] - UDF1 = findTestData("IWP30PayNowCC").getValue("UDF1", row): null

2020-07-13 22:32:53 - [TEST_STEP][PASSED] - println(UDF1): null

2020-07-13 22:32:53 - [TEST_STEP][PASSED] - UDF2 = findTestData("IWP30PayNowCC").getValue("UDF2", row): null

2020-07-13 22:32:53 - [TEST_STEP][PASSED] - println(UDF2): null

2020-07-13 22:32:53 - [TEST_STEP][PASSED] - UDF3 = findTestData("IWP30PayNowCC").getValue("UDF3", row): null

2020-07-13 22:32:53 - [TEST_STEP][PASSED] - println(UDF3): null

2020-07-13 22:32:53 - [TEST_STEP][PASSED] - UDF4 = findTestData("IWP30PayNowCC").getValue("UDF4", row): null

2020-07-13 22:32:53 - [TEST_STEP][PASSED] - println(UDF4): null

2020-07-13 22:32:53 - [TEST_STEP][PASSED] - UDF5 = findTestData("IWP30PayNowCC").getValue("UDF5", row): null

2020-07-13 22:32:53 - [TEST_STEP][PASSED] - println(UDF5): null

2020-07-13 22:32:53 - [TEST_STEP][PASSED] - UDF6 = findTestData("IWP30PayNowCC").getValue("UDF6", row): null

2020-07-13 22:32:53 - [TEST_STEP][PASSED] - println(UDF6): null

2020-07-13 22:32:53 - [TEST_STEP][PASSED] - UDF7 = findTestData("IWP30PayNowCC").getValue("UDF7", row): null

2020-07-13 22:32:53 - [TEST_STEP][PASSED] - println(UDF7): null

2020-07-13 22:32:53 - [TEST_STEP][PASSED] - UDF8 = findTestData("IWP30PayNowCC").getValue("UDF8", row): null

2020-07-13 22:32:53 - [TEST_STEP][PASSED] - println(UDF8): null

2020-07-13 22:32:53 - [TEST_STEP][PASSED] - UDF9 = findTestData("IWP30PayNowCC").getValue("UDF9", row): null

2020-07-13 22:32:53 - [TEST_STEP][PASSED] - println(UDF9): null

2020-07-13 22:32:53 - [TEST_STEP][PASSED] - UDF10 = findTestData("IWP30PayNowCC").getValue("UDF10", row): null

2020-07-13 22:32:53 - [TEST_STEP][PASSED] - println(UDF10): null

2020-07-13 22:32:53 - [TEST_STEP][PASSED] - AppID = findTestData("IWP30PayNowCC").getValue("AppID", row): null

2020-07-13 22:32:53 - [TEST_STEP][PASSED] - println(AppID): null

2020-07-13 22:32:53 - [TEST_STEP][PASSED] - MessageVersion = findTestData("IWP30PayNowCC").getValue("MessageVersion", row): null

2020-07-13 22:32:53 - [TEST_STEP][PASSED] - println(MessageVersion): null

2020-07-13 22:32:53 - [TEST_STEP][PASSED] - CCAmount = findTestData("IWP30PayNowCC").getValue("CCAmount", row): null

2020-07-13 22:32:53 - [TEST_STEP][PASSED] - println(CCAmount): null

2020-07-13 22:32:53 - [TEST_STEP][PASSED] - CCUDF1 = findTestData("IWP30PayNowCC").getValue("CCUDF1", row): null

2020-07-13 22:32:53 - [TEST_STEP][PASSED] - println(CCUDF1): null

2020-07-13 22:32:53 - [TEST_STEP][PASSED] - CCUDF2 = findTestData("IWP30PayNowCC").getValue("CCUDF2", row): null

2020-07-13 22:32:53 - [TEST_STEP][PASSED] - println(CCUDF2): null

2020-07-13 22:32:53 - [TEST_STEP][PASSED] - CCUDF3 = findTestData("IWP30PayNowCC").getValue("CCUDF3", row): null

2020-07-13 22:32:53 - [TEST_STEP][PASSED] - println(CCUDF3): null

2020-07-13 22:32:53 - [TEST_STEP][PASSED] - CCUDF4 = findTestData("IWP30PayNowCC").getValue("CCUDF4", row): null

2020-07-13 22:32:53 - [TEST_STEP][PASSED] - println(CCUDF4): null

2020-07-13 22:32:53 - [TEST_STEP][PASSED] - CCUDF5 = findTestData("IWP30PayNowCC").getValue("CCUDF5", row): null

2020-07-13 22:32:53 - [TEST_STEP][PASSED] - println(CCUDF5): null

2020-07-13 22:32:53 - [TEST_STEP][PASSED] - CCUDF6 = findTestData("IWP30PayNowCC").getValue("CCUDF6", row): null

2020-07-13 22:32:53 - [TEST_STEP][PASSED] - println(CCUDF6): null

2020-07-13 22:32:53 - [TEST_STEP][PASSED] - CCUDF7 = findTestData("IWP30PayNowCC").getValue("CCUDF7", row): null

2020-07-13 22:32:53 - [TEST_STEP][PASSED] - println(CCUDF7): null

2020-07-13 22:32:53 - [TEST_STEP][PASSED] - CCUDF8 = findTestData("IWP30PayNowCC").getValue("CCUDF8", row): null

2020-07-13 22:32:53 - [TEST_STEP][PASSED] - println(CCUDF8): null

2020-07-13 22:32:53 - [TEST_STEP][PASSED] - CCUDF9 = findTestData("IWP30PayNowCC").getValue("CCUDF9", row): null

2020-07-13 22:32:53 - [TEST_STEP][PASSED] - println(CCUDF9): null

2020-07-13 22:32:53 - [TEST_STEP][PASSED] - CCUDF10 = findTestData("IWP30PayNowCC").getValue("CCUDF10", row): null

2020-07-13 22:32:53 - [TEST_STEP][PASSED] - println(CCUDF10): null

2020-07-13 22:32:53 - [TEST_STEP][PASSED] - CCName = findTestData("IWP30PayNowCC").getValue("CCName", row): null

2020-07-13 22:32:53 - [TEST_STEP][PASSED] - println(CCName): null

2020-07-13 22:32:53 - [TEST_STEP][PASSED] - CCCardNum = findTestData("IWP30PayNowCC").getValue("CCCardNum", row): null

2020-07-13 22:32:53 - [TEST_STEP][PASSED] - println(CCCardNum): null

2020-07-13 22:32:53 - [TEST_STEP][PASSED] - CCSPC = findTestData("IWP30PayNowCC").getValue("CCSPC", row): null

2020-07-13 22:32:53 - [TEST_STEP][PASSED] - println(CCSPC): null

2020-07-13 22:32:53 - [TEST_STEP][PASSED] - CCExpM = findTestData("IWP30PayNowCC").getValue("CCExpM", row): null

2020-07-13 22:32:54 - [TEST_STEP][PASSED] - println(CCExpM): null

2020-07-13 22:32:54 - [TEST_STEP][PASSED] - CCExpY = findTestData("IWP30PayNowCC").getValue("CCExpY", row): null

2020-07-13 22:32:54 - [TEST_STEP][PASSED] - println(CCExpY): null

2020-07-13 22:32:54 - [TEST_STEP][PASSED] - CCDate = findTestData("IWP30PayNowCC").getValue("CCDate", row): null

2020-07-13 22:32:54 - [TEST_STEP][PASSED] - println(CCDate): null

2020-07-13 22:32:54 - [TEST_STEP][PASSED] - CCAL1 = findTestData("IWP30PayNowCC").getValue("CCAL1", row): null

2020-07-13 22:32:54 - [TEST_STEP][PASSED] - println(CCAL1): null

2020-07-13 22:32:54 - [TEST_STEP][PASSED] - CCAL2 = findTestData("IWP30PayNowCC").getValue("CCAL2", row): null

2020-07-13 22:32:54 - [TEST_STEP][PASSED] - println(CCAL2): null

2020-07-13 22:32:54 - [TEST_STEP][PASSED] - CCZIP = findTestData("IWP30PayNowCC").getValue("CCZIP", row): null

2020-07-13 22:32:54 - [TEST_STEP][PASSED] - println(CCZIP): null

2020-07-13 22:32:54 - [TEST_STEP][PASSED] - CCEmail = findTestData("IWP30PayNowCC").getValue("CCEmail", row): null

2020-07-13 22:32:54 - [TEST_STEP][PASSED] - println(CCEmail): null

2020-07-13 22:32:54 - [TEST_STEP][PASSED] - openBrowser("https://qa.velocitypayment.com/agency/config.do?action=editor"): Browser is opened with url: 'https://qa.velocitypayment.com/agency/config.do?action=editor'

2020-07-13 22:32:54 - [MESSAGE][INFO] - Starting 'Chrome' driver

2020-07-13 22:32:54 - [MESSAGE][INFO] - User set preference: ['acceptInsecureCerts', 'true']

2020-07-13 22:32:54 - [MESSAGE][INFO] - Action delay is set to 0 milliseconds

2020-07-13 22:32:58 - [MESSAGE][PASSED] - Browser is opened with url: 'https://qa.velocitypayment.com/agency/config.do?action=editor'

2020-07-13 22:32:58 - [TEST_STEP][PASSED] - maximizeWindow(): Current window maximized

2020-07-13 22:32:58 - [MESSAGE][PASSED] - Current window maximized

2020-07-13 22:32:58 - [TEST_STEP][PASSED] - selectOptionByValue(findTestObject("IWP30/Page_VRelay30Emulator/MV"), MV, true): All options with value '3.0' are selected in object 'Object Repository/IWP30/Page_VRelay30Emulator/MV'  using regular expression

2020-07-13 22:32:59 - [MESSAGE][PASSED] - All options with value '3.0' are selected in object 'Object Repository/IWP30/Page_VRelay30Emulator/MV'  using regular expression

2020-07-13 22:32:59 - [TEST_STEP][PASSED] - setText(findTestObject("IWP30/Page_VRelay30Emulator/Amount"), Amount): Text '10.50' is set on object 'Object Repository/IWP30/Page_VRelay30Emulator/Amount'

2020-07-13 22:33:00 - [MESSAGE][PASSED] - Text '10.50' is set on object 'Object Repository/IWP30/Page_VRelay30Emulator/Amount'

2020-07-13 22:33:00 - [TEST_STEP][PASSED] - setText(findTestObject("IWP30/Page_VRelay30Emulator/CAN"), CAN): Text '26411005' is set on object 'Object Repository/IWP30/Page_VRelay30Emulator/CAN'

2020-07-13 22:33:01 - [MESSAGE][PASSED] - Text '26411005' is set on object 'Object Repository/IWP30/Page_VRelay30Emulator/CAN'

2020-07-13 22:33:01 - [TEST_STEP][PASSED] - setText(findTestObject("IWP30/Page_VRelay30Emulator/Action"), Action): Text 'PayNow' is set on object 'Object Repository/IWP30/Page_VRelay30Emulator/Action'

2020-07-13 22:33:01 - [MESSAGE][PASSED] - Text 'PayNow' is set on object 'Object Repository/IWP30/Page_VRelay30Emulator/Action'

2020-07-13 22:33:01 - [TEST_STEP][PASSED] - setText(findTestObject("IWP30/Page_VRelay30Emulator/Lang"), Lang): Text 'en_US' is set on object 'Object Repository/IWP30/Page_VRelay30Emulator/Lang'

2020-07-13 22:33:02 - [MESSAGE][PASSED] - Text 'en_US' is set on object 'Object Repository/IWP30/Page_VRelay30Emulator/Lang'

2020-07-13 22:33:02 - [TEST_STEP][PASSED] - setText(findTestObject("IWP30/Page_VRelay30Emulator/Fname"), Fname): Text '' is set on object 'Object Repository/IWP30/Page_VRelay30Emulator/Fname'

2020-07-13 22:33:02 - [MESSAGE][PASSED] - Text '' is set on object 'Object Repository/IWP30/Page_VRelay30Emulator/Fname'

2020-07-13 22:33:02 - [TEST_STEP][PASSED] - setText(findTestObject("IWP30/Page_VRelay30Emulator/Lname"), Lname): Text '' is set on object 'Object Repository/IWP30/Page_VRelay30Emulator/Lname'

2020-07-13 22:33:03 - [MESSAGE][PASSED] - Text '' is set on object 'Object Repository/IWP30/Page_VRelay30Emulator/Lname'

2020-07-13 22:33:03 - [TEST_STEP][PASSED] - setText(findTestObject("IWP30/Page_VRelay30Emulator/AL1"), AL1): Text '' is set on object 'Object Repository/IWP30/Page_VRelay30Emulator/AL1'

2020-07-13 22:33:04 - [MESSAGE][PASSED] - Text '' is set on object 'Object Repository/IWP30/Page_VRelay30Emulator/AL1'

2020-07-13 22:33:04 - [TEST_STEP][PASSED] - setText(findTestObject("IWP30/Page_VRelay30Emulator/AL2"), AL2): Text '' is set on object 'Object Repository/IWP30/Page_VRelay30Emulator/AL2'

2020-07-13 22:33:04 - [MESSAGE][PASSED] - Text '' is set on object 'Object Repository/IWP30/Page_VRelay30Emulator/AL2'

2020-07-13 22:33:04 - [TEST_STEP][PASSED] - setText(findTestObject("IWP30/Page_VRelay30Emulator/Country"), Country): Text '840' is set on object 'Object Repository/IWP30/Page_VRelay30Emulator/Country'

2020-07-13 22:33:05 - [MESSAGE][PASSED] - Text '840' is set on object 'Object Repository/IWP30/Page_VRelay30Emulator/Country'

2020-07-13 22:33:05 - [TEST_STEP][PASSED] - setText(findTestObject("IWP30/Page_VRelay30Emulator/City"), City): Text '' is set on object 'Object Repository/IWP30/Page_VRelay30Emulator/City'

2020-07-13 22:33:05 - [MESSAGE][PASSED] - Text '' is set on object 'Object Repository/IWP30/Page_VRelay30Emulator/City'

2020-07-13 22:33:05 - [TEST_STEP][PASSED] - setText(findTestObject("IWP30/Page_VRelay30Emulator/State"), State): Text '' is set on object 'Object Repository/IWP30/Page_VRelay30Emulator/State'

2020-07-13 22:33:06 - [MESSAGE][PASSED] - Text '' is set on object 'Object Repository/IWP30/Page_VRelay30Emulator/State'

2020-07-13 22:33:06 - [TEST_STEP][PASSED] - setText(findTestObject("IWP30/Page_VRelay30Emulator/ZIP"), ZIP): Text '' is set on object 'Object Repository/IWP30/Page_VRelay30Emulator/ZIP'

2020-07-13 22:33:07 - [MESSAGE][PASSED] - Text '' is set on object 'Object Repository/IWP30/Page_VRelay30Emulator/ZIP'

2020-07-13 22:33:07 - [TEST_STEP][PASSED] - setText(findTestObject("IWP30/Page_VRelay30Emulator/Order"), Order): Text '' is set on object 'Object Repository/IWP30/Page_VRelay30Emulator/Order'

2020-07-13 22:33:07 - [MESSAGE][PASSED] - Text '' is set on object 'Object Repository/IWP30/Page_VRelay30Emulator/Order'

2020-07-13 22:33:07 - [TEST_STEP][PASSED] - setText(findTestObject("IWP30/Page_VRelay30Emulator/Company"), CompanyName): Text '' is set on object 'Object Repository/IWP30/Page_VRelay30Emulator/Company'

2020-07-13 22:33:08 - [MESSAGE][PASSED] - Text '' is set on object 'Object Repository/IWP30/Page_VRelay30Emulator/Company'

2020-07-13 22:33:08 - [TEST_STEP][PASSED] - setText(findTestObject("IWP30/Page_VRelay30Emulator/Email"), Email): Text '' is set on object 'Object Repository/IWP30/Page_VRelay30Emulator/Email'

2020-07-13 22:33:08 - [MESSAGE][PASSED] - Text '' is set on object 'Object Repository/IWP30/Page_VRelay30Emulator/Email'

2020-07-13 22:33:08 - [TEST_STEP][PASSED] - setText(findTestObject("IWP30/Page_VRelay30Emulator/UDF1"), UDF1): Text '' is set on object 'Object Repository/IWP30/Page_VRelay30Emulator/UDF1'

2020-07-13 22:33:09 - [MESSAGE][PASSED] - Text '' is set on object 'Object Repository/IWP30/Page_VRelay30Emulator/UDF1'

2020-07-13 22:33:09 - [TEST_STEP][PASSED] - setText(findTestObject("IWP30/Page_VRelay30Emulator/UDF2"), UDF2): Text '' is set on object 'Object Repository/IWP30/Page_VRelay30Emulator/UDF2'

2020-07-13 22:33:10 - [MESSAGE][PASSED] - Text '' is set on object 'Object Repository/IWP30/Page_VRelay30Emulator/UDF2'

2020-07-13 22:33:10 - [TEST_STEP][PASSED] - setText(findTestObject("IWP30/Page_VRelay30Emulator/UDF3"), UDF3): Text '' is set on object 'Object Repository/IWP30/Page_VRelay30Emulator/UDF3'

2020-07-13 22:33:10 - [MESSAGE][PASSED] - Text '' is set on object 'Object Repository/IWP30/Page_VRelay30Emulator/UDF3'

2020-07-13 22:33:10 - [TEST_STEP][PASSED] - setText(findTestObject("IWP30/Page_VRelay30Emulator/UDF4"), UDF4): Text 'udf data 4' is set on object 'Object Repository/IWP30/Page_VRelay30Emulator/UDF4'

2020-07-13 22:33:11 - [MESSAGE][PASSED] - Text 'udf data 4' is set on object 'Object Repository/IWP30/Page_VRelay30Emulator/UDF4'

2020-07-13 22:33:11 - [TEST_STEP][PASSED] - setText(findTestObject("IWP30/Page_VRelay30Emulator/UDF5"), UDF5): Text 'udf data 5' is set on object 'Object Repository/IWP30/Page_VRelay30Emulator/UDF5'

2020-07-13 22:33:12 - [MESSAGE][PASSED] - Text 'udf data 5' is set on object 'Object Repository/IWP30/Page_VRelay30Emulator/UDF5'

2020-07-13 22:33:12 - [TEST_STEP][PASSED] - setText(findTestObject("IWP30/Page_VRelay30Emulator/UDF6"), UDF6): Text '' is set on object 'Object Repository/IWP30/Page_VRelay30Emulator/UDF6'

2020-07-13 22:33:13 - [MESSAGE][PASSED] - Text '' is set on object 'Object Repository/IWP30/Page_VRelay30Emulator/UDF6'

2020-07-13 22:33:13 - [TEST_STEP][PASSED] - setText(findTestObject("IWP30/Page_VRelay30Emulator/UDF7"), UDF7): Text '' is set on object 'Object Repository/IWP30/Page_VRelay30Emulator/UDF7'

2020-07-13 22:33:13 - [MESSAGE][PASSED] - Text '' is set on object 'Object Repository/IWP30/Page_VRelay30Emulator/UDF7'

2020-07-13 22:33:13 - [TEST_STEP][PASSED] - setText(findTestObject("IWP30/Page_VRelay30Emulator/UDF8"), UDF8): Text '' is set on object 'Object Repository/IWP30/Page_VRelay30Emulator/UDF8'

2020-07-13 22:33:14 - [MESSAGE][PASSED] - Text '' is set on object 'Object Repository/IWP30/Page_VRelay30Emulator/UDF8'

2020-07-13 22:33:14 - [TEST_STEP][PASSED] - setText(findTestObject("IWP30/Page_VRelay30Emulator/UDF9"), UDF9): Text 'udf data 9' is set on object 'Object Repository/IWP30/Page_VRelay30Emulator/UDF9'

2020-07-13 22:33:15 - [MESSAGE][PASSED] - Text 'udf data 9' is set on object 'Object Repository/IWP30/Page_VRelay30Emulator/UDF9'

2020-07-13 22:33:15 - [TEST_STEP][PASSED] - setText(findTestObject("IWP30/Page_VRelay30Emulator/UDF10"), UDF10): Text 'udf data 10' is set on object 'Object Repository/IWP30/Page_VRelay30Emulator/UDF10'

2020-07-13 22:33:15 - [MESSAGE][PASSED] - Text 'udf data 10' is set on object 'Object Repository/IWP30/Page_VRelay30Emulator/UDF10'

2020-07-13 22:33:15 - [TEST_STEP][PASSED] - Thread.sleep(5000): null

2020-07-13 22:33:20 - [TEST_STEP][PASSED] - click(findTestObject("IWP30/Page_VRelay30Emulator/Submit")): Object: 'Object Repository/IWP30/Page_VRelay30Emulator/Submit' is clicked on

2020-07-13 22:33:21 - [MESSAGE][PASSED] - Object: 'Object Repository/IWP30/Page_VRelay30Emulator/Submit' is clicked on

2020-07-13 22:33:21 - [TEST_STEP][PASSED] - closeBrowser(): Browser is closed

2020-07-13 22:33:22 - [MESSAGE][PASSED] - Browser is closed

2020-07-13 22:33:22 - [TEST_STEP][PASSED] - openBrowser("https://dev-algorithm.govolution.com/vrelaytest/QA/version_2_2/vrelaytest.html"): Browser is opened with url: 'https://dev-algorithm.govolution.com/vrelaytest/QA/version_2_2/vrelaytest.html'

2020-07-13 22:33:22 - [MESSAGE][INFO] - Starting 'Chrome' driver

2020-07-13 22:33:22 - [MESSAGE][INFO] - User set preference: ['acceptInsecureCerts', 'true']

2020-07-13 22:33:22 - [MESSAGE][INFO] - Action delay is set to 0 milliseconds

2020-07-13 22:33:26 - [MESSAGE][PASSED] - Browser is opened with url: 'https://dev-algorithm.govolution.com/vrelaytest/QA/version_2_2/vrelaytest.html'

2020-07-13 22:33:26 - [TEST_STEP][PASSED] - maximizeWindow(): Current window maximized

2020-07-13 22:33:26 - [MESSAGE][PASSED] - Current window maximized

2020-07-13 22:33:26 - [TEST_STEP][PASSED] - genRemIDVoid = RandomStringUtils.random(12, true, true): null

2020-07-13 22:33:26 - [TEST_STEP][PASSED] - if (verifyElementPresent(findTestObject("Object Repository/IWP30/Page_QATestHarness/RemittanceID"), 30)): null

2020-07-13 22:33:26 - [MESSAGE][PASSED] - Object 'Object Repository/IWP30/Page_QATestHarness/RemittanceID' is present

2020-07-13 22:33:26 - [TEST_STEP][PASSED] - println("We are on Test Harness page, start populating"): null

2020-07-13 22:33:26 - [TEST_STEP][PASSED] - setText(findTestObject("Object Repository/IWP30/Page_QATestHarness/ApplicationID"), AppID): Text '649' is set on object 'Object Repository/IWP30/Page_QATestHarness/ApplicationID'

2020-07-13 22:33:27 - [MESSAGE][PASSED] - Text '649' is set on object 'Object Repository/IWP30/Page_QATestHarness/ApplicationID'

2020-07-13 22:33:27 - [TEST_STEP][PASSED] - setText(findTestObject("Object Repository/IWP30/Page_QATestHarness/MessageVersion"), MessageVersion): Text '3.0' is set on object 'Object Repository/IWP30/Page_QATestHarness/MessageVersion'

2020-07-13 22:33:28 - [MESSAGE][PASSED] - Text '3.0' is set on object 'Object Repository/IWP30/Page_QATestHarness/MessageVersion'

2020-07-13 22:33:28 - [TEST_STEP][PASSED] - setText(findTestObject("Object Repository/IWP30/Page_QATestHarness/RemittanceID"), genRemIDVoid): Text 'Advi5uQt0iiF' is set on object 'Object Repository/IWP30/Page_QATestHarness/RemittanceID'

2020-07-13 22:33:28 - [MESSAGE][PASSED] - Text 'Advi5uQt0iiF' is set on object 'Object Repository/IWP30/Page_QATestHarness/RemittanceID'

2020-07-13 22:33:28 - [TEST_STEP][PASSED] - click(findTestObject("Object Repository/IWP30/Page_QATestHarness/SubmitButton")): Object: 'Object Repository/IWP30/Page_QATestHarness/SubmitButton' is clicked on

2020-07-13 22:33:30 - [MESSAGE][PASSED] - Object: 'Object Repository/IWP30/Page_QATestHarness/SubmitButton' is clicked on

2020-07-13 22:33:30 - [TEST_STEP][PASSED] - if (verifyElementPresent(findTestObject("Object Repository/IWP30/Page_SelectPaymentMethod/PayByCreditCard"), 30)): null

2020-07-13 22:33:30 - [MESSAGE][PASSED] - Object 'Object Repository/IWP30/Page_SelectPaymentMethod/PayByCreditCard' is present

2020-07-13 22:33:30 - [TEST_STEP][PASSED] - println("We are on Select Payment Method page, start populating"): null

2020-07-13 22:33:30 - [TEST_STEP][PASSED] - check(findTestObject("Object Repository/IWP30/Page_SelectPaymentMethod/PayByCreditCard")): Object 'Object Repository/IWP30/Page_SelectPaymentMethod/PayByCreditCard' is checked

2020-07-13 22:33:31 - [MESSAGE][PASSED] - Object 'Object Repository/IWP30/Page_SelectPaymentMethod/PayByCreditCard' is checked

2020-07-13 22:33:31 - [TEST_STEP][PASSED] - Thread.sleep(1000): null

2020-07-13 22:33:32 - [TEST_STEP][PASSED] - click(findTestObject("Object Repository/IWP30/Page_SelectPaymentMethod/MakePaymentButton")): Object: 'Object Repository/IWP30/Page_SelectPaymentMethod/MakePaymentButton' is clicked on

2020-07-13 22:33:33 - [MESSAGE][PASSED] - Object: 'Object Repository/IWP30/Page_SelectPaymentMethod/MakePaymentButton' is clicked on

2020-07-13 22:33:33 - [TEST_STEP][PASSED] - if (verifyElementPresent(findTestObject("Object Repository/IWP30/Page_CCPaymentEntry/Name"), 30)): null

2020-07-13 22:33:33 - [MESSAGE][PASSED] - Object 'Object Repository/IWP30/Page_CCPaymentEntry/Name' is present

2020-07-13 22:33:33 - [TEST_STEP][PASSED] - println("We are on Credit Card Payment Entry page, start populating"): null

2020-07-13 22:33:33 - [TEST_STEP][PASSED] - if (verifyElementPresent(findTestObject("Object Repository/IWP30/Page_CCPaymentEntry/Amount"), 30)): null

2020-07-13 22:33:33 - [MESSAGE][PASSED] - Object 'Object Repository/IWP30/Page_CCPaymentEntry/Amount' is present

2020-07-13 22:33:33 - [TEST_STEP][PASSED] - if (!(CCAmount.isEmpty())): Text '20.50' is set on object 'Object Repository/IWP30/Page_CCPaymentEntry/Amount'

2020-07-13 22:33:33 - [TEST_STEP][PASSED] - setText(findTestObject("Object Repository/IWP30/Page_CCPaymentEntry/Amount"), CCAmount): Text '20.50' is set on object 'Object Repository/IWP30/Page_CCPaymentEntry/Amount'

2020-07-13 22:33:34 - [MESSAGE][PASSED] - Text '20.50' is set on object 'Object Repository/IWP30/Page_CCPaymentEntry/Amount'

2020-07-13 22:33:34 - [TEST_STEP][PASSED] - if (verifyElementPresent(findTestObject("Object Repository/IWP30/Page_CCPaymentEntry/UserDefined2"), 30)): null

2020-07-13 22:33:34 - [MESSAGE][PASSED] - Object 'Object Repository/IWP30/Page_CCPaymentEntry/UserDefined2' is present

2020-07-13 22:33:34 - [TEST_STEP][PASSED] - if (!(CCUDF2.isEmpty())): Text 'Number 2' is set on object 'Object Repository/IWP30/Page_CCPaymentEntry/UserDefined2'

2020-07-13 22:33:34 - [TEST_STEP][PASSED] - setText(findTestObject("Object Repository/IWP30/Page_CCPaymentEntry/UserDefined2"), CCUDF2): Text 'Number 2' is set on object 'Object Repository/IWP30/Page_CCPaymentEntry/UserDefined2'

2020-07-13 22:33:35 - [MESSAGE][PASSED] - Text 'Number 2' is set on object 'Object Repository/IWP30/Page_CCPaymentEntry/UserDefined2'

2020-07-13 22:33:35 - [TEST_STEP][PASSED] - if (verifyElementPresent(findTestObject("Object Repository/IWP30/Page_CCPaymentEntry/UserDefined3"), 30)): null

2020-07-13 22:33:35 - [MESSAGE][PASSED] - Object 'Object Repository/IWP30/Page_CCPaymentEntry/UserDefined3' is present

2020-07-13 22:33:35 - [TEST_STEP][PASSED] - if (!(CCUDF3.isEmpty())): Text 'Number 3' is set on object 'Object Repository/IWP30/Page_CCPaymentEntry/UserDefined3'

2020-07-13 22:33:35 - [TEST_STEP][PASSED] - setText(findTestObject("Object Repository/IWP30/Page_CCPaymentEntry/UserDefined3"), CCUDF3): Text 'Number 3' is set on object 'Object Repository/IWP30/Page_CCPaymentEntry/UserDefined3'

2020-07-13 22:33:36 - [MESSAGE][PASSED] - Text 'Number 3' is set on object 'Object Repository/IWP30/Page_CCPaymentEntry/UserDefined3'

2020-07-13 22:33:36 - [TEST_STEP][PASSED] - if (verifyElementPresent(findTestObject("Object Repository/IWP30/Page_CCPaymentEntry/UserDefined7"), 30)): null

2020-07-13 22:33:36 - [MESSAGE][PASSED] - Object 'Object Repository/IWP30/Page_CCPaymentEntry/UserDefined7' is present

2020-07-13 22:33:36 - [TEST_STEP][PASSED] - if (!(CCUDF7.isEmpty())): All options with label 'Orange' are selected in object 'Object Repository/IWP30/Page_CCPaymentEntry/UserDefined7' 

2020-07-13 22:33:36 - [TEST_STEP][PASSED] - selectOptionByLabel(findTestObject("Object Repository/IWP30/Page_CCPaymentEntry/UserDefined7"), CCUDF7, false): All options with label 'Orange' are selected in object 'Object Repository/IWP30/Page_CCPaymentEntry/UserDefined7' 

2020-07-13 22:33:37 - [MESSAGE][PASSED] - All options with label 'Orange' are selected in object 'Object Repository/IWP30/Page_CCPaymentEntry/UserDefined7' 

2020-07-13 22:33:37 - [TEST_STEP][PASSED] - if (verifyElementPresent(findTestObject("Object Repository/IWP30/Page_CCPaymentEntry/UserDefined8"), 30)): null

2020-07-13 22:33:37 - [MESSAGE][PASSED] - Object 'Object Repository/IWP30/Page_CCPaymentEntry/UserDefined8' is present

2020-07-13 22:33:37 - [TEST_STEP][PASSED] - if (!(CCUDF8.isEmpty())): All options with label 'Tennis' are selected in object 'Object Repository/IWP30/Page_CCPaymentEntry/UserDefined8' 

2020-07-13 22:33:37 - [TEST_STEP][PASSED] - selectOptionByLabel(findTestObject("Object Repository/IWP30/Page_CCPaymentEntry/UserDefined8"), CCUDF8, false): All options with label 'Tennis' are selected in object 'Object Repository/IWP30/Page_CCPaymentEntry/UserDefined8' 

2020-07-13 22:33:38 - [MESSAGE][PASSED] - All options with label 'Tennis' are selected in object 'Object Repository/IWP30/Page_CCPaymentEntry/UserDefined8' 

2020-07-13 22:33:38 - [TEST_STEP][PASSED] - if (verifyElementPresent(findTestObject("Object Repository/IWP30/Page_CCPaymentEntry/Name"), 30)): null

2020-07-13 22:33:38 - [MESSAGE][PASSED] - Object 'Object Repository/IWP30/Page_CCPaymentEntry/Name' is present

2020-07-13 22:33:38 - [TEST_STEP][PASSED] - if (!(CCName.isEmpty())): Text 'Mera Naam' is set on object 'Object Repository/IWP30/Page_CCPaymentEntry/Name'

2020-07-13 22:33:38 - [TEST_STEP][PASSED] - setText(findTestObject("Object Repository/IWP30/Page_CCPaymentEntry/Name"), CCName): Text 'Mera Naam' is set on object 'Object Repository/IWP30/Page_CCPaymentEntry/Name'

2020-07-13 22:33:38 - [MESSAGE][PASSED] - Text 'Mera Naam' is set on object 'Object Repository/IWP30/Page_CCPaymentEntry/Name'

2020-07-13 22:33:38 - [TEST_STEP][PASSED] - if (verifyElementPresent(findTestObject("Object Repository/IWP30/Page_CCPaymentEntry/CardNumber"), 30)): null

2020-07-13 22:33:39 - [MESSAGE][PASSED] - Object 'Object Repository/IWP30/Page_CCPaymentEntry/CardNumber' is present

2020-07-13 22:33:39 - [TEST_STEP][PASSED] - if (!(CCCardNum.isEmpty())): Text '370000000000002' is set on object 'Object Repository/IWP30/Page_CCPaymentEntry/CardNumber'

2020-07-13 22:33:39 - [TEST_STEP][PASSED] - setText(findTestObject("Object Repository/IWP30/Page_CCPaymentEntry/CardNumber"), CCCardNum): Text '370000000000002' is set on object 'Object Repository/IWP30/Page_CCPaymentEntry/CardNumber'

2020-07-13 22:33:40 - [MESSAGE][PASSED] - Text '370000000000002' is set on object 'Object Repository/IWP30/Page_CCPaymentEntry/CardNumber'

2020-07-13 22:33:40 - [TEST_STEP][PASSED] - if (verifyElementPresent(findTestObject("Object Repository/IWP30/Page_CCPaymentEntry/SPC"), 30)): null

2020-07-13 22:33:40 - [MESSAGE][PASSED] - Object 'Object Repository/IWP30/Page_CCPaymentEntry/SPC' is present

2020-07-13 22:33:40 - [TEST_STEP][PASSED] - if (!(CCSPC.isEmpty())): Text '1234' is set on object 'Object Repository/IWP30/Page_CCPaymentEntry/SPC'

2020-07-13 22:33:40 - [TEST_STEP][PASSED] - setText(findTestObject("Object Repository/IWP30/Page_CCPaymentEntry/SPC"), CCSPC): Text '1234' is set on object 'Object Repository/IWP30/Page_CCPaymentEntry/SPC'

2020-07-13 22:33:41 - [MESSAGE][PASSED] - Text '1234' is set on object 'Object Repository/IWP30/Page_CCPaymentEntry/SPC'

2020-07-13 22:33:41 - [TEST_STEP][PASSED] - if (verifyElementPresent(findTestObject("Object Repository/IWP30/Page_CCPaymentEntry/Month"), 30)): null

2020-07-13 22:33:41 - [MESSAGE][PASSED] - Object 'Object Repository/IWP30/Page_CCPaymentEntry/Month' is present

2020-07-13 22:33:41 - [TEST_STEP][PASSED] - if (!(CCExpM.isEmpty())): All options with label '09' are selected in object 'Object Repository/IWP30/Page_CCPaymentEntry/Month' 

2020-07-13 22:33:41 - [TEST_STEP][PASSED] - selectOptionByLabel(findTestObject("Object Repository/IWP30/Page_CCPaymentEntry/Month"), CCExpM, false): All options with label '09' are selected in object 'Object Repository/IWP30/Page_CCPaymentEntry/Month' 

2020-07-13 22:33:42 - [MESSAGE][PASSED] - All options with label '09' are selected in object 'Object Repository/IWP30/Page_CCPaymentEntry/Month' 

2020-07-13 22:33:42 - [TEST_STEP][PASSED] - if (verifyElementPresent(findTestObject("Object Repository/IWP30/Page_CCPaymentEntry/Year"), 30)): null

2020-07-13 22:33:42 - [MESSAGE][PASSED] - Object 'Object Repository/IWP30/Page_CCPaymentEntry/Year' is present

2020-07-13 22:33:42 - [TEST_STEP][PASSED] - if (!(CCExpY.isEmpty())): All options with label '2023' are selected in object 'Object Repository/IWP30/Page_CCPaymentEntry/Year' 

2020-07-13 22:33:42 - [TEST_STEP][PASSED] - selectOptionByLabel(findTestObject("Object Repository/IWP30/Page_CCPaymentEntry/Year"), CCExpY, false): All options with label '2023' are selected in object 'Object Repository/IWP30/Page_CCPaymentEntry/Year' 

2020-07-13 22:33:43 - [MESSAGE][PASSED] - All options with label '2023' are selected in object 'Object Repository/IWP30/Page_CCPaymentEntry/Year' 

2020-07-13 22:33:43 - [TEST_STEP][PASSED] - if (verifyElementPresent(findTestObject("Object Repository/IWP30/Page_CCPaymentEntry/ProcessDate"), 30)): null

2020-07-13 22:33:43 - [MESSAGE][PASSED] - Object 'Object Repository/IWP30/Page_CCPaymentEntry/ProcessDate' is present

2020-07-13 22:33:43 - [TEST_STEP][PASSED] - if (!(CCDate.isEmpty())): null

2020-07-13 22:33:43 - [TEST_STEP][PASSED] - else: null

2020-07-13 22:33:43 - [TEST_STEP][PASSED] - println("CCDate is not present in the Excel Spreadsheet"): null

2020-07-13 22:33:43 - [TEST_STEP][PASSED] - if (verifyElementPresent(findTestObject("Object Repository/IWP30/Page_CCPaymentEntry/AL1"), 30)): null

2020-07-13 22:33:43 - [MESSAGE][PASSED] - Object 'Object Repository/IWP30/Page_CCPaymentEntry/AL1' is present

2020-07-13 22:33:43 - [TEST_STEP][PASSED] - if (!(CCAL1.isEmpty())): Text 'Mera AL1' is set on object 'Object Repository/IWP30/Page_CCPaymentEntry/AL1'

2020-07-13 22:33:43 - [TEST_STEP][PASSED] - setText(findTestObject("Object Repository/IWP30/Page_CCPaymentEntry/AL1"), CCAL1): Text 'Mera AL1' is set on object 'Object Repository/IWP30/Page_CCPaymentEntry/AL1'

2020-07-13 22:33:44 - [MESSAGE][PASSED] - Text 'Mera AL1' is set on object 'Object Repository/IWP30/Page_CCPaymentEntry/AL1'

2020-07-13 22:33:44 - [TEST_STEP][PASSED] - if (verifyElementPresent(findTestObject("Object Repository/IWP30/Page_CCPaymentEntry/AL2"), 30)): null

2020-07-13 22:33:44 - [MESSAGE][PASSED] - Object 'Object Repository/IWP30/Page_CCPaymentEntry/AL2' is present

2020-07-13 22:33:44 - [TEST_STEP][PASSED] - if (!(CCAL2.isEmpty())): Text 'Mera AL2' is set on object 'Object Repository/IWP30/Page_CCPaymentEntry/AL2'

2020-07-13 22:33:44 - [TEST_STEP][PASSED] - setText(findTestObject("Object Repository/IWP30/Page_CCPaymentEntry/AL2"), CCAL2): Text 'Mera AL2' is set on object 'Object Repository/IWP30/Page_CCPaymentEntry/AL2'

2020-07-13 22:33:45 - [MESSAGE][PASSED] - Text 'Mera AL2' is set on object 'Object Repository/IWP30/Page_CCPaymentEntry/AL2'

2020-07-13 22:33:45 - [TEST_STEP][PASSED] - if (verifyElementPresent(findTestObject("Object Repository/IWP30/Page_CCPaymentEntry/ZIP"), 30)): null

2020-07-13 22:33:45 - [MESSAGE][PASSED] - Object 'Object Repository/IWP30/Page_CCPaymentEntry/ZIP' is present

2020-07-13 22:33:45 - [TEST_STEP][PASSED] - if (!(CCZIP.isEmpty())): Text '21054' is set on object 'Object Repository/IWP30/Page_CCPaymentEntry/ZIP'

2020-07-13 22:33:45 - [TEST_STEP][PASSED] - setText(findTestObject("Object Repository/IWP30/Page_CCPaymentEntry/ZIP"), CCZIP): Text '21054' is set on object 'Object Repository/IWP30/Page_CCPaymentEntry/ZIP'

2020-07-13 22:33:46 - [MESSAGE][PASSED] - Text '21054' is set on object 'Object Repository/IWP30/Page_CCPaymentEntry/ZIP'

2020-07-13 22:33:46 - [TEST_STEP][PASSED] - if (verifyElementPresent(findTestObject("Object Repository/IWP30/Page_CCPaymentEntry/EmailAddress"), 30)): null

2020-07-13 22:33:46 - [MESSAGE][PASSED] - Object 'Object Repository/IWP30/Page_CCPaymentEntry/EmailAddress' is present

2020-07-13 22:33:46 - [TEST_STEP][PASSED] - if (!(CCEmail.isEmpty())): Text 'merae@gmail.com' is set on object 'Object Repository/IWP30/Page_CCPaymentEntry/EmailAddress'

2020-07-13 22:33:46 - [TEST_STEP][PASSED] - setText(findTestObject("Object Repository/IWP30/Page_CCPaymentEntry/EmailAddress"), CCEmail): Text 'merae@gmail.com' is set on object 'Object Repository/IWP30/Page_CCPaymentEntry/EmailAddress'

2020-07-13 22:33:47 - [MESSAGE][PASSED] - Text 'merae@gmail.com' is set on object 'Object Repository/IWP30/Page_CCPaymentEntry/EmailAddress'

2020-07-13 22:33:47 - [TEST_STEP][PASSED] - if (verifyElementPresent(findTestObject("Object Repository/IWP30/Page_CCPaymentEntry/TermCondCheckBox"), 30)): null

2020-07-13 22:33:48 - [MESSAGE][PASSED] - Object 'Object Repository/IWP30/Page_CCPaymentEntry/TermCondCheckBox' is present

2020-07-13 22:33:48 - [TEST_STEP][PASSED] - check(findTestObject("Object Repository/IWP30/Page_CCPaymentEntry/TermCondCheckBox")): Object 'Object Repository/IWP30/Page_CCPaymentEntry/TermCondCheckBox' is checked

2020-07-13 22:33:48 - [MESSAGE][PASSED] - Object 'Object Repository/IWP30/Page_CCPaymentEntry/TermCondCheckBox' is checked

2020-07-13 22:33:48 - [TEST_STEP][PASSED] - if (verifyElementPresent(findTestObject("Object Repository/IWP30/Page_CCPaymentEntry/ContinueButton"), 30)): null

2020-07-13 22:33:48 - [MESSAGE][PASSED] - Object 'Object Repository/IWP30/Page_CCPaymentEntry/ContinueButton' is present

2020-07-13 22:33:48 - [TEST_STEP][PASSED] - click(findTestObject("Object Repository/IWP30/Page_CCPaymentEntry/ContinueButton")): Object: 'Object Repository/IWP30/Page_CCPaymentEntry/ContinueButton' is clicked on

2020-07-13 22:33:49 - [MESSAGE][PASSED] - Object: 'Object Repository/IWP30/Page_CCPaymentEntry/ContinueButton' is clicked on

2020-07-13 22:33:49 - [TEST_STEP][PASSED] - if (verifyTextPresent("Please verify the following information", false)): null

2020-07-13 22:33:50 - [MESSAGE][PASSED] - Text 'Please verify the following information' is present on page 

2020-07-13 22:33:50 - [TEST_STEP][PASSED] - println("Please verify the following information text is present on the Confirmation page"): null

2020-07-13 22:33:50 - [TEST_STEP][PASSED] - if (verifyTextPresent("Is this information correct?", false)): null

2020-07-13 22:33:50 - [MESSAGE][PASSED] - Text 'Is this information correct?' is present on page 

2020-07-13 22:33:50 - [TEST_STEP][PASSED] - println("Is this information correct text is present on the Confirmation page"): null

2020-07-13 22:33:50 - [TEST_STEP][PASSED] - if (verifyElementPresent(findTestObject("Object Repository/IWP30/Page_Confirmation/ConfirmButton"), 30)): null

2020-07-13 22:33:50 - [MESSAGE][PASSED] - Object 'Object Repository/IWP30/Page_Confirmation/ConfirmButton' is present

2020-07-13 22:33:50 - [TEST_STEP][PASSED] - click(findTestObject("Object Repository/IWP30/Page_Confirmation/ConfirmButton")): Object: 'Object Repository/IWP30/Page_Confirmation/ConfirmButton' is clicked on

2020-07-13 22:33:51 - [MESSAGE][PASSED] - Object: 'Object Repository/IWP30/Page_Confirmation/ConfirmButton' is clicked on

2020-07-13 22:33:51 - [TEST_STEP][PASSED] - Thread.sleep(10000): null

2020-07-13 22:34:01 - [TEST_STEP][PASSED] - if (verifyTextPresent("Successful Payment Receipt", false)): null

2020-07-13 22:34:02 - [MESSAGE][PASSED] - Text 'Successful Payment Receipt' is present on page 

2020-07-13 22:34:02 - [TEST_STEP][PASSED] - println("Successful Payment Receipt text is present on the Receipt page"): null

2020-07-13 22:34:02 - [TEST_STEP][PASSED] - if (verifyTextPresent("Please print this receipt for your records", false)): null

2020-07-13 22:34:02 - [MESSAGE][PASSED] - Text 'Please print this receipt for your records' is present on page 

2020-07-13 22:34:02 - [TEST_STEP][PASSED] - println("Please print this receipt for your records text is present on the Receipt page"): null

2020-07-13 22:34:02 - [TEST_STEP][PASSED] - if (verifyElementPresent(findTestObject("Object Repository/IWP30/Page_Receipt/ExitButton"), 30)): null

2020-07-13 22:34:02 - [MESSAGE][PASSED] - Object 'Object Repository/IWP30/Page_Receipt/ExitButton' is present

2020-07-13 22:34:02 - [TEST_STEP][PASSED] - println("Exit Button is present on the Receipt page"): null

2020-07-13 22:34:02 - [TEST_STEP][PASSED] - closeBrowser(): Browser is closed

2020-07-13 22:34:03 - [MESSAGE][PASSED] - Browser is closed

2020-07-13 22:34:03 - [TEST_STEP][PASSED] - try: null

2020-07-13 22:34:03 - [TEST_STEP][PASSED] - MV = findTestData("IWP30PayNowCC").getValue("MV", row): null

2020-07-13 22:34:03 - [TEST_STEP][PASSED] - println(MV): null

2020-07-13 22:34:03 - [TEST_STEP][PASSED] - Amount = findTestData("IWP30PayNowCC").getValue("Amount", row): null

2020-07-13 22:34:03 - [TEST_STEP][PASSED] - println(Amount): null

2020-07-13 22:34:03 - [TEST_STEP][PASSED] - CAN = findTestData("IWP30PayNowCC").getValue("CAN", row): null

2020-07-13 22:34:03 - [TEST_STEP][PASSED] - println(CAN): null

2020-07-13 22:34:03 - [TEST_STEP][PASSED] - Action = findTestData("IWP30PayNowCC").getValue("Action", row): null

2020-07-13 22:34:03 - [TEST_STEP][PASSED] - println(Action): null

2020-07-13 22:34:03 - [TEST_STEP][PASSED] - Lang = findTestData("IWP30PayNowCC").getValue("Lang", row): null

2020-07-13 22:34:03 - [TEST_STEP][PASSED] - println(Lang): null

2020-07-13 22:34:03 - [TEST_STEP][PASSED] - Fname = findTestData("IWP30PayNowCC").getValue("Fname", row): null

2020-07-13 22:34:03 - [TEST_STEP][PASSED] - println(Fname): null

2020-07-13 22:34:03 - [TEST_STEP][PASSED] - Lname = findTestData("IWP30PayNowCC").getValue("Lname", row): null

2020-07-13 22:34:03 - [TEST_STEP][PASSED] - println(Lname): null

2020-07-13 22:34:03 - [TEST_STEP][PASSED] - AL1 = findTestData("IWP30PayNowCC").getValue("AL1", row): null

2020-07-13 22:34:03 - [TEST_STEP][PASSED] - println(AL1): null

2020-07-13 22:34:03 - [TEST_STEP][PASSED] - AL2 = findTestData("IWP30PayNowCC").getValue("AL2", row): null

2020-07-13 22:34:03 - [TEST_STEP][PASSED] - println(AL2): null

2020-07-13 22:34:03 - [TEST_STEP][PASSED] - Country = findTestData("IWP30PayNowCC").getValue("Country", row): null

2020-07-13 22:34:03 - [TEST_STEP][PASSED] - println(Country): null

2020-07-13 22:34:03 - [TEST_STEP][PASSED] - City = findTestData("IWP30PayNowCC").getValue("City", row): null

2020-07-13 22:34:03 - [TEST_STEP][PASSED] - println(City): null

2020-07-13 22:34:03 - [TEST_STEP][PASSED] - State = findTestData("IWP30PayNowCC").getValue("State", row): null

2020-07-13 22:34:04 - [TEST_STEP][PASSED] - println(State): null

2020-07-13 22:34:04 - [TEST_STEP][PASSED] - ZIP = findTestData("IWP30PayNowCC").getValue("ZIP", row): null

2020-07-13 22:34:04 - [TEST_STEP][PASSED] - println(ZIP): null

2020-07-13 22:34:04 - [TEST_STEP][PASSED] - Order = findTestData("IWP30PayNowCC").getValue("Order", row): null

2020-07-13 22:34:04 - [TEST_STEP][PASSED] - println(Order): null

2020-07-13 22:34:04 - [TEST_STEP][PASSED] - CompanyName = findTestData("IWP30PayNowCC").getValue("CompanyName", row): null

2020-07-13 22:34:04 - [TEST_STEP][PASSED] - println(CompanyName): null

2020-07-13 22:34:04 - [TEST_STEP][PASSED] - Email = findTestData("IWP30PayNowCC").getValue("Email", row): null

2020-07-13 22:34:04 - [TEST_STEP][PASSED] - println(Email): null

2020-07-13 22:34:04 - [TEST_STEP][PASSED] - UDF1 = findTestData("IWP30PayNowCC").getValue("UDF1", row): null

2020-07-13 22:34:04 - [TEST_STEP][PASSED] - println(UDF1): null

2020-07-13 22:34:04 - [TEST_STEP][PASSED] - UDF2 = findTestData("IWP30PayNowCC").getValue("UDF2", row): null

2020-07-13 22:34:04 - [TEST_STEP][PASSED] - println(UDF2): null

2020-07-13 22:34:04 - [TEST_STEP][PASSED] - UDF3 = findTestData("IWP30PayNowCC").getValue("UDF3", row): null

2020-07-13 22:34:04 - [TEST_STEP][PASSED] - println(UDF3): null

2020-07-13 22:34:04 - [TEST_STEP][PASSED] - UDF4 = findTestData("IWP30PayNowCC").getValue("UDF4", row): null

2020-07-13 22:34:04 - [TEST_STEP][PASSED] - println(UDF4): null

2020-07-13 22:34:04 - [TEST_STEP][PASSED] - UDF5 = findTestData("IWP30PayNowCC").getValue("UDF5", row): null

2020-07-13 22:34:04 - [TEST_STEP][PASSED] - println(UDF5): null

2020-07-13 22:34:04 - [TEST_STEP][PASSED] - UDF6 = findTestData("IWP30PayNowCC").getValue("UDF6", row): null

2020-07-13 22:34:04 - [TEST_STEP][PASSED] - println(UDF6): null

2020-07-13 22:34:04 - [TEST_STEP][PASSED] - UDF7 = findTestData("IWP30PayNowCC").getValue("UDF7", row): null

2020-07-13 22:34:04 - [TEST_STEP][PASSED] - println(UDF7): null

2020-07-13 22:34:04 - [TEST_STEP][PASSED] - UDF8 = findTestData("IWP30PayNowCC").getValue("UDF8", row): null

2020-07-13 22:34:04 - [TEST_STEP][PASSED] - println(UDF8): null

2020-07-13 22:34:04 - [TEST_STEP][PASSED] - UDF9 = findTestData("IWP30PayNowCC").getValue("UDF9", row): null

2020-07-13 22:34:04 - [TEST_STEP][PASSED] - println(UDF9): null

2020-07-13 22:34:04 - [TEST_STEP][PASSED] - UDF10 = findTestData("IWP30PayNowCC").getValue("UDF10", row): null

2020-07-13 22:34:04 - [TEST_STEP][PASSED] - println(UDF10): null

2020-07-13 22:34:04 - [TEST_STEP][PASSED] - AppID = findTestData("IWP30PayNowCC").getValue("AppID", row): null

2020-07-13 22:34:04 - [TEST_STEP][PASSED] - println(AppID): null

2020-07-13 22:34:04 - [TEST_STEP][PASSED] - MessageVersion = findTestData("IWP30PayNowCC").getValue("MessageVersion", row): null

2020-07-13 22:34:04 - [TEST_STEP][PASSED] - println(MessageVersion): null

2020-07-13 22:34:04 - [TEST_STEP][PASSED] - CCAmount = findTestData("IWP30PayNowCC").getValue("CCAmount", row): null

2020-07-13 22:34:04 - [TEST_STEP][PASSED] - println(CCAmount): null

2020-07-13 22:34:04 - [TEST_STEP][PASSED] - CCUDF1 = findTestData("IWP30PayNowCC").getValue("CCUDF1", row): null

2020-07-13 22:34:04 - [TEST_STEP][PASSED] - println(CCUDF1): null

2020-07-13 22:34:04 - [TEST_STEP][PASSED] - CCUDF2 = findTestData("IWP30PayNowCC").getValue("CCUDF2", row): null

2020-07-13 22:34:04 - [TEST_STEP][PASSED] - println(CCUDF2): null

2020-07-13 22:34:04 - [TEST_STEP][PASSED] - CCUDF3 = findTestData("IWP30PayNowCC").getValue("CCUDF3", row): null

2020-07-13 22:34:04 - [TEST_STEP][PASSED] - println(CCUDF3): null

2020-07-13 22:34:04 - [TEST_STEP][PASSED] - CCUDF4 = findTestData("IWP30PayNowCC").getValue("CCUDF4", row): null

2020-07-13 22:34:04 - [TEST_STEP][PASSED] - println(CCUDF4): null

2020-07-13 22:34:04 - [TEST_STEP][PASSED] - CCUDF5 = findTestData("IWP30PayNowCC").getValue("CCUDF5", row): null

2020-07-13 22:34:04 - [TEST_STEP][PASSED] - println(CCUDF5): null

2020-07-13 22:34:04 - [TEST_STEP][PASSED] - CCUDF6 = findTestData("IWP30PayNowCC").getValue("CCUDF6", row): null

2020-07-13 22:34:04 - [TEST_STEP][PASSED] - println(CCUDF6): null

2020-07-13 22:34:04 - [TEST_STEP][PASSED] - CCUDF7 = findTestData("IWP30PayNowCC").getValue("CCUDF7", row): null

2020-07-13 22:34:04 - [TEST_STEP][PASSED] - println(CCUDF7): null

2020-07-13 22:34:04 - [TEST_STEP][PASSED] - CCUDF8 = findTestData("IWP30PayNowCC").getValue("CCUDF8", row): null

2020-07-13 22:34:04 - [TEST_STEP][PASSED] - println(CCUDF8): null

2020-07-13 22:34:04 - [TEST_STEP][PASSED] - CCUDF9 = findTestData("IWP30PayNowCC").getValue("CCUDF9", row): null

2020-07-13 22:34:04 - [TEST_STEP][PASSED] - println(CCUDF9): null

2020-07-13 22:34:04 - [TEST_STEP][PASSED] - CCUDF10 = findTestData("IWP30PayNowCC").getValue("CCUDF10", row): null

2020-07-13 22:34:04 - [TEST_STEP][PASSED] - println(CCUDF10): null

2020-07-13 22:34:04 - [TEST_STEP][PASSED] - CCName = findTestData("IWP30PayNowCC").getValue("CCName", row): null

2020-07-13 22:34:04 - [TEST_STEP][PASSED] - println(CCName): null

2020-07-13 22:34:04 - [TEST_STEP][PASSED] - CCCardNum = findTestData("IWP30PayNowCC").getValue("CCCardNum", row): null

2020-07-13 22:34:04 - [TEST_STEP][PASSED] - println(CCCardNum): null

2020-07-13 22:34:04 - [TEST_STEP][PASSED] - CCSPC = findTestData("IWP30PayNowCC").getValue("CCSPC", row): null

2020-07-13 22:34:04 - [TEST_STEP][PASSED] - println(CCSPC): null

2020-07-13 22:34:04 - [TEST_STEP][PASSED] - CCExpM = findTestData("IWP30PayNowCC").getValue("CCExpM", row): null

2020-07-13 22:34:04 - [TEST_STEP][PASSED] - println(CCExpM): null

2020-07-13 22:34:04 - [TEST_STEP][PASSED] - CCExpY = findTestData("IWP30PayNowCC").getValue("CCExpY", row): null

2020-07-13 22:34:04 - [TEST_STEP][PASSED] - println(CCExpY): null

2020-07-13 22:34:04 - [TEST_STEP][PASSED] - CCDate = findTestData("IWP30PayNowCC").getValue("CCDate", row): null

2020-07-13 22:34:04 - [TEST_STEP][PASSED] - println(CCDate): null

2020-07-13 22:34:04 - [TEST_STEP][PASSED] - CCAL1 = findTestData("IWP30PayNowCC").getValue("CCAL1", row): null

2020-07-13 22:34:04 - [TEST_STEP][PASSED] - println(CCAL1): null

2020-07-13 22:34:04 - [TEST_STEP][PASSED] - CCAL2 = findTestData("IWP30PayNowCC").getValue("CCAL2", row): null

2020-07-13 22:34:04 - [TEST_STEP][PASSED] - println(CCAL2): null

2020-07-13 22:34:04 - [TEST_STEP][PASSED] - CCZIP = findTestData("IWP30PayNowCC").getValue("CCZIP", row): null

2020-07-13 22:34:04 - [TEST_STEP][PASSED] - println(CCZIP): null

2020-07-13 22:34:04 - [TEST_STEP][PASSED] - CCEmail = findTestData("IWP30PayNowCC").getValue("CCEmail", row): null

2020-07-13 22:34:04 - [TEST_STEP][PASSED] - println(CCEmail): null

2020-07-13 22:34:04 - [TEST_STEP][PASSED] - openBrowser("https://qa.velocitypayment.com/agency/config.do?action=editor"): Browser is opened with url: 'https://qa.velocitypayment.com/agency/config.do?action=editor'

2020-07-13 22:34:04 - [MESSAGE][INFO] - Starting 'Chrome' driver

2020-07-13 22:34:04 - [MESSAGE][INFO] - User set preference: ['acceptInsecureCerts', 'true']

2020-07-13 22:34:04 - [MESSAGE][INFO] - Action delay is set to 0 milliseconds

2020-07-13 22:34:09 - [MESSAGE][PASSED] - Browser is opened with url: 'https://qa.velocitypayment.com/agency/config.do?action=editor'

2020-07-13 22:34:09 - [TEST_STEP][PASSED] - maximizeWindow(): Current window maximized

2020-07-13 22:34:09 - [MESSAGE][PASSED] - Current window maximized

2020-07-13 22:34:09 - [TEST_STEP][PASSED] - selectOptionByValue(findTestObject("IWP30/Page_VRelay30Emulator/MV"), MV, true): All options with value '3.0' are selected in object 'Object Repository/IWP30/Page_VRelay30Emulator/MV'  using regular expression

2020-07-13 22:34:10 - [MESSAGE][PASSED] - All options with value '3.0' are selected in object 'Object Repository/IWP30/Page_VRelay30Emulator/MV'  using regular expression

2020-07-13 22:34:10 - [TEST_STEP][PASSED] - setText(findTestObject("IWP30/Page_VRelay30Emulator/Amount"), Amount): Text '10.50' is set on object 'Object Repository/IWP30/Page_VRelay30Emulator/Amount'

2020-07-13 22:34:11 - [MESSAGE][PASSED] - Text '10.50' is set on object 'Object Repository/IWP30/Page_VRelay30Emulator/Amount'

2020-07-13 22:34:11 - [TEST_STEP][PASSED] - setText(findTestObject("IWP30/Page_VRelay30Emulator/CAN"), CAN): Text '26411005' is set on object 'Object Repository/IWP30/Page_VRelay30Emulator/CAN'

2020-07-13 22:34:11 - [MESSAGE][PASSED] - Text '26411005' is set on object 'Object Repository/IWP30/Page_VRelay30Emulator/CAN'

2020-07-13 22:34:11 - [TEST_STEP][PASSED] - setText(findTestObject("IWP30/Page_VRelay30Emulator/Action"), Action): Text 'PayNow' is set on object 'Object Repository/IWP30/Page_VRelay30Emulator/Action'

2020-07-13 22:34:12 - [MESSAGE][PASSED] - Text 'PayNow' is set on object 'Object Repository/IWP30/Page_VRelay30Emulator/Action'

2020-07-13 22:34:12 - [TEST_STEP][PASSED] - setText(findTestObject("IWP30/Page_VRelay30Emulator/Lang"), Lang): Text 'en_US' is set on object 'Object Repository/IWP30/Page_VRelay30Emulator/Lang'

2020-07-13 22:34:12 - [MESSAGE][PASSED] - Text 'en_US' is set on object 'Object Repository/IWP30/Page_VRelay30Emulator/Lang'

2020-07-13 22:34:12 - [TEST_STEP][PASSED] - setText(findTestObject("IWP30/Page_VRelay30Emulator/Fname"), Fname): Text '' is set on object 'Object Repository/IWP30/Page_VRelay30Emulator/Fname'

2020-07-13 22:34:13 - [MESSAGE][PASSED] - Text '' is set on object 'Object Repository/IWP30/Page_VRelay30Emulator/Fname'

2020-07-13 22:34:13 - [TEST_STEP][PASSED] - setText(findTestObject("IWP30/Page_VRelay30Emulator/Lname"), Lname): Text '' is set on object 'Object Repository/IWP30/Page_VRelay30Emulator/Lname'

2020-07-13 22:34:14 - [MESSAGE][PASSED] - Text '' is set on object 'Object Repository/IWP30/Page_VRelay30Emulator/Lname'

2020-07-13 22:34:14 - [TEST_STEP][PASSED] - setText(findTestObject("IWP30/Page_VRelay30Emulator/AL1"), AL1): Text '' is set on object 'Object Repository/IWP30/Page_VRelay30Emulator/AL1'

2020-07-13 22:34:14 - [MESSAGE][PASSED] - Text '' is set on object 'Object Repository/IWP30/Page_VRelay30Emulator/AL1'

2020-07-13 22:34:14 - [TEST_STEP][PASSED] - setText(findTestObject("IWP30/Page_VRelay30Emulator/AL2"), AL2): Text '' is set on object 'Object Repository/IWP30/Page_VRelay30Emulator/AL2'

2020-07-13 22:34:15 - [MESSAGE][PASSED] - Text '' is set on object 'Object Repository/IWP30/Page_VRelay30Emulator/AL2'

2020-07-13 22:34:15 - [TEST_STEP][PASSED] - setText(findTestObject("IWP30/Page_VRelay30Emulator/Country"), Country): Text '840' is set on object 'Object Repository/IWP30/Page_VRelay30Emulator/Country'

2020-07-13 22:34:16 - [MESSAGE][PASSED] - Text '840' is set on object 'Object Repository/IWP30/Page_VRelay30Emulator/Country'

2020-07-13 22:34:16 - [TEST_STEP][PASSED] - setText(findTestObject("IWP30/Page_VRelay30Emulator/City"), City): Text '' is set on object 'Object Repository/IWP30/Page_VRelay30Emulator/City'

2020-07-13 22:34:16 - [MESSAGE][PASSED] - Text '' is set on object 'Object Repository/IWP30/Page_VRelay30Emulator/City'

2020-07-13 22:34:16 - [TEST_STEP][PASSED] - setText(findTestObject("IWP30/Page_VRelay30Emulator/State"), State): Text '' is set on object 'Object Repository/IWP30/Page_VRelay30Emulator/State'

2020-07-13 22:34:17 - [MESSAGE][PASSED] - Text '' is set on object 'Object Repository/IWP30/Page_VRelay30Emulator/State'

2020-07-13 22:34:17 - [TEST_STEP][PASSED] - setText(findTestObject("IWP30/Page_VRelay30Emulator/ZIP"), ZIP): Text '' is set on object 'Object Repository/IWP30/Page_VRelay30Emulator/ZIP'

2020-07-13 22:34:18 - [MESSAGE][PASSED] - Text '' is set on object 'Object Repository/IWP30/Page_VRelay30Emulator/ZIP'

2020-07-13 22:34:18 - [TEST_STEP][PASSED] - setText(findTestObject("IWP30/Page_VRelay30Emulator/Order"), Order): Text '' is set on object 'Object Repository/IWP30/Page_VRelay30Emulator/Order'

2020-07-13 22:34:19 - [MESSAGE][PASSED] - Text '' is set on object 'Object Repository/IWP30/Page_VRelay30Emulator/Order'

2020-07-13 22:34:19 - [TEST_STEP][PASSED] - setText(findTestObject("IWP30/Page_VRelay30Emulator/Company"), CompanyName): Text '' is set on object 'Object Repository/IWP30/Page_VRelay30Emulator/Company'

2020-07-13 22:34:19 - [MESSAGE][PASSED] - Text '' is set on object 'Object Repository/IWP30/Page_VRelay30Emulator/Company'

2020-07-13 22:34:19 - [TEST_STEP][PASSED] - setText(findTestObject("IWP30/Page_VRelay30Emulator/Email"), Email): Text '' is set on object 'Object Repository/IWP30/Page_VRelay30Emulator/Email'

2020-07-13 22:34:20 - [MESSAGE][PASSED] - Text '' is set on object 'Object Repository/IWP30/Page_VRelay30Emulator/Email'

2020-07-13 22:34:20 - [TEST_STEP][PASSED] - setText(findTestObject("IWP30/Page_VRelay30Emulator/UDF1"), UDF1): Text '' is set on object 'Object Repository/IWP30/Page_VRelay30Emulator/UDF1'

2020-07-13 22:34:21 - [MESSAGE][PASSED] - Text '' is set on object 'Object Repository/IWP30/Page_VRelay30Emulator/UDF1'

2020-07-13 22:34:21 - [TEST_STEP][PASSED] - setText(findTestObject("IWP30/Page_VRelay30Emulator/UDF2"), UDF2): Text '' is set on object 'Object Repository/IWP30/Page_VRelay30Emulator/UDF2'

2020-07-13 22:34:21 - [MESSAGE][PASSED] - Text '' is set on object 'Object Repository/IWP30/Page_VRelay30Emulator/UDF2'

2020-07-13 22:34:21 - [TEST_STEP][PASSED] - setText(findTestObject("IWP30/Page_VRelay30Emulator/UDF3"), UDF3): Text '' is set on object 'Object Repository/IWP30/Page_VRelay30Emulator/UDF3'

2020-07-13 22:34:22 - [MESSAGE][PASSED] - Text '' is set on object 'Object Repository/IWP30/Page_VRelay30Emulator/UDF3'

2020-07-13 22:34:22 - [TEST_STEP][PASSED] - setText(findTestObject("IWP30/Page_VRelay30Emulator/UDF4"), UDF4): Text 'udf data 4' is set on object 'Object Repository/IWP30/Page_VRelay30Emulator/UDF4'

2020-07-13 22:34:23 - [MESSAGE][PASSED] - Text 'udf data 4' is set on object 'Object Repository/IWP30/Page_VRelay30Emulator/UDF4'

2020-07-13 22:34:23 - [TEST_STEP][PASSED] - setText(findTestObject("IWP30/Page_VRelay30Emulator/UDF5"), UDF5): Text 'udf data 5' is set on object 'Object Repository/IWP30/Page_VRelay30Emulator/UDF5'

2020-07-13 22:34:23 - [MESSAGE][PASSED] - Text 'udf data 5' is set on object 'Object Repository/IWP30/Page_VRelay30Emulator/UDF5'

2020-07-13 22:34:23 - [TEST_STEP][PASSED] - setText(findTestObject("IWP30/Page_VRelay30Emulator/UDF6"), UDF6): Text '' is set on object 'Object Repository/IWP30/Page_VRelay30Emulator/UDF6'

2020-07-13 22:34:24 - [MESSAGE][PASSED] - Text '' is set on object 'Object Repository/IWP30/Page_VRelay30Emulator/UDF6'

2020-07-13 22:34:24 - [TEST_STEP][PASSED] - setText(findTestObject("IWP30/Page_VRelay30Emulator/UDF7"), UDF7): Text '' is set on object 'Object Repository/IWP30/Page_VRelay30Emulator/UDF7'

2020-07-13 22:34:25 - [MESSAGE][PASSED] - Text '' is set on object 'Object Repository/IWP30/Page_VRelay30Emulator/UDF7'

2020-07-13 22:34:25 - [TEST_STEP][PASSED] - setText(findTestObject("IWP30/Page_VRelay30Emulator/UDF8"), UDF8): Text '' is set on object 'Object Repository/IWP30/Page_VRelay30Emulator/UDF8'

2020-07-13 22:34:25 - [MESSAGE][PASSED] - Text '' is set on object 'Object Repository/IWP30/Page_VRelay30Emulator/UDF8'

2020-07-13 22:34:25 - [TEST_STEP][PASSED] - setText(findTestObject("IWP30/Page_VRelay30Emulator/UDF9"), UDF9): Text 'udf data 9' is set on object 'Object Repository/IWP30/Page_VRelay30Emulator/UDF9'

2020-07-13 22:34:26 - [MESSAGE][PASSED] - Text 'udf data 9' is set on object 'Object Repository/IWP30/Page_VRelay30Emulator/UDF9'

2020-07-13 22:34:26 - [TEST_STEP][PASSED] - setText(findTestObject("IWP30/Page_VRelay30Emulator/UDF10"), UDF10): Text 'udf data 10' is set on object 'Object Repository/IWP30/Page_VRelay30Emulator/UDF10'

2020-07-13 22:34:27 - [MESSAGE][PASSED] - Text 'udf data 10' is set on object 'Object Repository/IWP30/Page_VRelay30Emulator/UDF10'

2020-07-13 22:34:27 - [TEST_STEP][PASSED] - Thread.sleep(5000): null

2020-07-13 22:34:32 - [TEST_STEP][PASSED] - click(findTestObject("IWP30/Page_VRelay30Emulator/Submit")): Object: 'Object Repository/IWP30/Page_VRelay30Emulator/Submit' is clicked on

2020-07-13 22:34:32 - [MESSAGE][PASSED] - Object: 'Object Repository/IWP30/Page_VRelay30Emulator/Submit' is clicked on

2020-07-13 22:34:32 - [TEST_STEP][PASSED] - closeBrowser(): Browser is closed

2020-07-13 22:34:33 - [MESSAGE][PASSED] - Browser is closed

2020-07-13 22:34:33 - [TEST_STEP][PASSED] - openBrowser("https://dev-algorithm.govolution.com/vrelaytest/QA/version_2_2/vrelaytest.html"): Browser is opened with url: 'https://dev-algorithm.govolution.com/vrelaytest/QA/version_2_2/vrelaytest.html'

2020-07-13 22:34:33 - [MESSAGE][INFO] - Starting 'Chrome' driver

2020-07-13 22:34:33 - [MESSAGE][INFO] - User set preference: ['acceptInsecureCerts', 'true']

2020-07-13 22:34:33 - [MESSAGE][INFO] - Action delay is set to 0 milliseconds

2020-07-13 22:34:37 - [MESSAGE][PASSED] - Browser is opened with url: 'https://dev-algorithm.govolution.com/vrelaytest/QA/version_2_2/vrelaytest.html'

2020-07-13 22:34:37 - [TEST_STEP][PASSED] - maximizeWindow(): Current window maximized

2020-07-13 22:34:37 - [MESSAGE][PASSED] - Current window maximized

2020-07-13 22:34:37 - [TEST_STEP][PASSED] - genRemIDVoid = RandomStringUtils.random(12, true, true): null

2020-07-13 22:34:37 - [TEST_STEP][PASSED] - if (verifyElementPresent(findTestObject("Object Repository/IWP30/Page_QATestHarness/RemittanceID"), 30)): null

2020-07-13 22:34:37 - [MESSAGE][PASSED] - Object 'Object Repository/IWP30/Page_QATestHarness/RemittanceID' is present

2020-07-13 22:34:37 - [TEST_STEP][PASSED] - println("We are on Test Harness page, start populating"): null

2020-07-13 22:34:37 - [TEST_STEP][PASSED] - setText(findTestObject("Object Repository/IWP30/Page_QATestHarness/ApplicationID"), AppID): Text '649' is set on object 'Object Repository/IWP30/Page_QATestHarness/ApplicationID'

2020-07-13 22:34:38 - [MESSAGE][PASSED] - Text '649' is set on object 'Object Repository/IWP30/Page_QATestHarness/ApplicationID'

2020-07-13 22:34:38 - [TEST_STEP][PASSED] - setText(findTestObject("Object Repository/IWP30/Page_QATestHarness/MessageVersion"), MessageVersion): Text '3.0' is set on object 'Object Repository/IWP30/Page_QATestHarness/MessageVersion'

2020-07-13 22:34:39 - [MESSAGE][PASSED] - Text '3.0' is set on object 'Object Repository/IWP30/Page_QATestHarness/MessageVersion'

2020-07-13 22:34:39 - [TEST_STEP][PASSED] - setText(findTestObject("Object Repository/IWP30/Page_QATestHarness/RemittanceID"), genRemIDVoid): Text 'pi1s8dlP1egL' is set on object 'Object Repository/IWP30/Page_QATestHarness/RemittanceID'

2020-07-13 22:34:39 - [MESSAGE][PASSED] - Text 'pi1s8dlP1egL' is set on object 'Object Repository/IWP30/Page_QATestHarness/RemittanceID'

2020-07-13 22:34:39 - [TEST_STEP][PASSED] - click(findTestObject("Object Repository/IWP30/Page_QATestHarness/SubmitButton")): Object: 'Object Repository/IWP30/Page_QATestHarness/SubmitButton' is clicked on

2020-07-13 22:34:41 - [MESSAGE][PASSED] - Object: 'Object Repository/IWP30/Page_QATestHarness/SubmitButton' is clicked on

2020-07-13 22:34:41 - [TEST_STEP][PASSED] - if (verifyElementPresent(findTestObject("Object Repository/IWP30/Page_SelectPaymentMethod/PayByCreditCard"), 30)): null

2020-07-13 22:34:41 - [MESSAGE][PASSED] - Object 'Object Repository/IWP30/Page_SelectPaymentMethod/PayByCreditCard' is present

2020-07-13 22:34:41 - [TEST_STEP][PASSED] - println("We are on Select Payment Method page, start populating"): null

2020-07-13 22:34:41 - [TEST_STEP][PASSED] - check(findTestObject("Object Repository/IWP30/Page_SelectPaymentMethod/PayByCreditCard")): Object 'Object Repository/IWP30/Page_SelectPaymentMethod/PayByCreditCard' is checked

2020-07-13 22:34:42 - [MESSAGE][PASSED] - Object 'Object Repository/IWP30/Page_SelectPaymentMethod/PayByCreditCard' is checked

2020-07-13 22:34:42 - [TEST_STEP][PASSED] - Thread.sleep(1000): null

2020-07-13 22:34:43 - [TEST_STEP][PASSED] - click(findTestObject("Object Repository/IWP30/Page_SelectPaymentMethod/MakePaymentButton")): Object: 'Object Repository/IWP30/Page_SelectPaymentMethod/MakePaymentButton' is clicked on

2020-07-13 22:34:44 - [MESSAGE][PASSED] - Object: 'Object Repository/IWP30/Page_SelectPaymentMethod/MakePaymentButton' is clicked on

2020-07-13 22:34:44 - [TEST_STEP][PASSED] - if (verifyElementPresent(findTestObject("Object Repository/IWP30/Page_CCPaymentEntry/Name"), 30)): null

2020-07-13 22:34:44 - [MESSAGE][PASSED] - Object 'Object Repository/IWP30/Page_CCPaymentEntry/Name' is present

2020-07-13 22:34:44 - [TEST_STEP][PASSED] - println("We are on Credit Card Payment Entry page, start populating"): null

2020-07-13 22:34:44 - [TEST_STEP][PASSED] - if (verifyElementPresent(findTestObject("Object Repository/IWP30/Page_CCPaymentEntry/Amount"), 30)): null

2020-07-13 22:34:44 - [MESSAGE][PASSED] - Object 'Object Repository/IWP30/Page_CCPaymentEntry/Amount' is present

2020-07-13 22:34:44 - [TEST_STEP][PASSED] - if (!(CCAmount.isEmpty())): Text '20.50' is set on object 'Object Repository/IWP30/Page_CCPaymentEntry/Amount'

2020-07-13 22:34:44 - [TEST_STEP][PASSED] - setText(findTestObject("Object Repository/IWP30/Page_CCPaymentEntry/Amount"), CCAmount): Text '20.50' is set on object 'Object Repository/IWP30/Page_CCPaymentEntry/Amount'

2020-07-13 22:34:45 - [MESSAGE][PASSED] - Text '20.50' is set on object 'Object Repository/IWP30/Page_CCPaymentEntry/Amount'

2020-07-13 22:34:45 - [TEST_STEP][PASSED] - if (verifyElementPresent(findTestObject("Object Repository/IWP30/Page_CCPaymentEntry/UserDefined2"), 30)): null

2020-07-13 22:34:45 - [MESSAGE][PASSED] - Object 'Object Repository/IWP30/Page_CCPaymentEntry/UserDefined2' is present

2020-07-13 22:34:45 - [TEST_STEP][PASSED] - if (!(CCUDF2.isEmpty())): Text 'Number 2' is set on object 'Object Repository/IWP30/Page_CCPaymentEntry/UserDefined2'

2020-07-13 22:34:45 - [TEST_STEP][PASSED] - setText(findTestObject("Object Repository/IWP30/Page_CCPaymentEntry/UserDefined2"), CCUDF2): Text 'Number 2' is set on object 'Object Repository/IWP30/Page_CCPaymentEntry/UserDefined2'

2020-07-13 22:34:46 - [MESSAGE][PASSED] - Text 'Number 2' is set on object 'Object Repository/IWP30/Page_CCPaymentEntry/UserDefined2'

2020-07-13 22:34:46 - [TEST_STEP][PASSED] - if (verifyElementPresent(findTestObject("Object Repository/IWP30/Page_CCPaymentEntry/UserDefined3"), 30)): null

2020-07-13 22:34:46 - [MESSAGE][PASSED] - Object 'Object Repository/IWP30/Page_CCPaymentEntry/UserDefined3' is present

2020-07-13 22:34:46 - [TEST_STEP][PASSED] - if (!(CCUDF3.isEmpty())): Text 'Number 3' is set on object 'Object Repository/IWP30/Page_CCPaymentEntry/UserDefined3'

2020-07-13 22:34:46 - [TEST_STEP][PASSED] - setText(findTestObject("Object Repository/IWP30/Page_CCPaymentEntry/UserDefined3"), CCUDF3): Text 'Number 3' is set on object 'Object Repository/IWP30/Page_CCPaymentEntry/UserDefined3'

2020-07-13 22:34:47 - [MESSAGE][PASSED] - Text 'Number 3' is set on object 'Object Repository/IWP30/Page_CCPaymentEntry/UserDefined3'

2020-07-13 22:34:47 - [TEST_STEP][PASSED] - if (verifyElementPresent(findTestObject("Object Repository/IWP30/Page_CCPaymentEntry/UserDefined7"), 30)): null

2020-07-13 22:34:47 - [MESSAGE][PASSED] - Object 'Object Repository/IWP30/Page_CCPaymentEntry/UserDefined7' is present

2020-07-13 22:34:47 - [TEST_STEP][PASSED] - if (!(CCUDF7.isEmpty())): All options with label 'Orange' are selected in object 'Object Repository/IWP30/Page_CCPaymentEntry/UserDefined7' 

2020-07-13 22:34:47 - [TEST_STEP][PASSED] - selectOptionByLabel(findTestObject("Object Repository/IWP30/Page_CCPaymentEntry/UserDefined7"), CCUDF7, false): All options with label 'Orange' are selected in object 'Object Repository/IWP30/Page_CCPaymentEntry/UserDefined7' 

2020-07-13 22:34:48 - [MESSAGE][PASSED] - All options with label 'Orange' are selected in object 'Object Repository/IWP30/Page_CCPaymentEntry/UserDefined7' 

2020-07-13 22:34:48 - [TEST_STEP][PASSED] - if (verifyElementPresent(findTestObject("Object Repository/IWP30/Page_CCPaymentEntry/UserDefined8"), 30)): null

2020-07-13 22:34:48 - [MESSAGE][PASSED] - Object 'Object Repository/IWP30/Page_CCPaymentEntry/UserDefined8' is present

2020-07-13 22:34:48 - [TEST_STEP][PASSED] - if (!(CCUDF8.isEmpty())): All options with label 'Tennis' are selected in object 'Object Repository/IWP30/Page_CCPaymentEntry/UserDefined8' 

2020-07-13 22:34:48 - [TEST_STEP][PASSED] - selectOptionByLabel(findTestObject("Object Repository/IWP30/Page_CCPaymentEntry/UserDefined8"), CCUDF8, false): All options with label 'Tennis' are selected in object 'Object Repository/IWP30/Page_CCPaymentEntry/UserDefined8' 

2020-07-13 22:34:49 - [MESSAGE][PASSED] - All options with label 'Tennis' are selected in object 'Object Repository/IWP30/Page_CCPaymentEntry/UserDefined8' 

2020-07-13 22:34:49 - [TEST_STEP][PASSED] - if (verifyElementPresent(findTestObject("Object Repository/IWP30/Page_CCPaymentEntry/Name"), 30)): null

2020-07-13 22:34:49 - [MESSAGE][PASSED] - Object 'Object Repository/IWP30/Page_CCPaymentEntry/Name' is present

2020-07-13 22:34:49 - [TEST_STEP][PASSED] - if (!(CCName.isEmpty())): Text 'Mera Naam' is set on object 'Object Repository/IWP30/Page_CCPaymentEntry/Name'

2020-07-13 22:34:49 - [TEST_STEP][PASSED] - setText(findTestObject("Object Repository/IWP30/Page_CCPaymentEntry/Name"), CCName): Text 'Mera Naam' is set on object 'Object Repository/IWP30/Page_CCPaymentEntry/Name'

2020-07-13 22:34:49 - [MESSAGE][PASSED] - Text 'Mera Naam' is set on object 'Object Repository/IWP30/Page_CCPaymentEntry/Name'

2020-07-13 22:34:49 - [TEST_STEP][PASSED] - if (verifyElementPresent(findTestObject("Object Repository/IWP30/Page_CCPaymentEntry/CardNumber"), 30)): null

2020-07-13 22:34:50 - [MESSAGE][PASSED] - Object 'Object Repository/IWP30/Page_CCPaymentEntry/CardNumber' is present

2020-07-13 22:34:50 - [TEST_STEP][PASSED] - if (!(CCCardNum.isEmpty())): Text '6011000000000004' is set on object 'Object Repository/IWP30/Page_CCPaymentEntry/CardNumber'

2020-07-13 22:34:50 - [TEST_STEP][PASSED] - setText(findTestObject("Object Repository/IWP30/Page_CCPaymentEntry/CardNumber"), CCCardNum): Text '6011000000000004' is set on object 'Object Repository/IWP30/Page_CCPaymentEntry/CardNumber'

2020-07-13 22:34:50 - [MESSAGE][PASSED] - Text '6011000000000004' is set on object 'Object Repository/IWP30/Page_CCPaymentEntry/CardNumber'

2020-07-13 22:34:50 - [TEST_STEP][PASSED] - if (verifyElementPresent(findTestObject("Object Repository/IWP30/Page_CCPaymentEntry/SPC"), 30)): null

2020-07-13 22:34:51 - [MESSAGE][PASSED] - Object 'Object Repository/IWP30/Page_CCPaymentEntry/SPC' is present

2020-07-13 22:34:51 - [TEST_STEP][PASSED] - if (!(CCSPC.isEmpty())): Text '123' is set on object 'Object Repository/IWP30/Page_CCPaymentEntry/SPC'

2020-07-13 22:34:51 - [TEST_STEP][PASSED] - setText(findTestObject("Object Repository/IWP30/Page_CCPaymentEntry/SPC"), CCSPC): Text '123' is set on object 'Object Repository/IWP30/Page_CCPaymentEntry/SPC'

2020-07-13 22:34:51 - [MESSAGE][PASSED] - Text '123' is set on object 'Object Repository/IWP30/Page_CCPaymentEntry/SPC'

2020-07-13 22:34:51 - [TEST_STEP][PASSED] - if (verifyElementPresent(findTestObject("Object Repository/IWP30/Page_CCPaymentEntry/Month"), 30)): null

2020-07-13 22:34:52 - [MESSAGE][PASSED] - Object 'Object Repository/IWP30/Page_CCPaymentEntry/Month' is present

2020-07-13 22:34:52 - [TEST_STEP][PASSED] - if (!(CCExpM.isEmpty())): All options with label '09' are selected in object 'Object Repository/IWP30/Page_CCPaymentEntry/Month' 

2020-07-13 22:34:52 - [TEST_STEP][PASSED] - selectOptionByLabel(findTestObject("Object Repository/IWP30/Page_CCPaymentEntry/Month"), CCExpM, false): All options with label '09' are selected in object 'Object Repository/IWP30/Page_CCPaymentEntry/Month' 

2020-07-13 22:34:52 - [MESSAGE][PASSED] - All options with label '09' are selected in object 'Object Repository/IWP30/Page_CCPaymentEntry/Month' 

2020-07-13 22:34:52 - [TEST_STEP][PASSED] - if (verifyElementPresent(findTestObject("Object Repository/IWP30/Page_CCPaymentEntry/Year"), 30)): null

2020-07-13 22:34:53 - [MESSAGE][PASSED] - Object 'Object Repository/IWP30/Page_CCPaymentEntry/Year' is present

2020-07-13 22:34:53 - [TEST_STEP][PASSED] - if (!(CCExpY.isEmpty())): All options with label '2023' are selected in object 'Object Repository/IWP30/Page_CCPaymentEntry/Year' 

2020-07-13 22:34:53 - [TEST_STEP][PASSED] - selectOptionByLabel(findTestObject("Object Repository/IWP30/Page_CCPaymentEntry/Year"), CCExpY, false): All options with label '2023' are selected in object 'Object Repository/IWP30/Page_CCPaymentEntry/Year' 

2020-07-13 22:34:53 - [MESSAGE][PASSED] - All options with label '2023' are selected in object 'Object Repository/IWP30/Page_CCPaymentEntry/Year' 

2020-07-13 22:34:53 - [TEST_STEP][PASSED] - if (verifyElementPresent(findTestObject("Object Repository/IWP30/Page_CCPaymentEntry/ProcessDate"), 30)): null

2020-07-13 22:34:54 - [MESSAGE][PASSED] - Object 'Object Repository/IWP30/Page_CCPaymentEntry/ProcessDate' is present

2020-07-13 22:34:54 - [TEST_STEP][PASSED] - if (!(CCDate.isEmpty())): null

2020-07-13 22:34:54 - [TEST_STEP][PASSED] - else: null

2020-07-13 22:34:54 - [TEST_STEP][PASSED] - println("CCDate is not present in the Excel Spreadsheet"): null

2020-07-13 22:34:54 - [TEST_STEP][PASSED] - if (verifyElementPresent(findTestObject("Object Repository/IWP30/Page_CCPaymentEntry/AL1"), 30)): null

2020-07-13 22:34:54 - [MESSAGE][PASSED] - Object 'Object Repository/IWP30/Page_CCPaymentEntry/AL1' is present

2020-07-13 22:34:54 - [TEST_STEP][PASSED] - if (!(CCAL1.isEmpty())): Text 'Mera AL1' is set on object 'Object Repository/IWP30/Page_CCPaymentEntry/AL1'

2020-07-13 22:34:54 - [TEST_STEP][PASSED] - setText(findTestObject("Object Repository/IWP30/Page_CCPaymentEntry/AL1"), CCAL1): Text 'Mera AL1' is set on object 'Object Repository/IWP30/Page_CCPaymentEntry/AL1'

2020-07-13 22:34:55 - [MESSAGE][PASSED] - Text 'Mera AL1' is set on object 'Object Repository/IWP30/Page_CCPaymentEntry/AL1'

2020-07-13 22:34:55 - [TEST_STEP][PASSED] - if (verifyElementPresent(findTestObject("Object Repository/IWP30/Page_CCPaymentEntry/AL2"), 30)): null

2020-07-13 22:34:55 - [MESSAGE][PASSED] - Object 'Object Repository/IWP30/Page_CCPaymentEntry/AL2' is present

2020-07-13 22:34:55 - [TEST_STEP][PASSED] - if (!(CCAL2.isEmpty())): Text 'Mera AL2' is set on object 'Object Repository/IWP30/Page_CCPaymentEntry/AL2'

2020-07-13 22:34:55 - [TEST_STEP][PASSED] - setText(findTestObject("Object Repository/IWP30/Page_CCPaymentEntry/AL2"), CCAL2): Text 'Mera AL2' is set on object 'Object Repository/IWP30/Page_CCPaymentEntry/AL2'

2020-07-13 22:34:56 - [MESSAGE][PASSED] - Text 'Mera AL2' is set on object 'Object Repository/IWP30/Page_CCPaymentEntry/AL2'

2020-07-13 22:34:56 - [TEST_STEP][PASSED] - if (verifyElementPresent(findTestObject("Object Repository/IWP30/Page_CCPaymentEntry/ZIP"), 30)): null

2020-07-13 22:34:56 - [MESSAGE][PASSED] - Object 'Object Repository/IWP30/Page_CCPaymentEntry/ZIP' is present

2020-07-13 22:34:56 - [TEST_STEP][PASSED] - if (!(CCZIP.isEmpty())): Text '21054' is set on object 'Object Repository/IWP30/Page_CCPaymentEntry/ZIP'

2020-07-13 22:34:56 - [TEST_STEP][PASSED] - setText(findTestObject("Object Repository/IWP30/Page_CCPaymentEntry/ZIP"), CCZIP): Text '21054' is set on object 'Object Repository/IWP30/Page_CCPaymentEntry/ZIP'

2020-07-13 22:34:57 - [MESSAGE][PASSED] - Text '21054' is set on object 'Object Repository/IWP30/Page_CCPaymentEntry/ZIP'

2020-07-13 22:34:57 - [TEST_STEP][PASSED] - if (verifyElementPresent(findTestObject("Object Repository/IWP30/Page_CCPaymentEntry/EmailAddress"), 30)): null

2020-07-13 22:34:57 - [MESSAGE][PASSED] - Object 'Object Repository/IWP30/Page_CCPaymentEntry/EmailAddress' is present

2020-07-13 22:34:57 - [TEST_STEP][PASSED] - if (!(CCEmail.isEmpty())): Text 'merae@gmail.com' is set on object 'Object Repository/IWP30/Page_CCPaymentEntry/EmailAddress'

2020-07-13 22:34:57 - [TEST_STEP][PASSED] - setText(findTestObject("Object Repository/IWP30/Page_CCPaymentEntry/EmailAddress"), CCEmail): Text 'merae@gmail.com' is set on object 'Object Repository/IWP30/Page_CCPaymentEntry/EmailAddress'

2020-07-13 22:34:58 - [MESSAGE][PASSED] - Text 'merae@gmail.com' is set on object 'Object Repository/IWP30/Page_CCPaymentEntry/EmailAddress'

2020-07-13 22:34:58 - [TEST_STEP][PASSED] - if (verifyElementPresent(findTestObject("Object Repository/IWP30/Page_CCPaymentEntry/TermCondCheckBox"), 30)): null

2020-07-13 22:34:58 - [MESSAGE][PASSED] - Object 'Object Repository/IWP30/Page_CCPaymentEntry/TermCondCheckBox' is present

2020-07-13 22:34:58 - [TEST_STEP][PASSED] - check(findTestObject("Object Repository/IWP30/Page_CCPaymentEntry/TermCondCheckBox")): Object 'Object Repository/IWP30/Page_CCPaymentEntry/TermCondCheckBox' is checked

2020-07-13 22:34:59 - [MESSAGE][PASSED] - Object 'Object Repository/IWP30/Page_CCPaymentEntry/TermCondCheckBox' is checked

2020-07-13 22:34:59 - [TEST_STEP][PASSED] - if (verifyElementPresent(findTestObject("Object Repository/IWP30/Page_CCPaymentEntry/ContinueButton"), 30)): null

2020-07-13 22:34:59 - [MESSAGE][PASSED] - Object 'Object Repository/IWP30/Page_CCPaymentEntry/ContinueButton' is present

2020-07-13 22:34:59 - [TEST_STEP][PASSED] - click(findTestObject("Object Repository/IWP30/Page_CCPaymentEntry/ContinueButton")): Object: 'Object Repository/IWP30/Page_CCPaymentEntry/ContinueButton' is clicked on

2020-07-13 22:35:00 - [MESSAGE][PASSED] - Object: 'Object Repository/IWP30/Page_CCPaymentEntry/ContinueButton' is clicked on

2020-07-13 22:35:00 - [TEST_STEP][PASSED] - if (verifyTextPresent("Please verify the following information", false)): null

2020-07-13 22:35:01 - [MESSAGE][PASSED] - Text 'Please verify the following information' is present on page 

2020-07-13 22:35:01 - [TEST_STEP][PASSED] - println("Please verify the following information text is present on the Confirmation page"): null

2020-07-13 22:35:01 - [TEST_STEP][PASSED] - if (verifyTextPresent("Is this information correct?", false)): null

2020-07-13 22:35:01 - [MESSAGE][PASSED] - Text 'Is this information correct?' is present on page 

2020-07-13 22:35:01 - [TEST_STEP][PASSED] - println("Is this information correct text is present on the Confirmation page"): null

2020-07-13 22:35:01 - [TEST_STEP][PASSED] - if (verifyElementPresent(findTestObject("Object Repository/IWP30/Page_Confirmation/ConfirmButton"), 30)): null

2020-07-13 22:35:02 - [MESSAGE][PASSED] - Object 'Object Repository/IWP30/Page_Confirmation/ConfirmButton' is present

2020-07-13 22:35:02 - [TEST_STEP][PASSED] - click(findTestObject("Object Repository/IWP30/Page_Confirmation/ConfirmButton")): Object: 'Object Repository/IWP30/Page_Confirmation/ConfirmButton' is clicked on

2020-07-13 22:35:04 - [MESSAGE][PASSED] - Object: 'Object Repository/IWP30/Page_Confirmation/ConfirmButton' is clicked on

2020-07-13 22:35:04 - [TEST_STEP][PASSED] - Thread.sleep(10000): null

2020-07-13 22:35:14 - [TEST_STEP][PASSED] - if (verifyTextPresent("Successful Payment Receipt", false)): null

2020-07-13 22:35:14 - [MESSAGE][PASSED] - Text 'Successful Payment Receipt' is present on page 

2020-07-13 22:35:14 - [TEST_STEP][PASSED] - println("Successful Payment Receipt text is present on the Receipt page"): null

2020-07-13 22:35:14 - [TEST_STEP][PASSED] - if (verifyTextPresent("Please print this receipt for your records", false)): null

2020-07-13 22:35:14 - [MESSAGE][PASSED] - Text 'Please print this receipt for your records' is present on page 

2020-07-13 22:35:14 - [TEST_STEP][PASSED] - println("Please print this receipt for your records text is present on the Receipt page"): null

2020-07-13 22:35:14 - [TEST_STEP][PASSED] - if (verifyElementPresent(findTestObject("Object Repository/IWP30/Page_Receipt/ExitButton"), 30)): null

2020-07-13 22:35:14 - [MESSAGE][PASSED] - Object 'Object Repository/IWP30/Page_Receipt/ExitButton' is present

2020-07-13 22:35:14 - [TEST_STEP][PASSED] - println("Exit Button is present on the Receipt page"): null

2020-07-13 22:35:14 - [TEST_STEP][PASSED] - closeBrowser(): Browser is closed

2020-07-13 22:35:15 - [MESSAGE][PASSED] - Browser is closed

2020-07-13 22:35:15 - [TEST_STEP][PASSED] - try: null

2020-07-13 22:35:15 - [TEST_STEP][PASSED] - MV = findTestData("IWP30PayNowCC").getValue("MV", row): null

2020-07-13 22:35:15 - [TEST_STEP][PASSED] - println(MV): null

2020-07-13 22:35:15 - [TEST_STEP][PASSED] - Amount = findTestData("IWP30PayNowCC").getValue("Amount", row): null

2020-07-13 22:35:15 - [TEST_STEP][PASSED] - println(Amount): null

2020-07-13 22:35:15 - [TEST_STEP][PASSED] - CAN = findTestData("IWP30PayNowCC").getValue("CAN", row): null

2020-07-13 22:35:15 - [TEST_STEP][PASSED] - println(CAN): null

2020-07-13 22:35:15 - [TEST_STEP][PASSED] - Action = findTestData("IWP30PayNowCC").getValue("Action", row): null

2020-07-13 22:35:15 - [TEST_STEP][PASSED] - println(Action): null

2020-07-13 22:35:15 - [TEST_STEP][PASSED] - Lang = findTestData("IWP30PayNowCC").getValue("Lang", row): null

2020-07-13 22:35:15 - [TEST_STEP][PASSED] - println(Lang): null

2020-07-13 22:35:15 - [TEST_STEP][PASSED] - Fname = findTestData("IWP30PayNowCC").getValue("Fname", row): null

2020-07-13 22:35:15 - [TEST_STEP][PASSED] - println(Fname): null

2020-07-13 22:35:15 - [TEST_STEP][PASSED] - Lname = findTestData("IWP30PayNowCC").getValue("Lname", row): null

2020-07-13 22:35:15 - [TEST_STEP][PASSED] - println(Lname): null

2020-07-13 22:35:15 - [TEST_STEP][PASSED] - AL1 = findTestData("IWP30PayNowCC").getValue("AL1", row): null

2020-07-13 22:35:15 - [TEST_STEP][PASSED] - println(AL1): null

2020-07-13 22:35:15 - [TEST_STEP][PASSED] - AL2 = findTestData("IWP30PayNowCC").getValue("AL2", row): null

2020-07-13 22:35:16 - [TEST_STEP][PASSED] - println(AL2): null

2020-07-13 22:35:16 - [TEST_STEP][PASSED] - Country = findTestData("IWP30PayNowCC").getValue("Country", row): null

2020-07-13 22:35:16 - [TEST_STEP][PASSED] - println(Country): null

2020-07-13 22:35:16 - [TEST_STEP][PASSED] - City = findTestData("IWP30PayNowCC").getValue("City", row): null

2020-07-13 22:35:16 - [TEST_STEP][PASSED] - println(City): null

2020-07-13 22:35:16 - [TEST_STEP][PASSED] - State = findTestData("IWP30PayNowCC").getValue("State", row): null

2020-07-13 22:35:16 - [TEST_STEP][PASSED] - println(State): null

2020-07-13 22:35:16 - [TEST_STEP][PASSED] - ZIP = findTestData("IWP30PayNowCC").getValue("ZIP", row): null

2020-07-13 22:35:16 - [TEST_STEP][PASSED] - println(ZIP): null

2020-07-13 22:35:16 - [TEST_STEP][PASSED] - Order = findTestData("IWP30PayNowCC").getValue("Order", row): null

2020-07-13 22:35:16 - [TEST_STEP][PASSED] - println(Order): null

2020-07-13 22:35:16 - [TEST_STEP][PASSED] - CompanyName = findTestData("IWP30PayNowCC").getValue("CompanyName", row): null

2020-07-13 22:35:16 - [TEST_STEP][PASSED] - println(CompanyName): null

2020-07-13 22:35:16 - [TEST_STEP][PASSED] - Email = findTestData("IWP30PayNowCC").getValue("Email", row): null

2020-07-13 22:35:16 - [TEST_STEP][PASSED] - println(Email): null

2020-07-13 22:35:16 - [TEST_STEP][PASSED] - UDF1 = findTestData("IWP30PayNowCC").getValue("UDF1", row): null

2020-07-13 22:35:16 - [TEST_STEP][PASSED] - println(UDF1): null

2020-07-13 22:35:16 - [TEST_STEP][PASSED] - UDF2 = findTestData("IWP30PayNowCC").getValue("UDF2", row): null

2020-07-13 22:35:16 - [TEST_STEP][PASSED] - println(UDF2): null

2020-07-13 22:35:16 - [TEST_STEP][PASSED] - UDF3 = findTestData("IWP30PayNowCC").getValue("UDF3", row): null

2020-07-13 22:35:16 - [TEST_STEP][PASSED] - println(UDF3): null

2020-07-13 22:35:16 - [TEST_STEP][PASSED] - UDF4 = findTestData("IWP30PayNowCC").getValue("UDF4", row): null

2020-07-13 22:35:16 - [TEST_STEP][PASSED] - println(UDF4): null

2020-07-13 22:35:16 - [TEST_STEP][PASSED] - UDF5 = findTestData("IWP30PayNowCC").getValue("UDF5", row): null

2020-07-13 22:35:16 - [TEST_STEP][PASSED] - println(UDF5): null

2020-07-13 22:35:16 - [TEST_STEP][PASSED] - UDF6 = findTestData("IWP30PayNowCC").getValue("UDF6", row): null

2020-07-13 22:35:16 - [TEST_STEP][PASSED] - println(UDF6): null

2020-07-13 22:35:16 - [TEST_STEP][PASSED] - UDF7 = findTestData("IWP30PayNowCC").getValue("UDF7", row): null

2020-07-13 22:35:16 - [TEST_STEP][PASSED] - println(UDF7): null

2020-07-13 22:35:16 - [TEST_STEP][PASSED] - UDF8 = findTestData("IWP30PayNowCC").getValue("UDF8", row): null

2020-07-13 22:35:16 - [TEST_STEP][PASSED] - println(UDF8): null

2020-07-13 22:35:16 - [TEST_STEP][PASSED] - UDF9 = findTestData("IWP30PayNowCC").getValue("UDF9", row): null

2020-07-13 22:35:16 - [TEST_STEP][PASSED] - println(UDF9): null

2020-07-13 22:35:16 - [TEST_STEP][PASSED] - UDF10 = findTestData("IWP30PayNowCC").getValue("UDF10", row): null

2020-07-13 22:35:16 - [TEST_STEP][PASSED] - println(UDF10): null

2020-07-13 22:35:16 - [TEST_STEP][PASSED] - AppID = findTestData("IWP30PayNowCC").getValue("AppID", row): null

2020-07-13 22:35:16 - [TEST_STEP][PASSED] - println(AppID): null

2020-07-13 22:35:16 - [TEST_STEP][PASSED] - MessageVersion = findTestData("IWP30PayNowCC").getValue("MessageVersion", row): null

2020-07-13 22:35:16 - [TEST_STEP][PASSED] - println(MessageVersion): null

2020-07-13 22:35:16 - [TEST_STEP][PASSED] - CCAmount = findTestData("IWP30PayNowCC").getValue("CCAmount", row): null

2020-07-13 22:35:16 - [TEST_STEP][PASSED] - println(CCAmount): null

2020-07-13 22:35:16 - [TEST_STEP][PASSED] - CCUDF1 = findTestData("IWP30PayNowCC").getValue("CCUDF1", row): null

2020-07-13 22:35:16 - [TEST_STEP][PASSED] - println(CCUDF1): null

2020-07-13 22:35:16 - [TEST_STEP][PASSED] - CCUDF2 = findTestData("IWP30PayNowCC").getValue("CCUDF2", row): null

2020-07-13 22:35:16 - [TEST_STEP][PASSED] - println(CCUDF2): null

2020-07-13 22:35:16 - [TEST_STEP][PASSED] - CCUDF3 = findTestData("IWP30PayNowCC").getValue("CCUDF3", row): null

2020-07-13 22:35:16 - [TEST_STEP][PASSED] - println(CCUDF3): null

2020-07-13 22:35:16 - [TEST_STEP][PASSED] - CCUDF4 = findTestData("IWP30PayNowCC").getValue("CCUDF4", row): null

2020-07-13 22:35:16 - [TEST_STEP][PASSED] - println(CCUDF4): null

2020-07-13 22:35:16 - [TEST_STEP][PASSED] - CCUDF5 = findTestData("IWP30PayNowCC").getValue("CCUDF5", row): null

2020-07-13 22:35:16 - [TEST_STEP][PASSED] - println(CCUDF5): null

2020-07-13 22:35:16 - [TEST_STEP][PASSED] - CCUDF6 = findTestData("IWP30PayNowCC").getValue("CCUDF6", row): null

2020-07-13 22:35:16 - [TEST_STEP][PASSED] - println(CCUDF6): null

2020-07-13 22:35:16 - [TEST_STEP][PASSED] - CCUDF7 = findTestData("IWP30PayNowCC").getValue("CCUDF7", row): null

2020-07-13 22:35:16 - [TEST_STEP][PASSED] - println(CCUDF7): null

2020-07-13 22:35:16 - [TEST_STEP][PASSED] - CCUDF8 = findTestData("IWP30PayNowCC").getValue("CCUDF8", row): null

2020-07-13 22:35:16 - [TEST_STEP][PASSED] - println(CCUDF8): null

2020-07-13 22:35:16 - [TEST_STEP][PASSED] - CCUDF9 = findTestData("IWP30PayNowCC").getValue("CCUDF9", row): null

2020-07-13 22:35:16 - [TEST_STEP][PASSED] - println(CCUDF9): null

2020-07-13 22:35:16 - [TEST_STEP][PASSED] - CCUDF10 = findTestData("IWP30PayNowCC").getValue("CCUDF10", row): null

2020-07-13 22:35:16 - [TEST_STEP][PASSED] - println(CCUDF10): null

2020-07-13 22:35:16 - [TEST_STEP][PASSED] - CCName = findTestData("IWP30PayNowCC").getValue("CCName", row): null

2020-07-13 22:35:16 - [TEST_STEP][PASSED] - println(CCName): null

2020-07-13 22:35:16 - [TEST_STEP][PASSED] - CCCardNum = findTestData("IWP30PayNowCC").getValue("CCCardNum", row): null

2020-07-13 22:35:16 - [TEST_STEP][PASSED] - println(CCCardNum): null

2020-07-13 22:35:16 - [TEST_STEP][PASSED] - CCSPC = findTestData("IWP30PayNowCC").getValue("CCSPC", row): null

2020-07-13 22:35:16 - [TEST_STEP][PASSED] - println(CCSPC): null

2020-07-13 22:35:16 - [TEST_STEP][PASSED] - CCExpM = findTestData("IWP30PayNowCC").getValue("CCExpM", row): null

2020-07-13 22:35:16 - [TEST_STEP][PASSED] - println(CCExpM): null

2020-07-13 22:35:16 - [TEST_STEP][PASSED] - CCExpY = findTestData("IWP30PayNowCC").getValue("CCExpY", row): null

2020-07-13 22:35:16 - [TEST_STEP][PASSED] - println(CCExpY): null

2020-07-13 22:35:16 - [TEST_STEP][PASSED] - CCDate = findTestData("IWP30PayNowCC").getValue("CCDate", row): null

2020-07-13 22:35:16 - [TEST_STEP][PASSED] - println(CCDate): null

2020-07-13 22:35:16 - [TEST_STEP][PASSED] - CCAL1 = findTestData("IWP30PayNowCC").getValue("CCAL1", row): null

2020-07-13 22:35:16 - [TEST_STEP][PASSED] - println(CCAL1): null

2020-07-13 22:35:16 - [TEST_STEP][PASSED] - CCAL2 = findTestData("IWP30PayNowCC").getValue("CCAL2", row): null

2020-07-13 22:35:16 - [TEST_STEP][PASSED] - println(CCAL2): null

2020-07-13 22:35:16 - [TEST_STEP][PASSED] - CCZIP = findTestData("IWP30PayNowCC").getValue("CCZIP", row): null

2020-07-13 22:35:16 - [TEST_STEP][PASSED] - println(CCZIP): null

2020-07-13 22:35:16 - [TEST_STEP][PASSED] - CCEmail = findTestData("IWP30PayNowCC").getValue("CCEmail", row): null

2020-07-13 22:35:16 - [TEST_STEP][PASSED] - println(CCEmail): null

2020-07-13 22:35:16 - [TEST_STEP][PASSED] - openBrowser("https://qa.velocitypayment.com/agency/config.do?action=editor"): Browser is opened with url: 'https://qa.velocitypayment.com/agency/config.do?action=editor'

2020-07-13 22:35:16 - [MESSAGE][INFO] - Starting 'Chrome' driver

2020-07-13 22:35:16 - [MESSAGE][INFO] - User set preference: ['acceptInsecureCerts', 'true']

2020-07-13 22:35:16 - [MESSAGE][INFO] - Action delay is set to 0 milliseconds

2020-07-13 22:35:21 - [MESSAGE][PASSED] - Browser is opened with url: 'https://qa.velocitypayment.com/agency/config.do?action=editor'

2020-07-13 22:35:21 - [TEST_STEP][PASSED] - maximizeWindow(): Current window maximized

2020-07-13 22:35:21 - [MESSAGE][PASSED] - Current window maximized

2020-07-13 22:35:21 - [TEST_STEP][PASSED] - selectOptionByValue(findTestObject("IWP30/Page_VRelay30Emulator/MV"), MV, true): All options with value '3.0' are selected in object 'Object Repository/IWP30/Page_VRelay30Emulator/MV'  using regular expression

2020-07-13 22:35:22 - [MESSAGE][PASSED] - All options with value '3.0' are selected in object 'Object Repository/IWP30/Page_VRelay30Emulator/MV'  using regular expression

2020-07-13 22:35:22 - [TEST_STEP][PASSED] - setText(findTestObject("IWP30/Page_VRelay30Emulator/Amount"), Amount): Text '10.50' is set on object 'Object Repository/IWP30/Page_VRelay30Emulator/Amount'

2020-07-13 22:35:23 - [MESSAGE][PASSED] - Text '10.50' is set on object 'Object Repository/IWP30/Page_VRelay30Emulator/Amount'

2020-07-13 22:35:23 - [TEST_STEP][PASSED] - setText(findTestObject("IWP30/Page_VRelay30Emulator/CAN"), CAN): Text '26411005' is set on object 'Object Repository/IWP30/Page_VRelay30Emulator/CAN'

2020-07-13 22:35:23 - [MESSAGE][PASSED] - Text '26411005' is set on object 'Object Repository/IWP30/Page_VRelay30Emulator/CAN'

2020-07-13 22:35:23 - [TEST_STEP][PASSED] - setText(findTestObject("IWP30/Page_VRelay30Emulator/Action"), Action): Text 'PayNow' is set on object 'Object Repository/IWP30/Page_VRelay30Emulator/Action'

2020-07-13 22:35:24 - [MESSAGE][PASSED] - Text 'PayNow' is set on object 'Object Repository/IWP30/Page_VRelay30Emulator/Action'

2020-07-13 22:35:24 - [TEST_STEP][PASSED] - setText(findTestObject("IWP30/Page_VRelay30Emulator/Lang"), Lang): Text 'en_US' is set on object 'Object Repository/IWP30/Page_VRelay30Emulator/Lang'

2020-07-13 22:35:25 - [MESSAGE][PASSED] - Text 'en_US' is set on object 'Object Repository/IWP30/Page_VRelay30Emulator/Lang'

2020-07-13 22:35:25 - [TEST_STEP][PASSED] - setText(findTestObject("IWP30/Page_VRelay30Emulator/Fname"), Fname): Text '' is set on object 'Object Repository/IWP30/Page_VRelay30Emulator/Fname'

2020-07-13 22:35:25 - [MESSAGE][PASSED] - Text '' is set on object 'Object Repository/IWP30/Page_VRelay30Emulator/Fname'

2020-07-13 22:35:25 - [TEST_STEP][PASSED] - setText(findTestObject("IWP30/Page_VRelay30Emulator/Lname"), Lname): Text '' is set on object 'Object Repository/IWP30/Page_VRelay30Emulator/Lname'

2020-07-13 22:35:26 - [MESSAGE][PASSED] - Text '' is set on object 'Object Repository/IWP30/Page_VRelay30Emulator/Lname'

2020-07-13 22:35:26 - [TEST_STEP][PASSED] - setText(findTestObject("IWP30/Page_VRelay30Emulator/AL1"), AL1): Text '' is set on object 'Object Repository/IWP30/Page_VRelay30Emulator/AL1'

2020-07-13 22:35:26 - [MESSAGE][PASSED] - Text '' is set on object 'Object Repository/IWP30/Page_VRelay30Emulator/AL1'

2020-07-13 22:35:26 - [TEST_STEP][PASSED] - setText(findTestObject("IWP30/Page_VRelay30Emulator/AL2"), AL2): Text '' is set on object 'Object Repository/IWP30/Page_VRelay30Emulator/AL2'

2020-07-13 22:35:27 - [MESSAGE][PASSED] - Text '' is set on object 'Object Repository/IWP30/Page_VRelay30Emulator/AL2'

2020-07-13 22:35:27 - [TEST_STEP][PASSED] - setText(findTestObject("IWP30/Page_VRelay30Emulator/Country"), Country): Text '840' is set on object 'Object Repository/IWP30/Page_VRelay30Emulator/Country'

2020-07-13 22:35:28 - [MESSAGE][PASSED] - Text '840' is set on object 'Object Repository/IWP30/Page_VRelay30Emulator/Country'

2020-07-13 22:35:28 - [TEST_STEP][PASSED] - setText(findTestObject("IWP30/Page_VRelay30Emulator/City"), City): Text '' is set on object 'Object Repository/IWP30/Page_VRelay30Emulator/City'

2020-07-13 22:35:28 - [MESSAGE][PASSED] - Text '' is set on object 'Object Repository/IWP30/Page_VRelay30Emulator/City'

2020-07-13 22:35:28 - [TEST_STEP][PASSED] - setText(findTestObject("IWP30/Page_VRelay30Emulator/State"), State): Text '' is set on object 'Object Repository/IWP30/Page_VRelay30Emulator/State'

2020-07-13 22:35:29 - [MESSAGE][PASSED] - Text '' is set on object 'Object Repository/IWP30/Page_VRelay30Emulator/State'

2020-07-13 22:35:29 - [TEST_STEP][PASSED] - setText(findTestObject("IWP30/Page_VRelay30Emulator/ZIP"), ZIP): Text '' is set on object 'Object Repository/IWP30/Page_VRelay30Emulator/ZIP'

2020-07-13 22:35:30 - [MESSAGE][PASSED] - Text '' is set on object 'Object Repository/IWP30/Page_VRelay30Emulator/ZIP'

2020-07-13 22:35:30 - [TEST_STEP][PASSED] - setText(findTestObject("IWP30/Page_VRelay30Emulator/Order"), Order): Text '' is set on object 'Object Repository/IWP30/Page_VRelay30Emulator/Order'

2020-07-13 22:35:30 - [MESSAGE][PASSED] - Text '' is set on object 'Object Repository/IWP30/Page_VRelay30Emulator/Order'

2020-07-13 22:35:30 - [TEST_STEP][PASSED] - setText(findTestObject("IWP30/Page_VRelay30Emulator/Company"), CompanyName): Text '' is set on object 'Object Repository/IWP30/Page_VRelay30Emulator/Company'

2020-07-13 22:35:31 - [MESSAGE][PASSED] - Text '' is set on object 'Object Repository/IWP30/Page_VRelay30Emulator/Company'

2020-07-13 22:35:31 - [TEST_STEP][PASSED] - setText(findTestObject("IWP30/Page_VRelay30Emulator/Email"), Email): Text '' is set on object 'Object Repository/IWP30/Page_VRelay30Emulator/Email'

2020-07-13 22:35:32 - [MESSAGE][PASSED] - Text '' is set on object 'Object Repository/IWP30/Page_VRelay30Emulator/Email'

2020-07-13 22:35:32 - [TEST_STEP][PASSED] - setText(findTestObject("IWP30/Page_VRelay30Emulator/UDF1"), UDF1): Text '' is set on object 'Object Repository/IWP30/Page_VRelay30Emulator/UDF1'

2020-07-13 22:35:32 - [MESSAGE][PASSED] - Text '' is set on object 'Object Repository/IWP30/Page_VRelay30Emulator/UDF1'

2020-07-13 22:35:32 - [TEST_STEP][PASSED] - setText(findTestObject("IWP30/Page_VRelay30Emulator/UDF2"), UDF2): Text '' is set on object 'Object Repository/IWP30/Page_VRelay30Emulator/UDF2'

2020-07-13 22:35:33 - [MESSAGE][PASSED] - Text '' is set on object 'Object Repository/IWP30/Page_VRelay30Emulator/UDF2'

2020-07-13 22:35:33 - [TEST_STEP][PASSED] - setText(findTestObject("IWP30/Page_VRelay30Emulator/UDF3"), UDF3): Text '' is set on object 'Object Repository/IWP30/Page_VRelay30Emulator/UDF3'

2020-07-13 22:35:34 - [MESSAGE][PASSED] - Text '' is set on object 'Object Repository/IWP30/Page_VRelay30Emulator/UDF3'

2020-07-13 22:35:34 - [TEST_STEP][PASSED] - setText(findTestObject("IWP30/Page_VRelay30Emulator/UDF4"), UDF4): Text 'udf data 4' is set on object 'Object Repository/IWP30/Page_VRelay30Emulator/UDF4'

2020-07-13 22:35:34 - [MESSAGE][PASSED] - Text 'udf data 4' is set on object 'Object Repository/IWP30/Page_VRelay30Emulator/UDF4'

2020-07-13 22:35:34 - [TEST_STEP][PASSED] - setText(findTestObject("IWP30/Page_VRelay30Emulator/UDF5"), UDF5): Text 'udf data 5' is set on object 'Object Repository/IWP30/Page_VRelay30Emulator/UDF5'

2020-07-13 22:35:35 - [MESSAGE][PASSED] - Text 'udf data 5' is set on object 'Object Repository/IWP30/Page_VRelay30Emulator/UDF5'

2020-07-13 22:35:35 - [TEST_STEP][PASSED] - setText(findTestObject("IWP30/Page_VRelay30Emulator/UDF6"), UDF6): Text '' is set on object 'Object Repository/IWP30/Page_VRelay30Emulator/UDF6'

2020-07-13 22:35:36 - [MESSAGE][PASSED] - Text '' is set on object 'Object Repository/IWP30/Page_VRelay30Emulator/UDF6'

2020-07-13 22:35:36 - [TEST_STEP][PASSED] - setText(findTestObject("IWP30/Page_VRelay30Emulator/UDF7"), UDF7): Text '' is set on object 'Object Repository/IWP30/Page_VRelay30Emulator/UDF7'

2020-07-13 22:35:37 - [MESSAGE][PASSED] - Text '' is set on object 'Object Repository/IWP30/Page_VRelay30Emulator/UDF7'

2020-07-13 22:35:37 - [TEST_STEP][PASSED] - setText(findTestObject("IWP30/Page_VRelay30Emulator/UDF8"), UDF8): Text '' is set on object 'Object Repository/IWP30/Page_VRelay30Emulator/UDF8'

2020-07-13 22:35:37 - [MESSAGE][PASSED] - Text '' is set on object 'Object Repository/IWP30/Page_VRelay30Emulator/UDF8'

2020-07-13 22:35:37 - [TEST_STEP][PASSED] - setText(findTestObject("IWP30/Page_VRelay30Emulator/UDF9"), UDF9): Text 'udf data 9' is set on object 'Object Repository/IWP30/Page_VRelay30Emulator/UDF9'

2020-07-13 22:35:38 - [MESSAGE][PASSED] - Text 'udf data 9' is set on object 'Object Repository/IWP30/Page_VRelay30Emulator/UDF9'

2020-07-13 22:35:38 - [TEST_STEP][PASSED] - setText(findTestObject("IWP30/Page_VRelay30Emulator/UDF10"), UDF10): Text 'udf data 10' is set on object 'Object Repository/IWP30/Page_VRelay30Emulator/UDF10'

2020-07-13 22:35:39 - [MESSAGE][PASSED] - Text 'udf data 10' is set on object 'Object Repository/IWP30/Page_VRelay30Emulator/UDF10'

2020-07-13 22:35:39 - [TEST_STEP][PASSED] - Thread.sleep(5000): null

2020-07-13 22:35:44 - [TEST_STEP][PASSED] - click(findTestObject("IWP30/Page_VRelay30Emulator/Submit")): Object: 'Object Repository/IWP30/Page_VRelay30Emulator/Submit' is clicked on

2020-07-13 22:35:44 - [MESSAGE][PASSED] - Object: 'Object Repository/IWP30/Page_VRelay30Emulator/Submit' is clicked on

2020-07-13 22:35:44 - [TEST_STEP][PASSED] - closeBrowser(): Browser is closed

2020-07-13 22:35:45 - [MESSAGE][PASSED] - Browser is closed

2020-07-13 22:35:45 - [TEST_STEP][PASSED] - openBrowser("https://dev-algorithm.govolution.com/vrelaytest/QA/version_2_2/vrelaytest.html"): Browser is opened with url: 'https://dev-algorithm.govolution.com/vrelaytest/QA/version_2_2/vrelaytest.html'

2020-07-13 22:35:45 - [MESSAGE][INFO] - Starting 'Chrome' driver

2020-07-13 22:35:45 - [MESSAGE][INFO] - User set preference: ['acceptInsecureCerts', 'true']

2020-07-13 22:35:45 - [MESSAGE][INFO] - Action delay is set to 0 milliseconds

2020-07-13 22:35:49 - [MESSAGE][PASSED] - Browser is opened with url: 'https://dev-algorithm.govolution.com/vrelaytest/QA/version_2_2/vrelaytest.html'

2020-07-13 22:35:49 - [TEST_STEP][PASSED] - maximizeWindow(): Current window maximized

2020-07-13 22:35:49 - [MESSAGE][PASSED] - Current window maximized

2020-07-13 22:35:49 - [TEST_STEP][PASSED] - genRemIDVoid = RandomStringUtils.random(12, true, true): null

2020-07-13 22:35:49 - [TEST_STEP][PASSED] - if (verifyElementPresent(findTestObject("Object Repository/IWP30/Page_QATestHarness/RemittanceID"), 30)): null

2020-07-13 22:35:50 - [MESSAGE][PASSED] - Object 'Object Repository/IWP30/Page_QATestHarness/RemittanceID' is present

2020-07-13 22:35:50 - [TEST_STEP][PASSED] - println("We are on Test Harness page, start populating"): null

2020-07-13 22:35:50 - [TEST_STEP][PASSED] - setText(findTestObject("Object Repository/IWP30/Page_QATestHarness/ApplicationID"), AppID): Text '649' is set on object 'Object Repository/IWP30/Page_QATestHarness/ApplicationID'

2020-07-13 22:35:50 - [MESSAGE][PASSED] - Text '649' is set on object 'Object Repository/IWP30/Page_QATestHarness/ApplicationID'

2020-07-13 22:35:50 - [TEST_STEP][PASSED] - setText(findTestObject("Object Repository/IWP30/Page_QATestHarness/MessageVersion"), MessageVersion): Text '3.0' is set on object 'Object Repository/IWP30/Page_QATestHarness/MessageVersion'

2020-07-13 22:35:51 - [MESSAGE][PASSED] - Text '3.0' is set on object 'Object Repository/IWP30/Page_QATestHarness/MessageVersion'

2020-07-13 22:35:51 - [TEST_STEP][PASSED] - setText(findTestObject("Object Repository/IWP30/Page_QATestHarness/RemittanceID"), genRemIDVoid): Text 'NEbTLkXcwsuS' is set on object 'Object Repository/IWP30/Page_QATestHarness/RemittanceID'

2020-07-13 22:35:52 - [MESSAGE][PASSED] - Text 'NEbTLkXcwsuS' is set on object 'Object Repository/IWP30/Page_QATestHarness/RemittanceID'

2020-07-13 22:35:52 - [TEST_STEP][PASSED] - click(findTestObject("Object Repository/IWP30/Page_QATestHarness/SubmitButton")): Object: 'Object Repository/IWP30/Page_QATestHarness/SubmitButton' is clicked on

2020-07-13 22:35:53 - [MESSAGE][PASSED] - Object: 'Object Repository/IWP30/Page_QATestHarness/SubmitButton' is clicked on

2020-07-13 22:35:53 - [TEST_STEP][PASSED] - if (verifyElementPresent(findTestObject("Object Repository/IWP30/Page_SelectPaymentMethod/PayByCreditCard"), 30)): null

2020-07-13 22:35:54 - [MESSAGE][PASSED] - Object 'Object Repository/IWP30/Page_SelectPaymentMethod/PayByCreditCard' is present

2020-07-13 22:35:54 - [TEST_STEP][PASSED] - println("We are on Select Payment Method page, start populating"): null

2020-07-13 22:35:54 - [TEST_STEP][PASSED] - check(findTestObject("Object Repository/IWP30/Page_SelectPaymentMethod/PayByCreditCard")): Object 'Object Repository/IWP30/Page_SelectPaymentMethod/PayByCreditCard' is checked

2020-07-13 22:35:54 - [MESSAGE][PASSED] - Object 'Object Repository/IWP30/Page_SelectPaymentMethod/PayByCreditCard' is checked

2020-07-13 22:35:54 - [TEST_STEP][PASSED] - Thread.sleep(1000): null

2020-07-13 22:35:55 - [TEST_STEP][PASSED] - click(findTestObject("Object Repository/IWP30/Page_SelectPaymentMethod/MakePaymentButton")): Object: 'Object Repository/IWP30/Page_SelectPaymentMethod/MakePaymentButton' is clicked on

2020-07-13 22:35:56 - [MESSAGE][PASSED] - Object: 'Object Repository/IWP30/Page_SelectPaymentMethod/MakePaymentButton' is clicked on

2020-07-13 22:35:56 - [TEST_STEP][PASSED] - if (verifyElementPresent(findTestObject("Object Repository/IWP30/Page_CCPaymentEntry/Name"), 30)): null

2020-07-13 22:35:57 - [MESSAGE][PASSED] - Object 'Object Repository/IWP30/Page_CCPaymentEntry/Name' is present

2020-07-13 22:35:57 - [TEST_STEP][PASSED] - println("We are on Credit Card Payment Entry page, start populating"): null

2020-07-13 22:35:57 - [TEST_STEP][PASSED] - if (verifyElementPresent(findTestObject("Object Repository/IWP30/Page_CCPaymentEntry/Amount"), 30)): null

2020-07-13 22:35:57 - [MESSAGE][PASSED] - Object 'Object Repository/IWP30/Page_CCPaymentEntry/Amount' is present

2020-07-13 22:35:57 - [TEST_STEP][PASSED] - if (!(CCAmount.isEmpty())): Text '20.50' is set on object 'Object Repository/IWP30/Page_CCPaymentEntry/Amount'

2020-07-13 22:35:57 - [TEST_STEP][PASSED] - setText(findTestObject("Object Repository/IWP30/Page_CCPaymentEntry/Amount"), CCAmount): Text '20.50' is set on object 'Object Repository/IWP30/Page_CCPaymentEntry/Amount'

2020-07-13 22:35:57 - [MESSAGE][PASSED] - Text '20.50' is set on object 'Object Repository/IWP30/Page_CCPaymentEntry/Amount'

2020-07-13 22:35:57 - [TEST_STEP][PASSED] - if (verifyElementPresent(findTestObject("Object Repository/IWP30/Page_CCPaymentEntry/UserDefined2"), 30)): null

2020-07-13 22:35:58 - [MESSAGE][PASSED] - Object 'Object Repository/IWP30/Page_CCPaymentEntry/UserDefined2' is present

2020-07-13 22:35:58 - [TEST_STEP][PASSED] - if (!(CCUDF2.isEmpty())): Text 'Number 2' is set on object 'Object Repository/IWP30/Page_CCPaymentEntry/UserDefined2'

2020-07-13 22:35:58 - [TEST_STEP][PASSED] - setText(findTestObject("Object Repository/IWP30/Page_CCPaymentEntry/UserDefined2"), CCUDF2): Text 'Number 2' is set on object 'Object Repository/IWP30/Page_CCPaymentEntry/UserDefined2'

2020-07-13 22:35:58 - [MESSAGE][PASSED] - Text 'Number 2' is set on object 'Object Repository/IWP30/Page_CCPaymentEntry/UserDefined2'

2020-07-13 22:35:58 - [TEST_STEP][PASSED] - if (verifyElementPresent(findTestObject("Object Repository/IWP30/Page_CCPaymentEntry/UserDefined3"), 30)): null

2020-07-13 22:35:59 - [MESSAGE][PASSED] - Object 'Object Repository/IWP30/Page_CCPaymentEntry/UserDefined3' is present

2020-07-13 22:35:59 - [TEST_STEP][PASSED] - if (!(CCUDF3.isEmpty())): Text 'Number 3' is set on object 'Object Repository/IWP30/Page_CCPaymentEntry/UserDefined3'

2020-07-13 22:35:59 - [TEST_STEP][PASSED] - setText(findTestObject("Object Repository/IWP30/Page_CCPaymentEntry/UserDefined3"), CCUDF3): Text 'Number 3' is set on object 'Object Repository/IWP30/Page_CCPaymentEntry/UserDefined3'

2020-07-13 22:35:59 - [MESSAGE][PASSED] - Text 'Number 3' is set on object 'Object Repository/IWP30/Page_CCPaymentEntry/UserDefined3'

2020-07-13 22:35:59 - [TEST_STEP][PASSED] - if (verifyElementPresent(findTestObject("Object Repository/IWP30/Page_CCPaymentEntry/UserDefined7"), 30)): null

2020-07-13 22:36:00 - [MESSAGE][PASSED] - Object 'Object Repository/IWP30/Page_CCPaymentEntry/UserDefined7' is present

2020-07-13 22:36:00 - [TEST_STEP][PASSED] - if (!(CCUDF7.isEmpty())): All options with label 'Orange' are selected in object 'Object Repository/IWP30/Page_CCPaymentEntry/UserDefined7' 

2020-07-13 22:36:00 - [TEST_STEP][PASSED] - selectOptionByLabel(findTestObject("Object Repository/IWP30/Page_CCPaymentEntry/UserDefined7"), CCUDF7, false): All options with label 'Orange' are selected in object 'Object Repository/IWP30/Page_CCPaymentEntry/UserDefined7' 

2020-07-13 22:36:00 - [MESSAGE][PASSED] - All options with label 'Orange' are selected in object 'Object Repository/IWP30/Page_CCPaymentEntry/UserDefined7' 

2020-07-13 22:36:00 - [TEST_STEP][PASSED] - if (verifyElementPresent(findTestObject("Object Repository/IWP30/Page_CCPaymentEntry/UserDefined8"), 30)): null

2020-07-13 22:36:00 - [MESSAGE][PASSED] - Object 'Object Repository/IWP30/Page_CCPaymentEntry/UserDefined8' is present

2020-07-13 22:36:00 - [TEST_STEP][PASSED] - if (!(CCUDF8.isEmpty())): All options with label 'Tennis' are selected in object 'Object Repository/IWP30/Page_CCPaymentEntry/UserDefined8' 

2020-07-13 22:36:00 - [TEST_STEP][PASSED] - selectOptionByLabel(findTestObject("Object Repository/IWP30/Page_CCPaymentEntry/UserDefined8"), CCUDF8, false): All options with label 'Tennis' are selected in object 'Object Repository/IWP30/Page_CCPaymentEntry/UserDefined8' 

2020-07-13 22:36:01 - [MESSAGE][PASSED] - All options with label 'Tennis' are selected in object 'Object Repository/IWP30/Page_CCPaymentEntry/UserDefined8' 

2020-07-13 22:36:01 - [TEST_STEP][PASSED] - if (verifyElementPresent(findTestObject("Object Repository/IWP30/Page_CCPaymentEntry/Name"), 30)): null

2020-07-13 22:36:01 - [MESSAGE][PASSED] - Object 'Object Repository/IWP30/Page_CCPaymentEntry/Name' is present

2020-07-13 22:36:01 - [TEST_STEP][PASSED] - if (!(CCName.isEmpty())): Text 'Mera Naam' is set on object 'Object Repository/IWP30/Page_CCPaymentEntry/Name'

2020-07-13 22:36:01 - [TEST_STEP][PASSED] - setText(findTestObject("Object Repository/IWP30/Page_CCPaymentEntry/Name"), CCName): Text 'Mera Naam' is set on object 'Object Repository/IWP30/Page_CCPaymentEntry/Name'

2020-07-13 22:36:02 - [MESSAGE][PASSED] - Text 'Mera Naam' is set on object 'Object Repository/IWP30/Page_CCPaymentEntry/Name'

2020-07-13 22:36:02 - [TEST_STEP][PASSED] - if (verifyElementPresent(findTestObject("Object Repository/IWP30/Page_CCPaymentEntry/CardNumber"), 30)): null

2020-07-13 22:36:02 - [MESSAGE][PASSED] - Object 'Object Repository/IWP30/Page_CCPaymentEntry/CardNumber' is present

2020-07-13 22:36:02 - [TEST_STEP][PASSED] - if (!(CCCardNum.isEmpty())): Text '4922222222222223' is set on object 'Object Repository/IWP30/Page_CCPaymentEntry/CardNumber'

2020-07-13 22:36:02 - [TEST_STEP][PASSED] - setText(findTestObject("Object Repository/IWP30/Page_CCPaymentEntry/CardNumber"), CCCardNum): Text '4922222222222223' is set on object 'Object Repository/IWP30/Page_CCPaymentEntry/CardNumber'

2020-07-13 22:36:03 - [MESSAGE][PASSED] - Text '4922222222222223' is set on object 'Object Repository/IWP30/Page_CCPaymentEntry/CardNumber'

2020-07-13 22:36:03 - [TEST_STEP][PASSED] - if (verifyElementPresent(findTestObject("Object Repository/IWP30/Page_CCPaymentEntry/SPC"), 30)): null

2020-07-13 22:36:03 - [MESSAGE][PASSED] - Object 'Object Repository/IWP30/Page_CCPaymentEntry/SPC' is present

2020-07-13 22:36:03 - [TEST_STEP][PASSED] - if (!(CCSPC.isEmpty())): Text '123' is set on object 'Object Repository/IWP30/Page_CCPaymentEntry/SPC'

2020-07-13 22:36:03 - [TEST_STEP][PASSED] - setText(findTestObject("Object Repository/IWP30/Page_CCPaymentEntry/SPC"), CCSPC): Text '123' is set on object 'Object Repository/IWP30/Page_CCPaymentEntry/SPC'

2020-07-13 22:36:04 - [MESSAGE][PASSED] - Text '123' is set on object 'Object Repository/IWP30/Page_CCPaymentEntry/SPC'

2020-07-13 22:36:04 - [TEST_STEP][PASSED] - if (verifyElementPresent(findTestObject("Object Repository/IWP30/Page_CCPaymentEntry/Month"), 30)): null

2020-07-13 22:36:04 - [MESSAGE][PASSED] - Object 'Object Repository/IWP30/Page_CCPaymentEntry/Month' is present

2020-07-13 22:36:04 - [TEST_STEP][PASSED] - if (!(CCExpM.isEmpty())): All options with label '09' are selected in object 'Object Repository/IWP30/Page_CCPaymentEntry/Month' 

2020-07-13 22:36:04 - [TEST_STEP][PASSED] - selectOptionByLabel(findTestObject("Object Repository/IWP30/Page_CCPaymentEntry/Month"), CCExpM, false): All options with label '09' are selected in object 'Object Repository/IWP30/Page_CCPaymentEntry/Month' 

2020-07-13 22:36:05 - [MESSAGE][PASSED] - All options with label '09' are selected in object 'Object Repository/IWP30/Page_CCPaymentEntry/Month' 

2020-07-13 22:36:05 - [TEST_STEP][PASSED] - if (verifyElementPresent(findTestObject("Object Repository/IWP30/Page_CCPaymentEntry/Year"), 30)): null

2020-07-13 22:36:05 - [MESSAGE][PASSED] - Object 'Object Repository/IWP30/Page_CCPaymentEntry/Year' is present

2020-07-13 22:36:05 - [TEST_STEP][PASSED] - if (!(CCExpY.isEmpty())): All options with label '2023' are selected in object 'Object Repository/IWP30/Page_CCPaymentEntry/Year' 

2020-07-13 22:36:05 - [TEST_STEP][PASSED] - selectOptionByLabel(findTestObject("Object Repository/IWP30/Page_CCPaymentEntry/Year"), CCExpY, false): All options with label '2023' are selected in object 'Object Repository/IWP30/Page_CCPaymentEntry/Year' 

2020-07-13 22:36:06 - [MESSAGE][PASSED] - All options with label '2023' are selected in object 'Object Repository/IWP30/Page_CCPaymentEntry/Year' 

2020-07-13 22:36:06 - [TEST_STEP][PASSED] - if (verifyElementPresent(findTestObject("Object Repository/IWP30/Page_CCPaymentEntry/ProcessDate"), 30)): null

2020-07-13 22:36:06 - [MESSAGE][PASSED] - Object 'Object Repository/IWP30/Page_CCPaymentEntry/ProcessDate' is present

2020-07-13 22:36:06 - [TEST_STEP][PASSED] - if (!(CCDate.isEmpty())): null

2020-07-13 22:36:06 - [TEST_STEP][PASSED] - else: null

2020-07-13 22:36:06 - [TEST_STEP][PASSED] - println("CCDate is not present in the Excel Spreadsheet"): null

2020-07-13 22:36:06 - [TEST_STEP][PASSED] - if (verifyElementPresent(findTestObject("Object Repository/IWP30/Page_CCPaymentEntry/AL1"), 30)): null

2020-07-13 22:36:06 - [MESSAGE][PASSED] - Object 'Object Repository/IWP30/Page_CCPaymentEntry/AL1' is present

2020-07-13 22:36:06 - [TEST_STEP][PASSED] - if (!(CCAL1.isEmpty())): Text 'Mera AL1' is set on object 'Object Repository/IWP30/Page_CCPaymentEntry/AL1'

2020-07-13 22:36:06 - [TEST_STEP][PASSED] - setText(findTestObject("Object Repository/IWP30/Page_CCPaymentEntry/AL1"), CCAL1): Text 'Mera AL1' is set on object 'Object Repository/IWP30/Page_CCPaymentEntry/AL1'

2020-07-13 22:36:07 - [MESSAGE][PASSED] - Text 'Mera AL1' is set on object 'Object Repository/IWP30/Page_CCPaymentEntry/AL1'

2020-07-13 22:36:07 - [TEST_STEP][PASSED] - if (verifyElementPresent(findTestObject("Object Repository/IWP30/Page_CCPaymentEntry/AL2"), 30)): null

2020-07-13 22:36:07 - [MESSAGE][PASSED] - Object 'Object Repository/IWP30/Page_CCPaymentEntry/AL2' is present

2020-07-13 22:36:07 - [TEST_STEP][PASSED] - if (!(CCAL2.isEmpty())): Text 'Mera AL2' is set on object 'Object Repository/IWP30/Page_CCPaymentEntry/AL2'

2020-07-13 22:36:07 - [TEST_STEP][PASSED] - setText(findTestObject("Object Repository/IWP30/Page_CCPaymentEntry/AL2"), CCAL2): Text 'Mera AL2' is set on object 'Object Repository/IWP30/Page_CCPaymentEntry/AL2'

2020-07-13 22:36:08 - [MESSAGE][PASSED] - Text 'Mera AL2' is set on object 'Object Repository/IWP30/Page_CCPaymentEntry/AL2'

2020-07-13 22:36:08 - [TEST_STEP][PASSED] - if (verifyElementPresent(findTestObject("Object Repository/IWP30/Page_CCPaymentEntry/ZIP"), 30)): null

2020-07-13 22:36:08 - [MESSAGE][PASSED] - Object 'Object Repository/IWP30/Page_CCPaymentEntry/ZIP' is present

2020-07-13 22:36:08 - [TEST_STEP][PASSED] - if (!(CCZIP.isEmpty())): Text '21054' is set on object 'Object Repository/IWP30/Page_CCPaymentEntry/ZIP'

2020-07-13 22:36:08 - [TEST_STEP][PASSED] - setText(findTestObject("Object Repository/IWP30/Page_CCPaymentEntry/ZIP"), CCZIP): Text '21054' is set on object 'Object Repository/IWP30/Page_CCPaymentEntry/ZIP'

2020-07-13 22:36:09 - [MESSAGE][PASSED] - Text '21054' is set on object 'Object Repository/IWP30/Page_CCPaymentEntry/ZIP'

2020-07-13 22:36:09 - [TEST_STEP][PASSED] - if (verifyElementPresent(findTestObject("Object Repository/IWP30/Page_CCPaymentEntry/EmailAddress"), 30)): null

2020-07-13 22:36:09 - [MESSAGE][PASSED] - Object 'Object Repository/IWP30/Page_CCPaymentEntry/EmailAddress' is present

2020-07-13 22:36:09 - [TEST_STEP][PASSED] - if (!(CCEmail.isEmpty())): Text 'merae@gmail.com' is set on object 'Object Repository/IWP30/Page_CCPaymentEntry/EmailAddress'

2020-07-13 22:36:09 - [TEST_STEP][PASSED] - setText(findTestObject("Object Repository/IWP30/Page_CCPaymentEntry/EmailAddress"), CCEmail): Text 'merae@gmail.com' is set on object 'Object Repository/IWP30/Page_CCPaymentEntry/EmailAddress'

2020-07-13 22:36:10 - [MESSAGE][PASSED] - Text 'merae@gmail.com' is set on object 'Object Repository/IWP30/Page_CCPaymentEntry/EmailAddress'

2020-07-13 22:36:10 - [TEST_STEP][PASSED] - if (verifyElementPresent(findTestObject("Object Repository/IWP30/Page_CCPaymentEntry/TermCondCheckBox"), 30)): null

2020-07-13 22:36:11 - [MESSAGE][PASSED] - Object 'Object Repository/IWP30/Page_CCPaymentEntry/TermCondCheckBox' is present

2020-07-13 22:36:11 - [TEST_STEP][PASSED] - check(findTestObject("Object Repository/IWP30/Page_CCPaymentEntry/TermCondCheckBox")): Object 'Object Repository/IWP30/Page_CCPaymentEntry/TermCondCheckBox' is checked

2020-07-13 22:36:11 - [MESSAGE][PASSED] - Object 'Object Repository/IWP30/Page_CCPaymentEntry/TermCondCheckBox' is checked

2020-07-13 22:36:11 - [TEST_STEP][PASSED] - if (verifyElementPresent(findTestObject("Object Repository/IWP30/Page_CCPaymentEntry/ContinueButton"), 30)): null

2020-07-13 22:36:11 - [MESSAGE][PASSED] - Object 'Object Repository/IWP30/Page_CCPaymentEntry/ContinueButton' is present

2020-07-13 22:36:11 - [TEST_STEP][PASSED] - click(findTestObject("Object Repository/IWP30/Page_CCPaymentEntry/ContinueButton")): Object: 'Object Repository/IWP30/Page_CCPaymentEntry/ContinueButton' is clicked on

2020-07-13 22:36:12 - [MESSAGE][PASSED] - Object: 'Object Repository/IWP30/Page_CCPaymentEntry/ContinueButton' is clicked on

2020-07-13 22:36:12 - [TEST_STEP][PASSED] - if (verifyTextPresent("Please verify the following information", false)): null

2020-07-13 22:36:13 - [MESSAGE][PASSED] - Text 'Please verify the following information' is present on page 

2020-07-13 22:36:13 - [TEST_STEP][PASSED] - println("Please verify the following information text is present on the Confirmation page"): null

2020-07-13 22:36:13 - [TEST_STEP][PASSED] - if (verifyTextPresent("Is this information correct?", false)): null

2020-07-13 22:36:13 - [MESSAGE][PASSED] - Text 'Is this information correct?' is present on page 

2020-07-13 22:36:13 - [TEST_STEP][PASSED] - println("Is this information correct text is present on the Confirmation page"): null

2020-07-13 22:36:13 - [TEST_STEP][PASSED] - if (verifyElementPresent(findTestObject("Object Repository/IWP30/Page_Confirmation/ConfirmButton"), 30)): null

2020-07-13 22:36:13 - [MESSAGE][PASSED] - Object 'Object Repository/IWP30/Page_Confirmation/ConfirmButton' is present

2020-07-13 22:36:13 - [TEST_STEP][PASSED] - click(findTestObject("Object Repository/IWP30/Page_Confirmation/ConfirmButton")): Object: 'Object Repository/IWP30/Page_Confirmation/ConfirmButton' is clicked on

2020-07-13 22:36:14 - [MESSAGE][PASSED] - Object: 'Object Repository/IWP30/Page_Confirmation/ConfirmButton' is clicked on

2020-07-13 22:36:14 - [TEST_STEP][PASSED] - Thread.sleep(10000): null

2020-07-13 22:36:24 - [TEST_STEP][PASSED] - if (verifyTextPresent("Successful Payment Receipt", false)): null

2020-07-13 22:36:25 - [MESSAGE][PASSED] - Text 'Successful Payment Receipt' is present on page 

2020-07-13 22:36:25 - [TEST_STEP][PASSED] - println("Successful Payment Receipt text is present on the Receipt page"): null

2020-07-13 22:36:25 - [TEST_STEP][PASSED] - if (verifyTextPresent("Please print this receipt for your records", false)): null

2020-07-13 22:36:25 - [MESSAGE][PASSED] - Text 'Please print this receipt for your records' is present on page 

2020-07-13 22:36:25 - [TEST_STEP][PASSED] - println("Please print this receipt for your records text is present on the Receipt page"): null

2020-07-13 22:36:25 - [TEST_STEP][PASSED] - if (verifyElementPresent(findTestObject("Object Repository/IWP30/Page_Receipt/ExitButton"), 30)): null

2020-07-13 22:36:25 - [MESSAGE][PASSED] - Object 'Object Repository/IWP30/Page_Receipt/ExitButton' is present

2020-07-13 22:36:25 - [TEST_STEP][PASSED] - println("Exit Button is present on the Receipt page"): null

2020-07-13 22:36:25 - [TEST_STEP][PASSED] - closeBrowser(): Browser is closed

2020-07-13 22:36:26 - [MESSAGE][PASSED] - Browser is closed

2020-07-13 22:36:26 - [TEST_STEP][FAILED] - try: null

2020-07-13 22:36:26 - [TEST_STEP][PASSED] - MV = findTestData("IWP30PayNowCC").getValue("MV", row): null

2020-07-13 22:36:26 - [TEST_STEP][PASSED] - println(MV): null

2020-07-13 22:36:26 - [TEST_STEP][PASSED] - Amount = findTestData("IWP30PayNowCC").getValue("Amount", row): null

2020-07-13 22:36:26 - [TEST_STEP][PASSED] - println(Amount): null

2020-07-13 22:36:26 - [TEST_STEP][PASSED] - CAN = findTestData("IWP30PayNowCC").getValue("CAN", row): null

2020-07-13 22:36:26 - [TEST_STEP][PASSED] - println(CAN): null

2020-07-13 22:36:26 - [TEST_STEP][PASSED] - Action = findTestData("IWP30PayNowCC").getValue("Action", row): null

2020-07-13 22:36:26 - [TEST_STEP][PASSED] - println(Action): null

2020-07-13 22:36:26 - [TEST_STEP][PASSED] - Lang = findTestData("IWP30PayNowCC").getValue("Lang", row): null

2020-07-13 22:36:26 - [TEST_STEP][PASSED] - println(Lang): null

2020-07-13 22:36:26 - [TEST_STEP][PASSED] - Fname = findTestData("IWP30PayNowCC").getValue("Fname", row): null

2020-07-13 22:36:26 - [TEST_STEP][PASSED] - println(Fname): null

2020-07-13 22:36:26 - [TEST_STEP][PASSED] - Lname = findTestData("IWP30PayNowCC").getValue("Lname", row): null

2020-07-13 22:36:26 - [TEST_STEP][PASSED] - println(Lname): null

2020-07-13 22:36:26 - [TEST_STEP][PASSED] - AL1 = findTestData("IWP30PayNowCC").getValue("AL1", row): null

2020-07-13 22:36:26 - [TEST_STEP][PASSED] - println(AL1): null

2020-07-13 22:36:26 - [TEST_STEP][PASSED] - AL2 = findTestData("IWP30PayNowCC").getValue("AL2", row): null

2020-07-13 22:36:27 - [TEST_STEP][PASSED] - println(AL2): null

2020-07-13 22:36:27 - [TEST_STEP][PASSED] - Country = findTestData("IWP30PayNowCC").getValue("Country", row): null

2020-07-13 22:36:27 - [TEST_STEP][PASSED] - println(Country): null

2020-07-13 22:36:27 - [TEST_STEP][PASSED] - City = findTestData("IWP30PayNowCC").getValue("City", row): null

2020-07-13 22:36:27 - [TEST_STEP][PASSED] - println(City): null

2020-07-13 22:36:27 - [TEST_STEP][PASSED] - State = findTestData("IWP30PayNowCC").getValue("State", row): null

2020-07-13 22:36:27 - [TEST_STEP][PASSED] - println(State): null

2020-07-13 22:36:27 - [TEST_STEP][PASSED] - ZIP = findTestData("IWP30PayNowCC").getValue("ZIP", row): null

2020-07-13 22:36:27 - [TEST_STEP][PASSED] - println(ZIP): null

2020-07-13 22:36:27 - [TEST_STEP][PASSED] - Order = findTestData("IWP30PayNowCC").getValue("Order", row): null

2020-07-13 22:36:27 - [TEST_STEP][PASSED] - println(Order): null

2020-07-13 22:36:27 - [TEST_STEP][PASSED] - CompanyName = findTestData("IWP30PayNowCC").getValue("CompanyName", row): null

2020-07-13 22:36:27 - [TEST_STEP][PASSED] - println(CompanyName): null

2020-07-13 22:36:27 - [TEST_STEP][PASSED] - Email = findTestData("IWP30PayNowCC").getValue("Email", row): null

2020-07-13 22:36:27 - [TEST_STEP][PASSED] - println(Email): null

2020-07-13 22:36:27 - [TEST_STEP][PASSED] - UDF1 = findTestData("IWP30PayNowCC").getValue("UDF1", row): null

2020-07-13 22:36:27 - [TEST_STEP][PASSED] - println(UDF1): null

2020-07-13 22:36:27 - [TEST_STEP][PASSED] - UDF2 = findTestData("IWP30PayNowCC").getValue("UDF2", row): null

2020-07-13 22:36:27 - [TEST_STEP][PASSED] - println(UDF2): null

2020-07-13 22:36:27 - [TEST_STEP][PASSED] - UDF3 = findTestData("IWP30PayNowCC").getValue("UDF3", row): null

2020-07-13 22:36:27 - [TEST_STEP][PASSED] - println(UDF3): null

2020-07-13 22:36:27 - [TEST_STEP][PASSED] - UDF4 = findTestData("IWP30PayNowCC").getValue("UDF4", row): null

2020-07-13 22:36:27 - [TEST_STEP][PASSED] - println(UDF4): null

2020-07-13 22:36:27 - [TEST_STEP][PASSED] - UDF5 = findTestData("IWP30PayNowCC").getValue("UDF5", row): null

2020-07-13 22:36:27 - [TEST_STEP][PASSED] - println(UDF5): null

2020-07-13 22:36:27 - [TEST_STEP][PASSED] - UDF6 = findTestData("IWP30PayNowCC").getValue("UDF6", row): null

2020-07-13 22:36:27 - [TEST_STEP][PASSED] - println(UDF6): null

2020-07-13 22:36:27 - [TEST_STEP][PASSED] - UDF7 = findTestData("IWP30PayNowCC").getValue("UDF7", row): null

2020-07-13 22:36:27 - [TEST_STEP][PASSED] - println(UDF7): null

2020-07-13 22:36:27 - [TEST_STEP][PASSED] - UDF8 = findTestData("IWP30PayNowCC").getValue("UDF8", row): null

2020-07-13 22:36:27 - [TEST_STEP][PASSED] - println(UDF8): null

2020-07-13 22:36:27 - [TEST_STEP][PASSED] - UDF9 = findTestData("IWP30PayNowCC").getValue("UDF9", row): null

2020-07-13 22:36:27 - [TEST_STEP][PASSED] - println(UDF9): null

2020-07-13 22:36:27 - [TEST_STEP][PASSED] - UDF10 = findTestData("IWP30PayNowCC").getValue("UDF10", row): null

2020-07-13 22:36:27 - [TEST_STEP][PASSED] - println(UDF10): null

2020-07-13 22:36:27 - [TEST_STEP][PASSED] - AppID = findTestData("IWP30PayNowCC").getValue("AppID", row): null

2020-07-13 22:36:27 - [TEST_STEP][PASSED] - println(AppID): null

2020-07-13 22:36:27 - [TEST_STEP][PASSED] - MessageVersion = findTestData("IWP30PayNowCC").getValue("MessageVersion", row): null

2020-07-13 22:36:27 - [TEST_STEP][PASSED] - println(MessageVersion): null

2020-07-13 22:36:27 - [TEST_STEP][PASSED] - CCAmount = findTestData("IWP30PayNowCC").getValue("CCAmount", row): null

2020-07-13 22:36:27 - [TEST_STEP][PASSED] - println(CCAmount): null

2020-07-13 22:36:27 - [TEST_STEP][PASSED] - CCUDF1 = findTestData("IWP30PayNowCC").getValue("CCUDF1", row): null

2020-07-13 22:36:27 - [TEST_STEP][PASSED] - println(CCUDF1): null

2020-07-13 22:36:27 - [TEST_STEP][PASSED] - CCUDF2 = findTestData("IWP30PayNowCC").getValue("CCUDF2", row): null

2020-07-13 22:36:27 - [TEST_STEP][PASSED] - println(CCUDF2): null

2020-07-13 22:36:27 - [TEST_STEP][PASSED] - CCUDF3 = findTestData("IWP30PayNowCC").getValue("CCUDF3", row): null

2020-07-13 22:36:27 - [TEST_STEP][PASSED] - println(CCUDF3): null

2020-07-13 22:36:27 - [TEST_STEP][PASSED] - CCUDF4 = findTestData("IWP30PayNowCC").getValue("CCUDF4", row): null

2020-07-13 22:36:27 - [TEST_STEP][PASSED] - println(CCUDF4): null

2020-07-13 22:36:27 - [TEST_STEP][PASSED] - CCUDF5 = findTestData("IWP30PayNowCC").getValue("CCUDF5", row): null

2020-07-13 22:36:27 - [TEST_STEP][PASSED] - println(CCUDF5): null

2020-07-13 22:36:27 - [TEST_STEP][PASSED] - CCUDF6 = findTestData("IWP30PayNowCC").getValue("CCUDF6", row): null

2020-07-13 22:36:27 - [TEST_STEP][PASSED] - println(CCUDF6): null

2020-07-13 22:36:27 - [TEST_STEP][PASSED] - CCUDF7 = findTestData("IWP30PayNowCC").getValue("CCUDF7", row): null

2020-07-13 22:36:27 - [TEST_STEP][PASSED] - println(CCUDF7): null

2020-07-13 22:36:27 - [TEST_STEP][PASSED] - CCUDF8 = findTestData("IWP30PayNowCC").getValue("CCUDF8", row): null

2020-07-13 22:36:27 - [TEST_STEP][PASSED] - println(CCUDF8): null

2020-07-13 22:36:27 - [TEST_STEP][PASSED] - CCUDF9 = findTestData("IWP30PayNowCC").getValue("CCUDF9", row): null

2020-07-13 22:36:27 - [TEST_STEP][PASSED] - println(CCUDF9): null

2020-07-13 22:36:27 - [TEST_STEP][PASSED] - CCUDF10 = findTestData("IWP30PayNowCC").getValue("CCUDF10", row): null

2020-07-13 22:36:27 - [TEST_STEP][PASSED] - println(CCUDF10): null

2020-07-13 22:36:27 - [TEST_STEP][PASSED] - CCName = findTestData("IWP30PayNowCC").getValue("CCName", row): null

2020-07-13 22:36:27 - [TEST_STEP][PASSED] - println(CCName): null

2020-07-13 22:36:27 - [TEST_STEP][PASSED] - CCCardNum = findTestData("IWP30PayNowCC").getValue("CCCardNum", row): null

2020-07-13 22:36:27 - [TEST_STEP][PASSED] - println(CCCardNum): null

2020-07-13 22:36:27 - [TEST_STEP][PASSED] - CCSPC = findTestData("IWP30PayNowCC").getValue("CCSPC", row): null

2020-07-13 22:36:27 - [TEST_STEP][PASSED] - println(CCSPC): null

2020-07-13 22:36:27 - [TEST_STEP][PASSED] - CCExpM = findTestData("IWP30PayNowCC").getValue("CCExpM", row): null

2020-07-13 22:36:27 - [TEST_STEP][PASSED] - println(CCExpM): null

2020-07-13 22:36:27 - [TEST_STEP][PASSED] - CCExpY = findTestData("IWP30PayNowCC").getValue("CCExpY", row): null

2020-07-13 22:36:27 - [TEST_STEP][PASSED] - println(CCExpY): null

2020-07-13 22:36:27 - [TEST_STEP][PASSED] - CCDate = findTestData("IWP30PayNowCC").getValue("CCDate", row): null

2020-07-13 22:36:27 - [TEST_STEP][PASSED] - println(CCDate): null

2020-07-13 22:36:27 - [TEST_STEP][PASSED] - CCAL1 = findTestData("IWP30PayNowCC").getValue("CCAL1", row): null

2020-07-13 22:36:27 - [TEST_STEP][PASSED] - println(CCAL1): null

2020-07-13 22:36:27 - [TEST_STEP][PASSED] - CCAL2 = findTestData("IWP30PayNowCC").getValue("CCAL2", row): null

2020-07-13 22:36:27 - [TEST_STEP][PASSED] - println(CCAL2): null

2020-07-13 22:36:27 - [TEST_STEP][PASSED] - CCZIP = findTestData("IWP30PayNowCC").getValue("CCZIP", row): null

2020-07-13 22:36:27 - [TEST_STEP][PASSED] - println(CCZIP): null

2020-07-13 22:36:27 - [TEST_STEP][PASSED] - CCEmail = findTestData("IWP30PayNowCC").getValue("CCEmail", row): null

2020-07-13 22:36:27 - [TEST_STEP][PASSED] - println(CCEmail): null

2020-07-13 22:36:27 - [TEST_STEP][PASSED] - openBrowser("https://qa.velocitypayment.com/agency/config.do?action=editor"): Browser is opened with url: 'https://qa.velocitypayment.com/agency/config.do?action=editor'

2020-07-13 22:36:27 - [MESSAGE][INFO] - Starting 'Chrome' driver

2020-07-13 22:36:27 - [MESSAGE][INFO] - User set preference: ['acceptInsecureCerts', 'true']

2020-07-13 22:36:27 - [MESSAGE][INFO] - Action delay is set to 0 milliseconds

2020-07-13 22:36:31 - [MESSAGE][PASSED] - Browser is opened with url: 'https://qa.velocitypayment.com/agency/config.do?action=editor'

2020-07-13 22:36:31 - [TEST_STEP][PASSED] - maximizeWindow(): Current window maximized

2020-07-13 22:36:31 - [MESSAGE][PASSED] - Current window maximized

2020-07-13 22:36:31 - [TEST_STEP][PASSED] - selectOptionByValue(findTestObject("IWP30/Page_VRelay30Emulator/MV"), MV, true): All options with value '3.0' are selected in object 'Object Repository/IWP30/Page_VRelay30Emulator/MV'  using regular expression

2020-07-13 22:36:33 - [MESSAGE][PASSED] - All options with value '3.0' are selected in object 'Object Repository/IWP30/Page_VRelay30Emulator/MV'  using regular expression

2020-07-13 22:36:33 - [TEST_STEP][PASSED] - setText(findTestObject("IWP30/Page_VRelay30Emulator/Amount"), Amount): Text '10.50' is set on object 'Object Repository/IWP30/Page_VRelay30Emulator/Amount'

2020-07-13 22:36:33 - [MESSAGE][PASSED] - Text '10.50' is set on object 'Object Repository/IWP30/Page_VRelay30Emulator/Amount'

2020-07-13 22:36:33 - [TEST_STEP][PASSED] - setText(findTestObject("IWP30/Page_VRelay30Emulator/CAN"), CAN): Text '26411005' is set on object 'Object Repository/IWP30/Page_VRelay30Emulator/CAN'

2020-07-13 22:36:34 - [MESSAGE][PASSED] - Text '26411005' is set on object 'Object Repository/IWP30/Page_VRelay30Emulator/CAN'

2020-07-13 22:36:34 - [TEST_STEP][PASSED] - setText(findTestObject("IWP30/Page_VRelay30Emulator/Action"), Action): Text 'PayNow' is set on object 'Object Repository/IWP30/Page_VRelay30Emulator/Action'

2020-07-13 22:36:35 - [MESSAGE][PASSED] - Text 'PayNow' is set on object 'Object Repository/IWP30/Page_VRelay30Emulator/Action'

2020-07-13 22:36:35 - [TEST_STEP][PASSED] - setText(findTestObject("IWP30/Page_VRelay30Emulator/Lang"), Lang): Text 'en_US' is set on object 'Object Repository/IWP30/Page_VRelay30Emulator/Lang'

2020-07-13 22:36:35 - [MESSAGE][PASSED] - Text 'en_US' is set on object 'Object Repository/IWP30/Page_VRelay30Emulator/Lang'

2020-07-13 22:36:35 - [TEST_STEP][PASSED] - setText(findTestObject("IWP30/Page_VRelay30Emulator/Fname"), Fname): Text '' is set on object 'Object Repository/IWP30/Page_VRelay30Emulator/Fname'

2020-07-13 22:36:36 - [MESSAGE][PASSED] - Text '' is set on object 'Object Repository/IWP30/Page_VRelay30Emulator/Fname'

2020-07-13 22:36:36 - [TEST_STEP][PASSED] - setText(findTestObject("IWP30/Page_VRelay30Emulator/Lname"), Lname): Text '' is set on object 'Object Repository/IWP30/Page_VRelay30Emulator/Lname'

2020-07-13 22:36:37 - [MESSAGE][PASSED] - Text '' is set on object 'Object Repository/IWP30/Page_VRelay30Emulator/Lname'

2020-07-13 22:36:37 - [TEST_STEP][PASSED] - setText(findTestObject("IWP30/Page_VRelay30Emulator/AL1"), AL1): Text '' is set on object 'Object Repository/IWP30/Page_VRelay30Emulator/AL1'

2020-07-13 22:36:37 - [MESSAGE][PASSED] - Text '' is set on object 'Object Repository/IWP30/Page_VRelay30Emulator/AL1'

2020-07-13 22:36:37 - [TEST_STEP][PASSED] - setText(findTestObject("IWP30/Page_VRelay30Emulator/AL2"), AL2): Text '' is set on object 'Object Repository/IWP30/Page_VRelay30Emulator/AL2'

2020-07-13 22:36:38 - [MESSAGE][PASSED] - Text '' is set on object 'Object Repository/IWP30/Page_VRelay30Emulator/AL2'

2020-07-13 22:36:38 - [TEST_STEP][PASSED] - setText(findTestObject("IWP30/Page_VRelay30Emulator/Country"), Country): Text '840' is set on object 'Object Repository/IWP30/Page_VRelay30Emulator/Country'

2020-07-13 22:36:38 - [MESSAGE][PASSED] - Text '840' is set on object 'Object Repository/IWP30/Page_VRelay30Emulator/Country'

2020-07-13 22:36:38 - [TEST_STEP][PASSED] - setText(findTestObject("IWP30/Page_VRelay30Emulator/City"), City): Text '' is set on object 'Object Repository/IWP30/Page_VRelay30Emulator/City'

2020-07-13 22:36:39 - [MESSAGE][PASSED] - Text '' is set on object 'Object Repository/IWP30/Page_VRelay30Emulator/City'

2020-07-13 22:36:39 - [TEST_STEP][PASSED] - setText(findTestObject("IWP30/Page_VRelay30Emulator/State"), State): Text '' is set on object 'Object Repository/IWP30/Page_VRelay30Emulator/State'

2020-07-13 22:36:40 - [MESSAGE][PASSED] - Text '' is set on object 'Object Repository/IWP30/Page_VRelay30Emulator/State'

2020-07-13 22:36:40 - [TEST_STEP][PASSED] - setText(findTestObject("IWP30/Page_VRelay30Emulator/ZIP"), ZIP): Text '' is set on object 'Object Repository/IWP30/Page_VRelay30Emulator/ZIP'

2020-07-13 22:36:40 - [MESSAGE][PASSED] - Text '' is set on object 'Object Repository/IWP30/Page_VRelay30Emulator/ZIP'

2020-07-13 22:36:40 - [TEST_STEP][PASSED] - setText(findTestObject("IWP30/Page_VRelay30Emulator/Order"), Order): Text '' is set on object 'Object Repository/IWP30/Page_VRelay30Emulator/Order'

2020-07-13 22:36:41 - [MESSAGE][PASSED] - Text '' is set on object 'Object Repository/IWP30/Page_VRelay30Emulator/Order'

2020-07-13 22:36:41 - [TEST_STEP][PASSED] - setText(findTestObject("IWP30/Page_VRelay30Emulator/Company"), CompanyName): Text '' is set on object 'Object Repository/IWP30/Page_VRelay30Emulator/Company'

2020-07-13 22:36:41 - [MESSAGE][PASSED] - Text '' is set on object 'Object Repository/IWP30/Page_VRelay30Emulator/Company'

2020-07-13 22:36:41 - [TEST_STEP][PASSED] - setText(findTestObject("IWP30/Page_VRelay30Emulator/Email"), Email): Text '' is set on object 'Object Repository/IWP30/Page_VRelay30Emulator/Email'

2020-07-13 22:36:42 - [MESSAGE][PASSED] - Text '' is set on object 'Object Repository/IWP30/Page_VRelay30Emulator/Email'

2020-07-13 22:36:42 - [TEST_STEP][PASSED] - setText(findTestObject("IWP30/Page_VRelay30Emulator/UDF1"), UDF1): Text '' is set on object 'Object Repository/IWP30/Page_VRelay30Emulator/UDF1'

2020-07-13 22:36:43 - [MESSAGE][PASSED] - Text '' is set on object 'Object Repository/IWP30/Page_VRelay30Emulator/UDF1'

2020-07-13 22:36:43 - [TEST_STEP][PASSED] - setText(findTestObject("IWP30/Page_VRelay30Emulator/UDF2"), UDF2): Text '' is set on object 'Object Repository/IWP30/Page_VRelay30Emulator/UDF2'

2020-07-13 22:36:43 - [MESSAGE][PASSED] - Text '' is set on object 'Object Repository/IWP30/Page_VRelay30Emulator/UDF2'

2020-07-13 22:36:43 - [TEST_STEP][PASSED] - setText(findTestObject("IWP30/Page_VRelay30Emulator/UDF3"), UDF3): Text '' is set on object 'Object Repository/IWP30/Page_VRelay30Emulator/UDF3'

2020-07-13 22:36:44 - [MESSAGE][PASSED] - Text '' is set on object 'Object Repository/IWP30/Page_VRelay30Emulator/UDF3'

2020-07-13 22:36:44 - [TEST_STEP][PASSED] - setText(findTestObject("IWP30/Page_VRelay30Emulator/UDF4"), UDF4): Text 'udf data 4' is set on object 'Object Repository/IWP30/Page_VRelay30Emulator/UDF4'

2020-07-13 22:36:45 - [MESSAGE][PASSED] - Text 'udf data 4' is set on object 'Object Repository/IWP30/Page_VRelay30Emulator/UDF4'

2020-07-13 22:36:45 - [TEST_STEP][PASSED] - setText(findTestObject("IWP30/Page_VRelay30Emulator/UDF5"), UDF5): Text 'udf data 5' is set on object 'Object Repository/IWP30/Page_VRelay30Emulator/UDF5'

2020-07-13 22:36:45 - [MESSAGE][PASSED] - Text 'udf data 5' is set on object 'Object Repository/IWP30/Page_VRelay30Emulator/UDF5'

2020-07-13 22:36:45 - [TEST_STEP][PASSED] - setText(findTestObject("IWP30/Page_VRelay30Emulator/UDF6"), UDF6): Text '' is set on object 'Object Repository/IWP30/Page_VRelay30Emulator/UDF6'

2020-07-13 22:36:46 - [MESSAGE][PASSED] - Text '' is set on object 'Object Repository/IWP30/Page_VRelay30Emulator/UDF6'

2020-07-13 22:36:46 - [TEST_STEP][PASSED] - setText(findTestObject("IWP30/Page_VRelay30Emulator/UDF7"), UDF7): Text '' is set on object 'Object Repository/IWP30/Page_VRelay30Emulator/UDF7'

2020-07-13 22:36:47 - [MESSAGE][PASSED] - Text '' is set on object 'Object Repository/IWP30/Page_VRelay30Emulator/UDF7'

2020-07-13 22:36:47 - [TEST_STEP][PASSED] - setText(findTestObject("IWP30/Page_VRelay30Emulator/UDF8"), UDF8): Text '' is set on object 'Object Repository/IWP30/Page_VRelay30Emulator/UDF8'

2020-07-13 22:36:47 - [MESSAGE][PASSED] - Text '' is set on object 'Object Repository/IWP30/Page_VRelay30Emulator/UDF8'

2020-07-13 22:36:47 - [TEST_STEP][PASSED] - setText(findTestObject("IWP30/Page_VRelay30Emulator/UDF9"), UDF9): Text 'udf data 9' is set on object 'Object Repository/IWP30/Page_VRelay30Emulator/UDF9'

2020-07-13 22:36:48 - [MESSAGE][PASSED] - Text 'udf data 9' is set on object 'Object Repository/IWP30/Page_VRelay30Emulator/UDF9'

2020-07-13 22:36:48 - [TEST_STEP][PASSED] - setText(findTestObject("IWP30/Page_VRelay30Emulator/UDF10"), UDF10): Text 'udf data 10' is set on object 'Object Repository/IWP30/Page_VRelay30Emulator/UDF10'

2020-07-13 22:36:49 - [MESSAGE][PASSED] - Text 'udf data 10' is set on object 'Object Repository/IWP30/Page_VRelay30Emulator/UDF10'

2020-07-13 22:36:49 - [TEST_STEP][PASSED] - Thread.sleep(5000): null

2020-07-13 22:36:54 - [TEST_STEP][PASSED] - click(findTestObject("IWP30/Page_VRelay30Emulator/Submit")): Object: 'Object Repository/IWP30/Page_VRelay30Emulator/Submit' is clicked on

2020-07-13 22:36:54 - [MESSAGE][PASSED] - Object: 'Object Repository/IWP30/Page_VRelay30Emulator/Submit' is clicked on

2020-07-13 22:36:54 - [TEST_STEP][PASSED] - closeBrowser(): Browser is closed

2020-07-13 22:36:55 - [MESSAGE][PASSED] - Browser is closed

2020-07-13 22:36:55 - [TEST_STEP][PASSED] - openBrowser("https://dev-algorithm.govolution.com/vrelaytest/QA/version_2_2/vrelaytest.html"): Browser is opened with url: 'https://dev-algorithm.govolution.com/vrelaytest/QA/version_2_2/vrelaytest.html'

2020-07-13 22:36:55 - [MESSAGE][INFO] - Starting 'Chrome' driver

2020-07-13 22:36:55 - [MESSAGE][INFO] - User set preference: ['acceptInsecureCerts', 'true']

2020-07-13 22:36:55 - [MESSAGE][INFO] - Action delay is set to 0 milliseconds

2020-07-13 22:36:59 - [MESSAGE][PASSED] - Browser is opened with url: 'https://dev-algorithm.govolution.com/vrelaytest/QA/version_2_2/vrelaytest.html'

2020-07-13 22:36:59 - [TEST_STEP][PASSED] - maximizeWindow(): Current window maximized

2020-07-13 22:37:00 - [MESSAGE][PASSED] - Current window maximized

2020-07-13 22:37:00 - [TEST_STEP][PASSED] - genRemIDVoid = RandomStringUtils.random(12, true, true): null

2020-07-13 22:37:00 - [TEST_STEP][PASSED] - if (verifyElementPresent(findTestObject("Object Repository/IWP30/Page_QATestHarness/RemittanceID"), 30)): null

2020-07-13 22:37:00 - [MESSAGE][PASSED] - Object 'Object Repository/IWP30/Page_QATestHarness/RemittanceID' is present

2020-07-13 22:37:00 - [TEST_STEP][PASSED] - println("We are on Test Harness page, start populating"): null

2020-07-13 22:37:00 - [TEST_STEP][PASSED] - setText(findTestObject("Object Repository/IWP30/Page_QATestHarness/ApplicationID"), AppID): Text '649' is set on object 'Object Repository/IWP30/Page_QATestHarness/ApplicationID'

2020-07-13 22:37:01 - [MESSAGE][PASSED] - Text '649' is set on object 'Object Repository/IWP30/Page_QATestHarness/ApplicationID'

2020-07-13 22:37:01 - [TEST_STEP][PASSED] - setText(findTestObject("Object Repository/IWP30/Page_QATestHarness/MessageVersion"), MessageVersion): Text '3.0' is set on object 'Object Repository/IWP30/Page_QATestHarness/MessageVersion'

2020-07-13 22:37:01 - [MESSAGE][PASSED] - Text '3.0' is set on object 'Object Repository/IWP30/Page_QATestHarness/MessageVersion'

2020-07-13 22:37:01 - [TEST_STEP][PASSED] - setText(findTestObject("Object Repository/IWP30/Page_QATestHarness/RemittanceID"), genRemIDVoid): Text 'LLZ3dUCp0ky0' is set on object 'Object Repository/IWP30/Page_QATestHarness/RemittanceID'

2020-07-13 22:37:02 - [MESSAGE][PASSED] - Text 'LLZ3dUCp0ky0' is set on object 'Object Repository/IWP30/Page_QATestHarness/RemittanceID'

2020-07-13 22:37:02 - [TEST_STEP][PASSED] - click(findTestObject("Object Repository/IWP30/Page_QATestHarness/SubmitButton")): Object: 'Object Repository/IWP30/Page_QATestHarness/SubmitButton' is clicked on

2020-07-13 22:37:03 - [MESSAGE][PASSED] - Object: 'Object Repository/IWP30/Page_QATestHarness/SubmitButton' is clicked on

2020-07-13 22:37:03 - [TEST_STEP][PASSED] - if (verifyElementPresent(findTestObject("Object Repository/IWP30/Page_SelectPaymentMethod/PayByCreditCard"), 30)): null

2020-07-13 22:37:03 - [MESSAGE][PASSED] - Object 'Object Repository/IWP30/Page_SelectPaymentMethod/PayByCreditCard' is present

2020-07-13 22:37:03 - [TEST_STEP][PASSED] - println("We are on Select Payment Method page, start populating"): null

2020-07-13 22:37:03 - [TEST_STEP][PASSED] - check(findTestObject("Object Repository/IWP30/Page_SelectPaymentMethod/PayByCreditCard")): Object 'Object Repository/IWP30/Page_SelectPaymentMethod/PayByCreditCard' is checked

2020-07-13 22:37:04 - [MESSAGE][PASSED] - Object 'Object Repository/IWP30/Page_SelectPaymentMethod/PayByCreditCard' is checked

2020-07-13 22:37:04 - [TEST_STEP][PASSED] - Thread.sleep(1000): null

2020-07-13 22:37:05 - [TEST_STEP][PASSED] - click(findTestObject("Object Repository/IWP30/Page_SelectPaymentMethod/MakePaymentButton")): Object: 'Object Repository/IWP30/Page_SelectPaymentMethod/MakePaymentButton' is clicked on

2020-07-13 22:37:06 - [MESSAGE][PASSED] - Object: 'Object Repository/IWP30/Page_SelectPaymentMethod/MakePaymentButton' is clicked on

2020-07-13 22:37:06 - [TEST_STEP][PASSED] - if (verifyElementPresent(findTestObject("Object Repository/IWP30/Page_CCPaymentEntry/Name"), 30)): null

2020-07-13 22:37:06 - [MESSAGE][PASSED] - Object 'Object Repository/IWP30/Page_CCPaymentEntry/Name' is present

2020-07-13 22:37:06 - [TEST_STEP][PASSED] - println("We are on Credit Card Payment Entry page, start populating"): null

2020-07-13 22:37:06 - [TEST_STEP][PASSED] - if (verifyElementPresent(findTestObject("Object Repository/IWP30/Page_CCPaymentEntry/Amount"), 30)): null

2020-07-13 22:37:07 - [MESSAGE][PASSED] - Object 'Object Repository/IWP30/Page_CCPaymentEntry/Amount' is present

2020-07-13 22:37:07 - [TEST_STEP][PASSED] - if (!(CCAmount.isEmpty())): Text '20.50' is set on object 'Object Repository/IWP30/Page_CCPaymentEntry/Amount'

2020-07-13 22:37:07 - [TEST_STEP][PASSED] - setText(findTestObject("Object Repository/IWP30/Page_CCPaymentEntry/Amount"), CCAmount): Text '20.50' is set on object 'Object Repository/IWP30/Page_CCPaymentEntry/Amount'

2020-07-13 22:37:07 - [MESSAGE][PASSED] - Text '20.50' is set on object 'Object Repository/IWP30/Page_CCPaymentEntry/Amount'

2020-07-13 22:37:07 - [TEST_STEP][PASSED] - if (verifyElementPresent(findTestObject("Object Repository/IWP30/Page_CCPaymentEntry/UserDefined2"), 30)): null

2020-07-13 22:37:08 - [MESSAGE][PASSED] - Object 'Object Repository/IWP30/Page_CCPaymentEntry/UserDefined2' is present

2020-07-13 22:37:08 - [TEST_STEP][PASSED] - if (!(CCUDF2.isEmpty())): Text 'Number 2' is set on object 'Object Repository/IWP30/Page_CCPaymentEntry/UserDefined2'

2020-07-13 22:37:08 - [TEST_STEP][PASSED] - setText(findTestObject("Object Repository/IWP30/Page_CCPaymentEntry/UserDefined2"), CCUDF2): Text 'Number 2' is set on object 'Object Repository/IWP30/Page_CCPaymentEntry/UserDefined2'

2020-07-13 22:37:08 - [MESSAGE][PASSED] - Text 'Number 2' is set on object 'Object Repository/IWP30/Page_CCPaymentEntry/UserDefined2'

2020-07-13 22:37:08 - [TEST_STEP][PASSED] - if (verifyElementPresent(findTestObject("Object Repository/IWP30/Page_CCPaymentEntry/UserDefined3"), 30)): null

2020-07-13 22:37:09 - [MESSAGE][PASSED] - Object 'Object Repository/IWP30/Page_CCPaymentEntry/UserDefined3' is present

2020-07-13 22:37:09 - [TEST_STEP][PASSED] - if (!(CCUDF3.isEmpty())): Text 'Number 3' is set on object 'Object Repository/IWP30/Page_CCPaymentEntry/UserDefined3'

2020-07-13 22:37:09 - [TEST_STEP][PASSED] - setText(findTestObject("Object Repository/IWP30/Page_CCPaymentEntry/UserDefined3"), CCUDF3): Text 'Number 3' is set on object 'Object Repository/IWP30/Page_CCPaymentEntry/UserDefined3'

2020-07-13 22:37:09 - [MESSAGE][PASSED] - Text 'Number 3' is set on object 'Object Repository/IWP30/Page_CCPaymentEntry/UserDefined3'

2020-07-13 22:37:09 - [TEST_STEP][PASSED] - if (verifyElementPresent(findTestObject("Object Repository/IWP30/Page_CCPaymentEntry/UserDefined7"), 30)): null

2020-07-13 22:37:10 - [MESSAGE][PASSED] - Object 'Object Repository/IWP30/Page_CCPaymentEntry/UserDefined7' is present

2020-07-13 22:37:10 - [TEST_STEP][PASSED] - if (!(CCUDF7.isEmpty())): All options with label 'Orange' are selected in object 'Object Repository/IWP30/Page_CCPaymentEntry/UserDefined7' 

2020-07-13 22:37:10 - [TEST_STEP][PASSED] - selectOptionByLabel(findTestObject("Object Repository/IWP30/Page_CCPaymentEntry/UserDefined7"), CCUDF7, false): All options with label 'Orange' are selected in object 'Object Repository/IWP30/Page_CCPaymentEntry/UserDefined7' 

2020-07-13 22:37:10 - [MESSAGE][PASSED] - All options with label 'Orange' are selected in object 'Object Repository/IWP30/Page_CCPaymentEntry/UserDefined7' 

2020-07-13 22:37:10 - [TEST_STEP][PASSED] - if (verifyElementPresent(findTestObject("Object Repository/IWP30/Page_CCPaymentEntry/UserDefined8"), 30)): null

2020-07-13 22:37:11 - [MESSAGE][PASSED] - Object 'Object Repository/IWP30/Page_CCPaymentEntry/UserDefined8' is present

2020-07-13 22:37:11 - [TEST_STEP][PASSED] - if (!(CCUDF8.isEmpty())): All options with label 'Tennis' are selected in object 'Object Repository/IWP30/Page_CCPaymentEntry/UserDefined8' 

2020-07-13 22:37:11 - [TEST_STEP][PASSED] - selectOptionByLabel(findTestObject("Object Repository/IWP30/Page_CCPaymentEntry/UserDefined8"), CCUDF8, false): All options with label 'Tennis' are selected in object 'Object Repository/IWP30/Page_CCPaymentEntry/UserDefined8' 

2020-07-13 22:37:11 - [MESSAGE][PASSED] - All options with label 'Tennis' are selected in object 'Object Repository/IWP30/Page_CCPaymentEntry/UserDefined8' 

2020-07-13 22:37:11 - [TEST_STEP][PASSED] - if (verifyElementPresent(findTestObject("Object Repository/IWP30/Page_CCPaymentEntry/Name"), 30)): null

2020-07-13 22:37:12 - [MESSAGE][PASSED] - Object 'Object Repository/IWP30/Page_CCPaymentEntry/Name' is present

2020-07-13 22:37:12 - [TEST_STEP][PASSED] - if (!(CCName.isEmpty())): Text 'Mera Naam' is set on object 'Object Repository/IWP30/Page_CCPaymentEntry/Name'

2020-07-13 22:37:12 - [TEST_STEP][PASSED] - setText(findTestObject("Object Repository/IWP30/Page_CCPaymentEntry/Name"), CCName): Text 'Mera Naam' is set on object 'Object Repository/IWP30/Page_CCPaymentEntry/Name'

2020-07-13 22:37:12 - [MESSAGE][PASSED] - Text 'Mera Naam' is set on object 'Object Repository/IWP30/Page_CCPaymentEntry/Name'

2020-07-13 22:37:12 - [TEST_STEP][PASSED] - if (verifyElementPresent(findTestObject("Object Repository/IWP30/Page_CCPaymentEntry/CardNumber"), 30)): null

2020-07-13 22:37:13 - [MESSAGE][PASSED] - Object 'Object Repository/IWP30/Page_CCPaymentEntry/CardNumber' is present

2020-07-13 22:37:13 - [TEST_STEP][PASSED] - if (!(CCCardNum.isEmpty())): Text '5844444444444441' is set on object 'Object Repository/IWP30/Page_CCPaymentEntry/CardNumber'

2020-07-13 22:37:13 - [TEST_STEP][PASSED] - setText(findTestObject("Object Repository/IWP30/Page_CCPaymentEntry/CardNumber"), CCCardNum): Text '5844444444444441' is set on object 'Object Repository/IWP30/Page_CCPaymentEntry/CardNumber'

2020-07-13 22:37:13 - [MESSAGE][PASSED] - Text '5844444444444441' is set on object 'Object Repository/IWP30/Page_CCPaymentEntry/CardNumber'

2020-07-13 22:37:13 - [TEST_STEP][PASSED] - if (verifyElementPresent(findTestObject("Object Repository/IWP30/Page_CCPaymentEntry/SPC"), 30)): null

2020-07-13 22:37:14 - [MESSAGE][PASSED] - Object 'Object Repository/IWP30/Page_CCPaymentEntry/SPC' is present

2020-07-13 22:37:14 - [TEST_STEP][PASSED] - if (!(CCSPC.isEmpty())): Text '1234' is set on object 'Object Repository/IWP30/Page_CCPaymentEntry/SPC'

2020-07-13 22:37:14 - [TEST_STEP][PASSED] - setText(findTestObject("Object Repository/IWP30/Page_CCPaymentEntry/SPC"), CCSPC): Text '1234' is set on object 'Object Repository/IWP30/Page_CCPaymentEntry/SPC'

2020-07-13 22:37:14 - [MESSAGE][PASSED] - Text '1234' is set on object 'Object Repository/IWP30/Page_CCPaymentEntry/SPC'

2020-07-13 22:37:14 - [TEST_STEP][PASSED] - if (verifyElementPresent(findTestObject("Object Repository/IWP30/Page_CCPaymentEntry/Month"), 30)): null

2020-07-13 22:37:15 - [MESSAGE][PASSED] - Object 'Object Repository/IWP30/Page_CCPaymentEntry/Month' is present

2020-07-13 22:37:15 - [TEST_STEP][PASSED] - if (!(CCExpM.isEmpty())): All options with label '09' are selected in object 'Object Repository/IWP30/Page_CCPaymentEntry/Month' 

2020-07-13 22:37:15 - [TEST_STEP][PASSED] - selectOptionByLabel(findTestObject("Object Repository/IWP30/Page_CCPaymentEntry/Month"), CCExpM, false): All options with label '09' are selected in object 'Object Repository/IWP30/Page_CCPaymentEntry/Month' 

2020-07-13 22:37:15 - [MESSAGE][PASSED] - All options with label '09' are selected in object 'Object Repository/IWP30/Page_CCPaymentEntry/Month' 

2020-07-13 22:37:15 - [TEST_STEP][PASSED] - if (verifyElementPresent(findTestObject("Object Repository/IWP30/Page_CCPaymentEntry/Year"), 30)): null

2020-07-13 22:37:16 - [MESSAGE][PASSED] - Object 'Object Repository/IWP30/Page_CCPaymentEntry/Year' is present

2020-07-13 22:37:16 - [TEST_STEP][PASSED] - if (!(CCExpY.isEmpty())): All options with label '2023' are selected in object 'Object Repository/IWP30/Page_CCPaymentEntry/Year' 

2020-07-13 22:37:16 - [TEST_STEP][PASSED] - selectOptionByLabel(findTestObject("Object Repository/IWP30/Page_CCPaymentEntry/Year"), CCExpY, false): All options with label '2023' are selected in object 'Object Repository/IWP30/Page_CCPaymentEntry/Year' 

2020-07-13 22:37:16 - [MESSAGE][PASSED] - All options with label '2023' are selected in object 'Object Repository/IWP30/Page_CCPaymentEntry/Year' 

2020-07-13 22:37:16 - [TEST_STEP][PASSED] - if (verifyElementPresent(findTestObject("Object Repository/IWP30/Page_CCPaymentEntry/ProcessDate"), 30)): null

2020-07-13 22:37:17 - [MESSAGE][PASSED] - Object 'Object Repository/IWP30/Page_CCPaymentEntry/ProcessDate' is present

2020-07-13 22:37:17 - [TEST_STEP][PASSED] - if (!(CCDate.isEmpty())): null

2020-07-13 22:37:17 - [TEST_STEP][PASSED] - else: null

2020-07-13 22:37:17 - [TEST_STEP][PASSED] - println("CCDate is not present in the Excel Spreadsheet"): null

2020-07-13 22:37:17 - [TEST_STEP][PASSED] - if (verifyElementPresent(findTestObject("Object Repository/IWP30/Page_CCPaymentEntry/AL1"), 30)): null

2020-07-13 22:37:17 - [MESSAGE][PASSED] - Object 'Object Repository/IWP30/Page_CCPaymentEntry/AL1' is present

2020-07-13 22:37:17 - [TEST_STEP][PASSED] - if (!(CCAL1.isEmpty())): Text 'Mera AL1' is set on object 'Object Repository/IWP30/Page_CCPaymentEntry/AL1'

2020-07-13 22:37:17 - [TEST_STEP][PASSED] - setText(findTestObject("Object Repository/IWP30/Page_CCPaymentEntry/AL1"), CCAL1): Text 'Mera AL1' is set on object 'Object Repository/IWP30/Page_CCPaymentEntry/AL1'

2020-07-13 22:37:18 - [MESSAGE][PASSED] - Text 'Mera AL1' is set on object 'Object Repository/IWP30/Page_CCPaymentEntry/AL1'

2020-07-13 22:37:18 - [TEST_STEP][PASSED] - if (verifyElementPresent(findTestObject("Object Repository/IWP30/Page_CCPaymentEntry/AL2"), 30)): null

2020-07-13 22:37:18 - [MESSAGE][PASSED] - Object 'Object Repository/IWP30/Page_CCPaymentEntry/AL2' is present

2020-07-13 22:37:18 - [TEST_STEP][PASSED] - if (!(CCAL2.isEmpty())): Text 'Mera AL2' is set on object 'Object Repository/IWP30/Page_CCPaymentEntry/AL2'

2020-07-13 22:37:18 - [TEST_STEP][PASSED] - setText(findTestObject("Object Repository/IWP30/Page_CCPaymentEntry/AL2"), CCAL2): Text 'Mera AL2' is set on object 'Object Repository/IWP30/Page_CCPaymentEntry/AL2'

2020-07-13 22:37:19 - [MESSAGE][PASSED] - Text 'Mera AL2' is set on object 'Object Repository/IWP30/Page_CCPaymentEntry/AL2'

2020-07-13 22:37:19 - [TEST_STEP][PASSED] - if (verifyElementPresent(findTestObject("Object Repository/IWP30/Page_CCPaymentEntry/ZIP"), 30)): null

2020-07-13 22:37:19 - [MESSAGE][PASSED] - Object 'Object Repository/IWP30/Page_CCPaymentEntry/ZIP' is present

2020-07-13 22:37:19 - [TEST_STEP][PASSED] - if (!(CCZIP.isEmpty())): Text '21054' is set on object 'Object Repository/IWP30/Page_CCPaymentEntry/ZIP'

2020-07-13 22:37:19 - [TEST_STEP][PASSED] - setText(findTestObject("Object Repository/IWP30/Page_CCPaymentEntry/ZIP"), CCZIP): Text '21054' is set on object 'Object Repository/IWP30/Page_CCPaymentEntry/ZIP'

2020-07-13 22:37:20 - [MESSAGE][PASSED] - Text '21054' is set on object 'Object Repository/IWP30/Page_CCPaymentEntry/ZIP'

2020-07-13 22:37:20 - [TEST_STEP][PASSED] - if (verifyElementPresent(findTestObject("Object Repository/IWP30/Page_CCPaymentEntry/EmailAddress"), 30)): null

2020-07-13 22:37:20 - [MESSAGE][PASSED] - Object 'Object Repository/IWP30/Page_CCPaymentEntry/EmailAddress' is present

2020-07-13 22:37:20 - [TEST_STEP][PASSED] - if (!(CCEmail.isEmpty())): Text 'merae@gmail.com' is set on object 'Object Repository/IWP30/Page_CCPaymentEntry/EmailAddress'

2020-07-13 22:37:20 - [TEST_STEP][PASSED] - setText(findTestObject("Object Repository/IWP30/Page_CCPaymentEntry/EmailAddress"), CCEmail): Text 'merae@gmail.com' is set on object 'Object Repository/IWP30/Page_CCPaymentEntry/EmailAddress'

2020-07-13 22:37:21 - [MESSAGE][PASSED] - Text 'merae@gmail.com' is set on object 'Object Repository/IWP30/Page_CCPaymentEntry/EmailAddress'

2020-07-13 22:37:21 - [TEST_STEP][PASSED] - if (verifyElementPresent(findTestObject("Object Repository/IWP30/Page_CCPaymentEntry/TermCondCheckBox"), 30)): null

2020-07-13 22:37:21 - [MESSAGE][PASSED] - Object 'Object Repository/IWP30/Page_CCPaymentEntry/TermCondCheckBox' is present

2020-07-13 22:37:21 - [TEST_STEP][PASSED] - check(findTestObject("Object Repository/IWP30/Page_CCPaymentEntry/TermCondCheckBox")): Object 'Object Repository/IWP30/Page_CCPaymentEntry/TermCondCheckBox' is checked

2020-07-13 22:37:22 - [MESSAGE][PASSED] - Object 'Object Repository/IWP30/Page_CCPaymentEntry/TermCondCheckBox' is checked

2020-07-13 22:37:22 - [TEST_STEP][PASSED] - if (verifyElementPresent(findTestObject("Object Repository/IWP30/Page_CCPaymentEntry/ContinueButton"), 30)): null

2020-07-13 22:37:22 - [MESSAGE][PASSED] - Object 'Object Repository/IWP30/Page_CCPaymentEntry/ContinueButton' is present

2020-07-13 22:37:22 - [TEST_STEP][PASSED] - click(findTestObject("Object Repository/IWP30/Page_CCPaymentEntry/ContinueButton")): Object: 'Object Repository/IWP30/Page_CCPaymentEntry/ContinueButton' is clicked on

2020-07-13 22:37:23 - [MESSAGE][PASSED] - Object: 'Object Repository/IWP30/Page_CCPaymentEntry/ContinueButton' is clicked on

2020-07-13 22:37:23 - [TEST_STEP][FAILED] - if (verifyTextPresent("Please verify the following information", false)): Text 'Please verify the following information' is not present on page  (Root cause: com.kms.katalon.core.exception.StepFailedException: Text 'Please verify the following information' is not present on page 
	at com.kms.katalon.core.webui.keyword.internal.WebUIKeywordMain.stepFailed(WebUIKeywordMain.groovy:64)
	at com.kms.katalon.core.webui.keyword.builtin.VerifyTextPresentKeyword$_verifyTextPresent_closure1.doCall(VerifyTextPresentKeyword.groovy:79)
	at com.kms.katalon.core.webui.keyword.builtin.VerifyTextPresentKeyword$_verifyTextPresent_closure1.call(VerifyTextPresentKeyword.groovy)
	at com.kms.katalon.core.webui.keyword.internal.WebUIKeywordMain.runKeyword(WebUIKeywordMain.groovy:20)
	at com.kms.katalon.core.webui.keyword.builtin.VerifyTextPresentKeyword.verifyTextPresent(VerifyTextPresentKeyword.groovy:83)
	at com.kms.katalon.core.webui.keyword.builtin.VerifyTextPresentKeyword.execute(VerifyTextPresentKeyword.groovy:68)
	at com.kms.katalon.core.keyword.internal.KeywordExecutor.executeKeywordForPlatform(KeywordExecutor.groovy:72)
	at com.kms.katalon.core.webui.keyword.WebUiBuiltInKeywords.verifyTextPresent(WebUiBuiltInKeywords.groovy:1719)
	at com.kms.katalon.core.webui.keyword.WebUiBuiltInKeywords$verifyTextPresent$8.call(Unknown Source)
	at PayNowReqFieldsCC.run(PayNowReqFieldsCC:567)
	at com.kms.katalon.core.main.ScriptEngine.run(ScriptEngine.java:194)
	at com.kms.katalon.core.main.ScriptEngine.runScriptAsRawText(ScriptEngine.java:119)
	at com.kms.katalon.core.main.TestCaseExecutor.runScript(TestCaseExecutor.java:337)
	at com.kms.katalon.core.main.TestCaseExecutor.doExecute(TestCaseExecutor.java:328)
	at com.kms.katalon.core.main.TestCaseExecutor.processExecutionPhase(TestCaseExecutor.java:307)
	at com.kms.katalon.core.main.TestCaseExecutor.accessMainPhase(TestCaseExecutor.java:299)
	at com.kms.katalon.core.main.TestCaseExecutor.execute(TestCaseExecutor.java:233)
	at com.kms.katalon.core.main.TestSuiteExecutor.accessTestCaseMainPhase(TestSuiteExecutor.java:169)
	at com.kms.katalon.core.main.TestSuiteExecutor.accessTestSuiteMainPhase(TestSuiteExecutor.java:142)
	at com.kms.katalon.core.main.TestSuiteExecutor.execute(TestSuiteExecutor.java:91)
	at com.kms.katalon.core.main.TestCaseMain.startTestSuite(TestCaseMain.java:157)
	at com.kms.katalon.core.main.TestCaseMain$startTestSuite$0.call(Unknown Source)
	at TempTestSuite1594693683341.run(TempTestSuite1594693683341.groovy:37)
)

2020-07-13 22:37:24 - [MESSAGE][FAILED] - Text 'Please verify the following information' is not present on page  (Root cause: com.kms.katalon.core.exception.StepFailedException: Text 'Please verify the following information' is not present on page 
	at com.kms.katalon.core.webui.keyword.internal.WebUIKeywordMain.stepFailed(WebUIKeywordMain.groovy:64)
	at com.kms.katalon.core.webui.keyword.builtin.VerifyTextPresentKeyword$_verifyTextPresent_closure1.doCall(VerifyTextPresentKeyword.groovy:79)
	at com.kms.katalon.core.webui.keyword.builtin.VerifyTextPresentKeyword$_verifyTextPresent_closure1.call(VerifyTextPresentKeyword.groovy)
	at com.kms.katalon.core.webui.keyword.internal.WebUIKeywordMain.runKeyword(WebUIKeywordMain.groovy:20)
	at com.kms.katalon.core.webui.keyword.builtin.VerifyTextPresentKeyword.verifyTextPresent(VerifyTextPresentKeyword.groovy:83)
	at com.kms.katalon.core.webui.keyword.builtin.VerifyTextPresentKeyword.execute(VerifyTextPresentKeyword.groovy:68)
	at com.kms.katalon.core.keyword.internal.KeywordExecutor.executeKeywordForPlatform(KeywordExecutor.groovy:72)
	at com.kms.katalon.core.webui.keyword.WebUiBuiltInKeywords.verifyTextPresent(WebUiBuiltInKeywords.groovy:1719)
	at com.kms.katalon.core.webui.keyword.WebUiBuiltInKeywords$verifyTextPresent$8.call(Unknown Source)
	at PayNowReqFieldsCC.run(PayNowReqFieldsCC:567)
	at com.kms.katalon.core.main.ScriptEngine.run(ScriptEngine.java:194)
	at com.kms.katalon.core.main.ScriptEngine.runScriptAsRawText(ScriptEngine.java:119)
	at com.kms.katalon.core.main.TestCaseExecutor.runScript(TestCaseExecutor.java:337)
	at com.kms.katalon.core.main.TestCaseExecutor.doExecute(TestCaseExecutor.java:328)
	at com.kms.katalon.core.main.TestCaseExecutor.processExecutionPhase(TestCaseExecutor.java:307)
	at com.kms.katalon.core.main.TestCaseExecutor.accessMainPhase(TestCaseExecutor.java:299)
	at com.kms.katalon.core.main.TestCaseExecutor.execute(TestCaseExecutor.java:233)
	at com.kms.katalon.core.main.TestSuiteExecutor.accessTestCaseMainPhase(TestSuiteExecutor.java:169)
	at com.kms.katalon.core.main.TestSuiteExecutor.accessTestSuiteMainPhase(TestSuiteExecutor.java:142)
	at com.kms.katalon.core.main.TestSuiteExecutor.execute(TestSuiteExecutor.java:91)
	at com.kms.katalon.core.main.TestCaseMain.startTestSuite(TestCaseMain.java:157)
	at com.kms.katalon.core.main.TestCaseMain$startTestSuite$0.call(Unknown Source)
	at TempTestSuite1594693683341.run(TempTestSuite1594693683341.groovy:37)
)

2020-07-13 22:37:24 - [TEST_STEP][PASSED] - else: null

2020-07-13 22:37:24 - [TEST_STEP][FAILED] - if (verifyTextPresent("Is this information correct?", false)): Text 'Is this information correct?' is not present on page  (Root cause: com.kms.katalon.core.exception.StepFailedException: Text 'Is this information correct?' is not present on page 
	at com.kms.katalon.core.webui.keyword.internal.WebUIKeywordMain.stepFailed(WebUIKeywordMain.groovy:64)
	at com.kms.katalon.core.webui.keyword.builtin.VerifyTextPresentKeyword$_verifyTextPresent_closure1.doCall(VerifyTextPresentKeyword.groovy:79)
	at com.kms.katalon.core.webui.keyword.builtin.VerifyTextPresentKeyword$_verifyTextPresent_closure1.call(VerifyTextPresentKeyword.groovy)
	at com.kms.katalon.core.webui.keyword.internal.WebUIKeywordMain.runKeyword(WebUIKeywordMain.groovy:20)
	at com.kms.katalon.core.webui.keyword.builtin.VerifyTextPresentKeyword.verifyTextPresent(VerifyTextPresentKeyword.groovy:83)
	at com.kms.katalon.core.webui.keyword.builtin.VerifyTextPresentKeyword.execute(VerifyTextPresentKeyword.groovy:68)
	at com.kms.katalon.core.keyword.internal.KeywordExecutor.executeKeywordForPlatform(KeywordExecutor.groovy:72)
	at com.kms.katalon.core.webui.keyword.WebUiBuiltInKeywords.verifyTextPresent(WebUiBuiltInKeywords.groovy:1719)
	at com.kms.katalon.core.webui.keyword.WebUiBuiltInKeywords$verifyTextPresent$8.call(Unknown Source)
	at PayNowReqFieldsCC.run(PayNowReqFieldsCC:575)
	at com.kms.katalon.core.main.ScriptEngine.run(ScriptEngine.java:194)
	at com.kms.katalon.core.main.ScriptEngine.runScriptAsRawText(ScriptEngine.java:119)
	at com.kms.katalon.core.main.TestCaseExecutor.runScript(TestCaseExecutor.java:337)
	at com.kms.katalon.core.main.TestCaseExecutor.doExecute(TestCaseExecutor.java:328)
	at com.kms.katalon.core.main.TestCaseExecutor.processExecutionPhase(TestCaseExecutor.java:307)
	at com.kms.katalon.core.main.TestCaseExecutor.accessMainPhase(TestCaseExecutor.java:299)
	at com.kms.katalon.core.main.TestCaseExecutor.execute(TestCaseExecutor.java:233)
	at com.kms.katalon.core.main.TestSuiteExecutor.accessTestCaseMainPhase(TestSuiteExecutor.java:169)
	at com.kms.katalon.core.main.TestSuiteExecutor.accessTestSuiteMainPhase(TestSuiteExecutor.java:142)
	at com.kms.katalon.core.main.TestSuiteExecutor.execute(TestSuiteExecutor.java:91)
	at com.kms.katalon.core.main.TestCaseMain.startTestSuite(TestCaseMain.java:157)
	at com.kms.katalon.core.main.TestCaseMain$startTestSuite$0.call(Unknown Source)
	at TempTestSuite1594693683341.run(TempTestSuite1594693683341.groovy:37)
)

2020-07-13 22:37:24 - [MESSAGE][FAILED] - Text 'Is this information correct?' is not present on page  (Root cause: com.kms.katalon.core.exception.StepFailedException: Text 'Is this information correct?' is not present on page 
	at com.kms.katalon.core.webui.keyword.internal.WebUIKeywordMain.stepFailed(WebUIKeywordMain.groovy:64)
	at com.kms.katalon.core.webui.keyword.builtin.VerifyTextPresentKeyword$_verifyTextPresent_closure1.doCall(VerifyTextPresentKeyword.groovy:79)
	at com.kms.katalon.core.webui.keyword.builtin.VerifyTextPresentKeyword$_verifyTextPresent_closure1.call(VerifyTextPresentKeyword.groovy)
	at com.kms.katalon.core.webui.keyword.internal.WebUIKeywordMain.runKeyword(WebUIKeywordMain.groovy:20)
	at com.kms.katalon.core.webui.keyword.builtin.VerifyTextPresentKeyword.verifyTextPresent(VerifyTextPresentKeyword.groovy:83)
	at com.kms.katalon.core.webui.keyword.builtin.VerifyTextPresentKeyword.execute(VerifyTextPresentKeyword.groovy:68)
	at com.kms.katalon.core.keyword.internal.KeywordExecutor.executeKeywordForPlatform(KeywordExecutor.groovy:72)
	at com.kms.katalon.core.webui.keyword.WebUiBuiltInKeywords.verifyTextPresent(WebUiBuiltInKeywords.groovy:1719)
	at com.kms.katalon.core.webui.keyword.WebUiBuiltInKeywords$verifyTextPresent$8.call(Unknown Source)
	at PayNowReqFieldsCC.run(PayNowReqFieldsCC:575)
	at com.kms.katalon.core.main.ScriptEngine.run(ScriptEngine.java:194)
	at com.kms.katalon.core.main.ScriptEngine.runScriptAsRawText(ScriptEngine.java:119)
	at com.kms.katalon.core.main.TestCaseExecutor.runScript(TestCaseExecutor.java:337)
	at com.kms.katalon.core.main.TestCaseExecutor.doExecute(TestCaseExecutor.java:328)
	at com.kms.katalon.core.main.TestCaseExecutor.processExecutionPhase(TestCaseExecutor.java:307)
	at com.kms.katalon.core.main.TestCaseExecutor.accessMainPhase(TestCaseExecutor.java:299)
	at com.kms.katalon.core.main.TestCaseExecutor.execute(TestCaseExecutor.java:233)
	at com.kms.katalon.core.main.TestSuiteExecutor.accessTestCaseMainPhase(TestSuiteExecutor.java:169)
	at com.kms.katalon.core.main.TestSuiteExecutor.accessTestSuiteMainPhase(TestSuiteExecutor.java:142)
	at com.kms.katalon.core.main.TestSuiteExecutor.execute(TestSuiteExecutor.java:91)
	at com.kms.katalon.core.main.TestCaseMain.startTestSuite(TestCaseMain.java:157)
	at com.kms.katalon.core.main.TestCaseMain$startTestSuite$0.call(Unknown Source)
	at TempTestSuite1594693683341.run(TempTestSuite1594693683341.groovy:37)
)

2020-07-13 22:37:24 - [TEST_STEP][PASSED] - else: null

2020-07-13 22:37:24 - [TEST_STEP][PASSED] - println("Is this information correct text is not present on the Confirmation page"): null

2020-07-13 22:37:24 - [TEST_STEP][FAILED] - if (verifyElementPresent(findTestObject("Object Repository/IWP30/Page_Confirmation/ConfirmButton"), 30)): com.kms.katalon.core.webui.exception.WebElementNotFoundException: Web element with id: 'Object Repository/IWP30/Page_Confirmation/ConfirmButton' located by 'By.xpath: //*[@type = 'submit' and @name = 'confirmNotifyAction' and @id = 'submitYes' and @value = 'Confirm']' not found (Root cause: com.kms.katalon.core.exception.StepFailedException: com.kms.katalon.core.webui.exception.WebElementNotFoundException: Web element with id: 'Object Repository/IWP30/Page_Confirmation/ConfirmButton' located by 'By.xpath: //*[@type = 'submit' and @name = 'confirmNotifyAction' and @id = 'submitYes' and @value = 'Confirm']' not found
	at com.kms.katalon.core.webui.keyword.internal.WebUIKeywordMain.stepFailed(WebUIKeywordMain.groovy:64)
	at com.kms.katalon.core.webui.keyword.builtin.VerifyElementPresentKeyword$_verifyElementPresent_closure1.doCall(VerifyElementPresentKeyword.groovy:85)
	at com.kms.katalon.core.webui.keyword.builtin.VerifyElementPresentKeyword$_verifyElementPresent_closure1.call(VerifyElementPresentKeyword.groovy)
	at com.kms.katalon.core.webui.keyword.internal.WebUIKeywordMain.runKeyword(WebUIKeywordMain.groovy:20)
	at com.kms.katalon.core.webui.keyword.builtin.VerifyElementPresentKeyword.verifyElementPresent(VerifyElementPresentKeyword.groovy:92)
	at com.kms.katalon.core.webui.keyword.builtin.VerifyElementPresentKeyword.execute(VerifyElementPresentKeyword.groovy:68)
	at com.kms.katalon.core.keyword.internal.KeywordExecutor.executeKeywordForPlatform(KeywordExecutor.groovy:72)
	at com.kms.katalon.core.webui.keyword.WebUiBuiltInKeywords.verifyElementPresent(WebUiBuiltInKeywords.groovy:1460)
	at com.kms.katalon.core.webui.keyword.WebUiBuiltInKeywords$verifyElementPresent$5.call(Unknown Source)
	at PayNowReqFieldsCC.run(PayNowReqFieldsCC:583)
	at com.kms.katalon.core.main.ScriptEngine.run(ScriptEngine.java:194)
	at com.kms.katalon.core.main.ScriptEngine.runScriptAsRawText(ScriptEngine.java:119)
	at com.kms.katalon.core.main.TestCaseExecutor.runScript(TestCaseExecutor.java:337)
	at com.kms.katalon.core.main.TestCaseExecutor.doExecute(TestCaseExecutor.java:328)
	at com.kms.katalon.core.main.TestCaseExecutor.processExecutionPhase(TestCaseExecutor.java:307)
	at com.kms.katalon.core.main.TestCaseExecutor.accessMainPhase(TestCaseExecutor.java:299)
	at com.kms.katalon.core.main.TestCaseExecutor.execute(TestCaseExecutor.java:233)
	at com.kms.katalon.core.main.TestSuiteExecutor.accessTestCaseMainPhase(TestSuiteExecutor.java:169)
	at com.kms.katalon.core.main.TestSuiteExecutor.accessTestSuiteMainPhase(TestSuiteExecutor.java:142)
	at com.kms.katalon.core.main.TestSuiteExecutor.execute(TestSuiteExecutor.java:91)
	at com.kms.katalon.core.main.TestCaseMain.startTestSuite(TestCaseMain.java:157)
	at com.kms.katalon.core.main.TestCaseMain$startTestSuite$0.call(Unknown Source)
	at TempTestSuite1594693683341.run(TempTestSuite1594693683341.groovy:37)
)

2020-07-13 22:38:10 - [MESSAGE][INFO] - Unable to find the element located by 'By.xpath: //*[@type = 'submit' and @name = 'confirmNotifyAction' and @id = 'submitYes' and @value = 'Confirm']'. Please recheck the objects properties to make sure the desired element is located. 

2020-07-13 22:38:11 - [MESSAGE][FAILED] - com.kms.katalon.core.webui.exception.WebElementNotFoundException: Web element with id: 'Object Repository/IWP30/Page_Confirmation/ConfirmButton' located by 'By.xpath: //*[@type = 'submit' and @name = 'confirmNotifyAction' and @id = 'submitYes' and @value = 'Confirm']' not found (Root cause: com.kms.katalon.core.exception.StepFailedException: com.kms.katalon.core.webui.exception.WebElementNotFoundException: Web element with id: 'Object Repository/IWP30/Page_Confirmation/ConfirmButton' located by 'By.xpath: //*[@type = 'submit' and @name = 'confirmNotifyAction' and @id = 'submitYes' and @value = 'Confirm']' not found
	at com.kms.katalon.core.webui.keyword.internal.WebUIKeywordMain.stepFailed(WebUIKeywordMain.groovy:64)
	at com.kms.katalon.core.webui.keyword.builtin.VerifyElementPresentKeyword$_verifyElementPresent_closure1.doCall(VerifyElementPresentKeyword.groovy:85)
	at com.kms.katalon.core.webui.keyword.builtin.VerifyElementPresentKeyword$_verifyElementPresent_closure1.call(VerifyElementPresentKeyword.groovy)
	at com.kms.katalon.core.webui.keyword.internal.WebUIKeywordMain.runKeyword(WebUIKeywordMain.groovy:20)
	at com.kms.katalon.core.webui.keyword.builtin.VerifyElementPresentKeyword.verifyElementPresent(VerifyElementPresentKeyword.groovy:92)
	at com.kms.katalon.core.webui.keyword.builtin.VerifyElementPresentKeyword.execute(VerifyElementPresentKeyword.groovy:68)
	at com.kms.katalon.core.keyword.internal.KeywordExecutor.executeKeywordForPlatform(KeywordExecutor.groovy:72)
	at com.kms.katalon.core.webui.keyword.WebUiBuiltInKeywords.verifyElementPresent(WebUiBuiltInKeywords.groovy:1460)
	at com.kms.katalon.core.webui.keyword.WebUiBuiltInKeywords$verifyElementPresent$5.call(Unknown Source)
	at PayNowReqFieldsCC.run(PayNowReqFieldsCC:583)
	at com.kms.katalon.core.main.ScriptEngine.run(ScriptEngine.java:194)
	at com.kms.katalon.core.main.ScriptEngine.runScriptAsRawText(ScriptEngine.java:119)
	at com.kms.katalon.core.main.TestCaseExecutor.runScript(TestCaseExecutor.java:337)
	at com.kms.katalon.core.main.TestCaseExecutor.doExecute(TestCaseExecutor.java:328)
	at com.kms.katalon.core.main.TestCaseExecutor.processExecutionPhase(TestCaseExecutor.java:307)
	at com.kms.katalon.core.main.TestCaseExecutor.accessMainPhase(TestCaseExecutor.java:299)
	at com.kms.katalon.core.main.TestCaseExecutor.execute(TestCaseExecutor.java:233)
	at com.kms.katalon.core.main.TestSuiteExecutor.accessTestCaseMainPhase(TestSuiteExecutor.java:169)
	at com.kms.katalon.core.main.TestSuiteExecutor.accessTestSuiteMainPhase(TestSuiteExecutor.java:142)
	at com.kms.katalon.core.main.TestSuiteExecutor.execute(TestSuiteExecutor.java:91)
	at com.kms.katalon.core.main.TestCaseMain.startTestSuite(TestCaseMain.java:157)
	at com.kms.katalon.core.main.TestCaseMain$startTestSuite$0.call(Unknown Source)
	at TempTestSuite1594693683341.run(TempTestSuite1594693683341.groovy:37)
)
[[ATTACHMENT|C:\\Users\\iahmed\\Documents\\VPS-Smoke-Version001\\Reports\\20200713_222803\\QA Smoke Test\\IWP30 Smoke TestSuite\\20200713_222803\\1594694290509.png]]

2020-07-13 22:38:11 - [TEST_STEP][PASSED] - else: null

2020-07-13 22:38:11 - [TEST_STEP][PASSED] - println("Confirm button is missing on the Confirmation page"): null

2020-07-13 22:38:11 - [TEST_STEP][PASSED] - Thread.sleep(10000): null

2020-07-13 22:38:21 - [TEST_STEP][FAILED] - if (verifyTextPresent("Successful Payment Receipt", false)): Text 'Successful Payment Receipt' is not present on page  (Root cause: com.kms.katalon.core.exception.StepFailedException: Text 'Successful Payment Receipt' is not present on page 
	at com.kms.katalon.core.webui.keyword.internal.WebUIKeywordMain.stepFailed(WebUIKeywordMain.groovy:64)
	at com.kms.katalon.core.webui.keyword.builtin.VerifyTextPresentKeyword$_verifyTextPresent_closure1.doCall(VerifyTextPresentKeyword.groovy:79)
	at com.kms.katalon.core.webui.keyword.builtin.VerifyTextPresentKeyword$_verifyTextPresent_closure1.call(VerifyTextPresentKeyword.groovy)
	at com.kms.katalon.core.webui.keyword.internal.WebUIKeywordMain.runKeyword(WebUIKeywordMain.groovy:20)
	at com.kms.katalon.core.webui.keyword.builtin.VerifyTextPresentKeyword.verifyTextPresent(VerifyTextPresentKeyword.groovy:83)
	at com.kms.katalon.core.webui.keyword.builtin.VerifyTextPresentKeyword.execute(VerifyTextPresentKeyword.groovy:68)
	at com.kms.katalon.core.keyword.internal.KeywordExecutor.executeKeywordForPlatform(KeywordExecutor.groovy:72)
	at com.kms.katalon.core.webui.keyword.WebUiBuiltInKeywords.verifyTextPresent(WebUiBuiltInKeywords.groovy:1719)
	at com.kms.katalon.core.webui.keyword.WebUiBuiltInKeywords$verifyTextPresent$8.call(Unknown Source)
	at PayNowReqFieldsCC.run(PayNowReqFieldsCC:598)
	at com.kms.katalon.core.main.ScriptEngine.run(ScriptEngine.java:194)
	at com.kms.katalon.core.main.ScriptEngine.runScriptAsRawText(ScriptEngine.java:119)
	at com.kms.katalon.core.main.TestCaseExecutor.runScript(TestCaseExecutor.java:337)
	at com.kms.katalon.core.main.TestCaseExecutor.doExecute(TestCaseExecutor.java:328)
	at com.kms.katalon.core.main.TestCaseExecutor.processExecutionPhase(TestCaseExecutor.java:307)
	at com.kms.katalon.core.main.TestCaseExecutor.accessMainPhase(TestCaseExecutor.java:299)
	at com.kms.katalon.core.main.TestCaseExecutor.execute(TestCaseExecutor.java:233)
	at com.kms.katalon.core.main.TestSuiteExecutor.accessTestCaseMainPhase(TestSuiteExecutor.java:169)
	at com.kms.katalon.core.main.TestSuiteExecutor.accessTestSuiteMainPhase(TestSuiteExecutor.java:142)
	at com.kms.katalon.core.main.TestSuiteExecutor.execute(TestSuiteExecutor.java:91)
	at com.kms.katalon.core.main.TestCaseMain.startTestSuite(TestCaseMain.java:157)
	at com.kms.katalon.core.main.TestCaseMain$startTestSuite$0.call(Unknown Source)
	at TempTestSuite1594693683341.run(TempTestSuite1594693683341.groovy:37)
)

2020-07-13 22:38:21 - [MESSAGE][FAILED] - Text 'Successful Payment Receipt' is not present on page  (Root cause: com.kms.katalon.core.exception.StepFailedException: Text 'Successful Payment Receipt' is not present on page 
	at com.kms.katalon.core.webui.keyword.internal.WebUIKeywordMain.stepFailed(WebUIKeywordMain.groovy:64)
	at com.kms.katalon.core.webui.keyword.builtin.VerifyTextPresentKeyword$_verifyTextPresent_closure1.doCall(VerifyTextPresentKeyword.groovy:79)
	at com.kms.katalon.core.webui.keyword.builtin.VerifyTextPresentKeyword$_verifyTextPresent_closure1.call(VerifyTextPresentKeyword.groovy)
	at com.kms.katalon.core.webui.keyword.internal.WebUIKeywordMain.runKeyword(WebUIKeywordMain.groovy:20)
	at com.kms.katalon.core.webui.keyword.builtin.VerifyTextPresentKeyword.verifyTextPresent(VerifyTextPresentKeyword.groovy:83)
	at com.kms.katalon.core.webui.keyword.builtin.VerifyTextPresentKeyword.execute(VerifyTextPresentKeyword.groovy:68)
	at com.kms.katalon.core.keyword.internal.KeywordExecutor.executeKeywordForPlatform(KeywordExecutor.groovy:72)
	at com.kms.katalon.core.webui.keyword.WebUiBuiltInKeywords.verifyTextPresent(WebUiBuiltInKeywords.groovy:1719)
	at com.kms.katalon.core.webui.keyword.WebUiBuiltInKeywords$verifyTextPresent$8.call(Unknown Source)
	at PayNowReqFieldsCC.run(PayNowReqFieldsCC:598)
	at com.kms.katalon.core.main.ScriptEngine.run(ScriptEngine.java:194)
	at com.kms.katalon.core.main.ScriptEngine.runScriptAsRawText(ScriptEngine.java:119)
	at com.kms.katalon.core.main.TestCaseExecutor.runScript(TestCaseExecutor.java:337)
	at com.kms.katalon.core.main.TestCaseExecutor.doExecute(TestCaseExecutor.java:328)
	at com.kms.katalon.core.main.TestCaseExecutor.processExecutionPhase(TestCaseExecutor.java:307)
	at com.kms.katalon.core.main.TestCaseExecutor.accessMainPhase(TestCaseExecutor.java:299)
	at com.kms.katalon.core.main.TestCaseExecutor.execute(TestCaseExecutor.java:233)
	at com.kms.katalon.core.main.TestSuiteExecutor.accessTestCaseMainPhase(TestSuiteExecutor.java:169)
	at com.kms.katalon.core.main.TestSuiteExecutor.accessTestSuiteMainPhase(TestSuiteExecutor.java:142)
	at com.kms.katalon.core.main.TestSuiteExecutor.execute(TestSuiteExecutor.java:91)
	at com.kms.katalon.core.main.TestCaseMain.startTestSuite(TestCaseMain.java:157)
	at com.kms.katalon.core.main.TestCaseMain$startTestSuite$0.call(Unknown Source)
	at TempTestSuite1594693683341.run(TempTestSuite1594693683341.groovy:37)
)

2020-07-13 22:38:21 - [TEST_STEP][PASSED] - else: null

2020-07-13 22:38:21 - [TEST_STEP][FAILED] - if (verifyTextPresent("Please print this receipt for your records", false)): Text 'Please print this receipt for your records' is not present on page  (Root cause: com.kms.katalon.core.exception.StepFailedException: Text 'Please print this receipt for your records' is not present on page 
	at com.kms.katalon.core.webui.keyword.internal.WebUIKeywordMain.stepFailed(WebUIKeywordMain.groovy:64)
	at com.kms.katalon.core.webui.keyword.builtin.VerifyTextPresentKeyword$_verifyTextPresent_closure1.doCall(VerifyTextPresentKeyword.groovy:79)
	at com.kms.katalon.core.webui.keyword.builtin.VerifyTextPresentKeyword$_verifyTextPresent_closure1.call(VerifyTextPresentKeyword.groovy)
	at com.kms.katalon.core.webui.keyword.internal.WebUIKeywordMain.runKeyword(WebUIKeywordMain.groovy:20)
	at com.kms.katalon.core.webui.keyword.builtin.VerifyTextPresentKeyword.verifyTextPresent(VerifyTextPresentKeyword.groovy:83)
	at com.kms.katalon.core.webui.keyword.builtin.VerifyTextPresentKeyword.execute(VerifyTextPresentKeyword.groovy:68)
	at com.kms.katalon.core.keyword.internal.KeywordExecutor.executeKeywordForPlatform(KeywordExecutor.groovy:72)
	at com.kms.katalon.core.webui.keyword.WebUiBuiltInKeywords.verifyTextPresent(WebUiBuiltInKeywords.groovy:1719)
	at com.kms.katalon.core.webui.keyword.WebUiBuiltInKeywords$verifyTextPresent$8.call(Unknown Source)
	at PayNowReqFieldsCC.run(PayNowReqFieldsCC:605)
	at com.kms.katalon.core.main.ScriptEngine.run(ScriptEngine.java:194)
	at com.kms.katalon.core.main.ScriptEngine.runScriptAsRawText(ScriptEngine.java:119)
	at com.kms.katalon.core.main.TestCaseExecutor.runScript(TestCaseExecutor.java:337)
	at com.kms.katalon.core.main.TestCaseExecutor.doExecute(TestCaseExecutor.java:328)
	at com.kms.katalon.core.main.TestCaseExecutor.processExecutionPhase(TestCaseExecutor.java:307)
	at com.kms.katalon.core.main.TestCaseExecutor.accessMainPhase(TestCaseExecutor.java:299)
	at com.kms.katalon.core.main.TestCaseExecutor.execute(TestCaseExecutor.java:233)
	at com.kms.katalon.core.main.TestSuiteExecutor.accessTestCaseMainPhase(TestSuiteExecutor.java:169)
	at com.kms.katalon.core.main.TestSuiteExecutor.accessTestSuiteMainPhase(TestSuiteExecutor.java:142)
	at com.kms.katalon.core.main.TestSuiteExecutor.execute(TestSuiteExecutor.java:91)
	at com.kms.katalon.core.main.TestCaseMain.startTestSuite(TestCaseMain.java:157)
	at com.kms.katalon.core.main.TestCaseMain$startTestSuite$0.call(Unknown Source)
	at TempTestSuite1594693683341.run(TempTestSuite1594693683341.groovy:37)
)

2020-07-13 22:38:21 - [MESSAGE][FAILED] - Text 'Please print this receipt for your records' is not present on page  (Root cause: com.kms.katalon.core.exception.StepFailedException: Text 'Please print this receipt for your records' is not present on page 
	at com.kms.katalon.core.webui.keyword.internal.WebUIKeywordMain.stepFailed(WebUIKeywordMain.groovy:64)
	at com.kms.katalon.core.webui.keyword.builtin.VerifyTextPresentKeyword$_verifyTextPresent_closure1.doCall(VerifyTextPresentKeyword.groovy:79)
	at com.kms.katalon.core.webui.keyword.builtin.VerifyTextPresentKeyword$_verifyTextPresent_closure1.call(VerifyTextPresentKeyword.groovy)
	at com.kms.katalon.core.webui.keyword.internal.WebUIKeywordMain.runKeyword(WebUIKeywordMain.groovy:20)
	at com.kms.katalon.core.webui.keyword.builtin.VerifyTextPresentKeyword.verifyTextPresent(VerifyTextPresentKeyword.groovy:83)
	at com.kms.katalon.core.webui.keyword.builtin.VerifyTextPresentKeyword.execute(VerifyTextPresentKeyword.groovy:68)
	at com.kms.katalon.core.keyword.internal.KeywordExecutor.executeKeywordForPlatform(KeywordExecutor.groovy:72)
	at com.kms.katalon.core.webui.keyword.WebUiBuiltInKeywords.verifyTextPresent(WebUiBuiltInKeywords.groovy:1719)
	at com.kms.katalon.core.webui.keyword.WebUiBuiltInKeywords$verifyTextPresent$8.call(Unknown Source)
	at PayNowReqFieldsCC.run(PayNowReqFieldsCC:605)
	at com.kms.katalon.core.main.ScriptEngine.run(ScriptEngine.java:194)
	at com.kms.katalon.core.main.ScriptEngine.runScriptAsRawText(ScriptEngine.java:119)
	at com.kms.katalon.core.main.TestCaseExecutor.runScript(TestCaseExecutor.java:337)
	at com.kms.katalon.core.main.TestCaseExecutor.doExecute(TestCaseExecutor.java:328)
	at com.kms.katalon.core.main.TestCaseExecutor.processExecutionPhase(TestCaseExecutor.java:307)
	at com.kms.katalon.core.main.TestCaseExecutor.accessMainPhase(TestCaseExecutor.java:299)
	at com.kms.katalon.core.main.TestCaseExecutor.execute(TestCaseExecutor.java:233)
	at com.kms.katalon.core.main.TestSuiteExecutor.accessTestCaseMainPhase(TestSuiteExecutor.java:169)
	at com.kms.katalon.core.main.TestSuiteExecutor.accessTestSuiteMainPhase(TestSuiteExecutor.java:142)
	at com.kms.katalon.core.main.TestSuiteExecutor.execute(TestSuiteExecutor.java:91)
	at com.kms.katalon.core.main.TestCaseMain.startTestSuite(TestCaseMain.java:157)
	at com.kms.katalon.core.main.TestCaseMain$startTestSuite$0.call(Unknown Source)
	at TempTestSuite1594693683341.run(TempTestSuite1594693683341.groovy:37)
)

2020-07-13 22:38:21 - [TEST_STEP][PASSED] - else: null

2020-07-13 22:38:21 - [TEST_STEP][PASSED] - if (verifyElementPresent(findTestObject("Object Repository/IWP30/Page_Receipt/ExitButton"), 30)): null

2020-07-13 22:38:22 - [MESSAGE][PASSED] - Object 'Object Repository/IWP30/Page_Receipt/ExitButton' is present

2020-07-13 22:38:22 - [TEST_STEP][PASSED] - println("Exit Button is present on the Receipt page"): null

2020-07-13 22:38:22 - [TEST_STEP][PASSED] - closeBrowser(): Browser is closed

2020-07-13 22:38:23 - [MESSAGE][PASSED] - Browser is closed

2020-07-13 22:38:23 - [TEST_STEP][PASSED] - try: null

2020-07-13 22:38:23 - [TEST_STEP][PASSED] - MV = findTestData("IWP30PayNowCC").getValue("MV", row): null

2020-07-13 22:38:23 - [TEST_STEP][PASSED] - println(MV): null

2020-07-13 22:38:23 - [TEST_STEP][PASSED] - Amount = findTestData("IWP30PayNowCC").getValue("Amount", row): null

2020-07-13 22:38:23 - [TEST_STEP][PASSED] - println(Amount): null

2020-07-13 22:38:23 - [TEST_STEP][PASSED] - CAN = findTestData("IWP30PayNowCC").getValue("CAN", row): null

2020-07-13 22:38:23 - [TEST_STEP][PASSED] - println(CAN): null

2020-07-13 22:38:23 - [TEST_STEP][PASSED] - Action = findTestData("IWP30PayNowCC").getValue("Action", row): null

2020-07-13 22:38:23 - [TEST_STEP][PASSED] - println(Action): null

2020-07-13 22:38:23 - [TEST_STEP][PASSED] - Lang = findTestData("IWP30PayNowCC").getValue("Lang", row): null

2020-07-13 22:38:23 - [TEST_STEP][PASSED] - println(Lang): null

2020-07-13 22:38:23 - [TEST_STEP][PASSED] - Fname = findTestData("IWP30PayNowCC").getValue("Fname", row): null

2020-07-13 22:38:23 - [TEST_STEP][PASSED] - println(Fname): null

2020-07-13 22:38:23 - [TEST_STEP][PASSED] - Lname = findTestData("IWP30PayNowCC").getValue("Lname", row): null

2020-07-13 22:38:23 - [TEST_STEP][PASSED] - println(Lname): null

2020-07-13 22:38:23 - [TEST_STEP][PASSED] - AL1 = findTestData("IWP30PayNowCC").getValue("AL1", row): null

2020-07-13 22:38:23 - [TEST_STEP][PASSED] - println(AL1): null

2020-07-13 22:38:23 - [TEST_STEP][PASSED] - AL2 = findTestData("IWP30PayNowCC").getValue("AL2", row): null

2020-07-13 22:38:23 - [TEST_STEP][PASSED] - println(AL2): null

2020-07-13 22:38:23 - [TEST_STEP][PASSED] - Country = findTestData("IWP30PayNowCC").getValue("Country", row): null

2020-07-13 22:38:23 - [TEST_STEP][PASSED] - println(Country): null

2020-07-13 22:38:23 - [TEST_STEP][PASSED] - City = findTestData("IWP30PayNowCC").getValue("City", row): null

2020-07-13 22:38:23 - [TEST_STEP][PASSED] - println(City): null

2020-07-13 22:38:23 - [TEST_STEP][PASSED] - State = findTestData("IWP30PayNowCC").getValue("State", row): null

2020-07-13 22:38:23 - [TEST_STEP][PASSED] - println(State): null

2020-07-13 22:38:23 - [TEST_STEP][PASSED] - ZIP = findTestData("IWP30PayNowCC").getValue("ZIP", row): null

2020-07-13 22:38:23 - [TEST_STEP][PASSED] - println(ZIP): null

2020-07-13 22:38:23 - [TEST_STEP][PASSED] - Order = findTestData("IWP30PayNowCC").getValue("Order", row): null

2020-07-13 22:38:23 - [TEST_STEP][PASSED] - println(Order): null

2020-07-13 22:38:23 - [TEST_STEP][PASSED] - CompanyName = findTestData("IWP30PayNowCC").getValue("CompanyName", row): null

2020-07-13 22:38:23 - [TEST_STEP][PASSED] - println(CompanyName): null

2020-07-13 22:38:23 - [TEST_STEP][PASSED] - Email = findTestData("IWP30PayNowCC").getValue("Email", row): null

2020-07-13 22:38:23 - [TEST_STEP][PASSED] - println(Email): null

2020-07-13 22:38:23 - [TEST_STEP][PASSED] - UDF1 = findTestData("IWP30PayNowCC").getValue("UDF1", row): null

2020-07-13 22:38:23 - [TEST_STEP][PASSED] - println(UDF1): null

2020-07-13 22:38:23 - [TEST_STEP][PASSED] - UDF2 = findTestData("IWP30PayNowCC").getValue("UDF2", row): null

2020-07-13 22:38:23 - [TEST_STEP][PASSED] - println(UDF2): null

2020-07-13 22:38:23 - [TEST_STEP][PASSED] - UDF3 = findTestData("IWP30PayNowCC").getValue("UDF3", row): null

2020-07-13 22:38:23 - [TEST_STEP][PASSED] - println(UDF3): null

2020-07-13 22:38:23 - [TEST_STEP][PASSED] - UDF4 = findTestData("IWP30PayNowCC").getValue("UDF4", row): null

2020-07-13 22:38:23 - [TEST_STEP][PASSED] - println(UDF4): null

2020-07-13 22:38:23 - [TEST_STEP][PASSED] - UDF5 = findTestData("IWP30PayNowCC").getValue("UDF5", row): null

2020-07-13 22:38:23 - [TEST_STEP][PASSED] - println(UDF5): null

2020-07-13 22:38:23 - [TEST_STEP][PASSED] - UDF6 = findTestData("IWP30PayNowCC").getValue("UDF6", row): null

2020-07-13 22:38:23 - [TEST_STEP][PASSED] - println(UDF6): null

2020-07-13 22:38:23 - [TEST_STEP][PASSED] - UDF7 = findTestData("IWP30PayNowCC").getValue("UDF7", row): null

2020-07-13 22:38:23 - [TEST_STEP][PASSED] - println(UDF7): null

2020-07-13 22:38:23 - [TEST_STEP][PASSED] - UDF8 = findTestData("IWP30PayNowCC").getValue("UDF8", row): null

2020-07-13 22:38:23 - [TEST_STEP][PASSED] - println(UDF8): null

2020-07-13 22:38:23 - [TEST_STEP][PASSED] - UDF9 = findTestData("IWP30PayNowCC").getValue("UDF9", row): null

2020-07-13 22:38:23 - [TEST_STEP][PASSED] - println(UDF9): null

2020-07-13 22:38:23 - [TEST_STEP][PASSED] - UDF10 = findTestData("IWP30PayNowCC").getValue("UDF10", row): null

2020-07-13 22:38:23 - [TEST_STEP][PASSED] - println(UDF10): null

2020-07-13 22:38:23 - [TEST_STEP][PASSED] - AppID = findTestData("IWP30PayNowCC").getValue("AppID", row): null

2020-07-13 22:38:23 - [TEST_STEP][PASSED] - println(AppID): null

2020-07-13 22:38:23 - [TEST_STEP][PASSED] - MessageVersion = findTestData("IWP30PayNowCC").getValue("MessageVersion", row): null

2020-07-13 22:38:23 - [TEST_STEP][PASSED] - println(MessageVersion): null

2020-07-13 22:38:23 - [TEST_STEP][PASSED] - CCAmount = findTestData("IWP30PayNowCC").getValue("CCAmount", row): null

2020-07-13 22:38:23 - [TEST_STEP][PASSED] - println(CCAmount): null

2020-07-13 22:38:23 - [TEST_STEP][PASSED] - CCUDF1 = findTestData("IWP30PayNowCC").getValue("CCUDF1", row): null

2020-07-13 22:38:23 - [TEST_STEP][PASSED] - println(CCUDF1): null

2020-07-13 22:38:23 - [TEST_STEP][PASSED] - CCUDF2 = findTestData("IWP30PayNowCC").getValue("CCUDF2", row): null

2020-07-13 22:38:23 - [TEST_STEP][PASSED] - println(CCUDF2): null

2020-07-13 22:38:23 - [TEST_STEP][PASSED] - CCUDF3 = findTestData("IWP30PayNowCC").getValue("CCUDF3", row): null

2020-07-13 22:38:23 - [TEST_STEP][PASSED] - println(CCUDF3): null

2020-07-13 22:38:23 - [TEST_STEP][PASSED] - CCUDF4 = findTestData("IWP30PayNowCC").getValue("CCUDF4", row): null

2020-07-13 22:38:23 - [TEST_STEP][PASSED] - println(CCUDF4): null

2020-07-13 22:38:23 - [TEST_STEP][PASSED] - CCUDF5 = findTestData("IWP30PayNowCC").getValue("CCUDF5", row): null

2020-07-13 22:38:23 - [TEST_STEP][PASSED] - println(CCUDF5): null

2020-07-13 22:38:23 - [TEST_STEP][PASSED] - CCUDF6 = findTestData("IWP30PayNowCC").getValue("CCUDF6", row): null

2020-07-13 22:38:23 - [TEST_STEP][PASSED] - println(CCUDF6): null

2020-07-13 22:38:23 - [TEST_STEP][PASSED] - CCUDF7 = findTestData("IWP30PayNowCC").getValue("CCUDF7", row): null

2020-07-13 22:38:23 - [TEST_STEP][PASSED] - println(CCUDF7): null

2020-07-13 22:38:23 - [TEST_STEP][PASSED] - CCUDF8 = findTestData("IWP30PayNowCC").getValue("CCUDF8", row): null

2020-07-13 22:38:23 - [TEST_STEP][PASSED] - println(CCUDF8): null

2020-07-13 22:38:23 - [TEST_STEP][PASSED] - CCUDF9 = findTestData("IWP30PayNowCC").getValue("CCUDF9", row): null

2020-07-13 22:38:23 - [TEST_STEP][PASSED] - println(CCUDF9): null

2020-07-13 22:38:23 - [TEST_STEP][PASSED] - CCUDF10 = findTestData("IWP30PayNowCC").getValue("CCUDF10", row): null

2020-07-13 22:38:23 - [TEST_STEP][PASSED] - println(CCUDF10): null

2020-07-13 22:38:23 - [TEST_STEP][PASSED] - CCName = findTestData("IWP30PayNowCC").getValue("CCName", row): null

2020-07-13 22:38:24 - [TEST_STEP][PASSED] - println(CCName): null

2020-07-13 22:38:24 - [TEST_STEP][PASSED] - CCCardNum = findTestData("IWP30PayNowCC").getValue("CCCardNum", row): null

2020-07-13 22:38:24 - [TEST_STEP][PASSED] - println(CCCardNum): null

2020-07-13 22:38:24 - [TEST_STEP][PASSED] - CCSPC = findTestData("IWP30PayNowCC").getValue("CCSPC", row): null

2020-07-13 22:38:24 - [TEST_STEP][PASSED] - println(CCSPC): null

2020-07-13 22:38:24 - [TEST_STEP][PASSED] - CCExpM = findTestData("IWP30PayNowCC").getValue("CCExpM", row): null

2020-07-13 22:38:24 - [TEST_STEP][PASSED] - println(CCExpM): null

2020-07-13 22:38:24 - [TEST_STEP][PASSED] - CCExpY = findTestData("IWP30PayNowCC").getValue("CCExpY", row): null

2020-07-13 22:38:24 - [TEST_STEP][PASSED] - println(CCExpY): null

2020-07-13 22:38:24 - [TEST_STEP][PASSED] - CCDate = findTestData("IWP30PayNowCC").getValue("CCDate", row): null

2020-07-13 22:38:24 - [TEST_STEP][PASSED] - println(CCDate): null

2020-07-13 22:38:24 - [TEST_STEP][PASSED] - CCAL1 = findTestData("IWP30PayNowCC").getValue("CCAL1", row): null

2020-07-13 22:38:24 - [TEST_STEP][PASSED] - println(CCAL1): null

2020-07-13 22:38:24 - [TEST_STEP][PASSED] - CCAL2 = findTestData("IWP30PayNowCC").getValue("CCAL2", row): null

2020-07-13 22:38:24 - [TEST_STEP][PASSED] - println(CCAL2): null

2020-07-13 22:38:24 - [TEST_STEP][PASSED] - CCZIP = findTestData("IWP30PayNowCC").getValue("CCZIP", row): null

2020-07-13 22:38:24 - [TEST_STEP][PASSED] - println(CCZIP): null

2020-07-13 22:38:24 - [TEST_STEP][PASSED] - CCEmail = findTestData("IWP30PayNowCC").getValue("CCEmail", row): null

2020-07-13 22:38:24 - [TEST_STEP][PASSED] - println(CCEmail): null

2020-07-13 22:38:24 - [TEST_STEP][PASSED] - openBrowser("https://qa.velocitypayment.com/agency/config.do?action=editor"): Browser is opened with url: 'https://qa.velocitypayment.com/agency/config.do?action=editor'

2020-07-13 22:38:24 - [MESSAGE][INFO] - Starting 'Chrome' driver

2020-07-13 22:38:24 - [MESSAGE][INFO] - User set preference: ['acceptInsecureCerts', 'true']

2020-07-13 22:38:24 - [MESSAGE][INFO] - Action delay is set to 0 milliseconds

2020-07-13 22:38:28 - [MESSAGE][PASSED] - Browser is opened with url: 'https://qa.velocitypayment.com/agency/config.do?action=editor'

2020-07-13 22:38:28 - [TEST_STEP][PASSED] - maximizeWindow(): Current window maximized

2020-07-13 22:38:28 - [MESSAGE][PASSED] - Current window maximized

2020-07-13 22:38:28 - [TEST_STEP][PASSED] - selectOptionByValue(findTestObject("IWP30/Page_VRelay30Emulator/MV"), MV, true): All options with value '3.0' are selected in object 'Object Repository/IWP30/Page_VRelay30Emulator/MV'  using regular expression

2020-07-13 22:38:29 - [MESSAGE][PASSED] - All options with value '3.0' are selected in object 'Object Repository/IWP30/Page_VRelay30Emulator/MV'  using regular expression

2020-07-13 22:38:29 - [TEST_STEP][PASSED] - setText(findTestObject("IWP30/Page_VRelay30Emulator/Amount"), Amount): Text '35.50' is set on object 'Object Repository/IWP30/Page_VRelay30Emulator/Amount'

2020-07-13 22:38:30 - [MESSAGE][PASSED] - Text '35.50' is set on object 'Object Repository/IWP30/Page_VRelay30Emulator/Amount'

2020-07-13 22:38:30 - [TEST_STEP][PASSED] - setText(findTestObject("IWP30/Page_VRelay30Emulator/CAN"), CAN): Text '26412109' is set on object 'Object Repository/IWP30/Page_VRelay30Emulator/CAN'

2020-07-13 22:38:30 - [MESSAGE][PASSED] - Text '26412109' is set on object 'Object Repository/IWP30/Page_VRelay30Emulator/CAN'

2020-07-13 22:38:30 - [TEST_STEP][PASSED] - setText(findTestObject("IWP30/Page_VRelay30Emulator/Action"), Action): Text 'PayNow' is set on object 'Object Repository/IWP30/Page_VRelay30Emulator/Action'

2020-07-13 22:38:31 - [MESSAGE][PASSED] - Text 'PayNow' is set on object 'Object Repository/IWP30/Page_VRelay30Emulator/Action'

2020-07-13 22:38:31 - [TEST_STEP][PASSED] - setText(findTestObject("IWP30/Page_VRelay30Emulator/Lang"), Lang): Text 'en_US' is set on object 'Object Repository/IWP30/Page_VRelay30Emulator/Lang'

2020-07-13 22:38:31 - [MESSAGE][PASSED] - Text 'en_US' is set on object 'Object Repository/IWP30/Page_VRelay30Emulator/Lang'

2020-07-13 22:38:31 - [TEST_STEP][PASSED] - setText(findTestObject("IWP30/Page_VRelay30Emulator/Fname"), Fname): Text 'Jonty' is set on object 'Object Repository/IWP30/Page_VRelay30Emulator/Fname'

2020-07-13 22:38:32 - [MESSAGE][PASSED] - Text 'Jonty' is set on object 'Object Repository/IWP30/Page_VRelay30Emulator/Fname'

2020-07-13 22:38:32 - [TEST_STEP][PASSED] - setText(findTestObject("IWP30/Page_VRelay30Emulator/Lname"), Lname): Text 'Smith' is set on object 'Object Repository/IWP30/Page_VRelay30Emulator/Lname'

2020-07-13 22:38:33 - [MESSAGE][PASSED] - Text 'Smith' is set on object 'Object Repository/IWP30/Page_VRelay30Emulator/Lname'

2020-07-13 22:38:33 - [TEST_STEP][PASSED] - setText(findTestObject("IWP30/Page_VRelay30Emulator/AL1"), AL1): Text '15 Elm St' is set on object 'Object Repository/IWP30/Page_VRelay30Emulator/AL1'

2020-07-13 22:38:33 - [MESSAGE][PASSED] - Text '15 Elm St' is set on object 'Object Repository/IWP30/Page_VRelay30Emulator/AL1'

2020-07-13 22:38:33 - [TEST_STEP][PASSED] - setText(findTestObject("IWP30/Page_VRelay30Emulator/AL2"), AL2): Text 'Suite 600' is set on object 'Object Repository/IWP30/Page_VRelay30Emulator/AL2'

2020-07-13 22:38:34 - [MESSAGE][PASSED] - Text 'Suite 600' is set on object 'Object Repository/IWP30/Page_VRelay30Emulator/AL2'

2020-07-13 22:38:34 - [TEST_STEP][PASSED] - setText(findTestObject("IWP30/Page_VRelay30Emulator/Country"), Country): Text '840' is set on object 'Object Repository/IWP30/Page_VRelay30Emulator/Country'

2020-07-13 22:38:35 - [MESSAGE][PASSED] - Text '840' is set on object 'Object Repository/IWP30/Page_VRelay30Emulator/Country'

2020-07-13 22:38:35 - [TEST_STEP][PASSED] - setText(findTestObject("IWP30/Page_VRelay30Emulator/City"), City): Text 'Gambrills' is set on object 'Object Repository/IWP30/Page_VRelay30Emulator/City'

2020-07-13 22:38:35 - [MESSAGE][PASSED] - Text 'Gambrills' is set on object 'Object Repository/IWP30/Page_VRelay30Emulator/City'

2020-07-13 22:38:35 - [TEST_STEP][PASSED] - setText(findTestObject("IWP30/Page_VRelay30Emulator/State"), State): Text 'MD' is set on object 'Object Repository/IWP30/Page_VRelay30Emulator/State'

2020-07-13 22:38:36 - [MESSAGE][PASSED] - Text 'MD' is set on object 'Object Repository/IWP30/Page_VRelay30Emulator/State'

2020-07-13 22:38:36 - [TEST_STEP][PASSED] - setText(findTestObject("IWP30/Page_VRelay30Emulator/ZIP"), ZIP): Text '21054' is set on object 'Object Repository/IWP30/Page_VRelay30Emulator/ZIP'

2020-07-13 22:38:37 - [MESSAGE][PASSED] - Text '21054' is set on object 'Object Repository/IWP30/Page_VRelay30Emulator/ZIP'

2020-07-13 22:38:37 - [TEST_STEP][PASSED] - setText(findTestObject("IWP30/Page_VRelay30Emulator/Order"), Order): Text '' is set on object 'Object Repository/IWP30/Page_VRelay30Emulator/Order'

2020-07-13 22:38:37 - [MESSAGE][PASSED] - Text '' is set on object 'Object Repository/IWP30/Page_VRelay30Emulator/Order'

2020-07-13 22:38:37 - [TEST_STEP][PASSED] - setText(findTestObject("IWP30/Page_VRelay30Emulator/Company"), CompanyName): Text '' is set on object 'Object Repository/IWP30/Page_VRelay30Emulator/Company'

2020-07-13 22:38:38 - [MESSAGE][PASSED] - Text '' is set on object 'Object Repository/IWP30/Page_VRelay30Emulator/Company'

2020-07-13 22:38:38 - [TEST_STEP][PASSED] - setText(findTestObject("IWP30/Page_VRelay30Emulator/Email"), Email): Text 'iahmed@govolution.com' is set on object 'Object Repository/IWP30/Page_VRelay30Emulator/Email'

2020-07-13 22:38:39 - [MESSAGE][PASSED] - Text 'iahmed@govolution.com' is set on object 'Object Repository/IWP30/Page_VRelay30Emulator/Email'

2020-07-13 22:38:39 - [TEST_STEP][PASSED] - setText(findTestObject("IWP30/Page_VRelay30Emulator/UDF1"), UDF1): Text 'udf data 1' is set on object 'Object Repository/IWP30/Page_VRelay30Emulator/UDF1'

2020-07-13 22:38:40 - [MESSAGE][PASSED] - Text 'udf data 1' is set on object 'Object Repository/IWP30/Page_VRelay30Emulator/UDF1'

2020-07-13 22:38:40 - [TEST_STEP][PASSED] - setText(findTestObject("IWP30/Page_VRelay30Emulator/UDF2"), UDF2): Text 'udf data 2' is set on object 'Object Repository/IWP30/Page_VRelay30Emulator/UDF2'

2020-07-13 22:38:40 - [MESSAGE][PASSED] - Text 'udf data 2' is set on object 'Object Repository/IWP30/Page_VRelay30Emulator/UDF2'

2020-07-13 22:38:40 - [TEST_STEP][PASSED] - setText(findTestObject("IWP30/Page_VRelay30Emulator/UDF3"), UDF3): Text 'udf data 3' is set on object 'Object Repository/IWP30/Page_VRelay30Emulator/UDF3'

2020-07-13 22:38:41 - [MESSAGE][PASSED] - Text 'udf data 3' is set on object 'Object Repository/IWP30/Page_VRelay30Emulator/UDF3'

2020-07-13 22:38:41 - [TEST_STEP][PASSED] - setText(findTestObject("IWP30/Page_VRelay30Emulator/UDF4"), UDF4): Text 'udf data 4' is set on object 'Object Repository/IWP30/Page_VRelay30Emulator/UDF4'

2020-07-13 22:38:42 - [MESSAGE][PASSED] - Text 'udf data 4' is set on object 'Object Repository/IWP30/Page_VRelay30Emulator/UDF4'

2020-07-13 22:38:42 - [TEST_STEP][PASSED] - setText(findTestObject("IWP30/Page_VRelay30Emulator/UDF5"), UDF5): Text 'udf data 5' is set on object 'Object Repository/IWP30/Page_VRelay30Emulator/UDF5'

2020-07-13 22:38:42 - [MESSAGE][PASSED] - Text 'udf data 5' is set on object 'Object Repository/IWP30/Page_VRelay30Emulator/UDF5'

2020-07-13 22:38:42 - [TEST_STEP][PASSED] - setText(findTestObject("IWP30/Page_VRelay30Emulator/UDF6"), UDF6): Text 'udf data 6' is set on object 'Object Repository/IWP30/Page_VRelay30Emulator/UDF6'

2020-07-13 22:38:43 - [MESSAGE][PASSED] - Text 'udf data 6' is set on object 'Object Repository/IWP30/Page_VRelay30Emulator/UDF6'

2020-07-13 22:38:43 - [TEST_STEP][PASSED] - setText(findTestObject("IWP30/Page_VRelay30Emulator/UDF7"), UDF7): Text 'Orange' is set on object 'Object Repository/IWP30/Page_VRelay30Emulator/UDF7'

2020-07-13 22:38:44 - [MESSAGE][PASSED] - Text 'Orange' is set on object 'Object Repository/IWP30/Page_VRelay30Emulator/UDF7'

2020-07-13 22:38:44 - [TEST_STEP][PASSED] - setText(findTestObject("IWP30/Page_VRelay30Emulator/UDF8"), UDF8): Text 'Soccer' is set on object 'Object Repository/IWP30/Page_VRelay30Emulator/UDF8'

2020-07-13 22:38:45 - [MESSAGE][PASSED] - Text 'Soccer' is set on object 'Object Repository/IWP30/Page_VRelay30Emulator/UDF8'

2020-07-13 22:38:45 - [TEST_STEP][PASSED] - setText(findTestObject("IWP30/Page_VRelay30Emulator/UDF9"), UDF9): Text 'udf data 9' is set on object 'Object Repository/IWP30/Page_VRelay30Emulator/UDF9'

2020-07-13 22:38:45 - [MESSAGE][PASSED] - Text 'udf data 9' is set on object 'Object Repository/IWP30/Page_VRelay30Emulator/UDF9'

2020-07-13 22:38:45 - [TEST_STEP][PASSED] - setText(findTestObject("IWP30/Page_VRelay30Emulator/UDF10"), UDF10): Text 'udf data 10' is set on object 'Object Repository/IWP30/Page_VRelay30Emulator/UDF10'

2020-07-13 22:38:46 - [MESSAGE][PASSED] - Text 'udf data 10' is set on object 'Object Repository/IWP30/Page_VRelay30Emulator/UDF10'

2020-07-13 22:38:46 - [TEST_STEP][PASSED] - Thread.sleep(5000): null

2020-07-13 22:38:51 - [TEST_STEP][PASSED] - click(findTestObject("IWP30/Page_VRelay30Emulator/Submit")): Object: 'Object Repository/IWP30/Page_VRelay30Emulator/Submit' is clicked on

2020-07-13 22:38:52 - [MESSAGE][PASSED] - Object: 'Object Repository/IWP30/Page_VRelay30Emulator/Submit' is clicked on

2020-07-13 22:38:52 - [TEST_STEP][PASSED] - closeBrowser(): Browser is closed

2020-07-13 22:38:52 - [MESSAGE][PASSED] - Browser is closed

2020-07-13 22:38:52 - [TEST_STEP][PASSED] - openBrowser("https://dev-algorithm.govolution.com/vrelaytest/QA/version_2_2/vrelaytest.html"): Browser is opened with url: 'https://dev-algorithm.govolution.com/vrelaytest/QA/version_2_2/vrelaytest.html'

2020-07-13 22:38:52 - [MESSAGE][INFO] - Starting 'Chrome' driver

2020-07-13 22:38:52 - [MESSAGE][INFO] - User set preference: ['acceptInsecureCerts', 'true']

2020-07-13 22:38:52 - [MESSAGE][INFO] - Action delay is set to 0 milliseconds

2020-07-13 22:38:56 - [MESSAGE][PASSED] - Browser is opened with url: 'https://dev-algorithm.govolution.com/vrelaytest/QA/version_2_2/vrelaytest.html'

2020-07-13 22:38:56 - [TEST_STEP][PASSED] - maximizeWindow(): Current window maximized

2020-07-13 22:38:56 - [MESSAGE][PASSED] - Current window maximized

2020-07-13 22:38:56 - [TEST_STEP][PASSED] - genRemIDVoid = RandomStringUtils.random(12, true, true): null

2020-07-13 22:38:56 - [TEST_STEP][PASSED] - if (verifyElementPresent(findTestObject("Object Repository/IWP30/Page_QATestHarness/RemittanceID"), 30)): null

2020-07-13 22:38:57 - [MESSAGE][PASSED] - Object 'Object Repository/IWP30/Page_QATestHarness/RemittanceID' is present

2020-07-13 22:38:57 - [TEST_STEP][PASSED] - println("We are on Test Harness page, start populating"): null

2020-07-13 22:38:57 - [TEST_STEP][PASSED] - setText(findTestObject("Object Repository/IWP30/Page_QATestHarness/ApplicationID"), AppID): Text '649' is set on object 'Object Repository/IWP30/Page_QATestHarness/ApplicationID'

2020-07-13 22:38:57 - [MESSAGE][PASSED] - Text '649' is set on object 'Object Repository/IWP30/Page_QATestHarness/ApplicationID'

2020-07-13 22:38:57 - [TEST_STEP][PASSED] - setText(findTestObject("Object Repository/IWP30/Page_QATestHarness/MessageVersion"), MessageVersion): Text '3.0' is set on object 'Object Repository/IWP30/Page_QATestHarness/MessageVersion'

2020-07-13 22:38:58 - [MESSAGE][PASSED] - Text '3.0' is set on object 'Object Repository/IWP30/Page_QATestHarness/MessageVersion'

2020-07-13 22:38:58 - [TEST_STEP][PASSED] - setText(findTestObject("Object Repository/IWP30/Page_QATestHarness/RemittanceID"), genRemIDVoid): Text 'hMBESScw0Sri' is set on object 'Object Repository/IWP30/Page_QATestHarness/RemittanceID'

2020-07-13 22:38:59 - [MESSAGE][PASSED] - Text 'hMBESScw0Sri' is set on object 'Object Repository/IWP30/Page_QATestHarness/RemittanceID'

2020-07-13 22:38:59 - [TEST_STEP][PASSED] - click(findTestObject("Object Repository/IWP30/Page_QATestHarness/SubmitButton")): Object: 'Object Repository/IWP30/Page_QATestHarness/SubmitButton' is clicked on

2020-07-13 22:39:00 - [MESSAGE][PASSED] - Object: 'Object Repository/IWP30/Page_QATestHarness/SubmitButton' is clicked on

2020-07-13 22:39:00 - [TEST_STEP][PASSED] - if (verifyElementPresent(findTestObject("Object Repository/IWP30/Page_SelectPaymentMethod/PayByCreditCard"), 30)): null

2020-07-13 22:39:00 - [MESSAGE][PASSED] - Object 'Object Repository/IWP30/Page_SelectPaymentMethod/PayByCreditCard' is present

2020-07-13 22:39:00 - [TEST_STEP][PASSED] - println("We are on Select Payment Method page, start populating"): null

2020-07-13 22:39:00 - [TEST_STEP][PASSED] - check(findTestObject("Object Repository/IWP30/Page_SelectPaymentMethod/PayByCreditCard")): Object 'Object Repository/IWP30/Page_SelectPaymentMethod/PayByCreditCard' is checked

2020-07-13 22:39:01 - [MESSAGE][PASSED] - Object 'Object Repository/IWP30/Page_SelectPaymentMethod/PayByCreditCard' is checked

2020-07-13 22:39:01 - [TEST_STEP][PASSED] - Thread.sleep(1000): null

2020-07-13 22:39:02 - [TEST_STEP][PASSED] - click(findTestObject("Object Repository/IWP30/Page_SelectPaymentMethod/MakePaymentButton")): Object: 'Object Repository/IWP30/Page_SelectPaymentMethod/MakePaymentButton' is clicked on

2020-07-13 22:39:03 - [MESSAGE][PASSED] - Object: 'Object Repository/IWP30/Page_SelectPaymentMethod/MakePaymentButton' is clicked on

2020-07-13 22:39:03 - [TEST_STEP][PASSED] - if (verifyElementPresent(findTestObject("Object Repository/IWP30/Page_CCPaymentEntry/Name"), 30)): null

2020-07-13 22:39:04 - [MESSAGE][PASSED] - Object 'Object Repository/IWP30/Page_CCPaymentEntry/Name' is present

2020-07-13 22:39:04 - [TEST_STEP][PASSED] - println("We are on Credit Card Payment Entry page, start populating"): null

2020-07-13 22:39:04 - [TEST_STEP][PASSED] - if (verifyElementPresent(findTestObject("Object Repository/IWP30/Page_CCPaymentEntry/Amount"), 30)): null

2020-07-13 22:39:04 - [MESSAGE][PASSED] - Object 'Object Repository/IWP30/Page_CCPaymentEntry/Amount' is present

2020-07-13 22:39:04 - [TEST_STEP][PASSED] - if (!(CCAmount.isEmpty())): Text '112.50' is set on object 'Object Repository/IWP30/Page_CCPaymentEntry/Amount'

2020-07-13 22:39:04 - [TEST_STEP][PASSED] - setText(findTestObject("Object Repository/IWP30/Page_CCPaymentEntry/Amount"), CCAmount): Text '112.50' is set on object 'Object Repository/IWP30/Page_CCPaymentEntry/Amount'

2020-07-13 22:39:05 - [MESSAGE][PASSED] - Text '112.50' is set on object 'Object Repository/IWP30/Page_CCPaymentEntry/Amount'

2020-07-13 22:39:05 - [TEST_STEP][PASSED] - if (verifyElementPresent(findTestObject("Object Repository/IWP30/Page_CCPaymentEntry/UserDefined2"), 30)): null

2020-07-13 22:39:05 - [MESSAGE][PASSED] - Object 'Object Repository/IWP30/Page_CCPaymentEntry/UserDefined2' is present

2020-07-13 22:39:05 - [TEST_STEP][PASSED] - if (!(CCUDF2.isEmpty())): Text 'Circle' is set on object 'Object Repository/IWP30/Page_CCPaymentEntry/UserDefined2'

2020-07-13 22:39:05 - [TEST_STEP][PASSED] - setText(findTestObject("Object Repository/IWP30/Page_CCPaymentEntry/UserDefined2"), CCUDF2): Text 'Circle' is set on object 'Object Repository/IWP30/Page_CCPaymentEntry/UserDefined2'

2020-07-13 22:39:05 - [MESSAGE][PASSED] - Text 'Circle' is set on object 'Object Repository/IWP30/Page_CCPaymentEntry/UserDefined2'

2020-07-13 22:39:05 - [TEST_STEP][PASSED] - if (verifyElementPresent(findTestObject("Object Repository/IWP30/Page_CCPaymentEntry/UserDefined3"), 30)): null

2020-07-13 22:39:06 - [MESSAGE][PASSED] - Object 'Object Repository/IWP30/Page_CCPaymentEntry/UserDefined3' is present

2020-07-13 22:39:06 - [TEST_STEP][PASSED] - if (!(CCUDF3.isEmpty())): Text 'Triangle' is set on object 'Object Repository/IWP30/Page_CCPaymentEntry/UserDefined3'

2020-07-13 22:39:06 - [TEST_STEP][PASSED] - setText(findTestObject("Object Repository/IWP30/Page_CCPaymentEntry/UserDefined3"), CCUDF3): Text 'Triangle' is set on object 'Object Repository/IWP30/Page_CCPaymentEntry/UserDefined3'

2020-07-13 22:39:06 - [MESSAGE][PASSED] - Text 'Triangle' is set on object 'Object Repository/IWP30/Page_CCPaymentEntry/UserDefined3'

2020-07-13 22:39:06 - [TEST_STEP][PASSED] - if (verifyElementPresent(findTestObject("Object Repository/IWP30/Page_CCPaymentEntry/UserDefined7"), 30)): null

2020-07-13 22:39:07 - [MESSAGE][PASSED] - Object 'Object Repository/IWP30/Page_CCPaymentEntry/UserDefined7' is present

2020-07-13 22:39:07 - [TEST_STEP][PASSED] - if (!(CCUDF7.isEmpty())): All options with label 'Purple' are selected in object 'Object Repository/IWP30/Page_CCPaymentEntry/UserDefined7' 

2020-07-13 22:39:07 - [TEST_STEP][PASSED] - selectOptionByLabel(findTestObject("Object Repository/IWP30/Page_CCPaymentEntry/UserDefined7"), CCUDF7, false): All options with label 'Purple' are selected in object 'Object Repository/IWP30/Page_CCPaymentEntry/UserDefined7' 

2020-07-13 22:39:07 - [MESSAGE][PASSED] - All options with label 'Purple' are selected in object 'Object Repository/IWP30/Page_CCPaymentEntry/UserDefined7' 

2020-07-13 22:39:07 - [TEST_STEP][PASSED] - if (verifyElementPresent(findTestObject("Object Repository/IWP30/Page_CCPaymentEntry/UserDefined8"), 30)): null

2020-07-13 22:39:08 - [MESSAGE][PASSED] - Object 'Object Repository/IWP30/Page_CCPaymentEntry/UserDefined8' is present

2020-07-13 22:39:08 - [TEST_STEP][PASSED] - if (!(CCUDF8.isEmpty())): All options with label 'Tennis' are selected in object 'Object Repository/IWP30/Page_CCPaymentEntry/UserDefined8' 

2020-07-13 22:39:08 - [TEST_STEP][PASSED] - selectOptionByLabel(findTestObject("Object Repository/IWP30/Page_CCPaymentEntry/UserDefined8"), CCUDF8, false): All options with label 'Tennis' are selected in object 'Object Repository/IWP30/Page_CCPaymentEntry/UserDefined8' 

2020-07-13 22:39:08 - [MESSAGE][PASSED] - All options with label 'Tennis' are selected in object 'Object Repository/IWP30/Page_CCPaymentEntry/UserDefined8' 

2020-07-13 22:39:08 - [TEST_STEP][PASSED] - if (verifyElementPresent(findTestObject("Object Repository/IWP30/Page_CCPaymentEntry/Name"), 30)): null

2020-07-13 22:39:09 - [MESSAGE][PASSED] - Object 'Object Repository/IWP30/Page_CCPaymentEntry/Name' is present

2020-07-13 22:39:09 - [TEST_STEP][PASSED] - if (!(CCName.isEmpty())): Text 'Alan Donald' is set on object 'Object Repository/IWP30/Page_CCPaymentEntry/Name'

2020-07-13 22:39:09 - [TEST_STEP][PASSED] - setText(findTestObject("Object Repository/IWP30/Page_CCPaymentEntry/Name"), CCName): Text 'Alan Donald' is set on object 'Object Repository/IWP30/Page_CCPaymentEntry/Name'

2020-07-13 22:39:09 - [MESSAGE][PASSED] - Text 'Alan Donald' is set on object 'Object Repository/IWP30/Page_CCPaymentEntry/Name'

2020-07-13 22:39:09 - [TEST_STEP][PASSED] - if (verifyElementPresent(findTestObject("Object Repository/IWP30/Page_CCPaymentEntry/CardNumber"), 30)): null

2020-07-13 22:39:10 - [MESSAGE][PASSED] - Object 'Object Repository/IWP30/Page_CCPaymentEntry/CardNumber' is present

2020-07-13 22:39:10 - [TEST_STEP][PASSED] - if (!(CCCardNum.isEmpty())): Text '4111111111111111' is set on object 'Object Repository/IWP30/Page_CCPaymentEntry/CardNumber'

2020-07-13 22:39:10 - [TEST_STEP][PASSED] - setText(findTestObject("Object Repository/IWP30/Page_CCPaymentEntry/CardNumber"), CCCardNum): Text '4111111111111111' is set on object 'Object Repository/IWP30/Page_CCPaymentEntry/CardNumber'

2020-07-13 22:39:10 - [MESSAGE][PASSED] - Text '4111111111111111' is set on object 'Object Repository/IWP30/Page_CCPaymentEntry/CardNumber'

2020-07-13 22:39:10 - [TEST_STEP][PASSED] - if (verifyElementPresent(findTestObject("Object Repository/IWP30/Page_CCPaymentEntry/SPC"), 30)): null

2020-07-13 22:39:11 - [MESSAGE][PASSED] - Object 'Object Repository/IWP30/Page_CCPaymentEntry/SPC' is present

2020-07-13 22:39:11 - [TEST_STEP][PASSED] - if (!(CCSPC.isEmpty())): Text '258' is set on object 'Object Repository/IWP30/Page_CCPaymentEntry/SPC'

2020-07-13 22:39:11 - [TEST_STEP][PASSED] - setText(findTestObject("Object Repository/IWP30/Page_CCPaymentEntry/SPC"), CCSPC): Text '258' is set on object 'Object Repository/IWP30/Page_CCPaymentEntry/SPC'

2020-07-13 22:39:11 - [MESSAGE][PASSED] - Text '258' is set on object 'Object Repository/IWP30/Page_CCPaymentEntry/SPC'

2020-07-13 22:39:11 - [TEST_STEP][PASSED] - if (verifyElementPresent(findTestObject("Object Repository/IWP30/Page_CCPaymentEntry/Month"), 30)): null

2020-07-13 22:39:12 - [MESSAGE][PASSED] - Object 'Object Repository/IWP30/Page_CCPaymentEntry/Month' is present

2020-07-13 22:39:12 - [TEST_STEP][PASSED] - if (!(CCExpM.isEmpty())): All options with label '10' are selected in object 'Object Repository/IWP30/Page_CCPaymentEntry/Month' 

2020-07-13 22:39:12 - [TEST_STEP][PASSED] - selectOptionByLabel(findTestObject("Object Repository/IWP30/Page_CCPaymentEntry/Month"), CCExpM, false): All options with label '10' are selected in object 'Object Repository/IWP30/Page_CCPaymentEntry/Month' 

2020-07-13 22:39:12 - [MESSAGE][PASSED] - All options with label '10' are selected in object 'Object Repository/IWP30/Page_CCPaymentEntry/Month' 

2020-07-13 22:39:12 - [TEST_STEP][PASSED] - if (verifyElementPresent(findTestObject("Object Repository/IWP30/Page_CCPaymentEntry/Year"), 30)): null

2020-07-13 22:39:13 - [MESSAGE][PASSED] - Object 'Object Repository/IWP30/Page_CCPaymentEntry/Year' is present

2020-07-13 22:39:13 - [TEST_STEP][PASSED] - if (!(CCExpY.isEmpty())): All options with label '2025' are selected in object 'Object Repository/IWP30/Page_CCPaymentEntry/Year' 

2020-07-13 22:39:13 - [TEST_STEP][PASSED] - selectOptionByLabel(findTestObject("Object Repository/IWP30/Page_CCPaymentEntry/Year"), CCExpY, false): All options with label '2025' are selected in object 'Object Repository/IWP30/Page_CCPaymentEntry/Year' 

2020-07-13 22:39:13 - [MESSAGE][PASSED] - All options with label '2025' are selected in object 'Object Repository/IWP30/Page_CCPaymentEntry/Year' 

2020-07-13 22:39:13 - [TEST_STEP][PASSED] - if (verifyElementPresent(findTestObject("Object Repository/IWP30/Page_CCPaymentEntry/ProcessDate"), 30)): null

2020-07-13 22:39:14 - [MESSAGE][PASSED] - Object 'Object Repository/IWP30/Page_CCPaymentEntry/ProcessDate' is present

2020-07-13 22:39:14 - [TEST_STEP][PASSED] - if (!(CCDate.isEmpty())): null

2020-07-13 22:39:14 - [TEST_STEP][PASSED] - else: null

2020-07-13 22:39:14 - [TEST_STEP][PASSED] - println("CCDate is not present in the Excel Spreadsheet"): null

2020-07-13 22:39:14 - [TEST_STEP][PASSED] - if (verifyElementPresent(findTestObject("Object Repository/IWP30/Page_CCPaymentEntry/AL1"), 30)): null

2020-07-13 22:39:14 - [MESSAGE][PASSED] - Object 'Object Repository/IWP30/Page_CCPaymentEntry/AL1' is present

2020-07-13 22:39:14 - [TEST_STEP][PASSED] - if (!(CCAL1.isEmpty())): Text 'Mera AL1' is set on object 'Object Repository/IWP30/Page_CCPaymentEntry/AL1'

2020-07-13 22:39:14 - [TEST_STEP][PASSED] - setText(findTestObject("Object Repository/IWP30/Page_CCPaymentEntry/AL1"), CCAL1): Text 'Mera AL1' is set on object 'Object Repository/IWP30/Page_CCPaymentEntry/AL1'

2020-07-13 22:39:15 - [MESSAGE][PASSED] - Text 'Mera AL1' is set on object 'Object Repository/IWP30/Page_CCPaymentEntry/AL1'

2020-07-13 22:39:15 - [TEST_STEP][PASSED] - if (verifyElementPresent(findTestObject("Object Repository/IWP30/Page_CCPaymentEntry/AL2"), 30)): null

2020-07-13 22:39:15 - [MESSAGE][PASSED] - Object 'Object Repository/IWP30/Page_CCPaymentEntry/AL2' is present

2020-07-13 22:39:15 - [TEST_STEP][PASSED] - if (!(CCAL2.isEmpty())): Text 'Mera AL2' is set on object 'Object Repository/IWP30/Page_CCPaymentEntry/AL2'

2020-07-13 22:39:15 - [TEST_STEP][PASSED] - setText(findTestObject("Object Repository/IWP30/Page_CCPaymentEntry/AL2"), CCAL2): Text 'Mera AL2' is set on object 'Object Repository/IWP30/Page_CCPaymentEntry/AL2'

2020-07-13 22:39:16 - [MESSAGE][PASSED] - Text 'Mera AL2' is set on object 'Object Repository/IWP30/Page_CCPaymentEntry/AL2'

2020-07-13 22:39:16 - [TEST_STEP][PASSED] - if (verifyElementPresent(findTestObject("Object Repository/IWP30/Page_CCPaymentEntry/ZIP"), 30)): null

2020-07-13 22:39:16 - [MESSAGE][PASSED] - Object 'Object Repository/IWP30/Page_CCPaymentEntry/ZIP' is present

2020-07-13 22:39:16 - [TEST_STEP][PASSED] - if (!(CCZIP.isEmpty())): Text '21054' is set on object 'Object Repository/IWP30/Page_CCPaymentEntry/ZIP'

2020-07-13 22:39:16 - [TEST_STEP][PASSED] - setText(findTestObject("Object Repository/IWP30/Page_CCPaymentEntry/ZIP"), CCZIP): Text '21054' is set on object 'Object Repository/IWP30/Page_CCPaymentEntry/ZIP'

2020-07-13 22:39:17 - [MESSAGE][PASSED] - Text '21054' is set on object 'Object Repository/IWP30/Page_CCPaymentEntry/ZIP'

2020-07-13 22:39:17 - [TEST_STEP][PASSED] - if (verifyElementPresent(findTestObject("Object Repository/IWP30/Page_CCPaymentEntry/EmailAddress"), 30)): null

2020-07-13 22:39:17 - [MESSAGE][PASSED] - Object 'Object Repository/IWP30/Page_CCPaymentEntry/EmailAddress' is present

2020-07-13 22:39:17 - [TEST_STEP][PASSED] - if (!(CCEmail.isEmpty())): Text 'merae@gmail.com' is set on object 'Object Repository/IWP30/Page_CCPaymentEntry/EmailAddress'

2020-07-13 22:39:17 - [TEST_STEP][PASSED] - setText(findTestObject("Object Repository/IWP30/Page_CCPaymentEntry/EmailAddress"), CCEmail): Text 'merae@gmail.com' is set on object 'Object Repository/IWP30/Page_CCPaymentEntry/EmailAddress'

2020-07-13 22:39:18 - [MESSAGE][PASSED] - Text 'merae@gmail.com' is set on object 'Object Repository/IWP30/Page_CCPaymentEntry/EmailAddress'

2020-07-13 22:39:18 - [TEST_STEP][PASSED] - if (verifyElementPresent(findTestObject("Object Repository/IWP30/Page_CCPaymentEntry/TermCondCheckBox"), 30)): null

2020-07-13 22:39:19 - [MESSAGE][PASSED] - Object 'Object Repository/IWP30/Page_CCPaymentEntry/TermCondCheckBox' is present

2020-07-13 22:39:19 - [TEST_STEP][PASSED] - check(findTestObject("Object Repository/IWP30/Page_CCPaymentEntry/TermCondCheckBox")): Object 'Object Repository/IWP30/Page_CCPaymentEntry/TermCondCheckBox' is checked

2020-07-13 22:39:19 - [MESSAGE][PASSED] - Object 'Object Repository/IWP30/Page_CCPaymentEntry/TermCondCheckBox' is checked

2020-07-13 22:39:19 - [TEST_STEP][PASSED] - if (verifyElementPresent(findTestObject("Object Repository/IWP30/Page_CCPaymentEntry/ContinueButton"), 30)): null

2020-07-13 22:39:20 - [MESSAGE][PASSED] - Object 'Object Repository/IWP30/Page_CCPaymentEntry/ContinueButton' is present

2020-07-13 22:39:20 - [TEST_STEP][PASSED] - click(findTestObject("Object Repository/IWP30/Page_CCPaymentEntry/ContinueButton")): Object: 'Object Repository/IWP30/Page_CCPaymentEntry/ContinueButton' is clicked on

2020-07-13 22:39:21 - [MESSAGE][PASSED] - Object: 'Object Repository/IWP30/Page_CCPaymentEntry/ContinueButton' is clicked on

2020-07-13 22:39:21 - [TEST_STEP][PASSED] - if (verifyTextPresent("Please verify the following information", false)): null

2020-07-13 22:39:21 - [MESSAGE][PASSED] - Text 'Please verify the following information' is present on page 

2020-07-13 22:39:21 - [TEST_STEP][PASSED] - println("Please verify the following information text is present on the Confirmation page"): null

2020-07-13 22:39:21 - [TEST_STEP][PASSED] - if (verifyTextPresent("Is this information correct?", false)): null

2020-07-13 22:39:21 - [MESSAGE][PASSED] - Text 'Is this information correct?' is present on page 

2020-07-13 22:39:21 - [TEST_STEP][PASSED] - println("Is this information correct text is present on the Confirmation page"): null

2020-07-13 22:39:21 - [TEST_STEP][PASSED] - if (verifyElementPresent(findTestObject("Object Repository/IWP30/Page_Confirmation/ConfirmButton"), 30)): null

2020-07-13 22:39:22 - [MESSAGE][PASSED] - Object 'Object Repository/IWP30/Page_Confirmation/ConfirmButton' is present

2020-07-13 22:39:22 - [TEST_STEP][PASSED] - click(findTestObject("Object Repository/IWP30/Page_Confirmation/ConfirmButton")): Object: 'Object Repository/IWP30/Page_Confirmation/ConfirmButton' is clicked on

2020-07-13 22:39:23 - [MESSAGE][PASSED] - Object: 'Object Repository/IWP30/Page_Confirmation/ConfirmButton' is clicked on

2020-07-13 22:39:23 - [TEST_STEP][PASSED] - Thread.sleep(10000): null

2020-07-13 22:39:33 - [TEST_STEP][PASSED] - if (verifyTextPresent("Successful Payment Receipt", false)): null

2020-07-13 22:39:33 - [MESSAGE][PASSED] - Text 'Successful Payment Receipt' is present on page 

2020-07-13 22:39:33 - [TEST_STEP][PASSED] - println("Successful Payment Receipt text is present on the Receipt page"): null

2020-07-13 22:39:33 - [TEST_STEP][PASSED] - if (verifyTextPresent("Please print this receipt for your records", false)): null

2020-07-13 22:39:33 - [MESSAGE][PASSED] - Text 'Please print this receipt for your records' is present on page 

2020-07-13 22:39:33 - [TEST_STEP][PASSED] - println("Please print this receipt for your records text is present on the Receipt page"): null

2020-07-13 22:39:33 - [TEST_STEP][PASSED] - if (verifyElementPresent(findTestObject("Object Repository/IWP30/Page_Receipt/ExitButton"), 30)): null

2020-07-13 22:39:34 - [MESSAGE][PASSED] - Object 'Object Repository/IWP30/Page_Receipt/ExitButton' is present

2020-07-13 22:39:34 - [TEST_STEP][PASSED] - println("Exit Button is present on the Receipt page"): null

2020-07-13 22:39:34 - [TEST_STEP][PASSED] - closeBrowser(): Browser is closed

2020-07-13 22:39:35 - [MESSAGE][PASSED] - Browser is closed

2020-07-13 22:39:35 - [TEST_STEP][PASSED] - try: null

2020-07-13 22:39:35 - [TEST_STEP][PASSED] - MV = findTestData("IWP30PayNowCC").getValue("MV", row): null

2020-07-13 22:39:35 - [TEST_STEP][PASSED] - println(MV): null

2020-07-13 22:39:35 - [TEST_STEP][PASSED] - Amount = findTestData("IWP30PayNowCC").getValue("Amount", row): null

2020-07-13 22:39:35 - [TEST_STEP][PASSED] - println(Amount): null

2020-07-13 22:39:35 - [TEST_STEP][PASSED] - CAN = findTestData("IWP30PayNowCC").getValue("CAN", row): null

2020-07-13 22:39:35 - [TEST_STEP][PASSED] - println(CAN): null

2020-07-13 22:39:35 - [TEST_STEP][PASSED] - Action = findTestData("IWP30PayNowCC").getValue("Action", row): null

2020-07-13 22:39:35 - [TEST_STEP][PASSED] - println(Action): null

2020-07-13 22:39:35 - [TEST_STEP][PASSED] - Lang = findTestData("IWP30PayNowCC").getValue("Lang", row): null

2020-07-13 22:39:35 - [TEST_STEP][PASSED] - println(Lang): null

2020-07-13 22:39:35 - [TEST_STEP][PASSED] - Fname = findTestData("IWP30PayNowCC").getValue("Fname", row): null

2020-07-13 22:39:35 - [TEST_STEP][PASSED] - println(Fname): null

2020-07-13 22:39:35 - [TEST_STEP][PASSED] - Lname = findTestData("IWP30PayNowCC").getValue("Lname", row): null

2020-07-13 22:39:35 - [TEST_STEP][PASSED] - println(Lname): null

2020-07-13 22:39:35 - [TEST_STEP][PASSED] - AL1 = findTestData("IWP30PayNowCC").getValue("AL1", row): null

2020-07-13 22:39:35 - [TEST_STEP][PASSED] - println(AL1): null

2020-07-13 22:39:35 - [TEST_STEP][PASSED] - AL2 = findTestData("IWP30PayNowCC").getValue("AL2", row): null

2020-07-13 22:39:35 - [TEST_STEP][PASSED] - println(AL2): null

2020-07-13 22:39:35 - [TEST_STEP][PASSED] - Country = findTestData("IWP30PayNowCC").getValue("Country", row): null

2020-07-13 22:39:35 - [TEST_STEP][PASSED] - println(Country): null

2020-07-13 22:39:35 - [TEST_STEP][PASSED] - City = findTestData("IWP30PayNowCC").getValue("City", row): null

2020-07-13 22:39:35 - [TEST_STEP][PASSED] - println(City): null

2020-07-13 22:39:35 - [TEST_STEP][PASSED] - State = findTestData("IWP30PayNowCC").getValue("State", row): null

2020-07-13 22:39:35 - [TEST_STEP][PASSED] - println(State): null

2020-07-13 22:39:35 - [TEST_STEP][PASSED] - ZIP = findTestData("IWP30PayNowCC").getValue("ZIP", row): null

2020-07-13 22:39:35 - [TEST_STEP][PASSED] - println(ZIP): null

2020-07-13 22:39:35 - [TEST_STEP][PASSED] - Order = findTestData("IWP30PayNowCC").getValue("Order", row): null

2020-07-13 22:39:35 - [TEST_STEP][PASSED] - println(Order): null

2020-07-13 22:39:35 - [TEST_STEP][PASSED] - CompanyName = findTestData("IWP30PayNowCC").getValue("CompanyName", row): null

2020-07-13 22:39:35 - [TEST_STEP][PASSED] - println(CompanyName): null

2020-07-13 22:39:35 - [TEST_STEP][PASSED] - Email = findTestData("IWP30PayNowCC").getValue("Email", row): null

2020-07-13 22:39:35 - [TEST_STEP][PASSED] - println(Email): null

2020-07-13 22:39:35 - [TEST_STEP][PASSED] - UDF1 = findTestData("IWP30PayNowCC").getValue("UDF1", row): null

2020-07-13 22:39:35 - [TEST_STEP][PASSED] - println(UDF1): null

2020-07-13 22:39:35 - [TEST_STEP][PASSED] - UDF2 = findTestData("IWP30PayNowCC").getValue("UDF2", row): null

2020-07-13 22:39:35 - [TEST_STEP][PASSED] - println(UDF2): null

2020-07-13 22:39:35 - [TEST_STEP][PASSED] - UDF3 = findTestData("IWP30PayNowCC").getValue("UDF3", row): null

2020-07-13 22:39:35 - [TEST_STEP][PASSED] - println(UDF3): null

2020-07-13 22:39:35 - [TEST_STEP][PASSED] - UDF4 = findTestData("IWP30PayNowCC").getValue("UDF4", row): null

2020-07-13 22:39:35 - [TEST_STEP][PASSED] - println(UDF4): null

2020-07-13 22:39:35 - [TEST_STEP][PASSED] - UDF5 = findTestData("IWP30PayNowCC").getValue("UDF5", row): null

2020-07-13 22:39:35 - [TEST_STEP][PASSED] - println(UDF5): null

2020-07-13 22:39:35 - [TEST_STEP][PASSED] - UDF6 = findTestData("IWP30PayNowCC").getValue("UDF6", row): null

2020-07-13 22:39:35 - [TEST_STEP][PASSED] - println(UDF6): null

2020-07-13 22:39:35 - [TEST_STEP][PASSED] - UDF7 = findTestData("IWP30PayNowCC").getValue("UDF7", row): null

2020-07-13 22:39:35 - [TEST_STEP][PASSED] - println(UDF7): null

2020-07-13 22:39:35 - [TEST_STEP][PASSED] - UDF8 = findTestData("IWP30PayNowCC").getValue("UDF8", row): null

2020-07-13 22:39:35 - [TEST_STEP][PASSED] - println(UDF8): null

2020-07-13 22:39:35 - [TEST_STEP][PASSED] - UDF9 = findTestData("IWP30PayNowCC").getValue("UDF9", row): null

2020-07-13 22:39:35 - [TEST_STEP][PASSED] - println(UDF9): null

2020-07-13 22:39:35 - [TEST_STEP][PASSED] - UDF10 = findTestData("IWP30PayNowCC").getValue("UDF10", row): null

2020-07-13 22:39:35 - [TEST_STEP][PASSED] - println(UDF10): null

2020-07-13 22:39:35 - [TEST_STEP][PASSED] - AppID = findTestData("IWP30PayNowCC").getValue("AppID", row): null

2020-07-13 22:39:35 - [TEST_STEP][PASSED] - println(AppID): null

2020-07-13 22:39:35 - [TEST_STEP][PASSED] - MessageVersion = findTestData("IWP30PayNowCC").getValue("MessageVersion", row): null

2020-07-13 22:39:35 - [TEST_STEP][PASSED] - println(MessageVersion): null

2020-07-13 22:39:35 - [TEST_STEP][PASSED] - CCAmount = findTestData("IWP30PayNowCC").getValue("CCAmount", row): null

2020-07-13 22:39:35 - [TEST_STEP][PASSED] - println(CCAmount): null

2020-07-13 22:39:35 - [TEST_STEP][PASSED] - CCUDF1 = findTestData("IWP30PayNowCC").getValue("CCUDF1", row): null

2020-07-13 22:39:35 - [TEST_STEP][PASSED] - println(CCUDF1): null

2020-07-13 22:39:35 - [TEST_STEP][PASSED] - CCUDF2 = findTestData("IWP30PayNowCC").getValue("CCUDF2", row): null

2020-07-13 22:39:35 - [TEST_STEP][PASSED] - println(CCUDF2): null

2020-07-13 22:39:35 - [TEST_STEP][PASSED] - CCUDF3 = findTestData("IWP30PayNowCC").getValue("CCUDF3", row): null

2020-07-13 22:39:35 - [TEST_STEP][PASSED] - println(CCUDF3): null

2020-07-13 22:39:35 - [TEST_STEP][PASSED] - CCUDF4 = findTestData("IWP30PayNowCC").getValue("CCUDF4", row): null

2020-07-13 22:39:35 - [TEST_STEP][PASSED] - println(CCUDF4): null

2020-07-13 22:39:35 - [TEST_STEP][PASSED] - CCUDF5 = findTestData("IWP30PayNowCC").getValue("CCUDF5", row): null

2020-07-13 22:39:35 - [TEST_STEP][PASSED] - println(CCUDF5): null

2020-07-13 22:39:35 - [TEST_STEP][PASSED] - CCUDF6 = findTestData("IWP30PayNowCC").getValue("CCUDF6", row): null

2020-07-13 22:39:35 - [TEST_STEP][PASSED] - println(CCUDF6): null

2020-07-13 22:39:35 - [TEST_STEP][PASSED] - CCUDF7 = findTestData("IWP30PayNowCC").getValue("CCUDF7", row): null

2020-07-13 22:39:35 - [TEST_STEP][PASSED] - println(CCUDF7): null

2020-07-13 22:39:35 - [TEST_STEP][PASSED] - CCUDF8 = findTestData("IWP30PayNowCC").getValue("CCUDF8", row): null

2020-07-13 22:39:35 - [TEST_STEP][PASSED] - println(CCUDF8): null

2020-07-13 22:39:35 - [TEST_STEP][PASSED] - CCUDF9 = findTestData("IWP30PayNowCC").getValue("CCUDF9", row): null

2020-07-13 22:39:35 - [TEST_STEP][PASSED] - println(CCUDF9): null

2020-07-13 22:39:35 - [TEST_STEP][PASSED] - CCUDF10 = findTestData("IWP30PayNowCC").getValue("CCUDF10", row): null

2020-07-13 22:39:35 - [TEST_STEP][PASSED] - println(CCUDF10): null

2020-07-13 22:39:35 - [TEST_STEP][PASSED] - CCName = findTestData("IWP30PayNowCC").getValue("CCName", row): null

2020-07-13 22:39:36 - [TEST_STEP][PASSED] - println(CCName): null

2020-07-13 22:39:36 - [TEST_STEP][PASSED] - CCCardNum = findTestData("IWP30PayNowCC").getValue("CCCardNum", row): null

2020-07-13 22:39:36 - [TEST_STEP][PASSED] - println(CCCardNum): null

2020-07-13 22:39:36 - [TEST_STEP][PASSED] - CCSPC = findTestData("IWP30PayNowCC").getValue("CCSPC", row): null

2020-07-13 22:39:36 - [TEST_STEP][PASSED] - println(CCSPC): null

2020-07-13 22:39:36 - [TEST_STEP][PASSED] - CCExpM = findTestData("IWP30PayNowCC").getValue("CCExpM", row): null

2020-07-13 22:39:36 - [TEST_STEP][PASSED] - println(CCExpM): null

2020-07-13 22:39:36 - [TEST_STEP][PASSED] - CCExpY = findTestData("IWP30PayNowCC").getValue("CCExpY", row): null

2020-07-13 22:39:36 - [TEST_STEP][PASSED] - println(CCExpY): null

2020-07-13 22:39:36 - [TEST_STEP][PASSED] - CCDate = findTestData("IWP30PayNowCC").getValue("CCDate", row): null

2020-07-13 22:39:36 - [TEST_STEP][PASSED] - println(CCDate): null

2020-07-13 22:39:36 - [TEST_STEP][PASSED] - CCAL1 = findTestData("IWP30PayNowCC").getValue("CCAL1", row): null

2020-07-13 22:39:36 - [TEST_STEP][PASSED] - println(CCAL1): null

2020-07-13 22:39:36 - [TEST_STEP][PASSED] - CCAL2 = findTestData("IWP30PayNowCC").getValue("CCAL2", row): null

2020-07-13 22:39:36 - [TEST_STEP][PASSED] - println(CCAL2): null

2020-07-13 22:39:36 - [TEST_STEP][PASSED] - CCZIP = findTestData("IWP30PayNowCC").getValue("CCZIP", row): null

2020-07-13 22:39:36 - [TEST_STEP][PASSED] - println(CCZIP): null

2020-07-13 22:39:36 - [TEST_STEP][PASSED] - CCEmail = findTestData("IWP30PayNowCC").getValue("CCEmail", row): null

2020-07-13 22:39:36 - [TEST_STEP][PASSED] - println(CCEmail): null

2020-07-13 22:39:36 - [TEST_STEP][PASSED] - openBrowser("https://qa.velocitypayment.com/agency/config.do?action=editor"): Browser is opened with url: 'https://qa.velocitypayment.com/agency/config.do?action=editor'

2020-07-13 22:39:36 - [MESSAGE][INFO] - Starting 'Chrome' driver

2020-07-13 22:39:36 - [MESSAGE][INFO] - User set preference: ['acceptInsecureCerts', 'true']

2020-07-13 22:39:36 - [MESSAGE][INFO] - Action delay is set to 0 milliseconds

2020-07-13 22:39:40 - [MESSAGE][PASSED] - Browser is opened with url: 'https://qa.velocitypayment.com/agency/config.do?action=editor'

2020-07-13 22:39:40 - [TEST_STEP][PASSED] - maximizeWindow(): Current window maximized

2020-07-13 22:39:40 - [MESSAGE][PASSED] - Current window maximized

2020-07-13 22:39:40 - [TEST_STEP][PASSED] - selectOptionByValue(findTestObject("IWP30/Page_VRelay30Emulator/MV"), MV, true): All options with value '3.0' are selected in object 'Object Repository/IWP30/Page_VRelay30Emulator/MV'  using regular expression

2020-07-13 22:39:42 - [MESSAGE][PASSED] - All options with value '3.0' are selected in object 'Object Repository/IWP30/Page_VRelay30Emulator/MV'  using regular expression

2020-07-13 22:39:42 - [TEST_STEP][PASSED] - setText(findTestObject("IWP30/Page_VRelay30Emulator/Amount"), Amount): Text '41.50' is set on object 'Object Repository/IWP30/Page_VRelay30Emulator/Amount'

2020-07-13 22:39:42 - [MESSAGE][PASSED] - Text '41.50' is set on object 'Object Repository/IWP30/Page_VRelay30Emulator/Amount'

2020-07-13 22:39:42 - [TEST_STEP][PASSED] - setText(findTestObject("IWP30/Page_VRelay30Emulator/CAN"), CAN): Text '26412109' is set on object 'Object Repository/IWP30/Page_VRelay30Emulator/CAN'

2020-07-13 22:39:43 - [MESSAGE][PASSED] - Text '26412109' is set on object 'Object Repository/IWP30/Page_VRelay30Emulator/CAN'

2020-07-13 22:39:43 - [TEST_STEP][PASSED] - setText(findTestObject("IWP30/Page_VRelay30Emulator/Action"), Action): Text 'PayNow' is set on object 'Object Repository/IWP30/Page_VRelay30Emulator/Action'

2020-07-13 22:39:44 - [MESSAGE][PASSED] - Text 'PayNow' is set on object 'Object Repository/IWP30/Page_VRelay30Emulator/Action'

2020-07-13 22:39:44 - [TEST_STEP][PASSED] - setText(findTestObject("IWP30/Page_VRelay30Emulator/Lang"), Lang): Text 'en_US' is set on object 'Object Repository/IWP30/Page_VRelay30Emulator/Lang'

2020-07-13 22:39:44 - [MESSAGE][PASSED] - Text 'en_US' is set on object 'Object Repository/IWP30/Page_VRelay30Emulator/Lang'

2020-07-13 22:39:44 - [TEST_STEP][PASSED] - setText(findTestObject("IWP30/Page_VRelay30Emulator/Fname"), Fname): Text 'Jonty' is set on object 'Object Repository/IWP30/Page_VRelay30Emulator/Fname'

2020-07-13 22:39:45 - [MESSAGE][PASSED] - Text 'Jonty' is set on object 'Object Repository/IWP30/Page_VRelay30Emulator/Fname'

2020-07-13 22:39:45 - [TEST_STEP][PASSED] - setText(findTestObject("IWP30/Page_VRelay30Emulator/Lname"), Lname): Text 'Smith' is set on object 'Object Repository/IWP30/Page_VRelay30Emulator/Lname'

2020-07-13 22:39:46 - [MESSAGE][PASSED] - Text 'Smith' is set on object 'Object Repository/IWP30/Page_VRelay30Emulator/Lname'

2020-07-13 22:39:46 - [TEST_STEP][PASSED] - setText(findTestObject("IWP30/Page_VRelay30Emulator/AL1"), AL1): Text '15 Elm St' is set on object 'Object Repository/IWP30/Page_VRelay30Emulator/AL1'

2020-07-13 22:39:47 - [MESSAGE][PASSED] - Text '15 Elm St' is set on object 'Object Repository/IWP30/Page_VRelay30Emulator/AL1'

2020-07-13 22:39:47 - [TEST_STEP][PASSED] - setText(findTestObject("IWP30/Page_VRelay30Emulator/AL2"), AL2): Text 'Suite 600' is set on object 'Object Repository/IWP30/Page_VRelay30Emulator/AL2'

2020-07-13 22:39:47 - [MESSAGE][PASSED] - Text 'Suite 600' is set on object 'Object Repository/IWP30/Page_VRelay30Emulator/AL2'

2020-07-13 22:39:47 - [TEST_STEP][PASSED] - setText(findTestObject("IWP30/Page_VRelay30Emulator/Country"), Country): Text '840' is set on object 'Object Repository/IWP30/Page_VRelay30Emulator/Country'

2020-07-13 22:39:48 - [MESSAGE][PASSED] - Text '840' is set on object 'Object Repository/IWP30/Page_VRelay30Emulator/Country'

2020-07-13 22:39:48 - [TEST_STEP][PASSED] - setText(findTestObject("IWP30/Page_VRelay30Emulator/City"), City): Text 'Gambrills' is set on object 'Object Repository/IWP30/Page_VRelay30Emulator/City'

2020-07-13 22:39:48 - [MESSAGE][PASSED] - Text 'Gambrills' is set on object 'Object Repository/IWP30/Page_VRelay30Emulator/City'

2020-07-13 22:39:48 - [TEST_STEP][PASSED] - setText(findTestObject("IWP30/Page_VRelay30Emulator/State"), State): Text 'MD' is set on object 'Object Repository/IWP30/Page_VRelay30Emulator/State'

2020-07-13 22:39:49 - [MESSAGE][PASSED] - Text 'MD' is set on object 'Object Repository/IWP30/Page_VRelay30Emulator/State'

2020-07-13 22:39:49 - [TEST_STEP][PASSED] - setText(findTestObject("IWP30/Page_VRelay30Emulator/ZIP"), ZIP): Text '21054' is set on object 'Object Repository/IWP30/Page_VRelay30Emulator/ZIP'

2020-07-13 22:39:50 - [MESSAGE][PASSED] - Text '21054' is set on object 'Object Repository/IWP30/Page_VRelay30Emulator/ZIP'

2020-07-13 22:39:50 - [TEST_STEP][PASSED] - setText(findTestObject("IWP30/Page_VRelay30Emulator/Order"), Order): Text '' is set on object 'Object Repository/IWP30/Page_VRelay30Emulator/Order'

2020-07-13 22:39:50 - [MESSAGE][PASSED] - Text '' is set on object 'Object Repository/IWP30/Page_VRelay30Emulator/Order'

2020-07-13 22:39:50 - [TEST_STEP][PASSED] - setText(findTestObject("IWP30/Page_VRelay30Emulator/Company"), CompanyName): Text '' is set on object 'Object Repository/IWP30/Page_VRelay30Emulator/Company'

2020-07-13 22:39:51 - [MESSAGE][PASSED] - Text '' is set on object 'Object Repository/IWP30/Page_VRelay30Emulator/Company'

2020-07-13 22:39:51 - [TEST_STEP][PASSED] - setText(findTestObject("IWP30/Page_VRelay30Emulator/Email"), Email): Text 'iahmed@govolution.com' is set on object 'Object Repository/IWP30/Page_VRelay30Emulator/Email'

2020-07-13 22:39:52 - [MESSAGE][PASSED] - Text 'iahmed@govolution.com' is set on object 'Object Repository/IWP30/Page_VRelay30Emulator/Email'

2020-07-13 22:39:52 - [TEST_STEP][PASSED] - setText(findTestObject("IWP30/Page_VRelay30Emulator/UDF1"), UDF1): Text 'udf data 1' is set on object 'Object Repository/IWP30/Page_VRelay30Emulator/UDF1'

2020-07-13 22:39:52 - [MESSAGE][PASSED] - Text 'udf data 1' is set on object 'Object Repository/IWP30/Page_VRelay30Emulator/UDF1'

2020-07-13 22:39:52 - [TEST_STEP][PASSED] - setText(findTestObject("IWP30/Page_VRelay30Emulator/UDF2"), UDF2): Text 'udf data 2' is set on object 'Object Repository/IWP30/Page_VRelay30Emulator/UDF2'

2020-07-13 22:39:53 - [MESSAGE][PASSED] - Text 'udf data 2' is set on object 'Object Repository/IWP30/Page_VRelay30Emulator/UDF2'

2020-07-13 22:39:53 - [TEST_STEP][PASSED] - setText(findTestObject("IWP30/Page_VRelay30Emulator/UDF3"), UDF3): Text 'udf data 3' is set on object 'Object Repository/IWP30/Page_VRelay30Emulator/UDF3'

2020-07-13 22:39:53 - [MESSAGE][PASSED] - Text 'udf data 3' is set on object 'Object Repository/IWP30/Page_VRelay30Emulator/UDF3'

2020-07-13 22:39:53 - [TEST_STEP][PASSED] - setText(findTestObject("IWP30/Page_VRelay30Emulator/UDF4"), UDF4): Text 'udf data 4' is set on object 'Object Repository/IWP30/Page_VRelay30Emulator/UDF4'

2020-07-13 22:39:54 - [MESSAGE][PASSED] - Text 'udf data 4' is set on object 'Object Repository/IWP30/Page_VRelay30Emulator/UDF4'

2020-07-13 22:39:54 - [TEST_STEP][PASSED] - setText(findTestObject("IWP30/Page_VRelay30Emulator/UDF5"), UDF5): Text 'udf data 5' is set on object 'Object Repository/IWP30/Page_VRelay30Emulator/UDF5'

2020-07-13 22:39:55 - [MESSAGE][PASSED] - Text 'udf data 5' is set on object 'Object Repository/IWP30/Page_VRelay30Emulator/UDF5'

2020-07-13 22:39:55 - [TEST_STEP][PASSED] - setText(findTestObject("IWP30/Page_VRelay30Emulator/UDF6"), UDF6): Text 'udf data 6' is set on object 'Object Repository/IWP30/Page_VRelay30Emulator/UDF6'

2020-07-13 22:39:56 - [MESSAGE][PASSED] - Text 'udf data 6' is set on object 'Object Repository/IWP30/Page_VRelay30Emulator/UDF6'

2020-07-13 22:39:56 - [TEST_STEP][PASSED] - setText(findTestObject("IWP30/Page_VRelay30Emulator/UDF7"), UDF7): Text 'Orange' is set on object 'Object Repository/IWP30/Page_VRelay30Emulator/UDF7'

2020-07-13 22:39:56 - [MESSAGE][PASSED] - Text 'Orange' is set on object 'Object Repository/IWP30/Page_VRelay30Emulator/UDF7'

2020-07-13 22:39:56 - [TEST_STEP][PASSED] - setText(findTestObject("IWP30/Page_VRelay30Emulator/UDF8"), UDF8): Text 'Soccer' is set on object 'Object Repository/IWP30/Page_VRelay30Emulator/UDF8'

2020-07-13 22:39:57 - [MESSAGE][PASSED] - Text 'Soccer' is set on object 'Object Repository/IWP30/Page_VRelay30Emulator/UDF8'

2020-07-13 22:39:57 - [TEST_STEP][PASSED] - setText(findTestObject("IWP30/Page_VRelay30Emulator/UDF9"), UDF9): Text 'udf data 9' is set on object 'Object Repository/IWP30/Page_VRelay30Emulator/UDF9'

2020-07-13 22:39:58 - [MESSAGE][PASSED] - Text 'udf data 9' is set on object 'Object Repository/IWP30/Page_VRelay30Emulator/UDF9'

2020-07-13 22:39:58 - [TEST_STEP][PASSED] - setText(findTestObject("IWP30/Page_VRelay30Emulator/UDF10"), UDF10): Text 'udf data 10' is set on object 'Object Repository/IWP30/Page_VRelay30Emulator/UDF10'

2020-07-13 22:39:58 - [MESSAGE][PASSED] - Text 'udf data 10' is set on object 'Object Repository/IWP30/Page_VRelay30Emulator/UDF10'

2020-07-13 22:39:58 - [TEST_STEP][PASSED] - Thread.sleep(5000): null

2020-07-13 22:40:03 - [TEST_STEP][PASSED] - click(findTestObject("IWP30/Page_VRelay30Emulator/Submit")): Object: 'Object Repository/IWP30/Page_VRelay30Emulator/Submit' is clicked on

2020-07-13 22:40:04 - [MESSAGE][PASSED] - Object: 'Object Repository/IWP30/Page_VRelay30Emulator/Submit' is clicked on

2020-07-13 22:40:04 - [TEST_STEP][PASSED] - closeBrowser(): Browser is closed

2020-07-13 22:40:05 - [MESSAGE][PASSED] - Browser is closed

2020-07-13 22:40:05 - [TEST_STEP][PASSED] - openBrowser("https://dev-algorithm.govolution.com/vrelaytest/QA/version_2_2/vrelaytest.html"): Browser is opened with url: 'https://dev-algorithm.govolution.com/vrelaytest/QA/version_2_2/vrelaytest.html'

2020-07-13 22:40:05 - [MESSAGE][INFO] - Starting 'Chrome' driver

2020-07-13 22:40:05 - [MESSAGE][INFO] - User set preference: ['acceptInsecureCerts', 'true']

2020-07-13 22:40:05 - [MESSAGE][INFO] - Action delay is set to 0 milliseconds

2020-07-13 22:40:09 - [MESSAGE][PASSED] - Browser is opened with url: 'https://dev-algorithm.govolution.com/vrelaytest/QA/version_2_2/vrelaytest.html'

2020-07-13 22:40:09 - [TEST_STEP][PASSED] - maximizeWindow(): Current window maximized

2020-07-13 22:40:09 - [MESSAGE][PASSED] - Current window maximized

2020-07-13 22:40:09 - [TEST_STEP][PASSED] - genRemIDVoid = RandomStringUtils.random(12, true, true): null

2020-07-13 22:40:09 - [TEST_STEP][PASSED] - if (verifyElementPresent(findTestObject("Object Repository/IWP30/Page_QATestHarness/RemittanceID"), 30)): null

2020-07-13 22:40:09 - [MESSAGE][PASSED] - Object 'Object Repository/IWP30/Page_QATestHarness/RemittanceID' is present

2020-07-13 22:40:09 - [TEST_STEP][PASSED] - println("We are on Test Harness page, start populating"): null

2020-07-13 22:40:09 - [TEST_STEP][PASSED] - setText(findTestObject("Object Repository/IWP30/Page_QATestHarness/ApplicationID"), AppID): Text '649' is set on object 'Object Repository/IWP30/Page_QATestHarness/ApplicationID'

2020-07-13 22:40:10 - [MESSAGE][PASSED] - Text '649' is set on object 'Object Repository/IWP30/Page_QATestHarness/ApplicationID'

2020-07-13 22:40:10 - [TEST_STEP][PASSED] - setText(findTestObject("Object Repository/IWP30/Page_QATestHarness/MessageVersion"), MessageVersion): Text '3.0' is set on object 'Object Repository/IWP30/Page_QATestHarness/MessageVersion'

2020-07-13 22:40:11 - [MESSAGE][PASSED] - Text '3.0' is set on object 'Object Repository/IWP30/Page_QATestHarness/MessageVersion'

2020-07-13 22:40:11 - [TEST_STEP][PASSED] - setText(findTestObject("Object Repository/IWP30/Page_QATestHarness/RemittanceID"), genRemIDVoid): Text 'hNNcIvJ5DTyY' is set on object 'Object Repository/IWP30/Page_QATestHarness/RemittanceID'

2020-07-13 22:40:12 - [MESSAGE][PASSED] - Text 'hNNcIvJ5DTyY' is set on object 'Object Repository/IWP30/Page_QATestHarness/RemittanceID'

2020-07-13 22:40:12 - [TEST_STEP][PASSED] - click(findTestObject("Object Repository/IWP30/Page_QATestHarness/SubmitButton")): Object: 'Object Repository/IWP30/Page_QATestHarness/SubmitButton' is clicked on

2020-07-13 22:40:13 - [MESSAGE][PASSED] - Object: 'Object Repository/IWP30/Page_QATestHarness/SubmitButton' is clicked on

2020-07-13 22:40:13 - [TEST_STEP][PASSED] - if (verifyElementPresent(findTestObject("Object Repository/IWP30/Page_SelectPaymentMethod/PayByCreditCard"), 30)): null

2020-07-13 22:40:13 - [MESSAGE][PASSED] - Object 'Object Repository/IWP30/Page_SelectPaymentMethod/PayByCreditCard' is present

2020-07-13 22:40:13 - [TEST_STEP][PASSED] - println("We are on Select Payment Method page, start populating"): null

2020-07-13 22:40:13 - [TEST_STEP][PASSED] - check(findTestObject("Object Repository/IWP30/Page_SelectPaymentMethod/PayByCreditCard")): Object 'Object Repository/IWP30/Page_SelectPaymentMethod/PayByCreditCard' is checked

2020-07-13 22:40:14 - [MESSAGE][PASSED] - Object 'Object Repository/IWP30/Page_SelectPaymentMethod/PayByCreditCard' is checked

2020-07-13 22:40:14 - [TEST_STEP][PASSED] - Thread.sleep(1000): null

2020-07-13 22:40:15 - [TEST_STEP][PASSED] - click(findTestObject("Object Repository/IWP30/Page_SelectPaymentMethod/MakePaymentButton")): Object: 'Object Repository/IWP30/Page_SelectPaymentMethod/MakePaymentButton' is clicked on

2020-07-13 22:40:16 - [MESSAGE][PASSED] - Object: 'Object Repository/IWP30/Page_SelectPaymentMethod/MakePaymentButton' is clicked on

2020-07-13 22:40:16 - [TEST_STEP][PASSED] - if (verifyElementPresent(findTestObject("Object Repository/IWP30/Page_CCPaymentEntry/Name"), 30)): null

2020-07-13 22:40:16 - [MESSAGE][PASSED] - Object 'Object Repository/IWP30/Page_CCPaymentEntry/Name' is present

2020-07-13 22:40:16 - [TEST_STEP][PASSED] - println("We are on Credit Card Payment Entry page, start populating"): null

2020-07-13 22:40:16 - [TEST_STEP][PASSED] - if (verifyElementPresent(findTestObject("Object Repository/IWP30/Page_CCPaymentEntry/Amount"), 30)): null

2020-07-13 22:40:17 - [MESSAGE][PASSED] - Object 'Object Repository/IWP30/Page_CCPaymentEntry/Amount' is present

2020-07-13 22:40:17 - [TEST_STEP][PASSED] - if (!(CCAmount.isEmpty())): Text '15.50' is set on object 'Object Repository/IWP30/Page_CCPaymentEntry/Amount'

2020-07-13 22:40:17 - [TEST_STEP][PASSED] - setText(findTestObject("Object Repository/IWP30/Page_CCPaymentEntry/Amount"), CCAmount): Text '15.50' is set on object 'Object Repository/IWP30/Page_CCPaymentEntry/Amount'

2020-07-13 22:40:17 - [MESSAGE][PASSED] - Text '15.50' is set on object 'Object Repository/IWP30/Page_CCPaymentEntry/Amount'

2020-07-13 22:40:17 - [TEST_STEP][PASSED] - if (verifyElementPresent(findTestObject("Object Repository/IWP30/Page_CCPaymentEntry/UserDefined2"), 30)): null

2020-07-13 22:40:18 - [MESSAGE][PASSED] - Object 'Object Repository/IWP30/Page_CCPaymentEntry/UserDefined2' is present

2020-07-13 22:40:18 - [TEST_STEP][PASSED] - if (!(CCUDF2.isEmpty())): Text 'Circle' is set on object 'Object Repository/IWP30/Page_CCPaymentEntry/UserDefined2'

2020-07-13 22:40:18 - [TEST_STEP][PASSED] - setText(findTestObject("Object Repository/IWP30/Page_CCPaymentEntry/UserDefined2"), CCUDF2): Text 'Circle' is set on object 'Object Repository/IWP30/Page_CCPaymentEntry/UserDefined2'

2020-07-13 22:40:18 - [MESSAGE][PASSED] - Text 'Circle' is set on object 'Object Repository/IWP30/Page_CCPaymentEntry/UserDefined2'

2020-07-13 22:40:18 - [TEST_STEP][PASSED] - if (verifyElementPresent(findTestObject("Object Repository/IWP30/Page_CCPaymentEntry/UserDefined3"), 30)): null

2020-07-13 22:40:19 - [MESSAGE][PASSED] - Object 'Object Repository/IWP30/Page_CCPaymentEntry/UserDefined3' is present

2020-07-13 22:40:19 - [TEST_STEP][PASSED] - if (!(CCUDF3.isEmpty())): Text 'Triangle' is set on object 'Object Repository/IWP30/Page_CCPaymentEntry/UserDefined3'

2020-07-13 22:40:19 - [TEST_STEP][PASSED] - setText(findTestObject("Object Repository/IWP30/Page_CCPaymentEntry/UserDefined3"), CCUDF3): Text 'Triangle' is set on object 'Object Repository/IWP30/Page_CCPaymentEntry/UserDefined3'

2020-07-13 22:40:19 - [MESSAGE][PASSED] - Text 'Triangle' is set on object 'Object Repository/IWP30/Page_CCPaymentEntry/UserDefined3'

2020-07-13 22:40:19 - [TEST_STEP][PASSED] - if (verifyElementPresent(findTestObject("Object Repository/IWP30/Page_CCPaymentEntry/UserDefined7"), 30)): null

2020-07-13 22:40:19 - [MESSAGE][PASSED] - Object 'Object Repository/IWP30/Page_CCPaymentEntry/UserDefined7' is present

2020-07-13 22:40:19 - [TEST_STEP][PASSED] - if (!(CCUDF7.isEmpty())): All options with label 'Purple' are selected in object 'Object Repository/IWP30/Page_CCPaymentEntry/UserDefined7' 

2020-07-13 22:40:19 - [TEST_STEP][PASSED] - selectOptionByLabel(findTestObject("Object Repository/IWP30/Page_CCPaymentEntry/UserDefined7"), CCUDF7, false): All options with label 'Purple' are selected in object 'Object Repository/IWP30/Page_CCPaymentEntry/UserDefined7' 

2020-07-13 22:40:20 - [MESSAGE][PASSED] - All options with label 'Purple' are selected in object 'Object Repository/IWP30/Page_CCPaymentEntry/UserDefined7' 

2020-07-13 22:40:20 - [TEST_STEP][PASSED] - if (verifyElementPresent(findTestObject("Object Repository/IWP30/Page_CCPaymentEntry/UserDefined8"), 30)): null

2020-07-13 22:40:20 - [MESSAGE][PASSED] - Object 'Object Repository/IWP30/Page_CCPaymentEntry/UserDefined8' is present

2020-07-13 22:40:20 - [TEST_STEP][PASSED] - if (!(CCUDF8.isEmpty())): All options with label 'Tennis' are selected in object 'Object Repository/IWP30/Page_CCPaymentEntry/UserDefined8' 

2020-07-13 22:40:20 - [TEST_STEP][PASSED] - selectOptionByLabel(findTestObject("Object Repository/IWP30/Page_CCPaymentEntry/UserDefined8"), CCUDF8, false): All options with label 'Tennis' are selected in object 'Object Repository/IWP30/Page_CCPaymentEntry/UserDefined8' 

2020-07-13 22:40:21 - [MESSAGE][PASSED] - All options with label 'Tennis' are selected in object 'Object Repository/IWP30/Page_CCPaymentEntry/UserDefined8' 

2020-07-13 22:40:21 - [TEST_STEP][PASSED] - if (verifyElementPresent(findTestObject("Object Repository/IWP30/Page_CCPaymentEntry/Name"), 30)): null

2020-07-13 22:40:21 - [MESSAGE][PASSED] - Object 'Object Repository/IWP30/Page_CCPaymentEntry/Name' is present

2020-07-13 22:40:21 - [TEST_STEP][PASSED] - if (!(CCName.isEmpty())): Text 'Alan Donald' is set on object 'Object Repository/IWP30/Page_CCPaymentEntry/Name'

2020-07-13 22:40:21 - [TEST_STEP][PASSED] - setText(findTestObject("Object Repository/IWP30/Page_CCPaymentEntry/Name"), CCName): Text 'Alan Donald' is set on object 'Object Repository/IWP30/Page_CCPaymentEntry/Name'

2020-07-13 22:40:22 - [MESSAGE][PASSED] - Text 'Alan Donald' is set on object 'Object Repository/IWP30/Page_CCPaymentEntry/Name'

2020-07-13 22:40:22 - [TEST_STEP][PASSED] - if (verifyElementPresent(findTestObject("Object Repository/IWP30/Page_CCPaymentEntry/CardNumber"), 30)): null

2020-07-13 22:40:22 - [MESSAGE][PASSED] - Object 'Object Repository/IWP30/Page_CCPaymentEntry/CardNumber' is present

2020-07-13 22:40:22 - [TEST_STEP][PASSED] - if (!(CCCardNum.isEmpty())): Text '4111111111111111' is set on object 'Object Repository/IWP30/Page_CCPaymentEntry/CardNumber'

2020-07-13 22:40:22 - [TEST_STEP][PASSED] - setText(findTestObject("Object Repository/IWP30/Page_CCPaymentEntry/CardNumber"), CCCardNum): Text '4111111111111111' is set on object 'Object Repository/IWP30/Page_CCPaymentEntry/CardNumber'

2020-07-13 22:40:23 - [MESSAGE][PASSED] - Text '4111111111111111' is set on object 'Object Repository/IWP30/Page_CCPaymentEntry/CardNumber'

2020-07-13 22:40:23 - [TEST_STEP][PASSED] - if (verifyElementPresent(findTestObject("Object Repository/IWP30/Page_CCPaymentEntry/SPC"), 30)): null

2020-07-13 22:40:23 - [MESSAGE][PASSED] - Object 'Object Repository/IWP30/Page_CCPaymentEntry/SPC' is present

2020-07-13 22:40:23 - [TEST_STEP][PASSED] - if (!(CCSPC.isEmpty())): Text '258' is set on object 'Object Repository/IWP30/Page_CCPaymentEntry/SPC'

2020-07-13 22:40:23 - [TEST_STEP][PASSED] - setText(findTestObject("Object Repository/IWP30/Page_CCPaymentEntry/SPC"), CCSPC): Text '258' is set on object 'Object Repository/IWP30/Page_CCPaymentEntry/SPC'

2020-07-13 22:40:24 - [MESSAGE][PASSED] - Text '258' is set on object 'Object Repository/IWP30/Page_CCPaymentEntry/SPC'

2020-07-13 22:40:24 - [TEST_STEP][PASSED] - if (verifyElementPresent(findTestObject("Object Repository/IWP30/Page_CCPaymentEntry/Month"), 30)): null

2020-07-13 22:40:24 - [MESSAGE][PASSED] - Object 'Object Repository/IWP30/Page_CCPaymentEntry/Month' is present

2020-07-13 22:40:24 - [TEST_STEP][PASSED] - if (!(CCExpM.isEmpty())): All options with label '10' are selected in object 'Object Repository/IWP30/Page_CCPaymentEntry/Month' 

2020-07-13 22:40:24 - [TEST_STEP][PASSED] - selectOptionByLabel(findTestObject("Object Repository/IWP30/Page_CCPaymentEntry/Month"), CCExpM, false): All options with label '10' are selected in object 'Object Repository/IWP30/Page_CCPaymentEntry/Month' 

2020-07-13 22:40:25 - [MESSAGE][PASSED] - All options with label '10' are selected in object 'Object Repository/IWP30/Page_CCPaymentEntry/Month' 

2020-07-13 22:40:25 - [TEST_STEP][PASSED] - if (verifyElementPresent(findTestObject("Object Repository/IWP30/Page_CCPaymentEntry/Year"), 30)): null

2020-07-13 22:40:25 - [MESSAGE][PASSED] - Object 'Object Repository/IWP30/Page_CCPaymentEntry/Year' is present

2020-07-13 22:40:25 - [TEST_STEP][PASSED] - if (!(CCExpY.isEmpty())): All options with label '2025' are selected in object 'Object Repository/IWP30/Page_CCPaymentEntry/Year' 

2020-07-13 22:40:25 - [TEST_STEP][PASSED] - selectOptionByLabel(findTestObject("Object Repository/IWP30/Page_CCPaymentEntry/Year"), CCExpY, false): All options with label '2025' are selected in object 'Object Repository/IWP30/Page_CCPaymentEntry/Year' 

2020-07-13 22:40:26 - [MESSAGE][PASSED] - All options with label '2025' are selected in object 'Object Repository/IWP30/Page_CCPaymentEntry/Year' 

2020-07-13 22:40:26 - [TEST_STEP][PASSED] - if (verifyElementPresent(findTestObject("Object Repository/IWP30/Page_CCPaymentEntry/ProcessDate"), 30)): null

2020-07-13 22:40:26 - [MESSAGE][PASSED] - Object 'Object Repository/IWP30/Page_CCPaymentEntry/ProcessDate' is present

2020-07-13 22:40:26 - [TEST_STEP][PASSED] - if (!(CCDate.isEmpty())): null

2020-07-13 22:40:26 - [TEST_STEP][PASSED] - else: null

2020-07-13 22:40:26 - [TEST_STEP][PASSED] - println("CCDate is not present in the Excel Spreadsheet"): null

2020-07-13 22:40:26 - [TEST_STEP][PASSED] - if (verifyElementPresent(findTestObject("Object Repository/IWP30/Page_CCPaymentEntry/AL1"), 30)): null

2020-07-13 22:40:27 - [MESSAGE][PASSED] - Object 'Object Repository/IWP30/Page_CCPaymentEntry/AL1' is present

2020-07-13 22:40:27 - [TEST_STEP][PASSED] - if (!(CCAL1.isEmpty())): Text 'Mera AL1' is set on object 'Object Repository/IWP30/Page_CCPaymentEntry/AL1'

2020-07-13 22:40:27 - [TEST_STEP][PASSED] - setText(findTestObject("Object Repository/IWP30/Page_CCPaymentEntry/AL1"), CCAL1): Text 'Mera AL1' is set on object 'Object Repository/IWP30/Page_CCPaymentEntry/AL1'

2020-07-13 22:40:27 - [MESSAGE][PASSED] - Text 'Mera AL1' is set on object 'Object Repository/IWP30/Page_CCPaymentEntry/AL1'

2020-07-13 22:40:27 - [TEST_STEP][PASSED] - if (verifyElementPresent(findTestObject("Object Repository/IWP30/Page_CCPaymentEntry/AL2"), 30)): null

2020-07-13 22:40:28 - [MESSAGE][PASSED] - Object 'Object Repository/IWP30/Page_CCPaymentEntry/AL2' is present

2020-07-13 22:40:28 - [TEST_STEP][PASSED] - if (!(CCAL2.isEmpty())): Text 'Mera AL2' is set on object 'Object Repository/IWP30/Page_CCPaymentEntry/AL2'

2020-07-13 22:40:28 - [TEST_STEP][PASSED] - setText(findTestObject("Object Repository/IWP30/Page_CCPaymentEntry/AL2"), CCAL2): Text 'Mera AL2' is set on object 'Object Repository/IWP30/Page_CCPaymentEntry/AL2'

2020-07-13 22:40:28 - [MESSAGE][PASSED] - Text 'Mera AL2' is set on object 'Object Repository/IWP30/Page_CCPaymentEntry/AL2'

2020-07-13 22:40:28 - [TEST_STEP][PASSED] - if (verifyElementPresent(findTestObject("Object Repository/IWP30/Page_CCPaymentEntry/ZIP"), 30)): null

2020-07-13 22:40:29 - [MESSAGE][PASSED] - Object 'Object Repository/IWP30/Page_CCPaymentEntry/ZIP' is present

2020-07-13 22:40:29 - [TEST_STEP][PASSED] - if (!(CCZIP.isEmpty())): Text '21054' is set on object 'Object Repository/IWP30/Page_CCPaymentEntry/ZIP'

2020-07-13 22:40:29 - [TEST_STEP][PASSED] - setText(findTestObject("Object Repository/IWP30/Page_CCPaymentEntry/ZIP"), CCZIP): Text '21054' is set on object 'Object Repository/IWP30/Page_CCPaymentEntry/ZIP'

2020-07-13 22:40:30 - [MESSAGE][PASSED] - Text '21054' is set on object 'Object Repository/IWP30/Page_CCPaymentEntry/ZIP'

2020-07-13 22:40:30 - [TEST_STEP][PASSED] - if (verifyElementPresent(findTestObject("Object Repository/IWP30/Page_CCPaymentEntry/EmailAddress"), 30)): null

2020-07-13 22:40:30 - [MESSAGE][PASSED] - Object 'Object Repository/IWP30/Page_CCPaymentEntry/EmailAddress' is present

2020-07-13 22:40:30 - [TEST_STEP][PASSED] - if (!(CCEmail.isEmpty())): Text 'merae@gmail.com' is set on object 'Object Repository/IWP30/Page_CCPaymentEntry/EmailAddress'

2020-07-13 22:40:30 - [TEST_STEP][PASSED] - setText(findTestObject("Object Repository/IWP30/Page_CCPaymentEntry/EmailAddress"), CCEmail): Text 'merae@gmail.com' is set on object 'Object Repository/IWP30/Page_CCPaymentEntry/EmailAddress'

2020-07-13 22:40:31 - [MESSAGE][PASSED] - Text 'merae@gmail.com' is set on object 'Object Repository/IWP30/Page_CCPaymentEntry/EmailAddress'

2020-07-13 22:40:31 - [TEST_STEP][PASSED] - if (verifyElementPresent(findTestObject("Object Repository/IWP30/Page_CCPaymentEntry/TermCondCheckBox"), 30)): null

2020-07-13 22:40:31 - [MESSAGE][PASSED] - Object 'Object Repository/IWP30/Page_CCPaymentEntry/TermCondCheckBox' is present

2020-07-13 22:40:31 - [TEST_STEP][PASSED] - check(findTestObject("Object Repository/IWP30/Page_CCPaymentEntry/TermCondCheckBox")): Object 'Object Repository/IWP30/Page_CCPaymentEntry/TermCondCheckBox' is checked

2020-07-13 22:40:32 - [MESSAGE][PASSED] - Object 'Object Repository/IWP30/Page_CCPaymentEntry/TermCondCheckBox' is checked

2020-07-13 22:40:32 - [TEST_STEP][PASSED] - if (verifyElementPresent(findTestObject("Object Repository/IWP30/Page_CCPaymentEntry/ContinueButton"), 30)): null

2020-07-13 22:40:32 - [MESSAGE][PASSED] - Object 'Object Repository/IWP30/Page_CCPaymentEntry/ContinueButton' is present

2020-07-13 22:40:32 - [TEST_STEP][PASSED] - click(findTestObject("Object Repository/IWP30/Page_CCPaymentEntry/ContinueButton")): Object: 'Object Repository/IWP30/Page_CCPaymentEntry/ContinueButton' is clicked on

2020-07-13 22:40:33 - [MESSAGE][PASSED] - Object: 'Object Repository/IWP30/Page_CCPaymentEntry/ContinueButton' is clicked on

2020-07-13 22:40:33 - [TEST_STEP][PASSED] - if (verifyTextPresent("Please verify the following information", false)): null

2020-07-13 22:40:34 - [MESSAGE][PASSED] - Text 'Please verify the following information' is present on page 

2020-07-13 22:40:34 - [TEST_STEP][PASSED] - println("Please verify the following information text is present on the Confirmation page"): null

2020-07-13 22:40:34 - [TEST_STEP][PASSED] - if (verifyTextPresent("Is this information correct?", false)): null

2020-07-13 22:40:34 - [MESSAGE][PASSED] - Text 'Is this information correct?' is present on page 

2020-07-13 22:40:34 - [TEST_STEP][PASSED] - println("Is this information correct text is present on the Confirmation page"): null

2020-07-13 22:40:34 - [TEST_STEP][PASSED] - if (verifyElementPresent(findTestObject("Object Repository/IWP30/Page_Confirmation/ConfirmButton"), 30)): null

2020-07-13 22:40:34 - [MESSAGE][PASSED] - Object 'Object Repository/IWP30/Page_Confirmation/ConfirmButton' is present

2020-07-13 22:40:34 - [TEST_STEP][PASSED] - click(findTestObject("Object Repository/IWP30/Page_Confirmation/ConfirmButton")): Object: 'Object Repository/IWP30/Page_Confirmation/ConfirmButton' is clicked on

2020-07-13 22:40:35 - [MESSAGE][PASSED] - Object: 'Object Repository/IWP30/Page_Confirmation/ConfirmButton' is clicked on

2020-07-13 22:40:35 - [TEST_STEP][PASSED] - Thread.sleep(10000): null

2020-07-13 22:40:45 - [TEST_STEP][PASSED] - if (verifyTextPresent("Successful Payment Receipt", false)): null

2020-07-13 22:40:46 - [MESSAGE][PASSED] - Text 'Successful Payment Receipt' is present on page 

2020-07-13 22:40:46 - [TEST_STEP][PASSED] - println("Successful Payment Receipt text is present on the Receipt page"): null

2020-07-13 22:40:46 - [TEST_STEP][PASSED] - if (verifyTextPresent("Please print this receipt for your records", false)): null

2020-07-13 22:40:46 - [MESSAGE][PASSED] - Text 'Please print this receipt for your records' is present on page 

2020-07-13 22:40:46 - [TEST_STEP][PASSED] - println("Please print this receipt for your records text is present on the Receipt page"): null

2020-07-13 22:40:46 - [TEST_STEP][PASSED] - if (verifyElementPresent(findTestObject("Object Repository/IWP30/Page_Receipt/ExitButton"), 30)): null

2020-07-13 22:40:46 - [MESSAGE][PASSED] - Object 'Object Repository/IWP30/Page_Receipt/ExitButton' is present

2020-07-13 22:40:46 - [TEST_STEP][PASSED] - println("Exit Button is present on the Receipt page"): null

2020-07-13 22:40:46 - [TEST_STEP][PASSED] - closeBrowser(): Browser is closed

2020-07-13 22:40:47 - [MESSAGE][PASSED] - Browser is closed]]></system-out>
         <system-err><![CDATA[2020-07-13 22:28:06 - [TEST_CASE][FAILED] - Test Cases/IntegratedWeb/IWP30/PayNowReqFieldsCC: Test Cases/IntegratedWeb/IWP30/PayNowReqFieldsCC FAILED.
Reason:
com.kms.katalon.core.exception.StepFailedException: Text 'Please verify the following information' is not present on page  (Root cause: com.kms.katalon.core.exception.StepFailedException: Text 'Please verify the following information' is not present on page 
	at com.kms.katalon.core.webui.keyword.internal.WebUIKeywordMain.stepFailed(WebUIKeywordMain.groovy:64)
	at com.kms.katalon.core.webui.keyword.builtin.VerifyTextPresentKeyword$_verifyTextPresent_closure1.doCall(VerifyTextPresentKeyword.groovy:79)
	at com.kms.katalon.core.webui.keyword.builtin.VerifyTextPresentKeyword$_verifyTextPresent_closure1.call(VerifyTextPresentKeyword.groovy)
	at com.kms.katalon.core.webui.keyword.internal.WebUIKeywordMain.runKeyword(WebUIKeywordMain.groovy:20)
	at com.kms.katalon.core.webui.keyword.builtin.VerifyTextPresentKeyword.verifyTextPresent(VerifyTextPresentKeyword.groovy:83)
	at com.kms.katalon.core.webui.keyword.builtin.VerifyTextPresentKeyword.execute(VerifyTextPresentKeyword.groovy:68)
	at com.kms.katalon.core.keyword.internal.KeywordExecutor.executeKeywordForPlatform(KeywordExecutor.groovy:72)
	at com.kms.katalon.core.webui.keyword.WebUiBuiltInKeywords.verifyTextPresent(WebUiBuiltInKeywords.groovy:1719)
	at com.kms.katalon.core.webui.keyword.WebUiBuiltInKeywords$verifyTextPresent$8.call(Unknown Source)
	at PayNowReqFieldsCC.run(PayNowReqFieldsCC:567)
	at com.kms.katalon.core.main.ScriptEngine.run(ScriptEngine.java:194)
	at com.kms.katalon.core.main.ScriptEngine.runScriptAsRawText(ScriptEngine.java:119)
	at com.kms.katalon.core.main.TestCaseExecutor.runScript(TestCaseExecutor.java:337)
	at com.kms.katalon.core.main.TestCaseExecutor.doExecute(TestCaseExecutor.java:328)
	at com.kms.katalon.core.main.TestCaseExecutor.processExecutionPhase(TestCaseExecutor.java:307)
	at com.kms.katalon.core.main.TestCaseExecutor.accessMainPhase(TestCaseExecutor.java:299)
	at com.kms.katalon.core.main.TestCaseExecutor.execute(TestCaseExecutor.java:233)
	at com.kms.katalon.core.main.TestSuiteExecutor.accessTestCaseMainPhase(TestSuiteExecutor.java:169)
	at com.kms.katalon.core.main.TestSuiteExecutor.accessTestSuiteMainPhase(TestSuiteExecutor.java:142)
	at com.kms.katalon.core.main.TestSuiteExecutor.execute(TestSuiteExecutor.java:91)
	at com.kms.katalon.core.main.TestCaseMain.startTestSuite(TestCaseMain.java:157)
	at com.kms.katalon.core.main.TestCaseMain$startTestSuite$0.call(Unknown Source)
	at TempTestSuite1594693683341.run(TempTestSuite1594693683341.groovy:37)
)
	at com.kms.katalon.core.keyword.internal.KeywordMain.stepFailed(KeywordMain.groovy:39)
	at com.kms.katalon.core.webui.keyword.internal.WebUIKeywordMain.stepFailed(WebUIKeywordMain.groovy:64)
	at com.kms.katalon.core.webui.keyword.builtin.VerifyTextPresentKeyword$_verifyTextPresent_closure1.doCall(VerifyTextPresentKeyword.groovy:79)
	at com.kms.katalon.core.webui.keyword.builtin.VerifyTextPresentKeyword$_verifyTextPresent_closure1.call(VerifyTextPresentKeyword.groovy)
	at com.kms.katalon.core.webui.keyword.internal.WebUIKeywordMain.runKeyword(WebUIKeywordMain.groovy:20)
	at com.kms.katalon.core.webui.keyword.builtin.VerifyTextPresentKeyword.verifyTextPresent(VerifyTextPresentKeyword.groovy:83)
	at com.kms.katalon.core.webui.keyword.builtin.VerifyTextPresentKeyword.execute(VerifyTextPresentKeyword.groovy:68)
	at com.kms.katalon.core.keyword.internal.KeywordExecutor.executeKeywordForPlatform(KeywordExecutor.groovy:72)
	at com.kms.katalon.core.webui.keyword.WebUiBuiltInKeywords.verifyTextPresent(WebUiBuiltInKeywords.groovy:1719)
	at com.kms.katalon.core.webui.keyword.WebUiBuiltInKeywords$verifyTextPresent$8.call(Unknown Source)
	at PayNowReqFieldsCC.run(PayNowReqFieldsCC:567)
	at com.kms.katalon.core.main.ScriptEngine.run(ScriptEngine.java:194)
	at com.kms.katalon.core.main.ScriptEngine.runScriptAsRawText(ScriptEngine.java:119)
	at com.kms.katalon.core.main.TestCaseExecutor.runScript(TestCaseExecutor.java:337)
	at com.kms.katalon.core.main.TestCaseExecutor.doExecute(TestCaseExecutor.java:328)
	at com.kms.katalon.core.main.TestCaseExecutor.processExecutionPhase(TestCaseExecutor.java:307)
	at com.kms.katalon.core.main.TestCaseExecutor.accessMainPhase(TestCaseExecutor.java:299)
	at com.kms.katalon.core.main.TestCaseExecutor.execute(TestCaseExecutor.java:233)
	at com.kms.katalon.core.main.TestSuiteExecutor.accessTestCaseMainPhase(TestSuiteExecutor.java:169)
	at com.kms.katalon.core.main.TestSuiteExecutor.accessTestSuiteMainPhase(TestSuiteExecutor.java:142)
	at com.kms.katalon.core.main.TestSuiteExecutor.execute(TestSuiteExecutor.java:91)
	at com.kms.katalon.core.main.TestCaseMain.startTestSuite(TestCaseMain.java:157)
	at com.kms.katalon.core.main.TestCaseMain$startTestSuite$0.call(Unknown Source)
	at TempTestSuite1594693683341.run(TempTestSuite1594693683341.groovy:37)
Caused by: com.kms.katalon.core.exception.StepFailedException: Text 'Please verify the following information' is not present on page 
	... 23 more]]></system-err>
      </testcase>
      <testcase name="Test Cases/IntegratedWeb/IWP30/Misc" time="792.693" classname="Test Cases/IntegratedWeb/IWP30/Misc" status="FAILED">
         <failure type="FAILED" message="Test Cases/IntegratedWeb/IWP30/Misc FAILED.
Reason:
com.kms.katalon.core.exception.StepFailedException: Text 'Please verify the following information' is not present on page  (Root cause: com.kms.katalon.core.exception.StepFailedException: Text 'Please verify the following information' is not present on page 
	at com.kms.katalon.core.webui.keyword.internal.WebUIKeywordMain.stepFailed(WebUIKeywordMain.groovy:64)
	at com.kms.katalon.core.webui.keyword.builtin.VerifyTextPresentKeyword$_verifyTextPresent_closure1.doCall(VerifyTextPresentKeyword.groovy:79)
	at com.kms.katalon.core.webui.keyword.builtin.VerifyTextPresentKeyword$_verifyTextPresent_closure1.call(VerifyTextPresentKeyword.groovy)
	at com.kms.katalon.core.webui.keyword.internal.WebUIKeywordMain.runKeyword(WebUIKeywordMain.groovy:20)
	at com.kms.katalon.core.webui.keyword.builtin.VerifyTextPresentKeyword.verifyTextPresent(VerifyTextPresentKeyword.groovy:83)
	at com.kms.katalon.core.webui.keyword.builtin.VerifyTextPresentKeyword.execute(VerifyTextPresentKeyword.groovy:68)
	at com.kms.katalon.core.keyword.internal.KeywordExecutor.executeKeywordForPlatform(KeywordExecutor.groovy:72)
	at com.kms.katalon.core.webui.keyword.WebUiBuiltInKeywords.verifyTextPresent(WebUiBuiltInKeywords.groovy:1719)
	at com.kms.katalon.core.webui.keyword.WebUiBuiltInKeywords$verifyTextPresent$8.call(Unknown Source)
	at Misc.run(Misc:90)
	at com.kms.katalon.core.main.ScriptEngine.run(ScriptEngine.java:194)
	at com.kms.katalon.core.main.ScriptEngine.runScriptAsRawText(ScriptEngine.java:119)
	at com.kms.katalon.core.main.TestCaseExecutor.runScript(TestCaseExecutor.java:337)
	at com.kms.katalon.core.main.TestCaseExecutor.doExecute(TestCaseExecutor.java:328)
	at com.kms.katalon.core.main.TestCaseExecutor.processExecutionPhase(TestCaseExecutor.java:307)
	at com.kms.katalon.core.main.TestCaseExecutor.accessMainPhase(TestCaseExecutor.java:299)
	at com.kms.katalon.core.main.TestCaseExecutor.execute(TestCaseExecutor.java:233)
	at com.kms.katalon.core.main.TestSuiteExecutor.accessTestCaseMainPhase(TestSuiteExecutor.java:169)
	at com.kms.katalon.core.main.TestSuiteExecutor.accessTestSuiteMainPhase(TestSuiteExecutor.java:142)
	at com.kms.katalon.core.main.TestSuiteExecutor.execute(TestSuiteExecutor.java:91)
	at com.kms.katalon.core.main.TestCaseMain.startTestSuite(TestCaseMain.java:157)
	at com.kms.katalon.core.main.TestCaseMain$startTestSuite$0.call(Unknown Source)
	at TempTestSuite1594693683341.run(TempTestSuite1594693683341.groovy:37)
)
	at com.kms.katalon.core.keyword.internal.KeywordMain.stepFailed(KeywordMain.groovy:39)
	at com.kms.katalon.core.webui.keyword.internal.WebUIKeywordMain.stepFailed(WebUIKeywordMain.groovy:64)
	at com.kms.katalon.core.webui.keyword.builtin.VerifyTextPresentKeyword$_verifyTextPresent_closure1.doCall(VerifyTextPresentKeyword.groovy:79)
	at com.kms.katalon.core.webui.keyword.builtin.VerifyTextPresentKeyword$_verifyTextPresent_closure1.call(VerifyTextPresentKeyword.groovy)
	at com.kms.katalon.core.webui.keyword.internal.WebUIKeywordMain.runKeyword(WebUIKeywordMain.groovy:20)
	at com.kms.katalon.core.webui.keyword.builtin.VerifyTextPresentKeyword.verifyTextPresent(VerifyTextPresentKeyword.groovy:83)
	at com.kms.katalon.core.webui.keyword.builtin.VerifyTextPresentKeyword.execute(VerifyTextPresentKeyword.groovy:68)
	at com.kms.katalon.core.keyword.internal.KeywordExecutor.executeKeywordForPlatform(KeywordExecutor.groovy:72)
	at com.kms.katalon.core.webui.keyword.WebUiBuiltInKeywords.verifyTextPresent(WebUiBuiltInKeywords.groovy:1719)
	at com.kms.katalon.core.webui.keyword.WebUiBuiltInKeywords$verifyTextPresent$8.call(Unknown Source)
	at Misc.run(Misc:90)
	at com.kms.katalon.core.main.ScriptEngine.run(ScriptEngine.java:194)
	at com.kms.katalon.core.main.ScriptEngine.runScriptAsRawText(ScriptEngine.java:119)
	at com.kms.katalon.core.main.TestCaseExecutor.runScript(TestCaseExecutor.java:337)
	at com.kms.katalon.core.main.TestCaseExecutor.doExecute(TestCaseExecutor.java:328)
	at com.kms.katalon.core.main.TestCaseExecutor.processExecutionPhase(TestCaseExecutor.java:307)
	at com.kms.katalon.core.main.TestCaseExecutor.accessMainPhase(TestCaseExecutor.java:299)
	at com.kms.katalon.core.main.TestCaseExecutor.execute(TestCaseExecutor.java:233)
	at com.kms.katalon.core.main.TestSuiteExecutor.accessTestCaseMainPhase(TestSuiteExecutor.java:169)
	at com.kms.katalon.core.main.TestSuiteExecutor.accessTestSuiteMainPhase(TestSuiteExecutor.java:142)
	at com.kms.katalon.core.main.TestSuiteExecutor.execute(TestSuiteExecutor.java:91)
	at com.kms.katalon.core.main.TestCaseMain.startTestSuite(TestCaseMain.java:157)
	at com.kms.katalon.core.main.TestCaseMain$startTestSuite$0.call(Unknown Source)
	at TempTestSuite1594693683341.run(TempTestSuite1594693683341.groovy:37)
Caused by: com.kms.katalon.core.exception.StepFailedException: Text 'Please verify the following information' is not present on page 
	... 23 more
"/>
         <system-out><![CDATA[2020-07-13 22:40:47 - [TEST_CASE][FAILED] - Test Cases/IntegratedWeb/IWP30/Misc: Test Cases/IntegratedWeb/IWP30/Misc FAILED.
Reason:
com.kms.katalon.core.exception.StepFailedException: Text 'Please verify the following information' is not present on page  (Root cause: com.kms.katalon.core.exception.StepFailedException: Text 'Please verify the following information' is not present on page 
	at com.kms.katalon.core.webui.keyword.internal.WebUIKeywordMain.stepFailed(WebUIKeywordMain.groovy:64)
	at com.kms.katalon.core.webui.keyword.builtin.VerifyTextPresentKeyword$_verifyTextPresent_closure1.doCall(VerifyTextPresentKeyword.groovy:79)
	at com.kms.katalon.core.webui.keyword.builtin.VerifyTextPresentKeyword$_verifyTextPresent_closure1.call(VerifyTextPresentKeyword.groovy)
	at com.kms.katalon.core.webui.keyword.internal.WebUIKeywordMain.runKeyword(WebUIKeywordMain.groovy:20)
	at com.kms.katalon.core.webui.keyword.builtin.VerifyTextPresentKeyword.verifyTextPresent(VerifyTextPresentKeyword.groovy:83)
	at com.kms.katalon.core.webui.keyword.builtin.VerifyTextPresentKeyword.execute(VerifyTextPresentKeyword.groovy:68)
	at com.kms.katalon.core.keyword.internal.KeywordExecutor.executeKeywordForPlatform(KeywordExecutor.groovy:72)
	at com.kms.katalon.core.webui.keyword.WebUiBuiltInKeywords.verifyTextPresent(WebUiBuiltInKeywords.groovy:1719)
	at com.kms.katalon.core.webui.keyword.WebUiBuiltInKeywords$verifyTextPresent$8.call(Unknown Source)
	at Misc.run(Misc:90)
	at com.kms.katalon.core.main.ScriptEngine.run(ScriptEngine.java:194)
	at com.kms.katalon.core.main.ScriptEngine.runScriptAsRawText(ScriptEngine.java:119)
	at com.kms.katalon.core.main.TestCaseExecutor.runScript(TestCaseExecutor.java:337)
	at com.kms.katalon.core.main.TestCaseExecutor.doExecute(TestCaseExecutor.java:328)
	at com.kms.katalon.core.main.TestCaseExecutor.processExecutionPhase(TestCaseExecutor.java:307)
	at com.kms.katalon.core.main.TestCaseExecutor.accessMainPhase(TestCaseExecutor.java:299)
	at com.kms.katalon.core.main.TestCaseExecutor.execute(TestCaseExecutor.java:233)
	at com.kms.katalon.core.main.TestSuiteExecutor.accessTestCaseMainPhase(TestSuiteExecutor.java:169)
	at com.kms.katalon.core.main.TestSuiteExecutor.accessTestSuiteMainPhase(TestSuiteExecutor.java:142)
	at com.kms.katalon.core.main.TestSuiteExecutor.execute(TestSuiteExecutor.java:91)
	at com.kms.katalon.core.main.TestCaseMain.startTestSuite(TestCaseMain.java:157)
	at com.kms.katalon.core.main.TestCaseMain$startTestSuite$0.call(Unknown Source)
	at TempTestSuite1594693683341.run(TempTestSuite1594693683341.groovy:37)
)
	at com.kms.katalon.core.keyword.internal.KeywordMain.stepFailed(KeywordMain.groovy:39)
	at com.kms.katalon.core.webui.keyword.internal.WebUIKeywordMain.stepFailed(WebUIKeywordMain.groovy:64)
	at com.kms.katalon.core.webui.keyword.builtin.VerifyTextPresentKeyword$_verifyTextPresent_closure1.doCall(VerifyTextPresentKeyword.groovy:79)
	at com.kms.katalon.core.webui.keyword.builtin.VerifyTextPresentKeyword$_verifyTextPresent_closure1.call(VerifyTextPresentKeyword.groovy)
	at com.kms.katalon.core.webui.keyword.internal.WebUIKeywordMain.runKeyword(WebUIKeywordMain.groovy:20)
	at com.kms.katalon.core.webui.keyword.builtin.VerifyTextPresentKeyword.verifyTextPresent(VerifyTextPresentKeyword.groovy:83)
	at com.kms.katalon.core.webui.keyword.builtin.VerifyTextPresentKeyword.execute(VerifyTextPresentKeyword.groovy:68)
	at com.kms.katalon.core.keyword.internal.KeywordExecutor.executeKeywordForPlatform(KeywordExecutor.groovy:72)
	at com.kms.katalon.core.webui.keyword.WebUiBuiltInKeywords.verifyTextPresent(WebUiBuiltInKeywords.groovy:1719)
	at com.kms.katalon.core.webui.keyword.WebUiBuiltInKeywords$verifyTextPresent$8.call(Unknown Source)
	at Misc.run(Misc:90)
	at com.kms.katalon.core.main.ScriptEngine.run(ScriptEngine.java:194)
	at com.kms.katalon.core.main.ScriptEngine.runScriptAsRawText(ScriptEngine.java:119)
	at com.kms.katalon.core.main.TestCaseExecutor.runScript(TestCaseExecutor.java:337)
	at com.kms.katalon.core.main.TestCaseExecutor.doExecute(TestCaseExecutor.java:328)
	at com.kms.katalon.core.main.TestCaseExecutor.processExecutionPhase(TestCaseExecutor.java:307)
	at com.kms.katalon.core.main.TestCaseExecutor.accessMainPhase(TestCaseExecutor.java:299)
	at com.kms.katalon.core.main.TestCaseExecutor.execute(TestCaseExecutor.java:233)
	at com.kms.katalon.core.main.TestSuiteExecutor.accessTestCaseMainPhase(TestSuiteExecutor.java:169)
	at com.kms.katalon.core.main.TestSuiteExecutor.accessTestSuiteMainPhase(TestSuiteExecutor.java:142)
	at com.kms.katalon.core.main.TestSuiteExecutor.execute(TestSuiteExecutor.java:91)
	at com.kms.katalon.core.main.TestCaseMain.startTestSuite(TestCaseMain.java:157)
	at com.kms.katalon.core.main.TestCaseMain$startTestSuite$0.call(Unknown Source)
	at TempTestSuite1594693683341.run(TempTestSuite1594693683341.groovy:37)
Caused by: com.kms.katalon.core.exception.StepFailedException: Text 'Please verify the following information' is not present on page 
	... 23 more


2020-07-13 22:40:47 - [TEST_STEP][PASSED] - numOfRows = findTestData("IWP30PayNowCC").getRowNumbers(): null

2020-07-13 22:40:47 - [TEST_STEP][PASSED] - println(numOfRows): null

2020-07-13 22:40:47 - [TEST_STEP][PASSED] - dataFile = "IWP30PayNowCC": null

2020-07-13 22:40:47 - [TEST_STEP][FAILED] - for ([row = 1, row <= numOfRows, (row++)]): null

2020-07-13 22:40:47 - [TEST_STEP][PASSED] - openBrowser("https://qa.velocitypayment.com/agency/config.do?action=editor"): Browser is opened with url: 'https://qa.velocitypayment.com/agency/config.do?action=editor'

2020-07-13 22:40:47 - [MESSAGE][INFO] - Starting 'Chrome' driver

2020-07-13 22:40:47 - [MESSAGE][INFO] - User set preference: ['acceptInsecureCerts', 'true']

2020-07-13 22:40:47 - [MESSAGE][INFO] - Action delay is set to 0 milliseconds

2020-07-13 22:40:52 - [MESSAGE][PASSED] - Browser is opened with url: 'https://qa.velocitypayment.com/agency/config.do?action=editor'

2020-07-13 22:40:52 - [TEST_STEP][PASSED] - maximizeWindow(): Current window maximized

2020-07-13 22:40:52 - [MESSAGE][PASSED] - Current window maximized

2020-07-13 22:40:52 - [TEST_STEP][PASSED] - iwpPages.emulatorIWP30.getSetData(row, dataFile): iwpPages.emulatorIWP30.getSetData is PASSED

2020-07-13 22:40:54 - [MESSAGE][PASSED] - All options with value '3.0' are selected in object 'Object Repository/IWP30/Page_VRelay30Emulator/MV'  using regular expression

2020-07-13 22:40:54 - [MESSAGE][PASSED] - Text '10.50' is set on object 'Object Repository/IWP30/Page_VRelay30Emulator/Amount'

2020-07-13 22:40:55 - [MESSAGE][PASSED] - Text '26411005' is set on object 'Object Repository/IWP30/Page_VRelay30Emulator/CAN'

2020-07-13 22:40:55 - [MESSAGE][PASSED] - Text 'PayNow' is set on object 'Object Repository/IWP30/Page_VRelay30Emulator/Action'

2020-07-13 22:40:56 - [MESSAGE][PASSED] - Text 'en_US' is set on object 'Object Repository/IWP30/Page_VRelay30Emulator/Lang'

2020-07-13 22:40:57 - [MESSAGE][PASSED] - Text '' is set on object 'Object Repository/IWP30/Page_VRelay30Emulator/Fname'

2020-07-13 22:40:57 - [MESSAGE][PASSED] - Text '' is set on object 'Object Repository/IWP30/Page_VRelay30Emulator/Lname'

2020-07-13 22:40:58 - [MESSAGE][PASSED] - Text '' is set on object 'Object Repository/IWP30/Page_VRelay30Emulator/AL1'

2020-07-13 22:40:59 - [MESSAGE][PASSED] - Text '' is set on object 'Object Repository/IWP30/Page_VRelay30Emulator/AL2'

2020-07-13 22:40:59 - [MESSAGE][PASSED] - Text '840' is set on object 'Object Repository/IWP30/Page_VRelay30Emulator/Country'

2020-07-13 22:41:00 - [MESSAGE][PASSED] - Text '' is set on object 'Object Repository/IWP30/Page_VRelay30Emulator/City'

2020-07-13 22:41:01 - [MESSAGE][PASSED] - Text '' is set on object 'Object Repository/IWP30/Page_VRelay30Emulator/State'

2020-07-13 22:41:01 - [MESSAGE][PASSED] - Text '' is set on object 'Object Repository/IWP30/Page_VRelay30Emulator/ZIP'

2020-07-13 22:41:02 - [MESSAGE][PASSED] - Text '' is set on object 'Object Repository/IWP30/Page_VRelay30Emulator/Order'

2020-07-13 22:41:03 - [MESSAGE][PASSED] - Text '' is set on object 'Object Repository/IWP30/Page_VRelay30Emulator/Company'

2020-07-13 22:41:03 - [MESSAGE][PASSED] - Text '' is set on object 'Object Repository/IWP30/Page_VRelay30Emulator/Email'

2020-07-13 22:41:04 - [MESSAGE][PASSED] - Text '' is set on object 'Object Repository/IWP30/Page_VRelay30Emulator/UDF1'

2020-07-13 22:41:05 - [MESSAGE][PASSED] - Text '' is set on object 'Object Repository/IWP30/Page_VRelay30Emulator/UDF2'

2020-07-13 22:41:05 - [MESSAGE][PASSED] - Text '' is set on object 'Object Repository/IWP30/Page_VRelay30Emulator/UDF3'

2020-07-13 22:41:06 - [MESSAGE][PASSED] - Text 'udf data 4' is set on object 'Object Repository/IWP30/Page_VRelay30Emulator/UDF4'

2020-07-13 22:41:07 - [MESSAGE][PASSED] - Text 'udf data 5' is set on object 'Object Repository/IWP30/Page_VRelay30Emulator/UDF5'

2020-07-13 22:41:08 - [MESSAGE][PASSED] - Text '' is set on object 'Object Repository/IWP30/Page_VRelay30Emulator/UDF6'

2020-07-13 22:41:08 - [MESSAGE][PASSED] - Text '' is set on object 'Object Repository/IWP30/Page_VRelay30Emulator/UDF7'

2020-07-13 22:41:09 - [MESSAGE][PASSED] - Text '' is set on object 'Object Repository/IWP30/Page_VRelay30Emulator/UDF8'

2020-07-13 22:41:10 - [MESSAGE][PASSED] - Text 'udf data 9' is set on object 'Object Repository/IWP30/Page_VRelay30Emulator/UDF9'

2020-07-13 22:41:10 - [MESSAGE][PASSED] - Text 'udf data 10' is set on object 'Object Repository/IWP30/Page_VRelay30Emulator/UDF10'

2020-07-13 22:41:21 - [MESSAGE][PASSED] - Object: 'Object Repository/IWP30/Page_VRelay30Emulator/Submit' is clicked on

2020-07-13 22:41:21 - [MESSAGE][PASSED] - iwpPages.emulatorIWP30.getSetData is PASSED

2020-07-13 22:41:21 - [TEST_STEP][PASSED] - closeBrowser(): Browser is closed

2020-07-13 22:41:22 - [MESSAGE][PASSED] - Browser is closed

2020-07-13 22:41:22 - [TEST_STEP][PASSED] - openBrowser("https://dev-algorithm.govolution.com/vrelaytest/QA/version_2_2/vrelaytest.html"): Browser is opened with url: 'https://dev-algorithm.govolution.com/vrelaytest/QA/version_2_2/vrelaytest.html'

2020-07-13 22:41:22 - [MESSAGE][INFO] - Starting 'Chrome' driver

2020-07-13 22:41:22 - [MESSAGE][INFO] - User set preference: ['acceptInsecureCerts', 'true']

2020-07-13 22:41:22 - [MESSAGE][INFO] - Action delay is set to 0 milliseconds

2020-07-13 22:41:25 - [MESSAGE][PASSED] - Browser is opened with url: 'https://dev-algorithm.govolution.com/vrelaytest/QA/version_2_2/vrelaytest.html'

2020-07-13 22:41:25 - [TEST_STEP][PASSED] - maximizeWindow(): Current window maximized

2020-07-13 22:41:25 - [MESSAGE][PASSED] - Current window maximized

2020-07-13 22:41:25 - [TEST_STEP][PASSED] - iwpPages.TestHarnessPage.setDataMethod(row, dataFile): iwpPages.TestHarnessPage.setDataMethod is PASSED

2020-07-13 22:41:26 - [MESSAGE][PASSED] - Object 'Object Repository/IWP30/Page_QATestHarness/RemittanceID' is present

2020-07-13 22:41:26 - [MESSAGE][PASSED] - Text '649' is set on object 'Object Repository/IWP30/Page_QATestHarness/ApplicationID'

2020-07-13 22:41:27 - [MESSAGE][PASSED] - Text '3.0' is set on object 'Object Repository/IWP30/Page_QATestHarness/MessageVersion'

2020-07-13 22:41:28 - [MESSAGE][PASSED] - Text 'fsVISsmJw9A6' is set on object 'Object Repository/IWP30/Page_QATestHarness/RemittanceID'

2020-07-13 22:41:29 - [MESSAGE][PASSED] - Object: 'Object Repository/IWP30/Page_QATestHarness/SubmitButton' is clicked on

2020-07-13 22:41:29 - [MESSAGE][PASSED] - iwpPages.TestHarnessPage.setDataMethod is PASSED

2020-07-13 22:41:29 - [TEST_STEP][PASSED] - if (verifyElementPresent(findTestObject("Object Repository/IWP30/Page_SelectPaymentMethod/PayByCreditCard"), 30)): null

2020-07-13 22:41:29 - [MESSAGE][PASSED] - Object 'Object Repository/IWP30/Page_SelectPaymentMethod/PayByCreditCard' is present

2020-07-13 22:41:29 - [TEST_STEP][PASSED] - println("We are on Select Payment Method page, start populating"): null

2020-07-13 22:41:29 - [TEST_STEP][PASSED] - check(findTestObject("Object Repository/IWP30/Page_SelectPaymentMethod/PayByCreditCard")): Object 'Object Repository/IWP30/Page_SelectPaymentMethod/PayByCreditCard' is checked

2020-07-13 22:41:30 - [MESSAGE][PASSED] - Object 'Object Repository/IWP30/Page_SelectPaymentMethod/PayByCreditCard' is checked

2020-07-13 22:41:30 - [TEST_STEP][PASSED] - Thread.sleep(1000): null

2020-07-13 22:41:31 - [TEST_STEP][PASSED] - click(findTestObject("Object Repository/IWP30/Page_SelectPaymentMethod/MakePaymentButton")): Object: 'Object Repository/IWP30/Page_SelectPaymentMethod/MakePaymentButton' is clicked on

2020-07-13 22:41:32 - [MESSAGE][PASSED] - Object: 'Object Repository/IWP30/Page_SelectPaymentMethod/MakePaymentButton' is clicked on

2020-07-13 22:41:32 - [TEST_STEP][PASSED] - iwpPages.ccPaymentEntryPage.setDataCCPM(row, dataFile): iwpPages.ccPaymentEntryPage.setDataCCPM is PASSED

2020-07-13 22:41:33 - [MESSAGE][PASSED] - Object 'Object Repository/IWP30/Page_CCPaymentEntry/Name' is present

2020-07-13 22:41:33 - [MESSAGE][PASSED] - Object 'Object Repository/IWP30/Page_CCPaymentEntry/Amount' is present

2020-07-13 22:41:34 - [MESSAGE][PASSED] - Text '20.50' is set on object 'Object Repository/IWP30/Page_CCPaymentEntry/Amount'

2020-07-13 22:41:34 - [MESSAGE][PASSED] - Object 'Object Repository/IWP30/Page_CCPaymentEntry/UserDefined2' is present

2020-07-13 22:41:34 - [MESSAGE][PASSED] - Text 'Number 2' is set on object 'Object Repository/IWP30/Page_CCPaymentEntry/UserDefined2'

2020-07-13 22:41:35 - [MESSAGE][PASSED] - Object 'Object Repository/IWP30/Page_CCPaymentEntry/UserDefined3' is present

2020-07-13 22:41:35 - [MESSAGE][PASSED] - Text 'Number 3' is set on object 'Object Repository/IWP30/Page_CCPaymentEntry/UserDefined3'

2020-07-13 22:41:36 - [MESSAGE][PASSED] - Object 'Object Repository/IWP30/Page_CCPaymentEntry/UserDefined7' is present

2020-07-13 22:41:36 - [MESSAGE][PASSED] - All options with label 'Orange' are selected in object 'Object Repository/IWP30/Page_CCPaymentEntry/UserDefined7' 

2020-07-13 22:41:36 - [MESSAGE][PASSED] - Object 'Object Repository/IWP30/Page_CCPaymentEntry/UserDefined8' is present

2020-07-13 22:41:37 - [MESSAGE][PASSED] - All options with label 'Tennis' are selected in object 'Object Repository/IWP30/Page_CCPaymentEntry/UserDefined8' 

2020-07-13 22:41:37 - [MESSAGE][PASSED] - Object 'Object Repository/IWP30/Page_CCPaymentEntry/Name' is present

2020-07-13 22:41:38 - [MESSAGE][PASSED] - Text 'Mera Naam' is set on object 'Object Repository/IWP30/Page_CCPaymentEntry/Name'

2020-07-13 22:41:38 - [MESSAGE][PASSED] - Object 'Object Repository/IWP30/Page_CCPaymentEntry/CardNumber' is present

2020-07-13 22:41:39 - [MESSAGE][PASSED] - Text '4111111111111111' is set on object 'Object Repository/IWP30/Page_CCPaymentEntry/CardNumber'

2020-07-13 22:41:39 - [MESSAGE][PASSED] - Object 'Object Repository/IWP30/Page_CCPaymentEntry/SPC' is present

2020-07-13 22:41:40 - [MESSAGE][PASSED] - Text '123' is set on object 'Object Repository/IWP30/Page_CCPaymentEntry/SPC'

2020-07-13 22:41:40 - [MESSAGE][PASSED] - Object 'Object Repository/IWP30/Page_CCPaymentEntry/Month' is present

2020-07-13 22:41:41 - [MESSAGE][PASSED] - All options with label '09' are selected in object 'Object Repository/IWP30/Page_CCPaymentEntry/Month' 

2020-07-13 22:41:41 - [MESSAGE][PASSED] - Object 'Object Repository/IWP30/Page_CCPaymentEntry/Year' is present

2020-07-13 22:41:42 - [MESSAGE][PASSED] - All options with label '2023' are selected in object 'Object Repository/IWP30/Page_CCPaymentEntry/Year' 

2020-07-13 22:41:42 - [MESSAGE][PASSED] - Object 'Object Repository/IWP30/Page_CCPaymentEntry/ProcessDate' is present

2020-07-13 22:41:42 - [MESSAGE][PASSED] - Object 'Object Repository/IWP30/Page_CCPaymentEntry/AL1' is present

2020-07-13 22:41:43 - [MESSAGE][PASSED] - Text 'Mera AL1' is set on object 'Object Repository/IWP30/Page_CCPaymentEntry/AL1'

2020-07-13 22:41:43 - [MESSAGE][PASSED] - Object 'Object Repository/IWP30/Page_CCPaymentEntry/AL2' is present

2020-07-13 22:41:44 - [MESSAGE][PASSED] - Text 'Mera AL2' is set on object 'Object Repository/IWP30/Page_CCPaymentEntry/AL2'

2020-07-13 22:41:44 - [MESSAGE][PASSED] - Object 'Object Repository/IWP30/Page_CCPaymentEntry/ZIP' is present

2020-07-13 22:41:45 - [MESSAGE][PASSED] - Text '21054' is set on object 'Object Repository/IWP30/Page_CCPaymentEntry/ZIP'

2020-07-13 22:41:45 - [MESSAGE][PASSED] - Object 'Object Repository/IWP30/Page_CCPaymentEntry/EmailAddress' is present

2020-07-13 22:41:46 - [MESSAGE][PASSED] - Text 'merae@gmail.com' is set on object 'Object Repository/IWP30/Page_CCPaymentEntry/EmailAddress'

2020-07-13 22:41:47 - [MESSAGE][PASSED] - Object 'Object Repository/IWP30/Page_CCPaymentEntry/TermCondCheckBox' is present

2020-07-13 22:41:47 - [MESSAGE][PASSED] - Object 'Object Repository/IWP30/Page_CCPaymentEntry/TermCondCheckBox' is checked

2020-07-13 22:41:48 - [MESSAGE][PASSED] - Object 'Object Repository/IWP30/Page_CCPaymentEntry/ContinueButton' is present

2020-07-13 22:41:48 - [MESSAGE][PASSED] - Object: 'Object Repository/IWP30/Page_CCPaymentEntry/ContinueButton' is clicked on

2020-07-13 22:41:48 - [MESSAGE][PASSED] - iwpPages.ccPaymentEntryPage.setDataCCPM is PASSED

2020-07-13 22:41:48 - [TEST_STEP][PASSED] - if (verifyTextPresent("Please verify the following information", false)): null

2020-07-13 22:41:49 - [MESSAGE][PASSED] - Text 'Please verify the following information' is present on page 

2020-07-13 22:41:49 - [TEST_STEP][PASSED] - println("Please verify the following information text is present on the Confirmation page"): null

2020-07-13 22:41:49 - [TEST_STEP][PASSED] - if (verifyTextPresent("Is this information correct?", false)): null

2020-07-13 22:41:49 - [MESSAGE][PASSED] - Text 'Is this information correct?' is present on page 

2020-07-13 22:41:49 - [TEST_STEP][PASSED] - println("Is this information correct text is present on the Confirmation page"): null

2020-07-13 22:41:49 - [TEST_STEP][PASSED] - if (verifyElementPresent(findTestObject("Object Repository/IWP30/Page_Confirmation/ConfirmButton"), 30)): null

2020-07-13 22:41:50 - [MESSAGE][PASSED] - Object 'Object Repository/IWP30/Page_Confirmation/ConfirmButton' is present

2020-07-13 22:41:50 - [TEST_STEP][PASSED] - click(findTestObject("Object Repository/IWP30/Page_Confirmation/ConfirmButton")): Object: 'Object Repository/IWP30/Page_Confirmation/ConfirmButton' is clicked on

2020-07-13 22:41:51 - [MESSAGE][PASSED] - Object: 'Object Repository/IWP30/Page_Confirmation/ConfirmButton' is clicked on

2020-07-13 22:41:51 - [TEST_STEP][PASSED] - Thread.sleep(10000): null

2020-07-13 22:42:01 - [TEST_STEP][PASSED] - if (verifyTextPresent("Successful Payment Receipt", false)): null

2020-07-13 22:42:01 - [MESSAGE][PASSED] - Text 'Successful Payment Receipt' is present on page 

2020-07-13 22:42:01 - [TEST_STEP][PASSED] - println("Successful Payment Receipt text is present on the Receipt page"): null

2020-07-13 22:42:01 - [TEST_STEP][PASSED] - if (verifyTextPresent("Please print this receipt for your records", false)): null

2020-07-13 22:42:01 - [MESSAGE][PASSED] - Text 'Please print this receipt for your records' is present on page 

2020-07-13 22:42:01 - [TEST_STEP][PASSED] - println("Please print this receipt for your records text is present on the Receipt page"): null

2020-07-13 22:42:01 - [TEST_STEP][PASSED] - if (verifyElementPresent(findTestObject("Object Repository/IWP30/Page_Receipt/ExitButton"), 30)): null

2020-07-13 22:42:02 - [MESSAGE][PASSED] - Object 'Object Repository/IWP30/Page_Receipt/ExitButton' is present

2020-07-13 22:42:02 - [TEST_STEP][PASSED] - println("Exit Button is present on the Receipt page"): null

2020-07-13 22:42:02 - [TEST_STEP][PASSED] - closeBrowser(): Browser is closed

2020-07-13 22:42:02 - [MESSAGE][PASSED] - Browser is closed

2020-07-13 22:42:02 - [TEST_STEP][PASSED] - openBrowser("https://qa.velocitypayment.com/agency/config.do?action=editor"): Browser is opened with url: 'https://qa.velocitypayment.com/agency/config.do?action=editor'

2020-07-13 22:42:02 - [MESSAGE][INFO] - Starting 'Chrome' driver

2020-07-13 22:42:02 - [MESSAGE][INFO] - User set preference: ['acceptInsecureCerts', 'true']

2020-07-13 22:42:02 - [MESSAGE][INFO] - Action delay is set to 0 milliseconds

2020-07-13 22:42:06 - [MESSAGE][PASSED] - Browser is opened with url: 'https://qa.velocitypayment.com/agency/config.do?action=editor'

2020-07-13 22:42:06 - [TEST_STEP][PASSED] - maximizeWindow(): Current window maximized

2020-07-13 22:42:06 - [MESSAGE][PASSED] - Current window maximized

2020-07-13 22:42:06 - [TEST_STEP][PASSED] - iwpPages.emulatorIWP30.getSetData(row, dataFile): iwpPages.emulatorIWP30.getSetData is PASSED

2020-07-13 22:42:08 - [MESSAGE][PASSED] - All options with value '3.0' are selected in object 'Object Repository/IWP30/Page_VRelay30Emulator/MV'  using regular expression

2020-07-13 22:42:09 - [MESSAGE][PASSED] - Text '10.50' is set on object 'Object Repository/IWP30/Page_VRelay30Emulator/Amount'

2020-07-13 22:42:09 - [MESSAGE][PASSED] - Text '26411005' is set on object 'Object Repository/IWP30/Page_VRelay30Emulator/CAN'

2020-07-13 22:42:10 - [MESSAGE][PASSED] - Text 'PayNow' is set on object 'Object Repository/IWP30/Page_VRelay30Emulator/Action'

2020-07-13 22:42:11 - [MESSAGE][PASSED] - Text 'en_US' is set on object 'Object Repository/IWP30/Page_VRelay30Emulator/Lang'

2020-07-13 22:42:11 - [MESSAGE][PASSED] - Text 'Marty' is set on object 'Object Repository/IWP30/Page_VRelay30Emulator/Fname'

2020-07-13 22:42:12 - [MESSAGE][PASSED] - Text 'Jones' is set on object 'Object Repository/IWP30/Page_VRelay30Emulator/Lname'

2020-07-13 22:42:13 - [MESSAGE][PASSED] - Text '2311 York road' is set on object 'Object Repository/IWP30/Page_VRelay30Emulator/AL1'

2020-07-13 22:42:13 - [MESSAGE][PASSED] - Text 'Suite 600' is set on object 'Object Repository/IWP30/Page_VRelay30Emulator/AL2'

2020-07-13 22:42:14 - [MESSAGE][PASSED] - Text '840' is set on object 'Object Repository/IWP30/Page_VRelay30Emulator/Country'

2020-07-13 22:42:14 - [MESSAGE][PASSED] - Text 'Arlington' is set on object 'Object Repository/IWP30/Page_VRelay30Emulator/City'

2020-07-13 22:42:15 - [MESSAGE][PASSED] - Text 'VA' is set on object 'Object Repository/IWP30/Page_VRelay30Emulator/State'

2020-07-13 22:42:16 - [MESSAGE][PASSED] - Text '22201' is set on object 'Object Repository/IWP30/Page_VRelay30Emulator/ZIP'

2020-07-13 22:42:16 - [MESSAGE][PASSED] - Text '' is set on object 'Object Repository/IWP30/Page_VRelay30Emulator/Order'

2020-07-13 22:42:17 - [MESSAGE][PASSED] - Text '' is set on object 'Object Repository/IWP30/Page_VRelay30Emulator/Company'

2020-07-13 22:42:18 - [MESSAGE][PASSED] - Text 'iahmed@govolution.com' is set on object 'Object Repository/IWP30/Page_VRelay30Emulator/Email'

2020-07-13 22:42:18 - [MESSAGE][PASSED] - Text 'udf data 1' is set on object 'Object Repository/IWP30/Page_VRelay30Emulator/UDF1'

2020-07-13 22:42:19 - [MESSAGE][PASSED] - Text 'udf data 2' is set on object 'Object Repository/IWP30/Page_VRelay30Emulator/UDF2'

2020-07-13 22:42:20 - [MESSAGE][PASSED] - Text 'udf data 3' is set on object 'Object Repository/IWP30/Page_VRelay30Emulator/UDF3'

2020-07-13 22:42:20 - [MESSAGE][PASSED] - Text 'udf data 4' is set on object 'Object Repository/IWP30/Page_VRelay30Emulator/UDF4'

2020-07-13 22:42:21 - [MESSAGE][PASSED] - Text 'udf data 5' is set on object 'Object Repository/IWP30/Page_VRelay30Emulator/UDF5'

2020-07-13 22:42:22 - [MESSAGE][PASSED] - Text 'udf data 6' is set on object 'Object Repository/IWP30/Page_VRelay30Emulator/UDF6'

2020-07-13 22:42:23 - [MESSAGE][PASSED] - Text 'Purple' is set on object 'Object Repository/IWP30/Page_VRelay30Emulator/UDF7'

2020-07-13 22:42:23 - [MESSAGE][PASSED] - Text 'Tennis' is set on object 'Object Repository/IWP30/Page_VRelay30Emulator/UDF8'

2020-07-13 22:42:24 - [MESSAGE][PASSED] - Text 'udf data 9' is set on object 'Object Repository/IWP30/Page_VRelay30Emulator/UDF9'

2020-07-13 22:42:25 - [MESSAGE][PASSED] - Text 'udf data 10' is set on object 'Object Repository/IWP30/Page_VRelay30Emulator/UDF10'

2020-07-13 22:42:35 - [MESSAGE][PASSED] - Object: 'Object Repository/IWP30/Page_VRelay30Emulator/Submit' is clicked on

2020-07-13 22:42:35 - [MESSAGE][PASSED] - iwpPages.emulatorIWP30.getSetData is PASSED

2020-07-13 22:42:35 - [TEST_STEP][PASSED] - closeBrowser(): Browser is closed

2020-07-13 22:42:36 - [MESSAGE][PASSED] - Browser is closed

2020-07-13 22:42:36 - [TEST_STEP][PASSED] - openBrowser("https://dev-algorithm.govolution.com/vrelaytest/QA/version_2_2/vrelaytest.html"): Browser is opened with url: 'https://dev-algorithm.govolution.com/vrelaytest/QA/version_2_2/vrelaytest.html'

2020-07-13 22:42:36 - [MESSAGE][INFO] - Starting 'Chrome' driver

2020-07-13 22:42:36 - [MESSAGE][INFO] - User set preference: ['acceptInsecureCerts', 'true']

2020-07-13 22:42:36 - [MESSAGE][INFO] - Action delay is set to 0 milliseconds

2020-07-13 22:42:40 - [MESSAGE][PASSED] - Browser is opened with url: 'https://dev-algorithm.govolution.com/vrelaytest/QA/version_2_2/vrelaytest.html'

2020-07-13 22:42:40 - [TEST_STEP][PASSED] - maximizeWindow(): Current window maximized

2020-07-13 22:42:40 - [MESSAGE][PASSED] - Current window maximized

2020-07-13 22:42:40 - [TEST_STEP][PASSED] - iwpPages.TestHarnessPage.setDataMethod(row, dataFile): iwpPages.TestHarnessPage.setDataMethod is PASSED

2020-07-13 22:42:41 - [MESSAGE][PASSED] - Object 'Object Repository/IWP30/Page_QATestHarness/RemittanceID' is present

2020-07-13 22:42:42 - [MESSAGE][PASSED] - Text '649' is set on object 'Object Repository/IWP30/Page_QATestHarness/ApplicationID'

2020-07-13 22:42:42 - [MESSAGE][PASSED] - Text '3.0' is set on object 'Object Repository/IWP30/Page_QATestHarness/MessageVersion'

2020-07-13 22:42:43 - [MESSAGE][PASSED] - Text 'ronrkBu0nPwo' is set on object 'Object Repository/IWP30/Page_QATestHarness/RemittanceID'

2020-07-13 22:42:44 - [MESSAGE][PASSED] - Object: 'Object Repository/IWP30/Page_QATestHarness/SubmitButton' is clicked on

2020-07-13 22:42:44 - [MESSAGE][PASSED] - iwpPages.TestHarnessPage.setDataMethod is PASSED

2020-07-13 22:42:44 - [TEST_STEP][PASSED] - if (verifyElementPresent(findTestObject("Object Repository/IWP30/Page_SelectPaymentMethod/PayByCreditCard"), 30)): null

2020-07-13 22:42:45 - [MESSAGE][PASSED] - Object 'Object Repository/IWP30/Page_SelectPaymentMethod/PayByCreditCard' is present

2020-07-13 22:42:45 - [TEST_STEP][PASSED] - println("We are on Select Payment Method page, start populating"): null

2020-07-13 22:42:45 - [TEST_STEP][PASSED] - check(findTestObject("Object Repository/IWP30/Page_SelectPaymentMethod/PayByCreditCard")): Object 'Object Repository/IWP30/Page_SelectPaymentMethod/PayByCreditCard' is checked

2020-07-13 22:42:45 - [MESSAGE][PASSED] - Object 'Object Repository/IWP30/Page_SelectPaymentMethod/PayByCreditCard' is checked

2020-07-13 22:42:45 - [TEST_STEP][PASSED] - Thread.sleep(1000): null

2020-07-13 22:42:46 - [TEST_STEP][PASSED] - click(findTestObject("Object Repository/IWP30/Page_SelectPaymentMethod/MakePaymentButton")): Object: 'Object Repository/IWP30/Page_SelectPaymentMethod/MakePaymentButton' is clicked on

2020-07-13 22:42:47 - [MESSAGE][PASSED] - Object: 'Object Repository/IWP30/Page_SelectPaymentMethod/MakePaymentButton' is clicked on

2020-07-13 22:42:47 - [TEST_STEP][PASSED] - iwpPages.ccPaymentEntryPage.setDataCCPM(row, dataFile): iwpPages.ccPaymentEntryPage.setDataCCPM is PASSED

2020-07-13 22:42:48 - [MESSAGE][PASSED] - Object 'Object Repository/IWP30/Page_CCPaymentEntry/Name' is present

2020-07-13 22:42:48 - [MESSAGE][PASSED] - Object 'Object Repository/IWP30/Page_CCPaymentEntry/Amount' is present

2020-07-13 22:42:48 - [MESSAGE][PASSED] - Object 'Object Repository/IWP30/Page_CCPaymentEntry/UserDefined2' is present

2020-07-13 22:42:49 - [MESSAGE][PASSED] - Object 'Object Repository/IWP30/Page_CCPaymentEntry/UserDefined3' is present

2020-07-13 22:42:49 - [MESSAGE][PASSED] - Object 'Object Repository/IWP30/Page_CCPaymentEntry/UserDefined7' is present

2020-07-13 22:42:49 - [MESSAGE][PASSED] - Object 'Object Repository/IWP30/Page_CCPaymentEntry/UserDefined8' is present

2020-07-13 22:42:49 - [MESSAGE][PASSED] - Object 'Object Repository/IWP30/Page_CCPaymentEntry/Name' is present

2020-07-13 22:42:50 - [MESSAGE][PASSED] - Object 'Object Repository/IWP30/Page_CCPaymentEntry/CardNumber' is present

2020-07-13 22:42:50 - [MESSAGE][PASSED] - Text '4111111111111111' is set on object 'Object Repository/IWP30/Page_CCPaymentEntry/CardNumber'

2020-07-13 22:42:51 - [MESSAGE][PASSED] - Object 'Object Repository/IWP30/Page_CCPaymentEntry/SPC' is present

2020-07-13 22:42:51 - [MESSAGE][PASSED] - Text '123' is set on object 'Object Repository/IWP30/Page_CCPaymentEntry/SPC'

2020-07-13 22:42:52 - [MESSAGE][PASSED] - Object 'Object Repository/IWP30/Page_CCPaymentEntry/Month' is present

2020-07-13 22:42:52 - [MESSAGE][PASSED] - All options with label '09' are selected in object 'Object Repository/IWP30/Page_CCPaymentEntry/Month' 

2020-07-13 22:42:52 - [MESSAGE][PASSED] - Object 'Object Repository/IWP30/Page_CCPaymentEntry/Year' is present

2020-07-13 22:42:53 - [MESSAGE][PASSED] - All options with label '2023' are selected in object 'Object Repository/IWP30/Page_CCPaymentEntry/Year' 

2020-07-13 22:42:53 - [MESSAGE][PASSED] - Object 'Object Repository/IWP30/Page_CCPaymentEntry/ProcessDate' is present

2020-07-13 22:42:54 - [MESSAGE][PASSED] - Object 'Object Repository/IWP30/Page_CCPaymentEntry/AL1' is present

2020-07-13 22:42:54 - [MESSAGE][PASSED] - Object 'Object Repository/IWP30/Page_CCPaymentEntry/AL2' is present

2020-07-13 22:42:54 - [MESSAGE][PASSED] - Object 'Object Repository/IWP30/Page_CCPaymentEntry/ZIP' is present

2020-07-13 22:42:54 - [MESSAGE][PASSED] - Object 'Object Repository/IWP30/Page_CCPaymentEntry/EmailAddress' is present

2020-07-13 22:42:55 - [MESSAGE][PASSED] - Object 'Object Repository/IWP30/Page_CCPaymentEntry/TermCondCheckBox' is present

2020-07-13 22:42:55 - [MESSAGE][PASSED] - Object 'Object Repository/IWP30/Page_CCPaymentEntry/TermCondCheckBox' is checked

2020-07-13 22:42:55 - [MESSAGE][PASSED] - Object 'Object Repository/IWP30/Page_CCPaymentEntry/ContinueButton' is present

2020-07-13 22:42:56 - [MESSAGE][PASSED] - Object: 'Object Repository/IWP30/Page_CCPaymentEntry/ContinueButton' is clicked on

2020-07-13 22:42:56 - [MESSAGE][PASSED] - iwpPages.ccPaymentEntryPage.setDataCCPM is PASSED

2020-07-13 22:42:56 - [TEST_STEP][PASSED] - if (verifyTextPresent("Please verify the following information", false)): null

2020-07-13 22:42:57 - [MESSAGE][PASSED] - Text 'Please verify the following information' is present on page 

2020-07-13 22:42:57 - [TEST_STEP][PASSED] - println("Please verify the following information text is present on the Confirmation page"): null

2020-07-13 22:42:57 - [TEST_STEP][PASSED] - if (verifyTextPresent("Is this information correct?", false)): null

2020-07-13 22:42:57 - [MESSAGE][PASSED] - Text 'Is this information correct?' is present on page 

2020-07-13 22:42:57 - [TEST_STEP][PASSED] - println("Is this information correct text is present on the Confirmation page"): null

2020-07-13 22:42:57 - [TEST_STEP][PASSED] - if (verifyElementPresent(findTestObject("Object Repository/IWP30/Page_Confirmation/ConfirmButton"), 30)): null

2020-07-13 22:42:58 - [MESSAGE][PASSED] - Object 'Object Repository/IWP30/Page_Confirmation/ConfirmButton' is present

2020-07-13 22:42:58 - [TEST_STEP][PASSED] - click(findTestObject("Object Repository/IWP30/Page_Confirmation/ConfirmButton")): Object: 'Object Repository/IWP30/Page_Confirmation/ConfirmButton' is clicked on

2020-07-13 22:42:59 - [MESSAGE][PASSED] - Object: 'Object Repository/IWP30/Page_Confirmation/ConfirmButton' is clicked on

2020-07-13 22:42:59 - [TEST_STEP][PASSED] - Thread.sleep(10000): null

2020-07-13 22:43:09 - [TEST_STEP][PASSED] - if (verifyTextPresent("Successful Payment Receipt", false)): null

2020-07-13 22:43:09 - [MESSAGE][PASSED] - Text 'Successful Payment Receipt' is present on page 

2020-07-13 22:43:09 - [TEST_STEP][PASSED] - println("Successful Payment Receipt text is present on the Receipt page"): null

2020-07-13 22:43:09 - [TEST_STEP][PASSED] - if (verifyTextPresent("Please print this receipt for your records", false)): null

2020-07-13 22:43:09 - [MESSAGE][PASSED] - Text 'Please print this receipt for your records' is present on page 

2020-07-13 22:43:09 - [TEST_STEP][PASSED] - println("Please print this receipt for your records text is present on the Receipt page"): null

2020-07-13 22:43:09 - [TEST_STEP][PASSED] - if (verifyElementPresent(findTestObject("Object Repository/IWP30/Page_Receipt/ExitButton"), 30)): null

2020-07-13 22:43:10 - [MESSAGE][PASSED] - Object 'Object Repository/IWP30/Page_Receipt/ExitButton' is present

2020-07-13 22:43:10 - [TEST_STEP][PASSED] - println("Exit Button is present on the Receipt page"): null

2020-07-13 22:43:10 - [TEST_STEP][PASSED] - closeBrowser(): Browser is closed

2020-07-13 22:43:10 - [MESSAGE][PASSED] - Browser is closed

2020-07-13 22:43:10 - [TEST_STEP][PASSED] - openBrowser("https://qa.velocitypayment.com/agency/config.do?action=editor"): Browser is opened with url: 'https://qa.velocitypayment.com/agency/config.do?action=editor'

2020-07-13 22:43:10 - [MESSAGE][INFO] - Starting 'Chrome' driver

2020-07-13 22:43:10 - [MESSAGE][INFO] - User set preference: ['acceptInsecureCerts', 'true']

2020-07-13 22:43:10 - [MESSAGE][INFO] - Action delay is set to 0 milliseconds

2020-07-13 22:43:14 - [MESSAGE][PASSED] - Browser is opened with url: 'https://qa.velocitypayment.com/agency/config.do?action=editor'

2020-07-13 22:43:14 - [TEST_STEP][PASSED] - maximizeWindow(): Current window maximized

2020-07-13 22:43:14 - [MESSAGE][PASSED] - Current window maximized

2020-07-13 22:43:14 - [TEST_STEP][PASSED] - iwpPages.emulatorIWP30.getSetData(row, dataFile): iwpPages.emulatorIWP30.getSetData is PASSED

2020-07-13 22:43:16 - [MESSAGE][PASSED] - All options with value '3.0' are selected in object 'Object Repository/IWP30/Page_VRelay30Emulator/MV'  using regular expression

2020-07-13 22:43:17 - [MESSAGE][PASSED] - Text '29.50' is set on object 'Object Repository/IWP30/Page_VRelay30Emulator/Amount'

2020-07-13 22:43:17 - [MESSAGE][PASSED] - Text '26412109' is set on object 'Object Repository/IWP30/Page_VRelay30Emulator/CAN'

2020-07-13 22:43:18 - [MESSAGE][PASSED] - Text 'PayNow' is set on object 'Object Repository/IWP30/Page_VRelay30Emulator/Action'

2020-07-13 22:43:19 - [MESSAGE][PASSED] - Text 'en_US' is set on object 'Object Repository/IWP30/Page_VRelay30Emulator/Lang'

2020-07-13 22:43:19 - [MESSAGE][PASSED] - Text 'Jonty' is set on object 'Object Repository/IWP30/Page_VRelay30Emulator/Fname'

2020-07-13 22:43:20 - [MESSAGE][PASSED] - Text 'Smith' is set on object 'Object Repository/IWP30/Page_VRelay30Emulator/Lname'

2020-07-13 22:43:21 - [MESSAGE][PASSED] - Text '15 Elm St' is set on object 'Object Repository/IWP30/Page_VRelay30Emulator/AL1'

2020-07-13 22:43:21 - [MESSAGE][PASSED] - Text 'Suite 600' is set on object 'Object Repository/IWP30/Page_VRelay30Emulator/AL2'

2020-07-13 22:43:22 - [MESSAGE][PASSED] - Text '840' is set on object 'Object Repository/IWP30/Page_VRelay30Emulator/Country'

2020-07-13 22:43:23 - [MESSAGE][PASSED] - Text 'Gambrills' is set on object 'Object Repository/IWP30/Page_VRelay30Emulator/City'

2020-07-13 22:43:23 - [MESSAGE][PASSED] - Text 'MD' is set on object 'Object Repository/IWP30/Page_VRelay30Emulator/State'

2020-07-13 22:43:24 - [MESSAGE][PASSED] - Text '21054' is set on object 'Object Repository/IWP30/Page_VRelay30Emulator/ZIP'

2020-07-13 22:43:24 - [MESSAGE][PASSED] - Text '' is set on object 'Object Repository/IWP30/Page_VRelay30Emulator/Order'

2020-07-13 22:43:25 - [MESSAGE][PASSED] - Text '' is set on object 'Object Repository/IWP30/Page_VRelay30Emulator/Company'

2020-07-13 22:43:26 - [MESSAGE][PASSED] - Text 'iahmed@govolution.com' is set on object 'Object Repository/IWP30/Page_VRelay30Emulator/Email'

2020-07-13 22:43:26 - [MESSAGE][PASSED] - Text 'udf data 1' is set on object 'Object Repository/IWP30/Page_VRelay30Emulator/UDF1'

2020-07-13 22:43:27 - [MESSAGE][PASSED] - Text 'udf data 2' is set on object 'Object Repository/IWP30/Page_VRelay30Emulator/UDF2'

2020-07-13 22:43:28 - [MESSAGE][PASSED] - Text 'udf data 3' is set on object 'Object Repository/IWP30/Page_VRelay30Emulator/UDF3'

2020-07-13 22:43:28 - [MESSAGE][PASSED] - Text 'udf data 4' is set on object 'Object Repository/IWP30/Page_VRelay30Emulator/UDF4'

2020-07-13 22:43:29 - [MESSAGE][PASSED] - Text 'udf data 5' is set on object 'Object Repository/IWP30/Page_VRelay30Emulator/UDF5'

2020-07-13 22:43:30 - [MESSAGE][PASSED] - Text 'udf data 6' is set on object 'Object Repository/IWP30/Page_VRelay30Emulator/UDF6'

2020-07-13 22:43:31 - [MESSAGE][PASSED] - Text 'Orange' is set on object 'Object Repository/IWP30/Page_VRelay30Emulator/UDF7'

2020-07-13 22:43:31 - [MESSAGE][PASSED] - Text 'Soccer' is set on object 'Object Repository/IWP30/Page_VRelay30Emulator/UDF8'

2020-07-13 22:43:32 - [MESSAGE][PASSED] - Text 'udf data 9' is set on object 'Object Repository/IWP30/Page_VRelay30Emulator/UDF9'

2020-07-13 22:43:33 - [MESSAGE][PASSED] - Text 'udf data 10' is set on object 'Object Repository/IWP30/Page_VRelay30Emulator/UDF10'

2020-07-13 22:43:43 - [MESSAGE][PASSED] - Object: 'Object Repository/IWP30/Page_VRelay30Emulator/Submit' is clicked on

2020-07-13 22:43:43 - [MESSAGE][PASSED] - iwpPages.emulatorIWP30.getSetData is PASSED

2020-07-13 22:43:43 - [TEST_STEP][PASSED] - closeBrowser(): Browser is closed

2020-07-13 22:43:44 - [MESSAGE][PASSED] - Browser is closed

2020-07-13 22:43:44 - [TEST_STEP][PASSED] - openBrowser("https://dev-algorithm.govolution.com/vrelaytest/QA/version_2_2/vrelaytest.html"): Browser is opened with url: 'https://dev-algorithm.govolution.com/vrelaytest/QA/version_2_2/vrelaytest.html'

2020-07-13 22:43:44 - [MESSAGE][INFO] - Starting 'Chrome' driver

2020-07-13 22:43:44 - [MESSAGE][INFO] - User set preference: ['acceptInsecureCerts', 'true']

2020-07-13 22:43:44 - [MESSAGE][INFO] - Action delay is set to 0 milliseconds

2020-07-13 22:43:48 - [MESSAGE][PASSED] - Browser is opened with url: 'https://dev-algorithm.govolution.com/vrelaytest/QA/version_2_2/vrelaytest.html'

2020-07-13 22:43:48 - [TEST_STEP][PASSED] - maximizeWindow(): Current window maximized

2020-07-13 22:43:48 - [MESSAGE][PASSED] - Current window maximized

2020-07-13 22:43:48 - [TEST_STEP][PASSED] - iwpPages.TestHarnessPage.setDataMethod(row, dataFile): iwpPages.TestHarnessPage.setDataMethod is PASSED

2020-07-13 22:43:48 - [MESSAGE][PASSED] - Object 'Object Repository/IWP30/Page_QATestHarness/RemittanceID' is present

2020-07-13 22:43:49 - [MESSAGE][PASSED] - Text '649' is set on object 'Object Repository/IWP30/Page_QATestHarness/ApplicationID'

2020-07-13 22:43:50 - [MESSAGE][PASSED] - Text '3.0' is set on object 'Object Repository/IWP30/Page_QATestHarness/MessageVersion'

2020-07-13 22:43:50 - [MESSAGE][PASSED] - Text 'ZXc4J3Ga5bL2' is set on object 'Object Repository/IWP30/Page_QATestHarness/RemittanceID'

2020-07-13 22:43:52 - [MESSAGE][PASSED] - Object: 'Object Repository/IWP30/Page_QATestHarness/SubmitButton' is clicked on

2020-07-13 22:43:52 - [MESSAGE][PASSED] - iwpPages.TestHarnessPage.setDataMethod is PASSED

2020-07-13 22:43:52 - [TEST_STEP][PASSED] - if (verifyElementPresent(findTestObject("Object Repository/IWP30/Page_SelectPaymentMethod/PayByCreditCard"), 30)): null

2020-07-13 22:43:52 - [MESSAGE][PASSED] - Object 'Object Repository/IWP30/Page_SelectPaymentMethod/PayByCreditCard' is present

2020-07-13 22:43:52 - [TEST_STEP][PASSED] - println("We are on Select Payment Method page, start populating"): null

2020-07-13 22:43:52 - [TEST_STEP][PASSED] - check(findTestObject("Object Repository/IWP30/Page_SelectPaymentMethod/PayByCreditCard")): Object 'Object Repository/IWP30/Page_SelectPaymentMethod/PayByCreditCard' is checked

2020-07-13 22:43:52 - [MESSAGE][PASSED] - Object 'Object Repository/IWP30/Page_SelectPaymentMethod/PayByCreditCard' is checked

2020-07-13 22:43:52 - [TEST_STEP][PASSED] - Thread.sleep(1000): null

2020-07-13 22:43:53 - [TEST_STEP][PASSED] - click(findTestObject("Object Repository/IWP30/Page_SelectPaymentMethod/MakePaymentButton")): Object: 'Object Repository/IWP30/Page_SelectPaymentMethod/MakePaymentButton' is clicked on

2020-07-13 22:43:54 - [MESSAGE][PASSED] - Object: 'Object Repository/IWP30/Page_SelectPaymentMethod/MakePaymentButton' is clicked on

2020-07-13 22:43:54 - [TEST_STEP][PASSED] - iwpPages.ccPaymentEntryPage.setDataCCPM(row, dataFile): iwpPages.ccPaymentEntryPage.setDataCCPM is PASSED

2020-07-13 22:43:55 - [MESSAGE][PASSED] - Object 'Object Repository/IWP30/Page_CCPaymentEntry/Name' is present

2020-07-13 22:43:55 - [MESSAGE][PASSED] - Object 'Object Repository/IWP30/Page_CCPaymentEntry/Amount' is present

2020-07-13 22:43:56 - [MESSAGE][PASSED] - Text '20.50' is set on object 'Object Repository/IWP30/Page_CCPaymentEntry/Amount'

2020-07-13 22:43:56 - [MESSAGE][PASSED] - Object 'Object Repository/IWP30/Page_CCPaymentEntry/UserDefined2' is present

2020-07-13 22:43:57 - [MESSAGE][PASSED] - Text 'Circle' is set on object 'Object Repository/IWP30/Page_CCPaymentEntry/UserDefined2'

2020-07-13 22:43:57 - [MESSAGE][PASSED] - Object 'Object Repository/IWP30/Page_CCPaymentEntry/UserDefined3' is present

2020-07-13 22:43:58 - [MESSAGE][PASSED] - Text 'Triangle' is set on object 'Object Repository/IWP30/Page_CCPaymentEntry/UserDefined3'

2020-07-13 22:43:58 - [MESSAGE][PASSED] - Object 'Object Repository/IWP30/Page_CCPaymentEntry/UserDefined7' is present

2020-07-13 22:43:59 - [MESSAGE][PASSED] - All options with label 'Purple' are selected in object 'Object Repository/IWP30/Page_CCPaymentEntry/UserDefined7' 

2020-07-13 22:43:59 - [MESSAGE][PASSED] - Object 'Object Repository/IWP30/Page_CCPaymentEntry/UserDefined8' is present

2020-07-13 22:44:00 - [MESSAGE][PASSED] - All options with label 'Tennis' are selected in object 'Object Repository/IWP30/Page_CCPaymentEntry/UserDefined8' 

2020-07-13 22:44:00 - [MESSAGE][PASSED] - Object 'Object Repository/IWP30/Page_CCPaymentEntry/Name' is present

2020-07-13 22:44:01 - [MESSAGE][PASSED] - Text 'Alan Donald' is set on object 'Object Repository/IWP30/Page_CCPaymentEntry/Name'

2020-07-13 22:44:01 - [MESSAGE][PASSED] - Object 'Object Repository/IWP30/Page_CCPaymentEntry/CardNumber' is present

2020-07-13 22:44:02 - [MESSAGE][PASSED] - Text '4111111111111111' is set on object 'Object Repository/IWP30/Page_CCPaymentEntry/CardNumber'

2020-07-13 22:44:02 - [MESSAGE][PASSED] - Object 'Object Repository/IWP30/Page_CCPaymentEntry/SPC' is present

2020-07-13 22:44:03 - [MESSAGE][PASSED] - Text '258' is set on object 'Object Repository/IWP30/Page_CCPaymentEntry/SPC'

2020-07-13 22:44:03 - [MESSAGE][PASSED] - Object 'Object Repository/IWP30/Page_CCPaymentEntry/Month' is present

2020-07-13 22:44:04 - [MESSAGE][PASSED] - All options with label '10' are selected in object 'Object Repository/IWP30/Page_CCPaymentEntry/Month' 

2020-07-13 22:44:04 - [MESSAGE][PASSED] - Object 'Object Repository/IWP30/Page_CCPaymentEntry/Year' is present

2020-07-13 22:44:05 - [MESSAGE][PASSED] - All options with label '2025' are selected in object 'Object Repository/IWP30/Page_CCPaymentEntry/Year' 

2020-07-13 22:44:05 - [MESSAGE][PASSED] - Object 'Object Repository/IWP30/Page_CCPaymentEntry/ProcessDate' is present

2020-07-13 22:44:05 - [MESSAGE][PASSED] - Object 'Object Repository/IWP30/Page_CCPaymentEntry/AL1' is present

2020-07-13 22:44:06 - [MESSAGE][PASSED] - Text 'Mera AL1' is set on object 'Object Repository/IWP30/Page_CCPaymentEntry/AL1'

2020-07-13 22:44:06 - [MESSAGE][PASSED] - Object 'Object Repository/IWP30/Page_CCPaymentEntry/AL2' is present

2020-07-13 22:44:07 - [MESSAGE][PASSED] - Text 'Mera AL2' is set on object 'Object Repository/IWP30/Page_CCPaymentEntry/AL2'

2020-07-13 22:44:08 - [MESSAGE][PASSED] - Object 'Object Repository/IWP30/Page_CCPaymentEntry/ZIP' is present

2020-07-13 22:44:08 - [MESSAGE][PASSED] - Text '21054' is set on object 'Object Repository/IWP30/Page_CCPaymentEntry/ZIP'

2020-07-13 22:44:09 - [MESSAGE][PASSED] - Object 'Object Repository/IWP30/Page_CCPaymentEntry/EmailAddress' is present

2020-07-13 22:44:10 - [MESSAGE][PASSED] - Text 'merae@gmail.com' is set on object 'Object Repository/IWP30/Page_CCPaymentEntry/EmailAddress'

2020-07-13 22:44:10 - [MESSAGE][PASSED] - Object 'Object Repository/IWP30/Page_CCPaymentEntry/TermCondCheckBox' is present

2020-07-13 22:44:10 - [MESSAGE][PASSED] - Object 'Object Repository/IWP30/Page_CCPaymentEntry/TermCondCheckBox' is checked

2020-07-13 22:44:11 - [MESSAGE][PASSED] - Object 'Object Repository/IWP30/Page_CCPaymentEntry/ContinueButton' is present

2020-07-13 22:44:12 - [MESSAGE][PASSED] - Object: 'Object Repository/IWP30/Page_CCPaymentEntry/ContinueButton' is clicked on

2020-07-13 22:44:12 - [MESSAGE][PASSED] - iwpPages.ccPaymentEntryPage.setDataCCPM is PASSED

2020-07-13 22:44:12 - [TEST_STEP][PASSED] - if (verifyTextPresent("Please verify the following information", false)): null

2020-07-13 22:44:12 - [MESSAGE][PASSED] - Text 'Please verify the following information' is present on page 

2020-07-13 22:44:12 - [TEST_STEP][PASSED] - println("Please verify the following information text is present on the Confirmation page"): null

2020-07-13 22:44:12 - [TEST_STEP][PASSED] - if (verifyTextPresent("Is this information correct?", false)): null

2020-07-13 22:44:13 - [MESSAGE][PASSED] - Text 'Is this information correct?' is present on page 

2020-07-13 22:44:13 - [TEST_STEP][PASSED] - println("Is this information correct text is present on the Confirmation page"): null

2020-07-13 22:44:13 - [TEST_STEP][PASSED] - if (verifyElementPresent(findTestObject("Object Repository/IWP30/Page_Confirmation/ConfirmButton"), 30)): null

2020-07-13 22:44:13 - [MESSAGE][PASSED] - Object 'Object Repository/IWP30/Page_Confirmation/ConfirmButton' is present

2020-07-13 22:44:13 - [TEST_STEP][PASSED] - click(findTestObject("Object Repository/IWP30/Page_Confirmation/ConfirmButton")): Object: 'Object Repository/IWP30/Page_Confirmation/ConfirmButton' is clicked on

2020-07-13 22:44:14 - [MESSAGE][PASSED] - Object: 'Object Repository/IWP30/Page_Confirmation/ConfirmButton' is clicked on

2020-07-13 22:44:14 - [TEST_STEP][PASSED] - Thread.sleep(10000): null

2020-07-13 22:44:24 - [TEST_STEP][PASSED] - if (verifyTextPresent("Successful Payment Receipt", false)): null

2020-07-13 22:44:24 - [MESSAGE][PASSED] - Text 'Successful Payment Receipt' is present on page 

2020-07-13 22:44:24 - [TEST_STEP][PASSED] - println("Successful Payment Receipt text is present on the Receipt page"): null

2020-07-13 22:44:24 - [TEST_STEP][PASSED] - if (verifyTextPresent("Please print this receipt for your records", false)): null

2020-07-13 22:44:25 - [MESSAGE][PASSED] - Text 'Please print this receipt for your records' is present on page 

2020-07-13 22:44:25 - [TEST_STEP][PASSED] - println("Please print this receipt for your records text is present on the Receipt page"): null

2020-07-13 22:44:25 - [TEST_STEP][PASSED] - if (verifyElementPresent(findTestObject("Object Repository/IWP30/Page_Receipt/ExitButton"), 30)): null

2020-07-13 22:44:25 - [MESSAGE][PASSED] - Object 'Object Repository/IWP30/Page_Receipt/ExitButton' is present

2020-07-13 22:44:25 - [TEST_STEP][PASSED] - println("Exit Button is present on the Receipt page"): null

2020-07-13 22:44:25 - [TEST_STEP][PASSED] - closeBrowser(): Browser is closed

2020-07-13 22:44:26 - [MESSAGE][PASSED] - Browser is closed

2020-07-13 22:44:26 - [TEST_STEP][PASSED] - openBrowser("https://qa.velocitypayment.com/agency/config.do?action=editor"): Browser is opened with url: 'https://qa.velocitypayment.com/agency/config.do?action=editor'

2020-07-13 22:44:26 - [MESSAGE][INFO] - Starting 'Chrome' driver

2020-07-13 22:44:26 - [MESSAGE][INFO] - User set preference: ['acceptInsecureCerts', 'true']

2020-07-13 22:44:26 - [MESSAGE][INFO] - Action delay is set to 0 milliseconds

2020-07-13 22:44:30 - [MESSAGE][PASSED] - Browser is opened with url: 'https://qa.velocitypayment.com/agency/config.do?action=editor'

2020-07-13 22:44:30 - [TEST_STEP][PASSED] - maximizeWindow(): Current window maximized

2020-07-13 22:44:30 - [MESSAGE][PASSED] - Current window maximized

2020-07-13 22:44:30 - [TEST_STEP][PASSED] - iwpPages.emulatorIWP30.getSetData(row, dataFile): iwpPages.emulatorIWP30.getSetData is PASSED

2020-07-13 22:44:32 - [MESSAGE][PASSED] - All options with value '3.0' are selected in object 'Object Repository/IWP30/Page_VRelay30Emulator/MV'  using regular expression

2020-07-13 22:44:33 - [MESSAGE][PASSED] - Text '10.50' is set on object 'Object Repository/IWP30/Page_VRelay30Emulator/Amount'

2020-07-13 22:44:33 - [MESSAGE][PASSED] - Text '26411005' is set on object 'Object Repository/IWP30/Page_VRelay30Emulator/CAN'

2020-07-13 22:44:34 - [MESSAGE][PASSED] - Text 'PayNow' is set on object 'Object Repository/IWP30/Page_VRelay30Emulator/Action'

2020-07-13 22:44:35 - [MESSAGE][PASSED] - Text 'en_US' is set on object 'Object Repository/IWP30/Page_VRelay30Emulator/Lang'

2020-07-13 22:44:36 - [MESSAGE][PASSED] - Text '' is set on object 'Object Repository/IWP30/Page_VRelay30Emulator/Fname'

2020-07-13 22:44:36 - [MESSAGE][PASSED] - Text '' is set on object 'Object Repository/IWP30/Page_VRelay30Emulator/Lname'

2020-07-13 22:44:37 - [MESSAGE][PASSED] - Text '' is set on object 'Object Repository/IWP30/Page_VRelay30Emulator/AL1'

2020-07-13 22:44:38 - [MESSAGE][PASSED] - Text '' is set on object 'Object Repository/IWP30/Page_VRelay30Emulator/AL2'

2020-07-13 22:44:38 - [MESSAGE][PASSED] - Text '840' is set on object 'Object Repository/IWP30/Page_VRelay30Emulator/Country'

2020-07-13 22:44:39 - [MESSAGE][PASSED] - Text '' is set on object 'Object Repository/IWP30/Page_VRelay30Emulator/City'

2020-07-13 22:44:39 - [MESSAGE][PASSED] - Text '' is set on object 'Object Repository/IWP30/Page_VRelay30Emulator/State'

2020-07-13 22:44:40 - [MESSAGE][PASSED] - Text '' is set on object 'Object Repository/IWP30/Page_VRelay30Emulator/ZIP'

2020-07-13 22:44:41 - [MESSAGE][PASSED] - Text '' is set on object 'Object Repository/IWP30/Page_VRelay30Emulator/Order'

2020-07-13 22:44:41 - [MESSAGE][PASSED] - Text '' is set on object 'Object Repository/IWP30/Page_VRelay30Emulator/Company'

2020-07-13 22:44:42 - [MESSAGE][PASSED] - Text '' is set on object 'Object Repository/IWP30/Page_VRelay30Emulator/Email'

2020-07-13 22:44:42 - [MESSAGE][PASSED] - Text '' is set on object 'Object Repository/IWP30/Page_VRelay30Emulator/UDF1'

2020-07-13 22:44:43 - [MESSAGE][PASSED] - Text '' is set on object 'Object Repository/IWP30/Page_VRelay30Emulator/UDF2'

2020-07-13 22:44:44 - [MESSAGE][PASSED] - Text '' is set on object 'Object Repository/IWP30/Page_VRelay30Emulator/UDF3'

2020-07-13 22:44:44 - [MESSAGE][PASSED] - Text 'udf data 4' is set on object 'Object Repository/IWP30/Page_VRelay30Emulator/UDF4'

2020-07-13 22:44:45 - [MESSAGE][PASSED] - Text 'udf data 5' is set on object 'Object Repository/IWP30/Page_VRelay30Emulator/UDF5'

2020-07-13 22:44:46 - [MESSAGE][PASSED] - Text '' is set on object 'Object Repository/IWP30/Page_VRelay30Emulator/UDF6'

2020-07-13 22:44:46 - [MESSAGE][PASSED] - Text '' is set on object 'Object Repository/IWP30/Page_VRelay30Emulator/UDF7'

2020-07-13 22:44:47 - [MESSAGE][PASSED] - Text '' is set on object 'Object Repository/IWP30/Page_VRelay30Emulator/UDF8'

2020-07-13 22:44:48 - [MESSAGE][PASSED] - Text 'udf data 9' is set on object 'Object Repository/IWP30/Page_VRelay30Emulator/UDF9'

2020-07-13 22:44:48 - [MESSAGE][PASSED] - Text 'udf data 10' is set on object 'Object Repository/IWP30/Page_VRelay30Emulator/UDF10'

2020-07-13 22:44:59 - [MESSAGE][PASSED] - Object: 'Object Repository/IWP30/Page_VRelay30Emulator/Submit' is clicked on

2020-07-13 22:44:59 - [MESSAGE][PASSED] - iwpPages.emulatorIWP30.getSetData is PASSED

2020-07-13 22:44:59 - [TEST_STEP][PASSED] - closeBrowser(): Browser is closed

2020-07-13 22:45:00 - [MESSAGE][PASSED] - Browser is closed

2020-07-13 22:45:00 - [TEST_STEP][PASSED] - openBrowser("https://dev-algorithm.govolution.com/vrelaytest/QA/version_2_2/vrelaytest.html"): Browser is opened with url: 'https://dev-algorithm.govolution.com/vrelaytest/QA/version_2_2/vrelaytest.html'

2020-07-13 22:45:00 - [MESSAGE][INFO] - Starting 'Chrome' driver

2020-07-13 22:45:00 - [MESSAGE][INFO] - User set preference: ['acceptInsecureCerts', 'true']

2020-07-13 22:45:00 - [MESSAGE][INFO] - Action delay is set to 0 milliseconds

2020-07-13 22:45:03 - [MESSAGE][PASSED] - Browser is opened with url: 'https://dev-algorithm.govolution.com/vrelaytest/QA/version_2_2/vrelaytest.html'

2020-07-13 22:45:03 - [TEST_STEP][PASSED] - maximizeWindow(): Current window maximized

2020-07-13 22:45:04 - [MESSAGE][PASSED] - Current window maximized

2020-07-13 22:45:04 - [TEST_STEP][PASSED] - iwpPages.TestHarnessPage.setDataMethod(row, dataFile): iwpPages.TestHarnessPage.setDataMethod is PASSED

2020-07-13 22:45:04 - [MESSAGE][PASSED] - Object 'Object Repository/IWP30/Page_QATestHarness/RemittanceID' is present

2020-07-13 22:45:05 - [MESSAGE][PASSED] - Text '649' is set on object 'Object Repository/IWP30/Page_QATestHarness/ApplicationID'

2020-07-13 22:45:05 - [MESSAGE][PASSED] - Text '3.0' is set on object 'Object Repository/IWP30/Page_QATestHarness/MessageVersion'

2020-07-13 22:45:06 - [MESSAGE][PASSED] - Text 'PMNUKTCQYbqM' is set on object 'Object Repository/IWP30/Page_QATestHarness/RemittanceID'

2020-07-13 22:45:07 - [MESSAGE][PASSED] - Object: 'Object Repository/IWP30/Page_QATestHarness/SubmitButton' is clicked on

2020-07-13 22:45:07 - [MESSAGE][PASSED] - iwpPages.TestHarnessPage.setDataMethod is PASSED

2020-07-13 22:45:07 - [TEST_STEP][PASSED] - if (verifyElementPresent(findTestObject("Object Repository/IWP30/Page_SelectPaymentMethod/PayByCreditCard"), 30)): null

2020-07-13 22:45:07 - [MESSAGE][PASSED] - Object 'Object Repository/IWP30/Page_SelectPaymentMethod/PayByCreditCard' is present

2020-07-13 22:45:07 - [TEST_STEP][PASSED] - println("We are on Select Payment Method page, start populating"): null

2020-07-13 22:45:07 - [TEST_STEP][PASSED] - check(findTestObject("Object Repository/IWP30/Page_SelectPaymentMethod/PayByCreditCard")): Object 'Object Repository/IWP30/Page_SelectPaymentMethod/PayByCreditCard' is checked

2020-07-13 22:45:08 - [MESSAGE][PASSED] - Object 'Object Repository/IWP30/Page_SelectPaymentMethod/PayByCreditCard' is checked

2020-07-13 22:45:08 - [TEST_STEP][PASSED] - Thread.sleep(1000): null

2020-07-13 22:45:09 - [TEST_STEP][PASSED] - click(findTestObject("Object Repository/IWP30/Page_SelectPaymentMethod/MakePaymentButton")): Object: 'Object Repository/IWP30/Page_SelectPaymentMethod/MakePaymentButton' is clicked on

2020-07-13 22:45:10 - [MESSAGE][PASSED] - Object: 'Object Repository/IWP30/Page_SelectPaymentMethod/MakePaymentButton' is clicked on

2020-07-13 22:45:10 - [TEST_STEP][PASSED] - iwpPages.ccPaymentEntryPage.setDataCCPM(row, dataFile): iwpPages.ccPaymentEntryPage.setDataCCPM is PASSED

2020-07-13 22:45:11 - [MESSAGE][PASSED] - Object 'Object Repository/IWP30/Page_CCPaymentEntry/Name' is present

2020-07-13 22:45:11 - [MESSAGE][PASSED] - Object 'Object Repository/IWP30/Page_CCPaymentEntry/Amount' is present

2020-07-13 22:45:12 - [MESSAGE][PASSED] - Text '20.50' is set on object 'Object Repository/IWP30/Page_CCPaymentEntry/Amount'

2020-07-13 22:45:12 - [MESSAGE][PASSED] - Object 'Object Repository/IWP30/Page_CCPaymentEntry/UserDefined2' is present

2020-07-13 22:45:13 - [MESSAGE][PASSED] - Text 'Number 2' is set on object 'Object Repository/IWP30/Page_CCPaymentEntry/UserDefined2'

2020-07-13 22:45:13 - [MESSAGE][PASSED] - Object 'Object Repository/IWP30/Page_CCPaymentEntry/UserDefined3' is present

2020-07-13 22:45:14 - [MESSAGE][PASSED] - Text 'Number 3' is set on object 'Object Repository/IWP30/Page_CCPaymentEntry/UserDefined3'

2020-07-13 22:45:14 - [MESSAGE][PASSED] - Object 'Object Repository/IWP30/Page_CCPaymentEntry/UserDefined7' is present

2020-07-13 22:45:15 - [MESSAGE][PASSED] - All options with label 'Orange' are selected in object 'Object Repository/IWP30/Page_CCPaymentEntry/UserDefined7' 

2020-07-13 22:45:15 - [MESSAGE][PASSED] - Object 'Object Repository/IWP30/Page_CCPaymentEntry/UserDefined8' is present

2020-07-13 22:45:16 - [MESSAGE][PASSED] - All options with label 'Tennis' are selected in object 'Object Repository/IWP30/Page_CCPaymentEntry/UserDefined8' 

2020-07-13 22:45:16 - [MESSAGE][PASSED] - Object 'Object Repository/IWP30/Page_CCPaymentEntry/Name' is present

2020-07-13 22:45:17 - [MESSAGE][PASSED] - Text 'Mera Naam' is set on object 'Object Repository/IWP30/Page_CCPaymentEntry/Name'

2020-07-13 22:45:17 - [MESSAGE][PASSED] - Object 'Object Repository/IWP30/Page_CCPaymentEntry/CardNumber' is present

2020-07-13 22:45:18 - [MESSAGE][PASSED] - Text '5424000000000015' is set on object 'Object Repository/IWP30/Page_CCPaymentEntry/CardNumber'

2020-07-13 22:45:18 - [MESSAGE][PASSED] - Object 'Object Repository/IWP30/Page_CCPaymentEntry/SPC' is present

2020-07-13 22:45:19 - [MESSAGE][PASSED] - Text '123' is set on object 'Object Repository/IWP30/Page_CCPaymentEntry/SPC'

2020-07-13 22:45:19 - [MESSAGE][PASSED] - Object 'Object Repository/IWP30/Page_CCPaymentEntry/Month' is present

2020-07-13 22:45:20 - [MESSAGE][PASSED] - All options with label '09' are selected in object 'Object Repository/IWP30/Page_CCPaymentEntry/Month' 

2020-07-13 22:45:20 - [MESSAGE][PASSED] - Object 'Object Repository/IWP30/Page_CCPaymentEntry/Year' is present

2020-07-13 22:45:21 - [MESSAGE][PASSED] - All options with label '2023' are selected in object 'Object Repository/IWP30/Page_CCPaymentEntry/Year' 

2020-07-13 22:45:21 - [MESSAGE][PASSED] - Object 'Object Repository/IWP30/Page_CCPaymentEntry/ProcessDate' is present

2020-07-13 22:45:21 - [MESSAGE][PASSED] - Object 'Object Repository/IWP30/Page_CCPaymentEntry/AL1' is present

2020-07-13 22:45:22 - [MESSAGE][PASSED] - Text 'Mera AL1' is set on object 'Object Repository/IWP30/Page_CCPaymentEntry/AL1'

2020-07-13 22:45:22 - [MESSAGE][PASSED] - Object 'Object Repository/IWP30/Page_CCPaymentEntry/AL2' is present

2020-07-13 22:45:23 - [MESSAGE][PASSED] - Text 'Mera AL2' is set on object 'Object Repository/IWP30/Page_CCPaymentEntry/AL2'

2020-07-13 22:45:23 - [MESSAGE][PASSED] - Object 'Object Repository/IWP30/Page_CCPaymentEntry/ZIP' is present

2020-07-13 22:45:24 - [MESSAGE][PASSED] - Text '21054' is set on object 'Object Repository/IWP30/Page_CCPaymentEntry/ZIP'

2020-07-13 22:45:24 - [MESSAGE][PASSED] - Object 'Object Repository/IWP30/Page_CCPaymentEntry/EmailAddress' is present

2020-07-13 22:45:25 - [MESSAGE][PASSED] - Text 'merae@gmail.com' is set on object 'Object Repository/IWP30/Page_CCPaymentEntry/EmailAddress'

2020-07-13 22:45:26 - [MESSAGE][PASSED] - Object 'Object Repository/IWP30/Page_CCPaymentEntry/TermCondCheckBox' is present

2020-07-13 22:45:26 - [MESSAGE][PASSED] - Object 'Object Repository/IWP30/Page_CCPaymentEntry/TermCondCheckBox' is checked

2020-07-13 22:45:26 - [MESSAGE][PASSED] - Object 'Object Repository/IWP30/Page_CCPaymentEntry/ContinueButton' is present

2020-07-13 22:45:27 - [MESSAGE][PASSED] - Object: 'Object Repository/IWP30/Page_CCPaymentEntry/ContinueButton' is clicked on

2020-07-13 22:45:27 - [MESSAGE][PASSED] - iwpPages.ccPaymentEntryPage.setDataCCPM is PASSED

2020-07-13 22:45:27 - [TEST_STEP][PASSED] - if (verifyTextPresent("Please verify the following information", false)): null

2020-07-13 22:45:28 - [MESSAGE][PASSED] - Text 'Please verify the following information' is present on page 

2020-07-13 22:45:28 - [TEST_STEP][PASSED] - println("Please verify the following information text is present on the Confirmation page"): null

2020-07-13 22:45:28 - [TEST_STEP][PASSED] - if (verifyTextPresent("Is this information correct?", false)): null

2020-07-13 22:45:28 - [MESSAGE][PASSED] - Text 'Is this information correct?' is present on page 

2020-07-13 22:45:28 - [TEST_STEP][PASSED] - println("Is this information correct text is present on the Confirmation page"): null

2020-07-13 22:45:28 - [TEST_STEP][PASSED] - if (verifyElementPresent(findTestObject("Object Repository/IWP30/Page_Confirmation/ConfirmButton"), 30)): null

2020-07-13 22:45:28 - [MESSAGE][PASSED] - Object 'Object Repository/IWP30/Page_Confirmation/ConfirmButton' is present

2020-07-13 22:45:28 - [TEST_STEP][PASSED] - click(findTestObject("Object Repository/IWP30/Page_Confirmation/ConfirmButton")): Object: 'Object Repository/IWP30/Page_Confirmation/ConfirmButton' is clicked on

2020-07-13 22:45:29 - [MESSAGE][PASSED] - Object: 'Object Repository/IWP30/Page_Confirmation/ConfirmButton' is clicked on

2020-07-13 22:45:29 - [TEST_STEP][PASSED] - Thread.sleep(10000): null

2020-07-13 22:45:39 - [TEST_STEP][PASSED] - if (verifyTextPresent("Successful Payment Receipt", false)): null

2020-07-13 22:45:40 - [MESSAGE][PASSED] - Text 'Successful Payment Receipt' is present on page 

2020-07-13 22:45:40 - [TEST_STEP][PASSED] - println("Successful Payment Receipt text is present on the Receipt page"): null

2020-07-13 22:45:40 - [TEST_STEP][PASSED] - if (verifyTextPresent("Please print this receipt for your records", false)): null

2020-07-13 22:45:40 - [MESSAGE][PASSED] - Text 'Please print this receipt for your records' is present on page 

2020-07-13 22:45:40 - [TEST_STEP][PASSED] - println("Please print this receipt for your records text is present on the Receipt page"): null

2020-07-13 22:45:40 - [TEST_STEP][PASSED] - if (verifyElementPresent(findTestObject("Object Repository/IWP30/Page_Receipt/ExitButton"), 30)): null

2020-07-13 22:45:40 - [MESSAGE][PASSED] - Object 'Object Repository/IWP30/Page_Receipt/ExitButton' is present

2020-07-13 22:45:40 - [TEST_STEP][PASSED] - println("Exit Button is present on the Receipt page"): null

2020-07-13 22:45:40 - [TEST_STEP][PASSED] - closeBrowser(): Browser is closed

2020-07-13 22:45:41 - [MESSAGE][PASSED] - Browser is closed

2020-07-13 22:45:41 - [TEST_STEP][PASSED] - openBrowser("https://qa.velocitypayment.com/agency/config.do?action=editor"): Browser is opened with url: 'https://qa.velocitypayment.com/agency/config.do?action=editor'

2020-07-13 22:45:41 - [MESSAGE][INFO] - Starting 'Chrome' driver

2020-07-13 22:45:41 - [MESSAGE][INFO] - User set preference: ['acceptInsecureCerts', 'true']

2020-07-13 22:45:41 - [MESSAGE][INFO] - Action delay is set to 0 milliseconds

2020-07-13 22:45:45 - [MESSAGE][PASSED] - Browser is opened with url: 'https://qa.velocitypayment.com/agency/config.do?action=editor'

2020-07-13 22:45:45 - [TEST_STEP][PASSED] - maximizeWindow(): Current window maximized

2020-07-13 22:45:45 - [MESSAGE][PASSED] - Current window maximized

2020-07-13 22:45:45 - [TEST_STEP][PASSED] - iwpPages.emulatorIWP30.getSetData(row, dataFile): iwpPages.emulatorIWP30.getSetData is PASSED

2020-07-13 22:45:47 - [MESSAGE][PASSED] - All options with value '3.0' are selected in object 'Object Repository/IWP30/Page_VRelay30Emulator/MV'  using regular expression

2020-07-13 22:45:47 - [MESSAGE][PASSED] - Text '10.50' is set on object 'Object Repository/IWP30/Page_VRelay30Emulator/Amount'

2020-07-13 22:45:48 - [MESSAGE][PASSED] - Text '26411005' is set on object 'Object Repository/IWP30/Page_VRelay30Emulator/CAN'

2020-07-13 22:45:48 - [MESSAGE][PASSED] - Text 'PayNow' is set on object 'Object Repository/IWP30/Page_VRelay30Emulator/Action'

2020-07-13 22:45:49 - [MESSAGE][PASSED] - Text 'en_US' is set on object 'Object Repository/IWP30/Page_VRelay30Emulator/Lang'

2020-07-13 22:45:50 - [MESSAGE][PASSED] - Text '' is set on object 'Object Repository/IWP30/Page_VRelay30Emulator/Fname'

2020-07-13 22:45:50 - [MESSAGE][PASSED] - Text '' is set on object 'Object Repository/IWP30/Page_VRelay30Emulator/Lname'

2020-07-13 22:45:51 - [MESSAGE][PASSED] - Text '' is set on object 'Object Repository/IWP30/Page_VRelay30Emulator/AL1'

2020-07-13 22:45:52 - [MESSAGE][PASSED] - Text '' is set on object 'Object Repository/IWP30/Page_VRelay30Emulator/AL2'

2020-07-13 22:45:52 - [MESSAGE][PASSED] - Text '840' is set on object 'Object Repository/IWP30/Page_VRelay30Emulator/Country'

2020-07-13 22:45:53 - [MESSAGE][PASSED] - Text '' is set on object 'Object Repository/IWP30/Page_VRelay30Emulator/City'

2020-07-13 22:45:54 - [MESSAGE][PASSED] - Text '' is set on object 'Object Repository/IWP30/Page_VRelay30Emulator/State'

2020-07-13 22:45:54 - [MESSAGE][PASSED] - Text '' is set on object 'Object Repository/IWP30/Page_VRelay30Emulator/ZIP'

2020-07-13 22:45:55 - [MESSAGE][PASSED] - Text '' is set on object 'Object Repository/IWP30/Page_VRelay30Emulator/Order'

2020-07-13 22:45:56 - [MESSAGE][PASSED] - Text '' is set on object 'Object Repository/IWP30/Page_VRelay30Emulator/Company'

2020-07-13 22:45:56 - [MESSAGE][PASSED] - Text '' is set on object 'Object Repository/IWP30/Page_VRelay30Emulator/Email'

2020-07-13 22:45:57 - [MESSAGE][PASSED] - Text '' is set on object 'Object Repository/IWP30/Page_VRelay30Emulator/UDF1'

2020-07-13 22:45:58 - [MESSAGE][PASSED] - Text '' is set on object 'Object Repository/IWP30/Page_VRelay30Emulator/UDF2'

2020-07-13 22:45:58 - [MESSAGE][PASSED] - Text '' is set on object 'Object Repository/IWP30/Page_VRelay30Emulator/UDF3'

2020-07-13 22:45:59 - [MESSAGE][PASSED] - Text 'udf data 4' is set on object 'Object Repository/IWP30/Page_VRelay30Emulator/UDF4'

2020-07-13 22:46:00 - [MESSAGE][PASSED] - Text 'udf data 5' is set on object 'Object Repository/IWP30/Page_VRelay30Emulator/UDF5'

2020-07-13 22:46:00 - [MESSAGE][PASSED] - Text '' is set on object 'Object Repository/IWP30/Page_VRelay30Emulator/UDF6'

2020-07-13 22:46:01 - [MESSAGE][PASSED] - Text '' is set on object 'Object Repository/IWP30/Page_VRelay30Emulator/UDF7'

2020-07-13 22:46:02 - [MESSAGE][PASSED] - Text '' is set on object 'Object Repository/IWP30/Page_VRelay30Emulator/UDF8'

2020-07-13 22:46:02 - [MESSAGE][PASSED] - Text 'udf data 9' is set on object 'Object Repository/IWP30/Page_VRelay30Emulator/UDF9'

2020-07-13 22:46:03 - [MESSAGE][PASSED] - Text 'udf data 10' is set on object 'Object Repository/IWP30/Page_VRelay30Emulator/UDF10'

2020-07-13 22:46:14 - [MESSAGE][PASSED] - Object: 'Object Repository/IWP30/Page_VRelay30Emulator/Submit' is clicked on

2020-07-13 22:46:14 - [MESSAGE][PASSED] - iwpPages.emulatorIWP30.getSetData is PASSED

2020-07-13 22:46:14 - [TEST_STEP][PASSED] - closeBrowser(): Browser is closed

2020-07-13 22:46:15 - [MESSAGE][PASSED] - Browser is closed

2020-07-13 22:46:15 - [TEST_STEP][PASSED] - openBrowser("https://dev-algorithm.govolution.com/vrelaytest/QA/version_2_2/vrelaytest.html"): Browser is opened with url: 'https://dev-algorithm.govolution.com/vrelaytest/QA/version_2_2/vrelaytest.html'

2020-07-13 22:46:15 - [MESSAGE][INFO] - Starting 'Chrome' driver

2020-07-13 22:46:15 - [MESSAGE][INFO] - User set preference: ['acceptInsecureCerts', 'true']

2020-07-13 22:46:15 - [MESSAGE][INFO] - Action delay is set to 0 milliseconds

2020-07-13 22:46:18 - [MESSAGE][PASSED] - Browser is opened with url: 'https://dev-algorithm.govolution.com/vrelaytest/QA/version_2_2/vrelaytest.html'

2020-07-13 22:46:18 - [TEST_STEP][PASSED] - maximizeWindow(): Current window maximized

2020-07-13 22:46:18 - [MESSAGE][PASSED] - Current window maximized

2020-07-13 22:46:18 - [TEST_STEP][PASSED] - iwpPages.TestHarnessPage.setDataMethod(row, dataFile): iwpPages.TestHarnessPage.setDataMethod is PASSED

2020-07-13 22:46:19 - [MESSAGE][PASSED] - Object 'Object Repository/IWP30/Page_QATestHarness/RemittanceID' is present

2020-07-13 22:46:19 - [MESSAGE][PASSED] - Text '649' is set on object 'Object Repository/IWP30/Page_QATestHarness/ApplicationID'

2020-07-13 22:46:20 - [MESSAGE][PASSED] - Text '3.0' is set on object 'Object Repository/IWP30/Page_QATestHarness/MessageVersion'

2020-07-13 22:46:20 - [MESSAGE][PASSED] - Text 'H6us4Mal4XvL' is set on object 'Object Repository/IWP30/Page_QATestHarness/RemittanceID'

2020-07-13 22:46:22 - [MESSAGE][PASSED] - Object: 'Object Repository/IWP30/Page_QATestHarness/SubmitButton' is clicked on

2020-07-13 22:46:22 - [MESSAGE][PASSED] - iwpPages.TestHarnessPage.setDataMethod is PASSED

2020-07-13 22:46:22 - [TEST_STEP][PASSED] - if (verifyElementPresent(findTestObject("Object Repository/IWP30/Page_SelectPaymentMethod/PayByCreditCard"), 30)): null

2020-07-13 22:46:22 - [MESSAGE][PASSED] - Object 'Object Repository/IWP30/Page_SelectPaymentMethod/PayByCreditCard' is present

2020-07-13 22:46:22 - [TEST_STEP][PASSED] - println("We are on Select Payment Method page, start populating"): null

2020-07-13 22:46:22 - [TEST_STEP][PASSED] - check(findTestObject("Object Repository/IWP30/Page_SelectPaymentMethod/PayByCreditCard")): Object 'Object Repository/IWP30/Page_SelectPaymentMethod/PayByCreditCard' is checked

2020-07-13 22:46:22 - [MESSAGE][PASSED] - Object 'Object Repository/IWP30/Page_SelectPaymentMethod/PayByCreditCard' is checked

2020-07-13 22:46:22 - [TEST_STEP][PASSED] - Thread.sleep(1000): null

2020-07-13 22:46:23 - [TEST_STEP][PASSED] - click(findTestObject("Object Repository/IWP30/Page_SelectPaymentMethod/MakePaymentButton")): Object: 'Object Repository/IWP30/Page_SelectPaymentMethod/MakePaymentButton' is clicked on

2020-07-13 22:46:25 - [MESSAGE][PASSED] - Object: 'Object Repository/IWP30/Page_SelectPaymentMethod/MakePaymentButton' is clicked on

2020-07-13 22:46:25 - [TEST_STEP][PASSED] - iwpPages.ccPaymentEntryPage.setDataCCPM(row, dataFile): iwpPages.ccPaymentEntryPage.setDataCCPM is PASSED

2020-07-13 22:46:25 - [MESSAGE][PASSED] - Object 'Object Repository/IWP30/Page_CCPaymentEntry/Name' is present

2020-07-13 22:46:26 - [MESSAGE][PASSED] - Object 'Object Repository/IWP30/Page_CCPaymentEntry/Amount' is present

2020-07-13 22:46:26 - [MESSAGE][PASSED] - Text '20.50' is set on object 'Object Repository/IWP30/Page_CCPaymentEntry/Amount'

2020-07-13 22:46:27 - [MESSAGE][PASSED] - Object 'Object Repository/IWP30/Page_CCPaymentEntry/UserDefined2' is present

2020-07-13 22:46:27 - [MESSAGE][PASSED] - Text 'Number 2' is set on object 'Object Repository/IWP30/Page_CCPaymentEntry/UserDefined2'

2020-07-13 22:46:28 - [MESSAGE][PASSED] - Object 'Object Repository/IWP30/Page_CCPaymentEntry/UserDefined3' is present

2020-07-13 22:46:28 - [MESSAGE][PASSED] - Text 'Number 3' is set on object 'Object Repository/IWP30/Page_CCPaymentEntry/UserDefined3'

2020-07-13 22:46:29 - [MESSAGE][PASSED] - Object 'Object Repository/IWP30/Page_CCPaymentEntry/UserDefined7' is present

2020-07-13 22:46:29 - [MESSAGE][PASSED] - All options with label 'Orange' are selected in object 'Object Repository/IWP30/Page_CCPaymentEntry/UserDefined7' 

2020-07-13 22:46:30 - [MESSAGE][PASSED] - Object 'Object Repository/IWP30/Page_CCPaymentEntry/UserDefined8' is present

2020-07-13 22:46:30 - [MESSAGE][PASSED] - All options with label 'Tennis' are selected in object 'Object Repository/IWP30/Page_CCPaymentEntry/UserDefined8' 

2020-07-13 22:46:31 - [MESSAGE][PASSED] - Object 'Object Repository/IWP30/Page_CCPaymentEntry/Name' is present

2020-07-13 22:46:31 - [MESSAGE][PASSED] - Text 'Mera Naam' is set on object 'Object Repository/IWP30/Page_CCPaymentEntry/Name'

2020-07-13 22:46:32 - [MESSAGE][PASSED] - Object 'Object Repository/IWP30/Page_CCPaymentEntry/CardNumber' is present

2020-07-13 22:46:32 - [MESSAGE][PASSED] - Text '370000000000002' is set on object 'Object Repository/IWP30/Page_CCPaymentEntry/CardNumber'

2020-07-13 22:46:33 - [MESSAGE][PASSED] - Object 'Object Repository/IWP30/Page_CCPaymentEntry/SPC' is present

2020-07-13 22:46:33 - [MESSAGE][PASSED] - Text '1234' is set on object 'Object Repository/IWP30/Page_CCPaymentEntry/SPC'

2020-07-13 22:46:34 - [MESSAGE][PASSED] - Object 'Object Repository/IWP30/Page_CCPaymentEntry/Month' is present

2020-07-13 22:46:34 - [MESSAGE][PASSED] - All options with label '09' are selected in object 'Object Repository/IWP30/Page_CCPaymentEntry/Month' 

2020-07-13 22:46:35 - [MESSAGE][PASSED] - Object 'Object Repository/IWP30/Page_CCPaymentEntry/Year' is present

2020-07-13 22:46:35 - [MESSAGE][PASSED] - All options with label '2023' are selected in object 'Object Repository/IWP30/Page_CCPaymentEntry/Year' 

2020-07-13 22:46:36 - [MESSAGE][PASSED] - Object 'Object Repository/IWP30/Page_CCPaymentEntry/ProcessDate' is present

2020-07-13 22:46:36 - [MESSAGE][PASSED] - Object 'Object Repository/IWP30/Page_CCPaymentEntry/AL1' is present

2020-07-13 22:46:37 - [MESSAGE][PASSED] - Text 'Mera AL1' is set on object 'Object Repository/IWP30/Page_CCPaymentEntry/AL1'

2020-07-13 22:46:37 - [MESSAGE][PASSED] - Object 'Object Repository/IWP30/Page_CCPaymentEntry/AL2' is present

2020-07-13 22:46:38 - [MESSAGE][PASSED] - Text 'Mera AL2' is set on object 'Object Repository/IWP30/Page_CCPaymentEntry/AL2'

2020-07-13 22:46:38 - [MESSAGE][PASSED] - Object 'Object Repository/IWP30/Page_CCPaymentEntry/ZIP' is present

2020-07-13 22:46:39 - [MESSAGE][PASSED] - Text '21054' is set on object 'Object Repository/IWP30/Page_CCPaymentEntry/ZIP'

2020-07-13 22:46:39 - [MESSAGE][PASSED] - Object 'Object Repository/IWP30/Page_CCPaymentEntry/EmailAddress' is present

2020-07-13 22:46:40 - [MESSAGE][PASSED] - Text 'merae@gmail.com' is set on object 'Object Repository/IWP30/Page_CCPaymentEntry/EmailAddress'

2020-07-13 22:46:41 - [MESSAGE][PASSED] - Object 'Object Repository/IWP30/Page_CCPaymentEntry/TermCondCheckBox' is present

2020-07-13 22:46:41 - [MESSAGE][PASSED] - Object 'Object Repository/IWP30/Page_CCPaymentEntry/TermCondCheckBox' is checked

2020-07-13 22:46:41 - [MESSAGE][PASSED] - Object 'Object Repository/IWP30/Page_CCPaymentEntry/ContinueButton' is present

2020-07-13 22:46:42 - [MESSAGE][PASSED] - Object: 'Object Repository/IWP30/Page_CCPaymentEntry/ContinueButton' is clicked on

2020-07-13 22:46:42 - [MESSAGE][PASSED] - iwpPages.ccPaymentEntryPage.setDataCCPM is PASSED

2020-07-13 22:46:42 - [TEST_STEP][PASSED] - if (verifyTextPresent("Please verify the following information", false)): null

2020-07-13 22:46:43 - [MESSAGE][PASSED] - Text 'Please verify the following information' is present on page 

2020-07-13 22:46:43 - [TEST_STEP][PASSED] - println("Please verify the following information text is present on the Confirmation page"): null

2020-07-13 22:46:43 - [TEST_STEP][PASSED] - if (verifyTextPresent("Is this information correct?", false)): null

2020-07-13 22:46:43 - [MESSAGE][PASSED] - Text 'Is this information correct?' is present on page 

2020-07-13 22:46:43 - [TEST_STEP][PASSED] - println("Is this information correct text is present on the Confirmation page"): null

2020-07-13 22:46:43 - [TEST_STEP][PASSED] - if (verifyElementPresent(findTestObject("Object Repository/IWP30/Page_Confirmation/ConfirmButton"), 30)): null

2020-07-13 22:46:43 - [MESSAGE][PASSED] - Object 'Object Repository/IWP30/Page_Confirmation/ConfirmButton' is present

2020-07-13 22:46:43 - [TEST_STEP][PASSED] - click(findTestObject("Object Repository/IWP30/Page_Confirmation/ConfirmButton")): Object: 'Object Repository/IWP30/Page_Confirmation/ConfirmButton' is clicked on

2020-07-13 22:46:45 - [MESSAGE][PASSED] - Object: 'Object Repository/IWP30/Page_Confirmation/ConfirmButton' is clicked on

2020-07-13 22:46:45 - [TEST_STEP][PASSED] - Thread.sleep(10000): null

2020-07-13 22:46:55 - [TEST_STEP][PASSED] - if (verifyTextPresent("Successful Payment Receipt", false)): null

2020-07-13 22:46:55 - [MESSAGE][PASSED] - Text 'Successful Payment Receipt' is present on page 

2020-07-13 22:46:55 - [TEST_STEP][PASSED] - println("Successful Payment Receipt text is present on the Receipt page"): null

2020-07-13 22:46:55 - [TEST_STEP][PASSED] - if (verifyTextPresent("Please print this receipt for your records", false)): null

2020-07-13 22:46:55 - [MESSAGE][PASSED] - Text 'Please print this receipt for your records' is present on page 

2020-07-13 22:46:55 - [TEST_STEP][PASSED] - println("Please print this receipt for your records text is present on the Receipt page"): null

2020-07-13 22:46:55 - [TEST_STEP][PASSED] - if (verifyElementPresent(findTestObject("Object Repository/IWP30/Page_Receipt/ExitButton"), 30)): null

2020-07-13 22:46:55 - [MESSAGE][PASSED] - Object 'Object Repository/IWP30/Page_Receipt/ExitButton' is present

2020-07-13 22:46:55 - [TEST_STEP][PASSED] - println("Exit Button is present on the Receipt page"): null

2020-07-13 22:46:55 - [TEST_STEP][PASSED] - closeBrowser(): Browser is closed

2020-07-13 22:46:56 - [MESSAGE][PASSED] - Browser is closed

2020-07-13 22:46:56 - [TEST_STEP][PASSED] - openBrowser("https://qa.velocitypayment.com/agency/config.do?action=editor"): Browser is opened with url: 'https://qa.velocitypayment.com/agency/config.do?action=editor'

2020-07-13 22:46:56 - [MESSAGE][INFO] - Starting 'Chrome' driver

2020-07-13 22:46:56 - [MESSAGE][INFO] - User set preference: ['acceptInsecureCerts', 'true']

2020-07-13 22:46:56 - [MESSAGE][INFO] - Action delay is set to 0 milliseconds

2020-07-13 22:47:01 - [MESSAGE][PASSED] - Browser is opened with url: 'https://qa.velocitypayment.com/agency/config.do?action=editor'

2020-07-13 22:47:01 - [TEST_STEP][PASSED] - maximizeWindow(): Current window maximized

2020-07-13 22:47:01 - [MESSAGE][PASSED] - Current window maximized

2020-07-13 22:47:01 - [TEST_STEP][PASSED] - iwpPages.emulatorIWP30.getSetData(row, dataFile): iwpPages.emulatorIWP30.getSetData is PASSED

2020-07-13 22:47:02 - [MESSAGE][PASSED] - All options with value '3.0' are selected in object 'Object Repository/IWP30/Page_VRelay30Emulator/MV'  using regular expression

2020-07-13 22:47:03 - [MESSAGE][PASSED] - Text '10.50' is set on object 'Object Repository/IWP30/Page_VRelay30Emulator/Amount'

2020-07-13 22:47:04 - [MESSAGE][PASSED] - Text '26411005' is set on object 'Object Repository/IWP30/Page_VRelay30Emulator/CAN'

2020-07-13 22:47:04 - [MESSAGE][PASSED] - Text 'PayNow' is set on object 'Object Repository/IWP30/Page_VRelay30Emulator/Action'

2020-07-13 22:47:05 - [MESSAGE][PASSED] - Text 'en_US' is set on object 'Object Repository/IWP30/Page_VRelay30Emulator/Lang'

2020-07-13 22:47:05 - [MESSAGE][PASSED] - Text '' is set on object 'Object Repository/IWP30/Page_VRelay30Emulator/Fname'

2020-07-13 22:47:06 - [MESSAGE][PASSED] - Text '' is set on object 'Object Repository/IWP30/Page_VRelay30Emulator/Lname'

2020-07-13 22:47:07 - [MESSAGE][PASSED] - Text '' is set on object 'Object Repository/IWP30/Page_VRelay30Emulator/AL1'

2020-07-13 22:47:07 - [MESSAGE][PASSED] - Text '' is set on object 'Object Repository/IWP30/Page_VRelay30Emulator/AL2'

2020-07-13 22:47:08 - [MESSAGE][PASSED] - Text '840' is set on object 'Object Repository/IWP30/Page_VRelay30Emulator/Country'

2020-07-13 22:47:08 - [MESSAGE][PASSED] - Text '' is set on object 'Object Repository/IWP30/Page_VRelay30Emulator/City'

2020-07-13 22:47:09 - [MESSAGE][PASSED] - Text '' is set on object 'Object Repository/IWP30/Page_VRelay30Emulator/State'

2020-07-13 22:47:10 - [MESSAGE][PASSED] - Text '' is set on object 'Object Repository/IWP30/Page_VRelay30Emulator/ZIP'

2020-07-13 22:47:10 - [MESSAGE][PASSED] - Text '' is set on object 'Object Repository/IWP30/Page_VRelay30Emulator/Order'

2020-07-13 22:47:11 - [MESSAGE][PASSED] - Text '' is set on object 'Object Repository/IWP30/Page_VRelay30Emulator/Company'

2020-07-13 22:47:12 - [MESSAGE][PASSED] - Text '' is set on object 'Object Repository/IWP30/Page_VRelay30Emulator/Email'

2020-07-13 22:47:12 - [MESSAGE][PASSED] - Text '' is set on object 'Object Repository/IWP30/Page_VRelay30Emulator/UDF1'

2020-07-13 22:47:13 - [MESSAGE][PASSED] - Text '' is set on object 'Object Repository/IWP30/Page_VRelay30Emulator/UDF2'

2020-07-13 22:47:14 - [MESSAGE][PASSED] - Text '' is set on object 'Object Repository/IWP30/Page_VRelay30Emulator/UDF3'

2020-07-13 22:47:14 - [MESSAGE][PASSED] - Text 'udf data 4' is set on object 'Object Repository/IWP30/Page_VRelay30Emulator/UDF4'

2020-07-13 22:47:15 - [MESSAGE][PASSED] - Text 'udf data 5' is set on object 'Object Repository/IWP30/Page_VRelay30Emulator/UDF5'

2020-07-13 22:47:16 - [MESSAGE][PASSED] - Text '' is set on object 'Object Repository/IWP30/Page_VRelay30Emulator/UDF6'

2020-07-13 22:47:17 - [MESSAGE][PASSED] - Text '' is set on object 'Object Repository/IWP30/Page_VRelay30Emulator/UDF7'

2020-07-13 22:47:17 - [MESSAGE][PASSED] - Text '' is set on object 'Object Repository/IWP30/Page_VRelay30Emulator/UDF8'

2020-07-13 22:47:18 - [MESSAGE][PASSED] - Text 'udf data 9' is set on object 'Object Repository/IWP30/Page_VRelay30Emulator/UDF9'

2020-07-13 22:47:19 - [MESSAGE][PASSED] - Text 'udf data 10' is set on object 'Object Repository/IWP30/Page_VRelay30Emulator/UDF10'

2020-07-13 22:47:29 - [MESSAGE][PASSED] - Object: 'Object Repository/IWP30/Page_VRelay30Emulator/Submit' is clicked on

2020-07-13 22:47:29 - [MESSAGE][PASSED] - iwpPages.emulatorIWP30.getSetData is PASSED

2020-07-13 22:47:29 - [TEST_STEP][PASSED] - closeBrowser(): Browser is closed

2020-07-13 22:47:30 - [MESSAGE][PASSED] - Browser is closed

2020-07-13 22:47:30 - [TEST_STEP][PASSED] - openBrowser("https://dev-algorithm.govolution.com/vrelaytest/QA/version_2_2/vrelaytest.html"): Browser is opened with url: 'https://dev-algorithm.govolution.com/vrelaytest/QA/version_2_2/vrelaytest.html'

2020-07-13 22:47:30 - [MESSAGE][INFO] - Starting 'Chrome' driver

2020-07-13 22:47:30 - [MESSAGE][INFO] - User set preference: ['acceptInsecureCerts', 'true']

2020-07-13 22:47:30 - [MESSAGE][INFO] - Action delay is set to 0 milliseconds

2020-07-13 22:47:33 - [MESSAGE][PASSED] - Browser is opened with url: 'https://dev-algorithm.govolution.com/vrelaytest/QA/version_2_2/vrelaytest.html'

2020-07-13 22:47:33 - [TEST_STEP][PASSED] - maximizeWindow(): Current window maximized

2020-07-13 22:47:34 - [MESSAGE][PASSED] - Current window maximized

2020-07-13 22:47:34 - [TEST_STEP][PASSED] - iwpPages.TestHarnessPage.setDataMethod(row, dataFile): iwpPages.TestHarnessPage.setDataMethod is PASSED

2020-07-13 22:47:34 - [MESSAGE][PASSED] - Object 'Object Repository/IWP30/Page_QATestHarness/RemittanceID' is present

2020-07-13 22:47:35 - [MESSAGE][PASSED] - Text '649' is set on object 'Object Repository/IWP30/Page_QATestHarness/ApplicationID'

2020-07-13 22:47:35 - [MESSAGE][PASSED] - Text '3.0' is set on object 'Object Repository/IWP30/Page_QATestHarness/MessageVersion'

2020-07-13 22:47:36 - [MESSAGE][PASSED] - Text 'wpPVmGA265GL' is set on object 'Object Repository/IWP30/Page_QATestHarness/RemittanceID'

2020-07-13 22:47:37 - [MESSAGE][PASSED] - Object: 'Object Repository/IWP30/Page_QATestHarness/SubmitButton' is clicked on

2020-07-13 22:47:37 - [MESSAGE][PASSED] - iwpPages.TestHarnessPage.setDataMethod is PASSED

2020-07-13 22:47:37 - [TEST_STEP][PASSED] - if (verifyElementPresent(findTestObject("Object Repository/IWP30/Page_SelectPaymentMethod/PayByCreditCard"), 30)): null

2020-07-13 22:47:38 - [MESSAGE][PASSED] - Object 'Object Repository/IWP30/Page_SelectPaymentMethod/PayByCreditCard' is present

2020-07-13 22:47:38 - [TEST_STEP][PASSED] - println("We are on Select Payment Method page, start populating"): null

2020-07-13 22:47:38 - [TEST_STEP][PASSED] - check(findTestObject("Object Repository/IWP30/Page_SelectPaymentMethod/PayByCreditCard")): Object 'Object Repository/IWP30/Page_SelectPaymentMethod/PayByCreditCard' is checked

2020-07-13 22:47:38 - [MESSAGE][PASSED] - Object 'Object Repository/IWP30/Page_SelectPaymentMethod/PayByCreditCard' is checked

2020-07-13 22:47:38 - [TEST_STEP][PASSED] - Thread.sleep(1000): null

2020-07-13 22:47:39 - [TEST_STEP][PASSED] - click(findTestObject("Object Repository/IWP30/Page_SelectPaymentMethod/MakePaymentButton")): Object: 'Object Repository/IWP30/Page_SelectPaymentMethod/MakePaymentButton' is clicked on

2020-07-13 22:47:40 - [MESSAGE][PASSED] - Object: 'Object Repository/IWP30/Page_SelectPaymentMethod/MakePaymentButton' is clicked on

2020-07-13 22:47:40 - [TEST_STEP][PASSED] - iwpPages.ccPaymentEntryPage.setDataCCPM(row, dataFile): iwpPages.ccPaymentEntryPage.setDataCCPM is PASSED

2020-07-13 22:47:41 - [MESSAGE][PASSED] - Object 'Object Repository/IWP30/Page_CCPaymentEntry/Name' is present

2020-07-13 22:47:41 - [MESSAGE][PASSED] - Object 'Object Repository/IWP30/Page_CCPaymentEntry/Amount' is present

2020-07-13 22:47:42 - [MESSAGE][PASSED] - Text '20.50' is set on object 'Object Repository/IWP30/Page_CCPaymentEntry/Amount'

2020-07-13 22:47:42 - [MESSAGE][PASSED] - Object 'Object Repository/IWP30/Page_CCPaymentEntry/UserDefined2' is present

2020-07-13 22:47:43 - [MESSAGE][PASSED] - Text 'Number 2' is set on object 'Object Repository/IWP30/Page_CCPaymentEntry/UserDefined2'

2020-07-13 22:47:43 - [MESSAGE][PASSED] - Object 'Object Repository/IWP30/Page_CCPaymentEntry/UserDefined3' is present

2020-07-13 22:47:44 - [MESSAGE][PASSED] - Text 'Number 3' is set on object 'Object Repository/IWP30/Page_CCPaymentEntry/UserDefined3'

2020-07-13 22:47:44 - [MESSAGE][PASSED] - Object 'Object Repository/IWP30/Page_CCPaymentEntry/UserDefined7' is present

2020-07-13 22:47:45 - [MESSAGE][PASSED] - All options with label 'Orange' are selected in object 'Object Repository/IWP30/Page_CCPaymentEntry/UserDefined7' 

2020-07-13 22:47:45 - [MESSAGE][PASSED] - Object 'Object Repository/IWP30/Page_CCPaymentEntry/UserDefined8' is present

2020-07-13 22:47:46 - [MESSAGE][PASSED] - All options with label 'Tennis' are selected in object 'Object Repository/IWP30/Page_CCPaymentEntry/UserDefined8' 

2020-07-13 22:47:46 - [MESSAGE][PASSED] - Object 'Object Repository/IWP30/Page_CCPaymentEntry/Name' is present

2020-07-13 22:47:47 - [MESSAGE][PASSED] - Text 'Mera Naam' is set on object 'Object Repository/IWP30/Page_CCPaymentEntry/Name'

2020-07-13 22:47:47 - [MESSAGE][PASSED] - Object 'Object Repository/IWP30/Page_CCPaymentEntry/CardNumber' is present

2020-07-13 22:47:47 - [MESSAGE][PASSED] - Text '6011000000000004' is set on object 'Object Repository/IWP30/Page_CCPaymentEntry/CardNumber'

2020-07-13 22:47:48 - [MESSAGE][PASSED] - Object 'Object Repository/IWP30/Page_CCPaymentEntry/SPC' is present

2020-07-13 22:47:48 - [MESSAGE][PASSED] - Text '123' is set on object 'Object Repository/IWP30/Page_CCPaymentEntry/SPC'

2020-07-13 22:47:49 - [MESSAGE][PASSED] - Object 'Object Repository/IWP30/Page_CCPaymentEntry/Month' is present

2020-07-13 22:47:49 - [MESSAGE][PASSED] - All options with label '09' are selected in object 'Object Repository/IWP30/Page_CCPaymentEntry/Month' 

2020-07-13 22:47:50 - [MESSAGE][PASSED] - Object 'Object Repository/IWP30/Page_CCPaymentEntry/Year' is present

2020-07-13 22:47:50 - [MESSAGE][PASSED] - All options with label '2023' are selected in object 'Object Repository/IWP30/Page_CCPaymentEntry/Year' 

2020-07-13 22:47:51 - [MESSAGE][PASSED] - Object 'Object Repository/IWP30/Page_CCPaymentEntry/ProcessDate' is present

2020-07-13 22:47:51 - [MESSAGE][PASSED] - Object 'Object Repository/IWP30/Page_CCPaymentEntry/AL1' is present

2020-07-13 22:47:52 - [MESSAGE][PASSED] - Text 'Mera AL1' is set on object 'Object Repository/IWP30/Page_CCPaymentEntry/AL1'

2020-07-13 22:47:52 - [MESSAGE][PASSED] - Object 'Object Repository/IWP30/Page_CCPaymentEntry/AL2' is present

2020-07-13 22:47:53 - [MESSAGE][PASSED] - Text 'Mera AL2' is set on object 'Object Repository/IWP30/Page_CCPaymentEntry/AL2'

2020-07-13 22:47:53 - [MESSAGE][PASSED] - Object 'Object Repository/IWP30/Page_CCPaymentEntry/ZIP' is present

2020-07-13 22:47:54 - [MESSAGE][PASSED] - Text '21054' is set on object 'Object Repository/IWP30/Page_CCPaymentEntry/ZIP'

2020-07-13 22:47:54 - [MESSAGE][PASSED] - Object 'Object Repository/IWP30/Page_CCPaymentEntry/EmailAddress' is present

2020-07-13 22:47:55 - [MESSAGE][PASSED] - Text 'merae@gmail.com' is set on object 'Object Repository/IWP30/Page_CCPaymentEntry/EmailAddress'

2020-07-13 22:47:55 - [MESSAGE][PASSED] - Object 'Object Repository/IWP30/Page_CCPaymentEntry/TermCondCheckBox' is present

2020-07-13 22:47:56 - [MESSAGE][PASSED] - Object 'Object Repository/IWP30/Page_CCPaymentEntry/TermCondCheckBox' is checked

2020-07-13 22:47:56 - [MESSAGE][PASSED] - Object 'Object Repository/IWP30/Page_CCPaymentEntry/ContinueButton' is present

2020-07-13 22:47:57 - [MESSAGE][PASSED] - Object: 'Object Repository/IWP30/Page_CCPaymentEntry/ContinueButton' is clicked on

2020-07-13 22:47:57 - [MESSAGE][PASSED] - iwpPages.ccPaymentEntryPage.setDataCCPM is PASSED

2020-07-13 22:47:57 - [TEST_STEP][PASSED] - if (verifyTextPresent("Please verify the following information", false)): null

2020-07-13 22:47:58 - [MESSAGE][PASSED] - Text 'Please verify the following information' is present on page 

2020-07-13 22:47:58 - [TEST_STEP][PASSED] - println("Please verify the following information text is present on the Confirmation page"): null

2020-07-13 22:47:58 - [TEST_STEP][PASSED] - if (verifyTextPresent("Is this information correct?", false)): null

2020-07-13 22:47:58 - [MESSAGE][PASSED] - Text 'Is this information correct?' is present on page 

2020-07-13 22:47:58 - [TEST_STEP][PASSED] - println("Is this information correct text is present on the Confirmation page"): null

2020-07-13 22:47:58 - [TEST_STEP][PASSED] - if (verifyElementPresent(findTestObject("Object Repository/IWP30/Page_Confirmation/ConfirmButton"), 30)): null

2020-07-13 22:47:58 - [MESSAGE][PASSED] - Object 'Object Repository/IWP30/Page_Confirmation/ConfirmButton' is present

2020-07-13 22:47:58 - [TEST_STEP][PASSED] - click(findTestObject("Object Repository/IWP30/Page_Confirmation/ConfirmButton")): Object: 'Object Repository/IWP30/Page_Confirmation/ConfirmButton' is clicked on

2020-07-13 22:47:59 - [MESSAGE][PASSED] - Object: 'Object Repository/IWP30/Page_Confirmation/ConfirmButton' is clicked on

2020-07-13 22:47:59 - [TEST_STEP][PASSED] - Thread.sleep(10000): null

2020-07-13 22:48:09 - [TEST_STEP][PASSED] - if (verifyTextPresent("Successful Payment Receipt", false)): null

2020-07-13 22:48:10 - [MESSAGE][PASSED] - Text 'Successful Payment Receipt' is present on page 

2020-07-13 22:48:10 - [TEST_STEP][PASSED] - println("Successful Payment Receipt text is present on the Receipt page"): null

2020-07-13 22:48:10 - [TEST_STEP][PASSED] - if (verifyTextPresent("Please print this receipt for your records", false)): null

2020-07-13 22:48:10 - [MESSAGE][PASSED] - Text 'Please print this receipt for your records' is present on page 

2020-07-13 22:48:10 - [TEST_STEP][PASSED] - println("Please print this receipt for your records text is present on the Receipt page"): null

2020-07-13 22:48:10 - [TEST_STEP][PASSED] - if (verifyElementPresent(findTestObject("Object Repository/IWP30/Page_Receipt/ExitButton"), 30)): null

2020-07-13 22:48:10 - [MESSAGE][PASSED] - Object 'Object Repository/IWP30/Page_Receipt/ExitButton' is present

2020-07-13 22:48:10 - [TEST_STEP][PASSED] - println("Exit Button is present on the Receipt page"): null

2020-07-13 22:48:10 - [TEST_STEP][PASSED] - closeBrowser(): Browser is closed

2020-07-13 22:48:11 - [MESSAGE][PASSED] - Browser is closed

2020-07-13 22:48:11 - [TEST_STEP][PASSED] - openBrowser("https://qa.velocitypayment.com/agency/config.do?action=editor"): Browser is opened with url: 'https://qa.velocitypayment.com/agency/config.do?action=editor'

2020-07-13 22:48:11 - [MESSAGE][INFO] - Starting 'Chrome' driver

2020-07-13 22:48:11 - [MESSAGE][INFO] - User set preference: ['acceptInsecureCerts', 'true']

2020-07-13 22:48:11 - [MESSAGE][INFO] - Action delay is set to 0 milliseconds

2020-07-13 22:48:16 - [MESSAGE][PASSED] - Browser is opened with url: 'https://qa.velocitypayment.com/agency/config.do?action=editor'

2020-07-13 22:48:16 - [TEST_STEP][PASSED] - maximizeWindow(): Current window maximized

2020-07-13 22:48:16 - [MESSAGE][PASSED] - Current window maximized

2020-07-13 22:48:16 - [TEST_STEP][PASSED] - iwpPages.emulatorIWP30.getSetData(row, dataFile): iwpPages.emulatorIWP30.getSetData is PASSED

2020-07-13 22:48:17 - [MESSAGE][PASSED] - All options with value '3.0' are selected in object 'Object Repository/IWP30/Page_VRelay30Emulator/MV'  using regular expression

2020-07-13 22:48:18 - [MESSAGE][PASSED] - Text '10.50' is set on object 'Object Repository/IWP30/Page_VRelay30Emulator/Amount'

2020-07-13 22:48:19 - [MESSAGE][PASSED] - Text '26411005' is set on object 'Object Repository/IWP30/Page_VRelay30Emulator/CAN'

2020-07-13 22:48:19 - [MESSAGE][PASSED] - Text 'PayNow' is set on object 'Object Repository/IWP30/Page_VRelay30Emulator/Action'

2020-07-13 22:48:20 - [MESSAGE][PASSED] - Text 'en_US' is set on object 'Object Repository/IWP30/Page_VRelay30Emulator/Lang'

2020-07-13 22:48:20 - [MESSAGE][PASSED] - Text '' is set on object 'Object Repository/IWP30/Page_VRelay30Emulator/Fname'

2020-07-13 22:48:21 - [MESSAGE][PASSED] - Text '' is set on object 'Object Repository/IWP30/Page_VRelay30Emulator/Lname'

2020-07-13 22:48:22 - [MESSAGE][PASSED] - Text '' is set on object 'Object Repository/IWP30/Page_VRelay30Emulator/AL1'

2020-07-13 22:48:22 - [MESSAGE][PASSED] - Text '' is set on object 'Object Repository/IWP30/Page_VRelay30Emulator/AL2'

2020-07-13 22:48:23 - [MESSAGE][PASSED] - Text '840' is set on object 'Object Repository/IWP30/Page_VRelay30Emulator/Country'

2020-07-13 22:48:23 - [MESSAGE][PASSED] - Text '' is set on object 'Object Repository/IWP30/Page_VRelay30Emulator/City'

2020-07-13 22:48:24 - [MESSAGE][PASSED] - Text '' is set on object 'Object Repository/IWP30/Page_VRelay30Emulator/State'

2020-07-13 22:48:25 - [MESSAGE][PASSED] - Text '' is set on object 'Object Repository/IWP30/Page_VRelay30Emulator/ZIP'

2020-07-13 22:48:25 - [MESSAGE][PASSED] - Text '' is set on object 'Object Repository/IWP30/Page_VRelay30Emulator/Order'

2020-07-13 22:48:26 - [MESSAGE][PASSED] - Text '' is set on object 'Object Repository/IWP30/Page_VRelay30Emulator/Company'

2020-07-13 22:48:27 - [MESSAGE][PASSED] - Text '' is set on object 'Object Repository/IWP30/Page_VRelay30Emulator/Email'

2020-07-13 22:48:27 - [MESSAGE][PASSED] - Text '' is set on object 'Object Repository/IWP30/Page_VRelay30Emulator/UDF1'

2020-07-13 22:48:28 - [MESSAGE][PASSED] - Text '' is set on object 'Object Repository/IWP30/Page_VRelay30Emulator/UDF2'

2020-07-13 22:48:29 - [MESSAGE][PASSED] - Text '' is set on object 'Object Repository/IWP30/Page_VRelay30Emulator/UDF3'

2020-07-13 22:48:29 - [MESSAGE][PASSED] - Text 'udf data 4' is set on object 'Object Repository/IWP30/Page_VRelay30Emulator/UDF4'

2020-07-13 22:48:30 - [MESSAGE][PASSED] - Text 'udf data 5' is set on object 'Object Repository/IWP30/Page_VRelay30Emulator/UDF5'

2020-07-13 22:48:31 - [MESSAGE][PASSED] - Text '' is set on object 'Object Repository/IWP30/Page_VRelay30Emulator/UDF6'

2020-07-13 22:48:32 - [MESSAGE][PASSED] - Text '' is set on object 'Object Repository/IWP30/Page_VRelay30Emulator/UDF7'

2020-07-13 22:48:32 - [MESSAGE][PASSED] - Text '' is set on object 'Object Repository/IWP30/Page_VRelay30Emulator/UDF8'

2020-07-13 22:48:33 - [MESSAGE][PASSED] - Text 'udf data 9' is set on object 'Object Repository/IWP30/Page_VRelay30Emulator/UDF9'

2020-07-13 22:48:34 - [MESSAGE][PASSED] - Text 'udf data 10' is set on object 'Object Repository/IWP30/Page_VRelay30Emulator/UDF10'

2020-07-13 22:48:44 - [MESSAGE][PASSED] - Object: 'Object Repository/IWP30/Page_VRelay30Emulator/Submit' is clicked on

2020-07-13 22:48:44 - [MESSAGE][PASSED] - iwpPages.emulatorIWP30.getSetData is PASSED

2020-07-13 22:48:44 - [TEST_STEP][PASSED] - closeBrowser(): Browser is closed

2020-07-13 22:48:45 - [MESSAGE][PASSED] - Browser is closed

2020-07-13 22:48:45 - [TEST_STEP][PASSED] - openBrowser("https://dev-algorithm.govolution.com/vrelaytest/QA/version_2_2/vrelaytest.html"): Browser is opened with url: 'https://dev-algorithm.govolution.com/vrelaytest/QA/version_2_2/vrelaytest.html'

2020-07-13 22:48:45 - [MESSAGE][INFO] - Starting 'Chrome' driver

2020-07-13 22:48:45 - [MESSAGE][INFO] - User set preference: ['acceptInsecureCerts', 'true']

2020-07-13 22:48:45 - [MESSAGE][INFO] - Action delay is set to 0 milliseconds

2020-07-13 22:48:49 - [MESSAGE][PASSED] - Browser is opened with url: 'https://dev-algorithm.govolution.com/vrelaytest/QA/version_2_2/vrelaytest.html'

2020-07-13 22:48:49 - [TEST_STEP][PASSED] - maximizeWindow(): Current window maximized

2020-07-13 22:48:49 - [MESSAGE][PASSED] - Current window maximized

2020-07-13 22:48:49 - [TEST_STEP][PASSED] - iwpPages.TestHarnessPage.setDataMethod(row, dataFile): iwpPages.TestHarnessPage.setDataMethod is PASSED

2020-07-13 22:48:49 - [MESSAGE][PASSED] - Object 'Object Repository/IWP30/Page_QATestHarness/RemittanceID' is present

2020-07-13 22:48:50 - [MESSAGE][PASSED] - Text '649' is set on object 'Object Repository/IWP30/Page_QATestHarness/ApplicationID'

2020-07-13 22:48:50 - [MESSAGE][PASSED] - Text '3.0' is set on object 'Object Repository/IWP30/Page_QATestHarness/MessageVersion'

2020-07-13 22:48:51 - [MESSAGE][PASSED] - Text 'tgCNM8FwvNwS' is set on object 'Object Repository/IWP30/Page_QATestHarness/RemittanceID'

2020-07-13 22:48:52 - [MESSAGE][PASSED] - Object: 'Object Repository/IWP30/Page_QATestHarness/SubmitButton' is clicked on

2020-07-13 22:48:52 - [MESSAGE][PASSED] - iwpPages.TestHarnessPage.setDataMethod is PASSED

2020-07-13 22:48:52 - [TEST_STEP][PASSED] - if (verifyElementPresent(findTestObject("Object Repository/IWP30/Page_SelectPaymentMethod/PayByCreditCard"), 30)): null

2020-07-13 22:48:53 - [MESSAGE][PASSED] - Object 'Object Repository/IWP30/Page_SelectPaymentMethod/PayByCreditCard' is present

2020-07-13 22:48:53 - [TEST_STEP][PASSED] - println("We are on Select Payment Method page, start populating"): null

2020-07-13 22:48:53 - [TEST_STEP][PASSED] - check(findTestObject("Object Repository/IWP30/Page_SelectPaymentMethod/PayByCreditCard")): Object 'Object Repository/IWP30/Page_SelectPaymentMethod/PayByCreditCard' is checked

2020-07-13 22:48:53 - [MESSAGE][PASSED] - Object 'Object Repository/IWP30/Page_SelectPaymentMethod/PayByCreditCard' is checked

2020-07-13 22:48:53 - [TEST_STEP][PASSED] - Thread.sleep(1000): null

2020-07-13 22:48:54 - [TEST_STEP][PASSED] - click(findTestObject("Object Repository/IWP30/Page_SelectPaymentMethod/MakePaymentButton")): Object: 'Object Repository/IWP30/Page_SelectPaymentMethod/MakePaymentButton' is clicked on

2020-07-13 22:48:55 - [MESSAGE][PASSED] - Object: 'Object Repository/IWP30/Page_SelectPaymentMethod/MakePaymentButton' is clicked on

2020-07-13 22:48:55 - [TEST_STEP][PASSED] - iwpPages.ccPaymentEntryPage.setDataCCPM(row, dataFile): iwpPages.ccPaymentEntryPage.setDataCCPM is PASSED

2020-07-13 22:48:56 - [MESSAGE][PASSED] - Object 'Object Repository/IWP30/Page_CCPaymentEntry/Name' is present

2020-07-13 22:48:56 - [MESSAGE][PASSED] - Object 'Object Repository/IWP30/Page_CCPaymentEntry/Amount' is present

2020-07-13 22:48:57 - [MESSAGE][PASSED] - Text '20.50' is set on object 'Object Repository/IWP30/Page_CCPaymentEntry/Amount'

2020-07-13 22:48:57 - [MESSAGE][PASSED] - Object 'Object Repository/IWP30/Page_CCPaymentEntry/UserDefined2' is present

2020-07-13 22:48:58 - [MESSAGE][PASSED] - Text 'Number 2' is set on object 'Object Repository/IWP30/Page_CCPaymentEntry/UserDefined2'

2020-07-13 22:48:58 - [MESSAGE][PASSED] - Object 'Object Repository/IWP30/Page_CCPaymentEntry/UserDefined3' is present

2020-07-13 22:48:59 - [MESSAGE][PASSED] - Text 'Number 3' is set on object 'Object Repository/IWP30/Page_CCPaymentEntry/UserDefined3'

2020-07-13 22:48:59 - [MESSAGE][PASSED] - Object 'Object Repository/IWP30/Page_CCPaymentEntry/UserDefined7' is present

2020-07-13 22:49:00 - [MESSAGE][PASSED] - All options with label 'Orange' are selected in object 'Object Repository/IWP30/Page_CCPaymentEntry/UserDefined7' 

2020-07-13 22:49:00 - [MESSAGE][PASSED] - Object 'Object Repository/IWP30/Page_CCPaymentEntry/UserDefined8' is present

2020-07-13 22:49:01 - [MESSAGE][PASSED] - All options with label 'Tennis' are selected in object 'Object Repository/IWP30/Page_CCPaymentEntry/UserDefined8' 

2020-07-13 22:49:01 - [MESSAGE][PASSED] - Object 'Object Repository/IWP30/Page_CCPaymentEntry/Name' is present

2020-07-13 22:49:02 - [MESSAGE][PASSED] - Text 'Mera Naam' is set on object 'Object Repository/IWP30/Page_CCPaymentEntry/Name'

2020-07-13 22:49:02 - [MESSAGE][PASSED] - Object 'Object Repository/IWP30/Page_CCPaymentEntry/CardNumber' is present

2020-07-13 22:49:03 - [MESSAGE][PASSED] - Text '4922222222222223' is set on object 'Object Repository/IWP30/Page_CCPaymentEntry/CardNumber'

2020-07-13 22:49:03 - [MESSAGE][PASSED] - Object 'Object Repository/IWP30/Page_CCPaymentEntry/SPC' is present

2020-07-13 22:49:04 - [MESSAGE][PASSED] - Text '123' is set on object 'Object Repository/IWP30/Page_CCPaymentEntry/SPC'

2020-07-13 22:49:04 - [MESSAGE][PASSED] - Object 'Object Repository/IWP30/Page_CCPaymentEntry/Month' is present

2020-07-13 22:49:05 - [MESSAGE][PASSED] - All options with label '09' are selected in object 'Object Repository/IWP30/Page_CCPaymentEntry/Month' 

2020-07-13 22:49:05 - [MESSAGE][PASSED] - Object 'Object Repository/IWP30/Page_CCPaymentEntry/Year' is present

2020-07-13 22:49:06 - [MESSAGE][PASSED] - All options with label '2023' are selected in object 'Object Repository/IWP30/Page_CCPaymentEntry/Year' 

2020-07-13 22:49:06 - [MESSAGE][PASSED] - Object 'Object Repository/IWP30/Page_CCPaymentEntry/ProcessDate' is present

2020-07-13 22:49:06 - [MESSAGE][PASSED] - Object 'Object Repository/IWP30/Page_CCPaymentEntry/AL1' is present

2020-07-13 22:49:07 - [MESSAGE][PASSED] - Text 'Mera AL1' is set on object 'Object Repository/IWP30/Page_CCPaymentEntry/AL1'

2020-07-13 22:49:07 - [MESSAGE][PASSED] - Object 'Object Repository/IWP30/Page_CCPaymentEntry/AL2' is present

2020-07-13 22:49:08 - [MESSAGE][PASSED] - Text 'Mera AL2' is set on object 'Object Repository/IWP30/Page_CCPaymentEntry/AL2'

2020-07-13 22:49:09 - [MESSAGE][PASSED] - Object 'Object Repository/IWP30/Page_CCPaymentEntry/ZIP' is present

2020-07-13 22:49:09 - [MESSAGE][PASSED] - Text '21054' is set on object 'Object Repository/IWP30/Page_CCPaymentEntry/ZIP'

2020-07-13 22:49:10 - [MESSAGE][PASSED] - Object 'Object Repository/IWP30/Page_CCPaymentEntry/EmailAddress' is present

2020-07-13 22:49:10 - [MESSAGE][PASSED] - Text 'merae@gmail.com' is set on object 'Object Repository/IWP30/Page_CCPaymentEntry/EmailAddress'

2020-07-13 22:49:11 - [MESSAGE][PASSED] - Object 'Object Repository/IWP30/Page_CCPaymentEntry/TermCondCheckBox' is present

2020-07-13 22:49:11 - [MESSAGE][PASSED] - Object 'Object Repository/IWP30/Page_CCPaymentEntry/TermCondCheckBox' is checked

2020-07-13 22:49:12 - [MESSAGE][PASSED] - Object 'Object Repository/IWP30/Page_CCPaymentEntry/ContinueButton' is present

2020-07-13 22:49:13 - [MESSAGE][PASSED] - Object: 'Object Repository/IWP30/Page_CCPaymentEntry/ContinueButton' is clicked on

2020-07-13 22:49:13 - [MESSAGE][PASSED] - iwpPages.ccPaymentEntryPage.setDataCCPM is PASSED

2020-07-13 22:49:13 - [TEST_STEP][PASSED] - if (verifyTextPresent("Please verify the following information", false)): null

2020-07-13 22:49:13 - [MESSAGE][PASSED] - Text 'Please verify the following information' is present on page 

2020-07-13 22:49:13 - [TEST_STEP][PASSED] - println("Please verify the following information text is present on the Confirmation page"): null

2020-07-13 22:49:13 - [TEST_STEP][PASSED] - if (verifyTextPresent("Is this information correct?", false)): null

2020-07-13 22:49:13 - [MESSAGE][PASSED] - Text 'Is this information correct?' is present on page 

2020-07-13 22:49:13 - [TEST_STEP][PASSED] - println("Is this information correct text is present on the Confirmation page"): null

2020-07-13 22:49:13 - [TEST_STEP][PASSED] - if (verifyElementPresent(findTestObject("Object Repository/IWP30/Page_Confirmation/ConfirmButton"), 30)): null

2020-07-13 22:49:14 - [MESSAGE][PASSED] - Object 'Object Repository/IWP30/Page_Confirmation/ConfirmButton' is present

2020-07-13 22:49:14 - [TEST_STEP][PASSED] - click(findTestObject("Object Repository/IWP30/Page_Confirmation/ConfirmButton")): Object: 'Object Repository/IWP30/Page_Confirmation/ConfirmButton' is clicked on

2020-07-13 22:49:15 - [MESSAGE][PASSED] - Object: 'Object Repository/IWP30/Page_Confirmation/ConfirmButton' is clicked on

2020-07-13 22:49:15 - [TEST_STEP][PASSED] - Thread.sleep(10000): null

2020-07-13 22:49:25 - [TEST_STEP][PASSED] - if (verifyTextPresent("Successful Payment Receipt", false)): null

2020-07-13 22:49:25 - [MESSAGE][PASSED] - Text 'Successful Payment Receipt' is present on page 

2020-07-13 22:49:25 - [TEST_STEP][PASSED] - println("Successful Payment Receipt text is present on the Receipt page"): null

2020-07-13 22:49:25 - [TEST_STEP][PASSED] - if (verifyTextPresent("Please print this receipt for your records", false)): null

2020-07-13 22:49:25 - [MESSAGE][PASSED] - Text 'Please print this receipt for your records' is present on page 

2020-07-13 22:49:25 - [TEST_STEP][PASSED] - println("Please print this receipt for your records text is present on the Receipt page"): null

2020-07-13 22:49:25 - [TEST_STEP][PASSED] - if (verifyElementPresent(findTestObject("Object Repository/IWP30/Page_Receipt/ExitButton"), 30)): null

2020-07-13 22:49:26 - [MESSAGE][PASSED] - Object 'Object Repository/IWP30/Page_Receipt/ExitButton' is present

2020-07-13 22:49:26 - [TEST_STEP][PASSED] - println("Exit Button is present on the Receipt page"): null

2020-07-13 22:49:26 - [TEST_STEP][PASSED] - closeBrowser(): Browser is closed

2020-07-13 22:49:27 - [MESSAGE][PASSED] - Browser is closed

2020-07-13 22:49:27 - [TEST_STEP][PASSED] - openBrowser("https://qa.velocitypayment.com/agency/config.do?action=editor"): Browser is opened with url: 'https://qa.velocitypayment.com/agency/config.do?action=editor'

2020-07-13 22:49:27 - [MESSAGE][INFO] - Starting 'Chrome' driver

2020-07-13 22:49:27 - [MESSAGE][INFO] - User set preference: ['acceptInsecureCerts', 'true']

2020-07-13 22:49:27 - [MESSAGE][INFO] - Action delay is set to 0 milliseconds

2020-07-13 22:49:31 - [MESSAGE][PASSED] - Browser is opened with url: 'https://qa.velocitypayment.com/agency/config.do?action=editor'

2020-07-13 22:49:31 - [TEST_STEP][PASSED] - maximizeWindow(): Current window maximized

2020-07-13 22:49:31 - [MESSAGE][PASSED] - Current window maximized

2020-07-13 22:49:31 - [TEST_STEP][PASSED] - iwpPages.emulatorIWP30.getSetData(row, dataFile): iwpPages.emulatorIWP30.getSetData is PASSED

2020-07-13 22:49:33 - [MESSAGE][PASSED] - All options with value '3.0' are selected in object 'Object Repository/IWP30/Page_VRelay30Emulator/MV'  using regular expression

2020-07-13 22:49:33 - [MESSAGE][PASSED] - Text '10.50' is set on object 'Object Repository/IWP30/Page_VRelay30Emulator/Amount'

2020-07-13 22:49:34 - [MESSAGE][PASSED] - Text '26411005' is set on object 'Object Repository/IWP30/Page_VRelay30Emulator/CAN'

2020-07-13 22:49:35 - [MESSAGE][PASSED] - Text 'PayNow' is set on object 'Object Repository/IWP30/Page_VRelay30Emulator/Action'

2020-07-13 22:49:35 - [MESSAGE][PASSED] - Text 'en_US' is set on object 'Object Repository/IWP30/Page_VRelay30Emulator/Lang'

2020-07-13 22:49:36 - [MESSAGE][PASSED] - Text '' is set on object 'Object Repository/IWP30/Page_VRelay30Emulator/Fname'

2020-07-13 22:49:37 - [MESSAGE][PASSED] - Text '' is set on object 'Object Repository/IWP30/Page_VRelay30Emulator/Lname'

2020-07-13 22:49:37 - [MESSAGE][PASSED] - Text '' is set on object 'Object Repository/IWP30/Page_VRelay30Emulator/AL1'

2020-07-13 22:49:38 - [MESSAGE][PASSED] - Text '' is set on object 'Object Repository/IWP30/Page_VRelay30Emulator/AL2'

2020-07-13 22:49:39 - [MESSAGE][PASSED] - Text '840' is set on object 'Object Repository/IWP30/Page_VRelay30Emulator/Country'

2020-07-13 22:49:39 - [MESSAGE][PASSED] - Text '' is set on object 'Object Repository/IWP30/Page_VRelay30Emulator/City'

2020-07-13 22:49:40 - [MESSAGE][PASSED] - Text '' is set on object 'Object Repository/IWP30/Page_VRelay30Emulator/State'

2020-07-13 22:49:40 - [MESSAGE][PASSED] - Text '' is set on object 'Object Repository/IWP30/Page_VRelay30Emulator/ZIP'

2020-07-13 22:49:41 - [MESSAGE][PASSED] - Text '' is set on object 'Object Repository/IWP30/Page_VRelay30Emulator/Order'

2020-07-13 22:49:42 - [MESSAGE][PASSED] - Text '' is set on object 'Object Repository/IWP30/Page_VRelay30Emulator/Company'

2020-07-13 22:49:42 - [MESSAGE][PASSED] - Text '' is set on object 'Object Repository/IWP30/Page_VRelay30Emulator/Email'

2020-07-13 22:49:43 - [MESSAGE][PASSED] - Text '' is set on object 'Object Repository/IWP30/Page_VRelay30Emulator/UDF1'

2020-07-13 22:49:43 - [MESSAGE][PASSED] - Text '' is set on object 'Object Repository/IWP30/Page_VRelay30Emulator/UDF2'

2020-07-13 22:49:44 - [MESSAGE][PASSED] - Text '' is set on object 'Object Repository/IWP30/Page_VRelay30Emulator/UDF3'

2020-07-13 22:49:45 - [MESSAGE][PASSED] - Text 'udf data 4' is set on object 'Object Repository/IWP30/Page_VRelay30Emulator/UDF4'

2020-07-13 22:49:45 - [MESSAGE][PASSED] - Text 'udf data 5' is set on object 'Object Repository/IWP30/Page_VRelay30Emulator/UDF5'

2020-07-13 22:49:46 - [MESSAGE][PASSED] - Text '' is set on object 'Object Repository/IWP30/Page_VRelay30Emulator/UDF6'

2020-07-13 22:49:47 - [MESSAGE][PASSED] - Text '' is set on object 'Object Repository/IWP30/Page_VRelay30Emulator/UDF7'

2020-07-13 22:49:47 - [MESSAGE][PASSED] - Text '' is set on object 'Object Repository/IWP30/Page_VRelay30Emulator/UDF8'

2020-07-13 22:49:48 - [MESSAGE][PASSED] - Text 'udf data 9' is set on object 'Object Repository/IWP30/Page_VRelay30Emulator/UDF9'

2020-07-13 22:49:49 - [MESSAGE][PASSED] - Text 'udf data 10' is set on object 'Object Repository/IWP30/Page_VRelay30Emulator/UDF10'

2020-07-13 22:49:59 - [MESSAGE][PASSED] - Object: 'Object Repository/IWP30/Page_VRelay30Emulator/Submit' is clicked on

2020-07-13 22:49:59 - [MESSAGE][PASSED] - iwpPages.emulatorIWP30.getSetData is PASSED

2020-07-13 22:49:59 - [TEST_STEP][PASSED] - closeBrowser(): Browser is closed

2020-07-13 22:50:00 - [MESSAGE][PASSED] - Browser is closed

2020-07-13 22:50:00 - [TEST_STEP][PASSED] - openBrowser("https://dev-algorithm.govolution.com/vrelaytest/QA/version_2_2/vrelaytest.html"): Browser is opened with url: 'https://dev-algorithm.govolution.com/vrelaytest/QA/version_2_2/vrelaytest.html'

2020-07-13 22:50:00 - [MESSAGE][INFO] - Starting 'Chrome' driver

2020-07-13 22:50:00 - [MESSAGE][INFO] - User set preference: ['acceptInsecureCerts', 'true']

2020-07-13 22:50:00 - [MESSAGE][INFO] - Action delay is set to 0 milliseconds

2020-07-13 22:50:04 - [MESSAGE][PASSED] - Browser is opened with url: 'https://dev-algorithm.govolution.com/vrelaytest/QA/version_2_2/vrelaytest.html'

2020-07-13 22:50:04 - [TEST_STEP][PASSED] - maximizeWindow(): Current window maximized

2020-07-13 22:50:04 - [MESSAGE][PASSED] - Current window maximized

2020-07-13 22:50:04 - [TEST_STEP][PASSED] - iwpPages.TestHarnessPage.setDataMethod(row, dataFile): iwpPages.TestHarnessPage.setDataMethod is PASSED

2020-07-13 22:50:05 - [MESSAGE][PASSED] - Object 'Object Repository/IWP30/Page_QATestHarness/RemittanceID' is present

2020-07-13 22:50:06 - [MESSAGE][PASSED] - Text '649' is set on object 'Object Repository/IWP30/Page_QATestHarness/ApplicationID'

2020-07-13 22:50:06 - [MESSAGE][PASSED] - Text '3.0' is set on object 'Object Repository/IWP30/Page_QATestHarness/MessageVersion'

2020-07-13 22:50:07 - [MESSAGE][PASSED] - Text 'm45UcpwI0PU4' is set on object 'Object Repository/IWP30/Page_QATestHarness/RemittanceID'

2020-07-13 22:50:08 - [MESSAGE][PASSED] - Object: 'Object Repository/IWP30/Page_QATestHarness/SubmitButton' is clicked on

2020-07-13 22:50:08 - [MESSAGE][PASSED] - iwpPages.TestHarnessPage.setDataMethod is PASSED

2020-07-13 22:50:08 - [TEST_STEP][PASSED] - if (verifyElementPresent(findTestObject("Object Repository/IWP30/Page_SelectPaymentMethod/PayByCreditCard"), 30)): null

2020-07-13 22:50:09 - [MESSAGE][PASSED] - Object 'Object Repository/IWP30/Page_SelectPaymentMethod/PayByCreditCard' is present

2020-07-13 22:50:09 - [TEST_STEP][PASSED] - println("We are on Select Payment Method page, start populating"): null

2020-07-13 22:50:09 - [TEST_STEP][PASSED] - check(findTestObject("Object Repository/IWP30/Page_SelectPaymentMethod/PayByCreditCard")): Object 'Object Repository/IWP30/Page_SelectPaymentMethod/PayByCreditCard' is checked

2020-07-13 22:50:09 - [MESSAGE][PASSED] - Object 'Object Repository/IWP30/Page_SelectPaymentMethod/PayByCreditCard' is checked

2020-07-13 22:50:09 - [TEST_STEP][PASSED] - Thread.sleep(1000): null

2020-07-13 22:50:10 - [TEST_STEP][PASSED] - click(findTestObject("Object Repository/IWP30/Page_SelectPaymentMethod/MakePaymentButton")): Object: 'Object Repository/IWP30/Page_SelectPaymentMethod/MakePaymentButton' is clicked on

2020-07-13 22:50:11 - [MESSAGE][PASSED] - Object: 'Object Repository/IWP30/Page_SelectPaymentMethod/MakePaymentButton' is clicked on

2020-07-13 22:50:11 - [TEST_STEP][PASSED] - iwpPages.ccPaymentEntryPage.setDataCCPM(row, dataFile): iwpPages.ccPaymentEntryPage.setDataCCPM is PASSED

2020-07-13 22:50:12 - [MESSAGE][PASSED] - Object 'Object Repository/IWP30/Page_CCPaymentEntry/Name' is present

2020-07-13 22:50:12 - [MESSAGE][PASSED] - Object 'Object Repository/IWP30/Page_CCPaymentEntry/Amount' is present

2020-07-13 22:50:13 - [MESSAGE][PASSED] - Text '20.50' is set on object 'Object Repository/IWP30/Page_CCPaymentEntry/Amount'

2020-07-13 22:50:13 - [MESSAGE][PASSED] - Object 'Object Repository/IWP30/Page_CCPaymentEntry/UserDefined2' is present

2020-07-13 22:50:13 - [MESSAGE][PASSED] - Text 'Number 2' is set on object 'Object Repository/IWP30/Page_CCPaymentEntry/UserDefined2'

2020-07-13 22:50:14 - [MESSAGE][PASSED] - Object 'Object Repository/IWP30/Page_CCPaymentEntry/UserDefined3' is present

2020-07-13 22:50:14 - [MESSAGE][PASSED] - Text 'Number 3' is set on object 'Object Repository/IWP30/Page_CCPaymentEntry/UserDefined3'

2020-07-13 22:50:15 - [MESSAGE][PASSED] - Object 'Object Repository/IWP30/Page_CCPaymentEntry/UserDefined7' is present

2020-07-13 22:50:15 - [MESSAGE][PASSED] - All options with label 'Orange' are selected in object 'Object Repository/IWP30/Page_CCPaymentEntry/UserDefined7' 

2020-07-13 22:50:16 - [MESSAGE][PASSED] - Object 'Object Repository/IWP30/Page_CCPaymentEntry/UserDefined8' is present

2020-07-13 22:50:16 - [MESSAGE][PASSED] - All options with label 'Tennis' are selected in object 'Object Repository/IWP30/Page_CCPaymentEntry/UserDefined8' 

2020-07-13 22:50:16 - [MESSAGE][PASSED] - Object 'Object Repository/IWP30/Page_CCPaymentEntry/Name' is present

2020-07-13 22:50:17 - [MESSAGE][PASSED] - Text 'Mera Naam' is set on object 'Object Repository/IWP30/Page_CCPaymentEntry/Name'

2020-07-13 22:50:18 - [MESSAGE][PASSED] - Object 'Object Repository/IWP30/Page_CCPaymentEntry/CardNumber' is present

2020-07-13 22:50:18 - [MESSAGE][PASSED] - Text '5844444444444441' is set on object 'Object Repository/IWP30/Page_CCPaymentEntry/CardNumber'

2020-07-13 22:50:19 - [MESSAGE][PASSED] - Object 'Object Repository/IWP30/Page_CCPaymentEntry/SPC' is present

2020-07-13 22:50:19 - [MESSAGE][PASSED] - Text '1234' is set on object 'Object Repository/IWP30/Page_CCPaymentEntry/SPC'

2020-07-13 22:50:20 - [MESSAGE][PASSED] - Object 'Object Repository/IWP30/Page_CCPaymentEntry/Month' is present

2020-07-13 22:50:20 - [MESSAGE][PASSED] - All options with label '09' are selected in object 'Object Repository/IWP30/Page_CCPaymentEntry/Month' 

2020-07-13 22:50:21 - [MESSAGE][PASSED] - Object 'Object Repository/IWP30/Page_CCPaymentEntry/Year' is present

2020-07-13 22:50:21 - [MESSAGE][PASSED] - All options with label '2023' are selected in object 'Object Repository/IWP30/Page_CCPaymentEntry/Year' 

2020-07-13 22:50:22 - [MESSAGE][PASSED] - Object 'Object Repository/IWP30/Page_CCPaymentEntry/ProcessDate' is present

2020-07-13 22:50:22 - [MESSAGE][PASSED] - Object 'Object Repository/IWP30/Page_CCPaymentEntry/AL1' is present

2020-07-13 22:50:23 - [MESSAGE][PASSED] - Text 'Mera AL1' is set on object 'Object Repository/IWP30/Page_CCPaymentEntry/AL1'

2020-07-13 22:50:23 - [MESSAGE][PASSED] - Object 'Object Repository/IWP30/Page_CCPaymentEntry/AL2' is present

2020-07-13 22:50:24 - [MESSAGE][PASSED] - Text 'Mera AL2' is set on object 'Object Repository/IWP30/Page_CCPaymentEntry/AL2'

2020-07-13 22:50:24 - [MESSAGE][PASSED] - Object 'Object Repository/IWP30/Page_CCPaymentEntry/ZIP' is present

2020-07-13 22:50:25 - [MESSAGE][PASSED] - Text '21054' is set on object 'Object Repository/IWP30/Page_CCPaymentEntry/ZIP'

2020-07-13 22:50:25 - [MESSAGE][PASSED] - Object 'Object Repository/IWP30/Page_CCPaymentEntry/EmailAddress' is present

2020-07-13 22:50:26 - [MESSAGE][PASSED] - Text 'merae@gmail.com' is set on object 'Object Repository/IWP30/Page_CCPaymentEntry/EmailAddress'

2020-07-13 22:50:26 - [MESSAGE][PASSED] - Object 'Object Repository/IWP30/Page_CCPaymentEntry/TermCondCheckBox' is present

2020-07-13 22:50:27 - [MESSAGE][PASSED] - Object 'Object Repository/IWP30/Page_CCPaymentEntry/TermCondCheckBox' is checked

2020-07-13 22:50:27 - [MESSAGE][PASSED] - Object 'Object Repository/IWP30/Page_CCPaymentEntry/ContinueButton' is present

2020-07-13 22:50:28 - [MESSAGE][PASSED] - Object: 'Object Repository/IWP30/Page_CCPaymentEntry/ContinueButton' is clicked on

2020-07-13 22:50:28 - [MESSAGE][PASSED] - iwpPages.ccPaymentEntryPage.setDataCCPM is PASSED

2020-07-13 22:50:28 - [TEST_STEP][FAILED] - if (verifyTextPresent("Please verify the following information", false)): Text 'Please verify the following information' is not present on page  (Root cause: com.kms.katalon.core.exception.StepFailedException: Text 'Please verify the following information' is not present on page 
	at com.kms.katalon.core.webui.keyword.internal.WebUIKeywordMain.stepFailed(WebUIKeywordMain.groovy:64)
	at com.kms.katalon.core.webui.keyword.builtin.VerifyTextPresentKeyword$_verifyTextPresent_closure1.doCall(VerifyTextPresentKeyword.groovy:79)
	at com.kms.katalon.core.webui.keyword.builtin.VerifyTextPresentKeyword$_verifyTextPresent_closure1.call(VerifyTextPresentKeyword.groovy)
	at com.kms.katalon.core.webui.keyword.internal.WebUIKeywordMain.runKeyword(WebUIKeywordMain.groovy:20)
	at com.kms.katalon.core.webui.keyword.builtin.VerifyTextPresentKeyword.verifyTextPresent(VerifyTextPresentKeyword.groovy:83)
	at com.kms.katalon.core.webui.keyword.builtin.VerifyTextPresentKeyword.execute(VerifyTextPresentKeyword.groovy:68)
	at com.kms.katalon.core.keyword.internal.KeywordExecutor.executeKeywordForPlatform(KeywordExecutor.groovy:72)
	at com.kms.katalon.core.webui.keyword.WebUiBuiltInKeywords.verifyTextPresent(WebUiBuiltInKeywords.groovy:1719)
	at com.kms.katalon.core.webui.keyword.WebUiBuiltInKeywords$verifyTextPresent$8.call(Unknown Source)
	at Misc.run(Misc:90)
	at com.kms.katalon.core.main.ScriptEngine.run(ScriptEngine.java:194)
	at com.kms.katalon.core.main.ScriptEngine.runScriptAsRawText(ScriptEngine.java:119)
	at com.kms.katalon.core.main.TestCaseExecutor.runScript(TestCaseExecutor.java:337)
	at com.kms.katalon.core.main.TestCaseExecutor.doExecute(TestCaseExecutor.java:328)
	at com.kms.katalon.core.main.TestCaseExecutor.processExecutionPhase(TestCaseExecutor.java:307)
	at com.kms.katalon.core.main.TestCaseExecutor.accessMainPhase(TestCaseExecutor.java:299)
	at com.kms.katalon.core.main.TestCaseExecutor.execute(TestCaseExecutor.java:233)
	at com.kms.katalon.core.main.TestSuiteExecutor.accessTestCaseMainPhase(TestSuiteExecutor.java:169)
	at com.kms.katalon.core.main.TestSuiteExecutor.accessTestSuiteMainPhase(TestSuiteExecutor.java:142)
	at com.kms.katalon.core.main.TestSuiteExecutor.execute(TestSuiteExecutor.java:91)
	at com.kms.katalon.core.main.TestCaseMain.startTestSuite(TestCaseMain.java:157)
	at com.kms.katalon.core.main.TestCaseMain$startTestSuite$0.call(Unknown Source)
	at TempTestSuite1594693683341.run(TempTestSuite1594693683341.groovy:37)
)

2020-07-13 22:50:29 - [MESSAGE][FAILED] - Text 'Please verify the following information' is not present on page  (Root cause: com.kms.katalon.core.exception.StepFailedException: Text 'Please verify the following information' is not present on page 
	at com.kms.katalon.core.webui.keyword.internal.WebUIKeywordMain.stepFailed(WebUIKeywordMain.groovy:64)
	at com.kms.katalon.core.webui.keyword.builtin.VerifyTextPresentKeyword$_verifyTextPresent_closure1.doCall(VerifyTextPresentKeyword.groovy:79)
	at com.kms.katalon.core.webui.keyword.builtin.VerifyTextPresentKeyword$_verifyTextPresent_closure1.call(VerifyTextPresentKeyword.groovy)
	at com.kms.katalon.core.webui.keyword.internal.WebUIKeywordMain.runKeyword(WebUIKeywordMain.groovy:20)
	at com.kms.katalon.core.webui.keyword.builtin.VerifyTextPresentKeyword.verifyTextPresent(VerifyTextPresentKeyword.groovy:83)
	at com.kms.katalon.core.webui.keyword.builtin.VerifyTextPresentKeyword.execute(VerifyTextPresentKeyword.groovy:68)
	at com.kms.katalon.core.keyword.internal.KeywordExecutor.executeKeywordForPlatform(KeywordExecutor.groovy:72)
	at com.kms.katalon.core.webui.keyword.WebUiBuiltInKeywords.verifyTextPresent(WebUiBuiltInKeywords.groovy:1719)
	at com.kms.katalon.core.webui.keyword.WebUiBuiltInKeywords$verifyTextPresent$8.call(Unknown Source)
	at Misc.run(Misc:90)
	at com.kms.katalon.core.main.ScriptEngine.run(ScriptEngine.java:194)
	at com.kms.katalon.core.main.ScriptEngine.runScriptAsRawText(ScriptEngine.java:119)
	at com.kms.katalon.core.main.TestCaseExecutor.runScript(TestCaseExecutor.java:337)
	at com.kms.katalon.core.main.TestCaseExecutor.doExecute(TestCaseExecutor.java:328)
	at com.kms.katalon.core.main.TestCaseExecutor.processExecutionPhase(TestCaseExecutor.java:307)
	at com.kms.katalon.core.main.TestCaseExecutor.accessMainPhase(TestCaseExecutor.java:299)
	at com.kms.katalon.core.main.TestCaseExecutor.execute(TestCaseExecutor.java:233)
	at com.kms.katalon.core.main.TestSuiteExecutor.accessTestCaseMainPhase(TestSuiteExecutor.java:169)
	at com.kms.katalon.core.main.TestSuiteExecutor.accessTestSuiteMainPhase(TestSuiteExecutor.java:142)
	at com.kms.katalon.core.main.TestSuiteExecutor.execute(TestSuiteExecutor.java:91)
	at com.kms.katalon.core.main.TestCaseMain.startTestSuite(TestCaseMain.java:157)
	at com.kms.katalon.core.main.TestCaseMain$startTestSuite$0.call(Unknown Source)
	at TempTestSuite1594693683341.run(TempTestSuite1594693683341.groovy:37)
)

2020-07-13 22:50:29 - [TEST_STEP][PASSED] - else: null

2020-07-13 22:50:29 - [TEST_STEP][FAILED] - if (verifyTextPresent("Is this information correct?", false)): Text 'Is this information correct?' is not present on page  (Root cause: com.kms.katalon.core.exception.StepFailedException: Text 'Is this information correct?' is not present on page 
	at com.kms.katalon.core.webui.keyword.internal.WebUIKeywordMain.stepFailed(WebUIKeywordMain.groovy:64)
	at com.kms.katalon.core.webui.keyword.builtin.VerifyTextPresentKeyword$_verifyTextPresent_closure1.doCall(VerifyTextPresentKeyword.groovy:79)
	at com.kms.katalon.core.webui.keyword.builtin.VerifyTextPresentKeyword$_verifyTextPresent_closure1.call(VerifyTextPresentKeyword.groovy)
	at com.kms.katalon.core.webui.keyword.internal.WebUIKeywordMain.runKeyword(WebUIKeywordMain.groovy:20)
	at com.kms.katalon.core.webui.keyword.builtin.VerifyTextPresentKeyword.verifyTextPresent(VerifyTextPresentKeyword.groovy:83)
	at com.kms.katalon.core.webui.keyword.builtin.VerifyTextPresentKeyword.execute(VerifyTextPresentKeyword.groovy:68)
	at com.kms.katalon.core.keyword.internal.KeywordExecutor.executeKeywordForPlatform(KeywordExecutor.groovy:72)
	at com.kms.katalon.core.webui.keyword.WebUiBuiltInKeywords.verifyTextPresent(WebUiBuiltInKeywords.groovy:1719)
	at com.kms.katalon.core.webui.keyword.WebUiBuiltInKeywords$verifyTextPresent$8.call(Unknown Source)
	at Misc.run(Misc:98)
	at com.kms.katalon.core.main.ScriptEngine.run(ScriptEngine.java:194)
	at com.kms.katalon.core.main.ScriptEngine.runScriptAsRawText(ScriptEngine.java:119)
	at com.kms.katalon.core.main.TestCaseExecutor.runScript(TestCaseExecutor.java:337)
	at com.kms.katalon.core.main.TestCaseExecutor.doExecute(TestCaseExecutor.java:328)
	at com.kms.katalon.core.main.TestCaseExecutor.processExecutionPhase(TestCaseExecutor.java:307)
	at com.kms.katalon.core.main.TestCaseExecutor.accessMainPhase(TestCaseExecutor.java:299)
	at com.kms.katalon.core.main.TestCaseExecutor.execute(TestCaseExecutor.java:233)
	at com.kms.katalon.core.main.TestSuiteExecutor.accessTestCaseMainPhase(TestSuiteExecutor.java:169)
	at com.kms.katalon.core.main.TestSuiteExecutor.accessTestSuiteMainPhase(TestSuiteExecutor.java:142)
	at com.kms.katalon.core.main.TestSuiteExecutor.execute(TestSuiteExecutor.java:91)
	at com.kms.katalon.core.main.TestCaseMain.startTestSuite(TestCaseMain.java:157)
	at com.kms.katalon.core.main.TestCaseMain$startTestSuite$0.call(Unknown Source)
	at TempTestSuite1594693683341.run(TempTestSuite1594693683341.groovy:37)
)

2020-07-13 22:50:29 - [MESSAGE][FAILED] - Text 'Is this information correct?' is not present on page  (Root cause: com.kms.katalon.core.exception.StepFailedException: Text 'Is this information correct?' is not present on page 
	at com.kms.katalon.core.webui.keyword.internal.WebUIKeywordMain.stepFailed(WebUIKeywordMain.groovy:64)
	at com.kms.katalon.core.webui.keyword.builtin.VerifyTextPresentKeyword$_verifyTextPresent_closure1.doCall(VerifyTextPresentKeyword.groovy:79)
	at com.kms.katalon.core.webui.keyword.builtin.VerifyTextPresentKeyword$_verifyTextPresent_closure1.call(VerifyTextPresentKeyword.groovy)
	at com.kms.katalon.core.webui.keyword.internal.WebUIKeywordMain.runKeyword(WebUIKeywordMain.groovy:20)
	at com.kms.katalon.core.webui.keyword.builtin.VerifyTextPresentKeyword.verifyTextPresent(VerifyTextPresentKeyword.groovy:83)
	at com.kms.katalon.core.webui.keyword.builtin.VerifyTextPresentKeyword.execute(VerifyTextPresentKeyword.groovy:68)
	at com.kms.katalon.core.keyword.internal.KeywordExecutor.executeKeywordForPlatform(KeywordExecutor.groovy:72)
	at com.kms.katalon.core.webui.keyword.WebUiBuiltInKeywords.verifyTextPresent(WebUiBuiltInKeywords.groovy:1719)
	at com.kms.katalon.core.webui.keyword.WebUiBuiltInKeywords$verifyTextPresent$8.call(Unknown Source)
	at Misc.run(Misc:98)
	at com.kms.katalon.core.main.ScriptEngine.run(ScriptEngine.java:194)
	at com.kms.katalon.core.main.ScriptEngine.runScriptAsRawText(ScriptEngine.java:119)
	at com.kms.katalon.core.main.TestCaseExecutor.runScript(TestCaseExecutor.java:337)
	at com.kms.katalon.core.main.TestCaseExecutor.doExecute(TestCaseExecutor.java:328)
	at com.kms.katalon.core.main.TestCaseExecutor.processExecutionPhase(TestCaseExecutor.java:307)
	at com.kms.katalon.core.main.TestCaseExecutor.accessMainPhase(TestCaseExecutor.java:299)
	at com.kms.katalon.core.main.TestCaseExecutor.execute(TestCaseExecutor.java:233)
	at com.kms.katalon.core.main.TestSuiteExecutor.accessTestCaseMainPhase(TestSuiteExecutor.java:169)
	at com.kms.katalon.core.main.TestSuiteExecutor.accessTestSuiteMainPhase(TestSuiteExecutor.java:142)
	at com.kms.katalon.core.main.TestSuiteExecutor.execute(TestSuiteExecutor.java:91)
	at com.kms.katalon.core.main.TestCaseMain.startTestSuite(TestCaseMain.java:157)
	at com.kms.katalon.core.main.TestCaseMain$startTestSuite$0.call(Unknown Source)
	at TempTestSuite1594693683341.run(TempTestSuite1594693683341.groovy:37)
)

2020-07-13 22:50:29 - [TEST_STEP][PASSED] - else: null

2020-07-13 22:50:29 - [TEST_STEP][PASSED] - println("Is this information correct text is not present on the Confirmation page"): null

2020-07-13 22:50:29 - [TEST_STEP][FAILED] - if (verifyElementPresent(findTestObject("Object Repository/IWP30/Page_Confirmation/ConfirmButton"), 30)): com.kms.katalon.core.webui.exception.WebElementNotFoundException: Web element with id: 'Object Repository/IWP30/Page_Confirmation/ConfirmButton' located by 'By.xpath: //*[@type = 'submit' and @name = 'confirmNotifyAction' and @id = 'submitYes' and @value = 'Confirm']' not found (Root cause: com.kms.katalon.core.exception.StepFailedException: com.kms.katalon.core.webui.exception.WebElementNotFoundException: Web element with id: 'Object Repository/IWP30/Page_Confirmation/ConfirmButton' located by 'By.xpath: //*[@type = 'submit' and @name = 'confirmNotifyAction' and @id = 'submitYes' and @value = 'Confirm']' not found
	at com.kms.katalon.core.webui.keyword.internal.WebUIKeywordMain.stepFailed(WebUIKeywordMain.groovy:64)
	at com.kms.katalon.core.webui.keyword.builtin.VerifyElementPresentKeyword$_verifyElementPresent_closure1.doCall(VerifyElementPresentKeyword.groovy:85)
	at com.kms.katalon.core.webui.keyword.builtin.VerifyElementPresentKeyword$_verifyElementPresent_closure1.call(VerifyElementPresentKeyword.groovy)
	at com.kms.katalon.core.webui.keyword.internal.WebUIKeywordMain.runKeyword(WebUIKeywordMain.groovy:20)
	at com.kms.katalon.core.webui.keyword.builtin.VerifyElementPresentKeyword.verifyElementPresent(VerifyElementPresentKeyword.groovy:92)
	at com.kms.katalon.core.webui.keyword.builtin.VerifyElementPresentKeyword.execute(VerifyElementPresentKeyword.groovy:68)
	at com.kms.katalon.core.keyword.internal.KeywordExecutor.executeKeywordForPlatform(KeywordExecutor.groovy:72)
	at com.kms.katalon.core.webui.keyword.WebUiBuiltInKeywords.verifyElementPresent(WebUiBuiltInKeywords.groovy:1460)
	at com.kms.katalon.core.webui.keyword.WebUiBuiltInKeywords$verifyElementPresent$5.call(Unknown Source)
	at Misc.run(Misc:106)
	at com.kms.katalon.core.main.ScriptEngine.run(ScriptEngine.java:194)
	at com.kms.katalon.core.main.ScriptEngine.runScriptAsRawText(ScriptEngine.java:119)
	at com.kms.katalon.core.main.TestCaseExecutor.runScript(TestCaseExecutor.java:337)
	at com.kms.katalon.core.main.TestCaseExecutor.doExecute(TestCaseExecutor.java:328)
	at com.kms.katalon.core.main.TestCaseExecutor.processExecutionPhase(TestCaseExecutor.java:307)
	at com.kms.katalon.core.main.TestCaseExecutor.accessMainPhase(TestCaseExecutor.java:299)
	at com.kms.katalon.core.main.TestCaseExecutor.execute(TestCaseExecutor.java:233)
	at com.kms.katalon.core.main.TestSuiteExecutor.accessTestCaseMainPhase(TestSuiteExecutor.java:169)
	at com.kms.katalon.core.main.TestSuiteExecutor.accessTestSuiteMainPhase(TestSuiteExecutor.java:142)
	at com.kms.katalon.core.main.TestSuiteExecutor.execute(TestSuiteExecutor.java:91)
	at com.kms.katalon.core.main.TestCaseMain.startTestSuite(TestCaseMain.java:157)
	at com.kms.katalon.core.main.TestCaseMain$startTestSuite$0.call(Unknown Source)
	at TempTestSuite1594693683341.run(TempTestSuite1594693683341.groovy:37)
)

2020-07-13 22:51:15 - [MESSAGE][INFO] - Unable to find the element located by 'By.xpath: //*[@type = 'submit' and @name = 'confirmNotifyAction' and @id = 'submitYes' and @value = 'Confirm']'. Please recheck the objects properties to make sure the desired element is located. 

2020-07-13 22:51:16 - [MESSAGE][FAILED] - com.kms.katalon.core.webui.exception.WebElementNotFoundException: Web element with id: 'Object Repository/IWP30/Page_Confirmation/ConfirmButton' located by 'By.xpath: //*[@type = 'submit' and @name = 'confirmNotifyAction' and @id = 'submitYes' and @value = 'Confirm']' not found (Root cause: com.kms.katalon.core.exception.StepFailedException: com.kms.katalon.core.webui.exception.WebElementNotFoundException: Web element with id: 'Object Repository/IWP30/Page_Confirmation/ConfirmButton' located by 'By.xpath: //*[@type = 'submit' and @name = 'confirmNotifyAction' and @id = 'submitYes' and @value = 'Confirm']' not found
	at com.kms.katalon.core.webui.keyword.internal.WebUIKeywordMain.stepFailed(WebUIKeywordMain.groovy:64)
	at com.kms.katalon.core.webui.keyword.builtin.VerifyElementPresentKeyword$_verifyElementPresent_closure1.doCall(VerifyElementPresentKeyword.groovy:85)
	at com.kms.katalon.core.webui.keyword.builtin.VerifyElementPresentKeyword$_verifyElementPresent_closure1.call(VerifyElementPresentKeyword.groovy)
	at com.kms.katalon.core.webui.keyword.internal.WebUIKeywordMain.runKeyword(WebUIKeywordMain.groovy:20)
	at com.kms.katalon.core.webui.keyword.builtin.VerifyElementPresentKeyword.verifyElementPresent(VerifyElementPresentKeyword.groovy:92)
	at com.kms.katalon.core.webui.keyword.builtin.VerifyElementPresentKeyword.execute(VerifyElementPresentKeyword.groovy:68)
	at com.kms.katalon.core.keyword.internal.KeywordExecutor.executeKeywordForPlatform(KeywordExecutor.groovy:72)
	at com.kms.katalon.core.webui.keyword.WebUiBuiltInKeywords.verifyElementPresent(WebUiBuiltInKeywords.groovy:1460)
	at com.kms.katalon.core.webui.keyword.WebUiBuiltInKeywords$verifyElementPresent$5.call(Unknown Source)
	at Misc.run(Misc:106)
	at com.kms.katalon.core.main.ScriptEngine.run(ScriptEngine.java:194)
	at com.kms.katalon.core.main.ScriptEngine.runScriptAsRawText(ScriptEngine.java:119)
	at com.kms.katalon.core.main.TestCaseExecutor.runScript(TestCaseExecutor.java:337)
	at com.kms.katalon.core.main.TestCaseExecutor.doExecute(TestCaseExecutor.java:328)
	at com.kms.katalon.core.main.TestCaseExecutor.processExecutionPhase(TestCaseExecutor.java:307)
	at com.kms.katalon.core.main.TestCaseExecutor.accessMainPhase(TestCaseExecutor.java:299)
	at com.kms.katalon.core.main.TestCaseExecutor.execute(TestCaseExecutor.java:233)
	at com.kms.katalon.core.main.TestSuiteExecutor.accessTestCaseMainPhase(TestSuiteExecutor.java:169)
	at com.kms.katalon.core.main.TestSuiteExecutor.accessTestSuiteMainPhase(TestSuiteExecutor.java:142)
	at com.kms.katalon.core.main.TestSuiteExecutor.execute(TestSuiteExecutor.java:91)
	at com.kms.katalon.core.main.TestCaseMain.startTestSuite(TestCaseMain.java:157)
	at com.kms.katalon.core.main.TestCaseMain$startTestSuite$0.call(Unknown Source)
	at TempTestSuite1594693683341.run(TempTestSuite1594693683341.groovy:37)
)
[[ATTACHMENT|C:\\Users\\iahmed\\Documents\\VPS-Smoke-Version001\\Reports\\20200713_222803\\QA Smoke Test\\IWP30 Smoke TestSuite\\20200713_222803\\1594695075808.png]]

2020-07-13 22:51:16 - [TEST_STEP][PASSED] - else: null

2020-07-13 22:51:16 - [TEST_STEP][PASSED] - println("Confirm button is missing on the Confirmation page"): null

2020-07-13 22:51:16 - [TEST_STEP][PASSED] - Thread.sleep(10000): null

2020-07-13 22:51:26 - [TEST_STEP][FAILED] - if (verifyTextPresent("Successful Payment Receipt", false)): Text 'Successful Payment Receipt' is not present on page  (Root cause: com.kms.katalon.core.exception.StepFailedException: Text 'Successful Payment Receipt' is not present on page 
	at com.kms.katalon.core.webui.keyword.internal.WebUIKeywordMain.stepFailed(WebUIKeywordMain.groovy:64)
	at com.kms.katalon.core.webui.keyword.builtin.VerifyTextPresentKeyword$_verifyTextPresent_closure1.doCall(VerifyTextPresentKeyword.groovy:79)
	at com.kms.katalon.core.webui.keyword.builtin.VerifyTextPresentKeyword$_verifyTextPresent_closure1.call(VerifyTextPresentKeyword.groovy)
	at com.kms.katalon.core.webui.keyword.internal.WebUIKeywordMain.runKeyword(WebUIKeywordMain.groovy:20)
	at com.kms.katalon.core.webui.keyword.builtin.VerifyTextPresentKeyword.verifyTextPresent(VerifyTextPresentKeyword.groovy:83)
	at com.kms.katalon.core.webui.keyword.builtin.VerifyTextPresentKeyword.execute(VerifyTextPresentKeyword.groovy:68)
	at com.kms.katalon.core.keyword.internal.KeywordExecutor.executeKeywordForPlatform(KeywordExecutor.groovy:72)
	at com.kms.katalon.core.webui.keyword.WebUiBuiltInKeywords.verifyTextPresent(WebUiBuiltInKeywords.groovy:1719)
	at com.kms.katalon.core.webui.keyword.WebUiBuiltInKeywords$verifyTextPresent$8.call(Unknown Source)
	at Misc.run(Misc:121)
	at com.kms.katalon.core.main.ScriptEngine.run(ScriptEngine.java:194)
	at com.kms.katalon.core.main.ScriptEngine.runScriptAsRawText(ScriptEngine.java:119)
	at com.kms.katalon.core.main.TestCaseExecutor.runScript(TestCaseExecutor.java:337)
	at com.kms.katalon.core.main.TestCaseExecutor.doExecute(TestCaseExecutor.java:328)
	at com.kms.katalon.core.main.TestCaseExecutor.processExecutionPhase(TestCaseExecutor.java:307)
	at com.kms.katalon.core.main.TestCaseExecutor.accessMainPhase(TestCaseExecutor.java:299)
	at com.kms.katalon.core.main.TestCaseExecutor.execute(TestCaseExecutor.java:233)
	at com.kms.katalon.core.main.TestSuiteExecutor.accessTestCaseMainPhase(TestSuiteExecutor.java:169)
	at com.kms.katalon.core.main.TestSuiteExecutor.accessTestSuiteMainPhase(TestSuiteExecutor.java:142)
	at com.kms.katalon.core.main.TestSuiteExecutor.execute(TestSuiteExecutor.java:91)
	at com.kms.katalon.core.main.TestCaseMain.startTestSuite(TestCaseMain.java:157)
	at com.kms.katalon.core.main.TestCaseMain$startTestSuite$0.call(Unknown Source)
	at TempTestSuite1594693683341.run(TempTestSuite1594693683341.groovy:37)
)

2020-07-13 22:51:26 - [MESSAGE][FAILED] - Text 'Successful Payment Receipt' is not present on page  (Root cause: com.kms.katalon.core.exception.StepFailedException: Text 'Successful Payment Receipt' is not present on page 
	at com.kms.katalon.core.webui.keyword.internal.WebUIKeywordMain.stepFailed(WebUIKeywordMain.groovy:64)
	at com.kms.katalon.core.webui.keyword.builtin.VerifyTextPresentKeyword$_verifyTextPresent_closure1.doCall(VerifyTextPresentKeyword.groovy:79)
	at com.kms.katalon.core.webui.keyword.builtin.VerifyTextPresentKeyword$_verifyTextPresent_closure1.call(VerifyTextPresentKeyword.groovy)
	at com.kms.katalon.core.webui.keyword.internal.WebUIKeywordMain.runKeyword(WebUIKeywordMain.groovy:20)
	at com.kms.katalon.core.webui.keyword.builtin.VerifyTextPresentKeyword.verifyTextPresent(VerifyTextPresentKeyword.groovy:83)
	at com.kms.katalon.core.webui.keyword.builtin.VerifyTextPresentKeyword.execute(VerifyTextPresentKeyword.groovy:68)
	at com.kms.katalon.core.keyword.internal.KeywordExecutor.executeKeywordForPlatform(KeywordExecutor.groovy:72)
	at com.kms.katalon.core.webui.keyword.WebUiBuiltInKeywords.verifyTextPresent(WebUiBuiltInKeywords.groovy:1719)
	at com.kms.katalon.core.webui.keyword.WebUiBuiltInKeywords$verifyTextPresent$8.call(Unknown Source)
	at Misc.run(Misc:121)
	at com.kms.katalon.core.main.ScriptEngine.run(ScriptEngine.java:194)
	at com.kms.katalon.core.main.ScriptEngine.runScriptAsRawText(ScriptEngine.java:119)
	at com.kms.katalon.core.main.TestCaseExecutor.runScript(TestCaseExecutor.java:337)
	at com.kms.katalon.core.main.TestCaseExecutor.doExecute(TestCaseExecutor.java:328)
	at com.kms.katalon.core.main.TestCaseExecutor.processExecutionPhase(TestCaseExecutor.java:307)
	at com.kms.katalon.core.main.TestCaseExecutor.accessMainPhase(TestCaseExecutor.java:299)
	at com.kms.katalon.core.main.TestCaseExecutor.execute(TestCaseExecutor.java:233)
	at com.kms.katalon.core.main.TestSuiteExecutor.accessTestCaseMainPhase(TestSuiteExecutor.java:169)
	at com.kms.katalon.core.main.TestSuiteExecutor.accessTestSuiteMainPhase(TestSuiteExecutor.java:142)
	at com.kms.katalon.core.main.TestSuiteExecutor.execute(TestSuiteExecutor.java:91)
	at com.kms.katalon.core.main.TestCaseMain.startTestSuite(TestCaseMain.java:157)
	at com.kms.katalon.core.main.TestCaseMain$startTestSuite$0.call(Unknown Source)
	at TempTestSuite1594693683341.run(TempTestSuite1594693683341.groovy:37)
)

2020-07-13 22:51:26 - [TEST_STEP][PASSED] - else: null

2020-07-13 22:51:26 - [TEST_STEP][FAILED] - if (verifyTextPresent("Please print this receipt for your records", false)): Text 'Please print this receipt for your records' is not present on page  (Root cause: com.kms.katalon.core.exception.StepFailedException: Text 'Please print this receipt for your records' is not present on page 
	at com.kms.katalon.core.webui.keyword.internal.WebUIKeywordMain.stepFailed(WebUIKeywordMain.groovy:64)
	at com.kms.katalon.core.webui.keyword.builtin.VerifyTextPresentKeyword$_verifyTextPresent_closure1.doCall(VerifyTextPresentKeyword.groovy:79)
	at com.kms.katalon.core.webui.keyword.builtin.VerifyTextPresentKeyword$_verifyTextPresent_closure1.call(VerifyTextPresentKeyword.groovy)
	at com.kms.katalon.core.webui.keyword.internal.WebUIKeywordMain.runKeyword(WebUIKeywordMain.groovy:20)
	at com.kms.katalon.core.webui.keyword.builtin.VerifyTextPresentKeyword.verifyTextPresent(VerifyTextPresentKeyword.groovy:83)
	at com.kms.katalon.core.webui.keyword.builtin.VerifyTextPresentKeyword.execute(VerifyTextPresentKeyword.groovy:68)
	at com.kms.katalon.core.keyword.internal.KeywordExecutor.executeKeywordForPlatform(KeywordExecutor.groovy:72)
	at com.kms.katalon.core.webui.keyword.WebUiBuiltInKeywords.verifyTextPresent(WebUiBuiltInKeywords.groovy:1719)
	at com.kms.katalon.core.webui.keyword.WebUiBuiltInKeywords$verifyTextPresent$8.call(Unknown Source)
	at Misc.run(Misc:128)
	at com.kms.katalon.core.main.ScriptEngine.run(ScriptEngine.java:194)
	at com.kms.katalon.core.main.ScriptEngine.runScriptAsRawText(ScriptEngine.java:119)
	at com.kms.katalon.core.main.TestCaseExecutor.runScript(TestCaseExecutor.java:337)
	at com.kms.katalon.core.main.TestCaseExecutor.doExecute(TestCaseExecutor.java:328)
	at com.kms.katalon.core.main.TestCaseExecutor.processExecutionPhase(TestCaseExecutor.java:307)
	at com.kms.katalon.core.main.TestCaseExecutor.accessMainPhase(TestCaseExecutor.java:299)
	at com.kms.katalon.core.main.TestCaseExecutor.execute(TestCaseExecutor.java:233)
	at com.kms.katalon.core.main.TestSuiteExecutor.accessTestCaseMainPhase(TestSuiteExecutor.java:169)
	at com.kms.katalon.core.main.TestSuiteExecutor.accessTestSuiteMainPhase(TestSuiteExecutor.java:142)
	at com.kms.katalon.core.main.TestSuiteExecutor.execute(TestSuiteExecutor.java:91)
	at com.kms.katalon.core.main.TestCaseMain.startTestSuite(TestCaseMain.java:157)
	at com.kms.katalon.core.main.TestCaseMain$startTestSuite$0.call(Unknown Source)
	at TempTestSuite1594693683341.run(TempTestSuite1594693683341.groovy:37)
)

2020-07-13 22:51:27 - [MESSAGE][FAILED] - Text 'Please print this receipt for your records' is not present on page  (Root cause: com.kms.katalon.core.exception.StepFailedException: Text 'Please print this receipt for your records' is not present on page 
	at com.kms.katalon.core.webui.keyword.internal.WebUIKeywordMain.stepFailed(WebUIKeywordMain.groovy:64)
	at com.kms.katalon.core.webui.keyword.builtin.VerifyTextPresentKeyword$_verifyTextPresent_closure1.doCall(VerifyTextPresentKeyword.groovy:79)
	at com.kms.katalon.core.webui.keyword.builtin.VerifyTextPresentKeyword$_verifyTextPresent_closure1.call(VerifyTextPresentKeyword.groovy)
	at com.kms.katalon.core.webui.keyword.internal.WebUIKeywordMain.runKeyword(WebUIKeywordMain.groovy:20)
	at com.kms.katalon.core.webui.keyword.builtin.VerifyTextPresentKeyword.verifyTextPresent(VerifyTextPresentKeyword.groovy:83)
	at com.kms.katalon.core.webui.keyword.builtin.VerifyTextPresentKeyword.execute(VerifyTextPresentKeyword.groovy:68)
	at com.kms.katalon.core.keyword.internal.KeywordExecutor.executeKeywordForPlatform(KeywordExecutor.groovy:72)
	at com.kms.katalon.core.webui.keyword.WebUiBuiltInKeywords.verifyTextPresent(WebUiBuiltInKeywords.groovy:1719)
	at com.kms.katalon.core.webui.keyword.WebUiBuiltInKeywords$verifyTextPresent$8.call(Unknown Source)
	at Misc.run(Misc:128)
	at com.kms.katalon.core.main.ScriptEngine.run(ScriptEngine.java:194)
	at com.kms.katalon.core.main.ScriptEngine.runScriptAsRawText(ScriptEngine.java:119)
	at com.kms.katalon.core.main.TestCaseExecutor.runScript(TestCaseExecutor.java:337)
	at com.kms.katalon.core.main.TestCaseExecutor.doExecute(TestCaseExecutor.java:328)
	at com.kms.katalon.core.main.TestCaseExecutor.processExecutionPhase(TestCaseExecutor.java:307)
	at com.kms.katalon.core.main.TestCaseExecutor.accessMainPhase(TestCaseExecutor.java:299)
	at com.kms.katalon.core.main.TestCaseExecutor.execute(TestCaseExecutor.java:233)
	at com.kms.katalon.core.main.TestSuiteExecutor.accessTestCaseMainPhase(TestSuiteExecutor.java:169)
	at com.kms.katalon.core.main.TestSuiteExecutor.accessTestSuiteMainPhase(TestSuiteExecutor.java:142)
	at com.kms.katalon.core.main.TestSuiteExecutor.execute(TestSuiteExecutor.java:91)
	at com.kms.katalon.core.main.TestCaseMain.startTestSuite(TestCaseMain.java:157)
	at com.kms.katalon.core.main.TestCaseMain$startTestSuite$0.call(Unknown Source)
	at TempTestSuite1594693683341.run(TempTestSuite1594693683341.groovy:37)
)

2020-07-13 22:51:27 - [TEST_STEP][PASSED] - else: null

2020-07-13 22:51:27 - [TEST_STEP][PASSED] - if (verifyElementPresent(findTestObject("Object Repository/IWP30/Page_Receipt/ExitButton"), 30)): null

2020-07-13 22:51:27 - [MESSAGE][PASSED] - Object 'Object Repository/IWP30/Page_Receipt/ExitButton' is present

2020-07-13 22:51:27 - [TEST_STEP][PASSED] - println("Exit Button is present on the Receipt page"): null

2020-07-13 22:51:27 - [TEST_STEP][PASSED] - closeBrowser(): Browser is closed

2020-07-13 22:51:28 - [MESSAGE][PASSED] - Browser is closed

2020-07-13 22:51:28 - [TEST_STEP][PASSED] - openBrowser("https://qa.velocitypayment.com/agency/config.do?action=editor"): Browser is opened with url: 'https://qa.velocitypayment.com/agency/config.do?action=editor'

2020-07-13 22:51:28 - [MESSAGE][INFO] - Starting 'Chrome' driver

2020-07-13 22:51:28 - [MESSAGE][INFO] - User set preference: ['acceptInsecureCerts', 'true']

2020-07-13 22:51:28 - [MESSAGE][INFO] - Action delay is set to 0 milliseconds

2020-07-13 22:51:32 - [MESSAGE][PASSED] - Browser is opened with url: 'https://qa.velocitypayment.com/agency/config.do?action=editor'

2020-07-13 22:51:32 - [TEST_STEP][PASSED] - maximizeWindow(): Current window maximized

2020-07-13 22:51:32 - [MESSAGE][PASSED] - Current window maximized

2020-07-13 22:51:32 - [TEST_STEP][PASSED] - iwpPages.emulatorIWP30.getSetData(row, dataFile): iwpPages.emulatorIWP30.getSetData is PASSED

2020-07-13 22:51:34 - [MESSAGE][PASSED] - All options with value '3.0' are selected in object 'Object Repository/IWP30/Page_VRelay30Emulator/MV'  using regular expression

2020-07-13 22:51:35 - [MESSAGE][PASSED] - Text '35.50' is set on object 'Object Repository/IWP30/Page_VRelay30Emulator/Amount'

2020-07-13 22:51:35 - [MESSAGE][PASSED] - Text '26412109' is set on object 'Object Repository/IWP30/Page_VRelay30Emulator/CAN'

2020-07-13 22:51:36 - [MESSAGE][PASSED] - Text 'PayNow' is set on object 'Object Repository/IWP30/Page_VRelay30Emulator/Action'

2020-07-13 22:51:37 - [MESSAGE][PASSED] - Text 'en_US' is set on object 'Object Repository/IWP30/Page_VRelay30Emulator/Lang'

2020-07-13 22:51:38 - [MESSAGE][PASSED] - Text 'Jonty' is set on object 'Object Repository/IWP30/Page_VRelay30Emulator/Fname'

2020-07-13 22:51:38 - [MESSAGE][PASSED] - Text 'Smith' is set on object 'Object Repository/IWP30/Page_VRelay30Emulator/Lname'

2020-07-13 22:51:39 - [MESSAGE][PASSED] - Text '15 Elm St' is set on object 'Object Repository/IWP30/Page_VRelay30Emulator/AL1'

2020-07-13 22:51:40 - [MESSAGE][PASSED] - Text 'Suite 600' is set on object 'Object Repository/IWP30/Page_VRelay30Emulator/AL2'

2020-07-13 22:51:40 - [MESSAGE][PASSED] - Text '840' is set on object 'Object Repository/IWP30/Page_VRelay30Emulator/Country'

2020-07-13 22:51:41 - [MESSAGE][PASSED] - Text 'Gambrills' is set on object 'Object Repository/IWP30/Page_VRelay30Emulator/City'

2020-07-13 22:51:41 - [MESSAGE][PASSED] - Text 'MD' is set on object 'Object Repository/IWP30/Page_VRelay30Emulator/State'

2020-07-13 22:51:42 - [MESSAGE][PASSED] - Text '21054' is set on object 'Object Repository/IWP30/Page_VRelay30Emulator/ZIP'

2020-07-13 22:51:43 - [MESSAGE][PASSED] - Text '' is set on object 'Object Repository/IWP30/Page_VRelay30Emulator/Order'

2020-07-13 22:51:43 - [MESSAGE][PASSED] - Text '' is set on object 'Object Repository/IWP30/Page_VRelay30Emulator/Company'

2020-07-13 22:51:44 - [MESSAGE][PASSED] - Text 'iahmed@govolution.com' is set on object 'Object Repository/IWP30/Page_VRelay30Emulator/Email'

2020-07-13 22:51:44 - [MESSAGE][PASSED] - Text 'udf data 1' is set on object 'Object Repository/IWP30/Page_VRelay30Emulator/UDF1'

2020-07-13 22:51:45 - [MESSAGE][PASSED] - Text 'udf data 2' is set on object 'Object Repository/IWP30/Page_VRelay30Emulator/UDF2'

2020-07-13 22:51:46 - [MESSAGE][PASSED] - Text 'udf data 3' is set on object 'Object Repository/IWP30/Page_VRelay30Emulator/UDF3'

2020-07-13 22:51:46 - [MESSAGE][PASSED] - Text 'udf data 4' is set on object 'Object Repository/IWP30/Page_VRelay30Emulator/UDF4'

2020-07-13 22:51:47 - [MESSAGE][PASSED] - Text 'udf data 5' is set on object 'Object Repository/IWP30/Page_VRelay30Emulator/UDF5'

2020-07-13 22:51:48 - [MESSAGE][PASSED] - Text 'udf data 6' is set on object 'Object Repository/IWP30/Page_VRelay30Emulator/UDF6'

2020-07-13 22:51:48 - [MESSAGE][PASSED] - Text 'Orange' is set on object 'Object Repository/IWP30/Page_VRelay30Emulator/UDF7'

2020-07-13 22:51:49 - [MESSAGE][PASSED] - Text 'Soccer' is set on object 'Object Repository/IWP30/Page_VRelay30Emulator/UDF8'

2020-07-13 22:51:50 - [MESSAGE][PASSED] - Text 'udf data 9' is set on object 'Object Repository/IWP30/Page_VRelay30Emulator/UDF9'

2020-07-13 22:51:51 - [MESSAGE][PASSED] - Text 'udf data 10' is set on object 'Object Repository/IWP30/Page_VRelay30Emulator/UDF10'

2020-07-13 22:52:01 - [MESSAGE][PASSED] - Object: 'Object Repository/IWP30/Page_VRelay30Emulator/Submit' is clicked on

2020-07-13 22:52:01 - [MESSAGE][PASSED] - iwpPages.emulatorIWP30.getSetData is PASSED

2020-07-13 22:52:01 - [TEST_STEP][PASSED] - closeBrowser(): Browser is closed

2020-07-13 22:52:02 - [MESSAGE][PASSED] - Browser is closed

2020-07-13 22:52:02 - [TEST_STEP][PASSED] - openBrowser("https://dev-algorithm.govolution.com/vrelaytest/QA/version_2_2/vrelaytest.html"): Browser is opened with url: 'https://dev-algorithm.govolution.com/vrelaytest/QA/version_2_2/vrelaytest.html'

2020-07-13 22:52:02 - [MESSAGE][INFO] - Starting 'Chrome' driver

2020-07-13 22:52:02 - [MESSAGE][INFO] - User set preference: ['acceptInsecureCerts', 'true']

2020-07-13 22:52:02 - [MESSAGE][INFO] - Action delay is set to 0 milliseconds

2020-07-13 22:52:06 - [MESSAGE][PASSED] - Browser is opened with url: 'https://dev-algorithm.govolution.com/vrelaytest/QA/version_2_2/vrelaytest.html'

2020-07-13 22:52:06 - [TEST_STEP][PASSED] - maximizeWindow(): Current window maximized

2020-07-13 22:52:06 - [MESSAGE][PASSED] - Current window maximized

2020-07-13 22:52:06 - [TEST_STEP][PASSED] - iwpPages.TestHarnessPage.setDataMethod(row, dataFile): iwpPages.TestHarnessPage.setDataMethod is PASSED

2020-07-13 22:52:07 - [MESSAGE][PASSED] - Object 'Object Repository/IWP30/Page_QATestHarness/RemittanceID' is present

2020-07-13 22:52:07 - [MESSAGE][PASSED] - Text '649' is set on object 'Object Repository/IWP30/Page_QATestHarness/ApplicationID'

2020-07-13 22:52:08 - [MESSAGE][PASSED] - Text '3.0' is set on object 'Object Repository/IWP30/Page_QATestHarness/MessageVersion'

2020-07-13 22:52:09 - [MESSAGE][PASSED] - Text 'SgYJHWuJZKKS' is set on object 'Object Repository/IWP30/Page_QATestHarness/RemittanceID'

2020-07-13 22:52:10 - [MESSAGE][PASSED] - Object: 'Object Repository/IWP30/Page_QATestHarness/SubmitButton' is clicked on

2020-07-13 22:52:10 - [MESSAGE][PASSED] - iwpPages.TestHarnessPage.setDataMethod is PASSED

2020-07-13 22:52:10 - [TEST_STEP][PASSED] - if (verifyElementPresent(findTestObject("Object Repository/IWP30/Page_SelectPaymentMethod/PayByCreditCard"), 30)): null

2020-07-13 22:52:10 - [MESSAGE][PASSED] - Object 'Object Repository/IWP30/Page_SelectPaymentMethod/PayByCreditCard' is present

2020-07-13 22:52:10 - [TEST_STEP][PASSED] - println("We are on Select Payment Method page, start populating"): null

2020-07-13 22:52:10 - [TEST_STEP][PASSED] - check(findTestObject("Object Repository/IWP30/Page_SelectPaymentMethod/PayByCreditCard")): Object 'Object Repository/IWP30/Page_SelectPaymentMethod/PayByCreditCard' is checked

2020-07-13 22:52:11 - [MESSAGE][PASSED] - Object 'Object Repository/IWP30/Page_SelectPaymentMethod/PayByCreditCard' is checked

2020-07-13 22:52:11 - [TEST_STEP][PASSED] - Thread.sleep(1000): null

2020-07-13 22:52:12 - [TEST_STEP][PASSED] - click(findTestObject("Object Repository/IWP30/Page_SelectPaymentMethod/MakePaymentButton")): Object: 'Object Repository/IWP30/Page_SelectPaymentMethod/MakePaymentButton' is clicked on

2020-07-13 22:52:13 - [MESSAGE][PASSED] - Object: 'Object Repository/IWP30/Page_SelectPaymentMethod/MakePaymentButton' is clicked on

2020-07-13 22:52:13 - [TEST_STEP][PASSED] - iwpPages.ccPaymentEntryPage.setDataCCPM(row, dataFile): iwpPages.ccPaymentEntryPage.setDataCCPM is PASSED

2020-07-13 22:52:14 - [MESSAGE][PASSED] - Object 'Object Repository/IWP30/Page_CCPaymentEntry/Name' is present

2020-07-13 22:52:14 - [MESSAGE][PASSED] - Object 'Object Repository/IWP30/Page_CCPaymentEntry/Amount' is present

2020-07-13 22:52:15 - [MESSAGE][PASSED] - Text '112.50' is set on object 'Object Repository/IWP30/Page_CCPaymentEntry/Amount'

2020-07-13 22:52:15 - [MESSAGE][PASSED] - Object 'Object Repository/IWP30/Page_CCPaymentEntry/UserDefined2' is present

2020-07-13 22:52:16 - [MESSAGE][PASSED] - Text 'Circle' is set on object 'Object Repository/IWP30/Page_CCPaymentEntry/UserDefined2'

2020-07-13 22:52:16 - [MESSAGE][PASSED] - Object 'Object Repository/IWP30/Page_CCPaymentEntry/UserDefined3' is present

2020-07-13 22:52:17 - [MESSAGE][PASSED] - Text 'Triangle' is set on object 'Object Repository/IWP30/Page_CCPaymentEntry/UserDefined3'

2020-07-13 22:52:17 - [MESSAGE][PASSED] - Object 'Object Repository/IWP30/Page_CCPaymentEntry/UserDefined7' is present

2020-07-13 22:52:18 - [MESSAGE][PASSED] - All options with label 'Purple' are selected in object 'Object Repository/IWP30/Page_CCPaymentEntry/UserDefined7' 

2020-07-13 22:52:18 - [MESSAGE][PASSED] - Object 'Object Repository/IWP30/Page_CCPaymentEntry/UserDefined8' is present

2020-07-13 22:52:19 - [MESSAGE][PASSED] - All options with label 'Tennis' are selected in object 'Object Repository/IWP30/Page_CCPaymentEntry/UserDefined8' 

2020-07-13 22:52:19 - [MESSAGE][PASSED] - Object 'Object Repository/IWP30/Page_CCPaymentEntry/Name' is present

2020-07-13 22:52:20 - [MESSAGE][PASSED] - Text 'Alan Donald' is set on object 'Object Repository/IWP30/Page_CCPaymentEntry/Name'

2020-07-13 22:52:20 - [MESSAGE][PASSED] - Object 'Object Repository/IWP30/Page_CCPaymentEntry/CardNumber' is present

2020-07-13 22:52:21 - [MESSAGE][PASSED] - Text '4111111111111111' is set on object 'Object Repository/IWP30/Page_CCPaymentEntry/CardNumber'

2020-07-13 22:52:21 - [MESSAGE][PASSED] - Object 'Object Repository/IWP30/Page_CCPaymentEntry/SPC' is present

2020-07-13 22:52:22 - [MESSAGE][PASSED] - Text '258' is set on object 'Object Repository/IWP30/Page_CCPaymentEntry/SPC'

2020-07-13 22:52:22 - [MESSAGE][PASSED] - Object 'Object Repository/IWP30/Page_CCPaymentEntry/Month' is present

2020-07-13 22:52:23 - [MESSAGE][PASSED] - All options with label '10' are selected in object 'Object Repository/IWP30/Page_CCPaymentEntry/Month' 

2020-07-13 22:52:23 - [MESSAGE][PASSED] - Object 'Object Repository/IWP30/Page_CCPaymentEntry/Year' is present

2020-07-13 22:52:24 - [MESSAGE][PASSED] - All options with label '2025' are selected in object 'Object Repository/IWP30/Page_CCPaymentEntry/Year' 

2020-07-13 22:52:24 - [MESSAGE][PASSED] - Object 'Object Repository/IWP30/Page_CCPaymentEntry/ProcessDate' is present

2020-07-13 22:52:24 - [MESSAGE][PASSED] - Object 'Object Repository/IWP30/Page_CCPaymentEntry/AL1' is present

2020-07-13 22:52:25 - [MESSAGE][PASSED] - Text 'Mera AL1' is set on object 'Object Repository/IWP30/Page_CCPaymentEntry/AL1'

2020-07-13 22:52:25 - [MESSAGE][PASSED] - Object 'Object Repository/IWP30/Page_CCPaymentEntry/AL2' is present

2020-07-13 22:52:26 - [MESSAGE][PASSED] - Text 'Mera AL2' is set on object 'Object Repository/IWP30/Page_CCPaymentEntry/AL2'

2020-07-13 22:52:26 - [MESSAGE][PASSED] - Object 'Object Repository/IWP30/Page_CCPaymentEntry/ZIP' is present

2020-07-13 22:52:27 - [MESSAGE][PASSED] - Text '21054' is set on object 'Object Repository/IWP30/Page_CCPaymentEntry/ZIP'

2020-07-13 22:52:28 - [MESSAGE][PASSED] - Object 'Object Repository/IWP30/Page_CCPaymentEntry/EmailAddress' is present

2020-07-13 22:52:29 - [MESSAGE][PASSED] - Text 'merae@gmail.com' is set on object 'Object Repository/IWP30/Page_CCPaymentEntry/EmailAddress'

2020-07-13 22:52:29 - [MESSAGE][PASSED] - Object 'Object Repository/IWP30/Page_CCPaymentEntry/TermCondCheckBox' is present

2020-07-13 22:52:29 - [MESSAGE][PASSED] - Object 'Object Repository/IWP30/Page_CCPaymentEntry/TermCondCheckBox' is checked

2020-07-13 22:52:30 - [MESSAGE][PASSED] - Object 'Object Repository/IWP30/Page_CCPaymentEntry/ContinueButton' is present

2020-07-13 22:52:31 - [MESSAGE][PASSED] - Object: 'Object Repository/IWP30/Page_CCPaymentEntry/ContinueButton' is clicked on

2020-07-13 22:52:31 - [MESSAGE][PASSED] - iwpPages.ccPaymentEntryPage.setDataCCPM is PASSED

2020-07-13 22:52:31 - [TEST_STEP][PASSED] - if (verifyTextPresent("Please verify the following information", false)): null

2020-07-13 22:52:31 - [MESSAGE][PASSED] - Text 'Please verify the following information' is present on page 

2020-07-13 22:52:31 - [TEST_STEP][PASSED] - println("Please verify the following information text is present on the Confirmation page"): null

2020-07-13 22:52:31 - [TEST_STEP][PASSED] - if (verifyTextPresent("Is this information correct?", false)): null

2020-07-13 22:52:32 - [MESSAGE][PASSED] - Text 'Is this information correct?' is present on page 

2020-07-13 22:52:32 - [TEST_STEP][PASSED] - println("Is this information correct text is present on the Confirmation page"): null

2020-07-13 22:52:32 - [TEST_STEP][PASSED] - if (verifyElementPresent(findTestObject("Object Repository/IWP30/Page_Confirmation/ConfirmButton"), 30)): null

2020-07-13 22:52:32 - [MESSAGE][PASSED] - Object 'Object Repository/IWP30/Page_Confirmation/ConfirmButton' is present

2020-07-13 22:52:32 - [TEST_STEP][PASSED] - click(findTestObject("Object Repository/IWP30/Page_Confirmation/ConfirmButton")): Object: 'Object Repository/IWP30/Page_Confirmation/ConfirmButton' is clicked on

2020-07-13 22:52:33 - [MESSAGE][PASSED] - Object: 'Object Repository/IWP30/Page_Confirmation/ConfirmButton' is clicked on

2020-07-13 22:52:33 - [TEST_STEP][PASSED] - Thread.sleep(10000): null

2020-07-13 22:52:43 - [TEST_STEP][PASSED] - if (verifyTextPresent("Successful Payment Receipt", false)): null

2020-07-13 22:52:43 - [MESSAGE][PASSED] - Text 'Successful Payment Receipt' is present on page 

2020-07-13 22:52:43 - [TEST_STEP][PASSED] - println("Successful Payment Receipt text is present on the Receipt page"): null

2020-07-13 22:52:43 - [TEST_STEP][PASSED] - if (verifyTextPresent("Please print this receipt for your records", false)): null

2020-07-13 22:52:44 - [MESSAGE][PASSED] - Text 'Please print this receipt for your records' is present on page 

2020-07-13 22:52:44 - [TEST_STEP][PASSED] - println("Please print this receipt for your records text is present on the Receipt page"): null

2020-07-13 22:52:44 - [TEST_STEP][PASSED] - if (verifyElementPresent(findTestObject("Object Repository/IWP30/Page_Receipt/ExitButton"), 30)): null

2020-07-13 22:52:44 - [MESSAGE][PASSED] - Object 'Object Repository/IWP30/Page_Receipt/ExitButton' is present

2020-07-13 22:52:44 - [TEST_STEP][PASSED] - println("Exit Button is present on the Receipt page"): null

2020-07-13 22:52:44 - [TEST_STEP][PASSED] - closeBrowser(): Browser is closed

2020-07-13 22:52:45 - [MESSAGE][PASSED] - Browser is closed

2020-07-13 22:52:45 - [TEST_STEP][PASSED] - openBrowser("https://qa.velocitypayment.com/agency/config.do?action=editor"): Browser is opened with url: 'https://qa.velocitypayment.com/agency/config.do?action=editor'

2020-07-13 22:52:45 - [MESSAGE][INFO] - Starting 'Chrome' driver

2020-07-13 22:52:45 - [MESSAGE][INFO] - User set preference: ['acceptInsecureCerts', 'true']

2020-07-13 22:52:45 - [MESSAGE][INFO] - Action delay is set to 0 milliseconds

2020-07-13 22:52:48 - [MESSAGE][PASSED] - Browser is opened with url: 'https://qa.velocitypayment.com/agency/config.do?action=editor'

2020-07-13 22:52:48 - [TEST_STEP][PASSED] - maximizeWindow(): Current window maximized

2020-07-13 22:52:49 - [MESSAGE][PASSED] - Current window maximized

2020-07-13 22:52:49 - [TEST_STEP][PASSED] - iwpPages.emulatorIWP30.getSetData(row, dataFile): iwpPages.emulatorIWP30.getSetData is PASSED

2020-07-13 22:52:50 - [MESSAGE][PASSED] - All options with value '3.0' are selected in object 'Object Repository/IWP30/Page_VRelay30Emulator/MV'  using regular expression

2020-07-13 22:52:51 - [MESSAGE][PASSED] - Text '41.50' is set on object 'Object Repository/IWP30/Page_VRelay30Emulator/Amount'

2020-07-13 22:52:51 - [MESSAGE][PASSED] - Text '26412109' is set on object 'Object Repository/IWP30/Page_VRelay30Emulator/CAN'

2020-07-13 22:52:52 - [MESSAGE][PASSED] - Text 'PayNow' is set on object 'Object Repository/IWP30/Page_VRelay30Emulator/Action'

2020-07-13 22:52:53 - [MESSAGE][PASSED] - Text 'en_US' is set on object 'Object Repository/IWP30/Page_VRelay30Emulator/Lang'

2020-07-13 22:52:54 - [MESSAGE][PASSED] - Text 'Jonty' is set on object 'Object Repository/IWP30/Page_VRelay30Emulator/Fname'

2020-07-13 22:52:54 - [MESSAGE][PASSED] - Text 'Smith' is set on object 'Object Repository/IWP30/Page_VRelay30Emulator/Lname'

2020-07-13 22:52:55 - [MESSAGE][PASSED] - Text '15 Elm St' is set on object 'Object Repository/IWP30/Page_VRelay30Emulator/AL1'

2020-07-13 22:52:56 - [MESSAGE][PASSED] - Text 'Suite 600' is set on object 'Object Repository/IWP30/Page_VRelay30Emulator/AL2'

2020-07-13 22:52:56 - [MESSAGE][PASSED] - Text '840' is set on object 'Object Repository/IWP30/Page_VRelay30Emulator/Country'

2020-07-13 22:52:57 - [MESSAGE][PASSED] - Text 'Gambrills' is set on object 'Object Repository/IWP30/Page_VRelay30Emulator/City'

2020-07-13 22:52:58 - [MESSAGE][PASSED] - Text 'MD' is set on object 'Object Repository/IWP30/Page_VRelay30Emulator/State'

2020-07-13 22:52:58 - [MESSAGE][PASSED] - Text '21054' is set on object 'Object Repository/IWP30/Page_VRelay30Emulator/ZIP'

2020-07-13 22:52:59 - [MESSAGE][PASSED] - Text '' is set on object 'Object Repository/IWP30/Page_VRelay30Emulator/Order'

2020-07-13 22:52:59 - [MESSAGE][PASSED] - Text '' is set on object 'Object Repository/IWP30/Page_VRelay30Emulator/Company'

2020-07-13 22:53:00 - [MESSAGE][PASSED] - Text 'iahmed@govolution.com' is set on object 'Object Repository/IWP30/Page_VRelay30Emulator/Email'

2020-07-13 22:53:01 - [MESSAGE][PASSED] - Text 'udf data 1' is set on object 'Object Repository/IWP30/Page_VRelay30Emulator/UDF1'

2020-07-13 22:53:01 - [MESSAGE][PASSED] - Text 'udf data 2' is set on object 'Object Repository/IWP30/Page_VRelay30Emulator/UDF2'

2020-07-13 22:53:02 - [MESSAGE][PASSED] - Text 'udf data 3' is set on object 'Object Repository/IWP30/Page_VRelay30Emulator/UDF3'

2020-07-13 22:53:03 - [MESSAGE][PASSED] - Text 'udf data 4' is set on object 'Object Repository/IWP30/Page_VRelay30Emulator/UDF4'

2020-07-13 22:53:03 - [MESSAGE][PASSED] - Text 'udf data 5' is set on object 'Object Repository/IWP30/Page_VRelay30Emulator/UDF5'

2020-07-13 22:53:04 - [MESSAGE][PASSED] - Text 'udf data 6' is set on object 'Object Repository/IWP30/Page_VRelay30Emulator/UDF6'

2020-07-13 22:53:05 - [MESSAGE][PASSED] - Text 'Orange' is set on object 'Object Repository/IWP30/Page_VRelay30Emulator/UDF7'

2020-07-13 22:53:05 - [MESSAGE][PASSED] - Text 'Soccer' is set on object 'Object Repository/IWP30/Page_VRelay30Emulator/UDF8'

2020-07-13 22:53:06 - [MESSAGE][PASSED] - Text 'udf data 9' is set on object 'Object Repository/IWP30/Page_VRelay30Emulator/UDF9'

2020-07-13 22:53:07 - [MESSAGE][PASSED] - Text 'udf data 10' is set on object 'Object Repository/IWP30/Page_VRelay30Emulator/UDF10'

2020-07-13 22:53:17 - [MESSAGE][PASSED] - Object: 'Object Repository/IWP30/Page_VRelay30Emulator/Submit' is clicked on

2020-07-13 22:53:17 - [MESSAGE][PASSED] - iwpPages.emulatorIWP30.getSetData is PASSED

2020-07-13 22:53:17 - [TEST_STEP][PASSED] - closeBrowser(): Browser is closed

2020-07-13 22:53:18 - [MESSAGE][PASSED] - Browser is closed

2020-07-13 22:53:18 - [TEST_STEP][PASSED] - openBrowser("https://dev-algorithm.govolution.com/vrelaytest/QA/version_2_2/vrelaytest.html"): Browser is opened with url: 'https://dev-algorithm.govolution.com/vrelaytest/QA/version_2_2/vrelaytest.html'

2020-07-13 22:53:18 - [MESSAGE][INFO] - Starting 'Chrome' driver

2020-07-13 22:53:18 - [MESSAGE][INFO] - User set preference: ['acceptInsecureCerts', 'true']

2020-07-13 22:53:18 - [MESSAGE][INFO] - Action delay is set to 0 milliseconds

2020-07-13 22:53:22 - [MESSAGE][PASSED] - Browser is opened with url: 'https://dev-algorithm.govolution.com/vrelaytest/QA/version_2_2/vrelaytest.html'

2020-07-13 22:53:22 - [TEST_STEP][PASSED] - maximizeWindow(): Current window maximized

2020-07-13 22:53:22 - [MESSAGE][PASSED] - Current window maximized

2020-07-13 22:53:22 - [TEST_STEP][PASSED] - iwpPages.TestHarnessPage.setDataMethod(row, dataFile): iwpPages.TestHarnessPage.setDataMethod is PASSED

2020-07-13 22:53:22 - [MESSAGE][PASSED] - Object 'Object Repository/IWP30/Page_QATestHarness/RemittanceID' is present

2020-07-13 22:53:23 - [MESSAGE][PASSED] - Text '649' is set on object 'Object Repository/IWP30/Page_QATestHarness/ApplicationID'

2020-07-13 22:53:24 - [MESSAGE][PASSED] - Text '3.0' is set on object 'Object Repository/IWP30/Page_QATestHarness/MessageVersion'

2020-07-13 22:53:24 - [MESSAGE][PASSED] - Text 'SqYG4oawm14H' is set on object 'Object Repository/IWP30/Page_QATestHarness/RemittanceID'

2020-07-13 22:53:26 - [MESSAGE][PASSED] - Object: 'Object Repository/IWP30/Page_QATestHarness/SubmitButton' is clicked on

2020-07-13 22:53:26 - [MESSAGE][PASSED] - iwpPages.TestHarnessPage.setDataMethod is PASSED

2020-07-13 22:53:26 - [TEST_STEP][PASSED] - if (verifyElementPresent(findTestObject("Object Repository/IWP30/Page_SelectPaymentMethod/PayByCreditCard"), 30)): null

2020-07-13 22:53:26 - [MESSAGE][PASSED] - Object 'Object Repository/IWP30/Page_SelectPaymentMethod/PayByCreditCard' is present

2020-07-13 22:53:26 - [TEST_STEP][PASSED] - println("We are on Select Payment Method page, start populating"): null

2020-07-13 22:53:26 - [TEST_STEP][PASSED] - check(findTestObject("Object Repository/IWP30/Page_SelectPaymentMethod/PayByCreditCard")): Object 'Object Repository/IWP30/Page_SelectPaymentMethod/PayByCreditCard' is checked

2020-07-13 22:53:26 - [MESSAGE][PASSED] - Object 'Object Repository/IWP30/Page_SelectPaymentMethod/PayByCreditCard' is checked

2020-07-13 22:53:26 - [TEST_STEP][PASSED] - Thread.sleep(1000): null

2020-07-13 22:53:27 - [TEST_STEP][PASSED] - click(findTestObject("Object Repository/IWP30/Page_SelectPaymentMethod/MakePaymentButton")): Object: 'Object Repository/IWP30/Page_SelectPaymentMethod/MakePaymentButton' is clicked on

2020-07-13 22:53:29 - [MESSAGE][PASSED] - Object: 'Object Repository/IWP30/Page_SelectPaymentMethod/MakePaymentButton' is clicked on

2020-07-13 22:53:29 - [TEST_STEP][PASSED] - iwpPages.ccPaymentEntryPage.setDataCCPM(row, dataFile): iwpPages.ccPaymentEntryPage.setDataCCPM is PASSED

2020-07-13 22:53:29 - [MESSAGE][PASSED] - Object 'Object Repository/IWP30/Page_CCPaymentEntry/Name' is present

2020-07-13 22:53:29 - [MESSAGE][PASSED] - Object 'Object Repository/IWP30/Page_CCPaymentEntry/Amount' is present

2020-07-13 22:53:30 - [MESSAGE][PASSED] - Text '15.50' is set on object 'Object Repository/IWP30/Page_CCPaymentEntry/Amount'

2020-07-13 22:53:30 - [MESSAGE][PASSED] - Object 'Object Repository/IWP30/Page_CCPaymentEntry/UserDefined2' is present

2020-07-13 22:53:31 - [MESSAGE][PASSED] - Text 'Circle' is set on object 'Object Repository/IWP30/Page_CCPaymentEntry/UserDefined2'

2020-07-13 22:53:31 - [MESSAGE][PASSED] - Object 'Object Repository/IWP30/Page_CCPaymentEntry/UserDefined3' is present

2020-07-13 22:53:32 - [MESSAGE][PASSED] - Text 'Triangle' is set on object 'Object Repository/IWP30/Page_CCPaymentEntry/UserDefined3'

2020-07-13 22:53:32 - [MESSAGE][PASSED] - Object 'Object Repository/IWP30/Page_CCPaymentEntry/UserDefined7' is present

2020-07-13 22:53:33 - [MESSAGE][PASSED] - All options with label 'Purple' are selected in object 'Object Repository/IWP30/Page_CCPaymentEntry/UserDefined7' 

2020-07-13 22:53:33 - [MESSAGE][PASSED] - Object 'Object Repository/IWP30/Page_CCPaymentEntry/UserDefined8' is present

2020-07-13 22:53:34 - [MESSAGE][PASSED] - All options with label 'Tennis' are selected in object 'Object Repository/IWP30/Page_CCPaymentEntry/UserDefined8' 

2020-07-13 22:53:34 - [MESSAGE][PASSED] - Object 'Object Repository/IWP30/Page_CCPaymentEntry/Name' is present

2020-07-13 22:53:35 - [MESSAGE][PASSED] - Text 'Alan Donald' is set on object 'Object Repository/IWP30/Page_CCPaymentEntry/Name'

2020-07-13 22:53:35 - [MESSAGE][PASSED] - Object 'Object Repository/IWP30/Page_CCPaymentEntry/CardNumber' is present

2020-07-13 22:53:36 - [MESSAGE][PASSED] - Text '4111111111111111' is set on object 'Object Repository/IWP30/Page_CCPaymentEntry/CardNumber'

2020-07-13 22:53:36 - [MESSAGE][PASSED] - Object 'Object Repository/IWP30/Page_CCPaymentEntry/SPC' is present

2020-07-13 22:53:37 - [MESSAGE][PASSED] - Text '258' is set on object 'Object Repository/IWP30/Page_CCPaymentEntry/SPC'

2020-07-13 22:53:37 - [MESSAGE][PASSED] - Object 'Object Repository/IWP30/Page_CCPaymentEntry/Month' is present

2020-07-13 22:53:38 - [MESSAGE][PASSED] - All options with label '10' are selected in object 'Object Repository/IWP30/Page_CCPaymentEntry/Month' 

2020-07-13 22:53:38 - [MESSAGE][PASSED] - Object 'Object Repository/IWP30/Page_CCPaymentEntry/Year' is present

2020-07-13 22:53:39 - [MESSAGE][PASSED] - All options with label '2025' are selected in object 'Object Repository/IWP30/Page_CCPaymentEntry/Year' 

2020-07-13 22:53:39 - [MESSAGE][PASSED] - Object 'Object Repository/IWP30/Page_CCPaymentEntry/ProcessDate' is present

2020-07-13 22:53:39 - [MESSAGE][PASSED] - Object 'Object Repository/IWP30/Page_CCPaymentEntry/AL1' is present

2020-07-13 22:53:40 - [MESSAGE][PASSED] - Text 'Mera AL1' is set on object 'Object Repository/IWP30/Page_CCPaymentEntry/AL1'

2020-07-13 22:53:41 - [MESSAGE][PASSED] - Object 'Object Repository/IWP30/Page_CCPaymentEntry/AL2' is present

2020-07-13 22:53:41 - [MESSAGE][PASSED] - Text 'Mera AL2' is set on object 'Object Repository/IWP30/Page_CCPaymentEntry/AL2'

2020-07-13 22:53:42 - [MESSAGE][PASSED] - Object 'Object Repository/IWP30/Page_CCPaymentEntry/ZIP' is present

2020-07-13 22:53:42 - [MESSAGE][PASSED] - Text '21054' is set on object 'Object Repository/IWP30/Page_CCPaymentEntry/ZIP'

2020-07-13 22:53:43 - [MESSAGE][PASSED] - Object 'Object Repository/IWP30/Page_CCPaymentEntry/EmailAddress' is present

2020-07-13 22:53:44 - [MESSAGE][PASSED] - Text 'merae@gmail.com' is set on object 'Object Repository/IWP30/Page_CCPaymentEntry/EmailAddress'

2020-07-13 22:53:44 - [MESSAGE][PASSED] - Object 'Object Repository/IWP30/Page_CCPaymentEntry/TermCondCheckBox' is present

2020-07-13 22:53:44 - [MESSAGE][PASSED] - Object 'Object Repository/IWP30/Page_CCPaymentEntry/TermCondCheckBox' is checked

2020-07-13 22:53:45 - [MESSAGE][PASSED] - Object 'Object Repository/IWP30/Page_CCPaymentEntry/ContinueButton' is present

2020-07-13 22:53:46 - [MESSAGE][PASSED] - Object: 'Object Repository/IWP30/Page_CCPaymentEntry/ContinueButton' is clicked on

2020-07-13 22:53:46 - [MESSAGE][PASSED] - iwpPages.ccPaymentEntryPage.setDataCCPM is PASSED

2020-07-13 22:53:46 - [TEST_STEP][PASSED] - if (verifyTextPresent("Please verify the following information", false)): null

2020-07-13 22:53:46 - [MESSAGE][PASSED] - Text 'Please verify the following information' is present on page 

2020-07-13 22:53:46 - [TEST_STEP][PASSED] - println("Please verify the following information text is present on the Confirmation page"): null

2020-07-13 22:53:46 - [TEST_STEP][PASSED] - if (verifyTextPresent("Is this information correct?", false)): null

2020-07-13 22:53:47 - [MESSAGE][PASSED] - Text 'Is this information correct?' is present on page 

2020-07-13 22:53:47 - [TEST_STEP][PASSED] - println("Is this information correct text is present on the Confirmation page"): null

2020-07-13 22:53:47 - [TEST_STEP][PASSED] - if (verifyElementPresent(findTestObject("Object Repository/IWP30/Page_Confirmation/ConfirmButton"), 30)): null

2020-07-13 22:53:47 - [MESSAGE][PASSED] - Object 'Object Repository/IWP30/Page_Confirmation/ConfirmButton' is present

2020-07-13 22:53:47 - [TEST_STEP][PASSED] - click(findTestObject("Object Repository/IWP30/Page_Confirmation/ConfirmButton")): Object: 'Object Repository/IWP30/Page_Confirmation/ConfirmButton' is clicked on

2020-07-13 22:53:48 - [MESSAGE][PASSED] - Object: 'Object Repository/IWP30/Page_Confirmation/ConfirmButton' is clicked on

2020-07-13 22:53:48 - [TEST_STEP][PASSED] - Thread.sleep(10000): null

2020-07-13 22:53:58 - [TEST_STEP][PASSED] - if (verifyTextPresent("Successful Payment Receipt", false)): null

2020-07-13 22:53:58 - [MESSAGE][PASSED] - Text 'Successful Payment Receipt' is present on page 

2020-07-13 22:53:58 - [TEST_STEP][PASSED] - println("Successful Payment Receipt text is present on the Receipt page"): null

2020-07-13 22:53:58 - [TEST_STEP][PASSED] - if (verifyTextPresent("Please print this receipt for your records", false)): null

2020-07-13 22:53:59 - [MESSAGE][PASSED] - Text 'Please print this receipt for your records' is present on page 

2020-07-13 22:53:59 - [TEST_STEP][PASSED] - println("Please print this receipt for your records text is present on the Receipt page"): null

2020-07-13 22:53:59 - [TEST_STEP][PASSED] - if (verifyElementPresent(findTestObject("Object Repository/IWP30/Page_Receipt/ExitButton"), 30)): null

2020-07-13 22:53:59 - [MESSAGE][PASSED] - Object 'Object Repository/IWP30/Page_Receipt/ExitButton' is present

2020-07-13 22:53:59 - [TEST_STEP][PASSED] - println("Exit Button is present on the Receipt page"): null

2020-07-13 22:53:59 - [TEST_STEP][PASSED] - closeBrowser(): Browser is closed

2020-07-13 22:54:00 - [MESSAGE][PASSED] - Browser is closed]]></system-out>
         <system-err><![CDATA[2020-07-13 22:40:47 - [TEST_CASE][FAILED] - Test Cases/IntegratedWeb/IWP30/Misc: Test Cases/IntegratedWeb/IWP30/Misc FAILED.
Reason:
com.kms.katalon.core.exception.StepFailedException: Text 'Please verify the following information' is not present on page  (Root cause: com.kms.katalon.core.exception.StepFailedException: Text 'Please verify the following information' is not present on page 
	at com.kms.katalon.core.webui.keyword.internal.WebUIKeywordMain.stepFailed(WebUIKeywordMain.groovy:64)
	at com.kms.katalon.core.webui.keyword.builtin.VerifyTextPresentKeyword$_verifyTextPresent_closure1.doCall(VerifyTextPresentKeyword.groovy:79)
	at com.kms.katalon.core.webui.keyword.builtin.VerifyTextPresentKeyword$_verifyTextPresent_closure1.call(VerifyTextPresentKeyword.groovy)
	at com.kms.katalon.core.webui.keyword.internal.WebUIKeywordMain.runKeyword(WebUIKeywordMain.groovy:20)
	at com.kms.katalon.core.webui.keyword.builtin.VerifyTextPresentKeyword.verifyTextPresent(VerifyTextPresentKeyword.groovy:83)
	at com.kms.katalon.core.webui.keyword.builtin.VerifyTextPresentKeyword.execute(VerifyTextPresentKeyword.groovy:68)
	at com.kms.katalon.core.keyword.internal.KeywordExecutor.executeKeywordForPlatform(KeywordExecutor.groovy:72)
	at com.kms.katalon.core.webui.keyword.WebUiBuiltInKeywords.verifyTextPresent(WebUiBuiltInKeywords.groovy:1719)
	at com.kms.katalon.core.webui.keyword.WebUiBuiltInKeywords$verifyTextPresent$8.call(Unknown Source)
	at Misc.run(Misc:90)
	at com.kms.katalon.core.main.ScriptEngine.run(ScriptEngine.java:194)
	at com.kms.katalon.core.main.ScriptEngine.runScriptAsRawText(ScriptEngine.java:119)
	at com.kms.katalon.core.main.TestCaseExecutor.runScript(TestCaseExecutor.java:337)
	at com.kms.katalon.core.main.TestCaseExecutor.doExecute(TestCaseExecutor.java:328)
	at com.kms.katalon.core.main.TestCaseExecutor.processExecutionPhase(TestCaseExecutor.java:307)
	at com.kms.katalon.core.main.TestCaseExecutor.accessMainPhase(TestCaseExecutor.java:299)
	at com.kms.katalon.core.main.TestCaseExecutor.execute(TestCaseExecutor.java:233)
	at com.kms.katalon.core.main.TestSuiteExecutor.accessTestCaseMainPhase(TestSuiteExecutor.java:169)
	at com.kms.katalon.core.main.TestSuiteExecutor.accessTestSuiteMainPhase(TestSuiteExecutor.java:142)
	at com.kms.katalon.core.main.TestSuiteExecutor.execute(TestSuiteExecutor.java:91)
	at com.kms.katalon.core.main.TestCaseMain.startTestSuite(TestCaseMain.java:157)
	at com.kms.katalon.core.main.TestCaseMain$startTestSuite$0.call(Unknown Source)
	at TempTestSuite1594693683341.run(TempTestSuite1594693683341.groovy:37)
)
	at com.kms.katalon.core.keyword.internal.KeywordMain.stepFailed(KeywordMain.groovy:39)
	at com.kms.katalon.core.webui.keyword.internal.WebUIKeywordMain.stepFailed(WebUIKeywordMain.groovy:64)
	at com.kms.katalon.core.webui.keyword.builtin.VerifyTextPresentKeyword$_verifyTextPresent_closure1.doCall(VerifyTextPresentKeyword.groovy:79)
	at com.kms.katalon.core.webui.keyword.builtin.VerifyTextPresentKeyword$_verifyTextPresent_closure1.call(VerifyTextPresentKeyword.groovy)
	at com.kms.katalon.core.webui.keyword.internal.WebUIKeywordMain.runKeyword(WebUIKeywordMain.groovy:20)
	at com.kms.katalon.core.webui.keyword.builtin.VerifyTextPresentKeyword.verifyTextPresent(VerifyTextPresentKeyword.groovy:83)
	at com.kms.katalon.core.webui.keyword.builtin.VerifyTextPresentKeyword.execute(VerifyTextPresentKeyword.groovy:68)
	at com.kms.katalon.core.keyword.internal.KeywordExecutor.executeKeywordForPlatform(KeywordExecutor.groovy:72)
	at com.kms.katalon.core.webui.keyword.WebUiBuiltInKeywords.verifyTextPresent(WebUiBuiltInKeywords.groovy:1719)
	at com.kms.katalon.core.webui.keyword.WebUiBuiltInKeywords$verifyTextPresent$8.call(Unknown Source)
	at Misc.run(Misc:90)
	at com.kms.katalon.core.main.ScriptEngine.run(ScriptEngine.java:194)
	at com.kms.katalon.core.main.ScriptEngine.runScriptAsRawText(ScriptEngine.java:119)
	at com.kms.katalon.core.main.TestCaseExecutor.runScript(TestCaseExecutor.java:337)
	at com.kms.katalon.core.main.TestCaseExecutor.doExecute(TestCaseExecutor.java:328)
	at com.kms.katalon.core.main.TestCaseExecutor.processExecutionPhase(TestCaseExecutor.java:307)
	at com.kms.katalon.core.main.TestCaseExecutor.accessMainPhase(TestCaseExecutor.java:299)
	at com.kms.katalon.core.main.TestCaseExecutor.execute(TestCaseExecutor.java:233)
	at com.kms.katalon.core.main.TestSuiteExecutor.accessTestCaseMainPhase(TestSuiteExecutor.java:169)
	at com.kms.katalon.core.main.TestSuiteExecutor.accessTestSuiteMainPhase(TestSuiteExecutor.java:142)
	at com.kms.katalon.core.main.TestSuiteExecutor.execute(TestSuiteExecutor.java:91)
	at com.kms.katalon.core.main.TestCaseMain.startTestSuite(TestCaseMain.java:157)
	at com.kms.katalon.core.main.TestCaseMain$startTestSuite$0.call(Unknown Source)
	at TempTestSuite1594693683341.run(TempTestSuite1594693683341.groovy:37)
Caused by: com.kms.katalon.core.exception.StepFailedException: Text 'Please verify the following information' is not present on page 
	... 23 more]]></system-err>
      </testcase>
      <testcase name="Test Cases/IntegratedWeb/IWP30/AmountLessThanMinCC" time="59.594" classname="Test Cases/IntegratedWeb/IWP30/AmountLessThanMinCC" status="PASSED">
         <system-out><![CDATA[2020-07-13 22:54:00 - [TEST_CASE][PASSED] - Test Cases/IntegratedWeb/IWP30/AmountLessThanMinCC: Test Cases/IntegratedWeb/IWP30/AmountLessThanMinCC

2020-07-13 22:54:00 - [TEST_STEP][PASSED] - openBrowser("https://qa.velocitypayment.com/agency/config.do?action=editor"): Browser is opened with url: 'https://qa.velocitypayment.com/agency/config.do?action=editor'

2020-07-13 22:54:00 - [MESSAGE][INFO] - Starting 'Chrome' driver

2020-07-13 22:54:00 - [MESSAGE][INFO] - User set preference: ['acceptInsecureCerts', 'true']

2020-07-13 22:54:00 - [MESSAGE][INFO] - Action delay is set to 0 milliseconds

2020-07-13 22:54:04 - [MESSAGE][PASSED] - Browser is opened with url: 'https://qa.velocitypayment.com/agency/config.do?action=editor'

2020-07-13 22:54:04 - [TEST_STEP][PASSED] - maximizeWindow(): Current window maximized

2020-07-13 22:54:05 - [MESSAGE][PASSED] - Current window maximized

2020-07-13 22:54:05 - [TEST_STEP][PASSED] - selectOptionByValue(findTestObject("IWP30/Page_VRelay30Emulator/MV"), "3.0", true): All options with value '3.0' are selected in object 'Object Repository/IWP30/Page_VRelay30Emulator/MV'  using regular expression

2020-07-13 22:54:06 - [MESSAGE][PASSED] - All options with value '3.0' are selected in object 'Object Repository/IWP30/Page_VRelay30Emulator/MV'  using regular expression

2020-07-13 22:54:06 - [TEST_STEP][PASSED] - setText(findTestObject("IWP30/Page_VRelay30Emulator/Amount"), "10.50"): Text '10.50' is set on object 'Object Repository/IWP30/Page_VRelay30Emulator/Amount'

2020-07-13 22:54:07 - [MESSAGE][PASSED] - Text '10.50' is set on object 'Object Repository/IWP30/Page_VRelay30Emulator/Amount'

2020-07-13 22:54:07 - [TEST_STEP][PASSED] - setText(findTestObject("IWP30/Page_VRelay30Emulator/CAN"), "5465460"): Text '5465460' is set on object 'Object Repository/IWP30/Page_VRelay30Emulator/CAN'

2020-07-13 22:54:07 - [MESSAGE][PASSED] - Text '5465460' is set on object 'Object Repository/IWP30/Page_VRelay30Emulator/CAN'

2020-07-13 22:54:07 - [TEST_STEP][PASSED] - setText(findTestObject("IWP30/Page_VRelay30Emulator/Action"), "PayNow"): Text 'PayNow' is set on object 'Object Repository/IWP30/Page_VRelay30Emulator/Action'

2020-07-13 22:54:08 - [MESSAGE][PASSED] - Text 'PayNow' is set on object 'Object Repository/IWP30/Page_VRelay30Emulator/Action'

2020-07-13 22:54:08 - [TEST_STEP][PASSED] - setText(findTestObject("IWP30/Page_VRelay30Emulator/Lang"), "en_US"): Text 'en_US' is set on object 'Object Repository/IWP30/Page_VRelay30Emulator/Lang'

2020-07-13 22:54:09 - [MESSAGE][PASSED] - Text 'en_US' is set on object 'Object Repository/IWP30/Page_VRelay30Emulator/Lang'

2020-07-13 22:54:09 - [TEST_STEP][PASSED] - setText(findTestObject("IWP30/Page_VRelay30Emulator/Fname"), "Jonathan"): Text 'Jonathan' is set on object 'Object Repository/IWP30/Page_VRelay30Emulator/Fname'

2020-07-13 22:54:09 - [MESSAGE][PASSED] - Text 'Jonathan' is set on object 'Object Repository/IWP30/Page_VRelay30Emulator/Fname'

2020-07-13 22:54:09 - [TEST_STEP][PASSED] - setText(findTestObject("IWP30/Page_VRelay30Emulator/Lname"), "Lewis"): Text 'Lewis' is set on object 'Object Repository/IWP30/Page_VRelay30Emulator/Lname'

2020-07-13 22:54:10 - [MESSAGE][PASSED] - Text 'Lewis' is set on object 'Object Repository/IWP30/Page_VRelay30Emulator/Lname'

2020-07-13 22:54:10 - [TEST_STEP][PASSED] - setText(findTestObject("IWP30/Page_VRelay30Emulator/AL1"), "18 Manhattan road"): Text '18 Manhattan road' is set on object 'Object Repository/IWP30/Page_VRelay30Emulator/AL1'

2020-07-13 22:54:10 - [MESSAGE][PASSED] - Text '18 Manhattan road' is set on object 'Object Repository/IWP30/Page_VRelay30Emulator/AL1'

2020-07-13 22:54:10 - [TEST_STEP][PASSED] - setText(findTestObject("IWP30/Page_VRelay30Emulator/AL2"), "Room 1"): Text 'Room 1' is set on object 'Object Repository/IWP30/Page_VRelay30Emulator/AL2'

2020-07-13 22:54:11 - [MESSAGE][PASSED] - Text 'Room 1' is set on object 'Object Repository/IWP30/Page_VRelay30Emulator/AL2'

2020-07-13 22:54:11 - [TEST_STEP][PASSED] - setText(findTestObject("IWP30/Page_VRelay30Emulator/Country"), "840"): Text '840' is set on object 'Object Repository/IWP30/Page_VRelay30Emulator/Country'

2020-07-13 22:54:12 - [MESSAGE][PASSED] - Text '840' is set on object 'Object Repository/IWP30/Page_VRelay30Emulator/Country'

2020-07-13 22:54:12 - [TEST_STEP][PASSED] - setText(findTestObject("IWP30/Page_VRelay30Emulator/City"), "Arlingtom"): Text 'Arlingtom' is set on object 'Object Repository/IWP30/Page_VRelay30Emulator/City'

2020-07-13 22:54:12 - [MESSAGE][PASSED] - Text 'Arlingtom' is set on object 'Object Repository/IWP30/Page_VRelay30Emulator/City'

2020-07-13 22:54:12 - [TEST_STEP][PASSED] - setText(findTestObject("IWP30/Page_VRelay30Emulator/State"), "VA"): Text 'VA' is set on object 'Object Repository/IWP30/Page_VRelay30Emulator/State'

2020-07-13 22:54:13 - [MESSAGE][PASSED] - Text 'VA' is set on object 'Object Repository/IWP30/Page_VRelay30Emulator/State'

2020-07-13 22:54:13 - [TEST_STEP][PASSED] - setText(findTestObject("IWP30/Page_VRelay30Emulator/ZIP"), "22201"): Text '22201' is set on object 'Object Repository/IWP30/Page_VRelay30Emulator/ZIP'

2020-07-13 22:54:13 - [MESSAGE][PASSED] - Text '22201' is set on object 'Object Repository/IWP30/Page_VRelay30Emulator/ZIP'

2020-07-13 22:54:13 - [TEST_STEP][PASSED] - setText(findTestObject("IWP30/Page_VRelay30Emulator/Order"), ""): Text '' is set on object 'Object Repository/IWP30/Page_VRelay30Emulator/Order'

2020-07-13 22:54:14 - [MESSAGE][PASSED] - Text '' is set on object 'Object Repository/IWP30/Page_VRelay30Emulator/Order'

2020-07-13 22:54:14 - [TEST_STEP][PASSED] - setText(findTestObject("IWP30/Page_VRelay30Emulator/Company"), ""): Text '' is set on object 'Object Repository/IWP30/Page_VRelay30Emulator/Company'

2020-07-13 22:54:15 - [MESSAGE][PASSED] - Text '' is set on object 'Object Repository/IWP30/Page_VRelay30Emulator/Company'

2020-07-13 22:54:15 - [TEST_STEP][PASSED] - setText(findTestObject("IWP30/Page_VRelay30Emulator/Email"), ""): Text '' is set on object 'Object Repository/IWP30/Page_VRelay30Emulator/Email'

2020-07-13 22:54:15 - [MESSAGE][PASSED] - Text '' is set on object 'Object Repository/IWP30/Page_VRelay30Emulator/Email'

2020-07-13 22:54:15 - [TEST_STEP][PASSED] - setText(findTestObject("IWP30/Page_VRelay30Emulator/UDF1"), ""): Text '' is set on object 'Object Repository/IWP30/Page_VRelay30Emulator/UDF1'

2020-07-13 22:54:16 - [MESSAGE][PASSED] - Text '' is set on object 'Object Repository/IWP30/Page_VRelay30Emulator/UDF1'

2020-07-13 22:54:16 - [TEST_STEP][PASSED] - setText(findTestObject("IWP30/Page_VRelay30Emulator/UDF2"), ""): Text '' is set on object 'Object Repository/IWP30/Page_VRelay30Emulator/UDF2'

2020-07-13 22:54:17 - [MESSAGE][PASSED] - Text '' is set on object 'Object Repository/IWP30/Page_VRelay30Emulator/UDF2'

2020-07-13 22:54:17 - [TEST_STEP][PASSED] - setText(findTestObject("IWP30/Page_VRelay30Emulator/UDF3"), ""): Text '' is set on object 'Object Repository/IWP30/Page_VRelay30Emulator/UDF3'

2020-07-13 22:54:17 - [MESSAGE][PASSED] - Text '' is set on object 'Object Repository/IWP30/Page_VRelay30Emulator/UDF3'

2020-07-13 22:54:17 - [TEST_STEP][PASSED] - setText(findTestObject("IWP30/Page_VRelay30Emulator/UDF4"), "data 4"): Text 'data 4' is set on object 'Object Repository/IWP30/Page_VRelay30Emulator/UDF4'

2020-07-13 22:54:18 - [MESSAGE][PASSED] - Text 'data 4' is set on object 'Object Repository/IWP30/Page_VRelay30Emulator/UDF4'

2020-07-13 22:54:18 - [TEST_STEP][PASSED] - setText(findTestObject("IWP30/Page_VRelay30Emulator/UDF5"), "data 5"): Text 'data 5' is set on object 'Object Repository/IWP30/Page_VRelay30Emulator/UDF5'

2020-07-13 22:54:19 - [MESSAGE][PASSED] - Text 'data 5' is set on object 'Object Repository/IWP30/Page_VRelay30Emulator/UDF5'

2020-07-13 22:54:19 - [TEST_STEP][PASSED] - setText(findTestObject("IWP30/Page_VRelay30Emulator/UDF6"), ""): Text '' is set on object 'Object Repository/IWP30/Page_VRelay30Emulator/UDF6'

2020-07-13 22:54:19 - [MESSAGE][PASSED] - Text '' is set on object 'Object Repository/IWP30/Page_VRelay30Emulator/UDF6'

2020-07-13 22:54:19 - [TEST_STEP][PASSED] - setText(findTestObject("IWP30/Page_VRelay30Emulator/UDF7"), ""): Text '' is set on object 'Object Repository/IWP30/Page_VRelay30Emulator/UDF7'

2020-07-13 22:54:20 - [MESSAGE][PASSED] - Text '' is set on object 'Object Repository/IWP30/Page_VRelay30Emulator/UDF7'

2020-07-13 22:54:20 - [TEST_STEP][PASSED] - setText(findTestObject("IWP30/Page_VRelay30Emulator/UDF8"), ""): Text '' is set on object 'Object Repository/IWP30/Page_VRelay30Emulator/UDF8'

2020-07-13 22:54:21 - [MESSAGE][PASSED] - Text '' is set on object 'Object Repository/IWP30/Page_VRelay30Emulator/UDF8'

2020-07-13 22:54:21 - [TEST_STEP][PASSED] - setText(findTestObject("IWP30/Page_VRelay30Emulator/UDF9"), "data 9"): Text 'data 9' is set on object 'Object Repository/IWP30/Page_VRelay30Emulator/UDF9'

2020-07-13 22:54:22 - [MESSAGE][PASSED] - Text 'data 9' is set on object 'Object Repository/IWP30/Page_VRelay30Emulator/UDF9'

2020-07-13 22:54:22 - [TEST_STEP][PASSED] - setText(findTestObject("IWP30/Page_VRelay30Emulator/UDF10"), "data 10"): Text 'data 10' is set on object 'Object Repository/IWP30/Page_VRelay30Emulator/UDF10'

2020-07-13 22:54:22 - [MESSAGE][PASSED] - Text 'data 10' is set on object 'Object Repository/IWP30/Page_VRelay30Emulator/UDF10'

2020-07-13 22:54:22 - [TEST_STEP][PASSED] - Thread.sleep(2000): null

2020-07-13 22:54:24 - [TEST_STEP][PASSED] - click(findTestObject("IWP30/Page_VRelay30Emulator/Submit")): Object: 'Object Repository/IWP30/Page_VRelay30Emulator/Submit' is clicked on

2020-07-13 22:54:25 - [MESSAGE][PASSED] - Object: 'Object Repository/IWP30/Page_VRelay30Emulator/Submit' is clicked on

2020-07-13 22:54:25 - [TEST_STEP][PASSED] - Thread.sleep(5000): null

2020-07-13 22:54:30 - [TEST_STEP][PASSED] - closeBrowser(): Browser is closed

2020-07-13 22:54:31 - [MESSAGE][PASSED] - Browser is closed

2020-07-13 22:54:31 - [TEST_STEP][PASSED] - openBrowser("https://dev-algorithm.govolution.com/vrelaytest/QA/version_2_2/vrelaytest.html"): Browser is opened with url: 'https://dev-algorithm.govolution.com/vrelaytest/QA/version_2_2/vrelaytest.html'

2020-07-13 22:54:31 - [MESSAGE][INFO] - Starting 'Chrome' driver

2020-07-13 22:54:31 - [MESSAGE][INFO] - User set preference: ['acceptInsecureCerts', 'true']

2020-07-13 22:54:31 - [MESSAGE][INFO] - Action delay is set to 0 milliseconds

2020-07-13 22:54:35 - [MESSAGE][PASSED] - Browser is opened with url: 'https://dev-algorithm.govolution.com/vrelaytest/QA/version_2_2/vrelaytest.html'

2020-07-13 22:54:35 - [TEST_STEP][PASSED] - maximizeWindow(): Current window maximized

2020-07-13 22:54:35 - [MESSAGE][PASSED] - Current window maximized

2020-07-13 22:54:35 - [TEST_STEP][PASSED] - genRemIDVoid = RandomStringUtils.random(12, true, true): null

2020-07-13 22:54:35 - [TEST_STEP][PASSED] - if (verifyElementPresent(findTestObject("Object Repository/IWP30/Page_QATestHarness/RemittanceID"), 30)): null

2020-07-13 22:54:35 - [MESSAGE][PASSED] - Object 'Object Repository/IWP30/Page_QATestHarness/RemittanceID' is present

2020-07-13 22:54:35 - [TEST_STEP][PASSED] - println("We are on Test Harness page, start populating"): null

2020-07-13 22:54:35 - [TEST_STEP][PASSED] - setText(findTestObject("Object Repository/IWP30/Page_QATestHarness/ApplicationID"), "649"): Text '649' is set on object 'Object Repository/IWP30/Page_QATestHarness/ApplicationID'

2020-07-13 22:54:36 - [MESSAGE][PASSED] - Text '649' is set on object 'Object Repository/IWP30/Page_QATestHarness/ApplicationID'

2020-07-13 22:54:36 - [TEST_STEP][PASSED] - setText(findTestObject("Object Repository/IWP30/Page_QATestHarness/MessageVersion"), "3.0"): Text '3.0' is set on object 'Object Repository/IWP30/Page_QATestHarness/MessageVersion'

2020-07-13 22:54:37 - [MESSAGE][PASSED] - Text '3.0' is set on object 'Object Repository/IWP30/Page_QATestHarness/MessageVersion'

2020-07-13 22:54:37 - [TEST_STEP][PASSED] - setText(findTestObject("Object Repository/IWP30/Page_QATestHarness/RemittanceID"), genRemIDVoid): Text 'ZNKt8h9dkHzQ' is set on object 'Object Repository/IWP30/Page_QATestHarness/RemittanceID'

2020-07-13 22:54:37 - [MESSAGE][PASSED] - Text 'ZNKt8h9dkHzQ' is set on object 'Object Repository/IWP30/Page_QATestHarness/RemittanceID'

2020-07-13 22:54:37 - [TEST_STEP][PASSED] - click(findTestObject("Object Repository/IWP30/Page_QATestHarness/SubmitButton")): Object: 'Object Repository/IWP30/Page_QATestHarness/SubmitButton' is clicked on

2020-07-13 22:54:38 - [MESSAGE][PASSED] - Object: 'Object Repository/IWP30/Page_QATestHarness/SubmitButton' is clicked on

2020-07-13 22:54:38 - [TEST_STEP][PASSED] - if (verifyElementPresent(findTestObject("Object Repository/IWP30/Page_SelectPaymentMethod/PayByCreditCard"), 30)): null

2020-07-13 22:54:39 - [MESSAGE][PASSED] - Object 'Object Repository/IWP30/Page_SelectPaymentMethod/PayByCreditCard' is present

2020-07-13 22:54:39 - [TEST_STEP][PASSED] - println("We are on Select Payment Method page, start populating"): null

2020-07-13 22:54:39 - [TEST_STEP][PASSED] - check(findTestObject("Object Repository/IWP30/Page_SelectPaymentMethod/PayByCreditCard")): Object 'Object Repository/IWP30/Page_SelectPaymentMethod/PayByCreditCard' is checked

2020-07-13 22:54:39 - [MESSAGE][PASSED] - Object 'Object Repository/IWP30/Page_SelectPaymentMethod/PayByCreditCard' is checked

2020-07-13 22:54:39 - [TEST_STEP][PASSED] - Thread.sleep(1000): null

2020-07-13 22:54:40 - [TEST_STEP][PASSED] - click(findTestObject("Object Repository/IWP30/Page_SelectPaymentMethod/MakePaymentButton")): Object: 'Object Repository/IWP30/Page_SelectPaymentMethod/MakePaymentButton' is clicked on

2020-07-13 22:54:41 - [MESSAGE][PASSED] - Object: 'Object Repository/IWP30/Page_SelectPaymentMethod/MakePaymentButton' is clicked on

2020-07-13 22:54:41 - [TEST_STEP][PASSED] - if (verifyElementPresent(findTestObject("Object Repository/IWP30/Page_CCPaymentEntry/Name"), 30)): null

2020-07-13 22:54:42 - [MESSAGE][PASSED] - Object 'Object Repository/IWP30/Page_CCPaymentEntry/Name' is present

2020-07-13 22:54:42 - [TEST_STEP][PASSED] - println("We are on Credit Card Payment Entry page, start populating"): null

2020-07-13 22:54:42 - [TEST_STEP][PASSED] - if (verifyElementPresent(findTestObject("Object Repository/IWP30/Page_CCPaymentEntry/Amount"), 30)): null

2020-07-13 22:54:42 - [MESSAGE][PASSED] - Object 'Object Repository/IWP30/Page_CCPaymentEntry/Amount' is present

2020-07-13 22:54:42 - [TEST_STEP][PASSED] - setText(findTestObject("Object Repository/IWP30/Page_CCPaymentEntry/Amount"), "1.50"): Text '1.50' is set on object 'Object Repository/IWP30/Page_CCPaymentEntry/Amount'

2020-07-13 22:54:43 - [MESSAGE][PASSED] - Text '1.50' is set on object 'Object Repository/IWP30/Page_CCPaymentEntry/Amount'

2020-07-13 22:54:43 - [TEST_STEP][PASSED] - if (verifyElementPresent(findTestObject("Object Repository/IWP30/Page_CCPaymentEntry/UserDefined2"), 30)): null

2020-07-13 22:54:43 - [MESSAGE][PASSED] - Object 'Object Repository/IWP30/Page_CCPaymentEntry/UserDefined2' is present

2020-07-13 22:54:43 - [TEST_STEP][PASSED] - setText(findTestObject("Object Repository/IWP30/Page_CCPaymentEntry/UserDefined2"), ""): Text '' is set on object 'Object Repository/IWP30/Page_CCPaymentEntry/UserDefined2'

2020-07-13 22:54:44 - [MESSAGE][PASSED] - Text '' is set on object 'Object Repository/IWP30/Page_CCPaymentEntry/UserDefined2'

2020-07-13 22:54:44 - [TEST_STEP][PASSED] - if (verifyElementPresent(findTestObject("Object Repository/IWP30/Page_CCPaymentEntry/UserDefined3"), 30)): null

2020-07-13 22:54:44 - [MESSAGE][PASSED] - Object 'Object Repository/IWP30/Page_CCPaymentEntry/UserDefined3' is present

2020-07-13 22:54:44 - [TEST_STEP][PASSED] - setText(findTestObject("Object Repository/IWP30/Page_CCPaymentEntry/UserDefined3"), "data 3"): Text 'data 3' is set on object 'Object Repository/IWP30/Page_CCPaymentEntry/UserDefined3'

2020-07-13 22:54:45 - [MESSAGE][PASSED] - Text 'data 3' is set on object 'Object Repository/IWP30/Page_CCPaymentEntry/UserDefined3'

2020-07-13 22:54:45 - [TEST_STEP][PASSED] - if (verifyElementPresent(findTestObject("Object Repository/IWP30/Page_CCPaymentEntry/UserDefined7"), 30)): null

2020-07-13 22:54:45 - [MESSAGE][PASSED] - Object 'Object Repository/IWP30/Page_CCPaymentEntry/UserDefined7' is present

2020-07-13 22:54:45 - [TEST_STEP][PASSED] - selectOptionByLabel(findTestObject("Object Repository/IWP30/Page_CCPaymentEntry/UserDefined7"), "Orange", false): All options with label 'Orange' are selected in object 'Object Repository/IWP30/Page_CCPaymentEntry/UserDefined7' 

2020-07-13 22:54:45 - [MESSAGE][PASSED] - All options with label 'Orange' are selected in object 'Object Repository/IWP30/Page_CCPaymentEntry/UserDefined7' 

2020-07-13 22:54:45 - [TEST_STEP][PASSED] - if (verifyElementPresent(findTestObject("Object Repository/IWP30/Page_CCPaymentEntry/UserDefined8"), 30)): null

2020-07-13 22:54:46 - [MESSAGE][PASSED] - Object 'Object Repository/IWP30/Page_CCPaymentEntry/UserDefined8' is present

2020-07-13 22:54:46 - [TEST_STEP][PASSED] - selectOptionByLabel(findTestObject("Object Repository/IWP30/Page_CCPaymentEntry/UserDefined8"), "Tennis", false): All options with label 'Tennis' are selected in object 'Object Repository/IWP30/Page_CCPaymentEntry/UserDefined8' 

2020-07-13 22:54:46 - [MESSAGE][PASSED] - All options with label 'Tennis' are selected in object 'Object Repository/IWP30/Page_CCPaymentEntry/UserDefined8' 

2020-07-13 22:54:46 - [TEST_STEP][PASSED] - if (verifyElementPresent(findTestObject("Object Repository/IWP30/Page_CCPaymentEntry/Name"), 30)): null

2020-07-13 22:54:47 - [MESSAGE][PASSED] - Object 'Object Repository/IWP30/Page_CCPaymentEntry/Name' is present

2020-07-13 22:54:47 - [TEST_STEP][PASSED] - setText(findTestObject("Object Repository/IWP30/Page_CCPaymentEntry/Name"), "Jonathan Lewis"): Text 'Jonathan Lewis' is set on object 'Object Repository/IWP30/Page_CCPaymentEntry/Name'

2020-07-13 22:54:48 - [MESSAGE][PASSED] - Text 'Jonathan Lewis' is set on object 'Object Repository/IWP30/Page_CCPaymentEntry/Name'

2020-07-13 22:54:48 - [TEST_STEP][PASSED] - if (verifyElementPresent(findTestObject("Object Repository/IWP30/Page_CCPaymentEntry/CardNumber"), 30)): null

2020-07-13 22:54:48 - [MESSAGE][PASSED] - Object 'Object Repository/IWP30/Page_CCPaymentEntry/CardNumber' is present

2020-07-13 22:54:48 - [TEST_STEP][PASSED] - setText(findTestObject("Object Repository/IWP30/Page_CCPaymentEntry/CardNumber"), "4111111111111111"): Text '4111111111111111' is set on object 'Object Repository/IWP30/Page_CCPaymentEntry/CardNumber'

2020-07-13 22:54:49 - [MESSAGE][PASSED] - Text '4111111111111111' is set on object 'Object Repository/IWP30/Page_CCPaymentEntry/CardNumber'

2020-07-13 22:54:49 - [TEST_STEP][PASSED] - if (verifyElementPresent(findTestObject("Object Repository/IWP30/Page_CCPaymentEntry/SPC"), 30)): null

2020-07-13 22:54:49 - [MESSAGE][PASSED] - Object 'Object Repository/IWP30/Page_CCPaymentEntry/SPC' is present

2020-07-13 22:54:49 - [TEST_STEP][PASSED] - setText(findTestObject("Object Repository/IWP30/Page_CCPaymentEntry/SPC"), "147"): Text '147' is set on object 'Object Repository/IWP30/Page_CCPaymentEntry/SPC'

2020-07-13 22:54:50 - [MESSAGE][PASSED] - Text '147' is set on object 'Object Repository/IWP30/Page_CCPaymentEntry/SPC'

2020-07-13 22:54:50 - [TEST_STEP][PASSED] - if (verifyElementPresent(findTestObject("Object Repository/IWP30/Page_CCPaymentEntry/Month"), 30)): null

2020-07-13 22:54:50 - [MESSAGE][PASSED] - Object 'Object Repository/IWP30/Page_CCPaymentEntry/Month' is present

2020-07-13 22:54:50 - [TEST_STEP][PASSED] - selectOptionByLabel(findTestObject("Object Repository/IWP30/Page_CCPaymentEntry/Month"), "07", false): All options with label '07' are selected in object 'Object Repository/IWP30/Page_CCPaymentEntry/Month' 

2020-07-13 22:54:51 - [MESSAGE][PASSED] - All options with label '07' are selected in object 'Object Repository/IWP30/Page_CCPaymentEntry/Month' 

2020-07-13 22:54:51 - [TEST_STEP][PASSED] - if (verifyElementPresent(findTestObject("Object Repository/IWP30/Page_CCPaymentEntry/Year"), 30)): null

2020-07-13 22:54:51 - [MESSAGE][PASSED] - Object 'Object Repository/IWP30/Page_CCPaymentEntry/Year' is present

2020-07-13 22:54:51 - [TEST_STEP][PASSED] - selectOptionByLabel(findTestObject("Object Repository/IWP30/Page_CCPaymentEntry/Year"), "2025", false): All options with label '2025' are selected in object 'Object Repository/IWP30/Page_CCPaymentEntry/Year' 

2020-07-13 22:54:52 - [MESSAGE][PASSED] - All options with label '2025' are selected in object 'Object Repository/IWP30/Page_CCPaymentEntry/Year' 

2020-07-13 22:54:52 - [TEST_STEP][PASSED] - if (verifyElementPresent(findTestObject("Object Repository/IWP30/Page_CCPaymentEntry/AL1"), 30)): null

2020-07-13 22:54:52 - [MESSAGE][PASSED] - Object 'Object Repository/IWP30/Page_CCPaymentEntry/AL1' is present

2020-07-13 22:54:52 - [TEST_STEP][PASSED] - setText(findTestObject("Object Repository/IWP30/Page_CCPaymentEntry/AL1"), "18 Manhattan road"): Text '18 Manhattan road' is set on object 'Object Repository/IWP30/Page_CCPaymentEntry/AL1'

2020-07-13 22:54:53 - [MESSAGE][PASSED] - Text '18 Manhattan road' is set on object 'Object Repository/IWP30/Page_CCPaymentEntry/AL1'

2020-07-13 22:54:53 - [TEST_STEP][PASSED] - if (verifyElementPresent(findTestObject("Object Repository/IWP30/Page_CCPaymentEntry/AL2"), 30)): null

2020-07-13 22:54:53 - [MESSAGE][PASSED] - Object 'Object Repository/IWP30/Page_CCPaymentEntry/AL2' is present

2020-07-13 22:54:53 - [TEST_STEP][PASSED] - setText(findTestObject("Object Repository/IWP30/Page_CCPaymentEntry/AL2"), "Room 1"): Text 'Room 1' is set on object 'Object Repository/IWP30/Page_CCPaymentEntry/AL2'

2020-07-13 22:54:54 - [MESSAGE][PASSED] - Text 'Room 1' is set on object 'Object Repository/IWP30/Page_CCPaymentEntry/AL2'

2020-07-13 22:54:54 - [TEST_STEP][PASSED] - if (verifyElementPresent(findTestObject("Object Repository/IWP30/Page_CCPaymentEntry/ZIP"), 30)): null

2020-07-13 22:54:54 - [MESSAGE][PASSED] - Object 'Object Repository/IWP30/Page_CCPaymentEntry/ZIP' is present

2020-07-13 22:54:54 - [TEST_STEP][PASSED] - setText(findTestObject("Object Repository/IWP30/Page_CCPaymentEntry/ZIP"), "22201"): Text '22201' is set on object 'Object Repository/IWP30/Page_CCPaymentEntry/ZIP'

2020-07-13 22:54:55 - [MESSAGE][PASSED] - Text '22201' is set on object 'Object Repository/IWP30/Page_CCPaymentEntry/ZIP'

2020-07-13 22:54:55 - [TEST_STEP][PASSED] - if (verifyElementPresent(findTestObject("Object Repository/IWP30/Page_CCPaymentEntry/EmailAddress"), 30)): null

2020-07-13 22:54:55 - [MESSAGE][PASSED] - Object 'Object Repository/IWP30/Page_CCPaymentEntry/EmailAddress' is present

2020-07-13 22:54:55 - [TEST_STEP][PASSED] - setText(findTestObject("Object Repository/IWP30/Page_CCPaymentEntry/EmailAddress"), "Myemail@email.com"): Text 'Myemail@email.com' is set on object 'Object Repository/IWP30/Page_CCPaymentEntry/EmailAddress'

2020-07-13 22:54:56 - [MESSAGE][PASSED] - Text 'Myemail@email.com' is set on object 'Object Repository/IWP30/Page_CCPaymentEntry/EmailAddress'

2020-07-13 22:54:56 - [TEST_STEP][PASSED] - if (verifyElementPresent(findTestObject("Object Repository/IWP30/Page_CCPaymentEntry/TermCondCheckBox"), 30)): null

2020-07-13 22:54:56 - [MESSAGE][PASSED] - Object 'Object Repository/IWP30/Page_CCPaymentEntry/TermCondCheckBox' is present

2020-07-13 22:54:56 - [TEST_STEP][PASSED] - check(findTestObject("Object Repository/IWP30/Page_CCPaymentEntry/TermCondCheckBox")): Object 'Object Repository/IWP30/Page_CCPaymentEntry/TermCondCheckBox' is checked

2020-07-13 22:54:57 - [MESSAGE][PASSED] - Object 'Object Repository/IWP30/Page_CCPaymentEntry/TermCondCheckBox' is checked

2020-07-13 22:54:57 - [TEST_STEP][PASSED] - if (verifyElementPresent(findTestObject("Object Repository/IWP30/Page_CCPaymentEntry/ContinueButton"), 30)): null

2020-07-13 22:54:57 - [MESSAGE][PASSED] - Object 'Object Repository/IWP30/Page_CCPaymentEntry/ContinueButton' is present

2020-07-13 22:54:57 - [TEST_STEP][PASSED] - click(findTestObject("Object Repository/IWP30/Page_CCPaymentEntry/ContinueButton")): Object: 'Object Repository/IWP30/Page_CCPaymentEntry/ContinueButton' is clicked on

2020-07-13 22:54:58 - [MESSAGE][PASSED] - Object: 'Object Repository/IWP30/Page_CCPaymentEntry/ContinueButton' is clicked on

2020-07-13 22:54:58 - [TEST_STEP][PASSED] - verifyTextPresent("Amount is less than minimum", false): Text 'Amount is less than minimum' is present on page 

2020-07-13 22:54:59 - [MESSAGE][PASSED] - Text 'Amount is less than minimum' is present on page 

2020-07-13 22:54:59 - [TEST_STEP][PASSED] - closeBrowser(): Browser is closed

2020-07-13 22:54:59 - [MESSAGE][PASSED] - Browser is closed]]></system-out>
         <system-err><![CDATA[]]></system-err>
      </testcase>
      <testcase name="Test Cases/IntegratedWeb/IWP30/AmountMoreThanMaxCC" time="59.861" classname="Test Cases/IntegratedWeb/IWP30/AmountMoreThanMaxCC" status="PASSED">
         <system-out><![CDATA[2020-07-13 22:54:59 - [TEST_CASE][PASSED] - Test Cases/IntegratedWeb/IWP30/AmountMoreThanMaxCC: Test Cases/IntegratedWeb/IWP30/AmountMoreThanMaxCC

2020-07-13 22:55:00 - [TEST_STEP][PASSED] - openBrowser("https://qa.velocitypayment.com/agency/config.do?action=editor"): Browser is opened with url: 'https://qa.velocitypayment.com/agency/config.do?action=editor'

2020-07-13 22:55:00 - [MESSAGE][INFO] - Starting 'Chrome' driver

2020-07-13 22:55:00 - [MESSAGE][INFO] - User set preference: ['acceptInsecureCerts', 'true']

2020-07-13 22:55:00 - [MESSAGE][INFO] - Action delay is set to 0 milliseconds

2020-07-13 22:55:04 - [MESSAGE][PASSED] - Browser is opened with url: 'https://qa.velocitypayment.com/agency/config.do?action=editor'

2020-07-13 22:55:04 - [TEST_STEP][PASSED] - maximizeWindow(): Current window maximized

2020-07-13 22:55:04 - [MESSAGE][PASSED] - Current window maximized

2020-07-13 22:55:04 - [TEST_STEP][PASSED] - selectOptionByValue(findTestObject("IWP30/Page_VRelay30Emulator/MV"), "3.0", true): All options with value '3.0' are selected in object 'Object Repository/IWP30/Page_VRelay30Emulator/MV'  using regular expression

2020-07-13 22:55:05 - [MESSAGE][PASSED] - All options with value '3.0' are selected in object 'Object Repository/IWP30/Page_VRelay30Emulator/MV'  using regular expression

2020-07-13 22:55:05 - [TEST_STEP][PASSED] - setText(findTestObject("IWP30/Page_VRelay30Emulator/Amount"), "10.50"): Text '10.50' is set on object 'Object Repository/IWP30/Page_VRelay30Emulator/Amount'

2020-07-13 22:55:06 - [MESSAGE][PASSED] - Text '10.50' is set on object 'Object Repository/IWP30/Page_VRelay30Emulator/Amount'

2020-07-13 22:55:06 - [TEST_STEP][PASSED] - setText(findTestObject("IWP30/Page_VRelay30Emulator/CAN"), "5465460"): Text '5465460' is set on object 'Object Repository/IWP30/Page_VRelay30Emulator/CAN'

2020-07-13 22:55:07 - [MESSAGE][PASSED] - Text '5465460' is set on object 'Object Repository/IWP30/Page_VRelay30Emulator/CAN'

2020-07-13 22:55:07 - [TEST_STEP][PASSED] - setText(findTestObject("IWP30/Page_VRelay30Emulator/Action"), "PayNow"): Text 'PayNow' is set on object 'Object Repository/IWP30/Page_VRelay30Emulator/Action'

2020-07-13 22:55:07 - [MESSAGE][PASSED] - Text 'PayNow' is set on object 'Object Repository/IWP30/Page_VRelay30Emulator/Action'

2020-07-13 22:55:07 - [TEST_STEP][PASSED] - setText(findTestObject("IWP30/Page_VRelay30Emulator/Lang"), "en_US"): Text 'en_US' is set on object 'Object Repository/IWP30/Page_VRelay30Emulator/Lang'

2020-07-13 22:55:08 - [MESSAGE][PASSED] - Text 'en_US' is set on object 'Object Repository/IWP30/Page_VRelay30Emulator/Lang'

2020-07-13 22:55:08 - [TEST_STEP][PASSED] - setText(findTestObject("IWP30/Page_VRelay30Emulator/Fname"), "Jonathan"): Text 'Jonathan' is set on object 'Object Repository/IWP30/Page_VRelay30Emulator/Fname'

2020-07-13 22:55:09 - [MESSAGE][PASSED] - Text 'Jonathan' is set on object 'Object Repository/IWP30/Page_VRelay30Emulator/Fname'

2020-07-13 22:55:09 - [TEST_STEP][PASSED] - setText(findTestObject("IWP30/Page_VRelay30Emulator/Lname"), "Lewis"): Text 'Lewis' is set on object 'Object Repository/IWP30/Page_VRelay30Emulator/Lname'

2020-07-13 22:55:09 - [MESSAGE][PASSED] - Text 'Lewis' is set on object 'Object Repository/IWP30/Page_VRelay30Emulator/Lname'

2020-07-13 22:55:09 - [TEST_STEP][PASSED] - setText(findTestObject("IWP30/Page_VRelay30Emulator/AL1"), "18 Manhattan road"): Text '18 Manhattan road' is set on object 'Object Repository/IWP30/Page_VRelay30Emulator/AL1'

2020-07-13 22:55:10 - [MESSAGE][PASSED] - Text '18 Manhattan road' is set on object 'Object Repository/IWP30/Page_VRelay30Emulator/AL1'

2020-07-13 22:55:10 - [TEST_STEP][PASSED] - setText(findTestObject("IWP30/Page_VRelay30Emulator/AL2"), "Room 1"): Text 'Room 1' is set on object 'Object Repository/IWP30/Page_VRelay30Emulator/AL2'

2020-07-13 22:55:10 - [MESSAGE][PASSED] - Text 'Room 1' is set on object 'Object Repository/IWP30/Page_VRelay30Emulator/AL2'

2020-07-13 22:55:10 - [TEST_STEP][PASSED] - setText(findTestObject("IWP30/Page_VRelay30Emulator/Country"), "840"): Text '840' is set on object 'Object Repository/IWP30/Page_VRelay30Emulator/Country'

2020-07-13 22:55:11 - [MESSAGE][PASSED] - Text '840' is set on object 'Object Repository/IWP30/Page_VRelay30Emulator/Country'

2020-07-13 22:55:11 - [TEST_STEP][PASSED] - setText(findTestObject("IWP30/Page_VRelay30Emulator/City"), "Arlingtom"): Text 'Arlingtom' is set on object 'Object Repository/IWP30/Page_VRelay30Emulator/City'

2020-07-13 22:55:12 - [MESSAGE][PASSED] - Text 'Arlingtom' is set on object 'Object Repository/IWP30/Page_VRelay30Emulator/City'

2020-07-13 22:55:12 - [TEST_STEP][PASSED] - setText(findTestObject("IWP30/Page_VRelay30Emulator/State"), "VA"): Text 'VA' is set on object 'Object Repository/IWP30/Page_VRelay30Emulator/State'

2020-07-13 22:55:12 - [MESSAGE][PASSED] - Text 'VA' is set on object 'Object Repository/IWP30/Page_VRelay30Emulator/State'

2020-07-13 22:55:12 - [TEST_STEP][PASSED] - setText(findTestObject("IWP30/Page_VRelay30Emulator/ZIP"), "22201"): Text '22201' is set on object 'Object Repository/IWP30/Page_VRelay30Emulator/ZIP'

2020-07-13 22:55:13 - [MESSAGE][PASSED] - Text '22201' is set on object 'Object Repository/IWP30/Page_VRelay30Emulator/ZIP'

2020-07-13 22:55:13 - [TEST_STEP][PASSED] - setText(findTestObject("IWP30/Page_VRelay30Emulator/Order"), ""): Text '' is set on object 'Object Repository/IWP30/Page_VRelay30Emulator/Order'

2020-07-13 22:55:14 - [MESSAGE][PASSED] - Text '' is set on object 'Object Repository/IWP30/Page_VRelay30Emulator/Order'

2020-07-13 22:55:14 - [TEST_STEP][PASSED] - setText(findTestObject("IWP30/Page_VRelay30Emulator/Company"), ""): Text '' is set on object 'Object Repository/IWP30/Page_VRelay30Emulator/Company'

2020-07-13 22:55:14 - [MESSAGE][PASSED] - Text '' is set on object 'Object Repository/IWP30/Page_VRelay30Emulator/Company'

2020-07-13 22:55:14 - [TEST_STEP][PASSED] - setText(findTestObject("IWP30/Page_VRelay30Emulator/Email"), ""): Text '' is set on object 'Object Repository/IWP30/Page_VRelay30Emulator/Email'

2020-07-13 22:55:15 - [MESSAGE][PASSED] - Text '' is set on object 'Object Repository/IWP30/Page_VRelay30Emulator/Email'

2020-07-13 22:55:15 - [TEST_STEP][PASSED] - setText(findTestObject("IWP30/Page_VRelay30Emulator/UDF1"), ""): Text '' is set on object 'Object Repository/IWP30/Page_VRelay30Emulator/UDF1'

2020-07-13 22:55:16 - [MESSAGE][PASSED] - Text '' is set on object 'Object Repository/IWP30/Page_VRelay30Emulator/UDF1'

2020-07-13 22:55:16 - [TEST_STEP][PASSED] - setText(findTestObject("IWP30/Page_VRelay30Emulator/UDF2"), ""): Text '' is set on object 'Object Repository/IWP30/Page_VRelay30Emulator/UDF2'

2020-07-13 22:55:16 - [MESSAGE][PASSED] - Text '' is set on object 'Object Repository/IWP30/Page_VRelay30Emulator/UDF2'

2020-07-13 22:55:16 - [TEST_STEP][PASSED] - setText(findTestObject("IWP30/Page_VRelay30Emulator/UDF3"), ""): Text '' is set on object 'Object Repository/IWP30/Page_VRelay30Emulator/UDF3'

2020-07-13 22:55:17 - [MESSAGE][PASSED] - Text '' is set on object 'Object Repository/IWP30/Page_VRelay30Emulator/UDF3'

2020-07-13 22:55:17 - [TEST_STEP][PASSED] - setText(findTestObject("IWP30/Page_VRelay30Emulator/UDF4"), "data 4"): Text 'data 4' is set on object 'Object Repository/IWP30/Page_VRelay30Emulator/UDF4'

2020-07-13 22:55:18 - [MESSAGE][PASSED] - Text 'data 4' is set on object 'Object Repository/IWP30/Page_VRelay30Emulator/UDF4'

2020-07-13 22:55:18 - [TEST_STEP][PASSED] - setText(findTestObject("IWP30/Page_VRelay30Emulator/UDF5"), "data 5"): Text 'data 5' is set on object 'Object Repository/IWP30/Page_VRelay30Emulator/UDF5'

2020-07-13 22:55:18 - [MESSAGE][PASSED] - Text 'data 5' is set on object 'Object Repository/IWP30/Page_VRelay30Emulator/UDF5'

2020-07-13 22:55:18 - [TEST_STEP][PASSED] - setText(findTestObject("IWP30/Page_VRelay30Emulator/UDF6"), ""): Text '' is set on object 'Object Repository/IWP30/Page_VRelay30Emulator/UDF6'

2020-07-13 22:55:19 - [MESSAGE][PASSED] - Text '' is set on object 'Object Repository/IWP30/Page_VRelay30Emulator/UDF6'

2020-07-13 22:55:19 - [TEST_STEP][PASSED] - setText(findTestObject("IWP30/Page_VRelay30Emulator/UDF7"), ""): Text '' is set on object 'Object Repository/IWP30/Page_VRelay30Emulator/UDF7'

2020-07-13 22:55:20 - [MESSAGE][PASSED] - Text '' is set on object 'Object Repository/IWP30/Page_VRelay30Emulator/UDF7'

2020-07-13 22:55:20 - [TEST_STEP][PASSED] - setText(findTestObject("IWP30/Page_VRelay30Emulator/UDF8"), ""): Text '' is set on object 'Object Repository/IWP30/Page_VRelay30Emulator/UDF8'

2020-07-13 22:55:20 - [MESSAGE][PASSED] - Text '' is set on object 'Object Repository/IWP30/Page_VRelay30Emulator/UDF8'

2020-07-13 22:55:20 - [TEST_STEP][PASSED] - setText(findTestObject("IWP30/Page_VRelay30Emulator/UDF9"), "data 9"): Text 'data 9' is set on object 'Object Repository/IWP30/Page_VRelay30Emulator/UDF9'

2020-07-13 22:55:21 - [MESSAGE][PASSED] - Text 'data 9' is set on object 'Object Repository/IWP30/Page_VRelay30Emulator/UDF9'

2020-07-13 22:55:21 - [TEST_STEP][PASSED] - setText(findTestObject("IWP30/Page_VRelay30Emulator/UDF10"), "data 10"): Text 'data 10' is set on object 'Object Repository/IWP30/Page_VRelay30Emulator/UDF10'

2020-07-13 22:55:22 - [MESSAGE][PASSED] - Text 'data 10' is set on object 'Object Repository/IWP30/Page_VRelay30Emulator/UDF10'

2020-07-13 22:55:22 - [TEST_STEP][PASSED] - Thread.sleep(2000): null

2020-07-13 22:55:24 - [TEST_STEP][PASSED] - click(findTestObject("IWP30/Page_VRelay30Emulator/Submit")): Object: 'Object Repository/IWP30/Page_VRelay30Emulator/Submit' is clicked on

2020-07-13 22:55:24 - [MESSAGE][PASSED] - Object: 'Object Repository/IWP30/Page_VRelay30Emulator/Submit' is clicked on

2020-07-13 22:55:24 - [TEST_STEP][PASSED] - Thread.sleep(5000): null

2020-07-13 22:55:29 - [TEST_STEP][PASSED] - closeBrowser(): Browser is closed

2020-07-13 22:55:30 - [MESSAGE][PASSED] - Browser is closed

2020-07-13 22:55:30 - [TEST_STEP][PASSED] - openBrowser("https://dev-algorithm.govolution.com/vrelaytest/QA/version_2_2/vrelaytest.html"): Browser is opened with url: 'https://dev-algorithm.govolution.com/vrelaytest/QA/version_2_2/vrelaytest.html'

2020-07-13 22:55:30 - [MESSAGE][INFO] - Starting 'Chrome' driver

2020-07-13 22:55:30 - [MESSAGE][INFO] - User set preference: ['acceptInsecureCerts', 'true']

2020-07-13 22:55:30 - [MESSAGE][INFO] - Action delay is set to 0 milliseconds

2020-07-13 22:55:34 - [MESSAGE][PASSED] - Browser is opened with url: 'https://dev-algorithm.govolution.com/vrelaytest/QA/version_2_2/vrelaytest.html'

2020-07-13 22:55:34 - [TEST_STEP][PASSED] - maximizeWindow(): Current window maximized

2020-07-13 22:55:35 - [MESSAGE][PASSED] - Current window maximized

2020-07-13 22:55:35 - [TEST_STEP][PASSED] - genRemIDVoid = RandomStringUtils.random(12, true, true): null

2020-07-13 22:55:35 - [TEST_STEP][PASSED] - if (verifyElementPresent(findTestObject("Object Repository/IWP30/Page_QATestHarness/RemittanceID"), 30)): null

2020-07-13 22:55:35 - [MESSAGE][PASSED] - Object 'Object Repository/IWP30/Page_QATestHarness/RemittanceID' is present

2020-07-13 22:55:35 - [TEST_STEP][PASSED] - println("We are on Test Harness page, start populating"): null

2020-07-13 22:55:35 - [TEST_STEP][PASSED] - setText(findTestObject("Object Repository/IWP30/Page_QATestHarness/ApplicationID"), "649"): Text '649' is set on object 'Object Repository/IWP30/Page_QATestHarness/ApplicationID'

2020-07-13 22:55:36 - [MESSAGE][PASSED] - Text '649' is set on object 'Object Repository/IWP30/Page_QATestHarness/ApplicationID'

2020-07-13 22:55:36 - [TEST_STEP][PASSED] - setText(findTestObject("Object Repository/IWP30/Page_QATestHarness/MessageVersion"), "3.0"): Text '3.0' is set on object 'Object Repository/IWP30/Page_QATestHarness/MessageVersion'

2020-07-13 22:55:36 - [MESSAGE][PASSED] - Text '3.0' is set on object 'Object Repository/IWP30/Page_QATestHarness/MessageVersion'

2020-07-13 22:55:36 - [TEST_STEP][PASSED] - setText(findTestObject("Object Repository/IWP30/Page_QATestHarness/RemittanceID"), genRemIDVoid): Text 'kIK9wPefxRBi' is set on object 'Object Repository/IWP30/Page_QATestHarness/RemittanceID'

2020-07-13 22:55:37 - [MESSAGE][PASSED] - Text 'kIK9wPefxRBi' is set on object 'Object Repository/IWP30/Page_QATestHarness/RemittanceID'

2020-07-13 22:55:37 - [TEST_STEP][PASSED] - click(findTestObject("Object Repository/IWP30/Page_QATestHarness/SubmitButton")): Object: 'Object Repository/IWP30/Page_QATestHarness/SubmitButton' is clicked on

2020-07-13 22:55:38 - [MESSAGE][PASSED] - Object: 'Object Repository/IWP30/Page_QATestHarness/SubmitButton' is clicked on

2020-07-13 22:55:38 - [TEST_STEP][PASSED] - if (verifyElementPresent(findTestObject("Object Repository/IWP30/Page_SelectPaymentMethod/PayByCreditCard"), 30)): null

2020-07-13 22:55:39 - [MESSAGE][PASSED] - Object 'Object Repository/IWP30/Page_SelectPaymentMethod/PayByCreditCard' is present

2020-07-13 22:55:39 - [TEST_STEP][PASSED] - println("We are on Select Payment Method page, start populating"): null

2020-07-13 22:55:39 - [TEST_STEP][PASSED] - check(findTestObject("Object Repository/IWP30/Page_SelectPaymentMethod/PayByCreditCard")): Object 'Object Repository/IWP30/Page_SelectPaymentMethod/PayByCreditCard' is checked

2020-07-13 22:55:39 - [MESSAGE][PASSED] - Object 'Object Repository/IWP30/Page_SelectPaymentMethod/PayByCreditCard' is checked

2020-07-13 22:55:39 - [TEST_STEP][PASSED] - Thread.sleep(1000): null

2020-07-13 22:55:40 - [TEST_STEP][PASSED] - click(findTestObject("Object Repository/IWP30/Page_SelectPaymentMethod/MakePaymentButton")): Object: 'Object Repository/IWP30/Page_SelectPaymentMethod/MakePaymentButton' is clicked on

2020-07-13 22:55:41 - [MESSAGE][PASSED] - Object: 'Object Repository/IWP30/Page_SelectPaymentMethod/MakePaymentButton' is clicked on

2020-07-13 22:55:41 - [TEST_STEP][PASSED] - if (verifyElementPresent(findTestObject("Object Repository/IWP30/Page_CCPaymentEntry/Name"), 30)): null

2020-07-13 22:55:42 - [MESSAGE][PASSED] - Object 'Object Repository/IWP30/Page_CCPaymentEntry/Name' is present

2020-07-13 22:55:42 - [TEST_STEP][PASSED] - println("We are on Credit Card Payment Entry page, start populating"): null

2020-07-13 22:55:42 - [TEST_STEP][PASSED] - if (verifyElementPresent(findTestObject("Object Repository/IWP30/Page_CCPaymentEntry/Amount"), 30)): null

2020-07-13 22:55:42 - [MESSAGE][PASSED] - Object 'Object Repository/IWP30/Page_CCPaymentEntry/Amount' is present

2020-07-13 22:55:42 - [TEST_STEP][PASSED] - setText(findTestObject("Object Repository/IWP30/Page_CCPaymentEntry/Amount"), "200.50"): Text '200.50' is set on object 'Object Repository/IWP30/Page_CCPaymentEntry/Amount'

2020-07-13 22:55:43 - [MESSAGE][PASSED] - Text '200.50' is set on object 'Object Repository/IWP30/Page_CCPaymentEntry/Amount'

2020-07-13 22:55:43 - [TEST_STEP][PASSED] - if (verifyElementPresent(findTestObject("Object Repository/IWP30/Page_CCPaymentEntry/UserDefined2"), 30)): null

2020-07-13 22:55:43 - [MESSAGE][PASSED] - Object 'Object Repository/IWP30/Page_CCPaymentEntry/UserDefined2' is present

2020-07-13 22:55:43 - [TEST_STEP][PASSED] - setText(findTestObject("Object Repository/IWP30/Page_CCPaymentEntry/UserDefined2"), ""): Text '' is set on object 'Object Repository/IWP30/Page_CCPaymentEntry/UserDefined2'

2020-07-13 22:55:43 - [MESSAGE][PASSED] - Text '' is set on object 'Object Repository/IWP30/Page_CCPaymentEntry/UserDefined2'

2020-07-13 22:55:43 - [TEST_STEP][PASSED] - if (verifyElementPresent(findTestObject("Object Repository/IWP30/Page_CCPaymentEntry/UserDefined3"), 30)): null

2020-07-13 22:55:44 - [MESSAGE][PASSED] - Object 'Object Repository/IWP30/Page_CCPaymentEntry/UserDefined3' is present

2020-07-13 22:55:44 - [TEST_STEP][PASSED] - setText(findTestObject("Object Repository/IWP30/Page_CCPaymentEntry/UserDefined3"), "data 3"): Text 'data 3' is set on object 'Object Repository/IWP30/Page_CCPaymentEntry/UserDefined3'

2020-07-13 22:55:44 - [MESSAGE][PASSED] - Text 'data 3' is set on object 'Object Repository/IWP30/Page_CCPaymentEntry/UserDefined3'

2020-07-13 22:55:44 - [TEST_STEP][PASSED] - if (verifyElementPresent(findTestObject("Object Repository/IWP30/Page_CCPaymentEntry/UserDefined7"), 30)): null

2020-07-13 22:55:45 - [MESSAGE][PASSED] - Object 'Object Repository/IWP30/Page_CCPaymentEntry/UserDefined7' is present

2020-07-13 22:55:45 - [TEST_STEP][PASSED] - selectOptionByLabel(findTestObject("Object Repository/IWP30/Page_CCPaymentEntry/UserDefined7"), "Orange", false): All options with label 'Orange' are selected in object 'Object Repository/IWP30/Page_CCPaymentEntry/UserDefined7' 

2020-07-13 22:55:45 - [MESSAGE][PASSED] - All options with label 'Orange' are selected in object 'Object Repository/IWP30/Page_CCPaymentEntry/UserDefined7' 

2020-07-13 22:55:45 - [TEST_STEP][PASSED] - if (verifyElementPresent(findTestObject("Object Repository/IWP30/Page_CCPaymentEntry/UserDefined8"), 30)): null

2020-07-13 22:55:46 - [MESSAGE][PASSED] - Object 'Object Repository/IWP30/Page_CCPaymentEntry/UserDefined8' is present

2020-07-13 22:55:46 - [TEST_STEP][PASSED] - selectOptionByLabel(findTestObject("Object Repository/IWP30/Page_CCPaymentEntry/UserDefined8"), "Tennis", false): All options with label 'Tennis' are selected in object 'Object Repository/IWP30/Page_CCPaymentEntry/UserDefined8' 

2020-07-13 22:55:46 - [MESSAGE][PASSED] - All options with label 'Tennis' are selected in object 'Object Repository/IWP30/Page_CCPaymentEntry/UserDefined8' 

2020-07-13 22:55:46 - [TEST_STEP][PASSED] - if (verifyElementPresent(findTestObject("Object Repository/IWP30/Page_CCPaymentEntry/Name"), 30)): null

2020-07-13 22:55:47 - [MESSAGE][PASSED] - Object 'Object Repository/IWP30/Page_CCPaymentEntry/Name' is present

2020-07-13 22:55:47 - [TEST_STEP][PASSED] - setText(findTestObject("Object Repository/IWP30/Page_CCPaymentEntry/Name"), "Jonathan Lewis"): Text 'Jonathan Lewis' is set on object 'Object Repository/IWP30/Page_CCPaymentEntry/Name'

2020-07-13 22:55:47 - [MESSAGE][PASSED] - Text 'Jonathan Lewis' is set on object 'Object Repository/IWP30/Page_CCPaymentEntry/Name'

2020-07-13 22:55:47 - [TEST_STEP][PASSED] - if (verifyElementPresent(findTestObject("Object Repository/IWP30/Page_CCPaymentEntry/CardNumber"), 30)): null

2020-07-13 22:55:48 - [MESSAGE][PASSED] - Object 'Object Repository/IWP30/Page_CCPaymentEntry/CardNumber' is present

2020-07-13 22:55:48 - [TEST_STEP][PASSED] - setText(findTestObject("Object Repository/IWP30/Page_CCPaymentEntry/CardNumber"), "4111111111111111"): Text '4111111111111111' is set on object 'Object Repository/IWP30/Page_CCPaymentEntry/CardNumber'

2020-07-13 22:55:48 - [MESSAGE][PASSED] - Text '4111111111111111' is set on object 'Object Repository/IWP30/Page_CCPaymentEntry/CardNumber'

2020-07-13 22:55:48 - [TEST_STEP][PASSED] - if (verifyElementPresent(findTestObject("Object Repository/IWP30/Page_CCPaymentEntry/SPC"), 30)): null

2020-07-13 22:55:49 - [MESSAGE][PASSED] - Object 'Object Repository/IWP30/Page_CCPaymentEntry/SPC' is present

2020-07-13 22:55:49 - [TEST_STEP][PASSED] - setText(findTestObject("Object Repository/IWP30/Page_CCPaymentEntry/SPC"), "147"): Text '147' is set on object 'Object Repository/IWP30/Page_CCPaymentEntry/SPC'

2020-07-13 22:55:49 - [MESSAGE][PASSED] - Text '147' is set on object 'Object Repository/IWP30/Page_CCPaymentEntry/SPC'

2020-07-13 22:55:49 - [TEST_STEP][PASSED] - if (verifyElementPresent(findTestObject("Object Repository/IWP30/Page_CCPaymentEntry/Month"), 30)): null

2020-07-13 22:55:50 - [MESSAGE][PASSED] - Object 'Object Repository/IWP30/Page_CCPaymentEntry/Month' is present

2020-07-13 22:55:50 - [TEST_STEP][PASSED] - selectOptionByLabel(findTestObject("Object Repository/IWP30/Page_CCPaymentEntry/Month"), "07", false): All options with label '07' are selected in object 'Object Repository/IWP30/Page_CCPaymentEntry/Month' 

2020-07-13 22:55:50 - [MESSAGE][PASSED] - All options with label '07' are selected in object 'Object Repository/IWP30/Page_CCPaymentEntry/Month' 

2020-07-13 22:55:50 - [TEST_STEP][PASSED] - if (verifyElementPresent(findTestObject("Object Repository/IWP30/Page_CCPaymentEntry/Year"), 30)): null

2020-07-13 22:55:51 - [MESSAGE][PASSED] - Object 'Object Repository/IWP30/Page_CCPaymentEntry/Year' is present

2020-07-13 22:55:51 - [TEST_STEP][PASSED] - selectOptionByLabel(findTestObject("Object Repository/IWP30/Page_CCPaymentEntry/Year"), "2025", false): All options with label '2025' are selected in object 'Object Repository/IWP30/Page_CCPaymentEntry/Year' 

2020-07-13 22:55:51 - [MESSAGE][PASSED] - All options with label '2025' are selected in object 'Object Repository/IWP30/Page_CCPaymentEntry/Year' 

2020-07-13 22:55:51 - [TEST_STEP][PASSED] - if (verifyElementPresent(findTestObject("Object Repository/IWP30/Page_CCPaymentEntry/AL1"), 30)): null

2020-07-13 22:55:52 - [MESSAGE][PASSED] - Object 'Object Repository/IWP30/Page_CCPaymentEntry/AL1' is present

2020-07-13 22:55:52 - [TEST_STEP][PASSED] - setText(findTestObject("Object Repository/IWP30/Page_CCPaymentEntry/AL1"), "18 Manhattan road"): Text '18 Manhattan road' is set on object 'Object Repository/IWP30/Page_CCPaymentEntry/AL1'

2020-07-13 22:55:52 - [MESSAGE][PASSED] - Text '18 Manhattan road' is set on object 'Object Repository/IWP30/Page_CCPaymentEntry/AL1'

2020-07-13 22:55:52 - [TEST_STEP][PASSED] - if (verifyElementPresent(findTestObject("Object Repository/IWP30/Page_CCPaymentEntry/AL2"), 30)): null

2020-07-13 22:55:53 - [MESSAGE][PASSED] - Object 'Object Repository/IWP30/Page_CCPaymentEntry/AL2' is present

2020-07-13 22:55:53 - [TEST_STEP][PASSED] - setText(findTestObject("Object Repository/IWP30/Page_CCPaymentEntry/AL2"), "Room 1"): Text 'Room 1' is set on object 'Object Repository/IWP30/Page_CCPaymentEntry/AL2'

2020-07-13 22:55:53 - [MESSAGE][PASSED] - Text 'Room 1' is set on object 'Object Repository/IWP30/Page_CCPaymentEntry/AL2'

2020-07-13 22:55:53 - [TEST_STEP][PASSED] - if (verifyElementPresent(findTestObject("Object Repository/IWP30/Page_CCPaymentEntry/ZIP"), 30)): null

2020-07-13 22:55:54 - [MESSAGE][PASSED] - Object 'Object Repository/IWP30/Page_CCPaymentEntry/ZIP' is present

2020-07-13 22:55:54 - [TEST_STEP][PASSED] - setText(findTestObject("Object Repository/IWP30/Page_CCPaymentEntry/ZIP"), "22201"): Text '22201' is set on object 'Object Repository/IWP30/Page_CCPaymentEntry/ZIP'

2020-07-13 22:55:55 - [MESSAGE][PASSED] - Text '22201' is set on object 'Object Repository/IWP30/Page_CCPaymentEntry/ZIP'

2020-07-13 22:55:55 - [TEST_STEP][PASSED] - if (verifyElementPresent(findTestObject("Object Repository/IWP30/Page_CCPaymentEntry/EmailAddress"), 30)): null

2020-07-13 22:55:55 - [MESSAGE][PASSED] - Object 'Object Repository/IWP30/Page_CCPaymentEntry/EmailAddress' is present

2020-07-13 22:55:55 - [TEST_STEP][PASSED] - setText(findTestObject("Object Repository/IWP30/Page_CCPaymentEntry/EmailAddress"), "Myemail@email.com"): Text 'Myemail@email.com' is set on object 'Object Repository/IWP30/Page_CCPaymentEntry/EmailAddress'

2020-07-13 22:55:56 - [MESSAGE][PASSED] - Text 'Myemail@email.com' is set on object 'Object Repository/IWP30/Page_CCPaymentEntry/EmailAddress'

2020-07-13 22:55:56 - [TEST_STEP][PASSED] - if (verifyElementPresent(findTestObject("Object Repository/IWP30/Page_CCPaymentEntry/TermCondCheckBox"), 30)): null

2020-07-13 22:55:56 - [MESSAGE][PASSED] - Object 'Object Repository/IWP30/Page_CCPaymentEntry/TermCondCheckBox' is present

2020-07-13 22:55:56 - [TEST_STEP][PASSED] - check(findTestObject("Object Repository/IWP30/Page_CCPaymentEntry/TermCondCheckBox")): Object 'Object Repository/IWP30/Page_CCPaymentEntry/TermCondCheckBox' is checked

2020-07-13 22:55:57 - [MESSAGE][PASSED] - Object 'Object Repository/IWP30/Page_CCPaymentEntry/TermCondCheckBox' is checked

2020-07-13 22:55:57 - [TEST_STEP][PASSED] - if (verifyElementPresent(findTestObject("Object Repository/IWP30/Page_CCPaymentEntry/ContinueButton"), 30)): null

2020-07-13 22:55:57 - [MESSAGE][PASSED] - Object 'Object Repository/IWP30/Page_CCPaymentEntry/ContinueButton' is present

2020-07-13 22:55:57 - [TEST_STEP][PASSED] - click(findTestObject("Object Repository/IWP30/Page_CCPaymentEntry/ContinueButton")): Object: 'Object Repository/IWP30/Page_CCPaymentEntry/ContinueButton' is clicked on

2020-07-13 22:55:58 - [MESSAGE][PASSED] - Object: 'Object Repository/IWP30/Page_CCPaymentEntry/ContinueButton' is clicked on

2020-07-13 22:55:58 - [TEST_STEP][PASSED] - verifyTextPresent("Amount is greater than maximum", false): Text 'Amount is greater than maximum' is present on page 

2020-07-13 22:55:59 - [MESSAGE][PASSED] - Text 'Amount is greater than maximum' is present on page 

2020-07-13 22:55:59 - [TEST_STEP][PASSED] - closeBrowser(): Browser is closed

2020-07-13 22:55:59 - [MESSAGE][PASSED] - Browser is closed]]></system-out>
         <system-err><![CDATA[]]></system-err>
      </testcase>
      <testcase name="Test Cases/IntegratedWeb/IWP30/MissingReqFieldsCC" time="50.983" classname="Test Cases/IntegratedWeb/IWP30/MissingReqFieldsCC" status="PASSED">
         <system-out><![CDATA[2020-07-13 22:55:59 - [TEST_CASE][PASSED] - Test Cases/IntegratedWeb/IWP30/MissingReqFieldsCC: Test Cases/IntegratedWeb/IWP30/MissingReqFieldsCC

2020-07-13 22:56:00 - [TEST_STEP][PASSED] - openBrowser("https://qa.velocitypayment.com/agency/config.do?action=editor"): Browser is opened with url: 'https://qa.velocitypayment.com/agency/config.do?action=editor'

2020-07-13 22:56:00 - [MESSAGE][INFO] - Starting 'Chrome' driver

2020-07-13 22:56:00 - [MESSAGE][INFO] - User set preference: ['acceptInsecureCerts', 'true']

2020-07-13 22:56:00 - [MESSAGE][INFO] - Action delay is set to 0 milliseconds

2020-07-13 22:56:03 - [MESSAGE][PASSED] - Browser is opened with url: 'https://qa.velocitypayment.com/agency/config.do?action=editor'

2020-07-13 22:56:03 - [TEST_STEP][PASSED] - maximizeWindow(): Current window maximized

2020-07-13 22:56:03 - [MESSAGE][PASSED] - Current window maximized

2020-07-13 22:56:03 - [TEST_STEP][PASSED] - selectOptionByValue(findTestObject("IWP30/Page_VRelay30Emulator/MV"), "3.0", true): All options with value '3.0' are selected in object 'Object Repository/IWP30/Page_VRelay30Emulator/MV'  using regular expression

2020-07-13 22:56:05 - [MESSAGE][PASSED] - All options with value '3.0' are selected in object 'Object Repository/IWP30/Page_VRelay30Emulator/MV'  using regular expression

2020-07-13 22:56:05 - [TEST_STEP][PASSED] - setText(findTestObject("IWP30/Page_VRelay30Emulator/Amount"), "10.50"): Text '10.50' is set on object 'Object Repository/IWP30/Page_VRelay30Emulator/Amount'

2020-07-13 22:56:05 - [MESSAGE][PASSED] - Text '10.50' is set on object 'Object Repository/IWP30/Page_VRelay30Emulator/Amount'

2020-07-13 22:56:05 - [TEST_STEP][PASSED] - setText(findTestObject("IWP30/Page_VRelay30Emulator/CAN"), "5465460"): Text '5465460' is set on object 'Object Repository/IWP30/Page_VRelay30Emulator/CAN'

2020-07-13 22:56:06 - [MESSAGE][PASSED] - Text '5465460' is set on object 'Object Repository/IWP30/Page_VRelay30Emulator/CAN'

2020-07-13 22:56:06 - [TEST_STEP][PASSED] - setText(findTestObject("IWP30/Page_VRelay30Emulator/Action"), "PayNow"): Text 'PayNow' is set on object 'Object Repository/IWP30/Page_VRelay30Emulator/Action'

2020-07-13 22:56:07 - [MESSAGE][PASSED] - Text 'PayNow' is set on object 'Object Repository/IWP30/Page_VRelay30Emulator/Action'

2020-07-13 22:56:07 - [TEST_STEP][PASSED] - setText(findTestObject("IWP30/Page_VRelay30Emulator/Lang"), ""): Text '' is set on object 'Object Repository/IWP30/Page_VRelay30Emulator/Lang'

2020-07-13 22:56:07 - [MESSAGE][PASSED] - Text '' is set on object 'Object Repository/IWP30/Page_VRelay30Emulator/Lang'

2020-07-13 22:56:07 - [TEST_STEP][PASSED] - setText(findTestObject("IWP30/Page_VRelay30Emulator/Fname"), ""): Text '' is set on object 'Object Repository/IWP30/Page_VRelay30Emulator/Fname'

2020-07-13 22:56:08 - [MESSAGE][PASSED] - Text '' is set on object 'Object Repository/IWP30/Page_VRelay30Emulator/Fname'

2020-07-13 22:56:08 - [TEST_STEP][PASSED] - setText(findTestObject("IWP30/Page_VRelay30Emulator/Lname"), ""): Text '' is set on object 'Object Repository/IWP30/Page_VRelay30Emulator/Lname'

2020-07-13 22:56:08 - [MESSAGE][PASSED] - Text '' is set on object 'Object Repository/IWP30/Page_VRelay30Emulator/Lname'

2020-07-13 22:56:08 - [TEST_STEP][PASSED] - setText(findTestObject("IWP30/Page_VRelay30Emulator/AL1"), ""): Text '' is set on object 'Object Repository/IWP30/Page_VRelay30Emulator/AL1'

2020-07-13 22:56:09 - [MESSAGE][PASSED] - Text '' is set on object 'Object Repository/IWP30/Page_VRelay30Emulator/AL1'

2020-07-13 22:56:09 - [TEST_STEP][PASSED] - setText(findTestObject("IWP30/Page_VRelay30Emulator/AL2"), ""): Text '' is set on object 'Object Repository/IWP30/Page_VRelay30Emulator/AL2'

2020-07-13 22:56:10 - [MESSAGE][PASSED] - Text '' is set on object 'Object Repository/IWP30/Page_VRelay30Emulator/AL2'

2020-07-13 22:56:10 - [TEST_STEP][PASSED] - setText(findTestObject("IWP30/Page_VRelay30Emulator/Country"), ""): Text '' is set on object 'Object Repository/IWP30/Page_VRelay30Emulator/Country'

2020-07-13 22:56:10 - [MESSAGE][PASSED] - Text '' is set on object 'Object Repository/IWP30/Page_VRelay30Emulator/Country'

2020-07-13 22:56:10 - [TEST_STEP][PASSED] - setText(findTestObject("IWP30/Page_VRelay30Emulator/City"), ""): Text '' is set on object 'Object Repository/IWP30/Page_VRelay30Emulator/City'

2020-07-13 22:56:11 - [MESSAGE][PASSED] - Text '' is set on object 'Object Repository/IWP30/Page_VRelay30Emulator/City'

2020-07-13 22:56:11 - [TEST_STEP][PASSED] - setText(findTestObject("IWP30/Page_VRelay30Emulator/State"), ""): Text '' is set on object 'Object Repository/IWP30/Page_VRelay30Emulator/State'

2020-07-13 22:56:11 - [MESSAGE][PASSED] - Text '' is set on object 'Object Repository/IWP30/Page_VRelay30Emulator/State'

2020-07-13 22:56:11 - [TEST_STEP][PASSED] - setText(findTestObject("IWP30/Page_VRelay30Emulator/ZIP"), ""): Text '' is set on object 'Object Repository/IWP30/Page_VRelay30Emulator/ZIP'

2020-07-13 22:56:12 - [MESSAGE][PASSED] - Text '' is set on object 'Object Repository/IWP30/Page_VRelay30Emulator/ZIP'

2020-07-13 22:56:12 - [TEST_STEP][PASSED] - setText(findTestObject("IWP30/Page_VRelay30Emulator/Order"), ""): Text '' is set on object 'Object Repository/IWP30/Page_VRelay30Emulator/Order'

2020-07-13 22:56:13 - [MESSAGE][PASSED] - Text '' is set on object 'Object Repository/IWP30/Page_VRelay30Emulator/Order'

2020-07-13 22:56:13 - [TEST_STEP][PASSED] - setText(findTestObject("IWP30/Page_VRelay30Emulator/Company"), ""): Text '' is set on object 'Object Repository/IWP30/Page_VRelay30Emulator/Company'

2020-07-13 22:56:13 - [MESSAGE][PASSED] - Text '' is set on object 'Object Repository/IWP30/Page_VRelay30Emulator/Company'

2020-07-13 22:56:13 - [TEST_STEP][PASSED] - setText(findTestObject("IWP30/Page_VRelay30Emulator/Email"), ""): Text '' is set on object 'Object Repository/IWP30/Page_VRelay30Emulator/Email'

2020-07-13 22:56:14 - [MESSAGE][PASSED] - Text '' is set on object 'Object Repository/IWP30/Page_VRelay30Emulator/Email'

2020-07-13 22:56:14 - [TEST_STEP][PASSED] - setText(findTestObject("IWP30/Page_VRelay30Emulator/UDF1"), ""): Text '' is set on object 'Object Repository/IWP30/Page_VRelay30Emulator/UDF1'

2020-07-13 22:56:15 - [MESSAGE][PASSED] - Text '' is set on object 'Object Repository/IWP30/Page_VRelay30Emulator/UDF1'

2020-07-13 22:56:15 - [TEST_STEP][PASSED] - setText(findTestObject("IWP30/Page_VRelay30Emulator/UDF2"), ""): Text '' is set on object 'Object Repository/IWP30/Page_VRelay30Emulator/UDF2'

2020-07-13 22:56:15 - [MESSAGE][PASSED] - Text '' is set on object 'Object Repository/IWP30/Page_VRelay30Emulator/UDF2'

2020-07-13 22:56:15 - [TEST_STEP][PASSED] - setText(findTestObject("IWP30/Page_VRelay30Emulator/UDF3"), ""): Text '' is set on object 'Object Repository/IWP30/Page_VRelay30Emulator/UDF3'

2020-07-13 22:56:16 - [MESSAGE][PASSED] - Text '' is set on object 'Object Repository/IWP30/Page_VRelay30Emulator/UDF3'

2020-07-13 22:56:16 - [TEST_STEP][PASSED] - setText(findTestObject("IWP30/Page_VRelay30Emulator/UDF4"), "data 4"): Text 'data 4' is set on object 'Object Repository/IWP30/Page_VRelay30Emulator/UDF4'

2020-07-13 22:56:17 - [MESSAGE][PASSED] - Text 'data 4' is set on object 'Object Repository/IWP30/Page_VRelay30Emulator/UDF4'

2020-07-13 22:56:17 - [TEST_STEP][PASSED] - setText(findTestObject("IWP30/Page_VRelay30Emulator/UDF5"), "data 5"): Text 'data 5' is set on object 'Object Repository/IWP30/Page_VRelay30Emulator/UDF5'

2020-07-13 22:56:18 - [MESSAGE][PASSED] - Text 'data 5' is set on object 'Object Repository/IWP30/Page_VRelay30Emulator/UDF5'

2020-07-13 22:56:18 - [TEST_STEP][PASSED] - setText(findTestObject("IWP30/Page_VRelay30Emulator/UDF6"), ""): Text '' is set on object 'Object Repository/IWP30/Page_VRelay30Emulator/UDF6'

2020-07-13 22:56:18 - [MESSAGE][PASSED] - Text '' is set on object 'Object Repository/IWP30/Page_VRelay30Emulator/UDF6'

2020-07-13 22:56:18 - [TEST_STEP][PASSED] - setText(findTestObject("IWP30/Page_VRelay30Emulator/UDF7"), ""): Text '' is set on object 'Object Repository/IWP30/Page_VRelay30Emulator/UDF7'

2020-07-13 22:56:19 - [MESSAGE][PASSED] - Text '' is set on object 'Object Repository/IWP30/Page_VRelay30Emulator/UDF7'

2020-07-13 22:56:19 - [TEST_STEP][PASSED] - setText(findTestObject("IWP30/Page_VRelay30Emulator/UDF8"), ""): Text '' is set on object 'Object Repository/IWP30/Page_VRelay30Emulator/UDF8'

2020-07-13 22:56:20 - [MESSAGE][PASSED] - Text '' is set on object 'Object Repository/IWP30/Page_VRelay30Emulator/UDF8'

2020-07-13 22:56:20 - [TEST_STEP][PASSED] - setText(findTestObject("IWP30/Page_VRelay30Emulator/UDF9"), "data 9"): Text 'data 9' is set on object 'Object Repository/IWP30/Page_VRelay30Emulator/UDF9'

2020-07-13 22:56:20 - [MESSAGE][PASSED] - Text 'data 9' is set on object 'Object Repository/IWP30/Page_VRelay30Emulator/UDF9'

2020-07-13 22:56:20 - [TEST_STEP][PASSED] - setText(findTestObject("IWP30/Page_VRelay30Emulator/UDF10"), "data 10"): Text 'data 10' is set on object 'Object Repository/IWP30/Page_VRelay30Emulator/UDF10'

2020-07-13 22:56:21 - [MESSAGE][PASSED] - Text 'data 10' is set on object 'Object Repository/IWP30/Page_VRelay30Emulator/UDF10'

2020-07-13 22:56:21 - [TEST_STEP][PASSED] - Thread.sleep(5000): null

2020-07-13 22:56:26 - [TEST_STEP][PASSED] - click(findTestObject("IWP30/Page_VRelay30Emulator/Submit")): Object: 'Object Repository/IWP30/Page_VRelay30Emulator/Submit' is clicked on

2020-07-13 22:56:27 - [MESSAGE][PASSED] - Object: 'Object Repository/IWP30/Page_VRelay30Emulator/Submit' is clicked on

2020-07-13 22:56:27 - [TEST_STEP][PASSED] - Thread.sleep(5000): null

2020-07-13 22:56:32 - [TEST_STEP][PASSED] - closeBrowser(): Browser is closed

2020-07-13 22:56:32 - [MESSAGE][PASSED] - Browser is closed

2020-07-13 22:56:32 - [TEST_STEP][PASSED] - openBrowser("https://dev-algorithm.govolution.com/vrelaytest/QA/version_2_2/vrelaytest.html"): Browser is opened with url: 'https://dev-algorithm.govolution.com/vrelaytest/QA/version_2_2/vrelaytest.html'

2020-07-13 22:56:32 - [MESSAGE][INFO] - Starting 'Chrome' driver

2020-07-13 22:56:32 - [MESSAGE][INFO] - User set preference: ['acceptInsecureCerts', 'true']

2020-07-13 22:56:32 - [MESSAGE][INFO] - Action delay is set to 0 milliseconds

2020-07-13 22:56:37 - [MESSAGE][PASSED] - Browser is opened with url: 'https://dev-algorithm.govolution.com/vrelaytest/QA/version_2_2/vrelaytest.html'

2020-07-13 22:56:37 - [TEST_STEP][PASSED] - maximizeWindow(): Current window maximized

2020-07-13 22:56:37 - [MESSAGE][PASSED] - Current window maximized

2020-07-13 22:56:37 - [TEST_STEP][PASSED] - genRemIDVoid = RandomStringUtils.random(12, true, true): null

2020-07-13 22:56:37 - [TEST_STEP][PASSED] - if (verifyElementPresent(findTestObject("Object Repository/IWP30/Page_QATestHarness/RemittanceID"), 30)): null

2020-07-13 22:56:37 - [MESSAGE][PASSED] - Object 'Object Repository/IWP30/Page_QATestHarness/RemittanceID' is present

2020-07-13 22:56:37 - [TEST_STEP][PASSED] - println("We are on Test Harness page, start populating"): null

2020-07-13 22:56:37 - [TEST_STEP][PASSED] - setText(findTestObject("Object Repository/IWP30/Page_QATestHarness/ApplicationID"), "649"): Text '649' is set on object 'Object Repository/IWP30/Page_QATestHarness/ApplicationID'

2020-07-13 22:56:38 - [MESSAGE][PASSED] - Text '649' is set on object 'Object Repository/IWP30/Page_QATestHarness/ApplicationID'

2020-07-13 22:56:38 - [TEST_STEP][PASSED] - setText(findTestObject("Object Repository/IWP30/Page_QATestHarness/MessageVersion"), "3.0"): Text '3.0' is set on object 'Object Repository/IWP30/Page_QATestHarness/MessageVersion'

2020-07-13 22:56:38 - [MESSAGE][PASSED] - Text '3.0' is set on object 'Object Repository/IWP30/Page_QATestHarness/MessageVersion'

2020-07-13 22:56:38 - [TEST_STEP][PASSED] - setText(findTestObject("Object Repository/IWP30/Page_QATestHarness/RemittanceID"), genRemIDVoid): Text '93JTH0iMuhHO' is set on object 'Object Repository/IWP30/Page_QATestHarness/RemittanceID'

2020-07-13 22:56:39 - [MESSAGE][PASSED] - Text '93JTH0iMuhHO' is set on object 'Object Repository/IWP30/Page_QATestHarness/RemittanceID'

2020-07-13 22:56:39 - [TEST_STEP][PASSED] - click(findTestObject("Object Repository/IWP30/Page_QATestHarness/SubmitButton")): Object: 'Object Repository/IWP30/Page_QATestHarness/SubmitButton' is clicked on

2020-07-13 22:56:40 - [MESSAGE][PASSED] - Object: 'Object Repository/IWP30/Page_QATestHarness/SubmitButton' is clicked on

2020-07-13 22:56:40 - [TEST_STEP][PASSED] - if (verifyElementPresent(findTestObject("Object Repository/IWP30/Page_SelectPaymentMethod/PayByCreditCard"), 30)): null

2020-07-13 22:56:41 - [MESSAGE][PASSED] - Object 'Object Repository/IWP30/Page_SelectPaymentMethod/PayByCreditCard' is present

2020-07-13 22:56:41 - [TEST_STEP][PASSED] - println("We are on Select Payment Method page, start populating"): null

2020-07-13 22:56:41 - [TEST_STEP][PASSED] - check(findTestObject("Object Repository/IWP30/Page_SelectPaymentMethod/PayByCreditCard")): Object 'Object Repository/IWP30/Page_SelectPaymentMethod/PayByCreditCard' is checked

2020-07-13 22:56:41 - [MESSAGE][PASSED] - Object 'Object Repository/IWP30/Page_SelectPaymentMethod/PayByCreditCard' is checked

2020-07-13 22:56:41 - [TEST_STEP][PASSED] - Thread.sleep(1000): null

2020-07-13 22:56:42 - [TEST_STEP][PASSED] - click(findTestObject("Object Repository/IWP30/Page_SelectPaymentMethod/MakePaymentButton")): Object: 'Object Repository/IWP30/Page_SelectPaymentMethod/MakePaymentButton' is clicked on

2020-07-13 22:56:43 - [MESSAGE][PASSED] - Object: 'Object Repository/IWP30/Page_SelectPaymentMethod/MakePaymentButton' is clicked on

2020-07-13 22:56:43 - [TEST_STEP][PASSED] - setText(findTestObject("Object Repository/IWP30/Page_CCPaymentEntry/Amount"), ""): Text '' is set on object 'Object Repository/IWP30/Page_CCPaymentEntry/Amount'

2020-07-13 22:56:44 - [MESSAGE][PASSED] - Text '' is set on object 'Object Repository/IWP30/Page_CCPaymentEntry/Amount'

2020-07-13 22:56:44 - [TEST_STEP][PASSED] - click(findTestObject("Object Repository/IWP30/Page_CCPaymentEntry/ContinueButton")): Object: 'Object Repository/IWP30/Page_CCPaymentEntry/ContinueButton' is clicked on

2020-07-13 22:56:45 - [MESSAGE][PASSED] - Object: 'Object Repository/IWP30/Page_CCPaymentEntry/ContinueButton' is clicked on

2020-07-13 22:56:45 - [TEST_STEP][PASSED] - try: Text 'You must review and accept the Credit Card terms and conditions in order to process a credit transaction' is present on page 

2020-07-13 22:56:45 - [TEST_STEP][PASSED] - verifyTextPresent("Amount is required", false): Text 'Amount is required' is present on page 

2020-07-13 22:56:45 - [MESSAGE][PASSED] - Text 'Amount is required' is present on page 

2020-07-13 22:56:45 - [TEST_STEP][PASSED] - verifyTextPresent("UDF3 Label is required", false): Text 'UDF3 Label is required' is present on page 

2020-07-13 22:56:46 - [MESSAGE][PASSED] - Text 'UDF3 Label is required' is present on page 

2020-07-13 22:56:46 - [TEST_STEP][PASSED] - verifyTextPresent("UDF8 Label is required", false): Text 'UDF8 Label is required' is present on page 

2020-07-13 22:56:46 - [MESSAGE][PASSED] - Text 'UDF8 Label is required' is present on page 

2020-07-13 22:56:46 - [TEST_STEP][PASSED] - verifyTextPresent("Card name is required", false): Text 'Card name is required' is present on page 

2020-07-13 22:56:47 - [MESSAGE][PASSED] - Text 'Card name is required' is present on page 

2020-07-13 22:56:47 - [TEST_STEP][PASSED] - verifyTextPresent("Card number is required", false): Text 'Card number is required' is present on page 

2020-07-13 22:56:47 - [MESSAGE][PASSED] - Text 'Card number is required' is present on page 

2020-07-13 22:56:47 - [TEST_STEP][PASSED] - verifyTextPresent("Signature panel code is required", false): Text 'Signature panel code is required' is present on page 

2020-07-13 22:56:47 - [MESSAGE][PASSED] - Text 'Signature panel code is required' is present on page 

2020-07-13 22:56:47 - [TEST_STEP][PASSED] - verifyTextPresent("Card expiration date is required", false): Text 'Card expiration date is required' is present on page 

2020-07-13 22:56:48 - [MESSAGE][PASSED] - Text 'Card expiration date is required' is present on page 

2020-07-13 22:56:48 - [TEST_STEP][PASSED] - verifyTextPresent("Card address Line 1 is required", false): Text 'Card address Line 1 is required' is present on page 

2020-07-13 22:56:48 - [MESSAGE][PASSED] - Text 'Card address Line 1 is required' is present on page 

2020-07-13 22:56:48 - [TEST_STEP][PASSED] - verifyTextPresent("Card ZIP Code is required", false): Text 'Card ZIP Code is required' is present on page 

2020-07-13 22:56:49 - [MESSAGE][PASSED] - Text 'Card ZIP Code is required' is present on page 

2020-07-13 22:56:49 - [TEST_STEP][PASSED] - verifyTextPresent("Email address is required", false): Text 'Email address is required' is present on page 

2020-07-13 22:56:49 - [MESSAGE][PASSED] - Text 'Email address is required' is present on page 

2020-07-13 22:56:49 - [TEST_STEP][PASSED] - verifyTextPresent("You must review and accept the Credit Card terms and conditions in order to process a credit transaction", false): Text 'You must review and accept the Credit Card terms and conditions in order to process a credit transaction' is present on page 

2020-07-13 22:56:49 - [MESSAGE][PASSED] - Text 'You must review and accept the Credit Card terms and conditions in order to process a credit transaction' is present on page 

2020-07-13 22:56:49 - [TEST_STEP][PASSED] - closeBrowser(): Browser is closed

2020-07-13 22:56:50 - [MESSAGE][PASSED] - Browser is closed]]></system-out>
         <system-err><![CDATA[]]></system-err>
      </testcase>
      <system-out><![CDATA[2020-07-13 22:28:05 - [TEST_SUITE][FAILED] - IWP30 Smoke TestSuite: Test Cases/IntegratedWeb/IWP30/PayNowReqFieldsCC FAILED.
Reason:
com.kms.katalon.core.exception.StepFailedException: Text 'Please verify the following information' is not present on page  (Root cause: com.kms.katalon.core.exception.StepFailedException: Text 'Please verify the following information' is not present on page 
	at com.kms.katalon.core.webui.keyword.internal.WebUIKeywordMain.stepFailed(WebUIKeywordMain.groovy:64)
	at com.kms.katalon.core.webui.keyword.builtin.VerifyTextPresentKeyword$_verifyTextPresent_closure1.doCall(VerifyTextPresentKeyword.groovy:79)
	at com.kms.katalon.core.webui.keyword.builtin.VerifyTextPresentKeyword$_verifyTextPresent_closure1.call(VerifyTextPresentKeyword.groovy)
	at com.kms.katalon.core.webui.keyword.internal.WebUIKeywordMain.runKeyword(WebUIKeywordMain.groovy:20)
	at com.kms.katalon.core.webui.keyword.builtin.VerifyTextPresentKeyword.verifyTextPresent(VerifyTextPresentKeyword.groovy:83)
	at com.kms.katalon.core.webui.keyword.builtin.VerifyTextPresentKeyword.execute(VerifyTextPresentKeyword.groovy:68)
	at com.kms.katalon.core.keyword.internal.KeywordExecutor.executeKeywordForPlatform(KeywordExecutor.groovy:72)
	at com.kms.katalon.core.webui.keyword.WebUiBuiltInKeywords.verifyTextPresent(WebUiBuiltInKeywords.groovy:1719)
	at com.kms.katalon.core.webui.keyword.WebUiBuiltInKeywords$verifyTextPresent$8.call(Unknown Source)
	at PayNowReqFieldsCC.run(PayNowReqFieldsCC:567)
	at com.kms.katalon.core.main.ScriptEngine.run(ScriptEngine.java:194)
	at com.kms.katalon.core.main.ScriptEngine.runScriptAsRawText(ScriptEngine.java:119)
	at com.kms.katalon.core.main.TestCaseExecutor.runScript(TestCaseExecutor.java:337)
	at com.kms.katalon.core.main.TestCaseExecutor.doExecute(TestCaseExecutor.java:328)
	at com.kms.katalon.core.main.TestCaseExecutor.processExecutionPhase(TestCaseExecutor.java:307)
	at com.kms.katalon.core.main.TestCaseExecutor.accessMainPhase(TestCaseExecutor.java:299)
	at com.kms.katalon.core.main.TestCaseExecutor.execute(TestCaseExecutor.java:233)
	at com.kms.katalon.core.main.TestSuiteExecutor.accessTestCaseMainPhase(TestSuiteExecutor.java:169)
	at com.kms.katalon.core.main.TestSuiteExecutor.accessTestSuiteMainPhase(TestSuiteExecutor.java:142)
	at com.kms.katalon.core.main.TestSuiteExecutor.execute(TestSuiteExecutor.java:91)
	at com.kms.katalon.core.main.TestCaseMain.startTestSuite(TestCaseMain.java:157)
	at com.kms.katalon.core.main.TestCaseMain$startTestSuite$0.call(Unknown Source)
	at TempTestSuite1594693683341.run(TempTestSuite1594693683341.groovy:37)
)
	at com.kms.katalon.core.keyword.internal.KeywordMain.stepFailed(KeywordMain.groovy:39)
	at com.kms.katalon.core.webui.keyword.internal.WebUIKeywordMain.stepFailed(WebUIKeywordMain.groovy:64)
	at com.kms.katalon.core.webui.keyword.builtin.VerifyTextPresentKeyword$_verifyTextPresent_closure1.doCall(VerifyTextPresentKeyword.groovy:79)
	at com.kms.katalon.core.webui.keyword.builtin.VerifyTextPresentKeyword$_verifyTextPresent_closure1.call(VerifyTextPresentKeyword.groovy)
	at com.kms.katalon.core.webui.keyword.internal.WebUIKeywordMain.runKeyword(WebUIKeywordMain.groovy:20)
	at com.kms.katalon.core.webui.keyword.builtin.VerifyTextPresentKeyword.verifyTextPresent(VerifyTextPresentKeyword.groovy:83)
	at com.kms.katalon.core.webui.keyword.builtin.VerifyTextPresentKeyword.execute(VerifyTextPresentKeyword.groovy:68)
	at com.kms.katalon.core.keyword.internal.KeywordExecutor.executeKeywordForPlatform(KeywordExecutor.groovy:72)
	at com.kms.katalon.core.webui.keyword.WebUiBuiltInKeywords.verifyTextPresent(WebUiBuiltInKeywords.groovy:1719)
	at com.kms.katalon.core.webui.keyword.WebUiBuiltInKeywords$verifyTextPresent$8.call(Unknown Source)
	at PayNowReqFieldsCC.run(PayNowReqFieldsCC:567)
	at com.kms.katalon.core.main.ScriptEngine.run(ScriptEngine.java:194)
	at com.kms.katalon.core.main.ScriptEngine.runScriptAsRawText(ScriptEngine.java:119)
	at com.kms.katalon.core.main.TestCaseExecutor.runScript(TestCaseExecutor.java:337)
	at com.kms.katalon.core.main.TestCaseExecutor.doExecute(TestCaseExecutor.java:328)
	at com.kms.katalon.core.main.TestCaseExecutor.processExecutionPhase(TestCaseExecutor.java:307)
	at com.kms.katalon.core.main.TestCaseExecutor.accessMainPhase(TestCaseExecutor.java:299)
	at com.kms.katalon.core.main.TestCaseExecutor.execute(TestCaseExecutor.java:233)
	at com.kms.katalon.core.main.TestSuiteExecutor.accessTestCaseMainPhase(TestSuiteExecutor.java:169)
	at com.kms.katalon.core.main.TestSuiteExecutor.accessTestSuiteMainPhase(TestSuiteExecutor.java:142)
	at com.kms.katalon.core.main.TestSuiteExecutor.execute(TestSuiteExecutor.java:91)
	at com.kms.katalon.core.main.TestCaseMain.startTestSuite(TestCaseMain.java:157)
	at com.kms.katalon.core.main.TestCaseMain$startTestSuite$0.call(Unknown Source)
	at TempTestSuite1594693683341.run(TempTestSuite1594693683341.groovy:37)
Caused by: com.kms.katalon.core.exception.StepFailedException: Text 'Please verify the following information' is not present on page 
	... 23 more]]></system-out>
      <system-err><![CDATA[2020-07-13 22:28:05 - [TEST_SUITE][FAILED] - IWP30 Smoke TestSuite: Test Cases/IntegratedWeb/IWP30/PayNowReqFieldsCC FAILED.
Reason:
com.kms.katalon.core.exception.StepFailedException: Text 'Please verify the following information' is not present on page  (Root cause: com.kms.katalon.core.exception.StepFailedException: Text 'Please verify the following information' is not present on page 
	at com.kms.katalon.core.webui.keyword.internal.WebUIKeywordMain.stepFailed(WebUIKeywordMain.groovy:64)
	at com.kms.katalon.core.webui.keyword.builtin.VerifyTextPresentKeyword$_verifyTextPresent_closure1.doCall(VerifyTextPresentKeyword.groovy:79)
	at com.kms.katalon.core.webui.keyword.builtin.VerifyTextPresentKeyword$_verifyTextPresent_closure1.call(VerifyTextPresentKeyword.groovy)
	at com.kms.katalon.core.webui.keyword.internal.WebUIKeywordMain.runKeyword(WebUIKeywordMain.groovy:20)
	at com.kms.katalon.core.webui.keyword.builtin.VerifyTextPresentKeyword.verifyTextPresent(VerifyTextPresentKeyword.groovy:83)
	at com.kms.katalon.core.webui.keyword.builtin.VerifyTextPresentKeyword.execute(VerifyTextPresentKeyword.groovy:68)
	at com.kms.katalon.core.keyword.internal.KeywordExecutor.executeKeywordForPlatform(KeywordExecutor.groovy:72)
	at com.kms.katalon.core.webui.keyword.WebUiBuiltInKeywords.verifyTextPresent(WebUiBuiltInKeywords.groovy:1719)
	at com.kms.katalon.core.webui.keyword.WebUiBuiltInKeywords$verifyTextPresent$8.call(Unknown Source)
	at PayNowReqFieldsCC.run(PayNowReqFieldsCC:567)
	at com.kms.katalon.core.main.ScriptEngine.run(ScriptEngine.java:194)
	at com.kms.katalon.core.main.ScriptEngine.runScriptAsRawText(ScriptEngine.java:119)
	at com.kms.katalon.core.main.TestCaseExecutor.runScript(TestCaseExecutor.java:337)
	at com.kms.katalon.core.main.TestCaseExecutor.doExecute(TestCaseExecutor.java:328)
	at com.kms.katalon.core.main.TestCaseExecutor.processExecutionPhase(TestCaseExecutor.java:307)
	at com.kms.katalon.core.main.TestCaseExecutor.accessMainPhase(TestCaseExecutor.java:299)
	at com.kms.katalon.core.main.TestCaseExecutor.execute(TestCaseExecutor.java:233)
	at com.kms.katalon.core.main.TestSuiteExecutor.accessTestCaseMainPhase(TestSuiteExecutor.java:169)
	at com.kms.katalon.core.main.TestSuiteExecutor.accessTestSuiteMainPhase(TestSuiteExecutor.java:142)
	at com.kms.katalon.core.main.TestSuiteExecutor.execute(TestSuiteExecutor.java:91)
	at com.kms.katalon.core.main.TestCaseMain.startTestSuite(TestCaseMain.java:157)
	at com.kms.katalon.core.main.TestCaseMain$startTestSuite$0.call(Unknown Source)
	at TempTestSuite1594693683341.run(TempTestSuite1594693683341.groovy:37)
)
	at com.kms.katalon.core.keyword.internal.KeywordMain.stepFailed(KeywordMain.groovy:39)
	at com.kms.katalon.core.webui.keyword.internal.WebUIKeywordMain.stepFailed(WebUIKeywordMain.groovy:64)
	at com.kms.katalon.core.webui.keyword.builtin.VerifyTextPresentKeyword$_verifyTextPresent_closure1.doCall(VerifyTextPresentKeyword.groovy:79)
	at com.kms.katalon.core.webui.keyword.builtin.VerifyTextPresentKeyword$_verifyTextPresent_closure1.call(VerifyTextPresentKeyword.groovy)
	at com.kms.katalon.core.webui.keyword.internal.WebUIKeywordMain.runKeyword(WebUIKeywordMain.groovy:20)
	at com.kms.katalon.core.webui.keyword.builtin.VerifyTextPresentKeyword.verifyTextPresent(VerifyTextPresentKeyword.groovy:83)
	at com.kms.katalon.core.webui.keyword.builtin.VerifyTextPresentKeyword.execute(VerifyTextPresentKeyword.groovy:68)
	at com.kms.katalon.core.keyword.internal.KeywordExecutor.executeKeywordForPlatform(KeywordExecutor.groovy:72)
	at com.kms.katalon.core.webui.keyword.WebUiBuiltInKeywords.verifyTextPresent(WebUiBuiltInKeywords.groovy:1719)
	at com.kms.katalon.core.webui.keyword.WebUiBuiltInKeywords$verifyTextPresent$8.call(Unknown Source)
	at PayNowReqFieldsCC.run(PayNowReqFieldsCC:567)
	at com.kms.katalon.core.main.ScriptEngine.run(ScriptEngine.java:194)
	at com.kms.katalon.core.main.ScriptEngine.runScriptAsRawText(ScriptEngine.java:119)
	at com.kms.katalon.core.main.TestCaseExecutor.runScript(TestCaseExecutor.java:337)
	at com.kms.katalon.core.main.TestCaseExecutor.doExecute(TestCaseExecutor.java:328)
	at com.kms.katalon.core.main.TestCaseExecutor.processExecutionPhase(TestCaseExecutor.java:307)
	at com.kms.katalon.core.main.TestCaseExecutor.accessMainPhase(TestCaseExecutor.java:299)
	at com.kms.katalon.core.main.TestCaseExecutor.execute(TestCaseExecutor.java:233)
	at com.kms.katalon.core.main.TestSuiteExecutor.accessTestCaseMainPhase(TestSuiteExecutor.java:169)
	at com.kms.katalon.core.main.TestSuiteExecutor.accessTestSuiteMainPhase(TestSuiteExecutor.java:142)
	at com.kms.katalon.core.main.TestSuiteExecutor.execute(TestSuiteExecutor.java:91)
	at com.kms.katalon.core.main.TestCaseMain.startTestSuite(TestCaseMain.java:157)
	at com.kms.katalon.core.main.TestCaseMain$startTestSuite$0.call(Unknown Source)
	at TempTestSuite1594693683341.run(TempTestSuite1594693683341.groovy:37)
Caused by: com.kms.katalon.core.exception.StepFailedException: Text 'Please verify the following information' is not present on page 
	... 23 more]]></system-err>
   </testsuite>
</testsuites>
