<?xml version="1.0" encoding="UTF-8"?>
<testsuites name="IWP30 Smoke TestSuite" time="223.044" tests="1" failures="0" errors="0">
   <testsuite name="IWP30 Smoke TestSuite" tests="1" failures="0" errors="0" time="223.044" timestamp="2020-07-10 18:37:19" hostname="iahmed - DESKTOP-B2QI6NS.govolution.com" id="Test Suites/QA Smoke Test/IWP30 Smoke TestSuite">
      <properties>
         <property name="deviceName" value=""/>
         <property name="devicePlatform" value=""/>
         <property name="logFolder" value="C:\\Users\\iahmed\\Documents\\VPS-Smoke-Version001\\Reports\\20200710_183717\\QA Smoke Test\\IWP30 Smoke TestSuite\\20200710_183717"/>
         <property name="logFiles" value="C:\\Users\\iahmed\\Documents\\VPS-Smoke-Version001\\Reports\\20200710_183717\\QA Smoke Test\\IWP30 Smoke TestSuite\\20200710_183717\\execution0.log"/>
         <property name="attachments" value=""/>
         <property name="hostName" value="iahmed - DESKTOP-B2QI6NS.govolution.com"/>
         <property name="os" value="Windows 10 64bit"/>
         <property name="katalonVersion" value="7.5.10.1"/>
         <property name="browser" value="Chrome 83.0.4103.116"/>
         <property name="hostAddress" value="10.5.20.43"/>
         <property name="sessionId" value="f978f575fc8a7001dd78f6ae69c4bbbe"/>
         <property name="seleniumVersion" value="3.141.59"/>
         <property name="proxyInformation" value="ProxyInformation { proxyOption=NO_PROXY, proxyServerType=HTTP, username=, password=********, proxyServerAddress=, proxyServerPort=0, executionList=\&quot;\&quot;, isApplyToDesiredCapabilities=true }"/>
         <property name="platform" value="Windows 10"/>
      </properties>
      <testcase name="Test Cases/IntegratedWeb/IWP30/Misc" time="221.937" classname="Test Cases/IntegratedWeb/IWP30/Misc" status="PASSED">
         <system-out><![CDATA[2020-07-10 18:37:20 - [TEST_CASE][PASSED] - Test Cases/IntegratedWeb/IWP30/Misc: Test Cases/IntegratedWeb/IWP30/Misc

2020-07-10 18:37:20 - [TEST_STEP][PASSED] - numOfRows = findTestData("IWP30PayNowCC").getRowNumbers(): null

2020-07-10 18:37:21 - [TEST_STEP][PASSED] - println(numOfRows): null

2020-07-10 18:37:21 - [TEST_STEP][PASSED] - dataFile = "IWP30PayNowCC": null

2020-07-10 18:37:21 - [TEST_STEP][PASSED] - for ([row = 1, row <= numOfRows, (row++)]): null

2020-07-10 18:37:21 - [TEST_STEP][PASSED] - openBrowser("https://qa.velocitypayment.com/agency/config.do?action=editor"): Browser is opened with url: 'https://qa.velocitypayment.com/agency/config.do?action=editor'

2020-07-10 18:37:21 - [MESSAGE][INFO] - Starting 'Chrome' driver

2020-07-10 18:37:21 - [MESSAGE][INFO] - User set preference: ['acceptInsecureCerts', 'true']

2020-07-10 18:37:21 - [MESSAGE][INFO] - Action delay is set to 0 milliseconds

2020-07-10 18:37:26 - [MESSAGE][PASSED] - Browser is opened with url: 'https://qa.velocitypayment.com/agency/config.do?action=editor'

2020-07-10 18:37:26 - [TEST_STEP][PASSED] - maximizeWindow(): Current window maximized

2020-07-10 18:37:26 - [MESSAGE][PASSED] - Current window maximized

2020-07-10 18:37:26 - [TEST_STEP][PASSED] - iwpPages.emulatorIWP30.getSetData(row, dataFile): iwpPages.emulatorIWP30.getSetData is PASSED

2020-07-10 18:37:29 - [MESSAGE][PASSED] - All options with value '3.0' are selected in object 'Object Repository/IWP30/Page_VRelay30Emulator/MV'  using regular expression

2020-07-10 18:37:30 - [MESSAGE][PASSED] - Text '10.50' is set on object 'Object Repository/IWP30/Page_VRelay30Emulator/Amount'

2020-07-10 18:37:30 - [MESSAGE][PASSED] - Text '26411005' is set on object 'Object Repository/IWP30/Page_VRelay30Emulator/CAN'

2020-07-10 18:37:31 - [MESSAGE][PASSED] - Text 'PayNow' is set on object 'Object Repository/IWP30/Page_VRelay30Emulator/Action'

2020-07-10 18:37:31 - [MESSAGE][PASSED] - Text 'en_US' is set on object 'Object Repository/IWP30/Page_VRelay30Emulator/Lang'

2020-07-10 18:37:32 - [MESSAGE][PASSED] - Text '' is set on object 'Object Repository/IWP30/Page_VRelay30Emulator/Fname'

2020-07-10 18:37:33 - [MESSAGE][PASSED] - Text '' is set on object 'Object Repository/IWP30/Page_VRelay30Emulator/Lname'

2020-07-10 18:37:33 - [MESSAGE][PASSED] - Text '' is set on object 'Object Repository/IWP30/Page_VRelay30Emulator/AL1'

2020-07-10 18:37:34 - [MESSAGE][PASSED] - Text '' is set on object 'Object Repository/IWP30/Page_VRelay30Emulator/AL2'

2020-07-10 18:37:35 - [MESSAGE][PASSED] - Text '840' is set on object 'Object Repository/IWP30/Page_VRelay30Emulator/Country'

2020-07-10 18:37:35 - [MESSAGE][PASSED] - Text '' is set on object 'Object Repository/IWP30/Page_VRelay30Emulator/City'

2020-07-10 18:37:36 - [MESSAGE][PASSED] - Text '' is set on object 'Object Repository/IWP30/Page_VRelay30Emulator/State'

2020-07-10 18:37:37 - [MESSAGE][PASSED] - Text '' is set on object 'Object Repository/IWP30/Page_VRelay30Emulator/ZIP'

2020-07-10 18:37:37 - [MESSAGE][PASSED] - Text '' is set on object 'Object Repository/IWP30/Page_VRelay30Emulator/Order'

2020-07-10 18:37:38 - [MESSAGE][PASSED] - Text '' is set on object 'Object Repository/IWP30/Page_VRelay30Emulator/Company'

2020-07-10 18:37:39 - [MESSAGE][PASSED] - Text '' is set on object 'Object Repository/IWP30/Page_VRelay30Emulator/Email'

2020-07-10 18:37:39 - [MESSAGE][PASSED] - Text '' is set on object 'Object Repository/IWP30/Page_VRelay30Emulator/UDF1'

2020-07-10 18:37:40 - [MESSAGE][PASSED] - Text '' is set on object 'Object Repository/IWP30/Page_VRelay30Emulator/UDF2'

2020-07-10 18:37:41 - [MESSAGE][PASSED] - Text '' is set on object 'Object Repository/IWP30/Page_VRelay30Emulator/UDF3'

2020-07-10 18:37:41 - [MESSAGE][PASSED] - Text 'udf data 4' is set on object 'Object Repository/IWP30/Page_VRelay30Emulator/UDF4'

2020-07-10 18:37:42 - [MESSAGE][PASSED] - Text 'udf data 5' is set on object 'Object Repository/IWP30/Page_VRelay30Emulator/UDF5'

2020-07-10 18:37:43 - [MESSAGE][PASSED] - Text '' is set on object 'Object Repository/IWP30/Page_VRelay30Emulator/UDF6'

2020-07-10 18:37:43 - [MESSAGE][PASSED] - Text '' is set on object 'Object Repository/IWP30/Page_VRelay30Emulator/UDF7'

2020-07-10 18:37:44 - [MESSAGE][PASSED] - Text '' is set on object 'Object Repository/IWP30/Page_VRelay30Emulator/UDF8'

2020-07-10 18:37:45 - [MESSAGE][PASSED] - Text 'udf data 9' is set on object 'Object Repository/IWP30/Page_VRelay30Emulator/UDF9'

2020-07-10 18:37:46 - [MESSAGE][PASSED] - Text 'udf data 10' is set on object 'Object Repository/IWP30/Page_VRelay30Emulator/UDF10'

2020-07-10 18:37:56 - [MESSAGE][PASSED] - Object: 'Object Repository/IWP30/Page_VRelay30Emulator/Submit' is clicked on

2020-07-10 18:37:56 - [MESSAGE][PASSED] - iwpPages.emulatorIWP30.getSetData is PASSED

2020-07-10 18:37:56 - [TEST_STEP][PASSED] - closeBrowser(): Browser is closed

2020-07-10 18:37:57 - [MESSAGE][PASSED] - Browser is closed

2020-07-10 18:37:57 - [TEST_STEP][PASSED] - openBrowser("https://dev-algorithm.govolution.com/vrelaytest/QA/version_2_2/vrelaytest.html"): Browser is opened with url: 'https://dev-algorithm.govolution.com/vrelaytest/QA/version_2_2/vrelaytest.html'

2020-07-10 18:37:57 - [MESSAGE][INFO] - Starting 'Chrome' driver

2020-07-10 18:37:57 - [MESSAGE][INFO] - User set preference: ['acceptInsecureCerts', 'true']

2020-07-10 18:37:57 - [MESSAGE][INFO] - Action delay is set to 0 milliseconds

2020-07-10 18:38:00 - [MESSAGE][PASSED] - Browser is opened with url: 'https://dev-algorithm.govolution.com/vrelaytest/QA/version_2_2/vrelaytest.html'

2020-07-10 18:38:00 - [TEST_STEP][PASSED] - maximizeWindow(): Current window maximized

2020-07-10 18:38:01 - [MESSAGE][PASSED] - Current window maximized

2020-07-10 18:38:01 - [TEST_STEP][PASSED] - iwpPages.TestHarnessPage.setDataMethod(row, dataFile): iwpPages.TestHarnessPage.setDataMethod is PASSED

2020-07-10 18:38:01 - [MESSAGE][PASSED] - Object 'Object Repository/IWP30/Page_QATestHarness/RemittanceID' is present

2020-07-10 18:38:02 - [MESSAGE][PASSED] - Text '649' is set on object 'Object Repository/IWP30/Page_QATestHarness/ApplicationID'

2020-07-10 18:38:02 - [MESSAGE][PASSED] - Text '3.0' is set on object 'Object Repository/IWP30/Page_QATestHarness/MessageVersion'

2020-07-10 18:38:03 - [MESSAGE][PASSED] - Text 'ExGy5npv781m' is set on object 'Object Repository/IWP30/Page_QATestHarness/RemittanceID'

2020-07-10 18:38:04 - [MESSAGE][PASSED] - Object: 'Object Repository/IWP30/Page_QATestHarness/SubmitButton' is clicked on

2020-07-10 18:38:04 - [MESSAGE][PASSED] - iwpPages.TestHarnessPage.setDataMethod is PASSED

2020-07-10 18:38:04 - [TEST_STEP][PASSED] - if (verifyElementPresent(findTestObject("Object Repository/IWP30/Page_SelectPaymentMethod/PayByCreditCard"), 30)): null

2020-07-10 18:38:05 - [MESSAGE][PASSED] - Object 'Object Repository/IWP30/Page_SelectPaymentMethod/PayByCreditCard' is present

2020-07-10 18:38:05 - [TEST_STEP][PASSED] - println("We are on Select Payment Method page, start populating"): null

2020-07-10 18:38:05 - [TEST_STEP][PASSED] - check(findTestObject("Object Repository/IWP30/Page_SelectPaymentMethod/PayByCreditCard")): Object 'Object Repository/IWP30/Page_SelectPaymentMethod/PayByCreditCard' is checked

2020-07-10 18:38:05 - [MESSAGE][PASSED] - Object 'Object Repository/IWP30/Page_SelectPaymentMethod/PayByCreditCard' is checked

2020-07-10 18:38:05 - [TEST_STEP][PASSED] - Thread.sleep(1000): null

2020-07-10 18:38:06 - [TEST_STEP][PASSED] - click(findTestObject("Object Repository/IWP30/Page_SelectPaymentMethod/MakePaymentButton")): Object: 'Object Repository/IWP30/Page_SelectPaymentMethod/MakePaymentButton' is clicked on

2020-07-10 18:38:07 - [MESSAGE][PASSED] - Object: 'Object Repository/IWP30/Page_SelectPaymentMethod/MakePaymentButton' is clicked on

2020-07-10 18:38:07 - [TEST_STEP][PASSED] - iwpPages.ccPaymentEntryPage.setDataCCPM(row, dataFile): iwpPages.ccPaymentEntryPage.setDataCCPM is PASSED

2020-07-10 18:38:08 - [MESSAGE][PASSED] - Object 'Object Repository/IWP30/Page_CCPaymentEntry/Name' is present

2020-07-10 18:38:08 - [MESSAGE][PASSED] - Object 'Object Repository/IWP30/Page_CCPaymentEntry/Amount' is present

2020-07-10 18:38:09 - [MESSAGE][PASSED] - Text '20.50' is set on object 'Object Repository/IWP30/Page_CCPaymentEntry/Amount'

2020-07-10 18:38:09 - [MESSAGE][PASSED] - Object 'Object Repository/IWP30/Page_CCPaymentEntry/UserDefined2' is present

2020-07-10 18:38:10 - [MESSAGE][PASSED] - Text 'Number 2' is set on object 'Object Repository/IWP30/Page_CCPaymentEntry/UserDefined2'

2020-07-10 18:38:10 - [MESSAGE][PASSED] - Object 'Object Repository/IWP30/Page_CCPaymentEntry/UserDefined3' is present

2020-07-10 18:38:11 - [MESSAGE][PASSED] - Text 'Number 3' is set on object 'Object Repository/IWP30/Page_CCPaymentEntry/UserDefined3'

2020-07-10 18:38:11 - [MESSAGE][PASSED] - Object 'Object Repository/IWP30/Page_CCPaymentEntry/UserDefined7' is present

2020-07-10 18:38:12 - [MESSAGE][PASSED] - All options with label 'Orange' are selected in object 'Object Repository/IWP30/Page_CCPaymentEntry/UserDefined7' 

2020-07-10 18:38:12 - [MESSAGE][PASSED] - Object 'Object Repository/IWP30/Page_CCPaymentEntry/UserDefined8' is present

2020-07-10 18:38:13 - [MESSAGE][PASSED] - All options with label 'Tennis' are selected in object 'Object Repository/IWP30/Page_CCPaymentEntry/UserDefined8' 

2020-07-10 18:38:13 - [MESSAGE][PASSED] - Object 'Object Repository/IWP30/Page_CCPaymentEntry/Name' is present

2020-07-10 18:38:13 - [MESSAGE][PASSED] - Text 'Mera Naam' is set on object 'Object Repository/IWP30/Page_CCPaymentEntry/Name'

2020-07-10 18:38:14 - [MESSAGE][PASSED] - Object 'Object Repository/IWP30/Page_CCPaymentEntry/CardNumber' is present

2020-07-10 18:38:14 - [MESSAGE][PASSED] - Text '4111111111111111' is set on object 'Object Repository/IWP30/Page_CCPaymentEntry/CardNumber'

2020-07-10 18:38:15 - [MESSAGE][PASSED] - Object 'Object Repository/IWP30/Page_CCPaymentEntry/SPC' is present

2020-07-10 18:38:15 - [MESSAGE][PASSED] - Text '123' is set on object 'Object Repository/IWP30/Page_CCPaymentEntry/SPC'

2020-07-10 18:38:16 - [MESSAGE][PASSED] - Object 'Object Repository/IWP30/Page_CCPaymentEntry/Month' is present

2020-07-10 18:38:16 - [MESSAGE][PASSED] - All options with label '09' are selected in object 'Object Repository/IWP30/Page_CCPaymentEntry/Month' 

2020-07-10 18:38:17 - [MESSAGE][PASSED] - Object 'Object Repository/IWP30/Page_CCPaymentEntry/Year' is present

2020-07-10 18:38:17 - [MESSAGE][PASSED] - All options with label '2023' are selected in object 'Object Repository/IWP30/Page_CCPaymentEntry/Year' 

2020-07-10 18:38:18 - [MESSAGE][PASSED] - Object 'Object Repository/IWP30/Page_CCPaymentEntry/ProcessDate' is present

2020-07-10 18:38:18 - [MESSAGE][PASSED] - Object 'Object Repository/IWP30/Page_CCPaymentEntry/AL1' is present

2020-07-10 18:38:19 - [MESSAGE][PASSED] - Text 'Mera AL1' is set on object 'Object Repository/IWP30/Page_CCPaymentEntry/AL1'

2020-07-10 18:38:19 - [MESSAGE][PASSED] - Object 'Object Repository/IWP30/Page_CCPaymentEntry/AL2' is present

2020-07-10 18:38:20 - [MESSAGE][PASSED] - Text 'Mera AL2' is set on object 'Object Repository/IWP30/Page_CCPaymentEntry/AL2'

2020-07-10 18:38:20 - [MESSAGE][PASSED] - Object 'Object Repository/IWP30/Page_CCPaymentEntry/ZIP' is present

2020-07-10 18:38:21 - [MESSAGE][PASSED] - Text '21054' is set on object 'Object Repository/IWP30/Page_CCPaymentEntry/ZIP'

2020-07-10 18:38:21 - [MESSAGE][PASSED] - Object 'Object Repository/IWP30/Page_CCPaymentEntry/EmailAddress' is present

2020-07-10 18:38:22 - [MESSAGE][PASSED] - Text 'merae@gmail.com' is set on object 'Object Repository/IWP30/Page_CCPaymentEntry/EmailAddress'

2020-07-10 18:38:22 - [MESSAGE][PASSED] - Object 'Object Repository/IWP30/Page_CCPaymentEntry/TermCondCheckBox' is present

2020-07-10 18:38:23 - [MESSAGE][PASSED] - Object 'Object Repository/IWP30/Page_CCPaymentEntry/TermCondCheckBox' is checked

2020-07-10 18:38:23 - [MESSAGE][PASSED] - Object 'Object Repository/IWP30/Page_CCPaymentEntry/ContinueButton' is present

2020-07-10 18:38:24 - [MESSAGE][PASSED] - Object: 'Object Repository/IWP30/Page_CCPaymentEntry/ContinueButton' is clicked on

2020-07-10 18:38:24 - [MESSAGE][PASSED] - iwpPages.ccPaymentEntryPage.setDataCCPM is PASSED

2020-07-10 18:38:24 - [TEST_STEP][PASSED] - if (verifyTextPresent("Please verify the following information", false)): null

2020-07-10 18:38:25 - [MESSAGE][PASSED] - Text 'Please verify the following information' is present on page 

2020-07-10 18:38:25 - [TEST_STEP][PASSED] - println("Please verify the following information text is present on the Confirmation page"): null

2020-07-10 18:38:25 - [TEST_STEP][PASSED] - if (verifyTextPresent("Is this information correct?", false)): null

2020-07-10 18:38:25 - [MESSAGE][PASSED] - Text 'Is this information correct?' is present on page 

2020-07-10 18:38:25 - [TEST_STEP][PASSED] - println("Is this information correct text is present on the Confirmation page"): null

2020-07-10 18:38:25 - [TEST_STEP][PASSED] - if (verifyElementPresent(findTestObject("Object Repository/IWP30/Page_Confirmation/ConfirmButton"), 30)): null

2020-07-10 18:38:25 - [MESSAGE][PASSED] - Object 'Object Repository/IWP30/Page_Confirmation/ConfirmButton' is present

2020-07-10 18:38:25 - [TEST_STEP][PASSED] - click(findTestObject("Object Repository/IWP30/Page_Confirmation/ConfirmButton")): Object: 'Object Repository/IWP30/Page_Confirmation/ConfirmButton' is clicked on

2020-07-10 18:38:26 - [MESSAGE][PASSED] - Object: 'Object Repository/IWP30/Page_Confirmation/ConfirmButton' is clicked on

2020-07-10 18:38:26 - [TEST_STEP][PASSED] - Thread.sleep(10000): null

2020-07-10 18:38:36 - [TEST_STEP][PASSED] - if (verifyTextPresent("Successful Payment Receipt", false)): null

2020-07-10 18:38:37 - [MESSAGE][PASSED] - Text 'Successful Payment Receipt' is present on page 

2020-07-10 18:38:37 - [TEST_STEP][PASSED] - println("Successful Payment Receipt text is present on the Receipt page"): null

2020-07-10 18:38:37 - [TEST_STEP][PASSED] - if (verifyTextPresent("Please print this receipt for your records", false)): null

2020-07-10 18:38:37 - [MESSAGE][PASSED] - Text 'Please print this receipt for your records' is present on page 

2020-07-10 18:38:37 - [TEST_STEP][PASSED] - println("Please print this receipt for your records text is present on the Receipt page"): null

2020-07-10 18:38:37 - [TEST_STEP][PASSED] - if (verifyElementPresent(findTestObject("Object Repository/IWP30/Page_Receipt/ExitButton"), 30)): null

2020-07-10 18:38:37 - [MESSAGE][PASSED] - Object 'Object Repository/IWP30/Page_Receipt/ExitButton' is present

2020-07-10 18:38:37 - [TEST_STEP][PASSED] - println("Exit Button is present on the Receipt page"): null

2020-07-10 18:38:37 - [TEST_STEP][PASSED] - openBrowser("https://qa.velocitypayment.com/agency/config.do?action=editor"): Browser is opened with url: 'https://qa.velocitypayment.com/agency/config.do?action=editor'

2020-07-10 18:38:37 - [MESSAGE][WARNING] - A browser is already opened. Closing browser and opening a new one

2020-07-10 18:38:38 - [MESSAGE][INFO] - Starting 'Chrome' driver

2020-07-10 18:38:38 - [MESSAGE][INFO] - User set preference: ['acceptInsecureCerts', 'true']

2020-07-10 18:38:38 - [MESSAGE][INFO] - Action delay is set to 0 milliseconds

2020-07-10 18:38:42 - [MESSAGE][PASSED] - Browser is opened with url: 'https://qa.velocitypayment.com/agency/config.do?action=editor'

2020-07-10 18:38:42 - [TEST_STEP][PASSED] - maximizeWindow(): Current window maximized

2020-07-10 18:38:42 - [MESSAGE][PASSED] - Current window maximized

2020-07-10 18:38:42 - [TEST_STEP][PASSED] - iwpPages.emulatorIWP30.getSetData(row, dataFile): iwpPages.emulatorIWP30.getSetData is PASSED

2020-07-10 18:38:44 - [MESSAGE][PASSED] - All options with value '3.0' are selected in object 'Object Repository/IWP30/Page_VRelay30Emulator/MV'  using regular expression

2020-07-10 18:38:45 - [MESSAGE][PASSED] - Text '10.50' is set on object 'Object Repository/IWP30/Page_VRelay30Emulator/Amount'

2020-07-10 18:38:45 - [MESSAGE][PASSED] - Text '26411005' is set on object 'Object Repository/IWP30/Page_VRelay30Emulator/CAN'

2020-07-10 18:38:46 - [MESSAGE][PASSED] - Text 'PayNow' is set on object 'Object Repository/IWP30/Page_VRelay30Emulator/Action'

2020-07-10 18:38:47 - [MESSAGE][PASSED] - Text 'en_US' is set on object 'Object Repository/IWP30/Page_VRelay30Emulator/Lang'

2020-07-10 18:38:47 - [MESSAGE][PASSED] - Text 'Marty' is set on object 'Object Repository/IWP30/Page_VRelay30Emulator/Fname'

2020-07-10 18:38:48 - [MESSAGE][PASSED] - Text 'Jones' is set on object 'Object Repository/IWP30/Page_VRelay30Emulator/Lname'

2020-07-10 18:38:49 - [MESSAGE][PASSED] - Text '2311 York road' is set on object 'Object Repository/IWP30/Page_VRelay30Emulator/AL1'

2020-07-10 18:38:49 - [MESSAGE][PASSED] - Text 'Suite 600' is set on object 'Object Repository/IWP30/Page_VRelay30Emulator/AL2'

2020-07-10 18:38:50 - [MESSAGE][PASSED] - Text '840' is set on object 'Object Repository/IWP30/Page_VRelay30Emulator/Country'

2020-07-10 18:38:51 - [MESSAGE][PASSED] - Text 'Arlington' is set on object 'Object Repository/IWP30/Page_VRelay30Emulator/City'

2020-07-10 18:38:51 - [MESSAGE][PASSED] - Text 'VA' is set on object 'Object Repository/IWP30/Page_VRelay30Emulator/State'

2020-07-10 18:38:52 - [MESSAGE][PASSED] - Text '22201' is set on object 'Object Repository/IWP30/Page_VRelay30Emulator/ZIP'

2020-07-10 18:38:52 - [MESSAGE][PASSED] - Text '' is set on object 'Object Repository/IWP30/Page_VRelay30Emulator/Order'

2020-07-10 18:38:53 - [MESSAGE][PASSED] - Text '' is set on object 'Object Repository/IWP30/Page_VRelay30Emulator/Company'

2020-07-10 18:38:54 - [MESSAGE][PASSED] - Text 'iahmed@govolution.com' is set on object 'Object Repository/IWP30/Page_VRelay30Emulator/Email'

2020-07-10 18:38:54 - [MESSAGE][PASSED] - Text 'udf data 1' is set on object 'Object Repository/IWP30/Page_VRelay30Emulator/UDF1'

2020-07-10 18:38:55 - [MESSAGE][PASSED] - Text 'udf data 2' is set on object 'Object Repository/IWP30/Page_VRelay30Emulator/UDF2'

2020-07-10 18:38:56 - [MESSAGE][PASSED] - Text 'udf data 3' is set on object 'Object Repository/IWP30/Page_VRelay30Emulator/UDF3'

2020-07-10 18:38:56 - [MESSAGE][PASSED] - Text 'udf data 4' is set on object 'Object Repository/IWP30/Page_VRelay30Emulator/UDF4'

2020-07-10 18:38:57 - [MESSAGE][PASSED] - Text 'udf data 5' is set on object 'Object Repository/IWP30/Page_VRelay30Emulator/UDF5'

2020-07-10 18:38:58 - [MESSAGE][PASSED] - Text 'udf data 6' is set on object 'Object Repository/IWP30/Page_VRelay30Emulator/UDF6'

2020-07-10 18:38:58 - [MESSAGE][PASSED] - Text 'Purple' is set on object 'Object Repository/IWP30/Page_VRelay30Emulator/UDF7'

2020-07-10 18:38:59 - [MESSAGE][PASSED] - Text 'Tennis' is set on object 'Object Repository/IWP30/Page_VRelay30Emulator/UDF8'

2020-07-10 18:39:00 - [MESSAGE][PASSED] - Text 'udf data 9' is set on object 'Object Repository/IWP30/Page_VRelay30Emulator/UDF9'

2020-07-10 18:39:01 - [MESSAGE][PASSED] - Text 'udf data 10' is set on object 'Object Repository/IWP30/Page_VRelay30Emulator/UDF10'

2020-07-10 18:39:11 - [MESSAGE][PASSED] - Object: 'Object Repository/IWP30/Page_VRelay30Emulator/Submit' is clicked on

2020-07-10 18:39:11 - [MESSAGE][PASSED] - iwpPages.emulatorIWP30.getSetData is PASSED

2020-07-10 18:39:11 - [TEST_STEP][PASSED] - closeBrowser(): Browser is closed

2020-07-10 18:39:12 - [MESSAGE][PASSED] - Browser is closed

2020-07-10 18:39:12 - [TEST_STEP][PASSED] - openBrowser("https://dev-algorithm.govolution.com/vrelaytest/QA/version_2_2/vrelaytest.html"): Browser is opened with url: 'https://dev-algorithm.govolution.com/vrelaytest/QA/version_2_2/vrelaytest.html'

2020-07-10 18:39:12 - [MESSAGE][INFO] - Starting 'Chrome' driver

2020-07-10 18:39:12 - [MESSAGE][INFO] - User set preference: ['acceptInsecureCerts', 'true']

2020-07-10 18:39:12 - [MESSAGE][INFO] - Action delay is set to 0 milliseconds

2020-07-10 18:39:15 - [MESSAGE][PASSED] - Browser is opened with url: 'https://dev-algorithm.govolution.com/vrelaytest/QA/version_2_2/vrelaytest.html'

2020-07-10 18:39:15 - [TEST_STEP][PASSED] - maximizeWindow(): Current window maximized

2020-07-10 18:39:16 - [MESSAGE][PASSED] - Current window maximized

2020-07-10 18:39:16 - [TEST_STEP][PASSED] - iwpPages.TestHarnessPage.setDataMethod(row, dataFile): iwpPages.TestHarnessPage.setDataMethod is PASSED

2020-07-10 18:39:16 - [MESSAGE][PASSED] - Object 'Object Repository/IWP30/Page_QATestHarness/RemittanceID' is present

2020-07-10 18:39:17 - [MESSAGE][PASSED] - Text '649' is set on object 'Object Repository/IWP30/Page_QATestHarness/ApplicationID'

2020-07-10 18:39:17 - [MESSAGE][PASSED] - Text '3.0' is set on object 'Object Repository/IWP30/Page_QATestHarness/MessageVersion'

2020-07-10 18:39:18 - [MESSAGE][PASSED] - Text 'LzGgH8ZdWLeI' is set on object 'Object Repository/IWP30/Page_QATestHarness/RemittanceID'

2020-07-10 18:39:19 - [MESSAGE][PASSED] - Object: 'Object Repository/IWP30/Page_QATestHarness/SubmitButton' is clicked on

2020-07-10 18:39:19 - [MESSAGE][PASSED] - iwpPages.TestHarnessPage.setDataMethod is PASSED

2020-07-10 18:39:19 - [TEST_STEP][PASSED] - if (verifyElementPresent(findTestObject("Object Repository/IWP30/Page_SelectPaymentMethod/PayByCreditCard"), 30)): null

2020-07-10 18:39:20 - [MESSAGE][PASSED] - Object 'Object Repository/IWP30/Page_SelectPaymentMethod/PayByCreditCard' is present

2020-07-10 18:39:20 - [TEST_STEP][PASSED] - println("We are on Select Payment Method page, start populating"): null

2020-07-10 18:39:20 - [TEST_STEP][PASSED] - check(findTestObject("Object Repository/IWP30/Page_SelectPaymentMethod/PayByCreditCard")): Object 'Object Repository/IWP30/Page_SelectPaymentMethod/PayByCreditCard' is checked

2020-07-10 18:39:20 - [MESSAGE][PASSED] - Object 'Object Repository/IWP30/Page_SelectPaymentMethod/PayByCreditCard' is checked

2020-07-10 18:39:20 - [TEST_STEP][PASSED] - Thread.sleep(1000): null

2020-07-10 18:39:21 - [TEST_STEP][PASSED] - click(findTestObject("Object Repository/IWP30/Page_SelectPaymentMethod/MakePaymentButton")): Object: 'Object Repository/IWP30/Page_SelectPaymentMethod/MakePaymentButton' is clicked on

2020-07-10 18:39:22 - [MESSAGE][PASSED] - Object: 'Object Repository/IWP30/Page_SelectPaymentMethod/MakePaymentButton' is clicked on

2020-07-10 18:39:22 - [TEST_STEP][PASSED] - iwpPages.ccPaymentEntryPage.setDataCCPM(row, dataFile): iwpPages.ccPaymentEntryPage.setDataCCPM is PASSED

2020-07-10 18:39:23 - [MESSAGE][PASSED] - Object 'Object Repository/IWP30/Page_CCPaymentEntry/Name' is present

2020-07-10 18:39:23 - [MESSAGE][PASSED] - Object 'Object Repository/IWP30/Page_CCPaymentEntry/Amount' is present

2020-07-10 18:39:24 - [MESSAGE][PASSED] - Object 'Object Repository/IWP30/Page_CCPaymentEntry/UserDefined2' is present

2020-07-10 18:39:24 - [MESSAGE][PASSED] - Object 'Object Repository/IWP30/Page_CCPaymentEntry/UserDefined3' is present

2020-07-10 18:39:24 - [MESSAGE][PASSED] - Object 'Object Repository/IWP30/Page_CCPaymentEntry/UserDefined7' is present

2020-07-10 18:39:25 - [MESSAGE][PASSED] - Object 'Object Repository/IWP30/Page_CCPaymentEntry/UserDefined8' is present

2020-07-10 18:39:25 - [MESSAGE][PASSED] - Object 'Object Repository/IWP30/Page_CCPaymentEntry/Name' is present

2020-07-10 18:39:25 - [MESSAGE][PASSED] - Object 'Object Repository/IWP30/Page_CCPaymentEntry/CardNumber' is present

2020-07-10 18:39:26 - [MESSAGE][PASSED] - Text '4111111111111111' is set on object 'Object Repository/IWP30/Page_CCPaymentEntry/CardNumber'

2020-07-10 18:39:26 - [MESSAGE][PASSED] - Object 'Object Repository/IWP30/Page_CCPaymentEntry/SPC' is present

2020-07-10 18:39:27 - [MESSAGE][PASSED] - Text '123' is set on object 'Object Repository/IWP30/Page_CCPaymentEntry/SPC'

2020-07-10 18:39:27 - [MESSAGE][PASSED] - Object 'Object Repository/IWP30/Page_CCPaymentEntry/Month' is present

2020-07-10 18:39:27 - [MESSAGE][PASSED] - All options with label '09' are selected in object 'Object Repository/IWP30/Page_CCPaymentEntry/Month' 

2020-07-10 18:39:28 - [MESSAGE][PASSED] - Object 'Object Repository/IWP30/Page_CCPaymentEntry/Year' is present

2020-07-10 18:39:28 - [MESSAGE][PASSED] - All options with label '2023' are selected in object 'Object Repository/IWP30/Page_CCPaymentEntry/Year' 

2020-07-10 18:39:29 - [MESSAGE][PASSED] - Object 'Object Repository/IWP30/Page_CCPaymentEntry/ProcessDate' is present

2020-07-10 18:39:29 - [MESSAGE][PASSED] - Object 'Object Repository/IWP30/Page_CCPaymentEntry/AL1' is present

2020-07-10 18:39:29 - [MESSAGE][PASSED] - Object 'Object Repository/IWP30/Page_CCPaymentEntry/AL2' is present

2020-07-10 18:39:30 - [MESSAGE][PASSED] - Object 'Object Repository/IWP30/Page_CCPaymentEntry/ZIP' is present

2020-07-10 18:39:30 - [MESSAGE][PASSED] - Object 'Object Repository/IWP30/Page_CCPaymentEntry/EmailAddress' is present

2020-07-10 18:39:30 - [MESSAGE][PASSED] - Object 'Object Repository/IWP30/Page_CCPaymentEntry/TermCondCheckBox' is present

2020-07-10 18:39:31 - [MESSAGE][PASSED] - Object 'Object Repository/IWP30/Page_CCPaymentEntry/TermCondCheckBox' is checked

2020-07-10 18:39:31 - [MESSAGE][PASSED] - Object 'Object Repository/IWP30/Page_CCPaymentEntry/ContinueButton' is present

2020-07-10 18:39:32 - [MESSAGE][PASSED] - Object: 'Object Repository/IWP30/Page_CCPaymentEntry/ContinueButton' is clicked on

2020-07-10 18:39:32 - [MESSAGE][PASSED] - iwpPages.ccPaymentEntryPage.setDataCCPM is PASSED

2020-07-10 18:39:32 - [TEST_STEP][PASSED] - if (verifyTextPresent("Please verify the following information", false)): null

2020-07-10 18:39:33 - [MESSAGE][PASSED] - Text 'Please verify the following information' is present on page 

2020-07-10 18:39:33 - [TEST_STEP][PASSED] - println("Please verify the following information text is present on the Confirmation page"): null

2020-07-10 18:39:33 - [TEST_STEP][PASSED] - if (verifyTextPresent("Is this information correct?", false)): null

2020-07-10 18:39:33 - [MESSAGE][PASSED] - Text 'Is this information correct?' is present on page 

2020-07-10 18:39:33 - [TEST_STEP][PASSED] - println("Is this information correct text is present on the Confirmation page"): null

2020-07-10 18:39:33 - [TEST_STEP][PASSED] - if (verifyElementPresent(findTestObject("Object Repository/IWP30/Page_Confirmation/ConfirmButton"), 30)): null

2020-07-10 18:39:33 - [MESSAGE][PASSED] - Object 'Object Repository/IWP30/Page_Confirmation/ConfirmButton' is present

2020-07-10 18:39:33 - [TEST_STEP][PASSED] - click(findTestObject("Object Repository/IWP30/Page_Confirmation/ConfirmButton")): Object: 'Object Repository/IWP30/Page_Confirmation/ConfirmButton' is clicked on

2020-07-10 18:39:34 - [MESSAGE][PASSED] - Object: 'Object Repository/IWP30/Page_Confirmation/ConfirmButton' is clicked on

2020-07-10 18:39:34 - [TEST_STEP][PASSED] - Thread.sleep(10000): null

2020-07-10 18:39:44 - [TEST_STEP][PASSED] - if (verifyTextPresent("Successful Payment Receipt", false)): null

2020-07-10 18:39:45 - [MESSAGE][PASSED] - Text 'Successful Payment Receipt' is present on page 

2020-07-10 18:39:45 - [TEST_STEP][PASSED] - println("Successful Payment Receipt text is present on the Receipt page"): null

2020-07-10 18:39:45 - [TEST_STEP][PASSED] - if (verifyTextPresent("Please print this receipt for your records", false)): null

2020-07-10 18:39:45 - [MESSAGE][PASSED] - Text 'Please print this receipt for your records' is present on page 

2020-07-10 18:39:45 - [TEST_STEP][PASSED] - println("Please print this receipt for your records text is present on the Receipt page"): null

2020-07-10 18:39:45 - [TEST_STEP][PASSED] - if (verifyElementPresent(findTestObject("Object Repository/IWP30/Page_Receipt/ExitButton"), 30)): null

2020-07-10 18:39:45 - [MESSAGE][PASSED] - Object 'Object Repository/IWP30/Page_Receipt/ExitButton' is present

2020-07-10 18:39:45 - [TEST_STEP][PASSED] - println("Exit Button is present on the Receipt page"): null

2020-07-10 18:39:45 - [TEST_STEP][PASSED] - openBrowser("https://qa.velocitypayment.com/agency/config.do?action=editor"): Browser is opened with url: 'https://qa.velocitypayment.com/agency/config.do?action=editor'

2020-07-10 18:39:45 - [MESSAGE][WARNING] - A browser is already opened. Closing browser and opening a new one

2020-07-10 18:39:46 - [MESSAGE][INFO] - Starting 'Chrome' driver

2020-07-10 18:39:46 - [MESSAGE][INFO] - User set preference: ['acceptInsecureCerts', 'true']

2020-07-10 18:39:46 - [MESSAGE][INFO] - Action delay is set to 0 milliseconds

2020-07-10 18:39:50 - [MESSAGE][PASSED] - Browser is opened with url: 'https://qa.velocitypayment.com/agency/config.do?action=editor'

2020-07-10 18:39:50 - [TEST_STEP][PASSED] - maximizeWindow(): Current window maximized

2020-07-10 18:39:50 - [MESSAGE][PASSED] - Current window maximized

2020-07-10 18:39:50 - [TEST_STEP][PASSED] - iwpPages.emulatorIWP30.getSetData(row, dataFile): iwpPages.emulatorIWP30.getSetData is PASSED

2020-07-10 18:39:52 - [MESSAGE][PASSED] - All options with value '3.0' are selected in object 'Object Repository/IWP30/Page_VRelay30Emulator/MV'  using regular expression

2020-07-10 18:39:53 - [MESSAGE][PASSED] - Text '29.50' is set on object 'Object Repository/IWP30/Page_VRelay30Emulator/Amount'

2020-07-10 18:39:53 - [MESSAGE][PASSED] - Text '26412109' is set on object 'Object Repository/IWP30/Page_VRelay30Emulator/CAN'

2020-07-10 18:39:54 - [MESSAGE][PASSED] - Text 'PayNow' is set on object 'Object Repository/IWP30/Page_VRelay30Emulator/Action'

2020-07-10 18:39:55 - [MESSAGE][PASSED] - Text 'en_US' is set on object 'Object Repository/IWP30/Page_VRelay30Emulator/Lang'

2020-07-10 18:39:55 - [MESSAGE][PASSED] - Text 'Jonty' is set on object 'Object Repository/IWP30/Page_VRelay30Emulator/Fname'

2020-07-10 18:39:56 - [MESSAGE][PASSED] - Text 'Smith' is set on object 'Object Repository/IWP30/Page_VRelay30Emulator/Lname'

2020-07-10 18:39:56 - [MESSAGE][PASSED] - Text '15 Elm St' is set on object 'Object Repository/IWP30/Page_VRelay30Emulator/AL1'

2020-07-10 18:39:57 - [MESSAGE][PASSED] - Text 'Suite 600' is set on object 'Object Repository/IWP30/Page_VRelay30Emulator/AL2'

2020-07-10 18:39:58 - [MESSAGE][PASSED] - Text '840' is set on object 'Object Repository/IWP30/Page_VRelay30Emulator/Country'

2020-07-10 18:39:58 - [MESSAGE][PASSED] - Text 'Gambrills' is set on object 'Object Repository/IWP30/Page_VRelay30Emulator/City'

2020-07-10 18:39:59 - [MESSAGE][PASSED] - Text 'MD' is set on object 'Object Repository/IWP30/Page_VRelay30Emulator/State'

2020-07-10 18:40:00 - [MESSAGE][PASSED] - Text '21054' is set on object 'Object Repository/IWP30/Page_VRelay30Emulator/ZIP'

2020-07-10 18:40:00 - [MESSAGE][PASSED] - Text '' is set on object 'Object Repository/IWP30/Page_VRelay30Emulator/Order'

2020-07-10 18:40:01 - [MESSAGE][PASSED] - Text '' is set on object 'Object Repository/IWP30/Page_VRelay30Emulator/Company'

2020-07-10 18:40:02 - [MESSAGE][PASSED] - Text 'iahmed@govolution.com' is set on object 'Object Repository/IWP30/Page_VRelay30Emulator/Email'

2020-07-10 18:40:02 - [MESSAGE][PASSED] - Text 'udf data 1' is set on object 'Object Repository/IWP30/Page_VRelay30Emulator/UDF1'

2020-07-10 18:40:03 - [MESSAGE][PASSED] - Text 'udf data 2' is set on object 'Object Repository/IWP30/Page_VRelay30Emulator/UDF2'

2020-07-10 18:40:04 - [MESSAGE][PASSED] - Text 'udf data 3' is set on object 'Object Repository/IWP30/Page_VRelay30Emulator/UDF3'

2020-07-10 18:40:05 - [MESSAGE][PASSED] - Text 'udf data 4' is set on object 'Object Repository/IWP30/Page_VRelay30Emulator/UDF4'

2020-07-10 18:40:05 - [MESSAGE][PASSED] - Text 'udf data 5' is set on object 'Object Repository/IWP30/Page_VRelay30Emulator/UDF5'

2020-07-10 18:40:06 - [MESSAGE][PASSED] - Text 'udf data 6' is set on object 'Object Repository/IWP30/Page_VRelay30Emulator/UDF6'

2020-07-10 18:40:07 - [MESSAGE][PASSED] - Text 'Orange' is set on object 'Object Repository/IWP30/Page_VRelay30Emulator/UDF7'

2020-07-10 18:40:07 - [MESSAGE][PASSED] - Text 'Soccer' is set on object 'Object Repository/IWP30/Page_VRelay30Emulator/UDF8'

2020-07-10 18:40:08 - [MESSAGE][PASSED] - Text 'udf data 9' is set on object 'Object Repository/IWP30/Page_VRelay30Emulator/UDF9'

2020-07-10 18:40:09 - [MESSAGE][PASSED] - Text 'udf data 10' is set on object 'Object Repository/IWP30/Page_VRelay30Emulator/UDF10'

2020-07-10 18:40:19 - [MESSAGE][PASSED] - Object: 'Object Repository/IWP30/Page_VRelay30Emulator/Submit' is clicked on

2020-07-10 18:40:19 - [MESSAGE][PASSED] - iwpPages.emulatorIWP30.getSetData is PASSED

2020-07-10 18:40:19 - [TEST_STEP][PASSED] - closeBrowser(): Browser is closed

2020-07-10 18:40:20 - [MESSAGE][PASSED] - Browser is closed

2020-07-10 18:40:20 - [TEST_STEP][PASSED] - openBrowser("https://dev-algorithm.govolution.com/vrelaytest/QA/version_2_2/vrelaytest.html"): Browser is opened with url: 'https://dev-algorithm.govolution.com/vrelaytest/QA/version_2_2/vrelaytest.html'

2020-07-10 18:40:20 - [MESSAGE][INFO] - Starting 'Chrome' driver

2020-07-10 18:40:20 - [MESSAGE][INFO] - User set preference: ['acceptInsecureCerts', 'true']

2020-07-10 18:40:20 - [MESSAGE][INFO] - Action delay is set to 0 milliseconds

2020-07-10 18:40:24 - [MESSAGE][PASSED] - Browser is opened with url: 'https://dev-algorithm.govolution.com/vrelaytest/QA/version_2_2/vrelaytest.html'

2020-07-10 18:40:24 - [TEST_STEP][PASSED] - maximizeWindow(): Current window maximized

2020-07-10 18:40:24 - [MESSAGE][PASSED] - Current window maximized

2020-07-10 18:40:24 - [TEST_STEP][PASSED] - iwpPages.TestHarnessPage.setDataMethod(row, dataFile): iwpPages.TestHarnessPage.setDataMethod is PASSED

2020-07-10 18:40:24 - [MESSAGE][PASSED] - Object 'Object Repository/IWP30/Page_QATestHarness/RemittanceID' is present

2020-07-10 18:40:25 - [MESSAGE][PASSED] - Text '649' is set on object 'Object Repository/IWP30/Page_QATestHarness/ApplicationID'

2020-07-10 18:40:26 - [MESSAGE][PASSED] - Text '3.0' is set on object 'Object Repository/IWP30/Page_QATestHarness/MessageVersion'

2020-07-10 18:40:26 - [MESSAGE][PASSED] - Text 'Qb6EAVQwvilq' is set on object 'Object Repository/IWP30/Page_QATestHarness/RemittanceID'

2020-07-10 18:40:27 - [MESSAGE][PASSED] - Object: 'Object Repository/IWP30/Page_QATestHarness/SubmitButton' is clicked on

2020-07-10 18:40:27 - [MESSAGE][PASSED] - iwpPages.TestHarnessPage.setDataMethod is PASSED

2020-07-10 18:40:27 - [TEST_STEP][PASSED] - if (verifyElementPresent(findTestObject("Object Repository/IWP30/Page_SelectPaymentMethod/PayByCreditCard"), 30)): null

2020-07-10 18:40:28 - [MESSAGE][PASSED] - Object 'Object Repository/IWP30/Page_SelectPaymentMethod/PayByCreditCard' is present

2020-07-10 18:40:28 - [TEST_STEP][PASSED] - println("We are on Select Payment Method page, start populating"): null

2020-07-10 18:40:28 - [TEST_STEP][PASSED] - check(findTestObject("Object Repository/IWP30/Page_SelectPaymentMethod/PayByCreditCard")): Object 'Object Repository/IWP30/Page_SelectPaymentMethod/PayByCreditCard' is checked

2020-07-10 18:40:28 - [MESSAGE][PASSED] - Object 'Object Repository/IWP30/Page_SelectPaymentMethod/PayByCreditCard' is checked

2020-07-10 18:40:28 - [TEST_STEP][PASSED] - Thread.sleep(1000): null

2020-07-10 18:40:29 - [TEST_STEP][PASSED] - click(findTestObject("Object Repository/IWP30/Page_SelectPaymentMethod/MakePaymentButton")): Object: 'Object Repository/IWP30/Page_SelectPaymentMethod/MakePaymentButton' is clicked on

2020-07-10 18:40:30 - [MESSAGE][PASSED] - Object: 'Object Repository/IWP30/Page_SelectPaymentMethod/MakePaymentButton' is clicked on

2020-07-10 18:40:30 - [TEST_STEP][PASSED] - iwpPages.ccPaymentEntryPage.setDataCCPM(row, dataFile): iwpPages.ccPaymentEntryPage.setDataCCPM is PASSED

2020-07-10 18:40:31 - [MESSAGE][PASSED] - Object 'Object Repository/IWP30/Page_CCPaymentEntry/Name' is present

2020-07-10 18:40:31 - [MESSAGE][PASSED] - Object 'Object Repository/IWP30/Page_CCPaymentEntry/Amount' is present

2020-07-10 18:40:32 - [MESSAGE][PASSED] - Text '20.50' is set on object 'Object Repository/IWP30/Page_CCPaymentEntry/Amount'

2020-07-10 18:40:32 - [MESSAGE][PASSED] - Object 'Object Repository/IWP30/Page_CCPaymentEntry/UserDefined2' is present

2020-07-10 18:40:33 - [MESSAGE][PASSED] - Text 'Circle' is set on object 'Object Repository/IWP30/Page_CCPaymentEntry/UserDefined2'

2020-07-10 18:40:33 - [MESSAGE][PASSED] - Object 'Object Repository/IWP30/Page_CCPaymentEntry/UserDefined3' is present

2020-07-10 18:40:34 - [MESSAGE][PASSED] - Text 'Triangle' is set on object 'Object Repository/IWP30/Page_CCPaymentEntry/UserDefined3'

2020-07-10 18:40:34 - [MESSAGE][PASSED] - Object 'Object Repository/IWP30/Page_CCPaymentEntry/UserDefined7' is present

2020-07-10 18:40:35 - [MESSAGE][PASSED] - All options with label 'Purple' are selected in object 'Object Repository/IWP30/Page_CCPaymentEntry/UserDefined7' 

2020-07-10 18:40:35 - [MESSAGE][PASSED] - Object 'Object Repository/IWP30/Page_CCPaymentEntry/UserDefined8' is present

2020-07-10 18:40:36 - [MESSAGE][PASSED] - All options with label 'Tennis' are selected in object 'Object Repository/IWP30/Page_CCPaymentEntry/UserDefined8' 

2020-07-10 18:40:36 - [MESSAGE][PASSED] - Object 'Object Repository/IWP30/Page_CCPaymentEntry/Name' is present

2020-07-10 18:40:37 - [MESSAGE][PASSED] - Text 'Alan Donald' is set on object 'Object Repository/IWP30/Page_CCPaymentEntry/Name'

2020-07-10 18:40:37 - [MESSAGE][PASSED] - Object 'Object Repository/IWP30/Page_CCPaymentEntry/CardNumber' is present

2020-07-10 18:40:38 - [MESSAGE][PASSED] - Text '5424000000000015' is set on object 'Object Repository/IWP30/Page_CCPaymentEntry/CardNumber'

2020-07-10 18:40:39 - [MESSAGE][PASSED] - Object 'Object Repository/IWP30/Page_CCPaymentEntry/SPC' is present

2020-07-10 18:40:39 - [MESSAGE][PASSED] - Text '258' is set on object 'Object Repository/IWP30/Page_CCPaymentEntry/SPC'

2020-07-10 18:40:40 - [MESSAGE][PASSED] - Object 'Object Repository/IWP30/Page_CCPaymentEntry/Month' is present

2020-07-10 18:40:40 - [MESSAGE][PASSED] - All options with label '10' are selected in object 'Object Repository/IWP30/Page_CCPaymentEntry/Month' 

2020-07-10 18:40:40 - [MESSAGE][PASSED] - Object 'Object Repository/IWP30/Page_CCPaymentEntry/Year' is present

2020-07-10 18:40:41 - [MESSAGE][PASSED] - All options with label '2025' are selected in object 'Object Repository/IWP30/Page_CCPaymentEntry/Year' 

2020-07-10 18:40:41 - [MESSAGE][PASSED] - Object 'Object Repository/IWP30/Page_CCPaymentEntry/ProcessDate' is present

2020-07-10 18:40:42 - [MESSAGE][PASSED] - Object 'Object Repository/IWP30/Page_CCPaymentEntry/AL1' is present

2020-07-10 18:40:42 - [MESSAGE][PASSED] - Text 'Mera AL1' is set on object 'Object Repository/IWP30/Page_CCPaymentEntry/AL1'

2020-07-10 18:40:43 - [MESSAGE][PASSED] - Object 'Object Repository/IWP30/Page_CCPaymentEntry/AL2' is present

2020-07-10 18:40:44 - [MESSAGE][PASSED] - Text 'Mera AL2' is set on object 'Object Repository/IWP30/Page_CCPaymentEntry/AL2'

2020-07-10 18:40:44 - [MESSAGE][PASSED] - Object 'Object Repository/IWP30/Page_CCPaymentEntry/ZIP' is present

2020-07-10 18:40:45 - [MESSAGE][PASSED] - Text '21054' is set on object 'Object Repository/IWP30/Page_CCPaymentEntry/ZIP'

2020-07-10 18:40:45 - [MESSAGE][PASSED] - Object 'Object Repository/IWP30/Page_CCPaymentEntry/EmailAddress' is present

2020-07-10 18:40:46 - [MESSAGE][PASSED] - Text 'merae@gmail.com' is set on object 'Object Repository/IWP30/Page_CCPaymentEntry/EmailAddress'

2020-07-10 18:40:47 - [MESSAGE][PASSED] - Object 'Object Repository/IWP30/Page_CCPaymentEntry/TermCondCheckBox' is present

2020-07-10 18:40:47 - [MESSAGE][PASSED] - Object 'Object Repository/IWP30/Page_CCPaymentEntry/TermCondCheckBox' is checked

2020-07-10 18:40:47 - [MESSAGE][PASSED] - Object 'Object Repository/IWP30/Page_CCPaymentEntry/ContinueButton' is present

2020-07-10 18:40:48 - [MESSAGE][PASSED] - Object: 'Object Repository/IWP30/Page_CCPaymentEntry/ContinueButton' is clicked on

2020-07-10 18:40:48 - [MESSAGE][PASSED] - iwpPages.ccPaymentEntryPage.setDataCCPM is PASSED

2020-07-10 18:40:48 - [TEST_STEP][PASSED] - if (verifyTextPresent("Please verify the following information", false)): null

2020-07-10 18:40:49 - [MESSAGE][PASSED] - Text 'Please verify the following information' is present on page 

2020-07-10 18:40:49 - [TEST_STEP][PASSED] - println("Please verify the following information text is present on the Confirmation page"): null

2020-07-10 18:40:49 - [TEST_STEP][PASSED] - if (verifyTextPresent("Is this information correct?", false)): null

2020-07-10 18:40:49 - [MESSAGE][PASSED] - Text 'Is this information correct?' is present on page 

2020-07-10 18:40:49 - [TEST_STEP][PASSED] - println("Is this information correct text is present on the Confirmation page"): null

2020-07-10 18:40:49 - [TEST_STEP][PASSED] - if (verifyElementPresent(findTestObject("Object Repository/IWP30/Page_Confirmation/ConfirmButton"), 30)): null

2020-07-10 18:40:49 - [MESSAGE][PASSED] - Object 'Object Repository/IWP30/Page_Confirmation/ConfirmButton' is present

2020-07-10 18:40:49 - [TEST_STEP][PASSED] - click(findTestObject("Object Repository/IWP30/Page_Confirmation/ConfirmButton")): Object: 'Object Repository/IWP30/Page_Confirmation/ConfirmButton' is clicked on

2020-07-10 18:40:51 - [MESSAGE][PASSED] - Object: 'Object Repository/IWP30/Page_Confirmation/ConfirmButton' is clicked on

2020-07-10 18:40:51 - [TEST_STEP][PASSED] - Thread.sleep(10000): null

2020-07-10 18:41:01 - [TEST_STEP][PASSED] - if (verifyTextPresent("Successful Payment Receipt", false)): null

2020-07-10 18:41:01 - [MESSAGE][PASSED] - Text 'Successful Payment Receipt' is present on page 

2020-07-10 18:41:01 - [TEST_STEP][PASSED] - println("Successful Payment Receipt text is present on the Receipt page"): null

2020-07-10 18:41:01 - [TEST_STEP][PASSED] - if (verifyTextPresent("Please print this receipt for your records", false)): null

2020-07-10 18:41:01 - [MESSAGE][PASSED] - Text 'Please print this receipt for your records' is present on page 

2020-07-10 18:41:01 - [TEST_STEP][PASSED] - println("Please print this receipt for your records text is present on the Receipt page"): null

2020-07-10 18:41:01 - [TEST_STEP][PASSED] - if (verifyElementPresent(findTestObject("Object Repository/IWP30/Page_Receipt/ExitButton"), 30)): null

2020-07-10 18:41:02 - [MESSAGE][PASSED] - Object 'Object Repository/IWP30/Page_Receipt/ExitButton' is present

2020-07-10 18:41:02 - [TEST_STEP][PASSED] - println("Exit Button is present on the Receipt page"): null]]></system-out>
         <system-err><![CDATA[]]></system-err>
      </testcase>
      <system-out><![CDATA[2020-07-10 18:37:19 - [TEST_SUITE][PASSED] - IWP30 Smoke TestSuite: Test Cases/IntegratedWeb/IWP30/Misc]]></system-out>
      <system-err><![CDATA[]]></system-err>
   </testsuite>
</testsuites>
