<?xml version="1.0" encoding="UTF-8"?>
<testsuites name="QA Smoke Test" time="6949.414" tests="1" failures="1" errors="0">
   <testsuite name="QA Smoke Test" tests="1" failures="1" errors="0" time="6949.414" timestamp="2020-12-23 23:28:28" hostname="iahmed - DESKTOP-B2QI6NS.govolution.com" id="Test Suites/QA Smoke Test/QA Smoke Test">
      <properties>
         <property name="deviceName" value=""/>
         <property name="devicePlatform" value=""/>
         <property name="logFolder" value="C:\\Users\\iahmed\\Documents\\VPS-Smoke-Version001\\Reports\\20201223_232826\\QA Smoke Test\\QA Smoke Test\\20201223_232826"/>
         <property name="logFiles" value="C:\\Users\\iahmed\\Documents\\VPS-Smoke-Version001\\Reports\\20201223_232826\\QA Smoke Test\\QA Smoke Test\\20201223_232826\\execution0.log"/>
         <property name="attachments" value=""/>
         <property name="hostName" value="iahmed - DESKTOP-B2QI6NS.govolution.com"/>
         <property name="os" value="Windows 10 64bit"/>
         <property name="katalonVersion" value="7.5.10.1"/>
         <property name="browser" value="Chrome 87.0.4280.88"/>
         <property name="hostAddress" value="10.5.20.29"/>
         <property name="sessionId" value="13a9e7f508844215b92ee8c138f955e5"/>
         <property name="seleniumVersion" value="3.141.59"/>
         <property name="proxyInformation" value="ProxyInformation { proxyOption=NO_PROXY, proxyServerType=HTTP, username=, password=********, proxyServerAddress=, proxyServerPort=0, executionList=\&quot;\&quot;, isApplyToDesiredCapabilities=true }"/>
         <property name="platform" value="Windows 10"/>
      </properties>
      <testcase name="Test Cases/VLink/QA/VLinkSale-Successful" time="6949.085" classname="Test Cases/VLink/QA/VLinkSale-Successful" status="FAILED">
         <failure type="FAILED" message="Test Cases/VLink/QA/VLinkSale-Successful FAILED.
Reason:
com.kms.katalon.core.exception.StepFailedException: Text 'Transaction approved, no errors' is not present on page  using regular expression (Root cause: com.kms.katalon.core.exception.StepFailedException: Text 'Transaction approved, no errors' is not present on page  using regular expression
	at com.kms.katalon.core.webui.keyword.internal.WebUIKeywordMain.stepFailed(WebUIKeywordMain.groovy:64)
	at com.kms.katalon.core.webui.keyword.builtin.VerifyTextPresentKeyword$_verifyTextPresent_closure1.doCall(VerifyTextPresentKeyword.groovy:79)
	at com.kms.katalon.core.webui.keyword.builtin.VerifyTextPresentKeyword$_verifyTextPresent_closure1.call(VerifyTextPresentKeyword.groovy)
	at com.kms.katalon.core.webui.keyword.internal.WebUIKeywordMain.runKeyword(WebUIKeywordMain.groovy:20)
	at com.kms.katalon.core.webui.keyword.builtin.VerifyTextPresentKeyword.verifyTextPresent(VerifyTextPresentKeyword.groovy:83)
	at com.kms.katalon.core.webui.keyword.builtin.VerifyTextPresentKeyword.execute(VerifyTextPresentKeyword.groovy:68)
	at com.kms.katalon.core.keyword.internal.KeywordExecutor.executeKeywordForPlatform(KeywordExecutor.groovy:72)
	at com.kms.katalon.core.webui.keyword.WebUiBuiltInKeywords.verifyTextPresent(WebUiBuiltInKeywords.groovy:1719)
	at com.kms.katalon.core.webui.keyword.WebUiBuiltInKeywords$verifyTextPresent$4.call(Unknown Source)
	at VLinkSale-Successful.run(VLinkSale-Successful:76)
	at com.kms.katalon.core.main.ScriptEngine.run(ScriptEngine.java:194)
	at com.kms.katalon.core.main.ScriptEngine.runScriptAsRawText(ScriptEngine.java:119)
	at com.kms.katalon.core.main.TestCaseExecutor.runScript(TestCaseExecutor.java:337)
	at com.kms.katalon.core.main.TestCaseExecutor.doExecute(TestCaseExecutor.java:328)
	at com.kms.katalon.core.main.TestCaseExecutor.processExecutionPhase(TestCaseExecutor.java:307)
	at com.kms.katalon.core.main.TestCaseExecutor.accessMainPhase(TestCaseExecutor.java:299)
	at com.kms.katalon.core.main.TestCaseExecutor.execute(TestCaseExecutor.java:233)
	at com.kms.katalon.core.main.TestSuiteExecutor.accessTestCaseMainPhase(TestSuiteExecutor.java:169)
	at com.kms.katalon.core.main.TestSuiteExecutor.accessTestSuiteMainPhase(TestSuiteExecutor.java:142)
	at com.kms.katalon.core.main.TestSuiteExecutor.execute(TestSuiteExecutor.java:91)
	at com.kms.katalon.core.main.TestCaseMain.startTestSuite(TestCaseMain.java:157)
	at com.kms.katalon.core.main.TestCaseMain$startTestSuite$0.call(Unknown Source)
	at TempTestSuite1608784106629.run(TempTestSuite1608784106629.groovy:37)
)
	at com.kms.katalon.core.keyword.internal.KeywordMain.stepFailed(KeywordMain.groovy:39)
	at com.kms.katalon.core.webui.keyword.internal.WebUIKeywordMain.stepFailed(WebUIKeywordMain.groovy:64)
	at com.kms.katalon.core.webui.keyword.builtin.VerifyTextPresentKeyword$_verifyTextPresent_closure1.doCall(VerifyTextPresentKeyword.groovy:79)
	at com.kms.katalon.core.webui.keyword.builtin.VerifyTextPresentKeyword$_verifyTextPresent_closure1.call(VerifyTextPresentKeyword.groovy)
	at com.kms.katalon.core.webui.keyword.internal.WebUIKeywordMain.runKeyword(WebUIKeywordMain.groovy:20)
	at com.kms.katalon.core.webui.keyword.builtin.VerifyTextPresentKeyword.verifyTextPresent(VerifyTextPresentKeyword.groovy:83)
	at com.kms.katalon.core.webui.keyword.builtin.VerifyTextPresentKeyword.execute(VerifyTextPresentKeyword.groovy:68)
	at com.kms.katalon.core.keyword.internal.KeywordExecutor.executeKeywordForPlatform(KeywordExecutor.groovy:72)
	at com.kms.katalon.core.webui.keyword.WebUiBuiltInKeywords.verifyTextPresent(WebUiBuiltInKeywords.groovy:1719)
	at com.kms.katalon.core.webui.keyword.WebUiBuiltInKeywords$verifyTextPresent$4.call(Unknown Source)
	at VLinkSale-Successful.run(VLinkSale-Successful:76)
	at com.kms.katalon.core.main.ScriptEngine.run(ScriptEngine.java:194)
	at com.kms.katalon.core.main.ScriptEngine.runScriptAsRawText(ScriptEngine.java:119)
	at com.kms.katalon.core.main.TestCaseExecutor.runScript(TestCaseExecutor.java:337)
	at com.kms.katalon.core.main.TestCaseExecutor.doExecute(TestCaseExecutor.java:328)
	at com.kms.katalon.core.main.TestCaseExecutor.processExecutionPhase(TestCaseExecutor.java:307)
	at com.kms.katalon.core.main.TestCaseExecutor.accessMainPhase(TestCaseExecutor.java:299)
	at com.kms.katalon.core.main.TestCaseExecutor.execute(TestCaseExecutor.java:233)
	at com.kms.katalon.core.main.TestSuiteExecutor.accessTestCaseMainPhase(TestSuiteExecutor.java:169)
	at com.kms.katalon.core.main.TestSuiteExecutor.accessTestSuiteMainPhase(TestSuiteExecutor.java:142)
	at com.kms.katalon.core.main.TestSuiteExecutor.execute(TestSuiteExecutor.java:91)
	at com.kms.katalon.core.main.TestCaseMain.startTestSuite(TestCaseMain.java:157)
	at com.kms.katalon.core.main.TestCaseMain$startTestSuite$0.call(Unknown Source)
	at TempTestSuite1608784106629.run(TempTestSuite1608784106629.groovy:37)
Caused by: com.kms.katalon.core.exception.StepFailedException: Text 'Transaction approved, no errors' is not present on page  using regular expression
	... 23 more
"/>
         <system-out><![CDATA[2020-12-23 23:28:29 - [TEST_CASE][FAILED] - Test Cases/VLink/QA/VLinkSale-Successful: Test Cases/VLink/QA/VLinkSale-Successful FAILED.
Reason:
com.kms.katalon.core.exception.StepFailedException: Text 'Transaction approved, no errors' is not present on page  using regular expression (Root cause: com.kms.katalon.core.exception.StepFailedException: Text 'Transaction approved, no errors' is not present on page  using regular expression
	at com.kms.katalon.core.webui.keyword.internal.WebUIKeywordMain.stepFailed(WebUIKeywordMain.groovy:64)
	at com.kms.katalon.core.webui.keyword.builtin.VerifyTextPresentKeyword$_verifyTextPresent_closure1.doCall(VerifyTextPresentKeyword.groovy:79)
	at com.kms.katalon.core.webui.keyword.builtin.VerifyTextPresentKeyword$_verifyTextPresent_closure1.call(VerifyTextPresentKeyword.groovy)
	at com.kms.katalon.core.webui.keyword.internal.WebUIKeywordMain.runKeyword(WebUIKeywordMain.groovy:20)
	at com.kms.katalon.core.webui.keyword.builtin.VerifyTextPresentKeyword.verifyTextPresent(VerifyTextPresentKeyword.groovy:83)
	at com.kms.katalon.core.webui.keyword.builtin.VerifyTextPresentKeyword.execute(VerifyTextPresentKeyword.groovy:68)
	at com.kms.katalon.core.keyword.internal.KeywordExecutor.executeKeywordForPlatform(KeywordExecutor.groovy:72)
	at com.kms.katalon.core.webui.keyword.WebUiBuiltInKeywords.verifyTextPresent(WebUiBuiltInKeywords.groovy:1719)
	at com.kms.katalon.core.webui.keyword.WebUiBuiltInKeywords$verifyTextPresent$4.call(Unknown Source)
	at VLinkSale-Successful.run(VLinkSale-Successful:76)
	at com.kms.katalon.core.main.ScriptEngine.run(ScriptEngine.java:194)
	at com.kms.katalon.core.main.ScriptEngine.runScriptAsRawText(ScriptEngine.java:119)
	at com.kms.katalon.core.main.TestCaseExecutor.runScript(TestCaseExecutor.java:337)
	at com.kms.katalon.core.main.TestCaseExecutor.doExecute(TestCaseExecutor.java:328)
	at com.kms.katalon.core.main.TestCaseExecutor.processExecutionPhase(TestCaseExecutor.java:307)
	at com.kms.katalon.core.main.TestCaseExecutor.accessMainPhase(TestCaseExecutor.java:299)
	at com.kms.katalon.core.main.TestCaseExecutor.execute(TestCaseExecutor.java:233)
	at com.kms.katalon.core.main.TestSuiteExecutor.accessTestCaseMainPhase(TestSuiteExecutor.java:169)
	at com.kms.katalon.core.main.TestSuiteExecutor.accessTestSuiteMainPhase(TestSuiteExecutor.java:142)
	at com.kms.katalon.core.main.TestSuiteExecutor.execute(TestSuiteExecutor.java:91)
	at com.kms.katalon.core.main.TestCaseMain.startTestSuite(TestCaseMain.java:157)
	at com.kms.katalon.core.main.TestCaseMain$startTestSuite$0.call(Unknown Source)
	at TempTestSuite1608784106629.run(TempTestSuite1608784106629.groovy:37)
)
	at com.kms.katalon.core.keyword.internal.KeywordMain.stepFailed(KeywordMain.groovy:39)
	at com.kms.katalon.core.webui.keyword.internal.WebUIKeywordMain.stepFailed(WebUIKeywordMain.groovy:64)
	at com.kms.katalon.core.webui.keyword.builtin.VerifyTextPresentKeyword$_verifyTextPresent_closure1.doCall(VerifyTextPresentKeyword.groovy:79)
	at com.kms.katalon.core.webui.keyword.builtin.VerifyTextPresentKeyword$_verifyTextPresent_closure1.call(VerifyTextPresentKeyword.groovy)
	at com.kms.katalon.core.webui.keyword.internal.WebUIKeywordMain.runKeyword(WebUIKeywordMain.groovy:20)
	at com.kms.katalon.core.webui.keyword.builtin.VerifyTextPresentKeyword.verifyTextPresent(VerifyTextPresentKeyword.groovy:83)
	at com.kms.katalon.core.webui.keyword.builtin.VerifyTextPresentKeyword.execute(VerifyTextPresentKeyword.groovy:68)
	at com.kms.katalon.core.keyword.internal.KeywordExecutor.executeKeywordForPlatform(KeywordExecutor.groovy:72)
	at com.kms.katalon.core.webui.keyword.WebUiBuiltInKeywords.verifyTextPresent(WebUiBuiltInKeywords.groovy:1719)
	at com.kms.katalon.core.webui.keyword.WebUiBuiltInKeywords$verifyTextPresent$4.call(Unknown Source)
	at VLinkSale-Successful.run(VLinkSale-Successful:76)
	at com.kms.katalon.core.main.ScriptEngine.run(ScriptEngine.java:194)
	at com.kms.katalon.core.main.ScriptEngine.runScriptAsRawText(ScriptEngine.java:119)
	at com.kms.katalon.core.main.TestCaseExecutor.runScript(TestCaseExecutor.java:337)
	at com.kms.katalon.core.main.TestCaseExecutor.doExecute(TestCaseExecutor.java:328)
	at com.kms.katalon.core.main.TestCaseExecutor.processExecutionPhase(TestCaseExecutor.java:307)
	at com.kms.katalon.core.main.TestCaseExecutor.accessMainPhase(TestCaseExecutor.java:299)
	at com.kms.katalon.core.main.TestCaseExecutor.execute(TestCaseExecutor.java:233)
	at com.kms.katalon.core.main.TestSuiteExecutor.accessTestCaseMainPhase(TestSuiteExecutor.java:169)
	at com.kms.katalon.core.main.TestSuiteExecutor.accessTestSuiteMainPhase(TestSuiteExecutor.java:142)
	at com.kms.katalon.core.main.TestSuiteExecutor.execute(TestSuiteExecutor.java:91)
	at com.kms.katalon.core.main.TestCaseMain.startTestSuite(TestCaseMain.java:157)
	at com.kms.katalon.core.main.TestCaseMain$startTestSuite$0.call(Unknown Source)
	at TempTestSuite1608784106629.run(TempTestSuite1608784106629.groovy:37)
Caused by: com.kms.katalon.core.exception.StepFailedException: Text 'Transaction approved, no errors' is not present on page  using regular expression
	... 23 more


2020-12-23 23:28:29 - [TEST_STEP][PASSED] - resText = "Fail": null

2020-12-23 23:28:29 - [TEST_STEP][PASSED] - resColumn = "Result": null

2020-12-23 23:28:29 - [TEST_STEP][PASSED] - datCloumn = "Date": null

2020-12-23 23:28:29 - [TEST_STEP][PASSED] - fileLoc = "C:\KatalonData\VLinkCCTestData.xlsx": null

2020-12-23 23:28:29 - [TEST_STEP][PASSED] - nameSheet = "CCSaleData": null

2020-12-23 23:28:29 - [TEST_STEP][PASSED] - numOfRows = findTestData("QA/VLinkTestData/VLinkCCTestData").getRowNumbers(): null

2020-12-23 23:28:30 - [TEST_STEP][PASSED] - println("Number of Records: " + numOfRows): null

2020-12-23 23:28:30 - [TEST_STEP][PASSED] - dataFile = "QA/VLinkTestData/VLinkCCTestData": null

2020-12-23 23:28:30 - [TEST_STEP][FAILED] - for ([row = 1, row <= numOfRows, (row++)]): null

2020-12-23 23:28:30 - [TEST_STEP][PASSED] - out.println("Begin Record Number: " + row): null

2020-12-23 23:28:30 - [TEST_STEP][PASSED] - today = new java.util.Date(): null

2020-12-23 23:28:30 - [TEST_STEP][PASSED] - println(today): null

2020-12-23 23:28:30 - [TEST_STEP][PASSED] - datText = today: null

2020-12-23 23:28:30 - [TEST_STEP][PASSED] - openBrowser(VLinkURL + "authcap.html"): Browser is opened with url: 'https://dev-algorithm.govolution.com/vlinktest/QA/version_2_0/authcap.html'

2020-12-23 23:28:31 - [MESSAGE][INFO] - Starting 'Chrome' driver

2020-12-23 23:28:31 - [MESSAGE][INFO] - User set preference: ['acceptInsecureCerts', 'true']

2020-12-23 23:28:31 - [MESSAGE][INFO] - Action delay is set to 0 milliseconds

2020-12-23 23:28:36 - [MESSAGE][PASSED] - Browser is opened with url: 'https://dev-algorithm.govolution.com/vlinktest/QA/version_2_0/authcap.html'

2020-12-23 23:28:36 - [TEST_STEP][PASSED] - maximizeWindow(): Current window maximized

2020-12-23 23:28:36 - [MESSAGE][PASSED] - Current window maximized

2020-12-23 23:28:36 - [TEST_STEP][PASSED] - vlinkPages.saleCCPage.setDataSCC(row, dataFile): vlinkPages.saleCCPage.setDataSCC is PASSED

2020-12-23 23:28:39 - [MESSAGE][PASSED] - Object 'Object Repository/VLink/Page_CCSale/txt_CardNumber' is present

2020-12-23 23:28:39 - [MESSAGE][PASSED] - Object 'Object Repository/VLink/Page_CCSale/txt_TransactionType' is present

2020-12-23 23:28:40 - [MESSAGE][PASSED] - Text '104' is set on object 'Object Repository/VLink/Page_CCSale/txt_TransactionType'

2020-12-23 23:28:40 - [MESSAGE][PASSED] - Object 'Object Repository/VLink/Page_CCSale/txt_MessageVersion' is present

2020-12-23 23:28:41 - [MESSAGE][PASSED] - Text '2.0C' is set on object 'Object Repository/VLink/Page_CCSale/txt_MessageVersion'

2020-12-23 23:28:41 - [MESSAGE][PASSED] - Object 'Object Repository/VLink/Page_CCSale/txt_RemID' is present

2020-12-23 23:28:42 - [MESSAGE][PASSED] - Text 'K4om12sT4zkK' is set on object 'Object Repository/VLink/Page_CCSale/txt_RemID'

2020-12-23 23:28:42 - [MESSAGE][PASSED] - Object 'Object Repository/VLink/Page_CCSale/txt_ApplicationId' is present

2020-12-23 23:28:43 - [MESSAGE][PASSED] - Text '665' is set on object 'Object Repository/VLink/Page_CCSale/txt_ApplicationId'

2020-12-23 23:28:43 - [MESSAGE][PASSED] - Object 'Object Repository/VLink/Page_CCSale/txt_Username' is present

2020-12-23 23:28:43 - [MESSAGE][PASSED] - Text 'username' is set on object 'Object Repository/VLink/Page_CCSale/txt_Username'

2020-12-23 23:28:44 - [MESSAGE][PASSED] - Object 'Object Repository/VLink/Page_CCSale/txt_Password' is present

2020-12-23 23:28:44 - [MESSAGE][PASSED] - Text 'password' is set on object 'Object Repository/VLink/Page_CCSale/txt_Password'

2020-12-23 23:28:45 - [MESSAGE][PASSED] - Object 'Object Repository/VLink/Page_CCSale/txt_ResponseFormat' is present

2020-12-23 23:28:45 - [MESSAGE][PASSED] - Text 'fixed_width' is set on object 'Object Repository/VLink/Page_CCSale/txt_ResponseFormat'

2020-12-23 23:28:46 - [MESSAGE][PASSED] - Object 'Object Repository/VLink/Page_CCSale/txt_Category' is present

2020-12-23 23:28:46 - [MESSAGE][PASSED] - Text 'ECOM' is set on object 'Object Repository/VLink/Page_CCSale/txt_Category'

2020-12-23 23:28:47 - [MESSAGE][PASSED] - Object 'Object Repository/VLink/Page_CCSale/txt_TransactionID' is present

2020-12-23 23:28:47 - [MESSAGE][PASSED] - Text '' is set on object 'Object Repository/VLink/Page_CCSale/txt_TransactionID'

2020-12-23 23:28:48 - [MESSAGE][PASSED] - Object 'Object Repository/VLink/Page_CCSale/txt_ApprovalCode' is present

2020-12-23 23:28:48 - [MESSAGE][PASSED] - Text '' is set on object 'Object Repository/VLink/Page_CCSale/txt_ApprovalCode'

2020-12-23 23:28:49 - [MESSAGE][PASSED] - Object 'Object Repository/VLink/Page_CCSale/txt_CardName' is present

2020-12-23 23:28:49 - [MESSAGE][PASSED] - Text 'Kris Roshan' is set on object 'Object Repository/VLink/Page_CCSale/txt_CardName'

2020-12-23 23:28:50 - [MESSAGE][PASSED] - Object 'Object Repository/VLink/Page_CCSale/txt_AL1' is present

2020-12-23 23:28:50 - [MESSAGE][PASSED] - Text '258 Elm Road' is set on object 'Object Repository/VLink/Page_CCSale/txt_AL1'

2020-12-23 23:28:51 - [MESSAGE][PASSED] - Object 'Object Repository/VLink/Page_CCSale/txt_AL2' is present

2020-12-23 23:28:51 - [MESSAGE][PASSED] - Text 'Suite 56' is set on object 'Object Repository/VLink/Page_CCSale/txt_AL2'

2020-12-23 23:28:52 - [MESSAGE][PASSED] - Object 'Object Repository/VLink/Page_CCSale/txt_CardCity' is present

2020-12-23 23:28:52 - [MESSAGE][PASSED] - Text 'Arlington' is set on object 'Object Repository/VLink/Page_CCSale/txt_CardCity'

2020-12-23 23:28:53 - [MESSAGE][PASSED] - Object 'Object Repository/VLink/Page_CCSale/txt_CardState' is present

2020-12-23 23:28:53 - [MESSAGE][PASSED] - Text 'VA' is set on object 'Object Repository/VLink/Page_CCSale/txt_CardState'

2020-12-23 23:28:54 - [MESSAGE][PASSED] - Object 'Object Repository/VLink/Page_CCSale/txt_CardZIP' is present

2020-12-23 23:28:54 - [MESSAGE][PASSED] - Text '22201' is set on object 'Object Repository/VLink/Page_CCSale/txt_CardZIP'

2020-12-23 23:28:55 - [MESSAGE][PASSED] - Object 'Object Repository/VLink/Page_CCSale/txt_CountryID' is present

2020-12-23 23:28:55 - [MESSAGE][PASSED] - Text '840' is set on object 'Object Repository/VLink/Page_CCSale/txt_CountryID'

2020-12-23 23:28:56 - [MESSAGE][PASSED] - Object 'Object Repository/VLink/Page_CCSale/txt_Amount' is present

2020-12-23 23:28:56 - [MESSAGE][PASSED] - Text '1.50' is set on object 'Object Repository/VLink/Page_CCSale/txt_Amount'

2020-12-23 23:28:57 - [MESSAGE][PASSED] - Object 'Object Repository/VLink/Page_CCSale/txt_CardNumber' is present

2020-12-23 23:28:57 - [MESSAGE][PASSED] - Text '4111111111111111' is set on object 'Object Repository/VLink/Page_CCSale/txt_CardNumber'

2020-12-23 23:28:58 - [MESSAGE][PASSED] - Object 'Object Repository/VLink/Page_CCSale/txt_ExpMonth' is present

2020-12-23 23:28:58 - [MESSAGE][PASSED] - Text '12' is set on object 'Object Repository/VLink/Page_CCSale/txt_ExpMonth'

2020-12-23 23:28:59 - [MESSAGE][PASSED] - Object 'Object Repository/VLink/Page_CCSale/txt_ExpYear' is present

2020-12-23 23:28:59 - [MESSAGE][PASSED] - Text '2025' is set on object 'Object Repository/VLink/Page_CCSale/txt_ExpYear'

2020-12-23 23:29:00 - [MESSAGE][PASSED] - Object 'Object Repository/VLink/Page_CCSale/txt_CVV' is present

2020-12-23 23:29:00 - [MESSAGE][PASSED] - Text '' is set on object 'Object Repository/VLink/Page_CCSale/txt_CVV'

2020-12-23 23:29:01 - [MESSAGE][PASSED] - Object 'Object Repository/VLink/Page_CCSale/txt_CVVstate' is present

2020-12-23 23:29:01 - [MESSAGE][PASSED] - Text '' is set on object 'Object Repository/VLink/Page_CCSale/txt_CVVstate'

2020-12-23 23:29:02 - [MESSAGE][PASSED] - Object 'Object Repository/VLink/Page_CCSale/txt_TrackData' is present

2020-12-23 23:29:02 - [MESSAGE][PASSED] - Text '' is set on object 'Object Repository/VLink/Page_CCSale/txt_TrackData'

2020-12-23 23:29:03 - [MESSAGE][PASSED] - Object 'Object Repository/VLink/Page_CCSale/txt_Track1Data' is present

2020-12-23 23:29:03 - [MESSAGE][PASSED] - Text '' is set on object 'Object Repository/VLink/Page_CCSale/txt_Track1Data'

2020-12-23 23:29:04 - [MESSAGE][PASSED] - Object 'Object Repository/VLink/Page_CCSale/txt_Track2Data' is present

2020-12-23 23:29:04 - [MESSAGE][PASSED] - Text '' is set on object 'Object Repository/VLink/Page_CCSale/txt_Track2Data'

2020-12-23 23:29:05 - [MESSAGE][PASSED] - Object 'Object Repository/VLink/Page_CCSale/txt_POSEntryMode' is present

2020-12-23 23:29:05 - [MESSAGE][PASSED] - Text 'manual' is set on object 'Object Repository/VLink/Page_CCSale/txt_POSEntryMode'

2020-12-23 23:29:06 - [MESSAGE][PASSED] - Object 'Object Repository/VLink/Page_CCSale/txt_Email' is present

2020-12-23 23:29:06 - [MESSAGE][PASSED] - Text 'iahmed@govolution.com' is set on object 'Object Repository/VLink/Page_CCSale/txt_Email'

2020-12-23 23:29:07 - [MESSAGE][PASSED] - Object 'Object Repository/VLink/Page_CCSale/txt_OrderNumber' is present

2020-12-23 23:29:07 - [MESSAGE][PASSED] - Text '2569362' is set on object 'Object Repository/VLink/Page_CCSale/txt_OrderNumber'

2020-12-23 23:29:08 - [MESSAGE][PASSED] - Object 'Object Repository/VLink/Page_CCSale/txt_TaxAmount' is present

2020-12-23 23:29:08 - [MESSAGE][PASSED] - Text '1.15' is set on object 'Object Repository/VLink/Page_CCSale/txt_TaxAmount'

2020-12-23 23:29:09 - [MESSAGE][PASSED] - Object 'Object Repository/VLink/Page_CCSale/txt_ChargeDescription' is present

2020-12-23 23:29:09 - [MESSAGE][PASSED] - Text 'Charge Description' is set on object 'Object Repository/VLink/Page_CCSale/txt_ChargeDescription'

2020-12-23 23:29:10 - [MESSAGE][PASSED] - Object 'Object Repository/VLink/Page_CCSale/txt_CAN' is present

2020-12-23 23:29:10 - [MESSAGE][PASSED] - Text '147357' is set on object 'Object Repository/VLink/Page_CCSale/txt_CAN'

2020-12-23 23:29:11 - [MESSAGE][PASSED] - Object 'Object Repository/VLink/Page_CCSale/txt_BillPaymentIndicator' is present

2020-12-23 23:29:11 - [MESSAGE][PASSED] - Text '1' is set on object 'Object Repository/VLink/Page_CCSale/txt_BillPaymentIndicator'

2020-12-23 23:29:12 - [MESSAGE][PASSED] - Object 'Object Repository/VLink/Page_CCSale/txt_UDF1' is present

2020-12-23 23:29:12 - [MESSAGE][PASSED] - Text 'UDF Data 1' is set on object 'Object Repository/VLink/Page_CCSale/txt_UDF1'

2020-12-23 23:29:13 - [MESSAGE][PASSED] - Object 'Object Repository/VLink/Page_CCSale/txt_UDF2' is present

2020-12-23 23:29:13 - [MESSAGE][PASSED] - Text 'UDF Data 2' is set on object 'Object Repository/VLink/Page_CCSale/txt_UDF2'

2020-12-23 23:29:14 - [MESSAGE][PASSED] - Object 'Object Repository/VLink/Page_CCSale/txt_UDF3' is present

2020-12-23 23:29:14 - [MESSAGE][PASSED] - Text 'UDF Data 3' is set on object 'Object Repository/VLink/Page_CCSale/txt_UDF3'

2020-12-23 23:29:14 - [MESSAGE][PASSED] - Object 'Object Repository/VLink/Page_CCSale/txt_UDF4' is present

2020-12-23 23:29:15 - [MESSAGE][PASSED] - Text 'UDF Data 4' is set on object 'Object Repository/VLink/Page_CCSale/txt_UDF4'

2020-12-23 23:29:15 - [MESSAGE][PASSED] - Object 'Object Repository/VLink/Page_CCSale/txt_UDF5' is present

2020-12-23 23:29:16 - [MESSAGE][PASSED] - Text 'UDF Data 5' is set on object 'Object Repository/VLink/Page_CCSale/txt_UDF5'

2020-12-23 23:29:16 - [MESSAGE][PASSED] - Object 'Object Repository/VLink/Page_CCSale/txt_UDF6' is present

2020-12-23 23:29:17 - [MESSAGE][PASSED] - Text 'UDF Data 6' is set on object 'Object Repository/VLink/Page_CCSale/txt_UDF6'

2020-12-23 23:29:17 - [MESSAGE][PASSED] - Object 'Object Repository/VLink/Page_CCSale/txt_UDF7' is present

2020-12-23 23:29:18 - [MESSAGE][PASSED] - Text 'UDF Data 7' is set on object 'Object Repository/VLink/Page_CCSale/txt_UDF7'

2020-12-23 23:29:18 - [MESSAGE][PASSED] - Object 'Object Repository/VLink/Page_CCSale/txt_UDF8' is present

2020-12-23 23:29:19 - [MESSAGE][PASSED] - Text 'UDF Data 8' is set on object 'Object Repository/VLink/Page_CCSale/txt_UDF8'

2020-12-23 23:29:19 - [MESSAGE][PASSED] - Object 'Object Repository/VLink/Page_CCSale/txt_UDF9' is present

2020-12-23 23:29:20 - [MESSAGE][PASSED] - Text 'UDF Data 9' is set on object 'Object Repository/VLink/Page_CCSale/txt_UDF9'

2020-12-23 23:29:20 - [MESSAGE][PASSED] - Object 'Object Repository/VLink/Page_CCSale/txt_UDF10' is present

2020-12-23 23:29:21 - [MESSAGE][PASSED] - Text 'UDF Data 10' is set on object 'Object Repository/VLink/Page_CCSale/txt_UDF10'

2020-12-23 23:29:21 - [MESSAGE][PASSED] - Object 'Object Repository/VLink/Page_CCSale/txt_CardOnFileIndicator' is present

2020-12-23 23:29:22 - [MESSAGE][PASSED] - Text '' is set on object 'Object Repository/VLink/Page_CCSale/txt_CardOnFileIndicator'

2020-12-23 23:29:22 - [MESSAGE][PASSED] - Object 'Object Repository/VLink/Page_CCSale/txt_StoredCredentialIndicator' is present

2020-12-23 23:29:23 - [MESSAGE][PASSED] - Text '' is set on object 'Object Repository/VLink/Page_CCSale/txt_StoredCredentialIndicator'

2020-12-23 23:29:23 - [MESSAGE][PASSED] - Object 'Object Repository/VLink/Page_CCSale/txt_COFScheduledIndicator' is present

2020-12-23 23:29:24 - [MESSAGE][PASSED] - Text '' is set on object 'Object Repository/VLink/Page_CCSale/txt_COFScheduledIndicator'

2020-12-23 23:29:24 - [MESSAGE][PASSED] - Object 'Object Repository/VLink/Page_CCSale/txt_COFTransactionInitiatedBy' is present

2020-12-23 23:29:25 - [MESSAGE][PASSED] - Text '' is set on object 'Object Repository/VLink/Page_CCSale/txt_COFTransactionInitiatedBy'

2020-12-23 23:29:28 - [MESSAGE][PASSED] - Object: 'Object Repository/VLink/Page_CCSale/btn_ProcessVLinkTransaction' is clicked on

2020-12-23 23:29:33 - [MESSAGE][PASSED] - vlinkPages.saleCCPage.setDataSCC is PASSED

2020-12-23 23:29:33 - [TEST_STEP][PASSED] - if (verifyTextPresent("Transaction approved, no errors", true)): null

2020-12-23 23:29:33 - [MESSAGE][PASSED] - Text 'Transaction approved, no errors' is present on page  using regular expression

2020-12-23 23:29:33 - [TEST_STEP][PASSED] - println("Transaction Approved, no errors text is present on the Confirmation page"): null

2020-12-23 23:29:33 - [TEST_STEP][PASSED] - out.println("Pass Record Number: " + row): null

2020-12-23 23:29:33 - [TEST_STEP][PASSED] - resText = "Pass": null

2020-12-23 23:29:33 - [TEST_STEP][PASSED] - pages.WriteExcel.demoKey(resText, datText, resColumn, datCloumn, fileLoc, nameSheet, row): pages.WriteExcel.demoKey is PASSED

2020-12-23 23:29:33 - [MESSAGE][PASSED] - pages.WriteExcel.demoKey is PASSED

2020-12-23 23:29:33 - [TEST_STEP][PASSED] - sdfo = getText(findTestObject("Object Repository/Page_VLinkReceipt/pre_STX")): Text of object 'Object Repository/Page_VLinkReceipt/pre_STX' is: '<STX>K4om12sT4zkK                  12088041            0  Transaction approved, no errors                   0                                                                                  XXOK2910   <ETX>'

2020-12-23 23:29:34 - [MESSAGE][PASSED] - Text of object 'Object Repository/Page_VLinkReceipt/pre_STX' is: '<STX>K4om12sT4zkK                  12088041            0  Transaction approved, no errors                   0                                                                                  XXOK2910   <ETX>'

2020-12-23 23:29:34 - [TEST_STEP][PASSED] - out.println("sdfo: " + sdfo): null

2020-12-23 23:29:34 - [TEST_STEP][PASSED] - remID = substring(5, 35).trim(): null

2020-12-23 23:29:34 - [TEST_STEP][PASSED] - out.println("Remittance ID: " + remID): null

2020-12-23 23:29:34 - [TEST_STEP][PASSED] - traxID = substring(35, 55).trim(): null

2020-12-23 23:29:34 - [TEST_STEP][PASSED] - out.println("Transaction ID: " + traxID): null

2020-12-23 23:29:34 - [TEST_STEP][PASSED] - out.println("End Record Number: " + row): null

2020-12-23 23:29:34 - [TEST_STEP][PASSED] - closeBrowser(): Browser is closed

2020-12-23 23:29:35 - [MESSAGE][PASSED] - Browser is closed

2020-12-23 23:29:35 - [TEST_STEP][PASSED] - out.println("Begin Record Number: " + row): null

2020-12-23 23:29:35 - [TEST_STEP][PASSED] - today = new java.util.Date(): null

2020-12-23 23:29:35 - [TEST_STEP][PASSED] - println(today): null

2020-12-23 23:29:35 - [TEST_STEP][PASSED] - datText = today: null

2020-12-23 23:29:35 - [TEST_STEP][PASSED] - openBrowser(VLinkURL + "authcap.html"): Browser is opened with url: 'https://dev-algorithm.govolution.com/vlinktest/QA/version_2_0/authcap.html'

2020-12-23 23:29:35 - [MESSAGE][INFO] - Starting 'Chrome' driver

2020-12-23 23:29:35 - [MESSAGE][INFO] - User set preference: ['acceptInsecureCerts', 'true']

2020-12-23 23:29:35 - [MESSAGE][INFO] - Action delay is set to 0 milliseconds

2020-12-23 23:29:38 - [MESSAGE][PASSED] - Browser is opened with url: 'https://dev-algorithm.govolution.com/vlinktest/QA/version_2_0/authcap.html'

2020-12-23 23:29:38 - [TEST_STEP][PASSED] - maximizeWindow(): Current window maximized

2020-12-23 23:29:38 - [MESSAGE][PASSED] - Current window maximized

2020-12-23 23:29:38 - [TEST_STEP][PASSED] - vlinkPages.saleCCPage.setDataSCC(row, dataFile): vlinkPages.saleCCPage.setDataSCC is PASSED

2020-12-23 23:29:40 - [MESSAGE][PASSED] - Object 'Object Repository/VLink/Page_CCSale/txt_CardNumber' is present

2020-12-23 23:29:41 - [MESSAGE][PASSED] - Object 'Object Repository/VLink/Page_CCSale/txt_TransactionType' is present

2020-12-23 23:29:41 - [MESSAGE][PASSED] - Text '104' is set on object 'Object Repository/VLink/Page_CCSale/txt_TransactionType'

2020-12-23 23:29:42 - [MESSAGE][PASSED] - Object 'Object Repository/VLink/Page_CCSale/txt_MessageVersion' is present

2020-12-23 23:29:42 - [MESSAGE][PASSED] - Text '2.0C' is set on object 'Object Repository/VLink/Page_CCSale/txt_MessageVersion'

2020-12-23 23:29:43 - [MESSAGE][PASSED] - Object 'Object Repository/VLink/Page_CCSale/txt_RemID' is present

2020-12-23 23:29:43 - [MESSAGE][PASSED] - Text 'gP3aWXqTXE6h' is set on object 'Object Repository/VLink/Page_CCSale/txt_RemID'

2020-12-23 23:29:44 - [MESSAGE][PASSED] - Object 'Object Repository/VLink/Page_CCSale/txt_ApplicationId' is present

2020-12-23 23:29:44 - [MESSAGE][PASSED] - Text '672' is set on object 'Object Repository/VLink/Page_CCSale/txt_ApplicationId'

2020-12-23 23:29:45 - [MESSAGE][PASSED] - Object 'Object Repository/VLink/Page_CCSale/txt_Username' is present

2020-12-23 23:29:45 - [MESSAGE][PASSED] - Text 'username' is set on object 'Object Repository/VLink/Page_CCSale/txt_Username'

2020-12-23 23:29:46 - [MESSAGE][PASSED] - Object 'Object Repository/VLink/Page_CCSale/txt_Password' is present

2020-12-23 23:29:46 - [MESSAGE][PASSED] - Text 'password' is set on object 'Object Repository/VLink/Page_CCSale/txt_Password'

2020-12-23 23:29:47 - [MESSAGE][PASSED] - Object 'Object Repository/VLink/Page_CCSale/txt_ResponseFormat' is present

2020-12-23 23:29:47 - [MESSAGE][PASSED] - Text 'fixed_width' is set on object 'Object Repository/VLink/Page_CCSale/txt_ResponseFormat'

2020-12-23 23:29:47 - [MESSAGE][PASSED] - Object 'Object Repository/VLink/Page_CCSale/txt_Category' is present

2020-12-23 23:29:48 - [MESSAGE][PASSED] - Text 'ECOM' is set on object 'Object Repository/VLink/Page_CCSale/txt_Category'

2020-12-23 23:29:48 - [MESSAGE][PASSED] - Object 'Object Repository/VLink/Page_CCSale/txt_TransactionID' is present

2020-12-23 23:29:49 - [MESSAGE][PASSED] - Text '' is set on object 'Object Repository/VLink/Page_CCSale/txt_TransactionID'

2020-12-23 23:29:49 - [MESSAGE][PASSED] - Object 'Object Repository/VLink/Page_CCSale/txt_ApprovalCode' is present

2020-12-23 23:29:50 - [MESSAGE][PASSED] - Text '' is set on object 'Object Repository/VLink/Page_CCSale/txt_ApprovalCode'

2020-12-23 23:29:50 - [MESSAGE][PASSED] - Object 'Object Repository/VLink/Page_CCSale/txt_CardName' is present

2020-12-23 23:29:51 - [MESSAGE][PASSED] - Text 'Arvind Silva' is set on object 'Object Repository/VLink/Page_CCSale/txt_CardName'

2020-12-23 23:29:51 - [MESSAGE][PASSED] - Object 'Object Repository/VLink/Page_CCSale/txt_AL1' is present

2020-12-23 23:29:52 - [MESSAGE][PASSED] - Text '111 Main Ave' is set on object 'Object Repository/VLink/Page_CCSale/txt_AL1'

2020-12-23 23:29:52 - [MESSAGE][PASSED] - Object 'Object Repository/VLink/Page_CCSale/txt_AL2' is present

2020-12-23 23:29:52 - [MESSAGE][PASSED] - Text '' is set on object 'Object Repository/VLink/Page_CCSale/txt_AL2'

2020-12-23 23:29:53 - [MESSAGE][PASSED] - Object 'Object Repository/VLink/Page_CCSale/txt_CardCity' is present

2020-12-23 23:29:53 - [MESSAGE][PASSED] - Text 'Arlington' is set on object 'Object Repository/VLink/Page_CCSale/txt_CardCity'

2020-12-23 23:29:54 - [MESSAGE][PASSED] - Object 'Object Repository/VLink/Page_CCSale/txt_CardState' is present

2020-12-23 23:29:54 - [MESSAGE][PASSED] - Text 'VA' is set on object 'Object Repository/VLink/Page_CCSale/txt_CardState'

2020-12-23 23:29:54 - [MESSAGE][PASSED] - Object 'Object Repository/VLink/Page_CCSale/txt_CardZIP' is present

2020-12-23 23:29:55 - [MESSAGE][PASSED] - Text '22201' is set on object 'Object Repository/VLink/Page_CCSale/txt_CardZIP'

2020-12-23 23:29:55 - [MESSAGE][PASSED] - Object 'Object Repository/VLink/Page_CCSale/txt_CountryID' is present

2020-12-23 23:29:56 - [MESSAGE][PASSED] - Text '' is set on object 'Object Repository/VLink/Page_CCSale/txt_CountryID'

2020-12-23 23:29:56 - [MESSAGE][PASSED] - Object 'Object Repository/VLink/Page_CCSale/txt_Amount' is present

2020-12-23 23:29:57 - [MESSAGE][PASSED] - Text '2.50' is set on object 'Object Repository/VLink/Page_CCSale/txt_Amount'

2020-12-23 23:29:57 - [MESSAGE][PASSED] - Object 'Object Repository/VLink/Page_CCSale/txt_CardNumber' is present

2020-12-23 23:29:58 - [MESSAGE][PASSED] - Text '4111111111111111' is set on object 'Object Repository/VLink/Page_CCSale/txt_CardNumber'

2020-12-23 23:29:58 - [MESSAGE][PASSED] - Object 'Object Repository/VLink/Page_CCSale/txt_ExpMonth' is present

2020-12-23 23:29:59 - [MESSAGE][PASSED] - Text '01' is set on object 'Object Repository/VLink/Page_CCSale/txt_ExpMonth'

2020-12-23 23:29:59 - [MESSAGE][PASSED] - Object 'Object Repository/VLink/Page_CCSale/txt_ExpYear' is present

2020-12-23 23:30:00 - [MESSAGE][PASSED] - Text '2026' is set on object 'Object Repository/VLink/Page_CCSale/txt_ExpYear'

2020-12-23 23:30:00 - [MESSAGE][PASSED] - Object 'Object Repository/VLink/Page_CCSale/txt_CVV' is present

2020-12-23 23:30:01 - [MESSAGE][PASSED] - Text '' is set on object 'Object Repository/VLink/Page_CCSale/txt_CVV'

2020-12-23 23:30:01 - [MESSAGE][PASSED] - Object 'Object Repository/VLink/Page_CCSale/txt_CVVstate' is present

2020-12-23 23:30:02 - [MESSAGE][PASSED] - Text '' is set on object 'Object Repository/VLink/Page_CCSale/txt_CVVstate'

2020-12-23 23:30:02 - [MESSAGE][PASSED] - Object 'Object Repository/VLink/Page_CCSale/txt_TrackData' is present

2020-12-23 23:30:03 - [MESSAGE][PASSED] - Text '' is set on object 'Object Repository/VLink/Page_CCSale/txt_TrackData'

2020-12-23 23:30:03 - [MESSAGE][PASSED] - Object 'Object Repository/VLink/Page_CCSale/txt_Track1Data' is present

2020-12-23 23:30:04 - [MESSAGE][PASSED] - Text '' is set on object 'Object Repository/VLink/Page_CCSale/txt_Track1Data'

2020-12-23 23:30:04 - [MESSAGE][PASSED] - Object 'Object Repository/VLink/Page_CCSale/txt_Track2Data' is present

2020-12-23 23:30:05 - [MESSAGE][PASSED] - Text '' is set on object 'Object Repository/VLink/Page_CCSale/txt_Track2Data'

2020-12-23 23:30:05 - [MESSAGE][PASSED] - Object 'Object Repository/VLink/Page_CCSale/txt_POSEntryMode' is present

2020-12-23 23:30:06 - [MESSAGE][PASSED] - Text 'manual' is set on object 'Object Repository/VLink/Page_CCSale/txt_POSEntryMode'

2020-12-23 23:30:06 - [MESSAGE][PASSED] - Object 'Object Repository/VLink/Page_CCSale/txt_Email' is present

2020-12-23 23:30:07 - [MESSAGE][PASSED] - Text '' is set on object 'Object Repository/VLink/Page_CCSale/txt_Email'

2020-12-23 23:30:07 - [MESSAGE][PASSED] - Object 'Object Repository/VLink/Page_CCSale/txt_OrderNumber' is present

2020-12-23 23:30:08 - [MESSAGE][PASSED] - Text '' is set on object 'Object Repository/VLink/Page_CCSale/txt_OrderNumber'

2020-12-23 23:30:08 - [MESSAGE][PASSED] - Object 'Object Repository/VLink/Page_CCSale/txt_TaxAmount' is present

2020-12-23 23:30:08 - [MESSAGE][PASSED] - Text '' is set on object 'Object Repository/VLink/Page_CCSale/txt_TaxAmount'

2020-12-23 23:30:09 - [MESSAGE][PASSED] - Object 'Object Repository/VLink/Page_CCSale/txt_ChargeDescription' is present

2020-12-23 23:30:09 - [MESSAGE][PASSED] - Text '' is set on object 'Object Repository/VLink/Page_CCSale/txt_ChargeDescription'

2020-12-23 23:30:10 - [MESSAGE][PASSED] - Object 'Object Repository/VLink/Page_CCSale/txt_CAN' is present

2020-12-23 23:30:10 - [MESSAGE][PASSED] - Text '' is set on object 'Object Repository/VLink/Page_CCSale/txt_CAN'

2020-12-23 23:30:10 - [MESSAGE][PASSED] - Object 'Object Repository/VLink/Page_CCSale/txt_BillPaymentIndicator' is present

2020-12-23 23:30:11 - [MESSAGE][PASSED] - Text '' is set on object 'Object Repository/VLink/Page_CCSale/txt_BillPaymentIndicator'

2020-12-23 23:30:11 - [MESSAGE][PASSED] - Object 'Object Repository/VLink/Page_CCSale/txt_UDF1' is present

2020-12-23 23:30:12 - [MESSAGE][PASSED] - Text '' is set on object 'Object Repository/VLink/Page_CCSale/txt_UDF1'

2020-12-23 23:30:12 - [MESSAGE][PASSED] - Object 'Object Repository/VLink/Page_CCSale/txt_UDF2' is present

2020-12-23 23:30:13 - [MESSAGE][PASSED] - Text '' is set on object 'Object Repository/VLink/Page_CCSale/txt_UDF2'

2020-12-23 23:30:13 - [MESSAGE][PASSED] - Object 'Object Repository/VLink/Page_CCSale/txt_UDF3' is present

2020-12-23 23:30:14 - [MESSAGE][PASSED] - Text '' is set on object 'Object Repository/VLink/Page_CCSale/txt_UDF3'

2020-12-23 23:30:14 - [MESSAGE][PASSED] - Object 'Object Repository/VLink/Page_CCSale/txt_UDF4' is present

2020-12-23 23:30:15 - [MESSAGE][PASSED] - Text '' is set on object 'Object Repository/VLink/Page_CCSale/txt_UDF4'

2020-12-23 23:30:15 - [MESSAGE][PASSED] - Object 'Object Repository/VLink/Page_CCSale/txt_UDF5' is present

2020-12-23 23:30:16 - [MESSAGE][PASSED] - Text '' is set on object 'Object Repository/VLink/Page_CCSale/txt_UDF5'

2020-12-23 23:30:16 - [MESSAGE][PASSED] - Object 'Object Repository/VLink/Page_CCSale/txt_UDF6' is present

2020-12-23 23:30:17 - [MESSAGE][PASSED] - Text '' is set on object 'Object Repository/VLink/Page_CCSale/txt_UDF6'

2020-12-23 23:30:17 - [MESSAGE][PASSED] - Object 'Object Repository/VLink/Page_CCSale/txt_UDF7' is present

2020-12-23 23:30:18 - [MESSAGE][PASSED] - Text '' is set on object 'Object Repository/VLink/Page_CCSale/txt_UDF7'

2020-12-23 23:30:18 - [MESSAGE][PASSED] - Object 'Object Repository/VLink/Page_CCSale/txt_UDF8' is present

2020-12-23 23:30:19 - [MESSAGE][PASSED] - Text '' is set on object 'Object Repository/VLink/Page_CCSale/txt_UDF8'

2020-12-23 23:30:19 - [MESSAGE][PASSED] - Object 'Object Repository/VLink/Page_CCSale/txt_UDF9' is present

2020-12-23 23:30:20 - [MESSAGE][PASSED] - Text '' is set on object 'Object Repository/VLink/Page_CCSale/txt_UDF9'

2020-12-23 23:30:20 - [MESSAGE][PASSED] - Object 'Object Repository/VLink/Page_CCSale/txt_UDF10' is present

2020-12-23 23:30:21 - [MESSAGE][PASSED] - Text '' is set on object 'Object Repository/VLink/Page_CCSale/txt_UDF10'

2020-12-23 23:30:21 - [MESSAGE][PASSED] - Object 'Object Repository/VLink/Page_CCSale/txt_CardOnFileIndicator' is present

2020-12-23 23:30:22 - [MESSAGE][PASSED] - Text '' is set on object 'Object Repository/VLink/Page_CCSale/txt_CardOnFileIndicator'

2020-12-23 23:30:22 - [MESSAGE][PASSED] - Object 'Object Repository/VLink/Page_CCSale/txt_StoredCredentialIndicator' is present

2020-12-23 23:30:23 - [MESSAGE][PASSED] - Text '' is set on object 'Object Repository/VLink/Page_CCSale/txt_StoredCredentialIndicator'

2020-12-23 23:30:23 - [MESSAGE][PASSED] - Object 'Object Repository/VLink/Page_CCSale/txt_COFScheduledIndicator' is present

2020-12-23 23:30:24 - [MESSAGE][PASSED] - Text '' is set on object 'Object Repository/VLink/Page_CCSale/txt_COFScheduledIndicator'

2020-12-23 23:30:24 - [MESSAGE][PASSED] - Object 'Object Repository/VLink/Page_CCSale/txt_COFTransactionInitiatedBy' is present

2020-12-23 23:30:25 - [MESSAGE][PASSED] - Text '' is set on object 'Object Repository/VLink/Page_CCSale/txt_COFTransactionInitiatedBy'

2020-12-23 23:30:27 - [MESSAGE][PASSED] - Object: 'Object Repository/VLink/Page_CCSale/btn_ProcessVLinkTransaction' is clicked on

2020-12-23 23:30:32 - [MESSAGE][PASSED] - vlinkPages.saleCCPage.setDataSCC is PASSED

2020-12-23 23:30:32 - [TEST_STEP][PASSED] - if (verifyTextPresent("Transaction approved, no errors", true)): null

2020-12-23 23:30:32 - [MESSAGE][PASSED] - Text 'Transaction approved, no errors' is present on page  using regular expression

2020-12-23 23:30:32 - [TEST_STEP][PASSED] - println("Transaction Approved, no errors text is present on the Confirmation page"): null

2020-12-23 23:30:32 - [TEST_STEP][PASSED] - out.println("Pass Record Number: " + row): null

2020-12-23 23:30:32 - [TEST_STEP][PASSED] - resText = "Pass": null

2020-12-23 23:30:32 - [TEST_STEP][PASSED] - pages.WriteExcel.demoKey(resText, datText, resColumn, datCloumn, fileLoc, nameSheet, row): pages.WriteExcel.demoKey is PASSED

2020-12-23 23:30:33 - [MESSAGE][PASSED] - pages.WriteExcel.demoKey is PASSED

2020-12-23 23:30:33 - [TEST_STEP][PASSED] - sdfo = getText(findTestObject("Object Repository/Page_VLinkReceipt/pre_STX")): Text of object 'Object Repository/Page_VLinkReceipt/pre_STX' is: '<STX>gP3aWXqTXE6h                  12088042            0  Transaction approved, no errors                   0                                                                                  XXOK3020   <ETX>'

2020-12-23 23:30:33 - [MESSAGE][PASSED] - Text of object 'Object Repository/Page_VLinkReceipt/pre_STX' is: '<STX>gP3aWXqTXE6h                  12088042            0  Transaction approved, no errors                   0                                                                                  XXOK3020   <ETX>'

2020-12-23 23:30:33 - [TEST_STEP][PASSED] - out.println("sdfo: " + sdfo): null

2020-12-23 23:30:33 - [TEST_STEP][PASSED] - remID = substring(5, 35).trim(): null

2020-12-23 23:30:33 - [TEST_STEP][PASSED] - out.println("Remittance ID: " + remID): null

2020-12-23 23:30:33 - [TEST_STEP][PASSED] - traxID = substring(35, 55).trim(): null

2020-12-23 23:30:33 - [TEST_STEP][PASSED] - out.println("Transaction ID: " + traxID): null

2020-12-23 23:30:33 - [TEST_STEP][PASSED] - out.println("End Record Number: " + row): null

2020-12-23 23:30:33 - [TEST_STEP][PASSED] - closeBrowser(): Browser is closed

2020-12-23 23:30:34 - [MESSAGE][PASSED] - Browser is closed

2020-12-23 23:30:34 - [TEST_STEP][PASSED] - out.println("Begin Record Number: " + row): null

2020-12-23 23:30:34 - [TEST_STEP][PASSED] - today = new java.util.Date(): null

2020-12-23 23:30:34 - [TEST_STEP][PASSED] - println(today): null

2020-12-23 23:30:34 - [TEST_STEP][PASSED] - datText = today: null

2020-12-23 23:30:34 - [TEST_STEP][PASSED] - openBrowser(VLinkURL + "authcap.html"): Browser is opened with url: 'https://dev-algorithm.govolution.com/vlinktest/QA/version_2_0/authcap.html'

2020-12-23 23:30:34 - [MESSAGE][INFO] - Starting 'Chrome' driver

2020-12-23 23:30:34 - [MESSAGE][INFO] - User set preference: ['acceptInsecureCerts', 'true']

2020-12-23 23:30:34 - [MESSAGE][INFO] - Action delay is set to 0 milliseconds

2020-12-23 23:30:37 - [MESSAGE][PASSED] - Browser is opened with url: 'https://dev-algorithm.govolution.com/vlinktest/QA/version_2_0/authcap.html'

2020-12-23 23:30:37 - [TEST_STEP][PASSED] - maximizeWindow(): Current window maximized

2020-12-23 23:30:37 - [MESSAGE][PASSED] - Current window maximized

2020-12-23 23:30:37 - [TEST_STEP][PASSED] - vlinkPages.saleCCPage.setDataSCC(row, dataFile): vlinkPages.saleCCPage.setDataSCC is PASSED

2020-12-23 23:30:39 - [MESSAGE][PASSED] - Object 'Object Repository/VLink/Page_CCSale/txt_CardNumber' is present

2020-12-23 23:30:40 - [MESSAGE][PASSED] - Object 'Object Repository/VLink/Page_CCSale/txt_TransactionType' is present

2020-12-23 23:30:40 - [MESSAGE][PASSED] - Text '104' is set on object 'Object Repository/VLink/Page_CCSale/txt_TransactionType'

2020-12-23 23:30:41 - [MESSAGE][PASSED] - Object 'Object Repository/VLink/Page_CCSale/txt_MessageVersion' is present

2020-12-23 23:30:41 - [MESSAGE][PASSED] - Text '2.0C' is set on object 'Object Repository/VLink/Page_CCSale/txt_MessageVersion'

2020-12-23 23:30:42 - [MESSAGE][PASSED] - Object 'Object Repository/VLink/Page_CCSale/txt_RemID' is present

2020-12-23 23:30:42 - [MESSAGE][PASSED] - Text 'wDiiLukx7iMv' is set on object 'Object Repository/VLink/Page_CCSale/txt_RemID'

2020-12-23 23:30:43 - [MESSAGE][PASSED] - Object 'Object Repository/VLink/Page_CCSale/txt_ApplicationId' is present

2020-12-23 23:30:43 - [MESSAGE][PASSED] - Text '677' is set on object 'Object Repository/VLink/Page_CCSale/txt_ApplicationId'

2020-12-23 23:30:44 - [MESSAGE][PASSED] - Object 'Object Repository/VLink/Page_CCSale/txt_Username' is present

2020-12-23 23:30:44 - [MESSAGE][PASSED] - Text 'username' is set on object 'Object Repository/VLink/Page_CCSale/txt_Username'

2020-12-23 23:30:44 - [MESSAGE][PASSED] - Object 'Object Repository/VLink/Page_CCSale/txt_Password' is present

2020-12-23 23:30:45 - [MESSAGE][PASSED] - Text 'password' is set on object 'Object Repository/VLink/Page_CCSale/txt_Password'

2020-12-23 23:30:45 - [MESSAGE][PASSED] - Object 'Object Repository/VLink/Page_CCSale/txt_ResponseFormat' is present

2020-12-23 23:30:46 - [MESSAGE][PASSED] - Text 'fixed_width' is set on object 'Object Repository/VLink/Page_CCSale/txt_ResponseFormat'

2020-12-23 23:30:46 - [MESSAGE][PASSED] - Object 'Object Repository/VLink/Page_CCSale/txt_Category' is present

2020-12-23 23:30:47 - [MESSAGE][PASSED] - Text 'ECOM' is set on object 'Object Repository/VLink/Page_CCSale/txt_Category'

2020-12-23 23:30:47 - [MESSAGE][PASSED] - Object 'Object Repository/VLink/Page_CCSale/txt_TransactionID' is present

2020-12-23 23:30:48 - [MESSAGE][PASSED] - Text '' is set on object 'Object Repository/VLink/Page_CCSale/txt_TransactionID'

2020-12-23 23:30:48 - [MESSAGE][PASSED] - Object 'Object Repository/VLink/Page_CCSale/txt_ApprovalCode' is present

2020-12-23 23:30:49 - [MESSAGE][PASSED] - Text '' is set on object 'Object Repository/VLink/Page_CCSale/txt_ApprovalCode'

2020-12-23 23:30:49 - [MESSAGE][PASSED] - Object 'Object Repository/VLink/Page_CCSale/txt_CardName' is present

2020-12-23 23:30:49 - [MESSAGE][PASSED] - Text 'Roshan Maha' is set on object 'Object Repository/VLink/Page_CCSale/txt_CardName'

2020-12-23 23:30:50 - [MESSAGE][PASSED] - Object 'Object Repository/VLink/Page_CCSale/txt_AL1' is present

2020-12-23 23:30:50 - [MESSAGE][PASSED] - Text '12563 Bazaar road' is set on object 'Object Repository/VLink/Page_CCSale/txt_AL1'

2020-12-23 23:30:51 - [MESSAGE][PASSED] - Object 'Object Repository/VLink/Page_CCSale/txt_AL2' is present

2020-12-23 23:30:51 - [MESSAGE][PASSED] - Text '' is set on object 'Object Repository/VLink/Page_CCSale/txt_AL2'

2020-12-23 23:30:51 - [MESSAGE][PASSED] - Object 'Object Repository/VLink/Page_CCSale/txt_CardCity' is present

2020-12-23 23:30:52 - [MESSAGE][PASSED] - Text 'Crofton' is set on object 'Object Repository/VLink/Page_CCSale/txt_CardCity'

2020-12-23 23:30:52 - [MESSAGE][PASSED] - Object 'Object Repository/VLink/Page_CCSale/txt_CardState' is present

2020-12-23 23:30:53 - [MESSAGE][PASSED] - Text 'MD' is set on object 'Object Repository/VLink/Page_CCSale/txt_CardState'

2020-12-23 23:30:53 - [MESSAGE][PASSED] - Object 'Object Repository/VLink/Page_CCSale/txt_CardZIP' is present

2020-12-23 23:30:54 - [MESSAGE][PASSED] - Text '21114' is set on object 'Object Repository/VLink/Page_CCSale/txt_CardZIP'

2020-12-23 23:30:54 - [MESSAGE][PASSED] - Object 'Object Repository/VLink/Page_CCSale/txt_CountryID' is present

2020-12-23 23:30:55 - [MESSAGE][PASSED] - Text '' is set on object 'Object Repository/VLink/Page_CCSale/txt_CountryID'

2020-12-23 23:30:55 - [MESSAGE][PASSED] - Object 'Object Repository/VLink/Page_CCSale/txt_Amount' is present

2020-12-23 23:30:56 - [MESSAGE][PASSED] - Text '3.50' is set on object 'Object Repository/VLink/Page_CCSale/txt_Amount'

2020-12-23 23:30:56 - [MESSAGE][PASSED] - Object 'Object Repository/VLink/Page_CCSale/txt_CardNumber' is present

2020-12-23 23:30:57 - [MESSAGE][PASSED] - Text '4111111111111111' is set on object 'Object Repository/VLink/Page_CCSale/txt_CardNumber'

2020-12-23 23:30:57 - [MESSAGE][PASSED] - Object 'Object Repository/VLink/Page_CCSale/txt_ExpMonth' is present

2020-12-23 23:30:58 - [MESSAGE][PASSED] - Text '01' is set on object 'Object Repository/VLink/Page_CCSale/txt_ExpMonth'

2020-12-23 23:30:58 - [MESSAGE][PASSED] - Object 'Object Repository/VLink/Page_CCSale/txt_ExpYear' is present

2020-12-23 23:30:59 - [MESSAGE][PASSED] - Text '2026' is set on object 'Object Repository/VLink/Page_CCSale/txt_ExpYear'

2020-12-23 23:30:59 - [MESSAGE][PASSED] - Object 'Object Repository/VLink/Page_CCSale/txt_CVV' is present

2020-12-23 23:31:00 - [MESSAGE][PASSED] - Text '' is set on object 'Object Repository/VLink/Page_CCSale/txt_CVV'

2020-12-23 23:31:00 - [MESSAGE][PASSED] - Object 'Object Repository/VLink/Page_CCSale/txt_CVVstate' is present

2020-12-23 23:31:01 - [MESSAGE][PASSED] - Text '' is set on object 'Object Repository/VLink/Page_CCSale/txt_CVVstate'

2020-12-23 23:31:01 - [MESSAGE][PASSED] - Object 'Object Repository/VLink/Page_CCSale/txt_TrackData' is present

2020-12-23 23:31:02 - [MESSAGE][PASSED] - Text '' is set on object 'Object Repository/VLink/Page_CCSale/txt_TrackData'

2020-12-23 23:31:02 - [MESSAGE][PASSED] - Object 'Object Repository/VLink/Page_CCSale/txt_Track1Data' is present

2020-12-23 23:31:03 - [MESSAGE][PASSED] - Text '' is set on object 'Object Repository/VLink/Page_CCSale/txt_Track1Data'

2020-12-23 23:31:03 - [MESSAGE][PASSED] - Object 'Object Repository/VLink/Page_CCSale/txt_Track2Data' is present

2020-12-23 23:31:04 - [MESSAGE][PASSED] - Text '' is set on object 'Object Repository/VLink/Page_CCSale/txt_Track2Data'

2020-12-23 23:31:04 - [MESSAGE][PASSED] - Object 'Object Repository/VLink/Page_CCSale/txt_POSEntryMode' is present

2020-12-23 23:31:05 - [MESSAGE][PASSED] - Text 'manual' is set on object 'Object Repository/VLink/Page_CCSale/txt_POSEntryMode'

2020-12-23 23:31:05 - [MESSAGE][PASSED] - Object 'Object Repository/VLink/Page_CCSale/txt_Email' is present

2020-12-23 23:31:06 - [MESSAGE][PASSED] - Text '' is set on object 'Object Repository/VLink/Page_CCSale/txt_Email'

2020-12-23 23:31:06 - [MESSAGE][PASSED] - Object 'Object Repository/VLink/Page_CCSale/txt_OrderNumber' is present

2020-12-23 23:31:07 - [MESSAGE][PASSED] - Text '' is set on object 'Object Repository/VLink/Page_CCSale/txt_OrderNumber'

2020-12-23 23:31:07 - [MESSAGE][PASSED] - Object 'Object Repository/VLink/Page_CCSale/txt_TaxAmount' is present

2020-12-23 23:31:08 - [MESSAGE][PASSED] - Text '' is set on object 'Object Repository/VLink/Page_CCSale/txt_TaxAmount'

2020-12-23 23:31:08 - [MESSAGE][PASSED] - Object 'Object Repository/VLink/Page_CCSale/txt_ChargeDescription' is present

2020-12-23 23:31:09 - [MESSAGE][PASSED] - Text '' is set on object 'Object Repository/VLink/Page_CCSale/txt_ChargeDescription'

2020-12-23 23:31:09 - [MESSAGE][PASSED] - Object 'Object Repository/VLink/Page_CCSale/txt_CAN' is present

2020-12-23 23:31:10 - [MESSAGE][PASSED] - Text '' is set on object 'Object Repository/VLink/Page_CCSale/txt_CAN'

2020-12-23 23:31:10 - [MESSAGE][PASSED] - Object 'Object Repository/VLink/Page_CCSale/txt_BillPaymentIndicator' is present

2020-12-23 23:31:11 - [MESSAGE][PASSED] - Text '' is set on object 'Object Repository/VLink/Page_CCSale/txt_BillPaymentIndicator'

2020-12-23 23:31:11 - [MESSAGE][PASSED] - Object 'Object Repository/VLink/Page_CCSale/txt_UDF1' is present

2020-12-23 23:31:12 - [MESSAGE][PASSED] - Text '' is set on object 'Object Repository/VLink/Page_CCSale/txt_UDF1'

2020-12-23 23:31:12 - [MESSAGE][PASSED] - Object 'Object Repository/VLink/Page_CCSale/txt_UDF2' is present

2020-12-23 23:31:13 - [MESSAGE][PASSED] - Text '' is set on object 'Object Repository/VLink/Page_CCSale/txt_UDF2'

2020-12-23 23:31:13 - [MESSAGE][PASSED] - Object 'Object Repository/VLink/Page_CCSale/txt_UDF3' is present

2020-12-23 23:31:14 - [MESSAGE][PASSED] - Text '' is set on object 'Object Repository/VLink/Page_CCSale/txt_UDF3'

2020-12-23 23:31:14 - [MESSAGE][PASSED] - Object 'Object Repository/VLink/Page_CCSale/txt_UDF4' is present

2020-12-23 23:31:15 - [MESSAGE][PASSED] - Text '' is set on object 'Object Repository/VLink/Page_CCSale/txt_UDF4'

2020-12-23 23:31:15 - [MESSAGE][PASSED] - Object 'Object Repository/VLink/Page_CCSale/txt_UDF5' is present

2020-12-23 23:31:16 - [MESSAGE][PASSED] - Text '' is set on object 'Object Repository/VLink/Page_CCSale/txt_UDF5'

2020-12-23 23:31:16 - [MESSAGE][PASSED] - Object 'Object Repository/VLink/Page_CCSale/txt_UDF6' is present

2020-12-23 23:31:17 - [MESSAGE][PASSED] - Text '' is set on object 'Object Repository/VLink/Page_CCSale/txt_UDF6'

2020-12-23 23:31:17 - [MESSAGE][PASSED] - Object 'Object Repository/VLink/Page_CCSale/txt_UDF7' is present

2020-12-23 23:31:18 - [MESSAGE][PASSED] - Text '' is set on object 'Object Repository/VLink/Page_CCSale/txt_UDF7'

2020-12-23 23:31:18 - [MESSAGE][PASSED] - Object 'Object Repository/VLink/Page_CCSale/txt_UDF8' is present

2020-12-23 23:31:19 - [MESSAGE][PASSED] - Text '' is set on object 'Object Repository/VLink/Page_CCSale/txt_UDF8'

2020-12-23 23:31:19 - [MESSAGE][PASSED] - Object 'Object Repository/VLink/Page_CCSale/txt_UDF9' is present

2020-12-23 23:31:20 - [MESSAGE][PASSED] - Text '' is set on object 'Object Repository/VLink/Page_CCSale/txt_UDF9'

2020-12-23 23:31:20 - [MESSAGE][PASSED] - Object 'Object Repository/VLink/Page_CCSale/txt_UDF10' is present

2020-12-23 23:31:20 - [MESSAGE][PASSED] - Text '' is set on object 'Object Repository/VLink/Page_CCSale/txt_UDF10'

2020-12-23 23:31:21 - [MESSAGE][PASSED] - Object 'Object Repository/VLink/Page_CCSale/txt_CardOnFileIndicator' is present

2020-12-23 23:31:21 - [MESSAGE][PASSED] - Text '' is set on object 'Object Repository/VLink/Page_CCSale/txt_CardOnFileIndicator'

2020-12-23 23:31:22 - [MESSAGE][PASSED] - Object 'Object Repository/VLink/Page_CCSale/txt_StoredCredentialIndicator' is present

2020-12-23 23:31:22 - [MESSAGE][PASSED] - Text '' is set on object 'Object Repository/VLink/Page_CCSale/txt_StoredCredentialIndicator'

2020-12-23 23:31:23 - [MESSAGE][PASSED] - Object 'Object Repository/VLink/Page_CCSale/txt_COFScheduledIndicator' is present

2020-12-23 23:31:23 - [MESSAGE][PASSED] - Text '' is set on object 'Object Repository/VLink/Page_CCSale/txt_COFScheduledIndicator'

2020-12-23 23:31:24 - [MESSAGE][PASSED] - Object 'Object Repository/VLink/Page_CCSale/txt_COFTransactionInitiatedBy' is present

2020-12-23 23:31:24 - [MESSAGE][PASSED] - Text '' is set on object 'Object Repository/VLink/Page_CCSale/txt_COFTransactionInitiatedBy'

2020-12-23 23:31:27 - [MESSAGE][PASSED] - Object: 'Object Repository/VLink/Page_CCSale/btn_ProcessVLinkTransaction' is clicked on

2020-12-23 23:31:32 - [MESSAGE][PASSED] - vlinkPages.saleCCPage.setDataSCC is PASSED

2020-12-23 23:31:32 - [TEST_STEP][PASSED] - if (verifyTextPresent("Transaction approved, no errors", true)): null

2020-12-23 23:31:33 - [MESSAGE][PASSED] - Text 'Transaction approved, no errors' is present on page  using regular expression

2020-12-23 23:31:33 - [TEST_STEP][PASSED] - println("Transaction Approved, no errors text is present on the Confirmation page"): null

2020-12-23 23:31:33 - [TEST_STEP][PASSED] - out.println("Pass Record Number: " + row): null

2020-12-23 23:31:33 - [TEST_STEP][PASSED] - resText = "Pass": null

2020-12-23 23:31:33 - [TEST_STEP][PASSED] - pages.WriteExcel.demoKey(resText, datText, resColumn, datCloumn, fileLoc, nameSheet, row): pages.WriteExcel.demoKey is PASSED

2020-12-23 23:31:33 - [MESSAGE][PASSED] - pages.WriteExcel.demoKey is PASSED

2020-12-23 23:31:33 - [TEST_STEP][PASSED] - sdfo = getText(findTestObject("Object Repository/Page_VLinkReceipt/pre_STX")): Text of object 'Object Repository/Page_VLinkReceipt/pre_STX' is: '<STX>wDiiLukx7iMv                  12088043            0  Transaction approved, no errors                   0                                                                                  XXOK3140   <ETX>'

2020-12-23 23:31:33 - [MESSAGE][PASSED] - Text of object 'Object Repository/Page_VLinkReceipt/pre_STX' is: '<STX>wDiiLukx7iMv                  12088043            0  Transaction approved, no errors                   0                                                                                  XXOK3140   <ETX>'

2020-12-23 23:31:33 - [TEST_STEP][PASSED] - out.println("sdfo: " + sdfo): null

2020-12-23 23:31:33 - [TEST_STEP][PASSED] - remID = substring(5, 35).trim(): null

2020-12-23 23:31:33 - [TEST_STEP][PASSED] - out.println("Remittance ID: " + remID): null

2020-12-23 23:31:33 - [TEST_STEP][PASSED] - traxID = substring(35, 55).trim(): null

2020-12-23 23:31:33 - [TEST_STEP][PASSED] - out.println("Transaction ID: " + traxID): null

2020-12-23 23:31:33 - [TEST_STEP][PASSED] - out.println("End Record Number: " + row): null

2020-12-23 23:31:33 - [TEST_STEP][PASSED] - closeBrowser(): Browser is closed

2020-12-23 23:31:34 - [MESSAGE][PASSED] - Browser is closed

2020-12-23 23:31:34 - [TEST_STEP][PASSED] - out.println("Begin Record Number: " + row): null

2020-12-23 23:31:34 - [TEST_STEP][PASSED] - today = new java.util.Date(): null

2020-12-23 23:31:34 - [TEST_STEP][PASSED] - println(today): null

2020-12-23 23:31:34 - [TEST_STEP][PASSED] - datText = today: null

2020-12-23 23:31:34 - [TEST_STEP][PASSED] - openBrowser(VLinkURL + "authcap.html"): Browser is opened with url: 'https://dev-algorithm.govolution.com/vlinktest/QA/version_2_0/authcap.html'

2020-12-23 23:31:34 - [MESSAGE][INFO] - Starting 'Chrome' driver

2020-12-23 23:31:34 - [MESSAGE][INFO] - User set preference: ['acceptInsecureCerts', 'true']

2020-12-23 23:31:34 - [MESSAGE][INFO] - Action delay is set to 0 milliseconds

2020-12-23 23:31:38 - [MESSAGE][PASSED] - Browser is opened with url: 'https://dev-algorithm.govolution.com/vlinktest/QA/version_2_0/authcap.html'

2020-12-23 23:31:38 - [TEST_STEP][PASSED] - maximizeWindow(): Current window maximized

2020-12-23 23:31:38 - [MESSAGE][PASSED] - Current window maximized

2020-12-23 23:31:38 - [TEST_STEP][PASSED] - vlinkPages.saleCCPage.setDataSCC(row, dataFile): vlinkPages.saleCCPage.setDataSCC is PASSED

2020-12-23 23:31:40 - [MESSAGE][PASSED] - Object 'Object Repository/VLink/Page_CCSale/txt_CardNumber' is present

2020-12-23 23:31:41 - [MESSAGE][PASSED] - Object 'Object Repository/VLink/Page_CCSale/txt_TransactionType' is present

2020-12-23 23:31:41 - [MESSAGE][PASSED] - Text '104' is set on object 'Object Repository/VLink/Page_CCSale/txt_TransactionType'

2020-12-23 23:31:42 - [MESSAGE][PASSED] - Object 'Object Repository/VLink/Page_CCSale/txt_MessageVersion' is present

2020-12-23 23:31:42 - [MESSAGE][PASSED] - Text '2.0C' is set on object 'Object Repository/VLink/Page_CCSale/txt_MessageVersion'

2020-12-23 23:31:43 - [MESSAGE][PASSED] - Object 'Object Repository/VLink/Page_CCSale/txt_RemID' is present

2020-12-23 23:31:43 - [MESSAGE][PASSED] - Text 'GGOuusKuSnFU' is set on object 'Object Repository/VLink/Page_CCSale/txt_RemID'

2020-12-23 23:31:44 - [MESSAGE][PASSED] - Object 'Object Repository/VLink/Page_CCSale/txt_ApplicationId' is present

2020-12-23 23:31:44 - [MESSAGE][PASSED] - Text '665' is set on object 'Object Repository/VLink/Page_CCSale/txt_ApplicationId'

2020-12-23 23:31:45 - [MESSAGE][PASSED] - Object 'Object Repository/VLink/Page_CCSale/txt_Username' is present

2020-12-23 23:31:45 - [MESSAGE][PASSED] - Text 'username' is set on object 'Object Repository/VLink/Page_CCSale/txt_Username'

2020-12-23 23:31:46 - [MESSAGE][PASSED] - Object 'Object Repository/VLink/Page_CCSale/txt_Password' is present

2020-12-23 23:31:46 - [MESSAGE][PASSED] - Text 'password' is set on object 'Object Repository/VLink/Page_CCSale/txt_Password'

2020-12-23 23:31:46 - [MESSAGE][PASSED] - Object 'Object Repository/VLink/Page_CCSale/txt_ResponseFormat' is present

2020-12-23 23:31:47 - [MESSAGE][PASSED] - Text 'fixed_width' is set on object 'Object Repository/VLink/Page_CCSale/txt_ResponseFormat'

2020-12-23 23:31:47 - [MESSAGE][PASSED] - Object 'Object Repository/VLink/Page_CCSale/txt_Category' is present

2020-12-23 23:31:48 - [MESSAGE][PASSED] - Text 'ECOM' is set on object 'Object Repository/VLink/Page_CCSale/txt_Category'

2020-12-23 23:31:48 - [MESSAGE][PASSED] - Object 'Object Repository/VLink/Page_CCSale/txt_TransactionID' is present

2020-12-23 23:31:49 - [MESSAGE][PASSED] - Text '' is set on object 'Object Repository/VLink/Page_CCSale/txt_TransactionID'

2020-12-23 23:31:49 - [MESSAGE][PASSED] - Object 'Object Repository/VLink/Page_CCSale/txt_ApprovalCode' is present

2020-12-23 23:31:50 - [MESSAGE][PASSED] - Text '' is set on object 'Object Repository/VLink/Page_CCSale/txt_ApprovalCode'

2020-12-23 23:31:50 - [MESSAGE][PASSED] - Object 'Object Repository/VLink/Page_CCSale/txt_CardName' is present

2020-12-23 23:31:51 - [MESSAGE][PASSED] - Text 'Kris Roshan' is set on object 'Object Repository/VLink/Page_CCSale/txt_CardName'

2020-12-23 23:31:51 - [MESSAGE][PASSED] - Object 'Object Repository/VLink/Page_CCSale/txt_AL1' is present

2020-12-23 23:31:51 - [MESSAGE][PASSED] - Text '258 Elm Road' is set on object 'Object Repository/VLink/Page_CCSale/txt_AL1'

2020-12-23 23:31:52 - [MESSAGE][PASSED] - Object 'Object Repository/VLink/Page_CCSale/txt_AL2' is present

2020-12-23 23:31:52 - [MESSAGE][PASSED] - Text 'Suite 56' is set on object 'Object Repository/VLink/Page_CCSale/txt_AL2'

2020-12-23 23:31:53 - [MESSAGE][PASSED] - Object 'Object Repository/VLink/Page_CCSale/txt_CardCity' is present

2020-12-23 23:31:53 - [MESSAGE][PASSED] - Text 'Arlington' is set on object 'Object Repository/VLink/Page_CCSale/txt_CardCity'

2020-12-23 23:31:53 - [MESSAGE][PASSED] - Object 'Object Repository/VLink/Page_CCSale/txt_CardState' is present

2020-12-23 23:31:54 - [MESSAGE][PASSED] - Text 'VA' is set on object 'Object Repository/VLink/Page_CCSale/txt_CardState'

2020-12-23 23:31:54 - [MESSAGE][PASSED] - Object 'Object Repository/VLink/Page_CCSale/txt_CardZIP' is present

2020-12-23 23:31:55 - [MESSAGE][PASSED] - Text '22201' is set on object 'Object Repository/VLink/Page_CCSale/txt_CardZIP'

2020-12-23 23:31:55 - [MESSAGE][PASSED] - Object 'Object Repository/VLink/Page_CCSale/txt_CountryID' is present

2020-12-23 23:31:56 - [MESSAGE][PASSED] - Text '840' is set on object 'Object Repository/VLink/Page_CCSale/txt_CountryID'

2020-12-23 23:31:56 - [MESSAGE][PASSED] - Object 'Object Repository/VLink/Page_CCSale/txt_Amount' is present

2020-12-23 23:31:57 - [MESSAGE][PASSED] - Text '1.50' is set on object 'Object Repository/VLink/Page_CCSale/txt_Amount'

2020-12-23 23:31:57 - [MESSAGE][PASSED] - Object 'Object Repository/VLink/Page_CCSale/txt_CardNumber' is present

2020-12-23 23:31:58 - [MESSAGE][PASSED] - Text '5424000000000015' is set on object 'Object Repository/VLink/Page_CCSale/txt_CardNumber'

2020-12-23 23:31:58 - [MESSAGE][PASSED] - Object 'Object Repository/VLink/Page_CCSale/txt_ExpMonth' is present

2020-12-23 23:31:59 - [MESSAGE][PASSED] - Text '12' is set on object 'Object Repository/VLink/Page_CCSale/txt_ExpMonth'

2020-12-23 23:31:59 - [MESSAGE][PASSED] - Object 'Object Repository/VLink/Page_CCSale/txt_ExpYear' is present

2020-12-23 23:32:00 - [MESSAGE][PASSED] - Text '2025' is set on object 'Object Repository/VLink/Page_CCSale/txt_ExpYear'

2020-12-23 23:32:00 - [MESSAGE][PASSED] - Object 'Object Repository/VLink/Page_CCSale/txt_CVV' is present

2020-12-23 23:32:01 - [MESSAGE][PASSED] - Text '' is set on object 'Object Repository/VLink/Page_CCSale/txt_CVV'

2020-12-23 23:32:01 - [MESSAGE][PASSED] - Object 'Object Repository/VLink/Page_CCSale/txt_CVVstate' is present

2020-12-23 23:32:02 - [MESSAGE][PASSED] - Text '' is set on object 'Object Repository/VLink/Page_CCSale/txt_CVVstate'

2020-12-23 23:32:02 - [MESSAGE][PASSED] - Object 'Object Repository/VLink/Page_CCSale/txt_TrackData' is present

2020-12-23 23:32:03 - [MESSAGE][PASSED] - Text '' is set on object 'Object Repository/VLink/Page_CCSale/txt_TrackData'

2020-12-23 23:32:03 - [MESSAGE][PASSED] - Object 'Object Repository/VLink/Page_CCSale/txt_Track1Data' is present

2020-12-23 23:32:04 - [MESSAGE][PASSED] - Text '' is set on object 'Object Repository/VLink/Page_CCSale/txt_Track1Data'

2020-12-23 23:32:04 - [MESSAGE][PASSED] - Object 'Object Repository/VLink/Page_CCSale/txt_Track2Data' is present

2020-12-23 23:32:05 - [MESSAGE][PASSED] - Text '' is set on object 'Object Repository/VLink/Page_CCSale/txt_Track2Data'

2020-12-23 23:32:05 - [MESSAGE][PASSED] - Object 'Object Repository/VLink/Page_CCSale/txt_POSEntryMode' is present

2020-12-23 23:32:06 - [MESSAGE][PASSED] - Text 'manual' is set on object 'Object Repository/VLink/Page_CCSale/txt_POSEntryMode'

2020-12-23 23:32:06 - [MESSAGE][PASSED] - Object 'Object Repository/VLink/Page_CCSale/txt_Email' is present

2020-12-23 23:32:07 - [MESSAGE][PASSED] - Text 'iahmed@govolution.com' is set on object 'Object Repository/VLink/Page_CCSale/txt_Email'

2020-12-23 23:32:07 - [MESSAGE][PASSED] - Object 'Object Repository/VLink/Page_CCSale/txt_OrderNumber' is present

2020-12-23 23:32:08 - [MESSAGE][PASSED] - Text '2569362' is set on object 'Object Repository/VLink/Page_CCSale/txt_OrderNumber'

2020-12-23 23:32:08 - [MESSAGE][PASSED] - Object 'Object Repository/VLink/Page_CCSale/txt_TaxAmount' is present

2020-12-23 23:32:09 - [MESSAGE][PASSED] - Text '1.15' is set on object 'Object Repository/VLink/Page_CCSale/txt_TaxAmount'

2020-12-23 23:32:09 - [MESSAGE][PASSED] - Object 'Object Repository/VLink/Page_CCSale/txt_ChargeDescription' is present

2020-12-23 23:32:10 - [MESSAGE][PASSED] - Text 'Charge Description' is set on object 'Object Repository/VLink/Page_CCSale/txt_ChargeDescription'

2020-12-23 23:32:10 - [MESSAGE][PASSED] - Object 'Object Repository/VLink/Page_CCSale/txt_CAN' is present

2020-12-23 23:32:11 - [MESSAGE][PASSED] - Text '147357' is set on object 'Object Repository/VLink/Page_CCSale/txt_CAN'

2020-12-23 23:32:11 - [MESSAGE][PASSED] - Object 'Object Repository/VLink/Page_CCSale/txt_BillPaymentIndicator' is present

2020-12-23 23:32:12 - [MESSAGE][PASSED] - Text '1' is set on object 'Object Repository/VLink/Page_CCSale/txt_BillPaymentIndicator'

2020-12-23 23:32:12 - [MESSAGE][PASSED] - Object 'Object Repository/VLink/Page_CCSale/txt_UDF1' is present

2020-12-23 23:32:13 - [MESSAGE][PASSED] - Text 'UDF Data 1' is set on object 'Object Repository/VLink/Page_CCSale/txt_UDF1'

2020-12-23 23:32:13 - [MESSAGE][PASSED] - Object 'Object Repository/VLink/Page_CCSale/txt_UDF2' is present

2020-12-23 23:32:14 - [MESSAGE][PASSED] - Text 'UDF Data 2' is set on object 'Object Repository/VLink/Page_CCSale/txt_UDF2'

2020-12-23 23:32:14 - [MESSAGE][PASSED] - Object 'Object Repository/VLink/Page_CCSale/txt_UDF3' is present

2020-12-23 23:32:15 - [MESSAGE][PASSED] - Text 'UDF Data 3' is set on object 'Object Repository/VLink/Page_CCSale/txt_UDF3'

2020-12-23 23:32:15 - [MESSAGE][PASSED] - Object 'Object Repository/VLink/Page_CCSale/txt_UDF4' is present

2020-12-23 23:32:16 - [MESSAGE][PASSED] - Text 'UDF Data 4' is set on object 'Object Repository/VLink/Page_CCSale/txt_UDF4'

2020-12-23 23:32:16 - [MESSAGE][PASSED] - Object 'Object Repository/VLink/Page_CCSale/txt_UDF5' is present

2020-12-23 23:32:17 - [MESSAGE][PASSED] - Text 'UDF Data 5' is set on object 'Object Repository/VLink/Page_CCSale/txt_UDF5'

2020-12-23 23:32:17 - [MESSAGE][PASSED] - Object 'Object Repository/VLink/Page_CCSale/txt_UDF6' is present

2020-12-23 23:32:18 - [MESSAGE][PASSED] - Text 'UDF Data 6' is set on object 'Object Repository/VLink/Page_CCSale/txt_UDF6'

2020-12-23 23:32:18 - [MESSAGE][PASSED] - Object 'Object Repository/VLink/Page_CCSale/txt_UDF7' is present

2020-12-23 23:32:19 - [MESSAGE][PASSED] - Text 'UDF Data 7' is set on object 'Object Repository/VLink/Page_CCSale/txt_UDF7'

2020-12-23 23:32:19 - [MESSAGE][PASSED] - Object 'Object Repository/VLink/Page_CCSale/txt_UDF8' is present

2020-12-23 23:32:20 - [MESSAGE][PASSED] - Text 'UDF Data 8' is set on object 'Object Repository/VLink/Page_CCSale/txt_UDF8'

2020-12-23 23:32:20 - [MESSAGE][PASSED] - Object 'Object Repository/VLink/Page_CCSale/txt_UDF9' is present

2020-12-23 23:32:21 - [MESSAGE][PASSED] - Text 'UDF Data 9' is set on object 'Object Repository/VLink/Page_CCSale/txt_UDF9'

2020-12-23 23:32:21 - [MESSAGE][PASSED] - Object 'Object Repository/VLink/Page_CCSale/txt_UDF10' is present

2020-12-23 23:32:22 - [MESSAGE][PASSED] - Text 'UDF Data 10' is set on object 'Object Repository/VLink/Page_CCSale/txt_UDF10'

2020-12-23 23:32:22 - [MESSAGE][PASSED] - Object 'Object Repository/VLink/Page_CCSale/txt_CardOnFileIndicator' is present

2020-12-23 23:32:23 - [MESSAGE][PASSED] - Text '' is set on object 'Object Repository/VLink/Page_CCSale/txt_CardOnFileIndicator'

2020-12-23 23:32:23 - [MESSAGE][PASSED] - Object 'Object Repository/VLink/Page_CCSale/txt_StoredCredentialIndicator' is present

2020-12-23 23:32:24 - [MESSAGE][PASSED] - Text '' is set on object 'Object Repository/VLink/Page_CCSale/txt_StoredCredentialIndicator'

2020-12-23 23:32:24 - [MESSAGE][PASSED] - Object 'Object Repository/VLink/Page_CCSale/txt_COFScheduledIndicator' is present

2020-12-23 23:32:25 - [MESSAGE][PASSED] - Text '' is set on object 'Object Repository/VLink/Page_CCSale/txt_COFScheduledIndicator'

2020-12-23 23:32:25 - [MESSAGE][PASSED] - Object 'Object Repository/VLink/Page_CCSale/txt_COFTransactionInitiatedBy' is present

2020-12-23 23:32:26 - [MESSAGE][PASSED] - Text '' is set on object 'Object Repository/VLink/Page_CCSale/txt_COFTransactionInitiatedBy'

2020-12-23 23:32:28 - [MESSAGE][PASSED] - Object: 'Object Repository/VLink/Page_CCSale/btn_ProcessVLinkTransaction' is clicked on

2020-12-23 23:32:33 - [MESSAGE][PASSED] - vlinkPages.saleCCPage.setDataSCC is PASSED

2020-12-23 23:32:33 - [TEST_STEP][PASSED] - if (verifyTextPresent("Transaction approved, no errors", true)): null

2020-12-23 23:32:34 - [MESSAGE][PASSED] - Text 'Transaction approved, no errors' is present on page  using regular expression

2020-12-23 23:32:34 - [TEST_STEP][PASSED] - println("Transaction Approved, no errors text is present on the Confirmation page"): null

2020-12-23 23:32:34 - [TEST_STEP][PASSED] - out.println("Pass Record Number: " + row): null

2020-12-23 23:32:34 - [TEST_STEP][PASSED] - resText = "Pass": null

2020-12-23 23:32:34 - [TEST_STEP][PASSED] - pages.WriteExcel.demoKey(resText, datText, resColumn, datCloumn, fileLoc, nameSheet, row): pages.WriteExcel.demoKey is PASSED

2020-12-23 23:32:34 - [MESSAGE][PASSED] - pages.WriteExcel.demoKey is PASSED

2020-12-23 23:32:34 - [TEST_STEP][PASSED] - sdfo = getText(findTestObject("Object Repository/Page_VLinkReceipt/pre_STX")): Text of object 'Object Repository/Page_VLinkReceipt/pre_STX' is: '<STX>GGOuusKuSnFU                  12088045            0  Transaction approved, no errors                   0                                                                                  XXOK3240   <ETX>'

2020-12-23 23:32:34 - [MESSAGE][PASSED] - Text of object 'Object Repository/Page_VLinkReceipt/pre_STX' is: '<STX>GGOuusKuSnFU                  12088045            0  Transaction approved, no errors                   0                                                                                  XXOK3240   <ETX>'

2020-12-23 23:32:34 - [TEST_STEP][PASSED] - out.println("sdfo: " + sdfo): null

2020-12-23 23:32:34 - [TEST_STEP][PASSED] - remID = substring(5, 35).trim(): null

2020-12-23 23:32:34 - [TEST_STEP][PASSED] - out.println("Remittance ID: " + remID): null

2020-12-23 23:32:34 - [TEST_STEP][PASSED] - traxID = substring(35, 55).trim(): null

2020-12-23 23:32:34 - [TEST_STEP][PASSED] - out.println("Transaction ID: " + traxID): null

2020-12-23 23:32:34 - [TEST_STEP][PASSED] - out.println("End Record Number: " + row): null

2020-12-23 23:32:34 - [TEST_STEP][PASSED] - closeBrowser(): Browser is closed

2020-12-23 23:32:35 - [MESSAGE][PASSED] - Browser is closed

2020-12-23 23:32:35 - [TEST_STEP][PASSED] - out.println("Begin Record Number: " + row): null

2020-12-23 23:32:35 - [TEST_STEP][PASSED] - today = new java.util.Date(): null

2020-12-23 23:32:35 - [TEST_STEP][PASSED] - println(today): null

2020-12-23 23:32:35 - [TEST_STEP][PASSED] - datText = today: null

2020-12-23 23:32:35 - [TEST_STEP][PASSED] - openBrowser(VLinkURL + "authcap.html"): Browser is opened with url: 'https://dev-algorithm.govolution.com/vlinktest/QA/version_2_0/authcap.html'

2020-12-23 23:32:35 - [MESSAGE][INFO] - Starting 'Chrome' driver

2020-12-23 23:32:35 - [MESSAGE][INFO] - User set preference: ['acceptInsecureCerts', 'true']

2020-12-23 23:32:35 - [MESSAGE][INFO] - Action delay is set to 0 milliseconds

2020-12-23 23:32:39 - [MESSAGE][PASSED] - Browser is opened with url: 'https://dev-algorithm.govolution.com/vlinktest/QA/version_2_0/authcap.html'

2020-12-23 23:32:39 - [TEST_STEP][PASSED] - maximizeWindow(): Current window maximized

2020-12-23 23:32:39 - [MESSAGE][PASSED] - Current window maximized

2020-12-23 23:32:39 - [TEST_STEP][PASSED] - vlinkPages.saleCCPage.setDataSCC(row, dataFile): vlinkPages.saleCCPage.setDataSCC is PASSED

2020-12-23 23:32:41 - [MESSAGE][PASSED] - Object 'Object Repository/VLink/Page_CCSale/txt_CardNumber' is present

2020-12-23 23:32:42 - [MESSAGE][PASSED] - Object 'Object Repository/VLink/Page_CCSale/txt_TransactionType' is present

2020-12-23 23:32:42 - [MESSAGE][PASSED] - Text '104' is set on object 'Object Repository/VLink/Page_CCSale/txt_TransactionType'

2020-12-23 23:32:42 - [MESSAGE][PASSED] - Object 'Object Repository/VLink/Page_CCSale/txt_MessageVersion' is present

2020-12-23 23:32:43 - [MESSAGE][PASSED] - Text '2.0C' is set on object 'Object Repository/VLink/Page_CCSale/txt_MessageVersion'

2020-12-23 23:32:43 - [MESSAGE][PASSED] - Object 'Object Repository/VLink/Page_CCSale/txt_RemID' is present

2020-12-23 23:32:44 - [MESSAGE][PASSED] - Text 'iaEMOPoonjRG' is set on object 'Object Repository/VLink/Page_CCSale/txt_RemID'

2020-12-23 23:32:44 - [MESSAGE][PASSED] - Object 'Object Repository/VLink/Page_CCSale/txt_ApplicationId' is present

2020-12-23 23:32:45 - [MESSAGE][PASSED] - Text '672' is set on object 'Object Repository/VLink/Page_CCSale/txt_ApplicationId'

2020-12-23 23:32:45 - [MESSAGE][PASSED] - Object 'Object Repository/VLink/Page_CCSale/txt_Username' is present

2020-12-23 23:32:46 - [MESSAGE][PASSED] - Text 'username' is set on object 'Object Repository/VLink/Page_CCSale/txt_Username'

2020-12-23 23:32:46 - [MESSAGE][PASSED] - Object 'Object Repository/VLink/Page_CCSale/txt_Password' is present

2020-12-23 23:32:46 - [MESSAGE][PASSED] - Text 'password' is set on object 'Object Repository/VLink/Page_CCSale/txt_Password'

2020-12-23 23:32:47 - [MESSAGE][PASSED] - Object 'Object Repository/VLink/Page_CCSale/txt_ResponseFormat' is present

2020-12-23 23:32:47 - [MESSAGE][PASSED] - Text 'fixed_width' is set on object 'Object Repository/VLink/Page_CCSale/txt_ResponseFormat'

2020-12-23 23:32:48 - [MESSAGE][PASSED] - Object 'Object Repository/VLink/Page_CCSale/txt_Category' is present

2020-12-23 23:32:48 - [MESSAGE][PASSED] - Text 'ECOM' is set on object 'Object Repository/VLink/Page_CCSale/txt_Category'

2020-12-23 23:32:49 - [MESSAGE][PASSED] - Object 'Object Repository/VLink/Page_CCSale/txt_TransactionID' is present

2020-12-23 23:32:49 - [MESSAGE][PASSED] - Text '' is set on object 'Object Repository/VLink/Page_CCSale/txt_TransactionID'

2020-12-23 23:32:50 - [MESSAGE][PASSED] - Object 'Object Repository/VLink/Page_CCSale/txt_ApprovalCode' is present

2020-12-23 23:32:50 - [MESSAGE][PASSED] - Text '' is set on object 'Object Repository/VLink/Page_CCSale/txt_ApprovalCode'

2020-12-23 23:32:50 - [MESSAGE][PASSED] - Object 'Object Repository/VLink/Page_CCSale/txt_CardName' is present

2020-12-23 23:32:51 - [MESSAGE][PASSED] - Text 'Arvind Silva' is set on object 'Object Repository/VLink/Page_CCSale/txt_CardName'

2020-12-23 23:32:51 - [MESSAGE][PASSED] - Object 'Object Repository/VLink/Page_CCSale/txt_AL1' is present

2020-12-23 23:32:52 - [MESSAGE][PASSED] - Text '111 Main Ave' is set on object 'Object Repository/VLink/Page_CCSale/txt_AL1'

2020-12-23 23:32:52 - [MESSAGE][PASSED] - Object 'Object Repository/VLink/Page_CCSale/txt_AL2' is present

2020-12-23 23:32:53 - [MESSAGE][PASSED] - Text '' is set on object 'Object Repository/VLink/Page_CCSale/txt_AL2'

2020-12-23 23:32:53 - [MESSAGE][PASSED] - Object 'Object Repository/VLink/Page_CCSale/txt_CardCity' is present

2020-12-23 23:32:54 - [MESSAGE][PASSED] - Text 'Arlington' is set on object 'Object Repository/VLink/Page_CCSale/txt_CardCity'

2020-12-23 23:32:54 - [MESSAGE][PASSED] - Object 'Object Repository/VLink/Page_CCSale/txt_CardState' is present

2020-12-23 23:32:55 - [MESSAGE][PASSED] - Text 'VA' is set on object 'Object Repository/VLink/Page_CCSale/txt_CardState'

2020-12-23 23:32:55 - [MESSAGE][PASSED] - Object 'Object Repository/VLink/Page_CCSale/txt_CardZIP' is present

2020-12-23 23:32:56 - [MESSAGE][PASSED] - Text '22201' is set on object 'Object Repository/VLink/Page_CCSale/txt_CardZIP'

2020-12-23 23:32:56 - [MESSAGE][PASSED] - Object 'Object Repository/VLink/Page_CCSale/txt_CountryID' is present

2020-12-23 23:32:57 - [MESSAGE][PASSED] - Text '' is set on object 'Object Repository/VLink/Page_CCSale/txt_CountryID'

2020-12-23 23:32:57 - [MESSAGE][PASSED] - Object 'Object Repository/VLink/Page_CCSale/txt_Amount' is present

2020-12-23 23:32:58 - [MESSAGE][PASSED] - Text '2.50' is set on object 'Object Repository/VLink/Page_CCSale/txt_Amount'

2020-12-23 23:32:58 - [MESSAGE][PASSED] - Object 'Object Repository/VLink/Page_CCSale/txt_CardNumber' is present

2020-12-23 23:32:59 - [MESSAGE][PASSED] - Text '5424000000000015' is set on object 'Object Repository/VLink/Page_CCSale/txt_CardNumber'

2020-12-23 23:32:59 - [MESSAGE][PASSED] - Object 'Object Repository/VLink/Page_CCSale/txt_ExpMonth' is present

2020-12-23 23:33:00 - [MESSAGE][PASSED] - Text '01' is set on object 'Object Repository/VLink/Page_CCSale/txt_ExpMonth'

2020-12-23 23:33:00 - [MESSAGE][PASSED] - Object 'Object Repository/VLink/Page_CCSale/txt_ExpYear' is present

2020-12-23 23:33:01 - [MESSAGE][PASSED] - Text '2026' is set on object 'Object Repository/VLink/Page_CCSale/txt_ExpYear'

2020-12-23 23:33:01 - [MESSAGE][PASSED] - Object 'Object Repository/VLink/Page_CCSale/txt_CVV' is present

2020-12-23 23:33:02 - [MESSAGE][PASSED] - Text '' is set on object 'Object Repository/VLink/Page_CCSale/txt_CVV'

2020-12-23 23:33:02 - [MESSAGE][PASSED] - Object 'Object Repository/VLink/Page_CCSale/txt_CVVstate' is present

2020-12-23 23:33:03 - [MESSAGE][PASSED] - Text '' is set on object 'Object Repository/VLink/Page_CCSale/txt_CVVstate'

2020-12-23 23:33:03 - [MESSAGE][PASSED] - Object 'Object Repository/VLink/Page_CCSale/txt_TrackData' is present

2020-12-23 23:33:04 - [MESSAGE][PASSED] - Text '' is set on object 'Object Repository/VLink/Page_CCSale/txt_TrackData'

2020-12-23 23:33:04 - [MESSAGE][PASSED] - Object 'Object Repository/VLink/Page_CCSale/txt_Track1Data' is present

2020-12-23 23:33:05 - [MESSAGE][PASSED] - Text '' is set on object 'Object Repository/VLink/Page_CCSale/txt_Track1Data'

2020-12-23 23:33:05 - [MESSAGE][PASSED] - Object 'Object Repository/VLink/Page_CCSale/txt_Track2Data' is present

2020-12-23 23:33:06 - [MESSAGE][PASSED] - Text '' is set on object 'Object Repository/VLink/Page_CCSale/txt_Track2Data'

2020-12-23 23:33:06 - [MESSAGE][PASSED] - Object 'Object Repository/VLink/Page_CCSale/txt_POSEntryMode' is present

2020-12-23 23:33:07 - [MESSAGE][PASSED] - Text 'manual' is set on object 'Object Repository/VLink/Page_CCSale/txt_POSEntryMode'

2020-12-23 23:33:07 - [MESSAGE][PASSED] - Object 'Object Repository/VLink/Page_CCSale/txt_Email' is present

2020-12-23 23:33:08 - [MESSAGE][PASSED] - Text '' is set on object 'Object Repository/VLink/Page_CCSale/txt_Email'

2020-12-23 23:33:08 - [MESSAGE][PASSED] - Object 'Object Repository/VLink/Page_CCSale/txt_OrderNumber' is present

2020-12-23 23:33:09 - [MESSAGE][PASSED] - Text '' is set on object 'Object Repository/VLink/Page_CCSale/txt_OrderNumber'

2020-12-23 23:33:09 - [MESSAGE][PASSED] - Object 'Object Repository/VLink/Page_CCSale/txt_TaxAmount' is present

2020-12-23 23:33:10 - [MESSAGE][PASSED] - Text '' is set on object 'Object Repository/VLink/Page_CCSale/txt_TaxAmount'

2020-12-23 23:33:10 - [MESSAGE][PASSED] - Object 'Object Repository/VLink/Page_CCSale/txt_ChargeDescription' is present

2020-12-23 23:33:11 - [MESSAGE][PASSED] - Text '' is set on object 'Object Repository/VLink/Page_CCSale/txt_ChargeDescription'

2020-12-23 23:33:11 - [MESSAGE][PASSED] - Object 'Object Repository/VLink/Page_CCSale/txt_CAN' is present

2020-12-23 23:33:12 - [MESSAGE][PASSED] - Text '' is set on object 'Object Repository/VLink/Page_CCSale/txt_CAN'

2020-12-23 23:33:12 - [MESSAGE][PASSED] - Object 'Object Repository/VLink/Page_CCSale/txt_BillPaymentIndicator' is present

2020-12-23 23:33:13 - [MESSAGE][PASSED] - Text '' is set on object 'Object Repository/VLink/Page_CCSale/txt_BillPaymentIndicator'

2020-12-23 23:33:13 - [MESSAGE][PASSED] - Object 'Object Repository/VLink/Page_CCSale/txt_UDF1' is present

2020-12-23 23:33:14 - [MESSAGE][PASSED] - Text '' is set on object 'Object Repository/VLink/Page_CCSale/txt_UDF1'

2020-12-23 23:33:14 - [MESSAGE][PASSED] - Object 'Object Repository/VLink/Page_CCSale/txt_UDF2' is present

2020-12-23 23:33:15 - [MESSAGE][PASSED] - Text '' is set on object 'Object Repository/VLink/Page_CCSale/txt_UDF2'

2020-12-23 23:33:15 - [MESSAGE][PASSED] - Object 'Object Repository/VLink/Page_CCSale/txt_UDF3' is present

2020-12-23 23:33:16 - [MESSAGE][PASSED] - Text '' is set on object 'Object Repository/VLink/Page_CCSale/txt_UDF3'

2020-12-23 23:33:16 - [MESSAGE][PASSED] - Object 'Object Repository/VLink/Page_CCSale/txt_UDF4' is present

2020-12-23 23:33:17 - [MESSAGE][PASSED] - Text '' is set on object 'Object Repository/VLink/Page_CCSale/txt_UDF4'

2020-12-23 23:33:17 - [MESSAGE][PASSED] - Object 'Object Repository/VLink/Page_CCSale/txt_UDF5' is present

2020-12-23 23:33:18 - [MESSAGE][PASSED] - Text '' is set on object 'Object Repository/VLink/Page_CCSale/txt_UDF5'

2020-12-23 23:33:18 - [MESSAGE][PASSED] - Object 'Object Repository/VLink/Page_CCSale/txt_UDF6' is present

2020-12-23 23:33:19 - [MESSAGE][PASSED] - Text '' is set on object 'Object Repository/VLink/Page_CCSale/txt_UDF6'

2020-12-23 23:33:19 - [MESSAGE][PASSED] - Object 'Object Repository/VLink/Page_CCSale/txt_UDF7' is present

2020-12-23 23:33:20 - [MESSAGE][PASSED] - Text '' is set on object 'Object Repository/VLink/Page_CCSale/txt_UDF7'

2020-12-23 23:33:20 - [MESSAGE][PASSED] - Object 'Object Repository/VLink/Page_CCSale/txt_UDF8' is present

2020-12-23 23:33:21 - [MESSAGE][PASSED] - Text '' is set on object 'Object Repository/VLink/Page_CCSale/txt_UDF8'

2020-12-23 23:33:21 - [MESSAGE][PASSED] - Object 'Object Repository/VLink/Page_CCSale/txt_UDF9' is present

2020-12-23 23:33:22 - [MESSAGE][PASSED] - Text '' is set on object 'Object Repository/VLink/Page_CCSale/txt_UDF9'

2020-12-23 23:33:22 - [MESSAGE][PASSED] - Object 'Object Repository/VLink/Page_CCSale/txt_UDF10' is present

2020-12-23 23:33:23 - [MESSAGE][PASSED] - Text '' is set on object 'Object Repository/VLink/Page_CCSale/txt_UDF10'

2020-12-23 23:33:23 - [MESSAGE][PASSED] - Object 'Object Repository/VLink/Page_CCSale/txt_CardOnFileIndicator' is present

2020-12-23 23:33:24 - [MESSAGE][PASSED] - Text '' is set on object 'Object Repository/VLink/Page_CCSale/txt_CardOnFileIndicator'

2020-12-23 23:33:24 - [MESSAGE][PASSED] - Object 'Object Repository/VLink/Page_CCSale/txt_StoredCredentialIndicator' is present

2020-12-23 23:33:25 - [MESSAGE][PASSED] - Text '' is set on object 'Object Repository/VLink/Page_CCSale/txt_StoredCredentialIndicator'

2020-12-23 23:33:25 - [MESSAGE][PASSED] - Object 'Object Repository/VLink/Page_CCSale/txt_COFScheduledIndicator' is present

2020-12-23 23:33:26 - [MESSAGE][PASSED] - Text '' is set on object 'Object Repository/VLink/Page_CCSale/txt_COFScheduledIndicator'

2020-12-23 23:33:26 - [MESSAGE][PASSED] - Object 'Object Repository/VLink/Page_CCSale/txt_COFTransactionInitiatedBy' is present

2020-12-23 23:33:27 - [MESSAGE][PASSED] - Text '' is set on object 'Object Repository/VLink/Page_CCSale/txt_COFTransactionInitiatedBy'

2020-12-23 23:33:29 - [MESSAGE][PASSED] - Object: 'Object Repository/VLink/Page_CCSale/btn_ProcessVLinkTransaction' is clicked on

2020-12-23 23:33:34 - [MESSAGE][PASSED] - vlinkPages.saleCCPage.setDataSCC is PASSED

2020-12-23 23:33:34 - [TEST_STEP][PASSED] - if (verifyTextPresent("Transaction approved, no errors", true)): null

2020-12-23 23:33:34 - [MESSAGE][PASSED] - Text 'Transaction approved, no errors' is present on page  using regular expression

2020-12-23 23:33:34 - [TEST_STEP][PASSED] - println("Transaction Approved, no errors text is present on the Confirmation page"): null

2020-12-23 23:33:34 - [TEST_STEP][PASSED] - out.println("Pass Record Number: " + row): null

2020-12-23 23:33:34 - [TEST_STEP][PASSED] - resText = "Pass": null

2020-12-23 23:33:34 - [TEST_STEP][PASSED] - pages.WriteExcel.demoKey(resText, datText, resColumn, datCloumn, fileLoc, nameSheet, row): pages.WriteExcel.demoKey is PASSED

2020-12-23 23:33:35 - [MESSAGE][PASSED] - pages.WriteExcel.demoKey is PASSED

2020-12-23 23:33:35 - [TEST_STEP][PASSED] - sdfo = getText(findTestObject("Object Repository/Page_VLinkReceipt/pre_STX")): Text of object 'Object Repository/Page_VLinkReceipt/pre_STX' is: '<STX>iaEMOPoonjRG                  12088046            0  Transaction approved, no errors                   0                                                                                  XXOK3360   <ETX>'

2020-12-23 23:33:35 - [MESSAGE][PASSED] - Text of object 'Object Repository/Page_VLinkReceipt/pre_STX' is: '<STX>iaEMOPoonjRG                  12088046            0  Transaction approved, no errors                   0                                                                                  XXOK3360   <ETX>'

2020-12-23 23:33:35 - [TEST_STEP][PASSED] - out.println("sdfo: " + sdfo): null

2020-12-23 23:33:35 - [TEST_STEP][PASSED] - remID = substring(5, 35).trim(): null

2020-12-23 23:33:35 - [TEST_STEP][PASSED] - out.println("Remittance ID: " + remID): null

2020-12-23 23:33:35 - [TEST_STEP][PASSED] - traxID = substring(35, 55).trim(): null

2020-12-23 23:33:35 - [TEST_STEP][PASSED] - out.println("Transaction ID: " + traxID): null

2020-12-23 23:33:35 - [TEST_STEP][PASSED] - out.println("End Record Number: " + row): null

2020-12-23 23:33:35 - [TEST_STEP][PASSED] - closeBrowser(): Browser is closed

2020-12-23 23:33:36 - [MESSAGE][PASSED] - Browser is closed

2020-12-23 23:33:36 - [TEST_STEP][PASSED] - out.println("Begin Record Number: " + row): null

2020-12-23 23:33:36 - [TEST_STEP][PASSED] - today = new java.util.Date(): null

2020-12-23 23:33:36 - [TEST_STEP][PASSED] - println(today): null

2020-12-23 23:33:36 - [TEST_STEP][PASSED] - datText = today: null

2020-12-23 23:33:36 - [TEST_STEP][PASSED] - openBrowser(VLinkURL + "authcap.html"): Browser is opened with url: 'https://dev-algorithm.govolution.com/vlinktest/QA/version_2_0/authcap.html'

2020-12-23 23:33:36 - [MESSAGE][INFO] - Starting 'Chrome' driver

2020-12-23 23:33:36 - [MESSAGE][INFO] - User set preference: ['acceptInsecureCerts', 'true']

2020-12-23 23:33:36 - [MESSAGE][INFO] - Action delay is set to 0 milliseconds

2020-12-23 23:33:40 - [MESSAGE][PASSED] - Browser is opened with url: 'https://dev-algorithm.govolution.com/vlinktest/QA/version_2_0/authcap.html'

2020-12-23 23:33:40 - [TEST_STEP][PASSED] - maximizeWindow(): Current window maximized

2020-12-23 23:33:40 - [MESSAGE][PASSED] - Current window maximized

2020-12-23 23:33:40 - [TEST_STEP][PASSED] - vlinkPages.saleCCPage.setDataSCC(row, dataFile): vlinkPages.saleCCPage.setDataSCC is PASSED

2020-12-23 23:33:42 - [MESSAGE][PASSED] - Object 'Object Repository/VLink/Page_CCSale/txt_CardNumber' is present

2020-12-23 23:33:42 - [MESSAGE][PASSED] - Object 'Object Repository/VLink/Page_CCSale/txt_TransactionType' is present

2020-12-23 23:33:43 - [MESSAGE][PASSED] - Text '104' is set on object 'Object Repository/VLink/Page_CCSale/txt_TransactionType'

2020-12-23 23:33:43 - [MESSAGE][PASSED] - Object 'Object Repository/VLink/Page_CCSale/txt_MessageVersion' is present

2020-12-23 23:33:44 - [MESSAGE][PASSED] - Text '2.0C' is set on object 'Object Repository/VLink/Page_CCSale/txt_MessageVersion'

2020-12-23 23:33:44 - [MESSAGE][PASSED] - Object 'Object Repository/VLink/Page_CCSale/txt_RemID' is present

2020-12-23 23:33:45 - [MESSAGE][PASSED] - Text 'C87Ord6B8T9b' is set on object 'Object Repository/VLink/Page_CCSale/txt_RemID'

2020-12-23 23:33:45 - [MESSAGE][PASSED] - Object 'Object Repository/VLink/Page_CCSale/txt_ApplicationId' is present

2020-12-23 23:33:45 - [MESSAGE][PASSED] - Text '677' is set on object 'Object Repository/VLink/Page_CCSale/txt_ApplicationId'

2020-12-23 23:33:46 - [MESSAGE][PASSED] - Object 'Object Repository/VLink/Page_CCSale/txt_Username' is present

2020-12-23 23:33:46 - [MESSAGE][PASSED] - Text 'username' is set on object 'Object Repository/VLink/Page_CCSale/txt_Username'

2020-12-23 23:33:47 - [MESSAGE][PASSED] - Object 'Object Repository/VLink/Page_CCSale/txt_Password' is present

2020-12-23 23:33:47 - [MESSAGE][PASSED] - Text 'password' is set on object 'Object Repository/VLink/Page_CCSale/txt_Password'

2020-12-23 23:33:47 - [MESSAGE][PASSED] - Object 'Object Repository/VLink/Page_CCSale/txt_ResponseFormat' is present

2020-12-23 23:33:48 - [MESSAGE][PASSED] - Text 'fixed_width' is set on object 'Object Repository/VLink/Page_CCSale/txt_ResponseFormat'

2020-12-23 23:33:48 - [MESSAGE][PASSED] - Object 'Object Repository/VLink/Page_CCSale/txt_Category' is present

2020-12-23 23:33:49 - [MESSAGE][PASSED] - Text 'ECOM' is set on object 'Object Repository/VLink/Page_CCSale/txt_Category'

2020-12-23 23:33:49 - [MESSAGE][PASSED] - Object 'Object Repository/VLink/Page_CCSale/txt_TransactionID' is present

2020-12-23 23:33:50 - [MESSAGE][PASSED] - Text '' is set on object 'Object Repository/VLink/Page_CCSale/txt_TransactionID'

2020-12-23 23:33:50 - [MESSAGE][PASSED] - Object 'Object Repository/VLink/Page_CCSale/txt_ApprovalCode' is present

2020-12-23 23:33:51 - [MESSAGE][PASSED] - Text '' is set on object 'Object Repository/VLink/Page_CCSale/txt_ApprovalCode'

2020-12-23 23:33:51 - [MESSAGE][PASSED] - Object 'Object Repository/VLink/Page_CCSale/txt_CardName' is present

2020-12-23 23:33:52 - [MESSAGE][PASSED] - Text 'Roshan Maha' is set on object 'Object Repository/VLink/Page_CCSale/txt_CardName'

2020-12-23 23:33:52 - [MESSAGE][PASSED] - Object 'Object Repository/VLink/Page_CCSale/txt_AL1' is present

2020-12-23 23:33:53 - [MESSAGE][PASSED] - Text '12563 Bazaar road' is set on object 'Object Repository/VLink/Page_CCSale/txt_AL1'

2020-12-23 23:33:53 - [MESSAGE][PASSED] - Object 'Object Repository/VLink/Page_CCSale/txt_AL2' is present

2020-12-23 23:33:54 - [MESSAGE][PASSED] - Text '' is set on object 'Object Repository/VLink/Page_CCSale/txt_AL2'

2020-12-23 23:33:54 - [MESSAGE][PASSED] - Object 'Object Repository/VLink/Page_CCSale/txt_CardCity' is present

2020-12-23 23:33:55 - [MESSAGE][PASSED] - Text 'Crofton' is set on object 'Object Repository/VLink/Page_CCSale/txt_CardCity'

2020-12-23 23:33:55 - [MESSAGE][PASSED] - Object 'Object Repository/VLink/Page_CCSale/txt_CardState' is present

2020-12-23 23:33:56 - [MESSAGE][PASSED] - Text 'MD' is set on object 'Object Repository/VLink/Page_CCSale/txt_CardState'

2020-12-23 23:33:56 - [MESSAGE][PASSED] - Object 'Object Repository/VLink/Page_CCSale/txt_CardZIP' is present

2020-12-23 23:33:57 - [MESSAGE][PASSED] - Text '21114' is set on object 'Object Repository/VLink/Page_CCSale/txt_CardZIP'

2020-12-23 23:33:57 - [MESSAGE][PASSED] - Object 'Object Repository/VLink/Page_CCSale/txt_CountryID' is present

2020-12-23 23:33:58 - [MESSAGE][PASSED] - Text '' is set on object 'Object Repository/VLink/Page_CCSale/txt_CountryID'

2020-12-23 23:33:58 - [MESSAGE][PASSED] - Object 'Object Repository/VLink/Page_CCSale/txt_Amount' is present

2020-12-23 23:33:59 - [MESSAGE][PASSED] - Text '3.50' is set on object 'Object Repository/VLink/Page_CCSale/txt_Amount'

2020-12-23 23:33:59 - [MESSAGE][PASSED] - Object 'Object Repository/VLink/Page_CCSale/txt_CardNumber' is present

2020-12-23 23:34:00 - [MESSAGE][PASSED] - Text '5424000000000015' is set on object 'Object Repository/VLink/Page_CCSale/txt_CardNumber'

2020-12-23 23:34:00 - [MESSAGE][PASSED] - Object 'Object Repository/VLink/Page_CCSale/txt_ExpMonth' is present

2020-12-23 23:34:01 - [MESSAGE][PASSED] - Text '01' is set on object 'Object Repository/VLink/Page_CCSale/txt_ExpMonth'

2020-12-23 23:34:01 - [MESSAGE][PASSED] - Object 'Object Repository/VLink/Page_CCSale/txt_ExpYear' is present

2020-12-23 23:34:01 - [MESSAGE][PASSED] - Text '2026' is set on object 'Object Repository/VLink/Page_CCSale/txt_ExpYear'

2020-12-23 23:34:02 - [MESSAGE][PASSED] - Object 'Object Repository/VLink/Page_CCSale/txt_CVV' is present

2020-12-23 23:34:02 - [MESSAGE][PASSED] - Text '' is set on object 'Object Repository/VLink/Page_CCSale/txt_CVV'

2020-12-23 23:34:03 - [MESSAGE][PASSED] - Object 'Object Repository/VLink/Page_CCSale/txt_CVVstate' is present

2020-12-23 23:34:03 - [MESSAGE][PASSED] - Text '' is set on object 'Object Repository/VLink/Page_CCSale/txt_CVVstate'

2020-12-23 23:34:04 - [MESSAGE][PASSED] - Object 'Object Repository/VLink/Page_CCSale/txt_TrackData' is present

2020-12-23 23:34:04 - [MESSAGE][PASSED] - Text '' is set on object 'Object Repository/VLink/Page_CCSale/txt_TrackData'

2020-12-23 23:34:05 - [MESSAGE][PASSED] - Object 'Object Repository/VLink/Page_CCSale/txt_Track1Data' is present

2020-12-23 23:34:05 - [MESSAGE][PASSED] - Text '' is set on object 'Object Repository/VLink/Page_CCSale/txt_Track1Data'

2020-12-23 23:34:06 - [MESSAGE][PASSED] - Object 'Object Repository/VLink/Page_CCSale/txt_Track2Data' is present

2020-12-23 23:34:06 - [MESSAGE][PASSED] - Text '' is set on object 'Object Repository/VLink/Page_CCSale/txt_Track2Data'

2020-12-23 23:34:07 - [MESSAGE][PASSED] - Object 'Object Repository/VLink/Page_CCSale/txt_POSEntryMode' is present

2020-12-23 23:34:07 - [MESSAGE][PASSED] - Text 'manual' is set on object 'Object Repository/VLink/Page_CCSale/txt_POSEntryMode'

2020-12-23 23:34:08 - [MESSAGE][PASSED] - Object 'Object Repository/VLink/Page_CCSale/txt_Email' is present

2020-12-23 23:34:08 - [MESSAGE][PASSED] - Text '' is set on object 'Object Repository/VLink/Page_CCSale/txt_Email'

2020-12-23 23:34:09 - [MESSAGE][PASSED] - Object 'Object Repository/VLink/Page_CCSale/txt_OrderNumber' is present

2020-12-23 23:34:09 - [MESSAGE][PASSED] - Text '' is set on object 'Object Repository/VLink/Page_CCSale/txt_OrderNumber'

2020-12-23 23:34:10 - [MESSAGE][PASSED] - Object 'Object Repository/VLink/Page_CCSale/txt_TaxAmount' is present

2020-12-23 23:34:10 - [MESSAGE][PASSED] - Text '' is set on object 'Object Repository/VLink/Page_CCSale/txt_TaxAmount'

2020-12-23 23:34:11 - [MESSAGE][PASSED] - Object 'Object Repository/VLink/Page_CCSale/txt_ChargeDescription' is present

2020-12-23 23:34:11 - [MESSAGE][PASSED] - Text '' is set on object 'Object Repository/VLink/Page_CCSale/txt_ChargeDescription'

2020-12-23 23:34:12 - [MESSAGE][PASSED] - Object 'Object Repository/VLink/Page_CCSale/txt_CAN' is present

2020-12-23 23:34:12 - [MESSAGE][PASSED] - Text '' is set on object 'Object Repository/VLink/Page_CCSale/txt_CAN'

2020-12-23 23:34:13 - [MESSAGE][PASSED] - Object 'Object Repository/VLink/Page_CCSale/txt_BillPaymentIndicator' is present

2020-12-23 23:34:13 - [MESSAGE][PASSED] - Text '' is set on object 'Object Repository/VLink/Page_CCSale/txt_BillPaymentIndicator'

2020-12-23 23:34:14 - [MESSAGE][PASSED] - Object 'Object Repository/VLink/Page_CCSale/txt_UDF1' is present

2020-12-23 23:34:14 - [MESSAGE][PASSED] - Text '' is set on object 'Object Repository/VLink/Page_CCSale/txt_UDF1'

2020-12-23 23:34:15 - [MESSAGE][PASSED] - Object 'Object Repository/VLink/Page_CCSale/txt_UDF2' is present

2020-12-23 23:34:15 - [MESSAGE][PASSED] - Text '' is set on object 'Object Repository/VLink/Page_CCSale/txt_UDF2'

2020-12-23 23:34:16 - [MESSAGE][PASSED] - Object 'Object Repository/VLink/Page_CCSale/txt_UDF3' is present

2020-12-23 23:34:16 - [MESSAGE][PASSED] - Text '' is set on object 'Object Repository/VLink/Page_CCSale/txt_UDF3'

2020-12-23 23:34:17 - [MESSAGE][PASSED] - Object 'Object Repository/VLink/Page_CCSale/txt_UDF4' is present

2020-12-23 23:34:17 - [MESSAGE][PASSED] - Text '' is set on object 'Object Repository/VLink/Page_CCSale/txt_UDF4'

2020-12-23 23:34:17 - [MESSAGE][PASSED] - Object 'Object Repository/VLink/Page_CCSale/txt_UDF5' is present

2020-12-23 23:34:18 - [MESSAGE][PASSED] - Text '' is set on object 'Object Repository/VLink/Page_CCSale/txt_UDF5'

2020-12-23 23:34:18 - [MESSAGE][PASSED] - Object 'Object Repository/VLink/Page_CCSale/txt_UDF6' is present

2020-12-23 23:34:19 - [MESSAGE][PASSED] - Text '' is set on object 'Object Repository/VLink/Page_CCSale/txt_UDF6'

2020-12-23 23:34:19 - [MESSAGE][PASSED] - Object 'Object Repository/VLink/Page_CCSale/txt_UDF7' is present

2020-12-23 23:34:20 - [MESSAGE][PASSED] - Text '' is set on object 'Object Repository/VLink/Page_CCSale/txt_UDF7'

2020-12-23 23:34:20 - [MESSAGE][PASSED] - Object 'Object Repository/VLink/Page_CCSale/txt_UDF8' is present

2020-12-23 23:34:21 - [MESSAGE][PASSED] - Text '' is set on object 'Object Repository/VLink/Page_CCSale/txt_UDF8'

2020-12-23 23:34:21 - [MESSAGE][PASSED] - Object 'Object Repository/VLink/Page_CCSale/txt_UDF9' is present

2020-12-23 23:34:22 - [MESSAGE][PASSED] - Text '' is set on object 'Object Repository/VLink/Page_CCSale/txt_UDF9'

2020-12-23 23:34:22 - [MESSAGE][PASSED] - Object 'Object Repository/VLink/Page_CCSale/txt_UDF10' is present

2020-12-23 23:34:23 - [MESSAGE][PASSED] - Text '' is set on object 'Object Repository/VLink/Page_CCSale/txt_UDF10'

2020-12-23 23:34:23 - [MESSAGE][PASSED] - Object 'Object Repository/VLink/Page_CCSale/txt_CardOnFileIndicator' is present

2020-12-23 23:34:24 - [MESSAGE][PASSED] - Text '' is set on object 'Object Repository/VLink/Page_CCSale/txt_CardOnFileIndicator'

2020-12-23 23:34:24 - [MESSAGE][PASSED] - Object 'Object Repository/VLink/Page_CCSale/txt_StoredCredentialIndicator' is present

2020-12-23 23:34:24 - [MESSAGE][PASSED] - Text '' is set on object 'Object Repository/VLink/Page_CCSale/txt_StoredCredentialIndicator'

2020-12-23 23:34:25 - [MESSAGE][PASSED] - Object 'Object Repository/VLink/Page_CCSale/txt_COFScheduledIndicator' is present

2020-12-23 23:34:25 - [MESSAGE][PASSED] - Text '' is set on object 'Object Repository/VLink/Page_CCSale/txt_COFScheduledIndicator'

2020-12-23 23:34:26 - [MESSAGE][PASSED] - Object 'Object Repository/VLink/Page_CCSale/txt_COFTransactionInitiatedBy' is present

2020-12-23 23:34:26 - [MESSAGE][PASSED] - Text '' is set on object 'Object Repository/VLink/Page_CCSale/txt_COFTransactionInitiatedBy'

2020-12-23 23:34:29 - [MESSAGE][PASSED] - Object: 'Object Repository/VLink/Page_CCSale/btn_ProcessVLinkTransaction' is clicked on

2020-12-23 23:34:34 - [MESSAGE][PASSED] - vlinkPages.saleCCPage.setDataSCC is PASSED

2020-12-23 23:34:34 - [TEST_STEP][PASSED] - if (verifyTextPresent("Transaction approved, no errors", true)): null

2020-12-23 23:34:35 - [MESSAGE][PASSED] - Text 'Transaction approved, no errors' is present on page  using regular expression

2020-12-23 23:34:35 - [TEST_STEP][PASSED] - println("Transaction Approved, no errors text is present on the Confirmation page"): null

2020-12-23 23:34:35 - [TEST_STEP][PASSED] - out.println("Pass Record Number: " + row): null

2020-12-23 23:34:35 - [TEST_STEP][PASSED] - resText = "Pass": null

2020-12-23 23:34:35 - [TEST_STEP][PASSED] - pages.WriteExcel.demoKey(resText, datText, resColumn, datCloumn, fileLoc, nameSheet, row): pages.WriteExcel.demoKey is PASSED

2020-12-23 23:34:35 - [MESSAGE][PASSED] - pages.WriteExcel.demoKey is PASSED

2020-12-23 23:34:35 - [TEST_STEP][PASSED] - sdfo = getText(findTestObject("Object Repository/Page_VLinkReceipt/pre_STX")): Text of object 'Object Repository/Page_VLinkReceipt/pre_STX' is: '<STX>C87Ord6B8T9b                  12088047            0  Transaction approved, no errors                   0                                                                                  XXOK3490   <ETX>'

2020-12-23 23:34:35 - [MESSAGE][PASSED] - Text of object 'Object Repository/Page_VLinkReceipt/pre_STX' is: '<STX>C87Ord6B8T9b                  12088047            0  Transaction approved, no errors                   0                                                                                  XXOK3490   <ETX>'

2020-12-23 23:34:35 - [TEST_STEP][PASSED] - out.println("sdfo: " + sdfo): null

2020-12-23 23:34:35 - [TEST_STEP][PASSED] - remID = substring(5, 35).trim(): null

2020-12-23 23:34:35 - [TEST_STEP][PASSED] - out.println("Remittance ID: " + remID): null

2020-12-23 23:34:35 - [TEST_STEP][PASSED] - traxID = substring(35, 55).trim(): null

2020-12-23 23:34:35 - [TEST_STEP][PASSED] - out.println("Transaction ID: " + traxID): null

2020-12-23 23:34:35 - [TEST_STEP][PASSED] - out.println("End Record Number: " + row): null

2020-12-23 23:34:35 - [TEST_STEP][PASSED] - closeBrowser(): Browser is closed

2020-12-23 23:34:36 - [MESSAGE][PASSED] - Browser is closed

2020-12-23 23:34:36 - [TEST_STEP][PASSED] - out.println("Begin Record Number: " + row): null

2020-12-23 23:34:36 - [TEST_STEP][PASSED] - today = new java.util.Date(): null

2020-12-23 23:34:36 - [TEST_STEP][PASSED] - println(today): null

2020-12-23 23:34:36 - [TEST_STEP][PASSED] - datText = today: null

2020-12-23 23:34:36 - [TEST_STEP][PASSED] - openBrowser(VLinkURL + "authcap.html"): Browser is opened with url: 'https://dev-algorithm.govolution.com/vlinktest/QA/version_2_0/authcap.html'

2020-12-23 23:34:36 - [MESSAGE][INFO] - Starting 'Chrome' driver

2020-12-23 23:34:36 - [MESSAGE][INFO] - User set preference: ['acceptInsecureCerts', 'true']

2020-12-23 23:34:36 - [MESSAGE][INFO] - Action delay is set to 0 milliseconds

2020-12-23 23:34:40 - [MESSAGE][PASSED] - Browser is opened with url: 'https://dev-algorithm.govolution.com/vlinktest/QA/version_2_0/authcap.html'

2020-12-23 23:34:40 - [TEST_STEP][PASSED] - maximizeWindow(): Current window maximized

2020-12-23 23:34:40 - [MESSAGE][PASSED] - Current window maximized

2020-12-23 23:34:40 - [TEST_STEP][PASSED] - vlinkPages.saleCCPage.setDataSCC(row, dataFile): vlinkPages.saleCCPage.setDataSCC is PASSED

2020-12-23 23:34:42 - [MESSAGE][PASSED] - Object 'Object Repository/VLink/Page_CCSale/txt_CardNumber' is present

2020-12-23 23:34:42 - [MESSAGE][PASSED] - Object 'Object Repository/VLink/Page_CCSale/txt_TransactionType' is present

2020-12-23 23:34:43 - [MESSAGE][PASSED] - Text '104' is set on object 'Object Repository/VLink/Page_CCSale/txt_TransactionType'

2020-12-23 23:34:43 - [MESSAGE][PASSED] - Object 'Object Repository/VLink/Page_CCSale/txt_MessageVersion' is present

2020-12-23 23:34:44 - [MESSAGE][PASSED] - Text '2.0C' is set on object 'Object Repository/VLink/Page_CCSale/txt_MessageVersion'

2020-12-23 23:34:44 - [MESSAGE][PASSED] - Object 'Object Repository/VLink/Page_CCSale/txt_RemID' is present

2020-12-23 23:34:45 - [MESSAGE][PASSED] - Text 'DHnX5GkfW08U' is set on object 'Object Repository/VLink/Page_CCSale/txt_RemID'

2020-12-23 23:34:45 - [MESSAGE][PASSED] - Object 'Object Repository/VLink/Page_CCSale/txt_ApplicationId' is present

2020-12-23 23:34:46 - [MESSAGE][PASSED] - Text '665' is set on object 'Object Repository/VLink/Page_CCSale/txt_ApplicationId'

2020-12-23 23:34:46 - [MESSAGE][PASSED] - Object 'Object Repository/VLink/Page_CCSale/txt_Username' is present

2020-12-23 23:34:47 - [MESSAGE][PASSED] - Text 'username' is set on object 'Object Repository/VLink/Page_CCSale/txt_Username'

2020-12-23 23:34:47 - [MESSAGE][PASSED] - Object 'Object Repository/VLink/Page_CCSale/txt_Password' is present

2020-12-23 23:34:48 - [MESSAGE][PASSED] - Text 'password' is set on object 'Object Repository/VLink/Page_CCSale/txt_Password'

2020-12-23 23:34:48 - [MESSAGE][PASSED] - Object 'Object Repository/VLink/Page_CCSale/txt_ResponseFormat' is present

2020-12-23 23:34:48 - [MESSAGE][PASSED] - Text 'fixed_width' is set on object 'Object Repository/VLink/Page_CCSale/txt_ResponseFormat'

2020-12-23 23:34:49 - [MESSAGE][PASSED] - Object 'Object Repository/VLink/Page_CCSale/txt_Category' is present

2020-12-23 23:34:49 - [MESSAGE][PASSED] - Text 'ECOM' is set on object 'Object Repository/VLink/Page_CCSale/txt_Category'

2020-12-23 23:34:50 - [MESSAGE][PASSED] - Object 'Object Repository/VLink/Page_CCSale/txt_TransactionID' is present

2020-12-23 23:34:50 - [MESSAGE][PASSED] - Text '' is set on object 'Object Repository/VLink/Page_CCSale/txt_TransactionID'

2020-12-23 23:34:50 - [MESSAGE][PASSED] - Object 'Object Repository/VLink/Page_CCSale/txt_ApprovalCode' is present

2020-12-23 23:34:51 - [MESSAGE][PASSED] - Text '' is set on object 'Object Repository/VLink/Page_CCSale/txt_ApprovalCode'

2020-12-23 23:34:51 - [MESSAGE][PASSED] - Object 'Object Repository/VLink/Page_CCSale/txt_CardName' is present

2020-12-23 23:34:52 - [MESSAGE][PASSED] - Text 'Kris Roshan' is set on object 'Object Repository/VLink/Page_CCSale/txt_CardName'

2020-12-23 23:34:52 - [MESSAGE][PASSED] - Object 'Object Repository/VLink/Page_CCSale/txt_AL1' is present

2020-12-23 23:34:53 - [MESSAGE][PASSED] - Text '258 Elm Road' is set on object 'Object Repository/VLink/Page_CCSale/txt_AL1'

2020-12-23 23:34:53 - [MESSAGE][PASSED] - Object 'Object Repository/VLink/Page_CCSale/txt_AL2' is present

2020-12-23 23:34:54 - [MESSAGE][PASSED] - Text 'Suite 56' is set on object 'Object Repository/VLink/Page_CCSale/txt_AL2'

2020-12-23 23:34:54 - [MESSAGE][PASSED] - Object 'Object Repository/VLink/Page_CCSale/txt_CardCity' is present

2020-12-23 23:34:55 - [MESSAGE][PASSED] - Text 'Arlington' is set on object 'Object Repository/VLink/Page_CCSale/txt_CardCity'

2020-12-23 23:34:55 - [MESSAGE][PASSED] - Object 'Object Repository/VLink/Page_CCSale/txt_CardState' is present

2020-12-23 23:34:56 - [MESSAGE][PASSED] - Text 'VA' is set on object 'Object Repository/VLink/Page_CCSale/txt_CardState'

2020-12-23 23:34:56 - [MESSAGE][PASSED] - Object 'Object Repository/VLink/Page_CCSale/txt_CardZIP' is present

2020-12-23 23:34:57 - [MESSAGE][PASSED] - Text '22201' is set on object 'Object Repository/VLink/Page_CCSale/txt_CardZIP'

2020-12-23 23:34:57 - [MESSAGE][PASSED] - Object 'Object Repository/VLink/Page_CCSale/txt_CountryID' is present

2020-12-23 23:34:58 - [MESSAGE][PASSED] - Text '840' is set on object 'Object Repository/VLink/Page_CCSale/txt_CountryID'

2020-12-23 23:34:58 - [MESSAGE][PASSED] - Object 'Object Repository/VLink/Page_CCSale/txt_Amount' is present

2020-12-23 23:34:59 - [MESSAGE][PASSED] - Text '1.50' is set on object 'Object Repository/VLink/Page_CCSale/txt_Amount'

2020-12-23 23:34:59 - [MESSAGE][PASSED] - Object 'Object Repository/VLink/Page_CCSale/txt_CardNumber' is present

2020-12-23 23:35:00 - [MESSAGE][PASSED] - Text '370000000000002' is set on object 'Object Repository/VLink/Page_CCSale/txt_CardNumber'

2020-12-23 23:35:00 - [MESSAGE][PASSED] - Object 'Object Repository/VLink/Page_CCSale/txt_ExpMonth' is present

2020-12-23 23:35:01 - [MESSAGE][PASSED] - Text '12' is set on object 'Object Repository/VLink/Page_CCSale/txt_ExpMonth'

2020-12-23 23:35:01 - [MESSAGE][PASSED] - Object 'Object Repository/VLink/Page_CCSale/txt_ExpYear' is present

2020-12-23 23:35:02 - [MESSAGE][PASSED] - Text '2025' is set on object 'Object Repository/VLink/Page_CCSale/txt_ExpYear'

2020-12-23 23:35:02 - [MESSAGE][PASSED] - Object 'Object Repository/VLink/Page_CCSale/txt_CVV' is present

2020-12-23 23:35:03 - [MESSAGE][PASSED] - Text '' is set on object 'Object Repository/VLink/Page_CCSale/txt_CVV'

2020-12-23 23:35:03 - [MESSAGE][PASSED] - Object 'Object Repository/VLink/Page_CCSale/txt_CVVstate' is present

2020-12-23 23:35:04 - [MESSAGE][PASSED] - Text '' is set on object 'Object Repository/VLink/Page_CCSale/txt_CVVstate'

2020-12-23 23:35:04 - [MESSAGE][PASSED] - Object 'Object Repository/VLink/Page_CCSale/txt_TrackData' is present

2020-12-23 23:35:05 - [MESSAGE][PASSED] - Text '' is set on object 'Object Repository/VLink/Page_CCSale/txt_TrackData'

2020-12-23 23:35:05 - [MESSAGE][PASSED] - Object 'Object Repository/VLink/Page_CCSale/txt_Track1Data' is present

2020-12-23 23:35:05 - [MESSAGE][PASSED] - Text '' is set on object 'Object Repository/VLink/Page_CCSale/txt_Track1Data'

2020-12-23 23:35:06 - [MESSAGE][PASSED] - Object 'Object Repository/VLink/Page_CCSale/txt_Track2Data' is present

2020-12-23 23:35:06 - [MESSAGE][PASSED] - Text '' is set on object 'Object Repository/VLink/Page_CCSale/txt_Track2Data'

2020-12-23 23:35:07 - [MESSAGE][PASSED] - Object 'Object Repository/VLink/Page_CCSale/txt_POSEntryMode' is present

2020-12-23 23:35:07 - [MESSAGE][PASSED] - Text 'manual' is set on object 'Object Repository/VLink/Page_CCSale/txt_POSEntryMode'

2020-12-23 23:35:08 - [MESSAGE][PASSED] - Object 'Object Repository/VLink/Page_CCSale/txt_Email' is present

2020-12-23 23:35:08 - [MESSAGE][PASSED] - Text 'iahmed@govolution.com' is set on object 'Object Repository/VLink/Page_CCSale/txt_Email'

2020-12-23 23:35:09 - [MESSAGE][PASSED] - Object 'Object Repository/VLink/Page_CCSale/txt_OrderNumber' is present

2020-12-23 23:35:09 - [MESSAGE][PASSED] - Text '2569362' is set on object 'Object Repository/VLink/Page_CCSale/txt_OrderNumber'

2020-12-23 23:35:10 - [MESSAGE][PASSED] - Object 'Object Repository/VLink/Page_CCSale/txt_TaxAmount' is present

2020-12-23 23:35:10 - [MESSAGE][PASSED] - Text '1.15' is set on object 'Object Repository/VLink/Page_CCSale/txt_TaxAmount'

2020-12-23 23:35:11 - [MESSAGE][PASSED] - Object 'Object Repository/VLink/Page_CCSale/txt_ChargeDescription' is present

2020-12-23 23:35:11 - [MESSAGE][PASSED] - Text 'Charge Description' is set on object 'Object Repository/VLink/Page_CCSale/txt_ChargeDescription'

2020-12-23 23:35:12 - [MESSAGE][PASSED] - Object 'Object Repository/VLink/Page_CCSale/txt_CAN' is present

2020-12-23 23:35:12 - [MESSAGE][PASSED] - Text '147357' is set on object 'Object Repository/VLink/Page_CCSale/txt_CAN'

2020-12-23 23:35:13 - [MESSAGE][PASSED] - Object 'Object Repository/VLink/Page_CCSale/txt_BillPaymentIndicator' is present

2020-12-23 23:35:13 - [MESSAGE][PASSED] - Text '1' is set on object 'Object Repository/VLink/Page_CCSale/txt_BillPaymentIndicator'

2020-12-23 23:35:14 - [MESSAGE][PASSED] - Object 'Object Repository/VLink/Page_CCSale/txt_UDF1' is present

2020-12-23 23:35:14 - [MESSAGE][PASSED] - Text 'UDF Data 1' is set on object 'Object Repository/VLink/Page_CCSale/txt_UDF1'

2020-12-23 23:35:14 - [MESSAGE][PASSED] - Object 'Object Repository/VLink/Page_CCSale/txt_UDF2' is present

2020-12-23 23:35:15 - [MESSAGE][PASSED] - Text 'UDF Data 2' is set on object 'Object Repository/VLink/Page_CCSale/txt_UDF2'

2020-12-23 23:35:15 - [MESSAGE][PASSED] - Object 'Object Repository/VLink/Page_CCSale/txt_UDF3' is present

2020-12-23 23:35:16 - [MESSAGE][PASSED] - Text 'UDF Data 3' is set on object 'Object Repository/VLink/Page_CCSale/txt_UDF3'

2020-12-23 23:35:16 - [MESSAGE][PASSED] - Object 'Object Repository/VLink/Page_CCSale/txt_UDF4' is present

2020-12-23 23:35:17 - [MESSAGE][PASSED] - Text 'UDF Data 4' is set on object 'Object Repository/VLink/Page_CCSale/txt_UDF4'

2020-12-23 23:35:17 - [MESSAGE][PASSED] - Object 'Object Repository/VLink/Page_CCSale/txt_UDF5' is present

2020-12-23 23:35:18 - [MESSAGE][PASSED] - Text 'UDF Data 5' is set on object 'Object Repository/VLink/Page_CCSale/txt_UDF5'

2020-12-23 23:35:18 - [MESSAGE][PASSED] - Object 'Object Repository/VLink/Page_CCSale/txt_UDF6' is present

2020-12-23 23:35:19 - [MESSAGE][PASSED] - Text 'UDF Data 6' is set on object 'Object Repository/VLink/Page_CCSale/txt_UDF6'

2020-12-23 23:35:19 - [MESSAGE][PASSED] - Object 'Object Repository/VLink/Page_CCSale/txt_UDF7' is present

2020-12-23 23:35:20 - [MESSAGE][PASSED] - Text 'UDF Data 7' is set on object 'Object Repository/VLink/Page_CCSale/txt_UDF7'

2020-12-23 23:35:20 - [MESSAGE][PASSED] - Object 'Object Repository/VLink/Page_CCSale/txt_UDF8' is present

2020-12-23 23:35:21 - [MESSAGE][PASSED] - Text 'UDF Data 8' is set on object 'Object Repository/VLink/Page_CCSale/txt_UDF8'

2020-12-23 23:35:21 - [MESSAGE][PASSED] - Object 'Object Repository/VLink/Page_CCSale/txt_UDF9' is present

2020-12-23 23:35:22 - [MESSAGE][PASSED] - Text 'UDF Data 9' is set on object 'Object Repository/VLink/Page_CCSale/txt_UDF9'

2020-12-23 23:35:22 - [MESSAGE][PASSED] - Object 'Object Repository/VLink/Page_CCSale/txt_UDF10' is present

2020-12-23 23:35:23 - [MESSAGE][PASSED] - Text 'UDF Data 10' is set on object 'Object Repository/VLink/Page_CCSale/txt_UDF10'

2020-12-23 23:35:23 - [MESSAGE][PASSED] - Object 'Object Repository/VLink/Page_CCSale/txt_CardOnFileIndicator' is present

2020-12-23 23:35:24 - [MESSAGE][PASSED] - Text '' is set on object 'Object Repository/VLink/Page_CCSale/txt_CardOnFileIndicator'

2020-12-23 23:35:24 - [MESSAGE][PASSED] - Object 'Object Repository/VLink/Page_CCSale/txt_StoredCredentialIndicator' is present

2020-12-23 23:35:25 - [MESSAGE][PASSED] - Text '' is set on object 'Object Repository/VLink/Page_CCSale/txt_StoredCredentialIndicator'

2020-12-23 23:35:25 - [MESSAGE][PASSED] - Object 'Object Repository/VLink/Page_CCSale/txt_COFScheduledIndicator' is present

2020-12-23 23:35:26 - [MESSAGE][PASSED] - Text '' is set on object 'Object Repository/VLink/Page_CCSale/txt_COFScheduledIndicator'

2020-12-23 23:35:26 - [MESSAGE][PASSED] - Object 'Object Repository/VLink/Page_CCSale/txt_COFTransactionInitiatedBy' is present

2020-12-23 23:35:27 - [MESSAGE][PASSED] - Text '' is set on object 'Object Repository/VLink/Page_CCSale/txt_COFTransactionInitiatedBy'

2020-12-23 23:35:29 - [MESSAGE][PASSED] - Object: 'Object Repository/VLink/Page_CCSale/btn_ProcessVLinkTransaction' is clicked on

2020-12-23 23:35:35 - [MESSAGE][PASSED] - vlinkPages.saleCCPage.setDataSCC is PASSED

2020-12-23 23:35:35 - [TEST_STEP][PASSED] - if (verifyTextPresent("Transaction approved, no errors", true)): null

2020-12-23 23:35:35 - [MESSAGE][PASSED] - Text 'Transaction approved, no errors' is present on page  using regular expression

2020-12-23 23:35:35 - [TEST_STEP][PASSED] - println("Transaction Approved, no errors text is present on the Confirmation page"): null

2020-12-23 23:35:35 - [TEST_STEP][PASSED] - out.println("Pass Record Number: " + row): null

2020-12-23 23:35:35 - [TEST_STEP][PASSED] - resText = "Pass": null

2020-12-23 23:35:35 - [TEST_STEP][PASSED] - pages.WriteExcel.demoKey(resText, datText, resColumn, datCloumn, fileLoc, nameSheet, row): pages.WriteExcel.demoKey is PASSED

2020-12-23 23:35:35 - [MESSAGE][PASSED] - pages.WriteExcel.demoKey is PASSED

2020-12-23 23:35:35 - [TEST_STEP][PASSED] - sdfo = getText(findTestObject("Object Repository/Page_VLinkReceipt/pre_STX")): Text of object 'Object Repository/Page_VLinkReceipt/pre_STX' is: '<STX>DHnX5GkfW08U                  12088049            0  Transaction approved, no errors                   0                                                                                  X OK3520   <ETX>'

2020-12-23 23:35:35 - [MESSAGE][PASSED] - Text of object 'Object Repository/Page_VLinkReceipt/pre_STX' is: '<STX>DHnX5GkfW08U                  12088049            0  Transaction approved, no errors                   0                                                                                  X OK3520   <ETX>'

2020-12-23 23:35:35 - [TEST_STEP][PASSED] - out.println("sdfo: " + sdfo): null

2020-12-23 23:35:35 - [TEST_STEP][PASSED] - remID = substring(5, 35).trim(): null

2020-12-23 23:35:35 - [TEST_STEP][PASSED] - out.println("Remittance ID: " + remID): null

2020-12-23 23:35:35 - [TEST_STEP][PASSED] - traxID = substring(35, 55).trim(): null

2020-12-23 23:35:35 - [TEST_STEP][PASSED] - out.println("Transaction ID: " + traxID): null

2020-12-23 23:35:35 - [TEST_STEP][PASSED] - out.println("End Record Number: " + row): null

2020-12-23 23:35:35 - [TEST_STEP][PASSED] - closeBrowser(): Browser is closed

2020-12-23 23:35:36 - [MESSAGE][PASSED] - Browser is closed

2020-12-23 23:35:36 - [TEST_STEP][PASSED] - out.println("Begin Record Number: " + row): null

2020-12-23 23:35:36 - [TEST_STEP][PASSED] - today = new java.util.Date(): null

2020-12-23 23:35:36 - [TEST_STEP][PASSED] - println(today): null

2020-12-23 23:35:36 - [TEST_STEP][PASSED] - datText = today: null

2020-12-23 23:35:36 - [TEST_STEP][PASSED] - openBrowser(VLinkURL + "authcap.html"): Browser is opened with url: 'https://dev-algorithm.govolution.com/vlinktest/QA/version_2_0/authcap.html'

2020-12-23 23:35:36 - [MESSAGE][INFO] - Starting 'Chrome' driver

2020-12-23 23:35:36 - [MESSAGE][INFO] - User set preference: ['acceptInsecureCerts', 'true']

2020-12-23 23:35:36 - [MESSAGE][INFO] - Action delay is set to 0 milliseconds

2020-12-23 23:35:40 - [MESSAGE][PASSED] - Browser is opened with url: 'https://dev-algorithm.govolution.com/vlinktest/QA/version_2_0/authcap.html'

2020-12-23 23:35:40 - [TEST_STEP][PASSED] - maximizeWindow(): Current window maximized

2020-12-23 23:35:40 - [MESSAGE][PASSED] - Current window maximized

2020-12-23 23:35:40 - [TEST_STEP][PASSED] - vlinkPages.saleCCPage.setDataSCC(row, dataFile): vlinkPages.saleCCPage.setDataSCC is PASSED

2020-12-23 23:35:42 - [MESSAGE][PASSED] - Object 'Object Repository/VLink/Page_CCSale/txt_CardNumber' is present

2020-12-23 23:35:42 - [MESSAGE][PASSED] - Object 'Object Repository/VLink/Page_CCSale/txt_TransactionType' is present

2020-12-23 23:35:43 - [MESSAGE][PASSED] - Text '104' is set on object 'Object Repository/VLink/Page_CCSale/txt_TransactionType'

2020-12-23 23:35:43 - [MESSAGE][PASSED] - Object 'Object Repository/VLink/Page_CCSale/txt_MessageVersion' is present

2020-12-23 23:35:43 - [MESSAGE][PASSED] - Text '2.0C' is set on object 'Object Repository/VLink/Page_CCSale/txt_MessageVersion'

2020-12-23 23:35:44 - [MESSAGE][PASSED] - Object 'Object Repository/VLink/Page_CCSale/txt_RemID' is present

2020-12-23 23:35:44 - [MESSAGE][PASSED] - Text '1vrJbDnJAPcn' is set on object 'Object Repository/VLink/Page_CCSale/txt_RemID'

2020-12-23 23:35:45 - [MESSAGE][PASSED] - Object 'Object Repository/VLink/Page_CCSale/txt_ApplicationId' is present

2020-12-23 23:35:45 - [MESSAGE][PASSED] - Text '672' is set on object 'Object Repository/VLink/Page_CCSale/txt_ApplicationId'

2020-12-23 23:35:45 - [MESSAGE][PASSED] - Object 'Object Repository/VLink/Page_CCSale/txt_Username' is present

2020-12-23 23:35:46 - [MESSAGE][PASSED] - Text 'username' is set on object 'Object Repository/VLink/Page_CCSale/txt_Username'

2020-12-23 23:35:46 - [MESSAGE][PASSED] - Object 'Object Repository/VLink/Page_CCSale/txt_Password' is present

2020-12-23 23:35:47 - [MESSAGE][PASSED] - Text 'password' is set on object 'Object Repository/VLink/Page_CCSale/txt_Password'

2020-12-23 23:35:47 - [MESSAGE][PASSED] - Object 'Object Repository/VLink/Page_CCSale/txt_ResponseFormat' is present

2020-12-23 23:35:48 - [MESSAGE][PASSED] - Text 'fixed_width' is set on object 'Object Repository/VLink/Page_CCSale/txt_ResponseFormat'

2020-12-23 23:35:48 - [MESSAGE][PASSED] - Object 'Object Repository/VLink/Page_CCSale/txt_Category' is present

2020-12-23 23:35:49 - [MESSAGE][PASSED] - Text 'ECOM' is set on object 'Object Repository/VLink/Page_CCSale/txt_Category'

2020-12-23 23:35:49 - [MESSAGE][PASSED] - Object 'Object Repository/VLink/Page_CCSale/txt_TransactionID' is present

2020-12-23 23:35:50 - [MESSAGE][PASSED] - Text '' is set on object 'Object Repository/VLink/Page_CCSale/txt_TransactionID'

2020-12-23 23:35:50 - [MESSAGE][PASSED] - Object 'Object Repository/VLink/Page_CCSale/txt_ApprovalCode' is present

2020-12-23 23:35:50 - [MESSAGE][PASSED] - Text '' is set on object 'Object Repository/VLink/Page_CCSale/txt_ApprovalCode'

2020-12-23 23:35:51 - [MESSAGE][PASSED] - Object 'Object Repository/VLink/Page_CCSale/txt_CardName' is present

2020-12-23 23:35:51 - [MESSAGE][PASSED] - Text 'Arvind Silva' is set on object 'Object Repository/VLink/Page_CCSale/txt_CardName'

2020-12-23 23:35:52 - [MESSAGE][PASSED] - Object 'Object Repository/VLink/Page_CCSale/txt_AL1' is present

2020-12-23 23:35:52 - [MESSAGE][PASSED] - Text '111 Main Ave' is set on object 'Object Repository/VLink/Page_CCSale/txt_AL1'

2020-12-23 23:35:53 - [MESSAGE][PASSED] - Object 'Object Repository/VLink/Page_CCSale/txt_AL2' is present

2020-12-23 23:35:53 - [MESSAGE][PASSED] - Text '' is set on object 'Object Repository/VLink/Page_CCSale/txt_AL2'

2020-12-23 23:35:54 - [MESSAGE][PASSED] - Object 'Object Repository/VLink/Page_CCSale/txt_CardCity' is present

2020-12-23 23:35:54 - [MESSAGE][PASSED] - Text 'Arlington' is set on object 'Object Repository/VLink/Page_CCSale/txt_CardCity'

2020-12-23 23:35:55 - [MESSAGE][PASSED] - Object 'Object Repository/VLink/Page_CCSale/txt_CardState' is present

2020-12-23 23:35:55 - [MESSAGE][PASSED] - Text 'VA' is set on object 'Object Repository/VLink/Page_CCSale/txt_CardState'

2020-12-23 23:35:56 - [MESSAGE][PASSED] - Object 'Object Repository/VLink/Page_CCSale/txt_CardZIP' is present

2020-12-23 23:35:56 - [MESSAGE][PASSED] - Text '22201' is set on object 'Object Repository/VLink/Page_CCSale/txt_CardZIP'

2020-12-23 23:35:57 - [MESSAGE][PASSED] - Object 'Object Repository/VLink/Page_CCSale/txt_CountryID' is present

2020-12-23 23:35:57 - [MESSAGE][PASSED] - Text '' is set on object 'Object Repository/VLink/Page_CCSale/txt_CountryID'

2020-12-23 23:35:58 - [MESSAGE][PASSED] - Object 'Object Repository/VLink/Page_CCSale/txt_Amount' is present

2020-12-23 23:35:58 - [MESSAGE][PASSED] - Text '2.50' is set on object 'Object Repository/VLink/Page_CCSale/txt_Amount'

2020-12-23 23:35:59 - [MESSAGE][PASSED] - Object 'Object Repository/VLink/Page_CCSale/txt_CardNumber' is present

2020-12-23 23:35:59 - [MESSAGE][PASSED] - Text '370000000000002' is set on object 'Object Repository/VLink/Page_CCSale/txt_CardNumber'

2020-12-23 23:36:00 - [MESSAGE][PASSED] - Object 'Object Repository/VLink/Page_CCSale/txt_ExpMonth' is present

2020-12-23 23:36:00 - [MESSAGE][PASSED] - Text '01' is set on object 'Object Repository/VLink/Page_CCSale/txt_ExpMonth'

2020-12-23 23:36:01 - [MESSAGE][PASSED] - Object 'Object Repository/VLink/Page_CCSale/txt_ExpYear' is present

2020-12-23 23:36:01 - [MESSAGE][PASSED] - Text '2026' is set on object 'Object Repository/VLink/Page_CCSale/txt_ExpYear'

2020-12-23 23:36:01 - [MESSAGE][PASSED] - Object 'Object Repository/VLink/Page_CCSale/txt_CVV' is present

2020-12-23 23:36:02 - [MESSAGE][PASSED] - Text '' is set on object 'Object Repository/VLink/Page_CCSale/txt_CVV'

2020-12-23 23:36:02 - [MESSAGE][PASSED] - Object 'Object Repository/VLink/Page_CCSale/txt_CVVstate' is present

2020-12-23 23:36:03 - [MESSAGE][PASSED] - Text '' is set on object 'Object Repository/VLink/Page_CCSale/txt_CVVstate'

2020-12-23 23:36:03 - [MESSAGE][PASSED] - Object 'Object Repository/VLink/Page_CCSale/txt_TrackData' is present

2020-12-23 23:36:04 - [MESSAGE][PASSED] - Text '' is set on object 'Object Repository/VLink/Page_CCSale/txt_TrackData'

2020-12-23 23:36:04 - [MESSAGE][PASSED] - Object 'Object Repository/VLink/Page_CCSale/txt_Track1Data' is present

2020-12-23 23:36:05 - [MESSAGE][PASSED] - Text '' is set on object 'Object Repository/VLink/Page_CCSale/txt_Track1Data'

2020-12-23 23:36:05 - [MESSAGE][PASSED] - Object 'Object Repository/VLink/Page_CCSale/txt_Track2Data' is present

2020-12-23 23:36:06 - [MESSAGE][PASSED] - Text '' is set on object 'Object Repository/VLink/Page_CCSale/txt_Track2Data'

2020-12-23 23:36:06 - [MESSAGE][PASSED] - Object 'Object Repository/VLink/Page_CCSale/txt_POSEntryMode' is present

2020-12-23 23:36:07 - [MESSAGE][PASSED] - Text 'manual' is set on object 'Object Repository/VLink/Page_CCSale/txt_POSEntryMode'

2020-12-23 23:36:07 - [MESSAGE][PASSED] - Object 'Object Repository/VLink/Page_CCSale/txt_Email' is present

2020-12-23 23:36:08 - [MESSAGE][PASSED] - Text '' is set on object 'Object Repository/VLink/Page_CCSale/txt_Email'

2020-12-23 23:36:08 - [MESSAGE][PASSED] - Object 'Object Repository/VLink/Page_CCSale/txt_OrderNumber' is present

2020-12-23 23:36:09 - [MESSAGE][PASSED] - Text '' is set on object 'Object Repository/VLink/Page_CCSale/txt_OrderNumber'

2020-12-23 23:36:09 - [MESSAGE][PASSED] - Object 'Object Repository/VLink/Page_CCSale/txt_TaxAmount' is present

2020-12-23 23:36:10 - [MESSAGE][PASSED] - Text '' is set on object 'Object Repository/VLink/Page_CCSale/txt_TaxAmount'

2020-12-23 23:36:10 - [MESSAGE][PASSED] - Object 'Object Repository/VLink/Page_CCSale/txt_ChargeDescription' is present

2020-12-23 23:36:11 - [MESSAGE][PASSED] - Text '' is set on object 'Object Repository/VLink/Page_CCSale/txt_ChargeDescription'

2020-12-23 23:36:11 - [MESSAGE][PASSED] - Object 'Object Repository/VLink/Page_CCSale/txt_CAN' is present

2020-12-23 23:36:12 - [MESSAGE][PASSED] - Text '' is set on object 'Object Repository/VLink/Page_CCSale/txt_CAN'

2020-12-23 23:36:12 - [MESSAGE][PASSED] - Object 'Object Repository/VLink/Page_CCSale/txt_BillPaymentIndicator' is present

2020-12-23 23:36:13 - [MESSAGE][PASSED] - Text '' is set on object 'Object Repository/VLink/Page_CCSale/txt_BillPaymentIndicator'

2020-12-23 23:36:13 - [MESSAGE][PASSED] - Object 'Object Repository/VLink/Page_CCSale/txt_UDF1' is present

2020-12-23 23:36:14 - [MESSAGE][PASSED] - Text '' is set on object 'Object Repository/VLink/Page_CCSale/txt_UDF1'

2020-12-23 23:36:14 - [MESSAGE][PASSED] - Object 'Object Repository/VLink/Page_CCSale/txt_UDF2' is present

2020-12-23 23:36:15 - [MESSAGE][PASSED] - Text '' is set on object 'Object Repository/VLink/Page_CCSale/txt_UDF2'

2020-12-23 23:36:15 - [MESSAGE][PASSED] - Object 'Object Repository/VLink/Page_CCSale/txt_UDF3' is present

2020-12-23 23:36:16 - [MESSAGE][PASSED] - Text '' is set on object 'Object Repository/VLink/Page_CCSale/txt_UDF3'

2020-12-23 23:36:16 - [MESSAGE][PASSED] - Object 'Object Repository/VLink/Page_CCSale/txt_UDF4' is present

2020-12-23 23:36:17 - [MESSAGE][PASSED] - Text '' is set on object 'Object Repository/VLink/Page_CCSale/txt_UDF4'

2020-12-23 23:36:17 - [MESSAGE][PASSED] - Object 'Object Repository/VLink/Page_CCSale/txt_UDF5' is present

2020-12-23 23:36:18 - [MESSAGE][PASSED] - Text '' is set on object 'Object Repository/VLink/Page_CCSale/txt_UDF5'

2020-12-23 23:36:18 - [MESSAGE][PASSED] - Object 'Object Repository/VLink/Page_CCSale/txt_UDF6' is present

2020-12-23 23:36:19 - [MESSAGE][PASSED] - Text '' is set on object 'Object Repository/VLink/Page_CCSale/txt_UDF6'

2020-12-23 23:36:19 - [MESSAGE][PASSED] - Object 'Object Repository/VLink/Page_CCSale/txt_UDF7' is present

2020-12-23 23:36:20 - [MESSAGE][PASSED] - Text '' is set on object 'Object Repository/VLink/Page_CCSale/txt_UDF7'

2020-12-23 23:36:20 - [MESSAGE][PASSED] - Object 'Object Repository/VLink/Page_CCSale/txt_UDF8' is present

2020-12-23 23:36:21 - [MESSAGE][PASSED] - Text '' is set on object 'Object Repository/VLink/Page_CCSale/txt_UDF8'

2020-12-23 23:36:21 - [MESSAGE][PASSED] - Object 'Object Repository/VLink/Page_CCSale/txt_UDF9' is present

2020-12-23 23:36:22 - [MESSAGE][PASSED] - Text '' is set on object 'Object Repository/VLink/Page_CCSale/txt_UDF9'

2020-12-23 23:36:22 - [MESSAGE][PASSED] - Object 'Object Repository/VLink/Page_CCSale/txt_UDF10' is present

2020-12-23 23:36:23 - [MESSAGE][PASSED] - Text '' is set on object 'Object Repository/VLink/Page_CCSale/txt_UDF10'

2020-12-23 23:36:23 - [MESSAGE][PASSED] - Object 'Object Repository/VLink/Page_CCSale/txt_CardOnFileIndicator' is present

2020-12-23 23:36:23 - [MESSAGE][PASSED] - Text '' is set on object 'Object Repository/VLink/Page_CCSale/txt_CardOnFileIndicator'

2020-12-23 23:36:24 - [MESSAGE][PASSED] - Object 'Object Repository/VLink/Page_CCSale/txt_StoredCredentialIndicator' is present

2020-12-23 23:36:24 - [MESSAGE][PASSED] - Text '' is set on object 'Object Repository/VLink/Page_CCSale/txt_StoredCredentialIndicator'

2020-12-23 23:36:25 - [MESSAGE][PASSED] - Object 'Object Repository/VLink/Page_CCSale/txt_COFScheduledIndicator' is present

2020-12-23 23:36:25 - [MESSAGE][PASSED] - Text '' is set on object 'Object Repository/VLink/Page_CCSale/txt_COFScheduledIndicator'

2020-12-23 23:36:26 - [MESSAGE][PASSED] - Object 'Object Repository/VLink/Page_CCSale/txt_COFTransactionInitiatedBy' is present

2020-12-23 23:36:26 - [MESSAGE][PASSED] - Text '' is set on object 'Object Repository/VLink/Page_CCSale/txt_COFTransactionInitiatedBy'

2020-12-23 23:36:29 - [MESSAGE][PASSED] - Object: 'Object Repository/VLink/Page_CCSale/btn_ProcessVLinkTransaction' is clicked on

2020-12-23 23:36:34 - [MESSAGE][PASSED] - vlinkPages.saleCCPage.setDataSCC is PASSED

2020-12-23 23:36:34 - [TEST_STEP][PASSED] - if (verifyTextPresent("Transaction approved, no errors", true)): null

2020-12-23 23:36:34 - [MESSAGE][PASSED] - Text 'Transaction approved, no errors' is present on page  using regular expression

2020-12-23 23:36:34 - [TEST_STEP][PASSED] - println("Transaction Approved, no errors text is present on the Confirmation page"): null

2020-12-23 23:36:34 - [TEST_STEP][PASSED] - out.println("Pass Record Number: " + row): null

2020-12-23 23:36:34 - [TEST_STEP][PASSED] - resText = "Pass": null

2020-12-23 23:36:34 - [TEST_STEP][PASSED] - pages.WriteExcel.demoKey(resText, datText, resColumn, datCloumn, fileLoc, nameSheet, row): pages.WriteExcel.demoKey is PASSED

2020-12-23 23:36:34 - [MESSAGE][PASSED] - pages.WriteExcel.demoKey is PASSED

2020-12-23 23:36:34 - [TEST_STEP][PASSED] - sdfo = getText(findTestObject("Object Repository/Page_VLinkReceipt/pre_STX")): Text of object 'Object Repository/Page_VLinkReceipt/pre_STX' is: '<STX>1vrJbDnJAPcn                  12088050            0  Transaction approved, no errors                   0                                                                                  X OK3570   <ETX>'

2020-12-23 23:36:35 - [MESSAGE][PASSED] - Text of object 'Object Repository/Page_VLinkReceipt/pre_STX' is: '<STX>1vrJbDnJAPcn                  12088050            0  Transaction approved, no errors                   0                                                                                  X OK3570   <ETX>'

2020-12-23 23:36:35 - [TEST_STEP][PASSED] - out.println("sdfo: " + sdfo): null

2020-12-23 23:36:35 - [TEST_STEP][PASSED] - remID = substring(5, 35).trim(): null

2020-12-23 23:36:35 - [TEST_STEP][PASSED] - out.println("Remittance ID: " + remID): null

2020-12-23 23:36:35 - [TEST_STEP][PASSED] - traxID = substring(35, 55).trim(): null

2020-12-23 23:36:35 - [TEST_STEP][PASSED] - out.println("Transaction ID: " + traxID): null

2020-12-23 23:36:35 - [TEST_STEP][PASSED] - out.println("End Record Number: " + row): null

2020-12-23 23:36:35 - [TEST_STEP][PASSED] - closeBrowser(): Browser is closed

2020-12-23 23:36:36 - [MESSAGE][PASSED] - Browser is closed

2020-12-23 23:36:36 - [TEST_STEP][PASSED] - out.println("Begin Record Number: " + row): null

2020-12-23 23:36:36 - [TEST_STEP][PASSED] - today = new java.util.Date(): null

2020-12-23 23:36:36 - [TEST_STEP][PASSED] - println(today): null

2020-12-23 23:36:36 - [TEST_STEP][PASSED] - datText = today: null

2020-12-23 23:36:36 - [TEST_STEP][PASSED] - openBrowser(VLinkURL + "authcap.html"): Browser is opened with url: 'https://dev-algorithm.govolution.com/vlinktest/QA/version_2_0/authcap.html'

2020-12-23 23:36:36 - [MESSAGE][INFO] - Starting 'Chrome' driver

2020-12-23 23:36:36 - [MESSAGE][INFO] - User set preference: ['acceptInsecureCerts', 'true']

2020-12-23 23:36:36 - [MESSAGE][INFO] - Action delay is set to 0 milliseconds

2020-12-23 23:36:40 - [MESSAGE][PASSED] - Browser is opened with url: 'https://dev-algorithm.govolution.com/vlinktest/QA/version_2_0/authcap.html'

2020-12-23 23:36:40 - [TEST_STEP][PASSED] - maximizeWindow(): Current window maximized

2020-12-23 23:36:40 - [MESSAGE][PASSED] - Current window maximized

2020-12-23 23:36:40 - [TEST_STEP][PASSED] - vlinkPages.saleCCPage.setDataSCC(row, dataFile): vlinkPages.saleCCPage.setDataSCC is PASSED

2020-12-23 23:36:42 - [MESSAGE][PASSED] - Object 'Object Repository/VLink/Page_CCSale/txt_CardNumber' is present

2020-12-23 23:36:42 - [MESSAGE][PASSED] - Object 'Object Repository/VLink/Page_CCSale/txt_TransactionType' is present

2020-12-23 23:36:43 - [MESSAGE][PASSED] - Text '104' is set on object 'Object Repository/VLink/Page_CCSale/txt_TransactionType'

2020-12-23 23:36:43 - [MESSAGE][PASSED] - Object 'Object Repository/VLink/Page_CCSale/txt_MessageVersion' is present

2020-12-23 23:36:44 - [MESSAGE][PASSED] - Text '2.0C' is set on object 'Object Repository/VLink/Page_CCSale/txt_MessageVersion'

2020-12-23 23:36:44 - [MESSAGE][PASSED] - Object 'Object Repository/VLink/Page_CCSale/txt_RemID' is present

2020-12-23 23:36:45 - [MESSAGE][PASSED] - Text 'Sz89UpM6GbrL' is set on object 'Object Repository/VLink/Page_CCSale/txt_RemID'

2020-12-23 23:36:45 - [MESSAGE][PASSED] - Object 'Object Repository/VLink/Page_CCSale/txt_ApplicationId' is present

2020-12-23 23:36:46 - [MESSAGE][PASSED] - Text '677' is set on object 'Object Repository/VLink/Page_CCSale/txt_ApplicationId'

2020-12-23 23:36:46 - [MESSAGE][PASSED] - Object 'Object Repository/VLink/Page_CCSale/txt_Username' is present

2020-12-23 23:36:46 - [MESSAGE][PASSED] - Text 'username' is set on object 'Object Repository/VLink/Page_CCSale/txt_Username'

2020-12-23 23:36:47 - [MESSAGE][PASSED] - Object 'Object Repository/VLink/Page_CCSale/txt_Password' is present

2020-12-23 23:36:47 - [MESSAGE][PASSED] - Text 'password' is set on object 'Object Repository/VLink/Page_CCSale/txt_Password'

2020-12-23 23:36:48 - [MESSAGE][PASSED] - Object 'Object Repository/VLink/Page_CCSale/txt_ResponseFormat' is present

2020-12-23 23:36:48 - [MESSAGE][PASSED] - Text 'fixed_width' is set on object 'Object Repository/VLink/Page_CCSale/txt_ResponseFormat'

2020-12-23 23:36:48 - [MESSAGE][PASSED] - Object 'Object Repository/VLink/Page_CCSale/txt_Category' is present

2020-12-23 23:36:49 - [MESSAGE][PASSED] - Text 'ECOM' is set on object 'Object Repository/VLink/Page_CCSale/txt_Category'

2020-12-23 23:36:49 - [MESSAGE][PASSED] - Object 'Object Repository/VLink/Page_CCSale/txt_TransactionID' is present

2020-12-23 23:36:50 - [MESSAGE][PASSED] - Text '' is set on object 'Object Repository/VLink/Page_CCSale/txt_TransactionID'

2020-12-23 23:36:50 - [MESSAGE][PASSED] - Object 'Object Repository/VLink/Page_CCSale/txt_ApprovalCode' is present

2020-12-23 23:36:51 - [MESSAGE][PASSED] - Text '' is set on object 'Object Repository/VLink/Page_CCSale/txt_ApprovalCode'

2020-12-23 23:36:51 - [MESSAGE][PASSED] - Object 'Object Repository/VLink/Page_CCSale/txt_CardName' is present

2020-12-23 23:36:52 - [MESSAGE][PASSED] - Text 'Roshan Maha' is set on object 'Object Repository/VLink/Page_CCSale/txt_CardName'

2020-12-23 23:36:52 - [MESSAGE][PASSED] - Object 'Object Repository/VLink/Page_CCSale/txt_AL1' is present

2020-12-23 23:36:52 - [MESSAGE][PASSED] - Text '12563 Bazaar road' is set on object 'Object Repository/VLink/Page_CCSale/txt_AL1'

2020-12-23 23:36:53 - [MESSAGE][PASSED] - Object 'Object Repository/VLink/Page_CCSale/txt_AL2' is present

2020-12-23 23:36:53 - [MESSAGE][PASSED] - Text '' is set on object 'Object Repository/VLink/Page_CCSale/txt_AL2'

2020-12-23 23:36:54 - [MESSAGE][PASSED] - Object 'Object Repository/VLink/Page_CCSale/txt_CardCity' is present

2020-12-23 23:36:54 - [MESSAGE][PASSED] - Text 'Crofton' is set on object 'Object Repository/VLink/Page_CCSale/txt_CardCity'

2020-12-23 23:36:55 - [MESSAGE][PASSED] - Object 'Object Repository/VLink/Page_CCSale/txt_CardState' is present

2020-12-23 23:36:55 - [MESSAGE][PASSED] - Text 'MD' is set on object 'Object Repository/VLink/Page_CCSale/txt_CardState'

2020-12-23 23:36:56 - [MESSAGE][PASSED] - Object 'Object Repository/VLink/Page_CCSale/txt_CardZIP' is present

2020-12-23 23:36:56 - [MESSAGE][PASSED] - Text '21114' is set on object 'Object Repository/VLink/Page_CCSale/txt_CardZIP'

2020-12-23 23:36:57 - [MESSAGE][PASSED] - Object 'Object Repository/VLink/Page_CCSale/txt_CountryID' is present

2020-12-23 23:36:57 - [MESSAGE][PASSED] - Text '' is set on object 'Object Repository/VLink/Page_CCSale/txt_CountryID'

2020-12-23 23:36:58 - [MESSAGE][PASSED] - Object 'Object Repository/VLink/Page_CCSale/txt_Amount' is present

2020-12-23 23:36:58 - [MESSAGE][PASSED] - Text '3.50' is set on object 'Object Repository/VLink/Page_CCSale/txt_Amount'

2020-12-23 23:36:59 - [MESSAGE][PASSED] - Object 'Object Repository/VLink/Page_CCSale/txt_CardNumber' is present

2020-12-23 23:36:59 - [MESSAGE][PASSED] - Text '370000000000002' is set on object 'Object Repository/VLink/Page_CCSale/txt_CardNumber'

2020-12-23 23:37:00 - [MESSAGE][PASSED] - Object 'Object Repository/VLink/Page_CCSale/txt_ExpMonth' is present

2020-12-23 23:37:00 - [MESSAGE][PASSED] - Text '01' is set on object 'Object Repository/VLink/Page_CCSale/txt_ExpMonth'

2020-12-23 23:37:01 - [MESSAGE][PASSED] - Object 'Object Repository/VLink/Page_CCSale/txt_ExpYear' is present

2020-12-23 23:37:01 - [MESSAGE][PASSED] - Text '2026' is set on object 'Object Repository/VLink/Page_CCSale/txt_ExpYear'

2020-12-23 23:37:02 - [MESSAGE][PASSED] - Object 'Object Repository/VLink/Page_CCSale/txt_CVV' is present

2020-12-23 23:37:02 - [MESSAGE][PASSED] - Text '' is set on object 'Object Repository/VLink/Page_CCSale/txt_CVV'

2020-12-23 23:37:02 - [MESSAGE][PASSED] - Object 'Object Repository/VLink/Page_CCSale/txt_CVVstate' is present

2020-12-23 23:37:03 - [MESSAGE][PASSED] - Text '' is set on object 'Object Repository/VLink/Page_CCSale/txt_CVVstate'

2020-12-23 23:37:03 - [MESSAGE][PASSED] - Object 'Object Repository/VLink/Page_CCSale/txt_TrackData' is present

2020-12-23 23:37:04 - [MESSAGE][PASSED] - Text '' is set on object 'Object Repository/VLink/Page_CCSale/txt_TrackData'

2020-12-23 23:37:04 - [MESSAGE][PASSED] - Object 'Object Repository/VLink/Page_CCSale/txt_Track1Data' is present

2020-12-23 23:37:05 - [MESSAGE][PASSED] - Text '' is set on object 'Object Repository/VLink/Page_CCSale/txt_Track1Data'

2020-12-23 23:37:05 - [MESSAGE][PASSED] - Object 'Object Repository/VLink/Page_CCSale/txt_Track2Data' is present

2020-12-23 23:37:06 - [MESSAGE][PASSED] - Text '' is set on object 'Object Repository/VLink/Page_CCSale/txt_Track2Data'

2020-12-23 23:37:06 - [MESSAGE][PASSED] - Object 'Object Repository/VLink/Page_CCSale/txt_POSEntryMode' is present

2020-12-23 23:37:07 - [MESSAGE][PASSED] - Text 'manual' is set on object 'Object Repository/VLink/Page_CCSale/txt_POSEntryMode'

2020-12-23 23:37:07 - [MESSAGE][PASSED] - Object 'Object Repository/VLink/Page_CCSale/txt_Email' is present

2020-12-23 23:37:08 - [MESSAGE][PASSED] - Text '' is set on object 'Object Repository/VLink/Page_CCSale/txt_Email'

2020-12-23 23:37:08 - [MESSAGE][PASSED] - Object 'Object Repository/VLink/Page_CCSale/txt_OrderNumber' is present

2020-12-23 23:37:09 - [MESSAGE][PASSED] - Text '' is set on object 'Object Repository/VLink/Page_CCSale/txt_OrderNumber'

2020-12-23 23:37:09 - [MESSAGE][PASSED] - Object 'Object Repository/VLink/Page_CCSale/txt_TaxAmount' is present

2020-12-23 23:37:10 - [MESSAGE][PASSED] - Text '' is set on object 'Object Repository/VLink/Page_CCSale/txt_TaxAmount'

2020-12-23 23:37:10 - [MESSAGE][PASSED] - Object 'Object Repository/VLink/Page_CCSale/txt_ChargeDescription' is present

2020-12-23 23:37:11 - [MESSAGE][PASSED] - Text '' is set on object 'Object Repository/VLink/Page_CCSale/txt_ChargeDescription'

2020-12-23 23:37:11 - [MESSAGE][PASSED] - Object 'Object Repository/VLink/Page_CCSale/txt_CAN' is present

2020-12-23 23:37:12 - [MESSAGE][PASSED] - Text '' is set on object 'Object Repository/VLink/Page_CCSale/txt_CAN'

2020-12-23 23:37:12 - [MESSAGE][PASSED] - Object 'Object Repository/VLink/Page_CCSale/txt_BillPaymentIndicator' is present

2020-12-23 23:37:13 - [MESSAGE][PASSED] - Text '' is set on object 'Object Repository/VLink/Page_CCSale/txt_BillPaymentIndicator'

2020-12-23 23:37:13 - [MESSAGE][PASSED] - Object 'Object Repository/VLink/Page_CCSale/txt_UDF1' is present

2020-12-23 23:37:14 - [MESSAGE][PASSED] - Text '' is set on object 'Object Repository/VLink/Page_CCSale/txt_UDF1'

2020-12-23 23:37:14 - [MESSAGE][PASSED] - Object 'Object Repository/VLink/Page_CCSale/txt_UDF2' is present

2020-12-23 23:37:15 - [MESSAGE][PASSED] - Text '' is set on object 'Object Repository/VLink/Page_CCSale/txt_UDF2'

2020-12-23 23:37:15 - [MESSAGE][PASSED] - Object 'Object Repository/VLink/Page_CCSale/txt_UDF3' is present

2020-12-23 23:37:16 - [MESSAGE][PASSED] - Text '' is set on object 'Object Repository/VLink/Page_CCSale/txt_UDF3'

2020-12-23 23:37:16 - [MESSAGE][PASSED] - Object 'Object Repository/VLink/Page_CCSale/txt_UDF4' is present

2020-12-23 23:37:17 - [MESSAGE][PASSED] - Text '' is set on object 'Object Repository/VLink/Page_CCSale/txt_UDF4'

2020-12-23 23:37:17 - [MESSAGE][PASSED] - Object 'Object Repository/VLink/Page_CCSale/txt_UDF5' is present

2020-12-23 23:37:18 - [MESSAGE][PASSED] - Text '' is set on object 'Object Repository/VLink/Page_CCSale/txt_UDF5'

2020-12-23 23:37:18 - [MESSAGE][PASSED] - Object 'Object Repository/VLink/Page_CCSale/txt_UDF6' is present

2020-12-23 23:37:19 - [MESSAGE][PASSED] - Text '' is set on object 'Object Repository/VLink/Page_CCSale/txt_UDF6'

2020-12-23 23:37:19 - [MESSAGE][PASSED] - Object 'Object Repository/VLink/Page_CCSale/txt_UDF7' is present

2020-12-23 23:37:20 - [MESSAGE][PASSED] - Text '' is set on object 'Object Repository/VLink/Page_CCSale/txt_UDF7'

2020-12-23 23:37:20 - [MESSAGE][PASSED] - Object 'Object Repository/VLink/Page_CCSale/txt_UDF8' is present

2020-12-23 23:37:21 - [MESSAGE][PASSED] - Text '' is set on object 'Object Repository/VLink/Page_CCSale/txt_UDF8'

2020-12-23 23:37:21 - [MESSAGE][PASSED] - Object 'Object Repository/VLink/Page_CCSale/txt_UDF9' is present

2020-12-23 23:37:22 - [MESSAGE][PASSED] - Text '' is set on object 'Object Repository/VLink/Page_CCSale/txt_UDF9'

2020-12-23 23:37:22 - [MESSAGE][PASSED] - Object 'Object Repository/VLink/Page_CCSale/txt_UDF10' is present

2020-12-23 23:37:23 - [MESSAGE][PASSED] - Text '' is set on object 'Object Repository/VLink/Page_CCSale/txt_UDF10'

2020-12-23 23:37:23 - [MESSAGE][PASSED] - Object 'Object Repository/VLink/Page_CCSale/txt_CardOnFileIndicator' is present

2020-12-23 23:37:24 - [MESSAGE][PASSED] - Text '' is set on object 'Object Repository/VLink/Page_CCSale/txt_CardOnFileIndicator'

2020-12-23 23:37:24 - [MESSAGE][PASSED] - Object 'Object Repository/VLink/Page_CCSale/txt_StoredCredentialIndicator' is present

2020-12-23 23:37:25 - [MESSAGE][PASSED] - Text '' is set on object 'Object Repository/VLink/Page_CCSale/txt_StoredCredentialIndicator'

2020-12-23 23:37:25 - [MESSAGE][PASSED] - Object 'Object Repository/VLink/Page_CCSale/txt_COFScheduledIndicator' is present

2020-12-23 23:37:26 - [MESSAGE][PASSED] - Text '' is set on object 'Object Repository/VLink/Page_CCSale/txt_COFScheduledIndicator'

2020-12-23 23:37:26 - [MESSAGE][PASSED] - Object 'Object Repository/VLink/Page_CCSale/txt_COFTransactionInitiatedBy' is present

2020-12-23 23:37:27 - [MESSAGE][PASSED] - Text '' is set on object 'Object Repository/VLink/Page_CCSale/txt_COFTransactionInitiatedBy'

2020-12-23 23:37:29 - [MESSAGE][PASSED] - Object: 'Object Repository/VLink/Page_CCSale/btn_ProcessVLinkTransaction' is clicked on

2020-12-23 23:37:34 - [MESSAGE][PASSED] - vlinkPages.saleCCPage.setDataSCC is PASSED

2020-12-23 23:37:34 - [TEST_STEP][PASSED] - if (verifyTextPresent("Transaction approved, no errors", true)): null

2020-12-23 23:37:35 - [MESSAGE][PASSED] - Text 'Transaction approved, no errors' is present on page  using regular expression

2020-12-23 23:37:35 - [TEST_STEP][PASSED] - println("Transaction Approved, no errors text is present on the Confirmation page"): null

2020-12-23 23:37:35 - [TEST_STEP][PASSED] - out.println("Pass Record Number: " + row): null

2020-12-23 23:37:35 - [TEST_STEP][PASSED] - resText = "Pass": null

2020-12-23 23:37:35 - [TEST_STEP][PASSED] - pages.WriteExcel.demoKey(resText, datText, resColumn, datCloumn, fileLoc, nameSheet, row): pages.WriteExcel.demoKey is PASSED

2020-12-23 23:37:35 - [MESSAGE][PASSED] - pages.WriteExcel.demoKey is PASSED

2020-12-23 23:37:35 - [TEST_STEP][PASSED] - sdfo = getText(findTestObject("Object Repository/Page_VLinkReceipt/pre_STX")): Text of object 'Object Repository/Page_VLinkReceipt/pre_STX' is: '<STX>Sz89UpM6GbrL                  12088051            0  Transaction approved, no errors                   0                                                                                  X OK3670   <ETX>'

2020-12-23 23:37:35 - [MESSAGE][PASSED] - Text of object 'Object Repository/Page_VLinkReceipt/pre_STX' is: '<STX>Sz89UpM6GbrL                  12088051            0  Transaction approved, no errors                   0                                                                                  X OK3670   <ETX>'

2020-12-23 23:37:35 - [TEST_STEP][PASSED] - out.println("sdfo: " + sdfo): null

2020-12-23 23:37:35 - [TEST_STEP][PASSED] - remID = substring(5, 35).trim(): null

2020-12-23 23:37:35 - [TEST_STEP][PASSED] - out.println("Remittance ID: " + remID): null

2020-12-23 23:37:35 - [TEST_STEP][PASSED] - traxID = substring(35, 55).trim(): null

2020-12-23 23:37:35 - [TEST_STEP][PASSED] - out.println("Transaction ID: " + traxID): null

2020-12-23 23:37:35 - [TEST_STEP][PASSED] - out.println("End Record Number: " + row): null

2020-12-23 23:37:35 - [TEST_STEP][PASSED] - closeBrowser(): Browser is closed

2020-12-23 23:37:36 - [MESSAGE][PASSED] - Browser is closed

2020-12-23 23:37:36 - [TEST_STEP][PASSED] - out.println("Begin Record Number: " + row): null

2020-12-23 23:37:36 - [TEST_STEP][PASSED] - today = new java.util.Date(): null

2020-12-23 23:37:36 - [TEST_STEP][PASSED] - println(today): null

2020-12-23 23:37:36 - [TEST_STEP][PASSED] - datText = today: null

2020-12-23 23:37:36 - [TEST_STEP][PASSED] - openBrowser(VLinkURL + "authcap.html"): Browser is opened with url: 'https://dev-algorithm.govolution.com/vlinktest/QA/version_2_0/authcap.html'

2020-12-23 23:37:36 - [MESSAGE][INFO] - Starting 'Chrome' driver

2020-12-23 23:37:36 - [MESSAGE][INFO] - User set preference: ['acceptInsecureCerts', 'true']

2020-12-23 23:37:36 - [MESSAGE][INFO] - Action delay is set to 0 milliseconds

2020-12-23 23:37:40 - [MESSAGE][PASSED] - Browser is opened with url: 'https://dev-algorithm.govolution.com/vlinktest/QA/version_2_0/authcap.html'

2020-12-23 23:37:40 - [TEST_STEP][PASSED] - maximizeWindow(): Current window maximized

2020-12-23 23:37:40 - [MESSAGE][PASSED] - Current window maximized

2020-12-23 23:37:40 - [TEST_STEP][PASSED] - vlinkPages.saleCCPage.setDataSCC(row, dataFile): vlinkPages.saleCCPage.setDataSCC is PASSED

2020-12-23 23:37:41 - [MESSAGE][PASSED] - Object 'Object Repository/VLink/Page_CCSale/txt_CardNumber' is present

2020-12-23 23:37:42 - [MESSAGE][PASSED] - Object 'Object Repository/VLink/Page_CCSale/txt_TransactionType' is present

2020-12-23 23:37:42 - [MESSAGE][PASSED] - Text '104' is set on object 'Object Repository/VLink/Page_CCSale/txt_TransactionType'

2020-12-23 23:37:43 - [MESSAGE][PASSED] - Object 'Object Repository/VLink/Page_CCSale/txt_MessageVersion' is present

2020-12-23 23:37:43 - [MESSAGE][PASSED] - Text '2.0C' is set on object 'Object Repository/VLink/Page_CCSale/txt_MessageVersion'

2020-12-23 23:37:44 - [MESSAGE][PASSED] - Object 'Object Repository/VLink/Page_CCSale/txt_RemID' is present

2020-12-23 23:37:44 - [MESSAGE][PASSED] - Text 'z089n4Lmb4mW' is set on object 'Object Repository/VLink/Page_CCSale/txt_RemID'

2020-12-23 23:37:45 - [MESSAGE][PASSED] - Object 'Object Repository/VLink/Page_CCSale/txt_ApplicationId' is present

2020-12-23 23:37:45 - [MESSAGE][PASSED] - Text '665' is set on object 'Object Repository/VLink/Page_CCSale/txt_ApplicationId'

2020-12-23 23:37:46 - [MESSAGE][PASSED] - Object 'Object Repository/VLink/Page_CCSale/txt_Username' is present

2020-12-23 23:37:46 - [MESSAGE][PASSED] - Text 'username' is set on object 'Object Repository/VLink/Page_CCSale/txt_Username'

2020-12-23 23:37:47 - [MESSAGE][PASSED] - Object 'Object Repository/VLink/Page_CCSale/txt_Password' is present

2020-12-23 23:37:47 - [MESSAGE][PASSED] - Text 'password' is set on object 'Object Repository/VLink/Page_CCSale/txt_Password'

2020-12-23 23:37:47 - [MESSAGE][PASSED] - Object 'Object Repository/VLink/Page_CCSale/txt_ResponseFormat' is present

2020-12-23 23:37:48 - [MESSAGE][PASSED] - Text 'fixed_width' is set on object 'Object Repository/VLink/Page_CCSale/txt_ResponseFormat'

2020-12-23 23:37:48 - [MESSAGE][PASSED] - Object 'Object Repository/VLink/Page_CCSale/txt_Category' is present

2020-12-23 23:37:49 - [MESSAGE][PASSED] - Text 'ECOM' is set on object 'Object Repository/VLink/Page_CCSale/txt_Category'

2020-12-23 23:37:49 - [MESSAGE][PASSED] - Object 'Object Repository/VLink/Page_CCSale/txt_TransactionID' is present

2020-12-23 23:37:50 - [MESSAGE][PASSED] - Text '' is set on object 'Object Repository/VLink/Page_CCSale/txt_TransactionID'

2020-12-23 23:37:50 - [MESSAGE][PASSED] - Object 'Object Repository/VLink/Page_CCSale/txt_ApprovalCode' is present

2020-12-23 23:37:51 - [MESSAGE][PASSED] - Text '' is set on object 'Object Repository/VLink/Page_CCSale/txt_ApprovalCode'

2020-12-23 23:37:51 - [MESSAGE][PASSED] - Object 'Object Repository/VLink/Page_CCSale/txt_CardName' is present

2020-12-23 23:37:52 - [MESSAGE][PASSED] - Text 'Kris Roshan' is set on object 'Object Repository/VLink/Page_CCSale/txt_CardName'

2020-12-23 23:37:52 - [MESSAGE][PASSED] - Object 'Object Repository/VLink/Page_CCSale/txt_AL1' is present

2020-12-23 23:37:52 - [MESSAGE][PASSED] - Text '258 Elm Road' is set on object 'Object Repository/VLink/Page_CCSale/txt_AL1'

2020-12-23 23:37:53 - [MESSAGE][PASSED] - Object 'Object Repository/VLink/Page_CCSale/txt_AL2' is present

2020-12-23 23:37:53 - [MESSAGE][PASSED] - Text 'Suite 56' is set on object 'Object Repository/VLink/Page_CCSale/txt_AL2'

2020-12-23 23:37:54 - [MESSAGE][PASSED] - Object 'Object Repository/VLink/Page_CCSale/txt_CardCity' is present

2020-12-23 23:37:54 - [MESSAGE][PASSED] - Text 'Arlington' is set on object 'Object Repository/VLink/Page_CCSale/txt_CardCity'

2020-12-23 23:37:55 - [MESSAGE][PASSED] - Object 'Object Repository/VLink/Page_CCSale/txt_CardState' is present

2020-12-23 23:37:55 - [MESSAGE][PASSED] - Text 'VA' is set on object 'Object Repository/VLink/Page_CCSale/txt_CardState'

2020-12-23 23:37:55 - [MESSAGE][PASSED] - Object 'Object Repository/VLink/Page_CCSale/txt_CardZIP' is present

2020-12-23 23:37:56 - [MESSAGE][PASSED] - Text '22201' is set on object 'Object Repository/VLink/Page_CCSale/txt_CardZIP'

2020-12-23 23:37:56 - [MESSAGE][PASSED] - Object 'Object Repository/VLink/Page_CCSale/txt_CountryID' is present

2020-12-23 23:37:57 - [MESSAGE][PASSED] - Text '840' is set on object 'Object Repository/VLink/Page_CCSale/txt_CountryID'

2020-12-23 23:37:57 - [MESSAGE][PASSED] - Object 'Object Repository/VLink/Page_CCSale/txt_Amount' is present

2020-12-23 23:37:58 - [MESSAGE][PASSED] - Text '1.50' is set on object 'Object Repository/VLink/Page_CCSale/txt_Amount'

2020-12-23 23:37:58 - [MESSAGE][PASSED] - Object 'Object Repository/VLink/Page_CCSale/txt_CardNumber' is present

2020-12-23 23:37:59 - [MESSAGE][PASSED] - Text '6011000000000004' is set on object 'Object Repository/VLink/Page_CCSale/txt_CardNumber'

2020-12-23 23:37:59 - [MESSAGE][PASSED] - Object 'Object Repository/VLink/Page_CCSale/txt_ExpMonth' is present

2020-12-23 23:38:00 - [MESSAGE][PASSED] - Text '12' is set on object 'Object Repository/VLink/Page_CCSale/txt_ExpMonth'

2020-12-23 23:38:00 - [MESSAGE][PASSED] - Object 'Object Repository/VLink/Page_CCSale/txt_ExpYear' is present

2020-12-23 23:38:01 - [MESSAGE][PASSED] - Text '2025' is set on object 'Object Repository/VLink/Page_CCSale/txt_ExpYear'

2020-12-23 23:38:01 - [MESSAGE][PASSED] - Object 'Object Repository/VLink/Page_CCSale/txt_CVV' is present

2020-12-23 23:38:02 - [MESSAGE][PASSED] - Text '' is set on object 'Object Repository/VLink/Page_CCSale/txt_CVV'

2020-12-23 23:38:02 - [MESSAGE][PASSED] - Object 'Object Repository/VLink/Page_CCSale/txt_CVVstate' is present

2020-12-23 23:38:03 - [MESSAGE][PASSED] - Text '' is set on object 'Object Repository/VLink/Page_CCSale/txt_CVVstate'

2020-12-23 23:38:03 - [MESSAGE][PASSED] - Object 'Object Repository/VLink/Page_CCSale/txt_TrackData' is present

2020-12-23 23:38:04 - [MESSAGE][PASSED] - Text '' is set on object 'Object Repository/VLink/Page_CCSale/txt_TrackData'

2020-12-23 23:38:04 - [MESSAGE][PASSED] - Object 'Object Repository/VLink/Page_CCSale/txt_Track1Data' is present

2020-12-23 23:38:05 - [MESSAGE][PASSED] - Text '' is set on object 'Object Repository/VLink/Page_CCSale/txt_Track1Data'

2020-12-23 23:38:05 - [MESSAGE][PASSED] - Object 'Object Repository/VLink/Page_CCSale/txt_Track2Data' is present

2020-12-23 23:38:06 - [MESSAGE][PASSED] - Text '' is set on object 'Object Repository/VLink/Page_CCSale/txt_Track2Data'

2020-12-23 23:38:06 - [MESSAGE][PASSED] - Object 'Object Repository/VLink/Page_CCSale/txt_POSEntryMode' is present

2020-12-23 23:38:07 - [MESSAGE][PASSED] - Text 'manual' is set on object 'Object Repository/VLink/Page_CCSale/txt_POSEntryMode'

2020-12-23 23:38:07 - [MESSAGE][PASSED] - Object 'Object Repository/VLink/Page_CCSale/txt_Email' is present

2020-12-23 23:38:08 - [MESSAGE][PASSED] - Text 'iahmed@govolution.com' is set on object 'Object Repository/VLink/Page_CCSale/txt_Email'

2020-12-23 23:38:08 - [MESSAGE][PASSED] - Object 'Object Repository/VLink/Page_CCSale/txt_OrderNumber' is present

2020-12-23 23:38:09 - [MESSAGE][PASSED] - Text '2569362' is set on object 'Object Repository/VLink/Page_CCSale/txt_OrderNumber'

2020-12-23 23:38:09 - [MESSAGE][PASSED] - Object 'Object Repository/VLink/Page_CCSale/txt_TaxAmount' is present

2020-12-23 23:38:10 - [MESSAGE][PASSED] - Text '1.15' is set on object 'Object Repository/VLink/Page_CCSale/txt_TaxAmount'

2020-12-23 23:38:10 - [MESSAGE][PASSED] - Object 'Object Repository/VLink/Page_CCSale/txt_ChargeDescription' is present

2020-12-23 23:38:11 - [MESSAGE][PASSED] - Text 'Charge Description' is set on object 'Object Repository/VLink/Page_CCSale/txt_ChargeDescription'

2020-12-23 23:38:11 - [MESSAGE][PASSED] - Object 'Object Repository/VLink/Page_CCSale/txt_CAN' is present

2020-12-23 23:38:12 - [MESSAGE][PASSED] - Text '147357' is set on object 'Object Repository/VLink/Page_CCSale/txt_CAN'

2020-12-23 23:38:12 - [MESSAGE][PASSED] - Object 'Object Repository/VLink/Page_CCSale/txt_BillPaymentIndicator' is present

2020-12-23 23:38:12 - [MESSAGE][PASSED] - Text '1' is set on object 'Object Repository/VLink/Page_CCSale/txt_BillPaymentIndicator'

2020-12-23 23:38:13 - [MESSAGE][PASSED] - Object 'Object Repository/VLink/Page_CCSale/txt_UDF1' is present

2020-12-23 23:38:13 - [MESSAGE][PASSED] - Text 'UDF Data 1' is set on object 'Object Repository/VLink/Page_CCSale/txt_UDF1'

2020-12-23 23:38:14 - [MESSAGE][PASSED] - Object 'Object Repository/VLink/Page_CCSale/txt_UDF2' is present

2020-12-23 23:38:14 - [MESSAGE][PASSED] - Text 'UDF Data 2' is set on object 'Object Repository/VLink/Page_CCSale/txt_UDF2'

2020-12-23 23:38:15 - [MESSAGE][PASSED] - Object 'Object Repository/VLink/Page_CCSale/txt_UDF3' is present

2020-12-23 23:38:15 - [MESSAGE][PASSED] - Text 'UDF Data 3' is set on object 'Object Repository/VLink/Page_CCSale/txt_UDF3'

2020-12-23 23:38:16 - [MESSAGE][PASSED] - Object 'Object Repository/VLink/Page_CCSale/txt_UDF4' is present

2020-12-23 23:38:16 - [MESSAGE][PASSED] - Text 'UDF Data 4' is set on object 'Object Repository/VLink/Page_CCSale/txt_UDF4'

2020-12-23 23:38:17 - [MESSAGE][PASSED] - Object 'Object Repository/VLink/Page_CCSale/txt_UDF5' is present

2020-12-23 23:38:17 - [MESSAGE][PASSED] - Text 'UDF Data 5' is set on object 'Object Repository/VLink/Page_CCSale/txt_UDF5'

2020-12-23 23:38:18 - [MESSAGE][PASSED] - Object 'Object Repository/VLink/Page_CCSale/txt_UDF6' is present

2020-12-23 23:38:18 - [MESSAGE][PASSED] - Text 'UDF Data 6' is set on object 'Object Repository/VLink/Page_CCSale/txt_UDF6'

2020-12-23 23:38:19 - [MESSAGE][PASSED] - Object 'Object Repository/VLink/Page_CCSale/txt_UDF7' is present

2020-12-23 23:38:19 - [MESSAGE][PASSED] - Text 'UDF Data 7' is set on object 'Object Repository/VLink/Page_CCSale/txt_UDF7'

2020-12-23 23:38:20 - [MESSAGE][PASSED] - Object 'Object Repository/VLink/Page_CCSale/txt_UDF8' is present

2020-12-23 23:38:20 - [MESSAGE][PASSED] - Text 'UDF Data 8' is set on object 'Object Repository/VLink/Page_CCSale/txt_UDF8'

2020-12-23 23:38:21 - [MESSAGE][PASSED] - Object 'Object Repository/VLink/Page_CCSale/txt_UDF9' is present

2020-12-23 23:38:21 - [MESSAGE][PASSED] - Text 'UDF Data 9' is set on object 'Object Repository/VLink/Page_CCSale/txt_UDF9'

2020-12-23 23:38:22 - [MESSAGE][PASSED] - Object 'Object Repository/VLink/Page_CCSale/txt_UDF10' is present

2020-12-23 23:38:22 - [MESSAGE][PASSED] - Text 'UDF Data 10' is set on object 'Object Repository/VLink/Page_CCSale/txt_UDF10'

2020-12-23 23:38:22 - [MESSAGE][PASSED] - Object 'Object Repository/VLink/Page_CCSale/txt_CardOnFileIndicator' is present

2020-12-23 23:38:23 - [MESSAGE][PASSED] - Text '' is set on object 'Object Repository/VLink/Page_CCSale/txt_CardOnFileIndicator'

2020-12-23 23:38:23 - [MESSAGE][PASSED] - Object 'Object Repository/VLink/Page_CCSale/txt_StoredCredentialIndicator' is present

2020-12-23 23:38:24 - [MESSAGE][PASSED] - Text '' is set on object 'Object Repository/VLink/Page_CCSale/txt_StoredCredentialIndicator'

2020-12-23 23:38:24 - [MESSAGE][PASSED] - Object 'Object Repository/VLink/Page_CCSale/txt_COFScheduledIndicator' is present

2020-12-23 23:38:25 - [MESSAGE][PASSED] - Text '' is set on object 'Object Repository/VLink/Page_CCSale/txt_COFScheduledIndicator'

2020-12-23 23:38:25 - [MESSAGE][PASSED] - Object 'Object Repository/VLink/Page_CCSale/txt_COFTransactionInitiatedBy' is present

2020-12-23 23:38:26 - [MESSAGE][PASSED] - Text '' is set on object 'Object Repository/VLink/Page_CCSale/txt_COFTransactionInitiatedBy'

2020-12-23 23:38:29 - [MESSAGE][PASSED] - Object: 'Object Repository/VLink/Page_CCSale/btn_ProcessVLinkTransaction' is clicked on

2020-12-23 23:38:34 - [MESSAGE][PASSED] - vlinkPages.saleCCPage.setDataSCC is PASSED

2020-12-23 23:38:34 - [TEST_STEP][PASSED] - if (verifyTextPresent("Transaction approved, no errors", true)): null

2020-12-23 23:38:34 - [MESSAGE][PASSED] - Text 'Transaction approved, no errors' is present on page  using regular expression

2020-12-23 23:38:34 - [TEST_STEP][PASSED] - println("Transaction Approved, no errors text is present on the Confirmation page"): null

2020-12-23 23:38:34 - [TEST_STEP][PASSED] - out.println("Pass Record Number: " + row): null

2020-12-23 23:38:34 - [TEST_STEP][PASSED] - resText = "Pass": null

2020-12-23 23:38:34 - [TEST_STEP][PASSED] - pages.WriteExcel.demoKey(resText, datText, resColumn, datCloumn, fileLoc, nameSheet, row): pages.WriteExcel.demoKey is PASSED

2020-12-23 23:38:34 - [MESSAGE][PASSED] - pages.WriteExcel.demoKey is PASSED

2020-12-23 23:38:34 - [TEST_STEP][PASSED] - sdfo = getText(findTestObject("Object Repository/Page_VLinkReceipt/pre_STX")): Text of object 'Object Repository/Page_VLinkReceipt/pre_STX' is: '<STX>z089n4Lmb4mW                  12088053            0  Transaction approved, no errors                   0                                                                                  XXOK3710   <ETX>'

2020-12-23 23:38:34 - [MESSAGE][PASSED] - Text of object 'Object Repository/Page_VLinkReceipt/pre_STX' is: '<STX>z089n4Lmb4mW                  12088053            0  Transaction approved, no errors                   0                                                                                  XXOK3710   <ETX>'

2020-12-23 23:38:34 - [TEST_STEP][PASSED] - out.println("sdfo: " + sdfo): null

2020-12-23 23:38:34 - [TEST_STEP][PASSED] - remID = substring(5, 35).trim(): null

2020-12-23 23:38:34 - [TEST_STEP][PASSED] - out.println("Remittance ID: " + remID): null

2020-12-23 23:38:34 - [TEST_STEP][PASSED] - traxID = substring(35, 55).trim(): null

2020-12-23 23:38:34 - [TEST_STEP][PASSED] - out.println("Transaction ID: " + traxID): null

2020-12-23 23:38:34 - [TEST_STEP][PASSED] - out.println("End Record Number: " + row): null

2020-12-23 23:38:34 - [TEST_STEP][PASSED] - closeBrowser(): Browser is closed

2020-12-23 23:38:35 - [MESSAGE][PASSED] - Browser is closed

2020-12-23 23:38:35 - [TEST_STEP][PASSED] - out.println("Begin Record Number: " + row): null

2020-12-23 23:38:35 - [TEST_STEP][PASSED] - today = new java.util.Date(): null

2020-12-23 23:38:35 - [TEST_STEP][PASSED] - println(today): null

2020-12-23 23:38:35 - [TEST_STEP][PASSED] - datText = today: null

2020-12-23 23:38:35 - [TEST_STEP][PASSED] - openBrowser(VLinkURL + "authcap.html"): Browser is opened with url: 'https://dev-algorithm.govolution.com/vlinktest/QA/version_2_0/authcap.html'

2020-12-23 23:38:35 - [MESSAGE][INFO] - Starting 'Chrome' driver

2020-12-23 23:38:35 - [MESSAGE][INFO] - User set preference: ['acceptInsecureCerts', 'true']

2020-12-23 23:38:35 - [MESSAGE][INFO] - Action delay is set to 0 milliseconds

2020-12-23 23:38:39 - [MESSAGE][PASSED] - Browser is opened with url: 'https://dev-algorithm.govolution.com/vlinktest/QA/version_2_0/authcap.html'

2020-12-23 23:38:39 - [TEST_STEP][PASSED] - maximizeWindow(): Current window maximized

2020-12-23 23:38:40 - [MESSAGE][PASSED] - Current window maximized

2020-12-23 23:38:40 - [TEST_STEP][PASSED] - vlinkPages.saleCCPage.setDataSCC(row, dataFile): vlinkPages.saleCCPage.setDataSCC is PASSED

2020-12-23 23:38:41 - [MESSAGE][PASSED] - Object 'Object Repository/VLink/Page_CCSale/txt_CardNumber' is present

2020-12-23 23:38:42 - [MESSAGE][PASSED] - Object 'Object Repository/VLink/Page_CCSale/txt_TransactionType' is present

2020-12-23 23:38:42 - [MESSAGE][PASSED] - Text '104' is set on object 'Object Repository/VLink/Page_CCSale/txt_TransactionType'

2020-12-23 23:38:43 - [MESSAGE][PASSED] - Object 'Object Repository/VLink/Page_CCSale/txt_MessageVersion' is present

2020-12-23 23:38:43 - [MESSAGE][PASSED] - Text '2.0C' is set on object 'Object Repository/VLink/Page_CCSale/txt_MessageVersion'

2020-12-23 23:38:44 - [MESSAGE][PASSED] - Object 'Object Repository/VLink/Page_CCSale/txt_RemID' is present

2020-12-23 23:38:44 - [MESSAGE][PASSED] - Text 'nTNsmKysD08H' is set on object 'Object Repository/VLink/Page_CCSale/txt_RemID'

2020-12-23 23:38:45 - [MESSAGE][PASSED] - Object 'Object Repository/VLink/Page_CCSale/txt_ApplicationId' is present

2020-12-23 23:38:45 - [MESSAGE][PASSED] - Text '672' is set on object 'Object Repository/VLink/Page_CCSale/txt_ApplicationId'

2020-12-23 23:38:45 - [MESSAGE][PASSED] - Object 'Object Repository/VLink/Page_CCSale/txt_Username' is present

2020-12-23 23:38:46 - [MESSAGE][PASSED] - Text 'username' is set on object 'Object Repository/VLink/Page_CCSale/txt_Username'

2020-12-23 23:38:46 - [MESSAGE][PASSED] - Object 'Object Repository/VLink/Page_CCSale/txt_Password' is present

2020-12-23 23:38:47 - [MESSAGE][PASSED] - Text 'password' is set on object 'Object Repository/VLink/Page_CCSale/txt_Password'

2020-12-23 23:38:47 - [MESSAGE][PASSED] - Object 'Object Repository/VLink/Page_CCSale/txt_ResponseFormat' is present

2020-12-23 23:38:48 - [MESSAGE][PASSED] - Text 'fixed_width' is set on object 'Object Repository/VLink/Page_CCSale/txt_ResponseFormat'

2020-12-23 23:38:48 - [MESSAGE][PASSED] - Object 'Object Repository/VLink/Page_CCSale/txt_Category' is present

2020-12-23 23:38:49 - [MESSAGE][PASSED] - Text 'ECOM' is set on object 'Object Repository/VLink/Page_CCSale/txt_Category'

2020-12-23 23:38:49 - [MESSAGE][PASSED] - Object 'Object Repository/VLink/Page_CCSale/txt_TransactionID' is present

2020-12-23 23:38:50 - [MESSAGE][PASSED] - Text '' is set on object 'Object Repository/VLink/Page_CCSale/txt_TransactionID'

2020-12-23 23:38:50 - [MESSAGE][PASSED] - Object 'Object Repository/VLink/Page_CCSale/txt_ApprovalCode' is present

2020-12-23 23:38:50 - [MESSAGE][PASSED] - Text '' is set on object 'Object Repository/VLink/Page_CCSale/txt_ApprovalCode'

2020-12-23 23:38:51 - [MESSAGE][PASSED] - Object 'Object Repository/VLink/Page_CCSale/txt_CardName' is present

2020-12-23 23:38:51 - [MESSAGE][PASSED] - Text 'Arvind Silva' is set on object 'Object Repository/VLink/Page_CCSale/txt_CardName'

2020-12-23 23:38:52 - [MESSAGE][PASSED] - Object 'Object Repository/VLink/Page_CCSale/txt_AL1' is present

2020-12-23 23:38:52 - [MESSAGE][PASSED] - Text '111 Main Ave' is set on object 'Object Repository/VLink/Page_CCSale/txt_AL1'

2020-12-23 23:38:52 - [MESSAGE][PASSED] - Object 'Object Repository/VLink/Page_CCSale/txt_AL2' is present

2020-12-23 23:38:53 - [MESSAGE][PASSED] - Text '' is set on object 'Object Repository/VLink/Page_CCSale/txt_AL2'

2020-12-23 23:38:53 - [MESSAGE][PASSED] - Object 'Object Repository/VLink/Page_CCSale/txt_CardCity' is present

2020-12-23 23:38:54 - [MESSAGE][PASSED] - Text 'Arlington' is set on object 'Object Repository/VLink/Page_CCSale/txt_CardCity'

2020-12-23 23:38:54 - [MESSAGE][PASSED] - Object 'Object Repository/VLink/Page_CCSale/txt_CardState' is present

2020-12-23 23:38:55 - [MESSAGE][PASSED] - Text 'VA' is set on object 'Object Repository/VLink/Page_CCSale/txt_CardState'

2020-12-23 23:38:55 - [MESSAGE][PASSED] - Object 'Object Repository/VLink/Page_CCSale/txt_CardZIP' is present

2020-12-23 23:38:56 - [MESSAGE][PASSED] - Text '22201' is set on object 'Object Repository/VLink/Page_CCSale/txt_CardZIP'

2020-12-23 23:38:56 - [MESSAGE][PASSED] - Object 'Object Repository/VLink/Page_CCSale/txt_CountryID' is present

2020-12-23 23:38:57 - [MESSAGE][PASSED] - Text '' is set on object 'Object Repository/VLink/Page_CCSale/txt_CountryID'

2020-12-23 23:38:57 - [MESSAGE][PASSED] - Object 'Object Repository/VLink/Page_CCSale/txt_Amount' is present

2020-12-23 23:38:58 - [MESSAGE][PASSED] - Text '2.50' is set on object 'Object Repository/VLink/Page_CCSale/txt_Amount'

2020-12-23 23:38:58 - [MESSAGE][PASSED] - Object 'Object Repository/VLink/Page_CCSale/txt_CardNumber' is present

2020-12-23 23:38:59 - [MESSAGE][PASSED] - Text '6011000000000004' is set on object 'Object Repository/VLink/Page_CCSale/txt_CardNumber'

2020-12-23 23:38:59 - [MESSAGE][PASSED] - Object 'Object Repository/VLink/Page_CCSale/txt_ExpMonth' is present

2020-12-23 23:39:00 - [MESSAGE][PASSED] - Text '01' is set on object 'Object Repository/VLink/Page_CCSale/txt_ExpMonth'

2020-12-23 23:39:00 - [MESSAGE][PASSED] - Object 'Object Repository/VLink/Page_CCSale/txt_ExpYear' is present

2020-12-23 23:39:01 - [MESSAGE][PASSED] - Text '2026' is set on object 'Object Repository/VLink/Page_CCSale/txt_ExpYear'

2020-12-23 23:39:01 - [MESSAGE][PASSED] - Object 'Object Repository/VLink/Page_CCSale/txt_CVV' is present

2020-12-23 23:39:02 - [MESSAGE][PASSED] - Text '' is set on object 'Object Repository/VLink/Page_CCSale/txt_CVV'

2020-12-23 23:39:02 - [MESSAGE][PASSED] - Object 'Object Repository/VLink/Page_CCSale/txt_CVVstate' is present

2020-12-23 23:39:02 - [MESSAGE][PASSED] - Text '' is set on object 'Object Repository/VLink/Page_CCSale/txt_CVVstate'

2020-12-23 23:39:03 - [MESSAGE][PASSED] - Object 'Object Repository/VLink/Page_CCSale/txt_TrackData' is present

2020-12-23 23:39:03 - [MESSAGE][PASSED] - Text '' is set on object 'Object Repository/VLink/Page_CCSale/txt_TrackData'

2020-12-23 23:39:03 - [MESSAGE][PASSED] - Object 'Object Repository/VLink/Page_CCSale/txt_Track1Data' is present

2020-12-23 23:39:04 - [MESSAGE][PASSED] - Text '' is set on object 'Object Repository/VLink/Page_CCSale/txt_Track1Data'

2020-12-23 23:39:04 - [MESSAGE][PASSED] - Object 'Object Repository/VLink/Page_CCSale/txt_Track2Data' is present

2020-12-23 23:39:05 - [MESSAGE][PASSED] - Text '' is set on object 'Object Repository/VLink/Page_CCSale/txt_Track2Data'

2020-12-23 23:39:05 - [MESSAGE][PASSED] - Object 'Object Repository/VLink/Page_CCSale/txt_POSEntryMode' is present

2020-12-23 23:39:06 - [MESSAGE][PASSED] - Text 'manual' is set on object 'Object Repository/VLink/Page_CCSale/txt_POSEntryMode'

2020-12-23 23:39:06 - [MESSAGE][PASSED] - Object 'Object Repository/VLink/Page_CCSale/txt_Email' is present

2020-12-23 23:39:07 - [MESSAGE][PASSED] - Text '' is set on object 'Object Repository/VLink/Page_CCSale/txt_Email'

2020-12-23 23:39:07 - [MESSAGE][PASSED] - Object 'Object Repository/VLink/Page_CCSale/txt_OrderNumber' is present

2020-12-23 23:39:08 - [MESSAGE][PASSED] - Text '' is set on object 'Object Repository/VLink/Page_CCSale/txt_OrderNumber'

2020-12-23 23:39:08 - [MESSAGE][PASSED] - Object 'Object Repository/VLink/Page_CCSale/txt_TaxAmount' is present

2020-12-23 23:39:09 - [MESSAGE][PASSED] - Text '' is set on object 'Object Repository/VLink/Page_CCSale/txt_TaxAmount'

2020-12-23 23:39:09 - [MESSAGE][PASSED] - Object 'Object Repository/VLink/Page_CCSale/txt_ChargeDescription' is present

2020-12-23 23:39:10 - [MESSAGE][PASSED] - Text '' is set on object 'Object Repository/VLink/Page_CCSale/txt_ChargeDescription'

2020-12-23 23:39:10 - [MESSAGE][PASSED] - Object 'Object Repository/VLink/Page_CCSale/txt_CAN' is present

2020-12-23 23:39:11 - [MESSAGE][PASSED] - Text '' is set on object 'Object Repository/VLink/Page_CCSale/txt_CAN'

2020-12-23 23:39:11 - [MESSAGE][PASSED] - Object 'Object Repository/VLink/Page_CCSale/txt_BillPaymentIndicator' is present

2020-12-23 23:39:12 - [MESSAGE][PASSED] - Text '' is set on object 'Object Repository/VLink/Page_CCSale/txt_BillPaymentIndicator'

2020-12-23 23:39:12 - [MESSAGE][PASSED] - Object 'Object Repository/VLink/Page_CCSale/txt_UDF1' is present

2020-12-23 23:39:13 - [MESSAGE][PASSED] - Text '' is set on object 'Object Repository/VLink/Page_CCSale/txt_UDF1'

2020-12-23 23:39:13 - [MESSAGE][PASSED] - Object 'Object Repository/VLink/Page_CCSale/txt_UDF2' is present

2020-12-23 23:39:13 - [MESSAGE][PASSED] - Text '' is set on object 'Object Repository/VLink/Page_CCSale/txt_UDF2'

2020-12-23 23:39:14 - [MESSAGE][PASSED] - Object 'Object Repository/VLink/Page_CCSale/txt_UDF3' is present

2020-12-23 23:39:14 - [MESSAGE][PASSED] - Text '' is set on object 'Object Repository/VLink/Page_CCSale/txt_UDF3'

2020-12-23 23:39:15 - [MESSAGE][PASSED] - Object 'Object Repository/VLink/Page_CCSale/txt_UDF4' is present

2020-12-23 23:39:15 - [MESSAGE][PASSED] - Text '' is set on object 'Object Repository/VLink/Page_CCSale/txt_UDF4'

2020-12-23 23:39:16 - [MESSAGE][PASSED] - Object 'Object Repository/VLink/Page_CCSale/txt_UDF5' is present

2020-12-23 23:39:16 - [MESSAGE][PASSED] - Text '' is set on object 'Object Repository/VLink/Page_CCSale/txt_UDF5'

2020-12-23 23:39:17 - [MESSAGE][PASSED] - Object 'Object Repository/VLink/Page_CCSale/txt_UDF6' is present

2020-12-23 23:39:17 - [MESSAGE][PASSED] - Text '' is set on object 'Object Repository/VLink/Page_CCSale/txt_UDF6'

2020-12-23 23:39:18 - [MESSAGE][PASSED] - Object 'Object Repository/VLink/Page_CCSale/txt_UDF7' is present

2020-12-23 23:39:18 - [MESSAGE][PASSED] - Text '' is set on object 'Object Repository/VLink/Page_CCSale/txt_UDF7'

2020-12-23 23:39:19 - [MESSAGE][PASSED] - Object 'Object Repository/VLink/Page_CCSale/txt_UDF8' is present

2020-12-23 23:39:19 - [MESSAGE][PASSED] - Text '' is set on object 'Object Repository/VLink/Page_CCSale/txt_UDF8'

2020-12-23 23:39:20 - [MESSAGE][PASSED] - Object 'Object Repository/VLink/Page_CCSale/txt_UDF9' is present

2020-12-23 23:39:20 - [MESSAGE][PASSED] - Text '' is set on object 'Object Repository/VLink/Page_CCSale/txt_UDF9'

2020-12-23 23:39:21 - [MESSAGE][PASSED] - Object 'Object Repository/VLink/Page_CCSale/txt_UDF10' is present

2020-12-23 23:39:21 - [MESSAGE][PASSED] - Text '' is set on object 'Object Repository/VLink/Page_CCSale/txt_UDF10'

2020-12-23 23:39:22 - [MESSAGE][PASSED] - Object 'Object Repository/VLink/Page_CCSale/txt_CardOnFileIndicator' is present

2020-12-23 23:39:22 - [MESSAGE][PASSED] - Text '' is set on object 'Object Repository/VLink/Page_CCSale/txt_CardOnFileIndicator'

2020-12-23 23:39:23 - [MESSAGE][PASSED] - Object 'Object Repository/VLink/Page_CCSale/txt_StoredCredentialIndicator' is present

2020-12-23 23:39:23 - [MESSAGE][PASSED] - Text '' is set on object 'Object Repository/VLink/Page_CCSale/txt_StoredCredentialIndicator'

2020-12-23 23:39:24 - [MESSAGE][PASSED] - Object 'Object Repository/VLink/Page_CCSale/txt_COFScheduledIndicator' is present

2020-12-23 23:39:24 - [MESSAGE][PASSED] - Text '' is set on object 'Object Repository/VLink/Page_CCSale/txt_COFScheduledIndicator'

2020-12-23 23:39:24 - [MESSAGE][PASSED] - Object 'Object Repository/VLink/Page_CCSale/txt_COFTransactionInitiatedBy' is present

2020-12-23 23:39:25 - [MESSAGE][PASSED] - Text '' is set on object 'Object Repository/VLink/Page_CCSale/txt_COFTransactionInitiatedBy'

2020-12-23 23:39:28 - [MESSAGE][PASSED] - Object: 'Object Repository/VLink/Page_CCSale/btn_ProcessVLinkTransaction' is clicked on

2020-12-23 23:39:33 - [MESSAGE][PASSED] - vlinkPages.saleCCPage.setDataSCC is PASSED

2020-12-23 23:39:33 - [TEST_STEP][PASSED] - if (verifyTextPresent("Transaction approved, no errors", true)): null

2020-12-23 23:39:33 - [MESSAGE][PASSED] - Text 'Transaction approved, no errors' is present on page  using regular expression

2020-12-23 23:39:33 - [TEST_STEP][PASSED] - println("Transaction Approved, no errors text is present on the Confirmation page"): null

2020-12-23 23:39:33 - [TEST_STEP][PASSED] - out.println("Pass Record Number: " + row): null

2020-12-23 23:39:33 - [TEST_STEP][PASSED] - resText = "Pass": null

2020-12-23 23:39:33 - [TEST_STEP][PASSED] - pages.WriteExcel.demoKey(resText, datText, resColumn, datCloumn, fileLoc, nameSheet, row): pages.WriteExcel.demoKey is PASSED

2020-12-23 23:39:33 - [MESSAGE][PASSED] - pages.WriteExcel.demoKey is PASSED

2020-12-23 23:39:33 - [TEST_STEP][PASSED] - sdfo = getText(findTestObject("Object Repository/Page_VLinkReceipt/pre_STX")): Text of object 'Object Repository/Page_VLinkReceipt/pre_STX' is: '<STX>nTNsmKysD08H                  12088054            0  Transaction approved, no errors                   0                                                                                  XXOK3790   <ETX>'

2020-12-23 23:39:33 - [MESSAGE][PASSED] - Text of object 'Object Repository/Page_VLinkReceipt/pre_STX' is: '<STX>nTNsmKysD08H                  12088054            0  Transaction approved, no errors                   0                                                                                  XXOK3790   <ETX>'

2020-12-23 23:39:33 - [TEST_STEP][PASSED] - out.println("sdfo: " + sdfo): null

2020-12-23 23:39:33 - [TEST_STEP][PASSED] - remID = substring(5, 35).trim(): null

2020-12-23 23:39:33 - [TEST_STEP][PASSED] - out.println("Remittance ID: " + remID): null

2020-12-23 23:39:33 - [TEST_STEP][PASSED] - traxID = substring(35, 55).trim(): null

2020-12-23 23:39:33 - [TEST_STEP][PASSED] - out.println("Transaction ID: " + traxID): null

2020-12-23 23:39:33 - [TEST_STEP][PASSED] - out.println("End Record Number: " + row): null

2020-12-23 23:39:33 - [TEST_STEP][PASSED] - closeBrowser(): Browser is closed

2020-12-23 23:39:34 - [MESSAGE][PASSED] - Browser is closed

2020-12-23 23:39:34 - [TEST_STEP][PASSED] - out.println("Begin Record Number: " + row): null

2020-12-23 23:39:34 - [TEST_STEP][PASSED] - today = new java.util.Date(): null

2020-12-23 23:39:34 - [TEST_STEP][PASSED] - println(today): null

2020-12-23 23:39:34 - [TEST_STEP][PASSED] - datText = today: null

2020-12-23 23:39:34 - [TEST_STEP][PASSED] - openBrowser(VLinkURL + "authcap.html"): Browser is opened with url: 'https://dev-algorithm.govolution.com/vlinktest/QA/version_2_0/authcap.html'

2020-12-23 23:39:34 - [MESSAGE][INFO] - Starting 'Chrome' driver

2020-12-23 23:39:34 - [MESSAGE][INFO] - User set preference: ['acceptInsecureCerts', 'true']

2020-12-23 23:39:34 - [MESSAGE][INFO] - Action delay is set to 0 milliseconds

2020-12-23 23:39:38 - [MESSAGE][PASSED] - Browser is opened with url: 'https://dev-algorithm.govolution.com/vlinktest/QA/version_2_0/authcap.html'

2020-12-23 23:39:38 - [TEST_STEP][PASSED] - maximizeWindow(): Current window maximized

2020-12-23 23:39:38 - [MESSAGE][PASSED] - Current window maximized

2020-12-23 23:39:38 - [TEST_STEP][PASSED] - vlinkPages.saleCCPage.setDataSCC(row, dataFile): vlinkPages.saleCCPage.setDataSCC is PASSED

2020-12-23 23:39:40 - [MESSAGE][PASSED] - Object 'Object Repository/VLink/Page_CCSale/txt_CardNumber' is present

2020-12-23 23:39:40 - [MESSAGE][PASSED] - Object 'Object Repository/VLink/Page_CCSale/txt_TransactionType' is present

2020-12-23 23:39:40 - [MESSAGE][PASSED] - Text '104' is set on object 'Object Repository/VLink/Page_CCSale/txt_TransactionType'

2020-12-23 23:39:41 - [MESSAGE][PASSED] - Object 'Object Repository/VLink/Page_CCSale/txt_MessageVersion' is present

2020-12-23 23:39:41 - [MESSAGE][PASSED] - Text '2.0C' is set on object 'Object Repository/VLink/Page_CCSale/txt_MessageVersion'

2020-12-23 23:39:42 - [MESSAGE][PASSED] - Object 'Object Repository/VLink/Page_CCSale/txt_RemID' is present

2020-12-23 23:39:42 - [MESSAGE][PASSED] - Text 'AR2DbXn1qpM9' is set on object 'Object Repository/VLink/Page_CCSale/txt_RemID'

2020-12-23 23:39:43 - [MESSAGE][PASSED] - Object 'Object Repository/VLink/Page_CCSale/txt_ApplicationId' is present

2020-12-23 23:39:43 - [MESSAGE][PASSED] - Text '677' is set on object 'Object Repository/VLink/Page_CCSale/txt_ApplicationId'

2020-12-23 23:39:43 - [MESSAGE][PASSED] - Object 'Object Repository/VLink/Page_CCSale/txt_Username' is present

2020-12-23 23:39:44 - [MESSAGE][PASSED] - Text 'username' is set on object 'Object Repository/VLink/Page_CCSale/txt_Username'

2020-12-23 23:39:44 - [MESSAGE][PASSED] - Object 'Object Repository/VLink/Page_CCSale/txt_Password' is present

2020-12-23 23:39:45 - [MESSAGE][PASSED] - Text 'password' is set on object 'Object Repository/VLink/Page_CCSale/txt_Password'

2020-12-23 23:39:45 - [MESSAGE][PASSED] - Object 'Object Repository/VLink/Page_CCSale/txt_ResponseFormat' is present

2020-12-23 23:39:46 - [MESSAGE][PASSED] - Text 'fixed_width' is set on object 'Object Repository/VLink/Page_CCSale/txt_ResponseFormat'

2020-12-23 23:39:46 - [MESSAGE][PASSED] - Object 'Object Repository/VLink/Page_CCSale/txt_Category' is present

2020-12-23 23:39:47 - [MESSAGE][PASSED] - Text 'ECOM' is set on object 'Object Repository/VLink/Page_CCSale/txt_Category'

2020-12-23 23:39:47 - [MESSAGE][PASSED] - Object 'Object Repository/VLink/Page_CCSale/txt_TransactionID' is present

2020-12-23 23:39:47 - [MESSAGE][PASSED] - Text '' is set on object 'Object Repository/VLink/Page_CCSale/txt_TransactionID'

2020-12-23 23:39:48 - [MESSAGE][PASSED] - Object 'Object Repository/VLink/Page_CCSale/txt_ApprovalCode' is present

2020-12-23 23:39:48 - [MESSAGE][PASSED] - Text '' is set on object 'Object Repository/VLink/Page_CCSale/txt_ApprovalCode'

2020-12-23 23:39:49 - [MESSAGE][PASSED] - Object 'Object Repository/VLink/Page_CCSale/txt_CardName' is present

2020-12-23 23:39:49 - [MESSAGE][PASSED] - Text 'Roshan Maha' is set on object 'Object Repository/VLink/Page_CCSale/txt_CardName'

2020-12-23 23:39:50 - [MESSAGE][PASSED] - Object 'Object Repository/VLink/Page_CCSale/txt_AL1' is present

2020-12-23 23:39:50 - [MESSAGE][PASSED] - Text '12563 Bazaar road' is set on object 'Object Repository/VLink/Page_CCSale/txt_AL1'

2020-12-23 23:39:51 - [MESSAGE][PASSED] - Object 'Object Repository/VLink/Page_CCSale/txt_AL2' is present

2020-12-23 23:39:51 - [MESSAGE][PASSED] - Text '' is set on object 'Object Repository/VLink/Page_CCSale/txt_AL2'

2020-12-23 23:39:52 - [MESSAGE][PASSED] - Object 'Object Repository/VLink/Page_CCSale/txt_CardCity' is present

2020-12-23 23:39:52 - [MESSAGE][PASSED] - Text 'Crofton' is set on object 'Object Repository/VLink/Page_CCSale/txt_CardCity'

2020-12-23 23:39:53 - [MESSAGE][PASSED] - Object 'Object Repository/VLink/Page_CCSale/txt_CardState' is present

2020-12-23 23:39:53 - [MESSAGE][PASSED] - Text 'MD' is set on object 'Object Repository/VLink/Page_CCSale/txt_CardState'

2020-12-23 23:39:54 - [MESSAGE][PASSED] - Object 'Object Repository/VLink/Page_CCSale/txt_CardZIP' is present

2020-12-23 23:39:54 - [MESSAGE][PASSED] - Text '21114' is set on object 'Object Repository/VLink/Page_CCSale/txt_CardZIP'

2020-12-23 23:39:55 - [MESSAGE][PASSED] - Object 'Object Repository/VLink/Page_CCSale/txt_CountryID' is present

2020-12-23 23:39:55 - [MESSAGE][PASSED] - Text '' is set on object 'Object Repository/VLink/Page_CCSale/txt_CountryID'

2020-12-23 23:39:56 - [MESSAGE][PASSED] - Object 'Object Repository/VLink/Page_CCSale/txt_Amount' is present

2020-12-23 23:39:56 - [MESSAGE][PASSED] - Text '3.50' is set on object 'Object Repository/VLink/Page_CCSale/txt_Amount'

2020-12-23 23:39:56 - [MESSAGE][PASSED] - Object 'Object Repository/VLink/Page_CCSale/txt_CardNumber' is present

2020-12-23 23:39:57 - [MESSAGE][PASSED] - Text '6011000000000004' is set on object 'Object Repository/VLink/Page_CCSale/txt_CardNumber'

2020-12-23 23:39:57 - [MESSAGE][PASSED] - Object 'Object Repository/VLink/Page_CCSale/txt_ExpMonth' is present

2020-12-23 23:39:58 - [MESSAGE][PASSED] - Text '01' is set on object 'Object Repository/VLink/Page_CCSale/txt_ExpMonth'

2020-12-23 23:39:58 - [MESSAGE][PASSED] - Object 'Object Repository/VLink/Page_CCSale/txt_ExpYear' is present

2020-12-23 23:39:59 - [MESSAGE][PASSED] - Text '2026' is set on object 'Object Repository/VLink/Page_CCSale/txt_ExpYear'

2020-12-23 23:39:59 - [MESSAGE][PASSED] - Object 'Object Repository/VLink/Page_CCSale/txt_CVV' is present

2020-12-23 23:40:00 - [MESSAGE][PASSED] - Text '' is set on object 'Object Repository/VLink/Page_CCSale/txt_CVV'

2020-12-23 23:40:00 - [MESSAGE][PASSED] - Object 'Object Repository/VLink/Page_CCSale/txt_CVVstate' is present

2020-12-23 23:40:01 - [MESSAGE][PASSED] - Text '' is set on object 'Object Repository/VLink/Page_CCSale/txt_CVVstate'

2020-12-23 23:40:01 - [MESSAGE][PASSED] - Object 'Object Repository/VLink/Page_CCSale/txt_TrackData' is present

2020-12-23 23:40:02 - [MESSAGE][PASSED] - Text '' is set on object 'Object Repository/VLink/Page_CCSale/txt_TrackData'

2020-12-23 23:40:02 - [MESSAGE][PASSED] - Object 'Object Repository/VLink/Page_CCSale/txt_Track1Data' is present

2020-12-23 23:40:03 - [MESSAGE][PASSED] - Text '' is set on object 'Object Repository/VLink/Page_CCSale/txt_Track1Data'

2020-12-23 23:40:03 - [MESSAGE][PASSED] - Object 'Object Repository/VLink/Page_CCSale/txt_Track2Data' is present

2020-12-23 23:40:04 - [MESSAGE][PASSED] - Text '' is set on object 'Object Repository/VLink/Page_CCSale/txt_Track2Data'

2020-12-23 23:40:04 - [MESSAGE][PASSED] - Object 'Object Repository/VLink/Page_CCSale/txt_POSEntryMode' is present

2020-12-23 23:40:05 - [MESSAGE][PASSED] - Text 'manual' is set on object 'Object Repository/VLink/Page_CCSale/txt_POSEntryMode'

2020-12-23 23:40:05 - [MESSAGE][PASSED] - Object 'Object Repository/VLink/Page_CCSale/txt_Email' is present

2020-12-23 23:40:05 - [MESSAGE][PASSED] - Text '' is set on object 'Object Repository/VLink/Page_CCSale/txt_Email'

2020-12-23 23:40:06 - [MESSAGE][PASSED] - Object 'Object Repository/VLink/Page_CCSale/txt_OrderNumber' is present

2020-12-23 23:40:06 - [MESSAGE][PASSED] - Text '' is set on object 'Object Repository/VLink/Page_CCSale/txt_OrderNumber'

2020-12-23 23:40:07 - [MESSAGE][PASSED] - Object 'Object Repository/VLink/Page_CCSale/txt_TaxAmount' is present

2020-12-23 23:40:07 - [MESSAGE][PASSED] - Text '' is set on object 'Object Repository/VLink/Page_CCSale/txt_TaxAmount'

2020-12-23 23:40:08 - [MESSAGE][PASSED] - Object 'Object Repository/VLink/Page_CCSale/txt_ChargeDescription' is present

2020-12-23 23:40:08 - [MESSAGE][PASSED] - Text '' is set on object 'Object Repository/VLink/Page_CCSale/txt_ChargeDescription'

2020-12-23 23:40:09 - [MESSAGE][PASSED] - Object 'Object Repository/VLink/Page_CCSale/txt_CAN' is present

2020-12-23 23:40:09 - [MESSAGE][PASSED] - Text '' is set on object 'Object Repository/VLink/Page_CCSale/txt_CAN'

2020-12-23 23:40:10 - [MESSAGE][PASSED] - Object 'Object Repository/VLink/Page_CCSale/txt_BillPaymentIndicator' is present

2020-12-23 23:40:10 - [MESSAGE][PASSED] - Text '' is set on object 'Object Repository/VLink/Page_CCSale/txt_BillPaymentIndicator'

2020-12-23 23:40:11 - [MESSAGE][PASSED] - Object 'Object Repository/VLink/Page_CCSale/txt_UDF1' is present

2020-12-23 23:40:11 - [MESSAGE][PASSED] - Text '' is set on object 'Object Repository/VLink/Page_CCSale/txt_UDF1'

2020-12-23 23:40:12 - [MESSAGE][PASSED] - Object 'Object Repository/VLink/Page_CCSale/txt_UDF2' is present

2020-12-23 23:40:12 - [MESSAGE][PASSED] - Text '' is set on object 'Object Repository/VLink/Page_CCSale/txt_UDF2'

2020-12-23 23:40:13 - [MESSAGE][PASSED] - Object 'Object Repository/VLink/Page_CCSale/txt_UDF3' is present

2020-12-23 23:40:13 - [MESSAGE][PASSED] - Text '' is set on object 'Object Repository/VLink/Page_CCSale/txt_UDF3'

2020-12-23 23:40:14 - [MESSAGE][PASSED] - Object 'Object Repository/VLink/Page_CCSale/txt_UDF4' is present

2020-12-23 23:40:14 - [MESSAGE][PASSED] - Text '' is set on object 'Object Repository/VLink/Page_CCSale/txt_UDF4'

2020-12-23 23:40:14 - [MESSAGE][PASSED] - Object 'Object Repository/VLink/Page_CCSale/txt_UDF5' is present

2020-12-23 23:40:15 - [MESSAGE][PASSED] - Text '' is set on object 'Object Repository/VLink/Page_CCSale/txt_UDF5'

2020-12-23 23:40:15 - [MESSAGE][PASSED] - Object 'Object Repository/VLink/Page_CCSale/txt_UDF6' is present

2020-12-23 23:40:16 - [MESSAGE][PASSED] - Text '' is set on object 'Object Repository/VLink/Page_CCSale/txt_UDF6'

2020-12-23 23:40:16 - [MESSAGE][PASSED] - Object 'Object Repository/VLink/Page_CCSale/txt_UDF7' is present

2020-12-23 23:40:17 - [MESSAGE][PASSED] - Text '' is set on object 'Object Repository/VLink/Page_CCSale/txt_UDF7'

2020-12-23 23:40:17 - [MESSAGE][PASSED] - Object 'Object Repository/VLink/Page_CCSale/txt_UDF8' is present

2020-12-23 23:40:18 - [MESSAGE][PASSED] - Text '' is set on object 'Object Repository/VLink/Page_CCSale/txt_UDF8'

2020-12-23 23:40:18 - [MESSAGE][PASSED] - Object 'Object Repository/VLink/Page_CCSale/txt_UDF9' is present

2020-12-23 23:40:19 - [MESSAGE][PASSED] - Text '' is set on object 'Object Repository/VLink/Page_CCSale/txt_UDF9'

2020-12-23 23:40:19 - [MESSAGE][PASSED] - Object 'Object Repository/VLink/Page_CCSale/txt_UDF10' is present

2020-12-23 23:40:20 - [MESSAGE][PASSED] - Text '' is set on object 'Object Repository/VLink/Page_CCSale/txt_UDF10'

2020-12-23 23:40:20 - [MESSAGE][PASSED] - Object 'Object Repository/VLink/Page_CCSale/txt_CardOnFileIndicator' is present

2020-12-23 23:40:21 - [MESSAGE][PASSED] - Text '' is set on object 'Object Repository/VLink/Page_CCSale/txt_CardOnFileIndicator'

2020-12-23 23:40:21 - [MESSAGE][PASSED] - Object 'Object Repository/VLink/Page_CCSale/txt_StoredCredentialIndicator' is present

2020-12-23 23:40:22 - [MESSAGE][PASSED] - Text '' is set on object 'Object Repository/VLink/Page_CCSale/txt_StoredCredentialIndicator'

2020-12-23 23:40:22 - [MESSAGE][PASSED] - Object 'Object Repository/VLink/Page_CCSale/txt_COFScheduledIndicator' is present

2020-12-23 23:40:23 - [MESSAGE][PASSED] - Text '' is set on object 'Object Repository/VLink/Page_CCSale/txt_COFScheduledIndicator'

2020-12-23 23:40:23 - [MESSAGE][PASSED] - Object 'Object Repository/VLink/Page_CCSale/txt_COFTransactionInitiatedBy' is present

2020-12-23 23:40:24 - [MESSAGE][PASSED] - Text '' is set on object 'Object Repository/VLink/Page_CCSale/txt_COFTransactionInitiatedBy'

2020-12-23 23:40:27 - [MESSAGE][PASSED] - Object: 'Object Repository/VLink/Page_CCSale/btn_ProcessVLinkTransaction' is clicked on

2020-12-23 23:40:32 - [MESSAGE][PASSED] - vlinkPages.saleCCPage.setDataSCC is PASSED

2020-12-23 23:40:32 - [TEST_STEP][PASSED] - if (verifyTextPresent("Transaction approved, no errors", true)): null

2020-12-23 23:40:32 - [MESSAGE][PASSED] - Text 'Transaction approved, no errors' is present on page  using regular expression

2020-12-23 23:40:32 - [TEST_STEP][PASSED] - println("Transaction Approved, no errors text is present on the Confirmation page"): null

2020-12-23 23:40:32 - [TEST_STEP][PASSED] - out.println("Pass Record Number: " + row): null

2020-12-23 23:40:32 - [TEST_STEP][PASSED] - resText = "Pass": null

2020-12-23 23:40:32 - [TEST_STEP][PASSED] - pages.WriteExcel.demoKey(resText, datText, resColumn, datCloumn, fileLoc, nameSheet, row): pages.WriteExcel.demoKey is PASSED

2020-12-23 23:40:32 - [MESSAGE][PASSED] - pages.WriteExcel.demoKey is PASSED

2020-12-23 23:40:32 - [TEST_STEP][PASSED] - sdfo = getText(findTestObject("Object Repository/Page_VLinkReceipt/pre_STX")): Text of object 'Object Repository/Page_VLinkReceipt/pre_STX' is: '<STX>AR2DbXn1qpM9                  12088055            0  Transaction approved, no errors                   0                                                                                  XXOK3830   <ETX>'

2020-12-23 23:40:32 - [MESSAGE][PASSED] - Text of object 'Object Repository/Page_VLinkReceipt/pre_STX' is: '<STX>AR2DbXn1qpM9                  12088055            0  Transaction approved, no errors                   0                                                                                  XXOK3830   <ETX>'

2020-12-23 23:40:32 - [TEST_STEP][PASSED] - out.println("sdfo: " + sdfo): null

2020-12-23 23:40:32 - [TEST_STEP][PASSED] - remID = substring(5, 35).trim(): null

2020-12-23 23:40:32 - [TEST_STEP][PASSED] - out.println("Remittance ID: " + remID): null

2020-12-23 23:40:32 - [TEST_STEP][PASSED] - traxID = substring(35, 55).trim(): null

2020-12-23 23:40:32 - [TEST_STEP][PASSED] - out.println("Transaction ID: " + traxID): null

2020-12-23 23:40:32 - [TEST_STEP][PASSED] - out.println("End Record Number: " + row): null

2020-12-23 23:40:32 - [TEST_STEP][PASSED] - closeBrowser(): Browser is closed

2020-12-23 23:40:33 - [MESSAGE][PASSED] - Browser is closed

2020-12-23 23:40:33 - [TEST_STEP][PASSED] - out.println("Begin Record Number: " + row): null

2020-12-23 23:40:33 - [TEST_STEP][PASSED] - today = new java.util.Date(): null

2020-12-23 23:40:33 - [TEST_STEP][PASSED] - println(today): null

2020-12-23 23:40:33 - [TEST_STEP][PASSED] - datText = today: null

2020-12-23 23:40:33 - [TEST_STEP][PASSED] - openBrowser(VLinkURL + "authcap.html"): Browser is opened with url: 'https://dev-algorithm.govolution.com/vlinktest/QA/version_2_0/authcap.html'

2020-12-23 23:40:33 - [MESSAGE][INFO] - Starting 'Chrome' driver

2020-12-23 23:40:33 - [MESSAGE][INFO] - User set preference: ['acceptInsecureCerts', 'true']

2020-12-23 23:40:33 - [MESSAGE][INFO] - Action delay is set to 0 milliseconds

2020-12-23 23:40:37 - [MESSAGE][PASSED] - Browser is opened with url: 'https://dev-algorithm.govolution.com/vlinktest/QA/version_2_0/authcap.html'

2020-12-23 23:40:37 - [TEST_STEP][PASSED] - maximizeWindow(): Current window maximized

2020-12-23 23:40:38 - [MESSAGE][PASSED] - Current window maximized

2020-12-23 23:40:38 - [TEST_STEP][PASSED] - vlinkPages.saleCCPage.setDataSCC(row, dataFile): vlinkPages.saleCCPage.setDataSCC is PASSED

2020-12-23 23:40:39 - [MESSAGE][PASSED] - Object 'Object Repository/VLink/Page_CCSale/txt_CardNumber' is present

2020-12-23 23:40:40 - [MESSAGE][PASSED] - Object 'Object Repository/VLink/Page_CCSale/txt_TransactionType' is present

2020-12-23 23:40:40 - [MESSAGE][PASSED] - Text '104' is set on object 'Object Repository/VLink/Page_CCSale/txt_TransactionType'

2020-12-23 23:40:41 - [MESSAGE][PASSED] - Object 'Object Repository/VLink/Page_CCSale/txt_MessageVersion' is present

2020-12-23 23:40:41 - [MESSAGE][PASSED] - Text '2.0C' is set on object 'Object Repository/VLink/Page_CCSale/txt_MessageVersion'

2020-12-23 23:40:42 - [MESSAGE][PASSED] - Object 'Object Repository/VLink/Page_CCSale/txt_RemID' is present

2020-12-23 23:40:42 - [MESSAGE][PASSED] - Text 'BKzAgtvBBo8K' is set on object 'Object Repository/VLink/Page_CCSale/txt_RemID'

2020-12-23 23:40:43 - [MESSAGE][PASSED] - Object 'Object Repository/VLink/Page_CCSale/txt_ApplicationId' is present

2020-12-23 23:40:43 - [MESSAGE][PASSED] - Text '665' is set on object 'Object Repository/VLink/Page_CCSale/txt_ApplicationId'

2020-12-23 23:40:44 - [MESSAGE][PASSED] - Object 'Object Repository/VLink/Page_CCSale/txt_Username' is present

2020-12-23 23:40:44 - [MESSAGE][PASSED] - Text 'username' is set on object 'Object Repository/VLink/Page_CCSale/txt_Username'

2020-12-23 23:40:45 - [MESSAGE][PASSED] - Object 'Object Repository/VLink/Page_CCSale/txt_Password' is present

2020-12-23 23:40:45 - [MESSAGE][PASSED] - Text 'password' is set on object 'Object Repository/VLink/Page_CCSale/txt_Password'

2020-12-23 23:40:45 - [MESSAGE][PASSED] - Object 'Object Repository/VLink/Page_CCSale/txt_ResponseFormat' is present

2020-12-23 23:40:46 - [MESSAGE][PASSED] - Text 'fixed_width' is set on object 'Object Repository/VLink/Page_CCSale/txt_ResponseFormat'

2020-12-23 23:40:46 - [MESSAGE][PASSED] - Object 'Object Repository/VLink/Page_CCSale/txt_Category' is present

2020-12-23 23:40:47 - [MESSAGE][PASSED] - Text 'MOTO' is set on object 'Object Repository/VLink/Page_CCSale/txt_Category'

2020-12-23 23:40:47 - [MESSAGE][PASSED] - Object 'Object Repository/VLink/Page_CCSale/txt_TransactionID' is present

2020-12-23 23:40:48 - [MESSAGE][PASSED] - Text '' is set on object 'Object Repository/VLink/Page_CCSale/txt_TransactionID'

2020-12-23 23:40:48 - [MESSAGE][PASSED] - Object 'Object Repository/VLink/Page_CCSale/txt_ApprovalCode' is present

2020-12-23 23:40:49 - [MESSAGE][PASSED] - Text '' is set on object 'Object Repository/VLink/Page_CCSale/txt_ApprovalCode'

2020-12-23 23:40:49 - [MESSAGE][PASSED] - Object 'Object Repository/VLink/Page_CCSale/txt_CardName' is present

2020-12-23 23:40:50 - [MESSAGE][PASSED] - Text 'Kris Roshan' is set on object 'Object Repository/VLink/Page_CCSale/txt_CardName'

2020-12-23 23:40:50 - [MESSAGE][PASSED] - Object 'Object Repository/VLink/Page_CCSale/txt_AL1' is present

2020-12-23 23:40:50 - [MESSAGE][PASSED] - Text '258 Elm Road' is set on object 'Object Repository/VLink/Page_CCSale/txt_AL1'

2020-12-23 23:40:51 - [MESSAGE][PASSED] - Object 'Object Repository/VLink/Page_CCSale/txt_AL2' is present

2020-12-23 23:40:51 - [MESSAGE][PASSED] - Text 'Suite 56' is set on object 'Object Repository/VLink/Page_CCSale/txt_AL2'

2020-12-23 23:40:52 - [MESSAGE][PASSED] - Object 'Object Repository/VLink/Page_CCSale/txt_CardCity' is present

2020-12-23 23:40:52 - [MESSAGE][PASSED] - Text 'Arlington' is set on object 'Object Repository/VLink/Page_CCSale/txt_CardCity'

2020-12-23 23:40:52 - [MESSAGE][PASSED] - Object 'Object Repository/VLink/Page_CCSale/txt_CardState' is present

2020-12-23 23:40:53 - [MESSAGE][PASSED] - Text 'VA' is set on object 'Object Repository/VLink/Page_CCSale/txt_CardState'

2020-12-23 23:40:53 - [MESSAGE][PASSED] - Object 'Object Repository/VLink/Page_CCSale/txt_CardZIP' is present

2020-12-23 23:40:54 - [MESSAGE][PASSED] - Text '22201' is set on object 'Object Repository/VLink/Page_CCSale/txt_CardZIP'

2020-12-23 23:40:54 - [MESSAGE][PASSED] - Object 'Object Repository/VLink/Page_CCSale/txt_CountryID' is present

2020-12-23 23:40:55 - [MESSAGE][PASSED] - Text '840' is set on object 'Object Repository/VLink/Page_CCSale/txt_CountryID'

2020-12-23 23:40:55 - [MESSAGE][PASSED] - Object 'Object Repository/VLink/Page_CCSale/txt_Amount' is present

2020-12-23 23:40:56 - [MESSAGE][PASSED] - Text '1.50' is set on object 'Object Repository/VLink/Page_CCSale/txt_Amount'

2020-12-23 23:40:56 - [MESSAGE][PASSED] - Object 'Object Repository/VLink/Page_CCSale/txt_CardNumber' is present

2020-12-23 23:40:57 - [MESSAGE][PASSED] - Text '4111111111111111' is set on object 'Object Repository/VLink/Page_CCSale/txt_CardNumber'

2020-12-23 23:40:57 - [MESSAGE][PASSED] - Object 'Object Repository/VLink/Page_CCSale/txt_ExpMonth' is present

2020-12-23 23:40:58 - [MESSAGE][PASSED] - Text '12' is set on object 'Object Repository/VLink/Page_CCSale/txt_ExpMonth'

2020-12-23 23:40:58 - [MESSAGE][PASSED] - Object 'Object Repository/VLink/Page_CCSale/txt_ExpYear' is present

2020-12-23 23:40:59 - [MESSAGE][PASSED] - Text '2025' is set on object 'Object Repository/VLink/Page_CCSale/txt_ExpYear'

2020-12-23 23:40:59 - [MESSAGE][PASSED] - Object 'Object Repository/VLink/Page_CCSale/txt_CVV' is present

2020-12-23 23:41:00 - [MESSAGE][PASSED] - Text '' is set on object 'Object Repository/VLink/Page_CCSale/txt_CVV'

2020-12-23 23:41:00 - [MESSAGE][PASSED] - Object 'Object Repository/VLink/Page_CCSale/txt_CVVstate' is present

2020-12-23 23:41:01 - [MESSAGE][PASSED] - Text '' is set on object 'Object Repository/VLink/Page_CCSale/txt_CVVstate'

2020-12-23 23:41:01 - [MESSAGE][PASSED] - Object 'Object Repository/VLink/Page_CCSale/txt_TrackData' is present

2020-12-23 23:41:02 - [MESSAGE][PASSED] - Text '' is set on object 'Object Repository/VLink/Page_CCSale/txt_TrackData'

2020-12-23 23:41:02 - [MESSAGE][PASSED] - Object 'Object Repository/VLink/Page_CCSale/txt_Track1Data' is present

2020-12-23 23:41:03 - [MESSAGE][PASSED] - Text '' is set on object 'Object Repository/VLink/Page_CCSale/txt_Track1Data'

2020-12-23 23:41:03 - [MESSAGE][PASSED] - Object 'Object Repository/VLink/Page_CCSale/txt_Track2Data' is present

2020-12-23 23:41:04 - [MESSAGE][PASSED] - Text '' is set on object 'Object Repository/VLink/Page_CCSale/txt_Track2Data'

2020-12-23 23:41:04 - [MESSAGE][PASSED] - Object 'Object Repository/VLink/Page_CCSale/txt_POSEntryMode' is present

2020-12-23 23:41:05 - [MESSAGE][PASSED] - Text 'manual' is set on object 'Object Repository/VLink/Page_CCSale/txt_POSEntryMode'

2020-12-23 23:41:05 - [MESSAGE][PASSED] - Object 'Object Repository/VLink/Page_CCSale/txt_Email' is present

2020-12-23 23:41:06 - [MESSAGE][PASSED] - Text 'iahmed@govolution.com' is set on object 'Object Repository/VLink/Page_CCSale/txt_Email'

2020-12-23 23:41:06 - [MESSAGE][PASSED] - Object 'Object Repository/VLink/Page_CCSale/txt_OrderNumber' is present

2020-12-23 23:41:07 - [MESSAGE][PASSED] - Text '2569362' is set on object 'Object Repository/VLink/Page_CCSale/txt_OrderNumber'

2020-12-23 23:41:07 - [MESSAGE][PASSED] - Object 'Object Repository/VLink/Page_CCSale/txt_TaxAmount' is present

2020-12-23 23:41:08 - [MESSAGE][PASSED] - Text '1.15' is set on object 'Object Repository/VLink/Page_CCSale/txt_TaxAmount'

2020-12-23 23:41:08 - [MESSAGE][PASSED] - Object 'Object Repository/VLink/Page_CCSale/txt_ChargeDescription' is present

2020-12-23 23:41:09 - [MESSAGE][PASSED] - Text 'Charge Description' is set on object 'Object Repository/VLink/Page_CCSale/txt_ChargeDescription'

2020-12-23 23:41:09 - [MESSAGE][PASSED] - Object 'Object Repository/VLink/Page_CCSale/txt_CAN' is present

2020-12-23 23:41:10 - [MESSAGE][PASSED] - Text '147357' is set on object 'Object Repository/VLink/Page_CCSale/txt_CAN'

2020-12-23 23:41:10 - [MESSAGE][PASSED] - Object 'Object Repository/VLink/Page_CCSale/txt_BillPaymentIndicator' is present

2020-12-23 23:41:11 - [MESSAGE][PASSED] - Text '1' is set on object 'Object Repository/VLink/Page_CCSale/txt_BillPaymentIndicator'

2020-12-23 23:41:11 - [MESSAGE][PASSED] - Object 'Object Repository/VLink/Page_CCSale/txt_UDF1' is present

2020-12-23 23:41:12 - [MESSAGE][PASSED] - Text 'UDF Data 1' is set on object 'Object Repository/VLink/Page_CCSale/txt_UDF1'

2020-12-23 23:41:12 - [MESSAGE][PASSED] - Object 'Object Repository/VLink/Page_CCSale/txt_UDF2' is present

2020-12-23 23:41:13 - [MESSAGE][PASSED] - Text 'UDF Data 2' is set on object 'Object Repository/VLink/Page_CCSale/txt_UDF2'

2020-12-23 23:41:13 - [MESSAGE][PASSED] - Object 'Object Repository/VLink/Page_CCSale/txt_UDF3' is present

2020-12-23 23:41:14 - [MESSAGE][PASSED] - Text 'UDF Data 3' is set on object 'Object Repository/VLink/Page_CCSale/txt_UDF3'

2020-12-23 23:41:14 - [MESSAGE][PASSED] - Object 'Object Repository/VLink/Page_CCSale/txt_UDF4' is present

2020-12-23 23:41:15 - [MESSAGE][PASSED] - Text 'UDF Data 4' is set on object 'Object Repository/VLink/Page_CCSale/txt_UDF4'

2020-12-23 23:41:15 - [MESSAGE][PASSED] - Object 'Object Repository/VLink/Page_CCSale/txt_UDF5' is present

2020-12-23 23:41:16 - [MESSAGE][PASSED] - Text 'UDF Data 5' is set on object 'Object Repository/VLink/Page_CCSale/txt_UDF5'

2020-12-23 23:41:16 - [MESSAGE][PASSED] - Object 'Object Repository/VLink/Page_CCSale/txt_UDF6' is present

2020-12-23 23:41:17 - [MESSAGE][PASSED] - Text 'UDF Data 6' is set on object 'Object Repository/VLink/Page_CCSale/txt_UDF6'

2020-12-23 23:41:17 - [MESSAGE][PASSED] - Object 'Object Repository/VLink/Page_CCSale/txt_UDF7' is present

2020-12-23 23:41:18 - [MESSAGE][PASSED] - Text 'UDF Data 7' is set on object 'Object Repository/VLink/Page_CCSale/txt_UDF7'

2020-12-23 23:41:18 - [MESSAGE][PASSED] - Object 'Object Repository/VLink/Page_CCSale/txt_UDF8' is present

2020-12-23 23:41:18 - [MESSAGE][PASSED] - Text 'UDF Data 8' is set on object 'Object Repository/VLink/Page_CCSale/txt_UDF8'

2020-12-23 23:41:19 - [MESSAGE][PASSED] - Object 'Object Repository/VLink/Page_CCSale/txt_UDF9' is present

2020-12-23 23:41:19 - [MESSAGE][PASSED] - Text 'UDF Data 9' is set on object 'Object Repository/VLink/Page_CCSale/txt_UDF9'

2020-12-23 23:41:20 - [MESSAGE][PASSED] - Object 'Object Repository/VLink/Page_CCSale/txt_UDF10' is present

2020-12-23 23:41:20 - [MESSAGE][PASSED] - Text 'UDF Data 10' is set on object 'Object Repository/VLink/Page_CCSale/txt_UDF10'

2020-12-23 23:41:21 - [MESSAGE][PASSED] - Object 'Object Repository/VLink/Page_CCSale/txt_CardOnFileIndicator' is present

2020-12-23 23:41:21 - [MESSAGE][PASSED] - Text '' is set on object 'Object Repository/VLink/Page_CCSale/txt_CardOnFileIndicator'

2020-12-23 23:41:22 - [MESSAGE][PASSED] - Object 'Object Repository/VLink/Page_CCSale/txt_StoredCredentialIndicator' is present

2020-12-23 23:41:22 - [MESSAGE][PASSED] - Text '' is set on object 'Object Repository/VLink/Page_CCSale/txt_StoredCredentialIndicator'

2020-12-23 23:41:23 - [MESSAGE][PASSED] - Object 'Object Repository/VLink/Page_CCSale/txt_COFScheduledIndicator' is present

2020-12-23 23:41:23 - [MESSAGE][PASSED] - Text '' is set on object 'Object Repository/VLink/Page_CCSale/txt_COFScheduledIndicator'

2020-12-23 23:41:24 - [MESSAGE][PASSED] - Object 'Object Repository/VLink/Page_CCSale/txt_COFTransactionInitiatedBy' is present

2020-12-23 23:41:24 - [MESSAGE][PASSED] - Text '' is set on object 'Object Repository/VLink/Page_CCSale/txt_COFTransactionInitiatedBy'

2020-12-23 23:41:27 - [MESSAGE][PASSED] - Object: 'Object Repository/VLink/Page_CCSale/btn_ProcessVLinkTransaction' is clicked on

2020-12-23 23:41:32 - [MESSAGE][PASSED] - vlinkPages.saleCCPage.setDataSCC is PASSED

2020-12-23 23:41:32 - [TEST_STEP][PASSED] - if (verifyTextPresent("Transaction approved, no errors", true)): null

2020-12-23 23:41:32 - [MESSAGE][PASSED] - Text 'Transaction approved, no errors' is present on page  using regular expression

2020-12-23 23:41:32 - [TEST_STEP][PASSED] - println("Transaction Approved, no errors text is present on the Confirmation page"): null

2020-12-23 23:41:32 - [TEST_STEP][PASSED] - out.println("Pass Record Number: " + row): null

2020-12-23 23:41:32 - [TEST_STEP][PASSED] - resText = "Pass": null

2020-12-23 23:41:32 - [TEST_STEP][PASSED] - pages.WriteExcel.demoKey(resText, datText, resColumn, datCloumn, fileLoc, nameSheet, row): pages.WriteExcel.demoKey is PASSED

2020-12-23 23:41:32 - [MESSAGE][PASSED] - pages.WriteExcel.demoKey is PASSED

2020-12-23 23:41:32 - [TEST_STEP][PASSED] - sdfo = getText(findTestObject("Object Repository/Page_VLinkReceipt/pre_STX")): Text of object 'Object Repository/Page_VLinkReceipt/pre_STX' is: '<STX>BKzAgtvBBo8K                  12088057            0  Transaction approved, no errors                   0                                                                                  XXOK3870   <ETX>'

2020-12-23 23:41:33 - [MESSAGE][PASSED] - Text of object 'Object Repository/Page_VLinkReceipt/pre_STX' is: '<STX>BKzAgtvBBo8K                  12088057            0  Transaction approved, no errors                   0                                                                                  XXOK3870   <ETX>'

2020-12-23 23:41:33 - [TEST_STEP][PASSED] - out.println("sdfo: " + sdfo): null

2020-12-23 23:41:33 - [TEST_STEP][PASSED] - remID = substring(5, 35).trim(): null

2020-12-23 23:41:33 - [TEST_STEP][PASSED] - out.println("Remittance ID: " + remID): null

2020-12-23 23:41:33 - [TEST_STEP][PASSED] - traxID = substring(35, 55).trim(): null

2020-12-23 23:41:33 - [TEST_STEP][PASSED] - out.println("Transaction ID: " + traxID): null

2020-12-23 23:41:33 - [TEST_STEP][PASSED] - out.println("End Record Number: " + row): null

2020-12-23 23:41:33 - [TEST_STEP][PASSED] - closeBrowser(): Browser is closed

2020-12-23 23:41:33 - [MESSAGE][PASSED] - Browser is closed

2020-12-23 23:41:33 - [TEST_STEP][PASSED] - out.println("Begin Record Number: " + row): null

2020-12-23 23:41:33 - [TEST_STEP][PASSED] - today = new java.util.Date(): null

2020-12-23 23:41:33 - [TEST_STEP][PASSED] - println(today): null

2020-12-23 23:41:33 - [TEST_STEP][PASSED] - datText = today: null

2020-12-23 23:41:33 - [TEST_STEP][PASSED] - openBrowser(VLinkURL + "authcap.html"): Browser is opened with url: 'https://dev-algorithm.govolution.com/vlinktest/QA/version_2_0/authcap.html'

2020-12-23 23:41:33 - [MESSAGE][INFO] - Starting 'Chrome' driver

2020-12-23 23:41:33 - [MESSAGE][INFO] - User set preference: ['acceptInsecureCerts', 'true']

2020-12-23 23:41:33 - [MESSAGE][INFO] - Action delay is set to 0 milliseconds

2020-12-23 23:41:37 - [MESSAGE][PASSED] - Browser is opened with url: 'https://dev-algorithm.govolution.com/vlinktest/QA/version_2_0/authcap.html'

2020-12-23 23:41:37 - [TEST_STEP][PASSED] - maximizeWindow(): Current window maximized

2020-12-23 23:41:37 - [MESSAGE][PASSED] - Current window maximized

2020-12-23 23:41:37 - [TEST_STEP][PASSED] - vlinkPages.saleCCPage.setDataSCC(row, dataFile): vlinkPages.saleCCPage.setDataSCC is PASSED

2020-12-23 23:41:39 - [MESSAGE][PASSED] - Object 'Object Repository/VLink/Page_CCSale/txt_CardNumber' is present

2020-12-23 23:41:39 - [MESSAGE][PASSED] - Object 'Object Repository/VLink/Page_CCSale/txt_TransactionType' is present

2020-12-23 23:41:40 - [MESSAGE][PASSED] - Text '104' is set on object 'Object Repository/VLink/Page_CCSale/txt_TransactionType'

2020-12-23 23:41:40 - [MESSAGE][PASSED] - Object 'Object Repository/VLink/Page_CCSale/txt_MessageVersion' is present

2020-12-23 23:41:41 - [MESSAGE][PASSED] - Text '2.0C' is set on object 'Object Repository/VLink/Page_CCSale/txt_MessageVersion'

2020-12-23 23:41:41 - [MESSAGE][PASSED] - Object 'Object Repository/VLink/Page_CCSale/txt_RemID' is present

2020-12-23 23:41:42 - [MESSAGE][PASSED] - Text 'xh6pdklYnAo5' is set on object 'Object Repository/VLink/Page_CCSale/txt_RemID'

2020-12-23 23:41:42 - [MESSAGE][PASSED] - Object 'Object Repository/VLink/Page_CCSale/txt_ApplicationId' is present

2020-12-23 23:41:43 - [MESSAGE][PASSED] - Text '672' is set on object 'Object Repository/VLink/Page_CCSale/txt_ApplicationId'

2020-12-23 23:41:43 - [MESSAGE][PASSED] - Object 'Object Repository/VLink/Page_CCSale/txt_Username' is present

2020-12-23 23:41:43 - [MESSAGE][PASSED] - Text 'username' is set on object 'Object Repository/VLink/Page_CCSale/txt_Username'

2020-12-23 23:41:44 - [MESSAGE][PASSED] - Object 'Object Repository/VLink/Page_CCSale/txt_Password' is present

2020-12-23 23:41:44 - [MESSAGE][PASSED] - Text 'password' is set on object 'Object Repository/VLink/Page_CCSale/txt_Password'

2020-12-23 23:41:45 - [MESSAGE][PASSED] - Object 'Object Repository/VLink/Page_CCSale/txt_ResponseFormat' is present

2020-12-23 23:41:45 - [MESSAGE][PASSED] - Text 'fixed_width' is set on object 'Object Repository/VLink/Page_CCSale/txt_ResponseFormat'

2020-12-23 23:41:45 - [MESSAGE][PASSED] - Object 'Object Repository/VLink/Page_CCSale/txt_Category' is present

2020-12-23 23:41:46 - [MESSAGE][PASSED] - Text 'MOTO' is set on object 'Object Repository/VLink/Page_CCSale/txt_Category'

2020-12-23 23:41:46 - [MESSAGE][PASSED] - Object 'Object Repository/VLink/Page_CCSale/txt_TransactionID' is present

2020-12-23 23:41:47 - [MESSAGE][PASSED] - Text '' is set on object 'Object Repository/VLink/Page_CCSale/txt_TransactionID'

2020-12-23 23:41:47 - [MESSAGE][PASSED] - Object 'Object Repository/VLink/Page_CCSale/txt_ApprovalCode' is present

2020-12-23 23:41:48 - [MESSAGE][PASSED] - Text '' is set on object 'Object Repository/VLink/Page_CCSale/txt_ApprovalCode'

2020-12-23 23:41:48 - [MESSAGE][PASSED] - Object 'Object Repository/VLink/Page_CCSale/txt_CardName' is present

2020-12-23 23:41:49 - [MESSAGE][PASSED] - Text 'Arvind Silva' is set on object 'Object Repository/VLink/Page_CCSale/txt_CardName'

2020-12-23 23:41:49 - [MESSAGE][PASSED] - Object 'Object Repository/VLink/Page_CCSale/txt_AL1' is present

2020-12-23 23:41:50 - [MESSAGE][PASSED] - Text '111 Main Ave' is set on object 'Object Repository/VLink/Page_CCSale/txt_AL1'

2020-12-23 23:41:50 - [MESSAGE][PASSED] - Object 'Object Repository/VLink/Page_CCSale/txt_AL2' is present

2020-12-23 23:41:50 - [MESSAGE][PASSED] - Text '' is set on object 'Object Repository/VLink/Page_CCSale/txt_AL2'

2020-12-23 23:41:51 - [MESSAGE][PASSED] - Object 'Object Repository/VLink/Page_CCSale/txt_CardCity' is present

2020-12-23 23:41:51 - [MESSAGE][PASSED] - Text 'Arlington' is set on object 'Object Repository/VLink/Page_CCSale/txt_CardCity'

2020-12-23 23:41:52 - [MESSAGE][PASSED] - Object 'Object Repository/VLink/Page_CCSale/txt_CardState' is present

2020-12-23 23:41:52 - [MESSAGE][PASSED] - Text 'VA' is set on object 'Object Repository/VLink/Page_CCSale/txt_CardState'

2020-12-23 23:41:53 - [MESSAGE][PASSED] - Object 'Object Repository/VLink/Page_CCSale/txt_CardZIP' is present

2020-12-23 23:41:53 - [MESSAGE][PASSED] - Text '22201' is set on object 'Object Repository/VLink/Page_CCSale/txt_CardZIP'

2020-12-23 23:41:54 - [MESSAGE][PASSED] - Object 'Object Repository/VLink/Page_CCSale/txt_CountryID' is present

2020-12-23 23:41:54 - [MESSAGE][PASSED] - Text '' is set on object 'Object Repository/VLink/Page_CCSale/txt_CountryID'

2020-12-23 23:41:55 - [MESSAGE][PASSED] - Object 'Object Repository/VLink/Page_CCSale/txt_Amount' is present

2020-12-23 23:41:55 - [MESSAGE][PASSED] - Text '2.50' is set on object 'Object Repository/VLink/Page_CCSale/txt_Amount'

2020-12-23 23:41:56 - [MESSAGE][PASSED] - Object 'Object Repository/VLink/Page_CCSale/txt_CardNumber' is present

2020-12-23 23:41:56 - [MESSAGE][PASSED] - Text '4111111111111111' is set on object 'Object Repository/VLink/Page_CCSale/txt_CardNumber'

2020-12-23 23:41:57 - [MESSAGE][PASSED] - Object 'Object Repository/VLink/Page_CCSale/txt_ExpMonth' is present

2020-12-23 23:41:57 - [MESSAGE][PASSED] - Text '01' is set on object 'Object Repository/VLink/Page_CCSale/txt_ExpMonth'

2020-12-23 23:41:58 - [MESSAGE][PASSED] - Object 'Object Repository/VLink/Page_CCSale/txt_ExpYear' is present

2020-12-23 23:41:58 - [MESSAGE][PASSED] - Text '2026' is set on object 'Object Repository/VLink/Page_CCSale/txt_ExpYear'

2020-12-23 23:41:59 - [MESSAGE][PASSED] - Object 'Object Repository/VLink/Page_CCSale/txt_CVV' is present

2020-12-23 23:41:59 - [MESSAGE][PASSED] - Text '' is set on object 'Object Repository/VLink/Page_CCSale/txt_CVV'

2020-12-23 23:42:00 - [MESSAGE][PASSED] - Object 'Object Repository/VLink/Page_CCSale/txt_CVVstate' is present

2020-12-23 23:42:00 - [MESSAGE][PASSED] - Text '' is set on object 'Object Repository/VLink/Page_CCSale/txt_CVVstate'

2020-12-23 23:42:00 - [MESSAGE][PASSED] - Object 'Object Repository/VLink/Page_CCSale/txt_TrackData' is present

2020-12-23 23:42:01 - [MESSAGE][PASSED] - Text '' is set on object 'Object Repository/VLink/Page_CCSale/txt_TrackData'

2020-12-23 23:42:01 - [MESSAGE][PASSED] - Object 'Object Repository/VLink/Page_CCSale/txt_Track1Data' is present

2020-12-23 23:42:02 - [MESSAGE][PASSED] - Text '' is set on object 'Object Repository/VLink/Page_CCSale/txt_Track1Data'

2020-12-23 23:42:02 - [MESSAGE][PASSED] - Object 'Object Repository/VLink/Page_CCSale/txt_Track2Data' is present

2020-12-23 23:42:03 - [MESSAGE][PASSED] - Text '' is set on object 'Object Repository/VLink/Page_CCSale/txt_Track2Data'

2020-12-23 23:42:03 - [MESSAGE][PASSED] - Object 'Object Repository/VLink/Page_CCSale/txt_POSEntryMode' is present

2020-12-23 23:42:04 - [MESSAGE][PASSED] - Text 'manual' is set on object 'Object Repository/VLink/Page_CCSale/txt_POSEntryMode'

2020-12-23 23:42:04 - [MESSAGE][PASSED] - Object 'Object Repository/VLink/Page_CCSale/txt_Email' is present

2020-12-23 23:42:05 - [MESSAGE][PASSED] - Text '' is set on object 'Object Repository/VLink/Page_CCSale/txt_Email'

2020-12-23 23:42:05 - [MESSAGE][PASSED] - Object 'Object Repository/VLink/Page_CCSale/txt_OrderNumber' is present

2020-12-23 23:42:06 - [MESSAGE][PASSED] - Text '' is set on object 'Object Repository/VLink/Page_CCSale/txt_OrderNumber'

2020-12-23 23:42:06 - [MESSAGE][PASSED] - Object 'Object Repository/VLink/Page_CCSale/txt_TaxAmount' is present

2020-12-23 23:42:07 - [MESSAGE][PASSED] - Text '' is set on object 'Object Repository/VLink/Page_CCSale/txt_TaxAmount'

2020-12-23 23:42:07 - [MESSAGE][PASSED] - Object 'Object Repository/VLink/Page_CCSale/txt_ChargeDescription' is present

2020-12-23 23:42:08 - [MESSAGE][PASSED] - Text '' is set on object 'Object Repository/VLink/Page_CCSale/txt_ChargeDescription'

2020-12-23 23:42:08 - [MESSAGE][PASSED] - Object 'Object Repository/VLink/Page_CCSale/txt_CAN' is present

2020-12-23 23:42:09 - [MESSAGE][PASSED] - Text '' is set on object 'Object Repository/VLink/Page_CCSale/txt_CAN'

2020-12-23 23:42:09 - [MESSAGE][PASSED] - Object 'Object Repository/VLink/Page_CCSale/txt_BillPaymentIndicator' is present

2020-12-23 23:42:10 - [MESSAGE][PASSED] - Text '' is set on object 'Object Repository/VLink/Page_CCSale/txt_BillPaymentIndicator'

2020-12-23 23:42:10 - [MESSAGE][PASSED] - Object 'Object Repository/VLink/Page_CCSale/txt_UDF1' is present

2020-12-23 23:42:11 - [MESSAGE][PASSED] - Text '' is set on object 'Object Repository/VLink/Page_CCSale/txt_UDF1'

2020-12-23 23:42:11 - [MESSAGE][PASSED] - Object 'Object Repository/VLink/Page_CCSale/txt_UDF2' is present

2020-12-23 23:42:12 - [MESSAGE][PASSED] - Text '' is set on object 'Object Repository/VLink/Page_CCSale/txt_UDF2'

2020-12-23 23:42:12 - [MESSAGE][PASSED] - Object 'Object Repository/VLink/Page_CCSale/txt_UDF3' is present

2020-12-23 23:42:13 - [MESSAGE][PASSED] - Text '' is set on object 'Object Repository/VLink/Page_CCSale/txt_UDF3'

2020-12-23 23:42:13 - [MESSAGE][PASSED] - Object 'Object Repository/VLink/Page_CCSale/txt_UDF4' is present

2020-12-23 23:42:14 - [MESSAGE][PASSED] - Text '' is set on object 'Object Repository/VLink/Page_CCSale/txt_UDF4'

2020-12-23 23:42:14 - [MESSAGE][PASSED] - Object 'Object Repository/VLink/Page_CCSale/txt_UDF5' is present

2020-12-23 23:42:15 - [MESSAGE][PASSED] - Text '' is set on object 'Object Repository/VLink/Page_CCSale/txt_UDF5'

2020-12-23 23:42:15 - [MESSAGE][PASSED] - Object 'Object Repository/VLink/Page_CCSale/txt_UDF6' is present

2020-12-23 23:42:16 - [MESSAGE][PASSED] - Text '' is set on object 'Object Repository/VLink/Page_CCSale/txt_UDF6'

2020-12-23 23:42:16 - [MESSAGE][PASSED] - Object 'Object Repository/VLink/Page_CCSale/txt_UDF7' is present

2020-12-23 23:42:17 - [MESSAGE][PASSED] - Text '' is set on object 'Object Repository/VLink/Page_CCSale/txt_UDF7'

2020-12-23 23:42:17 - [MESSAGE][PASSED] - Object 'Object Repository/VLink/Page_CCSale/txt_UDF8' is present

2020-12-23 23:42:18 - [MESSAGE][PASSED] - Text '' is set on object 'Object Repository/VLink/Page_CCSale/txt_UDF8'

2020-12-23 23:42:18 - [MESSAGE][PASSED] - Object 'Object Repository/VLink/Page_CCSale/txt_UDF9' is present

2020-12-23 23:42:19 - [MESSAGE][PASSED] - Text '' is set on object 'Object Repository/VLink/Page_CCSale/txt_UDF9'

2020-12-23 23:42:19 - [MESSAGE][PASSED] - Object 'Object Repository/VLink/Page_CCSale/txt_UDF10' is present

2020-12-23 23:42:20 - [MESSAGE][PASSED] - Text '' is set on object 'Object Repository/VLink/Page_CCSale/txt_UDF10'

2020-12-23 23:42:20 - [MESSAGE][PASSED] - Object 'Object Repository/VLink/Page_CCSale/txt_CardOnFileIndicator' is present

2020-12-23 23:42:21 - [MESSAGE][PASSED] - Text '' is set on object 'Object Repository/VLink/Page_CCSale/txt_CardOnFileIndicator'

2020-12-23 23:42:21 - [MESSAGE][PASSED] - Object 'Object Repository/VLink/Page_CCSale/txt_StoredCredentialIndicator' is present

2020-12-23 23:42:21 - [MESSAGE][PASSED] - Text '' is set on object 'Object Repository/VLink/Page_CCSale/txt_StoredCredentialIndicator'

2020-12-23 23:42:22 - [MESSAGE][PASSED] - Object 'Object Repository/VLink/Page_CCSale/txt_COFScheduledIndicator' is present

2020-12-23 23:42:22 - [MESSAGE][PASSED] - Text '' is set on object 'Object Repository/VLink/Page_CCSale/txt_COFScheduledIndicator'

2020-12-23 23:42:23 - [MESSAGE][PASSED] - Object 'Object Repository/VLink/Page_CCSale/txt_COFTransactionInitiatedBy' is present

2020-12-23 23:42:23 - [MESSAGE][PASSED] - Text '' is set on object 'Object Repository/VLink/Page_CCSale/txt_COFTransactionInitiatedBy'

2020-12-23 23:42:26 - [MESSAGE][PASSED] - Object: 'Object Repository/VLink/Page_CCSale/btn_ProcessVLinkTransaction' is clicked on

2020-12-23 23:42:31 - [MESSAGE][PASSED] - vlinkPages.saleCCPage.setDataSCC is PASSED

2020-12-23 23:42:31 - [TEST_STEP][PASSED] - if (verifyTextPresent("Transaction approved, no errors", true)): null

2020-12-23 23:42:31 - [MESSAGE][PASSED] - Text 'Transaction approved, no errors' is present on page  using regular expression

2020-12-23 23:42:31 - [TEST_STEP][PASSED] - println("Transaction Approved, no errors text is present on the Confirmation page"): null

2020-12-23 23:42:31 - [TEST_STEP][PASSED] - out.println("Pass Record Number: " + row): null

2020-12-23 23:42:31 - [TEST_STEP][PASSED] - resText = "Pass": null

2020-12-23 23:42:31 - [TEST_STEP][PASSED] - pages.WriteExcel.demoKey(resText, datText, resColumn, datCloumn, fileLoc, nameSheet, row): pages.WriteExcel.demoKey is PASSED

2020-12-23 23:42:31 - [MESSAGE][PASSED] - pages.WriteExcel.demoKey is PASSED

2020-12-23 23:42:31 - [TEST_STEP][PASSED] - sdfo = getText(findTestObject("Object Repository/Page_VLinkReceipt/pre_STX")): Text of object 'Object Repository/Page_VLinkReceipt/pre_STX' is: '<STX>xh6pdklYnAo5                  12088058            0  Transaction approved, no errors                   0                                                                                  XXOK3880   <ETX>'

2020-12-23 23:42:32 - [MESSAGE][PASSED] - Text of object 'Object Repository/Page_VLinkReceipt/pre_STX' is: '<STX>xh6pdklYnAo5                  12088058            0  Transaction approved, no errors                   0                                                                                  XXOK3880   <ETX>'

2020-12-23 23:42:32 - [TEST_STEP][PASSED] - out.println("sdfo: " + sdfo): null

2020-12-23 23:42:32 - [TEST_STEP][PASSED] - remID = substring(5, 35).trim(): null

2020-12-23 23:42:32 - [TEST_STEP][PASSED] - out.println("Remittance ID: " + remID): null

2020-12-23 23:42:32 - [TEST_STEP][PASSED] - traxID = substring(35, 55).trim(): null

2020-12-23 23:42:32 - [TEST_STEP][PASSED] - out.println("Transaction ID: " + traxID): null

2020-12-23 23:42:32 - [TEST_STEP][PASSED] - out.println("End Record Number: " + row): null

2020-12-23 23:42:32 - [TEST_STEP][PASSED] - closeBrowser(): Browser is closed

2020-12-23 23:42:32 - [MESSAGE][PASSED] - Browser is closed

2020-12-23 23:42:32 - [TEST_STEP][PASSED] - out.println("Begin Record Number: " + row): null

2020-12-23 23:42:32 - [TEST_STEP][PASSED] - today = new java.util.Date(): null

2020-12-23 23:42:32 - [TEST_STEP][PASSED] - println(today): null

2020-12-23 23:42:32 - [TEST_STEP][PASSED] - datText = today: null

2020-12-23 23:42:32 - [TEST_STEP][PASSED] - openBrowser(VLinkURL + "authcap.html"): Browser is opened with url: 'https://dev-algorithm.govolution.com/vlinktest/QA/version_2_0/authcap.html'

2020-12-23 23:42:32 - [MESSAGE][INFO] - Starting 'Chrome' driver

2020-12-23 23:42:32 - [MESSAGE][INFO] - User set preference: ['acceptInsecureCerts', 'true']

2020-12-23 23:42:32 - [MESSAGE][INFO] - Action delay is set to 0 milliseconds

2020-12-23 23:42:37 - [MESSAGE][PASSED] - Browser is opened with url: 'https://dev-algorithm.govolution.com/vlinktest/QA/version_2_0/authcap.html'

2020-12-23 23:42:37 - [TEST_STEP][PASSED] - maximizeWindow(): Current window maximized

2020-12-23 23:42:37 - [MESSAGE][PASSED] - Current window maximized

2020-12-23 23:42:37 - [TEST_STEP][PASSED] - vlinkPages.saleCCPage.setDataSCC(row, dataFile): vlinkPages.saleCCPage.setDataSCC is PASSED

2020-12-23 23:42:39 - [MESSAGE][PASSED] - Object 'Object Repository/VLink/Page_CCSale/txt_CardNumber' is present

2020-12-23 23:42:39 - [MESSAGE][PASSED] - Object 'Object Repository/VLink/Page_CCSale/txt_TransactionType' is present

2020-12-23 23:42:39 - [MESSAGE][PASSED] - Text '104' is set on object 'Object Repository/VLink/Page_CCSale/txt_TransactionType'

2020-12-23 23:42:40 - [MESSAGE][PASSED] - Object 'Object Repository/VLink/Page_CCSale/txt_MessageVersion' is present

2020-12-23 23:42:40 - [MESSAGE][PASSED] - Text '2.0C' is set on object 'Object Repository/VLink/Page_CCSale/txt_MessageVersion'

2020-12-23 23:42:41 - [MESSAGE][PASSED] - Object 'Object Repository/VLink/Page_CCSale/txt_RemID' is present

2020-12-23 23:42:41 - [MESSAGE][PASSED] - Text '7vB8PzAk3IXV' is set on object 'Object Repository/VLink/Page_CCSale/txt_RemID'

2020-12-23 23:42:41 - [MESSAGE][PASSED] - Object 'Object Repository/VLink/Page_CCSale/txt_ApplicationId' is present

2020-12-23 23:42:42 - [MESSAGE][PASSED] - Text '677' is set on object 'Object Repository/VLink/Page_CCSale/txt_ApplicationId'

2020-12-23 23:42:42 - [MESSAGE][PASSED] - Object 'Object Repository/VLink/Page_CCSale/txt_Username' is present

2020-12-23 23:42:43 - [MESSAGE][PASSED] - Text 'username' is set on object 'Object Repository/VLink/Page_CCSale/txt_Username'

2020-12-23 23:42:43 - [MESSAGE][PASSED] - Object 'Object Repository/VLink/Page_CCSale/txt_Password' is present

2020-12-23 23:42:44 - [MESSAGE][PASSED] - Text 'password' is set on object 'Object Repository/VLink/Page_CCSale/txt_Password'

2020-12-23 23:42:44 - [MESSAGE][PASSED] - Object 'Object Repository/VLink/Page_CCSale/txt_ResponseFormat' is present

2020-12-23 23:42:45 - [MESSAGE][PASSED] - Text 'fixed_width' is set on object 'Object Repository/VLink/Page_CCSale/txt_ResponseFormat'

2020-12-23 23:42:45 - [MESSAGE][PASSED] - Object 'Object Repository/VLink/Page_CCSale/txt_Category' is present

2020-12-23 23:42:45 - [MESSAGE][PASSED] - Text 'MOTO' is set on object 'Object Repository/VLink/Page_CCSale/txt_Category'

2020-12-23 23:42:46 - [MESSAGE][PASSED] - Object 'Object Repository/VLink/Page_CCSale/txt_TransactionID' is present

2020-12-23 23:42:46 - [MESSAGE][PASSED] - Text '' is set on object 'Object Repository/VLink/Page_CCSale/txt_TransactionID'

2020-12-23 23:42:47 - [MESSAGE][PASSED] - Object 'Object Repository/VLink/Page_CCSale/txt_ApprovalCode' is present

2020-12-23 23:42:47 - [MESSAGE][PASSED] - Text '' is set on object 'Object Repository/VLink/Page_CCSale/txt_ApprovalCode'

2020-12-23 23:42:48 - [MESSAGE][PASSED] - Object 'Object Repository/VLink/Page_CCSale/txt_CardName' is present

2020-12-23 23:42:48 - [MESSAGE][PASSED] - Text 'Roshan Maha' is set on object 'Object Repository/VLink/Page_CCSale/txt_CardName'

2020-12-23 23:42:49 - [MESSAGE][PASSED] - Object 'Object Repository/VLink/Page_CCSale/txt_AL1' is present

2020-12-23 23:42:49 - [MESSAGE][PASSED] - Text '12563 Bazaar road' is set on object 'Object Repository/VLink/Page_CCSale/txt_AL1'

2020-12-23 23:42:50 - [MESSAGE][PASSED] - Object 'Object Repository/VLink/Page_CCSale/txt_AL2' is present

2020-12-23 23:42:50 - [MESSAGE][PASSED] - Text '' is set on object 'Object Repository/VLink/Page_CCSale/txt_AL2'

2020-12-23 23:42:51 - [MESSAGE][PASSED] - Object 'Object Repository/VLink/Page_CCSale/txt_CardCity' is present

2020-12-23 23:42:51 - [MESSAGE][PASSED] - Text 'Crofton' is set on object 'Object Repository/VLink/Page_CCSale/txt_CardCity'

2020-12-23 23:42:52 - [MESSAGE][PASSED] - Object 'Object Repository/VLink/Page_CCSale/txt_CardState' is present

2020-12-23 23:42:52 - [MESSAGE][PASSED] - Text 'MD' is set on object 'Object Repository/VLink/Page_CCSale/txt_CardState'

2020-12-23 23:42:53 - [MESSAGE][PASSED] - Object 'Object Repository/VLink/Page_CCSale/txt_CardZIP' is present

2020-12-23 23:42:53 - [MESSAGE][PASSED] - Text '21114' is set on object 'Object Repository/VLink/Page_CCSale/txt_CardZIP'

2020-12-23 23:42:54 - [MESSAGE][PASSED] - Object 'Object Repository/VLink/Page_CCSale/txt_CountryID' is present

2020-12-23 23:42:54 - [MESSAGE][PASSED] - Text '' is set on object 'Object Repository/VLink/Page_CCSale/txt_CountryID'

2020-12-23 23:42:55 - [MESSAGE][PASSED] - Object 'Object Repository/VLink/Page_CCSale/txt_Amount' is present

2020-12-23 23:42:55 - [MESSAGE][PASSED] - Text '3.50' is set on object 'Object Repository/VLink/Page_CCSale/txt_Amount'

2020-12-23 23:42:56 - [MESSAGE][PASSED] - Object 'Object Repository/VLink/Page_CCSale/txt_CardNumber' is present

2020-12-23 23:42:56 - [MESSAGE][PASSED] - Text '4111111111111111' is set on object 'Object Repository/VLink/Page_CCSale/txt_CardNumber'

2020-12-23 23:42:57 - [MESSAGE][PASSED] - Object 'Object Repository/VLink/Page_CCSale/txt_ExpMonth' is present

2020-12-23 23:42:57 - [MESSAGE][PASSED] - Text '01' is set on object 'Object Repository/VLink/Page_CCSale/txt_ExpMonth'

2020-12-23 23:42:58 - [MESSAGE][PASSED] - Object 'Object Repository/VLink/Page_CCSale/txt_ExpYear' is present

2020-12-23 23:42:58 - [MESSAGE][PASSED] - Text '2026' is set on object 'Object Repository/VLink/Page_CCSale/txt_ExpYear'

2020-12-23 23:42:59 - [MESSAGE][PASSED] - Object 'Object Repository/VLink/Page_CCSale/txt_CVV' is present

2020-12-23 23:42:59 - [MESSAGE][PASSED] - Text '' is set on object 'Object Repository/VLink/Page_CCSale/txt_CVV'

2020-12-23 23:43:00 - [MESSAGE][PASSED] - Object 'Object Repository/VLink/Page_CCSale/txt_CVVstate' is present

2020-12-23 23:43:00 - [MESSAGE][PASSED] - Text '' is set on object 'Object Repository/VLink/Page_CCSale/txt_CVVstate'

2020-12-23 23:43:01 - [MESSAGE][PASSED] - Object 'Object Repository/VLink/Page_CCSale/txt_TrackData' is present

2020-12-23 23:43:01 - [MESSAGE][PASSED] - Text '' is set on object 'Object Repository/VLink/Page_CCSale/txt_TrackData'

2020-12-23 23:43:02 - [MESSAGE][PASSED] - Object 'Object Repository/VLink/Page_CCSale/txt_Track1Data' is present

2020-12-23 23:43:02 - [MESSAGE][PASSED] - Text '' is set on object 'Object Repository/VLink/Page_CCSale/txt_Track1Data'

2020-12-23 23:43:03 - [MESSAGE][PASSED] - Object 'Object Repository/VLink/Page_CCSale/txt_Track2Data' is present

2020-12-23 23:43:03 - [MESSAGE][PASSED] - Text '' is set on object 'Object Repository/VLink/Page_CCSale/txt_Track2Data'

2020-12-23 23:43:04 - [MESSAGE][PASSED] - Object 'Object Repository/VLink/Page_CCSale/txt_POSEntryMode' is present

2020-12-23 23:43:04 - [MESSAGE][PASSED] - Text 'manual' is set on object 'Object Repository/VLink/Page_CCSale/txt_POSEntryMode'

2020-12-23 23:43:05 - [MESSAGE][PASSED] - Object 'Object Repository/VLink/Page_CCSale/txt_Email' is present

2020-12-23 23:43:05 - [MESSAGE][PASSED] - Text '' is set on object 'Object Repository/VLink/Page_CCSale/txt_Email'

2020-12-23 23:43:06 - [MESSAGE][PASSED] - Object 'Object Repository/VLink/Page_CCSale/txt_OrderNumber' is present

2020-12-23 23:43:06 - [MESSAGE][PASSED] - Text '' is set on object 'Object Repository/VLink/Page_CCSale/txt_OrderNumber'

2020-12-23 23:43:07 - [MESSAGE][PASSED] - Object 'Object Repository/VLink/Page_CCSale/txt_TaxAmount' is present

2020-12-23 23:43:07 - [MESSAGE][PASSED] - Text '' is set on object 'Object Repository/VLink/Page_CCSale/txt_TaxAmount'

2020-12-23 23:43:07 - [MESSAGE][PASSED] - Object 'Object Repository/VLink/Page_CCSale/txt_ChargeDescription' is present

2020-12-23 23:43:08 - [MESSAGE][PASSED] - Text '' is set on object 'Object Repository/VLink/Page_CCSale/txt_ChargeDescription'

2020-12-23 23:43:08 - [MESSAGE][PASSED] - Object 'Object Repository/VLink/Page_CCSale/txt_CAN' is present

2020-12-23 23:43:09 - [MESSAGE][PASSED] - Text '' is set on object 'Object Repository/VLink/Page_CCSale/txt_CAN'

2020-12-23 23:43:09 - [MESSAGE][PASSED] - Object 'Object Repository/VLink/Page_CCSale/txt_BillPaymentIndicator' is present

2020-12-23 23:43:10 - [MESSAGE][PASSED] - Text '' is set on object 'Object Repository/VLink/Page_CCSale/txt_BillPaymentIndicator'

2020-12-23 23:43:10 - [MESSAGE][PASSED] - Object 'Object Repository/VLink/Page_CCSale/txt_UDF1' is present

2020-12-23 23:43:11 - [MESSAGE][PASSED] - Text '' is set on object 'Object Repository/VLink/Page_CCSale/txt_UDF1'

2020-12-23 23:43:11 - [MESSAGE][PASSED] - Object 'Object Repository/VLink/Page_CCSale/txt_UDF2' is present

2020-12-23 23:43:12 - [MESSAGE][PASSED] - Text '' is set on object 'Object Repository/VLink/Page_CCSale/txt_UDF2'

2020-12-23 23:43:12 - [MESSAGE][PASSED] - Object 'Object Repository/VLink/Page_CCSale/txt_UDF3' is present

2020-12-23 23:43:13 - [MESSAGE][PASSED] - Text '' is set on object 'Object Repository/VLink/Page_CCSale/txt_UDF3'

2020-12-23 23:43:13 - [MESSAGE][PASSED] - Object 'Object Repository/VLink/Page_CCSale/txt_UDF4' is present

2020-12-23 23:43:14 - [MESSAGE][PASSED] - Text '' is set on object 'Object Repository/VLink/Page_CCSale/txt_UDF4'

2020-12-23 23:43:14 - [MESSAGE][PASSED] - Object 'Object Repository/VLink/Page_CCSale/txt_UDF5' is present

2020-12-23 23:43:15 - [MESSAGE][PASSED] - Text '' is set on object 'Object Repository/VLink/Page_CCSale/txt_UDF5'

2020-12-23 23:43:15 - [MESSAGE][PASSED] - Object 'Object Repository/VLink/Page_CCSale/txt_UDF6' is present

2020-12-23 23:43:16 - [MESSAGE][PASSED] - Text '' is set on object 'Object Repository/VLink/Page_CCSale/txt_UDF6'

2020-12-23 23:43:16 - [MESSAGE][PASSED] - Object 'Object Repository/VLink/Page_CCSale/txt_UDF7' is present

2020-12-23 23:43:17 - [MESSAGE][PASSED] - Text '' is set on object 'Object Repository/VLink/Page_CCSale/txt_UDF7'

2020-12-23 23:43:17 - [MESSAGE][PASSED] - Object 'Object Repository/VLink/Page_CCSale/txt_UDF8' is present

2020-12-23 23:43:18 - [MESSAGE][PASSED] - Text '' is set on object 'Object Repository/VLink/Page_CCSale/txt_UDF8'

2020-12-23 23:43:18 - [MESSAGE][PASSED] - Object 'Object Repository/VLink/Page_CCSale/txt_UDF9' is present

2020-12-23 23:43:19 - [MESSAGE][PASSED] - Text '' is set on object 'Object Repository/VLink/Page_CCSale/txt_UDF9'

2020-12-23 23:43:19 - [MESSAGE][PASSED] - Object 'Object Repository/VLink/Page_CCSale/txt_UDF10' is present

2020-12-23 23:43:20 - [MESSAGE][PASSED] - Text '' is set on object 'Object Repository/VLink/Page_CCSale/txt_UDF10'

2020-12-23 23:43:20 - [MESSAGE][PASSED] - Object 'Object Repository/VLink/Page_CCSale/txt_CardOnFileIndicator' is present

2020-12-23 23:43:21 - [MESSAGE][PASSED] - Text '' is set on object 'Object Repository/VLink/Page_CCSale/txt_CardOnFileIndicator'

2020-12-23 23:43:21 - [MESSAGE][PASSED] - Object 'Object Repository/VLink/Page_CCSale/txt_StoredCredentialIndicator' is present

2020-12-23 23:43:22 - [MESSAGE][PASSED] - Text '' is set on object 'Object Repository/VLink/Page_CCSale/txt_StoredCredentialIndicator'

2020-12-23 23:43:22 - [MESSAGE][PASSED] - Object 'Object Repository/VLink/Page_CCSale/txt_COFScheduledIndicator' is present

2020-12-23 23:43:23 - [MESSAGE][PASSED] - Text '' is set on object 'Object Repository/VLink/Page_CCSale/txt_COFScheduledIndicator'

2020-12-23 23:43:23 - [MESSAGE][PASSED] - Object 'Object Repository/VLink/Page_CCSale/txt_COFTransactionInitiatedBy' is present

2020-12-23 23:43:24 - [MESSAGE][PASSED] - Text '' is set on object 'Object Repository/VLink/Page_CCSale/txt_COFTransactionInitiatedBy'

2020-12-23 23:43:26 - [MESSAGE][PASSED] - Object: 'Object Repository/VLink/Page_CCSale/btn_ProcessVLinkTransaction' is clicked on

2020-12-23 23:43:31 - [MESSAGE][PASSED] - vlinkPages.saleCCPage.setDataSCC is PASSED

2020-12-23 23:43:31 - [TEST_STEP][PASSED] - if (verifyTextPresent("Transaction approved, no errors", true)): null

2020-12-23 23:43:32 - [MESSAGE][PASSED] - Text 'Transaction approved, no errors' is present on page  using regular expression

2020-12-23 23:43:32 - [TEST_STEP][PASSED] - println("Transaction Approved, no errors text is present on the Confirmation page"): null

2020-12-23 23:43:32 - [TEST_STEP][PASSED] - out.println("Pass Record Number: " + row): null

2020-12-23 23:43:32 - [TEST_STEP][PASSED] - resText = "Pass": null

2020-12-23 23:43:32 - [TEST_STEP][PASSED] - pages.WriteExcel.demoKey(resText, datText, resColumn, datCloumn, fileLoc, nameSheet, row): pages.WriteExcel.demoKey is PASSED

2020-12-23 23:43:32 - [MESSAGE][PASSED] - pages.WriteExcel.demoKey is PASSED

2020-12-23 23:43:32 - [TEST_STEP][PASSED] - sdfo = getText(findTestObject("Object Repository/Page_VLinkReceipt/pre_STX")): Text of object 'Object Repository/Page_VLinkReceipt/pre_STX' is: '<STX>7vB8PzAk3IXV                  12088059            0  Transaction approved, no errors                   0                                                                                  XXOK3890   <ETX>'

2020-12-23 23:43:32 - [MESSAGE][PASSED] - Text of object 'Object Repository/Page_VLinkReceipt/pre_STX' is: '<STX>7vB8PzAk3IXV                  12088059            0  Transaction approved, no errors                   0                                                                                  XXOK3890   <ETX>'

2020-12-23 23:43:32 - [TEST_STEP][PASSED] - out.println("sdfo: " + sdfo): null

2020-12-23 23:43:32 - [TEST_STEP][PASSED] - remID = substring(5, 35).trim(): null

2020-12-23 23:43:32 - [TEST_STEP][PASSED] - out.println("Remittance ID: " + remID): null

2020-12-23 23:43:32 - [TEST_STEP][PASSED] - traxID = substring(35, 55).trim(): null

2020-12-23 23:43:32 - [TEST_STEP][PASSED] - out.println("Transaction ID: " + traxID): null

2020-12-23 23:43:32 - [TEST_STEP][PASSED] - out.println("End Record Number: " + row): null

2020-12-23 23:43:32 - [TEST_STEP][PASSED] - closeBrowser(): Browser is closed

2020-12-23 23:43:33 - [MESSAGE][PASSED] - Browser is closed

2020-12-23 23:43:33 - [TEST_STEP][PASSED] - out.println("Begin Record Number: " + row): null

2020-12-23 23:43:33 - [TEST_STEP][PASSED] - today = new java.util.Date(): null

2020-12-23 23:43:33 - [TEST_STEP][PASSED] - println(today): null

2020-12-23 23:43:33 - [TEST_STEP][PASSED] - datText = today: null

2020-12-23 23:43:33 - [TEST_STEP][PASSED] - openBrowser(VLinkURL + "authcap.html"): Browser is opened with url: 'https://dev-algorithm.govolution.com/vlinktest/QA/version_2_0/authcap.html'

2020-12-23 23:43:33 - [MESSAGE][INFO] - Starting 'Chrome' driver

2020-12-23 23:43:33 - [MESSAGE][INFO] - User set preference: ['acceptInsecureCerts', 'true']

2020-12-23 23:43:33 - [MESSAGE][INFO] - Action delay is set to 0 milliseconds

2020-12-23 23:43:36 - [MESSAGE][PASSED] - Browser is opened with url: 'https://dev-algorithm.govolution.com/vlinktest/QA/version_2_0/authcap.html'

2020-12-23 23:43:36 - [TEST_STEP][PASSED] - maximizeWindow(): Current window maximized

2020-12-23 23:43:37 - [MESSAGE][PASSED] - Current window maximized

2020-12-23 23:43:37 - [TEST_STEP][PASSED] - vlinkPages.saleCCPage.setDataSCC(row, dataFile): vlinkPages.saleCCPage.setDataSCC is PASSED

2020-12-23 23:43:38 - [MESSAGE][PASSED] - Object 'Object Repository/VLink/Page_CCSale/txt_CardNumber' is present

2020-12-23 23:43:39 - [MESSAGE][PASSED] - Object 'Object Repository/VLink/Page_CCSale/txt_TransactionType' is present

2020-12-23 23:43:39 - [MESSAGE][PASSED] - Text '104' is set on object 'Object Repository/VLink/Page_CCSale/txt_TransactionType'

2020-12-23 23:43:40 - [MESSAGE][PASSED] - Object 'Object Repository/VLink/Page_CCSale/txt_MessageVersion' is present

2020-12-23 23:43:40 - [MESSAGE][PASSED] - Text '2.0C' is set on object 'Object Repository/VLink/Page_CCSale/txt_MessageVersion'

2020-12-23 23:43:41 - [MESSAGE][PASSED] - Object 'Object Repository/VLink/Page_CCSale/txt_RemID' is present

2020-12-23 23:43:41 - [MESSAGE][PASSED] - Text 'ieTjYkwvFBVF' is set on object 'Object Repository/VLink/Page_CCSale/txt_RemID'

2020-12-23 23:43:42 - [MESSAGE][PASSED] - Object 'Object Repository/VLink/Page_CCSale/txt_ApplicationId' is present

2020-12-23 23:43:42 - [MESSAGE][PASSED] - Text '665' is set on object 'Object Repository/VLink/Page_CCSale/txt_ApplicationId'

2020-12-23 23:43:42 - [MESSAGE][PASSED] - Object 'Object Repository/VLink/Page_CCSale/txt_Username' is present

2020-12-23 23:43:43 - [MESSAGE][PASSED] - Text 'username' is set on object 'Object Repository/VLink/Page_CCSale/txt_Username'

2020-12-23 23:43:43 - [MESSAGE][PASSED] - Object 'Object Repository/VLink/Page_CCSale/txt_Password' is present

2020-12-23 23:43:44 - [MESSAGE][PASSED] - Text 'password' is set on object 'Object Repository/VLink/Page_CCSale/txt_Password'

2020-12-23 23:43:44 - [MESSAGE][PASSED] - Object 'Object Repository/VLink/Page_CCSale/txt_ResponseFormat' is present

2020-12-23 23:43:45 - [MESSAGE][PASSED] - Text 'fixed_width' is set on object 'Object Repository/VLink/Page_CCSale/txt_ResponseFormat'

2020-12-23 23:43:45 - [MESSAGE][PASSED] - Object 'Object Repository/VLink/Page_CCSale/txt_Category' is present

2020-12-23 23:43:46 - [MESSAGE][PASSED] - Text 'MOTO' is set on object 'Object Repository/VLink/Page_CCSale/txt_Category'

2020-12-23 23:43:46 - [MESSAGE][PASSED] - Object 'Object Repository/VLink/Page_CCSale/txt_TransactionID' is present

2020-12-23 23:43:47 - [MESSAGE][PASSED] - Text '' is set on object 'Object Repository/VLink/Page_CCSale/txt_TransactionID'

2020-12-23 23:43:47 - [MESSAGE][PASSED] - Object 'Object Repository/VLink/Page_CCSale/txt_ApprovalCode' is present

2020-12-23 23:43:47 - [MESSAGE][PASSED] - Text '' is set on object 'Object Repository/VLink/Page_CCSale/txt_ApprovalCode'

2020-12-23 23:43:48 - [MESSAGE][PASSED] - Object 'Object Repository/VLink/Page_CCSale/txt_CardName' is present

2020-12-23 23:43:48 - [MESSAGE][PASSED] - Text 'Kris Roshan' is set on object 'Object Repository/VLink/Page_CCSale/txt_CardName'

2020-12-23 23:43:49 - [MESSAGE][PASSED] - Object 'Object Repository/VLink/Page_CCSale/txt_AL1' is present

2020-12-23 23:43:49 - [MESSAGE][PASSED] - Text '258 Elm Road' is set on object 'Object Repository/VLink/Page_CCSale/txt_AL1'

2020-12-23 23:43:49 - [MESSAGE][PASSED] - Object 'Object Repository/VLink/Page_CCSale/txt_AL2' is present

2020-12-23 23:43:50 - [MESSAGE][PASSED] - Text 'Suite 56' is set on object 'Object Repository/VLink/Page_CCSale/txt_AL2'

2020-12-23 23:43:50 - [MESSAGE][PASSED] - Object 'Object Repository/VLink/Page_CCSale/txt_CardCity' is present

2020-12-23 23:43:51 - [MESSAGE][PASSED] - Text 'Arlington' is set on object 'Object Repository/VLink/Page_CCSale/txt_CardCity'

2020-12-23 23:43:51 - [MESSAGE][PASSED] - Object 'Object Repository/VLink/Page_CCSale/txt_CardState' is present

2020-12-23 23:43:52 - [MESSAGE][PASSED] - Text 'VA' is set on object 'Object Repository/VLink/Page_CCSale/txt_CardState'

2020-12-23 23:43:52 - [MESSAGE][PASSED] - Object 'Object Repository/VLink/Page_CCSale/txt_CardZIP' is present

2020-12-23 23:43:53 - [MESSAGE][PASSED] - Text '22201' is set on object 'Object Repository/VLink/Page_CCSale/txt_CardZIP'

2020-12-23 23:43:53 - [MESSAGE][PASSED] - Object 'Object Repository/VLink/Page_CCSale/txt_CountryID' is present

2020-12-23 23:43:54 - [MESSAGE][PASSED] - Text '840' is set on object 'Object Repository/VLink/Page_CCSale/txt_CountryID'

2020-12-23 23:43:54 - [MESSAGE][PASSED] - Object 'Object Repository/VLink/Page_CCSale/txt_Amount' is present

2020-12-23 23:43:55 - [MESSAGE][PASSED] - Text '1.50' is set on object 'Object Repository/VLink/Page_CCSale/txt_Amount'

2020-12-23 23:43:55 - [MESSAGE][PASSED] - Object 'Object Repository/VLink/Page_CCSale/txt_CardNumber' is present

2020-12-23 23:43:56 - [MESSAGE][PASSED] - Text '5424000000000015' is set on object 'Object Repository/VLink/Page_CCSale/txt_CardNumber'

2020-12-23 23:43:56 - [MESSAGE][PASSED] - Object 'Object Repository/VLink/Page_CCSale/txt_ExpMonth' is present

2020-12-23 23:43:57 - [MESSAGE][PASSED] - Text '12' is set on object 'Object Repository/VLink/Page_CCSale/txt_ExpMonth'

2020-12-23 23:43:57 - [MESSAGE][PASSED] - Object 'Object Repository/VLink/Page_CCSale/txt_ExpYear' is present

2020-12-23 23:43:58 - [MESSAGE][PASSED] - Text '2025' is set on object 'Object Repository/VLink/Page_CCSale/txt_ExpYear'

2020-12-23 23:43:58 - [MESSAGE][PASSED] - Object 'Object Repository/VLink/Page_CCSale/txt_CVV' is present

2020-12-23 23:43:59 - [MESSAGE][PASSED] - Text '' is set on object 'Object Repository/VLink/Page_CCSale/txt_CVV'

2020-12-23 23:43:59 - [MESSAGE][PASSED] - Object 'Object Repository/VLink/Page_CCSale/txt_CVVstate' is present

2020-12-23 23:44:00 - [MESSAGE][PASSED] - Text '' is set on object 'Object Repository/VLink/Page_CCSale/txt_CVVstate'

2020-12-23 23:44:00 - [MESSAGE][PASSED] - Object 'Object Repository/VLink/Page_CCSale/txt_TrackData' is present

2020-12-23 23:44:01 - [MESSAGE][PASSED] - Text '' is set on object 'Object Repository/VLink/Page_CCSale/txt_TrackData'

2020-12-23 23:44:01 - [MESSAGE][PASSED] - Object 'Object Repository/VLink/Page_CCSale/txt_Track1Data' is present

2020-12-23 23:44:02 - [MESSAGE][PASSED] - Text '' is set on object 'Object Repository/VLink/Page_CCSale/txt_Track1Data'

2020-12-23 23:44:02 - [MESSAGE][PASSED] - Object 'Object Repository/VLink/Page_CCSale/txt_Track2Data' is present

2020-12-23 23:44:03 - [MESSAGE][PASSED] - Text '' is set on object 'Object Repository/VLink/Page_CCSale/txt_Track2Data'

2020-12-23 23:44:03 - [MESSAGE][PASSED] - Object 'Object Repository/VLink/Page_CCSale/txt_POSEntryMode' is present

2020-12-23 23:44:04 - [MESSAGE][PASSED] - Text 'manual' is set on object 'Object Repository/VLink/Page_CCSale/txt_POSEntryMode'

2020-12-23 23:44:04 - [MESSAGE][PASSED] - Object 'Object Repository/VLink/Page_CCSale/txt_Email' is present

2020-12-23 23:44:05 - [MESSAGE][PASSED] - Text 'iahmed@govolution.com' is set on object 'Object Repository/VLink/Page_CCSale/txt_Email'

2020-12-23 23:44:05 - [MESSAGE][PASSED] - Object 'Object Repository/VLink/Page_CCSale/txt_OrderNumber' is present

2020-12-23 23:44:06 - [MESSAGE][PASSED] - Text '2569362' is set on object 'Object Repository/VLink/Page_CCSale/txt_OrderNumber'

2020-12-23 23:44:06 - [MESSAGE][PASSED] - Object 'Object Repository/VLink/Page_CCSale/txt_TaxAmount' is present

2020-12-23 23:44:07 - [MESSAGE][PASSED] - Text '1.15' is set on object 'Object Repository/VLink/Page_CCSale/txt_TaxAmount'

2020-12-23 23:44:07 - [MESSAGE][PASSED] - Object 'Object Repository/VLink/Page_CCSale/txt_ChargeDescription' is present

2020-12-23 23:44:08 - [MESSAGE][PASSED] - Text 'Charge Description' is set on object 'Object Repository/VLink/Page_CCSale/txt_ChargeDescription'

2020-12-23 23:44:08 - [MESSAGE][PASSED] - Object 'Object Repository/VLink/Page_CCSale/txt_CAN' is present

2020-12-23 23:44:09 - [MESSAGE][PASSED] - Text '147357' is set on object 'Object Repository/VLink/Page_CCSale/txt_CAN'

2020-12-23 23:44:09 - [MESSAGE][PASSED] - Object 'Object Repository/VLink/Page_CCSale/txt_BillPaymentIndicator' is present

2020-12-23 23:44:10 - [MESSAGE][PASSED] - Text '1' is set on object 'Object Repository/VLink/Page_CCSale/txt_BillPaymentIndicator'

2020-12-23 23:44:10 - [MESSAGE][PASSED] - Object 'Object Repository/VLink/Page_CCSale/txt_UDF1' is present

2020-12-23 23:44:11 - [MESSAGE][PASSED] - Text 'UDF Data 1' is set on object 'Object Repository/VLink/Page_CCSale/txt_UDF1'

2020-12-23 23:44:11 - [MESSAGE][PASSED] - Object 'Object Repository/VLink/Page_CCSale/txt_UDF2' is present

2020-12-23 23:44:12 - [MESSAGE][PASSED] - Text 'UDF Data 2' is set on object 'Object Repository/VLink/Page_CCSale/txt_UDF2'

2020-12-23 23:44:12 - [MESSAGE][PASSED] - Object 'Object Repository/VLink/Page_CCSale/txt_UDF3' is present

2020-12-23 23:44:13 - [MESSAGE][PASSED] - Text 'UDF Data 3' is set on object 'Object Repository/VLink/Page_CCSale/txt_UDF3'

2020-12-23 23:44:13 - [MESSAGE][PASSED] - Object 'Object Repository/VLink/Page_CCSale/txt_UDF4' is present

2020-12-23 23:44:14 - [MESSAGE][PASSED] - Text 'UDF Data 4' is set on object 'Object Repository/VLink/Page_CCSale/txt_UDF4'

2020-12-23 23:44:14 - [MESSAGE][PASSED] - Object 'Object Repository/VLink/Page_CCSale/txt_UDF5' is present

2020-12-23 23:44:15 - [MESSAGE][PASSED] - Text 'UDF Data 5' is set on object 'Object Repository/VLink/Page_CCSale/txt_UDF5'

2020-12-23 23:44:15 - [MESSAGE][PASSED] - Object 'Object Repository/VLink/Page_CCSale/txt_UDF6' is present

2020-12-23 23:44:16 - [MESSAGE][PASSED] - Text 'UDF Data 6' is set on object 'Object Repository/VLink/Page_CCSale/txt_UDF6'

2020-12-23 23:44:16 - [MESSAGE][PASSED] - Object 'Object Repository/VLink/Page_CCSale/txt_UDF7' is present

2020-12-23 23:44:17 - [MESSAGE][PASSED] - Text 'UDF Data 7' is set on object 'Object Repository/VLink/Page_CCSale/txt_UDF7'

2020-12-23 23:44:17 - [MESSAGE][PASSED] - Object 'Object Repository/VLink/Page_CCSale/txt_UDF8' is present

2020-12-23 23:44:18 - [MESSAGE][PASSED] - Text 'UDF Data 8' is set on object 'Object Repository/VLink/Page_CCSale/txt_UDF8'

2020-12-23 23:44:18 - [MESSAGE][PASSED] - Object 'Object Repository/VLink/Page_CCSale/txt_UDF9' is present

2020-12-23 23:44:19 - [MESSAGE][PASSED] - Text 'UDF Data 9' is set on object 'Object Repository/VLink/Page_CCSale/txt_UDF9'

2020-12-23 23:44:19 - [MESSAGE][PASSED] - Object 'Object Repository/VLink/Page_CCSale/txt_UDF10' is present

2020-12-23 23:44:19 - [MESSAGE][PASSED] - Text 'UDF Data 10' is set on object 'Object Repository/VLink/Page_CCSale/txt_UDF10'

2020-12-23 23:44:20 - [MESSAGE][PASSED] - Object 'Object Repository/VLink/Page_CCSale/txt_CardOnFileIndicator' is present

2020-12-23 23:44:20 - [MESSAGE][PASSED] - Text '' is set on object 'Object Repository/VLink/Page_CCSale/txt_CardOnFileIndicator'

2020-12-23 23:44:21 - [MESSAGE][PASSED] - Object 'Object Repository/VLink/Page_CCSale/txt_StoredCredentialIndicator' is present

2020-12-23 23:44:21 - [MESSAGE][PASSED] - Text '' is set on object 'Object Repository/VLink/Page_CCSale/txt_StoredCredentialIndicator'

2020-12-23 23:44:22 - [MESSAGE][PASSED] - Object 'Object Repository/VLink/Page_CCSale/txt_COFScheduledIndicator' is present

2020-12-23 23:44:22 - [MESSAGE][PASSED] - Text '' is set on object 'Object Repository/VLink/Page_CCSale/txt_COFScheduledIndicator'

2020-12-23 23:44:23 - [MESSAGE][PASSED] - Object 'Object Repository/VLink/Page_CCSale/txt_COFTransactionInitiatedBy' is present

2020-12-23 23:44:23 - [MESSAGE][PASSED] - Text '' is set on object 'Object Repository/VLink/Page_CCSale/txt_COFTransactionInitiatedBy'

2020-12-23 23:44:26 - [MESSAGE][PASSED] - Object: 'Object Repository/VLink/Page_CCSale/btn_ProcessVLinkTransaction' is clicked on

2020-12-23 23:44:31 - [MESSAGE][PASSED] - vlinkPages.saleCCPage.setDataSCC is PASSED

2020-12-23 23:44:31 - [TEST_STEP][PASSED] - if (verifyTextPresent("Transaction approved, no errors", true)): null

2020-12-23 23:44:31 - [MESSAGE][PASSED] - Text 'Transaction approved, no errors' is present on page  using regular expression

2020-12-23 23:44:31 - [TEST_STEP][PASSED] - println("Transaction Approved, no errors text is present on the Confirmation page"): null

2020-12-23 23:44:31 - [TEST_STEP][PASSED] - out.println("Pass Record Number: " + row): null

2020-12-23 23:44:31 - [TEST_STEP][PASSED] - resText = "Pass": null

2020-12-23 23:44:31 - [TEST_STEP][PASSED] - pages.WriteExcel.demoKey(resText, datText, resColumn, datCloumn, fileLoc, nameSheet, row): pages.WriteExcel.demoKey is PASSED

2020-12-23 23:44:32 - [MESSAGE][PASSED] - pages.WriteExcel.demoKey is PASSED

2020-12-23 23:44:32 - [TEST_STEP][PASSED] - sdfo = getText(findTestObject("Object Repository/Page_VLinkReceipt/pre_STX")): Text of object 'Object Repository/Page_VLinkReceipt/pre_STX' is: '<STX>ieTjYkwvFBVF                  12088061            0  Transaction approved, no errors                   0                                                                                  XXOK3900   <ETX>'

2020-12-23 23:44:32 - [MESSAGE][PASSED] - Text of object 'Object Repository/Page_VLinkReceipt/pre_STX' is: '<STX>ieTjYkwvFBVF                  12088061            0  Transaction approved, no errors                   0                                                                                  XXOK3900   <ETX>'

2020-12-23 23:44:32 - [TEST_STEP][PASSED] - out.println("sdfo: " + sdfo): null

2020-12-23 23:44:32 - [TEST_STEP][PASSED] - remID = substring(5, 35).trim(): null

2020-12-23 23:44:32 - [TEST_STEP][PASSED] - out.println("Remittance ID: " + remID): null

2020-12-23 23:44:32 - [TEST_STEP][PASSED] - traxID = substring(35, 55).trim(): null

2020-12-23 23:44:32 - [TEST_STEP][PASSED] - out.println("Transaction ID: " + traxID): null

2020-12-23 23:44:32 - [TEST_STEP][PASSED] - out.println("End Record Number: " + row): null

2020-12-23 23:44:32 - [TEST_STEP][PASSED] - closeBrowser(): Browser is closed

2020-12-23 23:44:33 - [MESSAGE][PASSED] - Browser is closed

2020-12-23 23:44:33 - [TEST_STEP][PASSED] - out.println("Begin Record Number: " + row): null

2020-12-23 23:44:33 - [TEST_STEP][PASSED] - today = new java.util.Date(): null

2020-12-23 23:44:33 - [TEST_STEP][PASSED] - println(today): null

2020-12-23 23:44:33 - [TEST_STEP][PASSED] - datText = today: null

2020-12-23 23:44:33 - [TEST_STEP][PASSED] - openBrowser(VLinkURL + "authcap.html"): Browser is opened with url: 'https://dev-algorithm.govolution.com/vlinktest/QA/version_2_0/authcap.html'

2020-12-23 23:44:33 - [MESSAGE][INFO] - Starting 'Chrome' driver

2020-12-23 23:44:33 - [MESSAGE][INFO] - User set preference: ['acceptInsecureCerts', 'true']

2020-12-23 23:44:33 - [MESSAGE][INFO] - Action delay is set to 0 milliseconds

2020-12-23 23:44:37 - [MESSAGE][PASSED] - Browser is opened with url: 'https://dev-algorithm.govolution.com/vlinktest/QA/version_2_0/authcap.html'

2020-12-23 23:44:37 - [TEST_STEP][PASSED] - maximizeWindow(): Current window maximized

2020-12-23 23:44:37 - [MESSAGE][PASSED] - Current window maximized

2020-12-23 23:44:37 - [TEST_STEP][PASSED] - vlinkPages.saleCCPage.setDataSCC(row, dataFile): vlinkPages.saleCCPage.setDataSCC is PASSED

2020-12-23 23:44:39 - [MESSAGE][PASSED] - Object 'Object Repository/VLink/Page_CCSale/txt_CardNumber' is present

2020-12-23 23:44:39 - [MESSAGE][PASSED] - Object 'Object Repository/VLink/Page_CCSale/txt_TransactionType' is present

2020-12-23 23:44:40 - [MESSAGE][PASSED] - Text '104' is set on object 'Object Repository/VLink/Page_CCSale/txt_TransactionType'

2020-12-23 23:44:40 - [MESSAGE][PASSED] - Object 'Object Repository/VLink/Page_CCSale/txt_MessageVersion' is present

2020-12-23 23:44:41 - [MESSAGE][PASSED] - Text '2.0C' is set on object 'Object Repository/VLink/Page_CCSale/txt_MessageVersion'

2020-12-23 23:44:41 - [MESSAGE][PASSED] - Object 'Object Repository/VLink/Page_CCSale/txt_RemID' is present

2020-12-23 23:44:42 - [MESSAGE][PASSED] - Text 'w5hBklQRyPA8' is set on object 'Object Repository/VLink/Page_CCSale/txt_RemID'

2020-12-23 23:44:42 - [MESSAGE][PASSED] - Object 'Object Repository/VLink/Page_CCSale/txt_ApplicationId' is present

2020-12-23 23:44:43 - [MESSAGE][PASSED] - Text '672' is set on object 'Object Repository/VLink/Page_CCSale/txt_ApplicationId'

2020-12-23 23:44:43 - [MESSAGE][PASSED] - Object 'Object Repository/VLink/Page_CCSale/txt_Username' is present

2020-12-23 23:44:44 - [MESSAGE][PASSED] - Text 'username' is set on object 'Object Repository/VLink/Page_CCSale/txt_Username'

2020-12-23 23:44:44 - [MESSAGE][PASSED] - Object 'Object Repository/VLink/Page_CCSale/txt_Password' is present

2020-12-23 23:44:44 - [MESSAGE][PASSED] - Text 'password' is set on object 'Object Repository/VLink/Page_CCSale/txt_Password'

2020-12-23 23:44:45 - [MESSAGE][PASSED] - Object 'Object Repository/VLink/Page_CCSale/txt_ResponseFormat' is present

2020-12-23 23:44:45 - [MESSAGE][PASSED] - Text 'fixed_width' is set on object 'Object Repository/VLink/Page_CCSale/txt_ResponseFormat'

2020-12-23 23:44:46 - [MESSAGE][PASSED] - Object 'Object Repository/VLink/Page_CCSale/txt_Category' is present

2020-12-23 23:44:46 - [MESSAGE][PASSED] - Text 'MOTO' is set on object 'Object Repository/VLink/Page_CCSale/txt_Category'

2020-12-23 23:44:46 - [MESSAGE][PASSED] - Object 'Object Repository/VLink/Page_CCSale/txt_TransactionID' is present

2020-12-23 23:44:47 - [MESSAGE][PASSED] - Text '' is set on object 'Object Repository/VLink/Page_CCSale/txt_TransactionID'

2020-12-23 23:44:47 - [MESSAGE][PASSED] - Object 'Object Repository/VLink/Page_CCSale/txt_ApprovalCode' is present

2020-12-23 23:44:48 - [MESSAGE][PASSED] - Text '' is set on object 'Object Repository/VLink/Page_CCSale/txt_ApprovalCode'

2020-12-23 23:44:48 - [MESSAGE][PASSED] - Object 'Object Repository/VLink/Page_CCSale/txt_CardName' is present

2020-12-23 23:44:49 - [MESSAGE][PASSED] - Text 'Arvind Silva' is set on object 'Object Repository/VLink/Page_CCSale/txt_CardName'

2020-12-23 23:44:49 - [MESSAGE][PASSED] - Object 'Object Repository/VLink/Page_CCSale/txt_AL1' is present

2020-12-23 23:44:50 - [MESSAGE][PASSED] - Text '111 Main Ave' is set on object 'Object Repository/VLink/Page_CCSale/txt_AL1'

2020-12-23 23:44:50 - [MESSAGE][PASSED] - Object 'Object Repository/VLink/Page_CCSale/txt_AL2' is present

2020-12-23 23:44:51 - [MESSAGE][PASSED] - Text '' is set on object 'Object Repository/VLink/Page_CCSale/txt_AL2'

2020-12-23 23:44:51 - [MESSAGE][PASSED] - Object 'Object Repository/VLink/Page_CCSale/txt_CardCity' is present

2020-12-23 23:44:51 - [MESSAGE][PASSED] - Text 'Arlington' is set on object 'Object Repository/VLink/Page_CCSale/txt_CardCity'

2020-12-23 23:44:52 - [MESSAGE][PASSED] - Object 'Object Repository/VLink/Page_CCSale/txt_CardState' is present

2020-12-23 23:44:52 - [MESSAGE][PASSED] - Text 'VA' is set on object 'Object Repository/VLink/Page_CCSale/txt_CardState'

2020-12-23 23:44:53 - [MESSAGE][PASSED] - Object 'Object Repository/VLink/Page_CCSale/txt_CardZIP' is present

2020-12-23 23:44:53 - [MESSAGE][PASSED] - Text '22201' is set on object 'Object Repository/VLink/Page_CCSale/txt_CardZIP'

2020-12-23 23:44:54 - [MESSAGE][PASSED] - Object 'Object Repository/VLink/Page_CCSale/txt_CountryID' is present

2020-12-23 23:44:54 - [MESSAGE][PASSED] - Text '' is set on object 'Object Repository/VLink/Page_CCSale/txt_CountryID'

2020-12-23 23:44:55 - [MESSAGE][PASSED] - Object 'Object Repository/VLink/Page_CCSale/txt_Amount' is present

2020-12-23 23:44:55 - [MESSAGE][PASSED] - Text '2.50' is set on object 'Object Repository/VLink/Page_CCSale/txt_Amount'

2020-12-23 23:44:56 - [MESSAGE][PASSED] - Object 'Object Repository/VLink/Page_CCSale/txt_CardNumber' is present

2020-12-23 23:44:56 - [MESSAGE][PASSED] - Text '5424000000000015' is set on object 'Object Repository/VLink/Page_CCSale/txt_CardNumber'

2020-12-23 23:44:57 - [MESSAGE][PASSED] - Object 'Object Repository/VLink/Page_CCSale/txt_ExpMonth' is present

2020-12-23 23:44:57 - [MESSAGE][PASSED] - Text '01' is set on object 'Object Repository/VLink/Page_CCSale/txt_ExpMonth'

2020-12-23 23:44:58 - [MESSAGE][PASSED] - Object 'Object Repository/VLink/Page_CCSale/txt_ExpYear' is present

2020-12-23 23:44:58 - [MESSAGE][PASSED] - Text '2026' is set on object 'Object Repository/VLink/Page_CCSale/txt_ExpYear'

2020-12-23 23:44:59 - [MESSAGE][PASSED] - Object 'Object Repository/VLink/Page_CCSale/txt_CVV' is present

2020-12-23 23:44:59 - [MESSAGE][PASSED] - Text '' is set on object 'Object Repository/VLink/Page_CCSale/txt_CVV'

2020-12-23 23:45:00 - [MESSAGE][PASSED] - Object 'Object Repository/VLink/Page_CCSale/txt_CVVstate' is present

2020-12-23 23:45:00 - [MESSAGE][PASSED] - Text '' is set on object 'Object Repository/VLink/Page_CCSale/txt_CVVstate'

2020-12-23 23:45:01 - [MESSAGE][PASSED] - Object 'Object Repository/VLink/Page_CCSale/txt_TrackData' is present

2020-12-23 23:45:01 - [MESSAGE][PASSED] - Text '' is set on object 'Object Repository/VLink/Page_CCSale/txt_TrackData'

2020-12-23 23:45:01 - [MESSAGE][PASSED] - Object 'Object Repository/VLink/Page_CCSale/txt_Track1Data' is present

2020-12-23 23:45:02 - [MESSAGE][PASSED] - Text '' is set on object 'Object Repository/VLink/Page_CCSale/txt_Track1Data'

2020-12-23 23:45:02 - [MESSAGE][PASSED] - Object 'Object Repository/VLink/Page_CCSale/txt_Track2Data' is present

2020-12-23 23:45:03 - [MESSAGE][PASSED] - Text '' is set on object 'Object Repository/VLink/Page_CCSale/txt_Track2Data'

2020-12-23 23:45:03 - [MESSAGE][PASSED] - Object 'Object Repository/VLink/Page_CCSale/txt_POSEntryMode' is present

2020-12-23 23:45:04 - [MESSAGE][PASSED] - Text 'manual' is set on object 'Object Repository/VLink/Page_CCSale/txt_POSEntryMode'

2020-12-23 23:45:04 - [MESSAGE][PASSED] - Object 'Object Repository/VLink/Page_CCSale/txt_Email' is present

2020-12-23 23:45:05 - [MESSAGE][PASSED] - Text '' is set on object 'Object Repository/VLink/Page_CCSale/txt_Email'

2020-12-23 23:45:05 - [MESSAGE][PASSED] - Object 'Object Repository/VLink/Page_CCSale/txt_OrderNumber' is present

2020-12-23 23:45:06 - [MESSAGE][PASSED] - Text '' is set on object 'Object Repository/VLink/Page_CCSale/txt_OrderNumber'

2020-12-23 23:45:06 - [MESSAGE][PASSED] - Object 'Object Repository/VLink/Page_CCSale/txt_TaxAmount' is present

2020-12-23 23:45:07 - [MESSAGE][PASSED] - Text '' is set on object 'Object Repository/VLink/Page_CCSale/txt_TaxAmount'

2020-12-23 23:45:07 - [MESSAGE][PASSED] - Object 'Object Repository/VLink/Page_CCSale/txt_ChargeDescription' is present

2020-12-23 23:45:08 - [MESSAGE][PASSED] - Text '' is set on object 'Object Repository/VLink/Page_CCSale/txt_ChargeDescription'

2020-12-23 23:45:08 - [MESSAGE][PASSED] - Object 'Object Repository/VLink/Page_CCSale/txt_CAN' is present

2020-12-23 23:45:09 - [MESSAGE][PASSED] - Text '' is set on object 'Object Repository/VLink/Page_CCSale/txt_CAN'

2020-12-23 23:45:09 - [MESSAGE][PASSED] - Object 'Object Repository/VLink/Page_CCSale/txt_BillPaymentIndicator' is present

2020-12-23 23:45:10 - [MESSAGE][PASSED] - Text '' is set on object 'Object Repository/VLink/Page_CCSale/txt_BillPaymentIndicator'

2020-12-23 23:45:10 - [MESSAGE][PASSED] - Object 'Object Repository/VLink/Page_CCSale/txt_UDF1' is present

2020-12-23 23:45:11 - [MESSAGE][PASSED] - Text '' is set on object 'Object Repository/VLink/Page_CCSale/txt_UDF1'

2020-12-23 23:45:11 - [MESSAGE][PASSED] - Object 'Object Repository/VLink/Page_CCSale/txt_UDF2' is present

2020-12-23 23:45:12 - [MESSAGE][PASSED] - Text '' is set on object 'Object Repository/VLink/Page_CCSale/txt_UDF2'

2020-12-23 23:45:12 - [MESSAGE][PASSED] - Object 'Object Repository/VLink/Page_CCSale/txt_UDF3' is present

2020-12-23 23:45:13 - [MESSAGE][PASSED] - Text '' is set on object 'Object Repository/VLink/Page_CCSale/txt_UDF3'

2020-12-23 23:45:13 - [MESSAGE][PASSED] - Object 'Object Repository/VLink/Page_CCSale/txt_UDF4' is present

2020-12-23 23:45:14 - [MESSAGE][PASSED] - Text '' is set on object 'Object Repository/VLink/Page_CCSale/txt_UDF4'

2020-12-23 23:45:14 - [MESSAGE][PASSED] - Object 'Object Repository/VLink/Page_CCSale/txt_UDF5' is present

2020-12-23 23:45:15 - [MESSAGE][PASSED] - Text '' is set on object 'Object Repository/VLink/Page_CCSale/txt_UDF5'

2020-12-23 23:45:15 - [MESSAGE][PASSED] - Object 'Object Repository/VLink/Page_CCSale/txt_UDF6' is present

2020-12-23 23:45:16 - [MESSAGE][PASSED] - Text '' is set on object 'Object Repository/VLink/Page_CCSale/txt_UDF6'

2020-12-23 23:45:16 - [MESSAGE][PASSED] - Object 'Object Repository/VLink/Page_CCSale/txt_UDF7' is present

2020-12-23 23:45:16 - [MESSAGE][PASSED] - Text '' is set on object 'Object Repository/VLink/Page_CCSale/txt_UDF7'

2020-12-23 23:45:17 - [MESSAGE][PASSED] - Object 'Object Repository/VLink/Page_CCSale/txt_UDF8' is present

2020-12-23 23:45:17 - [MESSAGE][PASSED] - Text '' is set on object 'Object Repository/VLink/Page_CCSale/txt_UDF8'

2020-12-23 23:45:18 - [MESSAGE][PASSED] - Object 'Object Repository/VLink/Page_CCSale/txt_UDF9' is present

2020-12-23 23:45:18 - [MESSAGE][PASSED] - Text '' is set on object 'Object Repository/VLink/Page_CCSale/txt_UDF9'

2020-12-23 23:45:19 - [MESSAGE][PASSED] - Object 'Object Repository/VLink/Page_CCSale/txt_UDF10' is present

2020-12-23 23:45:19 - [MESSAGE][PASSED] - Text '' is set on object 'Object Repository/VLink/Page_CCSale/txt_UDF10'

2020-12-23 23:45:20 - [MESSAGE][PASSED] - Object 'Object Repository/VLink/Page_CCSale/txt_CardOnFileIndicator' is present

2020-12-23 23:45:20 - [MESSAGE][PASSED] - Text '' is set on object 'Object Repository/VLink/Page_CCSale/txt_CardOnFileIndicator'

2020-12-23 23:45:21 - [MESSAGE][PASSED] - Object 'Object Repository/VLink/Page_CCSale/txt_StoredCredentialIndicator' is present

2020-12-23 23:45:21 - [MESSAGE][PASSED] - Text '' is set on object 'Object Repository/VLink/Page_CCSale/txt_StoredCredentialIndicator'

2020-12-23 23:45:21 - [MESSAGE][PASSED] - Object 'Object Repository/VLink/Page_CCSale/txt_COFScheduledIndicator' is present

2020-12-23 23:45:22 - [MESSAGE][PASSED] - Text '' is set on object 'Object Repository/VLink/Page_CCSale/txt_COFScheduledIndicator'

2020-12-23 23:45:22 - [MESSAGE][PASSED] - Object 'Object Repository/VLink/Page_CCSale/txt_COFTransactionInitiatedBy' is present

2020-12-23 23:45:23 - [MESSAGE][PASSED] - Text '' is set on object 'Object Repository/VLink/Page_CCSale/txt_COFTransactionInitiatedBy'

2020-12-23 23:45:26 - [MESSAGE][PASSED] - Object: 'Object Repository/VLink/Page_CCSale/btn_ProcessVLinkTransaction' is clicked on

2020-12-23 23:45:31 - [MESSAGE][PASSED] - vlinkPages.saleCCPage.setDataSCC is PASSED

2020-12-23 23:45:31 - [TEST_STEP][PASSED] - if (verifyTextPresent("Transaction approved, no errors", true)): null

2020-12-23 23:45:31 - [MESSAGE][PASSED] - Text 'Transaction approved, no errors' is present on page  using regular expression

2020-12-23 23:45:31 - [TEST_STEP][PASSED] - println("Transaction Approved, no errors text is present on the Confirmation page"): null

2020-12-23 23:45:31 - [TEST_STEP][PASSED] - out.println("Pass Record Number: " + row): null

2020-12-23 23:45:31 - [TEST_STEP][PASSED] - resText = "Pass": null

2020-12-23 23:45:31 - [TEST_STEP][PASSED] - pages.WriteExcel.demoKey(resText, datText, resColumn, datCloumn, fileLoc, nameSheet, row): pages.WriteExcel.demoKey is PASSED

2020-12-23 23:45:31 - [MESSAGE][PASSED] - pages.WriteExcel.demoKey is PASSED

2020-12-23 23:45:31 - [TEST_STEP][PASSED] - sdfo = getText(findTestObject("Object Repository/Page_VLinkReceipt/pre_STX")): Text of object 'Object Repository/Page_VLinkReceipt/pre_STX' is: '<STX>w5hBklQRyPA8                  12088062            0  Transaction approved, no errors                   0                                                                                  XXOK3920   <ETX>'

2020-12-23 23:45:31 - [MESSAGE][PASSED] - Text of object 'Object Repository/Page_VLinkReceipt/pre_STX' is: '<STX>w5hBklQRyPA8                  12088062            0  Transaction approved, no errors                   0                                                                                  XXOK3920   <ETX>'

2020-12-23 23:45:31 - [TEST_STEP][PASSED] - out.println("sdfo: " + sdfo): null

2020-12-23 23:45:31 - [TEST_STEP][PASSED] - remID = substring(5, 35).trim(): null

2020-12-23 23:45:31 - [TEST_STEP][PASSED] - out.println("Remittance ID: " + remID): null

2020-12-23 23:45:31 - [TEST_STEP][PASSED] - traxID = substring(35, 55).trim(): null

2020-12-23 23:45:31 - [TEST_STEP][PASSED] - out.println("Transaction ID: " + traxID): null

2020-12-23 23:45:31 - [TEST_STEP][PASSED] - out.println("End Record Number: " + row): null

2020-12-23 23:45:31 - [TEST_STEP][PASSED] - closeBrowser(): Browser is closed

2020-12-23 23:45:32 - [MESSAGE][PASSED] - Browser is closed

2020-12-23 23:45:32 - [TEST_STEP][PASSED] - out.println("Begin Record Number: " + row): null

2020-12-23 23:45:32 - [TEST_STEP][PASSED] - today = new java.util.Date(): null

2020-12-23 23:45:32 - [TEST_STEP][PASSED] - println(today): null

2020-12-23 23:45:32 - [TEST_STEP][PASSED] - datText = today: null

2020-12-23 23:45:32 - [TEST_STEP][PASSED] - openBrowser(VLinkURL + "authcap.html"): Browser is opened with url: 'https://dev-algorithm.govolution.com/vlinktest/QA/version_2_0/authcap.html'

2020-12-23 23:45:32 - [MESSAGE][INFO] - Starting 'Chrome' driver

2020-12-23 23:45:32 - [MESSAGE][INFO] - User set preference: ['acceptInsecureCerts', 'true']

2020-12-23 23:45:32 - [MESSAGE][INFO] - Action delay is set to 0 milliseconds

2020-12-23 23:45:36 - [MESSAGE][PASSED] - Browser is opened with url: 'https://dev-algorithm.govolution.com/vlinktest/QA/version_2_0/authcap.html'

2020-12-23 23:45:36 - [TEST_STEP][PASSED] - maximizeWindow(): Current window maximized

2020-12-23 23:45:36 - [MESSAGE][PASSED] - Current window maximized

2020-12-23 23:45:36 - [TEST_STEP][PASSED] - vlinkPages.saleCCPage.setDataSCC(row, dataFile): vlinkPages.saleCCPage.setDataSCC is PASSED

2020-12-23 23:45:38 - [MESSAGE][PASSED] - Object 'Object Repository/VLink/Page_CCSale/txt_CardNumber' is present

2020-12-23 23:45:39 - [MESSAGE][PASSED] - Object 'Object Repository/VLink/Page_CCSale/txt_TransactionType' is present

2020-12-23 23:45:39 - [MESSAGE][PASSED] - Text '104' is set on object 'Object Repository/VLink/Page_CCSale/txt_TransactionType'

2020-12-23 23:45:39 - [MESSAGE][PASSED] - Object 'Object Repository/VLink/Page_CCSale/txt_MessageVersion' is present

2020-12-23 23:45:40 - [MESSAGE][PASSED] - Text '2.0C' is set on object 'Object Repository/VLink/Page_CCSale/txt_MessageVersion'

2020-12-23 23:45:40 - [MESSAGE][PASSED] - Object 'Object Repository/VLink/Page_CCSale/txt_RemID' is present

2020-12-23 23:45:41 - [MESSAGE][PASSED] - Text 'V1YFlTXmgv6v' is set on object 'Object Repository/VLink/Page_CCSale/txt_RemID'

2020-12-23 23:45:41 - [MESSAGE][PASSED] - Object 'Object Repository/VLink/Page_CCSale/txt_ApplicationId' is present

2020-12-23 23:45:42 - [MESSAGE][PASSED] - Text '677' is set on object 'Object Repository/VLink/Page_CCSale/txt_ApplicationId'

2020-12-23 23:45:42 - [MESSAGE][PASSED] - Object 'Object Repository/VLink/Page_CCSale/txt_Username' is present

2020-12-23 23:45:43 - [MESSAGE][PASSED] - Text 'username' is set on object 'Object Repository/VLink/Page_CCSale/txt_Username'

2020-12-23 23:45:43 - [MESSAGE][PASSED] - Object 'Object Repository/VLink/Page_CCSale/txt_Password' is present

2020-12-23 23:45:44 - [MESSAGE][PASSED] - Text 'password' is set on object 'Object Repository/VLink/Page_CCSale/txt_Password'

2020-12-23 23:45:44 - [MESSAGE][PASSED] - Object 'Object Repository/VLink/Page_CCSale/txt_ResponseFormat' is present

2020-12-23 23:45:44 - [MESSAGE][PASSED] - Text 'fixed_width' is set on object 'Object Repository/VLink/Page_CCSale/txt_ResponseFormat'

2020-12-23 23:45:45 - [MESSAGE][PASSED] - Object 'Object Repository/VLink/Page_CCSale/txt_Category' is present

2020-12-23 23:45:45 - [MESSAGE][PASSED] - Text 'MOTO' is set on object 'Object Repository/VLink/Page_CCSale/txt_Category'

2020-12-23 23:45:46 - [MESSAGE][PASSED] - Object 'Object Repository/VLink/Page_CCSale/txt_TransactionID' is present

2020-12-23 23:45:46 - [MESSAGE][PASSED] - Text '' is set on object 'Object Repository/VLink/Page_CCSale/txt_TransactionID'

2020-12-23 23:45:47 - [MESSAGE][PASSED] - Object 'Object Repository/VLink/Page_CCSale/txt_ApprovalCode' is present

2020-12-23 23:45:47 - [MESSAGE][PASSED] - Text '' is set on object 'Object Repository/VLink/Page_CCSale/txt_ApprovalCode'

2020-12-23 23:45:48 - [MESSAGE][PASSED] - Object 'Object Repository/VLink/Page_CCSale/txt_CardName' is present

2020-12-23 23:45:48 - [MESSAGE][PASSED] - Text 'Roshan Maha' is set on object 'Object Repository/VLink/Page_CCSale/txt_CardName'

2020-12-23 23:45:49 - [MESSAGE][PASSED] - Object 'Object Repository/VLink/Page_CCSale/txt_AL1' is present

2020-12-23 23:45:49 - [MESSAGE][PASSED] - Text '12563 Bazaar road' is set on object 'Object Repository/VLink/Page_CCSale/txt_AL1'

2020-12-23 23:45:50 - [MESSAGE][PASSED] - Object 'Object Repository/VLink/Page_CCSale/txt_AL2' is present

2020-12-23 23:45:50 - [MESSAGE][PASSED] - Text '' is set on object 'Object Repository/VLink/Page_CCSale/txt_AL2'

2020-12-23 23:45:51 - [MESSAGE][PASSED] - Object 'Object Repository/VLink/Page_CCSale/txt_CardCity' is present

2020-12-23 23:45:51 - [MESSAGE][PASSED] - Text 'Crofton' is set on object 'Object Repository/VLink/Page_CCSale/txt_CardCity'

2020-12-23 23:45:52 - [MESSAGE][PASSED] - Object 'Object Repository/VLink/Page_CCSale/txt_CardState' is present

2020-12-23 23:45:52 - [MESSAGE][PASSED] - Text 'MD' is set on object 'Object Repository/VLink/Page_CCSale/txt_CardState'

2020-12-23 23:45:53 - [MESSAGE][PASSED] - Object 'Object Repository/VLink/Page_CCSale/txt_CardZIP' is present

2020-12-23 23:45:53 - [MESSAGE][PASSED] - Text '21114' is set on object 'Object Repository/VLink/Page_CCSale/txt_CardZIP'

2020-12-23 23:45:54 - [MESSAGE][PASSED] - Object 'Object Repository/VLink/Page_CCSale/txt_CountryID' is present

2020-12-23 23:45:54 - [MESSAGE][PASSED] - Text '' is set on object 'Object Repository/VLink/Page_CCSale/txt_CountryID'

2020-12-23 23:45:55 - [MESSAGE][PASSED] - Object 'Object Repository/VLink/Page_CCSale/txt_Amount' is present

2020-12-23 23:45:55 - [MESSAGE][PASSED] - Text '3.50' is set on object 'Object Repository/VLink/Page_CCSale/txt_Amount'

2020-12-23 23:45:55 - [MESSAGE][PASSED] - Object 'Object Repository/VLink/Page_CCSale/txt_CardNumber' is present

2020-12-23 23:45:56 - [MESSAGE][PASSED] - Text '5424000000000015' is set on object 'Object Repository/VLink/Page_CCSale/txt_CardNumber'

2020-12-23 23:45:56 - [MESSAGE][PASSED] - Object 'Object Repository/VLink/Page_CCSale/txt_ExpMonth' is present

2020-12-23 23:45:57 - [MESSAGE][PASSED] - Text '01' is set on object 'Object Repository/VLink/Page_CCSale/txt_ExpMonth'

2020-12-23 23:45:57 - [MESSAGE][PASSED] - Object 'Object Repository/VLink/Page_CCSale/txt_ExpYear' is present

2020-12-23 23:45:58 - [MESSAGE][PASSED] - Text '2026' is set on object 'Object Repository/VLink/Page_CCSale/txt_ExpYear'

2020-12-23 23:45:58 - [MESSAGE][PASSED] - Object 'Object Repository/VLink/Page_CCSale/txt_CVV' is present

2020-12-23 23:45:59 - [MESSAGE][PASSED] - Text '' is set on object 'Object Repository/VLink/Page_CCSale/txt_CVV'

2020-12-23 23:45:59 - [MESSAGE][PASSED] - Object 'Object Repository/VLink/Page_CCSale/txt_CVVstate' is present

2020-12-23 23:46:00 - [MESSAGE][PASSED] - Text '' is set on object 'Object Repository/VLink/Page_CCSale/txt_CVVstate'

2020-12-23 23:46:00 - [MESSAGE][PASSED] - Object 'Object Repository/VLink/Page_CCSale/txt_TrackData' is present

2020-12-23 23:46:01 - [MESSAGE][PASSED] - Text '' is set on object 'Object Repository/VLink/Page_CCSale/txt_TrackData'

2020-12-23 23:46:01 - [MESSAGE][PASSED] - Object 'Object Repository/VLink/Page_CCSale/txt_Track1Data' is present

2020-12-23 23:46:02 - [MESSAGE][PASSED] - Text '' is set on object 'Object Repository/VLink/Page_CCSale/txt_Track1Data'

2020-12-23 23:46:02 - [MESSAGE][PASSED] - Object 'Object Repository/VLink/Page_CCSale/txt_Track2Data' is present

2020-12-23 23:46:03 - [MESSAGE][PASSED] - Text '' is set on object 'Object Repository/VLink/Page_CCSale/txt_Track2Data'

2020-12-23 23:46:03 - [MESSAGE][PASSED] - Object 'Object Repository/VLink/Page_CCSale/txt_POSEntryMode' is present

2020-12-23 23:46:04 - [MESSAGE][PASSED] - Text 'manual' is set on object 'Object Repository/VLink/Page_CCSale/txt_POSEntryMode'

2020-12-23 23:46:04 - [MESSAGE][PASSED] - Object 'Object Repository/VLink/Page_CCSale/txt_Email' is present

2020-12-23 23:46:05 - [MESSAGE][PASSED] - Text '' is set on object 'Object Repository/VLink/Page_CCSale/txt_Email'

2020-12-23 23:46:05 - [MESSAGE][PASSED] - Object 'Object Repository/VLink/Page_CCSale/txt_OrderNumber' is present

2020-12-23 23:46:06 - [MESSAGE][PASSED] - Text '' is set on object 'Object Repository/VLink/Page_CCSale/txt_OrderNumber'

2020-12-23 23:46:06 - [MESSAGE][PASSED] - Object 'Object Repository/VLink/Page_CCSale/txt_TaxAmount' is present

2020-12-23 23:46:07 - [MESSAGE][PASSED] - Text '' is set on object 'Object Repository/VLink/Page_CCSale/txt_TaxAmount'

2020-12-23 23:46:07 - [MESSAGE][PASSED] - Object 'Object Repository/VLink/Page_CCSale/txt_ChargeDescription' is present

2020-12-23 23:46:08 - [MESSAGE][PASSED] - Text '' is set on object 'Object Repository/VLink/Page_CCSale/txt_ChargeDescription'

2020-12-23 23:46:08 - [MESSAGE][PASSED] - Object 'Object Repository/VLink/Page_CCSale/txt_CAN' is present

2020-12-23 23:46:09 - [MESSAGE][PASSED] - Text '' is set on object 'Object Repository/VLink/Page_CCSale/txt_CAN'

2020-12-23 23:46:09 - [MESSAGE][PASSED] - Object 'Object Repository/VLink/Page_CCSale/txt_BillPaymentIndicator' is present

2020-12-23 23:46:10 - [MESSAGE][PASSED] - Text '' is set on object 'Object Repository/VLink/Page_CCSale/txt_BillPaymentIndicator'

2020-12-23 23:46:10 - [MESSAGE][PASSED] - Object 'Object Repository/VLink/Page_CCSale/txt_UDF1' is present

2020-12-23 23:46:11 - [MESSAGE][PASSED] - Text '' is set on object 'Object Repository/VLink/Page_CCSale/txt_UDF1'

2020-12-23 23:46:11 - [MESSAGE][PASSED] - Object 'Object Repository/VLink/Page_CCSale/txt_UDF2' is present

2020-12-23 23:46:12 - [MESSAGE][PASSED] - Text '' is set on object 'Object Repository/VLink/Page_CCSale/txt_UDF2'

2020-12-23 23:46:12 - [MESSAGE][PASSED] - Object 'Object Repository/VLink/Page_CCSale/txt_UDF3' is present

2020-12-23 23:46:12 - [MESSAGE][PASSED] - Text '' is set on object 'Object Repository/VLink/Page_CCSale/txt_UDF3'

2020-12-23 23:46:13 - [MESSAGE][PASSED] - Object 'Object Repository/VLink/Page_CCSale/txt_UDF4' is present

2020-12-23 23:46:13 - [MESSAGE][PASSED] - Text '' is set on object 'Object Repository/VLink/Page_CCSale/txt_UDF4'

2020-12-23 23:46:14 - [MESSAGE][PASSED] - Object 'Object Repository/VLink/Page_CCSale/txt_UDF5' is present

2020-12-23 23:46:14 - [MESSAGE][PASSED] - Text '' is set on object 'Object Repository/VLink/Page_CCSale/txt_UDF5'

2020-12-23 23:46:15 - [MESSAGE][PASSED] - Object 'Object Repository/VLink/Page_CCSale/txt_UDF6' is present

2020-12-23 23:46:15 - [MESSAGE][PASSED] - Text '' is set on object 'Object Repository/VLink/Page_CCSale/txt_UDF6'

2020-12-23 23:46:16 - [MESSAGE][PASSED] - Object 'Object Repository/VLink/Page_CCSale/txt_UDF7' is present

2020-12-23 23:46:16 - [MESSAGE][PASSED] - Text '' is set on object 'Object Repository/VLink/Page_CCSale/txt_UDF7'

2020-12-23 23:46:17 - [MESSAGE][PASSED] - Object 'Object Repository/VLink/Page_CCSale/txt_UDF8' is present

2020-12-23 23:46:17 - [MESSAGE][PASSED] - Text '' is set on object 'Object Repository/VLink/Page_CCSale/txt_UDF8'

2020-12-23 23:46:18 - [MESSAGE][PASSED] - Object 'Object Repository/VLink/Page_CCSale/txt_UDF9' is present

2020-12-23 23:46:18 - [MESSAGE][PASSED] - Text '' is set on object 'Object Repository/VLink/Page_CCSale/txt_UDF9'

2020-12-23 23:46:19 - [MESSAGE][PASSED] - Object 'Object Repository/VLink/Page_CCSale/txt_UDF10' is present

2020-12-23 23:46:19 - [MESSAGE][PASSED] - Text '' is set on object 'Object Repository/VLink/Page_CCSale/txt_UDF10'

2020-12-23 23:46:20 - [MESSAGE][PASSED] - Object 'Object Repository/VLink/Page_CCSale/txt_CardOnFileIndicator' is present

2020-12-23 23:46:20 - [MESSAGE][PASSED] - Text '' is set on object 'Object Repository/VLink/Page_CCSale/txt_CardOnFileIndicator'

2020-12-23 23:46:20 - [MESSAGE][PASSED] - Object 'Object Repository/VLink/Page_CCSale/txt_StoredCredentialIndicator' is present

2020-12-23 23:46:21 - [MESSAGE][PASSED] - Text '' is set on object 'Object Repository/VLink/Page_CCSale/txt_StoredCredentialIndicator'

2020-12-23 23:46:21 - [MESSAGE][PASSED] - Object 'Object Repository/VLink/Page_CCSale/txt_COFScheduledIndicator' is present

2020-12-23 23:46:22 - [MESSAGE][PASSED] - Text '' is set on object 'Object Repository/VLink/Page_CCSale/txt_COFScheduledIndicator'

2020-12-23 23:46:22 - [MESSAGE][PASSED] - Object 'Object Repository/VLink/Page_CCSale/txt_COFTransactionInitiatedBy' is present

2020-12-23 23:46:23 - [MESSAGE][PASSED] - Text '' is set on object 'Object Repository/VLink/Page_CCSale/txt_COFTransactionInitiatedBy'

2020-12-23 23:46:26 - [MESSAGE][PASSED] - Object: 'Object Repository/VLink/Page_CCSale/btn_ProcessVLinkTransaction' is clicked on

2020-12-23 23:46:31 - [MESSAGE][PASSED] - vlinkPages.saleCCPage.setDataSCC is PASSED

2020-12-23 23:46:31 - [TEST_STEP][PASSED] - if (verifyTextPresent("Transaction approved, no errors", true)): null

2020-12-23 23:46:31 - [MESSAGE][PASSED] - Text 'Transaction approved, no errors' is present on page  using regular expression

2020-12-23 23:46:31 - [TEST_STEP][PASSED] - println("Transaction Approved, no errors text is present on the Confirmation page"): null

2020-12-23 23:46:31 - [TEST_STEP][PASSED] - out.println("Pass Record Number: " + row): null

2020-12-23 23:46:31 - [TEST_STEP][PASSED] - resText = "Pass": null

2020-12-23 23:46:31 - [TEST_STEP][PASSED] - pages.WriteExcel.demoKey(resText, datText, resColumn, datCloumn, fileLoc, nameSheet, row): pages.WriteExcel.demoKey is PASSED

2020-12-23 23:46:31 - [MESSAGE][PASSED] - pages.WriteExcel.demoKey is PASSED

2020-12-23 23:46:31 - [TEST_STEP][PASSED] - sdfo = getText(findTestObject("Object Repository/Page_VLinkReceipt/pre_STX")): Text of object 'Object Repository/Page_VLinkReceipt/pre_STX' is: '<STX>V1YFlTXmgv6v                  12088063            0  Transaction approved, no errors                   0                                                                                  XXOK3970   <ETX>'

2020-12-23 23:46:32 - [MESSAGE][PASSED] - Text of object 'Object Repository/Page_VLinkReceipt/pre_STX' is: '<STX>V1YFlTXmgv6v                  12088063            0  Transaction approved, no errors                   0                                                                                  XXOK3970   <ETX>'

2020-12-23 23:46:32 - [TEST_STEP][PASSED] - out.println("sdfo: " + sdfo): null

2020-12-23 23:46:32 - [TEST_STEP][PASSED] - remID = substring(5, 35).trim(): null

2020-12-23 23:46:32 - [TEST_STEP][PASSED] - out.println("Remittance ID: " + remID): null

2020-12-23 23:46:32 - [TEST_STEP][PASSED] - traxID = substring(35, 55).trim(): null

2020-12-23 23:46:32 - [TEST_STEP][PASSED] - out.println("Transaction ID: " + traxID): null

2020-12-23 23:46:32 - [TEST_STEP][PASSED] - out.println("End Record Number: " + row): null

2020-12-23 23:46:32 - [TEST_STEP][PASSED] - closeBrowser(): Browser is closed

2020-12-23 23:46:32 - [MESSAGE][PASSED] - Browser is closed

2020-12-23 23:46:32 - [TEST_STEP][PASSED] - out.println("Begin Record Number: " + row): null

2020-12-23 23:46:32 - [TEST_STEP][PASSED] - today = new java.util.Date(): null

2020-12-23 23:46:32 - [TEST_STEP][PASSED] - println(today): null

2020-12-23 23:46:32 - [TEST_STEP][PASSED] - datText = today: null

2020-12-23 23:46:32 - [TEST_STEP][PASSED] - openBrowser(VLinkURL + "authcap.html"): Browser is opened with url: 'https://dev-algorithm.govolution.com/vlinktest/QA/version_2_0/authcap.html'

2020-12-23 23:46:32 - [MESSAGE][INFO] - Starting 'Chrome' driver

2020-12-23 23:46:32 - [MESSAGE][INFO] - User set preference: ['acceptInsecureCerts', 'true']

2020-12-23 23:46:32 - [MESSAGE][INFO] - Action delay is set to 0 milliseconds

2020-12-23 23:46:37 - [MESSAGE][PASSED] - Browser is opened with url: 'https://dev-algorithm.govolution.com/vlinktest/QA/version_2_0/authcap.html'

2020-12-23 23:46:37 - [TEST_STEP][PASSED] - maximizeWindow(): Current window maximized

2020-12-23 23:46:37 - [MESSAGE][PASSED] - Current window maximized

2020-12-23 23:46:37 - [TEST_STEP][PASSED] - vlinkPages.saleCCPage.setDataSCC(row, dataFile): vlinkPages.saleCCPage.setDataSCC is PASSED

2020-12-23 23:46:39 - [MESSAGE][PASSED] - Object 'Object Repository/VLink/Page_CCSale/txt_CardNumber' is present

2020-12-23 23:46:39 - [MESSAGE][PASSED] - Object 'Object Repository/VLink/Page_CCSale/txt_TransactionType' is present

2020-12-23 23:46:40 - [MESSAGE][PASSED] - Text '104' is set on object 'Object Repository/VLink/Page_CCSale/txt_TransactionType'

2020-12-23 23:46:40 - [MESSAGE][PASSED] - Object 'Object Repository/VLink/Page_CCSale/txt_MessageVersion' is present

2020-12-23 23:46:40 - [MESSAGE][PASSED] - Text '2.0C' is set on object 'Object Repository/VLink/Page_CCSale/txt_MessageVersion'

2020-12-23 23:46:41 - [MESSAGE][PASSED] - Object 'Object Repository/VLink/Page_CCSale/txt_RemID' is present

2020-12-23 23:46:41 - [MESSAGE][PASSED] - Text 'zYOiCoQAorhq' is set on object 'Object Repository/VLink/Page_CCSale/txt_RemID'

2020-12-23 23:46:42 - [MESSAGE][PASSED] - Object 'Object Repository/VLink/Page_CCSale/txt_ApplicationId' is present

2020-12-23 23:46:42 - [MESSAGE][PASSED] - Text '665' is set on object 'Object Repository/VLink/Page_CCSale/txt_ApplicationId'

2020-12-23 23:46:43 - [MESSAGE][PASSED] - Object 'Object Repository/VLink/Page_CCSale/txt_Username' is present

2020-12-23 23:46:43 - [MESSAGE][PASSED] - Text 'username' is set on object 'Object Repository/VLink/Page_CCSale/txt_Username'

2020-12-23 23:46:44 - [MESSAGE][PASSED] - Object 'Object Repository/VLink/Page_CCSale/txt_Password' is present

2020-12-23 23:46:44 - [MESSAGE][PASSED] - Text 'password' is set on object 'Object Repository/VLink/Page_CCSale/txt_Password'

2020-12-23 23:46:44 - [MESSAGE][PASSED] - Object 'Object Repository/VLink/Page_CCSale/txt_ResponseFormat' is present

2020-12-23 23:46:45 - [MESSAGE][PASSED] - Text 'fixed_width' is set on object 'Object Repository/VLink/Page_CCSale/txt_ResponseFormat'

2020-12-23 23:46:45 - [MESSAGE][PASSED] - Object 'Object Repository/VLink/Page_CCSale/txt_Category' is present

2020-12-23 23:46:46 - [MESSAGE][PASSED] - Text 'MOTO' is set on object 'Object Repository/VLink/Page_CCSale/txt_Category'

2020-12-23 23:46:46 - [MESSAGE][PASSED] - Object 'Object Repository/VLink/Page_CCSale/txt_TransactionID' is present

2020-12-23 23:46:47 - [MESSAGE][PASSED] - Text '' is set on object 'Object Repository/VLink/Page_CCSale/txt_TransactionID'

2020-12-23 23:46:47 - [MESSAGE][PASSED] - Object 'Object Repository/VLink/Page_CCSale/txt_ApprovalCode' is present

2020-12-23 23:46:48 - [MESSAGE][PASSED] - Text '' is set on object 'Object Repository/VLink/Page_CCSale/txt_ApprovalCode'

2020-12-23 23:46:48 - [MESSAGE][PASSED] - Object 'Object Repository/VLink/Page_CCSale/txt_CardName' is present

2020-12-23 23:46:48 - [MESSAGE][PASSED] - Text 'Kris Roshan' is set on object 'Object Repository/VLink/Page_CCSale/txt_CardName'

2020-12-23 23:46:49 - [MESSAGE][PASSED] - Object 'Object Repository/VLink/Page_CCSale/txt_AL1' is present

2020-12-23 23:46:49 - [MESSAGE][PASSED] - Text '258 Elm Road' is set on object 'Object Repository/VLink/Page_CCSale/txt_AL1'

2020-12-23 23:46:50 - [MESSAGE][PASSED] - Object 'Object Repository/VLink/Page_CCSale/txt_AL2' is present

2020-12-23 23:46:50 - [MESSAGE][PASSED] - Text 'Suite 56' is set on object 'Object Repository/VLink/Page_CCSale/txt_AL2'

2020-12-23 23:46:50 - [MESSAGE][PASSED] - Object 'Object Repository/VLink/Page_CCSale/txt_CardCity' is present

2020-12-23 23:46:51 - [MESSAGE][PASSED] - Text 'Arlington' is set on object 'Object Repository/VLink/Page_CCSale/txt_CardCity'

2020-12-23 23:46:51 - [MESSAGE][PASSED] - Object 'Object Repository/VLink/Page_CCSale/txt_CardState' is present

2020-12-23 23:46:52 - [MESSAGE][PASSED] - Text 'VA' is set on object 'Object Repository/VLink/Page_CCSale/txt_CardState'

2020-12-23 23:46:52 - [MESSAGE][PASSED] - Object 'Object Repository/VLink/Page_CCSale/txt_CardZIP' is present

2020-12-23 23:46:53 - [MESSAGE][PASSED] - Text '22201' is set on object 'Object Repository/VLink/Page_CCSale/txt_CardZIP'

2020-12-23 23:46:53 - [MESSAGE][PASSED] - Object 'Object Repository/VLink/Page_CCSale/txt_CountryID' is present

2020-12-23 23:46:54 - [MESSAGE][PASSED] - Text '840' is set on object 'Object Repository/VLink/Page_CCSale/txt_CountryID'

2020-12-23 23:46:54 - [MESSAGE][PASSED] - Object 'Object Repository/VLink/Page_CCSale/txt_Amount' is present

2020-12-23 23:46:55 - [MESSAGE][PASSED] - Text '1.50' is set on object 'Object Repository/VLink/Page_CCSale/txt_Amount'

2020-12-23 23:46:55 - [MESSAGE][PASSED] - Object 'Object Repository/VLink/Page_CCSale/txt_CardNumber' is present

2020-12-23 23:46:56 - [MESSAGE][PASSED] - Text '370000000000002' is set on object 'Object Repository/VLink/Page_CCSale/txt_CardNumber'

2020-12-23 23:46:56 - [MESSAGE][PASSED] - Object 'Object Repository/VLink/Page_CCSale/txt_ExpMonth' is present

2020-12-23 23:46:57 - [MESSAGE][PASSED] - Text '12' is set on object 'Object Repository/VLink/Page_CCSale/txt_ExpMonth'

2020-12-23 23:46:57 - [MESSAGE][PASSED] - Object 'Object Repository/VLink/Page_CCSale/txt_ExpYear' is present

2020-12-23 23:46:58 - [MESSAGE][PASSED] - Text '2025' is set on object 'Object Repository/VLink/Page_CCSale/txt_ExpYear'

2020-12-23 23:46:58 - [MESSAGE][PASSED] - Object 'Object Repository/VLink/Page_CCSale/txt_CVV' is present

2020-12-23 23:46:59 - [MESSAGE][PASSED] - Text '' is set on object 'Object Repository/VLink/Page_CCSale/txt_CVV'

2020-12-23 23:46:59 - [MESSAGE][PASSED] - Object 'Object Repository/VLink/Page_CCSale/txt_CVVstate' is present

2020-12-23 23:47:00 - [MESSAGE][PASSED] - Text '' is set on object 'Object Repository/VLink/Page_CCSale/txt_CVVstate'

2020-12-23 23:47:00 - [MESSAGE][PASSED] - Object 'Object Repository/VLink/Page_CCSale/txt_TrackData' is present

2020-12-23 23:47:01 - [MESSAGE][PASSED] - Text '' is set on object 'Object Repository/VLink/Page_CCSale/txt_TrackData'

2020-12-23 23:47:01 - [MESSAGE][PASSED] - Object 'Object Repository/VLink/Page_CCSale/txt_Track1Data' is present

2020-12-23 23:47:02 - [MESSAGE][PASSED] - Text '' is set on object 'Object Repository/VLink/Page_CCSale/txt_Track1Data'

2020-12-23 23:47:02 - [MESSAGE][PASSED] - Object 'Object Repository/VLink/Page_CCSale/txt_Track2Data' is present

2020-12-23 23:47:03 - [MESSAGE][PASSED] - Text '' is set on object 'Object Repository/VLink/Page_CCSale/txt_Track2Data'

2020-12-23 23:47:03 - [MESSAGE][PASSED] - Object 'Object Repository/VLink/Page_CCSale/txt_POSEntryMode' is present

2020-12-23 23:47:04 - [MESSAGE][PASSED] - Text 'manual' is set on object 'Object Repository/VLink/Page_CCSale/txt_POSEntryMode'

2020-12-23 23:47:04 - [MESSAGE][PASSED] - Object 'Object Repository/VLink/Page_CCSale/txt_Email' is present

2020-12-23 23:47:05 - [MESSAGE][PASSED] - Text 'iahmed@govolution.com' is set on object 'Object Repository/VLink/Page_CCSale/txt_Email'

2020-12-23 23:47:05 - [MESSAGE][PASSED] - Object 'Object Repository/VLink/Page_CCSale/txt_OrderNumber' is present

2020-12-23 23:47:06 - [MESSAGE][PASSED] - Text '2569362' is set on object 'Object Repository/VLink/Page_CCSale/txt_OrderNumber'

2020-12-23 23:47:06 - [MESSAGE][PASSED] - Object 'Object Repository/VLink/Page_CCSale/txt_TaxAmount' is present

2020-12-23 23:47:07 - [MESSAGE][PASSED] - Text '1.15' is set on object 'Object Repository/VLink/Page_CCSale/txt_TaxAmount'

2020-12-23 23:47:07 - [MESSAGE][PASSED] - Object 'Object Repository/VLink/Page_CCSale/txt_ChargeDescription' is present

2020-12-23 23:47:08 - [MESSAGE][PASSED] - Text 'Charge Description' is set on object 'Object Repository/VLink/Page_CCSale/txt_ChargeDescription'

2020-12-23 23:47:08 - [MESSAGE][PASSED] - Object 'Object Repository/VLink/Page_CCSale/txt_CAN' is present

2020-12-23 23:47:09 - [MESSAGE][PASSED] - Text '147357' is set on object 'Object Repository/VLink/Page_CCSale/txt_CAN'

2020-12-23 23:47:09 - [MESSAGE][PASSED] - Object 'Object Repository/VLink/Page_CCSale/txt_BillPaymentIndicator' is present

2020-12-23 23:47:10 - [MESSAGE][PASSED] - Text '1' is set on object 'Object Repository/VLink/Page_CCSale/txt_BillPaymentIndicator'

2020-12-23 23:47:10 - [MESSAGE][PASSED] - Object 'Object Repository/VLink/Page_CCSale/txt_UDF1' is present

2020-12-23 23:47:11 - [MESSAGE][PASSED] - Text 'UDF Data 1' is set on object 'Object Repository/VLink/Page_CCSale/txt_UDF1'

2020-12-23 23:47:11 - [MESSAGE][PASSED] - Object 'Object Repository/VLink/Page_CCSale/txt_UDF2' is present

2020-12-23 23:47:12 - [MESSAGE][PASSED] - Text 'UDF Data 2' is set on object 'Object Repository/VLink/Page_CCSale/txt_UDF2'

2020-12-23 23:47:12 - [MESSAGE][PASSED] - Object 'Object Repository/VLink/Page_CCSale/txt_UDF3' is present

2020-12-23 23:47:13 - [MESSAGE][PASSED] - Text 'UDF Data 3' is set on object 'Object Repository/VLink/Page_CCSale/txt_UDF3'

2020-12-23 23:47:13 - [MESSAGE][PASSED] - Object 'Object Repository/VLink/Page_CCSale/txt_UDF4' is present

2020-12-23 23:47:14 - [MESSAGE][PASSED] - Text 'UDF Data 4' is set on object 'Object Repository/VLink/Page_CCSale/txt_UDF4'

2020-12-23 23:47:14 - [MESSAGE][PASSED] - Object 'Object Repository/VLink/Page_CCSale/txt_UDF5' is present

2020-12-23 23:47:14 - [MESSAGE][PASSED] - Text 'UDF Data 5' is set on object 'Object Repository/VLink/Page_CCSale/txt_UDF5'

2020-12-23 23:47:15 - [MESSAGE][PASSED] - Object 'Object Repository/VLink/Page_CCSale/txt_UDF6' is present

2020-12-23 23:47:15 - [MESSAGE][PASSED] - Text 'UDF Data 6' is set on object 'Object Repository/VLink/Page_CCSale/txt_UDF6'

2020-12-23 23:47:16 - [MESSAGE][PASSED] - Object 'Object Repository/VLink/Page_CCSale/txt_UDF7' is present

2020-12-23 23:47:16 - [MESSAGE][PASSED] - Text 'UDF Data 7' is set on object 'Object Repository/VLink/Page_CCSale/txt_UDF7'

2020-12-23 23:47:17 - [MESSAGE][PASSED] - Object 'Object Repository/VLink/Page_CCSale/txt_UDF8' is present

2020-12-23 23:47:17 - [MESSAGE][PASSED] - Text 'UDF Data 8' is set on object 'Object Repository/VLink/Page_CCSale/txt_UDF8'

2020-12-23 23:47:18 - [MESSAGE][PASSED] - Object 'Object Repository/VLink/Page_CCSale/txt_UDF9' is present

2020-12-23 23:47:18 - [MESSAGE][PASSED] - Text 'UDF Data 9' is set on object 'Object Repository/VLink/Page_CCSale/txt_UDF9'

2020-12-23 23:47:19 - [MESSAGE][PASSED] - Object 'Object Repository/VLink/Page_CCSale/txt_UDF10' is present

2020-12-23 23:47:19 - [MESSAGE][PASSED] - Text 'UDF Data 10' is set on object 'Object Repository/VLink/Page_CCSale/txt_UDF10'

2020-12-23 23:47:20 - [MESSAGE][PASSED] - Object 'Object Repository/VLink/Page_CCSale/txt_CardOnFileIndicator' is present

2020-12-23 23:47:20 - [MESSAGE][PASSED] - Text '' is set on object 'Object Repository/VLink/Page_CCSale/txt_CardOnFileIndicator'

2020-12-23 23:47:21 - [MESSAGE][PASSED] - Object 'Object Repository/VLink/Page_CCSale/txt_StoredCredentialIndicator' is present

2020-12-23 23:47:21 - [MESSAGE][PASSED] - Text '' is set on object 'Object Repository/VLink/Page_CCSale/txt_StoredCredentialIndicator'

2020-12-23 23:47:22 - [MESSAGE][PASSED] - Object 'Object Repository/VLink/Page_CCSale/txt_COFScheduledIndicator' is present

2020-12-23 23:47:22 - [MESSAGE][PASSED] - Text '' is set on object 'Object Repository/VLink/Page_CCSale/txt_COFScheduledIndicator'

2020-12-23 23:47:23 - [MESSAGE][PASSED] - Object 'Object Repository/VLink/Page_CCSale/txt_COFTransactionInitiatedBy' is present

2020-12-23 23:47:23 - [MESSAGE][PASSED] - Text '' is set on object 'Object Repository/VLink/Page_CCSale/txt_COFTransactionInitiatedBy'

2020-12-23 23:47:26 - [MESSAGE][PASSED] - Object: 'Object Repository/VLink/Page_CCSale/btn_ProcessVLinkTransaction' is clicked on

2020-12-23 23:47:31 - [MESSAGE][PASSED] - vlinkPages.saleCCPage.setDataSCC is PASSED

2020-12-23 23:47:31 - [TEST_STEP][PASSED] - if (verifyTextPresent("Transaction approved, no errors", true)): null

2020-12-23 23:47:31 - [MESSAGE][PASSED] - Text 'Transaction approved, no errors' is present on page  using regular expression

2020-12-23 23:47:31 - [TEST_STEP][PASSED] - println("Transaction Approved, no errors text is present on the Confirmation page"): null

2020-12-23 23:47:31 - [TEST_STEP][PASSED] - out.println("Pass Record Number: " + row): null

2020-12-23 23:47:31 - [TEST_STEP][PASSED] - resText = "Pass": null

2020-12-23 23:47:31 - [TEST_STEP][PASSED] - pages.WriteExcel.demoKey(resText, datText, resColumn, datCloumn, fileLoc, nameSheet, row): pages.WriteExcel.demoKey is PASSED

2020-12-23 23:47:31 - [MESSAGE][PASSED] - pages.WriteExcel.demoKey is PASSED

2020-12-23 23:47:31 - [TEST_STEP][PASSED] - sdfo = getText(findTestObject("Object Repository/Page_VLinkReceipt/pre_STX")): Text of object 'Object Repository/Page_VLinkReceipt/pre_STX' is: '<STX>zYOiCoQAorhq                  12088065            0  Transaction approved, no errors                   0                                                                                  X OK4000   <ETX>'

2020-12-23 23:47:31 - [MESSAGE][PASSED] - Text of object 'Object Repository/Page_VLinkReceipt/pre_STX' is: '<STX>zYOiCoQAorhq                  12088065            0  Transaction approved, no errors                   0                                                                                  X OK4000   <ETX>'

2020-12-23 23:47:31 - [TEST_STEP][PASSED] - out.println("sdfo: " + sdfo): null

2020-12-23 23:47:31 - [TEST_STEP][PASSED] - remID = substring(5, 35).trim(): null

2020-12-23 23:47:31 - [TEST_STEP][PASSED] - out.println("Remittance ID: " + remID): null

2020-12-23 23:47:31 - [TEST_STEP][PASSED] - traxID = substring(35, 55).trim(): null

2020-12-23 23:47:31 - [TEST_STEP][PASSED] - out.println("Transaction ID: " + traxID): null

2020-12-23 23:47:31 - [TEST_STEP][PASSED] - out.println("End Record Number: " + row): null

2020-12-23 23:47:31 - [TEST_STEP][PASSED] - closeBrowser(): Browser is closed

2020-12-23 23:47:32 - [MESSAGE][PASSED] - Browser is closed

2020-12-23 23:47:32 - [TEST_STEP][PASSED] - out.println("Begin Record Number: " + row): null

2020-12-23 23:47:32 - [TEST_STEP][PASSED] - today = new java.util.Date(): null

2020-12-23 23:47:32 - [TEST_STEP][PASSED] - println(today): null

2020-12-23 23:47:32 - [TEST_STEP][PASSED] - datText = today: null

2020-12-23 23:47:32 - [TEST_STEP][PASSED] - openBrowser(VLinkURL + "authcap.html"): Browser is opened with url: 'https://dev-algorithm.govolution.com/vlinktest/QA/version_2_0/authcap.html'

2020-12-23 23:47:32 - [MESSAGE][INFO] - Starting 'Chrome' driver

2020-12-23 23:47:32 - [MESSAGE][INFO] - User set preference: ['acceptInsecureCerts', 'true']

2020-12-23 23:47:32 - [MESSAGE][INFO] - Action delay is set to 0 milliseconds

2020-12-23 23:47:36 - [MESSAGE][PASSED] - Browser is opened with url: 'https://dev-algorithm.govolution.com/vlinktest/QA/version_2_0/authcap.html'

2020-12-23 23:47:36 - [TEST_STEP][PASSED] - maximizeWindow(): Current window maximized

2020-12-23 23:47:36 - [MESSAGE][PASSED] - Current window maximized

2020-12-23 23:47:36 - [TEST_STEP][PASSED] - vlinkPages.saleCCPage.setDataSCC(row, dataFile): vlinkPages.saleCCPage.setDataSCC is PASSED

2020-12-23 23:47:38 - [MESSAGE][PASSED] - Object 'Object Repository/VLink/Page_CCSale/txt_CardNumber' is present

2020-12-23 23:47:38 - [MESSAGE][PASSED] - Object 'Object Repository/VLink/Page_CCSale/txt_TransactionType' is present

2020-12-23 23:47:38 - [MESSAGE][PASSED] - Text '104' is set on object 'Object Repository/VLink/Page_CCSale/txt_TransactionType'

2020-12-23 23:47:39 - [MESSAGE][PASSED] - Object 'Object Repository/VLink/Page_CCSale/txt_MessageVersion' is present

2020-12-23 23:47:39 - [MESSAGE][PASSED] - Text '2.0C' is set on object 'Object Repository/VLink/Page_CCSale/txt_MessageVersion'

2020-12-23 23:47:40 - [MESSAGE][PASSED] - Object 'Object Repository/VLink/Page_CCSale/txt_RemID' is present

2020-12-23 23:47:40 - [MESSAGE][PASSED] - Text 'uC1ZLFb1JwjL' is set on object 'Object Repository/VLink/Page_CCSale/txt_RemID'

2020-12-23 23:47:41 - [MESSAGE][PASSED] - Object 'Object Repository/VLink/Page_CCSale/txt_ApplicationId' is present

2020-12-23 23:47:41 - [MESSAGE][PASSED] - Text '672' is set on object 'Object Repository/VLink/Page_CCSale/txt_ApplicationId'

2020-12-23 23:47:41 - [MESSAGE][PASSED] - Object 'Object Repository/VLink/Page_CCSale/txt_Username' is present

2020-12-23 23:47:42 - [MESSAGE][PASSED] - Text 'username' is set on object 'Object Repository/VLink/Page_CCSale/txt_Username'

2020-12-23 23:47:42 - [MESSAGE][PASSED] - Object 'Object Repository/VLink/Page_CCSale/txt_Password' is present

2020-12-23 23:47:43 - [MESSAGE][PASSED] - Text 'password' is set on object 'Object Repository/VLink/Page_CCSale/txt_Password'

2020-12-23 23:47:43 - [MESSAGE][PASSED] - Object 'Object Repository/VLink/Page_CCSale/txt_ResponseFormat' is present

2020-12-23 23:47:44 - [MESSAGE][PASSED] - Text 'fixed_width' is set on object 'Object Repository/VLink/Page_CCSale/txt_ResponseFormat'

2020-12-23 23:47:44 - [MESSAGE][PASSED] - Object 'Object Repository/VLink/Page_CCSale/txt_Category' is present

2020-12-23 23:47:45 - [MESSAGE][PASSED] - Text 'MOTO' is set on object 'Object Repository/VLink/Page_CCSale/txt_Category'

2020-12-23 23:47:45 - [MESSAGE][PASSED] - Object 'Object Repository/VLink/Page_CCSale/txt_TransactionID' is present

2020-12-23 23:47:46 - [MESSAGE][PASSED] - Text '' is set on object 'Object Repository/VLink/Page_CCSale/txt_TransactionID'

2020-12-23 23:47:46 - [MESSAGE][PASSED] - Object 'Object Repository/VLink/Page_CCSale/txt_ApprovalCode' is present

2020-12-23 23:47:47 - [MESSAGE][PASSED] - Text '' is set on object 'Object Repository/VLink/Page_CCSale/txt_ApprovalCode'

2020-12-23 23:47:47 - [MESSAGE][PASSED] - Object 'Object Repository/VLink/Page_CCSale/txt_CardName' is present

2020-12-23 23:47:47 - [MESSAGE][PASSED] - Text 'Arvind Silva' is set on object 'Object Repository/VLink/Page_CCSale/txt_CardName'

2020-12-23 23:47:48 - [MESSAGE][PASSED] - Object 'Object Repository/VLink/Page_CCSale/txt_AL1' is present

2020-12-23 23:47:48 - [MESSAGE][PASSED] - Text '111 Main Ave' is set on object 'Object Repository/VLink/Page_CCSale/txt_AL1'

2020-12-23 23:47:49 - [MESSAGE][PASSED] - Object 'Object Repository/VLink/Page_CCSale/txt_AL2' is present

2020-12-23 23:47:49 - [MESSAGE][PASSED] - Text '' is set on object 'Object Repository/VLink/Page_CCSale/txt_AL2'

2020-12-23 23:47:50 - [MESSAGE][PASSED] - Object 'Object Repository/VLink/Page_CCSale/txt_CardCity' is present

2020-12-23 23:47:50 - [MESSAGE][PASSED] - Text 'Arlington' is set on object 'Object Repository/VLink/Page_CCSale/txt_CardCity'

2020-12-23 23:47:51 - [MESSAGE][PASSED] - Object 'Object Repository/VLink/Page_CCSale/txt_CardState' is present

2020-12-23 23:47:51 - [MESSAGE][PASSED] - Text 'VA' is set on object 'Object Repository/VLink/Page_CCSale/txt_CardState'

2020-12-23 23:47:52 - [MESSAGE][PASSED] - Object 'Object Repository/VLink/Page_CCSale/txt_CardZIP' is present

2020-12-23 23:47:52 - [MESSAGE][PASSED] - Text '22201' is set on object 'Object Repository/VLink/Page_CCSale/txt_CardZIP'

2020-12-23 23:47:53 - [MESSAGE][PASSED] - Object 'Object Repository/VLink/Page_CCSale/txt_CountryID' is present

2020-12-23 23:47:53 - [MESSAGE][PASSED] - Text '' is set on object 'Object Repository/VLink/Page_CCSale/txt_CountryID'

2020-12-23 23:47:54 - [MESSAGE][PASSED] - Object 'Object Repository/VLink/Page_CCSale/txt_Amount' is present

2020-12-23 23:47:54 - [MESSAGE][PASSED] - Text '2.50' is set on object 'Object Repository/VLink/Page_CCSale/txt_Amount'

2020-12-23 23:47:55 - [MESSAGE][PASSED] - Object 'Object Repository/VLink/Page_CCSale/txt_CardNumber' is present

2020-12-23 23:47:55 - [MESSAGE][PASSED] - Text '370000000000002' is set on object 'Object Repository/VLink/Page_CCSale/txt_CardNumber'

2020-12-23 23:47:56 - [MESSAGE][PASSED] - Object 'Object Repository/VLink/Page_CCSale/txt_ExpMonth' is present

2020-12-23 23:47:56 - [MESSAGE][PASSED] - Text '01' is set on object 'Object Repository/VLink/Page_CCSale/txt_ExpMonth'

2020-12-23 23:47:57 - [MESSAGE][PASSED] - Object 'Object Repository/VLink/Page_CCSale/txt_ExpYear' is present

2020-12-23 23:47:57 - [MESSAGE][PASSED] - Text '2026' is set on object 'Object Repository/VLink/Page_CCSale/txt_ExpYear'

2020-12-23 23:47:58 - [MESSAGE][PASSED] - Object 'Object Repository/VLink/Page_CCSale/txt_CVV' is present

2020-12-23 23:47:58 - [MESSAGE][PASSED] - Text '' is set on object 'Object Repository/VLink/Page_CCSale/txt_CVV'

2020-12-23 23:47:59 - [MESSAGE][PASSED] - Object 'Object Repository/VLink/Page_CCSale/txt_CVVstate' is present

2020-12-23 23:47:59 - [MESSAGE][PASSED] - Text '' is set on object 'Object Repository/VLink/Page_CCSale/txt_CVVstate'

2020-12-23 23:47:59 - [MESSAGE][PASSED] - Object 'Object Repository/VLink/Page_CCSale/txt_TrackData' is present

2020-12-23 23:48:00 - [MESSAGE][PASSED] - Text '' is set on object 'Object Repository/VLink/Page_CCSale/txt_TrackData'

2020-12-23 23:48:00 - [MESSAGE][PASSED] - Object 'Object Repository/VLink/Page_CCSale/txt_Track1Data' is present

2020-12-23 23:48:01 - [MESSAGE][PASSED] - Text '' is set on object 'Object Repository/VLink/Page_CCSale/txt_Track1Data'

2020-12-23 23:48:01 - [MESSAGE][PASSED] - Object 'Object Repository/VLink/Page_CCSale/txt_Track2Data' is present

2020-12-23 23:48:02 - [MESSAGE][PASSED] - Text '' is set on object 'Object Repository/VLink/Page_CCSale/txt_Track2Data'

2020-12-23 23:48:02 - [MESSAGE][PASSED] - Object 'Object Repository/VLink/Page_CCSale/txt_POSEntryMode' is present

2020-12-23 23:48:03 - [MESSAGE][PASSED] - Text 'manual' is set on object 'Object Repository/VLink/Page_CCSale/txt_POSEntryMode'

2020-12-23 23:48:03 - [MESSAGE][PASSED] - Object 'Object Repository/VLink/Page_CCSale/txt_Email' is present

2020-12-23 23:48:04 - [MESSAGE][PASSED] - Text '' is set on object 'Object Repository/VLink/Page_CCSale/txt_Email'

2020-12-23 23:48:04 - [MESSAGE][PASSED] - Object 'Object Repository/VLink/Page_CCSale/txt_OrderNumber' is present

2020-12-23 23:48:05 - [MESSAGE][PASSED] - Text '' is set on object 'Object Repository/VLink/Page_CCSale/txt_OrderNumber'

2020-12-23 23:48:05 - [MESSAGE][PASSED] - Object 'Object Repository/VLink/Page_CCSale/txt_TaxAmount' is present

2020-12-23 23:48:06 - [MESSAGE][PASSED] - Text '' is set on object 'Object Repository/VLink/Page_CCSale/txt_TaxAmount'

2020-12-23 23:48:06 - [MESSAGE][PASSED] - Object 'Object Repository/VLink/Page_CCSale/txt_ChargeDescription' is present

2020-12-23 23:48:07 - [MESSAGE][PASSED] - Text '' is set on object 'Object Repository/VLink/Page_CCSale/txt_ChargeDescription'

2020-12-23 23:48:07 - [MESSAGE][PASSED] - Object 'Object Repository/VLink/Page_CCSale/txt_CAN' is present

2020-12-23 23:48:08 - [MESSAGE][PASSED] - Text '' is set on object 'Object Repository/VLink/Page_CCSale/txt_CAN'

2020-12-23 23:48:08 - [MESSAGE][PASSED] - Object 'Object Repository/VLink/Page_CCSale/txt_BillPaymentIndicator' is present

2020-12-23 23:48:09 - [MESSAGE][PASSED] - Text '' is set on object 'Object Repository/VLink/Page_CCSale/txt_BillPaymentIndicator'

2020-12-23 23:48:09 - [MESSAGE][PASSED] - Object 'Object Repository/VLink/Page_CCSale/txt_UDF1' is present

2020-12-23 23:48:10 - [MESSAGE][PASSED] - Text '' is set on object 'Object Repository/VLink/Page_CCSale/txt_UDF1'

2020-12-23 23:48:10 - [MESSAGE][PASSED] - Object 'Object Repository/VLink/Page_CCSale/txt_UDF2' is present

2020-12-23 23:48:11 - [MESSAGE][PASSED] - Text '' is set on object 'Object Repository/VLink/Page_CCSale/txt_UDF2'

2020-12-23 23:48:11 - [MESSAGE][PASSED] - Object 'Object Repository/VLink/Page_CCSale/txt_UDF3' is present

2020-12-23 23:48:12 - [MESSAGE][PASSED] - Text '' is set on object 'Object Repository/VLink/Page_CCSale/txt_UDF3'

2020-12-23 23:48:12 - [MESSAGE][PASSED] - Object 'Object Repository/VLink/Page_CCSale/txt_UDF4' is present

2020-12-23 23:48:13 - [MESSAGE][PASSED] - Text '' is set on object 'Object Repository/VLink/Page_CCSale/txt_UDF4'

2020-12-23 23:48:13 - [MESSAGE][PASSED] - Object 'Object Repository/VLink/Page_CCSale/txt_UDF5' is present

2020-12-23 23:48:14 - [MESSAGE][PASSED] - Text '' is set on object 'Object Repository/VLink/Page_CCSale/txt_UDF5'

2020-12-23 23:48:14 - [MESSAGE][PASSED] - Object 'Object Repository/VLink/Page_CCSale/txt_UDF6' is present

2020-12-23 23:48:15 - [MESSAGE][PASSED] - Text '' is set on object 'Object Repository/VLink/Page_CCSale/txt_UDF6'

2020-12-23 23:48:15 - [MESSAGE][PASSED] - Object 'Object Repository/VLink/Page_CCSale/txt_UDF7' is present

2020-12-23 23:48:16 - [MESSAGE][PASSED] - Text '' is set on object 'Object Repository/VLink/Page_CCSale/txt_UDF7'

2020-12-23 23:48:16 - [MESSAGE][PASSED] - Object 'Object Repository/VLink/Page_CCSale/txt_UDF8' is present

2020-12-23 23:48:17 - [MESSAGE][PASSED] - Text '' is set on object 'Object Repository/VLink/Page_CCSale/txt_UDF8'

2020-12-23 23:48:17 - [MESSAGE][PASSED] - Object 'Object Repository/VLink/Page_CCSale/txt_UDF9' is present

2020-12-23 23:48:18 - [MESSAGE][PASSED] - Text '' is set on object 'Object Repository/VLink/Page_CCSale/txt_UDF9'

2020-12-23 23:48:18 - [MESSAGE][PASSED] - Object 'Object Repository/VLink/Page_CCSale/txt_UDF10' is present

2020-12-23 23:48:19 - [MESSAGE][PASSED] - Text '' is set on object 'Object Repository/VLink/Page_CCSale/txt_UDF10'

2020-12-23 23:48:19 - [MESSAGE][PASSED] - Object 'Object Repository/VLink/Page_CCSale/txt_CardOnFileIndicator' is present

2020-12-23 23:48:20 - [MESSAGE][PASSED] - Text '' is set on object 'Object Repository/VLink/Page_CCSale/txt_CardOnFileIndicator'

2020-12-23 23:48:20 - [MESSAGE][PASSED] - Object 'Object Repository/VLink/Page_CCSale/txt_StoredCredentialIndicator' is present

2020-12-23 23:48:21 - [MESSAGE][PASSED] - Text '' is set on object 'Object Repository/VLink/Page_CCSale/txt_StoredCredentialIndicator'

2020-12-23 23:48:21 - [MESSAGE][PASSED] - Object 'Object Repository/VLink/Page_CCSale/txt_COFScheduledIndicator' is present

2020-12-23 23:48:22 - [MESSAGE][PASSED] - Text '' is set on object 'Object Repository/VLink/Page_CCSale/txt_COFScheduledIndicator'

2020-12-23 23:48:22 - [MESSAGE][PASSED] - Object 'Object Repository/VLink/Page_CCSale/txt_COFTransactionInitiatedBy' is present

2020-12-23 23:48:23 - [MESSAGE][PASSED] - Text '' is set on object 'Object Repository/VLink/Page_CCSale/txt_COFTransactionInitiatedBy'

2020-12-23 23:48:25 - [MESSAGE][PASSED] - Object: 'Object Repository/VLink/Page_CCSale/btn_ProcessVLinkTransaction' is clicked on

2020-12-23 23:48:30 - [MESSAGE][PASSED] - vlinkPages.saleCCPage.setDataSCC is PASSED

2020-12-23 23:48:30 - [TEST_STEP][PASSED] - if (verifyTextPresent("Transaction approved, no errors", true)): null

2020-12-23 23:48:31 - [MESSAGE][PASSED] - Text 'Transaction approved, no errors' is present on page  using regular expression

2020-12-23 23:48:31 - [TEST_STEP][PASSED] - println("Transaction Approved, no errors text is present on the Confirmation page"): null

2020-12-23 23:48:31 - [TEST_STEP][PASSED] - out.println("Pass Record Number: " + row): null

2020-12-23 23:48:31 - [TEST_STEP][PASSED] - resText = "Pass": null

2020-12-23 23:48:31 - [TEST_STEP][PASSED] - pages.WriteExcel.demoKey(resText, datText, resColumn, datCloumn, fileLoc, nameSheet, row): pages.WriteExcel.demoKey is PASSED

2020-12-23 23:48:31 - [MESSAGE][PASSED] - pages.WriteExcel.demoKey is PASSED

2020-12-23 23:48:31 - [TEST_STEP][PASSED] - sdfo = getText(findTestObject("Object Repository/Page_VLinkReceipt/pre_STX")): Text of object 'Object Repository/Page_VLinkReceipt/pre_STX' is: '<STX>uC1ZLFb1JwjL                  12088066            0  Transaction approved, no errors                   0                                                                                  X OK4020   <ETX>'

2020-12-23 23:48:31 - [MESSAGE][PASSED] - Text of object 'Object Repository/Page_VLinkReceipt/pre_STX' is: '<STX>uC1ZLFb1JwjL                  12088066            0  Transaction approved, no errors                   0                                                                                  X OK4020   <ETX>'

2020-12-23 23:48:31 - [TEST_STEP][PASSED] - out.println("sdfo: " + sdfo): null

2020-12-23 23:48:31 - [TEST_STEP][PASSED] - remID = substring(5, 35).trim(): null

2020-12-23 23:48:31 - [TEST_STEP][PASSED] - out.println("Remittance ID: " + remID): null

2020-12-23 23:48:31 - [TEST_STEP][PASSED] - traxID = substring(35, 55).trim(): null

2020-12-23 23:48:31 - [TEST_STEP][PASSED] - out.println("Transaction ID: " + traxID): null

2020-12-23 23:48:31 - [TEST_STEP][PASSED] - out.println("End Record Number: " + row): null

2020-12-23 23:48:31 - [TEST_STEP][PASSED] - closeBrowser(): Browser is closed

2020-12-23 23:48:32 - [MESSAGE][PASSED] - Browser is closed

2020-12-23 23:48:32 - [TEST_STEP][PASSED] - out.println("Begin Record Number: " + row): null

2020-12-23 23:48:32 - [TEST_STEP][PASSED] - today = new java.util.Date(): null

2020-12-23 23:48:32 - [TEST_STEP][PASSED] - println(today): null

2020-12-23 23:48:32 - [TEST_STEP][PASSED] - datText = today: null

2020-12-23 23:48:32 - [TEST_STEP][PASSED] - openBrowser(VLinkURL + "authcap.html"): Browser is opened with url: 'https://dev-algorithm.govolution.com/vlinktest/QA/version_2_0/authcap.html'

2020-12-23 23:48:32 - [MESSAGE][INFO] - Starting 'Chrome' driver

2020-12-23 23:48:32 - [MESSAGE][INFO] - User set preference: ['acceptInsecureCerts', 'true']

2020-12-23 23:48:32 - [MESSAGE][INFO] - Action delay is set to 0 milliseconds

2020-12-23 23:48:36 - [MESSAGE][PASSED] - Browser is opened with url: 'https://dev-algorithm.govolution.com/vlinktest/QA/version_2_0/authcap.html'

2020-12-23 23:48:36 - [TEST_STEP][PASSED] - maximizeWindow(): Current window maximized

2020-12-23 23:48:36 - [MESSAGE][PASSED] - Current window maximized

2020-12-23 23:48:36 - [TEST_STEP][PASSED] - vlinkPages.saleCCPage.setDataSCC(row, dataFile): vlinkPages.saleCCPage.setDataSCC is PASSED

2020-12-23 23:48:38 - [MESSAGE][PASSED] - Object 'Object Repository/VLink/Page_CCSale/txt_CardNumber' is present

2020-12-23 23:48:38 - [MESSAGE][PASSED] - Object 'Object Repository/VLink/Page_CCSale/txt_TransactionType' is present

2020-12-23 23:48:39 - [MESSAGE][PASSED] - Text '104' is set on object 'Object Repository/VLink/Page_CCSale/txt_TransactionType'

2020-12-23 23:48:39 - [MESSAGE][PASSED] - Object 'Object Repository/VLink/Page_CCSale/txt_MessageVersion' is present

2020-12-23 23:48:40 - [MESSAGE][PASSED] - Text '2.0C' is set on object 'Object Repository/VLink/Page_CCSale/txt_MessageVersion'

2020-12-23 23:48:40 - [MESSAGE][PASSED] - Object 'Object Repository/VLink/Page_CCSale/txt_RemID' is present

2020-12-23 23:48:41 - [MESSAGE][PASSED] - Text 'w6qPKDNGtXTk' is set on object 'Object Repository/VLink/Page_CCSale/txt_RemID'

2020-12-23 23:48:41 - [MESSAGE][PASSED] - Object 'Object Repository/VLink/Page_CCSale/txt_ApplicationId' is present

2020-12-23 23:48:41 - [MESSAGE][PASSED] - Text '677' is set on object 'Object Repository/VLink/Page_CCSale/txt_ApplicationId'

2020-12-23 23:48:42 - [MESSAGE][PASSED] - Object 'Object Repository/VLink/Page_CCSale/txt_Username' is present

2020-12-23 23:48:42 - [MESSAGE][PASSED] - Text 'username' is set on object 'Object Repository/VLink/Page_CCSale/txt_Username'

2020-12-23 23:48:43 - [MESSAGE][PASSED] - Object 'Object Repository/VLink/Page_CCSale/txt_Password' is present

2020-12-23 23:48:43 - [MESSAGE][PASSED] - Text 'password' is set on object 'Object Repository/VLink/Page_CCSale/txt_Password'

2020-12-23 23:48:44 - [MESSAGE][PASSED] - Object 'Object Repository/VLink/Page_CCSale/txt_ResponseFormat' is present

2020-12-23 23:48:44 - [MESSAGE][PASSED] - Text 'fixed_width' is set on object 'Object Repository/VLink/Page_CCSale/txt_ResponseFormat'

2020-12-23 23:48:45 - [MESSAGE][PASSED] - Object 'Object Repository/VLink/Page_CCSale/txt_Category' is present

2020-12-23 23:48:45 - [MESSAGE][PASSED] - Text 'MOTO' is set on object 'Object Repository/VLink/Page_CCSale/txt_Category'

2020-12-23 23:48:46 - [MESSAGE][PASSED] - Object 'Object Repository/VLink/Page_CCSale/txt_TransactionID' is present

2020-12-23 23:48:46 - [MESSAGE][PASSED] - Text '' is set on object 'Object Repository/VLink/Page_CCSale/txt_TransactionID'

2020-12-23 23:48:47 - [MESSAGE][PASSED] - Object 'Object Repository/VLink/Page_CCSale/txt_ApprovalCode' is present

2020-12-23 23:48:47 - [MESSAGE][PASSED] - Text '' is set on object 'Object Repository/VLink/Page_CCSale/txt_ApprovalCode'

2020-12-23 23:48:47 - [MESSAGE][PASSED] - Object 'Object Repository/VLink/Page_CCSale/txt_CardName' is present

2020-12-23 23:48:48 - [MESSAGE][PASSED] - Text 'Roshan Maha' is set on object 'Object Repository/VLink/Page_CCSale/txt_CardName'

2020-12-23 23:48:48 - [MESSAGE][PASSED] - Object 'Object Repository/VLink/Page_CCSale/txt_AL1' is present

2020-12-23 23:48:49 - [MESSAGE][PASSED] - Text '12563 Bazaar road' is set on object 'Object Repository/VLink/Page_CCSale/txt_AL1'

2020-12-23 23:48:49 - [MESSAGE][PASSED] - Object 'Object Repository/VLink/Page_CCSale/txt_AL2' is present

2020-12-23 23:48:50 - [MESSAGE][PASSED] - Text '' is set on object 'Object Repository/VLink/Page_CCSale/txt_AL2'

2020-12-23 23:48:50 - [MESSAGE][PASSED] - Object 'Object Repository/VLink/Page_CCSale/txt_CardCity' is present

2020-12-23 23:48:51 - [MESSAGE][PASSED] - Text 'Crofton' is set on object 'Object Repository/VLink/Page_CCSale/txt_CardCity'

2020-12-23 23:48:51 - [MESSAGE][PASSED] - Object 'Object Repository/VLink/Page_CCSale/txt_CardState' is present

2020-12-23 23:48:52 - [MESSAGE][PASSED] - Text 'MD' is set on object 'Object Repository/VLink/Page_CCSale/txt_CardState'

2020-12-23 23:48:52 - [MESSAGE][PASSED] - Object 'Object Repository/VLink/Page_CCSale/txt_CardZIP' is present

2020-12-23 23:48:53 - [MESSAGE][PASSED] - Text '21114' is set on object 'Object Repository/VLink/Page_CCSale/txt_CardZIP'

2020-12-23 23:48:53 - [MESSAGE][PASSED] - Object 'Object Repository/VLink/Page_CCSale/txt_CountryID' is present

2020-12-23 23:48:54 - [MESSAGE][PASSED] - Text '' is set on object 'Object Repository/VLink/Page_CCSale/txt_CountryID'

2020-12-23 23:48:54 - [MESSAGE][PASSED] - Object 'Object Repository/VLink/Page_CCSale/txt_Amount' is present

2020-12-23 23:48:55 - [MESSAGE][PASSED] - Text '3.50' is set on object 'Object Repository/VLink/Page_CCSale/txt_Amount'

2020-12-23 23:48:55 - [MESSAGE][PASSED] - Object 'Object Repository/VLink/Page_CCSale/txt_CardNumber' is present

2020-12-23 23:48:56 - [MESSAGE][PASSED] - Text '370000000000002' is set on object 'Object Repository/VLink/Page_CCSale/txt_CardNumber'

2020-12-23 23:48:56 - [MESSAGE][PASSED] - Object 'Object Repository/VLink/Page_CCSale/txt_ExpMonth' is present

2020-12-23 23:48:57 - [MESSAGE][PASSED] - Text '01' is set on object 'Object Repository/VLink/Page_CCSale/txt_ExpMonth'

2020-12-23 23:48:57 - [MESSAGE][PASSED] - Object 'Object Repository/VLink/Page_CCSale/txt_ExpYear' is present

2020-12-23 23:48:58 - [MESSAGE][PASSED] - Text '2026' is set on object 'Object Repository/VLink/Page_CCSale/txt_ExpYear'

2020-12-23 23:48:58 - [MESSAGE][PASSED] - Object 'Object Repository/VLink/Page_CCSale/txt_CVV' is present

2020-12-23 23:48:59 - [MESSAGE][PASSED] - Text '' is set on object 'Object Repository/VLink/Page_CCSale/txt_CVV'

2020-12-23 23:48:59 - [MESSAGE][PASSED] - Object 'Object Repository/VLink/Page_CCSale/txt_CVVstate' is present

2020-12-23 23:49:00 - [MESSAGE][PASSED] - Text '' is set on object 'Object Repository/VLink/Page_CCSale/txt_CVVstate'

2020-12-23 23:49:00 - [MESSAGE][PASSED] - Object 'Object Repository/VLink/Page_CCSale/txt_TrackData' is present

2020-12-23 23:49:01 - [MESSAGE][PASSED] - Text '' is set on object 'Object Repository/VLink/Page_CCSale/txt_TrackData'

2020-12-23 23:49:01 - [MESSAGE][PASSED] - Object 'Object Repository/VLink/Page_CCSale/txt_Track1Data' is present

2020-12-23 23:49:02 - [MESSAGE][PASSED] - Text '' is set on object 'Object Repository/VLink/Page_CCSale/txt_Track1Data'

2020-12-23 23:49:02 - [MESSAGE][PASSED] - Object 'Object Repository/VLink/Page_CCSale/txt_Track2Data' is present

2020-12-23 23:49:03 - [MESSAGE][PASSED] - Text '' is set on object 'Object Repository/VLink/Page_CCSale/txt_Track2Data'

2020-12-23 23:49:03 - [MESSAGE][PASSED] - Object 'Object Repository/VLink/Page_CCSale/txt_POSEntryMode' is present

2020-12-23 23:49:04 - [MESSAGE][PASSED] - Text 'manual' is set on object 'Object Repository/VLink/Page_CCSale/txt_POSEntryMode'

2020-12-23 23:49:04 - [MESSAGE][PASSED] - Object 'Object Repository/VLink/Page_CCSale/txt_Email' is present

2020-12-23 23:49:05 - [MESSAGE][PASSED] - Text '' is set on object 'Object Repository/VLink/Page_CCSale/txt_Email'

2020-12-23 23:49:05 - [MESSAGE][PASSED] - Object 'Object Repository/VLink/Page_CCSale/txt_OrderNumber' is present

2020-12-23 23:49:06 - [MESSAGE][PASSED] - Text '' is set on object 'Object Repository/VLink/Page_CCSale/txt_OrderNumber'

2020-12-23 23:49:06 - [MESSAGE][PASSED] - Object 'Object Repository/VLink/Page_CCSale/txt_TaxAmount' is present

2020-12-23 23:49:07 - [MESSAGE][PASSED] - Text '' is set on object 'Object Repository/VLink/Page_CCSale/txt_TaxAmount'

2020-12-23 23:49:07 - [MESSAGE][PASSED] - Object 'Object Repository/VLink/Page_CCSale/txt_ChargeDescription' is present

2020-12-23 23:49:08 - [MESSAGE][PASSED] - Text '' is set on object 'Object Repository/VLink/Page_CCSale/txt_ChargeDescription'

2020-12-23 23:49:08 - [MESSAGE][PASSED] - Object 'Object Repository/VLink/Page_CCSale/txt_CAN' is present

2020-12-23 23:49:09 - [MESSAGE][PASSED] - Text '' is set on object 'Object Repository/VLink/Page_CCSale/txt_CAN'

2020-12-23 23:49:09 - [MESSAGE][PASSED] - Object 'Object Repository/VLink/Page_CCSale/txt_BillPaymentIndicator' is present

2020-12-23 23:49:10 - [MESSAGE][PASSED] - Text '' is set on object 'Object Repository/VLink/Page_CCSale/txt_BillPaymentIndicator'

2020-12-23 23:49:10 - [MESSAGE][PASSED] - Object 'Object Repository/VLink/Page_CCSale/txt_UDF1' is present

2020-12-23 23:49:11 - [MESSAGE][PASSED] - Text '' is set on object 'Object Repository/VLink/Page_CCSale/txt_UDF1'

2020-12-23 23:49:11 - [MESSAGE][PASSED] - Object 'Object Repository/VLink/Page_CCSale/txt_UDF2' is present

2020-12-23 23:49:12 - [MESSAGE][PASSED] - Text '' is set on object 'Object Repository/VLink/Page_CCSale/txt_UDF2'

2020-12-23 23:49:12 - [MESSAGE][PASSED] - Object 'Object Repository/VLink/Page_CCSale/txt_UDF3' is present

2020-12-23 23:49:13 - [MESSAGE][PASSED] - Text '' is set on object 'Object Repository/VLink/Page_CCSale/txt_UDF3'

2020-12-23 23:49:13 - [MESSAGE][PASSED] - Object 'Object Repository/VLink/Page_CCSale/txt_UDF4' is present

2020-12-23 23:49:14 - [MESSAGE][PASSED] - Text '' is set on object 'Object Repository/VLink/Page_CCSale/txt_UDF4'

2020-12-23 23:49:14 - [MESSAGE][PASSED] - Object 'Object Repository/VLink/Page_CCSale/txt_UDF5' is present

2020-12-23 23:49:15 - [MESSAGE][PASSED] - Text '' is set on object 'Object Repository/VLink/Page_CCSale/txt_UDF5'

2020-12-23 23:49:15 - [MESSAGE][PASSED] - Object 'Object Repository/VLink/Page_CCSale/txt_UDF6' is present

2020-12-23 23:49:16 - [MESSAGE][PASSED] - Text '' is set on object 'Object Repository/VLink/Page_CCSale/txt_UDF6'

2020-12-23 23:49:16 - [MESSAGE][PASSED] - Object 'Object Repository/VLink/Page_CCSale/txt_UDF7' is present

2020-12-23 23:49:16 - [MESSAGE][PASSED] - Text '' is set on object 'Object Repository/VLink/Page_CCSale/txt_UDF7'

2020-12-23 23:49:17 - [MESSAGE][PASSED] - Object 'Object Repository/VLink/Page_CCSale/txt_UDF8' is present

2020-12-23 23:49:17 - [MESSAGE][PASSED] - Text '' is set on object 'Object Repository/VLink/Page_CCSale/txt_UDF8'

2020-12-23 23:49:18 - [MESSAGE][PASSED] - Object 'Object Repository/VLink/Page_CCSale/txt_UDF9' is present

2020-12-23 23:49:18 - [MESSAGE][PASSED] - Text '' is set on object 'Object Repository/VLink/Page_CCSale/txt_UDF9'

2020-12-23 23:49:19 - [MESSAGE][PASSED] - Object 'Object Repository/VLink/Page_CCSale/txt_UDF10' is present

2020-12-23 23:49:19 - [MESSAGE][PASSED] - Text '' is set on object 'Object Repository/VLink/Page_CCSale/txt_UDF10'

2020-12-23 23:49:20 - [MESSAGE][PASSED] - Object 'Object Repository/VLink/Page_CCSale/txt_CardOnFileIndicator' is present

2020-12-23 23:49:20 - [MESSAGE][PASSED] - Text '' is set on object 'Object Repository/VLink/Page_CCSale/txt_CardOnFileIndicator'

2020-12-23 23:49:21 - [MESSAGE][PASSED] - Object 'Object Repository/VLink/Page_CCSale/txt_StoredCredentialIndicator' is present

2020-12-23 23:49:21 - [MESSAGE][PASSED] - Text '' is set on object 'Object Repository/VLink/Page_CCSale/txt_StoredCredentialIndicator'

2020-12-23 23:49:22 - [MESSAGE][PASSED] - Object 'Object Repository/VLink/Page_CCSale/txt_COFScheduledIndicator' is present

2020-12-23 23:49:22 - [MESSAGE][PASSED] - Text '' is set on object 'Object Repository/VLink/Page_CCSale/txt_COFScheduledIndicator'

2020-12-23 23:49:23 - [MESSAGE][PASSED] - Object 'Object Repository/VLink/Page_CCSale/txt_COFTransactionInitiatedBy' is present

2020-12-23 23:49:23 - [MESSAGE][PASSED] - Text '' is set on object 'Object Repository/VLink/Page_CCSale/txt_COFTransactionInitiatedBy'

2020-12-23 23:49:26 - [MESSAGE][PASSED] - Object: 'Object Repository/VLink/Page_CCSale/btn_ProcessVLinkTransaction' is clicked on

2020-12-23 23:49:31 - [MESSAGE][PASSED] - vlinkPages.saleCCPage.setDataSCC is PASSED

2020-12-23 23:49:31 - [TEST_STEP][PASSED] - if (verifyTextPresent("Transaction approved, no errors", true)): null

2020-12-23 23:49:31 - [MESSAGE][PASSED] - Text 'Transaction approved, no errors' is present on page  using regular expression

2020-12-23 23:49:31 - [TEST_STEP][PASSED] - println("Transaction Approved, no errors text is present on the Confirmation page"): null

2020-12-23 23:49:31 - [TEST_STEP][PASSED] - out.println("Pass Record Number: " + row): null

2020-12-23 23:49:31 - [TEST_STEP][PASSED] - resText = "Pass": null

2020-12-23 23:49:31 - [TEST_STEP][PASSED] - pages.WriteExcel.demoKey(resText, datText, resColumn, datCloumn, fileLoc, nameSheet, row): pages.WriteExcel.demoKey is PASSED

2020-12-23 23:49:31 - [MESSAGE][PASSED] - pages.WriteExcel.demoKey is PASSED

2020-12-23 23:49:31 - [TEST_STEP][PASSED] - sdfo = getText(findTestObject("Object Repository/Page_VLinkReceipt/pre_STX")): Text of object 'Object Repository/Page_VLinkReceipt/pre_STX' is: '<STX>w6qPKDNGtXTk                  12088067            0  Transaction approved, no errors                   0                                                                                  X OK4030   <ETX>'

2020-12-23 23:49:32 - [MESSAGE][PASSED] - Text of object 'Object Repository/Page_VLinkReceipt/pre_STX' is: '<STX>w6qPKDNGtXTk                  12088067            0  Transaction approved, no errors                   0                                                                                  X OK4030   <ETX>'

2020-12-23 23:49:32 - [TEST_STEP][PASSED] - out.println("sdfo: " + sdfo): null

2020-12-23 23:49:32 - [TEST_STEP][PASSED] - remID = substring(5, 35).trim(): null

2020-12-23 23:49:32 - [TEST_STEP][PASSED] - out.println("Remittance ID: " + remID): null

2020-12-23 23:49:32 - [TEST_STEP][PASSED] - traxID = substring(35, 55).trim(): null

2020-12-23 23:49:32 - [TEST_STEP][PASSED] - out.println("Transaction ID: " + traxID): null

2020-12-23 23:49:32 - [TEST_STEP][PASSED] - out.println("End Record Number: " + row): null

2020-12-23 23:49:32 - [TEST_STEP][PASSED] - closeBrowser(): Browser is closed

2020-12-23 23:49:32 - [MESSAGE][PASSED] - Browser is closed

2020-12-23 23:49:32 - [TEST_STEP][PASSED] - out.println("Begin Record Number: " + row): null

2020-12-23 23:49:32 - [TEST_STEP][PASSED] - today = new java.util.Date(): null

2020-12-23 23:49:32 - [TEST_STEP][PASSED] - println(today): null

2020-12-23 23:49:32 - [TEST_STEP][PASSED] - datText = today: null

2020-12-23 23:49:32 - [TEST_STEP][PASSED] - openBrowser(VLinkURL + "authcap.html"): Browser is opened with url: 'https://dev-algorithm.govolution.com/vlinktest/QA/version_2_0/authcap.html'

2020-12-23 23:49:32 - [MESSAGE][INFO] - Starting 'Chrome' driver

2020-12-23 23:49:32 - [MESSAGE][INFO] - User set preference: ['acceptInsecureCerts', 'true']

2020-12-23 23:49:33 - [MESSAGE][INFO] - Action delay is set to 0 milliseconds

2020-12-23 23:49:37 - [MESSAGE][PASSED] - Browser is opened with url: 'https://dev-algorithm.govolution.com/vlinktest/QA/version_2_0/authcap.html'

2020-12-23 23:49:37 - [TEST_STEP][PASSED] - maximizeWindow(): Current window maximized

2020-12-23 23:49:37 - [MESSAGE][PASSED] - Current window maximized

2020-12-23 23:49:37 - [TEST_STEP][PASSED] - vlinkPages.saleCCPage.setDataSCC(row, dataFile): vlinkPages.saleCCPage.setDataSCC is PASSED

2020-12-23 23:49:39 - [MESSAGE][PASSED] - Object 'Object Repository/VLink/Page_CCSale/txt_CardNumber' is present

2020-12-23 23:49:39 - [MESSAGE][PASSED] - Object 'Object Repository/VLink/Page_CCSale/txt_TransactionType' is present

2020-12-23 23:49:40 - [MESSAGE][PASSED] - Text '104' is set on object 'Object Repository/VLink/Page_CCSale/txt_TransactionType'

2020-12-23 23:49:40 - [MESSAGE][PASSED] - Object 'Object Repository/VLink/Page_CCSale/txt_MessageVersion' is present

2020-12-23 23:49:40 - [MESSAGE][PASSED] - Text '2.0C' is set on object 'Object Repository/VLink/Page_CCSale/txt_MessageVersion'

2020-12-23 23:49:41 - [MESSAGE][PASSED] - Object 'Object Repository/VLink/Page_CCSale/txt_RemID' is present

2020-12-23 23:49:41 - [MESSAGE][PASSED] - Text 'uGcD7jcISxnV' is set on object 'Object Repository/VLink/Page_CCSale/txt_RemID'

2020-12-23 23:49:42 - [MESSAGE][PASSED] - Object 'Object Repository/VLink/Page_CCSale/txt_ApplicationId' is present

2020-12-23 23:49:42 - [MESSAGE][PASSED] - Text '665' is set on object 'Object Repository/VLink/Page_CCSale/txt_ApplicationId'

2020-12-23 23:49:42 - [MESSAGE][PASSED] - Object 'Object Repository/VLink/Page_CCSale/txt_Username' is present

2020-12-23 23:49:43 - [MESSAGE][PASSED] - Text 'username' is set on object 'Object Repository/VLink/Page_CCSale/txt_Username'

2020-12-23 23:49:43 - [MESSAGE][PASSED] - Object 'Object Repository/VLink/Page_CCSale/txt_Password' is present

2020-12-23 23:49:44 - [MESSAGE][PASSED] - Text 'password' is set on object 'Object Repository/VLink/Page_CCSale/txt_Password'

2020-12-23 23:49:44 - [MESSAGE][PASSED] - Object 'Object Repository/VLink/Page_CCSale/txt_ResponseFormat' is present

2020-12-23 23:49:45 - [MESSAGE][PASSED] - Text 'fixed_width' is set on object 'Object Repository/VLink/Page_CCSale/txt_ResponseFormat'

2020-12-23 23:49:45 - [MESSAGE][PASSED] - Object 'Object Repository/VLink/Page_CCSale/txt_Category' is present

2020-12-23 23:49:46 - [MESSAGE][PASSED] - Text 'MOTO' is set on object 'Object Repository/VLink/Page_CCSale/txt_Category'

2020-12-23 23:49:46 - [MESSAGE][PASSED] - Object 'Object Repository/VLink/Page_CCSale/txt_TransactionID' is present

2020-12-23 23:49:47 - [MESSAGE][PASSED] - Text '' is set on object 'Object Repository/VLink/Page_CCSale/txt_TransactionID'

2020-12-23 23:49:47 - [MESSAGE][PASSED] - Object 'Object Repository/VLink/Page_CCSale/txt_ApprovalCode' is present

2020-12-23 23:49:48 - [MESSAGE][PASSED] - Text '' is set on object 'Object Repository/VLink/Page_CCSale/txt_ApprovalCode'

2020-12-23 23:49:48 - [MESSAGE][PASSED] - Object 'Object Repository/VLink/Page_CCSale/txt_CardName' is present

2020-12-23 23:49:49 - [MESSAGE][PASSED] - Text 'Kris Roshan' is set on object 'Object Repository/VLink/Page_CCSale/txt_CardName'

2020-12-23 23:49:49 - [MESSAGE][PASSED] - Object 'Object Repository/VLink/Page_CCSale/txt_AL1' is present

2020-12-23 23:49:50 - [MESSAGE][PASSED] - Text '258 Elm Road' is set on object 'Object Repository/VLink/Page_CCSale/txt_AL1'

2020-12-23 23:49:50 - [MESSAGE][PASSED] - Object 'Object Repository/VLink/Page_CCSale/txt_AL2' is present

2020-12-23 23:49:51 - [MESSAGE][PASSED] - Text 'Suite 56' is set on object 'Object Repository/VLink/Page_CCSale/txt_AL2'

2020-12-23 23:49:51 - [MESSAGE][PASSED] - Object 'Object Repository/VLink/Page_CCSale/txt_CardCity' is present

2020-12-23 23:49:52 - [MESSAGE][PASSED] - Text 'Arlington' is set on object 'Object Repository/VLink/Page_CCSale/txt_CardCity'

2020-12-23 23:49:52 - [MESSAGE][PASSED] - Object 'Object Repository/VLink/Page_CCSale/txt_CardState' is present

2020-12-23 23:49:53 - [MESSAGE][PASSED] - Text 'VA' is set on object 'Object Repository/VLink/Page_CCSale/txt_CardState'

2020-12-23 23:49:53 - [MESSAGE][PASSED] - Object 'Object Repository/VLink/Page_CCSale/txt_CardZIP' is present

2020-12-23 23:49:53 - [MESSAGE][PASSED] - Text '22201' is set on object 'Object Repository/VLink/Page_CCSale/txt_CardZIP'

2020-12-23 23:49:54 - [MESSAGE][PASSED] - Object 'Object Repository/VLink/Page_CCSale/txt_CountryID' is present

2020-12-23 23:49:54 - [MESSAGE][PASSED] - Text '840' is set on object 'Object Repository/VLink/Page_CCSale/txt_CountryID'

2020-12-23 23:49:55 - [MESSAGE][PASSED] - Object 'Object Repository/VLink/Page_CCSale/txt_Amount' is present

2020-12-23 23:49:56 - [MESSAGE][PASSED] - Text '1.50' is set on object 'Object Repository/VLink/Page_CCSale/txt_Amount'

2020-12-23 23:49:56 - [MESSAGE][PASSED] - Object 'Object Repository/VLink/Page_CCSale/txt_CardNumber' is present

2020-12-23 23:49:56 - [MESSAGE][PASSED] - Text '6011000000000004' is set on object 'Object Repository/VLink/Page_CCSale/txt_CardNumber'

2020-12-23 23:49:57 - [MESSAGE][PASSED] - Object 'Object Repository/VLink/Page_CCSale/txt_ExpMonth' is present

2020-12-23 23:49:57 - [MESSAGE][PASSED] - Text '12' is set on object 'Object Repository/VLink/Page_CCSale/txt_ExpMonth'

2020-12-23 23:49:58 - [MESSAGE][PASSED] - Object 'Object Repository/VLink/Page_CCSale/txt_ExpYear' is present

2020-12-23 23:49:58 - [MESSAGE][PASSED] - Text '2025' is set on object 'Object Repository/VLink/Page_CCSale/txt_ExpYear'

2020-12-23 23:49:59 - [MESSAGE][PASSED] - Object 'Object Repository/VLink/Page_CCSale/txt_CVV' is present

2020-12-23 23:49:59 - [MESSAGE][PASSED] - Text '' is set on object 'Object Repository/VLink/Page_CCSale/txt_CVV'

2020-12-23 23:50:00 - [MESSAGE][PASSED] - Object 'Object Repository/VLink/Page_CCSale/txt_CVVstate' is present

2020-12-23 23:50:00 - [MESSAGE][PASSED] - Text '' is set on object 'Object Repository/VLink/Page_CCSale/txt_CVVstate'

2020-12-23 23:50:01 - [MESSAGE][PASSED] - Object 'Object Repository/VLink/Page_CCSale/txt_TrackData' is present

2020-12-23 23:50:01 - [MESSAGE][PASSED] - Text '' is set on object 'Object Repository/VLink/Page_CCSale/txt_TrackData'

2020-12-23 23:50:02 - [MESSAGE][PASSED] - Object 'Object Repository/VLink/Page_CCSale/txt_Track1Data' is present

2020-12-23 23:50:02 - [MESSAGE][PASSED] - Text '' is set on object 'Object Repository/VLink/Page_CCSale/txt_Track1Data'

2020-12-23 23:50:03 - [MESSAGE][PASSED] - Object 'Object Repository/VLink/Page_CCSale/txt_Track2Data' is present

2020-12-23 23:50:03 - [MESSAGE][PASSED] - Text '' is set on object 'Object Repository/VLink/Page_CCSale/txt_Track2Data'

2020-12-23 23:50:04 - [MESSAGE][PASSED] - Object 'Object Repository/VLink/Page_CCSale/txt_POSEntryMode' is present

2020-12-23 23:50:04 - [MESSAGE][PASSED] - Text 'manual' is set on object 'Object Repository/VLink/Page_CCSale/txt_POSEntryMode'

2020-12-23 23:50:05 - [MESSAGE][PASSED] - Object 'Object Repository/VLink/Page_CCSale/txt_Email' is present

2020-12-23 23:50:05 - [MESSAGE][PASSED] - Text 'iahmed@govolution.com' is set on object 'Object Repository/VLink/Page_CCSale/txt_Email'

2020-12-23 23:50:06 - [MESSAGE][PASSED] - Object 'Object Repository/VLink/Page_CCSale/txt_OrderNumber' is present

2020-12-23 23:50:06 - [MESSAGE][PASSED] - Text '2569362' is set on object 'Object Repository/VLink/Page_CCSale/txt_OrderNumber'

2020-12-23 23:50:07 - [MESSAGE][PASSED] - Object 'Object Repository/VLink/Page_CCSale/txt_TaxAmount' is present

2020-12-23 23:50:07 - [MESSAGE][PASSED] - Text '1.15' is set on object 'Object Repository/VLink/Page_CCSale/txt_TaxAmount'

2020-12-23 23:50:08 - [MESSAGE][PASSED] - Object 'Object Repository/VLink/Page_CCSale/txt_ChargeDescription' is present

2020-12-23 23:50:08 - [MESSAGE][PASSED] - Text 'Charge Description' is set on object 'Object Repository/VLink/Page_CCSale/txt_ChargeDescription'

2020-12-23 23:50:09 - [MESSAGE][PASSED] - Object 'Object Repository/VLink/Page_CCSale/txt_CAN' is present

2020-12-23 23:50:09 - [MESSAGE][PASSED] - Text '147357' is set on object 'Object Repository/VLink/Page_CCSale/txt_CAN'

2020-12-23 23:50:10 - [MESSAGE][PASSED] - Object 'Object Repository/VLink/Page_CCSale/txt_BillPaymentIndicator' is present

2020-12-23 23:50:10 - [MESSAGE][PASSED] - Text '1' is set on object 'Object Repository/VLink/Page_CCSale/txt_BillPaymentIndicator'

2020-12-23 23:50:10 - [MESSAGE][PASSED] - Object 'Object Repository/VLink/Page_CCSale/txt_UDF1' is present

2020-12-23 23:50:11 - [MESSAGE][PASSED] - Text 'UDF Data 1' is set on object 'Object Repository/VLink/Page_CCSale/txt_UDF1'

2020-12-23 23:50:12 - [MESSAGE][PASSED] - Object 'Object Repository/VLink/Page_CCSale/txt_UDF2' is present

2020-12-23 23:50:12 - [MESSAGE][PASSED] - Text 'UDF Data 2' is set on object 'Object Repository/VLink/Page_CCSale/txt_UDF2'

2020-12-23 23:50:12 - [MESSAGE][PASSED] - Object 'Object Repository/VLink/Page_CCSale/txt_UDF3' is present

2020-12-23 23:50:13 - [MESSAGE][PASSED] - Text 'UDF Data 3' is set on object 'Object Repository/VLink/Page_CCSale/txt_UDF3'

2020-12-23 23:50:13 - [MESSAGE][PASSED] - Object 'Object Repository/VLink/Page_CCSale/txt_UDF4' is present

2020-12-23 23:50:14 - [MESSAGE][PASSED] - Text 'UDF Data 4' is set on object 'Object Repository/VLink/Page_CCSale/txt_UDF4'

2020-12-23 23:50:14 - [MESSAGE][PASSED] - Object 'Object Repository/VLink/Page_CCSale/txt_UDF5' is present

2020-12-23 23:50:15 - [MESSAGE][PASSED] - Text 'UDF Data 5' is set on object 'Object Repository/VLink/Page_CCSale/txt_UDF5'

2020-12-23 23:50:15 - [MESSAGE][PASSED] - Object 'Object Repository/VLink/Page_CCSale/txt_UDF6' is present

2020-12-23 23:50:16 - [MESSAGE][PASSED] - Text 'UDF Data 6' is set on object 'Object Repository/VLink/Page_CCSale/txt_UDF6'

2020-12-23 23:50:16 - [MESSAGE][PASSED] - Object 'Object Repository/VLink/Page_CCSale/txt_UDF7' is present

2020-12-23 23:50:17 - [MESSAGE][PASSED] - Text 'UDF Data 7' is set on object 'Object Repository/VLink/Page_CCSale/txt_UDF7'

2020-12-23 23:50:17 - [MESSAGE][PASSED] - Object 'Object Repository/VLink/Page_CCSale/txt_UDF8' is present

2020-12-23 23:50:18 - [MESSAGE][PASSED] - Text 'UDF Data 8' is set on object 'Object Repository/VLink/Page_CCSale/txt_UDF8'

2020-12-23 23:50:18 - [MESSAGE][PASSED] - Object 'Object Repository/VLink/Page_CCSale/txt_UDF9' is present

2020-12-23 23:50:19 - [MESSAGE][PASSED] - Text 'UDF Data 9' is set on object 'Object Repository/VLink/Page_CCSale/txt_UDF9'

2020-12-23 23:50:19 - [MESSAGE][PASSED] - Object 'Object Repository/VLink/Page_CCSale/txt_UDF10' is present

2020-12-23 23:50:20 - [MESSAGE][PASSED] - Text 'UDF Data 10' is set on object 'Object Repository/VLink/Page_CCSale/txt_UDF10'

2020-12-23 23:50:20 - [MESSAGE][PASSED] - Object 'Object Repository/VLink/Page_CCSale/txt_CardOnFileIndicator' is present

2020-12-23 23:50:21 - [MESSAGE][PASSED] - Text '' is set on object 'Object Repository/VLink/Page_CCSale/txt_CardOnFileIndicator'

2020-12-23 23:50:21 - [MESSAGE][PASSED] - Object 'Object Repository/VLink/Page_CCSale/txt_StoredCredentialIndicator' is present

2020-12-23 23:50:22 - [MESSAGE][PASSED] - Text '' is set on object 'Object Repository/VLink/Page_CCSale/txt_StoredCredentialIndicator'

2020-12-23 23:50:22 - [MESSAGE][PASSED] - Object 'Object Repository/VLink/Page_CCSale/txt_COFScheduledIndicator' is present

2020-12-23 23:50:23 - [MESSAGE][PASSED] - Text '' is set on object 'Object Repository/VLink/Page_CCSale/txt_COFScheduledIndicator'

2020-12-23 23:50:23 - [MESSAGE][PASSED] - Object 'Object Repository/VLink/Page_CCSale/txt_COFTransactionInitiatedBy' is present

2020-12-23 23:50:24 - [MESSAGE][PASSED] - Text '' is set on object 'Object Repository/VLink/Page_CCSale/txt_COFTransactionInitiatedBy'

2020-12-23 23:50:26 - [MESSAGE][PASSED] - Object: 'Object Repository/VLink/Page_CCSale/btn_ProcessVLinkTransaction' is clicked on

2020-12-23 23:50:31 - [MESSAGE][PASSED] - vlinkPages.saleCCPage.setDataSCC is PASSED

2020-12-23 23:50:31 - [TEST_STEP][PASSED] - if (verifyTextPresent("Transaction approved, no errors", true)): null

2020-12-23 23:50:32 - [MESSAGE][PASSED] - Text 'Transaction approved, no errors' is present on page  using regular expression

2020-12-23 23:50:32 - [TEST_STEP][PASSED] - println("Transaction Approved, no errors text is present on the Confirmation page"): null

2020-12-23 23:50:32 - [TEST_STEP][PASSED] - out.println("Pass Record Number: " + row): null

2020-12-23 23:50:32 - [TEST_STEP][PASSED] - resText = "Pass": null

2020-12-23 23:50:32 - [TEST_STEP][PASSED] - pages.WriteExcel.demoKey(resText, datText, resColumn, datCloumn, fileLoc, nameSheet, row): pages.WriteExcel.demoKey is PASSED

2020-12-23 23:50:32 - [MESSAGE][PASSED] - pages.WriteExcel.demoKey is PASSED

2020-12-23 23:50:32 - [TEST_STEP][PASSED] - sdfo = getText(findTestObject("Object Repository/Page_VLinkReceipt/pre_STX")): Text of object 'Object Repository/Page_VLinkReceipt/pre_STX' is: '<STX>uGcD7jcISxnV                  12088069            0  Transaction approved, no errors                   0                                                                                  XXOK4050   <ETX>'

2020-12-23 23:50:32 - [MESSAGE][PASSED] - Text of object 'Object Repository/Page_VLinkReceipt/pre_STX' is: '<STX>uGcD7jcISxnV                  12088069            0  Transaction approved, no errors                   0                                                                                  XXOK4050   <ETX>'

2020-12-23 23:50:32 - [TEST_STEP][PASSED] - out.println("sdfo: " + sdfo): null

2020-12-23 23:50:32 - [TEST_STEP][PASSED] - remID = substring(5, 35).trim(): null

2020-12-23 23:50:32 - [TEST_STEP][PASSED] - out.println("Remittance ID: " + remID): null

2020-12-23 23:50:32 - [TEST_STEP][PASSED] - traxID = substring(35, 55).trim(): null

2020-12-23 23:50:32 - [TEST_STEP][PASSED] - out.println("Transaction ID: " + traxID): null

2020-12-23 23:50:32 - [TEST_STEP][PASSED] - out.println("End Record Number: " + row): null

2020-12-23 23:50:32 - [TEST_STEP][PASSED] - closeBrowser(): Browser is closed

2020-12-23 23:50:33 - [MESSAGE][PASSED] - Browser is closed

2020-12-23 23:50:33 - [TEST_STEP][PASSED] - out.println("Begin Record Number: " + row): null

2020-12-23 23:50:33 - [TEST_STEP][PASSED] - today = new java.util.Date(): null

2020-12-23 23:50:33 - [TEST_STEP][PASSED] - println(today): null

2020-12-23 23:50:33 - [TEST_STEP][PASSED] - datText = today: null

2020-12-23 23:50:33 - [TEST_STEP][PASSED] - openBrowser(VLinkURL + "authcap.html"): Browser is opened with url: 'https://dev-algorithm.govolution.com/vlinktest/QA/version_2_0/authcap.html'

2020-12-23 23:50:33 - [MESSAGE][INFO] - Starting 'Chrome' driver

2020-12-23 23:50:33 - [MESSAGE][INFO] - User set preference: ['acceptInsecureCerts', 'true']

2020-12-23 23:50:33 - [MESSAGE][INFO] - Action delay is set to 0 milliseconds

2020-12-23 23:50:37 - [MESSAGE][PASSED] - Browser is opened with url: 'https://dev-algorithm.govolution.com/vlinktest/QA/version_2_0/authcap.html'

2020-12-23 23:50:37 - [TEST_STEP][PASSED] - maximizeWindow(): Current window maximized

2020-12-23 23:50:37 - [MESSAGE][PASSED] - Current window maximized

2020-12-23 23:50:37 - [TEST_STEP][PASSED] - vlinkPages.saleCCPage.setDataSCC(row, dataFile): vlinkPages.saleCCPage.setDataSCC is PASSED

2020-12-23 23:50:39 - [MESSAGE][PASSED] - Object 'Object Repository/VLink/Page_CCSale/txt_CardNumber' is present

2020-12-23 23:50:39 - [MESSAGE][PASSED] - Object 'Object Repository/VLink/Page_CCSale/txt_TransactionType' is present

2020-12-23 23:50:40 - [MESSAGE][PASSED] - Text '104' is set on object 'Object Repository/VLink/Page_CCSale/txt_TransactionType'

2020-12-23 23:50:40 - [MESSAGE][PASSED] - Object 'Object Repository/VLink/Page_CCSale/txt_MessageVersion' is present

2020-12-23 23:50:41 - [MESSAGE][PASSED] - Text '2.0C' is set on object 'Object Repository/VLink/Page_CCSale/txt_MessageVersion'

2020-12-23 23:50:41 - [MESSAGE][PASSED] - Object 'Object Repository/VLink/Page_CCSale/txt_RemID' is present

2020-12-23 23:50:42 - [MESSAGE][PASSED] - Text 'bkSdkEfWCQqr' is set on object 'Object Repository/VLink/Page_CCSale/txt_RemID'

2020-12-23 23:50:42 - [MESSAGE][PASSED] - Object 'Object Repository/VLink/Page_CCSale/txt_ApplicationId' is present

2020-12-23 23:50:43 - [MESSAGE][PASSED] - Text '672' is set on object 'Object Repository/VLink/Page_CCSale/txt_ApplicationId'

2020-12-23 23:50:43 - [MESSAGE][PASSED] - Object 'Object Repository/VLink/Page_CCSale/txt_Username' is present

2020-12-23 23:50:44 - [MESSAGE][PASSED] - Text 'username' is set on object 'Object Repository/VLink/Page_CCSale/txt_Username'

2020-12-23 23:50:44 - [MESSAGE][PASSED] - Object 'Object Repository/VLink/Page_CCSale/txt_Password' is present

2020-12-23 23:50:44 - [MESSAGE][PASSED] - Text 'password' is set on object 'Object Repository/VLink/Page_CCSale/txt_Password'

2020-12-23 23:50:45 - [MESSAGE][PASSED] - Object 'Object Repository/VLink/Page_CCSale/txt_ResponseFormat' is present

2020-12-23 23:50:45 - [MESSAGE][PASSED] - Text 'fixed_width' is set on object 'Object Repository/VLink/Page_CCSale/txt_ResponseFormat'

2020-12-23 23:50:46 - [MESSAGE][PASSED] - Object 'Object Repository/VLink/Page_CCSale/txt_Category' is present

2020-12-23 23:50:46 - [MESSAGE][PASSED] - Text 'MOTO' is set on object 'Object Repository/VLink/Page_CCSale/txt_Category'

2020-12-23 23:50:46 - [MESSAGE][PASSED] - Object 'Object Repository/VLink/Page_CCSale/txt_TransactionID' is present

2020-12-23 23:50:47 - [MESSAGE][PASSED] - Text '' is set on object 'Object Repository/VLink/Page_CCSale/txt_TransactionID'

2020-12-23 23:50:47 - [MESSAGE][PASSED] - Object 'Object Repository/VLink/Page_CCSale/txt_ApprovalCode' is present

2020-12-23 23:50:48 - [MESSAGE][PASSED] - Text '' is set on object 'Object Repository/VLink/Page_CCSale/txt_ApprovalCode'

2020-12-23 23:50:48 - [MESSAGE][PASSED] - Object 'Object Repository/VLink/Page_CCSale/txt_CardName' is present

2020-12-23 23:50:49 - [MESSAGE][PASSED] - Text 'Arvind Silva' is set on object 'Object Repository/VLink/Page_CCSale/txt_CardName'

2020-12-23 23:50:49 - [MESSAGE][PASSED] - Object 'Object Repository/VLink/Page_CCSale/txt_AL1' is present

2020-12-23 23:50:50 - [MESSAGE][PASSED] - Text '111 Main Ave' is set on object 'Object Repository/VLink/Page_CCSale/txt_AL1'

2020-12-23 23:50:50 - [MESSAGE][PASSED] - Object 'Object Repository/VLink/Page_CCSale/txt_AL2' is present

2020-12-23 23:50:51 - [MESSAGE][PASSED] - Text '' is set on object 'Object Repository/VLink/Page_CCSale/txt_AL2'

2020-12-23 23:50:51 - [MESSAGE][PASSED] - Object 'Object Repository/VLink/Page_CCSale/txt_CardCity' is present

2020-12-23 23:50:52 - [MESSAGE][PASSED] - Text 'Arlington' is set on object 'Object Repository/VLink/Page_CCSale/txt_CardCity'

2020-12-23 23:50:52 - [MESSAGE][PASSED] - Object 'Object Repository/VLink/Page_CCSale/txt_CardState' is present

2020-12-23 23:50:53 - [MESSAGE][PASSED] - Text 'VA' is set on object 'Object Repository/VLink/Page_CCSale/txt_CardState'

2020-12-23 23:50:53 - [MESSAGE][PASSED] - Object 'Object Repository/VLink/Page_CCSale/txt_CardZIP' is present

2020-12-23 23:50:54 - [MESSAGE][PASSED] - Text '22201' is set on object 'Object Repository/VLink/Page_CCSale/txt_CardZIP'

2020-12-23 23:50:54 - [MESSAGE][PASSED] - Object 'Object Repository/VLink/Page_CCSale/txt_CountryID' is present

2020-12-23 23:50:55 - [MESSAGE][PASSED] - Text '' is set on object 'Object Repository/VLink/Page_CCSale/txt_CountryID'

2020-12-23 23:50:55 - [MESSAGE][PASSED] - Object 'Object Repository/VLink/Page_CCSale/txt_Amount' is present

2020-12-23 23:50:55 - [MESSAGE][PASSED] - Text '2.50' is set on object 'Object Repository/VLink/Page_CCSale/txt_Amount'

2020-12-23 23:50:56 - [MESSAGE][PASSED] - Object 'Object Repository/VLink/Page_CCSale/txt_CardNumber' is present

2020-12-23 23:50:56 - [MESSAGE][PASSED] - Text '6011000000000004' is set on object 'Object Repository/VLink/Page_CCSale/txt_CardNumber'

2020-12-23 23:50:57 - [MESSAGE][PASSED] - Object 'Object Repository/VLink/Page_CCSale/txt_ExpMonth' is present

2020-12-23 23:50:57 - [MESSAGE][PASSED] - Text '01' is set on object 'Object Repository/VLink/Page_CCSale/txt_ExpMonth'

2020-12-23 23:50:58 - [MESSAGE][PASSED] - Object 'Object Repository/VLink/Page_CCSale/txt_ExpYear' is present

2020-12-23 23:50:58 - [MESSAGE][PASSED] - Text '2026' is set on object 'Object Repository/VLink/Page_CCSale/txt_ExpYear'

2020-12-23 23:50:59 - [MESSAGE][PASSED] - Object 'Object Repository/VLink/Page_CCSale/txt_CVV' is present

2020-12-23 23:50:59 - [MESSAGE][PASSED] - Text '' is set on object 'Object Repository/VLink/Page_CCSale/txt_CVV'

2020-12-23 23:51:00 - [MESSAGE][PASSED] - Object 'Object Repository/VLink/Page_CCSale/txt_CVVstate' is present

2020-12-23 23:51:00 - [MESSAGE][PASSED] - Text '' is set on object 'Object Repository/VLink/Page_CCSale/txt_CVVstate'

2020-12-23 23:51:01 - [MESSAGE][PASSED] - Object 'Object Repository/VLink/Page_CCSale/txt_TrackData' is present

2020-12-23 23:51:01 - [MESSAGE][PASSED] - Text '' is set on object 'Object Repository/VLink/Page_CCSale/txt_TrackData'

2020-12-23 23:51:02 - [MESSAGE][PASSED] - Object 'Object Repository/VLink/Page_CCSale/txt_Track1Data' is present

2020-12-23 23:51:02 - [MESSAGE][PASSED] - Text '' is set on object 'Object Repository/VLink/Page_CCSale/txt_Track1Data'

2020-12-23 23:51:03 - [MESSAGE][PASSED] - Object 'Object Repository/VLink/Page_CCSale/txt_Track2Data' is present

2020-12-23 23:51:03 - [MESSAGE][PASSED] - Text '' is set on object 'Object Repository/VLink/Page_CCSale/txt_Track2Data'

2020-12-23 23:51:04 - [MESSAGE][PASSED] - Object 'Object Repository/VLink/Page_CCSale/txt_POSEntryMode' is present

2020-12-23 23:51:04 - [MESSAGE][PASSED] - Text 'manual' is set on object 'Object Repository/VLink/Page_CCSale/txt_POSEntryMode'

2020-12-23 23:51:05 - [MESSAGE][PASSED] - Object 'Object Repository/VLink/Page_CCSale/txt_Email' is present

2020-12-23 23:51:05 - [MESSAGE][PASSED] - Text '' is set on object 'Object Repository/VLink/Page_CCSale/txt_Email'

2020-12-23 23:51:06 - [MESSAGE][PASSED] - Object 'Object Repository/VLink/Page_CCSale/txt_OrderNumber' is present

2020-12-23 23:51:06 - [MESSAGE][PASSED] - Text '' is set on object 'Object Repository/VLink/Page_CCSale/txt_OrderNumber'

2020-12-23 23:51:07 - [MESSAGE][PASSED] - Object 'Object Repository/VLink/Page_CCSale/txt_TaxAmount' is present

2020-12-23 23:51:07 - [MESSAGE][PASSED] - Text '' is set on object 'Object Repository/VLink/Page_CCSale/txt_TaxAmount'

2020-12-23 23:51:07 - [MESSAGE][PASSED] - Object 'Object Repository/VLink/Page_CCSale/txt_ChargeDescription' is present

2020-12-23 23:51:08 - [MESSAGE][PASSED] - Text '' is set on object 'Object Repository/VLink/Page_CCSale/txt_ChargeDescription'

2020-12-23 23:51:08 - [MESSAGE][PASSED] - Object 'Object Repository/VLink/Page_CCSale/txt_CAN' is present

2020-12-23 23:51:09 - [MESSAGE][PASSED] - Text '' is set on object 'Object Repository/VLink/Page_CCSale/txt_CAN'

2020-12-23 23:51:09 - [MESSAGE][PASSED] - Object 'Object Repository/VLink/Page_CCSale/txt_BillPaymentIndicator' is present

2020-12-23 23:51:10 - [MESSAGE][PASSED] - Text '' is set on object 'Object Repository/VLink/Page_CCSale/txt_BillPaymentIndicator'

2020-12-23 23:51:10 - [MESSAGE][PASSED] - Object 'Object Repository/VLink/Page_CCSale/txt_UDF1' is present

2020-12-23 23:51:11 - [MESSAGE][PASSED] - Text '' is set on object 'Object Repository/VLink/Page_CCSale/txt_UDF1'

2020-12-23 23:51:11 - [MESSAGE][PASSED] - Object 'Object Repository/VLink/Page_CCSale/txt_UDF2' is present

2020-12-23 23:51:12 - [MESSAGE][PASSED] - Text '' is set on object 'Object Repository/VLink/Page_CCSale/txt_UDF2'

2020-12-23 23:51:12 - [MESSAGE][PASSED] - Object 'Object Repository/VLink/Page_CCSale/txt_UDF3' is present

2020-12-23 23:51:13 - [MESSAGE][PASSED] - Text '' is set on object 'Object Repository/VLink/Page_CCSale/txt_UDF3'

2020-12-23 23:51:13 - [MESSAGE][PASSED] - Object 'Object Repository/VLink/Page_CCSale/txt_UDF4' is present

2020-12-23 23:51:14 - [MESSAGE][PASSED] - Text '' is set on object 'Object Repository/VLink/Page_CCSale/txt_UDF4'

2020-12-23 23:51:14 - [MESSAGE][PASSED] - Object 'Object Repository/VLink/Page_CCSale/txt_UDF5' is present

2020-12-23 23:51:15 - [MESSAGE][PASSED] - Text '' is set on object 'Object Repository/VLink/Page_CCSale/txt_UDF5'

2020-12-23 23:51:15 - [MESSAGE][PASSED] - Object 'Object Repository/VLink/Page_CCSale/txt_UDF6' is present

2020-12-23 23:51:16 - [MESSAGE][PASSED] - Text '' is set on object 'Object Repository/VLink/Page_CCSale/txt_UDF6'

2020-12-23 23:51:16 - [MESSAGE][PASSED] - Object 'Object Repository/VLink/Page_CCSale/txt_UDF7' is present

2020-12-23 23:51:17 - [MESSAGE][PASSED] - Text '' is set on object 'Object Repository/VLink/Page_CCSale/txt_UDF7'

2020-12-23 23:51:17 - [MESSAGE][PASSED] - Object 'Object Repository/VLink/Page_CCSale/txt_UDF8' is present

2020-12-23 23:51:18 - [MESSAGE][PASSED] - Text '' is set on object 'Object Repository/VLink/Page_CCSale/txt_UDF8'

2020-12-23 23:51:18 - [MESSAGE][PASSED] - Object 'Object Repository/VLink/Page_CCSale/txt_UDF9' is present

2020-12-23 23:51:19 - [MESSAGE][PASSED] - Text '' is set on object 'Object Repository/VLink/Page_CCSale/txt_UDF9'

2020-12-23 23:51:19 - [MESSAGE][PASSED] - Object 'Object Repository/VLink/Page_CCSale/txt_UDF10' is present

2020-12-23 23:51:19 - [MESSAGE][PASSED] - Text '' is set on object 'Object Repository/VLink/Page_CCSale/txt_UDF10'

2020-12-23 23:51:20 - [MESSAGE][PASSED] - Object 'Object Repository/VLink/Page_CCSale/txt_CardOnFileIndicator' is present

2020-12-23 23:51:20 - [MESSAGE][PASSED] - Text '' is set on object 'Object Repository/VLink/Page_CCSale/txt_CardOnFileIndicator'

2020-12-23 23:51:21 - [MESSAGE][PASSED] - Object 'Object Repository/VLink/Page_CCSale/txt_StoredCredentialIndicator' is present

2020-12-23 23:51:21 - [MESSAGE][PASSED] - Text '' is set on object 'Object Repository/VLink/Page_CCSale/txt_StoredCredentialIndicator'

2020-12-23 23:51:22 - [MESSAGE][PASSED] - Object 'Object Repository/VLink/Page_CCSale/txt_COFScheduledIndicator' is present

2020-12-23 23:51:22 - [MESSAGE][PASSED] - Text '' is set on object 'Object Repository/VLink/Page_CCSale/txt_COFScheduledIndicator'

2020-12-23 23:51:23 - [MESSAGE][PASSED] - Object 'Object Repository/VLink/Page_CCSale/txt_COFTransactionInitiatedBy' is present

2020-12-23 23:51:23 - [MESSAGE][PASSED] - Text '' is set on object 'Object Repository/VLink/Page_CCSale/txt_COFTransactionInitiatedBy'

2020-12-23 23:51:26 - [MESSAGE][PASSED] - Object: 'Object Repository/VLink/Page_CCSale/btn_ProcessVLinkTransaction' is clicked on

2020-12-23 23:51:31 - [MESSAGE][PASSED] - vlinkPages.saleCCPage.setDataSCC is PASSED

2020-12-23 23:51:31 - [TEST_STEP][PASSED] - if (verifyTextPresent("Transaction approved, no errors", true)): null

2020-12-23 23:51:31 - [MESSAGE][PASSED] - Text 'Transaction approved, no errors' is present on page  using regular expression

2020-12-23 23:51:31 - [TEST_STEP][PASSED] - println("Transaction Approved, no errors text is present on the Confirmation page"): null

2020-12-23 23:51:31 - [TEST_STEP][PASSED] - out.println("Pass Record Number: " + row): null

2020-12-23 23:51:31 - [TEST_STEP][PASSED] - resText = "Pass": null

2020-12-23 23:51:31 - [TEST_STEP][PASSED] - pages.WriteExcel.demoKey(resText, datText, resColumn, datCloumn, fileLoc, nameSheet, row): pages.WriteExcel.demoKey is PASSED

2020-12-23 23:51:31 - [MESSAGE][PASSED] - pages.WriteExcel.demoKey is PASSED

2020-12-23 23:51:31 - [TEST_STEP][PASSED] - sdfo = getText(findTestObject("Object Repository/Page_VLinkReceipt/pre_STX")): Text of object 'Object Repository/Page_VLinkReceipt/pre_STX' is: '<STX>bkSdkEfWCQqr                  12088070            0  Transaction approved, no errors                   0                                                                                  XXOK4070   <ETX>'

2020-12-23 23:51:32 - [MESSAGE][PASSED] - Text of object 'Object Repository/Page_VLinkReceipt/pre_STX' is: '<STX>bkSdkEfWCQqr                  12088070            0  Transaction approved, no errors                   0                                                                                  XXOK4070   <ETX>'

2020-12-23 23:51:32 - [TEST_STEP][PASSED] - out.println("sdfo: " + sdfo): null

2020-12-23 23:51:32 - [TEST_STEP][PASSED] - remID = substring(5, 35).trim(): null

2020-12-23 23:51:32 - [TEST_STEP][PASSED] - out.println("Remittance ID: " + remID): null

2020-12-23 23:51:32 - [TEST_STEP][PASSED] - traxID = substring(35, 55).trim(): null

2020-12-23 23:51:32 - [TEST_STEP][PASSED] - out.println("Transaction ID: " + traxID): null

2020-12-23 23:51:32 - [TEST_STEP][PASSED] - out.println("End Record Number: " + row): null

2020-12-23 23:51:32 - [TEST_STEP][PASSED] - closeBrowser(): Browser is closed

2020-12-23 23:51:32 - [MESSAGE][PASSED] - Browser is closed

2020-12-23 23:51:32 - [TEST_STEP][PASSED] - out.println("Begin Record Number: " + row): null

2020-12-23 23:51:32 - [TEST_STEP][PASSED] - today = new java.util.Date(): null

2020-12-23 23:51:32 - [TEST_STEP][PASSED] - println(today): null

2020-12-23 23:51:32 - [TEST_STEP][PASSED] - datText = today: null

2020-12-23 23:51:32 - [TEST_STEP][PASSED] - openBrowser(VLinkURL + "authcap.html"): Browser is opened with url: 'https://dev-algorithm.govolution.com/vlinktest/QA/version_2_0/authcap.html'

2020-12-23 23:51:32 - [MESSAGE][INFO] - Starting 'Chrome' driver

2020-12-23 23:51:32 - [MESSAGE][INFO] - User set preference: ['acceptInsecureCerts', 'true']

2020-12-23 23:51:32 - [MESSAGE][INFO] - Action delay is set to 0 milliseconds

2020-12-23 23:51:36 - [MESSAGE][PASSED] - Browser is opened with url: 'https://dev-algorithm.govolution.com/vlinktest/QA/version_2_0/authcap.html'

2020-12-23 23:51:36 - [TEST_STEP][PASSED] - maximizeWindow(): Current window maximized

2020-12-23 23:51:36 - [MESSAGE][PASSED] - Current window maximized

2020-12-23 23:51:36 - [TEST_STEP][PASSED] - vlinkPages.saleCCPage.setDataSCC(row, dataFile): vlinkPages.saleCCPage.setDataSCC is PASSED

2020-12-23 23:51:38 - [MESSAGE][PASSED] - Object 'Object Repository/VLink/Page_CCSale/txt_CardNumber' is present

2020-12-23 23:51:38 - [MESSAGE][PASSED] - Object 'Object Repository/VLink/Page_CCSale/txt_TransactionType' is present

2020-12-23 23:51:39 - [MESSAGE][PASSED] - Text '104' is set on object 'Object Repository/VLink/Page_CCSale/txt_TransactionType'

2020-12-23 23:51:39 - [MESSAGE][PASSED] - Object 'Object Repository/VLink/Page_CCSale/txt_MessageVersion' is present

2020-12-23 23:51:40 - [MESSAGE][PASSED] - Text '2.0C' is set on object 'Object Repository/VLink/Page_CCSale/txt_MessageVersion'

2020-12-23 23:51:40 - [MESSAGE][PASSED] - Object 'Object Repository/VLink/Page_CCSale/txt_RemID' is present

2020-12-23 23:51:41 - [MESSAGE][PASSED] - Text 'E00teg3Nv47h' is set on object 'Object Repository/VLink/Page_CCSale/txt_RemID'

2020-12-23 23:51:41 - [MESSAGE][PASSED] - Object 'Object Repository/VLink/Page_CCSale/txt_ApplicationId' is present

2020-12-23 23:51:41 - [MESSAGE][PASSED] - Text '677' is set on object 'Object Repository/VLink/Page_CCSale/txt_ApplicationId'

2020-12-23 23:51:42 - [MESSAGE][PASSED] - Object 'Object Repository/VLink/Page_CCSale/txt_Username' is present

2020-12-23 23:51:42 - [MESSAGE][PASSED] - Text 'username' is set on object 'Object Repository/VLink/Page_CCSale/txt_Username'

2020-12-23 23:51:43 - [MESSAGE][PASSED] - Object 'Object Repository/VLink/Page_CCSale/txt_Password' is present

2020-12-23 23:51:43 - [MESSAGE][PASSED] - Text 'password' is set on object 'Object Repository/VLink/Page_CCSale/txt_Password'

2020-12-23 23:51:44 - [MESSAGE][PASSED] - Object 'Object Repository/VLink/Page_CCSale/txt_ResponseFormat' is present

2020-12-23 23:51:44 - [MESSAGE][PASSED] - Text 'fixed_width' is set on object 'Object Repository/VLink/Page_CCSale/txt_ResponseFormat'

2020-12-23 23:51:45 - [MESSAGE][PASSED] - Object 'Object Repository/VLink/Page_CCSale/txt_Category' is present

2020-12-23 23:51:45 - [MESSAGE][PASSED] - Text 'MOTO' is set on object 'Object Repository/VLink/Page_CCSale/txt_Category'

2020-12-23 23:51:46 - [MESSAGE][PASSED] - Object 'Object Repository/VLink/Page_CCSale/txt_TransactionID' is present

2020-12-23 23:51:46 - [MESSAGE][PASSED] - Text '' is set on object 'Object Repository/VLink/Page_CCSale/txt_TransactionID'

2020-12-23 23:51:47 - [MESSAGE][PASSED] - Object 'Object Repository/VLink/Page_CCSale/txt_ApprovalCode' is present

2020-12-23 23:51:47 - [MESSAGE][PASSED] - Text '' is set on object 'Object Repository/VLink/Page_CCSale/txt_ApprovalCode'

2020-12-23 23:51:48 - [MESSAGE][PASSED] - Object 'Object Repository/VLink/Page_CCSale/txt_CardName' is present

2020-12-23 23:51:48 - [MESSAGE][PASSED] - Text 'Roshan Maha' is set on object 'Object Repository/VLink/Page_CCSale/txt_CardName'

2020-12-23 23:51:48 - [MESSAGE][PASSED] - Object 'Object Repository/VLink/Page_CCSale/txt_AL1' is present

2020-12-23 23:51:49 - [MESSAGE][PASSED] - Text '12563 Bazaar road' is set on object 'Object Repository/VLink/Page_CCSale/txt_AL1'

2020-12-23 23:51:49 - [MESSAGE][PASSED] - Object 'Object Repository/VLink/Page_CCSale/txt_AL2' is present

2020-12-23 23:51:50 - [MESSAGE][PASSED] - Text '' is set on object 'Object Repository/VLink/Page_CCSale/txt_AL2'

2020-12-23 23:51:50 - [MESSAGE][PASSED] - Object 'Object Repository/VLink/Page_CCSale/txt_CardCity' is present

2020-12-23 23:51:51 - [MESSAGE][PASSED] - Text 'Crofton' is set on object 'Object Repository/VLink/Page_CCSale/txt_CardCity'

2020-12-23 23:51:51 - [MESSAGE][PASSED] - Object 'Object Repository/VLink/Page_CCSale/txt_CardState' is present

2020-12-23 23:51:52 - [MESSAGE][PASSED] - Text 'MD' is set on object 'Object Repository/VLink/Page_CCSale/txt_CardState'

2020-12-23 23:51:52 - [MESSAGE][PASSED] - Object 'Object Repository/VLink/Page_CCSale/txt_CardZIP' is present

2020-12-23 23:51:53 - [MESSAGE][PASSED] - Text '21114' is set on object 'Object Repository/VLink/Page_CCSale/txt_CardZIP'

2020-12-23 23:51:53 - [MESSAGE][PASSED] - Object 'Object Repository/VLink/Page_CCSale/txt_CountryID' is present

2020-12-23 23:51:54 - [MESSAGE][PASSED] - Text '' is set on object 'Object Repository/VLink/Page_CCSale/txt_CountryID'

2020-12-23 23:51:54 - [MESSAGE][PASSED] - Object 'Object Repository/VLink/Page_CCSale/txt_Amount' is present

2020-12-23 23:51:55 - [MESSAGE][PASSED] - Text '3.50' is set on object 'Object Repository/VLink/Page_CCSale/txt_Amount'

2020-12-23 23:51:55 - [MESSAGE][PASSED] - Object 'Object Repository/VLink/Page_CCSale/txt_CardNumber' is present

2020-12-23 23:51:56 - [MESSAGE][PASSED] - Text '6011000000000004' is set on object 'Object Repository/VLink/Page_CCSale/txt_CardNumber'

2020-12-23 23:51:56 - [MESSAGE][PASSED] - Object 'Object Repository/VLink/Page_CCSale/txt_ExpMonth' is present

2020-12-23 23:51:57 - [MESSAGE][PASSED] - Text '01' is set on object 'Object Repository/VLink/Page_CCSale/txt_ExpMonth'

2020-12-23 23:51:57 - [MESSAGE][PASSED] - Object 'Object Repository/VLink/Page_CCSale/txt_ExpYear' is present

2020-12-23 23:51:58 - [MESSAGE][PASSED] - Text '2026' is set on object 'Object Repository/VLink/Page_CCSale/txt_ExpYear'

2020-12-23 23:51:58 - [MESSAGE][PASSED] - Object 'Object Repository/VLink/Page_CCSale/txt_CVV' is present

2020-12-23 23:51:59 - [MESSAGE][PASSED] - Text '' is set on object 'Object Repository/VLink/Page_CCSale/txt_CVV'

2020-12-23 23:51:59 - [MESSAGE][PASSED] - Object 'Object Repository/VLink/Page_CCSale/txt_CVVstate' is present

2020-12-23 23:52:00 - [MESSAGE][PASSED] - Text '' is set on object 'Object Repository/VLink/Page_CCSale/txt_CVVstate'

2020-12-23 23:52:00 - [MESSAGE][PASSED] - Object 'Object Repository/VLink/Page_CCSale/txt_TrackData' is present

2020-12-23 23:52:01 - [MESSAGE][PASSED] - Text '' is set on object 'Object Repository/VLink/Page_CCSale/txt_TrackData'

2020-12-23 23:52:01 - [MESSAGE][PASSED] - Object 'Object Repository/VLink/Page_CCSale/txt_Track1Data' is present

2020-12-23 23:52:02 - [MESSAGE][PASSED] - Text '' is set on object 'Object Repository/VLink/Page_CCSale/txt_Track1Data'

2020-12-23 23:52:02 - [MESSAGE][PASSED] - Object 'Object Repository/VLink/Page_CCSale/txt_Track2Data' is present

2020-12-23 23:52:03 - [MESSAGE][PASSED] - Text '' is set on object 'Object Repository/VLink/Page_CCSale/txt_Track2Data'

2020-12-23 23:52:03 - [MESSAGE][PASSED] - Object 'Object Repository/VLink/Page_CCSale/txt_POSEntryMode' is present

2020-12-23 23:52:04 - [MESSAGE][PASSED] - Text 'manual' is set on object 'Object Repository/VLink/Page_CCSale/txt_POSEntryMode'

2020-12-23 23:52:04 - [MESSAGE][PASSED] - Object 'Object Repository/VLink/Page_CCSale/txt_Email' is present

2020-12-23 23:52:05 - [MESSAGE][PASSED] - Text '' is set on object 'Object Repository/VLink/Page_CCSale/txt_Email'

2020-12-23 23:52:05 - [MESSAGE][PASSED] - Object 'Object Repository/VLink/Page_CCSale/txt_OrderNumber' is present

2020-12-23 23:52:06 - [MESSAGE][PASSED] - Text '' is set on object 'Object Repository/VLink/Page_CCSale/txt_OrderNumber'

2020-12-23 23:52:06 - [MESSAGE][PASSED] - Object 'Object Repository/VLink/Page_CCSale/txt_TaxAmount' is present

2020-12-23 23:52:07 - [MESSAGE][PASSED] - Text '' is set on object 'Object Repository/VLink/Page_CCSale/txt_TaxAmount'

2020-12-23 23:52:07 - [MESSAGE][PASSED] - Object 'Object Repository/VLink/Page_CCSale/txt_ChargeDescription' is present

2020-12-23 23:52:08 - [MESSAGE][PASSED] - Text '' is set on object 'Object Repository/VLink/Page_CCSale/txt_ChargeDescription'

2020-12-23 23:52:08 - [MESSAGE][PASSED] - Object 'Object Repository/VLink/Page_CCSale/txt_CAN' is present

2020-12-23 23:52:09 - [MESSAGE][PASSED] - Text '' is set on object 'Object Repository/VLink/Page_CCSale/txt_CAN'

2020-12-23 23:52:09 - [MESSAGE][PASSED] - Object 'Object Repository/VLink/Page_CCSale/txt_BillPaymentIndicator' is present

2020-12-23 23:52:10 - [MESSAGE][PASSED] - Text '' is set on object 'Object Repository/VLink/Page_CCSale/txt_BillPaymentIndicator'

2020-12-23 23:52:10 - [MESSAGE][PASSED] - Object 'Object Repository/VLink/Page_CCSale/txt_UDF1' is present

2020-12-23 23:52:11 - [MESSAGE][PASSED] - Text '' is set on object 'Object Repository/VLink/Page_CCSale/txt_UDF1'

2020-12-23 23:52:11 - [MESSAGE][PASSED] - Object 'Object Repository/VLink/Page_CCSale/txt_UDF2' is present

2020-12-23 23:52:12 - [MESSAGE][PASSED] - Text '' is set on object 'Object Repository/VLink/Page_CCSale/txt_UDF2'

2020-12-23 23:52:12 - [MESSAGE][PASSED] - Object 'Object Repository/VLink/Page_CCSale/txt_UDF3' is present

2020-12-23 23:52:12 - [MESSAGE][PASSED] - Text '' is set on object 'Object Repository/VLink/Page_CCSale/txt_UDF3'

2020-12-23 23:52:13 - [MESSAGE][PASSED] - Object 'Object Repository/VLink/Page_CCSale/txt_UDF4' is present

2020-12-23 23:52:13 - [MESSAGE][PASSED] - Text '' is set on object 'Object Repository/VLink/Page_CCSale/txt_UDF4'

2020-12-23 23:52:14 - [MESSAGE][PASSED] - Object 'Object Repository/VLink/Page_CCSale/txt_UDF5' is present

2020-12-23 23:52:14 - [MESSAGE][PASSED] - Text '' is set on object 'Object Repository/VLink/Page_CCSale/txt_UDF5'

2020-12-23 23:52:15 - [MESSAGE][PASSED] - Object 'Object Repository/VLink/Page_CCSale/txt_UDF6' is present

2020-12-23 23:52:15 - [MESSAGE][PASSED] - Text '' is set on object 'Object Repository/VLink/Page_CCSale/txt_UDF6'

2020-12-23 23:52:16 - [MESSAGE][PASSED] - Object 'Object Repository/VLink/Page_CCSale/txt_UDF7' is present

2020-12-23 23:52:16 - [MESSAGE][PASSED] - Text '' is set on object 'Object Repository/VLink/Page_CCSale/txt_UDF7'

2020-12-23 23:52:17 - [MESSAGE][PASSED] - Object 'Object Repository/VLink/Page_CCSale/txt_UDF8' is present

2020-12-23 23:52:17 - [MESSAGE][PASSED] - Text '' is set on object 'Object Repository/VLink/Page_CCSale/txt_UDF8'

2020-12-23 23:52:18 - [MESSAGE][PASSED] - Object 'Object Repository/VLink/Page_CCSale/txt_UDF9' is present

2020-12-23 23:52:18 - [MESSAGE][PASSED] - Text '' is set on object 'Object Repository/VLink/Page_CCSale/txt_UDF9'

2020-12-23 23:52:19 - [MESSAGE][PASSED] - Object 'Object Repository/VLink/Page_CCSale/txt_UDF10' is present

2020-12-23 23:52:19 - [MESSAGE][PASSED] - Text '' is set on object 'Object Repository/VLink/Page_CCSale/txt_UDF10'

2020-12-23 23:52:20 - [MESSAGE][PASSED] - Object 'Object Repository/VLink/Page_CCSale/txt_CardOnFileIndicator' is present

2020-12-23 23:52:20 - [MESSAGE][PASSED] - Text '' is set on object 'Object Repository/VLink/Page_CCSale/txt_CardOnFileIndicator'

2020-12-23 23:52:21 - [MESSAGE][PASSED] - Object 'Object Repository/VLink/Page_CCSale/txt_StoredCredentialIndicator' is present

2020-12-23 23:52:21 - [MESSAGE][PASSED] - Text '' is set on object 'Object Repository/VLink/Page_CCSale/txt_StoredCredentialIndicator'

2020-12-23 23:52:22 - [MESSAGE][PASSED] - Object 'Object Repository/VLink/Page_CCSale/txt_COFScheduledIndicator' is present

2020-12-23 23:52:22 - [MESSAGE][PASSED] - Text '' is set on object 'Object Repository/VLink/Page_CCSale/txt_COFScheduledIndicator'

2020-12-23 23:52:23 - [MESSAGE][PASSED] - Object 'Object Repository/VLink/Page_CCSale/txt_COFTransactionInitiatedBy' is present

2020-12-23 23:52:23 - [MESSAGE][PASSED] - Text '' is set on object 'Object Repository/VLink/Page_CCSale/txt_COFTransactionInitiatedBy'

2020-12-23 23:52:26 - [MESSAGE][PASSED] - Object: 'Object Repository/VLink/Page_CCSale/btn_ProcessVLinkTransaction' is clicked on

2020-12-23 23:52:31 - [MESSAGE][PASSED] - vlinkPages.saleCCPage.setDataSCC is PASSED

2020-12-23 23:52:31 - [TEST_STEP][PASSED] - if (verifyTextPresent("Transaction approved, no errors", true)): null

2020-12-23 23:52:32 - [MESSAGE][PASSED] - Text 'Transaction approved, no errors' is present on page  using regular expression

2020-12-23 23:52:32 - [TEST_STEP][PASSED] - println("Transaction Approved, no errors text is present on the Confirmation page"): null

2020-12-23 23:52:32 - [TEST_STEP][PASSED] - out.println("Pass Record Number: " + row): null

2020-12-23 23:52:32 - [TEST_STEP][PASSED] - resText = "Pass": null

2020-12-23 23:52:32 - [TEST_STEP][PASSED] - pages.WriteExcel.demoKey(resText, datText, resColumn, datCloumn, fileLoc, nameSheet, row): pages.WriteExcel.demoKey is PASSED

2020-12-23 23:52:32 - [MESSAGE][PASSED] - pages.WriteExcel.demoKey is PASSED

2020-12-23 23:52:32 - [TEST_STEP][PASSED] - sdfo = getText(findTestObject("Object Repository/Page_VLinkReceipt/pre_STX")): Text of object 'Object Repository/Page_VLinkReceipt/pre_STX' is: '<STX>E00teg3Nv47h                  12088071            0  Transaction approved, no errors                   0                                                                                  XXOK4100   <ETX>'

2020-12-23 23:52:32 - [MESSAGE][PASSED] - Text of object 'Object Repository/Page_VLinkReceipt/pre_STX' is: '<STX>E00teg3Nv47h                  12088071            0  Transaction approved, no errors                   0                                                                                  XXOK4100   <ETX>'

2020-12-23 23:52:32 - [TEST_STEP][PASSED] - out.println("sdfo: " + sdfo): null

2020-12-23 23:52:32 - [TEST_STEP][PASSED] - remID = substring(5, 35).trim(): null

2020-12-23 23:52:32 - [TEST_STEP][PASSED] - out.println("Remittance ID: " + remID): null

2020-12-23 23:52:32 - [TEST_STEP][PASSED] - traxID = substring(35, 55).trim(): null

2020-12-23 23:52:32 - [TEST_STEP][PASSED] - out.println("Transaction ID: " + traxID): null

2020-12-23 23:52:32 - [TEST_STEP][PASSED] - out.println("End Record Number: " + row): null

2020-12-23 23:52:32 - [TEST_STEP][PASSED] - closeBrowser(): Browser is closed

2020-12-23 23:52:33 - [MESSAGE][PASSED] - Browser is closed

2020-12-23 23:52:33 - [TEST_STEP][PASSED] - out.println("Begin Record Number: " + row): null

2020-12-23 23:52:33 - [TEST_STEP][PASSED] - today = new java.util.Date(): null

2020-12-23 23:52:33 - [TEST_STEP][PASSED] - println(today): null

2020-12-23 23:52:33 - [TEST_STEP][PASSED] - datText = today: null

2020-12-23 23:52:33 - [TEST_STEP][PASSED] - openBrowser(VLinkURL + "authcap.html"): Browser is opened with url: 'https://dev-algorithm.govolution.com/vlinktest/QA/version_2_0/authcap.html'

2020-12-23 23:52:33 - [MESSAGE][INFO] - Starting 'Chrome' driver

2020-12-23 23:52:33 - [MESSAGE][INFO] - User set preference: ['acceptInsecureCerts', 'true']

2020-12-23 23:52:33 - [MESSAGE][INFO] - Action delay is set to 0 milliseconds

2020-12-23 23:52:36 - [MESSAGE][PASSED] - Browser is opened with url: 'https://dev-algorithm.govolution.com/vlinktest/QA/version_2_0/authcap.html'

2020-12-23 23:52:36 - [TEST_STEP][PASSED] - maximizeWindow(): Current window maximized

2020-12-23 23:52:36 - [MESSAGE][PASSED] - Current window maximized

2020-12-23 23:52:36 - [TEST_STEP][PASSED] - vlinkPages.saleCCPage.setDataSCC(row, dataFile): vlinkPages.saleCCPage.setDataSCC is PASSED

2020-12-23 23:52:38 - [MESSAGE][PASSED] - Object 'Object Repository/VLink/Page_CCSale/txt_CardNumber' is present

2020-12-23 23:52:39 - [MESSAGE][PASSED] - Object 'Object Repository/VLink/Page_CCSale/txt_TransactionType' is present

2020-12-23 23:52:39 - [MESSAGE][PASSED] - Text '104' is set on object 'Object Repository/VLink/Page_CCSale/txt_TransactionType'

2020-12-23 23:52:39 - [MESSAGE][PASSED] - Object 'Object Repository/VLink/Page_CCSale/txt_MessageVersion' is present

2020-12-23 23:52:40 - [MESSAGE][PASSED] - Text '2.0C' is set on object 'Object Repository/VLink/Page_CCSale/txt_MessageVersion'

2020-12-23 23:52:40 - [MESSAGE][PASSED] - Object 'Object Repository/VLink/Page_CCSale/txt_RemID' is present

2020-12-23 23:52:41 - [MESSAGE][PASSED] - Text 'PJI10xOfcNj8' is set on object 'Object Repository/VLink/Page_CCSale/txt_RemID'

2020-12-23 23:52:41 - [MESSAGE][PASSED] - Object 'Object Repository/VLink/Page_CCSale/txt_ApplicationId' is present

2020-12-23 23:52:42 - [MESSAGE][PASSED] - Text '665' is set on object 'Object Repository/VLink/Page_CCSale/txt_ApplicationId'

2020-12-23 23:52:42 - [MESSAGE][PASSED] - Object 'Object Repository/VLink/Page_CCSale/txt_Username' is present

2020-12-23 23:52:43 - [MESSAGE][PASSED] - Text 'username' is set on object 'Object Repository/VLink/Page_CCSale/txt_Username'

2020-12-23 23:52:43 - [MESSAGE][PASSED] - Object 'Object Repository/VLink/Page_CCSale/txt_Password' is present

2020-12-23 23:52:43 - [MESSAGE][PASSED] - Text 'password' is set on object 'Object Repository/VLink/Page_CCSale/txt_Password'

2020-12-23 23:52:44 - [MESSAGE][PASSED] - Object 'Object Repository/VLink/Page_CCSale/txt_ResponseFormat' is present

2020-12-23 23:52:44 - [MESSAGE][PASSED] - Text 'fixed_width' is set on object 'Object Repository/VLink/Page_CCSale/txt_ResponseFormat'

2020-12-23 23:52:45 - [MESSAGE][PASSED] - Object 'Object Repository/VLink/Page_CCSale/txt_Category' is present

2020-12-23 23:52:45 - [MESSAGE][PASSED] - Text 'RETL' is set on object 'Object Repository/VLink/Page_CCSale/txt_Category'

2020-12-23 23:52:45 - [MESSAGE][PASSED] - Object 'Object Repository/VLink/Page_CCSale/txt_TransactionID' is present

2020-12-23 23:52:46 - [MESSAGE][PASSED] - Text '' is set on object 'Object Repository/VLink/Page_CCSale/txt_TransactionID'

2020-12-23 23:52:46 - [MESSAGE][PASSED] - Object 'Object Repository/VLink/Page_CCSale/txt_ApprovalCode' is present

2020-12-23 23:52:47 - [MESSAGE][PASSED] - Text '' is set on object 'Object Repository/VLink/Page_CCSale/txt_ApprovalCode'

2020-12-23 23:52:47 - [MESSAGE][PASSED] - Object 'Object Repository/VLink/Page_CCSale/txt_CardName' is present

2020-12-23 23:52:48 - [MESSAGE][PASSED] - Text 'Kris Roshan' is set on object 'Object Repository/VLink/Page_CCSale/txt_CardName'

2020-12-23 23:52:48 - [MESSAGE][PASSED] - Object 'Object Repository/VLink/Page_CCSale/txt_AL1' is present

2020-12-23 23:52:49 - [MESSAGE][PASSED] - Text '258 Elm Road' is set on object 'Object Repository/VLink/Page_CCSale/txt_AL1'

2020-12-23 23:52:49 - [MESSAGE][PASSED] - Object 'Object Repository/VLink/Page_CCSale/txt_AL2' is present

2020-12-23 23:52:50 - [MESSAGE][PASSED] - Text 'Suite 56' is set on object 'Object Repository/VLink/Page_CCSale/txt_AL2'

2020-12-23 23:52:50 - [MESSAGE][PASSED] - Object 'Object Repository/VLink/Page_CCSale/txt_CardCity' is present

2020-12-23 23:52:51 - [MESSAGE][PASSED] - Text 'Arlington' is set on object 'Object Repository/VLink/Page_CCSale/txt_CardCity'

2020-12-23 23:52:51 - [MESSAGE][PASSED] - Object 'Object Repository/VLink/Page_CCSale/txt_CardState' is present

2020-12-23 23:52:52 - [MESSAGE][PASSED] - Text 'VA' is set on object 'Object Repository/VLink/Page_CCSale/txt_CardState'

2020-12-23 23:52:52 - [MESSAGE][PASSED] - Object 'Object Repository/VLink/Page_CCSale/txt_CardZIP' is present

2020-12-23 23:52:53 - [MESSAGE][PASSED] - Text '22201' is set on object 'Object Repository/VLink/Page_CCSale/txt_CardZIP'

2020-12-23 23:52:53 - [MESSAGE][PASSED] - Object 'Object Repository/VLink/Page_CCSale/txt_CountryID' is present

2020-12-23 23:52:54 - [MESSAGE][PASSED] - Text '840' is set on object 'Object Repository/VLink/Page_CCSale/txt_CountryID'

2020-12-23 23:52:54 - [MESSAGE][PASSED] - Object 'Object Repository/VLink/Page_CCSale/txt_Amount' is present

2020-12-23 23:52:55 - [MESSAGE][PASSED] - Text '1.50' is set on object 'Object Repository/VLink/Page_CCSale/txt_Amount'

2020-12-23 23:52:55 - [MESSAGE][PASSED] - Object 'Object Repository/VLink/Page_CCSale/txt_CardNumber' is present

2020-12-23 23:52:56 - [MESSAGE][PASSED] - Text '4111111111111111' is set on object 'Object Repository/VLink/Page_CCSale/txt_CardNumber'

2020-12-23 23:52:56 - [MESSAGE][PASSED] - Object 'Object Repository/VLink/Page_CCSale/txt_ExpMonth' is present

2020-12-23 23:52:57 - [MESSAGE][PASSED] - Text '12' is set on object 'Object Repository/VLink/Page_CCSale/txt_ExpMonth'

2020-12-23 23:52:57 - [MESSAGE][PASSED] - Object 'Object Repository/VLink/Page_CCSale/txt_ExpYear' is present

2020-12-23 23:52:58 - [MESSAGE][PASSED] - Text '2025' is set on object 'Object Repository/VLink/Page_CCSale/txt_ExpYear'

2020-12-23 23:52:58 - [MESSAGE][PASSED] - Object 'Object Repository/VLink/Page_CCSale/txt_CVV' is present

2020-12-23 23:52:59 - [MESSAGE][PASSED] - Text '' is set on object 'Object Repository/VLink/Page_CCSale/txt_CVV'

2020-12-23 23:52:59 - [MESSAGE][PASSED] - Object 'Object Repository/VLink/Page_CCSale/txt_CVVstate' is present

2020-12-23 23:53:00 - [MESSAGE][PASSED] - Text '' is set on object 'Object Repository/VLink/Page_CCSale/txt_CVVstate'

2020-12-23 23:53:00 - [MESSAGE][PASSED] - Object 'Object Repository/VLink/Page_CCSale/txt_TrackData' is present

2020-12-23 23:53:01 - [MESSAGE][PASSED] - Text '' is set on object 'Object Repository/VLink/Page_CCSale/txt_TrackData'

2020-12-23 23:53:01 - [MESSAGE][PASSED] - Object 'Object Repository/VLink/Page_CCSale/txt_Track1Data' is present

2020-12-23 23:53:02 - [MESSAGE][PASSED] - Text '' is set on object 'Object Repository/VLink/Page_CCSale/txt_Track1Data'

2020-12-23 23:53:02 - [MESSAGE][PASSED] - Object 'Object Repository/VLink/Page_CCSale/txt_Track2Data' is present

2020-12-23 23:53:02 - [MESSAGE][PASSED] - Text '' is set on object 'Object Repository/VLink/Page_CCSale/txt_Track2Data'

2020-12-23 23:53:03 - [MESSAGE][PASSED] - Object 'Object Repository/VLink/Page_CCSale/txt_POSEntryMode' is present

2020-12-23 23:53:03 - [MESSAGE][PASSED] - Text 'manual' is set on object 'Object Repository/VLink/Page_CCSale/txt_POSEntryMode'

2020-12-23 23:53:04 - [MESSAGE][PASSED] - Object 'Object Repository/VLink/Page_CCSale/txt_Email' is present

2020-12-23 23:53:04 - [MESSAGE][PASSED] - Text 'iahmed@govolution.com' is set on object 'Object Repository/VLink/Page_CCSale/txt_Email'

2020-12-23 23:53:05 - [MESSAGE][PASSED] - Object 'Object Repository/VLink/Page_CCSale/txt_OrderNumber' is present

2020-12-23 23:53:05 - [MESSAGE][PASSED] - Text '2569362' is set on object 'Object Repository/VLink/Page_CCSale/txt_OrderNumber'

2020-12-23 23:53:06 - [MESSAGE][PASSED] - Object 'Object Repository/VLink/Page_CCSale/txt_TaxAmount' is present

2020-12-23 23:53:06 - [MESSAGE][PASSED] - Text '1.15' is set on object 'Object Repository/VLink/Page_CCSale/txt_TaxAmount'

2020-12-23 23:53:07 - [MESSAGE][PASSED] - Object 'Object Repository/VLink/Page_CCSale/txt_ChargeDescription' is present

2020-12-23 23:53:07 - [MESSAGE][PASSED] - Text 'Charge Description' is set on object 'Object Repository/VLink/Page_CCSale/txt_ChargeDescription'

2020-12-23 23:53:08 - [MESSAGE][PASSED] - Object 'Object Repository/VLink/Page_CCSale/txt_CAN' is present

2020-12-23 23:53:08 - [MESSAGE][PASSED] - Text '147357' is set on object 'Object Repository/VLink/Page_CCSale/txt_CAN'

2020-12-23 23:53:09 - [MESSAGE][PASSED] - Object 'Object Repository/VLink/Page_CCSale/txt_BillPaymentIndicator' is present

2020-12-23 23:53:09 - [MESSAGE][PASSED] - Text '1' is set on object 'Object Repository/VLink/Page_CCSale/txt_BillPaymentIndicator'

2020-12-23 23:53:10 - [MESSAGE][PASSED] - Object 'Object Repository/VLink/Page_CCSale/txt_UDF1' is present

2020-12-23 23:53:10 - [MESSAGE][PASSED] - Text 'UDF Data 1' is set on object 'Object Repository/VLink/Page_CCSale/txt_UDF1'

2020-12-23 23:53:11 - [MESSAGE][PASSED] - Object 'Object Repository/VLink/Page_CCSale/txt_UDF2' is present

2020-12-23 23:53:11 - [MESSAGE][PASSED] - Text 'UDF Data 2' is set on object 'Object Repository/VLink/Page_CCSale/txt_UDF2'

2020-12-23 23:53:12 - [MESSAGE][PASSED] - Object 'Object Repository/VLink/Page_CCSale/txt_UDF3' is present

2020-12-23 23:53:12 - [MESSAGE][PASSED] - Text 'UDF Data 3' is set on object 'Object Repository/VLink/Page_CCSale/txt_UDF3'

2020-12-23 23:53:13 - [MESSAGE][PASSED] - Object 'Object Repository/VLink/Page_CCSale/txt_UDF4' is present

2020-12-23 23:53:13 - [MESSAGE][PASSED] - Text 'UDF Data 4' is set on object 'Object Repository/VLink/Page_CCSale/txt_UDF4'

2020-12-23 23:53:14 - [MESSAGE][PASSED] - Object 'Object Repository/VLink/Page_CCSale/txt_UDF5' is present

2020-12-23 23:53:14 - [MESSAGE][PASSED] - Text 'UDF Data 5' is set on object 'Object Repository/VLink/Page_CCSale/txt_UDF5'

2020-12-23 23:53:14 - [MESSAGE][PASSED] - Object 'Object Repository/VLink/Page_CCSale/txt_UDF6' is present

2020-12-23 23:53:15 - [MESSAGE][PASSED] - Text 'UDF Data 6' is set on object 'Object Repository/VLink/Page_CCSale/txt_UDF6'

2020-12-23 23:53:15 - [MESSAGE][PASSED] - Object 'Object Repository/VLink/Page_CCSale/txt_UDF7' is present

2020-12-23 23:53:16 - [MESSAGE][PASSED] - Text 'UDF Data 7' is set on object 'Object Repository/VLink/Page_CCSale/txt_UDF7'

2020-12-23 23:53:16 - [MESSAGE][PASSED] - Object 'Object Repository/VLink/Page_CCSale/txt_UDF8' is present

2020-12-23 23:53:17 - [MESSAGE][PASSED] - Text 'UDF Data 8' is set on object 'Object Repository/VLink/Page_CCSale/txt_UDF8'

2020-12-23 23:53:17 - [MESSAGE][PASSED] - Object 'Object Repository/VLink/Page_CCSale/txt_UDF9' is present

2020-12-23 23:53:18 - [MESSAGE][PASSED] - Text 'UDF Data 9' is set on object 'Object Repository/VLink/Page_CCSale/txt_UDF9'

2020-12-23 23:53:18 - [MESSAGE][PASSED] - Object 'Object Repository/VLink/Page_CCSale/txt_UDF10' is present

2020-12-23 23:53:19 - [MESSAGE][PASSED] - Text 'UDF Data 10' is set on object 'Object Repository/VLink/Page_CCSale/txt_UDF10'

2020-12-23 23:53:19 - [MESSAGE][PASSED] - Object 'Object Repository/VLink/Page_CCSale/txt_CardOnFileIndicator' is present

2020-12-23 23:53:20 - [MESSAGE][PASSED] - Text '' is set on object 'Object Repository/VLink/Page_CCSale/txt_CardOnFileIndicator'

2020-12-23 23:53:20 - [MESSAGE][PASSED] - Object 'Object Repository/VLink/Page_CCSale/txt_StoredCredentialIndicator' is present

2020-12-23 23:53:21 - [MESSAGE][PASSED] - Text '' is set on object 'Object Repository/VLink/Page_CCSale/txt_StoredCredentialIndicator'

2020-12-23 23:53:21 - [MESSAGE][PASSED] - Object 'Object Repository/VLink/Page_CCSale/txt_COFScheduledIndicator' is present

2020-12-23 23:53:22 - [MESSAGE][PASSED] - Text '' is set on object 'Object Repository/VLink/Page_CCSale/txt_COFScheduledIndicator'

2020-12-23 23:53:22 - [MESSAGE][PASSED] - Object 'Object Repository/VLink/Page_CCSale/txt_COFTransactionInitiatedBy' is present

2020-12-23 23:53:23 - [MESSAGE][PASSED] - Text '' is set on object 'Object Repository/VLink/Page_CCSale/txt_COFTransactionInitiatedBy'

2020-12-23 23:53:26 - [MESSAGE][PASSED] - Object: 'Object Repository/VLink/Page_CCSale/btn_ProcessVLinkTransaction' is clicked on

2020-12-23 23:53:31 - [MESSAGE][PASSED] - vlinkPages.saleCCPage.setDataSCC is PASSED

2020-12-23 23:53:31 - [TEST_STEP][PASSED] - if (verifyTextPresent("Transaction approved, no errors", true)): null

2020-12-23 23:53:31 - [MESSAGE][PASSED] - Text 'Transaction approved, no errors' is present on page  using regular expression

2020-12-23 23:53:31 - [TEST_STEP][PASSED] - println("Transaction Approved, no errors text is present on the Confirmation page"): null

2020-12-23 23:53:31 - [TEST_STEP][PASSED] - out.println("Pass Record Number: " + row): null

2020-12-23 23:53:31 - [TEST_STEP][PASSED] - resText = "Pass": null

2020-12-23 23:53:31 - [TEST_STEP][PASSED] - pages.WriteExcel.demoKey(resText, datText, resColumn, datCloumn, fileLoc, nameSheet, row): pages.WriteExcel.demoKey is PASSED

2020-12-23 23:53:31 - [MESSAGE][PASSED] - pages.WriteExcel.demoKey is PASSED

2020-12-23 23:53:31 - [TEST_STEP][PASSED] - sdfo = getText(findTestObject("Object Repository/Page_VLinkReceipt/pre_STX")): Text of object 'Object Repository/Page_VLinkReceipt/pre_STX' is: '<STX>PJI10xOfcNj8                  12088073            0  Transaction approved, no errors                   0                                                                                  X OK4110   <ETX>'

2020-12-23 23:53:31 - [MESSAGE][PASSED] - Text of object 'Object Repository/Page_VLinkReceipt/pre_STX' is: '<STX>PJI10xOfcNj8                  12088073            0  Transaction approved, no errors                   0                                                                                  X OK4110   <ETX>'

2020-12-23 23:53:31 - [TEST_STEP][PASSED] - out.println("sdfo: " + sdfo): null

2020-12-23 23:53:31 - [TEST_STEP][PASSED] - remID = substring(5, 35).trim(): null

2020-12-23 23:53:31 - [TEST_STEP][PASSED] - out.println("Remittance ID: " + remID): null

2020-12-23 23:53:31 - [TEST_STEP][PASSED] - traxID = substring(35, 55).trim(): null

2020-12-23 23:53:31 - [TEST_STEP][PASSED] - out.println("Transaction ID: " + traxID): null

2020-12-23 23:53:31 - [TEST_STEP][PASSED] - out.println("End Record Number: " + row): null

2020-12-23 23:53:31 - [TEST_STEP][PASSED] - closeBrowser(): Browser is closed

2020-12-23 23:53:32 - [MESSAGE][PASSED] - Browser is closed

2020-12-23 23:53:32 - [TEST_STEP][PASSED] - out.println("Begin Record Number: " + row): null

2020-12-23 23:53:32 - [TEST_STEP][PASSED] - today = new java.util.Date(): null

2020-12-23 23:53:32 - [TEST_STEP][PASSED] - println(today): null

2020-12-23 23:53:32 - [TEST_STEP][PASSED] - datText = today: null

2020-12-23 23:53:32 - [TEST_STEP][PASSED] - openBrowser(VLinkURL + "authcap.html"): Browser is opened with url: 'https://dev-algorithm.govolution.com/vlinktest/QA/version_2_0/authcap.html'

2020-12-23 23:53:32 - [MESSAGE][INFO] - Starting 'Chrome' driver

2020-12-23 23:53:32 - [MESSAGE][INFO] - User set preference: ['acceptInsecureCerts', 'true']

2020-12-23 23:53:32 - [MESSAGE][INFO] - Action delay is set to 0 milliseconds

2020-12-23 23:53:36 - [MESSAGE][PASSED] - Browser is opened with url: 'https://dev-algorithm.govolution.com/vlinktest/QA/version_2_0/authcap.html'

2020-12-23 23:53:36 - [TEST_STEP][PASSED] - maximizeWindow(): Current window maximized

2020-12-23 23:53:37 - [MESSAGE][PASSED] - Current window maximized

2020-12-23 23:53:37 - [TEST_STEP][PASSED] - vlinkPages.saleCCPage.setDataSCC(row, dataFile): vlinkPages.saleCCPage.setDataSCC is PASSED

2020-12-23 23:53:38 - [MESSAGE][PASSED] - Object 'Object Repository/VLink/Page_CCSale/txt_CardNumber' is present

2020-12-23 23:53:39 - [MESSAGE][PASSED] - Object 'Object Repository/VLink/Page_CCSale/txt_TransactionType' is present

2020-12-23 23:53:39 - [MESSAGE][PASSED] - Text '104' is set on object 'Object Repository/VLink/Page_CCSale/txt_TransactionType'

2020-12-23 23:53:39 - [MESSAGE][PASSED] - Object 'Object Repository/VLink/Page_CCSale/txt_MessageVersion' is present

2020-12-23 23:53:40 - [MESSAGE][PASSED] - Text '2.0C' is set on object 'Object Repository/VLink/Page_CCSale/txt_MessageVersion'

2020-12-23 23:53:40 - [MESSAGE][PASSED] - Object 'Object Repository/VLink/Page_CCSale/txt_RemID' is present

2020-12-23 23:53:41 - [MESSAGE][PASSED] - Text 'nDBawJnXBL5O' is set on object 'Object Repository/VLink/Page_CCSale/txt_RemID'

2020-12-23 23:53:41 - [MESSAGE][PASSED] - Object 'Object Repository/VLink/Page_CCSale/txt_ApplicationId' is present

2020-12-23 23:53:42 - [MESSAGE][PASSED] - Text '672' is set on object 'Object Repository/VLink/Page_CCSale/txt_ApplicationId'

2020-12-23 23:53:42 - [MESSAGE][PASSED] - Object 'Object Repository/VLink/Page_CCSale/txt_Username' is present

2020-12-23 23:53:43 - [MESSAGE][PASSED] - Text 'username' is set on object 'Object Repository/VLink/Page_CCSale/txt_Username'

2020-12-23 23:53:43 - [MESSAGE][PASSED] - Object 'Object Repository/VLink/Page_CCSale/txt_Password' is present

2020-12-23 23:53:43 - [MESSAGE][PASSED] - Text 'password' is set on object 'Object Repository/VLink/Page_CCSale/txt_Password'

2020-12-23 23:53:44 - [MESSAGE][PASSED] - Object 'Object Repository/VLink/Page_CCSale/txt_ResponseFormat' is present

2020-12-23 23:53:44 - [MESSAGE][PASSED] - Text 'fixed_width' is set on object 'Object Repository/VLink/Page_CCSale/txt_ResponseFormat'

2020-12-23 23:53:45 - [MESSAGE][PASSED] - Object 'Object Repository/VLink/Page_CCSale/txt_Category' is present

2020-12-23 23:53:45 - [MESSAGE][PASSED] - Text 'RETL' is set on object 'Object Repository/VLink/Page_CCSale/txt_Category'

2020-12-23 23:53:46 - [MESSAGE][PASSED] - Object 'Object Repository/VLink/Page_CCSale/txt_TransactionID' is present

2020-12-23 23:53:46 - [MESSAGE][PASSED] - Text '' is set on object 'Object Repository/VLink/Page_CCSale/txt_TransactionID'

2020-12-23 23:53:47 - [MESSAGE][PASSED] - Object 'Object Repository/VLink/Page_CCSale/txt_ApprovalCode' is present

2020-12-23 23:53:47 - [MESSAGE][PASSED] - Text '' is set on object 'Object Repository/VLink/Page_CCSale/txt_ApprovalCode'

2020-12-23 23:53:48 - [MESSAGE][PASSED] - Object 'Object Repository/VLink/Page_CCSale/txt_CardName' is present

2020-12-23 23:53:48 - [MESSAGE][PASSED] - Text 'Arvind Silva' is set on object 'Object Repository/VLink/Page_CCSale/txt_CardName'

2020-12-23 23:53:49 - [MESSAGE][PASSED] - Object 'Object Repository/VLink/Page_CCSale/txt_AL1' is present

2020-12-23 23:53:49 - [MESSAGE][PASSED] - Text '111 Main Ave' is set on object 'Object Repository/VLink/Page_CCSale/txt_AL1'

2020-12-23 23:53:50 - [MESSAGE][PASSED] - Object 'Object Repository/VLink/Page_CCSale/txt_AL2' is present

2020-12-23 23:53:50 - [MESSAGE][PASSED] - Text '' is set on object 'Object Repository/VLink/Page_CCSale/txt_AL2'

2020-12-23 23:53:51 - [MESSAGE][PASSED] - Object 'Object Repository/VLink/Page_CCSale/txt_CardCity' is present

2020-12-23 23:53:51 - [MESSAGE][PASSED] - Text 'Arlington' is set on object 'Object Repository/VLink/Page_CCSale/txt_CardCity'

2020-12-23 23:53:51 - [MESSAGE][PASSED] - Object 'Object Repository/VLink/Page_CCSale/txt_CardState' is present

2020-12-23 23:53:52 - [MESSAGE][PASSED] - Text 'VA' is set on object 'Object Repository/VLink/Page_CCSale/txt_CardState'

2020-12-23 23:53:52 - [MESSAGE][PASSED] - Object 'Object Repository/VLink/Page_CCSale/txt_CardZIP' is present

2020-12-23 23:53:53 - [MESSAGE][PASSED] - Text '22201' is set on object 'Object Repository/VLink/Page_CCSale/txt_CardZIP'

2020-12-23 23:53:53 - [MESSAGE][PASSED] - Object 'Object Repository/VLink/Page_CCSale/txt_CountryID' is present

2020-12-23 23:53:54 - [MESSAGE][PASSED] - Text '' is set on object 'Object Repository/VLink/Page_CCSale/txt_CountryID'

2020-12-23 23:53:54 - [MESSAGE][PASSED] - Object 'Object Repository/VLink/Page_CCSale/txt_Amount' is present

2020-12-23 23:53:55 - [MESSAGE][PASSED] - Text '2.50' is set on object 'Object Repository/VLink/Page_CCSale/txt_Amount'

2020-12-23 23:53:55 - [MESSAGE][PASSED] - Object 'Object Repository/VLink/Page_CCSale/txt_CardNumber' is present

2020-12-23 23:53:56 - [MESSAGE][PASSED] - Text '4111111111111111' is set on object 'Object Repository/VLink/Page_CCSale/txt_CardNumber'

2020-12-23 23:53:56 - [MESSAGE][PASSED] - Object 'Object Repository/VLink/Page_CCSale/txt_ExpMonth' is present

2020-12-23 23:53:57 - [MESSAGE][PASSED] - Text '01' is set on object 'Object Repository/VLink/Page_CCSale/txt_ExpMonth'

2020-12-23 23:53:57 - [MESSAGE][PASSED] - Object 'Object Repository/VLink/Page_CCSale/txt_ExpYear' is present

2020-12-23 23:53:58 - [MESSAGE][PASSED] - Text '2026' is set on object 'Object Repository/VLink/Page_CCSale/txt_ExpYear'

2020-12-23 23:53:58 - [MESSAGE][PASSED] - Object 'Object Repository/VLink/Page_CCSale/txt_CVV' is present

2020-12-23 23:53:59 - [MESSAGE][PASSED] - Text '' is set on object 'Object Repository/VLink/Page_CCSale/txt_CVV'

2020-12-23 23:53:59 - [MESSAGE][PASSED] - Object 'Object Repository/VLink/Page_CCSale/txt_CVVstate' is present

2020-12-23 23:54:00 - [MESSAGE][PASSED] - Text '' is set on object 'Object Repository/VLink/Page_CCSale/txt_CVVstate'

2020-12-23 23:54:00 - [MESSAGE][PASSED] - Object 'Object Repository/VLink/Page_CCSale/txt_TrackData' is present

2020-12-23 23:54:01 - [MESSAGE][PASSED] - Text '' is set on object 'Object Repository/VLink/Page_CCSale/txt_TrackData'

2020-12-23 23:54:01 - [MESSAGE][PASSED] - Object 'Object Repository/VLink/Page_CCSale/txt_Track1Data' is present

2020-12-23 23:54:02 - [MESSAGE][PASSED] - Text '' is set on object 'Object Repository/VLink/Page_CCSale/txt_Track1Data'

2020-12-23 23:54:02 - [MESSAGE][PASSED] - Object 'Object Repository/VLink/Page_CCSale/txt_Track2Data' is present

2020-12-23 23:54:03 - [MESSAGE][PASSED] - Text '' is set on object 'Object Repository/VLink/Page_CCSale/txt_Track2Data'

2020-12-23 23:54:03 - [MESSAGE][PASSED] - Object 'Object Repository/VLink/Page_CCSale/txt_POSEntryMode' is present

2020-12-23 23:54:04 - [MESSAGE][PASSED] - Text 'manual' is set on object 'Object Repository/VLink/Page_CCSale/txt_POSEntryMode'

2020-12-23 23:54:04 - [MESSAGE][PASSED] - Object 'Object Repository/VLink/Page_CCSale/txt_Email' is present

2020-12-23 23:54:05 - [MESSAGE][PASSED] - Text '' is set on object 'Object Repository/VLink/Page_CCSale/txt_Email'

2020-12-23 23:54:05 - [MESSAGE][PASSED] - Object 'Object Repository/VLink/Page_CCSale/txt_OrderNumber' is present

2020-12-23 23:54:06 - [MESSAGE][PASSED] - Text '' is set on object 'Object Repository/VLink/Page_CCSale/txt_OrderNumber'

2020-12-23 23:54:06 - [MESSAGE][PASSED] - Object 'Object Repository/VLink/Page_CCSale/txt_TaxAmount' is present

2020-12-23 23:54:07 - [MESSAGE][PASSED] - Text '' is set on object 'Object Repository/VLink/Page_CCSale/txt_TaxAmount'

2020-12-23 23:54:07 - [MESSAGE][PASSED] - Object 'Object Repository/VLink/Page_CCSale/txt_ChargeDescription' is present

2020-12-23 23:54:08 - [MESSAGE][PASSED] - Text '' is set on object 'Object Repository/VLink/Page_CCSale/txt_ChargeDescription'

2020-12-23 23:54:08 - [MESSAGE][PASSED] - Object 'Object Repository/VLink/Page_CCSale/txt_CAN' is present

2020-12-23 23:54:09 - [MESSAGE][PASSED] - Text '' is set on object 'Object Repository/VLink/Page_CCSale/txt_CAN'

2020-12-23 23:54:09 - [MESSAGE][PASSED] - Object 'Object Repository/VLink/Page_CCSale/txt_BillPaymentIndicator' is present

2020-12-23 23:54:10 - [MESSAGE][PASSED] - Text '' is set on object 'Object Repository/VLink/Page_CCSale/txt_BillPaymentIndicator'

2020-12-23 23:54:10 - [MESSAGE][PASSED] - Object 'Object Repository/VLink/Page_CCSale/txt_UDF1' is present

2020-12-23 23:54:11 - [MESSAGE][PASSED] - Text '' is set on object 'Object Repository/VLink/Page_CCSale/txt_UDF1'

2020-12-23 23:54:11 - [MESSAGE][PASSED] - Object 'Object Repository/VLink/Page_CCSale/txt_UDF2' is present

2020-12-23 23:54:11 - [MESSAGE][PASSED] - Text '' is set on object 'Object Repository/VLink/Page_CCSale/txt_UDF2'

2020-12-23 23:54:12 - [MESSAGE][PASSED] - Object 'Object Repository/VLink/Page_CCSale/txt_UDF3' is present

2020-12-23 23:54:12 - [MESSAGE][PASSED] - Text '' is set on object 'Object Repository/VLink/Page_CCSale/txt_UDF3'

2020-12-23 23:54:13 - [MESSAGE][PASSED] - Object 'Object Repository/VLink/Page_CCSale/txt_UDF4' is present

2020-12-23 23:54:13 - [MESSAGE][PASSED] - Text '' is set on object 'Object Repository/VLink/Page_CCSale/txt_UDF4'

2020-12-23 23:54:14 - [MESSAGE][PASSED] - Object 'Object Repository/VLink/Page_CCSale/txt_UDF5' is present

2020-12-23 23:54:14 - [MESSAGE][PASSED] - Text '' is set on object 'Object Repository/VLink/Page_CCSale/txt_UDF5'

2020-12-23 23:54:15 - [MESSAGE][PASSED] - Object 'Object Repository/VLink/Page_CCSale/txt_UDF6' is present

2020-12-23 23:54:15 - [MESSAGE][PASSED] - Text '' is set on object 'Object Repository/VLink/Page_CCSale/txt_UDF6'

2020-12-23 23:54:16 - [MESSAGE][PASSED] - Object 'Object Repository/VLink/Page_CCSale/txt_UDF7' is present

2020-12-23 23:54:16 - [MESSAGE][PASSED] - Text '' is set on object 'Object Repository/VLink/Page_CCSale/txt_UDF7'

2020-12-23 23:54:17 - [MESSAGE][PASSED] - Object 'Object Repository/VLink/Page_CCSale/txt_UDF8' is present

2020-12-23 23:54:17 - [MESSAGE][PASSED] - Text '' is set on object 'Object Repository/VLink/Page_CCSale/txt_UDF8'

2020-12-23 23:54:18 - [MESSAGE][PASSED] - Object 'Object Repository/VLink/Page_CCSale/txt_UDF9' is present

2020-12-23 23:54:18 - [MESSAGE][PASSED] - Text '' is set on object 'Object Repository/VLink/Page_CCSale/txt_UDF9'

2020-12-23 23:54:19 - [MESSAGE][PASSED] - Object 'Object Repository/VLink/Page_CCSale/txt_UDF10' is present

2020-12-23 23:54:19 - [MESSAGE][PASSED] - Text '' is set on object 'Object Repository/VLink/Page_CCSale/txt_UDF10'

2020-12-23 23:54:20 - [MESSAGE][PASSED] - Object 'Object Repository/VLink/Page_CCSale/txt_CardOnFileIndicator' is present

2020-12-23 23:54:20 - [MESSAGE][PASSED] - Text '' is set on object 'Object Repository/VLink/Page_CCSale/txt_CardOnFileIndicator'

2020-12-23 23:54:21 - [MESSAGE][PASSED] - Object 'Object Repository/VLink/Page_CCSale/txt_StoredCredentialIndicator' is present

2020-12-23 23:54:21 - [MESSAGE][PASSED] - Text '' is set on object 'Object Repository/VLink/Page_CCSale/txt_StoredCredentialIndicator'

2020-12-23 23:54:22 - [MESSAGE][PASSED] - Object 'Object Repository/VLink/Page_CCSale/txt_COFScheduledIndicator' is present

2020-12-23 23:54:22 - [MESSAGE][PASSED] - Text '' is set on object 'Object Repository/VLink/Page_CCSale/txt_COFScheduledIndicator'

2020-12-23 23:54:23 - [MESSAGE][PASSED] - Object 'Object Repository/VLink/Page_CCSale/txt_COFTransactionInitiatedBy' is present

2020-12-23 23:54:23 - [MESSAGE][PASSED] - Text '' is set on object 'Object Repository/VLink/Page_CCSale/txt_COFTransactionInitiatedBy'

2020-12-23 23:54:26 - [MESSAGE][PASSED] - Object: 'Object Repository/VLink/Page_CCSale/btn_ProcessVLinkTransaction' is clicked on

2020-12-23 23:54:31 - [MESSAGE][PASSED] - vlinkPages.saleCCPage.setDataSCC is PASSED

2020-12-23 23:54:31 - [TEST_STEP][PASSED] - if (verifyTextPresent("Transaction approved, no errors", true)): null

2020-12-23 23:54:31 - [MESSAGE][PASSED] - Text 'Transaction approved, no errors' is present on page  using regular expression

2020-12-23 23:54:31 - [TEST_STEP][PASSED] - println("Transaction Approved, no errors text is present on the Confirmation page"): null

2020-12-23 23:54:31 - [TEST_STEP][PASSED] - out.println("Pass Record Number: " + row): null

2020-12-23 23:54:31 - [TEST_STEP][PASSED] - resText = "Pass": null

2020-12-23 23:54:31 - [TEST_STEP][PASSED] - pages.WriteExcel.demoKey(resText, datText, resColumn, datCloumn, fileLoc, nameSheet, row): pages.WriteExcel.demoKey is PASSED

2020-12-23 23:54:31 - [MESSAGE][PASSED] - pages.WriteExcel.demoKey is PASSED

2020-12-23 23:54:31 - [TEST_STEP][PASSED] - sdfo = getText(findTestObject("Object Repository/Page_VLinkReceipt/pre_STX")): Text of object 'Object Repository/Page_VLinkReceipt/pre_STX' is: '<STX>nDBawJnXBL5O                  12088074            0  Transaction approved, no errors                   0                                                                                  X OK4160   <ETX>'

2020-12-23 23:54:31 - [MESSAGE][PASSED] - Text of object 'Object Repository/Page_VLinkReceipt/pre_STX' is: '<STX>nDBawJnXBL5O                  12088074            0  Transaction approved, no errors                   0                                                                                  X OK4160   <ETX>'

2020-12-23 23:54:31 - [TEST_STEP][PASSED] - out.println("sdfo: " + sdfo): null

2020-12-23 23:54:31 - [TEST_STEP][PASSED] - remID = substring(5, 35).trim(): null

2020-12-23 23:54:31 - [TEST_STEP][PASSED] - out.println("Remittance ID: " + remID): null

2020-12-23 23:54:31 - [TEST_STEP][PASSED] - traxID = substring(35, 55).trim(): null

2020-12-23 23:54:31 - [TEST_STEP][PASSED] - out.println("Transaction ID: " + traxID): null

2020-12-23 23:54:31 - [TEST_STEP][PASSED] - out.println("End Record Number: " + row): null

2020-12-23 23:54:31 - [TEST_STEP][PASSED] - closeBrowser(): Browser is closed

2020-12-23 23:54:32 - [MESSAGE][PASSED] - Browser is closed

2020-12-23 23:54:32 - [TEST_STEP][PASSED] - out.println("Begin Record Number: " + row): null

2020-12-23 23:54:32 - [TEST_STEP][PASSED] - today = new java.util.Date(): null

2020-12-23 23:54:32 - [TEST_STEP][PASSED] - println(today): null

2020-12-23 23:54:32 - [TEST_STEP][PASSED] - datText = today: null

2020-12-23 23:54:32 - [TEST_STEP][PASSED] - openBrowser(VLinkURL + "authcap.html"): Browser is opened with url: 'https://dev-algorithm.govolution.com/vlinktest/QA/version_2_0/authcap.html'

2020-12-23 23:54:32 - [MESSAGE][INFO] - Starting 'Chrome' driver

2020-12-23 23:54:32 - [MESSAGE][INFO] - User set preference: ['acceptInsecureCerts', 'true']

2020-12-23 23:54:32 - [MESSAGE][INFO] - Action delay is set to 0 milliseconds

2020-12-23 23:54:36 - [MESSAGE][PASSED] - Browser is opened with url: 'https://dev-algorithm.govolution.com/vlinktest/QA/version_2_0/authcap.html'

2020-12-23 23:54:36 - [TEST_STEP][PASSED] - maximizeWindow(): Current window maximized

2020-12-23 23:54:37 - [MESSAGE][PASSED] - Current window maximized

2020-12-23 23:54:37 - [TEST_STEP][PASSED] - vlinkPages.saleCCPage.setDataSCC(row, dataFile): vlinkPages.saleCCPage.setDataSCC is PASSED

2020-12-23 23:54:38 - [MESSAGE][PASSED] - Object 'Object Repository/VLink/Page_CCSale/txt_CardNumber' is present

2020-12-23 23:54:39 - [MESSAGE][PASSED] - Object 'Object Repository/VLink/Page_CCSale/txt_TransactionType' is present

2020-12-23 23:54:39 - [MESSAGE][PASSED] - Text '104' is set on object 'Object Repository/VLink/Page_CCSale/txt_TransactionType'

2020-12-23 23:54:40 - [MESSAGE][PASSED] - Object 'Object Repository/VLink/Page_CCSale/txt_MessageVersion' is present

2020-12-23 23:54:40 - [MESSAGE][PASSED] - Text '2.0C' is set on object 'Object Repository/VLink/Page_CCSale/txt_MessageVersion'

2020-12-23 23:54:41 - [MESSAGE][PASSED] - Object 'Object Repository/VLink/Page_CCSale/txt_RemID' is present

2020-12-23 23:54:41 - [MESSAGE][PASSED] - Text 'ifS4y2krKvVS' is set on object 'Object Repository/VLink/Page_CCSale/txt_RemID'

2020-12-23 23:54:42 - [MESSAGE][PASSED] - Object 'Object Repository/VLink/Page_CCSale/txt_ApplicationId' is present

2020-12-23 23:54:42 - [MESSAGE][PASSED] - Text '677' is set on object 'Object Repository/VLink/Page_CCSale/txt_ApplicationId'

2020-12-23 23:54:43 - [MESSAGE][PASSED] - Object 'Object Repository/VLink/Page_CCSale/txt_Username' is present

2020-12-23 23:54:43 - [MESSAGE][PASSED] - Text 'username' is set on object 'Object Repository/VLink/Page_CCSale/txt_Username'

2020-12-23 23:54:44 - [MESSAGE][PASSED] - Object 'Object Repository/VLink/Page_CCSale/txt_Password' is present

2020-12-23 23:54:44 - [MESSAGE][PASSED] - Text 'password' is set on object 'Object Repository/VLink/Page_CCSale/txt_Password'

2020-12-23 23:54:44 - [MESSAGE][PASSED] - Object 'Object Repository/VLink/Page_CCSale/txt_ResponseFormat' is present

2020-12-23 23:54:45 - [MESSAGE][PASSED] - Text 'fixed_width' is set on object 'Object Repository/VLink/Page_CCSale/txt_ResponseFormat'

2020-12-23 23:54:45 - [MESSAGE][PASSED] - Object 'Object Repository/VLink/Page_CCSale/txt_Category' is present

2020-12-23 23:54:46 - [MESSAGE][PASSED] - Text 'RETL' is set on object 'Object Repository/VLink/Page_CCSale/txt_Category'

2020-12-23 23:54:46 - [MESSAGE][PASSED] - Object 'Object Repository/VLink/Page_CCSale/txt_TransactionID' is present

2020-12-23 23:54:47 - [MESSAGE][PASSED] - Text '' is set on object 'Object Repository/VLink/Page_CCSale/txt_TransactionID'

2020-12-23 23:54:47 - [MESSAGE][PASSED] - Object 'Object Repository/VLink/Page_CCSale/txt_ApprovalCode' is present

2020-12-23 23:54:48 - [MESSAGE][PASSED] - Text '' is set on object 'Object Repository/VLink/Page_CCSale/txt_ApprovalCode'

2020-12-23 23:54:48 - [MESSAGE][PASSED] - Object 'Object Repository/VLink/Page_CCSale/txt_CardName' is present

2020-12-23 23:54:48 - [MESSAGE][PASSED] - Text 'Roshan Maha' is set on object 'Object Repository/VLink/Page_CCSale/txt_CardName'

2020-12-23 23:54:49 - [MESSAGE][PASSED] - Object 'Object Repository/VLink/Page_CCSale/txt_AL1' is present

2020-12-23 23:54:49 - [MESSAGE][PASSED] - Text '12563 Bazaar road' is set on object 'Object Repository/VLink/Page_CCSale/txt_AL1'

2020-12-23 23:54:50 - [MESSAGE][PASSED] - Object 'Object Repository/VLink/Page_CCSale/txt_AL2' is present

2020-12-23 23:54:50 - [MESSAGE][PASSED] - Text '' is set on object 'Object Repository/VLink/Page_CCSale/txt_AL2'

2020-12-23 23:54:50 - [MESSAGE][PASSED] - Object 'Object Repository/VLink/Page_CCSale/txt_CardCity' is present

2020-12-23 23:54:51 - [MESSAGE][PASSED] - Text 'Crofton' is set on object 'Object Repository/VLink/Page_CCSale/txt_CardCity'

2020-12-23 23:54:51 - [MESSAGE][PASSED] - Object 'Object Repository/VLink/Page_CCSale/txt_CardState' is present

2020-12-23 23:54:52 - [MESSAGE][PASSED] - Text 'MD' is set on object 'Object Repository/VLink/Page_CCSale/txt_CardState'

2020-12-23 23:54:52 - [MESSAGE][PASSED] - Object 'Object Repository/VLink/Page_CCSale/txt_CardZIP' is present

2020-12-23 23:54:53 - [MESSAGE][PASSED] - Text '21114' is set on object 'Object Repository/VLink/Page_CCSale/txt_CardZIP'

2020-12-23 23:54:53 - [MESSAGE][PASSED] - Object 'Object Repository/VLink/Page_CCSale/txt_CountryID' is present

2020-12-23 23:54:54 - [MESSAGE][PASSED] - Text '' is set on object 'Object Repository/VLink/Page_CCSale/txt_CountryID'

2020-12-23 23:54:54 - [MESSAGE][PASSED] - Object 'Object Repository/VLink/Page_CCSale/txt_Amount' is present

2020-12-23 23:54:55 - [MESSAGE][PASSED] - Text '3.50' is set on object 'Object Repository/VLink/Page_CCSale/txt_Amount'

2020-12-23 23:54:55 - [MESSAGE][PASSED] - Object 'Object Repository/VLink/Page_CCSale/txt_CardNumber' is present

2020-12-23 23:54:56 - [MESSAGE][PASSED] - Text '4111111111111111' is set on object 'Object Repository/VLink/Page_CCSale/txt_CardNumber'

2020-12-23 23:54:56 - [MESSAGE][PASSED] - Object 'Object Repository/VLink/Page_CCSale/txt_ExpMonth' is present

2020-12-23 23:54:57 - [MESSAGE][PASSED] - Text '01' is set on object 'Object Repository/VLink/Page_CCSale/txt_ExpMonth'

2020-12-23 23:54:57 - [MESSAGE][PASSED] - Object 'Object Repository/VLink/Page_CCSale/txt_ExpYear' is present

2020-12-23 23:54:58 - [MESSAGE][PASSED] - Text '2026' is set on object 'Object Repository/VLink/Page_CCSale/txt_ExpYear'

2020-12-23 23:54:58 - [MESSAGE][PASSED] - Object 'Object Repository/VLink/Page_CCSale/txt_CVV' is present

2020-12-23 23:54:59 - [MESSAGE][PASSED] - Text '' is set on object 'Object Repository/VLink/Page_CCSale/txt_CVV'

2020-12-23 23:54:59 - [MESSAGE][PASSED] - Object 'Object Repository/VLink/Page_CCSale/txt_CVVstate' is present

2020-12-23 23:55:00 - [MESSAGE][PASSED] - Text '' is set on object 'Object Repository/VLink/Page_CCSale/txt_CVVstate'

2020-12-23 23:55:00 - [MESSAGE][PASSED] - Object 'Object Repository/VLink/Page_CCSale/txt_TrackData' is present

2020-12-23 23:55:01 - [MESSAGE][PASSED] - Text '' is set on object 'Object Repository/VLink/Page_CCSale/txt_TrackData'

2020-12-23 23:55:01 - [MESSAGE][PASSED] - Object 'Object Repository/VLink/Page_CCSale/txt_Track1Data' is present

2020-12-23 23:55:02 - [MESSAGE][PASSED] - Text '' is set on object 'Object Repository/VLink/Page_CCSale/txt_Track1Data'

2020-12-23 23:55:02 - [MESSAGE][PASSED] - Object 'Object Repository/VLink/Page_CCSale/txt_Track2Data' is present

2020-12-23 23:55:03 - [MESSAGE][PASSED] - Text '' is set on object 'Object Repository/VLink/Page_CCSale/txt_Track2Data'

2020-12-23 23:55:03 - [MESSAGE][PASSED] - Object 'Object Repository/VLink/Page_CCSale/txt_POSEntryMode' is present

2020-12-23 23:55:04 - [MESSAGE][PASSED] - Text 'manual' is set on object 'Object Repository/VLink/Page_CCSale/txt_POSEntryMode'

2020-12-23 23:55:04 - [MESSAGE][PASSED] - Object 'Object Repository/VLink/Page_CCSale/txt_Email' is present

2020-12-23 23:55:05 - [MESSAGE][PASSED] - Text '' is set on object 'Object Repository/VLink/Page_CCSale/txt_Email'

2020-12-23 23:55:05 - [MESSAGE][PASSED] - Object 'Object Repository/VLink/Page_CCSale/txt_OrderNumber' is present

2020-12-23 23:55:06 - [MESSAGE][PASSED] - Text '' is set on object 'Object Repository/VLink/Page_CCSale/txt_OrderNumber'

2020-12-23 23:55:06 - [MESSAGE][PASSED] - Object 'Object Repository/VLink/Page_CCSale/txt_TaxAmount' is present

2020-12-23 23:55:07 - [MESSAGE][PASSED] - Text '' is set on object 'Object Repository/VLink/Page_CCSale/txt_TaxAmount'

2020-12-23 23:55:07 - [MESSAGE][PASSED] - Object 'Object Repository/VLink/Page_CCSale/txt_ChargeDescription' is present

2020-12-23 23:55:08 - [MESSAGE][PASSED] - Text '' is set on object 'Object Repository/VLink/Page_CCSale/txt_ChargeDescription'

2020-12-23 23:55:08 - [MESSAGE][PASSED] - Object 'Object Repository/VLink/Page_CCSale/txt_CAN' is present

2020-12-23 23:55:09 - [MESSAGE][PASSED] - Text '' is set on object 'Object Repository/VLink/Page_CCSale/txt_CAN'

2020-12-23 23:55:09 - [MESSAGE][PASSED] - Object 'Object Repository/VLink/Page_CCSale/txt_BillPaymentIndicator' is present

2020-12-23 23:55:10 - [MESSAGE][PASSED] - Text '' is set on object 'Object Repository/VLink/Page_CCSale/txt_BillPaymentIndicator'

2020-12-23 23:55:10 - [MESSAGE][PASSED] - Object 'Object Repository/VLink/Page_CCSale/txt_UDF1' is present

2020-12-23 23:55:11 - [MESSAGE][PASSED] - Text '' is set on object 'Object Repository/VLink/Page_CCSale/txt_UDF1'

2020-12-23 23:55:11 - [MESSAGE][PASSED] - Object 'Object Repository/VLink/Page_CCSale/txt_UDF2' is present

2020-12-23 23:55:12 - [MESSAGE][PASSED] - Text '' is set on object 'Object Repository/VLink/Page_CCSale/txt_UDF2'

2020-12-23 23:55:12 - [MESSAGE][PASSED] - Object 'Object Repository/VLink/Page_CCSale/txt_UDF3' is present

2020-12-23 23:55:13 - [MESSAGE][PASSED] - Text '' is set on object 'Object Repository/VLink/Page_CCSale/txt_UDF3'

2020-12-23 23:55:13 - [MESSAGE][PASSED] - Object 'Object Repository/VLink/Page_CCSale/txt_UDF4' is present

2020-12-23 23:55:14 - [MESSAGE][PASSED] - Text '' is set on object 'Object Repository/VLink/Page_CCSale/txt_UDF4'

2020-12-23 23:55:14 - [MESSAGE][PASSED] - Object 'Object Repository/VLink/Page_CCSale/txt_UDF5' is present

2020-12-23 23:55:15 - [MESSAGE][PASSED] - Text '' is set on object 'Object Repository/VLink/Page_CCSale/txt_UDF5'

2020-12-23 23:55:15 - [MESSAGE][PASSED] - Object 'Object Repository/VLink/Page_CCSale/txt_UDF6' is present

2020-12-23 23:55:16 - [MESSAGE][PASSED] - Text '' is set on object 'Object Repository/VLink/Page_CCSale/txt_UDF6'

2020-12-23 23:55:16 - [MESSAGE][PASSED] - Object 'Object Repository/VLink/Page_CCSale/txt_UDF7' is present

2020-12-23 23:55:17 - [MESSAGE][PASSED] - Text '' is set on object 'Object Repository/VLink/Page_CCSale/txt_UDF7'

2020-12-23 23:55:17 - [MESSAGE][PASSED] - Object 'Object Repository/VLink/Page_CCSale/txt_UDF8' is present

2020-12-23 23:55:18 - [MESSAGE][PASSED] - Text '' is set on object 'Object Repository/VLink/Page_CCSale/txt_UDF8'

2020-12-23 23:55:18 - [MESSAGE][PASSED] - Object 'Object Repository/VLink/Page_CCSale/txt_UDF9' is present

2020-12-23 23:55:19 - [MESSAGE][PASSED] - Text '' is set on object 'Object Repository/VLink/Page_CCSale/txt_UDF9'

2020-12-23 23:55:19 - [MESSAGE][PASSED] - Object 'Object Repository/VLink/Page_CCSale/txt_UDF10' is present

2020-12-23 23:55:20 - [MESSAGE][PASSED] - Text '' is set on object 'Object Repository/VLink/Page_CCSale/txt_UDF10'

2020-12-23 23:55:20 - [MESSAGE][PASSED] - Object 'Object Repository/VLink/Page_CCSale/txt_CardOnFileIndicator' is present

2020-12-23 23:55:21 - [MESSAGE][PASSED] - Text '' is set on object 'Object Repository/VLink/Page_CCSale/txt_CardOnFileIndicator'

2020-12-23 23:55:21 - [MESSAGE][PASSED] - Object 'Object Repository/VLink/Page_CCSale/txt_StoredCredentialIndicator' is present

2020-12-23 23:55:22 - [MESSAGE][PASSED] - Text '' is set on object 'Object Repository/VLink/Page_CCSale/txt_StoredCredentialIndicator'

2020-12-23 23:55:22 - [MESSAGE][PASSED] - Object 'Object Repository/VLink/Page_CCSale/txt_COFScheduledIndicator' is present

2020-12-23 23:55:23 - [MESSAGE][PASSED] - Text '' is set on object 'Object Repository/VLink/Page_CCSale/txt_COFScheduledIndicator'

2020-12-23 23:55:23 - [MESSAGE][PASSED] - Object 'Object Repository/VLink/Page_CCSale/txt_COFTransactionInitiatedBy' is present

2020-12-23 23:55:23 - [MESSAGE][PASSED] - Text '' is set on object 'Object Repository/VLink/Page_CCSale/txt_COFTransactionInitiatedBy'

2020-12-23 23:55:26 - [MESSAGE][PASSED] - Object: 'Object Repository/VLink/Page_CCSale/btn_ProcessVLinkTransaction' is clicked on

2020-12-23 23:55:31 - [MESSAGE][PASSED] - vlinkPages.saleCCPage.setDataSCC is PASSED

2020-12-23 23:55:31 - [TEST_STEP][PASSED] - if (verifyTextPresent("Transaction approved, no errors", true)): null

2020-12-23 23:55:31 - [MESSAGE][PASSED] - Text 'Transaction approved, no errors' is present on page  using regular expression

2020-12-23 23:55:31 - [TEST_STEP][PASSED] - println("Transaction Approved, no errors text is present on the Confirmation page"): null

2020-12-23 23:55:31 - [TEST_STEP][PASSED] - out.println("Pass Record Number: " + row): null

2020-12-23 23:55:31 - [TEST_STEP][PASSED] - resText = "Pass": null

2020-12-23 23:55:31 - [TEST_STEP][PASSED] - pages.WriteExcel.demoKey(resText, datText, resColumn, datCloumn, fileLoc, nameSheet, row): pages.WriteExcel.demoKey is PASSED

2020-12-23 23:55:32 - [MESSAGE][PASSED] - pages.WriteExcel.demoKey is PASSED

2020-12-23 23:55:32 - [TEST_STEP][PASSED] - sdfo = getText(findTestObject("Object Repository/Page_VLinkReceipt/pre_STX")): Text of object 'Object Repository/Page_VLinkReceipt/pre_STX' is: '<STX>ifS4y2krKvVS                  12088075            0  Transaction approved, no errors                   0                                                                                  X OK4180   <ETX>'

2020-12-23 23:55:32 - [MESSAGE][PASSED] - Text of object 'Object Repository/Page_VLinkReceipt/pre_STX' is: '<STX>ifS4y2krKvVS                  12088075            0  Transaction approved, no errors                   0                                                                                  X OK4180   <ETX>'

2020-12-23 23:55:32 - [TEST_STEP][PASSED] - out.println("sdfo: " + sdfo): null

2020-12-23 23:55:32 - [TEST_STEP][PASSED] - remID = substring(5, 35).trim(): null

2020-12-23 23:55:32 - [TEST_STEP][PASSED] - out.println("Remittance ID: " + remID): null

2020-12-23 23:55:32 - [TEST_STEP][PASSED] - traxID = substring(35, 55).trim(): null

2020-12-23 23:55:32 - [TEST_STEP][PASSED] - out.println("Transaction ID: " + traxID): null

2020-12-23 23:55:32 - [TEST_STEP][PASSED] - out.println("End Record Number: " + row): null

2020-12-23 23:55:32 - [TEST_STEP][PASSED] - closeBrowser(): Browser is closed

2020-12-23 23:55:33 - [MESSAGE][PASSED] - Browser is closed

2020-12-23 23:55:33 - [TEST_STEP][PASSED] - out.println("Begin Record Number: " + row): null

2020-12-23 23:55:33 - [TEST_STEP][PASSED] - today = new java.util.Date(): null

2020-12-23 23:55:33 - [TEST_STEP][PASSED] - println(today): null

2020-12-23 23:55:33 - [TEST_STEP][PASSED] - datText = today: null

2020-12-23 23:55:33 - [TEST_STEP][PASSED] - openBrowser(VLinkURL + "authcap.html"): Browser is opened with url: 'https://dev-algorithm.govolution.com/vlinktest/QA/version_2_0/authcap.html'

2020-12-23 23:55:33 - [MESSAGE][INFO] - Starting 'Chrome' driver

2020-12-23 23:55:33 - [MESSAGE][INFO] - User set preference: ['acceptInsecureCerts', 'true']

2020-12-23 23:55:33 - [MESSAGE][INFO] - Action delay is set to 0 milliseconds

2020-12-23 23:55:37 - [MESSAGE][PASSED] - Browser is opened with url: 'https://dev-algorithm.govolution.com/vlinktest/QA/version_2_0/authcap.html'

2020-12-23 23:55:37 - [TEST_STEP][PASSED] - maximizeWindow(): Current window maximized

2020-12-23 23:55:37 - [MESSAGE][PASSED] - Current window maximized

2020-12-23 23:55:37 - [TEST_STEP][PASSED] - vlinkPages.saleCCPage.setDataSCC(row, dataFile): vlinkPages.saleCCPage.setDataSCC is PASSED

2020-12-23 23:55:39 - [MESSAGE][PASSED] - Object 'Object Repository/VLink/Page_CCSale/txt_CardNumber' is present

2020-12-23 23:55:39 - [MESSAGE][PASSED] - Object 'Object Repository/VLink/Page_CCSale/txt_TransactionType' is present

2020-12-23 23:55:40 - [MESSAGE][PASSED] - Text '104' is set on object 'Object Repository/VLink/Page_CCSale/txt_TransactionType'

2020-12-23 23:55:40 - [MESSAGE][PASSED] - Object 'Object Repository/VLink/Page_CCSale/txt_MessageVersion' is present

2020-12-23 23:55:41 - [MESSAGE][PASSED] - Text '2.0C' is set on object 'Object Repository/VLink/Page_CCSale/txt_MessageVersion'

2020-12-23 23:55:41 - [MESSAGE][PASSED] - Object 'Object Repository/VLink/Page_CCSale/txt_RemID' is present

2020-12-23 23:55:42 - [MESSAGE][PASSED] - Text 'NCXncYWzwEhC' is set on object 'Object Repository/VLink/Page_CCSale/txt_RemID'

2020-12-23 23:55:42 - [MESSAGE][PASSED] - Object 'Object Repository/VLink/Page_CCSale/txt_ApplicationId' is present

2020-12-23 23:55:42 - [MESSAGE][PASSED] - Text '665' is set on object 'Object Repository/VLink/Page_CCSale/txt_ApplicationId'

2020-12-23 23:55:43 - [MESSAGE][PASSED] - Object 'Object Repository/VLink/Page_CCSale/txt_Username' is present

2020-12-23 23:55:43 - [MESSAGE][PASSED] - Text 'username' is set on object 'Object Repository/VLink/Page_CCSale/txt_Username'

2020-12-23 23:55:44 - [MESSAGE][PASSED] - Object 'Object Repository/VLink/Page_CCSale/txt_Password' is present

2020-12-23 23:55:44 - [MESSAGE][PASSED] - Text 'password' is set on object 'Object Repository/VLink/Page_CCSale/txt_Password'

2020-12-23 23:55:44 - [MESSAGE][PASSED] - Object 'Object Repository/VLink/Page_CCSale/txt_ResponseFormat' is present

2020-12-23 23:55:45 - [MESSAGE][PASSED] - Text 'fixed_width' is set on object 'Object Repository/VLink/Page_CCSale/txt_ResponseFormat'

2020-12-23 23:55:45 - [MESSAGE][PASSED] - Object 'Object Repository/VLink/Page_CCSale/txt_Category' is present

2020-12-23 23:55:46 - [MESSAGE][PASSED] - Text 'RETL' is set on object 'Object Repository/VLink/Page_CCSale/txt_Category'

2020-12-23 23:55:46 - [MESSAGE][PASSED] - Object 'Object Repository/VLink/Page_CCSale/txt_TransactionID' is present

2020-12-23 23:55:47 - [MESSAGE][PASSED] - Text '' is set on object 'Object Repository/VLink/Page_CCSale/txt_TransactionID'

2020-12-23 23:55:47 - [MESSAGE][PASSED] - Object 'Object Repository/VLink/Page_CCSale/txt_ApprovalCode' is present

2020-12-23 23:55:48 - [MESSAGE][PASSED] - Text '' is set on object 'Object Repository/VLink/Page_CCSale/txt_ApprovalCode'

2020-12-23 23:55:48 - [MESSAGE][PASSED] - Object 'Object Repository/VLink/Page_CCSale/txt_CardName' is present

2020-12-23 23:55:48 - [MESSAGE][PASSED] - Text 'Kris Roshan' is set on object 'Object Repository/VLink/Page_CCSale/txt_CardName'

2020-12-23 23:55:49 - [MESSAGE][PASSED] - Object 'Object Repository/VLink/Page_CCSale/txt_AL1' is present

2020-12-23 23:55:49 - [MESSAGE][PASSED] - Text '258 Elm Road' is set on object 'Object Repository/VLink/Page_CCSale/txt_AL1'

2020-12-23 23:55:50 - [MESSAGE][PASSED] - Object 'Object Repository/VLink/Page_CCSale/txt_AL2' is present

2020-12-23 23:55:50 - [MESSAGE][PASSED] - Text 'Suite 56' is set on object 'Object Repository/VLink/Page_CCSale/txt_AL2'

2020-12-23 23:55:51 - [MESSAGE][PASSED] - Object 'Object Repository/VLink/Page_CCSale/txt_CardCity' is present

2020-12-23 23:55:51 - [MESSAGE][PASSED] - Text 'Arlington' is set on object 'Object Repository/VLink/Page_CCSale/txt_CardCity'

2020-12-23 23:55:52 - [MESSAGE][PASSED] - Object 'Object Repository/VLink/Page_CCSale/txt_CardState' is present

2020-12-23 23:55:52 - [MESSAGE][PASSED] - Text 'VA' is set on object 'Object Repository/VLink/Page_CCSale/txt_CardState'

2020-12-23 23:55:53 - [MESSAGE][PASSED] - Object 'Object Repository/VLink/Page_CCSale/txt_CardZIP' is present

2020-12-23 23:55:53 - [MESSAGE][PASSED] - Text '22201' is set on object 'Object Repository/VLink/Page_CCSale/txt_CardZIP'

2020-12-23 23:55:54 - [MESSAGE][PASSED] - Object 'Object Repository/VLink/Page_CCSale/txt_CountryID' is present

2020-12-23 23:55:54 - [MESSAGE][PASSED] - Text '840' is set on object 'Object Repository/VLink/Page_CCSale/txt_CountryID'

2020-12-23 23:55:55 - [MESSAGE][PASSED] - Object 'Object Repository/VLink/Page_CCSale/txt_Amount' is present

2020-12-23 23:55:55 - [MESSAGE][PASSED] - Text '1.50' is set on object 'Object Repository/VLink/Page_CCSale/txt_Amount'

2020-12-23 23:55:56 - [MESSAGE][PASSED] - Object 'Object Repository/VLink/Page_CCSale/txt_CardNumber' is present

2020-12-23 23:55:56 - [MESSAGE][PASSED] - Text '5424000000000015' is set on object 'Object Repository/VLink/Page_CCSale/txt_CardNumber'

2020-12-23 23:55:57 - [MESSAGE][PASSED] - Object 'Object Repository/VLink/Page_CCSale/txt_ExpMonth' is present

2020-12-23 23:55:57 - [MESSAGE][PASSED] - Text '12' is set on object 'Object Repository/VLink/Page_CCSale/txt_ExpMonth'

2020-12-23 23:55:58 - [MESSAGE][PASSED] - Object 'Object Repository/VLink/Page_CCSale/txt_ExpYear' is present

2020-12-23 23:55:58 - [MESSAGE][PASSED] - Text '2025' is set on object 'Object Repository/VLink/Page_CCSale/txt_ExpYear'

2020-12-23 23:55:59 - [MESSAGE][PASSED] - Object 'Object Repository/VLink/Page_CCSale/txt_CVV' is present

2020-12-23 23:55:59 - [MESSAGE][PASSED] - Text '' is set on object 'Object Repository/VLink/Page_CCSale/txt_CVV'

2020-12-23 23:56:00 - [MESSAGE][PASSED] - Object 'Object Repository/VLink/Page_CCSale/txt_CVVstate' is present

2020-12-23 23:56:00 - [MESSAGE][PASSED] - Text '' is set on object 'Object Repository/VLink/Page_CCSale/txt_CVVstate'

2020-12-23 23:56:00 - [MESSAGE][PASSED] - Object 'Object Repository/VLink/Page_CCSale/txt_TrackData' is present

2020-12-23 23:56:01 - [MESSAGE][PASSED] - Text '' is set on object 'Object Repository/VLink/Page_CCSale/txt_TrackData'

2020-12-23 23:56:01 - [MESSAGE][PASSED] - Object 'Object Repository/VLink/Page_CCSale/txt_Track1Data' is present

2020-12-23 23:56:02 - [MESSAGE][PASSED] - Text '' is set on object 'Object Repository/VLink/Page_CCSale/txt_Track1Data'

2020-12-23 23:56:02 - [MESSAGE][PASSED] - Object 'Object Repository/VLink/Page_CCSale/txt_Track2Data' is present

2020-12-23 23:56:03 - [MESSAGE][PASSED] - Text '' is set on object 'Object Repository/VLink/Page_CCSale/txt_Track2Data'

2020-12-23 23:56:03 - [MESSAGE][PASSED] - Object 'Object Repository/VLink/Page_CCSale/txt_POSEntryMode' is present

2020-12-23 23:56:04 - [MESSAGE][PASSED] - Text 'manual' is set on object 'Object Repository/VLink/Page_CCSale/txt_POSEntryMode'

2020-12-23 23:56:04 - [MESSAGE][PASSED] - Object 'Object Repository/VLink/Page_CCSale/txt_Email' is present

2020-12-23 23:56:05 - [MESSAGE][PASSED] - Text 'iahmed@govolution.com' is set on object 'Object Repository/VLink/Page_CCSale/txt_Email'

2020-12-23 23:56:05 - [MESSAGE][PASSED] - Object 'Object Repository/VLink/Page_CCSale/txt_OrderNumber' is present

2020-12-23 23:56:06 - [MESSAGE][PASSED] - Text '2569362' is set on object 'Object Repository/VLink/Page_CCSale/txt_OrderNumber'

2020-12-23 23:56:06 - [MESSAGE][PASSED] - Object 'Object Repository/VLink/Page_CCSale/txt_TaxAmount' is present

2020-12-23 23:56:07 - [MESSAGE][PASSED] - Text '1.15' is set on object 'Object Repository/VLink/Page_CCSale/txt_TaxAmount'

2020-12-23 23:56:07 - [MESSAGE][PASSED] - Object 'Object Repository/VLink/Page_CCSale/txt_ChargeDescription' is present

2020-12-23 23:56:08 - [MESSAGE][PASSED] - Text 'Charge Description' is set on object 'Object Repository/VLink/Page_CCSale/txt_ChargeDescription'

2020-12-23 23:56:08 - [MESSAGE][PASSED] - Object 'Object Repository/VLink/Page_CCSale/txt_CAN' is present

2020-12-23 23:56:09 - [MESSAGE][PASSED] - Text '147357' is set on object 'Object Repository/VLink/Page_CCSale/txt_CAN'

2020-12-23 23:56:09 - [MESSAGE][PASSED] - Object 'Object Repository/VLink/Page_CCSale/txt_BillPaymentIndicator' is present

2020-12-23 23:56:10 - [MESSAGE][PASSED] - Text '1' is set on object 'Object Repository/VLink/Page_CCSale/txt_BillPaymentIndicator'

2020-12-23 23:56:10 - [MESSAGE][PASSED] - Object 'Object Repository/VLink/Page_CCSale/txt_UDF1' is present

2020-12-23 23:56:11 - [MESSAGE][PASSED] - Text 'UDF Data 1' is set on object 'Object Repository/VLink/Page_CCSale/txt_UDF1'

2020-12-23 23:56:11 - [MESSAGE][PASSED] - Object 'Object Repository/VLink/Page_CCSale/txt_UDF2' is present

2020-12-23 23:56:12 - [MESSAGE][PASSED] - Text 'UDF Data 2' is set on object 'Object Repository/VLink/Page_CCSale/txt_UDF2'

2020-12-23 23:56:12 - [MESSAGE][PASSED] - Object 'Object Repository/VLink/Page_CCSale/txt_UDF3' is present

2020-12-23 23:56:13 - [MESSAGE][PASSED] - Text 'UDF Data 3' is set on object 'Object Repository/VLink/Page_CCSale/txt_UDF3'

2020-12-23 23:56:13 - [MESSAGE][PASSED] - Object 'Object Repository/VLink/Page_CCSale/txt_UDF4' is present

2020-12-23 23:56:14 - [MESSAGE][PASSED] - Text 'UDF Data 4' is set on object 'Object Repository/VLink/Page_CCSale/txt_UDF4'

2020-12-23 23:56:14 - [MESSAGE][PASSED] - Object 'Object Repository/VLink/Page_CCSale/txt_UDF5' is present

2020-12-23 23:56:15 - [MESSAGE][PASSED] - Text 'UDF Data 5' is set on object 'Object Repository/VLink/Page_CCSale/txt_UDF5'

2020-12-23 23:56:15 - [MESSAGE][PASSED] - Object 'Object Repository/VLink/Page_CCSale/txt_UDF6' is present

2020-12-23 23:56:16 - [MESSAGE][PASSED] - Text 'UDF Data 6' is set on object 'Object Repository/VLink/Page_CCSale/txt_UDF6'

2020-12-23 23:56:16 - [MESSAGE][PASSED] - Object 'Object Repository/VLink/Page_CCSale/txt_UDF7' is present

2020-12-23 23:56:17 - [MESSAGE][PASSED] - Text 'UDF Data 7' is set on object 'Object Repository/VLink/Page_CCSale/txt_UDF7'

2020-12-23 23:56:17 - [MESSAGE][PASSED] - Object 'Object Repository/VLink/Page_CCSale/txt_UDF8' is present

2020-12-23 23:56:18 - [MESSAGE][PASSED] - Text 'UDF Data 8' is set on object 'Object Repository/VLink/Page_CCSale/txt_UDF8'

2020-12-23 23:56:18 - [MESSAGE][PASSED] - Object 'Object Repository/VLink/Page_CCSale/txt_UDF9' is present

2020-12-23 23:56:19 - [MESSAGE][PASSED] - Text 'UDF Data 9' is set on object 'Object Repository/VLink/Page_CCSale/txt_UDF9'

2020-12-23 23:56:19 - [MESSAGE][PASSED] - Object 'Object Repository/VLink/Page_CCSale/txt_UDF10' is present

2020-12-23 23:56:20 - [MESSAGE][PASSED] - Text 'UDF Data 10' is set on object 'Object Repository/VLink/Page_CCSale/txt_UDF10'

2020-12-23 23:56:20 - [MESSAGE][PASSED] - Object 'Object Repository/VLink/Page_CCSale/txt_CardOnFileIndicator' is present

2020-12-23 23:56:21 - [MESSAGE][PASSED] - Text '' is set on object 'Object Repository/VLink/Page_CCSale/txt_CardOnFileIndicator'

2020-12-23 23:56:21 - [MESSAGE][PASSED] - Object 'Object Repository/VLink/Page_CCSale/txt_StoredCredentialIndicator' is present

2020-12-23 23:56:22 - [MESSAGE][PASSED] - Text '' is set on object 'Object Repository/VLink/Page_CCSale/txt_StoredCredentialIndicator'

2020-12-23 23:56:22 - [MESSAGE][PASSED] - Object 'Object Repository/VLink/Page_CCSale/txt_COFScheduledIndicator' is present

2020-12-23 23:56:23 - [MESSAGE][PASSED] - Text '' is set on object 'Object Repository/VLink/Page_CCSale/txt_COFScheduledIndicator'

2020-12-23 23:56:23 - [MESSAGE][PASSED] - Object 'Object Repository/VLink/Page_CCSale/txt_COFTransactionInitiatedBy' is present

2020-12-23 23:56:24 - [MESSAGE][PASSED] - Text '' is set on object 'Object Repository/VLink/Page_CCSale/txt_COFTransactionInitiatedBy'

2020-12-23 23:56:26 - [MESSAGE][PASSED] - Object: 'Object Repository/VLink/Page_CCSale/btn_ProcessVLinkTransaction' is clicked on

2020-12-23 23:56:31 - [MESSAGE][PASSED] - vlinkPages.saleCCPage.setDataSCC is PASSED

2020-12-23 23:56:31 - [TEST_STEP][PASSED] - if (verifyTextPresent("Transaction approved, no errors", true)): null

2020-12-23 23:56:32 - [MESSAGE][PASSED] - Text 'Transaction approved, no errors' is present on page  using regular expression

2020-12-23 23:56:32 - [TEST_STEP][PASSED] - println("Transaction Approved, no errors text is present on the Confirmation page"): null

2020-12-23 23:56:32 - [TEST_STEP][PASSED] - out.println("Pass Record Number: " + row): null

2020-12-23 23:56:32 - [TEST_STEP][PASSED] - resText = "Pass": null

2020-12-23 23:56:32 - [TEST_STEP][PASSED] - pages.WriteExcel.demoKey(resText, datText, resColumn, datCloumn, fileLoc, nameSheet, row): pages.WriteExcel.demoKey is PASSED

2020-12-23 23:56:32 - [MESSAGE][PASSED] - pages.WriteExcel.demoKey is PASSED

2020-12-23 23:56:32 - [TEST_STEP][PASSED] - sdfo = getText(findTestObject("Object Repository/Page_VLinkReceipt/pre_STX")): Text of object 'Object Repository/Page_VLinkReceipt/pre_STX' is: '<STX>NCXncYWzwEhC                  12088077            0  Transaction approved, no errors                   0                                                                                  X OK4190   <ETX>'

2020-12-23 23:56:32 - [MESSAGE][PASSED] - Text of object 'Object Repository/Page_VLinkReceipt/pre_STX' is: '<STX>NCXncYWzwEhC                  12088077            0  Transaction approved, no errors                   0                                                                                  X OK4190   <ETX>'

2020-12-23 23:56:32 - [TEST_STEP][PASSED] - out.println("sdfo: " + sdfo): null

2020-12-23 23:56:32 - [TEST_STEP][PASSED] - remID = substring(5, 35).trim(): null

2020-12-23 23:56:32 - [TEST_STEP][PASSED] - out.println("Remittance ID: " + remID): null

2020-12-23 23:56:32 - [TEST_STEP][PASSED] - traxID = substring(35, 55).trim(): null

2020-12-23 23:56:32 - [TEST_STEP][PASSED] - out.println("Transaction ID: " + traxID): null

2020-12-23 23:56:32 - [TEST_STEP][PASSED] - out.println("End Record Number: " + row): null

2020-12-23 23:56:32 - [TEST_STEP][PASSED] - closeBrowser(): Browser is closed

2020-12-23 23:56:33 - [MESSAGE][PASSED] - Browser is closed

2020-12-23 23:56:33 - [TEST_STEP][PASSED] - out.println("Begin Record Number: " + row): null

2020-12-23 23:56:33 - [TEST_STEP][PASSED] - today = new java.util.Date(): null

2020-12-23 23:56:33 - [TEST_STEP][PASSED] - println(today): null

2020-12-23 23:56:33 - [TEST_STEP][PASSED] - datText = today: null

2020-12-23 23:56:33 - [TEST_STEP][PASSED] - openBrowser(VLinkURL + "authcap.html"): Browser is opened with url: 'https://dev-algorithm.govolution.com/vlinktest/QA/version_2_0/authcap.html'

2020-12-23 23:56:33 - [MESSAGE][INFO] - Starting 'Chrome' driver

2020-12-23 23:56:33 - [MESSAGE][INFO] - User set preference: ['acceptInsecureCerts', 'true']

2020-12-23 23:56:33 - [MESSAGE][INFO] - Action delay is set to 0 milliseconds

2020-12-23 23:56:36 - [MESSAGE][PASSED] - Browser is opened with url: 'https://dev-algorithm.govolution.com/vlinktest/QA/version_2_0/authcap.html'

2020-12-23 23:56:36 - [TEST_STEP][PASSED] - maximizeWindow(): Current window maximized

2020-12-23 23:56:36 - [MESSAGE][PASSED] - Current window maximized

2020-12-23 23:56:36 - [TEST_STEP][PASSED] - vlinkPages.saleCCPage.setDataSCC(row, dataFile): vlinkPages.saleCCPage.setDataSCC is PASSED

2020-12-23 23:56:38 - [MESSAGE][PASSED] - Object 'Object Repository/VLink/Page_CCSale/txt_CardNumber' is present

2020-12-23 23:56:39 - [MESSAGE][PASSED] - Object 'Object Repository/VLink/Page_CCSale/txt_TransactionType' is present

2020-12-23 23:56:39 - [MESSAGE][PASSED] - Text '104' is set on object 'Object Repository/VLink/Page_CCSale/txt_TransactionType'

2020-12-23 23:56:40 - [MESSAGE][PASSED] - Object 'Object Repository/VLink/Page_CCSale/txt_MessageVersion' is present

2020-12-23 23:56:40 - [MESSAGE][PASSED] - Text '2.0C' is set on object 'Object Repository/VLink/Page_CCSale/txt_MessageVersion'

2020-12-23 23:56:41 - [MESSAGE][PASSED] - Object 'Object Repository/VLink/Page_CCSale/txt_RemID' is present

2020-12-23 23:56:41 - [MESSAGE][PASSED] - Text 'bGl6ZjdboUd4' is set on object 'Object Repository/VLink/Page_CCSale/txt_RemID'

2020-12-23 23:56:42 - [MESSAGE][PASSED] - Object 'Object Repository/VLink/Page_CCSale/txt_ApplicationId' is present

2020-12-23 23:56:42 - [MESSAGE][PASSED] - Text '672' is set on object 'Object Repository/VLink/Page_CCSale/txt_ApplicationId'

2020-12-23 23:56:42 - [MESSAGE][PASSED] - Object 'Object Repository/VLink/Page_CCSale/txt_Username' is present

2020-12-23 23:56:43 - [MESSAGE][PASSED] - Text 'username' is set on object 'Object Repository/VLink/Page_CCSale/txt_Username'

2020-12-23 23:56:43 - [MESSAGE][PASSED] - Object 'Object Repository/VLink/Page_CCSale/txt_Password' is present

2020-12-23 23:56:44 - [MESSAGE][PASSED] - Text 'password' is set on object 'Object Repository/VLink/Page_CCSale/txt_Password'

2020-12-23 23:56:44 - [MESSAGE][PASSED] - Object 'Object Repository/VLink/Page_CCSale/txt_ResponseFormat' is present

2020-12-23 23:56:45 - [MESSAGE][PASSED] - Text 'fixed_width' is set on object 'Object Repository/VLink/Page_CCSale/txt_ResponseFormat'

2020-12-23 23:56:45 - [MESSAGE][PASSED] - Object 'Object Repository/VLink/Page_CCSale/txt_Category' is present

2020-12-23 23:56:46 - [MESSAGE][PASSED] - Text 'RETL' is set on object 'Object Repository/VLink/Page_CCSale/txt_Category'

2020-12-23 23:56:46 - [MESSAGE][PASSED] - Object 'Object Repository/VLink/Page_CCSale/txt_TransactionID' is present

2020-12-23 23:56:47 - [MESSAGE][PASSED] - Text '' is set on object 'Object Repository/VLink/Page_CCSale/txt_TransactionID'

2020-12-23 23:56:47 - [MESSAGE][PASSED] - Object 'Object Repository/VLink/Page_CCSale/txt_ApprovalCode' is present

2020-12-23 23:56:48 - [MESSAGE][PASSED] - Text '' is set on object 'Object Repository/VLink/Page_CCSale/txt_ApprovalCode'

2020-12-23 23:56:48 - [MESSAGE][PASSED] - Object 'Object Repository/VLink/Page_CCSale/txt_CardName' is present

2020-12-23 23:56:48 - [MESSAGE][PASSED] - Text 'Arvind Silva' is set on object 'Object Repository/VLink/Page_CCSale/txt_CardName'

2020-12-23 23:56:49 - [MESSAGE][PASSED] - Object 'Object Repository/VLink/Page_CCSale/txt_AL1' is present

2020-12-23 23:56:49 - [MESSAGE][PASSED] - Text '111 Main Ave' is set on object 'Object Repository/VLink/Page_CCSale/txt_AL1'

2020-12-23 23:56:50 - [MESSAGE][PASSED] - Object 'Object Repository/VLink/Page_CCSale/txt_AL2' is present

2020-12-23 23:56:50 - [MESSAGE][PASSED] - Text '' is set on object 'Object Repository/VLink/Page_CCSale/txt_AL2'

2020-12-23 23:56:50 - [MESSAGE][PASSED] - Object 'Object Repository/VLink/Page_CCSale/txt_CardCity' is present

2020-12-23 23:56:51 - [MESSAGE][PASSED] - Text 'Arlington' is set on object 'Object Repository/VLink/Page_CCSale/txt_CardCity'

2020-12-23 23:56:51 - [MESSAGE][PASSED] - Object 'Object Repository/VLink/Page_CCSale/txt_CardState' is present

2020-12-23 23:56:52 - [MESSAGE][PASSED] - Text 'VA' is set on object 'Object Repository/VLink/Page_CCSale/txt_CardState'

2020-12-23 23:56:52 - [MESSAGE][PASSED] - Object 'Object Repository/VLink/Page_CCSale/txt_CardZIP' is present

2020-12-23 23:56:53 - [MESSAGE][PASSED] - Text '22201' is set on object 'Object Repository/VLink/Page_CCSale/txt_CardZIP'

2020-12-23 23:56:53 - [MESSAGE][PASSED] - Object 'Object Repository/VLink/Page_CCSale/txt_CountryID' is present

2020-12-23 23:56:54 - [MESSAGE][PASSED] - Text '' is set on object 'Object Repository/VLink/Page_CCSale/txt_CountryID'

2020-12-23 23:56:54 - [MESSAGE][PASSED] - Object 'Object Repository/VLink/Page_CCSale/txt_Amount' is present

2020-12-23 23:56:55 - [MESSAGE][PASSED] - Text '2.50' is set on object 'Object Repository/VLink/Page_CCSale/txt_Amount'

2020-12-23 23:56:55 - [MESSAGE][PASSED] - Object 'Object Repository/VLink/Page_CCSale/txt_CardNumber' is present

2020-12-23 23:56:56 - [MESSAGE][PASSED] - Text '5424000000000015' is set on object 'Object Repository/VLink/Page_CCSale/txt_CardNumber'

2020-12-23 23:56:56 - [MESSAGE][PASSED] - Object 'Object Repository/VLink/Page_CCSale/txt_ExpMonth' is present

2020-12-23 23:56:57 - [MESSAGE][PASSED] - Text '01' is set on object 'Object Repository/VLink/Page_CCSale/txt_ExpMonth'

2020-12-23 23:56:57 - [MESSAGE][PASSED] - Object 'Object Repository/VLink/Page_CCSale/txt_ExpYear' is present

2020-12-23 23:56:58 - [MESSAGE][PASSED] - Text '2026' is set on object 'Object Repository/VLink/Page_CCSale/txt_ExpYear'

2020-12-23 23:56:58 - [MESSAGE][PASSED] - Object 'Object Repository/VLink/Page_CCSale/txt_CVV' is present

2020-12-23 23:56:59 - [MESSAGE][PASSED] - Text '' is set on object 'Object Repository/VLink/Page_CCSale/txt_CVV'

2020-12-23 23:56:59 - [MESSAGE][PASSED] - Object 'Object Repository/VLink/Page_CCSale/txt_CVVstate' is present

2020-12-23 23:57:00 - [MESSAGE][PASSED] - Text '' is set on object 'Object Repository/VLink/Page_CCSale/txt_CVVstate'

2020-12-23 23:57:00 - [MESSAGE][PASSED] - Object 'Object Repository/VLink/Page_CCSale/txt_TrackData' is present

2020-12-23 23:57:01 - [MESSAGE][PASSED] - Text '' is set on object 'Object Repository/VLink/Page_CCSale/txt_TrackData'

2020-12-23 23:57:01 - [MESSAGE][PASSED] - Object 'Object Repository/VLink/Page_CCSale/txt_Track1Data' is present

2020-12-23 23:57:02 - [MESSAGE][PASSED] - Text '' is set on object 'Object Repository/VLink/Page_CCSale/txt_Track1Data'

2020-12-23 23:57:02 - [MESSAGE][PASSED] - Object 'Object Repository/VLink/Page_CCSale/txt_Track2Data' is present

2020-12-23 23:57:02 - [MESSAGE][PASSED] - Text '' is set on object 'Object Repository/VLink/Page_CCSale/txt_Track2Data'

2020-12-23 23:57:03 - [MESSAGE][PASSED] - Object 'Object Repository/VLink/Page_CCSale/txt_POSEntryMode' is present

2020-12-23 23:57:03 - [MESSAGE][PASSED] - Text 'manual' is set on object 'Object Repository/VLink/Page_CCSale/txt_POSEntryMode'

2020-12-23 23:57:04 - [MESSAGE][PASSED] - Object 'Object Repository/VLink/Page_CCSale/txt_Email' is present

2020-12-23 23:57:04 - [MESSAGE][PASSED] - Text '' is set on object 'Object Repository/VLink/Page_CCSale/txt_Email'

2020-12-23 23:57:05 - [MESSAGE][PASSED] - Object 'Object Repository/VLink/Page_CCSale/txt_OrderNumber' is present

2020-12-23 23:57:05 - [MESSAGE][PASSED] - Text '' is set on object 'Object Repository/VLink/Page_CCSale/txt_OrderNumber'

2020-12-23 23:57:06 - [MESSAGE][PASSED] - Object 'Object Repository/VLink/Page_CCSale/txt_TaxAmount' is present

2020-12-23 23:57:06 - [MESSAGE][PASSED] - Text '' is set on object 'Object Repository/VLink/Page_CCSale/txt_TaxAmount'

2020-12-23 23:57:07 - [MESSAGE][PASSED] - Object 'Object Repository/VLink/Page_CCSale/txt_ChargeDescription' is present

2020-12-23 23:57:07 - [MESSAGE][PASSED] - Text '' is set on object 'Object Repository/VLink/Page_CCSale/txt_ChargeDescription'

2020-12-23 23:57:08 - [MESSAGE][PASSED] - Object 'Object Repository/VLink/Page_CCSale/txt_CAN' is present

2020-12-23 23:57:08 - [MESSAGE][PASSED] - Text '' is set on object 'Object Repository/VLink/Page_CCSale/txt_CAN'

2020-12-23 23:57:09 - [MESSAGE][PASSED] - Object 'Object Repository/VLink/Page_CCSale/txt_BillPaymentIndicator' is present

2020-12-23 23:57:09 - [MESSAGE][PASSED] - Text '' is set on object 'Object Repository/VLink/Page_CCSale/txt_BillPaymentIndicator'

2020-12-23 23:57:10 - [MESSAGE][PASSED] - Object 'Object Repository/VLink/Page_CCSale/txt_UDF1' is present

2020-12-23 23:57:10 - [MESSAGE][PASSED] - Text '' is set on object 'Object Repository/VLink/Page_CCSale/txt_UDF1'

2020-12-23 23:57:11 - [MESSAGE][PASSED] - Object 'Object Repository/VLink/Page_CCSale/txt_UDF2' is present

2020-12-23 23:57:11 - [MESSAGE][PASSED] - Text '' is set on object 'Object Repository/VLink/Page_CCSale/txt_UDF2'

2020-12-23 23:57:12 - [MESSAGE][PASSED] - Object 'Object Repository/VLink/Page_CCSale/txt_UDF3' is present

2020-12-23 23:57:12 - [MESSAGE][PASSED] - Text '' is set on object 'Object Repository/VLink/Page_CCSale/txt_UDF3'

2020-12-23 23:57:13 - [MESSAGE][PASSED] - Object 'Object Repository/VLink/Page_CCSale/txt_UDF4' is present

2020-12-23 23:57:13 - [MESSAGE][PASSED] - Text '' is set on object 'Object Repository/VLink/Page_CCSale/txt_UDF4'

2020-12-23 23:57:14 - [MESSAGE][PASSED] - Object 'Object Repository/VLink/Page_CCSale/txt_UDF5' is present

2020-12-23 23:57:14 - [MESSAGE][PASSED] - Text '' is set on object 'Object Repository/VLink/Page_CCSale/txt_UDF5'

2020-12-23 23:57:15 - [MESSAGE][PASSED] - Object 'Object Repository/VLink/Page_CCSale/txt_UDF6' is present

2020-12-23 23:57:15 - [MESSAGE][PASSED] - Text '' is set on object 'Object Repository/VLink/Page_CCSale/txt_UDF6'

2020-12-23 23:57:16 - [MESSAGE][PASSED] - Object 'Object Repository/VLink/Page_CCSale/txt_UDF7' is present

2020-12-23 23:57:16 - [MESSAGE][PASSED] - Text '' is set on object 'Object Repository/VLink/Page_CCSale/txt_UDF7'

2020-12-23 23:57:17 - [MESSAGE][PASSED] - Object 'Object Repository/VLink/Page_CCSale/txt_UDF8' is present

2020-12-23 23:57:17 - [MESSAGE][PASSED] - Text '' is set on object 'Object Repository/VLink/Page_CCSale/txt_UDF8'

2020-12-23 23:57:18 - [MESSAGE][PASSED] - Object 'Object Repository/VLink/Page_CCSale/txt_UDF9' is present

2020-12-23 23:57:18 - [MESSAGE][PASSED] - Text '' is set on object 'Object Repository/VLink/Page_CCSale/txt_UDF9'

2020-12-23 23:57:19 - [MESSAGE][PASSED] - Object 'Object Repository/VLink/Page_CCSale/txt_UDF10' is present

2020-12-23 23:57:19 - [MESSAGE][PASSED] - Text '' is set on object 'Object Repository/VLink/Page_CCSale/txt_UDF10'

2020-12-23 23:57:20 - [MESSAGE][PASSED] - Object 'Object Repository/VLink/Page_CCSale/txt_CardOnFileIndicator' is present

2020-12-23 23:57:20 - [MESSAGE][PASSED] - Text '' is set on object 'Object Repository/VLink/Page_CCSale/txt_CardOnFileIndicator'

2020-12-23 23:57:20 - [MESSAGE][PASSED] - Object 'Object Repository/VLink/Page_CCSale/txt_StoredCredentialIndicator' is present

2020-12-23 23:57:21 - [MESSAGE][PASSED] - Text '' is set on object 'Object Repository/VLink/Page_CCSale/txt_StoredCredentialIndicator'

2020-12-23 23:57:21 - [MESSAGE][PASSED] - Object 'Object Repository/VLink/Page_CCSale/txt_COFScheduledIndicator' is present

2020-12-23 23:57:22 - [MESSAGE][PASSED] - Text '' is set on object 'Object Repository/VLink/Page_CCSale/txt_COFScheduledIndicator'

2020-12-23 23:57:22 - [MESSAGE][PASSED] - Object 'Object Repository/VLink/Page_CCSale/txt_COFTransactionInitiatedBy' is present

2020-12-23 23:57:23 - [MESSAGE][PASSED] - Text '' is set on object 'Object Repository/VLink/Page_CCSale/txt_COFTransactionInitiatedBy'

2020-12-23 23:57:26 - [MESSAGE][PASSED] - Object: 'Object Repository/VLink/Page_CCSale/btn_ProcessVLinkTransaction' is clicked on

2020-12-23 23:57:31 - [MESSAGE][PASSED] - vlinkPages.saleCCPage.setDataSCC is PASSED

2020-12-23 23:57:31 - [TEST_STEP][PASSED] - if (verifyTextPresent("Transaction approved, no errors", true)): null

2020-12-23 23:57:31 - [MESSAGE][PASSED] - Text 'Transaction approved, no errors' is present on page  using regular expression

2020-12-23 23:57:31 - [TEST_STEP][PASSED] - println("Transaction Approved, no errors text is present on the Confirmation page"): null

2020-12-23 23:57:31 - [TEST_STEP][PASSED] - out.println("Pass Record Number: " + row): null

2020-12-23 23:57:31 - [TEST_STEP][PASSED] - resText = "Pass": null

2020-12-23 23:57:31 - [TEST_STEP][PASSED] - pages.WriteExcel.demoKey(resText, datText, resColumn, datCloumn, fileLoc, nameSheet, row): pages.WriteExcel.demoKey is PASSED

2020-12-23 23:57:31 - [MESSAGE][PASSED] - pages.WriteExcel.demoKey is PASSED

2020-12-23 23:57:31 - [TEST_STEP][PASSED] - sdfo = getText(findTestObject("Object Repository/Page_VLinkReceipt/pre_STX")): Text of object 'Object Repository/Page_VLinkReceipt/pre_STX' is: '<STX>bGl6ZjdboUd4                  12088078            0  Transaction approved, no errors                   0                                                                                  X OK4210   <ETX>'

2020-12-23 23:57:31 - [MESSAGE][PASSED] - Text of object 'Object Repository/Page_VLinkReceipt/pre_STX' is: '<STX>bGl6ZjdboUd4                  12088078            0  Transaction approved, no errors                   0                                                                                  X OK4210   <ETX>'

2020-12-23 23:57:31 - [TEST_STEP][PASSED] - out.println("sdfo: " + sdfo): null

2020-12-23 23:57:31 - [TEST_STEP][PASSED] - remID = substring(5, 35).trim(): null

2020-12-23 23:57:31 - [TEST_STEP][PASSED] - out.println("Remittance ID: " + remID): null

2020-12-23 23:57:31 - [TEST_STEP][PASSED] - traxID = substring(35, 55).trim(): null

2020-12-23 23:57:31 - [TEST_STEP][PASSED] - out.println("Transaction ID: " + traxID): null

2020-12-23 23:57:31 - [TEST_STEP][PASSED] - out.println("End Record Number: " + row): null

2020-12-23 23:57:31 - [TEST_STEP][PASSED] - closeBrowser(): Browser is closed

2020-12-23 23:57:32 - [MESSAGE][PASSED] - Browser is closed

2020-12-23 23:57:32 - [TEST_STEP][PASSED] - out.println("Begin Record Number: " + row): null

2020-12-23 23:57:32 - [TEST_STEP][PASSED] - today = new java.util.Date(): null

2020-12-23 23:57:32 - [TEST_STEP][PASSED] - println(today): null

2020-12-23 23:57:32 - [TEST_STEP][PASSED] - datText = today: null

2020-12-23 23:57:32 - [TEST_STEP][PASSED] - openBrowser(VLinkURL + "authcap.html"): Browser is opened with url: 'https://dev-algorithm.govolution.com/vlinktest/QA/version_2_0/authcap.html'

2020-12-23 23:57:32 - [MESSAGE][INFO] - Starting 'Chrome' driver

2020-12-23 23:57:32 - [MESSAGE][INFO] - User set preference: ['acceptInsecureCerts', 'true']

2020-12-23 23:57:32 - [MESSAGE][INFO] - Action delay is set to 0 milliseconds

2020-12-23 23:57:36 - [MESSAGE][PASSED] - Browser is opened with url: 'https://dev-algorithm.govolution.com/vlinktest/QA/version_2_0/authcap.html'

2020-12-23 23:57:36 - [TEST_STEP][PASSED] - maximizeWindow(): Current window maximized

2020-12-23 23:57:36 - [MESSAGE][PASSED] - Current window maximized

2020-12-23 23:57:36 - [TEST_STEP][PASSED] - vlinkPages.saleCCPage.setDataSCC(row, dataFile): vlinkPages.saleCCPage.setDataSCC is PASSED

2020-12-23 23:57:38 - [MESSAGE][PASSED] - Object 'Object Repository/VLink/Page_CCSale/txt_CardNumber' is present

2020-12-23 23:57:38 - [MESSAGE][PASSED] - Object 'Object Repository/VLink/Page_CCSale/txt_TransactionType' is present

2020-12-23 23:57:39 - [MESSAGE][PASSED] - Text '104' is set on object 'Object Repository/VLink/Page_CCSale/txt_TransactionType'

2020-12-23 23:57:39 - [MESSAGE][PASSED] - Object 'Object Repository/VLink/Page_CCSale/txt_MessageVersion' is present

2020-12-23 23:57:40 - [MESSAGE][PASSED] - Text '2.0C' is set on object 'Object Repository/VLink/Page_CCSale/txt_MessageVersion'

2020-12-23 23:57:40 - [MESSAGE][PASSED] - Object 'Object Repository/VLink/Page_CCSale/txt_RemID' is present

2020-12-23 23:57:40 - [MESSAGE][PASSED] - Text 'U9kKXwS4YTwO' is set on object 'Object Repository/VLink/Page_CCSale/txt_RemID'

2020-12-23 23:57:41 - [MESSAGE][PASSED] - Object 'Object Repository/VLink/Page_CCSale/txt_ApplicationId' is present

2020-12-23 23:57:41 - [MESSAGE][PASSED] - Text '677' is set on object 'Object Repository/VLink/Page_CCSale/txt_ApplicationId'

2020-12-23 23:57:42 - [MESSAGE][PASSED] - Object 'Object Repository/VLink/Page_CCSale/txt_Username' is present

2020-12-23 23:57:42 - [MESSAGE][PASSED] - Text 'username' is set on object 'Object Repository/VLink/Page_CCSale/txt_Username'

2020-12-23 23:57:42 - [MESSAGE][PASSED] - Object 'Object Repository/VLink/Page_CCSale/txt_Password' is present

2020-12-23 23:57:43 - [MESSAGE][PASSED] - Text 'password' is set on object 'Object Repository/VLink/Page_CCSale/txt_Password'

2020-12-23 23:57:43 - [MESSAGE][PASSED] - Object 'Object Repository/VLink/Page_CCSale/txt_ResponseFormat' is present

2020-12-23 23:57:44 - [MESSAGE][PASSED] - Text 'fixed_width' is set on object 'Object Repository/VLink/Page_CCSale/txt_ResponseFormat'

2020-12-23 23:57:44 - [MESSAGE][PASSED] - Object 'Object Repository/VLink/Page_CCSale/txt_Category' is present

2020-12-23 23:57:45 - [MESSAGE][PASSED] - Text 'RETL' is set on object 'Object Repository/VLink/Page_CCSale/txt_Category'

2020-12-23 23:57:45 - [MESSAGE][PASSED] - Object 'Object Repository/VLink/Page_CCSale/txt_TransactionID' is present

2020-12-23 23:57:46 - [MESSAGE][PASSED] - Text '' is set on object 'Object Repository/VLink/Page_CCSale/txt_TransactionID'

2020-12-23 23:57:46 - [MESSAGE][PASSED] - Object 'Object Repository/VLink/Page_CCSale/txt_ApprovalCode' is present

2020-12-23 23:57:46 - [MESSAGE][PASSED] - Text '' is set on object 'Object Repository/VLink/Page_CCSale/txt_ApprovalCode'

2020-12-23 23:57:47 - [MESSAGE][PASSED] - Object 'Object Repository/VLink/Page_CCSale/txt_CardName' is present

2020-12-23 23:57:47 - [MESSAGE][PASSED] - Text 'Roshan Maha' is set on object 'Object Repository/VLink/Page_CCSale/txt_CardName'

2020-12-23 23:57:48 - [MESSAGE][PASSED] - Object 'Object Repository/VLink/Page_CCSale/txt_AL1' is present

2020-12-23 23:57:48 - [MESSAGE][PASSED] - Text '12563 Bazaar road' is set on object 'Object Repository/VLink/Page_CCSale/txt_AL1'

2020-12-23 23:57:49 - [MESSAGE][PASSED] - Object 'Object Repository/VLink/Page_CCSale/txt_AL2' is present

2020-12-23 23:57:49 - [MESSAGE][PASSED] - Text '' is set on object 'Object Repository/VLink/Page_CCSale/txt_AL2'

2020-12-23 23:57:50 - [MESSAGE][PASSED] - Object 'Object Repository/VLink/Page_CCSale/txt_CardCity' is present

2020-12-23 23:57:50 - [MESSAGE][PASSED] - Text 'Crofton' is set on object 'Object Repository/VLink/Page_CCSale/txt_CardCity'

2020-12-23 23:57:51 - [MESSAGE][PASSED] - Object 'Object Repository/VLink/Page_CCSale/txt_CardState' is present

2020-12-23 23:57:51 - [MESSAGE][PASSED] - Text 'MD' is set on object 'Object Repository/VLink/Page_CCSale/txt_CardState'

2020-12-23 23:57:52 - [MESSAGE][PASSED] - Object 'Object Repository/VLink/Page_CCSale/txt_CardZIP' is present

2020-12-23 23:57:52 - [MESSAGE][PASSED] - Text '21114' is set on object 'Object Repository/VLink/Page_CCSale/txt_CardZIP'

2020-12-23 23:57:52 - [MESSAGE][PASSED] - Object 'Object Repository/VLink/Page_CCSale/txt_CountryID' is present

2020-12-23 23:57:53 - [MESSAGE][PASSED] - Text '' is set on object 'Object Repository/VLink/Page_CCSale/txt_CountryID'

2020-12-23 23:57:53 - [MESSAGE][PASSED] - Object 'Object Repository/VLink/Page_CCSale/txt_Amount' is present

2020-12-23 23:57:54 - [MESSAGE][PASSED] - Text '3.50' is set on object 'Object Repository/VLink/Page_CCSale/txt_Amount'

2020-12-23 23:57:54 - [MESSAGE][PASSED] - Object 'Object Repository/VLink/Page_CCSale/txt_CardNumber' is present

2020-12-23 23:57:55 - [MESSAGE][PASSED] - Text '5424000000000015' is set on object 'Object Repository/VLink/Page_CCSale/txt_CardNumber'

2020-12-23 23:57:55 - [MESSAGE][PASSED] - Object 'Object Repository/VLink/Page_CCSale/txt_ExpMonth' is present

2020-12-23 23:57:56 - [MESSAGE][PASSED] - Text '01' is set on object 'Object Repository/VLink/Page_CCSale/txt_ExpMonth'

2020-12-23 23:57:56 - [MESSAGE][PASSED] - Object 'Object Repository/VLink/Page_CCSale/txt_ExpYear' is present

2020-12-23 23:57:57 - [MESSAGE][PASSED] - Text '2026' is set on object 'Object Repository/VLink/Page_CCSale/txt_ExpYear'

2020-12-23 23:57:57 - [MESSAGE][PASSED] - Object 'Object Repository/VLink/Page_CCSale/txt_CVV' is present

2020-12-23 23:57:58 - [MESSAGE][PASSED] - Text '' is set on object 'Object Repository/VLink/Page_CCSale/txt_CVV'

2020-12-23 23:57:58 - [MESSAGE][PASSED] - Object 'Object Repository/VLink/Page_CCSale/txt_CVVstate' is present

2020-12-23 23:57:59 - [MESSAGE][PASSED] - Text '' is set on object 'Object Repository/VLink/Page_CCSale/txt_CVVstate'

2020-12-23 23:57:59 - [MESSAGE][PASSED] - Object 'Object Repository/VLink/Page_CCSale/txt_TrackData' is present

2020-12-23 23:58:00 - [MESSAGE][PASSED] - Text '' is set on object 'Object Repository/VLink/Page_CCSale/txt_TrackData'

2020-12-23 23:58:00 - [MESSAGE][PASSED] - Object 'Object Repository/VLink/Page_CCSale/txt_Track1Data' is present

2020-12-23 23:58:01 - [MESSAGE][PASSED] - Text '' is set on object 'Object Repository/VLink/Page_CCSale/txt_Track1Data'

2020-12-23 23:58:01 - [MESSAGE][PASSED] - Object 'Object Repository/VLink/Page_CCSale/txt_Track2Data' is present

2020-12-23 23:58:02 - [MESSAGE][PASSED] - Text '' is set on object 'Object Repository/VLink/Page_CCSale/txt_Track2Data'

2020-12-23 23:58:02 - [MESSAGE][PASSED] - Object 'Object Repository/VLink/Page_CCSale/txt_POSEntryMode' is present

2020-12-23 23:58:03 - [MESSAGE][PASSED] - Text 'manual' is set on object 'Object Repository/VLink/Page_CCSale/txt_POSEntryMode'

2020-12-23 23:58:03 - [MESSAGE][PASSED] - Object 'Object Repository/VLink/Page_CCSale/txt_Email' is present

2020-12-23 23:58:04 - [MESSAGE][PASSED] - Text '' is set on object 'Object Repository/VLink/Page_CCSale/txt_Email'

2020-12-23 23:58:04 - [MESSAGE][PASSED] - Object 'Object Repository/VLink/Page_CCSale/txt_OrderNumber' is present

2020-12-23 23:58:05 - [MESSAGE][PASSED] - Text '' is set on object 'Object Repository/VLink/Page_CCSale/txt_OrderNumber'

2020-12-23 23:58:05 - [MESSAGE][PASSED] - Object 'Object Repository/VLink/Page_CCSale/txt_TaxAmount' is present

2020-12-23 23:58:05 - [MESSAGE][PASSED] - Text '' is set on object 'Object Repository/VLink/Page_CCSale/txt_TaxAmount'

2020-12-23 23:58:06 - [MESSAGE][PASSED] - Object 'Object Repository/VLink/Page_CCSale/txt_ChargeDescription' is present

2020-12-23 23:58:06 - [MESSAGE][PASSED] - Text '' is set on object 'Object Repository/VLink/Page_CCSale/txt_ChargeDescription'

2020-12-23 23:58:07 - [MESSAGE][PASSED] - Object 'Object Repository/VLink/Page_CCSale/txt_CAN' is present

2020-12-23 23:58:07 - [MESSAGE][PASSED] - Text '' is set on object 'Object Repository/VLink/Page_CCSale/txt_CAN'

2020-12-23 23:58:08 - [MESSAGE][PASSED] - Object 'Object Repository/VLink/Page_CCSale/txt_BillPaymentIndicator' is present

2020-12-23 23:58:08 - [MESSAGE][PASSED] - Text '' is set on object 'Object Repository/VLink/Page_CCSale/txt_BillPaymentIndicator'

2020-12-23 23:58:09 - [MESSAGE][PASSED] - Object 'Object Repository/VLink/Page_CCSale/txt_UDF1' is present

2020-12-23 23:58:09 - [MESSAGE][PASSED] - Text '' is set on object 'Object Repository/VLink/Page_CCSale/txt_UDF1'

2020-12-23 23:58:10 - [MESSAGE][PASSED] - Object 'Object Repository/VLink/Page_CCSale/txt_UDF2' is present

2020-12-23 23:58:10 - [MESSAGE][PASSED] - Text '' is set on object 'Object Repository/VLink/Page_CCSale/txt_UDF2'

2020-12-23 23:58:11 - [MESSAGE][PASSED] - Object 'Object Repository/VLink/Page_CCSale/txt_UDF3' is present

2020-12-23 23:58:11 - [MESSAGE][PASSED] - Text '' is set on object 'Object Repository/VLink/Page_CCSale/txt_UDF3'

2020-12-23 23:58:12 - [MESSAGE][PASSED] - Object 'Object Repository/VLink/Page_CCSale/txt_UDF4' is present

2020-12-23 23:58:12 - [MESSAGE][PASSED] - Text '' is set on object 'Object Repository/VLink/Page_CCSale/txt_UDF4'

2020-12-23 23:58:13 - [MESSAGE][PASSED] - Object 'Object Repository/VLink/Page_CCSale/txt_UDF5' is present

2020-12-23 23:58:13 - [MESSAGE][PASSED] - Text '' is set on object 'Object Repository/VLink/Page_CCSale/txt_UDF5'

2020-12-23 23:58:14 - [MESSAGE][PASSED] - Object 'Object Repository/VLink/Page_CCSale/txt_UDF6' is present

2020-12-23 23:58:14 - [MESSAGE][PASSED] - Text '' is set on object 'Object Repository/VLink/Page_CCSale/txt_UDF6'

2020-12-23 23:58:15 - [MESSAGE][PASSED] - Object 'Object Repository/VLink/Page_CCSale/txt_UDF7' is present

2020-12-23 23:58:15 - [MESSAGE][PASSED] - Text '' is set on object 'Object Repository/VLink/Page_CCSale/txt_UDF7'

2020-12-23 23:58:16 - [MESSAGE][PASSED] - Object 'Object Repository/VLink/Page_CCSale/txt_UDF8' is present

2020-12-23 23:58:16 - [MESSAGE][PASSED] - Text '' is set on object 'Object Repository/VLink/Page_CCSale/txt_UDF8'

2020-12-23 23:58:17 - [MESSAGE][PASSED] - Object 'Object Repository/VLink/Page_CCSale/txt_UDF9' is present

2020-12-23 23:58:17 - [MESSAGE][PASSED] - Text '' is set on object 'Object Repository/VLink/Page_CCSale/txt_UDF9'

2020-12-23 23:58:17 - [MESSAGE][PASSED] - Object 'Object Repository/VLink/Page_CCSale/txt_UDF10' is present

2020-12-23 23:58:18 - [MESSAGE][PASSED] - Text '' is set on object 'Object Repository/VLink/Page_CCSale/txt_UDF10'

2020-12-23 23:58:18 - [MESSAGE][PASSED] - Object 'Object Repository/VLink/Page_CCSale/txt_CardOnFileIndicator' is present

2020-12-23 23:58:19 - [MESSAGE][PASSED] - Text '' is set on object 'Object Repository/VLink/Page_CCSale/txt_CardOnFileIndicator'

2020-12-23 23:58:19 - [MESSAGE][PASSED] - Object 'Object Repository/VLink/Page_CCSale/txt_StoredCredentialIndicator' is present

2020-12-23 23:58:20 - [MESSAGE][PASSED] - Text '' is set on object 'Object Repository/VLink/Page_CCSale/txt_StoredCredentialIndicator'

2020-12-23 23:58:20 - [MESSAGE][PASSED] - Object 'Object Repository/VLink/Page_CCSale/txt_COFScheduledIndicator' is present

2020-12-23 23:58:21 - [MESSAGE][PASSED] - Text '' is set on object 'Object Repository/VLink/Page_CCSale/txt_COFScheduledIndicator'

2020-12-23 23:58:21 - [MESSAGE][PASSED] - Object 'Object Repository/VLink/Page_CCSale/txt_COFTransactionInitiatedBy' is present

2020-12-23 23:58:22 - [MESSAGE][PASSED] - Text '' is set on object 'Object Repository/VLink/Page_CCSale/txt_COFTransactionInitiatedBy'

2020-12-23 23:58:25 - [MESSAGE][PASSED] - Object: 'Object Repository/VLink/Page_CCSale/btn_ProcessVLinkTransaction' is clicked on

2020-12-23 23:58:30 - [MESSAGE][PASSED] - vlinkPages.saleCCPage.setDataSCC is PASSED

2020-12-23 23:58:30 - [TEST_STEP][PASSED] - if (verifyTextPresent("Transaction approved, no errors", true)): null

2020-12-23 23:58:30 - [MESSAGE][PASSED] - Text 'Transaction approved, no errors' is present on page  using regular expression

2020-12-23 23:58:30 - [TEST_STEP][PASSED] - println("Transaction Approved, no errors text is present on the Confirmation page"): null

2020-12-23 23:58:30 - [TEST_STEP][PASSED] - out.println("Pass Record Number: " + row): null

2020-12-23 23:58:30 - [TEST_STEP][PASSED] - resText = "Pass": null

2020-12-23 23:58:30 - [TEST_STEP][PASSED] - pages.WriteExcel.demoKey(resText, datText, resColumn, datCloumn, fileLoc, nameSheet, row): pages.WriteExcel.demoKey is PASSED

2020-12-23 23:58:30 - [MESSAGE][PASSED] - pages.WriteExcel.demoKey is PASSED

2020-12-23 23:58:30 - [TEST_STEP][PASSED] - sdfo = getText(findTestObject("Object Repository/Page_VLinkReceipt/pre_STX")): Text of object 'Object Repository/Page_VLinkReceipt/pre_STX' is: '<STX>U9kKXwS4YTwO                  12088079            0  Transaction approved, no errors                   0                                                                                  X OK4270   <ETX>'

2020-12-23 23:58:30 - [MESSAGE][PASSED] - Text of object 'Object Repository/Page_VLinkReceipt/pre_STX' is: '<STX>U9kKXwS4YTwO                  12088079            0  Transaction approved, no errors                   0                                                                                  X OK4270   <ETX>'

2020-12-23 23:58:30 - [TEST_STEP][PASSED] - out.println("sdfo: " + sdfo): null

2020-12-23 23:58:30 - [TEST_STEP][PASSED] - remID = substring(5, 35).trim(): null

2020-12-23 23:58:30 - [TEST_STEP][PASSED] - out.println("Remittance ID: " + remID): null

2020-12-23 23:58:30 - [TEST_STEP][PASSED] - traxID = substring(35, 55).trim(): null

2020-12-23 23:58:30 - [TEST_STEP][PASSED] - out.println("Transaction ID: " + traxID): null

2020-12-23 23:58:30 - [TEST_STEP][PASSED] - out.println("End Record Number: " + row): null

2020-12-23 23:58:30 - [TEST_STEP][PASSED] - closeBrowser(): Browser is closed

2020-12-23 23:58:31 - [MESSAGE][PASSED] - Browser is closed

2020-12-23 23:58:31 - [TEST_STEP][PASSED] - out.println("Begin Record Number: " + row): null

2020-12-23 23:58:31 - [TEST_STEP][PASSED] - today = new java.util.Date(): null

2020-12-23 23:58:31 - [TEST_STEP][PASSED] - println(today): null

2020-12-23 23:58:31 - [TEST_STEP][PASSED] - datText = today: null

2020-12-23 23:58:31 - [TEST_STEP][PASSED] - openBrowser(VLinkURL + "authcap.html"): Browser is opened with url: 'https://dev-algorithm.govolution.com/vlinktest/QA/version_2_0/authcap.html'

2020-12-23 23:58:31 - [MESSAGE][INFO] - Starting 'Chrome' driver

2020-12-23 23:58:31 - [MESSAGE][INFO] - User set preference: ['acceptInsecureCerts', 'true']

2020-12-23 23:58:31 - [MESSAGE][INFO] - Action delay is set to 0 milliseconds

2020-12-23 23:58:35 - [MESSAGE][PASSED] - Browser is opened with url: 'https://dev-algorithm.govolution.com/vlinktest/QA/version_2_0/authcap.html'

2020-12-23 23:58:35 - [TEST_STEP][PASSED] - maximizeWindow(): Current window maximized

2020-12-23 23:58:35 - [MESSAGE][PASSED] - Current window maximized

2020-12-23 23:58:35 - [TEST_STEP][PASSED] - vlinkPages.saleCCPage.setDataSCC(row, dataFile): vlinkPages.saleCCPage.setDataSCC is PASSED

2020-12-23 23:58:37 - [MESSAGE][PASSED] - Object 'Object Repository/VLink/Page_CCSale/txt_CardNumber' is present

2020-12-23 23:58:37 - [MESSAGE][PASSED] - Object 'Object Repository/VLink/Page_CCSale/txt_TransactionType' is present

2020-12-23 23:58:38 - [MESSAGE][PASSED] - Text '104' is set on object 'Object Repository/VLink/Page_CCSale/txt_TransactionType'

2020-12-23 23:58:38 - [MESSAGE][PASSED] - Object 'Object Repository/VLink/Page_CCSale/txt_MessageVersion' is present

2020-12-23 23:58:39 - [MESSAGE][PASSED] - Text '2.0C' is set on object 'Object Repository/VLink/Page_CCSale/txt_MessageVersion'

2020-12-23 23:58:39 - [MESSAGE][PASSED] - Object 'Object Repository/VLink/Page_CCSale/txt_RemID' is present

2020-12-23 23:58:40 - [MESSAGE][PASSED] - Text 'O8mOTK314eCN' is set on object 'Object Repository/VLink/Page_CCSale/txt_RemID'

2020-12-23 23:58:40 - [MESSAGE][PASSED] - Object 'Object Repository/VLink/Page_CCSale/txt_ApplicationId' is present

2020-12-23 23:58:41 - [MESSAGE][PASSED] - Text '665' is set on object 'Object Repository/VLink/Page_CCSale/txt_ApplicationId'

2020-12-23 23:58:41 - [MESSAGE][PASSED] - Object 'Object Repository/VLink/Page_CCSale/txt_Username' is present

2020-12-23 23:58:41 - [MESSAGE][PASSED] - Text 'username' is set on object 'Object Repository/VLink/Page_CCSale/txt_Username'

2020-12-23 23:58:42 - [MESSAGE][PASSED] - Object 'Object Repository/VLink/Page_CCSale/txt_Password' is present

2020-12-23 23:58:42 - [MESSAGE][PASSED] - Text 'password' is set on object 'Object Repository/VLink/Page_CCSale/txt_Password'

2020-12-23 23:58:43 - [MESSAGE][PASSED] - Object 'Object Repository/VLink/Page_CCSale/txt_ResponseFormat' is present

2020-12-23 23:58:43 - [MESSAGE][PASSED] - Text 'fixed_width' is set on object 'Object Repository/VLink/Page_CCSale/txt_ResponseFormat'

2020-12-23 23:58:43 - [MESSAGE][PASSED] - Object 'Object Repository/VLink/Page_CCSale/txt_Category' is present

2020-12-23 23:58:44 - [MESSAGE][PASSED] - Text 'RETL' is set on object 'Object Repository/VLink/Page_CCSale/txt_Category'

2020-12-23 23:58:44 - [MESSAGE][PASSED] - Object 'Object Repository/VLink/Page_CCSale/txt_TransactionID' is present

2020-12-23 23:58:45 - [MESSAGE][PASSED] - Text '' is set on object 'Object Repository/VLink/Page_CCSale/txt_TransactionID'

2020-12-23 23:58:45 - [MESSAGE][PASSED] - Object 'Object Repository/VLink/Page_CCSale/txt_ApprovalCode' is present

2020-12-23 23:58:46 - [MESSAGE][PASSED] - Text '' is set on object 'Object Repository/VLink/Page_CCSale/txt_ApprovalCode'

2020-12-23 23:58:46 - [MESSAGE][PASSED] - Object 'Object Repository/VLink/Page_CCSale/txt_CardName' is present

2020-12-23 23:58:47 - [MESSAGE][PASSED] - Text 'Kris Roshan' is set on object 'Object Repository/VLink/Page_CCSale/txt_CardName'

2020-12-23 23:58:47 - [MESSAGE][PASSED] - Object 'Object Repository/VLink/Page_CCSale/txt_AL1' is present

2020-12-23 23:58:47 - [MESSAGE][PASSED] - Text '258 Elm Road' is set on object 'Object Repository/VLink/Page_CCSale/txt_AL1'

2020-12-23 23:58:48 - [MESSAGE][PASSED] - Object 'Object Repository/VLink/Page_CCSale/txt_AL2' is present

2020-12-23 23:58:48 - [MESSAGE][PASSED] - Text 'Suite 56' is set on object 'Object Repository/VLink/Page_CCSale/txt_AL2'

2020-12-23 23:58:49 - [MESSAGE][PASSED] - Object 'Object Repository/VLink/Page_CCSale/txt_CardCity' is present

2020-12-23 23:58:49 - [MESSAGE][PASSED] - Text 'Arlington' is set on object 'Object Repository/VLink/Page_CCSale/txt_CardCity'

2020-12-23 23:58:50 - [MESSAGE][PASSED] - Object 'Object Repository/VLink/Page_CCSale/txt_CardState' is present

2020-12-23 23:58:50 - [MESSAGE][PASSED] - Text 'VA' is set on object 'Object Repository/VLink/Page_CCSale/txt_CardState'

2020-12-23 23:58:51 - [MESSAGE][PASSED] - Object 'Object Repository/VLink/Page_CCSale/txt_CardZIP' is present

2020-12-23 23:58:51 - [MESSAGE][PASSED] - Text '22201' is set on object 'Object Repository/VLink/Page_CCSale/txt_CardZIP'

2020-12-23 23:58:52 - [MESSAGE][PASSED] - Object 'Object Repository/VLink/Page_CCSale/txt_CountryID' is present

2020-12-23 23:58:52 - [MESSAGE][PASSED] - Text '840' is set on object 'Object Repository/VLink/Page_CCSale/txt_CountryID'

2020-12-23 23:58:53 - [MESSAGE][PASSED] - Object 'Object Repository/VLink/Page_CCSale/txt_Amount' is present

2020-12-23 23:58:53 - [MESSAGE][PASSED] - Text '1.50' is set on object 'Object Repository/VLink/Page_CCSale/txt_Amount'

2020-12-23 23:58:54 - [MESSAGE][PASSED] - Object 'Object Repository/VLink/Page_CCSale/txt_CardNumber' is present

2020-12-23 23:58:54 - [MESSAGE][PASSED] - Text '370000000000002' is set on object 'Object Repository/VLink/Page_CCSale/txt_CardNumber'

2020-12-23 23:58:55 - [MESSAGE][PASSED] - Object 'Object Repository/VLink/Page_CCSale/txt_ExpMonth' is present

2020-12-23 23:58:55 - [MESSAGE][PASSED] - Text '12' is set on object 'Object Repository/VLink/Page_CCSale/txt_ExpMonth'

2020-12-23 23:58:56 - [MESSAGE][PASSED] - Object 'Object Repository/VLink/Page_CCSale/txt_ExpYear' is present

2020-12-23 23:58:56 - [MESSAGE][PASSED] - Text '2025' is set on object 'Object Repository/VLink/Page_CCSale/txt_ExpYear'

2020-12-23 23:58:57 - [MESSAGE][PASSED] - Object 'Object Repository/VLink/Page_CCSale/txt_CVV' is present

2020-12-23 23:58:57 - [MESSAGE][PASSED] - Text '' is set on object 'Object Repository/VLink/Page_CCSale/txt_CVV'

2020-12-23 23:58:58 - [MESSAGE][PASSED] - Object 'Object Repository/VLink/Page_CCSale/txt_CVVstate' is present

2020-12-23 23:58:58 - [MESSAGE][PASSED] - Text '' is set on object 'Object Repository/VLink/Page_CCSale/txt_CVVstate'

2020-12-23 23:58:58 - [MESSAGE][PASSED] - Object 'Object Repository/VLink/Page_CCSale/txt_TrackData' is present

2020-12-23 23:58:59 - [MESSAGE][PASSED] - Text '' is set on object 'Object Repository/VLink/Page_CCSale/txt_TrackData'

2020-12-23 23:58:59 - [MESSAGE][PASSED] - Object 'Object Repository/VLink/Page_CCSale/txt_Track1Data' is present

2020-12-23 23:59:00 - [MESSAGE][PASSED] - Text '' is set on object 'Object Repository/VLink/Page_CCSale/txt_Track1Data'

2020-12-23 23:59:00 - [MESSAGE][PASSED] - Object 'Object Repository/VLink/Page_CCSale/txt_Track2Data' is present

2020-12-23 23:59:01 - [MESSAGE][PASSED] - Text '' is set on object 'Object Repository/VLink/Page_CCSale/txt_Track2Data'

2020-12-23 23:59:01 - [MESSAGE][PASSED] - Object 'Object Repository/VLink/Page_CCSale/txt_POSEntryMode' is present

2020-12-23 23:59:02 - [MESSAGE][PASSED] - Text 'manual' is set on object 'Object Repository/VLink/Page_CCSale/txt_POSEntryMode'

2020-12-23 23:59:02 - [MESSAGE][PASSED] - Object 'Object Repository/VLink/Page_CCSale/txt_Email' is present

2020-12-23 23:59:03 - [MESSAGE][PASSED] - Text 'iahmed@govolution.com' is set on object 'Object Repository/VLink/Page_CCSale/txt_Email'

2020-12-23 23:59:03 - [MESSAGE][PASSED] - Object 'Object Repository/VLink/Page_CCSale/txt_OrderNumber' is present

2020-12-23 23:59:04 - [MESSAGE][PASSED] - Text '2569362' is set on object 'Object Repository/VLink/Page_CCSale/txt_OrderNumber'

2020-12-23 23:59:04 - [MESSAGE][PASSED] - Object 'Object Repository/VLink/Page_CCSale/txt_TaxAmount' is present

2020-12-23 23:59:05 - [MESSAGE][PASSED] - Text '1.15' is set on object 'Object Repository/VLink/Page_CCSale/txt_TaxAmount'

2020-12-23 23:59:05 - [MESSAGE][PASSED] - Object 'Object Repository/VLink/Page_CCSale/txt_ChargeDescription' is present

2020-12-23 23:59:06 - [MESSAGE][PASSED] - Text 'Charge Description' is set on object 'Object Repository/VLink/Page_CCSale/txt_ChargeDescription'

2020-12-23 23:59:06 - [MESSAGE][PASSED] - Object 'Object Repository/VLink/Page_CCSale/txt_CAN' is present

2020-12-23 23:59:07 - [MESSAGE][PASSED] - Text '147357' is set on object 'Object Repository/VLink/Page_CCSale/txt_CAN'

2020-12-23 23:59:07 - [MESSAGE][PASSED] - Object 'Object Repository/VLink/Page_CCSale/txt_BillPaymentIndicator' is present

2020-12-23 23:59:08 - [MESSAGE][PASSED] - Text '1' is set on object 'Object Repository/VLink/Page_CCSale/txt_BillPaymentIndicator'

2020-12-23 23:59:08 - [MESSAGE][PASSED] - Object 'Object Repository/VLink/Page_CCSale/txt_UDF1' is present

2020-12-23 23:59:09 - [MESSAGE][PASSED] - Text 'UDF Data 1' is set on object 'Object Repository/VLink/Page_CCSale/txt_UDF1'

2020-12-23 23:59:09 - [MESSAGE][PASSED] - Object 'Object Repository/VLink/Page_CCSale/txt_UDF2' is present

2020-12-23 23:59:10 - [MESSAGE][PASSED] - Text 'UDF Data 2' is set on object 'Object Repository/VLink/Page_CCSale/txt_UDF2'

2020-12-23 23:59:10 - [MESSAGE][PASSED] - Object 'Object Repository/VLink/Page_CCSale/txt_UDF3' is present

2020-12-23 23:59:11 - [MESSAGE][PASSED] - Text 'UDF Data 3' is set on object 'Object Repository/VLink/Page_CCSale/txt_UDF3'

2020-12-23 23:59:11 - [MESSAGE][PASSED] - Object 'Object Repository/VLink/Page_CCSale/txt_UDF4' is present

2020-12-23 23:59:12 - [MESSAGE][PASSED] - Text 'UDF Data 4' is set on object 'Object Repository/VLink/Page_CCSale/txt_UDF4'

2020-12-23 23:59:12 - [MESSAGE][PASSED] - Object 'Object Repository/VLink/Page_CCSale/txt_UDF5' is present

2020-12-23 23:59:13 - [MESSAGE][PASSED] - Text 'UDF Data 5' is set on object 'Object Repository/VLink/Page_CCSale/txt_UDF5'

2020-12-23 23:59:13 - [MESSAGE][PASSED] - Object 'Object Repository/VLink/Page_CCSale/txt_UDF6' is present

2020-12-23 23:59:14 - [MESSAGE][PASSED] - Text 'UDF Data 6' is set on object 'Object Repository/VLink/Page_CCSale/txt_UDF6'

2020-12-23 23:59:14 - [MESSAGE][PASSED] - Object 'Object Repository/VLink/Page_CCSale/txt_UDF7' is present

2020-12-23 23:59:15 - [MESSAGE][PASSED] - Text 'UDF Data 7' is set on object 'Object Repository/VLink/Page_CCSale/txt_UDF7'

2020-12-23 23:59:15 - [MESSAGE][PASSED] - Object 'Object Repository/VLink/Page_CCSale/txt_UDF8' is present

2020-12-23 23:59:16 - [MESSAGE][PASSED] - Text 'UDF Data 8' is set on object 'Object Repository/VLink/Page_CCSale/txt_UDF8'

2020-12-23 23:59:16 - [MESSAGE][PASSED] - Object 'Object Repository/VLink/Page_CCSale/txt_UDF9' is present

2020-12-23 23:59:17 - [MESSAGE][PASSED] - Text 'UDF Data 9' is set on object 'Object Repository/VLink/Page_CCSale/txt_UDF9'

2020-12-23 23:59:17 - [MESSAGE][PASSED] - Object 'Object Repository/VLink/Page_CCSale/txt_UDF10' is present

2020-12-23 23:59:18 - [MESSAGE][PASSED] - Text 'UDF Data 10' is set on object 'Object Repository/VLink/Page_CCSale/txt_UDF10'

2020-12-23 23:59:18 - [MESSAGE][PASSED] - Object 'Object Repository/VLink/Page_CCSale/txt_CardOnFileIndicator' is present

2020-12-23 23:59:19 - [MESSAGE][PASSED] - Text '' is set on object 'Object Repository/VLink/Page_CCSale/txt_CardOnFileIndicator'

2020-12-23 23:59:19 - [MESSAGE][PASSED] - Object 'Object Repository/VLink/Page_CCSale/txt_StoredCredentialIndicator' is present

2020-12-23 23:59:20 - [MESSAGE][PASSED] - Text '' is set on object 'Object Repository/VLink/Page_CCSale/txt_StoredCredentialIndicator'

2020-12-23 23:59:20 - [MESSAGE][PASSED] - Object 'Object Repository/VLink/Page_CCSale/txt_COFScheduledIndicator' is present

2020-12-23 23:59:21 - [MESSAGE][PASSED] - Text '' is set on object 'Object Repository/VLink/Page_CCSale/txt_COFScheduledIndicator'

2020-12-23 23:59:21 - [MESSAGE][PASSED] - Object 'Object Repository/VLink/Page_CCSale/txt_COFTransactionInitiatedBy' is present

2020-12-23 23:59:22 - [MESSAGE][PASSED] - Text '' is set on object 'Object Repository/VLink/Page_CCSale/txt_COFTransactionInitiatedBy'

2020-12-23 23:59:24 - [MESSAGE][PASSED] - Object: 'Object Repository/VLink/Page_CCSale/btn_ProcessVLinkTransaction' is clicked on

2020-12-23 23:59:29 - [MESSAGE][PASSED] - vlinkPages.saleCCPage.setDataSCC is PASSED

2020-12-23 23:59:29 - [TEST_STEP][PASSED] - if (verifyTextPresent("Transaction approved, no errors", true)): null

2020-12-23 23:59:30 - [MESSAGE][PASSED] - Text 'Transaction approved, no errors' is present on page  using regular expression

2020-12-23 23:59:30 - [TEST_STEP][PASSED] - println("Transaction Approved, no errors text is present on the Confirmation page"): null

2020-12-23 23:59:30 - [TEST_STEP][PASSED] - out.println("Pass Record Number: " + row): null

2020-12-23 23:59:30 - [TEST_STEP][PASSED] - resText = "Pass": null

2020-12-23 23:59:30 - [TEST_STEP][PASSED] - pages.WriteExcel.demoKey(resText, datText, resColumn, datCloumn, fileLoc, nameSheet, row): pages.WriteExcel.demoKey is PASSED

2020-12-23 23:59:30 - [MESSAGE][PASSED] - pages.WriteExcel.demoKey is PASSED

2020-12-23 23:59:30 - [TEST_STEP][PASSED] - sdfo = getText(findTestObject("Object Repository/Page_VLinkReceipt/pre_STX")): Text of object 'Object Repository/Page_VLinkReceipt/pre_STX' is: '<STX>O8mOTK314eCN                  12088081            0  Transaction approved, no errors                   0                                                                                  X OK4290   <ETX>'

2020-12-23 23:59:30 - [MESSAGE][PASSED] - Text of object 'Object Repository/Page_VLinkReceipt/pre_STX' is: '<STX>O8mOTK314eCN                  12088081            0  Transaction approved, no errors                   0                                                                                  X OK4290   <ETX>'

2020-12-23 23:59:30 - [TEST_STEP][PASSED] - out.println("sdfo: " + sdfo): null

2020-12-23 23:59:30 - [TEST_STEP][PASSED] - remID = substring(5, 35).trim(): null

2020-12-23 23:59:30 - [TEST_STEP][PASSED] - out.println("Remittance ID: " + remID): null

2020-12-23 23:59:30 - [TEST_STEP][PASSED] - traxID = substring(35, 55).trim(): null

2020-12-23 23:59:30 - [TEST_STEP][PASSED] - out.println("Transaction ID: " + traxID): null

2020-12-23 23:59:30 - [TEST_STEP][PASSED] - out.println("End Record Number: " + row): null

2020-12-23 23:59:30 - [TEST_STEP][PASSED] - closeBrowser(): Browser is closed

2020-12-23 23:59:31 - [MESSAGE][PASSED] - Browser is closed

2020-12-23 23:59:31 - [TEST_STEP][PASSED] - out.println("Begin Record Number: " + row): null

2020-12-23 23:59:31 - [TEST_STEP][PASSED] - today = new java.util.Date(): null

2020-12-23 23:59:31 - [TEST_STEP][PASSED] - println(today): null

2020-12-23 23:59:31 - [TEST_STEP][PASSED] - datText = today: null

2020-12-23 23:59:31 - [TEST_STEP][PASSED] - openBrowser(VLinkURL + "authcap.html"): Browser is opened with url: 'https://dev-algorithm.govolution.com/vlinktest/QA/version_2_0/authcap.html'

2020-12-23 23:59:31 - [MESSAGE][INFO] - Starting 'Chrome' driver

2020-12-23 23:59:31 - [MESSAGE][INFO] - User set preference: ['acceptInsecureCerts', 'true']

2020-12-23 23:59:31 - [MESSAGE][INFO] - Action delay is set to 0 milliseconds

2020-12-23 23:59:34 - [MESSAGE][PASSED] - Browser is opened with url: 'https://dev-algorithm.govolution.com/vlinktest/QA/version_2_0/authcap.html'

2020-12-23 23:59:34 - [TEST_STEP][PASSED] - maximizeWindow(): Current window maximized

2020-12-23 23:59:34 - [MESSAGE][PASSED] - Current window maximized

2020-12-23 23:59:34 - [TEST_STEP][PASSED] - vlinkPages.saleCCPage.setDataSCC(row, dataFile): vlinkPages.saleCCPage.setDataSCC is PASSED

2020-12-23 23:59:36 - [MESSAGE][PASSED] - Object 'Object Repository/VLink/Page_CCSale/txt_CardNumber' is present

2020-12-23 23:59:37 - [MESSAGE][PASSED] - Object 'Object Repository/VLink/Page_CCSale/txt_TransactionType' is present

2020-12-23 23:59:37 - [MESSAGE][PASSED] - Text '104' is set on object 'Object Repository/VLink/Page_CCSale/txt_TransactionType'

2020-12-23 23:59:37 - [MESSAGE][PASSED] - Object 'Object Repository/VLink/Page_CCSale/txt_MessageVersion' is present

2020-12-23 23:59:38 - [MESSAGE][PASSED] - Text '2.0C' is set on object 'Object Repository/VLink/Page_CCSale/txt_MessageVersion'

2020-12-23 23:59:38 - [MESSAGE][PASSED] - Object 'Object Repository/VLink/Page_CCSale/txt_RemID' is present

2020-12-23 23:59:39 - [MESSAGE][PASSED] - Text 'nthZEyDwKeXJ' is set on object 'Object Repository/VLink/Page_CCSale/txt_RemID'

2020-12-23 23:59:39 - [MESSAGE][PASSED] - Object 'Object Repository/VLink/Page_CCSale/txt_ApplicationId' is present

2020-12-23 23:59:40 - [MESSAGE][PASSED] - Text '672' is set on object 'Object Repository/VLink/Page_CCSale/txt_ApplicationId'

2020-12-23 23:59:40 - [MESSAGE][PASSED] - Object 'Object Repository/VLink/Page_CCSale/txt_Username' is present

2020-12-23 23:59:41 - [MESSAGE][PASSED] - Text 'username' is set on object 'Object Repository/VLink/Page_CCSale/txt_Username'

2020-12-23 23:59:41 - [MESSAGE][PASSED] - Object 'Object Repository/VLink/Page_CCSale/txt_Password' is present

2020-12-23 23:59:42 - [MESSAGE][PASSED] - Text 'password' is set on object 'Object Repository/VLink/Page_CCSale/txt_Password'

2020-12-23 23:59:42 - [MESSAGE][PASSED] - Object 'Object Repository/VLink/Page_CCSale/txt_ResponseFormat' is present

2020-12-23 23:59:42 - [MESSAGE][PASSED] - Text 'fixed_width' is set on object 'Object Repository/VLink/Page_CCSale/txt_ResponseFormat'

2020-12-23 23:59:43 - [MESSAGE][PASSED] - Object 'Object Repository/VLink/Page_CCSale/txt_Category' is present

2020-12-23 23:59:43 - [MESSAGE][PASSED] - Text 'RETL' is set on object 'Object Repository/VLink/Page_CCSale/txt_Category'

2020-12-23 23:59:44 - [MESSAGE][PASSED] - Object 'Object Repository/VLink/Page_CCSale/txt_TransactionID' is present

2020-12-23 23:59:44 - [MESSAGE][PASSED] - Text '' is set on object 'Object Repository/VLink/Page_CCSale/txt_TransactionID'

2020-12-23 23:59:44 - [MESSAGE][PASSED] - Object 'Object Repository/VLink/Page_CCSale/txt_ApprovalCode' is present

2020-12-23 23:59:45 - [MESSAGE][PASSED] - Text '' is set on object 'Object Repository/VLink/Page_CCSale/txt_ApprovalCode'

2020-12-23 23:59:45 - [MESSAGE][PASSED] - Object 'Object Repository/VLink/Page_CCSale/txt_CardName' is present

2020-12-23 23:59:46 - [MESSAGE][PASSED] - Text 'Arvind Silva' is set on object 'Object Repository/VLink/Page_CCSale/txt_CardName'

2020-12-23 23:59:46 - [MESSAGE][PASSED] - Object 'Object Repository/VLink/Page_CCSale/txt_AL1' is present

2020-12-23 23:59:47 - [MESSAGE][PASSED] - Text '111 Main Ave' is set on object 'Object Repository/VLink/Page_CCSale/txt_AL1'

2020-12-23 23:59:47 - [MESSAGE][PASSED] - Object 'Object Repository/VLink/Page_CCSale/txt_AL2' is present

2020-12-23 23:59:48 - [MESSAGE][PASSED] - Text '' is set on object 'Object Repository/VLink/Page_CCSale/txt_AL2'

2020-12-23 23:59:48 - [MESSAGE][PASSED] - Object 'Object Repository/VLink/Page_CCSale/txt_CardCity' is present

2020-12-23 23:59:49 - [MESSAGE][PASSED] - Text 'Arlington' is set on object 'Object Repository/VLink/Page_CCSale/txt_CardCity'

2020-12-23 23:59:49 - [MESSAGE][PASSED] - Object 'Object Repository/VLink/Page_CCSale/txt_CardState' is present

2020-12-23 23:59:50 - [MESSAGE][PASSED] - Text 'VA' is set on object 'Object Repository/VLink/Page_CCSale/txt_CardState'

2020-12-23 23:59:50 - [MESSAGE][PASSED] - Object 'Object Repository/VLink/Page_CCSale/txt_CardZIP' is present

2020-12-23 23:59:51 - [MESSAGE][PASSED] - Text '22201' is set on object 'Object Repository/VLink/Page_CCSale/txt_CardZIP'

2020-12-23 23:59:51 - [MESSAGE][PASSED] - Object 'Object Repository/VLink/Page_CCSale/txt_CountryID' is present

2020-12-23 23:59:52 - [MESSAGE][PASSED] - Text '' is set on object 'Object Repository/VLink/Page_CCSale/txt_CountryID'

2020-12-23 23:59:52 - [MESSAGE][PASSED] - Object 'Object Repository/VLink/Page_CCSale/txt_Amount' is present

2020-12-23 23:59:53 - [MESSAGE][PASSED] - Text '2.50' is set on object 'Object Repository/VLink/Page_CCSale/txt_Amount'

2020-12-23 23:59:53 - [MESSAGE][PASSED] - Object 'Object Repository/VLink/Page_CCSale/txt_CardNumber' is present

2020-12-23 23:59:54 - [MESSAGE][PASSED] - Text '370000000000002' is set on object 'Object Repository/VLink/Page_CCSale/txt_CardNumber'

2020-12-23 23:59:54 - [MESSAGE][PASSED] - Object 'Object Repository/VLink/Page_CCSale/txt_ExpMonth' is present

2020-12-23 23:59:55 - [MESSAGE][PASSED] - Text '01' is set on object 'Object Repository/VLink/Page_CCSale/txt_ExpMonth'

2020-12-23 23:59:55 - [MESSAGE][PASSED] - Object 'Object Repository/VLink/Page_CCSale/txt_ExpYear' is present

2020-12-23 23:59:56 - [MESSAGE][PASSED] - Text '2026' is set on object 'Object Repository/VLink/Page_CCSale/txt_ExpYear'

2020-12-23 23:59:56 - [MESSAGE][PASSED] - Object 'Object Repository/VLink/Page_CCSale/txt_CVV' is present

2020-12-23 23:59:57 - [MESSAGE][PASSED] - Text '' is set on object 'Object Repository/VLink/Page_CCSale/txt_CVV'

2020-12-23 23:59:57 - [MESSAGE][PASSED] - Object 'Object Repository/VLink/Page_CCSale/txt_CVVstate' is present

2020-12-23 23:59:58 - [MESSAGE][PASSED] - Text '' is set on object 'Object Repository/VLink/Page_CCSale/txt_CVVstate'

2020-12-23 23:59:58 - [MESSAGE][PASSED] - Object 'Object Repository/VLink/Page_CCSale/txt_TrackData' is present

2020-12-23 23:59:59 - [MESSAGE][PASSED] - Text '' is set on object 'Object Repository/VLink/Page_CCSale/txt_TrackData'

2020-12-23 23:59:59 - [MESSAGE][PASSED] - Object 'Object Repository/VLink/Page_CCSale/txt_Track1Data' is present

2020-12-23 23:59:59 - [MESSAGE][PASSED] - Text '' is set on object 'Object Repository/VLink/Page_CCSale/txt_Track1Data'

2020-12-24 00:00:00 - [MESSAGE][PASSED] - Object 'Object Repository/VLink/Page_CCSale/txt_Track2Data' is present

2020-12-24 00:00:00 - [MESSAGE][PASSED] - Text '' is set on object 'Object Repository/VLink/Page_CCSale/txt_Track2Data'

2020-12-24 00:00:01 - [MESSAGE][PASSED] - Object 'Object Repository/VLink/Page_CCSale/txt_POSEntryMode' is present

2020-12-24 00:00:01 - [MESSAGE][PASSED] - Text 'manual' is set on object 'Object Repository/VLink/Page_CCSale/txt_POSEntryMode'

2020-12-24 00:00:02 - [MESSAGE][PASSED] - Object 'Object Repository/VLink/Page_CCSale/txt_Email' is present

2020-12-24 00:00:02 - [MESSAGE][PASSED] - Text '' is set on object 'Object Repository/VLink/Page_CCSale/txt_Email'

2020-12-24 00:00:03 - [MESSAGE][PASSED] - Object 'Object Repository/VLink/Page_CCSale/txt_OrderNumber' is present

2020-12-24 00:00:03 - [MESSAGE][PASSED] - Text '' is set on object 'Object Repository/VLink/Page_CCSale/txt_OrderNumber'

2020-12-24 00:00:04 - [MESSAGE][PASSED] - Object 'Object Repository/VLink/Page_CCSale/txt_TaxAmount' is present

2020-12-24 00:00:04 - [MESSAGE][PASSED] - Text '' is set on object 'Object Repository/VLink/Page_CCSale/txt_TaxAmount'

2020-12-24 00:00:05 - [MESSAGE][PASSED] - Object 'Object Repository/VLink/Page_CCSale/txt_ChargeDescription' is present

2020-12-24 00:00:05 - [MESSAGE][PASSED] - Text '' is set on object 'Object Repository/VLink/Page_CCSale/txt_ChargeDescription'

2020-12-24 00:00:06 - [MESSAGE][PASSED] - Object 'Object Repository/VLink/Page_CCSale/txt_CAN' is present

2020-12-24 00:00:06 - [MESSAGE][PASSED] - Text '' is set on object 'Object Repository/VLink/Page_CCSale/txt_CAN'

2020-12-24 00:00:07 - [MESSAGE][PASSED] - Object 'Object Repository/VLink/Page_CCSale/txt_BillPaymentIndicator' is present

2020-12-24 00:00:07 - [MESSAGE][PASSED] - Text '' is set on object 'Object Repository/VLink/Page_CCSale/txt_BillPaymentIndicator'

2020-12-24 00:00:07 - [MESSAGE][PASSED] - Object 'Object Repository/VLink/Page_CCSale/txt_UDF1' is present

2020-12-24 00:00:08 - [MESSAGE][PASSED] - Text '' is set on object 'Object Repository/VLink/Page_CCSale/txt_UDF1'

2020-12-24 00:00:08 - [MESSAGE][PASSED] - Object 'Object Repository/VLink/Page_CCSale/txt_UDF2' is present

2020-12-24 00:00:09 - [MESSAGE][PASSED] - Text '' is set on object 'Object Repository/VLink/Page_CCSale/txt_UDF2'

2020-12-24 00:00:09 - [MESSAGE][PASSED] - Object 'Object Repository/VLink/Page_CCSale/txt_UDF3' is present

2020-12-24 00:00:10 - [MESSAGE][PASSED] - Text '' is set on object 'Object Repository/VLink/Page_CCSale/txt_UDF3'

2020-12-24 00:00:10 - [MESSAGE][PASSED] - Object 'Object Repository/VLink/Page_CCSale/txt_UDF4' is present

2020-12-24 00:00:11 - [MESSAGE][PASSED] - Text '' is set on object 'Object Repository/VLink/Page_CCSale/txt_UDF4'

2020-12-24 00:00:11 - [MESSAGE][PASSED] - Object 'Object Repository/VLink/Page_CCSale/txt_UDF5' is present

2020-12-24 00:00:12 - [MESSAGE][PASSED] - Text '' is set on object 'Object Repository/VLink/Page_CCSale/txt_UDF5'

2020-12-24 00:00:12 - [MESSAGE][PASSED] - Object 'Object Repository/VLink/Page_CCSale/txt_UDF6' is present

2020-12-24 00:00:13 - [MESSAGE][PASSED] - Text '' is set on object 'Object Repository/VLink/Page_CCSale/txt_UDF6'

2020-12-24 00:00:13 - [MESSAGE][PASSED] - Object 'Object Repository/VLink/Page_CCSale/txt_UDF7' is present

2020-12-24 00:00:14 - [MESSAGE][PASSED] - Text '' is set on object 'Object Repository/VLink/Page_CCSale/txt_UDF7'

2020-12-24 00:00:14 - [MESSAGE][PASSED] - Object 'Object Repository/VLink/Page_CCSale/txt_UDF8' is present

2020-12-24 00:00:15 - [MESSAGE][PASSED] - Text '' is set on object 'Object Repository/VLink/Page_CCSale/txt_UDF8'

2020-12-24 00:00:15 - [MESSAGE][PASSED] - Object 'Object Repository/VLink/Page_CCSale/txt_UDF9' is present

2020-12-24 00:00:16 - [MESSAGE][PASSED] - Text '' is set on object 'Object Repository/VLink/Page_CCSale/txt_UDF9'

2020-12-24 00:00:16 - [MESSAGE][PASSED] - Object 'Object Repository/VLink/Page_CCSale/txt_UDF10' is present

2020-12-24 00:00:17 - [MESSAGE][PASSED] - Text '' is set on object 'Object Repository/VLink/Page_CCSale/txt_UDF10'

2020-12-24 00:00:17 - [MESSAGE][PASSED] - Object 'Object Repository/VLink/Page_CCSale/txt_CardOnFileIndicator' is present

2020-12-24 00:00:18 - [MESSAGE][PASSED] - Text '' is set on object 'Object Repository/VLink/Page_CCSale/txt_CardOnFileIndicator'

2020-12-24 00:00:18 - [MESSAGE][PASSED] - Object 'Object Repository/VLink/Page_CCSale/txt_StoredCredentialIndicator' is present

2020-12-24 00:00:19 - [MESSAGE][PASSED] - Text '' is set on object 'Object Repository/VLink/Page_CCSale/txt_StoredCredentialIndicator'

2020-12-24 00:00:19 - [MESSAGE][PASSED] - Object 'Object Repository/VLink/Page_CCSale/txt_COFScheduledIndicator' is present

2020-12-24 00:00:20 - [MESSAGE][PASSED] - Text '' is set on object 'Object Repository/VLink/Page_CCSale/txt_COFScheduledIndicator'

2020-12-24 00:00:20 - [MESSAGE][PASSED] - Object 'Object Repository/VLink/Page_CCSale/txt_COFTransactionInitiatedBy' is present

2020-12-24 00:00:21 - [MESSAGE][PASSED] - Text '' is set on object 'Object Repository/VLink/Page_CCSale/txt_COFTransactionInitiatedBy'

2020-12-24 00:00:24 - [MESSAGE][PASSED] - Object: 'Object Repository/VLink/Page_CCSale/btn_ProcessVLinkTransaction' is clicked on

2020-12-24 00:00:29 - [MESSAGE][PASSED] - vlinkPages.saleCCPage.setDataSCC is PASSED

2020-12-24 00:00:29 - [TEST_STEP][PASSED] - if (verifyTextPresent("Transaction approved, no errors", true)): null

2020-12-24 00:00:29 - [MESSAGE][PASSED] - Text 'Transaction approved, no errors' is present on page  using regular expression

2020-12-24 00:00:29 - [TEST_STEP][PASSED] - println("Transaction Approved, no errors text is present on the Confirmation page"): null

2020-12-24 00:00:29 - [TEST_STEP][PASSED] - out.println("Pass Record Number: " + row): null

2020-12-24 00:00:29 - [TEST_STEP][PASSED] - resText = "Pass": null

2020-12-24 00:00:29 - [TEST_STEP][PASSED] - pages.WriteExcel.demoKey(resText, datText, resColumn, datCloumn, fileLoc, nameSheet, row): pages.WriteExcel.demoKey is PASSED

2020-12-24 00:00:29 - [MESSAGE][PASSED] - pages.WriteExcel.demoKey is PASSED

2020-12-24 00:00:29 - [TEST_STEP][PASSED] - sdfo = getText(findTestObject("Object Repository/Page_VLinkReceipt/pre_STX")): Text of object 'Object Repository/Page_VLinkReceipt/pre_STX' is: '<STX>nthZEyDwKeXJ                  12088082            0  Transaction approved, no errors                   0                                                                                  X OK4320   <ETX>'

2020-12-24 00:00:30 - [MESSAGE][PASSED] - Text of object 'Object Repository/Page_VLinkReceipt/pre_STX' is: '<STX>nthZEyDwKeXJ                  12088082            0  Transaction approved, no errors                   0                                                                                  X OK4320   <ETX>'

2020-12-24 00:00:30 - [TEST_STEP][PASSED] - out.println("sdfo: " + sdfo): null

2020-12-24 00:00:30 - [TEST_STEP][PASSED] - remID = substring(5, 35).trim(): null

2020-12-24 00:00:30 - [TEST_STEP][PASSED] - out.println("Remittance ID: " + remID): null

2020-12-24 00:00:30 - [TEST_STEP][PASSED] - traxID = substring(35, 55).trim(): null

2020-12-24 00:00:30 - [TEST_STEP][PASSED] - out.println("Transaction ID: " + traxID): null

2020-12-24 00:00:30 - [TEST_STEP][PASSED] - out.println("End Record Number: " + row): null

2020-12-24 00:00:30 - [TEST_STEP][PASSED] - closeBrowser(): Browser is closed

2020-12-24 00:00:30 - [MESSAGE][PASSED] - Browser is closed

2020-12-24 00:00:30 - [TEST_STEP][PASSED] - out.println("Begin Record Number: " + row): null

2020-12-24 00:00:30 - [TEST_STEP][PASSED] - today = new java.util.Date(): null

2020-12-24 00:00:30 - [TEST_STEP][PASSED] - println(today): null

2020-12-24 00:00:30 - [TEST_STEP][PASSED] - datText = today: null

2020-12-24 00:00:30 - [TEST_STEP][PASSED] - openBrowser(VLinkURL + "authcap.html"): Browser is opened with url: 'https://dev-algorithm.govolution.com/vlinktest/QA/version_2_0/authcap.html'

2020-12-24 00:00:30 - [MESSAGE][INFO] - Starting 'Chrome' driver

2020-12-24 00:00:30 - [MESSAGE][INFO] - User set preference: ['acceptInsecureCerts', 'true']

2020-12-24 00:00:30 - [MESSAGE][INFO] - Action delay is set to 0 milliseconds

2020-12-24 00:00:34 - [MESSAGE][PASSED] - Browser is opened with url: 'https://dev-algorithm.govolution.com/vlinktest/QA/version_2_0/authcap.html'

2020-12-24 00:00:34 - [TEST_STEP][PASSED] - maximizeWindow(): Current window maximized

2020-12-24 00:00:34 - [MESSAGE][PASSED] - Current window maximized

2020-12-24 00:00:34 - [TEST_STEP][PASSED] - vlinkPages.saleCCPage.setDataSCC(row, dataFile): vlinkPages.saleCCPage.setDataSCC is PASSED

2020-12-24 00:00:36 - [MESSAGE][PASSED] - Object 'Object Repository/VLink/Page_CCSale/txt_CardNumber' is present

2020-12-24 00:00:36 - [MESSAGE][PASSED] - Object 'Object Repository/VLink/Page_CCSale/txt_TransactionType' is present

2020-12-24 00:00:37 - [MESSAGE][PASSED] - Text '104' is set on object 'Object Repository/VLink/Page_CCSale/txt_TransactionType'

2020-12-24 00:00:37 - [MESSAGE][PASSED] - Object 'Object Repository/VLink/Page_CCSale/txt_MessageVersion' is present

2020-12-24 00:00:38 - [MESSAGE][PASSED] - Text '2.0C' is set on object 'Object Repository/VLink/Page_CCSale/txt_MessageVersion'

2020-12-24 00:00:38 - [MESSAGE][PASSED] - Object 'Object Repository/VLink/Page_CCSale/txt_RemID' is present

2020-12-24 00:00:39 - [MESSAGE][PASSED] - Text '4RFeyRFg5s7x' is set on object 'Object Repository/VLink/Page_CCSale/txt_RemID'

2020-12-24 00:00:39 - [MESSAGE][PASSED] - Object 'Object Repository/VLink/Page_CCSale/txt_ApplicationId' is present

2020-12-24 00:00:39 - [MESSAGE][PASSED] - Text '677' is set on object 'Object Repository/VLink/Page_CCSale/txt_ApplicationId'

2020-12-24 00:00:40 - [MESSAGE][PASSED] - Object 'Object Repository/VLink/Page_CCSale/txt_Username' is present

2020-12-24 00:00:40 - [MESSAGE][PASSED] - Text 'username' is set on object 'Object Repository/VLink/Page_CCSale/txt_Username'

2020-12-24 00:00:41 - [MESSAGE][PASSED] - Object 'Object Repository/VLink/Page_CCSale/txt_Password' is present

2020-12-24 00:00:41 - [MESSAGE][PASSED] - Text 'password' is set on object 'Object Repository/VLink/Page_CCSale/txt_Password'

2020-12-24 00:00:41 - [MESSAGE][PASSED] - Object 'Object Repository/VLink/Page_CCSale/txt_ResponseFormat' is present

2020-12-24 00:00:42 - [MESSAGE][PASSED] - Text 'fixed_width' is set on object 'Object Repository/VLink/Page_CCSale/txt_ResponseFormat'

2020-12-24 00:00:42 - [MESSAGE][PASSED] - Object 'Object Repository/VLink/Page_CCSale/txt_Category' is present

2020-12-24 00:00:43 - [MESSAGE][PASSED] - Text 'RETL' is set on object 'Object Repository/VLink/Page_CCSale/txt_Category'

2020-12-24 00:00:43 - [MESSAGE][PASSED] - Object 'Object Repository/VLink/Page_CCSale/txt_TransactionID' is present

2020-12-24 00:00:44 - [MESSAGE][PASSED] - Text '' is set on object 'Object Repository/VLink/Page_CCSale/txt_TransactionID'

2020-12-24 00:00:44 - [MESSAGE][PASSED] - Object 'Object Repository/VLink/Page_CCSale/txt_ApprovalCode' is present

2020-12-24 00:00:45 - [MESSAGE][PASSED] - Text '' is set on object 'Object Repository/VLink/Page_CCSale/txt_ApprovalCode'

2020-12-24 00:00:45 - [MESSAGE][PASSED] - Object 'Object Repository/VLink/Page_CCSale/txt_CardName' is present

2020-12-24 00:00:46 - [MESSAGE][PASSED] - Text 'Roshan Maha' is set on object 'Object Repository/VLink/Page_CCSale/txt_CardName'

2020-12-24 00:00:46 - [MESSAGE][PASSED] - Object 'Object Repository/VLink/Page_CCSale/txt_AL1' is present

2020-12-24 00:00:47 - [MESSAGE][PASSED] - Text '12563 Bazaar road' is set on object 'Object Repository/VLink/Page_CCSale/txt_AL1'

2020-12-24 00:00:47 - [MESSAGE][PASSED] - Object 'Object Repository/VLink/Page_CCSale/txt_AL2' is present

2020-12-24 00:00:48 - [MESSAGE][PASSED] - Text '' is set on object 'Object Repository/VLink/Page_CCSale/txt_AL2'

2020-12-24 00:00:49 - [MESSAGE][PASSED] - Object 'Object Repository/VLink/Page_CCSale/txt_CardCity' is present

2020-12-24 00:00:49 - [MESSAGE][PASSED] - Text 'Crofton' is set on object 'Object Repository/VLink/Page_CCSale/txt_CardCity'

2020-12-24 00:00:49 - [MESSAGE][PASSED] - Object 'Object Repository/VLink/Page_CCSale/txt_CardState' is present

2020-12-24 00:00:50 - [MESSAGE][PASSED] - Text 'MD' is set on object 'Object Repository/VLink/Page_CCSale/txt_CardState'

2020-12-24 00:00:50 - [MESSAGE][PASSED] - Object 'Object Repository/VLink/Page_CCSale/txt_CardZIP' is present

2020-12-24 00:00:51 - [MESSAGE][PASSED] - Text '21114' is set on object 'Object Repository/VLink/Page_CCSale/txt_CardZIP'

2020-12-24 00:00:51 - [MESSAGE][PASSED] - Object 'Object Repository/VLink/Page_CCSale/txt_CountryID' is present

2020-12-24 00:00:52 - [MESSAGE][PASSED] - Text '' is set on object 'Object Repository/VLink/Page_CCSale/txt_CountryID'

2020-12-24 00:00:52 - [MESSAGE][PASSED] - Object 'Object Repository/VLink/Page_CCSale/txt_Amount' is present

2020-12-24 00:00:53 - [MESSAGE][PASSED] - Text '3.50' is set on object 'Object Repository/VLink/Page_CCSale/txt_Amount'

2020-12-24 00:00:53 - [MESSAGE][PASSED] - Object 'Object Repository/VLink/Page_CCSale/txt_CardNumber' is present

2020-12-24 00:00:54 - [MESSAGE][PASSED] - Text '370000000000002' is set on object 'Object Repository/VLink/Page_CCSale/txt_CardNumber'

2020-12-24 00:00:54 - [MESSAGE][PASSED] - Object 'Object Repository/VLink/Page_CCSale/txt_ExpMonth' is present

2020-12-24 00:00:55 - [MESSAGE][PASSED] - Text '01' is set on object 'Object Repository/VLink/Page_CCSale/txt_ExpMonth'

2020-12-24 00:00:55 - [MESSAGE][PASSED] - Object 'Object Repository/VLink/Page_CCSale/txt_ExpYear' is present

2020-12-24 00:00:56 - [MESSAGE][PASSED] - Text '2026' is set on object 'Object Repository/VLink/Page_CCSale/txt_ExpYear'

2020-12-24 00:00:56 - [MESSAGE][PASSED] - Object 'Object Repository/VLink/Page_CCSale/txt_CVV' is present

2020-12-24 00:00:57 - [MESSAGE][PASSED] - Text '' is set on object 'Object Repository/VLink/Page_CCSale/txt_CVV'

2020-12-24 00:00:57 - [MESSAGE][PASSED] - Object 'Object Repository/VLink/Page_CCSale/txt_CVVstate' is present

2020-12-24 00:00:58 - [MESSAGE][PASSED] - Text '' is set on object 'Object Repository/VLink/Page_CCSale/txt_CVVstate'

2020-12-24 00:00:58 - [MESSAGE][PASSED] - Object 'Object Repository/VLink/Page_CCSale/txt_TrackData' is present

2020-12-24 00:00:59 - [MESSAGE][PASSED] - Text '' is set on object 'Object Repository/VLink/Page_CCSale/txt_TrackData'

2020-12-24 00:00:59 - [MESSAGE][PASSED] - Object 'Object Repository/VLink/Page_CCSale/txt_Track1Data' is present

2020-12-24 00:01:00 - [MESSAGE][PASSED] - Text '' is set on object 'Object Repository/VLink/Page_CCSale/txt_Track1Data'

2020-12-24 00:01:00 - [MESSAGE][PASSED] - Object 'Object Repository/VLink/Page_CCSale/txt_Track2Data' is present

2020-12-24 00:01:01 - [MESSAGE][PASSED] - Text '' is set on object 'Object Repository/VLink/Page_CCSale/txt_Track2Data'

2020-12-24 00:01:01 - [MESSAGE][PASSED] - Object 'Object Repository/VLink/Page_CCSale/txt_POSEntryMode' is present

2020-12-24 00:01:02 - [MESSAGE][PASSED] - Text 'manual' is set on object 'Object Repository/VLink/Page_CCSale/txt_POSEntryMode'

2020-12-24 00:01:02 - [MESSAGE][PASSED] - Object 'Object Repository/VLink/Page_CCSale/txt_Email' is present

2020-12-24 00:01:03 - [MESSAGE][PASSED] - Text '' is set on object 'Object Repository/VLink/Page_CCSale/txt_Email'

2020-12-24 00:01:03 - [MESSAGE][PASSED] - Object 'Object Repository/VLink/Page_CCSale/txt_OrderNumber' is present

2020-12-24 00:01:04 - [MESSAGE][PASSED] - Text '' is set on object 'Object Repository/VLink/Page_CCSale/txt_OrderNumber'

2020-12-24 00:01:04 - [MESSAGE][PASSED] - Object 'Object Repository/VLink/Page_CCSale/txt_TaxAmount' is present

2020-12-24 00:01:05 - [MESSAGE][PASSED] - Text '' is set on object 'Object Repository/VLink/Page_CCSale/txt_TaxAmount'

2020-12-24 00:01:05 - [MESSAGE][PASSED] - Object 'Object Repository/VLink/Page_CCSale/txt_ChargeDescription' is present

2020-12-24 00:01:06 - [MESSAGE][PASSED] - Text '' is set on object 'Object Repository/VLink/Page_CCSale/txt_ChargeDescription'

2020-12-24 00:01:06 - [MESSAGE][PASSED] - Object 'Object Repository/VLink/Page_CCSale/txt_CAN' is present

2020-12-24 00:01:07 - [MESSAGE][PASSED] - Text '' is set on object 'Object Repository/VLink/Page_CCSale/txt_CAN'

2020-12-24 00:01:07 - [MESSAGE][PASSED] - Object 'Object Repository/VLink/Page_CCSale/txt_BillPaymentIndicator' is present

2020-12-24 00:01:08 - [MESSAGE][PASSED] - Text '' is set on object 'Object Repository/VLink/Page_CCSale/txt_BillPaymentIndicator'

2020-12-24 00:01:08 - [MESSAGE][PASSED] - Object 'Object Repository/VLink/Page_CCSale/txt_UDF1' is present

2020-12-24 00:01:09 - [MESSAGE][PASSED] - Text '' is set on object 'Object Repository/VLink/Page_CCSale/txt_UDF1'

2020-12-24 00:01:09 - [MESSAGE][PASSED] - Object 'Object Repository/VLink/Page_CCSale/txt_UDF2' is present

2020-12-24 00:01:10 - [MESSAGE][PASSED] - Text '' is set on object 'Object Repository/VLink/Page_CCSale/txt_UDF2'

2020-12-24 00:01:10 - [MESSAGE][PASSED] - Object 'Object Repository/VLink/Page_CCSale/txt_UDF3' is present

2020-12-24 00:01:11 - [MESSAGE][PASSED] - Text '' is set on object 'Object Repository/VLink/Page_CCSale/txt_UDF3'

2020-12-24 00:01:11 - [MESSAGE][PASSED] - Object 'Object Repository/VLink/Page_CCSale/txt_UDF4' is present

2020-12-24 00:01:12 - [MESSAGE][PASSED] - Text '' is set on object 'Object Repository/VLink/Page_CCSale/txt_UDF4'

2020-12-24 00:01:12 - [MESSAGE][PASSED] - Object 'Object Repository/VLink/Page_CCSale/txt_UDF5' is present

2020-12-24 00:01:13 - [MESSAGE][PASSED] - Text '' is set on object 'Object Repository/VLink/Page_CCSale/txt_UDF5'

2020-12-24 00:01:13 - [MESSAGE][PASSED] - Object 'Object Repository/VLink/Page_CCSale/txt_UDF6' is present

2020-12-24 00:01:14 - [MESSAGE][PASSED] - Text '' is set on object 'Object Repository/VLink/Page_CCSale/txt_UDF6'

2020-12-24 00:01:14 - [MESSAGE][PASSED] - Object 'Object Repository/VLink/Page_CCSale/txt_UDF7' is present

2020-12-24 00:01:15 - [MESSAGE][PASSED] - Text '' is set on object 'Object Repository/VLink/Page_CCSale/txt_UDF7'

2020-12-24 00:01:15 - [MESSAGE][PASSED] - Object 'Object Repository/VLink/Page_CCSale/txt_UDF8' is present

2020-12-24 00:01:16 - [MESSAGE][PASSED] - Text '' is set on object 'Object Repository/VLink/Page_CCSale/txt_UDF8'

2020-12-24 00:01:16 - [MESSAGE][PASSED] - Object 'Object Repository/VLink/Page_CCSale/txt_UDF9' is present

2020-12-24 00:01:17 - [MESSAGE][PASSED] - Text '' is set on object 'Object Repository/VLink/Page_CCSale/txt_UDF9'

2020-12-24 00:01:17 - [MESSAGE][PASSED] - Object 'Object Repository/VLink/Page_CCSale/txt_UDF10' is present

2020-12-24 00:01:18 - [MESSAGE][PASSED] - Text '' is set on object 'Object Repository/VLink/Page_CCSale/txt_UDF10'

2020-12-24 00:01:18 - [MESSAGE][PASSED] - Object 'Object Repository/VLink/Page_CCSale/txt_CardOnFileIndicator' is present

2020-12-24 00:01:18 - [MESSAGE][PASSED] - Text '' is set on object 'Object Repository/VLink/Page_CCSale/txt_CardOnFileIndicator'

2020-12-24 00:01:19 - [MESSAGE][PASSED] - Object 'Object Repository/VLink/Page_CCSale/txt_StoredCredentialIndicator' is present

2020-12-24 00:01:19 - [MESSAGE][PASSED] - Text '' is set on object 'Object Repository/VLink/Page_CCSale/txt_StoredCredentialIndicator'

2020-12-24 00:01:20 - [MESSAGE][PASSED] - Object 'Object Repository/VLink/Page_CCSale/txt_COFScheduledIndicator' is present

2020-12-24 00:01:20 - [MESSAGE][PASSED] - Text '' is set on object 'Object Repository/VLink/Page_CCSale/txt_COFScheduledIndicator'

2020-12-24 00:01:21 - [MESSAGE][PASSED] - Object 'Object Repository/VLink/Page_CCSale/txt_COFTransactionInitiatedBy' is present

2020-12-24 00:01:21 - [MESSAGE][PASSED] - Text '' is set on object 'Object Repository/VLink/Page_CCSale/txt_COFTransactionInitiatedBy'

2020-12-24 00:01:24 - [MESSAGE][PASSED] - Object: 'Object Repository/VLink/Page_CCSale/btn_ProcessVLinkTransaction' is clicked on

2020-12-24 00:01:29 - [MESSAGE][PASSED] - vlinkPages.saleCCPage.setDataSCC is PASSED

2020-12-24 00:01:29 - [TEST_STEP][PASSED] - if (verifyTextPresent("Transaction approved, no errors", true)): null

2020-12-24 00:01:29 - [MESSAGE][PASSED] - Text 'Transaction approved, no errors' is present on page  using regular expression

2020-12-24 00:01:29 - [TEST_STEP][PASSED] - println("Transaction Approved, no errors text is present on the Confirmation page"): null

2020-12-24 00:01:29 - [TEST_STEP][PASSED] - out.println("Pass Record Number: " + row): null

2020-12-24 00:01:29 - [TEST_STEP][PASSED] - resText = "Pass": null

2020-12-24 00:01:29 - [TEST_STEP][PASSED] - pages.WriteExcel.demoKey(resText, datText, resColumn, datCloumn, fileLoc, nameSheet, row): pages.WriteExcel.demoKey is PASSED

2020-12-24 00:01:30 - [MESSAGE][PASSED] - pages.WriteExcel.demoKey is PASSED

2020-12-24 00:01:30 - [TEST_STEP][PASSED] - sdfo = getText(findTestObject("Object Repository/Page_VLinkReceipt/pre_STX")): Text of object 'Object Repository/Page_VLinkReceipt/pre_STX' is: '<STX>4RFeyRFg5s7x                  12088083            0  Transaction approved, no errors                   0                                                                                  X OK4370   <ETX>'

2020-12-24 00:01:30 - [MESSAGE][PASSED] - Text of object 'Object Repository/Page_VLinkReceipt/pre_STX' is: '<STX>4RFeyRFg5s7x                  12088083            0  Transaction approved, no errors                   0                                                                                  X OK4370   <ETX>'

2020-12-24 00:01:30 - [TEST_STEP][PASSED] - out.println("sdfo: " + sdfo): null

2020-12-24 00:01:30 - [TEST_STEP][PASSED] - remID = substring(5, 35).trim(): null

2020-12-24 00:01:30 - [TEST_STEP][PASSED] - out.println("Remittance ID: " + remID): null

2020-12-24 00:01:30 - [TEST_STEP][PASSED] - traxID = substring(35, 55).trim(): null

2020-12-24 00:01:30 - [TEST_STEP][PASSED] - out.println("Transaction ID: " + traxID): null

2020-12-24 00:01:30 - [TEST_STEP][PASSED] - out.println("End Record Number: " + row): null

2020-12-24 00:01:30 - [TEST_STEP][PASSED] - closeBrowser(): Browser is closed

2020-12-24 00:01:31 - [MESSAGE][PASSED] - Browser is closed

2020-12-24 00:01:31 - [TEST_STEP][PASSED] - out.println("Begin Record Number: " + row): null

2020-12-24 00:01:31 - [TEST_STEP][PASSED] - today = new java.util.Date(): null

2020-12-24 00:01:31 - [TEST_STEP][PASSED] - println(today): null

2020-12-24 00:01:31 - [TEST_STEP][PASSED] - datText = today: null

2020-12-24 00:01:31 - [TEST_STEP][PASSED] - openBrowser(VLinkURL + "authcap.html"): Browser is opened with url: 'https://dev-algorithm.govolution.com/vlinktest/QA/version_2_0/authcap.html'

2020-12-24 00:01:31 - [MESSAGE][INFO] - Starting 'Chrome' driver

2020-12-24 00:01:31 - [MESSAGE][INFO] - User set preference: ['acceptInsecureCerts', 'true']

2020-12-24 00:01:31 - [MESSAGE][INFO] - Action delay is set to 0 milliseconds

2020-12-24 00:01:34 - [MESSAGE][PASSED] - Browser is opened with url: 'https://dev-algorithm.govolution.com/vlinktest/QA/version_2_0/authcap.html'

2020-12-24 00:01:34 - [TEST_STEP][PASSED] - maximizeWindow(): Current window maximized

2020-12-24 00:01:34 - [MESSAGE][PASSED] - Current window maximized

2020-12-24 00:01:34 - [TEST_STEP][PASSED] - vlinkPages.saleCCPage.setDataSCC(row, dataFile): vlinkPages.saleCCPage.setDataSCC is PASSED

2020-12-24 00:01:36 - [MESSAGE][PASSED] - Object 'Object Repository/VLink/Page_CCSale/txt_CardNumber' is present

2020-12-24 00:01:36 - [MESSAGE][PASSED] - Object 'Object Repository/VLink/Page_CCSale/txt_TransactionType' is present

2020-12-24 00:01:37 - [MESSAGE][PASSED] - Text '104' is set on object 'Object Repository/VLink/Page_CCSale/txt_TransactionType'

2020-12-24 00:01:37 - [MESSAGE][PASSED] - Object 'Object Repository/VLink/Page_CCSale/txt_MessageVersion' is present

2020-12-24 00:01:38 - [MESSAGE][PASSED] - Text '2.0C' is set on object 'Object Repository/VLink/Page_CCSale/txt_MessageVersion'

2020-12-24 00:01:38 - [MESSAGE][PASSED] - Object 'Object Repository/VLink/Page_CCSale/txt_RemID' is present

2020-12-24 00:01:39 - [MESSAGE][PASSED] - Text 'QM421dlK510T' is set on object 'Object Repository/VLink/Page_CCSale/txt_RemID'

2020-12-24 00:01:39 - [MESSAGE][PASSED] - Object 'Object Repository/VLink/Page_CCSale/txt_ApplicationId' is present

2020-12-24 00:01:40 - [MESSAGE][PASSED] - Text '665' is set on object 'Object Repository/VLink/Page_CCSale/txt_ApplicationId'

2020-12-24 00:01:40 - [MESSAGE][PASSED] - Object 'Object Repository/VLink/Page_CCSale/txt_Username' is present

2020-12-24 00:01:41 - [MESSAGE][PASSED] - Text 'username' is set on object 'Object Repository/VLink/Page_CCSale/txt_Username'

2020-12-24 00:01:41 - [MESSAGE][PASSED] - Object 'Object Repository/VLink/Page_CCSale/txt_Password' is present

2020-12-24 00:01:41 - [MESSAGE][PASSED] - Text 'password' is set on object 'Object Repository/VLink/Page_CCSale/txt_Password'

2020-12-24 00:01:42 - [MESSAGE][PASSED] - Object 'Object Repository/VLink/Page_CCSale/txt_ResponseFormat' is present

2020-12-24 00:01:42 - [MESSAGE][PASSED] - Text 'fixed_width' is set on object 'Object Repository/VLink/Page_CCSale/txt_ResponseFormat'

2020-12-24 00:01:43 - [MESSAGE][PASSED] - Object 'Object Repository/VLink/Page_CCSale/txt_Category' is present

2020-12-24 00:01:43 - [MESSAGE][PASSED] - Text 'RETL' is set on object 'Object Repository/VLink/Page_CCSale/txt_Category'

2020-12-24 00:01:43 - [MESSAGE][PASSED] - Object 'Object Repository/VLink/Page_CCSale/txt_TransactionID' is present

2020-12-24 00:01:44 - [MESSAGE][PASSED] - Text '' is set on object 'Object Repository/VLink/Page_CCSale/txt_TransactionID'

2020-12-24 00:01:44 - [MESSAGE][PASSED] - Object 'Object Repository/VLink/Page_CCSale/txt_ApprovalCode' is present

2020-12-24 00:01:45 - [MESSAGE][PASSED] - Text '' is set on object 'Object Repository/VLink/Page_CCSale/txt_ApprovalCode'

2020-12-24 00:01:45 - [MESSAGE][PASSED] - Object 'Object Repository/VLink/Page_CCSale/txt_CardName' is present

2020-12-24 00:01:46 - [MESSAGE][PASSED] - Text 'Kris Roshan' is set on object 'Object Repository/VLink/Page_CCSale/txt_CardName'

2020-12-24 00:01:46 - [MESSAGE][PASSED] - Object 'Object Repository/VLink/Page_CCSale/txt_AL1' is present

2020-12-24 00:01:47 - [MESSAGE][PASSED] - Text '258 Elm Road' is set on object 'Object Repository/VLink/Page_CCSale/txt_AL1'

2020-12-24 00:01:47 - [MESSAGE][PASSED] - Object 'Object Repository/VLink/Page_CCSale/txt_AL2' is present

2020-12-24 00:01:48 - [MESSAGE][PASSED] - Text 'Suite 56' is set on object 'Object Repository/VLink/Page_CCSale/txt_AL2'

2020-12-24 00:01:48 - [MESSAGE][PASSED] - Object 'Object Repository/VLink/Page_CCSale/txt_CardCity' is present

2020-12-24 00:01:49 - [MESSAGE][PASSED] - Text 'Arlington' is set on object 'Object Repository/VLink/Page_CCSale/txt_CardCity'

2020-12-24 00:01:49 - [MESSAGE][PASSED] - Object 'Object Repository/VLink/Page_CCSale/txt_CardState' is present

2020-12-24 00:01:50 - [MESSAGE][PASSED] - Text 'VA' is set on object 'Object Repository/VLink/Page_CCSale/txt_CardState'

2020-12-24 00:01:50 - [MESSAGE][PASSED] - Object 'Object Repository/VLink/Page_CCSale/txt_CardZIP' is present

2020-12-24 00:01:51 - [MESSAGE][PASSED] - Text '22201' is set on object 'Object Repository/VLink/Page_CCSale/txt_CardZIP'

2020-12-24 00:01:51 - [MESSAGE][PASSED] - Object 'Object Repository/VLink/Page_CCSale/txt_CountryID' is present

2020-12-24 00:01:52 - [MESSAGE][PASSED] - Text '840' is set on object 'Object Repository/VLink/Page_CCSale/txt_CountryID'

2020-12-24 00:01:52 - [MESSAGE][PASSED] - Object 'Object Repository/VLink/Page_CCSale/txt_Amount' is present

2020-12-24 00:01:52 - [MESSAGE][PASSED] - Text '1.50' is set on object 'Object Repository/VLink/Page_CCSale/txt_Amount'

2020-12-24 00:01:53 - [MESSAGE][PASSED] - Object 'Object Repository/VLink/Page_CCSale/txt_CardNumber' is present

2020-12-24 00:01:53 - [MESSAGE][PASSED] - Text '6011000000000004' is set on object 'Object Repository/VLink/Page_CCSale/txt_CardNumber'

2020-12-24 00:01:54 - [MESSAGE][PASSED] - Object 'Object Repository/VLink/Page_CCSale/txt_ExpMonth' is present

2020-12-24 00:01:54 - [MESSAGE][PASSED] - Text '12' is set on object 'Object Repository/VLink/Page_CCSale/txt_ExpMonth'

2020-12-24 00:01:55 - [MESSAGE][PASSED] - Object 'Object Repository/VLink/Page_CCSale/txt_ExpYear' is present

2020-12-24 00:01:55 - [MESSAGE][PASSED] - Text '2025' is set on object 'Object Repository/VLink/Page_CCSale/txt_ExpYear'

2020-12-24 00:01:56 - [MESSAGE][PASSED] - Object 'Object Repository/VLink/Page_CCSale/txt_CVV' is present

2020-12-24 00:01:56 - [MESSAGE][PASSED] - Text '' is set on object 'Object Repository/VLink/Page_CCSale/txt_CVV'

2020-12-24 00:01:57 - [MESSAGE][PASSED] - Object 'Object Repository/VLink/Page_CCSale/txt_CVVstate' is present

2020-12-24 00:01:57 - [MESSAGE][PASSED] - Text '' is set on object 'Object Repository/VLink/Page_CCSale/txt_CVVstate'

2020-12-24 00:01:58 - [MESSAGE][PASSED] - Object 'Object Repository/VLink/Page_CCSale/txt_TrackData' is present

2020-12-24 00:01:58 - [MESSAGE][PASSED] - Text '' is set on object 'Object Repository/VLink/Page_CCSale/txt_TrackData'

2020-12-24 00:01:59 - [MESSAGE][PASSED] - Object 'Object Repository/VLink/Page_CCSale/txt_Track1Data' is present

2020-12-24 00:01:59 - [MESSAGE][PASSED] - Text '' is set on object 'Object Repository/VLink/Page_CCSale/txt_Track1Data'

2020-12-24 00:02:00 - [MESSAGE][PASSED] - Object 'Object Repository/VLink/Page_CCSale/txt_Track2Data' is present

2020-12-24 00:02:00 - [MESSAGE][PASSED] - Text '' is set on object 'Object Repository/VLink/Page_CCSale/txt_Track2Data'

2020-12-24 00:02:00 - [MESSAGE][PASSED] - Object 'Object Repository/VLink/Page_CCSale/txt_POSEntryMode' is present

2020-12-24 00:02:01 - [MESSAGE][PASSED] - Text 'manual' is set on object 'Object Repository/VLink/Page_CCSale/txt_POSEntryMode'

2020-12-24 00:02:01 - [MESSAGE][PASSED] - Object 'Object Repository/VLink/Page_CCSale/txt_Email' is present

2020-12-24 00:02:02 - [MESSAGE][PASSED] - Text 'iahmed@govolution.com' is set on object 'Object Repository/VLink/Page_CCSale/txt_Email'

2020-12-24 00:02:02 - [MESSAGE][PASSED] - Object 'Object Repository/VLink/Page_CCSale/txt_OrderNumber' is present

2020-12-24 00:02:03 - [MESSAGE][PASSED] - Text '2569362' is set on object 'Object Repository/VLink/Page_CCSale/txt_OrderNumber'

2020-12-24 00:02:03 - [MESSAGE][PASSED] - Object 'Object Repository/VLink/Page_CCSale/txt_TaxAmount' is present

2020-12-24 00:02:04 - [MESSAGE][PASSED] - Text '1.15' is set on object 'Object Repository/VLink/Page_CCSale/txt_TaxAmount'

2020-12-24 00:02:04 - [MESSAGE][PASSED] - Object 'Object Repository/VLink/Page_CCSale/txt_ChargeDescription' is present

2020-12-24 00:02:05 - [MESSAGE][PASSED] - Text 'Charge Description' is set on object 'Object Repository/VLink/Page_CCSale/txt_ChargeDescription'

2020-12-24 00:02:05 - [MESSAGE][PASSED] - Object 'Object Repository/VLink/Page_CCSale/txt_CAN' is present

2020-12-24 00:02:06 - [MESSAGE][PASSED] - Text '147357' is set on object 'Object Repository/VLink/Page_CCSale/txt_CAN'

2020-12-24 00:02:06 - [MESSAGE][PASSED] - Object 'Object Repository/VLink/Page_CCSale/txt_BillPaymentIndicator' is present

2020-12-24 00:02:07 - [MESSAGE][PASSED] - Text '1' is set on object 'Object Repository/VLink/Page_CCSale/txt_BillPaymentIndicator'

2020-12-24 00:02:07 - [MESSAGE][PASSED] - Object 'Object Repository/VLink/Page_CCSale/txt_UDF1' is present

2020-12-24 00:02:08 - [MESSAGE][PASSED] - Text 'UDF Data 1' is set on object 'Object Repository/VLink/Page_CCSale/txt_UDF1'

2020-12-24 00:02:08 - [MESSAGE][PASSED] - Object 'Object Repository/VLink/Page_CCSale/txt_UDF2' is present

2020-12-24 00:02:09 - [MESSAGE][PASSED] - Text 'UDF Data 2' is set on object 'Object Repository/VLink/Page_CCSale/txt_UDF2'

2020-12-24 00:02:09 - [MESSAGE][PASSED] - Object 'Object Repository/VLink/Page_CCSale/txt_UDF3' is present

2020-12-24 00:02:10 - [MESSAGE][PASSED] - Text 'UDF Data 3' is set on object 'Object Repository/VLink/Page_CCSale/txt_UDF3'

2020-12-24 00:02:10 - [MESSAGE][PASSED] - Object 'Object Repository/VLink/Page_CCSale/txt_UDF4' is present

2020-12-24 00:02:11 - [MESSAGE][PASSED] - Text 'UDF Data 4' is set on object 'Object Repository/VLink/Page_CCSale/txt_UDF4'

2020-12-24 00:02:11 - [MESSAGE][PASSED] - Object 'Object Repository/VLink/Page_CCSale/txt_UDF5' is present

2020-12-24 00:02:12 - [MESSAGE][PASSED] - Text 'UDF Data 5' is set on object 'Object Repository/VLink/Page_CCSale/txt_UDF5'

2020-12-24 00:02:12 - [MESSAGE][PASSED] - Object 'Object Repository/VLink/Page_CCSale/txt_UDF6' is present

2020-12-24 00:02:13 - [MESSAGE][PASSED] - Text 'UDF Data 6' is set on object 'Object Repository/VLink/Page_CCSale/txt_UDF6'

2020-12-24 00:02:13 - [MESSAGE][PASSED] - Object 'Object Repository/VLink/Page_CCSale/txt_UDF7' is present

2020-12-24 00:02:14 - [MESSAGE][PASSED] - Text 'UDF Data 7' is set on object 'Object Repository/VLink/Page_CCSale/txt_UDF7'

2020-12-24 00:02:14 - [MESSAGE][PASSED] - Object 'Object Repository/VLink/Page_CCSale/txt_UDF8' is present

2020-12-24 00:02:15 - [MESSAGE][PASSED] - Text 'UDF Data 8' is set on object 'Object Repository/VLink/Page_CCSale/txt_UDF8'

2020-12-24 00:02:15 - [MESSAGE][PASSED] - Object 'Object Repository/VLink/Page_CCSale/txt_UDF9' is present

2020-12-24 00:02:16 - [MESSAGE][PASSED] - Text 'UDF Data 9' is set on object 'Object Repository/VLink/Page_CCSale/txt_UDF9'

2020-12-24 00:02:16 - [MESSAGE][PASSED] - Object 'Object Repository/VLink/Page_CCSale/txt_UDF10' is present

2020-12-24 00:02:17 - [MESSAGE][PASSED] - Text 'UDF Data 10' is set on object 'Object Repository/VLink/Page_CCSale/txt_UDF10'

2020-12-24 00:02:17 - [MESSAGE][PASSED] - Object 'Object Repository/VLink/Page_CCSale/txt_CardOnFileIndicator' is present

2020-12-24 00:02:18 - [MESSAGE][PASSED] - Text '' is set on object 'Object Repository/VLink/Page_CCSale/txt_CardOnFileIndicator'

2020-12-24 00:02:18 - [MESSAGE][PASSED] - Object 'Object Repository/VLink/Page_CCSale/txt_StoredCredentialIndicator' is present

2020-12-24 00:02:19 - [MESSAGE][PASSED] - Text '' is set on object 'Object Repository/VLink/Page_CCSale/txt_StoredCredentialIndicator'

2020-12-24 00:02:19 - [MESSAGE][PASSED] - Object 'Object Repository/VLink/Page_CCSale/txt_COFScheduledIndicator' is present

2020-12-24 00:02:20 - [MESSAGE][PASSED] - Text '' is set on object 'Object Repository/VLink/Page_CCSale/txt_COFScheduledIndicator'

2020-12-24 00:02:20 - [MESSAGE][PASSED] - Object 'Object Repository/VLink/Page_CCSale/txt_COFTransactionInitiatedBy' is present

2020-12-24 00:02:21 - [MESSAGE][PASSED] - Text '' is set on object 'Object Repository/VLink/Page_CCSale/txt_COFTransactionInitiatedBy'

2020-12-24 00:02:23 - [MESSAGE][PASSED] - Object: 'Object Repository/VLink/Page_CCSale/btn_ProcessVLinkTransaction' is clicked on

2020-12-24 00:02:28 - [MESSAGE][PASSED] - vlinkPages.saleCCPage.setDataSCC is PASSED

2020-12-24 00:02:28 - [TEST_STEP][PASSED] - if (verifyTextPresent("Transaction approved, no errors", true)): null

2020-12-24 00:02:29 - [MESSAGE][PASSED] - Text 'Transaction approved, no errors' is present on page  using regular expression

2020-12-24 00:02:29 - [TEST_STEP][PASSED] - println("Transaction Approved, no errors text is present on the Confirmation page"): null

2020-12-24 00:02:29 - [TEST_STEP][PASSED] - out.println("Pass Record Number: " + row): null

2020-12-24 00:02:29 - [TEST_STEP][PASSED] - resText = "Pass": null

2020-12-24 00:02:29 - [TEST_STEP][PASSED] - pages.WriteExcel.demoKey(resText, datText, resColumn, datCloumn, fileLoc, nameSheet, row): pages.WriteExcel.demoKey is PASSED

2020-12-24 00:02:29 - [MESSAGE][PASSED] - pages.WriteExcel.demoKey is PASSED

2020-12-24 00:02:29 - [TEST_STEP][PASSED] - sdfo = getText(findTestObject("Object Repository/Page_VLinkReceipt/pre_STX")): Text of object 'Object Repository/Page_VLinkReceipt/pre_STX' is: '<STX>QM421dlK510T                  12088085            0  Transaction approved, no errors                   0                                                                                  X OK4460   <ETX>'

2020-12-24 00:02:29 - [MESSAGE][PASSED] - Text of object 'Object Repository/Page_VLinkReceipt/pre_STX' is: '<STX>QM421dlK510T                  12088085            0  Transaction approved, no errors                   0                                                                                  X OK4460   <ETX>'

2020-12-24 00:02:29 - [TEST_STEP][PASSED] - out.println("sdfo: " + sdfo): null

2020-12-24 00:02:29 - [TEST_STEP][PASSED] - remID = substring(5, 35).trim(): null

2020-12-24 00:02:29 - [TEST_STEP][PASSED] - out.println("Remittance ID: " + remID): null

2020-12-24 00:02:29 - [TEST_STEP][PASSED] - traxID = substring(35, 55).trim(): null

2020-12-24 00:02:29 - [TEST_STEP][PASSED] - out.println("Transaction ID: " + traxID): null

2020-12-24 00:02:29 - [TEST_STEP][PASSED] - out.println("End Record Number: " + row): null

2020-12-24 00:02:29 - [TEST_STEP][PASSED] - closeBrowser(): Browser is closed

2020-12-24 00:02:30 - [MESSAGE][PASSED] - Browser is closed

2020-12-24 00:02:30 - [TEST_STEP][PASSED] - out.println("Begin Record Number: " + row): null

2020-12-24 00:02:30 - [TEST_STEP][PASSED] - today = new java.util.Date(): null

2020-12-24 00:02:30 - [TEST_STEP][PASSED] - println(today): null

2020-12-24 00:02:30 - [TEST_STEP][PASSED] - datText = today: null

2020-12-24 00:02:30 - [TEST_STEP][PASSED] - openBrowser(VLinkURL + "authcap.html"): Browser is opened with url: 'https://dev-algorithm.govolution.com/vlinktest/QA/version_2_0/authcap.html'

2020-12-24 00:02:30 - [MESSAGE][INFO] - Starting 'Chrome' driver

2020-12-24 00:02:30 - [MESSAGE][INFO] - User set preference: ['acceptInsecureCerts', 'true']

2020-12-24 00:02:30 - [MESSAGE][INFO] - Action delay is set to 0 milliseconds

2020-12-24 00:02:34 - [MESSAGE][PASSED] - Browser is opened with url: 'https://dev-algorithm.govolution.com/vlinktest/QA/version_2_0/authcap.html'

2020-12-24 00:02:34 - [TEST_STEP][PASSED] - maximizeWindow(): Current window maximized

2020-12-24 00:02:34 - [MESSAGE][PASSED] - Current window maximized

2020-12-24 00:02:34 - [TEST_STEP][PASSED] - vlinkPages.saleCCPage.setDataSCC(row, dataFile): vlinkPages.saleCCPage.setDataSCC is PASSED

2020-12-24 00:02:36 - [MESSAGE][PASSED] - Object 'Object Repository/VLink/Page_CCSale/txt_CardNumber' is present

2020-12-24 00:02:36 - [MESSAGE][PASSED] - Object 'Object Repository/VLink/Page_CCSale/txt_TransactionType' is present

2020-12-24 00:02:37 - [MESSAGE][PASSED] - Text '104' is set on object 'Object Repository/VLink/Page_CCSale/txt_TransactionType'

2020-12-24 00:02:37 - [MESSAGE][PASSED] - Object 'Object Repository/VLink/Page_CCSale/txt_MessageVersion' is present

2020-12-24 00:02:38 - [MESSAGE][PASSED] - Text '2.0C' is set on object 'Object Repository/VLink/Page_CCSale/txt_MessageVersion'

2020-12-24 00:02:38 - [MESSAGE][PASSED] - Object 'Object Repository/VLink/Page_CCSale/txt_RemID' is present

2020-12-24 00:02:39 - [MESSAGE][PASSED] - Text 'sFaIt23i3XGS' is set on object 'Object Repository/VLink/Page_CCSale/txt_RemID'

2020-12-24 00:02:39 - [MESSAGE][PASSED] - Object 'Object Repository/VLink/Page_CCSale/txt_ApplicationId' is present

2020-12-24 00:02:40 - [MESSAGE][PASSED] - Text '672' is set on object 'Object Repository/VLink/Page_CCSale/txt_ApplicationId'

2020-12-24 00:02:40 - [MESSAGE][PASSED] - Object 'Object Repository/VLink/Page_CCSale/txt_Username' is present

2020-12-24 00:02:40 - [MESSAGE][PASSED] - Text 'username' is set on object 'Object Repository/VLink/Page_CCSale/txt_Username'

2020-12-24 00:02:41 - [MESSAGE][PASSED] - Object 'Object Repository/VLink/Page_CCSale/txt_Password' is present

2020-12-24 00:02:41 - [MESSAGE][PASSED] - Text 'password' is set on object 'Object Repository/VLink/Page_CCSale/txt_Password'

2020-12-24 00:02:42 - [MESSAGE][PASSED] - Object 'Object Repository/VLink/Page_CCSale/txt_ResponseFormat' is present

2020-12-24 00:02:42 - [MESSAGE][PASSED] - Text 'fixed_width' is set on object 'Object Repository/VLink/Page_CCSale/txt_ResponseFormat'

2020-12-24 00:02:42 - [MESSAGE][PASSED] - Object 'Object Repository/VLink/Page_CCSale/txt_Category' is present

2020-12-24 00:02:43 - [MESSAGE][PASSED] - Text 'RETL' is set on object 'Object Repository/VLink/Page_CCSale/txt_Category'

2020-12-24 00:02:43 - [MESSAGE][PASSED] - Object 'Object Repository/VLink/Page_CCSale/txt_TransactionID' is present

2020-12-24 00:02:44 - [MESSAGE][PASSED] - Text '' is set on object 'Object Repository/VLink/Page_CCSale/txt_TransactionID'

2020-12-24 00:02:44 - [MESSAGE][PASSED] - Object 'Object Repository/VLink/Page_CCSale/txt_ApprovalCode' is present

2020-12-24 00:02:45 - [MESSAGE][PASSED] - Text '' is set on object 'Object Repository/VLink/Page_CCSale/txt_ApprovalCode'

2020-12-24 00:02:45 - [MESSAGE][PASSED] - Object 'Object Repository/VLink/Page_CCSale/txt_CardName' is present

2020-12-24 00:02:46 - [MESSAGE][PASSED] - Text 'Arvind Silva' is set on object 'Object Repository/VLink/Page_CCSale/txt_CardName'

2020-12-24 00:02:46 - [MESSAGE][PASSED] - Object 'Object Repository/VLink/Page_CCSale/txt_AL1' is present

2020-12-24 00:02:47 - [MESSAGE][PASSED] - Text '111 Main Ave' is set on object 'Object Repository/VLink/Page_CCSale/txt_AL1'

2020-12-24 00:02:47 - [MESSAGE][PASSED] - Object 'Object Repository/VLink/Page_CCSale/txt_AL2' is present

2020-12-24 00:02:48 - [MESSAGE][PASSED] - Text '' is set on object 'Object Repository/VLink/Page_CCSale/txt_AL2'

2020-12-24 00:02:48 - [MESSAGE][PASSED] - Object 'Object Repository/VLink/Page_CCSale/txt_CardCity' is present

2020-12-24 00:02:49 - [MESSAGE][PASSED] - Text 'Arlington' is set on object 'Object Repository/VLink/Page_CCSale/txt_CardCity'

2020-12-24 00:02:49 - [MESSAGE][PASSED] - Object 'Object Repository/VLink/Page_CCSale/txt_CardState' is present

2020-12-24 00:02:50 - [MESSAGE][PASSED] - Text 'VA' is set on object 'Object Repository/VLink/Page_CCSale/txt_CardState'

2020-12-24 00:02:50 - [MESSAGE][PASSED] - Object 'Object Repository/VLink/Page_CCSale/txt_CardZIP' is present

2020-12-24 00:02:51 - [MESSAGE][PASSED] - Text '22201' is set on object 'Object Repository/VLink/Page_CCSale/txt_CardZIP'

2020-12-24 00:02:51 - [MESSAGE][PASSED] - Object 'Object Repository/VLink/Page_CCSale/txt_CountryID' is present

2020-12-24 00:02:52 - [MESSAGE][PASSED] - Text '' is set on object 'Object Repository/VLink/Page_CCSale/txt_CountryID'

2020-12-24 00:02:52 - [MESSAGE][PASSED] - Object 'Object Repository/VLink/Page_CCSale/txt_Amount' is present

2020-12-24 00:02:53 - [MESSAGE][PASSED] - Text '2.50' is set on object 'Object Repository/VLink/Page_CCSale/txt_Amount'

2020-12-24 00:02:53 - [MESSAGE][PASSED] - Object 'Object Repository/VLink/Page_CCSale/txt_CardNumber' is present

2020-12-24 00:02:54 - [MESSAGE][PASSED] - Text '6011000000000004' is set on object 'Object Repository/VLink/Page_CCSale/txt_CardNumber'

2020-12-24 00:02:54 - [MESSAGE][PASSED] - Object 'Object Repository/VLink/Page_CCSale/txt_ExpMonth' is present

2020-12-24 00:02:55 - [MESSAGE][PASSED] - Text '01' is set on object 'Object Repository/VLink/Page_CCSale/txt_ExpMonth'

2020-12-24 00:02:55 - [MESSAGE][PASSED] - Object 'Object Repository/VLink/Page_CCSale/txt_ExpYear' is present

2020-12-24 00:02:56 - [MESSAGE][PASSED] - Text '2026' is set on object 'Object Repository/VLink/Page_CCSale/txt_ExpYear'

2020-12-24 00:02:56 - [MESSAGE][PASSED] - Object 'Object Repository/VLink/Page_CCSale/txt_CVV' is present

2020-12-24 00:02:57 - [MESSAGE][PASSED] - Text '' is set on object 'Object Repository/VLink/Page_CCSale/txt_CVV'

2020-12-24 00:02:57 - [MESSAGE][PASSED] - Object 'Object Repository/VLink/Page_CCSale/txt_CVVstate' is present

2020-12-24 00:02:58 - [MESSAGE][PASSED] - Text '' is set on object 'Object Repository/VLink/Page_CCSale/txt_CVVstate'

2020-12-24 00:02:58 - [MESSAGE][PASSED] - Object 'Object Repository/VLink/Page_CCSale/txt_TrackData' is present

2020-12-24 00:02:59 - [MESSAGE][PASSED] - Text '' is set on object 'Object Repository/VLink/Page_CCSale/txt_TrackData'

2020-12-24 00:02:59 - [MESSAGE][PASSED] - Object 'Object Repository/VLink/Page_CCSale/txt_Track1Data' is present

2020-12-24 00:03:00 - [MESSAGE][PASSED] - Text '' is set on object 'Object Repository/VLink/Page_CCSale/txt_Track1Data'

2020-12-24 00:03:00 - [MESSAGE][PASSED] - Object 'Object Repository/VLink/Page_CCSale/txt_Track2Data' is present

2020-12-24 00:03:01 - [MESSAGE][PASSED] - Text '' is set on object 'Object Repository/VLink/Page_CCSale/txt_Track2Data'

2020-12-24 00:03:01 - [MESSAGE][PASSED] - Object 'Object Repository/VLink/Page_CCSale/txt_POSEntryMode' is present

2020-12-24 00:03:02 - [MESSAGE][PASSED] - Text 'manual' is set on object 'Object Repository/VLink/Page_CCSale/txt_POSEntryMode'

2020-12-24 00:03:02 - [MESSAGE][PASSED] - Object 'Object Repository/VLink/Page_CCSale/txt_Email' is present

2020-12-24 00:03:03 - [MESSAGE][PASSED] - Text '' is set on object 'Object Repository/VLink/Page_CCSale/txt_Email'

2020-12-24 00:03:03 - [MESSAGE][PASSED] - Object 'Object Repository/VLink/Page_CCSale/txt_OrderNumber' is present

2020-12-24 00:03:04 - [MESSAGE][PASSED] - Text '' is set on object 'Object Repository/VLink/Page_CCSale/txt_OrderNumber'

2020-12-24 00:03:04 - [MESSAGE][PASSED] - Object 'Object Repository/VLink/Page_CCSale/txt_TaxAmount' is present

2020-12-24 00:03:05 - [MESSAGE][PASSED] - Text '' is set on object 'Object Repository/VLink/Page_CCSale/txt_TaxAmount'

2020-12-24 00:03:05 - [MESSAGE][PASSED] - Object 'Object Repository/VLink/Page_CCSale/txt_ChargeDescription' is present

2020-12-24 00:03:06 - [MESSAGE][PASSED] - Text '' is set on object 'Object Repository/VLink/Page_CCSale/txt_ChargeDescription'

2020-12-24 00:03:06 - [MESSAGE][PASSED] - Object 'Object Repository/VLink/Page_CCSale/txt_CAN' is present

2020-12-24 00:03:07 - [MESSAGE][PASSED] - Text '' is set on object 'Object Repository/VLink/Page_CCSale/txt_CAN'

2020-12-24 00:03:07 - [MESSAGE][PASSED] - Object 'Object Repository/VLink/Page_CCSale/txt_BillPaymentIndicator' is present

2020-12-24 00:03:07 - [MESSAGE][PASSED] - Text '' is set on object 'Object Repository/VLink/Page_CCSale/txt_BillPaymentIndicator'

2020-12-24 00:03:08 - [MESSAGE][PASSED] - Object 'Object Repository/VLink/Page_CCSale/txt_UDF1' is present

2020-12-24 00:03:08 - [MESSAGE][PASSED] - Text '' is set on object 'Object Repository/VLink/Page_CCSale/txt_UDF1'

2020-12-24 00:03:09 - [MESSAGE][PASSED] - Object 'Object Repository/VLink/Page_CCSale/txt_UDF2' is present

2020-12-24 00:03:09 - [MESSAGE][PASSED] - Text '' is set on object 'Object Repository/VLink/Page_CCSale/txt_UDF2'

2020-12-24 00:03:10 - [MESSAGE][PASSED] - Object 'Object Repository/VLink/Page_CCSale/txt_UDF3' is present

2020-12-24 00:03:10 - [MESSAGE][PASSED] - Text '' is set on object 'Object Repository/VLink/Page_CCSale/txt_UDF3'

2020-12-24 00:03:11 - [MESSAGE][PASSED] - Object 'Object Repository/VLink/Page_CCSale/txt_UDF4' is present

2020-12-24 00:03:11 - [MESSAGE][PASSED] - Text '' is set on object 'Object Repository/VLink/Page_CCSale/txt_UDF4'

2020-12-24 00:03:12 - [MESSAGE][PASSED] - Object 'Object Repository/VLink/Page_CCSale/txt_UDF5' is present

2020-12-24 00:03:12 - [MESSAGE][PASSED] - Text '' is set on object 'Object Repository/VLink/Page_CCSale/txt_UDF5'

2020-12-24 00:03:13 - [MESSAGE][PASSED] - Object 'Object Repository/VLink/Page_CCSale/txt_UDF6' is present

2020-12-24 00:03:13 - [MESSAGE][PASSED] - Text '' is set on object 'Object Repository/VLink/Page_CCSale/txt_UDF6'

2020-12-24 00:03:14 - [MESSAGE][PASSED] - Object 'Object Repository/VLink/Page_CCSale/txt_UDF7' is present

2020-12-24 00:03:14 - [MESSAGE][PASSED] - Text '' is set on object 'Object Repository/VLink/Page_CCSale/txt_UDF7'

2020-12-24 00:03:15 - [MESSAGE][PASSED] - Object 'Object Repository/VLink/Page_CCSale/txt_UDF8' is present

2020-12-24 00:03:15 - [MESSAGE][PASSED] - Text '' is set on object 'Object Repository/VLink/Page_CCSale/txt_UDF8'

2020-12-24 00:03:16 - [MESSAGE][PASSED] - Object 'Object Repository/VLink/Page_CCSale/txt_UDF9' is present

2020-12-24 00:03:16 - [MESSAGE][PASSED] - Text '' is set on object 'Object Repository/VLink/Page_CCSale/txt_UDF9'

2020-12-24 00:03:16 - [MESSAGE][PASSED] - Object 'Object Repository/VLink/Page_CCSale/txt_UDF10' is present

2020-12-24 00:03:17 - [MESSAGE][PASSED] - Text '' is set on object 'Object Repository/VLink/Page_CCSale/txt_UDF10'

2020-12-24 00:03:17 - [MESSAGE][PASSED] - Object 'Object Repository/VLink/Page_CCSale/txt_CardOnFileIndicator' is present

2020-12-24 00:03:18 - [MESSAGE][PASSED] - Text '' is set on object 'Object Repository/VLink/Page_CCSale/txt_CardOnFileIndicator'

2020-12-24 00:03:18 - [MESSAGE][PASSED] - Object 'Object Repository/VLink/Page_CCSale/txt_StoredCredentialIndicator' is present

2020-12-24 00:03:19 - [MESSAGE][PASSED] - Text '' is set on object 'Object Repository/VLink/Page_CCSale/txt_StoredCredentialIndicator'

2020-12-24 00:03:19 - [MESSAGE][PASSED] - Object 'Object Repository/VLink/Page_CCSale/txt_COFScheduledIndicator' is present

2020-12-24 00:03:20 - [MESSAGE][PASSED] - Text '' is set on object 'Object Repository/VLink/Page_CCSale/txt_COFScheduledIndicator'

2020-12-24 00:03:20 - [MESSAGE][PASSED] - Object 'Object Repository/VLink/Page_CCSale/txt_COFTransactionInitiatedBy' is present

2020-12-24 00:03:21 - [MESSAGE][PASSED] - Text '' is set on object 'Object Repository/VLink/Page_CCSale/txt_COFTransactionInitiatedBy'

2020-12-24 00:03:24 - [MESSAGE][PASSED] - Object: 'Object Repository/VLink/Page_CCSale/btn_ProcessVLinkTransaction' is clicked on

2020-12-24 00:03:29 - [MESSAGE][PASSED] - vlinkPages.saleCCPage.setDataSCC is PASSED

2020-12-24 00:03:29 - [TEST_STEP][PASSED] - if (verifyTextPresent("Transaction approved, no errors", true)): null

2020-12-24 00:03:29 - [MESSAGE][PASSED] - Text 'Transaction approved, no errors' is present on page  using regular expression

2020-12-24 00:03:29 - [TEST_STEP][PASSED] - println("Transaction Approved, no errors text is present on the Confirmation page"): null

2020-12-24 00:03:29 - [TEST_STEP][PASSED] - out.println("Pass Record Number: " + row): null

2020-12-24 00:03:29 - [TEST_STEP][PASSED] - resText = "Pass": null

2020-12-24 00:03:29 - [TEST_STEP][PASSED] - pages.WriteExcel.demoKey(resText, datText, resColumn, datCloumn, fileLoc, nameSheet, row): pages.WriteExcel.demoKey is PASSED

2020-12-24 00:03:29 - [MESSAGE][PASSED] - pages.WriteExcel.demoKey is PASSED

2020-12-24 00:03:29 - [TEST_STEP][PASSED] - sdfo = getText(findTestObject("Object Repository/Page_VLinkReceipt/pre_STX")): Text of object 'Object Repository/Page_VLinkReceipt/pre_STX' is: '<STX>sFaIt23i3XGS                  12088086            0  Transaction approved, no errors                   0                                                                                  X OK4480   <ETX>'

2020-12-24 00:03:29 - [MESSAGE][PASSED] - Text of object 'Object Repository/Page_VLinkReceipt/pre_STX' is: '<STX>sFaIt23i3XGS                  12088086            0  Transaction approved, no errors                   0                                                                                  X OK4480   <ETX>'

2020-12-24 00:03:29 - [TEST_STEP][PASSED] - out.println("sdfo: " + sdfo): null

2020-12-24 00:03:29 - [TEST_STEP][PASSED] - remID = substring(5, 35).trim(): null

2020-12-24 00:03:29 - [TEST_STEP][PASSED] - out.println("Remittance ID: " + remID): null

2020-12-24 00:03:29 - [TEST_STEP][PASSED] - traxID = substring(35, 55).trim(): null

2020-12-24 00:03:29 - [TEST_STEP][PASSED] - out.println("Transaction ID: " + traxID): null

2020-12-24 00:03:29 - [TEST_STEP][PASSED] - out.println("End Record Number: " + row): null

2020-12-24 00:03:29 - [TEST_STEP][PASSED] - closeBrowser(): Browser is closed

2020-12-24 00:03:30 - [MESSAGE][PASSED] - Browser is closed

2020-12-24 00:03:30 - [TEST_STEP][PASSED] - out.println("Begin Record Number: " + row): null

2020-12-24 00:03:30 - [TEST_STEP][PASSED] - today = new java.util.Date(): null

2020-12-24 00:03:30 - [TEST_STEP][PASSED] - println(today): null

2020-12-24 00:03:30 - [TEST_STEP][PASSED] - datText = today: null

2020-12-24 00:03:30 - [TEST_STEP][PASSED] - openBrowser(VLinkURL + "authcap.html"): Browser is opened with url: 'https://dev-algorithm.govolution.com/vlinktest/QA/version_2_0/authcap.html'

2020-12-24 00:03:30 - [MESSAGE][INFO] - Starting 'Chrome' driver

2020-12-24 00:03:30 - [MESSAGE][INFO] - User set preference: ['acceptInsecureCerts', 'true']

2020-12-24 00:03:30 - [MESSAGE][INFO] - Action delay is set to 0 milliseconds

2020-12-24 00:03:34 - [MESSAGE][PASSED] - Browser is opened with url: 'https://dev-algorithm.govolution.com/vlinktest/QA/version_2_0/authcap.html'

2020-12-24 00:03:34 - [TEST_STEP][PASSED] - maximizeWindow(): Current window maximized

2020-12-24 00:03:34 - [MESSAGE][PASSED] - Current window maximized

2020-12-24 00:03:34 - [TEST_STEP][PASSED] - vlinkPages.saleCCPage.setDataSCC(row, dataFile): vlinkPages.saleCCPage.setDataSCC is PASSED

2020-12-24 00:03:36 - [MESSAGE][PASSED] - Object 'Object Repository/VLink/Page_CCSale/txt_CardNumber' is present

2020-12-24 00:03:36 - [MESSAGE][PASSED] - Object 'Object Repository/VLink/Page_CCSale/txt_TransactionType' is present

2020-12-24 00:03:37 - [MESSAGE][PASSED] - Text '104' is set on object 'Object Repository/VLink/Page_CCSale/txt_TransactionType'

2020-12-24 00:03:37 - [MESSAGE][PASSED] - Object 'Object Repository/VLink/Page_CCSale/txt_MessageVersion' is present

2020-12-24 00:03:38 - [MESSAGE][PASSED] - Text '2.0C' is set on object 'Object Repository/VLink/Page_CCSale/txt_MessageVersion'

2020-12-24 00:03:38 - [MESSAGE][PASSED] - Object 'Object Repository/VLink/Page_CCSale/txt_RemID' is present

2020-12-24 00:03:39 - [MESSAGE][PASSED] - Text 'sAzLG5E3pyVT' is set on object 'Object Repository/VLink/Page_CCSale/txt_RemID'

2020-12-24 00:03:39 - [MESSAGE][PASSED] - Object 'Object Repository/VLink/Page_CCSale/txt_ApplicationId' is present

2020-12-24 00:03:40 - [MESSAGE][PASSED] - Text '677' is set on object 'Object Repository/VLink/Page_CCSale/txt_ApplicationId'

2020-12-24 00:03:40 - [MESSAGE][PASSED] - Object 'Object Repository/VLink/Page_CCSale/txt_Username' is present

2020-12-24 00:03:41 - [MESSAGE][PASSED] - Text 'username' is set on object 'Object Repository/VLink/Page_CCSale/txt_Username'

2020-12-24 00:03:41 - [MESSAGE][PASSED] - Object 'Object Repository/VLink/Page_CCSale/txt_Password' is present

2020-12-24 00:03:42 - [MESSAGE][PASSED] - Text 'password' is set on object 'Object Repository/VLink/Page_CCSale/txt_Password'

2020-12-24 00:03:42 - [MESSAGE][PASSED] - Object 'Object Repository/VLink/Page_CCSale/txt_ResponseFormat' is present

2020-12-24 00:03:43 - [MESSAGE][PASSED] - Text 'fixed_width' is set on object 'Object Repository/VLink/Page_CCSale/txt_ResponseFormat'

2020-12-24 00:03:43 - [MESSAGE][PASSED] - Object 'Object Repository/VLink/Page_CCSale/txt_Category' is present

2020-12-24 00:03:43 - [MESSAGE][PASSED] - Text 'RETL' is set on object 'Object Repository/VLink/Page_CCSale/txt_Category'

2020-12-24 00:03:44 - [MESSAGE][PASSED] - Object 'Object Repository/VLink/Page_CCSale/txt_TransactionID' is present

2020-12-24 00:03:44 - [MESSAGE][PASSED] - Text '' is set on object 'Object Repository/VLink/Page_CCSale/txt_TransactionID'

2020-12-24 00:03:44 - [MESSAGE][PASSED] - Object 'Object Repository/VLink/Page_CCSale/txt_ApprovalCode' is present

2020-12-24 00:03:45 - [MESSAGE][PASSED] - Text '' is set on object 'Object Repository/VLink/Page_CCSale/txt_ApprovalCode'

2020-12-24 00:03:45 - [MESSAGE][PASSED] - Object 'Object Repository/VLink/Page_CCSale/txt_CardName' is present

2020-12-24 00:03:46 - [MESSAGE][PASSED] - Text 'Roshan Maha' is set on object 'Object Repository/VLink/Page_CCSale/txt_CardName'

2020-12-24 00:03:46 - [MESSAGE][PASSED] - Object 'Object Repository/VLink/Page_CCSale/txt_AL1' is present

2020-12-24 00:03:47 - [MESSAGE][PASSED] - Text '12563 Bazaar road' is set on object 'Object Repository/VLink/Page_CCSale/txt_AL1'

2020-12-24 00:03:47 - [MESSAGE][PASSED] - Object 'Object Repository/VLink/Page_CCSale/txt_AL2' is present

2020-12-24 00:03:48 - [MESSAGE][PASSED] - Text '' is set on object 'Object Repository/VLink/Page_CCSale/txt_AL2'

2020-12-24 00:03:48 - [MESSAGE][PASSED] - Object 'Object Repository/VLink/Page_CCSale/txt_CardCity' is present

2020-12-24 00:03:49 - [MESSAGE][PASSED] - Text 'Crofton' is set on object 'Object Repository/VLink/Page_CCSale/txt_CardCity'

2020-12-24 00:03:49 - [MESSAGE][PASSED] - Object 'Object Repository/VLink/Page_CCSale/txt_CardState' is present

2020-12-24 00:03:49 - [MESSAGE][PASSED] - Text 'MD' is set on object 'Object Repository/VLink/Page_CCSale/txt_CardState'

2020-12-24 00:03:50 - [MESSAGE][PASSED] - Object 'Object Repository/VLink/Page_CCSale/txt_CardZIP' is present

2020-12-24 00:03:50 - [MESSAGE][PASSED] - Text '21114' is set on object 'Object Repository/VLink/Page_CCSale/txt_CardZIP'

2020-12-24 00:03:51 - [MESSAGE][PASSED] - Object 'Object Repository/VLink/Page_CCSale/txt_CountryID' is present

2020-12-24 00:03:51 - [MESSAGE][PASSED] - Text '' is set on object 'Object Repository/VLink/Page_CCSale/txt_CountryID'

2020-12-24 00:03:52 - [MESSAGE][PASSED] - Object 'Object Repository/VLink/Page_CCSale/txt_Amount' is present

2020-12-24 00:03:52 - [MESSAGE][PASSED] - Text '3.50' is set on object 'Object Repository/VLink/Page_CCSale/txt_Amount'

2020-12-24 00:03:53 - [MESSAGE][PASSED] - Object 'Object Repository/VLink/Page_CCSale/txt_CardNumber' is present

2020-12-24 00:03:53 - [MESSAGE][PASSED] - Text '6011000000000004' is set on object 'Object Repository/VLink/Page_CCSale/txt_CardNumber'

2020-12-24 00:03:54 - [MESSAGE][PASSED] - Object 'Object Repository/VLink/Page_CCSale/txt_ExpMonth' is present

2020-12-24 00:03:54 - [MESSAGE][PASSED] - Text '01' is set on object 'Object Repository/VLink/Page_CCSale/txt_ExpMonth'

2020-12-24 00:03:55 - [MESSAGE][PASSED] - Object 'Object Repository/VLink/Page_CCSale/txt_ExpYear' is present

2020-12-24 00:03:55 - [MESSAGE][PASSED] - Text '2026' is set on object 'Object Repository/VLink/Page_CCSale/txt_ExpYear'

2020-12-24 00:03:56 - [MESSAGE][PASSED] - Object 'Object Repository/VLink/Page_CCSale/txt_CVV' is present

2020-12-24 00:03:56 - [MESSAGE][PASSED] - Text '' is set on object 'Object Repository/VLink/Page_CCSale/txt_CVV'

2020-12-24 00:03:57 - [MESSAGE][PASSED] - Object 'Object Repository/VLink/Page_CCSale/txt_CVVstate' is present

2020-12-24 00:03:57 - [MESSAGE][PASSED] - Text '' is set on object 'Object Repository/VLink/Page_CCSale/txt_CVVstate'

2020-12-24 00:03:58 - [MESSAGE][PASSED] - Object 'Object Repository/VLink/Page_CCSale/txt_TrackData' is present

2020-12-24 00:03:58 - [MESSAGE][PASSED] - Text '' is set on object 'Object Repository/VLink/Page_CCSale/txt_TrackData'

2020-12-24 00:03:58 - [MESSAGE][PASSED] - Object 'Object Repository/VLink/Page_CCSale/txt_Track1Data' is present

2020-12-24 00:03:59 - [MESSAGE][PASSED] - Text '' is set on object 'Object Repository/VLink/Page_CCSale/txt_Track1Data'

2020-12-24 00:03:59 - [MESSAGE][PASSED] - Object 'Object Repository/VLink/Page_CCSale/txt_Track2Data' is present

2020-12-24 00:04:00 - [MESSAGE][PASSED] - Text '' is set on object 'Object Repository/VLink/Page_CCSale/txt_Track2Data'

2020-12-24 00:04:00 - [MESSAGE][PASSED] - Object 'Object Repository/VLink/Page_CCSale/txt_POSEntryMode' is present

2020-12-24 00:04:01 - [MESSAGE][PASSED] - Text 'manual' is set on object 'Object Repository/VLink/Page_CCSale/txt_POSEntryMode'

2020-12-24 00:04:01 - [MESSAGE][PASSED] - Object 'Object Repository/VLink/Page_CCSale/txt_Email' is present

2020-12-24 00:04:02 - [MESSAGE][PASSED] - Text '' is set on object 'Object Repository/VLink/Page_CCSale/txt_Email'

2020-12-24 00:04:02 - [MESSAGE][PASSED] - Object 'Object Repository/VLink/Page_CCSale/txt_OrderNumber' is present

2020-12-24 00:04:03 - [MESSAGE][PASSED] - Text '' is set on object 'Object Repository/VLink/Page_CCSale/txt_OrderNumber'

2020-12-24 00:04:03 - [MESSAGE][PASSED] - Object 'Object Repository/VLink/Page_CCSale/txt_TaxAmount' is present

2020-12-24 00:04:04 - [MESSAGE][PASSED] - Text '' is set on object 'Object Repository/VLink/Page_CCSale/txt_TaxAmount'

2020-12-24 00:04:04 - [MESSAGE][PASSED] - Object 'Object Repository/VLink/Page_CCSale/txt_ChargeDescription' is present

2020-12-24 00:04:05 - [MESSAGE][PASSED] - Text '' is set on object 'Object Repository/VLink/Page_CCSale/txt_ChargeDescription'

2020-12-24 00:04:05 - [MESSAGE][PASSED] - Object 'Object Repository/VLink/Page_CCSale/txt_CAN' is present

2020-12-24 00:04:06 - [MESSAGE][PASSED] - Text '' is set on object 'Object Repository/VLink/Page_CCSale/txt_CAN'

2020-12-24 00:04:06 - [MESSAGE][PASSED] - Object 'Object Repository/VLink/Page_CCSale/txt_BillPaymentIndicator' is present

2020-12-24 00:04:07 - [MESSAGE][PASSED] - Text '' is set on object 'Object Repository/VLink/Page_CCSale/txt_BillPaymentIndicator'

2020-12-24 00:04:07 - [MESSAGE][PASSED] - Object 'Object Repository/VLink/Page_CCSale/txt_UDF1' is present

2020-12-24 00:04:08 - [MESSAGE][PASSED] - Text '' is set on object 'Object Repository/VLink/Page_CCSale/txt_UDF1'

2020-12-24 00:04:08 - [MESSAGE][PASSED] - Object 'Object Repository/VLink/Page_CCSale/txt_UDF2' is present

2020-12-24 00:04:09 - [MESSAGE][PASSED] - Text '' is set on object 'Object Repository/VLink/Page_CCSale/txt_UDF2'

2020-12-24 00:04:09 - [MESSAGE][PASSED] - Object 'Object Repository/VLink/Page_CCSale/txt_UDF3' is present

2020-12-24 00:04:10 - [MESSAGE][PASSED] - Text '' is set on object 'Object Repository/VLink/Page_CCSale/txt_UDF3'

2020-12-24 00:04:10 - [MESSAGE][PASSED] - Object 'Object Repository/VLink/Page_CCSale/txt_UDF4' is present

2020-12-24 00:04:11 - [MESSAGE][PASSED] - Text '' is set on object 'Object Repository/VLink/Page_CCSale/txt_UDF4'

2020-12-24 00:04:11 - [MESSAGE][PASSED] - Object 'Object Repository/VLink/Page_CCSale/txt_UDF5' is present

2020-12-24 00:04:12 - [MESSAGE][PASSED] - Text '' is set on object 'Object Repository/VLink/Page_CCSale/txt_UDF5'

2020-12-24 00:04:12 - [MESSAGE][PASSED] - Object 'Object Repository/VLink/Page_CCSale/txt_UDF6' is present

2020-12-24 00:04:13 - [MESSAGE][PASSED] - Text '' is set on object 'Object Repository/VLink/Page_CCSale/txt_UDF6'

2020-12-24 00:04:13 - [MESSAGE][PASSED] - Object 'Object Repository/VLink/Page_CCSale/txt_UDF7' is present

2020-12-24 00:04:14 - [MESSAGE][PASSED] - Text '' is set on object 'Object Repository/VLink/Page_CCSale/txt_UDF7'

2020-12-24 00:04:14 - [MESSAGE][PASSED] - Object 'Object Repository/VLink/Page_CCSale/txt_UDF8' is present

2020-12-24 00:04:15 - [MESSAGE][PASSED] - Text '' is set on object 'Object Repository/VLink/Page_CCSale/txt_UDF8'

2020-12-24 00:04:15 - [MESSAGE][PASSED] - Object 'Object Repository/VLink/Page_CCSale/txt_UDF9' is present

2020-12-24 00:04:16 - [MESSAGE][PASSED] - Text '' is set on object 'Object Repository/VLink/Page_CCSale/txt_UDF9'

2020-12-24 00:04:16 - [MESSAGE][PASSED] - Object 'Object Repository/VLink/Page_CCSale/txt_UDF10' is present

2020-12-24 00:04:17 - [MESSAGE][PASSED] - Text '' is set on object 'Object Repository/VLink/Page_CCSale/txt_UDF10'

2020-12-24 00:04:17 - [MESSAGE][PASSED] - Object 'Object Repository/VLink/Page_CCSale/txt_CardOnFileIndicator' is present

2020-12-24 00:04:18 - [MESSAGE][PASSED] - Text '' is set on object 'Object Repository/VLink/Page_CCSale/txt_CardOnFileIndicator'

2020-12-24 00:04:18 - [MESSAGE][PASSED] - Object 'Object Repository/VLink/Page_CCSale/txt_StoredCredentialIndicator' is present

2020-12-24 00:04:19 - [MESSAGE][PASSED] - Text '' is set on object 'Object Repository/VLink/Page_CCSale/txt_StoredCredentialIndicator'

2020-12-24 00:04:19 - [MESSAGE][PASSED] - Object 'Object Repository/VLink/Page_CCSale/txt_COFScheduledIndicator' is present

2020-12-24 00:04:19 - [MESSAGE][PASSED] - Text '' is set on object 'Object Repository/VLink/Page_CCSale/txt_COFScheduledIndicator'

2020-12-24 00:04:20 - [MESSAGE][PASSED] - Object 'Object Repository/VLink/Page_CCSale/txt_COFTransactionInitiatedBy' is present

2020-12-24 00:04:20 - [MESSAGE][PASSED] - Text '' is set on object 'Object Repository/VLink/Page_CCSale/txt_COFTransactionInitiatedBy'

2020-12-24 00:04:23 - [MESSAGE][PASSED] - Object: 'Object Repository/VLink/Page_CCSale/btn_ProcessVLinkTransaction' is clicked on

2020-12-24 00:04:28 - [MESSAGE][PASSED] - vlinkPages.saleCCPage.setDataSCC is PASSED

2020-12-24 00:04:28 - [TEST_STEP][PASSED] - if (verifyTextPresent("Transaction approved, no errors", true)): null

2020-12-24 00:04:29 - [MESSAGE][PASSED] - Text 'Transaction approved, no errors' is present on page  using regular expression

2020-12-24 00:04:29 - [TEST_STEP][PASSED] - println("Transaction Approved, no errors text is present on the Confirmation page"): null

2020-12-24 00:04:29 - [TEST_STEP][PASSED] - out.println("Pass Record Number: " + row): null

2020-12-24 00:04:29 - [TEST_STEP][PASSED] - resText = "Pass": null

2020-12-24 00:04:29 - [TEST_STEP][PASSED] - pages.WriteExcel.demoKey(resText, datText, resColumn, datCloumn, fileLoc, nameSheet, row): pages.WriteExcel.demoKey is PASSED

2020-12-24 00:04:29 - [MESSAGE][PASSED] - pages.WriteExcel.demoKey is PASSED

2020-12-24 00:04:29 - [TEST_STEP][PASSED] - sdfo = getText(findTestObject("Object Repository/Page_VLinkReceipt/pre_STX")): Text of object 'Object Repository/Page_VLinkReceipt/pre_STX' is: '<STX>sAzLG5E3pyVT                  12088087            0  Transaction approved, no errors                   0                                                                                  X OK4500   <ETX>'

2020-12-24 00:04:29 - [MESSAGE][PASSED] - Text of object 'Object Repository/Page_VLinkReceipt/pre_STX' is: '<STX>sAzLG5E3pyVT                  12088087            0  Transaction approved, no errors                   0                                                                                  X OK4500   <ETX>'

2020-12-24 00:04:29 - [TEST_STEP][PASSED] - out.println("sdfo: " + sdfo): null

2020-12-24 00:04:29 - [TEST_STEP][PASSED] - remID = substring(5, 35).trim(): null

2020-12-24 00:04:29 - [TEST_STEP][PASSED] - out.println("Remittance ID: " + remID): null

2020-12-24 00:04:29 - [TEST_STEP][PASSED] - traxID = substring(35, 55).trim(): null

2020-12-24 00:04:29 - [TEST_STEP][PASSED] - out.println("Transaction ID: " + traxID): null

2020-12-24 00:04:29 - [TEST_STEP][PASSED] - out.println("End Record Number: " + row): null

2020-12-24 00:04:29 - [TEST_STEP][PASSED] - closeBrowser(): Browser is closed

2020-12-24 00:04:30 - [MESSAGE][PASSED] - Browser is closed

2020-12-24 00:04:30 - [TEST_STEP][PASSED] - out.println("Begin Record Number: " + row): null

2020-12-24 00:04:30 - [TEST_STEP][PASSED] - today = new java.util.Date(): null

2020-12-24 00:04:30 - [TEST_STEP][PASSED] - println(today): null

2020-12-24 00:04:30 - [TEST_STEP][PASSED] - datText = today: null

2020-12-24 00:04:30 - [TEST_STEP][PASSED] - openBrowser(VLinkURL + "authcap.html"): Browser is opened with url: 'https://dev-algorithm.govolution.com/vlinktest/QA/version_2_0/authcap.html'

2020-12-24 00:04:30 - [MESSAGE][INFO] - Starting 'Chrome' driver

2020-12-24 00:04:30 - [MESSAGE][INFO] - User set preference: ['acceptInsecureCerts', 'true']

2020-12-24 00:04:30 - [MESSAGE][INFO] - Action delay is set to 0 milliseconds

2020-12-24 00:04:34 - [MESSAGE][PASSED] - Browser is opened with url: 'https://dev-algorithm.govolution.com/vlinktest/QA/version_2_0/authcap.html'

2020-12-24 00:04:34 - [TEST_STEP][PASSED] - maximizeWindow(): Current window maximized

2020-12-24 00:04:34 - [MESSAGE][PASSED] - Current window maximized

2020-12-24 00:04:34 - [TEST_STEP][PASSED] - vlinkPages.saleCCPage.setDataSCC(row, dataFile): vlinkPages.saleCCPage.setDataSCC is PASSED

2020-12-24 00:04:36 - [MESSAGE][PASSED] - Object 'Object Repository/VLink/Page_CCSale/txt_CardNumber' is present

2020-12-24 00:04:36 - [MESSAGE][PASSED] - Object 'Object Repository/VLink/Page_CCSale/txt_TransactionType' is present

2020-12-24 00:04:37 - [MESSAGE][PASSED] - Text '104' is set on object 'Object Repository/VLink/Page_CCSale/txt_TransactionType'

2020-12-24 00:04:37 - [MESSAGE][PASSED] - Object 'Object Repository/VLink/Page_CCSale/txt_MessageVersion' is present

2020-12-24 00:04:38 - [MESSAGE][PASSED] - Text '2.0C' is set on object 'Object Repository/VLink/Page_CCSale/txt_MessageVersion'

2020-12-24 00:04:38 - [MESSAGE][PASSED] - Object 'Object Repository/VLink/Page_CCSale/txt_RemID' is present

2020-12-24 00:04:39 - [MESSAGE][PASSED] - Text '9JhngpQzjaO7' is set on object 'Object Repository/VLink/Page_CCSale/txt_RemID'

2020-12-24 00:04:39 - [MESSAGE][PASSED] - Object 'Object Repository/VLink/Page_CCSale/txt_ApplicationId' is present

2020-12-24 00:04:39 - [MESSAGE][PASSED] - Text '667' is set on object 'Object Repository/VLink/Page_CCSale/txt_ApplicationId'

2020-12-24 00:04:40 - [MESSAGE][PASSED] - Object 'Object Repository/VLink/Page_CCSale/txt_Username' is present

2020-12-24 00:04:40 - [MESSAGE][PASSED] - Text 'username' is set on object 'Object Repository/VLink/Page_CCSale/txt_Username'

2020-12-24 00:04:41 - [MESSAGE][PASSED] - Object 'Object Repository/VLink/Page_CCSale/txt_Password' is present

2020-12-24 00:04:41 - [MESSAGE][PASSED] - Text 'password' is set on object 'Object Repository/VLink/Page_CCSale/txt_Password'

2020-12-24 00:04:41 - [MESSAGE][PASSED] - Object 'Object Repository/VLink/Page_CCSale/txt_ResponseFormat' is present

2020-12-24 00:04:42 - [MESSAGE][PASSED] - Text 'fixed_width' is set on object 'Object Repository/VLink/Page_CCSale/txt_ResponseFormat'

2020-12-24 00:04:42 - [MESSAGE][PASSED] - Object 'Object Repository/VLink/Page_CCSale/txt_Category' is present

2020-12-24 00:04:43 - [MESSAGE][PASSED] - Text 'ECOM' is set on object 'Object Repository/VLink/Page_CCSale/txt_Category'

2020-12-24 00:04:43 - [MESSAGE][PASSED] - Object 'Object Repository/VLink/Page_CCSale/txt_TransactionID' is present

2020-12-24 00:04:44 - [MESSAGE][PASSED] - Text '' is set on object 'Object Repository/VLink/Page_CCSale/txt_TransactionID'

2020-12-24 00:04:44 - [MESSAGE][PASSED] - Object 'Object Repository/VLink/Page_CCSale/txt_ApprovalCode' is present

2020-12-24 00:04:45 - [MESSAGE][PASSED] - Text '' is set on object 'Object Repository/VLink/Page_CCSale/txt_ApprovalCode'

2020-12-24 00:04:45 - [MESSAGE][PASSED] - Object 'Object Repository/VLink/Page_CCSale/txt_CardName' is present

2020-12-24 00:04:46 - [MESSAGE][PASSED] - Text 'Kris Roshan' is set on object 'Object Repository/VLink/Page_CCSale/txt_CardName'

2020-12-24 00:04:46 - [MESSAGE][PASSED] - Object 'Object Repository/VLink/Page_CCSale/txt_AL1' is present

2020-12-24 00:04:47 - [MESSAGE][PASSED] - Text '258 Elm Road' is set on object 'Object Repository/VLink/Page_CCSale/txt_AL1'

2020-12-24 00:04:47 - [MESSAGE][PASSED] - Object 'Object Repository/VLink/Page_CCSale/txt_AL2' is present

2020-12-24 00:04:48 - [MESSAGE][PASSED] - Text 'Suite 56' is set on object 'Object Repository/VLink/Page_CCSale/txt_AL2'

2020-12-24 00:04:48 - [MESSAGE][PASSED] - Object 'Object Repository/VLink/Page_CCSale/txt_CardCity' is present

2020-12-24 00:04:49 - [MESSAGE][PASSED] - Text 'Arlington' is set on object 'Object Repository/VLink/Page_CCSale/txt_CardCity'

2020-12-24 00:04:49 - [MESSAGE][PASSED] - Object 'Object Repository/VLink/Page_CCSale/txt_CardState' is present

2020-12-24 00:04:50 - [MESSAGE][PASSED] - Text 'VA' is set on object 'Object Repository/VLink/Page_CCSale/txt_CardState'

2020-12-24 00:04:50 - [MESSAGE][PASSED] - Object 'Object Repository/VLink/Page_CCSale/txt_CardZIP' is present

2020-12-24 00:04:51 - [MESSAGE][PASSED] - Text '22201' is set on object 'Object Repository/VLink/Page_CCSale/txt_CardZIP'

2020-12-24 00:04:51 - [MESSAGE][PASSED] - Object 'Object Repository/VLink/Page_CCSale/txt_CountryID' is present

2020-12-24 00:04:52 - [MESSAGE][PASSED] - Text '840' is set on object 'Object Repository/VLink/Page_CCSale/txt_CountryID'

2020-12-24 00:04:52 - [MESSAGE][PASSED] - Object 'Object Repository/VLink/Page_CCSale/txt_Amount' is present

2020-12-24 00:04:53 - [MESSAGE][PASSED] - Text '1.50' is set on object 'Object Repository/VLink/Page_CCSale/txt_Amount'

2020-12-24 00:04:53 - [MESSAGE][PASSED] - Object 'Object Repository/VLink/Page_CCSale/txt_CardNumber' is present

2020-12-24 00:04:54 - [MESSAGE][PASSED] - Text '4111111111111111' is set on object 'Object Repository/VLink/Page_CCSale/txt_CardNumber'

2020-12-24 00:04:54 - [MESSAGE][PASSED] - Object 'Object Repository/VLink/Page_CCSale/txt_ExpMonth' is present

2020-12-24 00:04:55 - [MESSAGE][PASSED] - Text '12' is set on object 'Object Repository/VLink/Page_CCSale/txt_ExpMonth'

2020-12-24 00:04:55 - [MESSAGE][PASSED] - Object 'Object Repository/VLink/Page_CCSale/txt_ExpYear' is present

2020-12-24 00:04:56 - [MESSAGE][PASSED] - Text '2025' is set on object 'Object Repository/VLink/Page_CCSale/txt_ExpYear'

2020-12-24 00:04:56 - [MESSAGE][PASSED] - Object 'Object Repository/VLink/Page_CCSale/txt_CVV' is present

2020-12-24 00:04:57 - [MESSAGE][PASSED] - Text '' is set on object 'Object Repository/VLink/Page_CCSale/txt_CVV'

2020-12-24 00:04:57 - [MESSAGE][PASSED] - Object 'Object Repository/VLink/Page_CCSale/txt_CVVstate' is present

2020-12-24 00:04:58 - [MESSAGE][PASSED] - Text '' is set on object 'Object Repository/VLink/Page_CCSale/txt_CVVstate'

2020-12-24 00:04:58 - [MESSAGE][PASSED] - Object 'Object Repository/VLink/Page_CCSale/txt_TrackData' is present

2020-12-24 00:04:59 - [MESSAGE][PASSED] - Text '' is set on object 'Object Repository/VLink/Page_CCSale/txt_TrackData'

2020-12-24 00:04:59 - [MESSAGE][PASSED] - Object 'Object Repository/VLink/Page_CCSale/txt_Track1Data' is present

2020-12-24 00:05:00 - [MESSAGE][PASSED] - Text '' is set on object 'Object Repository/VLink/Page_CCSale/txt_Track1Data'

2020-12-24 00:05:00 - [MESSAGE][PASSED] - Object 'Object Repository/VLink/Page_CCSale/txt_Track2Data' is present

2020-12-24 00:05:01 - [MESSAGE][PASSED] - Text '' is set on object 'Object Repository/VLink/Page_CCSale/txt_Track2Data'

2020-12-24 00:05:01 - [MESSAGE][PASSED] - Object 'Object Repository/VLink/Page_CCSale/txt_POSEntryMode' is present

2020-12-24 00:05:02 - [MESSAGE][PASSED] - Text 'manual' is set on object 'Object Repository/VLink/Page_CCSale/txt_POSEntryMode'

2020-12-24 00:05:02 - [MESSAGE][PASSED] - Object 'Object Repository/VLink/Page_CCSale/txt_Email' is present

2020-12-24 00:05:03 - [MESSAGE][PASSED] - Text 'iahmed@govolution.com' is set on object 'Object Repository/VLink/Page_CCSale/txt_Email'

2020-12-24 00:05:03 - [MESSAGE][PASSED] - Object 'Object Repository/VLink/Page_CCSale/txt_OrderNumber' is present

2020-12-24 00:05:04 - [MESSAGE][PASSED] - Text '2569362' is set on object 'Object Repository/VLink/Page_CCSale/txt_OrderNumber'

2020-12-24 00:05:04 - [MESSAGE][PASSED] - Object 'Object Repository/VLink/Page_CCSale/txt_TaxAmount' is present

2020-12-24 00:05:04 - [MESSAGE][PASSED] - Text '1.15' is set on object 'Object Repository/VLink/Page_CCSale/txt_TaxAmount'

2020-12-24 00:05:05 - [MESSAGE][PASSED] - Object 'Object Repository/VLink/Page_CCSale/txt_ChargeDescription' is present

2020-12-24 00:05:05 - [MESSAGE][PASSED] - Text 'Charge Description' is set on object 'Object Repository/VLink/Page_CCSale/txt_ChargeDescription'

2020-12-24 00:05:06 - [MESSAGE][PASSED] - Object 'Object Repository/VLink/Page_CCSale/txt_CAN' is present

2020-12-24 00:05:06 - [MESSAGE][PASSED] - Text '147357' is set on object 'Object Repository/VLink/Page_CCSale/txt_CAN'

2020-12-24 00:05:07 - [MESSAGE][PASSED] - Object 'Object Repository/VLink/Page_CCSale/txt_BillPaymentIndicator' is present

2020-12-24 00:05:07 - [MESSAGE][PASSED] - Text '1' is set on object 'Object Repository/VLink/Page_CCSale/txt_BillPaymentIndicator'

2020-12-24 00:05:08 - [MESSAGE][PASSED] - Object 'Object Repository/VLink/Page_CCSale/txt_UDF1' is present

2020-12-24 00:05:08 - [MESSAGE][PASSED] - Text 'UDF Data 1' is set on object 'Object Repository/VLink/Page_CCSale/txt_UDF1'

2020-12-24 00:05:09 - [MESSAGE][PASSED] - Object 'Object Repository/VLink/Page_CCSale/txt_UDF2' is present

2020-12-24 00:05:09 - [MESSAGE][PASSED] - Text 'UDF Data 2' is set on object 'Object Repository/VLink/Page_CCSale/txt_UDF2'

2020-12-24 00:05:10 - [MESSAGE][PASSED] - Object 'Object Repository/VLink/Page_CCSale/txt_UDF3' is present

2020-12-24 00:05:10 - [MESSAGE][PASSED] - Text 'UDF Data 3' is set on object 'Object Repository/VLink/Page_CCSale/txt_UDF3'

2020-12-24 00:05:11 - [MESSAGE][PASSED] - Object 'Object Repository/VLink/Page_CCSale/txt_UDF4' is present

2020-12-24 00:05:11 - [MESSAGE][PASSED] - Text 'UDF Data 4' is set on object 'Object Repository/VLink/Page_CCSale/txt_UDF4'

2020-12-24 00:05:12 - [MESSAGE][PASSED] - Object 'Object Repository/VLink/Page_CCSale/txt_UDF5' is present

2020-12-24 00:05:12 - [MESSAGE][PASSED] - Text 'UDF Data 5' is set on object 'Object Repository/VLink/Page_CCSale/txt_UDF5'

2020-12-24 00:05:13 - [MESSAGE][PASSED] - Object 'Object Repository/VLink/Page_CCSale/txt_UDF6' is present

2020-12-24 00:05:13 - [MESSAGE][PASSED] - Text 'UDF Data 6' is set on object 'Object Repository/VLink/Page_CCSale/txt_UDF6'

2020-12-24 00:05:14 - [MESSAGE][PASSED] - Object 'Object Repository/VLink/Page_CCSale/txt_UDF7' is present

2020-12-24 00:05:14 - [MESSAGE][PASSED] - Text 'UDF Data 7' is set on object 'Object Repository/VLink/Page_CCSale/txt_UDF7'

2020-12-24 00:05:15 - [MESSAGE][PASSED] - Object 'Object Repository/VLink/Page_CCSale/txt_UDF8' is present

2020-12-24 00:05:15 - [MESSAGE][PASSED] - Text 'UDF Data 8' is set on object 'Object Repository/VLink/Page_CCSale/txt_UDF8'

2020-12-24 00:05:16 - [MESSAGE][PASSED] - Object 'Object Repository/VLink/Page_CCSale/txt_UDF9' is present

2020-12-24 00:05:16 - [MESSAGE][PASSED] - Text 'UDF Data 9' is set on object 'Object Repository/VLink/Page_CCSale/txt_UDF9'

2020-12-24 00:05:17 - [MESSAGE][PASSED] - Object 'Object Repository/VLink/Page_CCSale/txt_UDF10' is present

2020-12-24 00:05:17 - [MESSAGE][PASSED] - Text 'UDF Data 10' is set on object 'Object Repository/VLink/Page_CCSale/txt_UDF10'

2020-12-24 00:05:18 - [MESSAGE][PASSED] - Object 'Object Repository/VLink/Page_CCSale/txt_CardOnFileIndicator' is present

2020-12-24 00:05:18 - [MESSAGE][PASSED] - Text '' is set on object 'Object Repository/VLink/Page_CCSale/txt_CardOnFileIndicator'

2020-12-24 00:05:18 - [MESSAGE][PASSED] - Object 'Object Repository/VLink/Page_CCSale/txt_StoredCredentialIndicator' is present

2020-12-24 00:05:19 - [MESSAGE][PASSED] - Text '' is set on object 'Object Repository/VLink/Page_CCSale/txt_StoredCredentialIndicator'

2020-12-24 00:05:19 - [MESSAGE][PASSED] - Object 'Object Repository/VLink/Page_CCSale/txt_COFScheduledIndicator' is present

2020-12-24 00:05:20 - [MESSAGE][PASSED] - Text '' is set on object 'Object Repository/VLink/Page_CCSale/txt_COFScheduledIndicator'

2020-12-24 00:05:20 - [MESSAGE][PASSED] - Object 'Object Repository/VLink/Page_CCSale/txt_COFTransactionInitiatedBy' is present

2020-12-24 00:05:21 - [MESSAGE][PASSED] - Text '' is set on object 'Object Repository/VLink/Page_CCSale/txt_COFTransactionInitiatedBy'

2020-12-24 00:05:25 - [MESSAGE][PASSED] - Object: 'Object Repository/VLink/Page_CCSale/btn_ProcessVLinkTransaction' is clicked on

2020-12-24 00:05:30 - [MESSAGE][PASSED] - vlinkPages.saleCCPage.setDataSCC is PASSED

2020-12-24 00:05:30 - [TEST_STEP][FAILED] - if (verifyTextPresent("Transaction approved, no errors", true)): Text 'Transaction approved, no errors' is not present on page  using regular expression (Root cause: com.kms.katalon.core.exception.StepFailedException: Text 'Transaction approved, no errors' is not present on page  using regular expression
	at com.kms.katalon.core.webui.keyword.internal.WebUIKeywordMain.stepFailed(WebUIKeywordMain.groovy:64)
	at com.kms.katalon.core.webui.keyword.builtin.VerifyTextPresentKeyword$_verifyTextPresent_closure1.doCall(VerifyTextPresentKeyword.groovy:79)
	at com.kms.katalon.core.webui.keyword.builtin.VerifyTextPresentKeyword$_verifyTextPresent_closure1.call(VerifyTextPresentKeyword.groovy)
	at com.kms.katalon.core.webui.keyword.internal.WebUIKeywordMain.runKeyword(WebUIKeywordMain.groovy:20)
	at com.kms.katalon.core.webui.keyword.builtin.VerifyTextPresentKeyword.verifyTextPresent(VerifyTextPresentKeyword.groovy:83)
	at com.kms.katalon.core.webui.keyword.builtin.VerifyTextPresentKeyword.execute(VerifyTextPresentKeyword.groovy:68)
	at com.kms.katalon.core.keyword.internal.KeywordExecutor.executeKeywordForPlatform(KeywordExecutor.groovy:72)
	at com.kms.katalon.core.webui.keyword.WebUiBuiltInKeywords.verifyTextPresent(WebUiBuiltInKeywords.groovy:1719)
	at com.kms.katalon.core.webui.keyword.WebUiBuiltInKeywords$verifyTextPresent$4.call(Unknown Source)
	at VLinkSale-Successful.run(VLinkSale-Successful:76)
	at com.kms.katalon.core.main.ScriptEngine.run(ScriptEngine.java:194)
	at com.kms.katalon.core.main.ScriptEngine.runScriptAsRawText(ScriptEngine.java:119)
	at com.kms.katalon.core.main.TestCaseExecutor.runScript(TestCaseExecutor.java:337)
	at com.kms.katalon.core.main.TestCaseExecutor.doExecute(TestCaseExecutor.java:328)
	at com.kms.katalon.core.main.TestCaseExecutor.processExecutionPhase(TestCaseExecutor.java:307)
	at com.kms.katalon.core.main.TestCaseExecutor.accessMainPhase(TestCaseExecutor.java:299)
	at com.kms.katalon.core.main.TestCaseExecutor.execute(TestCaseExecutor.java:233)
	at com.kms.katalon.core.main.TestSuiteExecutor.accessTestCaseMainPhase(TestSuiteExecutor.java:169)
	at com.kms.katalon.core.main.TestSuiteExecutor.accessTestSuiteMainPhase(TestSuiteExecutor.java:142)
	at com.kms.katalon.core.main.TestSuiteExecutor.execute(TestSuiteExecutor.java:91)
	at com.kms.katalon.core.main.TestCaseMain.startTestSuite(TestCaseMain.java:157)
	at com.kms.katalon.core.main.TestCaseMain$startTestSuite$0.call(Unknown Source)
	at TempTestSuite1608784106629.run(TempTestSuite1608784106629.groovy:37)
)

2020-12-24 00:05:30 - [MESSAGE][FAILED] - Text 'Transaction approved, no errors' is not present on page  using regular expression (Root cause: com.kms.katalon.core.exception.StepFailedException: Text 'Transaction approved, no errors' is not present on page  using regular expression
	at com.kms.katalon.core.webui.keyword.internal.WebUIKeywordMain.stepFailed(WebUIKeywordMain.groovy:64)
	at com.kms.katalon.core.webui.keyword.builtin.VerifyTextPresentKeyword$_verifyTextPresent_closure1.doCall(VerifyTextPresentKeyword.groovy:79)
	at com.kms.katalon.core.webui.keyword.builtin.VerifyTextPresentKeyword$_verifyTextPresent_closure1.call(VerifyTextPresentKeyword.groovy)
	at com.kms.katalon.core.webui.keyword.internal.WebUIKeywordMain.runKeyword(WebUIKeywordMain.groovy:20)
	at com.kms.katalon.core.webui.keyword.builtin.VerifyTextPresentKeyword.verifyTextPresent(VerifyTextPresentKeyword.groovy:83)
	at com.kms.katalon.core.webui.keyword.builtin.VerifyTextPresentKeyword.execute(VerifyTextPresentKeyword.groovy:68)
	at com.kms.katalon.core.keyword.internal.KeywordExecutor.executeKeywordForPlatform(KeywordExecutor.groovy:72)
	at com.kms.katalon.core.webui.keyword.WebUiBuiltInKeywords.verifyTextPresent(WebUiBuiltInKeywords.groovy:1719)
	at com.kms.katalon.core.webui.keyword.WebUiBuiltInKeywords$verifyTextPresent$4.call(Unknown Source)
	at VLinkSale-Successful.run(VLinkSale-Successful:76)
	at com.kms.katalon.core.main.ScriptEngine.run(ScriptEngine.java:194)
	at com.kms.katalon.core.main.ScriptEngine.runScriptAsRawText(ScriptEngine.java:119)
	at com.kms.katalon.core.main.TestCaseExecutor.runScript(TestCaseExecutor.java:337)
	at com.kms.katalon.core.main.TestCaseExecutor.doExecute(TestCaseExecutor.java:328)
	at com.kms.katalon.core.main.TestCaseExecutor.processExecutionPhase(TestCaseExecutor.java:307)
	at com.kms.katalon.core.main.TestCaseExecutor.accessMainPhase(TestCaseExecutor.java:299)
	at com.kms.katalon.core.main.TestCaseExecutor.execute(TestCaseExecutor.java:233)
	at com.kms.katalon.core.main.TestSuiteExecutor.accessTestCaseMainPhase(TestSuiteExecutor.java:169)
	at com.kms.katalon.core.main.TestSuiteExecutor.accessTestSuiteMainPhase(TestSuiteExecutor.java:142)
	at com.kms.katalon.core.main.TestSuiteExecutor.execute(TestSuiteExecutor.java:91)
	at com.kms.katalon.core.main.TestCaseMain.startTestSuite(TestCaseMain.java:157)
	at com.kms.katalon.core.main.TestCaseMain$startTestSuite$0.call(Unknown Source)
	at TempTestSuite1608784106629.run(TempTestSuite1608784106629.groovy:37)
)

2020-12-24 00:05:30 - [TEST_STEP][PASSED] - else: pages.WriteExcel.demoKey is PASSED

2020-12-24 00:05:30 - [TEST_STEP][PASSED] - println("Transaction Approved, no errors text is not present on the Confirmation page"): null

2020-12-24 00:05:30 - [TEST_STEP][PASSED] - out.println("Fail Record Number: " + row): null

2020-12-24 00:05:30 - [TEST_STEP][PASSED] - resText = "Fail": null

2020-12-24 00:05:30 - [TEST_STEP][PASSED] - pages.WriteExcel.demoKey(resText, datText, resColumn, datCloumn, fileLoc, nameSheet, row): pages.WriteExcel.demoKey is PASSED

2020-12-24 00:05:30 - [MESSAGE][PASSED] - pages.WriteExcel.demoKey is PASSED

2020-12-24 00:05:30 - [TEST_STEP][PASSED] - sdfo = getText(findTestObject("Object Repository/Page_VLinkReceipt/pre_STX")): Text of object 'Object Repository/Page_VLinkReceipt/pre_STX' is: '<STX>9JhngpQzjaO7                  12088089            2  Transaction failed                                105Processor reported error                                                                   <ETX>'

2020-12-24 00:05:30 - [MESSAGE][PASSED] - Text of object 'Object Repository/Page_VLinkReceipt/pre_STX' is: '<STX>9JhngpQzjaO7                  12088089            2  Transaction failed                                105Processor reported error                                                                   <ETX>'

2020-12-24 00:05:30 - [TEST_STEP][PASSED] - out.println("sdfo: " + sdfo): null

2020-12-24 00:05:30 - [TEST_STEP][PASSED] - remID = substring(5, 35).trim(): null

2020-12-24 00:05:30 - [TEST_STEP][PASSED] - out.println("Remittance ID: " + remID): null

2020-12-24 00:05:30 - [TEST_STEP][PASSED] - traxID = substring(35, 55).trim(): null

2020-12-24 00:05:30 - [TEST_STEP][PASSED] - out.println("Transaction ID: " + traxID): null

2020-12-24 00:05:30 - [TEST_STEP][PASSED] - out.println("End Record Number: " + row): null

2020-12-24 00:05:30 - [TEST_STEP][PASSED] - closeBrowser(): Browser is closed

2020-12-24 00:05:31 - [MESSAGE][PASSED] - Browser is closed

2020-12-24 00:05:31 - [TEST_STEP][PASSED] - out.println("Begin Record Number: " + row): null

2020-12-24 00:05:31 - [TEST_STEP][PASSED] - today = new java.util.Date(): null

2020-12-24 00:05:31 - [TEST_STEP][PASSED] - println(today): null

2020-12-24 00:05:31 - [TEST_STEP][PASSED] - datText = today: null

2020-12-24 00:05:31 - [TEST_STEP][PASSED] - openBrowser(VLinkURL + "authcap.html"): Browser is opened with url: 'https://dev-algorithm.govolution.com/vlinktest/QA/version_2_0/authcap.html'

2020-12-24 00:05:31 - [MESSAGE][INFO] - Starting 'Chrome' driver

2020-12-24 00:05:31 - [MESSAGE][INFO] - User set preference: ['acceptInsecureCerts', 'true']

2020-12-24 00:05:31 - [MESSAGE][INFO] - Action delay is set to 0 milliseconds

2020-12-24 00:05:35 - [MESSAGE][PASSED] - Browser is opened with url: 'https://dev-algorithm.govolution.com/vlinktest/QA/version_2_0/authcap.html'

2020-12-24 00:05:35 - [TEST_STEP][PASSED] - maximizeWindow(): Current window maximized

2020-12-24 00:05:35 - [MESSAGE][PASSED] - Current window maximized

2020-12-24 00:05:35 - [TEST_STEP][PASSED] - vlinkPages.saleCCPage.setDataSCC(row, dataFile): vlinkPages.saleCCPage.setDataSCC is PASSED

2020-12-24 00:05:37 - [MESSAGE][PASSED] - Object 'Object Repository/VLink/Page_CCSale/txt_CardNumber' is present

2020-12-24 00:05:37 - [MESSAGE][PASSED] - Object 'Object Repository/VLink/Page_CCSale/txt_TransactionType' is present

2020-12-24 00:05:38 - [MESSAGE][PASSED] - Text '104' is set on object 'Object Repository/VLink/Page_CCSale/txt_TransactionType'

2020-12-24 00:05:38 - [MESSAGE][PASSED] - Object 'Object Repository/VLink/Page_CCSale/txt_MessageVersion' is present

2020-12-24 00:05:39 - [MESSAGE][PASSED] - Text '2.0C' is set on object 'Object Repository/VLink/Page_CCSale/txt_MessageVersion'

2020-12-24 00:05:39 - [MESSAGE][PASSED] - Object 'Object Repository/VLink/Page_CCSale/txt_RemID' is present

2020-12-24 00:05:39 - [MESSAGE][PASSED] - Text 'KwP3vBMiyVGy' is set on object 'Object Repository/VLink/Page_CCSale/txt_RemID'

2020-12-24 00:05:40 - [MESSAGE][PASSED] - Object 'Object Repository/VLink/Page_CCSale/txt_ApplicationId' is present

2020-12-24 00:05:40 - [MESSAGE][PASSED] - Text '667' is set on object 'Object Repository/VLink/Page_CCSale/txt_ApplicationId'

2020-12-24 00:05:41 - [MESSAGE][PASSED] - Object 'Object Repository/VLink/Page_CCSale/txt_Username' is present

2020-12-24 00:05:41 - [MESSAGE][PASSED] - Text 'username' is set on object 'Object Repository/VLink/Page_CCSale/txt_Username'

2020-12-24 00:05:41 - [MESSAGE][PASSED] - Object 'Object Repository/VLink/Page_CCSale/txt_Password' is present

2020-12-24 00:05:42 - [MESSAGE][PASSED] - Text 'password' is set on object 'Object Repository/VLink/Page_CCSale/txt_Password'

2020-12-24 00:05:42 - [MESSAGE][PASSED] - Object 'Object Repository/VLink/Page_CCSale/txt_ResponseFormat' is present

2020-12-24 00:05:43 - [MESSAGE][PASSED] - Text 'fixed_width' is set on object 'Object Repository/VLink/Page_CCSale/txt_ResponseFormat'

2020-12-24 00:05:43 - [MESSAGE][PASSED] - Object 'Object Repository/VLink/Page_CCSale/txt_Category' is present

2020-12-24 00:05:44 - [MESSAGE][PASSED] - Text 'ECOM' is set on object 'Object Repository/VLink/Page_CCSale/txt_Category'

2020-12-24 00:05:44 - [MESSAGE][PASSED] - Object 'Object Repository/VLink/Page_CCSale/txt_TransactionID' is present

2020-12-24 00:05:45 - [MESSAGE][PASSED] - Text '' is set on object 'Object Repository/VLink/Page_CCSale/txt_TransactionID'

2020-12-24 00:05:45 - [MESSAGE][PASSED] - Object 'Object Repository/VLink/Page_CCSale/txt_ApprovalCode' is present

2020-12-24 00:05:46 - [MESSAGE][PASSED] - Text '' is set on object 'Object Repository/VLink/Page_CCSale/txt_ApprovalCode'

2020-12-24 00:05:46 - [MESSAGE][PASSED] - Object 'Object Repository/VLink/Page_CCSale/txt_CardName' is present

2020-12-24 00:05:46 - [MESSAGE][PASSED] - Text 'Arvind Silva' is set on object 'Object Repository/VLink/Page_CCSale/txt_CardName'

2020-12-24 00:05:47 - [MESSAGE][PASSED] - Object 'Object Repository/VLink/Page_CCSale/txt_AL1' is present

2020-12-24 00:05:47 - [MESSAGE][PASSED] - Text '111 Main Ave' is set on object 'Object Repository/VLink/Page_CCSale/txt_AL1'

2020-12-24 00:05:48 - [MESSAGE][PASSED] - Object 'Object Repository/VLink/Page_CCSale/txt_AL2' is present

2020-12-24 00:05:48 - [MESSAGE][PASSED] - Text '' is set on object 'Object Repository/VLink/Page_CCSale/txt_AL2'

2020-12-24 00:05:49 - [MESSAGE][PASSED] - Object 'Object Repository/VLink/Page_CCSale/txt_CardCity' is present

2020-12-24 00:05:49 - [MESSAGE][PASSED] - Text 'Arlington' is set on object 'Object Repository/VLink/Page_CCSale/txt_CardCity'

2020-12-24 00:05:50 - [MESSAGE][PASSED] - Object 'Object Repository/VLink/Page_CCSale/txt_CardState' is present

2020-12-24 00:05:50 - [MESSAGE][PASSED] - Text 'VA' is set on object 'Object Repository/VLink/Page_CCSale/txt_CardState'

2020-12-24 00:05:51 - [MESSAGE][PASSED] - Object 'Object Repository/VLink/Page_CCSale/txt_CardZIP' is present

2020-12-24 00:05:51 - [MESSAGE][PASSED] - Text '22201' is set on object 'Object Repository/VLink/Page_CCSale/txt_CardZIP'

2020-12-24 00:05:52 - [MESSAGE][PASSED] - Object 'Object Repository/VLink/Page_CCSale/txt_CountryID' is present

2020-12-24 00:05:52 - [MESSAGE][PASSED] - Text '' is set on object 'Object Repository/VLink/Page_CCSale/txt_CountryID'

2020-12-24 00:05:53 - [MESSAGE][PASSED] - Object 'Object Repository/VLink/Page_CCSale/txt_Amount' is present

2020-12-24 00:05:53 - [MESSAGE][PASSED] - Text '2.50' is set on object 'Object Repository/VLink/Page_CCSale/txt_Amount'

2020-12-24 00:05:54 - [MESSAGE][PASSED] - Object 'Object Repository/VLink/Page_CCSale/txt_CardNumber' is present

2020-12-24 00:05:54 - [MESSAGE][PASSED] - Text '5424000000000015' is set on object 'Object Repository/VLink/Page_CCSale/txt_CardNumber'

2020-12-24 00:05:55 - [MESSAGE][PASSED] - Object 'Object Repository/VLink/Page_CCSale/txt_ExpMonth' is present

2020-12-24 00:05:55 - [MESSAGE][PASSED] - Text '01' is set on object 'Object Repository/VLink/Page_CCSale/txt_ExpMonth'

2020-12-24 00:05:56 - [MESSAGE][PASSED] - Object 'Object Repository/VLink/Page_CCSale/txt_ExpYear' is present

2020-12-24 00:05:56 - [MESSAGE][PASSED] - Text '2026' is set on object 'Object Repository/VLink/Page_CCSale/txt_ExpYear'

2020-12-24 00:05:57 - [MESSAGE][PASSED] - Object 'Object Repository/VLink/Page_CCSale/txt_CVV' is present

2020-12-24 00:05:57 - [MESSAGE][PASSED] - Text '' is set on object 'Object Repository/VLink/Page_CCSale/txt_CVV'

2020-12-24 00:05:58 - [MESSAGE][PASSED] - Object 'Object Repository/VLink/Page_CCSale/txt_CVVstate' is present

2020-12-24 00:05:58 - [MESSAGE][PASSED] - Text '' is set on object 'Object Repository/VLink/Page_CCSale/txt_CVVstate'

2020-12-24 00:05:59 - [MESSAGE][PASSED] - Object 'Object Repository/VLink/Page_CCSale/txt_TrackData' is present

2020-12-24 00:05:59 - [MESSAGE][PASSED] - Text '' is set on object 'Object Repository/VLink/Page_CCSale/txt_TrackData'

2020-12-24 00:06:00 - [MESSAGE][PASSED] - Object 'Object Repository/VLink/Page_CCSale/txt_Track1Data' is present

2020-12-24 00:06:00 - [MESSAGE][PASSED] - Text '' is set on object 'Object Repository/VLink/Page_CCSale/txt_Track1Data'

2020-12-24 00:06:01 - [MESSAGE][PASSED] - Object 'Object Repository/VLink/Page_CCSale/txt_Track2Data' is present

2020-12-24 00:06:01 - [MESSAGE][PASSED] - Text '' is set on object 'Object Repository/VLink/Page_CCSale/txt_Track2Data'

2020-12-24 00:06:02 - [MESSAGE][PASSED] - Object 'Object Repository/VLink/Page_CCSale/txt_POSEntryMode' is present

2020-12-24 00:06:02 - [MESSAGE][PASSED] - Text 'manual' is set on object 'Object Repository/VLink/Page_CCSale/txt_POSEntryMode'

2020-12-24 00:06:02 - [MESSAGE][PASSED] - Object 'Object Repository/VLink/Page_CCSale/txt_Email' is present

2020-12-24 00:06:03 - [MESSAGE][PASSED] - Text '' is set on object 'Object Repository/VLink/Page_CCSale/txt_Email'

2020-12-24 00:06:03 - [MESSAGE][PASSED] - Object 'Object Repository/VLink/Page_CCSale/txt_OrderNumber' is present

2020-12-24 00:06:04 - [MESSAGE][PASSED] - Text '' is set on object 'Object Repository/VLink/Page_CCSale/txt_OrderNumber'

2020-12-24 00:06:04 - [MESSAGE][PASSED] - Object 'Object Repository/VLink/Page_CCSale/txt_TaxAmount' is present

2020-12-24 00:06:05 - [MESSAGE][PASSED] - Text '' is set on object 'Object Repository/VLink/Page_CCSale/txt_TaxAmount'

2020-12-24 00:06:05 - [MESSAGE][PASSED] - Object 'Object Repository/VLink/Page_CCSale/txt_ChargeDescription' is present

2020-12-24 00:06:06 - [MESSAGE][PASSED] - Text '' is set on object 'Object Repository/VLink/Page_CCSale/txt_ChargeDescription'

2020-12-24 00:06:06 - [MESSAGE][PASSED] - Object 'Object Repository/VLink/Page_CCSale/txt_CAN' is present

2020-12-24 00:06:07 - [MESSAGE][PASSED] - Text '' is set on object 'Object Repository/VLink/Page_CCSale/txt_CAN'

2020-12-24 00:06:07 - [MESSAGE][PASSED] - Object 'Object Repository/VLink/Page_CCSale/txt_BillPaymentIndicator' is present

2020-12-24 00:06:08 - [MESSAGE][PASSED] - Text '' is set on object 'Object Repository/VLink/Page_CCSale/txt_BillPaymentIndicator'

2020-12-24 00:06:08 - [MESSAGE][PASSED] - Object 'Object Repository/VLink/Page_CCSale/txt_UDF1' is present

2020-12-24 00:06:09 - [MESSAGE][PASSED] - Text '' is set on object 'Object Repository/VLink/Page_CCSale/txt_UDF1'

2020-12-24 00:06:09 - [MESSAGE][PASSED] - Object 'Object Repository/VLink/Page_CCSale/txt_UDF2' is present

2020-12-24 00:06:10 - [MESSAGE][PASSED] - Text '' is set on object 'Object Repository/VLink/Page_CCSale/txt_UDF2'

2020-12-24 00:06:10 - [MESSAGE][PASSED] - Object 'Object Repository/VLink/Page_CCSale/txt_UDF3' is present

2020-12-24 00:06:11 - [MESSAGE][PASSED] - Text '' is set on object 'Object Repository/VLink/Page_CCSale/txt_UDF3'

2020-12-24 00:06:11 - [MESSAGE][PASSED] - Object 'Object Repository/VLink/Page_CCSale/txt_UDF4' is present

2020-12-24 00:06:12 - [MESSAGE][PASSED] - Text '' is set on object 'Object Repository/VLink/Page_CCSale/txt_UDF4'

2020-12-24 00:06:12 - [MESSAGE][PASSED] - Object 'Object Repository/VLink/Page_CCSale/txt_UDF5' is present

2020-12-24 00:06:13 - [MESSAGE][PASSED] - Text '' is set on object 'Object Repository/VLink/Page_CCSale/txt_UDF5'

2020-12-24 00:06:13 - [MESSAGE][PASSED] - Object 'Object Repository/VLink/Page_CCSale/txt_UDF6' is present

2020-12-24 00:06:14 - [MESSAGE][PASSED] - Text '' is set on object 'Object Repository/VLink/Page_CCSale/txt_UDF6'

2020-12-24 00:06:14 - [MESSAGE][PASSED] - Object 'Object Repository/VLink/Page_CCSale/txt_UDF7' is present

2020-12-24 00:06:15 - [MESSAGE][PASSED] - Text '' is set on object 'Object Repository/VLink/Page_CCSale/txt_UDF7'

2020-12-24 00:06:15 - [MESSAGE][PASSED] - Object 'Object Repository/VLink/Page_CCSale/txt_UDF8' is present

2020-12-24 00:06:16 - [MESSAGE][PASSED] - Text '' is set on object 'Object Repository/VLink/Page_CCSale/txt_UDF8'

2020-12-24 00:06:16 - [MESSAGE][PASSED] - Object 'Object Repository/VLink/Page_CCSale/txt_UDF9' is present

2020-12-24 00:06:17 - [MESSAGE][PASSED] - Text '' is set on object 'Object Repository/VLink/Page_CCSale/txt_UDF9'

2020-12-24 00:06:17 - [MESSAGE][PASSED] - Object 'Object Repository/VLink/Page_CCSale/txt_UDF10' is present

2020-12-24 00:06:18 - [MESSAGE][PASSED] - Text '' is set on object 'Object Repository/VLink/Page_CCSale/txt_UDF10'

2020-12-24 00:06:18 - [MESSAGE][PASSED] - Object 'Object Repository/VLink/Page_CCSale/txt_CardOnFileIndicator' is present

2020-12-24 00:06:19 - [MESSAGE][PASSED] - Text '' is set on object 'Object Repository/VLink/Page_CCSale/txt_CardOnFileIndicator'

2020-12-24 00:06:19 - [MESSAGE][PASSED] - Object 'Object Repository/VLink/Page_CCSale/txt_StoredCredentialIndicator' is present

2020-12-24 00:06:20 - [MESSAGE][PASSED] - Text '' is set on object 'Object Repository/VLink/Page_CCSale/txt_StoredCredentialIndicator'

2020-12-24 00:06:20 - [MESSAGE][PASSED] - Object 'Object Repository/VLink/Page_CCSale/txt_COFScheduledIndicator' is present

2020-12-24 00:06:21 - [MESSAGE][PASSED] - Text '' is set on object 'Object Repository/VLink/Page_CCSale/txt_COFScheduledIndicator'

2020-12-24 00:06:21 - [MESSAGE][PASSED] - Object 'Object Repository/VLink/Page_CCSale/txt_COFTransactionInitiatedBy' is present

2020-12-24 00:06:22 - [MESSAGE][PASSED] - Text '' is set on object 'Object Repository/VLink/Page_CCSale/txt_COFTransactionInitiatedBy'

2020-12-24 00:06:25 - [MESSAGE][PASSED] - Object: 'Object Repository/VLink/Page_CCSale/btn_ProcessVLinkTransaction' is clicked on

2020-12-24 00:06:30 - [MESSAGE][PASSED] - vlinkPages.saleCCPage.setDataSCC is PASSED

2020-12-24 00:06:30 - [TEST_STEP][PASSED] - if (verifyTextPresent("Transaction approved, no errors", true)): null

2020-12-24 00:06:31 - [MESSAGE][PASSED] - Text 'Transaction approved, no errors' is present on page  using regular expression

2020-12-24 00:06:31 - [TEST_STEP][PASSED] - println("Transaction Approved, no errors text is present on the Confirmation page"): null

2020-12-24 00:06:31 - [TEST_STEP][PASSED] - out.println("Pass Record Number: " + row): null

2020-12-24 00:06:31 - [TEST_STEP][PASSED] - resText = "Pass": null

2020-12-24 00:06:31 - [TEST_STEP][PASSED] - pages.WriteExcel.demoKey(resText, datText, resColumn, datCloumn, fileLoc, nameSheet, row): pages.WriteExcel.demoKey is PASSED

2020-12-24 00:06:31 - [MESSAGE][PASSED] - pages.WriteExcel.demoKey is PASSED

2020-12-24 00:06:31 - [TEST_STEP][PASSED] - sdfo = getText(findTestObject("Object Repository/Page_VLinkReceipt/pre_STX")): Text of object 'Object Repository/Page_VLinkReceipt/pre_STX' is: '<STX>KwP3vBMiyVGy                  12088090            0  Transaction approved, no errors                   0                                                                                  Y OK8908   <ETX>'

2020-12-24 00:06:31 - [MESSAGE][PASSED] - Text of object 'Object Repository/Page_VLinkReceipt/pre_STX' is: '<STX>KwP3vBMiyVGy                  12088090            0  Transaction approved, no errors                   0                                                                                  Y OK8908   <ETX>'

2020-12-24 00:06:31 - [TEST_STEP][PASSED] - out.println("sdfo: " + sdfo): null

2020-12-24 00:06:31 - [TEST_STEP][PASSED] - remID = substring(5, 35).trim(): null

2020-12-24 00:06:31 - [TEST_STEP][PASSED] - out.println("Remittance ID: " + remID): null

2020-12-24 00:06:31 - [TEST_STEP][PASSED] - traxID = substring(35, 55).trim(): null

2020-12-24 00:06:31 - [TEST_STEP][PASSED] - out.println("Transaction ID: " + traxID): null

2020-12-24 00:06:31 - [TEST_STEP][PASSED] - out.println("End Record Number: " + row): null

2020-12-24 00:06:31 - [TEST_STEP][PASSED] - closeBrowser(): Browser is closed

2020-12-24 00:06:32 - [MESSAGE][PASSED] - Browser is closed

2020-12-24 00:06:32 - [TEST_STEP][PASSED] - out.println("Begin Record Number: " + row): null

2020-12-24 00:06:32 - [TEST_STEP][PASSED] - today = new java.util.Date(): null

2020-12-24 00:06:32 - [TEST_STEP][PASSED] - println(today): null

2020-12-24 00:06:32 - [TEST_STEP][PASSED] - datText = today: null

2020-12-24 00:06:32 - [TEST_STEP][PASSED] - openBrowser(VLinkURL + "authcap.html"): Browser is opened with url: 'https://dev-algorithm.govolution.com/vlinktest/QA/version_2_0/authcap.html'

2020-12-24 00:06:32 - [MESSAGE][INFO] - Starting 'Chrome' driver

2020-12-24 00:06:32 - [MESSAGE][INFO] - User set preference: ['acceptInsecureCerts', 'true']

2020-12-24 00:06:32 - [MESSAGE][INFO] - Action delay is set to 0 milliseconds

2020-12-24 00:06:36 - [MESSAGE][PASSED] - Browser is opened with url: 'https://dev-algorithm.govolution.com/vlinktest/QA/version_2_0/authcap.html'

2020-12-24 00:06:36 - [TEST_STEP][PASSED] - maximizeWindow(): Current window maximized

2020-12-24 00:06:36 - [MESSAGE][PASSED] - Current window maximized

2020-12-24 00:06:36 - [TEST_STEP][PASSED] - vlinkPages.saleCCPage.setDataSCC(row, dataFile): vlinkPages.saleCCPage.setDataSCC is PASSED

2020-12-24 00:06:38 - [MESSAGE][PASSED] - Object 'Object Repository/VLink/Page_CCSale/txt_CardNumber' is present

2020-12-24 00:06:39 - [MESSAGE][PASSED] - Object 'Object Repository/VLink/Page_CCSale/txt_TransactionType' is present

2020-12-24 00:06:39 - [MESSAGE][PASSED] - Text '104' is set on object 'Object Repository/VLink/Page_CCSale/txt_TransactionType'

2020-12-24 00:06:39 - [MESSAGE][PASSED] - Object 'Object Repository/VLink/Page_CCSale/txt_MessageVersion' is present

2020-12-24 00:06:40 - [MESSAGE][PASSED] - Text '2.0C' is set on object 'Object Repository/VLink/Page_CCSale/txt_MessageVersion'

2020-12-24 00:06:40 - [MESSAGE][PASSED] - Object 'Object Repository/VLink/Page_CCSale/txt_RemID' is present

2020-12-24 00:06:41 - [MESSAGE][PASSED] - Text 'MuzcB7VjmkpP' is set on object 'Object Repository/VLink/Page_CCSale/txt_RemID'

2020-12-24 00:06:41 - [MESSAGE][PASSED] - Object 'Object Repository/VLink/Page_CCSale/txt_ApplicationId' is present

2020-12-24 00:06:42 - [MESSAGE][PASSED] - Text '667' is set on object 'Object Repository/VLink/Page_CCSale/txt_ApplicationId'

2020-12-24 00:06:42 - [MESSAGE][PASSED] - Object 'Object Repository/VLink/Page_CCSale/txt_Username' is present

2020-12-24 00:06:43 - [MESSAGE][PASSED] - Text 'username' is set on object 'Object Repository/VLink/Page_CCSale/txt_Username'

2020-12-24 00:06:43 - [MESSAGE][PASSED] - Object 'Object Repository/VLink/Page_CCSale/txt_Password' is present

2020-12-24 00:06:43 - [MESSAGE][PASSED] - Text 'password' is set on object 'Object Repository/VLink/Page_CCSale/txt_Password'

2020-12-24 00:06:44 - [MESSAGE][PASSED] - Object 'Object Repository/VLink/Page_CCSale/txt_ResponseFormat' is present

2020-12-24 00:06:44 - [MESSAGE][PASSED] - Text 'fixed_width' is set on object 'Object Repository/VLink/Page_CCSale/txt_ResponseFormat'

2020-12-24 00:06:45 - [MESSAGE][PASSED] - Object 'Object Repository/VLink/Page_CCSale/txt_Category' is present

2020-12-24 00:06:45 - [MESSAGE][PASSED] - Text 'ECOM' is set on object 'Object Repository/VLink/Page_CCSale/txt_Category'

2020-12-24 00:06:45 - [MESSAGE][PASSED] - Object 'Object Repository/VLink/Page_CCSale/txt_TransactionID' is present

2020-12-24 00:06:46 - [MESSAGE][PASSED] - Text '' is set on object 'Object Repository/VLink/Page_CCSale/txt_TransactionID'

2020-12-24 00:06:46 - [MESSAGE][PASSED] - Object 'Object Repository/VLink/Page_CCSale/txt_ApprovalCode' is present

2020-12-24 00:06:47 - [MESSAGE][PASSED] - Text '' is set on object 'Object Repository/VLink/Page_CCSale/txt_ApprovalCode'

2020-12-24 00:06:47 - [MESSAGE][PASSED] - Object 'Object Repository/VLink/Page_CCSale/txt_CardName' is present

2020-12-24 00:06:48 - [MESSAGE][PASSED] - Text 'Roshan Maha' is set on object 'Object Repository/VLink/Page_CCSale/txt_CardName'

2020-12-24 00:06:48 - [MESSAGE][PASSED] - Object 'Object Repository/VLink/Page_CCSale/txt_AL1' is present

2020-12-24 00:06:49 - [MESSAGE][PASSED] - Text '12563 Bazaar road' is set on object 'Object Repository/VLink/Page_CCSale/txt_AL1'

2020-12-24 00:06:49 - [MESSAGE][PASSED] - Object 'Object Repository/VLink/Page_CCSale/txt_AL2' is present

2020-12-24 00:06:49 - [MESSAGE][PASSED] - Text '' is set on object 'Object Repository/VLink/Page_CCSale/txt_AL2'

2020-12-24 00:06:50 - [MESSAGE][PASSED] - Object 'Object Repository/VLink/Page_CCSale/txt_CardCity' is present

2020-12-24 00:06:50 - [MESSAGE][PASSED] - Text 'Crofton' is set on object 'Object Repository/VLink/Page_CCSale/txt_CardCity'

2020-12-24 00:06:51 - [MESSAGE][PASSED] - Object 'Object Repository/VLink/Page_CCSale/txt_CardState' is present

2020-12-24 00:06:51 - [MESSAGE][PASSED] - Text 'MD' is set on object 'Object Repository/VLink/Page_CCSale/txt_CardState'

2020-12-24 00:06:51 - [MESSAGE][PASSED] - Object 'Object Repository/VLink/Page_CCSale/txt_CardZIP' is present

2020-12-24 00:06:52 - [MESSAGE][PASSED] - Text '21114' is set on object 'Object Repository/VLink/Page_CCSale/txt_CardZIP'

2020-12-24 00:06:52 - [MESSAGE][PASSED] - Object 'Object Repository/VLink/Page_CCSale/txt_CountryID' is present

2020-12-24 00:06:53 - [MESSAGE][PASSED] - Text '' is set on object 'Object Repository/VLink/Page_CCSale/txt_CountryID'

2020-12-24 00:06:53 - [MESSAGE][PASSED] - Object 'Object Repository/VLink/Page_CCSale/txt_Amount' is present

2020-12-24 00:06:54 - [MESSAGE][PASSED] - Text '3.50' is set on object 'Object Repository/VLink/Page_CCSale/txt_Amount'

2020-12-24 00:06:54 - [MESSAGE][PASSED] - Object 'Object Repository/VLink/Page_CCSale/txt_CardNumber' is present

2020-12-24 00:06:55 - [MESSAGE][PASSED] - Text '370000000000002' is set on object 'Object Repository/VLink/Page_CCSale/txt_CardNumber'

2020-12-24 00:06:55 - [MESSAGE][PASSED] - Object 'Object Repository/VLink/Page_CCSale/txt_ExpMonth' is present

2020-12-24 00:06:55 - [MESSAGE][PASSED] - Text '01' is set on object 'Object Repository/VLink/Page_CCSale/txt_ExpMonth'

2020-12-24 00:06:56 - [MESSAGE][PASSED] - Object 'Object Repository/VLink/Page_CCSale/txt_ExpYear' is present

2020-12-24 00:06:56 - [MESSAGE][PASSED] - Text '2026' is set on object 'Object Repository/VLink/Page_CCSale/txt_ExpYear'

2020-12-24 00:06:57 - [MESSAGE][PASSED] - Object 'Object Repository/VLink/Page_CCSale/txt_CVV' is present

2020-12-24 00:06:57 - [MESSAGE][PASSED] - Text '' is set on object 'Object Repository/VLink/Page_CCSale/txt_CVV'

2020-12-24 00:06:57 - [MESSAGE][PASSED] - Object 'Object Repository/VLink/Page_CCSale/txt_CVVstate' is present

2020-12-24 00:06:58 - [MESSAGE][PASSED] - Text '' is set on object 'Object Repository/VLink/Page_CCSale/txt_CVVstate'

2020-12-24 00:06:58 - [MESSAGE][PASSED] - Object 'Object Repository/VLink/Page_CCSale/txt_TrackData' is present

2020-12-24 00:06:59 - [MESSAGE][PASSED] - Text '' is set on object 'Object Repository/VLink/Page_CCSale/txt_TrackData'

2020-12-24 00:06:59 - [MESSAGE][PASSED] - Object 'Object Repository/VLink/Page_CCSale/txt_Track1Data' is present

2020-12-24 00:07:00 - [MESSAGE][PASSED] - Text '' is set on object 'Object Repository/VLink/Page_CCSale/txt_Track1Data'

2020-12-24 00:07:00 - [MESSAGE][PASSED] - Object 'Object Repository/VLink/Page_CCSale/txt_Track2Data' is present

2020-12-24 00:07:01 - [MESSAGE][PASSED] - Text '' is set on object 'Object Repository/VLink/Page_CCSale/txt_Track2Data'

2020-12-24 00:07:01 - [MESSAGE][PASSED] - Object 'Object Repository/VLink/Page_CCSale/txt_POSEntryMode' is present

2020-12-24 00:07:01 - [MESSAGE][PASSED] - Text 'manual' is set on object 'Object Repository/VLink/Page_CCSale/txt_POSEntryMode'

2020-12-24 00:07:02 - [MESSAGE][PASSED] - Object 'Object Repository/VLink/Page_CCSale/txt_Email' is present

2020-12-24 00:07:02 - [MESSAGE][PASSED] - Text '' is set on object 'Object Repository/VLink/Page_CCSale/txt_Email'

2020-12-24 00:07:03 - [MESSAGE][PASSED] - Object 'Object Repository/VLink/Page_CCSale/txt_OrderNumber' is present

2020-12-24 00:07:03 - [MESSAGE][PASSED] - Text '' is set on object 'Object Repository/VLink/Page_CCSale/txt_OrderNumber'

2020-12-24 00:07:03 - [MESSAGE][PASSED] - Object 'Object Repository/VLink/Page_CCSale/txt_TaxAmount' is present

2020-12-24 00:07:04 - [MESSAGE][PASSED] - Text '' is set on object 'Object Repository/VLink/Page_CCSale/txt_TaxAmount'

2020-12-24 00:07:04 - [MESSAGE][PASSED] - Object 'Object Repository/VLink/Page_CCSale/txt_ChargeDescription' is present

2020-12-24 00:07:05 - [MESSAGE][PASSED] - Text '' is set on object 'Object Repository/VLink/Page_CCSale/txt_ChargeDescription'

2020-12-24 00:07:05 - [MESSAGE][PASSED] - Object 'Object Repository/VLink/Page_CCSale/txt_CAN' is present

2020-12-24 00:07:06 - [MESSAGE][PASSED] - Text '' is set on object 'Object Repository/VLink/Page_CCSale/txt_CAN'

2020-12-24 00:07:06 - [MESSAGE][PASSED] - Object 'Object Repository/VLink/Page_CCSale/txt_BillPaymentIndicator' is present

2020-12-24 00:07:07 - [MESSAGE][PASSED] - Text '' is set on object 'Object Repository/VLink/Page_CCSale/txt_BillPaymentIndicator'

2020-12-24 00:07:07 - [MESSAGE][PASSED] - Object 'Object Repository/VLink/Page_CCSale/txt_UDF1' is present

2020-12-24 00:07:08 - [MESSAGE][PASSED] - Text '' is set on object 'Object Repository/VLink/Page_CCSale/txt_UDF1'

2020-12-24 00:07:08 - [MESSAGE][PASSED] - Object 'Object Repository/VLink/Page_CCSale/txt_UDF2' is present

2020-12-24 00:07:09 - [MESSAGE][PASSED] - Text '' is set on object 'Object Repository/VLink/Page_CCSale/txt_UDF2'

2020-12-24 00:07:09 - [MESSAGE][PASSED] - Object 'Object Repository/VLink/Page_CCSale/txt_UDF3' is present

2020-12-24 00:07:10 - [MESSAGE][PASSED] - Text '' is set on object 'Object Repository/VLink/Page_CCSale/txt_UDF3'

2020-12-24 00:07:10 - [MESSAGE][PASSED] - Object 'Object Repository/VLink/Page_CCSale/txt_UDF4' is present

2020-12-24 00:07:11 - [MESSAGE][PASSED] - Text '' is set on object 'Object Repository/VLink/Page_CCSale/txt_UDF4'

2020-12-24 00:07:11 - [MESSAGE][PASSED] - Object 'Object Repository/VLink/Page_CCSale/txt_UDF5' is present

2020-12-24 00:07:12 - [MESSAGE][PASSED] - Text '' is set on object 'Object Repository/VLink/Page_CCSale/txt_UDF5'

2020-12-24 00:07:12 - [MESSAGE][PASSED] - Object 'Object Repository/VLink/Page_CCSale/txt_UDF6' is present

2020-12-24 00:07:13 - [MESSAGE][PASSED] - Text '' is set on object 'Object Repository/VLink/Page_CCSale/txt_UDF6'

2020-12-24 00:07:13 - [MESSAGE][PASSED] - Object 'Object Repository/VLink/Page_CCSale/txt_UDF7' is present

2020-12-24 00:07:14 - [MESSAGE][PASSED] - Text '' is set on object 'Object Repository/VLink/Page_CCSale/txt_UDF7'

2020-12-24 00:07:14 - [MESSAGE][PASSED] - Object 'Object Repository/VLink/Page_CCSale/txt_UDF8' is present

2020-12-24 00:07:15 - [MESSAGE][PASSED] - Text '' is set on object 'Object Repository/VLink/Page_CCSale/txt_UDF8'

2020-12-24 00:07:15 - [MESSAGE][PASSED] - Object 'Object Repository/VLink/Page_CCSale/txt_UDF9' is present

2020-12-24 00:07:16 - [MESSAGE][PASSED] - Text '' is set on object 'Object Repository/VLink/Page_CCSale/txt_UDF9'

2020-12-24 00:07:16 - [MESSAGE][PASSED] - Object 'Object Repository/VLink/Page_CCSale/txt_UDF10' is present

2020-12-24 00:07:17 - [MESSAGE][PASSED] - Text '' is set on object 'Object Repository/VLink/Page_CCSale/txt_UDF10'

2020-12-24 00:07:17 - [MESSAGE][PASSED] - Object 'Object Repository/VLink/Page_CCSale/txt_CardOnFileIndicator' is present

2020-12-24 00:07:18 - [MESSAGE][PASSED] - Text '' is set on object 'Object Repository/VLink/Page_CCSale/txt_CardOnFileIndicator'

2020-12-24 00:07:18 - [MESSAGE][PASSED] - Object 'Object Repository/VLink/Page_CCSale/txt_StoredCredentialIndicator' is present

2020-12-24 00:07:19 - [MESSAGE][PASSED] - Text '' is set on object 'Object Repository/VLink/Page_CCSale/txt_StoredCredentialIndicator'

2020-12-24 00:07:19 - [MESSAGE][PASSED] - Object 'Object Repository/VLink/Page_CCSale/txt_COFScheduledIndicator' is present

2020-12-24 00:07:20 - [MESSAGE][PASSED] - Text '' is set on object 'Object Repository/VLink/Page_CCSale/txt_COFScheduledIndicator'

2020-12-24 00:07:20 - [MESSAGE][PASSED] - Object 'Object Repository/VLink/Page_CCSale/txt_COFTransactionInitiatedBy' is present

2020-12-24 00:07:21 - [MESSAGE][PASSED] - Text '' is set on object 'Object Repository/VLink/Page_CCSale/txt_COFTransactionInitiatedBy'

2020-12-24 00:07:26 - [MESSAGE][PASSED] - Object: 'Object Repository/VLink/Page_CCSale/btn_ProcessVLinkTransaction' is clicked on

2020-12-24 00:07:31 - [MESSAGE][PASSED] - vlinkPages.saleCCPage.setDataSCC is PASSED

2020-12-24 00:07:31 - [TEST_STEP][PASSED] - if (verifyTextPresent("Transaction approved, no errors", true)): null

2020-12-24 00:07:31 - [MESSAGE][PASSED] - Text 'Transaction approved, no errors' is present on page  using regular expression

2020-12-24 00:07:31 - [TEST_STEP][PASSED] - println("Transaction Approved, no errors text is present on the Confirmation page"): null

2020-12-24 00:07:31 - [TEST_STEP][PASSED] - out.println("Pass Record Number: " + row): null

2020-12-24 00:07:31 - [TEST_STEP][PASSED] - resText = "Pass": null

2020-12-24 00:07:31 - [TEST_STEP][PASSED] - pages.WriteExcel.demoKey(resText, datText, resColumn, datCloumn, fileLoc, nameSheet, row): pages.WriteExcel.demoKey is PASSED

2020-12-24 00:07:31 - [MESSAGE][PASSED] - pages.WriteExcel.demoKey is PASSED

2020-12-24 00:07:31 - [TEST_STEP][PASSED] - sdfo = getText(findTestObject("Object Repository/Page_VLinkReceipt/pre_STX")): Text of object 'Object Repository/Page_VLinkReceipt/pre_STX' is: '<STX>MuzcB7VjmkpP                  12088091            0  Transaction approved, no errors                   0                                                                                  Y OK8938   <ETX>'

2020-12-24 00:07:32 - [MESSAGE][PASSED] - Text of object 'Object Repository/Page_VLinkReceipt/pre_STX' is: '<STX>MuzcB7VjmkpP                  12088091            0  Transaction approved, no errors                   0                                                                                  Y OK8938   <ETX>'

2020-12-24 00:07:32 - [TEST_STEP][PASSED] - out.println("sdfo: " + sdfo): null

2020-12-24 00:07:32 - [TEST_STEP][PASSED] - remID = substring(5, 35).trim(): null

2020-12-24 00:07:32 - [TEST_STEP][PASSED] - out.println("Remittance ID: " + remID): null

2020-12-24 00:07:32 - [TEST_STEP][PASSED] - traxID = substring(35, 55).trim(): null

2020-12-24 00:07:32 - [TEST_STEP][PASSED] - out.println("Transaction ID: " + traxID): null

2020-12-24 00:07:32 - [TEST_STEP][PASSED] - out.println("End Record Number: " + row): null

2020-12-24 00:07:32 - [TEST_STEP][PASSED] - closeBrowser(): Browser is closed

2020-12-24 00:07:32 - [MESSAGE][PASSED] - Browser is closed

2020-12-24 00:07:32 - [TEST_STEP][PASSED] - out.println("Begin Record Number: " + row): null

2020-12-24 00:07:32 - [TEST_STEP][PASSED] - today = new java.util.Date(): null

2020-12-24 00:07:32 - [TEST_STEP][PASSED] - println(today): null

2020-12-24 00:07:32 - [TEST_STEP][PASSED] - datText = today: null

2020-12-24 00:07:32 - [TEST_STEP][PASSED] - openBrowser(VLinkURL + "authcap.html"): Browser is opened with url: 'https://dev-algorithm.govolution.com/vlinktest/QA/version_2_0/authcap.html'

2020-12-24 00:07:32 - [MESSAGE][INFO] - Starting 'Chrome' driver

2020-12-24 00:07:32 - [MESSAGE][INFO] - User set preference: ['acceptInsecureCerts', 'true']

2020-12-24 00:07:32 - [MESSAGE][INFO] - Action delay is set to 0 milliseconds

2020-12-24 00:07:36 - [MESSAGE][PASSED] - Browser is opened with url: 'https://dev-algorithm.govolution.com/vlinktest/QA/version_2_0/authcap.html'

2020-12-24 00:07:36 - [TEST_STEP][PASSED] - maximizeWindow(): Current window maximized

2020-12-24 00:07:36 - [MESSAGE][PASSED] - Current window maximized

2020-12-24 00:07:36 - [TEST_STEP][PASSED] - vlinkPages.saleCCPage.setDataSCC(row, dataFile): vlinkPages.saleCCPage.setDataSCC is PASSED

2020-12-24 00:07:38 - [MESSAGE][PASSED] - Object 'Object Repository/VLink/Page_CCSale/txt_CardNumber' is present

2020-12-24 00:07:38 - [MESSAGE][PASSED] - Object 'Object Repository/VLink/Page_CCSale/txt_TransactionType' is present

2020-12-24 00:07:39 - [MESSAGE][PASSED] - Text '104' is set on object 'Object Repository/VLink/Page_CCSale/txt_TransactionType'

2020-12-24 00:07:39 - [MESSAGE][PASSED] - Object 'Object Repository/VLink/Page_CCSale/txt_MessageVersion' is present

2020-12-24 00:07:40 - [MESSAGE][PASSED] - Text '2.0C' is set on object 'Object Repository/VLink/Page_CCSale/txt_MessageVersion'

2020-12-24 00:07:40 - [MESSAGE][PASSED] - Object 'Object Repository/VLink/Page_CCSale/txt_RemID' is present

2020-12-24 00:07:41 - [MESSAGE][PASSED] - Text '7i4gU740GLZJ' is set on object 'Object Repository/VLink/Page_CCSale/txt_RemID'

2020-12-24 00:07:41 - [MESSAGE][PASSED] - Object 'Object Repository/VLink/Page_CCSale/txt_ApplicationId' is present

2020-12-24 00:07:42 - [MESSAGE][PASSED] - Text '667' is set on object 'Object Repository/VLink/Page_CCSale/txt_ApplicationId'

2020-12-24 00:07:42 - [MESSAGE][PASSED] - Object 'Object Repository/VLink/Page_CCSale/txt_Username' is present

2020-12-24 00:07:42 - [MESSAGE][PASSED] - Text 'username' is set on object 'Object Repository/VLink/Page_CCSale/txt_Username'

2020-12-24 00:07:43 - [MESSAGE][PASSED] - Object 'Object Repository/VLink/Page_CCSale/txt_Password' is present

2020-12-24 00:07:43 - [MESSAGE][PASSED] - Text 'password' is set on object 'Object Repository/VLink/Page_CCSale/txt_Password'

2020-12-24 00:07:44 - [MESSAGE][PASSED] - Object 'Object Repository/VLink/Page_CCSale/txt_ResponseFormat' is present

2020-12-24 00:07:44 - [MESSAGE][PASSED] - Text 'fixed_width' is set on object 'Object Repository/VLink/Page_CCSale/txt_ResponseFormat'

2020-12-24 00:07:45 - [MESSAGE][PASSED] - Object 'Object Repository/VLink/Page_CCSale/txt_Category' is present

2020-12-24 00:07:45 - [MESSAGE][PASSED] - Text 'ECOM' is set on object 'Object Repository/VLink/Page_CCSale/txt_Category'

2020-12-24 00:07:45 - [MESSAGE][PASSED] - Object 'Object Repository/VLink/Page_CCSale/txt_TransactionID' is present

2020-12-24 00:07:46 - [MESSAGE][PASSED] - Text '' is set on object 'Object Repository/VLink/Page_CCSale/txt_TransactionID'

2020-12-24 00:07:46 - [MESSAGE][PASSED] - Object 'Object Repository/VLink/Page_CCSale/txt_ApprovalCode' is present

2020-12-24 00:07:47 - [MESSAGE][PASSED] - Text '' is set on object 'Object Repository/VLink/Page_CCSale/txt_ApprovalCode'

2020-12-24 00:07:47 - [MESSAGE][PASSED] - Object 'Object Repository/VLink/Page_CCSale/txt_CardName' is present

2020-12-24 00:07:48 - [MESSAGE][PASSED] - Text 'Kris Roshan' is set on object 'Object Repository/VLink/Page_CCSale/txt_CardName'

2020-12-24 00:07:48 - [MESSAGE][PASSED] - Object 'Object Repository/VLink/Page_CCSale/txt_AL1' is present

2020-12-24 00:07:49 - [MESSAGE][PASSED] - Text '258 Elm Road' is set on object 'Object Repository/VLink/Page_CCSale/txt_AL1'

2020-12-24 00:07:49 - [MESSAGE][PASSED] - Object 'Object Repository/VLink/Page_CCSale/txt_AL2' is present

2020-12-24 00:07:50 - [MESSAGE][PASSED] - Text 'Suite 56' is set on object 'Object Repository/VLink/Page_CCSale/txt_AL2'

2020-12-24 00:07:50 - [MESSAGE][PASSED] - Object 'Object Repository/VLink/Page_CCSale/txt_CardCity' is present

2020-12-24 00:07:51 - [MESSAGE][PASSED] - Text 'Arlington' is set on object 'Object Repository/VLink/Page_CCSale/txt_CardCity'

2020-12-24 00:07:51 - [MESSAGE][PASSED] - Object 'Object Repository/VLink/Page_CCSale/txt_CardState' is present

2020-12-24 00:07:52 - [MESSAGE][PASSED] - Text 'VA' is set on object 'Object Repository/VLink/Page_CCSale/txt_CardState'

2020-12-24 00:07:52 - [MESSAGE][PASSED] - Object 'Object Repository/VLink/Page_CCSale/txt_CardZIP' is present

2020-12-24 00:07:53 - [MESSAGE][PASSED] - Text '22201' is set on object 'Object Repository/VLink/Page_CCSale/txt_CardZIP'

2020-12-24 00:07:53 - [MESSAGE][PASSED] - Object 'Object Repository/VLink/Page_CCSale/txt_CountryID' is present

2020-12-24 00:07:54 - [MESSAGE][PASSED] - Text '840' is set on object 'Object Repository/VLink/Page_CCSale/txt_CountryID'

2020-12-24 00:07:54 - [MESSAGE][PASSED] - Object 'Object Repository/VLink/Page_CCSale/txt_Amount' is present

2020-12-24 00:07:55 - [MESSAGE][PASSED] - Text '1.50' is set on object 'Object Repository/VLink/Page_CCSale/txt_Amount'

2020-12-24 00:07:55 - [MESSAGE][PASSED] - Object 'Object Repository/VLink/Page_CCSale/txt_CardNumber' is present

2020-12-24 00:07:56 - [MESSAGE][PASSED] - Text '6011000000000004' is set on object 'Object Repository/VLink/Page_CCSale/txt_CardNumber'

2020-12-24 00:07:56 - [MESSAGE][PASSED] - Object 'Object Repository/VLink/Page_CCSale/txt_ExpMonth' is present

2020-12-24 00:07:56 - [MESSAGE][PASSED] - Text '12' is set on object 'Object Repository/VLink/Page_CCSale/txt_ExpMonth'

2020-12-24 00:07:57 - [MESSAGE][PASSED] - Object 'Object Repository/VLink/Page_CCSale/txt_ExpYear' is present

2020-12-24 00:07:57 - [MESSAGE][PASSED] - Text '2025' is set on object 'Object Repository/VLink/Page_CCSale/txt_ExpYear'

2020-12-24 00:07:58 - [MESSAGE][PASSED] - Object 'Object Repository/VLink/Page_CCSale/txt_CVV' is present

2020-12-24 00:07:58 - [MESSAGE][PASSED] - Text '' is set on object 'Object Repository/VLink/Page_CCSale/txt_CVV'

2020-12-24 00:07:59 - [MESSAGE][PASSED] - Object 'Object Repository/VLink/Page_CCSale/txt_CVVstate' is present

2020-12-24 00:07:59 - [MESSAGE][PASSED] - Text '' is set on object 'Object Repository/VLink/Page_CCSale/txt_CVVstate'

2020-12-24 00:08:00 - [MESSAGE][PASSED] - Object 'Object Repository/VLink/Page_CCSale/txt_TrackData' is present

2020-12-24 00:08:00 - [MESSAGE][PASSED] - Text '' is set on object 'Object Repository/VLink/Page_CCSale/txt_TrackData'

2020-12-24 00:08:01 - [MESSAGE][PASSED] - Object 'Object Repository/VLink/Page_CCSale/txt_Track1Data' is present

2020-12-24 00:08:01 - [MESSAGE][PASSED] - Text '' is set on object 'Object Repository/VLink/Page_CCSale/txt_Track1Data'

2020-12-24 00:08:01 - [MESSAGE][PASSED] - Object 'Object Repository/VLink/Page_CCSale/txt_Track2Data' is present

2020-12-24 00:08:02 - [MESSAGE][PASSED] - Text '' is set on object 'Object Repository/VLink/Page_CCSale/txt_Track2Data'

2020-12-24 00:08:02 - [MESSAGE][PASSED] - Object 'Object Repository/VLink/Page_CCSale/txt_POSEntryMode' is present

2020-12-24 00:08:03 - [MESSAGE][PASSED] - Text 'manual' is set on object 'Object Repository/VLink/Page_CCSale/txt_POSEntryMode'

2020-12-24 00:08:03 - [MESSAGE][PASSED] - Object 'Object Repository/VLink/Page_CCSale/txt_Email' is present

2020-12-24 00:08:04 - [MESSAGE][PASSED] - Text 'iahmed@govolution.com' is set on object 'Object Repository/VLink/Page_CCSale/txt_Email'

2020-12-24 00:08:04 - [MESSAGE][PASSED] - Object 'Object Repository/VLink/Page_CCSale/txt_OrderNumber' is present

2020-12-24 00:08:05 - [MESSAGE][PASSED] - Text '2569362' is set on object 'Object Repository/VLink/Page_CCSale/txt_OrderNumber'

2020-12-24 00:08:05 - [MESSAGE][PASSED] - Object 'Object Repository/VLink/Page_CCSale/txt_TaxAmount' is present

2020-12-24 00:08:06 - [MESSAGE][PASSED] - Text '1.15' is set on object 'Object Repository/VLink/Page_CCSale/txt_TaxAmount'

2020-12-24 00:08:06 - [MESSAGE][PASSED] - Object 'Object Repository/VLink/Page_CCSale/txt_ChargeDescription' is present

2020-12-24 00:08:07 - [MESSAGE][PASSED] - Text 'Charge Description' is set on object 'Object Repository/VLink/Page_CCSale/txt_ChargeDescription'

2020-12-24 00:08:07 - [MESSAGE][PASSED] - Object 'Object Repository/VLink/Page_CCSale/txt_CAN' is present

2020-12-24 00:08:08 - [MESSAGE][PASSED] - Text '147357' is set on object 'Object Repository/VLink/Page_CCSale/txt_CAN'

2020-12-24 00:08:08 - [MESSAGE][PASSED] - Object 'Object Repository/VLink/Page_CCSale/txt_BillPaymentIndicator' is present

2020-12-24 00:08:09 - [MESSAGE][PASSED] - Text '1' is set on object 'Object Repository/VLink/Page_CCSale/txt_BillPaymentIndicator'

2020-12-24 00:08:09 - [MESSAGE][PASSED] - Object 'Object Repository/VLink/Page_CCSale/txt_UDF1' is present

2020-12-24 00:08:10 - [MESSAGE][PASSED] - Text 'UDF Data 1' is set on object 'Object Repository/VLink/Page_CCSale/txt_UDF1'

2020-12-24 00:08:10 - [MESSAGE][PASSED] - Object 'Object Repository/VLink/Page_CCSale/txt_UDF2' is present

2020-12-24 00:08:11 - [MESSAGE][PASSED] - Text 'UDF Data 2' is set on object 'Object Repository/VLink/Page_CCSale/txt_UDF2'

2020-12-24 00:08:11 - [MESSAGE][PASSED] - Object 'Object Repository/VLink/Page_CCSale/txt_UDF3' is present

2020-12-24 00:08:12 - [MESSAGE][PASSED] - Text 'UDF Data 3' is set on object 'Object Repository/VLink/Page_CCSale/txt_UDF3'

2020-12-24 00:08:12 - [MESSAGE][PASSED] - Object 'Object Repository/VLink/Page_CCSale/txt_UDF4' is present

2020-12-24 00:08:13 - [MESSAGE][PASSED] - Text 'UDF Data 4' is set on object 'Object Repository/VLink/Page_CCSale/txt_UDF4'

2020-12-24 00:08:13 - [MESSAGE][PASSED] - Object 'Object Repository/VLink/Page_CCSale/txt_UDF5' is present

2020-12-24 00:08:14 - [MESSAGE][PASSED] - Text 'UDF Data 5' is set on object 'Object Repository/VLink/Page_CCSale/txt_UDF5'

2020-12-24 00:08:14 - [MESSAGE][PASSED] - Object 'Object Repository/VLink/Page_CCSale/txt_UDF6' is present

2020-12-24 00:08:15 - [MESSAGE][PASSED] - Text 'UDF Data 6' is set on object 'Object Repository/VLink/Page_CCSale/txt_UDF6'

2020-12-24 00:08:15 - [MESSAGE][PASSED] - Object 'Object Repository/VLink/Page_CCSale/txt_UDF7' is present

2020-12-24 00:08:16 - [MESSAGE][PASSED] - Text 'UDF Data 7' is set on object 'Object Repository/VLink/Page_CCSale/txt_UDF7'

2020-12-24 00:08:16 - [MESSAGE][PASSED] - Object 'Object Repository/VLink/Page_CCSale/txt_UDF8' is present

2020-12-24 00:08:17 - [MESSAGE][PASSED] - Text 'UDF Data 8' is set on object 'Object Repository/VLink/Page_CCSale/txt_UDF8'

2020-12-24 00:08:17 - [MESSAGE][PASSED] - Object 'Object Repository/VLink/Page_CCSale/txt_UDF9' is present

2020-12-24 00:08:18 - [MESSAGE][PASSED] - Text 'UDF Data 9' is set on object 'Object Repository/VLink/Page_CCSale/txt_UDF9'

2020-12-24 00:08:18 - [MESSAGE][PASSED] - Object 'Object Repository/VLink/Page_CCSale/txt_UDF10' is present

2020-12-24 00:08:19 - [MESSAGE][PASSED] - Text 'UDF Data 10' is set on object 'Object Repository/VLink/Page_CCSale/txt_UDF10'

2020-12-24 00:08:19 - [MESSAGE][PASSED] - Object 'Object Repository/VLink/Page_CCSale/txt_CardOnFileIndicator' is present

2020-12-24 00:08:20 - [MESSAGE][PASSED] - Text '' is set on object 'Object Repository/VLink/Page_CCSale/txt_CardOnFileIndicator'

2020-12-24 00:08:20 - [MESSAGE][PASSED] - Object 'Object Repository/VLink/Page_CCSale/txt_StoredCredentialIndicator' is present

2020-12-24 00:08:21 - [MESSAGE][PASSED] - Text '' is set on object 'Object Repository/VLink/Page_CCSale/txt_StoredCredentialIndicator'

2020-12-24 00:08:21 - [MESSAGE][PASSED] - Object 'Object Repository/VLink/Page_CCSale/txt_COFScheduledIndicator' is present

2020-12-24 00:08:22 - [MESSAGE][PASSED] - Text '' is set on object 'Object Repository/VLink/Page_CCSale/txt_COFScheduledIndicator'

2020-12-24 00:08:22 - [MESSAGE][PASSED] - Object 'Object Repository/VLink/Page_CCSale/txt_COFTransactionInitiatedBy' is present

2020-12-24 00:08:23 - [MESSAGE][PASSED] - Text '' is set on object 'Object Repository/VLink/Page_CCSale/txt_COFTransactionInitiatedBy'

2020-12-24 00:08:28 - [MESSAGE][PASSED] - Object: 'Object Repository/VLink/Page_CCSale/btn_ProcessVLinkTransaction' is clicked on

2020-12-24 00:08:33 - [MESSAGE][PASSED] - vlinkPages.saleCCPage.setDataSCC is PASSED

2020-12-24 00:08:33 - [TEST_STEP][PASSED] - if (verifyTextPresent("Transaction approved, no errors", true)): null

2020-12-24 00:08:33 - [MESSAGE][PASSED] - Text 'Transaction approved, no errors' is present on page  using regular expression

2020-12-24 00:08:33 - [TEST_STEP][PASSED] - println("Transaction Approved, no errors text is present on the Confirmation page"): null

2020-12-24 00:08:33 - [TEST_STEP][PASSED] - out.println("Pass Record Number: " + row): null

2020-12-24 00:08:33 - [TEST_STEP][PASSED] - resText = "Pass": null

2020-12-24 00:08:33 - [TEST_STEP][PASSED] - pages.WriteExcel.demoKey(resText, datText, resColumn, datCloumn, fileLoc, nameSheet, row): pages.WriteExcel.demoKey is PASSED

2020-12-24 00:08:33 - [MESSAGE][PASSED] - pages.WriteExcel.demoKey is PASSED

2020-12-24 00:08:33 - [TEST_STEP][PASSED] - sdfo = getText(findTestObject("Object Repository/Page_VLinkReceipt/pre_STX")): Text of object 'Object Repository/Page_VLinkReceipt/pre_STX' is: '<STX>7i4gU740GLZJ                  12088092            0  Transaction approved, no errors                   0                                                                                  Y OK9038   <ETX>'

2020-12-24 00:08:33 - [MESSAGE][PASSED] - Text of object 'Object Repository/Page_VLinkReceipt/pre_STX' is: '<STX>7i4gU740GLZJ                  12088092            0  Transaction approved, no errors                   0                                                                                  Y OK9038   <ETX>'

2020-12-24 00:08:33 - [TEST_STEP][PASSED] - out.println("sdfo: " + sdfo): null

2020-12-24 00:08:33 - [TEST_STEP][PASSED] - remID = substring(5, 35).trim(): null

2020-12-24 00:08:33 - [TEST_STEP][PASSED] - out.println("Remittance ID: " + remID): null

2020-12-24 00:08:33 - [TEST_STEP][PASSED] - traxID = substring(35, 55).trim(): null

2020-12-24 00:08:33 - [TEST_STEP][PASSED] - out.println("Transaction ID: " + traxID): null

2020-12-24 00:08:33 - [TEST_STEP][PASSED] - out.println("End Record Number: " + row): null

2020-12-24 00:08:33 - [TEST_STEP][PASSED] - closeBrowser(): Browser is closed

2020-12-24 00:08:34 - [MESSAGE][PASSED] - Browser is closed

2020-12-24 00:08:34 - [TEST_STEP][PASSED] - out.println("Begin Record Number: " + row): null

2020-12-24 00:08:34 - [TEST_STEP][PASSED] - today = new java.util.Date(): null

2020-12-24 00:08:34 - [TEST_STEP][PASSED] - println(today): null

2020-12-24 00:08:34 - [TEST_STEP][PASSED] - datText = today: null

2020-12-24 00:08:34 - [TEST_STEP][PASSED] - openBrowser(VLinkURL + "authcap.html"): Browser is opened with url: 'https://dev-algorithm.govolution.com/vlinktest/QA/version_2_0/authcap.html'

2020-12-24 00:08:34 - [MESSAGE][INFO] - Starting 'Chrome' driver

2020-12-24 00:08:34 - [MESSAGE][INFO] - User set preference: ['acceptInsecureCerts', 'true']

2020-12-24 00:08:34 - [MESSAGE][INFO] - Action delay is set to 0 milliseconds

2020-12-24 00:08:38 - [MESSAGE][PASSED] - Browser is opened with url: 'https://dev-algorithm.govolution.com/vlinktest/QA/version_2_0/authcap.html'

2020-12-24 00:08:38 - [TEST_STEP][PASSED] - maximizeWindow(): Current window maximized

2020-12-24 00:08:38 - [MESSAGE][PASSED] - Current window maximized

2020-12-24 00:08:38 - [TEST_STEP][PASSED] - vlinkPages.saleCCPage.setDataSCC(row, dataFile): vlinkPages.saleCCPage.setDataSCC is PASSED

2020-12-24 00:08:40 - [MESSAGE][PASSED] - Object 'Object Repository/VLink/Page_CCSale/txt_CardNumber' is present

2020-12-24 00:08:40 - [MESSAGE][PASSED] - Object 'Object Repository/VLink/Page_CCSale/txt_TransactionType' is present

2020-12-24 00:08:41 - [MESSAGE][PASSED] - Text '104' is set on object 'Object Repository/VLink/Page_CCSale/txt_TransactionType'

2020-12-24 00:08:41 - [MESSAGE][PASSED] - Object 'Object Repository/VLink/Page_CCSale/txt_MessageVersion' is present

2020-12-24 00:08:42 - [MESSAGE][PASSED] - Text '2.0C' is set on object 'Object Repository/VLink/Page_CCSale/txt_MessageVersion'

2020-12-24 00:08:42 - [MESSAGE][PASSED] - Object 'Object Repository/VLink/Page_CCSale/txt_RemID' is present

2020-12-24 00:08:43 - [MESSAGE][PASSED] - Text 'nm4RuyPTDqQm' is set on object 'Object Repository/VLink/Page_CCSale/txt_RemID'

2020-12-24 00:08:43 - [MESSAGE][PASSED] - Object 'Object Repository/VLink/Page_CCSale/txt_ApplicationId' is present

2020-12-24 00:08:44 - [MESSAGE][PASSED] - Text '670' is set on object 'Object Repository/VLink/Page_CCSale/txt_ApplicationId'

2020-12-24 00:08:44 - [MESSAGE][PASSED] - Object 'Object Repository/VLink/Page_CCSale/txt_Username' is present

2020-12-24 00:08:45 - [MESSAGE][PASSED] - Text 'username' is set on object 'Object Repository/VLink/Page_CCSale/txt_Username'

2020-12-24 00:08:45 - [MESSAGE][PASSED] - Object 'Object Repository/VLink/Page_CCSale/txt_Password' is present

2020-12-24 00:08:46 - [MESSAGE][PASSED] - Text 'password' is set on object 'Object Repository/VLink/Page_CCSale/txt_Password'

2020-12-24 00:08:46 - [MESSAGE][PASSED] - Object 'Object Repository/VLink/Page_CCSale/txt_ResponseFormat' is present

2020-12-24 00:08:46 - [MESSAGE][PASSED] - Text 'fixed_width' is set on object 'Object Repository/VLink/Page_CCSale/txt_ResponseFormat'

2020-12-24 00:08:47 - [MESSAGE][PASSED] - Object 'Object Repository/VLink/Page_CCSale/txt_Category' is present

2020-12-24 00:08:47 - [MESSAGE][PASSED] - Text 'MOTO' is set on object 'Object Repository/VLink/Page_CCSale/txt_Category'

2020-12-24 00:08:48 - [MESSAGE][PASSED] - Object 'Object Repository/VLink/Page_CCSale/txt_TransactionID' is present

2020-12-24 00:08:48 - [MESSAGE][PASSED] - Text '' is set on object 'Object Repository/VLink/Page_CCSale/txt_TransactionID'

2020-12-24 00:08:48 - [MESSAGE][PASSED] - Object 'Object Repository/VLink/Page_CCSale/txt_ApprovalCode' is present

2020-12-24 00:08:49 - [MESSAGE][PASSED] - Text '' is set on object 'Object Repository/VLink/Page_CCSale/txt_ApprovalCode'

2020-12-24 00:08:49 - [MESSAGE][PASSED] - Object 'Object Repository/VLink/Page_CCSale/txt_CardName' is present

2020-12-24 00:08:50 - [MESSAGE][PASSED] - Text 'Arvind Silva' is set on object 'Object Repository/VLink/Page_CCSale/txt_CardName'

2020-12-24 00:08:50 - [MESSAGE][PASSED] - Object 'Object Repository/VLink/Page_CCSale/txt_AL1' is present

2020-12-24 00:08:51 - [MESSAGE][PASSED] - Text '111 Main Ave' is set on object 'Object Repository/VLink/Page_CCSale/txt_AL1'

2020-12-24 00:08:51 - [MESSAGE][PASSED] - Object 'Object Repository/VLink/Page_CCSale/txt_AL2' is present

2020-12-24 00:08:52 - [MESSAGE][PASSED] - Text '' is set on object 'Object Repository/VLink/Page_CCSale/txt_AL2'

2020-12-24 00:08:52 - [MESSAGE][PASSED] - Object 'Object Repository/VLink/Page_CCSale/txt_CardCity' is present

2020-12-24 00:08:53 - [MESSAGE][PASSED] - Text 'Arlington' is set on object 'Object Repository/VLink/Page_CCSale/txt_CardCity'

2020-12-24 00:08:53 - [MESSAGE][PASSED] - Object 'Object Repository/VLink/Page_CCSale/txt_CardState' is present

2020-12-24 00:08:53 - [MESSAGE][PASSED] - Text 'VA' is set on object 'Object Repository/VLink/Page_CCSale/txt_CardState'

2020-12-24 00:08:54 - [MESSAGE][PASSED] - Object 'Object Repository/VLink/Page_CCSale/txt_CardZIP' is present

2020-12-24 00:08:54 - [MESSAGE][PASSED] - Text '22201' is set on object 'Object Repository/VLink/Page_CCSale/txt_CardZIP'

2020-12-24 00:08:55 - [MESSAGE][PASSED] - Object 'Object Repository/VLink/Page_CCSale/txt_CountryID' is present

2020-12-24 00:08:55 - [MESSAGE][PASSED] - Text '' is set on object 'Object Repository/VLink/Page_CCSale/txt_CountryID'

2020-12-24 00:08:56 - [MESSAGE][PASSED] - Object 'Object Repository/VLink/Page_CCSale/txt_Amount' is present

2020-12-24 00:08:56 - [MESSAGE][PASSED] - Text '2.50' is set on object 'Object Repository/VLink/Page_CCSale/txt_Amount'

2020-12-24 00:08:57 - [MESSAGE][PASSED] - Object 'Object Repository/VLink/Page_CCSale/txt_CardNumber' is present

2020-12-24 00:08:57 - [MESSAGE][PASSED] - Text '4111111111111111' is set on object 'Object Repository/VLink/Page_CCSale/txt_CardNumber'

2020-12-24 00:08:58 - [MESSAGE][PASSED] - Object 'Object Repository/VLink/Page_CCSale/txt_ExpMonth' is present

2020-12-24 00:08:58 - [MESSAGE][PASSED] - Text '01' is set on object 'Object Repository/VLink/Page_CCSale/txt_ExpMonth'

2020-12-24 00:08:58 - [MESSAGE][PASSED] - Object 'Object Repository/VLink/Page_CCSale/txt_ExpYear' is present

2020-12-24 00:08:59 - [MESSAGE][PASSED] - Text '2026' is set on object 'Object Repository/VLink/Page_CCSale/txt_ExpYear'

2020-12-24 00:08:59 - [MESSAGE][PASSED] - Object 'Object Repository/VLink/Page_CCSale/txt_CVV' is present

2020-12-24 00:09:00 - [MESSAGE][PASSED] - Text '' is set on object 'Object Repository/VLink/Page_CCSale/txt_CVV'

2020-12-24 00:09:00 - [MESSAGE][PASSED] - Object 'Object Repository/VLink/Page_CCSale/txt_CVVstate' is present

2020-12-24 00:09:01 - [MESSAGE][PASSED] - Text '' is set on object 'Object Repository/VLink/Page_CCSale/txt_CVVstate'

2020-12-24 00:09:01 - [MESSAGE][PASSED] - Object 'Object Repository/VLink/Page_CCSale/txt_TrackData' is present

2020-12-24 00:09:02 - [MESSAGE][PASSED] - Text '' is set on object 'Object Repository/VLink/Page_CCSale/txt_TrackData'

2020-12-24 00:09:02 - [MESSAGE][PASSED] - Object 'Object Repository/VLink/Page_CCSale/txt_Track1Data' is present

2020-12-24 00:09:03 - [MESSAGE][PASSED] - Text '' is set on object 'Object Repository/VLink/Page_CCSale/txt_Track1Data'

2020-12-24 00:09:03 - [MESSAGE][PASSED] - Object 'Object Repository/VLink/Page_CCSale/txt_Track2Data' is present

2020-12-24 00:09:04 - [MESSAGE][PASSED] - Text '' is set on object 'Object Repository/VLink/Page_CCSale/txt_Track2Data'

2020-12-24 00:09:04 - [MESSAGE][PASSED] - Object 'Object Repository/VLink/Page_CCSale/txt_POSEntryMode' is present

2020-12-24 00:09:05 - [MESSAGE][PASSED] - Text 'manual' is set on object 'Object Repository/VLink/Page_CCSale/txt_POSEntryMode'

2020-12-24 00:09:05 - [MESSAGE][PASSED] - Object 'Object Repository/VLink/Page_CCSale/txt_Email' is present

2020-12-24 00:09:06 - [MESSAGE][PASSED] - Text '' is set on object 'Object Repository/VLink/Page_CCSale/txt_Email'

2020-12-24 00:09:06 - [MESSAGE][PASSED] - Object 'Object Repository/VLink/Page_CCSale/txt_OrderNumber' is present

2020-12-24 00:09:07 - [MESSAGE][PASSED] - Text '' is set on object 'Object Repository/VLink/Page_CCSale/txt_OrderNumber'

2020-12-24 00:09:07 - [MESSAGE][PASSED] - Object 'Object Repository/VLink/Page_CCSale/txt_TaxAmount' is present

2020-12-24 00:09:08 - [MESSAGE][PASSED] - Text '' is set on object 'Object Repository/VLink/Page_CCSale/txt_TaxAmount'

2020-12-24 00:09:08 - [MESSAGE][PASSED] - Object 'Object Repository/VLink/Page_CCSale/txt_ChargeDescription' is present

2020-12-24 00:09:09 - [MESSAGE][PASSED] - Text '' is set on object 'Object Repository/VLink/Page_CCSale/txt_ChargeDescription'

2020-12-24 00:09:09 - [MESSAGE][PASSED] - Object 'Object Repository/VLink/Page_CCSale/txt_CAN' is present

2020-12-24 00:09:10 - [MESSAGE][PASSED] - Text '' is set on object 'Object Repository/VLink/Page_CCSale/txt_CAN'

2020-12-24 00:09:10 - [MESSAGE][PASSED] - Object 'Object Repository/VLink/Page_CCSale/txt_BillPaymentIndicator' is present

2020-12-24 00:09:11 - [MESSAGE][PASSED] - Text '' is set on object 'Object Repository/VLink/Page_CCSale/txt_BillPaymentIndicator'

2020-12-24 00:09:11 - [MESSAGE][PASSED] - Object 'Object Repository/VLink/Page_CCSale/txt_UDF1' is present

2020-12-24 00:09:12 - [MESSAGE][PASSED] - Text '' is set on object 'Object Repository/VLink/Page_CCSale/txt_UDF1'

2020-12-24 00:09:12 - [MESSAGE][PASSED] - Object 'Object Repository/VLink/Page_CCSale/txt_UDF2' is present

2020-12-24 00:09:13 - [MESSAGE][PASSED] - Text '' is set on object 'Object Repository/VLink/Page_CCSale/txt_UDF2'

2020-12-24 00:09:13 - [MESSAGE][PASSED] - Object 'Object Repository/VLink/Page_CCSale/txt_UDF3' is present

2020-12-24 00:09:14 - [MESSAGE][PASSED] - Text '' is set on object 'Object Repository/VLink/Page_CCSale/txt_UDF3'

2020-12-24 00:09:14 - [MESSAGE][PASSED] - Object 'Object Repository/VLink/Page_CCSale/txt_UDF4' is present

2020-12-24 00:09:15 - [MESSAGE][PASSED] - Text '' is set on object 'Object Repository/VLink/Page_CCSale/txt_UDF4'

2020-12-24 00:09:15 - [MESSAGE][PASSED] - Object 'Object Repository/VLink/Page_CCSale/txt_UDF5' is present

2020-12-24 00:09:16 - [MESSAGE][PASSED] - Text '' is set on object 'Object Repository/VLink/Page_CCSale/txt_UDF5'

2020-12-24 00:09:16 - [MESSAGE][PASSED] - Object 'Object Repository/VLink/Page_CCSale/txt_UDF6' is present

2020-12-24 00:09:17 - [MESSAGE][PASSED] - Text '' is set on object 'Object Repository/VLink/Page_CCSale/txt_UDF6'

2020-12-24 00:09:17 - [MESSAGE][PASSED] - Object 'Object Repository/VLink/Page_CCSale/txt_UDF7' is present

2020-12-24 00:09:18 - [MESSAGE][PASSED] - Text '' is set on object 'Object Repository/VLink/Page_CCSale/txt_UDF7'

2020-12-24 00:09:18 - [MESSAGE][PASSED] - Object 'Object Repository/VLink/Page_CCSale/txt_UDF8' is present

2020-12-24 00:09:19 - [MESSAGE][PASSED] - Text '' is set on object 'Object Repository/VLink/Page_CCSale/txt_UDF8'

2020-12-24 00:09:19 - [MESSAGE][PASSED] - Object 'Object Repository/VLink/Page_CCSale/txt_UDF9' is present

2020-12-24 00:09:20 - [MESSAGE][PASSED] - Text '' is set on object 'Object Repository/VLink/Page_CCSale/txt_UDF9'

2020-12-24 00:09:20 - [MESSAGE][PASSED] - Object 'Object Repository/VLink/Page_CCSale/txt_UDF10' is present

2020-12-24 00:09:21 - [MESSAGE][PASSED] - Text '' is set on object 'Object Repository/VLink/Page_CCSale/txt_UDF10'

2020-12-24 00:09:21 - [MESSAGE][PASSED] - Object 'Object Repository/VLink/Page_CCSale/txt_CardOnFileIndicator' is present

2020-12-24 00:09:22 - [MESSAGE][PASSED] - Text '' is set on object 'Object Repository/VLink/Page_CCSale/txt_CardOnFileIndicator'

2020-12-24 00:09:22 - [MESSAGE][PASSED] - Object 'Object Repository/VLink/Page_CCSale/txt_StoredCredentialIndicator' is present

2020-12-24 00:09:23 - [MESSAGE][PASSED] - Text '' is set on object 'Object Repository/VLink/Page_CCSale/txt_StoredCredentialIndicator'

2020-12-24 00:09:23 - [MESSAGE][PASSED] - Object 'Object Repository/VLink/Page_CCSale/txt_COFScheduledIndicator' is present

2020-12-24 00:09:24 - [MESSAGE][PASSED] - Text '' is set on object 'Object Repository/VLink/Page_CCSale/txt_COFScheduledIndicator'

2020-12-24 00:09:24 - [MESSAGE][PASSED] - Object 'Object Repository/VLink/Page_CCSale/txt_COFTransactionInitiatedBy' is present

2020-12-24 00:09:25 - [MESSAGE][PASSED] - Text '' is set on object 'Object Repository/VLink/Page_CCSale/txt_COFTransactionInitiatedBy'

2020-12-24 00:09:30 - [MESSAGE][PASSED] - Object: 'Object Repository/VLink/Page_CCSale/btn_ProcessVLinkTransaction' is clicked on

2020-12-24 00:09:35 - [MESSAGE][PASSED] - vlinkPages.saleCCPage.setDataSCC is PASSED

2020-12-24 00:09:35 - [TEST_STEP][PASSED] - if (verifyTextPresent("Transaction approved, no errors", true)): null

2020-12-24 00:09:35 - [MESSAGE][PASSED] - Text 'Transaction approved, no errors' is present on page  using regular expression

2020-12-24 00:09:35 - [TEST_STEP][PASSED] - println("Transaction Approved, no errors text is present on the Confirmation page"): null

2020-12-24 00:09:35 - [TEST_STEP][PASSED] - out.println("Pass Record Number: " + row): null

2020-12-24 00:09:35 - [TEST_STEP][PASSED] - resText = "Pass": null

2020-12-24 00:09:35 - [TEST_STEP][PASSED] - pages.WriteExcel.demoKey(resText, datText, resColumn, datCloumn, fileLoc, nameSheet, row): pages.WriteExcel.demoKey is PASSED

2020-12-24 00:09:35 - [MESSAGE][PASSED] - pages.WriteExcel.demoKey is PASSED

2020-12-24 00:09:35 - [TEST_STEP][PASSED] - sdfo = getText(findTestObject("Object Repository/Page_VLinkReceipt/pre_STX")): Text of object 'Object Repository/Page_VLinkReceipt/pre_STX' is: '<STX>nm4RuyPTDqQm                  12088093            0  Transaction approved, no errors                   0                                                                                  Y OK9438   <ETX>'

2020-12-24 00:09:36 - [MESSAGE][PASSED] - Text of object 'Object Repository/Page_VLinkReceipt/pre_STX' is: '<STX>nm4RuyPTDqQm                  12088093            0  Transaction approved, no errors                   0                                                                                  Y OK9438   <ETX>'

2020-12-24 00:09:36 - [TEST_STEP][PASSED] - out.println("sdfo: " + sdfo): null

2020-12-24 00:09:36 - [TEST_STEP][PASSED] - remID = substring(5, 35).trim(): null

2020-12-24 00:09:36 - [TEST_STEP][PASSED] - out.println("Remittance ID: " + remID): null

2020-12-24 00:09:36 - [TEST_STEP][PASSED] - traxID = substring(35, 55).trim(): null

2020-12-24 00:09:36 - [TEST_STEP][PASSED] - out.println("Transaction ID: " + traxID): null

2020-12-24 00:09:36 - [TEST_STEP][PASSED] - out.println("End Record Number: " + row): null

2020-12-24 00:09:36 - [TEST_STEP][PASSED] - closeBrowser(): Browser is closed

2020-12-24 00:09:37 - [MESSAGE][PASSED] - Browser is closed

2020-12-24 00:09:37 - [TEST_STEP][PASSED] - out.println("Begin Record Number: " + row): null

2020-12-24 00:09:37 - [TEST_STEP][PASSED] - today = new java.util.Date(): null

2020-12-24 00:09:37 - [TEST_STEP][PASSED] - println(today): null

2020-12-24 00:09:37 - [TEST_STEP][PASSED] - datText = today: null

2020-12-24 00:09:37 - [TEST_STEP][PASSED] - openBrowser(VLinkURL + "authcap.html"): Browser is opened with url: 'https://dev-algorithm.govolution.com/vlinktest/QA/version_2_0/authcap.html'

2020-12-24 00:09:37 - [MESSAGE][INFO] - Starting 'Chrome' driver

2020-12-24 00:09:37 - [MESSAGE][INFO] - User set preference: ['acceptInsecureCerts', 'true']

2020-12-24 00:09:37 - [MESSAGE][INFO] - Action delay is set to 0 milliseconds

2020-12-24 00:09:40 - [MESSAGE][PASSED] - Browser is opened with url: 'https://dev-algorithm.govolution.com/vlinktest/QA/version_2_0/authcap.html'

2020-12-24 00:09:40 - [TEST_STEP][PASSED] - maximizeWindow(): Current window maximized

2020-12-24 00:09:40 - [MESSAGE][PASSED] - Current window maximized

2020-12-24 00:09:40 - [TEST_STEP][PASSED] - vlinkPages.saleCCPage.setDataSCC(row, dataFile): vlinkPages.saleCCPage.setDataSCC is PASSED

2020-12-24 00:09:42 - [MESSAGE][PASSED] - Object 'Object Repository/VLink/Page_CCSale/txt_CardNumber' is present

2020-12-24 00:09:42 - [MESSAGE][PASSED] - Object 'Object Repository/VLink/Page_CCSale/txt_TransactionType' is present

2020-12-24 00:09:43 - [MESSAGE][PASSED] - Text '104' is set on object 'Object Repository/VLink/Page_CCSale/txt_TransactionType'

2020-12-24 00:09:43 - [MESSAGE][PASSED] - Object 'Object Repository/VLink/Page_CCSale/txt_MessageVersion' is present

2020-12-24 00:09:44 - [MESSAGE][PASSED] - Text '2.0C' is set on object 'Object Repository/VLink/Page_CCSale/txt_MessageVersion'

2020-12-24 00:09:44 - [MESSAGE][PASSED] - Object 'Object Repository/VLink/Page_CCSale/txt_RemID' is present

2020-12-24 00:09:45 - [MESSAGE][PASSED] - Text 'e92ABpZW5Cnv' is set on object 'Object Repository/VLink/Page_CCSale/txt_RemID'

2020-12-24 00:09:45 - [MESSAGE][PASSED] - Object 'Object Repository/VLink/Page_CCSale/txt_ApplicationId' is present

2020-12-24 00:09:46 - [MESSAGE][PASSED] - Text '670' is set on object 'Object Repository/VLink/Page_CCSale/txt_ApplicationId'

2020-12-24 00:09:46 - [MESSAGE][PASSED] - Object 'Object Repository/VLink/Page_CCSale/txt_Username' is present

2020-12-24 00:09:46 - [MESSAGE][PASSED] - Text 'username' is set on object 'Object Repository/VLink/Page_CCSale/txt_Username'

2020-12-24 00:09:47 - [MESSAGE][PASSED] - Object 'Object Repository/VLink/Page_CCSale/txt_Password' is present

2020-12-24 00:09:47 - [MESSAGE][PASSED] - Text 'password' is set on object 'Object Repository/VLink/Page_CCSale/txt_Password'

2020-12-24 00:09:48 - [MESSAGE][PASSED] - Object 'Object Repository/VLink/Page_CCSale/txt_ResponseFormat' is present

2020-12-24 00:09:48 - [MESSAGE][PASSED] - Text 'fixed_width' is set on object 'Object Repository/VLink/Page_CCSale/txt_ResponseFormat'

2020-12-24 00:09:48 - [MESSAGE][PASSED] - Object 'Object Repository/VLink/Page_CCSale/txt_Category' is present

2020-12-24 00:09:49 - [MESSAGE][PASSED] - Text 'MOTO' is set on object 'Object Repository/VLink/Page_CCSale/txt_Category'

2020-12-24 00:09:49 - [MESSAGE][PASSED] - Object 'Object Repository/VLink/Page_CCSale/txt_TransactionID' is present

2020-12-24 00:09:50 - [MESSAGE][PASSED] - Text '' is set on object 'Object Repository/VLink/Page_CCSale/txt_TransactionID'

2020-12-24 00:09:50 - [MESSAGE][PASSED] - Object 'Object Repository/VLink/Page_CCSale/txt_ApprovalCode' is present

2020-12-24 00:09:51 - [MESSAGE][PASSED] - Text '' is set on object 'Object Repository/VLink/Page_CCSale/txt_ApprovalCode'

2020-12-24 00:09:51 - [MESSAGE][PASSED] - Object 'Object Repository/VLink/Page_CCSale/txt_CardName' is present

2020-12-24 00:09:52 - [MESSAGE][PASSED] - Text 'Roshan Maha' is set on object 'Object Repository/VLink/Page_CCSale/txt_CardName'

2020-12-24 00:09:52 - [MESSAGE][PASSED] - Object 'Object Repository/VLink/Page_CCSale/txt_AL1' is present

2020-12-24 00:09:53 - [MESSAGE][PASSED] - Text '12563 Bazaar road' is set on object 'Object Repository/VLink/Page_CCSale/txt_AL1'

2020-12-24 00:09:53 - [MESSAGE][PASSED] - Object 'Object Repository/VLink/Page_CCSale/txt_AL2' is present

2020-12-24 00:09:54 - [MESSAGE][PASSED] - Text '' is set on object 'Object Repository/VLink/Page_CCSale/txt_AL2'

2020-12-24 00:09:54 - [MESSAGE][PASSED] - Object 'Object Repository/VLink/Page_CCSale/txt_CardCity' is present

2020-12-24 00:09:55 - [MESSAGE][PASSED] - Text 'Crofton' is set on object 'Object Repository/VLink/Page_CCSale/txt_CardCity'

2020-12-24 00:09:55 - [MESSAGE][PASSED] - Object 'Object Repository/VLink/Page_CCSale/txt_CardState' is present

2020-12-24 00:09:56 - [MESSAGE][PASSED] - Text 'MD' is set on object 'Object Repository/VLink/Page_CCSale/txt_CardState'

2020-12-24 00:09:56 - [MESSAGE][PASSED] - Object 'Object Repository/VLink/Page_CCSale/txt_CardZIP' is present

2020-12-24 00:09:57 - [MESSAGE][PASSED] - Text '21114' is set on object 'Object Repository/VLink/Page_CCSale/txt_CardZIP'

2020-12-24 00:09:57 - [MESSAGE][PASSED] - Object 'Object Repository/VLink/Page_CCSale/txt_CountryID' is present

2020-12-24 00:09:58 - [MESSAGE][PASSED] - Text '' is set on object 'Object Repository/VLink/Page_CCSale/txt_CountryID'

2020-12-24 00:09:58 - [MESSAGE][PASSED] - Object 'Object Repository/VLink/Page_CCSale/txt_Amount' is present

2020-12-24 00:09:59 - [MESSAGE][PASSED] - Text '3.50' is set on object 'Object Repository/VLink/Page_CCSale/txt_Amount'

2020-12-24 00:09:59 - [MESSAGE][PASSED] - Object 'Object Repository/VLink/Page_CCSale/txt_CardNumber' is present

2020-12-24 00:10:00 - [MESSAGE][PASSED] - Text '5424000000000015' is set on object 'Object Repository/VLink/Page_CCSale/txt_CardNumber'

2020-12-24 00:10:00 - [MESSAGE][PASSED] - Object 'Object Repository/VLink/Page_CCSale/txt_ExpMonth' is present

2020-12-24 00:10:00 - [MESSAGE][PASSED] - Text '01' is set on object 'Object Repository/VLink/Page_CCSale/txt_ExpMonth'

2020-12-24 00:10:01 - [MESSAGE][PASSED] - Object 'Object Repository/VLink/Page_CCSale/txt_ExpYear' is present

2020-12-24 00:10:01 - [MESSAGE][PASSED] - Text '2026' is set on object 'Object Repository/VLink/Page_CCSale/txt_ExpYear'

2020-12-24 00:10:02 - [MESSAGE][PASSED] - Object 'Object Repository/VLink/Page_CCSale/txt_CVV' is present

2020-12-24 00:10:02 - [MESSAGE][PASSED] - Text '' is set on object 'Object Repository/VLink/Page_CCSale/txt_CVV'

2020-12-24 00:10:03 - [MESSAGE][PASSED] - Object 'Object Repository/VLink/Page_CCSale/txt_CVVstate' is present

2020-12-24 00:10:03 - [MESSAGE][PASSED] - Text '' is set on object 'Object Repository/VLink/Page_CCSale/txt_CVVstate'

2020-12-24 00:10:04 - [MESSAGE][PASSED] - Object 'Object Repository/VLink/Page_CCSale/txt_TrackData' is present

2020-12-24 00:10:04 - [MESSAGE][PASSED] - Text '' is set on object 'Object Repository/VLink/Page_CCSale/txt_TrackData'

2020-12-24 00:10:05 - [MESSAGE][PASSED] - Object 'Object Repository/VLink/Page_CCSale/txt_Track1Data' is present

2020-12-24 00:10:05 - [MESSAGE][PASSED] - Text '' is set on object 'Object Repository/VLink/Page_CCSale/txt_Track1Data'

2020-12-24 00:10:06 - [MESSAGE][PASSED] - Object 'Object Repository/VLink/Page_CCSale/txt_Track2Data' is present

2020-12-24 00:10:06 - [MESSAGE][PASSED] - Text '' is set on object 'Object Repository/VLink/Page_CCSale/txt_Track2Data'

2020-12-24 00:10:07 - [MESSAGE][PASSED] - Object 'Object Repository/VLink/Page_CCSale/txt_POSEntryMode' is present

2020-12-24 00:10:07 - [MESSAGE][PASSED] - Text 'manual' is set on object 'Object Repository/VLink/Page_CCSale/txt_POSEntryMode'

2020-12-24 00:10:08 - [MESSAGE][PASSED] - Object 'Object Repository/VLink/Page_CCSale/txt_Email' is present

2020-12-24 00:10:08 - [MESSAGE][PASSED] - Text '' is set on object 'Object Repository/VLink/Page_CCSale/txt_Email'

2020-12-24 00:10:09 - [MESSAGE][PASSED] - Object 'Object Repository/VLink/Page_CCSale/txt_OrderNumber' is present

2020-12-24 00:10:09 - [MESSAGE][PASSED] - Text '' is set on object 'Object Repository/VLink/Page_CCSale/txt_OrderNumber'

2020-12-24 00:10:10 - [MESSAGE][PASSED] - Object 'Object Repository/VLink/Page_CCSale/txt_TaxAmount' is present

2020-12-24 00:10:10 - [MESSAGE][PASSED] - Text '' is set on object 'Object Repository/VLink/Page_CCSale/txt_TaxAmount'

2020-12-24 00:10:11 - [MESSAGE][PASSED] - Object 'Object Repository/VLink/Page_CCSale/txt_ChargeDescription' is present

2020-12-24 00:10:11 - [MESSAGE][PASSED] - Text '' is set on object 'Object Repository/VLink/Page_CCSale/txt_ChargeDescription'

2020-12-24 00:10:11 - [MESSAGE][PASSED] - Object 'Object Repository/VLink/Page_CCSale/txt_CAN' is present

2020-12-24 00:10:12 - [MESSAGE][PASSED] - Text '' is set on object 'Object Repository/VLink/Page_CCSale/txt_CAN'

2020-12-24 00:10:12 - [MESSAGE][PASSED] - Object 'Object Repository/VLink/Page_CCSale/txt_BillPaymentIndicator' is present

2020-12-24 00:10:13 - [MESSAGE][PASSED] - Text '' is set on object 'Object Repository/VLink/Page_CCSale/txt_BillPaymentIndicator'

2020-12-24 00:10:13 - [MESSAGE][PASSED] - Object 'Object Repository/VLink/Page_CCSale/txt_UDF1' is present

2020-12-24 00:10:14 - [MESSAGE][PASSED] - Text '' is set on object 'Object Repository/VLink/Page_CCSale/txt_UDF1'

2020-12-24 00:10:14 - [MESSAGE][PASSED] - Object 'Object Repository/VLink/Page_CCSale/txt_UDF2' is present

2020-12-24 00:10:15 - [MESSAGE][PASSED] - Text '' is set on object 'Object Repository/VLink/Page_CCSale/txt_UDF2'

2020-12-24 00:10:15 - [MESSAGE][PASSED] - Object 'Object Repository/VLink/Page_CCSale/txt_UDF3' is present

2020-12-24 00:10:16 - [MESSAGE][PASSED] - Text '' is set on object 'Object Repository/VLink/Page_CCSale/txt_UDF3'

2020-12-24 00:10:16 - [MESSAGE][PASSED] - Object 'Object Repository/VLink/Page_CCSale/txt_UDF4' is present

2020-12-24 00:10:17 - [MESSAGE][PASSED] - Text '' is set on object 'Object Repository/VLink/Page_CCSale/txt_UDF4'

2020-12-24 00:10:17 - [MESSAGE][PASSED] - Object 'Object Repository/VLink/Page_CCSale/txt_UDF5' is present

2020-12-24 00:10:18 - [MESSAGE][PASSED] - Text '' is set on object 'Object Repository/VLink/Page_CCSale/txt_UDF5'

2020-12-24 00:10:18 - [MESSAGE][PASSED] - Object 'Object Repository/VLink/Page_CCSale/txt_UDF6' is present

2020-12-24 00:10:19 - [MESSAGE][PASSED] - Text '' is set on object 'Object Repository/VLink/Page_CCSale/txt_UDF6'

2020-12-24 00:10:19 - [MESSAGE][PASSED] - Object 'Object Repository/VLink/Page_CCSale/txt_UDF7' is present

2020-12-24 00:10:20 - [MESSAGE][PASSED] - Text '' is set on object 'Object Repository/VLink/Page_CCSale/txt_UDF7'

2020-12-24 00:10:20 - [MESSAGE][PASSED] - Object 'Object Repository/VLink/Page_CCSale/txt_UDF8' is present

2020-12-24 00:10:21 - [MESSAGE][PASSED] - Text '' is set on object 'Object Repository/VLink/Page_CCSale/txt_UDF8'

2020-12-24 00:10:21 - [MESSAGE][PASSED] - Object 'Object Repository/VLink/Page_CCSale/txt_UDF9' is present

2020-12-24 00:10:22 - [MESSAGE][PASSED] - Text '' is set on object 'Object Repository/VLink/Page_CCSale/txt_UDF9'

2020-12-24 00:10:22 - [MESSAGE][PASSED] - Object 'Object Repository/VLink/Page_CCSale/txt_UDF10' is present

2020-12-24 00:10:23 - [MESSAGE][PASSED] - Text '' is set on object 'Object Repository/VLink/Page_CCSale/txt_UDF10'

2020-12-24 00:10:23 - [MESSAGE][PASSED] - Object 'Object Repository/VLink/Page_CCSale/txt_CardOnFileIndicator' is present

2020-12-24 00:10:24 - [MESSAGE][PASSED] - Text '' is set on object 'Object Repository/VLink/Page_CCSale/txt_CardOnFileIndicator'

2020-12-24 00:10:24 - [MESSAGE][PASSED] - Object 'Object Repository/VLink/Page_CCSale/txt_StoredCredentialIndicator' is present

2020-12-24 00:10:25 - [MESSAGE][PASSED] - Text '' is set on object 'Object Repository/VLink/Page_CCSale/txt_StoredCredentialIndicator'

2020-12-24 00:10:25 - [MESSAGE][PASSED] - Object 'Object Repository/VLink/Page_CCSale/txt_COFScheduledIndicator' is present

2020-12-24 00:10:26 - [MESSAGE][PASSED] - Text '' is set on object 'Object Repository/VLink/Page_CCSale/txt_COFScheduledIndicator'

2020-12-24 00:10:26 - [MESSAGE][PASSED] - Object 'Object Repository/VLink/Page_CCSale/txt_COFTransactionInitiatedBy' is present

2020-12-24 00:10:27 - [MESSAGE][PASSED] - Text '' is set on object 'Object Repository/VLink/Page_CCSale/txt_COFTransactionInitiatedBy'

2020-12-24 00:10:30 - [MESSAGE][PASSED] - Object: 'Object Repository/VLink/Page_CCSale/btn_ProcessVLinkTransaction' is clicked on

2020-12-24 00:10:35 - [MESSAGE][PASSED] - vlinkPages.saleCCPage.setDataSCC is PASSED

2020-12-24 00:10:35 - [TEST_STEP][PASSED] - if (verifyTextPresent("Transaction approved, no errors", true)): null

2020-12-24 00:10:36 - [MESSAGE][PASSED] - Text 'Transaction approved, no errors' is present on page  using regular expression

2020-12-24 00:10:36 - [TEST_STEP][PASSED] - println("Transaction Approved, no errors text is present on the Confirmation page"): null

2020-12-24 00:10:36 - [TEST_STEP][PASSED] - out.println("Pass Record Number: " + row): null

2020-12-24 00:10:36 - [TEST_STEP][PASSED] - resText = "Pass": null

2020-12-24 00:10:36 - [TEST_STEP][PASSED] - pages.WriteExcel.demoKey(resText, datText, resColumn, datCloumn, fileLoc, nameSheet, row): pages.WriteExcel.demoKey is PASSED

2020-12-24 00:10:36 - [MESSAGE][PASSED] - pages.WriteExcel.demoKey is PASSED

2020-12-24 00:10:36 - [TEST_STEP][PASSED] - sdfo = getText(findTestObject("Object Repository/Page_VLinkReceipt/pre_STX")): Text of object 'Object Repository/Page_VLinkReceipt/pre_STX' is: '<STX>e92ABpZW5Cnv                  12088094            0  Transaction approved, no errors                   0                                                                                  Y OK9958   <ETX>'

2020-12-24 00:10:36 - [MESSAGE][PASSED] - Text of object 'Object Repository/Page_VLinkReceipt/pre_STX' is: '<STX>e92ABpZW5Cnv                  12088094            0  Transaction approved, no errors                   0                                                                                  Y OK9958   <ETX>'

2020-12-24 00:10:36 - [TEST_STEP][PASSED] - out.println("sdfo: " + sdfo): null

2020-12-24 00:10:36 - [TEST_STEP][PASSED] - remID = substring(5, 35).trim(): null

2020-12-24 00:10:36 - [TEST_STEP][PASSED] - out.println("Remittance ID: " + remID): null

2020-12-24 00:10:36 - [TEST_STEP][PASSED] - traxID = substring(35, 55).trim(): null

2020-12-24 00:10:36 - [TEST_STEP][PASSED] - out.println("Transaction ID: " + traxID): null

2020-12-24 00:10:36 - [TEST_STEP][PASSED] - out.println("End Record Number: " + row): null

2020-12-24 00:10:36 - [TEST_STEP][PASSED] - closeBrowser(): Browser is closed

2020-12-24 00:10:37 - [MESSAGE][PASSED] - Browser is closed

2020-12-24 00:10:37 - [TEST_STEP][PASSED] - out.println("Begin Record Number: " + row): null

2020-12-24 00:10:37 - [TEST_STEP][PASSED] - today = new java.util.Date(): null

2020-12-24 00:10:37 - [TEST_STEP][PASSED] - println(today): null

2020-12-24 00:10:37 - [TEST_STEP][PASSED] - datText = today: null

2020-12-24 00:10:37 - [TEST_STEP][PASSED] - openBrowser(VLinkURL + "authcap.html"): Browser is opened with url: 'https://dev-algorithm.govolution.com/vlinktest/QA/version_2_0/authcap.html'

2020-12-24 00:10:37 - [MESSAGE][INFO] - Starting 'Chrome' driver

2020-12-24 00:10:37 - [MESSAGE][INFO] - User set preference: ['acceptInsecureCerts', 'true']

2020-12-24 00:10:37 - [MESSAGE][INFO] - Action delay is set to 0 milliseconds

2020-12-24 00:10:41 - [MESSAGE][PASSED] - Browser is opened with url: 'https://dev-algorithm.govolution.com/vlinktest/QA/version_2_0/authcap.html'

2020-12-24 00:10:41 - [TEST_STEP][PASSED] - maximizeWindow(): Current window maximized

2020-12-24 00:10:41 - [MESSAGE][PASSED] - Current window maximized

2020-12-24 00:10:41 - [TEST_STEP][PASSED] - vlinkPages.saleCCPage.setDataSCC(row, dataFile): vlinkPages.saleCCPage.setDataSCC is PASSED

2020-12-24 00:10:43 - [MESSAGE][PASSED] - Object 'Object Repository/VLink/Page_CCSale/txt_CardNumber' is present

2020-12-24 00:10:43 - [MESSAGE][PASSED] - Object 'Object Repository/VLink/Page_CCSale/txt_TransactionType' is present

2020-12-24 00:10:44 - [MESSAGE][PASSED] - Text '104' is set on object 'Object Repository/VLink/Page_CCSale/txt_TransactionType'

2020-12-24 00:10:44 - [MESSAGE][PASSED] - Object 'Object Repository/VLink/Page_CCSale/txt_MessageVersion' is present

2020-12-24 00:10:45 - [MESSAGE][PASSED] - Text '2.0C' is set on object 'Object Repository/VLink/Page_CCSale/txt_MessageVersion'

2020-12-24 00:10:45 - [MESSAGE][PASSED] - Object 'Object Repository/VLink/Page_CCSale/txt_RemID' is present

2020-12-24 00:10:46 - [MESSAGE][PASSED] - Text 'mul14bcmGKqI' is set on object 'Object Repository/VLink/Page_CCSale/txt_RemID'

2020-12-24 00:10:46 - [MESSAGE][PASSED] - Object 'Object Repository/VLink/Page_CCSale/txt_ApplicationId' is present

2020-12-24 00:10:47 - [MESSAGE][PASSED] - Text '670' is set on object 'Object Repository/VLink/Page_CCSale/txt_ApplicationId'

2020-12-24 00:10:47 - [MESSAGE][PASSED] - Object 'Object Repository/VLink/Page_CCSale/txt_Username' is present

2020-12-24 00:10:47 - [MESSAGE][PASSED] - Text 'username' is set on object 'Object Repository/VLink/Page_CCSale/txt_Username'

2020-12-24 00:10:48 - [MESSAGE][PASSED] - Object 'Object Repository/VLink/Page_CCSale/txt_Password' is present

2020-12-24 00:10:48 - [MESSAGE][PASSED] - Text 'password' is set on object 'Object Repository/VLink/Page_CCSale/txt_Password'

2020-12-24 00:10:49 - [MESSAGE][PASSED] - Object 'Object Repository/VLink/Page_CCSale/txt_ResponseFormat' is present

2020-12-24 00:10:49 - [MESSAGE][PASSED] - Text 'fixed_width' is set on object 'Object Repository/VLink/Page_CCSale/txt_ResponseFormat'

2020-12-24 00:10:50 - [MESSAGE][PASSED] - Object 'Object Repository/VLink/Page_CCSale/txt_Category' is present

2020-12-24 00:10:50 - [MESSAGE][PASSED] - Text 'MOTO' is set on object 'Object Repository/VLink/Page_CCSale/txt_Category'

2020-12-24 00:10:51 - [MESSAGE][PASSED] - Object 'Object Repository/VLink/Page_CCSale/txt_TransactionID' is present

2020-12-24 00:10:51 - [MESSAGE][PASSED] - Text '' is set on object 'Object Repository/VLink/Page_CCSale/txt_TransactionID'

2020-12-24 00:10:52 - [MESSAGE][PASSED] - Object 'Object Repository/VLink/Page_CCSale/txt_ApprovalCode' is present

2020-12-24 00:10:52 - [MESSAGE][PASSED] - Text '' is set on object 'Object Repository/VLink/Page_CCSale/txt_ApprovalCode'

2020-12-24 00:10:52 - [MESSAGE][PASSED] - Object 'Object Repository/VLink/Page_CCSale/txt_CardName' is present

2020-12-24 00:10:53 - [MESSAGE][PASSED] - Text 'Kris Roshan' is set on object 'Object Repository/VLink/Page_CCSale/txt_CardName'

2020-12-24 00:10:53 - [MESSAGE][PASSED] - Object 'Object Repository/VLink/Page_CCSale/txt_AL1' is present

2020-12-24 00:10:54 - [MESSAGE][PASSED] - Text '258 Elm Road' is set on object 'Object Repository/VLink/Page_CCSale/txt_AL1'

2020-12-24 00:10:54 - [MESSAGE][PASSED] - Object 'Object Repository/VLink/Page_CCSale/txt_AL2' is present

2020-12-24 00:10:55 - [MESSAGE][PASSED] - Text 'Suite 56' is set on object 'Object Repository/VLink/Page_CCSale/txt_AL2'

2020-12-24 00:10:55 - [MESSAGE][PASSED] - Object 'Object Repository/VLink/Page_CCSale/txt_CardCity' is present

2020-12-24 00:10:56 - [MESSAGE][PASSED] - Text 'Arlington' is set on object 'Object Repository/VLink/Page_CCSale/txt_CardCity'

2020-12-24 00:10:56 - [MESSAGE][PASSED] - Object 'Object Repository/VLink/Page_CCSale/txt_CardState' is present

2020-12-24 00:10:57 - [MESSAGE][PASSED] - Text 'VA' is set on object 'Object Repository/VLink/Page_CCSale/txt_CardState'

2020-12-24 00:10:57 - [MESSAGE][PASSED] - Object 'Object Repository/VLink/Page_CCSale/txt_CardZIP' is present

2020-12-24 00:10:58 - [MESSAGE][PASSED] - Text '22201' is set on object 'Object Repository/VLink/Page_CCSale/txt_CardZIP'

2020-12-24 00:10:58 - [MESSAGE][PASSED] - Object 'Object Repository/VLink/Page_CCSale/txt_CountryID' is present

2020-12-24 00:10:59 - [MESSAGE][PASSED] - Text '840' is set on object 'Object Repository/VLink/Page_CCSale/txt_CountryID'

2020-12-24 00:10:59 - [MESSAGE][PASSED] - Object 'Object Repository/VLink/Page_CCSale/txt_Amount' is present

2020-12-24 00:11:00 - [MESSAGE][PASSED] - Text '1.50' is set on object 'Object Repository/VLink/Page_CCSale/txt_Amount'

2020-12-24 00:11:00 - [MESSAGE][PASSED] - Object 'Object Repository/VLink/Page_CCSale/txt_CardNumber' is present

2020-12-24 00:11:01 - [MESSAGE][PASSED] - Text '370000000000002' is set on object 'Object Repository/VLink/Page_CCSale/txt_CardNumber'

2020-12-24 00:11:01 - [MESSAGE][PASSED] - Object 'Object Repository/VLink/Page_CCSale/txt_ExpMonth' is present

2020-12-24 00:11:02 - [MESSAGE][PASSED] - Text '12' is set on object 'Object Repository/VLink/Page_CCSale/txt_ExpMonth'

2020-12-24 00:11:02 - [MESSAGE][PASSED] - Object 'Object Repository/VLink/Page_CCSale/txt_ExpYear' is present

2020-12-24 00:11:03 - [MESSAGE][PASSED] - Text '2025' is set on object 'Object Repository/VLink/Page_CCSale/txt_ExpYear'

2020-12-24 00:11:03 - [MESSAGE][PASSED] - Object 'Object Repository/VLink/Page_CCSale/txt_CVV' is present

2020-12-24 00:11:04 - [MESSAGE][PASSED] - Text '' is set on object 'Object Repository/VLink/Page_CCSale/txt_CVV'

2020-12-24 00:11:04 - [MESSAGE][PASSED] - Object 'Object Repository/VLink/Page_CCSale/txt_CVVstate' is present

2020-12-24 00:11:05 - [MESSAGE][PASSED] - Text '' is set on object 'Object Repository/VLink/Page_CCSale/txt_CVVstate'

2020-12-24 00:11:05 - [MESSAGE][PASSED] - Object 'Object Repository/VLink/Page_CCSale/txt_TrackData' is present

2020-12-24 00:11:06 - [MESSAGE][PASSED] - Text '' is set on object 'Object Repository/VLink/Page_CCSale/txt_TrackData'

2020-12-24 00:11:06 - [MESSAGE][PASSED] - Object 'Object Repository/VLink/Page_CCSale/txt_Track1Data' is present

2020-12-24 00:11:07 - [MESSAGE][PASSED] - Text '' is set on object 'Object Repository/VLink/Page_CCSale/txt_Track1Data'

2020-12-24 00:11:07 - [MESSAGE][PASSED] - Object 'Object Repository/VLink/Page_CCSale/txt_Track2Data' is present

2020-12-24 00:11:08 - [MESSAGE][PASSED] - Text '' is set on object 'Object Repository/VLink/Page_CCSale/txt_Track2Data'

2020-12-24 00:11:08 - [MESSAGE][PASSED] - Object 'Object Repository/VLink/Page_CCSale/txt_POSEntryMode' is present

2020-12-24 00:11:09 - [MESSAGE][PASSED] - Text 'manual' is set on object 'Object Repository/VLink/Page_CCSale/txt_POSEntryMode'

2020-12-24 00:11:09 - [MESSAGE][PASSED] - Object 'Object Repository/VLink/Page_CCSale/txt_Email' is present

2020-12-24 00:11:10 - [MESSAGE][PASSED] - Text 'iahmed@govolution.com' is set on object 'Object Repository/VLink/Page_CCSale/txt_Email'

2020-12-24 00:11:10 - [MESSAGE][PASSED] - Object 'Object Repository/VLink/Page_CCSale/txt_OrderNumber' is present

2020-12-24 00:11:11 - [MESSAGE][PASSED] - Text '2569362' is set on object 'Object Repository/VLink/Page_CCSale/txt_OrderNumber'

2020-12-24 00:11:11 - [MESSAGE][PASSED] - Object 'Object Repository/VLink/Page_CCSale/txt_TaxAmount' is present

2020-12-24 00:11:12 - [MESSAGE][PASSED] - Text '1.15' is set on object 'Object Repository/VLink/Page_CCSale/txt_TaxAmount'

2020-12-24 00:11:12 - [MESSAGE][PASSED] - Object 'Object Repository/VLink/Page_CCSale/txt_ChargeDescription' is present

2020-12-24 00:11:13 - [MESSAGE][PASSED] - Text 'Charge Description' is set on object 'Object Repository/VLink/Page_CCSale/txt_ChargeDescription'

2020-12-24 00:11:13 - [MESSAGE][PASSED] - Object 'Object Repository/VLink/Page_CCSale/txt_CAN' is present

2020-12-24 00:11:14 - [MESSAGE][PASSED] - Text '147357' is set on object 'Object Repository/VLink/Page_CCSale/txt_CAN'

2020-12-24 00:11:14 - [MESSAGE][PASSED] - Object 'Object Repository/VLink/Page_CCSale/txt_BillPaymentIndicator' is present

2020-12-24 00:11:15 - [MESSAGE][PASSED] - Text '1' is set on object 'Object Repository/VLink/Page_CCSale/txt_BillPaymentIndicator'

2020-12-24 00:11:15 - [MESSAGE][PASSED] - Object 'Object Repository/VLink/Page_CCSale/txt_UDF1' is present

2020-12-24 00:11:16 - [MESSAGE][PASSED] - Text 'UDF Data 1' is set on object 'Object Repository/VLink/Page_CCSale/txt_UDF1'

2020-12-24 00:11:16 - [MESSAGE][PASSED] - Object 'Object Repository/VLink/Page_CCSale/txt_UDF2' is present

2020-12-24 00:11:17 - [MESSAGE][PASSED] - Text 'UDF Data 2' is set on object 'Object Repository/VLink/Page_CCSale/txt_UDF2'

2020-12-24 00:11:17 - [MESSAGE][PASSED] - Object 'Object Repository/VLink/Page_CCSale/txt_UDF3' is present

2020-12-24 00:11:18 - [MESSAGE][PASSED] - Text 'UDF Data 3' is set on object 'Object Repository/VLink/Page_CCSale/txt_UDF3'

2020-12-24 00:11:18 - [MESSAGE][PASSED] - Object 'Object Repository/VLink/Page_CCSale/txt_UDF4' is present

2020-12-24 00:11:19 - [MESSAGE][PASSED] - Text 'UDF Data 4' is set on object 'Object Repository/VLink/Page_CCSale/txt_UDF4'

2020-12-24 00:11:19 - [MESSAGE][PASSED] - Object 'Object Repository/VLink/Page_CCSale/txt_UDF5' is present

2020-12-24 00:11:20 - [MESSAGE][PASSED] - Text 'UDF Data 5' is set on object 'Object Repository/VLink/Page_CCSale/txt_UDF5'

2020-12-24 00:11:20 - [MESSAGE][PASSED] - Object 'Object Repository/VLink/Page_CCSale/txt_UDF6' is present

2020-12-24 00:11:21 - [MESSAGE][PASSED] - Text 'UDF Data 6' is set on object 'Object Repository/VLink/Page_CCSale/txt_UDF6'

2020-12-24 00:11:21 - [MESSAGE][PASSED] - Object 'Object Repository/VLink/Page_CCSale/txt_UDF7' is present

2020-12-24 00:11:22 - [MESSAGE][PASSED] - Text 'UDF Data 7' is set on object 'Object Repository/VLink/Page_CCSale/txt_UDF7'

2020-12-24 00:11:22 - [MESSAGE][PASSED] - Object 'Object Repository/VLink/Page_CCSale/txt_UDF8' is present

2020-12-24 00:11:23 - [MESSAGE][PASSED] - Text 'UDF Data 8' is set on object 'Object Repository/VLink/Page_CCSale/txt_UDF8'

2020-12-24 00:11:23 - [MESSAGE][PASSED] - Object 'Object Repository/VLink/Page_CCSale/txt_UDF9' is present

2020-12-24 00:11:24 - [MESSAGE][PASSED] - Text 'UDF Data 9' is set on object 'Object Repository/VLink/Page_CCSale/txt_UDF9'

2020-12-24 00:11:24 - [MESSAGE][PASSED] - Object 'Object Repository/VLink/Page_CCSale/txt_UDF10' is present

2020-12-24 00:11:25 - [MESSAGE][PASSED] - Text 'UDF Data 10' is set on object 'Object Repository/VLink/Page_CCSale/txt_UDF10'

2020-12-24 00:11:25 - [MESSAGE][PASSED] - Object 'Object Repository/VLink/Page_CCSale/txt_CardOnFileIndicator' is present

2020-12-24 00:11:25 - [MESSAGE][PASSED] - Text '' is set on object 'Object Repository/VLink/Page_CCSale/txt_CardOnFileIndicator'

2020-12-24 00:11:26 - [MESSAGE][PASSED] - Object 'Object Repository/VLink/Page_CCSale/txt_StoredCredentialIndicator' is present

2020-12-24 00:11:26 - [MESSAGE][PASSED] - Text '' is set on object 'Object Repository/VLink/Page_CCSale/txt_StoredCredentialIndicator'

2020-12-24 00:11:27 - [MESSAGE][PASSED] - Object 'Object Repository/VLink/Page_CCSale/txt_COFScheduledIndicator' is present

2020-12-24 00:11:27 - [MESSAGE][PASSED] - Text '' is set on object 'Object Repository/VLink/Page_CCSale/txt_COFScheduledIndicator'

2020-12-24 00:11:28 - [MESSAGE][PASSED] - Object 'Object Repository/VLink/Page_CCSale/txt_COFTransactionInitiatedBy' is present

2020-12-24 00:11:28 - [MESSAGE][PASSED] - Text '' is set on object 'Object Repository/VLink/Page_CCSale/txt_COFTransactionInitiatedBy'

2020-12-24 00:11:33 - [MESSAGE][PASSED] - Object: 'Object Repository/VLink/Page_CCSale/btn_ProcessVLinkTransaction' is clicked on

2020-12-24 00:11:38 - [MESSAGE][PASSED] - vlinkPages.saleCCPage.setDataSCC is PASSED

2020-12-24 00:11:38 - [TEST_STEP][PASSED] - if (verifyTextPresent("Transaction approved, no errors", true)): null

2020-12-24 00:11:39 - [MESSAGE][PASSED] - Text 'Transaction approved, no errors' is present on page  using regular expression

2020-12-24 00:11:39 - [TEST_STEP][PASSED] - println("Transaction Approved, no errors text is present on the Confirmation page"): null

2020-12-24 00:11:39 - [TEST_STEP][PASSED] - out.println("Pass Record Number: " + row): null

2020-12-24 00:11:39 - [TEST_STEP][PASSED] - resText = "Pass": null

2020-12-24 00:11:39 - [TEST_STEP][PASSED] - pages.WriteExcel.demoKey(resText, datText, resColumn, datCloumn, fileLoc, nameSheet, row): pages.WriteExcel.demoKey is PASSED

2020-12-24 00:11:39 - [MESSAGE][PASSED] - pages.WriteExcel.demoKey is PASSED

2020-12-24 00:11:39 - [TEST_STEP][PASSED] - sdfo = getText(findTestObject("Object Repository/Page_VLinkReceipt/pre_STX")): Text of object 'Object Repository/Page_VLinkReceipt/pre_STX' is: '<STX>mul14bcmGKqI                  12088095            0  Transaction approved, no errors                   0                                                                                  Y OK0338   <ETX>'

2020-12-24 00:11:39 - [MESSAGE][PASSED] - Text of object 'Object Repository/Page_VLinkReceipt/pre_STX' is: '<STX>mul14bcmGKqI                  12088095            0  Transaction approved, no errors                   0                                                                                  Y OK0338   <ETX>'

2020-12-24 00:11:39 - [TEST_STEP][PASSED] - out.println("sdfo: " + sdfo): null

2020-12-24 00:11:39 - [TEST_STEP][PASSED] - remID = substring(5, 35).trim(): null

2020-12-24 00:11:39 - [TEST_STEP][PASSED] - out.println("Remittance ID: " + remID): null

2020-12-24 00:11:39 - [TEST_STEP][PASSED] - traxID = substring(35, 55).trim(): null

2020-12-24 00:11:39 - [TEST_STEP][PASSED] - out.println("Transaction ID: " + traxID): null

2020-12-24 00:11:39 - [TEST_STEP][PASSED] - out.println("End Record Number: " + row): null

2020-12-24 00:11:39 - [TEST_STEP][PASSED] - closeBrowser(): Browser is closed

2020-12-24 00:11:40 - [MESSAGE][PASSED] - Browser is closed

2020-12-24 00:11:40 - [TEST_STEP][PASSED] - out.println("Begin Record Number: " + row): null

2020-12-24 00:11:40 - [TEST_STEP][PASSED] - today = new java.util.Date(): null

2020-12-24 00:11:40 - [TEST_STEP][PASSED] - println(today): null

2020-12-24 00:11:40 - [TEST_STEP][PASSED] - datText = today: null

2020-12-24 00:11:40 - [TEST_STEP][PASSED] - openBrowser(VLinkURL + "authcap.html"): Browser is opened with url: 'https://dev-algorithm.govolution.com/vlinktest/QA/version_2_0/authcap.html'

2020-12-24 00:11:40 - [MESSAGE][INFO] - Starting 'Chrome' driver

2020-12-24 00:11:40 - [MESSAGE][INFO] - User set preference: ['acceptInsecureCerts', 'true']

2020-12-24 00:11:40 - [MESSAGE][INFO] - Action delay is set to 0 milliseconds

2020-12-24 00:11:43 - [MESSAGE][PASSED] - Browser is opened with url: 'https://dev-algorithm.govolution.com/vlinktest/QA/version_2_0/authcap.html'

2020-12-24 00:11:43 - [TEST_STEP][PASSED] - maximizeWindow(): Current window maximized

2020-12-24 00:11:44 - [MESSAGE][PASSED] - Current window maximized

2020-12-24 00:11:44 - [TEST_STEP][PASSED] - vlinkPages.saleCCPage.setDataSCC(row, dataFile): vlinkPages.saleCCPage.setDataSCC is PASSED

2020-12-24 00:11:45 - [MESSAGE][PASSED] - Object 'Object Repository/VLink/Page_CCSale/txt_CardNumber' is present

2020-12-24 00:11:46 - [MESSAGE][PASSED] - Object 'Object Repository/VLink/Page_CCSale/txt_TransactionType' is present

2020-12-24 00:11:46 - [MESSAGE][PASSED] - Text '104' is set on object 'Object Repository/VLink/Page_CCSale/txt_TransactionType'

2020-12-24 00:11:47 - [MESSAGE][PASSED] - Object 'Object Repository/VLink/Page_CCSale/txt_MessageVersion' is present

2020-12-24 00:11:47 - [MESSAGE][PASSED] - Text '2.0C' is set on object 'Object Repository/VLink/Page_CCSale/txt_MessageVersion'

2020-12-24 00:11:47 - [MESSAGE][PASSED] - Object 'Object Repository/VLink/Page_CCSale/txt_RemID' is present

2020-12-24 00:11:48 - [MESSAGE][PASSED] - Text 'cO8UbC9t3vGU' is set on object 'Object Repository/VLink/Page_CCSale/txt_RemID'

2020-12-24 00:11:48 - [MESSAGE][PASSED] - Object 'Object Repository/VLink/Page_CCSale/txt_ApplicationId' is present

2020-12-24 00:11:49 - [MESSAGE][PASSED] - Text '670' is set on object 'Object Repository/VLink/Page_CCSale/txt_ApplicationId'

2020-12-24 00:11:49 - [MESSAGE][PASSED] - Object 'Object Repository/VLink/Page_CCSale/txt_Username' is present

2020-12-24 00:11:50 - [MESSAGE][PASSED] - Text 'username' is set on object 'Object Repository/VLink/Page_CCSale/txt_Username'

2020-12-24 00:11:50 - [MESSAGE][PASSED] - Object 'Object Repository/VLink/Page_CCSale/txt_Password' is present

2020-12-24 00:11:51 - [MESSAGE][PASSED] - Text 'password' is set on object 'Object Repository/VLink/Page_CCSale/txt_Password'

2020-12-24 00:11:51 - [MESSAGE][PASSED] - Object 'Object Repository/VLink/Page_CCSale/txt_ResponseFormat' is present

2020-12-24 00:11:52 - [MESSAGE][PASSED] - Text 'fixed_width' is set on object 'Object Repository/VLink/Page_CCSale/txt_ResponseFormat'

2020-12-24 00:11:52 - [MESSAGE][PASSED] - Object 'Object Repository/VLink/Page_CCSale/txt_Category' is present

2020-12-24 00:11:52 - [MESSAGE][PASSED] - Text 'MOTO' is set on object 'Object Repository/VLink/Page_CCSale/txt_Category'

2020-12-24 00:11:53 - [MESSAGE][PASSED] - Object 'Object Repository/VLink/Page_CCSale/txt_TransactionID' is present

2020-12-24 00:11:53 - [MESSAGE][PASSED] - Text '' is set on object 'Object Repository/VLink/Page_CCSale/txt_TransactionID'

2020-12-24 00:11:54 - [MESSAGE][PASSED] - Object 'Object Repository/VLink/Page_CCSale/txt_ApprovalCode' is present

2020-12-24 00:11:54 - [MESSAGE][PASSED] - Text '' is set on object 'Object Repository/VLink/Page_CCSale/txt_ApprovalCode'

2020-12-24 00:11:55 - [MESSAGE][PASSED] - Object 'Object Repository/VLink/Page_CCSale/txt_CardName' is present

2020-12-24 00:11:55 - [MESSAGE][PASSED] - Text 'Arvind Silva' is set on object 'Object Repository/VLink/Page_CCSale/txt_CardName'

2020-12-24 00:11:56 - [MESSAGE][PASSED] - Object 'Object Repository/VLink/Page_CCSale/txt_AL1' is present

2020-12-24 00:11:56 - [MESSAGE][PASSED] - Text '111 Main Ave' is set on object 'Object Repository/VLink/Page_CCSale/txt_AL1'

2020-12-24 00:11:57 - [MESSAGE][PASSED] - Object 'Object Repository/VLink/Page_CCSale/txt_AL2' is present

2020-12-24 00:11:57 - [MESSAGE][PASSED] - Text '' is set on object 'Object Repository/VLink/Page_CCSale/txt_AL2'

2020-12-24 00:11:58 - [MESSAGE][PASSED] - Object 'Object Repository/VLink/Page_CCSale/txt_CardCity' is present

2020-12-24 00:11:58 - [MESSAGE][PASSED] - Text 'Arlington' is set on object 'Object Repository/VLink/Page_CCSale/txt_CardCity'

2020-12-24 00:11:59 - [MESSAGE][PASSED] - Object 'Object Repository/VLink/Page_CCSale/txt_CardState' is present

2020-12-24 00:11:59 - [MESSAGE][PASSED] - Text 'VA' is set on object 'Object Repository/VLink/Page_CCSale/txt_CardState'

2020-12-24 00:12:00 - [MESSAGE][PASSED] - Object 'Object Repository/VLink/Page_CCSale/txt_CardZIP' is present

2020-12-24 00:12:00 - [MESSAGE][PASSED] - Text '22201' is set on object 'Object Repository/VLink/Page_CCSale/txt_CardZIP'

2020-12-24 00:12:01 - [MESSAGE][PASSED] - Object 'Object Repository/VLink/Page_CCSale/txt_CountryID' is present

2020-12-24 00:12:01 - [MESSAGE][PASSED] - Text '' is set on object 'Object Repository/VLink/Page_CCSale/txt_CountryID'

2020-12-24 00:12:02 - [MESSAGE][PASSED] - Object 'Object Repository/VLink/Page_CCSale/txt_Amount' is present

2020-12-24 00:12:02 - [MESSAGE][PASSED] - Text '2.50' is set on object 'Object Repository/VLink/Page_CCSale/txt_Amount'

2020-12-24 00:12:03 - [MESSAGE][PASSED] - Object 'Object Repository/VLink/Page_CCSale/txt_CardNumber' is present

2020-12-24 00:12:03 - [MESSAGE][PASSED] - Text '6011000000000004' is set on object 'Object Repository/VLink/Page_CCSale/txt_CardNumber'

2020-12-24 00:12:04 - [MESSAGE][PASSED] - Object 'Object Repository/VLink/Page_CCSale/txt_ExpMonth' is present

2020-12-24 00:12:04 - [MESSAGE][PASSED] - Text '01' is set on object 'Object Repository/VLink/Page_CCSale/txt_ExpMonth'

2020-12-24 00:12:04 - [MESSAGE][PASSED] - Object 'Object Repository/VLink/Page_CCSale/txt_ExpYear' is present

2020-12-24 00:12:05 - [MESSAGE][PASSED] - Text '2026' is set on object 'Object Repository/VLink/Page_CCSale/txt_ExpYear'

2020-12-24 00:12:05 - [MESSAGE][PASSED] - Object 'Object Repository/VLink/Page_CCSale/txt_CVV' is present

2020-12-24 00:12:06 - [MESSAGE][PASSED] - Text '' is set on object 'Object Repository/VLink/Page_CCSale/txt_CVV'

2020-12-24 00:12:06 - [MESSAGE][PASSED] - Object 'Object Repository/VLink/Page_CCSale/txt_CVVstate' is present

2020-12-24 00:12:07 - [MESSAGE][PASSED] - Text '' is set on object 'Object Repository/VLink/Page_CCSale/txt_CVVstate'

2020-12-24 00:12:07 - [MESSAGE][PASSED] - Object 'Object Repository/VLink/Page_CCSale/txt_TrackData' is present

2020-12-24 00:12:08 - [MESSAGE][PASSED] - Text '' is set on object 'Object Repository/VLink/Page_CCSale/txt_TrackData'

2020-12-24 00:12:08 - [MESSAGE][PASSED] - Object 'Object Repository/VLink/Page_CCSale/txt_Track1Data' is present

2020-12-24 00:12:09 - [MESSAGE][PASSED] - Text '' is set on object 'Object Repository/VLink/Page_CCSale/txt_Track1Data'

2020-12-24 00:12:09 - [MESSAGE][PASSED] - Object 'Object Repository/VLink/Page_CCSale/txt_Track2Data' is present

2020-12-24 00:12:10 - [MESSAGE][PASSED] - Text '' is set on object 'Object Repository/VLink/Page_CCSale/txt_Track2Data'

2020-12-24 00:12:10 - [MESSAGE][PASSED] - Object 'Object Repository/VLink/Page_CCSale/txt_POSEntryMode' is present

2020-12-24 00:12:11 - [MESSAGE][PASSED] - Text 'manual' is set on object 'Object Repository/VLink/Page_CCSale/txt_POSEntryMode'

2020-12-24 00:12:11 - [MESSAGE][PASSED] - Object 'Object Repository/VLink/Page_CCSale/txt_Email' is present

2020-12-24 00:12:12 - [MESSAGE][PASSED] - Text '' is set on object 'Object Repository/VLink/Page_CCSale/txt_Email'

2020-12-24 00:12:12 - [MESSAGE][PASSED] - Object 'Object Repository/VLink/Page_CCSale/txt_OrderNumber' is present

2020-12-24 00:12:13 - [MESSAGE][PASSED] - Text '' is set on object 'Object Repository/VLink/Page_CCSale/txt_OrderNumber'

2020-12-24 00:12:13 - [MESSAGE][PASSED] - Object 'Object Repository/VLink/Page_CCSale/txt_TaxAmount' is present

2020-12-24 00:12:14 - [MESSAGE][PASSED] - Text '' is set on object 'Object Repository/VLink/Page_CCSale/txt_TaxAmount'

2020-12-24 00:12:14 - [MESSAGE][PASSED] - Object 'Object Repository/VLink/Page_CCSale/txt_ChargeDescription' is present

2020-12-24 00:12:15 - [MESSAGE][PASSED] - Text '' is set on object 'Object Repository/VLink/Page_CCSale/txt_ChargeDescription'

2020-12-24 00:12:15 - [MESSAGE][PASSED] - Object 'Object Repository/VLink/Page_CCSale/txt_CAN' is present

2020-12-24 00:12:16 - [MESSAGE][PASSED] - Text '' is set on object 'Object Repository/VLink/Page_CCSale/txt_CAN'

2020-12-24 00:12:16 - [MESSAGE][PASSED] - Object 'Object Repository/VLink/Page_CCSale/txt_BillPaymentIndicator' is present

2020-12-24 00:12:17 - [MESSAGE][PASSED] - Text '' is set on object 'Object Repository/VLink/Page_CCSale/txt_BillPaymentIndicator'

2020-12-24 00:12:17 - [MESSAGE][PASSED] - Object 'Object Repository/VLink/Page_CCSale/txt_UDF1' is present

2020-12-24 00:12:18 - [MESSAGE][PASSED] - Text '' is set on object 'Object Repository/VLink/Page_CCSale/txt_UDF1'

2020-12-24 00:12:18 - [MESSAGE][PASSED] - Object 'Object Repository/VLink/Page_CCSale/txt_UDF2' is present

2020-12-24 00:12:19 - [MESSAGE][PASSED] - Text '' is set on object 'Object Repository/VLink/Page_CCSale/txt_UDF2'

2020-12-24 00:12:19 - [MESSAGE][PASSED] - Object 'Object Repository/VLink/Page_CCSale/txt_UDF3' is present

2020-12-24 00:12:20 - [MESSAGE][PASSED] - Text '' is set on object 'Object Repository/VLink/Page_CCSale/txt_UDF3'

2020-12-24 00:12:20 - [MESSAGE][PASSED] - Object 'Object Repository/VLink/Page_CCSale/txt_UDF4' is present

2020-12-24 00:12:21 - [MESSAGE][PASSED] - Text '' is set on object 'Object Repository/VLink/Page_CCSale/txt_UDF4'

2020-12-24 00:12:21 - [MESSAGE][PASSED] - Object 'Object Repository/VLink/Page_CCSale/txt_UDF5' is present

2020-12-24 00:12:22 - [MESSAGE][PASSED] - Text '' is set on object 'Object Repository/VLink/Page_CCSale/txt_UDF5'

2020-12-24 00:12:22 - [MESSAGE][PASSED] - Object 'Object Repository/VLink/Page_CCSale/txt_UDF6' is present

2020-12-24 00:12:23 - [MESSAGE][PASSED] - Text '' is set on object 'Object Repository/VLink/Page_CCSale/txt_UDF6'

2020-12-24 00:12:23 - [MESSAGE][PASSED] - Object 'Object Repository/VLink/Page_CCSale/txt_UDF7' is present

2020-12-24 00:12:24 - [MESSAGE][PASSED] - Text '' is set on object 'Object Repository/VLink/Page_CCSale/txt_UDF7'

2020-12-24 00:12:24 - [MESSAGE][PASSED] - Object 'Object Repository/VLink/Page_CCSale/txt_UDF8' is present

2020-12-24 00:12:25 - [MESSAGE][PASSED] - Text '' is set on object 'Object Repository/VLink/Page_CCSale/txt_UDF8'

2020-12-24 00:12:25 - [MESSAGE][PASSED] - Object 'Object Repository/VLink/Page_CCSale/txt_UDF9' is present

2020-12-24 00:12:26 - [MESSAGE][PASSED] - Text '' is set on object 'Object Repository/VLink/Page_CCSale/txt_UDF9'

2020-12-24 00:12:26 - [MESSAGE][PASSED] - Object 'Object Repository/VLink/Page_CCSale/txt_UDF10' is present

2020-12-24 00:12:26 - [MESSAGE][PASSED] - Text '' is set on object 'Object Repository/VLink/Page_CCSale/txt_UDF10'

2020-12-24 00:12:27 - [MESSAGE][PASSED] - Object 'Object Repository/VLink/Page_CCSale/txt_CardOnFileIndicator' is present

2020-12-24 00:12:27 - [MESSAGE][PASSED] - Text '' is set on object 'Object Repository/VLink/Page_CCSale/txt_CardOnFileIndicator'

2020-12-24 00:12:28 - [MESSAGE][PASSED] - Object 'Object Repository/VLink/Page_CCSale/txt_StoredCredentialIndicator' is present

2020-12-24 00:12:28 - [MESSAGE][PASSED] - Text '' is set on object 'Object Repository/VLink/Page_CCSale/txt_StoredCredentialIndicator'

2020-12-24 00:12:29 - [MESSAGE][PASSED] - Object 'Object Repository/VLink/Page_CCSale/txt_COFScheduledIndicator' is present

2020-12-24 00:12:29 - [MESSAGE][PASSED] - Text '' is set on object 'Object Repository/VLink/Page_CCSale/txt_COFScheduledIndicator'

2020-12-24 00:12:30 - [MESSAGE][PASSED] - Object 'Object Repository/VLink/Page_CCSale/txt_COFTransactionInitiatedBy' is present

2020-12-24 00:12:30 - [MESSAGE][PASSED] - Text '' is set on object 'Object Repository/VLink/Page_CCSale/txt_COFTransactionInitiatedBy'

2020-12-24 00:12:36 - [MESSAGE][PASSED] - Object: 'Object Repository/VLink/Page_CCSale/btn_ProcessVLinkTransaction' is clicked on

2020-12-24 00:12:41 - [MESSAGE][PASSED] - vlinkPages.saleCCPage.setDataSCC is PASSED

2020-12-24 00:12:41 - [TEST_STEP][PASSED] - if (verifyTextPresent("Transaction approved, no errors", true)): null

2020-12-24 00:12:42 - [MESSAGE][PASSED] - Text 'Transaction approved, no errors' is present on page  using regular expression

2020-12-24 00:12:42 - [TEST_STEP][PASSED] - println("Transaction Approved, no errors text is present on the Confirmation page"): null

2020-12-24 00:12:42 - [TEST_STEP][PASSED] - out.println("Pass Record Number: " + row): null

2020-12-24 00:12:42 - [TEST_STEP][PASSED] - resText = "Pass": null

2020-12-24 00:12:42 - [TEST_STEP][PASSED] - pages.WriteExcel.demoKey(resText, datText, resColumn, datCloumn, fileLoc, nameSheet, row): pages.WriteExcel.demoKey is PASSED

2020-12-24 00:12:42 - [MESSAGE][PASSED] - pages.WriteExcel.demoKey is PASSED

2020-12-24 00:12:42 - [TEST_STEP][PASSED] - sdfo = getText(findTestObject("Object Repository/Page_VLinkReceipt/pre_STX")): Text of object 'Object Repository/Page_VLinkReceipt/pre_STX' is: '<STX>cO8UbC9t3vGU                  12088096            0  Transaction approved, no errors                   0                                                                                  Y OK0868   <ETX>'

2020-12-24 00:12:42 - [MESSAGE][PASSED] - Text of object 'Object Repository/Page_VLinkReceipt/pre_STX' is: '<STX>cO8UbC9t3vGU                  12088096            0  Transaction approved, no errors                   0                                                                                  Y OK0868   <ETX>'

2020-12-24 00:12:42 - [TEST_STEP][PASSED] - out.println("sdfo: " + sdfo): null

2020-12-24 00:12:42 - [TEST_STEP][PASSED] - remID = substring(5, 35).trim(): null

2020-12-24 00:12:42 - [TEST_STEP][PASSED] - out.println("Remittance ID: " + remID): null

2020-12-24 00:12:42 - [TEST_STEP][PASSED] - traxID = substring(35, 55).trim(): null

2020-12-24 00:12:42 - [TEST_STEP][PASSED] - out.println("Transaction ID: " + traxID): null

2020-12-24 00:12:42 - [TEST_STEP][PASSED] - out.println("End Record Number: " + row): null

2020-12-24 00:12:42 - [TEST_STEP][PASSED] - closeBrowser(): Browser is closed

2020-12-24 00:12:43 - [MESSAGE][PASSED] - Browser is closed

2020-12-24 00:12:43 - [TEST_STEP][PASSED] - out.println("Begin Record Number: " + row): null

2020-12-24 00:12:43 - [TEST_STEP][PASSED] - today = new java.util.Date(): null

2020-12-24 00:12:43 - [TEST_STEP][PASSED] - println(today): null

2020-12-24 00:12:43 - [TEST_STEP][PASSED] - datText = today: null

2020-12-24 00:12:43 - [TEST_STEP][PASSED] - openBrowser(VLinkURL + "authcap.html"): Browser is opened with url: 'https://dev-algorithm.govolution.com/vlinktest/QA/version_2_0/authcap.html'

2020-12-24 00:12:43 - [MESSAGE][INFO] - Starting 'Chrome' driver

2020-12-24 00:12:43 - [MESSAGE][INFO] - User set preference: ['acceptInsecureCerts', 'true']

2020-12-24 00:12:43 - [MESSAGE][INFO] - Action delay is set to 0 milliseconds

2020-12-24 00:12:47 - [MESSAGE][PASSED] - Browser is opened with url: 'https://dev-algorithm.govolution.com/vlinktest/QA/version_2_0/authcap.html'

2020-12-24 00:12:47 - [TEST_STEP][PASSED] - maximizeWindow(): Current window maximized

2020-12-24 00:12:47 - [MESSAGE][PASSED] - Current window maximized

2020-12-24 00:12:47 - [TEST_STEP][PASSED] - vlinkPages.saleCCPage.setDataSCC(row, dataFile): vlinkPages.saleCCPage.setDataSCC is PASSED

2020-12-24 00:12:49 - [MESSAGE][PASSED] - Object 'Object Repository/VLink/Page_CCSale/txt_CardNumber' is present

2020-12-24 00:12:49 - [MESSAGE][PASSED] - Object 'Object Repository/VLink/Page_CCSale/txt_TransactionType' is present

2020-12-24 00:12:50 - [MESSAGE][PASSED] - Text '104' is set on object 'Object Repository/VLink/Page_CCSale/txt_TransactionType'

2020-12-24 00:12:50 - [MESSAGE][PASSED] - Object 'Object Repository/VLink/Page_CCSale/txt_MessageVersion' is present

2020-12-24 00:12:51 - [MESSAGE][PASSED] - Text '2.0C' is set on object 'Object Repository/VLink/Page_CCSale/txt_MessageVersion'

2020-12-24 00:12:51 - [MESSAGE][PASSED] - Object 'Object Repository/VLink/Page_CCSale/txt_RemID' is present

2020-12-24 00:12:52 - [MESSAGE][PASSED] - Text 'UPJHMvTGyqoN' is set on object 'Object Repository/VLink/Page_CCSale/txt_RemID'

2020-12-24 00:12:52 - [MESSAGE][PASSED] - Object 'Object Repository/VLink/Page_CCSale/txt_ApplicationId' is present

2020-12-24 00:12:53 - [MESSAGE][PASSED] - Text '671' is set on object 'Object Repository/VLink/Page_CCSale/txt_ApplicationId'

2020-12-24 00:12:53 - [MESSAGE][PASSED] - Object 'Object Repository/VLink/Page_CCSale/txt_Username' is present

2020-12-24 00:12:53 - [MESSAGE][PASSED] - Text 'username' is set on object 'Object Repository/VLink/Page_CCSale/txt_Username'

2020-12-24 00:12:54 - [MESSAGE][PASSED] - Object 'Object Repository/VLink/Page_CCSale/txt_Password' is present

2020-12-24 00:12:54 - [MESSAGE][PASSED] - Text 'password' is set on object 'Object Repository/VLink/Page_CCSale/txt_Password'

2020-12-24 00:12:55 - [MESSAGE][PASSED] - Object 'Object Repository/VLink/Page_CCSale/txt_ResponseFormat' is present

2020-12-24 00:12:55 - [MESSAGE][PASSED] - Text 'fixed_width' is set on object 'Object Repository/VLink/Page_CCSale/txt_ResponseFormat'

2020-12-24 00:12:55 - [MESSAGE][PASSED] - Object 'Object Repository/VLink/Page_CCSale/txt_Category' is present

2020-12-24 00:12:56 - [MESSAGE][PASSED] - Text 'RETL' is set on object 'Object Repository/VLink/Page_CCSale/txt_Category'

2020-12-24 00:12:56 - [MESSAGE][PASSED] - Object 'Object Repository/VLink/Page_CCSale/txt_TransactionID' is present

2020-12-24 00:12:57 - [MESSAGE][PASSED] - Text '' is set on object 'Object Repository/VLink/Page_CCSale/txt_TransactionID'

2020-12-24 00:12:57 - [MESSAGE][PASSED] - Object 'Object Repository/VLink/Page_CCSale/txt_ApprovalCode' is present

2020-12-24 00:12:58 - [MESSAGE][PASSED] - Text '' is set on object 'Object Repository/VLink/Page_CCSale/txt_ApprovalCode'

2020-12-24 00:12:58 - [MESSAGE][PASSED] - Object 'Object Repository/VLink/Page_CCSale/txt_CardName' is present

2020-12-24 00:12:59 - [MESSAGE][PASSED] - Text 'Roshan Maha' is set on object 'Object Repository/VLink/Page_CCSale/txt_CardName'

2020-12-24 00:12:59 - [MESSAGE][PASSED] - Object 'Object Repository/VLink/Page_CCSale/txt_AL1' is present

2020-12-24 00:13:00 - [MESSAGE][PASSED] - Text '12563 Bazaar road' is set on object 'Object Repository/VLink/Page_CCSale/txt_AL1'

2020-12-24 00:13:00 - [MESSAGE][PASSED] - Object 'Object Repository/VLink/Page_CCSale/txt_AL2' is present

2020-12-24 00:13:01 - [MESSAGE][PASSED] - Text '' is set on object 'Object Repository/VLink/Page_CCSale/txt_AL2'

2020-12-24 00:13:01 - [MESSAGE][PASSED] - Object 'Object Repository/VLink/Page_CCSale/txt_CardCity' is present

2020-12-24 00:13:02 - [MESSAGE][PASSED] - Text 'Crofton' is set on object 'Object Repository/VLink/Page_CCSale/txt_CardCity'

2020-12-24 00:13:02 - [MESSAGE][PASSED] - Object 'Object Repository/VLink/Page_CCSale/txt_CardState' is present

2020-12-24 00:13:03 - [MESSAGE][PASSED] - Text 'MD' is set on object 'Object Repository/VLink/Page_CCSale/txt_CardState'

2020-12-24 00:13:03 - [MESSAGE][PASSED] - Object 'Object Repository/VLink/Page_CCSale/txt_CardZIP' is present

2020-12-24 00:13:04 - [MESSAGE][PASSED] - Text '21114' is set on object 'Object Repository/VLink/Page_CCSale/txt_CardZIP'

2020-12-24 00:13:04 - [MESSAGE][PASSED] - Object 'Object Repository/VLink/Page_CCSale/txt_CountryID' is present

2020-12-24 00:13:05 - [MESSAGE][PASSED] - Text '' is set on object 'Object Repository/VLink/Page_CCSale/txt_CountryID'

2020-12-24 00:13:05 - [MESSAGE][PASSED] - Object 'Object Repository/VLink/Page_CCSale/txt_Amount' is present

2020-12-24 00:13:06 - [MESSAGE][PASSED] - Text '3.50' is set on object 'Object Repository/VLink/Page_CCSale/txt_Amount'

2020-12-24 00:13:06 - [MESSAGE][PASSED] - Object 'Object Repository/VLink/Page_CCSale/txt_CardNumber' is present

2020-12-24 00:13:07 - [MESSAGE][PASSED] - Text '4111111111111111' is set on object 'Object Repository/VLink/Page_CCSale/txt_CardNumber'

2020-12-24 00:13:07 - [MESSAGE][PASSED] - Object 'Object Repository/VLink/Page_CCSale/txt_ExpMonth' is present

2020-12-24 00:13:08 - [MESSAGE][PASSED] - Text '01' is set on object 'Object Repository/VLink/Page_CCSale/txt_ExpMonth'

2020-12-24 00:13:08 - [MESSAGE][PASSED] - Object 'Object Repository/VLink/Page_CCSale/txt_ExpYear' is present

2020-12-24 00:13:09 - [MESSAGE][PASSED] - Text '2026' is set on object 'Object Repository/VLink/Page_CCSale/txt_ExpYear'

2020-12-24 00:13:09 - [MESSAGE][PASSED] - Object 'Object Repository/VLink/Page_CCSale/txt_CVV' is present

2020-12-24 00:13:10 - [MESSAGE][PASSED] - Text '' is set on object 'Object Repository/VLink/Page_CCSale/txt_CVV'

2020-12-24 00:13:10 - [MESSAGE][PASSED] - Object 'Object Repository/VLink/Page_CCSale/txt_CVVstate' is present

2020-12-24 00:13:11 - [MESSAGE][PASSED] - Text '' is set on object 'Object Repository/VLink/Page_CCSale/txt_CVVstate'

2020-12-24 00:13:11 - [MESSAGE][PASSED] - Object 'Object Repository/VLink/Page_CCSale/txt_TrackData' is present

2020-12-24 00:13:12 - [MESSAGE][PASSED] - Text '' is set on object 'Object Repository/VLink/Page_CCSale/txt_TrackData'

2020-12-24 00:13:12 - [MESSAGE][PASSED] - Object 'Object Repository/VLink/Page_CCSale/txt_Track1Data' is present

2020-12-24 00:13:13 - [MESSAGE][PASSED] - Text '' is set on object 'Object Repository/VLink/Page_CCSale/txt_Track1Data'

2020-12-24 00:13:13 - [MESSAGE][PASSED] - Object 'Object Repository/VLink/Page_CCSale/txt_Track2Data' is present

2020-12-24 00:13:14 - [MESSAGE][PASSED] - Text '' is set on object 'Object Repository/VLink/Page_CCSale/txt_Track2Data'

2020-12-24 00:13:14 - [MESSAGE][PASSED] - Object 'Object Repository/VLink/Page_CCSale/txt_POSEntryMode' is present

2020-12-24 00:13:15 - [MESSAGE][PASSED] - Text 'manual' is set on object 'Object Repository/VLink/Page_CCSale/txt_POSEntryMode'

2020-12-24 00:13:15 - [MESSAGE][PASSED] - Object 'Object Repository/VLink/Page_CCSale/txt_Email' is present

2020-12-24 00:13:16 - [MESSAGE][PASSED] - Text '' is set on object 'Object Repository/VLink/Page_CCSale/txt_Email'

2020-12-24 00:13:16 - [MESSAGE][PASSED] - Object 'Object Repository/VLink/Page_CCSale/txt_OrderNumber' is present

2020-12-24 00:13:17 - [MESSAGE][PASSED] - Text '' is set on object 'Object Repository/VLink/Page_CCSale/txt_OrderNumber'

2020-12-24 00:13:17 - [MESSAGE][PASSED] - Object 'Object Repository/VLink/Page_CCSale/txt_TaxAmount' is present

2020-12-24 00:13:18 - [MESSAGE][PASSED] - Text '' is set on object 'Object Repository/VLink/Page_CCSale/txt_TaxAmount'

2020-12-24 00:13:18 - [MESSAGE][PASSED] - Object 'Object Repository/VLink/Page_CCSale/txt_ChargeDescription' is present

2020-12-24 00:13:19 - [MESSAGE][PASSED] - Text '' is set on object 'Object Repository/VLink/Page_CCSale/txt_ChargeDescription'

2020-12-24 00:13:19 - [MESSAGE][PASSED] - Object 'Object Repository/VLink/Page_CCSale/txt_CAN' is present

2020-12-24 00:13:20 - [MESSAGE][PASSED] - Text '' is set on object 'Object Repository/VLink/Page_CCSale/txt_CAN'

2020-12-24 00:13:20 - [MESSAGE][PASSED] - Object 'Object Repository/VLink/Page_CCSale/txt_BillPaymentIndicator' is present

2020-12-24 00:13:21 - [MESSAGE][PASSED] - Text '' is set on object 'Object Repository/VLink/Page_CCSale/txt_BillPaymentIndicator'

2020-12-24 00:13:21 - [MESSAGE][PASSED] - Object 'Object Repository/VLink/Page_CCSale/txt_UDF1' is present

2020-12-24 00:13:22 - [MESSAGE][PASSED] - Text '' is set on object 'Object Repository/VLink/Page_CCSale/txt_UDF1'

2020-12-24 00:13:22 - [MESSAGE][PASSED] - Object 'Object Repository/VLink/Page_CCSale/txt_UDF2' is present

2020-12-24 00:13:23 - [MESSAGE][PASSED] - Text '' is set on object 'Object Repository/VLink/Page_CCSale/txt_UDF2'

2020-12-24 00:13:23 - [MESSAGE][PASSED] - Object 'Object Repository/VLink/Page_CCSale/txt_UDF3' is present

2020-12-24 00:13:24 - [MESSAGE][PASSED] - Text '' is set on object 'Object Repository/VLink/Page_CCSale/txt_UDF3'

2020-12-24 00:13:24 - [MESSAGE][PASSED] - Object 'Object Repository/VLink/Page_CCSale/txt_UDF4' is present

2020-12-24 00:13:25 - [MESSAGE][PASSED] - Text '' is set on object 'Object Repository/VLink/Page_CCSale/txt_UDF4'

2020-12-24 00:13:25 - [MESSAGE][PASSED] - Object 'Object Repository/VLink/Page_CCSale/txt_UDF5' is present

2020-12-24 00:13:26 - [MESSAGE][PASSED] - Text '' is set on object 'Object Repository/VLink/Page_CCSale/txt_UDF5'

2020-12-24 00:13:26 - [MESSAGE][PASSED] - Object 'Object Repository/VLink/Page_CCSale/txt_UDF6' is present

2020-12-24 00:13:27 - [MESSAGE][PASSED] - Text '' is set on object 'Object Repository/VLink/Page_CCSale/txt_UDF6'

2020-12-24 00:13:27 - [MESSAGE][PASSED] - Object 'Object Repository/VLink/Page_CCSale/txt_UDF7' is present

2020-12-24 00:13:28 - [MESSAGE][PASSED] - Text '' is set on object 'Object Repository/VLink/Page_CCSale/txt_UDF7'

2020-12-24 00:13:28 - [MESSAGE][PASSED] - Object 'Object Repository/VLink/Page_CCSale/txt_UDF8' is present

2020-12-24 00:13:28 - [MESSAGE][PASSED] - Text '' is set on object 'Object Repository/VLink/Page_CCSale/txt_UDF8'

2020-12-24 00:13:29 - [MESSAGE][PASSED] - Object 'Object Repository/VLink/Page_CCSale/txt_UDF9' is present

2020-12-24 00:13:29 - [MESSAGE][PASSED] - Text '' is set on object 'Object Repository/VLink/Page_CCSale/txt_UDF9'

2020-12-24 00:13:30 - [MESSAGE][PASSED] - Object 'Object Repository/VLink/Page_CCSale/txt_UDF10' is present

2020-12-24 00:13:30 - [MESSAGE][PASSED] - Text '' is set on object 'Object Repository/VLink/Page_CCSale/txt_UDF10'

2020-12-24 00:13:31 - [MESSAGE][PASSED] - Object 'Object Repository/VLink/Page_CCSale/txt_CardOnFileIndicator' is present

2020-12-24 00:13:31 - [MESSAGE][PASSED] - Text '' is set on object 'Object Repository/VLink/Page_CCSale/txt_CardOnFileIndicator'

2020-12-24 00:13:32 - [MESSAGE][PASSED] - Object 'Object Repository/VLink/Page_CCSale/txt_StoredCredentialIndicator' is present

2020-12-24 00:13:32 - [MESSAGE][PASSED] - Text '' is set on object 'Object Repository/VLink/Page_CCSale/txt_StoredCredentialIndicator'

2020-12-24 00:13:33 - [MESSAGE][PASSED] - Object 'Object Repository/VLink/Page_CCSale/txt_COFScheduledIndicator' is present

2020-12-24 00:13:33 - [MESSAGE][PASSED] - Text '' is set on object 'Object Repository/VLink/Page_CCSale/txt_COFScheduledIndicator'

2020-12-24 00:13:34 - [MESSAGE][PASSED] - Object 'Object Repository/VLink/Page_CCSale/txt_COFTransactionInitiatedBy' is present

2020-12-24 00:13:34 - [MESSAGE][PASSED] - Text '' is set on object 'Object Repository/VLink/Page_CCSale/txt_COFTransactionInitiatedBy'

2020-12-24 00:13:39 - [MESSAGE][PASSED] - Object: 'Object Repository/VLink/Page_CCSale/btn_ProcessVLinkTransaction' is clicked on

2020-12-24 00:13:44 - [MESSAGE][PASSED] - vlinkPages.saleCCPage.setDataSCC is PASSED

2020-12-24 00:13:44 - [TEST_STEP][PASSED] - if (verifyTextPresent("Transaction approved, no errors", true)): null

2020-12-24 00:13:44 - [MESSAGE][PASSED] - Text 'Transaction approved, no errors' is present on page  using regular expression

2020-12-24 00:13:44 - [TEST_STEP][PASSED] - println("Transaction Approved, no errors text is present on the Confirmation page"): null

2020-12-24 00:13:44 - [TEST_STEP][PASSED] - out.println("Pass Record Number: " + row): null

2020-12-24 00:13:44 - [TEST_STEP][PASSED] - resText = "Pass": null

2020-12-24 00:13:44 - [TEST_STEP][PASSED] - pages.WriteExcel.demoKey(resText, datText, resColumn, datCloumn, fileLoc, nameSheet, row): pages.WriteExcel.demoKey is PASSED

2020-12-24 00:13:44 - [MESSAGE][PASSED] - pages.WriteExcel.demoKey is PASSED

2020-12-24 00:13:44 - [TEST_STEP][PASSED] - sdfo = getText(findTestObject("Object Repository/Page_VLinkReceipt/pre_STX")): Text of object 'Object Repository/Page_VLinkReceipt/pre_STX' is: '<STX>UPJHMvTGyqoN                  12088097            0  Transaction approved, no errors                   0                                                                                  Y OK1388   <ETX>'

2020-12-24 00:13:45 - [MESSAGE][PASSED] - Text of object 'Object Repository/Page_VLinkReceipt/pre_STX' is: '<STX>UPJHMvTGyqoN                  12088097            0  Transaction approved, no errors                   0                                                                                  Y OK1388   <ETX>'

2020-12-24 00:13:45 - [TEST_STEP][PASSED] - out.println("sdfo: " + sdfo): null

2020-12-24 00:13:45 - [TEST_STEP][PASSED] - remID = substring(5, 35).trim(): null

2020-12-24 00:13:45 - [TEST_STEP][PASSED] - out.println("Remittance ID: " + remID): null

2020-12-24 00:13:45 - [TEST_STEP][PASSED] - traxID = substring(35, 55).trim(): null

2020-12-24 00:13:45 - [TEST_STEP][PASSED] - out.println("Transaction ID: " + traxID): null

2020-12-24 00:13:45 - [TEST_STEP][PASSED] - out.println("End Record Number: " + row): null

2020-12-24 00:13:45 - [TEST_STEP][PASSED] - closeBrowser(): Browser is closed

2020-12-24 00:13:46 - [MESSAGE][PASSED] - Browser is closed

2020-12-24 00:13:46 - [TEST_STEP][PASSED] - out.println("Begin Record Number: " + row): null

2020-12-24 00:13:46 - [TEST_STEP][PASSED] - today = new java.util.Date(): null

2020-12-24 00:13:46 - [TEST_STEP][PASSED] - println(today): null

2020-12-24 00:13:46 - [TEST_STEP][PASSED] - datText = today: null

2020-12-24 00:13:46 - [TEST_STEP][PASSED] - openBrowser(VLinkURL + "authcap.html"): Browser is opened with url: 'https://dev-algorithm.govolution.com/vlinktest/QA/version_2_0/authcap.html'

2020-12-24 00:13:46 - [MESSAGE][INFO] - Starting 'Chrome' driver

2020-12-24 00:13:46 - [MESSAGE][INFO] - User set preference: ['acceptInsecureCerts', 'true']

2020-12-24 00:13:46 - [MESSAGE][INFO] - Action delay is set to 0 milliseconds

2020-12-24 00:13:49 - [MESSAGE][PASSED] - Browser is opened with url: 'https://dev-algorithm.govolution.com/vlinktest/QA/version_2_0/authcap.html'

2020-12-24 00:13:49 - [TEST_STEP][PASSED] - maximizeWindow(): Current window maximized

2020-12-24 00:13:49 - [MESSAGE][PASSED] - Current window maximized

2020-12-24 00:13:49 - [TEST_STEP][PASSED] - vlinkPages.saleCCPage.setDataSCC(row, dataFile): vlinkPages.saleCCPage.setDataSCC is PASSED

2020-12-24 00:13:51 - [MESSAGE][PASSED] - Object 'Object Repository/VLink/Page_CCSale/txt_CardNumber' is present

2020-12-24 00:13:51 - [MESSAGE][PASSED] - Object 'Object Repository/VLink/Page_CCSale/txt_TransactionType' is present

2020-12-24 00:13:52 - [MESSAGE][PASSED] - Text '104' is set on object 'Object Repository/VLink/Page_CCSale/txt_TransactionType'

2020-12-24 00:13:52 - [MESSAGE][PASSED] - Object 'Object Repository/VLink/Page_CCSale/txt_MessageVersion' is present

2020-12-24 00:13:53 - [MESSAGE][PASSED] - Text '2.0C' is set on object 'Object Repository/VLink/Page_CCSale/txt_MessageVersion'

2020-12-24 00:13:53 - [MESSAGE][PASSED] - Object 'Object Repository/VLink/Page_CCSale/txt_RemID' is present

2020-12-24 00:13:54 - [MESSAGE][PASSED] - Text '8IWFabxhw3NN' is set on object 'Object Repository/VLink/Page_CCSale/txt_RemID'

2020-12-24 00:13:54 - [MESSAGE][PASSED] - Object 'Object Repository/VLink/Page_CCSale/txt_ApplicationId' is present

2020-12-24 00:13:55 - [MESSAGE][PASSED] - Text '671' is set on object 'Object Repository/VLink/Page_CCSale/txt_ApplicationId'

2020-12-24 00:13:55 - [MESSAGE][PASSED] - Object 'Object Repository/VLink/Page_CCSale/txt_Username' is present

2020-12-24 00:13:56 - [MESSAGE][PASSED] - Text 'username' is set on object 'Object Repository/VLink/Page_CCSale/txt_Username'

2020-12-24 00:13:56 - [MESSAGE][PASSED] - Object 'Object Repository/VLink/Page_CCSale/txt_Password' is present

2020-12-24 00:13:57 - [MESSAGE][PASSED] - Text 'password' is set on object 'Object Repository/VLink/Page_CCSale/txt_Password'

2020-12-24 00:13:57 - [MESSAGE][PASSED] - Object 'Object Repository/VLink/Page_CCSale/txt_ResponseFormat' is present

2020-12-24 00:13:58 - [MESSAGE][PASSED] - Text 'fixed_width' is set on object 'Object Repository/VLink/Page_CCSale/txt_ResponseFormat'

2020-12-24 00:13:58 - [MESSAGE][PASSED] - Object 'Object Repository/VLink/Page_CCSale/txt_Category' is present

2020-12-24 00:13:59 - [MESSAGE][PASSED] - Text 'RETL' is set on object 'Object Repository/VLink/Page_CCSale/txt_Category'

2020-12-24 00:13:59 - [MESSAGE][PASSED] - Object 'Object Repository/VLink/Page_CCSale/txt_TransactionID' is present

2020-12-24 00:13:59 - [MESSAGE][PASSED] - Text '' is set on object 'Object Repository/VLink/Page_CCSale/txt_TransactionID'

2020-12-24 00:14:00 - [MESSAGE][PASSED] - Object 'Object Repository/VLink/Page_CCSale/txt_ApprovalCode' is present

2020-12-24 00:14:00 - [MESSAGE][PASSED] - Text '' is set on object 'Object Repository/VLink/Page_CCSale/txt_ApprovalCode'

2020-12-24 00:14:01 - [MESSAGE][PASSED] - Object 'Object Repository/VLink/Page_CCSale/txt_CardName' is present

2020-12-24 00:14:01 - [MESSAGE][PASSED] - Text 'Kris Roshan' is set on object 'Object Repository/VLink/Page_CCSale/txt_CardName'

2020-12-24 00:14:01 - [MESSAGE][PASSED] - Object 'Object Repository/VLink/Page_CCSale/txt_AL1' is present

2020-12-24 00:14:02 - [MESSAGE][PASSED] - Text '258 Elm Road' is set on object 'Object Repository/VLink/Page_CCSale/txt_AL1'

2020-12-24 00:14:02 - [MESSAGE][PASSED] - Object 'Object Repository/VLink/Page_CCSale/txt_AL2' is present

2020-12-24 00:14:03 - [MESSAGE][PASSED] - Text 'Suite 56' is set on object 'Object Repository/VLink/Page_CCSale/txt_AL2'

2020-12-24 00:14:03 - [MESSAGE][PASSED] - Object 'Object Repository/VLink/Page_CCSale/txt_CardCity' is present

2020-12-24 00:14:04 - [MESSAGE][PASSED] - Text 'Arlington' is set on object 'Object Repository/VLink/Page_CCSale/txt_CardCity'

2020-12-24 00:14:04 - [MESSAGE][PASSED] - Object 'Object Repository/VLink/Page_CCSale/txt_CardState' is present

2020-12-24 00:14:05 - [MESSAGE][PASSED] - Text 'VA' is set on object 'Object Repository/VLink/Page_CCSale/txt_CardState'

2020-12-24 00:14:05 - [MESSAGE][PASSED] - Object 'Object Repository/VLink/Page_CCSale/txt_CardZIP' is present

2020-12-24 00:14:06 - [MESSAGE][PASSED] - Text '22201' is set on object 'Object Repository/VLink/Page_CCSale/txt_CardZIP'

2020-12-24 00:14:06 - [MESSAGE][PASSED] - Object 'Object Repository/VLink/Page_CCSale/txt_CountryID' is present

2020-12-24 00:14:07 - [MESSAGE][PASSED] - Text '840' is set on object 'Object Repository/VLink/Page_CCSale/txt_CountryID'

2020-12-24 00:14:07 - [MESSAGE][PASSED] - Object 'Object Repository/VLink/Page_CCSale/txt_Amount' is present

2020-12-24 00:14:08 - [MESSAGE][PASSED] - Text '1.50' is set on object 'Object Repository/VLink/Page_CCSale/txt_Amount'

2020-12-24 00:14:08 - [MESSAGE][PASSED] - Object 'Object Repository/VLink/Page_CCSale/txt_CardNumber' is present

2020-12-24 00:14:09 - [MESSAGE][PASSED] - Text '5424000000000015' is set on object 'Object Repository/VLink/Page_CCSale/txt_CardNumber'

2020-12-24 00:14:09 - [MESSAGE][PASSED] - Object 'Object Repository/VLink/Page_CCSale/txt_ExpMonth' is present

2020-12-24 00:14:10 - [MESSAGE][PASSED] - Text '12' is set on object 'Object Repository/VLink/Page_CCSale/txt_ExpMonth'

2020-12-24 00:14:10 - [MESSAGE][PASSED] - Object 'Object Repository/VLink/Page_CCSale/txt_ExpYear' is present

2020-12-24 00:14:11 - [MESSAGE][PASSED] - Text '2025' is set on object 'Object Repository/VLink/Page_CCSale/txt_ExpYear'

2020-12-24 00:14:11 - [MESSAGE][PASSED] - Object 'Object Repository/VLink/Page_CCSale/txt_CVV' is present

2020-12-24 00:14:12 - [MESSAGE][PASSED] - Text '' is set on object 'Object Repository/VLink/Page_CCSale/txt_CVV'

2020-12-24 00:14:12 - [MESSAGE][PASSED] - Object 'Object Repository/VLink/Page_CCSale/txt_CVVstate' is present

2020-12-24 00:14:13 - [MESSAGE][PASSED] - Text '' is set on object 'Object Repository/VLink/Page_CCSale/txt_CVVstate'

2020-12-24 00:14:13 - [MESSAGE][PASSED] - Object 'Object Repository/VLink/Page_CCSale/txt_TrackData' is present

2020-12-24 00:14:14 - [MESSAGE][PASSED] - Text '' is set on object 'Object Repository/VLink/Page_CCSale/txt_TrackData'

2020-12-24 00:14:14 - [MESSAGE][PASSED] - Object 'Object Repository/VLink/Page_CCSale/txt_Track1Data' is present

2020-12-24 00:14:15 - [MESSAGE][PASSED] - Text '' is set on object 'Object Repository/VLink/Page_CCSale/txt_Track1Data'

2020-12-24 00:14:15 - [MESSAGE][PASSED] - Object 'Object Repository/VLink/Page_CCSale/txt_Track2Data' is present

2020-12-24 00:14:16 - [MESSAGE][PASSED] - Text '' is set on object 'Object Repository/VLink/Page_CCSale/txt_Track2Data'

2020-12-24 00:14:16 - [MESSAGE][PASSED] - Object 'Object Repository/VLink/Page_CCSale/txt_POSEntryMode' is present

2020-12-24 00:14:17 - [MESSAGE][PASSED] - Text 'manual' is set on object 'Object Repository/VLink/Page_CCSale/txt_POSEntryMode'

2020-12-24 00:14:17 - [MESSAGE][PASSED] - Object 'Object Repository/VLink/Page_CCSale/txt_Email' is present

2020-12-24 00:14:18 - [MESSAGE][PASSED] - Text 'iahmed@govolution.com' is set on object 'Object Repository/VLink/Page_CCSale/txt_Email'

2020-12-24 00:14:18 - [MESSAGE][PASSED] - Object 'Object Repository/VLink/Page_CCSale/txt_OrderNumber' is present

2020-12-24 00:14:18 - [MESSAGE][PASSED] - Text '2569362' is set on object 'Object Repository/VLink/Page_CCSale/txt_OrderNumber'

2020-12-24 00:14:19 - [MESSAGE][PASSED] - Object 'Object Repository/VLink/Page_CCSale/txt_TaxAmount' is present

2020-12-24 00:14:19 - [MESSAGE][PASSED] - Text '1.15' is set on object 'Object Repository/VLink/Page_CCSale/txt_TaxAmount'

2020-12-24 00:14:20 - [MESSAGE][PASSED] - Object 'Object Repository/VLink/Page_CCSale/txt_ChargeDescription' is present

2020-12-24 00:14:21 - [MESSAGE][PASSED] - Text 'Charge Description' is set on object 'Object Repository/VLink/Page_CCSale/txt_ChargeDescription'

2020-12-24 00:14:21 - [MESSAGE][PASSED] - Object 'Object Repository/VLink/Page_CCSale/txt_CAN' is present

2020-12-24 00:14:21 - [MESSAGE][PASSED] - Text '147357' is set on object 'Object Repository/VLink/Page_CCSale/txt_CAN'

2020-12-24 00:14:22 - [MESSAGE][PASSED] - Object 'Object Repository/VLink/Page_CCSale/txt_BillPaymentIndicator' is present

2020-12-24 00:14:22 - [MESSAGE][PASSED] - Text '1' is set on object 'Object Repository/VLink/Page_CCSale/txt_BillPaymentIndicator'

2020-12-24 00:14:23 - [MESSAGE][PASSED] - Object 'Object Repository/VLink/Page_CCSale/txt_UDF1' is present

2020-12-24 00:14:23 - [MESSAGE][PASSED] - Text 'UDF Data 1' is set on object 'Object Repository/VLink/Page_CCSale/txt_UDF1'

2020-12-24 00:14:24 - [MESSAGE][PASSED] - Object 'Object Repository/VLink/Page_CCSale/txt_UDF2' is present

2020-12-24 00:14:24 - [MESSAGE][PASSED] - Text 'UDF Data 2' is set on object 'Object Repository/VLink/Page_CCSale/txt_UDF2'

2020-12-24 00:14:25 - [MESSAGE][PASSED] - Object 'Object Repository/VLink/Page_CCSale/txt_UDF3' is present

2020-12-24 00:14:25 - [MESSAGE][PASSED] - Text 'UDF Data 3' is set on object 'Object Repository/VLink/Page_CCSale/txt_UDF3'

2020-12-24 00:14:26 - [MESSAGE][PASSED] - Object 'Object Repository/VLink/Page_CCSale/txt_UDF4' is present

2020-12-24 00:14:26 - [MESSAGE][PASSED] - Text 'UDF Data 4' is set on object 'Object Repository/VLink/Page_CCSale/txt_UDF4'

2020-12-24 00:14:27 - [MESSAGE][PASSED] - Object 'Object Repository/VLink/Page_CCSale/txt_UDF5' is present

2020-12-24 00:14:27 - [MESSAGE][PASSED] - Text 'UDF Data 5' is set on object 'Object Repository/VLink/Page_CCSale/txt_UDF5'

2020-12-24 00:14:28 - [MESSAGE][PASSED] - Object 'Object Repository/VLink/Page_CCSale/txt_UDF6' is present

2020-12-24 00:14:28 - [MESSAGE][PASSED] - Text 'UDF Data 6' is set on object 'Object Repository/VLink/Page_CCSale/txt_UDF6'

2020-12-24 00:14:29 - [MESSAGE][PASSED] - Object 'Object Repository/VLink/Page_CCSale/txt_UDF7' is present

2020-12-24 00:14:29 - [MESSAGE][PASSED] - Text 'UDF Data 7' is set on object 'Object Repository/VLink/Page_CCSale/txt_UDF7'

2020-12-24 00:14:30 - [MESSAGE][PASSED] - Object 'Object Repository/VLink/Page_CCSale/txt_UDF8' is present

2020-12-24 00:14:30 - [MESSAGE][PASSED] - Text 'UDF Data 8' is set on object 'Object Repository/VLink/Page_CCSale/txt_UDF8'

2020-12-24 00:14:31 - [MESSAGE][PASSED] - Object 'Object Repository/VLink/Page_CCSale/txt_UDF9' is present

2020-12-24 00:14:31 - [MESSAGE][PASSED] - Text 'UDF Data 9' is set on object 'Object Repository/VLink/Page_CCSale/txt_UDF9'

2020-12-24 00:14:32 - [MESSAGE][PASSED] - Object 'Object Repository/VLink/Page_CCSale/txt_UDF10' is present

2020-12-24 00:14:32 - [MESSAGE][PASSED] - Text 'UDF Data 10' is set on object 'Object Repository/VLink/Page_CCSale/txt_UDF10'

2020-12-24 00:14:33 - [MESSAGE][PASSED] - Object 'Object Repository/VLink/Page_CCSale/txt_CardOnFileIndicator' is present

2020-12-24 00:14:33 - [MESSAGE][PASSED] - Text '' is set on object 'Object Repository/VLink/Page_CCSale/txt_CardOnFileIndicator'

2020-12-24 00:14:34 - [MESSAGE][PASSED] - Object 'Object Repository/VLink/Page_CCSale/txt_StoredCredentialIndicator' is present

2020-12-24 00:14:34 - [MESSAGE][PASSED] - Text '' is set on object 'Object Repository/VLink/Page_CCSale/txt_StoredCredentialIndicator'

2020-12-24 00:14:34 - [MESSAGE][PASSED] - Object 'Object Repository/VLink/Page_CCSale/txt_COFScheduledIndicator' is present

2020-12-24 00:14:35 - [MESSAGE][PASSED] - Text '' is set on object 'Object Repository/VLink/Page_CCSale/txt_COFScheduledIndicator'

2020-12-24 00:14:35 - [MESSAGE][PASSED] - Object 'Object Repository/VLink/Page_CCSale/txt_COFTransactionInitiatedBy' is present

2020-12-24 00:14:36 - [MESSAGE][PASSED] - Text '' is set on object 'Object Repository/VLink/Page_CCSale/txt_COFTransactionInitiatedBy'

2020-12-24 00:14:41 - [MESSAGE][PASSED] - Object: 'Object Repository/VLink/Page_CCSale/btn_ProcessVLinkTransaction' is clicked on

2020-12-24 00:14:46 - [MESSAGE][PASSED] - vlinkPages.saleCCPage.setDataSCC is PASSED

2020-12-24 00:14:46 - [TEST_STEP][PASSED] - if (verifyTextPresent("Transaction approved, no errors", true)): null

2020-12-24 00:14:46 - [MESSAGE][PASSED] - Text 'Transaction approved, no errors' is present on page  using regular expression

2020-12-24 00:14:46 - [TEST_STEP][PASSED] - println("Transaction Approved, no errors text is present on the Confirmation page"): null

2020-12-24 00:14:46 - [TEST_STEP][PASSED] - out.println("Pass Record Number: " + row): null

2020-12-24 00:14:46 - [TEST_STEP][PASSED] - resText = "Pass": null

2020-12-24 00:14:46 - [TEST_STEP][PASSED] - pages.WriteExcel.demoKey(resText, datText, resColumn, datCloumn, fileLoc, nameSheet, row): pages.WriteExcel.demoKey is PASSED

2020-12-24 00:14:46 - [MESSAGE][PASSED] - pages.WriteExcel.demoKey is PASSED

2020-12-24 00:14:46 - [TEST_STEP][PASSED] - sdfo = getText(findTestObject("Object Repository/Page_VLinkReceipt/pre_STX")): Text of object 'Object Repository/Page_VLinkReceipt/pre_STX' is: '<STX>8IWFabxhw3NN                  12088098            0  Transaction approved, no errors                   0                                                                                  Y OK1738   <ETX>'

2020-12-24 00:14:47 - [MESSAGE][PASSED] - Text of object 'Object Repository/Page_VLinkReceipt/pre_STX' is: '<STX>8IWFabxhw3NN                  12088098            0  Transaction approved, no errors                   0                                                                                  Y OK1738   <ETX>'

2020-12-24 00:14:47 - [TEST_STEP][PASSED] - out.println("sdfo: " + sdfo): null

2020-12-24 00:14:47 - [TEST_STEP][PASSED] - remID = substring(5, 35).trim(): null

2020-12-24 00:14:47 - [TEST_STEP][PASSED] - out.println("Remittance ID: " + remID): null

2020-12-24 00:14:47 - [TEST_STEP][PASSED] - traxID = substring(35, 55).trim(): null

2020-12-24 00:14:47 - [TEST_STEP][PASSED] - out.println("Transaction ID: " + traxID): null

2020-12-24 00:14:47 - [TEST_STEP][PASSED] - out.println("End Record Number: " + row): null

2020-12-24 00:14:47 - [TEST_STEP][PASSED] - closeBrowser(): Browser is closed

2020-12-24 00:14:48 - [MESSAGE][PASSED] - Browser is closed

2020-12-24 00:14:48 - [TEST_STEP][PASSED] - out.println("Begin Record Number: " + row): null

2020-12-24 00:14:48 - [TEST_STEP][PASSED] - today = new java.util.Date(): null

2020-12-24 00:14:48 - [TEST_STEP][PASSED] - println(today): null

2020-12-24 00:14:48 - [TEST_STEP][PASSED] - datText = today: null

2020-12-24 00:14:48 - [TEST_STEP][PASSED] - openBrowser(VLinkURL + "authcap.html"): Browser is opened with url: 'https://dev-algorithm.govolution.com/vlinktest/QA/version_2_0/authcap.html'

2020-12-24 00:14:48 - [MESSAGE][INFO] - Starting 'Chrome' driver

2020-12-24 00:14:48 - [MESSAGE][INFO] - User set preference: ['acceptInsecureCerts', 'true']

2020-12-24 00:14:48 - [MESSAGE][INFO] - Action delay is set to 0 milliseconds

2020-12-24 00:14:52 - [MESSAGE][PASSED] - Browser is opened with url: 'https://dev-algorithm.govolution.com/vlinktest/QA/version_2_0/authcap.html'

2020-12-24 00:14:52 - [TEST_STEP][PASSED] - maximizeWindow(): Current window maximized

2020-12-24 00:14:52 - [MESSAGE][PASSED] - Current window maximized

2020-12-24 00:14:52 - [TEST_STEP][PASSED] - vlinkPages.saleCCPage.setDataSCC(row, dataFile): vlinkPages.saleCCPage.setDataSCC is PASSED

2020-12-24 00:14:54 - [MESSAGE][PASSED] - Object 'Object Repository/VLink/Page_CCSale/txt_CardNumber' is present

2020-12-24 00:14:54 - [MESSAGE][PASSED] - Object 'Object Repository/VLink/Page_CCSale/txt_TransactionType' is present

2020-12-24 00:14:55 - [MESSAGE][PASSED] - Text '104' is set on object 'Object Repository/VLink/Page_CCSale/txt_TransactionType'

2020-12-24 00:14:55 - [MESSAGE][PASSED] - Object 'Object Repository/VLink/Page_CCSale/txt_MessageVersion' is present

2020-12-24 00:14:56 - [MESSAGE][PASSED] - Text '2.0C' is set on object 'Object Repository/VLink/Page_CCSale/txt_MessageVersion'

2020-12-24 00:14:56 - [MESSAGE][PASSED] - Object 'Object Repository/VLink/Page_CCSale/txt_RemID' is present

2020-12-24 00:14:57 - [MESSAGE][PASSED] - Text 'QfAXZGgWT7I0' is set on object 'Object Repository/VLink/Page_CCSale/txt_RemID'

2020-12-24 00:14:57 - [MESSAGE][PASSED] - Object 'Object Repository/VLink/Page_CCSale/txt_ApplicationId' is present

2020-12-24 00:14:58 - [MESSAGE][PASSED] - Text '671' is set on object 'Object Repository/VLink/Page_CCSale/txt_ApplicationId'

2020-12-24 00:14:58 - [MESSAGE][PASSED] - Object 'Object Repository/VLink/Page_CCSale/txt_Username' is present

2020-12-24 00:14:59 - [MESSAGE][PASSED] - Text 'username' is set on object 'Object Repository/VLink/Page_CCSale/txt_Username'

2020-12-24 00:14:59 - [MESSAGE][PASSED] - Object 'Object Repository/VLink/Page_CCSale/txt_Password' is present

2020-12-24 00:14:59 - [MESSAGE][PASSED] - Text 'password' is set on object 'Object Repository/VLink/Page_CCSale/txt_Password'

2020-12-24 00:15:00 - [MESSAGE][PASSED] - Object 'Object Repository/VLink/Page_CCSale/txt_ResponseFormat' is present

2020-12-24 00:15:00 - [MESSAGE][PASSED] - Text 'fixed_width' is set on object 'Object Repository/VLink/Page_CCSale/txt_ResponseFormat'

2020-12-24 00:15:01 - [MESSAGE][PASSED] - Object 'Object Repository/VLink/Page_CCSale/txt_Category' is present

2020-12-24 00:15:01 - [MESSAGE][PASSED] - Text 'RETL' is set on object 'Object Repository/VLink/Page_CCSale/txt_Category'

2020-12-24 00:15:01 - [MESSAGE][PASSED] - Object 'Object Repository/VLink/Page_CCSale/txt_TransactionID' is present

2020-12-24 00:15:02 - [MESSAGE][PASSED] - Text '' is set on object 'Object Repository/VLink/Page_CCSale/txt_TransactionID'

2020-12-24 00:15:02 - [MESSAGE][PASSED] - Object 'Object Repository/VLink/Page_CCSale/txt_ApprovalCode' is present

2020-12-24 00:15:03 - [MESSAGE][PASSED] - Text '' is set on object 'Object Repository/VLink/Page_CCSale/txt_ApprovalCode'

2020-12-24 00:15:03 - [MESSAGE][PASSED] - Object 'Object Repository/VLink/Page_CCSale/txt_CardName' is present

2020-12-24 00:15:04 - [MESSAGE][PASSED] - Text 'Arvind Silva' is set on object 'Object Repository/VLink/Page_CCSale/txt_CardName'

2020-12-24 00:15:04 - [MESSAGE][PASSED] - Object 'Object Repository/VLink/Page_CCSale/txt_AL1' is present

2020-12-24 00:15:05 - [MESSAGE][PASSED] - Text '111 Main Ave' is set on object 'Object Repository/VLink/Page_CCSale/txt_AL1'

2020-12-24 00:15:05 - [MESSAGE][PASSED] - Object 'Object Repository/VLink/Page_CCSale/txt_AL2' is present

2020-12-24 00:15:06 - [MESSAGE][PASSED] - Text '' is set on object 'Object Repository/VLink/Page_CCSale/txt_AL2'

2020-12-24 00:15:06 - [MESSAGE][PASSED] - Object 'Object Repository/VLink/Page_CCSale/txt_CardCity' is present

2020-12-24 00:15:07 - [MESSAGE][PASSED] - Text 'Arlington' is set on object 'Object Repository/VLink/Page_CCSale/txt_CardCity'

2020-12-24 00:15:07 - [MESSAGE][PASSED] - Object 'Object Repository/VLink/Page_CCSale/txt_CardState' is present

2020-12-24 00:15:07 - [MESSAGE][PASSED] - Text 'VA' is set on object 'Object Repository/VLink/Page_CCSale/txt_CardState'

2020-12-24 00:15:08 - [MESSAGE][PASSED] - Object 'Object Repository/VLink/Page_CCSale/txt_CardZIP' is present

2020-12-24 00:15:08 - [MESSAGE][PASSED] - Text '22201' is set on object 'Object Repository/VLink/Page_CCSale/txt_CardZIP'

2020-12-24 00:15:09 - [MESSAGE][PASSED] - Object 'Object Repository/VLink/Page_CCSale/txt_CountryID' is present

2020-12-24 00:15:09 - [MESSAGE][PASSED] - Text '' is set on object 'Object Repository/VLink/Page_CCSale/txt_CountryID'

2020-12-24 00:15:10 - [MESSAGE][PASSED] - Object 'Object Repository/VLink/Page_CCSale/txt_Amount' is present

2020-12-24 00:15:10 - [MESSAGE][PASSED] - Text '2.50' is set on object 'Object Repository/VLink/Page_CCSale/txt_Amount'

2020-12-24 00:15:11 - [MESSAGE][PASSED] - Object 'Object Repository/VLink/Page_CCSale/txt_CardNumber' is present

2020-12-24 00:15:11 - [MESSAGE][PASSED] - Text '370000000000002' is set on object 'Object Repository/VLink/Page_CCSale/txt_CardNumber'

2020-12-24 00:15:12 - [MESSAGE][PASSED] - Object 'Object Repository/VLink/Page_CCSale/txt_ExpMonth' is present

2020-12-24 00:15:12 - [MESSAGE][PASSED] - Text '01' is set on object 'Object Repository/VLink/Page_CCSale/txt_ExpMonth'

2020-12-24 00:15:13 - [MESSAGE][PASSED] - Object 'Object Repository/VLink/Page_CCSale/txt_ExpYear' is present

2020-12-24 00:15:13 - [MESSAGE][PASSED] - Text '2026' is set on object 'Object Repository/VLink/Page_CCSale/txt_ExpYear'

2020-12-24 00:15:14 - [MESSAGE][PASSED] - Object 'Object Repository/VLink/Page_CCSale/txt_CVV' is present

2020-12-24 00:15:14 - [MESSAGE][PASSED] - Text '' is set on object 'Object Repository/VLink/Page_CCSale/txt_CVV'

2020-12-24 00:15:15 - [MESSAGE][PASSED] - Object 'Object Repository/VLink/Page_CCSale/txt_CVVstate' is present

2020-12-24 00:15:15 - [MESSAGE][PASSED] - Text '' is set on object 'Object Repository/VLink/Page_CCSale/txt_CVVstate'

2020-12-24 00:15:16 - [MESSAGE][PASSED] - Object 'Object Repository/VLink/Page_CCSale/txt_TrackData' is present

2020-12-24 00:15:16 - [MESSAGE][PASSED] - Text '' is set on object 'Object Repository/VLink/Page_CCSale/txt_TrackData'

2020-12-24 00:15:16 - [MESSAGE][PASSED] - Object 'Object Repository/VLink/Page_CCSale/txt_Track1Data' is present

2020-12-24 00:15:17 - [MESSAGE][PASSED] - Text '' is set on object 'Object Repository/VLink/Page_CCSale/txt_Track1Data'

2020-12-24 00:15:17 - [MESSAGE][PASSED] - Object 'Object Repository/VLink/Page_CCSale/txt_Track2Data' is present

2020-12-24 00:15:18 - [MESSAGE][PASSED] - Text '' is set on object 'Object Repository/VLink/Page_CCSale/txt_Track2Data'

2020-12-24 00:15:18 - [MESSAGE][PASSED] - Object 'Object Repository/VLink/Page_CCSale/txt_POSEntryMode' is present

2020-12-24 00:15:19 - [MESSAGE][PASSED] - Text 'manual' is set on object 'Object Repository/VLink/Page_CCSale/txt_POSEntryMode'

2020-12-24 00:15:19 - [MESSAGE][PASSED] - Object 'Object Repository/VLink/Page_CCSale/txt_Email' is present

2020-12-24 00:15:20 - [MESSAGE][PASSED] - Text '' is set on object 'Object Repository/VLink/Page_CCSale/txt_Email'

2020-12-24 00:15:20 - [MESSAGE][PASSED] - Object 'Object Repository/VLink/Page_CCSale/txt_OrderNumber' is present

2020-12-24 00:15:21 - [MESSAGE][PASSED] - Text '' is set on object 'Object Repository/VLink/Page_CCSale/txt_OrderNumber'

2020-12-24 00:15:21 - [MESSAGE][PASSED] - Object 'Object Repository/VLink/Page_CCSale/txt_TaxAmount' is present

2020-12-24 00:15:22 - [MESSAGE][PASSED] - Text '' is set on object 'Object Repository/VLink/Page_CCSale/txt_TaxAmount'

2020-12-24 00:15:22 - [MESSAGE][PASSED] - Object 'Object Repository/VLink/Page_CCSale/txt_ChargeDescription' is present

2020-12-24 00:15:23 - [MESSAGE][PASSED] - Text '' is set on object 'Object Repository/VLink/Page_CCSale/txt_ChargeDescription'

2020-12-24 00:15:23 - [MESSAGE][PASSED] - Object 'Object Repository/VLink/Page_CCSale/txt_CAN' is present

2020-12-24 00:15:24 - [MESSAGE][PASSED] - Text '' is set on object 'Object Repository/VLink/Page_CCSale/txt_CAN'

2020-12-24 00:15:24 - [MESSAGE][PASSED] - Object 'Object Repository/VLink/Page_CCSale/txt_BillPaymentIndicator' is present

2020-12-24 00:15:25 - [MESSAGE][PASSED] - Text '' is set on object 'Object Repository/VLink/Page_CCSale/txt_BillPaymentIndicator'

2020-12-24 00:15:25 - [MESSAGE][PASSED] - Object 'Object Repository/VLink/Page_CCSale/txt_UDF1' is present

2020-12-24 00:15:26 - [MESSAGE][PASSED] - Text '' is set on object 'Object Repository/VLink/Page_CCSale/txt_UDF1'

2020-12-24 00:15:26 - [MESSAGE][PASSED] - Object 'Object Repository/VLink/Page_CCSale/txt_UDF2' is present

2020-12-24 00:15:27 - [MESSAGE][PASSED] - Text '' is set on object 'Object Repository/VLink/Page_CCSale/txt_UDF2'

2020-12-24 00:15:27 - [MESSAGE][PASSED] - Object 'Object Repository/VLink/Page_CCSale/txt_UDF3' is present

2020-12-24 00:15:28 - [MESSAGE][PASSED] - Text '' is set on object 'Object Repository/VLink/Page_CCSale/txt_UDF3'

2020-12-24 00:15:28 - [MESSAGE][PASSED] - Object 'Object Repository/VLink/Page_CCSale/txt_UDF4' is present

2020-12-24 00:15:29 - [MESSAGE][PASSED] - Text '' is set on object 'Object Repository/VLink/Page_CCSale/txt_UDF4'

2020-12-24 00:15:29 - [MESSAGE][PASSED] - Object 'Object Repository/VLink/Page_CCSale/txt_UDF5' is present

2020-12-24 00:15:30 - [MESSAGE][PASSED] - Text '' is set on object 'Object Repository/VLink/Page_CCSale/txt_UDF5'

2020-12-24 00:15:30 - [MESSAGE][PASSED] - Object 'Object Repository/VLink/Page_CCSale/txt_UDF6' is present

2020-12-24 00:15:31 - [MESSAGE][PASSED] - Text '' is set on object 'Object Repository/VLink/Page_CCSale/txt_UDF6'

2020-12-24 00:15:31 - [MESSAGE][PASSED] - Object 'Object Repository/VLink/Page_CCSale/txt_UDF7' is present

2020-12-24 00:15:32 - [MESSAGE][PASSED] - Text '' is set on object 'Object Repository/VLink/Page_CCSale/txt_UDF7'

2020-12-24 00:15:32 - [MESSAGE][PASSED] - Object 'Object Repository/VLink/Page_CCSale/txt_UDF8' is present

2020-12-24 00:15:33 - [MESSAGE][PASSED] - Text '' is set on object 'Object Repository/VLink/Page_CCSale/txt_UDF8'

2020-12-24 00:15:33 - [MESSAGE][PASSED] - Object 'Object Repository/VLink/Page_CCSale/txt_UDF9' is present

2020-12-24 00:15:34 - [MESSAGE][PASSED] - Text '' is set on object 'Object Repository/VLink/Page_CCSale/txt_UDF9'

2020-12-24 00:15:34 - [MESSAGE][PASSED] - Object 'Object Repository/VLink/Page_CCSale/txt_UDF10' is present

2020-12-24 00:15:35 - [MESSAGE][PASSED] - Text '' is set on object 'Object Repository/VLink/Page_CCSale/txt_UDF10'

2020-12-24 00:15:35 - [MESSAGE][PASSED] - Object 'Object Repository/VLink/Page_CCSale/txt_CardOnFileIndicator' is present

2020-12-24 00:15:36 - [MESSAGE][PASSED] - Text '' is set on object 'Object Repository/VLink/Page_CCSale/txt_CardOnFileIndicator'

2020-12-24 00:15:36 - [MESSAGE][PASSED] - Object 'Object Repository/VLink/Page_CCSale/txt_StoredCredentialIndicator' is present

2020-12-24 00:15:37 - [MESSAGE][PASSED] - Text '' is set on object 'Object Repository/VLink/Page_CCSale/txt_StoredCredentialIndicator'

2020-12-24 00:15:37 - [MESSAGE][PASSED] - Object 'Object Repository/VLink/Page_CCSale/txt_COFScheduledIndicator' is present

2020-12-24 00:15:38 - [MESSAGE][PASSED] - Text '' is set on object 'Object Repository/VLink/Page_CCSale/txt_COFScheduledIndicator'

2020-12-24 00:15:38 - [MESSAGE][PASSED] - Object 'Object Repository/VLink/Page_CCSale/txt_COFTransactionInitiatedBy' is present

2020-12-24 00:15:39 - [MESSAGE][PASSED] - Text '' is set on object 'Object Repository/VLink/Page_CCSale/txt_COFTransactionInitiatedBy'

2020-12-24 00:15:43 - [MESSAGE][PASSED] - Object: 'Object Repository/VLink/Page_CCSale/btn_ProcessVLinkTransaction' is clicked on

2020-12-24 00:15:48 - [MESSAGE][PASSED] - vlinkPages.saleCCPage.setDataSCC is PASSED

2020-12-24 00:15:48 - [TEST_STEP][PASSED] - if (verifyTextPresent("Transaction approved, no errors", true)): null

2020-12-24 00:15:49 - [MESSAGE][PASSED] - Text 'Transaction approved, no errors' is present on page  using regular expression

2020-12-24 00:15:49 - [TEST_STEP][PASSED] - println("Transaction Approved, no errors text is present on the Confirmation page"): null

2020-12-24 00:15:49 - [TEST_STEP][PASSED] - out.println("Pass Record Number: " + row): null

2020-12-24 00:15:49 - [TEST_STEP][PASSED] - resText = "Pass": null

2020-12-24 00:15:49 - [TEST_STEP][PASSED] - pages.WriteExcel.demoKey(resText, datText, resColumn, datCloumn, fileLoc, nameSheet, row): pages.WriteExcel.demoKey is PASSED

2020-12-24 00:15:49 - [MESSAGE][PASSED] - pages.WriteExcel.demoKey is PASSED

2020-12-24 00:15:49 - [TEST_STEP][PASSED] - sdfo = getText(findTestObject("Object Repository/Page_VLinkReceipt/pre_STX")): Text of object 'Object Repository/Page_VLinkReceipt/pre_STX' is: '<STX>QfAXZGgWT7I0                  12088099            0  Transaction approved, no errors                   0                                                                                  Y OK1878   <ETX>'

2020-12-24 00:15:49 - [MESSAGE][PASSED] - Text of object 'Object Repository/Page_VLinkReceipt/pre_STX' is: '<STX>QfAXZGgWT7I0                  12088099            0  Transaction approved, no errors                   0                                                                                  Y OK1878   <ETX>'

2020-12-24 00:15:49 - [TEST_STEP][PASSED] - out.println("sdfo: " + sdfo): null

2020-12-24 00:15:49 - [TEST_STEP][PASSED] - remID = substring(5, 35).trim(): null

2020-12-24 00:15:49 - [TEST_STEP][PASSED] - out.println("Remittance ID: " + remID): null

2020-12-24 00:15:49 - [TEST_STEP][PASSED] - traxID = substring(35, 55).trim(): null

2020-12-24 00:15:49 - [TEST_STEP][PASSED] - out.println("Transaction ID: " + traxID): null

2020-12-24 00:15:49 - [TEST_STEP][PASSED] - out.println("End Record Number: " + row): null

2020-12-24 00:15:49 - [TEST_STEP][PASSED] - closeBrowser(): Browser is closed

2020-12-24 00:15:50 - [MESSAGE][PASSED] - Browser is closed

2020-12-24 00:15:50 - [TEST_STEP][PASSED] - out.println("Begin Record Number: " + row): null

2020-12-24 00:15:50 - [TEST_STEP][PASSED] - today = new java.util.Date(): null

2020-12-24 00:15:50 - [TEST_STEP][PASSED] - println(today): null

2020-12-24 00:15:50 - [TEST_STEP][PASSED] - datText = today: null

2020-12-24 00:15:50 - [TEST_STEP][PASSED] - openBrowser(VLinkURL + "authcap.html"): Browser is opened with url: 'https://dev-algorithm.govolution.com/vlinktest/QA/version_2_0/authcap.html'

2020-12-24 00:15:50 - [MESSAGE][INFO] - Starting 'Chrome' driver

2020-12-24 00:15:50 - [MESSAGE][INFO] - User set preference: ['acceptInsecureCerts', 'true']

2020-12-24 00:15:50 - [MESSAGE][INFO] - Action delay is set to 0 milliseconds

2020-12-24 00:15:53 - [MESSAGE][PASSED] - Browser is opened with url: 'https://dev-algorithm.govolution.com/vlinktest/QA/version_2_0/authcap.html'

2020-12-24 00:15:53 - [TEST_STEP][PASSED] - maximizeWindow(): Current window maximized

2020-12-24 00:15:53 - [MESSAGE][PASSED] - Current window maximized

2020-12-24 00:15:53 - [TEST_STEP][PASSED] - vlinkPages.saleCCPage.setDataSCC(row, dataFile): vlinkPages.saleCCPage.setDataSCC is PASSED

2020-12-24 00:15:55 - [MESSAGE][PASSED] - Object 'Object Repository/VLink/Page_CCSale/txt_CardNumber' is present

2020-12-24 00:15:56 - [MESSAGE][PASSED] - Object 'Object Repository/VLink/Page_CCSale/txt_TransactionType' is present

2020-12-24 00:15:56 - [MESSAGE][PASSED] - Text '104' is set on object 'Object Repository/VLink/Page_CCSale/txt_TransactionType'

2020-12-24 00:15:56 - [MESSAGE][PASSED] - Object 'Object Repository/VLink/Page_CCSale/txt_MessageVersion' is present

2020-12-24 00:15:57 - [MESSAGE][PASSED] - Text '2.0C' is set on object 'Object Repository/VLink/Page_CCSale/txt_MessageVersion'

2020-12-24 00:15:57 - [MESSAGE][PASSED] - Object 'Object Repository/VLink/Page_CCSale/txt_RemID' is present

2020-12-24 00:15:58 - [MESSAGE][PASSED] - Text '8fabqNChgx1s' is set on object 'Object Repository/VLink/Page_CCSale/txt_RemID'

2020-12-24 00:15:58 - [MESSAGE][PASSED] - Object 'Object Repository/VLink/Page_CCSale/txt_ApplicationId' is present

2020-12-24 00:15:59 - [MESSAGE][PASSED] - Text '671' is set on object 'Object Repository/VLink/Page_CCSale/txt_ApplicationId'

2020-12-24 00:15:59 - [MESSAGE][PASSED] - Object 'Object Repository/VLink/Page_CCSale/txt_Username' is present

2020-12-24 00:16:00 - [MESSAGE][PASSED] - Text 'username' is set on object 'Object Repository/VLink/Page_CCSale/txt_Username'

2020-12-24 00:16:00 - [MESSAGE][PASSED] - Object 'Object Repository/VLink/Page_CCSale/txt_Password' is present

2020-12-24 00:16:01 - [MESSAGE][PASSED] - Text 'password' is set on object 'Object Repository/VLink/Page_CCSale/txt_Password'

2020-12-24 00:16:01 - [MESSAGE][PASSED] - Object 'Object Repository/VLink/Page_CCSale/txt_ResponseFormat' is present

2020-12-24 00:16:02 - [MESSAGE][PASSED] - Text 'fixed_width' is set on object 'Object Repository/VLink/Page_CCSale/txt_ResponseFormat'

2020-12-24 00:16:02 - [MESSAGE][PASSED] - Object 'Object Repository/VLink/Page_CCSale/txt_Category' is present

2020-12-24 00:16:03 - [MESSAGE][PASSED] - Text 'RETL' is set on object 'Object Repository/VLink/Page_CCSale/txt_Category'

2020-12-24 00:16:03 - [MESSAGE][PASSED] - Object 'Object Repository/VLink/Page_CCSale/txt_TransactionID' is present

2020-12-24 00:16:04 - [MESSAGE][PASSED] - Text '' is set on object 'Object Repository/VLink/Page_CCSale/txt_TransactionID'

2020-12-24 00:16:04 - [MESSAGE][PASSED] - Object 'Object Repository/VLink/Page_CCSale/txt_ApprovalCode' is present

2020-12-24 00:16:05 - [MESSAGE][PASSED] - Text '' is set on object 'Object Repository/VLink/Page_CCSale/txt_ApprovalCode'

2020-12-24 00:16:05 - [MESSAGE][PASSED] - Object 'Object Repository/VLink/Page_CCSale/txt_CardName' is present

2020-12-24 00:16:06 - [MESSAGE][PASSED] - Text 'Roshan Maha' is set on object 'Object Repository/VLink/Page_CCSale/txt_CardName'

2020-12-24 00:16:06 - [MESSAGE][PASSED] - Object 'Object Repository/VLink/Page_CCSale/txt_AL1' is present

2020-12-24 00:16:07 - [MESSAGE][PASSED] - Text '12563 Bazaar road' is set on object 'Object Repository/VLink/Page_CCSale/txt_AL1'

2020-12-24 00:16:07 - [MESSAGE][PASSED] - Object 'Object Repository/VLink/Page_CCSale/txt_AL2' is present

2020-12-24 00:16:07 - [MESSAGE][PASSED] - Text '' is set on object 'Object Repository/VLink/Page_CCSale/txt_AL2'

2020-12-24 00:16:08 - [MESSAGE][PASSED] - Object 'Object Repository/VLink/Page_CCSale/txt_CardCity' is present

2020-12-24 00:16:08 - [MESSAGE][PASSED] - Text 'Crofton' is set on object 'Object Repository/VLink/Page_CCSale/txt_CardCity'

2020-12-24 00:16:09 - [MESSAGE][PASSED] - Object 'Object Repository/VLink/Page_CCSale/txt_CardState' is present

2020-12-24 00:16:09 - [MESSAGE][PASSED] - Text 'MD' is set on object 'Object Repository/VLink/Page_CCSale/txt_CardState'

2020-12-24 00:16:10 - [MESSAGE][PASSED] - Object 'Object Repository/VLink/Page_CCSale/txt_CardZIP' is present

2020-12-24 00:16:10 - [MESSAGE][PASSED] - Text '21114' is set on object 'Object Repository/VLink/Page_CCSale/txt_CardZIP'

2020-12-24 00:16:11 - [MESSAGE][PASSED] - Object 'Object Repository/VLink/Page_CCSale/txt_CountryID' is present

2020-12-24 00:16:11 - [MESSAGE][PASSED] - Text '' is set on object 'Object Repository/VLink/Page_CCSale/txt_CountryID'

2020-12-24 00:16:12 - [MESSAGE][PASSED] - Object 'Object Repository/VLink/Page_CCSale/txt_Amount' is present

2020-12-24 00:16:12 - [MESSAGE][PASSED] - Text '3.50' is set on object 'Object Repository/VLink/Page_CCSale/txt_Amount'

2020-12-24 00:16:13 - [MESSAGE][PASSED] - Object 'Object Repository/VLink/Page_CCSale/txt_CardNumber' is present

2020-12-24 00:16:13 - [MESSAGE][PASSED] - Text '6011000000000004' is set on object 'Object Repository/VLink/Page_CCSale/txt_CardNumber'

2020-12-24 00:16:14 - [MESSAGE][PASSED] - Object 'Object Repository/VLink/Page_CCSale/txt_ExpMonth' is present

2020-12-24 00:16:14 - [MESSAGE][PASSED] - Text '01' is set on object 'Object Repository/VLink/Page_CCSale/txt_ExpMonth'

2020-12-24 00:16:15 - [MESSAGE][PASSED] - Object 'Object Repository/VLink/Page_CCSale/txt_ExpYear' is present

2020-12-24 00:16:15 - [MESSAGE][PASSED] - Text '2026' is set on object 'Object Repository/VLink/Page_CCSale/txt_ExpYear'

2020-12-24 00:16:16 - [MESSAGE][PASSED] - Object 'Object Repository/VLink/Page_CCSale/txt_CVV' is present

2020-12-24 00:16:16 - [MESSAGE][PASSED] - Text '' is set on object 'Object Repository/VLink/Page_CCSale/txt_CVV'

2020-12-24 00:16:17 - [MESSAGE][PASSED] - Object 'Object Repository/VLink/Page_CCSale/txt_CVVstate' is present

2020-12-24 00:16:17 - [MESSAGE][PASSED] - Text '' is set on object 'Object Repository/VLink/Page_CCSale/txt_CVVstate'

2020-12-24 00:16:18 - [MESSAGE][PASSED] - Object 'Object Repository/VLink/Page_CCSale/txt_TrackData' is present

2020-12-24 00:16:18 - [MESSAGE][PASSED] - Text '' is set on object 'Object Repository/VLink/Page_CCSale/txt_TrackData'

2020-12-24 00:16:19 - [MESSAGE][PASSED] - Object 'Object Repository/VLink/Page_CCSale/txt_Track1Data' is present

2020-12-24 00:16:19 - [MESSAGE][PASSED] - Text '' is set on object 'Object Repository/VLink/Page_CCSale/txt_Track1Data'

2020-12-24 00:16:20 - [MESSAGE][PASSED] - Object 'Object Repository/VLink/Page_CCSale/txt_Track2Data' is present

2020-12-24 00:16:20 - [MESSAGE][PASSED] - Text '' is set on object 'Object Repository/VLink/Page_CCSale/txt_Track2Data'

2020-12-24 00:16:21 - [MESSAGE][PASSED] - Object 'Object Repository/VLink/Page_CCSale/txt_POSEntryMode' is present

2020-12-24 00:16:21 - [MESSAGE][PASSED] - Text 'manual' is set on object 'Object Repository/VLink/Page_CCSale/txt_POSEntryMode'

2020-12-24 00:16:22 - [MESSAGE][PASSED] - Object 'Object Repository/VLink/Page_CCSale/txt_Email' is present

2020-12-24 00:16:22 - [MESSAGE][PASSED] - Text '' is set on object 'Object Repository/VLink/Page_CCSale/txt_Email'

2020-12-24 00:16:23 - [MESSAGE][PASSED] - Object 'Object Repository/VLink/Page_CCSale/txt_OrderNumber' is present

2020-12-24 00:16:23 - [MESSAGE][PASSED] - Text '' is set on object 'Object Repository/VLink/Page_CCSale/txt_OrderNumber'

2020-12-24 00:16:24 - [MESSAGE][PASSED] - Object 'Object Repository/VLink/Page_CCSale/txt_TaxAmount' is present

2020-12-24 00:16:24 - [MESSAGE][PASSED] - Text '' is set on object 'Object Repository/VLink/Page_CCSale/txt_TaxAmount'

2020-12-24 00:16:25 - [MESSAGE][PASSED] - Object 'Object Repository/VLink/Page_CCSale/txt_ChargeDescription' is present

2020-12-24 00:16:25 - [MESSAGE][PASSED] - Text '' is set on object 'Object Repository/VLink/Page_CCSale/txt_ChargeDescription'

2020-12-24 00:16:26 - [MESSAGE][PASSED] - Object 'Object Repository/VLink/Page_CCSale/txt_CAN' is present

2020-12-24 00:16:26 - [MESSAGE][PASSED] - Text '' is set on object 'Object Repository/VLink/Page_CCSale/txt_CAN'

2020-12-24 00:16:27 - [MESSAGE][PASSED] - Object 'Object Repository/VLink/Page_CCSale/txt_BillPaymentIndicator' is present

2020-12-24 00:16:27 - [MESSAGE][PASSED] - Text '' is set on object 'Object Repository/VLink/Page_CCSale/txt_BillPaymentIndicator'

2020-12-24 00:16:28 - [MESSAGE][PASSED] - Object 'Object Repository/VLink/Page_CCSale/txt_UDF1' is present

2020-12-24 00:16:28 - [MESSAGE][PASSED] - Text '' is set on object 'Object Repository/VLink/Page_CCSale/txt_UDF1'

2020-12-24 00:16:29 - [MESSAGE][PASSED] - Object 'Object Repository/VLink/Page_CCSale/txt_UDF2' is present

2020-12-24 00:16:29 - [MESSAGE][PASSED] - Text '' is set on object 'Object Repository/VLink/Page_CCSale/txt_UDF2'

2020-12-24 00:16:30 - [MESSAGE][PASSED] - Object 'Object Repository/VLink/Page_CCSale/txt_UDF3' is present

2020-12-24 00:16:30 - [MESSAGE][PASSED] - Text '' is set on object 'Object Repository/VLink/Page_CCSale/txt_UDF3'

2020-12-24 00:16:30 - [MESSAGE][PASSED] - Object 'Object Repository/VLink/Page_CCSale/txt_UDF4' is present

2020-12-24 00:16:31 - [MESSAGE][PASSED] - Text '' is set on object 'Object Repository/VLink/Page_CCSale/txt_UDF4'

2020-12-24 00:16:31 - [MESSAGE][PASSED] - Object 'Object Repository/VLink/Page_CCSale/txt_UDF5' is present

2020-12-24 00:16:32 - [MESSAGE][PASSED] - Text '' is set on object 'Object Repository/VLink/Page_CCSale/txt_UDF5'

2020-12-24 00:16:32 - [MESSAGE][PASSED] - Object 'Object Repository/VLink/Page_CCSale/txt_UDF6' is present

2020-12-24 00:16:33 - [MESSAGE][PASSED] - Text '' is set on object 'Object Repository/VLink/Page_CCSale/txt_UDF6'

2020-12-24 00:16:33 - [MESSAGE][PASSED] - Object 'Object Repository/VLink/Page_CCSale/txt_UDF7' is present

2020-12-24 00:16:34 - [MESSAGE][PASSED] - Text '' is set on object 'Object Repository/VLink/Page_CCSale/txt_UDF7'

2020-12-24 00:16:34 - [MESSAGE][PASSED] - Object 'Object Repository/VLink/Page_CCSale/txt_UDF8' is present

2020-12-24 00:16:35 - [MESSAGE][PASSED] - Text '' is set on object 'Object Repository/VLink/Page_CCSale/txt_UDF8'

2020-12-24 00:16:35 - [MESSAGE][PASSED] - Object 'Object Repository/VLink/Page_CCSale/txt_UDF9' is present

2020-12-24 00:16:36 - [MESSAGE][PASSED] - Text '' is set on object 'Object Repository/VLink/Page_CCSale/txt_UDF9'

2020-12-24 00:16:36 - [MESSAGE][PASSED] - Object 'Object Repository/VLink/Page_CCSale/txt_UDF10' is present

2020-12-24 00:16:37 - [MESSAGE][PASSED] - Text '' is set on object 'Object Repository/VLink/Page_CCSale/txt_UDF10'

2020-12-24 00:16:37 - [MESSAGE][PASSED] - Object 'Object Repository/VLink/Page_CCSale/txt_CardOnFileIndicator' is present

2020-12-24 00:16:38 - [MESSAGE][PASSED] - Text '' is set on object 'Object Repository/VLink/Page_CCSale/txt_CardOnFileIndicator'

2020-12-24 00:16:38 - [MESSAGE][PASSED] - Object 'Object Repository/VLink/Page_CCSale/txt_StoredCredentialIndicator' is present

2020-12-24 00:16:39 - [MESSAGE][PASSED] - Text '' is set on object 'Object Repository/VLink/Page_CCSale/txt_StoredCredentialIndicator'

2020-12-24 00:16:39 - [MESSAGE][PASSED] - Object 'Object Repository/VLink/Page_CCSale/txt_COFScheduledIndicator' is present

2020-12-24 00:16:40 - [MESSAGE][PASSED] - Text '' is set on object 'Object Repository/VLink/Page_CCSale/txt_COFScheduledIndicator'

2020-12-24 00:16:40 - [MESSAGE][PASSED] - Object 'Object Repository/VLink/Page_CCSale/txt_COFTransactionInitiatedBy' is present

2020-12-24 00:16:41 - [MESSAGE][PASSED] - Text '' is set on object 'Object Repository/VLink/Page_CCSale/txt_COFTransactionInitiatedBy'

2020-12-24 00:16:46 - [MESSAGE][PASSED] - Object: 'Object Repository/VLink/Page_CCSale/btn_ProcessVLinkTransaction' is clicked on

2020-12-24 00:16:51 - [MESSAGE][PASSED] - vlinkPages.saleCCPage.setDataSCC is PASSED

2020-12-24 00:16:51 - [TEST_STEP][PASSED] - if (verifyTextPresent("Transaction approved, no errors", true)): null

2020-12-24 00:16:51 - [MESSAGE][PASSED] - Text 'Transaction approved, no errors' is present on page  using regular expression

2020-12-24 00:16:51 - [TEST_STEP][PASSED] - println("Transaction Approved, no errors text is present on the Confirmation page"): null

2020-12-24 00:16:51 - [TEST_STEP][PASSED] - out.println("Pass Record Number: " + row): null

2020-12-24 00:16:51 - [TEST_STEP][PASSED] - resText = "Pass": null

2020-12-24 00:16:51 - [TEST_STEP][PASSED] - pages.WriteExcel.demoKey(resText, datText, resColumn, datCloumn, fileLoc, nameSheet, row): pages.WriteExcel.demoKey is PASSED

2020-12-24 00:16:52 - [MESSAGE][PASSED] - pages.WriteExcel.demoKey is PASSED

2020-12-24 00:16:52 - [TEST_STEP][PASSED] - sdfo = getText(findTestObject("Object Repository/Page_VLinkReceipt/pre_STX")): Text of object 'Object Repository/Page_VLinkReceipt/pre_STX' is: '<STX>8fabqNChgx1s                  12088100            0  Transaction approved, no errors                   0                                                                                  Y OK2188   <ETX>'

2020-12-24 00:16:52 - [MESSAGE][PASSED] - Text of object 'Object Repository/Page_VLinkReceipt/pre_STX' is: '<STX>8fabqNChgx1s                  12088100            0  Transaction approved, no errors                   0                                                                                  Y OK2188   <ETX>'

2020-12-24 00:16:52 - [TEST_STEP][PASSED] - out.println("sdfo: " + sdfo): null

2020-12-24 00:16:52 - [TEST_STEP][PASSED] - remID = substring(5, 35).trim(): null

2020-12-24 00:16:52 - [TEST_STEP][PASSED] - out.println("Remittance ID: " + remID): null

2020-12-24 00:16:52 - [TEST_STEP][PASSED] - traxID = substring(35, 55).trim(): null

2020-12-24 00:16:52 - [TEST_STEP][PASSED] - out.println("Transaction ID: " + traxID): null

2020-12-24 00:16:52 - [TEST_STEP][PASSED] - out.println("End Record Number: " + row): null

2020-12-24 00:16:52 - [TEST_STEP][PASSED] - closeBrowser(): Browser is closed

2020-12-24 00:16:53 - [MESSAGE][PASSED] - Browser is closed

2020-12-24 00:16:53 - [TEST_STEP][PASSED] - out.println("Begin Record Number: " + row): null

2020-12-24 00:16:53 - [TEST_STEP][PASSED] - today = new java.util.Date(): null

2020-12-24 00:16:53 - [TEST_STEP][PASSED] - println(today): null

2020-12-24 00:16:53 - [TEST_STEP][PASSED] - datText = today: null

2020-12-24 00:16:53 - [TEST_STEP][PASSED] - openBrowser(VLinkURL + "authcap.html"): Browser is opened with url: 'https://dev-algorithm.govolution.com/vlinktest/QA/version_2_0/authcap.html'

2020-12-24 00:16:53 - [MESSAGE][INFO] - Starting 'Chrome' driver

2020-12-24 00:16:53 - [MESSAGE][INFO] - User set preference: ['acceptInsecureCerts', 'true']

2020-12-24 00:16:53 - [MESSAGE][INFO] - Action delay is set to 0 milliseconds

2020-12-24 00:16:56 - [MESSAGE][PASSED] - Browser is opened with url: 'https://dev-algorithm.govolution.com/vlinktest/QA/version_2_0/authcap.html'

2020-12-24 00:16:56 - [TEST_STEP][PASSED] - maximizeWindow(): Current window maximized

2020-12-24 00:16:56 - [MESSAGE][PASSED] - Current window maximized

2020-12-24 00:16:56 - [TEST_STEP][PASSED] - vlinkPages.saleCCPage.setDataSCC(row, dataFile): vlinkPages.saleCCPage.setDataSCC is PASSED

2020-12-24 00:16:58 - [MESSAGE][PASSED] - Object 'Object Repository/VLink/Page_CCSale/txt_CardNumber' is present

2020-12-24 00:16:59 - [MESSAGE][PASSED] - Object 'Object Repository/VLink/Page_CCSale/txt_TransactionType' is present

2020-12-24 00:16:59 - [MESSAGE][PASSED] - Text '104' is set on object 'Object Repository/VLink/Page_CCSale/txt_TransactionType'

2020-12-24 00:16:59 - [MESSAGE][PASSED] - Object 'Object Repository/VLink/Page_CCSale/txt_MessageVersion' is present

2020-12-24 00:17:00 - [MESSAGE][PASSED] - Text '2.0C' is set on object 'Object Repository/VLink/Page_CCSale/txt_MessageVersion'

2020-12-24 00:17:00 - [MESSAGE][PASSED] - Object 'Object Repository/VLink/Page_CCSale/txt_RemID' is present

2020-12-24 00:17:01 - [MESSAGE][PASSED] - Text 'ykpBW6INFbhI' is set on object 'Object Repository/VLink/Page_CCSale/txt_RemID'

2020-12-24 00:17:01 - [MESSAGE][PASSED] - Object 'Object Repository/VLink/Page_CCSale/txt_ApplicationId' is present

2020-12-24 00:17:02 - [MESSAGE][PASSED] - Text '665' is set on object 'Object Repository/VLink/Page_CCSale/txt_ApplicationId'

2020-12-24 00:17:02 - [MESSAGE][PASSED] - Object 'Object Repository/VLink/Page_CCSale/txt_Username' is present

2020-12-24 00:17:03 - [MESSAGE][PASSED] - Text 'username' is set on object 'Object Repository/VLink/Page_CCSale/txt_Username'

2020-12-24 00:17:03 - [MESSAGE][PASSED] - Object 'Object Repository/VLink/Page_CCSale/txt_Password' is present

2020-12-24 00:17:04 - [MESSAGE][PASSED] - Text 'password' is set on object 'Object Repository/VLink/Page_CCSale/txt_Password'

2020-12-24 00:17:04 - [MESSAGE][PASSED] - Object 'Object Repository/VLink/Page_CCSale/txt_ResponseFormat' is present

2020-12-24 00:17:05 - [MESSAGE][PASSED] - Text 'fixed_width' is set on object 'Object Repository/VLink/Page_CCSale/txt_ResponseFormat'

2020-12-24 00:17:05 - [MESSAGE][PASSED] - Object 'Object Repository/VLink/Page_CCSale/txt_Category' is present

2020-12-24 00:17:06 - [MESSAGE][PASSED] - Text 'ECOM' is set on object 'Object Repository/VLink/Page_CCSale/txt_Category'

2020-12-24 00:17:06 - [MESSAGE][PASSED] - Object 'Object Repository/VLink/Page_CCSale/txt_TransactionID' is present

2020-12-24 00:17:07 - [MESSAGE][PASSED] - Text '' is set on object 'Object Repository/VLink/Page_CCSale/txt_TransactionID'

2020-12-24 00:17:07 - [MESSAGE][PASSED] - Object 'Object Repository/VLink/Page_CCSale/txt_ApprovalCode' is present

2020-12-24 00:17:07 - [MESSAGE][PASSED] - Text '' is set on object 'Object Repository/VLink/Page_CCSale/txt_ApprovalCode'

2020-12-24 00:17:08 - [MESSAGE][PASSED] - Object 'Object Repository/VLink/Page_CCSale/txt_CardName' is present

2020-12-24 00:17:08 - [MESSAGE][PASSED] - Text 'Roshan Maha' is set on object 'Object Repository/VLink/Page_CCSale/txt_CardName'

2020-12-24 00:17:09 - [MESSAGE][PASSED] - Object 'Object Repository/VLink/Page_CCSale/txt_AL1' is present

2020-12-24 00:17:09 - [MESSAGE][PASSED] - Text '12563 Bazaar road' is set on object 'Object Repository/VLink/Page_CCSale/txt_AL1'

2020-12-24 00:17:10 - [MESSAGE][PASSED] - Object 'Object Repository/VLink/Page_CCSale/txt_AL2' is present

2020-12-24 00:17:10 - [MESSAGE][PASSED] - Text '' is set on object 'Object Repository/VLink/Page_CCSale/txt_AL2'

2020-12-24 00:17:11 - [MESSAGE][PASSED] - Object 'Object Repository/VLink/Page_CCSale/txt_CardCity' is present

2020-12-24 00:17:11 - [MESSAGE][PASSED] - Text 'Crofton' is set on object 'Object Repository/VLink/Page_CCSale/txt_CardCity'

2020-12-24 00:17:12 - [MESSAGE][PASSED] - Object 'Object Repository/VLink/Page_CCSale/txt_CardState' is present

2020-12-24 00:17:12 - [MESSAGE][PASSED] - Text 'MD' is set on object 'Object Repository/VLink/Page_CCSale/txt_CardState'

2020-12-24 00:17:13 - [MESSAGE][PASSED] - Object 'Object Repository/VLink/Page_CCSale/txt_CardZIP' is present

2020-12-24 00:17:13 - [MESSAGE][PASSED] - Text '21114' is set on object 'Object Repository/VLink/Page_CCSale/txt_CardZIP'

2020-12-24 00:17:14 - [MESSAGE][PASSED] - Object 'Object Repository/VLink/Page_CCSale/txt_CountryID' is present

2020-12-24 00:17:14 - [MESSAGE][PASSED] - Text '' is set on object 'Object Repository/VLink/Page_CCSale/txt_CountryID'

2020-12-24 00:17:15 - [MESSAGE][PASSED] - Object 'Object Repository/VLink/Page_CCSale/txt_Amount' is present

2020-12-24 00:17:15 - [MESSAGE][PASSED] - Text '3.50' is set on object 'Object Repository/VLink/Page_CCSale/txt_Amount'

2020-12-24 00:17:16 - [MESSAGE][PASSED] - Object 'Object Repository/VLink/Page_CCSale/txt_CardNumber' is present

2020-12-24 00:17:16 - [MESSAGE][PASSED] - Text '4111111111111111' is set on object 'Object Repository/VLink/Page_CCSale/txt_CardNumber'

2020-12-24 00:17:17 - [MESSAGE][PASSED] - Object 'Object Repository/VLink/Page_CCSale/txt_ExpMonth' is present

2020-12-24 00:17:17 - [MESSAGE][PASSED] - Text '01' is set on object 'Object Repository/VLink/Page_CCSale/txt_ExpMonth'

2020-12-24 00:17:18 - [MESSAGE][PASSED] - Object 'Object Repository/VLink/Page_CCSale/txt_ExpYear' is present

2020-12-24 00:17:18 - [MESSAGE][PASSED] - Text '2026' is set on object 'Object Repository/VLink/Page_CCSale/txt_ExpYear'

2020-12-24 00:17:19 - [MESSAGE][PASSED] - Object 'Object Repository/VLink/Page_CCSale/txt_CVV' is present

2020-12-24 00:17:19 - [MESSAGE][PASSED] - Text '' is set on object 'Object Repository/VLink/Page_CCSale/txt_CVV'

2020-12-24 00:17:20 - [MESSAGE][PASSED] - Object 'Object Repository/VLink/Page_CCSale/txt_CVVstate' is present

2020-12-24 00:17:20 - [MESSAGE][PASSED] - Text '' is set on object 'Object Repository/VLink/Page_CCSale/txt_CVVstate'

2020-12-24 00:17:21 - [MESSAGE][PASSED] - Object 'Object Repository/VLink/Page_CCSale/txt_TrackData' is present

2020-12-24 00:17:21 - [MESSAGE][PASSED] - Text '' is set on object 'Object Repository/VLink/Page_CCSale/txt_TrackData'

2020-12-24 00:17:22 - [MESSAGE][PASSED] - Object 'Object Repository/VLink/Page_CCSale/txt_Track1Data' is present

2020-12-24 00:17:22 - [MESSAGE][PASSED] - Text '' is set on object 'Object Repository/VLink/Page_CCSale/txt_Track1Data'

2020-12-24 00:17:22 - [MESSAGE][PASSED] - Object 'Object Repository/VLink/Page_CCSale/txt_Track2Data' is present

2020-12-24 00:17:23 - [MESSAGE][PASSED] - Text '' is set on object 'Object Repository/VLink/Page_CCSale/txt_Track2Data'

2020-12-24 00:17:23 - [MESSAGE][PASSED] - Object 'Object Repository/VLink/Page_CCSale/txt_POSEntryMode' is present

2020-12-24 00:17:24 - [MESSAGE][PASSED] - Text 'manual' is set on object 'Object Repository/VLink/Page_CCSale/txt_POSEntryMode'

2020-12-24 00:17:24 - [MESSAGE][PASSED] - Object 'Object Repository/VLink/Page_CCSale/txt_Email' is present

2020-12-24 00:17:25 - [MESSAGE][PASSED] - Text '' is set on object 'Object Repository/VLink/Page_CCSale/txt_Email'

2020-12-24 00:17:25 - [MESSAGE][PASSED] - Object 'Object Repository/VLink/Page_CCSale/txt_OrderNumber' is present

2020-12-24 00:17:26 - [MESSAGE][PASSED] - Text '' is set on object 'Object Repository/VLink/Page_CCSale/txt_OrderNumber'

2020-12-24 00:17:26 - [MESSAGE][PASSED] - Object 'Object Repository/VLink/Page_CCSale/txt_TaxAmount' is present

2020-12-24 00:17:27 - [MESSAGE][PASSED] - Text '' is set on object 'Object Repository/VLink/Page_CCSale/txt_TaxAmount'

2020-12-24 00:17:27 - [MESSAGE][PASSED] - Object 'Object Repository/VLink/Page_CCSale/txt_ChargeDescription' is present

2020-12-24 00:17:28 - [MESSAGE][PASSED] - Text '' is set on object 'Object Repository/VLink/Page_CCSale/txt_ChargeDescription'

2020-12-24 00:17:28 - [MESSAGE][PASSED] - Object 'Object Repository/VLink/Page_CCSale/txt_CAN' is present

2020-12-24 00:17:29 - [MESSAGE][PASSED] - Text '' is set on object 'Object Repository/VLink/Page_CCSale/txt_CAN'

2020-12-24 00:17:29 - [MESSAGE][PASSED] - Object 'Object Repository/VLink/Page_CCSale/txt_BillPaymentIndicator' is present

2020-12-24 00:17:30 - [MESSAGE][PASSED] - Text '' is set on object 'Object Repository/VLink/Page_CCSale/txt_BillPaymentIndicator'

2020-12-24 00:17:30 - [MESSAGE][PASSED] - Object 'Object Repository/VLink/Page_CCSale/txt_UDF1' is present

2020-12-24 00:17:31 - [MESSAGE][PASSED] - Text '' is set on object 'Object Repository/VLink/Page_CCSale/txt_UDF1'

2020-12-24 00:17:31 - [MESSAGE][PASSED] - Object 'Object Repository/VLink/Page_CCSale/txt_UDF2' is present

2020-12-24 00:17:32 - [MESSAGE][PASSED] - Text '' is set on object 'Object Repository/VLink/Page_CCSale/txt_UDF2'

2020-12-24 00:17:32 - [MESSAGE][PASSED] - Object 'Object Repository/VLink/Page_CCSale/txt_UDF3' is present

2020-12-24 00:17:33 - [MESSAGE][PASSED] - Text '' is set on object 'Object Repository/VLink/Page_CCSale/txt_UDF3'

2020-12-24 00:17:33 - [MESSAGE][PASSED] - Object 'Object Repository/VLink/Page_CCSale/txt_UDF4' is present

2020-12-24 00:17:34 - [MESSAGE][PASSED] - Text '' is set on object 'Object Repository/VLink/Page_CCSale/txt_UDF4'

2020-12-24 00:17:34 - [MESSAGE][PASSED] - Object 'Object Repository/VLink/Page_CCSale/txt_UDF5' is present

2020-12-24 00:17:35 - [MESSAGE][PASSED] - Text '' is set on object 'Object Repository/VLink/Page_CCSale/txt_UDF5'

2020-12-24 00:17:35 - [MESSAGE][PASSED] - Object 'Object Repository/VLink/Page_CCSale/txt_UDF6' is present

2020-12-24 00:17:36 - [MESSAGE][PASSED] - Text '' is set on object 'Object Repository/VLink/Page_CCSale/txt_UDF6'

2020-12-24 00:17:36 - [MESSAGE][PASSED] - Object 'Object Repository/VLink/Page_CCSale/txt_UDF7' is present

2020-12-24 00:17:37 - [MESSAGE][PASSED] - Text '' is set on object 'Object Repository/VLink/Page_CCSale/txt_UDF7'

2020-12-24 00:17:37 - [MESSAGE][PASSED] - Object 'Object Repository/VLink/Page_CCSale/txt_UDF8' is present

2020-12-24 00:17:38 - [MESSAGE][PASSED] - Text '' is set on object 'Object Repository/VLink/Page_CCSale/txt_UDF8'

2020-12-24 00:17:38 - [MESSAGE][PASSED] - Object 'Object Repository/VLink/Page_CCSale/txt_UDF9' is present

2020-12-24 00:17:39 - [MESSAGE][PASSED] - Text '' is set on object 'Object Repository/VLink/Page_CCSale/txt_UDF9'

2020-12-24 00:17:39 - [MESSAGE][PASSED] - Object 'Object Repository/VLink/Page_CCSale/txt_UDF10' is present

2020-12-24 00:17:40 - [MESSAGE][PASSED] - Text '' is set on object 'Object Repository/VLink/Page_CCSale/txt_UDF10'

2020-12-24 00:17:40 - [MESSAGE][PASSED] - Object 'Object Repository/VLink/Page_CCSale/txt_CardOnFileIndicator' is present

2020-12-24 00:17:41 - [MESSAGE][PASSED] - Text '0' is set on object 'Object Repository/VLink/Page_CCSale/txt_CardOnFileIndicator'

2020-12-24 00:17:41 - [MESSAGE][PASSED] - Object 'Object Repository/VLink/Page_CCSale/txt_StoredCredentialIndicator' is present

2020-12-24 00:17:42 - [MESSAGE][PASSED] - Text 'Initial' is set on object 'Object Repository/VLink/Page_CCSale/txt_StoredCredentialIndicator'

2020-12-24 00:17:42 - [MESSAGE][PASSED] - Object 'Object Repository/VLink/Page_CCSale/txt_COFScheduledIndicator' is present

2020-12-24 00:17:43 - [MESSAGE][PASSED] - Text 'Unscheduled' is set on object 'Object Repository/VLink/Page_CCSale/txt_COFScheduledIndicator'

2020-12-24 00:17:43 - [MESSAGE][PASSED] - Object 'Object Repository/VLink/Page_CCSale/txt_COFTransactionInitiatedBy' is present

2020-12-24 00:17:44 - [MESSAGE][PASSED] - Text 'Customer' is set on object 'Object Repository/VLink/Page_CCSale/txt_COFTransactionInitiatedBy'

2020-12-24 00:17:46 - [MESSAGE][PASSED] - Object: 'Object Repository/VLink/Page_CCSale/btn_ProcessVLinkTransaction' is clicked on

2020-12-24 00:17:51 - [MESSAGE][PASSED] - vlinkPages.saleCCPage.setDataSCC is PASSED

2020-12-24 00:17:51 - [TEST_STEP][PASSED] - if (verifyTextPresent("Transaction approved, no errors", true)): null

2020-12-24 00:17:52 - [MESSAGE][PASSED] - Text 'Transaction approved, no errors' is present on page  using regular expression

2020-12-24 00:17:52 - [TEST_STEP][PASSED] - println("Transaction Approved, no errors text is present on the Confirmation page"): null

2020-12-24 00:17:52 - [TEST_STEP][PASSED] - out.println("Pass Record Number: " + row): null

2020-12-24 00:17:52 - [TEST_STEP][PASSED] - resText = "Pass": null

2020-12-24 00:17:52 - [TEST_STEP][PASSED] - pages.WriteExcel.demoKey(resText, datText, resColumn, datCloumn, fileLoc, nameSheet, row): pages.WriteExcel.demoKey is PASSED

2020-12-24 00:17:52 - [MESSAGE][PASSED] - pages.WriteExcel.demoKey is PASSED

2020-12-24 00:17:52 - [TEST_STEP][PASSED] - sdfo = getText(findTestObject("Object Repository/Page_VLinkReceipt/pre_STX")): Text of object 'Object Repository/Page_VLinkReceipt/pre_STX' is: '<STX>ykpBW6INFbhI                  12088101            0  Transaction approved, no errors                   0                                                                                  XXOK4980   <ETX>'

2020-12-24 00:17:52 - [MESSAGE][PASSED] - Text of object 'Object Repository/Page_VLinkReceipt/pre_STX' is: '<STX>ykpBW6INFbhI                  12088101            0  Transaction approved, no errors                   0                                                                                  XXOK4980   <ETX>'

2020-12-24 00:17:52 - [TEST_STEP][PASSED] - out.println("sdfo: " + sdfo): null

2020-12-24 00:17:52 - [TEST_STEP][PASSED] - remID = substring(5, 35).trim(): null

2020-12-24 00:17:52 - [TEST_STEP][PASSED] - out.println("Remittance ID: " + remID): null

2020-12-24 00:17:52 - [TEST_STEP][PASSED] - traxID = substring(35, 55).trim(): null

2020-12-24 00:17:52 - [TEST_STEP][PASSED] - out.println("Transaction ID: " + traxID): null

2020-12-24 00:17:52 - [TEST_STEP][PASSED] - out.println("End Record Number: " + row): null

2020-12-24 00:17:52 - [TEST_STEP][PASSED] - closeBrowser(): Browser is closed

2020-12-24 00:17:53 - [MESSAGE][PASSED] - Browser is closed

2020-12-24 00:17:53 - [TEST_STEP][PASSED] - out.println("Begin Record Number: " + row): null

2020-12-24 00:17:53 - [TEST_STEP][PASSED] - today = new java.util.Date(): null

2020-12-24 00:17:53 - [TEST_STEP][PASSED] - println(today): null

2020-12-24 00:17:53 - [TEST_STEP][PASSED] - datText = today: null

2020-12-24 00:17:53 - [TEST_STEP][PASSED] - openBrowser(VLinkURL + "authcap.html"): Browser is opened with url: 'https://dev-algorithm.govolution.com/vlinktest/QA/version_2_0/authcap.html'

2020-12-24 00:17:53 - [MESSAGE][INFO] - Starting 'Chrome' driver

2020-12-24 00:17:53 - [MESSAGE][INFO] - User set preference: ['acceptInsecureCerts', 'true']

2020-12-24 00:17:53 - [MESSAGE][INFO] - Action delay is set to 0 milliseconds

2020-12-24 00:17:56 - [MESSAGE][PASSED] - Browser is opened with url: 'https://dev-algorithm.govolution.com/vlinktest/QA/version_2_0/authcap.html'

2020-12-24 00:17:56 - [TEST_STEP][PASSED] - maximizeWindow(): Current window maximized

2020-12-24 00:17:57 - [MESSAGE][PASSED] - Current window maximized

2020-12-24 00:17:57 - [TEST_STEP][PASSED] - vlinkPages.saleCCPage.setDataSCC(row, dataFile): vlinkPages.saleCCPage.setDataSCC is PASSED

2020-12-24 00:17:58 - [MESSAGE][PASSED] - Object 'Object Repository/VLink/Page_CCSale/txt_CardNumber' is present

2020-12-24 00:17:59 - [MESSAGE][PASSED] - Object 'Object Repository/VLink/Page_CCSale/txt_TransactionType' is present

2020-12-24 00:17:59 - [MESSAGE][PASSED] - Text '104' is set on object 'Object Repository/VLink/Page_CCSale/txt_TransactionType'

2020-12-24 00:18:00 - [MESSAGE][PASSED] - Object 'Object Repository/VLink/Page_CCSale/txt_MessageVersion' is present

2020-12-24 00:18:00 - [MESSAGE][PASSED] - Text '2.0C' is set on object 'Object Repository/VLink/Page_CCSale/txt_MessageVersion'

2020-12-24 00:18:01 - [MESSAGE][PASSED] - Object 'Object Repository/VLink/Page_CCSale/txt_RemID' is present

2020-12-24 00:18:01 - [MESSAGE][PASSED] - Text 'Dtj8UmQpYHgn' is set on object 'Object Repository/VLink/Page_CCSale/txt_RemID'

2020-12-24 00:18:01 - [MESSAGE][PASSED] - Object 'Object Repository/VLink/Page_CCSale/txt_ApplicationId' is present

2020-12-24 00:18:02 - [MESSAGE][PASSED] - Text '665' is set on object 'Object Repository/VLink/Page_CCSale/txt_ApplicationId'

2020-12-24 00:18:02 - [MESSAGE][PASSED] - Object 'Object Repository/VLink/Page_CCSale/txt_Username' is present

2020-12-24 00:18:03 - [MESSAGE][PASSED] - Text 'username' is set on object 'Object Repository/VLink/Page_CCSale/txt_Username'

2020-12-24 00:18:03 - [MESSAGE][PASSED] - Object 'Object Repository/VLink/Page_CCSale/txt_Password' is present

2020-12-24 00:18:04 - [MESSAGE][PASSED] - Text 'password' is set on object 'Object Repository/VLink/Page_CCSale/txt_Password'

2020-12-24 00:18:04 - [MESSAGE][PASSED] - Object 'Object Repository/VLink/Page_CCSale/txt_ResponseFormat' is present

2020-12-24 00:18:05 - [MESSAGE][PASSED] - Text 'fixed_width' is set on object 'Object Repository/VLink/Page_CCSale/txt_ResponseFormat'

2020-12-24 00:18:05 - [MESSAGE][PASSED] - Object 'Object Repository/VLink/Page_CCSale/txt_Category' is present

2020-12-24 00:18:06 - [MESSAGE][PASSED] - Text 'ECOM' is set on object 'Object Repository/VLink/Page_CCSale/txt_Category'

2020-12-24 00:18:06 - [MESSAGE][PASSED] - Object 'Object Repository/VLink/Page_CCSale/txt_TransactionID' is present

2020-12-24 00:18:07 - [MESSAGE][PASSED] - Text '' is set on object 'Object Repository/VLink/Page_CCSale/txt_TransactionID'

2020-12-24 00:18:07 - [MESSAGE][PASSED] - Object 'Object Repository/VLink/Page_CCSale/txt_ApprovalCode' is present

2020-12-24 00:18:08 - [MESSAGE][PASSED] - Text '' is set on object 'Object Repository/VLink/Page_CCSale/txt_ApprovalCode'

2020-12-24 00:18:08 - [MESSAGE][PASSED] - Object 'Object Repository/VLink/Page_CCSale/txt_CardName' is present

2020-12-24 00:18:09 - [MESSAGE][PASSED] - Text 'Kris Roshan' is set on object 'Object Repository/VLink/Page_CCSale/txt_CardName'

2020-12-24 00:18:09 - [MESSAGE][PASSED] - Object 'Object Repository/VLink/Page_CCSale/txt_AL1' is present

2020-12-24 00:18:10 - [MESSAGE][PASSED] - Text '258 Elm Road' is set on object 'Object Repository/VLink/Page_CCSale/txt_AL1'

2020-12-24 00:18:10 - [MESSAGE][PASSED] - Object 'Object Repository/VLink/Page_CCSale/txt_AL2' is present

2020-12-24 00:18:11 - [MESSAGE][PASSED] - Text 'Suite 56' is set on object 'Object Repository/VLink/Page_CCSale/txt_AL2'

2020-12-24 00:18:11 - [MESSAGE][PASSED] - Object 'Object Repository/VLink/Page_CCSale/txt_CardCity' is present

2020-12-24 00:18:12 - [MESSAGE][PASSED] - Text 'Arlington' is set on object 'Object Repository/VLink/Page_CCSale/txt_CardCity'

2020-12-24 00:18:12 - [MESSAGE][PASSED] - Object 'Object Repository/VLink/Page_CCSale/txt_CardState' is present

2020-12-24 00:18:13 - [MESSAGE][PASSED] - Text 'VA' is set on object 'Object Repository/VLink/Page_CCSale/txt_CardState'

2020-12-24 00:18:13 - [MESSAGE][PASSED] - Object 'Object Repository/VLink/Page_CCSale/txt_CardZIP' is present

2020-12-24 00:18:14 - [MESSAGE][PASSED] - Text '22201' is set on object 'Object Repository/VLink/Page_CCSale/txt_CardZIP'

2020-12-24 00:18:14 - [MESSAGE][PASSED] - Object 'Object Repository/VLink/Page_CCSale/txt_CountryID' is present

2020-12-24 00:18:15 - [MESSAGE][PASSED] - Text '840' is set on object 'Object Repository/VLink/Page_CCSale/txt_CountryID'

2020-12-24 00:18:15 - [MESSAGE][PASSED] - Object 'Object Repository/VLink/Page_CCSale/txt_Amount' is present

2020-12-24 00:18:16 - [MESSAGE][PASSED] - Text '1.50' is set on object 'Object Repository/VLink/Page_CCSale/txt_Amount'

2020-12-24 00:18:16 - [MESSAGE][PASSED] - Object 'Object Repository/VLink/Page_CCSale/txt_CardNumber' is present

2020-12-24 00:18:17 - [MESSAGE][PASSED] - Text '5424000000000015' is set on object 'Object Repository/VLink/Page_CCSale/txt_CardNumber'

2020-12-24 00:18:17 - [MESSAGE][PASSED] - Object 'Object Repository/VLink/Page_CCSale/txt_ExpMonth' is present

2020-12-24 00:18:17 - [MESSAGE][PASSED] - Text '12' is set on object 'Object Repository/VLink/Page_CCSale/txt_ExpMonth'

2020-12-24 00:18:18 - [MESSAGE][PASSED] - Object 'Object Repository/VLink/Page_CCSale/txt_ExpYear' is present

2020-12-24 00:18:18 - [MESSAGE][PASSED] - Text '2025' is set on object 'Object Repository/VLink/Page_CCSale/txt_ExpYear'

2020-12-24 00:18:19 - [MESSAGE][PASSED] - Object 'Object Repository/VLink/Page_CCSale/txt_CVV' is present

2020-12-24 00:18:19 - [MESSAGE][PASSED] - Text '' is set on object 'Object Repository/VLink/Page_CCSale/txt_CVV'

2020-12-24 00:18:20 - [MESSAGE][PASSED] - Object 'Object Repository/VLink/Page_CCSale/txt_CVVstate' is present

2020-12-24 00:18:20 - [MESSAGE][PASSED] - Text '' is set on object 'Object Repository/VLink/Page_CCSale/txt_CVVstate'

2020-12-24 00:18:21 - [MESSAGE][PASSED] - Object 'Object Repository/VLink/Page_CCSale/txt_TrackData' is present

2020-12-24 00:18:21 - [MESSAGE][PASSED] - Text '' is set on object 'Object Repository/VLink/Page_CCSale/txt_TrackData'

2020-12-24 00:18:22 - [MESSAGE][PASSED] - Object 'Object Repository/VLink/Page_CCSale/txt_Track1Data' is present

2020-12-24 00:18:22 - [MESSAGE][PASSED] - Text '' is set on object 'Object Repository/VLink/Page_CCSale/txt_Track1Data'

2020-12-24 00:18:23 - [MESSAGE][PASSED] - Object 'Object Repository/VLink/Page_CCSale/txt_Track2Data' is present

2020-12-24 00:18:23 - [MESSAGE][PASSED] - Text '' is set on object 'Object Repository/VLink/Page_CCSale/txt_Track2Data'

2020-12-24 00:18:24 - [MESSAGE][PASSED] - Object 'Object Repository/VLink/Page_CCSale/txt_POSEntryMode' is present

2020-12-24 00:18:24 - [MESSAGE][PASSED] - Text 'manual' is set on object 'Object Repository/VLink/Page_CCSale/txt_POSEntryMode'

2020-12-24 00:18:25 - [MESSAGE][PASSED] - Object 'Object Repository/VLink/Page_CCSale/txt_Email' is present

2020-12-24 00:18:25 - [MESSAGE][PASSED] - Text 'iahmed@govolution.com' is set on object 'Object Repository/VLink/Page_CCSale/txt_Email'

2020-12-24 00:18:26 - [MESSAGE][PASSED] - Object 'Object Repository/VLink/Page_CCSale/txt_OrderNumber' is present

2020-12-24 00:18:26 - [MESSAGE][PASSED] - Text '2569362' is set on object 'Object Repository/VLink/Page_CCSale/txt_OrderNumber'

2020-12-24 00:18:27 - [MESSAGE][PASSED] - Object 'Object Repository/VLink/Page_CCSale/txt_TaxAmount' is present

2020-12-24 00:18:27 - [MESSAGE][PASSED] - Text '1.15' is set on object 'Object Repository/VLink/Page_CCSale/txt_TaxAmount'

2020-12-24 00:18:28 - [MESSAGE][PASSED] - Object 'Object Repository/VLink/Page_CCSale/txt_ChargeDescription' is present

2020-12-24 00:18:28 - [MESSAGE][PASSED] - Text 'Charge Description' is set on object 'Object Repository/VLink/Page_CCSale/txt_ChargeDescription'

2020-12-24 00:18:29 - [MESSAGE][PASSED] - Object 'Object Repository/VLink/Page_CCSale/txt_CAN' is present

2020-12-24 00:18:29 - [MESSAGE][PASSED] - Text '147357' is set on object 'Object Repository/VLink/Page_CCSale/txt_CAN'

2020-12-24 00:18:30 - [MESSAGE][PASSED] - Object 'Object Repository/VLink/Page_CCSale/txt_BillPaymentIndicator' is present

2020-12-24 00:18:30 - [MESSAGE][PASSED] - Text '1' is set on object 'Object Repository/VLink/Page_CCSale/txt_BillPaymentIndicator'

2020-12-24 00:18:31 - [MESSAGE][PASSED] - Object 'Object Repository/VLink/Page_CCSale/txt_UDF1' is present

2020-12-24 00:18:31 - [MESSAGE][PASSED] - Text 'UDF Data 1' is set on object 'Object Repository/VLink/Page_CCSale/txt_UDF1'

2020-12-24 00:18:31 - [MESSAGE][PASSED] - Object 'Object Repository/VLink/Page_CCSale/txt_UDF2' is present

2020-12-24 00:18:32 - [MESSAGE][PASSED] - Text 'UDF Data 2' is set on object 'Object Repository/VLink/Page_CCSale/txt_UDF2'

2020-12-24 00:18:32 - [MESSAGE][PASSED] - Object 'Object Repository/VLink/Page_CCSale/txt_UDF3' is present

2020-12-24 00:18:33 - [MESSAGE][PASSED] - Text 'UDF Data 3' is set on object 'Object Repository/VLink/Page_CCSale/txt_UDF3'

2020-12-24 00:18:33 - [MESSAGE][PASSED] - Object 'Object Repository/VLink/Page_CCSale/txt_UDF4' is present

2020-12-24 00:18:34 - [MESSAGE][PASSED] - Text 'UDF Data 4' is set on object 'Object Repository/VLink/Page_CCSale/txt_UDF4'

2020-12-24 00:18:34 - [MESSAGE][PASSED] - Object 'Object Repository/VLink/Page_CCSale/txt_UDF5' is present

2020-12-24 00:18:35 - [MESSAGE][PASSED] - Text 'UDF Data 5' is set on object 'Object Repository/VLink/Page_CCSale/txt_UDF5'

2020-12-24 00:18:35 - [MESSAGE][PASSED] - Object 'Object Repository/VLink/Page_CCSale/txt_UDF6' is present

2020-12-24 00:18:36 - [MESSAGE][PASSED] - Text 'UDF Data 6' is set on object 'Object Repository/VLink/Page_CCSale/txt_UDF6'

2020-12-24 00:18:36 - [MESSAGE][PASSED] - Object 'Object Repository/VLink/Page_CCSale/txt_UDF7' is present

2020-12-24 00:18:37 - [MESSAGE][PASSED] - Text 'UDF Data 7' is set on object 'Object Repository/VLink/Page_CCSale/txt_UDF7'

2020-12-24 00:18:37 - [MESSAGE][PASSED] - Object 'Object Repository/VLink/Page_CCSale/txt_UDF8' is present

2020-12-24 00:18:38 - [MESSAGE][PASSED] - Text 'UDF Data 8' is set on object 'Object Repository/VLink/Page_CCSale/txt_UDF8'

2020-12-24 00:18:38 - [MESSAGE][PASSED] - Object 'Object Repository/VLink/Page_CCSale/txt_UDF9' is present

2020-12-24 00:18:39 - [MESSAGE][PASSED] - Text 'UDF Data 9' is set on object 'Object Repository/VLink/Page_CCSale/txt_UDF9'

2020-12-24 00:18:39 - [MESSAGE][PASSED] - Object 'Object Repository/VLink/Page_CCSale/txt_UDF10' is present

2020-12-24 00:18:40 - [MESSAGE][PASSED] - Text 'UDF Data 10' is set on object 'Object Repository/VLink/Page_CCSale/txt_UDF10'

2020-12-24 00:18:40 - [MESSAGE][PASSED] - Object 'Object Repository/VLink/Page_CCSale/txt_CardOnFileIndicator' is present

2020-12-24 00:18:41 - [MESSAGE][PASSED] - Text '0' is set on object 'Object Repository/VLink/Page_CCSale/txt_CardOnFileIndicator'

2020-12-24 00:18:41 - [MESSAGE][PASSED] - Object 'Object Repository/VLink/Page_CCSale/txt_StoredCredentialIndicator' is present

2020-12-24 00:18:42 - [MESSAGE][PASSED] - Text 'Initial' is set on object 'Object Repository/VLink/Page_CCSale/txt_StoredCredentialIndicator'

2020-12-24 00:18:42 - [MESSAGE][PASSED] - Object 'Object Repository/VLink/Page_CCSale/txt_COFScheduledIndicator' is present

2020-12-24 00:18:43 - [MESSAGE][PASSED] - Text 'Unscheduled' is set on object 'Object Repository/VLink/Page_CCSale/txt_COFScheduledIndicator'

2020-12-24 00:18:43 - [MESSAGE][PASSED] - Object 'Object Repository/VLink/Page_CCSale/txt_COFTransactionInitiatedBy' is present

2020-12-24 00:18:44 - [MESSAGE][PASSED] - Text 'Customer' is set on object 'Object Repository/VLink/Page_CCSale/txt_COFTransactionInitiatedBy'

2020-12-24 00:18:47 - [MESSAGE][PASSED] - Object: 'Object Repository/VLink/Page_CCSale/btn_ProcessVLinkTransaction' is clicked on

2020-12-24 00:18:52 - [MESSAGE][PASSED] - vlinkPages.saleCCPage.setDataSCC is PASSED

2020-12-24 00:18:52 - [TEST_STEP][PASSED] - if (verifyTextPresent("Transaction approved, no errors", true)): null

2020-12-24 00:18:52 - [MESSAGE][PASSED] - Text 'Transaction approved, no errors' is present on page  using regular expression

2020-12-24 00:18:52 - [TEST_STEP][PASSED] - println("Transaction Approved, no errors text is present on the Confirmation page"): null

2020-12-24 00:18:52 - [TEST_STEP][PASSED] - out.println("Pass Record Number: " + row): null

2020-12-24 00:18:52 - [TEST_STEP][PASSED] - resText = "Pass": null

2020-12-24 00:18:52 - [TEST_STEP][PASSED] - pages.WriteExcel.demoKey(resText, datText, resColumn, datCloumn, fileLoc, nameSheet, row): pages.WriteExcel.demoKey is PASSED

2020-12-24 00:18:52 - [MESSAGE][PASSED] - pages.WriteExcel.demoKey is PASSED

2020-12-24 00:18:52 - [TEST_STEP][PASSED] - sdfo = getText(findTestObject("Object Repository/Page_VLinkReceipt/pre_STX")): Text of object 'Object Repository/Page_VLinkReceipt/pre_STX' is: '<STX>Dtj8UmQpYHgn                  12088102            0  Transaction approved, no errors                   0                                                                                  XXOK5040   <ETX>'

2020-12-24 00:18:52 - [MESSAGE][PASSED] - Text of object 'Object Repository/Page_VLinkReceipt/pre_STX' is: '<STX>Dtj8UmQpYHgn                  12088102            0  Transaction approved, no errors                   0                                                                                  XXOK5040   <ETX>'

2020-12-24 00:18:52 - [TEST_STEP][PASSED] - out.println("sdfo: " + sdfo): null

2020-12-24 00:18:52 - [TEST_STEP][PASSED] - remID = substring(5, 35).trim(): null

2020-12-24 00:18:52 - [TEST_STEP][PASSED] - out.println("Remittance ID: " + remID): null

2020-12-24 00:18:52 - [TEST_STEP][PASSED] - traxID = substring(35, 55).trim(): null

2020-12-24 00:18:52 - [TEST_STEP][PASSED] - out.println("Transaction ID: " + traxID): null

2020-12-24 00:18:52 - [TEST_STEP][PASSED] - out.println("End Record Number: " + row): null

2020-12-24 00:18:52 - [TEST_STEP][PASSED] - closeBrowser(): Browser is closed

2020-12-24 00:18:53 - [MESSAGE][PASSED] - Browser is closed

2020-12-24 00:18:53 - [TEST_STEP][PASSED] - out.println("Begin Record Number: " + row): null

2020-12-24 00:18:53 - [TEST_STEP][PASSED] - today = new java.util.Date(): null

2020-12-24 00:18:53 - [TEST_STEP][PASSED] - println(today): null

2020-12-24 00:18:53 - [TEST_STEP][PASSED] - datText = today: null

2020-12-24 00:18:53 - [TEST_STEP][PASSED] - openBrowser(VLinkURL + "authcap.html"): Browser is opened with url: 'https://dev-algorithm.govolution.com/vlinktest/QA/version_2_0/authcap.html'

2020-12-24 00:18:53 - [MESSAGE][INFO] - Starting 'Chrome' driver

2020-12-24 00:18:53 - [MESSAGE][INFO] - User set preference: ['acceptInsecureCerts', 'true']

2020-12-24 00:18:53 - [MESSAGE][INFO] - Action delay is set to 0 milliseconds

2020-12-24 00:18:57 - [MESSAGE][PASSED] - Browser is opened with url: 'https://dev-algorithm.govolution.com/vlinktest/QA/version_2_0/authcap.html'

2020-12-24 00:18:57 - [TEST_STEP][PASSED] - maximizeWindow(): Current window maximized

2020-12-24 00:18:57 - [MESSAGE][PASSED] - Current window maximized

2020-12-24 00:18:57 - [TEST_STEP][PASSED] - vlinkPages.saleCCPage.setDataSCC(row, dataFile): vlinkPages.saleCCPage.setDataSCC is PASSED

2020-12-24 00:18:59 - [MESSAGE][PASSED] - Object 'Object Repository/VLink/Page_CCSale/txt_CardNumber' is present

2020-12-24 00:18:59 - [MESSAGE][PASSED] - Object 'Object Repository/VLink/Page_CCSale/txt_TransactionType' is present

2020-12-24 00:19:00 - [MESSAGE][PASSED] - Text '104' is set on object 'Object Repository/VLink/Page_CCSale/txt_TransactionType'

2020-12-24 00:19:00 - [MESSAGE][PASSED] - Object 'Object Repository/VLink/Page_CCSale/txt_MessageVersion' is present

2020-12-24 00:19:01 - [MESSAGE][PASSED] - Text '2.0C' is set on object 'Object Repository/VLink/Page_CCSale/txt_MessageVersion'

2020-12-24 00:19:01 - [MESSAGE][PASSED] - Object 'Object Repository/VLink/Page_CCSale/txt_RemID' is present

2020-12-24 00:19:02 - [MESSAGE][PASSED] - Text 'FEpb4iHEdqiA' is set on object 'Object Repository/VLink/Page_CCSale/txt_RemID'

2020-12-24 00:19:02 - [MESSAGE][PASSED] - Object 'Object Repository/VLink/Page_CCSale/txt_ApplicationId' is present

2020-12-24 00:19:02 - [MESSAGE][PASSED] - Text '665' is set on object 'Object Repository/VLink/Page_CCSale/txt_ApplicationId'

2020-12-24 00:19:03 - [MESSAGE][PASSED] - Object 'Object Repository/VLink/Page_CCSale/txt_Username' is present

2020-12-24 00:19:03 - [MESSAGE][PASSED] - Text 'username' is set on object 'Object Repository/VLink/Page_CCSale/txt_Username'

2020-12-24 00:19:04 - [MESSAGE][PASSED] - Object 'Object Repository/VLink/Page_CCSale/txt_Password' is present

2020-12-24 00:19:04 - [MESSAGE][PASSED] - Text 'password' is set on object 'Object Repository/VLink/Page_CCSale/txt_Password'

2020-12-24 00:19:04 - [MESSAGE][PASSED] - Object 'Object Repository/VLink/Page_CCSale/txt_ResponseFormat' is present

2020-12-24 00:19:05 - [MESSAGE][PASSED] - Text 'fixed_width' is set on object 'Object Repository/VLink/Page_CCSale/txt_ResponseFormat'

2020-12-24 00:19:05 - [MESSAGE][PASSED] - Object 'Object Repository/VLink/Page_CCSale/txt_Category' is present

2020-12-24 00:19:06 - [MESSAGE][PASSED] - Text 'ECOM' is set on object 'Object Repository/VLink/Page_CCSale/txt_Category'

2020-12-24 00:19:06 - [MESSAGE][PASSED] - Object 'Object Repository/VLink/Page_CCSale/txt_TransactionID' is present

2020-12-24 00:19:07 - [MESSAGE][PASSED] - Text '' is set on object 'Object Repository/VLink/Page_CCSale/txt_TransactionID'

2020-12-24 00:19:07 - [MESSAGE][PASSED] - Object 'Object Repository/VLink/Page_CCSale/txt_ApprovalCode' is present

2020-12-24 00:19:08 - [MESSAGE][PASSED] - Text '' is set on object 'Object Repository/VLink/Page_CCSale/txt_ApprovalCode'

2020-12-24 00:19:08 - [MESSAGE][PASSED] - Object 'Object Repository/VLink/Page_CCSale/txt_CardName' is present

2020-12-24 00:19:09 - [MESSAGE][PASSED] - Text 'Roshan Maha' is set on object 'Object Repository/VLink/Page_CCSale/txt_CardName'

2020-12-24 00:19:09 - [MESSAGE][PASSED] - Object 'Object Repository/VLink/Page_CCSale/txt_AL1' is present

2020-12-24 00:19:10 - [MESSAGE][PASSED] - Text '12563 Bazaar road' is set on object 'Object Repository/VLink/Page_CCSale/txt_AL1'

2020-12-24 00:19:10 - [MESSAGE][PASSED] - Object 'Object Repository/VLink/Page_CCSale/txt_AL2' is present

2020-12-24 00:19:11 - [MESSAGE][PASSED] - Text '' is set on object 'Object Repository/VLink/Page_CCSale/txt_AL2'

2020-12-24 00:19:11 - [MESSAGE][PASSED] - Object 'Object Repository/VLink/Page_CCSale/txt_CardCity' is present

2020-12-24 00:19:12 - [MESSAGE][PASSED] - Text 'Crofton' is set on object 'Object Repository/VLink/Page_CCSale/txt_CardCity'

2020-12-24 00:19:12 - [MESSAGE][PASSED] - Object 'Object Repository/VLink/Page_CCSale/txt_CardState' is present

2020-12-24 00:19:13 - [MESSAGE][PASSED] - Text 'MD' is set on object 'Object Repository/VLink/Page_CCSale/txt_CardState'

2020-12-24 00:19:13 - [MESSAGE][PASSED] - Object 'Object Repository/VLink/Page_CCSale/txt_CardZIP' is present

2020-12-24 00:19:14 - [MESSAGE][PASSED] - Text '21114' is set on object 'Object Repository/VLink/Page_CCSale/txt_CardZIP'

2020-12-24 00:19:14 - [MESSAGE][PASSED] - Object 'Object Repository/VLink/Page_CCSale/txt_CountryID' is present

2020-12-24 00:19:15 - [MESSAGE][PASSED] - Text '' is set on object 'Object Repository/VLink/Page_CCSale/txt_CountryID'

2020-12-24 00:19:15 - [MESSAGE][PASSED] - Object 'Object Repository/VLink/Page_CCSale/txt_Amount' is present

2020-12-24 00:19:16 - [MESSAGE][PASSED] - Text '3.50' is set on object 'Object Repository/VLink/Page_CCSale/txt_Amount'

2020-12-24 00:19:16 - [MESSAGE][PASSED] - Object 'Object Repository/VLink/Page_CCSale/txt_CardNumber' is present

2020-12-24 00:19:17 - [MESSAGE][PASSED] - Text '370000000000002' is set on object 'Object Repository/VLink/Page_CCSale/txt_CardNumber'

2020-12-24 00:19:17 - [MESSAGE][PASSED] - Object 'Object Repository/VLink/Page_CCSale/txt_ExpMonth' is present

2020-12-24 00:19:18 - [MESSAGE][PASSED] - Text '01' is set on object 'Object Repository/VLink/Page_CCSale/txt_ExpMonth'

2020-12-24 00:19:18 - [MESSAGE][PASSED] - Object 'Object Repository/VLink/Page_CCSale/txt_ExpYear' is present

2020-12-24 00:19:19 - [MESSAGE][PASSED] - Text '2026' is set on object 'Object Repository/VLink/Page_CCSale/txt_ExpYear'

2020-12-24 00:19:19 - [MESSAGE][PASSED] - Object 'Object Repository/VLink/Page_CCSale/txt_CVV' is present

2020-12-24 00:19:20 - [MESSAGE][PASSED] - Text '' is set on object 'Object Repository/VLink/Page_CCSale/txt_CVV'

2020-12-24 00:19:20 - [MESSAGE][PASSED] - Object 'Object Repository/VLink/Page_CCSale/txt_CVVstate' is present

2020-12-24 00:19:21 - [MESSAGE][PASSED] - Text '' is set on object 'Object Repository/VLink/Page_CCSale/txt_CVVstate'

2020-12-24 00:19:21 - [MESSAGE][PASSED] - Object 'Object Repository/VLink/Page_CCSale/txt_TrackData' is present

2020-12-24 00:19:22 - [MESSAGE][PASSED] - Text '' is set on object 'Object Repository/VLink/Page_CCSale/txt_TrackData'

2020-12-24 00:19:22 - [MESSAGE][PASSED] - Object 'Object Repository/VLink/Page_CCSale/txt_Track1Data' is present

2020-12-24 00:19:22 - [MESSAGE][PASSED] - Text '' is set on object 'Object Repository/VLink/Page_CCSale/txt_Track1Data'

2020-12-24 00:19:23 - [MESSAGE][PASSED] - Object 'Object Repository/VLink/Page_CCSale/txt_Track2Data' is present

2020-12-24 00:19:23 - [MESSAGE][PASSED] - Text '' is set on object 'Object Repository/VLink/Page_CCSale/txt_Track2Data'

2020-12-24 00:19:24 - [MESSAGE][PASSED] - Object 'Object Repository/VLink/Page_CCSale/txt_POSEntryMode' is present

2020-12-24 00:19:24 - [MESSAGE][PASSED] - Text 'manual' is set on object 'Object Repository/VLink/Page_CCSale/txt_POSEntryMode'

2020-12-24 00:19:25 - [MESSAGE][PASSED] - Object 'Object Repository/VLink/Page_CCSale/txt_Email' is present

2020-12-24 00:19:25 - [MESSAGE][PASSED] - Text '' is set on object 'Object Repository/VLink/Page_CCSale/txt_Email'

2020-12-24 00:19:26 - [MESSAGE][PASSED] - Object 'Object Repository/VLink/Page_CCSale/txt_OrderNumber' is present

2020-12-24 00:19:26 - [MESSAGE][PASSED] - Text '' is set on object 'Object Repository/VLink/Page_CCSale/txt_OrderNumber'

2020-12-24 00:19:27 - [MESSAGE][PASSED] - Object 'Object Repository/VLink/Page_CCSale/txt_TaxAmount' is present

2020-12-24 00:19:27 - [MESSAGE][PASSED] - Text '' is set on object 'Object Repository/VLink/Page_CCSale/txt_TaxAmount'

2020-12-24 00:19:28 - [MESSAGE][PASSED] - Object 'Object Repository/VLink/Page_CCSale/txt_ChargeDescription' is present

2020-12-24 00:19:28 - [MESSAGE][PASSED] - Text '' is set on object 'Object Repository/VLink/Page_CCSale/txt_ChargeDescription'

2020-12-24 00:19:29 - [MESSAGE][PASSED] - Object 'Object Repository/VLink/Page_CCSale/txt_CAN' is present

2020-12-24 00:19:29 - [MESSAGE][PASSED] - Text '' is set on object 'Object Repository/VLink/Page_CCSale/txt_CAN'

2020-12-24 00:19:30 - [MESSAGE][PASSED] - Object 'Object Repository/VLink/Page_CCSale/txt_BillPaymentIndicator' is present

2020-12-24 00:19:30 - [MESSAGE][PASSED] - Text '' is set on object 'Object Repository/VLink/Page_CCSale/txt_BillPaymentIndicator'

2020-12-24 00:19:31 - [MESSAGE][PASSED] - Object 'Object Repository/VLink/Page_CCSale/txt_UDF1' is present

2020-12-24 00:19:31 - [MESSAGE][PASSED] - Text '' is set on object 'Object Repository/VLink/Page_CCSale/txt_UDF1'

2020-12-24 00:19:32 - [MESSAGE][PASSED] - Object 'Object Repository/VLink/Page_CCSale/txt_UDF2' is present

2020-12-24 00:19:32 - [MESSAGE][PASSED] - Text '' is set on object 'Object Repository/VLink/Page_CCSale/txt_UDF2'

2020-12-24 00:19:33 - [MESSAGE][PASSED] - Object 'Object Repository/VLink/Page_CCSale/txt_UDF3' is present

2020-12-24 00:19:33 - [MESSAGE][PASSED] - Text '' is set on object 'Object Repository/VLink/Page_CCSale/txt_UDF3'

2020-12-24 00:19:34 - [MESSAGE][PASSED] - Object 'Object Repository/VLink/Page_CCSale/txt_UDF4' is present

2020-12-24 00:19:34 - [MESSAGE][PASSED] - Text '' is set on object 'Object Repository/VLink/Page_CCSale/txt_UDF4'

2020-12-24 00:19:35 - [MESSAGE][PASSED] - Object 'Object Repository/VLink/Page_CCSale/txt_UDF5' is present

2020-12-24 00:19:35 - [MESSAGE][PASSED] - Text '' is set on object 'Object Repository/VLink/Page_CCSale/txt_UDF5'

2020-12-24 00:19:36 - [MESSAGE][PASSED] - Object 'Object Repository/VLink/Page_CCSale/txt_UDF6' is present

2020-12-24 00:19:36 - [MESSAGE][PASSED] - Text '' is set on object 'Object Repository/VLink/Page_CCSale/txt_UDF6'

2020-12-24 00:19:37 - [MESSAGE][PASSED] - Object 'Object Repository/VLink/Page_CCSale/txt_UDF7' is present

2020-12-24 00:19:37 - [MESSAGE][PASSED] - Text '' is set on object 'Object Repository/VLink/Page_CCSale/txt_UDF7'

2020-12-24 00:19:38 - [MESSAGE][PASSED] - Object 'Object Repository/VLink/Page_CCSale/txt_UDF8' is present

2020-12-24 00:19:38 - [MESSAGE][PASSED] - Text '' is set on object 'Object Repository/VLink/Page_CCSale/txt_UDF8'

2020-12-24 00:19:39 - [MESSAGE][PASSED] - Object 'Object Repository/VLink/Page_CCSale/txt_UDF9' is present

2020-12-24 00:19:39 - [MESSAGE][PASSED] - Text '' is set on object 'Object Repository/VLink/Page_CCSale/txt_UDF9'

2020-12-24 00:19:40 - [MESSAGE][PASSED] - Object 'Object Repository/VLink/Page_CCSale/txt_UDF10' is present

2020-12-24 00:19:40 - [MESSAGE][PASSED] - Text '' is set on object 'Object Repository/VLink/Page_CCSale/txt_UDF10'

2020-12-24 00:19:40 - [MESSAGE][PASSED] - Object 'Object Repository/VLink/Page_CCSale/txt_CardOnFileIndicator' is present

2020-12-24 00:19:41 - [MESSAGE][PASSED] - Text '0' is set on object 'Object Repository/VLink/Page_CCSale/txt_CardOnFileIndicator'

2020-12-24 00:19:41 - [MESSAGE][PASSED] - Object 'Object Repository/VLink/Page_CCSale/txt_StoredCredentialIndicator' is present

2020-12-24 00:19:42 - [MESSAGE][PASSED] - Text 'Initial' is set on object 'Object Repository/VLink/Page_CCSale/txt_StoredCredentialIndicator'

2020-12-24 00:19:42 - [MESSAGE][PASSED] - Object 'Object Repository/VLink/Page_CCSale/txt_COFScheduledIndicator' is present

2020-12-24 00:19:43 - [MESSAGE][PASSED] - Text 'Unscheduled' is set on object 'Object Repository/VLink/Page_CCSale/txt_COFScheduledIndicator'

2020-12-24 00:19:43 - [MESSAGE][PASSED] - Object 'Object Repository/VLink/Page_CCSale/txt_COFTransactionInitiatedBy' is present

2020-12-24 00:19:44 - [MESSAGE][PASSED] - Text 'Customer' is set on object 'Object Repository/VLink/Page_CCSale/txt_COFTransactionInitiatedBy'

2020-12-24 00:19:47 - [MESSAGE][PASSED] - Object: 'Object Repository/VLink/Page_CCSale/btn_ProcessVLinkTransaction' is clicked on

2020-12-24 00:19:52 - [MESSAGE][PASSED] - vlinkPages.saleCCPage.setDataSCC is PASSED

2020-12-24 00:19:52 - [TEST_STEP][PASSED] - if (verifyTextPresent("Transaction approved, no errors", true)): null

2020-12-24 00:19:52 - [MESSAGE][PASSED] - Text 'Transaction approved, no errors' is present on page  using regular expression

2020-12-24 00:19:52 - [TEST_STEP][PASSED] - println("Transaction Approved, no errors text is present on the Confirmation page"): null

2020-12-24 00:19:52 - [TEST_STEP][PASSED] - out.println("Pass Record Number: " + row): null

2020-12-24 00:19:52 - [TEST_STEP][PASSED] - resText = "Pass": null

2020-12-24 00:19:52 - [TEST_STEP][PASSED] - pages.WriteExcel.demoKey(resText, datText, resColumn, datCloumn, fileLoc, nameSheet, row): pages.WriteExcel.demoKey is PASSED

2020-12-24 00:19:52 - [MESSAGE][PASSED] - pages.WriteExcel.demoKey is PASSED

2020-12-24 00:19:52 - [TEST_STEP][PASSED] - sdfo = getText(findTestObject("Object Repository/Page_VLinkReceipt/pre_STX")): Text of object 'Object Repository/Page_VLinkReceipt/pre_STX' is: '<STX>FEpb4iHEdqiA                  12088103            0  Transaction approved, no errors                   0                                                                                  X OK5180   <ETX>'

2020-12-24 00:19:52 - [MESSAGE][PASSED] - Text of object 'Object Repository/Page_VLinkReceipt/pre_STX' is: '<STX>FEpb4iHEdqiA                  12088103            0  Transaction approved, no errors                   0                                                                                  X OK5180   <ETX>'

2020-12-24 00:19:52 - [TEST_STEP][PASSED] - out.println("sdfo: " + sdfo): null

2020-12-24 00:19:52 - [TEST_STEP][PASSED] - remID = substring(5, 35).trim(): null

2020-12-24 00:19:52 - [TEST_STEP][PASSED] - out.println("Remittance ID: " + remID): null

2020-12-24 00:19:52 - [TEST_STEP][PASSED] - traxID = substring(35, 55).trim(): null

2020-12-24 00:19:52 - [TEST_STEP][PASSED] - out.println("Transaction ID: " + traxID): null

2020-12-24 00:19:52 - [TEST_STEP][PASSED] - out.println("End Record Number: " + row): null

2020-12-24 00:19:52 - [TEST_STEP][PASSED] - closeBrowser(): Browser is closed

2020-12-24 00:19:53 - [MESSAGE][PASSED] - Browser is closed

2020-12-24 00:19:53 - [TEST_STEP][PASSED] - out.println("Begin Record Number: " + row): null

2020-12-24 00:19:53 - [TEST_STEP][PASSED] - today = new java.util.Date(): null

2020-12-24 00:19:53 - [TEST_STEP][PASSED] - println(today): null

2020-12-24 00:19:53 - [TEST_STEP][PASSED] - datText = today: null

2020-12-24 00:19:53 - [TEST_STEP][PASSED] - openBrowser(VLinkURL + "authcap.html"): Browser is opened with url: 'https://dev-algorithm.govolution.com/vlinktest/QA/version_2_0/authcap.html'

2020-12-24 00:19:53 - [MESSAGE][INFO] - Starting 'Chrome' driver

2020-12-24 00:19:53 - [MESSAGE][INFO] - User set preference: ['acceptInsecureCerts', 'true']

2020-12-24 00:19:53 - [MESSAGE][INFO] - Action delay is set to 0 milliseconds

2020-12-24 00:19:57 - [MESSAGE][PASSED] - Browser is opened with url: 'https://dev-algorithm.govolution.com/vlinktest/QA/version_2_0/authcap.html'

2020-12-24 00:19:57 - [TEST_STEP][PASSED] - maximizeWindow(): Current window maximized

2020-12-24 00:19:58 - [MESSAGE][PASSED] - Current window maximized

2020-12-24 00:19:58 - [TEST_STEP][PASSED] - vlinkPages.saleCCPage.setDataSCC(row, dataFile): vlinkPages.saleCCPage.setDataSCC is PASSED

2020-12-24 00:19:59 - [MESSAGE][PASSED] - Object 'Object Repository/VLink/Page_CCSale/txt_CardNumber' is present

2020-12-24 00:20:00 - [MESSAGE][PASSED] - Object 'Object Repository/VLink/Page_CCSale/txt_TransactionType' is present

2020-12-24 00:20:00 - [MESSAGE][PASSED] - Text '104' is set on object 'Object Repository/VLink/Page_CCSale/txt_TransactionType'

2020-12-24 00:20:01 - [MESSAGE][PASSED] - Object 'Object Repository/VLink/Page_CCSale/txt_MessageVersion' is present

2020-12-24 00:20:01 - [MESSAGE][PASSED] - Text '2.0C' is set on object 'Object Repository/VLink/Page_CCSale/txt_MessageVersion'

2020-12-24 00:20:02 - [MESSAGE][PASSED] - Object 'Object Repository/VLink/Page_CCSale/txt_RemID' is present

2020-12-24 00:20:02 - [MESSAGE][PASSED] - Text 'WeXsHw5jBYQm' is set on object 'Object Repository/VLink/Page_CCSale/txt_RemID'

2020-12-24 00:20:02 - [MESSAGE][PASSED] - Object 'Object Repository/VLink/Page_CCSale/txt_ApplicationId' is present

2020-12-24 00:20:03 - [MESSAGE][PASSED] - Text '665' is set on object 'Object Repository/VLink/Page_CCSale/txt_ApplicationId'

2020-12-24 00:20:03 - [MESSAGE][PASSED] - Object 'Object Repository/VLink/Page_CCSale/txt_Username' is present

2020-12-24 00:20:04 - [MESSAGE][PASSED] - Text 'username' is set on object 'Object Repository/VLink/Page_CCSale/txt_Username'

2020-12-24 00:20:04 - [MESSAGE][PASSED] - Object 'Object Repository/VLink/Page_CCSale/txt_Password' is present

2020-12-24 00:20:05 - [MESSAGE][PASSED] - Text 'password' is set on object 'Object Repository/VLink/Page_CCSale/txt_Password'

2020-12-24 00:20:05 - [MESSAGE][PASSED] - Object 'Object Repository/VLink/Page_CCSale/txt_ResponseFormat' is present

2020-12-24 00:20:06 - [MESSAGE][PASSED] - Text 'fixed_width' is set on object 'Object Repository/VLink/Page_CCSale/txt_ResponseFormat'

2020-12-24 00:20:06 - [MESSAGE][PASSED] - Object 'Object Repository/VLink/Page_CCSale/txt_Category' is present

2020-12-24 00:20:06 - [MESSAGE][PASSED] - Text 'ECOM' is set on object 'Object Repository/VLink/Page_CCSale/txt_Category'

2020-12-24 00:20:07 - [MESSAGE][PASSED] - Object 'Object Repository/VLink/Page_CCSale/txt_TransactionID' is present

2020-12-24 00:20:07 - [MESSAGE][PASSED] - Text '' is set on object 'Object Repository/VLink/Page_CCSale/txt_TransactionID'

2020-12-24 00:20:08 - [MESSAGE][PASSED] - Object 'Object Repository/VLink/Page_CCSale/txt_ApprovalCode' is present

2020-12-24 00:20:08 - [MESSAGE][PASSED] - Text '' is set on object 'Object Repository/VLink/Page_CCSale/txt_ApprovalCode'

2020-12-24 00:20:08 - [MESSAGE][PASSED] - Object 'Object Repository/VLink/Page_CCSale/txt_CardName' is present

2020-12-24 00:20:09 - [MESSAGE][PASSED] - Text 'Kris Roshan' is set on object 'Object Repository/VLink/Page_CCSale/txt_CardName'

2020-12-24 00:20:09 - [MESSAGE][PASSED] - Object 'Object Repository/VLink/Page_CCSale/txt_AL1' is present

2020-12-24 00:20:10 - [MESSAGE][PASSED] - Text '258 Elm Road' is set on object 'Object Repository/VLink/Page_CCSale/txt_AL1'

2020-12-24 00:20:10 - [MESSAGE][PASSED] - Object 'Object Repository/VLink/Page_CCSale/txt_AL2' is present

2020-12-24 00:20:11 - [MESSAGE][PASSED] - Text 'Suite 56' is set on object 'Object Repository/VLink/Page_CCSale/txt_AL2'

2020-12-24 00:20:11 - [MESSAGE][PASSED] - Object 'Object Repository/VLink/Page_CCSale/txt_CardCity' is present

2020-12-24 00:20:12 - [MESSAGE][PASSED] - Text 'Arlington' is set on object 'Object Repository/VLink/Page_CCSale/txt_CardCity'

2020-12-24 00:20:12 - [MESSAGE][PASSED] - Object 'Object Repository/VLink/Page_CCSale/txt_CardState' is present

2020-12-24 00:20:13 - [MESSAGE][PASSED] - Text 'VA' is set on object 'Object Repository/VLink/Page_CCSale/txt_CardState'

2020-12-24 00:20:13 - [MESSAGE][PASSED] - Object 'Object Repository/VLink/Page_CCSale/txt_CardZIP' is present

2020-12-24 00:20:14 - [MESSAGE][PASSED] - Text '22201' is set on object 'Object Repository/VLink/Page_CCSale/txt_CardZIP'

2020-12-24 00:20:14 - [MESSAGE][PASSED] - Object 'Object Repository/VLink/Page_CCSale/txt_CountryID' is present

2020-12-24 00:20:15 - [MESSAGE][PASSED] - Text '840' is set on object 'Object Repository/VLink/Page_CCSale/txt_CountryID'

2020-12-24 00:20:15 - [MESSAGE][PASSED] - Object 'Object Repository/VLink/Page_CCSale/txt_Amount' is present

2020-12-24 00:20:16 - [MESSAGE][PASSED] - Text '1.50' is set on object 'Object Repository/VLink/Page_CCSale/txt_Amount'

2020-12-24 00:20:16 - [MESSAGE][PASSED] - Object 'Object Repository/VLink/Page_CCSale/txt_CardNumber' is present

2020-12-24 00:20:17 - [MESSAGE][PASSED] - Text '6011000000000004' is set on object 'Object Repository/VLink/Page_CCSale/txt_CardNumber'

2020-12-24 00:20:17 - [MESSAGE][PASSED] - Object 'Object Repository/VLink/Page_CCSale/txt_ExpMonth' is present

2020-12-24 00:20:18 - [MESSAGE][PASSED] - Text '12' is set on object 'Object Repository/VLink/Page_CCSale/txt_ExpMonth'

2020-12-24 00:20:18 - [MESSAGE][PASSED] - Object 'Object Repository/VLink/Page_CCSale/txt_ExpYear' is present

2020-12-24 00:20:19 - [MESSAGE][PASSED] - Text '2025' is set on object 'Object Repository/VLink/Page_CCSale/txt_ExpYear'

2020-12-24 00:20:19 - [MESSAGE][PASSED] - Object 'Object Repository/VLink/Page_CCSale/txt_CVV' is present

2020-12-24 00:20:20 - [MESSAGE][PASSED] - Text '' is set on object 'Object Repository/VLink/Page_CCSale/txt_CVV'

2020-12-24 00:20:20 - [MESSAGE][PASSED] - Object 'Object Repository/VLink/Page_CCSale/txt_CVVstate' is present

2020-12-24 00:20:21 - [MESSAGE][PASSED] - Text '' is set on object 'Object Repository/VLink/Page_CCSale/txt_CVVstate'

2020-12-24 00:20:21 - [MESSAGE][PASSED] - Object 'Object Repository/VLink/Page_CCSale/txt_TrackData' is present

2020-12-24 00:20:22 - [MESSAGE][PASSED] - Text '' is set on object 'Object Repository/VLink/Page_CCSale/txt_TrackData'

2020-12-24 00:20:22 - [MESSAGE][PASSED] - Object 'Object Repository/VLink/Page_CCSale/txt_Track1Data' is present

2020-12-24 00:20:23 - [MESSAGE][PASSED] - Text '' is set on object 'Object Repository/VLink/Page_CCSale/txt_Track1Data'

2020-12-24 00:20:23 - [MESSAGE][PASSED] - Object 'Object Repository/VLink/Page_CCSale/txt_Track2Data' is present

2020-12-24 00:20:24 - [MESSAGE][PASSED] - Text '' is set on object 'Object Repository/VLink/Page_CCSale/txt_Track2Data'

2020-12-24 00:20:24 - [MESSAGE][PASSED] - Object 'Object Repository/VLink/Page_CCSale/txt_POSEntryMode' is present

2020-12-24 00:20:25 - [MESSAGE][PASSED] - Text 'manual' is set on object 'Object Repository/VLink/Page_CCSale/txt_POSEntryMode'

2020-12-24 00:20:25 - [MESSAGE][PASSED] - Object 'Object Repository/VLink/Page_CCSale/txt_Email' is present

2020-12-24 00:20:26 - [MESSAGE][PASSED] - Text 'iahmed@govolution.com' is set on object 'Object Repository/VLink/Page_CCSale/txt_Email'

2020-12-24 00:20:26 - [MESSAGE][PASSED] - Object 'Object Repository/VLink/Page_CCSale/txt_OrderNumber' is present

2020-12-24 00:20:27 - [MESSAGE][PASSED] - Text '2569362' is set on object 'Object Repository/VLink/Page_CCSale/txt_OrderNumber'

2020-12-24 00:20:27 - [MESSAGE][PASSED] - Object 'Object Repository/VLink/Page_CCSale/txt_TaxAmount' is present

2020-12-24 00:20:28 - [MESSAGE][PASSED] - Text '1.15' is set on object 'Object Repository/VLink/Page_CCSale/txt_TaxAmount'

2020-12-24 00:20:28 - [MESSAGE][PASSED] - Object 'Object Repository/VLink/Page_CCSale/txt_ChargeDescription' is present

2020-12-24 00:20:29 - [MESSAGE][PASSED] - Text 'Charge Description' is set on object 'Object Repository/VLink/Page_CCSale/txt_ChargeDescription'

2020-12-24 00:20:29 - [MESSAGE][PASSED] - Object 'Object Repository/VLink/Page_CCSale/txt_CAN' is present

2020-12-24 00:20:30 - [MESSAGE][PASSED] - Text '147357' is set on object 'Object Repository/VLink/Page_CCSale/txt_CAN'

2020-12-24 00:20:30 - [MESSAGE][PASSED] - Object 'Object Repository/VLink/Page_CCSale/txt_BillPaymentIndicator' is present

2020-12-24 00:20:31 - [MESSAGE][PASSED] - Text '1' is set on object 'Object Repository/VLink/Page_CCSale/txt_BillPaymentIndicator'

2020-12-24 00:20:31 - [MESSAGE][PASSED] - Object 'Object Repository/VLink/Page_CCSale/txt_UDF1' is present

2020-12-24 00:20:32 - [MESSAGE][PASSED] - Text 'UDF Data 1' is set on object 'Object Repository/VLink/Page_CCSale/txt_UDF1'

2020-12-24 00:20:32 - [MESSAGE][PASSED] - Object 'Object Repository/VLink/Page_CCSale/txt_UDF2' is present

2020-12-24 00:20:33 - [MESSAGE][PASSED] - Text 'UDF Data 2' is set on object 'Object Repository/VLink/Page_CCSale/txt_UDF2'

2020-12-24 00:20:33 - [MESSAGE][PASSED] - Object 'Object Repository/VLink/Page_CCSale/txt_UDF3' is present

2020-12-24 00:20:34 - [MESSAGE][PASSED] - Text 'UDF Data 3' is set on object 'Object Repository/VLink/Page_CCSale/txt_UDF3'

2020-12-24 00:20:34 - [MESSAGE][PASSED] - Object 'Object Repository/VLink/Page_CCSale/txt_UDF4' is present

2020-12-24 00:20:35 - [MESSAGE][PASSED] - Text 'UDF Data 4' is set on object 'Object Repository/VLink/Page_CCSale/txt_UDF4'

2020-12-24 00:20:35 - [MESSAGE][PASSED] - Object 'Object Repository/VLink/Page_CCSale/txt_UDF5' is present

2020-12-24 00:20:36 - [MESSAGE][PASSED] - Text 'UDF Data 5' is set on object 'Object Repository/VLink/Page_CCSale/txt_UDF5'

2020-12-24 00:20:36 - [MESSAGE][PASSED] - Object 'Object Repository/VLink/Page_CCSale/txt_UDF6' is present

2020-12-24 00:20:37 - [MESSAGE][PASSED] - Text 'UDF Data 6' is set on object 'Object Repository/VLink/Page_CCSale/txt_UDF6'

2020-12-24 00:20:37 - [MESSAGE][PASSED] - Object 'Object Repository/VLink/Page_CCSale/txt_UDF7' is present

2020-12-24 00:20:38 - [MESSAGE][PASSED] - Text 'UDF Data 7' is set on object 'Object Repository/VLink/Page_CCSale/txt_UDF7'

2020-12-24 00:20:38 - [MESSAGE][PASSED] - Object 'Object Repository/VLink/Page_CCSale/txt_UDF8' is present

2020-12-24 00:20:39 - [MESSAGE][PASSED] - Text 'UDF Data 8' is set on object 'Object Repository/VLink/Page_CCSale/txt_UDF8'

2020-12-24 00:20:39 - [MESSAGE][PASSED] - Object 'Object Repository/VLink/Page_CCSale/txt_UDF9' is present

2020-12-24 00:20:40 - [MESSAGE][PASSED] - Text 'UDF Data 9' is set on object 'Object Repository/VLink/Page_CCSale/txt_UDF9'

2020-12-24 00:20:40 - [MESSAGE][PASSED] - Object 'Object Repository/VLink/Page_CCSale/txt_UDF10' is present

2020-12-24 00:20:41 - [MESSAGE][PASSED] - Text 'UDF Data 10' is set on object 'Object Repository/VLink/Page_CCSale/txt_UDF10'

2020-12-24 00:20:41 - [MESSAGE][PASSED] - Object 'Object Repository/VLink/Page_CCSale/txt_CardOnFileIndicator' is present

2020-12-24 00:20:42 - [MESSAGE][PASSED] - Text '0' is set on object 'Object Repository/VLink/Page_CCSale/txt_CardOnFileIndicator'

2020-12-24 00:20:42 - [MESSAGE][PASSED] - Object 'Object Repository/VLink/Page_CCSale/txt_StoredCredentialIndicator' is present

2020-12-24 00:20:43 - [MESSAGE][PASSED] - Text 'Initial' is set on object 'Object Repository/VLink/Page_CCSale/txt_StoredCredentialIndicator'

2020-12-24 00:20:43 - [MESSAGE][PASSED] - Object 'Object Repository/VLink/Page_CCSale/txt_COFScheduledIndicator' is present

2020-12-24 00:20:44 - [MESSAGE][PASSED] - Text 'Unscheduled' is set on object 'Object Repository/VLink/Page_CCSale/txt_COFScheduledIndicator'

2020-12-24 00:20:44 - [MESSAGE][PASSED] - Object 'Object Repository/VLink/Page_CCSale/txt_COFTransactionInitiatedBy' is present

2020-12-24 00:20:45 - [MESSAGE][PASSED] - Text 'Customer' is set on object 'Object Repository/VLink/Page_CCSale/txt_COFTransactionInitiatedBy'

2020-12-24 00:20:48 - [MESSAGE][PASSED] - Object: 'Object Repository/VLink/Page_CCSale/btn_ProcessVLinkTransaction' is clicked on

2020-12-24 00:20:53 - [MESSAGE][PASSED] - vlinkPages.saleCCPage.setDataSCC is PASSED

2020-12-24 00:20:53 - [TEST_STEP][PASSED] - if (verifyTextPresent("Transaction approved, no errors", true)): null

2020-12-24 00:20:53 - [MESSAGE][PASSED] - Text 'Transaction approved, no errors' is present on page  using regular expression

2020-12-24 00:20:53 - [TEST_STEP][PASSED] - println("Transaction Approved, no errors text is present on the Confirmation page"): null

2020-12-24 00:20:53 - [TEST_STEP][PASSED] - out.println("Pass Record Number: " + row): null

2020-12-24 00:20:53 - [TEST_STEP][PASSED] - resText = "Pass": null

2020-12-24 00:20:53 - [TEST_STEP][PASSED] - pages.WriteExcel.demoKey(resText, datText, resColumn, datCloumn, fileLoc, nameSheet, row): pages.WriteExcel.demoKey is PASSED

2020-12-24 00:20:53 - [MESSAGE][PASSED] - pages.WriteExcel.demoKey is PASSED

2020-12-24 00:20:53 - [TEST_STEP][PASSED] - sdfo = getText(findTestObject("Object Repository/Page_VLinkReceipt/pre_STX")): Text of object 'Object Repository/Page_VLinkReceipt/pre_STX' is: '<STX>WeXsHw5jBYQm                  12088104            0  Transaction approved, no errors                   0                                                                                  XXOK5200   <ETX>'

2020-12-24 00:20:53 - [MESSAGE][PASSED] - Text of object 'Object Repository/Page_VLinkReceipt/pre_STX' is: '<STX>WeXsHw5jBYQm                  12088104            0  Transaction approved, no errors                   0                                                                                  XXOK5200   <ETX>'

2020-12-24 00:20:53 - [TEST_STEP][PASSED] - out.println("sdfo: " + sdfo): null

2020-12-24 00:20:53 - [TEST_STEP][PASSED] - remID = substring(5, 35).trim(): null

2020-12-24 00:20:53 - [TEST_STEP][PASSED] - out.println("Remittance ID: " + remID): null

2020-12-24 00:20:53 - [TEST_STEP][PASSED] - traxID = substring(35, 55).trim(): null

2020-12-24 00:20:53 - [TEST_STEP][PASSED] - out.println("Transaction ID: " + traxID): null

2020-12-24 00:20:53 - [TEST_STEP][PASSED] - out.println("End Record Number: " + row): null

2020-12-24 00:20:53 - [TEST_STEP][PASSED] - closeBrowser(): Browser is closed

2020-12-24 00:20:54 - [MESSAGE][PASSED] - Browser is closed

2020-12-24 00:20:54 - [TEST_STEP][PASSED] - out.println("Begin Record Number: " + row): null

2020-12-24 00:20:54 - [TEST_STEP][PASSED] - today = new java.util.Date(): null

2020-12-24 00:20:54 - [TEST_STEP][PASSED] - println(today): null

2020-12-24 00:20:54 - [TEST_STEP][PASSED] - datText = today: null

2020-12-24 00:20:54 - [TEST_STEP][PASSED] - openBrowser(VLinkURL + "authcap.html"): Browser is opened with url: 'https://dev-algorithm.govolution.com/vlinktest/QA/version_2_0/authcap.html'

2020-12-24 00:20:54 - [MESSAGE][INFO] - Starting 'Chrome' driver

2020-12-24 00:20:54 - [MESSAGE][INFO] - User set preference: ['acceptInsecureCerts', 'true']

2020-12-24 00:20:54 - [MESSAGE][INFO] - Action delay is set to 0 milliseconds

2020-12-24 00:20:58 - [MESSAGE][PASSED] - Browser is opened with url: 'https://dev-algorithm.govolution.com/vlinktest/QA/version_2_0/authcap.html'

2020-12-24 00:20:58 - [TEST_STEP][PASSED] - maximizeWindow(): Current window maximized

2020-12-24 00:20:58 - [MESSAGE][PASSED] - Current window maximized

2020-12-24 00:20:58 - [TEST_STEP][PASSED] - vlinkPages.saleCCPage.setDataSCC(row, dataFile): vlinkPages.saleCCPage.setDataSCC is PASSED

2020-12-24 00:21:00 - [MESSAGE][PASSED] - Object 'Object Repository/VLink/Page_CCSale/txt_CardNumber' is present

2020-12-24 00:21:00 - [MESSAGE][PASSED] - Object 'Object Repository/VLink/Page_CCSale/txt_TransactionType' is present

2020-12-24 00:21:01 - [MESSAGE][PASSED] - Text '104' is set on object 'Object Repository/VLink/Page_CCSale/txt_TransactionType'

2020-12-24 00:21:01 - [MESSAGE][PASSED] - Object 'Object Repository/VLink/Page_CCSale/txt_MessageVersion' is present

2020-12-24 00:21:02 - [MESSAGE][PASSED] - Text '2.0C' is set on object 'Object Repository/VLink/Page_CCSale/txt_MessageVersion'

2020-12-24 00:21:02 - [MESSAGE][PASSED] - Object 'Object Repository/VLink/Page_CCSale/txt_RemID' is present

2020-12-24 00:21:02 - [MESSAGE][PASSED] - Text 'Vr5vUlajDJ1i' is set on object 'Object Repository/VLink/Page_CCSale/txt_RemID'

2020-12-24 00:21:03 - [MESSAGE][PASSED] - Object 'Object Repository/VLink/Page_CCSale/txt_ApplicationId' is present

2020-12-24 00:21:03 - [MESSAGE][PASSED] - Text '665' is set on object 'Object Repository/VLink/Page_CCSale/txt_ApplicationId'

2020-12-24 00:21:04 - [MESSAGE][PASSED] - Object 'Object Repository/VLink/Page_CCSale/txt_Username' is present

2020-12-24 00:21:04 - [MESSAGE][PASSED] - Text 'username' is set on object 'Object Repository/VLink/Page_CCSale/txt_Username'

2020-12-24 00:21:04 - [MESSAGE][PASSED] - Object 'Object Repository/VLink/Page_CCSale/txt_Password' is present

2020-12-24 00:21:05 - [MESSAGE][PASSED] - Text 'password' is set on object 'Object Repository/VLink/Page_CCSale/txt_Password'

2020-12-24 00:21:05 - [MESSAGE][PASSED] - Object 'Object Repository/VLink/Page_CCSale/txt_ResponseFormat' is present

2020-12-24 00:21:06 - [MESSAGE][PASSED] - Text 'fixed_width' is set on object 'Object Repository/VLink/Page_CCSale/txt_ResponseFormat'

2020-12-24 00:21:06 - [MESSAGE][PASSED] - Object 'Object Repository/VLink/Page_CCSale/txt_Category' is present

2020-12-24 00:21:07 - [MESSAGE][PASSED] - Text 'MOTO' is set on object 'Object Repository/VLink/Page_CCSale/txt_Category'

2020-12-24 00:21:07 - [MESSAGE][PASSED] - Object 'Object Repository/VLink/Page_CCSale/txt_TransactionID' is present

2020-12-24 00:21:08 - [MESSAGE][PASSED] - Text '' is set on object 'Object Repository/VLink/Page_CCSale/txt_TransactionID'

2020-12-24 00:21:08 - [MESSAGE][PASSED] - Object 'Object Repository/VLink/Page_CCSale/txt_ApprovalCode' is present

2020-12-24 00:21:09 - [MESSAGE][PASSED] - Text '' is set on object 'Object Repository/VLink/Page_CCSale/txt_ApprovalCode'

2020-12-24 00:21:09 - [MESSAGE][PASSED] - Object 'Object Repository/VLink/Page_CCSale/txt_CardName' is present

2020-12-24 00:21:10 - [MESSAGE][PASSED] - Text 'Roshan Maha' is set on object 'Object Repository/VLink/Page_CCSale/txt_CardName'

2020-12-24 00:21:10 - [MESSAGE][PASSED] - Object 'Object Repository/VLink/Page_CCSale/txt_AL1' is present

2020-12-24 00:21:11 - [MESSAGE][PASSED] - Text '12563 Bazaar road' is set on object 'Object Repository/VLink/Page_CCSale/txt_AL1'

2020-12-24 00:21:11 - [MESSAGE][PASSED] - Object 'Object Repository/VLink/Page_CCSale/txt_AL2' is present

2020-12-24 00:21:12 - [MESSAGE][PASSED] - Text '' is set on object 'Object Repository/VLink/Page_CCSale/txt_AL2'

2020-12-24 00:21:12 - [MESSAGE][PASSED] - Object 'Object Repository/VLink/Page_CCSale/txt_CardCity' is present

2020-12-24 00:21:13 - [MESSAGE][PASSED] - Text 'Crofton' is set on object 'Object Repository/VLink/Page_CCSale/txt_CardCity'

2020-12-24 00:21:13 - [MESSAGE][PASSED] - Object 'Object Repository/VLink/Page_CCSale/txt_CardState' is present

2020-12-24 00:21:14 - [MESSAGE][PASSED] - Text 'MD' is set on object 'Object Repository/VLink/Page_CCSale/txt_CardState'

2020-12-24 00:21:14 - [MESSAGE][PASSED] - Object 'Object Repository/VLink/Page_CCSale/txt_CardZIP' is present

2020-12-24 00:21:15 - [MESSAGE][PASSED] - Text '21114' is set on object 'Object Repository/VLink/Page_CCSale/txt_CardZIP'

2020-12-24 00:21:15 - [MESSAGE][PASSED] - Object 'Object Repository/VLink/Page_CCSale/txt_CountryID' is present

2020-12-24 00:21:16 - [MESSAGE][PASSED] - Text '' is set on object 'Object Repository/VLink/Page_CCSale/txt_CountryID'

2020-12-24 00:21:16 - [MESSAGE][PASSED] - Object 'Object Repository/VLink/Page_CCSale/txt_Amount' is present

2020-12-24 00:21:17 - [MESSAGE][PASSED] - Text '3.50' is set on object 'Object Repository/VLink/Page_CCSale/txt_Amount'

2020-12-24 00:21:17 - [MESSAGE][PASSED] - Object 'Object Repository/VLink/Page_CCSale/txt_CardNumber' is present

2020-12-24 00:21:18 - [MESSAGE][PASSED] - Text '4111111111111111' is set on object 'Object Repository/VLink/Page_CCSale/txt_CardNumber'

2020-12-24 00:21:18 - [MESSAGE][PASSED] - Object 'Object Repository/VLink/Page_CCSale/txt_ExpMonth' is present

2020-12-24 00:21:19 - [MESSAGE][PASSED] - Text '01' is set on object 'Object Repository/VLink/Page_CCSale/txt_ExpMonth'

2020-12-24 00:21:19 - [MESSAGE][PASSED] - Object 'Object Repository/VLink/Page_CCSale/txt_ExpYear' is present

2020-12-24 00:21:20 - [MESSAGE][PASSED] - Text '2026' is set on object 'Object Repository/VLink/Page_CCSale/txt_ExpYear'

2020-12-24 00:21:20 - [MESSAGE][PASSED] - Object 'Object Repository/VLink/Page_CCSale/txt_CVV' is present

2020-12-24 00:21:21 - [MESSAGE][PASSED] - Text '' is set on object 'Object Repository/VLink/Page_CCSale/txt_CVV'

2020-12-24 00:21:21 - [MESSAGE][PASSED] - Object 'Object Repository/VLink/Page_CCSale/txt_CVVstate' is present

2020-12-24 00:21:22 - [MESSAGE][PASSED] - Text '' is set on object 'Object Repository/VLink/Page_CCSale/txt_CVVstate'

2020-12-24 00:21:22 - [MESSAGE][PASSED] - Object 'Object Repository/VLink/Page_CCSale/txt_TrackData' is present

2020-12-24 00:21:23 - [MESSAGE][PASSED] - Text '' is set on object 'Object Repository/VLink/Page_CCSale/txt_TrackData'

2020-12-24 00:21:23 - [MESSAGE][PASSED] - Object 'Object Repository/VLink/Page_CCSale/txt_Track1Data' is present

2020-12-24 00:21:23 - [MESSAGE][PASSED] - Text '' is set on object 'Object Repository/VLink/Page_CCSale/txt_Track1Data'

2020-12-24 00:21:24 - [MESSAGE][PASSED] - Object 'Object Repository/VLink/Page_CCSale/txt_Track2Data' is present

2020-12-24 00:21:24 - [MESSAGE][PASSED] - Text '' is set on object 'Object Repository/VLink/Page_CCSale/txt_Track2Data'

2020-12-24 00:21:25 - [MESSAGE][PASSED] - Object 'Object Repository/VLink/Page_CCSale/txt_POSEntryMode' is present

2020-12-24 00:21:25 - [MESSAGE][PASSED] - Text 'manual' is set on object 'Object Repository/VLink/Page_CCSale/txt_POSEntryMode'

2020-12-24 00:21:26 - [MESSAGE][PASSED] - Object 'Object Repository/VLink/Page_CCSale/txt_Email' is present

2020-12-24 00:21:26 - [MESSAGE][PASSED] - Text '' is set on object 'Object Repository/VLink/Page_CCSale/txt_Email'

2020-12-24 00:21:27 - [MESSAGE][PASSED] - Object 'Object Repository/VLink/Page_CCSale/txt_OrderNumber' is present

2020-12-24 00:21:27 - [MESSAGE][PASSED] - Text '' is set on object 'Object Repository/VLink/Page_CCSale/txt_OrderNumber'

2020-12-24 00:21:28 - [MESSAGE][PASSED] - Object 'Object Repository/VLink/Page_CCSale/txt_TaxAmount' is present

2020-12-24 00:21:28 - [MESSAGE][PASSED] - Text '' is set on object 'Object Repository/VLink/Page_CCSale/txt_TaxAmount'

2020-12-24 00:21:29 - [MESSAGE][PASSED] - Object 'Object Repository/VLink/Page_CCSale/txt_ChargeDescription' is present

2020-12-24 00:21:29 - [MESSAGE][PASSED] - Text '' is set on object 'Object Repository/VLink/Page_CCSale/txt_ChargeDescription'

2020-12-24 00:21:30 - [MESSAGE][PASSED] - Object 'Object Repository/VLink/Page_CCSale/txt_CAN' is present

2020-12-24 00:21:30 - [MESSAGE][PASSED] - Text '' is set on object 'Object Repository/VLink/Page_CCSale/txt_CAN'

2020-12-24 00:21:31 - [MESSAGE][PASSED] - Object 'Object Repository/VLink/Page_CCSale/txt_BillPaymentIndicator' is present

2020-12-24 00:21:31 - [MESSAGE][PASSED] - Text '' is set on object 'Object Repository/VLink/Page_CCSale/txt_BillPaymentIndicator'

2020-12-24 00:21:32 - [MESSAGE][PASSED] - Object 'Object Repository/VLink/Page_CCSale/txt_UDF1' is present

2020-12-24 00:21:32 - [MESSAGE][PASSED] - Text '' is set on object 'Object Repository/VLink/Page_CCSale/txt_UDF1'

2020-12-24 00:21:33 - [MESSAGE][PASSED] - Object 'Object Repository/VLink/Page_CCSale/txt_UDF2' is present

2020-12-24 00:21:33 - [MESSAGE][PASSED] - Text '' is set on object 'Object Repository/VLink/Page_CCSale/txt_UDF2'

2020-12-24 00:21:33 - [MESSAGE][PASSED] - Object 'Object Repository/VLink/Page_CCSale/txt_UDF3' is present

2020-12-24 00:21:34 - [MESSAGE][PASSED] - Text '' is set on object 'Object Repository/VLink/Page_CCSale/txt_UDF3'

2020-12-24 00:21:34 - [MESSAGE][PASSED] - Object 'Object Repository/VLink/Page_CCSale/txt_UDF4' is present

2020-12-24 00:21:35 - [MESSAGE][PASSED] - Text '' is set on object 'Object Repository/VLink/Page_CCSale/txt_UDF4'

2020-12-24 00:21:35 - [MESSAGE][PASSED] - Object 'Object Repository/VLink/Page_CCSale/txt_UDF5' is present

2020-12-24 00:21:36 - [MESSAGE][PASSED] - Text '' is set on object 'Object Repository/VLink/Page_CCSale/txt_UDF5'

2020-12-24 00:21:36 - [MESSAGE][PASSED] - Object 'Object Repository/VLink/Page_CCSale/txt_UDF6' is present

2020-12-24 00:21:37 - [MESSAGE][PASSED] - Text '' is set on object 'Object Repository/VLink/Page_CCSale/txt_UDF6'

2020-12-24 00:21:37 - [MESSAGE][PASSED] - Object 'Object Repository/VLink/Page_CCSale/txt_UDF7' is present

2020-12-24 00:21:38 - [MESSAGE][PASSED] - Text '' is set on object 'Object Repository/VLink/Page_CCSale/txt_UDF7'

2020-12-24 00:21:38 - [MESSAGE][PASSED] - Object 'Object Repository/VLink/Page_CCSale/txt_UDF8' is present

2020-12-24 00:21:39 - [MESSAGE][PASSED] - Text '' is set on object 'Object Repository/VLink/Page_CCSale/txt_UDF8'

2020-12-24 00:21:39 - [MESSAGE][PASSED] - Object 'Object Repository/VLink/Page_CCSale/txt_UDF9' is present

2020-12-24 00:21:40 - [MESSAGE][PASSED] - Text '' is set on object 'Object Repository/VLink/Page_CCSale/txt_UDF9'

2020-12-24 00:21:40 - [MESSAGE][PASSED] - Object 'Object Repository/VLink/Page_CCSale/txt_UDF10' is present

2020-12-24 00:21:41 - [MESSAGE][PASSED] - Text '' is set on object 'Object Repository/VLink/Page_CCSale/txt_UDF10'

2020-12-24 00:21:41 - [MESSAGE][PASSED] - Object 'Object Repository/VLink/Page_CCSale/txt_CardOnFileIndicator' is present

2020-12-24 00:21:42 - [MESSAGE][PASSED] - Text '0' is set on object 'Object Repository/VLink/Page_CCSale/txt_CardOnFileIndicator'

2020-12-24 00:21:42 - [MESSAGE][PASSED] - Object 'Object Repository/VLink/Page_CCSale/txt_StoredCredentialIndicator' is present

2020-12-24 00:21:43 - [MESSAGE][PASSED] - Text 'Initial' is set on object 'Object Repository/VLink/Page_CCSale/txt_StoredCredentialIndicator'

2020-12-24 00:21:43 - [MESSAGE][PASSED] - Object 'Object Repository/VLink/Page_CCSale/txt_COFScheduledIndicator' is present

2020-12-24 00:21:44 - [MESSAGE][PASSED] - Text 'Unscheduled' is set on object 'Object Repository/VLink/Page_CCSale/txt_COFScheduledIndicator'

2020-12-24 00:21:44 - [MESSAGE][PASSED] - Object 'Object Repository/VLink/Page_CCSale/txt_COFTransactionInitiatedBy' is present

2020-12-24 00:21:45 - [MESSAGE][PASSED] - Text 'Customer' is set on object 'Object Repository/VLink/Page_CCSale/txt_COFTransactionInitiatedBy'

2020-12-24 00:21:47 - [MESSAGE][PASSED] - Object: 'Object Repository/VLink/Page_CCSale/btn_ProcessVLinkTransaction' is clicked on

2020-12-24 00:21:52 - [MESSAGE][PASSED] - vlinkPages.saleCCPage.setDataSCC is PASSED

2020-12-24 00:21:52 - [TEST_STEP][PASSED] - if (verifyTextPresent("Transaction approved, no errors", true)): null

2020-12-24 00:21:52 - [MESSAGE][PASSED] - Text 'Transaction approved, no errors' is present on page  using regular expression

2020-12-24 00:21:52 - [TEST_STEP][PASSED] - println("Transaction Approved, no errors text is present on the Confirmation page"): null

2020-12-24 00:21:52 - [TEST_STEP][PASSED] - out.println("Pass Record Number: " + row): null

2020-12-24 00:21:52 - [TEST_STEP][PASSED] - resText = "Pass": null

2020-12-24 00:21:52 - [TEST_STEP][PASSED] - pages.WriteExcel.demoKey(resText, datText, resColumn, datCloumn, fileLoc, nameSheet, row): pages.WriteExcel.demoKey is PASSED

2020-12-24 00:21:52 - [MESSAGE][PASSED] - pages.WriteExcel.demoKey is PASSED

2020-12-24 00:21:52 - [TEST_STEP][PASSED] - sdfo = getText(findTestObject("Object Repository/Page_VLinkReceipt/pre_STX")): Text of object 'Object Repository/Page_VLinkReceipt/pre_STX' is: '<STX>Vr5vUlajDJ1i                  12088105            0  Transaction approved, no errors                   0                                                                                  XXOK5290   <ETX>'

2020-12-24 00:21:53 - [MESSAGE][PASSED] - Text of object 'Object Repository/Page_VLinkReceipt/pre_STX' is: '<STX>Vr5vUlajDJ1i                  12088105            0  Transaction approved, no errors                   0                                                                                  XXOK5290   <ETX>'

2020-12-24 00:21:53 - [TEST_STEP][PASSED] - out.println("sdfo: " + sdfo): null

2020-12-24 00:21:53 - [TEST_STEP][PASSED] - remID = substring(5, 35).trim(): null

2020-12-24 00:21:53 - [TEST_STEP][PASSED] - out.println("Remittance ID: " + remID): null

2020-12-24 00:21:53 - [TEST_STEP][PASSED] - traxID = substring(35, 55).trim(): null

2020-12-24 00:21:53 - [TEST_STEP][PASSED] - out.println("Transaction ID: " + traxID): null

2020-12-24 00:21:53 - [TEST_STEP][PASSED] - out.println("End Record Number: " + row): null

2020-12-24 00:21:53 - [TEST_STEP][PASSED] - closeBrowser(): Browser is closed

2020-12-24 00:21:54 - [MESSAGE][PASSED] - Browser is closed

2020-12-24 00:21:54 - [TEST_STEP][PASSED] - out.println("Begin Record Number: " + row): null

2020-12-24 00:21:54 - [TEST_STEP][PASSED] - today = new java.util.Date(): null

2020-12-24 00:21:54 - [TEST_STEP][PASSED] - println(today): null

2020-12-24 00:21:54 - [TEST_STEP][PASSED] - datText = today: null

2020-12-24 00:21:54 - [TEST_STEP][PASSED] - openBrowser(VLinkURL + "authcap.html"): Browser is opened with url: 'https://dev-algorithm.govolution.com/vlinktest/QA/version_2_0/authcap.html'

2020-12-24 00:21:54 - [MESSAGE][INFO] - Starting 'Chrome' driver

2020-12-24 00:21:54 - [MESSAGE][INFO] - User set preference: ['acceptInsecureCerts', 'true']

2020-12-24 00:21:54 - [MESSAGE][INFO] - Action delay is set to 0 milliseconds

2020-12-24 00:21:57 - [MESSAGE][PASSED] - Browser is opened with url: 'https://dev-algorithm.govolution.com/vlinktest/QA/version_2_0/authcap.html'

2020-12-24 00:21:57 - [TEST_STEP][PASSED] - maximizeWindow(): Current window maximized

2020-12-24 00:21:57 - [MESSAGE][PASSED] - Current window maximized

2020-12-24 00:21:57 - [TEST_STEP][PASSED] - vlinkPages.saleCCPage.setDataSCC(row, dataFile): vlinkPages.saleCCPage.setDataSCC is PASSED

2020-12-24 00:21:59 - [MESSAGE][PASSED] - Object 'Object Repository/VLink/Page_CCSale/txt_CardNumber' is present

2020-12-24 00:21:59 - [MESSAGE][PASSED] - Object 'Object Repository/VLink/Page_CCSale/txt_TransactionType' is present

2020-12-24 00:22:00 - [MESSAGE][PASSED] - Text '104' is set on object 'Object Repository/VLink/Page_CCSale/txt_TransactionType'

2020-12-24 00:22:00 - [MESSAGE][PASSED] - Object 'Object Repository/VLink/Page_CCSale/txt_MessageVersion' is present

2020-12-24 00:22:01 - [MESSAGE][PASSED] - Text '2.0C' is set on object 'Object Repository/VLink/Page_CCSale/txt_MessageVersion'

2020-12-24 00:22:01 - [MESSAGE][PASSED] - Object 'Object Repository/VLink/Page_CCSale/txt_RemID' is present

2020-12-24 00:22:02 - [MESSAGE][PASSED] - Text '4SrfppKar9nm' is set on object 'Object Repository/VLink/Page_CCSale/txt_RemID'

2020-12-24 00:22:02 - [MESSAGE][PASSED] - Object 'Object Repository/VLink/Page_CCSale/txt_ApplicationId' is present

2020-12-24 00:22:03 - [MESSAGE][PASSED] - Text '665' is set on object 'Object Repository/VLink/Page_CCSale/txt_ApplicationId'

2020-12-24 00:22:03 - [MESSAGE][PASSED] - Object 'Object Repository/VLink/Page_CCSale/txt_Username' is present

2020-12-24 00:22:04 - [MESSAGE][PASSED] - Text 'username' is set on object 'Object Repository/VLink/Page_CCSale/txt_Username'

2020-12-24 00:22:04 - [MESSAGE][PASSED] - Object 'Object Repository/VLink/Page_CCSale/txt_Password' is present

2020-12-24 00:22:05 - [MESSAGE][PASSED] - Text 'password' is set on object 'Object Repository/VLink/Page_CCSale/txt_Password'

2020-12-24 00:22:05 - [MESSAGE][PASSED] - Object 'Object Repository/VLink/Page_CCSale/txt_ResponseFormat' is present

2020-12-24 00:22:06 - [MESSAGE][PASSED] - Text 'fixed_width' is set on object 'Object Repository/VLink/Page_CCSale/txt_ResponseFormat'

2020-12-24 00:22:06 - [MESSAGE][PASSED] - Object 'Object Repository/VLink/Page_CCSale/txt_Category' is present

2020-12-24 00:22:07 - [MESSAGE][PASSED] - Text 'MOTO' is set on object 'Object Repository/VLink/Page_CCSale/txt_Category'

2020-12-24 00:22:07 - [MESSAGE][PASSED] - Object 'Object Repository/VLink/Page_CCSale/txt_TransactionID' is present

2020-12-24 00:22:07 - [MESSAGE][PASSED] - Text '' is set on object 'Object Repository/VLink/Page_CCSale/txt_TransactionID'

2020-12-24 00:22:08 - [MESSAGE][PASSED] - Object 'Object Repository/VLink/Page_CCSale/txt_ApprovalCode' is present

2020-12-24 00:22:08 - [MESSAGE][PASSED] - Text '' is set on object 'Object Repository/VLink/Page_CCSale/txt_ApprovalCode'

2020-12-24 00:22:09 - [MESSAGE][PASSED] - Object 'Object Repository/VLink/Page_CCSale/txt_CardName' is present

2020-12-24 00:22:09 - [MESSAGE][PASSED] - Text 'Kris Roshan' is set on object 'Object Repository/VLink/Page_CCSale/txt_CardName'

2020-12-24 00:22:09 - [MESSAGE][PASSED] - Object 'Object Repository/VLink/Page_CCSale/txt_AL1' is present

2020-12-24 00:22:10 - [MESSAGE][PASSED] - Text '258 Elm Road' is set on object 'Object Repository/VLink/Page_CCSale/txt_AL1'

2020-12-24 00:22:10 - [MESSAGE][PASSED] - Object 'Object Repository/VLink/Page_CCSale/txt_AL2' is present

2020-12-24 00:22:11 - [MESSAGE][PASSED] - Text 'Suite 56' is set on object 'Object Repository/VLink/Page_CCSale/txt_AL2'

2020-12-24 00:22:11 - [MESSAGE][PASSED] - Object 'Object Repository/VLink/Page_CCSale/txt_CardCity' is present

2020-12-24 00:22:12 - [MESSAGE][PASSED] - Text 'Arlington' is set on object 'Object Repository/VLink/Page_CCSale/txt_CardCity'

2020-12-24 00:22:12 - [MESSAGE][PASSED] - Object 'Object Repository/VLink/Page_CCSale/txt_CardState' is present

2020-12-24 00:22:13 - [MESSAGE][PASSED] - Text 'VA' is set on object 'Object Repository/VLink/Page_CCSale/txt_CardState'

2020-12-24 00:22:13 - [MESSAGE][PASSED] - Object 'Object Repository/VLink/Page_CCSale/txt_CardZIP' is present

2020-12-24 00:22:14 - [MESSAGE][PASSED] - Text '22201' is set on object 'Object Repository/VLink/Page_CCSale/txt_CardZIP'

2020-12-24 00:22:14 - [MESSAGE][PASSED] - Object 'Object Repository/VLink/Page_CCSale/txt_CountryID' is present

2020-12-24 00:22:15 - [MESSAGE][PASSED] - Text '840' is set on object 'Object Repository/VLink/Page_CCSale/txt_CountryID'

2020-12-24 00:22:15 - [MESSAGE][PASSED] - Object 'Object Repository/VLink/Page_CCSale/txt_Amount' is present

2020-12-24 00:22:16 - [MESSAGE][PASSED] - Text '1.50' is set on object 'Object Repository/VLink/Page_CCSale/txt_Amount'

2020-12-24 00:22:16 - [MESSAGE][PASSED] - Object 'Object Repository/VLink/Page_CCSale/txt_CardNumber' is present

2020-12-24 00:22:17 - [MESSAGE][PASSED] - Text '5424000000000015' is set on object 'Object Repository/VLink/Page_CCSale/txt_CardNumber'

2020-12-24 00:22:17 - [MESSAGE][PASSED] - Object 'Object Repository/VLink/Page_CCSale/txt_ExpMonth' is present

2020-12-24 00:22:18 - [MESSAGE][PASSED] - Text '12' is set on object 'Object Repository/VLink/Page_CCSale/txt_ExpMonth'

2020-12-24 00:22:18 - [MESSAGE][PASSED] - Object 'Object Repository/VLink/Page_CCSale/txt_ExpYear' is present

2020-12-24 00:22:19 - [MESSAGE][PASSED] - Text '2025' is set on object 'Object Repository/VLink/Page_CCSale/txt_ExpYear'

2020-12-24 00:22:19 - [MESSAGE][PASSED] - Object 'Object Repository/VLink/Page_CCSale/txt_CVV' is present

2020-12-24 00:22:20 - [MESSAGE][PASSED] - Text '' is set on object 'Object Repository/VLink/Page_CCSale/txt_CVV'

2020-12-24 00:22:20 - [MESSAGE][PASSED] - Object 'Object Repository/VLink/Page_CCSale/txt_CVVstate' is present

2020-12-24 00:22:21 - [MESSAGE][PASSED] - Text '' is set on object 'Object Repository/VLink/Page_CCSale/txt_CVVstate'

2020-12-24 00:22:21 - [MESSAGE][PASSED] - Object 'Object Repository/VLink/Page_CCSale/txt_TrackData' is present

2020-12-24 00:22:22 - [MESSAGE][PASSED] - Text '' is set on object 'Object Repository/VLink/Page_CCSale/txt_TrackData'

2020-12-24 00:22:22 - [MESSAGE][PASSED] - Object 'Object Repository/VLink/Page_CCSale/txt_Track1Data' is present

2020-12-24 00:22:22 - [MESSAGE][PASSED] - Text '' is set on object 'Object Repository/VLink/Page_CCSale/txt_Track1Data'

2020-12-24 00:22:23 - [MESSAGE][PASSED] - Object 'Object Repository/VLink/Page_CCSale/txt_Track2Data' is present

2020-12-24 00:22:23 - [MESSAGE][PASSED] - Text '' is set on object 'Object Repository/VLink/Page_CCSale/txt_Track2Data'

2020-12-24 00:22:24 - [MESSAGE][PASSED] - Object 'Object Repository/VLink/Page_CCSale/txt_POSEntryMode' is present

2020-12-24 00:22:24 - [MESSAGE][PASSED] - Text 'manual' is set on object 'Object Repository/VLink/Page_CCSale/txt_POSEntryMode'

2020-12-24 00:22:25 - [MESSAGE][PASSED] - Object 'Object Repository/VLink/Page_CCSale/txt_Email' is present

2020-12-24 00:22:25 - [MESSAGE][PASSED] - Text 'iahmed@govolution.com' is set on object 'Object Repository/VLink/Page_CCSale/txt_Email'

2020-12-24 00:22:26 - [MESSAGE][PASSED] - Object 'Object Repository/VLink/Page_CCSale/txt_OrderNumber' is present

2020-12-24 00:22:26 - [MESSAGE][PASSED] - Text '2569362' is set on object 'Object Repository/VLink/Page_CCSale/txt_OrderNumber'

2020-12-24 00:22:27 - [MESSAGE][PASSED] - Object 'Object Repository/VLink/Page_CCSale/txt_TaxAmount' is present

2020-12-24 00:22:27 - [MESSAGE][PASSED] - Text '1.15' is set on object 'Object Repository/VLink/Page_CCSale/txt_TaxAmount'

2020-12-24 00:22:28 - [MESSAGE][PASSED] - Object 'Object Repository/VLink/Page_CCSale/txt_ChargeDescription' is present

2020-12-24 00:22:28 - [MESSAGE][PASSED] - Text 'Charge Description' is set on object 'Object Repository/VLink/Page_CCSale/txt_ChargeDescription'

2020-12-24 00:22:29 - [MESSAGE][PASSED] - Object 'Object Repository/VLink/Page_CCSale/txt_CAN' is present

2020-12-24 00:22:29 - [MESSAGE][PASSED] - Text '147357' is set on object 'Object Repository/VLink/Page_CCSale/txt_CAN'

2020-12-24 00:22:30 - [MESSAGE][PASSED] - Object 'Object Repository/VLink/Page_CCSale/txt_BillPaymentIndicator' is present

2020-12-24 00:22:30 - [MESSAGE][PASSED] - Text '1' is set on object 'Object Repository/VLink/Page_CCSale/txt_BillPaymentIndicator'

2020-12-24 00:22:31 - [MESSAGE][PASSED] - Object 'Object Repository/VLink/Page_CCSale/txt_UDF1' is present

2020-12-24 00:22:31 - [MESSAGE][PASSED] - Text 'UDF Data 1' is set on object 'Object Repository/VLink/Page_CCSale/txt_UDF1'

2020-12-24 00:22:32 - [MESSAGE][PASSED] - Object 'Object Repository/VLink/Page_CCSale/txt_UDF2' is present

2020-12-24 00:22:32 - [MESSAGE][PASSED] - Text 'UDF Data 2' is set on object 'Object Repository/VLink/Page_CCSale/txt_UDF2'

2020-12-24 00:22:33 - [MESSAGE][PASSED] - Object 'Object Repository/VLink/Page_CCSale/txt_UDF3' is present

2020-12-24 00:22:33 - [MESSAGE][PASSED] - Text 'UDF Data 3' is set on object 'Object Repository/VLink/Page_CCSale/txt_UDF3'

2020-12-24 00:22:34 - [MESSAGE][PASSED] - Object 'Object Repository/VLink/Page_CCSale/txt_UDF4' is present

2020-12-24 00:22:34 - [MESSAGE][PASSED] - Text 'UDF Data 4' is set on object 'Object Repository/VLink/Page_CCSale/txt_UDF4'

2020-12-24 00:22:35 - [MESSAGE][PASSED] - Object 'Object Repository/VLink/Page_CCSale/txt_UDF5' is present

2020-12-24 00:22:35 - [MESSAGE][PASSED] - Text 'UDF Data 5' is set on object 'Object Repository/VLink/Page_CCSale/txt_UDF5'

2020-12-24 00:22:36 - [MESSAGE][PASSED] - Object 'Object Repository/VLink/Page_CCSale/txt_UDF6' is present

2020-12-24 00:22:36 - [MESSAGE][PASSED] - Text 'UDF Data 6' is set on object 'Object Repository/VLink/Page_CCSale/txt_UDF6'

2020-12-24 00:22:37 - [MESSAGE][PASSED] - Object 'Object Repository/VLink/Page_CCSale/txt_UDF7' is present

2020-12-24 00:22:37 - [MESSAGE][PASSED] - Text 'UDF Data 7' is set on object 'Object Repository/VLink/Page_CCSale/txt_UDF7'

2020-12-24 00:22:38 - [MESSAGE][PASSED] - Object 'Object Repository/VLink/Page_CCSale/txt_UDF8' is present

2020-12-24 00:22:38 - [MESSAGE][PASSED] - Text 'UDF Data 8' is set on object 'Object Repository/VLink/Page_CCSale/txt_UDF8'

2020-12-24 00:22:39 - [MESSAGE][PASSED] - Object 'Object Repository/VLink/Page_CCSale/txt_UDF9' is present

2020-12-24 00:22:39 - [MESSAGE][PASSED] - Text 'UDF Data 9' is set on object 'Object Repository/VLink/Page_CCSale/txt_UDF9'

2020-12-24 00:22:40 - [MESSAGE][PASSED] - Object 'Object Repository/VLink/Page_CCSale/txt_UDF10' is present

2020-12-24 00:22:40 - [MESSAGE][PASSED] - Text 'UDF Data 10' is set on object 'Object Repository/VLink/Page_CCSale/txt_UDF10'

2020-12-24 00:22:41 - [MESSAGE][PASSED] - Object 'Object Repository/VLink/Page_CCSale/txt_CardOnFileIndicator' is present

2020-12-24 00:22:41 - [MESSAGE][PASSED] - Text '0' is set on object 'Object Repository/VLink/Page_CCSale/txt_CardOnFileIndicator'

2020-12-24 00:22:42 - [MESSAGE][PASSED] - Object 'Object Repository/VLink/Page_CCSale/txt_StoredCredentialIndicator' is present

2020-12-24 00:22:42 - [MESSAGE][PASSED] - Text 'Initial' is set on object 'Object Repository/VLink/Page_CCSale/txt_StoredCredentialIndicator'

2020-12-24 00:22:43 - [MESSAGE][PASSED] - Object 'Object Repository/VLink/Page_CCSale/txt_COFScheduledIndicator' is present

2020-12-24 00:22:43 - [MESSAGE][PASSED] - Text 'Unscheduled' is set on object 'Object Repository/VLink/Page_CCSale/txt_COFScheduledIndicator'

2020-12-24 00:22:44 - [MESSAGE][PASSED] - Object 'Object Repository/VLink/Page_CCSale/txt_COFTransactionInitiatedBy' is present

2020-12-24 00:22:44 - [MESSAGE][PASSED] - Text 'Customer' is set on object 'Object Repository/VLink/Page_CCSale/txt_COFTransactionInitiatedBy'

2020-12-24 00:22:47 - [MESSAGE][PASSED] - Object: 'Object Repository/VLink/Page_CCSale/btn_ProcessVLinkTransaction' is clicked on

2020-12-24 00:22:52 - [MESSAGE][PASSED] - vlinkPages.saleCCPage.setDataSCC is PASSED

2020-12-24 00:22:52 - [TEST_STEP][PASSED] - if (verifyTextPresent("Transaction approved, no errors", true)): null

2020-12-24 00:22:52 - [MESSAGE][PASSED] - Text 'Transaction approved, no errors' is present on page  using regular expression

2020-12-24 00:22:52 - [TEST_STEP][PASSED] - println("Transaction Approved, no errors text is present on the Confirmation page"): null

2020-12-24 00:22:52 - [TEST_STEP][PASSED] - out.println("Pass Record Number: " + row): null

2020-12-24 00:22:52 - [TEST_STEP][PASSED] - resText = "Pass": null

2020-12-24 00:22:52 - [TEST_STEP][PASSED] - pages.WriteExcel.demoKey(resText, datText, resColumn, datCloumn, fileLoc, nameSheet, row): pages.WriteExcel.demoKey is PASSED

2020-12-24 00:22:52 - [MESSAGE][PASSED] - pages.WriteExcel.demoKey is PASSED

2020-12-24 00:22:52 - [TEST_STEP][PASSED] - sdfo = getText(findTestObject("Object Repository/Page_VLinkReceipt/pre_STX")): Text of object 'Object Repository/Page_VLinkReceipt/pre_STX' is: '<STX>4SrfppKar9nm                  12088106            0  Transaction approved, no errors                   0                                                                                  XXOK5460   <ETX>'

2020-12-24 00:22:53 - [MESSAGE][PASSED] - Text of object 'Object Repository/Page_VLinkReceipt/pre_STX' is: '<STX>4SrfppKar9nm                  12088106            0  Transaction approved, no errors                   0                                                                                  XXOK5460   <ETX>'

2020-12-24 00:22:53 - [TEST_STEP][PASSED] - out.println("sdfo: " + sdfo): null

2020-12-24 00:22:53 - [TEST_STEP][PASSED] - remID = substring(5, 35).trim(): null

2020-12-24 00:22:53 - [TEST_STEP][PASSED] - out.println("Remittance ID: " + remID): null

2020-12-24 00:22:53 - [TEST_STEP][PASSED] - traxID = substring(35, 55).trim(): null

2020-12-24 00:22:53 - [TEST_STEP][PASSED] - out.println("Transaction ID: " + traxID): null

2020-12-24 00:22:53 - [TEST_STEP][PASSED] - out.println("End Record Number: " + row): null

2020-12-24 00:22:53 - [TEST_STEP][PASSED] - closeBrowser(): Browser is closed

2020-12-24 00:22:53 - [MESSAGE][PASSED] - Browser is closed

2020-12-24 00:22:53 - [TEST_STEP][PASSED] - out.println("Begin Record Number: " + row): null

2020-12-24 00:22:53 - [TEST_STEP][PASSED] - today = new java.util.Date(): null

2020-12-24 00:22:53 - [TEST_STEP][PASSED] - println(today): null

2020-12-24 00:22:53 - [TEST_STEP][PASSED] - datText = today: null

2020-12-24 00:22:53 - [TEST_STEP][PASSED] - openBrowser(VLinkURL + "authcap.html"): Browser is opened with url: 'https://dev-algorithm.govolution.com/vlinktest/QA/version_2_0/authcap.html'

2020-12-24 00:22:53 - [MESSAGE][INFO] - Starting 'Chrome' driver

2020-12-24 00:22:53 - [MESSAGE][INFO] - User set preference: ['acceptInsecureCerts', 'true']

2020-12-24 00:22:53 - [MESSAGE][INFO] - Action delay is set to 0 milliseconds

2020-12-24 00:22:57 - [MESSAGE][PASSED] - Browser is opened with url: 'https://dev-algorithm.govolution.com/vlinktest/QA/version_2_0/authcap.html'

2020-12-24 00:22:57 - [TEST_STEP][PASSED] - maximizeWindow(): Current window maximized

2020-12-24 00:22:57 - [MESSAGE][PASSED] - Current window maximized

2020-12-24 00:22:57 - [TEST_STEP][PASSED] - vlinkPages.saleCCPage.setDataSCC(row, dataFile): vlinkPages.saleCCPage.setDataSCC is PASSED

2020-12-24 00:22:59 - [MESSAGE][PASSED] - Object 'Object Repository/VLink/Page_CCSale/txt_CardNumber' is present

2020-12-24 00:22:59 - [MESSAGE][PASSED] - Object 'Object Repository/VLink/Page_CCSale/txt_TransactionType' is present

2020-12-24 00:23:00 - [MESSAGE][PASSED] - Text '104' is set on object 'Object Repository/VLink/Page_CCSale/txt_TransactionType'

2020-12-24 00:23:00 - [MESSAGE][PASSED] - Object 'Object Repository/VLink/Page_CCSale/txt_MessageVersion' is present

2020-12-24 00:23:01 - [MESSAGE][PASSED] - Text '2.0C' is set on object 'Object Repository/VLink/Page_CCSale/txt_MessageVersion'

2020-12-24 00:23:01 - [MESSAGE][PASSED] - Object 'Object Repository/VLink/Page_CCSale/txt_RemID' is present

2020-12-24 00:23:02 - [MESSAGE][PASSED] - Text 'rroLoSWHwQ5x' is set on object 'Object Repository/VLink/Page_CCSale/txt_RemID'

2020-12-24 00:23:02 - [MESSAGE][PASSED] - Object 'Object Repository/VLink/Page_CCSale/txt_ApplicationId' is present

2020-12-24 00:23:03 - [MESSAGE][PASSED] - Text '665' is set on object 'Object Repository/VLink/Page_CCSale/txt_ApplicationId'

2020-12-24 00:23:03 - [MESSAGE][PASSED] - Object 'Object Repository/VLink/Page_CCSale/txt_Username' is present

2020-12-24 00:23:04 - [MESSAGE][PASSED] - Text 'username' is set on object 'Object Repository/VLink/Page_CCSale/txt_Username'

2020-12-24 00:23:04 - [MESSAGE][PASSED] - Object 'Object Repository/VLink/Page_CCSale/txt_Password' is present

2020-12-24 00:23:05 - [MESSAGE][PASSED] - Text 'password' is set on object 'Object Repository/VLink/Page_CCSale/txt_Password'

2020-12-24 00:23:05 - [MESSAGE][PASSED] - Object 'Object Repository/VLink/Page_CCSale/txt_ResponseFormat' is present

2020-12-24 00:23:05 - [MESSAGE][PASSED] - Text 'fixed_width' is set on object 'Object Repository/VLink/Page_CCSale/txt_ResponseFormat'

2020-12-24 00:23:06 - [MESSAGE][PASSED] - Object 'Object Repository/VLink/Page_CCSale/txt_Category' is present

2020-12-24 00:23:06 - [MESSAGE][PASSED] - Text 'MOTO' is set on object 'Object Repository/VLink/Page_CCSale/txt_Category'

2020-12-24 00:23:07 - [MESSAGE][PASSED] - Object 'Object Repository/VLink/Page_CCSale/txt_TransactionID' is present

2020-12-24 00:23:07 - [MESSAGE][PASSED] - Text '' is set on object 'Object Repository/VLink/Page_CCSale/txt_TransactionID'

2020-12-24 00:23:07 - [MESSAGE][PASSED] - Object 'Object Repository/VLink/Page_CCSale/txt_ApprovalCode' is present

2020-12-24 00:23:08 - [MESSAGE][PASSED] - Text '' is set on object 'Object Repository/VLink/Page_CCSale/txt_ApprovalCode'

2020-12-24 00:23:08 - [MESSAGE][PASSED] - Object 'Object Repository/VLink/Page_CCSale/txt_CardName' is present

2020-12-24 00:23:09 - [MESSAGE][PASSED] - Text 'Roshan Maha' is set on object 'Object Repository/VLink/Page_CCSale/txt_CardName'

2020-12-24 00:23:09 - [MESSAGE][PASSED] - Object 'Object Repository/VLink/Page_CCSale/txt_AL1' is present

2020-12-24 00:23:10 - [MESSAGE][PASSED] - Text '12563 Bazaar road' is set on object 'Object Repository/VLink/Page_CCSale/txt_AL1'

2020-12-24 00:23:10 - [MESSAGE][PASSED] - Object 'Object Repository/VLink/Page_CCSale/txt_AL2' is present

2020-12-24 00:23:11 - [MESSAGE][PASSED] - Text '' is set on object 'Object Repository/VLink/Page_CCSale/txt_AL2'

2020-12-24 00:23:11 - [MESSAGE][PASSED] - Object 'Object Repository/VLink/Page_CCSale/txt_CardCity' is present

2020-12-24 00:23:11 - [MESSAGE][PASSED] - Text 'Crofton' is set on object 'Object Repository/VLink/Page_CCSale/txt_CardCity'

2020-12-24 00:23:12 - [MESSAGE][PASSED] - Object 'Object Repository/VLink/Page_CCSale/txt_CardState' is present

2020-12-24 00:23:12 - [MESSAGE][PASSED] - Text 'MD' is set on object 'Object Repository/VLink/Page_CCSale/txt_CardState'

2020-12-24 00:23:13 - [MESSAGE][PASSED] - Object 'Object Repository/VLink/Page_CCSale/txt_CardZIP' is present

2020-12-24 00:23:13 - [MESSAGE][PASSED] - Text '21114' is set on object 'Object Repository/VLink/Page_CCSale/txt_CardZIP'

2020-12-24 00:23:14 - [MESSAGE][PASSED] - Object 'Object Repository/VLink/Page_CCSale/txt_CountryID' is present

2020-12-24 00:23:14 - [MESSAGE][PASSED] - Text '' is set on object 'Object Repository/VLink/Page_CCSale/txt_CountryID'

2020-12-24 00:23:15 - [MESSAGE][PASSED] - Object 'Object Repository/VLink/Page_CCSale/txt_Amount' is present

2020-12-24 00:23:15 - [MESSAGE][PASSED] - Text '3.50' is set on object 'Object Repository/VLink/Page_CCSale/txt_Amount'

2020-12-24 00:23:16 - [MESSAGE][PASSED] - Object 'Object Repository/VLink/Page_CCSale/txt_CardNumber' is present

2020-12-24 00:23:16 - [MESSAGE][PASSED] - Text '370000000000002' is set on object 'Object Repository/VLink/Page_CCSale/txt_CardNumber'

2020-12-24 00:23:17 - [MESSAGE][PASSED] - Object 'Object Repository/VLink/Page_CCSale/txt_ExpMonth' is present

2020-12-24 00:23:17 - [MESSAGE][PASSED] - Text '01' is set on object 'Object Repository/VLink/Page_CCSale/txt_ExpMonth'

2020-12-24 00:23:18 - [MESSAGE][PASSED] - Object 'Object Repository/VLink/Page_CCSale/txt_ExpYear' is present

2020-12-24 00:23:18 - [MESSAGE][PASSED] - Text '2026' is set on object 'Object Repository/VLink/Page_CCSale/txt_ExpYear'

2020-12-24 00:23:19 - [MESSAGE][PASSED] - Object 'Object Repository/VLink/Page_CCSale/txt_CVV' is present

2020-12-24 00:23:19 - [MESSAGE][PASSED] - Text '' is set on object 'Object Repository/VLink/Page_CCSale/txt_CVV'

2020-12-24 00:23:20 - [MESSAGE][PASSED] - Object 'Object Repository/VLink/Page_CCSale/txt_CVVstate' is present

2020-12-24 00:23:20 - [MESSAGE][PASSED] - Text '' is set on object 'Object Repository/VLink/Page_CCSale/txt_CVVstate'

2020-12-24 00:23:20 - [MESSAGE][PASSED] - Object 'Object Repository/VLink/Page_CCSale/txt_TrackData' is present

2020-12-24 00:23:21 - [MESSAGE][PASSED] - Text '' is set on object 'Object Repository/VLink/Page_CCSale/txt_TrackData'

2020-12-24 00:23:21 - [MESSAGE][PASSED] - Object 'Object Repository/VLink/Page_CCSale/txt_Track1Data' is present

2020-12-24 00:23:22 - [MESSAGE][PASSED] - Text '' is set on object 'Object Repository/VLink/Page_CCSale/txt_Track1Data'

2020-12-24 00:23:22 - [MESSAGE][PASSED] - Object 'Object Repository/VLink/Page_CCSale/txt_Track2Data' is present

2020-12-24 00:23:23 - [MESSAGE][PASSED] - Text '' is set on object 'Object Repository/VLink/Page_CCSale/txt_Track2Data'

2020-12-24 00:23:23 - [MESSAGE][PASSED] - Object 'Object Repository/VLink/Page_CCSale/txt_POSEntryMode' is present

2020-12-24 00:23:24 - [MESSAGE][PASSED] - Text 'manual' is set on object 'Object Repository/VLink/Page_CCSale/txt_POSEntryMode'

2020-12-24 00:23:24 - [MESSAGE][PASSED] - Object 'Object Repository/VLink/Page_CCSale/txt_Email' is present

2020-12-24 00:23:25 - [MESSAGE][PASSED] - Text '' is set on object 'Object Repository/VLink/Page_CCSale/txt_Email'

2020-12-24 00:23:25 - [MESSAGE][PASSED] - Object 'Object Repository/VLink/Page_CCSale/txt_OrderNumber' is present

2020-12-24 00:23:26 - [MESSAGE][PASSED] - Text '' is set on object 'Object Repository/VLink/Page_CCSale/txt_OrderNumber'

2020-12-24 00:23:26 - [MESSAGE][PASSED] - Object 'Object Repository/VLink/Page_CCSale/txt_TaxAmount' is present

2020-12-24 00:23:27 - [MESSAGE][PASSED] - Text '' is set on object 'Object Repository/VLink/Page_CCSale/txt_TaxAmount'

2020-12-24 00:23:27 - [MESSAGE][PASSED] - Object 'Object Repository/VLink/Page_CCSale/txt_ChargeDescription' is present

2020-12-24 00:23:28 - [MESSAGE][PASSED] - Text '' is set on object 'Object Repository/VLink/Page_CCSale/txt_ChargeDescription'

2020-12-24 00:23:28 - [MESSAGE][PASSED] - Object 'Object Repository/VLink/Page_CCSale/txt_CAN' is present

2020-12-24 00:23:29 - [MESSAGE][PASSED] - Text '' is set on object 'Object Repository/VLink/Page_CCSale/txt_CAN'

2020-12-24 00:23:29 - [MESSAGE][PASSED] - Object 'Object Repository/VLink/Page_CCSale/txt_BillPaymentIndicator' is present

2020-12-24 00:23:30 - [MESSAGE][PASSED] - Text '' is set on object 'Object Repository/VLink/Page_CCSale/txt_BillPaymentIndicator'

2020-12-24 00:23:30 - [MESSAGE][PASSED] - Object 'Object Repository/VLink/Page_CCSale/txt_UDF1' is present

2020-12-24 00:23:31 - [MESSAGE][PASSED] - Text '' is set on object 'Object Repository/VLink/Page_CCSale/txt_UDF1'

2020-12-24 00:23:31 - [MESSAGE][PASSED] - Object 'Object Repository/VLink/Page_CCSale/txt_UDF2' is present

2020-12-24 00:23:32 - [MESSAGE][PASSED] - Text '' is set on object 'Object Repository/VLink/Page_CCSale/txt_UDF2'

2020-12-24 00:23:32 - [MESSAGE][PASSED] - Object 'Object Repository/VLink/Page_CCSale/txt_UDF3' is present

2020-12-24 00:23:33 - [MESSAGE][PASSED] - Text '' is set on object 'Object Repository/VLink/Page_CCSale/txt_UDF3'

2020-12-24 00:23:33 - [MESSAGE][PASSED] - Object 'Object Repository/VLink/Page_CCSale/txt_UDF4' is present

2020-12-24 00:23:34 - [MESSAGE][PASSED] - Text '' is set on object 'Object Repository/VLink/Page_CCSale/txt_UDF4'

2020-12-24 00:23:34 - [MESSAGE][PASSED] - Object 'Object Repository/VLink/Page_CCSale/txt_UDF5' is present

2020-12-24 00:23:35 - [MESSAGE][PASSED] - Text '' is set on object 'Object Repository/VLink/Page_CCSale/txt_UDF5'

2020-12-24 00:23:35 - [MESSAGE][PASSED] - Object 'Object Repository/VLink/Page_CCSale/txt_UDF6' is present

2020-12-24 00:23:36 - [MESSAGE][PASSED] - Text '' is set on object 'Object Repository/VLink/Page_CCSale/txt_UDF6'

2020-12-24 00:23:36 - [MESSAGE][PASSED] - Object 'Object Repository/VLink/Page_CCSale/txt_UDF7' is present

2020-12-24 00:23:37 - [MESSAGE][PASSED] - Text '' is set on object 'Object Repository/VLink/Page_CCSale/txt_UDF7'

2020-12-24 00:23:37 - [MESSAGE][PASSED] - Object 'Object Repository/VLink/Page_CCSale/txt_UDF8' is present

2020-12-24 00:23:38 - [MESSAGE][PASSED] - Text '' is set on object 'Object Repository/VLink/Page_CCSale/txt_UDF8'

2020-12-24 00:23:38 - [MESSAGE][PASSED] - Object 'Object Repository/VLink/Page_CCSale/txt_UDF9' is present

2020-12-24 00:23:39 - [MESSAGE][PASSED] - Text '' is set on object 'Object Repository/VLink/Page_CCSale/txt_UDF9'

2020-12-24 00:23:39 - [MESSAGE][PASSED] - Object 'Object Repository/VLink/Page_CCSale/txt_UDF10' is present

2020-12-24 00:23:40 - [MESSAGE][PASSED] - Text '' is set on object 'Object Repository/VLink/Page_CCSale/txt_UDF10'

2020-12-24 00:23:40 - [MESSAGE][PASSED] - Object 'Object Repository/VLink/Page_CCSale/txt_CardOnFileIndicator' is present

2020-12-24 00:23:41 - [MESSAGE][PASSED] - Text '0' is set on object 'Object Repository/VLink/Page_CCSale/txt_CardOnFileIndicator'

2020-12-24 00:23:41 - [MESSAGE][PASSED] - Object 'Object Repository/VLink/Page_CCSale/txt_StoredCredentialIndicator' is present

2020-12-24 00:23:42 - [MESSAGE][PASSED] - Text 'Initial' is set on object 'Object Repository/VLink/Page_CCSale/txt_StoredCredentialIndicator'

2020-12-24 00:23:42 - [MESSAGE][PASSED] - Object 'Object Repository/VLink/Page_CCSale/txt_COFScheduledIndicator' is present

2020-12-24 00:23:43 - [MESSAGE][PASSED] - Text 'Unscheduled' is set on object 'Object Repository/VLink/Page_CCSale/txt_COFScheduledIndicator'

2020-12-24 00:23:43 - [MESSAGE][PASSED] - Object 'Object Repository/VLink/Page_CCSale/txt_COFTransactionInitiatedBy' is present

2020-12-24 00:23:44 - [MESSAGE][PASSED] - Text 'Customer' is set on object 'Object Repository/VLink/Page_CCSale/txt_COFTransactionInitiatedBy'

2020-12-24 00:23:46 - [MESSAGE][PASSED] - Object: 'Object Repository/VLink/Page_CCSale/btn_ProcessVLinkTransaction' is clicked on

2020-12-24 00:23:51 - [MESSAGE][PASSED] - vlinkPages.saleCCPage.setDataSCC is PASSED

2020-12-24 00:23:51 - [TEST_STEP][PASSED] - if (verifyTextPresent("Transaction approved, no errors", true)): null

2020-12-24 00:23:51 - [MESSAGE][PASSED] - Text 'Transaction approved, no errors' is present on page  using regular expression

2020-12-24 00:23:51 - [TEST_STEP][PASSED] - println("Transaction Approved, no errors text is present on the Confirmation page"): null

2020-12-24 00:23:51 - [TEST_STEP][PASSED] - out.println("Pass Record Number: " + row): null

2020-12-24 00:23:51 - [TEST_STEP][PASSED] - resText = "Pass": null

2020-12-24 00:23:51 - [TEST_STEP][PASSED] - pages.WriteExcel.demoKey(resText, datText, resColumn, datCloumn, fileLoc, nameSheet, row): pages.WriteExcel.demoKey is PASSED

2020-12-24 00:23:52 - [MESSAGE][PASSED] - pages.WriteExcel.demoKey is PASSED

2020-12-24 00:23:52 - [TEST_STEP][PASSED] - sdfo = getText(findTestObject("Object Repository/Page_VLinkReceipt/pre_STX")): Text of object 'Object Repository/Page_VLinkReceipt/pre_STX' is: '<STX>rroLoSWHwQ5x                  12088107            0  Transaction approved, no errors                   0                                                                                  X OK5610   <ETX>'

2020-12-24 00:23:52 - [MESSAGE][PASSED] - Text of object 'Object Repository/Page_VLinkReceipt/pre_STX' is: '<STX>rroLoSWHwQ5x                  12088107            0  Transaction approved, no errors                   0                                                                                  X OK5610   <ETX>'

2020-12-24 00:23:52 - [TEST_STEP][PASSED] - out.println("sdfo: " + sdfo): null

2020-12-24 00:23:52 - [TEST_STEP][PASSED] - remID = substring(5, 35).trim(): null

2020-12-24 00:23:52 - [TEST_STEP][PASSED] - out.println("Remittance ID: " + remID): null

2020-12-24 00:23:52 - [TEST_STEP][PASSED] - traxID = substring(35, 55).trim(): null

2020-12-24 00:23:52 - [TEST_STEP][PASSED] - out.println("Transaction ID: " + traxID): null

2020-12-24 00:23:52 - [TEST_STEP][PASSED] - out.println("End Record Number: " + row): null

2020-12-24 00:23:52 - [TEST_STEP][PASSED] - closeBrowser(): Browser is closed

2020-12-24 00:23:53 - [MESSAGE][PASSED] - Browser is closed

2020-12-24 00:23:53 - [TEST_STEP][PASSED] - out.println("Begin Record Number: " + row): null

2020-12-24 00:23:53 - [TEST_STEP][PASSED] - today = new java.util.Date(): null

2020-12-24 00:23:53 - [TEST_STEP][PASSED] - println(today): null

2020-12-24 00:23:53 - [TEST_STEP][PASSED] - datText = today: null

2020-12-24 00:23:53 - [TEST_STEP][PASSED] - openBrowser(VLinkURL + "authcap.html"): Browser is opened with url: 'https://dev-algorithm.govolution.com/vlinktest/QA/version_2_0/authcap.html'

2020-12-24 00:23:53 - [MESSAGE][INFO] - Starting 'Chrome' driver

2020-12-24 00:23:53 - [MESSAGE][INFO] - User set preference: ['acceptInsecureCerts', 'true']

2020-12-24 00:23:53 - [MESSAGE][INFO] - Action delay is set to 0 milliseconds

2020-12-24 00:23:57 - [MESSAGE][PASSED] - Browser is opened with url: 'https://dev-algorithm.govolution.com/vlinktest/QA/version_2_0/authcap.html'

2020-12-24 00:23:57 - [TEST_STEP][PASSED] - maximizeWindow(): Current window maximized

2020-12-24 00:23:57 - [MESSAGE][PASSED] - Current window maximized

2020-12-24 00:23:57 - [TEST_STEP][PASSED] - vlinkPages.saleCCPage.setDataSCC(row, dataFile): vlinkPages.saleCCPage.setDataSCC is PASSED

2020-12-24 00:23:59 - [MESSAGE][PASSED] - Object 'Object Repository/VLink/Page_CCSale/txt_CardNumber' is present

2020-12-24 00:23:59 - [MESSAGE][PASSED] - Object 'Object Repository/VLink/Page_CCSale/txt_TransactionType' is present

2020-12-24 00:24:00 - [MESSAGE][PASSED] - Text '104' is set on object 'Object Repository/VLink/Page_CCSale/txt_TransactionType'

2020-12-24 00:24:00 - [MESSAGE][PASSED] - Object 'Object Repository/VLink/Page_CCSale/txt_MessageVersion' is present

2020-12-24 00:24:01 - [MESSAGE][PASSED] - Text '2.0C' is set on object 'Object Repository/VLink/Page_CCSale/txt_MessageVersion'

2020-12-24 00:24:01 - [MESSAGE][PASSED] - Object 'Object Repository/VLink/Page_CCSale/txt_RemID' is present

2020-12-24 00:24:02 - [MESSAGE][PASSED] - Text 'c4B9vNpoL4Uc' is set on object 'Object Repository/VLink/Page_CCSale/txt_RemID'

2020-12-24 00:24:02 - [MESSAGE][PASSED] - Object 'Object Repository/VLink/Page_CCSale/txt_ApplicationId' is present

2020-12-24 00:24:02 - [MESSAGE][PASSED] - Text '665' is set on object 'Object Repository/VLink/Page_CCSale/txt_ApplicationId'

2020-12-24 00:24:03 - [MESSAGE][PASSED] - Object 'Object Repository/VLink/Page_CCSale/txt_Username' is present

2020-12-24 00:24:03 - [MESSAGE][PASSED] - Text 'username' is set on object 'Object Repository/VLink/Page_CCSale/txt_Username'

2020-12-24 00:24:04 - [MESSAGE][PASSED] - Object 'Object Repository/VLink/Page_CCSale/txt_Password' is present

2020-12-24 00:24:04 - [MESSAGE][PASSED] - Text 'password' is set on object 'Object Repository/VLink/Page_CCSale/txt_Password'

2020-12-24 00:24:04 - [MESSAGE][PASSED] - Object 'Object Repository/VLink/Page_CCSale/txt_ResponseFormat' is present

2020-12-24 00:24:05 - [MESSAGE][PASSED] - Text 'fixed_width' is set on object 'Object Repository/VLink/Page_CCSale/txt_ResponseFormat'

2020-12-24 00:24:05 - [MESSAGE][PASSED] - Object 'Object Repository/VLink/Page_CCSale/txt_Category' is present

2020-12-24 00:24:06 - [MESSAGE][PASSED] - Text 'MOTO' is set on object 'Object Repository/VLink/Page_CCSale/txt_Category'

2020-12-24 00:24:06 - [MESSAGE][PASSED] - Object 'Object Repository/VLink/Page_CCSale/txt_TransactionID' is present

2020-12-24 00:24:07 - [MESSAGE][PASSED] - Text '' is set on object 'Object Repository/VLink/Page_CCSale/txt_TransactionID'

2020-12-24 00:24:07 - [MESSAGE][PASSED] - Object 'Object Repository/VLink/Page_CCSale/txt_ApprovalCode' is present

2020-12-24 00:24:08 - [MESSAGE][PASSED] - Text '' is set on object 'Object Repository/VLink/Page_CCSale/txt_ApprovalCode'

2020-12-24 00:24:08 - [MESSAGE][PASSED] - Object 'Object Repository/VLink/Page_CCSale/txt_CardName' is present

2020-12-24 00:24:09 - [MESSAGE][PASSED] - Text 'Kris Roshan' is set on object 'Object Repository/VLink/Page_CCSale/txt_CardName'

2020-12-24 00:24:09 - [MESSAGE][PASSED] - Object 'Object Repository/VLink/Page_CCSale/txt_AL1' is present

2020-12-24 00:24:10 - [MESSAGE][PASSED] - Text '258 Elm Road' is set on object 'Object Repository/VLink/Page_CCSale/txt_AL1'

2020-12-24 00:24:10 - [MESSAGE][PASSED] - Object 'Object Repository/VLink/Page_CCSale/txt_AL2' is present

2020-12-24 00:24:11 - [MESSAGE][PASSED] - Text 'Suite 56' is set on object 'Object Repository/VLink/Page_CCSale/txt_AL2'

2020-12-24 00:24:11 - [MESSAGE][PASSED] - Object 'Object Repository/VLink/Page_CCSale/txt_CardCity' is present

2020-12-24 00:24:12 - [MESSAGE][PASSED] - Text 'Arlington' is set on object 'Object Repository/VLink/Page_CCSale/txt_CardCity'

2020-12-24 00:24:12 - [MESSAGE][PASSED] - Object 'Object Repository/VLink/Page_CCSale/txt_CardState' is present

2020-12-24 00:24:13 - [MESSAGE][PASSED] - Text 'VA' is set on object 'Object Repository/VLink/Page_CCSale/txt_CardState'

2020-12-24 00:24:13 - [MESSAGE][PASSED] - Object 'Object Repository/VLink/Page_CCSale/txt_CardZIP' is present

2020-12-24 00:24:14 - [MESSAGE][PASSED] - Text '22201' is set on object 'Object Repository/VLink/Page_CCSale/txt_CardZIP'

2020-12-24 00:24:14 - [MESSAGE][PASSED] - Object 'Object Repository/VLink/Page_CCSale/txt_CountryID' is present

2020-12-24 00:24:15 - [MESSAGE][PASSED] - Text '840' is set on object 'Object Repository/VLink/Page_CCSale/txt_CountryID'

2020-12-24 00:24:15 - [MESSAGE][PASSED] - Object 'Object Repository/VLink/Page_CCSale/txt_Amount' is present

2020-12-24 00:24:16 - [MESSAGE][PASSED] - Text '1.50' is set on object 'Object Repository/VLink/Page_CCSale/txt_Amount'

2020-12-24 00:24:16 - [MESSAGE][PASSED] - Object 'Object Repository/VLink/Page_CCSale/txt_CardNumber' is present

2020-12-24 00:24:17 - [MESSAGE][PASSED] - Text '6011000000000004' is set on object 'Object Repository/VLink/Page_CCSale/txt_CardNumber'

2020-12-24 00:24:17 - [MESSAGE][PASSED] - Object 'Object Repository/VLink/Page_CCSale/txt_ExpMonth' is present

2020-12-24 00:24:18 - [MESSAGE][PASSED] - Text '12' is set on object 'Object Repository/VLink/Page_CCSale/txt_ExpMonth'

2020-12-24 00:24:18 - [MESSAGE][PASSED] - Object 'Object Repository/VLink/Page_CCSale/txt_ExpYear' is present

2020-12-24 00:24:19 - [MESSAGE][PASSED] - Text '2025' is set on object 'Object Repository/VLink/Page_CCSale/txt_ExpYear'

2020-12-24 00:24:19 - [MESSAGE][PASSED] - Object 'Object Repository/VLink/Page_CCSale/txt_CVV' is present

2020-12-24 00:24:20 - [MESSAGE][PASSED] - Text '' is set on object 'Object Repository/VLink/Page_CCSale/txt_CVV'

2020-12-24 00:24:20 - [MESSAGE][PASSED] - Object 'Object Repository/VLink/Page_CCSale/txt_CVVstate' is present

2020-12-24 00:24:21 - [MESSAGE][PASSED] - Text '' is set on object 'Object Repository/VLink/Page_CCSale/txt_CVVstate'

2020-12-24 00:24:21 - [MESSAGE][PASSED] - Object 'Object Repository/VLink/Page_CCSale/txt_TrackData' is present

2020-12-24 00:24:22 - [MESSAGE][PASSED] - Text '' is set on object 'Object Repository/VLink/Page_CCSale/txt_TrackData'

2020-12-24 00:24:22 - [MESSAGE][PASSED] - Object 'Object Repository/VLink/Page_CCSale/txt_Track1Data' is present

2020-12-24 00:24:23 - [MESSAGE][PASSED] - Text '' is set on object 'Object Repository/VLink/Page_CCSale/txt_Track1Data'

2020-12-24 00:24:23 - [MESSAGE][PASSED] - Object 'Object Repository/VLink/Page_CCSale/txt_Track2Data' is present

2020-12-24 00:24:23 - [MESSAGE][PASSED] - Text '' is set on object 'Object Repository/VLink/Page_CCSale/txt_Track2Data'

2020-12-24 00:24:24 - [MESSAGE][PASSED] - Object 'Object Repository/VLink/Page_CCSale/txt_POSEntryMode' is present

2020-12-24 00:24:24 - [MESSAGE][PASSED] - Text 'manual' is set on object 'Object Repository/VLink/Page_CCSale/txt_POSEntryMode'

2020-12-24 00:24:25 - [MESSAGE][PASSED] - Object 'Object Repository/VLink/Page_CCSale/txt_Email' is present

2020-12-24 00:24:25 - [MESSAGE][PASSED] - Text 'iahmed@govolution.com' is set on object 'Object Repository/VLink/Page_CCSale/txt_Email'

2020-12-24 00:24:26 - [MESSAGE][PASSED] - Object 'Object Repository/VLink/Page_CCSale/txt_OrderNumber' is present

2020-12-24 00:24:26 - [MESSAGE][PASSED] - Text '2569362' is set on object 'Object Repository/VLink/Page_CCSale/txt_OrderNumber'

2020-12-24 00:24:27 - [MESSAGE][PASSED] - Object 'Object Repository/VLink/Page_CCSale/txt_TaxAmount' is present

2020-12-24 00:24:27 - [MESSAGE][PASSED] - Text '1.15' is set on object 'Object Repository/VLink/Page_CCSale/txt_TaxAmount'

2020-12-24 00:24:28 - [MESSAGE][PASSED] - Object 'Object Repository/VLink/Page_CCSale/txt_ChargeDescription' is present

2020-12-24 00:24:28 - [MESSAGE][PASSED] - Text 'Charge Description' is set on object 'Object Repository/VLink/Page_CCSale/txt_ChargeDescription'

2020-12-24 00:24:29 - [MESSAGE][PASSED] - Object 'Object Repository/VLink/Page_CCSale/txt_CAN' is present

2020-12-24 00:24:29 - [MESSAGE][PASSED] - Text '147357' is set on object 'Object Repository/VLink/Page_CCSale/txt_CAN'

2020-12-24 00:24:30 - [MESSAGE][PASSED] - Object 'Object Repository/VLink/Page_CCSale/txt_BillPaymentIndicator' is present

2020-12-24 00:24:30 - [MESSAGE][PASSED] - Text '1' is set on object 'Object Repository/VLink/Page_CCSale/txt_BillPaymentIndicator'

2020-12-24 00:24:31 - [MESSAGE][PASSED] - Object 'Object Repository/VLink/Page_CCSale/txt_UDF1' is present

2020-12-24 00:24:31 - [MESSAGE][PASSED] - Text 'UDF Data 1' is set on object 'Object Repository/VLink/Page_CCSale/txt_UDF1'

2020-12-24 00:24:32 - [MESSAGE][PASSED] - Object 'Object Repository/VLink/Page_CCSale/txt_UDF2' is present

2020-12-24 00:24:32 - [MESSAGE][PASSED] - Text 'UDF Data 2' is set on object 'Object Repository/VLink/Page_CCSale/txt_UDF2'

2020-12-24 00:24:33 - [MESSAGE][PASSED] - Object 'Object Repository/VLink/Page_CCSale/txt_UDF3' is present

2020-12-24 00:24:33 - [MESSAGE][PASSED] - Text 'UDF Data 3' is set on object 'Object Repository/VLink/Page_CCSale/txt_UDF3'

2020-12-24 00:24:34 - [MESSAGE][PASSED] - Object 'Object Repository/VLink/Page_CCSale/txt_UDF4' is present

2020-12-24 00:24:34 - [MESSAGE][PASSED] - Text 'UDF Data 4' is set on object 'Object Repository/VLink/Page_CCSale/txt_UDF4'

2020-12-24 00:24:35 - [MESSAGE][PASSED] - Object 'Object Repository/VLink/Page_CCSale/txt_UDF5' is present

2020-12-24 00:24:35 - [MESSAGE][PASSED] - Text 'UDF Data 5' is set on object 'Object Repository/VLink/Page_CCSale/txt_UDF5'

2020-12-24 00:24:36 - [MESSAGE][PASSED] - Object 'Object Repository/VLink/Page_CCSale/txt_UDF6' is present

2020-12-24 00:24:36 - [MESSAGE][PASSED] - Text 'UDF Data 6' is set on object 'Object Repository/VLink/Page_CCSale/txt_UDF6'

2020-12-24 00:24:37 - [MESSAGE][PASSED] - Object 'Object Repository/VLink/Page_CCSale/txt_UDF7' is present

2020-12-24 00:24:37 - [MESSAGE][PASSED] - Text 'UDF Data 7' is set on object 'Object Repository/VLink/Page_CCSale/txt_UDF7'

2020-12-24 00:24:38 - [MESSAGE][PASSED] - Object 'Object Repository/VLink/Page_CCSale/txt_UDF8' is present

2020-12-24 00:24:38 - [MESSAGE][PASSED] - Text 'UDF Data 8' is set on object 'Object Repository/VLink/Page_CCSale/txt_UDF8'

2020-12-24 00:24:39 - [MESSAGE][PASSED] - Object 'Object Repository/VLink/Page_CCSale/txt_UDF9' is present

2020-12-24 00:24:39 - [MESSAGE][PASSED] - Text 'UDF Data 9' is set on object 'Object Repository/VLink/Page_CCSale/txt_UDF9'

2020-12-24 00:24:40 - [MESSAGE][PASSED] - Object 'Object Repository/VLink/Page_CCSale/txt_UDF10' is present

2020-12-24 00:24:40 - [MESSAGE][PASSED] - Text 'UDF Data 10' is set on object 'Object Repository/VLink/Page_CCSale/txt_UDF10'

2020-12-24 00:24:41 - [MESSAGE][PASSED] - Object 'Object Repository/VLink/Page_CCSale/txt_CardOnFileIndicator' is present

2020-12-24 00:24:41 - [MESSAGE][PASSED] - Text '0' is set on object 'Object Repository/VLink/Page_CCSale/txt_CardOnFileIndicator'

2020-12-24 00:24:42 - [MESSAGE][PASSED] - Object 'Object Repository/VLink/Page_CCSale/txt_StoredCredentialIndicator' is present

2020-12-24 00:24:42 - [MESSAGE][PASSED] - Text 'Initial' is set on object 'Object Repository/VLink/Page_CCSale/txt_StoredCredentialIndicator'

2020-12-24 00:24:43 - [MESSAGE][PASSED] - Object 'Object Repository/VLink/Page_CCSale/txt_COFScheduledIndicator' is present

2020-12-24 00:24:43 - [MESSAGE][PASSED] - Text 'Unscheduled' is set on object 'Object Repository/VLink/Page_CCSale/txt_COFScheduledIndicator'

2020-12-24 00:24:44 - [MESSAGE][PASSED] - Object 'Object Repository/VLink/Page_CCSale/txt_COFTransactionInitiatedBy' is present

2020-12-24 00:24:44 - [MESSAGE][PASSED] - Text 'Customer' is set on object 'Object Repository/VLink/Page_CCSale/txt_COFTransactionInitiatedBy'

2020-12-24 00:24:47 - [MESSAGE][PASSED] - Object: 'Object Repository/VLink/Page_CCSale/btn_ProcessVLinkTransaction' is clicked on

2020-12-24 00:24:52 - [MESSAGE][PASSED] - vlinkPages.saleCCPage.setDataSCC is PASSED

2020-12-24 00:24:52 - [TEST_STEP][PASSED] - if (verifyTextPresent("Transaction approved, no errors", true)): null

2020-12-24 00:24:52 - [MESSAGE][PASSED] - Text 'Transaction approved, no errors' is present on page  using regular expression

2020-12-24 00:24:52 - [TEST_STEP][PASSED] - println("Transaction Approved, no errors text is present on the Confirmation page"): null

2020-12-24 00:24:52 - [TEST_STEP][PASSED] - out.println("Pass Record Number: " + row): null

2020-12-24 00:24:52 - [TEST_STEP][PASSED] - resText = "Pass": null

2020-12-24 00:24:52 - [TEST_STEP][PASSED] - pages.WriteExcel.demoKey(resText, datText, resColumn, datCloumn, fileLoc, nameSheet, row): pages.WriteExcel.demoKey is PASSED

2020-12-24 00:24:52 - [MESSAGE][PASSED] - pages.WriteExcel.demoKey is PASSED

2020-12-24 00:24:52 - [TEST_STEP][PASSED] - sdfo = getText(findTestObject("Object Repository/Page_VLinkReceipt/pre_STX")): Text of object 'Object Repository/Page_VLinkReceipt/pre_STX' is: '<STX>c4B9vNpoL4Uc                  12088108            0  Transaction approved, no errors                   0                                                                                  XXOK5840   <ETX>'

2020-12-24 00:24:53 - [MESSAGE][PASSED] - Text of object 'Object Repository/Page_VLinkReceipt/pre_STX' is: '<STX>c4B9vNpoL4Uc                  12088108            0  Transaction approved, no errors                   0                                                                                  XXOK5840   <ETX>'

2020-12-24 00:24:53 - [TEST_STEP][PASSED] - out.println("sdfo: " + sdfo): null

2020-12-24 00:24:53 - [TEST_STEP][PASSED] - remID = substring(5, 35).trim(): null

2020-12-24 00:24:53 - [TEST_STEP][PASSED] - out.println("Remittance ID: " + remID): null

2020-12-24 00:24:53 - [TEST_STEP][PASSED] - traxID = substring(35, 55).trim(): null

2020-12-24 00:24:53 - [TEST_STEP][PASSED] - out.println("Transaction ID: " + traxID): null

2020-12-24 00:24:53 - [TEST_STEP][PASSED] - out.println("End Record Number: " + row): null

2020-12-24 00:24:53 - [TEST_STEP][PASSED] - closeBrowser(): Browser is closed

2020-12-24 00:24:53 - [MESSAGE][PASSED] - Browser is closed

2020-12-24 00:24:53 - [TEST_STEP][PASSED] - out.println("Begin Record Number: " + row): null

2020-12-24 00:24:53 - [TEST_STEP][PASSED] - today = new java.util.Date(): null

2020-12-24 00:24:53 - [TEST_STEP][PASSED] - println(today): null

2020-12-24 00:24:53 - [TEST_STEP][PASSED] - datText = today: null

2020-12-24 00:24:53 - [TEST_STEP][PASSED] - openBrowser(VLinkURL + "authcap.html"): Browser is opened with url: 'https://dev-algorithm.govolution.com/vlinktest/QA/version_2_0/authcap.html'

2020-12-24 00:24:53 - [MESSAGE][INFO] - Starting 'Chrome' driver

2020-12-24 00:24:53 - [MESSAGE][INFO] - User set preference: ['acceptInsecureCerts', 'true']

2020-12-24 00:24:54 - [MESSAGE][INFO] - Action delay is set to 0 milliseconds

2020-12-24 00:24:57 - [MESSAGE][PASSED] - Browser is opened with url: 'https://dev-algorithm.govolution.com/vlinktest/QA/version_2_0/authcap.html'

2020-12-24 00:24:57 - [TEST_STEP][PASSED] - maximizeWindow(): Current window maximized

2020-12-24 00:24:57 - [MESSAGE][PASSED] - Current window maximized

2020-12-24 00:24:57 - [TEST_STEP][PASSED] - vlinkPages.saleCCPage.setDataSCC(row, dataFile): vlinkPages.saleCCPage.setDataSCC is PASSED

2020-12-24 00:24:59 - [MESSAGE][PASSED] - Object 'Object Repository/VLink/Page_CCSale/txt_CardNumber' is present

2020-12-24 00:24:59 - [MESSAGE][PASSED] - Object 'Object Repository/VLink/Page_CCSale/txt_TransactionType' is present

2020-12-24 00:25:00 - [MESSAGE][PASSED] - Text '104' is set on object 'Object Repository/VLink/Page_CCSale/txt_TransactionType'

2020-12-24 00:25:00 - [MESSAGE][PASSED] - Object 'Object Repository/VLink/Page_CCSale/txt_MessageVersion' is present

2020-12-24 00:25:01 - [MESSAGE][PASSED] - Text '2.0C' is set on object 'Object Repository/VLink/Page_CCSale/txt_MessageVersion'

2020-12-24 00:25:01 - [MESSAGE][PASSED] - Object 'Object Repository/VLink/Page_CCSale/txt_RemID' is present

2020-12-24 00:25:02 - [MESSAGE][PASSED] - Text 'nsAWTVA3MI79' is set on object 'Object Repository/VLink/Page_CCSale/txt_RemID'

2020-12-24 00:25:02 - [MESSAGE][PASSED] - Object 'Object Repository/VLink/Page_CCSale/txt_ApplicationId' is present

2020-12-24 00:25:03 - [MESSAGE][PASSED] - Text '665' is set on object 'Object Repository/VLink/Page_CCSale/txt_ApplicationId'

2020-12-24 00:25:03 - [MESSAGE][PASSED] - Object 'Object Repository/VLink/Page_CCSale/txt_Username' is present

2020-12-24 00:25:04 - [MESSAGE][PASSED] - Text 'username' is set on object 'Object Repository/VLink/Page_CCSale/txt_Username'

2020-12-24 00:25:04 - [MESSAGE][PASSED] - Object 'Object Repository/VLink/Page_CCSale/txt_Password' is present

2020-12-24 00:25:05 - [MESSAGE][PASSED] - Text 'password' is set on object 'Object Repository/VLink/Page_CCSale/txt_Password'

2020-12-24 00:25:05 - [MESSAGE][PASSED] - Object 'Object Repository/VLink/Page_CCSale/txt_ResponseFormat' is present

2020-12-24 00:25:06 - [MESSAGE][PASSED] - Text 'fixed_width' is set on object 'Object Repository/VLink/Page_CCSale/txt_ResponseFormat'

2020-12-24 00:25:06 - [MESSAGE][PASSED] - Object 'Object Repository/VLink/Page_CCSale/txt_Category' is present

2020-12-24 00:25:06 - [MESSAGE][PASSED] - Text 'RETL' is set on object 'Object Repository/VLink/Page_CCSale/txt_Category'

2020-12-24 00:25:07 - [MESSAGE][PASSED] - Object 'Object Repository/VLink/Page_CCSale/txt_TransactionID' is present

2020-12-24 00:25:07 - [MESSAGE][PASSED] - Text '' is set on object 'Object Repository/VLink/Page_CCSale/txt_TransactionID'

2020-12-24 00:25:08 - [MESSAGE][PASSED] - Object 'Object Repository/VLink/Page_CCSale/txt_ApprovalCode' is present

2020-12-24 00:25:08 - [MESSAGE][PASSED] - Text '' is set on object 'Object Repository/VLink/Page_CCSale/txt_ApprovalCode'

2020-12-24 00:25:08 - [MESSAGE][PASSED] - Object 'Object Repository/VLink/Page_CCSale/txt_CardName' is present

2020-12-24 00:25:09 - [MESSAGE][PASSED] - Text 'Roshan Maha' is set on object 'Object Repository/VLink/Page_CCSale/txt_CardName'

2020-12-24 00:25:09 - [MESSAGE][PASSED] - Object 'Object Repository/VLink/Page_CCSale/txt_AL1' is present

2020-12-24 00:25:10 - [MESSAGE][PASSED] - Text '12563 Bazaar road' is set on object 'Object Repository/VLink/Page_CCSale/txt_AL1'

2020-12-24 00:25:10 - [MESSAGE][PASSED] - Object 'Object Repository/VLink/Page_CCSale/txt_AL2' is present

2020-12-24 00:25:11 - [MESSAGE][PASSED] - Text '' is set on object 'Object Repository/VLink/Page_CCSale/txt_AL2'

2020-12-24 00:25:11 - [MESSAGE][PASSED] - Object 'Object Repository/VLink/Page_CCSale/txt_CardCity' is present

2020-12-24 00:25:12 - [MESSAGE][PASSED] - Text 'Crofton' is set on object 'Object Repository/VLink/Page_CCSale/txt_CardCity'

2020-12-24 00:25:12 - [MESSAGE][PASSED] - Object 'Object Repository/VLink/Page_CCSale/txt_CardState' is present

2020-12-24 00:25:13 - [MESSAGE][PASSED] - Text 'MD' is set on object 'Object Repository/VLink/Page_CCSale/txt_CardState'

2020-12-24 00:25:13 - [MESSAGE][PASSED] - Object 'Object Repository/VLink/Page_CCSale/txt_CardZIP' is present

2020-12-24 00:25:14 - [MESSAGE][PASSED] - Text '21114' is set on object 'Object Repository/VLink/Page_CCSale/txt_CardZIP'

2020-12-24 00:25:14 - [MESSAGE][PASSED] - Object 'Object Repository/VLink/Page_CCSale/txt_CountryID' is present

2020-12-24 00:25:15 - [MESSAGE][PASSED] - Text '' is set on object 'Object Repository/VLink/Page_CCSale/txt_CountryID'

2020-12-24 00:25:15 - [MESSAGE][PASSED] - Object 'Object Repository/VLink/Page_CCSale/txt_Amount' is present

2020-12-24 00:25:16 - [MESSAGE][PASSED] - Text '3.50' is set on object 'Object Repository/VLink/Page_CCSale/txt_Amount'

2020-12-24 00:25:16 - [MESSAGE][PASSED] - Object 'Object Repository/VLink/Page_CCSale/txt_CardNumber' is present

2020-12-24 00:25:17 - [MESSAGE][PASSED] - Text '4111111111111111' is set on object 'Object Repository/VLink/Page_CCSale/txt_CardNumber'

2020-12-24 00:25:17 - [MESSAGE][PASSED] - Object 'Object Repository/VLink/Page_CCSale/txt_ExpMonth' is present

2020-12-24 00:25:18 - [MESSAGE][PASSED] - Text '01' is set on object 'Object Repository/VLink/Page_CCSale/txt_ExpMonth'

2020-12-24 00:25:18 - [MESSAGE][PASSED] - Object 'Object Repository/VLink/Page_CCSale/txt_ExpYear' is present

2020-12-24 00:25:19 - [MESSAGE][PASSED] - Text '2026' is set on object 'Object Repository/VLink/Page_CCSale/txt_ExpYear'

2020-12-24 00:25:19 - [MESSAGE][PASSED] - Object 'Object Repository/VLink/Page_CCSale/txt_CVV' is present

2020-12-24 00:25:19 - [MESSAGE][PASSED] - Text '' is set on object 'Object Repository/VLink/Page_CCSale/txt_CVV'

2020-12-24 00:25:20 - [MESSAGE][PASSED] - Object 'Object Repository/VLink/Page_CCSale/txt_CVVstate' is present

2020-12-24 00:25:20 - [MESSAGE][PASSED] - Text '' is set on object 'Object Repository/VLink/Page_CCSale/txt_CVVstate'

2020-12-24 00:25:21 - [MESSAGE][PASSED] - Object 'Object Repository/VLink/Page_CCSale/txt_TrackData' is present

2020-12-24 00:25:21 - [MESSAGE][PASSED] - Text '' is set on object 'Object Repository/VLink/Page_CCSale/txt_TrackData'

2020-12-24 00:25:22 - [MESSAGE][PASSED] - Object 'Object Repository/VLink/Page_CCSale/txt_Track1Data' is present

2020-12-24 00:25:22 - [MESSAGE][PASSED] - Text '' is set on object 'Object Repository/VLink/Page_CCSale/txt_Track1Data'

2020-12-24 00:25:23 - [MESSAGE][PASSED] - Object 'Object Repository/VLink/Page_CCSale/txt_Track2Data' is present

2020-12-24 00:25:23 - [MESSAGE][PASSED] - Text '' is set on object 'Object Repository/VLink/Page_CCSale/txt_Track2Data'

2020-12-24 00:25:24 - [MESSAGE][PASSED] - Object 'Object Repository/VLink/Page_CCSale/txt_POSEntryMode' is present

2020-12-24 00:25:24 - [MESSAGE][PASSED] - Text 'manual' is set on object 'Object Repository/VLink/Page_CCSale/txt_POSEntryMode'

2020-12-24 00:25:25 - [MESSAGE][PASSED] - Object 'Object Repository/VLink/Page_CCSale/txt_Email' is present

2020-12-24 00:25:25 - [MESSAGE][PASSED] - Text '' is set on object 'Object Repository/VLink/Page_CCSale/txt_Email'

2020-12-24 00:25:26 - [MESSAGE][PASSED] - Object 'Object Repository/VLink/Page_CCSale/txt_OrderNumber' is present

2020-12-24 00:25:26 - [MESSAGE][PASSED] - Text '' is set on object 'Object Repository/VLink/Page_CCSale/txt_OrderNumber'

2020-12-24 00:25:27 - [MESSAGE][PASSED] - Object 'Object Repository/VLink/Page_CCSale/txt_TaxAmount' is present

2020-12-24 00:25:27 - [MESSAGE][PASSED] - Text '' is set on object 'Object Repository/VLink/Page_CCSale/txt_TaxAmount'

2020-12-24 00:25:28 - [MESSAGE][PASSED] - Object 'Object Repository/VLink/Page_CCSale/txt_ChargeDescription' is present

2020-12-24 00:25:28 - [MESSAGE][PASSED] - Text '' is set on object 'Object Repository/VLink/Page_CCSale/txt_ChargeDescription'

2020-12-24 00:25:29 - [MESSAGE][PASSED] - Object 'Object Repository/VLink/Page_CCSale/txt_CAN' is present

2020-12-24 00:25:29 - [MESSAGE][PASSED] - Text '' is set on object 'Object Repository/VLink/Page_CCSale/txt_CAN'

2020-12-24 00:25:30 - [MESSAGE][PASSED] - Object 'Object Repository/VLink/Page_CCSale/txt_BillPaymentIndicator' is present

2020-12-24 00:25:30 - [MESSAGE][PASSED] - Text '' is set on object 'Object Repository/VLink/Page_CCSale/txt_BillPaymentIndicator'

2020-12-24 00:25:31 - [MESSAGE][PASSED] - Object 'Object Repository/VLink/Page_CCSale/txt_UDF1' is present

2020-12-24 00:25:31 - [MESSAGE][PASSED] - Text '' is set on object 'Object Repository/VLink/Page_CCSale/txt_UDF1'

2020-12-24 00:25:32 - [MESSAGE][PASSED] - Object 'Object Repository/VLink/Page_CCSale/txt_UDF2' is present

2020-12-24 00:25:32 - [MESSAGE][PASSED] - Text '' is set on object 'Object Repository/VLink/Page_CCSale/txt_UDF2'

2020-12-24 00:25:33 - [MESSAGE][PASSED] - Object 'Object Repository/VLink/Page_CCSale/txt_UDF3' is present

2020-12-24 00:25:33 - [MESSAGE][PASSED] - Text '' is set on object 'Object Repository/VLink/Page_CCSale/txt_UDF3'

2020-12-24 00:25:34 - [MESSAGE][PASSED] - Object 'Object Repository/VLink/Page_CCSale/txt_UDF4' is present

2020-12-24 00:25:34 - [MESSAGE][PASSED] - Text '' is set on object 'Object Repository/VLink/Page_CCSale/txt_UDF4'

2020-12-24 00:25:34 - [MESSAGE][PASSED] - Object 'Object Repository/VLink/Page_CCSale/txt_UDF5' is present

2020-12-24 00:25:35 - [MESSAGE][PASSED] - Text '' is set on object 'Object Repository/VLink/Page_CCSale/txt_UDF5'

2020-12-24 00:25:35 - [MESSAGE][PASSED] - Object 'Object Repository/VLink/Page_CCSale/txt_UDF6' is present

2020-12-24 00:25:36 - [MESSAGE][PASSED] - Text '' is set on object 'Object Repository/VLink/Page_CCSale/txt_UDF6'

2020-12-24 00:25:36 - [MESSAGE][PASSED] - Object 'Object Repository/VLink/Page_CCSale/txt_UDF7' is present

2020-12-24 00:25:37 - [MESSAGE][PASSED] - Text '' is set on object 'Object Repository/VLink/Page_CCSale/txt_UDF7'

2020-12-24 00:25:37 - [MESSAGE][PASSED] - Object 'Object Repository/VLink/Page_CCSale/txt_UDF8' is present

2020-12-24 00:25:38 - [MESSAGE][PASSED] - Text '' is set on object 'Object Repository/VLink/Page_CCSale/txt_UDF8'

2020-12-24 00:25:38 - [MESSAGE][PASSED] - Object 'Object Repository/VLink/Page_CCSale/txt_UDF9' is present

2020-12-24 00:25:39 - [MESSAGE][PASSED] - Text '' is set on object 'Object Repository/VLink/Page_CCSale/txt_UDF9'

2020-12-24 00:25:39 - [MESSAGE][PASSED] - Object 'Object Repository/VLink/Page_CCSale/txt_UDF10' is present

2020-12-24 00:25:40 - [MESSAGE][PASSED] - Text '' is set on object 'Object Repository/VLink/Page_CCSale/txt_UDF10'

2020-12-24 00:25:40 - [MESSAGE][PASSED] - Object 'Object Repository/VLink/Page_CCSale/txt_CardOnFileIndicator' is present

2020-12-24 00:25:41 - [MESSAGE][PASSED] - Text '0' is set on object 'Object Repository/VLink/Page_CCSale/txt_CardOnFileIndicator'

2020-12-24 00:25:41 - [MESSAGE][PASSED] - Object 'Object Repository/VLink/Page_CCSale/txt_StoredCredentialIndicator' is present

2020-12-24 00:25:42 - [MESSAGE][PASSED] - Text 'Initial' is set on object 'Object Repository/VLink/Page_CCSale/txt_StoredCredentialIndicator'

2020-12-24 00:25:42 - [MESSAGE][PASSED] - Object 'Object Repository/VLink/Page_CCSale/txt_COFScheduledIndicator' is present

2020-12-24 00:25:43 - [MESSAGE][PASSED] - Text 'Unscheduled' is set on object 'Object Repository/VLink/Page_CCSale/txt_COFScheduledIndicator'

2020-12-24 00:25:43 - [MESSAGE][PASSED] - Object 'Object Repository/VLink/Page_CCSale/txt_COFTransactionInitiatedBy' is present

2020-12-24 00:25:44 - [MESSAGE][PASSED] - Text 'Customer' is set on object 'Object Repository/VLink/Page_CCSale/txt_COFTransactionInitiatedBy'

2020-12-24 00:25:46 - [MESSAGE][PASSED] - Object: 'Object Repository/VLink/Page_CCSale/btn_ProcessVLinkTransaction' is clicked on

2020-12-24 00:25:51 - [MESSAGE][PASSED] - vlinkPages.saleCCPage.setDataSCC is PASSED

2020-12-24 00:25:51 - [TEST_STEP][PASSED] - if (verifyTextPresent("Transaction approved, no errors", true)): null

2020-12-24 00:25:52 - [MESSAGE][PASSED] - Text 'Transaction approved, no errors' is present on page  using regular expression

2020-12-24 00:25:52 - [TEST_STEP][PASSED] - println("Transaction Approved, no errors text is present on the Confirmation page"): null

2020-12-24 00:25:52 - [TEST_STEP][PASSED] - out.println("Pass Record Number: " + row): null

2020-12-24 00:25:52 - [TEST_STEP][PASSED] - resText = "Pass": null

2020-12-24 00:25:52 - [TEST_STEP][PASSED] - pages.WriteExcel.demoKey(resText, datText, resColumn, datCloumn, fileLoc, nameSheet, row): pages.WriteExcel.demoKey is PASSED

2020-12-24 00:25:52 - [MESSAGE][PASSED] - pages.WriteExcel.demoKey is PASSED

2020-12-24 00:25:52 - [TEST_STEP][PASSED] - sdfo = getText(findTestObject("Object Repository/Page_VLinkReceipt/pre_STX")): Text of object 'Object Repository/Page_VLinkReceipt/pre_STX' is: '<STX>nsAWTVA3MI79                  12088109            0  Transaction approved, no errors                   0                                                                                  X OK5930   <ETX>'

2020-12-24 00:25:52 - [MESSAGE][PASSED] - Text of object 'Object Repository/Page_VLinkReceipt/pre_STX' is: '<STX>nsAWTVA3MI79                  12088109            0  Transaction approved, no errors                   0                                                                                  X OK5930   <ETX>'

2020-12-24 00:25:52 - [TEST_STEP][PASSED] - out.println("sdfo: " + sdfo): null

2020-12-24 00:25:52 - [TEST_STEP][PASSED] - remID = substring(5, 35).trim(): null

2020-12-24 00:25:52 - [TEST_STEP][PASSED] - out.println("Remittance ID: " + remID): null

2020-12-24 00:25:52 - [TEST_STEP][PASSED] - traxID = substring(35, 55).trim(): null

2020-12-24 00:25:52 - [TEST_STEP][PASSED] - out.println("Transaction ID: " + traxID): null

2020-12-24 00:25:52 - [TEST_STEP][PASSED] - out.println("End Record Number: " + row): null

2020-12-24 00:25:52 - [TEST_STEP][PASSED] - closeBrowser(): Browser is closed

2020-12-24 00:25:53 - [MESSAGE][PASSED] - Browser is closed

2020-12-24 00:25:53 - [TEST_STEP][PASSED] - out.println("Begin Record Number: " + row): null

2020-12-24 00:25:53 - [TEST_STEP][PASSED] - today = new java.util.Date(): null

2020-12-24 00:25:53 - [TEST_STEP][PASSED] - println(today): null

2020-12-24 00:25:53 - [TEST_STEP][PASSED] - datText = today: null

2020-12-24 00:25:53 - [TEST_STEP][PASSED] - openBrowser(VLinkURL + "authcap.html"): Browser is opened with url: 'https://dev-algorithm.govolution.com/vlinktest/QA/version_2_0/authcap.html'

2020-12-24 00:25:53 - [MESSAGE][INFO] - Starting 'Chrome' driver

2020-12-24 00:25:53 - [MESSAGE][INFO] - User set preference: ['acceptInsecureCerts', 'true']

2020-12-24 00:25:53 - [MESSAGE][INFO] - Action delay is set to 0 milliseconds

2020-12-24 00:25:56 - [MESSAGE][PASSED] - Browser is opened with url: 'https://dev-algorithm.govolution.com/vlinktest/QA/version_2_0/authcap.html'

2020-12-24 00:25:56 - [TEST_STEP][PASSED] - maximizeWindow(): Current window maximized

2020-12-24 00:25:57 - [MESSAGE][PASSED] - Current window maximized

2020-12-24 00:25:57 - [TEST_STEP][PASSED] - vlinkPages.saleCCPage.setDataSCC(row, dataFile): vlinkPages.saleCCPage.setDataSCC is PASSED

2020-12-24 00:25:58 - [MESSAGE][PASSED] - Object 'Object Repository/VLink/Page_CCSale/txt_CardNumber' is present

2020-12-24 00:25:59 - [MESSAGE][PASSED] - Object 'Object Repository/VLink/Page_CCSale/txt_TransactionType' is present

2020-12-24 00:25:59 - [MESSAGE][PASSED] - Text '104' is set on object 'Object Repository/VLink/Page_CCSale/txt_TransactionType'

2020-12-24 00:26:00 - [MESSAGE][PASSED] - Object 'Object Repository/VLink/Page_CCSale/txt_MessageVersion' is present

2020-12-24 00:26:00 - [MESSAGE][PASSED] - Text '2.0C' is set on object 'Object Repository/VLink/Page_CCSale/txt_MessageVersion'

2020-12-24 00:26:00 - [MESSAGE][PASSED] - Object 'Object Repository/VLink/Page_CCSale/txt_RemID' is present

2020-12-24 00:26:01 - [MESSAGE][PASSED] - Text 'BlhLBNz2diVS' is set on object 'Object Repository/VLink/Page_CCSale/txt_RemID'

2020-12-24 00:26:01 - [MESSAGE][PASSED] - Object 'Object Repository/VLink/Page_CCSale/txt_ApplicationId' is present

2020-12-24 00:26:02 - [MESSAGE][PASSED] - Text '665' is set on object 'Object Repository/VLink/Page_CCSale/txt_ApplicationId'

2020-12-24 00:26:02 - [MESSAGE][PASSED] - Object 'Object Repository/VLink/Page_CCSale/txt_Username' is present

2020-12-24 00:26:03 - [MESSAGE][PASSED] - Text 'username' is set on object 'Object Repository/VLink/Page_CCSale/txt_Username'

2020-12-24 00:26:03 - [MESSAGE][PASSED] - Object 'Object Repository/VLink/Page_CCSale/txt_Password' is present

2020-12-24 00:26:04 - [MESSAGE][PASSED] - Text 'password' is set on object 'Object Repository/VLink/Page_CCSale/txt_Password'

2020-12-24 00:26:04 - [MESSAGE][PASSED] - Object 'Object Repository/VLink/Page_CCSale/txt_ResponseFormat' is present

2020-12-24 00:26:05 - [MESSAGE][PASSED] - Text 'fixed_width' is set on object 'Object Repository/VLink/Page_CCSale/txt_ResponseFormat'

2020-12-24 00:26:05 - [MESSAGE][PASSED] - Object 'Object Repository/VLink/Page_CCSale/txt_Category' is present

2020-12-24 00:26:05 - [MESSAGE][PASSED] - Text 'RETL' is set on object 'Object Repository/VLink/Page_CCSale/txt_Category'

2020-12-24 00:26:06 - [MESSAGE][PASSED] - Object 'Object Repository/VLink/Page_CCSale/txt_TransactionID' is present

2020-12-24 00:26:06 - [MESSAGE][PASSED] - Text '' is set on object 'Object Repository/VLink/Page_CCSale/txt_TransactionID'

2020-12-24 00:26:07 - [MESSAGE][PASSED] - Object 'Object Repository/VLink/Page_CCSale/txt_ApprovalCode' is present

2020-12-24 00:26:07 - [MESSAGE][PASSED] - Text '' is set on object 'Object Repository/VLink/Page_CCSale/txt_ApprovalCode'

2020-12-24 00:26:07 - [MESSAGE][PASSED] - Object 'Object Repository/VLink/Page_CCSale/txt_CardName' is present

2020-12-24 00:26:08 - [MESSAGE][PASSED] - Text 'Kris Roshan' is set on object 'Object Repository/VLink/Page_CCSale/txt_CardName'

2020-12-24 00:26:08 - [MESSAGE][PASSED] - Object 'Object Repository/VLink/Page_CCSale/txt_AL1' is present

2020-12-24 00:26:09 - [MESSAGE][PASSED] - Text '258 Elm Road' is set on object 'Object Repository/VLink/Page_CCSale/txt_AL1'

2020-12-24 00:26:09 - [MESSAGE][PASSED] - Object 'Object Repository/VLink/Page_CCSale/txt_AL2' is present

2020-12-24 00:26:10 - [MESSAGE][PASSED] - Text 'Suite 56' is set on object 'Object Repository/VLink/Page_CCSale/txt_AL2'

2020-12-24 00:26:10 - [MESSAGE][PASSED] - Object 'Object Repository/VLink/Page_CCSale/txt_CardCity' is present

2020-12-24 00:26:11 - [MESSAGE][PASSED] - Text 'Arlington' is set on object 'Object Repository/VLink/Page_CCSale/txt_CardCity'

2020-12-24 00:26:11 - [MESSAGE][PASSED] - Object 'Object Repository/VLink/Page_CCSale/txt_CardState' is present

2020-12-24 00:26:12 - [MESSAGE][PASSED] - Text 'VA' is set on object 'Object Repository/VLink/Page_CCSale/txt_CardState'

2020-12-24 00:26:12 - [MESSAGE][PASSED] - Object 'Object Repository/VLink/Page_CCSale/txt_CardZIP' is present

2020-12-24 00:26:13 - [MESSAGE][PASSED] - Text '22201' is set on object 'Object Repository/VLink/Page_CCSale/txt_CardZIP'

2020-12-24 00:26:13 - [MESSAGE][PASSED] - Object 'Object Repository/VLink/Page_CCSale/txt_CountryID' is present

2020-12-24 00:26:14 - [MESSAGE][PASSED] - Text '840' is set on object 'Object Repository/VLink/Page_CCSale/txt_CountryID'

2020-12-24 00:26:14 - [MESSAGE][PASSED] - Object 'Object Repository/VLink/Page_CCSale/txt_Amount' is present

2020-12-24 00:26:15 - [MESSAGE][PASSED] - Text '1.50' is set on object 'Object Repository/VLink/Page_CCSale/txt_Amount'

2020-12-24 00:26:15 - [MESSAGE][PASSED] - Object 'Object Repository/VLink/Page_CCSale/txt_CardNumber' is present

2020-12-24 00:26:16 - [MESSAGE][PASSED] - Text '5424000000000015' is set on object 'Object Repository/VLink/Page_CCSale/txt_CardNumber'

2020-12-24 00:26:16 - [MESSAGE][PASSED] - Object 'Object Repository/VLink/Page_CCSale/txt_ExpMonth' is present

2020-12-24 00:26:17 - [MESSAGE][PASSED] - Text '12' is set on object 'Object Repository/VLink/Page_CCSale/txt_ExpMonth'

2020-12-24 00:26:17 - [MESSAGE][PASSED] - Object 'Object Repository/VLink/Page_CCSale/txt_ExpYear' is present

2020-12-24 00:26:17 - [MESSAGE][PASSED] - Text '2025' is set on object 'Object Repository/VLink/Page_CCSale/txt_ExpYear'

2020-12-24 00:26:18 - [MESSAGE][PASSED] - Object 'Object Repository/VLink/Page_CCSale/txt_CVV' is present

2020-12-24 00:26:18 - [MESSAGE][PASSED] - Text '' is set on object 'Object Repository/VLink/Page_CCSale/txt_CVV'

2020-12-24 00:26:19 - [MESSAGE][PASSED] - Object 'Object Repository/VLink/Page_CCSale/txt_CVVstate' is present

2020-12-24 00:26:19 - [MESSAGE][PASSED] - Text '' is set on object 'Object Repository/VLink/Page_CCSale/txt_CVVstate'

2020-12-24 00:26:19 - [MESSAGE][PASSED] - Object 'Object Repository/VLink/Page_CCSale/txt_TrackData' is present

2020-12-24 00:26:20 - [MESSAGE][PASSED] - Text '' is set on object 'Object Repository/VLink/Page_CCSale/txt_TrackData'

2020-12-24 00:26:20 - [MESSAGE][PASSED] - Object 'Object Repository/VLink/Page_CCSale/txt_Track1Data' is present

2020-12-24 00:26:21 - [MESSAGE][PASSED] - Text '' is set on object 'Object Repository/VLink/Page_CCSale/txt_Track1Data'

2020-12-24 00:26:21 - [MESSAGE][PASSED] - Object 'Object Repository/VLink/Page_CCSale/txt_Track2Data' is present

2020-12-24 00:26:22 - [MESSAGE][PASSED] - Text '' is set on object 'Object Repository/VLink/Page_CCSale/txt_Track2Data'

2020-12-24 00:26:22 - [MESSAGE][PASSED] - Object 'Object Repository/VLink/Page_CCSale/txt_POSEntryMode' is present

2020-12-24 00:26:23 - [MESSAGE][PASSED] - Text 'manual' is set on object 'Object Repository/VLink/Page_CCSale/txt_POSEntryMode'

2020-12-24 00:26:23 - [MESSAGE][PASSED] - Object 'Object Repository/VLink/Page_CCSale/txt_Email' is present

2020-12-24 00:26:23 - [MESSAGE][PASSED] - Text 'iahmed@govolution.com' is set on object 'Object Repository/VLink/Page_CCSale/txt_Email'

2020-12-24 00:26:24 - [MESSAGE][PASSED] - Object 'Object Repository/VLink/Page_CCSale/txt_OrderNumber' is present

2020-12-24 00:26:24 - [MESSAGE][PASSED] - Text '2569362' is set on object 'Object Repository/VLink/Page_CCSale/txt_OrderNumber'

2020-12-24 00:26:25 - [MESSAGE][PASSED] - Object 'Object Repository/VLink/Page_CCSale/txt_TaxAmount' is present

2020-12-24 00:26:25 - [MESSAGE][PASSED] - Text '1.15' is set on object 'Object Repository/VLink/Page_CCSale/txt_TaxAmount'

2020-12-24 00:26:26 - [MESSAGE][PASSED] - Object 'Object Repository/VLink/Page_CCSale/txt_ChargeDescription' is present

2020-12-24 00:26:26 - [MESSAGE][PASSED] - Text 'Charge Description' is set on object 'Object Repository/VLink/Page_CCSale/txt_ChargeDescription'

2020-12-24 00:26:27 - [MESSAGE][PASSED] - Object 'Object Repository/VLink/Page_CCSale/txt_CAN' is present

2020-12-24 00:26:27 - [MESSAGE][PASSED] - Text '147357' is set on object 'Object Repository/VLink/Page_CCSale/txt_CAN'

2020-12-24 00:26:28 - [MESSAGE][PASSED] - Object 'Object Repository/VLink/Page_CCSale/txt_BillPaymentIndicator' is present

2020-12-24 00:26:28 - [MESSAGE][PASSED] - Text '1' is set on object 'Object Repository/VLink/Page_CCSale/txt_BillPaymentIndicator'

2020-12-24 00:26:29 - [MESSAGE][PASSED] - Object 'Object Repository/VLink/Page_CCSale/txt_UDF1' is present

2020-12-24 00:26:29 - [MESSAGE][PASSED] - Text 'UDF Data 1' is set on object 'Object Repository/VLink/Page_CCSale/txt_UDF1'

2020-12-24 00:26:30 - [MESSAGE][PASSED] - Object 'Object Repository/VLink/Page_CCSale/txt_UDF2' is present

2020-12-24 00:26:30 - [MESSAGE][PASSED] - Text 'UDF Data 2' is set on object 'Object Repository/VLink/Page_CCSale/txt_UDF2'

2020-12-24 00:26:31 - [MESSAGE][PASSED] - Object 'Object Repository/VLink/Page_CCSale/txt_UDF3' is present

2020-12-24 00:26:31 - [MESSAGE][PASSED] - Text 'UDF Data 3' is set on object 'Object Repository/VLink/Page_CCSale/txt_UDF3'

2020-12-24 00:26:32 - [MESSAGE][PASSED] - Object 'Object Repository/VLink/Page_CCSale/txt_UDF4' is present

2020-12-24 00:26:32 - [MESSAGE][PASSED] - Text 'UDF Data 4' is set on object 'Object Repository/VLink/Page_CCSale/txt_UDF4'

2020-12-24 00:26:33 - [MESSAGE][PASSED] - Object 'Object Repository/VLink/Page_CCSale/txt_UDF5' is present

2020-12-24 00:26:33 - [MESSAGE][PASSED] - Text 'UDF Data 5' is set on object 'Object Repository/VLink/Page_CCSale/txt_UDF5'

2020-12-24 00:26:34 - [MESSAGE][PASSED] - Object 'Object Repository/VLink/Page_CCSale/txt_UDF6' is present

2020-12-24 00:26:34 - [MESSAGE][PASSED] - Text 'UDF Data 6' is set on object 'Object Repository/VLink/Page_CCSale/txt_UDF6'

2020-12-24 00:26:35 - [MESSAGE][PASSED] - Object 'Object Repository/VLink/Page_CCSale/txt_UDF7' is present

2020-12-24 00:26:35 - [MESSAGE][PASSED] - Text 'UDF Data 7' is set on object 'Object Repository/VLink/Page_CCSale/txt_UDF7'

2020-12-24 00:26:36 - [MESSAGE][PASSED] - Object 'Object Repository/VLink/Page_CCSale/txt_UDF8' is present

2020-12-24 00:26:36 - [MESSAGE][PASSED] - Text 'UDF Data 8' is set on object 'Object Repository/VLink/Page_CCSale/txt_UDF8'

2020-12-24 00:26:37 - [MESSAGE][PASSED] - Object 'Object Repository/VLink/Page_CCSale/txt_UDF9' is present

2020-12-24 00:26:37 - [MESSAGE][PASSED] - Text 'UDF Data 9' is set on object 'Object Repository/VLink/Page_CCSale/txt_UDF9'

2020-12-24 00:26:38 - [MESSAGE][PASSED] - Object 'Object Repository/VLink/Page_CCSale/txt_UDF10' is present

2020-12-24 00:26:38 - [MESSAGE][PASSED] - Text 'UDF Data 10' is set on object 'Object Repository/VLink/Page_CCSale/txt_UDF10'

2020-12-24 00:26:39 - [MESSAGE][PASSED] - Object 'Object Repository/VLink/Page_CCSale/txt_CardOnFileIndicator' is present

2020-12-24 00:26:39 - [MESSAGE][PASSED] - Text '0' is set on object 'Object Repository/VLink/Page_CCSale/txt_CardOnFileIndicator'

2020-12-24 00:26:39 - [MESSAGE][PASSED] - Object 'Object Repository/VLink/Page_CCSale/txt_StoredCredentialIndicator' is present

2020-12-24 00:26:40 - [MESSAGE][PASSED] - Text 'Initial' is set on object 'Object Repository/VLink/Page_CCSale/txt_StoredCredentialIndicator'

2020-12-24 00:26:40 - [MESSAGE][PASSED] - Object 'Object Repository/VLink/Page_CCSale/txt_COFScheduledIndicator' is present

2020-12-24 00:26:41 - [MESSAGE][PASSED] - Text 'Unscheduled' is set on object 'Object Repository/VLink/Page_CCSale/txt_COFScheduledIndicator'

2020-12-24 00:26:41 - [MESSAGE][PASSED] - Object 'Object Repository/VLink/Page_CCSale/txt_COFTransactionInitiatedBy' is present

2020-12-24 00:26:42 - [MESSAGE][PASSED] - Text 'Customer' is set on object 'Object Repository/VLink/Page_CCSale/txt_COFTransactionInitiatedBy'

2020-12-24 00:26:45 - [MESSAGE][PASSED] - Object: 'Object Repository/VLink/Page_CCSale/btn_ProcessVLinkTransaction' is clicked on

2020-12-24 00:26:50 - [MESSAGE][PASSED] - vlinkPages.saleCCPage.setDataSCC is PASSED

2020-12-24 00:26:50 - [TEST_STEP][PASSED] - if (verifyTextPresent("Transaction approved, no errors", true)): null

2020-12-24 00:26:50 - [MESSAGE][PASSED] - Text 'Transaction approved, no errors' is present on page  using regular expression

2020-12-24 00:26:50 - [TEST_STEP][PASSED] - println("Transaction Approved, no errors text is present on the Confirmation page"): null

2020-12-24 00:26:50 - [TEST_STEP][PASSED] - out.println("Pass Record Number: " + row): null

2020-12-24 00:26:50 - [TEST_STEP][PASSED] - resText = "Pass": null

2020-12-24 00:26:50 - [TEST_STEP][PASSED] - pages.WriteExcel.demoKey(resText, datText, resColumn, datCloumn, fileLoc, nameSheet, row): pages.WriteExcel.demoKey is PASSED

2020-12-24 00:26:50 - [MESSAGE][PASSED] - pages.WriteExcel.demoKey is PASSED

2020-12-24 00:26:50 - [TEST_STEP][PASSED] - sdfo = getText(findTestObject("Object Repository/Page_VLinkReceipt/pre_STX")): Text of object 'Object Repository/Page_VLinkReceipt/pre_STX' is: '<STX>BlhLBNz2diVS                  12088110            0  Transaction approved, no errors                   0                                                                                  X OK5970   <ETX>'

2020-12-24 00:26:51 - [MESSAGE][PASSED] - Text of object 'Object Repository/Page_VLinkReceipt/pre_STX' is: '<STX>BlhLBNz2diVS                  12088110            0  Transaction approved, no errors                   0                                                                                  X OK5970   <ETX>'

2020-12-24 00:26:51 - [TEST_STEP][PASSED] - out.println("sdfo: " + sdfo): null

2020-12-24 00:26:51 - [TEST_STEP][PASSED] - remID = substring(5, 35).trim(): null

2020-12-24 00:26:51 - [TEST_STEP][PASSED] - out.println("Remittance ID: " + remID): null

2020-12-24 00:26:51 - [TEST_STEP][PASSED] - traxID = substring(35, 55).trim(): null

2020-12-24 00:26:51 - [TEST_STEP][PASSED] - out.println("Transaction ID: " + traxID): null

2020-12-24 00:26:51 - [TEST_STEP][PASSED] - out.println("End Record Number: " + row): null

2020-12-24 00:26:51 - [TEST_STEP][PASSED] - closeBrowser(): Browser is closed

2020-12-24 00:26:51 - [MESSAGE][PASSED] - Browser is closed

2020-12-24 00:26:51 - [TEST_STEP][PASSED] - out.println("Begin Record Number: " + row): null

2020-12-24 00:26:51 - [TEST_STEP][PASSED] - today = new java.util.Date(): null

2020-12-24 00:26:51 - [TEST_STEP][PASSED] - println(today): null

2020-12-24 00:26:51 - [TEST_STEP][PASSED] - datText = today: null

2020-12-24 00:26:51 - [TEST_STEP][PASSED] - openBrowser(VLinkURL + "authcap.html"): Browser is opened with url: 'https://dev-algorithm.govolution.com/vlinktest/QA/version_2_0/authcap.html'

2020-12-24 00:26:51 - [MESSAGE][INFO] - Starting 'Chrome' driver

2020-12-24 00:26:51 - [MESSAGE][INFO] - User set preference: ['acceptInsecureCerts', 'true']

2020-12-24 00:26:51 - [MESSAGE][INFO] - Action delay is set to 0 milliseconds

2020-12-24 00:26:56 - [MESSAGE][PASSED] - Browser is opened with url: 'https://dev-algorithm.govolution.com/vlinktest/QA/version_2_0/authcap.html'

2020-12-24 00:26:56 - [TEST_STEP][PASSED] - maximizeWindow(): Current window maximized

2020-12-24 00:26:56 - [MESSAGE][PASSED] - Current window maximized

2020-12-24 00:26:56 - [TEST_STEP][PASSED] - vlinkPages.saleCCPage.setDataSCC(row, dataFile): vlinkPages.saleCCPage.setDataSCC is PASSED

2020-12-24 00:26:58 - [MESSAGE][PASSED] - Object 'Object Repository/VLink/Page_CCSale/txt_CardNumber' is present

2020-12-24 00:26:58 - [MESSAGE][PASSED] - Object 'Object Repository/VLink/Page_CCSale/txt_TransactionType' is present

2020-12-24 00:26:59 - [MESSAGE][PASSED] - Text '104' is set on object 'Object Repository/VLink/Page_CCSale/txt_TransactionType'

2020-12-24 00:26:59 - [MESSAGE][PASSED] - Object 'Object Repository/VLink/Page_CCSale/txt_MessageVersion' is present

2020-12-24 00:26:59 - [MESSAGE][PASSED] - Text '2.0C' is set on object 'Object Repository/VLink/Page_CCSale/txt_MessageVersion'

2020-12-24 00:27:00 - [MESSAGE][PASSED] - Object 'Object Repository/VLink/Page_CCSale/txt_RemID' is present

2020-12-24 00:27:00 - [MESSAGE][PASSED] - Text 'qQAvERBZhWT5' is set on object 'Object Repository/VLink/Page_CCSale/txt_RemID'

2020-12-24 00:27:01 - [MESSAGE][PASSED] - Object 'Object Repository/VLink/Page_CCSale/txt_ApplicationId' is present

2020-12-24 00:27:01 - [MESSAGE][PASSED] - Text '665' is set on object 'Object Repository/VLink/Page_CCSale/txt_ApplicationId'

2020-12-24 00:27:01 - [MESSAGE][PASSED] - Object 'Object Repository/VLink/Page_CCSale/txt_Username' is present

2020-12-24 00:27:02 - [MESSAGE][PASSED] - Text 'username' is set on object 'Object Repository/VLink/Page_CCSale/txt_Username'

2020-12-24 00:27:02 - [MESSAGE][PASSED] - Object 'Object Repository/VLink/Page_CCSale/txt_Password' is present

2020-12-24 00:27:03 - [MESSAGE][PASSED] - Text 'password' is set on object 'Object Repository/VLink/Page_CCSale/txt_Password'

2020-12-24 00:27:03 - [MESSAGE][PASSED] - Object 'Object Repository/VLink/Page_CCSale/txt_ResponseFormat' is present

2020-12-24 00:27:04 - [MESSAGE][PASSED] - Text 'fixed_width' is set on object 'Object Repository/VLink/Page_CCSale/txt_ResponseFormat'

2020-12-24 00:27:04 - [MESSAGE][PASSED] - Object 'Object Repository/VLink/Page_CCSale/txt_Category' is present

2020-12-24 00:27:05 - [MESSAGE][PASSED] - Text 'RETL' is set on object 'Object Repository/VLink/Page_CCSale/txt_Category'

2020-12-24 00:27:05 - [MESSAGE][PASSED] - Object 'Object Repository/VLink/Page_CCSale/txt_TransactionID' is present

2020-12-24 00:27:06 - [MESSAGE][PASSED] - Text '' is set on object 'Object Repository/VLink/Page_CCSale/txt_TransactionID'

2020-12-24 00:27:06 - [MESSAGE][PASSED] - Object 'Object Repository/VLink/Page_CCSale/txt_ApprovalCode' is present

2020-12-24 00:27:06 - [MESSAGE][PASSED] - Text '' is set on object 'Object Repository/VLink/Page_CCSale/txt_ApprovalCode'

2020-12-24 00:27:07 - [MESSAGE][PASSED] - Object 'Object Repository/VLink/Page_CCSale/txt_CardName' is present

2020-12-24 00:27:07 - [MESSAGE][PASSED] - Text 'Roshan Maha' is set on object 'Object Repository/VLink/Page_CCSale/txt_CardName'

2020-12-24 00:27:08 - [MESSAGE][PASSED] - Object 'Object Repository/VLink/Page_CCSale/txt_AL1' is present

2020-12-24 00:27:08 - [MESSAGE][PASSED] - Text '12563 Bazaar road' is set on object 'Object Repository/VLink/Page_CCSale/txt_AL1'

2020-12-24 00:27:09 - [MESSAGE][PASSED] - Object 'Object Repository/VLink/Page_CCSale/txt_AL2' is present

2020-12-24 00:27:09 - [MESSAGE][PASSED] - Text '' is set on object 'Object Repository/VLink/Page_CCSale/txt_AL2'

2020-12-24 00:27:10 - [MESSAGE][PASSED] - Object 'Object Repository/VLink/Page_CCSale/txt_CardCity' is present

2020-12-24 00:27:10 - [MESSAGE][PASSED] - Text 'Crofton' is set on object 'Object Repository/VLink/Page_CCSale/txt_CardCity'

2020-12-24 00:27:11 - [MESSAGE][PASSED] - Object 'Object Repository/VLink/Page_CCSale/txt_CardState' is present

2020-12-24 00:27:11 - [MESSAGE][PASSED] - Text 'MD' is set on object 'Object Repository/VLink/Page_CCSale/txt_CardState'

2020-12-24 00:27:12 - [MESSAGE][PASSED] - Object 'Object Repository/VLink/Page_CCSale/txt_CardZIP' is present

2020-12-24 00:27:12 - [MESSAGE][PASSED] - Text '21114' is set on object 'Object Repository/VLink/Page_CCSale/txt_CardZIP'

2020-12-24 00:27:13 - [MESSAGE][PASSED] - Object 'Object Repository/VLink/Page_CCSale/txt_CountryID' is present

2020-12-24 00:27:13 - [MESSAGE][PASSED] - Text '' is set on object 'Object Repository/VLink/Page_CCSale/txt_CountryID'

2020-12-24 00:27:14 - [MESSAGE][PASSED] - Object 'Object Repository/VLink/Page_CCSale/txt_Amount' is present

2020-12-24 00:27:14 - [MESSAGE][PASSED] - Text '3.50' is set on object 'Object Repository/VLink/Page_CCSale/txt_Amount'

2020-12-24 00:27:15 - [MESSAGE][PASSED] - Object 'Object Repository/VLink/Page_CCSale/txt_CardNumber' is present

2020-12-24 00:27:15 - [MESSAGE][PASSED] - Text '370000000000002' is set on object 'Object Repository/VLink/Page_CCSale/txt_CardNumber'

2020-12-24 00:27:16 - [MESSAGE][PASSED] - Object 'Object Repository/VLink/Page_CCSale/txt_ExpMonth' is present

2020-12-24 00:27:16 - [MESSAGE][PASSED] - Text '01' is set on object 'Object Repository/VLink/Page_CCSale/txt_ExpMonth'

2020-12-24 00:27:17 - [MESSAGE][PASSED] - Object 'Object Repository/VLink/Page_CCSale/txt_ExpYear' is present

2020-12-24 00:27:17 - [MESSAGE][PASSED] - Text '2026' is set on object 'Object Repository/VLink/Page_CCSale/txt_ExpYear'

2020-12-24 00:27:18 - [MESSAGE][PASSED] - Object 'Object Repository/VLink/Page_CCSale/txt_CVV' is present

2020-12-24 00:27:18 - [MESSAGE][PASSED] - Text '' is set on object 'Object Repository/VLink/Page_CCSale/txt_CVV'

2020-12-24 00:27:19 - [MESSAGE][PASSED] - Object 'Object Repository/VLink/Page_CCSale/txt_CVVstate' is present

2020-12-24 00:27:19 - [MESSAGE][PASSED] - Text '' is set on object 'Object Repository/VLink/Page_CCSale/txt_CVVstate'

2020-12-24 00:27:20 - [MESSAGE][PASSED] - Object 'Object Repository/VLink/Page_CCSale/txt_TrackData' is present

2020-12-24 00:27:20 - [MESSAGE][PASSED] - Text '' is set on object 'Object Repository/VLink/Page_CCSale/txt_TrackData'

2020-12-24 00:27:20 - [MESSAGE][PASSED] - Object 'Object Repository/VLink/Page_CCSale/txt_Track1Data' is present

2020-12-24 00:27:21 - [MESSAGE][PASSED] - Text '' is set on object 'Object Repository/VLink/Page_CCSale/txt_Track1Data'

2020-12-24 00:27:21 - [MESSAGE][PASSED] - Object 'Object Repository/VLink/Page_CCSale/txt_Track2Data' is present

2020-12-24 00:27:22 - [MESSAGE][PASSED] - Text '' is set on object 'Object Repository/VLink/Page_CCSale/txt_Track2Data'

2020-12-24 00:27:22 - [MESSAGE][PASSED] - Object 'Object Repository/VLink/Page_CCSale/txt_POSEntryMode' is present

2020-12-24 00:27:23 - [MESSAGE][PASSED] - Text 'manual' is set on object 'Object Repository/VLink/Page_CCSale/txt_POSEntryMode'

2020-12-24 00:27:23 - [MESSAGE][PASSED] - Object 'Object Repository/VLink/Page_CCSale/txt_Email' is present

2020-12-24 00:27:24 - [MESSAGE][PASSED] - Text '' is set on object 'Object Repository/VLink/Page_CCSale/txt_Email'

2020-12-24 00:27:24 - [MESSAGE][PASSED] - Object 'Object Repository/VLink/Page_CCSale/txt_OrderNumber' is present

2020-12-24 00:27:25 - [MESSAGE][PASSED] - Text '' is set on object 'Object Repository/VLink/Page_CCSale/txt_OrderNumber'

2020-12-24 00:27:25 - [MESSAGE][PASSED] - Object 'Object Repository/VLink/Page_CCSale/txt_TaxAmount' is present

2020-12-24 00:27:26 - [MESSAGE][PASSED] - Text '' is set on object 'Object Repository/VLink/Page_CCSale/txt_TaxAmount'

2020-12-24 00:27:26 - [MESSAGE][PASSED] - Object 'Object Repository/VLink/Page_CCSale/txt_ChargeDescription' is present

2020-12-24 00:27:27 - [MESSAGE][PASSED] - Text '' is set on object 'Object Repository/VLink/Page_CCSale/txt_ChargeDescription'

2020-12-24 00:27:27 - [MESSAGE][PASSED] - Object 'Object Repository/VLink/Page_CCSale/txt_CAN' is present

2020-12-24 00:27:28 - [MESSAGE][PASSED] - Text '' is set on object 'Object Repository/VLink/Page_CCSale/txt_CAN'

2020-12-24 00:27:28 - [MESSAGE][PASSED] - Object 'Object Repository/VLink/Page_CCSale/txt_BillPaymentIndicator' is present

2020-12-24 00:27:29 - [MESSAGE][PASSED] - Text '' is set on object 'Object Repository/VLink/Page_CCSale/txt_BillPaymentIndicator'

2020-12-24 00:27:29 - [MESSAGE][PASSED] - Object 'Object Repository/VLink/Page_CCSale/txt_UDF1' is present

2020-12-24 00:27:30 - [MESSAGE][PASSED] - Text '' is set on object 'Object Repository/VLink/Page_CCSale/txt_UDF1'

2020-12-24 00:27:30 - [MESSAGE][PASSED] - Object 'Object Repository/VLink/Page_CCSale/txt_UDF2' is present

2020-12-24 00:27:31 - [MESSAGE][PASSED] - Text '' is set on object 'Object Repository/VLink/Page_CCSale/txt_UDF2'

2020-12-24 00:27:31 - [MESSAGE][PASSED] - Object 'Object Repository/VLink/Page_CCSale/txt_UDF3' is present

2020-12-24 00:27:32 - [MESSAGE][PASSED] - Text '' is set on object 'Object Repository/VLink/Page_CCSale/txt_UDF3'

2020-12-24 00:27:32 - [MESSAGE][PASSED] - Object 'Object Repository/VLink/Page_CCSale/txt_UDF4' is present

2020-12-24 00:27:33 - [MESSAGE][PASSED] - Text '' is set on object 'Object Repository/VLink/Page_CCSale/txt_UDF4'

2020-12-24 00:27:33 - [MESSAGE][PASSED] - Object 'Object Repository/VLink/Page_CCSale/txt_UDF5' is present

2020-12-24 00:27:34 - [MESSAGE][PASSED] - Text '' is set on object 'Object Repository/VLink/Page_CCSale/txt_UDF5'

2020-12-24 00:27:34 - [MESSAGE][PASSED] - Object 'Object Repository/VLink/Page_CCSale/txt_UDF6' is present

2020-12-24 00:27:35 - [MESSAGE][PASSED] - Text '' is set on object 'Object Repository/VLink/Page_CCSale/txt_UDF6'

2020-12-24 00:27:35 - [MESSAGE][PASSED] - Object 'Object Repository/VLink/Page_CCSale/txt_UDF7' is present

2020-12-24 00:27:36 - [MESSAGE][PASSED] - Text '' is set on object 'Object Repository/VLink/Page_CCSale/txt_UDF7'

2020-12-24 00:27:36 - [MESSAGE][PASSED] - Object 'Object Repository/VLink/Page_CCSale/txt_UDF8' is present

2020-12-24 00:27:37 - [MESSAGE][PASSED] - Text '' is set on object 'Object Repository/VLink/Page_CCSale/txt_UDF8'

2020-12-24 00:27:37 - [MESSAGE][PASSED] - Object 'Object Repository/VLink/Page_CCSale/txt_UDF9' is present

2020-12-24 00:27:38 - [MESSAGE][PASSED] - Text '' is set on object 'Object Repository/VLink/Page_CCSale/txt_UDF9'

2020-12-24 00:27:38 - [MESSAGE][PASSED] - Object 'Object Repository/VLink/Page_CCSale/txt_UDF10' is present

2020-12-24 00:27:39 - [MESSAGE][PASSED] - Text '' is set on object 'Object Repository/VLink/Page_CCSale/txt_UDF10'

2020-12-24 00:27:39 - [MESSAGE][PASSED] - Object 'Object Repository/VLink/Page_CCSale/txt_CardOnFileIndicator' is present

2020-12-24 00:27:40 - [MESSAGE][PASSED] - Text '0' is set on object 'Object Repository/VLink/Page_CCSale/txt_CardOnFileIndicator'

2020-12-24 00:27:40 - [MESSAGE][PASSED] - Object 'Object Repository/VLink/Page_CCSale/txt_StoredCredentialIndicator' is present

2020-12-24 00:27:40 - [MESSAGE][PASSED] - Text 'Initial' is set on object 'Object Repository/VLink/Page_CCSale/txt_StoredCredentialIndicator'

2020-12-24 00:27:41 - [MESSAGE][PASSED] - Object 'Object Repository/VLink/Page_CCSale/txt_COFScheduledIndicator' is present

2020-12-24 00:27:41 - [MESSAGE][PASSED] - Text 'Unscheduled' is set on object 'Object Repository/VLink/Page_CCSale/txt_COFScheduledIndicator'

2020-12-24 00:27:42 - [MESSAGE][PASSED] - Object 'Object Repository/VLink/Page_CCSale/txt_COFTransactionInitiatedBy' is present

2020-12-24 00:27:42 - [MESSAGE][PASSED] - Text 'Customer' is set on object 'Object Repository/VLink/Page_CCSale/txt_COFTransactionInitiatedBy'

2020-12-24 00:27:45 - [MESSAGE][PASSED] - Object: 'Object Repository/VLink/Page_CCSale/btn_ProcessVLinkTransaction' is clicked on

2020-12-24 00:27:50 - [MESSAGE][PASSED] - vlinkPages.saleCCPage.setDataSCC is PASSED

2020-12-24 00:27:50 - [TEST_STEP][PASSED] - if (verifyTextPresent("Transaction approved, no errors", true)): null

2020-12-24 00:27:50 - [MESSAGE][PASSED] - Text 'Transaction approved, no errors' is present on page  using regular expression

2020-12-24 00:27:50 - [TEST_STEP][PASSED] - println("Transaction Approved, no errors text is present on the Confirmation page"): null

2020-12-24 00:27:50 - [TEST_STEP][PASSED] - out.println("Pass Record Number: " + row): null

2020-12-24 00:27:50 - [TEST_STEP][PASSED] - resText = "Pass": null

2020-12-24 00:27:50 - [TEST_STEP][PASSED] - pages.WriteExcel.demoKey(resText, datText, resColumn, datCloumn, fileLoc, nameSheet, row): pages.WriteExcel.demoKey is PASSED

2020-12-24 00:27:50 - [MESSAGE][PASSED] - pages.WriteExcel.demoKey is PASSED

2020-12-24 00:27:50 - [TEST_STEP][PASSED] - sdfo = getText(findTestObject("Object Repository/Page_VLinkReceipt/pre_STX")): Text of object 'Object Repository/Page_VLinkReceipt/pre_STX' is: '<STX>qQAvERBZhWT5                  12088111            0  Transaction approved, no errors                   0                                                                                  X OK6010   <ETX>'

2020-12-24 00:27:51 - [MESSAGE][PASSED] - Text of object 'Object Repository/Page_VLinkReceipt/pre_STX' is: '<STX>qQAvERBZhWT5                  12088111            0  Transaction approved, no errors                   0                                                                                  X OK6010   <ETX>'

2020-12-24 00:27:51 - [TEST_STEP][PASSED] - out.println("sdfo: " + sdfo): null

2020-12-24 00:27:51 - [TEST_STEP][PASSED] - remID = substring(5, 35).trim(): null

2020-12-24 00:27:51 - [TEST_STEP][PASSED] - out.println("Remittance ID: " + remID): null

2020-12-24 00:27:51 - [TEST_STEP][PASSED] - traxID = substring(35, 55).trim(): null

2020-12-24 00:27:51 - [TEST_STEP][PASSED] - out.println("Transaction ID: " + traxID): null

2020-12-24 00:27:51 - [TEST_STEP][PASSED] - out.println("End Record Number: " + row): null

2020-12-24 00:27:51 - [TEST_STEP][PASSED] - closeBrowser(): Browser is closed

2020-12-24 00:27:52 - [MESSAGE][PASSED] - Browser is closed

2020-12-24 00:27:52 - [TEST_STEP][PASSED] - out.println("Begin Record Number: " + row): null

2020-12-24 00:27:52 - [TEST_STEP][PASSED] - today = new java.util.Date(): null

2020-12-24 00:27:52 - [TEST_STEP][PASSED] - println(today): null

2020-12-24 00:27:52 - [TEST_STEP][PASSED] - datText = today: null

2020-12-24 00:27:52 - [TEST_STEP][PASSED] - openBrowser(VLinkURL + "authcap.html"): Browser is opened with url: 'https://dev-algorithm.govolution.com/vlinktest/QA/version_2_0/authcap.html'

2020-12-24 00:27:52 - [MESSAGE][INFO] - Starting 'Chrome' driver

2020-12-24 00:27:52 - [MESSAGE][INFO] - User set preference: ['acceptInsecureCerts', 'true']

2020-12-24 00:27:52 - [MESSAGE][INFO] - Action delay is set to 0 milliseconds

2020-12-24 00:27:55 - [MESSAGE][PASSED] - Browser is opened with url: 'https://dev-algorithm.govolution.com/vlinktest/QA/version_2_0/authcap.html'

2020-12-24 00:27:55 - [TEST_STEP][PASSED] - maximizeWindow(): Current window maximized

2020-12-24 00:27:55 - [MESSAGE][PASSED] - Current window maximized

2020-12-24 00:27:55 - [TEST_STEP][PASSED] - vlinkPages.saleCCPage.setDataSCC(row, dataFile): vlinkPages.saleCCPage.setDataSCC is PASSED

2020-12-24 00:27:57 - [MESSAGE][PASSED] - Object 'Object Repository/VLink/Page_CCSale/txt_CardNumber' is present

2020-12-24 00:27:57 - [MESSAGE][PASSED] - Object 'Object Repository/VLink/Page_CCSale/txt_TransactionType' is present

2020-12-24 00:27:58 - [MESSAGE][PASSED] - Text '104' is set on object 'Object Repository/VLink/Page_CCSale/txt_TransactionType'

2020-12-24 00:27:58 - [MESSAGE][PASSED] - Object 'Object Repository/VLink/Page_CCSale/txt_MessageVersion' is present

2020-12-24 00:27:59 - [MESSAGE][PASSED] - Text '2.0C' is set on object 'Object Repository/VLink/Page_CCSale/txt_MessageVersion'

2020-12-24 00:27:59 - [MESSAGE][PASSED] - Object 'Object Repository/VLink/Page_CCSale/txt_RemID' is present

2020-12-24 00:28:00 - [MESSAGE][PASSED] - Text 'ZNFDCeZljz8m' is set on object 'Object Repository/VLink/Page_CCSale/txt_RemID'

2020-12-24 00:28:00 - [MESSAGE][PASSED] - Object 'Object Repository/VLink/Page_CCSale/txt_ApplicationId' is present

2020-12-24 00:28:01 - [MESSAGE][PASSED] - Text '665' is set on object 'Object Repository/VLink/Page_CCSale/txt_ApplicationId'

2020-12-24 00:28:01 - [MESSAGE][PASSED] - Object 'Object Repository/VLink/Page_CCSale/txt_Username' is present

2020-12-24 00:28:02 - [MESSAGE][PASSED] - Text 'username' is set on object 'Object Repository/VLink/Page_CCSale/txt_Username'

2020-12-24 00:28:02 - [MESSAGE][PASSED] - Object 'Object Repository/VLink/Page_CCSale/txt_Password' is present

2020-12-24 00:28:03 - [MESSAGE][PASSED] - Text 'password' is set on object 'Object Repository/VLink/Page_CCSale/txt_Password'

2020-12-24 00:28:03 - [MESSAGE][PASSED] - Object 'Object Repository/VLink/Page_CCSale/txt_ResponseFormat' is present

2020-12-24 00:28:03 - [MESSAGE][PASSED] - Text 'fixed_width' is set on object 'Object Repository/VLink/Page_CCSale/txt_ResponseFormat'

2020-12-24 00:28:04 - [MESSAGE][PASSED] - Object 'Object Repository/VLink/Page_CCSale/txt_Category' is present

2020-12-24 00:28:04 - [MESSAGE][PASSED] - Text 'RETL' is set on object 'Object Repository/VLink/Page_CCSale/txt_Category'

2020-12-24 00:28:05 - [MESSAGE][PASSED] - Object 'Object Repository/VLink/Page_CCSale/txt_TransactionID' is present

2020-12-24 00:28:05 - [MESSAGE][PASSED] - Text '' is set on object 'Object Repository/VLink/Page_CCSale/txt_TransactionID'

2020-12-24 00:28:05 - [MESSAGE][PASSED] - Object 'Object Repository/VLink/Page_CCSale/txt_ApprovalCode' is present

2020-12-24 00:28:06 - [MESSAGE][PASSED] - Text '' is set on object 'Object Repository/VLink/Page_CCSale/txt_ApprovalCode'

2020-12-24 00:28:06 - [MESSAGE][PASSED] - Object 'Object Repository/VLink/Page_CCSale/txt_CardName' is present

2020-12-24 00:28:07 - [MESSAGE][PASSED] - Text 'Kris Roshan' is set on object 'Object Repository/VLink/Page_CCSale/txt_CardName'

2020-12-24 00:28:07 - [MESSAGE][PASSED] - Object 'Object Repository/VLink/Page_CCSale/txt_AL1' is present

2020-12-24 00:28:08 - [MESSAGE][PASSED] - Text '258 Elm Road' is set on object 'Object Repository/VLink/Page_CCSale/txt_AL1'

2020-12-24 00:28:08 - [MESSAGE][PASSED] - Object 'Object Repository/VLink/Page_CCSale/txt_AL2' is present

2020-12-24 00:28:09 - [MESSAGE][PASSED] - Text 'Suite 56' is set on object 'Object Repository/VLink/Page_CCSale/txt_AL2'

2020-12-24 00:28:09 - [MESSAGE][PASSED] - Object 'Object Repository/VLink/Page_CCSale/txt_CardCity' is present

2020-12-24 00:28:10 - [MESSAGE][PASSED] - Text 'Arlington' is set on object 'Object Repository/VLink/Page_CCSale/txt_CardCity'

2020-12-24 00:28:10 - [MESSAGE][PASSED] - Object 'Object Repository/VLink/Page_CCSale/txt_CardState' is present

2020-12-24 00:28:11 - [MESSAGE][PASSED] - Text 'VA' is set on object 'Object Repository/VLink/Page_CCSale/txt_CardState'

2020-12-24 00:28:11 - [MESSAGE][PASSED] - Object 'Object Repository/VLink/Page_CCSale/txt_CardZIP' is present

2020-12-24 00:28:12 - [MESSAGE][PASSED] - Text '22201' is set on object 'Object Repository/VLink/Page_CCSale/txt_CardZIP'

2020-12-24 00:28:12 - [MESSAGE][PASSED] - Object 'Object Repository/VLink/Page_CCSale/txt_CountryID' is present

2020-12-24 00:28:13 - [MESSAGE][PASSED] - Text '840' is set on object 'Object Repository/VLink/Page_CCSale/txt_CountryID'

2020-12-24 00:28:13 - [MESSAGE][PASSED] - Object 'Object Repository/VLink/Page_CCSale/txt_Amount' is present

2020-12-24 00:28:14 - [MESSAGE][PASSED] - Text '1.50' is set on object 'Object Repository/VLink/Page_CCSale/txt_Amount'

2020-12-24 00:28:14 - [MESSAGE][PASSED] - Object 'Object Repository/VLink/Page_CCSale/txt_CardNumber' is present

2020-12-24 00:28:15 - [MESSAGE][PASSED] - Text '6011000000000004' is set on object 'Object Repository/VLink/Page_CCSale/txt_CardNumber'

2020-12-24 00:28:15 - [MESSAGE][PASSED] - Object 'Object Repository/VLink/Page_CCSale/txt_ExpMonth' is present

2020-12-24 00:28:16 - [MESSAGE][PASSED] - Text '12' is set on object 'Object Repository/VLink/Page_CCSale/txt_ExpMonth'

2020-12-24 00:28:16 - [MESSAGE][PASSED] - Object 'Object Repository/VLink/Page_CCSale/txt_ExpYear' is present

2020-12-24 00:28:17 - [MESSAGE][PASSED] - Text '2025' is set on object 'Object Repository/VLink/Page_CCSale/txt_ExpYear'

2020-12-24 00:28:17 - [MESSAGE][PASSED] - Object 'Object Repository/VLink/Page_CCSale/txt_CVV' is present

2020-12-24 00:28:18 - [MESSAGE][PASSED] - Text '' is set on object 'Object Repository/VLink/Page_CCSale/txt_CVV'

2020-12-24 00:28:18 - [MESSAGE][PASSED] - Object 'Object Repository/VLink/Page_CCSale/txt_CVVstate' is present

2020-12-24 00:28:19 - [MESSAGE][PASSED] - Text '' is set on object 'Object Repository/VLink/Page_CCSale/txt_CVVstate'

2020-12-24 00:28:19 - [MESSAGE][PASSED] - Object 'Object Repository/VLink/Page_CCSale/txt_TrackData' is present

2020-12-24 00:28:20 - [MESSAGE][PASSED] - Text '' is set on object 'Object Repository/VLink/Page_CCSale/txt_TrackData'

2020-12-24 00:28:21 - [MESSAGE][PASSED] - Object 'Object Repository/VLink/Page_CCSale/txt_Track1Data' is present

2020-12-24 00:28:21 - [MESSAGE][PASSED] - Text '' is set on object 'Object Repository/VLink/Page_CCSale/txt_Track1Data'

2020-12-24 00:28:22 - [MESSAGE][PASSED] - Object 'Object Repository/VLink/Page_CCSale/txt_Track2Data' is present

2020-12-24 00:28:22 - [MESSAGE][PASSED] - Text '' is set on object 'Object Repository/VLink/Page_CCSale/txt_Track2Data'

2020-12-24 00:28:23 - [MESSAGE][PASSED] - Object 'Object Repository/VLink/Page_CCSale/txt_POSEntryMode' is present

2020-12-24 00:28:23 - [MESSAGE][PASSED] - Text 'manual' is set on object 'Object Repository/VLink/Page_CCSale/txt_POSEntryMode'

2020-12-24 00:28:24 - [MESSAGE][PASSED] - Object 'Object Repository/VLink/Page_CCSale/txt_Email' is present

2020-12-24 00:28:24 - [MESSAGE][PASSED] - Text 'iahmed@govolution.com' is set on object 'Object Repository/VLink/Page_CCSale/txt_Email'

2020-12-24 00:28:25 - [MESSAGE][PASSED] - Object 'Object Repository/VLink/Page_CCSale/txt_OrderNumber' is present

2020-12-24 00:28:25 - [MESSAGE][PASSED] - Text '2569362' is set on object 'Object Repository/VLink/Page_CCSale/txt_OrderNumber'

2020-12-24 00:28:26 - [MESSAGE][PASSED] - Object 'Object Repository/VLink/Page_CCSale/txt_TaxAmount' is present

2020-12-24 00:28:26 - [MESSAGE][PASSED] - Text '1.15' is set on object 'Object Repository/VLink/Page_CCSale/txt_TaxAmount'

2020-12-24 00:28:27 - [MESSAGE][PASSED] - Object 'Object Repository/VLink/Page_CCSale/txt_ChargeDescription' is present

2020-12-24 00:28:27 - [MESSAGE][PASSED] - Text 'Charge Description' is set on object 'Object Repository/VLink/Page_CCSale/txt_ChargeDescription'

2020-12-24 00:28:28 - [MESSAGE][PASSED] - Object 'Object Repository/VLink/Page_CCSale/txt_CAN' is present

2020-12-24 00:28:28 - [MESSAGE][PASSED] - Text '147357' is set on object 'Object Repository/VLink/Page_CCSale/txt_CAN'

2020-12-24 00:28:29 - [MESSAGE][PASSED] - Object 'Object Repository/VLink/Page_CCSale/txt_BillPaymentIndicator' is present

2020-12-24 00:28:29 - [MESSAGE][PASSED] - Text '1' is set on object 'Object Repository/VLink/Page_CCSale/txt_BillPaymentIndicator'

2020-12-24 00:28:30 - [MESSAGE][PASSED] - Object 'Object Repository/VLink/Page_CCSale/txt_UDF1' is present

2020-12-24 00:28:30 - [MESSAGE][PASSED] - Text 'UDF Data 1' is set on object 'Object Repository/VLink/Page_CCSale/txt_UDF1'

2020-12-24 00:28:30 - [MESSAGE][PASSED] - Object 'Object Repository/VLink/Page_CCSale/txt_UDF2' is present

2020-12-24 00:28:31 - [MESSAGE][PASSED] - Text 'UDF Data 2' is set on object 'Object Repository/VLink/Page_CCSale/txt_UDF2'

2020-12-24 00:28:31 - [MESSAGE][PASSED] - Object 'Object Repository/VLink/Page_CCSale/txt_UDF3' is present

2020-12-24 00:28:32 - [MESSAGE][PASSED] - Text 'UDF Data 3' is set on object 'Object Repository/VLink/Page_CCSale/txt_UDF3'

2020-12-24 00:28:32 - [MESSAGE][PASSED] - Object 'Object Repository/VLink/Page_CCSale/txt_UDF4' is present

2020-12-24 00:28:33 - [MESSAGE][PASSED] - Text 'UDF Data 4' is set on object 'Object Repository/VLink/Page_CCSale/txt_UDF4'

2020-12-24 00:28:33 - [MESSAGE][PASSED] - Object 'Object Repository/VLink/Page_CCSale/txt_UDF5' is present

2020-12-24 00:28:34 - [MESSAGE][PASSED] - Text 'UDF Data 5' is set on object 'Object Repository/VLink/Page_CCSale/txt_UDF5'

2020-12-24 00:28:34 - [MESSAGE][PASSED] - Object 'Object Repository/VLink/Page_CCSale/txt_UDF6' is present

2020-12-24 00:28:35 - [MESSAGE][PASSED] - Text 'UDF Data 6' is set on object 'Object Repository/VLink/Page_CCSale/txt_UDF6'

2020-12-24 00:28:35 - [MESSAGE][PASSED] - Object 'Object Repository/VLink/Page_CCSale/txt_UDF7' is present

2020-12-24 00:28:36 - [MESSAGE][PASSED] - Text 'UDF Data 7' is set on object 'Object Repository/VLink/Page_CCSale/txt_UDF7'

2020-12-24 00:28:36 - [MESSAGE][PASSED] - Object 'Object Repository/VLink/Page_CCSale/txt_UDF8' is present

2020-12-24 00:28:37 - [MESSAGE][PASSED] - Text 'UDF Data 8' is set on object 'Object Repository/VLink/Page_CCSale/txt_UDF8'

2020-12-24 00:28:37 - [MESSAGE][PASSED] - Object 'Object Repository/VLink/Page_CCSale/txt_UDF9' is present

2020-12-24 00:28:38 - [MESSAGE][PASSED] - Text 'UDF Data 9' is set on object 'Object Repository/VLink/Page_CCSale/txt_UDF9'

2020-12-24 00:28:38 - [MESSAGE][PASSED] - Object 'Object Repository/VLink/Page_CCSale/txt_UDF10' is present

2020-12-24 00:28:39 - [MESSAGE][PASSED] - Text 'UDF Data 10' is set on object 'Object Repository/VLink/Page_CCSale/txt_UDF10'

2020-12-24 00:28:39 - [MESSAGE][PASSED] - Object 'Object Repository/VLink/Page_CCSale/txt_CardOnFileIndicator' is present

2020-12-24 00:28:40 - [MESSAGE][PASSED] - Text '0' is set on object 'Object Repository/VLink/Page_CCSale/txt_CardOnFileIndicator'

2020-12-24 00:28:40 - [MESSAGE][PASSED] - Object 'Object Repository/VLink/Page_CCSale/txt_StoredCredentialIndicator' is present

2020-12-24 00:28:41 - [MESSAGE][PASSED] - Text 'Initial' is set on object 'Object Repository/VLink/Page_CCSale/txt_StoredCredentialIndicator'

2020-12-24 00:28:41 - [MESSAGE][PASSED] - Object 'Object Repository/VLink/Page_CCSale/txt_COFScheduledIndicator' is present

2020-12-24 00:28:42 - [MESSAGE][PASSED] - Text 'Unscheduled' is set on object 'Object Repository/VLink/Page_CCSale/txt_COFScheduledIndicator'

2020-12-24 00:28:42 - [MESSAGE][PASSED] - Object 'Object Repository/VLink/Page_CCSale/txt_COFTransactionInitiatedBy' is present

2020-12-24 00:28:43 - [MESSAGE][PASSED] - Text 'Customer' is set on object 'Object Repository/VLink/Page_CCSale/txt_COFTransactionInitiatedBy'

2020-12-24 00:28:45 - [MESSAGE][PASSED] - Object: 'Object Repository/VLink/Page_CCSale/btn_ProcessVLinkTransaction' is clicked on

2020-12-24 00:28:50 - [MESSAGE][PASSED] - vlinkPages.saleCCPage.setDataSCC is PASSED

2020-12-24 00:28:50 - [TEST_STEP][PASSED] - if (verifyTextPresent("Transaction approved, no errors", true)): null

2020-12-24 00:28:51 - [MESSAGE][PASSED] - Text 'Transaction approved, no errors' is present on page  using regular expression

2020-12-24 00:28:51 - [TEST_STEP][PASSED] - println("Transaction Approved, no errors text is present on the Confirmation page"): null

2020-12-24 00:28:51 - [TEST_STEP][PASSED] - out.println("Pass Record Number: " + row): null

2020-12-24 00:28:51 - [TEST_STEP][PASSED] - resText = "Pass": null

2020-12-24 00:28:51 - [TEST_STEP][PASSED] - pages.WriteExcel.demoKey(resText, datText, resColumn, datCloumn, fileLoc, nameSheet, row): pages.WriteExcel.demoKey is PASSED

2020-12-24 00:28:51 - [MESSAGE][PASSED] - pages.WriteExcel.demoKey is PASSED

2020-12-24 00:28:51 - [TEST_STEP][PASSED] - sdfo = getText(findTestObject("Object Repository/Page_VLinkReceipt/pre_STX")): Text of object 'Object Repository/Page_VLinkReceipt/pre_STX' is: '<STX>ZNFDCeZljz8m                  12088112            0  Transaction approved, no errors                   0                                                                                  X OK6050   <ETX>'

2020-12-24 00:28:51 - [MESSAGE][PASSED] - Text of object 'Object Repository/Page_VLinkReceipt/pre_STX' is: '<STX>ZNFDCeZljz8m                  12088112            0  Transaction approved, no errors                   0                                                                                  X OK6050   <ETX>'

2020-12-24 00:28:51 - [TEST_STEP][PASSED] - out.println("sdfo: " + sdfo): null

2020-12-24 00:28:51 - [TEST_STEP][PASSED] - remID = substring(5, 35).trim(): null

2020-12-24 00:28:51 - [TEST_STEP][PASSED] - out.println("Remittance ID: " + remID): null

2020-12-24 00:28:51 - [TEST_STEP][PASSED] - traxID = substring(35, 55).trim(): null

2020-12-24 00:28:51 - [TEST_STEP][PASSED] - out.println("Transaction ID: " + traxID): null

2020-12-24 00:28:51 - [TEST_STEP][PASSED] - out.println("End Record Number: " + row): null

2020-12-24 00:28:51 - [TEST_STEP][PASSED] - closeBrowser(): Browser is closed

2020-12-24 00:28:52 - [MESSAGE][PASSED] - Browser is closed

2020-12-24 00:28:52 - [TEST_STEP][PASSED] - out.println("Begin Record Number: " + row): null

2020-12-24 00:28:52 - [TEST_STEP][PASSED] - today = new java.util.Date(): null

2020-12-24 00:28:52 - [TEST_STEP][PASSED] - println(today): null

2020-12-24 00:28:52 - [TEST_STEP][PASSED] - datText = today: null

2020-12-24 00:28:52 - [TEST_STEP][PASSED] - openBrowser(VLinkURL + "authcap.html"): Browser is opened with url: 'https://dev-algorithm.govolution.com/vlinktest/QA/version_2_0/authcap.html'

2020-12-24 00:28:52 - [MESSAGE][INFO] - Starting 'Chrome' driver

2020-12-24 00:28:52 - [MESSAGE][INFO] - User set preference: ['acceptInsecureCerts', 'true']

2020-12-24 00:28:52 - [MESSAGE][INFO] - Action delay is set to 0 milliseconds

2020-12-24 00:28:56 - [MESSAGE][PASSED] - Browser is opened with url: 'https://dev-algorithm.govolution.com/vlinktest/QA/version_2_0/authcap.html'

2020-12-24 00:28:56 - [TEST_STEP][PASSED] - maximizeWindow(): Current window maximized

2020-12-24 00:28:56 - [MESSAGE][PASSED] - Current window maximized

2020-12-24 00:28:56 - [TEST_STEP][PASSED] - vlinkPages.saleCCPage.setDataSCC(row, dataFile): vlinkPages.saleCCPage.setDataSCC is PASSED

2020-12-24 00:28:58 - [MESSAGE][PASSED] - Object 'Object Repository/VLink/Page_CCSale/txt_CardNumber' is present

2020-12-24 00:28:58 - [MESSAGE][PASSED] - Object 'Object Repository/VLink/Page_CCSale/txt_TransactionType' is present

2020-12-24 00:28:59 - [MESSAGE][PASSED] - Text '104' is set on object 'Object Repository/VLink/Page_CCSale/txt_TransactionType'

2020-12-24 00:28:59 - [MESSAGE][PASSED] - Object 'Object Repository/VLink/Page_CCSale/txt_MessageVersion' is present

2020-12-24 00:29:00 - [MESSAGE][PASSED] - Text '2.0C' is set on object 'Object Repository/VLink/Page_CCSale/txt_MessageVersion'

2020-12-24 00:29:00 - [MESSAGE][PASSED] - Object 'Object Repository/VLink/Page_CCSale/txt_RemID' is present

2020-12-24 00:29:01 - [MESSAGE][PASSED] - Text 'WHyHCdExQeel' is set on object 'Object Repository/VLink/Page_CCSale/txt_RemID'

2020-12-24 00:29:01 - [MESSAGE][PASSED] - Object 'Object Repository/VLink/Page_CCSale/txt_ApplicationId' is present

2020-12-24 00:29:02 - [MESSAGE][PASSED] - Text '667' is set on object 'Object Repository/VLink/Page_CCSale/txt_ApplicationId'

2020-12-24 00:29:02 - [MESSAGE][PASSED] - Object 'Object Repository/VLink/Page_CCSale/txt_Username' is present

2020-12-24 00:29:02 - [MESSAGE][PASSED] - Text 'username' is set on object 'Object Repository/VLink/Page_CCSale/txt_Username'

2020-12-24 00:29:03 - [MESSAGE][PASSED] - Object 'Object Repository/VLink/Page_CCSale/txt_Password' is present

2020-12-24 00:29:03 - [MESSAGE][PASSED] - Text 'password' is set on object 'Object Repository/VLink/Page_CCSale/txt_Password'

2020-12-24 00:29:04 - [MESSAGE][PASSED] - Object 'Object Repository/VLink/Page_CCSale/txt_ResponseFormat' is present

2020-12-24 00:29:04 - [MESSAGE][PASSED] - Text 'fixed_width' is set on object 'Object Repository/VLink/Page_CCSale/txt_ResponseFormat'

2020-12-24 00:29:04 - [MESSAGE][PASSED] - Object 'Object Repository/VLink/Page_CCSale/txt_Category' is present

2020-12-24 00:29:05 - [MESSAGE][PASSED] - Text 'ECOM' is set on object 'Object Repository/VLink/Page_CCSale/txt_Category'

2020-12-24 00:29:05 - [MESSAGE][PASSED] - Object 'Object Repository/VLink/Page_CCSale/txt_TransactionID' is present

2020-12-24 00:29:06 - [MESSAGE][PASSED] - Text '' is set on object 'Object Repository/VLink/Page_CCSale/txt_TransactionID'

2020-12-24 00:29:06 - [MESSAGE][PASSED] - Object 'Object Repository/VLink/Page_CCSale/txt_ApprovalCode' is present

2020-12-24 00:29:07 - [MESSAGE][PASSED] - Text '' is set on object 'Object Repository/VLink/Page_CCSale/txt_ApprovalCode'

2020-12-24 00:29:07 - [MESSAGE][PASSED] - Object 'Object Repository/VLink/Page_CCSale/txt_CardName' is present

2020-12-24 00:29:08 - [MESSAGE][PASSED] - Text 'Kris Roshan' is set on object 'Object Repository/VLink/Page_CCSale/txt_CardName'

2020-12-24 00:29:08 - [MESSAGE][PASSED] - Object 'Object Repository/VLink/Page_CCSale/txt_AL1' is present

2020-12-24 00:29:09 - [MESSAGE][PASSED] - Text '258 Elm Road' is set on object 'Object Repository/VLink/Page_CCSale/txt_AL1'

2020-12-24 00:29:09 - [MESSAGE][PASSED] - Object 'Object Repository/VLink/Page_CCSale/txt_AL2' is present

2020-12-24 00:29:10 - [MESSAGE][PASSED] - Text 'Suite 56' is set on object 'Object Repository/VLink/Page_CCSale/txt_AL2'

2020-12-24 00:29:10 - [MESSAGE][PASSED] - Object 'Object Repository/VLink/Page_CCSale/txt_CardCity' is present

2020-12-24 00:29:11 - [MESSAGE][PASSED] - Text 'Arlington' is set on object 'Object Repository/VLink/Page_CCSale/txt_CardCity'

2020-12-24 00:29:11 - [MESSAGE][PASSED] - Object 'Object Repository/VLink/Page_CCSale/txt_CardState' is present

2020-12-24 00:29:12 - [MESSAGE][PASSED] - Text 'VA' is set on object 'Object Repository/VLink/Page_CCSale/txt_CardState'

2020-12-24 00:29:12 - [MESSAGE][PASSED] - Object 'Object Repository/VLink/Page_CCSale/txt_CardZIP' is present

2020-12-24 00:29:13 - [MESSAGE][PASSED] - Text '22201' is set on object 'Object Repository/VLink/Page_CCSale/txt_CardZIP'

2020-12-24 00:29:13 - [MESSAGE][PASSED] - Object 'Object Repository/VLink/Page_CCSale/txt_CountryID' is present

2020-12-24 00:29:14 - [MESSAGE][PASSED] - Text '840' is set on object 'Object Repository/VLink/Page_CCSale/txt_CountryID'

2020-12-24 00:29:14 - [MESSAGE][PASSED] - Object 'Object Repository/VLink/Page_CCSale/txt_Amount' is present

2020-12-24 00:29:15 - [MESSAGE][PASSED] - Text '1.50' is set on object 'Object Repository/VLink/Page_CCSale/txt_Amount'

2020-12-24 00:29:15 - [MESSAGE][PASSED] - Object 'Object Repository/VLink/Page_CCSale/txt_CardNumber' is present

2020-12-24 00:29:16 - [MESSAGE][PASSED] - Text '4111111111111111' is set on object 'Object Repository/VLink/Page_CCSale/txt_CardNumber'

2020-12-24 00:29:16 - [MESSAGE][PASSED] - Object 'Object Repository/VLink/Page_CCSale/txt_ExpMonth' is present

2020-12-24 00:29:17 - [MESSAGE][PASSED] - Text '12' is set on object 'Object Repository/VLink/Page_CCSale/txt_ExpMonth'

2020-12-24 00:29:17 - [MESSAGE][PASSED] - Object 'Object Repository/VLink/Page_CCSale/txt_ExpYear' is present

2020-12-24 00:29:18 - [MESSAGE][PASSED] - Text '2025' is set on object 'Object Repository/VLink/Page_CCSale/txt_ExpYear'

2020-12-24 00:29:18 - [MESSAGE][PASSED] - Object 'Object Repository/VLink/Page_CCSale/txt_CVV' is present

2020-12-24 00:29:19 - [MESSAGE][PASSED] - Text '' is set on object 'Object Repository/VLink/Page_CCSale/txt_CVV'

2020-12-24 00:29:19 - [MESSAGE][PASSED] - Object 'Object Repository/VLink/Page_CCSale/txt_CVVstate' is present

2020-12-24 00:29:20 - [MESSAGE][PASSED] - Text '' is set on object 'Object Repository/VLink/Page_CCSale/txt_CVVstate'

2020-12-24 00:29:20 - [MESSAGE][PASSED] - Object 'Object Repository/VLink/Page_CCSale/txt_TrackData' is present

2020-12-24 00:29:21 - [MESSAGE][PASSED] - Text '' is set on object 'Object Repository/VLink/Page_CCSale/txt_TrackData'

2020-12-24 00:29:21 - [MESSAGE][PASSED] - Object 'Object Repository/VLink/Page_CCSale/txt_Track1Data' is present

2020-12-24 00:29:22 - [MESSAGE][PASSED] - Text '' is set on object 'Object Repository/VLink/Page_CCSale/txt_Track1Data'

2020-12-24 00:29:22 - [MESSAGE][PASSED] - Object 'Object Repository/VLink/Page_CCSale/txt_Track2Data' is present

2020-12-24 00:29:23 - [MESSAGE][PASSED] - Text '' is set on object 'Object Repository/VLink/Page_CCSale/txt_Track2Data'

2020-12-24 00:29:23 - [MESSAGE][PASSED] - Object 'Object Repository/VLink/Page_CCSale/txt_POSEntryMode' is present

2020-12-24 00:29:24 - [MESSAGE][PASSED] - Text 'manual' is set on object 'Object Repository/VLink/Page_CCSale/txt_POSEntryMode'

2020-12-24 00:29:24 - [MESSAGE][PASSED] - Object 'Object Repository/VLink/Page_CCSale/txt_Email' is present

2020-12-24 00:29:25 - [MESSAGE][PASSED] - Text 'iahmed@govolution.com' is set on object 'Object Repository/VLink/Page_CCSale/txt_Email'

2020-12-24 00:29:25 - [MESSAGE][PASSED] - Object 'Object Repository/VLink/Page_CCSale/txt_OrderNumber' is present

2020-12-24 00:29:26 - [MESSAGE][PASSED] - Text '2569362' is set on object 'Object Repository/VLink/Page_CCSale/txt_OrderNumber'

2020-12-24 00:29:26 - [MESSAGE][PASSED] - Object 'Object Repository/VLink/Page_CCSale/txt_TaxAmount' is present

2020-12-24 00:29:27 - [MESSAGE][PASSED] - Text '1.15' is set on object 'Object Repository/VLink/Page_CCSale/txt_TaxAmount'

2020-12-24 00:29:27 - [MESSAGE][PASSED] - Object 'Object Repository/VLink/Page_CCSale/txt_ChargeDescription' is present

2020-12-24 00:29:28 - [MESSAGE][PASSED] - Text 'Charge Description' is set on object 'Object Repository/VLink/Page_CCSale/txt_ChargeDescription'

2020-12-24 00:29:28 - [MESSAGE][PASSED] - Object 'Object Repository/VLink/Page_CCSale/txt_CAN' is present

2020-12-24 00:29:29 - [MESSAGE][PASSED] - Text '147357' is set on object 'Object Repository/VLink/Page_CCSale/txt_CAN'

2020-12-24 00:29:29 - [MESSAGE][PASSED] - Object 'Object Repository/VLink/Page_CCSale/txt_BillPaymentIndicator' is present

2020-12-24 00:29:30 - [MESSAGE][PASSED] - Text '1' is set on object 'Object Repository/VLink/Page_CCSale/txt_BillPaymentIndicator'

2020-12-24 00:29:30 - [MESSAGE][PASSED] - Object 'Object Repository/VLink/Page_CCSale/txt_UDF1' is present

2020-12-24 00:29:31 - [MESSAGE][PASSED] - Text 'UDF Data 1' is set on object 'Object Repository/VLink/Page_CCSale/txt_UDF1'

2020-12-24 00:29:31 - [MESSAGE][PASSED] - Object 'Object Repository/VLink/Page_CCSale/txt_UDF2' is present

2020-12-24 00:29:32 - [MESSAGE][PASSED] - Text 'UDF Data 2' is set on object 'Object Repository/VLink/Page_CCSale/txt_UDF2'

2020-12-24 00:29:32 - [MESSAGE][PASSED] - Object 'Object Repository/VLink/Page_CCSale/txt_UDF3' is present

2020-12-24 00:29:33 - [MESSAGE][PASSED] - Text 'UDF Data 3' is set on object 'Object Repository/VLink/Page_CCSale/txt_UDF3'

2020-12-24 00:29:33 - [MESSAGE][PASSED] - Object 'Object Repository/VLink/Page_CCSale/txt_UDF4' is present

2020-12-24 00:29:34 - [MESSAGE][PASSED] - Text 'UDF Data 4' is set on object 'Object Repository/VLink/Page_CCSale/txt_UDF4'

2020-12-24 00:29:34 - [MESSAGE][PASSED] - Object 'Object Repository/VLink/Page_CCSale/txt_UDF5' is present

2020-12-24 00:29:35 - [MESSAGE][PASSED] - Text 'UDF Data 5' is set on object 'Object Repository/VLink/Page_CCSale/txt_UDF5'

2020-12-24 00:29:35 - [MESSAGE][PASSED] - Object 'Object Repository/VLink/Page_CCSale/txt_UDF6' is present

2020-12-24 00:29:36 - [MESSAGE][PASSED] - Text 'UDF Data 6' is set on object 'Object Repository/VLink/Page_CCSale/txt_UDF6'

2020-12-24 00:29:36 - [MESSAGE][PASSED] - Object 'Object Repository/VLink/Page_CCSale/txt_UDF7' is present

2020-12-24 00:29:37 - [MESSAGE][PASSED] - Text 'UDF Data 7' is set on object 'Object Repository/VLink/Page_CCSale/txt_UDF7'

2020-12-24 00:29:37 - [MESSAGE][PASSED] - Object 'Object Repository/VLink/Page_CCSale/txt_UDF8' is present

2020-12-24 00:29:38 - [MESSAGE][PASSED] - Text 'UDF Data 8' is set on object 'Object Repository/VLink/Page_CCSale/txt_UDF8'

2020-12-24 00:29:38 - [MESSAGE][PASSED] - Object 'Object Repository/VLink/Page_CCSale/txt_UDF9' is present

2020-12-24 00:29:39 - [MESSAGE][PASSED] - Text 'UDF Data 9' is set on object 'Object Repository/VLink/Page_CCSale/txt_UDF9'

2020-12-24 00:29:39 - [MESSAGE][PASSED] - Object 'Object Repository/VLink/Page_CCSale/txt_UDF10' is present

2020-12-24 00:29:40 - [MESSAGE][PASSED] - Text 'UDF Data 10' is set on object 'Object Repository/VLink/Page_CCSale/txt_UDF10'

2020-12-24 00:29:40 - [MESSAGE][PASSED] - Object 'Object Repository/VLink/Page_CCSale/txt_CardOnFileIndicator' is present

2020-12-24 00:29:41 - [MESSAGE][PASSED] - Text '0' is set on object 'Object Repository/VLink/Page_CCSale/txt_CardOnFileIndicator'

2020-12-24 00:29:41 - [MESSAGE][PASSED] - Object 'Object Repository/VLink/Page_CCSale/txt_StoredCredentialIndicator' is present

2020-12-24 00:29:42 - [MESSAGE][PASSED] - Text 'Initial' is set on object 'Object Repository/VLink/Page_CCSale/txt_StoredCredentialIndicator'

2020-12-24 00:29:42 - [MESSAGE][PASSED] - Object 'Object Repository/VLink/Page_CCSale/txt_COFScheduledIndicator' is present

2020-12-24 00:29:43 - [MESSAGE][PASSED] - Text 'Unscheduled' is set on object 'Object Repository/VLink/Page_CCSale/txt_COFScheduledIndicator'

2020-12-24 00:29:43 - [MESSAGE][PASSED] - Object 'Object Repository/VLink/Page_CCSale/txt_COFTransactionInitiatedBy' is present

2020-12-24 00:29:44 - [MESSAGE][PASSED] - Text 'Customer' is set on object 'Object Repository/VLink/Page_CCSale/txt_COFTransactionInitiatedBy'

2020-12-24 00:29:47 - [MESSAGE][PASSED] - Object: 'Object Repository/VLink/Page_CCSale/btn_ProcessVLinkTransaction' is clicked on

2020-12-24 00:29:52 - [MESSAGE][PASSED] - vlinkPages.saleCCPage.setDataSCC is PASSED

2020-12-24 00:29:52 - [TEST_STEP][FAILED] - if (verifyTextPresent("Transaction approved, no errors", true)): Text 'Transaction approved, no errors' is not present on page  using regular expression (Root cause: com.kms.katalon.core.exception.StepFailedException: Text 'Transaction approved, no errors' is not present on page  using regular expression
	at com.kms.katalon.core.webui.keyword.internal.WebUIKeywordMain.stepFailed(WebUIKeywordMain.groovy:64)
	at com.kms.katalon.core.webui.keyword.builtin.VerifyTextPresentKeyword$_verifyTextPresent_closure1.doCall(VerifyTextPresentKeyword.groovy:79)
	at com.kms.katalon.core.webui.keyword.builtin.VerifyTextPresentKeyword$_verifyTextPresent_closure1.call(VerifyTextPresentKeyword.groovy)
	at com.kms.katalon.core.webui.keyword.internal.WebUIKeywordMain.runKeyword(WebUIKeywordMain.groovy:20)
	at com.kms.katalon.core.webui.keyword.builtin.VerifyTextPresentKeyword.verifyTextPresent(VerifyTextPresentKeyword.groovy:83)
	at com.kms.katalon.core.webui.keyword.builtin.VerifyTextPresentKeyword.execute(VerifyTextPresentKeyword.groovy:68)
	at com.kms.katalon.core.keyword.internal.KeywordExecutor.executeKeywordForPlatform(KeywordExecutor.groovy:72)
	at com.kms.katalon.core.webui.keyword.WebUiBuiltInKeywords.verifyTextPresent(WebUiBuiltInKeywords.groovy:1719)
	at com.kms.katalon.core.webui.keyword.WebUiBuiltInKeywords$verifyTextPresent$4.call(Unknown Source)
	at VLinkSale-Successful.run(VLinkSale-Successful:76)
	at com.kms.katalon.core.main.ScriptEngine.run(ScriptEngine.java:194)
	at com.kms.katalon.core.main.ScriptEngine.runScriptAsRawText(ScriptEngine.java:119)
	at com.kms.katalon.core.main.TestCaseExecutor.runScript(TestCaseExecutor.java:337)
	at com.kms.katalon.core.main.TestCaseExecutor.doExecute(TestCaseExecutor.java:328)
	at com.kms.katalon.core.main.TestCaseExecutor.processExecutionPhase(TestCaseExecutor.java:307)
	at com.kms.katalon.core.main.TestCaseExecutor.accessMainPhase(TestCaseExecutor.java:299)
	at com.kms.katalon.core.main.TestCaseExecutor.execute(TestCaseExecutor.java:233)
	at com.kms.katalon.core.main.TestSuiteExecutor.accessTestCaseMainPhase(TestSuiteExecutor.java:169)
	at com.kms.katalon.core.main.TestSuiteExecutor.accessTestSuiteMainPhase(TestSuiteExecutor.java:142)
	at com.kms.katalon.core.main.TestSuiteExecutor.execute(TestSuiteExecutor.java:91)
	at com.kms.katalon.core.main.TestCaseMain.startTestSuite(TestCaseMain.java:157)
	at com.kms.katalon.core.main.TestCaseMain$startTestSuite$0.call(Unknown Source)
	at TempTestSuite1608784106629.run(TempTestSuite1608784106629.groovy:37)
)

2020-12-24 00:29:53 - [MESSAGE][FAILED] - Text 'Transaction approved, no errors' is not present on page  using regular expression (Root cause: com.kms.katalon.core.exception.StepFailedException: Text 'Transaction approved, no errors' is not present on page  using regular expression
	at com.kms.katalon.core.webui.keyword.internal.WebUIKeywordMain.stepFailed(WebUIKeywordMain.groovy:64)
	at com.kms.katalon.core.webui.keyword.builtin.VerifyTextPresentKeyword$_verifyTextPresent_closure1.doCall(VerifyTextPresentKeyword.groovy:79)
	at com.kms.katalon.core.webui.keyword.builtin.VerifyTextPresentKeyword$_verifyTextPresent_closure1.call(VerifyTextPresentKeyword.groovy)
	at com.kms.katalon.core.webui.keyword.internal.WebUIKeywordMain.runKeyword(WebUIKeywordMain.groovy:20)
	at com.kms.katalon.core.webui.keyword.builtin.VerifyTextPresentKeyword.verifyTextPresent(VerifyTextPresentKeyword.groovy:83)
	at com.kms.katalon.core.webui.keyword.builtin.VerifyTextPresentKeyword.execute(VerifyTextPresentKeyword.groovy:68)
	at com.kms.katalon.core.keyword.internal.KeywordExecutor.executeKeywordForPlatform(KeywordExecutor.groovy:72)
	at com.kms.katalon.core.webui.keyword.WebUiBuiltInKeywords.verifyTextPresent(WebUiBuiltInKeywords.groovy:1719)
	at com.kms.katalon.core.webui.keyword.WebUiBuiltInKeywords$verifyTextPresent$4.call(Unknown Source)
	at VLinkSale-Successful.run(VLinkSale-Successful:76)
	at com.kms.katalon.core.main.ScriptEngine.run(ScriptEngine.java:194)
	at com.kms.katalon.core.main.ScriptEngine.runScriptAsRawText(ScriptEngine.java:119)
	at com.kms.katalon.core.main.TestCaseExecutor.runScript(TestCaseExecutor.java:337)
	at com.kms.katalon.core.main.TestCaseExecutor.doExecute(TestCaseExecutor.java:328)
	at com.kms.katalon.core.main.TestCaseExecutor.processExecutionPhase(TestCaseExecutor.java:307)
	at com.kms.katalon.core.main.TestCaseExecutor.accessMainPhase(TestCaseExecutor.java:299)
	at com.kms.katalon.core.main.TestCaseExecutor.execute(TestCaseExecutor.java:233)
	at com.kms.katalon.core.main.TestSuiteExecutor.accessTestCaseMainPhase(TestSuiteExecutor.java:169)
	at com.kms.katalon.core.main.TestSuiteExecutor.accessTestSuiteMainPhase(TestSuiteExecutor.java:142)
	at com.kms.katalon.core.main.TestSuiteExecutor.execute(TestSuiteExecutor.java:91)
	at com.kms.katalon.core.main.TestCaseMain.startTestSuite(TestCaseMain.java:157)
	at com.kms.katalon.core.main.TestCaseMain$startTestSuite$0.call(Unknown Source)
	at TempTestSuite1608784106629.run(TempTestSuite1608784106629.groovy:37)
)

2020-12-24 00:29:53 - [TEST_STEP][PASSED] - else: pages.WriteExcel.demoKey is PASSED

2020-12-24 00:29:53 - [TEST_STEP][PASSED] - println("Transaction Approved, no errors text is not present on the Confirmation page"): null

2020-12-24 00:29:53 - [TEST_STEP][PASSED] - out.println("Fail Record Number: " + row): null

2020-12-24 00:29:53 - [TEST_STEP][PASSED] - resText = "Fail": null

2020-12-24 00:29:53 - [TEST_STEP][PASSED] - pages.WriteExcel.demoKey(resText, datText, resColumn, datCloumn, fileLoc, nameSheet, row): pages.WriteExcel.demoKey is PASSED

2020-12-24 00:29:53 - [MESSAGE][PASSED] - pages.WriteExcel.demoKey is PASSED

2020-12-24 00:29:53 - [TEST_STEP][PASSED] - sdfo = getText(findTestObject("Object Repository/Page_VLinkReceipt/pre_STX")): Text of object 'Object Repository/Page_VLinkReceipt/pre_STX' is: '<STX>WHyHCdExQeel                  12088113            2  Transaction failed                                105Processor reported error                                                                   <ETX>'

2020-12-24 00:29:53 - [MESSAGE][PASSED] - Text of object 'Object Repository/Page_VLinkReceipt/pre_STX' is: '<STX>WHyHCdExQeel                  12088113            2  Transaction failed                                105Processor reported error                                                                   <ETX>'

2020-12-24 00:29:53 - [TEST_STEP][PASSED] - out.println("sdfo: " + sdfo): null

2020-12-24 00:29:53 - [TEST_STEP][PASSED] - remID = substring(5, 35).trim(): null

2020-12-24 00:29:53 - [TEST_STEP][PASSED] - out.println("Remittance ID: " + remID): null

2020-12-24 00:29:53 - [TEST_STEP][PASSED] - traxID = substring(35, 55).trim(): null

2020-12-24 00:29:53 - [TEST_STEP][PASSED] - out.println("Transaction ID: " + traxID): null

2020-12-24 00:29:53 - [TEST_STEP][PASSED] - out.println("End Record Number: " + row): null

2020-12-24 00:29:53 - [TEST_STEP][PASSED] - closeBrowser(): Browser is closed

2020-12-24 00:29:54 - [MESSAGE][PASSED] - Browser is closed

2020-12-24 00:29:54 - [TEST_STEP][PASSED] - out.println("Begin Record Number: " + row): null

2020-12-24 00:29:54 - [TEST_STEP][PASSED] - today = new java.util.Date(): null

2020-12-24 00:29:54 - [TEST_STEP][PASSED] - println(today): null

2020-12-24 00:29:54 - [TEST_STEP][PASSED] - datText = today: null

2020-12-24 00:29:54 - [TEST_STEP][PASSED] - openBrowser(VLinkURL + "authcap.html"): Browser is opened with url: 'https://dev-algorithm.govolution.com/vlinktest/QA/version_2_0/authcap.html'

2020-12-24 00:29:54 - [MESSAGE][INFO] - Starting 'Chrome' driver

2020-12-24 00:29:54 - [MESSAGE][INFO] - User set preference: ['acceptInsecureCerts', 'true']

2020-12-24 00:29:54 - [MESSAGE][INFO] - Action delay is set to 0 milliseconds

2020-12-24 00:29:57 - [MESSAGE][PASSED] - Browser is opened with url: 'https://dev-algorithm.govolution.com/vlinktest/QA/version_2_0/authcap.html'

2020-12-24 00:29:57 - [TEST_STEP][PASSED] - maximizeWindow(): Current window maximized

2020-12-24 00:29:57 - [MESSAGE][PASSED] - Current window maximized

2020-12-24 00:29:57 - [TEST_STEP][PASSED] - vlinkPages.saleCCPage.setDataSCC(row, dataFile): vlinkPages.saleCCPage.setDataSCC is PASSED

2020-12-24 00:29:59 - [MESSAGE][PASSED] - Object 'Object Repository/VLink/Page_CCSale/txt_CardNumber' is present

2020-12-24 00:30:00 - [MESSAGE][PASSED] - Object 'Object Repository/VLink/Page_CCSale/txt_TransactionType' is present

2020-12-24 00:30:00 - [MESSAGE][PASSED] - Text '104' is set on object 'Object Repository/VLink/Page_CCSale/txt_TransactionType'

2020-12-24 00:30:00 - [MESSAGE][PASSED] - Object 'Object Repository/VLink/Page_CCSale/txt_MessageVersion' is present

2020-12-24 00:30:01 - [MESSAGE][PASSED] - Text '2.0C' is set on object 'Object Repository/VLink/Page_CCSale/txt_MessageVersion'

2020-12-24 00:30:01 - [MESSAGE][PASSED] - Object 'Object Repository/VLink/Page_CCSale/txt_RemID' is present

2020-12-24 00:30:02 - [MESSAGE][PASSED] - Text 'PrMYUVHOWy3E' is set on object 'Object Repository/VLink/Page_CCSale/txt_RemID'

2020-12-24 00:30:02 - [MESSAGE][PASSED] - Object 'Object Repository/VLink/Page_CCSale/txt_ApplicationId' is present

2020-12-24 00:30:03 - [MESSAGE][PASSED] - Text '667' is set on object 'Object Repository/VLink/Page_CCSale/txt_ApplicationId'

2020-12-24 00:30:03 - [MESSAGE][PASSED] - Object 'Object Repository/VLink/Page_CCSale/txt_Username' is present

2020-12-24 00:30:04 - [MESSAGE][PASSED] - Text 'username' is set on object 'Object Repository/VLink/Page_CCSale/txt_Username'

2020-12-24 00:30:04 - [MESSAGE][PASSED] - Object 'Object Repository/VLink/Page_CCSale/txt_Password' is present

2020-12-24 00:30:05 - [MESSAGE][PASSED] - Text 'password' is set on object 'Object Repository/VLink/Page_CCSale/txt_Password'

2020-12-24 00:30:05 - [MESSAGE][PASSED] - Object 'Object Repository/VLink/Page_CCSale/txt_ResponseFormat' is present

2020-12-24 00:30:05 - [MESSAGE][PASSED] - Text 'fixed_width' is set on object 'Object Repository/VLink/Page_CCSale/txt_ResponseFormat'

2020-12-24 00:30:06 - [MESSAGE][PASSED] - Object 'Object Repository/VLink/Page_CCSale/txt_Category' is present

2020-12-24 00:30:06 - [MESSAGE][PASSED] - Text 'ECOM' is set on object 'Object Repository/VLink/Page_CCSale/txt_Category'

2020-12-24 00:30:07 - [MESSAGE][PASSED] - Object 'Object Repository/VLink/Page_CCSale/txt_TransactionID' is present

2020-12-24 00:30:07 - [MESSAGE][PASSED] - Text '' is set on object 'Object Repository/VLink/Page_CCSale/txt_TransactionID'

2020-12-24 00:30:08 - [MESSAGE][PASSED] - Object 'Object Repository/VLink/Page_CCSale/txt_ApprovalCode' is present

2020-12-24 00:30:08 - [MESSAGE][PASSED] - Text '' is set on object 'Object Repository/VLink/Page_CCSale/txt_ApprovalCode'

2020-12-24 00:30:09 - [MESSAGE][PASSED] - Object 'Object Repository/VLink/Page_CCSale/txt_CardName' is present

2020-12-24 00:30:09 - [MESSAGE][PASSED] - Text 'Arvind Silva' is set on object 'Object Repository/VLink/Page_CCSale/txt_CardName'

2020-12-24 00:30:10 - [MESSAGE][PASSED] - Object 'Object Repository/VLink/Page_CCSale/txt_AL1' is present

2020-12-24 00:30:10 - [MESSAGE][PASSED] - Text '111 Main Ave' is set on object 'Object Repository/VLink/Page_CCSale/txt_AL1'

2020-12-24 00:30:11 - [MESSAGE][PASSED] - Object 'Object Repository/VLink/Page_CCSale/txt_AL2' is present

2020-12-24 00:30:11 - [MESSAGE][PASSED] - Text '' is set on object 'Object Repository/VLink/Page_CCSale/txt_AL2'

2020-12-24 00:30:12 - [MESSAGE][PASSED] - Object 'Object Repository/VLink/Page_CCSale/txt_CardCity' is present

2020-12-24 00:30:12 - [MESSAGE][PASSED] - Text 'Arlington' is set on object 'Object Repository/VLink/Page_CCSale/txt_CardCity'

2020-12-24 00:30:13 - [MESSAGE][PASSED] - Object 'Object Repository/VLink/Page_CCSale/txt_CardState' is present

2020-12-24 00:30:13 - [MESSAGE][PASSED] - Text 'VA' is set on object 'Object Repository/VLink/Page_CCSale/txt_CardState'

2020-12-24 00:30:14 - [MESSAGE][PASSED] - Object 'Object Repository/VLink/Page_CCSale/txt_CardZIP' is present

2020-12-24 00:30:14 - [MESSAGE][PASSED] - Text '22201' is set on object 'Object Repository/VLink/Page_CCSale/txt_CardZIP'

2020-12-24 00:30:15 - [MESSAGE][PASSED] - Object 'Object Repository/VLink/Page_CCSale/txt_CountryID' is present

2020-12-24 00:30:15 - [MESSAGE][PASSED] - Text '' is set on object 'Object Repository/VLink/Page_CCSale/txt_CountryID'

2020-12-24 00:30:16 - [MESSAGE][PASSED] - Object 'Object Repository/VLink/Page_CCSale/txt_Amount' is present

2020-12-24 00:30:16 - [MESSAGE][PASSED] - Text '2.50' is set on object 'Object Repository/VLink/Page_CCSale/txt_Amount'

2020-12-24 00:30:17 - [MESSAGE][PASSED] - Object 'Object Repository/VLink/Page_CCSale/txt_CardNumber' is present

2020-12-24 00:30:17 - [MESSAGE][PASSED] - Text '5424000000000015' is set on object 'Object Repository/VLink/Page_CCSale/txt_CardNumber'

2020-12-24 00:30:17 - [MESSAGE][PASSED] - Object 'Object Repository/VLink/Page_CCSale/txt_ExpMonth' is present

2020-12-24 00:30:18 - [MESSAGE][PASSED] - Text '01' is set on object 'Object Repository/VLink/Page_CCSale/txt_ExpMonth'

2020-12-24 00:30:18 - [MESSAGE][PASSED] - Object 'Object Repository/VLink/Page_CCSale/txt_ExpYear' is present

2020-12-24 00:30:19 - [MESSAGE][PASSED] - Text '2026' is set on object 'Object Repository/VLink/Page_CCSale/txt_ExpYear'

2020-12-24 00:30:19 - [MESSAGE][PASSED] - Object 'Object Repository/VLink/Page_CCSale/txt_CVV' is present

2020-12-24 00:30:20 - [MESSAGE][PASSED] - Text '' is set on object 'Object Repository/VLink/Page_CCSale/txt_CVV'

2020-12-24 00:30:20 - [MESSAGE][PASSED] - Object 'Object Repository/VLink/Page_CCSale/txt_CVVstate' is present

2020-12-24 00:30:21 - [MESSAGE][PASSED] - Text '' is set on object 'Object Repository/VLink/Page_CCSale/txt_CVVstate'

2020-12-24 00:30:21 - [MESSAGE][PASSED] - Object 'Object Repository/VLink/Page_CCSale/txt_TrackData' is present

2020-12-24 00:30:22 - [MESSAGE][PASSED] - Text '' is set on object 'Object Repository/VLink/Page_CCSale/txt_TrackData'

2020-12-24 00:30:22 - [MESSAGE][PASSED] - Object 'Object Repository/VLink/Page_CCSale/txt_Track1Data' is present

2020-12-24 00:30:23 - [MESSAGE][PASSED] - Text '' is set on object 'Object Repository/VLink/Page_CCSale/txt_Track1Data'

2020-12-24 00:30:23 - [MESSAGE][PASSED] - Object 'Object Repository/VLink/Page_CCSale/txt_Track2Data' is present

2020-12-24 00:30:24 - [MESSAGE][PASSED] - Text '' is set on object 'Object Repository/VLink/Page_CCSale/txt_Track2Data'

2020-12-24 00:30:24 - [MESSAGE][PASSED] - Object 'Object Repository/VLink/Page_CCSale/txt_POSEntryMode' is present

2020-12-24 00:30:25 - [MESSAGE][PASSED] - Text 'manual' is set on object 'Object Repository/VLink/Page_CCSale/txt_POSEntryMode'

2020-12-24 00:30:25 - [MESSAGE][PASSED] - Object 'Object Repository/VLink/Page_CCSale/txt_Email' is present

2020-12-24 00:30:26 - [MESSAGE][PASSED] - Text '' is set on object 'Object Repository/VLink/Page_CCSale/txt_Email'

2020-12-24 00:30:26 - [MESSAGE][PASSED] - Object 'Object Repository/VLink/Page_CCSale/txt_OrderNumber' is present

2020-12-24 00:30:27 - [MESSAGE][PASSED] - Text '' is set on object 'Object Repository/VLink/Page_CCSale/txt_OrderNumber'

2020-12-24 00:30:27 - [MESSAGE][PASSED] - Object 'Object Repository/VLink/Page_CCSale/txt_TaxAmount' is present

2020-12-24 00:30:28 - [MESSAGE][PASSED] - Text '' is set on object 'Object Repository/VLink/Page_CCSale/txt_TaxAmount'

2020-12-24 00:30:28 - [MESSAGE][PASSED] - Object 'Object Repository/VLink/Page_CCSale/txt_ChargeDescription' is present

2020-12-24 00:30:29 - [MESSAGE][PASSED] - Text '' is set on object 'Object Repository/VLink/Page_CCSale/txt_ChargeDescription'

2020-12-24 00:30:29 - [MESSAGE][PASSED] - Object 'Object Repository/VLink/Page_CCSale/txt_CAN' is present

2020-12-24 00:30:30 - [MESSAGE][PASSED] - Text '' is set on object 'Object Repository/VLink/Page_CCSale/txt_CAN'

2020-12-24 00:30:30 - [MESSAGE][PASSED] - Object 'Object Repository/VLink/Page_CCSale/txt_BillPaymentIndicator' is present

2020-12-24 00:30:31 - [MESSAGE][PASSED] - Text '' is set on object 'Object Repository/VLink/Page_CCSale/txt_BillPaymentIndicator'

2020-12-24 00:30:31 - [MESSAGE][PASSED] - Object 'Object Repository/VLink/Page_CCSale/txt_UDF1' is present

2020-12-24 00:30:32 - [MESSAGE][PASSED] - Text '' is set on object 'Object Repository/VLink/Page_CCSale/txt_UDF1'

2020-12-24 00:30:32 - [MESSAGE][PASSED] - Object 'Object Repository/VLink/Page_CCSale/txt_UDF2' is present

2020-12-24 00:30:33 - [MESSAGE][PASSED] - Text '' is set on object 'Object Repository/VLink/Page_CCSale/txt_UDF2'

2020-12-24 00:30:33 - [MESSAGE][PASSED] - Object 'Object Repository/VLink/Page_CCSale/txt_UDF3' is present

2020-12-24 00:30:34 - [MESSAGE][PASSED] - Text '' is set on object 'Object Repository/VLink/Page_CCSale/txt_UDF3'

2020-12-24 00:30:34 - [MESSAGE][PASSED] - Object 'Object Repository/VLink/Page_CCSale/txt_UDF4' is present

2020-12-24 00:30:35 - [MESSAGE][PASSED] - Text '' is set on object 'Object Repository/VLink/Page_CCSale/txt_UDF4'

2020-12-24 00:30:35 - [MESSAGE][PASSED] - Object 'Object Repository/VLink/Page_CCSale/txt_UDF5' is present

2020-12-24 00:30:36 - [MESSAGE][PASSED] - Text '' is set on object 'Object Repository/VLink/Page_CCSale/txt_UDF5'

2020-12-24 00:30:36 - [MESSAGE][PASSED] - Object 'Object Repository/VLink/Page_CCSale/txt_UDF6' is present

2020-12-24 00:30:37 - [MESSAGE][PASSED] - Text '' is set on object 'Object Repository/VLink/Page_CCSale/txt_UDF6'

2020-12-24 00:30:37 - [MESSAGE][PASSED] - Object 'Object Repository/VLink/Page_CCSale/txt_UDF7' is present

2020-12-24 00:30:38 - [MESSAGE][PASSED] - Text '' is set on object 'Object Repository/VLink/Page_CCSale/txt_UDF7'

2020-12-24 00:30:38 - [MESSAGE][PASSED] - Object 'Object Repository/VLink/Page_CCSale/txt_UDF8' is present

2020-12-24 00:30:39 - [MESSAGE][PASSED] - Text '' is set on object 'Object Repository/VLink/Page_CCSale/txt_UDF8'

2020-12-24 00:30:39 - [MESSAGE][PASSED] - Object 'Object Repository/VLink/Page_CCSale/txt_UDF9' is present

2020-12-24 00:30:40 - [MESSAGE][PASSED] - Text '' is set on object 'Object Repository/VLink/Page_CCSale/txt_UDF9'

2020-12-24 00:30:40 - [MESSAGE][PASSED] - Object 'Object Repository/VLink/Page_CCSale/txt_UDF10' is present

2020-12-24 00:30:41 - [MESSAGE][PASSED] - Text '' is set on object 'Object Repository/VLink/Page_CCSale/txt_UDF10'

2020-12-24 00:30:41 - [MESSAGE][PASSED] - Object 'Object Repository/VLink/Page_CCSale/txt_CardOnFileIndicator' is present

2020-12-24 00:30:42 - [MESSAGE][PASSED] - Text '0' is set on object 'Object Repository/VLink/Page_CCSale/txt_CardOnFileIndicator'

2020-12-24 00:30:42 - [MESSAGE][PASSED] - Object 'Object Repository/VLink/Page_CCSale/txt_StoredCredentialIndicator' is present

2020-12-24 00:30:43 - [MESSAGE][PASSED] - Text 'Initial' is set on object 'Object Repository/VLink/Page_CCSale/txt_StoredCredentialIndicator'

2020-12-24 00:30:43 - [MESSAGE][PASSED] - Object 'Object Repository/VLink/Page_CCSale/txt_COFScheduledIndicator' is present

2020-12-24 00:30:44 - [MESSAGE][PASSED] - Text 'Unscheduled' is set on object 'Object Repository/VLink/Page_CCSale/txt_COFScheduledIndicator'

2020-12-24 00:30:44 - [MESSAGE][PASSED] - Object 'Object Repository/VLink/Page_CCSale/txt_COFTransactionInitiatedBy' is present

2020-12-24 00:30:45 - [MESSAGE][PASSED] - Text 'Customer' is set on object 'Object Repository/VLink/Page_CCSale/txt_COFTransactionInitiatedBy'

2020-12-24 00:30:50 - [MESSAGE][PASSED] - Object: 'Object Repository/VLink/Page_CCSale/btn_ProcessVLinkTransaction' is clicked on

2020-12-24 00:30:55 - [MESSAGE][PASSED] - vlinkPages.saleCCPage.setDataSCC is PASSED

2020-12-24 00:30:55 - [TEST_STEP][PASSED] - if (verifyTextPresent("Transaction approved, no errors", true)): null

2020-12-24 00:30:55 - [MESSAGE][PASSED] - Text 'Transaction approved, no errors' is present on page  using regular expression

2020-12-24 00:30:55 - [TEST_STEP][PASSED] - println("Transaction Approved, no errors text is present on the Confirmation page"): null

2020-12-24 00:30:55 - [TEST_STEP][PASSED] - out.println("Pass Record Number: " + row): null

2020-12-24 00:30:55 - [TEST_STEP][PASSED] - resText = "Pass": null

2020-12-24 00:30:55 - [TEST_STEP][PASSED] - pages.WriteExcel.demoKey(resText, datText, resColumn, datCloumn, fileLoc, nameSheet, row): pages.WriteExcel.demoKey is PASSED

2020-12-24 00:30:55 - [MESSAGE][PASSED] - pages.WriteExcel.demoKey is PASSED

2020-12-24 00:30:55 - [TEST_STEP][PASSED] - sdfo = getText(findTestObject("Object Repository/Page_VLinkReceipt/pre_STX")): Text of object 'Object Repository/Page_VLinkReceipt/pre_STX' is: '<STX>PrMYUVHOWy3E                  12088114            0  Transaction approved, no errors                   0                                                                                  Y OK7648   <ETX>'

2020-12-24 00:30:55 - [MESSAGE][PASSED] - Text of object 'Object Repository/Page_VLinkReceipt/pre_STX' is: '<STX>PrMYUVHOWy3E                  12088114            0  Transaction approved, no errors                   0                                                                                  Y OK7648   <ETX>'

2020-12-24 00:30:55 - [TEST_STEP][PASSED] - out.println("sdfo: " + sdfo): null

2020-12-24 00:30:55 - [TEST_STEP][PASSED] - remID = substring(5, 35).trim(): null

2020-12-24 00:30:55 - [TEST_STEP][PASSED] - out.println("Remittance ID: " + remID): null

2020-12-24 00:30:55 - [TEST_STEP][PASSED] - traxID = substring(35, 55).trim(): null

2020-12-24 00:30:55 - [TEST_STEP][PASSED] - out.println("Transaction ID: " + traxID): null

2020-12-24 00:30:55 - [TEST_STEP][PASSED] - out.println("End Record Number: " + row): null

2020-12-24 00:30:55 - [TEST_STEP][PASSED] - closeBrowser(): Browser is closed

2020-12-24 00:30:56 - [MESSAGE][PASSED] - Browser is closed

2020-12-24 00:30:56 - [TEST_STEP][PASSED] - out.println("Begin Record Number: " + row): null

2020-12-24 00:30:56 - [TEST_STEP][PASSED] - today = new java.util.Date(): null

2020-12-24 00:30:56 - [TEST_STEP][PASSED] - println(today): null

2020-12-24 00:30:56 - [TEST_STEP][PASSED] - datText = today: null

2020-12-24 00:30:56 - [TEST_STEP][PASSED] - openBrowser(VLinkURL + "authcap.html"): Browser is opened with url: 'https://dev-algorithm.govolution.com/vlinktest/QA/version_2_0/authcap.html'

2020-12-24 00:30:56 - [MESSAGE][INFO] - Starting 'Chrome' driver

2020-12-24 00:30:56 - [MESSAGE][INFO] - User set preference: ['acceptInsecureCerts', 'true']

2020-12-24 00:30:56 - [MESSAGE][INFO] - Action delay is set to 0 milliseconds

2020-12-24 00:31:00 - [MESSAGE][PASSED] - Browser is opened with url: 'https://dev-algorithm.govolution.com/vlinktest/QA/version_2_0/authcap.html'

2020-12-24 00:31:00 - [TEST_STEP][PASSED] - maximizeWindow(): Current window maximized

2020-12-24 00:31:00 - [MESSAGE][PASSED] - Current window maximized

2020-12-24 00:31:00 - [TEST_STEP][PASSED] - vlinkPages.saleCCPage.setDataSCC(row, dataFile): vlinkPages.saleCCPage.setDataSCC is PASSED

2020-12-24 00:31:02 - [MESSAGE][PASSED] - Object 'Object Repository/VLink/Page_CCSale/txt_CardNumber' is present

2020-12-24 00:31:02 - [MESSAGE][PASSED] - Object 'Object Repository/VLink/Page_CCSale/txt_TransactionType' is present

2020-12-24 00:31:03 - [MESSAGE][PASSED] - Text '104' is set on object 'Object Repository/VLink/Page_CCSale/txt_TransactionType'

2020-12-24 00:31:03 - [MESSAGE][PASSED] - Object 'Object Repository/VLink/Page_CCSale/txt_MessageVersion' is present

2020-12-24 00:31:04 - [MESSAGE][PASSED] - Text '2.0C' is set on object 'Object Repository/VLink/Page_CCSale/txt_MessageVersion'

2020-12-24 00:31:04 - [MESSAGE][PASSED] - Object 'Object Repository/VLink/Page_CCSale/txt_RemID' is present

2020-12-24 00:31:05 - [MESSAGE][PASSED] - Text '3S8AVEE4lQ1Q' is set on object 'Object Repository/VLink/Page_CCSale/txt_RemID'

2020-12-24 00:31:05 - [MESSAGE][PASSED] - Object 'Object Repository/VLink/Page_CCSale/txt_ApplicationId' is present

2020-12-24 00:31:05 - [MESSAGE][PASSED] - Text '667' is set on object 'Object Repository/VLink/Page_CCSale/txt_ApplicationId'

2020-12-24 00:31:06 - [MESSAGE][PASSED] - Object 'Object Repository/VLink/Page_CCSale/txt_Username' is present

2020-12-24 00:31:06 - [MESSAGE][PASSED] - Text 'username' is set on object 'Object Repository/VLink/Page_CCSale/txt_Username'

2020-12-24 00:31:07 - [MESSAGE][PASSED] - Object 'Object Repository/VLink/Page_CCSale/txt_Password' is present

2020-12-24 00:31:07 - [MESSAGE][PASSED] - Text 'password' is set on object 'Object Repository/VLink/Page_CCSale/txt_Password'

2020-12-24 00:31:07 - [MESSAGE][PASSED] - Object 'Object Repository/VLink/Page_CCSale/txt_ResponseFormat' is present

2020-12-24 00:31:08 - [MESSAGE][PASSED] - Text 'fixed_width' is set on object 'Object Repository/VLink/Page_CCSale/txt_ResponseFormat'

2020-12-24 00:31:08 - [MESSAGE][PASSED] - Object 'Object Repository/VLink/Page_CCSale/txt_Category' is present

2020-12-24 00:31:09 - [MESSAGE][PASSED] - Text 'ECOM' is set on object 'Object Repository/VLink/Page_CCSale/txt_Category'

2020-12-24 00:31:09 - [MESSAGE][PASSED] - Object 'Object Repository/VLink/Page_CCSale/txt_TransactionID' is present

2020-12-24 00:31:10 - [MESSAGE][PASSED] - Text '' is set on object 'Object Repository/VLink/Page_CCSale/txt_TransactionID'

2020-12-24 00:31:10 - [MESSAGE][PASSED] - Object 'Object Repository/VLink/Page_CCSale/txt_ApprovalCode' is present

2020-12-24 00:31:11 - [MESSAGE][PASSED] - Text '' is set on object 'Object Repository/VLink/Page_CCSale/txt_ApprovalCode'

2020-12-24 00:31:11 - [MESSAGE][PASSED] - Object 'Object Repository/VLink/Page_CCSale/txt_CardName' is present

2020-12-24 00:31:12 - [MESSAGE][PASSED] - Text 'Roshan Maha' is set on object 'Object Repository/VLink/Page_CCSale/txt_CardName'

2020-12-24 00:31:12 - [MESSAGE][PASSED] - Object 'Object Repository/VLink/Page_CCSale/txt_AL1' is present

2020-12-24 00:31:12 - [MESSAGE][PASSED] - Text '12563 Bazaar road' is set on object 'Object Repository/VLink/Page_CCSale/txt_AL1'

2020-12-24 00:31:13 - [MESSAGE][PASSED] - Object 'Object Repository/VLink/Page_CCSale/txt_AL2' is present

2020-12-24 00:31:13 - [MESSAGE][PASSED] - Text '' is set on object 'Object Repository/VLink/Page_CCSale/txt_AL2'

2020-12-24 00:31:14 - [MESSAGE][PASSED] - Object 'Object Repository/VLink/Page_CCSale/txt_CardCity' is present

2020-12-24 00:31:14 - [MESSAGE][PASSED] - Text 'Crofton' is set on object 'Object Repository/VLink/Page_CCSale/txt_CardCity'

2020-12-24 00:31:15 - [MESSAGE][PASSED] - Object 'Object Repository/VLink/Page_CCSale/txt_CardState' is present

2020-12-24 00:31:15 - [MESSAGE][PASSED] - Text 'MD' is set on object 'Object Repository/VLink/Page_CCSale/txt_CardState'

2020-12-24 00:31:16 - [MESSAGE][PASSED] - Object 'Object Repository/VLink/Page_CCSale/txt_CardZIP' is present

2020-12-24 00:31:16 - [MESSAGE][PASSED] - Text '21114' is set on object 'Object Repository/VLink/Page_CCSale/txt_CardZIP'

2020-12-24 00:31:17 - [MESSAGE][PASSED] - Object 'Object Repository/VLink/Page_CCSale/txt_CountryID' is present

2020-12-24 00:31:17 - [MESSAGE][PASSED] - Text '' is set on object 'Object Repository/VLink/Page_CCSale/txt_CountryID'

2020-12-24 00:31:18 - [MESSAGE][PASSED] - Object 'Object Repository/VLink/Page_CCSale/txt_Amount' is present

2020-12-24 00:31:18 - [MESSAGE][PASSED] - Text '3.50' is set on object 'Object Repository/VLink/Page_CCSale/txt_Amount'

2020-12-24 00:31:18 - [MESSAGE][PASSED] - Object 'Object Repository/VLink/Page_CCSale/txt_CardNumber' is present

2020-12-24 00:31:19 - [MESSAGE][PASSED] - Text '370000000000002' is set on object 'Object Repository/VLink/Page_CCSale/txt_CardNumber'

2020-12-24 00:31:19 - [MESSAGE][PASSED] - Object 'Object Repository/VLink/Page_CCSale/txt_ExpMonth' is present

2020-12-24 00:31:20 - [MESSAGE][PASSED] - Text '01' is set on object 'Object Repository/VLink/Page_CCSale/txt_ExpMonth'

2020-12-24 00:31:20 - [MESSAGE][PASSED] - Object 'Object Repository/VLink/Page_CCSale/txt_ExpYear' is present

2020-12-24 00:31:21 - [MESSAGE][PASSED] - Text '2026' is set on object 'Object Repository/VLink/Page_CCSale/txt_ExpYear'

2020-12-24 00:31:21 - [MESSAGE][PASSED] - Object 'Object Repository/VLink/Page_CCSale/txt_CVV' is present

2020-12-24 00:31:22 - [MESSAGE][PASSED] - Text '' is set on object 'Object Repository/VLink/Page_CCSale/txt_CVV'

2020-12-24 00:31:22 - [MESSAGE][PASSED] - Object 'Object Repository/VLink/Page_CCSale/txt_CVVstate' is present

2020-12-24 00:31:23 - [MESSAGE][PASSED] - Text '' is set on object 'Object Repository/VLink/Page_CCSale/txt_CVVstate'

2020-12-24 00:31:23 - [MESSAGE][PASSED] - Object 'Object Repository/VLink/Page_CCSale/txt_TrackData' is present

2020-12-24 00:31:24 - [MESSAGE][PASSED] - Text '' is set on object 'Object Repository/VLink/Page_CCSale/txt_TrackData'

2020-12-24 00:31:24 - [MESSAGE][PASSED] - Object 'Object Repository/VLink/Page_CCSale/txt_Track1Data' is present

2020-12-24 00:31:25 - [MESSAGE][PASSED] - Text '' is set on object 'Object Repository/VLink/Page_CCSale/txt_Track1Data'

2020-12-24 00:31:25 - [MESSAGE][PASSED] - Object 'Object Repository/VLink/Page_CCSale/txt_Track2Data' is present

2020-12-24 00:31:26 - [MESSAGE][PASSED] - Text '' is set on object 'Object Repository/VLink/Page_CCSale/txt_Track2Data'

2020-12-24 00:31:26 - [MESSAGE][PASSED] - Object 'Object Repository/VLink/Page_CCSale/txt_POSEntryMode' is present

2020-12-24 00:31:27 - [MESSAGE][PASSED] - Text 'manual' is set on object 'Object Repository/VLink/Page_CCSale/txt_POSEntryMode'

2020-12-24 00:31:27 - [MESSAGE][PASSED] - Object 'Object Repository/VLink/Page_CCSale/txt_Email' is present

2020-12-24 00:31:28 - [MESSAGE][PASSED] - Text '' is set on object 'Object Repository/VLink/Page_CCSale/txt_Email'

2020-12-24 00:31:28 - [MESSAGE][PASSED] - Object 'Object Repository/VLink/Page_CCSale/txt_OrderNumber' is present

2020-12-24 00:31:29 - [MESSAGE][PASSED] - Text '' is set on object 'Object Repository/VLink/Page_CCSale/txt_OrderNumber'

2020-12-24 00:31:29 - [MESSAGE][PASSED] - Object 'Object Repository/VLink/Page_CCSale/txt_TaxAmount' is present

2020-12-24 00:31:30 - [MESSAGE][PASSED] - Text '' is set on object 'Object Repository/VLink/Page_CCSale/txt_TaxAmount'

2020-12-24 00:31:30 - [MESSAGE][PASSED] - Object 'Object Repository/VLink/Page_CCSale/txt_ChargeDescription' is present

2020-12-24 00:31:31 - [MESSAGE][PASSED] - Text '' is set on object 'Object Repository/VLink/Page_CCSale/txt_ChargeDescription'

2020-12-24 00:31:31 - [MESSAGE][PASSED] - Object 'Object Repository/VLink/Page_CCSale/txt_CAN' is present

2020-12-24 00:31:32 - [MESSAGE][PASSED] - Text '' is set on object 'Object Repository/VLink/Page_CCSale/txt_CAN'

2020-12-24 00:31:32 - [MESSAGE][PASSED] - Object 'Object Repository/VLink/Page_CCSale/txt_BillPaymentIndicator' is present

2020-12-24 00:31:33 - [MESSAGE][PASSED] - Text '' is set on object 'Object Repository/VLink/Page_CCSale/txt_BillPaymentIndicator'

2020-12-24 00:31:33 - [MESSAGE][PASSED] - Object 'Object Repository/VLink/Page_CCSale/txt_UDF1' is present

2020-12-24 00:31:34 - [MESSAGE][PASSED] - Text '' is set on object 'Object Repository/VLink/Page_CCSale/txt_UDF1'

2020-12-24 00:31:34 - [MESSAGE][PASSED] - Object 'Object Repository/VLink/Page_CCSale/txt_UDF2' is present

2020-12-24 00:31:35 - [MESSAGE][PASSED] - Text '' is set on object 'Object Repository/VLink/Page_CCSale/txt_UDF2'

2020-12-24 00:31:35 - [MESSAGE][PASSED] - Object 'Object Repository/VLink/Page_CCSale/txt_UDF3' is present

2020-12-24 00:31:36 - [MESSAGE][PASSED] - Text '' is set on object 'Object Repository/VLink/Page_CCSale/txt_UDF3'

2020-12-24 00:31:36 - [MESSAGE][PASSED] - Object 'Object Repository/VLink/Page_CCSale/txt_UDF4' is present

2020-12-24 00:31:37 - [MESSAGE][PASSED] - Text '' is set on object 'Object Repository/VLink/Page_CCSale/txt_UDF4'

2020-12-24 00:31:37 - [MESSAGE][PASSED] - Object 'Object Repository/VLink/Page_CCSale/txt_UDF5' is present

2020-12-24 00:31:38 - [MESSAGE][PASSED] - Text '' is set on object 'Object Repository/VLink/Page_CCSale/txt_UDF5'

2020-12-24 00:31:38 - [MESSAGE][PASSED] - Object 'Object Repository/VLink/Page_CCSale/txt_UDF6' is present

2020-12-24 00:31:39 - [MESSAGE][PASSED] - Text '' is set on object 'Object Repository/VLink/Page_CCSale/txt_UDF6'

2020-12-24 00:31:39 - [MESSAGE][PASSED] - Object 'Object Repository/VLink/Page_CCSale/txt_UDF7' is present

2020-12-24 00:31:40 - [MESSAGE][PASSED] - Text '' is set on object 'Object Repository/VLink/Page_CCSale/txt_UDF7'

2020-12-24 00:31:40 - [MESSAGE][PASSED] - Object 'Object Repository/VLink/Page_CCSale/txt_UDF8' is present

2020-12-24 00:31:41 - [MESSAGE][PASSED] - Text '' is set on object 'Object Repository/VLink/Page_CCSale/txt_UDF8'

2020-12-24 00:31:41 - [MESSAGE][PASSED] - Object 'Object Repository/VLink/Page_CCSale/txt_UDF9' is present

2020-12-24 00:31:41 - [MESSAGE][PASSED] - Text '' is set on object 'Object Repository/VLink/Page_CCSale/txt_UDF9'

2020-12-24 00:31:42 - [MESSAGE][PASSED] - Object 'Object Repository/VLink/Page_CCSale/txt_UDF10' is present

2020-12-24 00:31:42 - [MESSAGE][PASSED] - Text '' is set on object 'Object Repository/VLink/Page_CCSale/txt_UDF10'

2020-12-24 00:31:43 - [MESSAGE][PASSED] - Object 'Object Repository/VLink/Page_CCSale/txt_CardOnFileIndicator' is present

2020-12-24 00:31:43 - [MESSAGE][PASSED] - Text '0' is set on object 'Object Repository/VLink/Page_CCSale/txt_CardOnFileIndicator'

2020-12-24 00:31:44 - [MESSAGE][PASSED] - Object 'Object Repository/VLink/Page_CCSale/txt_StoredCredentialIndicator' is present

2020-12-24 00:31:44 - [MESSAGE][PASSED] - Text 'Initial' is set on object 'Object Repository/VLink/Page_CCSale/txt_StoredCredentialIndicator'

2020-12-24 00:31:45 - [MESSAGE][PASSED] - Object 'Object Repository/VLink/Page_CCSale/txt_COFScheduledIndicator' is present

2020-12-24 00:31:45 - [MESSAGE][PASSED] - Text 'Unscheduled' is set on object 'Object Repository/VLink/Page_CCSale/txt_COFScheduledIndicator'

2020-12-24 00:31:46 - [MESSAGE][PASSED] - Object 'Object Repository/VLink/Page_CCSale/txt_COFTransactionInitiatedBy' is present

2020-12-24 00:31:46 - [MESSAGE][PASSED] - Text 'Customer' is set on object 'Object Repository/VLink/Page_CCSale/txt_COFTransactionInitiatedBy'

2020-12-24 00:31:52 - [MESSAGE][PASSED] - Object: 'Object Repository/VLink/Page_CCSale/btn_ProcessVLinkTransaction' is clicked on

2020-12-24 00:31:57 - [MESSAGE][PASSED] - vlinkPages.saleCCPage.setDataSCC is PASSED

2020-12-24 00:31:57 - [TEST_STEP][PASSED] - if (verifyTextPresent("Transaction approved, no errors", true)): null

2020-12-24 00:31:58 - [MESSAGE][PASSED] - Text 'Transaction approved, no errors' is present on page  using regular expression

2020-12-24 00:31:58 - [TEST_STEP][PASSED] - println("Transaction Approved, no errors text is present on the Confirmation page"): null

2020-12-24 00:31:58 - [TEST_STEP][PASSED] - out.println("Pass Record Number: " + row): null

2020-12-24 00:31:58 - [TEST_STEP][PASSED] - resText = "Pass": null

2020-12-24 00:31:58 - [TEST_STEP][PASSED] - pages.WriteExcel.demoKey(resText, datText, resColumn, datCloumn, fileLoc, nameSheet, row): pages.WriteExcel.demoKey is PASSED

2020-12-24 00:31:58 - [MESSAGE][PASSED] - pages.WriteExcel.demoKey is PASSED

2020-12-24 00:31:58 - [TEST_STEP][PASSED] - sdfo = getText(findTestObject("Object Repository/Page_VLinkReceipt/pre_STX")): Text of object 'Object Repository/Page_VLinkReceipt/pre_STX' is: '<STX>3S8AVEE4lQ1Q                  12088115            0  Transaction approved, no errors                   0                                                                                  Y OK8038   <ETX>'

2020-12-24 00:31:58 - [MESSAGE][PASSED] - Text of object 'Object Repository/Page_VLinkReceipt/pre_STX' is: '<STX>3S8AVEE4lQ1Q                  12088115            0  Transaction approved, no errors                   0                                                                                  Y OK8038   <ETX>'

2020-12-24 00:31:58 - [TEST_STEP][PASSED] - out.println("sdfo: " + sdfo): null

2020-12-24 00:31:58 - [TEST_STEP][PASSED] - remID = substring(5, 35).trim(): null

2020-12-24 00:31:58 - [TEST_STEP][PASSED] - out.println("Remittance ID: " + remID): null

2020-12-24 00:31:58 - [TEST_STEP][PASSED] - traxID = substring(35, 55).trim(): null

2020-12-24 00:31:58 - [TEST_STEP][PASSED] - out.println("Transaction ID: " + traxID): null

2020-12-24 00:31:58 - [TEST_STEP][PASSED] - out.println("End Record Number: " + row): null

2020-12-24 00:31:58 - [TEST_STEP][PASSED] - closeBrowser(): Browser is closed

2020-12-24 00:31:59 - [MESSAGE][PASSED] - Browser is closed

2020-12-24 00:31:59 - [TEST_STEP][PASSED] - out.println("Begin Record Number: " + row): null

2020-12-24 00:31:59 - [TEST_STEP][PASSED] - today = new java.util.Date(): null

2020-12-24 00:31:59 - [TEST_STEP][PASSED] - println(today): null

2020-12-24 00:31:59 - [TEST_STEP][PASSED] - datText = today: null

2020-12-24 00:31:59 - [TEST_STEP][PASSED] - openBrowser(VLinkURL + "authcap.html"): Browser is opened with url: 'https://dev-algorithm.govolution.com/vlinktest/QA/version_2_0/authcap.html'

2020-12-24 00:31:59 - [MESSAGE][INFO] - Starting 'Chrome' driver

2020-12-24 00:31:59 - [MESSAGE][INFO] - User set preference: ['acceptInsecureCerts', 'true']

2020-12-24 00:31:59 - [MESSAGE][INFO] - Action delay is set to 0 milliseconds

2020-12-24 00:32:03 - [MESSAGE][PASSED] - Browser is opened with url: 'https://dev-algorithm.govolution.com/vlinktest/QA/version_2_0/authcap.html'

2020-12-24 00:32:03 - [TEST_STEP][PASSED] - maximizeWindow(): Current window maximized

2020-12-24 00:32:03 - [MESSAGE][PASSED] - Current window maximized

2020-12-24 00:32:03 - [TEST_STEP][PASSED] - vlinkPages.saleCCPage.setDataSCC(row, dataFile): vlinkPages.saleCCPage.setDataSCC is PASSED

2020-12-24 00:32:05 - [MESSAGE][PASSED] - Object 'Object Repository/VLink/Page_CCSale/txt_CardNumber' is present

2020-12-24 00:32:05 - [MESSAGE][PASSED] - Object 'Object Repository/VLink/Page_CCSale/txt_TransactionType' is present

2020-12-24 00:32:06 - [MESSAGE][PASSED] - Text '104' is set on object 'Object Repository/VLink/Page_CCSale/txt_TransactionType'

2020-12-24 00:32:06 - [MESSAGE][PASSED] - Object 'Object Repository/VLink/Page_CCSale/txt_MessageVersion' is present

2020-12-24 00:32:07 - [MESSAGE][PASSED] - Text '2.0C' is set on object 'Object Repository/VLink/Page_CCSale/txt_MessageVersion'

2020-12-24 00:32:07 - [MESSAGE][PASSED] - Object 'Object Repository/VLink/Page_CCSale/txt_RemID' is present

2020-12-24 00:32:08 - [MESSAGE][PASSED] - Text 'avVKtd8lTFz2' is set on object 'Object Repository/VLink/Page_CCSale/txt_RemID'

2020-12-24 00:32:08 - [MESSAGE][PASSED] - Object 'Object Repository/VLink/Page_CCSale/txt_ApplicationId' is present

2020-12-24 00:32:09 - [MESSAGE][PASSED] - Text '667' is set on object 'Object Repository/VLink/Page_CCSale/txt_ApplicationId'

2020-12-24 00:32:09 - [MESSAGE][PASSED] - Object 'Object Repository/VLink/Page_CCSale/txt_Username' is present

2020-12-24 00:32:10 - [MESSAGE][PASSED] - Text 'username' is set on object 'Object Repository/VLink/Page_CCSale/txt_Username'

2020-12-24 00:32:10 - [MESSAGE][PASSED] - Object 'Object Repository/VLink/Page_CCSale/txt_Password' is present

2020-12-24 00:32:11 - [MESSAGE][PASSED] - Text 'password' is set on object 'Object Repository/VLink/Page_CCSale/txt_Password'

2020-12-24 00:32:11 - [MESSAGE][PASSED] - Object 'Object Repository/VLink/Page_CCSale/txt_ResponseFormat' is present

2020-12-24 00:32:11 - [MESSAGE][PASSED] - Text 'fixed_width' is set on object 'Object Repository/VLink/Page_CCSale/txt_ResponseFormat'

2020-12-24 00:32:12 - [MESSAGE][PASSED] - Object 'Object Repository/VLink/Page_CCSale/txt_Category' is present

2020-12-24 00:32:12 - [MESSAGE][PASSED] - Text 'ECOM' is set on object 'Object Repository/VLink/Page_CCSale/txt_Category'

2020-12-24 00:32:13 - [MESSAGE][PASSED] - Object 'Object Repository/VLink/Page_CCSale/txt_TransactionID' is present

2020-12-24 00:32:13 - [MESSAGE][PASSED] - Text '' is set on object 'Object Repository/VLink/Page_CCSale/txt_TransactionID'

2020-12-24 00:32:14 - [MESSAGE][PASSED] - Object 'Object Repository/VLink/Page_CCSale/txt_ApprovalCode' is present

2020-12-24 00:32:14 - [MESSAGE][PASSED] - Text '' is set on object 'Object Repository/VLink/Page_CCSale/txt_ApprovalCode'

2020-12-24 00:32:15 - [MESSAGE][PASSED] - Object 'Object Repository/VLink/Page_CCSale/txt_CardName' is present

2020-12-24 00:32:15 - [MESSAGE][PASSED] - Text 'Kris Roshan' is set on object 'Object Repository/VLink/Page_CCSale/txt_CardName'

2020-12-24 00:32:16 - [MESSAGE][PASSED] - Object 'Object Repository/VLink/Page_CCSale/txt_AL1' is present

2020-12-24 00:32:16 - [MESSAGE][PASSED] - Text '258 Elm Road' is set on object 'Object Repository/VLink/Page_CCSale/txt_AL1'

2020-12-24 00:32:17 - [MESSAGE][PASSED] - Object 'Object Repository/VLink/Page_CCSale/txt_AL2' is present

2020-12-24 00:32:17 - [MESSAGE][PASSED] - Text 'Suite 56' is set on object 'Object Repository/VLink/Page_CCSale/txt_AL2'

2020-12-24 00:32:18 - [MESSAGE][PASSED] - Object 'Object Repository/VLink/Page_CCSale/txt_CardCity' is present

2020-12-24 00:32:18 - [MESSAGE][PASSED] - Text 'Arlington' is set on object 'Object Repository/VLink/Page_CCSale/txt_CardCity'

2020-12-24 00:32:19 - [MESSAGE][PASSED] - Object 'Object Repository/VLink/Page_CCSale/txt_CardState' is present

2020-12-24 00:32:19 - [MESSAGE][PASSED] - Text 'VA' is set on object 'Object Repository/VLink/Page_CCSale/txt_CardState'

2020-12-24 00:32:20 - [MESSAGE][PASSED] - Object 'Object Repository/VLink/Page_CCSale/txt_CardZIP' is present

2020-12-24 00:32:20 - [MESSAGE][PASSED] - Text '22201' is set on object 'Object Repository/VLink/Page_CCSale/txt_CardZIP'

2020-12-24 00:32:21 - [MESSAGE][PASSED] - Object 'Object Repository/VLink/Page_CCSale/txt_CountryID' is present

2020-12-24 00:32:21 - [MESSAGE][PASSED] - Text '840' is set on object 'Object Repository/VLink/Page_CCSale/txt_CountryID'

2020-12-24 00:32:22 - [MESSAGE][PASSED] - Object 'Object Repository/VLink/Page_CCSale/txt_Amount' is present

2020-12-24 00:32:22 - [MESSAGE][PASSED] - Text '1.50' is set on object 'Object Repository/VLink/Page_CCSale/txt_Amount'

2020-12-24 00:32:23 - [MESSAGE][PASSED] - Object 'Object Repository/VLink/Page_CCSale/txt_CardNumber' is present

2020-12-24 00:32:23 - [MESSAGE][PASSED] - Text '6011000000000004' is set on object 'Object Repository/VLink/Page_CCSale/txt_CardNumber'

2020-12-24 00:32:23 - [MESSAGE][PASSED] - Object 'Object Repository/VLink/Page_CCSale/txt_ExpMonth' is present

2020-12-24 00:32:24 - [MESSAGE][PASSED] - Text '12' is set on object 'Object Repository/VLink/Page_CCSale/txt_ExpMonth'

2020-12-24 00:32:24 - [MESSAGE][PASSED] - Object 'Object Repository/VLink/Page_CCSale/txt_ExpYear' is present

2020-12-24 00:32:25 - [MESSAGE][PASSED] - Text '2025' is set on object 'Object Repository/VLink/Page_CCSale/txt_ExpYear'

2020-12-24 00:32:25 - [MESSAGE][PASSED] - Object 'Object Repository/VLink/Page_CCSale/txt_CVV' is present

2020-12-24 00:32:26 - [MESSAGE][PASSED] - Text '' is set on object 'Object Repository/VLink/Page_CCSale/txt_CVV'

2020-12-24 00:32:26 - [MESSAGE][PASSED] - Object 'Object Repository/VLink/Page_CCSale/txt_CVVstate' is present

2020-12-24 00:32:27 - [MESSAGE][PASSED] - Text '' is set on object 'Object Repository/VLink/Page_CCSale/txt_CVVstate'

2020-12-24 00:32:27 - [MESSAGE][PASSED] - Object 'Object Repository/VLink/Page_CCSale/txt_TrackData' is present

2020-12-24 00:32:28 - [MESSAGE][PASSED] - Text '' is set on object 'Object Repository/VLink/Page_CCSale/txt_TrackData'

2020-12-24 00:32:28 - [MESSAGE][PASSED] - Object 'Object Repository/VLink/Page_CCSale/txt_Track1Data' is present

2020-12-24 00:32:29 - [MESSAGE][PASSED] - Text '' is set on object 'Object Repository/VLink/Page_CCSale/txt_Track1Data'

2020-12-24 00:32:29 - [MESSAGE][PASSED] - Object 'Object Repository/VLink/Page_CCSale/txt_Track2Data' is present

2020-12-24 00:32:30 - [MESSAGE][PASSED] - Text '' is set on object 'Object Repository/VLink/Page_CCSale/txt_Track2Data'

2020-12-24 00:32:30 - [MESSAGE][PASSED] - Object 'Object Repository/VLink/Page_CCSale/txt_POSEntryMode' is present

2020-12-24 00:32:31 - [MESSAGE][PASSED] - Text 'manual' is set on object 'Object Repository/VLink/Page_CCSale/txt_POSEntryMode'

2020-12-24 00:32:31 - [MESSAGE][PASSED] - Object 'Object Repository/VLink/Page_CCSale/txt_Email' is present

2020-12-24 00:32:32 - [MESSAGE][PASSED] - Text 'iahmed@govolution.com' is set on object 'Object Repository/VLink/Page_CCSale/txt_Email'

2020-12-24 00:32:32 - [MESSAGE][PASSED] - Object 'Object Repository/VLink/Page_CCSale/txt_OrderNumber' is present

2020-12-24 00:32:33 - [MESSAGE][PASSED] - Text '2569362' is set on object 'Object Repository/VLink/Page_CCSale/txt_OrderNumber'

2020-12-24 00:32:33 - [MESSAGE][PASSED] - Object 'Object Repository/VLink/Page_CCSale/txt_TaxAmount' is present

2020-12-24 00:32:34 - [MESSAGE][PASSED] - Text '1.15' is set on object 'Object Repository/VLink/Page_CCSale/txt_TaxAmount'

2020-12-24 00:32:34 - [MESSAGE][PASSED] - Object 'Object Repository/VLink/Page_CCSale/txt_ChargeDescription' is present

2020-12-24 00:32:35 - [MESSAGE][PASSED] - Text 'Charge Description' is set on object 'Object Repository/VLink/Page_CCSale/txt_ChargeDescription'

2020-12-24 00:32:35 - [MESSAGE][PASSED] - Object 'Object Repository/VLink/Page_CCSale/txt_CAN' is present

2020-12-24 00:32:36 - [MESSAGE][PASSED] - Text '147357' is set on object 'Object Repository/VLink/Page_CCSale/txt_CAN'

2020-12-24 00:32:36 - [MESSAGE][PASSED] - Object 'Object Repository/VLink/Page_CCSale/txt_BillPaymentIndicator' is present

2020-12-24 00:32:37 - [MESSAGE][PASSED] - Text '1' is set on object 'Object Repository/VLink/Page_CCSale/txt_BillPaymentIndicator'

2020-12-24 00:32:37 - [MESSAGE][PASSED] - Object 'Object Repository/VLink/Page_CCSale/txt_UDF1' is present

2020-12-24 00:32:38 - [MESSAGE][PASSED] - Text 'UDF Data 1' is set on object 'Object Repository/VLink/Page_CCSale/txt_UDF1'

2020-12-24 00:32:38 - [MESSAGE][PASSED] - Object 'Object Repository/VLink/Page_CCSale/txt_UDF2' is present

2020-12-24 00:32:39 - [MESSAGE][PASSED] - Text 'UDF Data 2' is set on object 'Object Repository/VLink/Page_CCSale/txt_UDF2'

2020-12-24 00:32:39 - [MESSAGE][PASSED] - Object 'Object Repository/VLink/Page_CCSale/txt_UDF3' is present

2020-12-24 00:32:40 - [MESSAGE][PASSED] - Text 'UDF Data 3' is set on object 'Object Repository/VLink/Page_CCSale/txt_UDF3'

2020-12-24 00:32:40 - [MESSAGE][PASSED] - Object 'Object Repository/VLink/Page_CCSale/txt_UDF4' is present

2020-12-24 00:32:41 - [MESSAGE][PASSED] - Text 'UDF Data 4' is set on object 'Object Repository/VLink/Page_CCSale/txt_UDF4'

2020-12-24 00:32:41 - [MESSAGE][PASSED] - Object 'Object Repository/VLink/Page_CCSale/txt_UDF5' is present

2020-12-24 00:32:42 - [MESSAGE][PASSED] - Text 'UDF Data 5' is set on object 'Object Repository/VLink/Page_CCSale/txt_UDF5'

2020-12-24 00:32:42 - [MESSAGE][PASSED] - Object 'Object Repository/VLink/Page_CCSale/txt_UDF6' is present

2020-12-24 00:32:43 - [MESSAGE][PASSED] - Text 'UDF Data 6' is set on object 'Object Repository/VLink/Page_CCSale/txt_UDF6'

2020-12-24 00:32:43 - [MESSAGE][PASSED] - Object 'Object Repository/VLink/Page_CCSale/txt_UDF7' is present

2020-12-24 00:32:44 - [MESSAGE][PASSED] - Text 'UDF Data 7' is set on object 'Object Repository/VLink/Page_CCSale/txt_UDF7'

2020-12-24 00:32:44 - [MESSAGE][PASSED] - Object 'Object Repository/VLink/Page_CCSale/txt_UDF8' is present

2020-12-24 00:32:45 - [MESSAGE][PASSED] - Text 'UDF Data 8' is set on object 'Object Repository/VLink/Page_CCSale/txt_UDF8'

2020-12-24 00:32:45 - [MESSAGE][PASSED] - Object 'Object Repository/VLink/Page_CCSale/txt_UDF9' is present

2020-12-24 00:32:46 - [MESSAGE][PASSED] - Text 'UDF Data 9' is set on object 'Object Repository/VLink/Page_CCSale/txt_UDF9'

2020-12-24 00:32:46 - [MESSAGE][PASSED] - Object 'Object Repository/VLink/Page_CCSale/txt_UDF10' is present

2020-12-24 00:32:47 - [MESSAGE][PASSED] - Text 'UDF Data 10' is set on object 'Object Repository/VLink/Page_CCSale/txt_UDF10'

2020-12-24 00:32:47 - [MESSAGE][PASSED] - Object 'Object Repository/VLink/Page_CCSale/txt_CardOnFileIndicator' is present

2020-12-24 00:32:48 - [MESSAGE][PASSED] - Text '0' is set on object 'Object Repository/VLink/Page_CCSale/txt_CardOnFileIndicator'

2020-12-24 00:32:48 - [MESSAGE][PASSED] - Object 'Object Repository/VLink/Page_CCSale/txt_StoredCredentialIndicator' is present

2020-12-24 00:32:49 - [MESSAGE][PASSED] - Text 'Initial' is set on object 'Object Repository/VLink/Page_CCSale/txt_StoredCredentialIndicator'

2020-12-24 00:32:49 - [MESSAGE][PASSED] - Object 'Object Repository/VLink/Page_CCSale/txt_COFScheduledIndicator' is present

2020-12-24 00:32:50 - [MESSAGE][PASSED] - Text 'Unscheduled' is set on object 'Object Repository/VLink/Page_CCSale/txt_COFScheduledIndicator'

2020-12-24 00:32:50 - [MESSAGE][PASSED] - Object 'Object Repository/VLink/Page_CCSale/txt_COFTransactionInitiatedBy' is present

2020-12-24 00:32:51 - [MESSAGE][PASSED] - Text 'Customer' is set on object 'Object Repository/VLink/Page_CCSale/txt_COFTransactionInitiatedBy'

2020-12-24 00:32:56 - [MESSAGE][PASSED] - Object: 'Object Repository/VLink/Page_CCSale/btn_ProcessVLinkTransaction' is clicked on

2020-12-24 00:33:01 - [MESSAGE][PASSED] - vlinkPages.saleCCPage.setDataSCC is PASSED

2020-12-24 00:33:01 - [TEST_STEP][PASSED] - if (verifyTextPresent("Transaction approved, no errors", true)): null

2020-12-24 00:33:01 - [MESSAGE][PASSED] - Text 'Transaction approved, no errors' is present on page  using regular expression

2020-12-24 00:33:01 - [TEST_STEP][PASSED] - println("Transaction Approved, no errors text is present on the Confirmation page"): null

2020-12-24 00:33:01 - [TEST_STEP][PASSED] - out.println("Pass Record Number: " + row): null

2020-12-24 00:33:01 - [TEST_STEP][PASSED] - resText = "Pass": null

2020-12-24 00:33:01 - [TEST_STEP][PASSED] - pages.WriteExcel.demoKey(resText, datText, resColumn, datCloumn, fileLoc, nameSheet, row): pages.WriteExcel.demoKey is PASSED

2020-12-24 00:33:01 - [MESSAGE][PASSED] - pages.WriteExcel.demoKey is PASSED

2020-12-24 00:33:01 - [TEST_STEP][PASSED] - sdfo = getText(findTestObject("Object Repository/Page_VLinkReceipt/pre_STX")): Text of object 'Object Repository/Page_VLinkReceipt/pre_STX' is: '<STX>avVKtd8lTFz2                  12088116            0  Transaction approved, no errors                   0                                                                                  Y OK8648   <ETX>'

2020-12-24 00:33:01 - [MESSAGE][PASSED] - Text of object 'Object Repository/Page_VLinkReceipt/pre_STX' is: '<STX>avVKtd8lTFz2                  12088116            0  Transaction approved, no errors                   0                                                                                  Y OK8648   <ETX>'

2020-12-24 00:33:01 - [TEST_STEP][PASSED] - out.println("sdfo: " + sdfo): null

2020-12-24 00:33:01 - [TEST_STEP][PASSED] - remID = substring(5, 35).trim(): null

2020-12-24 00:33:01 - [TEST_STEP][PASSED] - out.println("Remittance ID: " + remID): null

2020-12-24 00:33:01 - [TEST_STEP][PASSED] - traxID = substring(35, 55).trim(): null

2020-12-24 00:33:01 - [TEST_STEP][PASSED] - out.println("Transaction ID: " + traxID): null

2020-12-24 00:33:01 - [TEST_STEP][PASSED] - out.println("End Record Number: " + row): null

2020-12-24 00:33:01 - [TEST_STEP][PASSED] - closeBrowser(): Browser is closed

2020-12-24 00:33:02 - [MESSAGE][PASSED] - Browser is closed

2020-12-24 00:33:02 - [TEST_STEP][PASSED] - out.println("Begin Record Number: " + row): null

2020-12-24 00:33:02 - [TEST_STEP][PASSED] - today = new java.util.Date(): null

2020-12-24 00:33:02 - [TEST_STEP][PASSED] - println(today): null

2020-12-24 00:33:02 - [TEST_STEP][PASSED] - datText = today: null

2020-12-24 00:33:02 - [TEST_STEP][PASSED] - openBrowser(VLinkURL + "authcap.html"): Browser is opened with url: 'https://dev-algorithm.govolution.com/vlinktest/QA/version_2_0/authcap.html'

2020-12-24 00:33:02 - [MESSAGE][INFO] - Starting 'Chrome' driver

2020-12-24 00:33:02 - [MESSAGE][INFO] - User set preference: ['acceptInsecureCerts', 'true']

2020-12-24 00:33:02 - [MESSAGE][INFO] - Action delay is set to 0 milliseconds

2020-12-24 00:33:07 - [MESSAGE][PASSED] - Browser is opened with url: 'https://dev-algorithm.govolution.com/vlinktest/QA/version_2_0/authcap.html'

2020-12-24 00:33:07 - [TEST_STEP][PASSED] - maximizeWindow(): Current window maximized

2020-12-24 00:33:07 - [MESSAGE][PASSED] - Current window maximized

2020-12-24 00:33:07 - [TEST_STEP][PASSED] - vlinkPages.saleCCPage.setDataSCC(row, dataFile): vlinkPages.saleCCPage.setDataSCC is PASSED

2020-12-24 00:33:08 - [MESSAGE][PASSED] - Object 'Object Repository/VLink/Page_CCSale/txt_CardNumber' is present

2020-12-24 00:33:09 - [MESSAGE][PASSED] - Object 'Object Repository/VLink/Page_CCSale/txt_TransactionType' is present

2020-12-24 00:33:09 - [MESSAGE][PASSED] - Text '104' is set on object 'Object Repository/VLink/Page_CCSale/txt_TransactionType'

2020-12-24 00:33:10 - [MESSAGE][PASSED] - Object 'Object Repository/VLink/Page_CCSale/txt_MessageVersion' is present

2020-12-24 00:33:10 - [MESSAGE][PASSED] - Text '2.0C' is set on object 'Object Repository/VLink/Page_CCSale/txt_MessageVersion'

2020-12-24 00:33:11 - [MESSAGE][PASSED] - Object 'Object Repository/VLink/Page_CCSale/txt_RemID' is present

2020-12-24 00:33:11 - [MESSAGE][PASSED] - Text 'bm2FkEO7r3JO' is set on object 'Object Repository/VLink/Page_CCSale/txt_RemID'

2020-12-24 00:33:12 - [MESSAGE][PASSED] - Object 'Object Repository/VLink/Page_CCSale/txt_ApplicationId' is present

2020-12-24 00:33:12 - [MESSAGE][PASSED] - Text '670' is set on object 'Object Repository/VLink/Page_CCSale/txt_ApplicationId'

2020-12-24 00:33:13 - [MESSAGE][PASSED] - Object 'Object Repository/VLink/Page_CCSale/txt_Username' is present

2020-12-24 00:33:13 - [MESSAGE][PASSED] - Text 'username' is set on object 'Object Repository/VLink/Page_CCSale/txt_Username'

2020-12-24 00:33:14 - [MESSAGE][PASSED] - Object 'Object Repository/VLink/Page_CCSale/txt_Password' is present

2020-12-24 00:33:14 - [MESSAGE][PASSED] - Text 'password' is set on object 'Object Repository/VLink/Page_CCSale/txt_Password'

2020-12-24 00:33:15 - [MESSAGE][PASSED] - Object 'Object Repository/VLink/Page_CCSale/txt_ResponseFormat' is present

2020-12-24 00:33:15 - [MESSAGE][PASSED] - Text 'fixed_width' is set on object 'Object Repository/VLink/Page_CCSale/txt_ResponseFormat'

2020-12-24 00:33:15 - [MESSAGE][PASSED] - Object 'Object Repository/VLink/Page_CCSale/txt_Category' is present

2020-12-24 00:33:16 - [MESSAGE][PASSED] - Text 'MOTO' is set on object 'Object Repository/VLink/Page_CCSale/txt_Category'

2020-12-24 00:33:16 - [MESSAGE][PASSED] - Object 'Object Repository/VLink/Page_CCSale/txt_TransactionID' is present

2020-12-24 00:33:17 - [MESSAGE][PASSED] - Text '' is set on object 'Object Repository/VLink/Page_CCSale/txt_TransactionID'

2020-12-24 00:33:17 - [MESSAGE][PASSED] - Object 'Object Repository/VLink/Page_CCSale/txt_ApprovalCode' is present

2020-12-24 00:33:18 - [MESSAGE][PASSED] - Text '' is set on object 'Object Repository/VLink/Page_CCSale/txt_ApprovalCode'

2020-12-24 00:33:18 - [MESSAGE][PASSED] - Object 'Object Repository/VLink/Page_CCSale/txt_CardName' is present

2020-12-24 00:33:19 - [MESSAGE][PASSED] - Text 'Arvind Silva' is set on object 'Object Repository/VLink/Page_CCSale/txt_CardName'

2020-12-24 00:33:19 - [MESSAGE][PASSED] - Object 'Object Repository/VLink/Page_CCSale/txt_AL1' is present

2020-12-24 00:33:19 - [MESSAGE][PASSED] - Text '111 Main Ave' is set on object 'Object Repository/VLink/Page_CCSale/txt_AL1'

2020-12-24 00:33:20 - [MESSAGE][PASSED] - Object 'Object Repository/VLink/Page_CCSale/txt_AL2' is present

2020-12-24 00:33:20 - [MESSAGE][PASSED] - Text '' is set on object 'Object Repository/VLink/Page_CCSale/txt_AL2'

2020-12-24 00:33:21 - [MESSAGE][PASSED] - Object 'Object Repository/VLink/Page_CCSale/txt_CardCity' is present

2020-12-24 00:33:21 - [MESSAGE][PASSED] - Text 'Arlington' is set on object 'Object Repository/VLink/Page_CCSale/txt_CardCity'

2020-12-24 00:33:21 - [MESSAGE][PASSED] - Object 'Object Repository/VLink/Page_CCSale/txt_CardState' is present

2020-12-24 00:33:22 - [MESSAGE][PASSED] - Text 'VA' is set on object 'Object Repository/VLink/Page_CCSale/txt_CardState'

2020-12-24 00:33:22 - [MESSAGE][PASSED] - Object 'Object Repository/VLink/Page_CCSale/txt_CardZIP' is present

2020-12-24 00:33:23 - [MESSAGE][PASSED] - Text '22201' is set on object 'Object Repository/VLink/Page_CCSale/txt_CardZIP'

2020-12-24 00:33:23 - [MESSAGE][PASSED] - Object 'Object Repository/VLink/Page_CCSale/txt_CountryID' is present

2020-12-24 00:33:24 - [MESSAGE][PASSED] - Text '' is set on object 'Object Repository/VLink/Page_CCSale/txt_CountryID'

2020-12-24 00:33:24 - [MESSAGE][PASSED] - Object 'Object Repository/VLink/Page_CCSale/txt_Amount' is present

2020-12-24 00:33:25 - [MESSAGE][PASSED] - Text '2.50' is set on object 'Object Repository/VLink/Page_CCSale/txt_Amount'

2020-12-24 00:33:25 - [MESSAGE][PASSED] - Object 'Object Repository/VLink/Page_CCSale/txt_CardNumber' is present

2020-12-24 00:33:26 - [MESSAGE][PASSED] - Text '4111111111111111' is set on object 'Object Repository/VLink/Page_CCSale/txt_CardNumber'

2020-12-24 00:33:26 - [MESSAGE][PASSED] - Object 'Object Repository/VLink/Page_CCSale/txt_ExpMonth' is present

2020-12-24 00:33:27 - [MESSAGE][PASSED] - Text '01' is set on object 'Object Repository/VLink/Page_CCSale/txt_ExpMonth'

2020-12-24 00:33:27 - [MESSAGE][PASSED] - Object 'Object Repository/VLink/Page_CCSale/txt_ExpYear' is present

2020-12-24 00:33:28 - [MESSAGE][PASSED] - Text '2026' is set on object 'Object Repository/VLink/Page_CCSale/txt_ExpYear'

2020-12-24 00:33:28 - [MESSAGE][PASSED] - Object 'Object Repository/VLink/Page_CCSale/txt_CVV' is present

2020-12-24 00:33:29 - [MESSAGE][PASSED] - Text '' is set on object 'Object Repository/VLink/Page_CCSale/txt_CVV'

2020-12-24 00:33:29 - [MESSAGE][PASSED] - Object 'Object Repository/VLink/Page_CCSale/txt_CVVstate' is present

2020-12-24 00:33:30 - [MESSAGE][PASSED] - Text '' is set on object 'Object Repository/VLink/Page_CCSale/txt_CVVstate'

2020-12-24 00:33:30 - [MESSAGE][PASSED] - Object 'Object Repository/VLink/Page_CCSale/txt_TrackData' is present

2020-12-24 00:33:31 - [MESSAGE][PASSED] - Text '' is set on object 'Object Repository/VLink/Page_CCSale/txt_TrackData'

2020-12-24 00:33:31 - [MESSAGE][PASSED] - Object 'Object Repository/VLink/Page_CCSale/txt_Track1Data' is present

2020-12-24 00:33:32 - [MESSAGE][PASSED] - Text '' is set on object 'Object Repository/VLink/Page_CCSale/txt_Track1Data'

2020-12-24 00:33:32 - [MESSAGE][PASSED] - Object 'Object Repository/VLink/Page_CCSale/txt_Track2Data' is present

2020-12-24 00:33:33 - [MESSAGE][PASSED] - Text '' is set on object 'Object Repository/VLink/Page_CCSale/txt_Track2Data'

2020-12-24 00:33:33 - [MESSAGE][PASSED] - Object 'Object Repository/VLink/Page_CCSale/txt_POSEntryMode' is present

2020-12-24 00:33:34 - [MESSAGE][PASSED] - Text 'manual' is set on object 'Object Repository/VLink/Page_CCSale/txt_POSEntryMode'

2020-12-24 00:33:34 - [MESSAGE][PASSED] - Object 'Object Repository/VLink/Page_CCSale/txt_Email' is present

2020-12-24 00:33:35 - [MESSAGE][PASSED] - Text '' is set on object 'Object Repository/VLink/Page_CCSale/txt_Email'

2020-12-24 00:33:35 - [MESSAGE][PASSED] - Object 'Object Repository/VLink/Page_CCSale/txt_OrderNumber' is present

2020-12-24 00:33:36 - [MESSAGE][PASSED] - Text '' is set on object 'Object Repository/VLink/Page_CCSale/txt_OrderNumber'

2020-12-24 00:33:36 - [MESSAGE][PASSED] - Object 'Object Repository/VLink/Page_CCSale/txt_TaxAmount' is present

2020-12-24 00:33:37 - [MESSAGE][PASSED] - Text '' is set on object 'Object Repository/VLink/Page_CCSale/txt_TaxAmount'

2020-12-24 00:33:37 - [MESSAGE][PASSED] - Object 'Object Repository/VLink/Page_CCSale/txt_ChargeDescription' is present

2020-12-24 00:33:38 - [MESSAGE][PASSED] - Text '' is set on object 'Object Repository/VLink/Page_CCSale/txt_ChargeDescription'

2020-12-24 00:33:38 - [MESSAGE][PASSED] - Object 'Object Repository/VLink/Page_CCSale/txt_CAN' is present

2020-12-24 00:33:39 - [MESSAGE][PASSED] - Text '' is set on object 'Object Repository/VLink/Page_CCSale/txt_CAN'

2020-12-24 00:33:39 - [MESSAGE][PASSED] - Object 'Object Repository/VLink/Page_CCSale/txt_BillPaymentIndicator' is present

2020-12-24 00:33:40 - [MESSAGE][PASSED] - Text '' is set on object 'Object Repository/VLink/Page_CCSale/txt_BillPaymentIndicator'

2020-12-24 00:33:40 - [MESSAGE][PASSED] - Object 'Object Repository/VLink/Page_CCSale/txt_UDF1' is present

2020-12-24 00:33:41 - [MESSAGE][PASSED] - Text '' is set on object 'Object Repository/VLink/Page_CCSale/txt_UDF1'

2020-12-24 00:33:41 - [MESSAGE][PASSED] - Object 'Object Repository/VLink/Page_CCSale/txt_UDF2' is present

2020-12-24 00:33:42 - [MESSAGE][PASSED] - Text '' is set on object 'Object Repository/VLink/Page_CCSale/txt_UDF2'

2020-12-24 00:33:42 - [MESSAGE][PASSED] - Object 'Object Repository/VLink/Page_CCSale/txt_UDF3' is present

2020-12-24 00:33:43 - [MESSAGE][PASSED] - Text '' is set on object 'Object Repository/VLink/Page_CCSale/txt_UDF3'

2020-12-24 00:33:43 - [MESSAGE][PASSED] - Object 'Object Repository/VLink/Page_CCSale/txt_UDF4' is present

2020-12-24 00:33:44 - [MESSAGE][PASSED] - Text '' is set on object 'Object Repository/VLink/Page_CCSale/txt_UDF4'

2020-12-24 00:33:44 - [MESSAGE][PASSED] - Object 'Object Repository/VLink/Page_CCSale/txt_UDF5' is present

2020-12-24 00:33:45 - [MESSAGE][PASSED] - Text '' is set on object 'Object Repository/VLink/Page_CCSale/txt_UDF5'

2020-12-24 00:33:45 - [MESSAGE][PASSED] - Object 'Object Repository/VLink/Page_CCSale/txt_UDF6' is present

2020-12-24 00:33:46 - [MESSAGE][PASSED] - Text '' is set on object 'Object Repository/VLink/Page_CCSale/txt_UDF6'

2020-12-24 00:33:46 - [MESSAGE][PASSED] - Object 'Object Repository/VLink/Page_CCSale/txt_UDF7' is present

2020-12-24 00:33:47 - [MESSAGE][PASSED] - Text '' is set on object 'Object Repository/VLink/Page_CCSale/txt_UDF7'

2020-12-24 00:33:47 - [MESSAGE][PASSED] - Object 'Object Repository/VLink/Page_CCSale/txt_UDF8' is present

2020-12-24 00:33:48 - [MESSAGE][PASSED] - Text '' is set on object 'Object Repository/VLink/Page_CCSale/txt_UDF8'

2020-12-24 00:33:48 - [MESSAGE][PASSED] - Object 'Object Repository/VLink/Page_CCSale/txt_UDF9' is present

2020-12-24 00:33:49 - [MESSAGE][PASSED] - Text '' is set on object 'Object Repository/VLink/Page_CCSale/txt_UDF9'

2020-12-24 00:33:49 - [MESSAGE][PASSED] - Object 'Object Repository/VLink/Page_CCSale/txt_UDF10' is present

2020-12-24 00:33:50 - [MESSAGE][PASSED] - Text '' is set on object 'Object Repository/VLink/Page_CCSale/txt_UDF10'

2020-12-24 00:33:50 - [MESSAGE][PASSED] - Object 'Object Repository/VLink/Page_CCSale/txt_CardOnFileIndicator' is present

2020-12-24 00:33:51 - [MESSAGE][PASSED] - Text '0' is set on object 'Object Repository/VLink/Page_CCSale/txt_CardOnFileIndicator'

2020-12-24 00:33:51 - [MESSAGE][PASSED] - Object 'Object Repository/VLink/Page_CCSale/txt_StoredCredentialIndicator' is present

2020-12-24 00:33:52 - [MESSAGE][PASSED] - Text 'Initial' is set on object 'Object Repository/VLink/Page_CCSale/txt_StoredCredentialIndicator'

2020-12-24 00:33:52 - [MESSAGE][PASSED] - Object 'Object Repository/VLink/Page_CCSale/txt_COFScheduledIndicator' is present

2020-12-24 00:33:53 - [MESSAGE][PASSED] - Text 'Unscheduled' is set on object 'Object Repository/VLink/Page_CCSale/txt_COFScheduledIndicator'

2020-12-24 00:33:53 - [MESSAGE][PASSED] - Object 'Object Repository/VLink/Page_CCSale/txt_COFTransactionInitiatedBy' is present

2020-12-24 00:33:54 - [MESSAGE][PASSED] - Text 'Customer' is set on object 'Object Repository/VLink/Page_CCSale/txt_COFTransactionInitiatedBy'

2020-12-24 00:33:59 - [MESSAGE][PASSED] - Object: 'Object Repository/VLink/Page_CCSale/btn_ProcessVLinkTransaction' is clicked on

2020-12-24 00:34:04 - [MESSAGE][PASSED] - vlinkPages.saleCCPage.setDataSCC is PASSED

2020-12-24 00:34:04 - [TEST_STEP][PASSED] - if (verifyTextPresent("Transaction approved, no errors", true)): null

2020-12-24 00:34:05 - [MESSAGE][PASSED] - Text 'Transaction approved, no errors' is present on page  using regular expression

2020-12-24 00:34:05 - [TEST_STEP][PASSED] - println("Transaction Approved, no errors text is present on the Confirmation page"): null

2020-12-24 00:34:05 - [TEST_STEP][PASSED] - out.println("Pass Record Number: " + row): null

2020-12-24 00:34:05 - [TEST_STEP][PASSED] - resText = "Pass": null

2020-12-24 00:34:05 - [TEST_STEP][PASSED] - pages.WriteExcel.demoKey(resText, datText, resColumn, datCloumn, fileLoc, nameSheet, row): pages.WriteExcel.demoKey is PASSED

2020-12-24 00:34:05 - [MESSAGE][PASSED] - pages.WriteExcel.demoKey is PASSED

2020-12-24 00:34:05 - [TEST_STEP][PASSED] - sdfo = getText(findTestObject("Object Repository/Page_VLinkReceipt/pre_STX")): Text of object 'Object Repository/Page_VLinkReceipt/pre_STX' is: '<STX>bm2FkEO7r3JO                  12088117            0  Transaction approved, no errors                   0                                                                                  Y OK9198   <ETX>'

2020-12-24 00:34:05 - [MESSAGE][PASSED] - Text of object 'Object Repository/Page_VLinkReceipt/pre_STX' is: '<STX>bm2FkEO7r3JO                  12088117            0  Transaction approved, no errors                   0                                                                                  Y OK9198   <ETX>'

2020-12-24 00:34:05 - [TEST_STEP][PASSED] - out.println("sdfo: " + sdfo): null

2020-12-24 00:34:05 - [TEST_STEP][PASSED] - remID = substring(5, 35).trim(): null

2020-12-24 00:34:05 - [TEST_STEP][PASSED] - out.println("Remittance ID: " + remID): null

2020-12-24 00:34:05 - [TEST_STEP][PASSED] - traxID = substring(35, 55).trim(): null

2020-12-24 00:34:05 - [TEST_STEP][PASSED] - out.println("Transaction ID: " + traxID): null

2020-12-24 00:34:05 - [TEST_STEP][PASSED] - out.println("End Record Number: " + row): null

2020-12-24 00:34:05 - [TEST_STEP][PASSED] - closeBrowser(): Browser is closed

2020-12-24 00:34:06 - [MESSAGE][PASSED] - Browser is closed

2020-12-24 00:34:06 - [TEST_STEP][PASSED] - out.println("Begin Record Number: " + row): null

2020-12-24 00:34:06 - [TEST_STEP][PASSED] - today = new java.util.Date(): null

2020-12-24 00:34:06 - [TEST_STEP][PASSED] - println(today): null

2020-12-24 00:34:06 - [TEST_STEP][PASSED] - datText = today: null

2020-12-24 00:34:06 - [TEST_STEP][PASSED] - openBrowser(VLinkURL + "authcap.html"): Browser is opened with url: 'https://dev-algorithm.govolution.com/vlinktest/QA/version_2_0/authcap.html'

2020-12-24 00:34:06 - [MESSAGE][INFO] - Starting 'Chrome' driver

2020-12-24 00:34:06 - [MESSAGE][INFO] - User set preference: ['acceptInsecureCerts', 'true']

2020-12-24 00:34:06 - [MESSAGE][INFO] - Action delay is set to 0 milliseconds

2020-12-24 00:34:10 - [MESSAGE][PASSED] - Browser is opened with url: 'https://dev-algorithm.govolution.com/vlinktest/QA/version_2_0/authcap.html'

2020-12-24 00:34:10 - [TEST_STEP][PASSED] - maximizeWindow(): Current window maximized

2020-12-24 00:34:10 - [MESSAGE][PASSED] - Current window maximized

2020-12-24 00:34:10 - [TEST_STEP][PASSED] - vlinkPages.saleCCPage.setDataSCC(row, dataFile): vlinkPages.saleCCPage.setDataSCC is PASSED

2020-12-24 00:34:12 - [MESSAGE][PASSED] - Object 'Object Repository/VLink/Page_CCSale/txt_CardNumber' is present

2020-12-24 00:34:12 - [MESSAGE][PASSED] - Object 'Object Repository/VLink/Page_CCSale/txt_TransactionType' is present

2020-12-24 00:34:13 - [MESSAGE][PASSED] - Text '104' is set on object 'Object Repository/VLink/Page_CCSale/txt_TransactionType'

2020-12-24 00:34:13 - [MESSAGE][PASSED] - Object 'Object Repository/VLink/Page_CCSale/txt_MessageVersion' is present

2020-12-24 00:34:14 - [MESSAGE][PASSED] - Text '2.0C' is set on object 'Object Repository/VLink/Page_CCSale/txt_MessageVersion'

2020-12-24 00:34:14 - [MESSAGE][PASSED] - Object 'Object Repository/VLink/Page_CCSale/txt_RemID' is present

2020-12-24 00:34:15 - [MESSAGE][PASSED] - Text 'GZ0t56rPwgPh' is set on object 'Object Repository/VLink/Page_CCSale/txt_RemID'

2020-12-24 00:34:15 - [MESSAGE][PASSED] - Object 'Object Repository/VLink/Page_CCSale/txt_ApplicationId' is present

2020-12-24 00:34:16 - [MESSAGE][PASSED] - Text '670' is set on object 'Object Repository/VLink/Page_CCSale/txt_ApplicationId'

2020-12-24 00:34:16 - [MESSAGE][PASSED] - Object 'Object Repository/VLink/Page_CCSale/txt_Username' is present

2020-12-24 00:34:17 - [MESSAGE][PASSED] - Text 'username' is set on object 'Object Repository/VLink/Page_CCSale/txt_Username'

2020-12-24 00:34:17 - [MESSAGE][PASSED] - Object 'Object Repository/VLink/Page_CCSale/txt_Password' is present

2020-12-24 00:34:17 - [MESSAGE][PASSED] - Text 'password' is set on object 'Object Repository/VLink/Page_CCSale/txt_Password'

2020-12-24 00:34:18 - [MESSAGE][PASSED] - Object 'Object Repository/VLink/Page_CCSale/txt_ResponseFormat' is present

2020-12-24 00:34:18 - [MESSAGE][PASSED] - Text 'fixed_width' is set on object 'Object Repository/VLink/Page_CCSale/txt_ResponseFormat'

2020-12-24 00:34:19 - [MESSAGE][PASSED] - Object 'Object Repository/VLink/Page_CCSale/txt_Category' is present

2020-12-24 00:34:19 - [MESSAGE][PASSED] - Text 'MOTO' is set on object 'Object Repository/VLink/Page_CCSale/txt_Category'

2020-12-24 00:34:20 - [MESSAGE][PASSED] - Object 'Object Repository/VLink/Page_CCSale/txt_TransactionID' is present

2020-12-24 00:34:20 - [MESSAGE][PASSED] - Text '' is set on object 'Object Repository/VLink/Page_CCSale/txt_TransactionID'

2020-12-24 00:34:21 - [MESSAGE][PASSED] - Object 'Object Repository/VLink/Page_CCSale/txt_ApprovalCode' is present

2020-12-24 00:34:21 - [MESSAGE][PASSED] - Text '' is set on object 'Object Repository/VLink/Page_CCSale/txt_ApprovalCode'

2020-12-24 00:34:22 - [MESSAGE][PASSED] - Object 'Object Repository/VLink/Page_CCSale/txt_CardName' is present

2020-12-24 00:34:22 - [MESSAGE][PASSED] - Text 'Roshan Maha' is set on object 'Object Repository/VLink/Page_CCSale/txt_CardName'

2020-12-24 00:34:22 - [MESSAGE][PASSED] - Object 'Object Repository/VLink/Page_CCSale/txt_AL1' is present

2020-12-24 00:34:23 - [MESSAGE][PASSED] - Text '12563 Bazaar road' is set on object 'Object Repository/VLink/Page_CCSale/txt_AL1'

2020-12-24 00:34:23 - [MESSAGE][PASSED] - Object 'Object Repository/VLink/Page_CCSale/txt_AL2' is present

2020-12-24 00:34:24 - [MESSAGE][PASSED] - Text '' is set on object 'Object Repository/VLink/Page_CCSale/txt_AL2'

2020-12-24 00:34:24 - [MESSAGE][PASSED] - Object 'Object Repository/VLink/Page_CCSale/txt_CardCity' is present

2020-12-24 00:34:25 - [MESSAGE][PASSED] - Text 'Crofton' is set on object 'Object Repository/VLink/Page_CCSale/txt_CardCity'

2020-12-24 00:34:25 - [MESSAGE][PASSED] - Object 'Object Repository/VLink/Page_CCSale/txt_CardState' is present

2020-12-24 00:34:26 - [MESSAGE][PASSED] - Text 'MD' is set on object 'Object Repository/VLink/Page_CCSale/txt_CardState'

2020-12-24 00:34:26 - [MESSAGE][PASSED] - Object 'Object Repository/VLink/Page_CCSale/txt_CardZIP' is present

2020-12-24 00:34:27 - [MESSAGE][PASSED] - Text '21114' is set on object 'Object Repository/VLink/Page_CCSale/txt_CardZIP'

2020-12-24 00:34:27 - [MESSAGE][PASSED] - Object 'Object Repository/VLink/Page_CCSale/txt_CountryID' is present

2020-12-24 00:34:28 - [MESSAGE][PASSED] - Text '' is set on object 'Object Repository/VLink/Page_CCSale/txt_CountryID'

2020-12-24 00:34:28 - [MESSAGE][PASSED] - Object 'Object Repository/VLink/Page_CCSale/txt_Amount' is present

2020-12-24 00:34:29 - [MESSAGE][PASSED] - Text '3.50' is set on object 'Object Repository/VLink/Page_CCSale/txt_Amount'

2020-12-24 00:34:29 - [MESSAGE][PASSED] - Object 'Object Repository/VLink/Page_CCSale/txt_CardNumber' is present

2020-12-24 00:34:30 - [MESSAGE][PASSED] - Text '5424000000000015' is set on object 'Object Repository/VLink/Page_CCSale/txt_CardNumber'

2020-12-24 00:34:30 - [MESSAGE][PASSED] - Object 'Object Repository/VLink/Page_CCSale/txt_ExpMonth' is present

2020-12-24 00:34:31 - [MESSAGE][PASSED] - Text '01' is set on object 'Object Repository/VLink/Page_CCSale/txt_ExpMonth'

2020-12-24 00:34:31 - [MESSAGE][PASSED] - Object 'Object Repository/VLink/Page_CCSale/txt_ExpYear' is present

2020-12-24 00:34:32 - [MESSAGE][PASSED] - Text '2026' is set on object 'Object Repository/VLink/Page_CCSale/txt_ExpYear'

2020-12-24 00:34:32 - [MESSAGE][PASSED] - Object 'Object Repository/VLink/Page_CCSale/txt_CVV' is present

2020-12-24 00:34:33 - [MESSAGE][PASSED] - Text '' is set on object 'Object Repository/VLink/Page_CCSale/txt_CVV'

2020-12-24 00:34:33 - [MESSAGE][PASSED] - Object 'Object Repository/VLink/Page_CCSale/txt_CVVstate' is present

2020-12-24 00:34:34 - [MESSAGE][PASSED] - Text '' is set on object 'Object Repository/VLink/Page_CCSale/txt_CVVstate'

2020-12-24 00:34:34 - [MESSAGE][PASSED] - Object 'Object Repository/VLink/Page_CCSale/txt_TrackData' is present

2020-12-24 00:34:35 - [MESSAGE][PASSED] - Text '' is set on object 'Object Repository/VLink/Page_CCSale/txt_TrackData'

2020-12-24 00:34:35 - [MESSAGE][PASSED] - Object 'Object Repository/VLink/Page_CCSale/txt_Track1Data' is present

2020-12-24 00:34:36 - [MESSAGE][PASSED] - Text '' is set on object 'Object Repository/VLink/Page_CCSale/txt_Track1Data'

2020-12-24 00:34:36 - [MESSAGE][PASSED] - Object 'Object Repository/VLink/Page_CCSale/txt_Track2Data' is present

2020-12-24 00:34:37 - [MESSAGE][PASSED] - Text '' is set on object 'Object Repository/VLink/Page_CCSale/txt_Track2Data'

2020-12-24 00:34:37 - [MESSAGE][PASSED] - Object 'Object Repository/VLink/Page_CCSale/txt_POSEntryMode' is present

2020-12-24 00:34:38 - [MESSAGE][PASSED] - Text 'manual' is set on object 'Object Repository/VLink/Page_CCSale/txt_POSEntryMode'

2020-12-24 00:34:38 - [MESSAGE][PASSED] - Object 'Object Repository/VLink/Page_CCSale/txt_Email' is present

2020-12-24 00:34:39 - [MESSAGE][PASSED] - Text '' is set on object 'Object Repository/VLink/Page_CCSale/txt_Email'

2020-12-24 00:34:39 - [MESSAGE][PASSED] - Object 'Object Repository/VLink/Page_CCSale/txt_OrderNumber' is present

2020-12-24 00:34:40 - [MESSAGE][PASSED] - Text '' is set on object 'Object Repository/VLink/Page_CCSale/txt_OrderNumber'

2020-12-24 00:34:40 - [MESSAGE][PASSED] - Object 'Object Repository/VLink/Page_CCSale/txt_TaxAmount' is present

2020-12-24 00:34:40 - [MESSAGE][PASSED] - Text '' is set on object 'Object Repository/VLink/Page_CCSale/txt_TaxAmount'

2020-12-24 00:34:41 - [MESSAGE][PASSED] - Object 'Object Repository/VLink/Page_CCSale/txt_ChargeDescription' is present

2020-12-24 00:34:41 - [MESSAGE][PASSED] - Text '' is set on object 'Object Repository/VLink/Page_CCSale/txt_ChargeDescription'

2020-12-24 00:34:42 - [MESSAGE][PASSED] - Object 'Object Repository/VLink/Page_CCSale/txt_CAN' is present

2020-12-24 00:34:42 - [MESSAGE][PASSED] - Text '' is set on object 'Object Repository/VLink/Page_CCSale/txt_CAN'

2020-12-24 00:34:43 - [MESSAGE][PASSED] - Object 'Object Repository/VLink/Page_CCSale/txt_BillPaymentIndicator' is present

2020-12-24 00:34:43 - [MESSAGE][PASSED] - Text '' is set on object 'Object Repository/VLink/Page_CCSale/txt_BillPaymentIndicator'

2020-12-24 00:34:44 - [MESSAGE][PASSED] - Object 'Object Repository/VLink/Page_CCSale/txt_UDF1' is present

2020-12-24 00:34:44 - [MESSAGE][PASSED] - Text '' is set on object 'Object Repository/VLink/Page_CCSale/txt_UDF1'

2020-12-24 00:34:45 - [MESSAGE][PASSED] - Object 'Object Repository/VLink/Page_CCSale/txt_UDF2' is present

2020-12-24 00:34:45 - [MESSAGE][PASSED] - Text '' is set on object 'Object Repository/VLink/Page_CCSale/txt_UDF2'

2020-12-24 00:34:46 - [MESSAGE][PASSED] - Object 'Object Repository/VLink/Page_CCSale/txt_UDF3' is present

2020-12-24 00:34:46 - [MESSAGE][PASSED] - Text '' is set on object 'Object Repository/VLink/Page_CCSale/txt_UDF3'

2020-12-24 00:34:47 - [MESSAGE][PASSED] - Object 'Object Repository/VLink/Page_CCSale/txt_UDF4' is present

2020-12-24 00:34:47 - [MESSAGE][PASSED] - Text '' is set on object 'Object Repository/VLink/Page_CCSale/txt_UDF4'

2020-12-24 00:34:48 - [MESSAGE][PASSED] - Object 'Object Repository/VLink/Page_CCSale/txt_UDF5' is present

2020-12-24 00:34:48 - [MESSAGE][PASSED] - Text '' is set on object 'Object Repository/VLink/Page_CCSale/txt_UDF5'

2020-12-24 00:34:49 - [MESSAGE][PASSED] - Object 'Object Repository/VLink/Page_CCSale/txt_UDF6' is present

2020-12-24 00:34:49 - [MESSAGE][PASSED] - Text '' is set on object 'Object Repository/VLink/Page_CCSale/txt_UDF6'

2020-12-24 00:34:50 - [MESSAGE][PASSED] - Object 'Object Repository/VLink/Page_CCSale/txt_UDF7' is present

2020-12-24 00:34:50 - [MESSAGE][PASSED] - Text '' is set on object 'Object Repository/VLink/Page_CCSale/txt_UDF7'

2020-12-24 00:34:50 - [MESSAGE][PASSED] - Object 'Object Repository/VLink/Page_CCSale/txt_UDF8' is present

2020-12-24 00:34:51 - [MESSAGE][PASSED] - Text '' is set on object 'Object Repository/VLink/Page_CCSale/txt_UDF8'

2020-12-24 00:34:51 - [MESSAGE][PASSED] - Object 'Object Repository/VLink/Page_CCSale/txt_UDF9' is present

2020-12-24 00:34:52 - [MESSAGE][PASSED] - Text '' is set on object 'Object Repository/VLink/Page_CCSale/txt_UDF9'

2020-12-24 00:34:52 - [MESSAGE][PASSED] - Object 'Object Repository/VLink/Page_CCSale/txt_UDF10' is present

2020-12-24 00:34:53 - [MESSAGE][PASSED] - Text '' is set on object 'Object Repository/VLink/Page_CCSale/txt_UDF10'

2020-12-24 00:34:53 - [MESSAGE][PASSED] - Object 'Object Repository/VLink/Page_CCSale/txt_CardOnFileIndicator' is present

2020-12-24 00:34:54 - [MESSAGE][PASSED] - Text '0' is set on object 'Object Repository/VLink/Page_CCSale/txt_CardOnFileIndicator'

2020-12-24 00:34:54 - [MESSAGE][PASSED] - Object 'Object Repository/VLink/Page_CCSale/txt_StoredCredentialIndicator' is present

2020-12-24 00:34:55 - [MESSAGE][PASSED] - Text 'Initial' is set on object 'Object Repository/VLink/Page_CCSale/txt_StoredCredentialIndicator'

2020-12-24 00:34:55 - [MESSAGE][PASSED] - Object 'Object Repository/VLink/Page_CCSale/txt_COFScheduledIndicator' is present

2020-12-24 00:34:56 - [MESSAGE][PASSED] - Text 'Unscheduled' is set on object 'Object Repository/VLink/Page_CCSale/txt_COFScheduledIndicator'

2020-12-24 00:34:56 - [MESSAGE][PASSED] - Object 'Object Repository/VLink/Page_CCSale/txt_COFTransactionInitiatedBy' is present

2020-12-24 00:34:57 - [MESSAGE][PASSED] - Text 'Customer' is set on object 'Object Repository/VLink/Page_CCSale/txt_COFTransactionInitiatedBy'

2020-12-24 00:35:01 - [MESSAGE][PASSED] - Object: 'Object Repository/VLink/Page_CCSale/btn_ProcessVLinkTransaction' is clicked on

2020-12-24 00:35:06 - [MESSAGE][PASSED] - vlinkPages.saleCCPage.setDataSCC is PASSED

2020-12-24 00:35:06 - [TEST_STEP][PASSED] - if (verifyTextPresent("Transaction approved, no errors", true)): null

2020-12-24 00:35:06 - [MESSAGE][PASSED] - Text 'Transaction approved, no errors' is present on page  using regular expression

2020-12-24 00:35:06 - [TEST_STEP][PASSED] - println("Transaction Approved, no errors text is present on the Confirmation page"): null

2020-12-24 00:35:06 - [TEST_STEP][PASSED] - out.println("Pass Record Number: " + row): null

2020-12-24 00:35:06 - [TEST_STEP][PASSED] - resText = "Pass": null

2020-12-24 00:35:06 - [TEST_STEP][PASSED] - pages.WriteExcel.demoKey(resText, datText, resColumn, datCloumn, fileLoc, nameSheet, row): pages.WriteExcel.demoKey is PASSED

2020-12-24 00:35:06 - [MESSAGE][PASSED] - pages.WriteExcel.demoKey is PASSED

2020-12-24 00:35:06 - [TEST_STEP][PASSED] - sdfo = getText(findTestObject("Object Repository/Page_VLinkReceipt/pre_STX")): Text of object 'Object Repository/Page_VLinkReceipt/pre_STX' is: '<STX>GZ0t56rPwgPh                  12088118            0  Transaction approved, no errors                   0                                                                                  Y OK9428   <ETX>'

2020-12-24 00:35:06 - [MESSAGE][PASSED] - Text of object 'Object Repository/Page_VLinkReceipt/pre_STX' is: '<STX>GZ0t56rPwgPh                  12088118            0  Transaction approved, no errors                   0                                                                                  Y OK9428   <ETX>'

2020-12-24 00:35:06 - [TEST_STEP][PASSED] - out.println("sdfo: " + sdfo): null

2020-12-24 00:35:06 - [TEST_STEP][PASSED] - remID = substring(5, 35).trim(): null

2020-12-24 00:35:06 - [TEST_STEP][PASSED] - out.println("Remittance ID: " + remID): null

2020-12-24 00:35:06 - [TEST_STEP][PASSED] - traxID = substring(35, 55).trim(): null

2020-12-24 00:35:06 - [TEST_STEP][PASSED] - out.println("Transaction ID: " + traxID): null

2020-12-24 00:35:06 - [TEST_STEP][PASSED] - out.println("End Record Number: " + row): null

2020-12-24 00:35:06 - [TEST_STEP][PASSED] - closeBrowser(): Browser is closed

2020-12-24 00:35:07 - [MESSAGE][PASSED] - Browser is closed

2020-12-24 00:35:07 - [TEST_STEP][PASSED] - out.println("Begin Record Number: " + row): null

2020-12-24 00:35:07 - [TEST_STEP][PASSED] - today = new java.util.Date(): null

2020-12-24 00:35:07 - [TEST_STEP][PASSED] - println(today): null

2020-12-24 00:35:07 - [TEST_STEP][PASSED] - datText = today: null

2020-12-24 00:35:07 - [TEST_STEP][PASSED] - openBrowser(VLinkURL + "authcap.html"): Browser is opened with url: 'https://dev-algorithm.govolution.com/vlinktest/QA/version_2_0/authcap.html'

2020-12-24 00:35:07 - [MESSAGE][INFO] - Starting 'Chrome' driver

2020-12-24 00:35:07 - [MESSAGE][INFO] - User set preference: ['acceptInsecureCerts', 'true']

2020-12-24 00:35:07 - [MESSAGE][INFO] - Action delay is set to 0 milliseconds

2020-12-24 00:35:11 - [MESSAGE][PASSED] - Browser is opened with url: 'https://dev-algorithm.govolution.com/vlinktest/QA/version_2_0/authcap.html'

2020-12-24 00:35:11 - [TEST_STEP][PASSED] - maximizeWindow(): Current window maximized

2020-12-24 00:35:11 - [MESSAGE][PASSED] - Current window maximized

2020-12-24 00:35:11 - [TEST_STEP][PASSED] - vlinkPages.saleCCPage.setDataSCC(row, dataFile): vlinkPages.saleCCPage.setDataSCC is PASSED

2020-12-24 00:35:13 - [MESSAGE][PASSED] - Object 'Object Repository/VLink/Page_CCSale/txt_CardNumber' is present

2020-12-24 00:35:13 - [MESSAGE][PASSED] - Object 'Object Repository/VLink/Page_CCSale/txt_TransactionType' is present

2020-12-24 00:35:14 - [MESSAGE][PASSED] - Text '104' is set on object 'Object Repository/VLink/Page_CCSale/txt_TransactionType'

2020-12-24 00:35:14 - [MESSAGE][PASSED] - Object 'Object Repository/VLink/Page_CCSale/txt_MessageVersion' is present

2020-12-24 00:35:15 - [MESSAGE][PASSED] - Text '2.0C' is set on object 'Object Repository/VLink/Page_CCSale/txt_MessageVersion'

2020-12-24 00:35:15 - [MESSAGE][PASSED] - Object 'Object Repository/VLink/Page_CCSale/txt_RemID' is present

2020-12-24 00:35:16 - [MESSAGE][PASSED] - Text 'iaQeWtQp0Upo' is set on object 'Object Repository/VLink/Page_CCSale/txt_RemID'

2020-12-24 00:35:16 - [MESSAGE][PASSED] - Object 'Object Repository/VLink/Page_CCSale/txt_ApplicationId' is present

2020-12-24 00:35:17 - [MESSAGE][PASSED] - Text '670' is set on object 'Object Repository/VLink/Page_CCSale/txt_ApplicationId'

2020-12-24 00:35:17 - [MESSAGE][PASSED] - Object 'Object Repository/VLink/Page_CCSale/txt_Username' is present

2020-12-24 00:35:18 - [MESSAGE][PASSED] - Text 'username' is set on object 'Object Repository/VLink/Page_CCSale/txt_Username'

2020-12-24 00:35:18 - [MESSAGE][PASSED] - Object 'Object Repository/VLink/Page_CCSale/txt_Password' is present

2020-12-24 00:35:19 - [MESSAGE][PASSED] - Text 'password' is set on object 'Object Repository/VLink/Page_CCSale/txt_Password'

2020-12-24 00:35:19 - [MESSAGE][PASSED] - Object 'Object Repository/VLink/Page_CCSale/txt_ResponseFormat' is present

2020-12-24 00:35:20 - [MESSAGE][PASSED] - Text 'fixed_width' is set on object 'Object Repository/VLink/Page_CCSale/txt_ResponseFormat'

2020-12-24 00:35:20 - [MESSAGE][PASSED] - Object 'Object Repository/VLink/Page_CCSale/txt_Category' is present

2020-12-24 00:35:21 - [MESSAGE][PASSED] - Text 'MOTO' is set on object 'Object Repository/VLink/Page_CCSale/txt_Category'

2020-12-24 00:35:21 - [MESSAGE][PASSED] - Object 'Object Repository/VLink/Page_CCSale/txt_TransactionID' is present

2020-12-24 00:35:21 - [MESSAGE][PASSED] - Text '' is set on object 'Object Repository/VLink/Page_CCSale/txt_TransactionID'

2020-12-24 00:35:22 - [MESSAGE][PASSED] - Object 'Object Repository/VLink/Page_CCSale/txt_ApprovalCode' is present

2020-12-24 00:35:22 - [MESSAGE][PASSED] - Text '' is set on object 'Object Repository/VLink/Page_CCSale/txt_ApprovalCode'

2020-12-24 00:35:23 - [MESSAGE][PASSED] - Object 'Object Repository/VLink/Page_CCSale/txt_CardName' is present

2020-12-24 00:35:23 - [MESSAGE][PASSED] - Text 'Kris Roshan' is set on object 'Object Repository/VLink/Page_CCSale/txt_CardName'

2020-12-24 00:35:24 - [MESSAGE][PASSED] - Object 'Object Repository/VLink/Page_CCSale/txt_AL1' is present

2020-12-24 00:35:24 - [MESSAGE][PASSED] - Text '258 Elm Road' is set on object 'Object Repository/VLink/Page_CCSale/txt_AL1'

2020-12-24 00:35:24 - [MESSAGE][PASSED] - Object 'Object Repository/VLink/Page_CCSale/txt_AL2' is present

2020-12-24 00:35:25 - [MESSAGE][PASSED] - Text 'Suite 56' is set on object 'Object Repository/VLink/Page_CCSale/txt_AL2'

2020-12-24 00:35:25 - [MESSAGE][PASSED] - Object 'Object Repository/VLink/Page_CCSale/txt_CardCity' is present

2020-12-24 00:35:26 - [MESSAGE][PASSED] - Text 'Arlington' is set on object 'Object Repository/VLink/Page_CCSale/txt_CardCity'

2020-12-24 00:35:26 - [MESSAGE][PASSED] - Object 'Object Repository/VLink/Page_CCSale/txt_CardState' is present

2020-12-24 00:35:27 - [MESSAGE][PASSED] - Text 'VA' is set on object 'Object Repository/VLink/Page_CCSale/txt_CardState'

2020-12-24 00:35:27 - [MESSAGE][PASSED] - Object 'Object Repository/VLink/Page_CCSale/txt_CardZIP' is present

2020-12-24 00:35:28 - [MESSAGE][PASSED] - Text '22201' is set on object 'Object Repository/VLink/Page_CCSale/txt_CardZIP'

2020-12-24 00:35:28 - [MESSAGE][PASSED] - Object 'Object Repository/VLink/Page_CCSale/txt_CountryID' is present

2020-12-24 00:35:29 - [MESSAGE][PASSED] - Text '840' is set on object 'Object Repository/VLink/Page_CCSale/txt_CountryID'

2020-12-24 00:35:29 - [MESSAGE][PASSED] - Object 'Object Repository/VLink/Page_CCSale/txt_Amount' is present

2020-12-24 00:35:30 - [MESSAGE][PASSED] - Text '1.50' is set on object 'Object Repository/VLink/Page_CCSale/txt_Amount'

2020-12-24 00:35:30 - [MESSAGE][PASSED] - Object 'Object Repository/VLink/Page_CCSale/txt_CardNumber' is present

2020-12-24 00:35:31 - [MESSAGE][PASSED] - Text '370000000000002' is set on object 'Object Repository/VLink/Page_CCSale/txt_CardNumber'

2020-12-24 00:35:31 - [MESSAGE][PASSED] - Object 'Object Repository/VLink/Page_CCSale/txt_ExpMonth' is present

2020-12-24 00:35:32 - [MESSAGE][PASSED] - Text '12' is set on object 'Object Repository/VLink/Page_CCSale/txt_ExpMonth'

2020-12-24 00:35:32 - [MESSAGE][PASSED] - Object 'Object Repository/VLink/Page_CCSale/txt_ExpYear' is present

2020-12-24 00:35:33 - [MESSAGE][PASSED] - Text '2025' is set on object 'Object Repository/VLink/Page_CCSale/txt_ExpYear'

2020-12-24 00:35:33 - [MESSAGE][PASSED] - Object 'Object Repository/VLink/Page_CCSale/txt_CVV' is present

2020-12-24 00:35:34 - [MESSAGE][PASSED] - Text '' is set on object 'Object Repository/VLink/Page_CCSale/txt_CVV'

2020-12-24 00:35:34 - [MESSAGE][PASSED] - Object 'Object Repository/VLink/Page_CCSale/txt_CVVstate' is present

2020-12-24 00:35:35 - [MESSAGE][PASSED] - Text '' is set on object 'Object Repository/VLink/Page_CCSale/txt_CVVstate'

2020-12-24 00:35:35 - [MESSAGE][PASSED] - Object 'Object Repository/VLink/Page_CCSale/txt_TrackData' is present

2020-12-24 00:35:36 - [MESSAGE][PASSED] - Text '' is set on object 'Object Repository/VLink/Page_CCSale/txt_TrackData'

2020-12-24 00:35:36 - [MESSAGE][PASSED] - Object 'Object Repository/VLink/Page_CCSale/txt_Track1Data' is present

2020-12-24 00:35:37 - [MESSAGE][PASSED] - Text '' is set on object 'Object Repository/VLink/Page_CCSale/txt_Track1Data'

2020-12-24 00:35:37 - [MESSAGE][PASSED] - Object 'Object Repository/VLink/Page_CCSale/txt_Track2Data' is present

2020-12-24 00:35:38 - [MESSAGE][PASSED] - Text '' is set on object 'Object Repository/VLink/Page_CCSale/txt_Track2Data'

2020-12-24 00:35:38 - [MESSAGE][PASSED] - Object 'Object Repository/VLink/Page_CCSale/txt_POSEntryMode' is present

2020-12-24 00:35:38 - [MESSAGE][PASSED] - Text 'manual' is set on object 'Object Repository/VLink/Page_CCSale/txt_POSEntryMode'

2020-12-24 00:35:39 - [MESSAGE][PASSED] - Object 'Object Repository/VLink/Page_CCSale/txt_Email' is present

2020-12-24 00:35:40 - [MESSAGE][PASSED] - Text 'iahmed@govolution.com' is set on object 'Object Repository/VLink/Page_CCSale/txt_Email'

2020-12-24 00:35:40 - [MESSAGE][PASSED] - Object 'Object Repository/VLink/Page_CCSale/txt_OrderNumber' is present

2020-12-24 00:35:41 - [MESSAGE][PASSED] - Text '2569362' is set on object 'Object Repository/VLink/Page_CCSale/txt_OrderNumber'

2020-12-24 00:35:41 - [MESSAGE][PASSED] - Object 'Object Repository/VLink/Page_CCSale/txt_TaxAmount' is present

2020-12-24 00:35:42 - [MESSAGE][PASSED] - Text '1.15' is set on object 'Object Repository/VLink/Page_CCSale/txt_TaxAmount'

2020-12-24 00:35:42 - [MESSAGE][PASSED] - Object 'Object Repository/VLink/Page_CCSale/txt_ChargeDescription' is present

2020-12-24 00:35:43 - [MESSAGE][PASSED] - Text 'Charge Description' is set on object 'Object Repository/VLink/Page_CCSale/txt_ChargeDescription'

2020-12-24 00:35:43 - [MESSAGE][PASSED] - Object 'Object Repository/VLink/Page_CCSale/txt_CAN' is present

2020-12-24 00:35:43 - [MESSAGE][PASSED] - Text '147357' is set on object 'Object Repository/VLink/Page_CCSale/txt_CAN'

2020-12-24 00:35:44 - [MESSAGE][PASSED] - Object 'Object Repository/VLink/Page_CCSale/txt_BillPaymentIndicator' is present

2020-12-24 00:35:44 - [MESSAGE][PASSED] - Text '1' is set on object 'Object Repository/VLink/Page_CCSale/txt_BillPaymentIndicator'

2020-12-24 00:35:45 - [MESSAGE][PASSED] - Object 'Object Repository/VLink/Page_CCSale/txt_UDF1' is present

2020-12-24 00:35:45 - [MESSAGE][PASSED] - Text 'UDF Data 1' is set on object 'Object Repository/VLink/Page_CCSale/txt_UDF1'

2020-12-24 00:35:46 - [MESSAGE][PASSED] - Object 'Object Repository/VLink/Page_CCSale/txt_UDF2' is present

2020-12-24 00:35:46 - [MESSAGE][PASSED] - Text 'UDF Data 2' is set on object 'Object Repository/VLink/Page_CCSale/txt_UDF2'

2020-12-24 00:35:47 - [MESSAGE][PASSED] - Object 'Object Repository/VLink/Page_CCSale/txt_UDF3' is present

2020-12-24 00:35:47 - [MESSAGE][PASSED] - Text 'UDF Data 3' is set on object 'Object Repository/VLink/Page_CCSale/txt_UDF3'

2020-12-24 00:35:48 - [MESSAGE][PASSED] - Object 'Object Repository/VLink/Page_CCSale/txt_UDF4' is present

2020-12-24 00:35:48 - [MESSAGE][PASSED] - Text 'UDF Data 4' is set on object 'Object Repository/VLink/Page_CCSale/txt_UDF4'

2020-12-24 00:35:49 - [MESSAGE][PASSED] - Object 'Object Repository/VLink/Page_CCSale/txt_UDF5' is present

2020-12-24 00:35:49 - [MESSAGE][PASSED] - Text 'UDF Data 5' is set on object 'Object Repository/VLink/Page_CCSale/txt_UDF5'

2020-12-24 00:35:50 - [MESSAGE][PASSED] - Object 'Object Repository/VLink/Page_CCSale/txt_UDF6' is present

2020-12-24 00:35:50 - [MESSAGE][PASSED] - Text 'UDF Data 6' is set on object 'Object Repository/VLink/Page_CCSale/txt_UDF6'

2020-12-24 00:35:51 - [MESSAGE][PASSED] - Object 'Object Repository/VLink/Page_CCSale/txt_UDF7' is present

2020-12-24 00:35:51 - [MESSAGE][PASSED] - Text 'UDF Data 7' is set on object 'Object Repository/VLink/Page_CCSale/txt_UDF7'

2020-12-24 00:35:52 - [MESSAGE][PASSED] - Object 'Object Repository/VLink/Page_CCSale/txt_UDF8' is present

2020-12-24 00:35:52 - [MESSAGE][PASSED] - Text 'UDF Data 8' is set on object 'Object Repository/VLink/Page_CCSale/txt_UDF8'

2020-12-24 00:35:53 - [MESSAGE][PASSED] - Object 'Object Repository/VLink/Page_CCSale/txt_UDF9' is present

2020-12-24 00:35:53 - [MESSAGE][PASSED] - Text 'UDF Data 9' is set on object 'Object Repository/VLink/Page_CCSale/txt_UDF9'

2020-12-24 00:35:54 - [MESSAGE][PASSED] - Object 'Object Repository/VLink/Page_CCSale/txt_UDF10' is present

2020-12-24 00:35:54 - [MESSAGE][PASSED] - Text 'UDF Data 10' is set on object 'Object Repository/VLink/Page_CCSale/txt_UDF10'

2020-12-24 00:35:55 - [MESSAGE][PASSED] - Object 'Object Repository/VLink/Page_CCSale/txt_CardOnFileIndicator' is present

2020-12-24 00:35:55 - [MESSAGE][PASSED] - Text '0' is set on object 'Object Repository/VLink/Page_CCSale/txt_CardOnFileIndicator'

2020-12-24 00:35:56 - [MESSAGE][PASSED] - Object 'Object Repository/VLink/Page_CCSale/txt_StoredCredentialIndicator' is present

2020-12-24 00:35:56 - [MESSAGE][PASSED] - Text 'Initial' is set on object 'Object Repository/VLink/Page_CCSale/txt_StoredCredentialIndicator'

2020-12-24 00:35:57 - [MESSAGE][PASSED] - Object 'Object Repository/VLink/Page_CCSale/txt_COFScheduledIndicator' is present

2020-12-24 00:35:57 - [MESSAGE][PASSED] - Text 'Unscheduled' is set on object 'Object Repository/VLink/Page_CCSale/txt_COFScheduledIndicator'

2020-12-24 00:35:58 - [MESSAGE][PASSED] - Object 'Object Repository/VLink/Page_CCSale/txt_COFTransactionInitiatedBy' is present

2020-12-24 00:35:58 - [MESSAGE][PASSED] - Text 'Customer' is set on object 'Object Repository/VLink/Page_CCSale/txt_COFTransactionInitiatedBy'

2020-12-24 00:36:02 - [MESSAGE][PASSED] - Object: 'Object Repository/VLink/Page_CCSale/btn_ProcessVLinkTransaction' is clicked on

2020-12-24 00:36:07 - [MESSAGE][PASSED] - vlinkPages.saleCCPage.setDataSCC is PASSED

2020-12-24 00:36:07 - [TEST_STEP][PASSED] - if (verifyTextPresent("Transaction approved, no errors", true)): null

2020-12-24 00:36:08 - [MESSAGE][PASSED] - Text 'Transaction approved, no errors' is present on page  using regular expression

2020-12-24 00:36:08 - [TEST_STEP][PASSED] - println("Transaction Approved, no errors text is present on the Confirmation page"): null

2020-12-24 00:36:08 - [TEST_STEP][PASSED] - out.println("Pass Record Number: " + row): null

2020-12-24 00:36:08 - [TEST_STEP][PASSED] - resText = "Pass": null

2020-12-24 00:36:08 - [TEST_STEP][PASSED] - pages.WriteExcel.demoKey(resText, datText, resColumn, datCloumn, fileLoc, nameSheet, row): pages.WriteExcel.demoKey is PASSED

2020-12-24 00:36:08 - [MESSAGE][PASSED] - pages.WriteExcel.demoKey is PASSED

2020-12-24 00:36:08 - [TEST_STEP][PASSED] - sdfo = getText(findTestObject("Object Repository/Page_VLinkReceipt/pre_STX")): Text of object 'Object Repository/Page_VLinkReceipt/pre_STX' is: '<STX>iaQeWtQp0Upo                  12088119            0  Transaction approved, no errors                   0                                                                                  Y OK9528   <ETX>'

2020-12-24 00:36:08 - [MESSAGE][PASSED] - Text of object 'Object Repository/Page_VLinkReceipt/pre_STX' is: '<STX>iaQeWtQp0Upo                  12088119            0  Transaction approved, no errors                   0                                                                                  Y OK9528   <ETX>'

2020-12-24 00:36:08 - [TEST_STEP][PASSED] - out.println("sdfo: " + sdfo): null

2020-12-24 00:36:08 - [TEST_STEP][PASSED] - remID = substring(5, 35).trim(): null

2020-12-24 00:36:08 - [TEST_STEP][PASSED] - out.println("Remittance ID: " + remID): null

2020-12-24 00:36:08 - [TEST_STEP][PASSED] - traxID = substring(35, 55).trim(): null

2020-12-24 00:36:08 - [TEST_STEP][PASSED] - out.println("Transaction ID: " + traxID): null

2020-12-24 00:36:08 - [TEST_STEP][PASSED] - out.println("End Record Number: " + row): null

2020-12-24 00:36:08 - [TEST_STEP][PASSED] - closeBrowser(): Browser is closed

2020-12-24 00:36:09 - [MESSAGE][PASSED] - Browser is closed

2020-12-24 00:36:09 - [TEST_STEP][PASSED] - out.println("Begin Record Number: " + row): null

2020-12-24 00:36:09 - [TEST_STEP][PASSED] - today = new java.util.Date(): null

2020-12-24 00:36:09 - [TEST_STEP][PASSED] - println(today): null

2020-12-24 00:36:09 - [TEST_STEP][PASSED] - datText = today: null

2020-12-24 00:36:09 - [TEST_STEP][PASSED] - openBrowser(VLinkURL + "authcap.html"): Browser is opened with url: 'https://dev-algorithm.govolution.com/vlinktest/QA/version_2_0/authcap.html'

2020-12-24 00:36:09 - [MESSAGE][INFO] - Starting 'Chrome' driver

2020-12-24 00:36:09 - [MESSAGE][INFO] - User set preference: ['acceptInsecureCerts', 'true']

2020-12-24 00:36:09 - [MESSAGE][INFO] - Action delay is set to 0 milliseconds

2020-12-24 00:36:13 - [MESSAGE][PASSED] - Browser is opened with url: 'https://dev-algorithm.govolution.com/vlinktest/QA/version_2_0/authcap.html'

2020-12-24 00:36:13 - [TEST_STEP][PASSED] - maximizeWindow(): Current window maximized

2020-12-24 00:36:13 - [MESSAGE][PASSED] - Current window maximized

2020-12-24 00:36:13 - [TEST_STEP][PASSED] - vlinkPages.saleCCPage.setDataSCC(row, dataFile): vlinkPages.saleCCPage.setDataSCC is PASSED

2020-12-24 00:36:15 - [MESSAGE][PASSED] - Object 'Object Repository/VLink/Page_CCSale/txt_CardNumber' is present

2020-12-24 00:36:15 - [MESSAGE][PASSED] - Object 'Object Repository/VLink/Page_CCSale/txt_TransactionType' is present

2020-12-24 00:36:16 - [MESSAGE][PASSED] - Text '104' is set on object 'Object Repository/VLink/Page_CCSale/txt_TransactionType'

2020-12-24 00:36:16 - [MESSAGE][PASSED] - Object 'Object Repository/VLink/Page_CCSale/txt_MessageVersion' is present

2020-12-24 00:36:17 - [MESSAGE][PASSED] - Text '2.0C' is set on object 'Object Repository/VLink/Page_CCSale/txt_MessageVersion'

2020-12-24 00:36:17 - [MESSAGE][PASSED] - Object 'Object Repository/VLink/Page_CCSale/txt_RemID' is present

2020-12-24 00:36:18 - [MESSAGE][PASSED] - Text '5iAkpkjrtNCp' is set on object 'Object Repository/VLink/Page_CCSale/txt_RemID'

2020-12-24 00:36:18 - [MESSAGE][PASSED] - Object 'Object Repository/VLink/Page_CCSale/txt_ApplicationId' is present

2020-12-24 00:36:19 - [MESSAGE][PASSED] - Text '670' is set on object 'Object Repository/VLink/Page_CCSale/txt_ApplicationId'

2020-12-24 00:36:19 - [MESSAGE][PASSED] - Object 'Object Repository/VLink/Page_CCSale/txt_Username' is present

2020-12-24 00:36:20 - [MESSAGE][PASSED] - Text 'username' is set on object 'Object Repository/VLink/Page_CCSale/txt_Username'

2020-12-24 00:36:20 - [MESSAGE][PASSED] - Object 'Object Repository/VLink/Page_CCSale/txt_Password' is present

2020-12-24 00:36:21 - [MESSAGE][PASSED] - Text 'password' is set on object 'Object Repository/VLink/Page_CCSale/txt_Password'

2020-12-24 00:36:21 - [MESSAGE][PASSED] - Object 'Object Repository/VLink/Page_CCSale/txt_ResponseFormat' is present

2020-12-24 00:36:21 - [MESSAGE][PASSED] - Text 'fixed_width' is set on object 'Object Repository/VLink/Page_CCSale/txt_ResponseFormat'

2020-12-24 00:36:22 - [MESSAGE][PASSED] - Object 'Object Repository/VLink/Page_CCSale/txt_Category' is present

2020-12-24 00:36:22 - [MESSAGE][PASSED] - Text 'MOTO' is set on object 'Object Repository/VLink/Page_CCSale/txt_Category'

2020-12-24 00:36:23 - [MESSAGE][PASSED] - Object 'Object Repository/VLink/Page_CCSale/txt_TransactionID' is present

2020-12-24 00:36:23 - [MESSAGE][PASSED] - Text '' is set on object 'Object Repository/VLink/Page_CCSale/txt_TransactionID'

2020-12-24 00:36:23 - [MESSAGE][PASSED] - Object 'Object Repository/VLink/Page_CCSale/txt_ApprovalCode' is present

2020-12-24 00:36:24 - [MESSAGE][PASSED] - Text '' is set on object 'Object Repository/VLink/Page_CCSale/txt_ApprovalCode'

2020-12-24 00:36:24 - [MESSAGE][PASSED] - Object 'Object Repository/VLink/Page_CCSale/txt_CardName' is present

2020-12-24 00:36:25 - [MESSAGE][PASSED] - Text 'Arvind Silva' is set on object 'Object Repository/VLink/Page_CCSale/txt_CardName'

2020-12-24 00:36:25 - [MESSAGE][PASSED] - Object 'Object Repository/VLink/Page_CCSale/txt_AL1' is present

2020-12-24 00:36:26 - [MESSAGE][PASSED] - Text '111 Main Ave' is set on object 'Object Repository/VLink/Page_CCSale/txt_AL1'

2020-12-24 00:36:26 - [MESSAGE][PASSED] - Object 'Object Repository/VLink/Page_CCSale/txt_AL2' is present

2020-12-24 00:36:27 - [MESSAGE][PASSED] - Text '' is set on object 'Object Repository/VLink/Page_CCSale/txt_AL2'

2020-12-24 00:36:27 - [MESSAGE][PASSED] - Object 'Object Repository/VLink/Page_CCSale/txt_CardCity' is present

2020-12-24 00:36:28 - [MESSAGE][PASSED] - Text 'Arlington' is set on object 'Object Repository/VLink/Page_CCSale/txt_CardCity'

2020-12-24 00:36:28 - [MESSAGE][PASSED] - Object 'Object Repository/VLink/Page_CCSale/txt_CardState' is present

2020-12-24 00:36:29 - [MESSAGE][PASSED] - Text 'VA' is set on object 'Object Repository/VLink/Page_CCSale/txt_CardState'

2020-12-24 00:36:29 - [MESSAGE][PASSED] - Object 'Object Repository/VLink/Page_CCSale/txt_CardZIP' is present

2020-12-24 00:36:30 - [MESSAGE][PASSED] - Text '22201' is set on object 'Object Repository/VLink/Page_CCSale/txt_CardZIP'

2020-12-24 00:36:30 - [MESSAGE][PASSED] - Object 'Object Repository/VLink/Page_CCSale/txt_CountryID' is present

2020-12-24 00:36:31 - [MESSAGE][PASSED] - Text '' is set on object 'Object Repository/VLink/Page_CCSale/txt_CountryID'

2020-12-24 00:36:31 - [MESSAGE][PASSED] - Object 'Object Repository/VLink/Page_CCSale/txt_Amount' is present

2020-12-24 00:36:31 - [MESSAGE][PASSED] - Text '2.50' is set on object 'Object Repository/VLink/Page_CCSale/txt_Amount'

2020-12-24 00:36:32 - [MESSAGE][PASSED] - Object 'Object Repository/VLink/Page_CCSale/txt_CardNumber' is present

2020-12-24 00:36:32 - [MESSAGE][PASSED] - Text '6011000000000004' is set on object 'Object Repository/VLink/Page_CCSale/txt_CardNumber'

2020-12-24 00:36:33 - [MESSAGE][PASSED] - Object 'Object Repository/VLink/Page_CCSale/txt_ExpMonth' is present

2020-12-24 00:36:33 - [MESSAGE][PASSED] - Text '01' is set on object 'Object Repository/VLink/Page_CCSale/txt_ExpMonth'

2020-12-24 00:36:34 - [MESSAGE][PASSED] - Object 'Object Repository/VLink/Page_CCSale/txt_ExpYear' is present

2020-12-24 00:36:34 - [MESSAGE][PASSED] - Text '2026' is set on object 'Object Repository/VLink/Page_CCSale/txt_ExpYear'

2020-12-24 00:36:35 - [MESSAGE][PASSED] - Object 'Object Repository/VLink/Page_CCSale/txt_CVV' is present

2020-12-24 00:36:35 - [MESSAGE][PASSED] - Text '' is set on object 'Object Repository/VLink/Page_CCSale/txt_CVV'

2020-12-24 00:36:36 - [MESSAGE][PASSED] - Object 'Object Repository/VLink/Page_CCSale/txt_CVVstate' is present

2020-12-24 00:36:36 - [MESSAGE][PASSED] - Text '' is set on object 'Object Repository/VLink/Page_CCSale/txt_CVVstate'

2020-12-24 00:36:37 - [MESSAGE][PASSED] - Object 'Object Repository/VLink/Page_CCSale/txt_TrackData' is present

2020-12-24 00:36:37 - [MESSAGE][PASSED] - Text '' is set on object 'Object Repository/VLink/Page_CCSale/txt_TrackData'

2020-12-24 00:36:38 - [MESSAGE][PASSED] - Object 'Object Repository/VLink/Page_CCSale/txt_Track1Data' is present

2020-12-24 00:36:38 - [MESSAGE][PASSED] - Text '' is set on object 'Object Repository/VLink/Page_CCSale/txt_Track1Data'

2020-12-24 00:36:39 - [MESSAGE][PASSED] - Object 'Object Repository/VLink/Page_CCSale/txt_Track2Data' is present

2020-12-24 00:36:39 - [MESSAGE][PASSED] - Text '' is set on object 'Object Repository/VLink/Page_CCSale/txt_Track2Data'

2020-12-24 00:36:40 - [MESSAGE][PASSED] - Object 'Object Repository/VLink/Page_CCSale/txt_POSEntryMode' is present

2020-12-24 00:36:40 - [MESSAGE][PASSED] - Text 'manual' is set on object 'Object Repository/VLink/Page_CCSale/txt_POSEntryMode'

2020-12-24 00:36:41 - [MESSAGE][PASSED] - Object 'Object Repository/VLink/Page_CCSale/txt_Email' is present

2020-12-24 00:36:41 - [MESSAGE][PASSED] - Text '' is set on object 'Object Repository/VLink/Page_CCSale/txt_Email'

2020-12-24 00:36:42 - [MESSAGE][PASSED] - Object 'Object Repository/VLink/Page_CCSale/txt_OrderNumber' is present

2020-12-24 00:36:42 - [MESSAGE][PASSED] - Text '' is set on object 'Object Repository/VLink/Page_CCSale/txt_OrderNumber'

2020-12-24 00:36:43 - [MESSAGE][PASSED] - Object 'Object Repository/VLink/Page_CCSale/txt_TaxAmount' is present

2020-12-24 00:36:43 - [MESSAGE][PASSED] - Text '' is set on object 'Object Repository/VLink/Page_CCSale/txt_TaxAmount'

2020-12-24 00:36:44 - [MESSAGE][PASSED] - Object 'Object Repository/VLink/Page_CCSale/txt_ChargeDescription' is present

2020-12-24 00:36:44 - [MESSAGE][PASSED] - Text '' is set on object 'Object Repository/VLink/Page_CCSale/txt_ChargeDescription'

2020-12-24 00:36:45 - [MESSAGE][PASSED] - Object 'Object Repository/VLink/Page_CCSale/txt_CAN' is present

2020-12-24 00:36:45 - [MESSAGE][PASSED] - Text '' is set on object 'Object Repository/VLink/Page_CCSale/txt_CAN'

2020-12-24 00:36:46 - [MESSAGE][PASSED] - Object 'Object Repository/VLink/Page_CCSale/txt_BillPaymentIndicator' is present

2020-12-24 00:36:46 - [MESSAGE][PASSED] - Text '' is set on object 'Object Repository/VLink/Page_CCSale/txt_BillPaymentIndicator'

2020-12-24 00:36:47 - [MESSAGE][PASSED] - Object 'Object Repository/VLink/Page_CCSale/txt_UDF1' is present

2020-12-24 00:36:47 - [MESSAGE][PASSED] - Text '' is set on object 'Object Repository/VLink/Page_CCSale/txt_UDF1'

2020-12-24 00:36:47 - [MESSAGE][PASSED] - Object 'Object Repository/VLink/Page_CCSale/txt_UDF2' is present

2020-12-24 00:36:48 - [MESSAGE][PASSED] - Text '' is set on object 'Object Repository/VLink/Page_CCSale/txt_UDF2'

2020-12-24 00:36:48 - [MESSAGE][PASSED] - Object 'Object Repository/VLink/Page_CCSale/txt_UDF3' is present

2020-12-24 00:36:49 - [MESSAGE][PASSED] - Text '' is set on object 'Object Repository/VLink/Page_CCSale/txt_UDF3'

2020-12-24 00:36:49 - [MESSAGE][PASSED] - Object 'Object Repository/VLink/Page_CCSale/txt_UDF4' is present

2020-12-24 00:36:50 - [MESSAGE][PASSED] - Text '' is set on object 'Object Repository/VLink/Page_CCSale/txt_UDF4'

2020-12-24 00:36:50 - [MESSAGE][PASSED] - Object 'Object Repository/VLink/Page_CCSale/txt_UDF5' is present

2020-12-24 00:36:51 - [MESSAGE][PASSED] - Text '' is set on object 'Object Repository/VLink/Page_CCSale/txt_UDF5'

2020-12-24 00:36:51 - [MESSAGE][PASSED] - Object 'Object Repository/VLink/Page_CCSale/txt_UDF6' is present

2020-12-24 00:36:52 - [MESSAGE][PASSED] - Text '' is set on object 'Object Repository/VLink/Page_CCSale/txt_UDF6'

2020-12-24 00:36:52 - [MESSAGE][PASSED] - Object 'Object Repository/VLink/Page_CCSale/txt_UDF7' is present

2020-12-24 00:36:53 - [MESSAGE][PASSED] - Text '' is set on object 'Object Repository/VLink/Page_CCSale/txt_UDF7'

2020-12-24 00:36:53 - [MESSAGE][PASSED] - Object 'Object Repository/VLink/Page_CCSale/txt_UDF8' is present

2020-12-24 00:36:54 - [MESSAGE][PASSED] - Text '' is set on object 'Object Repository/VLink/Page_CCSale/txt_UDF8'

2020-12-24 00:36:54 - [MESSAGE][PASSED] - Object 'Object Repository/VLink/Page_CCSale/txt_UDF9' is present

2020-12-24 00:36:55 - [MESSAGE][PASSED] - Text '' is set on object 'Object Repository/VLink/Page_CCSale/txt_UDF9'

2020-12-24 00:36:55 - [MESSAGE][PASSED] - Object 'Object Repository/VLink/Page_CCSale/txt_UDF10' is present

2020-12-24 00:36:56 - [MESSAGE][PASSED] - Text '' is set on object 'Object Repository/VLink/Page_CCSale/txt_UDF10'

2020-12-24 00:36:56 - [MESSAGE][PASSED] - Object 'Object Repository/VLink/Page_CCSale/txt_CardOnFileIndicator' is present

2020-12-24 00:36:57 - [MESSAGE][PASSED] - Text '0' is set on object 'Object Repository/VLink/Page_CCSale/txt_CardOnFileIndicator'

2020-12-24 00:36:57 - [MESSAGE][PASSED] - Object 'Object Repository/VLink/Page_CCSale/txt_StoredCredentialIndicator' is present

2020-12-24 00:36:58 - [MESSAGE][PASSED] - Text 'Initial' is set on object 'Object Repository/VLink/Page_CCSale/txt_StoredCredentialIndicator'

2020-12-24 00:36:58 - [MESSAGE][PASSED] - Object 'Object Repository/VLink/Page_CCSale/txt_COFScheduledIndicator' is present

2020-12-24 00:36:59 - [MESSAGE][PASSED] - Text 'Unscheduled' is set on object 'Object Repository/VLink/Page_CCSale/txt_COFScheduledIndicator'

2020-12-24 00:36:59 - [MESSAGE][PASSED] - Object 'Object Repository/VLink/Page_CCSale/txt_COFTransactionInitiatedBy' is present

2020-12-24 00:37:00 - [MESSAGE][PASSED] - Text 'Customer' is set on object 'Object Repository/VLink/Page_CCSale/txt_COFTransactionInitiatedBy'

2020-12-24 00:37:04 - [MESSAGE][PASSED] - Object: 'Object Repository/VLink/Page_CCSale/btn_ProcessVLinkTransaction' is clicked on

2020-12-24 00:37:09 - [MESSAGE][PASSED] - vlinkPages.saleCCPage.setDataSCC is PASSED

2020-12-24 00:37:09 - [TEST_STEP][PASSED] - if (verifyTextPresent("Transaction approved, no errors", true)): null

2020-12-24 00:37:10 - [MESSAGE][PASSED] - Text 'Transaction approved, no errors' is present on page  using regular expression

2020-12-24 00:37:10 - [TEST_STEP][PASSED] - println("Transaction Approved, no errors text is present on the Confirmation page"): null

2020-12-24 00:37:10 - [TEST_STEP][PASSED] - out.println("Pass Record Number: " + row): null

2020-12-24 00:37:10 - [TEST_STEP][PASSED] - resText = "Pass": null

2020-12-24 00:37:10 - [TEST_STEP][PASSED] - pages.WriteExcel.demoKey(resText, datText, resColumn, datCloumn, fileLoc, nameSheet, row): pages.WriteExcel.demoKey is PASSED

2020-12-24 00:37:10 - [MESSAGE][PASSED] - pages.WriteExcel.demoKey is PASSED

2020-12-24 00:37:10 - [TEST_STEP][PASSED] - sdfo = getText(findTestObject("Object Repository/Page_VLinkReceipt/pre_STX")): Text of object 'Object Repository/Page_VLinkReceipt/pre_STX' is: '<STX>5iAkpkjrtNCp                  12088120            0  Transaction approved, no errors                   0                                                                                  Y OK9838   <ETX>'

2020-12-24 00:37:10 - [MESSAGE][PASSED] - Text of object 'Object Repository/Page_VLinkReceipt/pre_STX' is: '<STX>5iAkpkjrtNCp                  12088120            0  Transaction approved, no errors                   0                                                                                  Y OK9838   <ETX>'

2020-12-24 00:37:10 - [TEST_STEP][PASSED] - out.println("sdfo: " + sdfo): null

2020-12-24 00:37:10 - [TEST_STEP][PASSED] - remID = substring(5, 35).trim(): null

2020-12-24 00:37:10 - [TEST_STEP][PASSED] - out.println("Remittance ID: " + remID): null

2020-12-24 00:37:10 - [TEST_STEP][PASSED] - traxID = substring(35, 55).trim(): null

2020-12-24 00:37:10 - [TEST_STEP][PASSED] - out.println("Transaction ID: " + traxID): null

2020-12-24 00:37:10 - [TEST_STEP][PASSED] - out.println("End Record Number: " + row): null

2020-12-24 00:37:10 - [TEST_STEP][PASSED] - closeBrowser(): Browser is closed

2020-12-24 00:37:11 - [MESSAGE][PASSED] - Browser is closed

2020-12-24 00:37:11 - [TEST_STEP][PASSED] - out.println("Begin Record Number: " + row): null

2020-12-24 00:37:11 - [TEST_STEP][PASSED] - today = new java.util.Date(): null

2020-12-24 00:37:11 - [TEST_STEP][PASSED] - println(today): null

2020-12-24 00:37:11 - [TEST_STEP][PASSED] - datText = today: null

2020-12-24 00:37:11 - [TEST_STEP][PASSED] - openBrowser(VLinkURL + "authcap.html"): Browser is opened with url: 'https://dev-algorithm.govolution.com/vlinktest/QA/version_2_0/authcap.html'

2020-12-24 00:37:11 - [MESSAGE][INFO] - Starting 'Chrome' driver

2020-12-24 00:37:11 - [MESSAGE][INFO] - User set preference: ['acceptInsecureCerts', 'true']

2020-12-24 00:37:11 - [MESSAGE][INFO] - Action delay is set to 0 milliseconds

2020-12-24 00:37:15 - [MESSAGE][PASSED] - Browser is opened with url: 'https://dev-algorithm.govolution.com/vlinktest/QA/version_2_0/authcap.html'

2020-12-24 00:37:15 - [TEST_STEP][PASSED] - maximizeWindow(): Current window maximized

2020-12-24 00:37:15 - [MESSAGE][PASSED] - Current window maximized

2020-12-24 00:37:15 - [TEST_STEP][PASSED] - vlinkPages.saleCCPage.setDataSCC(row, dataFile): vlinkPages.saleCCPage.setDataSCC is PASSED

2020-12-24 00:37:17 - [MESSAGE][PASSED] - Object 'Object Repository/VLink/Page_CCSale/txt_CardNumber' is present

2020-12-24 00:37:17 - [MESSAGE][PASSED] - Object 'Object Repository/VLink/Page_CCSale/txt_TransactionType' is present

2020-12-24 00:37:18 - [MESSAGE][PASSED] - Text '104' is set on object 'Object Repository/VLink/Page_CCSale/txt_TransactionType'

2020-12-24 00:37:18 - [MESSAGE][PASSED] - Object 'Object Repository/VLink/Page_CCSale/txt_MessageVersion' is present

2020-12-24 00:37:19 - [MESSAGE][PASSED] - Text '2.0C' is set on object 'Object Repository/VLink/Page_CCSale/txt_MessageVersion'

2020-12-24 00:37:19 - [MESSAGE][PASSED] - Object 'Object Repository/VLink/Page_CCSale/txt_RemID' is present

2020-12-24 00:37:20 - [MESSAGE][PASSED] - Text 'OZcUCaFI2zI3' is set on object 'Object Repository/VLink/Page_CCSale/txt_RemID'

2020-12-24 00:37:20 - [MESSAGE][PASSED] - Object 'Object Repository/VLink/Page_CCSale/txt_ApplicationId' is present

2020-12-24 00:37:21 - [MESSAGE][PASSED] - Text '671' is set on object 'Object Repository/VLink/Page_CCSale/txt_ApplicationId'

2020-12-24 00:37:21 - [MESSAGE][PASSED] - Object 'Object Repository/VLink/Page_CCSale/txt_Username' is present

2020-12-24 00:37:21 - [MESSAGE][PASSED] - Text 'username' is set on object 'Object Repository/VLink/Page_CCSale/txt_Username'

2020-12-24 00:37:22 - [MESSAGE][PASSED] - Object 'Object Repository/VLink/Page_CCSale/txt_Password' is present

2020-12-24 00:37:22 - [MESSAGE][PASSED] - Text 'password' is set on object 'Object Repository/VLink/Page_CCSale/txt_Password'

2020-12-24 00:37:23 - [MESSAGE][PASSED] - Object 'Object Repository/VLink/Page_CCSale/txt_ResponseFormat' is present

2020-12-24 00:37:23 - [MESSAGE][PASSED] - Text 'fixed_width' is set on object 'Object Repository/VLink/Page_CCSale/txt_ResponseFormat'

2020-12-24 00:37:23 - [MESSAGE][PASSED] - Object 'Object Repository/VLink/Page_CCSale/txt_Category' is present

2020-12-24 00:37:24 - [MESSAGE][PASSED] - Text 'RETL' is set on object 'Object Repository/VLink/Page_CCSale/txt_Category'

2020-12-24 00:37:24 - [MESSAGE][PASSED] - Object 'Object Repository/VLink/Page_CCSale/txt_TransactionID' is present

2020-12-24 00:37:25 - [MESSAGE][PASSED] - Text '' is set on object 'Object Repository/VLink/Page_CCSale/txt_TransactionID'

2020-12-24 00:37:25 - [MESSAGE][PASSED] - Object 'Object Repository/VLink/Page_CCSale/txt_ApprovalCode' is present

2020-12-24 00:37:26 - [MESSAGE][PASSED] - Text '' is set on object 'Object Repository/VLink/Page_CCSale/txt_ApprovalCode'

2020-12-24 00:37:26 - [MESSAGE][PASSED] - Object 'Object Repository/VLink/Page_CCSale/txt_CardName' is present

2020-12-24 00:37:27 - [MESSAGE][PASSED] - Text 'Roshan Maha' is set on object 'Object Repository/VLink/Page_CCSale/txt_CardName'

2020-12-24 00:37:27 - [MESSAGE][PASSED] - Object 'Object Repository/VLink/Page_CCSale/txt_AL1' is present

2020-12-24 00:37:28 - [MESSAGE][PASSED] - Text '12563 Bazaar road' is set on object 'Object Repository/VLink/Page_CCSale/txt_AL1'

2020-12-24 00:37:28 - [MESSAGE][PASSED] - Object 'Object Repository/VLink/Page_CCSale/txt_AL2' is present

2020-12-24 00:37:29 - [MESSAGE][PASSED] - Text '' is set on object 'Object Repository/VLink/Page_CCSale/txt_AL2'

2020-12-24 00:37:29 - [MESSAGE][PASSED] - Object 'Object Repository/VLink/Page_CCSale/txt_CardCity' is present

2020-12-24 00:37:30 - [MESSAGE][PASSED] - Text 'Crofton' is set on object 'Object Repository/VLink/Page_CCSale/txt_CardCity'

2020-12-24 00:37:30 - [MESSAGE][PASSED] - Object 'Object Repository/VLink/Page_CCSale/txt_CardState' is present

2020-12-24 00:37:31 - [MESSAGE][PASSED] - Text 'MD' is set on object 'Object Repository/VLink/Page_CCSale/txt_CardState'

2020-12-24 00:37:31 - [MESSAGE][PASSED] - Object 'Object Repository/VLink/Page_CCSale/txt_CardZIP' is present

2020-12-24 00:37:32 - [MESSAGE][PASSED] - Text '21114' is set on object 'Object Repository/VLink/Page_CCSale/txt_CardZIP'

2020-12-24 00:37:32 - [MESSAGE][PASSED] - Object 'Object Repository/VLink/Page_CCSale/txt_CountryID' is present

2020-12-24 00:37:33 - [MESSAGE][PASSED] - Text '' is set on object 'Object Repository/VLink/Page_CCSale/txt_CountryID'

2020-12-24 00:37:33 - [MESSAGE][PASSED] - Object 'Object Repository/VLink/Page_CCSale/txt_Amount' is present

2020-12-24 00:37:34 - [MESSAGE][PASSED] - Text '3.50' is set on object 'Object Repository/VLink/Page_CCSale/txt_Amount'

2020-12-24 00:37:34 - [MESSAGE][PASSED] - Object 'Object Repository/VLink/Page_CCSale/txt_CardNumber' is present

2020-12-24 00:37:35 - [MESSAGE][PASSED] - Text '4111111111111111' is set on object 'Object Repository/VLink/Page_CCSale/txt_CardNumber'

2020-12-24 00:37:35 - [MESSAGE][PASSED] - Object 'Object Repository/VLink/Page_CCSale/txt_ExpMonth' is present

2020-12-24 00:37:36 - [MESSAGE][PASSED] - Text '01' is set on object 'Object Repository/VLink/Page_CCSale/txt_ExpMonth'

2020-12-24 00:37:36 - [MESSAGE][PASSED] - Object 'Object Repository/VLink/Page_CCSale/txt_ExpYear' is present

2020-12-24 00:37:37 - [MESSAGE][PASSED] - Text '2026' is set on object 'Object Repository/VLink/Page_CCSale/txt_ExpYear'

2020-12-24 00:37:37 - [MESSAGE][PASSED] - Object 'Object Repository/VLink/Page_CCSale/txt_CVV' is present

2020-12-24 00:37:38 - [MESSAGE][PASSED] - Text '' is set on object 'Object Repository/VLink/Page_CCSale/txt_CVV'

2020-12-24 00:37:38 - [MESSAGE][PASSED] - Object 'Object Repository/VLink/Page_CCSale/txt_CVVstate' is present

2020-12-24 00:37:39 - [MESSAGE][PASSED] - Text '' is set on object 'Object Repository/VLink/Page_CCSale/txt_CVVstate'

2020-12-24 00:37:39 - [MESSAGE][PASSED] - Object 'Object Repository/VLink/Page_CCSale/txt_TrackData' is present

2020-12-24 00:37:40 - [MESSAGE][PASSED] - Text '' is set on object 'Object Repository/VLink/Page_CCSale/txt_TrackData'

2020-12-24 00:37:40 - [MESSAGE][PASSED] - Object 'Object Repository/VLink/Page_CCSale/txt_Track1Data' is present

2020-12-24 00:37:41 - [MESSAGE][PASSED] - Text '' is set on object 'Object Repository/VLink/Page_CCSale/txt_Track1Data'

2020-12-24 00:37:41 - [MESSAGE][PASSED] - Object 'Object Repository/VLink/Page_CCSale/txt_Track2Data' is present

2020-12-24 00:37:42 - [MESSAGE][PASSED] - Text '' is set on object 'Object Repository/VLink/Page_CCSale/txt_Track2Data'

2020-12-24 00:37:42 - [MESSAGE][PASSED] - Object 'Object Repository/VLink/Page_CCSale/txt_POSEntryMode' is present

2020-12-24 00:37:43 - [MESSAGE][PASSED] - Text 'manual' is set on object 'Object Repository/VLink/Page_CCSale/txt_POSEntryMode'

2020-12-24 00:37:43 - [MESSAGE][PASSED] - Object 'Object Repository/VLink/Page_CCSale/txt_Email' is present

2020-12-24 00:37:44 - [MESSAGE][PASSED] - Text '' is set on object 'Object Repository/VLink/Page_CCSale/txt_Email'

2020-12-24 00:37:44 - [MESSAGE][PASSED] - Object 'Object Repository/VLink/Page_CCSale/txt_OrderNumber' is present

2020-12-24 00:37:45 - [MESSAGE][PASSED] - Text '' is set on object 'Object Repository/VLink/Page_CCSale/txt_OrderNumber'

2020-12-24 00:37:45 - [MESSAGE][PASSED] - Object 'Object Repository/VLink/Page_CCSale/txt_TaxAmount' is present

2020-12-24 00:37:46 - [MESSAGE][PASSED] - Text '' is set on object 'Object Repository/VLink/Page_CCSale/txt_TaxAmount'

2020-12-24 00:37:46 - [MESSAGE][PASSED] - Object 'Object Repository/VLink/Page_CCSale/txt_ChargeDescription' is present

2020-12-24 00:37:46 - [MESSAGE][PASSED] - Text '' is set on object 'Object Repository/VLink/Page_CCSale/txt_ChargeDescription'

2020-12-24 00:37:47 - [MESSAGE][PASSED] - Object 'Object Repository/VLink/Page_CCSale/txt_CAN' is present

2020-12-24 00:37:47 - [MESSAGE][PASSED] - Text '' is set on object 'Object Repository/VLink/Page_CCSale/txt_CAN'

2020-12-24 00:37:48 - [MESSAGE][PASSED] - Object 'Object Repository/VLink/Page_CCSale/txt_BillPaymentIndicator' is present

2020-12-24 00:37:48 - [MESSAGE][PASSED] - Text '' is set on object 'Object Repository/VLink/Page_CCSale/txt_BillPaymentIndicator'

2020-12-24 00:37:49 - [MESSAGE][PASSED] - Object 'Object Repository/VLink/Page_CCSale/txt_UDF1' is present

2020-12-24 00:37:49 - [MESSAGE][PASSED] - Text '' is set on object 'Object Repository/VLink/Page_CCSale/txt_UDF1'

2020-12-24 00:37:50 - [MESSAGE][PASSED] - Object 'Object Repository/VLink/Page_CCSale/txt_UDF2' is present

2020-12-24 00:37:50 - [MESSAGE][PASSED] - Text '' is set on object 'Object Repository/VLink/Page_CCSale/txt_UDF2'

2020-12-24 00:37:51 - [MESSAGE][PASSED] - Object 'Object Repository/VLink/Page_CCSale/txt_UDF3' is present

2020-12-24 00:37:51 - [MESSAGE][PASSED] - Text '' is set on object 'Object Repository/VLink/Page_CCSale/txt_UDF3'

2020-12-24 00:37:52 - [MESSAGE][PASSED] - Object 'Object Repository/VLink/Page_CCSale/txt_UDF4' is present

2020-12-24 00:37:52 - [MESSAGE][PASSED] - Text '' is set on object 'Object Repository/VLink/Page_CCSale/txt_UDF4'

2020-12-24 00:37:53 - [MESSAGE][PASSED] - Object 'Object Repository/VLink/Page_CCSale/txt_UDF5' is present

2020-12-24 00:37:53 - [MESSAGE][PASSED] - Text '' is set on object 'Object Repository/VLink/Page_CCSale/txt_UDF5'

2020-12-24 00:37:54 - [MESSAGE][PASSED] - Object 'Object Repository/VLink/Page_CCSale/txt_UDF6' is present

2020-12-24 00:37:54 - [MESSAGE][PASSED] - Text '' is set on object 'Object Repository/VLink/Page_CCSale/txt_UDF6'

2020-12-24 00:37:55 - [MESSAGE][PASSED] - Object 'Object Repository/VLink/Page_CCSale/txt_UDF7' is present

2020-12-24 00:37:55 - [MESSAGE][PASSED] - Text '' is set on object 'Object Repository/VLink/Page_CCSale/txt_UDF7'

2020-12-24 00:37:56 - [MESSAGE][PASSED] - Object 'Object Repository/VLink/Page_CCSale/txt_UDF8' is present

2020-12-24 00:37:56 - [MESSAGE][PASSED] - Text '' is set on object 'Object Repository/VLink/Page_CCSale/txt_UDF8'

2020-12-24 00:37:57 - [MESSAGE][PASSED] - Object 'Object Repository/VLink/Page_CCSale/txt_UDF9' is present

2020-12-24 00:37:57 - [MESSAGE][PASSED] - Text '' is set on object 'Object Repository/VLink/Page_CCSale/txt_UDF9'

2020-12-24 00:37:57 - [MESSAGE][PASSED] - Object 'Object Repository/VLink/Page_CCSale/txt_UDF10' is present

2020-12-24 00:37:58 - [MESSAGE][PASSED] - Text '' is set on object 'Object Repository/VLink/Page_CCSale/txt_UDF10'

2020-12-24 00:37:58 - [MESSAGE][PASSED] - Object 'Object Repository/VLink/Page_CCSale/txt_CardOnFileIndicator' is present

2020-12-24 00:37:59 - [MESSAGE][PASSED] - Text '0' is set on object 'Object Repository/VLink/Page_CCSale/txt_CardOnFileIndicator'

2020-12-24 00:37:59 - [MESSAGE][PASSED] - Object 'Object Repository/VLink/Page_CCSale/txt_StoredCredentialIndicator' is present

2020-12-24 00:38:00 - [MESSAGE][PASSED] - Text 'Initial' is set on object 'Object Repository/VLink/Page_CCSale/txt_StoredCredentialIndicator'

2020-12-24 00:38:00 - [MESSAGE][PASSED] - Object 'Object Repository/VLink/Page_CCSale/txt_COFScheduledIndicator' is present

2020-12-24 00:38:01 - [MESSAGE][PASSED] - Text 'Unscheduled' is set on object 'Object Repository/VLink/Page_CCSale/txt_COFScheduledIndicator'

2020-12-24 00:38:01 - [MESSAGE][PASSED] - Object 'Object Repository/VLink/Page_CCSale/txt_COFTransactionInitiatedBy' is present

2020-12-24 00:38:02 - [MESSAGE][PASSED] - Text 'Customer' is set on object 'Object Repository/VLink/Page_CCSale/txt_COFTransactionInitiatedBy'

2020-12-24 00:38:14 - [MESSAGE][PASSED] - Object: 'Object Repository/VLink/Page_CCSale/btn_ProcessVLinkTransaction' is clicked on

2020-12-24 00:38:19 - [MESSAGE][PASSED] - vlinkPages.saleCCPage.setDataSCC is PASSED

2020-12-24 00:38:19 - [TEST_STEP][PASSED] - if (verifyTextPresent("Transaction approved, no errors", true)): null

2020-12-24 00:38:19 - [MESSAGE][PASSED] - Text 'Transaction approved, no errors' is present on page  using regular expression

2020-12-24 00:38:19 - [TEST_STEP][PASSED] - println("Transaction Approved, no errors text is present on the Confirmation page"): null

2020-12-24 00:38:19 - [TEST_STEP][PASSED] - out.println("Pass Record Number: " + row): null

2020-12-24 00:38:19 - [TEST_STEP][PASSED] - resText = "Pass": null

2020-12-24 00:38:19 - [TEST_STEP][PASSED] - pages.WriteExcel.demoKey(resText, datText, resColumn, datCloumn, fileLoc, nameSheet, row): pages.WriteExcel.demoKey is PASSED

2020-12-24 00:38:20 - [MESSAGE][PASSED] - pages.WriteExcel.demoKey is PASSED

2020-12-24 00:38:20 - [TEST_STEP][PASSED] - sdfo = getText(findTestObject("Object Repository/Page_VLinkReceipt/pre_STX")): Text of object 'Object Repository/Page_VLinkReceipt/pre_STX' is: '<STX>OZcUCaFI2zI3                  12088121            0  Transaction approved, no errors                   0                                                                                  Y OK0228   <ETX>'

2020-12-24 00:38:20 - [MESSAGE][PASSED] - Text of object 'Object Repository/Page_VLinkReceipt/pre_STX' is: '<STX>OZcUCaFI2zI3                  12088121            0  Transaction approved, no errors                   0                                                                                  Y OK0228   <ETX>'

2020-12-24 00:38:20 - [TEST_STEP][PASSED] - out.println("sdfo: " + sdfo): null

2020-12-24 00:38:20 - [TEST_STEP][PASSED] - remID = substring(5, 35).trim(): null

2020-12-24 00:38:20 - [TEST_STEP][PASSED] - out.println("Remittance ID: " + remID): null

2020-12-24 00:38:20 - [TEST_STEP][PASSED] - traxID = substring(35, 55).trim(): null

2020-12-24 00:38:20 - [TEST_STEP][PASSED] - out.println("Transaction ID: " + traxID): null

2020-12-24 00:38:20 - [TEST_STEP][PASSED] - out.println("End Record Number: " + row): null

2020-12-24 00:38:20 - [TEST_STEP][PASSED] - closeBrowser(): Browser is closed

2020-12-24 00:38:21 - [MESSAGE][PASSED] - Browser is closed

2020-12-24 00:38:21 - [TEST_STEP][PASSED] - out.println("Begin Record Number: " + row): null

2020-12-24 00:38:21 - [TEST_STEP][PASSED] - today = new java.util.Date(): null

2020-12-24 00:38:21 - [TEST_STEP][PASSED] - println(today): null

2020-12-24 00:38:21 - [TEST_STEP][PASSED] - datText = today: null

2020-12-24 00:38:21 - [TEST_STEP][PASSED] - openBrowser(VLinkURL + "authcap.html"): Browser is opened with url: 'https://dev-algorithm.govolution.com/vlinktest/QA/version_2_0/authcap.html'

2020-12-24 00:38:21 - [MESSAGE][INFO] - Starting 'Chrome' driver

2020-12-24 00:38:21 - [MESSAGE][INFO] - User set preference: ['acceptInsecureCerts', 'true']

2020-12-24 00:38:21 - [MESSAGE][INFO] - Action delay is set to 0 milliseconds

2020-12-24 00:38:24 - [MESSAGE][PASSED] - Browser is opened with url: 'https://dev-algorithm.govolution.com/vlinktest/QA/version_2_0/authcap.html'

2020-12-24 00:38:24 - [TEST_STEP][PASSED] - maximizeWindow(): Current window maximized

2020-12-24 00:38:24 - [MESSAGE][PASSED] - Current window maximized

2020-12-24 00:38:24 - [TEST_STEP][PASSED] - vlinkPages.saleCCPage.setDataSCC(row, dataFile): vlinkPages.saleCCPage.setDataSCC is PASSED

2020-12-24 00:38:26 - [MESSAGE][PASSED] - Object 'Object Repository/VLink/Page_CCSale/txt_CardNumber' is present

2020-12-24 00:38:27 - [MESSAGE][PASSED] - Object 'Object Repository/VLink/Page_CCSale/txt_TransactionType' is present

2020-12-24 00:38:27 - [MESSAGE][PASSED] - Text '104' is set on object 'Object Repository/VLink/Page_CCSale/txt_TransactionType'

2020-12-24 00:38:28 - [MESSAGE][PASSED] - Object 'Object Repository/VLink/Page_CCSale/txt_MessageVersion' is present

2020-12-24 00:38:28 - [MESSAGE][PASSED] - Text '2.0C' is set on object 'Object Repository/VLink/Page_CCSale/txt_MessageVersion'

2020-12-24 00:38:29 - [MESSAGE][PASSED] - Object 'Object Repository/VLink/Page_CCSale/txt_RemID' is present

2020-12-24 00:38:29 - [MESSAGE][PASSED] - Text '8QFXSAaOSAvu' is set on object 'Object Repository/VLink/Page_CCSale/txt_RemID'

2020-12-24 00:38:29 - [MESSAGE][PASSED] - Object 'Object Repository/VLink/Page_CCSale/txt_ApplicationId' is present

2020-12-24 00:38:30 - [MESSAGE][PASSED] - Text '671' is set on object 'Object Repository/VLink/Page_CCSale/txt_ApplicationId'

2020-12-24 00:38:30 - [MESSAGE][PASSED] - Object 'Object Repository/VLink/Page_CCSale/txt_Username' is present

2020-12-24 00:38:31 - [MESSAGE][PASSED] - Text 'username' is set on object 'Object Repository/VLink/Page_CCSale/txt_Username'

2020-12-24 00:38:31 - [MESSAGE][PASSED] - Object 'Object Repository/VLink/Page_CCSale/txt_Password' is present

2020-12-24 00:38:32 - [MESSAGE][PASSED] - Text 'password' is set on object 'Object Repository/VLink/Page_CCSale/txt_Password'

2020-12-24 00:38:32 - [MESSAGE][PASSED] - Object 'Object Repository/VLink/Page_CCSale/txt_ResponseFormat' is present

2020-12-24 00:38:33 - [MESSAGE][PASSED] - Text 'fixed_width' is set on object 'Object Repository/VLink/Page_CCSale/txt_ResponseFormat'

2020-12-24 00:38:33 - [MESSAGE][PASSED] - Object 'Object Repository/VLink/Page_CCSale/txt_Category' is present

2020-12-24 00:38:33 - [MESSAGE][PASSED] - Text 'RETL' is set on object 'Object Repository/VLink/Page_CCSale/txt_Category'

2020-12-24 00:38:34 - [MESSAGE][PASSED] - Object 'Object Repository/VLink/Page_CCSale/txt_TransactionID' is present

2020-12-24 00:38:34 - [MESSAGE][PASSED] - Text '' is set on object 'Object Repository/VLink/Page_CCSale/txt_TransactionID'

2020-12-24 00:38:35 - [MESSAGE][PASSED] - Object 'Object Repository/VLink/Page_CCSale/txt_ApprovalCode' is present

2020-12-24 00:38:35 - [MESSAGE][PASSED] - Text '' is set on object 'Object Repository/VLink/Page_CCSale/txt_ApprovalCode'

2020-12-24 00:38:35 - [MESSAGE][PASSED] - Object 'Object Repository/VLink/Page_CCSale/txt_CardName' is present

2020-12-24 00:38:36 - [MESSAGE][PASSED] - Text 'Kris Roshan' is set on object 'Object Repository/VLink/Page_CCSale/txt_CardName'

2020-12-24 00:38:36 - [MESSAGE][PASSED] - Object 'Object Repository/VLink/Page_CCSale/txt_AL1' is present

2020-12-24 00:38:37 - [MESSAGE][PASSED] - Text '258 Elm Road' is set on object 'Object Repository/VLink/Page_CCSale/txt_AL1'

2020-12-24 00:38:37 - [MESSAGE][PASSED] - Object 'Object Repository/VLink/Page_CCSale/txt_AL2' is present

2020-12-24 00:38:38 - [MESSAGE][PASSED] - Text 'Suite 56' is set on object 'Object Repository/VLink/Page_CCSale/txt_AL2'

2020-12-24 00:38:38 - [MESSAGE][PASSED] - Object 'Object Repository/VLink/Page_CCSale/txt_CardCity' is present

2020-12-24 00:38:39 - [MESSAGE][PASSED] - Text 'Arlington' is set on object 'Object Repository/VLink/Page_CCSale/txt_CardCity'

2020-12-24 00:38:39 - [MESSAGE][PASSED] - Object 'Object Repository/VLink/Page_CCSale/txt_CardState' is present

2020-12-24 00:38:40 - [MESSAGE][PASSED] - Text 'VA' is set on object 'Object Repository/VLink/Page_CCSale/txt_CardState'

2020-12-24 00:38:40 - [MESSAGE][PASSED] - Object 'Object Repository/VLink/Page_CCSale/txt_CardZIP' is present

2020-12-24 00:38:41 - [MESSAGE][PASSED] - Text '22201' is set on object 'Object Repository/VLink/Page_CCSale/txt_CardZIP'

2020-12-24 00:38:41 - [MESSAGE][PASSED] - Object 'Object Repository/VLink/Page_CCSale/txt_CountryID' is present

2020-12-24 00:38:42 - [MESSAGE][PASSED] - Text '840' is set on object 'Object Repository/VLink/Page_CCSale/txt_CountryID'

2020-12-24 00:38:42 - [MESSAGE][PASSED] - Object 'Object Repository/VLink/Page_CCSale/txt_Amount' is present

2020-12-24 00:38:43 - [MESSAGE][PASSED] - Text '1.50' is set on object 'Object Repository/VLink/Page_CCSale/txt_Amount'

2020-12-24 00:38:43 - [MESSAGE][PASSED] - Object 'Object Repository/VLink/Page_CCSale/txt_CardNumber' is present

2020-12-24 00:38:44 - [MESSAGE][PASSED] - Text '5424000000000015' is set on object 'Object Repository/VLink/Page_CCSale/txt_CardNumber'

2020-12-24 00:38:44 - [MESSAGE][PASSED] - Object 'Object Repository/VLink/Page_CCSale/txt_ExpMonth' is present

2020-12-24 00:38:45 - [MESSAGE][PASSED] - Text '12' is set on object 'Object Repository/VLink/Page_CCSale/txt_ExpMonth'

2020-12-24 00:38:45 - [MESSAGE][PASSED] - Object 'Object Repository/VLink/Page_CCSale/txt_ExpYear' is present

2020-12-24 00:38:46 - [MESSAGE][PASSED] - Text '2025' is set on object 'Object Repository/VLink/Page_CCSale/txt_ExpYear'

2020-12-24 00:38:46 - [MESSAGE][PASSED] - Object 'Object Repository/VLink/Page_CCSale/txt_CVV' is present

2020-12-24 00:38:47 - [MESSAGE][PASSED] - Text '' is set on object 'Object Repository/VLink/Page_CCSale/txt_CVV'

2020-12-24 00:38:47 - [MESSAGE][PASSED] - Object 'Object Repository/VLink/Page_CCSale/txt_CVVstate' is present

2020-12-24 00:38:48 - [MESSAGE][PASSED] - Text '' is set on object 'Object Repository/VLink/Page_CCSale/txt_CVVstate'

2020-12-24 00:38:48 - [MESSAGE][PASSED] - Object 'Object Repository/VLink/Page_CCSale/txt_TrackData' is present

2020-12-24 00:38:49 - [MESSAGE][PASSED] - Text '' is set on object 'Object Repository/VLink/Page_CCSale/txt_TrackData'

2020-12-24 00:38:49 - [MESSAGE][PASSED] - Object 'Object Repository/VLink/Page_CCSale/txt_Track1Data' is present

2020-12-24 00:38:50 - [MESSAGE][PASSED] - Text '' is set on object 'Object Repository/VLink/Page_CCSale/txt_Track1Data'

2020-12-24 00:38:50 - [MESSAGE][PASSED] - Object 'Object Repository/VLink/Page_CCSale/txt_Track2Data' is present

2020-12-24 00:38:51 - [MESSAGE][PASSED] - Text '' is set on object 'Object Repository/VLink/Page_CCSale/txt_Track2Data'

2020-12-24 00:38:51 - [MESSAGE][PASSED] - Object 'Object Repository/VLink/Page_CCSale/txt_POSEntryMode' is present

2020-12-24 00:38:52 - [MESSAGE][PASSED] - Text 'manual' is set on object 'Object Repository/VLink/Page_CCSale/txt_POSEntryMode'

2020-12-24 00:38:52 - [MESSAGE][PASSED] - Object 'Object Repository/VLink/Page_CCSale/txt_Email' is present

2020-12-24 00:38:53 - [MESSAGE][PASSED] - Text 'iahmed@govolution.com' is set on object 'Object Repository/VLink/Page_CCSale/txt_Email'

2020-12-24 00:38:53 - [MESSAGE][PASSED] - Object 'Object Repository/VLink/Page_CCSale/txt_OrderNumber' is present

2020-12-24 00:38:54 - [MESSAGE][PASSED] - Text '2569362' is set on object 'Object Repository/VLink/Page_CCSale/txt_OrderNumber'

2020-12-24 00:38:54 - [MESSAGE][PASSED] - Object 'Object Repository/VLink/Page_CCSale/txt_TaxAmount' is present

2020-12-24 00:38:55 - [MESSAGE][PASSED] - Text '1.15' is set on object 'Object Repository/VLink/Page_CCSale/txt_TaxAmount'

2020-12-24 00:38:55 - [MESSAGE][PASSED] - Object 'Object Repository/VLink/Page_CCSale/txt_ChargeDescription' is present

2020-12-24 00:38:56 - [MESSAGE][PASSED] - Text 'Charge Description' is set on object 'Object Repository/VLink/Page_CCSale/txt_ChargeDescription'

2020-12-24 00:38:56 - [MESSAGE][PASSED] - Object 'Object Repository/VLink/Page_CCSale/txt_CAN' is present

2020-12-24 00:38:57 - [MESSAGE][PASSED] - Text '147357' is set on object 'Object Repository/VLink/Page_CCSale/txt_CAN'

2020-12-24 00:38:57 - [MESSAGE][PASSED] - Object 'Object Repository/VLink/Page_CCSale/txt_BillPaymentIndicator' is present

2020-12-24 00:38:58 - [MESSAGE][PASSED] - Text '1' is set on object 'Object Repository/VLink/Page_CCSale/txt_BillPaymentIndicator'

2020-12-24 00:38:58 - [MESSAGE][PASSED] - Object 'Object Repository/VLink/Page_CCSale/txt_UDF1' is present

2020-12-24 00:38:59 - [MESSAGE][PASSED] - Text 'UDF Data 1' is set on object 'Object Repository/VLink/Page_CCSale/txt_UDF1'

2020-12-24 00:38:59 - [MESSAGE][PASSED] - Object 'Object Repository/VLink/Page_CCSale/txt_UDF2' is present

2020-12-24 00:39:00 - [MESSAGE][PASSED] - Text 'UDF Data 2' is set on object 'Object Repository/VLink/Page_CCSale/txt_UDF2'

2020-12-24 00:39:00 - [MESSAGE][PASSED] - Object 'Object Repository/VLink/Page_CCSale/txt_UDF3' is present

2020-12-24 00:39:00 - [MESSAGE][PASSED] - Text 'UDF Data 3' is set on object 'Object Repository/VLink/Page_CCSale/txt_UDF3'

2020-12-24 00:39:01 - [MESSAGE][PASSED] - Object 'Object Repository/VLink/Page_CCSale/txt_UDF4' is present

2020-12-24 00:39:01 - [MESSAGE][PASSED] - Text 'UDF Data 4' is set on object 'Object Repository/VLink/Page_CCSale/txt_UDF4'

2020-12-24 00:39:02 - [MESSAGE][PASSED] - Object 'Object Repository/VLink/Page_CCSale/txt_UDF5' is present

2020-12-24 00:39:02 - [MESSAGE][PASSED] - Text 'UDF Data 5' is set on object 'Object Repository/VLink/Page_CCSale/txt_UDF5'

2020-12-24 00:39:02 - [MESSAGE][PASSED] - Object 'Object Repository/VLink/Page_CCSale/txt_UDF6' is present

2020-12-24 00:39:03 - [MESSAGE][PASSED] - Text 'UDF Data 6' is set on object 'Object Repository/VLink/Page_CCSale/txt_UDF6'

2020-12-24 00:39:03 - [MESSAGE][PASSED] - Object 'Object Repository/VLink/Page_CCSale/txt_UDF7' is present

2020-12-24 00:39:04 - [MESSAGE][PASSED] - Text 'UDF Data 7' is set on object 'Object Repository/VLink/Page_CCSale/txt_UDF7'

2020-12-24 00:39:04 - [MESSAGE][PASSED] - Object 'Object Repository/VLink/Page_CCSale/txt_UDF8' is present

2020-12-24 00:39:05 - [MESSAGE][PASSED] - Text 'UDF Data 8' is set on object 'Object Repository/VLink/Page_CCSale/txt_UDF8'

2020-12-24 00:39:05 - [MESSAGE][PASSED] - Object 'Object Repository/VLink/Page_CCSale/txt_UDF9' is present

2020-12-24 00:39:06 - [MESSAGE][PASSED] - Text 'UDF Data 9' is set on object 'Object Repository/VLink/Page_CCSale/txt_UDF9'

2020-12-24 00:39:06 - [MESSAGE][PASSED] - Object 'Object Repository/VLink/Page_CCSale/txt_UDF10' is present

2020-12-24 00:39:07 - [MESSAGE][PASSED] - Text 'UDF Data 10' is set on object 'Object Repository/VLink/Page_CCSale/txt_UDF10'

2020-12-24 00:39:07 - [MESSAGE][PASSED] - Object 'Object Repository/VLink/Page_CCSale/txt_CardOnFileIndicator' is present

2020-12-24 00:39:08 - [MESSAGE][PASSED] - Text '0' is set on object 'Object Repository/VLink/Page_CCSale/txt_CardOnFileIndicator'

2020-12-24 00:39:08 - [MESSAGE][PASSED] - Object 'Object Repository/VLink/Page_CCSale/txt_StoredCredentialIndicator' is present

2020-12-24 00:39:09 - [MESSAGE][PASSED] - Text 'Initial' is set on object 'Object Repository/VLink/Page_CCSale/txt_StoredCredentialIndicator'

2020-12-24 00:39:09 - [MESSAGE][PASSED] - Object 'Object Repository/VLink/Page_CCSale/txt_COFScheduledIndicator' is present

2020-12-24 00:39:10 - [MESSAGE][PASSED] - Text 'Unscheduled' is set on object 'Object Repository/VLink/Page_CCSale/txt_COFScheduledIndicator'

2020-12-24 00:39:10 - [MESSAGE][PASSED] - Object 'Object Repository/VLink/Page_CCSale/txt_COFTransactionInitiatedBy' is present

2020-12-24 00:39:11 - [MESSAGE][PASSED] - Text 'Customer' is set on object 'Object Repository/VLink/Page_CCSale/txt_COFTransactionInitiatedBy'

2020-12-24 00:39:15 - [MESSAGE][PASSED] - Object: 'Object Repository/VLink/Page_CCSale/btn_ProcessVLinkTransaction' is clicked on

2020-12-24 00:39:20 - [MESSAGE][PASSED] - vlinkPages.saleCCPage.setDataSCC is PASSED

2020-12-24 00:39:20 - [TEST_STEP][PASSED] - if (verifyTextPresent("Transaction approved, no errors", true)): null

2020-12-24 00:39:20 - [MESSAGE][PASSED] - Text 'Transaction approved, no errors' is present on page  using regular expression

2020-12-24 00:39:20 - [TEST_STEP][PASSED] - println("Transaction Approved, no errors text is present on the Confirmation page"): null

2020-12-24 00:39:20 - [TEST_STEP][PASSED] - out.println("Pass Record Number: " + row): null

2020-12-24 00:39:20 - [TEST_STEP][PASSED] - resText = "Pass": null

2020-12-24 00:39:20 - [TEST_STEP][PASSED] - pages.WriteExcel.demoKey(resText, datText, resColumn, datCloumn, fileLoc, nameSheet, row): pages.WriteExcel.demoKey is PASSED

2020-12-24 00:39:20 - [MESSAGE][PASSED] - pages.WriteExcel.demoKey is PASSED

2020-12-24 00:39:20 - [TEST_STEP][PASSED] - sdfo = getText(findTestObject("Object Repository/Page_VLinkReceipt/pre_STX")): Text of object 'Object Repository/Page_VLinkReceipt/pre_STX' is: '<STX>8QFXSAaOSAvu                  12088122            0  Transaction approved, no errors                   0                                                                                  Y OK0648   <ETX>'

2020-12-24 00:39:20 - [MESSAGE][PASSED] - Text of object 'Object Repository/Page_VLinkReceipt/pre_STX' is: '<STX>8QFXSAaOSAvu                  12088122            0  Transaction approved, no errors                   0                                                                                  Y OK0648   <ETX>'

2020-12-24 00:39:20 - [TEST_STEP][PASSED] - out.println("sdfo: " + sdfo): null

2020-12-24 00:39:20 - [TEST_STEP][PASSED] - remID = substring(5, 35).trim(): null

2020-12-24 00:39:20 - [TEST_STEP][PASSED] - out.println("Remittance ID: " + remID): null

2020-12-24 00:39:20 - [TEST_STEP][PASSED] - traxID = substring(35, 55).trim(): null

2020-12-24 00:39:20 - [TEST_STEP][PASSED] - out.println("Transaction ID: " + traxID): null

2020-12-24 00:39:20 - [TEST_STEP][PASSED] - out.println("End Record Number: " + row): null

2020-12-24 00:39:20 - [TEST_STEP][PASSED] - closeBrowser(): Browser is closed

2020-12-24 00:39:21 - [MESSAGE][PASSED] - Browser is closed

2020-12-24 00:39:21 - [TEST_STEP][PASSED] - out.println("Begin Record Number: " + row): null

2020-12-24 00:39:21 - [TEST_STEP][PASSED] - today = new java.util.Date(): null

2020-12-24 00:39:21 - [TEST_STEP][PASSED] - println(today): null

2020-12-24 00:39:21 - [TEST_STEP][PASSED] - datText = today: null

2020-12-24 00:39:21 - [TEST_STEP][PASSED] - openBrowser(VLinkURL + "authcap.html"): Browser is opened with url: 'https://dev-algorithm.govolution.com/vlinktest/QA/version_2_0/authcap.html'

2020-12-24 00:39:21 - [MESSAGE][INFO] - Starting 'Chrome' driver

2020-12-24 00:39:21 - [MESSAGE][INFO] - User set preference: ['acceptInsecureCerts', 'true']

2020-12-24 00:39:21 - [MESSAGE][INFO] - Action delay is set to 0 milliseconds

2020-12-24 00:39:25 - [MESSAGE][PASSED] - Browser is opened with url: 'https://dev-algorithm.govolution.com/vlinktest/QA/version_2_0/authcap.html'

2020-12-24 00:39:25 - [TEST_STEP][PASSED] - maximizeWindow(): Current window maximized

2020-12-24 00:39:26 - [MESSAGE][PASSED] - Current window maximized

2020-12-24 00:39:26 - [TEST_STEP][PASSED] - vlinkPages.saleCCPage.setDataSCC(row, dataFile): vlinkPages.saleCCPage.setDataSCC is PASSED

2020-12-24 00:39:27 - [MESSAGE][PASSED] - Object 'Object Repository/VLink/Page_CCSale/txt_CardNumber' is present

2020-12-24 00:39:28 - [MESSAGE][PASSED] - Object 'Object Repository/VLink/Page_CCSale/txt_TransactionType' is present

2020-12-24 00:39:28 - [MESSAGE][PASSED] - Text '104' is set on object 'Object Repository/VLink/Page_CCSale/txt_TransactionType'

2020-12-24 00:39:29 - [MESSAGE][PASSED] - Object 'Object Repository/VLink/Page_CCSale/txt_MessageVersion' is present

2020-12-24 00:39:29 - [MESSAGE][PASSED] - Text '2.0C' is set on object 'Object Repository/VLink/Page_CCSale/txt_MessageVersion'

2020-12-24 00:39:29 - [MESSAGE][PASSED] - Object 'Object Repository/VLink/Page_CCSale/txt_RemID' is present

2020-12-24 00:39:30 - [MESSAGE][PASSED] - Text '3yk8AJYtfoiq' is set on object 'Object Repository/VLink/Page_CCSale/txt_RemID'

2020-12-24 00:39:30 - [MESSAGE][PASSED] - Object 'Object Repository/VLink/Page_CCSale/txt_ApplicationId' is present

2020-12-24 00:39:31 - [MESSAGE][PASSED] - Text '671' is set on object 'Object Repository/VLink/Page_CCSale/txt_ApplicationId'

2020-12-24 00:39:31 - [MESSAGE][PASSED] - Object 'Object Repository/VLink/Page_CCSale/txt_Username' is present

2020-12-24 00:39:32 - [MESSAGE][PASSED] - Text 'username' is set on object 'Object Repository/VLink/Page_CCSale/txt_Username'

2020-12-24 00:39:32 - [MESSAGE][PASSED] - Object 'Object Repository/VLink/Page_CCSale/txt_Password' is present

2020-12-24 00:39:33 - [MESSAGE][PASSED] - Text 'password' is set on object 'Object Repository/VLink/Page_CCSale/txt_Password'

2020-12-24 00:39:33 - [MESSAGE][PASSED] - Object 'Object Repository/VLink/Page_CCSale/txt_ResponseFormat' is present

2020-12-24 00:39:34 - [MESSAGE][PASSED] - Text 'fixed_width' is set on object 'Object Repository/VLink/Page_CCSale/txt_ResponseFormat'

2020-12-24 00:39:34 - [MESSAGE][PASSED] - Object 'Object Repository/VLink/Page_CCSale/txt_Category' is present

2020-12-24 00:39:35 - [MESSAGE][PASSED] - Text 'RETL' is set on object 'Object Repository/VLink/Page_CCSale/txt_Category'

2020-12-24 00:39:35 - [MESSAGE][PASSED] - Object 'Object Repository/VLink/Page_CCSale/txt_TransactionID' is present

2020-12-24 00:39:36 - [MESSAGE][PASSED] - Text '' is set on object 'Object Repository/VLink/Page_CCSale/txt_TransactionID'

2020-12-24 00:39:36 - [MESSAGE][PASSED] - Object 'Object Repository/VLink/Page_CCSale/txt_ApprovalCode' is present

2020-12-24 00:39:36 - [MESSAGE][PASSED] - Text '' is set on object 'Object Repository/VLink/Page_CCSale/txt_ApprovalCode'

2020-12-24 00:39:37 - [MESSAGE][PASSED] - Object 'Object Repository/VLink/Page_CCSale/txt_CardName' is present

2020-12-24 00:39:37 - [MESSAGE][PASSED] - Text 'Arvind Silva' is set on object 'Object Repository/VLink/Page_CCSale/txt_CardName'

2020-12-24 00:39:38 - [MESSAGE][PASSED] - Object 'Object Repository/VLink/Page_CCSale/txt_AL1' is present

2020-12-24 00:39:38 - [MESSAGE][PASSED] - Text '111 Main Ave' is set on object 'Object Repository/VLink/Page_CCSale/txt_AL1'

2020-12-24 00:39:39 - [MESSAGE][PASSED] - Object 'Object Repository/VLink/Page_CCSale/txt_AL2' is present

2020-12-24 00:39:39 - [MESSAGE][PASSED] - Text '' is set on object 'Object Repository/VLink/Page_CCSale/txt_AL2'

2020-12-24 00:39:40 - [MESSAGE][PASSED] - Object 'Object Repository/VLink/Page_CCSale/txt_CardCity' is present

2020-12-24 00:39:40 - [MESSAGE][PASSED] - Text 'Arlington' is set on object 'Object Repository/VLink/Page_CCSale/txt_CardCity'

2020-12-24 00:39:41 - [MESSAGE][PASSED] - Object 'Object Repository/VLink/Page_CCSale/txt_CardState' is present

2020-12-24 00:39:41 - [MESSAGE][PASSED] - Text 'VA' is set on object 'Object Repository/VLink/Page_CCSale/txt_CardState'

2020-12-24 00:39:42 - [MESSAGE][PASSED] - Object 'Object Repository/VLink/Page_CCSale/txt_CardZIP' is present

2020-12-24 00:39:42 - [MESSAGE][PASSED] - Text '22201' is set on object 'Object Repository/VLink/Page_CCSale/txt_CardZIP'

2020-12-24 00:39:43 - [MESSAGE][PASSED] - Object 'Object Repository/VLink/Page_CCSale/txt_CountryID' is present

2020-12-24 00:39:43 - [MESSAGE][PASSED] - Text '' is set on object 'Object Repository/VLink/Page_CCSale/txt_CountryID'

2020-12-24 00:39:44 - [MESSAGE][PASSED] - Object 'Object Repository/VLink/Page_CCSale/txt_Amount' is present

2020-12-24 00:39:44 - [MESSAGE][PASSED] - Text '2.50' is set on object 'Object Repository/VLink/Page_CCSale/txt_Amount'

2020-12-24 00:39:44 - [MESSAGE][PASSED] - Object 'Object Repository/VLink/Page_CCSale/txt_CardNumber' is present

2020-12-24 00:39:45 - [MESSAGE][PASSED] - Text '370000000000002' is set on object 'Object Repository/VLink/Page_CCSale/txt_CardNumber'

2020-12-24 00:39:45 - [MESSAGE][PASSED] - Object 'Object Repository/VLink/Page_CCSale/txt_ExpMonth' is present

2020-12-24 00:39:46 - [MESSAGE][PASSED] - Text '01' is set on object 'Object Repository/VLink/Page_CCSale/txt_ExpMonth'

2020-12-24 00:39:46 - [MESSAGE][PASSED] - Object 'Object Repository/VLink/Page_CCSale/txt_ExpYear' is present

2020-12-24 00:39:47 - [MESSAGE][PASSED] - Text '2026' is set on object 'Object Repository/VLink/Page_CCSale/txt_ExpYear'

2020-12-24 00:39:47 - [MESSAGE][PASSED] - Object 'Object Repository/VLink/Page_CCSale/txt_CVV' is present

2020-12-24 00:39:48 - [MESSAGE][PASSED] - Text '' is set on object 'Object Repository/VLink/Page_CCSale/txt_CVV'

2020-12-24 00:39:48 - [MESSAGE][PASSED] - Object 'Object Repository/VLink/Page_CCSale/txt_CVVstate' is present

2020-12-24 00:39:49 - [MESSAGE][PASSED] - Text '' is set on object 'Object Repository/VLink/Page_CCSale/txt_CVVstate'

2020-12-24 00:39:49 - [MESSAGE][PASSED] - Object 'Object Repository/VLink/Page_CCSale/txt_TrackData' is present

2020-12-24 00:39:50 - [MESSAGE][PASSED] - Text '' is set on object 'Object Repository/VLink/Page_CCSale/txt_TrackData'

2020-12-24 00:39:50 - [MESSAGE][PASSED] - Object 'Object Repository/VLink/Page_CCSale/txt_Track1Data' is present

2020-12-24 00:39:51 - [MESSAGE][PASSED] - Text '' is set on object 'Object Repository/VLink/Page_CCSale/txt_Track1Data'

2020-12-24 00:39:51 - [MESSAGE][PASSED] - Object 'Object Repository/VLink/Page_CCSale/txt_Track2Data' is present

2020-12-24 00:39:52 - [MESSAGE][PASSED] - Text '' is set on object 'Object Repository/VLink/Page_CCSale/txt_Track2Data'

2020-12-24 00:39:52 - [MESSAGE][PASSED] - Object 'Object Repository/VLink/Page_CCSale/txt_POSEntryMode' is present

2020-12-24 00:39:53 - [MESSAGE][PASSED] - Text 'manual' is set on object 'Object Repository/VLink/Page_CCSale/txt_POSEntryMode'

2020-12-24 00:39:53 - [MESSAGE][PASSED] - Object 'Object Repository/VLink/Page_CCSale/txt_Email' is present

2020-12-24 00:39:54 - [MESSAGE][PASSED] - Text '' is set on object 'Object Repository/VLink/Page_CCSale/txt_Email'

2020-12-24 00:39:54 - [MESSAGE][PASSED] - Object 'Object Repository/VLink/Page_CCSale/txt_OrderNumber' is present

2020-12-24 00:39:55 - [MESSAGE][PASSED] - Text '' is set on object 'Object Repository/VLink/Page_CCSale/txt_OrderNumber'

2020-12-24 00:39:55 - [MESSAGE][PASSED] - Object 'Object Repository/VLink/Page_CCSale/txt_TaxAmount' is present

2020-12-24 00:39:56 - [MESSAGE][PASSED] - Text '' is set on object 'Object Repository/VLink/Page_CCSale/txt_TaxAmount'

2020-12-24 00:39:56 - [MESSAGE][PASSED] - Object 'Object Repository/VLink/Page_CCSale/txt_ChargeDescription' is present

2020-12-24 00:39:57 - [MESSAGE][PASSED] - Text '' is set on object 'Object Repository/VLink/Page_CCSale/txt_ChargeDescription'

2020-12-24 00:39:57 - [MESSAGE][PASSED] - Object 'Object Repository/VLink/Page_CCSale/txt_CAN' is present

2020-12-24 00:39:58 - [MESSAGE][PASSED] - Text '' is set on object 'Object Repository/VLink/Page_CCSale/txt_CAN'

2020-12-24 00:39:58 - [MESSAGE][PASSED] - Object 'Object Repository/VLink/Page_CCSale/txt_BillPaymentIndicator' is present

2020-12-24 00:39:59 - [MESSAGE][PASSED] - Text '' is set on object 'Object Repository/VLink/Page_CCSale/txt_BillPaymentIndicator'

2020-12-24 00:39:59 - [MESSAGE][PASSED] - Object 'Object Repository/VLink/Page_CCSale/txt_UDF1' is present

2020-12-24 00:40:00 - [MESSAGE][PASSED] - Text '' is set on object 'Object Repository/VLink/Page_CCSale/txt_UDF1'

2020-12-24 00:40:00 - [MESSAGE][PASSED] - Object 'Object Repository/VLink/Page_CCSale/txt_UDF2' is present

2020-12-24 00:40:01 - [MESSAGE][PASSED] - Text '' is set on object 'Object Repository/VLink/Page_CCSale/txt_UDF2'

2020-12-24 00:40:01 - [MESSAGE][PASSED] - Object 'Object Repository/VLink/Page_CCSale/txt_UDF3' is present

2020-12-24 00:40:02 - [MESSAGE][PASSED] - Text '' is set on object 'Object Repository/VLink/Page_CCSale/txt_UDF3'

2020-12-24 00:40:02 - [MESSAGE][PASSED] - Object 'Object Repository/VLink/Page_CCSale/txt_UDF4' is present

2020-12-24 00:40:03 - [MESSAGE][PASSED] - Text '' is set on object 'Object Repository/VLink/Page_CCSale/txt_UDF4'

2020-12-24 00:40:03 - [MESSAGE][PASSED] - Object 'Object Repository/VLink/Page_CCSale/txt_UDF5' is present

2020-12-24 00:40:04 - [MESSAGE][PASSED] - Text '' is set on object 'Object Repository/VLink/Page_CCSale/txt_UDF5'

2020-12-24 00:40:04 - [MESSAGE][PASSED] - Object 'Object Repository/VLink/Page_CCSale/txt_UDF6' is present

2020-12-24 00:40:05 - [MESSAGE][PASSED] - Text '' is set on object 'Object Repository/VLink/Page_CCSale/txt_UDF6'

2020-12-24 00:40:05 - [MESSAGE][PASSED] - Object 'Object Repository/VLink/Page_CCSale/txt_UDF7' is present

2020-12-24 00:40:06 - [MESSAGE][PASSED] - Text '' is set on object 'Object Repository/VLink/Page_CCSale/txt_UDF7'

2020-12-24 00:40:06 - [MESSAGE][PASSED] - Object 'Object Repository/VLink/Page_CCSale/txt_UDF8' is present

2020-12-24 00:40:07 - [MESSAGE][PASSED] - Text '' is set on object 'Object Repository/VLink/Page_CCSale/txt_UDF8'

2020-12-24 00:40:07 - [MESSAGE][PASSED] - Object 'Object Repository/VLink/Page_CCSale/txt_UDF9' is present

2020-12-24 00:40:08 - [MESSAGE][PASSED] - Text '' is set on object 'Object Repository/VLink/Page_CCSale/txt_UDF9'

2020-12-24 00:40:08 - [MESSAGE][PASSED] - Object 'Object Repository/VLink/Page_CCSale/txt_UDF10' is present

2020-12-24 00:40:09 - [MESSAGE][PASSED] - Text '' is set on object 'Object Repository/VLink/Page_CCSale/txt_UDF10'

2020-12-24 00:40:09 - [MESSAGE][PASSED] - Object 'Object Repository/VLink/Page_CCSale/txt_CardOnFileIndicator' is present

2020-12-24 00:40:10 - [MESSAGE][PASSED] - Text '0' is set on object 'Object Repository/VLink/Page_CCSale/txt_CardOnFileIndicator'

2020-12-24 00:40:10 - [MESSAGE][PASSED] - Object 'Object Repository/VLink/Page_CCSale/txt_StoredCredentialIndicator' is present

2020-12-24 00:40:11 - [MESSAGE][PASSED] - Text 'Initial' is set on object 'Object Repository/VLink/Page_CCSale/txt_StoredCredentialIndicator'

2020-12-24 00:40:11 - [MESSAGE][PASSED] - Object 'Object Repository/VLink/Page_CCSale/txt_COFScheduledIndicator' is present

2020-12-24 00:40:12 - [MESSAGE][PASSED] - Text 'Unscheduled' is set on object 'Object Repository/VLink/Page_CCSale/txt_COFScheduledIndicator'

2020-12-24 00:40:12 - [MESSAGE][PASSED] - Object 'Object Repository/VLink/Page_CCSale/txt_COFTransactionInitiatedBy' is present

2020-12-24 00:40:13 - [MESSAGE][PASSED] - Text 'Customer' is set on object 'Object Repository/VLink/Page_CCSale/txt_COFTransactionInitiatedBy'

2020-12-24 00:40:17 - [MESSAGE][PASSED] - Object: 'Object Repository/VLink/Page_CCSale/btn_ProcessVLinkTransaction' is clicked on

2020-12-24 00:40:22 - [MESSAGE][PASSED] - vlinkPages.saleCCPage.setDataSCC is PASSED

2020-12-24 00:40:22 - [TEST_STEP][PASSED] - if (verifyTextPresent("Transaction approved, no errors", true)): null

2020-12-24 00:40:22 - [MESSAGE][PASSED] - Text 'Transaction approved, no errors' is present on page  using regular expression

2020-12-24 00:40:22 - [TEST_STEP][PASSED] - println("Transaction Approved, no errors text is present on the Confirmation page"): null

2020-12-24 00:40:22 - [TEST_STEP][PASSED] - out.println("Pass Record Number: " + row): null

2020-12-24 00:40:22 - [TEST_STEP][PASSED] - resText = "Pass": null

2020-12-24 00:40:22 - [TEST_STEP][PASSED] - pages.WriteExcel.demoKey(resText, datText, resColumn, datCloumn, fileLoc, nameSheet, row): pages.WriteExcel.demoKey is PASSED

2020-12-24 00:40:22 - [MESSAGE][PASSED] - pages.WriteExcel.demoKey is PASSED

2020-12-24 00:40:22 - [TEST_STEP][PASSED] - sdfo = getText(findTestObject("Object Repository/Page_VLinkReceipt/pre_STX")): Text of object 'Object Repository/Page_VLinkReceipt/pre_STX' is: '<STX>3yk8AJYtfoiq                  12088123            0  Transaction approved, no errors                   0                                                                                  Y OK1148   <ETX>'

2020-12-24 00:40:23 - [MESSAGE][PASSED] - Text of object 'Object Repository/Page_VLinkReceipt/pre_STX' is: '<STX>3yk8AJYtfoiq                  12088123            0  Transaction approved, no errors                   0                                                                                  Y OK1148   <ETX>'

2020-12-24 00:40:23 - [TEST_STEP][PASSED] - out.println("sdfo: " + sdfo): null

2020-12-24 00:40:23 - [TEST_STEP][PASSED] - remID = substring(5, 35).trim(): null

2020-12-24 00:40:23 - [TEST_STEP][PASSED] - out.println("Remittance ID: " + remID): null

2020-12-24 00:40:23 - [TEST_STEP][PASSED] - traxID = substring(35, 55).trim(): null

2020-12-24 00:40:23 - [TEST_STEP][PASSED] - out.println("Transaction ID: " + traxID): null

2020-12-24 00:40:23 - [TEST_STEP][PASSED] - out.println("End Record Number: " + row): null

2020-12-24 00:40:23 - [TEST_STEP][PASSED] - closeBrowser(): Browser is closed

2020-12-24 00:40:23 - [MESSAGE][PASSED] - Browser is closed

2020-12-24 00:40:23 - [TEST_STEP][PASSED] - out.println("Begin Record Number: " + row): null

2020-12-24 00:40:23 - [TEST_STEP][PASSED] - today = new java.util.Date(): null

2020-12-24 00:40:23 - [TEST_STEP][PASSED] - println(today): null

2020-12-24 00:40:23 - [TEST_STEP][PASSED] - datText = today: null

2020-12-24 00:40:23 - [TEST_STEP][PASSED] - openBrowser(VLinkURL + "authcap.html"): Browser is opened with url: 'https://dev-algorithm.govolution.com/vlinktest/QA/version_2_0/authcap.html'

2020-12-24 00:40:23 - [MESSAGE][INFO] - Starting 'Chrome' driver

2020-12-24 00:40:23 - [MESSAGE][INFO] - User set preference: ['acceptInsecureCerts', 'true']

2020-12-24 00:40:23 - [MESSAGE][INFO] - Action delay is set to 0 milliseconds

2020-12-24 00:40:28 - [MESSAGE][PASSED] - Browser is opened with url: 'https://dev-algorithm.govolution.com/vlinktest/QA/version_2_0/authcap.html'

2020-12-24 00:40:28 - [TEST_STEP][PASSED] - maximizeWindow(): Current window maximized

2020-12-24 00:40:28 - [MESSAGE][PASSED] - Current window maximized

2020-12-24 00:40:28 - [TEST_STEP][PASSED] - vlinkPages.saleCCPage.setDataSCC(row, dataFile): vlinkPages.saleCCPage.setDataSCC is PASSED

2020-12-24 00:40:30 - [MESSAGE][PASSED] - Object 'Object Repository/VLink/Page_CCSale/txt_CardNumber' is present

2020-12-24 00:40:30 - [MESSAGE][PASSED] - Object 'Object Repository/VLink/Page_CCSale/txt_TransactionType' is present

2020-12-24 00:40:30 - [MESSAGE][PASSED] - Text '104' is set on object 'Object Repository/VLink/Page_CCSale/txt_TransactionType'

2020-12-24 00:40:31 - [MESSAGE][PASSED] - Object 'Object Repository/VLink/Page_CCSale/txt_MessageVersion' is present

2020-12-24 00:40:31 - [MESSAGE][PASSED] - Text '2.0C' is set on object 'Object Repository/VLink/Page_CCSale/txt_MessageVersion'

2020-12-24 00:40:32 - [MESSAGE][PASSED] - Object 'Object Repository/VLink/Page_CCSale/txt_RemID' is present

2020-12-24 00:40:32 - [MESSAGE][PASSED] - Text 'F1owndxMViKN' is set on object 'Object Repository/VLink/Page_CCSale/txt_RemID'

2020-12-24 00:40:32 - [MESSAGE][PASSED] - Object 'Object Repository/VLink/Page_CCSale/txt_ApplicationId' is present

2020-12-24 00:40:33 - [MESSAGE][PASSED] - Text '671' is set on object 'Object Repository/VLink/Page_CCSale/txt_ApplicationId'

2020-12-24 00:40:33 - [MESSAGE][PASSED] - Object 'Object Repository/VLink/Page_CCSale/txt_Username' is present

2020-12-24 00:40:34 - [MESSAGE][PASSED] - Text 'username' is set on object 'Object Repository/VLink/Page_CCSale/txt_Username'

2020-12-24 00:40:34 - [MESSAGE][PASSED] - Object 'Object Repository/VLink/Page_CCSale/txt_Password' is present

2020-12-24 00:40:35 - [MESSAGE][PASSED] - Text 'password' is set on object 'Object Repository/VLink/Page_CCSale/txt_Password'

2020-12-24 00:40:35 - [MESSAGE][PASSED] - Object 'Object Repository/VLink/Page_CCSale/txt_ResponseFormat' is present

2020-12-24 00:40:36 - [MESSAGE][PASSED] - Text 'fixed_width' is set on object 'Object Repository/VLink/Page_CCSale/txt_ResponseFormat'

2020-12-24 00:40:36 - [MESSAGE][PASSED] - Object 'Object Repository/VLink/Page_CCSale/txt_Category' is present

2020-12-24 00:40:37 - [MESSAGE][PASSED] - Text 'RETL' is set on object 'Object Repository/VLink/Page_CCSale/txt_Category'

2020-12-24 00:40:37 - [MESSAGE][PASSED] - Object 'Object Repository/VLink/Page_CCSale/txt_TransactionID' is present

2020-12-24 00:40:38 - [MESSAGE][PASSED] - Text '' is set on object 'Object Repository/VLink/Page_CCSale/txt_TransactionID'

2020-12-24 00:40:38 - [MESSAGE][PASSED] - Object 'Object Repository/VLink/Page_CCSale/txt_ApprovalCode' is present

2020-12-24 00:40:39 - [MESSAGE][PASSED] - Text '' is set on object 'Object Repository/VLink/Page_CCSale/txt_ApprovalCode'

2020-12-24 00:40:39 - [MESSAGE][PASSED] - Object 'Object Repository/VLink/Page_CCSale/txt_CardName' is present

2020-12-24 00:40:40 - [MESSAGE][PASSED] - Text 'Roshan Maha' is set on object 'Object Repository/VLink/Page_CCSale/txt_CardName'

2020-12-24 00:40:40 - [MESSAGE][PASSED] - Object 'Object Repository/VLink/Page_CCSale/txt_AL1' is present

2020-12-24 00:40:41 - [MESSAGE][PASSED] - Text '12563 Bazaar road' is set on object 'Object Repository/VLink/Page_CCSale/txt_AL1'

2020-12-24 00:40:41 - [MESSAGE][PASSED] - Object 'Object Repository/VLink/Page_CCSale/txt_AL2' is present

2020-12-24 00:40:42 - [MESSAGE][PASSED] - Text '' is set on object 'Object Repository/VLink/Page_CCSale/txt_AL2'

2020-12-24 00:40:42 - [MESSAGE][PASSED] - Object 'Object Repository/VLink/Page_CCSale/txt_CardCity' is present

2020-12-24 00:40:43 - [MESSAGE][PASSED] - Text 'Crofton' is set on object 'Object Repository/VLink/Page_CCSale/txt_CardCity'

2020-12-24 00:40:43 - [MESSAGE][PASSED] - Object 'Object Repository/VLink/Page_CCSale/txt_CardState' is present

2020-12-24 00:40:44 - [MESSAGE][PASSED] - Text 'MD' is set on object 'Object Repository/VLink/Page_CCSale/txt_CardState'

2020-12-24 00:40:44 - [MESSAGE][PASSED] - Object 'Object Repository/VLink/Page_CCSale/txt_CardZIP' is present

2020-12-24 00:40:45 - [MESSAGE][PASSED] - Text '21114' is set on object 'Object Repository/VLink/Page_CCSale/txt_CardZIP'

2020-12-24 00:40:45 - [MESSAGE][PASSED] - Object 'Object Repository/VLink/Page_CCSale/txt_CountryID' is present

2020-12-24 00:40:46 - [MESSAGE][PASSED] - Text '' is set on object 'Object Repository/VLink/Page_CCSale/txt_CountryID'

2020-12-24 00:40:46 - [MESSAGE][PASSED] - Object 'Object Repository/VLink/Page_CCSale/txt_Amount' is present

2020-12-24 00:40:47 - [MESSAGE][PASSED] - Text '3.50' is set on object 'Object Repository/VLink/Page_CCSale/txt_Amount'

2020-12-24 00:40:47 - [MESSAGE][PASSED] - Object 'Object Repository/VLink/Page_CCSale/txt_CardNumber' is present

2020-12-24 00:40:48 - [MESSAGE][PASSED] - Text '6011000000000004' is set on object 'Object Repository/VLink/Page_CCSale/txt_CardNumber'

2020-12-24 00:40:48 - [MESSAGE][PASSED] - Object 'Object Repository/VLink/Page_CCSale/txt_ExpMonth' is present

2020-12-24 00:40:49 - [MESSAGE][PASSED] - Text '01' is set on object 'Object Repository/VLink/Page_CCSale/txt_ExpMonth'

2020-12-24 00:40:49 - [MESSAGE][PASSED] - Object 'Object Repository/VLink/Page_CCSale/txt_ExpYear' is present

2020-12-24 00:40:50 - [MESSAGE][PASSED] - Text '2026' is set on object 'Object Repository/VLink/Page_CCSale/txt_ExpYear'

2020-12-24 00:40:50 - [MESSAGE][PASSED] - Object 'Object Repository/VLink/Page_CCSale/txt_CVV' is present

2020-12-24 00:40:51 - [MESSAGE][PASSED] - Text '' is set on object 'Object Repository/VLink/Page_CCSale/txt_CVV'

2020-12-24 00:40:51 - [MESSAGE][PASSED] - Object 'Object Repository/VLink/Page_CCSale/txt_CVVstate' is present

2020-12-24 00:40:52 - [MESSAGE][PASSED] - Text '' is set on object 'Object Repository/VLink/Page_CCSale/txt_CVVstate'

2020-12-24 00:40:52 - [MESSAGE][PASSED] - Object 'Object Repository/VLink/Page_CCSale/txt_TrackData' is present

2020-12-24 00:40:53 - [MESSAGE][PASSED] - Text '' is set on object 'Object Repository/VLink/Page_CCSale/txt_TrackData'

2020-12-24 00:40:53 - [MESSAGE][PASSED] - Object 'Object Repository/VLink/Page_CCSale/txt_Track1Data' is present

2020-12-24 00:40:54 - [MESSAGE][PASSED] - Text '' is set on object 'Object Repository/VLink/Page_CCSale/txt_Track1Data'

2020-12-24 00:40:54 - [MESSAGE][PASSED] - Object 'Object Repository/VLink/Page_CCSale/txt_Track2Data' is present

2020-12-24 00:40:55 - [MESSAGE][PASSED] - Text '' is set on object 'Object Repository/VLink/Page_CCSale/txt_Track2Data'

2020-12-24 00:40:55 - [MESSAGE][PASSED] - Object 'Object Repository/VLink/Page_CCSale/txt_POSEntryMode' is present

2020-12-24 00:40:56 - [MESSAGE][PASSED] - Text 'manual' is set on object 'Object Repository/VLink/Page_CCSale/txt_POSEntryMode'

2020-12-24 00:40:56 - [MESSAGE][PASSED] - Object 'Object Repository/VLink/Page_CCSale/txt_Email' is present

2020-12-24 00:40:57 - [MESSAGE][PASSED] - Text '' is set on object 'Object Repository/VLink/Page_CCSale/txt_Email'

2020-12-24 00:40:57 - [MESSAGE][PASSED] - Object 'Object Repository/VLink/Page_CCSale/txt_OrderNumber' is present

2020-12-24 00:40:58 - [MESSAGE][PASSED] - Text '' is set on object 'Object Repository/VLink/Page_CCSale/txt_OrderNumber'

2020-12-24 00:40:58 - [MESSAGE][PASSED] - Object 'Object Repository/VLink/Page_CCSale/txt_TaxAmount' is present

2020-12-24 00:40:59 - [MESSAGE][PASSED] - Text '' is set on object 'Object Repository/VLink/Page_CCSale/txt_TaxAmount'

2020-12-24 00:40:59 - [MESSAGE][PASSED] - Object 'Object Repository/VLink/Page_CCSale/txt_ChargeDescription' is present

2020-12-24 00:41:00 - [MESSAGE][PASSED] - Text '' is set on object 'Object Repository/VLink/Page_CCSale/txt_ChargeDescription'

2020-12-24 00:41:00 - [MESSAGE][PASSED] - Object 'Object Repository/VLink/Page_CCSale/txt_CAN' is present

2020-12-24 00:41:01 - [MESSAGE][PASSED] - Text '' is set on object 'Object Repository/VLink/Page_CCSale/txt_CAN'

2020-12-24 00:41:01 - [MESSAGE][PASSED] - Object 'Object Repository/VLink/Page_CCSale/txt_BillPaymentIndicator' is present

2020-12-24 00:41:02 - [MESSAGE][PASSED] - Text '' is set on object 'Object Repository/VLink/Page_CCSale/txt_BillPaymentIndicator'

2020-12-24 00:41:02 - [MESSAGE][PASSED] - Object 'Object Repository/VLink/Page_CCSale/txt_UDF1' is present

2020-12-24 00:41:02 - [MESSAGE][PASSED] - Text '' is set on object 'Object Repository/VLink/Page_CCSale/txt_UDF1'

2020-12-24 00:41:03 - [MESSAGE][PASSED] - Object 'Object Repository/VLink/Page_CCSale/txt_UDF2' is present

2020-12-24 00:41:03 - [MESSAGE][PASSED] - Text '' is set on object 'Object Repository/VLink/Page_CCSale/txt_UDF2'

2020-12-24 00:41:04 - [MESSAGE][PASSED] - Object 'Object Repository/VLink/Page_CCSale/txt_UDF3' is present

2020-12-24 00:41:04 - [MESSAGE][PASSED] - Text '' is set on object 'Object Repository/VLink/Page_CCSale/txt_UDF3'

2020-12-24 00:41:05 - [MESSAGE][PASSED] - Object 'Object Repository/VLink/Page_CCSale/txt_UDF4' is present

2020-12-24 00:41:05 - [MESSAGE][PASSED] - Text '' is set on object 'Object Repository/VLink/Page_CCSale/txt_UDF4'

2020-12-24 00:41:06 - [MESSAGE][PASSED] - Object 'Object Repository/VLink/Page_CCSale/txt_UDF5' is present

2020-12-24 00:41:06 - [MESSAGE][PASSED] - Text '' is set on object 'Object Repository/VLink/Page_CCSale/txt_UDF5'

2020-12-24 00:41:07 - [MESSAGE][PASSED] - Object 'Object Repository/VLink/Page_CCSale/txt_UDF6' is present

2020-12-24 00:41:07 - [MESSAGE][PASSED] - Text '' is set on object 'Object Repository/VLink/Page_CCSale/txt_UDF6'

2020-12-24 00:41:08 - [MESSAGE][PASSED] - Object 'Object Repository/VLink/Page_CCSale/txt_UDF7' is present

2020-12-24 00:41:08 - [MESSAGE][PASSED] - Text '' is set on object 'Object Repository/VLink/Page_CCSale/txt_UDF7'

2020-12-24 00:41:09 - [MESSAGE][PASSED] - Object 'Object Repository/VLink/Page_CCSale/txt_UDF8' is present

2020-12-24 00:41:09 - [MESSAGE][PASSED] - Text '' is set on object 'Object Repository/VLink/Page_CCSale/txt_UDF8'

2020-12-24 00:41:10 - [MESSAGE][PASSED] - Object 'Object Repository/VLink/Page_CCSale/txt_UDF9' is present

2020-12-24 00:41:10 - [MESSAGE][PASSED] - Text '' is set on object 'Object Repository/VLink/Page_CCSale/txt_UDF9'

2020-12-24 00:41:11 - [MESSAGE][PASSED] - Object 'Object Repository/VLink/Page_CCSale/txt_UDF10' is present

2020-12-24 00:41:11 - [MESSAGE][PASSED] - Text '' is set on object 'Object Repository/VLink/Page_CCSale/txt_UDF10'

2020-12-24 00:41:12 - [MESSAGE][PASSED] - Object 'Object Repository/VLink/Page_CCSale/txt_CardOnFileIndicator' is present

2020-12-24 00:41:12 - [MESSAGE][PASSED] - Text '0' is set on object 'Object Repository/VLink/Page_CCSale/txt_CardOnFileIndicator'

2020-12-24 00:41:13 - [MESSAGE][PASSED] - Object 'Object Repository/VLink/Page_CCSale/txt_StoredCredentialIndicator' is present

2020-12-24 00:41:13 - [MESSAGE][PASSED] - Text 'Initial' is set on object 'Object Repository/VLink/Page_CCSale/txt_StoredCredentialIndicator'

2020-12-24 00:41:14 - [MESSAGE][PASSED] - Object 'Object Repository/VLink/Page_CCSale/txt_COFScheduledIndicator' is present

2020-12-24 00:41:14 - [MESSAGE][PASSED] - Text 'Unscheduled' is set on object 'Object Repository/VLink/Page_CCSale/txt_COFScheduledIndicator'

2020-12-24 00:41:14 - [MESSAGE][PASSED] - Object 'Object Repository/VLink/Page_CCSale/txt_COFTransactionInitiatedBy' is present

2020-12-24 00:41:15 - [MESSAGE][PASSED] - Text 'Customer' is set on object 'Object Repository/VLink/Page_CCSale/txt_COFTransactionInitiatedBy'

2020-12-24 00:41:19 - [MESSAGE][PASSED] - Object: 'Object Repository/VLink/Page_CCSale/btn_ProcessVLinkTransaction' is clicked on

2020-12-24 00:41:24 - [MESSAGE][PASSED] - vlinkPages.saleCCPage.setDataSCC is PASSED

2020-12-24 00:41:24 - [TEST_STEP][PASSED] - if (verifyTextPresent("Transaction approved, no errors", true)): null

2020-12-24 00:41:24 - [MESSAGE][PASSED] - Text 'Transaction approved, no errors' is present on page  using regular expression

2020-12-24 00:41:24 - [TEST_STEP][PASSED] - println("Transaction Approved, no errors text is present on the Confirmation page"): null

2020-12-24 00:41:24 - [TEST_STEP][PASSED] - out.println("Pass Record Number: " + row): null

2020-12-24 00:41:24 - [TEST_STEP][PASSED] - resText = "Pass": null

2020-12-24 00:41:24 - [TEST_STEP][PASSED] - pages.WriteExcel.demoKey(resText, datText, resColumn, datCloumn, fileLoc, nameSheet, row): pages.WriteExcel.demoKey is PASSED

2020-12-24 00:41:24 - [MESSAGE][PASSED] - pages.WriteExcel.demoKey is PASSED

2020-12-24 00:41:24 - [TEST_STEP][PASSED] - sdfo = getText(findTestObject("Object Repository/Page_VLinkReceipt/pre_STX")): Text of object 'Object Repository/Page_VLinkReceipt/pre_STX' is: '<STX>F1owndxMViKN                  12088124            0  Transaction approved, no errors                   0                                                                                  Y OK1418   <ETX>'

2020-12-24 00:41:24 - [MESSAGE][PASSED] - Text of object 'Object Repository/Page_VLinkReceipt/pre_STX' is: '<STX>F1owndxMViKN                  12088124            0  Transaction approved, no errors                   0                                                                                  Y OK1418   <ETX>'

2020-12-24 00:41:24 - [TEST_STEP][PASSED] - out.println("sdfo: " + sdfo): null

2020-12-24 00:41:24 - [TEST_STEP][PASSED] - remID = substring(5, 35).trim(): null

2020-12-24 00:41:24 - [TEST_STEP][PASSED] - out.println("Remittance ID: " + remID): null

2020-12-24 00:41:24 - [TEST_STEP][PASSED] - traxID = substring(35, 55).trim(): null

2020-12-24 00:41:24 - [TEST_STEP][PASSED] - out.println("Transaction ID: " + traxID): null

2020-12-24 00:41:24 - [TEST_STEP][PASSED] - out.println("End Record Number: " + row): null

2020-12-24 00:41:24 - [TEST_STEP][PASSED] - closeBrowser(): Browser is closed

2020-12-24 00:41:25 - [MESSAGE][PASSED] - Browser is closed

2020-12-24 00:41:25 - [TEST_STEP][PASSED] - out.println("Begin Record Number: " + row): null

2020-12-24 00:41:25 - [TEST_STEP][PASSED] - today = new java.util.Date(): null

2020-12-24 00:41:25 - [TEST_STEP][PASSED] - println(today): null

2020-12-24 00:41:25 - [TEST_STEP][PASSED] - datText = today: null

2020-12-24 00:41:25 - [TEST_STEP][PASSED] - openBrowser(VLinkURL + "authcap.html"): Browser is opened with url: 'https://dev-algorithm.govolution.com/vlinktest/QA/version_2_0/authcap.html'

2020-12-24 00:41:25 - [MESSAGE][INFO] - Starting 'Chrome' driver

2020-12-24 00:41:25 - [MESSAGE][INFO] - User set preference: ['acceptInsecureCerts', 'true']

2020-12-24 00:41:25 - [MESSAGE][INFO] - Action delay is set to 0 milliseconds

2020-12-24 00:41:29 - [MESSAGE][PASSED] - Browser is opened with url: 'https://dev-algorithm.govolution.com/vlinktest/QA/version_2_0/authcap.html'

2020-12-24 00:41:29 - [TEST_STEP][PASSED] - maximizeWindow(): Current window maximized

2020-12-24 00:41:30 - [MESSAGE][PASSED] - Current window maximized

2020-12-24 00:41:30 - [TEST_STEP][PASSED] - vlinkPages.saleCCPage.setDataSCC(row, dataFile): vlinkPages.saleCCPage.setDataSCC is PASSED

2020-12-24 00:41:31 - [MESSAGE][PASSED] - Object 'Object Repository/VLink/Page_CCSale/txt_CardNumber' is present

2020-12-24 00:41:32 - [MESSAGE][PASSED] - Object 'Object Repository/VLink/Page_CCSale/txt_TransactionType' is present

2020-12-24 00:41:32 - [MESSAGE][PASSED] - Text '104' is set on object 'Object Repository/VLink/Page_CCSale/txt_TransactionType'

2020-12-24 00:41:33 - [MESSAGE][PASSED] - Object 'Object Repository/VLink/Page_CCSale/txt_MessageVersion' is present

2020-12-24 00:41:33 - [MESSAGE][PASSED] - Text '2.0C' is set on object 'Object Repository/VLink/Page_CCSale/txt_MessageVersion'

2020-12-24 00:41:34 - [MESSAGE][PASSED] - Object 'Object Repository/VLink/Page_CCSale/txt_RemID' is present

2020-12-24 00:41:34 - [MESSAGE][PASSED] - Text 'iQyxTSHrttKd' is set on object 'Object Repository/VLink/Page_CCSale/txt_RemID'

2020-12-24 00:41:34 - [MESSAGE][PASSED] - Object 'Object Repository/VLink/Page_CCSale/txt_ApplicationId' is present

2020-12-24 00:41:35 - [MESSAGE][PASSED] - Text '665' is set on object 'Object Repository/VLink/Page_CCSale/txt_ApplicationId'

2020-12-24 00:41:35 - [MESSAGE][PASSED] - Object 'Object Repository/VLink/Page_CCSale/txt_Username' is present

2020-12-24 00:41:36 - [MESSAGE][PASSED] - Text 'username' is set on object 'Object Repository/VLink/Page_CCSale/txt_Username'

2020-12-24 00:41:36 - [MESSAGE][PASSED] - Object 'Object Repository/VLink/Page_CCSale/txt_Password' is present

2020-12-24 00:41:37 - [MESSAGE][PASSED] - Text 'password' is set on object 'Object Repository/VLink/Page_CCSale/txt_Password'

2020-12-24 00:41:37 - [MESSAGE][PASSED] - Object 'Object Repository/VLink/Page_CCSale/txt_ResponseFormat' is present

2020-12-24 00:41:38 - [MESSAGE][PASSED] - Text 'fixed_width' is set on object 'Object Repository/VLink/Page_CCSale/txt_ResponseFormat'

2020-12-24 00:41:38 - [MESSAGE][PASSED] - Object 'Object Repository/VLink/Page_CCSale/txt_Category' is present

2020-12-24 00:41:38 - [MESSAGE][PASSED] - Text 'ECOM' is set on object 'Object Repository/VLink/Page_CCSale/txt_Category'

2020-12-24 00:41:39 - [MESSAGE][PASSED] - Object 'Object Repository/VLink/Page_CCSale/txt_TransactionID' is present

2020-12-24 00:41:39 - [MESSAGE][PASSED] - Text '' is set on object 'Object Repository/VLink/Page_CCSale/txt_TransactionID'

2020-12-24 00:41:40 - [MESSAGE][PASSED] - Object 'Object Repository/VLink/Page_CCSale/txt_ApprovalCode' is present

2020-12-24 00:41:40 - [MESSAGE][PASSED] - Text '' is set on object 'Object Repository/VLink/Page_CCSale/txt_ApprovalCode'

2020-12-24 00:41:41 - [MESSAGE][PASSED] - Object 'Object Repository/VLink/Page_CCSale/txt_CardName' is present

2020-12-24 00:41:41 - [MESSAGE][PASSED] - Text 'Roshan Maha' is set on object 'Object Repository/VLink/Page_CCSale/txt_CardName'

2020-12-24 00:41:42 - [MESSAGE][PASSED] - Object 'Object Repository/VLink/Page_CCSale/txt_AL1' is present

2020-12-24 00:41:42 - [MESSAGE][PASSED] - Text '12563 Bazaar road' is set on object 'Object Repository/VLink/Page_CCSale/txt_AL1'

2020-12-24 00:41:43 - [MESSAGE][PASSED] - Object 'Object Repository/VLink/Page_CCSale/txt_AL2' is present

2020-12-24 00:41:43 - [MESSAGE][PASSED] - Text '' is set on object 'Object Repository/VLink/Page_CCSale/txt_AL2'

2020-12-24 00:41:44 - [MESSAGE][PASSED] - Object 'Object Repository/VLink/Page_CCSale/txt_CardCity' is present

2020-12-24 00:41:44 - [MESSAGE][PASSED] - Text 'Crofton' is set on object 'Object Repository/VLink/Page_CCSale/txt_CardCity'

2020-12-24 00:41:45 - [MESSAGE][PASSED] - Object 'Object Repository/VLink/Page_CCSale/txt_CardState' is present

2020-12-24 00:41:45 - [MESSAGE][PASSED] - Text 'MD' is set on object 'Object Repository/VLink/Page_CCSale/txt_CardState'

2020-12-24 00:41:46 - [MESSAGE][PASSED] - Object 'Object Repository/VLink/Page_CCSale/txt_CardZIP' is present

2020-12-24 00:41:46 - [MESSAGE][PASSED] - Text '21114' is set on object 'Object Repository/VLink/Page_CCSale/txt_CardZIP'

2020-12-24 00:41:47 - [MESSAGE][PASSED] - Object 'Object Repository/VLink/Page_CCSale/txt_CountryID' is present

2020-12-24 00:41:47 - [MESSAGE][PASSED] - Text '' is set on object 'Object Repository/VLink/Page_CCSale/txt_CountryID'

2020-12-24 00:41:48 - [MESSAGE][PASSED] - Object 'Object Repository/VLink/Page_CCSale/txt_Amount' is present

2020-12-24 00:41:48 - [MESSAGE][PASSED] - Text '3.50' is set on object 'Object Repository/VLink/Page_CCSale/txt_Amount'

2020-12-24 00:41:49 - [MESSAGE][PASSED] - Object 'Object Repository/VLink/Page_CCSale/txt_CardNumber' is present

2020-12-24 00:41:49 - [MESSAGE][PASSED] - Text '4111111111111111' is set on object 'Object Repository/VLink/Page_CCSale/txt_CardNumber'

2020-12-24 00:41:50 - [MESSAGE][PASSED] - Object 'Object Repository/VLink/Page_CCSale/txt_ExpMonth' is present

2020-12-24 00:41:50 - [MESSAGE][PASSED] - Text '01' is set on object 'Object Repository/VLink/Page_CCSale/txt_ExpMonth'

2020-12-24 00:41:51 - [MESSAGE][PASSED] - Object 'Object Repository/VLink/Page_CCSale/txt_ExpYear' is present

2020-12-24 00:41:51 - [MESSAGE][PASSED] - Text '2026' is set on object 'Object Repository/VLink/Page_CCSale/txt_ExpYear'

2020-12-24 00:41:52 - [MESSAGE][PASSED] - Object 'Object Repository/VLink/Page_CCSale/txt_CVV' is present

2020-12-24 00:41:52 - [MESSAGE][PASSED] - Text '' is set on object 'Object Repository/VLink/Page_CCSale/txt_CVV'

2020-12-24 00:41:53 - [MESSAGE][PASSED] - Object 'Object Repository/VLink/Page_CCSale/txt_CVVstate' is present

2020-12-24 00:41:53 - [MESSAGE][PASSED] - Text '' is set on object 'Object Repository/VLink/Page_CCSale/txt_CVVstate'

2020-12-24 00:41:54 - [MESSAGE][PASSED] - Object 'Object Repository/VLink/Page_CCSale/txt_TrackData' is present

2020-12-24 00:41:54 - [MESSAGE][PASSED] - Text '' is set on object 'Object Repository/VLink/Page_CCSale/txt_TrackData'

2020-12-24 00:41:55 - [MESSAGE][PASSED] - Object 'Object Repository/VLink/Page_CCSale/txt_Track1Data' is present

2020-12-24 00:41:55 - [MESSAGE][PASSED] - Text '' is set on object 'Object Repository/VLink/Page_CCSale/txt_Track1Data'

2020-12-24 00:41:56 - [MESSAGE][PASSED] - Object 'Object Repository/VLink/Page_CCSale/txt_Track2Data' is present

2020-12-24 00:41:56 - [MESSAGE][PASSED] - Text '' is set on object 'Object Repository/VLink/Page_CCSale/txt_Track2Data'

2020-12-24 00:41:57 - [MESSAGE][PASSED] - Object 'Object Repository/VLink/Page_CCSale/txt_POSEntryMode' is present

2020-12-24 00:41:57 - [MESSAGE][PASSED] - Text 'manual' is set on object 'Object Repository/VLink/Page_CCSale/txt_POSEntryMode'

2020-12-24 00:41:58 - [MESSAGE][PASSED] - Object 'Object Repository/VLink/Page_CCSale/txt_Email' is present

2020-12-24 00:41:58 - [MESSAGE][PASSED] - Text '' is set on object 'Object Repository/VLink/Page_CCSale/txt_Email'

2020-12-24 00:41:59 - [MESSAGE][PASSED] - Object 'Object Repository/VLink/Page_CCSale/txt_OrderNumber' is present

2020-12-24 00:41:59 - [MESSAGE][PASSED] - Text '' is set on object 'Object Repository/VLink/Page_CCSale/txt_OrderNumber'

2020-12-24 00:42:00 - [MESSAGE][PASSED] - Object 'Object Repository/VLink/Page_CCSale/txt_TaxAmount' is present

2020-12-24 00:42:00 - [MESSAGE][PASSED] - Text '' is set on object 'Object Repository/VLink/Page_CCSale/txt_TaxAmount'

2020-12-24 00:42:01 - [MESSAGE][PASSED] - Object 'Object Repository/VLink/Page_CCSale/txt_ChargeDescription' is present

2020-12-24 00:42:01 - [MESSAGE][PASSED] - Text '' is set on object 'Object Repository/VLink/Page_CCSale/txt_ChargeDescription'

2020-12-24 00:42:02 - [MESSAGE][PASSED] - Object 'Object Repository/VLink/Page_CCSale/txt_CAN' is present

2020-12-24 00:42:02 - [MESSAGE][PASSED] - Text '' is set on object 'Object Repository/VLink/Page_CCSale/txt_CAN'

2020-12-24 00:42:03 - [MESSAGE][PASSED] - Object 'Object Repository/VLink/Page_CCSale/txt_BillPaymentIndicator' is present

2020-12-24 00:42:03 - [MESSAGE][PASSED] - Text '' is set on object 'Object Repository/VLink/Page_CCSale/txt_BillPaymentIndicator'

2020-12-24 00:42:04 - [MESSAGE][PASSED] - Object 'Object Repository/VLink/Page_CCSale/txt_UDF1' is present

2020-12-24 00:42:04 - [MESSAGE][PASSED] - Text '' is set on object 'Object Repository/VLink/Page_CCSale/txt_UDF1'

2020-12-24 00:42:05 - [MESSAGE][PASSED] - Object 'Object Repository/VLink/Page_CCSale/txt_UDF2' is present

2020-12-24 00:42:05 - [MESSAGE][PASSED] - Text '' is set on object 'Object Repository/VLink/Page_CCSale/txt_UDF2'

2020-12-24 00:42:06 - [MESSAGE][PASSED] - Object 'Object Repository/VLink/Page_CCSale/txt_UDF3' is present

2020-12-24 00:42:06 - [MESSAGE][PASSED] - Text '' is set on object 'Object Repository/VLink/Page_CCSale/txt_UDF3'

2020-12-24 00:42:07 - [MESSAGE][PASSED] - Object 'Object Repository/VLink/Page_CCSale/txt_UDF4' is present

2020-12-24 00:42:07 - [MESSAGE][PASSED] - Text '' is set on object 'Object Repository/VLink/Page_CCSale/txt_UDF4'

2020-12-24 00:42:07 - [MESSAGE][PASSED] - Object 'Object Repository/VLink/Page_CCSale/txt_UDF5' is present

2020-12-24 00:42:08 - [MESSAGE][PASSED] - Text '' is set on object 'Object Repository/VLink/Page_CCSale/txt_UDF5'

2020-12-24 00:42:08 - [MESSAGE][PASSED] - Object 'Object Repository/VLink/Page_CCSale/txt_UDF6' is present

2020-12-24 00:42:09 - [MESSAGE][PASSED] - Text '' is set on object 'Object Repository/VLink/Page_CCSale/txt_UDF6'

2020-12-24 00:42:09 - [MESSAGE][PASSED] - Object 'Object Repository/VLink/Page_CCSale/txt_UDF7' is present

2020-12-24 00:42:10 - [MESSAGE][PASSED] - Text '' is set on object 'Object Repository/VLink/Page_CCSale/txt_UDF7'

2020-12-24 00:42:10 - [MESSAGE][PASSED] - Object 'Object Repository/VLink/Page_CCSale/txt_UDF8' is present

2020-12-24 00:42:11 - [MESSAGE][PASSED] - Text '' is set on object 'Object Repository/VLink/Page_CCSale/txt_UDF8'

2020-12-24 00:42:11 - [MESSAGE][PASSED] - Object 'Object Repository/VLink/Page_CCSale/txt_UDF9' is present

2020-12-24 00:42:12 - [MESSAGE][PASSED] - Text '' is set on object 'Object Repository/VLink/Page_CCSale/txt_UDF9'

2020-12-24 00:42:12 - [MESSAGE][PASSED] - Object 'Object Repository/VLink/Page_CCSale/txt_UDF10' is present

2020-12-24 00:42:13 - [MESSAGE][PASSED] - Text '' is set on object 'Object Repository/VLink/Page_CCSale/txt_UDF10'

2020-12-24 00:42:13 - [MESSAGE][PASSED] - Object 'Object Repository/VLink/Page_CCSale/txt_CardOnFileIndicator' is present

2020-12-24 00:42:14 - [MESSAGE][PASSED] - Text '1' is set on object 'Object Repository/VLink/Page_CCSale/txt_CardOnFileIndicator'

2020-12-24 00:42:14 - [MESSAGE][PASSED] - Object 'Object Repository/VLink/Page_CCSale/txt_StoredCredentialIndicator' is present

2020-12-24 00:42:15 - [MESSAGE][PASSED] - Text 'Subsequent' is set on object 'Object Repository/VLink/Page_CCSale/txt_StoredCredentialIndicator'

2020-12-24 00:42:15 - [MESSAGE][PASSED] - Object 'Object Repository/VLink/Page_CCSale/txt_COFScheduledIndicator' is present

2020-12-24 00:42:16 - [MESSAGE][PASSED] - Text 'Scheduled' is set on object 'Object Repository/VLink/Page_CCSale/txt_COFScheduledIndicator'

2020-12-24 00:42:16 - [MESSAGE][PASSED] - Object 'Object Repository/VLink/Page_CCSale/txt_COFTransactionInitiatedBy' is present

2020-12-24 00:42:17 - [MESSAGE][PASSED] - Text 'Merchant' is set on object 'Object Repository/VLink/Page_CCSale/txt_COFTransactionInitiatedBy'

2020-12-24 00:42:19 - [MESSAGE][PASSED] - Object: 'Object Repository/VLink/Page_CCSale/btn_ProcessVLinkTransaction' is clicked on

2020-12-24 00:42:24 - [MESSAGE][PASSED] - vlinkPages.saleCCPage.setDataSCC is PASSED

2020-12-24 00:42:24 - [TEST_STEP][PASSED] - if (verifyTextPresent("Transaction approved, no errors", true)): null

2020-12-24 00:42:25 - [MESSAGE][PASSED] - Text 'Transaction approved, no errors' is present on page  using regular expression

2020-12-24 00:42:25 - [TEST_STEP][PASSED] - println("Transaction Approved, no errors text is present on the Confirmation page"): null

2020-12-24 00:42:25 - [TEST_STEP][PASSED] - out.println("Pass Record Number: " + row): null

2020-12-24 00:42:25 - [TEST_STEP][PASSED] - resText = "Pass": null

2020-12-24 00:42:25 - [TEST_STEP][PASSED] - pages.WriteExcel.demoKey(resText, datText, resColumn, datCloumn, fileLoc, nameSheet, row): pages.WriteExcel.demoKey is PASSED

2020-12-24 00:42:25 - [MESSAGE][PASSED] - pages.WriteExcel.demoKey is PASSED

2020-12-24 00:42:25 - [TEST_STEP][PASSED] - sdfo = getText(findTestObject("Object Repository/Page_VLinkReceipt/pre_STX")): Text of object 'Object Repository/Page_VLinkReceipt/pre_STX' is: '<STX>iQyxTSHrttKd                  12088125            0  Transaction approved, no errors                   0                                                                                  X OK6690   <ETX>'

2020-12-24 00:42:25 - [MESSAGE][PASSED] - Text of object 'Object Repository/Page_VLinkReceipt/pre_STX' is: '<STX>iQyxTSHrttKd                  12088125            0  Transaction approved, no errors                   0                                                                                  X OK6690   <ETX>'

2020-12-24 00:42:25 - [TEST_STEP][PASSED] - out.println("sdfo: " + sdfo): null

2020-12-24 00:42:25 - [TEST_STEP][PASSED] - remID = substring(5, 35).trim(): null

2020-12-24 00:42:25 - [TEST_STEP][PASSED] - out.println("Remittance ID: " + remID): null

2020-12-24 00:42:25 - [TEST_STEP][PASSED] - traxID = substring(35, 55).trim(): null

2020-12-24 00:42:25 - [TEST_STEP][PASSED] - out.println("Transaction ID: " + traxID): null

2020-12-24 00:42:25 - [TEST_STEP][PASSED] - out.println("End Record Number: " + row): null

2020-12-24 00:42:25 - [TEST_STEP][PASSED] - closeBrowser(): Browser is closed

2020-12-24 00:42:26 - [MESSAGE][PASSED] - Browser is closed

2020-12-24 00:42:26 - [TEST_STEP][PASSED] - out.println("Begin Record Number: " + row): null

2020-12-24 00:42:26 - [TEST_STEP][PASSED] - today = new java.util.Date(): null

2020-12-24 00:42:26 - [TEST_STEP][PASSED] - println(today): null

2020-12-24 00:42:26 - [TEST_STEP][PASSED] - datText = today: null

2020-12-24 00:42:26 - [TEST_STEP][PASSED] - openBrowser(VLinkURL + "authcap.html"): Browser is opened with url: 'https://dev-algorithm.govolution.com/vlinktest/QA/version_2_0/authcap.html'

2020-12-24 00:42:26 - [MESSAGE][INFO] - Starting 'Chrome' driver

2020-12-24 00:42:26 - [MESSAGE][INFO] - User set preference: ['acceptInsecureCerts', 'true']

2020-12-24 00:42:26 - [MESSAGE][INFO] - Action delay is set to 0 milliseconds

2020-12-24 00:42:30 - [MESSAGE][PASSED] - Browser is opened with url: 'https://dev-algorithm.govolution.com/vlinktest/QA/version_2_0/authcap.html'

2020-12-24 00:42:30 - [TEST_STEP][PASSED] - maximizeWindow(): Current window maximized

2020-12-24 00:42:30 - [MESSAGE][PASSED] - Current window maximized

2020-12-24 00:42:30 - [TEST_STEP][PASSED] - vlinkPages.saleCCPage.setDataSCC(row, dataFile): vlinkPages.saleCCPage.setDataSCC is PASSED

2020-12-24 00:42:32 - [MESSAGE][PASSED] - Object 'Object Repository/VLink/Page_CCSale/txt_CardNumber' is present

2020-12-24 00:42:32 - [MESSAGE][PASSED] - Object 'Object Repository/VLink/Page_CCSale/txt_TransactionType' is present

2020-12-24 00:42:33 - [MESSAGE][PASSED] - Text '104' is set on object 'Object Repository/VLink/Page_CCSale/txt_TransactionType'

2020-12-24 00:42:33 - [MESSAGE][PASSED] - Object 'Object Repository/VLink/Page_CCSale/txt_MessageVersion' is present

2020-12-24 00:42:33 - [MESSAGE][PASSED] - Text '2.0C' is set on object 'Object Repository/VLink/Page_CCSale/txt_MessageVersion'

2020-12-24 00:42:34 - [MESSAGE][PASSED] - Object 'Object Repository/VLink/Page_CCSale/txt_RemID' is present

2020-12-24 00:42:34 - [MESSAGE][PASSED] - Text 'TI79I9CZ3ln6' is set on object 'Object Repository/VLink/Page_CCSale/txt_RemID'

2020-12-24 00:42:35 - [MESSAGE][PASSED] - Object 'Object Repository/VLink/Page_CCSale/txt_ApplicationId' is present

2020-12-24 00:42:35 - [MESSAGE][PASSED] - Text '665' is set on object 'Object Repository/VLink/Page_CCSale/txt_ApplicationId'

2020-12-24 00:42:35 - [MESSAGE][PASSED] - Object 'Object Repository/VLink/Page_CCSale/txt_Username' is present

2020-12-24 00:42:36 - [MESSAGE][PASSED] - Text 'username' is set on object 'Object Repository/VLink/Page_CCSale/txt_Username'

2020-12-24 00:42:36 - [MESSAGE][PASSED] - Object 'Object Repository/VLink/Page_CCSale/txt_Password' is present

2020-12-24 00:42:37 - [MESSAGE][PASSED] - Text 'password' is set on object 'Object Repository/VLink/Page_CCSale/txt_Password'

2020-12-24 00:42:37 - [MESSAGE][PASSED] - Object 'Object Repository/VLink/Page_CCSale/txt_ResponseFormat' is present

2020-12-24 00:42:38 - [MESSAGE][PASSED] - Text 'fixed_width' is set on object 'Object Repository/VLink/Page_CCSale/txt_ResponseFormat'

2020-12-24 00:42:38 - [MESSAGE][PASSED] - Object 'Object Repository/VLink/Page_CCSale/txt_Category' is present

2020-12-24 00:42:39 - [MESSAGE][PASSED] - Text 'ECOM' is set on object 'Object Repository/VLink/Page_CCSale/txt_Category'

2020-12-24 00:42:39 - [MESSAGE][PASSED] - Object 'Object Repository/VLink/Page_CCSale/txt_TransactionID' is present

2020-12-24 00:42:40 - [MESSAGE][PASSED] - Text '' is set on object 'Object Repository/VLink/Page_CCSale/txt_TransactionID'

2020-12-24 00:42:40 - [MESSAGE][PASSED] - Object 'Object Repository/VLink/Page_CCSale/txt_ApprovalCode' is present

2020-12-24 00:42:41 - [MESSAGE][PASSED] - Text '' is set on object 'Object Repository/VLink/Page_CCSale/txt_ApprovalCode'

2020-12-24 00:42:41 - [MESSAGE][PASSED] - Object 'Object Repository/VLink/Page_CCSale/txt_CardName' is present

2020-12-24 00:42:41 - [MESSAGE][PASSED] - Text 'Kris Roshan' is set on object 'Object Repository/VLink/Page_CCSale/txt_CardName'

2020-12-24 00:42:42 - [MESSAGE][PASSED] - Object 'Object Repository/VLink/Page_CCSale/txt_AL1' is present

2020-12-24 00:42:42 - [MESSAGE][PASSED] - Text '258 Elm Road' is set on object 'Object Repository/VLink/Page_CCSale/txt_AL1'

2020-12-24 00:42:43 - [MESSAGE][PASSED] - Object 'Object Repository/VLink/Page_CCSale/txt_AL2' is present

2020-12-24 00:42:43 - [MESSAGE][PASSED] - Text 'Suite 56' is set on object 'Object Repository/VLink/Page_CCSale/txt_AL2'

2020-12-24 00:42:44 - [MESSAGE][PASSED] - Object 'Object Repository/VLink/Page_CCSale/txt_CardCity' is present

2020-12-24 00:42:44 - [MESSAGE][PASSED] - Text 'Arlington' is set on object 'Object Repository/VLink/Page_CCSale/txt_CardCity'

2020-12-24 00:42:45 - [MESSAGE][PASSED] - Object 'Object Repository/VLink/Page_CCSale/txt_CardState' is present

2020-12-24 00:42:46 - [MESSAGE][PASSED] - Text 'VA' is set on object 'Object Repository/VLink/Page_CCSale/txt_CardState'

2020-12-24 00:42:46 - [MESSAGE][PASSED] - Object 'Object Repository/VLink/Page_CCSale/txt_CardZIP' is present

2020-12-24 00:42:47 - [MESSAGE][PASSED] - Text '22201' is set on object 'Object Repository/VLink/Page_CCSale/txt_CardZIP'

2020-12-24 00:42:47 - [MESSAGE][PASSED] - Object 'Object Repository/VLink/Page_CCSale/txt_CountryID' is present

2020-12-24 00:42:48 - [MESSAGE][PASSED] - Text '840' is set on object 'Object Repository/VLink/Page_CCSale/txt_CountryID'

2020-12-24 00:42:48 - [MESSAGE][PASSED] - Object 'Object Repository/VLink/Page_CCSale/txt_Amount' is present

2020-12-24 00:42:49 - [MESSAGE][PASSED] - Text '1.50' is set on object 'Object Repository/VLink/Page_CCSale/txt_Amount'

2020-12-24 00:42:49 - [MESSAGE][PASSED] - Object 'Object Repository/VLink/Page_CCSale/txt_CardNumber' is present

2020-12-24 00:42:49 - [MESSAGE][PASSED] - Text '5424000000000015' is set on object 'Object Repository/VLink/Page_CCSale/txt_CardNumber'

2020-12-24 00:42:50 - [MESSAGE][PASSED] - Object 'Object Repository/VLink/Page_CCSale/txt_ExpMonth' is present

2020-12-24 00:42:50 - [MESSAGE][PASSED] - Text '12' is set on object 'Object Repository/VLink/Page_CCSale/txt_ExpMonth'

2020-12-24 00:42:51 - [MESSAGE][PASSED] - Object 'Object Repository/VLink/Page_CCSale/txt_ExpYear' is present

2020-12-24 00:42:51 - [MESSAGE][PASSED] - Text '2025' is set on object 'Object Repository/VLink/Page_CCSale/txt_ExpYear'

2020-12-24 00:42:52 - [MESSAGE][PASSED] - Object 'Object Repository/VLink/Page_CCSale/txt_CVV' is present

2020-12-24 00:42:52 - [MESSAGE][PASSED] - Text '' is set on object 'Object Repository/VLink/Page_CCSale/txt_CVV'

2020-12-24 00:42:53 - [MESSAGE][PASSED] - Object 'Object Repository/VLink/Page_CCSale/txt_CVVstate' is present

2020-12-24 00:42:53 - [MESSAGE][PASSED] - Text '' is set on object 'Object Repository/VLink/Page_CCSale/txt_CVVstate'

2020-12-24 00:42:54 - [MESSAGE][PASSED] - Object 'Object Repository/VLink/Page_CCSale/txt_TrackData' is present

2020-12-24 00:42:54 - [MESSAGE][PASSED] - Text '' is set on object 'Object Repository/VLink/Page_CCSale/txt_TrackData'

2020-12-24 00:42:55 - [MESSAGE][PASSED] - Object 'Object Repository/VLink/Page_CCSale/txt_Track1Data' is present

2020-12-24 00:42:55 - [MESSAGE][PASSED] - Text '' is set on object 'Object Repository/VLink/Page_CCSale/txt_Track1Data'

2020-12-24 00:42:56 - [MESSAGE][PASSED] - Object 'Object Repository/VLink/Page_CCSale/txt_Track2Data' is present

2020-12-24 00:42:56 - [MESSAGE][PASSED] - Text '' is set on object 'Object Repository/VLink/Page_CCSale/txt_Track2Data'

2020-12-24 00:42:57 - [MESSAGE][PASSED] - Object 'Object Repository/VLink/Page_CCSale/txt_POSEntryMode' is present

2020-12-24 00:42:57 - [MESSAGE][PASSED] - Text 'manual' is set on object 'Object Repository/VLink/Page_CCSale/txt_POSEntryMode'

2020-12-24 00:42:58 - [MESSAGE][PASSED] - Object 'Object Repository/VLink/Page_CCSale/txt_Email' is present

2020-12-24 00:42:58 - [MESSAGE][PASSED] - Text 'iahmed@govolution.com' is set on object 'Object Repository/VLink/Page_CCSale/txt_Email'

2020-12-24 00:42:59 - [MESSAGE][PASSED] - Object 'Object Repository/VLink/Page_CCSale/txt_OrderNumber' is present

2020-12-24 00:42:59 - [MESSAGE][PASSED] - Text '2569362' is set on object 'Object Repository/VLink/Page_CCSale/txt_OrderNumber'

2020-12-24 00:43:00 - [MESSAGE][PASSED] - Object 'Object Repository/VLink/Page_CCSale/txt_TaxAmount' is present

2020-12-24 00:43:00 - [MESSAGE][PASSED] - Text '1.15' is set on object 'Object Repository/VLink/Page_CCSale/txt_TaxAmount'

2020-12-24 00:43:01 - [MESSAGE][PASSED] - Object 'Object Repository/VLink/Page_CCSale/txt_ChargeDescription' is present

2020-12-24 00:43:01 - [MESSAGE][PASSED] - Text 'Charge Description' is set on object 'Object Repository/VLink/Page_CCSale/txt_ChargeDescription'

2020-12-24 00:43:02 - [MESSAGE][PASSED] - Object 'Object Repository/VLink/Page_CCSale/txt_CAN' is present

2020-12-24 00:43:02 - [MESSAGE][PASSED] - Text '147357' is set on object 'Object Repository/VLink/Page_CCSale/txt_CAN'

2020-12-24 00:43:03 - [MESSAGE][PASSED] - Object 'Object Repository/VLink/Page_CCSale/txt_BillPaymentIndicator' is present

2020-12-24 00:43:03 - [MESSAGE][PASSED] - Text '1' is set on object 'Object Repository/VLink/Page_CCSale/txt_BillPaymentIndicator'

2020-12-24 00:43:04 - [MESSAGE][PASSED] - Object 'Object Repository/VLink/Page_CCSale/txt_UDF1' is present

2020-12-24 00:43:04 - [MESSAGE][PASSED] - Text 'UDF Data 1' is set on object 'Object Repository/VLink/Page_CCSale/txt_UDF1'

2020-12-24 00:43:05 - [MESSAGE][PASSED] - Object 'Object Repository/VLink/Page_CCSale/txt_UDF2' is present

2020-12-24 00:43:05 - [MESSAGE][PASSED] - Text 'UDF Data 2' is set on object 'Object Repository/VLink/Page_CCSale/txt_UDF2'

2020-12-24 00:43:06 - [MESSAGE][PASSED] - Object 'Object Repository/VLink/Page_CCSale/txt_UDF3' is present

2020-12-24 00:43:06 - [MESSAGE][PASSED] - Text 'UDF Data 3' is set on object 'Object Repository/VLink/Page_CCSale/txt_UDF3'

2020-12-24 00:43:07 - [MESSAGE][PASSED] - Object 'Object Repository/VLink/Page_CCSale/txt_UDF4' is present

2020-12-24 00:43:07 - [MESSAGE][PASSED] - Text 'UDF Data 4' is set on object 'Object Repository/VLink/Page_CCSale/txt_UDF4'

2020-12-24 00:43:08 - [MESSAGE][PASSED] - Object 'Object Repository/VLink/Page_CCSale/txt_UDF5' is present

2020-12-24 00:43:08 - [MESSAGE][PASSED] - Text 'UDF Data 5' is set on object 'Object Repository/VLink/Page_CCSale/txt_UDF5'

2020-12-24 00:43:09 - [MESSAGE][PASSED] - Object 'Object Repository/VLink/Page_CCSale/txt_UDF6' is present

2020-12-24 00:43:09 - [MESSAGE][PASSED] - Text 'UDF Data 6' is set on object 'Object Repository/VLink/Page_CCSale/txt_UDF6'

2020-12-24 00:43:10 - [MESSAGE][PASSED] - Object 'Object Repository/VLink/Page_CCSale/txt_UDF7' is present

2020-12-24 00:43:10 - [MESSAGE][PASSED] - Text 'UDF Data 7' is set on object 'Object Repository/VLink/Page_CCSale/txt_UDF7'

2020-12-24 00:43:11 - [MESSAGE][PASSED] - Object 'Object Repository/VLink/Page_CCSale/txt_UDF8' is present

2020-12-24 00:43:11 - [MESSAGE][PASSED] - Text 'UDF Data 8' is set on object 'Object Repository/VLink/Page_CCSale/txt_UDF8'

2020-12-24 00:43:12 - [MESSAGE][PASSED] - Object 'Object Repository/VLink/Page_CCSale/txt_UDF9' is present

2020-12-24 00:43:12 - [MESSAGE][PASSED] - Text 'UDF Data 9' is set on object 'Object Repository/VLink/Page_CCSale/txt_UDF9'

2020-12-24 00:43:12 - [MESSAGE][PASSED] - Object 'Object Repository/VLink/Page_CCSale/txt_UDF10' is present

2020-12-24 00:43:13 - [MESSAGE][PASSED] - Text 'UDF Data 10' is set on object 'Object Repository/VLink/Page_CCSale/txt_UDF10'

2020-12-24 00:43:14 - [MESSAGE][PASSED] - Object 'Object Repository/VLink/Page_CCSale/txt_CardOnFileIndicator' is present

2020-12-24 00:43:14 - [MESSAGE][PASSED] - Text '1' is set on object 'Object Repository/VLink/Page_CCSale/txt_CardOnFileIndicator'

2020-12-24 00:43:14 - [MESSAGE][PASSED] - Object 'Object Repository/VLink/Page_CCSale/txt_StoredCredentialIndicator' is present

2020-12-24 00:43:15 - [MESSAGE][PASSED] - Text 'Subsequent' is set on object 'Object Repository/VLink/Page_CCSale/txt_StoredCredentialIndicator'

2020-12-24 00:43:15 - [MESSAGE][PASSED] - Object 'Object Repository/VLink/Page_CCSale/txt_COFScheduledIndicator' is present

2020-12-24 00:43:16 - [MESSAGE][PASSED] - Text 'Scheduled' is set on object 'Object Repository/VLink/Page_CCSale/txt_COFScheduledIndicator'

2020-12-24 00:43:16 - [MESSAGE][PASSED] - Object 'Object Repository/VLink/Page_CCSale/txt_COFTransactionInitiatedBy' is present

2020-12-24 00:43:17 - [MESSAGE][PASSED] - Text 'Merchant' is set on object 'Object Repository/VLink/Page_CCSale/txt_COFTransactionInitiatedBy'

2020-12-24 00:43:20 - [MESSAGE][PASSED] - Object: 'Object Repository/VLink/Page_CCSale/btn_ProcessVLinkTransaction' is clicked on

2020-12-24 00:43:25 - [MESSAGE][PASSED] - vlinkPages.saleCCPage.setDataSCC is PASSED

2020-12-24 00:43:25 - [TEST_STEP][PASSED] - if (verifyTextPresent("Transaction approved, no errors", true)): null

2020-12-24 00:43:25 - [MESSAGE][PASSED] - Text 'Transaction approved, no errors' is present on page  using regular expression

2020-12-24 00:43:25 - [TEST_STEP][PASSED] - println("Transaction Approved, no errors text is present on the Confirmation page"): null

2020-12-24 00:43:25 - [TEST_STEP][PASSED] - out.println("Pass Record Number: " + row): null

2020-12-24 00:43:25 - [TEST_STEP][PASSED] - resText = "Pass": null

2020-12-24 00:43:25 - [TEST_STEP][PASSED] - pages.WriteExcel.demoKey(resText, datText, resColumn, datCloumn, fileLoc, nameSheet, row): pages.WriteExcel.demoKey is PASSED

2020-12-24 00:43:25 - [MESSAGE][PASSED] - pages.WriteExcel.demoKey is PASSED

2020-12-24 00:43:25 - [TEST_STEP][PASSED] - sdfo = getText(findTestObject("Object Repository/Page_VLinkReceipt/pre_STX")): Text of object 'Object Repository/Page_VLinkReceipt/pre_STX' is: '<STX>TI79I9CZ3ln6                  12088126            0  Transaction approved, no errors                   0                                                                                  X OK6750   <ETX>'

2020-12-24 00:43:26 - [MESSAGE][PASSED] - Text of object 'Object Repository/Page_VLinkReceipt/pre_STX' is: '<STX>TI79I9CZ3ln6                  12088126            0  Transaction approved, no errors                   0                                                                                  X OK6750   <ETX>'

2020-12-24 00:43:26 - [TEST_STEP][PASSED] - out.println("sdfo: " + sdfo): null

2020-12-24 00:43:26 - [TEST_STEP][PASSED] - remID = substring(5, 35).trim(): null

2020-12-24 00:43:26 - [TEST_STEP][PASSED] - out.println("Remittance ID: " + remID): null

2020-12-24 00:43:26 - [TEST_STEP][PASSED] - traxID = substring(35, 55).trim(): null

2020-12-24 00:43:26 - [TEST_STEP][PASSED] - out.println("Transaction ID: " + traxID): null

2020-12-24 00:43:26 - [TEST_STEP][PASSED] - out.println("End Record Number: " + row): null

2020-12-24 00:43:26 - [TEST_STEP][PASSED] - closeBrowser(): Browser is closed

2020-12-24 00:43:26 - [MESSAGE][PASSED] - Browser is closed

2020-12-24 00:43:26 - [TEST_STEP][PASSED] - out.println("Begin Record Number: " + row): null

2020-12-24 00:43:26 - [TEST_STEP][PASSED] - today = new java.util.Date(): null

2020-12-24 00:43:26 - [TEST_STEP][PASSED] - println(today): null

2020-12-24 00:43:26 - [TEST_STEP][PASSED] - datText = today: null

2020-12-24 00:43:26 - [TEST_STEP][PASSED] - openBrowser(VLinkURL + "authcap.html"): Browser is opened with url: 'https://dev-algorithm.govolution.com/vlinktest/QA/version_2_0/authcap.html'

2020-12-24 00:43:26 - [MESSAGE][INFO] - Starting 'Chrome' driver

2020-12-24 00:43:26 - [MESSAGE][INFO] - User set preference: ['acceptInsecureCerts', 'true']

2020-12-24 00:43:26 - [MESSAGE][INFO] - Action delay is set to 0 milliseconds

2020-12-24 00:43:31 - [MESSAGE][PASSED] - Browser is opened with url: 'https://dev-algorithm.govolution.com/vlinktest/QA/version_2_0/authcap.html'

2020-12-24 00:43:31 - [TEST_STEP][PASSED] - maximizeWindow(): Current window maximized

2020-12-24 00:43:31 - [MESSAGE][PASSED] - Current window maximized

2020-12-24 00:43:31 - [TEST_STEP][PASSED] - vlinkPages.saleCCPage.setDataSCC(row, dataFile): vlinkPages.saleCCPage.setDataSCC is PASSED

2020-12-24 00:43:32 - [MESSAGE][PASSED] - Object 'Object Repository/VLink/Page_CCSale/txt_CardNumber' is present

2020-12-24 00:43:33 - [MESSAGE][PASSED] - Object 'Object Repository/VLink/Page_CCSale/txt_TransactionType' is present

2020-12-24 00:43:33 - [MESSAGE][PASSED] - Text '104' is set on object 'Object Repository/VLink/Page_CCSale/txt_TransactionType'

2020-12-24 00:43:34 - [MESSAGE][PASSED] - Object 'Object Repository/VLink/Page_CCSale/txt_MessageVersion' is present

2020-12-24 00:43:34 - [MESSAGE][PASSED] - Text '2.0C' is set on object 'Object Repository/VLink/Page_CCSale/txt_MessageVersion'

2020-12-24 00:43:35 - [MESSAGE][PASSED] - Object 'Object Repository/VLink/Page_CCSale/txt_RemID' is present

2020-12-24 00:43:35 - [MESSAGE][PASSED] - Text '1msbZOXLfkw9' is set on object 'Object Repository/VLink/Page_CCSale/txt_RemID'

2020-12-24 00:43:35 - [MESSAGE][PASSED] - Object 'Object Repository/VLink/Page_CCSale/txt_ApplicationId' is present

2020-12-24 00:43:36 - [MESSAGE][PASSED] - Text '665' is set on object 'Object Repository/VLink/Page_CCSale/txt_ApplicationId'

2020-12-24 00:43:36 - [MESSAGE][PASSED] - Object 'Object Repository/VLink/Page_CCSale/txt_Username' is present

2020-12-24 00:43:37 - [MESSAGE][PASSED] - Text 'username' is set on object 'Object Repository/VLink/Page_CCSale/txt_Username'

2020-12-24 00:43:37 - [MESSAGE][PASSED] - Object 'Object Repository/VLink/Page_CCSale/txt_Password' is present

2020-12-24 00:43:38 - [MESSAGE][PASSED] - Text 'password' is set on object 'Object Repository/VLink/Page_CCSale/txt_Password'

2020-12-24 00:43:38 - [MESSAGE][PASSED] - Object 'Object Repository/VLink/Page_CCSale/txt_ResponseFormat' is present

2020-12-24 00:43:39 - [MESSAGE][PASSED] - Text 'fixed_width' is set on object 'Object Repository/VLink/Page_CCSale/txt_ResponseFormat'

2020-12-24 00:43:39 - [MESSAGE][PASSED] - Object 'Object Repository/VLink/Page_CCSale/txt_Category' is present

2020-12-24 00:43:39 - [MESSAGE][PASSED] - Text 'ECOM' is set on object 'Object Repository/VLink/Page_CCSale/txt_Category'

2020-12-24 00:43:40 - [MESSAGE][PASSED] - Object 'Object Repository/VLink/Page_CCSale/txt_TransactionID' is present

2020-12-24 00:43:40 - [MESSAGE][PASSED] - Text '' is set on object 'Object Repository/VLink/Page_CCSale/txt_TransactionID'

2020-12-24 00:43:41 - [MESSAGE][PASSED] - Object 'Object Repository/VLink/Page_CCSale/txt_ApprovalCode' is present

2020-12-24 00:43:41 - [MESSAGE][PASSED] - Text '' is set on object 'Object Repository/VLink/Page_CCSale/txt_ApprovalCode'

2020-12-24 00:43:42 - [MESSAGE][PASSED] - Object 'Object Repository/VLink/Page_CCSale/txt_CardName' is present

2020-12-24 00:43:42 - [MESSAGE][PASSED] - Text 'Roshan Maha' is set on object 'Object Repository/VLink/Page_CCSale/txt_CardName'

2020-12-24 00:43:43 - [MESSAGE][PASSED] - Object 'Object Repository/VLink/Page_CCSale/txt_AL1' is present

2020-12-24 00:43:43 - [MESSAGE][PASSED] - Text '12563 Bazaar road' is set on object 'Object Repository/VLink/Page_CCSale/txt_AL1'

2020-12-24 00:43:44 - [MESSAGE][PASSED] - Object 'Object Repository/VLink/Page_CCSale/txt_AL2' is present

2020-12-24 00:43:44 - [MESSAGE][PASSED] - Text '' is set on object 'Object Repository/VLink/Page_CCSale/txt_AL2'

2020-12-24 00:43:45 - [MESSAGE][PASSED] - Object 'Object Repository/VLink/Page_CCSale/txt_CardCity' is present

2020-12-24 00:43:45 - [MESSAGE][PASSED] - Text 'Crofton' is set on object 'Object Repository/VLink/Page_CCSale/txt_CardCity'

2020-12-24 00:43:45 - [MESSAGE][PASSED] - Object 'Object Repository/VLink/Page_CCSale/txt_CardState' is present

2020-12-24 00:43:46 - [MESSAGE][PASSED] - Text 'MD' is set on object 'Object Repository/VLink/Page_CCSale/txt_CardState'

2020-12-24 00:43:46 - [MESSAGE][PASSED] - Object 'Object Repository/VLink/Page_CCSale/txt_CardZIP' is present

2020-12-24 00:43:47 - [MESSAGE][PASSED] - Text '21114' is set on object 'Object Repository/VLink/Page_CCSale/txt_CardZIP'

2020-12-24 00:43:47 - [MESSAGE][PASSED] - Object 'Object Repository/VLink/Page_CCSale/txt_CountryID' is present

2020-12-24 00:43:48 - [MESSAGE][PASSED] - Text '' is set on object 'Object Repository/VLink/Page_CCSale/txt_CountryID'

2020-12-24 00:43:48 - [MESSAGE][PASSED] - Object 'Object Repository/VLink/Page_CCSale/txt_Amount' is present

2020-12-24 00:43:49 - [MESSAGE][PASSED] - Text '3.50' is set on object 'Object Repository/VLink/Page_CCSale/txt_Amount'

2020-12-24 00:43:49 - [MESSAGE][PASSED] - Object 'Object Repository/VLink/Page_CCSale/txt_CardNumber' is present

2020-12-24 00:43:50 - [MESSAGE][PASSED] - Text '370000000000002' is set on object 'Object Repository/VLink/Page_CCSale/txt_CardNumber'

2020-12-24 00:43:50 - [MESSAGE][PASSED] - Object 'Object Repository/VLink/Page_CCSale/txt_ExpMonth' is present

2020-12-24 00:43:51 - [MESSAGE][PASSED] - Text '01' is set on object 'Object Repository/VLink/Page_CCSale/txt_ExpMonth'

2020-12-24 00:43:51 - [MESSAGE][PASSED] - Object 'Object Repository/VLink/Page_CCSale/txt_ExpYear' is present

2020-12-24 00:43:52 - [MESSAGE][PASSED] - Text '2026' is set on object 'Object Repository/VLink/Page_CCSale/txt_ExpYear'

2020-12-24 00:43:52 - [MESSAGE][PASSED] - Object 'Object Repository/VLink/Page_CCSale/txt_CVV' is present

2020-12-24 00:43:53 - [MESSAGE][PASSED] - Text '' is set on object 'Object Repository/VLink/Page_CCSale/txt_CVV'

2020-12-24 00:43:53 - [MESSAGE][PASSED] - Object 'Object Repository/VLink/Page_CCSale/txt_CVVstate' is present

2020-12-24 00:43:54 - [MESSAGE][PASSED] - Text '' is set on object 'Object Repository/VLink/Page_CCSale/txt_CVVstate'

2020-12-24 00:43:54 - [MESSAGE][PASSED] - Object 'Object Repository/VLink/Page_CCSale/txt_TrackData' is present

2020-12-24 00:43:55 - [MESSAGE][PASSED] - Text '' is set on object 'Object Repository/VLink/Page_CCSale/txt_TrackData'

2020-12-24 00:43:55 - [MESSAGE][PASSED] - Object 'Object Repository/VLink/Page_CCSale/txt_Track1Data' is present

2020-12-24 00:43:56 - [MESSAGE][PASSED] - Text '' is set on object 'Object Repository/VLink/Page_CCSale/txt_Track1Data'

2020-12-24 00:43:56 - [MESSAGE][PASSED] - Object 'Object Repository/VLink/Page_CCSale/txt_Track2Data' is present

2020-12-24 00:43:57 - [MESSAGE][PASSED] - Text '' is set on object 'Object Repository/VLink/Page_CCSale/txt_Track2Data'

2020-12-24 00:43:57 - [MESSAGE][PASSED] - Object 'Object Repository/VLink/Page_CCSale/txt_POSEntryMode' is present

2020-12-24 00:43:58 - [MESSAGE][PASSED] - Text 'manual' is set on object 'Object Repository/VLink/Page_CCSale/txt_POSEntryMode'

2020-12-24 00:43:58 - [MESSAGE][PASSED] - Object 'Object Repository/VLink/Page_CCSale/txt_Email' is present

2020-12-24 00:43:59 - [MESSAGE][PASSED] - Text '' is set on object 'Object Repository/VLink/Page_CCSale/txt_Email'

2020-12-24 00:43:59 - [MESSAGE][PASSED] - Object 'Object Repository/VLink/Page_CCSale/txt_OrderNumber' is present

2020-12-24 00:44:00 - [MESSAGE][PASSED] - Text '' is set on object 'Object Repository/VLink/Page_CCSale/txt_OrderNumber'

2020-12-24 00:44:00 - [MESSAGE][PASSED] - Object 'Object Repository/VLink/Page_CCSale/txt_TaxAmount' is present

2020-12-24 00:44:01 - [MESSAGE][PASSED] - Text '' is set on object 'Object Repository/VLink/Page_CCSale/txt_TaxAmount'

2020-12-24 00:44:01 - [MESSAGE][PASSED] - Object 'Object Repository/VLink/Page_CCSale/txt_ChargeDescription' is present

2020-12-24 00:44:02 - [MESSAGE][PASSED] - Text '' is set on object 'Object Repository/VLink/Page_CCSale/txt_ChargeDescription'

2020-12-24 00:44:02 - [MESSAGE][PASSED] - Object 'Object Repository/VLink/Page_CCSale/txt_CAN' is present

2020-12-24 00:44:03 - [MESSAGE][PASSED] - Text '' is set on object 'Object Repository/VLink/Page_CCSale/txt_CAN'

2020-12-24 00:44:03 - [MESSAGE][PASSED] - Object 'Object Repository/VLink/Page_CCSale/txt_BillPaymentIndicator' is present

2020-12-24 00:44:04 - [MESSAGE][PASSED] - Text '' is set on object 'Object Repository/VLink/Page_CCSale/txt_BillPaymentIndicator'

2020-12-24 00:44:04 - [MESSAGE][PASSED] - Object 'Object Repository/VLink/Page_CCSale/txt_UDF1' is present

2020-12-24 00:44:05 - [MESSAGE][PASSED] - Text '' is set on object 'Object Repository/VLink/Page_CCSale/txt_UDF1'

2020-12-24 00:44:05 - [MESSAGE][PASSED] - Object 'Object Repository/VLink/Page_CCSale/txt_UDF2' is present

2020-12-24 00:44:06 - [MESSAGE][PASSED] - Text '' is set on object 'Object Repository/VLink/Page_CCSale/txt_UDF2'

2020-12-24 00:44:06 - [MESSAGE][PASSED] - Object 'Object Repository/VLink/Page_CCSale/txt_UDF3' is present

2020-12-24 00:44:07 - [MESSAGE][PASSED] - Text '' is set on object 'Object Repository/VLink/Page_CCSale/txt_UDF3'

2020-12-24 00:44:07 - [MESSAGE][PASSED] - Object 'Object Repository/VLink/Page_CCSale/txt_UDF4' is present

2020-12-24 00:44:08 - [MESSAGE][PASSED] - Text '' is set on object 'Object Repository/VLink/Page_CCSale/txt_UDF4'

2020-12-24 00:44:08 - [MESSAGE][PASSED] - Object 'Object Repository/VLink/Page_CCSale/txt_UDF5' is present

2020-12-24 00:44:09 - [MESSAGE][PASSED] - Text '' is set on object 'Object Repository/VLink/Page_CCSale/txt_UDF5'

2020-12-24 00:44:09 - [MESSAGE][PASSED] - Object 'Object Repository/VLink/Page_CCSale/txt_UDF6' is present

2020-12-24 00:44:10 - [MESSAGE][PASSED] - Text '' is set on object 'Object Repository/VLink/Page_CCSale/txt_UDF6'

2020-12-24 00:44:10 - [MESSAGE][PASSED] - Object 'Object Repository/VLink/Page_CCSale/txt_UDF7' is present

2020-12-24 00:44:11 - [MESSAGE][PASSED] - Text '' is set on object 'Object Repository/VLink/Page_CCSale/txt_UDF7'

2020-12-24 00:44:11 - [MESSAGE][PASSED] - Object 'Object Repository/VLink/Page_CCSale/txt_UDF8' is present

2020-12-24 00:44:12 - [MESSAGE][PASSED] - Text '' is set on object 'Object Repository/VLink/Page_CCSale/txt_UDF8'

2020-12-24 00:44:12 - [MESSAGE][PASSED] - Object 'Object Repository/VLink/Page_CCSale/txt_UDF9' is present

2020-12-24 00:44:13 - [MESSAGE][PASSED] - Text '' is set on object 'Object Repository/VLink/Page_CCSale/txt_UDF9'

2020-12-24 00:44:13 - [MESSAGE][PASSED] - Object 'Object Repository/VLink/Page_CCSale/txt_UDF10' is present

2020-12-24 00:44:14 - [MESSAGE][PASSED] - Text '' is set on object 'Object Repository/VLink/Page_CCSale/txt_UDF10'

2020-12-24 00:44:14 - [MESSAGE][PASSED] - Object 'Object Repository/VLink/Page_CCSale/txt_CardOnFileIndicator' is present

2020-12-24 00:44:14 - [MESSAGE][PASSED] - Text '1' is set on object 'Object Repository/VLink/Page_CCSale/txt_CardOnFileIndicator'

2020-12-24 00:44:15 - [MESSAGE][PASSED] - Object 'Object Repository/VLink/Page_CCSale/txt_StoredCredentialIndicator' is present

2020-12-24 00:44:16 - [MESSAGE][PASSED] - Text 'Subsequent' is set on object 'Object Repository/VLink/Page_CCSale/txt_StoredCredentialIndicator'

2020-12-24 00:44:16 - [MESSAGE][PASSED] - Object 'Object Repository/VLink/Page_CCSale/txt_COFScheduledIndicator' is present

2020-12-24 00:44:17 - [MESSAGE][PASSED] - Text 'Scheduled' is set on object 'Object Repository/VLink/Page_CCSale/txt_COFScheduledIndicator'

2020-12-24 00:44:17 - [MESSAGE][PASSED] - Object 'Object Repository/VLink/Page_CCSale/txt_COFTransactionInitiatedBy' is present

2020-12-24 00:44:18 - [MESSAGE][PASSED] - Text 'Merchant' is set on object 'Object Repository/VLink/Page_CCSale/txt_COFTransactionInitiatedBy'

2020-12-24 00:44:20 - [MESSAGE][PASSED] - Object: 'Object Repository/VLink/Page_CCSale/btn_ProcessVLinkTransaction' is clicked on

2020-12-24 00:44:25 - [MESSAGE][PASSED] - vlinkPages.saleCCPage.setDataSCC is PASSED

2020-12-24 00:44:25 - [TEST_STEP][PASSED] - if (verifyTextPresent("Transaction approved, no errors", true)): null

2020-12-24 00:44:25 - [MESSAGE][PASSED] - Text 'Transaction approved, no errors' is present on page  using regular expression

2020-12-24 00:44:25 - [TEST_STEP][PASSED] - println("Transaction Approved, no errors text is present on the Confirmation page"): null

2020-12-24 00:44:25 - [TEST_STEP][PASSED] - out.println("Pass Record Number: " + row): null

2020-12-24 00:44:25 - [TEST_STEP][PASSED] - resText = "Pass": null

2020-12-24 00:44:25 - [TEST_STEP][PASSED] - pages.WriteExcel.demoKey(resText, datText, resColumn, datCloumn, fileLoc, nameSheet, row): pages.WriteExcel.demoKey is PASSED

2020-12-24 00:44:26 - [MESSAGE][PASSED] - pages.WriteExcel.demoKey is PASSED

2020-12-24 00:44:26 - [TEST_STEP][PASSED] - sdfo = getText(findTestObject("Object Repository/Page_VLinkReceipt/pre_STX")): Text of object 'Object Repository/Page_VLinkReceipt/pre_STX' is: '<STX>1msbZOXLfkw9                  12088127            0  Transaction approved, no errors                   0                                                                                  X OK6810   <ETX>'

2020-12-24 00:44:26 - [MESSAGE][PASSED] - Text of object 'Object Repository/Page_VLinkReceipt/pre_STX' is: '<STX>1msbZOXLfkw9                  12088127            0  Transaction approved, no errors                   0                                                                                  X OK6810   <ETX>'

2020-12-24 00:44:26 - [TEST_STEP][PASSED] - out.println("sdfo: " + sdfo): null

2020-12-24 00:44:26 - [TEST_STEP][PASSED] - remID = substring(5, 35).trim(): null

2020-12-24 00:44:26 - [TEST_STEP][PASSED] - out.println("Remittance ID: " + remID): null

2020-12-24 00:44:26 - [TEST_STEP][PASSED] - traxID = substring(35, 55).trim(): null

2020-12-24 00:44:26 - [TEST_STEP][PASSED] - out.println("Transaction ID: " + traxID): null

2020-12-24 00:44:26 - [TEST_STEP][PASSED] - out.println("End Record Number: " + row): null

2020-12-24 00:44:26 - [TEST_STEP][PASSED] - closeBrowser(): Browser is closed

2020-12-24 00:44:27 - [MESSAGE][PASSED] - Browser is closed

2020-12-24 00:44:27 - [TEST_STEP][PASSED] - out.println("Begin Record Number: " + row): null

2020-12-24 00:44:27 - [TEST_STEP][PASSED] - today = new java.util.Date(): null

2020-12-24 00:44:27 - [TEST_STEP][PASSED] - println(today): null

2020-12-24 00:44:27 - [TEST_STEP][PASSED] - datText = today: null

2020-12-24 00:44:27 - [TEST_STEP][PASSED] - openBrowser(VLinkURL + "authcap.html"): Browser is opened with url: 'https://dev-algorithm.govolution.com/vlinktest/QA/version_2_0/authcap.html'

2020-12-24 00:44:27 - [MESSAGE][INFO] - Starting 'Chrome' driver

2020-12-24 00:44:27 - [MESSAGE][INFO] - User set preference: ['acceptInsecureCerts', 'true']

2020-12-24 00:44:27 - [MESSAGE][INFO] - Action delay is set to 0 milliseconds

2020-12-24 00:44:31 - [MESSAGE][PASSED] - Browser is opened with url: 'https://dev-algorithm.govolution.com/vlinktest/QA/version_2_0/authcap.html'

2020-12-24 00:44:31 - [TEST_STEP][PASSED] - maximizeWindow(): Current window maximized

2020-12-24 00:44:31 - [MESSAGE][PASSED] - Current window maximized

2020-12-24 00:44:31 - [TEST_STEP][PASSED] - vlinkPages.saleCCPage.setDataSCC(row, dataFile): vlinkPages.saleCCPage.setDataSCC is PASSED

2020-12-24 00:44:33 - [MESSAGE][PASSED] - Object 'Object Repository/VLink/Page_CCSale/txt_CardNumber' is present

2020-12-24 00:44:33 - [MESSAGE][PASSED] - Object 'Object Repository/VLink/Page_CCSale/txt_TransactionType' is present

2020-12-24 00:44:34 - [MESSAGE][PASSED] - Text '104' is set on object 'Object Repository/VLink/Page_CCSale/txt_TransactionType'

2020-12-24 00:44:34 - [MESSAGE][PASSED] - Object 'Object Repository/VLink/Page_CCSale/txt_MessageVersion' is present

2020-12-24 00:44:35 - [MESSAGE][PASSED] - Text '2.0C' is set on object 'Object Repository/VLink/Page_CCSale/txt_MessageVersion'

2020-12-24 00:44:35 - [MESSAGE][PASSED] - Object 'Object Repository/VLink/Page_CCSale/txt_RemID' is present

2020-12-24 00:44:36 - [MESSAGE][PASSED] - Text 'xRjN8PCUAxQE' is set on object 'Object Repository/VLink/Page_CCSale/txt_RemID'

2020-12-24 00:44:36 - [MESSAGE][PASSED] - Object 'Object Repository/VLink/Page_CCSale/txt_ApplicationId' is present

2020-12-24 00:44:37 - [MESSAGE][PASSED] - Text '665' is set on object 'Object Repository/VLink/Page_CCSale/txt_ApplicationId'

2020-12-24 00:44:37 - [MESSAGE][PASSED] - Object 'Object Repository/VLink/Page_CCSale/txt_Username' is present

2020-12-24 00:44:37 - [MESSAGE][PASSED] - Text 'username' is set on object 'Object Repository/VLink/Page_CCSale/txt_Username'

2020-12-24 00:44:38 - [MESSAGE][PASSED] - Object 'Object Repository/VLink/Page_CCSale/txt_Password' is present

2020-12-24 00:44:38 - [MESSAGE][PASSED] - Text 'password' is set on object 'Object Repository/VLink/Page_CCSale/txt_Password'

2020-12-24 00:44:39 - [MESSAGE][PASSED] - Object 'Object Repository/VLink/Page_CCSale/txt_ResponseFormat' is present

2020-12-24 00:44:39 - [MESSAGE][PASSED] - Text 'fixed_width' is set on object 'Object Repository/VLink/Page_CCSale/txt_ResponseFormat'

2020-12-24 00:44:39 - [MESSAGE][PASSED] - Object 'Object Repository/VLink/Page_CCSale/txt_Category' is present

2020-12-24 00:44:40 - [MESSAGE][PASSED] - Text 'ECOM' is set on object 'Object Repository/VLink/Page_CCSale/txt_Category'

2020-12-24 00:44:40 - [MESSAGE][PASSED] - Object 'Object Repository/VLink/Page_CCSale/txt_TransactionID' is present

2020-12-24 00:44:41 - [MESSAGE][PASSED] - Text '' is set on object 'Object Repository/VLink/Page_CCSale/txt_TransactionID'

2020-12-24 00:44:41 - [MESSAGE][PASSED] - Object 'Object Repository/VLink/Page_CCSale/txt_ApprovalCode' is present

2020-12-24 00:44:42 - [MESSAGE][PASSED] - Text '' is set on object 'Object Repository/VLink/Page_CCSale/txt_ApprovalCode'

2020-12-24 00:44:42 - [MESSAGE][PASSED] - Object 'Object Repository/VLink/Page_CCSale/txt_CardName' is present

2020-12-24 00:44:43 - [MESSAGE][PASSED] - Text 'Kris Roshan' is set on object 'Object Repository/VLink/Page_CCSale/txt_CardName'

2020-12-24 00:44:43 - [MESSAGE][PASSED] - Object 'Object Repository/VLink/Page_CCSale/txt_AL1' is present

2020-12-24 00:44:44 - [MESSAGE][PASSED] - Text '258 Elm Road' is set on object 'Object Repository/VLink/Page_CCSale/txt_AL1'

2020-12-24 00:44:44 - [MESSAGE][PASSED] - Object 'Object Repository/VLink/Page_CCSale/txt_AL2' is present

2020-12-24 00:44:45 - [MESSAGE][PASSED] - Text 'Suite 56' is set on object 'Object Repository/VLink/Page_CCSale/txt_AL2'

2020-12-24 00:44:45 - [MESSAGE][PASSED] - Object 'Object Repository/VLink/Page_CCSale/txt_CardCity' is present

2020-12-24 00:44:46 - [MESSAGE][PASSED] - Text 'Arlington' is set on object 'Object Repository/VLink/Page_CCSale/txt_CardCity'

2020-12-24 00:44:46 - [MESSAGE][PASSED] - Object 'Object Repository/VLink/Page_CCSale/txt_CardState' is present

2020-12-24 00:44:47 - [MESSAGE][PASSED] - Text 'VA' is set on object 'Object Repository/VLink/Page_CCSale/txt_CardState'

2020-12-24 00:44:47 - [MESSAGE][PASSED] - Object 'Object Repository/VLink/Page_CCSale/txt_CardZIP' is present

2020-12-24 00:44:48 - [MESSAGE][PASSED] - Text '22201' is set on object 'Object Repository/VLink/Page_CCSale/txt_CardZIP'

2020-12-24 00:44:48 - [MESSAGE][PASSED] - Object 'Object Repository/VLink/Page_CCSale/txt_CountryID' is present

2020-12-24 00:44:49 - [MESSAGE][PASSED] - Text '840' is set on object 'Object Repository/VLink/Page_CCSale/txt_CountryID'

2020-12-24 00:44:49 - [MESSAGE][PASSED] - Object 'Object Repository/VLink/Page_CCSale/txt_Amount' is present

2020-12-24 00:44:50 - [MESSAGE][PASSED] - Text '1.50' is set on object 'Object Repository/VLink/Page_CCSale/txt_Amount'

2020-12-24 00:44:50 - [MESSAGE][PASSED] - Object 'Object Repository/VLink/Page_CCSale/txt_CardNumber' is present

2020-12-24 00:44:51 - [MESSAGE][PASSED] - Text '6011000000000004' is set on object 'Object Repository/VLink/Page_CCSale/txt_CardNumber'

2020-12-24 00:44:51 - [MESSAGE][PASSED] - Object 'Object Repository/VLink/Page_CCSale/txt_ExpMonth' is present

2020-12-24 00:44:52 - [MESSAGE][PASSED] - Text '12' is set on object 'Object Repository/VLink/Page_CCSale/txt_ExpMonth'

2020-12-24 00:44:52 - [MESSAGE][PASSED] - Object 'Object Repository/VLink/Page_CCSale/txt_ExpYear' is present

2020-12-24 00:44:53 - [MESSAGE][PASSED] - Text '2025' is set on object 'Object Repository/VLink/Page_CCSale/txt_ExpYear'

2020-12-24 00:44:53 - [MESSAGE][PASSED] - Object 'Object Repository/VLink/Page_CCSale/txt_CVV' is present

2020-12-24 00:44:54 - [MESSAGE][PASSED] - Text '' is set on object 'Object Repository/VLink/Page_CCSale/txt_CVV'

2020-12-24 00:44:54 - [MESSAGE][PASSED] - Object 'Object Repository/VLink/Page_CCSale/txt_CVVstate' is present

2020-12-24 00:44:55 - [MESSAGE][PASSED] - Text '' is set on object 'Object Repository/VLink/Page_CCSale/txt_CVVstate'

2020-12-24 00:44:55 - [MESSAGE][PASSED] - Object 'Object Repository/VLink/Page_CCSale/txt_TrackData' is present

2020-12-24 00:44:56 - [MESSAGE][PASSED] - Text '' is set on object 'Object Repository/VLink/Page_CCSale/txt_TrackData'

2020-12-24 00:44:56 - [MESSAGE][PASSED] - Object 'Object Repository/VLink/Page_CCSale/txt_Track1Data' is present

2020-12-24 00:44:57 - [MESSAGE][PASSED] - Text '' is set on object 'Object Repository/VLink/Page_CCSale/txt_Track1Data'

2020-12-24 00:44:57 - [MESSAGE][PASSED] - Object 'Object Repository/VLink/Page_CCSale/txt_Track2Data' is present

2020-12-24 00:44:58 - [MESSAGE][PASSED] - Text '' is set on object 'Object Repository/VLink/Page_CCSale/txt_Track2Data'

2020-12-24 00:44:58 - [MESSAGE][PASSED] - Object 'Object Repository/VLink/Page_CCSale/txt_POSEntryMode' is present

2020-12-24 00:44:59 - [MESSAGE][PASSED] - Text 'manual' is set on object 'Object Repository/VLink/Page_CCSale/txt_POSEntryMode'

2020-12-24 00:44:59 - [MESSAGE][PASSED] - Object 'Object Repository/VLink/Page_CCSale/txt_Email' is present

2020-12-24 00:45:00 - [MESSAGE][PASSED] - Text 'iahmed@govolution.com' is set on object 'Object Repository/VLink/Page_CCSale/txt_Email'

2020-12-24 00:45:00 - [MESSAGE][PASSED] - Object 'Object Repository/VLink/Page_CCSale/txt_OrderNumber' is present

2020-12-24 00:45:01 - [MESSAGE][PASSED] - Text '2569362' is set on object 'Object Repository/VLink/Page_CCSale/txt_OrderNumber'

2020-12-24 00:45:01 - [MESSAGE][PASSED] - Object 'Object Repository/VLink/Page_CCSale/txt_TaxAmount' is present

2020-12-24 00:45:02 - [MESSAGE][PASSED] - Text '1.15' is set on object 'Object Repository/VLink/Page_CCSale/txt_TaxAmount'

2020-12-24 00:45:02 - [MESSAGE][PASSED] - Object 'Object Repository/VLink/Page_CCSale/txt_ChargeDescription' is present

2020-12-24 00:45:03 - [MESSAGE][PASSED] - Text 'Charge Description' is set on object 'Object Repository/VLink/Page_CCSale/txt_ChargeDescription'

2020-12-24 00:45:03 - [MESSAGE][PASSED] - Object 'Object Repository/VLink/Page_CCSale/txt_CAN' is present

2020-12-24 00:45:04 - [MESSAGE][PASSED] - Text '147357' is set on object 'Object Repository/VLink/Page_CCSale/txt_CAN'

2020-12-24 00:45:04 - [MESSAGE][PASSED] - Object 'Object Repository/VLink/Page_CCSale/txt_BillPaymentIndicator' is present

2020-12-24 00:45:05 - [MESSAGE][PASSED] - Text '1' is set on object 'Object Repository/VLink/Page_CCSale/txt_BillPaymentIndicator'

2020-12-24 00:45:05 - [MESSAGE][PASSED] - Object 'Object Repository/VLink/Page_CCSale/txt_UDF1' is present

2020-12-24 00:45:06 - [MESSAGE][PASSED] - Text 'UDF Data 1' is set on object 'Object Repository/VLink/Page_CCSale/txt_UDF1'

2020-12-24 00:45:06 - [MESSAGE][PASSED] - Object 'Object Repository/VLink/Page_CCSale/txt_UDF2' is present

2020-12-24 00:45:07 - [MESSAGE][PASSED] - Text 'UDF Data 2' is set on object 'Object Repository/VLink/Page_CCSale/txt_UDF2'

2020-12-24 00:45:07 - [MESSAGE][PASSED] - Object 'Object Repository/VLink/Page_CCSale/txt_UDF3' is present

2020-12-24 00:45:08 - [MESSAGE][PASSED] - Text 'UDF Data 3' is set on object 'Object Repository/VLink/Page_CCSale/txt_UDF3'

2020-12-24 00:45:08 - [MESSAGE][PASSED] - Object 'Object Repository/VLink/Page_CCSale/txt_UDF4' is present

2020-12-24 00:45:09 - [MESSAGE][PASSED] - Text 'UDF Data 4' is set on object 'Object Repository/VLink/Page_CCSale/txt_UDF4'

2020-12-24 00:45:09 - [MESSAGE][PASSED] - Object 'Object Repository/VLink/Page_CCSale/txt_UDF5' is present

2020-12-24 00:45:10 - [MESSAGE][PASSED] - Text 'UDF Data 5' is set on object 'Object Repository/VLink/Page_CCSale/txt_UDF5'

2020-12-24 00:45:10 - [MESSAGE][PASSED] - Object 'Object Repository/VLink/Page_CCSale/txt_UDF6' is present

2020-12-24 00:45:11 - [MESSAGE][PASSED] - Text 'UDF Data 6' is set on object 'Object Repository/VLink/Page_CCSale/txt_UDF6'

2020-12-24 00:45:11 - [MESSAGE][PASSED] - Object 'Object Repository/VLink/Page_CCSale/txt_UDF7' is present

2020-12-24 00:45:12 - [MESSAGE][PASSED] - Text 'UDF Data 7' is set on object 'Object Repository/VLink/Page_CCSale/txt_UDF7'

2020-12-24 00:45:12 - [MESSAGE][PASSED] - Object 'Object Repository/VLink/Page_CCSale/txt_UDF8' is present

2020-12-24 00:45:13 - [MESSAGE][PASSED] - Text 'UDF Data 8' is set on object 'Object Repository/VLink/Page_CCSale/txt_UDF8'

2020-12-24 00:45:13 - [MESSAGE][PASSED] - Object 'Object Repository/VLink/Page_CCSale/txt_UDF9' is present

2020-12-24 00:45:14 - [MESSAGE][PASSED] - Text 'UDF Data 9' is set on object 'Object Repository/VLink/Page_CCSale/txt_UDF9'

2020-12-24 00:45:14 - [MESSAGE][PASSED] - Object 'Object Repository/VLink/Page_CCSale/txt_UDF10' is present

2020-12-24 00:45:15 - [MESSAGE][PASSED] - Text 'UDF Data 10' is set on object 'Object Repository/VLink/Page_CCSale/txt_UDF10'

2020-12-24 00:45:15 - [MESSAGE][PASSED] - Object 'Object Repository/VLink/Page_CCSale/txt_CardOnFileIndicator' is present

2020-12-24 00:45:16 - [MESSAGE][PASSED] - Text '1' is set on object 'Object Repository/VLink/Page_CCSale/txt_CardOnFileIndicator'

2020-12-24 00:45:16 - [MESSAGE][PASSED] - Object 'Object Repository/VLink/Page_CCSale/txt_StoredCredentialIndicator' is present

2020-12-24 00:45:17 - [MESSAGE][PASSED] - Text 'Subsequent' is set on object 'Object Repository/VLink/Page_CCSale/txt_StoredCredentialIndicator'

2020-12-24 00:45:17 - [MESSAGE][PASSED] - Object 'Object Repository/VLink/Page_CCSale/txt_COFScheduledIndicator' is present

2020-12-24 00:45:18 - [MESSAGE][PASSED] - Text 'Scheduled' is set on object 'Object Repository/VLink/Page_CCSale/txt_COFScheduledIndicator'

2020-12-24 00:45:18 - [MESSAGE][PASSED] - Object 'Object Repository/VLink/Page_CCSale/txt_COFTransactionInitiatedBy' is present

2020-12-24 00:45:19 - [MESSAGE][PASSED] - Text 'Merchant' is set on object 'Object Repository/VLink/Page_CCSale/txt_COFTransactionInitiatedBy'

2020-12-24 00:45:21 - [MESSAGE][PASSED] - Object: 'Object Repository/VLink/Page_CCSale/btn_ProcessVLinkTransaction' is clicked on

2020-12-24 00:45:26 - [MESSAGE][PASSED] - vlinkPages.saleCCPage.setDataSCC is PASSED

2020-12-24 00:45:26 - [TEST_STEP][PASSED] - if (verifyTextPresent("Transaction approved, no errors", true)): null

2020-12-24 00:45:26 - [MESSAGE][PASSED] - Text 'Transaction approved, no errors' is present on page  using regular expression

2020-12-24 00:45:26 - [TEST_STEP][PASSED] - println("Transaction Approved, no errors text is present on the Confirmation page"): null

2020-12-24 00:45:26 - [TEST_STEP][PASSED] - out.println("Pass Record Number: " + row): null

2020-12-24 00:45:26 - [TEST_STEP][PASSED] - resText = "Pass": null

2020-12-24 00:45:26 - [TEST_STEP][PASSED] - pages.WriteExcel.demoKey(resText, datText, resColumn, datCloumn, fileLoc, nameSheet, row): pages.WriteExcel.demoKey is PASSED

2020-12-24 00:45:26 - [MESSAGE][PASSED] - pages.WriteExcel.demoKey is PASSED

2020-12-24 00:45:26 - [TEST_STEP][PASSED] - sdfo = getText(findTestObject("Object Repository/Page_VLinkReceipt/pre_STX")): Text of object 'Object Repository/Page_VLinkReceipt/pre_STX' is: '<STX>xRjN8PCUAxQE                  12088128            0  Transaction approved, no errors                   0                                                                                  X OK6890   <ETX>'

2020-12-24 00:45:27 - [MESSAGE][PASSED] - Text of object 'Object Repository/Page_VLinkReceipt/pre_STX' is: '<STX>xRjN8PCUAxQE                  12088128            0  Transaction approved, no errors                   0                                                                                  X OK6890   <ETX>'

2020-12-24 00:45:27 - [TEST_STEP][PASSED] - out.println("sdfo: " + sdfo): null

2020-12-24 00:45:27 - [TEST_STEP][PASSED] - remID = substring(5, 35).trim(): null

2020-12-24 00:45:27 - [TEST_STEP][PASSED] - out.println("Remittance ID: " + remID): null

2020-12-24 00:45:27 - [TEST_STEP][PASSED] - traxID = substring(35, 55).trim(): null

2020-12-24 00:45:27 - [TEST_STEP][PASSED] - out.println("Transaction ID: " + traxID): null

2020-12-24 00:45:27 - [TEST_STEP][PASSED] - out.println("End Record Number: " + row): null

2020-12-24 00:45:27 - [TEST_STEP][PASSED] - closeBrowser(): Browser is closed

2020-12-24 00:45:28 - [MESSAGE][PASSED] - Browser is closed

2020-12-24 00:45:28 - [TEST_STEP][PASSED] - out.println("Begin Record Number: " + row): null

2020-12-24 00:45:28 - [TEST_STEP][PASSED] - today = new java.util.Date(): null

2020-12-24 00:45:28 - [TEST_STEP][PASSED] - println(today): null

2020-12-24 00:45:28 - [TEST_STEP][PASSED] - datText = today: null

2020-12-24 00:45:28 - [TEST_STEP][PASSED] - openBrowser(VLinkURL + "authcap.html"): Browser is opened with url: 'https://dev-algorithm.govolution.com/vlinktest/QA/version_2_0/authcap.html'

2020-12-24 00:45:28 - [MESSAGE][INFO] - Starting 'Chrome' driver

2020-12-24 00:45:28 - [MESSAGE][INFO] - User set preference: ['acceptInsecureCerts', 'true']

2020-12-24 00:45:28 - [MESSAGE][INFO] - Action delay is set to 0 milliseconds

2020-12-24 00:45:32 - [MESSAGE][PASSED] - Browser is opened with url: 'https://dev-algorithm.govolution.com/vlinktest/QA/version_2_0/authcap.html'

2020-12-24 00:45:32 - [TEST_STEP][PASSED] - maximizeWindow(): Current window maximized

2020-12-24 00:45:32 - [MESSAGE][PASSED] - Current window maximized

2020-12-24 00:45:32 - [TEST_STEP][PASSED] - vlinkPages.saleCCPage.setDataSCC(row, dataFile): vlinkPages.saleCCPage.setDataSCC is PASSED

2020-12-24 00:45:34 - [MESSAGE][PASSED] - Object 'Object Repository/VLink/Page_CCSale/txt_CardNumber' is present

2020-12-24 00:45:34 - [MESSAGE][PASSED] - Object 'Object Repository/VLink/Page_CCSale/txt_TransactionType' is present

2020-12-24 00:45:35 - [MESSAGE][PASSED] - Text '104' is set on object 'Object Repository/VLink/Page_CCSale/txt_TransactionType'

2020-12-24 00:45:35 - [MESSAGE][PASSED] - Object 'Object Repository/VLink/Page_CCSale/txt_MessageVersion' is present

2020-12-24 00:45:36 - [MESSAGE][PASSED] - Text '2.0C' is set on object 'Object Repository/VLink/Page_CCSale/txt_MessageVersion'

2020-12-24 00:45:36 - [MESSAGE][PASSED] - Object 'Object Repository/VLink/Page_CCSale/txt_RemID' is present

2020-12-24 00:45:37 - [MESSAGE][PASSED] - Text '6KaOIW2etH0k' is set on object 'Object Repository/VLink/Page_CCSale/txt_RemID'

2020-12-24 00:45:37 - [MESSAGE][PASSED] - Object 'Object Repository/VLink/Page_CCSale/txt_ApplicationId' is present

2020-12-24 00:45:38 - [MESSAGE][PASSED] - Text '665' is set on object 'Object Repository/VLink/Page_CCSale/txt_ApplicationId'

2020-12-24 00:45:38 - [MESSAGE][PASSED] - Object 'Object Repository/VLink/Page_CCSale/txt_Username' is present

2020-12-24 00:45:38 - [MESSAGE][PASSED] - Text 'username' is set on object 'Object Repository/VLink/Page_CCSale/txt_Username'

2020-12-24 00:45:39 - [MESSAGE][PASSED] - Object 'Object Repository/VLink/Page_CCSale/txt_Password' is present

2020-12-24 00:45:39 - [MESSAGE][PASSED] - Text 'password' is set on object 'Object Repository/VLink/Page_CCSale/txt_Password'

2020-12-24 00:45:40 - [MESSAGE][PASSED] - Object 'Object Repository/VLink/Page_CCSale/txt_ResponseFormat' is present

2020-12-24 00:45:40 - [MESSAGE][PASSED] - Text 'fixed_width' is set on object 'Object Repository/VLink/Page_CCSale/txt_ResponseFormat'

2020-12-24 00:45:41 - [MESSAGE][PASSED] - Object 'Object Repository/VLink/Page_CCSale/txt_Category' is present

2020-12-24 00:45:41 - [MESSAGE][PASSED] - Text 'MOTO' is set on object 'Object Repository/VLink/Page_CCSale/txt_Category'

2020-12-24 00:45:42 - [MESSAGE][PASSED] - Object 'Object Repository/VLink/Page_CCSale/txt_TransactionID' is present

2020-12-24 00:45:42 - [MESSAGE][PASSED] - Text '' is set on object 'Object Repository/VLink/Page_CCSale/txt_TransactionID'

2020-12-24 00:45:43 - [MESSAGE][PASSED] - Object 'Object Repository/VLink/Page_CCSale/txt_ApprovalCode' is present

2020-12-24 00:45:43 - [MESSAGE][PASSED] - Text '' is set on object 'Object Repository/VLink/Page_CCSale/txt_ApprovalCode'

2020-12-24 00:45:44 - [MESSAGE][PASSED] - Object 'Object Repository/VLink/Page_CCSale/txt_CardName' is present

2020-12-24 00:45:44 - [MESSAGE][PASSED] - Text 'Roshan Maha' is set on object 'Object Repository/VLink/Page_CCSale/txt_CardName'

2020-12-24 00:45:45 - [MESSAGE][PASSED] - Object 'Object Repository/VLink/Page_CCSale/txt_AL1' is present

2020-12-24 00:45:46 - [MESSAGE][PASSED] - Text '12563 Bazaar road' is set on object 'Object Repository/VLink/Page_CCSale/txt_AL1'

2020-12-24 00:45:46 - [MESSAGE][PASSED] - Object 'Object Repository/VLink/Page_CCSale/txt_AL2' is present

2020-12-24 00:45:47 - [MESSAGE][PASSED] - Text '' is set on object 'Object Repository/VLink/Page_CCSale/txt_AL2'

2020-12-24 00:45:47 - [MESSAGE][PASSED] - Object 'Object Repository/VLink/Page_CCSale/txt_CardCity' is present

2020-12-24 00:45:48 - [MESSAGE][PASSED] - Text 'Crofton' is set on object 'Object Repository/VLink/Page_CCSale/txt_CardCity'

2020-12-24 00:45:48 - [MESSAGE][PASSED] - Object 'Object Repository/VLink/Page_CCSale/txt_CardState' is present

2020-12-24 00:45:49 - [MESSAGE][PASSED] - Text 'MD' is set on object 'Object Repository/VLink/Page_CCSale/txt_CardState'

2020-12-24 00:45:49 - [MESSAGE][PASSED] - Object 'Object Repository/VLink/Page_CCSale/txt_CardZIP' is present

2020-12-24 00:45:50 - [MESSAGE][PASSED] - Text '21114' is set on object 'Object Repository/VLink/Page_CCSale/txt_CardZIP'

2020-12-24 00:45:50 - [MESSAGE][PASSED] - Object 'Object Repository/VLink/Page_CCSale/txt_CountryID' is present

2020-12-24 00:45:51 - [MESSAGE][PASSED] - Text '' is set on object 'Object Repository/VLink/Page_CCSale/txt_CountryID'

2020-12-24 00:45:51 - [MESSAGE][PASSED] - Object 'Object Repository/VLink/Page_CCSale/txt_Amount' is present

2020-12-24 00:45:52 - [MESSAGE][PASSED] - Text '3.50' is set on object 'Object Repository/VLink/Page_CCSale/txt_Amount'

2020-12-24 00:45:52 - [MESSAGE][PASSED] - Object 'Object Repository/VLink/Page_CCSale/txt_CardNumber' is present

2020-12-24 00:45:53 - [MESSAGE][PASSED] - Text '4111111111111111' is set on object 'Object Repository/VLink/Page_CCSale/txt_CardNumber'

2020-12-24 00:45:53 - [MESSAGE][PASSED] - Object 'Object Repository/VLink/Page_CCSale/txt_ExpMonth' is present

2020-12-24 00:45:54 - [MESSAGE][PASSED] - Text '01' is set on object 'Object Repository/VLink/Page_CCSale/txt_ExpMonth'

2020-12-24 00:45:54 - [MESSAGE][PASSED] - Object 'Object Repository/VLink/Page_CCSale/txt_ExpYear' is present

2020-12-24 00:45:55 - [MESSAGE][PASSED] - Text '2026' is set on object 'Object Repository/VLink/Page_CCSale/txt_ExpYear'

2020-12-24 00:45:55 - [MESSAGE][PASSED] - Object 'Object Repository/VLink/Page_CCSale/txt_CVV' is present

2020-12-24 00:45:56 - [MESSAGE][PASSED] - Text '' is set on object 'Object Repository/VLink/Page_CCSale/txt_CVV'

2020-12-24 00:45:56 - [MESSAGE][PASSED] - Object 'Object Repository/VLink/Page_CCSale/txt_CVVstate' is present

2020-12-24 00:45:57 - [MESSAGE][PASSED] - Text '' is set on object 'Object Repository/VLink/Page_CCSale/txt_CVVstate'

2020-12-24 00:45:57 - [MESSAGE][PASSED] - Object 'Object Repository/VLink/Page_CCSale/txt_TrackData' is present

2020-12-24 00:45:58 - [MESSAGE][PASSED] - Text '' is set on object 'Object Repository/VLink/Page_CCSale/txt_TrackData'

2020-12-24 00:45:58 - [MESSAGE][PASSED] - Object 'Object Repository/VLink/Page_CCSale/txt_Track1Data' is present

2020-12-24 00:45:59 - [MESSAGE][PASSED] - Text '' is set on object 'Object Repository/VLink/Page_CCSale/txt_Track1Data'

2020-12-24 00:45:59 - [MESSAGE][PASSED] - Object 'Object Repository/VLink/Page_CCSale/txt_Track2Data' is present

2020-12-24 00:46:00 - [MESSAGE][PASSED] - Text '' is set on object 'Object Repository/VLink/Page_CCSale/txt_Track2Data'

2020-12-24 00:46:00 - [MESSAGE][PASSED] - Object 'Object Repository/VLink/Page_CCSale/txt_POSEntryMode' is present

2020-12-24 00:46:01 - [MESSAGE][PASSED] - Text 'manual' is set on object 'Object Repository/VLink/Page_CCSale/txt_POSEntryMode'

2020-12-24 00:46:01 - [MESSAGE][PASSED] - Object 'Object Repository/VLink/Page_CCSale/txt_Email' is present

2020-12-24 00:46:02 - [MESSAGE][PASSED] - Text '' is set on object 'Object Repository/VLink/Page_CCSale/txt_Email'

2020-12-24 00:46:02 - [MESSAGE][PASSED] - Object 'Object Repository/VLink/Page_CCSale/txt_OrderNumber' is present

2020-12-24 00:46:03 - [MESSAGE][PASSED] - Text '' is set on object 'Object Repository/VLink/Page_CCSale/txt_OrderNumber'

2020-12-24 00:46:03 - [MESSAGE][PASSED] - Object 'Object Repository/VLink/Page_CCSale/txt_TaxAmount' is present

2020-12-24 00:46:04 - [MESSAGE][PASSED] - Text '' is set on object 'Object Repository/VLink/Page_CCSale/txt_TaxAmount'

2020-12-24 00:46:04 - [MESSAGE][PASSED] - Object 'Object Repository/VLink/Page_CCSale/txt_ChargeDescription' is present

2020-12-24 00:46:05 - [MESSAGE][PASSED] - Text '' is set on object 'Object Repository/VLink/Page_CCSale/txt_ChargeDescription'

2020-12-24 00:46:05 - [MESSAGE][PASSED] - Object 'Object Repository/VLink/Page_CCSale/txt_CAN' is present

2020-12-24 00:46:06 - [MESSAGE][PASSED] - Text '' is set on object 'Object Repository/VLink/Page_CCSale/txt_CAN'

2020-12-24 00:46:06 - [MESSAGE][PASSED] - Object 'Object Repository/VLink/Page_CCSale/txt_BillPaymentIndicator' is present

2020-12-24 00:46:07 - [MESSAGE][PASSED] - Text '' is set on object 'Object Repository/VLink/Page_CCSale/txt_BillPaymentIndicator'

2020-12-24 00:46:07 - [MESSAGE][PASSED] - Object 'Object Repository/VLink/Page_CCSale/txt_UDF1' is present

2020-12-24 00:46:08 - [MESSAGE][PASSED] - Text '' is set on object 'Object Repository/VLink/Page_CCSale/txt_UDF1'

2020-12-24 00:46:08 - [MESSAGE][PASSED] - Object 'Object Repository/VLink/Page_CCSale/txt_UDF2' is present

2020-12-24 00:46:09 - [MESSAGE][PASSED] - Text '' is set on object 'Object Repository/VLink/Page_CCSale/txt_UDF2'

2020-12-24 00:46:09 - [MESSAGE][PASSED] - Object 'Object Repository/VLink/Page_CCSale/txt_UDF3' is present

2020-12-24 00:46:10 - [MESSAGE][PASSED] - Text '' is set on object 'Object Repository/VLink/Page_CCSale/txt_UDF3'

2020-12-24 00:46:10 - [MESSAGE][PASSED] - Object 'Object Repository/VLink/Page_CCSale/txt_UDF4' is present

2020-12-24 00:46:11 - [MESSAGE][PASSED] - Text '' is set on object 'Object Repository/VLink/Page_CCSale/txt_UDF4'

2020-12-24 00:46:11 - [MESSAGE][PASSED] - Object 'Object Repository/VLink/Page_CCSale/txt_UDF5' is present

2020-12-24 00:46:12 - [MESSAGE][PASSED] - Text '' is set on object 'Object Repository/VLink/Page_CCSale/txt_UDF5'

2020-12-24 00:46:12 - [MESSAGE][PASSED] - Object 'Object Repository/VLink/Page_CCSale/txt_UDF6' is present

2020-12-24 00:46:13 - [MESSAGE][PASSED] - Text '' is set on object 'Object Repository/VLink/Page_CCSale/txt_UDF6'

2020-12-24 00:46:13 - [MESSAGE][PASSED] - Object 'Object Repository/VLink/Page_CCSale/txt_UDF7' is present

2020-12-24 00:46:14 - [MESSAGE][PASSED] - Text '' is set on object 'Object Repository/VLink/Page_CCSale/txt_UDF7'

2020-12-24 00:46:14 - [MESSAGE][PASSED] - Object 'Object Repository/VLink/Page_CCSale/txt_UDF8' is present

2020-12-24 00:46:15 - [MESSAGE][PASSED] - Text '' is set on object 'Object Repository/VLink/Page_CCSale/txt_UDF8'

2020-12-24 00:46:15 - [MESSAGE][PASSED] - Object 'Object Repository/VLink/Page_CCSale/txt_UDF9' is present

2020-12-24 00:46:16 - [MESSAGE][PASSED] - Text '' is set on object 'Object Repository/VLink/Page_CCSale/txt_UDF9'

2020-12-24 00:46:16 - [MESSAGE][PASSED] - Object 'Object Repository/VLink/Page_CCSale/txt_UDF10' is present

2020-12-24 00:46:17 - [MESSAGE][PASSED] - Text '' is set on object 'Object Repository/VLink/Page_CCSale/txt_UDF10'

2020-12-24 00:46:17 - [MESSAGE][PASSED] - Object 'Object Repository/VLink/Page_CCSale/txt_CardOnFileIndicator' is present

2020-12-24 00:46:18 - [MESSAGE][PASSED] - Text '1' is set on object 'Object Repository/VLink/Page_CCSale/txt_CardOnFileIndicator'

2020-12-24 00:46:18 - [MESSAGE][PASSED] - Object 'Object Repository/VLink/Page_CCSale/txt_StoredCredentialIndicator' is present

2020-12-24 00:46:19 - [MESSAGE][PASSED] - Text 'Subsequent' is set on object 'Object Repository/VLink/Page_CCSale/txt_StoredCredentialIndicator'

2020-12-24 00:46:19 - [MESSAGE][PASSED] - Object 'Object Repository/VLink/Page_CCSale/txt_COFScheduledIndicator' is present

2020-12-24 00:46:20 - [MESSAGE][PASSED] - Text 'Scheduled' is set on object 'Object Repository/VLink/Page_CCSale/txt_COFScheduledIndicator'

2020-12-24 00:46:20 - [MESSAGE][PASSED] - Object 'Object Repository/VLink/Page_CCSale/txt_COFTransactionInitiatedBy' is present

2020-12-24 00:46:21 - [MESSAGE][PASSED] - Text 'Merchant' is set on object 'Object Repository/VLink/Page_CCSale/txt_COFTransactionInitiatedBy'

2020-12-24 00:46:23 - [MESSAGE][PASSED] - Object: 'Object Repository/VLink/Page_CCSale/btn_ProcessVLinkTransaction' is clicked on

2020-12-24 00:46:28 - [MESSAGE][PASSED] - vlinkPages.saleCCPage.setDataSCC is PASSED

2020-12-24 00:46:28 - [TEST_STEP][PASSED] - if (verifyTextPresent("Transaction approved, no errors", true)): null

2020-12-24 00:46:29 - [MESSAGE][PASSED] - Text 'Transaction approved, no errors' is present on page  using regular expression

2020-12-24 00:46:29 - [TEST_STEP][PASSED] - println("Transaction Approved, no errors text is present on the Confirmation page"): null

2020-12-24 00:46:29 - [TEST_STEP][PASSED] - out.println("Pass Record Number: " + row): null

2020-12-24 00:46:29 - [TEST_STEP][PASSED] - resText = "Pass": null

2020-12-24 00:46:29 - [TEST_STEP][PASSED] - pages.WriteExcel.demoKey(resText, datText, resColumn, datCloumn, fileLoc, nameSheet, row): pages.WriteExcel.demoKey is PASSED

2020-12-24 00:46:29 - [MESSAGE][PASSED] - pages.WriteExcel.demoKey is PASSED

2020-12-24 00:46:29 - [TEST_STEP][PASSED] - sdfo = getText(findTestObject("Object Repository/Page_VLinkReceipt/pre_STX")): Text of object 'Object Repository/Page_VLinkReceipt/pre_STX' is: '<STX>6KaOIW2etH0k                  12088129            0  Transaction approved, no errors                   0                                                                                  X OK6960   <ETX>'

2020-12-24 00:46:29 - [MESSAGE][PASSED] - Text of object 'Object Repository/Page_VLinkReceipt/pre_STX' is: '<STX>6KaOIW2etH0k                  12088129            0  Transaction approved, no errors                   0                                                                                  X OK6960   <ETX>'

2020-12-24 00:46:29 - [TEST_STEP][PASSED] - out.println("sdfo: " + sdfo): null

2020-12-24 00:46:29 - [TEST_STEP][PASSED] - remID = substring(5, 35).trim(): null

2020-12-24 00:46:29 - [TEST_STEP][PASSED] - out.println("Remittance ID: " + remID): null

2020-12-24 00:46:29 - [TEST_STEP][PASSED] - traxID = substring(35, 55).trim(): null

2020-12-24 00:46:29 - [TEST_STEP][PASSED] - out.println("Transaction ID: " + traxID): null

2020-12-24 00:46:29 - [TEST_STEP][PASSED] - out.println("End Record Number: " + row): null

2020-12-24 00:46:29 - [TEST_STEP][PASSED] - closeBrowser(): Browser is closed

2020-12-24 00:46:30 - [MESSAGE][PASSED] - Browser is closed

2020-12-24 00:46:30 - [TEST_STEP][PASSED] - out.println("Begin Record Number: " + row): null

2020-12-24 00:46:30 - [TEST_STEP][PASSED] - today = new java.util.Date(): null

2020-12-24 00:46:30 - [TEST_STEP][PASSED] - println(today): null

2020-12-24 00:46:30 - [TEST_STEP][PASSED] - datText = today: null

2020-12-24 00:46:30 - [TEST_STEP][PASSED] - openBrowser(VLinkURL + "authcap.html"): Browser is opened with url: 'https://dev-algorithm.govolution.com/vlinktest/QA/version_2_0/authcap.html'

2020-12-24 00:46:30 - [MESSAGE][INFO] - Starting 'Chrome' driver

2020-12-24 00:46:30 - [MESSAGE][INFO] - User set preference: ['acceptInsecureCerts', 'true']

2020-12-24 00:46:30 - [MESSAGE][INFO] - Action delay is set to 0 milliseconds

2020-12-24 00:46:34 - [MESSAGE][PASSED] - Browser is opened with url: 'https://dev-algorithm.govolution.com/vlinktest/QA/version_2_0/authcap.html'

2020-12-24 00:46:34 - [TEST_STEP][PASSED] - maximizeWindow(): Current window maximized

2020-12-24 00:46:34 - [MESSAGE][PASSED] - Current window maximized

2020-12-24 00:46:34 - [TEST_STEP][PASSED] - vlinkPages.saleCCPage.setDataSCC(row, dataFile): vlinkPages.saleCCPage.setDataSCC is PASSED

2020-12-24 00:46:36 - [MESSAGE][PASSED] - Object 'Object Repository/VLink/Page_CCSale/txt_CardNumber' is present

2020-12-24 00:46:36 - [MESSAGE][PASSED] - Object 'Object Repository/VLink/Page_CCSale/txt_TransactionType' is present

2020-12-24 00:46:37 - [MESSAGE][PASSED] - Text '104' is set on object 'Object Repository/VLink/Page_CCSale/txt_TransactionType'

2020-12-24 00:46:37 - [MESSAGE][PASSED] - Object 'Object Repository/VLink/Page_CCSale/txt_MessageVersion' is present

2020-12-24 00:46:38 - [MESSAGE][PASSED] - Text '2.0C' is set on object 'Object Repository/VLink/Page_CCSale/txt_MessageVersion'

2020-12-24 00:46:38 - [MESSAGE][PASSED] - Object 'Object Repository/VLink/Page_CCSale/txt_RemID' is present

2020-12-24 00:46:39 - [MESSAGE][PASSED] - Text 'nTeCdewQvmr4' is set on object 'Object Repository/VLink/Page_CCSale/txt_RemID'

2020-12-24 00:46:39 - [MESSAGE][PASSED] - Object 'Object Repository/VLink/Page_CCSale/txt_ApplicationId' is present

2020-12-24 00:46:40 - [MESSAGE][PASSED] - Text '665' is set on object 'Object Repository/VLink/Page_CCSale/txt_ApplicationId'

2020-12-24 00:46:40 - [MESSAGE][PASSED] - Object 'Object Repository/VLink/Page_CCSale/txt_Username' is present

2020-12-24 00:46:40 - [MESSAGE][PASSED] - Text 'username' is set on object 'Object Repository/VLink/Page_CCSale/txt_Username'

2020-12-24 00:46:41 - [MESSAGE][PASSED] - Object 'Object Repository/VLink/Page_CCSale/txt_Password' is present

2020-12-24 00:46:41 - [MESSAGE][PASSED] - Text 'password' is set on object 'Object Repository/VLink/Page_CCSale/txt_Password'

2020-12-24 00:46:42 - [MESSAGE][PASSED] - Object 'Object Repository/VLink/Page_CCSale/txt_ResponseFormat' is present

2020-12-24 00:46:42 - [MESSAGE][PASSED] - Text 'fixed_width' is set on object 'Object Repository/VLink/Page_CCSale/txt_ResponseFormat'

2020-12-24 00:46:42 - [MESSAGE][PASSED] - Object 'Object Repository/VLink/Page_CCSale/txt_Category' is present

2020-12-24 00:46:43 - [MESSAGE][PASSED] - Text 'MOTO' is set on object 'Object Repository/VLink/Page_CCSale/txt_Category'

2020-12-24 00:46:43 - [MESSAGE][PASSED] - Object 'Object Repository/VLink/Page_CCSale/txt_TransactionID' is present

2020-12-24 00:46:44 - [MESSAGE][PASSED] - Text '' is set on object 'Object Repository/VLink/Page_CCSale/txt_TransactionID'

2020-12-24 00:46:44 - [MESSAGE][PASSED] - Object 'Object Repository/VLink/Page_CCSale/txt_ApprovalCode' is present

2020-12-24 00:46:45 - [MESSAGE][PASSED] - Text '' is set on object 'Object Repository/VLink/Page_CCSale/txt_ApprovalCode'

2020-12-24 00:46:45 - [MESSAGE][PASSED] - Object 'Object Repository/VLink/Page_CCSale/txt_CardName' is present

2020-12-24 00:46:46 - [MESSAGE][PASSED] - Text 'Kris Roshan' is set on object 'Object Repository/VLink/Page_CCSale/txt_CardName'

2020-12-24 00:46:46 - [MESSAGE][PASSED] - Object 'Object Repository/VLink/Page_CCSale/txt_AL1' is present

2020-12-24 00:46:47 - [MESSAGE][PASSED] - Text '258 Elm Road' is set on object 'Object Repository/VLink/Page_CCSale/txt_AL1'

2020-12-24 00:46:47 - [MESSAGE][PASSED] - Object 'Object Repository/VLink/Page_CCSale/txt_AL2' is present

2020-12-24 00:46:48 - [MESSAGE][PASSED] - Text 'Suite 56' is set on object 'Object Repository/VLink/Page_CCSale/txt_AL2'

2020-12-24 00:46:49 - [MESSAGE][PASSED] - Object 'Object Repository/VLink/Page_CCSale/txt_CardCity' is present

2020-12-24 00:46:49 - [MESSAGE][PASSED] - Text 'Arlington' is set on object 'Object Repository/VLink/Page_CCSale/txt_CardCity'

2020-12-24 00:46:49 - [MESSAGE][PASSED] - Object 'Object Repository/VLink/Page_CCSale/txt_CardState' is present

2020-12-24 00:46:50 - [MESSAGE][PASSED] - Text 'VA' is set on object 'Object Repository/VLink/Page_CCSale/txt_CardState'

2020-12-24 00:46:50 - [MESSAGE][PASSED] - Object 'Object Repository/VLink/Page_CCSale/txt_CardZIP' is present

2020-12-24 00:46:51 - [MESSAGE][PASSED] - Text '22201' is set on object 'Object Repository/VLink/Page_CCSale/txt_CardZIP'

2020-12-24 00:46:51 - [MESSAGE][PASSED] - Object 'Object Repository/VLink/Page_CCSale/txt_CountryID' is present

2020-12-24 00:46:52 - [MESSAGE][PASSED] - Text '840' is set on object 'Object Repository/VLink/Page_CCSale/txt_CountryID'

2020-12-24 00:46:52 - [MESSAGE][PASSED] - Object 'Object Repository/VLink/Page_CCSale/txt_Amount' is present

2020-12-24 00:46:53 - [MESSAGE][PASSED] - Text '1.50' is set on object 'Object Repository/VLink/Page_CCSale/txt_Amount'

2020-12-24 00:46:53 - [MESSAGE][PASSED] - Object 'Object Repository/VLink/Page_CCSale/txt_CardNumber' is present

2020-12-24 00:46:54 - [MESSAGE][PASSED] - Text '5424000000000015' is set on object 'Object Repository/VLink/Page_CCSale/txt_CardNumber'

2020-12-24 00:46:54 - [MESSAGE][PASSED] - Object 'Object Repository/VLink/Page_CCSale/txt_ExpMonth' is present

2020-12-24 00:46:55 - [MESSAGE][PASSED] - Text '12' is set on object 'Object Repository/VLink/Page_CCSale/txt_ExpMonth'

2020-12-24 00:46:55 - [MESSAGE][PASSED] - Object 'Object Repository/VLink/Page_CCSale/txt_ExpYear' is present

2020-12-24 00:46:56 - [MESSAGE][PASSED] - Text '2025' is set on object 'Object Repository/VLink/Page_CCSale/txt_ExpYear'

2020-12-24 00:46:56 - [MESSAGE][PASSED] - Object 'Object Repository/VLink/Page_CCSale/txt_CVV' is present

2020-12-24 00:46:57 - [MESSAGE][PASSED] - Text '' is set on object 'Object Repository/VLink/Page_CCSale/txt_CVV'

2020-12-24 00:46:57 - [MESSAGE][PASSED] - Object 'Object Repository/VLink/Page_CCSale/txt_CVVstate' is present

2020-12-24 00:46:58 - [MESSAGE][PASSED] - Text '' is set on object 'Object Repository/VLink/Page_CCSale/txt_CVVstate'

2020-12-24 00:46:58 - [MESSAGE][PASSED] - Object 'Object Repository/VLink/Page_CCSale/txt_TrackData' is present

2020-12-24 00:46:59 - [MESSAGE][PASSED] - Text '' is set on object 'Object Repository/VLink/Page_CCSale/txt_TrackData'

2020-12-24 00:46:59 - [MESSAGE][PASSED] - Object 'Object Repository/VLink/Page_CCSale/txt_Track1Data' is present

2020-12-24 00:47:00 - [MESSAGE][PASSED] - Text '' is set on object 'Object Repository/VLink/Page_CCSale/txt_Track1Data'

2020-12-24 00:47:00 - [MESSAGE][PASSED] - Object 'Object Repository/VLink/Page_CCSale/txt_Track2Data' is present

2020-12-24 00:47:01 - [MESSAGE][PASSED] - Text '' is set on object 'Object Repository/VLink/Page_CCSale/txt_Track2Data'

2020-12-24 00:47:01 - [MESSAGE][PASSED] - Object 'Object Repository/VLink/Page_CCSale/txt_POSEntryMode' is present

2020-12-24 00:47:02 - [MESSAGE][PASSED] - Text 'manual' is set on object 'Object Repository/VLink/Page_CCSale/txt_POSEntryMode'

2020-12-24 00:47:02 - [MESSAGE][PASSED] - Object 'Object Repository/VLink/Page_CCSale/txt_Email' is present

2020-12-24 00:47:03 - [MESSAGE][PASSED] - Text 'iahmed@govolution.com' is set on object 'Object Repository/VLink/Page_CCSale/txt_Email'

2020-12-24 00:47:03 - [MESSAGE][PASSED] - Object 'Object Repository/VLink/Page_CCSale/txt_OrderNumber' is present

2020-12-24 00:47:04 - [MESSAGE][PASSED] - Text '2569362' is set on object 'Object Repository/VLink/Page_CCSale/txt_OrderNumber'

2020-12-24 00:47:04 - [MESSAGE][PASSED] - Object 'Object Repository/VLink/Page_CCSale/txt_TaxAmount' is present

2020-12-24 00:47:05 - [MESSAGE][PASSED] - Text '1.15' is set on object 'Object Repository/VLink/Page_CCSale/txt_TaxAmount'

2020-12-24 00:47:05 - [MESSAGE][PASSED] - Object 'Object Repository/VLink/Page_CCSale/txt_ChargeDescription' is present

2020-12-24 00:47:06 - [MESSAGE][PASSED] - Text 'Charge Description' is set on object 'Object Repository/VLink/Page_CCSale/txt_ChargeDescription'

2020-12-24 00:47:06 - [MESSAGE][PASSED] - Object 'Object Repository/VLink/Page_CCSale/txt_CAN' is present

2020-12-24 00:47:07 - [MESSAGE][PASSED] - Text '147357' is set on object 'Object Repository/VLink/Page_CCSale/txt_CAN'

2020-12-24 00:47:07 - [MESSAGE][PASSED] - Object 'Object Repository/VLink/Page_CCSale/txt_BillPaymentIndicator' is present

2020-12-24 00:47:08 - [MESSAGE][PASSED] - Text '1' is set on object 'Object Repository/VLink/Page_CCSale/txt_BillPaymentIndicator'

2020-12-24 00:47:08 - [MESSAGE][PASSED] - Object 'Object Repository/VLink/Page_CCSale/txt_UDF1' is present

2020-12-24 00:47:09 - [MESSAGE][PASSED] - Text 'UDF Data 1' is set on object 'Object Repository/VLink/Page_CCSale/txt_UDF1'

2020-12-24 00:47:09 - [MESSAGE][PASSED] - Object 'Object Repository/VLink/Page_CCSale/txt_UDF2' is present

2020-12-24 00:47:10 - [MESSAGE][PASSED] - Text 'UDF Data 2' is set on object 'Object Repository/VLink/Page_CCSale/txt_UDF2'

2020-12-24 00:47:10 - [MESSAGE][PASSED] - Object 'Object Repository/VLink/Page_CCSale/txt_UDF3' is present

2020-12-24 00:47:11 - [MESSAGE][PASSED] - Text 'UDF Data 3' is set on object 'Object Repository/VLink/Page_CCSale/txt_UDF3'

2020-12-24 00:47:11 - [MESSAGE][PASSED] - Object 'Object Repository/VLink/Page_CCSale/txt_UDF4' is present

2020-12-24 00:47:12 - [MESSAGE][PASSED] - Text 'UDF Data 4' is set on object 'Object Repository/VLink/Page_CCSale/txt_UDF4'

2020-12-24 00:47:12 - [MESSAGE][PASSED] - Object 'Object Repository/VLink/Page_CCSale/txt_UDF5' is present

2020-12-24 00:47:13 - [MESSAGE][PASSED] - Text 'UDF Data 5' is set on object 'Object Repository/VLink/Page_CCSale/txt_UDF5'

2020-12-24 00:47:13 - [MESSAGE][PASSED] - Object 'Object Repository/VLink/Page_CCSale/txt_UDF6' is present

2020-12-24 00:47:14 - [MESSAGE][PASSED] - Text 'UDF Data 6' is set on object 'Object Repository/VLink/Page_CCSale/txt_UDF6'

2020-12-24 00:47:14 - [MESSAGE][PASSED] - Object 'Object Repository/VLink/Page_CCSale/txt_UDF7' is present

2020-12-24 00:47:15 - [MESSAGE][PASSED] - Text 'UDF Data 7' is set on object 'Object Repository/VLink/Page_CCSale/txt_UDF7'

2020-12-24 00:47:15 - [MESSAGE][PASSED] - Object 'Object Repository/VLink/Page_CCSale/txt_UDF8' is present

2020-12-24 00:47:16 - [MESSAGE][PASSED] - Text 'UDF Data 8' is set on object 'Object Repository/VLink/Page_CCSale/txt_UDF8'

2020-12-24 00:47:16 - [MESSAGE][PASSED] - Object 'Object Repository/VLink/Page_CCSale/txt_UDF9' is present

2020-12-24 00:47:17 - [MESSAGE][PASSED] - Text 'UDF Data 9' is set on object 'Object Repository/VLink/Page_CCSale/txt_UDF9'

2020-12-24 00:47:17 - [MESSAGE][PASSED] - Object 'Object Repository/VLink/Page_CCSale/txt_UDF10' is present

2020-12-24 00:47:18 - [MESSAGE][PASSED] - Text 'UDF Data 10' is set on object 'Object Repository/VLink/Page_CCSale/txt_UDF10'

2020-12-24 00:47:18 - [MESSAGE][PASSED] - Object 'Object Repository/VLink/Page_CCSale/txt_CardOnFileIndicator' is present

2020-12-24 00:47:19 - [MESSAGE][PASSED] - Text '1' is set on object 'Object Repository/VLink/Page_CCSale/txt_CardOnFileIndicator'

2020-12-24 00:47:19 - [MESSAGE][PASSED] - Object 'Object Repository/VLink/Page_CCSale/txt_StoredCredentialIndicator' is present

2020-12-24 00:47:20 - [MESSAGE][PASSED] - Text 'Subsequent' is set on object 'Object Repository/VLink/Page_CCSale/txt_StoredCredentialIndicator'

2020-12-24 00:47:20 - [MESSAGE][PASSED] - Object 'Object Repository/VLink/Page_CCSale/txt_COFScheduledIndicator' is present

2020-12-24 00:47:21 - [MESSAGE][PASSED] - Text 'Scheduled' is set on object 'Object Repository/VLink/Page_CCSale/txt_COFScheduledIndicator'

2020-12-24 00:47:21 - [MESSAGE][PASSED] - Object 'Object Repository/VLink/Page_CCSale/txt_COFTransactionInitiatedBy' is present

2020-12-24 00:47:22 - [MESSAGE][PASSED] - Text 'Merchant' is set on object 'Object Repository/VLink/Page_CCSale/txt_COFTransactionInitiatedBy'

2020-12-24 00:47:24 - [MESSAGE][PASSED] - Object: 'Object Repository/VLink/Page_CCSale/btn_ProcessVLinkTransaction' is clicked on

2020-12-24 00:47:29 - [MESSAGE][PASSED] - vlinkPages.saleCCPage.setDataSCC is PASSED

2020-12-24 00:47:29 - [TEST_STEP][PASSED] - if (verifyTextPresent("Transaction approved, no errors", true)): null

2020-12-24 00:47:29 - [MESSAGE][PASSED] - Text 'Transaction approved, no errors' is present on page  using regular expression

2020-12-24 00:47:29 - [TEST_STEP][PASSED] - println("Transaction Approved, no errors text is present on the Confirmation page"): null

2020-12-24 00:47:29 - [TEST_STEP][PASSED] - out.println("Pass Record Number: " + row): null

2020-12-24 00:47:29 - [TEST_STEP][PASSED] - resText = "Pass": null

2020-12-24 00:47:29 - [TEST_STEP][PASSED] - pages.WriteExcel.demoKey(resText, datText, resColumn, datCloumn, fileLoc, nameSheet, row): pages.WriteExcel.demoKey is PASSED

2020-12-24 00:47:30 - [MESSAGE][PASSED] - pages.WriteExcel.demoKey is PASSED

2020-12-24 00:47:30 - [TEST_STEP][PASSED] - sdfo = getText(findTestObject("Object Repository/Page_VLinkReceipt/pre_STX")): Text of object 'Object Repository/Page_VLinkReceipt/pre_STX' is: '<STX>nTeCdewQvmr4                  12088130            0  Transaction approved, no errors                   0                                                                                  X OK7030   <ETX>'

2020-12-24 00:47:30 - [MESSAGE][PASSED] - Text of object 'Object Repository/Page_VLinkReceipt/pre_STX' is: '<STX>nTeCdewQvmr4                  12088130            0  Transaction approved, no errors                   0                                                                                  X OK7030   <ETX>'

2020-12-24 00:47:30 - [TEST_STEP][PASSED] - out.println("sdfo: " + sdfo): null

2020-12-24 00:47:30 - [TEST_STEP][PASSED] - remID = substring(5, 35).trim(): null

2020-12-24 00:47:30 - [TEST_STEP][PASSED] - out.println("Remittance ID: " + remID): null

2020-12-24 00:47:30 - [TEST_STEP][PASSED] - traxID = substring(35, 55).trim(): null

2020-12-24 00:47:30 - [TEST_STEP][PASSED] - out.println("Transaction ID: " + traxID): null

2020-12-24 00:47:30 - [TEST_STEP][PASSED] - out.println("End Record Number: " + row): null

2020-12-24 00:47:30 - [TEST_STEP][PASSED] - closeBrowser(): Browser is closed

2020-12-24 00:47:31 - [MESSAGE][PASSED] - Browser is closed

2020-12-24 00:47:31 - [TEST_STEP][PASSED] - out.println("Begin Record Number: " + row): null

2020-12-24 00:47:31 - [TEST_STEP][PASSED] - today = new java.util.Date(): null

2020-12-24 00:47:31 - [TEST_STEP][PASSED] - println(today): null

2020-12-24 00:47:31 - [TEST_STEP][PASSED] - datText = today: null

2020-12-24 00:47:31 - [TEST_STEP][PASSED] - openBrowser(VLinkURL + "authcap.html"): Browser is opened with url: 'https://dev-algorithm.govolution.com/vlinktest/QA/version_2_0/authcap.html'

2020-12-24 00:47:31 - [MESSAGE][INFO] - Starting 'Chrome' driver

2020-12-24 00:47:31 - [MESSAGE][INFO] - User set preference: ['acceptInsecureCerts', 'true']

2020-12-24 00:47:31 - [MESSAGE][INFO] - Action delay is set to 0 milliseconds

2020-12-24 00:47:35 - [MESSAGE][PASSED] - Browser is opened with url: 'https://dev-algorithm.govolution.com/vlinktest/QA/version_2_0/authcap.html'

2020-12-24 00:47:35 - [TEST_STEP][PASSED] - maximizeWindow(): Current window maximized

2020-12-24 00:47:35 - [MESSAGE][PASSED] - Current window maximized

2020-12-24 00:47:35 - [TEST_STEP][PASSED] - vlinkPages.saleCCPage.setDataSCC(row, dataFile): vlinkPages.saleCCPage.setDataSCC is PASSED

2020-12-24 00:47:37 - [MESSAGE][PASSED] - Object 'Object Repository/VLink/Page_CCSale/txt_CardNumber' is present

2020-12-24 00:47:37 - [MESSAGE][PASSED] - Object 'Object Repository/VLink/Page_CCSale/txt_TransactionType' is present

2020-12-24 00:47:38 - [MESSAGE][PASSED] - Text '104' is set on object 'Object Repository/VLink/Page_CCSale/txt_TransactionType'

2020-12-24 00:47:38 - [MESSAGE][PASSED] - Object 'Object Repository/VLink/Page_CCSale/txt_MessageVersion' is present

2020-12-24 00:47:39 - [MESSAGE][PASSED] - Text '2.0C' is set on object 'Object Repository/VLink/Page_CCSale/txt_MessageVersion'

2020-12-24 00:47:39 - [MESSAGE][PASSED] - Object 'Object Repository/VLink/Page_CCSale/txt_RemID' is present

2020-12-24 00:47:40 - [MESSAGE][PASSED] - Text 'CZ6ywKTxWTwf' is set on object 'Object Repository/VLink/Page_CCSale/txt_RemID'

2020-12-24 00:47:40 - [MESSAGE][PASSED] - Object 'Object Repository/VLink/Page_CCSale/txt_ApplicationId' is present

2020-12-24 00:47:41 - [MESSAGE][PASSED] - Text '665' is set on object 'Object Repository/VLink/Page_CCSale/txt_ApplicationId'

2020-12-24 00:47:41 - [MESSAGE][PASSED] - Object 'Object Repository/VLink/Page_CCSale/txt_Username' is present

2020-12-24 00:47:42 - [MESSAGE][PASSED] - Text 'username' is set on object 'Object Repository/VLink/Page_CCSale/txt_Username'

2020-12-24 00:47:42 - [MESSAGE][PASSED] - Object 'Object Repository/VLink/Page_CCSale/txt_Password' is present

2020-12-24 00:47:42 - [MESSAGE][PASSED] - Text 'password' is set on object 'Object Repository/VLink/Page_CCSale/txt_Password'

2020-12-24 00:47:43 - [MESSAGE][PASSED] - Object 'Object Repository/VLink/Page_CCSale/txt_ResponseFormat' is present

2020-12-24 00:47:43 - [MESSAGE][PASSED] - Text 'fixed_width' is set on object 'Object Repository/VLink/Page_CCSale/txt_ResponseFormat'

2020-12-24 00:47:44 - [MESSAGE][PASSED] - Object 'Object Repository/VLink/Page_CCSale/txt_Category' is present

2020-12-24 00:47:44 - [MESSAGE][PASSED] - Text 'MOTO' is set on object 'Object Repository/VLink/Page_CCSale/txt_Category'

2020-12-24 00:47:45 - [MESSAGE][PASSED] - Object 'Object Repository/VLink/Page_CCSale/txt_TransactionID' is present

2020-12-24 00:47:45 - [MESSAGE][PASSED] - Text '' is set on object 'Object Repository/VLink/Page_CCSale/txt_TransactionID'

2020-12-24 00:47:46 - [MESSAGE][PASSED] - Object 'Object Repository/VLink/Page_CCSale/txt_ApprovalCode' is present

2020-12-24 00:47:46 - [MESSAGE][PASSED] - Text '' is set on object 'Object Repository/VLink/Page_CCSale/txt_ApprovalCode'

2020-12-24 00:47:46 - [MESSAGE][PASSED] - Object 'Object Repository/VLink/Page_CCSale/txt_CardName' is present

2020-12-24 00:47:47 - [MESSAGE][PASSED] - Text 'Roshan Maha' is set on object 'Object Repository/VLink/Page_CCSale/txt_CardName'

2020-12-24 00:47:48 - [MESSAGE][PASSED] - Object 'Object Repository/VLink/Page_CCSale/txt_AL1' is present

2020-12-24 00:47:48 - [MESSAGE][PASSED] - Text '12563 Bazaar road' is set on object 'Object Repository/VLink/Page_CCSale/txt_AL1'

2020-12-24 00:47:49 - [MESSAGE][PASSED] - Object 'Object Repository/VLink/Page_CCSale/txt_AL2' is present

2020-12-24 00:47:49 - [MESSAGE][PASSED] - Text '' is set on object 'Object Repository/VLink/Page_CCSale/txt_AL2'

2020-12-24 00:47:50 - [MESSAGE][PASSED] - Object 'Object Repository/VLink/Page_CCSale/txt_CardCity' is present

2020-12-24 00:47:50 - [MESSAGE][PASSED] - Text 'Crofton' is set on object 'Object Repository/VLink/Page_CCSale/txt_CardCity'

2020-12-24 00:47:51 - [MESSAGE][PASSED] - Object 'Object Repository/VLink/Page_CCSale/txt_CardState' is present

2020-12-24 00:47:51 - [MESSAGE][PASSED] - Text 'MD' is set on object 'Object Repository/VLink/Page_CCSale/txt_CardState'

2020-12-24 00:47:52 - [MESSAGE][PASSED] - Object 'Object Repository/VLink/Page_CCSale/txt_CardZIP' is present

2020-12-24 00:47:52 - [MESSAGE][PASSED] - Text '21114' is set on object 'Object Repository/VLink/Page_CCSale/txt_CardZIP'

2020-12-24 00:47:53 - [MESSAGE][PASSED] - Object 'Object Repository/VLink/Page_CCSale/txt_CountryID' is present

2020-12-24 00:47:53 - [MESSAGE][PASSED] - Text '' is set on object 'Object Repository/VLink/Page_CCSale/txt_CountryID'

2020-12-24 00:47:53 - [MESSAGE][PASSED] - Object 'Object Repository/VLink/Page_CCSale/txt_Amount' is present

2020-12-24 00:47:54 - [MESSAGE][PASSED] - Text '3.50' is set on object 'Object Repository/VLink/Page_CCSale/txt_Amount'

2020-12-24 00:47:54 - [MESSAGE][PASSED] - Object 'Object Repository/VLink/Page_CCSale/txt_CardNumber' is present

2020-12-24 00:47:55 - [MESSAGE][PASSED] - Text '370000000000002' is set on object 'Object Repository/VLink/Page_CCSale/txt_CardNumber'

2020-12-24 00:47:55 - [MESSAGE][PASSED] - Object 'Object Repository/VLink/Page_CCSale/txt_ExpMonth' is present

2020-12-24 00:47:56 - [MESSAGE][PASSED] - Text '01' is set on object 'Object Repository/VLink/Page_CCSale/txt_ExpMonth'

2020-12-24 00:47:56 - [MESSAGE][PASSED] - Object 'Object Repository/VLink/Page_CCSale/txt_ExpYear' is present

2020-12-24 00:47:57 - [MESSAGE][PASSED] - Text '2026' is set on object 'Object Repository/VLink/Page_CCSale/txt_ExpYear'

2020-12-24 00:47:57 - [MESSAGE][PASSED] - Object 'Object Repository/VLink/Page_CCSale/txt_CVV' is present

2020-12-24 00:47:58 - [MESSAGE][PASSED] - Text '' is set on object 'Object Repository/VLink/Page_CCSale/txt_CVV'

2020-12-24 00:47:58 - [MESSAGE][PASSED] - Object 'Object Repository/VLink/Page_CCSale/txt_CVVstate' is present

2020-12-24 00:47:59 - [MESSAGE][PASSED] - Text '' is set on object 'Object Repository/VLink/Page_CCSale/txt_CVVstate'

2020-12-24 00:47:59 - [MESSAGE][PASSED] - Object 'Object Repository/VLink/Page_CCSale/txt_TrackData' is present

2020-12-24 00:48:00 - [MESSAGE][PASSED] - Text '' is set on object 'Object Repository/VLink/Page_CCSale/txt_TrackData'

2020-12-24 00:48:00 - [MESSAGE][PASSED] - Object 'Object Repository/VLink/Page_CCSale/txt_Track1Data' is present

2020-12-24 00:48:01 - [MESSAGE][PASSED] - Text '' is set on object 'Object Repository/VLink/Page_CCSale/txt_Track1Data'

2020-12-24 00:48:01 - [MESSAGE][PASSED] - Object 'Object Repository/VLink/Page_CCSale/txt_Track2Data' is present

2020-12-24 00:48:02 - [MESSAGE][PASSED] - Text '' is set on object 'Object Repository/VLink/Page_CCSale/txt_Track2Data'

2020-12-24 00:48:02 - [MESSAGE][PASSED] - Object 'Object Repository/VLink/Page_CCSale/txt_POSEntryMode' is present

2020-12-24 00:48:03 - [MESSAGE][PASSED] - Text 'manual' is set on object 'Object Repository/VLink/Page_CCSale/txt_POSEntryMode'

2020-12-24 00:48:03 - [MESSAGE][PASSED] - Object 'Object Repository/VLink/Page_CCSale/txt_Email' is present

2020-12-24 00:48:04 - [MESSAGE][PASSED] - Text '' is set on object 'Object Repository/VLink/Page_CCSale/txt_Email'

2020-12-24 00:48:04 - [MESSAGE][PASSED] - Object 'Object Repository/VLink/Page_CCSale/txt_OrderNumber' is present

2020-12-24 00:48:05 - [MESSAGE][PASSED] - Text '' is set on object 'Object Repository/VLink/Page_CCSale/txt_OrderNumber'

2020-12-24 00:48:05 - [MESSAGE][PASSED] - Object 'Object Repository/VLink/Page_CCSale/txt_TaxAmount' is present

2020-12-24 00:48:06 - [MESSAGE][PASSED] - Text '' is set on object 'Object Repository/VLink/Page_CCSale/txt_TaxAmount'

2020-12-24 00:48:06 - [MESSAGE][PASSED] - Object 'Object Repository/VLink/Page_CCSale/txt_ChargeDescription' is present

2020-12-24 00:48:07 - [MESSAGE][PASSED] - Text '' is set on object 'Object Repository/VLink/Page_CCSale/txt_ChargeDescription'

2020-12-24 00:48:07 - [MESSAGE][PASSED] - Object 'Object Repository/VLink/Page_CCSale/txt_CAN' is present

2020-12-24 00:48:08 - [MESSAGE][PASSED] - Text '' is set on object 'Object Repository/VLink/Page_CCSale/txt_CAN'

2020-12-24 00:48:08 - [MESSAGE][PASSED] - Object 'Object Repository/VLink/Page_CCSale/txt_BillPaymentIndicator' is present

2020-12-24 00:48:09 - [MESSAGE][PASSED] - Text '' is set on object 'Object Repository/VLink/Page_CCSale/txt_BillPaymentIndicator'

2020-12-24 00:48:09 - [MESSAGE][PASSED] - Object 'Object Repository/VLink/Page_CCSale/txt_UDF1' is present

2020-12-24 00:48:10 - [MESSAGE][PASSED] - Text '' is set on object 'Object Repository/VLink/Page_CCSale/txt_UDF1'

2020-12-24 00:48:10 - [MESSAGE][PASSED] - Object 'Object Repository/VLink/Page_CCSale/txt_UDF2' is present

2020-12-24 00:48:11 - [MESSAGE][PASSED] - Text '' is set on object 'Object Repository/VLink/Page_CCSale/txt_UDF2'

2020-12-24 00:48:11 - [MESSAGE][PASSED] - Object 'Object Repository/VLink/Page_CCSale/txt_UDF3' is present

2020-12-24 00:48:12 - [MESSAGE][PASSED] - Text '' is set on object 'Object Repository/VLink/Page_CCSale/txt_UDF3'

2020-12-24 00:48:12 - [MESSAGE][PASSED] - Object 'Object Repository/VLink/Page_CCSale/txt_UDF4' is present

2020-12-24 00:48:13 - [MESSAGE][PASSED] - Text '' is set on object 'Object Repository/VLink/Page_CCSale/txt_UDF4'

2020-12-24 00:48:13 - [MESSAGE][PASSED] - Object 'Object Repository/VLink/Page_CCSale/txt_UDF5' is present

2020-12-24 00:48:14 - [MESSAGE][PASSED] - Text '' is set on object 'Object Repository/VLink/Page_CCSale/txt_UDF5'

2020-12-24 00:48:14 - [MESSAGE][PASSED] - Object 'Object Repository/VLink/Page_CCSale/txt_UDF6' is present

2020-12-24 00:48:15 - [MESSAGE][PASSED] - Text '' is set on object 'Object Repository/VLink/Page_CCSale/txt_UDF6'

2020-12-24 00:48:15 - [MESSAGE][PASSED] - Object 'Object Repository/VLink/Page_CCSale/txt_UDF7' is present

2020-12-24 00:48:16 - [MESSAGE][PASSED] - Text '' is set on object 'Object Repository/VLink/Page_CCSale/txt_UDF7'

2020-12-24 00:48:16 - [MESSAGE][PASSED] - Object 'Object Repository/VLink/Page_CCSale/txt_UDF8' is present

2020-12-24 00:48:17 - [MESSAGE][PASSED] - Text '' is set on object 'Object Repository/VLink/Page_CCSale/txt_UDF8'

2020-12-24 00:48:17 - [MESSAGE][PASSED] - Object 'Object Repository/VLink/Page_CCSale/txt_UDF9' is present

2020-12-24 00:48:18 - [MESSAGE][PASSED] - Text '' is set on object 'Object Repository/VLink/Page_CCSale/txt_UDF9'

2020-12-24 00:48:18 - [MESSAGE][PASSED] - Object 'Object Repository/VLink/Page_CCSale/txt_UDF10' is present

2020-12-24 00:48:19 - [MESSAGE][PASSED] - Text '' is set on object 'Object Repository/VLink/Page_CCSale/txt_UDF10'

2020-12-24 00:48:19 - [MESSAGE][PASSED] - Object 'Object Repository/VLink/Page_CCSale/txt_CardOnFileIndicator' is present

2020-12-24 00:48:19 - [MESSAGE][PASSED] - Text '1' is set on object 'Object Repository/VLink/Page_CCSale/txt_CardOnFileIndicator'

2020-12-24 00:48:20 - [MESSAGE][PASSED] - Object 'Object Repository/VLink/Page_CCSale/txt_StoredCredentialIndicator' is present

2020-12-24 00:48:21 - [MESSAGE][PASSED] - Text 'Subsequent' is set on object 'Object Repository/VLink/Page_CCSale/txt_StoredCredentialIndicator'

2020-12-24 00:48:21 - [MESSAGE][PASSED] - Object 'Object Repository/VLink/Page_CCSale/txt_COFScheduledIndicator' is present

2020-12-24 00:48:22 - [MESSAGE][PASSED] - Text 'Scheduled' is set on object 'Object Repository/VLink/Page_CCSale/txt_COFScheduledIndicator'

2020-12-24 00:48:22 - [MESSAGE][PASSED] - Object 'Object Repository/VLink/Page_CCSale/txt_COFTransactionInitiatedBy' is present

2020-12-24 00:48:23 - [MESSAGE][PASSED] - Text 'Merchant' is set on object 'Object Repository/VLink/Page_CCSale/txt_COFTransactionInitiatedBy'

2020-12-24 00:48:25 - [MESSAGE][PASSED] - Object: 'Object Repository/VLink/Page_CCSale/btn_ProcessVLinkTransaction' is clicked on

2020-12-24 00:48:30 - [MESSAGE][PASSED] - vlinkPages.saleCCPage.setDataSCC is PASSED

2020-12-24 00:48:30 - [TEST_STEP][PASSED] - if (verifyTextPresent("Transaction approved, no errors", true)): null

2020-12-24 00:48:30 - [MESSAGE][PASSED] - Text 'Transaction approved, no errors' is present on page  using regular expression

2020-12-24 00:48:30 - [TEST_STEP][PASSED] - println("Transaction Approved, no errors text is present on the Confirmation page"): null

2020-12-24 00:48:30 - [TEST_STEP][PASSED] - out.println("Pass Record Number: " + row): null

2020-12-24 00:48:30 - [TEST_STEP][PASSED] - resText = "Pass": null

2020-12-24 00:48:30 - [TEST_STEP][PASSED] - pages.WriteExcel.demoKey(resText, datText, resColumn, datCloumn, fileLoc, nameSheet, row): pages.WriteExcel.demoKey is PASSED

2020-12-24 00:48:30 - [MESSAGE][PASSED] - pages.WriteExcel.demoKey is PASSED

2020-12-24 00:48:30 - [TEST_STEP][PASSED] - sdfo = getText(findTestObject("Object Repository/Page_VLinkReceipt/pre_STX")): Text of object 'Object Repository/Page_VLinkReceipt/pre_STX' is: '<STX>CZ6ywKTxWTwf                  12088131            0  Transaction approved, no errors                   0                                                                                  X OK7100   <ETX>'

2020-12-24 00:48:31 - [MESSAGE][PASSED] - Text of object 'Object Repository/Page_VLinkReceipt/pre_STX' is: '<STX>CZ6ywKTxWTwf                  12088131            0  Transaction approved, no errors                   0                                                                                  X OK7100   <ETX>'

2020-12-24 00:48:31 - [TEST_STEP][PASSED] - out.println("sdfo: " + sdfo): null

2020-12-24 00:48:31 - [TEST_STEP][PASSED] - remID = substring(5, 35).trim(): null

2020-12-24 00:48:31 - [TEST_STEP][PASSED] - out.println("Remittance ID: " + remID): null

2020-12-24 00:48:31 - [TEST_STEP][PASSED] - traxID = substring(35, 55).trim(): null

2020-12-24 00:48:31 - [TEST_STEP][PASSED] - out.println("Transaction ID: " + traxID): null

2020-12-24 00:48:31 - [TEST_STEP][PASSED] - out.println("End Record Number: " + row): null

2020-12-24 00:48:31 - [TEST_STEP][PASSED] - closeBrowser(): Browser is closed

2020-12-24 00:48:32 - [MESSAGE][PASSED] - Browser is closed

2020-12-24 00:48:32 - [TEST_STEP][PASSED] - out.println("Begin Record Number: " + row): null

2020-12-24 00:48:32 - [TEST_STEP][PASSED] - today = new java.util.Date(): null

2020-12-24 00:48:32 - [TEST_STEP][PASSED] - println(today): null

2020-12-24 00:48:32 - [TEST_STEP][PASSED] - datText = today: null

2020-12-24 00:48:32 - [TEST_STEP][PASSED] - openBrowser(VLinkURL + "authcap.html"): Browser is opened with url: 'https://dev-algorithm.govolution.com/vlinktest/QA/version_2_0/authcap.html'

2020-12-24 00:48:32 - [MESSAGE][INFO] - Starting 'Chrome' driver

2020-12-24 00:48:32 - [MESSAGE][INFO] - User set preference: ['acceptInsecureCerts', 'true']

2020-12-24 00:48:32 - [MESSAGE][INFO] - Action delay is set to 0 milliseconds

2020-12-24 00:48:36 - [MESSAGE][PASSED] - Browser is opened with url: 'https://dev-algorithm.govolution.com/vlinktest/QA/version_2_0/authcap.html'

2020-12-24 00:48:36 - [TEST_STEP][PASSED] - maximizeWindow(): Current window maximized

2020-12-24 00:48:36 - [MESSAGE][PASSED] - Current window maximized

2020-12-24 00:48:36 - [TEST_STEP][PASSED] - vlinkPages.saleCCPage.setDataSCC(row, dataFile): vlinkPages.saleCCPage.setDataSCC is PASSED

2020-12-24 00:48:38 - [MESSAGE][PASSED] - Object 'Object Repository/VLink/Page_CCSale/txt_CardNumber' is present

2020-12-24 00:48:38 - [MESSAGE][PASSED] - Object 'Object Repository/VLink/Page_CCSale/txt_TransactionType' is present

2020-12-24 00:48:39 - [MESSAGE][PASSED] - Text '104' is set on object 'Object Repository/VLink/Page_CCSale/txt_TransactionType'

2020-12-24 00:48:39 - [MESSAGE][PASSED] - Object 'Object Repository/VLink/Page_CCSale/txt_MessageVersion' is present

2020-12-24 00:48:40 - [MESSAGE][PASSED] - Text '2.0C' is set on object 'Object Repository/VLink/Page_CCSale/txt_MessageVersion'

2020-12-24 00:48:40 - [MESSAGE][PASSED] - Object 'Object Repository/VLink/Page_CCSale/txt_RemID' is present

2020-12-24 00:48:41 - [MESSAGE][PASSED] - Text 'C8WJi1evCgXR' is set on object 'Object Repository/VLink/Page_CCSale/txt_RemID'

2020-12-24 00:48:41 - [MESSAGE][PASSED] - Object 'Object Repository/VLink/Page_CCSale/txt_ApplicationId' is present

2020-12-24 00:48:42 - [MESSAGE][PASSED] - Text '665' is set on object 'Object Repository/VLink/Page_CCSale/txt_ApplicationId'

2020-12-24 00:48:42 - [MESSAGE][PASSED] - Object 'Object Repository/VLink/Page_CCSale/txt_Username' is present

2020-12-24 00:48:43 - [MESSAGE][PASSED] - Text 'username' is set on object 'Object Repository/VLink/Page_CCSale/txt_Username'

2020-12-24 00:48:43 - [MESSAGE][PASSED] - Object 'Object Repository/VLink/Page_CCSale/txt_Password' is present

2020-12-24 00:48:44 - [MESSAGE][PASSED] - Text 'password' is set on object 'Object Repository/VLink/Page_CCSale/txt_Password'

2020-12-24 00:48:44 - [MESSAGE][PASSED] - Object 'Object Repository/VLink/Page_CCSale/txt_ResponseFormat' is present

2020-12-24 00:48:45 - [MESSAGE][PASSED] - Text 'fixed_width' is set on object 'Object Repository/VLink/Page_CCSale/txt_ResponseFormat'

2020-12-24 00:48:45 - [MESSAGE][PASSED] - Object 'Object Repository/VLink/Page_CCSale/txt_Category' is present

2020-12-24 00:48:45 - [MESSAGE][PASSED] - Text 'MOTO' is set on object 'Object Repository/VLink/Page_CCSale/txt_Category'

2020-12-24 00:48:46 - [MESSAGE][PASSED] - Object 'Object Repository/VLink/Page_CCSale/txt_TransactionID' is present

2020-12-24 00:48:46 - [MESSAGE][PASSED] - Text '' is set on object 'Object Repository/VLink/Page_CCSale/txt_TransactionID'

2020-12-24 00:48:47 - [MESSAGE][PASSED] - Object 'Object Repository/VLink/Page_CCSale/txt_ApprovalCode' is present

2020-12-24 00:48:47 - [MESSAGE][PASSED] - Text '' is set on object 'Object Repository/VLink/Page_CCSale/txt_ApprovalCode'

2020-12-24 00:48:47 - [MESSAGE][PASSED] - Object 'Object Repository/VLink/Page_CCSale/txt_CardName' is present

2020-12-24 00:48:48 - [MESSAGE][PASSED] - Text 'Kris Roshan' is set on object 'Object Repository/VLink/Page_CCSale/txt_CardName'

2020-12-24 00:48:48 - [MESSAGE][PASSED] - Object 'Object Repository/VLink/Page_CCSale/txt_AL1' is present

2020-12-24 00:48:49 - [MESSAGE][PASSED] - Text '258 Elm Road' is set on object 'Object Repository/VLink/Page_CCSale/txt_AL1'

2020-12-24 00:48:49 - [MESSAGE][PASSED] - Object 'Object Repository/VLink/Page_CCSale/txt_AL2' is present

2020-12-24 00:48:50 - [MESSAGE][PASSED] - Text 'Suite 56' is set on object 'Object Repository/VLink/Page_CCSale/txt_AL2'

2020-12-24 00:48:50 - [MESSAGE][PASSED] - Object 'Object Repository/VLink/Page_CCSale/txt_CardCity' is present

2020-12-24 00:48:51 - [MESSAGE][PASSED] - Text 'Arlington' is set on object 'Object Repository/VLink/Page_CCSale/txt_CardCity'

2020-12-24 00:48:51 - [MESSAGE][PASSED] - Object 'Object Repository/VLink/Page_CCSale/txt_CardState' is present

2020-12-24 00:48:52 - [MESSAGE][PASSED] - Text 'VA' is set on object 'Object Repository/VLink/Page_CCSale/txt_CardState'

2020-12-24 00:48:52 - [MESSAGE][PASSED] - Object 'Object Repository/VLink/Page_CCSale/txt_CardZIP' is present

2020-12-24 00:48:53 - [MESSAGE][PASSED] - Text '22201' is set on object 'Object Repository/VLink/Page_CCSale/txt_CardZIP'

2020-12-24 00:48:53 - [MESSAGE][PASSED] - Object 'Object Repository/VLink/Page_CCSale/txt_CountryID' is present

2020-12-24 00:48:54 - [MESSAGE][PASSED] - Text '840' is set on object 'Object Repository/VLink/Page_CCSale/txt_CountryID'

2020-12-24 00:48:54 - [MESSAGE][PASSED] - Object 'Object Repository/VLink/Page_CCSale/txt_Amount' is present

2020-12-24 00:48:55 - [MESSAGE][PASSED] - Text '1.50' is set on object 'Object Repository/VLink/Page_CCSale/txt_Amount'

2020-12-24 00:48:55 - [MESSAGE][PASSED] - Object 'Object Repository/VLink/Page_CCSale/txt_CardNumber' is present

2020-12-24 00:48:55 - [MESSAGE][PASSED] - Text '6011000000000004' is set on object 'Object Repository/VLink/Page_CCSale/txt_CardNumber'

2020-12-24 00:48:56 - [MESSAGE][PASSED] - Object 'Object Repository/VLink/Page_CCSale/txt_ExpMonth' is present

2020-12-24 00:48:56 - [MESSAGE][PASSED] - Text '12' is set on object 'Object Repository/VLink/Page_CCSale/txt_ExpMonth'

2020-12-24 00:48:57 - [MESSAGE][PASSED] - Object 'Object Repository/VLink/Page_CCSale/txt_ExpYear' is present

2020-12-24 00:48:57 - [MESSAGE][PASSED] - Text '2025' is set on object 'Object Repository/VLink/Page_CCSale/txt_ExpYear'

2020-12-24 00:48:58 - [MESSAGE][PASSED] - Object 'Object Repository/VLink/Page_CCSale/txt_CVV' is present

2020-12-24 00:48:58 - [MESSAGE][PASSED] - Text '' is set on object 'Object Repository/VLink/Page_CCSale/txt_CVV'

2020-12-24 00:48:59 - [MESSAGE][PASSED] - Object 'Object Repository/VLink/Page_CCSale/txt_CVVstate' is present

2020-12-24 00:48:59 - [MESSAGE][PASSED] - Text '' is set on object 'Object Repository/VLink/Page_CCSale/txt_CVVstate'

2020-12-24 00:49:00 - [MESSAGE][PASSED] - Object 'Object Repository/VLink/Page_CCSale/txt_TrackData' is present

2020-12-24 00:49:00 - [MESSAGE][PASSED] - Text '' is set on object 'Object Repository/VLink/Page_CCSale/txt_TrackData'

2020-12-24 00:49:01 - [MESSAGE][PASSED] - Object 'Object Repository/VLink/Page_CCSale/txt_Track1Data' is present

2020-12-24 00:49:01 - [MESSAGE][PASSED] - Text '' is set on object 'Object Repository/VLink/Page_CCSale/txt_Track1Data'

2020-12-24 00:49:02 - [MESSAGE][PASSED] - Object 'Object Repository/VLink/Page_CCSale/txt_Track2Data' is present

2020-12-24 00:49:02 - [MESSAGE][PASSED] - Text '' is set on object 'Object Repository/VLink/Page_CCSale/txt_Track2Data'

2020-12-24 00:49:03 - [MESSAGE][PASSED] - Object 'Object Repository/VLink/Page_CCSale/txt_POSEntryMode' is present

2020-12-24 00:49:03 - [MESSAGE][PASSED] - Text 'manual' is set on object 'Object Repository/VLink/Page_CCSale/txt_POSEntryMode'

2020-12-24 00:49:04 - [MESSAGE][PASSED] - Object 'Object Repository/VLink/Page_CCSale/txt_Email' is present

2020-12-24 00:49:04 - [MESSAGE][PASSED] - Text 'iahmed@govolution.com' is set on object 'Object Repository/VLink/Page_CCSale/txt_Email'

2020-12-24 00:49:05 - [MESSAGE][PASSED] - Object 'Object Repository/VLink/Page_CCSale/txt_OrderNumber' is present

2020-12-24 00:49:05 - [MESSAGE][PASSED] - Text '2569362' is set on object 'Object Repository/VLink/Page_CCSale/txt_OrderNumber'

2020-12-24 00:49:06 - [MESSAGE][PASSED] - Object 'Object Repository/VLink/Page_CCSale/txt_TaxAmount' is present

2020-12-24 00:49:06 - [MESSAGE][PASSED] - Text '1.15' is set on object 'Object Repository/VLink/Page_CCSale/txt_TaxAmount'

2020-12-24 00:49:06 - [MESSAGE][PASSED] - Object 'Object Repository/VLink/Page_CCSale/txt_ChargeDescription' is present

2020-12-24 00:49:07 - [MESSAGE][PASSED] - Text 'Charge Description' is set on object 'Object Repository/VLink/Page_CCSale/txt_ChargeDescription'

2020-12-24 00:49:07 - [MESSAGE][PASSED] - Object 'Object Repository/VLink/Page_CCSale/txt_CAN' is present

2020-12-24 00:49:08 - [MESSAGE][PASSED] - Text '147357' is set on object 'Object Repository/VLink/Page_CCSale/txt_CAN'

2020-12-24 00:49:08 - [MESSAGE][PASSED] - Object 'Object Repository/VLink/Page_CCSale/txt_BillPaymentIndicator' is present

2020-12-24 00:49:09 - [MESSAGE][PASSED] - Text '1' is set on object 'Object Repository/VLink/Page_CCSale/txt_BillPaymentIndicator'

2020-12-24 00:49:09 - [MESSAGE][PASSED] - Object 'Object Repository/VLink/Page_CCSale/txt_UDF1' is present

2020-12-24 00:49:10 - [MESSAGE][PASSED] - Text 'UDF Data 1' is set on object 'Object Repository/VLink/Page_CCSale/txt_UDF1'

2020-12-24 00:49:10 - [MESSAGE][PASSED] - Object 'Object Repository/VLink/Page_CCSale/txt_UDF2' is present

2020-12-24 00:49:11 - [MESSAGE][PASSED] - Text 'UDF Data 2' is set on object 'Object Repository/VLink/Page_CCSale/txt_UDF2'

2020-12-24 00:49:11 - [MESSAGE][PASSED] - Object 'Object Repository/VLink/Page_CCSale/txt_UDF3' is present

2020-12-24 00:49:12 - [MESSAGE][PASSED] - Text 'UDF Data 3' is set on object 'Object Repository/VLink/Page_CCSale/txt_UDF3'

2020-12-24 00:49:12 - [MESSAGE][PASSED] - Object 'Object Repository/VLink/Page_CCSale/txt_UDF4' is present

2020-12-24 00:49:13 - [MESSAGE][PASSED] - Text 'UDF Data 4' is set on object 'Object Repository/VLink/Page_CCSale/txt_UDF4'

2020-12-24 00:49:13 - [MESSAGE][PASSED] - Object 'Object Repository/VLink/Page_CCSale/txt_UDF5' is present

2020-12-24 00:49:14 - [MESSAGE][PASSED] - Text 'UDF Data 5' is set on object 'Object Repository/VLink/Page_CCSale/txt_UDF5'

2020-12-24 00:49:14 - [MESSAGE][PASSED] - Object 'Object Repository/VLink/Page_CCSale/txt_UDF6' is present

2020-12-24 00:49:15 - [MESSAGE][PASSED] - Text 'UDF Data 6' is set on object 'Object Repository/VLink/Page_CCSale/txt_UDF6'

2020-12-24 00:49:15 - [MESSAGE][PASSED] - Object 'Object Repository/VLink/Page_CCSale/txt_UDF7' is present

2020-12-24 00:49:16 - [MESSAGE][PASSED] - Text 'UDF Data 7' is set on object 'Object Repository/VLink/Page_CCSale/txt_UDF7'

2020-12-24 00:49:16 - [MESSAGE][PASSED] - Object 'Object Repository/VLink/Page_CCSale/txt_UDF8' is present

2020-12-24 00:49:17 - [MESSAGE][PASSED] - Text 'UDF Data 8' is set on object 'Object Repository/VLink/Page_CCSale/txt_UDF8'

2020-12-24 00:49:17 - [MESSAGE][PASSED] - Object 'Object Repository/VLink/Page_CCSale/txt_UDF9' is present

2020-12-24 00:49:18 - [MESSAGE][PASSED] - Text 'UDF Data 9' is set on object 'Object Repository/VLink/Page_CCSale/txt_UDF9'

2020-12-24 00:49:18 - [MESSAGE][PASSED] - Object 'Object Repository/VLink/Page_CCSale/txt_UDF10' is present

2020-12-24 00:49:19 - [MESSAGE][PASSED] - Text 'UDF Data 10' is set on object 'Object Repository/VLink/Page_CCSale/txt_UDF10'

2020-12-24 00:49:19 - [MESSAGE][PASSED] - Object 'Object Repository/VLink/Page_CCSale/txt_CardOnFileIndicator' is present

2020-12-24 00:49:20 - [MESSAGE][PASSED] - Text '1' is set on object 'Object Repository/VLink/Page_CCSale/txt_CardOnFileIndicator'

2020-12-24 00:49:20 - [MESSAGE][PASSED] - Object 'Object Repository/VLink/Page_CCSale/txt_StoredCredentialIndicator' is present

2020-12-24 00:49:21 - [MESSAGE][PASSED] - Text 'Subsequent' is set on object 'Object Repository/VLink/Page_CCSale/txt_StoredCredentialIndicator'

2020-12-24 00:49:21 - [MESSAGE][PASSED] - Object 'Object Repository/VLink/Page_CCSale/txt_COFScheduledIndicator' is present

2020-12-24 00:49:22 - [MESSAGE][PASSED] - Text 'Scheduled' is set on object 'Object Repository/VLink/Page_CCSale/txt_COFScheduledIndicator'

2020-12-24 00:49:22 - [MESSAGE][PASSED] - Object 'Object Repository/VLink/Page_CCSale/txt_COFTransactionInitiatedBy' is present

2020-12-24 00:49:23 - [MESSAGE][PASSED] - Text 'Merchant' is set on object 'Object Repository/VLink/Page_CCSale/txt_COFTransactionInitiatedBy'

2020-12-24 00:49:26 - [MESSAGE][PASSED] - Object: 'Object Repository/VLink/Page_CCSale/btn_ProcessVLinkTransaction' is clicked on

2020-12-24 00:49:31 - [MESSAGE][PASSED] - vlinkPages.saleCCPage.setDataSCC is PASSED

2020-12-24 00:49:31 - [TEST_STEP][PASSED] - if (verifyTextPresent("Transaction approved, no errors", true)): null

2020-12-24 00:49:31 - [MESSAGE][PASSED] - Text 'Transaction approved, no errors' is present on page  using regular expression

2020-12-24 00:49:31 - [TEST_STEP][PASSED] - println("Transaction Approved, no errors text is present on the Confirmation page"): null

2020-12-24 00:49:31 - [TEST_STEP][PASSED] - out.println("Pass Record Number: " + row): null

2020-12-24 00:49:31 - [TEST_STEP][PASSED] - resText = "Pass": null

2020-12-24 00:49:31 - [TEST_STEP][PASSED] - pages.WriteExcel.demoKey(resText, datText, resColumn, datCloumn, fileLoc, nameSheet, row): pages.WriteExcel.demoKey is PASSED

2020-12-24 00:49:31 - [MESSAGE][PASSED] - pages.WriteExcel.demoKey is PASSED

2020-12-24 00:49:31 - [TEST_STEP][PASSED] - sdfo = getText(findTestObject("Object Repository/Page_VLinkReceipt/pre_STX")): Text of object 'Object Repository/Page_VLinkReceipt/pre_STX' is: '<STX>C8WJi1evCgXR                  12088132            0  Transaction approved, no errors                   0                                                                                  X OK7170   <ETX>'

2020-12-24 00:49:31 - [MESSAGE][PASSED] - Text of object 'Object Repository/Page_VLinkReceipt/pre_STX' is: '<STX>C8WJi1evCgXR                  12088132            0  Transaction approved, no errors                   0                                                                                  X OK7170   <ETX>'

2020-12-24 00:49:31 - [TEST_STEP][PASSED] - out.println("sdfo: " + sdfo): null

2020-12-24 00:49:31 - [TEST_STEP][PASSED] - remID = substring(5, 35).trim(): null

2020-12-24 00:49:31 - [TEST_STEP][PASSED] - out.println("Remittance ID: " + remID): null

2020-12-24 00:49:31 - [TEST_STEP][PASSED] - traxID = substring(35, 55).trim(): null

2020-12-24 00:49:31 - [TEST_STEP][PASSED] - out.println("Transaction ID: " + traxID): null

2020-12-24 00:49:31 - [TEST_STEP][PASSED] - out.println("End Record Number: " + row): null

2020-12-24 00:49:31 - [TEST_STEP][PASSED] - closeBrowser(): Browser is closed

2020-12-24 00:49:32 - [MESSAGE][PASSED] - Browser is closed

2020-12-24 00:49:32 - [TEST_STEP][PASSED] - out.println("Begin Record Number: " + row): null

2020-12-24 00:49:32 - [TEST_STEP][PASSED] - today = new java.util.Date(): null

2020-12-24 00:49:32 - [TEST_STEP][PASSED] - println(today): null

2020-12-24 00:49:32 - [TEST_STEP][PASSED] - datText = today: null

2020-12-24 00:49:32 - [TEST_STEP][PASSED] - openBrowser(VLinkURL + "authcap.html"): Browser is opened with url: 'https://dev-algorithm.govolution.com/vlinktest/QA/version_2_0/authcap.html'

2020-12-24 00:49:32 - [MESSAGE][INFO] - Starting 'Chrome' driver

2020-12-24 00:49:32 - [MESSAGE][INFO] - User set preference: ['acceptInsecureCerts', 'true']

2020-12-24 00:49:32 - [MESSAGE][INFO] - Action delay is set to 0 milliseconds

2020-12-24 00:49:36 - [MESSAGE][PASSED] - Browser is opened with url: 'https://dev-algorithm.govolution.com/vlinktest/QA/version_2_0/authcap.html'

2020-12-24 00:49:36 - [TEST_STEP][PASSED] - maximizeWindow(): Current window maximized

2020-12-24 00:49:36 - [MESSAGE][PASSED] - Current window maximized

2020-12-24 00:49:36 - [TEST_STEP][PASSED] - vlinkPages.saleCCPage.setDataSCC(row, dataFile): vlinkPages.saleCCPage.setDataSCC is PASSED

2020-12-24 00:49:38 - [MESSAGE][PASSED] - Object 'Object Repository/VLink/Page_CCSale/txt_CardNumber' is present

2020-12-24 00:49:39 - [MESSAGE][PASSED] - Object 'Object Repository/VLink/Page_CCSale/txt_TransactionType' is present

2020-12-24 00:49:39 - [MESSAGE][PASSED] - Text '104' is set on object 'Object Repository/VLink/Page_CCSale/txt_TransactionType'

2020-12-24 00:49:40 - [MESSAGE][PASSED] - Object 'Object Repository/VLink/Page_CCSale/txt_MessageVersion' is present

2020-12-24 00:49:40 - [MESSAGE][PASSED] - Text '2.0C' is set on object 'Object Repository/VLink/Page_CCSale/txt_MessageVersion'

2020-12-24 00:49:41 - [MESSAGE][PASSED] - Object 'Object Repository/VLink/Page_CCSale/txt_RemID' is present

2020-12-24 00:49:41 - [MESSAGE][PASSED] - Text 'DgBO87x11gnw' is set on object 'Object Repository/VLink/Page_CCSale/txt_RemID'

2020-12-24 00:49:42 - [MESSAGE][PASSED] - Object 'Object Repository/VLink/Page_CCSale/txt_ApplicationId' is present

2020-12-24 00:49:42 - [MESSAGE][PASSED] - Text '665' is set on object 'Object Repository/VLink/Page_CCSale/txt_ApplicationId'

2020-12-24 00:49:43 - [MESSAGE][PASSED] - Object 'Object Repository/VLink/Page_CCSale/txt_Username' is present

2020-12-24 00:49:43 - [MESSAGE][PASSED] - Text 'username' is set on object 'Object Repository/VLink/Page_CCSale/txt_Username'

2020-12-24 00:49:44 - [MESSAGE][PASSED] - Object 'Object Repository/VLink/Page_CCSale/txt_Password' is present

2020-12-24 00:49:44 - [MESSAGE][PASSED] - Text 'password' is set on object 'Object Repository/VLink/Page_CCSale/txt_Password'

2020-12-24 00:49:44 - [MESSAGE][PASSED] - Object 'Object Repository/VLink/Page_CCSale/txt_ResponseFormat' is present

2020-12-24 00:49:45 - [MESSAGE][PASSED] - Text 'fixed_width' is set on object 'Object Repository/VLink/Page_CCSale/txt_ResponseFormat'

2020-12-24 00:49:45 - [MESSAGE][PASSED] - Object 'Object Repository/VLink/Page_CCSale/txt_Category' is present

2020-12-24 00:49:46 - [MESSAGE][PASSED] - Text 'RETL' is set on object 'Object Repository/VLink/Page_CCSale/txt_Category'

2020-12-24 00:49:46 - [MESSAGE][PASSED] - Object 'Object Repository/VLink/Page_CCSale/txt_TransactionID' is present

2020-12-24 00:49:47 - [MESSAGE][PASSED] - Text '' is set on object 'Object Repository/VLink/Page_CCSale/txt_TransactionID'

2020-12-24 00:49:47 - [MESSAGE][PASSED] - Object 'Object Repository/VLink/Page_CCSale/txt_ApprovalCode' is present

2020-12-24 00:49:48 - [MESSAGE][PASSED] - Text '' is set on object 'Object Repository/VLink/Page_CCSale/txt_ApprovalCode'

2020-12-24 00:49:48 - [MESSAGE][PASSED] - Object 'Object Repository/VLink/Page_CCSale/txt_CardName' is present

2020-12-24 00:49:48 - [MESSAGE][PASSED] - Text 'Roshan Maha' is set on object 'Object Repository/VLink/Page_CCSale/txt_CardName'

2020-12-24 00:49:49 - [MESSAGE][PASSED] - Object 'Object Repository/VLink/Page_CCSale/txt_AL1' is present

2020-12-24 00:49:49 - [MESSAGE][PASSED] - Text '12563 Bazaar road' is set on object 'Object Repository/VLink/Page_CCSale/txt_AL1'

2020-12-24 00:49:50 - [MESSAGE][PASSED] - Object 'Object Repository/VLink/Page_CCSale/txt_AL2' is present

2020-12-24 00:49:50 - [MESSAGE][PASSED] - Text '' is set on object 'Object Repository/VLink/Page_CCSale/txt_AL2'

2020-12-24 00:49:51 - [MESSAGE][PASSED] - Object 'Object Repository/VLink/Page_CCSale/txt_CardCity' is present

2020-12-24 00:49:51 - [MESSAGE][PASSED] - Text 'Crofton' is set on object 'Object Repository/VLink/Page_CCSale/txt_CardCity'

2020-12-24 00:49:51 - [MESSAGE][PASSED] - Object 'Object Repository/VLink/Page_CCSale/txt_CardState' is present

2020-12-24 00:49:52 - [MESSAGE][PASSED] - Text 'MD' is set on object 'Object Repository/VLink/Page_CCSale/txt_CardState'

2020-12-24 00:49:52 - [MESSAGE][PASSED] - Object 'Object Repository/VLink/Page_CCSale/txt_CardZIP' is present

2020-12-24 00:49:53 - [MESSAGE][PASSED] - Text '21114' is set on object 'Object Repository/VLink/Page_CCSale/txt_CardZIP'

2020-12-24 00:49:53 - [MESSAGE][PASSED] - Object 'Object Repository/VLink/Page_CCSale/txt_CountryID' is present

2020-12-24 00:49:54 - [MESSAGE][PASSED] - Text '' is set on object 'Object Repository/VLink/Page_CCSale/txt_CountryID'

2020-12-24 00:49:54 - [MESSAGE][PASSED] - Object 'Object Repository/VLink/Page_CCSale/txt_Amount' is present

2020-12-24 00:49:55 - [MESSAGE][PASSED] - Text '3.50' is set on object 'Object Repository/VLink/Page_CCSale/txt_Amount'

2020-12-24 00:49:55 - [MESSAGE][PASSED] - Object 'Object Repository/VLink/Page_CCSale/txt_CardNumber' is present

2020-12-24 00:49:56 - [MESSAGE][PASSED] - Text '4111111111111111' is set on object 'Object Repository/VLink/Page_CCSale/txt_CardNumber'

2020-12-24 00:49:56 - [MESSAGE][PASSED] - Object 'Object Repository/VLink/Page_CCSale/txt_ExpMonth' is present

2020-12-24 00:49:57 - [MESSAGE][PASSED] - Text '01' is set on object 'Object Repository/VLink/Page_CCSale/txt_ExpMonth'

2020-12-24 00:49:57 - [MESSAGE][PASSED] - Object 'Object Repository/VLink/Page_CCSale/txt_ExpYear' is present

2020-12-24 00:49:58 - [MESSAGE][PASSED] - Text '2026' is set on object 'Object Repository/VLink/Page_CCSale/txt_ExpYear'

2020-12-24 00:49:58 - [MESSAGE][PASSED] - Object 'Object Repository/VLink/Page_CCSale/txt_CVV' is present

2020-12-24 00:49:59 - [MESSAGE][PASSED] - Text '' is set on object 'Object Repository/VLink/Page_CCSale/txt_CVV'

2020-12-24 00:49:59 - [MESSAGE][PASSED] - Object 'Object Repository/VLink/Page_CCSale/txt_CVVstate' is present

2020-12-24 00:50:00 - [MESSAGE][PASSED] - Text '' is set on object 'Object Repository/VLink/Page_CCSale/txt_CVVstate'

2020-12-24 00:50:00 - [MESSAGE][PASSED] - Object 'Object Repository/VLink/Page_CCSale/txt_TrackData' is present

2020-12-24 00:50:01 - [MESSAGE][PASSED] - Text '' is set on object 'Object Repository/VLink/Page_CCSale/txt_TrackData'

2020-12-24 00:50:01 - [MESSAGE][PASSED] - Object 'Object Repository/VLink/Page_CCSale/txt_Track1Data' is present

2020-12-24 00:50:02 - [MESSAGE][PASSED] - Text '' is set on object 'Object Repository/VLink/Page_CCSale/txt_Track1Data'

2020-12-24 00:50:02 - [MESSAGE][PASSED] - Object 'Object Repository/VLink/Page_CCSale/txt_Track2Data' is present

2020-12-24 00:50:03 - [MESSAGE][PASSED] - Text '' is set on object 'Object Repository/VLink/Page_CCSale/txt_Track2Data'

2020-12-24 00:50:03 - [MESSAGE][PASSED] - Object 'Object Repository/VLink/Page_CCSale/txt_POSEntryMode' is present

2020-12-24 00:50:04 - [MESSAGE][PASSED] - Text 'manual' is set on object 'Object Repository/VLink/Page_CCSale/txt_POSEntryMode'

2020-12-24 00:50:04 - [MESSAGE][PASSED] - Object 'Object Repository/VLink/Page_CCSale/txt_Email' is present

2020-12-24 00:50:05 - [MESSAGE][PASSED] - Text '' is set on object 'Object Repository/VLink/Page_CCSale/txt_Email'

2020-12-24 00:50:05 - [MESSAGE][PASSED] - Object 'Object Repository/VLink/Page_CCSale/txt_OrderNumber' is present

2020-12-24 00:50:06 - [MESSAGE][PASSED] - Text '' is set on object 'Object Repository/VLink/Page_CCSale/txt_OrderNumber'

2020-12-24 00:50:06 - [MESSAGE][PASSED] - Object 'Object Repository/VLink/Page_CCSale/txt_TaxAmount' is present

2020-12-24 00:50:07 - [MESSAGE][PASSED] - Text '' is set on object 'Object Repository/VLink/Page_CCSale/txt_TaxAmount'

2020-12-24 00:50:07 - [MESSAGE][PASSED] - Object 'Object Repository/VLink/Page_CCSale/txt_ChargeDescription' is present

2020-12-24 00:50:08 - [MESSAGE][PASSED] - Text '' is set on object 'Object Repository/VLink/Page_CCSale/txt_ChargeDescription'

2020-12-24 00:50:08 - [MESSAGE][PASSED] - Object 'Object Repository/VLink/Page_CCSale/txt_CAN' is present

2020-12-24 00:50:09 - [MESSAGE][PASSED] - Text '' is set on object 'Object Repository/VLink/Page_CCSale/txt_CAN'

2020-12-24 00:50:09 - [MESSAGE][PASSED] - Object 'Object Repository/VLink/Page_CCSale/txt_BillPaymentIndicator' is present

2020-12-24 00:50:10 - [MESSAGE][PASSED] - Text '' is set on object 'Object Repository/VLink/Page_CCSale/txt_BillPaymentIndicator'

2020-12-24 00:50:10 - [MESSAGE][PASSED] - Object 'Object Repository/VLink/Page_CCSale/txt_UDF1' is present

2020-12-24 00:50:11 - [MESSAGE][PASSED] - Text '' is set on object 'Object Repository/VLink/Page_CCSale/txt_UDF1'

2020-12-24 00:50:11 - [MESSAGE][PASSED] - Object 'Object Repository/VLink/Page_CCSale/txt_UDF2' is present

2020-12-24 00:50:12 - [MESSAGE][PASSED] - Text '' is set on object 'Object Repository/VLink/Page_CCSale/txt_UDF2'

2020-12-24 00:50:12 - [MESSAGE][PASSED] - Object 'Object Repository/VLink/Page_CCSale/txt_UDF3' is present

2020-12-24 00:50:13 - [MESSAGE][PASSED] - Text '' is set on object 'Object Repository/VLink/Page_CCSale/txt_UDF3'

2020-12-24 00:50:13 - [MESSAGE][PASSED] - Object 'Object Repository/VLink/Page_CCSale/txt_UDF4' is present

2020-12-24 00:50:14 - [MESSAGE][PASSED] - Text '' is set on object 'Object Repository/VLink/Page_CCSale/txt_UDF4'

2020-12-24 00:50:14 - [MESSAGE][PASSED] - Object 'Object Repository/VLink/Page_CCSale/txt_UDF5' is present

2020-12-24 00:50:15 - [MESSAGE][PASSED] - Text '' is set on object 'Object Repository/VLink/Page_CCSale/txt_UDF5'

2020-12-24 00:50:15 - [MESSAGE][PASSED] - Object 'Object Repository/VLink/Page_CCSale/txt_UDF6' is present

2020-12-24 00:50:16 - [MESSAGE][PASSED] - Text '' is set on object 'Object Repository/VLink/Page_CCSale/txt_UDF6'

2020-12-24 00:50:16 - [MESSAGE][PASSED] - Object 'Object Repository/VLink/Page_CCSale/txt_UDF7' is present

2020-12-24 00:50:17 - [MESSAGE][PASSED] - Text '' is set on object 'Object Repository/VLink/Page_CCSale/txt_UDF7'

2020-12-24 00:50:17 - [MESSAGE][PASSED] - Object 'Object Repository/VLink/Page_CCSale/txt_UDF8' is present

2020-12-24 00:50:18 - [MESSAGE][PASSED] - Text '' is set on object 'Object Repository/VLink/Page_CCSale/txt_UDF8'

2020-12-24 00:50:18 - [MESSAGE][PASSED] - Object 'Object Repository/VLink/Page_CCSale/txt_UDF9' is present

2020-12-24 00:50:19 - [MESSAGE][PASSED] - Text '' is set on object 'Object Repository/VLink/Page_CCSale/txt_UDF9'

2020-12-24 00:50:19 - [MESSAGE][PASSED] - Object 'Object Repository/VLink/Page_CCSale/txt_UDF10' is present

2020-12-24 00:50:20 - [MESSAGE][PASSED] - Text '' is set on object 'Object Repository/VLink/Page_CCSale/txt_UDF10'

2020-12-24 00:50:20 - [MESSAGE][PASSED] - Object 'Object Repository/VLink/Page_CCSale/txt_CardOnFileIndicator' is present

2020-12-24 00:50:21 - [MESSAGE][PASSED] - Text '1' is set on object 'Object Repository/VLink/Page_CCSale/txt_CardOnFileIndicator'

2020-12-24 00:50:21 - [MESSAGE][PASSED] - Object 'Object Repository/VLink/Page_CCSale/txt_StoredCredentialIndicator' is present

2020-12-24 00:50:22 - [MESSAGE][PASSED] - Text 'Subsequent' is set on object 'Object Repository/VLink/Page_CCSale/txt_StoredCredentialIndicator'

2020-12-24 00:50:22 - [MESSAGE][PASSED] - Object 'Object Repository/VLink/Page_CCSale/txt_COFScheduledIndicator' is present

2020-12-24 00:50:23 - [MESSAGE][PASSED] - Text 'Scheduled' is set on object 'Object Repository/VLink/Page_CCSale/txt_COFScheduledIndicator'

2020-12-24 00:50:23 - [MESSAGE][PASSED] - Object 'Object Repository/VLink/Page_CCSale/txt_COFTransactionInitiatedBy' is present

2020-12-24 00:50:24 - [MESSAGE][PASSED] - Text 'Merchant' is set on object 'Object Repository/VLink/Page_CCSale/txt_COFTransactionInitiatedBy'

2020-12-24 00:50:26 - [MESSAGE][PASSED] - Object: 'Object Repository/VLink/Page_CCSale/btn_ProcessVLinkTransaction' is clicked on

2020-12-24 00:50:31 - [MESSAGE][PASSED] - vlinkPages.saleCCPage.setDataSCC is PASSED

2020-12-24 00:50:31 - [TEST_STEP][PASSED] - if (verifyTextPresent("Transaction approved, no errors", true)): null

2020-12-24 00:50:32 - [MESSAGE][PASSED] - Text 'Transaction approved, no errors' is present on page  using regular expression

2020-12-24 00:50:32 - [TEST_STEP][PASSED] - println("Transaction Approved, no errors text is present on the Confirmation page"): null

2020-12-24 00:50:32 - [TEST_STEP][PASSED] - out.println("Pass Record Number: " + row): null

2020-12-24 00:50:32 - [TEST_STEP][PASSED] - resText = "Pass": null

2020-12-24 00:50:32 - [TEST_STEP][PASSED] - pages.WriteExcel.demoKey(resText, datText, resColumn, datCloumn, fileLoc, nameSheet, row): pages.WriteExcel.demoKey is PASSED

2020-12-24 00:50:32 - [MESSAGE][PASSED] - pages.WriteExcel.demoKey is PASSED

2020-12-24 00:50:32 - [TEST_STEP][PASSED] - sdfo = getText(findTestObject("Object Repository/Page_VLinkReceipt/pre_STX")): Text of object 'Object Repository/Page_VLinkReceipt/pre_STX' is: '<STX>DgBO87x11gnw                  12088133            0  Transaction approved, no errors                   0                                                                                  X OK7270   <ETX>'

2020-12-24 00:50:32 - [MESSAGE][PASSED] - Text of object 'Object Repository/Page_VLinkReceipt/pre_STX' is: '<STX>DgBO87x11gnw                  12088133            0  Transaction approved, no errors                   0                                                                                  X OK7270   <ETX>'

2020-12-24 00:50:32 - [TEST_STEP][PASSED] - out.println("sdfo: " + sdfo): null

2020-12-24 00:50:32 - [TEST_STEP][PASSED] - remID = substring(5, 35).trim(): null

2020-12-24 00:50:32 - [TEST_STEP][PASSED] - out.println("Remittance ID: " + remID): null

2020-12-24 00:50:32 - [TEST_STEP][PASSED] - traxID = substring(35, 55).trim(): null

2020-12-24 00:50:32 - [TEST_STEP][PASSED] - out.println("Transaction ID: " + traxID): null

2020-12-24 00:50:32 - [TEST_STEP][PASSED] - out.println("End Record Number: " + row): null

2020-12-24 00:50:32 - [TEST_STEP][PASSED] - closeBrowser(): Browser is closed

2020-12-24 00:50:33 - [MESSAGE][PASSED] - Browser is closed

2020-12-24 00:50:33 - [TEST_STEP][PASSED] - out.println("Begin Record Number: " + row): null

2020-12-24 00:50:33 - [TEST_STEP][PASSED] - today = new java.util.Date(): null

2020-12-24 00:50:33 - [TEST_STEP][PASSED] - println(today): null

2020-12-24 00:50:33 - [TEST_STEP][PASSED] - datText = today: null

2020-12-24 00:50:33 - [TEST_STEP][PASSED] - openBrowser(VLinkURL + "authcap.html"): Browser is opened with url: 'https://dev-algorithm.govolution.com/vlinktest/QA/version_2_0/authcap.html'

2020-12-24 00:50:33 - [MESSAGE][INFO] - Starting 'Chrome' driver

2020-12-24 00:50:33 - [MESSAGE][INFO] - User set preference: ['acceptInsecureCerts', 'true']

2020-12-24 00:50:33 - [MESSAGE][INFO] - Action delay is set to 0 milliseconds

2020-12-24 00:50:37 - [MESSAGE][PASSED] - Browser is opened with url: 'https://dev-algorithm.govolution.com/vlinktest/QA/version_2_0/authcap.html'

2020-12-24 00:50:37 - [TEST_STEP][PASSED] - maximizeWindow(): Current window maximized

2020-12-24 00:50:37 - [MESSAGE][PASSED] - Current window maximized

2020-12-24 00:50:37 - [TEST_STEP][PASSED] - vlinkPages.saleCCPage.setDataSCC(row, dataFile): vlinkPages.saleCCPage.setDataSCC is PASSED

2020-12-24 00:50:39 - [MESSAGE][PASSED] - Object 'Object Repository/VLink/Page_CCSale/txt_CardNumber' is present

2020-12-24 00:50:39 - [MESSAGE][PASSED] - Object 'Object Repository/VLink/Page_CCSale/txt_TransactionType' is present

2020-12-24 00:50:40 - [MESSAGE][PASSED] - Text '104' is set on object 'Object Repository/VLink/Page_CCSale/txt_TransactionType'

2020-12-24 00:50:40 - [MESSAGE][PASSED] - Object 'Object Repository/VLink/Page_CCSale/txt_MessageVersion' is present

2020-12-24 00:50:41 - [MESSAGE][PASSED] - Text '2.0C' is set on object 'Object Repository/VLink/Page_CCSale/txt_MessageVersion'

2020-12-24 00:50:41 - [MESSAGE][PASSED] - Object 'Object Repository/VLink/Page_CCSale/txt_RemID' is present

2020-12-24 00:50:42 - [MESSAGE][PASSED] - Text 'z3rRM0GI238B' is set on object 'Object Repository/VLink/Page_CCSale/txt_RemID'

2020-12-24 00:50:42 - [MESSAGE][PASSED] - Object 'Object Repository/VLink/Page_CCSale/txt_ApplicationId' is present

2020-12-24 00:50:43 - [MESSAGE][PASSED] - Text '665' is set on object 'Object Repository/VLink/Page_CCSale/txt_ApplicationId'

2020-12-24 00:50:43 - [MESSAGE][PASSED] - Object 'Object Repository/VLink/Page_CCSale/txt_Username' is present

2020-12-24 00:50:44 - [MESSAGE][PASSED] - Text 'username' is set on object 'Object Repository/VLink/Page_CCSale/txt_Username'

2020-12-24 00:50:44 - [MESSAGE][PASSED] - Object 'Object Repository/VLink/Page_CCSale/txt_Password' is present

2020-12-24 00:50:45 - [MESSAGE][PASSED] - Text 'password' is set on object 'Object Repository/VLink/Page_CCSale/txt_Password'

2020-12-24 00:50:45 - [MESSAGE][PASSED] - Object 'Object Repository/VLink/Page_CCSale/txt_ResponseFormat' is present

2020-12-24 00:50:46 - [MESSAGE][PASSED] - Text 'fixed_width' is set on object 'Object Repository/VLink/Page_CCSale/txt_ResponseFormat'

2020-12-24 00:50:46 - [MESSAGE][PASSED] - Object 'Object Repository/VLink/Page_CCSale/txt_Category' is present

2020-12-24 00:50:46 - [MESSAGE][PASSED] - Text 'RETL' is set on object 'Object Repository/VLink/Page_CCSale/txt_Category'

2020-12-24 00:50:47 - [MESSAGE][PASSED] - Object 'Object Repository/VLink/Page_CCSale/txt_TransactionID' is present

2020-12-24 00:50:47 - [MESSAGE][PASSED] - Text '' is set on object 'Object Repository/VLink/Page_CCSale/txt_TransactionID'

2020-12-24 00:50:48 - [MESSAGE][PASSED] - Object 'Object Repository/VLink/Page_CCSale/txt_ApprovalCode' is present

2020-12-24 00:50:48 - [MESSAGE][PASSED] - Text '' is set on object 'Object Repository/VLink/Page_CCSale/txt_ApprovalCode'

2020-12-24 00:50:48 - [MESSAGE][PASSED] - Object 'Object Repository/VLink/Page_CCSale/txt_CardName' is present

2020-12-24 00:50:49 - [MESSAGE][PASSED] - Text 'Kris Roshan' is set on object 'Object Repository/VLink/Page_CCSale/txt_CardName'

2020-12-24 00:50:49 - [MESSAGE][PASSED] - Object 'Object Repository/VLink/Page_CCSale/txt_AL1' is present

2020-12-24 00:50:50 - [MESSAGE][PASSED] - Text '258 Elm Road' is set on object 'Object Repository/VLink/Page_CCSale/txt_AL1'

2020-12-24 00:50:50 - [MESSAGE][PASSED] - Object 'Object Repository/VLink/Page_CCSale/txt_AL2' is present

2020-12-24 00:50:51 - [MESSAGE][PASSED] - Text 'Suite 56' is set on object 'Object Repository/VLink/Page_CCSale/txt_AL2'

2020-12-24 00:50:51 - [MESSAGE][PASSED] - Object 'Object Repository/VLink/Page_CCSale/txt_CardCity' is present

2020-12-24 00:50:52 - [MESSAGE][PASSED] - Text 'Arlington' is set on object 'Object Repository/VLink/Page_CCSale/txt_CardCity'

2020-12-24 00:50:52 - [MESSAGE][PASSED] - Object 'Object Repository/VLink/Page_CCSale/txt_CardState' is present

2020-12-24 00:50:53 - [MESSAGE][PASSED] - Text 'VA' is set on object 'Object Repository/VLink/Page_CCSale/txt_CardState'

2020-12-24 00:50:53 - [MESSAGE][PASSED] - Object 'Object Repository/VLink/Page_CCSale/txt_CardZIP' is present

2020-12-24 00:50:54 - [MESSAGE][PASSED] - Text '22201' is set on object 'Object Repository/VLink/Page_CCSale/txt_CardZIP'

2020-12-24 00:50:54 - [MESSAGE][PASSED] - Object 'Object Repository/VLink/Page_CCSale/txt_CountryID' is present

2020-12-24 00:50:55 - [MESSAGE][PASSED] - Text '840' is set on object 'Object Repository/VLink/Page_CCSale/txt_CountryID'

2020-12-24 00:50:55 - [MESSAGE][PASSED] - Object 'Object Repository/VLink/Page_CCSale/txt_Amount' is present

2020-12-24 00:50:56 - [MESSAGE][PASSED] - Text '1.50' is set on object 'Object Repository/VLink/Page_CCSale/txt_Amount'

2020-12-24 00:50:56 - [MESSAGE][PASSED] - Object 'Object Repository/VLink/Page_CCSale/txt_CardNumber' is present

2020-12-24 00:50:57 - [MESSAGE][PASSED] - Text '5424000000000015' is set on object 'Object Repository/VLink/Page_CCSale/txt_CardNumber'

2020-12-24 00:50:57 - [MESSAGE][PASSED] - Object 'Object Repository/VLink/Page_CCSale/txt_ExpMonth' is present

2020-12-24 00:50:58 - [MESSAGE][PASSED] - Text '12' is set on object 'Object Repository/VLink/Page_CCSale/txt_ExpMonth'

2020-12-24 00:50:58 - [MESSAGE][PASSED] - Object 'Object Repository/VLink/Page_CCSale/txt_ExpYear' is present

2020-12-24 00:50:59 - [MESSAGE][PASSED] - Text '2025' is set on object 'Object Repository/VLink/Page_CCSale/txt_ExpYear'

2020-12-24 00:50:59 - [MESSAGE][PASSED] - Object 'Object Repository/VLink/Page_CCSale/txt_CVV' is present

2020-12-24 00:51:00 - [MESSAGE][PASSED] - Text '' is set on object 'Object Repository/VLink/Page_CCSale/txt_CVV'

2020-12-24 00:51:00 - [MESSAGE][PASSED] - Object 'Object Repository/VLink/Page_CCSale/txt_CVVstate' is present

2020-12-24 00:51:01 - [MESSAGE][PASSED] - Text '' is set on object 'Object Repository/VLink/Page_CCSale/txt_CVVstate'

2020-12-24 00:51:01 - [MESSAGE][PASSED] - Object 'Object Repository/VLink/Page_CCSale/txt_TrackData' is present

2020-12-24 00:51:02 - [MESSAGE][PASSED] - Text '' is set on object 'Object Repository/VLink/Page_CCSale/txt_TrackData'

2020-12-24 00:51:02 - [MESSAGE][PASSED] - Object 'Object Repository/VLink/Page_CCSale/txt_Track1Data' is present

2020-12-24 00:51:03 - [MESSAGE][PASSED] - Text '' is set on object 'Object Repository/VLink/Page_CCSale/txt_Track1Data'

2020-12-24 00:51:03 - [MESSAGE][PASSED] - Object 'Object Repository/VLink/Page_CCSale/txt_Track2Data' is present

2020-12-24 00:51:04 - [MESSAGE][PASSED] - Text '' is set on object 'Object Repository/VLink/Page_CCSale/txt_Track2Data'

2020-12-24 00:51:04 - [MESSAGE][PASSED] - Object 'Object Repository/VLink/Page_CCSale/txt_POSEntryMode' is present

2020-12-24 00:51:05 - [MESSAGE][PASSED] - Text 'manual' is set on object 'Object Repository/VLink/Page_CCSale/txt_POSEntryMode'

2020-12-24 00:51:05 - [MESSAGE][PASSED] - Object 'Object Repository/VLink/Page_CCSale/txt_Email' is present

2020-12-24 00:51:06 - [MESSAGE][PASSED] - Text 'iahmed@govolution.com' is set on object 'Object Repository/VLink/Page_CCSale/txt_Email'

2020-12-24 00:51:06 - [MESSAGE][PASSED] - Object 'Object Repository/VLink/Page_CCSale/txt_OrderNumber' is present

2020-12-24 00:51:07 - [MESSAGE][PASSED] - Text '2569362' is set on object 'Object Repository/VLink/Page_CCSale/txt_OrderNumber'

2020-12-24 00:51:07 - [MESSAGE][PASSED] - Object 'Object Repository/VLink/Page_CCSale/txt_TaxAmount' is present

2020-12-24 00:51:08 - [MESSAGE][PASSED] - Text '1.15' is set on object 'Object Repository/VLink/Page_CCSale/txt_TaxAmount'

2020-12-24 00:51:08 - [MESSAGE][PASSED] - Object 'Object Repository/VLink/Page_CCSale/txt_ChargeDescription' is present

2020-12-24 00:51:09 - [MESSAGE][PASSED] - Text 'Charge Description' is set on object 'Object Repository/VLink/Page_CCSale/txt_ChargeDescription'

2020-12-24 00:51:09 - [MESSAGE][PASSED] - Object 'Object Repository/VLink/Page_CCSale/txt_CAN' is present

2020-12-24 00:51:10 - [MESSAGE][PASSED] - Text '147357' is set on object 'Object Repository/VLink/Page_CCSale/txt_CAN'

2020-12-24 00:51:10 - [MESSAGE][PASSED] - Object 'Object Repository/VLink/Page_CCSale/txt_BillPaymentIndicator' is present

2020-12-24 00:51:11 - [MESSAGE][PASSED] - Text '1' is set on object 'Object Repository/VLink/Page_CCSale/txt_BillPaymentIndicator'

2020-12-24 00:51:11 - [MESSAGE][PASSED] - Object 'Object Repository/VLink/Page_CCSale/txt_UDF1' is present

2020-12-24 00:51:12 - [MESSAGE][PASSED] - Text 'UDF Data 1' is set on object 'Object Repository/VLink/Page_CCSale/txt_UDF1'

2020-12-24 00:51:12 - [MESSAGE][PASSED] - Object 'Object Repository/VLink/Page_CCSale/txt_UDF2' is present

2020-12-24 00:51:13 - [MESSAGE][PASSED] - Text 'UDF Data 2' is set on object 'Object Repository/VLink/Page_CCSale/txt_UDF2'

2020-12-24 00:51:13 - [MESSAGE][PASSED] - Object 'Object Repository/VLink/Page_CCSale/txt_UDF3' is present

2020-12-24 00:51:14 - [MESSAGE][PASSED] - Text 'UDF Data 3' is set on object 'Object Repository/VLink/Page_CCSale/txt_UDF3'

2020-12-24 00:51:14 - [MESSAGE][PASSED] - Object 'Object Repository/VLink/Page_CCSale/txt_UDF4' is present

2020-12-24 00:51:14 - [MESSAGE][PASSED] - Text 'UDF Data 4' is set on object 'Object Repository/VLink/Page_CCSale/txt_UDF4'

2020-12-24 00:51:15 - [MESSAGE][PASSED] - Object 'Object Repository/VLink/Page_CCSale/txt_UDF5' is present

2020-12-24 00:51:15 - [MESSAGE][PASSED] - Text 'UDF Data 5' is set on object 'Object Repository/VLink/Page_CCSale/txt_UDF5'

2020-12-24 00:51:16 - [MESSAGE][PASSED] - Object 'Object Repository/VLink/Page_CCSale/txt_UDF6' is present

2020-12-24 00:51:16 - [MESSAGE][PASSED] - Text 'UDF Data 6' is set on object 'Object Repository/VLink/Page_CCSale/txt_UDF6'

2020-12-24 00:51:17 - [MESSAGE][PASSED] - Object 'Object Repository/VLink/Page_CCSale/txt_UDF7' is present

2020-12-24 00:51:17 - [MESSAGE][PASSED] - Text 'UDF Data 7' is set on object 'Object Repository/VLink/Page_CCSale/txt_UDF7'

2020-12-24 00:51:18 - [MESSAGE][PASSED] - Object 'Object Repository/VLink/Page_CCSale/txt_UDF8' is present

2020-12-24 00:51:18 - [MESSAGE][PASSED] - Text 'UDF Data 8' is set on object 'Object Repository/VLink/Page_CCSale/txt_UDF8'

2020-12-24 00:51:19 - [MESSAGE][PASSED] - Object 'Object Repository/VLink/Page_CCSale/txt_UDF9' is present

2020-12-24 00:51:19 - [MESSAGE][PASSED] - Text 'UDF Data 9' is set on object 'Object Repository/VLink/Page_CCSale/txt_UDF9'

2020-12-24 00:51:20 - [MESSAGE][PASSED] - Object 'Object Repository/VLink/Page_CCSale/txt_UDF10' is present

2020-12-24 00:51:20 - [MESSAGE][PASSED] - Text 'UDF Data 10' is set on object 'Object Repository/VLink/Page_CCSale/txt_UDF10'

2020-12-24 00:51:21 - [MESSAGE][PASSED] - Object 'Object Repository/VLink/Page_CCSale/txt_CardOnFileIndicator' is present

2020-12-24 00:51:21 - [MESSAGE][PASSED] - Text '1' is set on object 'Object Repository/VLink/Page_CCSale/txt_CardOnFileIndicator'

2020-12-24 00:51:22 - [MESSAGE][PASSED] - Object 'Object Repository/VLink/Page_CCSale/txt_StoredCredentialIndicator' is present

2020-12-24 00:51:22 - [MESSAGE][PASSED] - Text 'Subsequent' is set on object 'Object Repository/VLink/Page_CCSale/txt_StoredCredentialIndicator'

2020-12-24 00:51:23 - [MESSAGE][PASSED] - Object 'Object Repository/VLink/Page_CCSale/txt_COFScheduledIndicator' is present

2020-12-24 00:51:23 - [MESSAGE][PASSED] - Text 'Scheduled' is set on object 'Object Repository/VLink/Page_CCSale/txt_COFScheduledIndicator'

2020-12-24 00:51:24 - [MESSAGE][PASSED] - Object 'Object Repository/VLink/Page_CCSale/txt_COFTransactionInitiatedBy' is present

2020-12-24 00:51:24 - [MESSAGE][PASSED] - Text 'Merchant' is set on object 'Object Repository/VLink/Page_CCSale/txt_COFTransactionInitiatedBy'

2020-12-24 00:51:27 - [MESSAGE][PASSED] - Object: 'Object Repository/VLink/Page_CCSale/btn_ProcessVLinkTransaction' is clicked on

2020-12-24 00:51:32 - [MESSAGE][PASSED] - vlinkPages.saleCCPage.setDataSCC is PASSED

2020-12-24 00:51:32 - [TEST_STEP][PASSED] - if (verifyTextPresent("Transaction approved, no errors", true)): null

2020-12-24 00:51:32 - [MESSAGE][PASSED] - Text 'Transaction approved, no errors' is present on page  using regular expression

2020-12-24 00:51:32 - [TEST_STEP][PASSED] - println("Transaction Approved, no errors text is present on the Confirmation page"): null

2020-12-24 00:51:32 - [TEST_STEP][PASSED] - out.println("Pass Record Number: " + row): null

2020-12-24 00:51:32 - [TEST_STEP][PASSED] - resText = "Pass": null

2020-12-24 00:51:32 - [TEST_STEP][PASSED] - pages.WriteExcel.demoKey(resText, datText, resColumn, datCloumn, fileLoc, nameSheet, row): pages.WriteExcel.demoKey is PASSED

2020-12-24 00:51:32 - [MESSAGE][PASSED] - pages.WriteExcel.demoKey is PASSED

2020-12-24 00:51:32 - [TEST_STEP][PASSED] - sdfo = getText(findTestObject("Object Repository/Page_VLinkReceipt/pre_STX")): Text of object 'Object Repository/Page_VLinkReceipt/pre_STX' is: '<STX>z3rRM0GI238B                  12088134            0  Transaction approved, no errors                   0                                                                                  X OK7340   <ETX>'

2020-12-24 00:51:32 - [MESSAGE][PASSED] - Text of object 'Object Repository/Page_VLinkReceipt/pre_STX' is: '<STX>z3rRM0GI238B                  12088134            0  Transaction approved, no errors                   0                                                                                  X OK7340   <ETX>'

2020-12-24 00:51:32 - [TEST_STEP][PASSED] - out.println("sdfo: " + sdfo): null

2020-12-24 00:51:32 - [TEST_STEP][PASSED] - remID = substring(5, 35).trim(): null

2020-12-24 00:51:32 - [TEST_STEP][PASSED] - out.println("Remittance ID: " + remID): null

2020-12-24 00:51:32 - [TEST_STEP][PASSED] - traxID = substring(35, 55).trim(): null

2020-12-24 00:51:32 - [TEST_STEP][PASSED] - out.println("Transaction ID: " + traxID): null

2020-12-24 00:51:32 - [TEST_STEP][PASSED] - out.println("End Record Number: " + row): null

2020-12-24 00:51:32 - [TEST_STEP][PASSED] - closeBrowser(): Browser is closed

2020-12-24 00:51:33 - [MESSAGE][PASSED] - Browser is closed

2020-12-24 00:51:33 - [TEST_STEP][PASSED] - out.println("Begin Record Number: " + row): null

2020-12-24 00:51:33 - [TEST_STEP][PASSED] - today = new java.util.Date(): null

2020-12-24 00:51:33 - [TEST_STEP][PASSED] - println(today): null

2020-12-24 00:51:33 - [TEST_STEP][PASSED] - datText = today: null

2020-12-24 00:51:33 - [TEST_STEP][PASSED] - openBrowser(VLinkURL + "authcap.html"): Browser is opened with url: 'https://dev-algorithm.govolution.com/vlinktest/QA/version_2_0/authcap.html'

2020-12-24 00:51:33 - [MESSAGE][INFO] - Starting 'Chrome' driver

2020-12-24 00:51:33 - [MESSAGE][INFO] - User set preference: ['acceptInsecureCerts', 'true']

2020-12-24 00:51:33 - [MESSAGE][INFO] - Action delay is set to 0 milliseconds

2020-12-24 00:51:37 - [MESSAGE][PASSED] - Browser is opened with url: 'https://dev-algorithm.govolution.com/vlinktest/QA/version_2_0/authcap.html'

2020-12-24 00:51:37 - [TEST_STEP][PASSED] - maximizeWindow(): Current window maximized

2020-12-24 00:51:37 - [MESSAGE][PASSED] - Current window maximized

2020-12-24 00:51:37 - [TEST_STEP][PASSED] - vlinkPages.saleCCPage.setDataSCC(row, dataFile): vlinkPages.saleCCPage.setDataSCC is PASSED

2020-12-24 00:51:39 - [MESSAGE][PASSED] - Object 'Object Repository/VLink/Page_CCSale/txt_CardNumber' is present

2020-12-24 00:51:39 - [MESSAGE][PASSED] - Object 'Object Repository/VLink/Page_CCSale/txt_TransactionType' is present

2020-12-24 00:51:40 - [MESSAGE][PASSED] - Text '104' is set on object 'Object Repository/VLink/Page_CCSale/txt_TransactionType'

2020-12-24 00:51:40 - [MESSAGE][PASSED] - Object 'Object Repository/VLink/Page_CCSale/txt_MessageVersion' is present

2020-12-24 00:51:41 - [MESSAGE][PASSED] - Text '2.0C' is set on object 'Object Repository/VLink/Page_CCSale/txt_MessageVersion'

2020-12-24 00:51:41 - [MESSAGE][PASSED] - Object 'Object Repository/VLink/Page_CCSale/txt_RemID' is present

2020-12-24 00:51:42 - [MESSAGE][PASSED] - Text 'DyHyQORg5d6t' is set on object 'Object Repository/VLink/Page_CCSale/txt_RemID'

2020-12-24 00:51:42 - [MESSAGE][PASSED] - Object 'Object Repository/VLink/Page_CCSale/txt_ApplicationId' is present

2020-12-24 00:51:43 - [MESSAGE][PASSED] - Text '665' is set on object 'Object Repository/VLink/Page_CCSale/txt_ApplicationId'

2020-12-24 00:51:43 - [MESSAGE][PASSED] - Object 'Object Repository/VLink/Page_CCSale/txt_Username' is present

2020-12-24 00:51:44 - [MESSAGE][PASSED] - Text 'username' is set on object 'Object Repository/VLink/Page_CCSale/txt_Username'

2020-12-24 00:51:44 - [MESSAGE][PASSED] - Object 'Object Repository/VLink/Page_CCSale/txt_Password' is present

2020-12-24 00:51:44 - [MESSAGE][PASSED] - Text 'password' is set on object 'Object Repository/VLink/Page_CCSale/txt_Password'

2020-12-24 00:51:45 - [MESSAGE][PASSED] - Object 'Object Repository/VLink/Page_CCSale/txt_ResponseFormat' is present

2020-12-24 00:51:45 - [MESSAGE][PASSED] - Text 'fixed_width' is set on object 'Object Repository/VLink/Page_CCSale/txt_ResponseFormat'

2020-12-24 00:51:46 - [MESSAGE][PASSED] - Object 'Object Repository/VLink/Page_CCSale/txt_Category' is present

2020-12-24 00:51:46 - [MESSAGE][PASSED] - Text 'RETL' is set on object 'Object Repository/VLink/Page_CCSale/txt_Category'

2020-12-24 00:51:46 - [MESSAGE][PASSED] - Object 'Object Repository/VLink/Page_CCSale/txt_TransactionID' is present

2020-12-24 00:51:47 - [MESSAGE][PASSED] - Text '' is set on object 'Object Repository/VLink/Page_CCSale/txt_TransactionID'

2020-12-24 00:51:47 - [MESSAGE][PASSED] - Object 'Object Repository/VLink/Page_CCSale/txt_ApprovalCode' is present

2020-12-24 00:51:48 - [MESSAGE][PASSED] - Text '' is set on object 'Object Repository/VLink/Page_CCSale/txt_ApprovalCode'

2020-12-24 00:51:48 - [MESSAGE][PASSED] - Object 'Object Repository/VLink/Page_CCSale/txt_CardName' is present

2020-12-24 00:51:49 - [MESSAGE][PASSED] - Text 'Roshan Maha' is set on object 'Object Repository/VLink/Page_CCSale/txt_CardName'

2020-12-24 00:51:49 - [MESSAGE][PASSED] - Object 'Object Repository/VLink/Page_CCSale/txt_AL1' is present

2020-12-24 00:51:50 - [MESSAGE][PASSED] - Text '12563 Bazaar road' is set on object 'Object Repository/VLink/Page_CCSale/txt_AL1'

2020-12-24 00:51:50 - [MESSAGE][PASSED] - Object 'Object Repository/VLink/Page_CCSale/txt_AL2' is present

2020-12-24 00:51:50 - [MESSAGE][PASSED] - Text '' is set on object 'Object Repository/VLink/Page_CCSale/txt_AL2'

2020-12-24 00:51:51 - [MESSAGE][PASSED] - Object 'Object Repository/VLink/Page_CCSale/txt_CardCity' is present

2020-12-24 00:51:51 - [MESSAGE][PASSED] - Text 'Crofton' is set on object 'Object Repository/VLink/Page_CCSale/txt_CardCity'

2020-12-24 00:51:52 - [MESSAGE][PASSED] - Object 'Object Repository/VLink/Page_CCSale/txt_CardState' is present

2020-12-24 00:51:52 - [MESSAGE][PASSED] - Text 'MD' is set on object 'Object Repository/VLink/Page_CCSale/txt_CardState'

2020-12-24 00:51:53 - [MESSAGE][PASSED] - Object 'Object Repository/VLink/Page_CCSale/txt_CardZIP' is present

2020-12-24 00:51:53 - [MESSAGE][PASSED] - Text '21114' is set on object 'Object Repository/VLink/Page_CCSale/txt_CardZIP'

2020-12-24 00:51:54 - [MESSAGE][PASSED] - Object 'Object Repository/VLink/Page_CCSale/txt_CountryID' is present

2020-12-24 00:51:54 - [MESSAGE][PASSED] - Text '' is set on object 'Object Repository/VLink/Page_CCSale/txt_CountryID'

2020-12-24 00:51:55 - [MESSAGE][PASSED] - Object 'Object Repository/VLink/Page_CCSale/txt_Amount' is present

2020-12-24 00:51:55 - [MESSAGE][PASSED] - Text '3.50' is set on object 'Object Repository/VLink/Page_CCSale/txt_Amount'

2020-12-24 00:51:56 - [MESSAGE][PASSED] - Object 'Object Repository/VLink/Page_CCSale/txt_CardNumber' is present

2020-12-24 00:51:56 - [MESSAGE][PASSED] - Text '370000000000002' is set on object 'Object Repository/VLink/Page_CCSale/txt_CardNumber'

2020-12-24 00:51:57 - [MESSAGE][PASSED] - Object 'Object Repository/VLink/Page_CCSale/txt_ExpMonth' is present

2020-12-24 00:51:57 - [MESSAGE][PASSED] - Text '01' is set on object 'Object Repository/VLink/Page_CCSale/txt_ExpMonth'

2020-12-24 00:51:58 - [MESSAGE][PASSED] - Object 'Object Repository/VLink/Page_CCSale/txt_ExpYear' is present

2020-12-24 00:51:58 - [MESSAGE][PASSED] - Text '2026' is set on object 'Object Repository/VLink/Page_CCSale/txt_ExpYear'

2020-12-24 00:51:59 - [MESSAGE][PASSED] - Object 'Object Repository/VLink/Page_CCSale/txt_CVV' is present

2020-12-24 00:51:59 - [MESSAGE][PASSED] - Text '' is set on object 'Object Repository/VLink/Page_CCSale/txt_CVV'

2020-12-24 00:52:00 - [MESSAGE][PASSED] - Object 'Object Repository/VLink/Page_CCSale/txt_CVVstate' is present

2020-12-24 00:52:00 - [MESSAGE][PASSED] - Text '' is set on object 'Object Repository/VLink/Page_CCSale/txt_CVVstate'

2020-12-24 00:52:01 - [MESSAGE][PASSED] - Object 'Object Repository/VLink/Page_CCSale/txt_TrackData' is present

2020-12-24 00:52:01 - [MESSAGE][PASSED] - Text '' is set on object 'Object Repository/VLink/Page_CCSale/txt_TrackData'

2020-12-24 00:52:02 - [MESSAGE][PASSED] - Object 'Object Repository/VLink/Page_CCSale/txt_Track1Data' is present

2020-12-24 00:52:02 - [MESSAGE][PASSED] - Text '' is set on object 'Object Repository/VLink/Page_CCSale/txt_Track1Data'

2020-12-24 00:52:03 - [MESSAGE][PASSED] - Object 'Object Repository/VLink/Page_CCSale/txt_Track2Data' is present

2020-12-24 00:52:03 - [MESSAGE][PASSED] - Text '' is set on object 'Object Repository/VLink/Page_CCSale/txt_Track2Data'

2020-12-24 00:52:04 - [MESSAGE][PASSED] - Object 'Object Repository/VLink/Page_CCSale/txt_POSEntryMode' is present

2020-12-24 00:52:04 - [MESSAGE][PASSED] - Text 'manual' is set on object 'Object Repository/VLink/Page_CCSale/txt_POSEntryMode'

2020-12-24 00:52:04 - [MESSAGE][PASSED] - Object 'Object Repository/VLink/Page_CCSale/txt_Email' is present

2020-12-24 00:52:05 - [MESSAGE][PASSED] - Text '' is set on object 'Object Repository/VLink/Page_CCSale/txt_Email'

2020-12-24 00:52:06 - [MESSAGE][PASSED] - Object 'Object Repository/VLink/Page_CCSale/txt_OrderNumber' is present

2020-12-24 00:52:06 - [MESSAGE][PASSED] - Text '' is set on object 'Object Repository/VLink/Page_CCSale/txt_OrderNumber'

2020-12-24 00:52:06 - [MESSAGE][PASSED] - Object 'Object Repository/VLink/Page_CCSale/txt_TaxAmount' is present

2020-12-24 00:52:07 - [MESSAGE][PASSED] - Text '' is set on object 'Object Repository/VLink/Page_CCSale/txt_TaxAmount'

2020-12-24 00:52:07 - [MESSAGE][PASSED] - Object 'Object Repository/VLink/Page_CCSale/txt_ChargeDescription' is present

2020-12-24 00:52:08 - [MESSAGE][PASSED] - Text '' is set on object 'Object Repository/VLink/Page_CCSale/txt_ChargeDescription'

2020-12-24 00:52:08 - [MESSAGE][PASSED] - Object 'Object Repository/VLink/Page_CCSale/txt_CAN' is present

2020-12-24 00:52:09 - [MESSAGE][PASSED] - Text '' is set on object 'Object Repository/VLink/Page_CCSale/txt_CAN'

2020-12-24 00:52:09 - [MESSAGE][PASSED] - Object 'Object Repository/VLink/Page_CCSale/txt_BillPaymentIndicator' is present

2020-12-24 00:52:10 - [MESSAGE][PASSED] - Text '' is set on object 'Object Repository/VLink/Page_CCSale/txt_BillPaymentIndicator'

2020-12-24 00:52:10 - [MESSAGE][PASSED] - Object 'Object Repository/VLink/Page_CCSale/txt_UDF1' is present

2020-12-24 00:52:11 - [MESSAGE][PASSED] - Text '' is set on object 'Object Repository/VLink/Page_CCSale/txt_UDF1'

2020-12-24 00:52:11 - [MESSAGE][PASSED] - Object 'Object Repository/VLink/Page_CCSale/txt_UDF2' is present

2020-12-24 00:52:12 - [MESSAGE][PASSED] - Text '' is set on object 'Object Repository/VLink/Page_CCSale/txt_UDF2'

2020-12-24 00:52:12 - [MESSAGE][PASSED] - Object 'Object Repository/VLink/Page_CCSale/txt_UDF3' is present

2020-12-24 00:52:13 - [MESSAGE][PASSED] - Text '' is set on object 'Object Repository/VLink/Page_CCSale/txt_UDF3'

2020-12-24 00:52:13 - [MESSAGE][PASSED] - Object 'Object Repository/VLink/Page_CCSale/txt_UDF4' is present

2020-12-24 00:52:14 - [MESSAGE][PASSED] - Text '' is set on object 'Object Repository/VLink/Page_CCSale/txt_UDF4'

2020-12-24 00:52:14 - [MESSAGE][PASSED] - Object 'Object Repository/VLink/Page_CCSale/txt_UDF5' is present

2020-12-24 00:52:15 - [MESSAGE][PASSED] - Text '' is set on object 'Object Repository/VLink/Page_CCSale/txt_UDF5'

2020-12-24 00:52:15 - [MESSAGE][PASSED] - Object 'Object Repository/VLink/Page_CCSale/txt_UDF6' is present

2020-12-24 00:52:16 - [MESSAGE][PASSED] - Text '' is set on object 'Object Repository/VLink/Page_CCSale/txt_UDF6'

2020-12-24 00:52:16 - [MESSAGE][PASSED] - Object 'Object Repository/VLink/Page_CCSale/txt_UDF7' is present

2020-12-24 00:52:17 - [MESSAGE][PASSED] - Text '' is set on object 'Object Repository/VLink/Page_CCSale/txt_UDF7'

2020-12-24 00:52:17 - [MESSAGE][PASSED] - Object 'Object Repository/VLink/Page_CCSale/txt_UDF8' is present

2020-12-24 00:52:18 - [MESSAGE][PASSED] - Text '' is set on object 'Object Repository/VLink/Page_CCSale/txt_UDF8'

2020-12-24 00:52:18 - [MESSAGE][PASSED] - Object 'Object Repository/VLink/Page_CCSale/txt_UDF9' is present

2020-12-24 00:52:19 - [MESSAGE][PASSED] - Text '' is set on object 'Object Repository/VLink/Page_CCSale/txt_UDF9'

2020-12-24 00:52:19 - [MESSAGE][PASSED] - Object 'Object Repository/VLink/Page_CCSale/txt_UDF10' is present

2020-12-24 00:52:20 - [MESSAGE][PASSED] - Text '' is set on object 'Object Repository/VLink/Page_CCSale/txt_UDF10'

2020-12-24 00:52:20 - [MESSAGE][PASSED] - Object 'Object Repository/VLink/Page_CCSale/txt_CardOnFileIndicator' is present

2020-12-24 00:52:21 - [MESSAGE][PASSED] - Text '1' is set on object 'Object Repository/VLink/Page_CCSale/txt_CardOnFileIndicator'

2020-12-24 00:52:21 - [MESSAGE][PASSED] - Object 'Object Repository/VLink/Page_CCSale/txt_StoredCredentialIndicator' is present

2020-12-24 00:52:22 - [MESSAGE][PASSED] - Text 'Subsequent' is set on object 'Object Repository/VLink/Page_CCSale/txt_StoredCredentialIndicator'

2020-12-24 00:52:22 - [MESSAGE][PASSED] - Object 'Object Repository/VLink/Page_CCSale/txt_COFScheduledIndicator' is present

2020-12-24 00:52:23 - [MESSAGE][PASSED] - Text 'Scheduled' is set on object 'Object Repository/VLink/Page_CCSale/txt_COFScheduledIndicator'

2020-12-24 00:52:23 - [MESSAGE][PASSED] - Object 'Object Repository/VLink/Page_CCSale/txt_COFTransactionInitiatedBy' is present

2020-12-24 00:52:24 - [MESSAGE][PASSED] - Text 'Merchant' is set on object 'Object Repository/VLink/Page_CCSale/txt_COFTransactionInitiatedBy'

2020-12-24 00:52:26 - [MESSAGE][PASSED] - Object: 'Object Repository/VLink/Page_CCSale/btn_ProcessVLinkTransaction' is clicked on

2020-12-24 00:52:31 - [MESSAGE][PASSED] - vlinkPages.saleCCPage.setDataSCC is PASSED

2020-12-24 00:52:31 - [TEST_STEP][PASSED] - if (verifyTextPresent("Transaction approved, no errors", true)): null

2020-12-24 00:52:31 - [MESSAGE][PASSED] - Text 'Transaction approved, no errors' is present on page  using regular expression

2020-12-24 00:52:31 - [TEST_STEP][PASSED] - println("Transaction Approved, no errors text is present on the Confirmation page"): null

2020-12-24 00:52:31 - [TEST_STEP][PASSED] - out.println("Pass Record Number: " + row): null

2020-12-24 00:52:31 - [TEST_STEP][PASSED] - resText = "Pass": null

2020-12-24 00:52:31 - [TEST_STEP][PASSED] - pages.WriteExcel.demoKey(resText, datText, resColumn, datCloumn, fileLoc, nameSheet, row): pages.WriteExcel.demoKey is PASSED

2020-12-24 00:52:32 - [MESSAGE][PASSED] - pages.WriteExcel.demoKey is PASSED

2020-12-24 00:52:32 - [TEST_STEP][PASSED] - sdfo = getText(findTestObject("Object Repository/Page_VLinkReceipt/pre_STX")): Text of object 'Object Repository/Page_VLinkReceipt/pre_STX' is: '<STX>DyHyQORg5d6t                  12088135            0  Transaction approved, no errors                   0                                                                                  X OK7420   <ETX>'

2020-12-24 00:52:32 - [MESSAGE][PASSED] - Text of object 'Object Repository/Page_VLinkReceipt/pre_STX' is: '<STX>DyHyQORg5d6t                  12088135            0  Transaction approved, no errors                   0                                                                                  X OK7420   <ETX>'

2020-12-24 00:52:32 - [TEST_STEP][PASSED] - out.println("sdfo: " + sdfo): null

2020-12-24 00:52:32 - [TEST_STEP][PASSED] - remID = substring(5, 35).trim(): null

2020-12-24 00:52:32 - [TEST_STEP][PASSED] - out.println("Remittance ID: " + remID): null

2020-12-24 00:52:32 - [TEST_STEP][PASSED] - traxID = substring(35, 55).trim(): null

2020-12-24 00:52:32 - [TEST_STEP][PASSED] - out.println("Transaction ID: " + traxID): null

2020-12-24 00:52:32 - [TEST_STEP][PASSED] - out.println("End Record Number: " + row): null

2020-12-24 00:52:32 - [TEST_STEP][PASSED] - closeBrowser(): Browser is closed

2020-12-24 00:52:33 - [MESSAGE][PASSED] - Browser is closed

2020-12-24 00:52:33 - [TEST_STEP][PASSED] - out.println("Begin Record Number: " + row): null

2020-12-24 00:52:33 - [TEST_STEP][PASSED] - today = new java.util.Date(): null

2020-12-24 00:52:33 - [TEST_STEP][PASSED] - println(today): null

2020-12-24 00:52:33 - [TEST_STEP][PASSED] - datText = today: null

2020-12-24 00:52:33 - [TEST_STEP][PASSED] - openBrowser(VLinkURL + "authcap.html"): Browser is opened with url: 'https://dev-algorithm.govolution.com/vlinktest/QA/version_2_0/authcap.html'

2020-12-24 00:52:33 - [MESSAGE][INFO] - Starting 'Chrome' driver

2020-12-24 00:52:33 - [MESSAGE][INFO] - User set preference: ['acceptInsecureCerts', 'true']

2020-12-24 00:52:33 - [MESSAGE][INFO] - Action delay is set to 0 milliseconds

2020-12-24 00:52:37 - [MESSAGE][PASSED] - Browser is opened with url: 'https://dev-algorithm.govolution.com/vlinktest/QA/version_2_0/authcap.html'

2020-12-24 00:52:37 - [TEST_STEP][PASSED] - maximizeWindow(): Current window maximized

2020-12-24 00:52:37 - [MESSAGE][PASSED] - Current window maximized

2020-12-24 00:52:37 - [TEST_STEP][PASSED] - vlinkPages.saleCCPage.setDataSCC(row, dataFile): vlinkPages.saleCCPage.setDataSCC is PASSED

2020-12-24 00:52:39 - [MESSAGE][PASSED] - Object 'Object Repository/VLink/Page_CCSale/txt_CardNumber' is present

2020-12-24 00:52:39 - [MESSAGE][PASSED] - Object 'Object Repository/VLink/Page_CCSale/txt_TransactionType' is present

2020-12-24 00:52:40 - [MESSAGE][PASSED] - Text '104' is set on object 'Object Repository/VLink/Page_CCSale/txt_TransactionType'

2020-12-24 00:52:40 - [MESSAGE][PASSED] - Object 'Object Repository/VLink/Page_CCSale/txt_MessageVersion' is present

2020-12-24 00:52:41 - [MESSAGE][PASSED] - Text '2.0C' is set on object 'Object Repository/VLink/Page_CCSale/txt_MessageVersion'

2020-12-24 00:52:41 - [MESSAGE][PASSED] - Object 'Object Repository/VLink/Page_CCSale/txt_RemID' is present

2020-12-24 00:52:42 - [MESSAGE][PASSED] - Text 'y82dfOkUGH6l' is set on object 'Object Repository/VLink/Page_CCSale/txt_RemID'

2020-12-24 00:52:42 - [MESSAGE][PASSED] - Object 'Object Repository/VLink/Page_CCSale/txt_ApplicationId' is present

2020-12-24 00:52:43 - [MESSAGE][PASSED] - Text '665' is set on object 'Object Repository/VLink/Page_CCSale/txt_ApplicationId'

2020-12-24 00:52:43 - [MESSAGE][PASSED] - Object 'Object Repository/VLink/Page_CCSale/txt_Username' is present

2020-12-24 00:52:44 - [MESSAGE][PASSED] - Text 'username' is set on object 'Object Repository/VLink/Page_CCSale/txt_Username'

2020-12-24 00:52:44 - [MESSAGE][PASSED] - Object 'Object Repository/VLink/Page_CCSale/txt_Password' is present

2020-12-24 00:52:45 - [MESSAGE][PASSED] - Text 'password' is set on object 'Object Repository/VLink/Page_CCSale/txt_Password'

2020-12-24 00:52:45 - [MESSAGE][PASSED] - Object 'Object Repository/VLink/Page_CCSale/txt_ResponseFormat' is present

2020-12-24 00:52:45 - [MESSAGE][PASSED] - Text 'fixed_width' is set on object 'Object Repository/VLink/Page_CCSale/txt_ResponseFormat'

2020-12-24 00:52:46 - [MESSAGE][PASSED] - Object 'Object Repository/VLink/Page_CCSale/txt_Category' is present

2020-12-24 00:52:46 - [MESSAGE][PASSED] - Text 'RETL' is set on object 'Object Repository/VLink/Page_CCSale/txt_Category'

2020-12-24 00:52:47 - [MESSAGE][PASSED] - Object 'Object Repository/VLink/Page_CCSale/txt_TransactionID' is present

2020-12-24 00:52:47 - [MESSAGE][PASSED] - Text '' is set on object 'Object Repository/VLink/Page_CCSale/txt_TransactionID'

2020-12-24 00:52:47 - [MESSAGE][PASSED] - Object 'Object Repository/VLink/Page_CCSale/txt_ApprovalCode' is present

2020-12-24 00:52:48 - [MESSAGE][PASSED] - Text '' is set on object 'Object Repository/VLink/Page_CCSale/txt_ApprovalCode'

2020-12-24 00:52:48 - [MESSAGE][PASSED] - Object 'Object Repository/VLink/Page_CCSale/txt_CardName' is present

2020-12-24 00:52:49 - [MESSAGE][PASSED] - Text 'Kris Roshan' is set on object 'Object Repository/VLink/Page_CCSale/txt_CardName'

2020-12-24 00:52:49 - [MESSAGE][PASSED] - Object 'Object Repository/VLink/Page_CCSale/txt_AL1' is present

2020-12-24 00:52:50 - [MESSAGE][PASSED] - Text '258 Elm Road' is set on object 'Object Repository/VLink/Page_CCSale/txt_AL1'

2020-12-24 00:52:50 - [MESSAGE][PASSED] - Object 'Object Repository/VLink/Page_CCSale/txt_AL2' is present

2020-12-24 00:52:51 - [MESSAGE][PASSED] - Text 'Suite 56' is set on object 'Object Repository/VLink/Page_CCSale/txt_AL2'

2020-12-24 00:52:51 - [MESSAGE][PASSED] - Object 'Object Repository/VLink/Page_CCSale/txt_CardCity' is present

2020-12-24 00:52:52 - [MESSAGE][PASSED] - Text 'Arlington' is set on object 'Object Repository/VLink/Page_CCSale/txt_CardCity'

2020-12-24 00:52:52 - [MESSAGE][PASSED] - Object 'Object Repository/VLink/Page_CCSale/txt_CardState' is present

2020-12-24 00:52:53 - [MESSAGE][PASSED] - Text 'VA' is set on object 'Object Repository/VLink/Page_CCSale/txt_CardState'

2020-12-24 00:52:53 - [MESSAGE][PASSED] - Object 'Object Repository/VLink/Page_CCSale/txt_CardZIP' is present

2020-12-24 00:52:54 - [MESSAGE][PASSED] - Text '22201' is set on object 'Object Repository/VLink/Page_CCSale/txt_CardZIP'

2020-12-24 00:52:54 - [MESSAGE][PASSED] - Object 'Object Repository/VLink/Page_CCSale/txt_CountryID' is present

2020-12-24 00:52:55 - [MESSAGE][PASSED] - Text '840' is set on object 'Object Repository/VLink/Page_CCSale/txt_CountryID'

2020-12-24 00:52:55 - [MESSAGE][PASSED] - Object 'Object Repository/VLink/Page_CCSale/txt_Amount' is present

2020-12-24 00:52:56 - [MESSAGE][PASSED] - Text '1.50' is set on object 'Object Repository/VLink/Page_CCSale/txt_Amount'

2020-12-24 00:52:56 - [MESSAGE][PASSED] - Object 'Object Repository/VLink/Page_CCSale/txt_CardNumber' is present

2020-12-24 00:52:57 - [MESSAGE][PASSED] - Text '6011000000000004' is set on object 'Object Repository/VLink/Page_CCSale/txt_CardNumber'

2020-12-24 00:52:57 - [MESSAGE][PASSED] - Object 'Object Repository/VLink/Page_CCSale/txt_ExpMonth' is present

2020-12-24 00:52:58 - [MESSAGE][PASSED] - Text '12' is set on object 'Object Repository/VLink/Page_CCSale/txt_ExpMonth'

2020-12-24 00:52:58 - [MESSAGE][PASSED] - Object 'Object Repository/VLink/Page_CCSale/txt_ExpYear' is present

2020-12-24 00:52:59 - [MESSAGE][PASSED] - Text '2025' is set on object 'Object Repository/VLink/Page_CCSale/txt_ExpYear'

2020-12-24 00:52:59 - [MESSAGE][PASSED] - Object 'Object Repository/VLink/Page_CCSale/txt_CVV' is present

2020-12-24 00:53:00 - [MESSAGE][PASSED] - Text '' is set on object 'Object Repository/VLink/Page_CCSale/txt_CVV'

2020-12-24 00:53:00 - [MESSAGE][PASSED] - Object 'Object Repository/VLink/Page_CCSale/txt_CVVstate' is present

2020-12-24 00:53:00 - [MESSAGE][PASSED] - Text '' is set on object 'Object Repository/VLink/Page_CCSale/txt_CVVstate'

2020-12-24 00:53:01 - [MESSAGE][PASSED] - Object 'Object Repository/VLink/Page_CCSale/txt_TrackData' is present

2020-12-24 00:53:01 - [MESSAGE][PASSED] - Text '' is set on object 'Object Repository/VLink/Page_CCSale/txt_TrackData'

2020-12-24 00:53:02 - [MESSAGE][PASSED] - Object 'Object Repository/VLink/Page_CCSale/txt_Track1Data' is present

2020-12-24 00:53:02 - [MESSAGE][PASSED] - Text '' is set on object 'Object Repository/VLink/Page_CCSale/txt_Track1Data'

2020-12-24 00:53:03 - [MESSAGE][PASSED] - Object 'Object Repository/VLink/Page_CCSale/txt_Track2Data' is present

2020-12-24 00:53:03 - [MESSAGE][PASSED] - Text '' is set on object 'Object Repository/VLink/Page_CCSale/txt_Track2Data'

2020-12-24 00:53:03 - [MESSAGE][PASSED] - Object 'Object Repository/VLink/Page_CCSale/txt_POSEntryMode' is present

2020-12-24 00:53:04 - [MESSAGE][PASSED] - Text 'manual' is set on object 'Object Repository/VLink/Page_CCSale/txt_POSEntryMode'

2020-12-24 00:53:04 - [MESSAGE][PASSED] - Object 'Object Repository/VLink/Page_CCSale/txt_Email' is present

2020-12-24 00:53:05 - [MESSAGE][PASSED] - Text 'iahmed@govolution.com' is set on object 'Object Repository/VLink/Page_CCSale/txt_Email'

2020-12-24 00:53:05 - [MESSAGE][PASSED] - Object 'Object Repository/VLink/Page_CCSale/txt_OrderNumber' is present

2020-12-24 00:53:06 - [MESSAGE][PASSED] - Text '2569362' is set on object 'Object Repository/VLink/Page_CCSale/txt_OrderNumber'

2020-12-24 00:53:06 - [MESSAGE][PASSED] - Object 'Object Repository/VLink/Page_CCSale/txt_TaxAmount' is present

2020-12-24 00:53:07 - [MESSAGE][PASSED] - Text '1.15' is set on object 'Object Repository/VLink/Page_CCSale/txt_TaxAmount'

2020-12-24 00:53:07 - [MESSAGE][PASSED] - Object 'Object Repository/VLink/Page_CCSale/txt_ChargeDescription' is present

2020-12-24 00:53:08 - [MESSAGE][PASSED] - Text 'Charge Description' is set on object 'Object Repository/VLink/Page_CCSale/txt_ChargeDescription'

2020-12-24 00:53:08 - [MESSAGE][PASSED] - Object 'Object Repository/VLink/Page_CCSale/txt_CAN' is present

2020-12-24 00:53:09 - [MESSAGE][PASSED] - Text '147357' is set on object 'Object Repository/VLink/Page_CCSale/txt_CAN'

2020-12-24 00:53:09 - [MESSAGE][PASSED] - Object 'Object Repository/VLink/Page_CCSale/txt_BillPaymentIndicator' is present

2020-12-24 00:53:10 - [MESSAGE][PASSED] - Text '1' is set on object 'Object Repository/VLink/Page_CCSale/txt_BillPaymentIndicator'

2020-12-24 00:53:10 - [MESSAGE][PASSED] - Object 'Object Repository/VLink/Page_CCSale/txt_UDF1' is present

2020-12-24 00:53:11 - [MESSAGE][PASSED] - Text 'UDF Data 1' is set on object 'Object Repository/VLink/Page_CCSale/txt_UDF1'

2020-12-24 00:53:11 - [MESSAGE][PASSED] - Object 'Object Repository/VLink/Page_CCSale/txt_UDF2' is present

2020-12-24 00:53:12 - [MESSAGE][PASSED] - Text 'UDF Data 2' is set on object 'Object Repository/VLink/Page_CCSale/txt_UDF2'

2020-12-24 00:53:12 - [MESSAGE][PASSED] - Object 'Object Repository/VLink/Page_CCSale/txt_UDF3' is present

2020-12-24 00:53:13 - [MESSAGE][PASSED] - Text 'UDF Data 3' is set on object 'Object Repository/VLink/Page_CCSale/txt_UDF3'

2020-12-24 00:53:13 - [MESSAGE][PASSED] - Object 'Object Repository/VLink/Page_CCSale/txt_UDF4' is present

2020-12-24 00:53:14 - [MESSAGE][PASSED] - Text 'UDF Data 4' is set on object 'Object Repository/VLink/Page_CCSale/txt_UDF4'

2020-12-24 00:53:14 - [MESSAGE][PASSED] - Object 'Object Repository/VLink/Page_CCSale/txt_UDF5' is present

2020-12-24 00:53:15 - [MESSAGE][PASSED] - Text 'UDF Data 5' is set on object 'Object Repository/VLink/Page_CCSale/txt_UDF5'

2020-12-24 00:53:15 - [MESSAGE][PASSED] - Object 'Object Repository/VLink/Page_CCSale/txt_UDF6' is present

2020-12-24 00:53:16 - [MESSAGE][PASSED] - Text 'UDF Data 6' is set on object 'Object Repository/VLink/Page_CCSale/txt_UDF6'

2020-12-24 00:53:16 - [MESSAGE][PASSED] - Object 'Object Repository/VLink/Page_CCSale/txt_UDF7' is present

2020-12-24 00:53:17 - [MESSAGE][PASSED] - Text 'UDF Data 7' is set on object 'Object Repository/VLink/Page_CCSale/txt_UDF7'

2020-12-24 00:53:17 - [MESSAGE][PASSED] - Object 'Object Repository/VLink/Page_CCSale/txt_UDF8' is present

2020-12-24 00:53:18 - [MESSAGE][PASSED] - Text 'UDF Data 8' is set on object 'Object Repository/VLink/Page_CCSale/txt_UDF8'

2020-12-24 00:53:18 - [MESSAGE][PASSED] - Object 'Object Repository/VLink/Page_CCSale/txt_UDF9' is present

2020-12-24 00:53:19 - [MESSAGE][PASSED] - Text 'UDF Data 9' is set on object 'Object Repository/VLink/Page_CCSale/txt_UDF9'

2020-12-24 00:53:19 - [MESSAGE][PASSED] - Object 'Object Repository/VLink/Page_CCSale/txt_UDF10' is present

2020-12-24 00:53:20 - [MESSAGE][PASSED] - Text 'UDF Data 10' is set on object 'Object Repository/VLink/Page_CCSale/txt_UDF10'

2020-12-24 00:53:20 - [MESSAGE][PASSED] - Object 'Object Repository/VLink/Page_CCSale/txt_CardOnFileIndicator' is present

2020-12-24 00:53:21 - [MESSAGE][PASSED] - Text '1' is set on object 'Object Repository/VLink/Page_CCSale/txt_CardOnFileIndicator'

2020-12-24 00:53:21 - [MESSAGE][PASSED] - Object 'Object Repository/VLink/Page_CCSale/txt_StoredCredentialIndicator' is present

2020-12-24 00:53:22 - [MESSAGE][PASSED] - Text 'Subsequent' is set on object 'Object Repository/VLink/Page_CCSale/txt_StoredCredentialIndicator'

2020-12-24 00:53:22 - [MESSAGE][PASSED] - Object 'Object Repository/VLink/Page_CCSale/txt_COFScheduledIndicator' is present

2020-12-24 00:53:23 - [MESSAGE][PASSED] - Text 'Scheduled' is set on object 'Object Repository/VLink/Page_CCSale/txt_COFScheduledIndicator'

2020-12-24 00:53:23 - [MESSAGE][PASSED] - Object 'Object Repository/VLink/Page_CCSale/txt_COFTransactionInitiatedBy' is present

2020-12-24 00:53:24 - [MESSAGE][PASSED] - Text 'Merchant' is set on object 'Object Repository/VLink/Page_CCSale/txt_COFTransactionInitiatedBy'

2020-12-24 00:53:26 - [MESSAGE][PASSED] - Object: 'Object Repository/VLink/Page_CCSale/btn_ProcessVLinkTransaction' is clicked on

2020-12-24 00:53:31 - [MESSAGE][PASSED] - vlinkPages.saleCCPage.setDataSCC is PASSED

2020-12-24 00:53:31 - [TEST_STEP][PASSED] - if (verifyTextPresent("Transaction approved, no errors", true)): null

2020-12-24 00:53:32 - [MESSAGE][PASSED] - Text 'Transaction approved, no errors' is present on page  using regular expression

2020-12-24 00:53:32 - [TEST_STEP][PASSED] - println("Transaction Approved, no errors text is present on the Confirmation page"): null

2020-12-24 00:53:32 - [TEST_STEP][PASSED] - out.println("Pass Record Number: " + row): null

2020-12-24 00:53:32 - [TEST_STEP][PASSED] - resText = "Pass": null

2020-12-24 00:53:32 - [TEST_STEP][PASSED] - pages.WriteExcel.demoKey(resText, datText, resColumn, datCloumn, fileLoc, nameSheet, row): pages.WriteExcel.demoKey is PASSED

2020-12-24 00:53:32 - [MESSAGE][PASSED] - pages.WriteExcel.demoKey is PASSED

2020-12-24 00:53:32 - [TEST_STEP][PASSED] - sdfo = getText(findTestObject("Object Repository/Page_VLinkReceipt/pre_STX")): Text of object 'Object Repository/Page_VLinkReceipt/pre_STX' is: '<STX>y82dfOkUGH6l                  12088136            0  Transaction approved, no errors                   0                                                                                  X OK7490   <ETX>'

2020-12-24 00:53:32 - [MESSAGE][PASSED] - Text of object 'Object Repository/Page_VLinkReceipt/pre_STX' is: '<STX>y82dfOkUGH6l                  12088136            0  Transaction approved, no errors                   0                                                                                  X OK7490   <ETX>'

2020-12-24 00:53:32 - [TEST_STEP][PASSED] - out.println("sdfo: " + sdfo): null

2020-12-24 00:53:32 - [TEST_STEP][PASSED] - remID = substring(5, 35).trim(): null

2020-12-24 00:53:32 - [TEST_STEP][PASSED] - out.println("Remittance ID: " + remID): null

2020-12-24 00:53:32 - [TEST_STEP][PASSED] - traxID = substring(35, 55).trim(): null

2020-12-24 00:53:32 - [TEST_STEP][PASSED] - out.println("Transaction ID: " + traxID): null

2020-12-24 00:53:32 - [TEST_STEP][PASSED] - out.println("End Record Number: " + row): null

2020-12-24 00:53:32 - [TEST_STEP][PASSED] - closeBrowser(): Browser is closed

2020-12-24 00:53:33 - [MESSAGE][PASSED] - Browser is closed

2020-12-24 00:53:33 - [TEST_STEP][PASSED] - out.println("Begin Record Number: " + row): null

2020-12-24 00:53:33 - [TEST_STEP][PASSED] - today = new java.util.Date(): null

2020-12-24 00:53:33 - [TEST_STEP][PASSED] - println(today): null

2020-12-24 00:53:33 - [TEST_STEP][PASSED] - datText = today: null

2020-12-24 00:53:33 - [TEST_STEP][PASSED] - openBrowser(VLinkURL + "authcap.html"): Browser is opened with url: 'https://dev-algorithm.govolution.com/vlinktest/QA/version_2_0/authcap.html'

2020-12-24 00:53:33 - [MESSAGE][INFO] - Starting 'Chrome' driver

2020-12-24 00:53:33 - [MESSAGE][INFO] - User set preference: ['acceptInsecureCerts', 'true']

2020-12-24 00:53:33 - [MESSAGE][INFO] - Action delay is set to 0 milliseconds

2020-12-24 00:53:36 - [MESSAGE][PASSED] - Browser is opened with url: 'https://dev-algorithm.govolution.com/vlinktest/QA/version_2_0/authcap.html'

2020-12-24 00:53:36 - [TEST_STEP][PASSED] - maximizeWindow(): Current window maximized

2020-12-24 00:53:37 - [MESSAGE][PASSED] - Current window maximized

2020-12-24 00:53:37 - [TEST_STEP][PASSED] - vlinkPages.saleCCPage.setDataSCC(row, dataFile): vlinkPages.saleCCPage.setDataSCC is PASSED

2020-12-24 00:53:38 - [MESSAGE][PASSED] - Object 'Object Repository/VLink/Page_CCSale/txt_CardNumber' is present

2020-12-24 00:53:39 - [MESSAGE][PASSED] - Object 'Object Repository/VLink/Page_CCSale/txt_TransactionType' is present

2020-12-24 00:53:39 - [MESSAGE][PASSED] - Text '104' is set on object 'Object Repository/VLink/Page_CCSale/txt_TransactionType'

2020-12-24 00:53:40 - [MESSAGE][PASSED] - Object 'Object Repository/VLink/Page_CCSale/txt_MessageVersion' is present

2020-12-24 00:53:40 - [MESSAGE][PASSED] - Text '2.0C' is set on object 'Object Repository/VLink/Page_CCSale/txt_MessageVersion'

2020-12-24 00:53:40 - [MESSAGE][PASSED] - Object 'Object Repository/VLink/Page_CCSale/txt_RemID' is present

2020-12-24 00:53:41 - [MESSAGE][PASSED] - Text 'RO0oeFNpHm59' is set on object 'Object Repository/VLink/Page_CCSale/txt_RemID'

2020-12-24 00:53:41 - [MESSAGE][PASSED] - Object 'Object Repository/VLink/Page_CCSale/txt_ApplicationId' is present

2020-12-24 00:53:42 - [MESSAGE][PASSED] - Text '667' is set on object 'Object Repository/VLink/Page_CCSale/txt_ApplicationId'

2020-12-24 00:53:42 - [MESSAGE][PASSED] - Object 'Object Repository/VLink/Page_CCSale/txt_Username' is present

2020-12-24 00:53:43 - [MESSAGE][PASSED] - Text 'username' is set on object 'Object Repository/VLink/Page_CCSale/txt_Username'

2020-12-24 00:53:43 - [MESSAGE][PASSED] - Object 'Object Repository/VLink/Page_CCSale/txt_Password' is present

2020-12-24 00:53:44 - [MESSAGE][PASSED] - Text 'password' is set on object 'Object Repository/VLink/Page_CCSale/txt_Password'

2020-12-24 00:53:44 - [MESSAGE][PASSED] - Object 'Object Repository/VLink/Page_CCSale/txt_ResponseFormat' is present

2020-12-24 00:53:45 - [MESSAGE][PASSED] - Text 'fixed_width' is set on object 'Object Repository/VLink/Page_CCSale/txt_ResponseFormat'

2020-12-24 00:53:45 - [MESSAGE][PASSED] - Object 'Object Repository/VLink/Page_CCSale/txt_Category' is present

2020-12-24 00:53:45 - [MESSAGE][PASSED] - Text 'ECOM' is set on object 'Object Repository/VLink/Page_CCSale/txt_Category'

2020-12-24 00:53:46 - [MESSAGE][PASSED] - Object 'Object Repository/VLink/Page_CCSale/txt_TransactionID' is present

2020-12-24 00:53:46 - [MESSAGE][PASSED] - Text '' is set on object 'Object Repository/VLink/Page_CCSale/txt_TransactionID'

2020-12-24 00:53:47 - [MESSAGE][PASSED] - Object 'Object Repository/VLink/Page_CCSale/txt_ApprovalCode' is present

2020-12-24 00:53:47 - [MESSAGE][PASSED] - Text '' is set on object 'Object Repository/VLink/Page_CCSale/txt_ApprovalCode'

2020-12-24 00:53:48 - [MESSAGE][PASSED] - Object 'Object Repository/VLink/Page_CCSale/txt_CardName' is present

2020-12-24 00:53:48 - [MESSAGE][PASSED] - Text 'Kris Roshan' is set on object 'Object Repository/VLink/Page_CCSale/txt_CardName'

2020-12-24 00:53:49 - [MESSAGE][PASSED] - Object 'Object Repository/VLink/Page_CCSale/txt_AL1' is present

2020-12-24 00:53:49 - [MESSAGE][PASSED] - Text '258 Elm Road' is set on object 'Object Repository/VLink/Page_CCSale/txt_AL1'

2020-12-24 00:53:50 - [MESSAGE][PASSED] - Object 'Object Repository/VLink/Page_CCSale/txt_AL2' is present

2020-12-24 00:53:50 - [MESSAGE][PASSED] - Text 'Suite 56' is set on object 'Object Repository/VLink/Page_CCSale/txt_AL2'

2020-12-24 00:53:51 - [MESSAGE][PASSED] - Object 'Object Repository/VLink/Page_CCSale/txt_CardCity' is present

2020-12-24 00:53:51 - [MESSAGE][PASSED] - Text 'Arlington' is set on object 'Object Repository/VLink/Page_CCSale/txt_CardCity'

2020-12-24 00:53:52 - [MESSAGE][PASSED] - Object 'Object Repository/VLink/Page_CCSale/txt_CardState' is present

2020-12-24 00:53:52 - [MESSAGE][PASSED] - Text 'VA' is set on object 'Object Repository/VLink/Page_CCSale/txt_CardState'

2020-12-24 00:53:53 - [MESSAGE][PASSED] - Object 'Object Repository/VLink/Page_CCSale/txt_CardZIP' is present

2020-12-24 00:53:53 - [MESSAGE][PASSED] - Text '22201' is set on object 'Object Repository/VLink/Page_CCSale/txt_CardZIP'

2020-12-24 00:53:53 - [MESSAGE][PASSED] - Object 'Object Repository/VLink/Page_CCSale/txt_CountryID' is present

2020-12-24 00:53:54 - [MESSAGE][PASSED] - Text '840' is set on object 'Object Repository/VLink/Page_CCSale/txt_CountryID'

2020-12-24 00:53:54 - [MESSAGE][PASSED] - Object 'Object Repository/VLink/Page_CCSale/txt_Amount' is present

2020-12-24 00:53:55 - [MESSAGE][PASSED] - Text '1.50' is set on object 'Object Repository/VLink/Page_CCSale/txt_Amount'

2020-12-24 00:53:55 - [MESSAGE][PASSED] - Object 'Object Repository/VLink/Page_CCSale/txt_CardNumber' is present

2020-12-24 00:53:56 - [MESSAGE][PASSED] - Text '4111111111111111' is set on object 'Object Repository/VLink/Page_CCSale/txt_CardNumber'

2020-12-24 00:53:56 - [MESSAGE][PASSED] - Object 'Object Repository/VLink/Page_CCSale/txt_ExpMonth' is present

2020-12-24 00:53:57 - [MESSAGE][PASSED] - Text '12' is set on object 'Object Repository/VLink/Page_CCSale/txt_ExpMonth'

2020-12-24 00:53:57 - [MESSAGE][PASSED] - Object 'Object Repository/VLink/Page_CCSale/txt_ExpYear' is present

2020-12-24 00:53:58 - [MESSAGE][PASSED] - Text '2025' is set on object 'Object Repository/VLink/Page_CCSale/txt_ExpYear'

2020-12-24 00:53:58 - [MESSAGE][PASSED] - Object 'Object Repository/VLink/Page_CCSale/txt_CVV' is present

2020-12-24 00:53:59 - [MESSAGE][PASSED] - Text '' is set on object 'Object Repository/VLink/Page_CCSale/txt_CVV'

2020-12-24 00:53:59 - [MESSAGE][PASSED] - Object 'Object Repository/VLink/Page_CCSale/txt_CVVstate' is present

2020-12-24 00:54:00 - [MESSAGE][PASSED] - Text '' is set on object 'Object Repository/VLink/Page_CCSale/txt_CVVstate'

2020-12-24 00:54:00 - [MESSAGE][PASSED] - Object 'Object Repository/VLink/Page_CCSale/txt_TrackData' is present

2020-12-24 00:54:01 - [MESSAGE][PASSED] - Text '' is set on object 'Object Repository/VLink/Page_CCSale/txt_TrackData'

2020-12-24 00:54:01 - [MESSAGE][PASSED] - Object 'Object Repository/VLink/Page_CCSale/txt_Track1Data' is present

2020-12-24 00:54:02 - [MESSAGE][PASSED] - Text '' is set on object 'Object Repository/VLink/Page_CCSale/txt_Track1Data'

2020-12-24 00:54:02 - [MESSAGE][PASSED] - Object 'Object Repository/VLink/Page_CCSale/txt_Track2Data' is present

2020-12-24 00:54:03 - [MESSAGE][PASSED] - Text '' is set on object 'Object Repository/VLink/Page_CCSale/txt_Track2Data'

2020-12-24 00:54:03 - [MESSAGE][PASSED] - Object 'Object Repository/VLink/Page_CCSale/txt_POSEntryMode' is present

2020-12-24 00:54:04 - [MESSAGE][PASSED] - Text 'manual' is set on object 'Object Repository/VLink/Page_CCSale/txt_POSEntryMode'

2020-12-24 00:54:04 - [MESSAGE][PASSED] - Object 'Object Repository/VLink/Page_CCSale/txt_Email' is present

2020-12-24 00:54:05 - [MESSAGE][PASSED] - Text 'iahmed@govolution.com' is set on object 'Object Repository/VLink/Page_CCSale/txt_Email'

2020-12-24 00:54:05 - [MESSAGE][PASSED] - Object 'Object Repository/VLink/Page_CCSale/txt_OrderNumber' is present

2020-12-24 00:54:06 - [MESSAGE][PASSED] - Text '2569362' is set on object 'Object Repository/VLink/Page_CCSale/txt_OrderNumber'

2020-12-24 00:54:06 - [MESSAGE][PASSED] - Object 'Object Repository/VLink/Page_CCSale/txt_TaxAmount' is present

2020-12-24 00:54:07 - [MESSAGE][PASSED] - Text '1.15' is set on object 'Object Repository/VLink/Page_CCSale/txt_TaxAmount'

2020-12-24 00:54:07 - [MESSAGE][PASSED] - Object 'Object Repository/VLink/Page_CCSale/txt_ChargeDescription' is present

2020-12-24 00:54:08 - [MESSAGE][PASSED] - Text 'Charge Description' is set on object 'Object Repository/VLink/Page_CCSale/txt_ChargeDescription'

2020-12-24 00:54:08 - [MESSAGE][PASSED] - Object 'Object Repository/VLink/Page_CCSale/txt_CAN' is present

2020-12-24 00:54:09 - [MESSAGE][PASSED] - Text '147357' is set on object 'Object Repository/VLink/Page_CCSale/txt_CAN'

2020-12-24 00:54:09 - [MESSAGE][PASSED] - Object 'Object Repository/VLink/Page_CCSale/txt_BillPaymentIndicator' is present

2020-12-24 00:54:10 - [MESSAGE][PASSED] - Text '1' is set on object 'Object Repository/VLink/Page_CCSale/txt_BillPaymentIndicator'

2020-12-24 00:54:10 - [MESSAGE][PASSED] - Object 'Object Repository/VLink/Page_CCSale/txt_UDF1' is present

2020-12-24 00:54:11 - [MESSAGE][PASSED] - Text 'UDF Data 1' is set on object 'Object Repository/VLink/Page_CCSale/txt_UDF1'

2020-12-24 00:54:11 - [MESSAGE][PASSED] - Object 'Object Repository/VLink/Page_CCSale/txt_UDF2' is present

2020-12-24 00:54:12 - [MESSAGE][PASSED] - Text 'UDF Data 2' is set on object 'Object Repository/VLink/Page_CCSale/txt_UDF2'

2020-12-24 00:54:12 - [MESSAGE][PASSED] - Object 'Object Repository/VLink/Page_CCSale/txt_UDF3' is present

2020-12-24 00:54:13 - [MESSAGE][PASSED] - Text 'UDF Data 3' is set on object 'Object Repository/VLink/Page_CCSale/txt_UDF3'

2020-12-24 00:54:13 - [MESSAGE][PASSED] - Object 'Object Repository/VLink/Page_CCSale/txt_UDF4' is present

2020-12-24 00:54:14 - [MESSAGE][PASSED] - Text 'UDF Data 4' is set on object 'Object Repository/VLink/Page_CCSale/txt_UDF4'

2020-12-24 00:54:14 - [MESSAGE][PASSED] - Object 'Object Repository/VLink/Page_CCSale/txt_UDF5' is present

2020-12-24 00:54:15 - [MESSAGE][PASSED] - Text 'UDF Data 5' is set on object 'Object Repository/VLink/Page_CCSale/txt_UDF5'

2020-12-24 00:54:15 - [MESSAGE][PASSED] - Object 'Object Repository/VLink/Page_CCSale/txt_UDF6' is present

2020-12-24 00:54:16 - [MESSAGE][PASSED] - Text 'UDF Data 6' is set on object 'Object Repository/VLink/Page_CCSale/txt_UDF6'

2020-12-24 00:54:16 - [MESSAGE][PASSED] - Object 'Object Repository/VLink/Page_CCSale/txt_UDF7' is present

2020-12-24 00:54:17 - [MESSAGE][PASSED] - Text 'UDF Data 7' is set on object 'Object Repository/VLink/Page_CCSale/txt_UDF7'

2020-12-24 00:54:17 - [MESSAGE][PASSED] - Object 'Object Repository/VLink/Page_CCSale/txt_UDF8' is present

2020-12-24 00:54:18 - [MESSAGE][PASSED] - Text 'UDF Data 8' is set on object 'Object Repository/VLink/Page_CCSale/txt_UDF8'

2020-12-24 00:54:18 - [MESSAGE][PASSED] - Object 'Object Repository/VLink/Page_CCSale/txt_UDF9' is present

2020-12-24 00:54:19 - [MESSAGE][PASSED] - Text 'UDF Data 9' is set on object 'Object Repository/VLink/Page_CCSale/txt_UDF9'

2020-12-24 00:54:19 - [MESSAGE][PASSED] - Object 'Object Repository/VLink/Page_CCSale/txt_UDF10' is present

2020-12-24 00:54:20 - [MESSAGE][PASSED] - Text 'UDF Data 10' is set on object 'Object Repository/VLink/Page_CCSale/txt_UDF10'

2020-12-24 00:54:20 - [MESSAGE][PASSED] - Object 'Object Repository/VLink/Page_CCSale/txt_CardOnFileIndicator' is present

2020-12-24 00:54:21 - [MESSAGE][PASSED] - Text '1' is set on object 'Object Repository/VLink/Page_CCSale/txt_CardOnFileIndicator'

2020-12-24 00:54:21 - [MESSAGE][PASSED] - Object 'Object Repository/VLink/Page_CCSale/txt_StoredCredentialIndicator' is present

2020-12-24 00:54:22 - [MESSAGE][PASSED] - Text 'Subsequent' is set on object 'Object Repository/VLink/Page_CCSale/txt_StoredCredentialIndicator'

2020-12-24 00:54:22 - [MESSAGE][PASSED] - Object 'Object Repository/VLink/Page_CCSale/txt_COFScheduledIndicator' is present

2020-12-24 00:54:23 - [MESSAGE][PASSED] - Text 'Scheduled' is set on object 'Object Repository/VLink/Page_CCSale/txt_COFScheduledIndicator'

2020-12-24 00:54:23 - [MESSAGE][PASSED] - Object 'Object Repository/VLink/Page_CCSale/txt_COFTransactionInitiatedBy' is present

2020-12-24 00:54:24 - [MESSAGE][PASSED] - Text 'Merchant' is set on object 'Object Repository/VLink/Page_CCSale/txt_COFTransactionInitiatedBy'

2020-12-24 00:54:27 - [MESSAGE][PASSED] - Object: 'Object Repository/VLink/Page_CCSale/btn_ProcessVLinkTransaction' is clicked on

2020-12-24 00:54:32 - [MESSAGE][PASSED] - vlinkPages.saleCCPage.setDataSCC is PASSED

2020-12-24 00:54:32 - [TEST_STEP][FAILED] - if (verifyTextPresent("Transaction approved, no errors", true)): Text 'Transaction approved, no errors' is not present on page  using regular expression (Root cause: com.kms.katalon.core.exception.StepFailedException: Text 'Transaction approved, no errors' is not present on page  using regular expression
	at com.kms.katalon.core.webui.keyword.internal.WebUIKeywordMain.stepFailed(WebUIKeywordMain.groovy:64)
	at com.kms.katalon.core.webui.keyword.builtin.VerifyTextPresentKeyword$_verifyTextPresent_closure1.doCall(VerifyTextPresentKeyword.groovy:79)
	at com.kms.katalon.core.webui.keyword.builtin.VerifyTextPresentKeyword$_verifyTextPresent_closure1.call(VerifyTextPresentKeyword.groovy)
	at com.kms.katalon.core.webui.keyword.internal.WebUIKeywordMain.runKeyword(WebUIKeywordMain.groovy:20)
	at com.kms.katalon.core.webui.keyword.builtin.VerifyTextPresentKeyword.verifyTextPresent(VerifyTextPresentKeyword.groovy:83)
	at com.kms.katalon.core.webui.keyword.builtin.VerifyTextPresentKeyword.execute(VerifyTextPresentKeyword.groovy:68)
	at com.kms.katalon.core.keyword.internal.KeywordExecutor.executeKeywordForPlatform(KeywordExecutor.groovy:72)
	at com.kms.katalon.core.webui.keyword.WebUiBuiltInKeywords.verifyTextPresent(WebUiBuiltInKeywords.groovy:1719)
	at com.kms.katalon.core.webui.keyword.WebUiBuiltInKeywords$verifyTextPresent$4.call(Unknown Source)
	at VLinkSale-Successful.run(VLinkSale-Successful:76)
	at com.kms.katalon.core.main.ScriptEngine.run(ScriptEngine.java:194)
	at com.kms.katalon.core.main.ScriptEngine.runScriptAsRawText(ScriptEngine.java:119)
	at com.kms.katalon.core.main.TestCaseExecutor.runScript(TestCaseExecutor.java:337)
	at com.kms.katalon.core.main.TestCaseExecutor.doExecute(TestCaseExecutor.java:328)
	at com.kms.katalon.core.main.TestCaseExecutor.processExecutionPhase(TestCaseExecutor.java:307)
	at com.kms.katalon.core.main.TestCaseExecutor.accessMainPhase(TestCaseExecutor.java:299)
	at com.kms.katalon.core.main.TestCaseExecutor.execute(TestCaseExecutor.java:233)
	at com.kms.katalon.core.main.TestSuiteExecutor.accessTestCaseMainPhase(TestSuiteExecutor.java:169)
	at com.kms.katalon.core.main.TestSuiteExecutor.accessTestSuiteMainPhase(TestSuiteExecutor.java:142)
	at com.kms.katalon.core.main.TestSuiteExecutor.execute(TestSuiteExecutor.java:91)
	at com.kms.katalon.core.main.TestCaseMain.startTestSuite(TestCaseMain.java:157)
	at com.kms.katalon.core.main.TestCaseMain$startTestSuite$0.call(Unknown Source)
	at TempTestSuite1608784106629.run(TempTestSuite1608784106629.groovy:37)
)

2020-12-24 00:54:33 - [MESSAGE][FAILED] - Text 'Transaction approved, no errors' is not present on page  using regular expression (Root cause: com.kms.katalon.core.exception.StepFailedException: Text 'Transaction approved, no errors' is not present on page  using regular expression
	at com.kms.katalon.core.webui.keyword.internal.WebUIKeywordMain.stepFailed(WebUIKeywordMain.groovy:64)
	at com.kms.katalon.core.webui.keyword.builtin.VerifyTextPresentKeyword$_verifyTextPresent_closure1.doCall(VerifyTextPresentKeyword.groovy:79)
	at com.kms.katalon.core.webui.keyword.builtin.VerifyTextPresentKeyword$_verifyTextPresent_closure1.call(VerifyTextPresentKeyword.groovy)
	at com.kms.katalon.core.webui.keyword.internal.WebUIKeywordMain.runKeyword(WebUIKeywordMain.groovy:20)
	at com.kms.katalon.core.webui.keyword.builtin.VerifyTextPresentKeyword.verifyTextPresent(VerifyTextPresentKeyword.groovy:83)
	at com.kms.katalon.core.webui.keyword.builtin.VerifyTextPresentKeyword.execute(VerifyTextPresentKeyword.groovy:68)
	at com.kms.katalon.core.keyword.internal.KeywordExecutor.executeKeywordForPlatform(KeywordExecutor.groovy:72)
	at com.kms.katalon.core.webui.keyword.WebUiBuiltInKeywords.verifyTextPresent(WebUiBuiltInKeywords.groovy:1719)
	at com.kms.katalon.core.webui.keyword.WebUiBuiltInKeywords$verifyTextPresent$4.call(Unknown Source)
	at VLinkSale-Successful.run(VLinkSale-Successful:76)
	at com.kms.katalon.core.main.ScriptEngine.run(ScriptEngine.java:194)
	at com.kms.katalon.core.main.ScriptEngine.runScriptAsRawText(ScriptEngine.java:119)
	at com.kms.katalon.core.main.TestCaseExecutor.runScript(TestCaseExecutor.java:337)
	at com.kms.katalon.core.main.TestCaseExecutor.doExecute(TestCaseExecutor.java:328)
	at com.kms.katalon.core.main.TestCaseExecutor.processExecutionPhase(TestCaseExecutor.java:307)
	at com.kms.katalon.core.main.TestCaseExecutor.accessMainPhase(TestCaseExecutor.java:299)
	at com.kms.katalon.core.main.TestCaseExecutor.execute(TestCaseExecutor.java:233)
	at com.kms.katalon.core.main.TestSuiteExecutor.accessTestCaseMainPhase(TestSuiteExecutor.java:169)
	at com.kms.katalon.core.main.TestSuiteExecutor.accessTestSuiteMainPhase(TestSuiteExecutor.java:142)
	at com.kms.katalon.core.main.TestSuiteExecutor.execute(TestSuiteExecutor.java:91)
	at com.kms.katalon.core.main.TestCaseMain.startTestSuite(TestCaseMain.java:157)
	at com.kms.katalon.core.main.TestCaseMain$startTestSuite$0.call(Unknown Source)
	at TempTestSuite1608784106629.run(TempTestSuite1608784106629.groovy:37)
)

2020-12-24 00:54:33 - [TEST_STEP][PASSED] - else: pages.WriteExcel.demoKey is PASSED

2020-12-24 00:54:33 - [TEST_STEP][PASSED] - println("Transaction Approved, no errors text is not present on the Confirmation page"): null

2020-12-24 00:54:33 - [TEST_STEP][PASSED] - out.println("Fail Record Number: " + row): null

2020-12-24 00:54:33 - [TEST_STEP][PASSED] - resText = "Fail": null

2020-12-24 00:54:33 - [TEST_STEP][PASSED] - pages.WriteExcel.demoKey(resText, datText, resColumn, datCloumn, fileLoc, nameSheet, row): pages.WriteExcel.demoKey is PASSED

2020-12-24 00:54:33 - [MESSAGE][PASSED] - pages.WriteExcel.demoKey is PASSED

2020-12-24 00:54:33 - [TEST_STEP][PASSED] - sdfo = getText(findTestObject("Object Repository/Page_VLinkReceipt/pre_STX")): Text of object 'Object Repository/Page_VLinkReceipt/pre_STX' is: '<STX>RO0oeFNpHm59                  12088137            2  Transaction failed                                105Processor reported error                                                                   <ETX>'

2020-12-24 00:54:33 - [MESSAGE][PASSED] - Text of object 'Object Repository/Page_VLinkReceipt/pre_STX' is: '<STX>RO0oeFNpHm59                  12088137            2  Transaction failed                                105Processor reported error                                                                   <ETX>'

2020-12-24 00:54:33 - [TEST_STEP][PASSED] - out.println("sdfo: " + sdfo): null

2020-12-24 00:54:33 - [TEST_STEP][PASSED] - remID = substring(5, 35).trim(): null

2020-12-24 00:54:33 - [TEST_STEP][PASSED] - out.println("Remittance ID: " + remID): null

2020-12-24 00:54:33 - [TEST_STEP][PASSED] - traxID = substring(35, 55).trim(): null

2020-12-24 00:54:33 - [TEST_STEP][PASSED] - out.println("Transaction ID: " + traxID): null

2020-12-24 00:54:33 - [TEST_STEP][PASSED] - out.println("End Record Number: " + row): null

2020-12-24 00:54:33 - [TEST_STEP][PASSED] - closeBrowser(): Browser is closed

2020-12-24 00:54:34 - [MESSAGE][PASSED] - Browser is closed

2020-12-24 00:54:34 - [TEST_STEP][PASSED] - out.println("Begin Record Number: " + row): null

2020-12-24 00:54:34 - [TEST_STEP][PASSED] - today = new java.util.Date(): null

2020-12-24 00:54:34 - [TEST_STEP][PASSED] - println(today): null

2020-12-24 00:54:34 - [TEST_STEP][PASSED] - datText = today: null

2020-12-24 00:54:34 - [TEST_STEP][PASSED] - openBrowser(VLinkURL + "authcap.html"): Browser is opened with url: 'https://dev-algorithm.govolution.com/vlinktest/QA/version_2_0/authcap.html'

2020-12-24 00:54:34 - [MESSAGE][INFO] - Starting 'Chrome' driver

2020-12-24 00:54:34 - [MESSAGE][INFO] - User set preference: ['acceptInsecureCerts', 'true']

2020-12-24 00:54:34 - [MESSAGE][INFO] - Action delay is set to 0 milliseconds

2020-12-24 00:54:38 - [MESSAGE][PASSED] - Browser is opened with url: 'https://dev-algorithm.govolution.com/vlinktest/QA/version_2_0/authcap.html'

2020-12-24 00:54:38 - [TEST_STEP][PASSED] - maximizeWindow(): Current window maximized

2020-12-24 00:54:38 - [MESSAGE][PASSED] - Current window maximized

2020-12-24 00:54:38 - [TEST_STEP][PASSED] - vlinkPages.saleCCPage.setDataSCC(row, dataFile): vlinkPages.saleCCPage.setDataSCC is PASSED

2020-12-24 00:54:40 - [MESSAGE][PASSED] - Object 'Object Repository/VLink/Page_CCSale/txt_CardNumber' is present

2020-12-24 00:54:40 - [MESSAGE][PASSED] - Object 'Object Repository/VLink/Page_CCSale/txt_TransactionType' is present

2020-12-24 00:54:41 - [MESSAGE][PASSED] - Text '104' is set on object 'Object Repository/VLink/Page_CCSale/txt_TransactionType'

2020-12-24 00:54:41 - [MESSAGE][PASSED] - Object 'Object Repository/VLink/Page_CCSale/txt_MessageVersion' is present

2020-12-24 00:54:42 - [MESSAGE][PASSED] - Text '2.0C' is set on object 'Object Repository/VLink/Page_CCSale/txt_MessageVersion'

2020-12-24 00:54:42 - [MESSAGE][PASSED] - Object 'Object Repository/VLink/Page_CCSale/txt_RemID' is present

2020-12-24 00:54:43 - [MESSAGE][PASSED] - Text 'HxNAXCB4tXsc' is set on object 'Object Repository/VLink/Page_CCSale/txt_RemID'

2020-12-24 00:54:43 - [MESSAGE][PASSED] - Object 'Object Repository/VLink/Page_CCSale/txt_ApplicationId' is present

2020-12-24 00:54:44 - [MESSAGE][PASSED] - Text '667' is set on object 'Object Repository/VLink/Page_CCSale/txt_ApplicationId'

2020-12-24 00:54:44 - [MESSAGE][PASSED] - Object 'Object Repository/VLink/Page_CCSale/txt_Username' is present

2020-12-24 00:54:45 - [MESSAGE][PASSED] - Text 'username' is set on object 'Object Repository/VLink/Page_CCSale/txt_Username'

2020-12-24 00:54:45 - [MESSAGE][PASSED] - Object 'Object Repository/VLink/Page_CCSale/txt_Password' is present

2020-12-24 00:54:46 - [MESSAGE][PASSED] - Text 'password' is set on object 'Object Repository/VLink/Page_CCSale/txt_Password'

2020-12-24 00:54:46 - [MESSAGE][PASSED] - Object 'Object Repository/VLink/Page_CCSale/txt_ResponseFormat' is present

2020-12-24 00:54:47 - [MESSAGE][PASSED] - Text 'fixed_width' is set on object 'Object Repository/VLink/Page_CCSale/txt_ResponseFormat'

2020-12-24 00:54:47 - [MESSAGE][PASSED] - Object 'Object Repository/VLink/Page_CCSale/txt_Category' is present

2020-12-24 00:54:47 - [MESSAGE][PASSED] - Text 'ECOM' is set on object 'Object Repository/VLink/Page_CCSale/txt_Category'

2020-12-24 00:54:48 - [MESSAGE][PASSED] - Object 'Object Repository/VLink/Page_CCSale/txt_TransactionID' is present

2020-12-24 00:54:48 - [MESSAGE][PASSED] - Text '' is set on object 'Object Repository/VLink/Page_CCSale/txt_TransactionID'

2020-12-24 00:54:49 - [MESSAGE][PASSED] - Object 'Object Repository/VLink/Page_CCSale/txt_ApprovalCode' is present

2020-12-24 00:54:49 - [MESSAGE][PASSED] - Text '' is set on object 'Object Repository/VLink/Page_CCSale/txt_ApprovalCode'

2020-12-24 00:54:49 - [MESSAGE][PASSED] - Object 'Object Repository/VLink/Page_CCSale/txt_CardName' is present

2020-12-24 00:54:50 - [MESSAGE][PASSED] - Text 'Arvind Silva' is set on object 'Object Repository/VLink/Page_CCSale/txt_CardName'

2020-12-24 00:54:50 - [MESSAGE][PASSED] - Object 'Object Repository/VLink/Page_CCSale/txt_AL1' is present

2020-12-24 00:54:51 - [MESSAGE][PASSED] - Text '111 Main Ave' is set on object 'Object Repository/VLink/Page_CCSale/txt_AL1'

2020-12-24 00:54:51 - [MESSAGE][PASSED] - Object 'Object Repository/VLink/Page_CCSale/txt_AL2' is present

2020-12-24 00:54:52 - [MESSAGE][PASSED] - Text '' is set on object 'Object Repository/VLink/Page_CCSale/txt_AL2'

2020-12-24 00:54:52 - [MESSAGE][PASSED] - Object 'Object Repository/VLink/Page_CCSale/txt_CardCity' is present

2020-12-24 00:54:53 - [MESSAGE][PASSED] - Text 'Arlington' is set on object 'Object Repository/VLink/Page_CCSale/txt_CardCity'

2020-12-24 00:54:53 - [MESSAGE][PASSED] - Object 'Object Repository/VLink/Page_CCSale/txt_CardState' is present

2020-12-24 00:54:54 - [MESSAGE][PASSED] - Text 'VA' is set on object 'Object Repository/VLink/Page_CCSale/txt_CardState'

2020-12-24 00:54:54 - [MESSAGE][PASSED] - Object 'Object Repository/VLink/Page_CCSale/txt_CardZIP' is present

2020-12-24 00:54:55 - [MESSAGE][PASSED] - Text '22201' is set on object 'Object Repository/VLink/Page_CCSale/txt_CardZIP'

2020-12-24 00:54:55 - [MESSAGE][PASSED] - Object 'Object Repository/VLink/Page_CCSale/txt_CountryID' is present

2020-12-24 00:54:56 - [MESSAGE][PASSED] - Text '' is set on object 'Object Repository/VLink/Page_CCSale/txt_CountryID'

2020-12-24 00:54:56 - [MESSAGE][PASSED] - Object 'Object Repository/VLink/Page_CCSale/txt_Amount' is present

2020-12-24 00:54:57 - [MESSAGE][PASSED] - Text '2.50' is set on object 'Object Repository/VLink/Page_CCSale/txt_Amount'

2020-12-24 00:54:57 - [MESSAGE][PASSED] - Object 'Object Repository/VLink/Page_CCSale/txt_CardNumber' is present

2020-12-24 00:54:57 - [MESSAGE][PASSED] - Text '5424000000000015' is set on object 'Object Repository/VLink/Page_CCSale/txt_CardNumber'

2020-12-24 00:54:58 - [MESSAGE][PASSED] - Object 'Object Repository/VLink/Page_CCSale/txt_ExpMonth' is present

2020-12-24 00:54:58 - [MESSAGE][PASSED] - Text '01' is set on object 'Object Repository/VLink/Page_CCSale/txt_ExpMonth'

2020-12-24 00:54:59 - [MESSAGE][PASSED] - Object 'Object Repository/VLink/Page_CCSale/txt_ExpYear' is present

2020-12-24 00:54:59 - [MESSAGE][PASSED] - Text '2026' is set on object 'Object Repository/VLink/Page_CCSale/txt_ExpYear'

2020-12-24 00:55:00 - [MESSAGE][PASSED] - Object 'Object Repository/VLink/Page_CCSale/txt_CVV' is present

2020-12-24 00:55:00 - [MESSAGE][PASSED] - Text '' is set on object 'Object Repository/VLink/Page_CCSale/txt_CVV'

2020-12-24 00:55:01 - [MESSAGE][PASSED] - Object 'Object Repository/VLink/Page_CCSale/txt_CVVstate' is present

2020-12-24 00:55:01 - [MESSAGE][PASSED] - Text '' is set on object 'Object Repository/VLink/Page_CCSale/txt_CVVstate'

2020-12-24 00:55:02 - [MESSAGE][PASSED] - Object 'Object Repository/VLink/Page_CCSale/txt_TrackData' is present

2020-12-24 00:55:02 - [MESSAGE][PASSED] - Text '' is set on object 'Object Repository/VLink/Page_CCSale/txt_TrackData'

2020-12-24 00:55:03 - [MESSAGE][PASSED] - Object 'Object Repository/VLink/Page_CCSale/txt_Track1Data' is present

2020-12-24 00:55:03 - [MESSAGE][PASSED] - Text '' is set on object 'Object Repository/VLink/Page_CCSale/txt_Track1Data'

2020-12-24 00:55:04 - [MESSAGE][PASSED] - Object 'Object Repository/VLink/Page_CCSale/txt_Track2Data' is present

2020-12-24 00:55:04 - [MESSAGE][PASSED] - Text '' is set on object 'Object Repository/VLink/Page_CCSale/txt_Track2Data'

2020-12-24 00:55:05 - [MESSAGE][PASSED] - Object 'Object Repository/VLink/Page_CCSale/txt_POSEntryMode' is present

2020-12-24 00:55:05 - [MESSAGE][PASSED] - Text 'manual' is set on object 'Object Repository/VLink/Page_CCSale/txt_POSEntryMode'

2020-12-24 00:55:06 - [MESSAGE][PASSED] - Object 'Object Repository/VLink/Page_CCSale/txt_Email' is present

2020-12-24 00:55:06 - [MESSAGE][PASSED] - Text '' is set on object 'Object Repository/VLink/Page_CCSale/txt_Email'

2020-12-24 00:55:07 - [MESSAGE][PASSED] - Object 'Object Repository/VLink/Page_CCSale/txt_OrderNumber' is present

2020-12-24 00:55:07 - [MESSAGE][PASSED] - Text '' is set on object 'Object Repository/VLink/Page_CCSale/txt_OrderNumber'

2020-12-24 00:55:08 - [MESSAGE][PASSED] - Object 'Object Repository/VLink/Page_CCSale/txt_TaxAmount' is present

2020-12-24 00:55:08 - [MESSAGE][PASSED] - Text '' is set on object 'Object Repository/VLink/Page_CCSale/txt_TaxAmount'

2020-12-24 00:55:09 - [MESSAGE][PASSED] - Object 'Object Repository/VLink/Page_CCSale/txt_ChargeDescription' is present

2020-12-24 00:55:09 - [MESSAGE][PASSED] - Text '' is set on object 'Object Repository/VLink/Page_CCSale/txt_ChargeDescription'

2020-12-24 00:55:10 - [MESSAGE][PASSED] - Object 'Object Repository/VLink/Page_CCSale/txt_CAN' is present

2020-12-24 00:55:10 - [MESSAGE][PASSED] - Text '' is set on object 'Object Repository/VLink/Page_CCSale/txt_CAN'

2020-12-24 00:55:11 - [MESSAGE][PASSED] - Object 'Object Repository/VLink/Page_CCSale/txt_BillPaymentIndicator' is present

2020-12-24 00:55:11 - [MESSAGE][PASSED] - Text '' is set on object 'Object Repository/VLink/Page_CCSale/txt_BillPaymentIndicator'

2020-12-24 00:55:12 - [MESSAGE][PASSED] - Object 'Object Repository/VLink/Page_CCSale/txt_UDF1' is present

2020-12-24 00:55:12 - [MESSAGE][PASSED] - Text '' is set on object 'Object Repository/VLink/Page_CCSale/txt_UDF1'

2020-12-24 00:55:13 - [MESSAGE][PASSED] - Object 'Object Repository/VLink/Page_CCSale/txt_UDF2' is present

2020-12-24 00:55:13 - [MESSAGE][PASSED] - Text '' is set on object 'Object Repository/VLink/Page_CCSale/txt_UDF2'

2020-12-24 00:55:14 - [MESSAGE][PASSED] - Object 'Object Repository/VLink/Page_CCSale/txt_UDF3' is present

2020-12-24 00:55:14 - [MESSAGE][PASSED] - Text '' is set on object 'Object Repository/VLink/Page_CCSale/txt_UDF3'

2020-12-24 00:55:15 - [MESSAGE][PASSED] - Object 'Object Repository/VLink/Page_CCSale/txt_UDF4' is present

2020-12-24 00:55:15 - [MESSAGE][PASSED] - Text '' is set on object 'Object Repository/VLink/Page_CCSale/txt_UDF4'

2020-12-24 00:55:16 - [MESSAGE][PASSED] - Object 'Object Repository/VLink/Page_CCSale/txt_UDF5' is present

2020-12-24 00:55:16 - [MESSAGE][PASSED] - Text '' is set on object 'Object Repository/VLink/Page_CCSale/txt_UDF5'

2020-12-24 00:55:16 - [MESSAGE][PASSED] - Object 'Object Repository/VLink/Page_CCSale/txt_UDF6' is present

2020-12-24 00:55:17 - [MESSAGE][PASSED] - Text '' is set on object 'Object Repository/VLink/Page_CCSale/txt_UDF6'

2020-12-24 00:55:17 - [MESSAGE][PASSED] - Object 'Object Repository/VLink/Page_CCSale/txt_UDF7' is present

2020-12-24 00:55:18 - [MESSAGE][PASSED] - Text '' is set on object 'Object Repository/VLink/Page_CCSale/txt_UDF7'

2020-12-24 00:55:18 - [MESSAGE][PASSED] - Object 'Object Repository/VLink/Page_CCSale/txt_UDF8' is present

2020-12-24 00:55:19 - [MESSAGE][PASSED] - Text '' is set on object 'Object Repository/VLink/Page_CCSale/txt_UDF8'

2020-12-24 00:55:19 - [MESSAGE][PASSED] - Object 'Object Repository/VLink/Page_CCSale/txt_UDF9' is present

2020-12-24 00:55:20 - [MESSAGE][PASSED] - Text '' is set on object 'Object Repository/VLink/Page_CCSale/txt_UDF9'

2020-12-24 00:55:20 - [MESSAGE][PASSED] - Object 'Object Repository/VLink/Page_CCSale/txt_UDF10' is present

2020-12-24 00:55:21 - [MESSAGE][PASSED] - Text '' is set on object 'Object Repository/VLink/Page_CCSale/txt_UDF10'

2020-12-24 00:55:21 - [MESSAGE][PASSED] - Object 'Object Repository/VLink/Page_CCSale/txt_CardOnFileIndicator' is present

2020-12-24 00:55:22 - [MESSAGE][PASSED] - Text '1' is set on object 'Object Repository/VLink/Page_CCSale/txt_CardOnFileIndicator'

2020-12-24 00:55:22 - [MESSAGE][PASSED] - Object 'Object Repository/VLink/Page_CCSale/txt_StoredCredentialIndicator' is present

2020-12-24 00:55:23 - [MESSAGE][PASSED] - Text 'Subsequent' is set on object 'Object Repository/VLink/Page_CCSale/txt_StoredCredentialIndicator'

2020-12-24 00:55:23 - [MESSAGE][PASSED] - Object 'Object Repository/VLink/Page_CCSale/txt_COFScheduledIndicator' is present

2020-12-24 00:55:24 - [MESSAGE][PASSED] - Text 'Scheduled' is set on object 'Object Repository/VLink/Page_CCSale/txt_COFScheduledIndicator'

2020-12-24 00:55:24 - [MESSAGE][PASSED] - Object 'Object Repository/VLink/Page_CCSale/txt_COFTransactionInitiatedBy' is present

2020-12-24 00:55:25 - [MESSAGE][PASSED] - Text 'Merchant' is set on object 'Object Repository/VLink/Page_CCSale/txt_COFTransactionInitiatedBy'

2020-12-24 00:55:29 - [MESSAGE][PASSED] - Object: 'Object Repository/VLink/Page_CCSale/btn_ProcessVLinkTransaction' is clicked on

2020-12-24 00:55:34 - [MESSAGE][PASSED] - vlinkPages.saleCCPage.setDataSCC is PASSED

2020-12-24 00:55:34 - [TEST_STEP][PASSED] - if (verifyTextPresent("Transaction approved, no errors", true)): null

2020-12-24 00:55:34 - [MESSAGE][PASSED] - Text 'Transaction approved, no errors' is present on page  using regular expression

2020-12-24 00:55:34 - [TEST_STEP][PASSED] - println("Transaction Approved, no errors text is present on the Confirmation page"): null

2020-12-24 00:55:34 - [TEST_STEP][PASSED] - out.println("Pass Record Number: " + row): null

2020-12-24 00:55:34 - [TEST_STEP][PASSED] - resText = "Pass": null

2020-12-24 00:55:34 - [TEST_STEP][PASSED] - pages.WriteExcel.demoKey(resText, datText, resColumn, datCloumn, fileLoc, nameSheet, row): pages.WriteExcel.demoKey is PASSED

2020-12-24 00:55:34 - [MESSAGE][PASSED] - pages.WriteExcel.demoKey is PASSED

2020-12-24 00:55:34 - [TEST_STEP][PASSED] - sdfo = getText(findTestObject("Object Repository/Page_VLinkReceipt/pre_STX")): Text of object 'Object Repository/Page_VLinkReceipt/pre_STX' is: '<STX>HxNAXCB4tXsc                  12088138            0  Transaction approved, no errors                   0                                                                                  Y OK7128   <ETX>'

2020-12-24 00:55:34 - [MESSAGE][PASSED] - Text of object 'Object Repository/Page_VLinkReceipt/pre_STX' is: '<STX>HxNAXCB4tXsc                  12088138            0  Transaction approved, no errors                   0                                                                                  Y OK7128   <ETX>'

2020-12-24 00:55:34 - [TEST_STEP][PASSED] - out.println("sdfo: " + sdfo): null

2020-12-24 00:55:34 - [TEST_STEP][PASSED] - remID = substring(5, 35).trim(): null

2020-12-24 00:55:34 - [TEST_STEP][PASSED] - out.println("Remittance ID: " + remID): null

2020-12-24 00:55:34 - [TEST_STEP][PASSED] - traxID = substring(35, 55).trim(): null

2020-12-24 00:55:34 - [TEST_STEP][PASSED] - out.println("Transaction ID: " + traxID): null

2020-12-24 00:55:34 - [TEST_STEP][PASSED] - out.println("End Record Number: " + row): null

2020-12-24 00:55:34 - [TEST_STEP][PASSED] - closeBrowser(): Browser is closed

2020-12-24 00:55:35 - [MESSAGE][PASSED] - Browser is closed

2020-12-24 00:55:35 - [TEST_STEP][PASSED] - out.println("Begin Record Number: " + row): null

2020-12-24 00:55:35 - [TEST_STEP][PASSED] - today = new java.util.Date(): null

2020-12-24 00:55:35 - [TEST_STEP][PASSED] - println(today): null

2020-12-24 00:55:35 - [TEST_STEP][PASSED] - datText = today: null

2020-12-24 00:55:35 - [TEST_STEP][PASSED] - openBrowser(VLinkURL + "authcap.html"): Browser is opened with url: 'https://dev-algorithm.govolution.com/vlinktest/QA/version_2_0/authcap.html'

2020-12-24 00:55:35 - [MESSAGE][INFO] - Starting 'Chrome' driver

2020-12-24 00:55:35 - [MESSAGE][INFO] - User set preference: ['acceptInsecureCerts', 'true']

2020-12-24 00:55:35 - [MESSAGE][INFO] - Action delay is set to 0 milliseconds

2020-12-24 00:55:39 - [MESSAGE][PASSED] - Browser is opened with url: 'https://dev-algorithm.govolution.com/vlinktest/QA/version_2_0/authcap.html'

2020-12-24 00:55:39 - [TEST_STEP][PASSED] - maximizeWindow(): Current window maximized

2020-12-24 00:55:39 - [MESSAGE][PASSED] - Current window maximized

2020-12-24 00:55:39 - [TEST_STEP][PASSED] - vlinkPages.saleCCPage.setDataSCC(row, dataFile): vlinkPages.saleCCPage.setDataSCC is PASSED

2020-12-24 00:55:41 - [MESSAGE][PASSED] - Object 'Object Repository/VLink/Page_CCSale/txt_CardNumber' is present

2020-12-24 00:55:41 - [MESSAGE][PASSED] - Object 'Object Repository/VLink/Page_CCSale/txt_TransactionType' is present

2020-12-24 00:55:42 - [MESSAGE][PASSED] - Text '104' is set on object 'Object Repository/VLink/Page_CCSale/txt_TransactionType'

2020-12-24 00:55:42 - [MESSAGE][PASSED] - Object 'Object Repository/VLink/Page_CCSale/txt_MessageVersion' is present

2020-12-24 00:55:43 - [MESSAGE][PASSED] - Text '2.0C' is set on object 'Object Repository/VLink/Page_CCSale/txt_MessageVersion'

2020-12-24 00:55:43 - [MESSAGE][PASSED] - Object 'Object Repository/VLink/Page_CCSale/txt_RemID' is present

2020-12-24 00:55:44 - [MESSAGE][PASSED] - Text '3Ah6nuurWOZy' is set on object 'Object Repository/VLink/Page_CCSale/txt_RemID'

2020-12-24 00:55:44 - [MESSAGE][PASSED] - Object 'Object Repository/VLink/Page_CCSale/txt_ApplicationId' is present

2020-12-24 00:55:44 - [MESSAGE][PASSED] - Text '667' is set on object 'Object Repository/VLink/Page_CCSale/txt_ApplicationId'

2020-12-24 00:55:45 - [MESSAGE][PASSED] - Object 'Object Repository/VLink/Page_CCSale/txt_Username' is present

2020-12-24 00:55:45 - [MESSAGE][PASSED] - Text 'username' is set on object 'Object Repository/VLink/Page_CCSale/txt_Username'

2020-12-24 00:55:46 - [MESSAGE][PASSED] - Object 'Object Repository/VLink/Page_CCSale/txt_Password' is present

2020-12-24 00:55:46 - [MESSAGE][PASSED] - Text 'password' is set on object 'Object Repository/VLink/Page_CCSale/txt_Password'

2020-12-24 00:55:46 - [MESSAGE][PASSED] - Object 'Object Repository/VLink/Page_CCSale/txt_ResponseFormat' is present

2020-12-24 00:55:47 - [MESSAGE][PASSED] - Text 'fixed_width' is set on object 'Object Repository/VLink/Page_CCSale/txt_ResponseFormat'

2020-12-24 00:55:47 - [MESSAGE][PASSED] - Object 'Object Repository/VLink/Page_CCSale/txt_Category' is present

2020-12-24 00:55:48 - [MESSAGE][PASSED] - Text 'ECOM' is set on object 'Object Repository/VLink/Page_CCSale/txt_Category'

2020-12-24 00:55:48 - [MESSAGE][PASSED] - Object 'Object Repository/VLink/Page_CCSale/txt_TransactionID' is present

2020-12-24 00:55:49 - [MESSAGE][PASSED] - Text '' is set on object 'Object Repository/VLink/Page_CCSale/txt_TransactionID'

2020-12-24 00:55:49 - [MESSAGE][PASSED] - Object 'Object Repository/VLink/Page_CCSale/txt_ApprovalCode' is present

2020-12-24 00:55:50 - [MESSAGE][PASSED] - Text '' is set on object 'Object Repository/VLink/Page_CCSale/txt_ApprovalCode'

2020-12-24 00:55:50 - [MESSAGE][PASSED] - Object 'Object Repository/VLink/Page_CCSale/txt_CardName' is present

2020-12-24 00:55:51 - [MESSAGE][PASSED] - Text 'Roshan Maha' is set on object 'Object Repository/VLink/Page_CCSale/txt_CardName'

2020-12-24 00:55:51 - [MESSAGE][PASSED] - Object 'Object Repository/VLink/Page_CCSale/txt_AL1' is present

2020-12-24 00:55:52 - [MESSAGE][PASSED] - Text '12563 Bazaar road' is set on object 'Object Repository/VLink/Page_CCSale/txt_AL1'

2020-12-24 00:55:52 - [MESSAGE][PASSED] - Object 'Object Repository/VLink/Page_CCSale/txt_AL2' is present

2020-12-24 00:55:53 - [MESSAGE][PASSED] - Text '' is set on object 'Object Repository/VLink/Page_CCSale/txt_AL2'

2020-12-24 00:55:53 - [MESSAGE][PASSED] - Object 'Object Repository/VLink/Page_CCSale/txt_CardCity' is present

2020-12-24 00:55:53 - [MESSAGE][PASSED] - Text 'Crofton' is set on object 'Object Repository/VLink/Page_CCSale/txt_CardCity'

2020-12-24 00:55:54 - [MESSAGE][PASSED] - Object 'Object Repository/VLink/Page_CCSale/txt_CardState' is present

2020-12-24 00:55:54 - [MESSAGE][PASSED] - Text 'MD' is set on object 'Object Repository/VLink/Page_CCSale/txt_CardState'

2020-12-24 00:55:55 - [MESSAGE][PASSED] - Object 'Object Repository/VLink/Page_CCSale/txt_CardZIP' is present

2020-12-24 00:55:56 - [MESSAGE][PASSED] - Text '21114' is set on object 'Object Repository/VLink/Page_CCSale/txt_CardZIP'

2020-12-24 00:55:56 - [MESSAGE][PASSED] - Object 'Object Repository/VLink/Page_CCSale/txt_CountryID' is present

2020-12-24 00:55:56 - [MESSAGE][PASSED] - Text '' is set on object 'Object Repository/VLink/Page_CCSale/txt_CountryID'

2020-12-24 00:55:57 - [MESSAGE][PASSED] - Object 'Object Repository/VLink/Page_CCSale/txt_Amount' is present

2020-12-24 00:55:57 - [MESSAGE][PASSED] - Text '3.50' is set on object 'Object Repository/VLink/Page_CCSale/txt_Amount'

2020-12-24 00:55:58 - [MESSAGE][PASSED] - Object 'Object Repository/VLink/Page_CCSale/txt_CardNumber' is present

2020-12-24 00:55:58 - [MESSAGE][PASSED] - Text '370000000000002' is set on object 'Object Repository/VLink/Page_CCSale/txt_CardNumber'

2020-12-24 00:55:59 - [MESSAGE][PASSED] - Object 'Object Repository/VLink/Page_CCSale/txt_ExpMonth' is present

2020-12-24 00:55:59 - [MESSAGE][PASSED] - Text '01' is set on object 'Object Repository/VLink/Page_CCSale/txt_ExpMonth'

2020-12-24 00:56:00 - [MESSAGE][PASSED] - Object 'Object Repository/VLink/Page_CCSale/txt_ExpYear' is present

2020-12-24 00:56:00 - [MESSAGE][PASSED] - Text '2026' is set on object 'Object Repository/VLink/Page_CCSale/txt_ExpYear'

2020-12-24 00:56:01 - [MESSAGE][PASSED] - Object 'Object Repository/VLink/Page_CCSale/txt_CVV' is present

2020-12-24 00:56:01 - [MESSAGE][PASSED] - Text '' is set on object 'Object Repository/VLink/Page_CCSale/txt_CVV'

2020-12-24 00:56:02 - [MESSAGE][PASSED] - Object 'Object Repository/VLink/Page_CCSale/txt_CVVstate' is present

2020-12-24 00:56:02 - [MESSAGE][PASSED] - Text '' is set on object 'Object Repository/VLink/Page_CCSale/txt_CVVstate'

2020-12-24 00:56:03 - [MESSAGE][PASSED] - Object 'Object Repository/VLink/Page_CCSale/txt_TrackData' is present

2020-12-24 00:56:03 - [MESSAGE][PASSED] - Text '' is set on object 'Object Repository/VLink/Page_CCSale/txt_TrackData'

2020-12-24 00:56:04 - [MESSAGE][PASSED] - Object 'Object Repository/VLink/Page_CCSale/txt_Track1Data' is present

2020-12-24 00:56:04 - [MESSAGE][PASSED] - Text '' is set on object 'Object Repository/VLink/Page_CCSale/txt_Track1Data'

2020-12-24 00:56:05 - [MESSAGE][PASSED] - Object 'Object Repository/VLink/Page_CCSale/txt_Track2Data' is present

2020-12-24 00:56:05 - [MESSAGE][PASSED] - Text '' is set on object 'Object Repository/VLink/Page_CCSale/txt_Track2Data'

2020-12-24 00:56:06 - [MESSAGE][PASSED] - Object 'Object Repository/VLink/Page_CCSale/txt_POSEntryMode' is present

2020-12-24 00:56:06 - [MESSAGE][PASSED] - Text 'manual' is set on object 'Object Repository/VLink/Page_CCSale/txt_POSEntryMode'

2020-12-24 00:56:07 - [MESSAGE][PASSED] - Object 'Object Repository/VLink/Page_CCSale/txt_Email' is present

2020-12-24 00:56:07 - [MESSAGE][PASSED] - Text '' is set on object 'Object Repository/VLink/Page_CCSale/txt_Email'

2020-12-24 00:56:08 - [MESSAGE][PASSED] - Object 'Object Repository/VLink/Page_CCSale/txt_OrderNumber' is present

2020-12-24 00:56:08 - [MESSAGE][PASSED] - Text '' is set on object 'Object Repository/VLink/Page_CCSale/txt_OrderNumber'

2020-12-24 00:56:09 - [MESSAGE][PASSED] - Object 'Object Repository/VLink/Page_CCSale/txt_TaxAmount' is present

2020-12-24 00:56:09 - [MESSAGE][PASSED] - Text '' is set on object 'Object Repository/VLink/Page_CCSale/txt_TaxAmount'

2020-12-24 00:56:10 - [MESSAGE][PASSED] - Object 'Object Repository/VLink/Page_CCSale/txt_ChargeDescription' is present

2020-12-24 00:56:10 - [MESSAGE][PASSED] - Text '' is set on object 'Object Repository/VLink/Page_CCSale/txt_ChargeDescription'

2020-12-24 00:56:11 - [MESSAGE][PASSED] - Object 'Object Repository/VLink/Page_CCSale/txt_CAN' is present

2020-12-24 00:56:11 - [MESSAGE][PASSED] - Text '' is set on object 'Object Repository/VLink/Page_CCSale/txt_CAN'

2020-12-24 00:56:12 - [MESSAGE][PASSED] - Object 'Object Repository/VLink/Page_CCSale/txt_BillPaymentIndicator' is present

2020-12-24 00:56:12 - [MESSAGE][PASSED] - Text '' is set on object 'Object Repository/VLink/Page_CCSale/txt_BillPaymentIndicator'

2020-12-24 00:56:12 - [MESSAGE][PASSED] - Object 'Object Repository/VLink/Page_CCSale/txt_UDF1' is present

2020-12-24 00:56:13 - [MESSAGE][PASSED] - Text '' is set on object 'Object Repository/VLink/Page_CCSale/txt_UDF1'

2020-12-24 00:56:13 - [MESSAGE][PASSED] - Object 'Object Repository/VLink/Page_CCSale/txt_UDF2' is present

2020-12-24 00:56:14 - [MESSAGE][PASSED] - Text '' is set on object 'Object Repository/VLink/Page_CCSale/txt_UDF2'

2020-12-24 00:56:14 - [MESSAGE][PASSED] - Object 'Object Repository/VLink/Page_CCSale/txt_UDF3' is present

2020-12-24 00:56:15 - [MESSAGE][PASSED] - Text '' is set on object 'Object Repository/VLink/Page_CCSale/txt_UDF3'

2020-12-24 00:56:15 - [MESSAGE][PASSED] - Object 'Object Repository/VLink/Page_CCSale/txt_UDF4' is present

2020-12-24 00:56:16 - [MESSAGE][PASSED] - Text '' is set on object 'Object Repository/VLink/Page_CCSale/txt_UDF4'

2020-12-24 00:56:16 - [MESSAGE][PASSED] - Object 'Object Repository/VLink/Page_CCSale/txt_UDF5' is present

2020-12-24 00:56:17 - [MESSAGE][PASSED] - Text '' is set on object 'Object Repository/VLink/Page_CCSale/txt_UDF5'

2020-12-24 00:56:17 - [MESSAGE][PASSED] - Object 'Object Repository/VLink/Page_CCSale/txt_UDF6' is present

2020-12-24 00:56:18 - [MESSAGE][PASSED] - Text '' is set on object 'Object Repository/VLink/Page_CCSale/txt_UDF6'

2020-12-24 00:56:18 - [MESSAGE][PASSED] - Object 'Object Repository/VLink/Page_CCSale/txt_UDF7' is present

2020-12-24 00:56:19 - [MESSAGE][PASSED] - Text '' is set on object 'Object Repository/VLink/Page_CCSale/txt_UDF7'

2020-12-24 00:56:19 - [MESSAGE][PASSED] - Object 'Object Repository/VLink/Page_CCSale/txt_UDF8' is present

2020-12-24 00:56:20 - [MESSAGE][PASSED] - Text '' is set on object 'Object Repository/VLink/Page_CCSale/txt_UDF8'

2020-12-24 00:56:20 - [MESSAGE][PASSED] - Object 'Object Repository/VLink/Page_CCSale/txt_UDF9' is present

2020-12-24 00:56:21 - [MESSAGE][PASSED] - Text '' is set on object 'Object Repository/VLink/Page_CCSale/txt_UDF9'

2020-12-24 00:56:21 - [MESSAGE][PASSED] - Object 'Object Repository/VLink/Page_CCSale/txt_UDF10' is present

2020-12-24 00:56:22 - [MESSAGE][PASSED] - Text '' is set on object 'Object Repository/VLink/Page_CCSale/txt_UDF10'

2020-12-24 00:56:22 - [MESSAGE][PASSED] - Object 'Object Repository/VLink/Page_CCSale/txt_CardOnFileIndicator' is present

2020-12-24 00:56:23 - [MESSAGE][PASSED] - Text '1' is set on object 'Object Repository/VLink/Page_CCSale/txt_CardOnFileIndicator'

2020-12-24 00:56:23 - [MESSAGE][PASSED] - Object 'Object Repository/VLink/Page_CCSale/txt_StoredCredentialIndicator' is present

2020-12-24 00:56:24 - [MESSAGE][PASSED] - Text 'Subsequent' is set on object 'Object Repository/VLink/Page_CCSale/txt_StoredCredentialIndicator'

2020-12-24 00:56:24 - [MESSAGE][PASSED] - Object 'Object Repository/VLink/Page_CCSale/txt_COFScheduledIndicator' is present

2020-12-24 00:56:25 - [MESSAGE][PASSED] - Text 'Scheduled' is set on object 'Object Repository/VLink/Page_CCSale/txt_COFScheduledIndicator'

2020-12-24 00:56:25 - [MESSAGE][PASSED] - Object 'Object Repository/VLink/Page_CCSale/txt_COFTransactionInitiatedBy' is present

2020-12-24 00:56:26 - [MESSAGE][PASSED] - Text 'Merchant' is set on object 'Object Repository/VLink/Page_CCSale/txt_COFTransactionInitiatedBy'

2020-12-24 00:56:32 - [MESSAGE][PASSED] - Object: 'Object Repository/VLink/Page_CCSale/btn_ProcessVLinkTransaction' is clicked on

2020-12-24 00:56:37 - [MESSAGE][PASSED] - vlinkPages.saleCCPage.setDataSCC is PASSED

2020-12-24 00:56:37 - [TEST_STEP][PASSED] - if (verifyTextPresent("Transaction approved, no errors", true)): null

2020-12-24 00:56:37 - [MESSAGE][PASSED] - Text 'Transaction approved, no errors' is present on page  using regular expression

2020-12-24 00:56:37 - [TEST_STEP][PASSED] - println("Transaction Approved, no errors text is present on the Confirmation page"): null

2020-12-24 00:56:37 - [TEST_STEP][PASSED] - out.println("Pass Record Number: " + row): null

2020-12-24 00:56:37 - [TEST_STEP][PASSED] - resText = "Pass": null

2020-12-24 00:56:37 - [TEST_STEP][PASSED] - pages.WriteExcel.demoKey(resText, datText, resColumn, datCloumn, fileLoc, nameSheet, row): pages.WriteExcel.demoKey is PASSED

2020-12-24 00:56:37 - [MESSAGE][PASSED] - pages.WriteExcel.demoKey is PASSED

2020-12-24 00:56:37 - [TEST_STEP][PASSED] - sdfo = getText(findTestObject("Object Repository/Page_VLinkReceipt/pre_STX")): Text of object 'Object Repository/Page_VLinkReceipt/pre_STX' is: '<STX>3Ah6nuurWOZy                  12088139            0  Transaction approved, no errors                   0                                                                                  Y OK7378   <ETX>'

2020-12-24 00:56:37 - [MESSAGE][PASSED] - Text of object 'Object Repository/Page_VLinkReceipt/pre_STX' is: '<STX>3Ah6nuurWOZy                  12088139            0  Transaction approved, no errors                   0                                                                                  Y OK7378   <ETX>'

2020-12-24 00:56:37 - [TEST_STEP][PASSED] - out.println("sdfo: " + sdfo): null

2020-12-24 00:56:37 - [TEST_STEP][PASSED] - remID = substring(5, 35).trim(): null

2020-12-24 00:56:37 - [TEST_STEP][PASSED] - out.println("Remittance ID: " + remID): null

2020-12-24 00:56:37 - [TEST_STEP][PASSED] - traxID = substring(35, 55).trim(): null

2020-12-24 00:56:37 - [TEST_STEP][PASSED] - out.println("Transaction ID: " + traxID): null

2020-12-24 00:56:37 - [TEST_STEP][PASSED] - out.println("End Record Number: " + row): null

2020-12-24 00:56:37 - [TEST_STEP][PASSED] - closeBrowser(): Browser is closed

2020-12-24 00:56:38 - [MESSAGE][PASSED] - Browser is closed

2020-12-24 00:56:38 - [TEST_STEP][PASSED] - out.println("Begin Record Number: " + row): null

2020-12-24 00:56:38 - [TEST_STEP][PASSED] - today = new java.util.Date(): null

2020-12-24 00:56:38 - [TEST_STEP][PASSED] - println(today): null

2020-12-24 00:56:38 - [TEST_STEP][PASSED] - datText = today: null

2020-12-24 00:56:38 - [TEST_STEP][PASSED] - openBrowser(VLinkURL + "authcap.html"): Browser is opened with url: 'https://dev-algorithm.govolution.com/vlinktest/QA/version_2_0/authcap.html'

2020-12-24 00:56:38 - [MESSAGE][INFO] - Starting 'Chrome' driver

2020-12-24 00:56:38 - [MESSAGE][INFO] - User set preference: ['acceptInsecureCerts', 'true']

2020-12-24 00:56:38 - [MESSAGE][INFO] - Action delay is set to 0 milliseconds

2020-12-24 00:56:42 - [MESSAGE][PASSED] - Browser is opened with url: 'https://dev-algorithm.govolution.com/vlinktest/QA/version_2_0/authcap.html'

2020-12-24 00:56:42 - [TEST_STEP][PASSED] - maximizeWindow(): Current window maximized

2020-12-24 00:56:42 - [MESSAGE][PASSED] - Current window maximized

2020-12-24 00:56:42 - [TEST_STEP][PASSED] - vlinkPages.saleCCPage.setDataSCC(row, dataFile): vlinkPages.saleCCPage.setDataSCC is PASSED

2020-12-24 00:56:44 - [MESSAGE][PASSED] - Object 'Object Repository/VLink/Page_CCSale/txt_CardNumber' is present

2020-12-24 00:56:45 - [MESSAGE][PASSED] - Object 'Object Repository/VLink/Page_CCSale/txt_TransactionType' is present

2020-12-24 00:56:45 - [MESSAGE][PASSED] - Text '104' is set on object 'Object Repository/VLink/Page_CCSale/txt_TransactionType'

2020-12-24 00:56:46 - [MESSAGE][PASSED] - Object 'Object Repository/VLink/Page_CCSale/txt_MessageVersion' is present

2020-12-24 00:56:46 - [MESSAGE][PASSED] - Text '2.0C' is set on object 'Object Repository/VLink/Page_CCSale/txt_MessageVersion'

2020-12-24 00:56:47 - [MESSAGE][PASSED] - Object 'Object Repository/VLink/Page_CCSale/txt_RemID' is present

2020-12-24 00:56:47 - [MESSAGE][PASSED] - Text 'GBtdfgomO7OS' is set on object 'Object Repository/VLink/Page_CCSale/txt_RemID'

2020-12-24 00:56:48 - [MESSAGE][PASSED] - Object 'Object Repository/VLink/Page_CCSale/txt_ApplicationId' is present

2020-12-24 00:56:48 - [MESSAGE][PASSED] - Text '667' is set on object 'Object Repository/VLink/Page_CCSale/txt_ApplicationId'

2020-12-24 00:56:48 - [MESSAGE][PASSED] - Object 'Object Repository/VLink/Page_CCSale/txt_Username' is present

2020-12-24 00:56:49 - [MESSAGE][PASSED] - Text 'username' is set on object 'Object Repository/VLink/Page_CCSale/txt_Username'

2020-12-24 00:56:49 - [MESSAGE][PASSED] - Object 'Object Repository/VLink/Page_CCSale/txt_Password' is present

2020-12-24 00:56:50 - [MESSAGE][PASSED] - Text 'password' is set on object 'Object Repository/VLink/Page_CCSale/txt_Password'

2020-12-24 00:56:50 - [MESSAGE][PASSED] - Object 'Object Repository/VLink/Page_CCSale/txt_ResponseFormat' is present

2020-12-24 00:56:51 - [MESSAGE][PASSED] - Text 'fixed_width' is set on object 'Object Repository/VLink/Page_CCSale/txt_ResponseFormat'

2020-12-24 00:56:51 - [MESSAGE][PASSED] - Object 'Object Repository/VLink/Page_CCSale/txt_Category' is present

2020-12-24 00:56:52 - [MESSAGE][PASSED] - Text 'ECOM' is set on object 'Object Repository/VLink/Page_CCSale/txt_Category'

2020-12-24 00:56:52 - [MESSAGE][PASSED] - Object 'Object Repository/VLink/Page_CCSale/txt_TransactionID' is present

2020-12-24 00:56:53 - [MESSAGE][PASSED] - Text '' is set on object 'Object Repository/VLink/Page_CCSale/txt_TransactionID'

2020-12-24 00:56:53 - [MESSAGE][PASSED] - Object 'Object Repository/VLink/Page_CCSale/txt_ApprovalCode' is present

2020-12-24 00:56:53 - [MESSAGE][PASSED] - Text '' is set on object 'Object Repository/VLink/Page_CCSale/txt_ApprovalCode'

2020-12-24 00:56:54 - [MESSAGE][PASSED] - Object 'Object Repository/VLink/Page_CCSale/txt_CardName' is present

2020-12-24 00:56:54 - [MESSAGE][PASSED] - Text 'Kris Roshan' is set on object 'Object Repository/VLink/Page_CCSale/txt_CardName'

2020-12-24 00:56:55 - [MESSAGE][PASSED] - Object 'Object Repository/VLink/Page_CCSale/txt_AL1' is present

2020-12-24 00:56:55 - [MESSAGE][PASSED] - Text '258 Elm Road' is set on object 'Object Repository/VLink/Page_CCSale/txt_AL1'

2020-12-24 00:56:56 - [MESSAGE][PASSED] - Object 'Object Repository/VLink/Page_CCSale/txt_AL2' is present

2020-12-24 00:56:56 - [MESSAGE][PASSED] - Text 'Suite 56' is set on object 'Object Repository/VLink/Page_CCSale/txt_AL2'

2020-12-24 00:56:57 - [MESSAGE][PASSED] - Object 'Object Repository/VLink/Page_CCSale/txt_CardCity' is present

2020-12-24 00:56:57 - [MESSAGE][PASSED] - Text 'Arlington' is set on object 'Object Repository/VLink/Page_CCSale/txt_CardCity'

2020-12-24 00:56:58 - [MESSAGE][PASSED] - Object 'Object Repository/VLink/Page_CCSale/txt_CardState' is present

2020-12-24 00:56:58 - [MESSAGE][PASSED] - Text 'VA' is set on object 'Object Repository/VLink/Page_CCSale/txt_CardState'

2020-12-24 00:56:58 - [MESSAGE][PASSED] - Object 'Object Repository/VLink/Page_CCSale/txt_CardZIP' is present

2020-12-24 00:56:59 - [MESSAGE][PASSED] - Text '22201' is set on object 'Object Repository/VLink/Page_CCSale/txt_CardZIP'

2020-12-24 00:56:59 - [MESSAGE][PASSED] - Object 'Object Repository/VLink/Page_CCSale/txt_CountryID' is present

2020-12-24 00:57:00 - [MESSAGE][PASSED] - Text '840' is set on object 'Object Repository/VLink/Page_CCSale/txt_CountryID'

2020-12-24 00:57:00 - [MESSAGE][PASSED] - Object 'Object Repository/VLink/Page_CCSale/txt_Amount' is present

2020-12-24 00:57:01 - [MESSAGE][PASSED] - Text '1.50' is set on object 'Object Repository/VLink/Page_CCSale/txt_Amount'

2020-12-24 00:57:01 - [MESSAGE][PASSED] - Object 'Object Repository/VLink/Page_CCSale/txt_CardNumber' is present

2020-12-24 00:57:02 - [MESSAGE][PASSED] - Text '6011000000000004' is set on object 'Object Repository/VLink/Page_CCSale/txt_CardNumber'

2020-12-24 00:57:02 - [MESSAGE][PASSED] - Object 'Object Repository/VLink/Page_CCSale/txt_ExpMonth' is present

2020-12-24 00:57:03 - [MESSAGE][PASSED] - Text '12' is set on object 'Object Repository/VLink/Page_CCSale/txt_ExpMonth'

2020-12-24 00:57:03 - [MESSAGE][PASSED] - Object 'Object Repository/VLink/Page_CCSale/txt_ExpYear' is present

2020-12-24 00:57:04 - [MESSAGE][PASSED] - Text '2025' is set on object 'Object Repository/VLink/Page_CCSale/txt_ExpYear'

2020-12-24 00:57:04 - [MESSAGE][PASSED] - Object 'Object Repository/VLink/Page_CCSale/txt_CVV' is present

2020-12-24 00:57:05 - [MESSAGE][PASSED] - Text '' is set on object 'Object Repository/VLink/Page_CCSale/txt_CVV'

2020-12-24 00:57:05 - [MESSAGE][PASSED] - Object 'Object Repository/VLink/Page_CCSale/txt_CVVstate' is present

2020-12-24 00:57:06 - [MESSAGE][PASSED] - Text '' is set on object 'Object Repository/VLink/Page_CCSale/txt_CVVstate'

2020-12-24 00:57:06 - [MESSAGE][PASSED] - Object 'Object Repository/VLink/Page_CCSale/txt_TrackData' is present

2020-12-24 00:57:07 - [MESSAGE][PASSED] - Text '' is set on object 'Object Repository/VLink/Page_CCSale/txt_TrackData'

2020-12-24 00:57:07 - [MESSAGE][PASSED] - Object 'Object Repository/VLink/Page_CCSale/txt_Track1Data' is present

2020-12-24 00:57:08 - [MESSAGE][PASSED] - Text '' is set on object 'Object Repository/VLink/Page_CCSale/txt_Track1Data'

2020-12-24 00:57:08 - [MESSAGE][PASSED] - Object 'Object Repository/VLink/Page_CCSale/txt_Track2Data' is present

2020-12-24 00:57:09 - [MESSAGE][PASSED] - Text '' is set on object 'Object Repository/VLink/Page_CCSale/txt_Track2Data'

2020-12-24 00:57:09 - [MESSAGE][PASSED] - Object 'Object Repository/VLink/Page_CCSale/txt_POSEntryMode' is present

2020-12-24 00:57:10 - [MESSAGE][PASSED] - Text 'manual' is set on object 'Object Repository/VLink/Page_CCSale/txt_POSEntryMode'

2020-12-24 00:57:10 - [MESSAGE][PASSED] - Object 'Object Repository/VLink/Page_CCSale/txt_Email' is present

2020-12-24 00:57:11 - [MESSAGE][PASSED] - Text 'iahmed@govolution.com' is set on object 'Object Repository/VLink/Page_CCSale/txt_Email'

2020-12-24 00:57:11 - [MESSAGE][PASSED] - Object 'Object Repository/VLink/Page_CCSale/txt_OrderNumber' is present

2020-12-24 00:57:12 - [MESSAGE][PASSED] - Text '2569362' is set on object 'Object Repository/VLink/Page_CCSale/txt_OrderNumber'

2020-12-24 00:57:12 - [MESSAGE][PASSED] - Object 'Object Repository/VLink/Page_CCSale/txt_TaxAmount' is present

2020-12-24 00:57:13 - [MESSAGE][PASSED] - Text '1.15' is set on object 'Object Repository/VLink/Page_CCSale/txt_TaxAmount'

2020-12-24 00:57:13 - [MESSAGE][PASSED] - Object 'Object Repository/VLink/Page_CCSale/txt_ChargeDescription' is present

2020-12-24 00:57:14 - [MESSAGE][PASSED] - Text 'Charge Description' is set on object 'Object Repository/VLink/Page_CCSale/txt_ChargeDescription'

2020-12-24 00:57:14 - [MESSAGE][PASSED] - Object 'Object Repository/VLink/Page_CCSale/txt_CAN' is present

2020-12-24 00:57:15 - [MESSAGE][PASSED] - Text '147357' is set on object 'Object Repository/VLink/Page_CCSale/txt_CAN'

2020-12-24 00:57:15 - [MESSAGE][PASSED] - Object 'Object Repository/VLink/Page_CCSale/txt_BillPaymentIndicator' is present

2020-12-24 00:57:16 - [MESSAGE][PASSED] - Text '1' is set on object 'Object Repository/VLink/Page_CCSale/txt_BillPaymentIndicator'

2020-12-24 00:57:16 - [MESSAGE][PASSED] - Object 'Object Repository/VLink/Page_CCSale/txt_UDF1' is present

2020-12-24 00:57:17 - [MESSAGE][PASSED] - Text 'UDF Data 1' is set on object 'Object Repository/VLink/Page_CCSale/txt_UDF1'

2020-12-24 00:57:17 - [MESSAGE][PASSED] - Object 'Object Repository/VLink/Page_CCSale/txt_UDF2' is present

2020-12-24 00:57:18 - [MESSAGE][PASSED] - Text 'UDF Data 2' is set on object 'Object Repository/VLink/Page_CCSale/txt_UDF2'

2020-12-24 00:57:18 - [MESSAGE][PASSED] - Object 'Object Repository/VLink/Page_CCSale/txt_UDF3' is present

2020-12-24 00:57:19 - [MESSAGE][PASSED] - Text 'UDF Data 3' is set on object 'Object Repository/VLink/Page_CCSale/txt_UDF3'

2020-12-24 00:57:19 - [MESSAGE][PASSED] - Object 'Object Repository/VLink/Page_CCSale/txt_UDF4' is present

2020-12-24 00:57:20 - [MESSAGE][PASSED] - Text 'UDF Data 4' is set on object 'Object Repository/VLink/Page_CCSale/txt_UDF4'

2020-12-24 00:57:20 - [MESSAGE][PASSED] - Object 'Object Repository/VLink/Page_CCSale/txt_UDF5' is present

2020-12-24 00:57:21 - [MESSAGE][PASSED] - Text 'UDF Data 5' is set on object 'Object Repository/VLink/Page_CCSale/txt_UDF5'

2020-12-24 00:57:21 - [MESSAGE][PASSED] - Object 'Object Repository/VLink/Page_CCSale/txt_UDF6' is present

2020-12-24 00:57:22 - [MESSAGE][PASSED] - Text 'UDF Data 6' is set on object 'Object Repository/VLink/Page_CCSale/txt_UDF6'

2020-12-24 00:57:22 - [MESSAGE][PASSED] - Object 'Object Repository/VLink/Page_CCSale/txt_UDF7' is present

2020-12-24 00:57:23 - [MESSAGE][PASSED] - Text 'UDF Data 7' is set on object 'Object Repository/VLink/Page_CCSale/txt_UDF7'

2020-12-24 00:57:23 - [MESSAGE][PASSED] - Object 'Object Repository/VLink/Page_CCSale/txt_UDF8' is present

2020-12-24 00:57:24 - [MESSAGE][PASSED] - Text 'UDF Data 8' is set on object 'Object Repository/VLink/Page_CCSale/txt_UDF8'

2020-12-24 00:57:24 - [MESSAGE][PASSED] - Object 'Object Repository/VLink/Page_CCSale/txt_UDF9' is present

2020-12-24 00:57:25 - [MESSAGE][PASSED] - Text 'UDF Data 9' is set on object 'Object Repository/VLink/Page_CCSale/txt_UDF9'

2020-12-24 00:57:25 - [MESSAGE][PASSED] - Object 'Object Repository/VLink/Page_CCSale/txt_UDF10' is present

2020-12-24 00:57:26 - [MESSAGE][PASSED] - Text 'UDF Data 10' is set on object 'Object Repository/VLink/Page_CCSale/txt_UDF10'

2020-12-24 00:57:26 - [MESSAGE][PASSED] - Object 'Object Repository/VLink/Page_CCSale/txt_CardOnFileIndicator' is present

2020-12-24 00:57:27 - [MESSAGE][PASSED] - Text '1' is set on object 'Object Repository/VLink/Page_CCSale/txt_CardOnFileIndicator'

2020-12-24 00:57:27 - [MESSAGE][PASSED] - Object 'Object Repository/VLink/Page_CCSale/txt_StoredCredentialIndicator' is present

2020-12-24 00:57:28 - [MESSAGE][PASSED] - Text 'Subsequent' is set on object 'Object Repository/VLink/Page_CCSale/txt_StoredCredentialIndicator'

2020-12-24 00:57:28 - [MESSAGE][PASSED] - Object 'Object Repository/VLink/Page_CCSale/txt_COFScheduledIndicator' is present

2020-12-24 00:57:29 - [MESSAGE][PASSED] - Text 'Scheduled' is set on object 'Object Repository/VLink/Page_CCSale/txt_COFScheduledIndicator'

2020-12-24 00:57:29 - [MESSAGE][PASSED] - Object 'Object Repository/VLink/Page_CCSale/txt_COFTransactionInitiatedBy' is present

2020-12-24 00:57:30 - [MESSAGE][PASSED] - Text 'Merchant' is set on object 'Object Repository/VLink/Page_CCSale/txt_COFTransactionInitiatedBy'

2020-12-24 00:57:34 - [MESSAGE][PASSED] - Object: 'Object Repository/VLink/Page_CCSale/btn_ProcessVLinkTransaction' is clicked on

2020-12-24 00:57:39 - [MESSAGE][PASSED] - vlinkPages.saleCCPage.setDataSCC is PASSED

2020-12-24 00:57:39 - [TEST_STEP][PASSED] - if (verifyTextPresent("Transaction approved, no errors", true)): null

2020-12-24 00:57:40 - [MESSAGE][PASSED] - Text 'Transaction approved, no errors' is present on page  using regular expression

2020-12-24 00:57:40 - [TEST_STEP][PASSED] - println("Transaction Approved, no errors text is present on the Confirmation page"): null

2020-12-24 00:57:40 - [TEST_STEP][PASSED] - out.println("Pass Record Number: " + row): null

2020-12-24 00:57:40 - [TEST_STEP][PASSED] - resText = "Pass": null

2020-12-24 00:57:40 - [TEST_STEP][PASSED] - pages.WriteExcel.demoKey(resText, datText, resColumn, datCloumn, fileLoc, nameSheet, row): pages.WriteExcel.demoKey is PASSED

2020-12-24 00:57:40 - [MESSAGE][PASSED] - pages.WriteExcel.demoKey is PASSED

2020-12-24 00:57:40 - [TEST_STEP][PASSED] - sdfo = getText(findTestObject("Object Repository/Page_VLinkReceipt/pre_STX")): Text of object 'Object Repository/Page_VLinkReceipt/pre_STX' is: '<STX>GBtdfgomO7OS                  12088140            0  Transaction approved, no errors                   0                                                                                  Y OK7958   <ETX>'

2020-12-24 00:57:40 - [MESSAGE][PASSED] - Text of object 'Object Repository/Page_VLinkReceipt/pre_STX' is: '<STX>GBtdfgomO7OS                  12088140            0  Transaction approved, no errors                   0                                                                                  Y OK7958   <ETX>'

2020-12-24 00:57:40 - [TEST_STEP][PASSED] - out.println("sdfo: " + sdfo): null

2020-12-24 00:57:40 - [TEST_STEP][PASSED] - remID = substring(5, 35).trim(): null

2020-12-24 00:57:40 - [TEST_STEP][PASSED] - out.println("Remittance ID: " + remID): null

2020-12-24 00:57:40 - [TEST_STEP][PASSED] - traxID = substring(35, 55).trim(): null

2020-12-24 00:57:40 - [TEST_STEP][PASSED] - out.println("Transaction ID: " + traxID): null

2020-12-24 00:57:40 - [TEST_STEP][PASSED] - out.println("End Record Number: " + row): null

2020-12-24 00:57:40 - [TEST_STEP][PASSED] - closeBrowser(): Browser is closed

2020-12-24 00:57:41 - [MESSAGE][PASSED] - Browser is closed

2020-12-24 00:57:41 - [TEST_STEP][PASSED] - out.println("Begin Record Number: " + row): null

2020-12-24 00:57:41 - [TEST_STEP][PASSED] - today = new java.util.Date(): null

2020-12-24 00:57:41 - [TEST_STEP][PASSED] - println(today): null

2020-12-24 00:57:41 - [TEST_STEP][PASSED] - datText = today: null

2020-12-24 00:57:41 - [TEST_STEP][PASSED] - openBrowser(VLinkURL + "authcap.html"): Browser is opened with url: 'https://dev-algorithm.govolution.com/vlinktest/QA/version_2_0/authcap.html'

2020-12-24 00:57:41 - [MESSAGE][INFO] - Starting 'Chrome' driver

2020-12-24 00:57:41 - [MESSAGE][INFO] - User set preference: ['acceptInsecureCerts', 'true']

2020-12-24 00:57:41 - [MESSAGE][INFO] - Action delay is set to 0 milliseconds

2020-12-24 00:57:45 - [MESSAGE][PASSED] - Browser is opened with url: 'https://dev-algorithm.govolution.com/vlinktest/QA/version_2_0/authcap.html'

2020-12-24 00:57:45 - [TEST_STEP][PASSED] - maximizeWindow(): Current window maximized

2020-12-24 00:57:45 - [MESSAGE][PASSED] - Current window maximized

2020-12-24 00:57:45 - [TEST_STEP][PASSED] - vlinkPages.saleCCPage.setDataSCC(row, dataFile): vlinkPages.saleCCPage.setDataSCC is PASSED

2020-12-24 00:57:48 - [MESSAGE][PASSED] - Object 'Object Repository/VLink/Page_CCSale/txt_CardNumber' is present

2020-12-24 00:57:48 - [MESSAGE][PASSED] - Object 'Object Repository/VLink/Page_CCSale/txt_TransactionType' is present

2020-12-24 00:57:49 - [MESSAGE][PASSED] - Text '104' is set on object 'Object Repository/VLink/Page_CCSale/txt_TransactionType'

2020-12-24 00:57:49 - [MESSAGE][PASSED] - Object 'Object Repository/VLink/Page_CCSale/txt_MessageVersion' is present

2020-12-24 00:57:50 - [MESSAGE][PASSED] - Text '2.0C' is set on object 'Object Repository/VLink/Page_CCSale/txt_MessageVersion'

2020-12-24 00:57:50 - [MESSAGE][PASSED] - Object 'Object Repository/VLink/Page_CCSale/txt_RemID' is present

2020-12-24 00:57:50 - [MESSAGE][PASSED] - Text 'TJ0Lpwk7HEfH' is set on object 'Object Repository/VLink/Page_CCSale/txt_RemID'

2020-12-24 00:57:51 - [MESSAGE][PASSED] - Object 'Object Repository/VLink/Page_CCSale/txt_ApplicationId' is present

2020-12-24 00:57:51 - [MESSAGE][PASSED] - Text '670' is set on object 'Object Repository/VLink/Page_CCSale/txt_ApplicationId'

2020-12-24 00:57:52 - [MESSAGE][PASSED] - Object 'Object Repository/VLink/Page_CCSale/txt_Username' is present

2020-12-24 00:57:52 - [MESSAGE][PASSED] - Text 'username' is set on object 'Object Repository/VLink/Page_CCSale/txt_Username'

2020-12-24 00:57:52 - [MESSAGE][PASSED] - Object 'Object Repository/VLink/Page_CCSale/txt_Password' is present

2020-12-24 00:57:53 - [MESSAGE][PASSED] - Text 'password' is set on object 'Object Repository/VLink/Page_CCSale/txt_Password'

2020-12-24 00:57:53 - [MESSAGE][PASSED] - Object 'Object Repository/VLink/Page_CCSale/txt_ResponseFormat' is present

2020-12-24 00:57:54 - [MESSAGE][PASSED] - Text 'fixed_width' is set on object 'Object Repository/VLink/Page_CCSale/txt_ResponseFormat'

2020-12-24 00:57:54 - [MESSAGE][PASSED] - Object 'Object Repository/VLink/Page_CCSale/txt_Category' is present

2020-12-24 00:57:55 - [MESSAGE][PASSED] - Text 'MOTO' is set on object 'Object Repository/VLink/Page_CCSale/txt_Category'

2020-12-24 00:57:55 - [MESSAGE][PASSED] - Object 'Object Repository/VLink/Page_CCSale/txt_TransactionID' is present

2020-12-24 00:57:56 - [MESSAGE][PASSED] - Text '' is set on object 'Object Repository/VLink/Page_CCSale/txt_TransactionID'

2020-12-24 00:57:56 - [MESSAGE][PASSED] - Object 'Object Repository/VLink/Page_CCSale/txt_ApprovalCode' is present

2020-12-24 00:57:57 - [MESSAGE][PASSED] - Text '' is set on object 'Object Repository/VLink/Page_CCSale/txt_ApprovalCode'

2020-12-24 00:57:57 - [MESSAGE][PASSED] - Object 'Object Repository/VLink/Page_CCSale/txt_CardName' is present

2020-12-24 00:57:58 - [MESSAGE][PASSED] - Text 'Arvind Silva' is set on object 'Object Repository/VLink/Page_CCSale/txt_CardName'

2020-12-24 00:57:58 - [MESSAGE][PASSED] - Object 'Object Repository/VLink/Page_CCSale/txt_AL1' is present

2020-12-24 00:57:59 - [MESSAGE][PASSED] - Text '111 Main Ave' is set on object 'Object Repository/VLink/Page_CCSale/txt_AL1'

2020-12-24 00:57:59 - [MESSAGE][PASSED] - Object 'Object Repository/VLink/Page_CCSale/txt_AL2' is present

2020-12-24 00:58:00 - [MESSAGE][PASSED] - Text '' is set on object 'Object Repository/VLink/Page_CCSale/txt_AL2'

2020-12-24 00:58:00 - [MESSAGE][PASSED] - Object 'Object Repository/VLink/Page_CCSale/txt_CardCity' is present

2020-12-24 00:58:01 - [MESSAGE][PASSED] - Text 'Arlington' is set on object 'Object Repository/VLink/Page_CCSale/txt_CardCity'

2020-12-24 00:58:01 - [MESSAGE][PASSED] - Object 'Object Repository/VLink/Page_CCSale/txt_CardState' is present

2020-12-24 00:58:02 - [MESSAGE][PASSED] - Text 'VA' is set on object 'Object Repository/VLink/Page_CCSale/txt_CardState'

2020-12-24 00:58:02 - [MESSAGE][PASSED] - Object 'Object Repository/VLink/Page_CCSale/txt_CardZIP' is present

2020-12-24 00:58:03 - [MESSAGE][PASSED] - Text '22201' is set on object 'Object Repository/VLink/Page_CCSale/txt_CardZIP'

2020-12-24 00:58:03 - [MESSAGE][PASSED] - Object 'Object Repository/VLink/Page_CCSale/txt_CountryID' is present

2020-12-24 00:58:04 - [MESSAGE][PASSED] - Text '' is set on object 'Object Repository/VLink/Page_CCSale/txt_CountryID'

2020-12-24 00:58:04 - [MESSAGE][PASSED] - Object 'Object Repository/VLink/Page_CCSale/txt_Amount' is present

2020-12-24 00:58:05 - [MESSAGE][PASSED] - Text '2.50' is set on object 'Object Repository/VLink/Page_CCSale/txt_Amount'

2020-12-24 00:58:05 - [MESSAGE][PASSED] - Object 'Object Repository/VLink/Page_CCSale/txt_CardNumber' is present

2020-12-24 00:58:06 - [MESSAGE][PASSED] - Text '4111111111111111' is set on object 'Object Repository/VLink/Page_CCSale/txt_CardNumber'

2020-12-24 00:58:06 - [MESSAGE][PASSED] - Object 'Object Repository/VLink/Page_CCSale/txt_ExpMonth' is present

2020-12-24 00:58:07 - [MESSAGE][PASSED] - Text '01' is set on object 'Object Repository/VLink/Page_CCSale/txt_ExpMonth'

2020-12-24 00:58:07 - [MESSAGE][PASSED] - Object 'Object Repository/VLink/Page_CCSale/txt_ExpYear' is present

2020-12-24 00:58:08 - [MESSAGE][PASSED] - Text '2026' is set on object 'Object Repository/VLink/Page_CCSale/txt_ExpYear'

2020-12-24 00:58:08 - [MESSAGE][PASSED] - Object 'Object Repository/VLink/Page_CCSale/txt_CVV' is present

2020-12-24 00:58:09 - [MESSAGE][PASSED] - Text '' is set on object 'Object Repository/VLink/Page_CCSale/txt_CVV'

2020-12-24 00:58:09 - [MESSAGE][PASSED] - Object 'Object Repository/VLink/Page_CCSale/txt_CVVstate' is present

2020-12-24 00:58:10 - [MESSAGE][PASSED] - Text '' is set on object 'Object Repository/VLink/Page_CCSale/txt_CVVstate'

2020-12-24 00:58:10 - [MESSAGE][PASSED] - Object 'Object Repository/VLink/Page_CCSale/txt_TrackData' is present

2020-12-24 00:58:11 - [MESSAGE][PASSED] - Text '' is set on object 'Object Repository/VLink/Page_CCSale/txt_TrackData'

2020-12-24 00:58:11 - [MESSAGE][PASSED] - Object 'Object Repository/VLink/Page_CCSale/txt_Track1Data' is present

2020-12-24 00:58:12 - [MESSAGE][PASSED] - Text '' is set on object 'Object Repository/VLink/Page_CCSale/txt_Track1Data'

2020-12-24 00:58:12 - [MESSAGE][PASSED] - Object 'Object Repository/VLink/Page_CCSale/txt_Track2Data' is present

2020-12-24 00:58:13 - [MESSAGE][PASSED] - Text '' is set on object 'Object Repository/VLink/Page_CCSale/txt_Track2Data'

2020-12-24 00:58:13 - [MESSAGE][PASSED] - Object 'Object Repository/VLink/Page_CCSale/txt_POSEntryMode' is present

2020-12-24 00:58:14 - [MESSAGE][PASSED] - Text 'manual' is set on object 'Object Repository/VLink/Page_CCSale/txt_POSEntryMode'

2020-12-24 00:58:14 - [MESSAGE][PASSED] - Object 'Object Repository/VLink/Page_CCSale/txt_Email' is present

2020-12-24 00:58:15 - [MESSAGE][PASSED] - Text '' is set on object 'Object Repository/VLink/Page_CCSale/txt_Email'

2020-12-24 00:58:15 - [MESSAGE][PASSED] - Object 'Object Repository/VLink/Page_CCSale/txt_OrderNumber' is present

2020-12-24 00:58:16 - [MESSAGE][PASSED] - Text '' is set on object 'Object Repository/VLink/Page_CCSale/txt_OrderNumber'

2020-12-24 00:58:16 - [MESSAGE][PASSED] - Object 'Object Repository/VLink/Page_CCSale/txt_TaxAmount' is present

2020-12-24 00:58:17 - [MESSAGE][PASSED] - Text '' is set on object 'Object Repository/VLink/Page_CCSale/txt_TaxAmount'

2020-12-24 00:58:17 - [MESSAGE][PASSED] - Object 'Object Repository/VLink/Page_CCSale/txt_ChargeDescription' is present

2020-12-24 00:58:18 - [MESSAGE][PASSED] - Text '' is set on object 'Object Repository/VLink/Page_CCSale/txt_ChargeDescription'

2020-12-24 00:58:18 - [MESSAGE][PASSED] - Object 'Object Repository/VLink/Page_CCSale/txt_CAN' is present

2020-12-24 00:58:19 - [MESSAGE][PASSED] - Text '' is set on object 'Object Repository/VLink/Page_CCSale/txt_CAN'

2020-12-24 00:58:19 - [MESSAGE][PASSED] - Object 'Object Repository/VLink/Page_CCSale/txt_BillPaymentIndicator' is present

2020-12-24 00:58:20 - [MESSAGE][PASSED] - Text '' is set on object 'Object Repository/VLink/Page_CCSale/txt_BillPaymentIndicator'

2020-12-24 00:58:20 - [MESSAGE][PASSED] - Object 'Object Repository/VLink/Page_CCSale/txt_UDF1' is present

2020-12-24 00:58:21 - [MESSAGE][PASSED] - Text '' is set on object 'Object Repository/VLink/Page_CCSale/txt_UDF1'

2020-12-24 00:58:21 - [MESSAGE][PASSED] - Object 'Object Repository/VLink/Page_CCSale/txt_UDF2' is present

2020-12-24 00:58:22 - [MESSAGE][PASSED] - Text '' is set on object 'Object Repository/VLink/Page_CCSale/txt_UDF2'

2020-12-24 00:58:22 - [MESSAGE][PASSED] - Object 'Object Repository/VLink/Page_CCSale/txt_UDF3' is present

2020-12-24 00:58:23 - [MESSAGE][PASSED] - Text '' is set on object 'Object Repository/VLink/Page_CCSale/txt_UDF3'

2020-12-24 00:58:23 - [MESSAGE][PASSED] - Object 'Object Repository/VLink/Page_CCSale/txt_UDF4' is present

2020-12-24 00:58:24 - [MESSAGE][PASSED] - Text '' is set on object 'Object Repository/VLink/Page_CCSale/txt_UDF4'

2020-12-24 00:58:24 - [MESSAGE][PASSED] - Object 'Object Repository/VLink/Page_CCSale/txt_UDF5' is present

2020-12-24 00:58:25 - [MESSAGE][PASSED] - Text '' is set on object 'Object Repository/VLink/Page_CCSale/txt_UDF5'

2020-12-24 00:58:25 - [MESSAGE][PASSED] - Object 'Object Repository/VLink/Page_CCSale/txt_UDF6' is present

2020-12-24 00:58:26 - [MESSAGE][PASSED] - Text '' is set on object 'Object Repository/VLink/Page_CCSale/txt_UDF6'

2020-12-24 00:58:26 - [MESSAGE][PASSED] - Object 'Object Repository/VLink/Page_CCSale/txt_UDF7' is present

2020-12-24 00:58:27 - [MESSAGE][PASSED] - Text '' is set on object 'Object Repository/VLink/Page_CCSale/txt_UDF7'

2020-12-24 00:58:27 - [MESSAGE][PASSED] - Object 'Object Repository/VLink/Page_CCSale/txt_UDF8' is present

2020-12-24 00:58:28 - [MESSAGE][PASSED] - Text '' is set on object 'Object Repository/VLink/Page_CCSale/txt_UDF8'

2020-12-24 00:58:28 - [MESSAGE][PASSED] - Object 'Object Repository/VLink/Page_CCSale/txt_UDF9' is present

2020-12-24 00:58:29 - [MESSAGE][PASSED] - Text '' is set on object 'Object Repository/VLink/Page_CCSale/txt_UDF9'

2020-12-24 00:58:29 - [MESSAGE][PASSED] - Object 'Object Repository/VLink/Page_CCSale/txt_UDF10' is present

2020-12-24 00:58:30 - [MESSAGE][PASSED] - Text '' is set on object 'Object Repository/VLink/Page_CCSale/txt_UDF10'

2020-12-24 00:58:30 - [MESSAGE][PASSED] - Object 'Object Repository/VLink/Page_CCSale/txt_CardOnFileIndicator' is present

2020-12-24 00:58:31 - [MESSAGE][PASSED] - Text '1' is set on object 'Object Repository/VLink/Page_CCSale/txt_CardOnFileIndicator'

2020-12-24 00:58:31 - [MESSAGE][PASSED] - Object 'Object Repository/VLink/Page_CCSale/txt_StoredCredentialIndicator' is present

2020-12-24 00:58:32 - [MESSAGE][PASSED] - Text 'Subsequent' is set on object 'Object Repository/VLink/Page_CCSale/txt_StoredCredentialIndicator'

2020-12-24 00:58:32 - [MESSAGE][PASSED] - Object 'Object Repository/VLink/Page_CCSale/txt_COFScheduledIndicator' is present

2020-12-24 00:58:33 - [MESSAGE][PASSED] - Text 'Scheduled' is set on object 'Object Repository/VLink/Page_CCSale/txt_COFScheduledIndicator'

2020-12-24 00:58:33 - [MESSAGE][PASSED] - Object 'Object Repository/VLink/Page_CCSale/txt_COFTransactionInitiatedBy' is present

2020-12-24 00:58:34 - [MESSAGE][PASSED] - Text 'Merchant' is set on object 'Object Repository/VLink/Page_CCSale/txt_COFTransactionInitiatedBy'

2020-12-24 00:58:38 - [MESSAGE][PASSED] - Object: 'Object Repository/VLink/Page_CCSale/btn_ProcessVLinkTransaction' is clicked on

2020-12-24 00:58:43 - [MESSAGE][PASSED] - vlinkPages.saleCCPage.setDataSCC is PASSED

2020-12-24 00:58:43 - [TEST_STEP][PASSED] - if (verifyTextPresent("Transaction approved, no errors", true)): null

2020-12-24 00:58:43 - [MESSAGE][PASSED] - Text 'Transaction approved, no errors' is present on page  using regular expression

2020-12-24 00:58:43 - [TEST_STEP][PASSED] - println("Transaction Approved, no errors text is present on the Confirmation page"): null

2020-12-24 00:58:43 - [TEST_STEP][PASSED] - out.println("Pass Record Number: " + row): null

2020-12-24 00:58:43 - [TEST_STEP][PASSED] - resText = "Pass": null

2020-12-24 00:58:43 - [TEST_STEP][PASSED] - pages.WriteExcel.demoKey(resText, datText, resColumn, datCloumn, fileLoc, nameSheet, row): pages.WriteExcel.demoKey is PASSED

2020-12-24 00:58:43 - [MESSAGE][PASSED] - pages.WriteExcel.demoKey is PASSED

2020-12-24 00:58:43 - [TEST_STEP][PASSED] - sdfo = getText(findTestObject("Object Repository/Page_VLinkReceipt/pre_STX")): Text of object 'Object Repository/Page_VLinkReceipt/pre_STX' is: '<STX>TJ0Lpwk7HEfH                  12088141            0  Transaction approved, no errors                   0                                                                                  Y OK8558   <ETX>'

2020-12-24 00:58:44 - [MESSAGE][PASSED] - Text of object 'Object Repository/Page_VLinkReceipt/pre_STX' is: '<STX>TJ0Lpwk7HEfH                  12088141            0  Transaction approved, no errors                   0                                                                                  Y OK8558   <ETX>'

2020-12-24 00:58:44 - [TEST_STEP][PASSED] - out.println("sdfo: " + sdfo): null

2020-12-24 00:58:44 - [TEST_STEP][PASSED] - remID = substring(5, 35).trim(): null

2020-12-24 00:58:44 - [TEST_STEP][PASSED] - out.println("Remittance ID: " + remID): null

2020-12-24 00:58:44 - [TEST_STEP][PASSED] - traxID = substring(35, 55).trim(): null

2020-12-24 00:58:44 - [TEST_STEP][PASSED] - out.println("Transaction ID: " + traxID): null

2020-12-24 00:58:44 - [TEST_STEP][PASSED] - out.println("End Record Number: " + row): null

2020-12-24 00:58:44 - [TEST_STEP][PASSED] - closeBrowser(): Browser is closed

2020-12-24 00:58:45 - [MESSAGE][PASSED] - Browser is closed

2020-12-24 00:58:45 - [TEST_STEP][PASSED] - out.println("Begin Record Number: " + row): null

2020-12-24 00:58:45 - [TEST_STEP][PASSED] - today = new java.util.Date(): null

2020-12-24 00:58:45 - [TEST_STEP][PASSED] - println(today): null

2020-12-24 00:58:45 - [TEST_STEP][PASSED] - datText = today: null

2020-12-24 00:58:45 - [TEST_STEP][PASSED] - openBrowser(VLinkURL + "authcap.html"): Browser is opened with url: 'https://dev-algorithm.govolution.com/vlinktest/QA/version_2_0/authcap.html'

2020-12-24 00:58:45 - [MESSAGE][INFO] - Starting 'Chrome' driver

2020-12-24 00:58:45 - [MESSAGE][INFO] - User set preference: ['acceptInsecureCerts', 'true']

2020-12-24 00:58:45 - [MESSAGE][INFO] - Action delay is set to 0 milliseconds

2020-12-24 00:58:49 - [MESSAGE][PASSED] - Browser is opened with url: 'https://dev-algorithm.govolution.com/vlinktest/QA/version_2_0/authcap.html'

2020-12-24 00:58:49 - [TEST_STEP][PASSED] - maximizeWindow(): Current window maximized

2020-12-24 00:58:49 - [MESSAGE][PASSED] - Current window maximized

2020-12-24 00:58:49 - [TEST_STEP][PASSED] - vlinkPages.saleCCPage.setDataSCC(row, dataFile): vlinkPages.saleCCPage.setDataSCC is PASSED

2020-12-24 00:58:51 - [MESSAGE][PASSED] - Object 'Object Repository/VLink/Page_CCSale/txt_CardNumber' is present

2020-12-24 00:58:51 - [MESSAGE][PASSED] - Object 'Object Repository/VLink/Page_CCSale/txt_TransactionType' is present

2020-12-24 00:58:52 - [MESSAGE][PASSED] - Text '104' is set on object 'Object Repository/VLink/Page_CCSale/txt_TransactionType'

2020-12-24 00:58:52 - [MESSAGE][PASSED] - Object 'Object Repository/VLink/Page_CCSale/txt_MessageVersion' is present

2020-12-24 00:58:53 - [MESSAGE][PASSED] - Text '2.0C' is set on object 'Object Repository/VLink/Page_CCSale/txt_MessageVersion'

2020-12-24 00:58:53 - [MESSAGE][PASSED] - Object 'Object Repository/VLink/Page_CCSale/txt_RemID' is present

2020-12-24 00:58:54 - [MESSAGE][PASSED] - Text 'FDJluzrNP8r6' is set on object 'Object Repository/VLink/Page_CCSale/txt_RemID'

2020-12-24 00:58:54 - [MESSAGE][PASSED] - Object 'Object Repository/VLink/Page_CCSale/txt_ApplicationId' is present

2020-12-24 00:58:55 - [MESSAGE][PASSED] - Text '670' is set on object 'Object Repository/VLink/Page_CCSale/txt_ApplicationId'

2020-12-24 00:58:55 - [MESSAGE][PASSED] - Object 'Object Repository/VLink/Page_CCSale/txt_Username' is present

2020-12-24 00:58:56 - [MESSAGE][PASSED] - Text 'username' is set on object 'Object Repository/VLink/Page_CCSale/txt_Username'

2020-12-24 00:58:56 - [MESSAGE][PASSED] - Object 'Object Repository/VLink/Page_CCSale/txt_Password' is present

2020-12-24 00:58:57 - [MESSAGE][PASSED] - Text 'password' is set on object 'Object Repository/VLink/Page_CCSale/txt_Password'

2020-12-24 00:58:57 - [MESSAGE][PASSED] - Object 'Object Repository/VLink/Page_CCSale/txt_ResponseFormat' is present

2020-12-24 00:58:58 - [MESSAGE][PASSED] - Text 'fixed_width' is set on object 'Object Repository/VLink/Page_CCSale/txt_ResponseFormat'

2020-12-24 00:58:58 - [MESSAGE][PASSED] - Object 'Object Repository/VLink/Page_CCSale/txt_Category' is present

2020-12-24 00:58:58 - [MESSAGE][PASSED] - Text 'MOTO' is set on object 'Object Repository/VLink/Page_CCSale/txt_Category'

2020-12-24 00:58:59 - [MESSAGE][PASSED] - Object 'Object Repository/VLink/Page_CCSale/txt_TransactionID' is present

2020-12-24 00:58:59 - [MESSAGE][PASSED] - Text '' is set on object 'Object Repository/VLink/Page_CCSale/txt_TransactionID'

2020-12-24 00:59:00 - [MESSAGE][PASSED] - Object 'Object Repository/VLink/Page_CCSale/txt_ApprovalCode' is present

2020-12-24 00:59:00 - [MESSAGE][PASSED] - Text '' is set on object 'Object Repository/VLink/Page_CCSale/txt_ApprovalCode'

2020-12-24 00:59:00 - [MESSAGE][PASSED] - Object 'Object Repository/VLink/Page_CCSale/txt_CardName' is present

2020-12-24 00:59:01 - [MESSAGE][PASSED] - Text 'Roshan Maha' is set on object 'Object Repository/VLink/Page_CCSale/txt_CardName'

2020-12-24 00:59:01 - [MESSAGE][PASSED] - Object 'Object Repository/VLink/Page_CCSale/txt_AL1' is present

2020-12-24 00:59:02 - [MESSAGE][PASSED] - Text '12563 Bazaar road' is set on object 'Object Repository/VLink/Page_CCSale/txt_AL1'

2020-12-24 00:59:02 - [MESSAGE][PASSED] - Object 'Object Repository/VLink/Page_CCSale/txt_AL2' is present

2020-12-24 00:59:03 - [MESSAGE][PASSED] - Text '' is set on object 'Object Repository/VLink/Page_CCSale/txt_AL2'

2020-12-24 00:59:03 - [MESSAGE][PASSED] - Object 'Object Repository/VLink/Page_CCSale/txt_CardCity' is present

2020-12-24 00:59:04 - [MESSAGE][PASSED] - Text 'Crofton' is set on object 'Object Repository/VLink/Page_CCSale/txt_CardCity'

2020-12-24 00:59:04 - [MESSAGE][PASSED] - Object 'Object Repository/VLink/Page_CCSale/txt_CardState' is present

2020-12-24 00:59:05 - [MESSAGE][PASSED] - Text 'MD' is set on object 'Object Repository/VLink/Page_CCSale/txt_CardState'

2020-12-24 00:59:05 - [MESSAGE][PASSED] - Object 'Object Repository/VLink/Page_CCSale/txt_CardZIP' is present

2020-12-24 00:59:06 - [MESSAGE][PASSED] - Text '21114' is set on object 'Object Repository/VLink/Page_CCSale/txt_CardZIP'

2020-12-24 00:59:06 - [MESSAGE][PASSED] - Object 'Object Repository/VLink/Page_CCSale/txt_CountryID' is present

2020-12-24 00:59:07 - [MESSAGE][PASSED] - Text '' is set on object 'Object Repository/VLink/Page_CCSale/txt_CountryID'

2020-12-24 00:59:07 - [MESSAGE][PASSED] - Object 'Object Repository/VLink/Page_CCSale/txt_Amount' is present

2020-12-24 00:59:08 - [MESSAGE][PASSED] - Text '3.50' is set on object 'Object Repository/VLink/Page_CCSale/txt_Amount'

2020-12-24 00:59:08 - [MESSAGE][PASSED] - Object 'Object Repository/VLink/Page_CCSale/txt_CardNumber' is present

2020-12-24 00:59:09 - [MESSAGE][PASSED] - Text '5424000000000015' is set on object 'Object Repository/VLink/Page_CCSale/txt_CardNumber'

2020-12-24 00:59:09 - [MESSAGE][PASSED] - Object 'Object Repository/VLink/Page_CCSale/txt_ExpMonth' is present

2020-12-24 00:59:10 - [MESSAGE][PASSED] - Text '01' is set on object 'Object Repository/VLink/Page_CCSale/txt_ExpMonth'

2020-12-24 00:59:10 - [MESSAGE][PASSED] - Object 'Object Repository/VLink/Page_CCSale/txt_ExpYear' is present

2020-12-24 00:59:11 - [MESSAGE][PASSED] - Text '2026' is set on object 'Object Repository/VLink/Page_CCSale/txt_ExpYear'

2020-12-24 00:59:11 - [MESSAGE][PASSED] - Object 'Object Repository/VLink/Page_CCSale/txt_CVV' is present

2020-12-24 00:59:12 - [MESSAGE][PASSED] - Text '' is set on object 'Object Repository/VLink/Page_CCSale/txt_CVV'

2020-12-24 00:59:12 - [MESSAGE][PASSED] - Object 'Object Repository/VLink/Page_CCSale/txt_CVVstate' is present

2020-12-24 00:59:13 - [MESSAGE][PASSED] - Text '' is set on object 'Object Repository/VLink/Page_CCSale/txt_CVVstate'

2020-12-24 00:59:13 - [MESSAGE][PASSED] - Object 'Object Repository/VLink/Page_CCSale/txt_TrackData' is present

2020-12-24 00:59:14 - [MESSAGE][PASSED] - Text '' is set on object 'Object Repository/VLink/Page_CCSale/txt_TrackData'

2020-12-24 00:59:14 - [MESSAGE][PASSED] - Object 'Object Repository/VLink/Page_CCSale/txt_Track1Data' is present

2020-12-24 00:59:15 - [MESSAGE][PASSED] - Text '' is set on object 'Object Repository/VLink/Page_CCSale/txt_Track1Data'

2020-12-24 00:59:15 - [MESSAGE][PASSED] - Object 'Object Repository/VLink/Page_CCSale/txt_Track2Data' is present

2020-12-24 00:59:16 - [MESSAGE][PASSED] - Text '' is set on object 'Object Repository/VLink/Page_CCSale/txt_Track2Data'

2020-12-24 00:59:16 - [MESSAGE][PASSED] - Object 'Object Repository/VLink/Page_CCSale/txt_POSEntryMode' is present

2020-12-24 00:59:17 - [MESSAGE][PASSED] - Text 'manual' is set on object 'Object Repository/VLink/Page_CCSale/txt_POSEntryMode'

2020-12-24 00:59:17 - [MESSAGE][PASSED] - Object 'Object Repository/VLink/Page_CCSale/txt_Email' is present

2020-12-24 00:59:18 - [MESSAGE][PASSED] - Text '' is set on object 'Object Repository/VLink/Page_CCSale/txt_Email'

2020-12-24 00:59:18 - [MESSAGE][PASSED] - Object 'Object Repository/VLink/Page_CCSale/txt_OrderNumber' is present

2020-12-24 00:59:19 - [MESSAGE][PASSED] - Text '' is set on object 'Object Repository/VLink/Page_CCSale/txt_OrderNumber'

2020-12-24 00:59:19 - [MESSAGE][PASSED] - Object 'Object Repository/VLink/Page_CCSale/txt_TaxAmount' is present

2020-12-24 00:59:20 - [MESSAGE][PASSED] - Text '' is set on object 'Object Repository/VLink/Page_CCSale/txt_TaxAmount'

2020-12-24 00:59:20 - [MESSAGE][PASSED] - Object 'Object Repository/VLink/Page_CCSale/txt_ChargeDescription' is present

2020-12-24 00:59:21 - [MESSAGE][PASSED] - Text '' is set on object 'Object Repository/VLink/Page_CCSale/txt_ChargeDescription'

2020-12-24 00:59:21 - [MESSAGE][PASSED] - Object 'Object Repository/VLink/Page_CCSale/txt_CAN' is present

2020-12-24 00:59:22 - [MESSAGE][PASSED] - Text '' is set on object 'Object Repository/VLink/Page_CCSale/txt_CAN'

2020-12-24 00:59:22 - [MESSAGE][PASSED] - Object 'Object Repository/VLink/Page_CCSale/txt_BillPaymentIndicator' is present

2020-12-24 00:59:23 - [MESSAGE][PASSED] - Text '' is set on object 'Object Repository/VLink/Page_CCSale/txt_BillPaymentIndicator'

2020-12-24 00:59:23 - [MESSAGE][PASSED] - Object 'Object Repository/VLink/Page_CCSale/txt_UDF1' is present

2020-12-24 00:59:24 - [MESSAGE][PASSED] - Text '' is set on object 'Object Repository/VLink/Page_CCSale/txt_UDF1'

2020-12-24 00:59:24 - [MESSAGE][PASSED] - Object 'Object Repository/VLink/Page_CCSale/txt_UDF2' is present

2020-12-24 00:59:25 - [MESSAGE][PASSED] - Text '' is set on object 'Object Repository/VLink/Page_CCSale/txt_UDF2'

2020-12-24 00:59:25 - [MESSAGE][PASSED] - Object 'Object Repository/VLink/Page_CCSale/txt_UDF3' is present

2020-12-24 00:59:26 - [MESSAGE][PASSED] - Text '' is set on object 'Object Repository/VLink/Page_CCSale/txt_UDF3'

2020-12-24 00:59:26 - [MESSAGE][PASSED] - Object 'Object Repository/VLink/Page_CCSale/txt_UDF4' is present

2020-12-24 00:59:27 - [MESSAGE][PASSED] - Text '' is set on object 'Object Repository/VLink/Page_CCSale/txt_UDF4'

2020-12-24 00:59:27 - [MESSAGE][PASSED] - Object 'Object Repository/VLink/Page_CCSale/txt_UDF5' is present

2020-12-24 00:59:28 - [MESSAGE][PASSED] - Text '' is set on object 'Object Repository/VLink/Page_CCSale/txt_UDF5'

2020-12-24 00:59:28 - [MESSAGE][PASSED] - Object 'Object Repository/VLink/Page_CCSale/txt_UDF6' is present

2020-12-24 00:59:29 - [MESSAGE][PASSED] - Text '' is set on object 'Object Repository/VLink/Page_CCSale/txt_UDF6'

2020-12-24 00:59:29 - [MESSAGE][PASSED] - Object 'Object Repository/VLink/Page_CCSale/txt_UDF7' is present

2020-12-24 00:59:30 - [MESSAGE][PASSED] - Text '' is set on object 'Object Repository/VLink/Page_CCSale/txt_UDF7'

2020-12-24 00:59:30 - [MESSAGE][PASSED] - Object 'Object Repository/VLink/Page_CCSale/txt_UDF8' is present

2020-12-24 00:59:31 - [MESSAGE][PASSED] - Text '' is set on object 'Object Repository/VLink/Page_CCSale/txt_UDF8'

2020-12-24 00:59:31 - [MESSAGE][PASSED] - Object 'Object Repository/VLink/Page_CCSale/txt_UDF9' is present

2020-12-24 00:59:31 - [MESSAGE][PASSED] - Text '' is set on object 'Object Repository/VLink/Page_CCSale/txt_UDF9'

2020-12-24 00:59:32 - [MESSAGE][PASSED] - Object 'Object Repository/VLink/Page_CCSale/txt_UDF10' is present

2020-12-24 00:59:33 - [MESSAGE][PASSED] - Text '' is set on object 'Object Repository/VLink/Page_CCSale/txt_UDF10'

2020-12-24 00:59:33 - [MESSAGE][PASSED] - Object 'Object Repository/VLink/Page_CCSale/txt_CardOnFileIndicator' is present

2020-12-24 00:59:33 - [MESSAGE][PASSED] - Text '1' is set on object 'Object Repository/VLink/Page_CCSale/txt_CardOnFileIndicator'

2020-12-24 00:59:34 - [MESSAGE][PASSED] - Object 'Object Repository/VLink/Page_CCSale/txt_StoredCredentialIndicator' is present

2020-12-24 00:59:35 - [MESSAGE][PASSED] - Text 'Subsequent' is set on object 'Object Repository/VLink/Page_CCSale/txt_StoredCredentialIndicator'

2020-12-24 00:59:35 - [MESSAGE][PASSED] - Object 'Object Repository/VLink/Page_CCSale/txt_COFScheduledIndicator' is present

2020-12-24 00:59:35 - [MESSAGE][PASSED] - Text 'Scheduled' is set on object 'Object Repository/VLink/Page_CCSale/txt_COFScheduledIndicator'

2020-12-24 00:59:36 - [MESSAGE][PASSED] - Object 'Object Repository/VLink/Page_CCSale/txt_COFTransactionInitiatedBy' is present

2020-12-24 00:59:37 - [MESSAGE][PASSED] - Text 'Merchant' is set on object 'Object Repository/VLink/Page_CCSale/txt_COFTransactionInitiatedBy'

2020-12-24 00:59:41 - [MESSAGE][PASSED] - Object: 'Object Repository/VLink/Page_CCSale/btn_ProcessVLinkTransaction' is clicked on

2020-12-24 00:59:46 - [MESSAGE][PASSED] - vlinkPages.saleCCPage.setDataSCC is PASSED

2020-12-24 00:59:46 - [TEST_STEP][PASSED] - if (verifyTextPresent("Transaction approved, no errors", true)): null

2020-12-24 00:59:46 - [MESSAGE][PASSED] - Text 'Transaction approved, no errors' is present on page  using regular expression

2020-12-24 00:59:46 - [TEST_STEP][PASSED] - println("Transaction Approved, no errors text is present on the Confirmation page"): null

2020-12-24 00:59:46 - [TEST_STEP][PASSED] - out.println("Pass Record Number: " + row): null

2020-12-24 00:59:46 - [TEST_STEP][PASSED] - resText = "Pass": null

2020-12-24 00:59:46 - [TEST_STEP][PASSED] - pages.WriteExcel.demoKey(resText, datText, resColumn, datCloumn, fileLoc, nameSheet, row): pages.WriteExcel.demoKey is PASSED

2020-12-24 00:59:47 - [MESSAGE][PASSED] - pages.WriteExcel.demoKey is PASSED

2020-12-24 00:59:47 - [TEST_STEP][PASSED] - sdfo = getText(findTestObject("Object Repository/Page_VLinkReceipt/pre_STX")): Text of object 'Object Repository/Page_VLinkReceipt/pre_STX' is: '<STX>FDJluzrNP8r6                  12088142            0  Transaction approved, no errors                   0                                                                                  Y OK8868   <ETX>'

2020-12-24 00:59:47 - [MESSAGE][PASSED] - Text of object 'Object Repository/Page_VLinkReceipt/pre_STX' is: '<STX>FDJluzrNP8r6                  12088142            0  Transaction approved, no errors                   0                                                                                  Y OK8868   <ETX>'

2020-12-24 00:59:47 - [TEST_STEP][PASSED] - out.println("sdfo: " + sdfo): null

2020-12-24 00:59:47 - [TEST_STEP][PASSED] - remID = substring(5, 35).trim(): null

2020-12-24 00:59:47 - [TEST_STEP][PASSED] - out.println("Remittance ID: " + remID): null

2020-12-24 00:59:47 - [TEST_STEP][PASSED] - traxID = substring(35, 55).trim(): null

2020-12-24 00:59:47 - [TEST_STEP][PASSED] - out.println("Transaction ID: " + traxID): null

2020-12-24 00:59:47 - [TEST_STEP][PASSED] - out.println("End Record Number: " + row): null

2020-12-24 00:59:47 - [TEST_STEP][PASSED] - closeBrowser(): Browser is closed

2020-12-24 00:59:48 - [MESSAGE][PASSED] - Browser is closed

2020-12-24 00:59:48 - [TEST_STEP][PASSED] - out.println("Begin Record Number: " + row): null

2020-12-24 00:59:48 - [TEST_STEP][PASSED] - today = new java.util.Date(): null

2020-12-24 00:59:48 - [TEST_STEP][PASSED] - println(today): null

2020-12-24 00:59:48 - [TEST_STEP][PASSED] - datText = today: null

2020-12-24 00:59:48 - [TEST_STEP][PASSED] - openBrowser(VLinkURL + "authcap.html"): Browser is opened with url: 'https://dev-algorithm.govolution.com/vlinktest/QA/version_2_0/authcap.html'

2020-12-24 00:59:48 - [MESSAGE][INFO] - Starting 'Chrome' driver

2020-12-24 00:59:48 - [MESSAGE][INFO] - User set preference: ['acceptInsecureCerts', 'true']

2020-12-24 00:59:48 - [MESSAGE][INFO] - Action delay is set to 0 milliseconds

2020-12-24 00:59:51 - [MESSAGE][PASSED] - Browser is opened with url: 'https://dev-algorithm.govolution.com/vlinktest/QA/version_2_0/authcap.html'

2020-12-24 00:59:51 - [TEST_STEP][PASSED] - maximizeWindow(): Current window maximized

2020-12-24 00:59:51 - [MESSAGE][PASSED] - Current window maximized

2020-12-24 00:59:51 - [TEST_STEP][PASSED] - vlinkPages.saleCCPage.setDataSCC(row, dataFile): vlinkPages.saleCCPage.setDataSCC is PASSED

2020-12-24 00:59:53 - [MESSAGE][PASSED] - Object 'Object Repository/VLink/Page_CCSale/txt_CardNumber' is present

2020-12-24 00:59:54 - [MESSAGE][PASSED] - Object 'Object Repository/VLink/Page_CCSale/txt_TransactionType' is present

2020-12-24 00:59:54 - [MESSAGE][PASSED] - Text '104' is set on object 'Object Repository/VLink/Page_CCSale/txt_TransactionType'

2020-12-24 00:59:55 - [MESSAGE][PASSED] - Object 'Object Repository/VLink/Page_CCSale/txt_MessageVersion' is present

2020-12-24 00:59:55 - [MESSAGE][PASSED] - Text '2.0C' is set on object 'Object Repository/VLink/Page_CCSale/txt_MessageVersion'

2020-12-24 00:59:56 - [MESSAGE][PASSED] - Object 'Object Repository/VLink/Page_CCSale/txt_RemID' is present

2020-12-24 00:59:56 - [MESSAGE][PASSED] - Text 'VaBEWDhB5NKv' is set on object 'Object Repository/VLink/Page_CCSale/txt_RemID'

2020-12-24 00:59:57 - [MESSAGE][PASSED] - Object 'Object Repository/VLink/Page_CCSale/txt_ApplicationId' is present

2020-12-24 00:59:57 - [MESSAGE][PASSED] - Text '670' is set on object 'Object Repository/VLink/Page_CCSale/txt_ApplicationId'

2020-12-24 00:59:58 - [MESSAGE][PASSED] - Object 'Object Repository/VLink/Page_CCSale/txt_Username' is present

2020-12-24 00:59:58 - [MESSAGE][PASSED] - Text 'username' is set on object 'Object Repository/VLink/Page_CCSale/txt_Username'

2020-12-24 00:59:59 - [MESSAGE][PASSED] - Object 'Object Repository/VLink/Page_CCSale/txt_Password' is present

2020-12-24 00:59:59 - [MESSAGE][PASSED] - Text 'password' is set on object 'Object Repository/VLink/Page_CCSale/txt_Password'

2020-12-24 00:59:59 - [MESSAGE][PASSED] - Object 'Object Repository/VLink/Page_CCSale/txt_ResponseFormat' is present

2020-12-24 01:00:00 - [MESSAGE][PASSED] - Text 'fixed_width' is set on object 'Object Repository/VLink/Page_CCSale/txt_ResponseFormat'

2020-12-24 01:00:00 - [MESSAGE][PASSED] - Object 'Object Repository/VLink/Page_CCSale/txt_Category' is present

2020-12-24 01:00:01 - [MESSAGE][PASSED] - Text 'MOTO' is set on object 'Object Repository/VLink/Page_CCSale/txt_Category'

2020-12-24 01:00:01 - [MESSAGE][PASSED] - Object 'Object Repository/VLink/Page_CCSale/txt_TransactionID' is present

2020-12-24 01:00:02 - [MESSAGE][PASSED] - Text '' is set on object 'Object Repository/VLink/Page_CCSale/txt_TransactionID'

2020-12-24 01:00:02 - [MESSAGE][PASSED] - Object 'Object Repository/VLink/Page_CCSale/txt_ApprovalCode' is present

2020-12-24 01:00:03 - [MESSAGE][PASSED] - Text '' is set on object 'Object Repository/VLink/Page_CCSale/txt_ApprovalCode'

2020-12-24 01:00:03 - [MESSAGE][PASSED] - Object 'Object Repository/VLink/Page_CCSale/txt_CardName' is present

2020-12-24 01:00:04 - [MESSAGE][PASSED] - Text 'Kris Roshan' is set on object 'Object Repository/VLink/Page_CCSale/txt_CardName'

2020-12-24 01:00:04 - [MESSAGE][PASSED] - Object 'Object Repository/VLink/Page_CCSale/txt_AL1' is present

2020-12-24 01:00:04 - [MESSAGE][PASSED] - Text '258 Elm Road' is set on object 'Object Repository/VLink/Page_CCSale/txt_AL1'

2020-12-24 01:00:05 - [MESSAGE][PASSED] - Object 'Object Repository/VLink/Page_CCSale/txt_AL2' is present

2020-12-24 01:00:05 - [MESSAGE][PASSED] - Text 'Suite 56' is set on object 'Object Repository/VLink/Page_CCSale/txt_AL2'

2020-12-24 01:00:06 - [MESSAGE][PASSED] - Object 'Object Repository/VLink/Page_CCSale/txt_CardCity' is present

2020-12-24 01:00:06 - [MESSAGE][PASSED] - Text 'Arlington' is set on object 'Object Repository/VLink/Page_CCSale/txt_CardCity'

2020-12-24 01:00:06 - [MESSAGE][PASSED] - Object 'Object Repository/VLink/Page_CCSale/txt_CardState' is present

2020-12-24 01:00:07 - [MESSAGE][PASSED] - Text 'VA' is set on object 'Object Repository/VLink/Page_CCSale/txt_CardState'

2020-12-24 01:00:07 - [MESSAGE][PASSED] - Object 'Object Repository/VLink/Page_CCSale/txt_CardZIP' is present

2020-12-24 01:00:08 - [MESSAGE][PASSED] - Text '22201' is set on object 'Object Repository/VLink/Page_CCSale/txt_CardZIP'

2020-12-24 01:00:08 - [MESSAGE][PASSED] - Object 'Object Repository/VLink/Page_CCSale/txt_CountryID' is present

2020-12-24 01:00:09 - [MESSAGE][PASSED] - Text '840' is set on object 'Object Repository/VLink/Page_CCSale/txt_CountryID'

2020-12-24 01:00:09 - [MESSAGE][PASSED] - Object 'Object Repository/VLink/Page_CCSale/txt_Amount' is present

2020-12-24 01:00:10 - [MESSAGE][PASSED] - Text '1.50' is set on object 'Object Repository/VLink/Page_CCSale/txt_Amount'

2020-12-24 01:00:10 - [MESSAGE][PASSED] - Object 'Object Repository/VLink/Page_CCSale/txt_CardNumber' is present

2020-12-24 01:00:11 - [MESSAGE][PASSED] - Text '370000000000002' is set on object 'Object Repository/VLink/Page_CCSale/txt_CardNumber'

2020-12-24 01:00:11 - [MESSAGE][PASSED] - Object 'Object Repository/VLink/Page_CCSale/txt_ExpMonth' is present

2020-12-24 01:00:12 - [MESSAGE][PASSED] - Text '12' is set on object 'Object Repository/VLink/Page_CCSale/txt_ExpMonth'

2020-12-24 01:00:12 - [MESSAGE][PASSED] - Object 'Object Repository/VLink/Page_CCSale/txt_ExpYear' is present

2020-12-24 01:00:13 - [MESSAGE][PASSED] - Text '2025' is set on object 'Object Repository/VLink/Page_CCSale/txt_ExpYear'

2020-12-24 01:00:13 - [MESSAGE][PASSED] - Object 'Object Repository/VLink/Page_CCSale/txt_CVV' is present

2020-12-24 01:00:14 - [MESSAGE][PASSED] - Text '' is set on object 'Object Repository/VLink/Page_CCSale/txt_CVV'

2020-12-24 01:00:14 - [MESSAGE][PASSED] - Object 'Object Repository/VLink/Page_CCSale/txt_CVVstate' is present

2020-12-24 01:00:15 - [MESSAGE][PASSED] - Text '' is set on object 'Object Repository/VLink/Page_CCSale/txt_CVVstate'

2020-12-24 01:00:15 - [MESSAGE][PASSED] - Object 'Object Repository/VLink/Page_CCSale/txt_TrackData' is present

2020-12-24 01:00:16 - [MESSAGE][PASSED] - Text '' is set on object 'Object Repository/VLink/Page_CCSale/txt_TrackData'

2020-12-24 01:00:16 - [MESSAGE][PASSED] - Object 'Object Repository/VLink/Page_CCSale/txt_Track1Data' is present

2020-12-24 01:00:17 - [MESSAGE][PASSED] - Text '' is set on object 'Object Repository/VLink/Page_CCSale/txt_Track1Data'

2020-12-24 01:00:17 - [MESSAGE][PASSED] - Object 'Object Repository/VLink/Page_CCSale/txt_Track2Data' is present

2020-12-24 01:00:18 - [MESSAGE][PASSED] - Text '' is set on object 'Object Repository/VLink/Page_CCSale/txt_Track2Data'

2020-12-24 01:00:18 - [MESSAGE][PASSED] - Object 'Object Repository/VLink/Page_CCSale/txt_POSEntryMode' is present

2020-12-24 01:00:19 - [MESSAGE][PASSED] - Text 'manual' is set on object 'Object Repository/VLink/Page_CCSale/txt_POSEntryMode'

2020-12-24 01:00:19 - [MESSAGE][PASSED] - Object 'Object Repository/VLink/Page_CCSale/txt_Email' is present

2020-12-24 01:00:20 - [MESSAGE][PASSED] - Text 'iahmed@govolution.com' is set on object 'Object Repository/VLink/Page_CCSale/txt_Email'

2020-12-24 01:00:20 - [MESSAGE][PASSED] - Object 'Object Repository/VLink/Page_CCSale/txt_OrderNumber' is present

2020-12-24 01:00:21 - [MESSAGE][PASSED] - Text '2569362' is set on object 'Object Repository/VLink/Page_CCSale/txt_OrderNumber'

2020-12-24 01:00:21 - [MESSAGE][PASSED] - Object 'Object Repository/VLink/Page_CCSale/txt_TaxAmount' is present

2020-12-24 01:00:22 - [MESSAGE][PASSED] - Text '1.15' is set on object 'Object Repository/VLink/Page_CCSale/txt_TaxAmount'

2020-12-24 01:00:22 - [MESSAGE][PASSED] - Object 'Object Repository/VLink/Page_CCSale/txt_ChargeDescription' is present

2020-12-24 01:00:23 - [MESSAGE][PASSED] - Text 'Charge Description' is set on object 'Object Repository/VLink/Page_CCSale/txt_ChargeDescription'

2020-12-24 01:00:23 - [MESSAGE][PASSED] - Object 'Object Repository/VLink/Page_CCSale/txt_CAN' is present

2020-12-24 01:00:24 - [MESSAGE][PASSED] - Text '147357' is set on object 'Object Repository/VLink/Page_CCSale/txt_CAN'

2020-12-24 01:00:24 - [MESSAGE][PASSED] - Object 'Object Repository/VLink/Page_CCSale/txt_BillPaymentIndicator' is present

2020-12-24 01:00:25 - [MESSAGE][PASSED] - Text '1' is set on object 'Object Repository/VLink/Page_CCSale/txt_BillPaymentIndicator'

2020-12-24 01:00:25 - [MESSAGE][PASSED] - Object 'Object Repository/VLink/Page_CCSale/txt_UDF1' is present

2020-12-24 01:00:26 - [MESSAGE][PASSED] - Text 'UDF Data 1' is set on object 'Object Repository/VLink/Page_CCSale/txt_UDF1'

2020-12-24 01:00:26 - [MESSAGE][PASSED] - Object 'Object Repository/VLink/Page_CCSale/txt_UDF2' is present

2020-12-24 01:00:27 - [MESSAGE][PASSED] - Text 'UDF Data 2' is set on object 'Object Repository/VLink/Page_CCSale/txt_UDF2'

2020-12-24 01:00:27 - [MESSAGE][PASSED] - Object 'Object Repository/VLink/Page_CCSale/txt_UDF3' is present

2020-12-24 01:00:28 - [MESSAGE][PASSED] - Text 'UDF Data 3' is set on object 'Object Repository/VLink/Page_CCSale/txt_UDF3'

2020-12-24 01:00:28 - [MESSAGE][PASSED] - Object 'Object Repository/VLink/Page_CCSale/txt_UDF4' is present

2020-12-24 01:00:29 - [MESSAGE][PASSED] - Text 'UDF Data 4' is set on object 'Object Repository/VLink/Page_CCSale/txt_UDF4'

2020-12-24 01:00:29 - [MESSAGE][PASSED] - Object 'Object Repository/VLink/Page_CCSale/txt_UDF5' is present

2020-12-24 01:00:30 - [MESSAGE][PASSED] - Text 'UDF Data 5' is set on object 'Object Repository/VLink/Page_CCSale/txt_UDF5'

2020-12-24 01:00:30 - [MESSAGE][PASSED] - Object 'Object Repository/VLink/Page_CCSale/txt_UDF6' is present

2020-12-24 01:00:31 - [MESSAGE][PASSED] - Text 'UDF Data 6' is set on object 'Object Repository/VLink/Page_CCSale/txt_UDF6'

2020-12-24 01:00:31 - [MESSAGE][PASSED] - Object 'Object Repository/VLink/Page_CCSale/txt_UDF7' is present

2020-12-24 01:00:32 - [MESSAGE][PASSED] - Text 'UDF Data 7' is set on object 'Object Repository/VLink/Page_CCSale/txt_UDF7'

2020-12-24 01:00:32 - [MESSAGE][PASSED] - Object 'Object Repository/VLink/Page_CCSale/txt_UDF8' is present

2020-12-24 01:00:33 - [MESSAGE][PASSED] - Text 'UDF Data 8' is set on object 'Object Repository/VLink/Page_CCSale/txt_UDF8'

2020-12-24 01:00:33 - [MESSAGE][PASSED] - Object 'Object Repository/VLink/Page_CCSale/txt_UDF9' is present

2020-12-24 01:00:34 - [MESSAGE][PASSED] - Text 'UDF Data 9' is set on object 'Object Repository/VLink/Page_CCSale/txt_UDF9'

2020-12-24 01:00:34 - [MESSAGE][PASSED] - Object 'Object Repository/VLink/Page_CCSale/txt_UDF10' is present

2020-12-24 01:00:35 - [MESSAGE][PASSED] - Text 'UDF Data 10' is set on object 'Object Repository/VLink/Page_CCSale/txt_UDF10'

2020-12-24 01:00:35 - [MESSAGE][PASSED] - Object 'Object Repository/VLink/Page_CCSale/txt_CardOnFileIndicator' is present

2020-12-24 01:00:36 - [MESSAGE][PASSED] - Text '1' is set on object 'Object Repository/VLink/Page_CCSale/txt_CardOnFileIndicator'

2020-12-24 01:00:36 - [MESSAGE][PASSED] - Object 'Object Repository/VLink/Page_CCSale/txt_StoredCredentialIndicator' is present

2020-12-24 01:00:37 - [MESSAGE][PASSED] - Text 'Subsequent' is set on object 'Object Repository/VLink/Page_CCSale/txt_StoredCredentialIndicator'

2020-12-24 01:00:37 - [MESSAGE][PASSED] - Object 'Object Repository/VLink/Page_CCSale/txt_COFScheduledIndicator' is present

2020-12-24 01:00:38 - [MESSAGE][PASSED] - Text 'Scheduled' is set on object 'Object Repository/VLink/Page_CCSale/txt_COFScheduledIndicator'

2020-12-24 01:00:38 - [MESSAGE][PASSED] - Object 'Object Repository/VLink/Page_CCSale/txt_COFTransactionInitiatedBy' is present

2020-12-24 01:00:39 - [MESSAGE][PASSED] - Text 'Merchant' is set on object 'Object Repository/VLink/Page_CCSale/txt_COFTransactionInitiatedBy'

2020-12-24 01:00:43 - [MESSAGE][PASSED] - Object: 'Object Repository/VLink/Page_CCSale/btn_ProcessVLinkTransaction' is clicked on

2020-12-24 01:00:48 - [MESSAGE][PASSED] - vlinkPages.saleCCPage.setDataSCC is PASSED

2020-12-24 01:00:48 - [TEST_STEP][PASSED] - if (verifyTextPresent("Transaction approved, no errors", true)): null

2020-12-24 01:00:48 - [MESSAGE][PASSED] - Text 'Transaction approved, no errors' is present on page  using regular expression

2020-12-24 01:00:48 - [TEST_STEP][PASSED] - println("Transaction Approved, no errors text is present on the Confirmation page"): null

2020-12-24 01:00:48 - [TEST_STEP][PASSED] - out.println("Pass Record Number: " + row): null

2020-12-24 01:00:48 - [TEST_STEP][PASSED] - resText = "Pass": null

2020-12-24 01:00:48 - [TEST_STEP][PASSED] - pages.WriteExcel.demoKey(resText, datText, resColumn, datCloumn, fileLoc, nameSheet, row): pages.WriteExcel.demoKey is PASSED

2020-12-24 01:00:48 - [MESSAGE][PASSED] - pages.WriteExcel.demoKey is PASSED

2020-12-24 01:00:48 - [TEST_STEP][PASSED] - sdfo = getText(findTestObject("Object Repository/Page_VLinkReceipt/pre_STX")): Text of object 'Object Repository/Page_VLinkReceipt/pre_STX' is: '<STX>VaBEWDhB5NKv                  12088143            0  Transaction approved, no errors                   0                                                                                  Y OK9048   <ETX>'

2020-12-24 01:00:49 - [MESSAGE][PASSED] - Text of object 'Object Repository/Page_VLinkReceipt/pre_STX' is: '<STX>VaBEWDhB5NKv                  12088143            0  Transaction approved, no errors                   0                                                                                  Y OK9048   <ETX>'

2020-12-24 01:00:49 - [TEST_STEP][PASSED] - out.println("sdfo: " + sdfo): null

2020-12-24 01:00:49 - [TEST_STEP][PASSED] - remID = substring(5, 35).trim(): null

2020-12-24 01:00:49 - [TEST_STEP][PASSED] - out.println("Remittance ID: " + remID): null

2020-12-24 01:00:49 - [TEST_STEP][PASSED] - traxID = substring(35, 55).trim(): null

2020-12-24 01:00:49 - [TEST_STEP][PASSED] - out.println("Transaction ID: " + traxID): null

2020-12-24 01:00:49 - [TEST_STEP][PASSED] - out.println("End Record Number: " + row): null

2020-12-24 01:00:49 - [TEST_STEP][PASSED] - closeBrowser(): Browser is closed

2020-12-24 01:00:50 - [MESSAGE][PASSED] - Browser is closed

2020-12-24 01:00:50 - [TEST_STEP][PASSED] - out.println("Begin Record Number: " + row): null

2020-12-24 01:00:50 - [TEST_STEP][PASSED] - today = new java.util.Date(): null

2020-12-24 01:00:50 - [TEST_STEP][PASSED] - println(today): null

2020-12-24 01:00:50 - [TEST_STEP][PASSED] - datText = today: null

2020-12-24 01:00:50 - [TEST_STEP][PASSED] - openBrowser(VLinkURL + "authcap.html"): Browser is opened with url: 'https://dev-algorithm.govolution.com/vlinktest/QA/version_2_0/authcap.html'

2020-12-24 01:00:50 - [MESSAGE][INFO] - Starting 'Chrome' driver

2020-12-24 01:00:50 - [MESSAGE][INFO] - User set preference: ['acceptInsecureCerts', 'true']

2020-12-24 01:00:50 - [MESSAGE][INFO] - Action delay is set to 0 milliseconds

2020-12-24 01:00:53 - [MESSAGE][PASSED] - Browser is opened with url: 'https://dev-algorithm.govolution.com/vlinktest/QA/version_2_0/authcap.html'

2020-12-24 01:00:53 - [TEST_STEP][PASSED] - maximizeWindow(): Current window maximized

2020-12-24 01:00:53 - [MESSAGE][PASSED] - Current window maximized

2020-12-24 01:00:53 - [TEST_STEP][PASSED] - vlinkPages.saleCCPage.setDataSCC(row, dataFile): vlinkPages.saleCCPage.setDataSCC is PASSED

2020-12-24 01:00:55 - [MESSAGE][PASSED] - Object 'Object Repository/VLink/Page_CCSale/txt_CardNumber' is present

2020-12-24 01:00:56 - [MESSAGE][PASSED] - Object 'Object Repository/VLink/Page_CCSale/txt_TransactionType' is present

2020-12-24 01:00:56 - [MESSAGE][PASSED] - Text '104' is set on object 'Object Repository/VLink/Page_CCSale/txt_TransactionType'

2020-12-24 01:00:57 - [MESSAGE][PASSED] - Object 'Object Repository/VLink/Page_CCSale/txt_MessageVersion' is present

2020-12-24 01:00:57 - [MESSAGE][PASSED] - Text '2.0C' is set on object 'Object Repository/VLink/Page_CCSale/txt_MessageVersion'

2020-12-24 01:00:58 - [MESSAGE][PASSED] - Object 'Object Repository/VLink/Page_CCSale/txt_RemID' is present

2020-12-24 01:00:58 - [MESSAGE][PASSED] - Text 'qIDiB1Ce6FGS' is set on object 'Object Repository/VLink/Page_CCSale/txt_RemID'

2020-12-24 01:00:58 - [MESSAGE][PASSED] - Object 'Object Repository/VLink/Page_CCSale/txt_ApplicationId' is present

2020-12-24 01:00:59 - [MESSAGE][PASSED] - Text '670' is set on object 'Object Repository/VLink/Page_CCSale/txt_ApplicationId'

2020-12-24 01:00:59 - [MESSAGE][PASSED] - Object 'Object Repository/VLink/Page_CCSale/txt_Username' is present

2020-12-24 01:01:00 - [MESSAGE][PASSED] - Text 'username' is set on object 'Object Repository/VLink/Page_CCSale/txt_Username'

2020-12-24 01:01:00 - [MESSAGE][PASSED] - Object 'Object Repository/VLink/Page_CCSale/txt_Password' is present

2020-12-24 01:01:01 - [MESSAGE][PASSED] - Text 'password' is set on object 'Object Repository/VLink/Page_CCSale/txt_Password'

2020-12-24 01:01:01 - [MESSAGE][PASSED] - Object 'Object Repository/VLink/Page_CCSale/txt_ResponseFormat' is present

2020-12-24 01:01:02 - [MESSAGE][PASSED] - Text 'fixed_width' is set on object 'Object Repository/VLink/Page_CCSale/txt_ResponseFormat'

2020-12-24 01:01:02 - [MESSAGE][PASSED] - Object 'Object Repository/VLink/Page_CCSale/txt_Category' is present

2020-12-24 01:01:03 - [MESSAGE][PASSED] - Text 'MOTO' is set on object 'Object Repository/VLink/Page_CCSale/txt_Category'

2020-12-24 01:01:03 - [MESSAGE][PASSED] - Object 'Object Repository/VLink/Page_CCSale/txt_TransactionID' is present

2020-12-24 01:01:03 - [MESSAGE][PASSED] - Text '' is set on object 'Object Repository/VLink/Page_CCSale/txt_TransactionID'

2020-12-24 01:01:04 - [MESSAGE][PASSED] - Object 'Object Repository/VLink/Page_CCSale/txt_ApprovalCode' is present

2020-12-24 01:01:04 - [MESSAGE][PASSED] - Text '' is set on object 'Object Repository/VLink/Page_CCSale/txt_ApprovalCode'

2020-12-24 01:01:05 - [MESSAGE][PASSED] - Object 'Object Repository/VLink/Page_CCSale/txt_CardName' is present

2020-12-24 01:01:05 - [MESSAGE][PASSED] - Text 'Arvind Silva' is set on object 'Object Repository/VLink/Page_CCSale/txt_CardName'

2020-12-24 01:01:06 - [MESSAGE][PASSED] - Object 'Object Repository/VLink/Page_CCSale/txt_AL1' is present

2020-12-24 01:01:06 - [MESSAGE][PASSED] - Text '111 Main Ave' is set on object 'Object Repository/VLink/Page_CCSale/txt_AL1'

2020-12-24 01:01:06 - [MESSAGE][PASSED] - Object 'Object Repository/VLink/Page_CCSale/txt_AL2' is present

2020-12-24 01:01:07 - [MESSAGE][PASSED] - Text '' is set on object 'Object Repository/VLink/Page_CCSale/txt_AL2'

2020-12-24 01:01:07 - [MESSAGE][PASSED] - Object 'Object Repository/VLink/Page_CCSale/txt_CardCity' is present

2020-12-24 01:01:08 - [MESSAGE][PASSED] - Text 'Arlington' is set on object 'Object Repository/VLink/Page_CCSale/txt_CardCity'

2020-12-24 01:01:08 - [MESSAGE][PASSED] - Object 'Object Repository/VLink/Page_CCSale/txt_CardState' is present

2020-12-24 01:01:09 - [MESSAGE][PASSED] - Text 'VA' is set on object 'Object Repository/VLink/Page_CCSale/txt_CardState'

2020-12-24 01:01:09 - [MESSAGE][PASSED] - Object 'Object Repository/VLink/Page_CCSale/txt_CardZIP' is present

2020-12-24 01:01:10 - [MESSAGE][PASSED] - Text '22201' is set on object 'Object Repository/VLink/Page_CCSale/txt_CardZIP'

2020-12-24 01:01:10 - [MESSAGE][PASSED] - Object 'Object Repository/VLink/Page_CCSale/txt_CountryID' is present

2020-12-24 01:01:11 - [MESSAGE][PASSED] - Text '' is set on object 'Object Repository/VLink/Page_CCSale/txt_CountryID'

2020-12-24 01:01:11 - [MESSAGE][PASSED] - Object 'Object Repository/VLink/Page_CCSale/txt_Amount' is present

2020-12-24 01:01:12 - [MESSAGE][PASSED] - Text '2.50' is set on object 'Object Repository/VLink/Page_CCSale/txt_Amount'

2020-12-24 01:01:12 - [MESSAGE][PASSED] - Object 'Object Repository/VLink/Page_CCSale/txt_CardNumber' is present

2020-12-24 01:01:13 - [MESSAGE][PASSED] - Text '6011000000000004' is set on object 'Object Repository/VLink/Page_CCSale/txt_CardNumber'

2020-12-24 01:01:13 - [MESSAGE][PASSED] - Object 'Object Repository/VLink/Page_CCSale/txt_ExpMonth' is present

2020-12-24 01:01:14 - [MESSAGE][PASSED] - Text '01' is set on object 'Object Repository/VLink/Page_CCSale/txt_ExpMonth'

2020-12-24 01:01:14 - [MESSAGE][PASSED] - Object 'Object Repository/VLink/Page_CCSale/txt_ExpYear' is present

2020-12-24 01:01:15 - [MESSAGE][PASSED] - Text '2026' is set on object 'Object Repository/VLink/Page_CCSale/txt_ExpYear'

2020-12-24 01:01:15 - [MESSAGE][PASSED] - Object 'Object Repository/VLink/Page_CCSale/txt_CVV' is present

2020-12-24 01:01:16 - [MESSAGE][PASSED] - Text '' is set on object 'Object Repository/VLink/Page_CCSale/txt_CVV'

2020-12-24 01:01:16 - [MESSAGE][PASSED] - Object 'Object Repository/VLink/Page_CCSale/txt_CVVstate' is present

2020-12-24 01:01:17 - [MESSAGE][PASSED] - Text '' is set on object 'Object Repository/VLink/Page_CCSale/txt_CVVstate'

2020-12-24 01:01:17 - [MESSAGE][PASSED] - Object 'Object Repository/VLink/Page_CCSale/txt_TrackData' is present

2020-12-24 01:01:18 - [MESSAGE][PASSED] - Text '' is set on object 'Object Repository/VLink/Page_CCSale/txt_TrackData'

2020-12-24 01:01:18 - [MESSAGE][PASSED] - Object 'Object Repository/VLink/Page_CCSale/txt_Track1Data' is present

2020-12-24 01:01:19 - [MESSAGE][PASSED] - Text '' is set on object 'Object Repository/VLink/Page_CCSale/txt_Track1Data'

2020-12-24 01:01:19 - [MESSAGE][PASSED] - Object 'Object Repository/VLink/Page_CCSale/txt_Track2Data' is present

2020-12-24 01:01:20 - [MESSAGE][PASSED] - Text '' is set on object 'Object Repository/VLink/Page_CCSale/txt_Track2Data'

2020-12-24 01:01:20 - [MESSAGE][PASSED] - Object 'Object Repository/VLink/Page_CCSale/txt_POSEntryMode' is present

2020-12-24 01:01:21 - [MESSAGE][PASSED] - Text 'manual' is set on object 'Object Repository/VLink/Page_CCSale/txt_POSEntryMode'

2020-12-24 01:01:21 - [MESSAGE][PASSED] - Object 'Object Repository/VLink/Page_CCSale/txt_Email' is present

2020-12-24 01:01:22 - [MESSAGE][PASSED] - Text '' is set on object 'Object Repository/VLink/Page_CCSale/txt_Email'

2020-12-24 01:01:22 - [MESSAGE][PASSED] - Object 'Object Repository/VLink/Page_CCSale/txt_OrderNumber' is present

2020-12-24 01:01:23 - [MESSAGE][PASSED] - Text '' is set on object 'Object Repository/VLink/Page_CCSale/txt_OrderNumber'

2020-12-24 01:01:23 - [MESSAGE][PASSED] - Object 'Object Repository/VLink/Page_CCSale/txt_TaxAmount' is present

2020-12-24 01:01:24 - [MESSAGE][PASSED] - Text '' is set on object 'Object Repository/VLink/Page_CCSale/txt_TaxAmount'

2020-12-24 01:01:24 - [MESSAGE][PASSED] - Object 'Object Repository/VLink/Page_CCSale/txt_ChargeDescription' is present

2020-12-24 01:01:25 - [MESSAGE][PASSED] - Text '' is set on object 'Object Repository/VLink/Page_CCSale/txt_ChargeDescription'

2020-12-24 01:01:25 - [MESSAGE][PASSED] - Object 'Object Repository/VLink/Page_CCSale/txt_CAN' is present

2020-12-24 01:01:26 - [MESSAGE][PASSED] - Text '' is set on object 'Object Repository/VLink/Page_CCSale/txt_CAN'

2020-12-24 01:01:26 - [MESSAGE][PASSED] - Object 'Object Repository/VLink/Page_CCSale/txt_BillPaymentIndicator' is present

2020-12-24 01:01:27 - [MESSAGE][PASSED] - Text '' is set on object 'Object Repository/VLink/Page_CCSale/txt_BillPaymentIndicator'

2020-12-24 01:01:27 - [MESSAGE][PASSED] - Object 'Object Repository/VLink/Page_CCSale/txt_UDF1' is present

2020-12-24 01:01:28 - [MESSAGE][PASSED] - Text '' is set on object 'Object Repository/VLink/Page_CCSale/txt_UDF1'

2020-12-24 01:01:28 - [MESSAGE][PASSED] - Object 'Object Repository/VLink/Page_CCSale/txt_UDF2' is present

2020-12-24 01:01:29 - [MESSAGE][PASSED] - Text '' is set on object 'Object Repository/VLink/Page_CCSale/txt_UDF2'

2020-12-24 01:01:29 - [MESSAGE][PASSED] - Object 'Object Repository/VLink/Page_CCSale/txt_UDF3' is present

2020-12-24 01:01:30 - [MESSAGE][PASSED] - Text '' is set on object 'Object Repository/VLink/Page_CCSale/txt_UDF3'

2020-12-24 01:01:30 - [MESSAGE][PASSED] - Object 'Object Repository/VLink/Page_CCSale/txt_UDF4' is present

2020-12-24 01:01:31 - [MESSAGE][PASSED] - Text '' is set on object 'Object Repository/VLink/Page_CCSale/txt_UDF4'

2020-12-24 01:01:31 - [MESSAGE][PASSED] - Object 'Object Repository/VLink/Page_CCSale/txt_UDF5' is present

2020-12-24 01:01:32 - [MESSAGE][PASSED] - Text '' is set on object 'Object Repository/VLink/Page_CCSale/txt_UDF5'

2020-12-24 01:01:32 - [MESSAGE][PASSED] - Object 'Object Repository/VLink/Page_CCSale/txt_UDF6' is present

2020-12-24 01:01:33 - [MESSAGE][PASSED] - Text '' is set on object 'Object Repository/VLink/Page_CCSale/txt_UDF6'

2020-12-24 01:01:33 - [MESSAGE][PASSED] - Object 'Object Repository/VLink/Page_CCSale/txt_UDF7' is present

2020-12-24 01:01:34 - [MESSAGE][PASSED] - Text '' is set on object 'Object Repository/VLink/Page_CCSale/txt_UDF7'

2020-12-24 01:01:34 - [MESSAGE][PASSED] - Object 'Object Repository/VLink/Page_CCSale/txt_UDF8' is present

2020-12-24 01:01:35 - [MESSAGE][PASSED] - Text '' is set on object 'Object Repository/VLink/Page_CCSale/txt_UDF8'

2020-12-24 01:01:35 - [MESSAGE][PASSED] - Object 'Object Repository/VLink/Page_CCSale/txt_UDF9' is present

2020-12-24 01:01:36 - [MESSAGE][PASSED] - Text '' is set on object 'Object Repository/VLink/Page_CCSale/txt_UDF9'

2020-12-24 01:01:36 - [MESSAGE][PASSED] - Object 'Object Repository/VLink/Page_CCSale/txt_UDF10' is present

2020-12-24 01:01:37 - [MESSAGE][PASSED] - Text '' is set on object 'Object Repository/VLink/Page_CCSale/txt_UDF10'

2020-12-24 01:01:37 - [MESSAGE][PASSED] - Object 'Object Repository/VLink/Page_CCSale/txt_CardOnFileIndicator' is present

2020-12-24 01:01:38 - [MESSAGE][PASSED] - Text '1' is set on object 'Object Repository/VLink/Page_CCSale/txt_CardOnFileIndicator'

2020-12-24 01:01:38 - [MESSAGE][PASSED] - Object 'Object Repository/VLink/Page_CCSale/txt_StoredCredentialIndicator' is present

2020-12-24 01:01:39 - [MESSAGE][PASSED] - Text 'Subsequent' is set on object 'Object Repository/VLink/Page_CCSale/txt_StoredCredentialIndicator'

2020-12-24 01:01:39 - [MESSAGE][PASSED] - Object 'Object Repository/VLink/Page_CCSale/txt_COFScheduledIndicator' is present

2020-12-24 01:01:40 - [MESSAGE][PASSED] - Text 'Scheduled' is set on object 'Object Repository/VLink/Page_CCSale/txt_COFScheduledIndicator'

2020-12-24 01:01:40 - [MESSAGE][PASSED] - Object 'Object Repository/VLink/Page_CCSale/txt_COFTransactionInitiatedBy' is present

2020-12-24 01:01:41 - [MESSAGE][PASSED] - Text 'Merchant' is set on object 'Object Repository/VLink/Page_CCSale/txt_COFTransactionInitiatedBy'

2020-12-24 01:01:45 - [MESSAGE][PASSED] - Object: 'Object Repository/VLink/Page_CCSale/btn_ProcessVLinkTransaction' is clicked on

2020-12-24 01:01:50 - [MESSAGE][PASSED] - vlinkPages.saleCCPage.setDataSCC is PASSED

2020-12-24 01:01:50 - [TEST_STEP][PASSED] - if (verifyTextPresent("Transaction approved, no errors", true)): null

2020-12-24 01:01:50 - [MESSAGE][PASSED] - Text 'Transaction approved, no errors' is present on page  using regular expression

2020-12-24 01:01:50 - [TEST_STEP][PASSED] - println("Transaction Approved, no errors text is present on the Confirmation page"): null

2020-12-24 01:01:50 - [TEST_STEP][PASSED] - out.println("Pass Record Number: " + row): null

2020-12-24 01:01:50 - [TEST_STEP][PASSED] - resText = "Pass": null

2020-12-24 01:01:50 - [TEST_STEP][PASSED] - pages.WriteExcel.demoKey(resText, datText, resColumn, datCloumn, fileLoc, nameSheet, row): pages.WriteExcel.demoKey is PASSED

2020-12-24 01:01:50 - [MESSAGE][PASSED] - pages.WriteExcel.demoKey is PASSED

2020-12-24 01:01:50 - [TEST_STEP][PASSED] - sdfo = getText(findTestObject("Object Repository/Page_VLinkReceipt/pre_STX")): Text of object 'Object Repository/Page_VLinkReceipt/pre_STX' is: '<STX>qIDiB1Ce6FGS                  12088144            0  Transaction approved, no errors                   0                                                                                  Y OK9358   <ETX>'

2020-12-24 01:01:51 - [MESSAGE][PASSED] - Text of object 'Object Repository/Page_VLinkReceipt/pre_STX' is: '<STX>qIDiB1Ce6FGS                  12088144            0  Transaction approved, no errors                   0                                                                                  Y OK9358   <ETX>'

2020-12-24 01:01:51 - [TEST_STEP][PASSED] - out.println("sdfo: " + sdfo): null

2020-12-24 01:01:51 - [TEST_STEP][PASSED] - remID = substring(5, 35).trim(): null

2020-12-24 01:01:51 - [TEST_STEP][PASSED] - out.println("Remittance ID: " + remID): null

2020-12-24 01:01:51 - [TEST_STEP][PASSED] - traxID = substring(35, 55).trim(): null

2020-12-24 01:01:51 - [TEST_STEP][PASSED] - out.println("Transaction ID: " + traxID): null

2020-12-24 01:01:51 - [TEST_STEP][PASSED] - out.println("End Record Number: " + row): null

2020-12-24 01:01:51 - [TEST_STEP][PASSED] - closeBrowser(): Browser is closed

2020-12-24 01:01:51 - [MESSAGE][PASSED] - Browser is closed

2020-12-24 01:01:51 - [TEST_STEP][PASSED] - out.println("Begin Record Number: " + row): null

2020-12-24 01:01:51 - [TEST_STEP][PASSED] - today = new java.util.Date(): null

2020-12-24 01:01:51 - [TEST_STEP][PASSED] - println(today): null

2020-12-24 01:01:51 - [TEST_STEP][PASSED] - datText = today: null

2020-12-24 01:01:51 - [TEST_STEP][PASSED] - openBrowser(VLinkURL + "authcap.html"): Browser is opened with url: 'https://dev-algorithm.govolution.com/vlinktest/QA/version_2_0/authcap.html'

2020-12-24 01:01:51 - [MESSAGE][INFO] - Starting 'Chrome' driver

2020-12-24 01:01:51 - [MESSAGE][INFO] - User set preference: ['acceptInsecureCerts', 'true']

2020-12-24 01:01:51 - [MESSAGE][INFO] - Action delay is set to 0 milliseconds

2020-12-24 01:01:56 - [MESSAGE][PASSED] - Browser is opened with url: 'https://dev-algorithm.govolution.com/vlinktest/QA/version_2_0/authcap.html'

2020-12-24 01:01:56 - [TEST_STEP][PASSED] - maximizeWindow(): Current window maximized

2020-12-24 01:01:56 - [MESSAGE][PASSED] - Current window maximized

2020-12-24 01:01:56 - [TEST_STEP][PASSED] - vlinkPages.saleCCPage.setDataSCC(row, dataFile): vlinkPages.saleCCPage.setDataSCC is PASSED

2020-12-24 01:01:58 - [MESSAGE][PASSED] - Object 'Object Repository/VLink/Page_CCSale/txt_CardNumber' is present

2020-12-24 01:01:58 - [MESSAGE][PASSED] - Object 'Object Repository/VLink/Page_CCSale/txt_TransactionType' is present

2020-12-24 01:01:58 - [MESSAGE][PASSED] - Text '104' is set on object 'Object Repository/VLink/Page_CCSale/txt_TransactionType'

2020-12-24 01:01:59 - [MESSAGE][PASSED] - Object 'Object Repository/VLink/Page_CCSale/txt_MessageVersion' is present

2020-12-24 01:01:59 - [MESSAGE][PASSED] - Text '2.0C' is set on object 'Object Repository/VLink/Page_CCSale/txt_MessageVersion'

2020-12-24 01:02:00 - [MESSAGE][PASSED] - Object 'Object Repository/VLink/Page_CCSale/txt_RemID' is present

2020-12-24 01:02:00 - [MESSAGE][PASSED] - Text 'vOdbEhCrMuhw' is set on object 'Object Repository/VLink/Page_CCSale/txt_RemID'

2020-12-24 01:02:01 - [MESSAGE][PASSED] - Object 'Object Repository/VLink/Page_CCSale/txt_ApplicationId' is present

2020-12-24 01:02:01 - [MESSAGE][PASSED] - Text '671' is set on object 'Object Repository/VLink/Page_CCSale/txt_ApplicationId'

2020-12-24 01:02:01 - [MESSAGE][PASSED] - Object 'Object Repository/VLink/Page_CCSale/txt_Username' is present

2020-12-24 01:02:02 - [MESSAGE][PASSED] - Text 'username' is set on object 'Object Repository/VLink/Page_CCSale/txt_Username'

2020-12-24 01:02:02 - [MESSAGE][PASSED] - Object 'Object Repository/VLink/Page_CCSale/txt_Password' is present

2020-12-24 01:02:03 - [MESSAGE][PASSED] - Text 'password' is set on object 'Object Repository/VLink/Page_CCSale/txt_Password'

2020-12-24 01:02:03 - [MESSAGE][PASSED] - Object 'Object Repository/VLink/Page_CCSale/txt_ResponseFormat' is present

2020-12-24 01:02:04 - [MESSAGE][PASSED] - Text 'fixed_width' is set on object 'Object Repository/VLink/Page_CCSale/txt_ResponseFormat'

2020-12-24 01:02:04 - [MESSAGE][PASSED] - Object 'Object Repository/VLink/Page_CCSale/txt_Category' is present

2020-12-24 01:02:05 - [MESSAGE][PASSED] - Text 'RETL' is set on object 'Object Repository/VLink/Page_CCSale/txt_Category'

2020-12-24 01:02:05 - [MESSAGE][PASSED] - Object 'Object Repository/VLink/Page_CCSale/txt_TransactionID' is present

2020-12-24 01:02:06 - [MESSAGE][PASSED] - Text '' is set on object 'Object Repository/VLink/Page_CCSale/txt_TransactionID'

2020-12-24 01:02:06 - [MESSAGE][PASSED] - Object 'Object Repository/VLink/Page_CCSale/txt_ApprovalCode' is present

2020-12-24 01:02:07 - [MESSAGE][PASSED] - Text '' is set on object 'Object Repository/VLink/Page_CCSale/txt_ApprovalCode'

2020-12-24 01:02:07 - [MESSAGE][PASSED] - Object 'Object Repository/VLink/Page_CCSale/txt_CardName' is present

2020-12-24 01:02:08 - [MESSAGE][PASSED] - Text 'Roshan Maha' is set on object 'Object Repository/VLink/Page_CCSale/txt_CardName'

2020-12-24 01:02:08 - [MESSAGE][PASSED] - Object 'Object Repository/VLink/Page_CCSale/txt_AL1' is present

2020-12-24 01:02:09 - [MESSAGE][PASSED] - Text '12563 Bazaar road' is set on object 'Object Repository/VLink/Page_CCSale/txt_AL1'

2020-12-24 01:02:09 - [MESSAGE][PASSED] - Object 'Object Repository/VLink/Page_CCSale/txt_AL2' is present

2020-12-24 01:02:10 - [MESSAGE][PASSED] - Text '' is set on object 'Object Repository/VLink/Page_CCSale/txt_AL2'

2020-12-24 01:02:10 - [MESSAGE][PASSED] - Object 'Object Repository/VLink/Page_CCSale/txt_CardCity' is present

2020-12-24 01:02:11 - [MESSAGE][PASSED] - Text 'Crofton' is set on object 'Object Repository/VLink/Page_CCSale/txt_CardCity'

2020-12-24 01:02:11 - [MESSAGE][PASSED] - Object 'Object Repository/VLink/Page_CCSale/txt_CardState' is present

2020-12-24 01:02:12 - [MESSAGE][PASSED] - Text 'MD' is set on object 'Object Repository/VLink/Page_CCSale/txt_CardState'

2020-12-24 01:02:12 - [MESSAGE][PASSED] - Object 'Object Repository/VLink/Page_CCSale/txt_CardZIP' is present

2020-12-24 01:02:13 - [MESSAGE][PASSED] - Text '21114' is set on object 'Object Repository/VLink/Page_CCSale/txt_CardZIP'

2020-12-24 01:02:13 - [MESSAGE][PASSED] - Object 'Object Repository/VLink/Page_CCSale/txt_CountryID' is present

2020-12-24 01:02:14 - [MESSAGE][PASSED] - Text '' is set on object 'Object Repository/VLink/Page_CCSale/txt_CountryID'

2020-12-24 01:02:14 - [MESSAGE][PASSED] - Object 'Object Repository/VLink/Page_CCSale/txt_Amount' is present

2020-12-24 01:02:15 - [MESSAGE][PASSED] - Text '3.50' is set on object 'Object Repository/VLink/Page_CCSale/txt_Amount'

2020-12-24 01:02:15 - [MESSAGE][PASSED] - Object 'Object Repository/VLink/Page_CCSale/txt_CardNumber' is present

2020-12-24 01:02:16 - [MESSAGE][PASSED] - Text '4111111111111111' is set on object 'Object Repository/VLink/Page_CCSale/txt_CardNumber'

2020-12-24 01:02:16 - [MESSAGE][PASSED] - Object 'Object Repository/VLink/Page_CCSale/txt_ExpMonth' is present

2020-12-24 01:02:17 - [MESSAGE][PASSED] - Text '01' is set on object 'Object Repository/VLink/Page_CCSale/txt_ExpMonth'

2020-12-24 01:02:17 - [MESSAGE][PASSED] - Object 'Object Repository/VLink/Page_CCSale/txt_ExpYear' is present

2020-12-24 01:02:18 - [MESSAGE][PASSED] - Text '2026' is set on object 'Object Repository/VLink/Page_CCSale/txt_ExpYear'

2020-12-24 01:02:18 - [MESSAGE][PASSED] - Object 'Object Repository/VLink/Page_CCSale/txt_CVV' is present

2020-12-24 01:02:19 - [MESSAGE][PASSED] - Text '' is set on object 'Object Repository/VLink/Page_CCSale/txt_CVV'

2020-12-24 01:02:19 - [MESSAGE][PASSED] - Object 'Object Repository/VLink/Page_CCSale/txt_CVVstate' is present

2020-12-24 01:02:20 - [MESSAGE][PASSED] - Text '' is set on object 'Object Repository/VLink/Page_CCSale/txt_CVVstate'

2020-12-24 01:02:20 - [MESSAGE][PASSED] - Object 'Object Repository/VLink/Page_CCSale/txt_TrackData' is present

2020-12-24 01:02:21 - [MESSAGE][PASSED] - Text '' is set on object 'Object Repository/VLink/Page_CCSale/txt_TrackData'

2020-12-24 01:02:21 - [MESSAGE][PASSED] - Object 'Object Repository/VLink/Page_CCSale/txt_Track1Data' is present

2020-12-24 01:02:22 - [MESSAGE][PASSED] - Text '' is set on object 'Object Repository/VLink/Page_CCSale/txt_Track1Data'

2020-12-24 01:02:22 - [MESSAGE][PASSED] - Object 'Object Repository/VLink/Page_CCSale/txt_Track2Data' is present

2020-12-24 01:02:23 - [MESSAGE][PASSED] - Text '' is set on object 'Object Repository/VLink/Page_CCSale/txt_Track2Data'

2020-12-24 01:02:23 - [MESSAGE][PASSED] - Object 'Object Repository/VLink/Page_CCSale/txt_POSEntryMode' is present

2020-12-24 01:02:24 - [MESSAGE][PASSED] - Text 'manual' is set on object 'Object Repository/VLink/Page_CCSale/txt_POSEntryMode'

2020-12-24 01:02:24 - [MESSAGE][PASSED] - Object 'Object Repository/VLink/Page_CCSale/txt_Email' is present

2020-12-24 01:02:25 - [MESSAGE][PASSED] - Text '' is set on object 'Object Repository/VLink/Page_CCSale/txt_Email'

2020-12-24 01:02:25 - [MESSAGE][PASSED] - Object 'Object Repository/VLink/Page_CCSale/txt_OrderNumber' is present

2020-12-24 01:02:26 - [MESSAGE][PASSED] - Text '' is set on object 'Object Repository/VLink/Page_CCSale/txt_OrderNumber'

2020-12-24 01:02:26 - [MESSAGE][PASSED] - Object 'Object Repository/VLink/Page_CCSale/txt_TaxAmount' is present

2020-12-24 01:02:27 - [MESSAGE][PASSED] - Text '' is set on object 'Object Repository/VLink/Page_CCSale/txt_TaxAmount'

2020-12-24 01:02:27 - [MESSAGE][PASSED] - Object 'Object Repository/VLink/Page_CCSale/txt_ChargeDescription' is present

2020-12-24 01:02:28 - [MESSAGE][PASSED] - Text '' is set on object 'Object Repository/VLink/Page_CCSale/txt_ChargeDescription'

2020-12-24 01:02:28 - [MESSAGE][PASSED] - Object 'Object Repository/VLink/Page_CCSale/txt_CAN' is present

2020-12-24 01:02:29 - [MESSAGE][PASSED] - Text '' is set on object 'Object Repository/VLink/Page_CCSale/txt_CAN'

2020-12-24 01:02:29 - [MESSAGE][PASSED] - Object 'Object Repository/VLink/Page_CCSale/txt_BillPaymentIndicator' is present

2020-12-24 01:02:30 - [MESSAGE][PASSED] - Text '' is set on object 'Object Repository/VLink/Page_CCSale/txt_BillPaymentIndicator'

2020-12-24 01:02:30 - [MESSAGE][PASSED] - Object 'Object Repository/VLink/Page_CCSale/txt_UDF1' is present

2020-12-24 01:02:31 - [MESSAGE][PASSED] - Text '' is set on object 'Object Repository/VLink/Page_CCSale/txt_UDF1'

2020-12-24 01:02:31 - [MESSAGE][PASSED] - Object 'Object Repository/VLink/Page_CCSale/txt_UDF2' is present

2020-12-24 01:02:31 - [MESSAGE][PASSED] - Text '' is set on object 'Object Repository/VLink/Page_CCSale/txt_UDF2'

2020-12-24 01:02:32 - [MESSAGE][PASSED] - Object 'Object Repository/VLink/Page_CCSale/txt_UDF3' is present

2020-12-24 01:02:32 - [MESSAGE][PASSED] - Text '' is set on object 'Object Repository/VLink/Page_CCSale/txt_UDF3'

2020-12-24 01:02:33 - [MESSAGE][PASSED] - Object 'Object Repository/VLink/Page_CCSale/txt_UDF4' is present

2020-12-24 01:02:33 - [MESSAGE][PASSED] - Text '' is set on object 'Object Repository/VLink/Page_CCSale/txt_UDF4'

2020-12-24 01:02:34 - [MESSAGE][PASSED] - Object 'Object Repository/VLink/Page_CCSale/txt_UDF5' is present

2020-12-24 01:02:34 - [MESSAGE][PASSED] - Text '' is set on object 'Object Repository/VLink/Page_CCSale/txt_UDF5'

2020-12-24 01:02:35 - [MESSAGE][PASSED] - Object 'Object Repository/VLink/Page_CCSale/txt_UDF6' is present

2020-12-24 01:02:35 - [MESSAGE][PASSED] - Text '' is set on object 'Object Repository/VLink/Page_CCSale/txt_UDF6'

2020-12-24 01:02:36 - [MESSAGE][PASSED] - Object 'Object Repository/VLink/Page_CCSale/txt_UDF7' is present

2020-12-24 01:02:36 - [MESSAGE][PASSED] - Text '' is set on object 'Object Repository/VLink/Page_CCSale/txt_UDF7'

2020-12-24 01:02:37 - [MESSAGE][PASSED] - Object 'Object Repository/VLink/Page_CCSale/txt_UDF8' is present

2020-12-24 01:02:37 - [MESSAGE][PASSED] - Text '' is set on object 'Object Repository/VLink/Page_CCSale/txt_UDF8'

2020-12-24 01:02:38 - [MESSAGE][PASSED] - Object 'Object Repository/VLink/Page_CCSale/txt_UDF9' is present

2020-12-24 01:02:38 - [MESSAGE][PASSED] - Text '' is set on object 'Object Repository/VLink/Page_CCSale/txt_UDF9'

2020-12-24 01:02:39 - [MESSAGE][PASSED] - Object 'Object Repository/VLink/Page_CCSale/txt_UDF10' is present

2020-12-24 01:02:39 - [MESSAGE][PASSED] - Text '' is set on object 'Object Repository/VLink/Page_CCSale/txt_UDF10'

2020-12-24 01:02:40 - [MESSAGE][PASSED] - Object 'Object Repository/VLink/Page_CCSale/txt_CardOnFileIndicator' is present

2020-12-24 01:02:40 - [MESSAGE][PASSED] - Text '1' is set on object 'Object Repository/VLink/Page_CCSale/txt_CardOnFileIndicator'

2020-12-24 01:02:41 - [MESSAGE][PASSED] - Object 'Object Repository/VLink/Page_CCSale/txt_StoredCredentialIndicator' is present

2020-12-24 01:02:41 - [MESSAGE][PASSED] - Text 'Subsequent' is set on object 'Object Repository/VLink/Page_CCSale/txt_StoredCredentialIndicator'

2020-12-24 01:02:42 - [MESSAGE][PASSED] - Object 'Object Repository/VLink/Page_CCSale/txt_COFScheduledIndicator' is present

2020-12-24 01:02:42 - [MESSAGE][PASSED] - Text 'Scheduled' is set on object 'Object Repository/VLink/Page_CCSale/txt_COFScheduledIndicator'

2020-12-24 01:02:43 - [MESSAGE][PASSED] - Object 'Object Repository/VLink/Page_CCSale/txt_COFTransactionInitiatedBy' is present

2020-12-24 01:02:43 - [MESSAGE][PASSED] - Text 'Merchant' is set on object 'Object Repository/VLink/Page_CCSale/txt_COFTransactionInitiatedBy'

2020-12-24 01:02:47 - [MESSAGE][PASSED] - Object: 'Object Repository/VLink/Page_CCSale/btn_ProcessVLinkTransaction' is clicked on

2020-12-24 01:02:52 - [MESSAGE][PASSED] - vlinkPages.saleCCPage.setDataSCC is PASSED

2020-12-24 01:02:52 - [TEST_STEP][PASSED] - if (verifyTextPresent("Transaction approved, no errors", true)): null

2020-12-24 01:02:53 - [MESSAGE][PASSED] - Text 'Transaction approved, no errors' is present on page  using regular expression

2020-12-24 01:02:53 - [TEST_STEP][PASSED] - println("Transaction Approved, no errors text is present on the Confirmation page"): null

2020-12-24 01:02:53 - [TEST_STEP][PASSED] - out.println("Pass Record Number: " + row): null

2020-12-24 01:02:53 - [TEST_STEP][PASSED] - resText = "Pass": null

2020-12-24 01:02:53 - [TEST_STEP][PASSED] - pages.WriteExcel.demoKey(resText, datText, resColumn, datCloumn, fileLoc, nameSheet, row): pages.WriteExcel.demoKey is PASSED

2020-12-24 01:02:53 - [MESSAGE][PASSED] - pages.WriteExcel.demoKey is PASSED

2020-12-24 01:02:53 - [TEST_STEP][PASSED] - sdfo = getText(findTestObject("Object Repository/Page_VLinkReceipt/pre_STX")): Text of object 'Object Repository/Page_VLinkReceipt/pre_STX' is: '<STX>vOdbEhCrMuhw                  12088145            0  Transaction approved, no errors                   0                                                                                  Y OK9928   <ETX>'

2020-12-24 01:02:53 - [MESSAGE][PASSED] - Text of object 'Object Repository/Page_VLinkReceipt/pre_STX' is: '<STX>vOdbEhCrMuhw                  12088145            0  Transaction approved, no errors                   0                                                                                  Y OK9928   <ETX>'

2020-12-24 01:02:53 - [TEST_STEP][PASSED] - out.println("sdfo: " + sdfo): null

2020-12-24 01:02:53 - [TEST_STEP][PASSED] - remID = substring(5, 35).trim(): null

2020-12-24 01:02:53 - [TEST_STEP][PASSED] - out.println("Remittance ID: " + remID): null

2020-12-24 01:02:53 - [TEST_STEP][PASSED] - traxID = substring(35, 55).trim(): null

2020-12-24 01:02:53 - [TEST_STEP][PASSED] - out.println("Transaction ID: " + traxID): null

2020-12-24 01:02:53 - [TEST_STEP][PASSED] - out.println("End Record Number: " + row): null

2020-12-24 01:02:53 - [TEST_STEP][PASSED] - closeBrowser(): Browser is closed

2020-12-24 01:02:54 - [MESSAGE][PASSED] - Browser is closed

2020-12-24 01:02:54 - [TEST_STEP][PASSED] - out.println("Begin Record Number: " + row): null

2020-12-24 01:02:54 - [TEST_STEP][PASSED] - today = new java.util.Date(): null

2020-12-24 01:02:54 - [TEST_STEP][PASSED] - println(today): null

2020-12-24 01:02:54 - [TEST_STEP][PASSED] - datText = today: null

2020-12-24 01:02:54 - [TEST_STEP][PASSED] - openBrowser(VLinkURL + "authcap.html"): Browser is opened with url: 'https://dev-algorithm.govolution.com/vlinktest/QA/version_2_0/authcap.html'

2020-12-24 01:02:54 - [MESSAGE][INFO] - Starting 'Chrome' driver

2020-12-24 01:02:54 - [MESSAGE][INFO] - User set preference: ['acceptInsecureCerts', 'true']

2020-12-24 01:02:54 - [MESSAGE][INFO] - Action delay is set to 0 milliseconds

2020-12-24 01:02:58 - [MESSAGE][PASSED] - Browser is opened with url: 'https://dev-algorithm.govolution.com/vlinktest/QA/version_2_0/authcap.html'

2020-12-24 01:02:58 - [TEST_STEP][PASSED] - maximizeWindow(): Current window maximized

2020-12-24 01:02:58 - [MESSAGE][PASSED] - Current window maximized

2020-12-24 01:02:58 - [TEST_STEP][PASSED] - vlinkPages.saleCCPage.setDataSCC(row, dataFile): vlinkPages.saleCCPage.setDataSCC is PASSED

2020-12-24 01:03:00 - [MESSAGE][PASSED] - Object 'Object Repository/VLink/Page_CCSale/txt_CardNumber' is present

2020-12-24 01:03:00 - [MESSAGE][PASSED] - Object 'Object Repository/VLink/Page_CCSale/txt_TransactionType' is present

2020-12-24 01:03:01 - [MESSAGE][PASSED] - Text '104' is set on object 'Object Repository/VLink/Page_CCSale/txt_TransactionType'

2020-12-24 01:03:01 - [MESSAGE][PASSED] - Object 'Object Repository/VLink/Page_CCSale/txt_MessageVersion' is present

2020-12-24 01:03:02 - [MESSAGE][PASSED] - Text '2.0C' is set on object 'Object Repository/VLink/Page_CCSale/txt_MessageVersion'

2020-12-24 01:03:02 - [MESSAGE][PASSED] - Object 'Object Repository/VLink/Page_CCSale/txt_RemID' is present

2020-12-24 01:03:03 - [MESSAGE][PASSED] - Text 'UzkIrB70plPL' is set on object 'Object Repository/VLink/Page_CCSale/txt_RemID'

2020-12-24 01:03:03 - [MESSAGE][PASSED] - Object 'Object Repository/VLink/Page_CCSale/txt_ApplicationId' is present

2020-12-24 01:03:04 - [MESSAGE][PASSED] - Text '671' is set on object 'Object Repository/VLink/Page_CCSale/txt_ApplicationId'

2020-12-24 01:03:04 - [MESSAGE][PASSED] - Object 'Object Repository/VLink/Page_CCSale/txt_Username' is present

2020-12-24 01:03:05 - [MESSAGE][PASSED] - Text 'username' is set on object 'Object Repository/VLink/Page_CCSale/txt_Username'

2020-12-24 01:03:05 - [MESSAGE][PASSED] - Object 'Object Repository/VLink/Page_CCSale/txt_Password' is present

2020-12-24 01:03:06 - [MESSAGE][PASSED] - Text 'password' is set on object 'Object Repository/VLink/Page_CCSale/txt_Password'

2020-12-24 01:03:06 - [MESSAGE][PASSED] - Object 'Object Repository/VLink/Page_CCSale/txt_ResponseFormat' is present

2020-12-24 01:03:07 - [MESSAGE][PASSED] - Text 'fixed_width' is set on object 'Object Repository/VLink/Page_CCSale/txt_ResponseFormat'

2020-12-24 01:03:07 - [MESSAGE][PASSED] - Object 'Object Repository/VLink/Page_CCSale/txt_Category' is present

2020-12-24 01:03:08 - [MESSAGE][PASSED] - Text 'RETL' is set on object 'Object Repository/VLink/Page_CCSale/txt_Category'

2020-12-24 01:03:08 - [MESSAGE][PASSED] - Object 'Object Repository/VLink/Page_CCSale/txt_TransactionID' is present

2020-12-24 01:03:08 - [MESSAGE][PASSED] - Text '' is set on object 'Object Repository/VLink/Page_CCSale/txt_TransactionID'

2020-12-24 01:03:09 - [MESSAGE][PASSED] - Object 'Object Repository/VLink/Page_CCSale/txt_ApprovalCode' is present

2020-12-24 01:03:09 - [MESSAGE][PASSED] - Text '' is set on object 'Object Repository/VLink/Page_CCSale/txt_ApprovalCode'

2020-12-24 01:03:10 - [MESSAGE][PASSED] - Object 'Object Repository/VLink/Page_CCSale/txt_CardName' is present

2020-12-24 01:03:10 - [MESSAGE][PASSED] - Text 'Kris Roshan' is set on object 'Object Repository/VLink/Page_CCSale/txt_CardName'

2020-12-24 01:03:11 - [MESSAGE][PASSED] - Object 'Object Repository/VLink/Page_CCSale/txt_AL1' is present

2020-12-24 01:03:11 - [MESSAGE][PASSED] - Text '258 Elm Road' is set on object 'Object Repository/VLink/Page_CCSale/txt_AL1'

2020-12-24 01:03:12 - [MESSAGE][PASSED] - Object 'Object Repository/VLink/Page_CCSale/txt_AL2' is present

2020-12-24 01:03:12 - [MESSAGE][PASSED] - Text 'Suite 56' is set on object 'Object Repository/VLink/Page_CCSale/txt_AL2'

2020-12-24 01:03:13 - [MESSAGE][PASSED] - Object 'Object Repository/VLink/Page_CCSale/txt_CardCity' is present

2020-12-24 01:03:13 - [MESSAGE][PASSED] - Text 'Arlington' is set on object 'Object Repository/VLink/Page_CCSale/txt_CardCity'

2020-12-24 01:03:14 - [MESSAGE][PASSED] - Object 'Object Repository/VLink/Page_CCSale/txt_CardState' is present

2020-12-24 01:03:14 - [MESSAGE][PASSED] - Text 'VA' is set on object 'Object Repository/VLink/Page_CCSale/txt_CardState'

2020-12-24 01:03:15 - [MESSAGE][PASSED] - Object 'Object Repository/VLink/Page_CCSale/txt_CardZIP' is present

2020-12-24 01:03:15 - [MESSAGE][PASSED] - Text '22201' is set on object 'Object Repository/VLink/Page_CCSale/txt_CardZIP'

2020-12-24 01:03:16 - [MESSAGE][PASSED] - Object 'Object Repository/VLink/Page_CCSale/txt_CountryID' is present

2020-12-24 01:03:16 - [MESSAGE][PASSED] - Text '840' is set on object 'Object Repository/VLink/Page_CCSale/txt_CountryID'

2020-12-24 01:03:17 - [MESSAGE][PASSED] - Object 'Object Repository/VLink/Page_CCSale/txt_Amount' is present

2020-12-24 01:03:17 - [MESSAGE][PASSED] - Text '1.50' is set on object 'Object Repository/VLink/Page_CCSale/txt_Amount'

2020-12-24 01:03:18 - [MESSAGE][PASSED] - Object 'Object Repository/VLink/Page_CCSale/txt_CardNumber' is present

2020-12-24 01:03:18 - [MESSAGE][PASSED] - Text '5424000000000015' is set on object 'Object Repository/VLink/Page_CCSale/txt_CardNumber'

2020-12-24 01:03:19 - [MESSAGE][PASSED] - Object 'Object Repository/VLink/Page_CCSale/txt_ExpMonth' is present

2020-12-24 01:03:19 - [MESSAGE][PASSED] - Text '12' is set on object 'Object Repository/VLink/Page_CCSale/txt_ExpMonth'

2020-12-24 01:03:20 - [MESSAGE][PASSED] - Object 'Object Repository/VLink/Page_CCSale/txt_ExpYear' is present

2020-12-24 01:03:20 - [MESSAGE][PASSED] - Text '2025' is set on object 'Object Repository/VLink/Page_CCSale/txt_ExpYear'

2020-12-24 01:03:21 - [MESSAGE][PASSED] - Object 'Object Repository/VLink/Page_CCSale/txt_CVV' is present

2020-12-24 01:03:21 - [MESSAGE][PASSED] - Text '' is set on object 'Object Repository/VLink/Page_CCSale/txt_CVV'

2020-12-24 01:03:22 - [MESSAGE][PASSED] - Object 'Object Repository/VLink/Page_CCSale/txt_CVVstate' is present

2020-12-24 01:03:22 - [MESSAGE][PASSED] - Text '' is set on object 'Object Repository/VLink/Page_CCSale/txt_CVVstate'

2020-12-24 01:03:23 - [MESSAGE][PASSED] - Object 'Object Repository/VLink/Page_CCSale/txt_TrackData' is present

2020-12-24 01:03:23 - [MESSAGE][PASSED] - Text '' is set on object 'Object Repository/VLink/Page_CCSale/txt_TrackData'

2020-12-24 01:03:24 - [MESSAGE][PASSED] - Object 'Object Repository/VLink/Page_CCSale/txt_Track1Data' is present

2020-12-24 01:03:24 - [MESSAGE][PASSED] - Text '' is set on object 'Object Repository/VLink/Page_CCSale/txt_Track1Data'

2020-12-24 01:03:25 - [MESSAGE][PASSED] - Object 'Object Repository/VLink/Page_CCSale/txt_Track2Data' is present

2020-12-24 01:03:25 - [MESSAGE][PASSED] - Text '' is set on object 'Object Repository/VLink/Page_CCSale/txt_Track2Data'

2020-12-24 01:03:26 - [MESSAGE][PASSED] - Object 'Object Repository/VLink/Page_CCSale/txt_POSEntryMode' is present

2020-12-24 01:03:26 - [MESSAGE][PASSED] - Text 'manual' is set on object 'Object Repository/VLink/Page_CCSale/txt_POSEntryMode'

2020-12-24 01:03:27 - [MESSAGE][PASSED] - Object 'Object Repository/VLink/Page_CCSale/txt_Email' is present

2020-12-24 01:03:27 - [MESSAGE][PASSED] - Text 'iahmed@govolution.com' is set on object 'Object Repository/VLink/Page_CCSale/txt_Email'

2020-12-24 01:03:28 - [MESSAGE][PASSED] - Object 'Object Repository/VLink/Page_CCSale/txt_OrderNumber' is present

2020-12-24 01:03:28 - [MESSAGE][PASSED] - Text '2569362' is set on object 'Object Repository/VLink/Page_CCSale/txt_OrderNumber'

2020-12-24 01:03:29 - [MESSAGE][PASSED] - Object 'Object Repository/VLink/Page_CCSale/txt_TaxAmount' is present

2020-12-24 01:03:29 - [MESSAGE][PASSED] - Text '1.15' is set on object 'Object Repository/VLink/Page_CCSale/txt_TaxAmount'

2020-12-24 01:03:30 - [MESSAGE][PASSED] - Object 'Object Repository/VLink/Page_CCSale/txt_ChargeDescription' is present

2020-12-24 01:03:30 - [MESSAGE][PASSED] - Text 'Charge Description' is set on object 'Object Repository/VLink/Page_CCSale/txt_ChargeDescription'

2020-12-24 01:03:31 - [MESSAGE][PASSED] - Object 'Object Repository/VLink/Page_CCSale/txt_CAN' is present

2020-12-24 01:03:31 - [MESSAGE][PASSED] - Text '147357' is set on object 'Object Repository/VLink/Page_CCSale/txt_CAN'

2020-12-24 01:03:32 - [MESSAGE][PASSED] - Object 'Object Repository/VLink/Page_CCSale/txt_BillPaymentIndicator' is present

2020-12-24 01:03:32 - [MESSAGE][PASSED] - Text '1' is set on object 'Object Repository/VLink/Page_CCSale/txt_BillPaymentIndicator'

2020-12-24 01:03:33 - [MESSAGE][PASSED] - Object 'Object Repository/VLink/Page_CCSale/txt_UDF1' is present

2020-12-24 01:03:33 - [MESSAGE][PASSED] - Text 'UDF Data 1' is set on object 'Object Repository/VLink/Page_CCSale/txt_UDF1'

2020-12-24 01:03:34 - [MESSAGE][PASSED] - Object 'Object Repository/VLink/Page_CCSale/txt_UDF2' is present

2020-12-24 01:03:34 - [MESSAGE][PASSED] - Text 'UDF Data 2' is set on object 'Object Repository/VLink/Page_CCSale/txt_UDF2'

2020-12-24 01:03:35 - [MESSAGE][PASSED] - Object 'Object Repository/VLink/Page_CCSale/txt_UDF3' is present

2020-12-24 01:03:35 - [MESSAGE][PASSED] - Text 'UDF Data 3' is set on object 'Object Repository/VLink/Page_CCSale/txt_UDF3'

2020-12-24 01:03:36 - [MESSAGE][PASSED] - Object 'Object Repository/VLink/Page_CCSale/txt_UDF4' is present

2020-12-24 01:03:37 - [MESSAGE][PASSED] - Text 'UDF Data 4' is set on object 'Object Repository/VLink/Page_CCSale/txt_UDF4'

2020-12-24 01:03:37 - [MESSAGE][PASSED] - Object 'Object Repository/VLink/Page_CCSale/txt_UDF5' is present

2020-12-24 01:03:38 - [MESSAGE][PASSED] - Text 'UDF Data 5' is set on object 'Object Repository/VLink/Page_CCSale/txt_UDF5'

2020-12-24 01:03:38 - [MESSAGE][PASSED] - Object 'Object Repository/VLink/Page_CCSale/txt_UDF6' is present

2020-12-24 01:03:39 - [MESSAGE][PASSED] - Text 'UDF Data 6' is set on object 'Object Repository/VLink/Page_CCSale/txt_UDF6'

2020-12-24 01:03:39 - [MESSAGE][PASSED] - Object 'Object Repository/VLink/Page_CCSale/txt_UDF7' is present

2020-12-24 01:03:40 - [MESSAGE][PASSED] - Text 'UDF Data 7' is set on object 'Object Repository/VLink/Page_CCSale/txt_UDF7'

2020-12-24 01:03:40 - [MESSAGE][PASSED] - Object 'Object Repository/VLink/Page_CCSale/txt_UDF8' is present

2020-12-24 01:03:40 - [MESSAGE][PASSED] - Text 'UDF Data 8' is set on object 'Object Repository/VLink/Page_CCSale/txt_UDF8'

2020-12-24 01:03:41 - [MESSAGE][PASSED] - Object 'Object Repository/VLink/Page_CCSale/txt_UDF9' is present

2020-12-24 01:03:41 - [MESSAGE][PASSED] - Text 'UDF Data 9' is set on object 'Object Repository/VLink/Page_CCSale/txt_UDF9'

2020-12-24 01:03:42 - [MESSAGE][PASSED] - Object 'Object Repository/VLink/Page_CCSale/txt_UDF10' is present

2020-12-24 01:03:43 - [MESSAGE][PASSED] - Text 'UDF Data 10' is set on object 'Object Repository/VLink/Page_CCSale/txt_UDF10'

2020-12-24 01:03:43 - [MESSAGE][PASSED] - Object 'Object Repository/VLink/Page_CCSale/txt_CardOnFileIndicator' is present

2020-12-24 01:03:44 - [MESSAGE][PASSED] - Text '1' is set on object 'Object Repository/VLink/Page_CCSale/txt_CardOnFileIndicator'

2020-12-24 01:03:44 - [MESSAGE][PASSED] - Object 'Object Repository/VLink/Page_CCSale/txt_StoredCredentialIndicator' is present

2020-12-24 01:03:45 - [MESSAGE][PASSED] - Text 'Subsequent' is set on object 'Object Repository/VLink/Page_CCSale/txt_StoredCredentialIndicator'

2020-12-24 01:03:45 - [MESSAGE][PASSED] - Object 'Object Repository/VLink/Page_CCSale/txt_COFScheduledIndicator' is present

2020-12-24 01:03:46 - [MESSAGE][PASSED] - Text 'Scheduled' is set on object 'Object Repository/VLink/Page_CCSale/txt_COFScheduledIndicator'

2020-12-24 01:03:46 - [MESSAGE][PASSED] - Object 'Object Repository/VLink/Page_CCSale/txt_COFTransactionInitiatedBy' is present

2020-12-24 01:03:46 - [MESSAGE][PASSED] - Text 'Merchant' is set on object 'Object Repository/VLink/Page_CCSale/txt_COFTransactionInitiatedBy'

2020-12-24 01:03:52 - [MESSAGE][PASSED] - Object: 'Object Repository/VLink/Page_CCSale/btn_ProcessVLinkTransaction' is clicked on

2020-12-24 01:03:57 - [MESSAGE][PASSED] - vlinkPages.saleCCPage.setDataSCC is PASSED

2020-12-24 01:03:57 - [TEST_STEP][PASSED] - if (verifyTextPresent("Transaction approved, no errors", true)): null

2020-12-24 01:03:57 - [MESSAGE][PASSED] - Text 'Transaction approved, no errors' is present on page  using regular expression

2020-12-24 01:03:57 - [TEST_STEP][PASSED] - println("Transaction Approved, no errors text is present on the Confirmation page"): null

2020-12-24 01:03:57 - [TEST_STEP][PASSED] - out.println("Pass Record Number: " + row): null

2020-12-24 01:03:57 - [TEST_STEP][PASSED] - resText = "Pass": null

2020-12-24 01:03:57 - [TEST_STEP][PASSED] - pages.WriteExcel.demoKey(resText, datText, resColumn, datCloumn, fileLoc, nameSheet, row): pages.WriteExcel.demoKey is PASSED

2020-12-24 01:03:57 - [MESSAGE][PASSED] - pages.WriteExcel.demoKey is PASSED

2020-12-24 01:03:57 - [TEST_STEP][PASSED] - sdfo = getText(findTestObject("Object Repository/Page_VLinkReceipt/pre_STX")): Text of object 'Object Repository/Page_VLinkReceipt/pre_STX' is: '<STX>UzkIrB70plPL                  12088146            0  Transaction approved, no errors                   0                                                                                  Y OK0488   <ETX>'

2020-12-24 01:03:57 - [MESSAGE][PASSED] - Text of object 'Object Repository/Page_VLinkReceipt/pre_STX' is: '<STX>UzkIrB70plPL                  12088146            0  Transaction approved, no errors                   0                                                                                  Y OK0488   <ETX>'

2020-12-24 01:03:57 - [TEST_STEP][PASSED] - out.println("sdfo: " + sdfo): null

2020-12-24 01:03:57 - [TEST_STEP][PASSED] - remID = substring(5, 35).trim(): null

2020-12-24 01:03:57 - [TEST_STEP][PASSED] - out.println("Remittance ID: " + remID): null

2020-12-24 01:03:57 - [TEST_STEP][PASSED] - traxID = substring(35, 55).trim(): null

2020-12-24 01:03:57 - [TEST_STEP][PASSED] - out.println("Transaction ID: " + traxID): null

2020-12-24 01:03:57 - [TEST_STEP][PASSED] - out.println("End Record Number: " + row): null

2020-12-24 01:03:57 - [TEST_STEP][PASSED] - closeBrowser(): Browser is closed

2020-12-24 01:03:58 - [MESSAGE][PASSED] - Browser is closed

2020-12-24 01:03:58 - [TEST_STEP][PASSED] - out.println("Begin Record Number: " + row): null

2020-12-24 01:03:58 - [TEST_STEP][PASSED] - today = new java.util.Date(): null

2020-12-24 01:03:58 - [TEST_STEP][PASSED] - println(today): null

2020-12-24 01:03:58 - [TEST_STEP][PASSED] - datText = today: null

2020-12-24 01:03:58 - [TEST_STEP][PASSED] - openBrowser(VLinkURL + "authcap.html"): Browser is opened with url: 'https://dev-algorithm.govolution.com/vlinktest/QA/version_2_0/authcap.html'

2020-12-24 01:03:58 - [MESSAGE][INFO] - Starting 'Chrome' driver

2020-12-24 01:03:58 - [MESSAGE][INFO] - User set preference: ['acceptInsecureCerts', 'true']

2020-12-24 01:03:58 - [MESSAGE][INFO] - Action delay is set to 0 milliseconds

2020-12-24 01:04:02 - [MESSAGE][PASSED] - Browser is opened with url: 'https://dev-algorithm.govolution.com/vlinktest/QA/version_2_0/authcap.html'

2020-12-24 01:04:02 - [TEST_STEP][PASSED] - maximizeWindow(): Current window maximized

2020-12-24 01:04:03 - [MESSAGE][PASSED] - Current window maximized

2020-12-24 01:04:03 - [TEST_STEP][PASSED] - vlinkPages.saleCCPage.setDataSCC(row, dataFile): vlinkPages.saleCCPage.setDataSCC is PASSED

2020-12-24 01:04:04 - [MESSAGE][PASSED] - Object 'Object Repository/VLink/Page_CCSale/txt_CardNumber' is present

2020-12-24 01:04:05 - [MESSAGE][PASSED] - Object 'Object Repository/VLink/Page_CCSale/txt_TransactionType' is present

2020-12-24 01:04:05 - [MESSAGE][PASSED] - Text '104' is set on object 'Object Repository/VLink/Page_CCSale/txt_TransactionType'

2020-12-24 01:04:06 - [MESSAGE][PASSED] - Object 'Object Repository/VLink/Page_CCSale/txt_MessageVersion' is present

2020-12-24 01:04:06 - [MESSAGE][PASSED] - Text '2.0C' is set on object 'Object Repository/VLink/Page_CCSale/txt_MessageVersion'

2020-12-24 01:04:06 - [MESSAGE][PASSED] - Object 'Object Repository/VLink/Page_CCSale/txt_RemID' is present

2020-12-24 01:04:07 - [MESSAGE][PASSED] - Text 'OiB4cMW1wSe7' is set on object 'Object Repository/VLink/Page_CCSale/txt_RemID'

2020-12-24 01:04:07 - [MESSAGE][PASSED] - Object 'Object Repository/VLink/Page_CCSale/txt_ApplicationId' is present

2020-12-24 01:04:08 - [MESSAGE][PASSED] - Text '671' is set on object 'Object Repository/VLink/Page_CCSale/txt_ApplicationId'

2020-12-24 01:04:08 - [MESSAGE][PASSED] - Object 'Object Repository/VLink/Page_CCSale/txt_Username' is present

2020-12-24 01:04:09 - [MESSAGE][PASSED] - Text 'username' is set on object 'Object Repository/VLink/Page_CCSale/txt_Username'

2020-12-24 01:04:09 - [MESSAGE][PASSED] - Object 'Object Repository/VLink/Page_CCSale/txt_Password' is present

2020-12-24 01:04:10 - [MESSAGE][PASSED] - Text 'password' is set on object 'Object Repository/VLink/Page_CCSale/txt_Password'

2020-12-24 01:04:10 - [MESSAGE][PASSED] - Object 'Object Repository/VLink/Page_CCSale/txt_ResponseFormat' is present

2020-12-24 01:04:11 - [MESSAGE][PASSED] - Text 'fixed_width' is set on object 'Object Repository/VLink/Page_CCSale/txt_ResponseFormat'

2020-12-24 01:04:11 - [MESSAGE][PASSED] - Object 'Object Repository/VLink/Page_CCSale/txt_Category' is present

2020-12-24 01:04:12 - [MESSAGE][PASSED] - Text 'RETL' is set on object 'Object Repository/VLink/Page_CCSale/txt_Category'

2020-12-24 01:04:12 - [MESSAGE][PASSED] - Object 'Object Repository/VLink/Page_CCSale/txt_TransactionID' is present

2020-12-24 01:04:12 - [MESSAGE][PASSED] - Text '' is set on object 'Object Repository/VLink/Page_CCSale/txt_TransactionID'

2020-12-24 01:04:13 - [MESSAGE][PASSED] - Object 'Object Repository/VLink/Page_CCSale/txt_ApprovalCode' is present

2020-12-24 01:04:13 - [MESSAGE][PASSED] - Text '' is set on object 'Object Repository/VLink/Page_CCSale/txt_ApprovalCode'

2020-12-24 01:04:14 - [MESSAGE][PASSED] - Object 'Object Repository/VLink/Page_CCSale/txt_CardName' is present

2020-12-24 01:04:14 - [MESSAGE][PASSED] - Text 'Arvind Silva' is set on object 'Object Repository/VLink/Page_CCSale/txt_CardName'

2020-12-24 01:04:15 - [MESSAGE][PASSED] - Object 'Object Repository/VLink/Page_CCSale/txt_AL1' is present

2020-12-24 01:04:16 - [MESSAGE][PASSED] - Text '111 Main Ave' is set on object 'Object Repository/VLink/Page_CCSale/txt_AL1'

2020-12-24 01:04:16 - [MESSAGE][PASSED] - Object 'Object Repository/VLink/Page_CCSale/txt_AL2' is present

2020-12-24 01:04:16 - [MESSAGE][PASSED] - Text '' is set on object 'Object Repository/VLink/Page_CCSale/txt_AL2'

2020-12-24 01:04:17 - [MESSAGE][PASSED] - Object 'Object Repository/VLink/Page_CCSale/txt_CardCity' is present

2020-12-24 01:04:17 - [MESSAGE][PASSED] - Text 'Arlington' is set on object 'Object Repository/VLink/Page_CCSale/txt_CardCity'

2020-12-24 01:04:18 - [MESSAGE][PASSED] - Object 'Object Repository/VLink/Page_CCSale/txt_CardState' is present

2020-12-24 01:04:19 - [MESSAGE][PASSED] - Text 'VA' is set on object 'Object Repository/VLink/Page_CCSale/txt_CardState'

2020-12-24 01:04:19 - [MESSAGE][PASSED] - Object 'Object Repository/VLink/Page_CCSale/txt_CardZIP' is present

2020-12-24 01:04:20 - [MESSAGE][PASSED] - Text '22201' is set on object 'Object Repository/VLink/Page_CCSale/txt_CardZIP'

2020-12-24 01:04:20 - [MESSAGE][PASSED] - Object 'Object Repository/VLink/Page_CCSale/txt_CountryID' is present

2020-12-24 01:04:21 - [MESSAGE][PASSED] - Text '' is set on object 'Object Repository/VLink/Page_CCSale/txt_CountryID'

2020-12-24 01:04:21 - [MESSAGE][PASSED] - Object 'Object Repository/VLink/Page_CCSale/txt_Amount' is present

2020-12-24 01:04:22 - [MESSAGE][PASSED] - Text '2.50' is set on object 'Object Repository/VLink/Page_CCSale/txt_Amount'

2020-12-24 01:04:22 - [MESSAGE][PASSED] - Object 'Object Repository/VLink/Page_CCSale/txt_CardNumber' is present

2020-12-24 01:04:23 - [MESSAGE][PASSED] - Text '370000000000002' is set on object 'Object Repository/VLink/Page_CCSale/txt_CardNumber'

2020-12-24 01:04:23 - [MESSAGE][PASSED] - Object 'Object Repository/VLink/Page_CCSale/txt_ExpMonth' is present

2020-12-24 01:04:24 - [MESSAGE][PASSED] - Text '01' is set on object 'Object Repository/VLink/Page_CCSale/txt_ExpMonth'

2020-12-24 01:04:24 - [MESSAGE][PASSED] - Object 'Object Repository/VLink/Page_CCSale/txt_ExpYear' is present

2020-12-24 01:04:24 - [MESSAGE][PASSED] - Text '2026' is set on object 'Object Repository/VLink/Page_CCSale/txt_ExpYear'

2020-12-24 01:04:25 - [MESSAGE][PASSED] - Object 'Object Repository/VLink/Page_CCSale/txt_CVV' is present

2020-12-24 01:04:25 - [MESSAGE][PASSED] - Text '' is set on object 'Object Repository/VLink/Page_CCSale/txt_CVV'

2020-12-24 01:04:26 - [MESSAGE][PASSED] - Object 'Object Repository/VLink/Page_CCSale/txt_CVVstate' is present

2020-12-24 01:04:26 - [MESSAGE][PASSED] - Text '' is set on object 'Object Repository/VLink/Page_CCSale/txt_CVVstate'

2020-12-24 01:04:27 - [MESSAGE][PASSED] - Object 'Object Repository/VLink/Page_CCSale/txt_TrackData' is present

2020-12-24 01:04:27 - [MESSAGE][PASSED] - Text '' is set on object 'Object Repository/VLink/Page_CCSale/txt_TrackData'

2020-12-24 01:04:28 - [MESSAGE][PASSED] - Object 'Object Repository/VLink/Page_CCSale/txt_Track1Data' is present

2020-12-24 01:04:28 - [MESSAGE][PASSED] - Text '' is set on object 'Object Repository/VLink/Page_CCSale/txt_Track1Data'

2020-12-24 01:04:29 - [MESSAGE][PASSED] - Object 'Object Repository/VLink/Page_CCSale/txt_Track2Data' is present

2020-12-24 01:04:29 - [MESSAGE][PASSED] - Text '' is set on object 'Object Repository/VLink/Page_CCSale/txt_Track2Data'

2020-12-24 01:04:30 - [MESSAGE][PASSED] - Object 'Object Repository/VLink/Page_CCSale/txt_POSEntryMode' is present

2020-12-24 01:04:30 - [MESSAGE][PASSED] - Text 'manual' is set on object 'Object Repository/VLink/Page_CCSale/txt_POSEntryMode'

2020-12-24 01:04:31 - [MESSAGE][PASSED] - Object 'Object Repository/VLink/Page_CCSale/txt_Email' is present

2020-12-24 01:04:31 - [MESSAGE][PASSED] - Text '' is set on object 'Object Repository/VLink/Page_CCSale/txt_Email'

2020-12-24 01:04:32 - [MESSAGE][PASSED] - Object 'Object Repository/VLink/Page_CCSale/txt_OrderNumber' is present

2020-12-24 01:04:32 - [MESSAGE][PASSED] - Text '' is set on object 'Object Repository/VLink/Page_CCSale/txt_OrderNumber'

2020-12-24 01:04:33 - [MESSAGE][PASSED] - Object 'Object Repository/VLink/Page_CCSale/txt_TaxAmount' is present

2020-12-24 01:04:33 - [MESSAGE][PASSED] - Text '' is set on object 'Object Repository/VLink/Page_CCSale/txt_TaxAmount'

2020-12-24 01:04:34 - [MESSAGE][PASSED] - Object 'Object Repository/VLink/Page_CCSale/txt_ChargeDescription' is present

2020-12-24 01:04:34 - [MESSAGE][PASSED] - Text '' is set on object 'Object Repository/VLink/Page_CCSale/txt_ChargeDescription'

2020-12-24 01:04:35 - [MESSAGE][PASSED] - Object 'Object Repository/VLink/Page_CCSale/txt_CAN' is present

2020-12-24 01:04:35 - [MESSAGE][PASSED] - Text '' is set on object 'Object Repository/VLink/Page_CCSale/txt_CAN'

2020-12-24 01:04:36 - [MESSAGE][PASSED] - Object 'Object Repository/VLink/Page_CCSale/txt_BillPaymentIndicator' is present

2020-12-24 01:04:36 - [MESSAGE][PASSED] - Text '' is set on object 'Object Repository/VLink/Page_CCSale/txt_BillPaymentIndicator'

2020-12-24 01:04:37 - [MESSAGE][PASSED] - Object 'Object Repository/VLink/Page_CCSale/txt_UDF1' is present

2020-12-24 01:04:37 - [MESSAGE][PASSED] - Text '' is set on object 'Object Repository/VLink/Page_CCSale/txt_UDF1'

2020-12-24 01:04:38 - [MESSAGE][PASSED] - Object 'Object Repository/VLink/Page_CCSale/txt_UDF2' is present

2020-12-24 01:04:38 - [MESSAGE][PASSED] - Text '' is set on object 'Object Repository/VLink/Page_CCSale/txt_UDF2'

2020-12-24 01:04:39 - [MESSAGE][PASSED] - Object 'Object Repository/VLink/Page_CCSale/txt_UDF3' is present

2020-12-24 01:04:39 - [MESSAGE][PASSED] - Text '' is set on object 'Object Repository/VLink/Page_CCSale/txt_UDF3'

2020-12-24 01:04:40 - [MESSAGE][PASSED] - Object 'Object Repository/VLink/Page_CCSale/txt_UDF4' is present

2020-12-24 01:04:40 - [MESSAGE][PASSED] - Text '' is set on object 'Object Repository/VLink/Page_CCSale/txt_UDF4'

2020-12-24 01:04:41 - [MESSAGE][PASSED] - Object 'Object Repository/VLink/Page_CCSale/txt_UDF5' is present

2020-12-24 01:04:41 - [MESSAGE][PASSED] - Text '' is set on object 'Object Repository/VLink/Page_CCSale/txt_UDF5'

2020-12-24 01:04:42 - [MESSAGE][PASSED] - Object 'Object Repository/VLink/Page_CCSale/txt_UDF6' is present

2020-12-24 01:04:42 - [MESSAGE][PASSED] - Text '' is set on object 'Object Repository/VLink/Page_CCSale/txt_UDF6'

2020-12-24 01:04:42 - [MESSAGE][PASSED] - Object 'Object Repository/VLink/Page_CCSale/txt_UDF7' is present

2020-12-24 01:04:43 - [MESSAGE][PASSED] - Text '' is set on object 'Object Repository/VLink/Page_CCSale/txt_UDF7'

2020-12-24 01:04:43 - [MESSAGE][PASSED] - Object 'Object Repository/VLink/Page_CCSale/txt_UDF8' is present

2020-12-24 01:04:44 - [MESSAGE][PASSED] - Text '' is set on object 'Object Repository/VLink/Page_CCSale/txt_UDF8'

2020-12-24 01:04:44 - [MESSAGE][PASSED] - Object 'Object Repository/VLink/Page_CCSale/txt_UDF9' is present

2020-12-24 01:04:45 - [MESSAGE][PASSED] - Text '' is set on object 'Object Repository/VLink/Page_CCSale/txt_UDF9'

2020-12-24 01:04:45 - [MESSAGE][PASSED] - Object 'Object Repository/VLink/Page_CCSale/txt_UDF10' is present

2020-12-24 01:04:46 - [MESSAGE][PASSED] - Text '' is set on object 'Object Repository/VLink/Page_CCSale/txt_UDF10'

2020-12-24 01:04:46 - [MESSAGE][PASSED] - Object 'Object Repository/VLink/Page_CCSale/txt_CardOnFileIndicator' is present

2020-12-24 01:04:47 - [MESSAGE][PASSED] - Text '1' is set on object 'Object Repository/VLink/Page_CCSale/txt_CardOnFileIndicator'

2020-12-24 01:04:47 - [MESSAGE][PASSED] - Object 'Object Repository/VLink/Page_CCSale/txt_StoredCredentialIndicator' is present

2020-12-24 01:04:48 - [MESSAGE][PASSED] - Text 'Subsequent' is set on object 'Object Repository/VLink/Page_CCSale/txt_StoredCredentialIndicator'

2020-12-24 01:04:48 - [MESSAGE][PASSED] - Object 'Object Repository/VLink/Page_CCSale/txt_COFScheduledIndicator' is present

2020-12-24 01:04:49 - [MESSAGE][PASSED] - Text 'Scheduled' is set on object 'Object Repository/VLink/Page_CCSale/txt_COFScheduledIndicator'

2020-12-24 01:04:49 - [MESSAGE][PASSED] - Object 'Object Repository/VLink/Page_CCSale/txt_COFTransactionInitiatedBy' is present

2020-12-24 01:04:50 - [MESSAGE][PASSED] - Text 'Merchant' is set on object 'Object Repository/VLink/Page_CCSale/txt_COFTransactionInitiatedBy'

2020-12-24 01:04:55 - [MESSAGE][PASSED] - Object: 'Object Repository/VLink/Page_CCSale/btn_ProcessVLinkTransaction' is clicked on

2020-12-24 01:05:00 - [MESSAGE][PASSED] - vlinkPages.saleCCPage.setDataSCC is PASSED

2020-12-24 01:05:00 - [TEST_STEP][PASSED] - if (verifyTextPresent("Transaction approved, no errors", true)): null

2020-12-24 01:05:00 - [MESSAGE][PASSED] - Text 'Transaction approved, no errors' is present on page  using regular expression

2020-12-24 01:05:00 - [TEST_STEP][PASSED] - println("Transaction Approved, no errors text is present on the Confirmation page"): null

2020-12-24 01:05:00 - [TEST_STEP][PASSED] - out.println("Pass Record Number: " + row): null

2020-12-24 01:05:00 - [TEST_STEP][PASSED] - resText = "Pass": null

2020-12-24 01:05:00 - [TEST_STEP][PASSED] - pages.WriteExcel.demoKey(resText, datText, resColumn, datCloumn, fileLoc, nameSheet, row): pages.WriteExcel.demoKey is PASSED

2020-12-24 01:05:00 - [MESSAGE][PASSED] - pages.WriteExcel.demoKey is PASSED

2020-12-24 01:05:00 - [TEST_STEP][PASSED] - sdfo = getText(findTestObject("Object Repository/Page_VLinkReceipt/pre_STX")): Text of object 'Object Repository/Page_VLinkReceipt/pre_STX' is: '<STX>OiB4cMW1wSe7                  12088147            0  Transaction approved, no errors                   0                                                                                  Y OK0818   <ETX>'

2020-12-24 01:05:00 - [MESSAGE][PASSED] - Text of object 'Object Repository/Page_VLinkReceipt/pre_STX' is: '<STX>OiB4cMW1wSe7                  12088147            0  Transaction approved, no errors                   0                                                                                  Y OK0818   <ETX>'

2020-12-24 01:05:00 - [TEST_STEP][PASSED] - out.println("sdfo: " + sdfo): null

2020-12-24 01:05:00 - [TEST_STEP][PASSED] - remID = substring(5, 35).trim(): null

2020-12-24 01:05:00 - [TEST_STEP][PASSED] - out.println("Remittance ID: " + remID): null

2020-12-24 01:05:00 - [TEST_STEP][PASSED] - traxID = substring(35, 55).trim(): null

2020-12-24 01:05:00 - [TEST_STEP][PASSED] - out.println("Transaction ID: " + traxID): null

2020-12-24 01:05:00 - [TEST_STEP][PASSED] - out.println("End Record Number: " + row): null

2020-12-24 01:05:00 - [TEST_STEP][PASSED] - closeBrowser(): Browser is closed

2020-12-24 01:05:01 - [MESSAGE][PASSED] - Browser is closed

2020-12-24 01:05:01 - [TEST_STEP][PASSED] - out.println("Begin Record Number: " + row): null

2020-12-24 01:05:01 - [TEST_STEP][PASSED] - today = new java.util.Date(): null

2020-12-24 01:05:01 - [TEST_STEP][PASSED] - println(today): null

2020-12-24 01:05:01 - [TEST_STEP][PASSED] - datText = today: null

2020-12-24 01:05:01 - [TEST_STEP][PASSED] - openBrowser(VLinkURL + "authcap.html"): Browser is opened with url: 'https://dev-algorithm.govolution.com/vlinktest/QA/version_2_0/authcap.html'

2020-12-24 01:05:01 - [MESSAGE][INFO] - Starting 'Chrome' driver

2020-12-24 01:05:01 - [MESSAGE][INFO] - User set preference: ['acceptInsecureCerts', 'true']

2020-12-24 01:05:01 - [MESSAGE][INFO] - Action delay is set to 0 milliseconds

2020-12-24 01:05:05 - [MESSAGE][PASSED] - Browser is opened with url: 'https://dev-algorithm.govolution.com/vlinktest/QA/version_2_0/authcap.html'

2020-12-24 01:05:05 - [TEST_STEP][PASSED] - maximizeWindow(): Current window maximized

2020-12-24 01:05:05 - [MESSAGE][PASSED] - Current window maximized

2020-12-24 01:05:05 - [TEST_STEP][PASSED] - vlinkPages.saleCCPage.setDataSCC(row, dataFile): vlinkPages.saleCCPage.setDataSCC is PASSED

2020-12-24 01:05:07 - [MESSAGE][PASSED] - Object 'Object Repository/VLink/Page_CCSale/txt_CardNumber' is present

2020-12-24 01:05:08 - [MESSAGE][PASSED] - Object 'Object Repository/VLink/Page_CCSale/txt_TransactionType' is present

2020-12-24 01:05:08 - [MESSAGE][PASSED] - Text '104' is set on object 'Object Repository/VLink/Page_CCSale/txt_TransactionType'

2020-12-24 01:05:09 - [MESSAGE][PASSED] - Object 'Object Repository/VLink/Page_CCSale/txt_MessageVersion' is present

2020-12-24 01:05:09 - [MESSAGE][PASSED] - Text '2.0C' is set on object 'Object Repository/VLink/Page_CCSale/txt_MessageVersion'

2020-12-24 01:05:09 - [MESSAGE][PASSED] - Object 'Object Repository/VLink/Page_CCSale/txt_RemID' is present

2020-12-24 01:05:10 - [MESSAGE][PASSED] - Text '7VGf0yFsN71h' is set on object 'Object Repository/VLink/Page_CCSale/txt_RemID'

2020-12-24 01:05:10 - [MESSAGE][PASSED] - Object 'Object Repository/VLink/Page_CCSale/txt_ApplicationId' is present

2020-12-24 01:05:11 - [MESSAGE][PASSED] - Text '671' is set on object 'Object Repository/VLink/Page_CCSale/txt_ApplicationId'

2020-12-24 01:05:11 - [MESSAGE][PASSED] - Object 'Object Repository/VLink/Page_CCSale/txt_Username' is present

2020-12-24 01:05:12 - [MESSAGE][PASSED] - Text 'username' is set on object 'Object Repository/VLink/Page_CCSale/txt_Username'

2020-12-24 01:05:12 - [MESSAGE][PASSED] - Object 'Object Repository/VLink/Page_CCSale/txt_Password' is present

2020-12-24 01:05:13 - [MESSAGE][PASSED] - Text 'password' is set on object 'Object Repository/VLink/Page_CCSale/txt_Password'

2020-12-24 01:05:13 - [MESSAGE][PASSED] - Object 'Object Repository/VLink/Page_CCSale/txt_ResponseFormat' is present

2020-12-24 01:05:14 - [MESSAGE][PASSED] - Text 'fixed_width' is set on object 'Object Repository/VLink/Page_CCSale/txt_ResponseFormat'

2020-12-24 01:05:14 - [MESSAGE][PASSED] - Object 'Object Repository/VLink/Page_CCSale/txt_Category' is present

2020-12-24 01:05:15 - [MESSAGE][PASSED] - Text 'RETL' is set on object 'Object Repository/VLink/Page_CCSale/txt_Category'

2020-12-24 01:05:15 - [MESSAGE][PASSED] - Object 'Object Repository/VLink/Page_CCSale/txt_TransactionID' is present

2020-12-24 01:05:15 - [MESSAGE][PASSED] - Text '' is set on object 'Object Repository/VLink/Page_CCSale/txt_TransactionID'

2020-12-24 01:05:16 - [MESSAGE][PASSED] - Object 'Object Repository/VLink/Page_CCSale/txt_ApprovalCode' is present

2020-12-24 01:05:16 - [MESSAGE][PASSED] - Text '' is set on object 'Object Repository/VLink/Page_CCSale/txt_ApprovalCode'

2020-12-24 01:05:17 - [MESSAGE][PASSED] - Object 'Object Repository/VLink/Page_CCSale/txt_CardName' is present

2020-12-24 01:05:17 - [MESSAGE][PASSED] - Text 'Roshan Maha' is set on object 'Object Repository/VLink/Page_CCSale/txt_CardName'

2020-12-24 01:05:17 - [MESSAGE][PASSED] - Object 'Object Repository/VLink/Page_CCSale/txt_AL1' is present

2020-12-24 01:05:18 - [MESSAGE][PASSED] - Text '12563 Bazaar road' is set on object 'Object Repository/VLink/Page_CCSale/txt_AL1'

2020-12-24 01:05:19 - [MESSAGE][PASSED] - Object 'Object Repository/VLink/Page_CCSale/txt_AL2' is present

2020-12-24 01:05:19 - [MESSAGE][PASSED] - Text '' is set on object 'Object Repository/VLink/Page_CCSale/txt_AL2'

2020-12-24 01:05:20 - [MESSAGE][PASSED] - Object 'Object Repository/VLink/Page_CCSale/txt_CardCity' is present

2020-12-24 01:05:20 - [MESSAGE][PASSED] - Text 'Crofton' is set on object 'Object Repository/VLink/Page_CCSale/txt_CardCity'

2020-12-24 01:05:21 - [MESSAGE][PASSED] - Object 'Object Repository/VLink/Page_CCSale/txt_CardState' is present

2020-12-24 01:05:21 - [MESSAGE][PASSED] - Text 'MD' is set on object 'Object Repository/VLink/Page_CCSale/txt_CardState'

2020-12-24 01:05:22 - [MESSAGE][PASSED] - Object 'Object Repository/VLink/Page_CCSale/txt_CardZIP' is present

2020-12-24 01:05:22 - [MESSAGE][PASSED] - Text '21114' is set on object 'Object Repository/VLink/Page_CCSale/txt_CardZIP'

2020-12-24 01:05:22 - [MESSAGE][PASSED] - Object 'Object Repository/VLink/Page_CCSale/txt_CountryID' is present

2020-12-24 01:05:23 - [MESSAGE][PASSED] - Text '' is set on object 'Object Repository/VLink/Page_CCSale/txt_CountryID'

2020-12-24 01:05:23 - [MESSAGE][PASSED] - Object 'Object Repository/VLink/Page_CCSale/txt_Amount' is present

2020-12-24 01:05:24 - [MESSAGE][PASSED] - Text '3.50' is set on object 'Object Repository/VLink/Page_CCSale/txt_Amount'

2020-12-24 01:05:24 - [MESSAGE][PASSED] - Object 'Object Repository/VLink/Page_CCSale/txt_CardNumber' is present

2020-12-24 01:05:25 - [MESSAGE][PASSED] - Text '6011000000000004' is set on object 'Object Repository/VLink/Page_CCSale/txt_CardNumber'

2020-12-24 01:05:25 - [MESSAGE][PASSED] - Object 'Object Repository/VLink/Page_CCSale/txt_ExpMonth' is present

2020-12-24 01:05:26 - [MESSAGE][PASSED] - Text '01' is set on object 'Object Repository/VLink/Page_CCSale/txt_ExpMonth'

2020-12-24 01:05:26 - [MESSAGE][PASSED] - Object 'Object Repository/VLink/Page_CCSale/txt_ExpYear' is present

2020-12-24 01:05:27 - [MESSAGE][PASSED] - Text '2026' is set on object 'Object Repository/VLink/Page_CCSale/txt_ExpYear'

2020-12-24 01:05:27 - [MESSAGE][PASSED] - Object 'Object Repository/VLink/Page_CCSale/txt_CVV' is present

2020-12-24 01:05:28 - [MESSAGE][PASSED] - Text '' is set on object 'Object Repository/VLink/Page_CCSale/txt_CVV'

2020-12-24 01:05:28 - [MESSAGE][PASSED] - Object 'Object Repository/VLink/Page_CCSale/txt_CVVstate' is present

2020-12-24 01:05:29 - [MESSAGE][PASSED] - Text '' is set on object 'Object Repository/VLink/Page_CCSale/txt_CVVstate'

2020-12-24 01:05:29 - [MESSAGE][PASSED] - Object 'Object Repository/VLink/Page_CCSale/txt_TrackData' is present

2020-12-24 01:05:30 - [MESSAGE][PASSED] - Text '' is set on object 'Object Repository/VLink/Page_CCSale/txt_TrackData'

2020-12-24 01:05:30 - [MESSAGE][PASSED] - Object 'Object Repository/VLink/Page_CCSale/txt_Track1Data' is present

2020-12-24 01:05:31 - [MESSAGE][PASSED] - Text '' is set on object 'Object Repository/VLink/Page_CCSale/txt_Track1Data'

2020-12-24 01:05:31 - [MESSAGE][PASSED] - Object 'Object Repository/VLink/Page_CCSale/txt_Track2Data' is present

2020-12-24 01:05:32 - [MESSAGE][PASSED] - Text '' is set on object 'Object Repository/VLink/Page_CCSale/txt_Track2Data'

2020-12-24 01:05:32 - [MESSAGE][PASSED] - Object 'Object Repository/VLink/Page_CCSale/txt_POSEntryMode' is present

2020-12-24 01:05:33 - [MESSAGE][PASSED] - Text 'manual' is set on object 'Object Repository/VLink/Page_CCSale/txt_POSEntryMode'

2020-12-24 01:05:33 - [MESSAGE][PASSED] - Object 'Object Repository/VLink/Page_CCSale/txt_Email' is present

2020-12-24 01:05:34 - [MESSAGE][PASSED] - Text '' is set on object 'Object Repository/VLink/Page_CCSale/txt_Email'

2020-12-24 01:05:34 - [MESSAGE][PASSED] - Object 'Object Repository/VLink/Page_CCSale/txt_OrderNumber' is present

2020-12-24 01:05:35 - [MESSAGE][PASSED] - Text '' is set on object 'Object Repository/VLink/Page_CCSale/txt_OrderNumber'

2020-12-24 01:05:35 - [MESSAGE][PASSED] - Object 'Object Repository/VLink/Page_CCSale/txt_TaxAmount' is present

2020-12-24 01:05:36 - [MESSAGE][PASSED] - Text '' is set on object 'Object Repository/VLink/Page_CCSale/txt_TaxAmount'

2020-12-24 01:05:36 - [MESSAGE][PASSED] - Object 'Object Repository/VLink/Page_CCSale/txt_ChargeDescription' is present

2020-12-24 01:05:37 - [MESSAGE][PASSED] - Text '' is set on object 'Object Repository/VLink/Page_CCSale/txt_ChargeDescription'

2020-12-24 01:05:37 - [MESSAGE][PASSED] - Object 'Object Repository/VLink/Page_CCSale/txt_CAN' is present

2020-12-24 01:05:38 - [MESSAGE][PASSED] - Text '' is set on object 'Object Repository/VLink/Page_CCSale/txt_CAN'

2020-12-24 01:05:38 - [MESSAGE][PASSED] - Object 'Object Repository/VLink/Page_CCSale/txt_BillPaymentIndicator' is present

2020-12-24 01:05:39 - [MESSAGE][PASSED] - Text '' is set on object 'Object Repository/VLink/Page_CCSale/txt_BillPaymentIndicator'

2020-12-24 01:05:39 - [MESSAGE][PASSED] - Object 'Object Repository/VLink/Page_CCSale/txt_UDF1' is present

2020-12-24 01:05:40 - [MESSAGE][PASSED] - Text '' is set on object 'Object Repository/VLink/Page_CCSale/txt_UDF1'

2020-12-24 01:05:40 - [MESSAGE][PASSED] - Object 'Object Repository/VLink/Page_CCSale/txt_UDF2' is present

2020-12-24 01:05:41 - [MESSAGE][PASSED] - Text '' is set on object 'Object Repository/VLink/Page_CCSale/txt_UDF2'

2020-12-24 01:05:41 - [MESSAGE][PASSED] - Object 'Object Repository/VLink/Page_CCSale/txt_UDF3' is present

2020-12-24 01:05:42 - [MESSAGE][PASSED] - Text '' is set on object 'Object Repository/VLink/Page_CCSale/txt_UDF3'

2020-12-24 01:05:42 - [MESSAGE][PASSED] - Object 'Object Repository/VLink/Page_CCSale/txt_UDF4' is present

2020-12-24 01:05:43 - [MESSAGE][PASSED] - Text '' is set on object 'Object Repository/VLink/Page_CCSale/txt_UDF4'

2020-12-24 01:05:43 - [MESSAGE][PASSED] - Object 'Object Repository/VLink/Page_CCSale/txt_UDF5' is present

2020-12-24 01:05:44 - [MESSAGE][PASSED] - Text '' is set on object 'Object Repository/VLink/Page_CCSale/txt_UDF5'

2020-12-24 01:05:44 - [MESSAGE][PASSED] - Object 'Object Repository/VLink/Page_CCSale/txt_UDF6' is present

2020-12-24 01:05:45 - [MESSAGE][PASSED] - Text '' is set on object 'Object Repository/VLink/Page_CCSale/txt_UDF6'

2020-12-24 01:05:45 - [MESSAGE][PASSED] - Object 'Object Repository/VLink/Page_CCSale/txt_UDF7' is present

2020-12-24 01:05:46 - [MESSAGE][PASSED] - Text '' is set on object 'Object Repository/VLink/Page_CCSale/txt_UDF7'

2020-12-24 01:05:46 - [MESSAGE][PASSED] - Object 'Object Repository/VLink/Page_CCSale/txt_UDF8' is present

2020-12-24 01:05:47 - [MESSAGE][PASSED] - Text '' is set on object 'Object Repository/VLink/Page_CCSale/txt_UDF8'

2020-12-24 01:05:47 - [MESSAGE][PASSED] - Object 'Object Repository/VLink/Page_CCSale/txt_UDF9' is present

2020-12-24 01:05:48 - [MESSAGE][PASSED] - Text '' is set on object 'Object Repository/VLink/Page_CCSale/txt_UDF9'

2020-12-24 01:05:48 - [MESSAGE][PASSED] - Object 'Object Repository/VLink/Page_CCSale/txt_UDF10' is present

2020-12-24 01:05:49 - [MESSAGE][PASSED] - Text '' is set on object 'Object Repository/VLink/Page_CCSale/txt_UDF10'

2020-12-24 01:05:49 - [MESSAGE][PASSED] - Object 'Object Repository/VLink/Page_CCSale/txt_CardOnFileIndicator' is present

2020-12-24 01:05:50 - [MESSAGE][PASSED] - Text '1' is set on object 'Object Repository/VLink/Page_CCSale/txt_CardOnFileIndicator'

2020-12-24 01:05:50 - [MESSAGE][PASSED] - Object 'Object Repository/VLink/Page_CCSale/txt_StoredCredentialIndicator' is present

2020-12-24 01:05:51 - [MESSAGE][PASSED] - Text 'Subsequent' is set on object 'Object Repository/VLink/Page_CCSale/txt_StoredCredentialIndicator'

2020-12-24 01:05:51 - [MESSAGE][PASSED] - Object 'Object Repository/VLink/Page_CCSale/txt_COFScheduledIndicator' is present

2020-12-24 01:05:52 - [MESSAGE][PASSED] - Text 'Scheduled' is set on object 'Object Repository/VLink/Page_CCSale/txt_COFScheduledIndicator'

2020-12-24 01:05:52 - [MESSAGE][PASSED] - Object 'Object Repository/VLink/Page_CCSale/txt_COFTransactionInitiatedBy' is present

2020-12-24 01:05:53 - [MESSAGE][PASSED] - Text 'Merchant' is set on object 'Object Repository/VLink/Page_CCSale/txt_COFTransactionInitiatedBy'

2020-12-24 01:05:57 - [MESSAGE][PASSED] - Object: 'Object Repository/VLink/Page_CCSale/btn_ProcessVLinkTransaction' is clicked on

2020-12-24 01:06:02 - [MESSAGE][PASSED] - vlinkPages.saleCCPage.setDataSCC is PASSED

2020-12-24 01:06:02 - [TEST_STEP][PASSED] - if (verifyTextPresent("Transaction approved, no errors", true)): null

2020-12-24 01:06:02 - [MESSAGE][PASSED] - Text 'Transaction approved, no errors' is present on page  using regular expression

2020-12-24 01:06:02 - [TEST_STEP][PASSED] - println("Transaction Approved, no errors text is present on the Confirmation page"): null

2020-12-24 01:06:02 - [TEST_STEP][PASSED] - out.println("Pass Record Number: " + row): null

2020-12-24 01:06:02 - [TEST_STEP][PASSED] - resText = "Pass": null

2020-12-24 01:06:02 - [TEST_STEP][PASSED] - pages.WriteExcel.demoKey(resText, datText, resColumn, datCloumn, fileLoc, nameSheet, row): pages.WriteExcel.demoKey is PASSED

2020-12-24 01:06:02 - [MESSAGE][PASSED] - pages.WriteExcel.demoKey is PASSED

2020-12-24 01:06:02 - [TEST_STEP][PASSED] - sdfo = getText(findTestObject("Object Repository/Page_VLinkReceipt/pre_STX")): Text of object 'Object Repository/Page_VLinkReceipt/pre_STX' is: '<STX>7VGf0yFsN71h                  12088148            0  Transaction approved, no errors                   0                                                                                  Y OK0918   <ETX>'

2020-12-24 01:06:03 - [MESSAGE][PASSED] - Text of object 'Object Repository/Page_VLinkReceipt/pre_STX' is: '<STX>7VGf0yFsN71h                  12088148            0  Transaction approved, no errors                   0                                                                                  Y OK0918   <ETX>'

2020-12-24 01:06:03 - [TEST_STEP][PASSED] - out.println("sdfo: " + sdfo): null

2020-12-24 01:06:03 - [TEST_STEP][PASSED] - remID = substring(5, 35).trim(): null

2020-12-24 01:06:03 - [TEST_STEP][PASSED] - out.println("Remittance ID: " + remID): null

2020-12-24 01:06:03 - [TEST_STEP][PASSED] - traxID = substring(35, 55).trim(): null

2020-12-24 01:06:03 - [TEST_STEP][PASSED] - out.println("Transaction ID: " + traxID): null

2020-12-24 01:06:03 - [TEST_STEP][PASSED] - out.println("End Record Number: " + row): null

2020-12-24 01:06:03 - [TEST_STEP][PASSED] - closeBrowser(): Browser is closed

2020-12-24 01:06:04 - [MESSAGE][PASSED] - Browser is closed

2020-12-24 01:06:04 - [TEST_STEP][PASSED] - out.println("Begin Record Number: " + row): null

2020-12-24 01:06:04 - [TEST_STEP][PASSED] - today = new java.util.Date(): null

2020-12-24 01:06:04 - [TEST_STEP][PASSED] - println(today): null

2020-12-24 01:06:04 - [TEST_STEP][PASSED] - datText = today: null

2020-12-24 01:06:04 - [TEST_STEP][PASSED] - openBrowser(VLinkURL + "authcap.html"): Browser is opened with url: 'https://dev-algorithm.govolution.com/vlinktest/QA/version_2_0/authcap.html'

2020-12-24 01:06:04 - [MESSAGE][INFO] - Starting 'Chrome' driver

2020-12-24 01:06:04 - [MESSAGE][INFO] - User set preference: ['acceptInsecureCerts', 'true']

2020-12-24 01:06:04 - [MESSAGE][INFO] - Action delay is set to 0 milliseconds

2020-12-24 01:06:07 - [MESSAGE][PASSED] - Browser is opened with url: 'https://dev-algorithm.govolution.com/vlinktest/QA/version_2_0/authcap.html'

2020-12-24 01:06:07 - [TEST_STEP][PASSED] - maximizeWindow(): Current window maximized

2020-12-24 01:06:07 - [MESSAGE][PASSED] - Current window maximized

2020-12-24 01:06:07 - [TEST_STEP][PASSED] - vlinkPages.saleCCPage.setDataSCC(row, dataFile): vlinkPages.saleCCPage.setDataSCC is PASSED

2020-12-24 01:06:09 - [MESSAGE][PASSED] - Object 'Object Repository/VLink/Page_CCSale/txt_CardNumber' is present

2020-12-24 01:06:09 - [MESSAGE][PASSED] - Object 'Object Repository/VLink/Page_CCSale/txt_TransactionType' is present

2020-12-24 01:06:10 - [MESSAGE][PASSED] - Text '104' is set on object 'Object Repository/VLink/Page_CCSale/txt_TransactionType'

2020-12-24 01:06:10 - [MESSAGE][PASSED] - Object 'Object Repository/VLink/Page_CCSale/txt_MessageVersion' is present

2020-12-24 01:06:11 - [MESSAGE][PASSED] - Text '2.0C' is set on object 'Object Repository/VLink/Page_CCSale/txt_MessageVersion'

2020-12-24 01:06:11 - [MESSAGE][PASSED] - Object 'Object Repository/VLink/Page_CCSale/txt_RemID' is present

2020-12-24 01:06:12 - [MESSAGE][PASSED] - Text 'rP9MLlekPI9s' is set on object 'Object Repository/VLink/Page_CCSale/txt_RemID'

2020-12-24 01:06:12 - [MESSAGE][PASSED] - Object 'Object Repository/VLink/Page_CCSale/txt_ApplicationId' is present

2020-12-24 01:06:13 - [MESSAGE][PASSED] - Text '665' is set on object 'Object Repository/VLink/Page_CCSale/txt_ApplicationId'

2020-12-24 01:06:13 - [MESSAGE][PASSED] - Object 'Object Repository/VLink/Page_CCSale/txt_Username' is present

2020-12-24 01:06:14 - [MESSAGE][PASSED] - Text 'username' is set on object 'Object Repository/VLink/Page_CCSale/txt_Username'

2020-12-24 01:06:14 - [MESSAGE][PASSED] - Object 'Object Repository/VLink/Page_CCSale/txt_Password' is present

2020-12-24 01:06:14 - [MESSAGE][PASSED] - Text 'password' is set on object 'Object Repository/VLink/Page_CCSale/txt_Password'

2020-12-24 01:06:15 - [MESSAGE][PASSED] - Object 'Object Repository/VLink/Page_CCSale/txt_ResponseFormat' is present

2020-12-24 01:06:15 - [MESSAGE][PASSED] - Text 'fixed_width' is set on object 'Object Repository/VLink/Page_CCSale/txt_ResponseFormat'

2020-12-24 01:06:16 - [MESSAGE][PASSED] - Object 'Object Repository/VLink/Page_CCSale/txt_Category' is present

2020-12-24 01:06:16 - [MESSAGE][PASSED] - Text 'ECOM' is set on object 'Object Repository/VLink/Page_CCSale/txt_Category'

2020-12-24 01:06:17 - [MESSAGE][PASSED] - Object 'Object Repository/VLink/Page_CCSale/txt_TransactionID' is present

2020-12-24 01:06:17 - [MESSAGE][PASSED] - Text '' is set on object 'Object Repository/VLink/Page_CCSale/txt_TransactionID'

2020-12-24 01:06:18 - [MESSAGE][PASSED] - Object 'Object Repository/VLink/Page_CCSale/txt_ApprovalCode' is present

2020-12-24 01:06:18 - [MESSAGE][PASSED] - Text '' is set on object 'Object Repository/VLink/Page_CCSale/txt_ApprovalCode'

2020-12-24 01:06:19 - [MESSAGE][PASSED] - Object 'Object Repository/VLink/Page_CCSale/txt_CardName' is present

2020-12-24 01:06:19 - [MESSAGE][PASSED] - Text 'Kris Roshan' is set on object 'Object Repository/VLink/Page_CCSale/txt_CardName'

2020-12-24 01:06:20 - [MESSAGE][PASSED] - Object 'Object Repository/VLink/Page_CCSale/txt_AL1' is present

2020-12-24 01:06:20 - [MESSAGE][PASSED] - Text '258 Elm Road' is set on object 'Object Repository/VLink/Page_CCSale/txt_AL1'

2020-12-24 01:06:21 - [MESSAGE][PASSED] - Object 'Object Repository/VLink/Page_CCSale/txt_AL2' is present

2020-12-24 01:06:21 - [MESSAGE][PASSED] - Text '' is set on object 'Object Repository/VLink/Page_CCSale/txt_AL2'

2020-12-24 01:06:22 - [MESSAGE][PASSED] - Object 'Object Repository/VLink/Page_CCSale/txt_CardCity' is present

2020-12-24 01:06:22 - [MESSAGE][PASSED] - Text '' is set on object 'Object Repository/VLink/Page_CCSale/txt_CardCity'

2020-12-24 01:06:23 - [MESSAGE][PASSED] - Object 'Object Repository/VLink/Page_CCSale/txt_CardState' is present

2020-12-24 01:06:23 - [MESSAGE][PASSED] - Text '' is set on object 'Object Repository/VLink/Page_CCSale/txt_CardState'

2020-12-24 01:06:24 - [MESSAGE][PASSED] - Object 'Object Repository/VLink/Page_CCSale/txt_CardZIP' is present

2020-12-24 01:06:24 - [MESSAGE][PASSED] - Text '22201' is set on object 'Object Repository/VLink/Page_CCSale/txt_CardZIP'

2020-12-24 01:06:25 - [MESSAGE][PASSED] - Object 'Object Repository/VLink/Page_CCSale/txt_CountryID' is present

2020-12-24 01:06:25 - [MESSAGE][PASSED] - Text '' is set on object 'Object Repository/VLink/Page_CCSale/txt_CountryID'

2020-12-24 01:06:26 - [MESSAGE][PASSED] - Object 'Object Repository/VLink/Page_CCSale/txt_Amount' is present

2020-12-24 01:06:26 - [MESSAGE][PASSED] - Text '1.50' is set on object 'Object Repository/VLink/Page_CCSale/txt_Amount'

2020-12-24 01:06:27 - [MESSAGE][PASSED] - Object 'Object Repository/VLink/Page_CCSale/txt_CardNumber' is present

2020-12-24 01:06:27 - [MESSAGE][PASSED] - Text '4111111111111111' is set on object 'Object Repository/VLink/Page_CCSale/txt_CardNumber'

2020-12-24 01:06:28 - [MESSAGE][PASSED] - Object 'Object Repository/VLink/Page_CCSale/txt_ExpMonth' is present

2020-12-24 01:06:28 - [MESSAGE][PASSED] - Text '12' is set on object 'Object Repository/VLink/Page_CCSale/txt_ExpMonth'

2020-12-24 01:06:29 - [MESSAGE][PASSED] - Object 'Object Repository/VLink/Page_CCSale/txt_ExpYear' is present

2020-12-24 01:06:29 - [MESSAGE][PASSED] - Text '2025' is set on object 'Object Repository/VLink/Page_CCSale/txt_ExpYear'

2020-12-24 01:06:30 - [MESSAGE][PASSED] - Object 'Object Repository/VLink/Page_CCSale/txt_CVV' is present

2020-12-24 01:06:30 - [MESSAGE][PASSED] - Text '' is set on object 'Object Repository/VLink/Page_CCSale/txt_CVV'

2020-12-24 01:06:31 - [MESSAGE][PASSED] - Object 'Object Repository/VLink/Page_CCSale/txt_CVVstate' is present

2020-12-24 01:06:31 - [MESSAGE][PASSED] - Text '' is set on object 'Object Repository/VLink/Page_CCSale/txt_CVVstate'

2020-12-24 01:06:32 - [MESSAGE][PASSED] - Object 'Object Repository/VLink/Page_CCSale/txt_TrackData' is present

2020-12-24 01:06:32 - [MESSAGE][PASSED] - Text '' is set on object 'Object Repository/VLink/Page_CCSale/txt_TrackData'

2020-12-24 01:06:33 - [MESSAGE][PASSED] - Object 'Object Repository/VLink/Page_CCSale/txt_Track1Data' is present

2020-12-24 01:06:33 - [MESSAGE][PASSED] - Text '' is set on object 'Object Repository/VLink/Page_CCSale/txt_Track1Data'

2020-12-24 01:06:34 - [MESSAGE][PASSED] - Object 'Object Repository/VLink/Page_CCSale/txt_Track2Data' is present

2020-12-24 01:06:34 - [MESSAGE][PASSED] - Text '' is set on object 'Object Repository/VLink/Page_CCSale/txt_Track2Data'

2020-12-24 01:06:34 - [MESSAGE][PASSED] - Object 'Object Repository/VLink/Page_CCSale/txt_POSEntryMode' is present

2020-12-24 01:06:35 - [MESSAGE][PASSED] - Text '' is set on object 'Object Repository/VLink/Page_CCSale/txt_POSEntryMode'

2020-12-24 01:06:35 - [MESSAGE][PASSED] - Object 'Object Repository/VLink/Page_CCSale/txt_Email' is present

2020-12-24 01:06:36 - [MESSAGE][PASSED] - Text '' is set on object 'Object Repository/VLink/Page_CCSale/txt_Email'

2020-12-24 01:06:36 - [MESSAGE][PASSED] - Object 'Object Repository/VLink/Page_CCSale/txt_OrderNumber' is present

2020-12-24 01:06:37 - [MESSAGE][PASSED] - Text '' is set on object 'Object Repository/VLink/Page_CCSale/txt_OrderNumber'

2020-12-24 01:06:37 - [MESSAGE][PASSED] - Object 'Object Repository/VLink/Page_CCSale/txt_TaxAmount' is present

2020-12-24 01:06:38 - [MESSAGE][PASSED] - Text '' is set on object 'Object Repository/VLink/Page_CCSale/txt_TaxAmount'

2020-12-24 01:06:38 - [MESSAGE][PASSED] - Object 'Object Repository/VLink/Page_CCSale/txt_ChargeDescription' is present

2020-12-24 01:06:39 - [MESSAGE][PASSED] - Text '' is set on object 'Object Repository/VLink/Page_CCSale/txt_ChargeDescription'

2020-12-24 01:06:39 - [MESSAGE][PASSED] - Object 'Object Repository/VLink/Page_CCSale/txt_CAN' is present

2020-12-24 01:06:40 - [MESSAGE][PASSED] - Text '' is set on object 'Object Repository/VLink/Page_CCSale/txt_CAN'

2020-12-24 01:06:40 - [MESSAGE][PASSED] - Object 'Object Repository/VLink/Page_CCSale/txt_BillPaymentIndicator' is present

2020-12-24 01:06:41 - [MESSAGE][PASSED] - Text '' is set on object 'Object Repository/VLink/Page_CCSale/txt_BillPaymentIndicator'

2020-12-24 01:06:41 - [MESSAGE][PASSED] - Object 'Object Repository/VLink/Page_CCSale/txt_UDF1' is present

2020-12-24 01:06:42 - [MESSAGE][PASSED] - Text '' is set on object 'Object Repository/VLink/Page_CCSale/txt_UDF1'

2020-12-24 01:06:42 - [MESSAGE][PASSED] - Object 'Object Repository/VLink/Page_CCSale/txt_UDF2' is present

2020-12-24 01:06:43 - [MESSAGE][PASSED] - Text '' is set on object 'Object Repository/VLink/Page_CCSale/txt_UDF2'

2020-12-24 01:06:43 - [MESSAGE][PASSED] - Object 'Object Repository/VLink/Page_CCSale/txt_UDF3' is present

2020-12-24 01:06:44 - [MESSAGE][PASSED] - Text '' is set on object 'Object Repository/VLink/Page_CCSale/txt_UDF3'

2020-12-24 01:06:44 - [MESSAGE][PASSED] - Object 'Object Repository/VLink/Page_CCSale/txt_UDF4' is present

2020-12-24 01:06:45 - [MESSAGE][PASSED] - Text '' is set on object 'Object Repository/VLink/Page_CCSale/txt_UDF4'

2020-12-24 01:06:45 - [MESSAGE][PASSED] - Object 'Object Repository/VLink/Page_CCSale/txt_UDF5' is present

2020-12-24 01:06:46 - [MESSAGE][PASSED] - Text '' is set on object 'Object Repository/VLink/Page_CCSale/txt_UDF5'

2020-12-24 01:06:46 - [MESSAGE][PASSED] - Object 'Object Repository/VLink/Page_CCSale/txt_UDF6' is present

2020-12-24 01:06:47 - [MESSAGE][PASSED] - Text '' is set on object 'Object Repository/VLink/Page_CCSale/txt_UDF6'

2020-12-24 01:06:47 - [MESSAGE][PASSED] - Object 'Object Repository/VLink/Page_CCSale/txt_UDF7' is present

2020-12-24 01:06:48 - [MESSAGE][PASSED] - Text '' is set on object 'Object Repository/VLink/Page_CCSale/txt_UDF7'

2020-12-24 01:06:48 - [MESSAGE][PASSED] - Object 'Object Repository/VLink/Page_CCSale/txt_UDF8' is present

2020-12-24 01:06:49 - [MESSAGE][PASSED] - Text '' is set on object 'Object Repository/VLink/Page_CCSale/txt_UDF8'

2020-12-24 01:06:49 - [MESSAGE][PASSED] - Object 'Object Repository/VLink/Page_CCSale/txt_UDF9' is present

2020-12-24 01:06:50 - [MESSAGE][PASSED] - Text '' is set on object 'Object Repository/VLink/Page_CCSale/txt_UDF9'

2020-12-24 01:06:50 - [MESSAGE][PASSED] - Object 'Object Repository/VLink/Page_CCSale/txt_UDF10' is present

2020-12-24 01:06:51 - [MESSAGE][PASSED] - Text '' is set on object 'Object Repository/VLink/Page_CCSale/txt_UDF10'

2020-12-24 01:06:51 - [MESSAGE][PASSED] - Object 'Object Repository/VLink/Page_CCSale/txt_CardOnFileIndicator' is present

2020-12-24 01:06:52 - [MESSAGE][PASSED] - Text '' is set on object 'Object Repository/VLink/Page_CCSale/txt_CardOnFileIndicator'

2020-12-24 01:06:52 - [MESSAGE][PASSED] - Object 'Object Repository/VLink/Page_CCSale/txt_StoredCredentialIndicator' is present

2020-12-24 01:06:53 - [MESSAGE][PASSED] - Text '' is set on object 'Object Repository/VLink/Page_CCSale/txt_StoredCredentialIndicator'

2020-12-24 01:06:53 - [MESSAGE][PASSED] - Object 'Object Repository/VLink/Page_CCSale/txt_COFScheduledIndicator' is present

2020-12-24 01:06:54 - [MESSAGE][PASSED] - Text '' is set on object 'Object Repository/VLink/Page_CCSale/txt_COFScheduledIndicator'

2020-12-24 01:06:54 - [MESSAGE][PASSED] - Object 'Object Repository/VLink/Page_CCSale/txt_COFTransactionInitiatedBy' is present

2020-12-24 01:06:55 - [MESSAGE][PASSED] - Text '' is set on object 'Object Repository/VLink/Page_CCSale/txt_COFTransactionInitiatedBy'

2020-12-24 01:06:58 - [MESSAGE][PASSED] - Object: 'Object Repository/VLink/Page_CCSale/btn_ProcessVLinkTransaction' is clicked on

2020-12-24 01:07:03 - [MESSAGE][PASSED] - vlinkPages.saleCCPage.setDataSCC is PASSED

2020-12-24 01:07:03 - [TEST_STEP][PASSED] - if (verifyTextPresent("Transaction approved, no errors", true)): null

2020-12-24 01:07:03 - [MESSAGE][PASSED] - Text 'Transaction approved, no errors' is present on page  using regular expression

2020-12-24 01:07:03 - [TEST_STEP][PASSED] - println("Transaction Approved, no errors text is present on the Confirmation page"): null

2020-12-24 01:07:03 - [TEST_STEP][PASSED] - out.println("Pass Record Number: " + row): null

2020-12-24 01:07:03 - [TEST_STEP][PASSED] - resText = "Pass": null

2020-12-24 01:07:03 - [TEST_STEP][PASSED] - pages.WriteExcel.demoKey(resText, datText, resColumn, datCloumn, fileLoc, nameSheet, row): pages.WriteExcel.demoKey is PASSED

2020-12-24 01:07:03 - [MESSAGE][PASSED] - pages.WriteExcel.demoKey is PASSED

2020-12-24 01:07:03 - [TEST_STEP][PASSED] - sdfo = getText(findTestObject("Object Repository/Page_VLinkReceipt/pre_STX")): Text of object 'Object Repository/Page_VLinkReceipt/pre_STX' is: '<STX>rP9MLlekPI9s                  12088149            0  Transaction approved, no errors                   0                                                                                  XXOK8740   <ETX>'

2020-12-24 01:07:03 - [MESSAGE][PASSED] - Text of object 'Object Repository/Page_VLinkReceipt/pre_STX' is: '<STX>rP9MLlekPI9s                  12088149            0  Transaction approved, no errors                   0                                                                                  XXOK8740   <ETX>'

2020-12-24 01:07:03 - [TEST_STEP][PASSED] - out.println("sdfo: " + sdfo): null

2020-12-24 01:07:03 - [TEST_STEP][PASSED] - remID = substring(5, 35).trim(): null

2020-12-24 01:07:03 - [TEST_STEP][PASSED] - out.println("Remittance ID: " + remID): null

2020-12-24 01:07:03 - [TEST_STEP][PASSED] - traxID = substring(35, 55).trim(): null

2020-12-24 01:07:03 - [TEST_STEP][PASSED] - out.println("Transaction ID: " + traxID): null

2020-12-24 01:07:03 - [TEST_STEP][PASSED] - out.println("End Record Number: " + row): null

2020-12-24 01:07:03 - [TEST_STEP][PASSED] - closeBrowser(): Browser is closed

2020-12-24 01:07:04 - [MESSAGE][PASSED] - Browser is closed

2020-12-24 01:07:04 - [TEST_STEP][PASSED] - out.println("Begin Record Number: " + row): null

2020-12-24 01:07:04 - [TEST_STEP][PASSED] - today = new java.util.Date(): null

2020-12-24 01:07:04 - [TEST_STEP][PASSED] - println(today): null

2020-12-24 01:07:04 - [TEST_STEP][PASSED] - datText = today: null

2020-12-24 01:07:04 - [TEST_STEP][PASSED] - openBrowser(VLinkURL + "authcap.html"): Browser is opened with url: 'https://dev-algorithm.govolution.com/vlinktest/QA/version_2_0/authcap.html'

2020-12-24 01:07:04 - [MESSAGE][INFO] - Starting 'Chrome' driver

2020-12-24 01:07:04 - [MESSAGE][INFO] - User set preference: ['acceptInsecureCerts', 'true']

2020-12-24 01:07:04 - [MESSAGE][INFO] - Action delay is set to 0 milliseconds

2020-12-24 01:07:08 - [MESSAGE][PASSED] - Browser is opened with url: 'https://dev-algorithm.govolution.com/vlinktest/QA/version_2_0/authcap.html'

2020-12-24 01:07:08 - [TEST_STEP][PASSED] - maximizeWindow(): Current window maximized

2020-12-24 01:07:09 - [MESSAGE][PASSED] - Current window maximized

2020-12-24 01:07:09 - [TEST_STEP][PASSED] - vlinkPages.saleCCPage.setDataSCC(row, dataFile): vlinkPages.saleCCPage.setDataSCC is PASSED

2020-12-24 01:07:10 - [MESSAGE][PASSED] - Object 'Object Repository/VLink/Page_CCSale/txt_CardNumber' is present

2020-12-24 01:07:11 - [MESSAGE][PASSED] - Object 'Object Repository/VLink/Page_CCSale/txt_TransactionType' is present

2020-12-24 01:07:11 - [MESSAGE][PASSED] - Text '104' is set on object 'Object Repository/VLink/Page_CCSale/txt_TransactionType'

2020-12-24 01:07:12 - [MESSAGE][PASSED] - Object 'Object Repository/VLink/Page_CCSale/txt_MessageVersion' is present

2020-12-24 01:07:12 - [MESSAGE][PASSED] - Text '2.0C' is set on object 'Object Repository/VLink/Page_CCSale/txt_MessageVersion'

2020-12-24 01:07:13 - [MESSAGE][PASSED] - Object 'Object Repository/VLink/Page_CCSale/txt_RemID' is present

2020-12-24 01:07:13 - [MESSAGE][PASSED] - Text 'Itt9VO9sDiL5' is set on object 'Object Repository/VLink/Page_CCSale/txt_RemID'

2020-12-24 01:07:14 - [MESSAGE][PASSED] - Object 'Object Repository/VLink/Page_CCSale/txt_ApplicationId' is present

2020-12-24 01:07:14 - [MESSAGE][PASSED] - Text '665' is set on object 'Object Repository/VLink/Page_CCSale/txt_ApplicationId'

2020-12-24 01:07:15 - [MESSAGE][PASSED] - Object 'Object Repository/VLink/Page_CCSale/txt_Username' is present

2020-12-24 01:07:15 - [MESSAGE][PASSED] - Text 'username' is set on object 'Object Repository/VLink/Page_CCSale/txt_Username'

2020-12-24 01:07:16 - [MESSAGE][PASSED] - Object 'Object Repository/VLink/Page_CCSale/txt_Password' is present

2020-12-24 01:07:16 - [MESSAGE][PASSED] - Text 'password' is set on object 'Object Repository/VLink/Page_CCSale/txt_Password'

2020-12-24 01:07:17 - [MESSAGE][PASSED] - Object 'Object Repository/VLink/Page_CCSale/txt_ResponseFormat' is present

2020-12-24 01:07:17 - [MESSAGE][PASSED] - Text 'fixed_width' is set on object 'Object Repository/VLink/Page_CCSale/txt_ResponseFormat'

2020-12-24 01:07:17 - [MESSAGE][PASSED] - Object 'Object Repository/VLink/Page_CCSale/txt_Category' is present

2020-12-24 01:07:18 - [MESSAGE][PASSED] - Text 'MOTO' is set on object 'Object Repository/VLink/Page_CCSale/txt_Category'

2020-12-24 01:07:18 - [MESSAGE][PASSED] - Object 'Object Repository/VLink/Page_CCSale/txt_TransactionID' is present

2020-12-24 01:07:19 - [MESSAGE][PASSED] - Text '' is set on object 'Object Repository/VLink/Page_CCSale/txt_TransactionID'

2020-12-24 01:07:19 - [MESSAGE][PASSED] - Object 'Object Repository/VLink/Page_CCSale/txt_ApprovalCode' is present

2020-12-24 01:07:20 - [MESSAGE][PASSED] - Text '' is set on object 'Object Repository/VLink/Page_CCSale/txt_ApprovalCode'

2020-12-24 01:07:20 - [MESSAGE][PASSED] - Object 'Object Repository/VLink/Page_CCSale/txt_CardName' is present

2020-12-24 01:07:21 - [MESSAGE][PASSED] - Text 'Kris Roshan' is set on object 'Object Repository/VLink/Page_CCSale/txt_CardName'

2020-12-24 01:07:21 - [MESSAGE][PASSED] - Object 'Object Repository/VLink/Page_CCSale/txt_AL1' is present

2020-12-24 01:07:22 - [MESSAGE][PASSED] - Text '258 Elm Road' is set on object 'Object Repository/VLink/Page_CCSale/txt_AL1'

2020-12-24 01:07:22 - [MESSAGE][PASSED] - Object 'Object Repository/VLink/Page_CCSale/txt_AL2' is present

2020-12-24 01:07:22 - [MESSAGE][PASSED] - Text '' is set on object 'Object Repository/VLink/Page_CCSale/txt_AL2'

2020-12-24 01:07:23 - [MESSAGE][PASSED] - Object 'Object Repository/VLink/Page_CCSale/txt_CardCity' is present

2020-12-24 01:07:23 - [MESSAGE][PASSED] - Text '' is set on object 'Object Repository/VLink/Page_CCSale/txt_CardCity'

2020-12-24 01:07:24 - [MESSAGE][PASSED] - Object 'Object Repository/VLink/Page_CCSale/txt_CardState' is present

2020-12-24 01:07:24 - [MESSAGE][PASSED] - Text '' is set on object 'Object Repository/VLink/Page_CCSale/txt_CardState'

2020-12-24 01:07:25 - [MESSAGE][PASSED] - Object 'Object Repository/VLink/Page_CCSale/txt_CardZIP' is present

2020-12-24 01:07:25 - [MESSAGE][PASSED] - Text '22201' is set on object 'Object Repository/VLink/Page_CCSale/txt_CardZIP'

2020-12-24 01:07:26 - [MESSAGE][PASSED] - Object 'Object Repository/VLink/Page_CCSale/txt_CountryID' is present

2020-12-24 01:07:26 - [MESSAGE][PASSED] - Text '' is set on object 'Object Repository/VLink/Page_CCSale/txt_CountryID'

2020-12-24 01:07:27 - [MESSAGE][PASSED] - Object 'Object Repository/VLink/Page_CCSale/txt_Amount' is present

2020-12-24 01:07:27 - [MESSAGE][PASSED] - Text '1.50' is set on object 'Object Repository/VLink/Page_CCSale/txt_Amount'

2020-12-24 01:07:28 - [MESSAGE][PASSED] - Object 'Object Repository/VLink/Page_CCSale/txt_CardNumber' is present

2020-12-24 01:07:28 - [MESSAGE][PASSED] - Text '4111111111111111' is set on object 'Object Repository/VLink/Page_CCSale/txt_CardNumber'

2020-12-24 01:07:29 - [MESSAGE][PASSED] - Object 'Object Repository/VLink/Page_CCSale/txt_ExpMonth' is present

2020-12-24 01:07:29 - [MESSAGE][PASSED] - Text '12' is set on object 'Object Repository/VLink/Page_CCSale/txt_ExpMonth'

2020-12-24 01:07:30 - [MESSAGE][PASSED] - Object 'Object Repository/VLink/Page_CCSale/txt_ExpYear' is present

2020-12-24 01:07:30 - [MESSAGE][PASSED] - Text '2025' is set on object 'Object Repository/VLink/Page_CCSale/txt_ExpYear'

2020-12-24 01:07:31 - [MESSAGE][PASSED] - Object 'Object Repository/VLink/Page_CCSale/txt_CVV' is present

2020-12-24 01:07:31 - [MESSAGE][PASSED] - Text '' is set on object 'Object Repository/VLink/Page_CCSale/txt_CVV'

2020-12-24 01:07:32 - [MESSAGE][PASSED] - Object 'Object Repository/VLink/Page_CCSale/txt_CVVstate' is present

2020-12-24 01:07:32 - [MESSAGE][PASSED] - Text '' is set on object 'Object Repository/VLink/Page_CCSale/txt_CVVstate'

2020-12-24 01:07:33 - [MESSAGE][PASSED] - Object 'Object Repository/VLink/Page_CCSale/txt_TrackData' is present

2020-12-24 01:07:33 - [MESSAGE][PASSED] - Text '' is set on object 'Object Repository/VLink/Page_CCSale/txt_TrackData'

2020-12-24 01:07:34 - [MESSAGE][PASSED] - Object 'Object Repository/VLink/Page_CCSale/txt_Track1Data' is present

2020-12-24 01:07:34 - [MESSAGE][PASSED] - Text '' is set on object 'Object Repository/VLink/Page_CCSale/txt_Track1Data'

2020-12-24 01:07:35 - [MESSAGE][PASSED] - Object 'Object Repository/VLink/Page_CCSale/txt_Track2Data' is present

2020-12-24 01:07:35 - [MESSAGE][PASSED] - Text '' is set on object 'Object Repository/VLink/Page_CCSale/txt_Track2Data'

2020-12-24 01:07:36 - [MESSAGE][PASSED] - Object 'Object Repository/VLink/Page_CCSale/txt_POSEntryMode' is present

2020-12-24 01:07:36 - [MESSAGE][PASSED] - Text '' is set on object 'Object Repository/VLink/Page_CCSale/txt_POSEntryMode'

2020-12-24 01:07:37 - [MESSAGE][PASSED] - Object 'Object Repository/VLink/Page_CCSale/txt_Email' is present

2020-12-24 01:07:37 - [MESSAGE][PASSED] - Text '' is set on object 'Object Repository/VLink/Page_CCSale/txt_Email'

2020-12-24 01:07:38 - [MESSAGE][PASSED] - Object 'Object Repository/VLink/Page_CCSale/txt_OrderNumber' is present

2020-12-24 01:07:38 - [MESSAGE][PASSED] - Text '' is set on object 'Object Repository/VLink/Page_CCSale/txt_OrderNumber'

2020-12-24 01:07:38 - [MESSAGE][PASSED] - Object 'Object Repository/VLink/Page_CCSale/txt_TaxAmount' is present

2020-12-24 01:07:39 - [MESSAGE][PASSED] - Text '' is set on object 'Object Repository/VLink/Page_CCSale/txt_TaxAmount'

2020-12-24 01:07:39 - [MESSAGE][PASSED] - Object 'Object Repository/VLink/Page_CCSale/txt_ChargeDescription' is present

2020-12-24 01:07:40 - [MESSAGE][PASSED] - Text '' is set on object 'Object Repository/VLink/Page_CCSale/txt_ChargeDescription'

2020-12-24 01:07:40 - [MESSAGE][PASSED] - Object 'Object Repository/VLink/Page_CCSale/txt_CAN' is present

2020-12-24 01:07:41 - [MESSAGE][PASSED] - Text '' is set on object 'Object Repository/VLink/Page_CCSale/txt_CAN'

2020-12-24 01:07:41 - [MESSAGE][PASSED] - Object 'Object Repository/VLink/Page_CCSale/txt_BillPaymentIndicator' is present

2020-12-24 01:07:42 - [MESSAGE][PASSED] - Text '' is set on object 'Object Repository/VLink/Page_CCSale/txt_BillPaymentIndicator'

2020-12-24 01:07:42 - [MESSAGE][PASSED] - Object 'Object Repository/VLink/Page_CCSale/txt_UDF1' is present

2020-12-24 01:07:43 - [MESSAGE][PASSED] - Text '' is set on object 'Object Repository/VLink/Page_CCSale/txt_UDF1'

2020-12-24 01:07:43 - [MESSAGE][PASSED] - Object 'Object Repository/VLink/Page_CCSale/txt_UDF2' is present

2020-12-24 01:07:44 - [MESSAGE][PASSED] - Text '' is set on object 'Object Repository/VLink/Page_CCSale/txt_UDF2'

2020-12-24 01:07:44 - [MESSAGE][PASSED] - Object 'Object Repository/VLink/Page_CCSale/txt_UDF3' is present

2020-12-24 01:07:45 - [MESSAGE][PASSED] - Text '' is set on object 'Object Repository/VLink/Page_CCSale/txt_UDF3'

2020-12-24 01:07:45 - [MESSAGE][PASSED] - Object 'Object Repository/VLink/Page_CCSale/txt_UDF4' is present

2020-12-24 01:07:46 - [MESSAGE][PASSED] - Text '' is set on object 'Object Repository/VLink/Page_CCSale/txt_UDF4'

2020-12-24 01:07:46 - [MESSAGE][PASSED] - Object 'Object Repository/VLink/Page_CCSale/txt_UDF5' is present

2020-12-24 01:07:47 - [MESSAGE][PASSED] - Text '' is set on object 'Object Repository/VLink/Page_CCSale/txt_UDF5'

2020-12-24 01:07:47 - [MESSAGE][PASSED] - Object 'Object Repository/VLink/Page_CCSale/txt_UDF6' is present

2020-12-24 01:07:48 - [MESSAGE][PASSED] - Text '' is set on object 'Object Repository/VLink/Page_CCSale/txt_UDF6'

2020-12-24 01:07:48 - [MESSAGE][PASSED] - Object 'Object Repository/VLink/Page_CCSale/txt_UDF7' is present

2020-12-24 01:07:49 - [MESSAGE][PASSED] - Text '' is set on object 'Object Repository/VLink/Page_CCSale/txt_UDF7'

2020-12-24 01:07:49 - [MESSAGE][PASSED] - Object 'Object Repository/VLink/Page_CCSale/txt_UDF8' is present

2020-12-24 01:07:50 - [MESSAGE][PASSED] - Text '' is set on object 'Object Repository/VLink/Page_CCSale/txt_UDF8'

2020-12-24 01:07:50 - [MESSAGE][PASSED] - Object 'Object Repository/VLink/Page_CCSale/txt_UDF9' is present

2020-12-24 01:07:51 - [MESSAGE][PASSED] - Text '' is set on object 'Object Repository/VLink/Page_CCSale/txt_UDF9'

2020-12-24 01:07:51 - [MESSAGE][PASSED] - Object 'Object Repository/VLink/Page_CCSale/txt_UDF10' is present

2020-12-24 01:07:52 - [MESSAGE][PASSED] - Text '' is set on object 'Object Repository/VLink/Page_CCSale/txt_UDF10'

2020-12-24 01:07:52 - [MESSAGE][PASSED] - Object 'Object Repository/VLink/Page_CCSale/txt_CardOnFileIndicator' is present

2020-12-24 01:07:53 - [MESSAGE][PASSED] - Text '' is set on object 'Object Repository/VLink/Page_CCSale/txt_CardOnFileIndicator'

2020-12-24 01:07:53 - [MESSAGE][PASSED] - Object 'Object Repository/VLink/Page_CCSale/txt_StoredCredentialIndicator' is present

2020-12-24 01:07:54 - [MESSAGE][PASSED] - Text '' is set on object 'Object Repository/VLink/Page_CCSale/txt_StoredCredentialIndicator'

2020-12-24 01:07:54 - [MESSAGE][PASSED] - Object 'Object Repository/VLink/Page_CCSale/txt_COFScheduledIndicator' is present

2020-12-24 01:07:55 - [MESSAGE][PASSED] - Text '' is set on object 'Object Repository/VLink/Page_CCSale/txt_COFScheduledIndicator'

2020-12-24 01:07:55 - [MESSAGE][PASSED] - Object 'Object Repository/VLink/Page_CCSale/txt_COFTransactionInitiatedBy' is present

2020-12-24 01:07:56 - [MESSAGE][PASSED] - Text '' is set on object 'Object Repository/VLink/Page_CCSale/txt_COFTransactionInitiatedBy'

2020-12-24 01:07:58 - [MESSAGE][PASSED] - Object: 'Object Repository/VLink/Page_CCSale/btn_ProcessVLinkTransaction' is clicked on

2020-12-24 01:08:03 - [MESSAGE][PASSED] - vlinkPages.saleCCPage.setDataSCC is PASSED

2020-12-24 01:08:03 - [TEST_STEP][PASSED] - if (verifyTextPresent("Transaction approved, no errors", true)): null

2020-12-24 01:08:04 - [MESSAGE][PASSED] - Text 'Transaction approved, no errors' is present on page  using regular expression

2020-12-24 01:08:04 - [TEST_STEP][PASSED] - println("Transaction Approved, no errors text is present on the Confirmation page"): null

2020-12-24 01:08:04 - [TEST_STEP][PASSED] - out.println("Pass Record Number: " + row): null

2020-12-24 01:08:04 - [TEST_STEP][PASSED] - resText = "Pass": null

2020-12-24 01:08:04 - [TEST_STEP][PASSED] - pages.WriteExcel.demoKey(resText, datText, resColumn, datCloumn, fileLoc, nameSheet, row): pages.WriteExcel.demoKey is PASSED

2020-12-24 01:08:04 - [MESSAGE][PASSED] - pages.WriteExcel.demoKey is PASSED

2020-12-24 01:08:04 - [TEST_STEP][PASSED] - sdfo = getText(findTestObject("Object Repository/Page_VLinkReceipt/pre_STX")): Text of object 'Object Repository/Page_VLinkReceipt/pre_STX' is: '<STX>Itt9VO9sDiL5                  12088150            0  Transaction approved, no errors                   0                                                                                  XXOK8850   <ETX>'

2020-12-24 01:08:04 - [MESSAGE][PASSED] - Text of object 'Object Repository/Page_VLinkReceipt/pre_STX' is: '<STX>Itt9VO9sDiL5                  12088150            0  Transaction approved, no errors                   0                                                                                  XXOK8850   <ETX>'

2020-12-24 01:08:04 - [TEST_STEP][PASSED] - out.println("sdfo: " + sdfo): null

2020-12-24 01:08:04 - [TEST_STEP][PASSED] - remID = substring(5, 35).trim(): null

2020-12-24 01:08:04 - [TEST_STEP][PASSED] - out.println("Remittance ID: " + remID): null

2020-12-24 01:08:04 - [TEST_STEP][PASSED] - traxID = substring(35, 55).trim(): null

2020-12-24 01:08:04 - [TEST_STEP][PASSED] - out.println("Transaction ID: " + traxID): null

2020-12-24 01:08:04 - [TEST_STEP][PASSED] - out.println("End Record Number: " + row): null

2020-12-24 01:08:04 - [TEST_STEP][PASSED] - closeBrowser(): Browser is closed

2020-12-24 01:08:05 - [MESSAGE][PASSED] - Browser is closed

2020-12-24 01:08:05 - [TEST_STEP][PASSED] - out.println("Begin Record Number: " + row): null

2020-12-24 01:08:05 - [TEST_STEP][PASSED] - today = new java.util.Date(): null

2020-12-24 01:08:05 - [TEST_STEP][PASSED] - println(today): null

2020-12-24 01:08:05 - [TEST_STEP][PASSED] - datText = today: null

2020-12-24 01:08:05 - [TEST_STEP][PASSED] - openBrowser(VLinkURL + "authcap.html"): Browser is opened with url: 'https://dev-algorithm.govolution.com/vlinktest/QA/version_2_0/authcap.html'

2020-12-24 01:08:05 - [MESSAGE][INFO] - Starting 'Chrome' driver

2020-12-24 01:08:05 - [MESSAGE][INFO] - User set preference: ['acceptInsecureCerts', 'true']

2020-12-24 01:08:05 - [MESSAGE][INFO] - Action delay is set to 0 milliseconds

2020-12-24 01:08:09 - [MESSAGE][PASSED] - Browser is opened with url: 'https://dev-algorithm.govolution.com/vlinktest/QA/version_2_0/authcap.html'

2020-12-24 01:08:09 - [TEST_STEP][PASSED] - maximizeWindow(): Current window maximized

2020-12-24 01:08:09 - [MESSAGE][PASSED] - Current window maximized

2020-12-24 01:08:09 - [TEST_STEP][PASSED] - vlinkPages.saleCCPage.setDataSCC(row, dataFile): vlinkPages.saleCCPage.setDataSCC is PASSED

2020-12-24 01:08:11 - [MESSAGE][PASSED] - Object 'Object Repository/VLink/Page_CCSale/txt_CardNumber' is present

2020-12-24 01:08:11 - [MESSAGE][PASSED] - Object 'Object Repository/VLink/Page_CCSale/txt_TransactionType' is present

2020-12-24 01:08:12 - [MESSAGE][PASSED] - Text '104' is set on object 'Object Repository/VLink/Page_CCSale/txt_TransactionType'

2020-12-24 01:08:12 - [MESSAGE][PASSED] - Object 'Object Repository/VLink/Page_CCSale/txt_MessageVersion' is present

2020-12-24 01:08:13 - [MESSAGE][PASSED] - Text '2.0C' is set on object 'Object Repository/VLink/Page_CCSale/txt_MessageVersion'

2020-12-24 01:08:13 - [MESSAGE][PASSED] - Object 'Object Repository/VLink/Page_CCSale/txt_RemID' is present

2020-12-24 01:08:14 - [MESSAGE][PASSED] - Text '0eMPRKbJamzG' is set on object 'Object Repository/VLink/Page_CCSale/txt_RemID'

2020-12-24 01:08:14 - [MESSAGE][PASSED] - Object 'Object Repository/VLink/Page_CCSale/txt_ApplicationId' is present

2020-12-24 01:08:15 - [MESSAGE][PASSED] - Text '665' is set on object 'Object Repository/VLink/Page_CCSale/txt_ApplicationId'

2020-12-24 01:08:15 - [MESSAGE][PASSED] - Object 'Object Repository/VLink/Page_CCSale/txt_Username' is present

2020-12-24 01:08:16 - [MESSAGE][PASSED] - Text 'username' is set on object 'Object Repository/VLink/Page_CCSale/txt_Username'

2020-12-24 01:08:16 - [MESSAGE][PASSED] - Object 'Object Repository/VLink/Page_CCSale/txt_Password' is present

2020-12-24 01:08:16 - [MESSAGE][PASSED] - Text 'password' is set on object 'Object Repository/VLink/Page_CCSale/txt_Password'

2020-12-24 01:08:17 - [MESSAGE][PASSED] - Object 'Object Repository/VLink/Page_CCSale/txt_ResponseFormat' is present

2020-12-24 01:08:17 - [MESSAGE][PASSED] - Text 'fixed_width' is set on object 'Object Repository/VLink/Page_CCSale/txt_ResponseFormat'

2020-12-24 01:08:18 - [MESSAGE][PASSED] - Object 'Object Repository/VLink/Page_CCSale/txt_Category' is present

2020-12-24 01:08:18 - [MESSAGE][PASSED] - Text 'RETL' is set on object 'Object Repository/VLink/Page_CCSale/txt_Category'

2020-12-24 01:08:18 - [MESSAGE][PASSED] - Object 'Object Repository/VLink/Page_CCSale/txt_TransactionID' is present

2020-12-24 01:08:19 - [MESSAGE][PASSED] - Text '' is set on object 'Object Repository/VLink/Page_CCSale/txt_TransactionID'

2020-12-24 01:08:19 - [MESSAGE][PASSED] - Object 'Object Repository/VLink/Page_CCSale/txt_ApprovalCode' is present

2020-12-24 01:08:20 - [MESSAGE][PASSED] - Text '' is set on object 'Object Repository/VLink/Page_CCSale/txt_ApprovalCode'

2020-12-24 01:08:20 - [MESSAGE][PASSED] - Object 'Object Repository/VLink/Page_CCSale/txt_CardName' is present

2020-12-24 01:08:21 - [MESSAGE][PASSED] - Text 'Kris Roshan' is set on object 'Object Repository/VLink/Page_CCSale/txt_CardName'

2020-12-24 01:08:21 - [MESSAGE][PASSED] - Object 'Object Repository/VLink/Page_CCSale/txt_AL1' is present

2020-12-24 01:08:22 - [MESSAGE][PASSED] - Text '258 Elm Road' is set on object 'Object Repository/VLink/Page_CCSale/txt_AL1'

2020-12-24 01:08:22 - [MESSAGE][PASSED] - Object 'Object Repository/VLink/Page_CCSale/txt_AL2' is present

2020-12-24 01:08:23 - [MESSAGE][PASSED] - Text '' is set on object 'Object Repository/VLink/Page_CCSale/txt_AL2'

2020-12-24 01:08:23 - [MESSAGE][PASSED] - Object 'Object Repository/VLink/Page_CCSale/txt_CardCity' is present

2020-12-24 01:08:24 - [MESSAGE][PASSED] - Text '' is set on object 'Object Repository/VLink/Page_CCSale/txt_CardCity'

2020-12-24 01:08:24 - [MESSAGE][PASSED] - Object 'Object Repository/VLink/Page_CCSale/txt_CardState' is present

2020-12-24 01:08:25 - [MESSAGE][PASSED] - Text '' is set on object 'Object Repository/VLink/Page_CCSale/txt_CardState'

2020-12-24 01:08:25 - [MESSAGE][PASSED] - Object 'Object Repository/VLink/Page_CCSale/txt_CardZIP' is present

2020-12-24 01:08:26 - [MESSAGE][PASSED] - Text '22201' is set on object 'Object Repository/VLink/Page_CCSale/txt_CardZIP'

2020-12-24 01:08:26 - [MESSAGE][PASSED] - Object 'Object Repository/VLink/Page_CCSale/txt_CountryID' is present

2020-12-24 01:08:27 - [MESSAGE][PASSED] - Text '' is set on object 'Object Repository/VLink/Page_CCSale/txt_CountryID'

2020-12-24 01:08:27 - [MESSAGE][PASSED] - Object 'Object Repository/VLink/Page_CCSale/txt_Amount' is present

2020-12-24 01:08:28 - [MESSAGE][PASSED] - Text '1.50' is set on object 'Object Repository/VLink/Page_CCSale/txt_Amount'

2020-12-24 01:08:28 - [MESSAGE][PASSED] - Object 'Object Repository/VLink/Page_CCSale/txt_CardNumber' is present

2020-12-24 01:08:29 - [MESSAGE][PASSED] - Text '4111111111111111' is set on object 'Object Repository/VLink/Page_CCSale/txt_CardNumber'

2020-12-24 01:08:29 - [MESSAGE][PASSED] - Object 'Object Repository/VLink/Page_CCSale/txt_ExpMonth' is present

2020-12-24 01:08:30 - [MESSAGE][PASSED] - Text '12' is set on object 'Object Repository/VLink/Page_CCSale/txt_ExpMonth'

2020-12-24 01:08:30 - [MESSAGE][PASSED] - Object 'Object Repository/VLink/Page_CCSale/txt_ExpYear' is present

2020-12-24 01:08:31 - [MESSAGE][PASSED] - Text '2025' is set on object 'Object Repository/VLink/Page_CCSale/txt_ExpYear'

2020-12-24 01:08:31 - [MESSAGE][PASSED] - Object 'Object Repository/VLink/Page_CCSale/txt_CVV' is present

2020-12-24 01:08:32 - [MESSAGE][PASSED] - Text '' is set on object 'Object Repository/VLink/Page_CCSale/txt_CVV'

2020-12-24 01:08:32 - [MESSAGE][PASSED] - Object 'Object Repository/VLink/Page_CCSale/txt_CVVstate' is present

2020-12-24 01:08:33 - [MESSAGE][PASSED] - Text '' is set on object 'Object Repository/VLink/Page_CCSale/txt_CVVstate'

2020-12-24 01:08:33 - [MESSAGE][PASSED] - Object 'Object Repository/VLink/Page_CCSale/txt_TrackData' is present

2020-12-24 01:08:34 - [MESSAGE][PASSED] - Text '' is set on object 'Object Repository/VLink/Page_CCSale/txt_TrackData'

2020-12-24 01:08:34 - [MESSAGE][PASSED] - Object 'Object Repository/VLink/Page_CCSale/txt_Track1Data' is present

2020-12-24 01:08:35 - [MESSAGE][PASSED] - Text '' is set on object 'Object Repository/VLink/Page_CCSale/txt_Track1Data'

2020-12-24 01:08:35 - [MESSAGE][PASSED] - Object 'Object Repository/VLink/Page_CCSale/txt_Track2Data' is present

2020-12-24 01:08:35 - [MESSAGE][PASSED] - Text '' is set on object 'Object Repository/VLink/Page_CCSale/txt_Track2Data'

2020-12-24 01:08:36 - [MESSAGE][PASSED] - Object 'Object Repository/VLink/Page_CCSale/txt_POSEntryMode' is present

2020-12-24 01:08:36 - [MESSAGE][PASSED] - Text '' is set on object 'Object Repository/VLink/Page_CCSale/txt_POSEntryMode'

2020-12-24 01:08:37 - [MESSAGE][PASSED] - Object 'Object Repository/VLink/Page_CCSale/txt_Email' is present

2020-12-24 01:08:37 - [MESSAGE][PASSED] - Text '' is set on object 'Object Repository/VLink/Page_CCSale/txt_Email'

2020-12-24 01:08:38 - [MESSAGE][PASSED] - Object 'Object Repository/VLink/Page_CCSale/txt_OrderNumber' is present

2020-12-24 01:08:38 - [MESSAGE][PASSED] - Text '' is set on object 'Object Repository/VLink/Page_CCSale/txt_OrderNumber'

2020-12-24 01:08:39 - [MESSAGE][PASSED] - Object 'Object Repository/VLink/Page_CCSale/txt_TaxAmount' is present

2020-12-24 01:08:39 - [MESSAGE][PASSED] - Text '' is set on object 'Object Repository/VLink/Page_CCSale/txt_TaxAmount'

2020-12-24 01:08:40 - [MESSAGE][PASSED] - Object 'Object Repository/VLink/Page_CCSale/txt_ChargeDescription' is present

2020-12-24 01:08:40 - [MESSAGE][PASSED] - Text '' is set on object 'Object Repository/VLink/Page_CCSale/txt_ChargeDescription'

2020-12-24 01:08:41 - [MESSAGE][PASSED] - Object 'Object Repository/VLink/Page_CCSale/txt_CAN' is present

2020-12-24 01:08:42 - [MESSAGE][PASSED] - Text '' is set on object 'Object Repository/VLink/Page_CCSale/txt_CAN'

2020-12-24 01:08:42 - [MESSAGE][PASSED] - Object 'Object Repository/VLink/Page_CCSale/txt_BillPaymentIndicator' is present

2020-12-24 01:08:42 - [MESSAGE][PASSED] - Text '' is set on object 'Object Repository/VLink/Page_CCSale/txt_BillPaymentIndicator'

2020-12-24 01:08:43 - [MESSAGE][PASSED] - Object 'Object Repository/VLink/Page_CCSale/txt_UDF1' is present

2020-12-24 01:08:43 - [MESSAGE][PASSED] - Text '' is set on object 'Object Repository/VLink/Page_CCSale/txt_UDF1'

2020-12-24 01:08:44 - [MESSAGE][PASSED] - Object 'Object Repository/VLink/Page_CCSale/txt_UDF2' is present

2020-12-24 01:08:44 - [MESSAGE][PASSED] - Text '' is set on object 'Object Repository/VLink/Page_CCSale/txt_UDF2'

2020-12-24 01:08:45 - [MESSAGE][PASSED] - Object 'Object Repository/VLink/Page_CCSale/txt_UDF3' is present

2020-12-24 01:08:45 - [MESSAGE][PASSED] - Text '' is set on object 'Object Repository/VLink/Page_CCSale/txt_UDF3'

2020-12-24 01:08:46 - [MESSAGE][PASSED] - Object 'Object Repository/VLink/Page_CCSale/txt_UDF4' is present

2020-12-24 01:08:46 - [MESSAGE][PASSED] - Text '' is set on object 'Object Repository/VLink/Page_CCSale/txt_UDF4'

2020-12-24 01:08:47 - [MESSAGE][PASSED] - Object 'Object Repository/VLink/Page_CCSale/txt_UDF5' is present

2020-12-24 01:08:47 - [MESSAGE][PASSED] - Text '' is set on object 'Object Repository/VLink/Page_CCSale/txt_UDF5'

2020-12-24 01:08:48 - [MESSAGE][PASSED] - Object 'Object Repository/VLink/Page_CCSale/txt_UDF6' is present

2020-12-24 01:08:48 - [MESSAGE][PASSED] - Text '' is set on object 'Object Repository/VLink/Page_CCSale/txt_UDF6'

2020-12-24 01:08:49 - [MESSAGE][PASSED] - Object 'Object Repository/VLink/Page_CCSale/txt_UDF7' is present

2020-12-24 01:08:49 - [MESSAGE][PASSED] - Text '' is set on object 'Object Repository/VLink/Page_CCSale/txt_UDF7'

2020-12-24 01:08:50 - [MESSAGE][PASSED] - Object 'Object Repository/VLink/Page_CCSale/txt_UDF8' is present

2020-12-24 01:08:50 - [MESSAGE][PASSED] - Text '' is set on object 'Object Repository/VLink/Page_CCSale/txt_UDF8'

2020-12-24 01:08:51 - [MESSAGE][PASSED] - Object 'Object Repository/VLink/Page_CCSale/txt_UDF9' is present

2020-12-24 01:08:51 - [MESSAGE][PASSED] - Text '' is set on object 'Object Repository/VLink/Page_CCSale/txt_UDF9'

2020-12-24 01:08:52 - [MESSAGE][PASSED] - Object 'Object Repository/VLink/Page_CCSale/txt_UDF10' is present

2020-12-24 01:08:52 - [MESSAGE][PASSED] - Text '' is set on object 'Object Repository/VLink/Page_CCSale/txt_UDF10'

2020-12-24 01:08:52 - [MESSAGE][PASSED] - Object 'Object Repository/VLink/Page_CCSale/txt_CardOnFileIndicator' is present

2020-12-24 01:08:53 - [MESSAGE][PASSED] - Text '' is set on object 'Object Repository/VLink/Page_CCSale/txt_CardOnFileIndicator'

2020-12-24 01:08:53 - [MESSAGE][PASSED] - Object 'Object Repository/VLink/Page_CCSale/txt_StoredCredentialIndicator' is present

2020-12-24 01:08:54 - [MESSAGE][PASSED] - Text '' is set on object 'Object Repository/VLink/Page_CCSale/txt_StoredCredentialIndicator'

2020-12-24 01:08:54 - [MESSAGE][PASSED] - Object 'Object Repository/VLink/Page_CCSale/txt_COFScheduledIndicator' is present

2020-12-24 01:08:55 - [MESSAGE][PASSED] - Text '' is set on object 'Object Repository/VLink/Page_CCSale/txt_COFScheduledIndicator'

2020-12-24 01:08:55 - [MESSAGE][PASSED] - Object 'Object Repository/VLink/Page_CCSale/txt_COFTransactionInitiatedBy' is present

2020-12-24 01:08:56 - [MESSAGE][PASSED] - Text '' is set on object 'Object Repository/VLink/Page_CCSale/txt_COFTransactionInitiatedBy'

2020-12-24 01:08:59 - [MESSAGE][PASSED] - Object: 'Object Repository/VLink/Page_CCSale/btn_ProcessVLinkTransaction' is clicked on

2020-12-24 01:09:04 - [MESSAGE][PASSED] - vlinkPages.saleCCPage.setDataSCC is PASSED

2020-12-24 01:09:04 - [TEST_STEP][PASSED] - if (verifyTextPresent("Transaction approved, no errors", true)): null

2020-12-24 01:09:04 - [MESSAGE][PASSED] - Text 'Transaction approved, no errors' is present on page  using regular expression

2020-12-24 01:09:04 - [TEST_STEP][PASSED] - println("Transaction Approved, no errors text is present on the Confirmation page"): null

2020-12-24 01:09:04 - [TEST_STEP][PASSED] - out.println("Pass Record Number: " + row): null

2020-12-24 01:09:04 - [TEST_STEP][PASSED] - resText = "Pass": null

2020-12-24 01:09:04 - [TEST_STEP][PASSED] - pages.WriteExcel.demoKey(resText, datText, resColumn, datCloumn, fileLoc, nameSheet, row): pages.WriteExcel.demoKey is PASSED

2020-12-24 01:09:04 - [MESSAGE][PASSED] - pages.WriteExcel.demoKey is PASSED

2020-12-24 01:09:04 - [TEST_STEP][PASSED] - sdfo = getText(findTestObject("Object Repository/Page_VLinkReceipt/pre_STX")): Text of object 'Object Repository/Page_VLinkReceipt/pre_STX' is: '<STX>0eMPRKbJamzG                  12088151            0  Transaction approved, no errors                   0                                                                                  X OK8950   <ETX>'

2020-12-24 01:09:04 - [MESSAGE][PASSED] - Text of object 'Object Repository/Page_VLinkReceipt/pre_STX' is: '<STX>0eMPRKbJamzG                  12088151            0  Transaction approved, no errors                   0                                                                                  X OK8950   <ETX>'

2020-12-24 01:09:04 - [TEST_STEP][PASSED] - out.println("sdfo: " + sdfo): null

2020-12-24 01:09:04 - [TEST_STEP][PASSED] - remID = substring(5, 35).trim(): null

2020-12-24 01:09:04 - [TEST_STEP][PASSED] - out.println("Remittance ID: " + remID): null

2020-12-24 01:09:04 - [TEST_STEP][PASSED] - traxID = substring(35, 55).trim(): null

2020-12-24 01:09:04 - [TEST_STEP][PASSED] - out.println("Transaction ID: " + traxID): null

2020-12-24 01:09:04 - [TEST_STEP][PASSED] - out.println("End Record Number: " + row): null

2020-12-24 01:09:04 - [TEST_STEP][PASSED] - closeBrowser(): Browser is closed

2020-12-24 01:09:05 - [MESSAGE][PASSED] - Browser is closed

2020-12-24 01:09:05 - [TEST_STEP][PASSED] - out.println("Begin Record Number: " + row): null

2020-12-24 01:09:05 - [TEST_STEP][PASSED] - today = new java.util.Date(): null

2020-12-24 01:09:05 - [TEST_STEP][PASSED] - println(today): null

2020-12-24 01:09:05 - [TEST_STEP][PASSED] - datText = today: null

2020-12-24 01:09:05 - [TEST_STEP][PASSED] - openBrowser(VLinkURL + "authcap.html"): Browser is opened with url: 'https://dev-algorithm.govolution.com/vlinktest/QA/version_2_0/authcap.html'

2020-12-24 01:09:05 - [MESSAGE][INFO] - Starting 'Chrome' driver

2020-12-24 01:09:05 - [MESSAGE][INFO] - User set preference: ['acceptInsecureCerts', 'true']

2020-12-24 01:09:05 - [MESSAGE][INFO] - Action delay is set to 0 milliseconds

2020-12-24 01:09:09 - [MESSAGE][PASSED] - Browser is opened with url: 'https://dev-algorithm.govolution.com/vlinktest/QA/version_2_0/authcap.html'

2020-12-24 01:09:09 - [TEST_STEP][PASSED] - maximizeWindow(): Current window maximized

2020-12-24 01:09:09 - [MESSAGE][PASSED] - Current window maximized

2020-12-24 01:09:09 - [TEST_STEP][PASSED] - vlinkPages.saleCCPage.setDataSCC(row, dataFile): vlinkPages.saleCCPage.setDataSCC is PASSED

2020-12-24 01:09:11 - [MESSAGE][PASSED] - Object 'Object Repository/VLink/Page_CCSale/txt_CardNumber' is present

2020-12-24 01:09:11 - [MESSAGE][PASSED] - Object 'Object Repository/VLink/Page_CCSale/txt_TransactionType' is present

2020-12-24 01:09:12 - [MESSAGE][PASSED] - Text '104' is set on object 'Object Repository/VLink/Page_CCSale/txt_TransactionType'

2020-12-24 01:09:12 - [MESSAGE][PASSED] - Object 'Object Repository/VLink/Page_CCSale/txt_MessageVersion' is present

2020-12-24 01:09:13 - [MESSAGE][PASSED] - Text '2.0C' is set on object 'Object Repository/VLink/Page_CCSale/txt_MessageVersion'

2020-12-24 01:09:13 - [MESSAGE][PASSED] - Object 'Object Repository/VLink/Page_CCSale/txt_RemID' is present

2020-12-24 01:09:14 - [MESSAGE][PASSED] - Text '3fU94U4wgs5s' is set on object 'Object Repository/VLink/Page_CCSale/txt_RemID'

2020-12-24 01:09:14 - [MESSAGE][PASSED] - Object 'Object Repository/VLink/Page_CCSale/txt_ApplicationId' is present

2020-12-24 01:09:15 - [MESSAGE][PASSED] - Text '667' is set on object 'Object Repository/VLink/Page_CCSale/txt_ApplicationId'

2020-12-24 01:09:15 - [MESSAGE][PASSED] - Object 'Object Repository/VLink/Page_CCSale/txt_Username' is present

2020-12-24 01:09:16 - [MESSAGE][PASSED] - Text 'username' is set on object 'Object Repository/VLink/Page_CCSale/txt_Username'

2020-12-24 01:09:16 - [MESSAGE][PASSED] - Object 'Object Repository/VLink/Page_CCSale/txt_Password' is present

2020-12-24 01:09:17 - [MESSAGE][PASSED] - Text 'password' is set on object 'Object Repository/VLink/Page_CCSale/txt_Password'

2020-12-24 01:09:17 - [MESSAGE][PASSED] - Object 'Object Repository/VLink/Page_CCSale/txt_ResponseFormat' is present

2020-12-24 01:09:18 - [MESSAGE][PASSED] - Text 'fixed_width' is set on object 'Object Repository/VLink/Page_CCSale/txt_ResponseFormat'

2020-12-24 01:09:18 - [MESSAGE][PASSED] - Object 'Object Repository/VLink/Page_CCSale/txt_Category' is present

2020-12-24 01:09:19 - [MESSAGE][PASSED] - Text 'ECOM' is set on object 'Object Repository/VLink/Page_CCSale/txt_Category'

2020-12-24 01:09:19 - [MESSAGE][PASSED] - Object 'Object Repository/VLink/Page_CCSale/txt_TransactionID' is present

2020-12-24 01:09:19 - [MESSAGE][PASSED] - Text '' is set on object 'Object Repository/VLink/Page_CCSale/txt_TransactionID'

2020-12-24 01:09:20 - [MESSAGE][PASSED] - Object 'Object Repository/VLink/Page_CCSale/txt_ApprovalCode' is present

2020-12-24 01:09:20 - [MESSAGE][PASSED] - Text '' is set on object 'Object Repository/VLink/Page_CCSale/txt_ApprovalCode'

2020-12-24 01:09:21 - [MESSAGE][PASSED] - Object 'Object Repository/VLink/Page_CCSale/txt_CardName' is present

2020-12-24 01:09:21 - [MESSAGE][PASSED] - Text 'Kris Roshan' is set on object 'Object Repository/VLink/Page_CCSale/txt_CardName'

2020-12-24 01:09:21 - [MESSAGE][PASSED] - Object 'Object Repository/VLink/Page_CCSale/txt_AL1' is present

2020-12-24 01:09:22 - [MESSAGE][PASSED] - Text '258 Elm Road' is set on object 'Object Repository/VLink/Page_CCSale/txt_AL1'

2020-12-24 01:09:22 - [MESSAGE][PASSED] - Object 'Object Repository/VLink/Page_CCSale/txt_AL2' is present

2020-12-24 01:09:23 - [MESSAGE][PASSED] - Text '' is set on object 'Object Repository/VLink/Page_CCSale/txt_AL2'

2020-12-24 01:09:23 - [MESSAGE][PASSED] - Object 'Object Repository/VLink/Page_CCSale/txt_CardCity' is present

2020-12-24 01:09:24 - [MESSAGE][PASSED] - Text '' is set on object 'Object Repository/VLink/Page_CCSale/txt_CardCity'

2020-12-24 01:09:24 - [MESSAGE][PASSED] - Object 'Object Repository/VLink/Page_CCSale/txt_CardState' is present

2020-12-24 01:09:25 - [MESSAGE][PASSED] - Text '' is set on object 'Object Repository/VLink/Page_CCSale/txt_CardState'

2020-12-24 01:09:25 - [MESSAGE][PASSED] - Object 'Object Repository/VLink/Page_CCSale/txt_CardZIP' is present

2020-12-24 01:09:26 - [MESSAGE][PASSED] - Text '22201' is set on object 'Object Repository/VLink/Page_CCSale/txt_CardZIP'

2020-12-24 01:09:26 - [MESSAGE][PASSED] - Object 'Object Repository/VLink/Page_CCSale/txt_CountryID' is present

2020-12-24 01:09:27 - [MESSAGE][PASSED] - Text '' is set on object 'Object Repository/VLink/Page_CCSale/txt_CountryID'

2020-12-24 01:09:27 - [MESSAGE][PASSED] - Object 'Object Repository/VLink/Page_CCSale/txt_Amount' is present

2020-12-24 01:09:28 - [MESSAGE][PASSED] - Text '1.50' is set on object 'Object Repository/VLink/Page_CCSale/txt_Amount'

2020-12-24 01:09:28 - [MESSAGE][PASSED] - Object 'Object Repository/VLink/Page_CCSale/txt_CardNumber' is present

2020-12-24 01:09:29 - [MESSAGE][PASSED] - Text '4111111111111111' is set on object 'Object Repository/VLink/Page_CCSale/txt_CardNumber'

2020-12-24 01:09:29 - [MESSAGE][PASSED] - Object 'Object Repository/VLink/Page_CCSale/txt_ExpMonth' is present

2020-12-24 01:09:29 - [MESSAGE][PASSED] - Text '12' is set on object 'Object Repository/VLink/Page_CCSale/txt_ExpMonth'

2020-12-24 01:09:30 - [MESSAGE][PASSED] - Object 'Object Repository/VLink/Page_CCSale/txt_ExpYear' is present

2020-12-24 01:09:30 - [MESSAGE][PASSED] - Text '2025' is set on object 'Object Repository/VLink/Page_CCSale/txt_ExpYear'

2020-12-24 01:09:31 - [MESSAGE][PASSED] - Object 'Object Repository/VLink/Page_CCSale/txt_CVV' is present

2020-12-24 01:09:31 - [MESSAGE][PASSED] - Text '' is set on object 'Object Repository/VLink/Page_CCSale/txt_CVV'

2020-12-24 01:09:32 - [MESSAGE][PASSED] - Object 'Object Repository/VLink/Page_CCSale/txt_CVVstate' is present

2020-12-24 01:09:32 - [MESSAGE][PASSED] - Text '' is set on object 'Object Repository/VLink/Page_CCSale/txt_CVVstate'

2020-12-24 01:09:33 - [MESSAGE][PASSED] - Object 'Object Repository/VLink/Page_CCSale/txt_TrackData' is present

2020-12-24 01:09:33 - [MESSAGE][PASSED] - Text '' is set on object 'Object Repository/VLink/Page_CCSale/txt_TrackData'

2020-12-24 01:09:34 - [MESSAGE][PASSED] - Object 'Object Repository/VLink/Page_CCSale/txt_Track1Data' is present

2020-12-24 01:09:34 - [MESSAGE][PASSED] - Text '' is set on object 'Object Repository/VLink/Page_CCSale/txt_Track1Data'

2020-12-24 01:09:35 - [MESSAGE][PASSED] - Object 'Object Repository/VLink/Page_CCSale/txt_Track2Data' is present

2020-12-24 01:09:35 - [MESSAGE][PASSED] - Text '' is set on object 'Object Repository/VLink/Page_CCSale/txt_Track2Data'

2020-12-24 01:09:36 - [MESSAGE][PASSED] - Object 'Object Repository/VLink/Page_CCSale/txt_POSEntryMode' is present

2020-12-24 01:09:37 - [MESSAGE][PASSED] - Text '' is set on object 'Object Repository/VLink/Page_CCSale/txt_POSEntryMode'

2020-12-24 01:09:37 - [MESSAGE][PASSED] - Object 'Object Repository/VLink/Page_CCSale/txt_Email' is present

2020-12-24 01:09:38 - [MESSAGE][PASSED] - Text '' is set on object 'Object Repository/VLink/Page_CCSale/txt_Email'

2020-12-24 01:09:38 - [MESSAGE][PASSED] - Object 'Object Repository/VLink/Page_CCSale/txt_OrderNumber' is present

2020-12-24 01:09:39 - [MESSAGE][PASSED] - Text '' is set on object 'Object Repository/VLink/Page_CCSale/txt_OrderNumber'

2020-12-24 01:09:39 - [MESSAGE][PASSED] - Object 'Object Repository/VLink/Page_CCSale/txt_TaxAmount' is present

2020-12-24 01:09:40 - [MESSAGE][PASSED] - Text '' is set on object 'Object Repository/VLink/Page_CCSale/txt_TaxAmount'

2020-12-24 01:09:40 - [MESSAGE][PASSED] - Object 'Object Repository/VLink/Page_CCSale/txt_ChargeDescription' is present

2020-12-24 01:09:41 - [MESSAGE][PASSED] - Text '' is set on object 'Object Repository/VLink/Page_CCSale/txt_ChargeDescription'

2020-12-24 01:09:41 - [MESSAGE][PASSED] - Object 'Object Repository/VLink/Page_CCSale/txt_CAN' is present

2020-12-24 01:09:42 - [MESSAGE][PASSED] - Text '' is set on object 'Object Repository/VLink/Page_CCSale/txt_CAN'

2020-12-24 01:09:42 - [MESSAGE][PASSED] - Object 'Object Repository/VLink/Page_CCSale/txt_BillPaymentIndicator' is present

2020-12-24 01:09:43 - [MESSAGE][PASSED] - Text '' is set on object 'Object Repository/VLink/Page_CCSale/txt_BillPaymentIndicator'

2020-12-24 01:09:43 - [MESSAGE][PASSED] - Object 'Object Repository/VLink/Page_CCSale/txt_UDF1' is present

2020-12-24 01:09:44 - [MESSAGE][PASSED] - Text '' is set on object 'Object Repository/VLink/Page_CCSale/txt_UDF1'

2020-12-24 01:09:44 - [MESSAGE][PASSED] - Object 'Object Repository/VLink/Page_CCSale/txt_UDF2' is present

2020-12-24 01:09:45 - [MESSAGE][PASSED] - Text '' is set on object 'Object Repository/VLink/Page_CCSale/txt_UDF2'

2020-12-24 01:09:45 - [MESSAGE][PASSED] - Object 'Object Repository/VLink/Page_CCSale/txt_UDF3' is present

2020-12-24 01:09:45 - [MESSAGE][PASSED] - Text '' is set on object 'Object Repository/VLink/Page_CCSale/txt_UDF3'

2020-12-24 01:09:46 - [MESSAGE][PASSED] - Object 'Object Repository/VLink/Page_CCSale/txt_UDF4' is present

2020-12-24 01:09:46 - [MESSAGE][PASSED] - Text '' is set on object 'Object Repository/VLink/Page_CCSale/txt_UDF4'

2020-12-24 01:09:47 - [MESSAGE][PASSED] - Object 'Object Repository/VLink/Page_CCSale/txt_UDF5' is present

2020-12-24 01:09:47 - [MESSAGE][PASSED] - Text '' is set on object 'Object Repository/VLink/Page_CCSale/txt_UDF5'

2020-12-24 01:09:48 - [MESSAGE][PASSED] - Object 'Object Repository/VLink/Page_CCSale/txt_UDF6' is present

2020-12-24 01:09:48 - [MESSAGE][PASSED] - Text '' is set on object 'Object Repository/VLink/Page_CCSale/txt_UDF6'

2020-12-24 01:09:49 - [MESSAGE][PASSED] - Object 'Object Repository/VLink/Page_CCSale/txt_UDF7' is present

2020-12-24 01:09:49 - [MESSAGE][PASSED] - Text '' is set on object 'Object Repository/VLink/Page_CCSale/txt_UDF7'

2020-12-24 01:09:50 - [MESSAGE][PASSED] - Object 'Object Repository/VLink/Page_CCSale/txt_UDF8' is present

2020-12-24 01:09:50 - [MESSAGE][PASSED] - Text '' is set on object 'Object Repository/VLink/Page_CCSale/txt_UDF8'

2020-12-24 01:09:51 - [MESSAGE][PASSED] - Object 'Object Repository/VLink/Page_CCSale/txt_UDF9' is present

2020-12-24 01:09:51 - [MESSAGE][PASSED] - Text '' is set on object 'Object Repository/VLink/Page_CCSale/txt_UDF9'

2020-12-24 01:09:52 - [MESSAGE][PASSED] - Object 'Object Repository/VLink/Page_CCSale/txt_UDF10' is present

2020-12-24 01:09:52 - [MESSAGE][PASSED] - Text '' is set on object 'Object Repository/VLink/Page_CCSale/txt_UDF10'

2020-12-24 01:09:53 - [MESSAGE][PASSED] - Object 'Object Repository/VLink/Page_CCSale/txt_CardOnFileIndicator' is present

2020-12-24 01:09:53 - [MESSAGE][PASSED] - Text '' is set on object 'Object Repository/VLink/Page_CCSale/txt_CardOnFileIndicator'

2020-12-24 01:09:54 - [MESSAGE][PASSED] - Object 'Object Repository/VLink/Page_CCSale/txt_StoredCredentialIndicator' is present

2020-12-24 01:09:54 - [MESSAGE][PASSED] - Text '' is set on object 'Object Repository/VLink/Page_CCSale/txt_StoredCredentialIndicator'

2020-12-24 01:09:55 - [MESSAGE][PASSED] - Object 'Object Repository/VLink/Page_CCSale/txt_COFScheduledIndicator' is present

2020-12-24 01:09:55 - [MESSAGE][PASSED] - Text '' is set on object 'Object Repository/VLink/Page_CCSale/txt_COFScheduledIndicator'

2020-12-24 01:09:56 - [MESSAGE][PASSED] - Object 'Object Repository/VLink/Page_CCSale/txt_COFTransactionInitiatedBy' is present

2020-12-24 01:09:56 - [MESSAGE][PASSED] - Text '' is set on object 'Object Repository/VLink/Page_CCSale/txt_COFTransactionInitiatedBy'

2020-12-24 01:10:02 - [MESSAGE][PASSED] - Object: 'Object Repository/VLink/Page_CCSale/btn_ProcessVLinkTransaction' is clicked on

2020-12-24 01:10:07 - [MESSAGE][PASSED] - vlinkPages.saleCCPage.setDataSCC is PASSED

2020-12-24 01:10:07 - [TEST_STEP][PASSED] - if (verifyTextPresent("Transaction approved, no errors", true)): null

2020-12-24 01:10:07 - [MESSAGE][PASSED] - Text 'Transaction approved, no errors' is present on page  using regular expression

2020-12-24 01:10:07 - [TEST_STEP][PASSED] - println("Transaction Approved, no errors text is present on the Confirmation page"): null

2020-12-24 01:10:07 - [TEST_STEP][PASSED] - out.println("Pass Record Number: " + row): null

2020-12-24 01:10:07 - [TEST_STEP][PASSED] - resText = "Pass": null

2020-12-24 01:10:07 - [TEST_STEP][PASSED] - pages.WriteExcel.demoKey(resText, datText, resColumn, datCloumn, fileLoc, nameSheet, row): pages.WriteExcel.demoKey is PASSED

2020-12-24 01:10:07 - [MESSAGE][PASSED] - pages.WriteExcel.demoKey is PASSED

2020-12-24 01:10:07 - [TEST_STEP][PASSED] - sdfo = getText(findTestObject("Object Repository/Page_VLinkReceipt/pre_STX")): Text of object 'Object Repository/Page_VLinkReceipt/pre_STX' is: '<STX>3fU94U4wgs5s                  12088152            0  Transaction approved, no errors                   0                                                                                  Y OK3198   <ETX>'

2020-12-24 01:10:08 - [MESSAGE][PASSED] - Text of object 'Object Repository/Page_VLinkReceipt/pre_STX' is: '<STX>3fU94U4wgs5s                  12088152            0  Transaction approved, no errors                   0                                                                                  Y OK3198   <ETX>'

2020-12-24 01:10:08 - [TEST_STEP][PASSED] - out.println("sdfo: " + sdfo): null

2020-12-24 01:10:08 - [TEST_STEP][PASSED] - remID = substring(5, 35).trim(): null

2020-12-24 01:10:08 - [TEST_STEP][PASSED] - out.println("Remittance ID: " + remID): null

2020-12-24 01:10:08 - [TEST_STEP][PASSED] - traxID = substring(35, 55).trim(): null

2020-12-24 01:10:08 - [TEST_STEP][PASSED] - out.println("Transaction ID: " + traxID): null

2020-12-24 01:10:08 - [TEST_STEP][PASSED] - out.println("End Record Number: " + row): null

2020-12-24 01:10:08 - [TEST_STEP][PASSED] - closeBrowser(): Browser is closed

2020-12-24 01:10:08 - [MESSAGE][PASSED] - Browser is closed

2020-12-24 01:10:08 - [TEST_STEP][PASSED] - out.println("Begin Record Number: " + row): null

2020-12-24 01:10:08 - [TEST_STEP][PASSED] - today = new java.util.Date(): null

2020-12-24 01:10:08 - [TEST_STEP][PASSED] - println(today): null

2020-12-24 01:10:08 - [TEST_STEP][PASSED] - datText = today: null

2020-12-24 01:10:08 - [TEST_STEP][PASSED] - openBrowser(VLinkURL + "authcap.html"): Browser is opened with url: 'https://dev-algorithm.govolution.com/vlinktest/QA/version_2_0/authcap.html'

2020-12-24 01:10:08 - [MESSAGE][INFO] - Starting 'Chrome' driver

2020-12-24 01:10:08 - [MESSAGE][INFO] - User set preference: ['acceptInsecureCerts', 'true']

2020-12-24 01:10:08 - [MESSAGE][INFO] - Action delay is set to 0 milliseconds

2020-12-24 01:10:12 - [MESSAGE][PASSED] - Browser is opened with url: 'https://dev-algorithm.govolution.com/vlinktest/QA/version_2_0/authcap.html'

2020-12-24 01:10:12 - [TEST_STEP][PASSED] - maximizeWindow(): Current window maximized

2020-12-24 01:10:13 - [MESSAGE][PASSED] - Current window maximized

2020-12-24 01:10:13 - [TEST_STEP][PASSED] - vlinkPages.saleCCPage.setDataSCC(row, dataFile): vlinkPages.saleCCPage.setDataSCC is PASSED

2020-12-24 01:10:15 - [MESSAGE][PASSED] - Object 'Object Repository/VLink/Page_CCSale/txt_CardNumber' is present

2020-12-24 01:10:15 - [MESSAGE][PASSED] - Object 'Object Repository/VLink/Page_CCSale/txt_TransactionType' is present

2020-12-24 01:10:15 - [MESSAGE][PASSED] - Text '104' is set on object 'Object Repository/VLink/Page_CCSale/txt_TransactionType'

2020-12-24 01:10:16 - [MESSAGE][PASSED] - Object 'Object Repository/VLink/Page_CCSale/txt_MessageVersion' is present

2020-12-24 01:10:16 - [MESSAGE][PASSED] - Text '2.0C' is set on object 'Object Repository/VLink/Page_CCSale/txt_MessageVersion'

2020-12-24 01:10:17 - [MESSAGE][PASSED] - Object 'Object Repository/VLink/Page_CCSale/txt_RemID' is present

2020-12-24 01:10:17 - [MESSAGE][PASSED] - Text 'L8dTj40uoe5a' is set on object 'Object Repository/VLink/Page_CCSale/txt_RemID'

2020-12-24 01:10:17 - [MESSAGE][PASSED] - Object 'Object Repository/VLink/Page_CCSale/txt_ApplicationId' is present

2020-12-24 01:10:18 - [MESSAGE][PASSED] - Text '670' is set on object 'Object Repository/VLink/Page_CCSale/txt_ApplicationId'

2020-12-24 01:10:18 - [MESSAGE][PASSED] - Object 'Object Repository/VLink/Page_CCSale/txt_Username' is present

2020-12-24 01:10:19 - [MESSAGE][PASSED] - Text 'username' is set on object 'Object Repository/VLink/Page_CCSale/txt_Username'

2020-12-24 01:10:19 - [MESSAGE][PASSED] - Object 'Object Repository/VLink/Page_CCSale/txt_Password' is present

2020-12-24 01:10:20 - [MESSAGE][PASSED] - Text 'password' is set on object 'Object Repository/VLink/Page_CCSale/txt_Password'

2020-12-24 01:10:20 - [MESSAGE][PASSED] - Object 'Object Repository/VLink/Page_CCSale/txt_ResponseFormat' is present

2020-12-24 01:10:21 - [MESSAGE][PASSED] - Text 'fixed_width' is set on object 'Object Repository/VLink/Page_CCSale/txt_ResponseFormat'

2020-12-24 01:10:21 - [MESSAGE][PASSED] - Object 'Object Repository/VLink/Page_CCSale/txt_Category' is present

2020-12-24 01:10:22 - [MESSAGE][PASSED] - Text 'MOTO' is set on object 'Object Repository/VLink/Page_CCSale/txt_Category'

2020-12-24 01:10:22 - [MESSAGE][PASSED] - Object 'Object Repository/VLink/Page_CCSale/txt_TransactionID' is present

2020-12-24 01:10:23 - [MESSAGE][PASSED] - Text '' is set on object 'Object Repository/VLink/Page_CCSale/txt_TransactionID'

2020-12-24 01:10:23 - [MESSAGE][PASSED] - Object 'Object Repository/VLink/Page_CCSale/txt_ApprovalCode' is present

2020-12-24 01:10:24 - [MESSAGE][PASSED] - Text '' is set on object 'Object Repository/VLink/Page_CCSale/txt_ApprovalCode'

2020-12-24 01:10:24 - [MESSAGE][PASSED] - Object 'Object Repository/VLink/Page_CCSale/txt_CardName' is present

2020-12-24 01:10:25 - [MESSAGE][PASSED] - Text 'Arvind Silva' is set on object 'Object Repository/VLink/Page_CCSale/txt_CardName'

2020-12-24 01:10:25 - [MESSAGE][PASSED] - Object 'Object Repository/VLink/Page_CCSale/txt_AL1' is present

2020-12-24 01:10:26 - [MESSAGE][PASSED] - Text '111 Main Ave' is set on object 'Object Repository/VLink/Page_CCSale/txt_AL1'

2020-12-24 01:10:26 - [MESSAGE][PASSED] - Object 'Object Repository/VLink/Page_CCSale/txt_AL2' is present

2020-12-24 01:10:27 - [MESSAGE][PASSED] - Text '' is set on object 'Object Repository/VLink/Page_CCSale/txt_AL2'

2020-12-24 01:10:27 - [MESSAGE][PASSED] - Object 'Object Repository/VLink/Page_CCSale/txt_CardCity' is present

2020-12-24 01:10:27 - [MESSAGE][PASSED] - Text '' is set on object 'Object Repository/VLink/Page_CCSale/txt_CardCity'

2020-12-24 01:10:28 - [MESSAGE][PASSED] - Object 'Object Repository/VLink/Page_CCSale/txt_CardState' is present

2020-12-24 01:10:28 - [MESSAGE][PASSED] - Text '' is set on object 'Object Repository/VLink/Page_CCSale/txt_CardState'

2020-12-24 01:10:29 - [MESSAGE][PASSED] - Object 'Object Repository/VLink/Page_CCSale/txt_CardZIP' is present

2020-12-24 01:10:30 - [MESSAGE][PASSED] - Text '22201' is set on object 'Object Repository/VLink/Page_CCSale/txt_CardZIP'

2020-12-24 01:10:30 - [MESSAGE][PASSED] - Object 'Object Repository/VLink/Page_CCSale/txt_CountryID' is present

2020-12-24 01:10:31 - [MESSAGE][PASSED] - Text '' is set on object 'Object Repository/VLink/Page_CCSale/txt_CountryID'

2020-12-24 01:10:31 - [MESSAGE][PASSED] - Object 'Object Repository/VLink/Page_CCSale/txt_Amount' is present

2020-12-24 01:10:32 - [MESSAGE][PASSED] - Text '2.50' is set on object 'Object Repository/VLink/Page_CCSale/txt_Amount'

2020-12-24 01:10:32 - [MESSAGE][PASSED] - Object 'Object Repository/VLink/Page_CCSale/txt_CardNumber' is present

2020-12-24 01:10:33 - [MESSAGE][PASSED] - Text '4111111111111111' is set on object 'Object Repository/VLink/Page_CCSale/txt_CardNumber'

2020-12-24 01:10:33 - [MESSAGE][PASSED] - Object 'Object Repository/VLink/Page_CCSale/txt_ExpMonth' is present

2020-12-24 01:10:33 - [MESSAGE][PASSED] - Text '01' is set on object 'Object Repository/VLink/Page_CCSale/txt_ExpMonth'

2020-12-24 01:10:34 - [MESSAGE][PASSED] - Object 'Object Repository/VLink/Page_CCSale/txt_ExpYear' is present

2020-12-24 01:10:35 - [MESSAGE][PASSED] - Text '2026' is set on object 'Object Repository/VLink/Page_CCSale/txt_ExpYear'

2020-12-24 01:10:35 - [MESSAGE][PASSED] - Object 'Object Repository/VLink/Page_CCSale/txt_CVV' is present

2020-12-24 01:10:35 - [MESSAGE][PASSED] - Text '' is set on object 'Object Repository/VLink/Page_CCSale/txt_CVV'

2020-12-24 01:10:36 - [MESSAGE][PASSED] - Object 'Object Repository/VLink/Page_CCSale/txt_CVVstate' is present

2020-12-24 01:10:36 - [MESSAGE][PASSED] - Text '' is set on object 'Object Repository/VLink/Page_CCSale/txt_CVVstate'

2020-12-24 01:10:37 - [MESSAGE][PASSED] - Object 'Object Repository/VLink/Page_CCSale/txt_TrackData' is present

2020-12-24 01:10:37 - [MESSAGE][PASSED] - Text '' is set on object 'Object Repository/VLink/Page_CCSale/txt_TrackData'

2020-12-24 01:10:38 - [MESSAGE][PASSED] - Object 'Object Repository/VLink/Page_CCSale/txt_Track1Data' is present

2020-12-24 01:10:38 - [MESSAGE][PASSED] - Text '' is set on object 'Object Repository/VLink/Page_CCSale/txt_Track1Data'

2020-12-24 01:10:39 - [MESSAGE][PASSED] - Object 'Object Repository/VLink/Page_CCSale/txt_Track2Data' is present

2020-12-24 01:10:40 - [MESSAGE][PASSED] - Text '' is set on object 'Object Repository/VLink/Page_CCSale/txt_Track2Data'

2020-12-24 01:10:40 - [MESSAGE][PASSED] - Object 'Object Repository/VLink/Page_CCSale/txt_POSEntryMode' is present

2020-12-24 01:10:41 - [MESSAGE][PASSED] - Text '' is set on object 'Object Repository/VLink/Page_CCSale/txt_POSEntryMode'

2020-12-24 01:10:41 - [MESSAGE][PASSED] - Object 'Object Repository/VLink/Page_CCSale/txt_Email' is present

2020-12-24 01:10:42 - [MESSAGE][PASSED] - Text '' is set on object 'Object Repository/VLink/Page_CCSale/txt_Email'

2020-12-24 01:10:42 - [MESSAGE][PASSED] - Object 'Object Repository/VLink/Page_CCSale/txt_OrderNumber' is present

2020-12-24 01:10:42 - [MESSAGE][PASSED] - Text '' is set on object 'Object Repository/VLink/Page_CCSale/txt_OrderNumber'

2020-12-24 01:10:43 - [MESSAGE][PASSED] - Object 'Object Repository/VLink/Page_CCSale/txt_TaxAmount' is present

2020-12-24 01:10:43 - [MESSAGE][PASSED] - Text '' is set on object 'Object Repository/VLink/Page_CCSale/txt_TaxAmount'

2020-12-24 01:10:44 - [MESSAGE][PASSED] - Object 'Object Repository/VLink/Page_CCSale/txt_ChargeDescription' is present

2020-12-24 01:10:44 - [MESSAGE][PASSED] - Text '' is set on object 'Object Repository/VLink/Page_CCSale/txt_ChargeDescription'

2020-12-24 01:10:45 - [MESSAGE][PASSED] - Object 'Object Repository/VLink/Page_CCSale/txt_CAN' is present

2020-12-24 01:10:45 - [MESSAGE][PASSED] - Text '' is set on object 'Object Repository/VLink/Page_CCSale/txt_CAN'

2020-12-24 01:10:46 - [MESSAGE][PASSED] - Object 'Object Repository/VLink/Page_CCSale/txt_BillPaymentIndicator' is present

2020-12-24 01:10:46 - [MESSAGE][PASSED] - Text '' is set on object 'Object Repository/VLink/Page_CCSale/txt_BillPaymentIndicator'

2020-12-24 01:10:47 - [MESSAGE][PASSED] - Object 'Object Repository/VLink/Page_CCSale/txt_UDF1' is present

2020-12-24 01:10:47 - [MESSAGE][PASSED] - Text '' is set on object 'Object Repository/VLink/Page_CCSale/txt_UDF1'

2020-12-24 01:10:48 - [MESSAGE][PASSED] - Object 'Object Repository/VLink/Page_CCSale/txt_UDF2' is present

2020-12-24 01:10:48 - [MESSAGE][PASSED] - Text '' is set on object 'Object Repository/VLink/Page_CCSale/txt_UDF2'

2020-12-24 01:10:49 - [MESSAGE][PASSED] - Object 'Object Repository/VLink/Page_CCSale/txt_UDF3' is present

2020-12-24 01:10:49 - [MESSAGE][PASSED] - Text '' is set on object 'Object Repository/VLink/Page_CCSale/txt_UDF3'

2020-12-24 01:10:50 - [MESSAGE][PASSED] - Object 'Object Repository/VLink/Page_CCSale/txt_UDF4' is present

2020-12-24 01:10:50 - [MESSAGE][PASSED] - Text '' is set on object 'Object Repository/VLink/Page_CCSale/txt_UDF4'

2020-12-24 01:10:51 - [MESSAGE][PASSED] - Object 'Object Repository/VLink/Page_CCSale/txt_UDF5' is present

2020-12-24 01:10:51 - [MESSAGE][PASSED] - Text '' is set on object 'Object Repository/VLink/Page_CCSale/txt_UDF5'

2020-12-24 01:10:52 - [MESSAGE][PASSED] - Object 'Object Repository/VLink/Page_CCSale/txt_UDF6' is present

2020-12-24 01:10:52 - [MESSAGE][PASSED] - Text '' is set on object 'Object Repository/VLink/Page_CCSale/txt_UDF6'

2020-12-24 01:10:53 - [MESSAGE][PASSED] - Object 'Object Repository/VLink/Page_CCSale/txt_UDF7' is present

2020-12-24 01:10:54 - [MESSAGE][PASSED] - Text '' is set on object 'Object Repository/VLink/Page_CCSale/txt_UDF7'

2020-12-24 01:10:54 - [MESSAGE][PASSED] - Object 'Object Repository/VLink/Page_CCSale/txt_UDF8' is present

2020-12-24 01:10:54 - [MESSAGE][PASSED] - Text '' is set on object 'Object Repository/VLink/Page_CCSale/txt_UDF8'

2020-12-24 01:10:55 - [MESSAGE][PASSED] - Object 'Object Repository/VLink/Page_CCSale/txt_UDF9' is present

2020-12-24 01:10:55 - [MESSAGE][PASSED] - Text '' is set on object 'Object Repository/VLink/Page_CCSale/txt_UDF9'

2020-12-24 01:10:56 - [MESSAGE][PASSED] - Object 'Object Repository/VLink/Page_CCSale/txt_UDF10' is present

2020-12-24 01:10:56 - [MESSAGE][PASSED] - Text '' is set on object 'Object Repository/VLink/Page_CCSale/txt_UDF10'

2020-12-24 01:10:57 - [MESSAGE][PASSED] - Object 'Object Repository/VLink/Page_CCSale/txt_CardOnFileIndicator' is present

2020-12-24 01:10:57 - [MESSAGE][PASSED] - Text '' is set on object 'Object Repository/VLink/Page_CCSale/txt_CardOnFileIndicator'

2020-12-24 01:10:58 - [MESSAGE][PASSED] - Object 'Object Repository/VLink/Page_CCSale/txt_StoredCredentialIndicator' is present

2020-12-24 01:10:58 - [MESSAGE][PASSED] - Text '' is set on object 'Object Repository/VLink/Page_CCSale/txt_StoredCredentialIndicator'

2020-12-24 01:10:59 - [MESSAGE][PASSED] - Object 'Object Repository/VLink/Page_CCSale/txt_COFScheduledIndicator' is present

2020-12-24 01:10:59 - [MESSAGE][PASSED] - Text '' is set on object 'Object Repository/VLink/Page_CCSale/txt_COFScheduledIndicator'

2020-12-24 01:11:00 - [MESSAGE][PASSED] - Object 'Object Repository/VLink/Page_CCSale/txt_COFTransactionInitiatedBy' is present

2020-12-24 01:11:00 - [MESSAGE][PASSED] - Text '' is set on object 'Object Repository/VLink/Page_CCSale/txt_COFTransactionInitiatedBy'

2020-12-24 01:11:05 - [MESSAGE][PASSED] - Object: 'Object Repository/VLink/Page_CCSale/btn_ProcessVLinkTransaction' is clicked on

2020-12-24 01:11:10 - [MESSAGE][PASSED] - vlinkPages.saleCCPage.setDataSCC is PASSED

2020-12-24 01:11:10 - [TEST_STEP][PASSED] - if (verifyTextPresent("Transaction approved, no errors", true)): null

2020-12-24 01:11:10 - [MESSAGE][PASSED] - Text 'Transaction approved, no errors' is present on page  using regular expression

2020-12-24 01:11:10 - [TEST_STEP][PASSED] - println("Transaction Approved, no errors text is present on the Confirmation page"): null

2020-12-24 01:11:10 - [TEST_STEP][PASSED] - out.println("Pass Record Number: " + row): null

2020-12-24 01:11:10 - [TEST_STEP][PASSED] - resText = "Pass": null

2020-12-24 01:11:10 - [TEST_STEP][PASSED] - pages.WriteExcel.demoKey(resText, datText, resColumn, datCloumn, fileLoc, nameSheet, row): pages.WriteExcel.demoKey is PASSED

2020-12-24 01:11:10 - [MESSAGE][PASSED] - pages.WriteExcel.demoKey is PASSED

2020-12-24 01:11:10 - [TEST_STEP][PASSED] - sdfo = getText(findTestObject("Object Repository/Page_VLinkReceipt/pre_STX")): Text of object 'Object Repository/Page_VLinkReceipt/pre_STX' is: '<STX>L8dTj40uoe5a                  12088153            0  Transaction approved, no errors                   0                                                                                  Y OK3648   <ETX>'

2020-12-24 01:11:10 - [MESSAGE][PASSED] - Text of object 'Object Repository/Page_VLinkReceipt/pre_STX' is: '<STX>L8dTj40uoe5a                  12088153            0  Transaction approved, no errors                   0                                                                                  Y OK3648   <ETX>'

2020-12-24 01:11:10 - [TEST_STEP][PASSED] - out.println("sdfo: " + sdfo): null

2020-12-24 01:11:10 - [TEST_STEP][PASSED] - remID = substring(5, 35).trim(): null

2020-12-24 01:11:10 - [TEST_STEP][PASSED] - out.println("Remittance ID: " + remID): null

2020-12-24 01:11:10 - [TEST_STEP][PASSED] - traxID = substring(35, 55).trim(): null

2020-12-24 01:11:10 - [TEST_STEP][PASSED] - out.println("Transaction ID: " + traxID): null

2020-12-24 01:11:10 - [TEST_STEP][PASSED] - out.println("End Record Number: " + row): null

2020-12-24 01:11:10 - [TEST_STEP][PASSED] - closeBrowser(): Browser is closed

2020-12-24 01:11:11 - [MESSAGE][PASSED] - Browser is closed

2020-12-24 01:11:11 - [TEST_STEP][PASSED] - out.println("Begin Record Number: " + row): null

2020-12-24 01:11:11 - [TEST_STEP][PASSED] - today = new java.util.Date(): null

2020-12-24 01:11:11 - [TEST_STEP][PASSED] - println(today): null

2020-12-24 01:11:11 - [TEST_STEP][PASSED] - datText = today: null

2020-12-24 01:11:11 - [TEST_STEP][PASSED] - openBrowser(VLinkURL + "authcap.html"): Browser is opened with url: 'https://dev-algorithm.govolution.com/vlinktest/QA/version_2_0/authcap.html'

2020-12-24 01:11:11 - [MESSAGE][INFO] - Starting 'Chrome' driver

2020-12-24 01:11:11 - [MESSAGE][INFO] - User set preference: ['acceptInsecureCerts', 'true']

2020-12-24 01:11:11 - [MESSAGE][INFO] - Action delay is set to 0 milliseconds

2020-12-24 01:11:15 - [MESSAGE][PASSED] - Browser is opened with url: 'https://dev-algorithm.govolution.com/vlinktest/QA/version_2_0/authcap.html'

2020-12-24 01:11:15 - [TEST_STEP][PASSED] - maximizeWindow(): Current window maximized

2020-12-24 01:11:16 - [MESSAGE][PASSED] - Current window maximized

2020-12-24 01:11:16 - [TEST_STEP][PASSED] - vlinkPages.saleCCPage.setDataSCC(row, dataFile): vlinkPages.saleCCPage.setDataSCC is PASSED

2020-12-24 01:11:17 - [MESSAGE][PASSED] - Object 'Object Repository/VLink/Page_CCSale/txt_CardNumber' is present

2020-12-24 01:11:18 - [MESSAGE][PASSED] - Object 'Object Repository/VLink/Page_CCSale/txt_TransactionType' is present

2020-12-24 01:11:18 - [MESSAGE][PASSED] - Text '104' is set on object 'Object Repository/VLink/Page_CCSale/txt_TransactionType'

2020-12-24 01:11:19 - [MESSAGE][PASSED] - Object 'Object Repository/VLink/Page_CCSale/txt_MessageVersion' is present

2020-12-24 01:11:19 - [MESSAGE][PASSED] - Text '2.0C' is set on object 'Object Repository/VLink/Page_CCSale/txt_MessageVersion'

2020-12-24 01:11:20 - [MESSAGE][PASSED] - Object 'Object Repository/VLink/Page_CCSale/txt_RemID' is present

2020-12-24 01:11:21 - [MESSAGE][PASSED] - Text 'btj1PfsMOG69' is set on object 'Object Repository/VLink/Page_CCSale/txt_RemID'

2020-12-24 01:11:21 - [MESSAGE][PASSED] - Object 'Object Repository/VLink/Page_CCSale/txt_ApplicationId' is present

2020-12-24 01:11:21 - [MESSAGE][PASSED] - Text '671' is set on object 'Object Repository/VLink/Page_CCSale/txt_ApplicationId'

2020-12-24 01:11:22 - [MESSAGE][PASSED] - Object 'Object Repository/VLink/Page_CCSale/txt_Username' is present

2020-12-24 01:11:22 - [MESSAGE][PASSED] - Text 'username' is set on object 'Object Repository/VLink/Page_CCSale/txt_Username'

2020-12-24 01:11:23 - [MESSAGE][PASSED] - Object 'Object Repository/VLink/Page_CCSale/txt_Password' is present

2020-12-24 01:11:23 - [MESSAGE][PASSED] - Text 'password' is set on object 'Object Repository/VLink/Page_CCSale/txt_Password'

2020-12-24 01:11:24 - [MESSAGE][PASSED] - Object 'Object Repository/VLink/Page_CCSale/txt_ResponseFormat' is present

2020-12-24 01:11:24 - [MESSAGE][PASSED] - Text 'fixed_width' is set on object 'Object Repository/VLink/Page_CCSale/txt_ResponseFormat'

2020-12-24 01:11:24 - [MESSAGE][PASSED] - Object 'Object Repository/VLink/Page_CCSale/txt_Category' is present

2020-12-24 01:11:25 - [MESSAGE][PASSED] - Text 'RETL' is set on object 'Object Repository/VLink/Page_CCSale/txt_Category'

2020-12-24 01:11:25 - [MESSAGE][PASSED] - Object 'Object Repository/VLink/Page_CCSale/txt_TransactionID' is present

2020-12-24 01:11:26 - [MESSAGE][PASSED] - Text '' is set on object 'Object Repository/VLink/Page_CCSale/txt_TransactionID'

2020-12-24 01:11:26 - [MESSAGE][PASSED] - Object 'Object Repository/VLink/Page_CCSale/txt_ApprovalCode' is present

2020-12-24 01:11:27 - [MESSAGE][PASSED] - Text '' is set on object 'Object Repository/VLink/Page_CCSale/txt_ApprovalCode'

2020-12-24 01:11:27 - [MESSAGE][PASSED] - Object 'Object Repository/VLink/Page_CCSale/txt_CardName' is present

2020-12-24 01:11:28 - [MESSAGE][PASSED] - Text 'Roshan Maha' is set on object 'Object Repository/VLink/Page_CCSale/txt_CardName'

2020-12-24 01:11:28 - [MESSAGE][PASSED] - Object 'Object Repository/VLink/Page_CCSale/txt_AL1' is present

2020-12-24 01:11:29 - [MESSAGE][PASSED] - Text '12563 Bazaar road' is set on object 'Object Repository/VLink/Page_CCSale/txt_AL1'

2020-12-24 01:11:29 - [MESSAGE][PASSED] - Object 'Object Repository/VLink/Page_CCSale/txt_AL2' is present

2020-12-24 01:11:29 - [MESSAGE][PASSED] - Text '' is set on object 'Object Repository/VLink/Page_CCSale/txt_AL2'

2020-12-24 01:11:30 - [MESSAGE][PASSED] - Object 'Object Repository/VLink/Page_CCSale/txt_CardCity' is present

2020-12-24 01:11:30 - [MESSAGE][PASSED] - Text '' is set on object 'Object Repository/VLink/Page_CCSale/txt_CardCity'

2020-12-24 01:11:31 - [MESSAGE][PASSED] - Object 'Object Repository/VLink/Page_CCSale/txt_CardState' is present

2020-12-24 01:11:31 - [MESSAGE][PASSED] - Text '' is set on object 'Object Repository/VLink/Page_CCSale/txt_CardState'

2020-12-24 01:11:32 - [MESSAGE][PASSED] - Object 'Object Repository/VLink/Page_CCSale/txt_CardZIP' is present

2020-12-24 01:11:32 - [MESSAGE][PASSED] - Text '21114' is set on object 'Object Repository/VLink/Page_CCSale/txt_CardZIP'

2020-12-24 01:11:33 - [MESSAGE][PASSED] - Object 'Object Repository/VLink/Page_CCSale/txt_CountryID' is present

2020-12-24 01:11:33 - [MESSAGE][PASSED] - Text '' is set on object 'Object Repository/VLink/Page_CCSale/txt_CountryID'

2020-12-24 01:11:34 - [MESSAGE][PASSED] - Object 'Object Repository/VLink/Page_CCSale/txt_Amount' is present

2020-12-24 01:11:34 - [MESSAGE][PASSED] - Text '3.50' is set on object 'Object Repository/VLink/Page_CCSale/txt_Amount'

2020-12-24 01:11:35 - [MESSAGE][PASSED] - Object 'Object Repository/VLink/Page_CCSale/txt_CardNumber' is present

2020-12-24 01:11:35 - [MESSAGE][PASSED] - Text '4111111111111111' is set on object 'Object Repository/VLink/Page_CCSale/txt_CardNumber'

2020-12-24 01:11:36 - [MESSAGE][PASSED] - Object 'Object Repository/VLink/Page_CCSale/txt_ExpMonth' is present

2020-12-24 01:11:36 - [MESSAGE][PASSED] - Text '01' is set on object 'Object Repository/VLink/Page_CCSale/txt_ExpMonth'

2020-12-24 01:11:37 - [MESSAGE][PASSED] - Object 'Object Repository/VLink/Page_CCSale/txt_ExpYear' is present

2020-12-24 01:11:37 - [MESSAGE][PASSED] - Text '2026' is set on object 'Object Repository/VLink/Page_CCSale/txt_ExpYear'

2020-12-24 01:11:38 - [MESSAGE][PASSED] - Object 'Object Repository/VLink/Page_CCSale/txt_CVV' is present

2020-12-24 01:11:38 - [MESSAGE][PASSED] - Text '' is set on object 'Object Repository/VLink/Page_CCSale/txt_CVV'

2020-12-24 01:11:38 - [MESSAGE][PASSED] - Object 'Object Repository/VLink/Page_CCSale/txt_CVVstate' is present

2020-12-24 01:11:39 - [MESSAGE][PASSED] - Text '' is set on object 'Object Repository/VLink/Page_CCSale/txt_CVVstate'

2020-12-24 01:11:39 - [MESSAGE][PASSED] - Object 'Object Repository/VLink/Page_CCSale/txt_TrackData' is present

2020-12-24 01:11:40 - [MESSAGE][PASSED] - Text '' is set on object 'Object Repository/VLink/Page_CCSale/txt_TrackData'

2020-12-24 01:11:40 - [MESSAGE][PASSED] - Object 'Object Repository/VLink/Page_CCSale/txt_Track1Data' is present

2020-12-24 01:11:41 - [MESSAGE][PASSED] - Text '' is set on object 'Object Repository/VLink/Page_CCSale/txt_Track1Data'

2020-12-24 01:11:41 - [MESSAGE][PASSED] - Object 'Object Repository/VLink/Page_CCSale/txt_Track2Data' is present

2020-12-24 01:11:42 - [MESSAGE][PASSED] - Text '' is set on object 'Object Repository/VLink/Page_CCSale/txt_Track2Data'

2020-12-24 01:11:42 - [MESSAGE][PASSED] - Object 'Object Repository/VLink/Page_CCSale/txt_POSEntryMode' is present

2020-12-24 01:11:43 - [MESSAGE][PASSED] - Text '' is set on object 'Object Repository/VLink/Page_CCSale/txt_POSEntryMode'

2020-12-24 01:11:43 - [MESSAGE][PASSED] - Object 'Object Repository/VLink/Page_CCSale/txt_Email' is present

2020-12-24 01:11:44 - [MESSAGE][PASSED] - Text '' is set on object 'Object Repository/VLink/Page_CCSale/txt_Email'

2020-12-24 01:11:44 - [MESSAGE][PASSED] - Object 'Object Repository/VLink/Page_CCSale/txt_OrderNumber' is present

2020-12-24 01:11:45 - [MESSAGE][PASSED] - Text '' is set on object 'Object Repository/VLink/Page_CCSale/txt_OrderNumber'

2020-12-24 01:11:45 - [MESSAGE][PASSED] - Object 'Object Repository/VLink/Page_CCSale/txt_TaxAmount' is present

2020-12-24 01:11:46 - [MESSAGE][PASSED] - Text '' is set on object 'Object Repository/VLink/Page_CCSale/txt_TaxAmount'

2020-12-24 01:11:46 - [MESSAGE][PASSED] - Object 'Object Repository/VLink/Page_CCSale/txt_ChargeDescription' is present

2020-12-24 01:11:47 - [MESSAGE][PASSED] - Text '' is set on object 'Object Repository/VLink/Page_CCSale/txt_ChargeDescription'

2020-12-24 01:11:47 - [MESSAGE][PASSED] - Object 'Object Repository/VLink/Page_CCSale/txt_CAN' is present

2020-12-24 01:11:48 - [MESSAGE][PASSED] - Text '' is set on object 'Object Repository/VLink/Page_CCSale/txt_CAN'

2020-12-24 01:11:48 - [MESSAGE][PASSED] - Object 'Object Repository/VLink/Page_CCSale/txt_BillPaymentIndicator' is present

2020-12-24 01:11:49 - [MESSAGE][PASSED] - Text '' is set on object 'Object Repository/VLink/Page_CCSale/txt_BillPaymentIndicator'

2020-12-24 01:11:49 - [MESSAGE][PASSED] - Object 'Object Repository/VLink/Page_CCSale/txt_UDF1' is present

2020-12-24 01:11:50 - [MESSAGE][PASSED] - Text '' is set on object 'Object Repository/VLink/Page_CCSale/txt_UDF1'

2020-12-24 01:11:50 - [MESSAGE][PASSED] - Object 'Object Repository/VLink/Page_CCSale/txt_UDF2' is present

2020-12-24 01:11:51 - [MESSAGE][PASSED] - Text '' is set on object 'Object Repository/VLink/Page_CCSale/txt_UDF2'

2020-12-24 01:11:51 - [MESSAGE][PASSED] - Object 'Object Repository/VLink/Page_CCSale/txt_UDF3' is present

2020-12-24 01:11:52 - [MESSAGE][PASSED] - Text '' is set on object 'Object Repository/VLink/Page_CCSale/txt_UDF3'

2020-12-24 01:11:52 - [MESSAGE][PASSED] - Object 'Object Repository/VLink/Page_CCSale/txt_UDF4' is present

2020-12-24 01:11:53 - [MESSAGE][PASSED] - Text '' is set on object 'Object Repository/VLink/Page_CCSale/txt_UDF4'

2020-12-24 01:11:53 - [MESSAGE][PASSED] - Object 'Object Repository/VLink/Page_CCSale/txt_UDF5' is present

2020-12-24 01:11:54 - [MESSAGE][PASSED] - Text '' is set on object 'Object Repository/VLink/Page_CCSale/txt_UDF5'

2020-12-24 01:11:54 - [MESSAGE][PASSED] - Object 'Object Repository/VLink/Page_CCSale/txt_UDF6' is present

2020-12-24 01:11:55 - [MESSAGE][PASSED] - Text '' is set on object 'Object Repository/VLink/Page_CCSale/txt_UDF6'

2020-12-24 01:11:55 - [MESSAGE][PASSED] - Object 'Object Repository/VLink/Page_CCSale/txt_UDF7' is present

2020-12-24 01:11:56 - [MESSAGE][PASSED] - Text '' is set on object 'Object Repository/VLink/Page_CCSale/txt_UDF7'

2020-12-24 01:11:56 - [MESSAGE][PASSED] - Object 'Object Repository/VLink/Page_CCSale/txt_UDF8' is present

2020-12-24 01:11:57 - [MESSAGE][PASSED] - Text '' is set on object 'Object Repository/VLink/Page_CCSale/txt_UDF8'

2020-12-24 01:11:57 - [MESSAGE][PASSED] - Object 'Object Repository/VLink/Page_CCSale/txt_UDF9' is present

2020-12-24 01:11:58 - [MESSAGE][PASSED] - Text '' is set on object 'Object Repository/VLink/Page_CCSale/txt_UDF9'

2020-12-24 01:11:58 - [MESSAGE][PASSED] - Object 'Object Repository/VLink/Page_CCSale/txt_UDF10' is present

2020-12-24 01:11:59 - [MESSAGE][PASSED] - Text '' is set on object 'Object Repository/VLink/Page_CCSale/txt_UDF10'

2020-12-24 01:11:59 - [MESSAGE][PASSED] - Object 'Object Repository/VLink/Page_CCSale/txt_CardOnFileIndicator' is present

2020-12-24 01:12:00 - [MESSAGE][PASSED] - Text '' is set on object 'Object Repository/VLink/Page_CCSale/txt_CardOnFileIndicator'

2020-12-24 01:12:00 - [MESSAGE][PASSED] - Object 'Object Repository/VLink/Page_CCSale/txt_StoredCredentialIndicator' is present

2020-12-24 01:12:01 - [MESSAGE][PASSED] - Text '' is set on object 'Object Repository/VLink/Page_CCSale/txt_StoredCredentialIndicator'

2020-12-24 01:12:01 - [MESSAGE][PASSED] - Object 'Object Repository/VLink/Page_CCSale/txt_COFScheduledIndicator' is present

2020-12-24 01:12:02 - [MESSAGE][PASSED] - Text '' is set on object 'Object Repository/VLink/Page_CCSale/txt_COFScheduledIndicator'

2020-12-24 01:12:02 - [MESSAGE][PASSED] - Object 'Object Repository/VLink/Page_CCSale/txt_COFTransactionInitiatedBy' is present

2020-12-24 01:12:03 - [MESSAGE][PASSED] - Text '' is set on object 'Object Repository/VLink/Page_CCSale/txt_COFTransactionInitiatedBy'

2020-12-24 01:12:07 - [MESSAGE][PASSED] - Object: 'Object Repository/VLink/Page_CCSale/btn_ProcessVLinkTransaction' is clicked on

2020-12-24 01:12:12 - [MESSAGE][PASSED] - vlinkPages.saleCCPage.setDataSCC is PASSED

2020-12-24 01:12:12 - [TEST_STEP][PASSED] - if (verifyTextPresent("Transaction approved, no errors", true)): null

2020-12-24 01:12:12 - [MESSAGE][PASSED] - Text 'Transaction approved, no errors' is present on page  using regular expression

2020-12-24 01:12:12 - [TEST_STEP][PASSED] - println("Transaction Approved, no errors text is present on the Confirmation page"): null

2020-12-24 01:12:12 - [TEST_STEP][PASSED] - out.println("Pass Record Number: " + row): null

2020-12-24 01:12:12 - [TEST_STEP][PASSED] - resText = "Pass": null

2020-12-24 01:12:12 - [TEST_STEP][PASSED] - pages.WriteExcel.demoKey(resText, datText, resColumn, datCloumn, fileLoc, nameSheet, row): pages.WriteExcel.demoKey is PASSED

2020-12-24 01:12:12 - [MESSAGE][PASSED] - pages.WriteExcel.demoKey is PASSED

2020-12-24 01:12:12 - [TEST_STEP][PASSED] - sdfo = getText(findTestObject("Object Repository/Page_VLinkReceipt/pre_STX")): Text of object 'Object Repository/Page_VLinkReceipt/pre_STX' is: '<STX>btj1PfsMOG69                  12088154            0  Transaction approved, no errors                   0                                                                                  Y OK4148   <ETX>'

2020-12-24 01:12:12 - [MESSAGE][PASSED] - Text of object 'Object Repository/Page_VLinkReceipt/pre_STX' is: '<STX>btj1PfsMOG69                  12088154            0  Transaction approved, no errors                   0                                                                                  Y OK4148   <ETX>'

2020-12-24 01:12:12 - [TEST_STEP][PASSED] - out.println("sdfo: " + sdfo): null

2020-12-24 01:12:12 - [TEST_STEP][PASSED] - remID = substring(5, 35).trim(): null

2020-12-24 01:12:12 - [TEST_STEP][PASSED] - out.println("Remittance ID: " + remID): null

2020-12-24 01:12:12 - [TEST_STEP][PASSED] - traxID = substring(35, 55).trim(): null

2020-12-24 01:12:12 - [TEST_STEP][PASSED] - out.println("Transaction ID: " + traxID): null

2020-12-24 01:12:12 - [TEST_STEP][PASSED] - out.println("End Record Number: " + row): null

2020-12-24 01:12:12 - [TEST_STEP][PASSED] - closeBrowser(): Browser is closed

2020-12-24 01:12:13 - [MESSAGE][PASSED] - Browser is closed

2020-12-24 01:12:13 - [TEST_STEP][PASSED] - out.println("Begin Record Number: " + row): null

2020-12-24 01:12:13 - [TEST_STEP][PASSED] - today = new java.util.Date(): null

2020-12-24 01:12:13 - [TEST_STEP][PASSED] - println(today): null

2020-12-24 01:12:13 - [TEST_STEP][PASSED] - datText = today: null

2020-12-24 01:12:13 - [TEST_STEP][PASSED] - openBrowser(VLinkURL + "authcap.html"): Browser is opened with url: 'https://dev-algorithm.govolution.com/vlinktest/QA/version_2_0/authcap.html'

2020-12-24 01:12:13 - [MESSAGE][INFO] - Starting 'Chrome' driver

2020-12-24 01:12:13 - [MESSAGE][INFO] - User set preference: ['acceptInsecureCerts', 'true']

2020-12-24 01:12:13 - [MESSAGE][INFO] - Action delay is set to 0 milliseconds

2020-12-24 01:12:17 - [MESSAGE][PASSED] - Browser is opened with url: 'https://dev-algorithm.govolution.com/vlinktest/QA/version_2_0/authcap.html'

2020-12-24 01:12:17 - [TEST_STEP][PASSED] - maximizeWindow(): Current window maximized

2020-12-24 01:12:17 - [MESSAGE][PASSED] - Current window maximized

2020-12-24 01:12:17 - [TEST_STEP][PASSED] - vlinkPages.saleCCPage.setDataSCC(row, dataFile): vlinkPages.saleCCPage.setDataSCC is PASSED

2020-12-24 01:12:19 - [MESSAGE][PASSED] - Object 'Object Repository/VLink/Page_CCSale/txt_CardNumber' is present

2020-12-24 01:12:20 - [MESSAGE][PASSED] - Object 'Object Repository/VLink/Page_CCSale/txt_TransactionType' is present

2020-12-24 01:12:20 - [MESSAGE][PASSED] - Text '104' is set on object 'Object Repository/VLink/Page_CCSale/txt_TransactionType'

2020-12-24 01:12:21 - [MESSAGE][PASSED] - Object 'Object Repository/VLink/Page_CCSale/txt_MessageVersion' is present

2020-12-24 01:12:21 - [MESSAGE][PASSED] - Text '2.0C' is set on object 'Object Repository/VLink/Page_CCSale/txt_MessageVersion'

2020-12-24 01:12:22 - [MESSAGE][PASSED] - Object 'Object Repository/VLink/Page_CCSale/txt_RemID' is present

2020-12-24 01:12:22 - [MESSAGE][PASSED] - Text 'kgQ27TZIb18C' is set on object 'Object Repository/VLink/Page_CCSale/txt_RemID'

2020-12-24 01:12:23 - [MESSAGE][PASSED] - Object 'Object Repository/VLink/Page_CCSale/txt_ApplicationId' is present

2020-12-24 01:12:23 - [MESSAGE][PASSED] - Text '665' is set on object 'Object Repository/VLink/Page_CCSale/txt_ApplicationId'

2020-12-24 01:12:24 - [MESSAGE][PASSED] - Object 'Object Repository/VLink/Page_CCSale/txt_Username' is present

2020-12-24 01:12:24 - [MESSAGE][PASSED] - Text 'username' is set on object 'Object Repository/VLink/Page_CCSale/txt_Username'

2020-12-24 01:12:25 - [MESSAGE][PASSED] - Object 'Object Repository/VLink/Page_CCSale/txt_Password' is present

2020-12-24 01:12:25 - [MESSAGE][PASSED] - Text 'password' is set on object 'Object Repository/VLink/Page_CCSale/txt_Password'

2020-12-24 01:12:25 - [MESSAGE][PASSED] - Object 'Object Repository/VLink/Page_CCSale/txt_ResponseFormat' is present

2020-12-24 01:12:26 - [MESSAGE][PASSED] - Text 'fixed_width' is set on object 'Object Repository/VLink/Page_CCSale/txt_ResponseFormat'

2020-12-24 01:12:26 - [MESSAGE][PASSED] - Object 'Object Repository/VLink/Page_CCSale/txt_Category' is present

2020-12-24 01:12:27 - [MESSAGE][PASSED] - Text 'RETL' is set on object 'Object Repository/VLink/Page_CCSale/txt_Category'

2020-12-24 01:12:27 - [MESSAGE][PASSED] - Object 'Object Repository/VLink/Page_CCSale/txt_TransactionID' is present

2020-12-24 01:12:28 - [MESSAGE][PASSED] - Text '' is set on object 'Object Repository/VLink/Page_CCSale/txt_TransactionID'

2020-12-24 01:12:28 - [MESSAGE][PASSED] - Object 'Object Repository/VLink/Page_CCSale/txt_ApprovalCode' is present

2020-12-24 01:12:29 - [MESSAGE][PASSED] - Text '' is set on object 'Object Repository/VLink/Page_CCSale/txt_ApprovalCode'

2020-12-24 01:12:29 - [MESSAGE][PASSED] - Object 'Object Repository/VLink/Page_CCSale/txt_CardName' is present

2020-12-24 01:12:30 - [MESSAGE][PASSED] - Text '' is set on object 'Object Repository/VLink/Page_CCSale/txt_CardName'

2020-12-24 01:12:30 - [MESSAGE][PASSED] - Object 'Object Repository/VLink/Page_CCSale/txt_AL1' is present

2020-12-24 01:12:31 - [MESSAGE][PASSED] - Text '' is set on object 'Object Repository/VLink/Page_CCSale/txt_AL1'

2020-12-24 01:12:31 - [MESSAGE][PASSED] - Object 'Object Repository/VLink/Page_CCSale/txt_AL2' is present

2020-12-24 01:12:31 - [MESSAGE][PASSED] - Text '' is set on object 'Object Repository/VLink/Page_CCSale/txt_AL2'

2020-12-24 01:12:32 - [MESSAGE][PASSED] - Object 'Object Repository/VLink/Page_CCSale/txt_CardCity' is present

2020-12-24 01:12:32 - [MESSAGE][PASSED] - Text '' is set on object 'Object Repository/VLink/Page_CCSale/txt_CardCity'

2020-12-24 01:12:33 - [MESSAGE][PASSED] - Object 'Object Repository/VLink/Page_CCSale/txt_CardState' is present

2020-12-24 01:12:33 - [MESSAGE][PASSED] - Text '' is set on object 'Object Repository/VLink/Page_CCSale/txt_CardState'

2020-12-24 01:12:34 - [MESSAGE][PASSED] - Object 'Object Repository/VLink/Page_CCSale/txt_CardZIP' is present

2020-12-24 01:12:34 - [MESSAGE][PASSED] - Text '' is set on object 'Object Repository/VLink/Page_CCSale/txt_CardZIP'

2020-12-24 01:12:35 - [MESSAGE][PASSED] - Object 'Object Repository/VLink/Page_CCSale/txt_CountryID' is present

2020-12-24 01:12:35 - [MESSAGE][PASSED] - Text '' is set on object 'Object Repository/VLink/Page_CCSale/txt_CountryID'

2020-12-24 01:12:36 - [MESSAGE][PASSED] - Object 'Object Repository/VLink/Page_CCSale/txt_Amount' is present

2020-12-24 01:12:36 - [MESSAGE][PASSED] - Text '1.50' is set on object 'Object Repository/VLink/Page_CCSale/txt_Amount'

2020-12-24 01:12:37 - [MESSAGE][PASSED] - Object 'Object Repository/VLink/Page_CCSale/txt_CardNumber' is present

2020-12-24 01:12:37 - [MESSAGE][PASSED] - Text '' is set on object 'Object Repository/VLink/Page_CCSale/txt_CardNumber'

2020-12-24 01:12:38 - [MESSAGE][PASSED] - Object 'Object Repository/VLink/Page_CCSale/txt_ExpMonth' is present

2020-12-24 01:12:38 - [MESSAGE][PASSED] - Text '' is set on object 'Object Repository/VLink/Page_CCSale/txt_ExpMonth'

2020-12-24 01:12:39 - [MESSAGE][PASSED] - Object 'Object Repository/VLink/Page_CCSale/txt_ExpYear' is present

2020-12-24 01:12:39 - [MESSAGE][PASSED] - Text '' is set on object 'Object Repository/VLink/Page_CCSale/txt_ExpYear'

2020-12-24 01:12:40 - [MESSAGE][PASSED] - Object 'Object Repository/VLink/Page_CCSale/txt_CVV' is present

2020-12-24 01:12:40 - [MESSAGE][PASSED] - Text '' is set on object 'Object Repository/VLink/Page_CCSale/txt_CVV'

2020-12-24 01:12:41 - [MESSAGE][PASSED] - Object 'Object Repository/VLink/Page_CCSale/txt_CVVstate' is present

2020-12-24 01:12:41 - [MESSAGE][PASSED] - Text '' is set on object 'Object Repository/VLink/Page_CCSale/txt_CVVstate'

2020-12-24 01:12:42 - [MESSAGE][PASSED] - Object 'Object Repository/VLink/Page_CCSale/txt_TrackData' is present

2020-12-24 01:12:43 - [MESSAGE][PASSED] - Text '%B5567080011582646^AHMED/IMTIAZ              ^2303201090200000000000354000015?;5567080011582646=23032010902035400015?' is set on object 'Object Repository/VLink/Page_CCSale/txt_TrackData'

2020-12-24 01:12:43 - [MESSAGE][PASSED] - Object 'Object Repository/VLink/Page_CCSale/txt_Track1Data' is present

2020-12-24 01:12:43 - [MESSAGE][PASSED] - Text '' is set on object 'Object Repository/VLink/Page_CCSale/txt_Track1Data'

2020-12-24 01:12:44 - [MESSAGE][PASSED] - Object 'Object Repository/VLink/Page_CCSale/txt_Track2Data' is present

2020-12-24 01:12:44 - [MESSAGE][PASSED] - Text '' is set on object 'Object Repository/VLink/Page_CCSale/txt_Track2Data'

2020-12-24 01:12:45 - [MESSAGE][PASSED] - Object 'Object Repository/VLink/Page_CCSale/txt_POSEntryMode' is present

2020-12-24 01:12:45 - [MESSAGE][PASSED] - Text '' is set on object 'Object Repository/VLink/Page_CCSale/txt_POSEntryMode'

2020-12-24 01:12:46 - [MESSAGE][PASSED] - Object 'Object Repository/VLink/Page_CCSale/txt_Email' is present

2020-12-24 01:12:46 - [MESSAGE][PASSED] - Text '' is set on object 'Object Repository/VLink/Page_CCSale/txt_Email'

2020-12-24 01:12:47 - [MESSAGE][PASSED] - Object 'Object Repository/VLink/Page_CCSale/txt_OrderNumber' is present

2020-12-24 01:12:47 - [MESSAGE][PASSED] - Text '' is set on object 'Object Repository/VLink/Page_CCSale/txt_OrderNumber'

2020-12-24 01:12:48 - [MESSAGE][PASSED] - Object 'Object Repository/VLink/Page_CCSale/txt_TaxAmount' is present

2020-12-24 01:12:48 - [MESSAGE][PASSED] - Text '' is set on object 'Object Repository/VLink/Page_CCSale/txt_TaxAmount'

2020-12-24 01:12:49 - [MESSAGE][PASSED] - Object 'Object Repository/VLink/Page_CCSale/txt_ChargeDescription' is present

2020-12-24 01:12:50 - [MESSAGE][PASSED] - Text '' is set on object 'Object Repository/VLink/Page_CCSale/txt_ChargeDescription'

2020-12-24 01:12:50 - [MESSAGE][PASSED] - Object 'Object Repository/VLink/Page_CCSale/txt_CAN' is present

2020-12-24 01:12:51 - [MESSAGE][PASSED] - Text '' is set on object 'Object Repository/VLink/Page_CCSale/txt_CAN'

2020-12-24 01:12:51 - [MESSAGE][PASSED] - Object 'Object Repository/VLink/Page_CCSale/txt_BillPaymentIndicator' is present

2020-12-24 01:12:52 - [MESSAGE][PASSED] - Text '' is set on object 'Object Repository/VLink/Page_CCSale/txt_BillPaymentIndicator'

2020-12-24 01:12:52 - [MESSAGE][PASSED] - Object 'Object Repository/VLink/Page_CCSale/txt_UDF1' is present

2020-12-24 01:12:53 - [MESSAGE][PASSED] - Text '' is set on object 'Object Repository/VLink/Page_CCSale/txt_UDF1'

2020-12-24 01:12:53 - [MESSAGE][PASSED] - Object 'Object Repository/VLink/Page_CCSale/txt_UDF2' is present

2020-12-24 01:12:54 - [MESSAGE][PASSED] - Text '' is set on object 'Object Repository/VLink/Page_CCSale/txt_UDF2'

2020-12-24 01:12:54 - [MESSAGE][PASSED] - Object 'Object Repository/VLink/Page_CCSale/txt_UDF3' is present

2020-12-24 01:12:55 - [MESSAGE][PASSED] - Text '' is set on object 'Object Repository/VLink/Page_CCSale/txt_UDF3'

2020-12-24 01:12:55 - [MESSAGE][PASSED] - Object 'Object Repository/VLink/Page_CCSale/txt_UDF4' is present

2020-12-24 01:12:55 - [MESSAGE][PASSED] - Text '' is set on object 'Object Repository/VLink/Page_CCSale/txt_UDF4'

2020-12-24 01:12:56 - [MESSAGE][PASSED] - Object 'Object Repository/VLink/Page_CCSale/txt_UDF5' is present

2020-12-24 01:12:56 - [MESSAGE][PASSED] - Text '' is set on object 'Object Repository/VLink/Page_CCSale/txt_UDF5'

2020-12-24 01:12:57 - [MESSAGE][PASSED] - Object 'Object Repository/VLink/Page_CCSale/txt_UDF6' is present

2020-12-24 01:12:57 - [MESSAGE][PASSED] - Text '' is set on object 'Object Repository/VLink/Page_CCSale/txt_UDF6'

2020-12-24 01:12:58 - [MESSAGE][PASSED] - Object 'Object Repository/VLink/Page_CCSale/txt_UDF7' is present

2020-12-24 01:12:58 - [MESSAGE][PASSED] - Text '' is set on object 'Object Repository/VLink/Page_CCSale/txt_UDF7'

2020-12-24 01:12:59 - [MESSAGE][PASSED] - Object 'Object Repository/VLink/Page_CCSale/txt_UDF8' is present

2020-12-24 01:12:59 - [MESSAGE][PASSED] - Text '' is set on object 'Object Repository/VLink/Page_CCSale/txt_UDF8'

2020-12-24 01:13:00 - [MESSAGE][PASSED] - Object 'Object Repository/VLink/Page_CCSale/txt_UDF9' is present

2020-12-24 01:13:00 - [MESSAGE][PASSED] - Text '' is set on object 'Object Repository/VLink/Page_CCSale/txt_UDF9'

2020-12-24 01:13:01 - [MESSAGE][PASSED] - Object 'Object Repository/VLink/Page_CCSale/txt_UDF10' is present

2020-12-24 01:13:01 - [MESSAGE][PASSED] - Text '' is set on object 'Object Repository/VLink/Page_CCSale/txt_UDF10'

2020-12-24 01:13:02 - [MESSAGE][PASSED] - Object 'Object Repository/VLink/Page_CCSale/txt_CardOnFileIndicator' is present

2020-12-24 01:13:02 - [MESSAGE][PASSED] - Text '' is set on object 'Object Repository/VLink/Page_CCSale/txt_CardOnFileIndicator'

2020-12-24 01:13:03 - [MESSAGE][PASSED] - Object 'Object Repository/VLink/Page_CCSale/txt_StoredCredentialIndicator' is present

2020-12-24 01:13:03 - [MESSAGE][PASSED] - Text '' is set on object 'Object Repository/VLink/Page_CCSale/txt_StoredCredentialIndicator'

2020-12-24 01:13:04 - [MESSAGE][PASSED] - Object 'Object Repository/VLink/Page_CCSale/txt_COFScheduledIndicator' is present

2020-12-24 01:13:04 - [MESSAGE][PASSED] - Text '' is set on object 'Object Repository/VLink/Page_CCSale/txt_COFScheduledIndicator'

2020-12-24 01:13:05 - [MESSAGE][PASSED] - Object 'Object Repository/VLink/Page_CCSale/txt_COFTransactionInitiatedBy' is present

2020-12-24 01:13:05 - [MESSAGE][PASSED] - Text '' is set on object 'Object Repository/VLink/Page_CCSale/txt_COFTransactionInitiatedBy'

2020-12-24 01:13:08 - [MESSAGE][PASSED] - Object: 'Object Repository/VLink/Page_CCSale/btn_ProcessVLinkTransaction' is clicked on

2020-12-24 01:13:13 - [MESSAGE][PASSED] - vlinkPages.saleCCPage.setDataSCC is PASSED

2020-12-24 01:13:13 - [TEST_STEP][PASSED] - if (verifyTextPresent("Transaction approved, no errors", true)): null

2020-12-24 01:13:13 - [MESSAGE][PASSED] - Text 'Transaction approved, no errors' is present on page  using regular expression

2020-12-24 01:13:13 - [TEST_STEP][PASSED] - println("Transaction Approved, no errors text is present on the Confirmation page"): null

2020-12-24 01:13:13 - [TEST_STEP][PASSED] - out.println("Pass Record Number: " + row): null

2020-12-24 01:13:13 - [TEST_STEP][PASSED] - resText = "Pass": null

2020-12-24 01:13:13 - [TEST_STEP][PASSED] - pages.WriteExcel.demoKey(resText, datText, resColumn, datCloumn, fileLoc, nameSheet, row): pages.WriteExcel.demoKey is PASSED

2020-12-24 01:13:13 - [MESSAGE][PASSED] - pages.WriteExcel.demoKey is PASSED

2020-12-24 01:13:13 - [TEST_STEP][PASSED] - sdfo = getText(findTestObject("Object Repository/Page_VLinkReceipt/pre_STX")): Text of object 'Object Repository/Page_VLinkReceipt/pre_STX' is: '<STX>kgQ27TZIb18C                  12088155            0  Transaction approved, no errors                   0                                                                                  R OK9480   <ETX>'

2020-12-24 01:13:14 - [MESSAGE][PASSED] - Text of object 'Object Repository/Page_VLinkReceipt/pre_STX' is: '<STX>kgQ27TZIb18C                  12088155            0  Transaction approved, no errors                   0                                                                                  R OK9480   <ETX>'

2020-12-24 01:13:14 - [TEST_STEP][PASSED] - out.println("sdfo: " + sdfo): null

2020-12-24 01:13:14 - [TEST_STEP][PASSED] - remID = substring(5, 35).trim(): null

2020-12-24 01:13:14 - [TEST_STEP][PASSED] - out.println("Remittance ID: " + remID): null

2020-12-24 01:13:14 - [TEST_STEP][PASSED] - traxID = substring(35, 55).trim(): null

2020-12-24 01:13:14 - [TEST_STEP][PASSED] - out.println("Transaction ID: " + traxID): null

2020-12-24 01:13:14 - [TEST_STEP][PASSED] - out.println("End Record Number: " + row): null

2020-12-24 01:13:14 - [TEST_STEP][PASSED] - closeBrowser(): Browser is closed

2020-12-24 01:13:14 - [MESSAGE][PASSED] - Browser is closed

2020-12-24 01:13:14 - [TEST_STEP][PASSED] - out.println("Begin Record Number: " + row): null

2020-12-24 01:13:14 - [TEST_STEP][PASSED] - today = new java.util.Date(): null

2020-12-24 01:13:14 - [TEST_STEP][PASSED] - println(today): null

2020-12-24 01:13:14 - [TEST_STEP][PASSED] - datText = today: null

2020-12-24 01:13:14 - [TEST_STEP][PASSED] - openBrowser(VLinkURL + "authcap.html"): Browser is opened with url: 'https://dev-algorithm.govolution.com/vlinktest/QA/version_2_0/authcap.html'

2020-12-24 01:13:14 - [MESSAGE][INFO] - Starting 'Chrome' driver

2020-12-24 01:13:14 - [MESSAGE][INFO] - User set preference: ['acceptInsecureCerts', 'true']

2020-12-24 01:13:14 - [MESSAGE][INFO] - Action delay is set to 0 milliseconds

2020-12-24 01:13:18 - [MESSAGE][PASSED] - Browser is opened with url: 'https://dev-algorithm.govolution.com/vlinktest/QA/version_2_0/authcap.html'

2020-12-24 01:13:18 - [TEST_STEP][PASSED] - maximizeWindow(): Current window maximized

2020-12-24 01:13:18 - [MESSAGE][PASSED] - Current window maximized

2020-12-24 01:13:18 - [TEST_STEP][PASSED] - vlinkPages.saleCCPage.setDataSCC(row, dataFile): vlinkPages.saleCCPage.setDataSCC is PASSED

2020-12-24 01:13:20 - [MESSAGE][PASSED] - Object 'Object Repository/VLink/Page_CCSale/txt_CardNumber' is present

2020-12-24 01:13:20 - [MESSAGE][PASSED] - Object 'Object Repository/VLink/Page_CCSale/txt_TransactionType' is present

2020-12-24 01:13:21 - [MESSAGE][PASSED] - Text '104' is set on object 'Object Repository/VLink/Page_CCSale/txt_TransactionType'

2020-12-24 01:13:21 - [MESSAGE][PASSED] - Object 'Object Repository/VLink/Page_CCSale/txt_MessageVersion' is present

2020-12-24 01:13:22 - [MESSAGE][PASSED] - Text '2.0C' is set on object 'Object Repository/VLink/Page_CCSale/txt_MessageVersion'

2020-12-24 01:13:22 - [MESSAGE][PASSED] - Object 'Object Repository/VLink/Page_CCSale/txt_RemID' is present

2020-12-24 01:13:23 - [MESSAGE][PASSED] - Text 'B78JvGqsL4zQ' is set on object 'Object Repository/VLink/Page_CCSale/txt_RemID'

2020-12-24 01:13:23 - [MESSAGE][PASSED] - Object 'Object Repository/VLink/Page_CCSale/txt_ApplicationId' is present

2020-12-24 01:13:24 - [MESSAGE][PASSED] - Text '665' is set on object 'Object Repository/VLink/Page_CCSale/txt_ApplicationId'

2020-12-24 01:13:24 - [MESSAGE][PASSED] - Object 'Object Repository/VLink/Page_CCSale/txt_Username' is present

2020-12-24 01:13:25 - [MESSAGE][PASSED] - Text 'username' is set on object 'Object Repository/VLink/Page_CCSale/txt_Username'

2020-12-24 01:13:25 - [MESSAGE][PASSED] - Object 'Object Repository/VLink/Page_CCSale/txt_Password' is present

2020-12-24 01:13:26 - [MESSAGE][PASSED] - Text 'password' is set on object 'Object Repository/VLink/Page_CCSale/txt_Password'

2020-12-24 01:13:26 - [MESSAGE][PASSED] - Object 'Object Repository/VLink/Page_CCSale/txt_ResponseFormat' is present

2020-12-24 01:13:26 - [MESSAGE][PASSED] - Text 'fixed_width' is set on object 'Object Repository/VLink/Page_CCSale/txt_ResponseFormat'

2020-12-24 01:13:27 - [MESSAGE][PASSED] - Object 'Object Repository/VLink/Page_CCSale/txt_Category' is present

2020-12-24 01:13:27 - [MESSAGE][PASSED] - Text 'RETL' is set on object 'Object Repository/VLink/Page_CCSale/txt_Category'

2020-12-24 01:13:28 - [MESSAGE][PASSED] - Object 'Object Repository/VLink/Page_CCSale/txt_TransactionID' is present

2020-12-24 01:13:28 - [MESSAGE][PASSED] - Text '' is set on object 'Object Repository/VLink/Page_CCSale/txt_TransactionID'

2020-12-24 01:13:29 - [MESSAGE][PASSED] - Object 'Object Repository/VLink/Page_CCSale/txt_ApprovalCode' is present

2020-12-24 01:13:29 - [MESSAGE][PASSED] - Text '' is set on object 'Object Repository/VLink/Page_CCSale/txt_ApprovalCode'

2020-12-24 01:13:29 - [MESSAGE][PASSED] - Object 'Object Repository/VLink/Page_CCSale/txt_CardName' is present

2020-12-24 01:13:30 - [MESSAGE][PASSED] - Text '' is set on object 'Object Repository/VLink/Page_CCSale/txt_CardName'

2020-12-24 01:13:30 - [MESSAGE][PASSED] - Object 'Object Repository/VLink/Page_CCSale/txt_AL1' is present

2020-12-24 01:13:31 - [MESSAGE][PASSED] - Text '' is set on object 'Object Repository/VLink/Page_CCSale/txt_AL1'

2020-12-24 01:13:31 - [MESSAGE][PASSED] - Object 'Object Repository/VLink/Page_CCSale/txt_AL2' is present

2020-12-24 01:13:32 - [MESSAGE][PASSED] - Text '' is set on object 'Object Repository/VLink/Page_CCSale/txt_AL2'

2020-12-24 01:13:32 - [MESSAGE][PASSED] - Object 'Object Repository/VLink/Page_CCSale/txt_CardCity' is present

2020-12-24 01:13:33 - [MESSAGE][PASSED] - Text '' is set on object 'Object Repository/VLink/Page_CCSale/txt_CardCity'

2020-12-24 01:13:33 - [MESSAGE][PASSED] - Object 'Object Repository/VLink/Page_CCSale/txt_CardState' is present

2020-12-24 01:13:34 - [MESSAGE][PASSED] - Text '' is set on object 'Object Repository/VLink/Page_CCSale/txt_CardState'

2020-12-24 01:13:34 - [MESSAGE][PASSED] - Object 'Object Repository/VLink/Page_CCSale/txt_CardZIP' is present

2020-12-24 01:13:35 - [MESSAGE][PASSED] - Text '' is set on object 'Object Repository/VLink/Page_CCSale/txt_CardZIP'

2020-12-24 01:13:35 - [MESSAGE][PASSED] - Object 'Object Repository/VLink/Page_CCSale/txt_CountryID' is present

2020-12-24 01:13:36 - [MESSAGE][PASSED] - Text '' is set on object 'Object Repository/VLink/Page_CCSale/txt_CountryID'

2020-12-24 01:13:36 - [MESSAGE][PASSED] - Object 'Object Repository/VLink/Page_CCSale/txt_Amount' is present

2020-12-24 01:13:37 - [MESSAGE][PASSED] - Text '1.50' is set on object 'Object Repository/VLink/Page_CCSale/txt_Amount'

2020-12-24 01:13:37 - [MESSAGE][PASSED] - Object 'Object Repository/VLink/Page_CCSale/txt_CardNumber' is present

2020-12-24 01:13:38 - [MESSAGE][PASSED] - Text '' is set on object 'Object Repository/VLink/Page_CCSale/txt_CardNumber'

2020-12-24 01:13:38 - [MESSAGE][PASSED] - Object 'Object Repository/VLink/Page_CCSale/txt_ExpMonth' is present

2020-12-24 01:13:39 - [MESSAGE][PASSED] - Text '' is set on object 'Object Repository/VLink/Page_CCSale/txt_ExpMonth'

2020-12-24 01:13:39 - [MESSAGE][PASSED] - Object 'Object Repository/VLink/Page_CCSale/txt_ExpYear' is present

2020-12-24 01:13:40 - [MESSAGE][PASSED] - Text '' is set on object 'Object Repository/VLink/Page_CCSale/txt_ExpYear'

2020-12-24 01:13:40 - [MESSAGE][PASSED] - Object 'Object Repository/VLink/Page_CCSale/txt_CVV' is present

2020-12-24 01:13:41 - [MESSAGE][PASSED] - Text '' is set on object 'Object Repository/VLink/Page_CCSale/txt_CVV'

2020-12-24 01:13:41 - [MESSAGE][PASSED] - Object 'Object Repository/VLink/Page_CCSale/txt_CVVstate' is present

2020-12-24 01:13:42 - [MESSAGE][PASSED] - Text '' is set on object 'Object Repository/VLink/Page_CCSale/txt_CVVstate'

2020-12-24 01:13:42 - [MESSAGE][PASSED] - Object 'Object Repository/VLink/Page_CCSale/txt_TrackData' is present

2020-12-24 01:13:43 - [MESSAGE][PASSED] - Text '' is set on object 'Object Repository/VLink/Page_CCSale/txt_TrackData'

2020-12-24 01:13:43 - [MESSAGE][PASSED] - Object 'Object Repository/VLink/Page_CCSale/txt_Track1Data' is present

2020-12-24 01:13:44 - [MESSAGE][PASSED] - Text '%B5567080011582646^AHMED/IMTIAZ              ^2303201090200000000000354000015?' is set on object 'Object Repository/VLink/Page_CCSale/txt_Track1Data'

2020-12-24 01:13:44 - [MESSAGE][PASSED] - Object 'Object Repository/VLink/Page_CCSale/txt_Track2Data' is present

2020-12-24 01:13:45 - [MESSAGE][PASSED] - Text '' is set on object 'Object Repository/VLink/Page_CCSale/txt_Track2Data'

2020-12-24 01:13:45 - [MESSAGE][PASSED] - Object 'Object Repository/VLink/Page_CCSale/txt_POSEntryMode' is present

2020-12-24 01:13:46 - [MESSAGE][PASSED] - Text '' is set on object 'Object Repository/VLink/Page_CCSale/txt_POSEntryMode'

2020-12-24 01:13:46 - [MESSAGE][PASSED] - Object 'Object Repository/VLink/Page_CCSale/txt_Email' is present

2020-12-24 01:13:47 - [MESSAGE][PASSED] - Text '' is set on object 'Object Repository/VLink/Page_CCSale/txt_Email'

2020-12-24 01:13:47 - [MESSAGE][PASSED] - Object 'Object Repository/VLink/Page_CCSale/txt_OrderNumber' is present

2020-12-24 01:13:48 - [MESSAGE][PASSED] - Text '' is set on object 'Object Repository/VLink/Page_CCSale/txt_OrderNumber'

2020-12-24 01:13:48 - [MESSAGE][PASSED] - Object 'Object Repository/VLink/Page_CCSale/txt_TaxAmount' is present

2020-12-24 01:13:49 - [MESSAGE][PASSED] - Text '' is set on object 'Object Repository/VLink/Page_CCSale/txt_TaxAmount'

2020-12-24 01:13:49 - [MESSAGE][PASSED] - Object 'Object Repository/VLink/Page_CCSale/txt_ChargeDescription' is present

2020-12-24 01:13:50 - [MESSAGE][PASSED] - Text '' is set on object 'Object Repository/VLink/Page_CCSale/txt_ChargeDescription'

2020-12-24 01:13:50 - [MESSAGE][PASSED] - Object 'Object Repository/VLink/Page_CCSale/txt_CAN' is present

2020-12-24 01:13:51 - [MESSAGE][PASSED] - Text '' is set on object 'Object Repository/VLink/Page_CCSale/txt_CAN'

2020-12-24 01:13:51 - [MESSAGE][PASSED] - Object 'Object Repository/VLink/Page_CCSale/txt_BillPaymentIndicator' is present

2020-12-24 01:13:52 - [MESSAGE][PASSED] - Text '' is set on object 'Object Repository/VLink/Page_CCSale/txt_BillPaymentIndicator'

2020-12-24 01:13:52 - [MESSAGE][PASSED] - Object 'Object Repository/VLink/Page_CCSale/txt_UDF1' is present

2020-12-24 01:13:53 - [MESSAGE][PASSED] - Text '' is set on object 'Object Repository/VLink/Page_CCSale/txt_UDF1'

2020-12-24 01:13:53 - [MESSAGE][PASSED] - Object 'Object Repository/VLink/Page_CCSale/txt_UDF2' is present

2020-12-24 01:13:54 - [MESSAGE][PASSED] - Text '' is set on object 'Object Repository/VLink/Page_CCSale/txt_UDF2'

2020-12-24 01:13:54 - [MESSAGE][PASSED] - Object 'Object Repository/VLink/Page_CCSale/txt_UDF3' is present

2020-12-24 01:13:55 - [MESSAGE][PASSED] - Text '' is set on object 'Object Repository/VLink/Page_CCSale/txt_UDF3'

2020-12-24 01:13:55 - [MESSAGE][PASSED] - Object 'Object Repository/VLink/Page_CCSale/txt_UDF4' is present

2020-12-24 01:13:56 - [MESSAGE][PASSED] - Text '' is set on object 'Object Repository/VLink/Page_CCSale/txt_UDF4'

2020-12-24 01:13:56 - [MESSAGE][PASSED] - Object 'Object Repository/VLink/Page_CCSale/txt_UDF5' is present

2020-12-24 01:13:57 - [MESSAGE][PASSED] - Text '' is set on object 'Object Repository/VLink/Page_CCSale/txt_UDF5'

2020-12-24 01:13:57 - [MESSAGE][PASSED] - Object 'Object Repository/VLink/Page_CCSale/txt_UDF6' is present

2020-12-24 01:13:58 - [MESSAGE][PASSED] - Text '' is set on object 'Object Repository/VLink/Page_CCSale/txt_UDF6'

2020-12-24 01:13:58 - [MESSAGE][PASSED] - Object 'Object Repository/VLink/Page_CCSale/txt_UDF7' is present

2020-12-24 01:13:58 - [MESSAGE][PASSED] - Text '' is set on object 'Object Repository/VLink/Page_CCSale/txt_UDF7'

2020-12-24 01:13:59 - [MESSAGE][PASSED] - Object 'Object Repository/VLink/Page_CCSale/txt_UDF8' is present

2020-12-24 01:13:59 - [MESSAGE][PASSED] - Text '' is set on object 'Object Repository/VLink/Page_CCSale/txt_UDF8'

2020-12-24 01:14:00 - [MESSAGE][PASSED] - Object 'Object Repository/VLink/Page_CCSale/txt_UDF9' is present

2020-12-24 01:14:00 - [MESSAGE][PASSED] - Text '' is set on object 'Object Repository/VLink/Page_CCSale/txt_UDF9'

2020-12-24 01:14:01 - [MESSAGE][PASSED] - Object 'Object Repository/VLink/Page_CCSale/txt_UDF10' is present

2020-12-24 01:14:01 - [MESSAGE][PASSED] - Text '' is set on object 'Object Repository/VLink/Page_CCSale/txt_UDF10'

2020-12-24 01:14:02 - [MESSAGE][PASSED] - Object 'Object Repository/VLink/Page_CCSale/txt_CardOnFileIndicator' is present

2020-12-24 01:14:02 - [MESSAGE][PASSED] - Text '' is set on object 'Object Repository/VLink/Page_CCSale/txt_CardOnFileIndicator'

2020-12-24 01:14:03 - [MESSAGE][PASSED] - Object 'Object Repository/VLink/Page_CCSale/txt_StoredCredentialIndicator' is present

2020-12-24 01:14:03 - [MESSAGE][PASSED] - Text '' is set on object 'Object Repository/VLink/Page_CCSale/txt_StoredCredentialIndicator'

2020-12-24 01:14:04 - [MESSAGE][PASSED] - Object 'Object Repository/VLink/Page_CCSale/txt_COFScheduledIndicator' is present

2020-12-24 01:14:04 - [MESSAGE][PASSED] - Text '' is set on object 'Object Repository/VLink/Page_CCSale/txt_COFScheduledIndicator'

2020-12-24 01:14:05 - [MESSAGE][PASSED] - Object 'Object Repository/VLink/Page_CCSale/txt_COFTransactionInitiatedBy' is present

2020-12-24 01:14:05 - [MESSAGE][PASSED] - Text '' is set on object 'Object Repository/VLink/Page_CCSale/txt_COFTransactionInitiatedBy'

2020-12-24 01:14:06 - [MESSAGE][PASSED] - Object: 'Object Repository/VLink/Page_CCSale/btn_ProcessVLinkTransaction' is clicked on

2020-12-24 01:14:11 - [MESSAGE][PASSED] - vlinkPages.saleCCPage.setDataSCC is PASSED

2020-12-24 01:14:11 - [TEST_STEP][FAILED] - if (verifyTextPresent("Transaction approved, no errors", true)): Text 'Transaction approved, no errors' is not present on page  using regular expression (Root cause: com.kms.katalon.core.exception.StepFailedException: Text 'Transaction approved, no errors' is not present on page  using regular expression
	at com.kms.katalon.core.webui.keyword.internal.WebUIKeywordMain.stepFailed(WebUIKeywordMain.groovy:64)
	at com.kms.katalon.core.webui.keyword.builtin.VerifyTextPresentKeyword$_verifyTextPresent_closure1.doCall(VerifyTextPresentKeyword.groovy:79)
	at com.kms.katalon.core.webui.keyword.builtin.VerifyTextPresentKeyword$_verifyTextPresent_closure1.call(VerifyTextPresentKeyword.groovy)
	at com.kms.katalon.core.webui.keyword.internal.WebUIKeywordMain.runKeyword(WebUIKeywordMain.groovy:20)
	at com.kms.katalon.core.webui.keyword.builtin.VerifyTextPresentKeyword.verifyTextPresent(VerifyTextPresentKeyword.groovy:83)
	at com.kms.katalon.core.webui.keyword.builtin.VerifyTextPresentKeyword.execute(VerifyTextPresentKeyword.groovy:68)
	at com.kms.katalon.core.keyword.internal.KeywordExecutor.executeKeywordForPlatform(KeywordExecutor.groovy:72)
	at com.kms.katalon.core.webui.keyword.WebUiBuiltInKeywords.verifyTextPresent(WebUiBuiltInKeywords.groovy:1719)
	at com.kms.katalon.core.webui.keyword.WebUiBuiltInKeywords$verifyTextPresent$4.call(Unknown Source)
	at VLinkSale-Successful.run(VLinkSale-Successful:76)
	at com.kms.katalon.core.main.ScriptEngine.run(ScriptEngine.java:194)
	at com.kms.katalon.core.main.ScriptEngine.runScriptAsRawText(ScriptEngine.java:119)
	at com.kms.katalon.core.main.TestCaseExecutor.runScript(TestCaseExecutor.java:337)
	at com.kms.katalon.core.main.TestCaseExecutor.doExecute(TestCaseExecutor.java:328)
	at com.kms.katalon.core.main.TestCaseExecutor.processExecutionPhase(TestCaseExecutor.java:307)
	at com.kms.katalon.core.main.TestCaseExecutor.accessMainPhase(TestCaseExecutor.java:299)
	at com.kms.katalon.core.main.TestCaseExecutor.execute(TestCaseExecutor.java:233)
	at com.kms.katalon.core.main.TestSuiteExecutor.accessTestCaseMainPhase(TestSuiteExecutor.java:169)
	at com.kms.katalon.core.main.TestSuiteExecutor.accessTestSuiteMainPhase(TestSuiteExecutor.java:142)
	at com.kms.katalon.core.main.TestSuiteExecutor.execute(TestSuiteExecutor.java:91)
	at com.kms.katalon.core.main.TestCaseMain.startTestSuite(TestCaseMain.java:157)
	at com.kms.katalon.core.main.TestCaseMain$startTestSuite$0.call(Unknown Source)
	at TempTestSuite1608784106629.run(TempTestSuite1608784106629.groovy:37)
)

2020-12-24 01:14:12 - [MESSAGE][FAILED] - Text 'Transaction approved, no errors' is not present on page  using regular expression (Root cause: com.kms.katalon.core.exception.StepFailedException: Text 'Transaction approved, no errors' is not present on page  using regular expression
	at com.kms.katalon.core.webui.keyword.internal.WebUIKeywordMain.stepFailed(WebUIKeywordMain.groovy:64)
	at com.kms.katalon.core.webui.keyword.builtin.VerifyTextPresentKeyword$_verifyTextPresent_closure1.doCall(VerifyTextPresentKeyword.groovy:79)
	at com.kms.katalon.core.webui.keyword.builtin.VerifyTextPresentKeyword$_verifyTextPresent_closure1.call(VerifyTextPresentKeyword.groovy)
	at com.kms.katalon.core.webui.keyword.internal.WebUIKeywordMain.runKeyword(WebUIKeywordMain.groovy:20)
	at com.kms.katalon.core.webui.keyword.builtin.VerifyTextPresentKeyword.verifyTextPresent(VerifyTextPresentKeyword.groovy:83)
	at com.kms.katalon.core.webui.keyword.builtin.VerifyTextPresentKeyword.execute(VerifyTextPresentKeyword.groovy:68)
	at com.kms.katalon.core.keyword.internal.KeywordExecutor.executeKeywordForPlatform(KeywordExecutor.groovy:72)
	at com.kms.katalon.core.webui.keyword.WebUiBuiltInKeywords.verifyTextPresent(WebUiBuiltInKeywords.groovy:1719)
	at com.kms.katalon.core.webui.keyword.WebUiBuiltInKeywords$verifyTextPresent$4.call(Unknown Source)
	at VLinkSale-Successful.run(VLinkSale-Successful:76)
	at com.kms.katalon.core.main.ScriptEngine.run(ScriptEngine.java:194)
	at com.kms.katalon.core.main.ScriptEngine.runScriptAsRawText(ScriptEngine.java:119)
	at com.kms.katalon.core.main.TestCaseExecutor.runScript(TestCaseExecutor.java:337)
	at com.kms.katalon.core.main.TestCaseExecutor.doExecute(TestCaseExecutor.java:328)
	at com.kms.katalon.core.main.TestCaseExecutor.processExecutionPhase(TestCaseExecutor.java:307)
	at com.kms.katalon.core.main.TestCaseExecutor.accessMainPhase(TestCaseExecutor.java:299)
	at com.kms.katalon.core.main.TestCaseExecutor.execute(TestCaseExecutor.java:233)
	at com.kms.katalon.core.main.TestSuiteExecutor.accessTestCaseMainPhase(TestSuiteExecutor.java:169)
	at com.kms.katalon.core.main.TestSuiteExecutor.accessTestSuiteMainPhase(TestSuiteExecutor.java:142)
	at com.kms.katalon.core.main.TestSuiteExecutor.execute(TestSuiteExecutor.java:91)
	at com.kms.katalon.core.main.TestCaseMain.startTestSuite(TestCaseMain.java:157)
	at com.kms.katalon.core.main.TestCaseMain$startTestSuite$0.call(Unknown Source)
	at TempTestSuite1608784106629.run(TempTestSuite1608784106629.groovy:37)
)

2020-12-24 01:14:12 - [TEST_STEP][PASSED] - else: pages.WriteExcel.demoKey is PASSED

2020-12-24 01:14:12 - [TEST_STEP][PASSED] - println("Transaction Approved, no errors text is not present on the Confirmation page"): null

2020-12-24 01:14:12 - [TEST_STEP][PASSED] - out.println("Fail Record Number: " + row): null

2020-12-24 01:14:12 - [TEST_STEP][PASSED] - resText = "Fail": null

2020-12-24 01:14:12 - [TEST_STEP][PASSED] - pages.WriteExcel.demoKey(resText, datText, resColumn, datCloumn, fileLoc, nameSheet, row): pages.WriteExcel.demoKey is PASSED

2020-12-24 01:14:12 - [MESSAGE][PASSED] - pages.WriteExcel.demoKey is PASSED

2020-12-24 01:14:12 - [TEST_STEP][PASSED] - sdfo = getText(findTestObject("Object Repository/Page_VLinkReceipt/pre_STX")): Text of object 'Object Repository/Page_VLinkReceipt/pre_STX' is: '<STX>B78JvGqsL4zQ                  12088156            2  Transaction failed                                1  General platform system error                                                              <ETX>'

2020-12-24 01:14:12 - [MESSAGE][PASSED] - Text of object 'Object Repository/Page_VLinkReceipt/pre_STX' is: '<STX>B78JvGqsL4zQ                  12088156            2  Transaction failed                                1  General platform system error                                                              <ETX>'

2020-12-24 01:14:12 - [TEST_STEP][PASSED] - out.println("sdfo: " + sdfo): null

2020-12-24 01:14:12 - [TEST_STEP][PASSED] - remID = substring(5, 35).trim(): null

2020-12-24 01:14:12 - [TEST_STEP][PASSED] - out.println("Remittance ID: " + remID): null

2020-12-24 01:14:12 - [TEST_STEP][PASSED] - traxID = substring(35, 55).trim(): null

2020-12-24 01:14:12 - [TEST_STEP][PASSED] - out.println("Transaction ID: " + traxID): null

2020-12-24 01:14:12 - [TEST_STEP][PASSED] - out.println("End Record Number: " + row): null

2020-12-24 01:14:12 - [TEST_STEP][PASSED] - closeBrowser(): Browser is closed

2020-12-24 01:14:13 - [MESSAGE][PASSED] - Browser is closed

2020-12-24 01:14:13 - [TEST_STEP][PASSED] - out.println("Begin Record Number: " + row): null

2020-12-24 01:14:13 - [TEST_STEP][PASSED] - today = new java.util.Date(): null

2020-12-24 01:14:13 - [TEST_STEP][PASSED] - println(today): null

2020-12-24 01:14:13 - [TEST_STEP][PASSED] - datText = today: null

2020-12-24 01:14:13 - [TEST_STEP][PASSED] - openBrowser(VLinkURL + "authcap.html"): Browser is opened with url: 'https://dev-algorithm.govolution.com/vlinktest/QA/version_2_0/authcap.html'

2020-12-24 01:14:13 - [MESSAGE][INFO] - Starting 'Chrome' driver

2020-12-24 01:14:13 - [MESSAGE][INFO] - User set preference: ['acceptInsecureCerts', 'true']

2020-12-24 01:14:13 - [MESSAGE][INFO] - Action delay is set to 0 milliseconds

2020-12-24 01:14:16 - [MESSAGE][PASSED] - Browser is opened with url: 'https://dev-algorithm.govolution.com/vlinktest/QA/version_2_0/authcap.html'

2020-12-24 01:14:16 - [TEST_STEP][PASSED] - maximizeWindow(): Current window maximized

2020-12-24 01:14:17 - [MESSAGE][PASSED] - Current window maximized

2020-12-24 01:14:17 - [TEST_STEP][PASSED] - vlinkPages.saleCCPage.setDataSCC(row, dataFile): vlinkPages.saleCCPage.setDataSCC is PASSED

2020-12-24 01:14:18 - [MESSAGE][PASSED] - Object 'Object Repository/VLink/Page_CCSale/txt_CardNumber' is present

2020-12-24 01:14:19 - [MESSAGE][PASSED] - Object 'Object Repository/VLink/Page_CCSale/txt_TransactionType' is present

2020-12-24 01:14:19 - [MESSAGE][PASSED] - Text '104' is set on object 'Object Repository/VLink/Page_CCSale/txt_TransactionType'

2020-12-24 01:14:20 - [MESSAGE][PASSED] - Object 'Object Repository/VLink/Page_CCSale/txt_MessageVersion' is present

2020-12-24 01:14:20 - [MESSAGE][PASSED] - Text '2.0C' is set on object 'Object Repository/VLink/Page_CCSale/txt_MessageVersion'

2020-12-24 01:14:21 - [MESSAGE][PASSED] - Object 'Object Repository/VLink/Page_CCSale/txt_RemID' is present

2020-12-24 01:14:21 - [MESSAGE][PASSED] - Text 'TNSQ92IV6N09' is set on object 'Object Repository/VLink/Page_CCSale/txt_RemID'

2020-12-24 01:14:22 - [MESSAGE][PASSED] - Object 'Object Repository/VLink/Page_CCSale/txt_ApplicationId' is present

2020-12-24 01:14:22 - [MESSAGE][PASSED] - Text '665' is set on object 'Object Repository/VLink/Page_CCSale/txt_ApplicationId'

2020-12-24 01:14:22 - [MESSAGE][PASSED] - Object 'Object Repository/VLink/Page_CCSale/txt_Username' is present

2020-12-24 01:14:23 - [MESSAGE][PASSED] - Text 'username' is set on object 'Object Repository/VLink/Page_CCSale/txt_Username'

2020-12-24 01:14:23 - [MESSAGE][PASSED] - Object 'Object Repository/VLink/Page_CCSale/txt_Password' is present

2020-12-24 01:14:24 - [MESSAGE][PASSED] - Text 'password' is set on object 'Object Repository/VLink/Page_CCSale/txt_Password'

2020-12-24 01:14:24 - [MESSAGE][PASSED] - Object 'Object Repository/VLink/Page_CCSale/txt_ResponseFormat' is present

2020-12-24 01:14:25 - [MESSAGE][PASSED] - Text 'fixed_width' is set on object 'Object Repository/VLink/Page_CCSale/txt_ResponseFormat'

2020-12-24 01:14:25 - [MESSAGE][PASSED] - Object 'Object Repository/VLink/Page_CCSale/txt_Category' is present

2020-12-24 01:14:26 - [MESSAGE][PASSED] - Text 'RETL' is set on object 'Object Repository/VLink/Page_CCSale/txt_Category'

2020-12-24 01:14:26 - [MESSAGE][PASSED] - Object 'Object Repository/VLink/Page_CCSale/txt_TransactionID' is present

2020-12-24 01:14:27 - [MESSAGE][PASSED] - Text '' is set on object 'Object Repository/VLink/Page_CCSale/txt_TransactionID'

2020-12-24 01:14:27 - [MESSAGE][PASSED] - Object 'Object Repository/VLink/Page_CCSale/txt_ApprovalCode' is present

2020-12-24 01:14:28 - [MESSAGE][PASSED] - Text '' is set on object 'Object Repository/VLink/Page_CCSale/txt_ApprovalCode'

2020-12-24 01:14:28 - [MESSAGE][PASSED] - Object 'Object Repository/VLink/Page_CCSale/txt_CardName' is present

2020-12-24 01:14:29 - [MESSAGE][PASSED] - Text 'Angelo Matt' is set on object 'Object Repository/VLink/Page_CCSale/txt_CardName'

2020-12-24 01:14:29 - [MESSAGE][PASSED] - Object 'Object Repository/VLink/Page_CCSale/txt_AL1' is present

2020-12-24 01:14:30 - [MESSAGE][PASSED] - Text '' is set on object 'Object Repository/VLink/Page_CCSale/txt_AL1'

2020-12-24 01:14:30 - [MESSAGE][PASSED] - Object 'Object Repository/VLink/Page_CCSale/txt_AL2' is present

2020-12-24 01:14:31 - [MESSAGE][PASSED] - Text '' is set on object 'Object Repository/VLink/Page_CCSale/txt_AL2'

2020-12-24 01:14:31 - [MESSAGE][PASSED] - Object 'Object Repository/VLink/Page_CCSale/txt_CardCity' is present

2020-12-24 01:14:32 - [MESSAGE][PASSED] - Text '' is set on object 'Object Repository/VLink/Page_CCSale/txt_CardCity'

2020-12-24 01:14:32 - [MESSAGE][PASSED] - Object 'Object Repository/VLink/Page_CCSale/txt_CardState' is present

2020-12-24 01:14:33 - [MESSAGE][PASSED] - Text '' is set on object 'Object Repository/VLink/Page_CCSale/txt_CardState'

2020-12-24 01:14:33 - [MESSAGE][PASSED] - Object 'Object Repository/VLink/Page_CCSale/txt_CardZIP' is present

2020-12-24 01:14:34 - [MESSAGE][PASSED] - Text '' is set on object 'Object Repository/VLink/Page_CCSale/txt_CardZIP'

2020-12-24 01:14:34 - [MESSAGE][PASSED] - Object 'Object Repository/VLink/Page_CCSale/txt_CountryID' is present

2020-12-24 01:14:35 - [MESSAGE][PASSED] - Text '' is set on object 'Object Repository/VLink/Page_CCSale/txt_CountryID'

2020-12-24 01:14:35 - [MESSAGE][PASSED] - Object 'Object Repository/VLink/Page_CCSale/txt_Amount' is present

2020-12-24 01:14:36 - [MESSAGE][PASSED] - Text '1.50' is set on object 'Object Repository/VLink/Page_CCSale/txt_Amount'

2020-12-24 01:14:36 - [MESSAGE][PASSED] - Object 'Object Repository/VLink/Page_CCSale/txt_CardNumber' is present

2020-12-24 01:14:37 - [MESSAGE][PASSED] - Text '' is set on object 'Object Repository/VLink/Page_CCSale/txt_CardNumber'

2020-12-24 01:14:37 - [MESSAGE][PASSED] - Object 'Object Repository/VLink/Page_CCSale/txt_ExpMonth' is present

2020-12-24 01:14:38 - [MESSAGE][PASSED] - Text '' is set on object 'Object Repository/VLink/Page_CCSale/txt_ExpMonth'

2020-12-24 01:14:38 - [MESSAGE][PASSED] - Object 'Object Repository/VLink/Page_CCSale/txt_ExpYear' is present

2020-12-24 01:14:39 - [MESSAGE][PASSED] - Text '' is set on object 'Object Repository/VLink/Page_CCSale/txt_ExpYear'

2020-12-24 01:14:39 - [MESSAGE][PASSED] - Object 'Object Repository/VLink/Page_CCSale/txt_CVV' is present

2020-12-24 01:14:40 - [MESSAGE][PASSED] - Text '' is set on object 'Object Repository/VLink/Page_CCSale/txt_CVV'

2020-12-24 01:14:40 - [MESSAGE][PASSED] - Object 'Object Repository/VLink/Page_CCSale/txt_CVVstate' is present

2020-12-24 01:14:41 - [MESSAGE][PASSED] - Text '' is set on object 'Object Repository/VLink/Page_CCSale/txt_CVVstate'

2020-12-24 01:14:41 - [MESSAGE][PASSED] - Object 'Object Repository/VLink/Page_CCSale/txt_TrackData' is present

2020-12-24 01:14:42 - [MESSAGE][PASSED] - Text '' is set on object 'Object Repository/VLink/Page_CCSale/txt_TrackData'

2020-12-24 01:14:42 - [MESSAGE][PASSED] - Object 'Object Repository/VLink/Page_CCSale/txt_Track1Data' is present

2020-12-24 01:14:43 - [MESSAGE][PASSED] - Text '' is set on object 'Object Repository/VLink/Page_CCSale/txt_Track1Data'

2020-12-24 01:14:43 - [MESSAGE][PASSED] - Object 'Object Repository/VLink/Page_CCSale/txt_Track2Data' is present

2020-12-24 01:14:44 - [MESSAGE][PASSED] - Text ';5567080011582646=23032010902035400015?' is set on object 'Object Repository/VLink/Page_CCSale/txt_Track2Data'

2020-12-24 01:14:44 - [MESSAGE][PASSED] - Object 'Object Repository/VLink/Page_CCSale/txt_POSEntryMode' is present

2020-12-24 01:14:45 - [MESSAGE][PASSED] - Text '' is set on object 'Object Repository/VLink/Page_CCSale/txt_POSEntryMode'

2020-12-24 01:14:45 - [MESSAGE][PASSED] - Object 'Object Repository/VLink/Page_CCSale/txt_Email' is present

2020-12-24 01:14:46 - [MESSAGE][PASSED] - Text '' is set on object 'Object Repository/VLink/Page_CCSale/txt_Email'

2020-12-24 01:14:46 - [MESSAGE][PASSED] - Object 'Object Repository/VLink/Page_CCSale/txt_OrderNumber' is present

2020-12-24 01:14:47 - [MESSAGE][PASSED] - Text '' is set on object 'Object Repository/VLink/Page_CCSale/txt_OrderNumber'

2020-12-24 01:14:47 - [MESSAGE][PASSED] - Object 'Object Repository/VLink/Page_CCSale/txt_TaxAmount' is present

2020-12-24 01:14:48 - [MESSAGE][PASSED] - Text '' is set on object 'Object Repository/VLink/Page_CCSale/txt_TaxAmount'

2020-12-24 01:14:48 - [MESSAGE][PASSED] - Object 'Object Repository/VLink/Page_CCSale/txt_ChargeDescription' is present

2020-12-24 01:14:49 - [MESSAGE][PASSED] - Text '' is set on object 'Object Repository/VLink/Page_CCSale/txt_ChargeDescription'

2020-12-24 01:14:49 - [MESSAGE][PASSED] - Object 'Object Repository/VLink/Page_CCSale/txt_CAN' is present

2020-12-24 01:14:50 - [MESSAGE][PASSED] - Text '' is set on object 'Object Repository/VLink/Page_CCSale/txt_CAN'

2020-12-24 01:14:50 - [MESSAGE][PASSED] - Object 'Object Repository/VLink/Page_CCSale/txt_BillPaymentIndicator' is present

2020-12-24 01:14:51 - [MESSAGE][PASSED] - Text '' is set on object 'Object Repository/VLink/Page_CCSale/txt_BillPaymentIndicator'

2020-12-24 01:14:51 - [MESSAGE][PASSED] - Object 'Object Repository/VLink/Page_CCSale/txt_UDF1' is present

2020-12-24 01:14:51 - [MESSAGE][PASSED] - Text '' is set on object 'Object Repository/VLink/Page_CCSale/txt_UDF1'

2020-12-24 01:14:52 - [MESSAGE][PASSED] - Object 'Object Repository/VLink/Page_CCSale/txt_UDF2' is present

2020-12-24 01:14:53 - [MESSAGE][PASSED] - Text '' is set on object 'Object Repository/VLink/Page_CCSale/txt_UDF2'

2020-12-24 01:14:53 - [MESSAGE][PASSED] - Object 'Object Repository/VLink/Page_CCSale/txt_UDF3' is present

2020-12-24 01:14:53 - [MESSAGE][PASSED] - Text '' is set on object 'Object Repository/VLink/Page_CCSale/txt_UDF3'

2020-12-24 01:14:54 - [MESSAGE][PASSED] - Object 'Object Repository/VLink/Page_CCSale/txt_UDF4' is present

2020-12-24 01:14:54 - [MESSAGE][PASSED] - Text '' is set on object 'Object Repository/VLink/Page_CCSale/txt_UDF4'

2020-12-24 01:14:55 - [MESSAGE][PASSED] - Object 'Object Repository/VLink/Page_CCSale/txt_UDF5' is present

2020-12-24 01:14:55 - [MESSAGE][PASSED] - Text '' is set on object 'Object Repository/VLink/Page_CCSale/txt_UDF5'

2020-12-24 01:14:56 - [MESSAGE][PASSED] - Object 'Object Repository/VLink/Page_CCSale/txt_UDF6' is present

2020-12-24 01:14:56 - [MESSAGE][PASSED] - Text '' is set on object 'Object Repository/VLink/Page_CCSale/txt_UDF6'

2020-12-24 01:14:57 - [MESSAGE][PASSED] - Object 'Object Repository/VLink/Page_CCSale/txt_UDF7' is present

2020-12-24 01:14:57 - [MESSAGE][PASSED] - Text '' is set on object 'Object Repository/VLink/Page_CCSale/txt_UDF7'

2020-12-24 01:14:58 - [MESSAGE][PASSED] - Object 'Object Repository/VLink/Page_CCSale/txt_UDF8' is present

2020-12-24 01:14:58 - [MESSAGE][PASSED] - Text '' is set on object 'Object Repository/VLink/Page_CCSale/txt_UDF8'

2020-12-24 01:14:59 - [MESSAGE][PASSED] - Object 'Object Repository/VLink/Page_CCSale/txt_UDF9' is present

2020-12-24 01:14:59 - [MESSAGE][PASSED] - Text '' is set on object 'Object Repository/VLink/Page_CCSale/txt_UDF9'

2020-12-24 01:15:00 - [MESSAGE][PASSED] - Object 'Object Repository/VLink/Page_CCSale/txt_UDF10' is present

2020-12-24 01:15:00 - [MESSAGE][PASSED] - Text '' is set on object 'Object Repository/VLink/Page_CCSale/txt_UDF10'

2020-12-24 01:15:01 - [MESSAGE][PASSED] - Object 'Object Repository/VLink/Page_CCSale/txt_CardOnFileIndicator' is present

2020-12-24 01:15:01 - [MESSAGE][PASSED] - Text '' is set on object 'Object Repository/VLink/Page_CCSale/txt_CardOnFileIndicator'

2020-12-24 01:15:02 - [MESSAGE][PASSED] - Object 'Object Repository/VLink/Page_CCSale/txt_StoredCredentialIndicator' is present

2020-12-24 01:15:02 - [MESSAGE][PASSED] - Text '' is set on object 'Object Repository/VLink/Page_CCSale/txt_StoredCredentialIndicator'

2020-12-24 01:15:03 - [MESSAGE][PASSED] - Object 'Object Repository/VLink/Page_CCSale/txt_COFScheduledIndicator' is present

2020-12-24 01:15:03 - [MESSAGE][PASSED] - Text '' is set on object 'Object Repository/VLink/Page_CCSale/txt_COFScheduledIndicator'

2020-12-24 01:15:04 - [MESSAGE][PASSED] - Object 'Object Repository/VLink/Page_CCSale/txt_COFTransactionInitiatedBy' is present

2020-12-24 01:15:04 - [MESSAGE][PASSED] - Text '' is set on object 'Object Repository/VLink/Page_CCSale/txt_COFTransactionInitiatedBy'

2020-12-24 01:15:07 - [MESSAGE][PASSED] - Object: 'Object Repository/VLink/Page_CCSale/btn_ProcessVLinkTransaction' is clicked on

2020-12-24 01:15:12 - [MESSAGE][PASSED] - vlinkPages.saleCCPage.setDataSCC is PASSED

2020-12-24 01:15:12 - [TEST_STEP][PASSED] - if (verifyTextPresent("Transaction approved, no errors", true)): null

2020-12-24 01:15:12 - [MESSAGE][PASSED] - Text 'Transaction approved, no errors' is present on page  using regular expression

2020-12-24 01:15:12 - [TEST_STEP][PASSED] - println("Transaction Approved, no errors text is present on the Confirmation page"): null

2020-12-24 01:15:12 - [TEST_STEP][PASSED] - out.println("Pass Record Number: " + row): null

2020-12-24 01:15:12 - [TEST_STEP][PASSED] - resText = "Pass": null

2020-12-24 01:15:12 - [TEST_STEP][PASSED] - pages.WriteExcel.demoKey(resText, datText, resColumn, datCloumn, fileLoc, nameSheet, row): pages.WriteExcel.demoKey is PASSED

2020-12-24 01:15:12 - [MESSAGE][PASSED] - pages.WriteExcel.demoKey is PASSED

2020-12-24 01:15:12 - [TEST_STEP][PASSED] - sdfo = getText(findTestObject("Object Repository/Page_VLinkReceipt/pre_STX")): Text of object 'Object Repository/Page_VLinkReceipt/pre_STX' is: '<STX>TNSQ92IV6N09                  12088157            0  Transaction approved, no errors                   0                                                                                  R OK9680   <ETX>'

2020-12-24 01:15:13 - [MESSAGE][PASSED] - Text of object 'Object Repository/Page_VLinkReceipt/pre_STX' is: '<STX>TNSQ92IV6N09                  12088157            0  Transaction approved, no errors                   0                                                                                  R OK9680   <ETX>'

2020-12-24 01:15:13 - [TEST_STEP][PASSED] - out.println("sdfo: " + sdfo): null

2020-12-24 01:15:13 - [TEST_STEP][PASSED] - remID = substring(5, 35).trim(): null

2020-12-24 01:15:13 - [TEST_STEP][PASSED] - out.println("Remittance ID: " + remID): null

2020-12-24 01:15:13 - [TEST_STEP][PASSED] - traxID = substring(35, 55).trim(): null

2020-12-24 01:15:13 - [TEST_STEP][PASSED] - out.println("Transaction ID: " + traxID): null

2020-12-24 01:15:13 - [TEST_STEP][PASSED] - out.println("End Record Number: " + row): null

2020-12-24 01:15:13 - [TEST_STEP][PASSED] - closeBrowser(): Browser is closed

2020-12-24 01:15:13 - [MESSAGE][PASSED] - Browser is closed

2020-12-24 01:15:13 - [TEST_STEP][PASSED] - out.println("Begin Record Number: " + row): null

2020-12-24 01:15:13 - [TEST_STEP][PASSED] - today = new java.util.Date(): null

2020-12-24 01:15:13 - [TEST_STEP][PASSED] - println(today): null

2020-12-24 01:15:13 - [TEST_STEP][PASSED] - datText = today: null

2020-12-24 01:15:13 - [TEST_STEP][PASSED] - openBrowser(VLinkURL + "authcap.html"): Browser is opened with url: 'https://dev-algorithm.govolution.com/vlinktest/QA/version_2_0/authcap.html'

2020-12-24 01:15:13 - [MESSAGE][INFO] - Starting 'Chrome' driver

2020-12-24 01:15:13 - [MESSAGE][INFO] - User set preference: ['acceptInsecureCerts', 'true']

2020-12-24 01:15:13 - [MESSAGE][INFO] - Action delay is set to 0 milliseconds

2020-12-24 01:15:17 - [MESSAGE][PASSED] - Browser is opened with url: 'https://dev-algorithm.govolution.com/vlinktest/QA/version_2_0/authcap.html'

2020-12-24 01:15:17 - [TEST_STEP][PASSED] - maximizeWindow(): Current window maximized

2020-12-24 01:15:17 - [MESSAGE][PASSED] - Current window maximized

2020-12-24 01:15:17 - [TEST_STEP][PASSED] - vlinkPages.saleCCPage.setDataSCC(row, dataFile): vlinkPages.saleCCPage.setDataSCC is PASSED

2020-12-24 01:15:19 - [MESSAGE][PASSED] - Object 'Object Repository/VLink/Page_CCSale/txt_CardNumber' is present

2020-12-24 01:15:19 - [MESSAGE][PASSED] - Object 'Object Repository/VLink/Page_CCSale/txt_TransactionType' is present

2020-12-24 01:15:20 - [MESSAGE][PASSED] - Text '104' is set on object 'Object Repository/VLink/Page_CCSale/txt_TransactionType'

2020-12-24 01:15:20 - [MESSAGE][PASSED] - Object 'Object Repository/VLink/Page_CCSale/txt_MessageVersion' is present

2020-12-24 01:15:21 - [MESSAGE][PASSED] - Text '2.0C' is set on object 'Object Repository/VLink/Page_CCSale/txt_MessageVersion'

2020-12-24 01:15:21 - [MESSAGE][PASSED] - Object 'Object Repository/VLink/Page_CCSale/txt_RemID' is present

2020-12-24 01:15:22 - [MESSAGE][PASSED] - Text 'kfaFFDBeL4HQ' is set on object 'Object Repository/VLink/Page_CCSale/txt_RemID'

2020-12-24 01:15:22 - [MESSAGE][PASSED] - Object 'Object Repository/VLink/Page_CCSale/txt_ApplicationId' is present

2020-12-24 01:15:23 - [MESSAGE][PASSED] - Text '665' is set on object 'Object Repository/VLink/Page_CCSale/txt_ApplicationId'

2020-12-24 01:15:23 - [MESSAGE][PASSED] - Object 'Object Repository/VLink/Page_CCSale/txt_Username' is present

2020-12-24 01:15:24 - [MESSAGE][PASSED] - Text 'username' is set on object 'Object Repository/VLink/Page_CCSale/txt_Username'

2020-12-24 01:15:24 - [MESSAGE][PASSED] - Object 'Object Repository/VLink/Page_CCSale/txt_Password' is present

2020-12-24 01:15:25 - [MESSAGE][PASSED] - Text 'password' is set on object 'Object Repository/VLink/Page_CCSale/txt_Password'

2020-12-24 01:15:25 - [MESSAGE][PASSED] - Object 'Object Repository/VLink/Page_CCSale/txt_ResponseFormat' is present

2020-12-24 01:15:25 - [MESSAGE][PASSED] - Text 'fixed_width' is set on object 'Object Repository/VLink/Page_CCSale/txt_ResponseFormat'

2020-12-24 01:15:26 - [MESSAGE][PASSED] - Object 'Object Repository/VLink/Page_CCSale/txt_Category' is present

2020-12-24 01:15:26 - [MESSAGE][PASSED] - Text 'RETL' is set on object 'Object Repository/VLink/Page_CCSale/txt_Category'

2020-12-24 01:15:27 - [MESSAGE][PASSED] - Object 'Object Repository/VLink/Page_CCSale/txt_TransactionID' is present

2020-12-24 01:15:27 - [MESSAGE][PASSED] - Text '' is set on object 'Object Repository/VLink/Page_CCSale/txt_TransactionID'

2020-12-24 01:15:27 - [MESSAGE][PASSED] - Object 'Object Repository/VLink/Page_CCSale/txt_ApprovalCode' is present

2020-12-24 01:15:28 - [MESSAGE][PASSED] - Text '' is set on object 'Object Repository/VLink/Page_CCSale/txt_ApprovalCode'

2020-12-24 01:15:28 - [MESSAGE][PASSED] - Object 'Object Repository/VLink/Page_CCSale/txt_CardName' is present

2020-12-24 01:15:29 - [MESSAGE][PASSED] - Text '' is set on object 'Object Repository/VLink/Page_CCSale/txt_CardName'

2020-12-24 01:15:29 - [MESSAGE][PASSED] - Object 'Object Repository/VLink/Page_CCSale/txt_AL1' is present

2020-12-24 01:15:30 - [MESSAGE][PASSED] - Text '' is set on object 'Object Repository/VLink/Page_CCSale/txt_AL1'

2020-12-24 01:15:30 - [MESSAGE][PASSED] - Object 'Object Repository/VLink/Page_CCSale/txt_AL2' is present

2020-12-24 01:15:31 - [MESSAGE][PASSED] - Text '' is set on object 'Object Repository/VLink/Page_CCSale/txt_AL2'

2020-12-24 01:15:31 - [MESSAGE][PASSED] - Object 'Object Repository/VLink/Page_CCSale/txt_CardCity' is present

2020-12-24 01:15:32 - [MESSAGE][PASSED] - Text '' is set on object 'Object Repository/VLink/Page_CCSale/txt_CardCity'

2020-12-24 01:15:32 - [MESSAGE][PASSED] - Object 'Object Repository/VLink/Page_CCSale/txt_CardState' is present

2020-12-24 01:15:33 - [MESSAGE][PASSED] - Text '' is set on object 'Object Repository/VLink/Page_CCSale/txt_CardState'

2020-12-24 01:15:33 - [MESSAGE][PASSED] - Object 'Object Repository/VLink/Page_CCSale/txt_CardZIP' is present

2020-12-24 01:15:34 - [MESSAGE][PASSED] - Text '' is set on object 'Object Repository/VLink/Page_CCSale/txt_CardZIP'

2020-12-24 01:15:34 - [MESSAGE][PASSED] - Object 'Object Repository/VLink/Page_CCSale/txt_CountryID' is present

2020-12-24 01:15:35 - [MESSAGE][PASSED] - Text '' is set on object 'Object Repository/VLink/Page_CCSale/txt_CountryID'

2020-12-24 01:15:35 - [MESSAGE][PASSED] - Object 'Object Repository/VLink/Page_CCSale/txt_Amount' is present

2020-12-24 01:15:36 - [MESSAGE][PASSED] - Text '1.50' is set on object 'Object Repository/VLink/Page_CCSale/txt_Amount'

2020-12-24 01:15:36 - [MESSAGE][PASSED] - Object 'Object Repository/VLink/Page_CCSale/txt_CardNumber' is present

2020-12-24 01:15:37 - [MESSAGE][PASSED] - Text '' is set on object 'Object Repository/VLink/Page_CCSale/txt_CardNumber'

2020-12-24 01:15:37 - [MESSAGE][PASSED] - Object 'Object Repository/VLink/Page_CCSale/txt_ExpMonth' is present

2020-12-24 01:15:38 - [MESSAGE][PASSED] - Text '' is set on object 'Object Repository/VLink/Page_CCSale/txt_ExpMonth'

2020-12-24 01:15:38 - [MESSAGE][PASSED] - Object 'Object Repository/VLink/Page_CCSale/txt_ExpYear' is present

2020-12-24 01:15:39 - [MESSAGE][PASSED] - Text '' is set on object 'Object Repository/VLink/Page_CCSale/txt_ExpYear'

2020-12-24 01:15:39 - [MESSAGE][PASSED] - Object 'Object Repository/VLink/Page_CCSale/txt_CVV' is present

2020-12-24 01:15:40 - [MESSAGE][PASSED] - Text '' is set on object 'Object Repository/VLink/Page_CCSale/txt_CVV'

2020-12-24 01:15:40 - [MESSAGE][PASSED] - Object 'Object Repository/VLink/Page_CCSale/txt_CVVstate' is present

2020-12-24 01:15:41 - [MESSAGE][PASSED] - Text '' is set on object 'Object Repository/VLink/Page_CCSale/txt_CVVstate'

2020-12-24 01:15:41 - [MESSAGE][PASSED] - Object 'Object Repository/VLink/Page_CCSale/txt_TrackData' is present

2020-12-24 01:15:42 - [MESSAGE][PASSED] - Text '' is set on object 'Object Repository/VLink/Page_CCSale/txt_TrackData'

2020-12-24 01:15:42 - [MESSAGE][PASSED] - Object 'Object Repository/VLink/Page_CCSale/txt_Track1Data' is present

2020-12-24 01:15:43 - [MESSAGE][PASSED] - Text '%B5567080011582646^AHMED/IMTIAZ              ^2303201090200000000000354000015?' is set on object 'Object Repository/VLink/Page_CCSale/txt_Track1Data'

2020-12-24 01:15:43 - [MESSAGE][PASSED] - Object 'Object Repository/VLink/Page_CCSale/txt_Track2Data' is present

2020-12-24 01:15:44 - [MESSAGE][PASSED] - Text ';5567080011582646=23032010902035400015?' is set on object 'Object Repository/VLink/Page_CCSale/txt_Track2Data'

2020-12-24 01:15:44 - [MESSAGE][PASSED] - Object 'Object Repository/VLink/Page_CCSale/txt_POSEntryMode' is present

2020-12-24 01:15:45 - [MESSAGE][PASSED] - Text '' is set on object 'Object Repository/VLink/Page_CCSale/txt_POSEntryMode'

2020-12-24 01:15:45 - [MESSAGE][PASSED] - Object 'Object Repository/VLink/Page_CCSale/txt_Email' is present

2020-12-24 01:15:46 - [MESSAGE][PASSED] - Text '' is set on object 'Object Repository/VLink/Page_CCSale/txt_Email'

2020-12-24 01:15:46 - [MESSAGE][PASSED] - Object 'Object Repository/VLink/Page_CCSale/txt_OrderNumber' is present

2020-12-24 01:15:47 - [MESSAGE][PASSED] - Text '' is set on object 'Object Repository/VLink/Page_CCSale/txt_OrderNumber'

2020-12-24 01:15:47 - [MESSAGE][PASSED] - Object 'Object Repository/VLink/Page_CCSale/txt_TaxAmount' is present

2020-12-24 01:15:48 - [MESSAGE][PASSED] - Text '' is set on object 'Object Repository/VLink/Page_CCSale/txt_TaxAmount'

2020-12-24 01:15:48 - [MESSAGE][PASSED] - Object 'Object Repository/VLink/Page_CCSale/txt_ChargeDescription' is present

2020-12-24 01:15:49 - [MESSAGE][PASSED] - Text '' is set on object 'Object Repository/VLink/Page_CCSale/txt_ChargeDescription'

2020-12-24 01:15:49 - [MESSAGE][PASSED] - Object 'Object Repository/VLink/Page_CCSale/txt_CAN' is present

2020-12-24 01:15:50 - [MESSAGE][PASSED] - Text '' is set on object 'Object Repository/VLink/Page_CCSale/txt_CAN'

2020-12-24 01:15:50 - [MESSAGE][PASSED] - Object 'Object Repository/VLink/Page_CCSale/txt_BillPaymentIndicator' is present

2020-12-24 01:15:51 - [MESSAGE][PASSED] - Text '' is set on object 'Object Repository/VLink/Page_CCSale/txt_BillPaymentIndicator'

2020-12-24 01:15:51 - [MESSAGE][PASSED] - Object 'Object Repository/VLink/Page_CCSale/txt_UDF1' is present

2020-12-24 01:15:52 - [MESSAGE][PASSED] - Text '' is set on object 'Object Repository/VLink/Page_CCSale/txt_UDF1'

2020-12-24 01:15:52 - [MESSAGE][PASSED] - Object 'Object Repository/VLink/Page_CCSale/txt_UDF2' is present

2020-12-24 01:15:53 - [MESSAGE][PASSED] - Text '' is set on object 'Object Repository/VLink/Page_CCSale/txt_UDF2'

2020-12-24 01:15:53 - [MESSAGE][PASSED] - Object 'Object Repository/VLink/Page_CCSale/txt_UDF3' is present

2020-12-24 01:15:54 - [MESSAGE][PASSED] - Text '' is set on object 'Object Repository/VLink/Page_CCSale/txt_UDF3'

2020-12-24 01:15:54 - [MESSAGE][PASSED] - Object 'Object Repository/VLink/Page_CCSale/txt_UDF4' is present

2020-12-24 01:15:55 - [MESSAGE][PASSED] - Text '' is set on object 'Object Repository/VLink/Page_CCSale/txt_UDF4'

2020-12-24 01:15:55 - [MESSAGE][PASSED] - Object 'Object Repository/VLink/Page_CCSale/txt_UDF5' is present

2020-12-24 01:15:56 - [MESSAGE][PASSED] - Text '' is set on object 'Object Repository/VLink/Page_CCSale/txt_UDF5'

2020-12-24 01:15:56 - [MESSAGE][PASSED] - Object 'Object Repository/VLink/Page_CCSale/txt_UDF6' is present

2020-12-24 01:15:57 - [MESSAGE][PASSED] - Text '' is set on object 'Object Repository/VLink/Page_CCSale/txt_UDF6'

2020-12-24 01:15:57 - [MESSAGE][PASSED] - Object 'Object Repository/VLink/Page_CCSale/txt_UDF7' is present

2020-12-24 01:15:58 - [MESSAGE][PASSED] - Text '' is set on object 'Object Repository/VLink/Page_CCSale/txt_UDF7'

2020-12-24 01:15:58 - [MESSAGE][PASSED] - Object 'Object Repository/VLink/Page_CCSale/txt_UDF8' is present

2020-12-24 01:15:59 - [MESSAGE][PASSED] - Text '' is set on object 'Object Repository/VLink/Page_CCSale/txt_UDF8'

2020-12-24 01:15:59 - [MESSAGE][PASSED] - Object 'Object Repository/VLink/Page_CCSale/txt_UDF9' is present

2020-12-24 01:16:00 - [MESSAGE][PASSED] - Text '' is set on object 'Object Repository/VLink/Page_CCSale/txt_UDF9'

2020-12-24 01:16:00 - [MESSAGE][PASSED] - Object 'Object Repository/VLink/Page_CCSale/txt_UDF10' is present

2020-12-24 01:16:01 - [MESSAGE][PASSED] - Text '' is set on object 'Object Repository/VLink/Page_CCSale/txt_UDF10'

2020-12-24 01:16:01 - [MESSAGE][PASSED] - Object 'Object Repository/VLink/Page_CCSale/txt_CardOnFileIndicator' is present

2020-12-24 01:16:02 - [MESSAGE][PASSED] - Text '' is set on object 'Object Repository/VLink/Page_CCSale/txt_CardOnFileIndicator'

2020-12-24 01:16:02 - [MESSAGE][PASSED] - Object 'Object Repository/VLink/Page_CCSale/txt_StoredCredentialIndicator' is present

2020-12-24 01:16:03 - [MESSAGE][PASSED] - Text '' is set on object 'Object Repository/VLink/Page_CCSale/txt_StoredCredentialIndicator'

2020-12-24 01:16:03 - [MESSAGE][PASSED] - Object 'Object Repository/VLink/Page_CCSale/txt_COFScheduledIndicator' is present

2020-12-24 01:16:04 - [MESSAGE][PASSED] - Text '' is set on object 'Object Repository/VLink/Page_CCSale/txt_COFScheduledIndicator'

2020-12-24 01:16:04 - [MESSAGE][PASSED] - Object 'Object Repository/VLink/Page_CCSale/txt_COFTransactionInitiatedBy' is present

2020-12-24 01:16:05 - [MESSAGE][PASSED] - Text '' is set on object 'Object Repository/VLink/Page_CCSale/txt_COFTransactionInitiatedBy'

2020-12-24 01:16:07 - [MESSAGE][PASSED] - Object: 'Object Repository/VLink/Page_CCSale/btn_ProcessVLinkTransaction' is clicked on

2020-12-24 01:16:12 - [MESSAGE][PASSED] - vlinkPages.saleCCPage.setDataSCC is PASSED

2020-12-24 01:16:12 - [TEST_STEP][PASSED] - if (verifyTextPresent("Transaction approved, no errors", true)): null

2020-12-24 01:16:12 - [MESSAGE][PASSED] - Text 'Transaction approved, no errors' is present on page  using regular expression

2020-12-24 01:16:12 - [TEST_STEP][PASSED] - println("Transaction Approved, no errors text is present on the Confirmation page"): null

2020-12-24 01:16:12 - [TEST_STEP][PASSED] - out.println("Pass Record Number: " + row): null

2020-12-24 01:16:12 - [TEST_STEP][PASSED] - resText = "Pass": null

2020-12-24 01:16:12 - [TEST_STEP][PASSED] - pages.WriteExcel.demoKey(resText, datText, resColumn, datCloumn, fileLoc, nameSheet, row): pages.WriteExcel.demoKey is PASSED

2020-12-24 01:16:12 - [MESSAGE][PASSED] - pages.WriteExcel.demoKey is PASSED

2020-12-24 01:16:12 - [TEST_STEP][PASSED] - sdfo = getText(findTestObject("Object Repository/Page_VLinkReceipt/pre_STX")): Text of object 'Object Repository/Page_VLinkReceipt/pre_STX' is: '<STX>kfaFFDBeL4HQ                  12088158            0  Transaction approved, no errors                   0                                                                                  R OK9830   <ETX>'

2020-12-24 01:16:13 - [MESSAGE][PASSED] - Text of object 'Object Repository/Page_VLinkReceipt/pre_STX' is: '<STX>kfaFFDBeL4HQ                  12088158            0  Transaction approved, no errors                   0                                                                                  R OK9830   <ETX>'

2020-12-24 01:16:13 - [TEST_STEP][PASSED] - out.println("sdfo: " + sdfo): null

2020-12-24 01:16:13 - [TEST_STEP][PASSED] - remID = substring(5, 35).trim(): null

2020-12-24 01:16:13 - [TEST_STEP][PASSED] - out.println("Remittance ID: " + remID): null

2020-12-24 01:16:13 - [TEST_STEP][PASSED] - traxID = substring(35, 55).trim(): null

2020-12-24 01:16:13 - [TEST_STEP][PASSED] - out.println("Transaction ID: " + traxID): null

2020-12-24 01:16:13 - [TEST_STEP][PASSED] - out.println("End Record Number: " + row): null

2020-12-24 01:16:13 - [TEST_STEP][PASSED] - closeBrowser(): Browser is closed

2020-12-24 01:16:14 - [MESSAGE][PASSED] - Browser is closed

2020-12-24 01:16:14 - [TEST_STEP][PASSED] - out.println("Begin Record Number: " + row): null

2020-12-24 01:16:14 - [TEST_STEP][PASSED] - today = new java.util.Date(): null

2020-12-24 01:16:14 - [TEST_STEP][PASSED] - println(today): null

2020-12-24 01:16:14 - [TEST_STEP][PASSED] - datText = today: null

2020-12-24 01:16:14 - [TEST_STEP][PASSED] - openBrowser(VLinkURL + "authcap.html"): Browser is opened with url: 'https://dev-algorithm.govolution.com/vlinktest/QA/version_2_0/authcap.html'

2020-12-24 01:16:14 - [MESSAGE][INFO] - Starting 'Chrome' driver

2020-12-24 01:16:14 - [MESSAGE][INFO] - User set preference: ['acceptInsecureCerts', 'true']

2020-12-24 01:16:14 - [MESSAGE][INFO] - Action delay is set to 0 milliseconds

2020-12-24 01:16:17 - [MESSAGE][PASSED] - Browser is opened with url: 'https://dev-algorithm.govolution.com/vlinktest/QA/version_2_0/authcap.html'

2020-12-24 01:16:17 - [TEST_STEP][PASSED] - maximizeWindow(): Current window maximized

2020-12-24 01:16:17 - [MESSAGE][PASSED] - Current window maximized

2020-12-24 01:16:17 - [TEST_STEP][PASSED] - vlinkPages.saleCCPage.setDataSCC(row, dataFile): vlinkPages.saleCCPage.setDataSCC is PASSED

2020-12-24 01:16:19 - [MESSAGE][PASSED] - Object 'Object Repository/VLink/Page_CCSale/txt_CardNumber' is present

2020-12-24 01:16:19 - [MESSAGE][PASSED] - Object 'Object Repository/VLink/Page_CCSale/txt_TransactionType' is present

2020-12-24 01:16:20 - [MESSAGE][PASSED] - Text '104' is set on object 'Object Repository/VLink/Page_CCSale/txt_TransactionType'

2020-12-24 01:16:20 - [MESSAGE][PASSED] - Object 'Object Repository/VLink/Page_CCSale/txt_MessageVersion' is present

2020-12-24 01:16:21 - [MESSAGE][PASSED] - Text '2.0C' is set on object 'Object Repository/VLink/Page_CCSale/txt_MessageVersion'

2020-12-24 01:16:21 - [MESSAGE][PASSED] - Object 'Object Repository/VLink/Page_CCSale/txt_RemID' is present

2020-12-24 01:16:22 - [MESSAGE][PASSED] - Text 'CFRUMR23N6xf' is set on object 'Object Repository/VLink/Page_CCSale/txt_RemID'

2020-12-24 01:16:22 - [MESSAGE][PASSED] - Object 'Object Repository/VLink/Page_CCSale/txt_ApplicationId' is present

2020-12-24 01:16:23 - [MESSAGE][PASSED] - Text '672' is set on object 'Object Repository/VLink/Page_CCSale/txt_ApplicationId'

2020-12-24 01:16:23 - [MESSAGE][PASSED] - Object 'Object Repository/VLink/Page_CCSale/txt_Username' is present

2020-12-24 01:16:24 - [MESSAGE][PASSED] - Text 'username' is set on object 'Object Repository/VLink/Page_CCSale/txt_Username'

2020-12-24 01:16:24 - [MESSAGE][PASSED] - Object 'Object Repository/VLink/Page_CCSale/txt_Password' is present

2020-12-24 01:16:25 - [MESSAGE][PASSED] - Text 'password' is set on object 'Object Repository/VLink/Page_CCSale/txt_Password'

2020-12-24 01:16:25 - [MESSAGE][PASSED] - Object 'Object Repository/VLink/Page_CCSale/txt_ResponseFormat' is present

2020-12-24 01:16:26 - [MESSAGE][PASSED] - Text 'fixed_width' is set on object 'Object Repository/VLink/Page_CCSale/txt_ResponseFormat'

2020-12-24 01:16:26 - [MESSAGE][PASSED] - Object 'Object Repository/VLink/Page_CCSale/txt_Category' is present

2020-12-24 01:16:27 - [MESSAGE][PASSED] - Text 'RETL' is set on object 'Object Repository/VLink/Page_CCSale/txt_Category'

2020-12-24 01:16:27 - [MESSAGE][PASSED] - Object 'Object Repository/VLink/Page_CCSale/txt_TransactionID' is present

2020-12-24 01:16:27 - [MESSAGE][PASSED] - Text '' is set on object 'Object Repository/VLink/Page_CCSale/txt_TransactionID'

2020-12-24 01:16:28 - [MESSAGE][PASSED] - Object 'Object Repository/VLink/Page_CCSale/txt_ApprovalCode' is present

2020-12-24 01:16:28 - [MESSAGE][PASSED] - Text '' is set on object 'Object Repository/VLink/Page_CCSale/txt_ApprovalCode'

2020-12-24 01:16:29 - [MESSAGE][PASSED] - Object 'Object Repository/VLink/Page_CCSale/txt_CardName' is present

2020-12-24 01:16:29 - [MESSAGE][PASSED] - Text '' is set on object 'Object Repository/VLink/Page_CCSale/txt_CardName'

2020-12-24 01:16:29 - [MESSAGE][PASSED] - Object 'Object Repository/VLink/Page_CCSale/txt_AL1' is present

2020-12-24 01:16:30 - [MESSAGE][PASSED] - Text '' is set on object 'Object Repository/VLink/Page_CCSale/txt_AL1'

2020-12-24 01:16:30 - [MESSAGE][PASSED] - Object 'Object Repository/VLink/Page_CCSale/txt_AL2' is present

2020-12-24 01:16:31 - [MESSAGE][PASSED] - Text '' is set on object 'Object Repository/VLink/Page_CCSale/txt_AL2'

2020-12-24 01:16:31 - [MESSAGE][PASSED] - Object 'Object Repository/VLink/Page_CCSale/txt_CardCity' is present

2020-12-24 01:16:32 - [MESSAGE][PASSED] - Text '' is set on object 'Object Repository/VLink/Page_CCSale/txt_CardCity'

2020-12-24 01:16:32 - [MESSAGE][PASSED] - Object 'Object Repository/VLink/Page_CCSale/txt_CardState' is present

2020-12-24 01:16:33 - [MESSAGE][PASSED] - Text '' is set on object 'Object Repository/VLink/Page_CCSale/txt_CardState'

2020-12-24 01:16:33 - [MESSAGE][PASSED] - Object 'Object Repository/VLink/Page_CCSale/txt_CardZIP' is present

2020-12-24 01:16:34 - [MESSAGE][PASSED] - Text '' is set on object 'Object Repository/VLink/Page_CCSale/txt_CardZIP'

2020-12-24 01:16:34 - [MESSAGE][PASSED] - Object 'Object Repository/VLink/Page_CCSale/txt_CountryID' is present

2020-12-24 01:16:35 - [MESSAGE][PASSED] - Text '' is set on object 'Object Repository/VLink/Page_CCSale/txt_CountryID'

2020-12-24 01:16:35 - [MESSAGE][PASSED] - Object 'Object Repository/VLink/Page_CCSale/txt_Amount' is present

2020-12-24 01:16:36 - [MESSAGE][PASSED] - Text '2.50' is set on object 'Object Repository/VLink/Page_CCSale/txt_Amount'

2020-12-24 01:16:36 - [MESSAGE][PASSED] - Object 'Object Repository/VLink/Page_CCSale/txt_CardNumber' is present

2020-12-24 01:16:37 - [MESSAGE][PASSED] - Text '' is set on object 'Object Repository/VLink/Page_CCSale/txt_CardNumber'

2020-12-24 01:16:37 - [MESSAGE][PASSED] - Object 'Object Repository/VLink/Page_CCSale/txt_ExpMonth' is present

2020-12-24 01:16:38 - [MESSAGE][PASSED] - Text '' is set on object 'Object Repository/VLink/Page_CCSale/txt_ExpMonth'

2020-12-24 01:16:38 - [MESSAGE][PASSED] - Object 'Object Repository/VLink/Page_CCSale/txt_ExpYear' is present

2020-12-24 01:16:39 - [MESSAGE][PASSED] - Text '' is set on object 'Object Repository/VLink/Page_CCSale/txt_ExpYear'

2020-12-24 01:16:39 - [MESSAGE][PASSED] - Object 'Object Repository/VLink/Page_CCSale/txt_CVV' is present

2020-12-24 01:16:40 - [MESSAGE][PASSED] - Text '' is set on object 'Object Repository/VLink/Page_CCSale/txt_CVV'

2020-12-24 01:16:40 - [MESSAGE][PASSED] - Object 'Object Repository/VLink/Page_CCSale/txt_CVVstate' is present

2020-12-24 01:16:41 - [MESSAGE][PASSED] - Text '' is set on object 'Object Repository/VLink/Page_CCSale/txt_CVVstate'

2020-12-24 01:16:41 - [MESSAGE][PASSED] - Object 'Object Repository/VLink/Page_CCSale/txt_TrackData' is present

2020-12-24 01:16:42 - [MESSAGE][PASSED] - Text '%B5567080011582646^AHMED/IMTIAZ              ^2303201090200000000000354000015?;5567080011582646=23032010902035400015?' is set on object 'Object Repository/VLink/Page_CCSale/txt_TrackData'

2020-12-24 01:16:42 - [MESSAGE][PASSED] - Object 'Object Repository/VLink/Page_CCSale/txt_Track1Data' is present

2020-12-24 01:16:43 - [MESSAGE][PASSED] - Text '' is set on object 'Object Repository/VLink/Page_CCSale/txt_Track1Data'

2020-12-24 01:16:43 - [MESSAGE][PASSED] - Object 'Object Repository/VLink/Page_CCSale/txt_Track2Data' is present

2020-12-24 01:16:44 - [MESSAGE][PASSED] - Text '' is set on object 'Object Repository/VLink/Page_CCSale/txt_Track2Data'

2020-12-24 01:16:44 - [MESSAGE][PASSED] - Object 'Object Repository/VLink/Page_CCSale/txt_POSEntryMode' is present

2020-12-24 01:16:45 - [MESSAGE][PASSED] - Text '' is set on object 'Object Repository/VLink/Page_CCSale/txt_POSEntryMode'

2020-12-24 01:16:45 - [MESSAGE][PASSED] - Object 'Object Repository/VLink/Page_CCSale/txt_Email' is present

2020-12-24 01:16:46 - [MESSAGE][PASSED] - Text '' is set on object 'Object Repository/VLink/Page_CCSale/txt_Email'

2020-12-24 01:16:46 - [MESSAGE][PASSED] - Object 'Object Repository/VLink/Page_CCSale/txt_OrderNumber' is present

2020-12-24 01:16:47 - [MESSAGE][PASSED] - Text '' is set on object 'Object Repository/VLink/Page_CCSale/txt_OrderNumber'

2020-12-24 01:16:47 - [MESSAGE][PASSED] - Object 'Object Repository/VLink/Page_CCSale/txt_TaxAmount' is present

2020-12-24 01:16:48 - [MESSAGE][PASSED] - Text '' is set on object 'Object Repository/VLink/Page_CCSale/txt_TaxAmount'

2020-12-24 01:16:48 - [MESSAGE][PASSED] - Object 'Object Repository/VLink/Page_CCSale/txt_ChargeDescription' is present

2020-12-24 01:16:49 - [MESSAGE][PASSED] - Text '' is set on object 'Object Repository/VLink/Page_CCSale/txt_ChargeDescription'

2020-12-24 01:16:49 - [MESSAGE][PASSED] - Object 'Object Repository/VLink/Page_CCSale/txt_CAN' is present

2020-12-24 01:16:50 - [MESSAGE][PASSED] - Text '' is set on object 'Object Repository/VLink/Page_CCSale/txt_CAN'

2020-12-24 01:16:50 - [MESSAGE][PASSED] - Object 'Object Repository/VLink/Page_CCSale/txt_BillPaymentIndicator' is present

2020-12-24 01:16:51 - [MESSAGE][PASSED] - Text '' is set on object 'Object Repository/VLink/Page_CCSale/txt_BillPaymentIndicator'

2020-12-24 01:16:51 - [MESSAGE][PASSED] - Object 'Object Repository/VLink/Page_CCSale/txt_UDF1' is present

2020-12-24 01:16:52 - [MESSAGE][PASSED] - Text '' is set on object 'Object Repository/VLink/Page_CCSale/txt_UDF1'

2020-12-24 01:16:52 - [MESSAGE][PASSED] - Object 'Object Repository/VLink/Page_CCSale/txt_UDF2' is present

2020-12-24 01:16:53 - [MESSAGE][PASSED] - Text '' is set on object 'Object Repository/VLink/Page_CCSale/txt_UDF2'

2020-12-24 01:16:53 - [MESSAGE][PASSED] - Object 'Object Repository/VLink/Page_CCSale/txt_UDF3' is present

2020-12-24 01:16:54 - [MESSAGE][PASSED] - Text '' is set on object 'Object Repository/VLink/Page_CCSale/txt_UDF3'

2020-12-24 01:16:54 - [MESSAGE][PASSED] - Object 'Object Repository/VLink/Page_CCSale/txt_UDF4' is present

2020-12-24 01:16:55 - [MESSAGE][PASSED] - Text '' is set on object 'Object Repository/VLink/Page_CCSale/txt_UDF4'

2020-12-24 01:16:55 - [MESSAGE][PASSED] - Object 'Object Repository/VLink/Page_CCSale/txt_UDF5' is present

2020-12-24 01:16:56 - [MESSAGE][PASSED] - Text '' is set on object 'Object Repository/VLink/Page_CCSale/txt_UDF5'

2020-12-24 01:16:56 - [MESSAGE][PASSED] - Object 'Object Repository/VLink/Page_CCSale/txt_UDF6' is present

2020-12-24 01:16:57 - [MESSAGE][PASSED] - Text '' is set on object 'Object Repository/VLink/Page_CCSale/txt_UDF6'

2020-12-24 01:16:57 - [MESSAGE][PASSED] - Object 'Object Repository/VLink/Page_CCSale/txt_UDF7' is present

2020-12-24 01:16:58 - [MESSAGE][PASSED] - Text '' is set on object 'Object Repository/VLink/Page_CCSale/txt_UDF7'

2020-12-24 01:16:58 - [MESSAGE][PASSED] - Object 'Object Repository/VLink/Page_CCSale/txt_UDF8' is present

2020-12-24 01:16:59 - [MESSAGE][PASSED] - Text '' is set on object 'Object Repository/VLink/Page_CCSale/txt_UDF8'

2020-12-24 01:16:59 - [MESSAGE][PASSED] - Object 'Object Repository/VLink/Page_CCSale/txt_UDF9' is present

2020-12-24 01:17:00 - [MESSAGE][PASSED] - Text '' is set on object 'Object Repository/VLink/Page_CCSale/txt_UDF9'

2020-12-24 01:17:00 - [MESSAGE][PASSED] - Object 'Object Repository/VLink/Page_CCSale/txt_UDF10' is present

2020-12-24 01:17:01 - [MESSAGE][PASSED] - Text '' is set on object 'Object Repository/VLink/Page_CCSale/txt_UDF10'

2020-12-24 01:17:01 - [MESSAGE][PASSED] - Object 'Object Repository/VLink/Page_CCSale/txt_CardOnFileIndicator' is present

2020-12-24 01:17:02 - [MESSAGE][PASSED] - Text '' is set on object 'Object Repository/VLink/Page_CCSale/txt_CardOnFileIndicator'

2020-12-24 01:17:02 - [MESSAGE][PASSED] - Object 'Object Repository/VLink/Page_CCSale/txt_StoredCredentialIndicator' is present

2020-12-24 01:17:03 - [MESSAGE][PASSED] - Text '' is set on object 'Object Repository/VLink/Page_CCSale/txt_StoredCredentialIndicator'

2020-12-24 01:17:03 - [MESSAGE][PASSED] - Object 'Object Repository/VLink/Page_CCSale/txt_COFScheduledIndicator' is present

2020-12-24 01:17:04 - [MESSAGE][PASSED] - Text '' is set on object 'Object Repository/VLink/Page_CCSale/txt_COFScheduledIndicator'

2020-12-24 01:17:04 - [MESSAGE][PASSED] - Object 'Object Repository/VLink/Page_CCSale/txt_COFTransactionInitiatedBy' is present

2020-12-24 01:17:05 - [MESSAGE][PASSED] - Text '' is set on object 'Object Repository/VLink/Page_CCSale/txt_COFTransactionInitiatedBy'

2020-12-24 01:17:07 - [MESSAGE][PASSED] - Object: 'Object Repository/VLink/Page_CCSale/btn_ProcessVLinkTransaction' is clicked on

2020-12-24 01:17:12 - [MESSAGE][PASSED] - vlinkPages.saleCCPage.setDataSCC is PASSED

2020-12-24 01:17:12 - [TEST_STEP][PASSED] - if (verifyTextPresent("Transaction approved, no errors", true)): null

2020-12-24 01:17:13 - [MESSAGE][PASSED] - Text 'Transaction approved, no errors' is present on page  using regular expression

2020-12-24 01:17:13 - [TEST_STEP][PASSED] - println("Transaction Approved, no errors text is present on the Confirmation page"): null

2020-12-24 01:17:13 - [TEST_STEP][PASSED] - out.println("Pass Record Number: " + row): null

2020-12-24 01:17:13 - [TEST_STEP][PASSED] - resText = "Pass": null

2020-12-24 01:17:13 - [TEST_STEP][PASSED] - pages.WriteExcel.demoKey(resText, datText, resColumn, datCloumn, fileLoc, nameSheet, row): pages.WriteExcel.demoKey is PASSED

2020-12-24 01:17:13 - [MESSAGE][PASSED] - pages.WriteExcel.demoKey is PASSED

2020-12-24 01:17:13 - [TEST_STEP][PASSED] - sdfo = getText(findTestObject("Object Repository/Page_VLinkReceipt/pre_STX")): Text of object 'Object Repository/Page_VLinkReceipt/pre_STX' is: '<STX>CFRUMR23N6xf                  12088159            0  Transaction approved, no errors                   0                                                                                  R OK9950   <ETX>'

2020-12-24 01:17:13 - [MESSAGE][PASSED] - Text of object 'Object Repository/Page_VLinkReceipt/pre_STX' is: '<STX>CFRUMR23N6xf                  12088159            0  Transaction approved, no errors                   0                                                                                  R OK9950   <ETX>'

2020-12-24 01:17:13 - [TEST_STEP][PASSED] - out.println("sdfo: " + sdfo): null

2020-12-24 01:17:13 - [TEST_STEP][PASSED] - remID = substring(5, 35).trim(): null

2020-12-24 01:17:13 - [TEST_STEP][PASSED] - out.println("Remittance ID: " + remID): null

2020-12-24 01:17:13 - [TEST_STEP][PASSED] - traxID = substring(35, 55).trim(): null

2020-12-24 01:17:13 - [TEST_STEP][PASSED] - out.println("Transaction ID: " + traxID): null

2020-12-24 01:17:13 - [TEST_STEP][PASSED] - out.println("End Record Number: " + row): null

2020-12-24 01:17:13 - [TEST_STEP][PASSED] - closeBrowser(): Browser is closed

2020-12-24 01:17:14 - [MESSAGE][PASSED] - Browser is closed

2020-12-24 01:17:14 - [TEST_STEP][PASSED] - out.println("Begin Record Number: " + row): null

2020-12-24 01:17:14 - [TEST_STEP][PASSED] - today = new java.util.Date(): null

2020-12-24 01:17:14 - [TEST_STEP][PASSED] - println(today): null

2020-12-24 01:17:14 - [TEST_STEP][PASSED] - datText = today: null

2020-12-24 01:17:14 - [TEST_STEP][PASSED] - openBrowser(VLinkURL + "authcap.html"): Browser is opened with url: 'https://dev-algorithm.govolution.com/vlinktest/QA/version_2_0/authcap.html'

2020-12-24 01:17:14 - [MESSAGE][INFO] - Starting 'Chrome' driver

2020-12-24 01:17:14 - [MESSAGE][INFO] - User set preference: ['acceptInsecureCerts', 'true']

2020-12-24 01:17:14 - [MESSAGE][INFO] - Action delay is set to 0 milliseconds

2020-12-24 01:17:18 - [MESSAGE][PASSED] - Browser is opened with url: 'https://dev-algorithm.govolution.com/vlinktest/QA/version_2_0/authcap.html'

2020-12-24 01:17:18 - [TEST_STEP][PASSED] - maximizeWindow(): Current window maximized

2020-12-24 01:17:18 - [MESSAGE][PASSED] - Current window maximized

2020-12-24 01:17:18 - [TEST_STEP][PASSED] - vlinkPages.saleCCPage.setDataSCC(row, dataFile): vlinkPages.saleCCPage.setDataSCC is PASSED

2020-12-24 01:17:20 - [MESSAGE][PASSED] - Object 'Object Repository/VLink/Page_CCSale/txt_CardNumber' is present

2020-12-24 01:17:20 - [MESSAGE][PASSED] - Object 'Object Repository/VLink/Page_CCSale/txt_TransactionType' is present

2020-12-24 01:17:21 - [MESSAGE][PASSED] - Text '104' is set on object 'Object Repository/VLink/Page_CCSale/txt_TransactionType'

2020-12-24 01:17:21 - [MESSAGE][PASSED] - Object 'Object Repository/VLink/Page_CCSale/txt_MessageVersion' is present

2020-12-24 01:17:22 - [MESSAGE][PASSED] - Text '2.0C' is set on object 'Object Repository/VLink/Page_CCSale/txt_MessageVersion'

2020-12-24 01:17:22 - [MESSAGE][PASSED] - Object 'Object Repository/VLink/Page_CCSale/txt_RemID' is present

2020-12-24 01:17:23 - [MESSAGE][PASSED] - Text 'Zvk8LyceFlJM' is set on object 'Object Repository/VLink/Page_CCSale/txt_RemID'

2020-12-24 01:17:23 - [MESSAGE][PASSED] - Object 'Object Repository/VLink/Page_CCSale/txt_ApplicationId' is present

2020-12-24 01:17:24 - [MESSAGE][PASSED] - Text '672' is set on object 'Object Repository/VLink/Page_CCSale/txt_ApplicationId'

2020-12-24 01:17:24 - [MESSAGE][PASSED] - Object 'Object Repository/VLink/Page_CCSale/txt_Username' is present

2020-12-24 01:17:25 - [MESSAGE][PASSED] - Text 'username' is set on object 'Object Repository/VLink/Page_CCSale/txt_Username'

2020-12-24 01:17:25 - [MESSAGE][PASSED] - Object 'Object Repository/VLink/Page_CCSale/txt_Password' is present

2020-12-24 01:17:25 - [MESSAGE][PASSED] - Text 'password' is set on object 'Object Repository/VLink/Page_CCSale/txt_Password'

2020-12-24 01:17:26 - [MESSAGE][PASSED] - Object 'Object Repository/VLink/Page_CCSale/txt_ResponseFormat' is present

2020-12-24 01:17:26 - [MESSAGE][PASSED] - Text 'fixed_width' is set on object 'Object Repository/VLink/Page_CCSale/txt_ResponseFormat'

2020-12-24 01:17:27 - [MESSAGE][PASSED] - Object 'Object Repository/VLink/Page_CCSale/txt_Category' is present

2020-12-24 01:17:27 - [MESSAGE][PASSED] - Text 'RETL' is set on object 'Object Repository/VLink/Page_CCSale/txt_Category'

2020-12-24 01:17:28 - [MESSAGE][PASSED] - Object 'Object Repository/VLink/Page_CCSale/txt_TransactionID' is present

2020-12-24 01:17:28 - [MESSAGE][PASSED] - Text '' is set on object 'Object Repository/VLink/Page_CCSale/txt_TransactionID'

2020-12-24 01:17:28 - [MESSAGE][PASSED] - Object 'Object Repository/VLink/Page_CCSale/txt_ApprovalCode' is present

2020-12-24 01:17:29 - [MESSAGE][PASSED] - Text '' is set on object 'Object Repository/VLink/Page_CCSale/txt_ApprovalCode'

2020-12-24 01:17:29 - [MESSAGE][PASSED] - Object 'Object Repository/VLink/Page_CCSale/txt_CardName' is present

2020-12-24 01:17:30 - [MESSAGE][PASSED] - Text '' is set on object 'Object Repository/VLink/Page_CCSale/txt_CardName'

2020-12-24 01:17:30 - [MESSAGE][PASSED] - Object 'Object Repository/VLink/Page_CCSale/txt_AL1' is present

2020-12-24 01:17:31 - [MESSAGE][PASSED] - Text '' is set on object 'Object Repository/VLink/Page_CCSale/txt_AL1'

2020-12-24 01:17:31 - [MESSAGE][PASSED] - Object 'Object Repository/VLink/Page_CCSale/txt_AL2' is present

2020-12-24 01:17:32 - [MESSAGE][PASSED] - Text '' is set on object 'Object Repository/VLink/Page_CCSale/txt_AL2'

2020-12-24 01:17:32 - [MESSAGE][PASSED] - Object 'Object Repository/VLink/Page_CCSale/txt_CardCity' is present

2020-12-24 01:17:33 - [MESSAGE][PASSED] - Text '' is set on object 'Object Repository/VLink/Page_CCSale/txt_CardCity'

2020-12-24 01:17:33 - [MESSAGE][PASSED] - Object 'Object Repository/VLink/Page_CCSale/txt_CardState' is present

2020-12-24 01:17:34 - [MESSAGE][PASSED] - Text '' is set on object 'Object Repository/VLink/Page_CCSale/txt_CardState'

2020-12-24 01:17:34 - [MESSAGE][PASSED] - Object 'Object Repository/VLink/Page_CCSale/txt_CardZIP' is present

2020-12-24 01:17:35 - [MESSAGE][PASSED] - Text '' is set on object 'Object Repository/VLink/Page_CCSale/txt_CardZIP'

2020-12-24 01:17:35 - [MESSAGE][PASSED] - Object 'Object Repository/VLink/Page_CCSale/txt_CountryID' is present

2020-12-24 01:17:36 - [MESSAGE][PASSED] - Text '' is set on object 'Object Repository/VLink/Page_CCSale/txt_CountryID'

2020-12-24 01:17:37 - [MESSAGE][PASSED] - Object 'Object Repository/VLink/Page_CCSale/txt_Amount' is present

2020-12-24 01:17:37 - [MESSAGE][PASSED] - Text '2.50' is set on object 'Object Repository/VLink/Page_CCSale/txt_Amount'

2020-12-24 01:17:38 - [MESSAGE][PASSED] - Object 'Object Repository/VLink/Page_CCSale/txt_CardNumber' is present

2020-12-24 01:17:38 - [MESSAGE][PASSED] - Text '' is set on object 'Object Repository/VLink/Page_CCSale/txt_CardNumber'

2020-12-24 01:17:39 - [MESSAGE][PASSED] - Object 'Object Repository/VLink/Page_CCSale/txt_ExpMonth' is present

2020-12-24 01:17:39 - [MESSAGE][PASSED] - Text '' is set on object 'Object Repository/VLink/Page_CCSale/txt_ExpMonth'

2020-12-24 01:17:40 - [MESSAGE][PASSED] - Object 'Object Repository/VLink/Page_CCSale/txt_ExpYear' is present

2020-12-24 01:17:40 - [MESSAGE][PASSED] - Text '' is set on object 'Object Repository/VLink/Page_CCSale/txt_ExpYear'

2020-12-24 01:17:40 - [MESSAGE][PASSED] - Object 'Object Repository/VLink/Page_CCSale/txt_CVV' is present

2020-12-24 01:17:41 - [MESSAGE][PASSED] - Text '' is set on object 'Object Repository/VLink/Page_CCSale/txt_CVV'

2020-12-24 01:17:41 - [MESSAGE][PASSED] - Object 'Object Repository/VLink/Page_CCSale/txt_CVVstate' is present

2020-12-24 01:17:42 - [MESSAGE][PASSED] - Text '' is set on object 'Object Repository/VLink/Page_CCSale/txt_CVVstate'

2020-12-24 01:17:42 - [MESSAGE][PASSED] - Object 'Object Repository/VLink/Page_CCSale/txt_TrackData' is present

2020-12-24 01:17:43 - [MESSAGE][PASSED] - Text '' is set on object 'Object Repository/VLink/Page_CCSale/txt_TrackData'

2020-12-24 01:17:43 - [MESSAGE][PASSED] - Object 'Object Repository/VLink/Page_CCSale/txt_Track1Data' is present

2020-12-24 01:17:44 - [MESSAGE][PASSED] - Text '%B5567080011582646^AHMED/IMTIAZ              ^2303201090200000000000354000015?' is set on object 'Object Repository/VLink/Page_CCSale/txt_Track1Data'

2020-12-24 01:17:45 - [MESSAGE][PASSED] - Object 'Object Repository/VLink/Page_CCSale/txt_Track2Data' is present

2020-12-24 01:17:45 - [MESSAGE][PASSED] - Text '' is set on object 'Object Repository/VLink/Page_CCSale/txt_Track2Data'

2020-12-24 01:17:46 - [MESSAGE][PASSED] - Object 'Object Repository/VLink/Page_CCSale/txt_POSEntryMode' is present

2020-12-24 01:17:46 - [MESSAGE][PASSED] - Text '' is set on object 'Object Repository/VLink/Page_CCSale/txt_POSEntryMode'

2020-12-24 01:17:47 - [MESSAGE][PASSED] - Object 'Object Repository/VLink/Page_CCSale/txt_Email' is present

2020-12-24 01:17:47 - [MESSAGE][PASSED] - Text '' is set on object 'Object Repository/VLink/Page_CCSale/txt_Email'

2020-12-24 01:17:48 - [MESSAGE][PASSED] - Object 'Object Repository/VLink/Page_CCSale/txt_OrderNumber' is present

2020-12-24 01:17:48 - [MESSAGE][PASSED] - Text '' is set on object 'Object Repository/VLink/Page_CCSale/txt_OrderNumber'

2020-12-24 01:17:49 - [MESSAGE][PASSED] - Object 'Object Repository/VLink/Page_CCSale/txt_TaxAmount' is present

2020-12-24 01:17:49 - [MESSAGE][PASSED] - Text '' is set on object 'Object Repository/VLink/Page_CCSale/txt_TaxAmount'

2020-12-24 01:17:50 - [MESSAGE][PASSED] - Object 'Object Repository/VLink/Page_CCSale/txt_ChargeDescription' is present

2020-12-24 01:17:50 - [MESSAGE][PASSED] - Text '' is set on object 'Object Repository/VLink/Page_CCSale/txt_ChargeDescription'

2020-12-24 01:17:50 - [MESSAGE][PASSED] - Object 'Object Repository/VLink/Page_CCSale/txt_CAN' is present

2020-12-24 01:17:51 - [MESSAGE][PASSED] - Text '' is set on object 'Object Repository/VLink/Page_CCSale/txt_CAN'

2020-12-24 01:17:51 - [MESSAGE][PASSED] - Object 'Object Repository/VLink/Page_CCSale/txt_BillPaymentIndicator' is present

2020-12-24 01:17:52 - [MESSAGE][PASSED] - Text '' is set on object 'Object Repository/VLink/Page_CCSale/txt_BillPaymentIndicator'

2020-12-24 01:17:52 - [MESSAGE][PASSED] - Object 'Object Repository/VLink/Page_CCSale/txt_UDF1' is present

2020-12-24 01:17:53 - [MESSAGE][PASSED] - Text '' is set on object 'Object Repository/VLink/Page_CCSale/txt_UDF1'

2020-12-24 01:17:53 - [MESSAGE][PASSED] - Object 'Object Repository/VLink/Page_CCSale/txt_UDF2' is present

2020-12-24 01:17:54 - [MESSAGE][PASSED] - Text '' is set on object 'Object Repository/VLink/Page_CCSale/txt_UDF2'

2020-12-24 01:17:54 - [MESSAGE][PASSED] - Object 'Object Repository/VLink/Page_CCSale/txt_UDF3' is present

2020-12-24 01:17:55 - [MESSAGE][PASSED] - Text '' is set on object 'Object Repository/VLink/Page_CCSale/txt_UDF3'

2020-12-24 01:17:55 - [MESSAGE][PASSED] - Object 'Object Repository/VLink/Page_CCSale/txt_UDF4' is present

2020-12-24 01:17:56 - [MESSAGE][PASSED] - Text '' is set on object 'Object Repository/VLink/Page_CCSale/txt_UDF4'

2020-12-24 01:17:56 - [MESSAGE][PASSED] - Object 'Object Repository/VLink/Page_CCSale/txt_UDF5' is present

2020-12-24 01:17:57 - [MESSAGE][PASSED] - Text '' is set on object 'Object Repository/VLink/Page_CCSale/txt_UDF5'

2020-12-24 01:17:57 - [MESSAGE][PASSED] - Object 'Object Repository/VLink/Page_CCSale/txt_UDF6' is present

2020-12-24 01:17:58 - [MESSAGE][PASSED] - Text '' is set on object 'Object Repository/VLink/Page_CCSale/txt_UDF6'

2020-12-24 01:17:58 - [MESSAGE][PASSED] - Object 'Object Repository/VLink/Page_CCSale/txt_UDF7' is present

2020-12-24 01:17:59 - [MESSAGE][PASSED] - Text '' is set on object 'Object Repository/VLink/Page_CCSale/txt_UDF7'

2020-12-24 01:17:59 - [MESSAGE][PASSED] - Object 'Object Repository/VLink/Page_CCSale/txt_UDF8' is present

2020-12-24 01:18:00 - [MESSAGE][PASSED] - Text '' is set on object 'Object Repository/VLink/Page_CCSale/txt_UDF8'

2020-12-24 01:18:00 - [MESSAGE][PASSED] - Object 'Object Repository/VLink/Page_CCSale/txt_UDF9' is present

2020-12-24 01:18:01 - [MESSAGE][PASSED] - Text '' is set on object 'Object Repository/VLink/Page_CCSale/txt_UDF9'

2020-12-24 01:18:01 - [MESSAGE][PASSED] - Object 'Object Repository/VLink/Page_CCSale/txt_UDF10' is present

2020-12-24 01:18:02 - [MESSAGE][PASSED] - Text '' is set on object 'Object Repository/VLink/Page_CCSale/txt_UDF10'

2020-12-24 01:18:02 - [MESSAGE][PASSED] - Object 'Object Repository/VLink/Page_CCSale/txt_CardOnFileIndicator' is present

2020-12-24 01:18:03 - [MESSAGE][PASSED] - Text '' is set on object 'Object Repository/VLink/Page_CCSale/txt_CardOnFileIndicator'

2020-12-24 01:18:03 - [MESSAGE][PASSED] - Object 'Object Repository/VLink/Page_CCSale/txt_StoredCredentialIndicator' is present

2020-12-24 01:18:04 - [MESSAGE][PASSED] - Text '' is set on object 'Object Repository/VLink/Page_CCSale/txt_StoredCredentialIndicator'

2020-12-24 01:18:04 - [MESSAGE][PASSED] - Object 'Object Repository/VLink/Page_CCSale/txt_COFScheduledIndicator' is present

2020-12-24 01:18:05 - [MESSAGE][PASSED] - Text '' is set on object 'Object Repository/VLink/Page_CCSale/txt_COFScheduledIndicator'

2020-12-24 01:18:05 - [MESSAGE][PASSED] - Object 'Object Repository/VLink/Page_CCSale/txt_COFTransactionInitiatedBy' is present

2020-12-24 01:18:06 - [MESSAGE][PASSED] - Text '' is set on object 'Object Repository/VLink/Page_CCSale/txt_COFTransactionInitiatedBy'

2020-12-24 01:18:07 - [MESSAGE][PASSED] - Object: 'Object Repository/VLink/Page_CCSale/btn_ProcessVLinkTransaction' is clicked on

2020-12-24 01:18:12 - [MESSAGE][PASSED] - vlinkPages.saleCCPage.setDataSCC is PASSED

2020-12-24 01:18:12 - [TEST_STEP][FAILED] - if (verifyTextPresent("Transaction approved, no errors", true)): Text 'Transaction approved, no errors' is not present on page  using regular expression (Root cause: com.kms.katalon.core.exception.StepFailedException: Text 'Transaction approved, no errors' is not present on page  using regular expression
	at com.kms.katalon.core.webui.keyword.internal.WebUIKeywordMain.stepFailed(WebUIKeywordMain.groovy:64)
	at com.kms.katalon.core.webui.keyword.builtin.VerifyTextPresentKeyword$_verifyTextPresent_closure1.doCall(VerifyTextPresentKeyword.groovy:79)
	at com.kms.katalon.core.webui.keyword.builtin.VerifyTextPresentKeyword$_verifyTextPresent_closure1.call(VerifyTextPresentKeyword.groovy)
	at com.kms.katalon.core.webui.keyword.internal.WebUIKeywordMain.runKeyword(WebUIKeywordMain.groovy:20)
	at com.kms.katalon.core.webui.keyword.builtin.VerifyTextPresentKeyword.verifyTextPresent(VerifyTextPresentKeyword.groovy:83)
	at com.kms.katalon.core.webui.keyword.builtin.VerifyTextPresentKeyword.execute(VerifyTextPresentKeyword.groovy:68)
	at com.kms.katalon.core.keyword.internal.KeywordExecutor.executeKeywordForPlatform(KeywordExecutor.groovy:72)
	at com.kms.katalon.core.webui.keyword.WebUiBuiltInKeywords.verifyTextPresent(WebUiBuiltInKeywords.groovy:1719)
	at com.kms.katalon.core.webui.keyword.WebUiBuiltInKeywords$verifyTextPresent$4.call(Unknown Source)
	at VLinkSale-Successful.run(VLinkSale-Successful:76)
	at com.kms.katalon.core.main.ScriptEngine.run(ScriptEngine.java:194)
	at com.kms.katalon.core.main.ScriptEngine.runScriptAsRawText(ScriptEngine.java:119)
	at com.kms.katalon.core.main.TestCaseExecutor.runScript(TestCaseExecutor.java:337)
	at com.kms.katalon.core.main.TestCaseExecutor.doExecute(TestCaseExecutor.java:328)
	at com.kms.katalon.core.main.TestCaseExecutor.processExecutionPhase(TestCaseExecutor.java:307)
	at com.kms.katalon.core.main.TestCaseExecutor.accessMainPhase(TestCaseExecutor.java:299)
	at com.kms.katalon.core.main.TestCaseExecutor.execute(TestCaseExecutor.java:233)
	at com.kms.katalon.core.main.TestSuiteExecutor.accessTestCaseMainPhase(TestSuiteExecutor.java:169)
	at com.kms.katalon.core.main.TestSuiteExecutor.accessTestSuiteMainPhase(TestSuiteExecutor.java:142)
	at com.kms.katalon.core.main.TestSuiteExecutor.execute(TestSuiteExecutor.java:91)
	at com.kms.katalon.core.main.TestCaseMain.startTestSuite(TestCaseMain.java:157)
	at com.kms.katalon.core.main.TestCaseMain$startTestSuite$0.call(Unknown Source)
	at TempTestSuite1608784106629.run(TempTestSuite1608784106629.groovy:37)
)

2020-12-24 01:18:12 - [MESSAGE][FAILED] - Text 'Transaction approved, no errors' is not present on page  using regular expression (Root cause: com.kms.katalon.core.exception.StepFailedException: Text 'Transaction approved, no errors' is not present on page  using regular expression
	at com.kms.katalon.core.webui.keyword.internal.WebUIKeywordMain.stepFailed(WebUIKeywordMain.groovy:64)
	at com.kms.katalon.core.webui.keyword.builtin.VerifyTextPresentKeyword$_verifyTextPresent_closure1.doCall(VerifyTextPresentKeyword.groovy:79)
	at com.kms.katalon.core.webui.keyword.builtin.VerifyTextPresentKeyword$_verifyTextPresent_closure1.call(VerifyTextPresentKeyword.groovy)
	at com.kms.katalon.core.webui.keyword.internal.WebUIKeywordMain.runKeyword(WebUIKeywordMain.groovy:20)
	at com.kms.katalon.core.webui.keyword.builtin.VerifyTextPresentKeyword.verifyTextPresent(VerifyTextPresentKeyword.groovy:83)
	at com.kms.katalon.core.webui.keyword.builtin.VerifyTextPresentKeyword.execute(VerifyTextPresentKeyword.groovy:68)
	at com.kms.katalon.core.keyword.internal.KeywordExecutor.executeKeywordForPlatform(KeywordExecutor.groovy:72)
	at com.kms.katalon.core.webui.keyword.WebUiBuiltInKeywords.verifyTextPresent(WebUiBuiltInKeywords.groovy:1719)
	at com.kms.katalon.core.webui.keyword.WebUiBuiltInKeywords$verifyTextPresent$4.call(Unknown Source)
	at VLinkSale-Successful.run(VLinkSale-Successful:76)
	at com.kms.katalon.core.main.ScriptEngine.run(ScriptEngine.java:194)
	at com.kms.katalon.core.main.ScriptEngine.runScriptAsRawText(ScriptEngine.java:119)
	at com.kms.katalon.core.main.TestCaseExecutor.runScript(TestCaseExecutor.java:337)
	at com.kms.katalon.core.main.TestCaseExecutor.doExecute(TestCaseExecutor.java:328)
	at com.kms.katalon.core.main.TestCaseExecutor.processExecutionPhase(TestCaseExecutor.java:307)
	at com.kms.katalon.core.main.TestCaseExecutor.accessMainPhase(TestCaseExecutor.java:299)
	at com.kms.katalon.core.main.TestCaseExecutor.execute(TestCaseExecutor.java:233)
	at com.kms.katalon.core.main.TestSuiteExecutor.accessTestCaseMainPhase(TestSuiteExecutor.java:169)
	at com.kms.katalon.core.main.TestSuiteExecutor.accessTestSuiteMainPhase(TestSuiteExecutor.java:142)
	at com.kms.katalon.core.main.TestSuiteExecutor.execute(TestSuiteExecutor.java:91)
	at com.kms.katalon.core.main.TestCaseMain.startTestSuite(TestCaseMain.java:157)
	at com.kms.katalon.core.main.TestCaseMain$startTestSuite$0.call(Unknown Source)
	at TempTestSuite1608784106629.run(TempTestSuite1608784106629.groovy:37)
)

2020-12-24 01:18:12 - [TEST_STEP][PASSED] - else: pages.WriteExcel.demoKey is PASSED

2020-12-24 01:18:12 - [TEST_STEP][PASSED] - println("Transaction Approved, no errors text is not present on the Confirmation page"): null

2020-12-24 01:18:12 - [TEST_STEP][PASSED] - out.println("Fail Record Number: " + row): null

2020-12-24 01:18:12 - [TEST_STEP][PASSED] - resText = "Fail": null

2020-12-24 01:18:12 - [TEST_STEP][PASSED] - pages.WriteExcel.demoKey(resText, datText, resColumn, datCloumn, fileLoc, nameSheet, row): pages.WriteExcel.demoKey is PASSED

2020-12-24 01:18:12 - [MESSAGE][PASSED] - pages.WriteExcel.demoKey is PASSED

2020-12-24 01:18:12 - [TEST_STEP][PASSED] - sdfo = getText(findTestObject("Object Repository/Page_VLinkReceipt/pre_STX")): Text of object 'Object Repository/Page_VLinkReceipt/pre_STX' is: '<STX>Zvk8LyceFlJM                  12088160            2  Transaction failed                                1  General platform system error                                                              <ETX>'

2020-12-24 01:18:13 - [MESSAGE][PASSED] - Text of object 'Object Repository/Page_VLinkReceipt/pre_STX' is: '<STX>Zvk8LyceFlJM                  12088160            2  Transaction failed                                1  General platform system error                                                              <ETX>'

2020-12-24 01:18:13 - [TEST_STEP][PASSED] - out.println("sdfo: " + sdfo): null

2020-12-24 01:18:13 - [TEST_STEP][PASSED] - remID = substring(5, 35).trim(): null

2020-12-24 01:18:13 - [TEST_STEP][PASSED] - out.println("Remittance ID: " + remID): null

2020-12-24 01:18:13 - [TEST_STEP][PASSED] - traxID = substring(35, 55).trim(): null

2020-12-24 01:18:13 - [TEST_STEP][PASSED] - out.println("Transaction ID: " + traxID): null

2020-12-24 01:18:13 - [TEST_STEP][PASSED] - out.println("End Record Number: " + row): null

2020-12-24 01:18:13 - [TEST_STEP][PASSED] - closeBrowser(): Browser is closed

2020-12-24 01:18:13 - [MESSAGE][PASSED] - Browser is closed

2020-12-24 01:18:13 - [TEST_STEP][PASSED] - out.println("Begin Record Number: " + row): null

2020-12-24 01:18:13 - [TEST_STEP][PASSED] - today = new java.util.Date(): null

2020-12-24 01:18:13 - [TEST_STEP][PASSED] - println(today): null

2020-12-24 01:18:13 - [TEST_STEP][PASSED] - datText = today: null

2020-12-24 01:18:13 - [TEST_STEP][PASSED] - openBrowser(VLinkURL + "authcap.html"): Browser is opened with url: 'https://dev-algorithm.govolution.com/vlinktest/QA/version_2_0/authcap.html'

2020-12-24 01:18:13 - [MESSAGE][INFO] - Starting 'Chrome' driver

2020-12-24 01:18:13 - [MESSAGE][INFO] - User set preference: ['acceptInsecureCerts', 'true']

2020-12-24 01:18:14 - [MESSAGE][INFO] - Action delay is set to 0 milliseconds

2020-12-24 01:18:17 - [MESSAGE][PASSED] - Browser is opened with url: 'https://dev-algorithm.govolution.com/vlinktest/QA/version_2_0/authcap.html'

2020-12-24 01:18:17 - [TEST_STEP][PASSED] - maximizeWindow(): Current window maximized

2020-12-24 01:18:17 - [MESSAGE][PASSED] - Current window maximized

2020-12-24 01:18:17 - [TEST_STEP][PASSED] - vlinkPages.saleCCPage.setDataSCC(row, dataFile): vlinkPages.saleCCPage.setDataSCC is PASSED

2020-12-24 01:18:19 - [MESSAGE][PASSED] - Object 'Object Repository/VLink/Page_CCSale/txt_CardNumber' is present

2020-12-24 01:18:19 - [MESSAGE][PASSED] - Object 'Object Repository/VLink/Page_CCSale/txt_TransactionType' is present

2020-12-24 01:18:20 - [MESSAGE][PASSED] - Text '104' is set on object 'Object Repository/VLink/Page_CCSale/txt_TransactionType'

2020-12-24 01:18:20 - [MESSAGE][PASSED] - Object 'Object Repository/VLink/Page_CCSale/txt_MessageVersion' is present

2020-12-24 01:18:21 - [MESSAGE][PASSED] - Text '2.0C' is set on object 'Object Repository/VLink/Page_CCSale/txt_MessageVersion'

2020-12-24 01:18:21 - [MESSAGE][PASSED] - Object 'Object Repository/VLink/Page_CCSale/txt_RemID' is present

2020-12-24 01:18:22 - [MESSAGE][PASSED] - Text '88qik8XwL4gZ' is set on object 'Object Repository/VLink/Page_CCSale/txt_RemID'

2020-12-24 01:18:22 - [MESSAGE][PASSED] - Object 'Object Repository/VLink/Page_CCSale/txt_ApplicationId' is present

2020-12-24 01:18:23 - [MESSAGE][PASSED] - Text '672' is set on object 'Object Repository/VLink/Page_CCSale/txt_ApplicationId'

2020-12-24 01:18:23 - [MESSAGE][PASSED] - Object 'Object Repository/VLink/Page_CCSale/txt_Username' is present

2020-12-24 01:18:24 - [MESSAGE][PASSED] - Text 'username' is set on object 'Object Repository/VLink/Page_CCSale/txt_Username'

2020-12-24 01:18:24 - [MESSAGE][PASSED] - Object 'Object Repository/VLink/Page_CCSale/txt_Password' is present

2020-12-24 01:18:25 - [MESSAGE][PASSED] - Text 'password' is set on object 'Object Repository/VLink/Page_CCSale/txt_Password'

2020-12-24 01:18:25 - [MESSAGE][PASSED] - Object 'Object Repository/VLink/Page_CCSale/txt_ResponseFormat' is present

2020-12-24 01:18:26 - [MESSAGE][PASSED] - Text 'fixed_width' is set on object 'Object Repository/VLink/Page_CCSale/txt_ResponseFormat'

2020-12-24 01:18:26 - [MESSAGE][PASSED] - Object 'Object Repository/VLink/Page_CCSale/txt_Category' is present

2020-12-24 01:18:27 - [MESSAGE][PASSED] - Text 'RETL' is set on object 'Object Repository/VLink/Page_CCSale/txt_Category'

2020-12-24 01:18:27 - [MESSAGE][PASSED] - Object 'Object Repository/VLink/Page_CCSale/txt_TransactionID' is present

2020-12-24 01:18:27 - [MESSAGE][PASSED] - Text '' is set on object 'Object Repository/VLink/Page_CCSale/txt_TransactionID'

2020-12-24 01:18:28 - [MESSAGE][PASSED] - Object 'Object Repository/VLink/Page_CCSale/txt_ApprovalCode' is present

2020-12-24 01:18:28 - [MESSAGE][PASSED] - Text '' is set on object 'Object Repository/VLink/Page_CCSale/txt_ApprovalCode'

2020-12-24 01:18:29 - [MESSAGE][PASSED] - Object 'Object Repository/VLink/Page_CCSale/txt_CardName' is present

2020-12-24 01:18:29 - [MESSAGE][PASSED] - Text 'Angelo Matt' is set on object 'Object Repository/VLink/Page_CCSale/txt_CardName'

2020-12-24 01:18:29 - [MESSAGE][PASSED] - Object 'Object Repository/VLink/Page_CCSale/txt_AL1' is present

2020-12-24 01:18:30 - [MESSAGE][PASSED] - Text '' is set on object 'Object Repository/VLink/Page_CCSale/txt_AL1'

2020-12-24 01:18:30 - [MESSAGE][PASSED] - Object 'Object Repository/VLink/Page_CCSale/txt_AL2' is present

2020-12-24 01:18:31 - [MESSAGE][PASSED] - Text '' is set on object 'Object Repository/VLink/Page_CCSale/txt_AL2'

2020-12-24 01:18:31 - [MESSAGE][PASSED] - Object 'Object Repository/VLink/Page_CCSale/txt_CardCity' is present

2020-12-24 01:18:32 - [MESSAGE][PASSED] - Text '' is set on object 'Object Repository/VLink/Page_CCSale/txt_CardCity'

2020-12-24 01:18:32 - [MESSAGE][PASSED] - Object 'Object Repository/VLink/Page_CCSale/txt_CardState' is present

2020-12-24 01:18:33 - [MESSAGE][PASSED] - Text '' is set on object 'Object Repository/VLink/Page_CCSale/txt_CardState'

2020-12-24 01:18:33 - [MESSAGE][PASSED] - Object 'Object Repository/VLink/Page_CCSale/txt_CardZIP' is present

2020-12-24 01:18:34 - [MESSAGE][PASSED] - Text '' is set on object 'Object Repository/VLink/Page_CCSale/txt_CardZIP'

2020-12-24 01:18:34 - [MESSAGE][PASSED] - Object 'Object Repository/VLink/Page_CCSale/txt_CountryID' is present

2020-12-24 01:18:35 - [MESSAGE][PASSED] - Text '' is set on object 'Object Repository/VLink/Page_CCSale/txt_CountryID'

2020-12-24 01:18:35 - [MESSAGE][PASSED] - Object 'Object Repository/VLink/Page_CCSale/txt_Amount' is present

2020-12-24 01:18:36 - [MESSAGE][PASSED] - Text '2.50' is set on object 'Object Repository/VLink/Page_CCSale/txt_Amount'

2020-12-24 01:18:36 - [MESSAGE][PASSED] - Object 'Object Repository/VLink/Page_CCSale/txt_CardNumber' is present

2020-12-24 01:18:37 - [MESSAGE][PASSED] - Text '' is set on object 'Object Repository/VLink/Page_CCSale/txt_CardNumber'

2020-12-24 01:18:37 - [MESSAGE][PASSED] - Object 'Object Repository/VLink/Page_CCSale/txt_ExpMonth' is present

2020-12-24 01:18:38 - [MESSAGE][PASSED] - Text '' is set on object 'Object Repository/VLink/Page_CCSale/txt_ExpMonth'

2020-12-24 01:18:38 - [MESSAGE][PASSED] - Object 'Object Repository/VLink/Page_CCSale/txt_ExpYear' is present

2020-12-24 01:18:39 - [MESSAGE][PASSED] - Text '' is set on object 'Object Repository/VLink/Page_CCSale/txt_ExpYear'

2020-12-24 01:18:39 - [MESSAGE][PASSED] - Object 'Object Repository/VLink/Page_CCSale/txt_CVV' is present

2020-12-24 01:18:40 - [MESSAGE][PASSED] - Text '' is set on object 'Object Repository/VLink/Page_CCSale/txt_CVV'

2020-12-24 01:18:40 - [MESSAGE][PASSED] - Object 'Object Repository/VLink/Page_CCSale/txt_CVVstate' is present

2020-12-24 01:18:41 - [MESSAGE][PASSED] - Text '' is set on object 'Object Repository/VLink/Page_CCSale/txt_CVVstate'

2020-12-24 01:18:41 - [MESSAGE][PASSED] - Object 'Object Repository/VLink/Page_CCSale/txt_TrackData' is present

2020-12-24 01:18:42 - [MESSAGE][PASSED] - Text '' is set on object 'Object Repository/VLink/Page_CCSale/txt_TrackData'

2020-12-24 01:18:42 - [MESSAGE][PASSED] - Object 'Object Repository/VLink/Page_CCSale/txt_Track1Data' is present

2020-12-24 01:18:43 - [MESSAGE][PASSED] - Text '' is set on object 'Object Repository/VLink/Page_CCSale/txt_Track1Data'

2020-12-24 01:18:43 - [MESSAGE][PASSED] - Object 'Object Repository/VLink/Page_CCSale/txt_Track2Data' is present

2020-12-24 01:18:44 - [MESSAGE][PASSED] - Text ';5567080011582646=23032010902035400015?' is set on object 'Object Repository/VLink/Page_CCSale/txt_Track2Data'

2020-12-24 01:18:44 - [MESSAGE][PASSED] - Object 'Object Repository/VLink/Page_CCSale/txt_POSEntryMode' is present

2020-12-24 01:18:45 - [MESSAGE][PASSED] - Text '' is set on object 'Object Repository/VLink/Page_CCSale/txt_POSEntryMode'

2020-12-24 01:18:45 - [MESSAGE][PASSED] - Object 'Object Repository/VLink/Page_CCSale/txt_Email' is present

2020-12-24 01:18:46 - [MESSAGE][PASSED] - Text '' is set on object 'Object Repository/VLink/Page_CCSale/txt_Email'

2020-12-24 01:18:46 - [MESSAGE][PASSED] - Object 'Object Repository/VLink/Page_CCSale/txt_OrderNumber' is present

2020-12-24 01:18:47 - [MESSAGE][PASSED] - Text '' is set on object 'Object Repository/VLink/Page_CCSale/txt_OrderNumber'

2020-12-24 01:18:47 - [MESSAGE][PASSED] - Object 'Object Repository/VLink/Page_CCSale/txt_TaxAmount' is present

2020-12-24 01:18:48 - [MESSAGE][PASSED] - Text '' is set on object 'Object Repository/VLink/Page_CCSale/txt_TaxAmount'

2020-12-24 01:18:48 - [MESSAGE][PASSED] - Object 'Object Repository/VLink/Page_CCSale/txt_ChargeDescription' is present

2020-12-24 01:18:49 - [MESSAGE][PASSED] - Text '' is set on object 'Object Repository/VLink/Page_CCSale/txt_ChargeDescription'

2020-12-24 01:18:49 - [MESSAGE][PASSED] - Object 'Object Repository/VLink/Page_CCSale/txt_CAN' is present

2020-12-24 01:18:50 - [MESSAGE][PASSED] - Text '' is set on object 'Object Repository/VLink/Page_CCSale/txt_CAN'

2020-12-24 01:18:50 - [MESSAGE][PASSED] - Object 'Object Repository/VLink/Page_CCSale/txt_BillPaymentIndicator' is present

2020-12-24 01:18:51 - [MESSAGE][PASSED] - Text '' is set on object 'Object Repository/VLink/Page_CCSale/txt_BillPaymentIndicator'

2020-12-24 01:18:51 - [MESSAGE][PASSED] - Object 'Object Repository/VLink/Page_CCSale/txt_UDF1' is present

2020-12-24 01:18:52 - [MESSAGE][PASSED] - Text '' is set on object 'Object Repository/VLink/Page_CCSale/txt_UDF1'

2020-12-24 01:18:52 - [MESSAGE][PASSED] - Object 'Object Repository/VLink/Page_CCSale/txt_UDF2' is present

2020-12-24 01:18:53 - [MESSAGE][PASSED] - Text '' is set on object 'Object Repository/VLink/Page_CCSale/txt_UDF2'

2020-12-24 01:18:53 - [MESSAGE][PASSED] - Object 'Object Repository/VLink/Page_CCSale/txt_UDF3' is present

2020-12-24 01:18:54 - [MESSAGE][PASSED] - Text '' is set on object 'Object Repository/VLink/Page_CCSale/txt_UDF3'

2020-12-24 01:18:54 - [MESSAGE][PASSED] - Object 'Object Repository/VLink/Page_CCSale/txt_UDF4' is present

2020-12-24 01:18:55 - [MESSAGE][PASSED] - Text '' is set on object 'Object Repository/VLink/Page_CCSale/txt_UDF4'

2020-12-24 01:18:55 - [MESSAGE][PASSED] - Object 'Object Repository/VLink/Page_CCSale/txt_UDF5' is present

2020-12-24 01:18:56 - [MESSAGE][PASSED] - Text '' is set on object 'Object Repository/VLink/Page_CCSale/txt_UDF5'

2020-12-24 01:18:56 - [MESSAGE][PASSED] - Object 'Object Repository/VLink/Page_CCSale/txt_UDF6' is present

2020-12-24 01:18:57 - [MESSAGE][PASSED] - Text '' is set on object 'Object Repository/VLink/Page_CCSale/txt_UDF6'

2020-12-24 01:18:57 - [MESSAGE][PASSED] - Object 'Object Repository/VLink/Page_CCSale/txt_UDF7' is present

2020-12-24 01:18:58 - [MESSAGE][PASSED] - Text '' is set on object 'Object Repository/VLink/Page_CCSale/txt_UDF7'

2020-12-24 01:18:58 - [MESSAGE][PASSED] - Object 'Object Repository/VLink/Page_CCSale/txt_UDF8' is present

2020-12-24 01:18:59 - [MESSAGE][PASSED] - Text '' is set on object 'Object Repository/VLink/Page_CCSale/txt_UDF8'

2020-12-24 01:18:59 - [MESSAGE][PASSED] - Object 'Object Repository/VLink/Page_CCSale/txt_UDF9' is present

2020-12-24 01:19:00 - [MESSAGE][PASSED] - Text '' is set on object 'Object Repository/VLink/Page_CCSale/txt_UDF9'

2020-12-24 01:19:00 - [MESSAGE][PASSED] - Object 'Object Repository/VLink/Page_CCSale/txt_UDF10' is present

2020-12-24 01:19:01 - [MESSAGE][PASSED] - Text '' is set on object 'Object Repository/VLink/Page_CCSale/txt_UDF10'

2020-12-24 01:19:01 - [MESSAGE][PASSED] - Object 'Object Repository/VLink/Page_CCSale/txt_CardOnFileIndicator' is present

2020-12-24 01:19:02 - [MESSAGE][PASSED] - Text '' is set on object 'Object Repository/VLink/Page_CCSale/txt_CardOnFileIndicator'

2020-12-24 01:19:02 - [MESSAGE][PASSED] - Object 'Object Repository/VLink/Page_CCSale/txt_StoredCredentialIndicator' is present

2020-12-24 01:19:03 - [MESSAGE][PASSED] - Text '' is set on object 'Object Repository/VLink/Page_CCSale/txt_StoredCredentialIndicator'

2020-12-24 01:19:03 - [MESSAGE][PASSED] - Object 'Object Repository/VLink/Page_CCSale/txt_COFScheduledIndicator' is present

2020-12-24 01:19:04 - [MESSAGE][PASSED] - Text '' is set on object 'Object Repository/VLink/Page_CCSale/txt_COFScheduledIndicator'

2020-12-24 01:19:04 - [MESSAGE][PASSED] - Object 'Object Repository/VLink/Page_CCSale/txt_COFTransactionInitiatedBy' is present

2020-12-24 01:19:05 - [MESSAGE][PASSED] - Text '' is set on object 'Object Repository/VLink/Page_CCSale/txt_COFTransactionInitiatedBy'

2020-12-24 01:19:07 - [MESSAGE][PASSED] - Object: 'Object Repository/VLink/Page_CCSale/btn_ProcessVLinkTransaction' is clicked on

2020-12-24 01:19:12 - [MESSAGE][PASSED] - vlinkPages.saleCCPage.setDataSCC is PASSED

2020-12-24 01:19:12 - [TEST_STEP][PASSED] - if (verifyTextPresent("Transaction approved, no errors", true)): null

2020-12-24 01:19:12 - [MESSAGE][PASSED] - Text 'Transaction approved, no errors' is present on page  using regular expression

2020-12-24 01:19:12 - [TEST_STEP][PASSED] - println("Transaction Approved, no errors text is present on the Confirmation page"): null

2020-12-24 01:19:12 - [TEST_STEP][PASSED] - out.println("Pass Record Number: " + row): null

2020-12-24 01:19:12 - [TEST_STEP][PASSED] - resText = "Pass": null

2020-12-24 01:19:12 - [TEST_STEP][PASSED] - pages.WriteExcel.demoKey(resText, datText, resColumn, datCloumn, fileLoc, nameSheet, row): pages.WriteExcel.demoKey is PASSED

2020-12-24 01:19:12 - [MESSAGE][PASSED] - pages.WriteExcel.demoKey is PASSED

2020-12-24 01:19:12 - [TEST_STEP][PASSED] - sdfo = getText(findTestObject("Object Repository/Page_VLinkReceipt/pre_STX")): Text of object 'Object Repository/Page_VLinkReceipt/pre_STX' is: '<STX>88qik8XwL4gZ                  12088161            0  Transaction approved, no errors                   0                                                                                  R OK0180   <ETX>'

2020-12-24 01:19:13 - [MESSAGE][PASSED] - Text of object 'Object Repository/Page_VLinkReceipt/pre_STX' is: '<STX>88qik8XwL4gZ                  12088161            0  Transaction approved, no errors                   0                                                                                  R OK0180   <ETX>'

2020-12-24 01:19:13 - [TEST_STEP][PASSED] - out.println("sdfo: " + sdfo): null

2020-12-24 01:19:13 - [TEST_STEP][PASSED] - remID = substring(5, 35).trim(): null

2020-12-24 01:19:13 - [TEST_STEP][PASSED] - out.println("Remittance ID: " + remID): null

2020-12-24 01:19:13 - [TEST_STEP][PASSED] - traxID = substring(35, 55).trim(): null

2020-12-24 01:19:13 - [TEST_STEP][PASSED] - out.println("Transaction ID: " + traxID): null

2020-12-24 01:19:13 - [TEST_STEP][PASSED] - out.println("End Record Number: " + row): null

2020-12-24 01:19:13 - [TEST_STEP][PASSED] - closeBrowser(): Browser is closed

2020-12-24 01:19:14 - [MESSAGE][PASSED] - Browser is closed

2020-12-24 01:19:14 - [TEST_STEP][PASSED] - out.println("Begin Record Number: " + row): null

2020-12-24 01:19:14 - [TEST_STEP][PASSED] - today = new java.util.Date(): null

2020-12-24 01:19:14 - [TEST_STEP][PASSED] - println(today): null

2020-12-24 01:19:14 - [TEST_STEP][PASSED] - datText = today: null

2020-12-24 01:19:14 - [TEST_STEP][PASSED] - openBrowser(VLinkURL + "authcap.html"): Browser is opened with url: 'https://dev-algorithm.govolution.com/vlinktest/QA/version_2_0/authcap.html'

2020-12-24 01:19:14 - [MESSAGE][INFO] - Starting 'Chrome' driver

2020-12-24 01:19:14 - [MESSAGE][INFO] - User set preference: ['acceptInsecureCerts', 'true']

2020-12-24 01:19:14 - [MESSAGE][INFO] - Action delay is set to 0 milliseconds

2020-12-24 01:19:18 - [MESSAGE][PASSED] - Browser is opened with url: 'https://dev-algorithm.govolution.com/vlinktest/QA/version_2_0/authcap.html'

2020-12-24 01:19:18 - [TEST_STEP][PASSED] - maximizeWindow(): Current window maximized

2020-12-24 01:19:18 - [MESSAGE][PASSED] - Current window maximized

2020-12-24 01:19:18 - [TEST_STEP][PASSED] - vlinkPages.saleCCPage.setDataSCC(row, dataFile): vlinkPages.saleCCPage.setDataSCC is PASSED

2020-12-24 01:19:20 - [MESSAGE][PASSED] - Object 'Object Repository/VLink/Page_CCSale/txt_CardNumber' is present

2020-12-24 01:19:20 - [MESSAGE][PASSED] - Object 'Object Repository/VLink/Page_CCSale/txt_TransactionType' is present

2020-12-24 01:19:21 - [MESSAGE][PASSED] - Text '104' is set on object 'Object Repository/VLink/Page_CCSale/txt_TransactionType'

2020-12-24 01:19:21 - [MESSAGE][PASSED] - Object 'Object Repository/VLink/Page_CCSale/txt_MessageVersion' is present

2020-12-24 01:19:22 - [MESSAGE][PASSED] - Text '2.0C' is set on object 'Object Repository/VLink/Page_CCSale/txt_MessageVersion'

2020-12-24 01:19:22 - [MESSAGE][PASSED] - Object 'Object Repository/VLink/Page_CCSale/txt_RemID' is present

2020-12-24 01:19:23 - [MESSAGE][PASSED] - Text 'whLXMOlr7FFB' is set on object 'Object Repository/VLink/Page_CCSale/txt_RemID'

2020-12-24 01:19:23 - [MESSAGE][PASSED] - Object 'Object Repository/VLink/Page_CCSale/txt_ApplicationId' is present

2020-12-24 01:19:24 - [MESSAGE][PASSED] - Text '672' is set on object 'Object Repository/VLink/Page_CCSale/txt_ApplicationId'

2020-12-24 01:19:24 - [MESSAGE][PASSED] - Object 'Object Repository/VLink/Page_CCSale/txt_Username' is present

2020-12-24 01:19:25 - [MESSAGE][PASSED] - Text 'username' is set on object 'Object Repository/VLink/Page_CCSale/txt_Username'

2020-12-24 01:19:25 - [MESSAGE][PASSED] - Object 'Object Repository/VLink/Page_CCSale/txt_Password' is present

2020-12-24 01:19:26 - [MESSAGE][PASSED] - Text 'password' is set on object 'Object Repository/VLink/Page_CCSale/txt_Password'

2020-12-24 01:19:26 - [MESSAGE][PASSED] - Object 'Object Repository/VLink/Page_CCSale/txt_ResponseFormat' is present

2020-12-24 01:19:27 - [MESSAGE][PASSED] - Text 'fixed_width' is set on object 'Object Repository/VLink/Page_CCSale/txt_ResponseFormat'

2020-12-24 01:19:27 - [MESSAGE][PASSED] - Object 'Object Repository/VLink/Page_CCSale/txt_Category' is present

2020-12-24 01:19:27 - [MESSAGE][PASSED] - Text 'RETL' is set on object 'Object Repository/VLink/Page_CCSale/txt_Category'

2020-12-24 01:19:28 - [MESSAGE][PASSED] - Object 'Object Repository/VLink/Page_CCSale/txt_TransactionID' is present

2020-12-24 01:19:28 - [MESSAGE][PASSED] - Text '' is set on object 'Object Repository/VLink/Page_CCSale/txt_TransactionID'

2020-12-24 01:19:29 - [MESSAGE][PASSED] - Object 'Object Repository/VLink/Page_CCSale/txt_ApprovalCode' is present

2020-12-24 01:19:29 - [MESSAGE][PASSED] - Text '' is set on object 'Object Repository/VLink/Page_CCSale/txt_ApprovalCode'

2020-12-24 01:19:29 - [MESSAGE][PASSED] - Object 'Object Repository/VLink/Page_CCSale/txt_CardName' is present

2020-12-24 01:19:30 - [MESSAGE][PASSED] - Text '' is set on object 'Object Repository/VLink/Page_CCSale/txt_CardName'

2020-12-24 01:19:30 - [MESSAGE][PASSED] - Object 'Object Repository/VLink/Page_CCSale/txt_AL1' is present

2020-12-24 01:19:31 - [MESSAGE][PASSED] - Text '' is set on object 'Object Repository/VLink/Page_CCSale/txt_AL1'

2020-12-24 01:19:31 - [MESSAGE][PASSED] - Object 'Object Repository/VLink/Page_CCSale/txt_AL2' is present

2020-12-24 01:19:32 - [MESSAGE][PASSED] - Text '' is set on object 'Object Repository/VLink/Page_CCSale/txt_AL2'

2020-12-24 01:19:32 - [MESSAGE][PASSED] - Object 'Object Repository/VLink/Page_CCSale/txt_CardCity' is present

2020-12-24 01:19:33 - [MESSAGE][PASSED] - Text '' is set on object 'Object Repository/VLink/Page_CCSale/txt_CardCity'

2020-12-24 01:19:33 - [MESSAGE][PASSED] - Object 'Object Repository/VLink/Page_CCSale/txt_CardState' is present

2020-12-24 01:19:34 - [MESSAGE][PASSED] - Text '' is set on object 'Object Repository/VLink/Page_CCSale/txt_CardState'

2020-12-24 01:19:34 - [MESSAGE][PASSED] - Object 'Object Repository/VLink/Page_CCSale/txt_CardZIP' is present

2020-12-24 01:19:35 - [MESSAGE][PASSED] - Text '' is set on object 'Object Repository/VLink/Page_CCSale/txt_CardZIP'

2020-12-24 01:19:35 - [MESSAGE][PASSED] - Object 'Object Repository/VLink/Page_CCSale/txt_CountryID' is present

2020-12-24 01:19:36 - [MESSAGE][PASSED] - Text '' is set on object 'Object Repository/VLink/Page_CCSale/txt_CountryID'

2020-12-24 01:19:36 - [MESSAGE][PASSED] - Object 'Object Repository/VLink/Page_CCSale/txt_Amount' is present

2020-12-24 01:19:37 - [MESSAGE][PASSED] - Text '2.50' is set on object 'Object Repository/VLink/Page_CCSale/txt_Amount'

2020-12-24 01:19:37 - [MESSAGE][PASSED] - Object 'Object Repository/VLink/Page_CCSale/txt_CardNumber' is present

2020-12-24 01:19:38 - [MESSAGE][PASSED] - Text '' is set on object 'Object Repository/VLink/Page_CCSale/txt_CardNumber'

2020-12-24 01:19:38 - [MESSAGE][PASSED] - Object 'Object Repository/VLink/Page_CCSale/txt_ExpMonth' is present

2020-12-24 01:19:39 - [MESSAGE][PASSED] - Text '' is set on object 'Object Repository/VLink/Page_CCSale/txt_ExpMonth'

2020-12-24 01:19:39 - [MESSAGE][PASSED] - Object 'Object Repository/VLink/Page_CCSale/txt_ExpYear' is present

2020-12-24 01:19:40 - [MESSAGE][PASSED] - Text '' is set on object 'Object Repository/VLink/Page_CCSale/txt_ExpYear'

2020-12-24 01:19:40 - [MESSAGE][PASSED] - Object 'Object Repository/VLink/Page_CCSale/txt_CVV' is present

2020-12-24 01:19:41 - [MESSAGE][PASSED] - Text '' is set on object 'Object Repository/VLink/Page_CCSale/txt_CVV'

2020-12-24 01:19:41 - [MESSAGE][PASSED] - Object 'Object Repository/VLink/Page_CCSale/txt_CVVstate' is present

2020-12-24 01:19:42 - [MESSAGE][PASSED] - Text '' is set on object 'Object Repository/VLink/Page_CCSale/txt_CVVstate'

2020-12-24 01:19:42 - [MESSAGE][PASSED] - Object 'Object Repository/VLink/Page_CCSale/txt_TrackData' is present

2020-12-24 01:19:43 - [MESSAGE][PASSED] - Text '' is set on object 'Object Repository/VLink/Page_CCSale/txt_TrackData'

2020-12-24 01:19:43 - [MESSAGE][PASSED] - Object 'Object Repository/VLink/Page_CCSale/txt_Track1Data' is present

2020-12-24 01:19:44 - [MESSAGE][PASSED] - Text '%B5567080011582646^AHMED/IMTIAZ              ^2303201090200000000000354000015?' is set on object 'Object Repository/VLink/Page_CCSale/txt_Track1Data'

2020-12-24 01:19:44 - [MESSAGE][PASSED] - Object 'Object Repository/VLink/Page_CCSale/txt_Track2Data' is present

2020-12-24 01:19:45 - [MESSAGE][PASSED] - Text ';5567080011582646=23032010902035400015?' is set on object 'Object Repository/VLink/Page_CCSale/txt_Track2Data'

2020-12-24 01:19:45 - [MESSAGE][PASSED] - Object 'Object Repository/VLink/Page_CCSale/txt_POSEntryMode' is present

2020-12-24 01:19:46 - [MESSAGE][PASSED] - Text '' is set on object 'Object Repository/VLink/Page_CCSale/txt_POSEntryMode'

2020-12-24 01:19:46 - [MESSAGE][PASSED] - Object 'Object Repository/VLink/Page_CCSale/txt_Email' is present

2020-12-24 01:19:47 - [MESSAGE][PASSED] - Text '' is set on object 'Object Repository/VLink/Page_CCSale/txt_Email'

2020-12-24 01:19:47 - [MESSAGE][PASSED] - Object 'Object Repository/VLink/Page_CCSale/txt_OrderNumber' is present

2020-12-24 01:19:48 - [MESSAGE][PASSED] - Text '' is set on object 'Object Repository/VLink/Page_CCSale/txt_OrderNumber'

2020-12-24 01:19:48 - [MESSAGE][PASSED] - Object 'Object Repository/VLink/Page_CCSale/txt_TaxAmount' is present

2020-12-24 01:19:49 - [MESSAGE][PASSED] - Text '' is set on object 'Object Repository/VLink/Page_CCSale/txt_TaxAmount'

2020-12-24 01:19:49 - [MESSAGE][PASSED] - Object 'Object Repository/VLink/Page_CCSale/txt_ChargeDescription' is present

2020-12-24 01:19:50 - [MESSAGE][PASSED] - Text '' is set on object 'Object Repository/VLink/Page_CCSale/txt_ChargeDescription'

2020-12-24 01:19:50 - [MESSAGE][PASSED] - Object 'Object Repository/VLink/Page_CCSale/txt_CAN' is present

2020-12-24 01:19:51 - [MESSAGE][PASSED] - Text '' is set on object 'Object Repository/VLink/Page_CCSale/txt_CAN'

2020-12-24 01:19:51 - [MESSAGE][PASSED] - Object 'Object Repository/VLink/Page_CCSale/txt_BillPaymentIndicator' is present

2020-12-24 01:19:52 - [MESSAGE][PASSED] - Text '' is set on object 'Object Repository/VLink/Page_CCSale/txt_BillPaymentIndicator'

2020-12-24 01:19:52 - [MESSAGE][PASSED] - Object 'Object Repository/VLink/Page_CCSale/txt_UDF1' is present

2020-12-24 01:19:53 - [MESSAGE][PASSED] - Text '' is set on object 'Object Repository/VLink/Page_CCSale/txt_UDF1'

2020-12-24 01:19:53 - [MESSAGE][PASSED] - Object 'Object Repository/VLink/Page_CCSale/txt_UDF2' is present

2020-12-24 01:19:54 - [MESSAGE][PASSED] - Text '' is set on object 'Object Repository/VLink/Page_CCSale/txt_UDF2'

2020-12-24 01:19:54 - [MESSAGE][PASSED] - Object 'Object Repository/VLink/Page_CCSale/txt_UDF3' is present

2020-12-24 01:19:55 - [MESSAGE][PASSED] - Text '' is set on object 'Object Repository/VLink/Page_CCSale/txt_UDF3'

2020-12-24 01:19:55 - [MESSAGE][PASSED] - Object 'Object Repository/VLink/Page_CCSale/txt_UDF4' is present

2020-12-24 01:19:56 - [MESSAGE][PASSED] - Text '' is set on object 'Object Repository/VLink/Page_CCSale/txt_UDF4'

2020-12-24 01:19:56 - [MESSAGE][PASSED] - Object 'Object Repository/VLink/Page_CCSale/txt_UDF5' is present

2020-12-24 01:19:57 - [MESSAGE][PASSED] - Text '' is set on object 'Object Repository/VLink/Page_CCSale/txt_UDF5'

2020-12-24 01:19:57 - [MESSAGE][PASSED] - Object 'Object Repository/VLink/Page_CCSale/txt_UDF6' is present

2020-12-24 01:19:58 - [MESSAGE][PASSED] - Text '' is set on object 'Object Repository/VLink/Page_CCSale/txt_UDF6'

2020-12-24 01:19:58 - [MESSAGE][PASSED] - Object 'Object Repository/VLink/Page_CCSale/txt_UDF7' is present

2020-12-24 01:19:59 - [MESSAGE][PASSED] - Text '' is set on object 'Object Repository/VLink/Page_CCSale/txt_UDF7'

2020-12-24 01:19:59 - [MESSAGE][PASSED] - Object 'Object Repository/VLink/Page_CCSale/txt_UDF8' is present

2020-12-24 01:19:59 - [MESSAGE][PASSED] - Text '' is set on object 'Object Repository/VLink/Page_CCSale/txt_UDF8'

2020-12-24 01:20:00 - [MESSAGE][PASSED] - Object 'Object Repository/VLink/Page_CCSale/txt_UDF9' is present

2020-12-24 01:20:00 - [MESSAGE][PASSED] - Text '' is set on object 'Object Repository/VLink/Page_CCSale/txt_UDF9'

2020-12-24 01:20:01 - [MESSAGE][PASSED] - Object 'Object Repository/VLink/Page_CCSale/txt_UDF10' is present

2020-12-24 01:20:01 - [MESSAGE][PASSED] - Text '' is set on object 'Object Repository/VLink/Page_CCSale/txt_UDF10'

2020-12-24 01:20:02 - [MESSAGE][PASSED] - Object 'Object Repository/VLink/Page_CCSale/txt_CardOnFileIndicator' is present

2020-12-24 01:20:02 - [MESSAGE][PASSED] - Text '' is set on object 'Object Repository/VLink/Page_CCSale/txt_CardOnFileIndicator'

2020-12-24 01:20:03 - [MESSAGE][PASSED] - Object 'Object Repository/VLink/Page_CCSale/txt_StoredCredentialIndicator' is present

2020-12-24 01:20:03 - [MESSAGE][PASSED] - Text '' is set on object 'Object Repository/VLink/Page_CCSale/txt_StoredCredentialIndicator'

2020-12-24 01:20:04 - [MESSAGE][PASSED] - Object 'Object Repository/VLink/Page_CCSale/txt_COFScheduledIndicator' is present

2020-12-24 01:20:04 - [MESSAGE][PASSED] - Text '' is set on object 'Object Repository/VLink/Page_CCSale/txt_COFScheduledIndicator'

2020-12-24 01:20:05 - [MESSAGE][PASSED] - Object 'Object Repository/VLink/Page_CCSale/txt_COFTransactionInitiatedBy' is present

2020-12-24 01:20:05 - [MESSAGE][PASSED] - Text '' is set on object 'Object Repository/VLink/Page_CCSale/txt_COFTransactionInitiatedBy'

2020-12-24 01:20:08 - [MESSAGE][PASSED] - Object: 'Object Repository/VLink/Page_CCSale/btn_ProcessVLinkTransaction' is clicked on

2020-12-24 01:20:13 - [MESSAGE][PASSED] - vlinkPages.saleCCPage.setDataSCC is PASSED

2020-12-24 01:20:13 - [TEST_STEP][PASSED] - if (verifyTextPresent("Transaction approved, no errors", true)): null

2020-12-24 01:20:13 - [MESSAGE][PASSED] - Text 'Transaction approved, no errors' is present on page  using regular expression

2020-12-24 01:20:13 - [TEST_STEP][PASSED] - println("Transaction Approved, no errors text is present on the Confirmation page"): null

2020-12-24 01:20:13 - [TEST_STEP][PASSED] - out.println("Pass Record Number: " + row): null

2020-12-24 01:20:13 - [TEST_STEP][PASSED] - resText = "Pass": null

2020-12-24 01:20:13 - [TEST_STEP][PASSED] - pages.WriteExcel.demoKey(resText, datText, resColumn, datCloumn, fileLoc, nameSheet, row): pages.WriteExcel.demoKey is PASSED

2020-12-24 01:20:13 - [MESSAGE][PASSED] - pages.WriteExcel.demoKey is PASSED

2020-12-24 01:20:13 - [TEST_STEP][PASSED] - sdfo = getText(findTestObject("Object Repository/Page_VLinkReceipt/pre_STX")): Text of object 'Object Repository/Page_VLinkReceipt/pre_STX' is: '<STX>whLXMOlr7FFB                  12088162            0  Transaction approved, no errors                   0                                                                                  R OK0310   <ETX>'

2020-12-24 01:20:14 - [MESSAGE][PASSED] - Text of object 'Object Repository/Page_VLinkReceipt/pre_STX' is: '<STX>whLXMOlr7FFB                  12088162            0  Transaction approved, no errors                   0                                                                                  R OK0310   <ETX>'

2020-12-24 01:20:14 - [TEST_STEP][PASSED] - out.println("sdfo: " + sdfo): null

2020-12-24 01:20:14 - [TEST_STEP][PASSED] - remID = substring(5, 35).trim(): null

2020-12-24 01:20:14 - [TEST_STEP][PASSED] - out.println("Remittance ID: " + remID): null

2020-12-24 01:20:14 - [TEST_STEP][PASSED] - traxID = substring(35, 55).trim(): null

2020-12-24 01:20:14 - [TEST_STEP][PASSED] - out.println("Transaction ID: " + traxID): null

2020-12-24 01:20:14 - [TEST_STEP][PASSED] - out.println("End Record Number: " + row): null

2020-12-24 01:20:14 - [TEST_STEP][PASSED] - closeBrowser(): Browser is closed

2020-12-24 01:20:14 - [MESSAGE][PASSED] - Browser is closed

2020-12-24 01:20:14 - [TEST_STEP][PASSED] - out.println("Begin Record Number: " + row): null

2020-12-24 01:20:14 - [TEST_STEP][PASSED] - today = new java.util.Date(): null

2020-12-24 01:20:14 - [TEST_STEP][PASSED] - println(today): null

2020-12-24 01:20:14 - [TEST_STEP][PASSED] - datText = today: null

2020-12-24 01:20:14 - [TEST_STEP][PASSED] - openBrowser(VLinkURL + "authcap.html"): Browser is opened with url: 'https://dev-algorithm.govolution.com/vlinktest/QA/version_2_0/authcap.html'

2020-12-24 01:20:14 - [MESSAGE][INFO] - Starting 'Chrome' driver

2020-12-24 01:20:14 - [MESSAGE][INFO] - User set preference: ['acceptInsecureCerts', 'true']

2020-12-24 01:20:14 - [MESSAGE][INFO] - Action delay is set to 0 milliseconds

2020-12-24 01:20:19 - [MESSAGE][PASSED] - Browser is opened with url: 'https://dev-algorithm.govolution.com/vlinktest/QA/version_2_0/authcap.html'

2020-12-24 01:20:19 - [TEST_STEP][PASSED] - maximizeWindow(): Current window maximized

2020-12-24 01:20:19 - [MESSAGE][PASSED] - Current window maximized

2020-12-24 01:20:19 - [TEST_STEP][PASSED] - vlinkPages.saleCCPage.setDataSCC(row, dataFile): vlinkPages.saleCCPage.setDataSCC is PASSED

2020-12-24 01:20:21 - [MESSAGE][PASSED] - Object 'Object Repository/VLink/Page_CCSale/txt_CardNumber' is present

2020-12-24 01:20:21 - [MESSAGE][PASSED] - Object 'Object Repository/VLink/Page_CCSale/txt_TransactionType' is present

2020-12-24 01:20:22 - [MESSAGE][PASSED] - Text '104' is set on object 'Object Repository/VLink/Page_CCSale/txt_TransactionType'

2020-12-24 01:20:22 - [MESSAGE][PASSED] - Object 'Object Repository/VLink/Page_CCSale/txt_MessageVersion' is present

2020-12-24 01:20:23 - [MESSAGE][PASSED] - Text '2.0C' is set on object 'Object Repository/VLink/Page_CCSale/txt_MessageVersion'

2020-12-24 01:20:23 - [MESSAGE][PASSED] - Object 'Object Repository/VLink/Page_CCSale/txt_RemID' is present

2020-12-24 01:20:23 - [MESSAGE][PASSED] - Text 'hcHQXTDIYFGy' is set on object 'Object Repository/VLink/Page_CCSale/txt_RemID'

2020-12-24 01:20:24 - [MESSAGE][PASSED] - Object 'Object Repository/VLink/Page_CCSale/txt_ApplicationId' is present

2020-12-24 01:20:24 - [MESSAGE][PASSED] - Text '677' is set on object 'Object Repository/VLink/Page_CCSale/txt_ApplicationId'

2020-12-24 01:20:25 - [MESSAGE][PASSED] - Object 'Object Repository/VLink/Page_CCSale/txt_Username' is present

2020-12-24 01:20:25 - [MESSAGE][PASSED] - Text 'username' is set on object 'Object Repository/VLink/Page_CCSale/txt_Username'

2020-12-24 01:20:25 - [MESSAGE][PASSED] - Object 'Object Repository/VLink/Page_CCSale/txt_Password' is present

2020-12-24 01:20:26 - [MESSAGE][PASSED] - Text 'password' is set on object 'Object Repository/VLink/Page_CCSale/txt_Password'

2020-12-24 01:20:26 - [MESSAGE][PASSED] - Object 'Object Repository/VLink/Page_CCSale/txt_ResponseFormat' is present

2020-12-24 01:20:27 - [MESSAGE][PASSED] - Text 'fixed_width' is set on object 'Object Repository/VLink/Page_CCSale/txt_ResponseFormat'

2020-12-24 01:20:27 - [MESSAGE][PASSED] - Object 'Object Repository/VLink/Page_CCSale/txt_Category' is present

2020-12-24 01:20:28 - [MESSAGE][PASSED] - Text 'RETL' is set on object 'Object Repository/VLink/Page_CCSale/txt_Category'

2020-12-24 01:20:28 - [MESSAGE][PASSED] - Object 'Object Repository/VLink/Page_CCSale/txt_TransactionID' is present

2020-12-24 01:20:29 - [MESSAGE][PASSED] - Text '' is set on object 'Object Repository/VLink/Page_CCSale/txt_TransactionID'

2020-12-24 01:20:29 - [MESSAGE][PASSED] - Object 'Object Repository/VLink/Page_CCSale/txt_ApprovalCode' is present

2020-12-24 01:20:30 - [MESSAGE][PASSED] - Text '' is set on object 'Object Repository/VLink/Page_CCSale/txt_ApprovalCode'

2020-12-24 01:20:30 - [MESSAGE][PASSED] - Object 'Object Repository/VLink/Page_CCSale/txt_CardName' is present

2020-12-24 01:20:31 - [MESSAGE][PASSED] - Text '' is set on object 'Object Repository/VLink/Page_CCSale/txt_CardName'

2020-12-24 01:20:31 - [MESSAGE][PASSED] - Object 'Object Repository/VLink/Page_CCSale/txt_AL1' is present

2020-12-24 01:20:32 - [MESSAGE][PASSED] - Text '' is set on object 'Object Repository/VLink/Page_CCSale/txt_AL1'

2020-12-24 01:20:32 - [MESSAGE][PASSED] - Object 'Object Repository/VLink/Page_CCSale/txt_AL2' is present

2020-12-24 01:20:33 - [MESSAGE][PASSED] - Text '' is set on object 'Object Repository/VLink/Page_CCSale/txt_AL2'

2020-12-24 01:20:33 - [MESSAGE][PASSED] - Object 'Object Repository/VLink/Page_CCSale/txt_CardCity' is present

2020-12-24 01:20:34 - [MESSAGE][PASSED] - Text '' is set on object 'Object Repository/VLink/Page_CCSale/txt_CardCity'

2020-12-24 01:20:34 - [MESSAGE][PASSED] - Object 'Object Repository/VLink/Page_CCSale/txt_CardState' is present

2020-12-24 01:20:35 - [MESSAGE][PASSED] - Text '' is set on object 'Object Repository/VLink/Page_CCSale/txt_CardState'

2020-12-24 01:20:35 - [MESSAGE][PASSED] - Object 'Object Repository/VLink/Page_CCSale/txt_CardZIP' is present

2020-12-24 01:20:36 - [MESSAGE][PASSED] - Text '' is set on object 'Object Repository/VLink/Page_CCSale/txt_CardZIP'

2020-12-24 01:20:36 - [MESSAGE][PASSED] - Object 'Object Repository/VLink/Page_CCSale/txt_CountryID' is present

2020-12-24 01:20:37 - [MESSAGE][PASSED] - Text '' is set on object 'Object Repository/VLink/Page_CCSale/txt_CountryID'

2020-12-24 01:20:37 - [MESSAGE][PASSED] - Object 'Object Repository/VLink/Page_CCSale/txt_Amount' is present

2020-12-24 01:20:38 - [MESSAGE][PASSED] - Text '3.50' is set on object 'Object Repository/VLink/Page_CCSale/txt_Amount'

2020-12-24 01:20:38 - [MESSAGE][PASSED] - Object 'Object Repository/VLink/Page_CCSale/txt_CardNumber' is present

2020-12-24 01:20:39 - [MESSAGE][PASSED] - Text '' is set on object 'Object Repository/VLink/Page_CCSale/txt_CardNumber'

2020-12-24 01:20:39 - [MESSAGE][PASSED] - Object 'Object Repository/VLink/Page_CCSale/txt_ExpMonth' is present

2020-12-24 01:20:40 - [MESSAGE][PASSED] - Text '' is set on object 'Object Repository/VLink/Page_CCSale/txt_ExpMonth'

2020-12-24 01:20:40 - [MESSAGE][PASSED] - Object 'Object Repository/VLink/Page_CCSale/txt_ExpYear' is present

2020-12-24 01:20:41 - [MESSAGE][PASSED] - Text '' is set on object 'Object Repository/VLink/Page_CCSale/txt_ExpYear'

2020-12-24 01:20:41 - [MESSAGE][PASSED] - Object 'Object Repository/VLink/Page_CCSale/txt_CVV' is present

2020-12-24 01:20:42 - [MESSAGE][PASSED] - Text '' is set on object 'Object Repository/VLink/Page_CCSale/txt_CVV'

2020-12-24 01:20:42 - [MESSAGE][PASSED] - Object 'Object Repository/VLink/Page_CCSale/txt_CVVstate' is present

2020-12-24 01:20:43 - [MESSAGE][PASSED] - Text '' is set on object 'Object Repository/VLink/Page_CCSale/txt_CVVstate'

2020-12-24 01:20:43 - [MESSAGE][PASSED] - Object 'Object Repository/VLink/Page_CCSale/txt_TrackData' is present

2020-12-24 01:20:44 - [MESSAGE][PASSED] - Text '%B5567080011582646^AHMED/IMTIAZ              ^2303201090200000000000354000015?;5567080011582646=23032010902035400015?' is set on object 'Object Repository/VLink/Page_CCSale/txt_TrackData'

2020-12-24 01:20:44 - [MESSAGE][PASSED] - Object 'Object Repository/VLink/Page_CCSale/txt_Track1Data' is present

2020-12-24 01:20:45 - [MESSAGE][PASSED] - Text '' is set on object 'Object Repository/VLink/Page_CCSale/txt_Track1Data'

2020-12-24 01:20:45 - [MESSAGE][PASSED] - Object 'Object Repository/VLink/Page_CCSale/txt_Track2Data' is present

2020-12-24 01:20:46 - [MESSAGE][PASSED] - Text '' is set on object 'Object Repository/VLink/Page_CCSale/txt_Track2Data'

2020-12-24 01:20:46 - [MESSAGE][PASSED] - Object 'Object Repository/VLink/Page_CCSale/txt_POSEntryMode' is present

2020-12-24 01:20:47 - [MESSAGE][PASSED] - Text '' is set on object 'Object Repository/VLink/Page_CCSale/txt_POSEntryMode'

2020-12-24 01:20:47 - [MESSAGE][PASSED] - Object 'Object Repository/VLink/Page_CCSale/txt_Email' is present

2020-12-24 01:20:48 - [MESSAGE][PASSED] - Text '' is set on object 'Object Repository/VLink/Page_CCSale/txt_Email'

2020-12-24 01:20:48 - [MESSAGE][PASSED] - Object 'Object Repository/VLink/Page_CCSale/txt_OrderNumber' is present

2020-12-24 01:20:49 - [MESSAGE][PASSED] - Text '' is set on object 'Object Repository/VLink/Page_CCSale/txt_OrderNumber'

2020-12-24 01:20:49 - [MESSAGE][PASSED] - Object 'Object Repository/VLink/Page_CCSale/txt_TaxAmount' is present

2020-12-24 01:20:50 - [MESSAGE][PASSED] - Text '' is set on object 'Object Repository/VLink/Page_CCSale/txt_TaxAmount'

2020-12-24 01:20:50 - [MESSAGE][PASSED] - Object 'Object Repository/VLink/Page_CCSale/txt_ChargeDescription' is present

2020-12-24 01:20:51 - [MESSAGE][PASSED] - Text '' is set on object 'Object Repository/VLink/Page_CCSale/txt_ChargeDescription'

2020-12-24 01:20:51 - [MESSAGE][PASSED] - Object 'Object Repository/VLink/Page_CCSale/txt_CAN' is present

2020-12-24 01:20:52 - [MESSAGE][PASSED] - Text '' is set on object 'Object Repository/VLink/Page_CCSale/txt_CAN'

2020-12-24 01:20:52 - [MESSAGE][PASSED] - Object 'Object Repository/VLink/Page_CCSale/txt_BillPaymentIndicator' is present

2020-12-24 01:20:53 - [MESSAGE][PASSED] - Text '' is set on object 'Object Repository/VLink/Page_CCSale/txt_BillPaymentIndicator'

2020-12-24 01:20:53 - [MESSAGE][PASSED] - Object 'Object Repository/VLink/Page_CCSale/txt_UDF1' is present

2020-12-24 01:20:54 - [MESSAGE][PASSED] - Text '' is set on object 'Object Repository/VLink/Page_CCSale/txt_UDF1'

2020-12-24 01:20:54 - [MESSAGE][PASSED] - Object 'Object Repository/VLink/Page_CCSale/txt_UDF2' is present

2020-12-24 01:20:55 - [MESSAGE][PASSED] - Text '' is set on object 'Object Repository/VLink/Page_CCSale/txt_UDF2'

2020-12-24 01:20:55 - [MESSAGE][PASSED] - Object 'Object Repository/VLink/Page_CCSale/txt_UDF3' is present

2020-12-24 01:20:56 - [MESSAGE][PASSED] - Text '' is set on object 'Object Repository/VLink/Page_CCSale/txt_UDF3'

2020-12-24 01:20:56 - [MESSAGE][PASSED] - Object 'Object Repository/VLink/Page_CCSale/txt_UDF4' is present

2020-12-24 01:20:57 - [MESSAGE][PASSED] - Text '' is set on object 'Object Repository/VLink/Page_CCSale/txt_UDF4'

2020-12-24 01:20:57 - [MESSAGE][PASSED] - Object 'Object Repository/VLink/Page_CCSale/txt_UDF5' is present

2020-12-24 01:20:58 - [MESSAGE][PASSED] - Text '' is set on object 'Object Repository/VLink/Page_CCSale/txt_UDF5'

2020-12-24 01:20:58 - [MESSAGE][PASSED] - Object 'Object Repository/VLink/Page_CCSale/txt_UDF6' is present

2020-12-24 01:20:59 - [MESSAGE][PASSED] - Text '' is set on object 'Object Repository/VLink/Page_CCSale/txt_UDF6'

2020-12-24 01:20:59 - [MESSAGE][PASSED] - Object 'Object Repository/VLink/Page_CCSale/txt_UDF7' is present

2020-12-24 01:21:00 - [MESSAGE][PASSED] - Text '' is set on object 'Object Repository/VLink/Page_CCSale/txt_UDF7'

2020-12-24 01:21:00 - [MESSAGE][PASSED] - Object 'Object Repository/VLink/Page_CCSale/txt_UDF8' is present

2020-12-24 01:21:01 - [MESSAGE][PASSED] - Text '' is set on object 'Object Repository/VLink/Page_CCSale/txt_UDF8'

2020-12-24 01:21:01 - [MESSAGE][PASSED] - Object 'Object Repository/VLink/Page_CCSale/txt_UDF9' is present

2020-12-24 01:21:02 - [MESSAGE][PASSED] - Text '' is set on object 'Object Repository/VLink/Page_CCSale/txt_UDF9'

2020-12-24 01:21:02 - [MESSAGE][PASSED] - Object 'Object Repository/VLink/Page_CCSale/txt_UDF10' is present

2020-12-24 01:21:03 - [MESSAGE][PASSED] - Text '' is set on object 'Object Repository/VLink/Page_CCSale/txt_UDF10'

2020-12-24 01:21:03 - [MESSAGE][PASSED] - Object 'Object Repository/VLink/Page_CCSale/txt_CardOnFileIndicator' is present

2020-12-24 01:21:04 - [MESSAGE][PASSED] - Text '' is set on object 'Object Repository/VLink/Page_CCSale/txt_CardOnFileIndicator'

2020-12-24 01:21:04 - [MESSAGE][PASSED] - Object 'Object Repository/VLink/Page_CCSale/txt_StoredCredentialIndicator' is present

2020-12-24 01:21:05 - [MESSAGE][PASSED] - Text '' is set on object 'Object Repository/VLink/Page_CCSale/txt_StoredCredentialIndicator'

2020-12-24 01:21:05 - [MESSAGE][PASSED] - Object 'Object Repository/VLink/Page_CCSale/txt_COFScheduledIndicator' is present

2020-12-24 01:21:06 - [MESSAGE][PASSED] - Text '' is set on object 'Object Repository/VLink/Page_CCSale/txt_COFScheduledIndicator'

2020-12-24 01:21:06 - [MESSAGE][PASSED] - Object 'Object Repository/VLink/Page_CCSale/txt_COFTransactionInitiatedBy' is present

2020-12-24 01:21:07 - [MESSAGE][PASSED] - Text '' is set on object 'Object Repository/VLink/Page_CCSale/txt_COFTransactionInitiatedBy'

2020-12-24 01:21:10 - [MESSAGE][PASSED] - Object: 'Object Repository/VLink/Page_CCSale/btn_ProcessVLinkTransaction' is clicked on

2020-12-24 01:21:15 - [MESSAGE][PASSED] - vlinkPages.saleCCPage.setDataSCC is PASSED

2020-12-24 01:21:15 - [TEST_STEP][PASSED] - if (verifyTextPresent("Transaction approved, no errors", true)): null

2020-12-24 01:21:15 - [MESSAGE][PASSED] - Text 'Transaction approved, no errors' is present on page  using regular expression

2020-12-24 01:21:15 - [TEST_STEP][PASSED] - println("Transaction Approved, no errors text is present on the Confirmation page"): null

2020-12-24 01:21:15 - [TEST_STEP][PASSED] - out.println("Pass Record Number: " + row): null

2020-12-24 01:21:15 - [TEST_STEP][PASSED] - resText = "Pass": null

2020-12-24 01:21:15 - [TEST_STEP][PASSED] - pages.WriteExcel.demoKey(resText, datText, resColumn, datCloumn, fileLoc, nameSheet, row): pages.WriteExcel.demoKey is PASSED

2020-12-24 01:21:15 - [MESSAGE][PASSED] - pages.WriteExcel.demoKey is PASSED

2020-12-24 01:21:15 - [TEST_STEP][PASSED] - sdfo = getText(findTestObject("Object Repository/Page_VLinkReceipt/pre_STX")): Text of object 'Object Repository/Page_VLinkReceipt/pre_STX' is: '<STX>hcHQXTDIYFGy                  12088163            0  Transaction approved, no errors                   0                                                                                  R OK0430   <ETX>'

2020-12-24 01:21:15 - [MESSAGE][PASSED] - Text of object 'Object Repository/Page_VLinkReceipt/pre_STX' is: '<STX>hcHQXTDIYFGy                  12088163            0  Transaction approved, no errors                   0                                                                                  R OK0430   <ETX>'

2020-12-24 01:21:15 - [TEST_STEP][PASSED] - out.println("sdfo: " + sdfo): null

2020-12-24 01:21:15 - [TEST_STEP][PASSED] - remID = substring(5, 35).trim(): null

2020-12-24 01:21:15 - [TEST_STEP][PASSED] - out.println("Remittance ID: " + remID): null

2020-12-24 01:21:15 - [TEST_STEP][PASSED] - traxID = substring(35, 55).trim(): null

2020-12-24 01:21:15 - [TEST_STEP][PASSED] - out.println("Transaction ID: " + traxID): null

2020-12-24 01:21:15 - [TEST_STEP][PASSED] - out.println("End Record Number: " + row): null

2020-12-24 01:21:15 - [TEST_STEP][PASSED] - closeBrowser(): Browser is closed

2020-12-24 01:21:16 - [MESSAGE][PASSED] - Browser is closed

2020-12-24 01:21:16 - [TEST_STEP][PASSED] - out.println("Begin Record Number: " + row): null

2020-12-24 01:21:16 - [TEST_STEP][PASSED] - today = new java.util.Date(): null

2020-12-24 01:21:16 - [TEST_STEP][PASSED] - println(today): null

2020-12-24 01:21:16 - [TEST_STEP][PASSED] - datText = today: null

2020-12-24 01:21:16 - [TEST_STEP][PASSED] - openBrowser(VLinkURL + "authcap.html"): Browser is opened with url: 'https://dev-algorithm.govolution.com/vlinktest/QA/version_2_0/authcap.html'

2020-12-24 01:21:16 - [MESSAGE][INFO] - Starting 'Chrome' driver

2020-12-24 01:21:16 - [MESSAGE][INFO] - User set preference: ['acceptInsecureCerts', 'true']

2020-12-24 01:21:16 - [MESSAGE][INFO] - Action delay is set to 0 milliseconds

2020-12-24 01:21:20 - [MESSAGE][PASSED] - Browser is opened with url: 'https://dev-algorithm.govolution.com/vlinktest/QA/version_2_0/authcap.html'

2020-12-24 01:21:20 - [TEST_STEP][PASSED] - maximizeWindow(): Current window maximized

2020-12-24 01:21:20 - [MESSAGE][PASSED] - Current window maximized

2020-12-24 01:21:20 - [TEST_STEP][PASSED] - vlinkPages.saleCCPage.setDataSCC(row, dataFile): vlinkPages.saleCCPage.setDataSCC is PASSED

2020-12-24 01:21:22 - [MESSAGE][PASSED] - Object 'Object Repository/VLink/Page_CCSale/txt_CardNumber' is present

2020-12-24 01:21:22 - [MESSAGE][PASSED] - Object 'Object Repository/VLink/Page_CCSale/txt_TransactionType' is present

2020-12-24 01:21:23 - [MESSAGE][PASSED] - Text '104' is set on object 'Object Repository/VLink/Page_CCSale/txt_TransactionType'

2020-12-24 01:21:23 - [MESSAGE][PASSED] - Object 'Object Repository/VLink/Page_CCSale/txt_MessageVersion' is present

2020-12-24 01:21:23 - [MESSAGE][PASSED] - Text '2.0C' is set on object 'Object Repository/VLink/Page_CCSale/txt_MessageVersion'

2020-12-24 01:21:24 - [MESSAGE][PASSED] - Object 'Object Repository/VLink/Page_CCSale/txt_RemID' is present

2020-12-24 01:21:24 - [MESSAGE][PASSED] - Text 'eHAtUtCc1Joh' is set on object 'Object Repository/VLink/Page_CCSale/txt_RemID'

2020-12-24 01:21:25 - [MESSAGE][PASSED] - Object 'Object Repository/VLink/Page_CCSale/txt_ApplicationId' is present

2020-12-24 01:21:25 - [MESSAGE][PASSED] - Text '677' is set on object 'Object Repository/VLink/Page_CCSale/txt_ApplicationId'

2020-12-24 01:21:26 - [MESSAGE][PASSED] - Object 'Object Repository/VLink/Page_CCSale/txt_Username' is present

2020-12-24 01:21:26 - [MESSAGE][PASSED] - Text 'username' is set on object 'Object Repository/VLink/Page_CCSale/txt_Username'

2020-12-24 01:21:26 - [MESSAGE][PASSED] - Object 'Object Repository/VLink/Page_CCSale/txt_Password' is present

2020-12-24 01:21:27 - [MESSAGE][PASSED] - Text 'password' is set on object 'Object Repository/VLink/Page_CCSale/txt_Password'

2020-12-24 01:21:27 - [MESSAGE][PASSED] - Object 'Object Repository/VLink/Page_CCSale/txt_ResponseFormat' is present

2020-12-24 01:21:28 - [MESSAGE][PASSED] - Text 'fixed_width' is set on object 'Object Repository/VLink/Page_CCSale/txt_ResponseFormat'

2020-12-24 01:21:28 - [MESSAGE][PASSED] - Object 'Object Repository/VLink/Page_CCSale/txt_Category' is present

2020-12-24 01:21:29 - [MESSAGE][PASSED] - Text 'RETL' is set on object 'Object Repository/VLink/Page_CCSale/txt_Category'

2020-12-24 01:21:29 - [MESSAGE][PASSED] - Object 'Object Repository/VLink/Page_CCSale/txt_TransactionID' is present

2020-12-24 01:21:30 - [MESSAGE][PASSED] - Text '' is set on object 'Object Repository/VLink/Page_CCSale/txt_TransactionID'

2020-12-24 01:21:30 - [MESSAGE][PASSED] - Object 'Object Repository/VLink/Page_CCSale/txt_ApprovalCode' is present

2020-12-24 01:21:31 - [MESSAGE][PASSED] - Text '' is set on object 'Object Repository/VLink/Page_CCSale/txt_ApprovalCode'

2020-12-24 01:21:31 - [MESSAGE][PASSED] - Object 'Object Repository/VLink/Page_CCSale/txt_CardName' is present

2020-12-24 01:21:32 - [MESSAGE][PASSED] - Text '' is set on object 'Object Repository/VLink/Page_CCSale/txt_CardName'

2020-12-24 01:21:32 - [MESSAGE][PASSED] - Object 'Object Repository/VLink/Page_CCSale/txt_AL1' is present

2020-12-24 01:21:33 - [MESSAGE][PASSED] - Text '' is set on object 'Object Repository/VLink/Page_CCSale/txt_AL1'

2020-12-24 01:21:33 - [MESSAGE][PASSED] - Object 'Object Repository/VLink/Page_CCSale/txt_AL2' is present

2020-12-24 01:21:34 - [MESSAGE][PASSED] - Text '' is set on object 'Object Repository/VLink/Page_CCSale/txt_AL2'

2020-12-24 01:21:34 - [MESSAGE][PASSED] - Object 'Object Repository/VLink/Page_CCSale/txt_CardCity' is present

2020-12-24 01:21:35 - [MESSAGE][PASSED] - Text '' is set on object 'Object Repository/VLink/Page_CCSale/txt_CardCity'

2020-12-24 01:21:35 - [MESSAGE][PASSED] - Object 'Object Repository/VLink/Page_CCSale/txt_CardState' is present

2020-12-24 01:21:36 - [MESSAGE][PASSED] - Text '' is set on object 'Object Repository/VLink/Page_CCSale/txt_CardState'

2020-12-24 01:21:36 - [MESSAGE][PASSED] - Object 'Object Repository/VLink/Page_CCSale/txt_CardZIP' is present

2020-12-24 01:21:37 - [MESSAGE][PASSED] - Text '' is set on object 'Object Repository/VLink/Page_CCSale/txt_CardZIP'

2020-12-24 01:21:37 - [MESSAGE][PASSED] - Object 'Object Repository/VLink/Page_CCSale/txt_CountryID' is present

2020-12-24 01:21:38 - [MESSAGE][PASSED] - Text '' is set on object 'Object Repository/VLink/Page_CCSale/txt_CountryID'

2020-12-24 01:21:38 - [MESSAGE][PASSED] - Object 'Object Repository/VLink/Page_CCSale/txt_Amount' is present

2020-12-24 01:21:39 - [MESSAGE][PASSED] - Text '3.50' is set on object 'Object Repository/VLink/Page_CCSale/txt_Amount'

2020-12-24 01:21:39 - [MESSAGE][PASSED] - Object 'Object Repository/VLink/Page_CCSale/txt_CardNumber' is present

2020-12-24 01:21:40 - [MESSAGE][PASSED] - Text '' is set on object 'Object Repository/VLink/Page_CCSale/txt_CardNumber'

2020-12-24 01:21:40 - [MESSAGE][PASSED] - Object 'Object Repository/VLink/Page_CCSale/txt_ExpMonth' is present

2020-12-24 01:21:41 - [MESSAGE][PASSED] - Text '' is set on object 'Object Repository/VLink/Page_CCSale/txt_ExpMonth'

2020-12-24 01:21:41 - [MESSAGE][PASSED] - Object 'Object Repository/VLink/Page_CCSale/txt_ExpYear' is present

2020-12-24 01:21:42 - [MESSAGE][PASSED] - Text '' is set on object 'Object Repository/VLink/Page_CCSale/txt_ExpYear'

2020-12-24 01:21:42 - [MESSAGE][PASSED] - Object 'Object Repository/VLink/Page_CCSale/txt_CVV' is present

2020-12-24 01:21:43 - [MESSAGE][PASSED] - Text '' is set on object 'Object Repository/VLink/Page_CCSale/txt_CVV'

2020-12-24 01:21:43 - [MESSAGE][PASSED] - Object 'Object Repository/VLink/Page_CCSale/txt_CVVstate' is present

2020-12-24 01:21:44 - [MESSAGE][PASSED] - Text '' is set on object 'Object Repository/VLink/Page_CCSale/txt_CVVstate'

2020-12-24 01:21:44 - [MESSAGE][PASSED] - Object 'Object Repository/VLink/Page_CCSale/txt_TrackData' is present

2020-12-24 01:21:45 - [MESSAGE][PASSED] - Text '' is set on object 'Object Repository/VLink/Page_CCSale/txt_TrackData'

2020-12-24 01:21:45 - [MESSAGE][PASSED] - Object 'Object Repository/VLink/Page_CCSale/txt_Track1Data' is present

2020-12-24 01:21:46 - [MESSAGE][PASSED] - Text '%B5567080011582646^AHMED/IMTIAZ              ^2303201090200000000000354000015?' is set on object 'Object Repository/VLink/Page_CCSale/txt_Track1Data'

2020-12-24 01:21:46 - [MESSAGE][PASSED] - Object 'Object Repository/VLink/Page_CCSale/txt_Track2Data' is present

2020-12-24 01:21:47 - [MESSAGE][PASSED] - Text '' is set on object 'Object Repository/VLink/Page_CCSale/txt_Track2Data'

2020-12-24 01:21:47 - [MESSAGE][PASSED] - Object 'Object Repository/VLink/Page_CCSale/txt_POSEntryMode' is present

2020-12-24 01:21:48 - [MESSAGE][PASSED] - Text '' is set on object 'Object Repository/VLink/Page_CCSale/txt_POSEntryMode'

2020-12-24 01:21:48 - [MESSAGE][PASSED] - Object 'Object Repository/VLink/Page_CCSale/txt_Email' is present

2020-12-24 01:21:49 - [MESSAGE][PASSED] - Text '' is set on object 'Object Repository/VLink/Page_CCSale/txt_Email'

2020-12-24 01:21:49 - [MESSAGE][PASSED] - Object 'Object Repository/VLink/Page_CCSale/txt_OrderNumber' is present

2020-12-24 01:21:50 - [MESSAGE][PASSED] - Text '' is set on object 'Object Repository/VLink/Page_CCSale/txt_OrderNumber'

2020-12-24 01:21:50 - [MESSAGE][PASSED] - Object 'Object Repository/VLink/Page_CCSale/txt_TaxAmount' is present

2020-12-24 01:21:51 - [MESSAGE][PASSED] - Text '' is set on object 'Object Repository/VLink/Page_CCSale/txt_TaxAmount'

2020-12-24 01:21:51 - [MESSAGE][PASSED] - Object 'Object Repository/VLink/Page_CCSale/txt_ChargeDescription' is present

2020-12-24 01:21:52 - [MESSAGE][PASSED] - Text '' is set on object 'Object Repository/VLink/Page_CCSale/txt_ChargeDescription'

2020-12-24 01:21:52 - [MESSAGE][PASSED] - Object 'Object Repository/VLink/Page_CCSale/txt_CAN' is present

2020-12-24 01:21:53 - [MESSAGE][PASSED] - Text '' is set on object 'Object Repository/VLink/Page_CCSale/txt_CAN'

2020-12-24 01:21:53 - [MESSAGE][PASSED] - Object 'Object Repository/VLink/Page_CCSale/txt_BillPaymentIndicator' is present

2020-12-24 01:21:54 - [MESSAGE][PASSED] - Text '' is set on object 'Object Repository/VLink/Page_CCSale/txt_BillPaymentIndicator'

2020-12-24 01:21:54 - [MESSAGE][PASSED] - Object 'Object Repository/VLink/Page_CCSale/txt_UDF1' is present

2020-12-24 01:21:55 - [MESSAGE][PASSED] - Text '' is set on object 'Object Repository/VLink/Page_CCSale/txt_UDF1'

2020-12-24 01:21:55 - [MESSAGE][PASSED] - Object 'Object Repository/VLink/Page_CCSale/txt_UDF2' is present

2020-12-24 01:21:56 - [MESSAGE][PASSED] - Text '' is set on object 'Object Repository/VLink/Page_CCSale/txt_UDF2'

2020-12-24 01:21:56 - [MESSAGE][PASSED] - Object 'Object Repository/VLink/Page_CCSale/txt_UDF3' is present

2020-12-24 01:21:57 - [MESSAGE][PASSED] - Text '' is set on object 'Object Repository/VLink/Page_CCSale/txt_UDF3'

2020-12-24 01:21:57 - [MESSAGE][PASSED] - Object 'Object Repository/VLink/Page_CCSale/txt_UDF4' is present

2020-12-24 01:21:58 - [MESSAGE][PASSED] - Text '' is set on object 'Object Repository/VLink/Page_CCSale/txt_UDF4'

2020-12-24 01:21:58 - [MESSAGE][PASSED] - Object 'Object Repository/VLink/Page_CCSale/txt_UDF5' is present

2020-12-24 01:21:59 - [MESSAGE][PASSED] - Text '' is set on object 'Object Repository/VLink/Page_CCSale/txt_UDF5'

2020-12-24 01:21:59 - [MESSAGE][PASSED] - Object 'Object Repository/VLink/Page_CCSale/txt_UDF6' is present

2020-12-24 01:22:00 - [MESSAGE][PASSED] - Text '' is set on object 'Object Repository/VLink/Page_CCSale/txt_UDF6'

2020-12-24 01:22:00 - [MESSAGE][PASSED] - Object 'Object Repository/VLink/Page_CCSale/txt_UDF7' is present

2020-12-24 01:22:01 - [MESSAGE][PASSED] - Text '' is set on object 'Object Repository/VLink/Page_CCSale/txt_UDF7'

2020-12-24 01:22:01 - [MESSAGE][PASSED] - Object 'Object Repository/VLink/Page_CCSale/txt_UDF8' is present

2020-12-24 01:22:02 - [MESSAGE][PASSED] - Text '' is set on object 'Object Repository/VLink/Page_CCSale/txt_UDF8'

2020-12-24 01:22:02 - [MESSAGE][PASSED] - Object 'Object Repository/VLink/Page_CCSale/txt_UDF9' is present

2020-12-24 01:22:02 - [MESSAGE][PASSED] - Text '' is set on object 'Object Repository/VLink/Page_CCSale/txt_UDF9'

2020-12-24 01:22:03 - [MESSAGE][PASSED] - Object 'Object Repository/VLink/Page_CCSale/txt_UDF10' is present

2020-12-24 01:22:03 - [MESSAGE][PASSED] - Text '' is set on object 'Object Repository/VLink/Page_CCSale/txt_UDF10'

2020-12-24 01:22:04 - [MESSAGE][PASSED] - Object 'Object Repository/VLink/Page_CCSale/txt_CardOnFileIndicator' is present

2020-12-24 01:22:04 - [MESSAGE][PASSED] - Text '' is set on object 'Object Repository/VLink/Page_CCSale/txt_CardOnFileIndicator'

2020-12-24 01:22:05 - [MESSAGE][PASSED] - Object 'Object Repository/VLink/Page_CCSale/txt_StoredCredentialIndicator' is present

2020-12-24 01:22:05 - [MESSAGE][PASSED] - Text '' is set on object 'Object Repository/VLink/Page_CCSale/txt_StoredCredentialIndicator'

2020-12-24 01:22:06 - [MESSAGE][PASSED] - Object 'Object Repository/VLink/Page_CCSale/txt_COFScheduledIndicator' is present

2020-12-24 01:22:06 - [MESSAGE][PASSED] - Text '' is set on object 'Object Repository/VLink/Page_CCSale/txt_COFScheduledIndicator'

2020-12-24 01:22:07 - [MESSAGE][PASSED] - Object 'Object Repository/VLink/Page_CCSale/txt_COFTransactionInitiatedBy' is present

2020-12-24 01:22:07 - [MESSAGE][PASSED] - Text '' is set on object 'Object Repository/VLink/Page_CCSale/txt_COFTransactionInitiatedBy'

2020-12-24 01:22:08 - [MESSAGE][PASSED] - Object: 'Object Repository/VLink/Page_CCSale/btn_ProcessVLinkTransaction' is clicked on

2020-12-24 01:22:13 - [MESSAGE][PASSED] - vlinkPages.saleCCPage.setDataSCC is PASSED

2020-12-24 01:22:13 - [TEST_STEP][FAILED] - if (verifyTextPresent("Transaction approved, no errors", true)): Text 'Transaction approved, no errors' is not present on page  using regular expression (Root cause: com.kms.katalon.core.exception.StepFailedException: Text 'Transaction approved, no errors' is not present on page  using regular expression
	at com.kms.katalon.core.webui.keyword.internal.WebUIKeywordMain.stepFailed(WebUIKeywordMain.groovy:64)
	at com.kms.katalon.core.webui.keyword.builtin.VerifyTextPresentKeyword$_verifyTextPresent_closure1.doCall(VerifyTextPresentKeyword.groovy:79)
	at com.kms.katalon.core.webui.keyword.builtin.VerifyTextPresentKeyword$_verifyTextPresent_closure1.call(VerifyTextPresentKeyword.groovy)
	at com.kms.katalon.core.webui.keyword.internal.WebUIKeywordMain.runKeyword(WebUIKeywordMain.groovy:20)
	at com.kms.katalon.core.webui.keyword.builtin.VerifyTextPresentKeyword.verifyTextPresent(VerifyTextPresentKeyword.groovy:83)
	at com.kms.katalon.core.webui.keyword.builtin.VerifyTextPresentKeyword.execute(VerifyTextPresentKeyword.groovy:68)
	at com.kms.katalon.core.keyword.internal.KeywordExecutor.executeKeywordForPlatform(KeywordExecutor.groovy:72)
	at com.kms.katalon.core.webui.keyword.WebUiBuiltInKeywords.verifyTextPresent(WebUiBuiltInKeywords.groovy:1719)
	at com.kms.katalon.core.webui.keyword.WebUiBuiltInKeywords$verifyTextPresent$4.call(Unknown Source)
	at VLinkSale-Successful.run(VLinkSale-Successful:76)
	at com.kms.katalon.core.main.ScriptEngine.run(ScriptEngine.java:194)
	at com.kms.katalon.core.main.ScriptEngine.runScriptAsRawText(ScriptEngine.java:119)
	at com.kms.katalon.core.main.TestCaseExecutor.runScript(TestCaseExecutor.java:337)
	at com.kms.katalon.core.main.TestCaseExecutor.doExecute(TestCaseExecutor.java:328)
	at com.kms.katalon.core.main.TestCaseExecutor.processExecutionPhase(TestCaseExecutor.java:307)
	at com.kms.katalon.core.main.TestCaseExecutor.accessMainPhase(TestCaseExecutor.java:299)
	at com.kms.katalon.core.main.TestCaseExecutor.execute(TestCaseExecutor.java:233)
	at com.kms.katalon.core.main.TestSuiteExecutor.accessTestCaseMainPhase(TestSuiteExecutor.java:169)
	at com.kms.katalon.core.main.TestSuiteExecutor.accessTestSuiteMainPhase(TestSuiteExecutor.java:142)
	at com.kms.katalon.core.main.TestSuiteExecutor.execute(TestSuiteExecutor.java:91)
	at com.kms.katalon.core.main.TestCaseMain.startTestSuite(TestCaseMain.java:157)
	at com.kms.katalon.core.main.TestCaseMain$startTestSuite$0.call(Unknown Source)
	at TempTestSuite1608784106629.run(TempTestSuite1608784106629.groovy:37)
)

2020-12-24 01:22:14 - [MESSAGE][FAILED] - Text 'Transaction approved, no errors' is not present on page  using regular expression (Root cause: com.kms.katalon.core.exception.StepFailedException: Text 'Transaction approved, no errors' is not present on page  using regular expression
	at com.kms.katalon.core.webui.keyword.internal.WebUIKeywordMain.stepFailed(WebUIKeywordMain.groovy:64)
	at com.kms.katalon.core.webui.keyword.builtin.VerifyTextPresentKeyword$_verifyTextPresent_closure1.doCall(VerifyTextPresentKeyword.groovy:79)
	at com.kms.katalon.core.webui.keyword.builtin.VerifyTextPresentKeyword$_verifyTextPresent_closure1.call(VerifyTextPresentKeyword.groovy)
	at com.kms.katalon.core.webui.keyword.internal.WebUIKeywordMain.runKeyword(WebUIKeywordMain.groovy:20)
	at com.kms.katalon.core.webui.keyword.builtin.VerifyTextPresentKeyword.verifyTextPresent(VerifyTextPresentKeyword.groovy:83)
	at com.kms.katalon.core.webui.keyword.builtin.VerifyTextPresentKeyword.execute(VerifyTextPresentKeyword.groovy:68)
	at com.kms.katalon.core.keyword.internal.KeywordExecutor.executeKeywordForPlatform(KeywordExecutor.groovy:72)
	at com.kms.katalon.core.webui.keyword.WebUiBuiltInKeywords.verifyTextPresent(WebUiBuiltInKeywords.groovy:1719)
	at com.kms.katalon.core.webui.keyword.WebUiBuiltInKeywords$verifyTextPresent$4.call(Unknown Source)
	at VLinkSale-Successful.run(VLinkSale-Successful:76)
	at com.kms.katalon.core.main.ScriptEngine.run(ScriptEngine.java:194)
	at com.kms.katalon.core.main.ScriptEngine.runScriptAsRawText(ScriptEngine.java:119)
	at com.kms.katalon.core.main.TestCaseExecutor.runScript(TestCaseExecutor.java:337)
	at com.kms.katalon.core.main.TestCaseExecutor.doExecute(TestCaseExecutor.java:328)
	at com.kms.katalon.core.main.TestCaseExecutor.processExecutionPhase(TestCaseExecutor.java:307)
	at com.kms.katalon.core.main.TestCaseExecutor.accessMainPhase(TestCaseExecutor.java:299)
	at com.kms.katalon.core.main.TestCaseExecutor.execute(TestCaseExecutor.java:233)
	at com.kms.katalon.core.main.TestSuiteExecutor.accessTestCaseMainPhase(TestSuiteExecutor.java:169)
	at com.kms.katalon.core.main.TestSuiteExecutor.accessTestSuiteMainPhase(TestSuiteExecutor.java:142)
	at com.kms.katalon.core.main.TestSuiteExecutor.execute(TestSuiteExecutor.java:91)
	at com.kms.katalon.core.main.TestCaseMain.startTestSuite(TestCaseMain.java:157)
	at com.kms.katalon.core.main.TestCaseMain$startTestSuite$0.call(Unknown Source)
	at TempTestSuite1608784106629.run(TempTestSuite1608784106629.groovy:37)
)

2020-12-24 01:22:14 - [TEST_STEP][PASSED] - else: pages.WriteExcel.demoKey is PASSED

2020-12-24 01:22:14 - [TEST_STEP][PASSED] - println("Transaction Approved, no errors text is not present on the Confirmation page"): null

2020-12-24 01:22:14 - [TEST_STEP][PASSED] - out.println("Fail Record Number: " + row): null

2020-12-24 01:22:14 - [TEST_STEP][PASSED] - resText = "Fail": null

2020-12-24 01:22:14 - [TEST_STEP][PASSED] - pages.WriteExcel.demoKey(resText, datText, resColumn, datCloumn, fileLoc, nameSheet, row): pages.WriteExcel.demoKey is PASSED

2020-12-24 01:22:14 - [MESSAGE][PASSED] - pages.WriteExcel.demoKey is PASSED

2020-12-24 01:22:14 - [TEST_STEP][PASSED] - sdfo = getText(findTestObject("Object Repository/Page_VLinkReceipt/pre_STX")): Text of object 'Object Repository/Page_VLinkReceipt/pre_STX' is: '<STX>eHAtUtCc1Joh                  12088165            2  Transaction failed                                1  General platform system error                                                              <ETX>'

2020-12-24 01:22:14 - [MESSAGE][PASSED] - Text of object 'Object Repository/Page_VLinkReceipt/pre_STX' is: '<STX>eHAtUtCc1Joh                  12088165            2  Transaction failed                                1  General platform system error                                                              <ETX>'

2020-12-24 01:22:14 - [TEST_STEP][PASSED] - out.println("sdfo: " + sdfo): null

2020-12-24 01:22:14 - [TEST_STEP][PASSED] - remID = substring(5, 35).trim(): null

2020-12-24 01:22:14 - [TEST_STEP][PASSED] - out.println("Remittance ID: " + remID): null

2020-12-24 01:22:14 - [TEST_STEP][PASSED] - traxID = substring(35, 55).trim(): null

2020-12-24 01:22:14 - [TEST_STEP][PASSED] - out.println("Transaction ID: " + traxID): null

2020-12-24 01:22:14 - [TEST_STEP][PASSED] - out.println("End Record Number: " + row): null

2020-12-24 01:22:14 - [TEST_STEP][PASSED] - closeBrowser(): Browser is closed

2020-12-24 01:22:15 - [MESSAGE][PASSED] - Browser is closed

2020-12-24 01:22:15 - [TEST_STEP][PASSED] - out.println("Begin Record Number: " + row): null

2020-12-24 01:22:15 - [TEST_STEP][PASSED] - today = new java.util.Date(): null

2020-12-24 01:22:15 - [TEST_STEP][PASSED] - println(today): null

2020-12-24 01:22:15 - [TEST_STEP][PASSED] - datText = today: null

2020-12-24 01:22:15 - [TEST_STEP][PASSED] - openBrowser(VLinkURL + "authcap.html"): Browser is opened with url: 'https://dev-algorithm.govolution.com/vlinktest/QA/version_2_0/authcap.html'

2020-12-24 01:22:15 - [MESSAGE][INFO] - Starting 'Chrome' driver

2020-12-24 01:22:15 - [MESSAGE][INFO] - User set preference: ['acceptInsecureCerts', 'true']

2020-12-24 01:22:15 - [MESSAGE][INFO] - Action delay is set to 0 milliseconds

2020-12-24 01:22:19 - [MESSAGE][PASSED] - Browser is opened with url: 'https://dev-algorithm.govolution.com/vlinktest/QA/version_2_0/authcap.html'

2020-12-24 01:22:19 - [TEST_STEP][PASSED] - maximizeWindow(): Current window maximized

2020-12-24 01:22:19 - [MESSAGE][PASSED] - Current window maximized

2020-12-24 01:22:19 - [TEST_STEP][PASSED] - vlinkPages.saleCCPage.setDataSCC(row, dataFile): vlinkPages.saleCCPage.setDataSCC is PASSED

2020-12-24 01:22:21 - [MESSAGE][PASSED] - Object 'Object Repository/VLink/Page_CCSale/txt_CardNumber' is present

2020-12-24 01:22:21 - [MESSAGE][PASSED] - Object 'Object Repository/VLink/Page_CCSale/txt_TransactionType' is present

2020-12-24 01:22:22 - [MESSAGE][PASSED] - Text '104' is set on object 'Object Repository/VLink/Page_CCSale/txt_TransactionType'

2020-12-24 01:22:22 - [MESSAGE][PASSED] - Object 'Object Repository/VLink/Page_CCSale/txt_MessageVersion' is present

2020-12-24 01:22:23 - [MESSAGE][PASSED] - Text '2.0C' is set on object 'Object Repository/VLink/Page_CCSale/txt_MessageVersion'

2020-12-24 01:22:23 - [MESSAGE][PASSED] - Object 'Object Repository/VLink/Page_CCSale/txt_RemID' is present

2020-12-24 01:22:24 - [MESSAGE][PASSED] - Text 'gwAmIWWkBpRm' is set on object 'Object Repository/VLink/Page_CCSale/txt_RemID'

2020-12-24 01:22:24 - [MESSAGE][PASSED] - Object 'Object Repository/VLink/Page_CCSale/txt_ApplicationId' is present

2020-12-24 01:22:25 - [MESSAGE][PASSED] - Text '677' is set on object 'Object Repository/VLink/Page_CCSale/txt_ApplicationId'

2020-12-24 01:22:25 - [MESSAGE][PASSED] - Object 'Object Repository/VLink/Page_CCSale/txt_Username' is present

2020-12-24 01:22:26 - [MESSAGE][PASSED] - Text 'username' is set on object 'Object Repository/VLink/Page_CCSale/txt_Username'

2020-12-24 01:22:26 - [MESSAGE][PASSED] - Object 'Object Repository/VLink/Page_CCSale/txt_Password' is present

2020-12-24 01:22:26 - [MESSAGE][PASSED] - Text 'password' is set on object 'Object Repository/VLink/Page_CCSale/txt_Password'

2020-12-24 01:22:27 - [MESSAGE][PASSED] - Object 'Object Repository/VLink/Page_CCSale/txt_ResponseFormat' is present

2020-12-24 01:22:27 - [MESSAGE][PASSED] - Text 'fixed_width' is set on object 'Object Repository/VLink/Page_CCSale/txt_ResponseFormat'

2020-12-24 01:22:28 - [MESSAGE][PASSED] - Object 'Object Repository/VLink/Page_CCSale/txt_Category' is present

2020-12-24 01:22:28 - [MESSAGE][PASSED] - Text 'RETL' is set on object 'Object Repository/VLink/Page_CCSale/txt_Category'

2020-12-24 01:22:29 - [MESSAGE][PASSED] - Object 'Object Repository/VLink/Page_CCSale/txt_TransactionID' is present

2020-12-24 01:22:29 - [MESSAGE][PASSED] - Text '' is set on object 'Object Repository/VLink/Page_CCSale/txt_TransactionID'

2020-12-24 01:22:30 - [MESSAGE][PASSED] - Object 'Object Repository/VLink/Page_CCSale/txt_ApprovalCode' is present

2020-12-24 01:22:30 - [MESSAGE][PASSED] - Text '' is set on object 'Object Repository/VLink/Page_CCSale/txt_ApprovalCode'

2020-12-24 01:22:31 - [MESSAGE][PASSED] - Object 'Object Repository/VLink/Page_CCSale/txt_CardName' is present

2020-12-24 01:22:31 - [MESSAGE][PASSED] - Text 'Angelo Matt' is set on object 'Object Repository/VLink/Page_CCSale/txt_CardName'

2020-12-24 01:22:32 - [MESSAGE][PASSED] - Object 'Object Repository/VLink/Page_CCSale/txt_AL1' is present

2020-12-24 01:22:32 - [MESSAGE][PASSED] - Text '' is set on object 'Object Repository/VLink/Page_CCSale/txt_AL1'

2020-12-24 01:22:33 - [MESSAGE][PASSED] - Object 'Object Repository/VLink/Page_CCSale/txt_AL2' is present

2020-12-24 01:22:33 - [MESSAGE][PASSED] - Text '' is set on object 'Object Repository/VLink/Page_CCSale/txt_AL2'

2020-12-24 01:22:34 - [MESSAGE][PASSED] - Object 'Object Repository/VLink/Page_CCSale/txt_CardCity' is present

2020-12-24 01:22:34 - [MESSAGE][PASSED] - Text '' is set on object 'Object Repository/VLink/Page_CCSale/txt_CardCity'

2020-12-24 01:22:35 - [MESSAGE][PASSED] - Object 'Object Repository/VLink/Page_CCSale/txt_CardState' is present

2020-12-24 01:22:35 - [MESSAGE][PASSED] - Text '' is set on object 'Object Repository/VLink/Page_CCSale/txt_CardState'

2020-12-24 01:22:36 - [MESSAGE][PASSED] - Object 'Object Repository/VLink/Page_CCSale/txt_CardZIP' is present

2020-12-24 01:22:36 - [MESSAGE][PASSED] - Text '' is set on object 'Object Repository/VLink/Page_CCSale/txt_CardZIP'

2020-12-24 01:22:37 - [MESSAGE][PASSED] - Object 'Object Repository/VLink/Page_CCSale/txt_CountryID' is present

2020-12-24 01:22:37 - [MESSAGE][PASSED] - Text '' is set on object 'Object Repository/VLink/Page_CCSale/txt_CountryID'

2020-12-24 01:22:38 - [MESSAGE][PASSED] - Object 'Object Repository/VLink/Page_CCSale/txt_Amount' is present

2020-12-24 01:22:38 - [MESSAGE][PASSED] - Text '3.50' is set on object 'Object Repository/VLink/Page_CCSale/txt_Amount'

2020-12-24 01:22:39 - [MESSAGE][PASSED] - Object 'Object Repository/VLink/Page_CCSale/txt_CardNumber' is present

2020-12-24 01:22:39 - [MESSAGE][PASSED] - Text '' is set on object 'Object Repository/VLink/Page_CCSale/txt_CardNumber'

2020-12-24 01:22:40 - [MESSAGE][PASSED] - Object 'Object Repository/VLink/Page_CCSale/txt_ExpMonth' is present

2020-12-24 01:22:40 - [MESSAGE][PASSED] - Text '' is set on object 'Object Repository/VLink/Page_CCSale/txt_ExpMonth'

2020-12-24 01:22:41 - [MESSAGE][PASSED] - Object 'Object Repository/VLink/Page_CCSale/txt_ExpYear' is present

2020-12-24 01:22:41 - [MESSAGE][PASSED] - Text '' is set on object 'Object Repository/VLink/Page_CCSale/txt_ExpYear'

2020-12-24 01:22:42 - [MESSAGE][PASSED] - Object 'Object Repository/VLink/Page_CCSale/txt_CVV' is present

2020-12-24 01:22:42 - [MESSAGE][PASSED] - Text '' is set on object 'Object Repository/VLink/Page_CCSale/txt_CVV'

2020-12-24 01:22:42 - [MESSAGE][PASSED] - Object 'Object Repository/VLink/Page_CCSale/txt_CVVstate' is present

2020-12-24 01:22:43 - [MESSAGE][PASSED] - Text '' is set on object 'Object Repository/VLink/Page_CCSale/txt_CVVstate'

2020-12-24 01:22:43 - [MESSAGE][PASSED] - Object 'Object Repository/VLink/Page_CCSale/txt_TrackData' is present

2020-12-24 01:22:44 - [MESSAGE][PASSED] - Text '' is set on object 'Object Repository/VLink/Page_CCSale/txt_TrackData'

2020-12-24 01:22:44 - [MESSAGE][PASSED] - Object 'Object Repository/VLink/Page_CCSale/txt_Track1Data' is present

2020-12-24 01:22:45 - [MESSAGE][PASSED] - Text '' is set on object 'Object Repository/VLink/Page_CCSale/txt_Track1Data'

2020-12-24 01:22:45 - [MESSAGE][PASSED] - Object 'Object Repository/VLink/Page_CCSale/txt_Track2Data' is present

2020-12-24 01:22:46 - [MESSAGE][PASSED] - Text ';5567080011582646=23032010902035400015?' is set on object 'Object Repository/VLink/Page_CCSale/txt_Track2Data'

2020-12-24 01:22:46 - [MESSAGE][PASSED] - Object 'Object Repository/VLink/Page_CCSale/txt_POSEntryMode' is present

2020-12-24 01:22:47 - [MESSAGE][PASSED] - Text '' is set on object 'Object Repository/VLink/Page_CCSale/txt_POSEntryMode'

2020-12-24 01:22:48 - [MESSAGE][PASSED] - Object 'Object Repository/VLink/Page_CCSale/txt_Email' is present

2020-12-24 01:22:48 - [MESSAGE][PASSED] - Text '' is set on object 'Object Repository/VLink/Page_CCSale/txt_Email'

2020-12-24 01:22:48 - [MESSAGE][PASSED] - Object 'Object Repository/VLink/Page_CCSale/txt_OrderNumber' is present

2020-12-24 01:22:49 - [MESSAGE][PASSED] - Text '' is set on object 'Object Repository/VLink/Page_CCSale/txt_OrderNumber'

2020-12-24 01:22:49 - [MESSAGE][PASSED] - Object 'Object Repository/VLink/Page_CCSale/txt_TaxAmount' is present

2020-12-24 01:22:50 - [MESSAGE][PASSED] - Text '' is set on object 'Object Repository/VLink/Page_CCSale/txt_TaxAmount'

2020-12-24 01:22:50 - [MESSAGE][PASSED] - Object 'Object Repository/VLink/Page_CCSale/txt_ChargeDescription' is present

2020-12-24 01:22:51 - [MESSAGE][PASSED] - Text '' is set on object 'Object Repository/VLink/Page_CCSale/txt_ChargeDescription'

2020-12-24 01:22:51 - [MESSAGE][PASSED] - Object 'Object Repository/VLink/Page_CCSale/txt_CAN' is present

2020-12-24 01:22:52 - [MESSAGE][PASSED] - Text '' is set on object 'Object Repository/VLink/Page_CCSale/txt_CAN'

2020-12-24 01:22:52 - [MESSAGE][PASSED] - Object 'Object Repository/VLink/Page_CCSale/txt_BillPaymentIndicator' is present

2020-12-24 01:22:53 - [MESSAGE][PASSED] - Text '' is set on object 'Object Repository/VLink/Page_CCSale/txt_BillPaymentIndicator'

2020-12-24 01:22:53 - [MESSAGE][PASSED] - Object 'Object Repository/VLink/Page_CCSale/txt_UDF1' is present

2020-12-24 01:22:54 - [MESSAGE][PASSED] - Text '' is set on object 'Object Repository/VLink/Page_CCSale/txt_UDF1'

2020-12-24 01:22:54 - [MESSAGE][PASSED] - Object 'Object Repository/VLink/Page_CCSale/txt_UDF2' is present

2020-12-24 01:22:55 - [MESSAGE][PASSED] - Text '' is set on object 'Object Repository/VLink/Page_CCSale/txt_UDF2'

2020-12-24 01:22:55 - [MESSAGE][PASSED] - Object 'Object Repository/VLink/Page_CCSale/txt_UDF3' is present

2020-12-24 01:22:56 - [MESSAGE][PASSED] - Text '' is set on object 'Object Repository/VLink/Page_CCSale/txt_UDF3'

2020-12-24 01:22:56 - [MESSAGE][PASSED] - Object 'Object Repository/VLink/Page_CCSale/txt_UDF4' is present

2020-12-24 01:22:57 - [MESSAGE][PASSED] - Text '' is set on object 'Object Repository/VLink/Page_CCSale/txt_UDF4'

2020-12-24 01:22:57 - [MESSAGE][PASSED] - Object 'Object Repository/VLink/Page_CCSale/txt_UDF5' is present

2020-12-24 01:22:58 - [MESSAGE][PASSED] - Text '' is set on object 'Object Repository/VLink/Page_CCSale/txt_UDF5'

2020-12-24 01:22:58 - [MESSAGE][PASSED] - Object 'Object Repository/VLink/Page_CCSale/txt_UDF6' is present

2020-12-24 01:22:59 - [MESSAGE][PASSED] - Text '' is set on object 'Object Repository/VLink/Page_CCSale/txt_UDF6'

2020-12-24 01:22:59 - [MESSAGE][PASSED] - Object 'Object Repository/VLink/Page_CCSale/txt_UDF7' is present

2020-12-24 01:23:00 - [MESSAGE][PASSED] - Text '' is set on object 'Object Repository/VLink/Page_CCSale/txt_UDF7'

2020-12-24 01:23:00 - [MESSAGE][PASSED] - Object 'Object Repository/VLink/Page_CCSale/txt_UDF8' is present

2020-12-24 01:23:01 - [MESSAGE][PASSED] - Text '' is set on object 'Object Repository/VLink/Page_CCSale/txt_UDF8'

2020-12-24 01:23:01 - [MESSAGE][PASSED] - Object 'Object Repository/VLink/Page_CCSale/txt_UDF9' is present

2020-12-24 01:23:02 - [MESSAGE][PASSED] - Text '' is set on object 'Object Repository/VLink/Page_CCSale/txt_UDF9'

2020-12-24 01:23:02 - [MESSAGE][PASSED] - Object 'Object Repository/VLink/Page_CCSale/txt_UDF10' is present

2020-12-24 01:23:03 - [MESSAGE][PASSED] - Text '' is set on object 'Object Repository/VLink/Page_CCSale/txt_UDF10'

2020-12-24 01:23:03 - [MESSAGE][PASSED] - Object 'Object Repository/VLink/Page_CCSale/txt_CardOnFileIndicator' is present

2020-12-24 01:23:04 - [MESSAGE][PASSED] - Text '' is set on object 'Object Repository/VLink/Page_CCSale/txt_CardOnFileIndicator'

2020-12-24 01:23:04 - [MESSAGE][PASSED] - Object 'Object Repository/VLink/Page_CCSale/txt_StoredCredentialIndicator' is present

2020-12-24 01:23:05 - [MESSAGE][PASSED] - Text '' is set on object 'Object Repository/VLink/Page_CCSale/txt_StoredCredentialIndicator'

2020-12-24 01:23:05 - [MESSAGE][PASSED] - Object 'Object Repository/VLink/Page_CCSale/txt_COFScheduledIndicator' is present

2020-12-24 01:23:06 - [MESSAGE][PASSED] - Text '' is set on object 'Object Repository/VLink/Page_CCSale/txt_COFScheduledIndicator'

2020-12-24 01:23:06 - [MESSAGE][PASSED] - Object 'Object Repository/VLink/Page_CCSale/txt_COFTransactionInitiatedBy' is present

2020-12-24 01:23:07 - [MESSAGE][PASSED] - Text '' is set on object 'Object Repository/VLink/Page_CCSale/txt_COFTransactionInitiatedBy'

2020-12-24 01:23:10 - [MESSAGE][PASSED] - Object: 'Object Repository/VLink/Page_CCSale/btn_ProcessVLinkTransaction' is clicked on

2020-12-24 01:23:15 - [MESSAGE][PASSED] - vlinkPages.saleCCPage.setDataSCC is PASSED

2020-12-24 01:23:15 - [TEST_STEP][PASSED] - if (verifyTextPresent("Transaction approved, no errors", true)): null

2020-12-24 01:23:15 - [MESSAGE][PASSED] - Text 'Transaction approved, no errors' is present on page  using regular expression

2020-12-24 01:23:15 - [TEST_STEP][PASSED] - println("Transaction Approved, no errors text is present on the Confirmation page"): null

2020-12-24 01:23:15 - [TEST_STEP][PASSED] - out.println("Pass Record Number: " + row): null

2020-12-24 01:23:15 - [TEST_STEP][PASSED] - resText = "Pass": null

2020-12-24 01:23:15 - [TEST_STEP][PASSED] - pages.WriteExcel.demoKey(resText, datText, resColumn, datCloumn, fileLoc, nameSheet, row): pages.WriteExcel.demoKey is PASSED

2020-12-24 01:23:15 - [MESSAGE][PASSED] - pages.WriteExcel.demoKey is PASSED

2020-12-24 01:23:15 - [TEST_STEP][PASSED] - sdfo = getText(findTestObject("Object Repository/Page_VLinkReceipt/pre_STX")): Text of object 'Object Repository/Page_VLinkReceipt/pre_STX' is: '<STX>gwAmIWWkBpRm                  12088166            0  Transaction approved, no errors                   0                                                                                  R OK0660   <ETX>'

2020-12-24 01:23:16 - [MESSAGE][PASSED] - Text of object 'Object Repository/Page_VLinkReceipt/pre_STX' is: '<STX>gwAmIWWkBpRm                  12088166            0  Transaction approved, no errors                   0                                                                                  R OK0660   <ETX>'

2020-12-24 01:23:16 - [TEST_STEP][PASSED] - out.println("sdfo: " + sdfo): null

2020-12-24 01:23:16 - [TEST_STEP][PASSED] - remID = substring(5, 35).trim(): null

2020-12-24 01:23:16 - [TEST_STEP][PASSED] - out.println("Remittance ID: " + remID): null

2020-12-24 01:23:16 - [TEST_STEP][PASSED] - traxID = substring(35, 55).trim(): null

2020-12-24 01:23:16 - [TEST_STEP][PASSED] - out.println("Transaction ID: " + traxID): null

2020-12-24 01:23:16 - [TEST_STEP][PASSED] - out.println("End Record Number: " + row): null

2020-12-24 01:23:16 - [TEST_STEP][PASSED] - closeBrowser(): Browser is closed

2020-12-24 01:23:17 - [MESSAGE][PASSED] - Browser is closed

2020-12-24 01:23:17 - [TEST_STEP][PASSED] - out.println("Begin Record Number: " + row): null

2020-12-24 01:23:17 - [TEST_STEP][PASSED] - today = new java.util.Date(): null

2020-12-24 01:23:17 - [TEST_STEP][PASSED] - println(today): null

2020-12-24 01:23:17 - [TEST_STEP][PASSED] - datText = today: null

2020-12-24 01:23:17 - [TEST_STEP][PASSED] - openBrowser(VLinkURL + "authcap.html"): Browser is opened with url: 'https://dev-algorithm.govolution.com/vlinktest/QA/version_2_0/authcap.html'

2020-12-24 01:23:17 - [MESSAGE][INFO] - Starting 'Chrome' driver

2020-12-24 01:23:17 - [MESSAGE][INFO] - User set preference: ['acceptInsecureCerts', 'true']

2020-12-24 01:23:17 - [MESSAGE][INFO] - Action delay is set to 0 milliseconds

2020-12-24 01:23:21 - [MESSAGE][PASSED] - Browser is opened with url: 'https://dev-algorithm.govolution.com/vlinktest/QA/version_2_0/authcap.html'

2020-12-24 01:23:21 - [TEST_STEP][PASSED] - maximizeWindow(): Current window maximized

2020-12-24 01:23:21 - [MESSAGE][PASSED] - Current window maximized

2020-12-24 01:23:21 - [TEST_STEP][PASSED] - vlinkPages.saleCCPage.setDataSCC(row, dataFile): vlinkPages.saleCCPage.setDataSCC is PASSED

2020-12-24 01:23:23 - [MESSAGE][PASSED] - Object 'Object Repository/VLink/Page_CCSale/txt_CardNumber' is present

2020-12-24 01:23:23 - [MESSAGE][PASSED] - Object 'Object Repository/VLink/Page_CCSale/txt_TransactionType' is present

2020-12-24 01:23:24 - [MESSAGE][PASSED] - Text '104' is set on object 'Object Repository/VLink/Page_CCSale/txt_TransactionType'

2020-12-24 01:23:24 - [MESSAGE][PASSED] - Object 'Object Repository/VLink/Page_CCSale/txt_MessageVersion' is present

2020-12-24 01:23:25 - [MESSAGE][PASSED] - Text '2.0C' is set on object 'Object Repository/VLink/Page_CCSale/txt_MessageVersion'

2020-12-24 01:23:25 - [MESSAGE][PASSED] - Object 'Object Repository/VLink/Page_CCSale/txt_RemID' is present

2020-12-24 01:23:26 - [MESSAGE][PASSED] - Text 'RXidRwyDvJru' is set on object 'Object Repository/VLink/Page_CCSale/txt_RemID'

2020-12-24 01:23:26 - [MESSAGE][PASSED] - Object 'Object Repository/VLink/Page_CCSale/txt_ApplicationId' is present

2020-12-24 01:23:26 - [MESSAGE][PASSED] - Text '677' is set on object 'Object Repository/VLink/Page_CCSale/txt_ApplicationId'

2020-12-24 01:23:27 - [MESSAGE][PASSED] - Object 'Object Repository/VLink/Page_CCSale/txt_Username' is present

2020-12-24 01:23:27 - [MESSAGE][PASSED] - Text 'username' is set on object 'Object Repository/VLink/Page_CCSale/txt_Username'

2020-12-24 01:23:28 - [MESSAGE][PASSED] - Object 'Object Repository/VLink/Page_CCSale/txt_Password' is present

2020-12-24 01:23:28 - [MESSAGE][PASSED] - Text 'password' is set on object 'Object Repository/VLink/Page_CCSale/txt_Password'

2020-12-24 01:23:28 - [MESSAGE][PASSED] - Object 'Object Repository/VLink/Page_CCSale/txt_ResponseFormat' is present

2020-12-24 01:23:29 - [MESSAGE][PASSED] - Text 'fixed_width' is set on object 'Object Repository/VLink/Page_CCSale/txt_ResponseFormat'

2020-12-24 01:23:29 - [MESSAGE][PASSED] - Object 'Object Repository/VLink/Page_CCSale/txt_Category' is present

2020-12-24 01:23:30 - [MESSAGE][PASSED] - Text 'RETL' is set on object 'Object Repository/VLink/Page_CCSale/txt_Category'

2020-12-24 01:23:30 - [MESSAGE][PASSED] - Object 'Object Repository/VLink/Page_CCSale/txt_TransactionID' is present

2020-12-24 01:23:31 - [MESSAGE][PASSED] - Text '' is set on object 'Object Repository/VLink/Page_CCSale/txt_TransactionID'

2020-12-24 01:23:31 - [MESSAGE][PASSED] - Object 'Object Repository/VLink/Page_CCSale/txt_ApprovalCode' is present

2020-12-24 01:23:32 - [MESSAGE][PASSED] - Text '' is set on object 'Object Repository/VLink/Page_CCSale/txt_ApprovalCode'

2020-12-24 01:23:32 - [MESSAGE][PASSED] - Object 'Object Repository/VLink/Page_CCSale/txt_CardName' is present

2020-12-24 01:23:33 - [MESSAGE][PASSED] - Text '' is set on object 'Object Repository/VLink/Page_CCSale/txt_CardName'

2020-12-24 01:23:33 - [MESSAGE][PASSED] - Object 'Object Repository/VLink/Page_CCSale/txt_AL1' is present

2020-12-24 01:23:34 - [MESSAGE][PASSED] - Text '' is set on object 'Object Repository/VLink/Page_CCSale/txt_AL1'

2020-12-24 01:23:34 - [MESSAGE][PASSED] - Object 'Object Repository/VLink/Page_CCSale/txt_AL2' is present

2020-12-24 01:23:35 - [MESSAGE][PASSED] - Text '' is set on object 'Object Repository/VLink/Page_CCSale/txt_AL2'

2020-12-24 01:23:35 - [MESSAGE][PASSED] - Object 'Object Repository/VLink/Page_CCSale/txt_CardCity' is present

2020-12-24 01:23:36 - [MESSAGE][PASSED] - Text '' is set on object 'Object Repository/VLink/Page_CCSale/txt_CardCity'

2020-12-24 01:23:36 - [MESSAGE][PASSED] - Object 'Object Repository/VLink/Page_CCSale/txt_CardState' is present

2020-12-24 01:23:37 - [MESSAGE][PASSED] - Text '' is set on object 'Object Repository/VLink/Page_CCSale/txt_CardState'

2020-12-24 01:23:37 - [MESSAGE][PASSED] - Object 'Object Repository/VLink/Page_CCSale/txt_CardZIP' is present

2020-12-24 01:23:38 - [MESSAGE][PASSED] - Text '' is set on object 'Object Repository/VLink/Page_CCSale/txt_CardZIP'

2020-12-24 01:23:38 - [MESSAGE][PASSED] - Object 'Object Repository/VLink/Page_CCSale/txt_CountryID' is present

2020-12-24 01:23:39 - [MESSAGE][PASSED] - Text '' is set on object 'Object Repository/VLink/Page_CCSale/txt_CountryID'

2020-12-24 01:23:39 - [MESSAGE][PASSED] - Object 'Object Repository/VLink/Page_CCSale/txt_Amount' is present

2020-12-24 01:23:40 - [MESSAGE][PASSED] - Text '3.50' is set on object 'Object Repository/VLink/Page_CCSale/txt_Amount'

2020-12-24 01:23:40 - [MESSAGE][PASSED] - Object 'Object Repository/VLink/Page_CCSale/txt_CardNumber' is present

2020-12-24 01:23:41 - [MESSAGE][PASSED] - Text '' is set on object 'Object Repository/VLink/Page_CCSale/txt_CardNumber'

2020-12-24 01:23:41 - [MESSAGE][PASSED] - Object 'Object Repository/VLink/Page_CCSale/txt_ExpMonth' is present

2020-12-24 01:23:42 - [MESSAGE][PASSED] - Text '' is set on object 'Object Repository/VLink/Page_CCSale/txt_ExpMonth'

2020-12-24 01:23:42 - [MESSAGE][PASSED] - Object 'Object Repository/VLink/Page_CCSale/txt_ExpYear' is present

2020-12-24 01:23:43 - [MESSAGE][PASSED] - Text '' is set on object 'Object Repository/VLink/Page_CCSale/txt_ExpYear'

2020-12-24 01:23:43 - [MESSAGE][PASSED] - Object 'Object Repository/VLink/Page_CCSale/txt_CVV' is present

2020-12-24 01:23:44 - [MESSAGE][PASSED] - Text '' is set on object 'Object Repository/VLink/Page_CCSale/txt_CVV'

2020-12-24 01:23:44 - [MESSAGE][PASSED] - Object 'Object Repository/VLink/Page_CCSale/txt_CVVstate' is present

2020-12-24 01:23:45 - [MESSAGE][PASSED] - Text '' is set on object 'Object Repository/VLink/Page_CCSale/txt_CVVstate'

2020-12-24 01:23:45 - [MESSAGE][PASSED] - Object 'Object Repository/VLink/Page_CCSale/txt_TrackData' is present

2020-12-24 01:23:46 - [MESSAGE][PASSED] - Text '' is set on object 'Object Repository/VLink/Page_CCSale/txt_TrackData'

2020-12-24 01:23:46 - [MESSAGE][PASSED] - Object 'Object Repository/VLink/Page_CCSale/txt_Track1Data' is present

2020-12-24 01:23:47 - [MESSAGE][PASSED] - Text '%B5567080011582646^AHMED/IMTIAZ              ^2303201090200000000000354000015?' is set on object 'Object Repository/VLink/Page_CCSale/txt_Track1Data'

2020-12-24 01:23:47 - [MESSAGE][PASSED] - Object 'Object Repository/VLink/Page_CCSale/txt_Track2Data' is present

2020-12-24 01:23:48 - [MESSAGE][PASSED] - Text ';5567080011582646=23032010902035400015?' is set on object 'Object Repository/VLink/Page_CCSale/txt_Track2Data'

2020-12-24 01:23:48 - [MESSAGE][PASSED] - Object 'Object Repository/VLink/Page_CCSale/txt_POSEntryMode' is present

2020-12-24 01:23:49 - [MESSAGE][PASSED] - Text '' is set on object 'Object Repository/VLink/Page_CCSale/txt_POSEntryMode'

2020-12-24 01:23:49 - [MESSAGE][PASSED] - Object 'Object Repository/VLink/Page_CCSale/txt_Email' is present

2020-12-24 01:23:50 - [MESSAGE][PASSED] - Text '' is set on object 'Object Repository/VLink/Page_CCSale/txt_Email'

2020-12-24 01:23:50 - [MESSAGE][PASSED] - Object 'Object Repository/VLink/Page_CCSale/txt_OrderNumber' is present

2020-12-24 01:23:51 - [MESSAGE][PASSED] - Text '' is set on object 'Object Repository/VLink/Page_CCSale/txt_OrderNumber'

2020-12-24 01:23:51 - [MESSAGE][PASSED] - Object 'Object Repository/VLink/Page_CCSale/txt_TaxAmount' is present

2020-12-24 01:23:52 - [MESSAGE][PASSED] - Text '' is set on object 'Object Repository/VLink/Page_CCSale/txt_TaxAmount'

2020-12-24 01:23:52 - [MESSAGE][PASSED] - Object 'Object Repository/VLink/Page_CCSale/txt_ChargeDescription' is present

2020-12-24 01:23:53 - [MESSAGE][PASSED] - Text '' is set on object 'Object Repository/VLink/Page_CCSale/txt_ChargeDescription'

2020-12-24 01:23:53 - [MESSAGE][PASSED] - Object 'Object Repository/VLink/Page_CCSale/txt_CAN' is present

2020-12-24 01:23:54 - [MESSAGE][PASSED] - Text '' is set on object 'Object Repository/VLink/Page_CCSale/txt_CAN'

2020-12-24 01:23:54 - [MESSAGE][PASSED] - Object 'Object Repository/VLink/Page_CCSale/txt_BillPaymentIndicator' is present

2020-12-24 01:23:55 - [MESSAGE][PASSED] - Text '' is set on object 'Object Repository/VLink/Page_CCSale/txt_BillPaymentIndicator'

2020-12-24 01:23:55 - [MESSAGE][PASSED] - Object 'Object Repository/VLink/Page_CCSale/txt_UDF1' is present

2020-12-24 01:23:56 - [MESSAGE][PASSED] - Text '' is set on object 'Object Repository/VLink/Page_CCSale/txt_UDF1'

2020-12-24 01:23:56 - [MESSAGE][PASSED] - Object 'Object Repository/VLink/Page_CCSale/txt_UDF2' is present

2020-12-24 01:23:57 - [MESSAGE][PASSED] - Text '' is set on object 'Object Repository/VLink/Page_CCSale/txt_UDF2'

2020-12-24 01:23:57 - [MESSAGE][PASSED] - Object 'Object Repository/VLink/Page_CCSale/txt_UDF3' is present

2020-12-24 01:23:58 - [MESSAGE][PASSED] - Text '' is set on object 'Object Repository/VLink/Page_CCSale/txt_UDF3'

2020-12-24 01:23:58 - [MESSAGE][PASSED] - Object 'Object Repository/VLink/Page_CCSale/txt_UDF4' is present

2020-12-24 01:23:59 - [MESSAGE][PASSED] - Text '' is set on object 'Object Repository/VLink/Page_CCSale/txt_UDF4'

2020-12-24 01:23:59 - [MESSAGE][PASSED] - Object 'Object Repository/VLink/Page_CCSale/txt_UDF5' is present

2020-12-24 01:24:00 - [MESSAGE][PASSED] - Text '' is set on object 'Object Repository/VLink/Page_CCSale/txt_UDF5'

2020-12-24 01:24:00 - [MESSAGE][PASSED] - Object 'Object Repository/VLink/Page_CCSale/txt_UDF6' is present

2020-12-24 01:24:01 - [MESSAGE][PASSED] - Text '' is set on object 'Object Repository/VLink/Page_CCSale/txt_UDF6'

2020-12-24 01:24:01 - [MESSAGE][PASSED] - Object 'Object Repository/VLink/Page_CCSale/txt_UDF7' is present

2020-12-24 01:24:02 - [MESSAGE][PASSED] - Text '' is set on object 'Object Repository/VLink/Page_CCSale/txt_UDF7'

2020-12-24 01:24:02 - [MESSAGE][PASSED] - Object 'Object Repository/VLink/Page_CCSale/txt_UDF8' is present

2020-12-24 01:24:03 - [MESSAGE][PASSED] - Text '' is set on object 'Object Repository/VLink/Page_CCSale/txt_UDF8'

2020-12-24 01:24:03 - [MESSAGE][PASSED] - Object 'Object Repository/VLink/Page_CCSale/txt_UDF9' is present

2020-12-24 01:24:04 - [MESSAGE][PASSED] - Text '' is set on object 'Object Repository/VLink/Page_CCSale/txt_UDF9'

2020-12-24 01:24:04 - [MESSAGE][PASSED] - Object 'Object Repository/VLink/Page_CCSale/txt_UDF10' is present

2020-12-24 01:24:05 - [MESSAGE][PASSED] - Text '' is set on object 'Object Repository/VLink/Page_CCSale/txt_UDF10'

2020-12-24 01:24:05 - [MESSAGE][PASSED] - Object 'Object Repository/VLink/Page_CCSale/txt_CardOnFileIndicator' is present

2020-12-24 01:24:05 - [MESSAGE][PASSED] - Text '' is set on object 'Object Repository/VLink/Page_CCSale/txt_CardOnFileIndicator'

2020-12-24 01:24:06 - [MESSAGE][PASSED] - Object 'Object Repository/VLink/Page_CCSale/txt_StoredCredentialIndicator' is present

2020-12-24 01:24:06 - [MESSAGE][PASSED] - Text '' is set on object 'Object Repository/VLink/Page_CCSale/txt_StoredCredentialIndicator'

2020-12-24 01:24:07 - [MESSAGE][PASSED] - Object 'Object Repository/VLink/Page_CCSale/txt_COFScheduledIndicator' is present

2020-12-24 01:24:07 - [MESSAGE][PASSED] - Text '' is set on object 'Object Repository/VLink/Page_CCSale/txt_COFScheduledIndicator'

2020-12-24 01:24:08 - [MESSAGE][PASSED] - Object 'Object Repository/VLink/Page_CCSale/txt_COFTransactionInitiatedBy' is present

2020-12-24 01:24:08 - [MESSAGE][PASSED] - Text '' is set on object 'Object Repository/VLink/Page_CCSale/txt_COFTransactionInitiatedBy'

2020-12-24 01:24:11 - [MESSAGE][PASSED] - Object: 'Object Repository/VLink/Page_CCSale/btn_ProcessVLinkTransaction' is clicked on

2020-12-24 01:24:16 - [MESSAGE][PASSED] - vlinkPages.saleCCPage.setDataSCC is PASSED

2020-12-24 01:24:16 - [TEST_STEP][PASSED] - if (verifyTextPresent("Transaction approved, no errors", true)): null

2020-12-24 01:24:17 - [MESSAGE][PASSED] - Text 'Transaction approved, no errors' is present on page  using regular expression

2020-12-24 01:24:17 - [TEST_STEP][PASSED] - println("Transaction Approved, no errors text is present on the Confirmation page"): null

2020-12-24 01:24:17 - [TEST_STEP][PASSED] - out.println("Pass Record Number: " + row): null

2020-12-24 01:24:17 - [TEST_STEP][PASSED] - resText = "Pass": null

2020-12-24 01:24:17 - [TEST_STEP][PASSED] - pages.WriteExcel.demoKey(resText, datText, resColumn, datCloumn, fileLoc, nameSheet, row): pages.WriteExcel.demoKey is PASSED

2020-12-24 01:24:17 - [MESSAGE][PASSED] - pages.WriteExcel.demoKey is PASSED

2020-12-24 01:24:17 - [TEST_STEP][PASSED] - sdfo = getText(findTestObject("Object Repository/Page_VLinkReceipt/pre_STX")): Text of object 'Object Repository/Page_VLinkReceipt/pre_STX' is: '<STX>RXidRwyDvJru                  12088168            0  Transaction approved, no errors                   0                                                                                  R OK0760   <ETX>'

2020-12-24 01:24:17 - [MESSAGE][PASSED] - Text of object 'Object Repository/Page_VLinkReceipt/pre_STX' is: '<STX>RXidRwyDvJru                  12088168            0  Transaction approved, no errors                   0                                                                                  R OK0760   <ETX>'

2020-12-24 01:24:17 - [TEST_STEP][PASSED] - out.println("sdfo: " + sdfo): null

2020-12-24 01:24:17 - [TEST_STEP][PASSED] - remID = substring(5, 35).trim(): null

2020-12-24 01:24:17 - [TEST_STEP][PASSED] - out.println("Remittance ID: " + remID): null

2020-12-24 01:24:17 - [TEST_STEP][PASSED] - traxID = substring(35, 55).trim(): null

2020-12-24 01:24:17 - [TEST_STEP][PASSED] - out.println("Transaction ID: " + traxID): null

2020-12-24 01:24:17 - [TEST_STEP][PASSED] - out.println("End Record Number: " + row): null

2020-12-24 01:24:17 - [TEST_STEP][PASSED] - closeBrowser(): Browser is closed

2020-12-24 01:24:18 - [MESSAGE][PASSED] - Browser is closed]]></system-out>
         <system-err><![CDATA[2020-12-23 23:28:29 - [TEST_CASE][FAILED] - Test Cases/VLink/QA/VLinkSale-Successful: Test Cases/VLink/QA/VLinkSale-Successful FAILED.
Reason:
com.kms.katalon.core.exception.StepFailedException: Text 'Transaction approved, no errors' is not present on page  using regular expression (Root cause: com.kms.katalon.core.exception.StepFailedException: Text 'Transaction approved, no errors' is not present on page  using regular expression
	at com.kms.katalon.core.webui.keyword.internal.WebUIKeywordMain.stepFailed(WebUIKeywordMain.groovy:64)
	at com.kms.katalon.core.webui.keyword.builtin.VerifyTextPresentKeyword$_verifyTextPresent_closure1.doCall(VerifyTextPresentKeyword.groovy:79)
	at com.kms.katalon.core.webui.keyword.builtin.VerifyTextPresentKeyword$_verifyTextPresent_closure1.call(VerifyTextPresentKeyword.groovy)
	at com.kms.katalon.core.webui.keyword.internal.WebUIKeywordMain.runKeyword(WebUIKeywordMain.groovy:20)
	at com.kms.katalon.core.webui.keyword.builtin.VerifyTextPresentKeyword.verifyTextPresent(VerifyTextPresentKeyword.groovy:83)
	at com.kms.katalon.core.webui.keyword.builtin.VerifyTextPresentKeyword.execute(VerifyTextPresentKeyword.groovy:68)
	at com.kms.katalon.core.keyword.internal.KeywordExecutor.executeKeywordForPlatform(KeywordExecutor.groovy:72)
	at com.kms.katalon.core.webui.keyword.WebUiBuiltInKeywords.verifyTextPresent(WebUiBuiltInKeywords.groovy:1719)
	at com.kms.katalon.core.webui.keyword.WebUiBuiltInKeywords$verifyTextPresent$4.call(Unknown Source)
	at VLinkSale-Successful.run(VLinkSale-Successful:76)
	at com.kms.katalon.core.main.ScriptEngine.run(ScriptEngine.java:194)
	at com.kms.katalon.core.main.ScriptEngine.runScriptAsRawText(ScriptEngine.java:119)
	at com.kms.katalon.core.main.TestCaseExecutor.runScript(TestCaseExecutor.java:337)
	at com.kms.katalon.core.main.TestCaseExecutor.doExecute(TestCaseExecutor.java:328)
	at com.kms.katalon.core.main.TestCaseExecutor.processExecutionPhase(TestCaseExecutor.java:307)
	at com.kms.katalon.core.main.TestCaseExecutor.accessMainPhase(TestCaseExecutor.java:299)
	at com.kms.katalon.core.main.TestCaseExecutor.execute(TestCaseExecutor.java:233)
	at com.kms.katalon.core.main.TestSuiteExecutor.accessTestCaseMainPhase(TestSuiteExecutor.java:169)
	at com.kms.katalon.core.main.TestSuiteExecutor.accessTestSuiteMainPhase(TestSuiteExecutor.java:142)
	at com.kms.katalon.core.main.TestSuiteExecutor.execute(TestSuiteExecutor.java:91)
	at com.kms.katalon.core.main.TestCaseMain.startTestSuite(TestCaseMain.java:157)
	at com.kms.katalon.core.main.TestCaseMain$startTestSuite$0.call(Unknown Source)
	at TempTestSuite1608784106629.run(TempTestSuite1608784106629.groovy:37)
)
	at com.kms.katalon.core.keyword.internal.KeywordMain.stepFailed(KeywordMain.groovy:39)
	at com.kms.katalon.core.webui.keyword.internal.WebUIKeywordMain.stepFailed(WebUIKeywordMain.groovy:64)
	at com.kms.katalon.core.webui.keyword.builtin.VerifyTextPresentKeyword$_verifyTextPresent_closure1.doCall(VerifyTextPresentKeyword.groovy:79)
	at com.kms.katalon.core.webui.keyword.builtin.VerifyTextPresentKeyword$_verifyTextPresent_closure1.call(VerifyTextPresentKeyword.groovy)
	at com.kms.katalon.core.webui.keyword.internal.WebUIKeywordMain.runKeyword(WebUIKeywordMain.groovy:20)
	at com.kms.katalon.core.webui.keyword.builtin.VerifyTextPresentKeyword.verifyTextPresent(VerifyTextPresentKeyword.groovy:83)
	at com.kms.katalon.core.webui.keyword.builtin.VerifyTextPresentKeyword.execute(VerifyTextPresentKeyword.groovy:68)
	at com.kms.katalon.core.keyword.internal.KeywordExecutor.executeKeywordForPlatform(KeywordExecutor.groovy:72)
	at com.kms.katalon.core.webui.keyword.WebUiBuiltInKeywords.verifyTextPresent(WebUiBuiltInKeywords.groovy:1719)
	at com.kms.katalon.core.webui.keyword.WebUiBuiltInKeywords$verifyTextPresent$4.call(Unknown Source)
	at VLinkSale-Successful.run(VLinkSale-Successful:76)
	at com.kms.katalon.core.main.ScriptEngine.run(ScriptEngine.java:194)
	at com.kms.katalon.core.main.ScriptEngine.runScriptAsRawText(ScriptEngine.java:119)
	at com.kms.katalon.core.main.TestCaseExecutor.runScript(TestCaseExecutor.java:337)
	at com.kms.katalon.core.main.TestCaseExecutor.doExecute(TestCaseExecutor.java:328)
	at com.kms.katalon.core.main.TestCaseExecutor.processExecutionPhase(TestCaseExecutor.java:307)
	at com.kms.katalon.core.main.TestCaseExecutor.accessMainPhase(TestCaseExecutor.java:299)
	at com.kms.katalon.core.main.TestCaseExecutor.execute(TestCaseExecutor.java:233)
	at com.kms.katalon.core.main.TestSuiteExecutor.accessTestCaseMainPhase(TestSuiteExecutor.java:169)
	at com.kms.katalon.core.main.TestSuiteExecutor.accessTestSuiteMainPhase(TestSuiteExecutor.java:142)
	at com.kms.katalon.core.main.TestSuiteExecutor.execute(TestSuiteExecutor.java:91)
	at com.kms.katalon.core.main.TestCaseMain.startTestSuite(TestCaseMain.java:157)
	at com.kms.katalon.core.main.TestCaseMain$startTestSuite$0.call(Unknown Source)
	at TempTestSuite1608784106629.run(TempTestSuite1608784106629.groovy:37)
Caused by: com.kms.katalon.core.exception.StepFailedException: Text 'Transaction approved, no errors' is not present on page  using regular expression
	... 23 more]]></system-err>
      </testcase>
      <system-out><![CDATA[2020-12-23 23:28:28 - [TEST_SUITE][FAILED] - QA Smoke Test: Test Cases/VLink/QA/VLinkSale-Successful FAILED.
Reason:
com.kms.katalon.core.exception.StepFailedException: Text 'Transaction approved, no errors' is not present on page  using regular expression (Root cause: com.kms.katalon.core.exception.StepFailedException: Text 'Transaction approved, no errors' is not present on page  using regular expression
	at com.kms.katalon.core.webui.keyword.internal.WebUIKeywordMain.stepFailed(WebUIKeywordMain.groovy:64)
	at com.kms.katalon.core.webui.keyword.builtin.VerifyTextPresentKeyword$_verifyTextPresent_closure1.doCall(VerifyTextPresentKeyword.groovy:79)
	at com.kms.katalon.core.webui.keyword.builtin.VerifyTextPresentKeyword$_verifyTextPresent_closure1.call(VerifyTextPresentKeyword.groovy)
	at com.kms.katalon.core.webui.keyword.internal.WebUIKeywordMain.runKeyword(WebUIKeywordMain.groovy:20)
	at com.kms.katalon.core.webui.keyword.builtin.VerifyTextPresentKeyword.verifyTextPresent(VerifyTextPresentKeyword.groovy:83)
	at com.kms.katalon.core.webui.keyword.builtin.VerifyTextPresentKeyword.execute(VerifyTextPresentKeyword.groovy:68)
	at com.kms.katalon.core.keyword.internal.KeywordExecutor.executeKeywordForPlatform(KeywordExecutor.groovy:72)
	at com.kms.katalon.core.webui.keyword.WebUiBuiltInKeywords.verifyTextPresent(WebUiBuiltInKeywords.groovy:1719)
	at com.kms.katalon.core.webui.keyword.WebUiBuiltInKeywords$verifyTextPresent$4.call(Unknown Source)
	at VLinkSale-Successful.run(VLinkSale-Successful:76)
	at com.kms.katalon.core.main.ScriptEngine.run(ScriptEngine.java:194)
	at com.kms.katalon.core.main.ScriptEngine.runScriptAsRawText(ScriptEngine.java:119)
	at com.kms.katalon.core.main.TestCaseExecutor.runScript(TestCaseExecutor.java:337)
	at com.kms.katalon.core.main.TestCaseExecutor.doExecute(TestCaseExecutor.java:328)
	at com.kms.katalon.core.main.TestCaseExecutor.processExecutionPhase(TestCaseExecutor.java:307)
	at com.kms.katalon.core.main.TestCaseExecutor.accessMainPhase(TestCaseExecutor.java:299)
	at com.kms.katalon.core.main.TestCaseExecutor.execute(TestCaseExecutor.java:233)
	at com.kms.katalon.core.main.TestSuiteExecutor.accessTestCaseMainPhase(TestSuiteExecutor.java:169)
	at com.kms.katalon.core.main.TestSuiteExecutor.accessTestSuiteMainPhase(TestSuiteExecutor.java:142)
	at com.kms.katalon.core.main.TestSuiteExecutor.execute(TestSuiteExecutor.java:91)
	at com.kms.katalon.core.main.TestCaseMain.startTestSuite(TestCaseMain.java:157)
	at com.kms.katalon.core.main.TestCaseMain$startTestSuite$0.call(Unknown Source)
	at TempTestSuite1608784106629.run(TempTestSuite1608784106629.groovy:37)
)
	at com.kms.katalon.core.keyword.internal.KeywordMain.stepFailed(KeywordMain.groovy:39)
	at com.kms.katalon.core.webui.keyword.internal.WebUIKeywordMain.stepFailed(WebUIKeywordMain.groovy:64)
	at com.kms.katalon.core.webui.keyword.builtin.VerifyTextPresentKeyword$_verifyTextPresent_closure1.doCall(VerifyTextPresentKeyword.groovy:79)
	at com.kms.katalon.core.webui.keyword.builtin.VerifyTextPresentKeyword$_verifyTextPresent_closure1.call(VerifyTextPresentKeyword.groovy)
	at com.kms.katalon.core.webui.keyword.internal.WebUIKeywordMain.runKeyword(WebUIKeywordMain.groovy:20)
	at com.kms.katalon.core.webui.keyword.builtin.VerifyTextPresentKeyword.verifyTextPresent(VerifyTextPresentKeyword.groovy:83)
	at com.kms.katalon.core.webui.keyword.builtin.VerifyTextPresentKeyword.execute(VerifyTextPresentKeyword.groovy:68)
	at com.kms.katalon.core.keyword.internal.KeywordExecutor.executeKeywordForPlatform(KeywordExecutor.groovy:72)
	at com.kms.katalon.core.webui.keyword.WebUiBuiltInKeywords.verifyTextPresent(WebUiBuiltInKeywords.groovy:1719)
	at com.kms.katalon.core.webui.keyword.WebUiBuiltInKeywords$verifyTextPresent$4.call(Unknown Source)
	at VLinkSale-Successful.run(VLinkSale-Successful:76)
	at com.kms.katalon.core.main.ScriptEngine.run(ScriptEngine.java:194)
	at com.kms.katalon.core.main.ScriptEngine.runScriptAsRawText(ScriptEngine.java:119)
	at com.kms.katalon.core.main.TestCaseExecutor.runScript(TestCaseExecutor.java:337)
	at com.kms.katalon.core.main.TestCaseExecutor.doExecute(TestCaseExecutor.java:328)
	at com.kms.katalon.core.main.TestCaseExecutor.processExecutionPhase(TestCaseExecutor.java:307)
	at com.kms.katalon.core.main.TestCaseExecutor.accessMainPhase(TestCaseExecutor.java:299)
	at com.kms.katalon.core.main.TestCaseExecutor.execute(TestCaseExecutor.java:233)
	at com.kms.katalon.core.main.TestSuiteExecutor.accessTestCaseMainPhase(TestSuiteExecutor.java:169)
	at com.kms.katalon.core.main.TestSuiteExecutor.accessTestSuiteMainPhase(TestSuiteExecutor.java:142)
	at com.kms.katalon.core.main.TestSuiteExecutor.execute(TestSuiteExecutor.java:91)
	at com.kms.katalon.core.main.TestCaseMain.startTestSuite(TestCaseMain.java:157)
	at com.kms.katalon.core.main.TestCaseMain$startTestSuite$0.call(Unknown Source)
	at TempTestSuite1608784106629.run(TempTestSuite1608784106629.groovy:37)
Caused by: com.kms.katalon.core.exception.StepFailedException: Text 'Transaction approved, no errors' is not present on page  using regular expression
	... 23 more]]></system-out>
      <system-err><![CDATA[2020-12-23 23:28:28 - [TEST_SUITE][FAILED] - QA Smoke Test: Test Cases/VLink/QA/VLinkSale-Successful FAILED.
Reason:
com.kms.katalon.core.exception.StepFailedException: Text 'Transaction approved, no errors' is not present on page  using regular expression (Root cause: com.kms.katalon.core.exception.StepFailedException: Text 'Transaction approved, no errors' is not present on page  using regular expression
	at com.kms.katalon.core.webui.keyword.internal.WebUIKeywordMain.stepFailed(WebUIKeywordMain.groovy:64)
	at com.kms.katalon.core.webui.keyword.builtin.VerifyTextPresentKeyword$_verifyTextPresent_closure1.doCall(VerifyTextPresentKeyword.groovy:79)
	at com.kms.katalon.core.webui.keyword.builtin.VerifyTextPresentKeyword$_verifyTextPresent_closure1.call(VerifyTextPresentKeyword.groovy)
	at com.kms.katalon.core.webui.keyword.internal.WebUIKeywordMain.runKeyword(WebUIKeywordMain.groovy:20)
	at com.kms.katalon.core.webui.keyword.builtin.VerifyTextPresentKeyword.verifyTextPresent(VerifyTextPresentKeyword.groovy:83)
	at com.kms.katalon.core.webui.keyword.builtin.VerifyTextPresentKeyword.execute(VerifyTextPresentKeyword.groovy:68)
	at com.kms.katalon.core.keyword.internal.KeywordExecutor.executeKeywordForPlatform(KeywordExecutor.groovy:72)
	at com.kms.katalon.core.webui.keyword.WebUiBuiltInKeywords.verifyTextPresent(WebUiBuiltInKeywords.groovy:1719)
	at com.kms.katalon.core.webui.keyword.WebUiBuiltInKeywords$verifyTextPresent$4.call(Unknown Source)
	at VLinkSale-Successful.run(VLinkSale-Successful:76)
	at com.kms.katalon.core.main.ScriptEngine.run(ScriptEngine.java:194)
	at com.kms.katalon.core.main.ScriptEngine.runScriptAsRawText(ScriptEngine.java:119)
	at com.kms.katalon.core.main.TestCaseExecutor.runScript(TestCaseExecutor.java:337)
	at com.kms.katalon.core.main.TestCaseExecutor.doExecute(TestCaseExecutor.java:328)
	at com.kms.katalon.core.main.TestCaseExecutor.processExecutionPhase(TestCaseExecutor.java:307)
	at com.kms.katalon.core.main.TestCaseExecutor.accessMainPhase(TestCaseExecutor.java:299)
	at com.kms.katalon.core.main.TestCaseExecutor.execute(TestCaseExecutor.java:233)
	at com.kms.katalon.core.main.TestSuiteExecutor.accessTestCaseMainPhase(TestSuiteExecutor.java:169)
	at com.kms.katalon.core.main.TestSuiteExecutor.accessTestSuiteMainPhase(TestSuiteExecutor.java:142)
	at com.kms.katalon.core.main.TestSuiteExecutor.execute(TestSuiteExecutor.java:91)
	at com.kms.katalon.core.main.TestCaseMain.startTestSuite(TestCaseMain.java:157)
	at com.kms.katalon.core.main.TestCaseMain$startTestSuite$0.call(Unknown Source)
	at TempTestSuite1608784106629.run(TempTestSuite1608784106629.groovy:37)
)
	at com.kms.katalon.core.keyword.internal.KeywordMain.stepFailed(KeywordMain.groovy:39)
	at com.kms.katalon.core.webui.keyword.internal.WebUIKeywordMain.stepFailed(WebUIKeywordMain.groovy:64)
	at com.kms.katalon.core.webui.keyword.builtin.VerifyTextPresentKeyword$_verifyTextPresent_closure1.doCall(VerifyTextPresentKeyword.groovy:79)
	at com.kms.katalon.core.webui.keyword.builtin.VerifyTextPresentKeyword$_verifyTextPresent_closure1.call(VerifyTextPresentKeyword.groovy)
	at com.kms.katalon.core.webui.keyword.internal.WebUIKeywordMain.runKeyword(WebUIKeywordMain.groovy:20)
	at com.kms.katalon.core.webui.keyword.builtin.VerifyTextPresentKeyword.verifyTextPresent(VerifyTextPresentKeyword.groovy:83)
	at com.kms.katalon.core.webui.keyword.builtin.VerifyTextPresentKeyword.execute(VerifyTextPresentKeyword.groovy:68)
	at com.kms.katalon.core.keyword.internal.KeywordExecutor.executeKeywordForPlatform(KeywordExecutor.groovy:72)
	at com.kms.katalon.core.webui.keyword.WebUiBuiltInKeywords.verifyTextPresent(WebUiBuiltInKeywords.groovy:1719)
	at com.kms.katalon.core.webui.keyword.WebUiBuiltInKeywords$verifyTextPresent$4.call(Unknown Source)
	at VLinkSale-Successful.run(VLinkSale-Successful:76)
	at com.kms.katalon.core.main.ScriptEngine.run(ScriptEngine.java:194)
	at com.kms.katalon.core.main.ScriptEngine.runScriptAsRawText(ScriptEngine.java:119)
	at com.kms.katalon.core.main.TestCaseExecutor.runScript(TestCaseExecutor.java:337)
	at com.kms.katalon.core.main.TestCaseExecutor.doExecute(TestCaseExecutor.java:328)
	at com.kms.katalon.core.main.TestCaseExecutor.processExecutionPhase(TestCaseExecutor.java:307)
	at com.kms.katalon.core.main.TestCaseExecutor.accessMainPhase(TestCaseExecutor.java:299)
	at com.kms.katalon.core.main.TestCaseExecutor.execute(TestCaseExecutor.java:233)
	at com.kms.katalon.core.main.TestSuiteExecutor.accessTestCaseMainPhase(TestSuiteExecutor.java:169)
	at com.kms.katalon.core.main.TestSuiteExecutor.accessTestSuiteMainPhase(TestSuiteExecutor.java:142)
	at com.kms.katalon.core.main.TestSuiteExecutor.execute(TestSuiteExecutor.java:91)
	at com.kms.katalon.core.main.TestCaseMain.startTestSuite(TestCaseMain.java:157)
	at com.kms.katalon.core.main.TestCaseMain$startTestSuite$0.call(Unknown Source)
	at TempTestSuite1608784106629.run(TempTestSuite1608784106629.groovy:37)
Caused by: com.kms.katalon.core.exception.StepFailedException: Text 'Transaction approved, no errors' is not present on page  using regular expression
	... 23 more]]></system-err>
   </testsuite>
</testsuites>
