<?xml version="1.0" encoding="UTF-8"?>
<testsuites name="IWP30 Smoke TestSuite" time="76.754" tests="1" failures="0" errors="0">
   <testsuite name="IWP30 Smoke TestSuite" tests="1" failures="0" errors="0" time="76.754" timestamp="2020-07-09 21:22:31" hostname="iahmed - DESKTOP-B2QI6NS.govolution.com" id="Test Suites/QA Smoke Test/IWP30 Smoke TestSuite">
      <properties>
         <property name="deviceName" value=""/>
         <property name="devicePlatform" value=""/>
         <property name="logFolder" value="C:\\Users\\iahmed\\Documents\\VPS-Smoke-Version001\\Reports\\20200709_212228\\QA Smoke Test\\IWP30 Smoke TestSuite\\20200709_212228"/>
         <property name="logFiles" value="C:\\Users\\iahmed\\Documents\\VPS-Smoke-Version001\\Reports\\20200709_212228\\QA Smoke Test\\IWP30 Smoke TestSuite\\20200709_212228\\execution0.log"/>
         <property name="attachments" value=""/>
         <property name="hostName" value="iahmed - DESKTOP-B2QI6NS.govolution.com"/>
         <property name="os" value="Windows 10 64bit"/>
         <property name="katalonVersion" value="7.5.10.1"/>
         <property name="browser" value="Chrome 83.0.4103.116"/>
         <property name="hostAddress" value="10.5.20.43"/>
         <property name="sessionId" value="4629c74aaf07c75e5087ec9801bf99a2"/>
         <property name="seleniumVersion" value="3.141.59"/>
         <property name="proxyInformation" value="ProxyInformation { proxyOption=NO_PROXY, proxyServerType=HTTP, username=, password=********, proxyServerAddress=, proxyServerPort=0, executionList=\&quot;\&quot;, isApplyToDesiredCapabilities=true }"/>
         <property name="platform" value="Windows 10"/>
      </properties>
      <testcase name="Test Cases/IntegratedWeb/IWP30/PayNowReqFieldsCC" time="75.599" classname="Test Cases/IntegratedWeb/IWP30/PayNowReqFieldsCC" status="PASSED">
         <system-out><![CDATA[2020-07-09 21:22:31 - [TEST_CASE][PASSED] - Test Cases/IntegratedWeb/IWP30/PayNowReqFieldsCC: Test Cases/IntegratedWeb/IWP30/PayNowReqFieldsCC

2020-07-09 21:22:32 - [TEST_STEP][PASSED] - numOfRows = findTestData("IWP30PayNowCC").getRowNumbers(): null

2020-07-09 21:22:32 - [TEST_STEP][PASSED] - println(numOfRows): null

2020-07-09 21:22:32 - [TEST_STEP][PASSED] - for ([row = 1, row <= numOfRows, (row++)]): null

2020-07-09 21:22:32 - [TEST_STEP][PASSED] - try: null

2020-07-09 21:22:32 - [TEST_STEP][PASSED] - MV = findTestData("IWP30PayNowCC").getValue("MV", row): null

2020-07-09 21:22:33 - [TEST_STEP][PASSED] - println(MV): null

2020-07-09 21:22:33 - [TEST_STEP][PASSED] - Amount = findTestData("IWP30PayNowCC").getValue("Amount", row): null

2020-07-09 21:22:33 - [TEST_STEP][PASSED] - println(Amount): null

2020-07-09 21:22:33 - [TEST_STEP][PASSED] - CAN = findTestData("IWP30PayNowCC").getValue("CAN", row): null

2020-07-09 21:22:33 - [TEST_STEP][PASSED] - println(CAN): null

2020-07-09 21:22:33 - [TEST_STEP][PASSED] - Action = findTestData("IWP30PayNowCC").getValue("Action", row): null

2020-07-09 21:22:33 - [TEST_STEP][PASSED] - println(Action): null

2020-07-09 21:22:33 - [TEST_STEP][PASSED] - Lang = findTestData("IWP30PayNowCC").getValue("Lang", row): null

2020-07-09 21:22:33 - [TEST_STEP][PASSED] - println(Lang): null

2020-07-09 21:22:33 - [TEST_STEP][PASSED] - Fname = findTestData("IWP30PayNowCC").getValue("Fname", row): null

2020-07-09 21:22:33 - [TEST_STEP][PASSED] - println(Fname): null

2020-07-09 21:22:33 - [TEST_STEP][PASSED] - Lname = findTestData("IWP30PayNowCC").getValue("Lname", row): null

2020-07-09 21:22:33 - [TEST_STEP][PASSED] - println(Lname): null

2020-07-09 21:22:33 - [TEST_STEP][PASSED] - AL1 = findTestData("IWP30PayNowCC").getValue("AL1", row): null

2020-07-09 21:22:33 - [TEST_STEP][PASSED] - println(AL1): null

2020-07-09 21:22:33 - [TEST_STEP][PASSED] - AL2 = findTestData("IWP30PayNowCC").getValue("AL2", row): null

2020-07-09 21:22:33 - [TEST_STEP][PASSED] - println(AL2): null

2020-07-09 21:22:33 - [TEST_STEP][PASSED] - Country = findTestData("IWP30PayNowCC").getValue("Country", row): null

2020-07-09 21:22:33 - [TEST_STEP][PASSED] - println(Country): null

2020-07-09 21:22:33 - [TEST_STEP][PASSED] - City = findTestData("IWP30PayNowCC").getValue("City", row): null

2020-07-09 21:22:33 - [TEST_STEP][PASSED] - println(City): null

2020-07-09 21:22:33 - [TEST_STEP][PASSED] - State = findTestData("IWP30PayNowCC").getValue("State", row): null

2020-07-09 21:22:33 - [TEST_STEP][PASSED] - println(State): null

2020-07-09 21:22:33 - [TEST_STEP][PASSED] - ZIP = findTestData("IWP30PayNowCC").getValue("ZIP", row): null

2020-07-09 21:22:33 - [TEST_STEP][PASSED] - println(ZIP): null

2020-07-09 21:22:33 - [TEST_STEP][PASSED] - Order = findTestData("IWP30PayNowCC").getValue("Order", row): null

2020-07-09 21:22:34 - [TEST_STEP][PASSED] - println(Order): null

2020-07-09 21:22:34 - [TEST_STEP][PASSED] - CompanyName = findTestData("IWP30PayNowCC").getValue("CompanyName", row): null

2020-07-09 21:22:34 - [TEST_STEP][PASSED] - println(CompanyName): null

2020-07-09 21:22:34 - [TEST_STEP][PASSED] - Email = findTestData("IWP30PayNowCC").getValue("Email", row): null

2020-07-09 21:22:34 - [TEST_STEP][PASSED] - println(Email): null

2020-07-09 21:22:34 - [TEST_STEP][PASSED] - UDF1 = findTestData("IWP30PayNowCC").getValue("UDF1", row): null

2020-07-09 21:22:34 - [TEST_STEP][PASSED] - println(UDF1): null

2020-07-09 21:22:34 - [TEST_STEP][PASSED] - UDF2 = findTestData("IWP30PayNowCC").getValue("UDF2", row): null

2020-07-09 21:22:34 - [TEST_STEP][PASSED] - println(UDF2): null

2020-07-09 21:22:34 - [TEST_STEP][PASSED] - UDF3 = findTestData("IWP30PayNowCC").getValue("UDF3", row): null

2020-07-09 21:22:34 - [TEST_STEP][PASSED] - println(UDF3): null

2020-07-09 21:22:34 - [TEST_STEP][PASSED] - UDF4 = findTestData("IWP30PayNowCC").getValue("UDF4", row): null

2020-07-09 21:22:34 - [TEST_STEP][PASSED] - println(UDF4): null

2020-07-09 21:22:34 - [TEST_STEP][PASSED] - UDF5 = findTestData("IWP30PayNowCC").getValue("UDF5", row): null

2020-07-09 21:22:34 - [TEST_STEP][PASSED] - println(UDF5): null

2020-07-09 21:22:34 - [TEST_STEP][PASSED] - UDF6 = findTestData("IWP30PayNowCC").getValue("UDF6", row): null

2020-07-09 21:22:34 - [TEST_STEP][PASSED] - println(UDF6): null

2020-07-09 21:22:34 - [TEST_STEP][PASSED] - UDF7 = findTestData("IWP30PayNowCC").getValue("UDF7", row): null

2020-07-09 21:22:34 - [TEST_STEP][PASSED] - println(UDF7): null

2020-07-09 21:22:34 - [TEST_STEP][PASSED] - UDF8 = findTestData("IWP30PayNowCC").getValue("UDF8", row): null

2020-07-09 21:22:34 - [TEST_STEP][PASSED] - println(UDF8): null

2020-07-09 21:22:34 - [TEST_STEP][PASSED] - UDF9 = findTestData("IWP30PayNowCC").getValue("UDF9", row): null

2020-07-09 21:22:34 - [TEST_STEP][PASSED] - println(UDF9): null

2020-07-09 21:22:34 - [TEST_STEP][PASSED] - UDF10 = findTestData("IWP30PayNowCC").getValue("UDF10", row): null

2020-07-09 21:22:34 - [TEST_STEP][PASSED] - println(UDF10): null

2020-07-09 21:22:34 - [TEST_STEP][PASSED] - AppID = findTestData("IWP30PayNowCC").getValue("AppID", row): null

2020-07-09 21:22:34 - [TEST_STEP][PASSED] - println(AppID): null

2020-07-09 21:22:34 - [TEST_STEP][PASSED] - MessageVersion = findTestData("IWP30PayNowCC").getValue("MessageVersion", row): null

2020-07-09 21:22:34 - [TEST_STEP][PASSED] - println(MessageVersion): null

2020-07-09 21:22:34 - [TEST_STEP][PASSED] - CCAmount = findTestData("IWP30PayNowCC").getValue("CCAmount", row): null

2020-07-09 21:22:34 - [TEST_STEP][PASSED] - println(CCAmount): null

2020-07-09 21:22:34 - [TEST_STEP][PASSED] - CCUDF1 = findTestData("IWP30PayNowCC").getValue("CCUDF1", row): null

2020-07-09 21:22:34 - [TEST_STEP][PASSED] - println(CCUDF1): null

2020-07-09 21:22:34 - [TEST_STEP][PASSED] - CCUDF2 = findTestData("IWP30PayNowCC").getValue("CCUDF2", row): null

2020-07-09 21:22:35 - [TEST_STEP][PASSED] - println(CCUDF2): null

2020-07-09 21:22:35 - [TEST_STEP][PASSED] - CCUDF3 = findTestData("IWP30PayNowCC").getValue("CCUDF3", row): null

2020-07-09 21:22:35 - [TEST_STEP][PASSED] - println(CCUDF3): null

2020-07-09 21:22:35 - [TEST_STEP][PASSED] - CCUDF4 = findTestData("IWP30PayNowCC").getValue("CCUDF4", row): null

2020-07-09 21:22:35 - [TEST_STEP][PASSED] - println(CCUDF4): null

2020-07-09 21:22:35 - [TEST_STEP][PASSED] - CCUDF5 = findTestData("IWP30PayNowCC").getValue("CCUDF5", row): null

2020-07-09 21:22:35 - [TEST_STEP][PASSED] - println(CCUDF5): null

2020-07-09 21:22:35 - [TEST_STEP][PASSED] - CCUDF6 = findTestData("IWP30PayNowCC").getValue("CCUDF6", row): null

2020-07-09 21:22:35 - [TEST_STEP][PASSED] - println(CCUDF6): null

2020-07-09 21:22:35 - [TEST_STEP][PASSED] - CCUDF7 = findTestData("IWP30PayNowCC").getValue("CCUDF7", row): null

2020-07-09 21:22:35 - [TEST_STEP][PASSED] - println(CCUDF7): null

2020-07-09 21:22:35 - [TEST_STEP][PASSED] - CCUDF8 = findTestData("IWP30PayNowCC").getValue("CCUDF8", row): null

2020-07-09 21:22:35 - [TEST_STEP][PASSED] - println(CCUDF8): null

2020-07-09 21:22:35 - [TEST_STEP][PASSED] - CCUDF9 = findTestData("IWP30PayNowCC").getValue("CCUDF9", row): null

2020-07-09 21:22:35 - [TEST_STEP][PASSED] - println(CCUDF9): null

2020-07-09 21:22:35 - [TEST_STEP][PASSED] - CCUDF10 = findTestData("IWP30PayNowCC").getValue("CCUDF10", row): null

2020-07-09 21:22:35 - [TEST_STEP][PASSED] - println(CCUDF10): null

2020-07-09 21:22:35 - [TEST_STEP][PASSED] - CCName = findTestData("IWP30PayNowCC").getValue("CCName", row): null

2020-07-09 21:22:35 - [TEST_STEP][PASSED] - println(CCName): null

2020-07-09 21:22:35 - [TEST_STEP][PASSED] - CCCardNum = findTestData("IWP30PayNowCC").getValue("CCCardNum", row): null

2020-07-09 21:22:35 - [TEST_STEP][PASSED] - println(CCCardNum): null

2020-07-09 21:22:35 - [TEST_STEP][PASSED] - CCSPC = findTestData("IWP30PayNowCC").getValue("CCSPC", row): null

2020-07-09 21:22:35 - [TEST_STEP][PASSED] - println(CCSPC): null

2020-07-09 21:22:35 - [TEST_STEP][PASSED] - CCExpM = findTestData("IWP30PayNowCC").getValue("CCExpM", row): null

2020-07-09 21:22:35 - [TEST_STEP][PASSED] - println(CCExpM): null

2020-07-09 21:22:35 - [TEST_STEP][PASSED] - CCExpY = findTestData("IWP30PayNowCC").getValue("CCExpY", row): null

2020-07-09 21:22:35 - [TEST_STEP][PASSED] - println(CCExpY): null

2020-07-09 21:22:35 - [TEST_STEP][PASSED] - CCDate = findTestData("IWP30PayNowCC").getValue("CCDate", row): null

2020-07-09 21:22:35 - [TEST_STEP][PASSED] - println(CCDate): null

2020-07-09 21:22:35 - [TEST_STEP][PASSED] - CCAL1 = findTestData("IWP30PayNowCC").getValue("CCAL1", row): null

2020-07-09 21:22:35 - [TEST_STEP][PASSED] - println(CCAL1): null

2020-07-09 21:22:35 - [TEST_STEP][PASSED] - CCAL2 = findTestData("IWP30PayNowCC").getValue("CCAL2", row): null

2020-07-09 21:22:35 - [TEST_STEP][PASSED] - println(CCAL2): null

2020-07-09 21:22:35 - [TEST_STEP][PASSED] - CCZIP = findTestData("IWP30PayNowCC").getValue("CCZIP", row): null

2020-07-09 21:22:35 - [TEST_STEP][PASSED] - println(CCZIP): null

2020-07-09 21:22:35 - [TEST_STEP][PASSED] - CCEmail = findTestData("IWP30PayNowCC").getValue("CCEmail", row): null

2020-07-09 21:22:35 - [TEST_STEP][PASSED] - println(CCEmail): null

2020-07-09 21:22:35 - [TEST_STEP][PASSED] - openBrowser("https://qa.velocitypayment.com/agency/config.do?action=editor"): Browser is opened with url: 'https://qa.velocitypayment.com/agency/config.do?action=editor'

2020-07-09 21:22:36 - [MESSAGE][INFO] - Starting 'Chrome' driver

2020-07-09 21:22:36 - [MESSAGE][INFO] - User set preference: ['acceptInsecureCerts', 'true']

2020-07-09 21:22:36 - [MESSAGE][INFO] - Action delay is set to 0 milliseconds

2020-07-09 21:22:41 - [MESSAGE][PASSED] - Browser is opened with url: 'https://qa.velocitypayment.com/agency/config.do?action=editor'

2020-07-09 21:22:41 - [TEST_STEP][PASSED] - maximizeWindow(): Current window maximized

2020-07-09 21:22:41 - [MESSAGE][PASSED] - Current window maximized

2020-07-09 21:22:41 - [TEST_STEP][PASSED] - selectOptionByValue(findTestObject("IWP30/Page_VRelay30Emulator/MV"), MV, true): All options with value '3.0' are selected in object 'Object Repository/IWP30/Page_VRelay30Emulator/MV'  using regular expression

2020-07-09 21:22:42 - [MESSAGE][PASSED] - All options with value '3.0' are selected in object 'Object Repository/IWP30/Page_VRelay30Emulator/MV'  using regular expression

2020-07-09 21:22:42 - [TEST_STEP][PASSED] - setText(findTestObject("IWP30/Page_VRelay30Emulator/Amount"), Amount): Text '10.50' is set on object 'Object Repository/IWP30/Page_VRelay30Emulator/Amount'

2020-07-09 21:22:43 - [MESSAGE][PASSED] - Text '10.50' is set on object 'Object Repository/IWP30/Page_VRelay30Emulator/Amount'

2020-07-09 21:22:43 - [TEST_STEP][PASSED] - setText(findTestObject("IWP30/Page_VRelay30Emulator/CAN"), CAN): Text '26411005' is set on object 'Object Repository/IWP30/Page_VRelay30Emulator/CAN'

2020-07-09 21:22:44 - [MESSAGE][PASSED] - Text '26411005' is set on object 'Object Repository/IWP30/Page_VRelay30Emulator/CAN'

2020-07-09 21:22:44 - [TEST_STEP][PASSED] - setText(findTestObject("IWP30/Page_VRelay30Emulator/Action"), Action): Text 'PayNow' is set on object 'Object Repository/IWP30/Page_VRelay30Emulator/Action'

2020-07-09 21:22:44 - [MESSAGE][PASSED] - Text 'PayNow' is set on object 'Object Repository/IWP30/Page_VRelay30Emulator/Action'

2020-07-09 21:22:44 - [TEST_STEP][PASSED] - setText(findTestObject("IWP30/Page_VRelay30Emulator/Lang"), Lang): Text 'en_US' is set on object 'Object Repository/IWP30/Page_VRelay30Emulator/Lang'

2020-07-09 21:22:45 - [MESSAGE][PASSED] - Text 'en_US' is set on object 'Object Repository/IWP30/Page_VRelay30Emulator/Lang'

2020-07-09 21:22:45 - [TEST_STEP][PASSED] - setText(findTestObject("IWP30/Page_VRelay30Emulator/Fname"), Fname): Text '' is set on object 'Object Repository/IWP30/Page_VRelay30Emulator/Fname'

2020-07-09 21:22:45 - [MESSAGE][PASSED] - Text '' is set on object 'Object Repository/IWP30/Page_VRelay30Emulator/Fname'

2020-07-09 21:22:45 - [TEST_STEP][PASSED] - setText(findTestObject("IWP30/Page_VRelay30Emulator/Lname"), Lname): Text '' is set on object 'Object Repository/IWP30/Page_VRelay30Emulator/Lname'

2020-07-09 21:22:46 - [MESSAGE][PASSED] - Text '' is set on object 'Object Repository/IWP30/Page_VRelay30Emulator/Lname'

2020-07-09 21:22:46 - [TEST_STEP][PASSED] - setText(findTestObject("IWP30/Page_VRelay30Emulator/AL1"), AL1): Text '' is set on object 'Object Repository/IWP30/Page_VRelay30Emulator/AL1'

2020-07-09 21:22:47 - [MESSAGE][PASSED] - Text '' is set on object 'Object Repository/IWP30/Page_VRelay30Emulator/AL1'

2020-07-09 21:22:47 - [TEST_STEP][PASSED] - setText(findTestObject("IWP30/Page_VRelay30Emulator/AL2"), AL2): Text '' is set on object 'Object Repository/IWP30/Page_VRelay30Emulator/AL2'

2020-07-09 21:22:47 - [MESSAGE][PASSED] - Text '' is set on object 'Object Repository/IWP30/Page_VRelay30Emulator/AL2'

2020-07-09 21:22:47 - [TEST_STEP][PASSED] - setText(findTestObject("IWP30/Page_VRelay30Emulator/Country"), Country): Text '840' is set on object 'Object Repository/IWP30/Page_VRelay30Emulator/Country'

2020-07-09 21:22:48 - [MESSAGE][PASSED] - Text '840' is set on object 'Object Repository/IWP30/Page_VRelay30Emulator/Country'

2020-07-09 21:22:48 - [TEST_STEP][PASSED] - setText(findTestObject("IWP30/Page_VRelay30Emulator/City"), City): Text '' is set on object 'Object Repository/IWP30/Page_VRelay30Emulator/City'

2020-07-09 21:22:49 - [MESSAGE][PASSED] - Text '' is set on object 'Object Repository/IWP30/Page_VRelay30Emulator/City'

2020-07-09 21:22:49 - [TEST_STEP][PASSED] - setText(findTestObject("IWP30/Page_VRelay30Emulator/State"), State): Text '' is set on object 'Object Repository/IWP30/Page_VRelay30Emulator/State'

2020-07-09 21:22:49 - [MESSAGE][PASSED] - Text '' is set on object 'Object Repository/IWP30/Page_VRelay30Emulator/State'

2020-07-09 21:22:49 - [TEST_STEP][PASSED] - setText(findTestObject("IWP30/Page_VRelay30Emulator/ZIP"), ZIP): Text '' is set on object 'Object Repository/IWP30/Page_VRelay30Emulator/ZIP'

2020-07-09 21:22:50 - [MESSAGE][PASSED] - Text '' is set on object 'Object Repository/IWP30/Page_VRelay30Emulator/ZIP'

2020-07-09 21:22:50 - [TEST_STEP][PASSED] - setText(findTestObject("IWP30/Page_VRelay30Emulator/Order"), Order): Text '' is set on object 'Object Repository/IWP30/Page_VRelay30Emulator/Order'

2020-07-09 21:22:51 - [MESSAGE][PASSED] - Text '' is set on object 'Object Repository/IWP30/Page_VRelay30Emulator/Order'

2020-07-09 21:22:51 - [TEST_STEP][PASSED] - setText(findTestObject("IWP30/Page_VRelay30Emulator/Company"), CompanyName): Text '' is set on object 'Object Repository/IWP30/Page_VRelay30Emulator/Company'

2020-07-09 21:22:51 - [MESSAGE][PASSED] - Text '' is set on object 'Object Repository/IWP30/Page_VRelay30Emulator/Company'

2020-07-09 21:22:51 - [TEST_STEP][PASSED] - setText(findTestObject("IWP30/Page_VRelay30Emulator/Email"), Email): Text '' is set on object 'Object Repository/IWP30/Page_VRelay30Emulator/Email'

2020-07-09 21:22:52 - [MESSAGE][PASSED] - Text '' is set on object 'Object Repository/IWP30/Page_VRelay30Emulator/Email'

2020-07-09 21:22:52 - [TEST_STEP][PASSED] - setText(findTestObject("IWP30/Page_VRelay30Emulator/UDF1"), UDF1): Text '' is set on object 'Object Repository/IWP30/Page_VRelay30Emulator/UDF1'

2020-07-09 21:22:53 - [MESSAGE][PASSED] - Text '' is set on object 'Object Repository/IWP30/Page_VRelay30Emulator/UDF1'

2020-07-09 21:22:53 - [TEST_STEP][PASSED] - setText(findTestObject("IWP30/Page_VRelay30Emulator/UDF2"), UDF2): Text '' is set on object 'Object Repository/IWP30/Page_VRelay30Emulator/UDF2'

2020-07-09 21:22:53 - [MESSAGE][PASSED] - Text '' is set on object 'Object Repository/IWP30/Page_VRelay30Emulator/UDF2'

2020-07-09 21:22:53 - [TEST_STEP][PASSED] - setText(findTestObject("IWP30/Page_VRelay30Emulator/UDF3"), UDF3): Text '' is set on object 'Object Repository/IWP30/Page_VRelay30Emulator/UDF3'

2020-07-09 21:22:54 - [MESSAGE][PASSED] - Text '' is set on object 'Object Repository/IWP30/Page_VRelay30Emulator/UDF3'

2020-07-09 21:22:54 - [TEST_STEP][PASSED] - setText(findTestObject("IWP30/Page_VRelay30Emulator/UDF4"), UDF4): Text 'udf data 4' is set on object 'Object Repository/IWP30/Page_VRelay30Emulator/UDF4'

2020-07-09 21:22:55 - [MESSAGE][PASSED] - Text 'udf data 4' is set on object 'Object Repository/IWP30/Page_VRelay30Emulator/UDF4'

2020-07-09 21:22:55 - [TEST_STEP][PASSED] - setText(findTestObject("IWP30/Page_VRelay30Emulator/UDF5"), UDF5): Text 'udf data 5' is set on object 'Object Repository/IWP30/Page_VRelay30Emulator/UDF5'

2020-07-09 21:22:56 - [MESSAGE][PASSED] - Text 'udf data 5' is set on object 'Object Repository/IWP30/Page_VRelay30Emulator/UDF5'

2020-07-09 21:22:56 - [TEST_STEP][PASSED] - setText(findTestObject("IWP30/Page_VRelay30Emulator/UDF6"), UDF6): Text '' is set on object 'Object Repository/IWP30/Page_VRelay30Emulator/UDF6'

2020-07-09 21:22:56 - [MESSAGE][PASSED] - Text '' is set on object 'Object Repository/IWP30/Page_VRelay30Emulator/UDF6'

2020-07-09 21:22:56 - [TEST_STEP][PASSED] - setText(findTestObject("IWP30/Page_VRelay30Emulator/UDF7"), UDF7): Text '' is set on object 'Object Repository/IWP30/Page_VRelay30Emulator/UDF7'

2020-07-09 21:22:57 - [MESSAGE][PASSED] - Text '' is set on object 'Object Repository/IWP30/Page_VRelay30Emulator/UDF7'

2020-07-09 21:22:57 - [TEST_STEP][PASSED] - setText(findTestObject("IWP30/Page_VRelay30Emulator/UDF8"), UDF8): Text '' is set on object 'Object Repository/IWP30/Page_VRelay30Emulator/UDF8'

2020-07-09 21:22:58 - [MESSAGE][PASSED] - Text '' is set on object 'Object Repository/IWP30/Page_VRelay30Emulator/UDF8'

2020-07-09 21:22:58 - [TEST_STEP][PASSED] - setText(findTestObject("IWP30/Page_VRelay30Emulator/UDF9"), UDF9): Text 'udf data 9' is set on object 'Object Repository/IWP30/Page_VRelay30Emulator/UDF9'

2020-07-09 21:22:58 - [MESSAGE][PASSED] - Text 'udf data 9' is set on object 'Object Repository/IWP30/Page_VRelay30Emulator/UDF9'

2020-07-09 21:22:58 - [TEST_STEP][PASSED] - setText(findTestObject("IWP30/Page_VRelay30Emulator/UDF10"), UDF10): Text 'udf data 10' is set on object 'Object Repository/IWP30/Page_VRelay30Emulator/UDF10'

2020-07-09 21:22:59 - [MESSAGE][PASSED] - Text 'udf data 10' is set on object 'Object Repository/IWP30/Page_VRelay30Emulator/UDF10'

2020-07-09 21:22:59 - [TEST_STEP][PASSED] - Thread.sleep(5000): null

2020-07-09 21:23:04 - [TEST_STEP][PASSED] - click(findTestObject("IWP30/Page_VRelay30Emulator/Submit")): Object: 'Object Repository/IWP30/Page_VRelay30Emulator/Submit' is clicked on

2020-07-09 21:23:05 - [MESSAGE][PASSED] - Object: 'Object Repository/IWP30/Page_VRelay30Emulator/Submit' is clicked on

2020-07-09 21:23:05 - [TEST_STEP][PASSED] - closeBrowser(): Browser is closed

2020-07-09 21:23:05 - [MESSAGE][PASSED] - Browser is closed

2020-07-09 21:23:05 - [TEST_STEP][PASSED] - openBrowser("https://dev-algorithm.govolution.com/vrelaytest/QA/version_2_2/vrelaytest.html"): Browser is opened with url: 'https://dev-algorithm.govolution.com/vrelaytest/QA/version_2_2/vrelaytest.html'

2020-07-09 21:23:05 - [MESSAGE][INFO] - Starting 'Chrome' driver

2020-07-09 21:23:05 - [MESSAGE][INFO] - User set preference: ['acceptInsecureCerts', 'true']

2020-07-09 21:23:05 - [MESSAGE][INFO] - Action delay is set to 0 milliseconds

2020-07-09 21:23:10 - [MESSAGE][PASSED] - Browser is opened with url: 'https://dev-algorithm.govolution.com/vrelaytest/QA/version_2_2/vrelaytest.html'

2020-07-09 21:23:10 - [TEST_STEP][PASSED] - maximizeWindow(): Current window maximized

2020-07-09 21:23:10 - [MESSAGE][PASSED] - Current window maximized

2020-07-09 21:23:10 - [TEST_STEP][PASSED] - genRemIDVoid = RandomStringUtils.random(12, true, true): null

2020-07-09 21:23:10 - [TEST_STEP][PASSED] - if (verifyElementPresent(findTestObject("Object Repository/IWP30/Page_QATestHarness/RemittanceID"), 30)): null

2020-07-09 21:23:10 - [MESSAGE][PASSED] - Object 'Object Repository/IWP30/Page_QATestHarness/RemittanceID' is present

2020-07-09 21:23:10 - [TEST_STEP][PASSED] - println("We are on Test Harness page, start populating"): null

2020-07-09 21:23:10 - [TEST_STEP][PASSED] - setText(findTestObject("Object Repository/IWP30/Page_QATestHarness/ApplicationID"), AppID): Text '649' is set on object 'Object Repository/IWP30/Page_QATestHarness/ApplicationID'

2020-07-09 21:23:11 - [MESSAGE][PASSED] - Text '649' is set on object 'Object Repository/IWP30/Page_QATestHarness/ApplicationID'

2020-07-09 21:23:11 - [TEST_STEP][PASSED] - setText(findTestObject("Object Repository/IWP30/Page_QATestHarness/MessageVersion"), MessageVersion): Text '3.0' is set on object 'Object Repository/IWP30/Page_QATestHarness/MessageVersion'

2020-07-09 21:23:12 - [MESSAGE][PASSED] - Text '3.0' is set on object 'Object Repository/IWP30/Page_QATestHarness/MessageVersion'

2020-07-09 21:23:12 - [TEST_STEP][PASSED] - setText(findTestObject("Object Repository/IWP30/Page_QATestHarness/RemittanceID"), genRemIDVoid): Text 'D9lGEkvxrQ3s' is set on object 'Object Repository/IWP30/Page_QATestHarness/RemittanceID'

2020-07-09 21:23:12 - [MESSAGE][PASSED] - Text 'D9lGEkvxrQ3s' is set on object 'Object Repository/IWP30/Page_QATestHarness/RemittanceID'

2020-07-09 21:23:12 - [TEST_STEP][PASSED] - click(findTestObject("Object Repository/IWP30/Page_QATestHarness/SubmitButton")): Object: 'Object Repository/IWP30/Page_QATestHarness/SubmitButton' is clicked on

2020-07-09 21:23:14 - [MESSAGE][PASSED] - Object: 'Object Repository/IWP30/Page_QATestHarness/SubmitButton' is clicked on

2020-07-09 21:23:14 - [TEST_STEP][PASSED] - if (verifyElementPresent(findTestObject("Object Repository/IWP30/Page_SelectPaymentMethod/PayByCreditCard"), 30)): null

2020-07-09 21:23:14 - [MESSAGE][PASSED] - Object 'Object Repository/IWP30/Page_SelectPaymentMethod/PayByCreditCard' is present

2020-07-09 21:23:14 - [TEST_STEP][PASSED] - println("We are on Select Payment Method page, start populating"): null

2020-07-09 21:23:14 - [TEST_STEP][PASSED] - check(findTestObject("Object Repository/IWP30/Page_SelectPaymentMethod/PayByCreditCard")): Object 'Object Repository/IWP30/Page_SelectPaymentMethod/PayByCreditCard' is checked

2020-07-09 21:23:14 - [MESSAGE][PASSED] - Object 'Object Repository/IWP30/Page_SelectPaymentMethod/PayByCreditCard' is checked

2020-07-09 21:23:14 - [TEST_STEP][PASSED] - Thread.sleep(1000): null

2020-07-09 21:23:15 - [TEST_STEP][PASSED] - click(findTestObject("Object Repository/IWP30/Page_SelectPaymentMethod/MakePaymentButton")): Object: 'Object Repository/IWP30/Page_SelectPaymentMethod/MakePaymentButton' is clicked on

2020-07-09 21:23:16 - [MESSAGE][PASSED] - Object: 'Object Repository/IWP30/Page_SelectPaymentMethod/MakePaymentButton' is clicked on

2020-07-09 21:23:16 - [TEST_STEP][PASSED] - if (verifyElementPresent(findTestObject("Object Repository/IWP30/Page_CCPaymentEntry/Name"), 30)): null

2020-07-09 21:23:17 - [MESSAGE][PASSED] - Object 'Object Repository/IWP30/Page_CCPaymentEntry/Name' is present

2020-07-09 21:23:17 - [TEST_STEP][PASSED] - println("We are on Credit Card Payment Entry page, start populating"): null

2020-07-09 21:23:17 - [TEST_STEP][PASSED] - if (verifyElementPresent(findTestObject("Object Repository/IWP30/Page_CCPaymentEntry/Amount"), 30)): null

2020-07-09 21:23:17 - [MESSAGE][PASSED] - Object 'Object Repository/IWP30/Page_CCPaymentEntry/Amount' is present

2020-07-09 21:23:17 - [TEST_STEP][PASSED] - if (!(CCAmount.isEmpty())): Text '20.50' is set on object 'Object Repository/IWP30/Page_CCPaymentEntry/Amount'

2020-07-09 21:23:17 - [TEST_STEP][PASSED] - setText(findTestObject("Object Repository/IWP30/Page_CCPaymentEntry/Amount"), CCAmount): Text '20.50' is set on object 'Object Repository/IWP30/Page_CCPaymentEntry/Amount'

2020-07-09 21:23:18 - [MESSAGE][PASSED] - Text '20.50' is set on object 'Object Repository/IWP30/Page_CCPaymentEntry/Amount'

2020-07-09 21:23:18 - [TEST_STEP][PASSED] - if (verifyElementPresent(findTestObject("Object Repository/IWP30/Page_CCPaymentEntry/UserDefined2"), 30)): null

2020-07-09 21:23:18 - [MESSAGE][PASSED] - Object 'Object Repository/IWP30/Page_CCPaymentEntry/UserDefined2' is present

2020-07-09 21:23:18 - [TEST_STEP][PASSED] - if (!(CCUDF2.isEmpty())): Text 'Number 2' is set on object 'Object Repository/IWP30/Page_CCPaymentEntry/UserDefined2'

2020-07-09 21:23:18 - [TEST_STEP][PASSED] - setText(findTestObject("Object Repository/IWP30/Page_CCPaymentEntry/UserDefined2"), CCUDF2): Text 'Number 2' is set on object 'Object Repository/IWP30/Page_CCPaymentEntry/UserDefined2'

2020-07-09 21:23:19 - [MESSAGE][PASSED] - Text 'Number 2' is set on object 'Object Repository/IWP30/Page_CCPaymentEntry/UserDefined2'

2020-07-09 21:23:19 - [TEST_STEP][PASSED] - if (verifyElementPresent(findTestObject("Object Repository/IWP30/Page_CCPaymentEntry/UserDefined3"), 30)): null

2020-07-09 21:23:19 - [MESSAGE][PASSED] - Object 'Object Repository/IWP30/Page_CCPaymentEntry/UserDefined3' is present

2020-07-09 21:23:19 - [TEST_STEP][PASSED] - if (!(CCUDF3.isEmpty())): Text 'Number 3' is set on object 'Object Repository/IWP30/Page_CCPaymentEntry/UserDefined3'

2020-07-09 21:23:19 - [TEST_STEP][PASSED] - setText(findTestObject("Object Repository/IWP30/Page_CCPaymentEntry/UserDefined3"), CCUDF3): Text 'Number 3' is set on object 'Object Repository/IWP30/Page_CCPaymentEntry/UserDefined3'

2020-07-09 21:23:20 - [MESSAGE][PASSED] - Text 'Number 3' is set on object 'Object Repository/IWP30/Page_CCPaymentEntry/UserDefined3'

2020-07-09 21:23:20 - [TEST_STEP][PASSED] - if (verifyElementPresent(findTestObject("Object Repository/IWP30/Page_CCPaymentEntry/UserDefined7"), 30)): null

2020-07-09 21:23:20 - [MESSAGE][PASSED] - Object 'Object Repository/IWP30/Page_CCPaymentEntry/UserDefined7' is present

2020-07-09 21:23:20 - [TEST_STEP][PASSED] - if (!(CCUDF7.isEmpty())): All options with label 'Orange' are selected in object 'Object Repository/IWP30/Page_CCPaymentEntry/UserDefined7' 

2020-07-09 21:23:20 - [TEST_STEP][PASSED] - selectOptionByLabel(findTestObject("Object Repository/IWP30/Page_CCPaymentEntry/UserDefined7"), CCUDF7, false): All options with label 'Orange' are selected in object 'Object Repository/IWP30/Page_CCPaymentEntry/UserDefined7' 

2020-07-09 21:23:21 - [MESSAGE][PASSED] - All options with label 'Orange' are selected in object 'Object Repository/IWP30/Page_CCPaymentEntry/UserDefined7' 

2020-07-09 21:23:21 - [TEST_STEP][PASSED] - if (verifyElementPresent(findTestObject("Object Repository/IWP30/Page_CCPaymentEntry/UserDefined8"), 30)): null

2020-07-09 21:23:21 - [MESSAGE][PASSED] - Object 'Object Repository/IWP30/Page_CCPaymentEntry/UserDefined8' is present

2020-07-09 21:23:21 - [TEST_STEP][PASSED] - if (!(CCUDF8.isEmpty())): All options with label 'Tennis' are selected in object 'Object Repository/IWP30/Page_CCPaymentEntry/UserDefined8' 

2020-07-09 21:23:21 - [TEST_STEP][PASSED] - selectOptionByLabel(findTestObject("Object Repository/IWP30/Page_CCPaymentEntry/UserDefined8"), CCUDF8, false): All options with label 'Tennis' are selected in object 'Object Repository/IWP30/Page_CCPaymentEntry/UserDefined8' 

2020-07-09 21:23:22 - [MESSAGE][PASSED] - All options with label 'Tennis' are selected in object 'Object Repository/IWP30/Page_CCPaymentEntry/UserDefined8' 

2020-07-09 21:23:22 - [TEST_STEP][PASSED] - if (verifyElementPresent(findTestObject("Object Repository/IWP30/Page_CCPaymentEntry/Name"), 30)): null

2020-07-09 21:23:22 - [MESSAGE][PASSED] - Object 'Object Repository/IWP30/Page_CCPaymentEntry/Name' is present

2020-07-09 21:23:22 - [TEST_STEP][PASSED] - if (!(CCName.isEmpty())): Text 'Mera Naam' is set on object 'Object Repository/IWP30/Page_CCPaymentEntry/Name'

2020-07-09 21:23:22 - [TEST_STEP][PASSED] - setText(findTestObject("Object Repository/IWP30/Page_CCPaymentEntry/Name"), CCName): Text 'Mera Naam' is set on object 'Object Repository/IWP30/Page_CCPaymentEntry/Name'

2020-07-09 21:23:23 - [MESSAGE][PASSED] - Text 'Mera Naam' is set on object 'Object Repository/IWP30/Page_CCPaymentEntry/Name'

2020-07-09 21:23:23 - [TEST_STEP][PASSED] - if (verifyElementPresent(findTestObject("Object Repository/IWP30/Page_CCPaymentEntry/CardNumber"), 30)): null

2020-07-09 21:23:23 - [MESSAGE][PASSED] - Object 'Object Repository/IWP30/Page_CCPaymentEntry/CardNumber' is present

2020-07-09 21:23:23 - [TEST_STEP][PASSED] - if (!(CCCardNum.isEmpty())): Text '4111111111111111' is set on object 'Object Repository/IWP30/Page_CCPaymentEntry/CardNumber'

2020-07-09 21:23:23 - [TEST_STEP][PASSED] - setText(findTestObject("Object Repository/IWP30/Page_CCPaymentEntry/CardNumber"), CCCardNum): Text '4111111111111111' is set on object 'Object Repository/IWP30/Page_CCPaymentEntry/CardNumber'

2020-07-09 21:23:24 - [MESSAGE][PASSED] - Text '4111111111111111' is set on object 'Object Repository/IWP30/Page_CCPaymentEntry/CardNumber'

2020-07-09 21:23:24 - [TEST_STEP][PASSED] - if (verifyElementPresent(findTestObject("Object Repository/IWP30/Page_CCPaymentEntry/SPC"), 30)): null

2020-07-09 21:23:24 - [MESSAGE][PASSED] - Object 'Object Repository/IWP30/Page_CCPaymentEntry/SPC' is present

2020-07-09 21:23:24 - [TEST_STEP][PASSED] - if (!(CCSPC.isEmpty())): Text '123' is set on object 'Object Repository/IWP30/Page_CCPaymentEntry/SPC'

2020-07-09 21:23:24 - [TEST_STEP][PASSED] - setText(findTestObject("Object Repository/IWP30/Page_CCPaymentEntry/SPC"), CCSPC): Text '123' is set on object 'Object Repository/IWP30/Page_CCPaymentEntry/SPC'

2020-07-09 21:23:25 - [MESSAGE][PASSED] - Text '123' is set on object 'Object Repository/IWP30/Page_CCPaymentEntry/SPC'

2020-07-09 21:23:25 - [TEST_STEP][PASSED] - if (verifyElementPresent(findTestObject("Object Repository/IWP30/Page_CCPaymentEntry/Month"), 30)): null

2020-07-09 21:23:25 - [MESSAGE][PASSED] - Object 'Object Repository/IWP30/Page_CCPaymentEntry/Month' is present

2020-07-09 21:23:25 - [TEST_STEP][PASSED] - if (!(CCExpM.isEmpty())): All options with label '09' are selected in object 'Object Repository/IWP30/Page_CCPaymentEntry/Month' 

2020-07-09 21:23:25 - [TEST_STEP][PASSED] - selectOptionByLabel(findTestObject("Object Repository/IWP30/Page_CCPaymentEntry/Month"), CCExpM, false): All options with label '09' are selected in object 'Object Repository/IWP30/Page_CCPaymentEntry/Month' 

2020-07-09 21:23:26 - [MESSAGE][PASSED] - All options with label '09' are selected in object 'Object Repository/IWP30/Page_CCPaymentEntry/Month' 

2020-07-09 21:23:26 - [TEST_STEP][PASSED] - if (verifyElementPresent(findTestObject("Object Repository/IWP30/Page_CCPaymentEntry/Year"), 30)): null

2020-07-09 21:23:26 - [MESSAGE][PASSED] - Object 'Object Repository/IWP30/Page_CCPaymentEntry/Year' is present

2020-07-09 21:23:26 - [TEST_STEP][PASSED] - if (!(CCExpY.isEmpty())): All options with label '2023' are selected in object 'Object Repository/IWP30/Page_CCPaymentEntry/Year' 

2020-07-09 21:23:26 - [TEST_STEP][PASSED] - selectOptionByLabel(findTestObject("Object Repository/IWP30/Page_CCPaymentEntry/Year"), CCExpY, false): All options with label '2023' are selected in object 'Object Repository/IWP30/Page_CCPaymentEntry/Year' 

2020-07-09 21:23:27 - [MESSAGE][PASSED] - All options with label '2023' are selected in object 'Object Repository/IWP30/Page_CCPaymentEntry/Year' 

2020-07-09 21:23:27 - [TEST_STEP][PASSED] - if (verifyElementPresent(findTestObject("Object Repository/IWP30/Page_CCPaymentEntry/ProcessDate"), 30)): null

2020-07-09 21:23:27 - [MESSAGE][PASSED] - Object 'Object Repository/IWP30/Page_CCPaymentEntry/ProcessDate' is present

2020-07-09 21:23:27 - [TEST_STEP][PASSED] - if (!(CCDate.isEmpty())): null

2020-07-09 21:23:27 - [TEST_STEP][PASSED] - else: null

2020-07-09 21:23:27 - [TEST_STEP][PASSED] - println("CCDate is not present in the Excel Spreadsheet"): null

2020-07-09 21:23:27 - [TEST_STEP][PASSED] - if (verifyElementPresent(findTestObject("Object Repository/IWP30/Page_CCPaymentEntry/AL1"), 30)): null

2020-07-09 21:23:27 - [MESSAGE][PASSED] - Object 'Object Repository/IWP30/Page_CCPaymentEntry/AL1' is present

2020-07-09 21:23:27 - [TEST_STEP][PASSED] - if (!(CCAL1.isEmpty())): Text 'Mera AL1' is set on object 'Object Repository/IWP30/Page_CCPaymentEntry/AL1'

2020-07-09 21:23:27 - [TEST_STEP][PASSED] - setText(findTestObject("Object Repository/IWP30/Page_CCPaymentEntry/AL1"), CCAL1): Text 'Mera AL1' is set on object 'Object Repository/IWP30/Page_CCPaymentEntry/AL1'

2020-07-09 21:23:28 - [MESSAGE][PASSED] - Text 'Mera AL1' is set on object 'Object Repository/IWP30/Page_CCPaymentEntry/AL1'

2020-07-09 21:23:28 - [TEST_STEP][PASSED] - if (verifyElementPresent(findTestObject("Object Repository/IWP30/Page_CCPaymentEntry/AL2"), 30)): null

2020-07-09 21:23:28 - [MESSAGE][PASSED] - Object 'Object Repository/IWP30/Page_CCPaymentEntry/AL2' is present

2020-07-09 21:23:28 - [TEST_STEP][PASSED] - if (!(CCAL2.isEmpty())): Text 'Mera AL2' is set on object 'Object Repository/IWP30/Page_CCPaymentEntry/AL2'

2020-07-09 21:23:28 - [TEST_STEP][PASSED] - setText(findTestObject("Object Repository/IWP30/Page_CCPaymentEntry/AL2"), CCAL2): Text 'Mera AL2' is set on object 'Object Repository/IWP30/Page_CCPaymentEntry/AL2'

2020-07-09 21:23:29 - [MESSAGE][PASSED] - Text 'Mera AL2' is set on object 'Object Repository/IWP30/Page_CCPaymentEntry/AL2'

2020-07-09 21:23:29 - [TEST_STEP][PASSED] - if (verifyElementPresent(findTestObject("Object Repository/IWP30/Page_CCPaymentEntry/ZIP"), 30)): null

2020-07-09 21:23:29 - [MESSAGE][PASSED] - Object 'Object Repository/IWP30/Page_CCPaymentEntry/ZIP' is present

2020-07-09 21:23:29 - [TEST_STEP][PASSED] - if (!(CCZIP.isEmpty())): Text '21054' is set on object 'Object Repository/IWP30/Page_CCPaymentEntry/ZIP'

2020-07-09 21:23:29 - [TEST_STEP][PASSED] - setText(findTestObject("Object Repository/IWP30/Page_CCPaymentEntry/ZIP"), CCZIP): Text '21054' is set on object 'Object Repository/IWP30/Page_CCPaymentEntry/ZIP'

2020-07-09 21:23:30 - [MESSAGE][PASSED] - Text '21054' is set on object 'Object Repository/IWP30/Page_CCPaymentEntry/ZIP'

2020-07-09 21:23:30 - [TEST_STEP][PASSED] - if (verifyElementPresent(findTestObject("Object Repository/IWP30/Page_CCPaymentEntry/EmailAddress"), 30)): null

2020-07-09 21:23:30 - [MESSAGE][PASSED] - Object 'Object Repository/IWP30/Page_CCPaymentEntry/EmailAddress' is present

2020-07-09 21:23:30 - [TEST_STEP][PASSED] - if (!(CCEmail.isEmpty())): Text 'merae@gmail.com' is set on object 'Object Repository/IWP30/Page_CCPaymentEntry/EmailAddress'

2020-07-09 21:23:30 - [TEST_STEP][PASSED] - setText(findTestObject("Object Repository/IWP30/Page_CCPaymentEntry/EmailAddress"), CCEmail): Text 'merae@gmail.com' is set on object 'Object Repository/IWP30/Page_CCPaymentEntry/EmailAddress'

2020-07-09 21:23:31 - [MESSAGE][PASSED] - Text 'merae@gmail.com' is set on object 'Object Repository/IWP30/Page_CCPaymentEntry/EmailAddress'

2020-07-09 21:23:31 - [TEST_STEP][PASSED] - if (verifyElementPresent(findTestObject("Object Repository/IWP30/Page_CCPaymentEntry/TermCondCheckBox"), 30)): null

2020-07-09 21:23:32 - [MESSAGE][PASSED] - Object 'Object Repository/IWP30/Page_CCPaymentEntry/TermCondCheckBox' is present

2020-07-09 21:23:32 - [TEST_STEP][PASSED] - check(findTestObject("Object Repository/IWP30/Page_CCPaymentEntry/TermCondCheckBox")): Object 'Object Repository/IWP30/Page_CCPaymentEntry/TermCondCheckBox' is checked

2020-07-09 21:23:32 - [MESSAGE][PASSED] - Object 'Object Repository/IWP30/Page_CCPaymentEntry/TermCondCheckBox' is checked

2020-07-09 21:23:32 - [TEST_STEP][PASSED] - if (verifyElementPresent(findTestObject("Object Repository/IWP30/Page_CCPaymentEntry/ContinueButton"), 30)): null

2020-07-09 21:23:32 - [MESSAGE][PASSED] - Object 'Object Repository/IWP30/Page_CCPaymentEntry/ContinueButton' is present

2020-07-09 21:23:32 - [TEST_STEP][PASSED] - click(findTestObject("Object Repository/IWP30/Page_CCPaymentEntry/ContinueButton")): Object: 'Object Repository/IWP30/Page_CCPaymentEntry/ContinueButton' is clicked on

2020-07-09 21:23:33 - [MESSAGE][PASSED] - Object: 'Object Repository/IWP30/Page_CCPaymentEntry/ContinueButton' is clicked on

2020-07-09 21:23:33 - [TEST_STEP][PASSED] - if (verifyTextPresent("Please verify the following information", false)): null

2020-07-09 21:23:34 - [MESSAGE][PASSED] - Text 'Please verify the following information' is present on page 

2020-07-09 21:23:34 - [TEST_STEP][PASSED] - println("Please verify the following information text is present on the Confirmation page"): null

2020-07-09 21:23:34 - [TEST_STEP][PASSED] - if (verifyTextPresent("Is this information correct?", false)): null

2020-07-09 21:23:34 - [MESSAGE][PASSED] - Text 'Is this information correct?' is present on page 

2020-07-09 21:23:34 - [TEST_STEP][PASSED] - println("Is this information correct text is present on the Confirmation page"): null

2020-07-09 21:23:34 - [TEST_STEP][PASSED] - if (verifyElementPresent(findTestObject("Object Repository/IWP30/Page_Confirmation/ConfirmButton"), 30)): null

2020-07-09 21:23:35 - [MESSAGE][PASSED] - Object 'Object Repository/IWP30/Page_Confirmation/ConfirmButton' is present

2020-07-09 21:23:35 - [TEST_STEP][PASSED] - click(findTestObject("Object Repository/IWP30/Page_Confirmation/ConfirmButton")): Object: 'Object Repository/IWP30/Page_Confirmation/ConfirmButton' is clicked on

2020-07-09 21:23:36 - [MESSAGE][PASSED] - Object: 'Object Repository/IWP30/Page_Confirmation/ConfirmButton' is clicked on

2020-07-09 21:23:36 - [TEST_STEP][PASSED] - Thread.sleep(10000): null

2020-07-09 21:23:46 - [TEST_STEP][PASSED] - if (verifyTextPresent("Successful Payment Receipt", false)): null

2020-07-09 21:23:46 - [MESSAGE][PASSED] - Text 'Successful Payment Receipt' is present on page 

2020-07-09 21:23:46 - [TEST_STEP][PASSED] - println("Successful Payment Receipt text is present on the Receipt page"): null

2020-07-09 21:23:46 - [TEST_STEP][PASSED] - if (verifyTextPresent("Please print this receipt for your records", false)): null

2020-07-09 21:23:46 - [MESSAGE][PASSED] - Text 'Please print this receipt for your records' is present on page 

2020-07-09 21:23:46 - [TEST_STEP][PASSED] - println("Please print this receipt for your records text is present on the Receipt page"): null

2020-07-09 21:23:46 - [TEST_STEP][PASSED] - if (verifyElementPresent(findTestObject("Object Repository/IWP30/Page_Receipt/ExitButton"), 30)): null

2020-07-09 21:23:47 - [MESSAGE][PASSED] - Object 'Object Repository/IWP30/Page_Receipt/ExitButton' is present

2020-07-09 21:23:47 - [TEST_STEP][PASSED] - println("Exit Button is present on the Receipt page"): null]]></system-out>
         <system-err><![CDATA[]]></system-err>
      </testcase>
      <system-out><![CDATA[2020-07-09 21:22:31 - [TEST_SUITE][PASSED] - IWP30 Smoke TestSuite: Test Cases/IntegratedWeb/IWP30/PayNowReqFieldsCC]]></system-out>
      <system-err><![CDATA[]]></system-err>
   </testsuite>
</testsuites>
